<?xml version="1.0" encoding="UTF-8"?>
<robot generator="Robot 7.0 (Python 3.12.3 on linux)" generated="2024-04-18T21:12:32.450291" rpa="false" schemaversion="5">
<suite id="s1" name="Tests" source="/home/runner/work/DesafioQAItauRogerioJordao/DesafioQAItauRogerioJordao/RamdonUser/tests">
<suite id="s1-s1" name="Random-User-Test" source="/home/runner/work/DesafioQAItauRogerioJordao/DesafioQAItauRogerioJordao/RamdonUser/tests/random-user-test.robot">
<test id="s1-s1-t1" name="Conectar" line="13">
<kw name="Conectar API" owner="random-user-service">
<kw name="Create Session" owner="RequestsLibrary">
<msg time="2024-04-18T21:12:32.832766" level="INFO">Creating Session using : alias=consultarAPI, url=https://randomuser.me/, headers={},                     cookies={}, auth=None, timeout=None, proxies=None, verify=False,                     debug=0 </msg>
<arg>consultarAPI</arg>
<arg>${URL}</arg>
<doc>Create Session: create a HTTP session to a server</doc>
<status status="PASS" start="2024-04-18T21:12:32.832549" elapsed="0.000412"/>
</kw>
<status status="PASS" start="2024-04-18T21:12:32.831535" elapsed="0.001806"/>
</kw>
<status status="PASS" start="2024-04-18T21:12:32.830891" elapsed="0.002653"/>
</test>
<test id="s1-s1-t2" name="Validar retorno 200 e JSON Válido" line="16">
<kw name="Teste de Requisicao Basica" owner="random-user-service">
<kw name="GET On Session" owner="RequestsLibrary">
<msg time="2024-04-18T21:12:32.955718" level="INFO">GET Request : url=https://randomuser.me/api 
 path_url=/api 
 headers={'User-Agent': 'python-requests/2.31.0', 'Accept-Encoding': 'gzip, deflate', 'Accept': '*/*', 'Connection': 'keep-alive'} 
 body=None 
 </msg>
<msg time="2024-04-18T21:12:32.955888" level="INFO">GET Response : url=https://randomuser.me/api 
 status=200, reason=OK 
 headers={'Date': 'Thu, 18 Apr 2024 21:12:32 GMT', 'Content-Type': 'application/json; charset=utf-8', 'Transfer-Encoding': 'chunked', 'Connection': 'keep-alive', 'X-Powered-By': 'Express', 'Access-Control-Allow-Origin': '*', 'Cache-Control': 'no-cache', 'ETag': 'W/"488-8UtFiYhOgz/O1hl2MPsbF7jt6a0"', 'Vary': 'Accept-Encoding', 'Content-Encoding': 'gzip', 'CF-Cache-Status': 'DYNAMIC', 'Report-To': '{"endpoints":[{"url":"https:\\/\\/a.nel.cloudflare.com\\/report\\/v4?s=XBQY9S6nCA7j%2FzNZrTyawJHNd8g6Aa5iJ%2FLl8q%2F2afFSoi%2FoWi7gCUffkG9gC4lsHB35wuUsRlm%2FEs%2FF8AXecXa%2BOvUCTSfehc1SOEuTQEJiq9b%2F%2F2I%2FSlVjXA%2Bx9rGP"}],"group":"cf-nel","max_age":604800}', 'NEL': '{"success_fraction":0,"report_to":"cf-nel","max_age":604800}', 'Server': 'cloudflare', 'CF-RAY': '8767a7557dd715a2-SJC', 'alt-svc': 'h3=":443"; ma=86400'} 
 body={"results":[{"gender":"female","name":{"title":"Ms","first":"Sandy","last":"Wehner"},"location":{"street":{"number":8244,"name":"Brunnenstraße"},"city":"Schopfheim","state":"Baden-Württemberg","country":"Germany","postcode":39575,"coordinates":{"latitude":"-51.5799","longitude":"45.7659"},"timezone":{"offset":"+4:30","description":"Kabul"}},"email":"sandy.wehner@example.com","login":{"uuid":"defad2c0-5a1e-4e9e-8489-ab175b3a6a39","username":"organicmouse753","password":"luther","salt":"Mg46L3Ws","md5":"2d22b837b64bac3b30971b9b91458fc3","sha1":"ef1847492cd0e11859f9f26a1f9dc42a0da55a62","sha256":"dc34b56932399ea3cf01e86eb64665df927d37d6afbfa5dd60ced9e75dbd7594"},"dob":{"date":"1950-03-22T10:51:02.642Z","age":74},"registered":{"date":"2012-04-20T21:14:47.800Z","age":11},"phone":"0726-3625045","cell":"0178-3616937","id":{"name":"SVNR","value":"55 220350 W 959"},"picture":{"large":"https://randomuser.me/api/portraits/women/33.jpg","medium":"https://randomuser.me/api/portraits/med/women/33.jpg","thumbnail":"https://randomuser.me/api/portraits/thumb/women/33.jpg"},"nat":"DE"}],"info":{"seed":"735db2a81d15b33d","results":1,"page":1,"version":"1.4"}} 
 </msg>
<msg time="2024-04-18T21:12:32.955989" level="INFO">/opt/hostedtoolcache/Python/3.12.3/x64/lib/python3.12/site-packages/urllib3/connectionpool.py:1103: InsecureRequestWarning: Unverified HTTPS request is being made to host 'randomuser.me'. Adding certificate verification is strongly advised. See: https://urllib3.readthedocs.io/en/latest/advanced-usage.html#tls-warnings
  warnings.warn(</msg>
<msg time="2024-04-18T21:12:32.956136" level="INFO">${response} = &lt;Response [200]&gt;</msg>
<var>${response}</var>
<arg>consultarAPI</arg>
<arg>/api</arg>
<doc>Sends a GET request on a previously created HTTP Session.</doc>
<status status="PASS" start="2024-04-18T21:12:32.836236" elapsed="0.119942"/>
</kw>
<kw name="Should Be Equal As Numbers" owner="BuiltIn">
<msg time="2024-04-18T21:12:32.957259" level="INFO">Argument types are:
&lt;class 'int'&gt;
&lt;class 'str'&gt;</msg>
<arg>${response.status_code}</arg>
<arg>200</arg>
<doc>Fails if objects are unequal after converting them to real numbers.</doc>
<status status="PASS" start="2024-04-18T21:12:32.956765" elapsed="0.000565"/>
</kw>
<kw name="Log" owner="BuiltIn">
<msg time="2024-04-18T21:12:32.958098" level="INFO">200</msg>
<arg>${response.status_code}</arg>
<doc>Logs the given message with the given level.</doc>
<status status="PASS" start="2024-04-18T21:12:32.957720" elapsed="0.000422"/>
</kw>
<kw name="Set Variable" owner="BuiltIn">
<msg time="2024-04-18T21:12:32.958933" level="INFO">${json_data} = {'results': [{'gender': 'female', 'name': {'title': 'Ms', 'first': 'Sandy', 'last': 'Wehner'}, 'location': {'street': {'number': 8244, 'name': 'Brunnenstraße'}, 'city': 'Schopfheim', 'state': 'Baden-W...</msg>
<var>${json_data}</var>
<arg>${response.json()}</arg>
<doc>Returns the given values which can then be assigned to a variables.</doc>
<status status="PASS" start="2024-04-18T21:12:32.958466" elapsed="0.000497"/>
</kw>
<kw name="Dictionary Should Contain Key" owner="Collections">
<msg time="2024-04-18T21:12:32.959472" level="INFO">False</msg>
<arg>${json_data}</arg>
<arg>results</arg>
<doc>Fails if ``key`` is not found from ``dictionary``.</doc>
<status status="PASS" start="2024-04-18T21:12:32.959299" elapsed="0.000213"/>
</kw>
<status status="PASS" start="2024-04-18T21:12:32.835979" elapsed="0.123800"/>
</kw>
<doc>Testa se a API responde corretamente e retorna um objeto JSON válido.</doc>
<tag>testeRequisicaoBasica</tag>
<status status="PASS" start="2024-04-18T21:12:32.835488" elapsed="0.124481"/>
</test>
<test id="s1-s1-t3" name="Validar estrutura de resposta" line="22">
<kw name="Teste de Estrutura de Resposta" owner="random-user-service">
<kw name="GET On Session" owner="RequestsLibrary">
<msg time="2024-04-18T21:12:33.060826" level="INFO">GET Request : url=https://randomuser.me/api 
 path_url=/api 
 headers={'User-Agent': 'python-requests/2.31.0', 'Accept-Encoding': 'gzip, deflate', 'Accept': '*/*', 'Connection': 'keep-alive'} 
 body=None 
 </msg>
<msg time="2024-04-18T21:12:33.060926" level="INFO">GET Response : url=https://randomuser.me/api 
 status=200, reason=OK 
 headers={'Date': 'Thu, 18 Apr 2024 21:12:33 GMT', 'Content-Type': 'application/json; charset=utf-8', 'Transfer-Encoding': 'chunked', 'Connection': 'keep-alive', 'X-Powered-By': 'Express', 'Access-Control-Allow-Origin': '*', 'Cache-Control': 'no-cache', 'ETag': 'W/"48f-t19PGEkhf7jzsYDEgFLwm/askng"', 'Vary': 'Accept-Encoding', 'Content-Encoding': 'gzip', 'CF-Cache-Status': 'DYNAMIC', 'Report-To': '{"endpoints":[{"url":"https:\\/\\/a.nel.cloudflare.com\\/report\\/v4?s=obMI0WUi3FwI0KB9jiYUMwk%2BqbO6m4AzEgPVlgwlo3A2s4Wz7B%2BTYcW1rr1Cp4T3W64EF0sRJjaEr%2BOSDhpz1FAUSxvgUQTwXlWsk7i8mHOp0s8xTkvfNaM7uoWr8uIo"}],"group":"cf-nel","max_age":604800}', 'NEL': '{"success_fraction":0,"report_to":"cf-nel","max_age":604800}', 'Server': 'cloudflare', 'CF-RAY': '8767a7560e7815a2-SJC', 'alt-svc': 'h3=":443"; ma=86400'} 
 body={"results":[{"gender":"female","name":{"title":"Mrs","first":"Jasna","last":"Ćirić"},"location":{"street":{"number":2484,"name":"Vrbeštička"},"city":"Ruma","state":"South Banat","country":"Serbia","postcode":66440,"coordinates":{"latitude":"59.3537","longitude":"72.5171"},"timezone":{"offset":"-6:00","description":"Central Time (US &amp; Canada), Mexico City"}},"email":"jasna.ciric@example.com","login":{"uuid":"51733fbc-aa41-4572-8ce5-32a10773cbe2","username":"greenduck258","password":"thisisit","salt":"PqguBiHW","md5":"085de0f319afca1176aa86a6c7db58cb","sha1":"a5f789f6d8aff4fc248123cbc3111b9acbf5c319","sha256":"0fdad3ad7f0c56de30f82764007ee3b113f3020ee7af636a0bcebbdffe954ed1"},"dob":{"date":"1983-03-10T13:38:29.233Z","age":41},"registered":{"date":"2003-09-02T15:38:11.759Z","age":20},"phone":"024-2778-144","cell":"063-3216-419","id":{"name":"SID","value":"213170055"},"picture":{"large":"https://randomuser.me/api/portraits/women/0.jpg","medium":"https://randomuser.me/api/portraits/med/women/0.jpg","thumbnail":"https://randomuser.me/api/portraits/thumb/women/0.jpg"},"nat":"RS"}],"info":{"seed":"4abc04e427f302bb","results":1,"page":1,"version":"1.4"}} 
 </msg>
<msg time="2024-04-18T21:12:33.061057" level="INFO">/opt/hostedtoolcache/Python/3.12.3/x64/lib/python3.12/site-packages/urllib3/connectionpool.py:1103: InsecureRequestWarning: Unverified HTTPS request is being made to host 'randomuser.me'. Adding certificate verification is strongly advised. See: https://urllib3.readthedocs.io/en/latest/advanced-usage.html#tls-warnings
  warnings.warn(</msg>
<msg time="2024-04-18T21:12:33.061194" level="INFO">${response} = &lt;Response [200]&gt;</msg>
<var>${response}</var>
<arg>consultarAPI</arg>
<arg>/api</arg>
<doc>Sends a GET request on a previously created HTTP Session.</doc>
<status status="PASS" start="2024-04-18T21:12:32.962630" elapsed="0.098605"/>
</kw>
<kw name="Set Variable" owner="BuiltIn">
<msg time="2024-04-18T21:12:33.062424" level="INFO">${json_data} = {'results': [{'gender': 'female', 'name': {'title': 'Mrs', 'first': 'Jasna', 'last': 'Ćirić'}, 'location': {'street': {'number': 2484, 'name': 'Vrbeštička'}, 'city': 'Ruma', 'state': 'South Banat', 'c...</msg>
<var>${json_data}</var>
<arg>${response.json()}</arg>
<doc>Returns the given values which can then be assigned to a variables.</doc>
<status status="PASS" start="2024-04-18T21:12:33.061851" elapsed="0.000605"/>
</kw>
<kw name="Log" owner="BuiltIn">
<msg time="2024-04-18T21:12:33.062980" level="INFO">{'results': [{'gender': 'female', 'name': {'title': 'Mrs', 'first': 'Jasna', 'last': 'Ćirić'}, 'location': {'street': {'number': 2484, 'name': 'Vrbeštička'}, 'city': 'Ruma', 'state': 'South Banat', 'country': 'Serbia', 'postcode': 66440, 'coordinates': {'latitude': '59.3537', 'longitude': '72.5171'}, 'timezone': {'offset': '-6:00', 'description': 'Central Time (US &amp; Canada), Mexico City'}}, 'email': 'jasna.ciric@example.com', 'login': {'uuid': '51733fbc-aa41-4572-8ce5-32a10773cbe2', 'username': 'greenduck258', 'password': 'thisisit', 'salt': 'PqguBiHW', 'md5': '085de0f319afca1176aa86a6c7db58cb', 'sha1': 'a5f789f6d8aff4fc248123cbc3111b9acbf5c319', 'sha256': '0fdad3ad7f0c56de30f82764007ee3b113f3020ee7af636a0bcebbdffe954ed1'}, 'dob': {'date': '1983-03-10T13:38:29.233Z', 'age': 41}, 'registered': {'date': '2003-09-02T15:38:11.759Z', 'age': 20}, 'phone': '024-2778-144', 'cell': '063-3216-419', 'id': {'name': 'SID', 'value': '213170055'}, 'picture': {'large': 'https://randomuser.me/api/portraits/women/0.jpg', 'medium': 'https://randomuser.me/api/portraits/med/women/0.jpg', 'thumbnail': 'https://randomuser.me/api/portraits/thumb/women/0.jpg'}, 'nat': 'RS'}], 'info': {'seed': '4abc04e427f302bb', 'results': 1, 'page': 1, 'version': '1.4'}}</msg>
<arg>${json_data}</arg>
<doc>Logs the given message with the given level.</doc>
<status status="PASS" start="2024-04-18T21:12:33.062806" elapsed="0.000229"/>
</kw>
<kw name="Dictionary Should Contain Key" owner="Collections">
<msg time="2024-04-18T21:12:33.063557" level="INFO">False</msg>
<arg>${json_data}</arg>
<arg>results</arg>
<doc>Fails if ``key`` is not found from ``dictionary``.</doc>
<status status="PASS" start="2024-04-18T21:12:33.063388" elapsed="0.000207"/>
</kw>
<kw name="Should Not Be Empty" owner="BuiltIn">
<msg time="2024-04-18T21:12:33.064037" level="INFO">Length is 2.</msg>
<arg>${json_data}</arg>
<doc>Verifies that the given item is not empty.</doc>
<status status="PASS" start="2024-04-18T21:12:33.063895" elapsed="0.000183"/>
</kw>
<kw name="Create List" owner="BuiltIn">
<msg time="2024-04-18T21:12:33.064692" level="INFO">${expected_keys} = ['gender', 'name', 'location', 'email', 'login']</msg>
<var>${expected_keys}</var>
<arg>gender</arg>
<arg>name</arg>
<arg>location</arg>
<arg>email</arg>
<arg>login</arg>
<doc>Returns a list containing given items.</doc>
<status status="PASS" start="2024-04-18T21:12:33.064371" elapsed="0.000347"/>
</kw>
<for flavor="IN">
<iter>
<kw name="Dictionary Should Contain Key" owner="Collections">
<msg time="2024-04-18T21:12:33.065787" level="INFO">False</msg>
<arg>${json_data['results'][0]}</arg>
<arg>${key}</arg>
<doc>Fails if ``key`` is not found from ``dictionary``.</doc>
<status status="PASS" start="2024-04-18T21:12:33.065354" elapsed="0.000473"/>
</kw>
<kw name="Log" owner="BuiltIn">
<msg time="2024-04-18T21:12:33.066533" level="INFO">{'gender': 'female', 'name': {'title': 'Mrs', 'first': 'Jasna', 'last': 'Ćirić'}, 'location': {'street': {'number': 2484, 'name': 'Vrbeštička'}, 'city': 'Ruma', 'state': 'South Banat', 'country': 'Serbia', 'postcode': 66440, 'coordinates': {'latitude': '59.3537', 'longitude': '72.5171'}, 'timezone': {'offset': '-6:00', 'description': 'Central Time (US &amp; Canada), Mexico City'}}, 'email': 'jasna.ciric@example.com', 'login': {'uuid': '51733fbc-aa41-4572-8ce5-32a10773cbe2', 'username': 'greenduck258', 'password': 'thisisit', 'salt': 'PqguBiHW', 'md5': '085de0f319afca1176aa86a6c7db58cb', 'sha1': 'a5f789f6d8aff4fc248123cbc3111b9acbf5c319', 'sha256': '0fdad3ad7f0c56de30f82764007ee3b113f3020ee7af636a0bcebbdffe954ed1'}, 'dob': {'date': '1983-03-10T13:38:29.233Z', 'age': 41}, 'registered': {'date': '2003-09-02T15:38:11.759Z', 'age': 20}, 'phone': '024-2778-144', 'cell': '063-3216-419', 'id': {'name': 'SID', 'value': '213170055'}, 'picture': {'large': 'https://randomuser.me/api/portraits/women/0.jpg', 'medium': 'https://randomuser.me/api/portraits/med/women/0.jpg', 'thumbnail': 'https://randomuser.me/api/portraits/thumb/women/0.jpg'}, 'nat': 'RS'}</msg>
<arg>${json_data['results'][0]}</arg>
<doc>Logs the given message with the given level.</doc>
<status status="PASS" start="2024-04-18T21:12:33.066151" elapsed="0.000435"/>
</kw>
<kw name="Log" owner="BuiltIn">
<msg time="2024-04-18T21:12:33.067020" level="INFO">gender</msg>
<arg>${key}</arg>
<doc>Logs the given message with the given level.</doc>
<status status="PASS" start="2024-04-18T21:12:33.066892" elapsed="0.000166"/>
</kw>
<var name="${key}">gender</var>
<status status="PASS" start="2024-04-18T21:12:33.065223" elapsed="0.002078"/>
</iter>
<iter>
<kw name="Dictionary Should Contain Key" owner="Collections">
<msg time="2024-04-18T21:12:33.068019" level="INFO">False</msg>
<arg>${json_data['results'][0]}</arg>
<arg>${key}</arg>
<doc>Fails if ``key`` is not found from ``dictionary``.</doc>
<status status="PASS" start="2024-04-18T21:12:33.067614" elapsed="0.000443"/>
</kw>
<kw name="Log" owner="BuiltIn">
<msg time="2024-04-18T21:12:33.068750" level="INFO">{'gender': 'female', 'name': {'title': 'Mrs', 'first': 'Jasna', 'last': 'Ćirić'}, 'location': {'street': {'number': 2484, 'name': 'Vrbeštička'}, 'city': 'Ruma', 'state': 'South Banat', 'country': 'Serbia', 'postcode': 66440, 'coordinates': {'latitude': '59.3537', 'longitude': '72.5171'}, 'timezone': {'offset': '-6:00', 'description': 'Central Time (US &amp; Canada), Mexico City'}}, 'email': 'jasna.ciric@example.com', 'login': {'uuid': '51733fbc-aa41-4572-8ce5-32a10773cbe2', 'username': 'greenduck258', 'password': 'thisisit', 'salt': 'PqguBiHW', 'md5': '085de0f319afca1176aa86a6c7db58cb', 'sha1': 'a5f789f6d8aff4fc248123cbc3111b9acbf5c319', 'sha256': '0fdad3ad7f0c56de30f82764007ee3b113f3020ee7af636a0bcebbdffe954ed1'}, 'dob': {'date': '1983-03-10T13:38:29.233Z', 'age': 41}, 'registered': {'date': '2003-09-02T15:38:11.759Z', 'age': 20}, 'phone': '024-2778-144', 'cell': '063-3216-419', 'id': {'name': 'SID', 'value': '213170055'}, 'picture': {'large': 'https://randomuser.me/api/portraits/women/0.jpg', 'medium': 'https://randomuser.me/api/portraits/med/women/0.jpg', 'thumbnail': 'https://randomuser.me/api/portraits/thumb/women/0.jpg'}, 'nat': 'RS'}</msg>
<arg>${json_data['results'][0]}</arg>
<doc>Logs the given message with the given level.</doc>
<status status="PASS" start="2024-04-18T21:12:33.068378" elapsed="0.000425"/>
</kw>
<kw name="Log" owner="BuiltIn">
<msg time="2024-04-18T21:12:33.069229" level="INFO">name</msg>
<arg>${key}</arg>
<doc>Logs the given message with the given level.</doc>
<status status="PASS" start="2024-04-18T21:12:33.069101" elapsed="0.000165"/>
</kw>
<var name="${key}">name</var>
<status status="PASS" start="2024-04-18T21:12:33.067497" elapsed="0.001983"/>
</iter>
<iter>
<kw name="Dictionary Should Contain Key" owner="Collections">
<msg time="2024-04-18T21:12:33.070157" level="INFO">False</msg>
<arg>${json_data['results'][0]}</arg>
<arg>${key}</arg>
<doc>Fails if ``key`` is not found from ``dictionary``.</doc>
<status status="PASS" start="2024-04-18T21:12:33.069775" elapsed="0.000420"/>
</kw>
<kw name="Log" owner="BuiltIn">
<msg time="2024-04-18T21:12:33.070875" level="INFO">{'gender': 'female', 'name': {'title': 'Mrs', 'first': 'Jasna', 'last': 'Ćirić'}, 'location': {'street': {'number': 2484, 'name': 'Vrbeštička'}, 'city': 'Ruma', 'state': 'South Banat', 'country': 'Serbia', 'postcode': 66440, 'coordinates': {'latitude': '59.3537', 'longitude': '72.5171'}, 'timezone': {'offset': '-6:00', 'description': 'Central Time (US &amp; Canada), Mexico City'}}, 'email': 'jasna.ciric@example.com', 'login': {'uuid': '51733fbc-aa41-4572-8ce5-32a10773cbe2', 'username': 'greenduck258', 'password': 'thisisit', 'salt': 'PqguBiHW', 'md5': '085de0f319afca1176aa86a6c7db58cb', 'sha1': 'a5f789f6d8aff4fc248123cbc3111b9acbf5c319', 'sha256': '0fdad3ad7f0c56de30f82764007ee3b113f3020ee7af636a0bcebbdffe954ed1'}, 'dob': {'date': '1983-03-10T13:38:29.233Z', 'age': 41}, 'registered': {'date': '2003-09-02T15:38:11.759Z', 'age': 20}, 'phone': '024-2778-144', 'cell': '063-3216-419', 'id': {'name': 'SID', 'value': '213170055'}, 'picture': {'large': 'https://randomuser.me/api/portraits/women/0.jpg', 'medium': 'https://randomuser.me/api/portraits/med/women/0.jpg', 'thumbnail': 'https://randomuser.me/api/portraits/thumb/women/0.jpg'}, 'nat': 'RS'}</msg>
<arg>${json_data['results'][0]}</arg>
<doc>Logs the given message with the given level.</doc>
<status status="PASS" start="2024-04-18T21:12:33.070496" elapsed="0.000431"/>
</kw>
<kw name="Log" owner="BuiltIn">
<msg time="2024-04-18T21:12:33.071390" level="INFO">location</msg>
<arg>${key}</arg>
<doc>Logs the given message with the given level.</doc>
<status status="PASS" start="2024-04-18T21:12:33.071261" elapsed="0.000167"/>
</kw>
<var name="${key}">location</var>
<status status="PASS" start="2024-04-18T21:12:33.069663" elapsed="0.001979"/>
</iter>
<iter>
<kw name="Dictionary Should Contain Key" owner="Collections">
<msg time="2024-04-18T21:12:33.072311" level="INFO">False</msg>
<arg>${json_data['results'][0]}</arg>
<arg>${key}</arg>
<doc>Fails if ``key`` is not found from ``dictionary``.</doc>
<status status="PASS" start="2024-04-18T21:12:33.071920" elapsed="0.000428"/>
</kw>
<kw name="Log" owner="BuiltIn">
<msg time="2024-04-18T21:12:33.073003" level="INFO">{'gender': 'female', 'name': {'title': 'Mrs', 'first': 'Jasna', 'last': 'Ćirić'}, 'location': {'street': {'number': 2484, 'name': 'Vrbeštička'}, 'city': 'Ruma', 'state': 'South Banat', 'country': 'Serbia', 'postcode': 66440, 'coordinates': {'latitude': '59.3537', 'longitude': '72.5171'}, 'timezone': {'offset': '-6:00', 'description': 'Central Time (US &amp; Canada), Mexico City'}}, 'email': 'jasna.ciric@example.com', 'login': {'uuid': '51733fbc-aa41-4572-8ce5-32a10773cbe2', 'username': 'greenduck258', 'password': 'thisisit', 'salt': 'PqguBiHW', 'md5': '085de0f319afca1176aa86a6c7db58cb', 'sha1': 'a5f789f6d8aff4fc248123cbc3111b9acbf5c319', 'sha256': '0fdad3ad7f0c56de30f82764007ee3b113f3020ee7af636a0bcebbdffe954ed1'}, 'dob': {'date': '1983-03-10T13:38:29.233Z', 'age': 41}, 'registered': {'date': '2003-09-02T15:38:11.759Z', 'age': 20}, 'phone': '024-2778-144', 'cell': '063-3216-419', 'id': {'name': 'SID', 'value': '213170055'}, 'picture': {'large': 'https://randomuser.me/api/portraits/women/0.jpg', 'medium': 'https://randomuser.me/api/portraits/med/women/0.jpg', 'thumbnail': 'https://randomuser.me/api/portraits/thumb/women/0.jpg'}, 'nat': 'RS'}</msg>
<arg>${json_data['results'][0]}</arg>
<doc>Logs the given message with the given level.</doc>
<status status="PASS" start="2024-04-18T21:12:33.072643" elapsed="0.000412"/>
</kw>
<kw name="Log" owner="BuiltIn">
<msg time="2024-04-18T21:12:33.073473" level="INFO">email</msg>
<arg>${key}</arg>
<doc>Logs the given message with the given level.</doc>
<status status="PASS" start="2024-04-18T21:12:33.073347" elapsed="0.000164"/>
</kw>
<var name="${key}">email</var>
<status status="PASS" start="2024-04-18T21:12:33.071811" elapsed="0.001920"/>
</iter>
<iter>
<kw name="Dictionary Should Contain Key" owner="Collections">
<msg time="2024-04-18T21:12:33.074398" level="INFO">False</msg>
<arg>${json_data['results'][0]}</arg>
<arg>${key}</arg>
<doc>Fails if ``key`` is not found from ``dictionary``.</doc>
<status status="PASS" start="2024-04-18T21:12:33.074010" elapsed="0.000426"/>
</kw>
<kw name="Log" owner="BuiltIn">
<msg time="2024-04-18T21:12:33.075108" level="INFO">{'gender': 'female', 'name': {'title': 'Mrs', 'first': 'Jasna', 'last': 'Ćirić'}, 'location': {'street': {'number': 2484, 'name': 'Vrbeštička'}, 'city': 'Ruma', 'state': 'South Banat', 'country': 'Serbia', 'postcode': 66440, 'coordinates': {'latitude': '59.3537', 'longitude': '72.5171'}, 'timezone': {'offset': '-6:00', 'description': 'Central Time (US &amp; Canada), Mexico City'}}, 'email': 'jasna.ciric@example.com', 'login': {'uuid': '51733fbc-aa41-4572-8ce5-32a10773cbe2', 'username': 'greenduck258', 'password': 'thisisit', 'salt': 'PqguBiHW', 'md5': '085de0f319afca1176aa86a6c7db58cb', 'sha1': 'a5f789f6d8aff4fc248123cbc3111b9acbf5c319', 'sha256': '0fdad3ad7f0c56de30f82764007ee3b113f3020ee7af636a0bcebbdffe954ed1'}, 'dob': {'date': '1983-03-10T13:38:29.233Z', 'age': 41}, 'registered': {'date': '2003-09-02T15:38:11.759Z', 'age': 20}, 'phone': '024-2778-144', 'cell': '063-3216-419', 'id': {'name': 'SID', 'value': '213170055'}, 'picture': {'large': 'https://randomuser.me/api/portraits/women/0.jpg', 'medium': 'https://randomuser.me/api/portraits/med/women/0.jpg', 'thumbnail': 'https://randomuser.me/api/portraits/thumb/women/0.jpg'}, 'nat': 'RS'}</msg>
<arg>${json_data['results'][0]}</arg>
<doc>Logs the given message with the given level.</doc>
<status status="PASS" start="2024-04-18T21:12:33.074729" elapsed="0.000453"/>
</kw>
<kw name="Log" owner="BuiltIn">
<msg time="2024-04-18T21:12:33.075609" level="INFO">login</msg>
<arg>${key}</arg>
<doc>Logs the given message with the given level.</doc>
<status status="PASS" start="2024-04-18T21:12:33.075484" elapsed="0.000164"/>
</kw>
<var name="${key}">login</var>
<status status="PASS" start="2024-04-18T21:12:33.073902" elapsed="0.001983"/>
</iter>
<var>${key}</var>
<value>@{expected_keys}</value>
<status status="PASS" start="2024-04-18T21:12:33.065004" elapsed="0.011004"/>
</for>
<kw name="Create List" owner="BuiltIn">
<msg time="2024-04-18T21:12:33.076338" level="INFO">${expected_keysTwo} = ['username', 'password']</msg>
<var>${expected_keysTwo}</var>
<arg>username</arg>
<arg>password</arg>
<doc>Returns a list containing given items.</doc>
<status status="PASS" start="2024-04-18T21:12:33.076202" elapsed="0.000160"/>
</kw>
<for flavor="IN">
<iter>
<kw name="Dictionary Should Contain Key" owner="Collections">
<msg time="2024-04-18T21:12:33.077250" level="INFO">False</msg>
<arg>${json_data['results'][0]['login']}</arg>
<arg>${keyTwo}</arg>
<doc>Fails if ``key`` is not found from ``dictionary``.</doc>
<status status="PASS" start="2024-04-18T21:12:33.076864" elapsed="0.000423"/>
</kw>
<kw name="Dictionary Should Contain Key" owner="Collections">
<msg time="2024-04-18T21:12:33.077955" level="INFO">False</msg>
<arg>${json_data['results'][0]['login']}</arg>
<arg>${keyTwo}</arg>
<doc>Fails if ``key`` is not found from ``dictionary``.</doc>
<status status="PASS" start="2024-04-18T21:12:33.077579" elapsed="0.000413"/>
</kw>
<kw name="Log" owner="BuiltIn">
<msg time="2024-04-18T21:12:33.078406" level="INFO">username</msg>
<arg>${keyTwo}</arg>
<doc>Logs the given message with the given level.</doc>
<status status="PASS" start="2024-04-18T21:12:33.078282" elapsed="0.000176"/>
</kw>
<var name="${keyTwo}">username</var>
<status status="PASS" start="2024-04-18T21:12:33.076756" elapsed="0.001915"/>
</iter>
<iter>
<kw name="Dictionary Should Contain Key" owner="Collections">
<msg time="2024-04-18T21:12:33.079386" level="INFO">False</msg>
<arg>${json_data['results'][0]['login']}</arg>
<arg>${keyTwo}</arg>
<doc>Fails if ``key`` is not found from ``dictionary``.</doc>
<status status="PASS" start="2024-04-18T21:12:33.078960" elapsed="0.000469"/>
</kw>
<kw name="Dictionary Should Contain Key" owner="Collections">
<msg time="2024-04-18T21:12:33.080184" level="INFO">False</msg>
<arg>${json_data['results'][0]['login']}</arg>
<arg>${keyTwo}</arg>
<doc>Fails if ``key`` is not found from ``dictionary``.</doc>
<status status="PASS" start="2024-04-18T21:12:33.079722" elapsed="0.000500"/>
</kw>
<kw name="Log" owner="BuiltIn">
<msg time="2024-04-18T21:12:33.080643" level="INFO">password</msg>
<arg>${keyTwo}</arg>
<doc>Logs the given message with the given level.</doc>
<status status="PASS" start="2024-04-18T21:12:33.080516" elapsed="0.000176"/>
</kw>
<var name="${keyTwo}">password</var>
<status status="PASS" start="2024-04-18T21:12:33.078842" elapsed="0.002082"/>
</iter>
<var>${keyTwo}</var>
<value>@{expected_keysTwo}</value>
<status status="PASS" start="2024-04-18T21:12:33.076600" elapsed="0.004445"/>
</for>
<status status="PASS" start="2024-04-18T21:12:32.962383" elapsed="0.118806"/>
</kw>
<doc>Testa a estrutura da resposta da API.</doc>
<tag>testeEstruturaResposta</tag>
<status status="PASS" start="2024-04-18T21:12:32.961827" elapsed="0.119522"/>
</test>
<test id="s1-s1-t4" name="Validar tipos de dados" line="28">
<kw name="Teste de Tipos de Dados" owner="random-user-service">
<kw name="GET On Session" owner="RequestsLibrary">
<msg time="2024-04-18T21:12:33.167726" level="INFO">GET Request : url=https://randomuser.me/api 
 path_url=/api 
 headers={'User-Agent': 'python-requests/2.31.0', 'Accept-Encoding': 'gzip, deflate', 'Accept': '*/*', 'Connection': 'keep-alive'} 
 body=None 
 </msg>
<msg time="2024-04-18T21:12:33.167818" level="INFO">GET Response : url=https://randomuser.me/api 
 status=200, reason=OK 
 headers={'Date': 'Thu, 18 Apr 2024 21:12:33 GMT', 'Content-Type': 'application/json; charset=utf-8', 'Transfer-Encoding': 'chunked', 'Connection': 'keep-alive', 'X-Powered-By': 'Express', 'Access-Control-Allow-Origin': '*', 'Cache-Control': 'no-cache', 'ETag': 'W/"4a0-dZp7sZ+W0ttdYmnC5OTYWqDiTfY"', 'Vary': 'Accept-Encoding', 'Content-Encoding': 'gzip', 'CF-Cache-Status': 'DYNAMIC', 'Report-To': '{"endpoints":[{"url":"https:\\/\\/a.nel.cloudflare.com\\/report\\/v4?s=z7ZZ%2B1R8uvQMNR%2FZ4EatniJN%2BiERPQleB11w0qVqmwcHDSRntfi90BAbnu71cnhzYOD508UmJ48IXRUmZ8hF0E%2FhVd7VdhuLXZmgbd6m1Fa1gmJZiBUlBeOmpFZxbUIb"}],"group":"cf-nel","max_age":604800}', 'NEL': '{"success_fraction":0,"report_to":"cf-nel","max_age":604800}', 'Server': 'cloudflare', 'CF-RAY': '8767a756cf1c15a2-SJC', 'alt-svc': 'h3=":443"; ma=86400'} 
 body={"results":[{"gender":"female","name":{"title":"Miss","first":"Katherine","last":"Owens"},"location":{"street":{"number":4338,"name":"The Avenue"},"city":"Winchester","state":"Hertfordshire","country":"United Kingdom","postcode":"C48 7YF","coordinates":{"latitude":"-6.8199","longitude":"114.3624"},"timezone":{"offset":"-12:00","description":"Eniwetok, Kwajalein"}},"email":"katherine.owens@example.com","login":{"uuid":"8a206df7-a7c1-4bbb-89d5-d9c93959b787","username":"goldensnake619","password":"summer99","salt":"EXgSSTdM","md5":"a44a6d18800c5b48e132d6fe1cd8233a","sha1":"476d21d78cdc5bfbf5eb6fc56926446cdcb2b920","sha256":"d427edd591e3036a57295dcb681fd8af23680ba899446aad54527f191daa1b58"},"dob":{"date":"1988-01-02T15:46:25.494Z","age":36},"registered":{"date":"2013-12-11T18:53:24.207Z","age":10},"phone":"013873 06839","cell":"07273 909236","id":{"name":"NINO","value":"MZ 61 77 26 F"},"picture":{"large":"https://randomuser.me/api/portraits/women/19.jpg","medium":"https://randomuser.me/api/portraits/med/women/19.jpg","thumbnail":"https://randomuser.me/api/portraits/thumb/women/19.jpg"},"nat":"GB"}],"info":{"seed":"21edd0efa35f671f","results":1,"page":1,"version":"1.4"}} 
 </msg>
<msg time="2024-04-18T21:12:33.167891" level="INFO">/opt/hostedtoolcache/Python/3.12.3/x64/lib/python3.12/site-packages/urllib3/connectionpool.py:1103: InsecureRequestWarning: Unverified HTTPS request is being made to host 'randomuser.me'. Adding certificate verification is strongly advised. See: https://urllib3.readthedocs.io/en/latest/advanced-usage.html#tls-warnings
  warnings.warn(</msg>
<msg time="2024-04-18T21:12:33.168010" level="INFO">${response} = &lt;Response [200]&gt;</msg>
<var>${response}</var>
<arg>consultarAPI</arg>
<arg>/api</arg>
<doc>Sends a GET request on a previously created HTTP Session.</doc>
<status status="PASS" start="2024-04-18T21:12:33.083866" elapsed="0.084184"/>
</kw>
<kw name="Set Variable" owner="BuiltIn">
<msg time="2024-04-18T21:12:33.169062" level="INFO">${json_data} = {'results': [{'gender': 'female', 'name': {'title': 'Miss', 'first': 'Katherine', 'last': 'Owens'}, 'location': {'street': {'number': 4338, 'name': 'The Avenue'}, 'city': 'Winchester', 'state': 'Hertf...</msg>
<var>${json_data}</var>
<arg>${response.json()}</arg>
<doc>Returns the given values which can then be assigned to a variables.</doc>
<status status="PASS" start="2024-04-18T21:12:33.168546" elapsed="0.000545"/>
</kw>
<kw name="Log" owner="BuiltIn">
<msg time="2024-04-18T21:12:33.169589" level="INFO">{'results': [{'gender': 'female', 'name': {'title': 'Miss', 'first': 'Katherine', 'last': 'Owens'}, 'location': {'street': {'number': 4338, 'name': 'The Avenue'}, 'city': 'Winchester', 'state': 'Hertfordshire', 'country': 'United Kingdom', 'postcode': 'C48 7YF', 'coordinates': {'latitude': '-6.8199', 'longitude': '114.3624'}, 'timezone': {'offset': '-12:00', 'description': 'Eniwetok, Kwajalein'}}, 'email': 'katherine.owens@example.com', 'login': {'uuid': '8a206df7-a7c1-4bbb-89d5-d9c93959b787', 'username': 'goldensnake619', 'password': 'summer99', 'salt': 'EXgSSTdM', 'md5': 'a44a6d18800c5b48e132d6fe1cd8233a', 'sha1': '476d21d78cdc5bfbf5eb6fc56926446cdcb2b920', 'sha256': 'd427edd591e3036a57295dcb681fd8af23680ba899446aad54527f191daa1b58'}, 'dob': {'date': '1988-01-02T15:46:25.494Z', 'age': 36}, 'registered': {'date': '2013-12-11T18:53:24.207Z', 'age': 10}, 'phone': '013873 06839', 'cell': '07273 909236', 'id': {'name': 'NINO', 'value': 'MZ 61 77 26 F'}, 'picture': {'large': 'https://randomuser.me/api/portraits/women/19.jpg', 'medium': 'https://randomuser.me/api/portraits/med/women/19.jpg', 'thumbnail': 'https://randomuser.me/api/portraits/thumb/women/19.jpg'}, 'nat': 'GB'}], 'info': {'seed': '21edd0efa35f671f', 'results': 1, 'page': 1, 'version': '1.4'}}</msg>
<arg>${json_data}</arg>
<doc>Logs the given message with the given level.</doc>
<status status="PASS" start="2024-04-18T21:12:33.169425" elapsed="0.000253"/>
</kw>
<kw name="Should Be String" owner="String">
<arg>${json_data['results'][0]['gender']}</arg>
<doc>Fails if the given ``item`` is not a string.</doc>
<status status="PASS" start="2024-04-18T21:12:33.169987" elapsed="0.000383"/>
</kw>
<kw name="Should Match Regexp" owner="BuiltIn">
<arg>${json_data['results'][0]['email']}</arg>
<arg>^[a-zA-Z0-9._%+-]+@[a-zA-Z0-9.-]+\.[a-zA-Z]{2,}$</arg>
<doc>Fails if ``string`` does not match ``pattern`` as a regular expression.</doc>
<status status="PASS" start="2024-04-18T21:12:33.170570" elapsed="0.000523"/>
</kw>
<kw name="Should Match Regexp" owner="BuiltIn">
<arg>${json_data['results'][0]['dob']['date']}</arg>
<arg>\\d{4}-\\d{2}-\\d{2}T\\d{2}:\\d{2}:\\d{2}\\.\\d{3}Z</arg>
<doc>Fails if ``string`` does not match ``pattern`` as a regular expression.</doc>
<status status="PASS" start="2024-04-18T21:12:33.171312" elapsed="0.000493"/>
</kw>
<kw name="Should Match Regexp" owner="BuiltIn">
<arg>${json_data['results'][0]['registered']['date']}</arg>
<arg>\\d{4}-\\d{2}-\\d{2}T\\d{2}:\\d{2}:\\d{2}\\.\\d{3}Z</arg>
<doc>Fails if ``string`` does not match ``pattern`` as a regular expression.</doc>
<status status="PASS" start="2024-04-18T21:12:33.171996" elapsed="0.000372"/>
</kw>
<kw name="Should Match Regexp" owner="BuiltIn">
<arg>${json_data['results'][0]['picture']['large']}</arg>
<arg>^https?://.*\.(?:png|jpe?g|gif|bmp)$</arg>
<doc>Fails if ``string`` does not match ``pattern`` as a regular expression.</doc>
<status status="PASS" start="2024-04-18T21:12:33.172554" elapsed="0.000464"/>
</kw>
<kw name="Should Match Regexp" owner="BuiltIn">
<arg>${json_data['results'][0]['picture']['medium']}</arg>
<arg>^https?://.*\.(?:png|jpe?g|gif|bmp)$</arg>
<doc>Fails if ``string`` does not match ``pattern`` as a regular expression.</doc>
<status status="PASS" start="2024-04-18T21:12:33.173205" elapsed="0.000357"/>
</kw>
<kw name="Should Match Regexp" owner="BuiltIn">
<arg>${json_data['results'][0]['picture']['thumbnail']}</arg>
<arg>^https?://.*\.(?:png|jpe?g|gif|bmp)$</arg>
<doc>Fails if ``string`` does not match ``pattern`` as a regular expression.</doc>
<status status="PASS" start="2024-04-18T21:12:33.173749" elapsed="0.000361"/>
</kw>
<kw name="Log" owner="BuiltIn">
<msg time="2024-04-18T21:12:33.174611" level="INFO">{'large': 'https://randomuser.me/api/portraits/women/19.jpg', 'medium': 'https://randomuser.me/api/portraits/med/women/19.jpg', 'thumbnail': 'https://randomuser.me/api/portraits/thumb/women/19.jpg'}</msg>
<arg>${json_data['results'][0]['picture']}</arg>
<doc>Logs the given message with the given level.</doc>
<status status="PASS" start="2024-04-18T21:12:33.174287" elapsed="0.000366"/>
</kw>
<status status="PASS" start="2024-04-18T21:12:33.083639" elapsed="0.091278"/>
</kw>
<kw name="Teste de Tipos de Dados - Postcode" owner="random-user-service">
<kw name="GET On Session" owner="RequestsLibrary">
<msg time="2024-04-18T21:12:33.269109" level="INFO">GET Request : url=https://randomuser.me/api 
 path_url=/api 
 headers={'User-Agent': 'python-requests/2.31.0', 'Accept-Encoding': 'gzip, deflate', 'Accept': '*/*', 'Connection': 'keep-alive'} 
 body=None 
 </msg>
<msg time="2024-04-18T21:12:33.269200" level="INFO">GET Response : url=https://randomuser.me/api 
 status=200, reason=OK 
 headers={'Date': 'Thu, 18 Apr 2024 21:12:33 GMT', 'Content-Type': 'application/json; charset=utf-8', 'Transfer-Encoding': 'chunked', 'Connection': 'keep-alive', 'X-Powered-By': 'Express', 'Access-Control-Allow-Origin': '*', 'Cache-Control': 'no-cache', 'ETag': 'W/"494-txgXt15aUjDUWDgcnxvE9W8Bz5g"', 'Vary': 'Accept-Encoding', 'Content-Encoding': 'gzip', 'CF-Cache-Status': 'DYNAMIC', 'Report-To': '{"endpoints":[{"url":"https:\\/\\/a.nel.cloudflare.com\\/report\\/v4?s=mWdSFpm8aBM2T4W2GWjWrDxfBb7jkuO32L3XpzC0tUXEY7vHJ76I7o2ta20RFGPXNRnAzMmsIvgWyzmRn%2FHnA63xujTOpDWIXOhI4mrSneCjUQIwFiMVW2JjeuteChoR"}],"group":"cf-nel","max_age":604800}', 'NEL': '{"success_fraction":0,"report_to":"cf-nel","max_age":604800}', 'Server': 'cloudflare', 'CF-RAY': '8767a7575fcb15a2-SJC', 'alt-svc': 'h3=":443"; ma=86400'} 
 body={"results":[{"gender":"female","name":{"title":"Mrs","first":"Olimpiada","last":"Ieromenko"},"location":{"street":{"number":9444,"name":"Mihayla Omelyanovicha-Pavlenka"},"city":"Herson","state":"Zakarpatska","country":"Ukraine","postcode":56619,"coordinates":{"latitude":"76.7909","longitude":"103.1300"},"timezone":{"offset":"-3:30","description":"Newfoundland"}},"email":"olimpiada.ieromenko@example.com","login":{"uuid":"94a5fae4-827d-4082-8516-d09d8a0957ca","username":"greensnake129","password":"aragorn","salt":"kE2dFlbu","md5":"3768e2776f04e3e63e4f657d88aded41","sha1":"3953af2b50340a72405729a0e384efccd61978e2","sha256":"45e0938dfb6bfa15ffc2a99bde3fe5ae50d43bc9cb082433c9f190e0a8d3c316"},"dob":{"date":"1979-08-07T21:04:41.010Z","age":44},"registered":{"date":"2019-10-10T11:07:12.030Z","age":4},"phone":"(097) A53-4769","cell":"(068) K05-1085","id":{"name":"","value":null},"picture":{"large":"https://randomuser.me/api/portraits/women/51.jpg","medium":"https://randomuser.me/api/portraits/med/women/51.jpg","thumbnail":"https://randomuser.me/api/portraits/thumb/women/51.jpg"},"nat":"UA"}],"info":{"seed":"6b1c956186b252d8","results":1,"page":1,"version":"1.4"}} 
 </msg>
<msg time="2024-04-18T21:12:33.269267" level="INFO">/opt/hostedtoolcache/Python/3.12.3/x64/lib/python3.12/site-packages/urllib3/connectionpool.py:1103: InsecureRequestWarning: Unverified HTTPS request is being made to host 'randomuser.me'. Adding certificate verification is strongly advised. See: https://urllib3.readthedocs.io/en/latest/advanced-usage.html#tls-warnings
  warnings.warn(</msg>
<msg time="2024-04-18T21:12:33.269388" level="INFO">${response} = &lt;Response [200]&gt;</msg>
<var>${response}</var>
<arg>consultarAPI</arg>
<arg>/api</arg>
<doc>Sends a GET request on a previously created HTTP Session.</doc>
<status status="PASS" start="2024-04-18T21:12:33.175411" elapsed="0.094017"/>
</kw>
<kw name="Set Variable" owner="BuiltIn">
<msg time="2024-04-18T21:12:33.270596" level="INFO">${json_data} = {'results': [{'gender': 'female', 'name': {'title': 'Mrs', 'first': 'Olimpiada', 'last': 'Ieromenko'}, 'location': {'street': {'number': 9444, 'name': 'Mihayla Omelyanovicha-Pavlenka'}, 'city': 'Herso...</msg>
<var>${json_data}</var>
<arg>${response.json()}</arg>
<doc>Returns the given values which can then be assigned to a variables.</doc>
<status status="PASS" start="2024-04-18T21:12:33.270013" elapsed="0.000612"/>
</kw>
<kw name="Log" owner="BuiltIn">
<msg time="2024-04-18T21:12:33.271096" level="INFO">{'results': [{'gender': 'female', 'name': {'title': 'Mrs', 'first': 'Olimpiada', 'last': 'Ieromenko'}, 'location': {'street': {'number': 9444, 'name': 'Mihayla Omelyanovicha-Pavlenka'}, 'city': 'Herson', 'state': 'Zakarpatska', 'country': 'Ukraine', 'postcode': 56619, 'coordinates': {'latitude': '76.7909', 'longitude': '103.1300'}, 'timezone': {'offset': '-3:30', 'description': 'Newfoundland'}}, 'email': 'olimpiada.ieromenko@example.com', 'login': {'uuid': '94a5fae4-827d-4082-8516-d09d8a0957ca', 'username': 'greensnake129', 'password': 'aragorn', 'salt': 'kE2dFlbu', 'md5': '3768e2776f04e3e63e4f657d88aded41', 'sha1': '3953af2b50340a72405729a0e384efccd61978e2', 'sha256': '45e0938dfb6bfa15ffc2a99bde3fe5ae50d43bc9cb082433c9f190e0a8d3c316'}, 'dob': {'date': '1979-08-07T21:04:41.010Z', 'age': 44}, 'registered': {'date': '2019-10-10T11:07:12.030Z', 'age': 4}, 'phone': '(097) A53-4769', 'cell': '(068) K05-1085', 'id': {'name': '', 'value': None}, 'picture': {'large': 'https://randomuser.me/api/portraits/women/51.jpg', 'medium': 'https://randomuser.me/api/portraits/med/women/51.jpg', 'thumbnail': 'https://randomuser.me/api/portraits/thumb/women/51.jpg'}, 'nat': 'UA'}], 'info': {'seed': '6b1c956186b252d8', 'results': 1, 'page': 1, 'version': '1.4'}}</msg>
<arg>${json_data}</arg>
<doc>Logs the given message with the given level.</doc>
<status status="PASS" start="2024-04-18T21:12:33.270942" elapsed="0.000275"/>
</kw>
<kw name="Should Be Equal As Numbers" owner="BuiltIn">
<arg>${json_data['results'][0]['location']['postcode']}</arg>
<arg>${json_data['results'][0]['location']['postcode']}</arg>
<doc>Fails if objects are unequal after converting them to real numbers.</doc>
<status status="PASS" start="2024-04-18T21:12:33.271530" elapsed="0.000779"/>
</kw>
<kw name="Log" owner="BuiltIn">
<msg time="2024-04-18T21:12:33.272834" level="INFO">56619</msg>
<arg>${json_data['results'][0]['location']['postcode']}</arg>
<doc>Logs the given message with the given level.</doc>
<status status="PASS" start="2024-04-18T21:12:33.272499" elapsed="0.000374"/>
</kw>
<status status="PASS" start="2024-04-18T21:12:33.175171" elapsed="0.097958"/>
</kw>
<doc>Testa se os tipos de dados na resposta da API estão corretos.</doc>
<tag>testeTiposDados</tag>
<status status="PASS" start="2024-04-18T21:12:33.083161" elapsed="0.190135"/>
</test>
<test id="s1-s1-t5" name="Validar conteudo" line="35">
<kw name="Teste de Tipos de Conteudo" owner="random-user-service">
<kw name="GET On Session" owner="RequestsLibrary">
<msg time="2024-04-18T21:12:33.368779" level="INFO">GET Request : url=https://randomuser.me/api 
 path_url=/api 
 headers={'User-Agent': 'python-requests/2.31.0', 'Accept-Encoding': 'gzip, deflate', 'Accept': '*/*', 'Connection': 'keep-alive'} 
 body=None 
 </msg>
<msg time="2024-04-18T21:12:33.368890" level="INFO">GET Response : url=https://randomuser.me/api 
 status=200, reason=OK 
 headers={'Date': 'Thu, 18 Apr 2024 21:12:33 GMT', 'Content-Type': 'application/json; charset=utf-8', 'Transfer-Encoding': 'chunked', 'Connection': 'keep-alive', 'X-Powered-By': 'Express', 'Access-Control-Allow-Origin': '*', 'Cache-Control': 'no-cache', 'ETag': 'W/"486-0xAagGj7ivjA/4kUkPFt6wBRHug"', 'Vary': 'Accept-Encoding', 'Content-Encoding': 'gzip', 'CF-Cache-Status': 'DYNAMIC', 'Report-To': '{"endpoints":[{"url":"https:\\/\\/a.nel.cloudflare.com\\/report\\/v4?s=yMotmddohM0iWmma6Ju%2FAEB2wjqR0w8LjwGL9S1LxV4xhVtRtBoLhrU5o736bTPoAYWXCylfHZu8T1Oitcf7xRiXkYo2Kb%2F1ZRzZFeEHuRan2%2BHPZ0bawckrq0WAit0c"}],"group":"cf-nel","max_age":604800}', 'NEL': '{"success_fraction":0,"report_to":"cf-nel","max_age":604800}', 'Server': 'cloudflare', 'CF-RAY': '8767a757f87b15a2-SJC', 'alt-svc': 'h3=":443"; ma=86400'} 
 body={"results":[{"gender":"female","name":{"title":"Ms","first":"Izolda","last":"Ilić"},"location":{"street":{"number":2660,"name":"Makiška"},"city":"Alibunar","state":"Mačva","country":"Serbia","postcode":71484,"coordinates":{"latitude":"57.9030","longitude":"42.7871"},"timezone":{"offset":"-3:00","description":"Brazil, Buenos Aires, Georgetown"}},"email":"izolda.ilic@example.com","login":{"uuid":"53c54704-a833-4819-a013-c08653fef7ca","username":"brownpeacock114","password":"anthrax","salt":"HlnIgMya","md5":"c6e4ca6198075b4ac4e8ee04ee9f29c2","sha1":"3c58c101d1325b4cf0539b309b313501a7e9d72b","sha256":"0d4572fe79abaefa291f6cb7854d7483780a6d91cf9377d8f7f2857609005c95"},"dob":{"date":"1973-12-29T03:03:34.901Z","age":50},"registered":{"date":"2010-12-02T09:13:22.013Z","age":13},"phone":"019-9947-640","cell":"065-7114-851","id":{"name":"SID","value":"051012426"},"picture":{"large":"https://randomuser.me/api/portraits/women/30.jpg","medium":"https://randomuser.me/api/portraits/med/women/30.jpg","thumbnail":"https://randomuser.me/api/portraits/thumb/women/30.jpg"},"nat":"RS"}],"info":{"seed":"297cb10b3783ad3f","results":1,"page":1,"version":"1.4"}} 
 </msg>
<msg time="2024-04-18T21:12:33.368978" level="INFO">/opt/hostedtoolcache/Python/3.12.3/x64/lib/python3.12/site-packages/urllib3/connectionpool.py:1103: InsecureRequestWarning: Unverified HTTPS request is being made to host 'randomuser.me'. Adding certificate verification is strongly advised. See: https://urllib3.readthedocs.io/en/latest/advanced-usage.html#tls-warnings
  warnings.warn(</msg>
<msg time="2024-04-18T21:12:33.369114" level="INFO">${response} = &lt;Response [200]&gt;</msg>
<var>${response}</var>
<arg>consultarAPI</arg>
<arg>/api</arg>
<doc>Sends a GET request on a previously created HTTP Session.</doc>
<status status="PASS" start="2024-04-18T21:12:33.275834" elapsed="0.093315"/>
</kw>
<kw name="Set Variable" owner="BuiltIn">
<msg time="2024-04-18T21:12:33.370354" level="INFO">${json_data} = {'results': [{'gender': 'female', 'name': {'title': 'Ms', 'first': 'Izolda', 'last': 'Ilić'}, 'location': {'street': {'number': 2660, 'name': 'Makiška'}, 'city': 'Alibunar', 'state': 'Mačva', 'country...</msg>
<var>${json_data}</var>
<arg>${response.json()}</arg>
<doc>Returns the given values which can then be assigned to a variables.</doc>
<status status="PASS" start="2024-04-18T21:12:33.369778" elapsed="0.000606"/>
</kw>
<kw name="Set Variable" owner="BuiltIn">
<msg time="2024-04-18T21:12:33.371083" level="INFO">${name_title} = Ms</msg>
<var>${name_title}</var>
<arg>${json_data["results"][0]["name"]["title"]}</arg>
<doc>Returns the given values which can then be assigned to a variables.</doc>
<status status="PASS" start="2024-04-18T21:12:33.370696" elapsed="0.000412"/>
</kw>
<kw name="Create List" owner="BuiltIn">
<msg time="2024-04-18T21:12:33.371606" level="INFO">${allowed_titles} = ['Mr', 'Ms', 'Miss', 'Mrs', 'Madame', 'Monsieur']</msg>
<var>${allowed_titles}</var>
<arg>Mr</arg>
<arg>Ms</arg>
<arg>Miss</arg>
<arg>Mrs</arg>
<arg>Madame</arg>
<arg>Monsieur</arg>
<doc>Returns a list containing given items.</doc>
<status status="PASS" start="2024-04-18T21:12:33.371458" elapsed="0.000172"/>
</kw>
<kw name="List Should Contain Value" owner="Collections">
<msg time="2024-04-18T21:12:33.372098" level="INFO">False</msg>
<arg>${allowed_titles}</arg>
<arg>${name_title}</arg>
<doc>Fails if the ``value`` is not found from ``list``.</doc>
<status status="PASS" start="2024-04-18T21:12:33.371925" elapsed="0.000210"/>
</kw>
<kw name="Set Variable" owner="BuiltIn">
<msg time="2024-04-18T21:12:33.372795" level="INFO">${name_country} = RS</msg>
<var>${name_country}</var>
<arg>${json_data["results"][0]["nat"]}</arg>
<doc>Returns the given values which can then be assigned to a variables.</doc>
<status status="PASS" start="2024-04-18T21:12:33.372422" elapsed="0.000398"/>
</kw>
<kw name="Create List" owner="BuiltIn">
<msg time="2024-04-18T21:12:33.373710" level="INFO">${list_country} = ['AD', 'AE', 'AF', 'AG', 'AI', 'AL', 'AM', 'AO', 'AQ', 'AR', 'AS', 'AT', 'AU', 'AW', 'AX', 'AZ', 'BA', 'BB', 'BD', 'BE', 'BF', 'BG', 'BH', 'BI', 'BJ', 'BL', 'BM', 'BN', 'BO', 'BQ', 'BR', 'BS', 'BT', '...</msg>
<var>${list_country}</var>
<arg>AD</arg>
<arg>AE</arg>
<arg>AF</arg>
<arg>AG</arg>
<arg>AI</arg>
<arg>AL</arg>
<arg>AM</arg>
<arg>AO</arg>
<arg>AQ</arg>
<arg>AR</arg>
<arg>AS</arg>
<arg>AT</arg>
<arg>AU</arg>
<arg>AW</arg>
<arg>AX</arg>
<arg>AZ</arg>
<arg>BA</arg>
<arg>BB</arg>
<arg>BD</arg>
<arg>BE</arg>
<arg>BF</arg>
<arg>BG</arg>
<arg>BH</arg>
<arg>BI</arg>
<arg>BJ</arg>
<arg>BL</arg>
<arg>BM</arg>
<arg>BN</arg>
<arg>BO</arg>
<arg>BQ</arg>
<arg>BR</arg>
<arg>BS</arg>
<arg>BT</arg>
<arg>BV</arg>
<arg>BW</arg>
<arg>BY</arg>
<arg>BZ</arg>
<arg>CA</arg>
<arg>CC</arg>
<arg>CD</arg>
<arg>CF</arg>
<arg>CG</arg>
<arg>CH</arg>
<arg>CI</arg>
<arg>CK</arg>
<arg>CL</arg>
<arg>CM</arg>
<arg>CN</arg>
<arg>CO</arg>
<arg>CR</arg>
<arg>CU</arg>
<arg>CV</arg>
<arg>CW</arg>
<arg>CX</arg>
<arg>CY</arg>
<arg>CZ</arg>
<arg>DE</arg>
<arg>DJ</arg>
<arg>DK</arg>
<arg>DM</arg>
<arg>DO</arg>
<arg>DZ</arg>
<arg>EC</arg>
<arg>EE</arg>
<arg>EG</arg>
<arg>EH</arg>
<arg>ER</arg>
<arg>ES</arg>
<arg>ET</arg>
<arg>FI</arg>
<arg>FJ</arg>
<arg>FK</arg>
<arg>FM</arg>
<arg>FO</arg>
<arg>FR</arg>
<arg>GA</arg>
<arg>GB</arg>
<arg>GD</arg>
<arg>GE</arg>
<arg>GF</arg>
<arg>GG</arg>
<arg>GH</arg>
<arg>GI</arg>
<arg>GL</arg>
<arg>GM</arg>
<arg>GN</arg>
<arg>GP</arg>
<arg>GQ</arg>
<arg>GR</arg>
<arg>GS</arg>
<arg>GT</arg>
<arg>GU</arg>
<arg>GW</arg>
<arg>GY</arg>
<arg>HK</arg>
<arg>HM</arg>
<arg>HN</arg>
<arg>HR</arg>
<arg>HT</arg>
<arg>HU</arg>
<arg>ID</arg>
<arg>IE</arg>
<arg>IL</arg>
<arg>IM</arg>
<arg>IN</arg>
<arg>IO</arg>
<arg>IQ</arg>
<arg>IR</arg>
<arg>IS</arg>
<arg>IT</arg>
<arg>JE</arg>
<arg>JM</arg>
<arg>JO</arg>
<arg>JP</arg>
<arg>KE</arg>
<arg>KG</arg>
<arg>KH</arg>
<arg>KI</arg>
<arg>KM</arg>
<arg>KN</arg>
<arg>KP</arg>
<arg>KR</arg>
<arg>KW</arg>
<arg>KY</arg>
<arg>KZ</arg>
<arg>LA</arg>
<arg>LB</arg>
<arg>LC</arg>
<arg>LI</arg>
<arg>LK</arg>
<arg>LR</arg>
<arg>LS</arg>
<arg>LT</arg>
<arg>LU</arg>
<arg>LV</arg>
<arg>LY</arg>
<arg>MA</arg>
<arg>MC</arg>
<arg>MD</arg>
<arg>ME</arg>
<arg>MF</arg>
<arg>MG</arg>
<arg>MH</arg>
<arg>MK</arg>
<arg>ML</arg>
<arg>MM</arg>
<arg>MN</arg>
<arg>MO</arg>
<arg>MP</arg>
<arg>MQ</arg>
<arg>MR</arg>
<arg>MS</arg>
<arg>MT</arg>
<arg>MU</arg>
<arg>MV</arg>
<arg>MW</arg>
<arg>MX</arg>
<arg>MY</arg>
<arg>MZ</arg>
<arg>NA</arg>
<arg>NC</arg>
<arg>NE</arg>
<arg>NF</arg>
<arg>NG</arg>
<arg>NI</arg>
<arg>NL</arg>
<arg>NO</arg>
<arg>NP</arg>
<arg>NR</arg>
<arg>NU</arg>
<arg>NZ</arg>
<arg>OM</arg>
<arg>PA</arg>
<arg>PE</arg>
<arg>PF</arg>
<arg>PG</arg>
<arg>PH</arg>
<arg>PK</arg>
<arg>PL</arg>
<arg>PM</arg>
<arg>PN</arg>
<arg>PR</arg>
<arg>PS</arg>
<arg>PT</arg>
<arg>PW</arg>
<arg>PY</arg>
<arg>QA</arg>
<arg>RE</arg>
<arg>RO</arg>
<arg>RS</arg>
<arg>RU</arg>
<arg>RW</arg>
<arg>SA</arg>
<arg>SB</arg>
<arg>SC</arg>
<arg>SD</arg>
<arg>SE</arg>
<arg>SG</arg>
<arg>SH</arg>
<arg>SI</arg>
<arg>SJ</arg>
<arg>SK</arg>
<arg>SL</arg>
<arg>SM</arg>
<arg>SN</arg>
<arg>SO</arg>
<arg>SR</arg>
<arg>SS</arg>
<arg>ST</arg>
<arg>SV</arg>
<arg>SX</arg>
<arg>SY</arg>
<arg>SZ</arg>
<arg>TC</arg>
<arg>TD</arg>
<arg>TF</arg>
<arg>TG</arg>
<arg>TH</arg>
<arg>TJ</arg>
<arg>TK</arg>
<arg>TL</arg>
<arg>TM</arg>
<arg>TN</arg>
<arg>TO</arg>
<arg>TR</arg>
<arg>TT</arg>
<arg>TV</arg>
<arg>TW</arg>
<arg>TZ</arg>
<arg>UA</arg>
<arg>UG</arg>
<arg>UM</arg>
<arg>US</arg>
<arg>UY</arg>
<arg>UZ</arg>
<arg>VA</arg>
<arg>VC</arg>
<arg>VE</arg>
<arg>VG</arg>
<arg>VI</arg>
<arg>VN</arg>
<arg>VU</arg>
<arg>WF</arg>
<arg>WS</arg>
<arg>XK</arg>
<arg>YE</arg>
<arg>YT</arg>
<arg>ZA</arg>
<arg>ZM</arg>
<arg>ZW</arg>
<doc>Returns a list containing given items.</doc>
<status status="PASS" start="2024-04-18T21:12:33.373117" elapsed="0.000618"/>
</kw>
<kw name="List Should Contain Value" owner="Collections">
<msg time="2024-04-18T21:12:33.374726" level="INFO">False</msg>
<arg>${list_country}</arg>
<arg>${name_country}</arg>
<doc>Fails if the ``value`` is not found from ``list``.</doc>
<status status="PASS" start="2024-04-18T21:12:33.374527" elapsed="0.000235"/>
</kw>
<kw name="Run Keyword If" owner="BuiltIn">
<kw name="Should Be True" owner="BuiltIn">
<arg>${True}</arg>
<doc>Fails if the given condition is not true.</doc>
<status status="PASS" start="2024-04-18T21:12:33.375862" elapsed="0.000155"/>
</kw>
<arg>${json_data["results"][0]["location"]["coordinates"]["latitude"]} &gt;= -90 and ${json_data["results"][0]["location"]["coordinates"]["latitude"]} &lt;= 90</arg>
<arg>Should Be True</arg>
<arg>${True}</arg>
<doc>Runs the given keyword with the given arguments, if ``condition`` is true.</doc>
<status status="PASS" start="2024-04-18T21:12:33.375072" elapsed="0.001070"/>
</kw>
<kw name="Run Keyword If" owner="BuiltIn">
<kw name="Should Be True" owner="BuiltIn">
<arg>${True}</arg>
<doc>Fails if the given condition is not true.</doc>
<status status="PASS" start="2024-04-18T21:12:33.377011" elapsed="0.000254"/>
</kw>
<arg>${json_data["results"][0]["location"]["coordinates"]["longitude"]} &gt;= -180 and ${json_data["results"][0]["location"]["coordinates"]["longitude"]} &lt;= 180</arg>
<arg>Should Be True</arg>
<arg>${True}</arg>
<doc>Runs the given keyword with the given arguments, if ``condition`` is true.</doc>
<status status="PASS" start="2024-04-18T21:12:33.376324" elapsed="0.001065"/>
</kw>
<status status="PASS" start="2024-04-18T21:12:33.275607" elapsed="0.101914"/>
</kw>
<doc>Testa o conteúdo específico dos campos retornados pela API.</doc>
<tag>testeConteudo</tag>
<status status="PASS" start="2024-04-18T21:12:33.275045" elapsed="0.102632"/>
</test>
<status status="PASS" start="2024-04-18T21:12:32.508310" elapsed="0.871385"/>
</suite>
<status status="PASS" start="2024-04-18T21:12:32.494631" elapsed="0.890211"/>
</suite>
<statistics>
<total>
<stat pass="5" fail="0" skip="0">All Tests</stat>
</total>
<tag>
<stat pass="1" fail="0" skip="0">testeConteudo</stat>
<stat pass="1" fail="0" skip="0">testeEstruturaResposta</stat>
<stat pass="1" fail="0" skip="0">testeRequisicaoBasica</stat>
<stat pass="1" fail="0" skip="0">testeTiposDados</stat>
</tag>
<suite>
<stat pass="5" fail="0" skip="0" id="s1" name="Tests">Tests</stat>
<stat pass="5" fail="0" skip="0" id="s1-s1" name="Random-User-Test">Tests.Random-User-Test</stat>
</suite>
</statistics>
<errors>
</errors>
</robot>
