<?xml version="1.0" encoding="UTF-8"?>
<robot generator="Robot 7.0.1 (Python 3.12.4 on linux)" generated="2024-08-05T18:21:06.108306" rpa="false" schemaversion="5">
<suite id="s1" name="Tests" source="/home/runner/work/ApiRandomUser/ApiRandomUser/RamdonUser/tests">
<suite id="s1-s1" name="Random-User-Test" source="/home/runner/work/ApiRandomUser/ApiRandomUser/RamdonUser/tests/random-user-test.robot">
<test id="s1-s1-t1" name="Conectar" line="13">
<kw name="Conectar API" owner="random-user-service">
<kw name="Create Session" owner="RequestsLibrary">
<msg time="2024-08-05T18:21:06.517719" level="INFO">Creating Session using : alias=consultarAPI, url=https://randomuser.me/, headers={},                     cookies={}, auth=None, timeout=None, proxies=None, verify=False,                     debug=0 </msg>
<arg>consultarAPI</arg>
<arg>${URL}</arg>
<doc>Create Session: create a HTTP session to a server</doc>
<status status="PASS" start="2024-08-05T18:21:06.517516" elapsed="0.000391"/>
</kw>
<status status="PASS" start="2024-08-05T18:21:06.516451" elapsed="0.001824"/>
</kw>
<status status="PASS" start="2024-08-05T18:21:06.515859" elapsed="0.002615"/>
</test>
<test id="s1-s1-t2" name="Validar retorno 200 e JSON Válido" line="16">
<kw name="Teste de Requisicao Basica" owner="random-user-service">
<kw name="GET On Session" owner="RequestsLibrary">
<msg time="2024-08-05T18:21:07.020184" level="INFO">GET Request : url=https://randomuser.me/api 
 path_url=/api 
 headers={'User-Agent': 'python-requests/2.32.3', 'Accept-Encoding': 'gzip, deflate', 'Accept': '*/*', 'Connection': 'keep-alive'} 
 body=None 
 </msg>
<msg time="2024-08-05T18:21:07.020360" level="INFO">GET Response : url=https://randomuser.me/api 
 status=200, reason=OK 
 headers={'Date': 'Mon, 05 Aug 2024 18:21:07 GMT', 'Content-Type': 'application/json; charset=utf-8', 'Transfer-Encoding': 'chunked', 'Connection': 'keep-alive', 'X-Powered-By': 'Express', 'Access-Control-Allow-Origin': '*', 'Cache-Control': 'no-cache', 'ETag': 'W/"4a2-Pfl61qJmXdagr+p+15bp4j+4bsE"', 'Vary': 'Accept-Encoding', 'Content-Encoding': 'gzip', 'CF-Cache-Status': 'DYNAMIC', 'Report-To': '{"endpoints":[{"url":"https:\\/\\/a.nel.cloudflare.com\\/report\\/v4?s=j673pjLm03NoYEtzMivfY7XpdA3Iju11wlslktirij%2FrwMOo8cApDISkz5uC5KQOgrzmVAYV62SUlsSJGJhVqt55i72TNks%2FpAL1n5MPSv2fhwU7PEmuht1h2dfj633%2B"}],"group":"cf-nel","max_age":604800}', 'NEL': '{"success_fraction":0,"report_to":"cf-nel","max_age":604800}', 'Server': 'cloudflare', 'CF-RAY': '8ae8ce13fe71c9bc-IAD', 'alt-svc': 'h3=":443"; ma=86400'} 
 body={"results":[{"gender":"male","name":{"title":"Mr","first":"Carl","last":"Gerlach"},"location":{"street":{"number":1255,"name":"Römerstraße"},"city":"Neuburg-Schrobenhausen","state":"Mecklenburg-Vorpommern","country":"Germany","postcode":68064,"coordinates":{"latitude":"-48.5678","longitude":"-87.5689"},"timezone":{"offset":"+7:00","description":"Bangkok, Hanoi, Jakarta"}},"email":"carl.gerlach@example.com","login":{"uuid":"23d2d97a-2cf3-45b0-8a09-b514daa4c930","username":"angrymeercat767","password":"mutant","salt":"kW7pwTds","md5":"0cbb5202713fab07b6267c5ed023d7be","sha1":"a85a61042581556ee000478686a9e1450b23fbe2","sha256":"edf9d7d65b50a9632dcecc5ec47d443973e9f0743e90f3a145b948908491ed93"},"dob":{"date":"1964-08-20T14:05:44.058Z","age":59},"registered":{"date":"2004-03-01T23:04:55.991Z","age":20},"phone":"0866-2752073","cell":"0178-9408688","id":{"name":"SVNR","value":"66 200864 G 149"},"picture":{"large":"https://randomuser.me/api/portraits/men/25.jpg","medium":"https://randomuser.me/api/portraits/med/men/25.jpg","thumbnail":"https://randomuser.me/api/portraits/thumb/men/25.jpg"},"nat":"DE"}],"info":{"seed":"c4918241651f1b17","results":1,"page":1,"version":"1.4"}} 
 </msg>
<msg time="2024-08-05T18:21:07.020457" level="INFO">/opt/hostedtoolcache/Python/3.12.4/x64/lib/python3.12/site-packages/urllib3/connectionpool.py:1099: InsecureRequestWarning: Unverified HTTPS request is being made to host 'randomuser.me'. Adding certificate verification is strongly advised. See: https://urllib3.readthedocs.io/en/latest/advanced-usage.html#tls-warnings
  warnings.warn(</msg>
<msg time="2024-08-05T18:21:07.020596" level="INFO">${response} = &lt;Response [200]&gt;</msg>
<var>${response}</var>
<arg>consultarAPI</arg>
<arg>/api</arg>
<doc>Sends a GET request on a previously created HTTP Session.</doc>
<status status="PASS" start="2024-08-05T18:21:06.521055" elapsed="0.499582"/>
</kw>
<kw name="Should Be Equal As Numbers" owner="BuiltIn">
<msg time="2024-08-05T18:21:07.021654" level="INFO">Argument types are:
&lt;class 'int'&gt;
&lt;class 'str'&gt;</msg>
<arg>${response.status_code}</arg>
<arg>200</arg>
<doc>Fails if objects are unequal after converting them to real numbers.</doc>
<status status="PASS" start="2024-08-05T18:21:07.021191" elapsed="0.000535"/>
</kw>
<kw name="Log" owner="BuiltIn">
<msg time="2024-08-05T18:21:07.022430" level="INFO">200</msg>
<arg>${response.status_code}</arg>
<doc>Logs the given message with the given level.</doc>
<status status="PASS" start="2024-08-05T18:21:07.022067" elapsed="0.000405"/>
</kw>
<kw name="Set Variable" owner="BuiltIn">
<msg time="2024-08-05T18:21:07.023285" level="INFO">${json_data} = {'results': [{'gender': 'male', 'name': {'title': 'Mr', 'first': 'Carl', 'last': 'Gerlach'}, 'location': {'street': {'number': 1255, 'name': 'Römerstraße'}, 'city': 'Neuburg-Schrobenhausen', 'state': ...</msg>
<var>${json_data}</var>
<arg>${response.json()}</arg>
<doc>Returns the given values which can then be assigned to a variables.</doc>
<status status="PASS" start="2024-08-05T18:21:07.022783" elapsed="0.000532"/>
</kw>
<kw name="Dictionary Should Contain Key" owner="Collections">
<arg>${json_data}</arg>
<arg>results</arg>
<doc>Fails if ``key`` is not found from ``dictionary``.</doc>
<status status="PASS" start="2024-08-05T18:21:07.023639" elapsed="0.000345"/>
</kw>
<status status="PASS" start="2024-08-05T18:21:06.520807" elapsed="0.503335"/>
</kw>
<doc>Testa se a API responde corretamente e retorna um objeto JSON válido.</doc>
<tag>testeRequisicaoBasica</tag>
<status status="PASS" start="2024-08-05T18:21:06.520334" elapsed="0.503985"/>
</test>
<test id="s1-s1-t3" name="Validar estrutura de resposta" line="22">
<kw name="Teste de Estrutura de Resposta" owner="random-user-service">
<kw name="GET On Session" owner="RequestsLibrary">
<msg time="2024-08-05T18:21:07.419370" level="INFO">GET Request : url=https://randomuser.me/api 
 path_url=/api 
 headers={'User-Agent': 'python-requests/2.32.3', 'Accept-Encoding': 'gzip, deflate', 'Accept': '*/*', 'Connection': 'keep-alive'} 
 body=None 
 </msg>
<msg time="2024-08-05T18:21:07.419469" level="INFO">GET Response : url=https://randomuser.me/api 
 status=200, reason=OK 
 headers={'Date': 'Mon, 05 Aug 2024 18:21:07 GMT', 'Content-Type': 'application/json; charset=utf-8', 'Transfer-Encoding': 'chunked', 'Connection': 'keep-alive', 'X-Powered-By': 'Express', 'Access-Control-Allow-Origin': '*', 'Cache-Control': 'no-cache', 'ETag': 'W/"4ac-WsohEA2M0+sJNNyoH8rMxxZ5e8U"', 'Vary': 'Accept-Encoding', 'Content-Encoding': 'gzip', 'CF-Cache-Status': 'DYNAMIC', 'Report-To': '{"endpoints":[{"url":"https:\\/\\/a.nel.cloudflare.com\\/report\\/v4?s=%2F%2FwjeLGfREK%2ByzcYg%2FaxxBKjUUmKCcRcmNOGmi6QF%2FIQRjdNSg%2FU6Yt2fHXUcTGJKs%2BefYt2gYggtCJ3ecy8JrfVeIQWwuwNsV1%2BK0Xw9A5vxNgegO3Q193ByuS4jlYs"}],"group":"cf-nel","max_age":604800}', 'NEL': '{"success_fraction":0,"report_to":"cf-nel","max_age":604800}', 'Server': 'cloudflare', 'CF-RAY': '8ae8ce16f8b3c9bc-IAD', 'alt-svc': 'h3=":443"; ma=86400'} 
 body={"results":[{"gender":"male","name":{"title":"Mr","first":"William","last":"Girard"},"location":{"street":{"number":7439,"name":"Rue Dugas-Montbel"},"city":"Fort-de-France","state":"Lot-et-Garonne","country":"France","postcode":68312,"coordinates":{"latitude":"-14.7656","longitude":"-75.5583"},"timezone":{"offset":"+9:00","description":"Tokyo, Seoul, Osaka, Sapporo, Yakutsk"}},"email":"william.girard@example.com","login":{"uuid":"f6ebd59a-ac68-4330-b797-56809402b782","username":"purplekoala422","password":"iloveyou2","salt":"OWAFpmcE","md5":"4770049a400dc5f61d6f65f59bdd908a","sha1":"49fa0464664084ef360551fd0a242978c7305f38","sha256":"a2fa04b5d04f1f77bda74c1c96875413a3907e813874d360ff14fe4ca027487f"},"dob":{"date":"1965-12-28T02:44:24.724Z","age":58},"registered":{"date":"2013-02-10T22:47:24.089Z","age":11},"phone":"04-30-17-45-14","cell":"06-06-69-21-63","id":{"name":"INSEE","value":"1651134444611 37"},"picture":{"large":"https://randomuser.me/api/portraits/men/3.jpg","medium":"https://randomuser.me/api/portraits/med/men/3.jpg","thumbnail":"https://randomuser.me/api/portraits/thumb/men/3.jpg"},"nat":"FR"}],"info":{"seed":"3fb8a72176d1d948","results":1,"page":1,"version":"1.4"}} 
 </msg>
<msg time="2024-08-05T18:21:07.419597" level="INFO">/opt/hostedtoolcache/Python/3.12.4/x64/lib/python3.12/site-packages/urllib3/connectionpool.py:1099: InsecureRequestWarning: Unverified HTTPS request is being made to host 'randomuser.me'. Adding certificate verification is strongly advised. See: https://urllib3.readthedocs.io/en/latest/advanced-usage.html#tls-warnings
  warnings.warn(</msg>
<msg time="2024-08-05T18:21:07.419724" level="INFO">${response} = &lt;Response [200]&gt;</msg>
<var>${response}</var>
<arg>consultarAPI</arg>
<arg>/api</arg>
<doc>Sends a GET request on a previously created HTTP Session.</doc>
<status status="PASS" start="2024-08-05T18:21:07.027095" elapsed="0.392657"/>
</kw>
<kw name="Set Variable" owner="BuiltIn">
<msg time="2024-08-05T18:21:07.420800" level="INFO">${json_data} = {'results': [{'gender': 'male', 'name': {'title': 'Mr', 'first': 'William', 'last': 'Girard'}, 'location': {'street': {'number': 7439, 'name': 'Rue Dugas-Montbel'}, 'city': 'Fort-de-France', 'state': ...</msg>
<var>${json_data}</var>
<arg>${response.json()}</arg>
<doc>Returns the given values which can then be assigned to a variables.</doc>
<status status="PASS" start="2024-08-05T18:21:07.420285" elapsed="0.000544"/>
</kw>
<kw name="Log" owner="BuiltIn">
<msg time="2024-08-05T18:21:07.421301" level="INFO">{'results': [{'gender': 'male', 'name': {'title': 'Mr', 'first': 'William', 'last': 'Girard'}, 'location': {'street': {'number': 7439, 'name': 'Rue Dugas-Montbel'}, 'city': 'Fort-de-France', 'state': 'Lot-et-Garonne', 'country': 'France', 'postcode': 68312, 'coordinates': {'latitude': '-14.7656', 'longitude': '-75.5583'}, 'timezone': {'offset': '+9:00', 'description': 'Tokyo, Seoul, Osaka, Sapporo, Yakutsk'}}, 'email': 'william.girard@example.com', 'login': {'uuid': 'f6ebd59a-ac68-4330-b797-56809402b782', 'username': 'purplekoala422', 'password': 'iloveyou2', 'salt': 'OWAFpmcE', 'md5': '4770049a400dc5f61d6f65f59bdd908a', 'sha1': '49fa0464664084ef360551fd0a242978c7305f38', 'sha256': 'a2fa04b5d04f1f77bda74c1c96875413a3907e813874d360ff14fe4ca027487f'}, 'dob': {'date': '1965-12-28T02:44:24.724Z', 'age': 58}, 'registered': {'date': '2013-02-10T22:47:24.089Z', 'age': 11}, 'phone': '04-30-17-45-14', 'cell': '06-06-69-21-63', 'id': {'name': 'INSEE', 'value': '1651134444611 37'}, 'picture': {'large': 'https://randomuser.me/api/portraits/men/3.jpg', 'medium': 'https://randomuser.me/api/portraits/med/men/3.jpg', 'thumbnail': 'https://randomuser.me/api/portraits/thumb/men/3.jpg'}, 'nat': 'FR'}], 'info': {'seed': '3fb8a72176d1d948', 'results': 1, 'page': 1, 'version': '1.4'}}</msg>
<arg>${json_data}</arg>
<doc>Logs the given message with the given level.</doc>
<status status="PASS" start="2024-08-05T18:21:07.421141" elapsed="0.000209"/>
</kw>
<kw name="Dictionary Should Contain Key" owner="Collections">
<arg>${json_data}</arg>
<arg>results</arg>
<doc>Fails if ``key`` is not found from ``dictionary``.</doc>
<status status="PASS" start="2024-08-05T18:21:07.421640" elapsed="0.000167"/>
</kw>
<kw name="Should Not Be Empty" owner="BuiltIn">
<msg time="2024-08-05T18:21:07.422121" level="INFO">Length is 2.</msg>
<arg>${json_data}</arg>
<doc>Verifies that the given item is not empty.</doc>
<status status="PASS" start="2024-08-05T18:21:07.421990" elapsed="0.000169"/>
</kw>
<kw name="Create List" owner="BuiltIn">
<msg time="2024-08-05T18:21:07.422598" level="INFO">${expected_keys} = ['gender', 'name', 'location', 'email', 'login']</msg>
<var>${expected_keys}</var>
<arg>gender</arg>
<arg>name</arg>
<arg>location</arg>
<arg>email</arg>
<arg>login</arg>
<doc>Returns a list containing given items.</doc>
<status status="PASS" start="2024-08-05T18:21:07.422445" elapsed="0.000176"/>
</kw>
<for flavor="IN">
<iter>
<kw name="Dictionary Should Contain Key" owner="Collections">
<arg>${json_data['results'][0]}</arg>
<arg>${key}</arg>
<doc>Fails if ``key`` is not found from ``dictionary``.</doc>
<status status="PASS" start="2024-08-05T18:21:07.423259" elapsed="0.000408"/>
</kw>
<kw name="Log" owner="BuiltIn">
<msg time="2024-08-05T18:21:07.424207" level="INFO">{'gender': 'male', 'name': {'title': 'Mr', 'first': 'William', 'last': 'Girard'}, 'location': {'street': {'number': 7439, 'name': 'Rue Dugas-Montbel'}, 'city': 'Fort-de-France', 'state': 'Lot-et-Garonne', 'country': 'France', 'postcode': 68312, 'coordinates': {'latitude': '-14.7656', 'longitude': '-75.5583'}, 'timezone': {'offset': '+9:00', 'description': 'Tokyo, Seoul, Osaka, Sapporo, Yakutsk'}}, 'email': 'william.girard@example.com', 'login': {'uuid': 'f6ebd59a-ac68-4330-b797-56809402b782', 'username': 'purplekoala422', 'password': 'iloveyou2', 'salt': 'OWAFpmcE', 'md5': '4770049a400dc5f61d6f65f59bdd908a', 'sha1': '49fa0464664084ef360551fd0a242978c7305f38', 'sha256': 'a2fa04b5d04f1f77bda74c1c96875413a3907e813874d360ff14fe4ca027487f'}, 'dob': {'date': '1965-12-28T02:44:24.724Z', 'age': 58}, 'registered': {'date': '2013-02-10T22:47:24.089Z', 'age': 11}, 'phone': '04-30-17-45-14', 'cell': '06-06-69-21-63', 'id': {'name': 'INSEE', 'value': '1651134444611 37'}, 'picture': {'large': 'https://randomuser.me/api/portraits/men/3.jpg', 'medium': 'https://randomuser.me/api/portraits/med/men/3.jpg', 'thumbnail': 'https://randomuser.me/api/portraits/thumb/men/3.jpg'}, 'nat': 'FR'}</msg>
<arg>${json_data['results'][0]}</arg>
<doc>Logs the given message with the given level.</doc>
<status status="PASS" start="2024-08-05T18:21:07.423854" elapsed="0.000404"/>
</kw>
<kw name="Log" owner="BuiltIn">
<msg time="2024-08-05T18:21:07.424690" level="INFO">gender</msg>
<arg>${key}</arg>
<doc>Logs the given message with the given level.</doc>
<status status="PASS" start="2024-08-05T18:21:07.424560" elapsed="0.000168"/>
</kw>
<var name="${key}">gender</var>
<status status="PASS" start="2024-08-05T18:21:07.423089" elapsed="0.001858"/>
</iter>
<iter>
<kw name="Dictionary Should Contain Key" owner="Collections">
<arg>${json_data['results'][0]}</arg>
<arg>${key}</arg>
<doc>Fails if ``key`` is not found from ``dictionary``.</doc>
<status status="PASS" start="2024-08-05T18:21:07.425246" elapsed="0.000393"/>
</kw>
<kw name="Log" owner="BuiltIn">
<msg time="2024-08-05T18:21:07.426212" level="INFO">{'gender': 'male', 'name': {'title': 'Mr', 'first': 'William', 'last': 'Girard'}, 'location': {'street': {'number': 7439, 'name': 'Rue Dugas-Montbel'}, 'city': 'Fort-de-France', 'state': 'Lot-et-Garonne', 'country': 'France', 'postcode': 68312, 'coordinates': {'latitude': '-14.7656', 'longitude': '-75.5583'}, 'timezone': {'offset': '+9:00', 'description': 'Tokyo, Seoul, Osaka, Sapporo, Yakutsk'}}, 'email': 'william.girard@example.com', 'login': {'uuid': 'f6ebd59a-ac68-4330-b797-56809402b782', 'username': 'purplekoala422', 'password': 'iloveyou2', 'salt': 'OWAFpmcE', 'md5': '4770049a400dc5f61d6f65f59bdd908a', 'sha1': '49fa0464664084ef360551fd0a242978c7305f38', 'sha256': 'a2fa04b5d04f1f77bda74c1c96875413a3907e813874d360ff14fe4ca027487f'}, 'dob': {'date': '1965-12-28T02:44:24.724Z', 'age': 58}, 'registered': {'date': '2013-02-10T22:47:24.089Z', 'age': 11}, 'phone': '04-30-17-45-14', 'cell': '06-06-69-21-63', 'id': {'name': 'INSEE', 'value': '1651134444611 37'}, 'picture': {'large': 'https://randomuser.me/api/portraits/men/3.jpg', 'medium': 'https://randomuser.me/api/portraits/med/men/3.jpg', 'thumbnail': 'https://randomuser.me/api/portraits/thumb/men/3.jpg'}, 'nat': 'FR'}</msg>
<arg>${json_data['results'][0]}</arg>
<doc>Logs the given message with the given level.</doc>
<status status="PASS" start="2024-08-05T18:21:07.425858" elapsed="0.000401"/>
</kw>
<kw name="Log" owner="BuiltIn">
<msg time="2024-08-05T18:21:07.426688" level="INFO">name</msg>
<arg>${key}</arg>
<doc>Logs the given message with the given level.</doc>
<status status="PASS" start="2024-08-05T18:21:07.426557" elapsed="0.000168"/>
</kw>
<var name="${key}">name</var>
<status status="PASS" start="2024-08-05T18:21:07.425134" elapsed="0.001815"/>
</iter>
<iter>
<kw name="Dictionary Should Contain Key" owner="Collections">
<arg>${json_data['results'][0]}</arg>
<arg>${key}</arg>
<doc>Fails if ``key`` is not found from ``dictionary``.</doc>
<status status="PASS" start="2024-08-05T18:21:07.427267" elapsed="0.000381"/>
</kw>
<kw name="Log" owner="BuiltIn">
<msg time="2024-08-05T18:21:07.428170" level="INFO">{'gender': 'male', 'name': {'title': 'Mr', 'first': 'William', 'last': 'Girard'}, 'location': {'street': {'number': 7439, 'name': 'Rue Dugas-Montbel'}, 'city': 'Fort-de-France', 'state': 'Lot-et-Garonne', 'country': 'France', 'postcode': 68312, 'coordinates': {'latitude': '-14.7656', 'longitude': '-75.5583'}, 'timezone': {'offset': '+9:00', 'description': 'Tokyo, Seoul, Osaka, Sapporo, Yakutsk'}}, 'email': 'william.girard@example.com', 'login': {'uuid': 'f6ebd59a-ac68-4330-b797-56809402b782', 'username': 'purplekoala422', 'password': 'iloveyou2', 'salt': 'OWAFpmcE', 'md5': '4770049a400dc5f61d6f65f59bdd908a', 'sha1': '49fa0464664084ef360551fd0a242978c7305f38', 'sha256': 'a2fa04b5d04f1f77bda74c1c96875413a3907e813874d360ff14fe4ca027487f'}, 'dob': {'date': '1965-12-28T02:44:24.724Z', 'age': 58}, 'registered': {'date': '2013-02-10T22:47:24.089Z', 'age': 11}, 'phone': '04-30-17-45-14', 'cell': '06-06-69-21-63', 'id': {'name': 'INSEE', 'value': '1651134444611 37'}, 'picture': {'large': 'https://randomuser.me/api/portraits/men/3.jpg', 'medium': 'https://randomuser.me/api/portraits/med/men/3.jpg', 'thumbnail': 'https://randomuser.me/api/portraits/thumb/men/3.jpg'}, 'nat': 'FR'}</msg>
<arg>${json_data['results'][0]}</arg>
<doc>Logs the given message with the given level.</doc>
<status status="PASS" start="2024-08-05T18:21:07.427829" elapsed="0.000387"/>
</kw>
<kw name="Log" owner="BuiltIn">
<msg time="2024-08-05T18:21:07.428647" level="INFO">location</msg>
<arg>${key}</arg>
<doc>Logs the given message with the given level.</doc>
<status status="PASS" start="2024-08-05T18:21:07.428513" elapsed="0.000171"/>
</kw>
<var name="${key}">location</var>
<status status="PASS" start="2024-08-05T18:21:07.427147" elapsed="0.001763"/>
</iter>
<iter>
<kw name="Dictionary Should Contain Key" owner="Collections">
<arg>${json_data['results'][0]}</arg>
<arg>${key}</arg>
<doc>Fails if ``key`` is not found from ``dictionary``.</doc>
<status status="PASS" start="2024-08-05T18:21:07.429189" elapsed="0.000376"/>
</kw>
<kw name="Log" owner="BuiltIn">
<msg time="2024-08-05T18:21:07.430224" level="INFO">{'gender': 'male', 'name': {'title': 'Mr', 'first': 'William', 'last': 'Girard'}, 'location': {'street': {'number': 7439, 'name': 'Rue Dugas-Montbel'}, 'city': 'Fort-de-France', 'state': 'Lot-et-Garonne', 'country': 'France', 'postcode': 68312, 'coordinates': {'latitude': '-14.7656', 'longitude': '-75.5583'}, 'timezone': {'offset': '+9:00', 'description': 'Tokyo, Seoul, Osaka, Sapporo, Yakutsk'}}, 'email': 'william.girard@example.com', 'login': {'uuid': 'f6ebd59a-ac68-4330-b797-56809402b782', 'username': 'purplekoala422', 'password': 'iloveyou2', 'salt': 'OWAFpmcE', 'md5': '4770049a400dc5f61d6f65f59bdd908a', 'sha1': '49fa0464664084ef360551fd0a242978c7305f38', 'sha256': 'a2fa04b5d04f1f77bda74c1c96875413a3907e813874d360ff14fe4ca027487f'}, 'dob': {'date': '1965-12-28T02:44:24.724Z', 'age': 58}, 'registered': {'date': '2013-02-10T22:47:24.089Z', 'age': 11}, 'phone': '04-30-17-45-14', 'cell': '06-06-69-21-63', 'id': {'name': 'INSEE', 'value': '1651134444611 37'}, 'picture': {'large': 'https://randomuser.me/api/portraits/men/3.jpg', 'medium': 'https://randomuser.me/api/portraits/med/men/3.jpg', 'thumbnail': 'https://randomuser.me/api/portraits/thumb/men/3.jpg'}, 'nat': 'FR'}</msg>
<arg>${json_data['results'][0]}</arg>
<doc>Logs the given message with the given level.</doc>
<status status="PASS" start="2024-08-05T18:21:07.429875" elapsed="0.000396"/>
</kw>
<kw name="Log" owner="BuiltIn">
<msg time="2024-08-05T18:21:07.430698" level="INFO">email</msg>
<arg>${key}</arg>
<doc>Logs the given message with the given level.</doc>
<status status="PASS" start="2024-08-05T18:21:07.430568" elapsed="0.000168"/>
</kw>
<var name="${key}">email</var>
<status status="PASS" start="2024-08-05T18:21:07.429080" elapsed="0.001871"/>
</iter>
<iter>
<kw name="Dictionary Should Contain Key" owner="Collections">
<arg>${json_data['results'][0]}</arg>
<arg>${key}</arg>
<doc>Fails if ``key`` is not found from ``dictionary``.</doc>
<status status="PASS" start="2024-08-05T18:21:07.431286" elapsed="0.000376"/>
</kw>
<kw name="Log" owner="BuiltIn">
<msg time="2024-08-05T18:21:07.432188" level="INFO">{'gender': 'male', 'name': {'title': 'Mr', 'first': 'William', 'last': 'Girard'}, 'location': {'street': {'number': 7439, 'name': 'Rue Dugas-Montbel'}, 'city': 'Fort-de-France', 'state': 'Lot-et-Garonne', 'country': 'France', 'postcode': 68312, 'coordinates': {'latitude': '-14.7656', 'longitude': '-75.5583'}, 'timezone': {'offset': '+9:00', 'description': 'Tokyo, Seoul, Osaka, Sapporo, Yakutsk'}}, 'email': 'william.girard@example.com', 'login': {'uuid': 'f6ebd59a-ac68-4330-b797-56809402b782', 'username': 'purplekoala422', 'password': 'iloveyou2', 'salt': 'OWAFpmcE', 'md5': '4770049a400dc5f61d6f65f59bdd908a', 'sha1': '49fa0464664084ef360551fd0a242978c7305f38', 'sha256': 'a2fa04b5d04f1f77bda74c1c96875413a3907e813874d360ff14fe4ca027487f'}, 'dob': {'date': '1965-12-28T02:44:24.724Z', 'age': 58}, 'registered': {'date': '2013-02-10T22:47:24.089Z', 'age': 11}, 'phone': '04-30-17-45-14', 'cell': '06-06-69-21-63', 'id': {'name': 'INSEE', 'value': '1651134444611 37'}, 'picture': {'large': 'https://randomuser.me/api/portraits/men/3.jpg', 'medium': 'https://randomuser.me/api/portraits/med/men/3.jpg', 'thumbnail': 'https://randomuser.me/api/portraits/thumb/men/3.jpg'}, 'nat': 'FR'}</msg>
<arg>${json_data['results'][0]}</arg>
<doc>Logs the given message with the given level.</doc>
<status status="PASS" start="2024-08-05T18:21:07.431842" elapsed="0.000395"/>
</kw>
<kw name="Log" owner="BuiltIn">
<msg time="2024-08-05T18:21:07.432652" level="INFO">login</msg>
<arg>${key}</arg>
<doc>Logs the given message with the given level.</doc>
<status status="PASS" start="2024-08-05T18:21:07.432525" elapsed="0.000163"/>
</kw>
<var name="${key}">login</var>
<status status="PASS" start="2024-08-05T18:21:07.431152" elapsed="0.001749"/>
</iter>
<var>${key}</var>
<value>@{expected_keys}</value>
<status status="PASS" start="2024-08-05T18:21:07.422880" elapsed="0.010174"/>
</for>
<kw name="Create List" owner="BuiltIn">
<msg time="2024-08-05T18:21:07.433388" level="INFO">${expected_keysTwo} = ['username', 'password']</msg>
<var>${expected_keysTwo}</var>
<arg>username</arg>
<arg>password</arg>
<doc>Returns a list containing given items.</doc>
<status status="PASS" start="2024-08-05T18:21:07.433254" elapsed="0.000158"/>
</kw>
<for flavor="IN">
<iter>
<kw name="Dictionary Should Contain Key" owner="Collections">
<arg>${json_data['results'][0]['login']}</arg>
<arg>${keyTwo}</arg>
<doc>Fails if ``key`` is not found from ``dictionary``.</doc>
<status status="PASS" start="2024-08-05T18:21:07.433906" elapsed="0.000384"/>
</kw>
<kw name="Dictionary Should Contain Key" owner="Collections">
<arg>${json_data['results'][0]['login']}</arg>
<arg>${keyTwo}</arg>
<doc>Fails if ``key`` is not found from ``dictionary``.</doc>
<status status="PASS" start="2024-08-05T18:21:07.434470" elapsed="0.000374"/>
</kw>
<kw name="Log" owner="BuiltIn">
<msg time="2024-08-05T18:21:07.435164" level="INFO">username</msg>
<arg>${keyTwo}</arg>
<doc>Logs the given message with the given level.</doc>
<status status="PASS" start="2024-08-05T18:21:07.435020" elapsed="0.000187"/>
</kw>
<var name="${keyTwo}">username</var>
<status status="PASS" start="2024-08-05T18:21:07.433801" elapsed="0.001643"/>
</iter>
<iter>
<kw name="Dictionary Should Contain Key" owner="Collections">
<arg>${json_data['results'][0]['login']}</arg>
<arg>${keyTwo}</arg>
<doc>Fails if ``key`` is not found from ``dictionary``.</doc>
<status status="PASS" start="2024-08-05T18:21:07.435733" elapsed="0.000406"/>
</kw>
<kw name="Dictionary Should Contain Key" owner="Collections">
<arg>${json_data['results'][0]['login']}</arg>
<arg>${keyTwo}</arg>
<doc>Fails if ``key`` is not found from ``dictionary``.</doc>
<status status="PASS" start="2024-08-05T18:21:07.436315" elapsed="0.000417"/>
</kw>
<kw name="Log" owner="BuiltIn">
<msg time="2024-08-05T18:21:07.437032" level="INFO">password</msg>
<arg>${keyTwo}</arg>
<doc>Logs the given message with the given level.</doc>
<status status="PASS" start="2024-08-05T18:21:07.436911" elapsed="0.000159"/>
</kw>
<var name="${keyTwo}">password</var>
<status status="PASS" start="2024-08-05T18:21:07.435627" elapsed="0.001668"/>
</iter>
<var>${keyTwo}</var>
<value>@{expected_keysTwo}</value>
<status status="PASS" start="2024-08-05T18:21:07.433648" elapsed="0.003770"/>
</for>
<status status="PASS" start="2024-08-05T18:21:07.026846" elapsed="0.410714"/>
</kw>
<doc>Testa a estrutura da resposta da API.</doc>
<tag>testeEstruturaResposta</tag>
<status status="PASS" start="2024-08-05T18:21:07.026314" elapsed="0.411404"/>
</test>
<test id="s1-s1-t4" name="Validar tipos de dados" line="28">
<kw name="Teste de Tipos de Dados" owner="random-user-service">
<kw name="GET On Session" owner="RequestsLibrary">
<msg time="2024-08-05T18:21:07.683324" level="INFO">GET Request : url=https://randomuser.me/api 
 path_url=/api 
 headers={'User-Agent': 'python-requests/2.32.3', 'Accept-Encoding': 'gzip, deflate', 'Accept': '*/*', 'Connection': 'keep-alive'} 
 body=None 
 </msg>
<msg time="2024-08-05T18:21:07.683437" level="INFO">GET Response : url=https://randomuser.me/api 
 status=200, reason=OK 
 headers={'Date': 'Mon, 05 Aug 2024 18:21:07 GMT', 'Content-Type': 'application/json; charset=utf-8', 'Transfer-Encoding': 'chunked', 'Connection': 'keep-alive', 'X-Powered-By': 'Express', 'Access-Control-Allow-Origin': '*', 'Cache-Control': 'no-cache', 'ETag': 'W/"4a7-ArODLnL1G906j7G+k6vlXhZ2GRg"', 'Vary': 'Accept-Encoding', 'Content-Encoding': 'gzip', 'CF-Cache-Status': 'DYNAMIC', 'Report-To': '{"endpoints":[{"url":"https:\\/\\/a.nel.cloudflare.com\\/report\\/v4?s=jxOeM%2F7JtYu8iYWsJUCfUl%2FwD1NTqaRBWJobmu8Bbgeu7ddsh6zPXRw8Ac%2FPDWkVPf0KsTjEqdmtce4C5DPluR6SAQye4DD2F4t9rk28jCsc3exIXCEGUtZrF7a8At9w"}],"group":"cf-nel","max_age":604800}', 'NEL': '{"success_fraction":0,"report_to":"cf-nel","max_age":604800}', 'Server': 'cloudflare', 'CF-RAY': '8ae8ce1988b7c9bc-IAD', 'alt-svc': 'h3=":443"; ma=86400'} 
 body={"results":[{"gender":"female","name":{"title":"Miss","first":"Elli","last":"Korpela"},"location":{"street":{"number":10,"name":"Satakennankatu"},"city":"Utajärvi","state":"Northern Ostrobothnia","country":"Finland","postcode":31321,"coordinates":{"latitude":"-24.9953","longitude":"65.1797"},"timezone":{"offset":"+10:00","description":"Eastern Australia, Guam, Vladivostok"}},"email":"elli.korpela@example.com","login":{"uuid":"250e0ce6-3653-47a0-b6d3-ed9abfdc7707","username":"bluetiger871","password":"sixers","salt":"yvpDPdBy","md5":"7d6fb275adf4ce8d4cd5c211306b7dbc","sha1":"6ffef797468a0280420d9a7e651eaa6a70cb3076","sha256":"eb31cb3e97c5db3702385626688f66c6ca36a2a3c14babdf91ab1bc86a2cf5ed"},"dob":{"date":"1977-02-02T14:46:18.685Z","age":47},"registered":{"date":"2015-10-02T23:13:33.578Z","age":8},"phone":"09-874-404","cell":"045-829-82-03","id":{"name":"HETU","value":"NaNNA056undefined"},"picture":{"large":"https://randomuser.me/api/portraits/women/71.jpg","medium":"https://randomuser.me/api/portraits/med/women/71.jpg","thumbnail":"https://randomuser.me/api/portraits/thumb/women/71.jpg"},"nat":"FI"}],"info":{"seed":"9623d7c68a69df2b","results":1,"page":1,"version":"1.4"}} 
 </msg>
<msg time="2024-08-05T18:21:07.683521" level="INFO">/opt/hostedtoolcache/Python/3.12.4/x64/lib/python3.12/site-packages/urllib3/connectionpool.py:1099: InsecureRequestWarning: Unverified HTTPS request is being made to host 'randomuser.me'. Adding certificate verification is strongly advised. See: https://urllib3.readthedocs.io/en/latest/advanced-usage.html#tls-warnings
  warnings.warn(</msg>
<msg time="2024-08-05T18:21:07.683664" level="INFO">${response} = &lt;Response [200]&gt;</msg>
<var>${response}</var>
<arg>consultarAPI</arg>
<arg>/api</arg>
<doc>Sends a GET request on a previously created HTTP Session.</doc>
<status status="PASS" start="2024-08-05T18:21:07.440201" elapsed="0.243511"/>
</kw>
<kw name="Set Variable" owner="BuiltIn">
<msg time="2024-08-05T18:21:07.684916" level="INFO">${json_data} = {'results': [{'gender': 'female', 'name': {'title': 'Miss', 'first': 'Elli', 'last': 'Korpela'}, 'location': {'street': {'number': 10, 'name': 'Satakennankatu'}, 'city': 'Utajärvi', 'state': 'Northern...</msg>
<var>${json_data}</var>
<arg>${response.json()}</arg>
<doc>Returns the given values which can then be assigned to a variables.</doc>
<status status="PASS" start="2024-08-05T18:21:07.684350" elapsed="0.000596"/>
</kw>
<kw name="Log" owner="BuiltIn">
<msg time="2024-08-05T18:21:07.685417" level="INFO">{'results': [{'gender': 'female', 'name': {'title': 'Miss', 'first': 'Elli', 'last': 'Korpela'}, 'location': {'street': {'number': 10, 'name': 'Satakennankatu'}, 'city': 'Utajärvi', 'state': 'Northern Ostrobothnia', 'country': 'Finland', 'postcode': 31321, 'coordinates': {'latitude': '-24.9953', 'longitude': '65.1797'}, 'timezone': {'offset': '+10:00', 'description': 'Eastern Australia, Guam, Vladivostok'}}, 'email': 'elli.korpela@example.com', 'login': {'uuid': '250e0ce6-3653-47a0-b6d3-ed9abfdc7707', 'username': 'bluetiger871', 'password': 'sixers', 'salt': 'yvpDPdBy', 'md5': '7d6fb275adf4ce8d4cd5c211306b7dbc', 'sha1': '6ffef797468a0280420d9a7e651eaa6a70cb3076', 'sha256': 'eb31cb3e97c5db3702385626688f66c6ca36a2a3c14babdf91ab1bc86a2cf5ed'}, 'dob': {'date': '1977-02-02T14:46:18.685Z', 'age': 47}, 'registered': {'date': '2015-10-02T23:13:33.578Z', 'age': 8}, 'phone': '09-874-404', 'cell': '045-829-82-03', 'id': {'name': 'HETU', 'value': 'NaNNA056undefined'}, 'picture': {'large': 'https://randomuser.me/api/portraits/women/71.jpg', 'medium': 'https://randomuser.me/api/portraits/med/women/71.jpg', 'thumbnail': 'https://randomuser.me/api/portraits/thumb/women/71.jpg'}, 'nat': 'FI'}], 'info': {'seed': '9623d7c68a69df2b', 'results': 1, 'page': 1, 'version': '1.4'}}</msg>
<arg>${json_data}</arg>
<doc>Logs the given message with the given level.</doc>
<status status="PASS" start="2024-08-05T18:21:07.685260" elapsed="0.000205"/>
</kw>
<kw name="Should Be String" owner="String">
<arg>${json_data['results'][0]['gender']}</arg>
<doc>Fails if the given ``item`` is not a string.</doc>
<status status="PASS" start="2024-08-05T18:21:07.685805" elapsed="0.000357"/>
</kw>
<kw name="Should Match Regexp" owner="BuiltIn">
<arg>${json_data['results'][0]['email']}</arg>
<arg>^[a-zA-Z0-9._%+-]+@[a-zA-Z0-9.-]+\.[a-zA-Z]{2,}$</arg>
<doc>Fails if ``string`` does not match ``pattern`` as a regular expression.</doc>
<status status="PASS" start="2024-08-05T18:21:07.686352" elapsed="0.000509"/>
</kw>
<kw name="Should Match Regexp" owner="BuiltIn">
<arg>${json_data['results'][0]['dob']['date']}</arg>
<arg>\\d{4}-\\d{2}-\\d{2}T\\d{2}:\\d{2}:\\d{2}\\.\\d{3}Z</arg>
<doc>Fails if ``string`` does not match ``pattern`` as a regular expression.</doc>
<status status="PASS" start="2024-08-05T18:21:07.687054" elapsed="0.000678"/>
</kw>
<kw name="Should Match Regexp" owner="BuiltIn">
<arg>${json_data['results'][0]['registered']['date']}</arg>
<arg>\\d{4}-\\d{2}-\\d{2}T\\d{2}:\\d{2}:\\d{2}\\.\\d{3}Z</arg>
<doc>Fails if ``string`` does not match ``pattern`` as a regular expression.</doc>
<status status="PASS" start="2024-08-05T18:21:07.687927" elapsed="0.000369"/>
</kw>
<kw name="Should Match Regexp" owner="BuiltIn">
<arg>${json_data['results'][0]['picture']['large']}</arg>
<arg>^https?://.*\.(?:png|jpe?g|gif|bmp)$</arg>
<doc>Fails if ``string`` does not match ``pattern`` as a regular expression.</doc>
<status status="PASS" start="2024-08-05T18:21:07.688479" elapsed="0.000456"/>
</kw>
<kw name="Should Match Regexp" owner="BuiltIn">
<arg>${json_data['results'][0]['picture']['medium']}</arg>
<arg>^https?://.*\.(?:png|jpe?g|gif|bmp)$</arg>
<doc>Fails if ``string`` does not match ``pattern`` as a regular expression.</doc>
<status status="PASS" start="2024-08-05T18:21:07.689122" elapsed="0.000356"/>
</kw>
<kw name="Should Match Regexp" owner="BuiltIn">
<arg>${json_data['results'][0]['picture']['thumbnail']}</arg>
<arg>^https?://.*\.(?:png|jpe?g|gif|bmp)$</arg>
<doc>Fails if ``string`` does not match ``pattern`` as a regular expression.</doc>
<status status="PASS" start="2024-08-05T18:21:07.689658" elapsed="0.000348"/>
</kw>
<kw name="Log" owner="BuiltIn">
<msg time="2024-08-05T18:21:07.690513" level="INFO">{'large': 'https://randomuser.me/api/portraits/women/71.jpg', 'medium': 'https://randomuser.me/api/portraits/med/women/71.jpg', 'thumbnail': 'https://randomuser.me/api/portraits/thumb/women/71.jpg'}</msg>
<arg>${json_data['results'][0]['picture']}</arg>
<doc>Logs the given message with the given level.</doc>
<status status="PASS" start="2024-08-05T18:21:07.690186" elapsed="0.000371"/>
</kw>
<status status="PASS" start="2024-08-05T18:21:07.439966" elapsed="0.250852"/>
</kw>
<kw name="Teste de Tipos de Dados - Postcode" owner="random-user-service">
<kw name="GET On Session" owner="RequestsLibrary">
<msg time="2024-08-05T18:21:07.862285" level="INFO">GET Request : url=https://randomuser.me/api 
 path_url=/api 
 headers={'User-Agent': 'python-requests/2.32.3', 'Accept-Encoding': 'gzip, deflate', 'Accept': '*/*', 'Connection': 'keep-alive'} 
 body=None 
 </msg>
<msg time="2024-08-05T18:21:07.862380" level="INFO">GET Response : url=https://randomuser.me/api 
 status=200, reason=OK 
 headers={'Date': 'Mon, 05 Aug 2024 18:21:07 GMT', 'Content-Type': 'application/json; charset=utf-8', 'Transfer-Encoding': 'chunked', 'Connection': 'keep-alive', 'X-Powered-By': 'Express', 'Access-Control-Allow-Origin': '*', 'Cache-Control': 'no-cache', 'ETag': 'W/"4b5-6zwXnrzuGpO5AdWmU0EJTxpNTBA"', 'Vary': 'Accept-Encoding', 'Content-Encoding': 'gzip', 'CF-Cache-Status': 'DYNAMIC', 'Report-To': '{"endpoints":[{"url":"https:\\/\\/a.nel.cloudflare.com\\/report\\/v4?s=SJ%2Bl82pbTrNWQtTBSeACkKAYPuzn9qd9Yi%2BjRUM32mcOTz0j8fSBHrTit3SlEawm1439gCjkpg0DIyuHHqCEWD%2BiZDxZtkA5SCFeJmCc7Z3tUdd2SicYKWkXfTw35Z64"}],"group":"cf-nel","max_age":604800}', 'NEL': '{"success_fraction":0,"report_to":"cf-nel","max_age":604800}', 'Server': 'cloudflare', 'CF-RAY': '8ae8ce1b1e37c9bc-IAD', 'alt-svc': 'h3=":443"; ma=86400'} 
 body={"results":[{"gender":"male","name":{"title":"Monsieur","first":"Dimitri","last":"Henry"},"location":{"street":{"number":1815,"name":"Rue de L'Abbé-Grégoire"},"city":"Flums","state":"Schaffhausen","country":"Switzerland","postcode":7238,"coordinates":{"latitude":"-58.5404","longitude":"-25.3513"},"timezone":{"offset":"0:00","description":"Western Europe Time, London, Lisbon, Casablanca"}},"email":"dimitri.henry@example.com","login":{"uuid":"37728492-db61-4e93-ab3c-226abcf72325","username":"bluerabbit230","password":"readers","salt":"ZUzg4MlN","md5":"cad1984c78c511d9e1f122085df86176","sha1":"ac240dc339e1e9ab4015df53ceae98d4c2e73321","sha256":"47856d9bfe9e432ed76cd5bf8df624034616821271936f14ef9da9f3fed59120"},"dob":{"date":"1953-08-17T02:14:00.775Z","age":70},"registered":{"date":"2009-11-05T04:11:31.234Z","age":14},"phone":"078 941 21 37","cell":"076 503 87 36","id":{"name":"AVS","value":"756.8389.1299.45"},"picture":{"large":"https://randomuser.me/api/portraits/men/64.jpg","medium":"https://randomuser.me/api/portraits/med/men/64.jpg","thumbnail":"https://randomuser.me/api/portraits/thumb/men/64.jpg"},"nat":"CH"}],"info":{"seed":"4af151a1a169f327","results":1,"page":1,"version":"1.4"}} 
 </msg>
<msg time="2024-08-05T18:21:07.862451" level="INFO">/opt/hostedtoolcache/Python/3.12.4/x64/lib/python3.12/site-packages/urllib3/connectionpool.py:1099: InsecureRequestWarning: Unverified HTTPS request is being made to host 'randomuser.me'. Adding certificate verification is strongly advised. See: https://urllib3.readthedocs.io/en/latest/advanced-usage.html#tls-warnings
  warnings.warn(</msg>
<msg time="2024-08-05T18:21:07.862578" level="INFO">${response} = &lt;Response [200]&gt;</msg>
<var>${response}</var>
<arg>consultarAPI</arg>
<arg>/api</arg>
<doc>Sends a GET request on a previously created HTTP Session.</doc>
<status status="PASS" start="2024-08-05T18:21:07.691305" elapsed="0.171311"/>
</kw>
<kw name="Set Variable" owner="BuiltIn">
<msg time="2024-08-05T18:21:07.863846" level="INFO">${json_data} = {'results': [{'gender': 'male', 'name': {'title': 'Monsieur', 'first': 'Dimitri', 'last': 'Henry'}, 'location': {'street': {'number': 1815, 'name': "Rue de L'Abbé-Grégoire"}, 'city': 'Flums', 'state':...</msg>
<var>${json_data}</var>
<arg>${response.json()}</arg>
<doc>Returns the given values which can then be assigned to a variables.</doc>
<status status="PASS" start="2024-08-05T18:21:07.863293" elapsed="0.000582"/>
</kw>
<kw name="Log" owner="BuiltIn">
<msg time="2024-08-05T18:21:07.864346" level="INFO">{'results': [{'gender': 'male', 'name': {'title': 'Monsieur', 'first': 'Dimitri', 'last': 'Henry'}, 'location': {'street': {'number': 1815, 'name': "Rue de L'Abbé-Grégoire"}, 'city': 'Flums', 'state': 'Schaffhausen', 'country': 'Switzerland', 'postcode': 7238, 'coordinates': {'latitude': '-58.5404', 'longitude': '-25.3513'}, 'timezone': {'offset': '0:00', 'description': 'Western Europe Time, London, Lisbon, Casablanca'}}, 'email': 'dimitri.henry@example.com', 'login': {'uuid': '37728492-db61-4e93-ab3c-226abcf72325', 'username': 'bluerabbit230', 'password': 'readers', 'salt': 'ZUzg4MlN', 'md5': 'cad1984c78c511d9e1f122085df86176', 'sha1': 'ac240dc339e1e9ab4015df53ceae98d4c2e73321', 'sha256': '47856d9bfe9e432ed76cd5bf8df624034616821271936f14ef9da9f3fed59120'}, 'dob': {'date': '1953-08-17T02:14:00.775Z', 'age': 70}, 'registered': {'date': '2009-11-05T04:11:31.234Z', 'age': 14}, 'phone': '078 941 21 37', 'cell': '076 503 87 36', 'id': {'name': 'AVS', 'value': '756.8389.1299.45'}, 'picture': {'large': 'https://randomuser.me/api/portraits/men/64.jpg', 'medium': 'https://randomuser.me/api/portraits/med/men/64.jpg', 'thumbnail': 'https://randomuser.me/api/portraits/thumb/men/64.jpg'}, 'nat': 'CH'}], 'info': {'seed': '4af151a1a169f327', 'results': 1, 'page': 1, 'version': '1.4'}}</msg>
<arg>${json_data}</arg>
<doc>Logs the given message with the given level.</doc>
<status status="PASS" start="2024-08-05T18:21:07.864182" elapsed="0.000213"/>
</kw>
<kw name="Should Be Equal As Numbers" owner="BuiltIn">
<arg>${json_data['results'][0]['location']['postcode']}</arg>
<arg>${json_data['results'][0]['location']['postcode']}</arg>
<doc>Fails if objects are unequal after converting them to real numbers.</doc>
<status status="PASS" start="2024-08-05T18:21:07.864696" elapsed="0.000656"/>
</kw>
<kw name="Log" owner="BuiltIn">
<msg time="2024-08-05T18:21:07.865872" level="INFO">7238</msg>
<arg>${json_data['results'][0]['location']['postcode']}</arg>
<doc>Logs the given message with the given level.</doc>
<status status="PASS" start="2024-08-05T18:21:07.865541" elapsed="0.000372"/>
</kw>
<status status="PASS" start="2024-08-05T18:21:07.691047" elapsed="0.175124"/>
</kw>
<doc>Testa se os tipos de dados na resposta da API estão corretos.</doc>
<tag>testeTiposDados</tag>
<status status="PASS" start="2024-08-05T18:21:07.439500" elapsed="0.426844"/>
</test>
<test id="s1-s1-t5" name="Validar conteudo" line="35">
<kw name="Teste de Tipos de Conteudo" owner="random-user-service">
<kw name="GET On Session" owner="RequestsLibrary">
<msg time="2024-08-05T18:21:07.965857" level="INFO">GET Request : url=https://randomuser.me/api 
 path_url=/api 
 headers={'User-Agent': 'python-requests/2.32.3', 'Accept-Encoding': 'gzip, deflate', 'Accept': '*/*', 'Connection': 'keep-alive'} 
 body=None 
 </msg>
<msg time="2024-08-05T18:21:07.965966" level="INFO">GET Response : url=https://randomuser.me/api 
 status=200, reason=OK 
 headers={'Date': 'Mon, 05 Aug 2024 18:21:07 GMT', 'Content-Type': 'application/json; charset=utf-8', 'Transfer-Encoding': 'chunked', 'Connection': 'keep-alive', 'X-Powered-By': 'Express', 'Access-Control-Allow-Origin': '*', 'Cache-Control': 'no-cache', 'ETag': 'W/"477-RhAen0oFqMMBHOs4MRmJKNy+as4"', 'Vary': 'Accept-Encoding', 'Content-Encoding': 'gzip', 'CF-Cache-Status': 'DYNAMIC', 'Report-To': '{"endpoints":[{"url":"https:\\/\\/a.nel.cloudflare.com\\/report\\/v4?s=9TzJAryQNJohlxLK38sqqLm8%2FeYpyKn2ZWEHeASGhoNa5Oru%2FyarznZDEq1cUC3CM8Tjix19Y6bLpceR298QmnLkO%2FMrO3VgmiPiFZg6HqmFJextmizgJ32pBegAwOxM"}],"group":"cf-nel","max_age":604800}', 'NEL': '{"success_fraction":0,"report_to":"cf-nel","max_age":604800}', 'Server': 'cloudflare', 'CF-RAY': '8ae8ce1c3a59c9bc-IAD', 'alt-svc': 'h3=":443"; ma=86400'} 
 body={"results":[{"gender":"female","name":{"title":"Ms","first":"Aubree","last":"Taylor"},"location":{"street":{"number":9664,"name":"22nd Ave"},"city":"Woodstock","state":"Yukon","country":"Canada","postcode":"Z5I 0J7","coordinates":{"latitude":"-64.7024","longitude":"0.7252"},"timezone":{"offset":"+9:30","description":"Adelaide, Darwin"}},"email":"aubree.taylor@example.com","login":{"uuid":"2ecef0ff-7359-45a2-8906-7b340d2739a3","username":"greenladybug749","password":"1957","salt":"mwMtPjdL","md5":"49b0079f0cb27063106768483fcf0d67","sha1":"178db6e8236d1a64b97ff6cc5cb365da28371f78","sha256":"ef0382158e157295a50fa614ef059295555ed77bdb7827eac52b9229c6da852e"},"dob":{"date":"1956-10-06T14:03:06.964Z","age":67},"registered":{"date":"2008-03-13T18:50:19.048Z","age":16},"phone":"V14 F56-2388","cell":"G32 W82-6537","id":{"name":"SIN","value":"956800684"},"picture":{"large":"https://randomuser.me/api/portraits/women/1.jpg","medium":"https://randomuser.me/api/portraits/med/women/1.jpg","thumbnail":"https://randomuser.me/api/portraits/thumb/women/1.jpg"},"nat":"CA"}],"info":{"seed":"4f9ecc7ac9581729","results":1,"page":1,"version":"1.4"}} 
 </msg>
<msg time="2024-08-05T18:21:07.966047" level="INFO">/opt/hostedtoolcache/Python/3.12.4/x64/lib/python3.12/site-packages/urllib3/connectionpool.py:1099: InsecureRequestWarning: Unverified HTTPS request is being made to host 'randomuser.me'. Adding certificate verification is strongly advised. See: https://urllib3.readthedocs.io/en/latest/advanced-usage.html#tls-warnings
  warnings.warn(</msg>
<msg time="2024-08-05T18:21:07.966187" level="INFO">${response} = &lt;Response [200]&gt;</msg>
<var>${response}</var>
<arg>consultarAPI</arg>
<arg>/api</arg>
<doc>Sends a GET request on a previously created HTTP Session.</doc>
<status status="PASS" start="2024-08-05T18:21:07.869179" elapsed="0.097054"/>
</kw>
<kw name="Set Variable" owner="BuiltIn">
<msg time="2024-08-05T18:21:07.967476" level="INFO">${json_data} = {'results': [{'gender': 'female', 'name': {'title': 'Ms', 'first': 'Aubree', 'last': 'Taylor'}, 'location': {'street': {'number': 9664, 'name': '22nd Ave'}, 'city': 'Woodstock', 'state': 'Yukon', 'cou...</msg>
<var>${json_data}</var>
<arg>${response.json()}</arg>
<doc>Returns the given values which can then be assigned to a variables.</doc>
<status status="PASS" start="2024-08-05T18:21:07.966859" elapsed="0.000646"/>
</kw>
<kw name="Set Variable" owner="BuiltIn">
<msg time="2024-08-05T18:21:07.968191" level="INFO">${name_title} = Ms</msg>
<var>${name_title}</var>
<arg>${json_data["results"][0]["name"]["title"]}</arg>
<doc>Returns the given values which can then be assigned to a variables.</doc>
<status status="PASS" start="2024-08-05T18:21:07.967811" elapsed="0.000405"/>
</kw>
<kw name="Create List" owner="BuiltIn">
<msg time="2024-08-05T18:21:07.968667" level="INFO">${allowed_titles} = ['Mr', 'Ms', 'Miss', 'Mrs', 'Madame', 'Monsieur']</msg>
<var>${allowed_titles}</var>
<arg>Mr</arg>
<arg>Ms</arg>
<arg>Miss</arg>
<arg>Mrs</arg>
<arg>Madame</arg>
<arg>Monsieur</arg>
<doc>Returns a list containing given items.</doc>
<status status="PASS" start="2024-08-05T18:21:07.968518" elapsed="0.000173"/>
</kw>
<kw name="List Should Contain Value" owner="Collections">
<arg>${allowed_titles}</arg>
<arg>${name_title}</arg>
<doc>Fails if the ``value`` is not found from ``list``.</doc>
<status status="PASS" start="2024-08-05T18:21:07.968986" elapsed="0.000185"/>
</kw>
<kw name="Set Variable" owner="BuiltIn">
<msg time="2024-08-05T18:21:07.969738" level="INFO">${name_country} = CA</msg>
<var>${name_country}</var>
<arg>${json_data["results"][0]["nat"]}</arg>
<doc>Returns the given values which can then be assigned to a variables.</doc>
<status status="PASS" start="2024-08-05T18:21:07.969358" elapsed="0.000405"/>
</kw>
<kw name="Create List" owner="BuiltIn">
<msg time="2024-08-05T18:21:07.970648" level="INFO">${list_country} = ['AD', 'AE', 'AF', 'AG', 'AI', 'AL', 'AM', 'AO', 'AQ', 'AR', 'AS', 'AT', 'AU', 'AW', 'AX', 'AZ', 'BA', 'BB', 'BD', 'BE', 'BF', 'BG', 'BH', 'BI', 'BJ', 'BL', 'BM', 'BN', 'BO', 'BQ', 'BR', 'BS', 'BT', '...</msg>
<var>${list_country}</var>
<arg>AD</arg>
<arg>AE</arg>
<arg>AF</arg>
<arg>AG</arg>
<arg>AI</arg>
<arg>AL</arg>
<arg>AM</arg>
<arg>AO</arg>
<arg>AQ</arg>
<arg>AR</arg>
<arg>AS</arg>
<arg>AT</arg>
<arg>AU</arg>
<arg>AW</arg>
<arg>AX</arg>
<arg>AZ</arg>
<arg>BA</arg>
<arg>BB</arg>
<arg>BD</arg>
<arg>BE</arg>
<arg>BF</arg>
<arg>BG</arg>
<arg>BH</arg>
<arg>BI</arg>
<arg>BJ</arg>
<arg>BL</arg>
<arg>BM</arg>
<arg>BN</arg>
<arg>BO</arg>
<arg>BQ</arg>
<arg>BR</arg>
<arg>BS</arg>
<arg>BT</arg>
<arg>BV</arg>
<arg>BW</arg>
<arg>BY</arg>
<arg>BZ</arg>
<arg>CA</arg>
<arg>CC</arg>
<arg>CD</arg>
<arg>CF</arg>
<arg>CG</arg>
<arg>CH</arg>
<arg>CI</arg>
<arg>CK</arg>
<arg>CL</arg>
<arg>CM</arg>
<arg>CN</arg>
<arg>CO</arg>
<arg>CR</arg>
<arg>CU</arg>
<arg>CV</arg>
<arg>CW</arg>
<arg>CX</arg>
<arg>CY</arg>
<arg>CZ</arg>
<arg>DE</arg>
<arg>DJ</arg>
<arg>DK</arg>
<arg>DM</arg>
<arg>DO</arg>
<arg>DZ</arg>
<arg>EC</arg>
<arg>EE</arg>
<arg>EG</arg>
<arg>EH</arg>
<arg>ER</arg>
<arg>ES</arg>
<arg>ET</arg>
<arg>FI</arg>
<arg>FJ</arg>
<arg>FK</arg>
<arg>FM</arg>
<arg>FO</arg>
<arg>FR</arg>
<arg>GA</arg>
<arg>GB</arg>
<arg>GD</arg>
<arg>GE</arg>
<arg>GF</arg>
<arg>GG</arg>
<arg>GH</arg>
<arg>GI</arg>
<arg>GL</arg>
<arg>GM</arg>
<arg>GN</arg>
<arg>GP</arg>
<arg>GQ</arg>
<arg>GR</arg>
<arg>GS</arg>
<arg>GT</arg>
<arg>GU</arg>
<arg>GW</arg>
<arg>GY</arg>
<arg>HK</arg>
<arg>HM</arg>
<arg>HN</arg>
<arg>HR</arg>
<arg>HT</arg>
<arg>HU</arg>
<arg>ID</arg>
<arg>IE</arg>
<arg>IL</arg>
<arg>IM</arg>
<arg>IN</arg>
<arg>IO</arg>
<arg>IQ</arg>
<arg>IR</arg>
<arg>IS</arg>
<arg>IT</arg>
<arg>JE</arg>
<arg>JM</arg>
<arg>JO</arg>
<arg>JP</arg>
<arg>KE</arg>
<arg>KG</arg>
<arg>KH</arg>
<arg>KI</arg>
<arg>KM</arg>
<arg>KN</arg>
<arg>KP</arg>
<arg>KR</arg>
<arg>KW</arg>
<arg>KY</arg>
<arg>KZ</arg>
<arg>LA</arg>
<arg>LB</arg>
<arg>LC</arg>
<arg>LI</arg>
<arg>LK</arg>
<arg>LR</arg>
<arg>LS</arg>
<arg>LT</arg>
<arg>LU</arg>
<arg>LV</arg>
<arg>LY</arg>
<arg>MA</arg>
<arg>MC</arg>
<arg>MD</arg>
<arg>ME</arg>
<arg>MF</arg>
<arg>MG</arg>
<arg>MH</arg>
<arg>MK</arg>
<arg>ML</arg>
<arg>MM</arg>
<arg>MN</arg>
<arg>MO</arg>
<arg>MP</arg>
<arg>MQ</arg>
<arg>MR</arg>
<arg>MS</arg>
<arg>MT</arg>
<arg>MU</arg>
<arg>MV</arg>
<arg>MW</arg>
<arg>MX</arg>
<arg>MY</arg>
<arg>MZ</arg>
<arg>NA</arg>
<arg>NC</arg>
<arg>NE</arg>
<arg>NF</arg>
<arg>NG</arg>
<arg>NI</arg>
<arg>NL</arg>
<arg>NO</arg>
<arg>NP</arg>
<arg>NR</arg>
<arg>NU</arg>
<arg>NZ</arg>
<arg>OM</arg>
<arg>PA</arg>
<arg>PE</arg>
<arg>PF</arg>
<arg>PG</arg>
<arg>PH</arg>
<arg>PK</arg>
<arg>PL</arg>
<arg>PM</arg>
<arg>PN</arg>
<arg>PR</arg>
<arg>PS</arg>
<arg>PT</arg>
<arg>PW</arg>
<arg>PY</arg>
<arg>QA</arg>
<arg>RE</arg>
<arg>RO</arg>
<arg>RS</arg>
<arg>RU</arg>
<arg>RW</arg>
<arg>SA</arg>
<arg>SB</arg>
<arg>SC</arg>
<arg>SD</arg>
<arg>SE</arg>
<arg>SG</arg>
<arg>SH</arg>
<arg>SI</arg>
<arg>SJ</arg>
<arg>SK</arg>
<arg>SL</arg>
<arg>SM</arg>
<arg>SN</arg>
<arg>SO</arg>
<arg>SR</arg>
<arg>SS</arg>
<arg>ST</arg>
<arg>SV</arg>
<arg>SX</arg>
<arg>SY</arg>
<arg>SZ</arg>
<arg>TC</arg>
<arg>TD</arg>
<arg>TF</arg>
<arg>TG</arg>
<arg>TH</arg>
<arg>TJ</arg>
<arg>TK</arg>
<arg>TL</arg>
<arg>TM</arg>
<arg>TN</arg>
<arg>TO</arg>
<arg>TR</arg>
<arg>TT</arg>
<arg>TV</arg>
<arg>TW</arg>
<arg>TZ</arg>
<arg>UA</arg>
<arg>UG</arg>
<arg>UM</arg>
<arg>US</arg>
<arg>UY</arg>
<arg>UZ</arg>
<arg>VA</arg>
<arg>VC</arg>
<arg>VE</arg>
<arg>VG</arg>
<arg>VI</arg>
<arg>VN</arg>
<arg>VU</arg>
<arg>WF</arg>
<arg>WS</arg>
<arg>XK</arg>
<arg>YE</arg>
<arg>YT</arg>
<arg>ZA</arg>
<arg>ZM</arg>
<arg>ZW</arg>
<doc>Returns a list containing given items.</doc>
<status status="PASS" start="2024-08-05T18:21:07.970052" elapsed="0.000622"/>
</kw>
<kw name="List Should Contain Value" owner="Collections">
<arg>${list_country}</arg>
<arg>${name_country}</arg>
<doc>Fails if the ``value`` is not found from ``list``.</doc>
<status status="PASS" start="2024-08-05T18:21:07.971712" elapsed="0.000229"/>
</kw>
<kw name="Run Keyword If" owner="BuiltIn">
<kw name="Should Be True" owner="BuiltIn">
<arg>${True}</arg>
<doc>Fails if the given condition is not true.</doc>
<status status="PASS" start="2024-08-05T18:21:07.973138" elapsed="0.000204"/>
</kw>
<arg>${json_data["results"][0]["location"]["coordinates"]["latitude"]} &gt;= -90 and ${json_data["results"][0]["location"]["coordinates"]["latitude"]} &lt;= 90</arg>
<arg>Should Be True</arg>
<arg>${True}</arg>
<doc>Runs the given keyword with the given arguments, if ``condition`` is true.</doc>
<status status="PASS" start="2024-08-05T18:21:07.972152" elapsed="0.001349"/>
</kw>
<kw name="Run Keyword If" owner="BuiltIn">
<kw name="Should Be True" owner="BuiltIn">
<arg>${True}</arg>
<doc>Fails if the given condition is not true.</doc>
<status status="PASS" start="2024-08-05T18:21:07.974722" elapsed="0.000173"/>
</kw>
<arg>${json_data["results"][0]["location"]["coordinates"]["longitude"]} &gt;= -180 and ${json_data["results"][0]["location"]["coordinates"]["longitude"]} &lt;= 180</arg>
<arg>Should Be True</arg>
<arg>${True}</arg>
<doc>Runs the given keyword with the given arguments, if ``condition`` is true.</doc>
<status status="PASS" start="2024-08-05T18:21:07.973734" elapsed="0.001330"/>
</kw>
<status status="PASS" start="2024-08-05T18:21:07.868804" elapsed="0.106466"/>
</kw>
<doc>Testa o conteúdo específico dos campos retornados pela API.</doc>
<tag>testeConteudo</tag>
<status status="PASS" start="2024-08-05T18:21:07.868128" elapsed="0.107345"/>
</test>
<status status="PASS" start="2024-08-05T18:21:06.168884" elapsed="1.808616"/>
</suite>
<status status="PASS" start="2024-08-05T18:21:06.154293" elapsed="1.828350"/>
</suite>
<statistics>
<total>
<stat pass="5" fail="0" skip="0">All Tests</stat>
</total>
<tag>
<stat pass="1" fail="0" skip="0">testeConteudo</stat>
<stat pass="1" fail="0" skip="0">testeEstruturaResposta</stat>
<stat pass="1" fail="0" skip="0">testeRequisicaoBasica</stat>
<stat pass="1" fail="0" skip="0">testeTiposDados</stat>
</tag>
<suite>
<stat pass="5" fail="0" skip="0" id="s1" name="Tests">Tests</stat>
<stat pass="5" fail="0" skip="0" id="s1-s1" name="Random-User-Test">Tests.Random-User-Test</stat>
</suite>
</statistics>
<errors>
</errors>
</robot>
