<?xml version="1.0" encoding="UTF-8"?>
<robot generator="Robot 7.0 (Python 3.12.3 on linux)" generated="2024-05-26T20:14:01.259981" rpa="false" schemaversion="5">
<suite id="s1" name="Tests" source="/home/runner/work/ApiRandomUser/ApiRandomUser/RamdonUser/tests">
<suite id="s1-s1" name="Random-User-Test" source="/home/runner/work/ApiRandomUser/ApiRandomUser/RamdonUser/tests/random-user-test.robot">
<test id="s1-s1-t1" name="Conectar" line="13">
<kw name="Conectar API" owner="random-user-service">
<kw name="Create Session" owner="RequestsLibrary">
<msg time="2024-05-26T20:14:01.655463" level="INFO">Creating Session using : alias=consultarAPI, url=https://randomuser.me/, headers={},                     cookies={}, auth=None, timeout=None, proxies=None, verify=False,                     debug=0 </msg>
<arg>consultarAPI</arg>
<arg>${URL}</arg>
<doc>Create Session: create a HTTP session to a server</doc>
<status status="PASS" start="2024-05-26T20:14:01.655256" elapsed="0.000391"/>
</kw>
<status status="PASS" start="2024-05-26T20:14:01.654197" elapsed="0.001816"/>
</kw>
<status status="PASS" start="2024-05-26T20:14:01.653625" elapsed="0.002581"/>
</test>
<test id="s1-s1-t2" name="Validar retorno 200 e JSON Válido" line="16">
<kw name="Teste de Requisicao Basica" owner="random-user-service">
<kw name="GET On Session" owner="RequestsLibrary">
<msg time="2024-05-26T20:14:01.722770" level="INFO">GET Request : url=https://randomuser.me/api 
 path_url=/api 
 headers={'User-Agent': 'python-requests/2.32.2', 'Accept-Encoding': 'gzip, deflate', 'Accept': '*/*', 'Connection': 'keep-alive'} 
 body=None 
 </msg>
<msg time="2024-05-26T20:14:01.722912" level="INFO">GET Response : url=https://randomuser.me/api 
 status=200, reason=OK 
 headers={'Date': 'Sun, 26 May 2024 20:14:01 GMT', 'Content-Type': 'application/json; charset=utf-8', 'Transfer-Encoding': 'chunked', 'Connection': 'keep-alive', 'X-Powered-By': 'Express', 'Access-Control-Allow-Origin': '*', 'Cache-Control': 'no-cache', 'ETag': 'W/"47c-7FgGtVFFLU0qJ2F2WT8QmQpOZA8"', 'Vary': 'Accept-Encoding', 'Content-Encoding': 'gzip', 'CF-Cache-Status': 'DYNAMIC', 'Report-To': '{"endpoints":[{"url":"https:\\/\\/a.nel.cloudflare.com\\/report\\/v4?s=PfCCKUSuZGZIPgu709Uxh6jXUX4QZLXrDSP90qNzaRefkT%2BPvHxgn7pLrVwtLrHxaqjtKamXp%2F8YzQZSbX4F%2B2rOfjPowBn2QyPYcIIltnQFpgyT%2FscD3FmN8f%2BudhCP"}],"group":"cf-nel","max_age":604800}', 'NEL': '{"success_fraction":0,"report_to":"cf-nel","max_age":604800}', 'Server': 'cloudflare', 'CF-RAY': '88a06ddc9d1707e9-IAD', 'alt-svc': 'h3=":443"; ma=86400'} 
 body={"results":[{"gender":"male","name":{"title":"Mr","first":"Wyatt","last":"Sutton"},"location":{"street":{"number":714,"name":"George Street"},"city":"Gorey","state":"Meath","country":"Ireland","postcode":84521,"coordinates":{"latitude":"-3.1227","longitude":"-12.9757"},"timezone":{"offset":"-3:00","description":"Brazil, Buenos Aires, Georgetown"}},"email":"wyatt.sutton@example.com","login":{"uuid":"fe5136ad-9e45-4e4c-a9d3-4bf6f717874c","username":"smallduck360","password":"mariner","salt":"J6qx5sVM","md5":"1addb38f10881cf0bd89fad011aad330","sha1":"366fe0a2c51585f380b282ce216696dd851e5a2b","sha256":"6cca321f9636ccb95d086b9cb2c8a539d39331dc75e54d143b9510135e20b623"},"dob":{"date":"1985-01-07T04:58:20.232Z","age":39},"registered":{"date":"2021-09-03T09:37:59.998Z","age":2},"phone":"071-404-5427","cell":"081-992-3172","id":{"name":"PPS","value":"0150559T"},"picture":{"large":"https://randomuser.me/api/portraits/men/39.jpg","medium":"https://randomuser.me/api/portraits/med/men/39.jpg","thumbnail":"https://randomuser.me/api/portraits/thumb/men/39.jpg"},"nat":"IE"}],"info":{"seed":"42ec44dec0836358","results":1,"page":1,"version":"1.4"}} 
 </msg>
<msg time="2024-05-26T20:14:01.722988" level="INFO">/opt/hostedtoolcache/Python/3.12.3/x64/lib/python3.12/site-packages/urllib3/connectionpool.py:1103: InsecureRequestWarning: Unverified HTTPS request is being made to host 'randomuser.me'. Adding certificate verification is strongly advised. See: https://urllib3.readthedocs.io/en/latest/advanced-usage.html#tls-warnings
  warnings.warn(</msg>
<msg time="2024-05-26T20:14:01.723104" level="INFO">${response} = &lt;Response [200]&gt;</msg>
<var>${response}</var>
<arg>consultarAPI</arg>
<arg>/api</arg>
<doc>Sends a GET request on a previously created HTTP Session.</doc>
<status status="PASS" start="2024-05-26T20:14:01.658883" elapsed="0.064265"/>
</kw>
<kw name="Should Be Equal As Numbers" owner="BuiltIn">
<msg time="2024-05-26T20:14:01.724095" level="INFO">Argument types are:
&lt;class 'int'&gt;
&lt;class 'str'&gt;</msg>
<arg>${response.status_code}</arg>
<arg>200</arg>
<doc>Fails if objects are unequal after converting them to real numbers.</doc>
<status status="PASS" start="2024-05-26T20:14:01.723664" elapsed="0.000495"/>
</kw>
<kw name="Log" owner="BuiltIn">
<msg time="2024-05-26T20:14:01.724852" level="INFO">200</msg>
<arg>${response.status_code}</arg>
<doc>Logs the given message with the given level.</doc>
<status status="PASS" start="2024-05-26T20:14:01.724496" elapsed="0.000405"/>
</kw>
<kw name="Set Variable" owner="BuiltIn">
<msg time="2024-05-26T20:14:01.725642" level="INFO">${json_data} = {'results': [{'gender': 'male', 'name': {'title': 'Mr', 'first': 'Wyatt', 'last': 'Sutton'}, 'location': {'street': {'number': 714, 'name': 'George Street'}, 'city': 'Gorey', 'state': 'Meath', 'countr...</msg>
<var>${json_data}</var>
<arg>${response.json()}</arg>
<doc>Returns the given values which can then be assigned to a variables.</doc>
<status status="PASS" start="2024-05-26T20:14:01.725212" elapsed="0.000458"/>
</kw>
<kw name="Dictionary Should Contain Key" owner="Collections">
<msg time="2024-05-26T20:14:01.726183" level="INFO">False</msg>
<arg>${json_data}</arg>
<arg>results</arg>
<doc>Fails if ``key`` is not found from ``dictionary``.</doc>
<status status="PASS" start="2024-05-26T20:14:01.725973" elapsed="0.000406"/>
</kw>
<status status="PASS" start="2024-05-26T20:14:01.658637" elapsed="0.068009"/>
</kw>
<doc>Testa se a API responde corretamente e retorna um objeto JSON válido.</doc>
<tag>testeRequisicaoBasica</tag>
<status status="PASS" start="2024-05-26T20:14:01.658087" elapsed="0.068735"/>
</test>
<test id="s1-s1-t3" name="Validar estrutura de resposta" line="22">
<kw name="Teste de Estrutura de Resposta" owner="random-user-service">
<kw name="GET On Session" owner="RequestsLibrary">
<msg time="2024-05-26T20:14:01.823748" level="INFO">GET Request : url=https://randomuser.me/api 
 path_url=/api 
 headers={'User-Agent': 'python-requests/2.32.2', 'Accept-Encoding': 'gzip, deflate', 'Accept': '*/*', 'Connection': 'keep-alive'} 
 body=None 
 </msg>
<msg time="2024-05-26T20:14:01.823864" level="INFO">GET Response : url=https://randomuser.me/api 
 status=200, reason=OK 
 headers={'Date': 'Sun, 26 May 2024 20:14:01 GMT', 'Content-Type': 'application/json; charset=utf-8', 'Transfer-Encoding': 'chunked', 'Connection': 'keep-alive', 'X-Powered-By': 'Express', 'Access-Control-Allow-Origin': '*', 'Cache-Control': 'no-cache', 'ETag': 'W/"46f-dTPjptHPZrqOSmgxJY5iroLtAJI"', 'Vary': 'Accept-Encoding', 'Content-Encoding': 'gzip', 'CF-Cache-Status': 'DYNAMIC', 'Report-To': '{"endpoints":[{"url":"https:\\/\\/a.nel.cloudflare.com\\/report\\/v4?s=MwvdOO5zdefbg7NVZiN2zrg8aKFp46yGPAiQebJkNoitxVKrPRItVtR5RXDLrC8bWHSHD5E1WVD5mk%2BXJaXpHfensBVSaLyz%2Bol%2FcWtpHWwKrot%2Fs2WXN8xpDZN0dW0s"}],"group":"cf-nel","max_age":604800}', 'NEL': '{"success_fraction":0,"report_to":"cf-nel","max_age":604800}', 'Server': 'cloudflare', 'CF-RAY': '88a06ddcdd4c07e9-IAD', 'alt-svc': 'h3=":443"; ma=86400'} 
 body={"results":[{"gender":"male","name":{"title":"Mr","first":"Ahmet","last":"Sezek"},"location":{"street":{"number":7911,"name":"Abanoz Sk"},"city":"Ordu","state":"Giresun","country":"Turkey","postcode":49249,"coordinates":{"latitude":"71.7374","longitude":"-129.3767"},"timezone":{"offset":"-1:00","description":"Azores, Cape Verde Islands"}},"email":"ahmet.sezek@example.com","login":{"uuid":"0b6c6a56-ac5d-421d-a192-b83a4cdea23e","username":"purpledog741","password":"anything","salt":"PXvZle13","md5":"963025e0aec39131777f7e283bf86916","sha1":"ad069078f14c59857480cdc12bb7566cd0b7efd0","sha256":"8766666ac4e1f4975f62c40d23bd7911f7c9b01359f22e12a9703d2592f2c1c4"},"dob":{"date":"1973-04-13T00:58:09.403Z","age":51},"registered":{"date":"2006-04-02T03:09:17.379Z","age":18},"phone":"(278)-961-2885","cell":"(718)-011-9364","id":{"name":"","value":null},"picture":{"large":"https://randomuser.me/api/portraits/men/63.jpg","medium":"https://randomuser.me/api/portraits/med/men/63.jpg","thumbnail":"https://randomuser.me/api/portraits/thumb/men/63.jpg"},"nat":"TR"}],"info":{"seed":"4036dacd86f7a9cb","results":1,"page":1,"version":"1.4"}} 
 </msg>
<msg time="2024-05-26T20:14:01.824009" level="INFO">/opt/hostedtoolcache/Python/3.12.3/x64/lib/python3.12/site-packages/urllib3/connectionpool.py:1103: InsecureRequestWarning: Unverified HTTPS request is being made to host 'randomuser.me'. Adding certificate verification is strongly advised. See: https://urllib3.readthedocs.io/en/latest/advanced-usage.html#tls-warnings
  warnings.warn(</msg>
<msg time="2024-05-26T20:14:01.824159" level="INFO">${response} = &lt;Response [200]&gt;</msg>
<var>${response}</var>
<arg>consultarAPI</arg>
<arg>/api</arg>
<doc>Sends a GET request on a previously created HTTP Session.</doc>
<status status="PASS" start="2024-05-26T20:14:01.729468" elapsed="0.094732"/>
</kw>
<kw name="Set Variable" owner="BuiltIn">
<msg time="2024-05-26T20:14:01.825400" level="INFO">${json_data} = {'results': [{'gender': 'male', 'name': {'title': 'Mr', 'first': 'Ahmet', 'last': 'Sezek'}, 'location': {'street': {'number': 7911, 'name': 'Abanoz Sk'}, 'city': 'Ordu', 'state': 'Giresun', 'country':...</msg>
<var>${json_data}</var>
<arg>${response.json()}</arg>
<doc>Returns the given values which can then be assigned to a variables.</doc>
<status status="PASS" start="2024-05-26T20:14:01.824824" elapsed="0.000605"/>
</kw>
<kw name="Log" owner="BuiltIn">
<msg time="2024-05-26T20:14:01.825902" level="INFO">{'results': [{'gender': 'male', 'name': {'title': 'Mr', 'first': 'Ahmet', 'last': 'Sezek'}, 'location': {'street': {'number': 7911, 'name': 'Abanoz Sk'}, 'city': 'Ordu', 'state': 'Giresun', 'country': 'Turkey', 'postcode': 49249, 'coordinates': {'latitude': '71.7374', 'longitude': '-129.3767'}, 'timezone': {'offset': '-1:00', 'description': 'Azores, Cape Verde Islands'}}, 'email': 'ahmet.sezek@example.com', 'login': {'uuid': '0b6c6a56-ac5d-421d-a192-b83a4cdea23e', 'username': 'purpledog741', 'password': 'anything', 'salt': 'PXvZle13', 'md5': '963025e0aec39131777f7e283bf86916', 'sha1': 'ad069078f14c59857480cdc12bb7566cd0b7efd0', 'sha256': '8766666ac4e1f4975f62c40d23bd7911f7c9b01359f22e12a9703d2592f2c1c4'}, 'dob': {'date': '1973-04-13T00:58:09.403Z', 'age': 51}, 'registered': {'date': '2006-04-02T03:09:17.379Z', 'age': 18}, 'phone': '(278)-961-2885', 'cell': '(718)-011-9364', 'id': {'name': '', 'value': None}, 'picture': {'large': 'https://randomuser.me/api/portraits/men/63.jpg', 'medium': 'https://randomuser.me/api/portraits/med/men/63.jpg', 'thumbnail': 'https://randomuser.me/api/portraits/thumb/men/63.jpg'}, 'nat': 'TR'}], 'info': {'seed': '4036dacd86f7a9cb', 'results': 1, 'page': 1, 'version': '1.4'}}</msg>
<arg>${json_data}</arg>
<doc>Logs the given message with the given level.</doc>
<status status="PASS" start="2024-05-26T20:14:01.825741" elapsed="0.000209"/>
</kw>
<kw name="Dictionary Should Contain Key" owner="Collections">
<msg time="2024-05-26T20:14:01.826475" level="INFO">False</msg>
<arg>${json_data}</arg>
<arg>results</arg>
<doc>Fails if ``key`` is not found from ``dictionary``.</doc>
<status status="PASS" start="2024-05-26T20:14:01.826312" elapsed="0.000200"/>
</kw>
<kw name="Should Not Be Empty" owner="BuiltIn">
<msg time="2024-05-26T20:14:01.826948" level="INFO">Length is 2.</msg>
<arg>${json_data}</arg>
<doc>Verifies that the given item is not empty.</doc>
<status status="PASS" start="2024-05-26T20:14:01.826809" elapsed="0.000177"/>
</kw>
<kw name="Create List" owner="BuiltIn">
<msg time="2024-05-26T20:14:01.827424" level="INFO">${expected_keys} = ['gender', 'name', 'location', 'email', 'login']</msg>
<var>${expected_keys}</var>
<arg>gender</arg>
<arg>name</arg>
<arg>location</arg>
<arg>email</arg>
<arg>login</arg>
<doc>Returns a list containing given items.</doc>
<status status="PASS" start="2024-05-26T20:14:01.827277" elapsed="0.000170"/>
</kw>
<for flavor="IN">
<iter>
<kw name="Dictionary Should Contain Key" owner="Collections">
<msg time="2024-05-26T20:14:01.828450" level="INFO">False</msg>
<arg>${json_data['results'][0]}</arg>
<arg>${key}</arg>
<doc>Fails if ``key`` is not found from ``dictionary``.</doc>
<status status="PASS" start="2024-05-26T20:14:01.828047" elapsed="0.000444"/>
</kw>
<kw name="Log" owner="BuiltIn">
<msg time="2024-05-26T20:14:01.829169" level="INFO">{'gender': 'male', 'name': {'title': 'Mr', 'first': 'Ahmet', 'last': 'Sezek'}, 'location': {'street': {'number': 7911, 'name': 'Abanoz Sk'}, 'city': 'Ordu', 'state': 'Giresun', 'country': 'Turkey', 'postcode': 49249, 'coordinates': {'latitude': '71.7374', 'longitude': '-129.3767'}, 'timezone': {'offset': '-1:00', 'description': 'Azores, Cape Verde Islands'}}, 'email': 'ahmet.sezek@example.com', 'login': {'uuid': '0b6c6a56-ac5d-421d-a192-b83a4cdea23e', 'username': 'purpledog741', 'password': 'anything', 'salt': 'PXvZle13', 'md5': '963025e0aec39131777f7e283bf86916', 'sha1': 'ad069078f14c59857480cdc12bb7566cd0b7efd0', 'sha256': '8766666ac4e1f4975f62c40d23bd7911f7c9b01359f22e12a9703d2592f2c1c4'}, 'dob': {'date': '1973-04-13T00:58:09.403Z', 'age': 51}, 'registered': {'date': '2006-04-02T03:09:17.379Z', 'age': 18}, 'phone': '(278)-961-2885', 'cell': '(718)-011-9364', 'id': {'name': '', 'value': None}, 'picture': {'large': 'https://randomuser.me/api/portraits/men/63.jpg', 'medium': 'https://randomuser.me/api/portraits/med/men/63.jpg', 'thumbnail': 'https://randomuser.me/api/portraits/thumb/men/63.jpg'}, 'nat': 'TR'}</msg>
<arg>${json_data['results'][0]}</arg>
<doc>Logs the given message with the given level.</doc>
<status status="PASS" start="2024-05-26T20:14:01.828797" elapsed="0.000422"/>
</kw>
<kw name="Log" owner="BuiltIn">
<msg time="2024-05-26T20:14:01.829719" level="INFO">gender</msg>
<arg>${key}</arg>
<doc>Logs the given message with the given level.</doc>
<status status="PASS" start="2024-05-26T20:14:01.829560" elapsed="0.000198"/>
</kw>
<var name="${key}">gender</var>
<status status="PASS" start="2024-05-26T20:14:01.827915" elapsed="0.002065"/>
</iter>
<iter>
<kw name="Dictionary Should Contain Key" owner="Collections">
<msg time="2024-05-26T20:14:01.830714" level="INFO">False</msg>
<arg>${json_data['results'][0]}</arg>
<arg>${key}</arg>
<doc>Fails if ``key`` is not found from ``dictionary``.</doc>
<status status="PASS" start="2024-05-26T20:14:01.830325" elapsed="0.000426"/>
</kw>
<kw name="Log" owner="BuiltIn">
<msg time="2024-05-26T20:14:01.831438" level="INFO">{'gender': 'male', 'name': {'title': 'Mr', 'first': 'Ahmet', 'last': 'Sezek'}, 'location': {'street': {'number': 7911, 'name': 'Abanoz Sk'}, 'city': 'Ordu', 'state': 'Giresun', 'country': 'Turkey', 'postcode': 49249, 'coordinates': {'latitude': '71.7374', 'longitude': '-129.3767'}, 'timezone': {'offset': '-1:00', 'description': 'Azores, Cape Verde Islands'}}, 'email': 'ahmet.sezek@example.com', 'login': {'uuid': '0b6c6a56-ac5d-421d-a192-b83a4cdea23e', 'username': 'purpledog741', 'password': 'anything', 'salt': 'PXvZle13', 'md5': '963025e0aec39131777f7e283bf86916', 'sha1': 'ad069078f14c59857480cdc12bb7566cd0b7efd0', 'sha256': '8766666ac4e1f4975f62c40d23bd7911f7c9b01359f22e12a9703d2592f2c1c4'}, 'dob': {'date': '1973-04-13T00:58:09.403Z', 'age': 51}, 'registered': {'date': '2006-04-02T03:09:17.379Z', 'age': 18}, 'phone': '(278)-961-2885', 'cell': '(718)-011-9364', 'id': {'name': '', 'value': None}, 'picture': {'large': 'https://randomuser.me/api/portraits/men/63.jpg', 'medium': 'https://randomuser.me/api/portraits/med/men/63.jpg', 'thumbnail': 'https://randomuser.me/api/portraits/thumb/men/63.jpg'}, 'nat': 'TR'}</msg>
<arg>${json_data['results'][0]}</arg>
<doc>Logs the given message with the given level.</doc>
<status status="PASS" start="2024-05-26T20:14:01.831079" elapsed="0.000418"/>
</kw>
<kw name="Log" owner="BuiltIn">
<msg time="2024-05-26T20:14:01.831924" level="INFO">name</msg>
<arg>${key}</arg>
<doc>Logs the given message with the given level.</doc>
<status status="PASS" start="2024-05-26T20:14:01.831793" elapsed="0.000169"/>
</kw>
<var name="${key}">name</var>
<status status="PASS" start="2024-05-26T20:14:01.830206" elapsed="0.001971"/>
</iter>
<iter>
<kw name="Dictionary Should Contain Key" owner="Collections">
<msg time="2024-05-26T20:14:01.832843" level="INFO">False</msg>
<arg>${json_data['results'][0]}</arg>
<arg>${key}</arg>
<doc>Fails if ``key`` is not found from ``dictionary``.</doc>
<status status="PASS" start="2024-05-26T20:14:01.832468" elapsed="0.000413"/>
</kw>
<kw name="Log" owner="BuiltIn">
<msg time="2024-05-26T20:14:01.833545" level="INFO">{'gender': 'male', 'name': {'title': 'Mr', 'first': 'Ahmet', 'last': 'Sezek'}, 'location': {'street': {'number': 7911, 'name': 'Abanoz Sk'}, 'city': 'Ordu', 'state': 'Giresun', 'country': 'Turkey', 'postcode': 49249, 'coordinates': {'latitude': '71.7374', 'longitude': '-129.3767'}, 'timezone': {'offset': '-1:00', 'description': 'Azores, Cape Verde Islands'}}, 'email': 'ahmet.sezek@example.com', 'login': {'uuid': '0b6c6a56-ac5d-421d-a192-b83a4cdea23e', 'username': 'purpledog741', 'password': 'anything', 'salt': 'PXvZle13', 'md5': '963025e0aec39131777f7e283bf86916', 'sha1': 'ad069078f14c59857480cdc12bb7566cd0b7efd0', 'sha256': '8766666ac4e1f4975f62c40d23bd7911f7c9b01359f22e12a9703d2592f2c1c4'}, 'dob': {'date': '1973-04-13T00:58:09.403Z', 'age': 51}, 'registered': {'date': '2006-04-02T03:09:17.379Z', 'age': 18}, 'phone': '(278)-961-2885', 'cell': '(718)-011-9364', 'id': {'name': '', 'value': None}, 'picture': {'large': 'https://randomuser.me/api/portraits/men/63.jpg', 'medium': 'https://randomuser.me/api/portraits/med/men/63.jpg', 'thumbnail': 'https://randomuser.me/api/portraits/thumb/men/63.jpg'}, 'nat': 'TR'}</msg>
<arg>${json_data['results'][0]}</arg>
<doc>Logs the given message with the given level.</doc>
<status status="PASS" start="2024-05-26T20:14:01.833185" elapsed="0.000409"/>
</kw>
<kw name="Log" owner="BuiltIn">
<msg time="2024-05-26T20:14:01.834022" level="INFO">location</msg>
<arg>${key}</arg>
<doc>Logs the given message with the given level.</doc>
<status status="PASS" start="2024-05-26T20:14:01.833898" elapsed="0.000162"/>
</kw>
<var name="${key}">location</var>
<status status="PASS" start="2024-05-26T20:14:01.832355" elapsed="0.001973"/>
</iter>
<iter>
<kw name="Dictionary Should Contain Key" owner="Collections">
<msg time="2024-05-26T20:14:01.835118" level="INFO">False</msg>
<arg>${json_data['results'][0]}</arg>
<arg>${key}</arg>
<doc>Fails if ``key`` is not found from ``dictionary``.</doc>
<status status="PASS" start="2024-05-26T20:14:01.834614" elapsed="0.000549"/>
</kw>
<kw name="Log" owner="BuiltIn">
<msg time="2024-05-26T20:14:01.835822" level="INFO">{'gender': 'male', 'name': {'title': 'Mr', 'first': 'Ahmet', 'last': 'Sezek'}, 'location': {'street': {'number': 7911, 'name': 'Abanoz Sk'}, 'city': 'Ordu', 'state': 'Giresun', 'country': 'Turkey', 'postcode': 49249, 'coordinates': {'latitude': '71.7374', 'longitude': '-129.3767'}, 'timezone': {'offset': '-1:00', 'description': 'Azores, Cape Verde Islands'}}, 'email': 'ahmet.sezek@example.com', 'login': {'uuid': '0b6c6a56-ac5d-421d-a192-b83a4cdea23e', 'username': 'purpledog741', 'password': 'anything', 'salt': 'PXvZle13', 'md5': '963025e0aec39131777f7e283bf86916', 'sha1': 'ad069078f14c59857480cdc12bb7566cd0b7efd0', 'sha256': '8766666ac4e1f4975f62c40d23bd7911f7c9b01359f22e12a9703d2592f2c1c4'}, 'dob': {'date': '1973-04-13T00:58:09.403Z', 'age': 51}, 'registered': {'date': '2006-04-02T03:09:17.379Z', 'age': 18}, 'phone': '(278)-961-2885', 'cell': '(718)-011-9364', 'id': {'name': '', 'value': None}, 'picture': {'large': 'https://randomuser.me/api/portraits/men/63.jpg', 'medium': 'https://randomuser.me/api/portraits/med/men/63.jpg', 'thumbnail': 'https://randomuser.me/api/portraits/thumb/men/63.jpg'}, 'nat': 'TR'}</msg>
<arg>${json_data['results'][0]}</arg>
<doc>Logs the given message with the given level.</doc>
<status status="PASS" start="2024-05-26T20:14:01.835463" elapsed="0.000407"/>
</kw>
<kw name="Log" owner="BuiltIn">
<msg time="2024-05-26T20:14:01.836294" level="INFO">email</msg>
<arg>${key}</arg>
<doc>Logs the given message with the given level.</doc>
<status status="PASS" start="2024-05-26T20:14:01.836167" elapsed="0.000164"/>
</kw>
<var name="${key}">email</var>
<status status="PASS" start="2024-05-26T20:14:01.834502" elapsed="0.002044"/>
</iter>
<iter>
<kw name="Dictionary Should Contain Key" owner="Collections">
<msg time="2024-05-26T20:14:01.837211" level="INFO">False</msg>
<arg>${json_data['results'][0]}</arg>
<arg>${key}</arg>
<doc>Fails if ``key`` is not found from ``dictionary``.</doc>
<status status="PASS" start="2024-05-26T20:14:01.836830" elapsed="0.000418"/>
</kw>
<kw name="Log" owner="BuiltIn">
<msg time="2024-05-26T20:14:01.837903" level="INFO">{'gender': 'male', 'name': {'title': 'Mr', 'first': 'Ahmet', 'last': 'Sezek'}, 'location': {'street': {'number': 7911, 'name': 'Abanoz Sk'}, 'city': 'Ordu', 'state': 'Giresun', 'country': 'Turkey', 'postcode': 49249, 'coordinates': {'latitude': '71.7374', 'longitude': '-129.3767'}, 'timezone': {'offset': '-1:00', 'description': 'Azores, Cape Verde Islands'}}, 'email': 'ahmet.sezek@example.com', 'login': {'uuid': '0b6c6a56-ac5d-421d-a192-b83a4cdea23e', 'username': 'purpledog741', 'password': 'anything', 'salt': 'PXvZle13', 'md5': '963025e0aec39131777f7e283bf86916', 'sha1': 'ad069078f14c59857480cdc12bb7566cd0b7efd0', 'sha256': '8766666ac4e1f4975f62c40d23bd7911f7c9b01359f22e12a9703d2592f2c1c4'}, 'dob': {'date': '1973-04-13T00:58:09.403Z', 'age': 51}, 'registered': {'date': '2006-04-02T03:09:17.379Z', 'age': 18}, 'phone': '(278)-961-2885', 'cell': '(718)-011-9364', 'id': {'name': '', 'value': None}, 'picture': {'large': 'https://randomuser.me/api/portraits/men/63.jpg', 'medium': 'https://randomuser.me/api/portraits/med/men/63.jpg', 'thumbnail': 'https://randomuser.me/api/portraits/thumb/men/63.jpg'}, 'nat': 'TR'}</msg>
<arg>${json_data['results'][0]}</arg>
<doc>Logs the given message with the given level.</doc>
<status status="PASS" start="2024-05-26T20:14:01.837545" elapsed="0.000415"/>
</kw>
<kw name="Log" owner="BuiltIn">
<msg time="2024-05-26T20:14:01.838425" level="INFO">login</msg>
<arg>${key}</arg>
<doc>Logs the given message with the given level.</doc>
<status status="PASS" start="2024-05-26T20:14:01.838294" elapsed="0.000168"/>
</kw>
<var name="${key}">login</var>
<status status="PASS" start="2024-05-26T20:14:01.836719" elapsed="0.001964"/>
</iter>
<var>${key}</var>
<value>@{expected_keys}</value>
<status status="PASS" start="2024-05-26T20:14:01.827715" elapsed="0.011089"/>
</for>
<kw name="Create List" owner="BuiltIn">
<msg time="2024-05-26T20:14:01.839226" level="INFO">${expected_keysTwo} = ['username', 'password']</msg>
<var>${expected_keysTwo}</var>
<arg>username</arg>
<arg>password</arg>
<doc>Returns a list containing given items.</doc>
<status status="PASS" start="2024-05-26T20:14:01.839079" elapsed="0.000171"/>
</kw>
<for flavor="IN">
<iter>
<kw name="Dictionary Should Contain Key" owner="Collections">
<msg time="2024-05-26T20:14:01.840147" level="INFO">False</msg>
<arg>${json_data['results'][0]['login']}</arg>
<arg>${keyTwo}</arg>
<doc>Fails if ``key`` is not found from ``dictionary``.</doc>
<status status="PASS" start="2024-05-26T20:14:01.839765" elapsed="0.000418"/>
</kw>
<kw name="Dictionary Should Contain Key" owner="Collections">
<msg time="2024-05-26T20:14:01.840857" level="INFO">False</msg>
<arg>${json_data['results'][0]['login']}</arg>
<arg>${keyTwo}</arg>
<doc>Fails if ``key`` is not found from ``dictionary``.</doc>
<status status="PASS" start="2024-05-26T20:14:01.840480" elapsed="0.000413"/>
</kw>
<kw name="Log" owner="BuiltIn">
<msg time="2024-05-26T20:14:01.841314" level="INFO">username</msg>
<arg>${keyTwo}</arg>
<doc>Logs the given message with the given level.</doc>
<status status="PASS" start="2024-05-26T20:14:01.841186" elapsed="0.000164"/>
</kw>
<var name="${keyTwo}">username</var>
<status status="PASS" start="2024-05-26T20:14:01.839651" elapsed="0.001916"/>
</iter>
<iter>
<kw name="Dictionary Should Contain Key" owner="Collections">
<msg time="2024-05-26T20:14:01.842274" level="INFO">False</msg>
<arg>${json_data['results'][0]['login']}</arg>
<arg>${keyTwo}</arg>
<doc>Fails if ``key`` is not found from ``dictionary``.</doc>
<status status="PASS" start="2024-05-26T20:14:01.841847" elapsed="0.000465"/>
</kw>
<kw name="Dictionary Should Contain Key" owner="Collections">
<msg time="2024-05-26T20:14:01.842983" level="INFO">False</msg>
<arg>${json_data['results'][0]['login']}</arg>
<arg>${keyTwo}</arg>
<doc>Fails if ``key`` is not found from ``dictionary``.</doc>
<status status="PASS" start="2024-05-26T20:14:01.842608" elapsed="0.000411"/>
</kw>
<kw name="Log" owner="BuiltIn">
<msg time="2024-05-26T20:14:01.843446" level="INFO">password</msg>
<arg>${keyTwo}</arg>
<doc>Logs the given message with the given level.</doc>
<status status="PASS" start="2024-05-26T20:14:01.843317" elapsed="0.000166"/>
</kw>
<var name="${keyTwo}">password</var>
<status status="PASS" start="2024-05-26T20:14:01.841736" elapsed="0.001962"/>
</iter>
<var>${keyTwo}</var>
<value>@{expected_keysTwo}</value>
<status status="PASS" start="2024-05-26T20:14:01.839490" elapsed="0.004329"/>
</for>
<status status="PASS" start="2024-05-26T20:14:01.729227" elapsed="0.114732"/>
</kw>
<doc>Testa a estrutura da resposta da API.</doc>
<tag>testeEstruturaResposta</tag>
<status status="PASS" start="2024-05-26T20:14:01.728621" elapsed="0.115494"/>
</test>
<test id="s1-s1-t4" name="Validar tipos de dados" line="28">
<kw name="Teste de Tipos de Dados" owner="random-user-service">
<kw name="GET On Session" owner="RequestsLibrary">
<msg time="2024-05-26T20:14:01.932009" level="INFO">GET Request : url=https://randomuser.me/api 
 path_url=/api 
 headers={'User-Agent': 'python-requests/2.32.2', 'Accept-Encoding': 'gzip, deflate', 'Accept': '*/*', 'Connection': 'keep-alive'} 
 body=None 
 </msg>
<msg time="2024-05-26T20:14:01.932112" level="INFO">GET Response : url=https://randomuser.me/api 
 status=200, reason=OK 
 headers={'Date': 'Sun, 26 May 2024 20:14:01 GMT', 'Content-Type': 'application/json; charset=utf-8', 'Transfer-Encoding': 'chunked', 'Connection': 'keep-alive', 'X-Powered-By': 'Express', 'Access-Control-Allow-Origin': '*', 'Cache-Control': 'no-cache', 'ETag': 'W/"4a7-377rT6hokPHli4aRyyR3k/PM5hg"', 'Vary': 'Accept-Encoding', 'Content-Encoding': 'gzip', 'CF-Cache-Status': 'DYNAMIC', 'Report-To': '{"endpoints":[{"url":"https:\\/\\/a.nel.cloudflare.com\\/report\\/v4?s=InHoCiJWjUQr4YzCRVhPFy5kf1XYmCTR8QlBt3qpv5PQPpf%2FpWr3leXiGiddVuzIPxct9B1F7kCjhB0g3j2zZ%2BFURZpHbHzA9FE7oJ3z5wj4f4KAiwWcersqzZjmqw%2B%2F"}],"group":"cf-nel","max_age":604800}', 'NEL': '{"success_fraction":0,"report_to":"cf-nel","max_age":604800}', 'Server': 'cloudflare', 'CF-RAY': '88a06ddd8df707e9-IAD', 'alt-svc': 'h3=":443"; ma=86400'} 
 body={"results":[{"gender":"male","name":{"title":"Mr","first":"Guillermo","last":"Villanueva"},"location":{"street":{"number":4576,"name":"Circunvalación Guerrero"},"city":"San Marcos Nepantla","state":"Estado de Mexico","country":"Mexico","postcode":69285,"coordinates":{"latitude":"29.5296","longitude":"-142.8744"},"timezone":{"offset":"+5:45","description":"Kathmandu"}},"email":"guillermo.villanueva@example.com","login":{"uuid":"6fc76b5a-7370-464b-b63c-5a8c94fa6fdd","username":"bluerabbit386","password":"grandpa","salt":"BoEayrQ9","md5":"e53dac275a598ac0b416ee9d107a9e9d","sha1":"5d804525f97e079cac1c1f33d05ee97c6f6a5beb","sha256":"1db9ac803149d4b1d8fb200c5aa84e37ce191eb568a7b77a68f3787255f19740"},"dob":{"date":"1981-08-29T18:09:40.883Z","age":42},"registered":{"date":"2013-02-25T03:41:15.610Z","age":11},"phone":"(652) 964 9887","cell":"(671) 521 5246","id":{"name":"NSS","value":"09 20 69 3516 2"},"picture":{"large":"https://randomuser.me/api/portraits/men/78.jpg","medium":"https://randomuser.me/api/portraits/med/men/78.jpg","thumbnail":"https://randomuser.me/api/portraits/thumb/men/78.jpg"},"nat":"MX"}],"info":{"seed":"b07d048533fc3a4a","results":1,"page":1,"version":"1.4"}} 
 </msg>
<msg time="2024-05-26T20:14:01.932192" level="INFO">/opt/hostedtoolcache/Python/3.12.3/x64/lib/python3.12/site-packages/urllib3/connectionpool.py:1103: InsecureRequestWarning: Unverified HTTPS request is being made to host 'randomuser.me'. Adding certificate verification is strongly advised. See: https://urllib3.readthedocs.io/en/latest/advanced-usage.html#tls-warnings
  warnings.warn(</msg>
<msg time="2024-05-26T20:14:01.932331" level="INFO">${response} = &lt;Response [200]&gt;</msg>
<var>${response}</var>
<arg>consultarAPI</arg>
<arg>/api</arg>
<doc>Sends a GET request on a previously created HTTP Session.</doc>
<status status="PASS" start="2024-05-26T20:14:01.846707" elapsed="0.085662"/>
</kw>
<kw name="Set Variable" owner="BuiltIn">
<msg time="2024-05-26T20:14:01.933508" level="INFO">${json_data} = {'results': [{'gender': 'male', 'name': {'title': 'Mr', 'first': 'Guillermo', 'last': 'Villanueva'}, 'location': {'street': {'number': 4576, 'name': 'Circunvalación Guerrero'}, 'city': 'San Marcos Nep...</msg>
<var>${json_data}</var>
<arg>${response.json()}</arg>
<doc>Returns the given values which can then be assigned to a variables.</doc>
<status status="PASS" start="2024-05-26T20:14:01.932958" elapsed="0.000581"/>
</kw>
<kw name="Log" owner="BuiltIn">
<msg time="2024-05-26T20:14:01.934015" level="INFO">{'results': [{'gender': 'male', 'name': {'title': 'Mr', 'first': 'Guillermo', 'last': 'Villanueva'}, 'location': {'street': {'number': 4576, 'name': 'Circunvalación Guerrero'}, 'city': 'San Marcos Nepantla', 'state': 'Estado de Mexico', 'country': 'Mexico', 'postcode': 69285, 'coordinates': {'latitude': '29.5296', 'longitude': '-142.8744'}, 'timezone': {'offset': '+5:45', 'description': 'Kathmandu'}}, 'email': 'guillermo.villanueva@example.com', 'login': {'uuid': '6fc76b5a-7370-464b-b63c-5a8c94fa6fdd', 'username': 'bluerabbit386', 'password': 'grandpa', 'salt': 'BoEayrQ9', 'md5': 'e53dac275a598ac0b416ee9d107a9e9d', 'sha1': '5d804525f97e079cac1c1f33d05ee97c6f6a5beb', 'sha256': '1db9ac803149d4b1d8fb200c5aa84e37ce191eb568a7b77a68f3787255f19740'}, 'dob': {'date': '1981-08-29T18:09:40.883Z', 'age': 42}, 'registered': {'date': '2013-02-25T03:41:15.610Z', 'age': 11}, 'phone': '(652) 964 9887', 'cell': '(671) 521 5246', 'id': {'name': 'NSS', 'value': '09 20 69 3516 2'}, 'picture': {'large': 'https://randomuser.me/api/portraits/men/78.jpg', 'medium': 'https://randomuser.me/api/portraits/med/men/78.jpg', 'thumbnail': 'https://randomuser.me/api/portraits/thumb/men/78.jpg'}, 'nat': 'MX'}], 'info': {'seed': 'b07d048533fc3a4a', 'results': 1, 'page': 1, 'version': '1.4'}}</msg>
<arg>${json_data}</arg>
<doc>Logs the given message with the given level.</doc>
<status status="PASS" start="2024-05-26T20:14:01.933852" elapsed="0.000287"/>
</kw>
<kw name="Should Be String" owner="String">
<arg>${json_data['results'][0]['gender']}</arg>
<doc>Fails if the given ``item`` is not a string.</doc>
<status status="PASS" start="2024-05-26T20:14:01.934450" elapsed="0.000371"/>
</kw>
<kw name="Should Match Regexp" owner="BuiltIn">
<arg>${json_data['results'][0]['email']}</arg>
<arg>^[a-zA-Z0-9._%+-]+@[a-zA-Z0-9.-]+\.[a-zA-Z]{2,}$</arg>
<doc>Fails if ``string`` does not match ``pattern`` as a regular expression.</doc>
<status status="PASS" start="2024-05-26T20:14:01.935014" elapsed="0.000660"/>
</kw>
<kw name="Should Match Regexp" owner="BuiltIn">
<arg>${json_data['results'][0]['dob']['date']}</arg>
<arg>\\d{4}-\\d{2}-\\d{2}T\\d{2}:\\d{2}:\\d{2}\\.\\d{3}Z</arg>
<doc>Fails if ``string`` does not match ``pattern`` as a regular expression.</doc>
<status status="PASS" start="2024-05-26T20:14:01.935873" elapsed="0.000498"/>
</kw>
<kw name="Should Match Regexp" owner="BuiltIn">
<arg>${json_data['results'][0]['registered']['date']}</arg>
<arg>\\d{4}-\\d{2}-\\d{2}T\\d{2}:\\d{2}:\\d{2}\\.\\d{3}Z</arg>
<doc>Fails if ``string`` does not match ``pattern`` as a regular expression.</doc>
<status status="PASS" start="2024-05-26T20:14:01.936629" elapsed="0.000378"/>
</kw>
<kw name="Should Match Regexp" owner="BuiltIn">
<arg>${json_data['results'][0]['picture']['large']}</arg>
<arg>^https?://.*\.(?:png|jpe?g|gif|bmp)$</arg>
<doc>Fails if ``string`` does not match ``pattern`` as a regular expression.</doc>
<status status="PASS" start="2024-05-26T20:14:01.937195" elapsed="0.000458"/>
</kw>
<kw name="Should Match Regexp" owner="BuiltIn">
<arg>${json_data['results'][0]['picture']['medium']}</arg>
<arg>^https?://.*\.(?:png|jpe?g|gif|bmp)$</arg>
<doc>Fails if ``string`` does not match ``pattern`` as a regular expression.</doc>
<status status="PASS" start="2024-05-26T20:14:01.937850" elapsed="0.000398"/>
</kw>
<kw name="Should Match Regexp" owner="BuiltIn">
<arg>${json_data['results'][0]['picture']['thumbnail']}</arg>
<arg>^https?://.*\.(?:png|jpe?g|gif|bmp)$</arg>
<doc>Fails if ``string`` does not match ``pattern`` as a regular expression.</doc>
<status status="PASS" start="2024-05-26T20:14:01.938437" elapsed="0.000348"/>
</kw>
<kw name="Log" owner="BuiltIn">
<msg time="2024-05-26T20:14:01.939291" level="INFO">{'large': 'https://randomuser.me/api/portraits/men/78.jpg', 'medium': 'https://randomuser.me/api/portraits/med/men/78.jpg', 'thumbnail': 'https://randomuser.me/api/portraits/thumb/men/78.jpg'}</msg>
<arg>${json_data['results'][0]['picture']}</arg>
<doc>Logs the given message with the given level.</doc>
<status status="PASS" start="2024-05-26T20:14:01.938970" elapsed="0.000361"/>
</kw>
<status status="PASS" start="2024-05-26T20:14:01.846473" elapsed="0.093118"/>
</kw>
<kw name="Teste de Tipos de Dados - Postcode" owner="random-user-service">
<kw name="GET On Session" owner="RequestsLibrary">
<msg time="2024-05-26T20:14:02.061572" level="INFO">GET Request : url=https://randomuser.me/api 
 path_url=/api 
 headers={'User-Agent': 'python-requests/2.32.2', 'Accept-Encoding': 'gzip, deflate', 'Accept': '*/*', 'Connection': 'keep-alive'} 
 body=None 
 </msg>
<msg time="2024-05-26T20:14:02.061671" level="INFO">GET Response : url=https://randomuser.me/api 
 status=200, reason=OK 
 headers={'Date': 'Sun, 26 May 2024 20:14:02 GMT', 'Content-Type': 'application/json; charset=utf-8', 'Transfer-Encoding': 'chunked', 'Connection': 'keep-alive', 'X-Powered-By': 'Express', 'Access-Control-Allow-Origin': '*', 'Cache-Control': 'no-cache', 'ETag': 'W/"496-J/ciyVFe99bgDC+pObvAyPL5Rpw"', 'Vary': 'Accept-Encoding', 'Content-Encoding': 'gzip', 'CF-Cache-Status': 'DYNAMIC', 'Report-To': '{"endpoints":[{"url":"https:\\/\\/a.nel.cloudflare.com\\/report\\/v4?s=JN26AROlO1WLV5fy1RNSGQVQj9WUVl1kYcOSiOkRzvUXE6blm9%2FwPS3ZxmIqk4Y6Us4c0FppNEsFTbVhjCh1ZyaSwRTuda7d39lx%2F6ClWxT2iaPbWJoVJXwMo6DGDxIr"}],"group":"cf-nel","max_age":604800}', 'NEL': '{"success_fraction":0,"report_to":"cf-nel","max_age":604800}', 'Server': 'cloudflare', 'CF-RAY': '88a06dde2f0307e9-IAD', 'alt-svc': 'h3=":443"; ma=86400'} 
 body={"results":[{"gender":"female","name":{"title":"Miss","first":"Nieves","last":"Gutiérrez"},"location":{"street":{"number":7316,"name":"Calle Mota"},"city":"Alcalá de Henares","state":"Canarias","country":"Spain","postcode":45767,"coordinates":{"latitude":"-32.6279","longitude":"42.6420"},"timezone":{"offset":"-7:00","description":"Mountain Time (US &amp; Canada)"}},"email":"nieves.gutierrez@example.com","login":{"uuid":"b602bd03-63af-481b-aba6-30e6f0c8c987","username":"happyduck149","password":"norton","salt":"oQ8HhR3U","md5":"a5f7f11c39a51e64cf036dd17bf7b01c","sha1":"b78ac664acb51a76965fd79d5a18a475a2e8a3e1","sha256":"aeecf45bc6eb2125f380ed80952dedbc2e3310a410acae9de59c335b50ddc6aa"},"dob":{"date":"1995-01-05T18:27:09.023Z","age":29},"registered":{"date":"2010-06-28T04:01:33.166Z","age":13},"phone":"907-575-541","cell":"611-653-706","id":{"name":"DNI","value":"14485698-J"},"picture":{"large":"https://randomuser.me/api/portraits/women/93.jpg","medium":"https://randomuser.me/api/portraits/med/women/93.jpg","thumbnail":"https://randomuser.me/api/portraits/thumb/women/93.jpg"},"nat":"ES"}],"info":{"seed":"328743ac38967e8c","results":1,"page":1,"version":"1.4"}} 
 </msg>
<msg time="2024-05-26T20:14:02.061743" level="INFO">/opt/hostedtoolcache/Python/3.12.3/x64/lib/python3.12/site-packages/urllib3/connectionpool.py:1103: InsecureRequestWarning: Unverified HTTPS request is being made to host 'randomuser.me'. Adding certificate verification is strongly advised. See: https://urllib3.readthedocs.io/en/latest/advanced-usage.html#tls-warnings
  warnings.warn(</msg>
<msg time="2024-05-26T20:14:02.061872" level="INFO">${response} = &lt;Response [200]&gt;</msg>
<var>${response}</var>
<arg>consultarAPI</arg>
<arg>/api</arg>
<doc>Sends a GET request on a previously created HTTP Session.</doc>
<status status="PASS" start="2024-05-26T20:14:01.940050" elapsed="0.121863"/>
</kw>
<kw name="Set Variable" owner="BuiltIn">
<msg time="2024-05-26T20:14:02.063163" level="INFO">${json_data} = {'results': [{'gender': 'female', 'name': {'title': 'Miss', 'first': 'Nieves', 'last': 'Gutiérrez'}, 'location': {'street': {'number': 7316, 'name': 'Calle Mota'}, 'city': 'Alcalá de Henares', 'state'...</msg>
<var>${json_data}</var>
<arg>${response.json()}</arg>
<doc>Returns the given values which can then be assigned to a variables.</doc>
<status status="PASS" start="2024-05-26T20:14:02.062562" elapsed="0.000642"/>
</kw>
<kw name="Log" owner="BuiltIn">
<msg time="2024-05-26T20:14:02.063695" level="INFO">{'results': [{'gender': 'female', 'name': {'title': 'Miss', 'first': 'Nieves', 'last': 'Gutiérrez'}, 'location': {'street': {'number': 7316, 'name': 'Calle Mota'}, 'city': 'Alcalá de Henares', 'state': 'Canarias', 'country': 'Spain', 'postcode': 45767, 'coordinates': {'latitude': '-32.6279', 'longitude': '42.6420'}, 'timezone': {'offset': '-7:00', 'description': 'Mountain Time (US &amp; Canada)'}}, 'email': 'nieves.gutierrez@example.com', 'login': {'uuid': 'b602bd03-63af-481b-aba6-30e6f0c8c987', 'username': 'happyduck149', 'password': 'norton', 'salt': 'oQ8HhR3U', 'md5': 'a5f7f11c39a51e64cf036dd17bf7b01c', 'sha1': 'b78ac664acb51a76965fd79d5a18a475a2e8a3e1', 'sha256': 'aeecf45bc6eb2125f380ed80952dedbc2e3310a410acae9de59c335b50ddc6aa'}, 'dob': {'date': '1995-01-05T18:27:09.023Z', 'age': 29}, 'registered': {'date': '2010-06-28T04:01:33.166Z', 'age': 13}, 'phone': '907-575-541', 'cell': '611-653-706', 'id': {'name': 'DNI', 'value': '14485698-J'}, 'picture': {'large': 'https://randomuser.me/api/portraits/women/93.jpg', 'medium': 'https://randomuser.me/api/portraits/med/women/93.jpg', 'thumbnail': 'https://randomuser.me/api/portraits/thumb/women/93.jpg'}, 'nat': 'ES'}], 'info': {'seed': '328743ac38967e8c', 'results': 1, 'page': 1, 'version': '1.4'}}</msg>
<arg>${json_data}</arg>
<doc>Logs the given message with the given level.</doc>
<status status="PASS" start="2024-05-26T20:14:02.063532" elapsed="0.000251"/>
</kw>
<kw name="Should Be Equal As Numbers" owner="BuiltIn">
<arg>${json_data['results'][0]['location']['postcode']}</arg>
<arg>${json_data['results'][0]['location']['postcode']}</arg>
<doc>Fails if objects are unequal after converting them to real numbers.</doc>
<status status="PASS" start="2024-05-26T20:14:02.064084" elapsed="0.000620"/>
</kw>
<kw name="Log" owner="BuiltIn">
<msg time="2024-05-26T20:14:02.065242" level="INFO">45767</msg>
<arg>${json_data['results'][0]['location']['postcode']}</arg>
<doc>Logs the given message with the given level.</doc>
<status status="PASS" start="2024-05-26T20:14:02.064900" elapsed="0.000382"/>
</kw>
<status status="PASS" start="2024-05-26T20:14:01.939814" elapsed="0.125725"/>
</kw>
<doc>Testa se os tipos de dados na resposta da API estão corretos.</doc>
<tag>testeTiposDados</tag>
<status status="PASS" start="2024-05-26T20:14:01.845890" elapsed="0.219822"/>
</test>
<test id="s1-s1-t5" name="Validar conteudo" line="35">
<kw name="Teste de Tipos de Conteudo" owner="random-user-service">
<kw name="GET On Session" owner="RequestsLibrary">
<msg time="2024-05-26T20:14:02.212909" level="INFO">GET Request : url=https://randomuser.me/api 
 path_url=/api 
 headers={'User-Agent': 'python-requests/2.32.2', 'Accept-Encoding': 'gzip, deflate', 'Accept': '*/*', 'Connection': 'keep-alive'} 
 body=None 
 </msg>
<msg time="2024-05-26T20:14:02.213010" level="INFO">GET Response : url=https://randomuser.me/api 
 status=200, reason=OK 
 headers={'Date': 'Sun, 26 May 2024 20:14:02 GMT', 'Content-Type': 'application/json; charset=utf-8', 'Transfer-Encoding': 'chunked', 'Connection': 'keep-alive', 'X-Powered-By': 'Express', 'Access-Control-Allow-Origin': '*', 'Cache-Control': 'no-cache', 'ETag': 'W/"49b-SwaEzivUgkSVY5fINvpFFT9goOI"', 'Vary': 'Accept-Encoding', 'Content-Encoding': 'gzip', 'CF-Cache-Status': 'DYNAMIC', 'Report-To': '{"endpoints":[{"url":"https:\\/\\/a.nel.cloudflare.com\\/report\\/v4?s=e6xX1LVb9A2uMneQ38tTPPL%2BEOE5K1Gxo5ol549lbH9h55EzwYpes95cFsr4i8VPxmywmusxr7Yaeu8AD2vcrmtqennG9R7AKU3lcgTO6EcHD%2F89wc2p5eQH5rF%2FuQ20"}],"group":"cf-nel","max_age":604800}', 'NEL': '{"success_fraction":0,"report_to":"cf-nel","max_age":604800}', 'Server': 'cloudflare', 'CF-RAY': '88a06ddef80e07e9-IAD', 'alt-svc': 'h3=":443"; ma=86400'} 
 body={"results":[{"gender":"male","name":{"title":"Mr","first":"Stefan","last":"Eilers"},"location":{"street":{"number":9950,"name":"Birkenstraße"},"city":"Boizenburg/Elbe","state":"Berlin","country":"Germany","postcode":96317,"coordinates":{"latitude":"-48.2593","longitude":"-122.4908"},"timezone":{"offset":"-6:00","description":"Central Time (US &amp; Canada), Mexico City"}},"email":"stefan.eilers@example.com","login":{"uuid":"e23f122f-ea2a-4f09-be2b-44d8eb9dc544","username":"blackpanda368","password":"turbo1","salt":"4QiN8cJE","md5":"d88375ff92c3c7a661514b0b5ec04c38","sha1":"3f2d09dad95583182c862e78c47c911d73d56bf6","sha256":"2a9671ea5d9f373de33581220dd9f470951259ea43ea567fb466f7a36ce8693f"},"dob":{"date":"1961-09-11T01:39:09.950Z","age":62},"registered":{"date":"2018-08-18T14:27:27.382Z","age":5},"phone":"0876-8732220","cell":"0175-6045928","id":{"name":"SVNR","value":"13 100961 E 408"},"picture":{"large":"https://randomuser.me/api/portraits/men/51.jpg","medium":"https://randomuser.me/api/portraits/med/men/51.jpg","thumbnail":"https://randomuser.me/api/portraits/thumb/men/51.jpg"},"nat":"DE"}],"info":{"seed":"a8aa50018ab0c64d","results":1,"page":1,"version":"1.4"}} 
 </msg>
<msg time="2024-05-26T20:14:02.213093" level="INFO">/opt/hostedtoolcache/Python/3.12.3/x64/lib/python3.12/site-packages/urllib3/connectionpool.py:1103: InsecureRequestWarning: Unverified HTTPS request is being made to host 'randomuser.me'. Adding certificate verification is strongly advised. See: https://urllib3.readthedocs.io/en/latest/advanced-usage.html#tls-warnings
  warnings.warn(</msg>
<msg time="2024-05-26T20:14:02.213242" level="INFO">${response} = &lt;Response [200]&gt;</msg>
<var>${response}</var>
<arg>consultarAPI</arg>
<arg>/api</arg>
<doc>Sends a GET request on a previously created HTTP Session.</doc>
<status status="PASS" start="2024-05-26T20:14:02.068330" elapsed="0.144961"/>
</kw>
<kw name="Set Variable" owner="BuiltIn">
<msg time="2024-05-26T20:14:02.214491" level="INFO">${json_data} = {'results': [{'gender': 'male', 'name': {'title': 'Mr', 'first': 'Stefan', 'last': 'Eilers'}, 'location': {'street': {'number': 9950, 'name': 'Birkenstraße'}, 'city': 'Boizenburg/Elbe', 'state': 'Berl...</msg>
<var>${json_data}</var>
<arg>${response.json()}</arg>
<doc>Returns the given values which can then be assigned to a variables.</doc>
<status status="PASS" start="2024-05-26T20:14:02.213901" elapsed="0.000619"/>
</kw>
<kw name="Set Variable" owner="BuiltIn">
<msg time="2024-05-26T20:14:02.215214" level="INFO">${name_title} = Mr</msg>
<var>${name_title}</var>
<arg>${json_data["results"][0]["name"]["title"]}</arg>
<doc>Returns the given values which can then be assigned to a variables.</doc>
<status status="PASS" start="2024-05-26T20:14:02.214827" elapsed="0.000413"/>
</kw>
<kw name="Create List" owner="BuiltIn">
<msg time="2024-05-26T20:14:02.215687" level="INFO">${allowed_titles} = ['Mr', 'Ms', 'Miss', 'Mrs', 'Madame', 'Monsieur']</msg>
<var>${allowed_titles}</var>
<arg>Mr</arg>
<arg>Ms</arg>
<arg>Miss</arg>
<arg>Mrs</arg>
<arg>Madame</arg>
<arg>Monsieur</arg>
<doc>Returns a list containing given items.</doc>
<status status="PASS" start="2024-05-26T20:14:02.215537" elapsed="0.000174"/>
</kw>
<kw name="List Should Contain Value" owner="Collections">
<msg time="2024-05-26T20:14:02.216183" level="INFO">False</msg>
<arg>${allowed_titles}</arg>
<arg>${name_title}</arg>
<doc>Fails if the ``value`` is not found from ``list``.</doc>
<status status="PASS" start="2024-05-26T20:14:02.216010" elapsed="0.000209"/>
</kw>
<kw name="Set Variable" owner="BuiltIn">
<msg time="2024-05-26T20:14:02.217067" level="INFO">${name_country} = DE</msg>
<var>${name_country}</var>
<arg>${json_data["results"][0]["nat"]}</arg>
<doc>Returns the given values which can then be assigned to a variables.</doc>
<status status="PASS" start="2024-05-26T20:14:02.216514" elapsed="0.000579"/>
</kw>
<kw name="Create List" owner="BuiltIn">
<msg time="2024-05-26T20:14:02.218001" level="INFO">${list_country} = ['AD', 'AE', 'AF', 'AG', 'AI', 'AL', 'AM', 'AO', 'AQ', 'AR', 'AS', 'AT', 'AU', 'AW', 'AX', 'AZ', 'BA', 'BB', 'BD', 'BE', 'BF', 'BG', 'BH', 'BI', 'BJ', 'BL', 'BM', 'BN', 'BO', 'BQ', 'BR', 'BS', 'BT', '...</msg>
<var>${list_country}</var>
<arg>AD</arg>
<arg>AE</arg>
<arg>AF</arg>
<arg>AG</arg>
<arg>AI</arg>
<arg>AL</arg>
<arg>AM</arg>
<arg>AO</arg>
<arg>AQ</arg>
<arg>AR</arg>
<arg>AS</arg>
<arg>AT</arg>
<arg>AU</arg>
<arg>AW</arg>
<arg>AX</arg>
<arg>AZ</arg>
<arg>BA</arg>
<arg>BB</arg>
<arg>BD</arg>
<arg>BE</arg>
<arg>BF</arg>
<arg>BG</arg>
<arg>BH</arg>
<arg>BI</arg>
<arg>BJ</arg>
<arg>BL</arg>
<arg>BM</arg>
<arg>BN</arg>
<arg>BO</arg>
<arg>BQ</arg>
<arg>BR</arg>
<arg>BS</arg>
<arg>BT</arg>
<arg>BV</arg>
<arg>BW</arg>
<arg>BY</arg>
<arg>BZ</arg>
<arg>CA</arg>
<arg>CC</arg>
<arg>CD</arg>
<arg>CF</arg>
<arg>CG</arg>
<arg>CH</arg>
<arg>CI</arg>
<arg>CK</arg>
<arg>CL</arg>
<arg>CM</arg>
<arg>CN</arg>
<arg>CO</arg>
<arg>CR</arg>
<arg>CU</arg>
<arg>CV</arg>
<arg>CW</arg>
<arg>CX</arg>
<arg>CY</arg>
<arg>CZ</arg>
<arg>DE</arg>
<arg>DJ</arg>
<arg>DK</arg>
<arg>DM</arg>
<arg>DO</arg>
<arg>DZ</arg>
<arg>EC</arg>
<arg>EE</arg>
<arg>EG</arg>
<arg>EH</arg>
<arg>ER</arg>
<arg>ES</arg>
<arg>ET</arg>
<arg>FI</arg>
<arg>FJ</arg>
<arg>FK</arg>
<arg>FM</arg>
<arg>FO</arg>
<arg>FR</arg>
<arg>GA</arg>
<arg>GB</arg>
<arg>GD</arg>
<arg>GE</arg>
<arg>GF</arg>
<arg>GG</arg>
<arg>GH</arg>
<arg>GI</arg>
<arg>GL</arg>
<arg>GM</arg>
<arg>GN</arg>
<arg>GP</arg>
<arg>GQ</arg>
<arg>GR</arg>
<arg>GS</arg>
<arg>GT</arg>
<arg>GU</arg>
<arg>GW</arg>
<arg>GY</arg>
<arg>HK</arg>
<arg>HM</arg>
<arg>HN</arg>
<arg>HR</arg>
<arg>HT</arg>
<arg>HU</arg>
<arg>ID</arg>
<arg>IE</arg>
<arg>IL</arg>
<arg>IM</arg>
<arg>IN</arg>
<arg>IO</arg>
<arg>IQ</arg>
<arg>IR</arg>
<arg>IS</arg>
<arg>IT</arg>
<arg>JE</arg>
<arg>JM</arg>
<arg>JO</arg>
<arg>JP</arg>
<arg>KE</arg>
<arg>KG</arg>
<arg>KH</arg>
<arg>KI</arg>
<arg>KM</arg>
<arg>KN</arg>
<arg>KP</arg>
<arg>KR</arg>
<arg>KW</arg>
<arg>KY</arg>
<arg>KZ</arg>
<arg>LA</arg>
<arg>LB</arg>
<arg>LC</arg>
<arg>LI</arg>
<arg>LK</arg>
<arg>LR</arg>
<arg>LS</arg>
<arg>LT</arg>
<arg>LU</arg>
<arg>LV</arg>
<arg>LY</arg>
<arg>MA</arg>
<arg>MC</arg>
<arg>MD</arg>
<arg>ME</arg>
<arg>MF</arg>
<arg>MG</arg>
<arg>MH</arg>
<arg>MK</arg>
<arg>ML</arg>
<arg>MM</arg>
<arg>MN</arg>
<arg>MO</arg>
<arg>MP</arg>
<arg>MQ</arg>
<arg>MR</arg>
<arg>MS</arg>
<arg>MT</arg>
<arg>MU</arg>
<arg>MV</arg>
<arg>MW</arg>
<arg>MX</arg>
<arg>MY</arg>
<arg>MZ</arg>
<arg>NA</arg>
<arg>NC</arg>
<arg>NE</arg>
<arg>NF</arg>
<arg>NG</arg>
<arg>NI</arg>
<arg>NL</arg>
<arg>NO</arg>
<arg>NP</arg>
<arg>NR</arg>
<arg>NU</arg>
<arg>NZ</arg>
<arg>OM</arg>
<arg>PA</arg>
<arg>PE</arg>
<arg>PF</arg>
<arg>PG</arg>
<arg>PH</arg>
<arg>PK</arg>
<arg>PL</arg>
<arg>PM</arg>
<arg>PN</arg>
<arg>PR</arg>
<arg>PS</arg>
<arg>PT</arg>
<arg>PW</arg>
<arg>PY</arg>
<arg>QA</arg>
<arg>RE</arg>
<arg>RO</arg>
<arg>RS</arg>
<arg>RU</arg>
<arg>RW</arg>
<arg>SA</arg>
<arg>SB</arg>
<arg>SC</arg>
<arg>SD</arg>
<arg>SE</arg>
<arg>SG</arg>
<arg>SH</arg>
<arg>SI</arg>
<arg>SJ</arg>
<arg>SK</arg>
<arg>SL</arg>
<arg>SM</arg>
<arg>SN</arg>
<arg>SO</arg>
<arg>SR</arg>
<arg>SS</arg>
<arg>ST</arg>
<arg>SV</arg>
<arg>SX</arg>
<arg>SY</arg>
<arg>SZ</arg>
<arg>TC</arg>
<arg>TD</arg>
<arg>TF</arg>
<arg>TG</arg>
<arg>TH</arg>
<arg>TJ</arg>
<arg>TK</arg>
<arg>TL</arg>
<arg>TM</arg>
<arg>TN</arg>
<arg>TO</arg>
<arg>TR</arg>
<arg>TT</arg>
<arg>TV</arg>
<arg>TW</arg>
<arg>TZ</arg>
<arg>UA</arg>
<arg>UG</arg>
<arg>UM</arg>
<arg>US</arg>
<arg>UY</arg>
<arg>UZ</arg>
<arg>VA</arg>
<arg>VC</arg>
<arg>VE</arg>
<arg>VG</arg>
<arg>VI</arg>
<arg>VN</arg>
<arg>VU</arg>
<arg>WF</arg>
<arg>WS</arg>
<arg>XK</arg>
<arg>YE</arg>
<arg>YT</arg>
<arg>ZA</arg>
<arg>ZM</arg>
<arg>ZW</arg>
<doc>Returns a list containing given items.</doc>
<status status="PASS" start="2024-05-26T20:14:02.217407" elapsed="0.000619"/>
</kw>
<kw name="List Should Contain Value" owner="Collections">
<msg time="2024-05-26T20:14:02.219040" level="INFO">False</msg>
<arg>${list_country}</arg>
<arg>${name_country}</arg>
<doc>Fails if the ``value`` is not found from ``list``.</doc>
<status status="PASS" start="2024-05-26T20:14:02.218837" elapsed="0.000240"/>
</kw>
<kw name="Run Keyword If" owner="BuiltIn">
<kw name="Should Be True" owner="BuiltIn">
<arg>${True}</arg>
<doc>Fails if the given condition is not true.</doc>
<status status="PASS" start="2024-05-26T20:14:02.220139" elapsed="0.000145"/>
</kw>
<arg>${json_data["results"][0]["location"]["coordinates"]["latitude"]} &gt;= -90 and ${json_data["results"][0]["location"]["coordinates"]["latitude"]} &lt;= 90</arg>
<arg>Should Be True</arg>
<arg>${True}</arg>
<doc>Runs the given keyword with the given arguments, if ``condition`` is true.</doc>
<status status="PASS" start="2024-05-26T20:14:02.219389" elapsed="0.001022"/>
</kw>
<kw name="Run Keyword If" owner="BuiltIn">
<kw name="Should Be True" owner="BuiltIn">
<arg>${True}</arg>
<doc>Fails if the given condition is not true.</doc>
<status status="PASS" start="2024-05-26T20:14:02.221284" elapsed="0.000137"/>
</kw>
<arg>${json_data["results"][0]["location"]["coordinates"]["longitude"]} &gt;= -180 and ${json_data["results"][0]["location"]["coordinates"]["longitude"]} &lt;= 180</arg>
<arg>Should Be True</arg>
<arg>${True}</arg>
<doc>Runs the given keyword with the given arguments, if ``condition`` is true.</doc>
<status status="PASS" start="2024-05-26T20:14:02.220595" elapsed="0.000948"/>
</kw>
<status status="PASS" start="2024-05-26T20:14:02.068096" elapsed="0.153580"/>
</kw>
<doc>Testa o conteúdo específico dos campos retornados pela API.</doc>
<tag>testeConteudo</tag>
<status status="PASS" start="2024-05-26T20:14:02.067501" elapsed="0.154323"/>
</test>
<status status="PASS" start="2024-05-26T20:14:01.317245" elapsed="0.906597"/>
</suite>
<status status="PASS" start="2024-05-26T20:14:01.303753" elapsed="0.925259"/>
</suite>
<statistics>
<total>
<stat pass="5" fail="0" skip="0">All Tests</stat>
</total>
<tag>
<stat pass="1" fail="0" skip="0">testeConteudo</stat>
<stat pass="1" fail="0" skip="0">testeEstruturaResposta</stat>
<stat pass="1" fail="0" skip="0">testeRequisicaoBasica</stat>
<stat pass="1" fail="0" skip="0">testeTiposDados</stat>
</tag>
<suite>
<stat pass="5" fail="0" skip="0" id="s1" name="Tests">Tests</stat>
<stat pass="5" fail="0" skip="0" id="s1-s1" name="Random-User-Test">Tests.Random-User-Test</stat>
</suite>
</statistics>
<errors>
</errors>
</robot>
