<?xml version="1.0" encoding="UTF-8"?>
<robot generator="Robot 7.0 (Python 3.12.2 on linux)" generated="2024-04-16T16:17:50.366640" rpa="false" schemaversion="5">
<suite id="s1" name="Tests" source="/home/runner/work/DesafioQAItauRogerioJordao/DesafioQAItauRogerioJordao/RamdonUser/tests">
<suite id="s1-s1" name="Random-User-Test" source="/home/runner/work/DesafioQAItauRogerioJordao/DesafioQAItauRogerioJordao/RamdonUser/tests/random-user-test.robot">
<test id="s1-s1-t1" name="Conectar" line="13">
<kw name="Conectar API" owner="random-user-service">
<kw name="Create Session" owner="RequestsLibrary">
<msg time="2024-04-16T16:17:50.756048" level="INFO">Creating Session using : alias=consultarAPI, url=https://randomuser.me/, headers={},                     cookies={}, auth=None, timeout=None, proxies=None, verify=False,                     debug=0 </msg>
<arg>consultarAPI</arg>
<arg>${URL}</arg>
<doc>Create Session: create a HTTP session to a server</doc>
<status status="PASS" start="2024-04-16T16:17:50.755844" elapsed="0.000402"/>
</kw>
<status status="PASS" start="2024-04-16T16:17:50.754749" elapsed="0.001999"/>
</kw>
<status status="PASS" start="2024-04-16T16:17:50.754183" elapsed="0.002770"/>
</test>
<test id="s1-s1-t2" name="Validar retorno 200 e JSON Válido" line="16">
<kw name="Teste de Requisicao Basica" owner="random-user-service">
<kw name="GET On Session" owner="RequestsLibrary">
<msg time="2024-04-16T16:17:50.889672" level="INFO">GET Request : url=https://randomuser.me/api 
 path_url=/api 
 headers={'User-Agent': 'python-requests/2.31.0', 'Accept-Encoding': 'gzip, deflate', 'Accept': '*/*', 'Connection': 'keep-alive'} 
 body=None 
 </msg>
<msg time="2024-04-16T16:17:50.889859" level="INFO">GET Response : url=https://randomuser.me/api 
 status=200, reason=OK 
 headers={'Date': 'Tue, 16 Apr 2024 16:17:50 GMT', 'Content-Type': 'application/json; charset=utf-8', 'Transfer-Encoding': 'chunked', 'Connection': 'keep-alive', 'X-Powered-By': 'Express', 'Access-Control-Allow-Origin': '*', 'Cache-Control': 'no-cache', 'ETag': 'W/"49c-QC8dVMbor8EECQag95cZFTberLc"', 'Vary': 'Accept-Encoding', 'Content-Encoding': 'gzip', 'CF-Cache-Status': 'DYNAMIC', 'Report-To': '{"endpoints":[{"url":"https:\\/\\/a.nel.cloudflare.com\\/report\\/v4?s=mX7vCkkdcs3e1LQjZF3Fddmy8euksMPnEaw97xVS7Opljmxs6VqhXzXQeXPk%2BccdlFj9eqI7%2BtQoVneeSfxs%2B4isrsBMWtrp4UAu39vGH80cLhhVy4SkxLTMIBoGjcud"}],"group":"cf-nel","max_age":604800}', 'NEL': '{"success_fraction":0,"report_to":"cf-nel","max_age":604800}', 'Server': 'cloudflare', 'CF-RAY': '87557ce47bf9cf41-SJC', 'alt-svc': 'h3=":443"; ma=86400'} 
 body={"results":[{"gender":"female","name":{"title":"Miss","first":"Emmie","last":"Roux"},"location":{"street":{"number":1176,"name":"Rue Barrème"},"city":"Orléans","state":"Allier","country":"France","postcode":73846,"coordinates":{"latitude":"-18.9336","longitude":"179.2353"},"timezone":{"offset":"+3:00","description":"Baghdad, Riyadh, Moscow, St. Petersburg"}},"email":"emmie.roux@example.com","login":{"uuid":"5e2816a0-bb9c-462b-8393-5388dc76eea4","username":"browngoose305","password":"mortal","salt":"SMWAkRqm","md5":"df6801916a8f6c287267a4c33edb83b5","sha1":"b6c37e661be93cda5ae0dbe86c83d560af4c097d","sha256":"b8f04830d8a1789792545bc23336e9c884c2045621ec5cff74e09e707d1ce6df"},"dob":{"date":"1975-07-19T05:17:51.458Z","age":48},"registered":{"date":"2012-11-19T12:56:04.331Z","age":11},"phone":"04-44-99-62-35","cell":"06-49-18-25-08","id":{"name":"INSEE","value":"2750632129347 67"},"picture":{"large":"https://randomuser.me/api/portraits/women/79.jpg","medium":"https://randomuser.me/api/portraits/med/women/79.jpg","thumbnail":"https://randomuser.me/api/portraits/thumb/women/79.jpg"},"nat":"FR"}],"info":{"seed":"9c07cd5de5f55956","results":1,"page":1,"version":"1.4"}} 
 </msg>
<msg time="2024-04-16T16:17:50.889956" level="INFO">/opt/hostedtoolcache/Python/3.12.2/x64/lib/python3.12/site-packages/urllib3/connectionpool.py:1103: InsecureRequestWarning: Unverified HTTPS request is being made to host 'randomuser.me'. Adding certificate verification is strongly advised. See: https://urllib3.readthedocs.io/en/latest/advanced-usage.html#tls-warnings
  warnings.warn(</msg>
<msg time="2024-04-16T16:17:50.890100" level="INFO">${response} = &lt;Response [200]&gt;</msg>
<var>${response}</var>
<arg>consultarAPI</arg>
<arg>/api</arg>
<doc>Sends a GET request on a previously created HTTP Session.</doc>
<status status="PASS" start="2024-04-16T16:17:50.759639" elapsed="0.130505"/>
</kw>
<kw name="Should Be Equal As Numbers" owner="BuiltIn">
<msg time="2024-04-16T16:17:50.891254" level="INFO">Argument types are:
&lt;class 'int'&gt;
&lt;class 'str'&gt;</msg>
<arg>${response.status_code}</arg>
<arg>200</arg>
<doc>Fails if objects are unequal after converting them to real numbers.</doc>
<status status="PASS" start="2024-04-16T16:17:50.890770" elapsed="0.000550"/>
</kw>
<kw name="Log" owner="BuiltIn">
<msg time="2024-04-16T16:17:50.892022" level="INFO">200</msg>
<arg>${response.status_code}</arg>
<doc>Logs the given message with the given level.</doc>
<status status="PASS" start="2024-04-16T16:17:50.891651" elapsed="0.000415"/>
</kw>
<kw name="Set Variable" owner="BuiltIn">
<msg time="2024-04-16T16:17:50.892920" level="INFO">${json_data} = {'results': [{'gender': 'female', 'name': {'title': 'Miss', 'first': 'Emmie', 'last': 'Roux'}, 'location': {'street': {'number': 1176, 'name': 'Rue Barrème'}, 'city': 'Orléans', 'state': 'Allier', 'co...</msg>
<var>${json_data}</var>
<arg>${response.json()}</arg>
<doc>Returns the given values which can then be assigned to a variables.</doc>
<status status="PASS" start="2024-04-16T16:17:50.892448" elapsed="0.000501"/>
</kw>
<kw name="Dictionary Should Contain Key" owner="Collections">
<msg time="2024-04-16T16:17:50.893446" level="INFO">False</msg>
<arg>${json_data}</arg>
<arg>results</arg>
<doc>Fails if ``key`` is not found from ``dictionary``.</doc>
<status status="PASS" start="2024-04-16T16:17:50.893272" elapsed="0.000221"/>
</kw>
<status status="PASS" start="2024-04-16T16:17:50.759355" elapsed="0.134413"/>
</kw>
<doc>Testa se a API responde corretamente e retorna um objeto JSON válido.</doc>
<tag>testeRequisicaoBasica</tag>
<status status="PASS" start="2024-04-16T16:17:50.758868" elapsed="0.135099"/>
</test>
<test id="s1-s1-t3" name="Validar estrutura de resposta" line="22">
<kw name="Teste de Estrutura de Resposta" owner="random-user-service">
<kw name="GET On Session" owner="RequestsLibrary">
<msg time="2024-04-16T16:17:50.993336" level="INFO">GET Request : url=https://randomuser.me/api 
 path_url=/api 
 headers={'User-Agent': 'python-requests/2.31.0', 'Accept-Encoding': 'gzip, deflate', 'Accept': '*/*', 'Connection': 'keep-alive'} 
 body=None 
 </msg>
<msg time="2024-04-16T16:17:50.993450" level="INFO">GET Response : url=https://randomuser.me/api 
 status=200, reason=OK 
 headers={'Date': 'Tue, 16 Apr 2024 16:17:50 GMT', 'Content-Type': 'application/json; charset=utf-8', 'Transfer-Encoding': 'chunked', 'Connection': 'keep-alive', 'X-Powered-By': 'Express', 'Access-Control-Allow-Origin': '*', 'Cache-Control': 'no-cache', 'ETag': 'W/"495-5aAA43T92KbWaFrEC9VVXeyvMiU"', 'Vary': 'Accept-Encoding', 'Content-Encoding': 'gzip', 'CF-Cache-Status': 'DYNAMIC', 'Report-To': '{"endpoints":[{"url":"https:\\/\\/a.nel.cloudflare.com\\/report\\/v4?s=CCV0QSO9HCcSnbzTnZauCbQIAg8oWcFITvdtscOYJTc6s2hf7WDTUdF4rwnmNfxasJLepV3Ezhxf4PbJ%2B3UY240GymXpU6awIRa2%2BuvIz6BMO8BGyLbreou11aCbmB9s"}],"group":"cf-nel","max_age":604800}', 'NEL': '{"success_fraction":0,"report_to":"cf-nel","max_age":604800}', 'Server': 'cloudflare', 'CF-RAY': '87557ce52cc1cf41-SJC', 'alt-svc': 'h3=":443"; ma=86400'} 
 body={"results":[{"gender":"male","name":{"title":"Mr","first":"Rémy","last":"David"},"location":{"street":{"number":3663,"name":"Rue des Cuirassiers"},"city":"Tours","state":"Nord","country":"France","postcode":37685,"coordinates":{"latitude":"-19.8974","longitude":"-55.3986"},"timezone":{"offset":"+9:00","description":"Tokyo, Seoul, Osaka, Sapporo, Yakutsk"}},"email":"remy.david@example.com","login":{"uuid":"d3e5bfb4-2713-4b60-aaff-ac33fc6b1693","username":"yellowwolf682","password":"mustangs","salt":"iBemSzcl","md5":"8d2a9c649dda7939bcb8fcd19ddec052","sha1":"56c6a15bb35391a6a8fb5bd271e312b9a92ea9b0","sha256":"c382da2a0f8e40a6679590547f718df98f283e9f3a0f69a49a96f42f8fac5cd8"},"dob":{"date":"1989-01-02T10:51:18.664Z","age":35},"registered":{"date":"2006-10-22T17:02:54.923Z","age":17},"phone":"05-73-70-45-26","cell":"06-88-56-33-46","id":{"name":"INSEE","value":"1890093524527 14"},"picture":{"large":"https://randomuser.me/api/portraits/men/20.jpg","medium":"https://randomuser.me/api/portraits/med/men/20.jpg","thumbnail":"https://randomuser.me/api/portraits/thumb/men/20.jpg"},"nat":"FR"}],"info":{"seed":"1db47b4491efc596","results":1,"page":1,"version":"1.4"}} 
 </msg>
<msg time="2024-04-16T16:17:50.993615" level="INFO">/opt/hostedtoolcache/Python/3.12.2/x64/lib/python3.12/site-packages/urllib3/connectionpool.py:1103: InsecureRequestWarning: Unverified HTTPS request is being made to host 'randomuser.me'. Adding certificate verification is strongly advised. See: https://urllib3.readthedocs.io/en/latest/advanced-usage.html#tls-warnings
  warnings.warn(</msg>
<msg time="2024-04-16T16:17:50.993749" level="INFO">${response} = &lt;Response [200]&gt;</msg>
<var>${response}</var>
<arg>consultarAPI</arg>
<arg>/api</arg>
<doc>Sends a GET request on a previously created HTTP Session.</doc>
<status status="PASS" start="2024-04-16T16:17:50.896808" elapsed="0.096973"/>
</kw>
<kw name="Set Variable" owner="BuiltIn">
<msg time="2024-04-16T16:17:50.994898" level="INFO">${json_data} = {'results': [{'gender': 'male', 'name': {'title': 'Mr', 'first': 'Rémy', 'last': 'David'}, 'location': {'street': {'number': 3663, 'name': 'Rue des Cuirassiers'}, 'city': 'Tours', 'state': 'Nord', 'co...</msg>
<var>${json_data}</var>
<arg>${response.json()}</arg>
<doc>Returns the given values which can then be assigned to a variables.</doc>
<status status="PASS" start="2024-04-16T16:17:50.994355" elapsed="0.000574"/>
</kw>
<kw name="Log" owner="BuiltIn">
<msg time="2024-04-16T16:17:50.995419" level="INFO">{'results': [{'gender': 'male', 'name': {'title': 'Mr', 'first': 'Rémy', 'last': 'David'}, 'location': {'street': {'number': 3663, 'name': 'Rue des Cuirassiers'}, 'city': 'Tours', 'state': 'Nord', 'country': 'France', 'postcode': 37685, 'coordinates': {'latitude': '-19.8974', 'longitude': '-55.3986'}, 'timezone': {'offset': '+9:00', 'description': 'Tokyo, Seoul, Osaka, Sapporo, Yakutsk'}}, 'email': 'remy.david@example.com', 'login': {'uuid': 'd3e5bfb4-2713-4b60-aaff-ac33fc6b1693', 'username': 'yellowwolf682', 'password': 'mustangs', 'salt': 'iBemSzcl', 'md5': '8d2a9c649dda7939bcb8fcd19ddec052', 'sha1': '56c6a15bb35391a6a8fb5bd271e312b9a92ea9b0', 'sha256': 'c382da2a0f8e40a6679590547f718df98f283e9f3a0f69a49a96f42f8fac5cd8'}, 'dob': {'date': '1989-01-02T10:51:18.664Z', 'age': 35}, 'registered': {'date': '2006-10-22T17:02:54.923Z', 'age': 17}, 'phone': '05-73-70-45-26', 'cell': '06-88-56-33-46', 'id': {'name': 'INSEE', 'value': '1890093524527 14'}, 'picture': {'large': 'https://randomuser.me/api/portraits/men/20.jpg', 'medium': 'https://randomuser.me/api/portraits/med/men/20.jpg', 'thumbnail': 'https://randomuser.me/api/portraits/thumb/men/20.jpg'}, 'nat': 'FR'}], 'info': {'seed': '1db47b4491efc596', 'results': 1, 'page': 1, 'version': '1.4'}}</msg>
<arg>${json_data}</arg>
<doc>Logs the given message with the given level.</doc>
<status status="PASS" start="2024-04-16T16:17:50.995251" elapsed="0.000219"/>
</kw>
<kw name="Dictionary Should Contain Key" owner="Collections">
<msg time="2024-04-16T16:17:50.995938" level="INFO">False</msg>
<arg>${json_data}</arg>
<arg>results</arg>
<doc>Fails if ``key`` is not found from ``dictionary``.</doc>
<status status="PASS" start="2024-04-16T16:17:50.995775" elapsed="0.000204"/>
</kw>
<kw name="Should Not Be Empty" owner="BuiltIn">
<msg time="2024-04-16T16:17:50.996529" level="INFO">Length is 2.</msg>
<arg>${json_data}</arg>
<doc>Verifies that the given item is not empty.</doc>
<status status="PASS" start="2024-04-16T16:17:50.996340" elapsed="0.000237"/>
</kw>
<kw name="Create List" owner="BuiltIn">
<msg time="2024-04-16T16:17:50.997073" level="INFO">${expected_keys} = ['gender', 'name', 'location', 'email', 'login']</msg>
<var>${expected_keys}</var>
<arg>gender</arg>
<arg>name</arg>
<arg>location</arg>
<arg>email</arg>
<arg>login</arg>
<doc>Returns a list containing given items.</doc>
<status status="PASS" start="2024-04-16T16:17:50.996910" elapsed="0.000191"/>
</kw>
<for flavor="IN">
<iter>
<kw name="Dictionary Should Contain Key" owner="Collections">
<msg time="2024-04-16T16:17:50.998178" level="INFO">False</msg>
<arg>${json_data['results'][0]}</arg>
<arg>${key}</arg>
<doc>Fails if ``key`` is not found from ``dictionary``.</doc>
<status status="PASS" start="2024-04-16T16:17:50.997740" elapsed="0.000480"/>
</kw>
<kw name="Log" owner="BuiltIn">
<msg time="2024-04-16T16:17:50.998913" level="INFO">{'gender': 'male', 'name': {'title': 'Mr', 'first': 'Rémy', 'last': 'David'}, 'location': {'street': {'number': 3663, 'name': 'Rue des Cuirassiers'}, 'city': 'Tours', 'state': 'Nord', 'country': 'France', 'postcode': 37685, 'coordinates': {'latitude': '-19.8974', 'longitude': '-55.3986'}, 'timezone': {'offset': '+9:00', 'description': 'Tokyo, Seoul, Osaka, Sapporo, Yakutsk'}}, 'email': 'remy.david@example.com', 'login': {'uuid': 'd3e5bfb4-2713-4b60-aaff-ac33fc6b1693', 'username': 'yellowwolf682', 'password': 'mustangs', 'salt': 'iBemSzcl', 'md5': '8d2a9c649dda7939bcb8fcd19ddec052', 'sha1': '56c6a15bb35391a6a8fb5bd271e312b9a92ea9b0', 'sha256': 'c382da2a0f8e40a6679590547f718df98f283e9f3a0f69a49a96f42f8fac5cd8'}, 'dob': {'date': '1989-01-02T10:51:18.664Z', 'age': 35}, 'registered': {'date': '2006-10-22T17:02:54.923Z', 'age': 17}, 'phone': '05-73-70-45-26', 'cell': '06-88-56-33-46', 'id': {'name': 'INSEE', 'value': '1890093524527 14'}, 'picture': {'large': 'https://randomuser.me/api/portraits/men/20.jpg', 'medium': 'https://randomuser.me/api/portraits/med/men/20.jpg', 'thumbnail': 'https://randomuser.me/api/portraits/thumb/men/20.jpg'}, 'nat': 'FR'}</msg>
<arg>${json_data['results'][0]}</arg>
<doc>Logs the given message with the given level.</doc>
<status status="PASS" start="2024-04-16T16:17:50.998541" elapsed="0.000423"/>
</kw>
<kw name="Log" owner="BuiltIn">
<msg time="2024-04-16T16:17:50.999397" level="INFO">gender</msg>
<arg>${key}</arg>
<doc>Logs the given message with the given level.</doc>
<status status="PASS" start="2024-04-16T16:17:50.999266" elapsed="0.000170"/>
</kw>
<var name="${key}">gender</var>
<status status="PASS" start="2024-04-16T16:17:50.997596" elapsed="0.002071"/>
</iter>
<iter>
<kw name="Dictionary Should Contain Key" owner="Collections">
<msg time="2024-04-16T16:17:51.000379" level="INFO">False</msg>
<arg>${json_data['results'][0]}</arg>
<arg>${key}</arg>
<doc>Fails if ``key`` is not found from ``dictionary``.</doc>
<status status="PASS" start="2024-04-16T16:17:50.999985" elapsed="0.000461"/>
</kw>
<kw name="Log" owner="BuiltIn">
<msg time="2024-04-16T16:17:51.001179" level="INFO">{'gender': 'male', 'name': {'title': 'Mr', 'first': 'Rémy', 'last': 'David'}, 'location': {'street': {'number': 3663, 'name': 'Rue des Cuirassiers'}, 'city': 'Tours', 'state': 'Nord', 'country': 'France', 'postcode': 37685, 'coordinates': {'latitude': '-19.8974', 'longitude': '-55.3986'}, 'timezone': {'offset': '+9:00', 'description': 'Tokyo, Seoul, Osaka, Sapporo, Yakutsk'}}, 'email': 'remy.david@example.com', 'login': {'uuid': 'd3e5bfb4-2713-4b60-aaff-ac33fc6b1693', 'username': 'yellowwolf682', 'password': 'mustangs', 'salt': 'iBemSzcl', 'md5': '8d2a9c649dda7939bcb8fcd19ddec052', 'sha1': '56c6a15bb35391a6a8fb5bd271e312b9a92ea9b0', 'sha256': 'c382da2a0f8e40a6679590547f718df98f283e9f3a0f69a49a96f42f8fac5cd8'}, 'dob': {'date': '1989-01-02T10:51:18.664Z', 'age': 35}, 'registered': {'date': '2006-10-22T17:02:54.923Z', 'age': 17}, 'phone': '05-73-70-45-26', 'cell': '06-88-56-33-46', 'id': {'name': 'INSEE', 'value': '1890093524527 14'}, 'picture': {'large': 'https://randomuser.me/api/portraits/men/20.jpg', 'medium': 'https://randomuser.me/api/portraits/med/men/20.jpg', 'thumbnail': 'https://randomuser.me/api/portraits/thumb/men/20.jpg'}, 'nat': 'FR'}</msg>
<arg>${json_data['results'][0]}</arg>
<doc>Logs the given message with the given level.</doc>
<status status="PASS" start="2024-04-16T16:17:51.000793" elapsed="0.000442"/>
</kw>
<kw name="Log" owner="BuiltIn">
<msg time="2024-04-16T16:17:51.001683" level="INFO">name</msg>
<arg>${key}</arg>
<doc>Logs the given message with the given level.</doc>
<status status="PASS" start="2024-04-16T16:17:51.001551" elapsed="0.000171"/>
</kw>
<var name="${key}">name</var>
<status status="PASS" start="2024-04-16T16:17:50.999867" elapsed="0.002079"/>
</iter>
<iter>
<kw name="Dictionary Should Contain Key" owner="Collections">
<msg time="2024-04-16T16:17:51.002626" level="INFO">False</msg>
<arg>${json_data['results'][0]}</arg>
<arg>${key}</arg>
<doc>Fails if ``key`` is not found from ``dictionary``.</doc>
<status status="PASS" start="2024-04-16T16:17:51.002244" elapsed="0.000420"/>
</kw>
<kw name="Log" owner="BuiltIn">
<msg time="2024-04-16T16:17:51.003328" level="INFO">{'gender': 'male', 'name': {'title': 'Mr', 'first': 'Rémy', 'last': 'David'}, 'location': {'street': {'number': 3663, 'name': 'Rue des Cuirassiers'}, 'city': 'Tours', 'state': 'Nord', 'country': 'France', 'postcode': 37685, 'coordinates': {'latitude': '-19.8974', 'longitude': '-55.3986'}, 'timezone': {'offset': '+9:00', 'description': 'Tokyo, Seoul, Osaka, Sapporo, Yakutsk'}}, 'email': 'remy.david@example.com', 'login': {'uuid': 'd3e5bfb4-2713-4b60-aaff-ac33fc6b1693', 'username': 'yellowwolf682', 'password': 'mustangs', 'salt': 'iBemSzcl', 'md5': '8d2a9c649dda7939bcb8fcd19ddec052', 'sha1': '56c6a15bb35391a6a8fb5bd271e312b9a92ea9b0', 'sha256': 'c382da2a0f8e40a6679590547f718df98f283e9f3a0f69a49a96f42f8fac5cd8'}, 'dob': {'date': '1989-01-02T10:51:18.664Z', 'age': 35}, 'registered': {'date': '2006-10-22T17:02:54.923Z', 'age': 17}, 'phone': '05-73-70-45-26', 'cell': '06-88-56-33-46', 'id': {'name': 'INSEE', 'value': '1890093524527 14'}, 'picture': {'large': 'https://randomuser.me/api/portraits/men/20.jpg', 'medium': 'https://randomuser.me/api/portraits/med/men/20.jpg', 'thumbnail': 'https://randomuser.me/api/portraits/thumb/men/20.jpg'}, 'nat': 'FR'}</msg>
<arg>${json_data['results'][0]}</arg>
<doc>Logs the given message with the given level.</doc>
<status status="PASS" start="2024-04-16T16:17:51.002964" elapsed="0.000414"/>
</kw>
<kw name="Log" owner="BuiltIn">
<msg time="2024-04-16T16:17:51.003801" level="INFO">location</msg>
<arg>${key}</arg>
<doc>Logs the given message with the given level.</doc>
<status status="PASS" start="2024-04-16T16:17:51.003674" elapsed="0.000166"/>
</kw>
<var name="${key}">location</var>
<status status="PASS" start="2024-04-16T16:17:51.002132" elapsed="0.001928"/>
</iter>
<iter>
<kw name="Dictionary Should Contain Key" owner="Collections">
<msg time="2024-04-16T16:17:51.004757" level="INFO">False</msg>
<arg>${json_data['results'][0]}</arg>
<arg>${key}</arg>
<doc>Fails if ``key`` is not found from ``dictionary``.</doc>
<status status="PASS" start="2024-04-16T16:17:51.004342" elapsed="0.000462"/>
</kw>
<kw name="Log" owner="BuiltIn">
<msg time="2024-04-16T16:17:51.005479" level="INFO">{'gender': 'male', 'name': {'title': 'Mr', 'first': 'Rémy', 'last': 'David'}, 'location': {'street': {'number': 3663, 'name': 'Rue des Cuirassiers'}, 'city': 'Tours', 'state': 'Nord', 'country': 'France', 'postcode': 37685, 'coordinates': {'latitude': '-19.8974', 'longitude': '-55.3986'}, 'timezone': {'offset': '+9:00', 'description': 'Tokyo, Seoul, Osaka, Sapporo, Yakutsk'}}, 'email': 'remy.david@example.com', 'login': {'uuid': 'd3e5bfb4-2713-4b60-aaff-ac33fc6b1693', 'username': 'yellowwolf682', 'password': 'mustangs', 'salt': 'iBemSzcl', 'md5': '8d2a9c649dda7939bcb8fcd19ddec052', 'sha1': '56c6a15bb35391a6a8fb5bd271e312b9a92ea9b0', 'sha256': 'c382da2a0f8e40a6679590547f718df98f283e9f3a0f69a49a96f42f8fac5cd8'}, 'dob': {'date': '1989-01-02T10:51:18.664Z', 'age': 35}, 'registered': {'date': '2006-10-22T17:02:54.923Z', 'age': 17}, 'phone': '05-73-70-45-26', 'cell': '06-88-56-33-46', 'id': {'name': 'INSEE', 'value': '1890093524527 14'}, 'picture': {'large': 'https://randomuser.me/api/portraits/men/20.jpg', 'medium': 'https://randomuser.me/api/portraits/med/men/20.jpg', 'thumbnail': 'https://randomuser.me/api/portraits/thumb/men/20.jpg'}, 'nat': 'FR'}</msg>
<arg>${json_data['results'][0]}</arg>
<doc>Logs the given message with the given level.</doc>
<status status="PASS" start="2024-04-16T16:17:51.005109" elapsed="0.000421"/>
</kw>
<kw name="Log" owner="BuiltIn">
<msg time="2024-04-16T16:17:51.005966" level="INFO">email</msg>
<arg>${key}</arg>
<doc>Logs the given message with the given level.</doc>
<status status="PASS" start="2024-04-16T16:17:51.005839" elapsed="0.000167"/>
</kw>
<var name="${key}">email</var>
<status status="PASS" start="2024-04-16T16:17:51.004232" elapsed="0.001993"/>
</iter>
<iter>
<kw name="Dictionary Should Contain Key" owner="Collections">
<msg time="2024-04-16T16:17:51.006883" level="INFO">False</msg>
<arg>${json_data['results'][0]}</arg>
<arg>${key}</arg>
<doc>Fails if ``key`` is not found from ``dictionary``.</doc>
<status status="PASS" start="2024-04-16T16:17:51.006510" elapsed="0.000411"/>
</kw>
<kw name="Log" owner="BuiltIn">
<msg time="2024-04-16T16:17:51.007632" level="INFO">{'gender': 'male', 'name': {'title': 'Mr', 'first': 'Rémy', 'last': 'David'}, 'location': {'street': {'number': 3663, 'name': 'Rue des Cuirassiers'}, 'city': 'Tours', 'state': 'Nord', 'country': 'France', 'postcode': 37685, 'coordinates': {'latitude': '-19.8974', 'longitude': '-55.3986'}, 'timezone': {'offset': '+9:00', 'description': 'Tokyo, Seoul, Osaka, Sapporo, Yakutsk'}}, 'email': 'remy.david@example.com', 'login': {'uuid': 'd3e5bfb4-2713-4b60-aaff-ac33fc6b1693', 'username': 'yellowwolf682', 'password': 'mustangs', 'salt': 'iBemSzcl', 'md5': '8d2a9c649dda7939bcb8fcd19ddec052', 'sha1': '56c6a15bb35391a6a8fb5bd271e312b9a92ea9b0', 'sha256': 'c382da2a0f8e40a6679590547f718df98f283e9f3a0f69a49a96f42f8fac5cd8'}, 'dob': {'date': '1989-01-02T10:51:18.664Z', 'age': 35}, 'registered': {'date': '2006-10-22T17:02:54.923Z', 'age': 17}, 'phone': '05-73-70-45-26', 'cell': '06-88-56-33-46', 'id': {'name': 'INSEE', 'value': '1890093524527 14'}, 'picture': {'large': 'https://randomuser.me/api/portraits/men/20.jpg', 'medium': 'https://randomuser.me/api/portraits/med/men/20.jpg', 'thumbnail': 'https://randomuser.me/api/portraits/thumb/men/20.jpg'}, 'nat': 'FR'}</msg>
<arg>${json_data['results'][0]}</arg>
<doc>Logs the given message with the given level.</doc>
<status status="PASS" start="2024-04-16T16:17:51.007239" elapsed="0.000442"/>
</kw>
<kw name="Log" owner="BuiltIn">
<msg time="2024-04-16T16:17:51.008135" level="INFO">login</msg>
<arg>${key}</arg>
<doc>Logs the given message with the given level.</doc>
<status status="PASS" start="2024-04-16T16:17:51.008003" elapsed="0.000174"/>
</kw>
<var name="${key}">login</var>
<status status="PASS" start="2024-04-16T16:17:51.006399" elapsed="0.002061"/>
</iter>
<var>${key}</var>
<value>@{expected_keys}</value>
<status status="PASS" start="2024-04-16T16:17:50.997388" elapsed="0.011206"/>
</for>
<kw name="Create List" owner="BuiltIn">
<msg time="2024-04-16T16:17:51.008956" level="INFO">${expected_keysTwo} = ['username', 'password']</msg>
<var>${expected_keysTwo}</var>
<arg>username</arg>
<arg>password</arg>
<doc>Returns a list containing given items.</doc>
<status status="PASS" start="2024-04-16T16:17:51.008812" elapsed="0.000168"/>
</kw>
<for flavor="IN">
<iter>
<kw name="Dictionary Should Contain Key" owner="Collections">
<msg time="2024-04-16T16:17:51.010045" level="INFO">False</msg>
<arg>${json_data['results'][0]['login']}</arg>
<arg>${keyTwo}</arg>
<doc>Fails if ``key`` is not found from ``dictionary``.</doc>
<status status="PASS" start="2024-04-16T16:17:51.009654" elapsed="0.000429"/>
</kw>
<kw name="Dictionary Should Contain Key" owner="Collections">
<msg time="2024-04-16T16:17:51.010790" level="INFO">False</msg>
<arg>${json_data['results'][0]['login']}</arg>
<arg>${keyTwo}</arg>
<doc>Fails if ``key`` is not found from ``dictionary``.</doc>
<status status="PASS" start="2024-04-16T16:17:51.010400" elapsed="0.000430"/>
</kw>
<kw name="Log" owner="BuiltIn">
<msg time="2024-04-16T16:17:51.011284" level="INFO">username</msg>
<arg>${keyTwo}</arg>
<doc>Logs the given message with the given level.</doc>
<status status="PASS" start="2024-04-16T16:17:51.011148" elapsed="0.000175"/>
</kw>
<var name="${keyTwo}">username</var>
<status status="PASS" start="2024-04-16T16:17:51.009539" elapsed="0.002003"/>
</iter>
<iter>
<kw name="Dictionary Should Contain Key" owner="Collections">
<msg time="2024-04-16T16:17:51.012213" level="INFO">False</msg>
<arg>${json_data['results'][0]['login']}</arg>
<arg>${keyTwo}</arg>
<doc>Fails if ``key`` is not found from ``dictionary``.</doc>
<status status="PASS" start="2024-04-16T16:17:51.011830" elapsed="0.000421"/>
</kw>
<kw name="Dictionary Should Contain Key" owner="Collections">
<msg time="2024-04-16T16:17:51.013005" level="INFO">False</msg>
<arg>${json_data['results'][0]['login']}</arg>
<arg>${keyTwo}</arg>
<doc>Fails if ``key`` is not found from ``dictionary``.</doc>
<status status="PASS" start="2024-04-16T16:17:51.012603" elapsed="0.000439"/>
</kw>
<kw name="Log" owner="BuiltIn">
<msg time="2024-04-16T16:17:51.013516" level="INFO">password</msg>
<arg>${keyTwo}</arg>
<doc>Logs the given message with the given level.</doc>
<status status="PASS" start="2024-04-16T16:17:51.013387" elapsed="0.000168"/>
</kw>
<var name="${keyTwo}">password</var>
<status status="PASS" start="2024-04-16T16:17:51.011720" elapsed="0.002072"/>
</iter>
<var>${keyTwo}</var>
<value>@{expected_keysTwo}</value>
<status status="PASS" start="2024-04-16T16:17:51.009231" elapsed="0.004697"/>
</for>
<status status="PASS" start="2024-04-16T16:17:50.896562" elapsed="0.117520"/>
</kw>
<doc>Testa a estrutura da resposta da API.</doc>
<tag>testeEstruturaResposta</tag>
<status status="PASS" start="2024-04-16T16:17:50.895838" elapsed="0.118417"/>
</test>
<test id="s1-s1-t4" name="Validar tipos de dados" line="28">
<kw name="Teste de Tipos de Dados" owner="random-user-service">
<kw name="GET On Session" owner="RequestsLibrary">
<msg time="2024-04-16T16:17:51.106623" level="INFO">GET Request : url=https://randomuser.me/api 
 path_url=/api 
 headers={'User-Agent': 'python-requests/2.31.0', 'Accept-Encoding': 'gzip, deflate', 'Accept': '*/*', 'Connection': 'keep-alive'} 
 body=None 
 </msg>
<msg time="2024-04-16T16:17:51.106728" level="INFO">GET Response : url=https://randomuser.me/api 
 status=200, reason=OK 
 headers={'Date': 'Tue, 16 Apr 2024 16:17:51 GMT', 'Content-Type': 'application/json; charset=utf-8', 'Transfer-Encoding': 'chunked', 'Connection': 'keep-alive', 'X-Powered-By': 'Express', 'Access-Control-Allow-Origin': '*', 'Cache-Control': 'no-cache', 'ETag': 'W/"48f-jCYcobIUxnyEQTzAduAdrujRAjY"', 'Vary': 'Accept-Encoding', 'Content-Encoding': 'gzip', 'CF-Cache-Status': 'DYNAMIC', 'Report-To': '{"endpoints":[{"url":"https:\\/\\/a.nel.cloudflare.com\\/report\\/v4?s=XHyboprYUnr2jTwKAZjOAJ%2Fm71hwai3xyammkl1ZCgWXQIq10mcsYXVQOMxMkaSJVvJfTJmCh5AvGQiTcG%2B33UjC7473r%2FLpGWc8liCKMVvIYt1Ka0oveHQPV%2BMO%2Bq2h"}],"group":"cf-nel","max_age":604800}', 'NEL': '{"success_fraction":0,"report_to":"cf-nel","max_age":604800}', 'Server': 'cloudflare', 'CF-RAY': '87557ce5ed65cf41-SJC', 'alt-svc': 'h3=":443"; ma=86400'} 
 body={"results":[{"gender":"female","name":{"title":"Ms","first":"Lidia","last":"Ramos"},"location":{"street":{"number":4249,"name":"Ronda de Toledo"},"city":"Cartagena","state":"Comunidad Valenciana","country":"Spain","postcode":54813,"coordinates":{"latitude":"-33.3580","longitude":"72.4256"},"timezone":{"offset":"+6:00","description":"Almaty, Dhaka, Colombo"}},"email":"lidia.ramos@example.com","login":{"uuid":"8ccc6f28-7c6c-4835-808c-a454d35e4ff9","username":"silverostrich364","password":"lllll","salt":"UyWHnwra","md5":"9785d6504700f14d996ec52729ca26a5","sha1":"a7e65fd5957e6ac1434cc396d89fdeddde8ccff4","sha256":"ca345b73e4617118324089934ac22a351e9a3b228423203b11b835104f0c5838"},"dob":{"date":"1962-07-18T22:39:26.082Z","age":61},"registered":{"date":"2007-04-22T13:19:31.659Z","age":16},"phone":"913-929-957","cell":"677-014-787","id":{"name":"DNI","value":"03211891-U"},"picture":{"large":"https://randomuser.me/api/portraits/women/84.jpg","medium":"https://randomuser.me/api/portraits/med/women/84.jpg","thumbnail":"https://randomuser.me/api/portraits/thumb/women/84.jpg"},"nat":"ES"}],"info":{"seed":"64faa48347999575","results":1,"page":1,"version":"1.4"}} 
 </msg>
<msg time="2024-04-16T16:17:51.106808" level="INFO">/opt/hostedtoolcache/Python/3.12.2/x64/lib/python3.12/site-packages/urllib3/connectionpool.py:1103: InsecureRequestWarning: Unverified HTTPS request is being made to host 'randomuser.me'. Adding certificate verification is strongly advised. See: https://urllib3.readthedocs.io/en/latest/advanced-usage.html#tls-warnings
  warnings.warn(</msg>
<msg time="2024-04-16T16:17:51.106940" level="INFO">${response} = &lt;Response [200]&gt;</msg>
<var>${response}</var>
<arg>consultarAPI</arg>
<arg>/api</arg>
<doc>Sends a GET request on a previously created HTTP Session.</doc>
<status status="PASS" start="2024-04-16T16:17:51.016819" elapsed="0.090152"/>
</kw>
<kw name="Set Variable" owner="BuiltIn">
<msg time="2024-04-16T16:17:51.108159" level="INFO">${json_data} = {'results': [{'gender': 'female', 'name': {'title': 'Ms', 'first': 'Lidia', 'last': 'Ramos'}, 'location': {'street': {'number': 4249, 'name': 'Ronda de Toledo'}, 'city': 'Cartagena', 'state': 'Comunid...</msg>
<var>${json_data}</var>
<arg>${response.json()}</arg>
<doc>Returns the given values which can then be assigned to a variables.</doc>
<status status="PASS" start="2024-04-16T16:17:51.107584" elapsed="0.000605"/>
</kw>
<kw name="Log" owner="BuiltIn">
<msg time="2024-04-16T16:17:51.108738" level="INFO">{'results': [{'gender': 'female', 'name': {'title': 'Ms', 'first': 'Lidia', 'last': 'Ramos'}, 'location': {'street': {'number': 4249, 'name': 'Ronda de Toledo'}, 'city': 'Cartagena', 'state': 'Comunidad Valenciana', 'country': 'Spain', 'postcode': 54813, 'coordinates': {'latitude': '-33.3580', 'longitude': '72.4256'}, 'timezone': {'offset': '+6:00', 'description': 'Almaty, Dhaka, Colombo'}}, 'email': 'lidia.ramos@example.com', 'login': {'uuid': '8ccc6f28-7c6c-4835-808c-a454d35e4ff9', 'username': 'silverostrich364', 'password': 'lllll', 'salt': 'UyWHnwra', 'md5': '9785d6504700f14d996ec52729ca26a5', 'sha1': 'a7e65fd5957e6ac1434cc396d89fdeddde8ccff4', 'sha256': 'ca345b73e4617118324089934ac22a351e9a3b228423203b11b835104f0c5838'}, 'dob': {'date': '1962-07-18T22:39:26.082Z', 'age': 61}, 'registered': {'date': '2007-04-22T13:19:31.659Z', 'age': 16}, 'phone': '913-929-957', 'cell': '677-014-787', 'id': {'name': 'DNI', 'value': '03211891-U'}, 'picture': {'large': 'https://randomuser.me/api/portraits/women/84.jpg', 'medium': 'https://randomuser.me/api/portraits/med/women/84.jpg', 'thumbnail': 'https://randomuser.me/api/portraits/thumb/women/84.jpg'}, 'nat': 'ES'}], 'info': {'seed': '64faa48347999575', 'results': 1, 'page': 1, 'version': '1.4'}}</msg>
<arg>${json_data}</arg>
<doc>Logs the given message with the given level.</doc>
<status status="PASS" start="2024-04-16T16:17:51.108573" elapsed="0.000255"/>
</kw>
<kw name="Should Be String" owner="String">
<arg>${json_data['results'][0]['gender']}</arg>
<doc>Fails if the given ``item`` is not a string.</doc>
<status status="PASS" start="2024-04-16T16:17:51.109140" elapsed="0.000380"/>
</kw>
<kw name="Should Match Regexp" owner="BuiltIn">
<arg>${json_data['results'][0]['email']}</arg>
<arg>^[a-zA-Z0-9._%+-]+@[a-zA-Z0-9.-]+\.[a-zA-Z]{2,}$</arg>
<doc>Fails if ``string`` does not match ``pattern`` as a regular expression.</doc>
<status status="PASS" start="2024-04-16T16:17:51.109716" elapsed="0.000527"/>
</kw>
<kw name="Should Match Regexp" owner="BuiltIn">
<arg>${json_data['results'][0]['dob']['date']}</arg>
<arg>\\d{4}-\\d{2}-\\d{2}T\\d{2}:\\d{2}:\\d{2}\\.\\d{3}Z</arg>
<doc>Fails if ``string`` does not match ``pattern`` as a regular expression.</doc>
<status status="PASS" start="2024-04-16T16:17:51.110441" elapsed="0.000488"/>
</kw>
<kw name="Should Match Regexp" owner="BuiltIn">
<arg>${json_data['results'][0]['registered']['date']}</arg>
<arg>\\d{4}-\\d{2}-\\d{2}T\\d{2}:\\d{2}:\\d{2}\\.\\d{3}Z</arg>
<doc>Fails if ``string`` does not match ``pattern`` as a regular expression.</doc>
<status status="PASS" start="2024-04-16T16:17:51.111132" elapsed="0.000386"/>
</kw>
<kw name="Should Match Regexp" owner="BuiltIn">
<arg>${json_data['results'][0]['picture']['large']}</arg>
<arg>^https?://.*\.(?:png|jpe?g|gif|bmp)$</arg>
<doc>Fails if ``string`` does not match ``pattern`` as a regular expression.</doc>
<status status="PASS" start="2024-04-16T16:17:51.111720" elapsed="0.000492"/>
</kw>
<kw name="Should Match Regexp" owner="BuiltIn">
<arg>${json_data['results'][0]['picture']['medium']}</arg>
<arg>^https?://.*\.(?:png|jpe?g|gif|bmp)$</arg>
<doc>Fails if ``string`` does not match ``pattern`` as a regular expression.</doc>
<status status="PASS" start="2024-04-16T16:17:51.112448" elapsed="0.000369"/>
</kw>
<kw name="Should Match Regexp" owner="BuiltIn">
<arg>${json_data['results'][0]['picture']['thumbnail']}</arg>
<arg>^https?://.*\.(?:png|jpe?g|gif|bmp)$</arg>
<doc>Fails if ``string`` does not match ``pattern`` as a regular expression.</doc>
<status status="PASS" start="2024-04-16T16:17:51.113004" elapsed="0.000362"/>
</kw>
<kw name="Log" owner="BuiltIn">
<msg time="2024-04-16T16:17:51.113901" level="INFO">{'large': 'https://randomuser.me/api/portraits/women/84.jpg', 'medium': 'https://randomuser.me/api/portraits/med/women/84.jpg', 'thumbnail': 'https://randomuser.me/api/portraits/thumb/women/84.jpg'}</msg>
<arg>${json_data['results'][0]['picture']}</arg>
<doc>Logs the given message with the given level.</doc>
<status status="PASS" start="2024-04-16T16:17:51.113555" elapsed="0.000391"/>
</kw>
<status status="PASS" start="2024-04-16T16:17:51.016561" elapsed="0.097708"/>
</kw>
<kw name="Teste de Tipos de Dados - Postcode" owner="random-user-service">
<kw name="GET On Session" owner="RequestsLibrary">
<msg time="2024-04-16T16:17:51.402785" level="INFO">GET Request : url=https://randomuser.me/api 
 path_url=/api 
 headers={'User-Agent': 'python-requests/2.31.0', 'Accept-Encoding': 'gzip, deflate', 'Accept': '*/*', 'Connection': 'keep-alive'} 
 body=None 
 </msg>
<msg time="2024-04-16T16:17:51.402890" level="INFO">GET Response : url=https://randomuser.me/api 
 status=200, reason=OK 
 headers={'Date': 'Tue, 16 Apr 2024 16:17:51 GMT', 'Content-Type': 'application/json; charset=utf-8', 'Transfer-Encoding': 'chunked', 'Connection': 'keep-alive', 'X-Powered-By': 'Express', 'Access-Control-Allow-Origin': '*', 'Cache-Control': 'no-cache', 'ETag': 'W/"4a7-a41/LeUweDA+WUyubf6EXAhHL0w"', 'Vary': 'Accept-Encoding', 'Content-Encoding': 'gzip', 'CF-Cache-Status': 'DYNAMIC', 'Report-To': '{"endpoints":[{"url":"https:\\/\\/a.nel.cloudflare.com\\/report\\/v4?s=jmG233enSRyYjcob8E%2Fkx3%2FHKOn64yNQKkVE589uzAf5mj6yBc1KhqVsirf9SFP5GNHqgrRyWlD3sR7PGL72XIfGpSpXVL24hS62SungG6EybEn%2FnOyrdLzbylYRdkRy"}],"group":"cf-nel","max_age":604800}', 'NEL': '{"success_fraction":0,"report_to":"cf-nel","max_age":604800}', 'Server': 'cloudflare', 'CF-RAY': '87557ce67e1bcf41-SJC', 'alt-svc': 'h3=":443"; ma=86400'} 
 body={"results":[{"gender":"male","name":{"title":"Mr","first":"Ernesto","last":"Corrales"},"location":{"street":{"number":6433,"name":"Boulevard Ramírez"},"city":"Ciudad Sahagún","state":"Chihuahua","country":"Mexico","postcode":14426,"coordinates":{"latitude":"26.3804","longitude":"-15.8513"},"timezone":{"offset":"+8:00","description":"Beijing, Perth, Singapore, Hong Kong"}},"email":"ernesto.corrales@example.com","login":{"uuid":"44da2220-00e2-492d-8008-6b51ee7db413","username":"angryleopard464","password":"1021","salt":"bb5hLhZq","md5":"4adc1c6b1f1cf6debb4b820583be078d","sha1":"5672f3b7d4fdbacd22e7aa558cf5bb59525dab93","sha256":"9c9c0a3b0adb87318fe46d4ee01acbb1df3b55b426f1826dd9b0b6bc59b9f6a9"},"dob":{"date":"1986-10-24T03:32:59.101Z","age":37},"registered":{"date":"2008-08-12T04:37:02.200Z","age":15},"phone":"(698) 487 2016","cell":"(647) 079 9217","id":{"name":"NSS","value":"09 48 54 9636 4"},"picture":{"large":"https://randomuser.me/api/portraits/men/10.jpg","medium":"https://randomuser.me/api/portraits/med/men/10.jpg","thumbnail":"https://randomuser.me/api/portraits/thumb/men/10.jpg"},"nat":"MX"}],"info":{"seed":"43c91b0d4ec77536","results":1,"page":1,"version":"1.4"}} 
 </msg>
<msg time="2024-04-16T16:17:51.402990" level="INFO">/opt/hostedtoolcache/Python/3.12.2/x64/lib/python3.12/site-packages/urllib3/connectionpool.py:1103: InsecureRequestWarning: Unverified HTTPS request is being made to host 'randomuser.me'. Adding certificate verification is strongly advised. See: https://urllib3.readthedocs.io/en/latest/advanced-usage.html#tls-warnings
  warnings.warn(</msg>
<msg time="2024-04-16T16:17:51.403114" level="INFO">${response} = &lt;Response [200]&gt;</msg>
<var>${response}</var>
<arg>consultarAPI</arg>
<arg>/api</arg>
<doc>Sends a GET request on a previously created HTTP Session.</doc>
<status status="PASS" start="2024-04-16T16:17:51.114779" elapsed="0.288368"/>
</kw>
<kw name="Set Variable" owner="BuiltIn">
<msg time="2024-04-16T16:17:51.404232" level="INFO">${json_data} = {'results': [{'gender': 'male', 'name': {'title': 'Mr', 'first': 'Ernesto', 'last': 'Corrales'}, 'location': {'street': {'number': 6433, 'name': 'Boulevard Ramírez'}, 'city': 'Ciudad Sahagún', 'state'...</msg>
<var>${json_data}</var>
<arg>${response.json()}</arg>
<doc>Returns the given values which can then be assigned to a variables.</doc>
<status status="PASS" start="2024-04-16T16:17:51.403703" elapsed="0.000559"/>
</kw>
<kw name="Log" owner="BuiltIn">
<msg time="2024-04-16T16:17:51.404791" level="INFO">{'results': [{'gender': 'male', 'name': {'title': 'Mr', 'first': 'Ernesto', 'last': 'Corrales'}, 'location': {'street': {'number': 6433, 'name': 'Boulevard Ramírez'}, 'city': 'Ciudad Sahagún', 'state': 'Chihuahua', 'country': 'Mexico', 'postcode': 14426, 'coordinates': {'latitude': '26.3804', 'longitude': '-15.8513'}, 'timezone': {'offset': '+8:00', 'description': 'Beijing, Perth, Singapore, Hong Kong'}}, 'email': 'ernesto.corrales@example.com', 'login': {'uuid': '44da2220-00e2-492d-8008-6b51ee7db413', 'username': 'angryleopard464', 'password': '1021', 'salt': 'bb5hLhZq', 'md5': '4adc1c6b1f1cf6debb4b820583be078d', 'sha1': '5672f3b7d4fdbacd22e7aa558cf5bb59525dab93', 'sha256': '9c9c0a3b0adb87318fe46d4ee01acbb1df3b55b426f1826dd9b0b6bc59b9f6a9'}, 'dob': {'date': '1986-10-24T03:32:59.101Z', 'age': 37}, 'registered': {'date': '2008-08-12T04:37:02.200Z', 'age': 15}, 'phone': '(698) 487 2016', 'cell': '(647) 079 9217', 'id': {'name': 'NSS', 'value': '09 48 54 9636 4'}, 'picture': {'large': 'https://randomuser.me/api/portraits/men/10.jpg', 'medium': 'https://randomuser.me/api/portraits/med/men/10.jpg', 'thumbnail': 'https://randomuser.me/api/portraits/thumb/men/10.jpg'}, 'nat': 'MX'}], 'info': {'seed': '43c91b0d4ec77536', 'results': 1, 'page': 1, 'version': '1.4'}}</msg>
<arg>${json_data}</arg>
<doc>Logs the given message with the given level.</doc>
<status status="PASS" start="2024-04-16T16:17:51.404625" elapsed="0.000250"/>
</kw>
<kw name="Should Be Equal As Numbers" owner="BuiltIn">
<arg>${json_data['results'][0]['location']['postcode']}</arg>
<arg>${json_data['results'][0]['location']['postcode']}</arg>
<doc>Fails if objects are unequal after converting them to real numbers.</doc>
<status status="PASS" start="2024-04-16T16:17:51.405176" elapsed="0.000617"/>
</kw>
<kw name="Log" owner="BuiltIn">
<msg time="2024-04-16T16:17:51.406323" level="INFO">14426</msg>
<arg>${json_data['results'][0]['location']['postcode']}</arg>
<doc>Logs the given message with the given level.</doc>
<status status="PASS" start="2024-04-16T16:17:51.405983" elapsed="0.000380"/>
</kw>
<status status="PASS" start="2024-04-16T16:17:51.114518" elapsed="0.292106"/>
</kw>
<doc>Testa se os tipos de dados na resposta da API estão corretos.</doc>
<tag>testeTiposDados</tag>
<status status="PASS" start="2024-04-16T16:17:51.016024" elapsed="0.390774"/>
</test>
<test id="s1-s1-t5" name="Validar conteudo" line="35">
<kw name="Teste de Tipos de Conteudo" owner="random-user-service">
<kw name="GET On Session" owner="RequestsLibrary">
<msg time="2024-04-16T16:17:51.546923" level="INFO">GET Request : url=https://randomuser.me/api 
 path_url=/api 
 headers={'User-Agent': 'python-requests/2.31.0', 'Accept-Encoding': 'gzip, deflate', 'Accept': '*/*', 'Connection': 'keep-alive'} 
 body=None 
 </msg>
<msg time="2024-04-16T16:17:51.547040" level="INFO">GET Response : url=https://randomuser.me/api 
 status=200, reason=OK 
 headers={'Date': 'Tue, 16 Apr 2024 16:17:51 GMT', 'Content-Type': 'application/json; charset=utf-8', 'Transfer-Encoding': 'chunked', 'Connection': 'keep-alive', 'X-Powered-By': 'Express', 'Access-Control-Allow-Origin': '*', 'Cache-Control': 'no-cache', 'ETag': 'W/"4a6-Knlcbpz3wVjt7rSiLd5eiQDDbe8"', 'Vary': 'Accept-Encoding', 'Content-Encoding': 'gzip', 'CF-Cache-Status': 'DYNAMIC', 'Report-To': '{"endpoints":[{"url":"https:\\/\\/a.nel.cloudflare.com\\/report\\/v4?s=lgDTfgpAHIx%2FL5jpwxVaQ6gNBDw6dDLpe0lXtJXGn99DmBR%2FsAebCk6ftI0bovJ%2FFv1YdqwmmcprwHIaG6zPumHWt2hkGdCWzgpfgPiRUxhu1eiMUh%2FL4dMbLvtUyaHl"}],"group":"cf-nel","max_age":604800}', 'NEL': '{"success_fraction":0,"report_to":"cf-nel","max_age":604800}', 'Server': 'cloudflare', 'CF-RAY': '87557ce85ffecf41-SJC', 'alt-svc': 'h3=":443"; ma=86400'} 
 body={"results":[{"gender":"female","name":{"title":"Mrs","first":"Dionésia","last":"Caldeira"},"location":{"street":{"number":6121,"name":"Rua São Luiz "},"city":"Hortolândia","state":"Maranhão","country":"Brazil","postcode":25728,"coordinates":{"latitude":"-77.9385","longitude":"165.7249"},"timezone":{"offset":"+8:00","description":"Beijing, Perth, Singapore, Hong Kong"}},"email":"dionesia.caldeira@example.com","login":{"uuid":"316d9c55-2205-4bc6-86d3-218f0b06f41f","username":"browncat193","password":"sliver","salt":"icuTXyVz","md5":"5c068073c5a47c68d80350043be3c818","sha1":"6ea24df9250f21ac19fbf1b3b2275da47adc6f1a","sha256":"a05f45fa36d66693b29b0d527ac1c7ed7ee8d25ec683dfac4f68d07937c27be2"},"dob":{"date":"1973-06-21T06:31:58.120Z","age":50},"registered":{"date":"2022-01-08T19:35:44.480Z","age":2},"phone":"(70) 3921-9209","cell":"(00) 2927-9641","id":{"name":"CPF","value":"692.969.951-50"},"picture":{"large":"https://randomuser.me/api/portraits/women/0.jpg","medium":"https://randomuser.me/api/portraits/med/women/0.jpg","thumbnail":"https://randomuser.me/api/portraits/thumb/women/0.jpg"},"nat":"BR"}],"info":{"seed":"4ecccaa1a3159f9c","results":1,"page":1,"version":"1.4"}} 
 </msg>
<msg time="2024-04-16T16:17:51.547129" level="INFO">/opt/hostedtoolcache/Python/3.12.2/x64/lib/python3.12/site-packages/urllib3/connectionpool.py:1103: InsecureRequestWarning: Unverified HTTPS request is being made to host 'randomuser.me'. Adding certificate verification is strongly advised. See: https://urllib3.readthedocs.io/en/latest/advanced-usage.html#tls-warnings
  warnings.warn(</msg>
<msg time="2024-04-16T16:17:51.547270" level="INFO">${response} = &lt;Response [200]&gt;</msg>
<var>${response}</var>
<arg>consultarAPI</arg>
<arg>/api</arg>
<doc>Sends a GET request on a previously created HTTP Session.</doc>
<status status="PASS" start="2024-04-16T16:17:51.409266" elapsed="0.138037"/>
</kw>
<kw name="Set Variable" owner="BuiltIn">
<msg time="2024-04-16T16:17:51.548452" level="INFO">${json_data} = {'results': [{'gender': 'female', 'name': {'title': 'Mrs', 'first': 'Dionésia', 'last': 'Caldeira'}, 'location': {'street': {'number': 6121, 'name': 'Rua São Luiz '}, 'city': 'Hortolândia', 'state': '...</msg>
<var>${json_data}</var>
<arg>${response.json()}</arg>
<doc>Returns the given values which can then be assigned to a variables.</doc>
<status status="PASS" start="2024-04-16T16:17:51.547887" elapsed="0.000599"/>
</kw>
<kw name="Set Variable" owner="BuiltIn">
<msg time="2024-04-16T16:17:51.549199" level="INFO">${name_title} = Mrs</msg>
<var>${name_title}</var>
<arg>${json_data["results"][0]["name"]["title"]}</arg>
<doc>Returns the given values which can then be assigned to a variables.</doc>
<status status="PASS" start="2024-04-16T16:17:51.548810" elapsed="0.000414"/>
</kw>
<kw name="Create List" owner="BuiltIn">
<msg time="2024-04-16T16:17:51.549673" level="INFO">${allowed_titles} = ['Mr', 'Ms', 'Miss', 'Mrs', 'Madame', 'Monsieur']</msg>
<var>${allowed_titles}</var>
<arg>Mr</arg>
<arg>Ms</arg>
<arg>Miss</arg>
<arg>Mrs</arg>
<arg>Madame</arg>
<arg>Monsieur</arg>
<doc>Returns a list containing given items.</doc>
<status status="PASS" start="2024-04-16T16:17:51.549525" elapsed="0.000173"/>
</kw>
<kw name="List Should Contain Value" owner="Collections">
<msg time="2024-04-16T16:17:51.550178" level="INFO">False</msg>
<arg>${allowed_titles}</arg>
<arg>${name_title}</arg>
<doc>Fails if the ``value`` is not found from ``list``.</doc>
<status status="PASS" start="2024-04-16T16:17:51.549999" elapsed="0.000217"/>
</kw>
<kw name="Set Variable" owner="BuiltIn">
<msg time="2024-04-16T16:17:51.550896" level="INFO">${name_country} = BR</msg>
<var>${name_country}</var>
<arg>${json_data["results"][0]["nat"]}</arg>
<doc>Returns the given values which can then be assigned to a variables.</doc>
<status status="PASS" start="2024-04-16T16:17:51.550509" elapsed="0.000412"/>
</kw>
<kw name="Create List" owner="BuiltIn">
<msg time="2024-04-16T16:17:51.551819" level="INFO">${list_country} = ['AD', 'AE', 'AF', 'AG', 'AI', 'AL', 'AM', 'AO', 'AQ', 'AR', 'AS', 'AT', 'AU', 'AW', 'AX', 'AZ', 'BA', 'BB', 'BD', 'BE', 'BF', 'BG', 'BH', 'BI', 'BJ', 'BL', 'BM', 'BN', 'BO', 'BQ', 'BR', 'BS', 'BT', '...</msg>
<var>${list_country}</var>
<arg>AD</arg>
<arg>AE</arg>
<arg>AF</arg>
<arg>AG</arg>
<arg>AI</arg>
<arg>AL</arg>
<arg>AM</arg>
<arg>AO</arg>
<arg>AQ</arg>
<arg>AR</arg>
<arg>AS</arg>
<arg>AT</arg>
<arg>AU</arg>
<arg>AW</arg>
<arg>AX</arg>
<arg>AZ</arg>
<arg>BA</arg>
<arg>BB</arg>
<arg>BD</arg>
<arg>BE</arg>
<arg>BF</arg>
<arg>BG</arg>
<arg>BH</arg>
<arg>BI</arg>
<arg>BJ</arg>
<arg>BL</arg>
<arg>BM</arg>
<arg>BN</arg>
<arg>BO</arg>
<arg>BQ</arg>
<arg>BR</arg>
<arg>BS</arg>
<arg>BT</arg>
<arg>BV</arg>
<arg>BW</arg>
<arg>BY</arg>
<arg>BZ</arg>
<arg>CA</arg>
<arg>CC</arg>
<arg>CD</arg>
<arg>CF</arg>
<arg>CG</arg>
<arg>CH</arg>
<arg>CI</arg>
<arg>CK</arg>
<arg>CL</arg>
<arg>CM</arg>
<arg>CN</arg>
<arg>CO</arg>
<arg>CR</arg>
<arg>CU</arg>
<arg>CV</arg>
<arg>CW</arg>
<arg>CX</arg>
<arg>CY</arg>
<arg>CZ</arg>
<arg>DE</arg>
<arg>DJ</arg>
<arg>DK</arg>
<arg>DM</arg>
<arg>DO</arg>
<arg>DZ</arg>
<arg>EC</arg>
<arg>EE</arg>
<arg>EG</arg>
<arg>EH</arg>
<arg>ER</arg>
<arg>ES</arg>
<arg>ET</arg>
<arg>FI</arg>
<arg>FJ</arg>
<arg>FK</arg>
<arg>FM</arg>
<arg>FO</arg>
<arg>FR</arg>
<arg>GA</arg>
<arg>GB</arg>
<arg>GD</arg>
<arg>GE</arg>
<arg>GF</arg>
<arg>GG</arg>
<arg>GH</arg>
<arg>GI</arg>
<arg>GL</arg>
<arg>GM</arg>
<arg>GN</arg>
<arg>GP</arg>
<arg>GQ</arg>
<arg>GR</arg>
<arg>GS</arg>
<arg>GT</arg>
<arg>GU</arg>
<arg>GW</arg>
<arg>GY</arg>
<arg>HK</arg>
<arg>HM</arg>
<arg>HN</arg>
<arg>HR</arg>
<arg>HT</arg>
<arg>HU</arg>
<arg>ID</arg>
<arg>IE</arg>
<arg>IL</arg>
<arg>IM</arg>
<arg>IN</arg>
<arg>IO</arg>
<arg>IQ</arg>
<arg>IR</arg>
<arg>IS</arg>
<arg>IT</arg>
<arg>JE</arg>
<arg>JM</arg>
<arg>JO</arg>
<arg>JP</arg>
<arg>KE</arg>
<arg>KG</arg>
<arg>KH</arg>
<arg>KI</arg>
<arg>KM</arg>
<arg>KN</arg>
<arg>KP</arg>
<arg>KR</arg>
<arg>KW</arg>
<arg>KY</arg>
<arg>KZ</arg>
<arg>LA</arg>
<arg>LB</arg>
<arg>LC</arg>
<arg>LI</arg>
<arg>LK</arg>
<arg>LR</arg>
<arg>LS</arg>
<arg>LT</arg>
<arg>LU</arg>
<arg>LV</arg>
<arg>LY</arg>
<arg>MA</arg>
<arg>MC</arg>
<arg>MD</arg>
<arg>ME</arg>
<arg>MF</arg>
<arg>MG</arg>
<arg>MH</arg>
<arg>MK</arg>
<arg>ML</arg>
<arg>MM</arg>
<arg>MN</arg>
<arg>MO</arg>
<arg>MP</arg>
<arg>MQ</arg>
<arg>MR</arg>
<arg>MS</arg>
<arg>MT</arg>
<arg>MU</arg>
<arg>MV</arg>
<arg>MW</arg>
<arg>MX</arg>
<arg>MY</arg>
<arg>MZ</arg>
<arg>NA</arg>
<arg>NC</arg>
<arg>NE</arg>
<arg>NF</arg>
<arg>NG</arg>
<arg>NI</arg>
<arg>NL</arg>
<arg>NO</arg>
<arg>NP</arg>
<arg>NR</arg>
<arg>NU</arg>
<arg>NZ</arg>
<arg>OM</arg>
<arg>PA</arg>
<arg>PE</arg>
<arg>PF</arg>
<arg>PG</arg>
<arg>PH</arg>
<arg>PK</arg>
<arg>PL</arg>
<arg>PM</arg>
<arg>PN</arg>
<arg>PR</arg>
<arg>PS</arg>
<arg>PT</arg>
<arg>PW</arg>
<arg>PY</arg>
<arg>QA</arg>
<arg>RE</arg>
<arg>RO</arg>
<arg>RS</arg>
<arg>RU</arg>
<arg>RW</arg>
<arg>SA</arg>
<arg>SB</arg>
<arg>SC</arg>
<arg>SD</arg>
<arg>SE</arg>
<arg>SG</arg>
<arg>SH</arg>
<arg>SI</arg>
<arg>SJ</arg>
<arg>SK</arg>
<arg>SL</arg>
<arg>SM</arg>
<arg>SN</arg>
<arg>SO</arg>
<arg>SR</arg>
<arg>SS</arg>
<arg>ST</arg>
<arg>SV</arg>
<arg>SX</arg>
<arg>SY</arg>
<arg>SZ</arg>
<arg>TC</arg>
<arg>TD</arg>
<arg>TF</arg>
<arg>TG</arg>
<arg>TH</arg>
<arg>TJ</arg>
<arg>TK</arg>
<arg>TL</arg>
<arg>TM</arg>
<arg>TN</arg>
<arg>TO</arg>
<arg>TR</arg>
<arg>TT</arg>
<arg>TV</arg>
<arg>TW</arg>
<arg>TZ</arg>
<arg>UA</arg>
<arg>UG</arg>
<arg>UM</arg>
<arg>US</arg>
<arg>UY</arg>
<arg>UZ</arg>
<arg>VA</arg>
<arg>VC</arg>
<arg>VE</arg>
<arg>VG</arg>
<arg>VI</arg>
<arg>VN</arg>
<arg>VU</arg>
<arg>WF</arg>
<arg>WS</arg>
<arg>XK</arg>
<arg>YE</arg>
<arg>YT</arg>
<arg>ZA</arg>
<arg>ZM</arg>
<arg>ZW</arg>
<doc>Returns a list containing given items.</doc>
<status status="PASS" start="2024-04-16T16:17:51.551222" elapsed="0.000622"/>
</kw>
<kw name="List Should Contain Value" owner="Collections">
<msg time="2024-04-16T16:17:51.552854" level="INFO">False</msg>
<arg>${list_country}</arg>
<arg>${name_country}</arg>
<doc>Fails if the ``value`` is not found from ``list``.</doc>
<status status="PASS" start="2024-04-16T16:17:51.552648" elapsed="0.000243"/>
</kw>
<kw name="Run Keyword If" owner="BuiltIn">
<kw name="Should Be True" owner="BuiltIn">
<arg>${True}</arg>
<doc>Fails if the given condition is not true.</doc>
<status status="PASS" start="2024-04-16T16:17:51.554129" elapsed="0.000160"/>
</kw>
<arg>${json_data["results"][0]["location"]["coordinates"]["latitude"]} &gt;= -90 and ${json_data["results"][0]["location"]["coordinates"]["latitude"]} &lt;= 90</arg>
<arg>Should Be True</arg>
<arg>${True}</arg>
<doc>Runs the given keyword with the given arguments, if ``condition`` is true.</doc>
<status status="PASS" start="2024-04-16T16:17:51.553210" elapsed="0.001213"/>
</kw>
<kw name="Run Keyword If" owner="BuiltIn">
<kw name="Should Be True" owner="BuiltIn">
<arg>${True}</arg>
<doc>Fails if the given condition is not true.</doc>
<status status="PASS" start="2024-04-16T16:17:51.555327" elapsed="0.000139"/>
</kw>
<arg>${json_data["results"][0]["location"]["coordinates"]["longitude"]} &gt;= -180 and ${json_data["results"][0]["location"]["coordinates"]["longitude"]} &lt;= 180</arg>
<arg>Should Be True</arg>
<arg>${True}</arg>
<doc>Runs the given keyword with the given arguments, if ``condition`` is true.</doc>
<status status="PASS" start="2024-04-16T16:17:51.554614" elapsed="0.000989"/>
</kw>
<status status="PASS" start="2024-04-16T16:17:51.409031" elapsed="0.146729"/>
</kw>
<doc>Testa o conteúdo específico dos campos retornados pela API.</doc>
<tag>testeConteudo</tag>
<status status="PASS" start="2024-04-16T16:17:51.408543" elapsed="0.147377"/>
</test>
<status status="PASS" start="2024-04-16T16:17:50.422786" elapsed="1.135157"/>
</suite>
<status status="PASS" start="2024-04-16T16:17:50.408234" elapsed="1.155132"/>
</suite>
<statistics>
<total>
<stat pass="5" fail="0" skip="0">All Tests</stat>
</total>
<tag>
<stat pass="1" fail="0" skip="0">testeConteudo</stat>
<stat pass="1" fail="0" skip="0">testeEstruturaResposta</stat>
<stat pass="1" fail="0" skip="0">testeRequisicaoBasica</stat>
<stat pass="1" fail="0" skip="0">testeTiposDados</stat>
</tag>
<suite>
<stat pass="5" fail="0" skip="0" id="s1" name="Tests">Tests</stat>
<stat pass="5" fail="0" skip="0" id="s1-s1" name="Random-User-Test">Tests.Random-User-Test</stat>
</suite>
</statistics>
<errors>
</errors>
</robot>
