<?xml version="1.0" encoding="UTF-8"?>
<robot generator="Robot 7.0 (Python 3.12.3 on linux)" generated="2024-05-30T07:14:37.038789" rpa="false" schemaversion="5">
<suite id="s1" name="Tests" source="/home/runner/work/ApiRandomUser/ApiRandomUser/RamdonUser/tests">
<suite id="s1-s1" name="Random-User-Test" source="/home/runner/work/ApiRandomUser/ApiRandomUser/RamdonUser/tests/random-user-test.robot">
<test id="s1-s1-t1" name="Conectar" line="13">
<kw name="Conectar API" owner="random-user-service">
<kw name="Create Session" owner="RequestsLibrary">
<msg time="2024-05-30T07:14:37.437006" level="INFO">Creating Session using : alias=consultarAPI, url=https://randomuser.me/, headers={},                     cookies={}, auth=None, timeout=None, proxies=None, verify=False,                     debug=0 </msg>
<arg>consultarAPI</arg>
<arg>${URL}</arg>
<doc>Create Session: create a HTTP session to a server</doc>
<status status="PASS" start="2024-05-30T07:14:37.436795" elapsed="0.000403"/>
</kw>
<status status="PASS" start="2024-05-30T07:14:37.435717" elapsed="0.001855"/>
</kw>
<status status="PASS" start="2024-05-30T07:14:37.435071" elapsed="0.002702"/>
</test>
<test id="s1-s1-t2" name="Validar retorno 200 e JSON Válido" line="16">
<kw name="Teste de Requisicao Basica" owner="random-user-service">
<kw name="GET On Session" owner="RequestsLibrary">
<msg time="2024-05-30T07:14:37.509717" level="INFO">GET Request : url=https://randomuser.me/api 
 path_url=/api 
 headers={'User-Agent': 'python-requests/2.32.3', 'Accept-Encoding': 'gzip, deflate', 'Accept': '*/*', 'Connection': 'keep-alive'} 
 body=None 
 </msg>
<msg time="2024-05-30T07:14:37.509877" level="INFO">GET Response : url=https://randomuser.me/api 
 status=200, reason=OK 
 headers={'Date': 'Thu, 30 May 2024 07:14:37 GMT', 'Content-Type': 'application/json; charset=utf-8', 'Transfer-Encoding': 'chunked', 'Connection': 'keep-alive', 'X-Powered-By': 'Express', 'Access-Control-Allow-Origin': '*', 'Cache-Control': 'no-cache', 'ETag': 'W/"47d-L5Tzt+53JJSaOha3EsRMQu8iYHc"', 'Vary': 'Accept-Encoding', 'Content-Encoding': 'gzip', 'CF-Cache-Status': 'DYNAMIC', 'Report-To': '{"endpoints":[{"url":"https:\\/\\/a.nel.cloudflare.com\\/report\\/v4?s=igD3RrJYoLhv3hnesRoPATLsvR%2FM0FnYKhU5vdY%2FgnGd1YYW6fzbpdQlqH9BmNWnuf8XIVvMP7zL2lLWj2tdBfaYOIIgKnL9avT%2FQ8fBdU6kDEjMt%2FzFvVXxLD2IYSX6"}],"group":"cf-nel","max_age":604800}', 'NEL': '{"success_fraction":0,"report_to":"cf-nel","max_age":604800}', 'Server': 'cloudflare', 'CF-RAY': '88bceda84985093a-IAD', 'alt-svc': 'h3=":443"; ma=86400'} 
 body={"results":[{"gender":"female","name":{"title":"Mrs","first":"Sanni","last":"Rautio"},"location":{"street":{"number":3472,"name":"Hämeentie"},"city":"Urjala","state":"Uusimaa","country":"Finland","postcode":19540,"coordinates":{"latitude":"-29.9244","longitude":"131.5753"},"timezone":{"offset":"-2:00","description":"Mid-Atlantic"}},"email":"sanni.rautio@example.com","login":{"uuid":"dca654ee-1990-4533-b54e-6fc7467f519c","username":"whitegorilla972","password":"cook","salt":"MLctnnBv","md5":"4e07f189f5d8484c6e71cd648d7c35dc","sha1":"8189bd7a16a496829fbdc0dd789738c98686b7c1","sha256":"1b5fcf98a64b1669e4f2f2c4ad2302f415faed037b0779a14a2b97073570f36e"},"dob":{"date":"1988-09-26T12:21:43.114Z","age":35},"registered":{"date":"2011-04-20T20:47:59.346Z","age":13},"phone":"05-493-057","cell":"041-643-30-32","id":{"name":"HETU","value":"NaNNA080undefined"},"picture":{"large":"https://randomuser.me/api/portraits/women/27.jpg","medium":"https://randomuser.me/api/portraits/med/women/27.jpg","thumbnail":"https://randomuser.me/api/portraits/thumb/women/27.jpg"},"nat":"FI"}],"info":{"seed":"263bfb4d2100a589","results":1,"page":1,"version":"1.4"}} 
 </msg>
<msg time="2024-05-30T07:14:37.509962" level="INFO">/opt/hostedtoolcache/Python/3.12.3/x64/lib/python3.12/site-packages/urllib3/connectionpool.py:1103: InsecureRequestWarning: Unverified HTTPS request is being made to host 'randomuser.me'. Adding certificate verification is strongly advised. See: https://urllib3.readthedocs.io/en/latest/advanced-usage.html#tls-warnings
  warnings.warn(</msg>
<msg time="2024-05-30T07:14:37.510119" level="INFO">${response} = &lt;Response [200]&gt;</msg>
<var>${response}</var>
<arg>consultarAPI</arg>
<arg>/api</arg>
<doc>Sends a GET request on a previously created HTTP Session.</doc>
<status status="PASS" start="2024-05-30T07:14:37.440523" elapsed="0.069638"/>
</kw>
<kw name="Should Be Equal As Numbers" owner="BuiltIn">
<msg time="2024-05-30T07:14:37.511330" level="INFO">Argument types are:
&lt;class 'int'&gt;
&lt;class 'str'&gt;</msg>
<arg>${response.status_code}</arg>
<arg>200</arg>
<doc>Fails if objects are unequal after converting them to real numbers.</doc>
<status status="PASS" start="2024-05-30T07:14:37.510855" elapsed="0.000542"/>
</kw>
<kw name="Log" owner="BuiltIn">
<msg time="2024-05-30T07:14:37.512090" level="INFO">200</msg>
<arg>${response.status_code}</arg>
<doc>Logs the given message with the given level.</doc>
<status status="PASS" start="2024-05-30T07:14:37.511743" elapsed="0.000396"/>
</kw>
<kw name="Set Variable" owner="BuiltIn">
<msg time="2024-05-30T07:14:37.512905" level="INFO">${json_data} = {'results': [{'gender': 'female', 'name': {'title': 'Mrs', 'first': 'Sanni', 'last': 'Rautio'}, 'location': {'street': {'number': 3472, 'name': 'Hämeentie'}, 'city': 'Urjala', 'state': 'Uusimaa', 'cou...</msg>
<var>${json_data}</var>
<arg>${response.json()}</arg>
<doc>Returns the given values which can then be assigned to a variables.</doc>
<status status="PASS" start="2024-05-30T07:14:37.512454" elapsed="0.000481"/>
</kw>
<kw name="Dictionary Should Contain Key" owner="Collections">
<msg time="2024-05-30T07:14:37.513424" level="INFO">False</msg>
<arg>${json_data}</arg>
<arg>results</arg>
<doc>Fails if ``key`` is not found from ``dictionary``.</doc>
<status status="PASS" start="2024-05-30T07:14:37.513250" elapsed="0.000380"/>
</kw>
<status status="PASS" start="2024-05-30T07:14:37.440274" elapsed="0.073626"/>
</kw>
<doc>Testa se a API responde corretamente e retorna um objeto JSON válido.</doc>
<tag>testeRequisicaoBasica</tag>
<status status="PASS" start="2024-05-30T07:14:37.439719" elapsed="0.074369"/>
</test>
<test id="s1-s1-t3" name="Validar estrutura de resposta" line="22">
<kw name="Teste de Estrutura de Resposta" owner="random-user-service">
<kw name="GET On Session" owner="RequestsLibrary">
<msg time="2024-05-30T07:14:37.620072" level="INFO">GET Request : url=https://randomuser.me/api 
 path_url=/api 
 headers={'User-Agent': 'python-requests/2.32.3', 'Accept-Encoding': 'gzip, deflate', 'Accept': '*/*', 'Connection': 'keep-alive'} 
 body=None 
 </msg>
<msg time="2024-05-30T07:14:37.620179" level="INFO">GET Response : url=https://randomuser.me/api 
 status=200, reason=OK 
 headers={'Date': 'Thu, 30 May 2024 07:14:37 GMT', 'Content-Type': 'application/json; charset=utf-8', 'Transfer-Encoding': 'chunked', 'Connection': 'keep-alive', 'X-Powered-By': 'Express', 'Access-Control-Allow-Origin': '*', 'Cache-Control': 'no-cache', 'ETag': 'W/"49b-2xlBrZLr1u69OjTQk9CqWrbTDko"', 'Vary': 'Accept-Encoding', 'Content-Encoding': 'gzip', 'CF-Cache-Status': 'DYNAMIC', 'Report-To': '{"endpoints":[{"url":"https:\\/\\/a.nel.cloudflare.com\\/report\\/v4?s=FltfigqgUK1ARwkc1%2BJz%2B4QphBa5TxfPAAVPHvUqGqLqz7GJHmyvTQZ1SXHE%2BqpmSfDJjN4c7LMc5I4%2FT8LM2Da4RRbcKMAQnveifao28O%2F4vUWLttU99MHZ%2BPQdkZqS"}],"group":"cf-nel","max_age":604800}', 'NEL': '{"success_fraction":0,"report_to":"cf-nel","max_age":604800}', 'Server': 'cloudflare', 'CF-RAY': '88bceda8799e093a-IAD', 'alt-svc': 'h3=":443"; ma=86400'} 
 body={"results":[{"gender":"female","name":{"title":"Ms","first":"Sanni","last":"Nikula"},"location":{"street":{"number":7983,"name":"Mechelininkatu"},"city":"Tohmajärvi","state":"Southern Ostrobothnia","country":"Finland","postcode":48461,"coordinates":{"latitude":"-28.3735","longitude":"78.2954"},"timezone":{"offset":"-12:00","description":"Eniwetok, Kwajalein"}},"email":"sanni.nikula@example.com","login":{"uuid":"dab0c6ec-667d-488d-ad96-a514b2f5e847","username":"happymouse383","password":"mclaren","salt":"yD1FI2z1","md5":"e9329c370b3115bc4d5b34364be7e02f","sha1":"1822608da65818544e5aa890f884448b1e4b81cc","sha256":"13b1c031c5aa3f9079eee2e8a2744078e8468806f47d8039032645cf1638024b"},"dob":{"date":"1950-04-13T14:58:27.140Z","age":74},"registered":{"date":"2007-04-22T13:44:45.711Z","age":17},"phone":"03-939-524","cell":"044-239-44-12","id":{"name":"HETU","value":"NaNNA352undefined"},"picture":{"large":"https://randomuser.me/api/portraits/women/71.jpg","medium":"https://randomuser.me/api/portraits/med/women/71.jpg","thumbnail":"https://randomuser.me/api/portraits/thumb/women/71.jpg"},"nat":"FI"}],"info":{"seed":"4ce1bd97b483b7d7","results":1,"page":1,"version":"1.4"}} 
 </msg>
<msg time="2024-05-30T07:14:37.620320" level="INFO">/opt/hostedtoolcache/Python/3.12.3/x64/lib/python3.12/site-packages/urllib3/connectionpool.py:1103: InsecureRequestWarning: Unverified HTTPS request is being made to host 'randomuser.me'. Adding certificate verification is strongly advised. See: https://urllib3.readthedocs.io/en/latest/advanced-usage.html#tls-warnings
  warnings.warn(</msg>
<msg time="2024-05-30T07:14:37.620458" level="INFO">${response} = &lt;Response [200]&gt;</msg>
<var>${response}</var>
<arg>consultarAPI</arg>
<arg>/api</arg>
<doc>Sends a GET request on a previously created HTTP Session.</doc>
<status status="PASS" start="2024-05-30T07:14:37.516743" elapsed="0.103755"/>
</kw>
<kw name="Set Variable" owner="BuiltIn">
<msg time="2024-05-30T07:14:37.621725" level="INFO">${json_data} = {'results': [{'gender': 'female', 'name': {'title': 'Ms', 'first': 'Sanni', 'last': 'Nikula'}, 'location': {'street': {'number': 7983, 'name': 'Mechelininkatu'}, 'city': 'Tohmajärvi', 'state': 'Southe...</msg>
<var>${json_data}</var>
<arg>${response.json()}</arg>
<doc>Returns the given values which can then be assigned to a variables.</doc>
<status status="PASS" start="2024-05-30T07:14:37.621146" elapsed="0.000610"/>
</kw>
<kw name="Log" owner="BuiltIn">
<msg time="2024-05-30T07:14:37.622236" level="INFO">{'results': [{'gender': 'female', 'name': {'title': 'Ms', 'first': 'Sanni', 'last': 'Nikula'}, 'location': {'street': {'number': 7983, 'name': 'Mechelininkatu'}, 'city': 'Tohmajärvi', 'state': 'Southern Ostrobothnia', 'country': 'Finland', 'postcode': 48461, 'coordinates': {'latitude': '-28.3735', 'longitude': '78.2954'}, 'timezone': {'offset': '-12:00', 'description': 'Eniwetok, Kwajalein'}}, 'email': 'sanni.nikula@example.com', 'login': {'uuid': 'dab0c6ec-667d-488d-ad96-a514b2f5e847', 'username': 'happymouse383', 'password': 'mclaren', 'salt': 'yD1FI2z1', 'md5': 'e9329c370b3115bc4d5b34364be7e02f', 'sha1': '1822608da65818544e5aa890f884448b1e4b81cc', 'sha256': '13b1c031c5aa3f9079eee2e8a2744078e8468806f47d8039032645cf1638024b'}, 'dob': {'date': '1950-04-13T14:58:27.140Z', 'age': 74}, 'registered': {'date': '2007-04-22T13:44:45.711Z', 'age': 17}, 'phone': '03-939-524', 'cell': '044-239-44-12', 'id': {'name': 'HETU', 'value': 'NaNNA352undefined'}, 'picture': {'large': 'https://randomuser.me/api/portraits/women/71.jpg', 'medium': 'https://randomuser.me/api/portraits/med/women/71.jpg', 'thumbnail': 'https://randomuser.me/api/portraits/thumb/women/71.jpg'}, 'nat': 'FI'}], 'info': {'seed': '4ce1bd97b483b7d7', 'results': 1, 'page': 1, 'version': '1.4'}}</msg>
<arg>${json_data}</arg>
<doc>Logs the given message with the given level.</doc>
<status status="PASS" start="2024-05-30T07:14:37.622072" elapsed="0.000215"/>
</kw>
<kw name="Dictionary Should Contain Key" owner="Collections">
<msg time="2024-05-30T07:14:37.622803" level="INFO">False</msg>
<arg>${json_data}</arg>
<arg>results</arg>
<doc>Fails if ``key`` is not found from ``dictionary``.</doc>
<status status="PASS" start="2024-05-30T07:14:37.622640" elapsed="0.000206"/>
</kw>
<kw name="Should Not Be Empty" owner="BuiltIn">
<msg time="2024-05-30T07:14:37.623279" level="INFO">Length is 2.</msg>
<arg>${json_data}</arg>
<doc>Verifies that the given item is not empty.</doc>
<status status="PASS" start="2024-05-30T07:14:37.623148" elapsed="0.000176"/>
</kw>
<kw name="Create List" owner="BuiltIn">
<msg time="2024-05-30T07:14:37.623770" level="INFO">${expected_keys} = ['gender', 'name', 'location', 'email', 'login']</msg>
<var>${expected_keys}</var>
<arg>gender</arg>
<arg>name</arg>
<arg>location</arg>
<arg>email</arg>
<arg>login</arg>
<doc>Returns a list containing given items.</doc>
<status status="PASS" start="2024-05-30T07:14:37.623621" elapsed="0.000173"/>
</kw>
<for flavor="IN">
<iter>
<kw name="Dictionary Should Contain Key" owner="Collections">
<msg time="2024-05-30T07:14:37.624793" level="INFO">False</msg>
<arg>${json_data['results'][0]}</arg>
<arg>${key}</arg>
<doc>Fails if ``key`` is not found from ``dictionary``.</doc>
<status status="PASS" start="2024-05-30T07:14:37.624385" elapsed="0.000454"/>
</kw>
<kw name="Log" owner="BuiltIn">
<msg time="2024-05-30T07:14:37.625509" level="INFO">{'gender': 'female', 'name': {'title': 'Ms', 'first': 'Sanni', 'last': 'Nikula'}, 'location': {'street': {'number': 7983, 'name': 'Mechelininkatu'}, 'city': 'Tohmajärvi', 'state': 'Southern Ostrobothnia', 'country': 'Finland', 'postcode': 48461, 'coordinates': {'latitude': '-28.3735', 'longitude': '78.2954'}, 'timezone': {'offset': '-12:00', 'description': 'Eniwetok, Kwajalein'}}, 'email': 'sanni.nikula@example.com', 'login': {'uuid': 'dab0c6ec-667d-488d-ad96-a514b2f5e847', 'username': 'happymouse383', 'password': 'mclaren', 'salt': 'yD1FI2z1', 'md5': 'e9329c370b3115bc4d5b34364be7e02f', 'sha1': '1822608da65818544e5aa890f884448b1e4b81cc', 'sha256': '13b1c031c5aa3f9079eee2e8a2744078e8468806f47d8039032645cf1638024b'}, 'dob': {'date': '1950-04-13T14:58:27.140Z', 'age': 74}, 'registered': {'date': '2007-04-22T13:44:45.711Z', 'age': 17}, 'phone': '03-939-524', 'cell': '044-239-44-12', 'id': {'name': 'HETU', 'value': 'NaNNA352undefined'}, 'picture': {'large': 'https://randomuser.me/api/portraits/women/71.jpg', 'medium': 'https://randomuser.me/api/portraits/med/women/71.jpg', 'thumbnail': 'https://randomuser.me/api/portraits/thumb/women/71.jpg'}, 'nat': 'FI'}</msg>
<arg>${json_data['results'][0]}</arg>
<doc>Logs the given message with the given level.</doc>
<status status="PASS" start="2024-05-30T07:14:37.625144" elapsed="0.000416"/>
</kw>
<kw name="Log" owner="BuiltIn">
<msg time="2024-05-30T07:14:37.625997" level="INFO">gender</msg>
<arg>${key}</arg>
<doc>Logs the given message with the given level.</doc>
<status status="PASS" start="2024-05-30T07:14:37.625867" elapsed="0.000167"/>
</kw>
<var name="${key}">gender</var>
<status status="PASS" start="2024-05-30T07:14:37.624258" elapsed="0.001993"/>
</iter>
<iter>
<kw name="Dictionary Should Contain Key" owner="Collections">
<msg time="2024-05-30T07:14:37.626974" level="INFO">False</msg>
<arg>${json_data['results'][0]}</arg>
<arg>${key}</arg>
<doc>Fails if ``key`` is not found from ``dictionary``.</doc>
<status status="PASS" start="2024-05-30T07:14:37.626587" elapsed="0.000424"/>
</kw>
<kw name="Log" owner="BuiltIn">
<msg time="2024-05-30T07:14:37.627714" level="INFO">{'gender': 'female', 'name': {'title': 'Ms', 'first': 'Sanni', 'last': 'Nikula'}, 'location': {'street': {'number': 7983, 'name': 'Mechelininkatu'}, 'city': 'Tohmajärvi', 'state': 'Southern Ostrobothnia', 'country': 'Finland', 'postcode': 48461, 'coordinates': {'latitude': '-28.3735', 'longitude': '78.2954'}, 'timezone': {'offset': '-12:00', 'description': 'Eniwetok, Kwajalein'}}, 'email': 'sanni.nikula@example.com', 'login': {'uuid': 'dab0c6ec-667d-488d-ad96-a514b2f5e847', 'username': 'happymouse383', 'password': 'mclaren', 'salt': 'yD1FI2z1', 'md5': 'e9329c370b3115bc4d5b34364be7e02f', 'sha1': '1822608da65818544e5aa890f884448b1e4b81cc', 'sha256': '13b1c031c5aa3f9079eee2e8a2744078e8468806f47d8039032645cf1638024b'}, 'dob': {'date': '1950-04-13T14:58:27.140Z', 'age': 74}, 'registered': {'date': '2007-04-22T13:44:45.711Z', 'age': 17}, 'phone': '03-939-524', 'cell': '044-239-44-12', 'id': {'name': 'HETU', 'value': 'NaNNA352undefined'}, 'picture': {'large': 'https://randomuser.me/api/portraits/women/71.jpg', 'medium': 'https://randomuser.me/api/portraits/med/women/71.jpg', 'thumbnail': 'https://randomuser.me/api/portraits/thumb/women/71.jpg'}, 'nat': 'FI'}</msg>
<arg>${json_data['results'][0]}</arg>
<doc>Logs the given message with the given level.</doc>
<status status="PASS" start="2024-05-30T07:14:37.627342" elapsed="0.000425"/>
</kw>
<kw name="Log" owner="BuiltIn">
<msg time="2024-05-30T07:14:37.628195" level="INFO">name</msg>
<arg>${key}</arg>
<doc>Logs the given message with the given level.</doc>
<status status="PASS" start="2024-05-30T07:14:37.628067" elapsed="0.000165"/>
</kw>
<var name="${key}">name</var>
<status status="PASS" start="2024-05-30T07:14:37.626468" elapsed="0.001986"/>
</iter>
<iter>
<kw name="Dictionary Should Contain Key" owner="Collections">
<msg time="2024-05-30T07:14:37.629130" level="INFO">False</msg>
<arg>${json_data['results'][0]}</arg>
<arg>${key}</arg>
<doc>Fails if ``key`` is not found from ``dictionary``.</doc>
<status status="PASS" start="2024-05-30T07:14:37.628752" elapsed="0.000415"/>
</kw>
<kw name="Log" owner="BuiltIn">
<msg time="2024-05-30T07:14:37.629865" level="INFO">{'gender': 'female', 'name': {'title': 'Ms', 'first': 'Sanni', 'last': 'Nikula'}, 'location': {'street': {'number': 7983, 'name': 'Mechelininkatu'}, 'city': 'Tohmajärvi', 'state': 'Southern Ostrobothnia', 'country': 'Finland', 'postcode': 48461, 'coordinates': {'latitude': '-28.3735', 'longitude': '78.2954'}, 'timezone': {'offset': '-12:00', 'description': 'Eniwetok, Kwajalein'}}, 'email': 'sanni.nikula@example.com', 'login': {'uuid': 'dab0c6ec-667d-488d-ad96-a514b2f5e847', 'username': 'happymouse383', 'password': 'mclaren', 'salt': 'yD1FI2z1', 'md5': 'e9329c370b3115bc4d5b34364be7e02f', 'sha1': '1822608da65818544e5aa890f884448b1e4b81cc', 'sha256': '13b1c031c5aa3f9079eee2e8a2744078e8468806f47d8039032645cf1638024b'}, 'dob': {'date': '1950-04-13T14:58:27.140Z', 'age': 74}, 'registered': {'date': '2007-04-22T13:44:45.711Z', 'age': 17}, 'phone': '03-939-524', 'cell': '044-239-44-12', 'id': {'name': 'HETU', 'value': 'NaNNA352undefined'}, 'picture': {'large': 'https://randomuser.me/api/portraits/women/71.jpg', 'medium': 'https://randomuser.me/api/portraits/med/women/71.jpg', 'thumbnail': 'https://randomuser.me/api/portraits/thumb/women/71.jpg'}, 'nat': 'FI'}</msg>
<arg>${json_data['results'][0]}</arg>
<doc>Logs the given message with the given level.</doc>
<status status="PASS" start="2024-05-30T07:14:37.629473" elapsed="0.000444"/>
</kw>
<kw name="Log" owner="BuiltIn">
<msg time="2024-05-30T07:14:37.630349" level="INFO">location</msg>
<arg>${key}</arg>
<doc>Logs the given message with the given level.</doc>
<status status="PASS" start="2024-05-30T07:14:37.630223" elapsed="0.000199"/>
</kw>
<var name="${key}">location</var>
<status status="PASS" start="2024-05-30T07:14:37.628640" elapsed="0.002010"/>
</iter>
<iter>
<kw name="Dictionary Should Contain Key" owner="Collections">
<msg time="2024-05-30T07:14:37.631421" level="INFO">False</msg>
<arg>${json_data['results'][0]}</arg>
<arg>${key}</arg>
<doc>Fails if ``key`` is not found from ``dictionary``.</doc>
<status status="PASS" start="2024-05-30T07:14:37.630934" elapsed="0.000526"/>
</kw>
<kw name="Log" owner="BuiltIn">
<msg time="2024-05-30T07:14:37.632121" level="INFO">{'gender': 'female', 'name': {'title': 'Ms', 'first': 'Sanni', 'last': 'Nikula'}, 'location': {'street': {'number': 7983, 'name': 'Mechelininkatu'}, 'city': 'Tohmajärvi', 'state': 'Southern Ostrobothnia', 'country': 'Finland', 'postcode': 48461, 'coordinates': {'latitude': '-28.3735', 'longitude': '78.2954'}, 'timezone': {'offset': '-12:00', 'description': 'Eniwetok, Kwajalein'}}, 'email': 'sanni.nikula@example.com', 'login': {'uuid': 'dab0c6ec-667d-488d-ad96-a514b2f5e847', 'username': 'happymouse383', 'password': 'mclaren', 'salt': 'yD1FI2z1', 'md5': 'e9329c370b3115bc4d5b34364be7e02f', 'sha1': '1822608da65818544e5aa890f884448b1e4b81cc', 'sha256': '13b1c031c5aa3f9079eee2e8a2744078e8468806f47d8039032645cf1638024b'}, 'dob': {'date': '1950-04-13T14:58:27.140Z', 'age': 74}, 'registered': {'date': '2007-04-22T13:44:45.711Z', 'age': 17}, 'phone': '03-939-524', 'cell': '044-239-44-12', 'id': {'name': 'HETU', 'value': 'NaNNA352undefined'}, 'picture': {'large': 'https://randomuser.me/api/portraits/women/71.jpg', 'medium': 'https://randomuser.me/api/portraits/med/women/71.jpg', 'thumbnail': 'https://randomuser.me/api/portraits/thumb/women/71.jpg'}, 'nat': 'FI'}</msg>
<arg>${json_data['results'][0]}</arg>
<doc>Logs the given message with the given level.</doc>
<status status="PASS" start="2024-05-30T07:14:37.631760" elapsed="0.000410"/>
</kw>
<kw name="Log" owner="BuiltIn">
<msg time="2024-05-30T07:14:37.632598" level="INFO">email</msg>
<arg>${key}</arg>
<doc>Logs the given message with the given level.</doc>
<status status="PASS" start="2024-05-30T07:14:37.632469" elapsed="0.000166"/>
</kw>
<var name="${key}">email</var>
<status status="PASS" start="2024-05-30T07:14:37.630824" elapsed="0.002027"/>
</iter>
<iter>
<kw name="Dictionary Should Contain Key" owner="Collections">
<msg time="2024-05-30T07:14:37.633528" level="INFO">False</msg>
<arg>${json_data['results'][0]}</arg>
<arg>${key}</arg>
<doc>Fails if ``key`` is not found from ``dictionary``.</doc>
<status status="PASS" start="2024-05-30T07:14:37.633139" elapsed="0.000426"/>
</kw>
<kw name="Log" owner="BuiltIn">
<msg time="2024-05-30T07:14:37.634253" level="INFO">{'gender': 'female', 'name': {'title': 'Ms', 'first': 'Sanni', 'last': 'Nikula'}, 'location': {'street': {'number': 7983, 'name': 'Mechelininkatu'}, 'city': 'Tohmajärvi', 'state': 'Southern Ostrobothnia', 'country': 'Finland', 'postcode': 48461, 'coordinates': {'latitude': '-28.3735', 'longitude': '78.2954'}, 'timezone': {'offset': '-12:00', 'description': 'Eniwetok, Kwajalein'}}, 'email': 'sanni.nikula@example.com', 'login': {'uuid': 'dab0c6ec-667d-488d-ad96-a514b2f5e847', 'username': 'happymouse383', 'password': 'mclaren', 'salt': 'yD1FI2z1', 'md5': 'e9329c370b3115bc4d5b34364be7e02f', 'sha1': '1822608da65818544e5aa890f884448b1e4b81cc', 'sha256': '13b1c031c5aa3f9079eee2e8a2744078e8468806f47d8039032645cf1638024b'}, 'dob': {'date': '1950-04-13T14:58:27.140Z', 'age': 74}, 'registered': {'date': '2007-04-22T13:44:45.711Z', 'age': 17}, 'phone': '03-939-524', 'cell': '044-239-44-12', 'id': {'name': 'HETU', 'value': 'NaNNA352undefined'}, 'picture': {'large': 'https://randomuser.me/api/portraits/women/71.jpg', 'medium': 'https://randomuser.me/api/portraits/med/women/71.jpg', 'thumbnail': 'https://randomuser.me/api/portraits/thumb/women/71.jpg'}, 'nat': 'FI'}</msg>
<arg>${json_data['results'][0]}</arg>
<doc>Logs the given message with the given level.</doc>
<status status="PASS" start="2024-05-30T07:14:37.633883" elapsed="0.000428"/>
</kw>
<kw name="Log" owner="BuiltIn">
<msg time="2024-05-30T07:14:37.634777" level="INFO">login</msg>
<arg>${key}</arg>
<doc>Logs the given message with the given level.</doc>
<status status="PASS" start="2024-05-30T07:14:37.634648" elapsed="0.000166"/>
</kw>
<var name="${key}">login</var>
<status status="PASS" start="2024-05-30T07:14:37.633027" elapsed="0.002028"/>
</iter>
<var>${key}</var>
<value>@{expected_keys}</value>
<status status="PASS" start="2024-05-30T07:14:37.624059" elapsed="0.011123"/>
</for>
<kw name="Create List" owner="BuiltIn">
<msg time="2024-05-30T07:14:37.635510" level="INFO">${expected_keysTwo} = ['username', 'password']</msg>
<var>${expected_keysTwo}</var>
<arg>username</arg>
<arg>password</arg>
<doc>Returns a list containing given items.</doc>
<status status="PASS" start="2024-05-30T07:14:37.635374" elapsed="0.000159"/>
</kw>
<for flavor="IN">
<iter>
<kw name="Dictionary Should Contain Key" owner="Collections">
<msg time="2024-05-30T07:14:37.636417" level="INFO">False</msg>
<arg>${json_data['results'][0]['login']}</arg>
<arg>${keyTwo}</arg>
<doc>Fails if ``key`` is not found from ``dictionary``.</doc>
<status status="PASS" start="2024-05-30T07:14:37.636033" elapsed="0.000421"/>
</kw>
<kw name="Dictionary Should Contain Key" owner="Collections">
<msg time="2024-05-30T07:14:37.637128" level="INFO">False</msg>
<arg>${json_data['results'][0]['login']}</arg>
<arg>${keyTwo}</arg>
<doc>Fails if ``key`` is not found from ``dictionary``.</doc>
<status status="PASS" start="2024-05-30T07:14:37.636748" elapsed="0.000418"/>
</kw>
<kw name="Log" owner="BuiltIn">
<msg time="2024-05-30T07:14:37.637583" level="INFO">username</msg>
<arg>${keyTwo}</arg>
<doc>Logs the given message with the given level.</doc>
<status status="PASS" start="2024-05-30T07:14:37.637457" elapsed="0.000163"/>
</kw>
<var name="${keyTwo}">username</var>
<status status="PASS" start="2024-05-30T07:14:37.635922" elapsed="0.001913"/>
</iter>
<iter>
<kw name="Dictionary Should Contain Key" owner="Collections">
<msg time="2024-05-30T07:14:37.638553" level="INFO">False</msg>
<arg>${json_data['results'][0]['login']}</arg>
<arg>${keyTwo}</arg>
<doc>Fails if ``key`` is not found from ``dictionary``.</doc>
<status status="PASS" start="2024-05-30T07:14:37.638115" elapsed="0.000477"/>
</kw>
<kw name="Dictionary Should Contain Key" owner="Collections">
<msg time="2024-05-30T07:14:37.639274" level="INFO">False</msg>
<arg>${json_data['results'][0]['login']}</arg>
<arg>${keyTwo}</arg>
<doc>Fails if ``key`` is not found from ``dictionary``.</doc>
<status status="PASS" start="2024-05-30T07:14:37.638890" elapsed="0.000421"/>
</kw>
<kw name="Log" owner="BuiltIn">
<msg time="2024-05-30T07:14:37.639729" level="INFO">password</msg>
<arg>${keyTwo}</arg>
<doc>Logs the given message with the given level.</doc>
<status status="PASS" start="2024-05-30T07:14:37.639603" elapsed="0.000163"/>
</kw>
<var name="${keyTwo}">password</var>
<status status="PASS" start="2024-05-30T07:14:37.638005" elapsed="0.001975"/>
</iter>
<var>${keyTwo}</var>
<value>@{expected_keysTwo}</value>
<status status="PASS" start="2024-05-30T07:14:37.635771" elapsed="0.004327"/>
</for>
<status status="PASS" start="2024-05-30T07:14:37.516498" elapsed="0.123739"/>
</kw>
<doc>Testa a estrutura da resposta da API.</doc>
<tag>testeEstruturaResposta</tag>
<status status="PASS" start="2024-05-30T07:14:37.515978" elapsed="0.124416"/>
</test>
<test id="s1-s1-t4" name="Validar tipos de dados" line="28">
<kw name="Teste de Tipos de Dados" owner="random-user-service">
<kw name="GET On Session" owner="RequestsLibrary">
<msg time="2024-05-30T07:14:37.714757" level="INFO">GET Request : url=https://randomuser.me/api 
 path_url=/api 
 headers={'User-Agent': 'python-requests/2.32.3', 'Accept-Encoding': 'gzip, deflate', 'Accept': '*/*', 'Connection': 'keep-alive'} 
 body=None 
 </msg>
<msg time="2024-05-30T07:14:37.714871" level="INFO">GET Response : url=https://randomuser.me/api 
 status=200, reason=OK 
 headers={'Date': 'Thu, 30 May 2024 07:14:37 GMT', 'Content-Type': 'application/json; charset=utf-8', 'Transfer-Encoding': 'chunked', 'Connection': 'keep-alive', 'X-Powered-By': 'Express', 'Access-Control-Allow-Origin': '*', 'Cache-Control': 'no-cache', 'ETag': 'W/"468-ni7C+gclUAuFJuAKZVZp+lpRyH8"', 'Vary': 'Accept-Encoding', 'Content-Encoding': 'gzip', 'CF-Cache-Status': 'DYNAMIC', 'Report-To': '{"endpoints":[{"url":"https:\\/\\/a.nel.cloudflare.com\\/report\\/v4?s=QxVXhBDgpXY6zGeeRUp%2FoxhZtNoAQHqqBaAGEZiTKr45GOCAHcXHSFbTHvpHPTTGTy5yc%2BfM%2BR%2BYltZhPMbps6gYkqMZc4zk3%2BfS6CzEo68atQW5bgyhliFHwXWXOg%2B6"}],"group":"cf-nel","max_age":604800}', 'NEL': '{"success_fraction":0,"report_to":"cf-nel","max_age":604800}', 'Server': 'cloudflare', 'CF-RAY': '88bceda94a07093a-IAD', 'alt-svc': 'h3=":443"; ma=86400'} 
 body={"results":[{"gender":"male","name":{"title":"Mr","first":"Ege","last":"Tekand"},"location":{"street":{"number":1459,"name":"Abanoz Sk"},"city":"Isparta","state":"Burdur","country":"Turkey","postcode":99711,"coordinates":{"latitude":"64.4938","longitude":"-96.8288"},"timezone":{"offset":"-12:00","description":"Eniwetok, Kwajalein"}},"email":"ege.tekand@example.com","login":{"uuid":"5c02662f-1236-4dc7-93f3-405e73042296","username":"yellowduck331","password":"buttons","salt":"fklA1VCK","md5":"67c513ee22674d787ab0e7b6ca6d224e","sha1":"82b5280962944fbea5a0627cef68fc553442cfa5","sha256":"087e90c2a851fe89910ab41cbbe5eef634289556545293dd23e8dd2b23fbdae6"},"dob":{"date":"1947-12-29T09:07:01.587Z","age":76},"registered":{"date":"2008-11-06T17:04:50.304Z","age":15},"phone":"(420)-311-5491","cell":"(015)-183-5132","id":{"name":"","value":null},"picture":{"large":"https://randomuser.me/api/portraits/men/90.jpg","medium":"https://randomuser.me/api/portraits/med/men/90.jpg","thumbnail":"https://randomuser.me/api/portraits/thumb/men/90.jpg"},"nat":"TR"}],"info":{"seed":"25da2abe45de1144","results":1,"page":1,"version":"1.4"}} 
 </msg>
<msg time="2024-05-30T07:14:37.714953" level="INFO">/opt/hostedtoolcache/Python/3.12.3/x64/lib/python3.12/site-packages/urllib3/connectionpool.py:1103: InsecureRequestWarning: Unverified HTTPS request is being made to host 'randomuser.me'. Adding certificate verification is strongly advised. See: https://urllib3.readthedocs.io/en/latest/advanced-usage.html#tls-warnings
  warnings.warn(</msg>
<msg time="2024-05-30T07:14:37.715087" level="INFO">${response} = &lt;Response [200]&gt;</msg>
<var>${response}</var>
<arg>consultarAPI</arg>
<arg>/api</arg>
<doc>Sends a GET request on a previously created HTTP Session.</doc>
<status status="PASS" start="2024-05-30T07:14:37.642917" elapsed="0.072199"/>
</kw>
<kw name="Set Variable" owner="BuiltIn">
<msg time="2024-05-30T07:14:37.716237" level="INFO">${json_data} = {'results': [{'gender': 'male', 'name': {'title': 'Mr', 'first': 'Ege', 'last': 'Tekand'}, 'location': {'street': {'number': 1459, 'name': 'Abanoz Sk'}, 'city': 'Isparta', 'state': 'Burdur', 'country'...</msg>
<var>${json_data}</var>
<arg>${response.json()}</arg>
<doc>Returns the given values which can then be assigned to a variables.</doc>
<status status="PASS" start="2024-05-30T07:14:37.715686" elapsed="0.000580"/>
</kw>
<kw name="Log" owner="BuiltIn">
<msg time="2024-05-30T07:14:37.716824" level="INFO">{'results': [{'gender': 'male', 'name': {'title': 'Mr', 'first': 'Ege', 'last': 'Tekand'}, 'location': {'street': {'number': 1459, 'name': 'Abanoz Sk'}, 'city': 'Isparta', 'state': 'Burdur', 'country': 'Turkey', 'postcode': 99711, 'coordinates': {'latitude': '64.4938', 'longitude': '-96.8288'}, 'timezone': {'offset': '-12:00', 'description': 'Eniwetok, Kwajalein'}}, 'email': 'ege.tekand@example.com', 'login': {'uuid': '5c02662f-1236-4dc7-93f3-405e73042296', 'username': 'yellowduck331', 'password': 'buttons', 'salt': 'fklA1VCK', 'md5': '67c513ee22674d787ab0e7b6ca6d224e', 'sha1': '82b5280962944fbea5a0627cef68fc553442cfa5', 'sha256': '087e90c2a851fe89910ab41cbbe5eef634289556545293dd23e8dd2b23fbdae6'}, 'dob': {'date': '1947-12-29T09:07:01.587Z', 'age': 76}, 'registered': {'date': '2008-11-06T17:04:50.304Z', 'age': 15}, 'phone': '(420)-311-5491', 'cell': '(015)-183-5132', 'id': {'name': '', 'value': None}, 'picture': {'large': 'https://randomuser.me/api/portraits/men/90.jpg', 'medium': 'https://randomuser.me/api/portraits/med/men/90.jpg', 'thumbnail': 'https://randomuser.me/api/portraits/thumb/men/90.jpg'}, 'nat': 'TR'}], 'info': {'seed': '25da2abe45de1144', 'results': 1, 'page': 1, 'version': '1.4'}}</msg>
<arg>${json_data}</arg>
<doc>Logs the given message with the given level.</doc>
<status status="PASS" start="2024-05-30T07:14:37.716645" elapsed="0.000273"/>
</kw>
<kw name="Should Be String" owner="String">
<arg>${json_data['results'][0]['gender']}</arg>
<doc>Fails if the given ``item`` is not a string.</doc>
<status status="PASS" start="2024-05-30T07:14:37.717252" elapsed="0.000393"/>
</kw>
<kw name="Should Match Regexp" owner="BuiltIn">
<arg>${json_data['results'][0]['email']}</arg>
<arg>^[a-zA-Z0-9._%+-]+@[a-zA-Z0-9.-]+\.[a-zA-Z]{2,}$</arg>
<doc>Fails if ``string`` does not match ``pattern`` as a regular expression.</doc>
<status status="PASS" start="2024-05-30T07:14:37.717849" elapsed="0.000747"/>
</kw>
<kw name="Should Match Regexp" owner="BuiltIn">
<arg>${json_data['results'][0]['dob']['date']}</arg>
<arg>\\d{4}-\\d{2}-\\d{2}T\\d{2}:\\d{2}:\\d{2}\\.\\d{3}Z</arg>
<doc>Fails if ``string`` does not match ``pattern`` as a regular expression.</doc>
<status status="PASS" start="2024-05-30T07:14:37.718818" elapsed="0.000513"/>
</kw>
<kw name="Should Match Regexp" owner="BuiltIn">
<arg>${json_data['results'][0]['registered']['date']}</arg>
<arg>\\d{4}-\\d{2}-\\d{2}T\\d{2}:\\d{2}:\\d{2}\\.\\d{3}Z</arg>
<doc>Fails if ``string`` does not match ``pattern`` as a regular expression.</doc>
<status status="PASS" start="2024-05-30T07:14:37.719531" elapsed="0.000372"/>
</kw>
<kw name="Should Match Regexp" owner="BuiltIn">
<arg>${json_data['results'][0]['picture']['large']}</arg>
<arg>^https?://.*\.(?:png|jpe?g|gif|bmp)$</arg>
<doc>Fails if ``string`` does not match ``pattern`` as a regular expression.</doc>
<status status="PASS" start="2024-05-30T07:14:37.720096" elapsed="0.000470"/>
</kw>
<kw name="Should Match Regexp" owner="BuiltIn">
<arg>${json_data['results'][0]['picture']['medium']}</arg>
<arg>^https?://.*\.(?:png|jpe?g|gif|bmp)$</arg>
<doc>Fails if ``string`` does not match ``pattern`` as a regular expression.</doc>
<status status="PASS" start="2024-05-30T07:14:37.720759" elapsed="0.000358"/>
</kw>
<kw name="Should Match Regexp" owner="BuiltIn">
<arg>${json_data['results'][0]['picture']['thumbnail']}</arg>
<arg>^https?://.*\.(?:png|jpe?g|gif|bmp)$</arg>
<doc>Fails if ``string`` does not match ``pattern`` as a regular expression.</doc>
<status status="PASS" start="2024-05-30T07:14:37.721313" elapsed="0.000354"/>
</kw>
<kw name="Log" owner="BuiltIn">
<msg time="2024-05-30T07:14:37.722183" level="INFO">{'large': 'https://randomuser.me/api/portraits/men/90.jpg', 'medium': 'https://randomuser.me/api/portraits/med/men/90.jpg', 'thumbnail': 'https://randomuser.me/api/portraits/thumb/men/90.jpg'}</msg>
<arg>${json_data['results'][0]['picture']}</arg>
<doc>Logs the given message with the given level.</doc>
<status status="PASS" start="2024-05-30T07:14:37.721854" elapsed="0.000371"/>
</kw>
<status status="PASS" start="2024-05-30T07:14:37.642680" elapsed="0.079853"/>
</kw>
<kw name="Teste de Tipos de Dados - Postcode" owner="random-user-service">
<kw name="GET On Session" owner="RequestsLibrary">
<msg time="2024-05-30T07:14:37.811755" level="INFO">GET Request : url=https://randomuser.me/api 
 path_url=/api 
 headers={'User-Agent': 'python-requests/2.32.3', 'Accept-Encoding': 'gzip, deflate', 'Accept': '*/*', 'Connection': 'keep-alive'} 
 body=None 
 </msg>
<msg time="2024-05-30T07:14:37.811874" level="INFO">GET Response : url=https://randomuser.me/api 
 status=200, reason=OK 
 headers={'Date': 'Thu, 30 May 2024 07:14:37 GMT', 'Content-Type': 'application/json; charset=utf-8', 'Transfer-Encoding': 'chunked', 'Connection': 'keep-alive', 'X-Powered-By': 'Express', 'Access-Control-Allow-Origin': '*', 'Cache-Control': 'no-cache', 'ETag': 'W/"493-/jMiao4TMIA5Uq/fWTi53cZSC88"', 'Vary': 'Accept-Encoding', 'Content-Encoding': 'gzip', 'CF-Cache-Status': 'DYNAMIC', 'Report-To': '{"endpoints":[{"url":"https:\\/\\/a.nel.cloudflare.com\\/report\\/v4?s=SLPtyPaVlILCpoyvl5nQNldv0Y%2BtnMGb1LvzXwsQb1jQziMVwuOWDfghl8RswrFf7VKjE%2FfUCSaaDlb33si1IOzIMfBtGqBWdLWUeXR%2FnzIAJK3NOi54MFZVo8a%2FQgvJ"}],"group":"cf-nel","max_age":604800}', 'NEL': '{"success_fraction":0,"report_to":"cf-nel","max_age":604800}', 'Server': 'cloudflare', 'CF-RAY': '88bceda9ca47093a-IAD', 'alt-svc': 'h3=":443"; ma=86400'} 
 body={"results":[{"gender":"female","name":{"title":"Miss","first":"Tracy","last":"Hoffman"},"location":{"street":{"number":5929,"name":"Grafton Street"},"city":"Carrigaline","state":"Kilkenny","country":"Ireland","postcode":43864,"coordinates":{"latitude":"0.4911","longitude":"10.5488"},"timezone":{"offset":"-3:00","description":"Brazil, Buenos Aires, Georgetown"}},"email":"tracy.hoffman@example.com","login":{"uuid":"f6259337-6d55-4fbb-9d40-90cda400d2be","username":"angrymeercat129","password":"doofus","salt":"2ww0SUK1","md5":"24ee234b5394dfb7887284942f6761e9","sha1":"1116e33853f5bddbee9e94522e04d3f6224f7d6b","sha256":"a57b62b73df7ade10168a1e414096e17508c90b27830b96f28ea2a433a8feb24"},"dob":{"date":"1987-09-26T14:52:39.278Z","age":36},"registered":{"date":"2019-01-26T07:54:05.615Z","age":5},"phone":"031-008-1781","cell":"081-715-3911","id":{"name":"PPS","value":"8366078T"},"picture":{"large":"https://randomuser.me/api/portraits/women/63.jpg","medium":"https://randomuser.me/api/portraits/med/women/63.jpg","thumbnail":"https://randomuser.me/api/portraits/thumb/women/63.jpg"},"nat":"IE"}],"info":{"seed":"1207c80c477a2a27","results":1,"page":1,"version":"1.4"}} 
 </msg>
<msg time="2024-05-30T07:14:37.811963" level="INFO">/opt/hostedtoolcache/Python/3.12.3/x64/lib/python3.12/site-packages/urllib3/connectionpool.py:1103: InsecureRequestWarning: Unverified HTTPS request is being made to host 'randomuser.me'. Adding certificate verification is strongly advised. See: https://urllib3.readthedocs.io/en/latest/advanced-usage.html#tls-warnings
  warnings.warn(</msg>
<msg time="2024-05-30T07:14:37.812105" level="INFO">${response} = &lt;Response [200]&gt;</msg>
<var>${response}</var>
<arg>consultarAPI</arg>
<arg>/api</arg>
<doc>Sends a GET request on a previously created HTTP Session.</doc>
<status status="PASS" start="2024-05-30T07:14:37.723021" elapsed="0.089130"/>
</kw>
<kw name="Set Variable" owner="BuiltIn">
<msg time="2024-05-30T07:14:37.813353" level="INFO">${json_data} = {'results': [{'gender': 'female', 'name': {'title': 'Miss', 'first': 'Tracy', 'last': 'Hoffman'}, 'location': {'street': {'number': 5929, 'name': 'Grafton Street'}, 'city': 'Carrigaline', 'state': 'Ki...</msg>
<var>${json_data}</var>
<arg>${response.json()}</arg>
<doc>Returns the given values which can then be assigned to a variables.</doc>
<status status="PASS" start="2024-05-30T07:14:37.812777" elapsed="0.000605"/>
</kw>
<kw name="Log" owner="BuiltIn">
<msg time="2024-05-30T07:14:37.813977" level="INFO">{'results': [{'gender': 'female', 'name': {'title': 'Miss', 'first': 'Tracy', 'last': 'Hoffman'}, 'location': {'street': {'number': 5929, 'name': 'Grafton Street'}, 'city': 'Carrigaline', 'state': 'Kilkenny', 'country': 'Ireland', 'postcode': 43864, 'coordinates': {'latitude': '0.4911', 'longitude': '10.5488'}, 'timezone': {'offset': '-3:00', 'description': 'Brazil, Buenos Aires, Georgetown'}}, 'email': 'tracy.hoffman@example.com', 'login': {'uuid': 'f6259337-6d55-4fbb-9d40-90cda400d2be', 'username': 'angrymeercat129', 'password': 'doofus', 'salt': '2ww0SUK1', 'md5': '24ee234b5394dfb7887284942f6761e9', 'sha1': '1116e33853f5bddbee9e94522e04d3f6224f7d6b', 'sha256': 'a57b62b73df7ade10168a1e414096e17508c90b27830b96f28ea2a433a8feb24'}, 'dob': {'date': '1987-09-26T14:52:39.278Z', 'age': 36}, 'registered': {'date': '2019-01-26T07:54:05.615Z', 'age': 5}, 'phone': '031-008-1781', 'cell': '081-715-3911', 'id': {'name': 'PPS', 'value': '8366078T'}, 'picture': {'large': 'https://randomuser.me/api/portraits/women/63.jpg', 'medium': 'https://randomuser.me/api/portraits/med/women/63.jpg', 'thumbnail': 'https://randomuser.me/api/portraits/thumb/women/63.jpg'}, 'nat': 'IE'}], 'info': {'seed': '1207c80c477a2a27', 'results': 1, 'page': 1, 'version': '1.4'}}</msg>
<arg>${json_data}</arg>
<doc>Logs the given message with the given level.</doc>
<status status="PASS" start="2024-05-30T07:14:37.813789" elapsed="0.000277"/>
</kw>
<kw name="Should Be Equal As Numbers" owner="BuiltIn">
<arg>${json_data['results'][0]['location']['postcode']}</arg>
<arg>${json_data['results'][0]['location']['postcode']}</arg>
<doc>Fails if objects are unequal after converting them to real numbers.</doc>
<status status="PASS" start="2024-05-30T07:14:37.814474" elapsed="0.000694"/>
</kw>
<kw name="Log" owner="BuiltIn">
<msg time="2024-05-30T07:14:37.815756" level="INFO">43864</msg>
<arg>${json_data['results'][0]['location']['postcode']}</arg>
<doc>Logs the given message with the given level.</doc>
<status status="PASS" start="2024-05-30T07:14:37.815389" elapsed="0.000412"/>
</kw>
<status status="PASS" start="2024-05-30T07:14:37.722775" elapsed="0.093306"/>
</kw>
<doc>Testa se os tipos de dados na resposta da API estão corretos.</doc>
<tag>testeTiposDados</tag>
<status status="PASS" start="2024-05-30T07:14:37.642168" elapsed="0.174093"/>
</test>
<test id="s1-s1-t5" name="Validar conteudo" line="35">
<kw name="Teste de Tipos de Conteudo" owner="random-user-service">
<kw name="GET On Session" owner="RequestsLibrary">
<msg time="2024-05-30T07:14:37.912628" level="INFO">GET Request : url=https://randomuser.me/api 
 path_url=/api 
 headers={'User-Agent': 'python-requests/2.32.3', 'Accept-Encoding': 'gzip, deflate', 'Accept': '*/*', 'Connection': 'keep-alive'} 
 body=None 
 </msg>
<msg time="2024-05-30T07:14:37.912731" level="INFO">GET Response : url=https://randomuser.me/api 
 status=200, reason=OK 
 headers={'Date': 'Thu, 30 May 2024 07:14:37 GMT', 'Content-Type': 'application/json; charset=utf-8', 'Transfer-Encoding': 'chunked', 'Connection': 'keep-alive', 'X-Powered-By': 'Express', 'Access-Control-Allow-Origin': '*', 'Cache-Control': 'no-cache', 'ETag': 'W/"4a6-4fNgX2yJ2IkwV2Wu1QF8HFowROs"', 'Vary': 'Accept-Encoding', 'Content-Encoding': 'gzip', 'CF-Cache-Status': 'DYNAMIC', 'Report-To': '{"endpoints":[{"url":"https:\\/\\/a.nel.cloudflare.com\\/report\\/v4?s=Shu5ZIQUAPdZq5OB8myoFekE317qu%2BNsbGr0dE%2Bz8eyfe%2F%2Bhc1s0RlEF75FK9FtxAxij5HWVy%2FdUFdh%2FdCZDvtLTNR8OTK%2F0G0X%2FJv2N4PJ%2B%2BECRX%2F9tvH3YcGvGG47o"}],"group":"cf-nel","max_age":604800}', 'NEL': '{"success_fraction":0,"report_to":"cf-nel","max_age":604800}', 'Server': 'cloudflare', 'CF-RAY': '88bcedaa6a8f093a-IAD', 'alt-svc': 'h3=":443"; ma=86400'} 
 body={"results":[{"gender":"male","name":{"title":"Mr","first":"Joona","last":"Laakso"},"location":{"street":{"number":7063,"name":"Hatanpään Valtatie"},"city":"Vesanto","state":"Ostrobothnia","country":"Finland","postcode":19655,"coordinates":{"latitude":"-23.0518","longitude":"-135.8522"},"timezone":{"offset":"+11:00","description":"Magadan, Solomon Islands, New Caledonia"}},"email":"joona.laakso@example.com","login":{"uuid":"66fb2f71-d52c-46f9-a9d6-86964e5dc107","username":"ticklishgorilla587","password":"magelan","salt":"ZxiVA8LQ","md5":"59af06bf78b74d937d65644ac554855d","sha1":"80df057e07ae367a664688c821f40101f7f2d33b","sha256":"547e13ac4a85fd2a1b3147ff9e57cf1b79adbce83fecd2cfeacee239f0e99b8c"},"dob":{"date":"1967-05-18T08:17:54.427Z","age":57},"registered":{"date":"2014-06-05T13:58:46.921Z","age":9},"phone":"04-938-700","cell":"044-771-87-27","id":{"name":"HETU","value":"NaNNA815undefined"},"picture":{"large":"https://randomuser.me/api/portraits/men/41.jpg","medium":"https://randomuser.me/api/portraits/med/men/41.jpg","thumbnail":"https://randomuser.me/api/portraits/thumb/men/41.jpg"},"nat":"FI"}],"info":{"seed":"14ec8f07e9856061","results":1,"page":1,"version":"1.4"}} 
 </msg>
<msg time="2024-05-30T07:14:37.912808" level="INFO">/opt/hostedtoolcache/Python/3.12.3/x64/lib/python3.12/site-packages/urllib3/connectionpool.py:1103: InsecureRequestWarning: Unverified HTTPS request is being made to host 'randomuser.me'. Adding certificate verification is strongly advised. See: https://urllib3.readthedocs.io/en/latest/advanced-usage.html#tls-warnings
  warnings.warn(</msg>
<msg time="2024-05-30T07:14:37.912938" level="INFO">${response} = &lt;Response [200]&gt;</msg>
<var>${response}</var>
<arg>consultarAPI</arg>
<arg>/api</arg>
<doc>Sends a GET request on a previously created HTTP Session.</doc>
<status status="PASS" start="2024-05-30T07:14:37.818969" elapsed="0.094011"/>
</kw>
<kw name="Set Variable" owner="BuiltIn">
<msg time="2024-05-30T07:14:37.914051" level="INFO">${json_data} = {'results': [{'gender': 'male', 'name': {'title': 'Mr', 'first': 'Joona', 'last': 'Laakso'}, 'location': {'street': {'number': 7063, 'name': 'Hatanpään Valtatie'}, 'city': 'Vesanto', 'state': 'Ostrobo...</msg>
<var>${json_data}</var>
<arg>${response.json()}</arg>
<doc>Returns the given values which can then be assigned to a variables.</doc>
<status status="PASS" start="2024-05-30T07:14:37.913535" elapsed="0.000548"/>
</kw>
<kw name="Set Variable" owner="BuiltIn">
<msg time="2024-05-30T07:14:37.914902" level="INFO">${name_title} = Mr</msg>
<var>${name_title}</var>
<arg>${json_data["results"][0]["name"]["title"]}</arg>
<doc>Returns the given values which can then be assigned to a variables.</doc>
<status status="PASS" start="2024-05-30T07:14:37.914506" elapsed="0.000422"/>
</kw>
<kw name="Create List" owner="BuiltIn">
<msg time="2024-05-30T07:14:37.915384" level="INFO">${allowed_titles} = ['Mr', 'Ms', 'Miss', 'Mrs', 'Madame', 'Monsieur']</msg>
<var>${allowed_titles}</var>
<arg>Mr</arg>
<arg>Ms</arg>
<arg>Miss</arg>
<arg>Mrs</arg>
<arg>Madame</arg>
<arg>Monsieur</arg>
<doc>Returns a list containing given items.</doc>
<status status="PASS" start="2024-05-30T07:14:37.915235" elapsed="0.000174"/>
</kw>
<kw name="List Should Contain Value" owner="Collections">
<msg time="2024-05-30T07:14:37.915916" level="INFO">False</msg>
<arg>${allowed_titles}</arg>
<arg>${name_title}</arg>
<doc>Fails if the ``value`` is not found from ``list``.</doc>
<status status="PASS" start="2024-05-30T07:14:37.915716" elapsed="0.000238"/>
</kw>
<kw name="Set Variable" owner="BuiltIn">
<msg time="2024-05-30T07:14:37.916826" level="INFO">${name_country} = FI</msg>
<var>${name_country}</var>
<arg>${json_data["results"][0]["nat"]}</arg>
<doc>Returns the given values which can then be assigned to a variables.</doc>
<status status="PASS" start="2024-05-30T07:14:37.916257" elapsed="0.000595"/>
</kw>
<kw name="Create List" owner="BuiltIn">
<msg time="2024-05-30T07:14:37.917778" level="INFO">${list_country} = ['AD', 'AE', 'AF', 'AG', 'AI', 'AL', 'AM', 'AO', 'AQ', 'AR', 'AS', 'AT', 'AU', 'AW', 'AX', 'AZ', 'BA', 'BB', 'BD', 'BE', 'BF', 'BG', 'BH', 'BI', 'BJ', 'BL', 'BM', 'BN', 'BO', 'BQ', 'BR', 'BS', 'BT', '...</msg>
<var>${list_country}</var>
<arg>AD</arg>
<arg>AE</arg>
<arg>AF</arg>
<arg>AG</arg>
<arg>AI</arg>
<arg>AL</arg>
<arg>AM</arg>
<arg>AO</arg>
<arg>AQ</arg>
<arg>AR</arg>
<arg>AS</arg>
<arg>AT</arg>
<arg>AU</arg>
<arg>AW</arg>
<arg>AX</arg>
<arg>AZ</arg>
<arg>BA</arg>
<arg>BB</arg>
<arg>BD</arg>
<arg>BE</arg>
<arg>BF</arg>
<arg>BG</arg>
<arg>BH</arg>
<arg>BI</arg>
<arg>BJ</arg>
<arg>BL</arg>
<arg>BM</arg>
<arg>BN</arg>
<arg>BO</arg>
<arg>BQ</arg>
<arg>BR</arg>
<arg>BS</arg>
<arg>BT</arg>
<arg>BV</arg>
<arg>BW</arg>
<arg>BY</arg>
<arg>BZ</arg>
<arg>CA</arg>
<arg>CC</arg>
<arg>CD</arg>
<arg>CF</arg>
<arg>CG</arg>
<arg>CH</arg>
<arg>CI</arg>
<arg>CK</arg>
<arg>CL</arg>
<arg>CM</arg>
<arg>CN</arg>
<arg>CO</arg>
<arg>CR</arg>
<arg>CU</arg>
<arg>CV</arg>
<arg>CW</arg>
<arg>CX</arg>
<arg>CY</arg>
<arg>CZ</arg>
<arg>DE</arg>
<arg>DJ</arg>
<arg>DK</arg>
<arg>DM</arg>
<arg>DO</arg>
<arg>DZ</arg>
<arg>EC</arg>
<arg>EE</arg>
<arg>EG</arg>
<arg>EH</arg>
<arg>ER</arg>
<arg>ES</arg>
<arg>ET</arg>
<arg>FI</arg>
<arg>FJ</arg>
<arg>FK</arg>
<arg>FM</arg>
<arg>FO</arg>
<arg>FR</arg>
<arg>GA</arg>
<arg>GB</arg>
<arg>GD</arg>
<arg>GE</arg>
<arg>GF</arg>
<arg>GG</arg>
<arg>GH</arg>
<arg>GI</arg>
<arg>GL</arg>
<arg>GM</arg>
<arg>GN</arg>
<arg>GP</arg>
<arg>GQ</arg>
<arg>GR</arg>
<arg>GS</arg>
<arg>GT</arg>
<arg>GU</arg>
<arg>GW</arg>
<arg>GY</arg>
<arg>HK</arg>
<arg>HM</arg>
<arg>HN</arg>
<arg>HR</arg>
<arg>HT</arg>
<arg>HU</arg>
<arg>ID</arg>
<arg>IE</arg>
<arg>IL</arg>
<arg>IM</arg>
<arg>IN</arg>
<arg>IO</arg>
<arg>IQ</arg>
<arg>IR</arg>
<arg>IS</arg>
<arg>IT</arg>
<arg>JE</arg>
<arg>JM</arg>
<arg>JO</arg>
<arg>JP</arg>
<arg>KE</arg>
<arg>KG</arg>
<arg>KH</arg>
<arg>KI</arg>
<arg>KM</arg>
<arg>KN</arg>
<arg>KP</arg>
<arg>KR</arg>
<arg>KW</arg>
<arg>KY</arg>
<arg>KZ</arg>
<arg>LA</arg>
<arg>LB</arg>
<arg>LC</arg>
<arg>LI</arg>
<arg>LK</arg>
<arg>LR</arg>
<arg>LS</arg>
<arg>LT</arg>
<arg>LU</arg>
<arg>LV</arg>
<arg>LY</arg>
<arg>MA</arg>
<arg>MC</arg>
<arg>MD</arg>
<arg>ME</arg>
<arg>MF</arg>
<arg>MG</arg>
<arg>MH</arg>
<arg>MK</arg>
<arg>ML</arg>
<arg>MM</arg>
<arg>MN</arg>
<arg>MO</arg>
<arg>MP</arg>
<arg>MQ</arg>
<arg>MR</arg>
<arg>MS</arg>
<arg>MT</arg>
<arg>MU</arg>
<arg>MV</arg>
<arg>MW</arg>
<arg>MX</arg>
<arg>MY</arg>
<arg>MZ</arg>
<arg>NA</arg>
<arg>NC</arg>
<arg>NE</arg>
<arg>NF</arg>
<arg>NG</arg>
<arg>NI</arg>
<arg>NL</arg>
<arg>NO</arg>
<arg>NP</arg>
<arg>NR</arg>
<arg>NU</arg>
<arg>NZ</arg>
<arg>OM</arg>
<arg>PA</arg>
<arg>PE</arg>
<arg>PF</arg>
<arg>PG</arg>
<arg>PH</arg>
<arg>PK</arg>
<arg>PL</arg>
<arg>PM</arg>
<arg>PN</arg>
<arg>PR</arg>
<arg>PS</arg>
<arg>PT</arg>
<arg>PW</arg>
<arg>PY</arg>
<arg>QA</arg>
<arg>RE</arg>
<arg>RO</arg>
<arg>RS</arg>
<arg>RU</arg>
<arg>RW</arg>
<arg>SA</arg>
<arg>SB</arg>
<arg>SC</arg>
<arg>SD</arg>
<arg>SE</arg>
<arg>SG</arg>
<arg>SH</arg>
<arg>SI</arg>
<arg>SJ</arg>
<arg>SK</arg>
<arg>SL</arg>
<arg>SM</arg>
<arg>SN</arg>
<arg>SO</arg>
<arg>SR</arg>
<arg>SS</arg>
<arg>ST</arg>
<arg>SV</arg>
<arg>SX</arg>
<arg>SY</arg>
<arg>SZ</arg>
<arg>TC</arg>
<arg>TD</arg>
<arg>TF</arg>
<arg>TG</arg>
<arg>TH</arg>
<arg>TJ</arg>
<arg>TK</arg>
<arg>TL</arg>
<arg>TM</arg>
<arg>TN</arg>
<arg>TO</arg>
<arg>TR</arg>
<arg>TT</arg>
<arg>TV</arg>
<arg>TW</arg>
<arg>TZ</arg>
<arg>UA</arg>
<arg>UG</arg>
<arg>UM</arg>
<arg>US</arg>
<arg>UY</arg>
<arg>UZ</arg>
<arg>VA</arg>
<arg>VC</arg>
<arg>VE</arg>
<arg>VG</arg>
<arg>VI</arg>
<arg>VN</arg>
<arg>VU</arg>
<arg>WF</arg>
<arg>WS</arg>
<arg>XK</arg>
<arg>YE</arg>
<arg>YT</arg>
<arg>ZA</arg>
<arg>ZM</arg>
<arg>ZW</arg>
<doc>Returns a list containing given items.</doc>
<status status="PASS" start="2024-05-30T07:14:37.917175" elapsed="0.000629"/>
</kw>
<kw name="List Should Contain Value" owner="Collections">
<msg time="2024-05-30T07:14:37.918828" level="INFO">False</msg>
<arg>${list_country}</arg>
<arg>${name_country}</arg>
<doc>Fails if the ``value`` is not found from ``list``.</doc>
<status status="PASS" start="2024-05-30T07:14:37.918624" elapsed="0.000240"/>
</kw>
<kw name="Run Keyword If" owner="BuiltIn">
<kw name="Should Be True" owner="BuiltIn">
<arg>${True}</arg>
<doc>Fails if the given condition is not true.</doc>
<status status="PASS" start="2024-05-30T07:14:37.919947" elapsed="0.000143"/>
</kw>
<arg>${json_data["results"][0]["location"]["coordinates"]["latitude"]} &gt;= -90 and ${json_data["results"][0]["location"]["coordinates"]["latitude"]} &lt;= 90</arg>
<arg>Should Be True</arg>
<arg>${True}</arg>
<doc>Runs the given keyword with the given arguments, if ``condition`` is true.</doc>
<status status="PASS" start="2024-05-30T07:14:37.919184" elapsed="0.001034"/>
</kw>
<kw name="Run Keyword If" owner="BuiltIn">
<kw name="Should Be True" owner="BuiltIn">
<arg>${True}</arg>
<doc>Fails if the given condition is not true.</doc>
<status status="PASS" start="2024-05-30T07:14:37.921108" elapsed="0.000137"/>
</kw>
<arg>${json_data["results"][0]["location"]["coordinates"]["longitude"]} &gt;= -180 and ${json_data["results"][0]["location"]["coordinates"]["longitude"]} &lt;= 180</arg>
<arg>Should Be True</arg>
<arg>${True}</arg>
<doc>Runs the given keyword with the given arguments, if ``condition`` is true.</doc>
<status status="PASS" start="2024-05-30T07:14:37.920413" elapsed="0.000956"/>
</kw>
<status status="PASS" start="2024-05-30T07:14:37.818704" elapsed="0.102797"/>
</kw>
<doc>Testa o conteúdo específico dos campos retornados pela API.</doc>
<tag>testeConteudo</tag>
<status status="PASS" start="2024-05-30T07:14:37.818113" elapsed="0.103547"/>
</test>
<status status="PASS" start="2024-05-30T07:14:37.097869" elapsed="0.825854"/>
</suite>
<status status="PASS" start="2024-05-30T07:14:37.084353" elapsed="0.844736"/>
</suite>
<statistics>
<total>
<stat pass="5" fail="0" skip="0">All Tests</stat>
</total>
<tag>
<stat pass="1" fail="0" skip="0">testeConteudo</stat>
<stat pass="1" fail="0" skip="0">testeEstruturaResposta</stat>
<stat pass="1" fail="0" skip="0">testeRequisicaoBasica</stat>
<stat pass="1" fail="0" skip="0">testeTiposDados</stat>
</tag>
<suite>
<stat pass="5" fail="0" skip="0" id="s1" name="Tests">Tests</stat>
<stat pass="5" fail="0" skip="0" id="s1-s1" name="Random-User-Test">Tests.Random-User-Test</stat>
</suite>
</statistics>
<errors>
</errors>
</robot>
