<?xml version="1.0" encoding="UTF-8"?>
<robot generator="Robot 7.0 (Python 3.12.3 on linux)" generated="2024-05-02T03:15:16.868014" rpa="false" schemaversion="5">
<suite id="s1" name="Tests" source="/home/runner/work/DesafioQAItauRogerioJordao/DesafioQAItauRogerioJordao/RamdonUser/tests">
<suite id="s1-s1" name="Random-User-Test" source="/home/runner/work/DesafioQAItauRogerioJordao/DesafioQAItauRogerioJordao/RamdonUser/tests/random-user-test.robot">
<test id="s1-s1-t1" name="Conectar" line="13">
<kw name="Conectar API" owner="random-user-service">
<kw name="Create Session" owner="RequestsLibrary">
<msg time="2024-05-02T03:15:17.228404" level="INFO">Creating Session using : alias=consultarAPI, url=https://randomuser.me/, headers={},                     cookies={}, auth=None, timeout=None, proxies=None, verify=False,                     debug=0 </msg>
<arg>consultarAPI</arg>
<arg>${URL}</arg>
<doc>Create Session: create a HTTP session to a server</doc>
<status status="PASS" start="2024-05-02T03:15:17.228201" elapsed="0.000396"/>
</kw>
<status status="PASS" start="2024-05-02T03:15:17.227191" elapsed="0.001801"/>
</kw>
<status status="PASS" start="2024-05-02T03:15:17.226458" elapsed="0.002732"/>
</test>
<test id="s1-s1-t2" name="Validar retorno 200 e JSON Válido" line="16">
<kw name="Teste de Requisicao Basica" owner="random-user-service">
<kw name="GET On Session" owner="RequestsLibrary">
<msg time="2024-05-02T03:15:17.353637" level="INFO">GET Request : url=https://randomuser.me/api 
 path_url=/api 
 headers={'User-Agent': 'python-requests/2.31.0', 'Accept-Encoding': 'gzip, deflate', 'Accept': '*/*', 'Connection': 'keep-alive'} 
 body=None 
 </msg>
<msg time="2024-05-02T03:15:17.353795" level="INFO">GET Response : url=https://randomuser.me/api 
 status=200, reason=OK 
 headers={'Date': 'Thu, 02 May 2024 03:15:17 GMT', 'Content-Type': 'application/json; charset=utf-8', 'Transfer-Encoding': 'chunked', 'Connection': 'keep-alive', 'X-Powered-By': 'Express', 'Access-Control-Allow-Origin': '*', 'Cache-Control': 'no-cache', 'ETag': 'W/"46a-yJ8DhxOe6h1jwrcca4Mczz+zeZI"', 'Vary': 'Accept-Encoding', 'Content-Encoding': 'gzip', 'CF-Cache-Status': 'DYNAMIC', 'Report-To': '{"endpoints":[{"url":"https:\\/\\/a.nel.cloudflare.com\\/report\\/v4?s=XbqlYGUQ%2BS9CCwNf%2FZUk44%2FoiNWHl15aH2v241ohRHxwRM2ZFKvk2L%2F4Q1OF9k0z0npLuFkhvhh2fnyNnjaq46eb1KsSmEaYTYTvly9nEJnf1cdsWViC1vPhBXR8r6gt"}],"group":"cf-nel","max_age":604800}', 'NEL': '{"success_fraction":0,"report_to":"cf-nel","max_age":604800}', 'Server': 'cloudflare', 'CF-RAY': '87d4d890e8316898-SJC', 'alt-svc': 'h3=":443"; ma=86400'} 
 body={"results":[{"gender":"female","name":{"title":"Mrs","first":"Afşar","last":"Özbey"},"location":{"street":{"number":4614,"name":"Mevlana Cd"},"city":"Diyarbakır","state":"Edirne","country":"Turkey","postcode":46264,"coordinates":{"latitude":"72.7323","longitude":"174.9566"},"timezone":{"offset":"+3:30","description":"Tehran"}},"email":"afsar.ozbey@example.com","login":{"uuid":"1f797e44-6bf9-4fb0-9297-65bd26b7903b","username":"heavygoose423","password":"mighty","salt":"R0M8Tawh","md5":"0f27b99ac5b1ae8b673a5b0efa0298c7","sha1":"7447482951694ae4c89c16a8f9479d2e5442ee12","sha256":"b59e797af9bfd332e8b586e3f983238c1f4faabf09c2ce5ad806ddf28872b296"},"dob":{"date":"1985-12-10T18:38:23.383Z","age":38},"registered":{"date":"2018-09-03T06:15:08.711Z","age":5},"phone":"(474)-602-6464","cell":"(506)-595-0524","id":{"name":"","value":null},"picture":{"large":"https://randomuser.me/api/portraits/women/12.jpg","medium":"https://randomuser.me/api/portraits/med/women/12.jpg","thumbnail":"https://randomuser.me/api/portraits/thumb/women/12.jpg"},"nat":"TR"}],"info":{"seed":"e60ad8a64f1d709d","results":1,"page":1,"version":"1.4"}} 
 </msg>
<msg time="2024-05-02T03:15:17.353888" level="INFO">/opt/hostedtoolcache/Python/3.12.3/x64/lib/python3.12/site-packages/urllib3/connectionpool.py:1103: InsecureRequestWarning: Unverified HTTPS request is being made to host 'randomuser.me'. Adding certificate verification is strongly advised. See: https://urllib3.readthedocs.io/en/latest/advanced-usage.html#tls-warnings
  warnings.warn(</msg>
<msg time="2024-05-02T03:15:17.354038" level="INFO">${response} = &lt;Response [200]&gt;</msg>
<var>${response}</var>
<arg>consultarAPI</arg>
<arg>/api</arg>
<doc>Sends a GET request on a previously created HTTP Session.</doc>
<status status="PASS" start="2024-05-02T03:15:17.231782" elapsed="0.122298"/>
</kw>
<kw name="Should Be Equal As Numbers" owner="BuiltIn">
<msg time="2024-05-02T03:15:17.355221" level="INFO">Argument types are:
&lt;class 'int'&gt;
&lt;class 'str'&gt;</msg>
<arg>${response.status_code}</arg>
<arg>200</arg>
<doc>Fails if objects are unequal after converting them to real numbers.</doc>
<status status="PASS" start="2024-05-02T03:15:17.354738" elapsed="0.000551"/>
</kw>
<kw name="Log" owner="BuiltIn">
<msg time="2024-05-02T03:15:17.356004" level="INFO">200</msg>
<arg>${response.status_code}</arg>
<doc>Logs the given message with the given level.</doc>
<status status="PASS" start="2024-05-02T03:15:17.355644" elapsed="0.000405"/>
</kw>
<kw name="Set Variable" owner="BuiltIn">
<msg time="2024-05-02T03:15:17.356804" level="INFO">${json_data} = {'results': [{'gender': 'female', 'name': {'title': 'Mrs', 'first': 'Afşar', 'last': 'Özbey'}, 'location': {'street': {'number': 4614, 'name': 'Mevlana Cd'}, 'city': 'Diyarbakır', 'state': 'Edirne', '...</msg>
<var>${json_data}</var>
<arg>${response.json()}</arg>
<doc>Returns the given values which can then be assigned to a variables.</doc>
<status status="PASS" start="2024-05-02T03:15:17.356356" elapsed="0.000484"/>
</kw>
<kw name="Dictionary Should Contain Key" owner="Collections">
<msg time="2024-05-02T03:15:17.357380" level="INFO">False</msg>
<arg>${json_data}</arg>
<arg>results</arg>
<doc>Fails if ``key`` is not found from ``dictionary``.</doc>
<status status="PASS" start="2024-05-02T03:15:17.357201" elapsed="0.000220"/>
</kw>
<status status="PASS" start="2024-05-02T03:15:17.231535" elapsed="0.126148"/>
</kw>
<doc>Testa se a API responde corretamente e retorna um objeto JSON válido.</doc>
<tag>testeRequisicaoBasica</tag>
<status status="PASS" start="2024-05-02T03:15:17.231051" elapsed="0.126822"/>
</test>
<test id="s1-s1-t3" name="Validar estrutura de resposta" line="22">
<kw name="Teste de Estrutura de Resposta" owner="random-user-service">
<kw name="GET On Session" owner="RequestsLibrary">
<msg time="2024-05-02T03:15:17.474811" level="INFO">GET Request : url=https://randomuser.me/api 
 path_url=/api 
 headers={'User-Agent': 'python-requests/2.31.0', 'Accept-Encoding': 'gzip, deflate', 'Accept': '*/*', 'Connection': 'keep-alive'} 
 body=None 
 </msg>
<msg time="2024-05-02T03:15:17.474912" level="INFO">GET Response : url=https://randomuser.me/api 
 status=200, reason=OK 
 headers={'Date': 'Thu, 02 May 2024 03:15:17 GMT', 'Content-Type': 'application/json; charset=utf-8', 'Transfer-Encoding': 'chunked', 'Connection': 'keep-alive', 'X-Powered-By': 'Express', 'Access-Control-Allow-Origin': '*', 'Cache-Control': 'no-cache', 'ETag': 'W/"4ab-kn6hvUdbQxn06NPf1Q1jjAebrTM"', 'Vary': 'Accept-Encoding', 'Content-Encoding': 'gzip', 'CF-Cache-Status': 'DYNAMIC', 'Report-To': '{"endpoints":[{"url":"https:\\/\\/a.nel.cloudflare.com\\/report\\/v4?s=PqzmJmTpg8sfr2IY99C%2FVuoF47fadKRwLwzz%2B%2FAYnPZgnC7MExI2qrAXMDTn%2Bxf17N2%2FjMygYMiZGEinsrcGl1g4n1YOW9jW5vYkrPHuNaUYitmcGzVroHCxWMp1bEax"}],"group":"cf-nel","max_age":604800}', 'NEL': '{"success_fraction":0,"report_to":"cf-nel","max_age":604800}', 'Server': 'cloudflare', 'CF-RAY': '87d4d89188da6898-SJC', 'alt-svc': 'h3=":443"; ma=86400'} 
 body={"results":[{"gender":"male","name":{"title":"Mr","first":"Turbrid","last":"Palyanicya"},"location":{"street":{"number":474,"name":"Prospekt Bogdana Hmelnickogo"},"city":"Seredina-Buda","state":"Ternopilska","country":"Ukraine","postcode":24717,"coordinates":{"latitude":"75.2970","longitude":"-26.7632"},"timezone":{"offset":"-6:00","description":"Central Time (US &amp; Canada), Mexico City"}},"email":"turbrid.palyanicya@example.com","login":{"uuid":"ea30ecc2-3f9d-4b40-b527-f6224b316c57","username":"blackladybug993","password":"estelle","salt":"o0MZQrb7","md5":"ab699800b710ff7137b1428afcd0d6b9","sha1":"90c6a6052b41b364987c940fac96551aebbc3611","sha256":"548409d1d670355d9e388e608e54231d7e914675e015061463e82471db82cf56"},"dob":{"date":"1968-06-22T09:04:11.205Z","age":55},"registered":{"date":"2004-10-25T10:22:21.282Z","age":19},"phone":"(067) R10-3834","cell":"(099) N00-6649","id":{"name":"","value":null},"picture":{"large":"https://randomuser.me/api/portraits/men/17.jpg","medium":"https://randomuser.me/api/portraits/med/men/17.jpg","thumbnail":"https://randomuser.me/api/portraits/thumb/men/17.jpg"},"nat":"UA"}],"info":{"seed":"0f3909c889ad80c9","results":1,"page":1,"version":"1.4"}} 
 </msg>
<msg time="2024-05-02T03:15:17.475046" level="INFO">/opt/hostedtoolcache/Python/3.12.3/x64/lib/python3.12/site-packages/urllib3/connectionpool.py:1103: InsecureRequestWarning: Unverified HTTPS request is being made to host 'randomuser.me'. Adding certificate verification is strongly advised. See: https://urllib3.readthedocs.io/en/latest/advanced-usage.html#tls-warnings
  warnings.warn(</msg>
<msg time="2024-05-02T03:15:17.475179" level="INFO">${response} = &lt;Response [200]&gt;</msg>
<var>${response}</var>
<arg>consultarAPI</arg>
<arg>/api</arg>
<doc>Sends a GET request on a previously created HTTP Session.</doc>
<status status="PASS" start="2024-05-02T03:15:17.360632" elapsed="0.114588"/>
</kw>
<kw name="Set Variable" owner="BuiltIn">
<msg time="2024-05-02T03:15:17.476413" level="INFO">${json_data} = {'results': [{'gender': 'male', 'name': {'title': 'Mr', 'first': 'Turbrid', 'last': 'Palyanicya'}, 'location': {'street': {'number': 474, 'name': 'Prospekt Bogdana Hmelnickogo'}, 'city': 'Seredina-Bud...</msg>
<var>${json_data}</var>
<arg>${response.json()}</arg>
<doc>Returns the given values which can then be assigned to a variables.</doc>
<status status="PASS" start="2024-05-02T03:15:17.475847" elapsed="0.000595"/>
</kw>
<kw name="Log" owner="BuiltIn">
<msg time="2024-05-02T03:15:17.476953" level="INFO">{'results': [{'gender': 'male', 'name': {'title': 'Mr', 'first': 'Turbrid', 'last': 'Palyanicya'}, 'location': {'street': {'number': 474, 'name': 'Prospekt Bogdana Hmelnickogo'}, 'city': 'Seredina-Buda', 'state': 'Ternopilska', 'country': 'Ukraine', 'postcode': 24717, 'coordinates': {'latitude': '75.2970', 'longitude': '-26.7632'}, 'timezone': {'offset': '-6:00', 'description': 'Central Time (US &amp; Canada), Mexico City'}}, 'email': 'turbrid.palyanicya@example.com', 'login': {'uuid': 'ea30ecc2-3f9d-4b40-b527-f6224b316c57', 'username': 'blackladybug993', 'password': 'estelle', 'salt': 'o0MZQrb7', 'md5': 'ab699800b710ff7137b1428afcd0d6b9', 'sha1': '90c6a6052b41b364987c940fac96551aebbc3611', 'sha256': '548409d1d670355d9e388e608e54231d7e914675e015061463e82471db82cf56'}, 'dob': {'date': '1968-06-22T09:04:11.205Z', 'age': 55}, 'registered': {'date': '2004-10-25T10:22:21.282Z', 'age': 19}, 'phone': '(067) R10-3834', 'cell': '(099) N00-6649', 'id': {'name': '', 'value': None}, 'picture': {'large': 'https://randomuser.me/api/portraits/men/17.jpg', 'medium': 'https://randomuser.me/api/portraits/med/men/17.jpg', 'thumbnail': 'https://randomuser.me/api/portraits/thumb/men/17.jpg'}, 'nat': 'UA'}], 'info': {'seed': '0f3909c889ad80c9', 'results': 1, 'page': 1, 'version': '1.4'}}</msg>
<arg>${json_data}</arg>
<doc>Logs the given message with the given level.</doc>
<status status="PASS" start="2024-05-02T03:15:17.476755" elapsed="0.000252"/>
</kw>
<kw name="Dictionary Should Contain Key" owner="Collections">
<msg time="2024-05-02T03:15:17.477472" level="INFO">False</msg>
<arg>${json_data}</arg>
<arg>results</arg>
<doc>Fails if ``key`` is not found from ``dictionary``.</doc>
<status status="PASS" start="2024-05-02T03:15:17.477308" elapsed="0.000203"/>
</kw>
<kw name="Should Not Be Empty" owner="BuiltIn">
<msg time="2024-05-02T03:15:17.477944" level="INFO">Length is 2.</msg>
<arg>${json_data}</arg>
<doc>Verifies that the given item is not empty.</doc>
<status status="PASS" start="2024-05-02T03:15:17.477813" elapsed="0.000335"/>
</kw>
<kw name="Create List" owner="BuiltIn">
<msg time="2024-05-02T03:15:17.478606" level="INFO">${expected_keys} = ['gender', 'name', 'location', 'email', 'login']</msg>
<var>${expected_keys}</var>
<arg>gender</arg>
<arg>name</arg>
<arg>location</arg>
<arg>email</arg>
<arg>login</arg>
<doc>Returns a list containing given items.</doc>
<status status="PASS" start="2024-05-02T03:15:17.478451" elapsed="0.000180"/>
</kw>
<for flavor="IN">
<iter>
<kw name="Dictionary Should Contain Key" owner="Collections">
<msg time="2024-05-02T03:15:17.479630" level="INFO">False</msg>
<arg>${json_data['results'][0]}</arg>
<arg>${key}</arg>
<doc>Fails if ``key`` is not found from ``dictionary``.</doc>
<status status="PASS" start="2024-05-02T03:15:17.479224" elapsed="0.000446"/>
</kw>
<kw name="Log" owner="BuiltIn">
<msg time="2024-05-02T03:15:17.480335" level="INFO">{'gender': 'male', 'name': {'title': 'Mr', 'first': 'Turbrid', 'last': 'Palyanicya'}, 'location': {'street': {'number': 474, 'name': 'Prospekt Bogdana Hmelnickogo'}, 'city': 'Seredina-Buda', 'state': 'Ternopilska', 'country': 'Ukraine', 'postcode': 24717, 'coordinates': {'latitude': '75.2970', 'longitude': '-26.7632'}, 'timezone': {'offset': '-6:00', 'description': 'Central Time (US &amp; Canada), Mexico City'}}, 'email': 'turbrid.palyanicya@example.com', 'login': {'uuid': 'ea30ecc2-3f9d-4b40-b527-f6224b316c57', 'username': 'blackladybug993', 'password': 'estelle', 'salt': 'o0MZQrb7', 'md5': 'ab699800b710ff7137b1428afcd0d6b9', 'sha1': '90c6a6052b41b364987c940fac96551aebbc3611', 'sha256': '548409d1d670355d9e388e608e54231d7e914675e015061463e82471db82cf56'}, 'dob': {'date': '1968-06-22T09:04:11.205Z', 'age': 55}, 'registered': {'date': '2004-10-25T10:22:21.282Z', 'age': 19}, 'phone': '(067) R10-3834', 'cell': '(099) N00-6649', 'id': {'name': '', 'value': None}, 'picture': {'large': 'https://randomuser.me/api/portraits/men/17.jpg', 'medium': 'https://randomuser.me/api/portraits/med/men/17.jpg', 'thumbnail': 'https://randomuser.me/api/portraits/thumb/men/17.jpg'}, 'nat': 'UA'}</msg>
<arg>${json_data['results'][0]}</arg>
<doc>Logs the given message with the given level.</doc>
<status status="PASS" start="2024-05-02T03:15:17.479969" elapsed="0.000417"/>
</kw>
<kw name="Log" owner="BuiltIn">
<msg time="2024-05-02T03:15:17.480816" level="INFO">gender</msg>
<arg>${key}</arg>
<doc>Logs the given message with the given level.</doc>
<status status="PASS" start="2024-05-02T03:15:17.480688" elapsed="0.000167"/>
</kw>
<var name="${key}">gender</var>
<status status="PASS" start="2024-05-02T03:15:17.479096" elapsed="0.002004"/>
</iter>
<iter>
<kw name="Dictionary Should Contain Key" owner="Collections">
<msg time="2024-05-02T03:15:17.481798" level="INFO">False</msg>
<arg>${json_data['results'][0]}</arg>
<arg>${key}</arg>
<doc>Fails if ``key`` is not found from ``dictionary``.</doc>
<status status="PASS" start="2024-05-02T03:15:17.481410" elapsed="0.000456"/>
</kw>
<kw name="Log" owner="BuiltIn">
<msg time="2024-05-02T03:15:17.482543" level="INFO">{'gender': 'male', 'name': {'title': 'Mr', 'first': 'Turbrid', 'last': 'Palyanicya'}, 'location': {'street': {'number': 474, 'name': 'Prospekt Bogdana Hmelnickogo'}, 'city': 'Seredina-Buda', 'state': 'Ternopilska', 'country': 'Ukraine', 'postcode': 24717, 'coordinates': {'latitude': '75.2970', 'longitude': '-26.7632'}, 'timezone': {'offset': '-6:00', 'description': 'Central Time (US &amp; Canada), Mexico City'}}, 'email': 'turbrid.palyanicya@example.com', 'login': {'uuid': 'ea30ecc2-3f9d-4b40-b527-f6224b316c57', 'username': 'blackladybug993', 'password': 'estelle', 'salt': 'o0MZQrb7', 'md5': 'ab699800b710ff7137b1428afcd0d6b9', 'sha1': '90c6a6052b41b364987c940fac96551aebbc3611', 'sha256': '548409d1d670355d9e388e608e54231d7e914675e015061463e82471db82cf56'}, 'dob': {'date': '1968-06-22T09:04:11.205Z', 'age': 55}, 'registered': {'date': '2004-10-25T10:22:21.282Z', 'age': 19}, 'phone': '(067) R10-3834', 'cell': '(099) N00-6649', 'id': {'name': '', 'value': None}, 'picture': {'large': 'https://randomuser.me/api/portraits/men/17.jpg', 'medium': 'https://randomuser.me/api/portraits/med/men/17.jpg', 'thumbnail': 'https://randomuser.me/api/portraits/thumb/men/17.jpg'}, 'nat': 'UA'}</msg>
<arg>${json_data['results'][0]}</arg>
<doc>Logs the given message with the given level.</doc>
<status status="PASS" start="2024-05-02T03:15:17.482169" elapsed="0.000423"/>
</kw>
<kw name="Log" owner="BuiltIn">
<msg time="2024-05-02T03:15:17.483015" level="INFO">name</msg>
<arg>${key}</arg>
<doc>Logs the given message with the given level.</doc>
<status status="PASS" start="2024-05-02T03:15:17.482886" elapsed="0.000169"/>
</kw>
<var name="${key}">name</var>
<status status="PASS" start="2024-05-02T03:15:17.481291" elapsed="0.001980"/>
</iter>
<iter>
<kw name="Dictionary Should Contain Key" owner="Collections">
<msg time="2024-05-02T03:15:17.483947" level="INFO">False</msg>
<arg>${json_data['results'][0]}</arg>
<arg>${key}</arg>
<doc>Fails if ``key`` is not found from ``dictionary``.</doc>
<status status="PASS" start="2024-05-02T03:15:17.483561" elapsed="0.000424"/>
</kw>
<kw name="Log" owner="BuiltIn">
<msg time="2024-05-02T03:15:17.484643" level="INFO">{'gender': 'male', 'name': {'title': 'Mr', 'first': 'Turbrid', 'last': 'Palyanicya'}, 'location': {'street': {'number': 474, 'name': 'Prospekt Bogdana Hmelnickogo'}, 'city': 'Seredina-Buda', 'state': 'Ternopilska', 'country': 'Ukraine', 'postcode': 24717, 'coordinates': {'latitude': '75.2970', 'longitude': '-26.7632'}, 'timezone': {'offset': '-6:00', 'description': 'Central Time (US &amp; Canada), Mexico City'}}, 'email': 'turbrid.palyanicya@example.com', 'login': {'uuid': 'ea30ecc2-3f9d-4b40-b527-f6224b316c57', 'username': 'blackladybug993', 'password': 'estelle', 'salt': 'o0MZQrb7', 'md5': 'ab699800b710ff7137b1428afcd0d6b9', 'sha1': '90c6a6052b41b364987c940fac96551aebbc3611', 'sha256': '548409d1d670355d9e388e608e54231d7e914675e015061463e82471db82cf56'}, 'dob': {'date': '1968-06-22T09:04:11.205Z', 'age': 55}, 'registered': {'date': '2004-10-25T10:22:21.282Z', 'age': 19}, 'phone': '(067) R10-3834', 'cell': '(099) N00-6649', 'id': {'name': '', 'value': None}, 'picture': {'large': 'https://randomuser.me/api/portraits/men/17.jpg', 'medium': 'https://randomuser.me/api/portraits/med/men/17.jpg', 'thumbnail': 'https://randomuser.me/api/portraits/thumb/men/17.jpg'}, 'nat': 'UA'}</msg>
<arg>${json_data['results'][0]}</arg>
<doc>Logs the given message with the given level.</doc>
<status status="PASS" start="2024-05-02T03:15:17.484284" elapsed="0.000409"/>
</kw>
<kw name="Log" owner="BuiltIn">
<msg time="2024-05-02T03:15:17.485140" level="INFO">location</msg>
<arg>${key}</arg>
<doc>Logs the given message with the given level.</doc>
<status status="PASS" start="2024-05-02T03:15:17.485014" elapsed="0.000165"/>
</kw>
<var name="${key}">location</var>
<status status="PASS" start="2024-05-02T03:15:17.483449" elapsed="0.001945"/>
</iter>
<iter>
<kw name="Dictionary Should Contain Key" owner="Collections">
<msg time="2024-05-02T03:15:17.486079" level="INFO">False</msg>
<arg>${json_data['results'][0]}</arg>
<arg>${key}</arg>
<doc>Fails if ``key`` is not found from ``dictionary``.</doc>
<status status="PASS" start="2024-05-02T03:15:17.485688" elapsed="0.000429"/>
</kw>
<kw name="Log" owner="BuiltIn">
<msg time="2024-05-02T03:15:17.486772" level="INFO">{'gender': 'male', 'name': {'title': 'Mr', 'first': 'Turbrid', 'last': 'Palyanicya'}, 'location': {'street': {'number': 474, 'name': 'Prospekt Bogdana Hmelnickogo'}, 'city': 'Seredina-Buda', 'state': 'Ternopilska', 'country': 'Ukraine', 'postcode': 24717, 'coordinates': {'latitude': '75.2970', 'longitude': '-26.7632'}, 'timezone': {'offset': '-6:00', 'description': 'Central Time (US &amp; Canada), Mexico City'}}, 'email': 'turbrid.palyanicya@example.com', 'login': {'uuid': 'ea30ecc2-3f9d-4b40-b527-f6224b316c57', 'username': 'blackladybug993', 'password': 'estelle', 'salt': 'o0MZQrb7', 'md5': 'ab699800b710ff7137b1428afcd0d6b9', 'sha1': '90c6a6052b41b364987c940fac96551aebbc3611', 'sha256': '548409d1d670355d9e388e608e54231d7e914675e015061463e82471db82cf56'}, 'dob': {'date': '1968-06-22T09:04:11.205Z', 'age': 55}, 'registered': {'date': '2004-10-25T10:22:21.282Z', 'age': 19}, 'phone': '(067) R10-3834', 'cell': '(099) N00-6649', 'id': {'name': '', 'value': None}, 'picture': {'large': 'https://randomuser.me/api/portraits/men/17.jpg', 'medium': 'https://randomuser.me/api/portraits/med/men/17.jpg', 'thumbnail': 'https://randomuser.me/api/portraits/thumb/men/17.jpg'}, 'nat': 'UA'}</msg>
<arg>${json_data['results'][0]}</arg>
<doc>Logs the given message with the given level.</doc>
<status status="PASS" start="2024-05-02T03:15:17.486415" elapsed="0.000407"/>
</kw>
<kw name="Log" owner="BuiltIn">
<msg time="2024-05-02T03:15:17.487243" level="INFO">email</msg>
<arg>${key}</arg>
<doc>Logs the given message with the given level.</doc>
<status status="PASS" start="2024-05-02T03:15:17.487116" elapsed="0.000175"/>
</kw>
<var name="${key}">email</var>
<status status="PASS" start="2024-05-02T03:15:17.485577" elapsed="0.001926"/>
</iter>
<iter>
<kw name="Dictionary Should Contain Key" owner="Collections">
<msg time="2024-05-02T03:15:17.488168" level="INFO">False</msg>
<arg>${json_data['results'][0]}</arg>
<arg>${key}</arg>
<doc>Fails if ``key`` is not found from ``dictionary``.</doc>
<status status="PASS" start="2024-05-02T03:15:17.487785" elapsed="0.000422"/>
</kw>
<kw name="Log" owner="BuiltIn">
<msg time="2024-05-02T03:15:17.488865" level="INFO">{'gender': 'male', 'name': {'title': 'Mr', 'first': 'Turbrid', 'last': 'Palyanicya'}, 'location': {'street': {'number': 474, 'name': 'Prospekt Bogdana Hmelnickogo'}, 'city': 'Seredina-Buda', 'state': 'Ternopilska', 'country': 'Ukraine', 'postcode': 24717, 'coordinates': {'latitude': '75.2970', 'longitude': '-26.7632'}, 'timezone': {'offset': '-6:00', 'description': 'Central Time (US &amp; Canada), Mexico City'}}, 'email': 'turbrid.palyanicya@example.com', 'login': {'uuid': 'ea30ecc2-3f9d-4b40-b527-f6224b316c57', 'username': 'blackladybug993', 'password': 'estelle', 'salt': 'o0MZQrb7', 'md5': 'ab699800b710ff7137b1428afcd0d6b9', 'sha1': '90c6a6052b41b364987c940fac96551aebbc3611', 'sha256': '548409d1d670355d9e388e608e54231d7e914675e015061463e82471db82cf56'}, 'dob': {'date': '1968-06-22T09:04:11.205Z', 'age': 55}, 'registered': {'date': '2004-10-25T10:22:21.282Z', 'age': 19}, 'phone': '(067) R10-3834', 'cell': '(099) N00-6649', 'id': {'name': '', 'value': None}, 'picture': {'large': 'https://randomuser.me/api/portraits/men/17.jpg', 'medium': 'https://randomuser.me/api/portraits/med/men/17.jpg', 'thumbnail': 'https://randomuser.me/api/portraits/thumb/men/17.jpg'}, 'nat': 'UA'}</msg>
<arg>${json_data['results'][0]}</arg>
<doc>Logs the given message with the given level.</doc>
<status status="PASS" start="2024-05-02T03:15:17.488506" elapsed="0.000432"/>
</kw>
<kw name="Log" owner="BuiltIn">
<msg time="2024-05-02T03:15:17.489398" level="INFO">login</msg>
<arg>${key}</arg>
<doc>Logs the given message with the given level.</doc>
<status status="PASS" start="2024-05-02T03:15:17.489269" elapsed="0.000168"/>
</kw>
<var name="${key}">login</var>
<status status="PASS" start="2024-05-02T03:15:17.487675" elapsed="0.001983"/>
</iter>
<var>${key}</var>
<value>@{expected_keys}</value>
<status status="PASS" start="2024-05-02T03:15:17.478895" elapsed="0.010889"/>
</for>
<kw name="Create List" owner="BuiltIn">
<msg time="2024-05-02T03:15:17.490120" level="INFO">${expected_keysTwo} = ['username', 'password']</msg>
<var>${expected_keysTwo}</var>
<arg>username</arg>
<arg>password</arg>
<doc>Returns a list containing given items.</doc>
<status status="PASS" start="2024-05-02T03:15:17.489981" elapsed="0.000163"/>
</kw>
<for flavor="IN">
<iter>
<kw name="Dictionary Should Contain Key" owner="Collections">
<msg time="2024-05-02T03:15:17.491042" level="INFO">False</msg>
<arg>${json_data['results'][0]['login']}</arg>
<arg>${keyTwo}</arg>
<doc>Fails if ``key`` is not found from ``dictionary``.</doc>
<status status="PASS" start="2024-05-02T03:15:17.490644" elapsed="0.000437"/>
</kw>
<kw name="Dictionary Should Contain Key" owner="Collections">
<msg time="2024-05-02T03:15:17.491763" level="INFO">False</msg>
<arg>${json_data['results'][0]['login']}</arg>
<arg>${keyTwo}</arg>
<doc>Fails if ``key`` is not found from ``dictionary``.</doc>
<status status="PASS" start="2024-05-02T03:15:17.491376" elapsed="0.000426"/>
</kw>
<kw name="Log" owner="BuiltIn">
<msg time="2024-05-02T03:15:17.492219" level="INFO">username</msg>
<arg>${keyTwo}</arg>
<doc>Logs the given message with the given level.</doc>
<status status="PASS" start="2024-05-02T03:15:17.492095" elapsed="0.000167"/>
</kw>
<var name="${keyTwo}">username</var>
<status status="PASS" start="2024-05-02T03:15:17.490529" elapsed="0.001948"/>
</iter>
<iter>
<kw name="Dictionary Should Contain Key" owner="Collections">
<msg time="2024-05-02T03:15:17.493258" level="INFO">False</msg>
<arg>${json_data['results'][0]['login']}</arg>
<arg>${keyTwo}</arg>
<doc>Fails if ``key`` is not found from ``dictionary``.</doc>
<status status="PASS" start="2024-05-02T03:15:17.492761" elapsed="0.000539"/>
</kw>
<kw name="Dictionary Should Contain Key" owner="Collections">
<msg time="2024-05-02T03:15:17.493980" level="INFO">False</msg>
<arg>${json_data['results'][0]['login']}</arg>
<arg>${keyTwo}</arg>
<doc>Fails if ``key`` is not found from ``dictionary``.</doc>
<status status="PASS" start="2024-05-02T03:15:17.493598" elapsed="0.000420"/>
</kw>
<kw name="Log" owner="BuiltIn">
<msg time="2024-05-02T03:15:17.494444" level="INFO">password</msg>
<arg>${keyTwo}</arg>
<doc>Logs the given message with the given level.</doc>
<status status="PASS" start="2024-05-02T03:15:17.494316" elapsed="0.000166"/>
</kw>
<var name="${keyTwo}">password</var>
<status status="PASS" start="2024-05-02T03:15:17.492651" elapsed="0.002053"/>
</iter>
<var>${keyTwo}</var>
<value>@{expected_keysTwo}</value>
<status status="PASS" start="2024-05-02T03:15:17.490377" elapsed="0.004449"/>
</for>
<status status="PASS" start="2024-05-02T03:15:17.360387" elapsed="0.134583"/>
</kw>
<doc>Testa a estrutura da resposta da API.</doc>
<tag>testeEstruturaResposta</tag>
<status status="PASS" start="2024-05-02T03:15:17.359742" elapsed="0.135385"/>
</test>
<test id="s1-s1-t4" name="Validar tipos de dados" line="28">
<kw name="Teste de Tipos de Dados" owner="random-user-service">
<kw name="GET On Session" owner="RequestsLibrary">
<msg time="2024-05-02T03:15:17.591826" level="INFO">GET Request : url=https://randomuser.me/api 
 path_url=/api 
 headers={'User-Agent': 'python-requests/2.31.0', 'Accept-Encoding': 'gzip, deflate', 'Accept': '*/*', 'Connection': 'keep-alive'} 
 body=None 
 </msg>
<msg time="2024-05-02T03:15:17.591937" level="INFO">GET Response : url=https://randomuser.me/api 
 status=200, reason=OK 
 headers={'Date': 'Thu, 02 May 2024 03:15:17 GMT', 'Content-Type': 'application/json; charset=utf-8', 'Transfer-Encoding': 'chunked', 'Connection': 'keep-alive', 'X-Powered-By': 'Express', 'Access-Control-Allow-Origin': '*', 'Cache-Control': 'no-cache', 'ETag': 'W/"49f-Wtp0MnGlsgypt2ANXL5Oh8jWQYw"', 'Vary': 'Accept-Encoding', 'Content-Encoding': 'gzip', 'CF-Cache-Status': 'DYNAMIC', 'Report-To': '{"endpoints":[{"url":"https:\\/\\/a.nel.cloudflare.com\\/report\\/v4?s=DijWT8%2F%2BtYy%2BY%2FdGCBUvkfE5AVawNzmSOYgjJg15i3yhJKnKwvbWdxmxrEXQmD7TPVbnO72py5uAwy741lfnR1Y75Yzbbd8rvnOHO%2FGD3GdAzmaoblxfbb8K%2B9scD4M6"}],"group":"cf-nel","max_age":604800}', 'NEL': '{"success_fraction":0,"report_to":"cf-nel","max_age":604800}', 'Server': 'cloudflare', 'CF-RAY': '87d4d89269a36898-SJC', 'alt-svc': 'h3=":443"; ma=86400'} 
 body={"results":[{"gender":"male","name":{"title":"Mr","first":"Oscar","last":"Colin"},"location":{"street":{"number":8917,"name":"Rue de L'Abbé-Grégoire"},"city":"Mulhouse","state":"Oise","country":"France","postcode":38459,"coordinates":{"latitude":"-19.3731","longitude":"-9.3870"},"timezone":{"offset":"-5:00","description":"Eastern Time (US &amp; Canada), Bogota, Lima"}},"email":"oscar.colin@example.com","login":{"uuid":"c24e88b5-70a4-4e40-9bfe-c025cdaac82b","username":"yellowwolf796","password":"rangers","salt":"BaNq3qae","md5":"9f4906e7ead52895cceb333804bd9ab7","sha1":"d8a34f457c269ec66810c32c27c8098b677a50dc","sha256":"e344206c805f6e21f951cbd135b904b17e6d67b7f20a0aed6bf409940b4fa0b4"},"dob":{"date":"1947-02-06T14:03:48.078Z","age":77},"registered":{"date":"2004-11-27T16:33:32.662Z","age":19},"phone":"04-86-68-51-66","cell":"06-63-51-83-26","id":{"name":"INSEE","value":"1470170273882 87"},"picture":{"large":"https://randomuser.me/api/portraits/men/31.jpg","medium":"https://randomuser.me/api/portraits/med/men/31.jpg","thumbnail":"https://randomuser.me/api/portraits/thumb/men/31.jpg"},"nat":"FR"}],"info":{"seed":"0f260ccffe90eb34","results":1,"page":1,"version":"1.4"}} 
 </msg>
<msg time="2024-05-02T03:15:17.592027" level="INFO">/opt/hostedtoolcache/Python/3.12.3/x64/lib/python3.12/site-packages/urllib3/connectionpool.py:1103: InsecureRequestWarning: Unverified HTTPS request is being made to host 'randomuser.me'. Adding certificate verification is strongly advised. See: https://urllib3.readthedocs.io/en/latest/advanced-usage.html#tls-warnings
  warnings.warn(</msg>
<msg time="2024-05-02T03:15:17.592159" level="INFO">${response} = &lt;Response [200]&gt;</msg>
<var>${response}</var>
<arg>consultarAPI</arg>
<arg>/api</arg>
<doc>Sends a GET request on a previously created HTTP Session.</doc>
<status status="PASS" start="2024-05-02T03:15:17.497740" elapsed="0.094462"/>
</kw>
<kw name="Set Variable" owner="BuiltIn">
<msg time="2024-05-02T03:15:17.593488" level="INFO">${json_data} = {'results': [{'gender': 'male', 'name': {'title': 'Mr', 'first': 'Oscar', 'last': 'Colin'}, 'location': {'street': {'number': 8917, 'name': "Rue de L'Abbé-Grégoire"}, 'city': 'Mulhouse', 'state': 'Ois...</msg>
<var>${json_data}</var>
<arg>${response.json()}</arg>
<doc>Returns the given values which can then be assigned to a variables.</doc>
<status status="PASS" start="2024-05-02T03:15:17.592868" elapsed="0.000650"/>
</kw>
<kw name="Log" owner="BuiltIn">
<msg time="2024-05-02T03:15:17.593994" level="INFO">{'results': [{'gender': 'male', 'name': {'title': 'Mr', 'first': 'Oscar', 'last': 'Colin'}, 'location': {'street': {'number': 8917, 'name': "Rue de L'Abbé-Grégoire"}, 'city': 'Mulhouse', 'state': 'Oise', 'country': 'France', 'postcode': 38459, 'coordinates': {'latitude': '-19.3731', 'longitude': '-9.3870'}, 'timezone': {'offset': '-5:00', 'description': 'Eastern Time (US &amp; Canada), Bogota, Lima'}}, 'email': 'oscar.colin@example.com', 'login': {'uuid': 'c24e88b5-70a4-4e40-9bfe-c025cdaac82b', 'username': 'yellowwolf796', 'password': 'rangers', 'salt': 'BaNq3qae', 'md5': '9f4906e7ead52895cceb333804bd9ab7', 'sha1': 'd8a34f457c269ec66810c32c27c8098b677a50dc', 'sha256': 'e344206c805f6e21f951cbd135b904b17e6d67b7f20a0aed6bf409940b4fa0b4'}, 'dob': {'date': '1947-02-06T14:03:48.078Z', 'age': 77}, 'registered': {'date': '2004-11-27T16:33:32.662Z', 'age': 19}, 'phone': '04-86-68-51-66', 'cell': '06-63-51-83-26', 'id': {'name': 'INSEE', 'value': '1470170273882 87'}, 'picture': {'large': 'https://randomuser.me/api/portraits/men/31.jpg', 'medium': 'https://randomuser.me/api/portraits/med/men/31.jpg', 'thumbnail': 'https://randomuser.me/api/portraits/thumb/men/31.jpg'}, 'nat': 'FR'}], 'info': {'seed': '0f260ccffe90eb34', 'results': 1, 'page': 1, 'version': '1.4'}}</msg>
<arg>${json_data}</arg>
<doc>Logs the given message with the given level.</doc>
<status status="PASS" start="2024-05-02T03:15:17.593831" elapsed="0.000253"/>
</kw>
<kw name="Should Be String" owner="String">
<arg>${json_data['results'][0]['gender']}</arg>
<doc>Fails if the given ``item`` is not a string.</doc>
<status status="PASS" start="2024-05-02T03:15:17.594390" elapsed="0.000369"/>
</kw>
<kw name="Should Match Regexp" owner="BuiltIn">
<arg>${json_data['results'][0]['email']}</arg>
<arg>^[a-zA-Z0-9._%+-]+@[a-zA-Z0-9.-]+\.[a-zA-Z]{2,}$</arg>
<doc>Fails if ``string`` does not match ``pattern`` as a regular expression.</doc>
<status status="PASS" start="2024-05-02T03:15:17.594955" elapsed="0.000519"/>
</kw>
<kw name="Should Match Regexp" owner="BuiltIn">
<arg>${json_data['results'][0]['dob']['date']}</arg>
<arg>\\d{4}-\\d{2}-\\d{2}T\\d{2}:\\d{2}:\\d{2}\\.\\d{3}Z</arg>
<doc>Fails if ``string`` does not match ``pattern`` as a regular expression.</doc>
<status status="PASS" start="2024-05-02T03:15:17.595669" elapsed="0.000490"/>
</kw>
<kw name="Should Match Regexp" owner="BuiltIn">
<arg>${json_data['results'][0]['registered']['date']}</arg>
<arg>\\d{4}-\\d{2}-\\d{2}T\\d{2}:\\d{2}:\\d{2}\\.\\d{3}Z</arg>
<doc>Fails if ``string`` does not match ``pattern`` as a regular expression.</doc>
<status status="PASS" start="2024-05-02T03:15:17.596352" elapsed="0.000376"/>
</kw>
<kw name="Should Match Regexp" owner="BuiltIn">
<arg>${json_data['results'][0]['picture']['large']}</arg>
<arg>^https?://.*\.(?:png|jpe?g|gif|bmp)$</arg>
<doc>Fails if ``string`` does not match ``pattern`` as a regular expression.</doc>
<status status="PASS" start="2024-05-02T03:15:17.596954" elapsed="0.000477"/>
</kw>
<kw name="Should Match Regexp" owner="BuiltIn">
<arg>${json_data['results'][0]['picture']['medium']}</arg>
<arg>^https?://.*\.(?:png|jpe?g|gif|bmp)$</arg>
<doc>Fails if ``string`` does not match ``pattern`` as a regular expression.</doc>
<status status="PASS" start="2024-05-02T03:15:17.597622" elapsed="0.000368"/>
</kw>
<kw name="Should Match Regexp" owner="BuiltIn">
<arg>${json_data['results'][0]['picture']['thumbnail']}</arg>
<arg>^https?://.*\.(?:png|jpe?g|gif|bmp)$</arg>
<doc>Fails if ``string`` does not match ``pattern`` as a regular expression.</doc>
<status status="PASS" start="2024-05-02T03:15:17.598182" elapsed="0.000351"/>
</kw>
<kw name="Log" owner="BuiltIn">
<msg time="2024-05-02T03:15:17.599034" level="INFO">{'large': 'https://randomuser.me/api/portraits/men/31.jpg', 'medium': 'https://randomuser.me/api/portraits/med/men/31.jpg', 'thumbnail': 'https://randomuser.me/api/portraits/thumb/men/31.jpg'}</msg>
<arg>${json_data['results'][0]['picture']}</arg>
<doc>Logs the given message with the given level.</doc>
<status status="PASS" start="2024-05-02T03:15:17.598713" elapsed="0.000362"/>
</kw>
<status status="PASS" start="2024-05-02T03:15:17.497509" elapsed="0.101825"/>
</kw>
<kw name="Teste de Tipos de Dados - Postcode" owner="random-user-service">
<kw name="GET On Session" owner="RequestsLibrary">
<msg time="2024-05-02T03:15:17.686499" level="INFO">GET Request : url=https://randomuser.me/api 
 path_url=/api 
 headers={'User-Agent': 'python-requests/2.31.0', 'Accept-Encoding': 'gzip, deflate', 'Accept': '*/*', 'Connection': 'keep-alive'} 
 body=None 
 </msg>
<msg time="2024-05-02T03:15:17.686592" level="INFO">GET Response : url=https://randomuser.me/api 
 status=200, reason=OK 
 headers={'Date': 'Thu, 02 May 2024 03:15:17 GMT', 'Content-Type': 'application/json; charset=utf-8', 'Transfer-Encoding': 'chunked', 'Connection': 'keep-alive', 'X-Powered-By': 'Express', 'Access-Control-Allow-Origin': '*', 'Cache-Control': 'no-cache', 'ETag': 'W/"49a-RDSl/We2eXOiU8aClyKaqUZsMbw"', 'Vary': 'Accept-Encoding', 'Content-Encoding': 'gzip', 'CF-Cache-Status': 'DYNAMIC', 'Report-To': '{"endpoints":[{"url":"https:\\/\\/a.nel.cloudflare.com\\/report\\/v4?s=%2FLhbPGJ75K8HizdIxjukPSGM4%2Bnmt78kWS%2BtxqauNVm0JEXC6YyrezWhUcNkeB4TIlZC%2B1Rz9RpQAnYgawNpU6%2FdjYqnP5uNlmXLq%2BnqKWK0YNuWdbgKorAnrMvwhOrR"}],"group":"cf-nel","max_age":604800}', 'NEL': '{"success_fraction":0,"report_to":"cf-nel","max_age":604800}', 'Server': 'cloudflare', 'CF-RAY': '87d4d8930a296898-SJC', 'alt-svc': 'h3=":443"; ma=86400'} 
 body={"results":[{"gender":"male","name":{"title":"Mr","first":"Soren","last":"Nguyen"},"location":{"street":{"number":9145,"name":"Rue Dumenge"},"city":"Angers","state":"Hauts-de-Seine","country":"France","postcode":89945,"coordinates":{"latitude":"-15.8363","longitude":"-107.6939"},"timezone":{"offset":"+9:00","description":"Tokyo, Seoul, Osaka, Sapporo, Yakutsk"}},"email":"soren.nguyen@example.com","login":{"uuid":"ebded07e-83b2-4219-84f4-d1b6567b4478","username":"whitefish860","password":"cromwell","salt":"GoRlieKW","md5":"c7b4619ef1c3efaf521d7a78c12b631d","sha1":"b11df510758294d1911c527e6d259dc7c1fbe30e","sha256":"9856be73ac0fa9eaa9242bb8386e8786904ccb37f2ae8538b0e17c051fde7adb"},"dob":{"date":"1951-06-10T14:06:50.018Z","age":72},"registered":{"date":"2016-08-19T00:39:06.999Z","age":7},"phone":"02-34-72-34-52","cell":"06-62-22-46-81","id":{"name":"INSEE","value":"1510585842652 73"},"picture":{"large":"https://randomuser.me/api/portraits/men/41.jpg","medium":"https://randomuser.me/api/portraits/med/men/41.jpg","thumbnail":"https://randomuser.me/api/portraits/thumb/men/41.jpg"},"nat":"FR"}],"info":{"seed":"72af806664e1ab13","results":1,"page":1,"version":"1.4"}} 
 </msg>
<msg time="2024-05-02T03:15:17.686660" level="INFO">/opt/hostedtoolcache/Python/3.12.3/x64/lib/python3.12/site-packages/urllib3/connectionpool.py:1103: InsecureRequestWarning: Unverified HTTPS request is being made to host 'randomuser.me'. Adding certificate verification is strongly advised. See: https://urllib3.readthedocs.io/en/latest/advanced-usage.html#tls-warnings
  warnings.warn(</msg>
<msg time="2024-05-02T03:15:17.686783" level="INFO">${response} = &lt;Response [200]&gt;</msg>
<var>${response}</var>
<arg>consultarAPI</arg>
<arg>/api</arg>
<doc>Sends a GET request on a previously created HTTP Session.</doc>
<status status="PASS" start="2024-05-02T03:15:17.599805" elapsed="0.087018"/>
</kw>
<kw name="Set Variable" owner="BuiltIn">
<msg time="2024-05-02T03:15:17.687979" level="INFO">${json_data} = {'results': [{'gender': 'male', 'name': {'title': 'Mr', 'first': 'Soren', 'last': 'Nguyen'}, 'location': {'street': {'number': 9145, 'name': 'Rue Dumenge'}, 'city': 'Angers', 'state': 'Hauts-de-Seine'...</msg>
<var>${json_data}</var>
<arg>${response.json()}</arg>
<doc>Returns the given values which can then be assigned to a variables.</doc>
<status status="PASS" start="2024-05-02T03:15:17.687423" elapsed="0.000584"/>
</kw>
<kw name="Log" owner="BuiltIn">
<msg time="2024-05-02T03:15:17.688480" level="INFO">{'results': [{'gender': 'male', 'name': {'title': 'Mr', 'first': 'Soren', 'last': 'Nguyen'}, 'location': {'street': {'number': 9145, 'name': 'Rue Dumenge'}, 'city': 'Angers', 'state': 'Hauts-de-Seine', 'country': 'France', 'postcode': 89945, 'coordinates': {'latitude': '-15.8363', 'longitude': '-107.6939'}, 'timezone': {'offset': '+9:00', 'description': 'Tokyo, Seoul, Osaka, Sapporo, Yakutsk'}}, 'email': 'soren.nguyen@example.com', 'login': {'uuid': 'ebded07e-83b2-4219-84f4-d1b6567b4478', 'username': 'whitefish860', 'password': 'cromwell', 'salt': 'GoRlieKW', 'md5': 'c7b4619ef1c3efaf521d7a78c12b631d', 'sha1': 'b11df510758294d1911c527e6d259dc7c1fbe30e', 'sha256': '9856be73ac0fa9eaa9242bb8386e8786904ccb37f2ae8538b0e17c051fde7adb'}, 'dob': {'date': '1951-06-10T14:06:50.018Z', 'age': 72}, 'registered': {'date': '2016-08-19T00:39:06.999Z', 'age': 7}, 'phone': '02-34-72-34-52', 'cell': '06-62-22-46-81', 'id': {'name': 'INSEE', 'value': '1510585842652 73'}, 'picture': {'large': 'https://randomuser.me/api/portraits/men/41.jpg', 'medium': 'https://randomuser.me/api/portraits/med/men/41.jpg', 'thumbnail': 'https://randomuser.me/api/portraits/thumb/men/41.jpg'}, 'nat': 'FR'}], 'info': {'seed': '72af806664e1ab13', 'results': 1, 'page': 1, 'version': '1.4'}}</msg>
<arg>${json_data}</arg>
<doc>Logs the given message with the given level.</doc>
<status status="PASS" start="2024-05-02T03:15:17.688320" elapsed="0.000241"/>
</kw>
<kw name="Should Be Equal As Numbers" owner="BuiltIn">
<arg>${json_data['results'][0]['location']['postcode']}</arg>
<arg>${json_data['results'][0]['location']['postcode']}</arg>
<doc>Fails if objects are unequal after converting them to real numbers.</doc>
<status status="PASS" start="2024-05-02T03:15:17.689078" elapsed="0.000633"/>
</kw>
<kw name="Log" owner="BuiltIn">
<msg time="2024-05-02T03:15:17.690241" level="INFO">89945</msg>
<arg>${json_data['results'][0]['location']['postcode']}</arg>
<doc>Logs the given message with the given level.</doc>
<status status="PASS" start="2024-05-02T03:15:17.689903" elapsed="0.000379"/>
</kw>
<status status="PASS" start="2024-05-02T03:15:17.599571" elapsed="0.090968"/>
</kw>
<doc>Testa se os tipos de dados na resposta da API estão corretos.</doc>
<tag>testeTiposDados</tag>
<status status="PASS" start="2024-05-02T03:15:17.496941" elapsed="0.193770"/>
</test>
<test id="s1-s1-t5" name="Validar conteudo" line="35">
<kw name="Teste de Tipos de Conteudo" owner="random-user-service">
<kw name="GET On Session" owner="RequestsLibrary">
<msg time="2024-05-02T03:15:17.788681" level="INFO">GET Request : url=https://randomuser.me/api 
 path_url=/api 
 headers={'User-Agent': 'python-requests/2.31.0', 'Accept-Encoding': 'gzip, deflate', 'Accept': '*/*', 'Connection': 'keep-alive'} 
 body=None 
 </msg>
<msg time="2024-05-02T03:15:17.788782" level="INFO">GET Response : url=https://randomuser.me/api 
 status=200, reason=OK 
 headers={'Date': 'Thu, 02 May 2024 03:15:17 GMT', 'Content-Type': 'application/json; charset=utf-8', 'Transfer-Encoding': 'chunked', 'Connection': 'keep-alive', 'X-Powered-By': 'Express', 'Access-Control-Allow-Origin': '*', 'Cache-Control': 'no-cache', 'ETag': 'W/"48c-oJrqz3MzYxjf75sXSxMt6hBYi+Q"', 'Vary': 'Accept-Encoding', 'Content-Encoding': 'gzip', 'CF-Cache-Status': 'DYNAMIC', 'Report-To': '{"endpoints":[{"url":"https:\\/\\/a.nel.cloudflare.com\\/report\\/v4?s=tBna7Wz97YeRmNmUKZ%2BaloU%2BBBlUdKvZhibv3n0CUX7q7%2FQ6%2FTaP%2FGYVVhyG0yZn9FFB0kWVqwuNKD%2FsQfqPBBdcusNhuApbHaABWyP%2B1pGAFSqDZZCZiMl6uoZ3HE0A"}],"group":"cf-nel","max_age":604800}', 'NEL': '{"success_fraction":0,"report_to":"cf-nel","max_age":604800}', 'Server': 'cloudflare', 'CF-RAY': '87d4d8939aaf6898-SJC', 'alt-svc': 'h3=":443"; ma=86400'} 
 body={"results":[{"gender":"male","name":{"title":"Mr","first":"Nooa","last":"Koistinen"},"location":{"street":{"number":2251,"name":"Mannerheimintie"},"city":"Luhanka","state":"Åland","country":"Finland","postcode":99740,"coordinates":{"latitude":"-25.9941","longitude":"-1.8051"},"timezone":{"offset":"-1:00","description":"Azores, Cape Verde Islands"}},"email":"nooa.koistinen@example.com","login":{"uuid":"a56367ff-cdd9-4ee8-83e8-24538957b50b","username":"tinyleopard264","password":"buzzard","salt":"X1YJ63Hr","md5":"ecf908cec6ed6944baa89727d8db61c3","sha1":"8681a088cf29d9dcc5d61d46bf5d2989f589e33e","sha256":"f2c5808625b3aa12b1e5e67308025cfd9eb134efe3d71804c6f63a88d4e628dc"},"dob":{"date":"1960-08-01T20:48:13.976Z","age":63},"registered":{"date":"2009-05-05T14:42:49.037Z","age":14},"phone":"06-534-630","cell":"046-722-12-99","id":{"name":"HETU","value":"NaNNA055undefined"},"picture":{"large":"https://randomuser.me/api/portraits/men/20.jpg","medium":"https://randomuser.me/api/portraits/med/men/20.jpg","thumbnail":"https://randomuser.me/api/portraits/thumb/men/20.jpg"},"nat":"FI"}],"info":{"seed":"7a5ae035fa33c35d","results":1,"page":1,"version":"1.4"}} 
 </msg>
<msg time="2024-05-02T03:15:17.788853" level="INFO">/opt/hostedtoolcache/Python/3.12.3/x64/lib/python3.12/site-packages/urllib3/connectionpool.py:1103: InsecureRequestWarning: Unverified HTTPS request is being made to host 'randomuser.me'. Adding certificate verification is strongly advised. See: https://urllib3.readthedocs.io/en/latest/advanced-usage.html#tls-warnings
  warnings.warn(</msg>
<msg time="2024-05-02T03:15:17.788997" level="INFO">${response} = &lt;Response [200]&gt;</msg>
<var>${response}</var>
<arg>consultarAPI</arg>
<arg>/api</arg>
<doc>Sends a GET request on a previously created HTTP Session.</doc>
<status status="PASS" start="2024-05-02T03:15:17.693334" elapsed="0.095706"/>
</kw>
<kw name="Set Variable" owner="BuiltIn">
<msg time="2024-05-02T03:15:17.790248" level="INFO">${json_data} = {'results': [{'gender': 'male', 'name': {'title': 'Mr', 'first': 'Nooa', 'last': 'Koistinen'}, 'location': {'street': {'number': 2251, 'name': 'Mannerheimintie'}, 'city': 'Luhanka', 'state': 'Åland', ...</msg>
<var>${json_data}</var>
<arg>${response.json()}</arg>
<doc>Returns the given values which can then be assigned to a variables.</doc>
<status status="PASS" start="2024-05-02T03:15:17.789679" elapsed="0.000599"/>
</kw>
<kw name="Set Variable" owner="BuiltIn">
<msg time="2024-05-02T03:15:17.790991" level="INFO">${name_title} = Mr</msg>
<var>${name_title}</var>
<arg>${json_data["results"][0]["name"]["title"]}</arg>
<doc>Returns the given values which can then be assigned to a variables.</doc>
<status status="PASS" start="2024-05-02T03:15:17.790594" elapsed="0.000423"/>
</kw>
<kw name="Create List" owner="BuiltIn">
<msg time="2024-05-02T03:15:17.791468" level="INFO">${allowed_titles} = ['Mr', 'Ms', 'Miss', 'Mrs', 'Madame', 'Monsieur']</msg>
<var>${allowed_titles}</var>
<arg>Mr</arg>
<arg>Ms</arg>
<arg>Miss</arg>
<arg>Mrs</arg>
<arg>Madame</arg>
<arg>Monsieur</arg>
<doc>Returns a list containing given items.</doc>
<status status="PASS" start="2024-05-02T03:15:17.791319" elapsed="0.000174"/>
</kw>
<kw name="List Should Contain Value" owner="Collections">
<msg time="2024-05-02T03:15:17.791969" level="INFO">False</msg>
<arg>${allowed_titles}</arg>
<arg>${name_title}</arg>
<doc>Fails if the ``value`` is not found from ``list``.</doc>
<status status="PASS" start="2024-05-02T03:15:17.791791" elapsed="0.000217"/>
</kw>
<kw name="Set Variable" owner="BuiltIn">
<msg time="2024-05-02T03:15:17.792686" level="INFO">${name_country} = FI</msg>
<var>${name_country}</var>
<arg>${json_data["results"][0]["nat"]}</arg>
<doc>Returns the given values which can then be assigned to a variables.</doc>
<status status="PASS" start="2024-05-02T03:15:17.792300" elapsed="0.000411"/>
</kw>
<kw name="Create List" owner="BuiltIn">
<msg time="2024-05-02T03:15:17.793650" level="INFO">${list_country} = ['AD', 'AE', 'AF', 'AG', 'AI', 'AL', 'AM', 'AO', 'AQ', 'AR', 'AS', 'AT', 'AU', 'AW', 'AX', 'AZ', 'BA', 'BB', 'BD', 'BE', 'BF', 'BG', 'BH', 'BI', 'BJ', 'BL', 'BM', 'BN', 'BO', 'BQ', 'BR', 'BS', 'BT', '...</msg>
<var>${list_country}</var>
<arg>AD</arg>
<arg>AE</arg>
<arg>AF</arg>
<arg>AG</arg>
<arg>AI</arg>
<arg>AL</arg>
<arg>AM</arg>
<arg>AO</arg>
<arg>AQ</arg>
<arg>AR</arg>
<arg>AS</arg>
<arg>AT</arg>
<arg>AU</arg>
<arg>AW</arg>
<arg>AX</arg>
<arg>AZ</arg>
<arg>BA</arg>
<arg>BB</arg>
<arg>BD</arg>
<arg>BE</arg>
<arg>BF</arg>
<arg>BG</arg>
<arg>BH</arg>
<arg>BI</arg>
<arg>BJ</arg>
<arg>BL</arg>
<arg>BM</arg>
<arg>BN</arg>
<arg>BO</arg>
<arg>BQ</arg>
<arg>BR</arg>
<arg>BS</arg>
<arg>BT</arg>
<arg>BV</arg>
<arg>BW</arg>
<arg>BY</arg>
<arg>BZ</arg>
<arg>CA</arg>
<arg>CC</arg>
<arg>CD</arg>
<arg>CF</arg>
<arg>CG</arg>
<arg>CH</arg>
<arg>CI</arg>
<arg>CK</arg>
<arg>CL</arg>
<arg>CM</arg>
<arg>CN</arg>
<arg>CO</arg>
<arg>CR</arg>
<arg>CU</arg>
<arg>CV</arg>
<arg>CW</arg>
<arg>CX</arg>
<arg>CY</arg>
<arg>CZ</arg>
<arg>DE</arg>
<arg>DJ</arg>
<arg>DK</arg>
<arg>DM</arg>
<arg>DO</arg>
<arg>DZ</arg>
<arg>EC</arg>
<arg>EE</arg>
<arg>EG</arg>
<arg>EH</arg>
<arg>ER</arg>
<arg>ES</arg>
<arg>ET</arg>
<arg>FI</arg>
<arg>FJ</arg>
<arg>FK</arg>
<arg>FM</arg>
<arg>FO</arg>
<arg>FR</arg>
<arg>GA</arg>
<arg>GB</arg>
<arg>GD</arg>
<arg>GE</arg>
<arg>GF</arg>
<arg>GG</arg>
<arg>GH</arg>
<arg>GI</arg>
<arg>GL</arg>
<arg>GM</arg>
<arg>GN</arg>
<arg>GP</arg>
<arg>GQ</arg>
<arg>GR</arg>
<arg>GS</arg>
<arg>GT</arg>
<arg>GU</arg>
<arg>GW</arg>
<arg>GY</arg>
<arg>HK</arg>
<arg>HM</arg>
<arg>HN</arg>
<arg>HR</arg>
<arg>HT</arg>
<arg>HU</arg>
<arg>ID</arg>
<arg>IE</arg>
<arg>IL</arg>
<arg>IM</arg>
<arg>IN</arg>
<arg>IO</arg>
<arg>IQ</arg>
<arg>IR</arg>
<arg>IS</arg>
<arg>IT</arg>
<arg>JE</arg>
<arg>JM</arg>
<arg>JO</arg>
<arg>JP</arg>
<arg>KE</arg>
<arg>KG</arg>
<arg>KH</arg>
<arg>KI</arg>
<arg>KM</arg>
<arg>KN</arg>
<arg>KP</arg>
<arg>KR</arg>
<arg>KW</arg>
<arg>KY</arg>
<arg>KZ</arg>
<arg>LA</arg>
<arg>LB</arg>
<arg>LC</arg>
<arg>LI</arg>
<arg>LK</arg>
<arg>LR</arg>
<arg>LS</arg>
<arg>LT</arg>
<arg>LU</arg>
<arg>LV</arg>
<arg>LY</arg>
<arg>MA</arg>
<arg>MC</arg>
<arg>MD</arg>
<arg>ME</arg>
<arg>MF</arg>
<arg>MG</arg>
<arg>MH</arg>
<arg>MK</arg>
<arg>ML</arg>
<arg>MM</arg>
<arg>MN</arg>
<arg>MO</arg>
<arg>MP</arg>
<arg>MQ</arg>
<arg>MR</arg>
<arg>MS</arg>
<arg>MT</arg>
<arg>MU</arg>
<arg>MV</arg>
<arg>MW</arg>
<arg>MX</arg>
<arg>MY</arg>
<arg>MZ</arg>
<arg>NA</arg>
<arg>NC</arg>
<arg>NE</arg>
<arg>NF</arg>
<arg>NG</arg>
<arg>NI</arg>
<arg>NL</arg>
<arg>NO</arg>
<arg>NP</arg>
<arg>NR</arg>
<arg>NU</arg>
<arg>NZ</arg>
<arg>OM</arg>
<arg>PA</arg>
<arg>PE</arg>
<arg>PF</arg>
<arg>PG</arg>
<arg>PH</arg>
<arg>PK</arg>
<arg>PL</arg>
<arg>PM</arg>
<arg>PN</arg>
<arg>PR</arg>
<arg>PS</arg>
<arg>PT</arg>
<arg>PW</arg>
<arg>PY</arg>
<arg>QA</arg>
<arg>RE</arg>
<arg>RO</arg>
<arg>RS</arg>
<arg>RU</arg>
<arg>RW</arg>
<arg>SA</arg>
<arg>SB</arg>
<arg>SC</arg>
<arg>SD</arg>
<arg>SE</arg>
<arg>SG</arg>
<arg>SH</arg>
<arg>SI</arg>
<arg>SJ</arg>
<arg>SK</arg>
<arg>SL</arg>
<arg>SM</arg>
<arg>SN</arg>
<arg>SO</arg>
<arg>SR</arg>
<arg>SS</arg>
<arg>ST</arg>
<arg>SV</arg>
<arg>SX</arg>
<arg>SY</arg>
<arg>SZ</arg>
<arg>TC</arg>
<arg>TD</arg>
<arg>TF</arg>
<arg>TG</arg>
<arg>TH</arg>
<arg>TJ</arg>
<arg>TK</arg>
<arg>TL</arg>
<arg>TM</arg>
<arg>TN</arg>
<arg>TO</arg>
<arg>TR</arg>
<arg>TT</arg>
<arg>TV</arg>
<arg>TW</arg>
<arg>TZ</arg>
<arg>UA</arg>
<arg>UG</arg>
<arg>UM</arg>
<arg>US</arg>
<arg>UY</arg>
<arg>UZ</arg>
<arg>VA</arg>
<arg>VC</arg>
<arg>VE</arg>
<arg>VG</arg>
<arg>VI</arg>
<arg>VN</arg>
<arg>VU</arg>
<arg>WF</arg>
<arg>WS</arg>
<arg>XK</arg>
<arg>YE</arg>
<arg>YT</arg>
<arg>ZA</arg>
<arg>ZM</arg>
<arg>ZW</arg>
<doc>Returns a list containing given items.</doc>
<status status="PASS" start="2024-05-02T03:15:17.793047" elapsed="0.000629"/>
</kw>
<kw name="List Should Contain Value" owner="Collections">
<msg time="2024-05-02T03:15:17.794672" level="INFO">False</msg>
<arg>${list_country}</arg>
<arg>${name_country}</arg>
<doc>Fails if the ``value`` is not found from ``list``.</doc>
<status status="PASS" start="2024-05-02T03:15:17.794471" elapsed="0.000238"/>
</kw>
<kw name="Run Keyword If" owner="BuiltIn">
<kw name="Should Be True" owner="BuiltIn">
<arg>${True}</arg>
<doc>Fails if the given condition is not true.</doc>
<status status="PASS" start="2024-05-02T03:15:17.795782" elapsed="0.000269"/>
</kw>
<arg>${json_data["results"][0]["location"]["coordinates"]["latitude"]} &gt;= -90 and ${json_data["results"][0]["location"]["coordinates"]["latitude"]} &lt;= 90</arg>
<arg>Should Be True</arg>
<arg>${True}</arg>
<doc>Runs the given keyword with the given arguments, if ``condition`` is true.</doc>
<status status="PASS" start="2024-05-02T03:15:17.795018" elapsed="0.001167"/>
</kw>
<kw name="Run Keyword If" owner="BuiltIn">
<kw name="Should Be True" owner="BuiltIn">
<arg>${True}</arg>
<doc>Fails if the given condition is not true.</doc>
<status status="PASS" start="2024-05-02T03:15:17.797106" elapsed="0.000142"/>
</kw>
<arg>${json_data["results"][0]["location"]["coordinates"]["longitude"]} &gt;= -180 and ${json_data["results"][0]["location"]["coordinates"]["longitude"]} &lt;= 180</arg>
<arg>Should Be True</arg>
<arg>${True}</arg>
<doc>Runs the given keyword with the given arguments, if ``condition`` is true.</doc>
<status status="PASS" start="2024-05-02T03:15:17.796373" elapsed="0.001000"/>
</kw>
<status status="PASS" start="2024-05-02T03:15:17.693087" elapsed="0.104421"/>
</kw>
<doc>Testa o conteúdo específico dos campos retornados pela API.</doc>
<tag>testeConteudo</tag>
<status status="PASS" start="2024-05-02T03:15:17.692495" elapsed="0.105168"/>
</test>
<status status="PASS" start="2024-05-02T03:15:16.927591" elapsed="0.872083"/>
</suite>
<status status="PASS" start="2024-05-02T03:15:16.913544" elapsed="0.891396"/>
</suite>
<statistics>
<total>
<stat pass="5" fail="0" skip="0">All Tests</stat>
</total>
<tag>
<stat pass="1" fail="0" skip="0">testeConteudo</stat>
<stat pass="1" fail="0" skip="0">testeEstruturaResposta</stat>
<stat pass="1" fail="0" skip="0">testeRequisicaoBasica</stat>
<stat pass="1" fail="0" skip="0">testeTiposDados</stat>
</tag>
<suite>
<stat pass="5" fail="0" skip="0" id="s1" name="Tests">Tests</stat>
<stat pass="5" fail="0" skip="0" id="s1-s1" name="Random-User-Test">Tests.Random-User-Test</stat>
</suite>
</statistics>
<errors>
</errors>
</robot>
