<?xml version="1.0" encoding="UTF-8"?>
<robot generator="Robot 7.0 (Python 3.12.3 on linux)" generated="2024-06-08T10:15:19.207609" rpa="false" schemaversion="5">
<suite id="s1" name="Tests" source="/home/runner/work/ApiRandomUser/ApiRandomUser/RamdonUser/tests">
<suite id="s1-s1" name="Random-User-Test" source="/home/runner/work/ApiRandomUser/ApiRandomUser/RamdonUser/tests/random-user-test.robot">
<test id="s1-s1-t1" name="Conectar" line="13">
<kw name="Conectar API" owner="random-user-service">
<kw name="Create Session" owner="RequestsLibrary">
<msg time="2024-06-08T10:15:19.593097" level="INFO">Creating Session using : alias=consultarAPI, url=https://randomuser.me/, headers={},                     cookies={}, auth=None, timeout=None, proxies=None, verify=False,                     debug=0 </msg>
<arg>consultarAPI</arg>
<arg>${URL}</arg>
<doc>Create Session: create a HTTP session to a server</doc>
<status status="PASS" start="2024-06-08T10:15:19.592891" elapsed="0.000384"/>
</kw>
<status status="PASS" start="2024-06-08T10:15:19.591907" elapsed="0.001731"/>
</kw>
<status status="PASS" start="2024-06-08T10:15:19.591367" elapsed="0.002499"/>
</test>
<test id="s1-s1-t2" name="Validar retorno 200 e JSON Válido" line="16">
<kw name="Teste de Requisicao Basica" owner="random-user-service">
<kw name="GET On Session" owner="RequestsLibrary">
<msg time="2024-06-08T10:15:19.654547" level="INFO">GET Request : url=https://randomuser.me/api 
 path_url=/api 
 headers={'User-Agent': 'python-requests/2.32.3', 'Accept-Encoding': 'gzip, deflate', 'Accept': '*/*', 'Connection': 'keep-alive'} 
 body=None 
 </msg>
<msg time="2024-06-08T10:15:19.654701" level="INFO">GET Response : url=https://randomuser.me/api 
 status=200, reason=OK 
 headers={'Date': 'Sat, 08 Jun 2024 10:15:19 GMT', 'Content-Type': 'application/json; charset=utf-8', 'Transfer-Encoding': 'chunked', 'Connection': 'keep-alive', 'X-Powered-By': 'Express', 'Access-Control-Allow-Origin': '*', 'Cache-Control': 'no-cache', 'ETag': 'W/"4af-5xv2y/dU6vQRXKfkXgTY61xztxg"', 'Vary': 'Accept-Encoding', 'Content-Encoding': 'gzip', 'CF-Cache-Status': 'DYNAMIC', 'Report-To': '{"endpoints":[{"url":"https:\\/\\/a.nel.cloudflare.com\\/report\\/v4?s=HhiaaB3M4aKWos9sJBlfKtOKBVZxxdw%2F519j643X8cW446mTUwsqXE1j%2FLpr8tCqAfLO4wsVqXqNBqqXZE8r50v304Z6UYqhaZc5XgrFKmUjNIQJl2O%2FpAzg5ofs7XlU"}],"group":"cf-nel","max_age":604800}', 'NEL': '{"success_fraction":0,"report_to":"cf-nel","max_age":604800}', 'Server': 'cloudflare', 'CF-RAY': '89081ebb9aa959c2-IAD', 'alt-svc': 'h3=":443"; ma=86400'} 
 body={"results":[{"gender":"female","name":{"title":"Miss","first":"Lorena","last":"Fernández"},"location":{"street":{"number":821,"name":"Corredor Carreón"},"city":"Boca del Río","state":"Zacatecas","country":"Mexico","postcode":25025,"coordinates":{"latitude":"22.3331","longitude":"1.8733"},"timezone":{"offset":"+3:00","description":"Baghdad, Riyadh, Moscow, St. Petersburg"}},"email":"lorena.fernandez@example.com","login":{"uuid":"9528181f-2e24-47ff-95c9-7f53199be0b7","username":"purpleladybug965","password":"roscoe","salt":"3jrD99gu","md5":"5e0f6b1b2b579ddec4fe3a07a676024f","sha1":"129d125a31e43d220ff9605936b259c17527c66b","sha256":"b700e8d84ddb53e91d898c51f42cf164ec8965326b6d9ce42f5b066253134f77"},"dob":{"date":"1965-01-02T08:40:56.678Z","age":59},"registered":{"date":"2006-04-27T19:27:04.320Z","age":18},"phone":"(665) 790 7402","cell":"(646) 136 7217","id":{"name":"NSS","value":"28 09 30 2958 0"},"picture":{"large":"https://randomuser.me/api/portraits/women/7.jpg","medium":"https://randomuser.me/api/portraits/med/women/7.jpg","thumbnail":"https://randomuser.me/api/portraits/thumb/women/7.jpg"},"nat":"MX"}],"info":{"seed":"d6ea22a01c4fca78","results":1,"page":1,"version":"1.4"}} 
 </msg>
<msg time="2024-06-08T10:15:19.654794" level="INFO">/opt/hostedtoolcache/Python/3.12.3/x64/lib/python3.12/site-packages/urllib3/connectionpool.py:1103: InsecureRequestWarning: Unverified HTTPS request is being made to host 'randomuser.me'. Adding certificate verification is strongly advised. See: https://urllib3.readthedocs.io/en/latest/advanced-usage.html#tls-warnings
  warnings.warn(</msg>
<msg time="2024-06-08T10:15:19.654929" level="INFO">${response} = &lt;Response [200]&gt;</msg>
<var>${response}</var>
<arg>consultarAPI</arg>
<arg>/api</arg>
<doc>Sends a GET request on a previously created HTTP Session.</doc>
<status status="PASS" start="2024-06-08T10:15:19.596430" elapsed="0.058538"/>
</kw>
<kw name="Should Be Equal As Numbers" owner="BuiltIn">
<msg time="2024-06-08T10:15:19.655879" level="INFO">Argument types are:
&lt;class 'int'&gt;
&lt;class 'str'&gt;</msg>
<arg>${response.status_code}</arg>
<arg>200</arg>
<doc>Fails if objects are unequal after converting them to real numbers.</doc>
<status status="PASS" start="2024-06-08T10:15:19.655422" elapsed="0.000525"/>
</kw>
<kw name="Log" owner="BuiltIn">
<msg time="2024-06-08T10:15:19.656646" level="INFO">200</msg>
<arg>${response.status_code}</arg>
<doc>Logs the given message with the given level.</doc>
<status status="PASS" start="2024-06-08T10:15:19.656290" elapsed="0.000408"/>
</kw>
<kw name="Set Variable" owner="BuiltIn">
<msg time="2024-06-08T10:15:19.657461" level="INFO">${json_data} = {'results': [{'gender': 'female', 'name': {'title': 'Miss', 'first': 'Lorena', 'last': 'Fernández'}, 'location': {'street': {'number': 821, 'name': 'Corredor Carreón'}, 'city': 'Boca del Río', 'state'...</msg>
<var>${json_data}</var>
<arg>${response.json()}</arg>
<doc>Returns the given values which can then be assigned to a variables.</doc>
<status status="PASS" start="2024-06-08T10:15:19.657014" elapsed="0.000478"/>
</kw>
<kw name="Dictionary Should Contain Key" owner="Collections">
<msg time="2024-06-08T10:15:19.658019" level="INFO">False</msg>
<arg>${json_data}</arg>
<arg>results</arg>
<doc>Fails if ``key`` is not found from ``dictionary``.</doc>
<status status="PASS" start="2024-06-08T10:15:19.657842" elapsed="0.000218"/>
</kw>
<status status="PASS" start="2024-06-08T10:15:19.596180" elapsed="0.062146"/>
</kw>
<doc>Testa se a API responde corretamente e retorna um objeto JSON válido.</doc>
<tag>testeRequisicaoBasica</tag>
<status status="PASS" start="2024-06-08T10:15:19.595726" elapsed="0.062786"/>
</test>
<test id="s1-s1-t3" name="Validar estrutura de resposta" line="22">
<kw name="Teste de Estrutura de Resposta" owner="random-user-service">
<kw name="GET On Session" owner="RequestsLibrary">
<msg time="2024-06-08T10:15:19.749057" level="INFO">GET Request : url=https://randomuser.me/api 
 path_url=/api 
 headers={'User-Agent': 'python-requests/2.32.3', 'Accept-Encoding': 'gzip, deflate', 'Accept': '*/*', 'Connection': 'keep-alive'} 
 body=None 
 </msg>
<msg time="2024-06-08T10:15:19.749160" level="INFO">GET Response : url=https://randomuser.me/api 
 status=200, reason=OK 
 headers={'Date': 'Sat, 08 Jun 2024 10:15:19 GMT', 'Content-Type': 'application/json; charset=utf-8', 'Transfer-Encoding': 'chunked', 'Connection': 'keep-alive', 'X-Powered-By': 'Express', 'Access-Control-Allow-Origin': '*', 'Cache-Control': 'no-cache', 'ETag': 'W/"49c-TgFQ/5sGz/DGyVPboasu7YNKegg"', 'Vary': 'Accept-Encoding', 'Content-Encoding': 'gzip', 'CF-Cache-Status': 'DYNAMIC', 'Report-To': '{"endpoints":[{"url":"https:\\/\\/a.nel.cloudflare.com\\/report\\/v4?s=uD9emeMzc4XPZqtRj7m8WLX5zZttIOUETuLe58wUkSlnGXmDQSzjY%2BLYGMblNInyOtnOXRYKtiNByhbB%2FR0ECPvdLEPoOD5clQcK520%2FKNrUtr55msWE3jkx7tYZxz%2Fc"}],"group":"cf-nel","max_age":604800}', 'NEL': '{"success_fraction":0,"report_to":"cf-nel","max_age":604800}', 'Server': 'cloudflare', 'CF-RAY': '89081ebbeace59c2-IAD', 'alt-svc': 'h3=":443"; ma=86400'} 
 body={"results":[{"gender":"male","name":{"title":"Monsieur","first":"Rayan","last":"Menard"},"location":{"street":{"number":5441,"name":"Avenue Debrousse"},"city":"Cheyres-Châbles","state":"Zürich","country":"Switzerland","postcode":2502,"coordinates":{"latitude":"-63.8991","longitude":"-133.8195"},"timezone":{"offset":"+6:00","description":"Almaty, Dhaka, Colombo"}},"email":"rayan.menard@example.com","login":{"uuid":"cac802f6-4297-4e5a-9c21-79ac2b4a1545","username":"blackbutterfly503","password":"rodman","salt":"riJD3tOt","md5":"8ee240f65764de1dd2b23d24eb02a4d7","sha1":"d5c53cd476e5f23eec246b7d11a28e6b7d1d5a63","sha256":"adaa976e893f48f6f4443298738f8fc36f9069ee642cbdba7af5f979fbdc7a4c"},"dob":{"date":"1977-04-20T11:46:57.714Z","age":47},"registered":{"date":"2015-01-06T03:12:52.530Z","age":9},"phone":"078 261 32 35","cell":"075 222 02 70","id":{"name":"AVS","value":"756.0635.8517.72"},"picture":{"large":"https://randomuser.me/api/portraits/men/80.jpg","medium":"https://randomuser.me/api/portraits/med/men/80.jpg","thumbnail":"https://randomuser.me/api/portraits/thumb/men/80.jpg"},"nat":"CH"}],"info":{"seed":"03f0ee50d9b8a469","results":1,"page":1,"version":"1.4"}} 
 </msg>
<msg time="2024-06-08T10:15:19.749295" level="INFO">/opt/hostedtoolcache/Python/3.12.3/x64/lib/python3.12/site-packages/urllib3/connectionpool.py:1103: InsecureRequestWarning: Unverified HTTPS request is being made to host 'randomuser.me'. Adding certificate verification is strongly advised. See: https://urllib3.readthedocs.io/en/latest/advanced-usage.html#tls-warnings
  warnings.warn(</msg>
<msg time="2024-06-08T10:15:19.749420" level="INFO">${response} = &lt;Response [200]&gt;</msg>
<var>${response}</var>
<arg>consultarAPI</arg>
<arg>/api</arg>
<doc>Sends a GET request on a previously created HTTP Session.</doc>
<status status="PASS" start="2024-06-08T10:15:19.661108" elapsed="0.088353"/>
</kw>
<kw name="Set Variable" owner="BuiltIn">
<msg time="2024-06-08T10:15:19.750568" level="INFO">${json_data} = {'results': [{'gender': 'male', 'name': {'title': 'Monsieur', 'first': 'Rayan', 'last': 'Menard'}, 'location': {'street': {'number': 5441, 'name': 'Avenue Debrousse'}, 'city': 'Cheyres-Châbles', 'stat...</msg>
<var>${json_data}</var>
<arg>${response.json()}</arg>
<doc>Returns the given values which can then be assigned to a variables.</doc>
<status status="PASS" start="2024-06-08T10:15:19.750024" elapsed="0.000575"/>
</kw>
<kw name="Log" owner="BuiltIn">
<msg time="2024-06-08T10:15:19.751092" level="INFO">{'results': [{'gender': 'male', 'name': {'title': 'Monsieur', 'first': 'Rayan', 'last': 'Menard'}, 'location': {'street': {'number': 5441, 'name': 'Avenue Debrousse'}, 'city': 'Cheyres-Châbles', 'state': 'Zürich', 'country': 'Switzerland', 'postcode': 2502, 'coordinates': {'latitude': '-63.8991', 'longitude': '-133.8195'}, 'timezone': {'offset': '+6:00', 'description': 'Almaty, Dhaka, Colombo'}}, 'email': 'rayan.menard@example.com', 'login': {'uuid': 'cac802f6-4297-4e5a-9c21-79ac2b4a1545', 'username': 'blackbutterfly503', 'password': 'rodman', 'salt': 'riJD3tOt', 'md5': '8ee240f65764de1dd2b23d24eb02a4d7', 'sha1': 'd5c53cd476e5f23eec246b7d11a28e6b7d1d5a63', 'sha256': 'adaa976e893f48f6f4443298738f8fc36f9069ee642cbdba7af5f979fbdc7a4c'}, 'dob': {'date': '1977-04-20T11:46:57.714Z', 'age': 47}, 'registered': {'date': '2015-01-06T03:12:52.530Z', 'age': 9}, 'phone': '078 261 32 35', 'cell': '075 222 02 70', 'id': {'name': 'AVS', 'value': '756.0635.8517.72'}, 'picture': {'large': 'https://randomuser.me/api/portraits/men/80.jpg', 'medium': 'https://randomuser.me/api/portraits/med/men/80.jpg', 'thumbnail': 'https://randomuser.me/api/portraits/thumb/men/80.jpg'}, 'nat': 'CH'}], 'info': {'seed': '03f0ee50d9b8a469', 'results': 1, 'page': 1, 'version': '1.4'}}</msg>
<arg>${json_data}</arg>
<doc>Logs the given message with the given level.</doc>
<status status="PASS" start="2024-06-08T10:15:19.750924" elapsed="0.000236"/>
</kw>
<kw name="Dictionary Should Contain Key" owner="Collections">
<msg time="2024-06-08T10:15:19.751634" level="INFO">False</msg>
<arg>${json_data}</arg>
<arg>results</arg>
<doc>Fails if ``key`` is not found from ``dictionary``.</doc>
<status status="PASS" start="2024-06-08T10:15:19.751472" elapsed="0.000201"/>
</kw>
<kw name="Should Not Be Empty" owner="BuiltIn">
<msg time="2024-06-08T10:15:19.752111" level="INFO">Length is 2.</msg>
<arg>${json_data}</arg>
<doc>Verifies that the given item is not empty.</doc>
<status status="PASS" start="2024-06-08T10:15:19.751971" elapsed="0.000181"/>
</kw>
<kw name="Create List" owner="BuiltIn">
<msg time="2024-06-08T10:15:19.752765" level="INFO">${expected_keys} = ['gender', 'name', 'location', 'email', 'login']</msg>
<var>${expected_keys}</var>
<arg>gender</arg>
<arg>name</arg>
<arg>location</arg>
<arg>email</arg>
<arg>login</arg>
<doc>Returns a list containing given items.</doc>
<status status="PASS" start="2024-06-08T10:15:19.752446" elapsed="0.000345"/>
</kw>
<for flavor="IN">
<iter>
<kw name="Dictionary Should Contain Key" owner="Collections">
<msg time="2024-06-08T10:15:19.753855" level="INFO">False</msg>
<arg>${json_data['results'][0]}</arg>
<arg>${key}</arg>
<doc>Fails if ``key`` is not found from ``dictionary``.</doc>
<status status="PASS" start="2024-06-08T10:15:19.753411" elapsed="0.000484"/>
</kw>
<kw name="Log" owner="BuiltIn">
<msg time="2024-06-08T10:15:19.754601" level="INFO">{'gender': 'male', 'name': {'title': 'Monsieur', 'first': 'Rayan', 'last': 'Menard'}, 'location': {'street': {'number': 5441, 'name': 'Avenue Debrousse'}, 'city': 'Cheyres-Châbles', 'state': 'Zürich', 'country': 'Switzerland', 'postcode': 2502, 'coordinates': {'latitude': '-63.8991', 'longitude': '-133.8195'}, 'timezone': {'offset': '+6:00', 'description': 'Almaty, Dhaka, Colombo'}}, 'email': 'rayan.menard@example.com', 'login': {'uuid': 'cac802f6-4297-4e5a-9c21-79ac2b4a1545', 'username': 'blackbutterfly503', 'password': 'rodman', 'salt': 'riJD3tOt', 'md5': '8ee240f65764de1dd2b23d24eb02a4d7', 'sha1': 'd5c53cd476e5f23eec246b7d11a28e6b7d1d5a63', 'sha256': 'adaa976e893f48f6f4443298738f8fc36f9069ee642cbdba7af5f979fbdc7a4c'}, 'dob': {'date': '1977-04-20T11:46:57.714Z', 'age': 47}, 'registered': {'date': '2015-01-06T03:12:52.530Z', 'age': 9}, 'phone': '078 261 32 35', 'cell': '075 222 02 70', 'id': {'name': 'AVS', 'value': '756.0635.8517.72'}, 'picture': {'large': 'https://randomuser.me/api/portraits/men/80.jpg', 'medium': 'https://randomuser.me/api/portraits/med/men/80.jpg', 'thumbnail': 'https://randomuser.me/api/portraits/thumb/men/80.jpg'}, 'nat': 'CH'}</msg>
<arg>${json_data['results'][0]}</arg>
<doc>Logs the given message with the given level.</doc>
<status status="PASS" start="2024-06-08T10:15:19.754217" elapsed="0.000436"/>
</kw>
<kw name="Log" owner="BuiltIn">
<msg time="2024-06-08T10:15:19.755093" level="INFO">gender</msg>
<arg>${key}</arg>
<doc>Logs the given message with the given level.</doc>
<status status="PASS" start="2024-06-08T10:15:19.754960" elapsed="0.000171"/>
</kw>
<var name="${key}">gender</var>
<status status="PASS" start="2024-06-08T10:15:19.753280" elapsed="0.002071"/>
</iter>
<iter>
<kw name="Dictionary Should Contain Key" owner="Collections">
<msg time="2024-06-08T10:15:19.756057" level="INFO">False</msg>
<arg>${json_data['results'][0]}</arg>
<arg>${key}</arg>
<doc>Fails if ``key`` is not found from ``dictionary``.</doc>
<status status="PASS" start="2024-06-08T10:15:19.755661" elapsed="0.000434"/>
</kw>
<kw name="Log" owner="BuiltIn">
<msg time="2024-06-08T10:15:19.756788" level="INFO">{'gender': 'male', 'name': {'title': 'Monsieur', 'first': 'Rayan', 'last': 'Menard'}, 'location': {'street': {'number': 5441, 'name': 'Avenue Debrousse'}, 'city': 'Cheyres-Châbles', 'state': 'Zürich', 'country': 'Switzerland', 'postcode': 2502, 'coordinates': {'latitude': '-63.8991', 'longitude': '-133.8195'}, 'timezone': {'offset': '+6:00', 'description': 'Almaty, Dhaka, Colombo'}}, 'email': 'rayan.menard@example.com', 'login': {'uuid': 'cac802f6-4297-4e5a-9c21-79ac2b4a1545', 'username': 'blackbutterfly503', 'password': 'rodman', 'salt': 'riJD3tOt', 'md5': '8ee240f65764de1dd2b23d24eb02a4d7', 'sha1': 'd5c53cd476e5f23eec246b7d11a28e6b7d1d5a63', 'sha256': 'adaa976e893f48f6f4443298738f8fc36f9069ee642cbdba7af5f979fbdc7a4c'}, 'dob': {'date': '1977-04-20T11:46:57.714Z', 'age': 47}, 'registered': {'date': '2015-01-06T03:12:52.530Z', 'age': 9}, 'phone': '078 261 32 35', 'cell': '075 222 02 70', 'id': {'name': 'AVS', 'value': '756.0635.8517.72'}, 'picture': {'large': 'https://randomuser.me/api/portraits/men/80.jpg', 'medium': 'https://randomuser.me/api/portraits/med/men/80.jpg', 'thumbnail': 'https://randomuser.me/api/portraits/thumb/men/80.jpg'}, 'nat': 'CH'}</msg>
<arg>${json_data['results'][0]}</arg>
<doc>Logs the given message with the given level.</doc>
<status status="PASS" start="2024-06-08T10:15:19.756424" elapsed="0.000425"/>
</kw>
<kw name="Log" owner="BuiltIn">
<msg time="2024-06-08T10:15:19.757281" level="INFO">name</msg>
<arg>${key}</arg>
<doc>Logs the given message with the given level.</doc>
<status status="PASS" start="2024-06-08T10:15:19.757152" elapsed="0.000166"/>
</kw>
<var name="${key}">name</var>
<status status="PASS" start="2024-06-08T10:15:19.755544" elapsed="0.001993"/>
</iter>
<iter>
<kw name="Dictionary Should Contain Key" owner="Collections">
<msg time="2024-06-08T10:15:19.758263" level="INFO">False</msg>
<arg>${json_data['results'][0]}</arg>
<arg>${key}</arg>
<doc>Fails if ``key`` is not found from ``dictionary``.</doc>
<status status="PASS" start="2024-06-08T10:15:19.757869" elapsed="0.000434"/>
</kw>
<kw name="Log" owner="BuiltIn">
<msg time="2024-06-08T10:15:19.758969" level="INFO">{'gender': 'male', 'name': {'title': 'Monsieur', 'first': 'Rayan', 'last': 'Menard'}, 'location': {'street': {'number': 5441, 'name': 'Avenue Debrousse'}, 'city': 'Cheyres-Châbles', 'state': 'Zürich', 'country': 'Switzerland', 'postcode': 2502, 'coordinates': {'latitude': '-63.8991', 'longitude': '-133.8195'}, 'timezone': {'offset': '+6:00', 'description': 'Almaty, Dhaka, Colombo'}}, 'email': 'rayan.menard@example.com', 'login': {'uuid': 'cac802f6-4297-4e5a-9c21-79ac2b4a1545', 'username': 'blackbutterfly503', 'password': 'rodman', 'salt': 'riJD3tOt', 'md5': '8ee240f65764de1dd2b23d24eb02a4d7', 'sha1': 'd5c53cd476e5f23eec246b7d11a28e6b7d1d5a63', 'sha256': 'adaa976e893f48f6f4443298738f8fc36f9069ee642cbdba7af5f979fbdc7a4c'}, 'dob': {'date': '1977-04-20T11:46:57.714Z', 'age': 47}, 'registered': {'date': '2015-01-06T03:12:52.530Z', 'age': 9}, 'phone': '078 261 32 35', 'cell': '075 222 02 70', 'id': {'name': 'AVS', 'value': '756.0635.8517.72'}, 'picture': {'large': 'https://randomuser.me/api/portraits/men/80.jpg', 'medium': 'https://randomuser.me/api/portraits/med/men/80.jpg', 'thumbnail': 'https://randomuser.me/api/portraits/thumb/men/80.jpg'}, 'nat': 'CH'}</msg>
<arg>${json_data['results'][0]}</arg>
<doc>Logs the given message with the given level.</doc>
<status status="PASS" start="2024-06-08T10:15:19.758605" elapsed="0.000425"/>
</kw>
<kw name="Log" owner="BuiltIn">
<msg time="2024-06-08T10:15:19.759469" level="INFO">location</msg>
<arg>${key}</arg>
<doc>Logs the given message with the given level.</doc>
<status status="PASS" start="2024-06-08T10:15:19.759339" elapsed="0.000168"/>
</kw>
<var name="${key}">location</var>
<status status="PASS" start="2024-06-08T10:15:19.757718" elapsed="0.002009"/>
</iter>
<iter>
<kw name="Dictionary Should Contain Key" owner="Collections">
<msg time="2024-06-08T10:15:19.760407" level="INFO">False</msg>
<arg>${json_data['results'][0]}</arg>
<arg>${key}</arg>
<doc>Fails if ``key`` is not found from ``dictionary``.</doc>
<status status="PASS" start="2024-06-08T10:15:19.760021" elapsed="0.000425"/>
</kw>
<kw name="Log" owner="BuiltIn">
<msg time="2024-06-08T10:15:19.761116" level="INFO">{'gender': 'male', 'name': {'title': 'Monsieur', 'first': 'Rayan', 'last': 'Menard'}, 'location': {'street': {'number': 5441, 'name': 'Avenue Debrousse'}, 'city': 'Cheyres-Châbles', 'state': 'Zürich', 'country': 'Switzerland', 'postcode': 2502, 'coordinates': {'latitude': '-63.8991', 'longitude': '-133.8195'}, 'timezone': {'offset': '+6:00', 'description': 'Almaty, Dhaka, Colombo'}}, 'email': 'rayan.menard@example.com', 'login': {'uuid': 'cac802f6-4297-4e5a-9c21-79ac2b4a1545', 'username': 'blackbutterfly503', 'password': 'rodman', 'salt': 'riJD3tOt', 'md5': '8ee240f65764de1dd2b23d24eb02a4d7', 'sha1': 'd5c53cd476e5f23eec246b7d11a28e6b7d1d5a63', 'sha256': 'adaa976e893f48f6f4443298738f8fc36f9069ee642cbdba7af5f979fbdc7a4c'}, 'dob': {'date': '1977-04-20T11:46:57.714Z', 'age': 47}, 'registered': {'date': '2015-01-06T03:12:52.530Z', 'age': 9}, 'phone': '078 261 32 35', 'cell': '075 222 02 70', 'id': {'name': 'AVS', 'value': '756.0635.8517.72'}, 'picture': {'large': 'https://randomuser.me/api/portraits/men/80.jpg', 'medium': 'https://randomuser.me/api/portraits/med/men/80.jpg', 'thumbnail': 'https://randomuser.me/api/portraits/thumb/men/80.jpg'}, 'nat': 'CH'}</msg>
<arg>${json_data['results'][0]}</arg>
<doc>Logs the given message with the given level.</doc>
<status status="PASS" start="2024-06-08T10:15:19.760744" elapsed="0.000424"/>
</kw>
<kw name="Log" owner="BuiltIn">
<msg time="2024-06-08T10:15:19.761601" level="INFO">email</msg>
<arg>${key}</arg>
<doc>Logs the given message with the given level.</doc>
<status status="PASS" start="2024-06-08T10:15:19.761471" elapsed="0.000168"/>
</kw>
<var name="${key}">email</var>
<status status="PASS" start="2024-06-08T10:15:19.759903" elapsed="0.001993"/>
</iter>
<iter>
<kw name="Dictionary Should Contain Key" owner="Collections">
<msg time="2024-06-08T10:15:19.762564" level="INFO">False</msg>
<arg>${json_data['results'][0]}</arg>
<arg>${key}</arg>
<doc>Fails if ``key`` is not found from ``dictionary``.</doc>
<status status="PASS" start="2024-06-08T10:15:19.762185" elapsed="0.000417"/>
</kw>
<kw name="Log" owner="BuiltIn">
<msg time="2024-06-08T10:15:19.763266" level="INFO">{'gender': 'male', 'name': {'title': 'Monsieur', 'first': 'Rayan', 'last': 'Menard'}, 'location': {'street': {'number': 5441, 'name': 'Avenue Debrousse'}, 'city': 'Cheyres-Châbles', 'state': 'Zürich', 'country': 'Switzerland', 'postcode': 2502, 'coordinates': {'latitude': '-63.8991', 'longitude': '-133.8195'}, 'timezone': {'offset': '+6:00', 'description': 'Almaty, Dhaka, Colombo'}}, 'email': 'rayan.menard@example.com', 'login': {'uuid': 'cac802f6-4297-4e5a-9c21-79ac2b4a1545', 'username': 'blackbutterfly503', 'password': 'rodman', 'salt': 'riJD3tOt', 'md5': '8ee240f65764de1dd2b23d24eb02a4d7', 'sha1': 'd5c53cd476e5f23eec246b7d11a28e6b7d1d5a63', 'sha256': 'adaa976e893f48f6f4443298738f8fc36f9069ee642cbdba7af5f979fbdc7a4c'}, 'dob': {'date': '1977-04-20T11:46:57.714Z', 'age': 47}, 'registered': {'date': '2015-01-06T03:12:52.530Z', 'age': 9}, 'phone': '078 261 32 35', 'cell': '075 222 02 70', 'id': {'name': 'AVS', 'value': '756.0635.8517.72'}, 'picture': {'large': 'https://randomuser.me/api/portraits/men/80.jpg', 'medium': 'https://randomuser.me/api/portraits/med/men/80.jpg', 'thumbnail': 'https://randomuser.me/api/portraits/thumb/men/80.jpg'}, 'nat': 'CH'}</msg>
<arg>${json_data['results'][0]}</arg>
<doc>Logs the given message with the given level.</doc>
<status status="PASS" start="2024-06-08T10:15:19.762901" elapsed="0.000426"/>
</kw>
<kw name="Log" owner="BuiltIn">
<msg time="2024-06-08T10:15:19.763751" level="INFO">login</msg>
<arg>${key}</arg>
<doc>Logs the given message with the given level.</doc>
<status status="PASS" start="2024-06-08T10:15:19.763624" elapsed="0.000166"/>
</kw>
<var name="${key}">login</var>
<status status="PASS" start="2024-06-08T10:15:19.762073" elapsed="0.001962"/>
</iter>
<var>${key}</var>
<value>@{expected_keys}</value>
<status status="PASS" start="2024-06-08T10:15:19.753070" elapsed="0.011100"/>
</for>
<kw name="Create List" owner="BuiltIn">
<msg time="2024-06-08T10:15:19.764514" level="INFO">${expected_keysTwo} = ['username', 'password']</msg>
<var>${expected_keysTwo}</var>
<arg>username</arg>
<arg>password</arg>
<doc>Returns a list containing given items.</doc>
<status status="PASS" start="2024-06-08T10:15:19.764368" elapsed="0.000171"/>
</kw>
<for flavor="IN">
<iter>
<kw name="Dictionary Should Contain Key" owner="Collections">
<msg time="2024-06-08T10:15:19.765429" level="INFO">False</msg>
<arg>${json_data['results'][0]['login']}</arg>
<arg>${keyTwo}</arg>
<doc>Fails if ``key`` is not found from ``dictionary``.</doc>
<status status="PASS" start="2024-06-08T10:15:19.765043" elapsed="0.000424"/>
</kw>
<kw name="Dictionary Should Contain Key" owner="Collections">
<msg time="2024-06-08T10:15:19.766197" level="INFO">False</msg>
<arg>${json_data['results'][0]['login']}</arg>
<arg>${keyTwo}</arg>
<doc>Fails if ``key`` is not found from ``dictionary``.</doc>
<status status="PASS" start="2024-06-08T10:15:19.765798" elapsed="0.000437"/>
</kw>
<kw name="Log" owner="BuiltIn">
<msg time="2024-06-08T10:15:19.766659" level="INFO">username</msg>
<arg>${keyTwo}</arg>
<doc>Logs the given message with the given level.</doc>
<status status="PASS" start="2024-06-08T10:15:19.766530" elapsed="0.000166"/>
</kw>
<var name="${keyTwo}">username</var>
<status status="PASS" start="2024-06-08T10:15:19.764934" elapsed="0.001978"/>
</iter>
<iter>
<kw name="Dictionary Should Contain Key" owner="Collections">
<msg time="2024-06-08T10:15:19.767575" level="INFO">False</msg>
<arg>${json_data['results'][0]['login']}</arg>
<arg>${keyTwo}</arg>
<doc>Fails if ``key`` is not found from ``dictionary``.</doc>
<status status="PASS" start="2024-06-08T10:15:19.767200" elapsed="0.000413"/>
</kw>
<kw name="Dictionary Should Contain Key" owner="Collections">
<msg time="2024-06-08T10:15:19.768362" level="INFO">False</msg>
<arg>${json_data['results'][0]['login']}</arg>
<arg>${keyTwo}</arg>
<doc>Fails if ``key`` is not found from ``dictionary``.</doc>
<status status="PASS" start="2024-06-08T10:15:19.767906" elapsed="0.000496"/>
</kw>
<kw name="Log" owner="BuiltIn">
<msg time="2024-06-08T10:15:19.768832" level="INFO">password</msg>
<arg>${keyTwo}</arg>
<doc>Logs the given message with the given level.</doc>
<status status="PASS" start="2024-06-08T10:15:19.768703" elapsed="0.000167"/>
</kw>
<var name="${keyTwo}">password</var>
<status status="PASS" start="2024-06-08T10:15:19.767085" elapsed="0.002004"/>
</iter>
<var>${keyTwo}</var>
<value>@{expected_keysTwo}</value>
<status status="PASS" start="2024-06-08T10:15:19.764778" elapsed="0.004432"/>
</for>
<status status="PASS" start="2024-06-08T10:15:19.660870" elapsed="0.108485"/>
</kw>
<doc>Testa a estrutura da resposta da API.</doc>
<tag>testeEstruturaResposta</tag>
<status status="PASS" start="2024-06-08T10:15:19.660364" elapsed="0.109153"/>
</test>
<test id="s1-s1-t4" name="Validar tipos de dados" line="28">
<kw name="Teste de Tipos de Dados" owner="random-user-service">
<kw name="GET On Session" owner="RequestsLibrary">
<msg time="2024-06-08T10:15:19.849134" level="INFO">GET Request : url=https://randomuser.me/api 
 path_url=/api 
 headers={'User-Agent': 'python-requests/2.32.3', 'Accept-Encoding': 'gzip, deflate', 'Accept': '*/*', 'Connection': 'keep-alive'} 
 body=None 
 </msg>
<msg time="2024-06-08T10:15:19.849211" level="INFO">GET Response : url=https://randomuser.me/api 
 status=200, reason=OK 
 headers={'Date': 'Sat, 08 Jun 2024 10:15:19 GMT', 'Content-Type': 'application/json; charset=utf-8', 'Transfer-Encoding': 'chunked', 'Connection': 'keep-alive', 'X-Powered-By': 'Express', 'Access-Control-Allow-Origin': '*', 'Cache-Control': 'no-cache', 'ETag': 'W/"483-inP+X1AryIadslXSIVMklSj0gjQ"', 'Vary': 'Accept-Encoding', 'Content-Encoding': 'gzip', 'CF-Cache-Status': 'DYNAMIC', 'Report-To': '{"endpoints":[{"url":"https:\\/\\/a.nel.cloudflare.com\\/report\\/v4?s=jAJgpZX6bWRwdMrJWYnkDd6R8WYWo9KEi5pfkU11XXD0rSV4gcZdqtj92zXfPDoPFQi%2F00HRxnw6OdynHI12myaim7srvj2IRUn0FNU%2Bq13MHNTG6MM7IEiw3BJrv%2Ffs"}],"group":"cf-nel","max_age":604800}', 'NEL': '{"success_fraction":0,"report_to":"cf-nel","max_age":604800}', 'Server': 'cloudflare', 'CF-RAY': '89081ebc9b3e59c2-IAD', 'alt-svc': 'h3=":443"; ma=86400'} 
 body={"results":[{"gender":"male","name":{"title":"Mr","first":"امیر","last":"پارسا"},"location":{"street":{"number":1585,"name":"میدان امام خمینی"},"city":"بیرجند","state":"مازندران","country":"Iran","postcode":38843,"coordinates":{"latitude":"19.4135","longitude":"-142.4691"},"timezone":{"offset":"-10:00","description":"Hawaii"}},"email":"myr.prs@example.com","login":{"uuid":"3c12a4a5-2bda-4894-b071-24b86e97e829","username":"heavybutterfly262","password":"181818","salt":"jSZNFLqm","md5":"3aac4daf4e0baa630fda9c9f7e4031ec","sha1":"b2b1134a817d50a23e291cd66af1d2cf7a9a7854","sha256":"564a41eb8be92f7392c2bf63ccb2d85d9aca877172d6455be01c60ab7f44aac4"},"dob":{"date":"1960-09-08T11:15:25.415Z","age":63},"registered":{"date":"2017-04-06T00:36:13.699Z","age":7},"phone":"049-54851542","cell":"0997-100-2866","id":{"name":"","value":null},"picture":{"large":"https://randomuser.me/api/portraits/men/55.jpg","medium":"https://randomuser.me/api/portraits/med/men/55.jpg","thumbnail":"https://randomuser.me/api/portraits/thumb/men/55.jpg"},"nat":"IR"}],"info":{"seed":"c263f819f3a4f9f8","results":1,"page":1,"version":"1.4"}} 
 </msg>
<msg time="2024-06-08T10:15:19.849273" level="INFO">/opt/hostedtoolcache/Python/3.12.3/x64/lib/python3.12/site-packages/urllib3/connectionpool.py:1103: InsecureRequestWarning: Unverified HTTPS request is being made to host 'randomuser.me'. Adding certificate verification is strongly advised. See: https://urllib3.readthedocs.io/en/latest/advanced-usage.html#tls-warnings
  warnings.warn(</msg>
<msg time="2024-06-08T10:15:19.849363" level="INFO">${response} = &lt;Response [200]&gt;</msg>
<var>${response}</var>
<arg>consultarAPI</arg>
<arg>/api</arg>
<doc>Sends a GET request on a previously created HTTP Session.</doc>
<status status="PASS" start="2024-06-08T10:15:19.772078" elapsed="0.077310"/>
</kw>
<kw name="Set Variable" owner="BuiltIn">
<msg time="2024-06-08T10:15:19.850311" level="INFO">${json_data} = {'results': [{'gender': 'male', 'name': {'title': 'Mr', 'first': 'امیر', 'last': 'پارسا'}, 'location': {'street': {'number': 1585, 'name': 'میدان امام خمینی'}, 'city': 'بیرجند', 'state': 'مازندران', '...</msg>
<var>${json_data}</var>
<arg>${response.json()}</arg>
<doc>Returns the given values which can then be assigned to a variables.</doc>
<status status="PASS" start="2024-06-08T10:15:19.849835" elapsed="0.000507"/>
</kw>
<kw name="Log" owner="BuiltIn">
<msg time="2024-06-08T10:15:19.850821" level="INFO">{'results': [{'gender': 'male', 'name': {'title': 'Mr', 'first': 'امیر', 'last': 'پارسا'}, 'location': {'street': {'number': 1585, 'name': 'میدان امام خمینی'}, 'city': 'بیرجند', 'state': 'مازندران', 'country': 'Iran', 'postcode': 38843, 'coordinates': {'latitude': '19.4135', 'longitude': '-142.4691'}, 'timezone': {'offset': '-10:00', 'description': 'Hawaii'}}, 'email': 'myr.prs@example.com', 'login': {'uuid': '3c12a4a5-2bda-4894-b071-24b86e97e829', 'username': 'heavybutterfly262', 'password': '181818', 'salt': 'jSZNFLqm', 'md5': '3aac4daf4e0baa630fda9c9f7e4031ec', 'sha1': 'b2b1134a817d50a23e291cd66af1d2cf7a9a7854', 'sha256': '564a41eb8be92f7392c2bf63ccb2d85d9aca877172d6455be01c60ab7f44aac4'}, 'dob': {'date': '1960-09-08T11:15:25.415Z', 'age': 63}, 'registered': {'date': '2017-04-06T00:36:13.699Z', 'age': 7}, 'phone': '049-54851542', 'cell': '0997-100-2866', 'id': {'name': '', 'value': None}, 'picture': {'large': 'https://randomuser.me/api/portraits/men/55.jpg', 'medium': 'https://randomuser.me/api/portraits/med/men/55.jpg', 'thumbnail': 'https://randomuser.me/api/portraits/thumb/men/55.jpg'}, 'nat': 'IR'}], 'info': {'seed': 'c263f819f3a4f9f8', 'results': 1, 'page': 1, 'version': '1.4'}}</msg>
<arg>${json_data}</arg>
<doc>Logs the given message with the given level.</doc>
<status status="PASS" start="2024-06-08T10:15:19.850658" elapsed="0.000248"/>
</kw>
<kw name="Should Be String" owner="String">
<arg>${json_data['results'][0]['gender']}</arg>
<doc>Fails if the given ``item`` is not a string.</doc>
<status status="PASS" start="2024-06-08T10:15:19.851219" elapsed="0.000364"/>
</kw>
<kw name="Should Match Regexp" owner="BuiltIn">
<arg>${json_data['results'][0]['email']}</arg>
<arg>^[a-zA-Z0-9._%+-]+@[a-zA-Z0-9.-]+\.[a-zA-Z]{2,}$</arg>
<doc>Fails if ``string`` does not match ``pattern`` as a regular expression.</doc>
<status status="PASS" start="2024-06-08T10:15:19.851776" elapsed="0.000522"/>
</kw>
<kw name="Should Match Regexp" owner="BuiltIn">
<arg>${json_data['results'][0]['dob']['date']}</arg>
<arg>\\d{4}-\\d{2}-\\d{2}T\\d{2}:\\d{2}:\\d{2}\\.\\d{3}Z</arg>
<doc>Fails if ``string`` does not match ``pattern`` as a regular expression.</doc>
<status status="PASS" start="2024-06-08T10:15:19.852498" elapsed="0.000524"/>
</kw>
<kw name="Should Match Regexp" owner="BuiltIn">
<arg>${json_data['results'][0]['registered']['date']}</arg>
<arg>\\d{4}-\\d{2}-\\d{2}T\\d{2}:\\d{2}:\\d{2}\\.\\d{3}Z</arg>
<doc>Fails if ``string`` does not match ``pattern`` as a regular expression.</doc>
<status status="PASS" start="2024-06-08T10:15:19.853219" elapsed="0.000374"/>
</kw>
<kw name="Should Match Regexp" owner="BuiltIn">
<arg>${json_data['results'][0]['picture']['large']}</arg>
<arg>^https?://.*\.(?:png|jpe?g|gif|bmp)$</arg>
<doc>Fails if ``string`` does not match ``pattern`` as a regular expression.</doc>
<status status="PASS" start="2024-06-08T10:15:19.853817" elapsed="0.000479"/>
</kw>
<kw name="Should Match Regexp" owner="BuiltIn">
<arg>${json_data['results'][0]['picture']['medium']}</arg>
<arg>^https?://.*\.(?:png|jpe?g|gif|bmp)$</arg>
<doc>Fails if ``string`` does not match ``pattern`` as a regular expression.</doc>
<status status="PASS" start="2024-06-08T10:15:19.854489" elapsed="0.000355"/>
</kw>
<kw name="Should Match Regexp" owner="BuiltIn">
<arg>${json_data['results'][0]['picture']['thumbnail']}</arg>
<arg>^https?://.*\.(?:png|jpe?g|gif|bmp)$</arg>
<doc>Fails if ``string`` does not match ``pattern`` as a regular expression.</doc>
<status status="PASS" start="2024-06-08T10:15:19.855034" elapsed="0.000349"/>
</kw>
<kw name="Log" owner="BuiltIn">
<msg time="2024-06-08T10:15:19.855913" level="INFO">{'large': 'https://randomuser.me/api/portraits/men/55.jpg', 'medium': 'https://randomuser.me/api/portraits/med/men/55.jpg', 'thumbnail': 'https://randomuser.me/api/portraits/thumb/men/55.jpg'}</msg>
<arg>${json_data['results'][0]['picture']}</arg>
<doc>Logs the given message with the given level.</doc>
<status status="PASS" start="2024-06-08T10:15:19.855579" elapsed="0.000379"/>
</kw>
<status status="PASS" start="2024-06-08T10:15:19.771835" elapsed="0.084383"/>
</kw>
<kw name="Teste de Tipos de Dados - Postcode" owner="random-user-service">
<kw name="GET On Session" owner="RequestsLibrary">
<msg time="2024-06-08T10:15:19.953029" level="INFO">GET Request : url=https://randomuser.me/api 
 path_url=/api 
 headers={'User-Agent': 'python-requests/2.32.3', 'Accept-Encoding': 'gzip, deflate', 'Accept': '*/*', 'Connection': 'keep-alive'} 
 body=None 
 </msg>
<msg time="2024-06-08T10:15:19.953120" level="INFO">GET Response : url=https://randomuser.me/api 
 status=200, reason=OK 
 headers={'Date': 'Sat, 08 Jun 2024 10:15:19 GMT', 'Content-Type': 'application/json; charset=utf-8', 'Transfer-Encoding': 'chunked', 'Connection': 'keep-alive', 'X-Powered-By': 'Express', 'Access-Control-Allow-Origin': '*', 'Cache-Control': 'no-cache', 'ETag': 'W/"493-FXWfbjNRlUIFFgJUfdXBfvMCsUg"', 'Vary': 'Accept-Encoding', 'Content-Encoding': 'gzip', 'CF-Cache-Status': 'DYNAMIC', 'Report-To': '{"endpoints":[{"url":"https:\\/\\/a.nel.cloudflare.com\\/report\\/v4?s=58lD7lAhj0bUSuaUnWz78FVpO%2B5KxSdH6utDwSXF2JQS8dV5qeFBR9llUl%2Bg5u5JYdasG0gp74qlToEmPWKuao5BbX7nHCfk4xGjkr7qPJn6ovJkiCmJezB0gtrIrkid"}],"group":"cf-nel","max_age":604800}', 'NEL': '{"success_fraction":0,"report_to":"cf-nel","max_age":604800}', 'Server': 'cloudflare', 'CF-RAY': '89081ebd1b9559c2-IAD', 'alt-svc': 'h3=":443"; ma=86400'} 
 body={"results":[{"gender":"male","name":{"title":"Mr","first":"پوریا","last":"پارسا"},"location":{"street":{"number":7525,"name":"واعظی"},"city":"سبزوار","state":"کردستان","country":"Iran","postcode":20980,"coordinates":{"latitude":"19.0068","longitude":"-145.1350"},"timezone":{"offset":"0:00","description":"Western Europe Time, London, Lisbon, Casablanca"}},"email":"pwry.prs@example.com","login":{"uuid":"fc7cd8c1-62a7-445d-b360-fb8d31420a32","username":"happybear962","password":"chaser","salt":"yiOEru27","md5":"b8bfd9438748289e24a701209f96073e","sha1":"7c5261365c8869d9fc1b98f22ef73afb234d1f1f","sha256":"4176053022847f354119203dac6ef871f9d96c4bbef5d25867910d158fd06b35"},"dob":{"date":"1985-01-24T11:46:09.974Z","age":39},"registered":{"date":"2012-08-24T12:44:30.437Z","age":11},"phone":"020-31062108","cell":"0964-983-0929","id":{"name":"","value":null},"picture":{"large":"https://randomuser.me/api/portraits/men/83.jpg","medium":"https://randomuser.me/api/portraits/med/men/83.jpg","thumbnail":"https://randomuser.me/api/portraits/thumb/men/83.jpg"},"nat":"IR"}],"info":{"seed":"05e165dd02dcf608","results":1,"page":1,"version":"1.4"}} 
 </msg>
<msg time="2024-06-08T10:15:19.953198" level="INFO">/opt/hostedtoolcache/Python/3.12.3/x64/lib/python3.12/site-packages/urllib3/connectionpool.py:1103: InsecureRequestWarning: Unverified HTTPS request is being made to host 'randomuser.me'. Adding certificate verification is strongly advised. See: https://urllib3.readthedocs.io/en/latest/advanced-usage.html#tls-warnings
  warnings.warn(</msg>
<msg time="2024-06-08T10:15:19.953325" level="INFO">${response} = &lt;Response [200]&gt;</msg>
<var>${response}</var>
<arg>consultarAPI</arg>
<arg>/api</arg>
<doc>Sends a GET request on a previously created HTTP Session.</doc>
<status status="PASS" start="2024-06-08T10:15:19.856671" elapsed="0.096705"/>
</kw>
<kw name="Set Variable" owner="BuiltIn">
<msg time="2024-06-08T10:15:19.954507" level="INFO">${json_data} = {'results': [{'gender': 'male', 'name': {'title': 'Mr', 'first': 'پوریا', 'last': 'پارسا'}, 'location': {'street': {'number': 7525, 'name': 'واعظی'}, 'city': 'سبزوار', 'state': 'کردستان', 'country': '...</msg>
<var>${json_data}</var>
<arg>${response.json()}</arg>
<doc>Returns the given values which can then be assigned to a variables.</doc>
<status status="PASS" start="2024-06-08T10:15:19.953934" elapsed="0.000607"/>
</kw>
<kw name="Log" owner="BuiltIn">
<msg time="2024-06-08T10:15:19.955045" level="INFO">{'results': [{'gender': 'male', 'name': {'title': 'Mr', 'first': 'پوریا', 'last': 'پارسا'}, 'location': {'street': {'number': 7525, 'name': 'واعظی'}, 'city': 'سبزوار', 'state': 'کردستان', 'country': 'Iran', 'postcode': 20980, 'coordinates': {'latitude': '19.0068', 'longitude': '-145.1350'}, 'timezone': {'offset': '0:00', 'description': 'Western Europe Time, London, Lisbon, Casablanca'}}, 'email': 'pwry.prs@example.com', 'login': {'uuid': 'fc7cd8c1-62a7-445d-b360-fb8d31420a32', 'username': 'happybear962', 'password': 'chaser', 'salt': 'yiOEru27', 'md5': 'b8bfd9438748289e24a701209f96073e', 'sha1': '7c5261365c8869d9fc1b98f22ef73afb234d1f1f', 'sha256': '4176053022847f354119203dac6ef871f9d96c4bbef5d25867910d158fd06b35'}, 'dob': {'date': '1985-01-24T11:46:09.974Z', 'age': 39}, 'registered': {'date': '2012-08-24T12:44:30.437Z', 'age': 11}, 'phone': '020-31062108', 'cell': '0964-983-0929', 'id': {'name': '', 'value': None}, 'picture': {'large': 'https://randomuser.me/api/portraits/men/83.jpg', 'medium': 'https://randomuser.me/api/portraits/med/men/83.jpg', 'thumbnail': 'https://randomuser.me/api/portraits/thumb/men/83.jpg'}, 'nat': 'IR'}], 'info': {'seed': '05e165dd02dcf608', 'results': 1, 'page': 1, 'version': '1.4'}}</msg>
<arg>${json_data}</arg>
<doc>Logs the given message with the given level.</doc>
<status status="PASS" start="2024-06-08T10:15:19.954875" elapsed="0.000256"/>
</kw>
<kw name="Should Be Equal As Numbers" owner="BuiltIn">
<arg>${json_data['results'][0]['location']['postcode']}</arg>
<arg>${json_data['results'][0]['location']['postcode']}</arg>
<doc>Fails if objects are unequal after converting them to real numbers.</doc>
<status status="PASS" start="2024-06-08T10:15:19.955444" elapsed="0.000784"/>
</kw>
<kw name="Log" owner="BuiltIn">
<msg time="2024-06-08T10:15:19.956771" level="INFO">20980</msg>
<arg>${json_data['results'][0]['location']['postcode']}</arg>
<doc>Logs the given message with the given level.</doc>
<status status="PASS" start="2024-06-08T10:15:19.956427" elapsed="0.000387"/>
</kw>
<status status="PASS" start="2024-06-08T10:15:19.856440" elapsed="0.100635"/>
</kw>
<doc>Testa se os tipos de dados na resposta da API estão corretos.</doc>
<tag>testeTiposDados</tag>
<status status="PASS" start="2024-06-08T10:15:19.771341" elapsed="0.185905"/>
</test>
<test id="s1-s1-t5" name="Validar conteudo" line="35">
<kw name="Teste de Tipos de Conteudo" owner="random-user-service">
<kw name="GET On Session" owner="RequestsLibrary">
<msg time="2024-06-08T10:15:20.045401" level="INFO">GET Request : url=https://randomuser.me/api 
 path_url=/api 
 headers={'User-Agent': 'python-requests/2.32.3', 'Accept-Encoding': 'gzip, deflate', 'Accept': '*/*', 'Connection': 'keep-alive'} 
 body=None 
 </msg>
<msg time="2024-06-08T10:15:20.045513" level="INFO">GET Response : url=https://randomuser.me/api 
 status=200, reason=OK 
 headers={'Date': 'Sat, 08 Jun 2024 10:15:20 GMT', 'Content-Type': 'application/json; charset=utf-8', 'Transfer-Encoding': 'chunked', 'Connection': 'keep-alive', 'X-Powered-By': 'Express', 'Access-Control-Allow-Origin': '*', 'Cache-Control': 'no-cache', 'ETag': 'W/"491-o0WDuc6YUaQsZrLWdP+NykcMXFk"', 'Vary': 'Accept-Encoding', 'Content-Encoding': 'gzip', 'CF-Cache-Status': 'DYNAMIC', 'Report-To': '{"endpoints":[{"url":"https:\\/\\/a.nel.cloudflare.com\\/report\\/v4?s=NkdHYJinZC9UK2EUPoEHa3WlaegEd7OKlBHXMKlyaRy8mqCL02kQxaE%2BQU4oGSpkDL5cEzWk3VdEvOO5mmcyMQPSxaoiAs%2FTHeiIFCa7WNfQ7M6GIi3H3PZ5KmfbOg9l"}],"group":"cf-nel","max_age":604800}', 'NEL': '{"success_fraction":0,"report_to":"cf-nel","max_age":604800}', 'Server': 'cloudflare', 'CF-RAY': '89081ebdcbf159c2-IAD', 'alt-svc': 'h3=":443"; ma=86400'} 
 body={"results":[{"gender":"male","name":{"title":"Mr","first":"Phoenix","last":"Walker"},"location":{"street":{"number":9909,"name":"Coronation Avenue"},"city":"Rotorua","state":"West Coast","country":"New Zealand","postcode":84857,"coordinates":{"latitude":"54.8578","longitude":"-40.7958"},"timezone":{"offset":"+8:00","description":"Beijing, Perth, Singapore, Hong Kong"}},"email":"phoenix.walker@example.com","login":{"uuid":"dcdf2afd-cdb1-468c-9aa0-0f580d7cd087","username":"purplebear116","password":"oliver1","salt":"W3ShAGWf","md5":"3b5b042c8e14f38d8d308bb711832521","sha1":"1e259d85b05e2446e881d777bdfee488114c649c","sha256":"5657bcf1d6f1db4a261ab77980011a46367cc78c22ed9f289143532abb6e33bc"},"dob":{"date":"2000-04-18T03:59:33.278Z","age":24},"registered":{"date":"2008-08-08T06:52:50.157Z","age":15},"phone":"(084)-780-5400","cell":"(266)-282-1483","id":{"name":"","value":null},"picture":{"large":"https://randomuser.me/api/portraits/men/54.jpg","medium":"https://randomuser.me/api/portraits/med/men/54.jpg","thumbnail":"https://randomuser.me/api/portraits/thumb/men/54.jpg"},"nat":"NZ"}],"info":{"seed":"bf04b167529bba3b","results":1,"page":1,"version":"1.4"}} 
 </msg>
<msg time="2024-06-08T10:15:20.045596" level="INFO">/opt/hostedtoolcache/Python/3.12.3/x64/lib/python3.12/site-packages/urllib3/connectionpool.py:1103: InsecureRequestWarning: Unverified HTTPS request is being made to host 'randomuser.me'. Adding certificate verification is strongly advised. See: https://urllib3.readthedocs.io/en/latest/advanced-usage.html#tls-warnings
  warnings.warn(</msg>
<msg time="2024-06-08T10:15:20.045721" level="INFO">${response} = &lt;Response [200]&gt;</msg>
<var>${response}</var>
<arg>consultarAPI</arg>
<arg>/api</arg>
<doc>Sends a GET request on a previously created HTTP Session.</doc>
<status status="PASS" start="2024-06-08T10:15:19.959761" elapsed="0.086023"/>
</kw>
<kw name="Set Variable" owner="BuiltIn">
<msg time="2024-06-08T10:15:20.046995" level="INFO">${json_data} = {'results': [{'gender': 'male', 'name': {'title': 'Mr', 'first': 'Phoenix', 'last': 'Walker'}, 'location': {'street': {'number': 9909, 'name': 'Coronation Avenue'}, 'city': 'Rotorua', 'state': 'West C...</msg>
<var>${json_data}</var>
<arg>${response.json()}</arg>
<doc>Returns the given values which can then be assigned to a variables.</doc>
<status status="PASS" start="2024-06-08T10:15:20.046422" elapsed="0.000606"/>
</kw>
<kw name="Set Variable" owner="BuiltIn">
<msg time="2024-06-08T10:15:20.047780" level="INFO">${name_title} = Mr</msg>
<var>${name_title}</var>
<arg>${json_data["results"][0]["name"]["title"]}</arg>
<doc>Returns the given values which can then be assigned to a variables.</doc>
<status status="PASS" start="2024-06-08T10:15:20.047378" elapsed="0.000430"/>
</kw>
<kw name="Create List" owner="BuiltIn">
<msg time="2024-06-08T10:15:20.048286" level="INFO">${allowed_titles} = ['Mr', 'Ms', 'Miss', 'Mrs', 'Madame', 'Monsieur']</msg>
<var>${allowed_titles}</var>
<arg>Mr</arg>
<arg>Ms</arg>
<arg>Miss</arg>
<arg>Mrs</arg>
<arg>Madame</arg>
<arg>Monsieur</arg>
<doc>Returns a list containing given items.</doc>
<status status="PASS" start="2024-06-08T10:15:20.048127" elapsed="0.000185"/>
</kw>
<kw name="List Should Contain Value" owner="Collections">
<msg time="2024-06-08T10:15:20.048819" level="INFO">False</msg>
<arg>${allowed_titles}</arg>
<arg>${name_title}</arg>
<doc>Fails if the ``value`` is not found from ``list``.</doc>
<status status="PASS" start="2024-06-08T10:15:20.048633" elapsed="0.000226"/>
</kw>
<kw name="Set Variable" owner="BuiltIn">
<msg time="2024-06-08T10:15:20.049548" level="INFO">${name_country} = NZ</msg>
<var>${name_country}</var>
<arg>${json_data["results"][0]["nat"]}</arg>
<doc>Returns the given values which can then be assigned to a variables.</doc>
<status status="PASS" start="2024-06-08T10:15:20.049159" elapsed="0.000415"/>
</kw>
<kw name="Create List" owner="BuiltIn">
<msg time="2024-06-08T10:15:20.051001" level="INFO">${list_country} = ['AD', 'AE', 'AF', 'AG', 'AI', 'AL', 'AM', 'AO', 'AQ', 'AR', 'AS', 'AT', 'AU', 'AW', 'AX', 'AZ', 'BA', 'BB', 'BD', 'BE', 'BF', 'BG', 'BH', 'BI', 'BJ', 'BL', 'BM', 'BN', 'BO', 'BQ', 'BR', 'BS', 'BT', '...</msg>
<var>${list_country}</var>
<arg>AD</arg>
<arg>AE</arg>
<arg>AF</arg>
<arg>AG</arg>
<arg>AI</arg>
<arg>AL</arg>
<arg>AM</arg>
<arg>AO</arg>
<arg>AQ</arg>
<arg>AR</arg>
<arg>AS</arg>
<arg>AT</arg>
<arg>AU</arg>
<arg>AW</arg>
<arg>AX</arg>
<arg>AZ</arg>
<arg>BA</arg>
<arg>BB</arg>
<arg>BD</arg>
<arg>BE</arg>
<arg>BF</arg>
<arg>BG</arg>
<arg>BH</arg>
<arg>BI</arg>
<arg>BJ</arg>
<arg>BL</arg>
<arg>BM</arg>
<arg>BN</arg>
<arg>BO</arg>
<arg>BQ</arg>
<arg>BR</arg>
<arg>BS</arg>
<arg>BT</arg>
<arg>BV</arg>
<arg>BW</arg>
<arg>BY</arg>
<arg>BZ</arg>
<arg>CA</arg>
<arg>CC</arg>
<arg>CD</arg>
<arg>CF</arg>
<arg>CG</arg>
<arg>CH</arg>
<arg>CI</arg>
<arg>CK</arg>
<arg>CL</arg>
<arg>CM</arg>
<arg>CN</arg>
<arg>CO</arg>
<arg>CR</arg>
<arg>CU</arg>
<arg>CV</arg>
<arg>CW</arg>
<arg>CX</arg>
<arg>CY</arg>
<arg>CZ</arg>
<arg>DE</arg>
<arg>DJ</arg>
<arg>DK</arg>
<arg>DM</arg>
<arg>DO</arg>
<arg>DZ</arg>
<arg>EC</arg>
<arg>EE</arg>
<arg>EG</arg>
<arg>EH</arg>
<arg>ER</arg>
<arg>ES</arg>
<arg>ET</arg>
<arg>FI</arg>
<arg>FJ</arg>
<arg>FK</arg>
<arg>FM</arg>
<arg>FO</arg>
<arg>FR</arg>
<arg>GA</arg>
<arg>GB</arg>
<arg>GD</arg>
<arg>GE</arg>
<arg>GF</arg>
<arg>GG</arg>
<arg>GH</arg>
<arg>GI</arg>
<arg>GL</arg>
<arg>GM</arg>
<arg>GN</arg>
<arg>GP</arg>
<arg>GQ</arg>
<arg>GR</arg>
<arg>GS</arg>
<arg>GT</arg>
<arg>GU</arg>
<arg>GW</arg>
<arg>GY</arg>
<arg>HK</arg>
<arg>HM</arg>
<arg>HN</arg>
<arg>HR</arg>
<arg>HT</arg>
<arg>HU</arg>
<arg>ID</arg>
<arg>IE</arg>
<arg>IL</arg>
<arg>IM</arg>
<arg>IN</arg>
<arg>IO</arg>
<arg>IQ</arg>
<arg>IR</arg>
<arg>IS</arg>
<arg>IT</arg>
<arg>JE</arg>
<arg>JM</arg>
<arg>JO</arg>
<arg>JP</arg>
<arg>KE</arg>
<arg>KG</arg>
<arg>KH</arg>
<arg>KI</arg>
<arg>KM</arg>
<arg>KN</arg>
<arg>KP</arg>
<arg>KR</arg>
<arg>KW</arg>
<arg>KY</arg>
<arg>KZ</arg>
<arg>LA</arg>
<arg>LB</arg>
<arg>LC</arg>
<arg>LI</arg>
<arg>LK</arg>
<arg>LR</arg>
<arg>LS</arg>
<arg>LT</arg>
<arg>LU</arg>
<arg>LV</arg>
<arg>LY</arg>
<arg>MA</arg>
<arg>MC</arg>
<arg>MD</arg>
<arg>ME</arg>
<arg>MF</arg>
<arg>MG</arg>
<arg>MH</arg>
<arg>MK</arg>
<arg>ML</arg>
<arg>MM</arg>
<arg>MN</arg>
<arg>MO</arg>
<arg>MP</arg>
<arg>MQ</arg>
<arg>MR</arg>
<arg>MS</arg>
<arg>MT</arg>
<arg>MU</arg>
<arg>MV</arg>
<arg>MW</arg>
<arg>MX</arg>
<arg>MY</arg>
<arg>MZ</arg>
<arg>NA</arg>
<arg>NC</arg>
<arg>NE</arg>
<arg>NF</arg>
<arg>NG</arg>
<arg>NI</arg>
<arg>NL</arg>
<arg>NO</arg>
<arg>NP</arg>
<arg>NR</arg>
<arg>NU</arg>
<arg>NZ</arg>
<arg>OM</arg>
<arg>PA</arg>
<arg>PE</arg>
<arg>PF</arg>
<arg>PG</arg>
<arg>PH</arg>
<arg>PK</arg>
<arg>PL</arg>
<arg>PM</arg>
<arg>PN</arg>
<arg>PR</arg>
<arg>PS</arg>
<arg>PT</arg>
<arg>PW</arg>
<arg>PY</arg>
<arg>QA</arg>
<arg>RE</arg>
<arg>RO</arg>
<arg>RS</arg>
<arg>RU</arg>
<arg>RW</arg>
<arg>SA</arg>
<arg>SB</arg>
<arg>SC</arg>
<arg>SD</arg>
<arg>SE</arg>
<arg>SG</arg>
<arg>SH</arg>
<arg>SI</arg>
<arg>SJ</arg>
<arg>SK</arg>
<arg>SL</arg>
<arg>SM</arg>
<arg>SN</arg>
<arg>SO</arg>
<arg>SR</arg>
<arg>SS</arg>
<arg>ST</arg>
<arg>SV</arg>
<arg>SX</arg>
<arg>SY</arg>
<arg>SZ</arg>
<arg>TC</arg>
<arg>TD</arg>
<arg>TF</arg>
<arg>TG</arg>
<arg>TH</arg>
<arg>TJ</arg>
<arg>TK</arg>
<arg>TL</arg>
<arg>TM</arg>
<arg>TN</arg>
<arg>TO</arg>
<arg>TR</arg>
<arg>TT</arg>
<arg>TV</arg>
<arg>TW</arg>
<arg>TZ</arg>
<arg>UA</arg>
<arg>UG</arg>
<arg>UM</arg>
<arg>US</arg>
<arg>UY</arg>
<arg>UZ</arg>
<arg>VA</arg>
<arg>VC</arg>
<arg>VE</arg>
<arg>VG</arg>
<arg>VI</arg>
<arg>VN</arg>
<arg>VU</arg>
<arg>WF</arg>
<arg>WS</arg>
<arg>XK</arg>
<arg>YE</arg>
<arg>YT</arg>
<arg>ZA</arg>
<arg>ZM</arg>
<arg>ZW</arg>
<doc>Returns a list containing given items.</doc>
<status status="PASS" start="2024-06-08T10:15:20.049931" elapsed="0.001114"/>
</kw>
<kw name="List Should Contain Value" owner="Collections">
<msg time="2024-06-08T10:15:20.052343" level="INFO">False</msg>
<arg>${list_country}</arg>
<arg>${name_country}</arg>
<doc>Fails if the ``value`` is not found from ``list``.</doc>
<status status="PASS" start="2024-06-08T10:15:20.052113" elapsed="0.000277"/>
</kw>
<kw name="Run Keyword If" owner="BuiltIn">
<kw name="Should Be True" owner="BuiltIn">
<arg>${True}</arg>
<doc>Fails if the given condition is not true.</doc>
<status status="PASS" start="2024-06-08T10:15:20.053924" elapsed="0.000238"/>
</kw>
<arg>${json_data["results"][0]["location"]["coordinates"]["latitude"]} &gt;= -90 and ${json_data["results"][0]["location"]["coordinates"]["latitude"]} &lt;= 90</arg>
<arg>Should Be True</arg>
<arg>${True}</arg>
<doc>Runs the given keyword with the given arguments, if ``condition`` is true.</doc>
<status status="PASS" start="2024-06-08T10:15:20.052902" elapsed="0.001490"/>
</kw>
<kw name="Run Keyword If" owner="BuiltIn">
<kw name="Should Be True" owner="BuiltIn">
<arg>${True}</arg>
<doc>Fails if the given condition is not true.</doc>
<status status="PASS" start="2024-06-08T10:15:20.055359" elapsed="0.000272"/>
</kw>
<arg>${json_data["results"][0]["location"]["coordinates"]["longitude"]} &gt;= -180 and ${json_data["results"][0]["location"]["coordinates"]["longitude"]} &lt;= 180</arg>
<arg>Should Be True</arg>
<arg>${True}</arg>
<doc>Runs the given keyword with the given arguments, if ``condition`` is true.</doc>
<status status="PASS" start="2024-06-08T10:15:20.054597" elapsed="0.001169"/>
</kw>
<status status="PASS" start="2024-06-08T10:15:19.959529" elapsed="0.096375"/>
</kw>
<doc>Testa o conteúdo específico dos campos retornados pela API.</doc>
<tag>testeConteudo</tag>
<status status="PASS" start="2024-06-08T10:15:19.959074" elapsed="0.096989"/>
</test>
<status status="PASS" start="2024-06-08T10:15:19.264644" elapsed="0.793449"/>
</suite>
<status status="PASS" start="2024-06-08T10:15:19.251253" elapsed="0.812062"/>
</suite>
<statistics>
<total>
<stat pass="5" fail="0" skip="0">All Tests</stat>
</total>
<tag>
<stat pass="1" fail="0" skip="0">testeConteudo</stat>
<stat pass="1" fail="0" skip="0">testeEstruturaResposta</stat>
<stat pass="1" fail="0" skip="0">testeRequisicaoBasica</stat>
<stat pass="1" fail="0" skip="0">testeTiposDados</stat>
</tag>
<suite>
<stat pass="5" fail="0" skip="0" id="s1" name="Tests">Tests</stat>
<stat pass="5" fail="0" skip="0" id="s1-s1" name="Random-User-Test">Tests.Random-User-Test</stat>
</suite>
</statistics>
<errors>
</errors>
</robot>
