<?xml version="1.0" encoding="UTF-8"?>
<robot generator="Robot 7.0 (Python 3.12.3 on linux)" generated="2024-04-27T10:15:05.543918" rpa="false" schemaversion="5">
<suite id="s1" name="Tests" source="/home/runner/work/DesafioQAItauRogerioJordao/DesafioQAItauRogerioJordao/RamdonUser/tests">
<suite id="s1-s1" name="Random-User-Test" source="/home/runner/work/DesafioQAItauRogerioJordao/DesafioQAItauRogerioJordao/RamdonUser/tests/random-user-test.robot">
<test id="s1-s1-t1" name="Conectar" line="13">
<kw name="Conectar API" owner="random-user-service">
<kw name="Create Session" owner="RequestsLibrary">
<msg time="2024-04-27T10:15:05.896146" level="INFO">Creating Session using : alias=consultarAPI, url=https://randomuser.me/, headers={},                     cookies={}, auth=None, timeout=None, proxies=None, verify=False,                     debug=0 </msg>
<arg>consultarAPI</arg>
<arg>${URL}</arg>
<doc>Create Session: create a HTTP session to a server</doc>
<status status="PASS" start="2024-04-27T10:15:05.895955" elapsed="0.000366"/>
</kw>
<status status="PASS" start="2024-04-27T10:15:05.895028" elapsed="0.001642"/>
</kw>
<status status="PASS" start="2024-04-27T10:15:05.894466" elapsed="0.002430"/>
</test>
<test id="s1-s1-t2" name="Validar retorno 200 e JSON Válido" line="16">
<kw name="Teste de Requisicao Basica" owner="random-user-service">
<kw name="GET On Session" owner="RequestsLibrary">
<msg time="2024-04-27T10:15:05.990685" level="INFO">GET Request : url=https://randomuser.me/api 
 path_url=/api 
 headers={'User-Agent': 'python-requests/2.31.0', 'Accept-Encoding': 'gzip, deflate', 'Accept': '*/*', 'Connection': 'keep-alive'} 
 body=None 
 </msg>
<msg time="2024-04-27T10:15:05.990788" level="INFO">GET Response : url=https://randomuser.me/api 
 status=200, reason=OK 
 headers={'Date': 'Sat, 27 Apr 2024 10:15:05 GMT', 'Content-Type': 'application/json; charset=utf-8', 'Transfer-Encoding': 'chunked', 'Connection': 'keep-alive', 'X-Powered-By': 'Express', 'Access-Control-Allow-Origin': '*', 'Cache-Control': 'no-cache', 'ETag': 'W/"498-qnyTf401IsVI1Gy1bPhcYzvJpLg"', 'Vary': 'Accept-Encoding', 'Content-Encoding': 'gzip', 'CF-Cache-Status': 'DYNAMIC', 'Report-To': '{"endpoints":[{"url":"https:\\/\\/a.nel.cloudflare.com\\/report\\/v4?s=VGSf%2Fz1m7H627vBDCxrNnVj%2FufTo5vgb2zQKJGBtNKqHx%2Bbqx2mcKdyjR2zE8rZ5FlTKXbYTFVkVHC0FagiRGHC3KNSATmJDqKBwU6eEyeedP%2FynjwRnok4krYfY2ONV"}],"group":"cf-nel","max_age":604800}', 'NEL': '{"success_fraction":0,"report_to":"cf-nel","max_age":604800}', 'Server': 'cloudflare', 'CF-RAY': '87ae0ca62b051152-ORD', 'alt-svc': 'h3=":443"; ma=86400'} 
 body={"results":[{"gender":"male","name":{"title":"Mr","first":"میلاد","last":"قاسمی"},"location":{"street":{"number":5697,"name":"15 خرداد"},"city":"ساری","state":"خراسان شمالی","country":"Iran","postcode":97307,"coordinates":{"latitude":"15.1682","longitude":"-90.9000"},"timezone":{"offset":"+9:00","description":"Tokyo, Seoul, Osaka, Sapporo, Yakutsk"}},"email":"myld.qsmy@example.com","login":{"uuid":"e7d9075f-fe59-412b-9af1-6c2f1b42ed6a","username":"whitebutterfly476","password":"officer","salt":"96xJdiQu","md5":"1a0671270509f5b1d585c911de4f5da9","sha1":"fdd7b67ba9f4369333d115625b98d7eb9b6f84c1","sha256":"8cb07ee66cd21de1f4b6dc00f3b62c893b4f27c7331ef3ace9e290a4c059e108"},"dob":{"date":"1988-04-22T07:02:57.930Z","age":36},"registered":{"date":"2005-11-25T00:30:22.230Z","age":18},"phone":"016-21883637","cell":"0976-306-6101","id":{"name":"","value":null},"picture":{"large":"https://randomuser.me/api/portraits/men/96.jpg","medium":"https://randomuser.me/api/portraits/med/men/96.jpg","thumbnail":"https://randomuser.me/api/portraits/thumb/men/96.jpg"},"nat":"IR"}],"info":{"seed":"ce1da4ea8f33997a","results":1,"page":1,"version":"1.4"}} 
 </msg>
<msg time="2024-04-27T10:15:05.990859" level="INFO">/opt/hostedtoolcache/Python/3.12.3/x64/lib/python3.12/site-packages/urllib3/connectionpool.py:1103: InsecureRequestWarning: Unverified HTTPS request is being made to host 'randomuser.me'. Adding certificate verification is strongly advised. See: https://urllib3.readthedocs.io/en/latest/advanced-usage.html#tls-warnings
  warnings.warn(</msg>
<msg time="2024-04-27T10:15:05.990983" level="INFO">${response} = &lt;Response [200]&gt;</msg>
<var>${response}</var>
<arg>consultarAPI</arg>
<arg>/api</arg>
<doc>Sends a GET request on a previously created HTTP Session.</doc>
<status status="PASS" start="2024-04-27T10:15:05.899518" elapsed="0.091506"/>
</kw>
<kw name="Should Be Equal As Numbers" owner="BuiltIn">
<msg time="2024-04-27T10:15:05.992002" level="INFO">Argument types are:
&lt;class 'int'&gt;
&lt;class 'str'&gt;</msg>
<arg>${response.status_code}</arg>
<arg>200</arg>
<doc>Fails if objects are unequal after converting them to real numbers.</doc>
<status status="PASS" start="2024-04-27T10:15:05.991509" elapsed="0.000558"/>
</kw>
<kw name="Log" owner="BuiltIn">
<msg time="2024-04-27T10:15:05.992760" level="INFO">200</msg>
<arg>${response.status_code}</arg>
<doc>Logs the given message with the given level.</doc>
<status status="PASS" start="2024-04-27T10:15:05.992407" elapsed="0.000395"/>
</kw>
<kw name="Set Variable" owner="BuiltIn">
<msg time="2024-04-27T10:15:05.993607" level="INFO">${json_data} = {'results': [{'gender': 'male', 'name': {'title': 'Mr', 'first': 'میلاد', 'last': 'قاسمی'}, 'location': {'street': {'number': 5697, 'name': '15 خرداد'}, 'city': 'ساری', 'state': 'خراسان شمالی', 'count...</msg>
<var>${json_data}</var>
<arg>${response.json()}</arg>
<doc>Returns the given values which can then be assigned to a variables.</doc>
<status status="PASS" start="2024-04-27T10:15:05.993149" elapsed="0.000488"/>
</kw>
<kw name="Dictionary Should Contain Key" owner="Collections">
<msg time="2024-04-27T10:15:05.994109" level="INFO">False</msg>
<arg>${json_data}</arg>
<arg>results</arg>
<doc>Fails if ``key`` is not found from ``dictionary``.</doc>
<status status="PASS" start="2024-04-27T10:15:05.993945" elapsed="0.000203"/>
</kw>
<status status="PASS" start="2024-04-27T10:15:05.899276" elapsed="0.095138"/>
</kw>
<doc>Testa se a API responde corretamente e retorna um objeto JSON válido.</doc>
<tag>testeRequisicaoBasica</tag>
<status status="PASS" start="2024-04-27T10:15:05.898758" elapsed="0.095827"/>
</test>
<test id="s1-s1-t3" name="Validar estrutura de resposta" line="22">
<kw name="Teste de Estrutura de Resposta" owner="random-user-service">
<kw name="GET On Session" owner="RequestsLibrary">
<msg time="2024-04-27T10:15:06.105592" level="INFO">GET Request : url=https://randomuser.me/api 
 path_url=/api 
 headers={'User-Agent': 'python-requests/2.31.0', 'Accept-Encoding': 'gzip, deflate', 'Accept': '*/*', 'Connection': 'keep-alive'} 
 body=None 
 </msg>
<msg time="2024-04-27T10:15:06.105683" level="INFO">GET Response : url=https://randomuser.me/api 
 status=200, reason=OK 
 headers={'Date': 'Sat, 27 Apr 2024 10:15:06 GMT', 'Content-Type': 'application/json; charset=utf-8', 'Transfer-Encoding': 'chunked', 'Connection': 'keep-alive', 'X-Powered-By': 'Express', 'Access-Control-Allow-Origin': '*', 'Cache-Control': 'no-cache', 'ETag': 'W/"48e-w9EBfPjx+fKgEd0GAf+jMRYal0Y"', 'Vary': 'Accept-Encoding', 'Content-Encoding': 'gzip', 'CF-Cache-Status': 'DYNAMIC', 'Report-To': '{"endpoints":[{"url":"https:\\/\\/a.nel.cloudflare.com\\/report\\/v4?s=PMStpGI4IIrwncnUeaPt2oTG0Zs3DPJSzGpG1pPg0Ch6UTeHJ3o%2FmqOtej626vihYu0neWYyn1SMbz5lOIUJ%2FpWFkk5cXs%2BihjG6yOFAsF4QrFCCIuni35Z3ZMjucK1J"}],"group":"cf-nel","max_age":604800}', 'NEL': '{"success_fraction":0,"report_to":"cf-nel","max_age":604800}', 'Server': 'cloudflare', 'CF-RAY': '87ae0ca67b421152-ORD', 'alt-svc': 'h3=":443"; ma=86400'} 
 body={"results":[{"gender":"male","name":{"title":"Mr","first":"كيان","last":"كامياران"},"location":{"street":{"number":4461,"name":"شهید کبیری طامه"},"city":"ساوه","state":"البرز","country":"Iran","postcode":78395,"coordinates":{"latitude":"16.6076","longitude":"-80.6456"},"timezone":{"offset":"+6:00","description":"Almaty, Dhaka, Colombo"}},"email":"kyn.kmyrn@example.com","login":{"uuid":"a8c7882c-2234-451a-a0af-259149336f68","username":"purplezebra229","password":"123123123","salt":"khnsvePM","md5":"a7e31c386c6fec0d39039d2ea3508779","sha1":"2da1fb302e578fb9aa72f090574dc9e8c3da0b17","sha256":"fa9b3f6bf535d181cc01d4f3880af0756e477ab5f174807c0c9a44d0293e23c7"},"dob":{"date":"1963-01-31T11:14:58.561Z","age":61},"registered":{"date":"2014-03-22T06:24:33.874Z","age":10},"phone":"025-22394520","cell":"0948-808-4386","id":{"name":"","value":null},"picture":{"large":"https://randomuser.me/api/portraits/men/11.jpg","medium":"https://randomuser.me/api/portraits/med/men/11.jpg","thumbnail":"https://randomuser.me/api/portraits/thumb/men/11.jpg"},"nat":"IR"}],"info":{"seed":"deade584f1a69814","results":1,"page":1,"version":"1.4"}} 
 </msg>
<msg time="2024-04-27T10:15:06.105804" level="INFO">/opt/hostedtoolcache/Python/3.12.3/x64/lib/python3.12/site-packages/urllib3/connectionpool.py:1103: InsecureRequestWarning: Unverified HTTPS request is being made to host 'randomuser.me'. Adding certificate verification is strongly advised. See: https://urllib3.readthedocs.io/en/latest/advanced-usage.html#tls-warnings
  warnings.warn(</msg>
<msg time="2024-04-27T10:15:06.105915" level="INFO">${response} = &lt;Response [200]&gt;</msg>
<var>${response}</var>
<arg>consultarAPI</arg>
<arg>/api</arg>
<doc>Sends a GET request on a previously created HTTP Session.</doc>
<status status="PASS" start="2024-04-27T10:15:05.997152" elapsed="0.108805"/>
</kw>
<kw name="Set Variable" owner="BuiltIn">
<msg time="2024-04-27T10:15:06.107016" level="INFO">${json_data} = {'results': [{'gender': 'male', 'name': {'title': 'Mr', 'first': 'كيان', 'last': 'كامياران'}, 'location': {'street': {'number': 4461, 'name': 'شهید کبیری طامه'}, 'city': 'ساوه', 'state': 'البرز', 'cou...</msg>
<var>${json_data}</var>
<arg>${response.json()}</arg>
<doc>Returns the given values which can then be assigned to a variables.</doc>
<status status="PASS" start="2024-04-27T10:15:06.106413" elapsed="0.000633"/>
</kw>
<kw name="Log" owner="BuiltIn">
<msg time="2024-04-27T10:15:06.107517" level="INFO">{'results': [{'gender': 'male', 'name': {'title': 'Mr', 'first': 'كيان', 'last': 'كامياران'}, 'location': {'street': {'number': 4461, 'name': 'شهید کبیری طامه'}, 'city': 'ساوه', 'state': 'البرز', 'country': 'Iran', 'postcode': 78395, 'coordinates': {'latitude': '16.6076', 'longitude': '-80.6456'}, 'timezone': {'offset': '+6:00', 'description': 'Almaty, Dhaka, Colombo'}}, 'email': 'kyn.kmyrn@example.com', 'login': {'uuid': 'a8c7882c-2234-451a-a0af-259149336f68', 'username': 'purplezebra229', 'password': '123123123', 'salt': 'khnsvePM', 'md5': 'a7e31c386c6fec0d39039d2ea3508779', 'sha1': '2da1fb302e578fb9aa72f090574dc9e8c3da0b17', 'sha256': 'fa9b3f6bf535d181cc01d4f3880af0756e477ab5f174807c0c9a44d0293e23c7'}, 'dob': {'date': '1963-01-31T11:14:58.561Z', 'age': 61}, 'registered': {'date': '2014-03-22T06:24:33.874Z', 'age': 10}, 'phone': '025-22394520', 'cell': '0948-808-4386', 'id': {'name': '', 'value': None}, 'picture': {'large': 'https://randomuser.me/api/portraits/men/11.jpg', 'medium': 'https://randomuser.me/api/portraits/med/men/11.jpg', 'thumbnail': 'https://randomuser.me/api/portraits/thumb/men/11.jpg'}, 'nat': 'IR'}], 'info': {'seed': 'deade584f1a69814', 'results': 1, 'page': 1, 'version': '1.4'}}</msg>
<arg>${json_data}</arg>
<doc>Logs the given message with the given level.</doc>
<status status="PASS" start="2024-04-27T10:15:06.107355" elapsed="0.000213"/>
</kw>
<kw name="Dictionary Should Contain Key" owner="Collections">
<msg time="2024-04-27T10:15:06.108019" level="INFO">False</msg>
<arg>${json_data}</arg>
<arg>results</arg>
<doc>Fails if ``key`` is not found from ``dictionary``.</doc>
<status status="PASS" start="2024-04-27T10:15:06.107869" elapsed="0.000187"/>
</kw>
<kw name="Should Not Be Empty" owner="BuiltIn">
<msg time="2024-04-27T10:15:06.108477" level="INFO">Length is 2.</msg>
<arg>${json_data}</arg>
<doc>Verifies that the given item is not empty.</doc>
<status status="PASS" start="2024-04-27T10:15:06.108342" elapsed="0.000174"/>
</kw>
<kw name="Create List" owner="BuiltIn">
<msg time="2024-04-27T10:15:06.109109" level="INFO">${expected_keys} = ['gender', 'name', 'location', 'email', 'login']</msg>
<var>${expected_keys}</var>
<arg>gender</arg>
<arg>name</arg>
<arg>location</arg>
<arg>email</arg>
<arg>login</arg>
<doc>Returns a list containing given items.</doc>
<status status="PASS" start="2024-04-27T10:15:06.108797" elapsed="0.000338"/>
</kw>
<for flavor="IN">
<iter>
<kw name="Dictionary Should Contain Key" owner="Collections">
<msg time="2024-04-27T10:15:06.110127" level="INFO">False</msg>
<arg>${json_data['results'][0]}</arg>
<arg>${key}</arg>
<doc>Fails if ``key`` is not found from ``dictionary``.</doc>
<status status="PASS" start="2024-04-27T10:15:06.109724" elapsed="0.000441"/>
</kw>
<kw name="Log" owner="BuiltIn">
<msg time="2024-04-27T10:15:06.110834" level="INFO">{'gender': 'male', 'name': {'title': 'Mr', 'first': 'كيان', 'last': 'كامياران'}, 'location': {'street': {'number': 4461, 'name': 'شهید کبیری طامه'}, 'city': 'ساوه', 'state': 'البرز', 'country': 'Iran', 'postcode': 78395, 'coordinates': {'latitude': '16.6076', 'longitude': '-80.6456'}, 'timezone': {'offset': '+6:00', 'description': 'Almaty, Dhaka, Colombo'}}, 'email': 'kyn.kmyrn@example.com', 'login': {'uuid': 'a8c7882c-2234-451a-a0af-259149336f68', 'username': 'purplezebra229', 'password': '123123123', 'salt': 'khnsvePM', 'md5': 'a7e31c386c6fec0d39039d2ea3508779', 'sha1': '2da1fb302e578fb9aa72f090574dc9e8c3da0b17', 'sha256': 'fa9b3f6bf535d181cc01d4f3880af0756e477ab5f174807c0c9a44d0293e23c7'}, 'dob': {'date': '1963-01-31T11:14:58.561Z', 'age': 61}, 'registered': {'date': '2014-03-22T06:24:33.874Z', 'age': 10}, 'phone': '025-22394520', 'cell': '0948-808-4386', 'id': {'name': '', 'value': None}, 'picture': {'large': 'https://randomuser.me/api/portraits/men/11.jpg', 'medium': 'https://randomuser.me/api/portraits/med/men/11.jpg', 'thumbnail': 'https://randomuser.me/api/portraits/thumb/men/11.jpg'}, 'nat': 'IR'}</msg>
<arg>${json_data['results'][0]}</arg>
<doc>Logs the given message with the given level.</doc>
<status status="PASS" start="2024-04-27T10:15:06.110466" elapsed="0.000418"/>
</kw>
<kw name="Log" owner="BuiltIn">
<msg time="2024-04-27T10:15:06.111303" level="INFO">gender</msg>
<arg>${key}</arg>
<doc>Logs the given message with the given level.</doc>
<status status="PASS" start="2024-04-27T10:15:06.111176" elapsed="0.000163"/>
</kw>
<var name="${key}">gender</var>
<status status="PASS" start="2024-04-27T10:15:06.109599" elapsed="0.001948"/>
</iter>
<iter>
<kw name="Dictionary Should Contain Key" owner="Collections">
<msg time="2024-04-27T10:15:06.112225" level="INFO">False</msg>
<arg>${json_data['results'][0]}</arg>
<arg>${key}</arg>
<doc>Fails if ``key`` is not found from ``dictionary``.</doc>
<status status="PASS" start="2024-04-27T10:15:06.111844" elapsed="0.000417"/>
</kw>
<kw name="Log" owner="BuiltIn">
<msg time="2024-04-27T10:15:06.112989" level="INFO">{'gender': 'male', 'name': {'title': 'Mr', 'first': 'كيان', 'last': 'كامياران'}, 'location': {'street': {'number': 4461, 'name': 'شهید کبیری طامه'}, 'city': 'ساوه', 'state': 'البرز', 'country': 'Iran', 'postcode': 78395, 'coordinates': {'latitude': '16.6076', 'longitude': '-80.6456'}, 'timezone': {'offset': '+6:00', 'description': 'Almaty, Dhaka, Colombo'}}, 'email': 'kyn.kmyrn@example.com', 'login': {'uuid': 'a8c7882c-2234-451a-a0af-259149336f68', 'username': 'purplezebra229', 'password': '123123123', 'salt': 'khnsvePM', 'md5': 'a7e31c386c6fec0d39039d2ea3508779', 'sha1': '2da1fb302e578fb9aa72f090574dc9e8c3da0b17', 'sha256': 'fa9b3f6bf535d181cc01d4f3880af0756e477ab5f174807c0c9a44d0293e23c7'}, 'dob': {'date': '1963-01-31T11:14:58.561Z', 'age': 61}, 'registered': {'date': '2014-03-22T06:24:33.874Z', 'age': 10}, 'phone': '025-22394520', 'cell': '0948-808-4386', 'id': {'name': '', 'value': None}, 'picture': {'large': 'https://randomuser.me/api/portraits/men/11.jpg', 'medium': 'https://randomuser.me/api/portraits/med/men/11.jpg', 'thumbnail': 'https://randomuser.me/api/portraits/thumb/men/11.jpg'}, 'nat': 'IR'}</msg>
<arg>${json_data['results'][0]}</arg>
<doc>Logs the given message with the given level.</doc>
<status status="PASS" start="2024-04-27T10:15:06.112584" elapsed="0.000456"/>
</kw>
<kw name="Log" owner="BuiltIn">
<msg time="2024-04-27T10:15:06.113470" level="INFO">name</msg>
<arg>${key}</arg>
<doc>Logs the given message with the given level.</doc>
<status status="PASS" start="2024-04-27T10:15:06.113344" elapsed="0.000163"/>
</kw>
<var name="${key}">name</var>
<status status="PASS" start="2024-04-27T10:15:06.111730" elapsed="0.001990"/>
</iter>
<iter>
<kw name="Dictionary Should Contain Key" owner="Collections">
<msg time="2024-04-27T10:15:06.114392" level="INFO">False</msg>
<arg>${json_data['results'][0]}</arg>
<arg>${key}</arg>
<doc>Fails if ``key`` is not found from ``dictionary``.</doc>
<status status="PASS" start="2024-04-27T10:15:06.114004" elapsed="0.000425"/>
</kw>
<kw name="Log" owner="BuiltIn">
<msg time="2024-04-27T10:15:06.115075" level="INFO">{'gender': 'male', 'name': {'title': 'Mr', 'first': 'كيان', 'last': 'كامياران'}, 'location': {'street': {'number': 4461, 'name': 'شهید کبیری طامه'}, 'city': 'ساوه', 'state': 'البرز', 'country': 'Iran', 'postcode': 78395, 'coordinates': {'latitude': '16.6076', 'longitude': '-80.6456'}, 'timezone': {'offset': '+6:00', 'description': 'Almaty, Dhaka, Colombo'}}, 'email': 'kyn.kmyrn@example.com', 'login': {'uuid': 'a8c7882c-2234-451a-a0af-259149336f68', 'username': 'purplezebra229', 'password': '123123123', 'salt': 'khnsvePM', 'md5': 'a7e31c386c6fec0d39039d2ea3508779', 'sha1': '2da1fb302e578fb9aa72f090574dc9e8c3da0b17', 'sha256': 'fa9b3f6bf535d181cc01d4f3880af0756e477ab5f174807c0c9a44d0293e23c7'}, 'dob': {'date': '1963-01-31T11:14:58.561Z', 'age': 61}, 'registered': {'date': '2014-03-22T06:24:33.874Z', 'age': 10}, 'phone': '025-22394520', 'cell': '0948-808-4386', 'id': {'name': '', 'value': None}, 'picture': {'large': 'https://randomuser.me/api/portraits/men/11.jpg', 'medium': 'https://randomuser.me/api/portraits/med/men/11.jpg', 'thumbnail': 'https://randomuser.me/api/portraits/thumb/men/11.jpg'}, 'nat': 'IR'}</msg>
<arg>${json_data['results'][0]}</arg>
<doc>Logs the given message with the given level.</doc>
<status status="PASS" start="2024-04-27T10:15:06.114717" elapsed="0.000407"/>
</kw>
<kw name="Log" owner="BuiltIn">
<msg time="2024-04-27T10:15:06.115542" level="INFO">location</msg>
<arg>${key}</arg>
<doc>Logs the given message with the given level.</doc>
<status status="PASS" start="2024-04-27T10:15:06.115416" elapsed="0.000162"/>
</kw>
<var name="${key}">location</var>
<status status="PASS" start="2024-04-27T10:15:06.113893" elapsed="0.001900"/>
</iter>
<iter>
<kw name="Dictionary Should Contain Key" owner="Collections">
<msg time="2024-04-27T10:15:06.116465" level="INFO">False</msg>
<arg>${json_data['results'][0]}</arg>
<arg>${key}</arg>
<doc>Fails if ``key`` is not found from ``dictionary``.</doc>
<status status="PASS" start="2024-04-27T10:15:06.116080" elapsed="0.000424"/>
</kw>
<kw name="Log" owner="BuiltIn">
<msg time="2024-04-27T10:15:06.117191" level="INFO">{'gender': 'male', 'name': {'title': 'Mr', 'first': 'كيان', 'last': 'كامياران'}, 'location': {'street': {'number': 4461, 'name': 'شهید کبیری طامه'}, 'city': 'ساوه', 'state': 'البرز', 'country': 'Iran', 'postcode': 78395, 'coordinates': {'latitude': '16.6076', 'longitude': '-80.6456'}, 'timezone': {'offset': '+6:00', 'description': 'Almaty, Dhaka, Colombo'}}, 'email': 'kyn.kmyrn@example.com', 'login': {'uuid': 'a8c7882c-2234-451a-a0af-259149336f68', 'username': 'purplezebra229', 'password': '123123123', 'salt': 'khnsvePM', 'md5': 'a7e31c386c6fec0d39039d2ea3508779', 'sha1': '2da1fb302e578fb9aa72f090574dc9e8c3da0b17', 'sha256': 'fa9b3f6bf535d181cc01d4f3880af0756e477ab5f174807c0c9a44d0293e23c7'}, 'dob': {'date': '1963-01-31T11:14:58.561Z', 'age': 61}, 'registered': {'date': '2014-03-22T06:24:33.874Z', 'age': 10}, 'phone': '025-22394520', 'cell': '0948-808-4386', 'id': {'name': '', 'value': None}, 'picture': {'large': 'https://randomuser.me/api/portraits/men/11.jpg', 'medium': 'https://randomuser.me/api/portraits/med/men/11.jpg', 'thumbnail': 'https://randomuser.me/api/portraits/thumb/men/11.jpg'}, 'nat': 'IR'}</msg>
<arg>${json_data['results'][0]}</arg>
<doc>Logs the given message with the given level.</doc>
<status status="PASS" start="2024-04-27T10:15:06.116798" elapsed="0.000443"/>
</kw>
<kw name="Log" owner="BuiltIn">
<msg time="2024-04-27T10:15:06.117664" level="INFO">email</msg>
<arg>${key}</arg>
<doc>Logs the given message with the given level.</doc>
<status status="PASS" start="2024-04-27T10:15:06.117538" elapsed="0.000163"/>
</kw>
<var name="${key}">email</var>
<status status="PASS" start="2024-04-27T10:15:06.115971" elapsed="0.001954"/>
</iter>
<iter>
<kw name="Dictionary Should Contain Key" owner="Collections">
<msg time="2024-04-27T10:15:06.118596" level="INFO">False</msg>
<arg>${json_data['results'][0]}</arg>
<arg>${key}</arg>
<doc>Fails if ``key`` is not found from ``dictionary``.</doc>
<status status="PASS" start="2024-04-27T10:15:06.118203" elapsed="0.000429"/>
</kw>
<kw name="Log" owner="BuiltIn">
<msg time="2024-04-27T10:15:06.119292" level="INFO">{'gender': 'male', 'name': {'title': 'Mr', 'first': 'كيان', 'last': 'كامياران'}, 'location': {'street': {'number': 4461, 'name': 'شهید کبیری طامه'}, 'city': 'ساوه', 'state': 'البرز', 'country': 'Iran', 'postcode': 78395, 'coordinates': {'latitude': '16.6076', 'longitude': '-80.6456'}, 'timezone': {'offset': '+6:00', 'description': 'Almaty, Dhaka, Colombo'}}, 'email': 'kyn.kmyrn@example.com', 'login': {'uuid': 'a8c7882c-2234-451a-a0af-259149336f68', 'username': 'purplezebra229', 'password': '123123123', 'salt': 'khnsvePM', 'md5': 'a7e31c386c6fec0d39039d2ea3508779', 'sha1': '2da1fb302e578fb9aa72f090574dc9e8c3da0b17', 'sha256': 'fa9b3f6bf535d181cc01d4f3880af0756e477ab5f174807c0c9a44d0293e23c7'}, 'dob': {'date': '1963-01-31T11:14:58.561Z', 'age': 61}, 'registered': {'date': '2014-03-22T06:24:33.874Z', 'age': 10}, 'phone': '025-22394520', 'cell': '0948-808-4386', 'id': {'name': '', 'value': None}, 'picture': {'large': 'https://randomuser.me/api/portraits/men/11.jpg', 'medium': 'https://randomuser.me/api/portraits/med/men/11.jpg', 'thumbnail': 'https://randomuser.me/api/portraits/thumb/men/11.jpg'}, 'nat': 'IR'}</msg>
<arg>${json_data['results'][0]}</arg>
<doc>Logs the given message with the given level.</doc>
<status status="PASS" start="2024-04-27T10:15:06.118924" elapsed="0.000418"/>
</kw>
<kw name="Log" owner="BuiltIn">
<msg time="2024-04-27T10:15:06.119757" level="INFO">login</msg>
<arg>${key}</arg>
<doc>Logs the given message with the given level.</doc>
<status status="PASS" start="2024-04-27T10:15:06.119632" elapsed="0.000162"/>
</kw>
<var name="${key}">login</var>
<status status="PASS" start="2024-04-27T10:15:06.118095" elapsed="0.001935"/>
</iter>
<var>${key}</var>
<value>@{expected_keys}</value>
<status status="PASS" start="2024-04-27T10:15:06.109418" elapsed="0.010736"/>
</for>
<kw name="Create List" owner="BuiltIn">
<msg time="2024-04-27T10:15:06.120476" level="INFO">${expected_keysTwo} = ['username', 'password']</msg>
<var>${expected_keysTwo}</var>
<arg>username</arg>
<arg>password</arg>
<doc>Returns a list containing given items.</doc>
<status status="PASS" start="2024-04-27T10:15:06.120341" elapsed="0.000158"/>
</kw>
<for flavor="IN">
<iter>
<kw name="Dictionary Should Contain Key" owner="Collections">
<msg time="2024-04-27T10:15:06.121418" level="INFO">False</msg>
<arg>${json_data['results'][0]['login']}</arg>
<arg>${keyTwo}</arg>
<doc>Fails if ``key`` is not found from ``dictionary``.</doc>
<status status="PASS" start="2024-04-27T10:15:06.121026" elapsed="0.000430"/>
</kw>
<kw name="Dictionary Should Contain Key" owner="Collections">
<msg time="2024-04-27T10:15:06.122133" level="INFO">False</msg>
<arg>${json_data['results'][0]['login']}</arg>
<arg>${keyTwo}</arg>
<doc>Fails if ``key`` is not found from ``dictionary``.</doc>
<status status="PASS" start="2024-04-27T10:15:06.121748" elapsed="0.000421"/>
</kw>
<kw name="Log" owner="BuiltIn">
<msg time="2024-04-27T10:15:06.122586" level="INFO">username</msg>
<arg>${keyTwo}</arg>
<doc>Logs the given message with the given level.</doc>
<status status="PASS" start="2024-04-27T10:15:06.122458" elapsed="0.000170"/>
</kw>
<var name="${keyTwo}">username</var>
<status status="PASS" start="2024-04-27T10:15:06.120912" elapsed="0.001931"/>
</iter>
<iter>
<kw name="Dictionary Should Contain Key" owner="Collections">
<msg time="2024-04-27T10:15:06.123503" level="INFO">False</msg>
<arg>${json_data['results'][0]['login']}</arg>
<arg>${keyTwo}</arg>
<doc>Fails if ``key`` is not found from ``dictionary``.</doc>
<status status="PASS" start="2024-04-27T10:15:06.123120" elapsed="0.000420"/>
</kw>
<kw name="Dictionary Should Contain Key" owner="Collections">
<msg time="2024-04-27T10:15:06.124297" level="INFO">False</msg>
<arg>${json_data['results'][0]['login']}</arg>
<arg>${keyTwo}</arg>
<doc>Fails if ``key`` is not found from ``dictionary``.</doc>
<status status="PASS" start="2024-04-27T10:15:06.123831" elapsed="0.000505"/>
</kw>
<kw name="Log" owner="BuiltIn">
<msg time="2024-04-27T10:15:06.124759" level="INFO">password</msg>
<arg>${keyTwo}</arg>
<doc>Logs the given message with the given level.</doc>
<status status="PASS" start="2024-04-27T10:15:06.124630" elapsed="0.000168"/>
</kw>
<var name="${keyTwo}">password</var>
<status status="PASS" start="2024-04-27T10:15:06.123011" elapsed="0.002041"/>
</iter>
<var>${keyTwo}</var>
<value>@{expected_keysTwo}</value>
<status status="PASS" start="2024-04-27T10:15:06.120732" elapsed="0.004441"/>
</for>
<status status="PASS" start="2024-04-27T10:15:05.996905" elapsed="0.128403"/>
</kw>
<doc>Testa a estrutura da resposta da API.</doc>
<tag>testeEstruturaResposta</tag>
<status status="PASS" start="2024-04-27T10:15:05.996386" elapsed="0.129069"/>
</test>
<test id="s1-s1-t4" name="Validar tipos de dados" line="28">
<kw name="Teste de Tipos de Dados" owner="random-user-service">
<kw name="GET On Session" owner="RequestsLibrary">
<msg time="2024-04-27T10:15:06.184340" level="INFO">GET Request : url=https://randomuser.me/api 
 path_url=/api 
 headers={'User-Agent': 'python-requests/2.31.0', 'Accept-Encoding': 'gzip, deflate', 'Accept': '*/*', 'Connection': 'keep-alive'} 
 body=None 
 </msg>
<msg time="2024-04-27T10:15:06.184423" level="INFO">GET Response : url=https://randomuser.me/api 
 status=200, reason=OK 
 headers={'Date': 'Sat, 27 Apr 2024 10:15:06 GMT', 'Content-Type': 'application/json; charset=utf-8', 'Transfer-Encoding': 'chunked', 'Connection': 'keep-alive', 'X-Powered-By': 'Express', 'Access-Control-Allow-Origin': '*', 'Cache-Control': 'no-cache', 'ETag': 'W/"494-eZ1RD/th24lO/wTb+tmcjV17Yrs"', 'Vary': 'Accept-Encoding', 'Content-Encoding': 'gzip', 'CF-Cache-Status': 'DYNAMIC', 'Report-To': '{"endpoints":[{"url":"https:\\/\\/a.nel.cloudflare.com\\/report\\/v4?s=f%2F5daRWW6Euw8Mzu4X3rykXm95e7uviBQl6MnPsuflbWmneZsoGT1TskdztKbDDw%2BAvlzyRixbQ2B2AulEmjzRq6nZjoOW8I4WcbXGKcsak2AEcqMyVRaC2KA%2FpjGpcI"}],"group":"cf-nel","max_age":604800}', 'NEL': '{"success_fraction":0,"report_to":"cf-nel","max_age":604800}', 'Server': 'cloudflare', 'CF-RAY': '87ae0ca74beb1152-ORD', 'alt-svc': 'h3=":443"; ma=86400'} 
 body={"results":[{"gender":"male","name":{"title":"Mr","first":"Eemil","last":"Leppo"},"location":{"street":{"number":9055,"name":"Pyynikintie"},"city":"Uusikaupunki","state":"Southern Ostrobothnia","country":"Finland","postcode":81505,"coordinates":{"latitude":"-24.7037","longitude":"-61.9712"},"timezone":{"offset":"+6:00","description":"Almaty, Dhaka, Colombo"}},"email":"eemil.leppo@example.com","login":{"uuid":"38ceaecc-7675-44ab-9729-7218572f3a7f","username":"blackmeercat503","password":"inferno","salt":"BxBwrNTe","md5":"3ce7637a27817f60694a5f7248ef0414","sha1":"49e5e0b328e1e47a36c0cb2c74cb06c1abfd99e8","sha256":"f011072c0cdca9d7538e24254d1031f447f2074c749fdf4a5d0a3e0387b21724"},"dob":{"date":"1953-12-11T01:53:30.460Z","age":70},"registered":{"date":"2003-07-31T12:06:19.182Z","age":20},"phone":"04-419-264","cell":"049-191-82-46","id":{"name":"HETU","value":"NaNNA083undefined"},"picture":{"large":"https://randomuser.me/api/portraits/men/53.jpg","medium":"https://randomuser.me/api/portraits/med/men/53.jpg","thumbnail":"https://randomuser.me/api/portraits/thumb/men/53.jpg"},"nat":"FI"}],"info":{"seed":"17ce0875d2dccd39","results":1,"page":1,"version":"1.4"}} 
 </msg>
<msg time="2024-04-27T10:15:06.184495" level="INFO">/opt/hostedtoolcache/Python/3.12.3/x64/lib/python3.12/site-packages/urllib3/connectionpool.py:1103: InsecureRequestWarning: Unverified HTTPS request is being made to host 'randomuser.me'. Adding certificate verification is strongly advised. See: https://urllib3.readthedocs.io/en/latest/advanced-usage.html#tls-warnings
  warnings.warn(</msg>
<msg time="2024-04-27T10:15:06.184603" level="INFO">${response} = &lt;Response [200]&gt;</msg>
<var>${response}</var>
<arg>consultarAPI</arg>
<arg>/api</arg>
<doc>Sends a GET request on a previously created HTTP Session.</doc>
<status status="PASS" start="2024-04-27T10:15:06.127835" elapsed="0.056808"/>
</kw>
<kw name="Set Variable" owner="BuiltIn">
<msg time="2024-04-27T10:15:06.185532" level="INFO">${json_data} = {'results': [{'gender': 'male', 'name': {'title': 'Mr', 'first': 'Eemil', 'last': 'Leppo'}, 'location': {'street': {'number': 9055, 'name': 'Pyynikintie'}, 'city': 'Uusikaupunki', 'state': 'Southern O...</msg>
<var>${json_data}</var>
<arg>${response.json()}</arg>
<doc>Returns the given values which can then be assigned to a variables.</doc>
<status status="PASS" start="2024-04-27T10:15:06.185094" elapsed="0.000467"/>
</kw>
<kw name="Log" owner="BuiltIn">
<msg time="2024-04-27T10:15:06.186010" level="INFO">{'results': [{'gender': 'male', 'name': {'title': 'Mr', 'first': 'Eemil', 'last': 'Leppo'}, 'location': {'street': {'number': 9055, 'name': 'Pyynikintie'}, 'city': 'Uusikaupunki', 'state': 'Southern Ostrobothnia', 'country': 'Finland', 'postcode': 81505, 'coordinates': {'latitude': '-24.7037', 'longitude': '-61.9712'}, 'timezone': {'offset': '+6:00', 'description': 'Almaty, Dhaka, Colombo'}}, 'email': 'eemil.leppo@example.com', 'login': {'uuid': '38ceaecc-7675-44ab-9729-7218572f3a7f', 'username': 'blackmeercat503', 'password': 'inferno', 'salt': 'BxBwrNTe', 'md5': '3ce7637a27817f60694a5f7248ef0414', 'sha1': '49e5e0b328e1e47a36c0cb2c74cb06c1abfd99e8', 'sha256': 'f011072c0cdca9d7538e24254d1031f447f2074c749fdf4a5d0a3e0387b21724'}, 'dob': {'date': '1953-12-11T01:53:30.460Z', 'age': 70}, 'registered': {'date': '2003-07-31T12:06:19.182Z', 'age': 20}, 'phone': '04-419-264', 'cell': '049-191-82-46', 'id': {'name': 'HETU', 'value': 'NaNNA083undefined'}, 'picture': {'large': 'https://randomuser.me/api/portraits/men/53.jpg', 'medium': 'https://randomuser.me/api/portraits/med/men/53.jpg', 'thumbnail': 'https://randomuser.me/api/portraits/thumb/men/53.jpg'}, 'nat': 'FI'}], 'info': {'seed': '17ce0875d2dccd39', 'results': 1, 'page': 1, 'version': '1.4'}}</msg>
<arg>${json_data}</arg>
<doc>Logs the given message with the given level.</doc>
<status status="PASS" start="2024-04-27T10:15:06.185860" elapsed="0.000226"/>
</kw>
<kw name="Should Be String" owner="String">
<arg>${json_data['results'][0]['gender']}</arg>
<doc>Fails if the given ``item`` is not a string.</doc>
<status status="PASS" start="2024-04-27T10:15:06.186381" elapsed="0.000353"/>
</kw>
<kw name="Should Match Regexp" owner="BuiltIn">
<arg>${json_data['results'][0]['email']}</arg>
<arg>^[a-zA-Z0-9._%+-]+@[a-zA-Z0-9.-]+\.[a-zA-Z]{2,}$</arg>
<doc>Fails if ``string`` does not match ``pattern`` as a regular expression.</doc>
<status status="PASS" start="2024-04-27T10:15:06.186932" elapsed="0.000499"/>
</kw>
<kw name="Should Match Regexp" owner="BuiltIn">
<arg>${json_data['results'][0]['dob']['date']}</arg>
<arg>\\d{4}-\\d{2}-\\d{2}T\\d{2}:\\d{2}:\\d{2}\\.\\d{3}Z</arg>
<doc>Fails if ``string`` does not match ``pattern`` as a regular expression.</doc>
<status status="PASS" start="2024-04-27T10:15:06.187624" elapsed="0.000478"/>
</kw>
<kw name="Should Match Regexp" owner="BuiltIn">
<arg>${json_data['results'][0]['registered']['date']}</arg>
<arg>\\d{4}-\\d{2}-\\d{2}T\\d{2}:\\d{2}:\\d{2}\\.\\d{3}Z</arg>
<doc>Fails if ``string`` does not match ``pattern`` as a regular expression.</doc>
<status status="PASS" start="2024-04-27T10:15:06.188291" elapsed="0.000363"/>
</kw>
<kw name="Should Match Regexp" owner="BuiltIn">
<arg>${json_data['results'][0]['picture']['large']}</arg>
<arg>^https?://.*\.(?:png|jpe?g|gif|bmp)$</arg>
<doc>Fails if ``string`` does not match ``pattern`` as a regular expression.</doc>
<status status="PASS" start="2024-04-27T10:15:06.188878" elapsed="0.000483"/>
</kw>
<kw name="Should Match Regexp" owner="BuiltIn">
<arg>${json_data['results'][0]['picture']['medium']}</arg>
<arg>^https?://.*\.(?:png|jpe?g|gif|bmp)$</arg>
<doc>Fails if ``string`` does not match ``pattern`` as a regular expression.</doc>
<status status="PASS" start="2024-04-27T10:15:06.189557" elapsed="0.000365"/>
</kw>
<kw name="Should Match Regexp" owner="BuiltIn">
<arg>${json_data['results'][0]['picture']['thumbnail']}</arg>
<arg>^https?://.*\.(?:png|jpe?g|gif|bmp)$</arg>
<doc>Fails if ``string`` does not match ``pattern`` as a regular expression.</doc>
<status status="PASS" start="2024-04-27T10:15:06.190108" elapsed="0.000349"/>
</kw>
<kw name="Log" owner="BuiltIn">
<msg time="2024-04-27T10:15:06.190956" level="INFO">{'large': 'https://randomuser.me/api/portraits/men/53.jpg', 'medium': 'https://randomuser.me/api/portraits/med/men/53.jpg', 'thumbnail': 'https://randomuser.me/api/portraits/thumb/men/53.jpg'}</msg>
<arg>${json_data['results'][0]['picture']}</arg>
<doc>Logs the given message with the given level.</doc>
<status status="PASS" start="2024-04-27T10:15:06.190635" elapsed="0.000361"/>
</kw>
<status status="PASS" start="2024-04-27T10:15:06.127613" elapsed="0.063631"/>
</kw>
<kw name="Teste de Tipos de Dados - Postcode" owner="random-user-service">
<kw name="GET On Session" owner="RequestsLibrary">
<msg time="2024-04-27T10:15:06.286590" level="INFO">GET Request : url=https://randomuser.me/api 
 path_url=/api 
 headers={'User-Agent': 'python-requests/2.31.0', 'Accept-Encoding': 'gzip, deflate', 'Accept': '*/*', 'Connection': 'keep-alive'} 
 body=None 
 </msg>
<msg time="2024-04-27T10:15:06.286668" level="INFO">GET Response : url=https://randomuser.me/api 
 status=200, reason=OK 
 headers={'Date': 'Sat, 27 Apr 2024 10:15:06 GMT', 'Content-Type': 'application/json; charset=utf-8', 'Transfer-Encoding': 'chunked', 'Connection': 'keep-alive', 'X-Powered-By': 'Express', 'Access-Control-Allow-Origin': '*', 'Cache-Control': 'no-cache', 'ETag': 'W/"4ac-8RJNFhrZ0lHvMCH1OagaaFKJ/JA"', 'Vary': 'Accept-Encoding', 'Content-Encoding': 'gzip', 'CF-Cache-Status': 'DYNAMIC', 'Report-To': '{"endpoints":[{"url":"https:\\/\\/a.nel.cloudflare.com\\/report\\/v4?s=QiHi55XfdHB6V7j9ou4ifnQX2SgSq1sDcBnyIVGIR%2FAJhhx1s6Pae56KzFcoj3geUuEX3%2FWUhk27d0zXXXebmuVNb4LPVSh3S0nvo%2Fn5okMbILI19VAyVAmj0zIk2hFU"}],"group":"cf-nel","max_age":604800}', 'NEL': '{"success_fraction":0,"report_to":"cf-nel","max_age":604800}', 'Server': 'cloudflare', 'CF-RAY': '87ae0ca7bc381152-ORD', 'alt-svc': 'h3=":443"; ma=86400'} 
 body={"results":[{"gender":"female","name":{"title":"Mademoiselle","first":"Gudrun","last":"Olivier"},"location":{"street":{"number":1126,"name":"Montée du Chemin-Neuf"},"city":"Bowil","state":"Bern","country":"Switzerland","postcode":1179,"coordinates":{"latitude":"-56.1418","longitude":"158.1333"},"timezone":{"offset":"+1:00","description":"Brussels, Copenhagen, Madrid, Paris"}},"email":"gudrun.olivier@example.com","login":{"uuid":"6c871213-e888-40e0-b5ee-931b300f8eb7","username":"tinymeercat324","password":"thong","salt":"HFGb6aov","md5":"f9428da57985ae61c1b1af1d733da8b9","sha1":"813cec42df15c11666be9901c8eac7b895524bc0","sha256":"372ab4c457944eb1fcf920a75963dcfa3ba790fc56e2eac015a5491404e0e49b"},"dob":{"date":"1949-05-03T03:03:41.680Z","age":74},"registered":{"date":"2016-07-17T19:17:06.891Z","age":7},"phone":"079 596 42 90","cell":"078 678 65 49","id":{"name":"AVS","value":"756.3418.8838.17"},"picture":{"large":"https://randomuser.me/api/portraits/women/20.jpg","medium":"https://randomuser.me/api/portraits/med/women/20.jpg","thumbnail":"https://randomuser.me/api/portraits/thumb/women/20.jpg"},"nat":"CH"}],"info":{"seed":"5038d449342dd8e9","results":1,"page":1,"version":"1.4"}} 
 </msg>
<msg time="2024-04-27T10:15:06.286738" level="INFO">/opt/hostedtoolcache/Python/3.12.3/x64/lib/python3.12/site-packages/urllib3/connectionpool.py:1103: InsecureRequestWarning: Unverified HTTPS request is being made to host 'randomuser.me'. Adding certificate verification is strongly advised. See: https://urllib3.readthedocs.io/en/latest/advanced-usage.html#tls-warnings
  warnings.warn(</msg>
<msg time="2024-04-27T10:15:06.286846" level="INFO">${response} = &lt;Response [200]&gt;</msg>
<var>${response}</var>
<arg>consultarAPI</arg>
<arg>/api</arg>
<doc>Sends a GET request on a previously created HTTP Session.</doc>
<status status="PASS" start="2024-04-27T10:15:06.191670" elapsed="0.095231"/>
</kw>
<kw name="Set Variable" owner="BuiltIn">
<msg time="2024-04-27T10:15:06.287820" level="INFO">${json_data} = {'results': [{'gender': 'female', 'name': {'title': 'Mademoiselle', 'first': 'Gudrun', 'last': 'Olivier'}, 'location': {'street': {'number': 1126, 'name': 'Montée du Chemin-Neuf'}, 'city': 'Bowil', 's...</msg>
<var>${json_data}</var>
<arg>${response.json()}</arg>
<doc>Returns the given values which can then be assigned to a variables.</doc>
<status status="PASS" start="2024-04-27T10:15:06.287358" elapsed="0.000491"/>
</kw>
<kw name="Log" owner="BuiltIn">
<msg time="2024-04-27T10:15:06.288318" level="INFO">{'results': [{'gender': 'female', 'name': {'title': 'Mademoiselle', 'first': 'Gudrun', 'last': 'Olivier'}, 'location': {'street': {'number': 1126, 'name': 'Montée du Chemin-Neuf'}, 'city': 'Bowil', 'state': 'Bern', 'country': 'Switzerland', 'postcode': 1179, 'coordinates': {'latitude': '-56.1418', 'longitude': '158.1333'}, 'timezone': {'offset': '+1:00', 'description': 'Brussels, Copenhagen, Madrid, Paris'}}, 'email': 'gudrun.olivier@example.com', 'login': {'uuid': '6c871213-e888-40e0-b5ee-931b300f8eb7', 'username': 'tinymeercat324', 'password': 'thong', 'salt': 'HFGb6aov', 'md5': 'f9428da57985ae61c1b1af1d733da8b9', 'sha1': '813cec42df15c11666be9901c8eac7b895524bc0', 'sha256': '372ab4c457944eb1fcf920a75963dcfa3ba790fc56e2eac015a5491404e0e49b'}, 'dob': {'date': '1949-05-03T03:03:41.680Z', 'age': 74}, 'registered': {'date': '2016-07-17T19:17:06.891Z', 'age': 7}, 'phone': '079 596 42 90', 'cell': '078 678 65 49', 'id': {'name': 'AVS', 'value': '756.3418.8838.17'}, 'picture': {'large': 'https://randomuser.me/api/portraits/women/20.jpg', 'medium': 'https://randomuser.me/api/portraits/med/women/20.jpg', 'thumbnail': 'https://randomuser.me/api/portraits/thumb/women/20.jpg'}, 'nat': 'CH'}], 'info': {'seed': '5038d449342dd8e9', 'results': 1, 'page': 1, 'version': '1.4'}}</msg>
<arg>${json_data}</arg>
<doc>Logs the given message with the given level.</doc>
<status status="PASS" start="2024-04-27T10:15:06.288153" elapsed="0.000242"/>
</kw>
<kw name="Should Be Equal As Numbers" owner="BuiltIn">
<arg>${json_data['results'][0]['location']['postcode']}</arg>
<arg>${json_data['results'][0]['location']['postcode']}</arg>
<doc>Fails if objects are unequal after converting them to real numbers.</doc>
<status status="PASS" start="2024-04-27T10:15:06.288699" elapsed="0.000788"/>
</kw>
<kw name="Log" owner="BuiltIn">
<msg time="2024-04-27T10:15:06.290019" level="INFO">1179</msg>
<arg>${json_data['results'][0]['location']['postcode']}</arg>
<doc>Logs the given message with the given level.</doc>
<status status="PASS" start="2024-04-27T10:15:06.289683" elapsed="0.000374"/>
</kw>
<status status="PASS" start="2024-04-27T10:15:06.191451" elapsed="0.098853"/>
</kw>
<doc>Testa se os tipos de dados na resposta da API estão corretos.</doc>
<tag>testeTiposDados</tag>
<status status="PASS" start="2024-04-27T10:15:06.127187" elapsed="0.163274"/>
</test>
<test id="s1-s1-t5" name="Validar conteudo" line="35">
<kw name="Teste de Tipos de Conteudo" owner="random-user-service">
<kw name="GET On Session" owner="RequestsLibrary">
<msg time="2024-04-27T10:15:06.385226" level="INFO">GET Request : url=https://randomuser.me/api 
 path_url=/api 
 headers={'User-Agent': 'python-requests/2.31.0', 'Accept-Encoding': 'gzip, deflate', 'Accept': '*/*', 'Connection': 'keep-alive'} 
 body=None 
 </msg>
<msg time="2024-04-27T10:15:06.385296" level="INFO">GET Response : url=https://randomuser.me/api 
 status=200, reason=OK 
 headers={'Date': 'Sat, 27 Apr 2024 10:15:06 GMT', 'Content-Type': 'application/json; charset=utf-8', 'Transfer-Encoding': 'chunked', 'Connection': 'keep-alive', 'X-Powered-By': 'Express', 'Access-Control-Allow-Origin': '*', 'Cache-Control': 'no-cache', 'ETag': 'W/"49f-brkWTeG7k6NQig5PHLOYj1NAW8o"', 'Vary': 'Accept-Encoding', 'Content-Encoding': 'gzip', 'CF-Cache-Status': 'DYNAMIC', 'Report-To': '{"endpoints":[{"url":"https:\\/\\/a.nel.cloudflare.com\\/report\\/v4?s=ONBfzatAz5iOLXEXRMyCIXvBnMMrm5kDSimyqnngkSafii5uqhV05v8J%2FDpkKnEre2IC0Ryttn6Z%2FNhvGkK%2BKLsmbHdSikogLdO37tOVKSTMu5Is7BYxO2InCg8YdWMD"}],"group":"cf-nel","max_age":604800}', 'NEL': '{"success_fraction":0,"report_to":"cf-nel","max_age":604800}', 'Server': 'cloudflare', 'CF-RAY': '87ae0ca85ca51152-ORD', 'alt-svc': 'h3=":443"; ma=86400'} 
 body={"results":[{"gender":"female","name":{"title":"Miss","first":"Cecilia","last":"Melheim"},"location":{"street":{"number":7954,"name":"Hjalmar Jordans vei"},"city":"Talvik","state":"Finnmark - Finnmárku","country":"Norway","postcode":"6686","coordinates":{"latitude":"39.0655","longitude":"127.0871"},"timezone":{"offset":"+5:30","description":"Bombay, Calcutta, Madras, New Delhi"}},"email":"cecilia.melheim@example.com","login":{"uuid":"282bc5d3-f3ea-4727-b618-7d9003029e8a","username":"lazykoala869","password":"bananas","salt":"p4OEiCTy","md5":"c0bc5d1cbbefcd9f115d6ca9d92b38a9","sha1":"04ee45b36f482e4bd452e408fc345418d272c940","sha256":"00abe95111a698673645ff81be387d1914449f1b05fc150fa8925ba0c6500120"},"dob":{"date":"1978-04-26T16:34:21.764Z","age":46},"registered":{"date":"2002-05-28T00:34:15.219Z","age":21},"phone":"30159567","cell":"90568044","id":{"name":"FN","value":"26047824604"},"picture":{"large":"https://randomuser.me/api/portraits/women/5.jpg","medium":"https://randomuser.me/api/portraits/med/women/5.jpg","thumbnail":"https://randomuser.me/api/portraits/thumb/women/5.jpg"},"nat":"NO"}],"info":{"seed":"be8b2aa378016eee","results":1,"page":1,"version":"1.4"}} 
 </msg>
<msg time="2024-04-27T10:15:06.385353" level="INFO">/opt/hostedtoolcache/Python/3.12.3/x64/lib/python3.12/site-packages/urllib3/connectionpool.py:1103: InsecureRequestWarning: Unverified HTTPS request is being made to host 'randomuser.me'. Adding certificate verification is strongly advised. See: https://urllib3.readthedocs.io/en/latest/advanced-usage.html#tls-warnings
  warnings.warn(</msg>
<msg time="2024-04-27T10:15:06.385436" level="INFO">${response} = &lt;Response [200]&gt;</msg>
<var>${response}</var>
<arg>consultarAPI</arg>
<arg>/api</arg>
<doc>Sends a GET request on a previously created HTTP Session.</doc>
<status status="PASS" start="2024-04-27T10:15:06.292797" elapsed="0.092669"/>
</kw>
<kw name="Set Variable" owner="BuiltIn">
<msg time="2024-04-27T10:15:06.386342" level="INFO">${json_data} = {'results': [{'gender': 'female', 'name': {'title': 'Miss', 'first': 'Cecilia', 'last': 'Melheim'}, 'location': {'street': {'number': 7954, 'name': 'Hjalmar Jordans vei'}, 'city': 'Talvik', 'state': '...</msg>
<var>${json_data}</var>
<arg>${response.json()}</arg>
<doc>Returns the given values which can then be assigned to a variables.</doc>
<status status="PASS" start="2024-04-27T10:15:06.385902" elapsed="0.000468"/>
</kw>
<kw name="Set Variable" owner="BuiltIn">
<msg time="2024-04-27T10:15:06.387049" level="INFO">${name_title} = Miss</msg>
<var>${name_title}</var>
<arg>${json_data["results"][0]["name"]["title"]}</arg>
<doc>Returns the given values which can then be assigned to a variables.</doc>
<status status="PASS" start="2024-04-27T10:15:06.386669" elapsed="0.000405"/>
</kw>
<kw name="Create List" owner="BuiltIn">
<msg time="2024-04-27T10:15:06.387512" level="INFO">${allowed_titles} = ['Mr', 'Ms', 'Miss', 'Mrs', 'Madame', 'Monsieur']</msg>
<var>${allowed_titles}</var>
<arg>Mr</arg>
<arg>Ms</arg>
<arg>Miss</arg>
<arg>Mrs</arg>
<arg>Madame</arg>
<arg>Monsieur</arg>
<doc>Returns a list containing given items.</doc>
<status status="PASS" start="2024-04-27T10:15:06.387365" elapsed="0.000171"/>
</kw>
<kw name="List Should Contain Value" owner="Collections">
<msg time="2024-04-27T10:15:06.387998" level="INFO">False</msg>
<arg>${allowed_titles}</arg>
<arg>${name_title}</arg>
<doc>Fails if the ``value`` is not found from ``list``.</doc>
<status status="PASS" start="2024-04-27T10:15:06.387829" elapsed="0.000204"/>
</kw>
<kw name="Set Variable" owner="BuiltIn">
<msg time="2024-04-27T10:15:06.388712" level="INFO">${name_country} = NO</msg>
<var>${name_country}</var>
<arg>${json_data["results"][0]["nat"]}</arg>
<doc>Returns the given values which can then be assigned to a variables.</doc>
<status status="PASS" start="2024-04-27T10:15:06.388326" elapsed="0.000412"/>
</kw>
<kw name="Create List" owner="BuiltIn">
<msg time="2024-04-27T10:15:06.389675" level="INFO">${list_country} = ['AD', 'AE', 'AF', 'AG', 'AI', 'AL', 'AM', 'AO', 'AQ', 'AR', 'AS', 'AT', 'AU', 'AW', 'AX', 'AZ', 'BA', 'BB', 'BD', 'BE', 'BF', 'BG', 'BH', 'BI', 'BJ', 'BL', 'BM', 'BN', 'BO', 'BQ', 'BR', 'BS', 'BT', '...</msg>
<var>${list_country}</var>
<arg>AD</arg>
<arg>AE</arg>
<arg>AF</arg>
<arg>AG</arg>
<arg>AI</arg>
<arg>AL</arg>
<arg>AM</arg>
<arg>AO</arg>
<arg>AQ</arg>
<arg>AR</arg>
<arg>AS</arg>
<arg>AT</arg>
<arg>AU</arg>
<arg>AW</arg>
<arg>AX</arg>
<arg>AZ</arg>
<arg>BA</arg>
<arg>BB</arg>
<arg>BD</arg>
<arg>BE</arg>
<arg>BF</arg>
<arg>BG</arg>
<arg>BH</arg>
<arg>BI</arg>
<arg>BJ</arg>
<arg>BL</arg>
<arg>BM</arg>
<arg>BN</arg>
<arg>BO</arg>
<arg>BQ</arg>
<arg>BR</arg>
<arg>BS</arg>
<arg>BT</arg>
<arg>BV</arg>
<arg>BW</arg>
<arg>BY</arg>
<arg>BZ</arg>
<arg>CA</arg>
<arg>CC</arg>
<arg>CD</arg>
<arg>CF</arg>
<arg>CG</arg>
<arg>CH</arg>
<arg>CI</arg>
<arg>CK</arg>
<arg>CL</arg>
<arg>CM</arg>
<arg>CN</arg>
<arg>CO</arg>
<arg>CR</arg>
<arg>CU</arg>
<arg>CV</arg>
<arg>CW</arg>
<arg>CX</arg>
<arg>CY</arg>
<arg>CZ</arg>
<arg>DE</arg>
<arg>DJ</arg>
<arg>DK</arg>
<arg>DM</arg>
<arg>DO</arg>
<arg>DZ</arg>
<arg>EC</arg>
<arg>EE</arg>
<arg>EG</arg>
<arg>EH</arg>
<arg>ER</arg>
<arg>ES</arg>
<arg>ET</arg>
<arg>FI</arg>
<arg>FJ</arg>
<arg>FK</arg>
<arg>FM</arg>
<arg>FO</arg>
<arg>FR</arg>
<arg>GA</arg>
<arg>GB</arg>
<arg>GD</arg>
<arg>GE</arg>
<arg>GF</arg>
<arg>GG</arg>
<arg>GH</arg>
<arg>GI</arg>
<arg>GL</arg>
<arg>GM</arg>
<arg>GN</arg>
<arg>GP</arg>
<arg>GQ</arg>
<arg>GR</arg>
<arg>GS</arg>
<arg>GT</arg>
<arg>GU</arg>
<arg>GW</arg>
<arg>GY</arg>
<arg>HK</arg>
<arg>HM</arg>
<arg>HN</arg>
<arg>HR</arg>
<arg>HT</arg>
<arg>HU</arg>
<arg>ID</arg>
<arg>IE</arg>
<arg>IL</arg>
<arg>IM</arg>
<arg>IN</arg>
<arg>IO</arg>
<arg>IQ</arg>
<arg>IR</arg>
<arg>IS</arg>
<arg>IT</arg>
<arg>JE</arg>
<arg>JM</arg>
<arg>JO</arg>
<arg>JP</arg>
<arg>KE</arg>
<arg>KG</arg>
<arg>KH</arg>
<arg>KI</arg>
<arg>KM</arg>
<arg>KN</arg>
<arg>KP</arg>
<arg>KR</arg>
<arg>KW</arg>
<arg>KY</arg>
<arg>KZ</arg>
<arg>LA</arg>
<arg>LB</arg>
<arg>LC</arg>
<arg>LI</arg>
<arg>LK</arg>
<arg>LR</arg>
<arg>LS</arg>
<arg>LT</arg>
<arg>LU</arg>
<arg>LV</arg>
<arg>LY</arg>
<arg>MA</arg>
<arg>MC</arg>
<arg>MD</arg>
<arg>ME</arg>
<arg>MF</arg>
<arg>MG</arg>
<arg>MH</arg>
<arg>MK</arg>
<arg>ML</arg>
<arg>MM</arg>
<arg>MN</arg>
<arg>MO</arg>
<arg>MP</arg>
<arg>MQ</arg>
<arg>MR</arg>
<arg>MS</arg>
<arg>MT</arg>
<arg>MU</arg>
<arg>MV</arg>
<arg>MW</arg>
<arg>MX</arg>
<arg>MY</arg>
<arg>MZ</arg>
<arg>NA</arg>
<arg>NC</arg>
<arg>NE</arg>
<arg>NF</arg>
<arg>NG</arg>
<arg>NI</arg>
<arg>NL</arg>
<arg>NO</arg>
<arg>NP</arg>
<arg>NR</arg>
<arg>NU</arg>
<arg>NZ</arg>
<arg>OM</arg>
<arg>PA</arg>
<arg>PE</arg>
<arg>PF</arg>
<arg>PG</arg>
<arg>PH</arg>
<arg>PK</arg>
<arg>PL</arg>
<arg>PM</arg>
<arg>PN</arg>
<arg>PR</arg>
<arg>PS</arg>
<arg>PT</arg>
<arg>PW</arg>
<arg>PY</arg>
<arg>QA</arg>
<arg>RE</arg>
<arg>RO</arg>
<arg>RS</arg>
<arg>RU</arg>
<arg>RW</arg>
<arg>SA</arg>
<arg>SB</arg>
<arg>SC</arg>
<arg>SD</arg>
<arg>SE</arg>
<arg>SG</arg>
<arg>SH</arg>
<arg>SI</arg>
<arg>SJ</arg>
<arg>SK</arg>
<arg>SL</arg>
<arg>SM</arg>
<arg>SN</arg>
<arg>SO</arg>
<arg>SR</arg>
<arg>SS</arg>
<arg>ST</arg>
<arg>SV</arg>
<arg>SX</arg>
<arg>SY</arg>
<arg>SZ</arg>
<arg>TC</arg>
<arg>TD</arg>
<arg>TF</arg>
<arg>TG</arg>
<arg>TH</arg>
<arg>TJ</arg>
<arg>TK</arg>
<arg>TL</arg>
<arg>TM</arg>
<arg>TN</arg>
<arg>TO</arg>
<arg>TR</arg>
<arg>TT</arg>
<arg>TV</arg>
<arg>TW</arg>
<arg>TZ</arg>
<arg>UA</arg>
<arg>UG</arg>
<arg>UM</arg>
<arg>US</arg>
<arg>UY</arg>
<arg>UZ</arg>
<arg>VA</arg>
<arg>VC</arg>
<arg>VE</arg>
<arg>VG</arg>
<arg>VI</arg>
<arg>VN</arg>
<arg>VU</arg>
<arg>WF</arg>
<arg>WS</arg>
<arg>XK</arg>
<arg>YE</arg>
<arg>YT</arg>
<arg>ZA</arg>
<arg>ZM</arg>
<arg>ZW</arg>
<doc>Returns a list containing given items.</doc>
<status status="PASS" start="2024-04-27T10:15:06.389085" elapsed="0.000618"/>
</kw>
<kw name="List Should Contain Value" owner="Collections">
<msg time="2024-04-27T10:15:06.390728" level="INFO">False</msg>
<arg>${list_country}</arg>
<arg>${name_country}</arg>
<doc>Fails if the ``value`` is not found from ``list``.</doc>
<status status="PASS" start="2024-04-27T10:15:06.390525" elapsed="0.000240"/>
</kw>
<kw name="Run Keyword If" owner="BuiltIn">
<kw name="Should Be True" owner="BuiltIn">
<arg>${True}</arg>
<doc>Fails if the given condition is not true.</doc>
<status status="PASS" start="2024-04-27T10:15:06.391884" elapsed="0.000144"/>
</kw>
<arg>${json_data["results"][0]["location"]["coordinates"]["latitude"]} &gt;= -90 and ${json_data["results"][0]["location"]["coordinates"]["latitude"]} &lt;= 90</arg>
<arg>Should Be True</arg>
<arg>${True}</arg>
<doc>Runs the given keyword with the given arguments, if ``condition`` is true.</doc>
<status status="PASS" start="2024-04-27T10:15:06.391073" elapsed="0.001082"/>
</kw>
<kw name="Run Keyword If" owner="BuiltIn">
<kw name="Should Be True" owner="BuiltIn">
<arg>${True}</arg>
<doc>Fails if the given condition is not true.</doc>
<status status="PASS" start="2024-04-27T10:15:06.393082" elapsed="0.000248"/>
</kw>
<arg>${json_data["results"][0]["location"]["coordinates"]["longitude"]} &gt;= -180 and ${json_data["results"][0]["location"]["coordinates"]["longitude"]} &lt;= 180</arg>
<arg>Should Be True</arg>
<arg>${True}</arg>
<doc>Runs the given keyword with the given arguments, if ``condition`` is true.</doc>
<status status="PASS" start="2024-04-27T10:15:06.392342" elapsed="0.001119"/>
</kw>
<status status="PASS" start="2024-04-27T10:15:06.292577" elapsed="0.101014"/>
</kw>
<doc>Testa o conteúdo específico dos campos retornados pela API.</doc>
<tag>testeConteudo</tag>
<status status="PASS" start="2024-04-27T10:15:06.292173" elapsed="0.101558"/>
</test>
<status status="PASS" start="2024-04-27T10:15:05.600263" elapsed="0.795404"/>
</suite>
<status status="PASS" start="2024-04-27T10:15:05.586955" elapsed="0.813794"/>
</suite>
<statistics>
<total>
<stat pass="5" fail="0" skip="0">All Tests</stat>
</total>
<tag>
<stat pass="1" fail="0" skip="0">testeConteudo</stat>
<stat pass="1" fail="0" skip="0">testeEstruturaResposta</stat>
<stat pass="1" fail="0" skip="0">testeRequisicaoBasica</stat>
<stat pass="1" fail="0" skip="0">testeTiposDados</stat>
</tag>
<suite>
<stat pass="5" fail="0" skip="0" id="s1" name="Tests">Tests</stat>
<stat pass="5" fail="0" skip="0" id="s1-s1" name="Random-User-Test">Tests.Random-User-Test</stat>
</suite>
</statistics>
<errors>
</errors>
</robot>
