<?xml version="1.0" encoding="UTF-8"?>
<robot generator="Robot 7.0 (Python 3.12.3 on linux)" generated="2024-05-03T01:03:56.642369" rpa="false" schemaversion="5">
<suite id="s1" name="Tests" source="/home/runner/work/DesafioQAItauRogerioJordao/DesafioQAItauRogerioJordao/RamdonUser/tests">
<suite id="s1-s1" name="Random-User-Test" source="/home/runner/work/DesafioQAItauRogerioJordao/DesafioQAItauRogerioJordao/RamdonUser/tests/random-user-test.robot">
<test id="s1-s1-t1" name="Conectar" line="13">
<kw name="Conectar API" owner="random-user-service">
<kw name="Create Session" owner="RequestsLibrary">
<msg time="2024-05-03T01:03:56.993935" level="INFO">Creating Session using : alias=consultarAPI, url=https://randomuser.me/, headers={},                     cookies={}, auth=None, timeout=None, proxies=None, verify=False,                     debug=0 </msg>
<arg>consultarAPI</arg>
<arg>${URL}</arg>
<doc>Create Session: create a HTTP session to a server</doc>
<status status="PASS" start="2024-05-03T01:03:56.993748" elapsed="0.000352"/>
</kw>
<status status="PASS" start="2024-05-03T01:03:56.992857" elapsed="0.001579"/>
</kw>
<status status="PASS" start="2024-05-03T01:03:56.992363" elapsed="0.002259"/>
</test>
<test id="s1-s1-t2" name="Validar retorno 200 e JSON Válido" line="16">
<kw name="Teste de Requisicao Basica" owner="random-user-service">
<kw name="GET On Session" owner="RequestsLibrary">
<msg time="2024-05-03T01:03:57.098529" level="INFO">GET Request : url=https://randomuser.me/api 
 path_url=/api 
 headers={'User-Agent': 'python-requests/2.31.0', 'Accept-Encoding': 'gzip, deflate', 'Accept': '*/*', 'Connection': 'keep-alive'} 
 body=None 
 </msg>
<msg time="2024-05-03T01:03:57.098664" level="INFO">GET Response : url=https://randomuser.me/api 
 status=200, reason=OK 
 headers={'Date': 'Fri, 03 May 2024 01:03:57 GMT', 'Content-Type': 'application/json; charset=utf-8', 'Transfer-Encoding': 'chunked', 'Connection': 'keep-alive', 'X-Powered-By': 'Express', 'Access-Control-Allow-Origin': '*', 'Cache-Control': 'no-cache', 'ETag': 'W/"4a8-CTYJiOFJ3dc675EOoY4RdhTI5XI"', 'Vary': 'Accept-Encoding', 'Content-Encoding': 'gzip', 'CF-Cache-Status': 'DYNAMIC', 'Report-To': '{"endpoints":[{"url":"https:\\/\\/a.nel.cloudflare.com\\/report\\/v4?s=M3KT78BHLRkgCoMwlW1pnt%2F3Brq1aNm9VFctpKNzdtIDFhv2zcNKzExuOvAwW0GNcB5iZJLfgBqORnZFaVIxOjgvOAMiLe%2BIjlKpv%2B0w0Uig674twDtlKK3QflTx3pTu"}],"group":"cf-nel","max_age":604800}', 'NEL': '{"success_fraction":0,"report_to":"cf-nel","max_age":604800}', 'Server': 'cloudflare', 'CF-RAY': '87dc558d8d8b22e5-ORD', 'alt-svc': 'h3=":443"; ma=86400'} 
 body={"results":[{"gender":"male","name":{"title":"Mr","first":"Anmol","last":"Fernandes"},"location":{"street":{"number":335,"name":"Carter Rd Promenade"},"city":"Bharatpur","state":"Andaman and Nicobar Islands","country":"India","postcode":46868,"coordinates":{"latitude":"12.2519","longitude":"-4.7878"},"timezone":{"offset":"+5:30","description":"Bombay, Calcutta, Madras, New Delhi"}},"email":"anmol.fernandes@example.com","login":{"uuid":"24b02206-eabf-4db5-996c-7638b7c16177","username":"happyrabbit540","password":"monkeybo","salt":"4OU72Qtw","md5":"e0e3895e116bca5d8f1ffe3bb87fa6b4","sha1":"b9b71b166ffa8be5c4477d7ddcc15f846a6aeea6","sha256":"4910ebe3845762fdccb6a938f9a89b32d0a2e8a6061f579273729981d11381cc"},"dob":{"date":"1969-01-10T06:43:53.031Z","age":55},"registered":{"date":"2006-03-25T14:05:19.675Z","age":18},"phone":"9471414444","cell":"8390293920","id":{"name":"UIDAI","value":"587151055224"},"picture":{"large":"https://randomuser.me/api/portraits/men/50.jpg","medium":"https://randomuser.me/api/portraits/med/men/50.jpg","thumbnail":"https://randomuser.me/api/portraits/thumb/men/50.jpg"},"nat":"IN"}],"info":{"seed":"e87d8c709a7d187c","results":1,"page":1,"version":"1.4"}} 
 </msg>
<msg time="2024-05-03T01:03:57.098756" level="INFO">/opt/hostedtoolcache/Python/3.12.3/x64/lib/python3.12/site-packages/urllib3/connectionpool.py:1103: InsecureRequestWarning: Unverified HTTPS request is being made to host 'randomuser.me'. Adding certificate verification is strongly advised. See: https://urllib3.readthedocs.io/en/latest/advanced-usage.html#tls-warnings
  warnings.warn(</msg>
<msg time="2024-05-03T01:03:57.098897" level="INFO">${response} = &lt;Response [200]&gt;</msg>
<var>${response}</var>
<arg>consultarAPI</arg>
<arg>/api</arg>
<doc>Sends a GET request on a previously created HTTP Session.</doc>
<status status="PASS" start="2024-05-03T01:03:56.997234" elapsed="0.101719"/>
</kw>
<kw name="Should Be Equal As Numbers" owner="BuiltIn">
<msg time="2024-05-03T01:03:57.099738" level="INFO">Argument types are:
&lt;class 'int'&gt;
&lt;class 'str'&gt;</msg>
<arg>${response.status_code}</arg>
<arg>200</arg>
<doc>Fails if objects are unequal after converting them to real numbers.</doc>
<status status="PASS" start="2024-05-03T01:03:57.099331" elapsed="0.000469"/>
</kw>
<kw name="Log" owner="BuiltIn">
<msg time="2024-05-03T01:03:57.100534" level="INFO">200</msg>
<arg>${response.status_code}</arg>
<doc>Logs the given message with the given level.</doc>
<status status="PASS" start="2024-05-03T01:03:57.100178" elapsed="0.000398"/>
</kw>
<kw name="Set Variable" owner="BuiltIn">
<msg time="2024-05-03T01:03:57.101307" level="INFO">${json_data} = {'results': [{'gender': 'male', 'name': {'title': 'Mr', 'first': 'Anmol', 'last': 'Fernandes'}, 'location': {'street': {'number': 335, 'name': 'Carter Rd Promenade'}, 'city': 'Bharatpur', 'state': 'An...</msg>
<var>${json_data}</var>
<arg>${response.json()}</arg>
<doc>Returns the given values which can then be assigned to a variables.</doc>
<status status="PASS" start="2024-05-03T01:03:57.100881" elapsed="0.000454"/>
</kw>
<kw name="Dictionary Should Contain Key" owner="Collections">
<msg time="2024-05-03T01:03:57.101800" level="INFO">False</msg>
<arg>${json_data}</arg>
<arg>results</arg>
<doc>Fails if ``key`` is not found from ``dictionary``.</doc>
<status status="PASS" start="2024-05-03T01:03:57.101633" elapsed="0.000207"/>
</kw>
<status status="PASS" start="2024-05-03T01:03:56.996996" elapsed="0.105093"/>
</kw>
<doc>Testa se a API responde corretamente e retorna um objeto JSON válido.</doc>
<tag>testeRequisicaoBasica</tag>
<status status="PASS" start="2024-05-03T01:03:56.996542" elapsed="0.105713"/>
</test>
<test id="s1-s1-t3" name="Validar estrutura de resposta" line="22">
<kw name="Teste de Estrutura de Resposta" owner="random-user-service">
<kw name="GET On Session" owner="RequestsLibrary">
<msg time="2024-05-03T01:03:57.212885" level="INFO">GET Request : url=https://randomuser.me/api 
 path_url=/api 
 headers={'User-Agent': 'python-requests/2.31.0', 'Accept-Encoding': 'gzip, deflate', 'Accept': '*/*', 'Connection': 'keep-alive'} 
 body=None 
 </msg>
<msg time="2024-05-03T01:03:57.212971" level="INFO">GET Response : url=https://randomuser.me/api 
 status=200, reason=OK 
 headers={'Date': 'Fri, 03 May 2024 01:03:57 GMT', 'Content-Type': 'application/json; charset=utf-8', 'Transfer-Encoding': 'chunked', 'Connection': 'keep-alive', 'X-Powered-By': 'Express', 'Access-Control-Allow-Origin': '*', 'Cache-Control': 'no-cache', 'ETag': 'W/"48f-1Z4uR3NqZag7whTcYkkOIOH2V8M"', 'Vary': 'Accept-Encoding', 'Content-Encoding': 'gzip', 'CF-Cache-Status': 'DYNAMIC', 'Report-To': '{"endpoints":[{"url":"https:\\/\\/a.nel.cloudflare.com\\/report\\/v4?s=eSyti3P1FOl0i61y6pNvqXplyKrpc75lF8Ag%2BTtdnZj9Q%2BpYmtnnURUuPVt3sJbUIVggyA0RHbvnsSw2T8IH9PVtbeKnR6v%2FhZPuGFS3Sj925UpnC4EEhlpqc4oMBISV"}],"group":"cf-nel","max_age":604800}', 'NEL': '{"success_fraction":0,"report_to":"cf-nel","max_age":604800}', 'Server': 'cloudflare', 'CF-RAY': '87dc558dee1522e5-ORD', 'alt-svc': 'h3=":443"; ma=86400'} 
 body={"results":[{"gender":"male","name":{"title":"Mr","first":"Ole","last":"Schjetne"},"location":{"street":{"number":9321,"name":"Wilhelm Færdens vei"},"city":"Ålgård","state":"Møre og Romsdal","country":"Norway","postcode":"2825","coordinates":{"latitude":"45.4088","longitude":"-6.4576"},"timezone":{"offset":"+8:00","description":"Beijing, Perth, Singapore, Hong Kong"}},"email":"ole.schjetne@example.com","login":{"uuid":"bbdeff60-ea0b-40e6-8cec-e891598b8c22","username":"whiterabbit895","password":"samuel1","salt":"4OaUc6yb","md5":"354b4f2f9ea10e78e36e63ccb937f889","sha1":"f24b42294897fec77706a8685d302891092f4d48","sha256":"86fb1279c36a37cbb50f85eb7db9957a794034c385c4add2e69fa7019c7a6a14"},"dob":{"date":"1975-01-03T21:07:55.406Z","age":49},"registered":{"date":"2014-02-27T09:06:27.892Z","age":10},"phone":"55575811","cell":"42467767","id":{"name":"FN","value":"03017516166"},"picture":{"large":"https://randomuser.me/api/portraits/men/7.jpg","medium":"https://randomuser.me/api/portraits/med/men/7.jpg","thumbnail":"https://randomuser.me/api/portraits/thumb/men/7.jpg"},"nat":"NO"}],"info":{"seed":"c2c691a7ca314dde","results":1,"page":1,"version":"1.4"}} 
 </msg>
<msg time="2024-05-03T01:03:57.213095" level="INFO">/opt/hostedtoolcache/Python/3.12.3/x64/lib/python3.12/site-packages/urllib3/connectionpool.py:1103: InsecureRequestWarning: Unverified HTTPS request is being made to host 'randomuser.me'. Adding certificate verification is strongly advised. See: https://urllib3.readthedocs.io/en/latest/advanced-usage.html#tls-warnings
  warnings.warn(</msg>
<msg time="2024-05-03T01:03:57.213208" level="INFO">${response} = &lt;Response [200]&gt;</msg>
<var>${response}</var>
<arg>consultarAPI</arg>
<arg>/api</arg>
<doc>Sends a GET request on a previously created HTTP Session.</doc>
<status status="PASS" start="2024-05-03T01:03:57.104880" elapsed="0.108369"/>
</kw>
<kw name="Set Variable" owner="BuiltIn">
<msg time="2024-05-03T01:03:57.214331" level="INFO">${json_data} = {'results': [{'gender': 'male', 'name': {'title': 'Mr', 'first': 'Ole', 'last': 'Schjetne'}, 'location': {'street': {'number': 9321, 'name': 'Wilhelm Færdens vei'}, 'city': 'Ålgård', 'state': 'Møre og...</msg>
<var>${json_data}</var>
<arg>${response.json()}</arg>
<doc>Returns the given values which can then be assigned to a variables.</doc>
<status status="PASS" start="2024-05-03T01:03:57.213724" elapsed="0.000636"/>
</kw>
<kw name="Log" owner="BuiltIn">
<msg time="2024-05-03T01:03:57.214824" level="INFO">{'results': [{'gender': 'male', 'name': {'title': 'Mr', 'first': 'Ole', 'last': 'Schjetne'}, 'location': {'street': {'number': 9321, 'name': 'Wilhelm Færdens vei'}, 'city': 'Ålgård', 'state': 'Møre og Romsdal', 'country': 'Norway', 'postcode': '2825', 'coordinates': {'latitude': '45.4088', 'longitude': '-6.4576'}, 'timezone': {'offset': '+8:00', 'description': 'Beijing, Perth, Singapore, Hong Kong'}}, 'email': 'ole.schjetne@example.com', 'login': {'uuid': 'bbdeff60-ea0b-40e6-8cec-e891598b8c22', 'username': 'whiterabbit895', 'password': 'samuel1', 'salt': '4OaUc6yb', 'md5': '354b4f2f9ea10e78e36e63ccb937f889', 'sha1': 'f24b42294897fec77706a8685d302891092f4d48', 'sha256': '86fb1279c36a37cbb50f85eb7db9957a794034c385c4add2e69fa7019c7a6a14'}, 'dob': {'date': '1975-01-03T21:07:55.406Z', 'age': 49}, 'registered': {'date': '2014-02-27T09:06:27.892Z', 'age': 10}, 'phone': '55575811', 'cell': '42467767', 'id': {'name': 'FN', 'value': '03017516166'}, 'picture': {'large': 'https://randomuser.me/api/portraits/men/7.jpg', 'medium': 'https://randomuser.me/api/portraits/med/men/7.jpg', 'thumbnail': 'https://randomuser.me/api/portraits/thumb/men/7.jpg'}, 'nat': 'NO'}], 'info': {'seed': 'c2c691a7ca314dde', 'results': 1, 'page': 1, 'version': '1.4'}}</msg>
<arg>${json_data}</arg>
<doc>Logs the given message with the given level.</doc>
<status status="PASS" start="2024-05-03T01:03:57.214665" elapsed="0.000209"/>
</kw>
<kw name="Dictionary Should Contain Key" owner="Collections">
<msg time="2024-05-03T01:03:57.215331" level="INFO">False</msg>
<arg>${json_data}</arg>
<arg>results</arg>
<doc>Fails if ``key`` is not found from ``dictionary``.</doc>
<status status="PASS" start="2024-05-03T01:03:57.215176" elapsed="0.000193"/>
</kw>
<kw name="Should Not Be Empty" owner="BuiltIn">
<msg time="2024-05-03T01:03:57.215793" level="INFO">Length is 2.</msg>
<arg>${json_data}</arg>
<doc>Verifies that the given item is not empty.</doc>
<status status="PASS" start="2024-05-03T01:03:57.215659" elapsed="0.000332"/>
</kw>
<kw name="Create List" owner="BuiltIn">
<msg time="2024-05-03T01:03:57.216449" level="INFO">${expected_keys} = ['gender', 'name', 'location', 'email', 'login']</msg>
<var>${expected_keys}</var>
<arg>gender</arg>
<arg>name</arg>
<arg>location</arg>
<arg>email</arg>
<arg>login</arg>
<doc>Returns a list containing given items.</doc>
<status status="PASS" start="2024-05-03T01:03:57.216294" elapsed="0.000180"/>
</kw>
<for flavor="IN">
<iter>
<kw name="Dictionary Should Contain Key" owner="Collections">
<msg time="2024-05-03T01:03:57.217425" level="INFO">False</msg>
<arg>${json_data['results'][0]}</arg>
<arg>${key}</arg>
<doc>Fails if ``key`` is not found from ``dictionary``.</doc>
<status status="PASS" start="2024-05-03T01:03:57.217026" elapsed="0.000437"/>
</kw>
<kw name="Log" owner="BuiltIn">
<msg time="2024-05-03T01:03:57.218124" level="INFO">{'gender': 'male', 'name': {'title': 'Mr', 'first': 'Ole', 'last': 'Schjetne'}, 'location': {'street': {'number': 9321, 'name': 'Wilhelm Færdens vei'}, 'city': 'Ålgård', 'state': 'Møre og Romsdal', 'country': 'Norway', 'postcode': '2825', 'coordinates': {'latitude': '45.4088', 'longitude': '-6.4576'}, 'timezone': {'offset': '+8:00', 'description': 'Beijing, Perth, Singapore, Hong Kong'}}, 'email': 'ole.schjetne@example.com', 'login': {'uuid': 'bbdeff60-ea0b-40e6-8cec-e891598b8c22', 'username': 'whiterabbit895', 'password': 'samuel1', 'salt': '4OaUc6yb', 'md5': '354b4f2f9ea10e78e36e63ccb937f889', 'sha1': 'f24b42294897fec77706a8685d302891092f4d48', 'sha256': '86fb1279c36a37cbb50f85eb7db9957a794034c385c4add2e69fa7019c7a6a14'}, 'dob': {'date': '1975-01-03T21:07:55.406Z', 'age': 49}, 'registered': {'date': '2014-02-27T09:06:27.892Z', 'age': 10}, 'phone': '55575811', 'cell': '42467767', 'id': {'name': 'FN', 'value': '03017516166'}, 'picture': {'large': 'https://randomuser.me/api/portraits/men/7.jpg', 'medium': 'https://randomuser.me/api/portraits/med/men/7.jpg', 'thumbnail': 'https://randomuser.me/api/portraits/thumb/men/7.jpg'}, 'nat': 'NO'}</msg>
<arg>${json_data['results'][0]}</arg>
<doc>Logs the given message with the given level.</doc>
<status status="PASS" start="2024-05-03T01:03:57.217760" elapsed="0.000414"/>
</kw>
<kw name="Log" owner="BuiltIn">
<msg time="2024-05-03T01:03:57.218603" level="INFO">gender</msg>
<arg>${key}</arg>
<doc>Logs the given message with the given level.</doc>
<status status="PASS" start="2024-05-03T01:03:57.218476" elapsed="0.000165"/>
</kw>
<var name="${key}">gender</var>
<status status="PASS" start="2024-05-03T01:03:57.216904" elapsed="0.001948"/>
</iter>
<iter>
<kw name="Dictionary Should Contain Key" owner="Collections">
<msg time="2024-05-03T01:03:57.219531" level="INFO">False</msg>
<arg>${json_data['results'][0]}</arg>
<arg>${key}</arg>
<doc>Fails if ``key`` is not found from ``dictionary``.</doc>
<status status="PASS" start="2024-05-03T01:03:57.219158" elapsed="0.000410"/>
</kw>
<kw name="Log" owner="BuiltIn">
<msg time="2024-05-03T01:03:57.220278" level="INFO">{'gender': 'male', 'name': {'title': 'Mr', 'first': 'Ole', 'last': 'Schjetne'}, 'location': {'street': {'number': 9321, 'name': 'Wilhelm Færdens vei'}, 'city': 'Ålgård', 'state': 'Møre og Romsdal', 'country': 'Norway', 'postcode': '2825', 'coordinates': {'latitude': '45.4088', 'longitude': '-6.4576'}, 'timezone': {'offset': '+8:00', 'description': 'Beijing, Perth, Singapore, Hong Kong'}}, 'email': 'ole.schjetne@example.com', 'login': {'uuid': 'bbdeff60-ea0b-40e6-8cec-e891598b8c22', 'username': 'whiterabbit895', 'password': 'samuel1', 'salt': '4OaUc6yb', 'md5': '354b4f2f9ea10e78e36e63ccb937f889', 'sha1': 'f24b42294897fec77706a8685d302891092f4d48', 'sha256': '86fb1279c36a37cbb50f85eb7db9957a794034c385c4add2e69fa7019c7a6a14'}, 'dob': {'date': '1975-01-03T21:07:55.406Z', 'age': 49}, 'registered': {'date': '2014-02-27T09:06:27.892Z', 'age': 10}, 'phone': '55575811', 'cell': '42467767', 'id': {'name': 'FN', 'value': '03017516166'}, 'picture': {'large': 'https://randomuser.me/api/portraits/men/7.jpg', 'medium': 'https://randomuser.me/api/portraits/med/men/7.jpg', 'thumbnail': 'https://randomuser.me/api/portraits/thumb/men/7.jpg'}, 'nat': 'NO'}</msg>
<arg>${json_data['results'][0]}</arg>
<doc>Logs the given message with the given level.</doc>
<status status="PASS" start="2024-05-03T01:03:57.219906" elapsed="0.000421"/>
</kw>
<kw name="Log" owner="BuiltIn">
<msg time="2024-05-03T01:03:57.220751" level="INFO">name</msg>
<arg>${key}</arg>
<doc>Logs the given message with the given level.</doc>
<status status="PASS" start="2024-05-03T01:03:57.220625" elapsed="0.000163"/>
</kw>
<var name="${key}">name</var>
<status status="PASS" start="2024-05-03T01:03:57.219036" elapsed="0.001965"/>
</iter>
<iter>
<kw name="Dictionary Should Contain Key" owner="Collections">
<msg time="2024-05-03T01:03:57.221669" level="INFO">False</msg>
<arg>${json_data['results'][0]}</arg>
<arg>${key}</arg>
<doc>Fails if ``key`` is not found from ``dictionary``.</doc>
<status status="PASS" start="2024-05-03T01:03:57.221290" elapsed="0.000416"/>
</kw>
<kw name="Log" owner="BuiltIn">
<msg time="2024-05-03T01:03:57.222359" level="INFO">{'gender': 'male', 'name': {'title': 'Mr', 'first': 'Ole', 'last': 'Schjetne'}, 'location': {'street': {'number': 9321, 'name': 'Wilhelm Færdens vei'}, 'city': 'Ålgård', 'state': 'Møre og Romsdal', 'country': 'Norway', 'postcode': '2825', 'coordinates': {'latitude': '45.4088', 'longitude': '-6.4576'}, 'timezone': {'offset': '+8:00', 'description': 'Beijing, Perth, Singapore, Hong Kong'}}, 'email': 'ole.schjetne@example.com', 'login': {'uuid': 'bbdeff60-ea0b-40e6-8cec-e891598b8c22', 'username': 'whiterabbit895', 'password': 'samuel1', 'salt': '4OaUc6yb', 'md5': '354b4f2f9ea10e78e36e63ccb937f889', 'sha1': 'f24b42294897fec77706a8685d302891092f4d48', 'sha256': '86fb1279c36a37cbb50f85eb7db9957a794034c385c4add2e69fa7019c7a6a14'}, 'dob': {'date': '1975-01-03T21:07:55.406Z', 'age': 49}, 'registered': {'date': '2014-02-27T09:06:27.892Z', 'age': 10}, 'phone': '55575811', 'cell': '42467767', 'id': {'name': 'FN', 'value': '03017516166'}, 'picture': {'large': 'https://randomuser.me/api/portraits/men/7.jpg', 'medium': 'https://randomuser.me/api/portraits/med/men/7.jpg', 'thumbnail': 'https://randomuser.me/api/portraits/thumb/men/7.jpg'}, 'nat': 'NO'}</msg>
<arg>${json_data['results'][0]}</arg>
<doc>Logs the given message with the given level.</doc>
<status status="PASS" start="2024-05-03T01:03:57.221998" elapsed="0.000409"/>
</kw>
<kw name="Log" owner="BuiltIn">
<msg time="2024-05-03T01:03:57.222824" level="INFO">location</msg>
<arg>${key}</arg>
<doc>Logs the given message with the given level.</doc>
<status status="PASS" start="2024-05-03T01:03:57.222700" elapsed="0.000162"/>
</kw>
<var name="${key}">location</var>
<status status="PASS" start="2024-05-03T01:03:57.221178" elapsed="0.001893"/>
</iter>
<iter>
<kw name="Dictionary Should Contain Key" owner="Collections">
<msg time="2024-05-03T01:03:57.223735" level="INFO">False</msg>
<arg>${json_data['results'][0]}</arg>
<arg>${key}</arg>
<doc>Fails if ``key`` is not found from ``dictionary``.</doc>
<status status="PASS" start="2024-05-03T01:03:57.223349" elapsed="0.000421"/>
</kw>
<kw name="Log" owner="BuiltIn">
<msg time="2024-05-03T01:03:57.224459" level="INFO">{'gender': 'male', 'name': {'title': 'Mr', 'first': 'Ole', 'last': 'Schjetne'}, 'location': {'street': {'number': 9321, 'name': 'Wilhelm Færdens vei'}, 'city': 'Ålgård', 'state': 'Møre og Romsdal', 'country': 'Norway', 'postcode': '2825', 'coordinates': {'latitude': '45.4088', 'longitude': '-6.4576'}, 'timezone': {'offset': '+8:00', 'description': 'Beijing, Perth, Singapore, Hong Kong'}}, 'email': 'ole.schjetne@example.com', 'login': {'uuid': 'bbdeff60-ea0b-40e6-8cec-e891598b8c22', 'username': 'whiterabbit895', 'password': 'samuel1', 'salt': '4OaUc6yb', 'md5': '354b4f2f9ea10e78e36e63ccb937f889', 'sha1': 'f24b42294897fec77706a8685d302891092f4d48', 'sha256': '86fb1279c36a37cbb50f85eb7db9957a794034c385c4add2e69fa7019c7a6a14'}, 'dob': {'date': '1975-01-03T21:07:55.406Z', 'age': 49}, 'registered': {'date': '2014-02-27T09:06:27.892Z', 'age': 10}, 'phone': '55575811', 'cell': '42467767', 'id': {'name': 'FN', 'value': '03017516166'}, 'picture': {'large': 'https://randomuser.me/api/portraits/men/7.jpg', 'medium': 'https://randomuser.me/api/portraits/med/men/7.jpg', 'thumbnail': 'https://randomuser.me/api/portraits/thumb/men/7.jpg'}, 'nat': 'NO'}</msg>
<arg>${json_data['results'][0]}</arg>
<doc>Logs the given message with the given level.</doc>
<status status="PASS" start="2024-05-03T01:03:57.224099" elapsed="0.000410"/>
</kw>
<kw name="Log" owner="BuiltIn">
<msg time="2024-05-03T01:03:57.224922" level="INFO">email</msg>
<arg>${key}</arg>
<doc>Logs the given message with the given level.</doc>
<status status="PASS" start="2024-05-03T01:03:57.224797" elapsed="0.000162"/>
</kw>
<var name="${key}">email</var>
<status status="PASS" start="2024-05-03T01:03:57.223241" elapsed="0.001935"/>
</iter>
<iter>
<kw name="Dictionary Should Contain Key" owner="Collections">
<msg time="2024-05-03T01:03:57.225850" level="INFO">False</msg>
<arg>${json_data['results'][0]}</arg>
<arg>${key}</arg>
<doc>Fails if ``key`` is not found from ``dictionary``.</doc>
<status status="PASS" start="2024-05-03T01:03:57.225458" elapsed="0.000429"/>
</kw>
<kw name="Log" owner="BuiltIn">
<msg time="2024-05-03T01:03:57.226543" level="INFO">{'gender': 'male', 'name': {'title': 'Mr', 'first': 'Ole', 'last': 'Schjetne'}, 'location': {'street': {'number': 9321, 'name': 'Wilhelm Færdens vei'}, 'city': 'Ålgård', 'state': 'Møre og Romsdal', 'country': 'Norway', 'postcode': '2825', 'coordinates': {'latitude': '45.4088', 'longitude': '-6.4576'}, 'timezone': {'offset': '+8:00', 'description': 'Beijing, Perth, Singapore, Hong Kong'}}, 'email': 'ole.schjetne@example.com', 'login': {'uuid': 'bbdeff60-ea0b-40e6-8cec-e891598b8c22', 'username': 'whiterabbit895', 'password': 'samuel1', 'salt': '4OaUc6yb', 'md5': '354b4f2f9ea10e78e36e63ccb937f889', 'sha1': 'f24b42294897fec77706a8685d302891092f4d48', 'sha256': '86fb1279c36a37cbb50f85eb7db9957a794034c385c4add2e69fa7019c7a6a14'}, 'dob': {'date': '1975-01-03T21:07:55.406Z', 'age': 49}, 'registered': {'date': '2014-02-27T09:06:27.892Z', 'age': 10}, 'phone': '55575811', 'cell': '42467767', 'id': {'name': 'FN', 'value': '03017516166'}, 'picture': {'large': 'https://randomuser.me/api/portraits/men/7.jpg', 'medium': 'https://randomuser.me/api/portraits/med/men/7.jpg', 'thumbnail': 'https://randomuser.me/api/portraits/thumb/men/7.jpg'}, 'nat': 'NO'}</msg>
<arg>${json_data['results'][0]}</arg>
<doc>Logs the given message with the given level.</doc>
<status status="PASS" start="2024-05-03T01:03:57.226177" elapsed="0.000416"/>
</kw>
<kw name="Log" owner="BuiltIn">
<msg time="2024-05-03T01:03:57.227018" level="INFO">login</msg>
<arg>${key}</arg>
<doc>Logs the given message with the given level.</doc>
<status status="PASS" start="2024-05-03T01:03:57.226886" elapsed="0.000169"/>
</kw>
<var name="${key}">login</var>
<status status="PASS" start="2024-05-03T01:03:57.225347" elapsed="0.001949"/>
</iter>
<var>${key}</var>
<value>@{expected_keys}</value>
<status status="PASS" start="2024-05-03T01:03:57.216725" elapsed="0.010697"/>
</for>
<kw name="Create List" owner="BuiltIn">
<msg time="2024-05-03T01:03:57.227747" level="INFO">${expected_keysTwo} = ['username', 'password']</msg>
<var>${expected_keysTwo}</var>
<arg>username</arg>
<arg>password</arg>
<doc>Returns a list containing given items.</doc>
<status status="PASS" start="2024-05-03T01:03:57.227612" elapsed="0.000157"/>
</kw>
<for flavor="IN">
<iter>
<kw name="Dictionary Should Contain Key" owner="Collections">
<msg time="2024-05-03T01:03:57.228661" level="INFO">False</msg>
<arg>${json_data['results'][0]['login']}</arg>
<arg>${keyTwo}</arg>
<doc>Fails if ``key`` is not found from ``dictionary``.</doc>
<status status="PASS" start="2024-05-03T01:03:57.228281" elapsed="0.000417"/>
</kw>
<kw name="Dictionary Should Contain Key" owner="Collections">
<msg time="2024-05-03T01:03:57.229373" level="INFO">False</msg>
<arg>${json_data['results'][0]['login']}</arg>
<arg>${keyTwo}</arg>
<doc>Fails if ``key`` is not found from ``dictionary``.</doc>
<status status="PASS" start="2024-05-03T01:03:57.228989" elapsed="0.000421"/>
</kw>
<kw name="Log" owner="BuiltIn">
<msg time="2024-05-03T01:03:57.229824" level="INFO">username</msg>
<arg>${keyTwo}</arg>
<doc>Logs the given message with the given level.</doc>
<status status="PASS" start="2024-05-03T01:03:57.229699" elapsed="0.000166"/>
</kw>
<var name="${keyTwo}">username</var>
<status status="PASS" start="2024-05-03T01:03:57.228173" elapsed="0.001903"/>
</iter>
<iter>
<kw name="Dictionary Should Contain Key" owner="Collections">
<msg time="2024-05-03T01:03:57.230816" level="INFO">False</msg>
<arg>${json_data['results'][0]['login']}</arg>
<arg>${keyTwo}</arg>
<doc>Fails if ``key`` is not found from ``dictionary``.</doc>
<status status="PASS" start="2024-05-03T01:03:57.230351" elapsed="0.000504"/>
</kw>
<kw name="Dictionary Should Contain Key" owner="Collections">
<msg time="2024-05-03T01:03:57.231528" level="INFO">False</msg>
<arg>${json_data['results'][0]['login']}</arg>
<arg>${keyTwo}</arg>
<doc>Fails if ``key`` is not found from ``dictionary``.</doc>
<status status="PASS" start="2024-05-03T01:03:57.231147" elapsed="0.000417"/>
</kw>
<kw name="Log" owner="BuiltIn">
<msg time="2024-05-03T01:03:57.232011" level="INFO">password</msg>
<arg>${keyTwo}</arg>
<doc>Logs the given message with the given level.</doc>
<status status="PASS" start="2024-05-03T01:03:57.231873" elapsed="0.000176"/>
</kw>
<var name="${keyTwo}">password</var>
<status status="PASS" start="2024-05-03T01:03:57.230244" elapsed="0.002020"/>
</iter>
<var>${keyTwo}</var>
<value>@{expected_keysTwo}</value>
<status status="PASS" start="2024-05-03T01:03:57.228022" elapsed="0.004361"/>
</for>
<status status="PASS" start="2024-05-03T01:03:57.104647" elapsed="0.127873"/>
</kw>
<doc>Testa a estrutura da resposta da API.</doc>
<tag>testeEstruturaResposta</tag>
<status status="PASS" start="2024-05-03T01:03:57.104081" elapsed="0.128586"/>
</test>
<test id="s1-s1-t4" name="Validar tipos de dados" line="28">
<kw name="Teste de Tipos de Dados" owner="random-user-service">
<kw name="GET On Session" owner="RequestsLibrary">
<msg time="2024-05-03T01:03:57.301552" level="INFO">GET Request : url=https://randomuser.me/api 
 path_url=/api 
 headers={'User-Agent': 'python-requests/2.31.0', 'Accept-Encoding': 'gzip, deflate', 'Accept': '*/*', 'Connection': 'keep-alive'} 
 body=None 
 </msg>
<msg time="2024-05-03T01:03:57.301634" level="INFO">GET Response : url=https://randomuser.me/api 
 status=200, reason=OK 
 headers={'Date': 'Fri, 03 May 2024 01:03:57 GMT', 'Content-Type': 'application/json; charset=utf-8', 'Transfer-Encoding': 'chunked', 'Connection': 'keep-alive', 'X-Powered-By': 'Express', 'Access-Control-Allow-Origin': '*', 'Cache-Control': 'no-cache', 'ETag': 'W/"48a-QH/ZyofUkJu+9IaldHVpTUrtMj4"', 'Vary': 'Accept-Encoding', 'Content-Encoding': 'gzip', 'CF-Cache-Status': 'DYNAMIC', 'Report-To': '{"endpoints":[{"url":"https:\\/\\/a.nel.cloudflare.com\\/report\\/v4?s=FNAl2PCBczpHOe9zo2MDlV9AYsP1ZkWbCcXdL3Xv0%2BLn14wFOY3nmS%2FWcfGR%2FsLvzSj4SuNSjZcXwmuMpzpsoTlhD%2B7TJ8aGaUjKRly6dAYZJiWhSk%2BvWVfKKbb6PZyr"}],"group":"cf-nel","max_age":604800}', 'NEL': '{"success_fraction":0,"report_to":"cf-nel","max_age":604800}', 'Server': 'cloudflare', 'CF-RAY': '87dc558ebf5f22e5-ORD', 'alt-svc': 'h3=":443"; ma=86400'} 
 body={"results":[{"gender":"male","name":{"title":"Mr","first":"Yaropolk","last":"Dovgoshiya"},"location":{"street":{"number":1625,"name":"Kadiyivska"},"city":"Apostolove","state":"Kirovogradska","country":"Ukraine","postcode":17770,"coordinates":{"latitude":"76.6996","longitude":"-103.6173"},"timezone":{"offset":"+6:00","description":"Almaty, Dhaka, Colombo"}},"email":"yaropolk.dovgoshiya@example.com","login":{"uuid":"f4c26061-68a8-4328-946b-b2bf9399137a","username":"happypeacock768","password":"cupcake","salt":"xHNFmhIK","md5":"b11d8c1500469a891f2bd44e77f4b5a6","sha1":"f129f7760d9fd3f9adeb9e879ab95d45b902f354","sha256":"78afbd086eee66d3b7a0dff98adeb32035a9f259f6516b53a52cf10b23ad96c0"},"dob":{"date":"1952-12-10T13:52:07.584Z","age":71},"registered":{"date":"2016-04-21T13:33:04.546Z","age":8},"phone":"(097) E56-0246","cell":"(096) S84-0502","id":{"name":"","value":null},"picture":{"large":"https://randomuser.me/api/portraits/men/97.jpg","medium":"https://randomuser.me/api/portraits/med/men/97.jpg","thumbnail":"https://randomuser.me/api/portraits/thumb/men/97.jpg"},"nat":"UA"}],"info":{"seed":"391c042aa2a3a0ba","results":1,"page":1,"version":"1.4"}} 
 </msg>
<msg time="2024-05-03T01:03:57.301709" level="INFO">/opt/hostedtoolcache/Python/3.12.3/x64/lib/python3.12/site-packages/urllib3/connectionpool.py:1103: InsecureRequestWarning: Unverified HTTPS request is being made to host 'randomuser.me'. Adding certificate verification is strongly advised. See: https://urllib3.readthedocs.io/en/latest/advanced-usage.html#tls-warnings
  warnings.warn(</msg>
<msg time="2024-05-03T01:03:57.301827" level="INFO">${response} = &lt;Response [200]&gt;</msg>
<var>${response}</var>
<arg>consultarAPI</arg>
<arg>/api</arg>
<doc>Sends a GET request on a previously created HTTP Session.</doc>
<status status="PASS" start="2024-05-03T01:03:57.235140" elapsed="0.066743"/>
</kw>
<kw name="Set Variable" owner="BuiltIn">
<msg time="2024-05-03T01:03:57.303143" level="INFO">${json_data} = {'results': [{'gender': 'male', 'name': {'title': 'Mr', 'first': 'Yaropolk', 'last': 'Dovgoshiya'}, 'location': {'street': {'number': 1625, 'name': 'Kadiyivska'}, 'city': 'Apostolove', 'state': 'Kirov...</msg>
<var>${json_data}</var>
<arg>${response.json()}</arg>
<doc>Returns the given values which can then be assigned to a variables.</doc>
<status status="PASS" start="2024-05-03T01:03:57.302473" elapsed="0.000698"/>
</kw>
<kw name="Log" owner="BuiltIn">
<msg time="2024-05-03T01:03:57.303623" level="INFO">{'results': [{'gender': 'male', 'name': {'title': 'Mr', 'first': 'Yaropolk', 'last': 'Dovgoshiya'}, 'location': {'street': {'number': 1625, 'name': 'Kadiyivska'}, 'city': 'Apostolove', 'state': 'Kirovogradska', 'country': 'Ukraine', 'postcode': 17770, 'coordinates': {'latitude': '76.6996', 'longitude': '-103.6173'}, 'timezone': {'offset': '+6:00', 'description': 'Almaty, Dhaka, Colombo'}}, 'email': 'yaropolk.dovgoshiya@example.com', 'login': {'uuid': 'f4c26061-68a8-4328-946b-b2bf9399137a', 'username': 'happypeacock768', 'password': 'cupcake', 'salt': 'xHNFmhIK', 'md5': 'b11d8c1500469a891f2bd44e77f4b5a6', 'sha1': 'f129f7760d9fd3f9adeb9e879ab95d45b902f354', 'sha256': '78afbd086eee66d3b7a0dff98adeb32035a9f259f6516b53a52cf10b23ad96c0'}, 'dob': {'date': '1952-12-10T13:52:07.584Z', 'age': 71}, 'registered': {'date': '2016-04-21T13:33:04.546Z', 'age': 8}, 'phone': '(097) E56-0246', 'cell': '(096) S84-0502', 'id': {'name': '', 'value': None}, 'picture': {'large': 'https://randomuser.me/api/portraits/men/97.jpg', 'medium': 'https://randomuser.me/api/portraits/med/men/97.jpg', 'thumbnail': 'https://randomuser.me/api/portraits/thumb/men/97.jpg'}, 'nat': 'UA'}], 'info': {'seed': '391c042aa2a3a0ba', 'results': 1, 'page': 1, 'version': '1.4'}}</msg>
<arg>${json_data}</arg>
<doc>Logs the given message with the given level.</doc>
<status status="PASS" start="2024-05-03T01:03:57.303474" elapsed="0.000226"/>
</kw>
<kw name="Should Be String" owner="String">
<arg>${json_data['results'][0]['gender']}</arg>
<doc>Fails if the given ``item`` is not a string.</doc>
<status status="PASS" start="2024-05-03T01:03:57.304037" elapsed="0.000358"/>
</kw>
<kw name="Should Match Regexp" owner="BuiltIn">
<arg>${json_data['results'][0]['email']}</arg>
<arg>^[a-zA-Z0-9._%+-]+@[a-zA-Z0-9.-]+\.[a-zA-Z]{2,}$</arg>
<doc>Fails if ``string`` does not match ``pattern`` as a regular expression.</doc>
<status status="PASS" start="2024-05-03T01:03:57.304586" elapsed="0.000488"/>
</kw>
<kw name="Should Match Regexp" owner="BuiltIn">
<arg>${json_data['results'][0]['dob']['date']}</arg>
<arg>\\d{4}-\\d{2}-\\d{2}T\\d{2}:\\d{2}:\\d{2}\\.\\d{3}Z</arg>
<doc>Fails if ``string`` does not match ``pattern`` as a regular expression.</doc>
<status status="PASS" start="2024-05-03T01:03:57.305268" elapsed="0.000489"/>
</kw>
<kw name="Should Match Regexp" owner="BuiltIn">
<arg>${json_data['results'][0]['registered']['date']}</arg>
<arg>\\d{4}-\\d{2}-\\d{2}T\\d{2}:\\d{2}:\\d{2}\\.\\d{3}Z</arg>
<doc>Fails if ``string`` does not match ``pattern`` as a regular expression.</doc>
<status status="PASS" start="2024-05-03T01:03:57.305948" elapsed="0.000362"/>
</kw>
<kw name="Should Match Regexp" owner="BuiltIn">
<arg>${json_data['results'][0]['picture']['large']}</arg>
<arg>^https?://.*\.(?:png|jpe?g|gif|bmp)$</arg>
<doc>Fails if ``string`` does not match ``pattern`` as a regular expression.</doc>
<status status="PASS" start="2024-05-03T01:03:57.306519" elapsed="0.000460"/>
</kw>
<kw name="Should Match Regexp" owner="BuiltIn">
<arg>${json_data['results'][0]['picture']['medium']}</arg>
<arg>^https?://.*\.(?:png|jpe?g|gif|bmp)$</arg>
<doc>Fails if ``string`` does not match ``pattern`` as a regular expression.</doc>
<status status="PASS" start="2024-05-03T01:03:57.307165" elapsed="0.000360"/>
</kw>
<kw name="Should Match Regexp" owner="BuiltIn">
<arg>${json_data['results'][0]['picture']['thumbnail']}</arg>
<arg>^https?://.*\.(?:png|jpe?g|gif|bmp)$</arg>
<doc>Fails if ``string`` does not match ``pattern`` as a regular expression.</doc>
<status status="PASS" start="2024-05-03T01:03:57.307723" elapsed="0.000385"/>
</kw>
<kw name="Log" owner="BuiltIn">
<msg time="2024-05-03T01:03:57.308612" level="INFO">{'large': 'https://randomuser.me/api/portraits/men/97.jpg', 'medium': 'https://randomuser.me/api/portraits/med/men/97.jpg', 'thumbnail': 'https://randomuser.me/api/portraits/thumb/men/97.jpg'}</msg>
<arg>${json_data['results'][0]['picture']}</arg>
<doc>Logs the given message with the given level.</doc>
<status status="PASS" start="2024-05-03T01:03:57.308291" elapsed="0.000362"/>
</kw>
<status status="PASS" start="2024-05-03T01:03:57.234917" elapsed="0.073985"/>
</kw>
<kw name="Teste de Tipos de Dados - Postcode" owner="random-user-service">
<kw name="GET On Session" owner="RequestsLibrary">
<msg time="2024-05-03T01:03:57.401901" level="INFO">GET Request : url=https://randomuser.me/api 
 path_url=/api 
 headers={'User-Agent': 'python-requests/2.31.0', 'Accept-Encoding': 'gzip, deflate', 'Accept': '*/*', 'Connection': 'keep-alive'} 
 body=None 
 </msg>
<msg time="2024-05-03T01:03:57.401983" level="INFO">GET Response : url=https://randomuser.me/api 
 status=200, reason=OK 
 headers={'Date': 'Fri, 03 May 2024 01:03:57 GMT', 'Content-Type': 'application/json; charset=utf-8', 'Transfer-Encoding': 'chunked', 'Connection': 'keep-alive', 'X-Powered-By': 'Express', 'Access-Control-Allow-Origin': '*', 'Cache-Control': 'no-cache', 'ETag': 'W/"487-MuBwQ6gcU1g7LILTB6XVdfyFE2k"', 'Vary': 'Accept-Encoding', 'Content-Encoding': 'gzip', 'CF-Cache-Status': 'DYNAMIC', 'Report-To': '{"endpoints":[{"url":"https:\\/\\/a.nel.cloudflare.com\\/report\\/v4?s=gv115YaCtqZcax0wwu%2FMP%2Bf8%2BKKFxT5tJ4%2BWUKFGVkW4gvlYbTQrIUQ2NIg45guu28WxhpE%2BcCAgs9qTvQbsoCoslGjFe5VTxs1amSEvCxlapz9moZiQPxcYkp2hSfJv"}],"group":"cf-nel","max_age":604800}', 'NEL': '{"success_fraction":0,"report_to":"cf-nel","max_age":604800}', 'Server': 'cloudflare', 'CF-RAY': '87dc558f3ff522e5-ORD', 'alt-svc': 'h3=":443"; ma=86400'} 
 body={"results":[{"gender":"male","name":{"title":"Mr","first":"Carlos","last":"Hidalgo"},"location":{"street":{"number":8207,"name":"Viaducto Tamayo"},"city":"Campo Balbuena","state":"Ciudad de Mexico","country":"Mexico","postcode":88411,"coordinates":{"latitude":"25.6589","longitude":"-136.5593"},"timezone":{"offset":"+3:30","description":"Tehran"}},"email":"carlos.hidalgo@example.com","login":{"uuid":"269df13d-a637-49f9-a510-451514349a22","username":"bigbird355","password":"fashion","salt":"MxoDJ8My","md5":"d1a9f7570cd6fc2cfaf69e4767f3c55d","sha1":"b1216a2fb4a28be3a39ff91d3f0853d73e44e899","sha256":"bb3fb33d57a721af14b87c0406973c619fc800702acc007c4f50d69561ffbb1c"},"dob":{"date":"1963-04-05T20:43:52.988Z","age":61},"registered":{"date":"2004-03-08T08:21:45.203Z","age":20},"phone":"(612) 225 6113","cell":"(679) 150 1401","id":{"name":"NSS","value":"42 48 45 6687 3"},"picture":{"large":"https://randomuser.me/api/portraits/men/35.jpg","medium":"https://randomuser.me/api/portraits/med/men/35.jpg","thumbnail":"https://randomuser.me/api/portraits/thumb/men/35.jpg"},"nat":"MX"}],"info":{"seed":"680015ed980a9478","results":1,"page":1,"version":"1.4"}} 
 </msg>
<msg time="2024-05-03T01:03:57.402058" level="INFO">/opt/hostedtoolcache/Python/3.12.3/x64/lib/python3.12/site-packages/urllib3/connectionpool.py:1103: InsecureRequestWarning: Unverified HTTPS request is being made to host 'randomuser.me'. Adding certificate verification is strongly advised. See: https://urllib3.readthedocs.io/en/latest/advanced-usage.html#tls-warnings
  warnings.warn(</msg>
<msg time="2024-05-03T01:03:57.402175" level="INFO">${response} = &lt;Response [200]&gt;</msg>
<var>${response}</var>
<arg>consultarAPI</arg>
<arg>/api</arg>
<doc>Sends a GET request on a previously created HTTP Session.</doc>
<status status="PASS" start="2024-05-03T01:03:57.309319" elapsed="0.092910"/>
</kw>
<kw name="Set Variable" owner="BuiltIn">
<msg time="2024-05-03T01:03:57.403481" level="INFO">${json_data} = {'results': [{'gender': 'male', 'name': {'title': 'Mr', 'first': 'Carlos', 'last': 'Hidalgo'}, 'location': {'street': {'number': 8207, 'name': 'Viaducto Tamayo'}, 'city': 'Campo Balbuena', 'state': 'C...</msg>
<var>${json_data}</var>
<arg>${response.json()}</arg>
<doc>Returns the given values which can then be assigned to a variables.</doc>
<status status="PASS" start="2024-05-03T01:03:57.402797" elapsed="0.000713"/>
</kw>
<kw name="Log" owner="BuiltIn">
<msg time="2024-05-03T01:03:57.404006" level="INFO">{'results': [{'gender': 'male', 'name': {'title': 'Mr', 'first': 'Carlos', 'last': 'Hidalgo'}, 'location': {'street': {'number': 8207, 'name': 'Viaducto Tamayo'}, 'city': 'Campo Balbuena', 'state': 'Ciudad de Mexico', 'country': 'Mexico', 'postcode': 88411, 'coordinates': {'latitude': '25.6589', 'longitude': '-136.5593'}, 'timezone': {'offset': '+3:30', 'description': 'Tehran'}}, 'email': 'carlos.hidalgo@example.com', 'login': {'uuid': '269df13d-a637-49f9-a510-451514349a22', 'username': 'bigbird355', 'password': 'fashion', 'salt': 'MxoDJ8My', 'md5': 'd1a9f7570cd6fc2cfaf69e4767f3c55d', 'sha1': 'b1216a2fb4a28be3a39ff91d3f0853d73e44e899', 'sha256': 'bb3fb33d57a721af14b87c0406973c619fc800702acc007c4f50d69561ffbb1c'}, 'dob': {'date': '1963-04-05T20:43:52.988Z', 'age': 61}, 'registered': {'date': '2004-03-08T08:21:45.203Z', 'age': 20}, 'phone': '(612) 225 6113', 'cell': '(679) 150 1401', 'id': {'name': 'NSS', 'value': '42 48 45 6687 3'}, 'picture': {'large': 'https://randomuser.me/api/portraits/men/35.jpg', 'medium': 'https://randomuser.me/api/portraits/med/men/35.jpg', 'thumbnail': 'https://randomuser.me/api/portraits/thumb/men/35.jpg'}, 'nat': 'MX'}], 'info': {'seed': '680015ed980a9478', 'results': 1, 'page': 1, 'version': '1.4'}}</msg>
<arg>${json_data}</arg>
<doc>Logs the given message with the given level.</doc>
<status status="PASS" start="2024-05-03T01:03:57.403817" elapsed="0.000274"/>
</kw>
<kw name="Should Be Equal As Numbers" owner="BuiltIn">
<arg>${json_data['results'][0]['location']['postcode']}</arg>
<arg>${json_data['results'][0]['location']['postcode']}</arg>
<doc>Fails if objects are unequal after converting them to real numbers.</doc>
<status status="PASS" start="2024-05-03T01:03:57.404518" elapsed="0.000610"/>
</kw>
<kw name="Log" owner="BuiltIn">
<msg time="2024-05-03T01:03:57.405655" level="INFO">88411</msg>
<arg>${json_data['results'][0]['location']['postcode']}</arg>
<doc>Logs the given message with the given level.</doc>
<status status="PASS" start="2024-05-03T01:03:57.405319" elapsed="0.000376"/>
</kw>
<status status="PASS" start="2024-05-03T01:03:57.309107" elapsed="0.096838"/>
</kw>
<doc>Testa se os tipos de dados na resposta da API estão corretos.</doc>
<tag>testeTiposDados</tag>
<status status="PASS" start="2024-05-03T01:03:57.234398" elapsed="0.171702"/>
</test>
<test id="s1-s1-t5" name="Validar conteudo" line="35">
<kw name="Teste de Tipos de Conteudo" owner="random-user-service">
<kw name="GET On Session" owner="RequestsLibrary">
<msg time="2024-05-03T01:03:57.516035" level="INFO">GET Request : url=https://randomuser.me/api 
 path_url=/api 
 headers={'User-Agent': 'python-requests/2.31.0', 'Accept-Encoding': 'gzip, deflate', 'Accept': '*/*', 'Connection': 'keep-alive'} 
 body=None 
 </msg>
<msg time="2024-05-03T01:03:57.516117" level="INFO">GET Response : url=https://randomuser.me/api 
 status=200, reason=OK 
 headers={'Date': 'Fri, 03 May 2024 01:03:57 GMT', 'Content-Type': 'application/json; charset=utf-8', 'Transfer-Encoding': 'chunked', 'Connection': 'keep-alive', 'X-Powered-By': 'Express', 'Access-Control-Allow-Origin': '*', 'Cache-Control': 'no-cache', 'ETag': 'W/"4a4-WI8ZljHLUb/MVb/jewZqDwkuwzU"', 'Vary': 'Accept-Encoding', 'Content-Encoding': 'gzip', 'CF-Cache-Status': 'DYNAMIC', 'Report-To': '{"endpoints":[{"url":"https:\\/\\/a.nel.cloudflare.com\\/report\\/v4?s=k1g9mRwNmPPdkReptVNtJt9db3fLR5offURUjPiAGwE0e6mP8QdONCCiS7COTWWMkoeuQKY8jW%2BLCVmigGGlUqODrd991zyYED98%2BbrE5SA7l41CbG09EwkTENfO3Hxm"}],"group":"cf-nel","max_age":604800}', 'NEL': '{"success_fraction":0,"report_to":"cf-nel","max_age":604800}', 'Server': 'cloudflare', 'CF-RAY': '87dc558fd8f222e5-ORD', 'alt-svc': 'h3=":443"; ma=86400'} 
 body={"results":[{"gender":"male","name":{"title":"Mr","first":"Jamie","last":"Flores"},"location":{"street":{"number":4483,"name":"Brick Kiln Road"},"city":"Bath","state":"Staffordshire","country":"United Kingdom","postcode":"V39 9BL","coordinates":{"latitude":"-7.9971","longitude":"-127.4014"},"timezone":{"offset":"-5:00","description":"Eastern Time (US &amp; Canada), Bogota, Lima"}},"email":"jamie.flores@example.com","login":{"uuid":"744710d7-caa2-4286-8f24-0884dbfbca28","username":"blackelephant153","password":"wasabi","salt":"WOOikFxb","md5":"b1ce25e63b0e407e1fce94e5a7e84b6a","sha1":"1f8f4a77e2af4a7f03d6a59cad5e8db2a147dc94","sha256":"ec77c6b65d7c69e2b420797486ba7835cec3a778ff428ffe81289ec7df9020eb"},"dob":{"date":"1973-07-30T10:26:12.611Z","age":50},"registered":{"date":"2013-06-17T23:36:50.340Z","age":10},"phone":"016974 19605","cell":"07081 049163","id":{"name":"NINO","value":"KB 35 98 29 L"},"picture":{"large":"https://randomuser.me/api/portraits/men/28.jpg","medium":"https://randomuser.me/api/portraits/med/men/28.jpg","thumbnail":"https://randomuser.me/api/portraits/thumb/men/28.jpg"},"nat":"GB"}],"info":{"seed":"45ab98a639702359","results":1,"page":1,"version":"1.4"}} 
 </msg>
<msg time="2024-05-03T01:03:57.516194" level="INFO">/opt/hostedtoolcache/Python/3.12.3/x64/lib/python3.12/site-packages/urllib3/connectionpool.py:1103: InsecureRequestWarning: Unverified HTTPS request is being made to host 'randomuser.me'. Adding certificate verification is strongly advised. See: https://urllib3.readthedocs.io/en/latest/advanced-usage.html#tls-warnings
  warnings.warn(</msg>
<msg time="2024-05-03T01:03:57.516308" level="INFO">${response} = &lt;Response [200]&gt;</msg>
<var>${response}</var>
<arg>consultarAPI</arg>
<arg>/api</arg>
<doc>Sends a GET request on a previously created HTTP Session.</doc>
<status status="PASS" start="2024-05-03T01:03:57.408548" elapsed="0.107814"/>
</kw>
<kw name="Set Variable" owner="BuiltIn">
<msg time="2024-05-03T01:03:57.517547" level="INFO">${json_data} = {'results': [{'gender': 'male', 'name': {'title': 'Mr', 'first': 'Jamie', 'last': 'Flores'}, 'location': {'street': {'number': 4483, 'name': 'Brick Kiln Road'}, 'city': 'Bath', 'state': 'Staffordshire...</msg>
<var>${json_data}</var>
<arg>${response.json()}</arg>
<doc>Returns the given values which can then be assigned to a variables.</doc>
<status status="PASS" start="2024-05-03T01:03:57.516934" elapsed="0.000641"/>
</kw>
<kw name="Set Variable" owner="BuiltIn">
<msg time="2024-05-03T01:03:57.518255" level="INFO">${name_title} = Mr</msg>
<var>${name_title}</var>
<arg>${json_data["results"][0]["name"]["title"]}</arg>
<doc>Returns the given values which can then be assigned to a variables.</doc>
<status status="PASS" start="2024-05-03T01:03:57.517877" elapsed="0.000402"/>
</kw>
<kw name="Create List" owner="BuiltIn">
<msg time="2024-05-03T01:03:57.518716" level="INFO">${allowed_titles} = ['Mr', 'Ms', 'Miss', 'Mrs', 'Madame', 'Monsieur']</msg>
<var>${allowed_titles}</var>
<arg>Mr</arg>
<arg>Ms</arg>
<arg>Miss</arg>
<arg>Mrs</arg>
<arg>Madame</arg>
<arg>Monsieur</arg>
<doc>Returns a list containing given items.</doc>
<status status="PASS" start="2024-05-03T01:03:57.518570" elapsed="0.000170"/>
</kw>
<kw name="List Should Contain Value" owner="Collections">
<msg time="2024-05-03T01:03:57.519193" level="INFO">False</msg>
<arg>${allowed_titles}</arg>
<arg>${name_title}</arg>
<doc>Fails if the ``value`` is not found from ``list``.</doc>
<status status="PASS" start="2024-05-03T01:03:57.519028" elapsed="0.000201"/>
</kw>
<kw name="Set Variable" owner="BuiltIn">
<msg time="2024-05-03T01:03:57.519941" level="INFO">${name_country} = GB</msg>
<var>${name_country}</var>
<arg>${json_data["results"][0]["nat"]}</arg>
<doc>Returns the given values which can then be assigned to a variables.</doc>
<status status="PASS" start="2024-05-03T01:03:57.519535" elapsed="0.000432"/>
</kw>
<kw name="Create List" owner="BuiltIn">
<msg time="2024-05-03T01:03:57.520863" level="INFO">${list_country} = ['AD', 'AE', 'AF', 'AG', 'AI', 'AL', 'AM', 'AO', 'AQ', 'AR', 'AS', 'AT', 'AU', 'AW', 'AX', 'AZ', 'BA', 'BB', 'BD', 'BE', 'BF', 'BG', 'BH', 'BI', 'BJ', 'BL', 'BM', 'BN', 'BO', 'BQ', 'BR', 'BS', 'BT', '...</msg>
<var>${list_country}</var>
<arg>AD</arg>
<arg>AE</arg>
<arg>AF</arg>
<arg>AG</arg>
<arg>AI</arg>
<arg>AL</arg>
<arg>AM</arg>
<arg>AO</arg>
<arg>AQ</arg>
<arg>AR</arg>
<arg>AS</arg>
<arg>AT</arg>
<arg>AU</arg>
<arg>AW</arg>
<arg>AX</arg>
<arg>AZ</arg>
<arg>BA</arg>
<arg>BB</arg>
<arg>BD</arg>
<arg>BE</arg>
<arg>BF</arg>
<arg>BG</arg>
<arg>BH</arg>
<arg>BI</arg>
<arg>BJ</arg>
<arg>BL</arg>
<arg>BM</arg>
<arg>BN</arg>
<arg>BO</arg>
<arg>BQ</arg>
<arg>BR</arg>
<arg>BS</arg>
<arg>BT</arg>
<arg>BV</arg>
<arg>BW</arg>
<arg>BY</arg>
<arg>BZ</arg>
<arg>CA</arg>
<arg>CC</arg>
<arg>CD</arg>
<arg>CF</arg>
<arg>CG</arg>
<arg>CH</arg>
<arg>CI</arg>
<arg>CK</arg>
<arg>CL</arg>
<arg>CM</arg>
<arg>CN</arg>
<arg>CO</arg>
<arg>CR</arg>
<arg>CU</arg>
<arg>CV</arg>
<arg>CW</arg>
<arg>CX</arg>
<arg>CY</arg>
<arg>CZ</arg>
<arg>DE</arg>
<arg>DJ</arg>
<arg>DK</arg>
<arg>DM</arg>
<arg>DO</arg>
<arg>DZ</arg>
<arg>EC</arg>
<arg>EE</arg>
<arg>EG</arg>
<arg>EH</arg>
<arg>ER</arg>
<arg>ES</arg>
<arg>ET</arg>
<arg>FI</arg>
<arg>FJ</arg>
<arg>FK</arg>
<arg>FM</arg>
<arg>FO</arg>
<arg>FR</arg>
<arg>GA</arg>
<arg>GB</arg>
<arg>GD</arg>
<arg>GE</arg>
<arg>GF</arg>
<arg>GG</arg>
<arg>GH</arg>
<arg>GI</arg>
<arg>GL</arg>
<arg>GM</arg>
<arg>GN</arg>
<arg>GP</arg>
<arg>GQ</arg>
<arg>GR</arg>
<arg>GS</arg>
<arg>GT</arg>
<arg>GU</arg>
<arg>GW</arg>
<arg>GY</arg>
<arg>HK</arg>
<arg>HM</arg>
<arg>HN</arg>
<arg>HR</arg>
<arg>HT</arg>
<arg>HU</arg>
<arg>ID</arg>
<arg>IE</arg>
<arg>IL</arg>
<arg>IM</arg>
<arg>IN</arg>
<arg>IO</arg>
<arg>IQ</arg>
<arg>IR</arg>
<arg>IS</arg>
<arg>IT</arg>
<arg>JE</arg>
<arg>JM</arg>
<arg>JO</arg>
<arg>JP</arg>
<arg>KE</arg>
<arg>KG</arg>
<arg>KH</arg>
<arg>KI</arg>
<arg>KM</arg>
<arg>KN</arg>
<arg>KP</arg>
<arg>KR</arg>
<arg>KW</arg>
<arg>KY</arg>
<arg>KZ</arg>
<arg>LA</arg>
<arg>LB</arg>
<arg>LC</arg>
<arg>LI</arg>
<arg>LK</arg>
<arg>LR</arg>
<arg>LS</arg>
<arg>LT</arg>
<arg>LU</arg>
<arg>LV</arg>
<arg>LY</arg>
<arg>MA</arg>
<arg>MC</arg>
<arg>MD</arg>
<arg>ME</arg>
<arg>MF</arg>
<arg>MG</arg>
<arg>MH</arg>
<arg>MK</arg>
<arg>ML</arg>
<arg>MM</arg>
<arg>MN</arg>
<arg>MO</arg>
<arg>MP</arg>
<arg>MQ</arg>
<arg>MR</arg>
<arg>MS</arg>
<arg>MT</arg>
<arg>MU</arg>
<arg>MV</arg>
<arg>MW</arg>
<arg>MX</arg>
<arg>MY</arg>
<arg>MZ</arg>
<arg>NA</arg>
<arg>NC</arg>
<arg>NE</arg>
<arg>NF</arg>
<arg>NG</arg>
<arg>NI</arg>
<arg>NL</arg>
<arg>NO</arg>
<arg>NP</arg>
<arg>NR</arg>
<arg>NU</arg>
<arg>NZ</arg>
<arg>OM</arg>
<arg>PA</arg>
<arg>PE</arg>
<arg>PF</arg>
<arg>PG</arg>
<arg>PH</arg>
<arg>PK</arg>
<arg>PL</arg>
<arg>PM</arg>
<arg>PN</arg>
<arg>PR</arg>
<arg>PS</arg>
<arg>PT</arg>
<arg>PW</arg>
<arg>PY</arg>
<arg>QA</arg>
<arg>RE</arg>
<arg>RO</arg>
<arg>RS</arg>
<arg>RU</arg>
<arg>RW</arg>
<arg>SA</arg>
<arg>SB</arg>
<arg>SC</arg>
<arg>SD</arg>
<arg>SE</arg>
<arg>SG</arg>
<arg>SH</arg>
<arg>SI</arg>
<arg>SJ</arg>
<arg>SK</arg>
<arg>SL</arg>
<arg>SM</arg>
<arg>SN</arg>
<arg>SO</arg>
<arg>SR</arg>
<arg>SS</arg>
<arg>ST</arg>
<arg>SV</arg>
<arg>SX</arg>
<arg>SY</arg>
<arg>SZ</arg>
<arg>TC</arg>
<arg>TD</arg>
<arg>TF</arg>
<arg>TG</arg>
<arg>TH</arg>
<arg>TJ</arg>
<arg>TK</arg>
<arg>TL</arg>
<arg>TM</arg>
<arg>TN</arg>
<arg>TO</arg>
<arg>TR</arg>
<arg>TT</arg>
<arg>TV</arg>
<arg>TW</arg>
<arg>TZ</arg>
<arg>UA</arg>
<arg>UG</arg>
<arg>UM</arg>
<arg>US</arg>
<arg>UY</arg>
<arg>UZ</arg>
<arg>VA</arg>
<arg>VC</arg>
<arg>VE</arg>
<arg>VG</arg>
<arg>VI</arg>
<arg>VN</arg>
<arg>VU</arg>
<arg>WF</arg>
<arg>WS</arg>
<arg>XK</arg>
<arg>YE</arg>
<arg>YT</arg>
<arg>ZA</arg>
<arg>ZM</arg>
<arg>ZW</arg>
<doc>Returns a list containing given items.</doc>
<status status="PASS" start="2024-05-03T01:03:57.520279" elapsed="0.000609"/>
</kw>
<kw name="List Should Contain Value" owner="Collections">
<msg time="2024-05-03T01:03:57.521863" level="INFO">False</msg>
<arg>${list_country}</arg>
<arg>${name_country}</arg>
<doc>Fails if the ``value`` is not found from ``list``.</doc>
<status status="PASS" start="2024-05-03T01:03:57.521667" elapsed="0.000232"/>
</kw>
<kw name="Run Keyword If" owner="BuiltIn">
<kw name="Should Be True" owner="BuiltIn">
<arg>${True}</arg>
<doc>Fails if the given condition is not true.</doc>
<status status="PASS" start="2024-05-03T01:03:57.522937" elapsed="0.000238"/>
</kw>
<arg>${json_data["results"][0]["location"]["coordinates"]["latitude"]} &gt;= -90 and ${json_data["results"][0]["location"]["coordinates"]["latitude"]} &lt;= 90</arg>
<arg>Should Be True</arg>
<arg>${True}</arg>
<doc>Runs the given keyword with the given arguments, if ``condition`` is true.</doc>
<status status="PASS" start="2024-05-03T01:03:57.522204" elapsed="0.001103"/>
</kw>
<kw name="Run Keyword If" owner="BuiltIn">
<kw name="Should Be True" owner="BuiltIn">
<arg>${True}</arg>
<doc>Fails if the given condition is not true.</doc>
<status status="PASS" start="2024-05-03T01:03:57.524234" elapsed="0.000137"/>
</kw>
<arg>${json_data["results"][0]["location"]["coordinates"]["longitude"]} &gt;= -180 and ${json_data["results"][0]["location"]["coordinates"]["longitude"]} &lt;= 180</arg>
<arg>Should Be True</arg>
<arg>${True}</arg>
<doc>Runs the given keyword with the given arguments, if ``condition`` is true.</doc>
<status status="PASS" start="2024-05-03T01:03:57.523494" elapsed="0.001001"/>
</kw>
<status status="PASS" start="2024-05-03T01:03:57.408329" elapsed="0.116291"/>
</kw>
<doc>Testa o conteúdo específico dos campos retornados pela API.</doc>
<tag>testeConteudo</tag>
<status status="PASS" start="2024-05-03T01:03:57.407817" elapsed="0.116943"/>
</test>
<status status="PASS" start="2024-05-03T01:03:56.699923" elapsed="0.826744"/>
</suite>
<status status="PASS" start="2024-05-03T01:03:56.686145" elapsed="0.845644"/>
</suite>
<statistics>
<total>
<stat pass="5" fail="0" skip="0">All Tests</stat>
</total>
<tag>
<stat pass="1" fail="0" skip="0">testeConteudo</stat>
<stat pass="1" fail="0" skip="0">testeEstruturaResposta</stat>
<stat pass="1" fail="0" skip="0">testeRequisicaoBasica</stat>
<stat pass="1" fail="0" skip="0">testeTiposDados</stat>
</tag>
<suite>
<stat pass="5" fail="0" skip="0" id="s1" name="Tests">Tests</stat>
<stat pass="5" fail="0" skip="0" id="s1-s1" name="Random-User-Test">Tests.Random-User-Test</stat>
</suite>
</statistics>
<errors>
</errors>
</robot>
