<?xml version="1.0" encoding="UTF-8"?>
<robot generator="Robot 7.0.1 (Python 3.12.4 on linux)" generated="2024-07-08T13:18:45.488302" rpa="false" schemaversion="5">
<suite id="s1" name="Tests" source="/home/runner/work/ApiRandomUser/ApiRandomUser/RamdonUser/tests">
<suite id="s1-s1" name="Random-User-Test" source="/home/runner/work/ApiRandomUser/ApiRandomUser/RamdonUser/tests/random-user-test.robot">
<test id="s1-s1-t1" name="Conectar" line="13">
<kw name="Conectar API" owner="random-user-service">
<kw name="Create Session" owner="RequestsLibrary">
<msg time="2024-07-08T13:18:45.904555" level="INFO">Creating Session using : alias=consultarAPI, url=https://randomuser.me/, headers={},                     cookies={}, auth=None, timeout=None, proxies=None, verify=False,                     debug=0 </msg>
<arg>consultarAPI</arg>
<arg>${URL}</arg>
<doc>Create Session: create a HTTP session to a server</doc>
<status status="PASS" start="2024-07-08T13:18:45.904262" elapsed="0.000579"/>
</kw>
<status status="PASS" start="2024-07-08T13:18:45.902599" elapsed="0.002797"/>
</kw>
<status status="PASS" start="2024-07-08T13:18:45.901721" elapsed="0.003982"/>
</test>
<test id="s1-s1-t2" name="Validar retorno 200 e JSON Válido" line="16">
<kw name="Teste de Requisicao Basica" owner="random-user-service">
<kw name="GET On Session" owner="RequestsLibrary">
<msg time="2024-07-08T13:18:46.107250" level="INFO">GET Request : url=https://randomuser.me/api 
 path_url=/api 
 headers={'User-Agent': 'python-requests/2.32.3', 'Accept-Encoding': 'gzip, deflate', 'Accept': '*/*', 'Connection': 'keep-alive'} 
 body=None 
 </msg>
<msg time="2024-07-08T13:18:46.107425" level="INFO">GET Response : url=https://randomuser.me/api 
 status=200, reason=OK 
 headers={'Date': 'Mon, 08 Jul 2024 13:18:46 GMT', 'Content-Type': 'application/json; charset=utf-8', 'Transfer-Encoding': 'chunked', 'Connection': 'keep-alive', 'X-Powered-By': 'Express', 'Access-Control-Allow-Origin': '*', 'Cache-Control': 'no-cache', 'ETag': 'W/"48f-hfwFi2iVYTGb4titaQL+so9jL9Y"', 'Vary': 'Accept-Encoding', 'Content-Encoding': 'gzip', 'CF-Cache-Status': 'DYNAMIC', 'Report-To': '{"endpoints":[{"url":"https:\\/\\/a.nel.cloudflare.com\\/report\\/v4?s=ZJd9Frtewj9vP4VZxW%2Bxcv8b48O0whbp7kYi10EvCFWPOIfSpGgQWJzRZfXIl%2FPj8fHeFzW6NGQEKGSfUETZm2VQV4wSPiWWNFxYiaecjCHXWfD5CGZwjFrrThwtSHZj"}],"group":"cf-nel","max_age":604800}', 'NEL': '{"success_fraction":0,"report_to":"cf-nel","max_age":604800}', 'Server': 'cloudflare', 'CF-RAY': '8a005cb13d4996a1-SJC', 'alt-svc': 'h3=":443"; ma=86400'} 
 body={"results":[{"gender":"male","name":{"title":"Mr","first":"Jonathan","last":"Nielsen"},"location":{"street":{"number":9792,"name":"Engvangen"},"city":"Vesterborg","state":"Hovedstaden","country":"Denmark","postcode":33035,"coordinates":{"latitude":"-45.1750","longitude":"-137.1700"},"timezone":{"offset":"+9:00","description":"Tokyo, Seoul, Osaka, Sapporo, Yakutsk"}},"email":"jonathan.nielsen@example.com","login":{"uuid":"7aef2e44-155d-4ff4-bf0e-a8779ef8ff65","username":"angrywolf667","password":"warrior","salt":"fuv199tn","md5":"385cff464741836fc9ea371311a12e87","sha1":"fb1d73559b60fccf67df9c3f8a55a314a308da15","sha256":"68f50b43863800d4cf95c2904c2a3ae03571d0094da9780ba02b4c88fd1a8c66"},"dob":{"date":"1975-07-17T22:00:22.621Z","age":48},"registered":{"date":"2011-09-11T18:41:06.024Z","age":12},"phone":"58959943","cell":"12105271","id":{"name":"CPR","value":"170775-7615"},"picture":{"large":"https://randomuser.me/api/portraits/men/47.jpg","medium":"https://randomuser.me/api/portraits/med/men/47.jpg","thumbnail":"https://randomuser.me/api/portraits/thumb/men/47.jpg"},"nat":"DK"}],"info":{"seed":"c4d0ee494894f9ae","results":1,"page":1,"version":"1.4"}} 
 </msg>
<msg time="2024-07-08T13:18:46.107518" level="INFO">/opt/hostedtoolcache/Python/3.12.4/x64/lib/python3.12/site-packages/urllib3/connectionpool.py:1099: InsecureRequestWarning: Unverified HTTPS request is being made to host 'randomuser.me'. Adding certificate verification is strongly advised. See: https://urllib3.readthedocs.io/en/latest/advanced-usage.html#tls-warnings
  warnings.warn(</msg>
<msg time="2024-07-08T13:18:46.107663" level="INFO">${response} = &lt;Response [200]&gt;</msg>
<var>${response}</var>
<arg>consultarAPI</arg>
<arg>/api</arg>
<doc>Sends a GET request on a previously created HTTP Session.</doc>
<status status="PASS" start="2024-07-08T13:18:45.910202" elapsed="0.197500"/>
</kw>
<kw name="Should Be Equal As Numbers" owner="BuiltIn">
<msg time="2024-07-08T13:18:46.108753" level="INFO">Argument types are:
&lt;class 'int'&gt;
&lt;class 'str'&gt;</msg>
<arg>${response.status_code}</arg>
<arg>200</arg>
<doc>Fails if objects are unequal after converting them to real numbers.</doc>
<status status="PASS" start="2024-07-08T13:18:46.108277" elapsed="0.000544"/>
</kw>
<kw name="Log" owner="BuiltIn">
<msg time="2024-07-08T13:18:46.109502" level="INFO">200</msg>
<arg>${response.status_code}</arg>
<doc>Logs the given message with the given level.</doc>
<status status="PASS" start="2024-07-08T13:18:46.109144" elapsed="0.000403"/>
</kw>
<kw name="Set Variable" owner="BuiltIn">
<msg time="2024-07-08T13:18:46.110355" level="INFO">${json_data} = {'results': [{'gender': 'male', 'name': {'title': 'Mr', 'first': 'Jonathan', 'last': 'Nielsen'}, 'location': {'street': {'number': 9792, 'name': 'Engvangen'}, 'city': 'Vesterborg', 'state': 'Hovedstad...</msg>
<var>${json_data}</var>
<arg>${response.json()}</arg>
<doc>Returns the given values which can then be assigned to a variables.</doc>
<status status="PASS" start="2024-07-08T13:18:46.109901" elapsed="0.000484"/>
</kw>
<kw name="Dictionary Should Contain Key" owner="Collections">
<arg>${json_data}</arg>
<arg>results</arg>
<doc>Fails if ``key`` is not found from ``dictionary``.</doc>
<status status="PASS" start="2024-07-08T13:18:46.110685" elapsed="0.000176"/>
</kw>
<status status="PASS" start="2024-07-08T13:18:45.909786" elapsed="0.201235"/>
</kw>
<doc>Testa se a API responde corretamente e retorna um objeto JSON válido.</doc>
<tag>testeRequisicaoBasica</tag>
<status status="PASS" start="2024-07-08T13:18:45.909044" elapsed="0.202160"/>
</test>
<test id="s1-s1-t3" name="Validar estrutura de resposta" line="22">
<kw name="Teste de Estrutura de Resposta" owner="random-user-service">
<kw name="GET On Session" owner="RequestsLibrary">
<msg time="2024-07-08T13:18:46.199260" level="INFO">GET Request : url=https://randomuser.me/api 
 path_url=/api 
 headers={'User-Agent': 'python-requests/2.32.3', 'Accept-Encoding': 'gzip, deflate', 'Accept': '*/*', 'Connection': 'keep-alive'} 
 body=None 
 </msg>
<msg time="2024-07-08T13:18:46.199379" level="INFO">GET Response : url=https://randomuser.me/api 
 status=200, reason=OK 
 headers={'Date': 'Mon, 08 Jul 2024 13:18:46 GMT', 'Content-Type': 'application/json; charset=utf-8', 'Transfer-Encoding': 'chunked', 'Connection': 'keep-alive', 'X-Powered-By': 'Express', 'Access-Control-Allow-Origin': '*', 'Cache-Control': 'no-cache', 'ETag': 'W/"483-yVAMWb5hBYRE+zzPfzyE9XvnMMI"', 'Vary': 'Accept-Encoding', 'Content-Encoding': 'gzip', 'CF-Cache-Status': 'DYNAMIC', 'Report-To': '{"endpoints":[{"url":"https:\\/\\/a.nel.cloudflare.com\\/report\\/v4?s=CrpU7xH5yUB%2BjdR0S4r7Hy%2FKk0tiLrjsNIiYL5zrwvorK4eSUi3ND%2FpNJ9TX4FnqB15PggZSwl3Ifn1bnnnPjwghAMzgxH40hUak3kcT1AOPzY%2BBRWtnRilNRqPs9C%2Fl"}],"group":"cf-nel","max_age":604800}', 'NEL': '{"success_fraction":0,"report_to":"cf-nel","max_age":604800}', 'Server': 'cloudflare', 'CF-RAY': '8a005cb23ddc96a1-SJC', 'alt-svc': 'h3=":443"; ma=86400'} 
 body={"results":[{"gender":"male","name":{"title":"Mr","first":"Sindre","last":"Kildal"},"location":{"street":{"number":9183,"name":"Dalsåsen"},"city":"Pollestad","state":"Hedmark","country":"Norway","postcode":"2432","coordinates":{"latitude":"38.6343","longitude":"-23.1113"},"timezone":{"offset":"+3:00","description":"Baghdad, Riyadh, Moscow, St. Petersburg"}},"email":"sindre.kildal@example.com","login":{"uuid":"d68e294d-f300-4da6-b2ab-3a4383e328fc","username":"redpanda307","password":"blessing","salt":"8oda2Nx9","md5":"067797c4ebb34ab47d405d9f6e06bf48","sha1":"0927cb96054d73b3a14e5f49eb5efd858deca2f2","sha256":"b37d2c50e3c22327e71e3d3bbb1f936c87c6e07d407f3668b258151df12d6e78"},"dob":{"date":"1981-09-12T21:09:00.085Z","age":42},"registered":{"date":"2007-12-30T03:40:29.425Z","age":16},"phone":"62821597","cell":"41258853","id":{"name":"FN","value":"12098119734"},"picture":{"large":"https://randomuser.me/api/portraits/men/23.jpg","medium":"https://randomuser.me/api/portraits/med/men/23.jpg","thumbnail":"https://randomuser.me/api/portraits/thumb/men/23.jpg"},"nat":"NO"}],"info":{"seed":"141bf2f80524cb65","results":1,"page":1,"version":"1.4"}} 
 </msg>
<msg time="2024-07-08T13:18:46.199538" level="INFO">/opt/hostedtoolcache/Python/3.12.4/x64/lib/python3.12/site-packages/urllib3/connectionpool.py:1099: InsecureRequestWarning: Unverified HTTPS request is being made to host 'randomuser.me'. Adding certificate verification is strongly advised. See: https://urllib3.readthedocs.io/en/latest/advanced-usage.html#tls-warnings
  warnings.warn(</msg>
<msg time="2024-07-08T13:18:46.199683" level="INFO">${response} = &lt;Response [200]&gt;</msg>
<var>${response}</var>
<arg>consultarAPI</arg>
<arg>/api</arg>
<doc>Sends a GET request on a previously created HTTP Session.</doc>
<status status="PASS" start="2024-07-08T13:18:46.113883" elapsed="0.085842"/>
</kw>
<kw name="Set Variable" owner="BuiltIn">
<msg time="2024-07-08T13:18:46.200993" level="INFO">${json_data} = {'results': [{'gender': 'male', 'name': {'title': 'Mr', 'first': 'Sindre', 'last': 'Kildal'}, 'location': {'street': {'number': 9183, 'name': 'Dalsåsen'}, 'city': 'Pollestad', 'state': 'Hedmark', 'cou...</msg>
<var>${json_data}</var>
<arg>${response.json()}</arg>
<doc>Returns the given values which can then be assigned to a variables.</doc>
<status status="PASS" start="2024-07-08T13:18:46.200375" elapsed="0.000648"/>
</kw>
<kw name="Log" owner="BuiltIn">
<msg time="2024-07-08T13:18:46.201495" level="INFO">{'results': [{'gender': 'male', 'name': {'title': 'Mr', 'first': 'Sindre', 'last': 'Kildal'}, 'location': {'street': {'number': 9183, 'name': 'Dalsåsen'}, 'city': 'Pollestad', 'state': 'Hedmark', 'country': 'Norway', 'postcode': '2432', 'coordinates': {'latitude': '38.6343', 'longitude': '-23.1113'}, 'timezone': {'offset': '+3:00', 'description': 'Baghdad, Riyadh, Moscow, St. Petersburg'}}, 'email': 'sindre.kildal@example.com', 'login': {'uuid': 'd68e294d-f300-4da6-b2ab-3a4383e328fc', 'username': 'redpanda307', 'password': 'blessing', 'salt': '8oda2Nx9', 'md5': '067797c4ebb34ab47d405d9f6e06bf48', 'sha1': '0927cb96054d73b3a14e5f49eb5efd858deca2f2', 'sha256': 'b37d2c50e3c22327e71e3d3bbb1f936c87c6e07d407f3668b258151df12d6e78'}, 'dob': {'date': '1981-09-12T21:09:00.085Z', 'age': 42}, 'registered': {'date': '2007-12-30T03:40:29.425Z', 'age': 16}, 'phone': '62821597', 'cell': '41258853', 'id': {'name': 'FN', 'value': '12098119734'}, 'picture': {'large': 'https://randomuser.me/api/portraits/men/23.jpg', 'medium': 'https://randomuser.me/api/portraits/med/men/23.jpg', 'thumbnail': 'https://randomuser.me/api/portraits/thumb/men/23.jpg'}, 'nat': 'NO'}], 'info': {'seed': '141bf2f80524cb65', 'results': 1, 'page': 1, 'version': '1.4'}}</msg>
<arg>${json_data}</arg>
<doc>Logs the given message with the given level.</doc>
<status status="PASS" start="2024-07-08T13:18:46.201334" elapsed="0.000214"/>
</kw>
<kw name="Dictionary Should Contain Key" owner="Collections">
<arg>${json_data}</arg>
<arg>results</arg>
<doc>Fails if ``key`` is not found from ``dictionary``.</doc>
<status status="PASS" start="2024-07-08T13:18:46.201906" elapsed="0.000175"/>
</kw>
<kw name="Should Not Be Empty" owner="BuiltIn">
<msg time="2024-07-08T13:18:46.202397" level="INFO">Length is 2.</msg>
<arg>${json_data}</arg>
<doc>Verifies that the given item is not empty.</doc>
<status status="PASS" start="2024-07-08T13:18:46.202268" elapsed="0.000169"/>
</kw>
<kw name="Create List" owner="BuiltIn">
<msg time="2024-07-08T13:18:46.202887" level="INFO">${expected_keys} = ['gender', 'name', 'location', 'email', 'login']</msg>
<var>${expected_keys}</var>
<arg>gender</arg>
<arg>name</arg>
<arg>location</arg>
<arg>email</arg>
<arg>login</arg>
<doc>Returns a list containing given items.</doc>
<status status="PASS" start="2024-07-08T13:18:46.202736" elapsed="0.000176"/>
</kw>
<for flavor="IN">
<iter>
<kw name="Dictionary Should Contain Key" owner="Collections">
<arg>${json_data['results'][0]}</arg>
<arg>${key}</arg>
<doc>Fails if ``key`` is not found from ``dictionary``.</doc>
<status status="PASS" start="2024-07-08T13:18:46.203660" elapsed="0.000405"/>
</kw>
<kw name="Log" owner="BuiltIn">
<msg time="2024-07-08T13:18:46.204622" level="INFO">{'gender': 'male', 'name': {'title': 'Mr', 'first': 'Sindre', 'last': 'Kildal'}, 'location': {'street': {'number': 9183, 'name': 'Dalsåsen'}, 'city': 'Pollestad', 'state': 'Hedmark', 'country': 'Norway', 'postcode': '2432', 'coordinates': {'latitude': '38.6343', 'longitude': '-23.1113'}, 'timezone': {'offset': '+3:00', 'description': 'Baghdad, Riyadh, Moscow, St. Petersburg'}}, 'email': 'sindre.kildal@example.com', 'login': {'uuid': 'd68e294d-f300-4da6-b2ab-3a4383e328fc', 'username': 'redpanda307', 'password': 'blessing', 'salt': '8oda2Nx9', 'md5': '067797c4ebb34ab47d405d9f6e06bf48', 'sha1': '0927cb96054d73b3a14e5f49eb5efd858deca2f2', 'sha256': 'b37d2c50e3c22327e71e3d3bbb1f936c87c6e07d407f3668b258151df12d6e78'}, 'dob': {'date': '1981-09-12T21:09:00.085Z', 'age': 42}, 'registered': {'date': '2007-12-30T03:40:29.425Z', 'age': 16}, 'phone': '62821597', 'cell': '41258853', 'id': {'name': 'FN', 'value': '12098119734'}, 'picture': {'large': 'https://randomuser.me/api/portraits/men/23.jpg', 'medium': 'https://randomuser.me/api/portraits/med/men/23.jpg', 'thumbnail': 'https://randomuser.me/api/portraits/thumb/men/23.jpg'}, 'nat': 'NO'}</msg>
<arg>${json_data['results'][0]}</arg>
<doc>Logs the given message with the given level.</doc>
<status status="PASS" start="2024-07-08T13:18:46.204256" elapsed="0.000420"/>
</kw>
<kw name="Log" owner="BuiltIn">
<msg time="2024-07-08T13:18:46.205106" level="INFO">gender</msg>
<arg>${key}</arg>
<doc>Logs the given message with the given level.</doc>
<status status="PASS" start="2024-07-08T13:18:46.204977" elapsed="0.000168"/>
</kw>
<var name="${key}">gender</var>
<status status="PASS" start="2024-07-08T13:18:46.203535" elapsed="0.001837"/>
</iter>
<iter>
<kw name="Dictionary Should Contain Key" owner="Collections">
<arg>${json_data['results'][0]}</arg>
<arg>${key}</arg>
<doc>Fails if ``key`` is not found from ``dictionary``.</doc>
<status status="PASS" start="2024-07-08T13:18:46.205675" elapsed="0.000465"/>
</kw>
<kw name="Log" owner="BuiltIn">
<msg time="2024-07-08T13:18:46.206738" level="INFO">{'gender': 'male', 'name': {'title': 'Mr', 'first': 'Sindre', 'last': 'Kildal'}, 'location': {'street': {'number': 9183, 'name': 'Dalsåsen'}, 'city': 'Pollestad', 'state': 'Hedmark', 'country': 'Norway', 'postcode': '2432', 'coordinates': {'latitude': '38.6343', 'longitude': '-23.1113'}, 'timezone': {'offset': '+3:00', 'description': 'Baghdad, Riyadh, Moscow, St. Petersburg'}}, 'email': 'sindre.kildal@example.com', 'login': {'uuid': 'd68e294d-f300-4da6-b2ab-3a4383e328fc', 'username': 'redpanda307', 'password': 'blessing', 'salt': '8oda2Nx9', 'md5': '067797c4ebb34ab47d405d9f6e06bf48', 'sha1': '0927cb96054d73b3a14e5f49eb5efd858deca2f2', 'sha256': 'b37d2c50e3c22327e71e3d3bbb1f936c87c6e07d407f3668b258151df12d6e78'}, 'dob': {'date': '1981-09-12T21:09:00.085Z', 'age': 42}, 'registered': {'date': '2007-12-30T03:40:29.425Z', 'age': 16}, 'phone': '62821597', 'cell': '41258853', 'id': {'name': 'FN', 'value': '12098119734'}, 'picture': {'large': 'https://randomuser.me/api/portraits/men/23.jpg', 'medium': 'https://randomuser.me/api/portraits/med/men/23.jpg', 'thumbnail': 'https://randomuser.me/api/portraits/thumb/men/23.jpg'}, 'nat': 'NO'}</msg>
<arg>${json_data['results'][0]}</arg>
<doc>Logs the given message with the given level.</doc>
<status status="PASS" start="2024-07-08T13:18:46.206368" elapsed="0.000463"/>
</kw>
<kw name="Log" owner="BuiltIn">
<msg time="2024-07-08T13:18:46.207263" level="INFO">name</msg>
<arg>${key}</arg>
<doc>Logs the given message with the given level.</doc>
<status status="PASS" start="2024-07-08T13:18:46.207134" elapsed="0.000167"/>
</kw>
<var name="${key}">name</var>
<status status="PASS" start="2024-07-08T13:18:46.205559" elapsed="0.001960"/>
</iter>
<iter>
<kw name="Dictionary Should Contain Key" owner="Collections">
<arg>${json_data['results'][0]}</arg>
<arg>${key}</arg>
<doc>Fails if ``key`` is not found from ``dictionary``.</doc>
<status status="PASS" start="2024-07-08T13:18:46.207804" elapsed="0.000384"/>
</kw>
<kw name="Log" owner="BuiltIn">
<msg time="2024-07-08T13:18:46.208721" level="INFO">{'gender': 'male', 'name': {'title': 'Mr', 'first': 'Sindre', 'last': 'Kildal'}, 'location': {'street': {'number': 9183, 'name': 'Dalsåsen'}, 'city': 'Pollestad', 'state': 'Hedmark', 'country': 'Norway', 'postcode': '2432', 'coordinates': {'latitude': '38.6343', 'longitude': '-23.1113'}, 'timezone': {'offset': '+3:00', 'description': 'Baghdad, Riyadh, Moscow, St. Petersburg'}}, 'email': 'sindre.kildal@example.com', 'login': {'uuid': 'd68e294d-f300-4da6-b2ab-3a4383e328fc', 'username': 'redpanda307', 'password': 'blessing', 'salt': '8oda2Nx9', 'md5': '067797c4ebb34ab47d405d9f6e06bf48', 'sha1': '0927cb96054d73b3a14e5f49eb5efd858deca2f2', 'sha256': 'b37d2c50e3c22327e71e3d3bbb1f936c87c6e07d407f3668b258151df12d6e78'}, 'dob': {'date': '1981-09-12T21:09:00.085Z', 'age': 42}, 'registered': {'date': '2007-12-30T03:40:29.425Z', 'age': 16}, 'phone': '62821597', 'cell': '41258853', 'id': {'name': 'FN', 'value': '12098119734'}, 'picture': {'large': 'https://randomuser.me/api/portraits/men/23.jpg', 'medium': 'https://randomuser.me/api/portraits/med/men/23.jpg', 'thumbnail': 'https://randomuser.me/api/portraits/thumb/men/23.jpg'}, 'nat': 'NO'}</msg>
<arg>${json_data['results'][0]}</arg>
<doc>Logs the given message with the given level.</doc>
<status status="PASS" start="2024-07-08T13:18:46.208371" elapsed="0.000400"/>
</kw>
<kw name="Log" owner="BuiltIn">
<msg time="2024-07-08T13:18:46.209194" level="INFO">location</msg>
<arg>${key}</arg>
<doc>Logs the given message with the given level.</doc>
<status status="PASS" start="2024-07-08T13:18:46.209067" elapsed="0.000165"/>
</kw>
<var name="${key}">location</var>
<status status="PASS" start="2024-07-08T13:18:46.207695" elapsed="0.001751"/>
</iter>
<iter>
<kw name="Dictionary Should Contain Key" owner="Collections">
<arg>${json_data['results'][0]}</arg>
<arg>${key}</arg>
<doc>Fails if ``key`` is not found from ``dictionary``.</doc>
<status status="PASS" start="2024-07-08T13:18:46.209725" elapsed="0.000426"/>
</kw>
<kw name="Log" owner="BuiltIn">
<msg time="2024-07-08T13:18:46.210693" level="INFO">{'gender': 'male', 'name': {'title': 'Mr', 'first': 'Sindre', 'last': 'Kildal'}, 'location': {'street': {'number': 9183, 'name': 'Dalsåsen'}, 'city': 'Pollestad', 'state': 'Hedmark', 'country': 'Norway', 'postcode': '2432', 'coordinates': {'latitude': '38.6343', 'longitude': '-23.1113'}, 'timezone': {'offset': '+3:00', 'description': 'Baghdad, Riyadh, Moscow, St. Petersburg'}}, 'email': 'sindre.kildal@example.com', 'login': {'uuid': 'd68e294d-f300-4da6-b2ab-3a4383e328fc', 'username': 'redpanda307', 'password': 'blessing', 'salt': '8oda2Nx9', 'md5': '067797c4ebb34ab47d405d9f6e06bf48', 'sha1': '0927cb96054d73b3a14e5f49eb5efd858deca2f2', 'sha256': 'b37d2c50e3c22327e71e3d3bbb1f936c87c6e07d407f3668b258151df12d6e78'}, 'dob': {'date': '1981-09-12T21:09:00.085Z', 'age': 42}, 'registered': {'date': '2007-12-30T03:40:29.425Z', 'age': 16}, 'phone': '62821597', 'cell': '41258853', 'id': {'name': 'FN', 'value': '12098119734'}, 'picture': {'large': 'https://randomuser.me/api/portraits/men/23.jpg', 'medium': 'https://randomuser.me/api/portraits/med/men/23.jpg', 'thumbnail': 'https://randomuser.me/api/portraits/thumb/men/23.jpg'}, 'nat': 'NO'}</msg>
<arg>${json_data['results'][0]}</arg>
<doc>Logs the given message with the given level.</doc>
<status status="PASS" start="2024-07-08T13:18:46.210337" elapsed="0.000408"/>
</kw>
<kw name="Log" owner="BuiltIn">
<msg time="2024-07-08T13:18:46.211164" level="INFO">email</msg>
<arg>${key}</arg>
<doc>Logs the given message with the given level.</doc>
<status status="PASS" start="2024-07-08T13:18:46.211039" elapsed="0.000164"/>
</kw>
<var name="${key}">email</var>
<status status="PASS" start="2024-07-08T13:18:46.209617" elapsed="0.001806"/>
</iter>
<iter>
<kw name="Dictionary Should Contain Key" owner="Collections">
<arg>${json_data['results'][0]}</arg>
<arg>${key}</arg>
<doc>Fails if ``key`` is not found from ``dictionary``.</doc>
<status status="PASS" start="2024-07-08T13:18:46.211703" elapsed="0.000392"/>
</kw>
<kw name="Log" owner="BuiltIn">
<msg time="2024-07-08T13:18:46.212637" level="INFO">{'gender': 'male', 'name': {'title': 'Mr', 'first': 'Sindre', 'last': 'Kildal'}, 'location': {'street': {'number': 9183, 'name': 'Dalsåsen'}, 'city': 'Pollestad', 'state': 'Hedmark', 'country': 'Norway', 'postcode': '2432', 'coordinates': {'latitude': '38.6343', 'longitude': '-23.1113'}, 'timezone': {'offset': '+3:00', 'description': 'Baghdad, Riyadh, Moscow, St. Petersburg'}}, 'email': 'sindre.kildal@example.com', 'login': {'uuid': 'd68e294d-f300-4da6-b2ab-3a4383e328fc', 'username': 'redpanda307', 'password': 'blessing', 'salt': '8oda2Nx9', 'md5': '067797c4ebb34ab47d405d9f6e06bf48', 'sha1': '0927cb96054d73b3a14e5f49eb5efd858deca2f2', 'sha256': 'b37d2c50e3c22327e71e3d3bbb1f936c87c6e07d407f3668b258151df12d6e78'}, 'dob': {'date': '1981-09-12T21:09:00.085Z', 'age': 42}, 'registered': {'date': '2007-12-30T03:40:29.425Z', 'age': 16}, 'phone': '62821597', 'cell': '41258853', 'id': {'name': 'FN', 'value': '12098119734'}, 'picture': {'large': 'https://randomuser.me/api/portraits/men/23.jpg', 'medium': 'https://randomuser.me/api/portraits/med/men/23.jpg', 'thumbnail': 'https://randomuser.me/api/portraits/thumb/men/23.jpg'}, 'nat': 'NO'}</msg>
<arg>${json_data['results'][0]}</arg>
<doc>Logs the given message with the given level.</doc>
<status status="PASS" start="2024-07-08T13:18:46.212277" elapsed="0.000411"/>
</kw>
<kw name="Log" owner="BuiltIn">
<msg time="2024-07-08T13:18:46.213106" level="INFO">login</msg>
<arg>${key}</arg>
<doc>Logs the given message with the given level.</doc>
<status status="PASS" start="2024-07-08T13:18:46.212980" elapsed="0.000164"/>
</kw>
<var name="${key}">login</var>
<status status="PASS" start="2024-07-08T13:18:46.211595" elapsed="0.001768"/>
</iter>
<var>${key}</var>
<value>@{expected_keys}</value>
<status status="PASS" start="2024-07-08T13:18:46.203336" elapsed="0.010148"/>
</for>
<kw name="Create List" owner="BuiltIn">
<msg time="2024-07-08T13:18:46.213809" level="INFO">${expected_keysTwo} = ['username', 'password']</msg>
<var>${expected_keysTwo}</var>
<arg>username</arg>
<arg>password</arg>
<doc>Returns a list containing given items.</doc>
<status status="PASS" start="2024-07-08T13:18:46.213675" elapsed="0.000194"/>
</kw>
<for flavor="IN">
<iter>
<kw name="Dictionary Should Contain Key" owner="Collections">
<arg>${json_data['results'][0]['login']}</arg>
<arg>${keyTwo}</arg>
<doc>Fails if ``key`` is not found from ``dictionary``.</doc>
<status status="PASS" start="2024-07-08T13:18:46.214403" elapsed="0.000383"/>
</kw>
<kw name="Dictionary Should Contain Key" owner="Collections">
<arg>${json_data['results'][0]['login']}</arg>
<arg>${keyTwo}</arg>
<doc>Fails if ``key`` is not found from ``dictionary``.</doc>
<status status="PASS" start="2024-07-08T13:18:46.214969" elapsed="0.000371"/>
</kw>
<kw name="Log" owner="BuiltIn">
<msg time="2024-07-08T13:18:46.215648" level="INFO">username</msg>
<arg>${keyTwo}</arg>
<doc>Logs the given message with the given level.</doc>
<status status="PASS" start="2024-07-08T13:18:46.215523" elapsed="0.000165"/>
</kw>
<var name="${keyTwo}">username</var>
<status status="PASS" start="2024-07-08T13:18:46.214296" elapsed="0.001612"/>
</iter>
<iter>
<kw name="Dictionary Should Contain Key" owner="Collections">
<arg>${json_data['results'][0]['login']}</arg>
<arg>${keyTwo}</arg>
<doc>Fails if ``key`` is not found from ``dictionary``.</doc>
<status status="PASS" start="2024-07-08T13:18:46.216185" elapsed="0.000378"/>
</kw>
<kw name="Dictionary Should Contain Key" owner="Collections">
<arg>${json_data['results'][0]['login']}</arg>
<arg>${keyTwo}</arg>
<doc>Fails if ``key`` is not found from ``dictionary``.</doc>
<status status="PASS" start="2024-07-08T13:18:46.216739" elapsed="0.000362"/>
</kw>
<kw name="Log" owner="BuiltIn">
<msg time="2024-07-08T13:18:46.217426" level="INFO">password</msg>
<arg>${keyTwo}</arg>
<doc>Logs the given message with the given level.</doc>
<status status="PASS" start="2024-07-08T13:18:46.217301" elapsed="0.000170"/>
</kw>
<var name="${keyTwo}">password</var>
<status status="PASS" start="2024-07-08T13:18:46.216079" elapsed="0.001611"/>
</iter>
<var>${keyTwo}</var>
<value>@{expected_keysTwo}</value>
<status status="PASS" start="2024-07-08T13:18:46.214142" elapsed="0.003668"/>
</for>
<status status="PASS" start="2024-07-08T13:18:46.113626" elapsed="0.104358"/>
</kw>
<doc>Testa a estrutura da resposta da API.</doc>
<tag>testeEstruturaResposta</tag>
<status status="PASS" start="2024-07-08T13:18:46.113097" elapsed="0.105041"/>
</test>
<test id="s1-s1-t4" name="Validar tipos de dados" line="28">
<kw name="Teste de Tipos de Dados" owner="random-user-service">
<kw name="GET On Session" owner="RequestsLibrary">
<msg time="2024-07-08T13:18:46.324463" level="INFO">GET Request : url=https://randomuser.me/api 
 path_url=/api 
 headers={'User-Agent': 'python-requests/2.32.3', 'Accept-Encoding': 'gzip, deflate', 'Accept': '*/*', 'Connection': 'keep-alive'} 
 body=None 
 </msg>
<msg time="2024-07-08T13:18:46.324577" level="INFO">GET Response : url=https://randomuser.me/api 
 status=200, reason=OK 
 headers={'Date': 'Mon, 08 Jul 2024 13:18:46 GMT', 'Content-Type': 'application/json; charset=utf-8', 'Transfer-Encoding': 'chunked', 'Connection': 'keep-alive', 'X-Powered-By': 'Express', 'Access-Control-Allow-Origin': '*', 'Cache-Control': 'no-cache', 'ETag': 'W/"496-CaAE/zbln8ezNM6kVrwFmV2Z5x8"', 'Vary': 'Accept-Encoding', 'Content-Encoding': 'gzip', 'CF-Cache-Status': 'DYNAMIC', 'Report-To': '{"endpoints":[{"url":"https:\\/\\/a.nel.cloudflare.com\\/report\\/v4?s=aubbroFt9NnLzz6pp4YTlnvD%2FvhgRuLkz4GPXDuuBPRZtgHOdU12BSb9WIMyBJ8rNeszIEHyE7XoMvxfBMoOlt46EwWJ3OfUANo%2FOsvsr5LYHtK8CsO09mCM316JbrU6"}],"group":"cf-nel","max_age":604800}', 'NEL': '{"success_fraction":0,"report_to":"cf-nel","max_age":604800}', 'Server': 'cloudflare', 'CF-RAY': '8a005cb2ee5496a1-SJC', 'alt-svc': 'h3=":443"; ma=86400'} 
 body={"results":[{"gender":"male","name":{"title":"Mr","first":"Liam","last":"Walker"},"location":{"street":{"number":7264,"name":"Concession Road 23"},"city":"Summerside","state":"Nunavut","country":"Canada","postcode":"F9C 3D7","coordinates":{"latitude":"-68.2520","longitude":"-2.9148"},"timezone":{"offset":"+5:00","description":"Ekaterinburg, Islamabad, Karachi, Tashkent"}},"email":"liam.walker@example.com","login":{"uuid":"8eab4d91-eb47-445a-a855-e2a5bb515bf2","username":"greenfrog898","password":"klondike","salt":"6SpCruP6","md5":"013e7368459f22bd24467198f62fd7d4","sha1":"5492542ae9f1538af08792d5ed9c2bbc8a421049","sha256":"0cebbcbe6a6d28a7786c7fbf40445e9245978d05029479b90497154b73fad14b"},"dob":{"date":"1953-07-12T11:28:12.806Z","age":70},"registered":{"date":"2015-10-22T00:03:55.622Z","age":8},"phone":"S73 C37-9174","cell":"O75 B37-9026","id":{"name":"SIN","value":"138756457"},"picture":{"large":"https://randomuser.me/api/portraits/men/32.jpg","medium":"https://randomuser.me/api/portraits/med/men/32.jpg","thumbnail":"https://randomuser.me/api/portraits/thumb/men/32.jpg"},"nat":"CA"}],"info":{"seed":"635ebfefa924102d","results":1,"page":1,"version":"1.4"}} 
 </msg>
<msg time="2024-07-08T13:18:46.324657" level="INFO">/opt/hostedtoolcache/Python/3.12.4/x64/lib/python3.12/site-packages/urllib3/connectionpool.py:1099: InsecureRequestWarning: Unverified HTTPS request is being made to host 'randomuser.me'. Adding certificate verification is strongly advised. See: https://urllib3.readthedocs.io/en/latest/advanced-usage.html#tls-warnings
  warnings.warn(</msg>
<msg time="2024-07-08T13:18:46.324795" level="INFO">${response} = &lt;Response [200]&gt;</msg>
<var>${response}</var>
<arg>consultarAPI</arg>
<arg>/api</arg>
<doc>Sends a GET request on a previously created HTTP Session.</doc>
<status status="PASS" start="2024-07-08T13:18:46.220795" elapsed="0.104052"/>
</kw>
<kw name="Set Variable" owner="BuiltIn">
<msg time="2024-07-08T13:18:46.325950" level="INFO">${json_data} = {'results': [{'gender': 'male', 'name': {'title': 'Mr', 'first': 'Liam', 'last': 'Walker'}, 'location': {'street': {'number': 7264, 'name': 'Concession Road 23'}, 'city': 'Summerside', 'state': 'Nunav...</msg>
<var>${json_data}</var>
<arg>${response.json()}</arg>
<doc>Returns the given values which can then be assigned to a variables.</doc>
<status status="PASS" start="2024-07-08T13:18:46.325380" elapsed="0.000600"/>
</kw>
<kw name="Log" owner="BuiltIn">
<msg time="2024-07-08T13:18:46.326481" level="INFO">{'results': [{'gender': 'male', 'name': {'title': 'Mr', 'first': 'Liam', 'last': 'Walker'}, 'location': {'street': {'number': 7264, 'name': 'Concession Road 23'}, 'city': 'Summerside', 'state': 'Nunavut', 'country': 'Canada', 'postcode': 'F9C 3D7', 'coordinates': {'latitude': '-68.2520', 'longitude': '-2.9148'}, 'timezone': {'offset': '+5:00', 'description': 'Ekaterinburg, Islamabad, Karachi, Tashkent'}}, 'email': 'liam.walker@example.com', 'login': {'uuid': '8eab4d91-eb47-445a-a855-e2a5bb515bf2', 'username': 'greenfrog898', 'password': 'klondike', 'salt': '6SpCruP6', 'md5': '013e7368459f22bd24467198f62fd7d4', 'sha1': '5492542ae9f1538af08792d5ed9c2bbc8a421049', 'sha256': '0cebbcbe6a6d28a7786c7fbf40445e9245978d05029479b90497154b73fad14b'}, 'dob': {'date': '1953-07-12T11:28:12.806Z', 'age': 70}, 'registered': {'date': '2015-10-22T00:03:55.622Z', 'age': 8}, 'phone': 'S73 C37-9174', 'cell': 'O75 B37-9026', 'id': {'name': 'SIN', 'value': '138756457'}, 'picture': {'large': 'https://randomuser.me/api/portraits/men/32.jpg', 'medium': 'https://randomuser.me/api/portraits/med/men/32.jpg', 'thumbnail': 'https://randomuser.me/api/portraits/thumb/men/32.jpg'}, 'nat': 'CA'}], 'info': {'seed': '635ebfefa924102d', 'results': 1, 'page': 1, 'version': '1.4'}}</msg>
<arg>${json_data}</arg>
<doc>Logs the given message with the given level.</doc>
<status status="PASS" start="2024-07-08T13:18:46.326303" elapsed="0.000243"/>
</kw>
<kw name="Should Be String" owner="String">
<arg>${json_data['results'][0]['gender']}</arg>
<doc>Fails if the given ``item`` is not a string.</doc>
<status status="PASS" start="2024-07-08T13:18:46.326923" elapsed="0.000454"/>
</kw>
<kw name="Should Match Regexp" owner="BuiltIn">
<arg>${json_data['results'][0]['email']}</arg>
<arg>^[a-zA-Z0-9._%+-]+@[a-zA-Z0-9.-]+\.[a-zA-Z]{2,}$</arg>
<doc>Fails if ``string`` does not match ``pattern`` as a regular expression.</doc>
<status status="PASS" start="2024-07-08T13:18:46.327610" elapsed="0.000594"/>
</kw>
<kw name="Should Match Regexp" owner="BuiltIn">
<arg>${json_data['results'][0]['dob']['date']}</arg>
<arg>\\d{4}-\\d{2}-\\d{2}T\\d{2}:\\d{2}:\\d{2}\\.\\d{3}Z</arg>
<doc>Fails if ``string`` does not match ``pattern`` as a regular expression.</doc>
<status status="PASS" start="2024-07-08T13:18:46.328444" elapsed="0.000500"/>
</kw>
<kw name="Should Match Regexp" owner="BuiltIn">
<arg>${json_data['results'][0]['registered']['date']}</arg>
<arg>\\d{4}-\\d{2}-\\d{2}T\\d{2}:\\d{2}:\\d{2}\\.\\d{3}Z</arg>
<doc>Fails if ``string`` does not match ``pattern`` as a regular expression.</doc>
<status status="PASS" start="2024-07-08T13:18:46.329139" elapsed="0.000369"/>
</kw>
<kw name="Should Match Regexp" owner="BuiltIn">
<arg>${json_data['results'][0]['picture']['large']}</arg>
<arg>^https?://.*\.(?:png|jpe?g|gif|bmp)$</arg>
<doc>Fails if ``string`` does not match ``pattern`` as a regular expression.</doc>
<status status="PASS" start="2024-07-08T13:18:46.329695" elapsed="0.000487"/>
</kw>
<kw name="Should Match Regexp" owner="BuiltIn">
<arg>${json_data['results'][0]['picture']['medium']}</arg>
<arg>^https?://.*\.(?:png|jpe?g|gif|bmp)$</arg>
<doc>Fails if ``string`` does not match ``pattern`` as a regular expression.</doc>
<status status="PASS" start="2024-07-08T13:18:46.330372" elapsed="0.000350"/>
</kw>
<kw name="Should Match Regexp" owner="BuiltIn">
<arg>${json_data['results'][0]['picture']['thumbnail']}</arg>
<arg>^https?://.*\.(?:png|jpe?g|gif|bmp)$</arg>
<doc>Fails if ``string`` does not match ``pattern`` as a regular expression.</doc>
<status status="PASS" start="2024-07-08T13:18:46.330909" elapsed="0.000355"/>
</kw>
<kw name="Log" owner="BuiltIn">
<msg time="2024-07-08T13:18:46.331785" level="INFO">{'large': 'https://randomuser.me/api/portraits/men/32.jpg', 'medium': 'https://randomuser.me/api/portraits/med/men/32.jpg', 'thumbnail': 'https://randomuser.me/api/portraits/thumb/men/32.jpg'}</msg>
<arg>${json_data['results'][0]['picture']}</arg>
<doc>Logs the given message with the given level.</doc>
<status status="PASS" start="2024-07-08T13:18:46.331451" elapsed="0.000379"/>
</kw>
<status status="PASS" start="2024-07-08T13:18:46.220563" elapsed="0.111526"/>
</kw>
<kw name="Teste de Tipos de Dados - Postcode" owner="random-user-service">
<kw name="GET On Session" owner="RequestsLibrary">
<msg time="2024-07-08T13:18:46.418549" level="INFO">GET Request : url=https://randomuser.me/api 
 path_url=/api 
 headers={'User-Agent': 'python-requests/2.32.3', 'Accept-Encoding': 'gzip, deflate', 'Accept': '*/*', 'Connection': 'keep-alive'} 
 body=None 
 </msg>
<msg time="2024-07-08T13:18:46.418660" level="INFO">GET Response : url=https://randomuser.me/api 
 status=200, reason=OK 
 headers={'Date': 'Mon, 08 Jul 2024 13:18:46 GMT', 'Content-Type': 'application/json; charset=utf-8', 'Transfer-Encoding': 'chunked', 'Connection': 'keep-alive', 'X-Powered-By': 'Express', 'Access-Control-Allow-Origin': '*', 'Cache-Control': 'no-cache', 'ETag': 'W/"48c-Xf/lOYoZ3N6woPr+EBO/iRIrS0I"', 'Vary': 'Accept-Encoding', 'Content-Encoding': 'gzip', 'CF-Cache-Status': 'DYNAMIC', 'Report-To': '{"endpoints":[{"url":"https:\\/\\/a.nel.cloudflare.com\\/report\\/v4?s=hcFE%2BR2gLD7IeKo7804av%2BoMrKa18Dw10bt2i8QLk%2BWSTN%2Fh0ooxK%2FQ%2BoDRHRqnLdomw80Xc450%2BgfCdAKucMXgyQbFuaqPMrY1uL3prpDDACGV6HYFNlbCA6vIkgi1e"}],"group":"cf-nel","max_age":604800}', 'NEL': '{"success_fraction":0,"report_to":"cf-nel","max_age":604800}', 'Server': 'cloudflare', 'CF-RAY': '8a005cb39e9596a1-SJC', 'alt-svc': 'h3=":443"; ma=86400'} 
 body={"results":[{"gender":"female","name":{"title":"Ms","first":"Josefine","last":"Larsen"},"location":{"street":{"number":222,"name":"Enighedsvej"},"city":"Nykøbing Sj.","state":"Sjælland","country":"Denmark","postcode":48580,"coordinates":{"latitude":"-45.7456","longitude":"165.5454"},"timezone":{"offset":"+2:00","description":"Kaliningrad, South Africa"}},"email":"josefine.larsen@example.com","login":{"uuid":"67c8028a-6202-4cda-ab02-34d2faa47b4b","username":"blueelephant334","password":"999999","salt":"ibjWZOyT","md5":"56a88d402fe657b1e2ccb1a3ae420eb9","sha1":"29d08a244e18524f297e7574f0820586f1ce3ddd","sha256":"daba95df8cdc53f96d5a2bf327f7f21c04b06f26f570c4dfd28fb186cf2ab4f4"},"dob":{"date":"1990-12-07T04:20:18.309Z","age":33},"registered":{"date":"2005-03-30T13:21:51.856Z","age":19},"phone":"66347260","cell":"08240076","id":{"name":"CPR","value":"061290-5295"},"picture":{"large":"https://randomuser.me/api/portraits/women/92.jpg","medium":"https://randomuser.me/api/portraits/med/women/92.jpg","thumbnail":"https://randomuser.me/api/portraits/thumb/women/92.jpg"},"nat":"DK"}],"info":{"seed":"55fd29c7409d6883","results":1,"page":1,"version":"1.4"}} 
 </msg>
<msg time="2024-07-08T13:18:46.418746" level="INFO">/opt/hostedtoolcache/Python/3.12.4/x64/lib/python3.12/site-packages/urllib3/connectionpool.py:1099: InsecureRequestWarning: Unverified HTTPS request is being made to host 'randomuser.me'. Adding certificate verification is strongly advised. See: https://urllib3.readthedocs.io/en/latest/advanced-usage.html#tls-warnings
  warnings.warn(</msg>
<msg time="2024-07-08T13:18:46.418881" level="INFO">${response} = &lt;Response [200]&gt;</msg>
<var>${response}</var>
<arg>consultarAPI</arg>
<arg>/api</arg>
<doc>Sends a GET request on a previously created HTTP Session.</doc>
<status status="PASS" start="2024-07-08T13:18:46.332549" elapsed="0.086371"/>
</kw>
<kw name="Set Variable" owner="BuiltIn">
<msg time="2024-07-08T13:18:46.420051" level="INFO">${json_data} = {'results': [{'gender': 'female', 'name': {'title': 'Ms', 'first': 'Josefine', 'last': 'Larsen'}, 'location': {'street': {'number': 222, 'name': 'Enighedsvej'}, 'city': 'Nykøbing Sj.', 'state': 'Sjæll...</msg>
<var>${json_data}</var>
<arg>${response.json()}</arg>
<doc>Returns the given values which can then be assigned to a variables.</doc>
<status status="PASS" start="2024-07-08T13:18:46.419523" elapsed="0.000558"/>
</kw>
<kw name="Log" owner="BuiltIn">
<msg time="2024-07-08T13:18:46.420556" level="INFO">{'results': [{'gender': 'female', 'name': {'title': 'Ms', 'first': 'Josefine', 'last': 'Larsen'}, 'location': {'street': {'number': 222, 'name': 'Enighedsvej'}, 'city': 'Nykøbing Sj.', 'state': 'Sjælland', 'country': 'Denmark', 'postcode': 48580, 'coordinates': {'latitude': '-45.7456', 'longitude': '165.5454'}, 'timezone': {'offset': '+2:00', 'description': 'Kaliningrad, South Africa'}}, 'email': 'josefine.larsen@example.com', 'login': {'uuid': '67c8028a-6202-4cda-ab02-34d2faa47b4b', 'username': 'blueelephant334', 'password': '999999', 'salt': 'ibjWZOyT', 'md5': '56a88d402fe657b1e2ccb1a3ae420eb9', 'sha1': '29d08a244e18524f297e7574f0820586f1ce3ddd', 'sha256': 'daba95df8cdc53f96d5a2bf327f7f21c04b06f26f570c4dfd28fb186cf2ab4f4'}, 'dob': {'date': '1990-12-07T04:20:18.309Z', 'age': 33}, 'registered': {'date': '2005-03-30T13:21:51.856Z', 'age': 19}, 'phone': '66347260', 'cell': '08240076', 'id': {'name': 'CPR', 'value': '061290-5295'}, 'picture': {'large': 'https://randomuser.me/api/portraits/women/92.jpg', 'medium': 'https://randomuser.me/api/portraits/med/women/92.jpg', 'thumbnail': 'https://randomuser.me/api/portraits/thumb/women/92.jpg'}, 'nat': 'DK'}], 'info': {'seed': '55fd29c7409d6883', 'results': 1, 'page': 1, 'version': '1.4'}}</msg>
<arg>${json_data}</arg>
<doc>Logs the given message with the given level.</doc>
<status status="PASS" start="2024-07-08T13:18:46.420394" elapsed="0.000213"/>
</kw>
<kw name="Should Be Equal As Numbers" owner="BuiltIn">
<arg>${json_data['results'][0]['location']['postcode']}</arg>
<arg>${json_data['results'][0]['location']['postcode']}</arg>
<doc>Fails if objects are unequal after converting them to real numbers.</doc>
<status status="PASS" start="2024-07-08T13:18:46.420902" elapsed="0.000634"/>
</kw>
<kw name="Log" owner="BuiltIn">
<msg time="2024-07-08T13:18:46.422122" level="INFO">48580</msg>
<arg>${json_data['results'][0]['location']['postcode']}</arg>
<doc>Logs the given message with the given level.</doc>
<status status="PASS" start="2024-07-08T13:18:46.421727" elapsed="0.000438"/>
</kw>
<status status="PASS" start="2024-07-08T13:18:46.332321" elapsed="0.090134"/>
</kw>
<doc>Testa se os tipos de dados na resposta da API estão corretos.</doc>
<tag>testeTiposDados</tag>
<status status="PASS" start="2024-07-08T13:18:46.219891" elapsed="0.202742"/>
</test>
<test id="s1-s1-t5" name="Validar conteudo" line="35">
<kw name="Teste de Tipos de Conteudo" owner="random-user-service">
<kw name="GET On Session" owner="RequestsLibrary">
<msg time="2024-07-08T13:18:46.520819" level="INFO">GET Request : url=https://randomuser.me/api 
 path_url=/api 
 headers={'User-Agent': 'python-requests/2.32.3', 'Accept-Encoding': 'gzip, deflate', 'Accept': '*/*', 'Connection': 'keep-alive'} 
 body=None 
 </msg>
<msg time="2024-07-08T13:18:46.520931" level="INFO">GET Response : url=https://randomuser.me/api 
 status=200, reason=OK 
 headers={'Date': 'Mon, 08 Jul 2024 13:18:46 GMT', 'Content-Type': 'application/json; charset=utf-8', 'Transfer-Encoding': 'chunked', 'Connection': 'keep-alive', 'X-Powered-By': 'Express', 'Access-Control-Allow-Origin': '*', 'Cache-Control': 'no-cache', 'ETag': 'W/"4a4-q0OZOAJAkOueqHybgMClGiQYrEg"', 'Vary': 'Accept-Encoding', 'Content-Encoding': 'gzip', 'CF-Cache-Status': 'DYNAMIC', 'Report-To': '{"endpoints":[{"url":"https:\\/\\/a.nel.cloudflare.com\\/report\\/v4?s=bSlaoYvPNBENDYMx1lLlwzpQNgad%2FgnIpE0LQo5TtF8DMtVeJkgZef384mUzuVoaSYv2f%2Fl4O7o%2FPagwQweYb7RYjCxdG2ebhZvyWe58d4Ox394Fe0U%2BX8TFG4HXiDKC"}],"group":"cf-nel","max_age":604800}', 'NEL': '{"success_fraction":0,"report_to":"cf-nel","max_age":604800}', 'Server': 'cloudflare', 'CF-RAY': '8a005cb42ee396a1-SJC', 'alt-svc': 'h3=":443"; ma=86400'} 
 body={"results":[{"gender":"female","name":{"title":"Madame","first":"Nadia","last":"Rey"},"location":{"street":{"number":7881,"name":"Rue Cyrus-Hugues"},"city":"Saas-Almagell","state":"Valais","country":"Switzerland","postcode":9720,"coordinates":{"latitude":"-62.5844","longitude":"52.2839"},"timezone":{"offset":"-5:00","description":"Eastern Time (US &amp; Canada), Bogota, Lima"}},"email":"nadia.rey@example.com","login":{"uuid":"bd63c7be-b54a-457b-bf80-3e78c8fc3dea","username":"angryduck894","password":"lalala","salt":"ttNvDTm7","md5":"4a727b7456d504cc063c3ab4a68d720e","sha1":"6e8c200a874d6d5447be71162ccea817e9f9b8ee","sha256":"e405f54c06355353b92d2d3f2fbd66de1fad52f24d144dba599d378cda13c93e"},"dob":{"date":"1971-03-24T18:26:25.450Z","age":53},"registered":{"date":"2013-07-07T04:56:37.634Z","age":11},"phone":"078 289 69 45","cell":"079 411 30 39","id":{"name":"AVS","value":"756.2326.1297.11"},"picture":{"large":"https://randomuser.me/api/portraits/women/76.jpg","medium":"https://randomuser.me/api/portraits/med/women/76.jpg","thumbnail":"https://randomuser.me/api/portraits/thumb/women/76.jpg"},"nat":"CH"}],"info":{"seed":"51c50ec2bc8106ca","results":1,"page":1,"version":"1.4"}} 
 </msg>
<msg time="2024-07-08T13:18:46.521038" level="INFO">/opt/hostedtoolcache/Python/3.12.4/x64/lib/python3.12/site-packages/urllib3/connectionpool.py:1099: InsecureRequestWarning: Unverified HTTPS request is being made to host 'randomuser.me'. Adding certificate verification is strongly advised. See: https://urllib3.readthedocs.io/en/latest/advanced-usage.html#tls-warnings
  warnings.warn(</msg>
<msg time="2024-07-08T13:18:46.521187" level="INFO">${response} = &lt;Response [200]&gt;</msg>
<var>${response}</var>
<arg>consultarAPI</arg>
<arg>/api</arg>
<doc>Sends a GET request on a previously created HTTP Session.</doc>
<status status="PASS" start="2024-07-08T13:18:46.425370" elapsed="0.095868"/>
</kw>
<kw name="Set Variable" owner="BuiltIn">
<msg time="2024-07-08T13:18:46.522495" level="INFO">${json_data} = {'results': [{'gender': 'female', 'name': {'title': 'Madame', 'first': 'Nadia', 'last': 'Rey'}, 'location': {'street': {'number': 7881, 'name': 'Rue Cyrus-Hugues'}, 'city': 'Saas-Almagell', 'state': '...</msg>
<var>${json_data}</var>
<arg>${response.json()}</arg>
<doc>Returns the given values which can then be assigned to a variables.</doc>
<status status="PASS" start="2024-07-08T13:18:46.521917" elapsed="0.000608"/>
</kw>
<kw name="Set Variable" owner="BuiltIn">
<msg time="2024-07-08T13:18:46.523225" level="INFO">${name_title} = Madame</msg>
<var>${name_title}</var>
<arg>${json_data["results"][0]["name"]["title"]}</arg>
<doc>Returns the given values which can then be assigned to a variables.</doc>
<status status="PASS" start="2024-07-08T13:18:46.522841" elapsed="0.000410"/>
</kw>
<kw name="Create List" owner="BuiltIn">
<msg time="2024-07-08T13:18:46.523707" level="INFO">${allowed_titles} = ['Mr', 'Ms', 'Miss', 'Mrs', 'Madame', 'Monsieur']</msg>
<var>${allowed_titles}</var>
<arg>Mr</arg>
<arg>Ms</arg>
<arg>Miss</arg>
<arg>Mrs</arg>
<arg>Madame</arg>
<arg>Monsieur</arg>
<doc>Returns a list containing given items.</doc>
<status status="PASS" start="2024-07-08T13:18:46.523554" elapsed="0.000179"/>
</kw>
<kw name="List Should Contain Value" owner="Collections">
<arg>${allowed_titles}</arg>
<arg>${name_title}</arg>
<doc>Fails if the ``value`` is not found from ``list``.</doc>
<status status="PASS" start="2024-07-08T13:18:46.524035" elapsed="0.000181"/>
</kw>
<kw name="Set Variable" owner="BuiltIn">
<msg time="2024-07-08T13:18:46.524775" level="INFO">${name_country} = CH</msg>
<var>${name_country}</var>
<arg>${json_data["results"][0]["nat"]}</arg>
<doc>Returns the given values which can then be assigned to a variables.</doc>
<status status="PASS" start="2024-07-08T13:18:46.524397" elapsed="0.000405"/>
</kw>
<kw name="Create List" owner="BuiltIn">
<msg time="2024-07-08T13:18:46.525703" level="INFO">${list_country} = ['AD', 'AE', 'AF', 'AG', 'AI', 'AL', 'AM', 'AO', 'AQ', 'AR', 'AS', 'AT', 'AU', 'AW', 'AX', 'AZ', 'BA', 'BB', 'BD', 'BE', 'BF', 'BG', 'BH', 'BI', 'BJ', 'BL', 'BM', 'BN', 'BO', 'BQ', 'BR', 'BS', 'BT', '...</msg>
<var>${list_country}</var>
<arg>AD</arg>
<arg>AE</arg>
<arg>AF</arg>
<arg>AG</arg>
<arg>AI</arg>
<arg>AL</arg>
<arg>AM</arg>
<arg>AO</arg>
<arg>AQ</arg>
<arg>AR</arg>
<arg>AS</arg>
<arg>AT</arg>
<arg>AU</arg>
<arg>AW</arg>
<arg>AX</arg>
<arg>AZ</arg>
<arg>BA</arg>
<arg>BB</arg>
<arg>BD</arg>
<arg>BE</arg>
<arg>BF</arg>
<arg>BG</arg>
<arg>BH</arg>
<arg>BI</arg>
<arg>BJ</arg>
<arg>BL</arg>
<arg>BM</arg>
<arg>BN</arg>
<arg>BO</arg>
<arg>BQ</arg>
<arg>BR</arg>
<arg>BS</arg>
<arg>BT</arg>
<arg>BV</arg>
<arg>BW</arg>
<arg>BY</arg>
<arg>BZ</arg>
<arg>CA</arg>
<arg>CC</arg>
<arg>CD</arg>
<arg>CF</arg>
<arg>CG</arg>
<arg>CH</arg>
<arg>CI</arg>
<arg>CK</arg>
<arg>CL</arg>
<arg>CM</arg>
<arg>CN</arg>
<arg>CO</arg>
<arg>CR</arg>
<arg>CU</arg>
<arg>CV</arg>
<arg>CW</arg>
<arg>CX</arg>
<arg>CY</arg>
<arg>CZ</arg>
<arg>DE</arg>
<arg>DJ</arg>
<arg>DK</arg>
<arg>DM</arg>
<arg>DO</arg>
<arg>DZ</arg>
<arg>EC</arg>
<arg>EE</arg>
<arg>EG</arg>
<arg>EH</arg>
<arg>ER</arg>
<arg>ES</arg>
<arg>ET</arg>
<arg>FI</arg>
<arg>FJ</arg>
<arg>FK</arg>
<arg>FM</arg>
<arg>FO</arg>
<arg>FR</arg>
<arg>GA</arg>
<arg>GB</arg>
<arg>GD</arg>
<arg>GE</arg>
<arg>GF</arg>
<arg>GG</arg>
<arg>GH</arg>
<arg>GI</arg>
<arg>GL</arg>
<arg>GM</arg>
<arg>GN</arg>
<arg>GP</arg>
<arg>GQ</arg>
<arg>GR</arg>
<arg>GS</arg>
<arg>GT</arg>
<arg>GU</arg>
<arg>GW</arg>
<arg>GY</arg>
<arg>HK</arg>
<arg>HM</arg>
<arg>HN</arg>
<arg>HR</arg>
<arg>HT</arg>
<arg>HU</arg>
<arg>ID</arg>
<arg>IE</arg>
<arg>IL</arg>
<arg>IM</arg>
<arg>IN</arg>
<arg>IO</arg>
<arg>IQ</arg>
<arg>IR</arg>
<arg>IS</arg>
<arg>IT</arg>
<arg>JE</arg>
<arg>JM</arg>
<arg>JO</arg>
<arg>JP</arg>
<arg>KE</arg>
<arg>KG</arg>
<arg>KH</arg>
<arg>KI</arg>
<arg>KM</arg>
<arg>KN</arg>
<arg>KP</arg>
<arg>KR</arg>
<arg>KW</arg>
<arg>KY</arg>
<arg>KZ</arg>
<arg>LA</arg>
<arg>LB</arg>
<arg>LC</arg>
<arg>LI</arg>
<arg>LK</arg>
<arg>LR</arg>
<arg>LS</arg>
<arg>LT</arg>
<arg>LU</arg>
<arg>LV</arg>
<arg>LY</arg>
<arg>MA</arg>
<arg>MC</arg>
<arg>MD</arg>
<arg>ME</arg>
<arg>MF</arg>
<arg>MG</arg>
<arg>MH</arg>
<arg>MK</arg>
<arg>ML</arg>
<arg>MM</arg>
<arg>MN</arg>
<arg>MO</arg>
<arg>MP</arg>
<arg>MQ</arg>
<arg>MR</arg>
<arg>MS</arg>
<arg>MT</arg>
<arg>MU</arg>
<arg>MV</arg>
<arg>MW</arg>
<arg>MX</arg>
<arg>MY</arg>
<arg>MZ</arg>
<arg>NA</arg>
<arg>NC</arg>
<arg>NE</arg>
<arg>NF</arg>
<arg>NG</arg>
<arg>NI</arg>
<arg>NL</arg>
<arg>NO</arg>
<arg>NP</arg>
<arg>NR</arg>
<arg>NU</arg>
<arg>NZ</arg>
<arg>OM</arg>
<arg>PA</arg>
<arg>PE</arg>
<arg>PF</arg>
<arg>PG</arg>
<arg>PH</arg>
<arg>PK</arg>
<arg>PL</arg>
<arg>PM</arg>
<arg>PN</arg>
<arg>PR</arg>
<arg>PS</arg>
<arg>PT</arg>
<arg>PW</arg>
<arg>PY</arg>
<arg>QA</arg>
<arg>RE</arg>
<arg>RO</arg>
<arg>RS</arg>
<arg>RU</arg>
<arg>RW</arg>
<arg>SA</arg>
<arg>SB</arg>
<arg>SC</arg>
<arg>SD</arg>
<arg>SE</arg>
<arg>SG</arg>
<arg>SH</arg>
<arg>SI</arg>
<arg>SJ</arg>
<arg>SK</arg>
<arg>SL</arg>
<arg>SM</arg>
<arg>SN</arg>
<arg>SO</arg>
<arg>SR</arg>
<arg>SS</arg>
<arg>ST</arg>
<arg>SV</arg>
<arg>SX</arg>
<arg>SY</arg>
<arg>SZ</arg>
<arg>TC</arg>
<arg>TD</arg>
<arg>TF</arg>
<arg>TG</arg>
<arg>TH</arg>
<arg>TJ</arg>
<arg>TK</arg>
<arg>TL</arg>
<arg>TM</arg>
<arg>TN</arg>
<arg>TO</arg>
<arg>TR</arg>
<arg>TT</arg>
<arg>TV</arg>
<arg>TW</arg>
<arg>TZ</arg>
<arg>UA</arg>
<arg>UG</arg>
<arg>UM</arg>
<arg>US</arg>
<arg>UY</arg>
<arg>UZ</arg>
<arg>VA</arg>
<arg>VC</arg>
<arg>VE</arg>
<arg>VG</arg>
<arg>VI</arg>
<arg>VN</arg>
<arg>VU</arg>
<arg>WF</arg>
<arg>WS</arg>
<arg>XK</arg>
<arg>YE</arg>
<arg>YT</arg>
<arg>ZA</arg>
<arg>ZM</arg>
<arg>ZW</arg>
<doc>Returns a list containing given items.</doc>
<status status="PASS" start="2024-07-08T13:18:46.525106" elapsed="0.000623"/>
</kw>
<kw name="List Should Contain Value" owner="Collections">
<arg>${list_country}</arg>
<arg>${name_country}</arg>
<doc>Fails if the ``value`` is not found from ``list``.</doc>
<status status="PASS" start="2024-07-08T13:18:46.526561" elapsed="0.000226"/>
</kw>
<kw name="Run Keyword If" owner="BuiltIn">
<kw name="Should Be True" owner="BuiltIn">
<arg>${True}</arg>
<doc>Fails if the given condition is not true.</doc>
<status status="PASS" start="2024-07-08T13:18:46.527725" elapsed="0.000145"/>
</kw>
<arg>${json_data["results"][0]["location"]["coordinates"]["latitude"]} &gt;= -90 and ${json_data["results"][0]["location"]["coordinates"]["latitude"]} &lt;= 90</arg>
<arg>Should Be True</arg>
<arg>${True}</arg>
<doc>Runs the given keyword with the given arguments, if ``condition`` is true.</doc>
<status status="PASS" start="2024-07-08T13:18:46.526983" elapsed="0.001013"/>
</kw>
<kw name="Run Keyword If" owner="BuiltIn">
<kw name="Should Be True" owner="BuiltIn">
<arg>${True}</arg>
<doc>Fails if the given condition is not true.</doc>
<status status="PASS" start="2024-07-08T13:18:46.528865" elapsed="0.000138"/>
</kw>
<arg>${json_data["results"][0]["location"]["coordinates"]["longitude"]} &gt;= -180 and ${json_data["results"][0]["location"]["coordinates"]["longitude"]} &lt;= 180</arg>
<arg>Should Be True</arg>
<arg>${True}</arg>
<doc>Runs the given keyword with the given arguments, if ``condition`` is true.</doc>
<status status="PASS" start="2024-07-08T13:18:46.528177" elapsed="0.000950"/>
</kw>
<status status="PASS" start="2024-07-08T13:18:46.424975" elapsed="0.104288"/>
</kw>
<doc>Testa o conteúdo específico dos campos retornados pela API.</doc>
<tag>testeConteudo</tag>
<status status="PASS" start="2024-07-08T13:18:46.424433" elapsed="0.104991"/>
</test>
<status status="PASS" start="2024-07-08T13:18:45.548804" elapsed="0.982677"/>
</suite>
<status status="PASS" start="2024-07-08T13:18:45.533598" elapsed="1.003144"/>
</suite>
<statistics>
<total>
<stat pass="5" fail="0" skip="0">All Tests</stat>
</total>
<tag>
<stat pass="1" fail="0" skip="0">testeConteudo</stat>
<stat pass="1" fail="0" skip="0">testeEstruturaResposta</stat>
<stat pass="1" fail="0" skip="0">testeRequisicaoBasica</stat>
<stat pass="1" fail="0" skip="0">testeTiposDados</stat>
</tag>
<suite>
<stat pass="5" fail="0" skip="0" id="s1" name="Tests">Tests</stat>
<stat pass="5" fail="0" skip="0" id="s1-s1" name="Random-User-Test">Tests.Random-User-Test</stat>
</suite>
</statistics>
<errors>
</errors>
</robot>
