<?xml version="1.0" encoding="UTF-8"?>
<robot generator="Robot 7.0.1 (Python 3.12.3 on linux)" generated="2024-06-11T20:15:32.608985" rpa="false" schemaversion="5">
<suite id="s1" name="Tests" source="/home/runner/work/ApiRandomUser/ApiRandomUser/RamdonUser/tests">
<suite id="s1-s1" name="Random-User-Test" source="/home/runner/work/ApiRandomUser/ApiRandomUser/RamdonUser/tests/random-user-test.robot">
<test id="s1-s1-t1" name="Conectar" line="13">
<kw name="Conectar API" owner="random-user-service">
<kw name="Create Session" owner="RequestsLibrary">
<msg time="2024-06-11T20:15:33.007373" level="INFO">Creating Session using : alias=consultarAPI, url=https://randomuser.me/, headers={},                     cookies={}, auth=None, timeout=None, proxies=None, verify=False,                     debug=0 </msg>
<arg>consultarAPI</arg>
<arg>${URL}</arg>
<doc>Create Session: create a HTTP session to a server</doc>
<status status="PASS" start="2024-06-11T20:15:33.007150" elapsed="0.000413"/>
</kw>
<status status="PASS" start="2024-06-11T20:15:33.006002" elapsed="0.001936"/>
</kw>
<status status="PASS" start="2024-06-11T20:15:33.005341" elapsed="0.002796"/>
</test>
<test id="s1-s1-t2" name="Validar retorno 200 e JSON Válido" line="16">
<kw name="Teste de Requisicao Basica" owner="random-user-service">
<kw name="GET On Session" owner="RequestsLibrary">
<msg time="2024-06-11T20:15:33.270281" level="INFO">GET Request : url=https://randomuser.me/api 
 path_url=/api 
 headers={'User-Agent': 'python-requests/2.32.3', 'Accept-Encoding': 'gzip, deflate', 'Accept': '*/*', 'Connection': 'keep-alive'} 
 body=None 
 </msg>
<msg time="2024-06-11T20:15:33.270454" level="INFO">GET Response : url=https://randomuser.me/api 
 status=200, reason=OK 
 headers={'Date': 'Tue, 11 Jun 2024 20:15:33 GMT', 'Content-Type': 'application/json; charset=utf-8', 'Transfer-Encoding': 'chunked', 'Connection': 'keep-alive', 'X-Powered-By': 'Express', 'Access-Control-Allow-Origin': '*', 'Cache-Control': 'no-cache', 'ETag': 'W/"492-vTbx5vbbT90zC5peI91IstKOmEI"', 'Vary': 'Accept-Encoding', 'Content-Encoding': 'gzip', 'CF-Cache-Status': 'DYNAMIC', 'Report-To': '{"endpoints":[{"url":"https:\\/\\/a.nel.cloudflare.com\\/report\\/v4?s=YSRKUAM7GoSbCR3U%2BT5xtA5xHBl2n2bdObEdgdDFGXMLYkFwPXheS054uUA1%2FsxgJMG%2FI3PZ8BNntCqVzk7FWJxa6TycKsha1bvmbURKernKLqiOHq%2BWoffXkX6O3V1V"}],"group":"cf-nel","max_age":604800}', 'NEL': '{"success_fraction":0,"report_to":"cf-nel","max_age":604800}', 'Server': 'cloudflare', 'CF-RAY': '89244618894d61b4-ORD', 'alt-svc': 'h3=":443"; ma=86400'} 
 body={"results":[{"gender":"male","name":{"title":"Mr","first":"Ethan","last":"Thompson"},"location":{"street":{"number":5928,"name":"Brock Rd"},"city":"Lafontaine","state":"Newfoundland and Labrador","country":"Canada","postcode":"K3N 7O2","coordinates":{"latitude":"-69.2296","longitude":"-116.9187"},"timezone":{"offset":"-11:00","description":"Midway Island, Samoa"}},"email":"ethan.thompson@example.com","login":{"uuid":"5e09385a-4b8c-4e0e-9865-4cb59f00b885","username":"happygoose332","password":"lemonade","salt":"rSGW5a5L","md5":"113ef2d84fdc06d2d92dc725b065a79f","sha1":"0889b210c527d3c647ad925c76e180d8c9df5709","sha256":"479bb29e4830bc5cce730882b13d0a008facbd755972178361907fbaa3052aca"},"dob":{"date":"1987-05-03T03:05:33.420Z","age":37},"registered":{"date":"2016-06-05T17:37:04.936Z","age":8},"phone":"P90 A65-5358","cell":"Y98 E63-0991","id":{"name":"SIN","value":"858012958"},"picture":{"large":"https://randomuser.me/api/portraits/men/34.jpg","medium":"https://randomuser.me/api/portraits/med/men/34.jpg","thumbnail":"https://randomuser.me/api/portraits/thumb/men/34.jpg"},"nat":"CA"}],"info":{"seed":"3d3660dd53a77e83","results":1,"page":1,"version":"1.4"}} 
 </msg>
<msg time="2024-06-11T20:15:33.270547" level="INFO">/opt/hostedtoolcache/Python/3.12.3/x64/lib/python3.12/site-packages/urllib3/connectionpool.py:1103: InsecureRequestWarning: Unverified HTTPS request is being made to host 'randomuser.me'. Adding certificate verification is strongly advised. See: https://urllib3.readthedocs.io/en/latest/advanced-usage.html#tls-warnings
  warnings.warn(</msg>
<msg time="2024-06-11T20:15:33.270711" level="INFO">${response} = &lt;Response [200]&gt;</msg>
<var>${response}</var>
<arg>consultarAPI</arg>
<arg>/api</arg>
<doc>Sends a GET request on a previously created HTTP Session.</doc>
<status status="PASS" start="2024-06-11T20:15:33.010864" elapsed="0.259900"/>
</kw>
<kw name="Should Be Equal As Numbers" owner="BuiltIn">
<msg time="2024-06-11T20:15:33.271923" level="INFO">Argument types are:
&lt;class 'int'&gt;
&lt;class 'str'&gt;</msg>
<arg>${response.status_code}</arg>
<arg>200</arg>
<doc>Fails if objects are unequal after converting them to real numbers.</doc>
<status status="PASS" start="2024-06-11T20:15:33.271405" elapsed="0.000584"/>
</kw>
<kw name="Log" owner="BuiltIn">
<msg time="2024-06-11T20:15:33.272682" level="INFO">200</msg>
<arg>${response.status_code}</arg>
<doc>Logs the given message with the given level.</doc>
<status status="PASS" start="2024-06-11T20:15:33.272332" elapsed="0.000398"/>
</kw>
<kw name="Set Variable" owner="BuiltIn">
<msg time="2024-06-11T20:15:33.273462" level="INFO">${json_data} = {'results': [{'gender': 'male', 'name': {'title': 'Mr', 'first': 'Ethan', 'last': 'Thompson'}, 'location': {'street': {'number': 5928, 'name': 'Brock Rd'}, 'city': 'Lafontaine', 'state': 'Newfoundland...</msg>
<var>${json_data}</var>
<arg>${response.json()}</arg>
<doc>Returns the given values which can then be assigned to a variables.</doc>
<status status="PASS" start="2024-06-11T20:15:33.273033" elapsed="0.000458"/>
</kw>
<kw name="Dictionary Should Contain Key" owner="Collections">
<arg>${json_data}</arg>
<arg>results</arg>
<doc>Fails if ``key`` is not found from ``dictionary``.</doc>
<status status="PASS" start="2024-06-11T20:15:33.273796" elapsed="0.000163"/>
</kw>
<status status="PASS" start="2024-06-11T20:15:33.010612" elapsed="0.263499"/>
</kw>
<doc>Testa se a API responde corretamente e retorna um objeto JSON válido.</doc>
<tag>testeRequisicaoBasica</tag>
<status status="PASS" start="2024-06-11T20:15:33.010016" elapsed="0.264309"/>
</test>
<test id="s1-s1-t3" name="Validar estrutura de resposta" line="22">
<kw name="Teste de Estrutura de Resposta" owner="random-user-service">
<kw name="GET On Session" owner="RequestsLibrary">
<msg time="2024-06-11T20:15:33.363279" level="INFO">GET Request : url=https://randomuser.me/api 
 path_url=/api 
 headers={'User-Agent': 'python-requests/2.32.3', 'Accept-Encoding': 'gzip, deflate', 'Accept': '*/*', 'Connection': 'keep-alive'} 
 body=None 
 </msg>
<msg time="2024-06-11T20:15:33.363381" level="INFO">GET Response : url=https://randomuser.me/api 
 status=200, reason=OK 
 headers={'Date': 'Tue, 11 Jun 2024 20:15:33 GMT', 'Content-Type': 'application/json; charset=utf-8', 'Transfer-Encoding': 'chunked', 'Connection': 'keep-alive', 'X-Powered-By': 'Express', 'Access-Control-Allow-Origin': '*', 'Cache-Control': 'no-cache', 'ETag': 'W/"47a-9JzrNrglij/DhP+ClUKlYmlDRnE"', 'Vary': 'Accept-Encoding', 'Content-Encoding': 'gzip', 'CF-Cache-Status': 'DYNAMIC', 'Report-To': '{"endpoints":[{"url":"https:\\/\\/a.nel.cloudflare.com\\/report\\/v4?s=y6Nzu9XrXdDn5Hj6H%2BQMY17oRlrW%2BJHLiOo6pOBLzsOmUKpyAZoQPJHTtY0rqL9caLVqarNOWxvN%2FdVeA%2B4vvXuHUxahMpibJRTjlYjyIs9l8SLD7kzj4O%2BdLO9dbuPK"}],"group":"cf-nel","max_age":604800}', 'NEL': '{"success_fraction":0,"report_to":"cf-nel","max_age":604800}', 'Server': 'cloudflare', 'CF-RAY': '89244618f9de61b4-ORD', 'alt-svc': 'h3=":443"; ma=86400'} 
 body={"results":[{"gender":"male","name":{"title":"Mr","first":"Walter","last":"Schürer"},"location":{"street":{"number":45,"name":"Blumenstraße"},"city":"Pfreimd","state":"Bayern","country":"Germany","postcode":69402,"coordinates":{"latitude":"-54.7169","longitude":"-50.8407"},"timezone":{"offset":"+5:45","description":"Kathmandu"}},"email":"walter.schurer@example.com","login":{"uuid":"fdc02a1a-d2ba-46be-a3a4-147bc1465e38","username":"purpleelephant177","password":"cabron","salt":"2jTPAT4k","md5":"cc3845fd3196674ce03f1a7969d2e011","sha1":"9de6b328c5fc42a8e300372793d7fa629e66f947","sha256":"850064365328a246760b97371a1ec082737f39f58f0bcd099b3d7a7ec6e26a14"},"dob":{"date":"1961-04-15T09:15:12.259Z","age":63},"registered":{"date":"2011-03-30T08:24:44.866Z","age":13},"phone":"0702-4392540","cell":"0178-2904398","id":{"name":"SVNR","value":"48 150461 S 373"},"picture":{"large":"https://randomuser.me/api/portraits/men/74.jpg","medium":"https://randomuser.me/api/portraits/med/men/74.jpg","thumbnail":"https://randomuser.me/api/portraits/thumb/men/74.jpg"},"nat":"DE"}],"info":{"seed":"88baad953b98b9ad","results":1,"page":1,"version":"1.4"}} 
 </msg>
<msg time="2024-06-11T20:15:33.363537" level="INFO">/opt/hostedtoolcache/Python/3.12.3/x64/lib/python3.12/site-packages/urllib3/connectionpool.py:1103: InsecureRequestWarning: Unverified HTTPS request is being made to host 'randomuser.me'. Adding certificate verification is strongly advised. See: https://urllib3.readthedocs.io/en/latest/advanced-usage.html#tls-warnings
  warnings.warn(</msg>
<msg time="2024-06-11T20:15:33.363665" level="INFO">${response} = &lt;Response [200]&gt;</msg>
<var>${response}</var>
<arg>consultarAPI</arg>
<arg>/api</arg>
<doc>Sends a GET request on a previously created HTTP Session.</doc>
<status status="PASS" start="2024-06-11T20:15:33.277224" elapsed="0.086475"/>
</kw>
<kw name="Set Variable" owner="BuiltIn">
<msg time="2024-06-11T20:15:33.364750" level="INFO">${json_data} = {'results': [{'gender': 'male', 'name': {'title': 'Mr', 'first': 'Walter', 'last': 'Schürer'}, 'location': {'street': {'number': 45, 'name': 'Blumenstraße'}, 'city': 'Pfreimd', 'state': 'Bayern', 'cou...</msg>
<var>${json_data}</var>
<arg>${response.json()}</arg>
<doc>Returns the given values which can then be assigned to a variables.</doc>
<status status="PASS" start="2024-06-11T20:15:33.364228" elapsed="0.000552"/>
</kw>
<kw name="Log" owner="BuiltIn">
<msg time="2024-06-11T20:15:33.365255" level="INFO">{'results': [{'gender': 'male', 'name': {'title': 'Mr', 'first': 'Walter', 'last': 'Schürer'}, 'location': {'street': {'number': 45, 'name': 'Blumenstraße'}, 'city': 'Pfreimd', 'state': 'Bayern', 'country': 'Germany', 'postcode': 69402, 'coordinates': {'latitude': '-54.7169', 'longitude': '-50.8407'}, 'timezone': {'offset': '+5:45', 'description': 'Kathmandu'}}, 'email': 'walter.schurer@example.com', 'login': {'uuid': 'fdc02a1a-d2ba-46be-a3a4-147bc1465e38', 'username': 'purpleelephant177', 'password': 'cabron', 'salt': '2jTPAT4k', 'md5': 'cc3845fd3196674ce03f1a7969d2e011', 'sha1': '9de6b328c5fc42a8e300372793d7fa629e66f947', 'sha256': '850064365328a246760b97371a1ec082737f39f58f0bcd099b3d7a7ec6e26a14'}, 'dob': {'date': '1961-04-15T09:15:12.259Z', 'age': 63}, 'registered': {'date': '2011-03-30T08:24:44.866Z', 'age': 13}, 'phone': '0702-4392540', 'cell': '0178-2904398', 'id': {'name': 'SVNR', 'value': '48 150461 S 373'}, 'picture': {'large': 'https://randomuser.me/api/portraits/men/74.jpg', 'medium': 'https://randomuser.me/api/portraits/med/men/74.jpg', 'thumbnail': 'https://randomuser.me/api/portraits/thumb/men/74.jpg'}, 'nat': 'DE'}], 'info': {'seed': '88baad953b98b9ad', 'results': 1, 'page': 1, 'version': '1.4'}}</msg>
<arg>${json_data}</arg>
<doc>Logs the given message with the given level.</doc>
<status status="PASS" start="2024-06-11T20:15:33.365092" elapsed="0.000212"/>
</kw>
<kw name="Dictionary Should Contain Key" owner="Collections">
<arg>${json_data}</arg>
<arg>results</arg>
<doc>Fails if ``key`` is not found from ``dictionary``.</doc>
<status status="PASS" start="2024-06-11T20:15:33.365602" elapsed="0.000161"/>
</kw>
<kw name="Should Not Be Empty" owner="BuiltIn">
<msg time="2024-06-11T20:15:33.366068" level="INFO">Length is 2.</msg>
<arg>${json_data}</arg>
<doc>Verifies that the given item is not empty.</doc>
<status status="PASS" start="2024-06-11T20:15:33.365944" elapsed="0.000160"/>
</kw>
<kw name="Create List" owner="BuiltIn">
<msg time="2024-06-11T20:15:33.366596" level="INFO">${expected_keys} = ['gender', 'name', 'location', 'email', 'login']</msg>
<var>${expected_keys}</var>
<arg>gender</arg>
<arg>name</arg>
<arg>location</arg>
<arg>email</arg>
<arg>login</arg>
<doc>Returns a list containing given items.</doc>
<status status="PASS" start="2024-06-11T20:15:33.366443" elapsed="0.000178"/>
</kw>
<for flavor="IN">
<iter>
<kw name="Dictionary Should Contain Key" owner="Collections">
<arg>${json_data['results'][0]}</arg>
<arg>${key}</arg>
<doc>Fails if ``key`` is not found from ``dictionary``.</doc>
<status status="PASS" start="2024-06-11T20:15:33.367206" elapsed="0.000444"/>
</kw>
<kw name="Log" owner="BuiltIn">
<msg time="2024-06-11T20:15:33.368221" level="INFO">{'gender': 'male', 'name': {'title': 'Mr', 'first': 'Walter', 'last': 'Schürer'}, 'location': {'street': {'number': 45, 'name': 'Blumenstraße'}, 'city': 'Pfreimd', 'state': 'Bayern', 'country': 'Germany', 'postcode': 69402, 'coordinates': {'latitude': '-54.7169', 'longitude': '-50.8407'}, 'timezone': {'offset': '+5:45', 'description': 'Kathmandu'}}, 'email': 'walter.schurer@example.com', 'login': {'uuid': 'fdc02a1a-d2ba-46be-a3a4-147bc1465e38', 'username': 'purpleelephant177', 'password': 'cabron', 'salt': '2jTPAT4k', 'md5': 'cc3845fd3196674ce03f1a7969d2e011', 'sha1': '9de6b328c5fc42a8e300372793d7fa629e66f947', 'sha256': '850064365328a246760b97371a1ec082737f39f58f0bcd099b3d7a7ec6e26a14'}, 'dob': {'date': '1961-04-15T09:15:12.259Z', 'age': 63}, 'registered': {'date': '2011-03-30T08:24:44.866Z', 'age': 13}, 'phone': '0702-4392540', 'cell': '0178-2904398', 'id': {'name': 'SVNR', 'value': '48 150461 S 373'}, 'picture': {'large': 'https://randomuser.me/api/portraits/men/74.jpg', 'medium': 'https://randomuser.me/api/portraits/med/men/74.jpg', 'thumbnail': 'https://randomuser.me/api/portraits/thumb/men/74.jpg'}, 'nat': 'DE'}</msg>
<arg>${json_data['results'][0]}</arg>
<doc>Logs the given message with the given level.</doc>
<status status="PASS" start="2024-06-11T20:15:33.367858" elapsed="0.000414"/>
</kw>
<kw name="Log" owner="BuiltIn">
<msg time="2024-06-11T20:15:33.368703" level="INFO">gender</msg>
<arg>${key}</arg>
<doc>Logs the given message with the given level.</doc>
<status status="PASS" start="2024-06-11T20:15:33.368572" elapsed="0.000169"/>
</kw>
<var name="${key}">gender</var>
<status status="PASS" start="2024-06-11T20:15:33.367081" elapsed="0.001885"/>
</iter>
<iter>
<kw name="Dictionary Should Contain Key" owner="Collections">
<arg>${json_data['results'][0]}</arg>
<arg>${key}</arg>
<doc>Fails if ``key`` is not found from ``dictionary``.</doc>
<status status="PASS" start="2024-06-11T20:15:33.369264" elapsed="0.000393"/>
</kw>
<kw name="Log" owner="BuiltIn">
<msg time="2024-06-11T20:15:33.370187" level="INFO">{'gender': 'male', 'name': {'title': 'Mr', 'first': 'Walter', 'last': 'Schürer'}, 'location': {'street': {'number': 45, 'name': 'Blumenstraße'}, 'city': 'Pfreimd', 'state': 'Bayern', 'country': 'Germany', 'postcode': 69402, 'coordinates': {'latitude': '-54.7169', 'longitude': '-50.8407'}, 'timezone': {'offset': '+5:45', 'description': 'Kathmandu'}}, 'email': 'walter.schurer@example.com', 'login': {'uuid': 'fdc02a1a-d2ba-46be-a3a4-147bc1465e38', 'username': 'purpleelephant177', 'password': 'cabron', 'salt': '2jTPAT4k', 'md5': 'cc3845fd3196674ce03f1a7969d2e011', 'sha1': '9de6b328c5fc42a8e300372793d7fa629e66f947', 'sha256': '850064365328a246760b97371a1ec082737f39f58f0bcd099b3d7a7ec6e26a14'}, 'dob': {'date': '1961-04-15T09:15:12.259Z', 'age': 63}, 'registered': {'date': '2011-03-30T08:24:44.866Z', 'age': 13}, 'phone': '0702-4392540', 'cell': '0178-2904398', 'id': {'name': 'SVNR', 'value': '48 150461 S 373'}, 'picture': {'large': 'https://randomuser.me/api/portraits/men/74.jpg', 'medium': 'https://randomuser.me/api/portraits/med/men/74.jpg', 'thumbnail': 'https://randomuser.me/api/portraits/thumb/men/74.jpg'}, 'nat': 'DE'}</msg>
<arg>${json_data['results'][0]}</arg>
<doc>Logs the given message with the given level.</doc>
<status status="PASS" start="2024-06-11T20:15:33.369841" elapsed="0.000457"/>
</kw>
<kw name="Log" owner="BuiltIn">
<msg time="2024-06-11T20:15:33.370739" level="INFO">name</msg>
<arg>${key}</arg>
<doc>Logs the given message with the given level.</doc>
<status status="PASS" start="2024-06-11T20:15:33.370607" elapsed="0.000170"/>
</kw>
<var name="${key}">name</var>
<status status="PASS" start="2024-06-11T20:15:33.369151" elapsed="0.001843"/>
</iter>
<iter>
<kw name="Dictionary Should Contain Key" owner="Collections">
<arg>${json_data['results'][0]}</arg>
<arg>${key}</arg>
<doc>Fails if ``key`` is not found from ``dictionary``.</doc>
<status status="PASS" start="2024-06-11T20:15:33.371283" elapsed="0.000375"/>
</kw>
<kw name="Log" owner="BuiltIn">
<msg time="2024-06-11T20:15:33.372201" level="INFO">{'gender': 'male', 'name': {'title': 'Mr', 'first': 'Walter', 'last': 'Schürer'}, 'location': {'street': {'number': 45, 'name': 'Blumenstraße'}, 'city': 'Pfreimd', 'state': 'Bayern', 'country': 'Germany', 'postcode': 69402, 'coordinates': {'latitude': '-54.7169', 'longitude': '-50.8407'}, 'timezone': {'offset': '+5:45', 'description': 'Kathmandu'}}, 'email': 'walter.schurer@example.com', 'login': {'uuid': 'fdc02a1a-d2ba-46be-a3a4-147bc1465e38', 'username': 'purpleelephant177', 'password': 'cabron', 'salt': '2jTPAT4k', 'md5': 'cc3845fd3196674ce03f1a7969d2e011', 'sha1': '9de6b328c5fc42a8e300372793d7fa629e66f947', 'sha256': '850064365328a246760b97371a1ec082737f39f58f0bcd099b3d7a7ec6e26a14'}, 'dob': {'date': '1961-04-15T09:15:12.259Z', 'age': 63}, 'registered': {'date': '2011-03-30T08:24:44.866Z', 'age': 13}, 'phone': '0702-4392540', 'cell': '0178-2904398', 'id': {'name': 'SVNR', 'value': '48 150461 S 373'}, 'picture': {'large': 'https://randomuser.me/api/portraits/men/74.jpg', 'medium': 'https://randomuser.me/api/portraits/med/men/74.jpg', 'thumbnail': 'https://randomuser.me/api/portraits/thumb/men/74.jpg'}, 'nat': 'DE'}</msg>
<arg>${json_data['results'][0]}</arg>
<doc>Logs the given message with the given level.</doc>
<status status="PASS" start="2024-06-11T20:15:33.371846" elapsed="0.000414"/>
</kw>
<kw name="Log" owner="BuiltIn">
<msg time="2024-06-11T20:15:33.372678" level="INFO">location</msg>
<arg>${key}</arg>
<doc>Logs the given message with the given level.</doc>
<status status="PASS" start="2024-06-11T20:15:33.372551" elapsed="0.000163"/>
</kw>
<var name="${key}">location</var>
<status status="PASS" start="2024-06-11T20:15:33.371174" elapsed="0.001762"/>
</iter>
<iter>
<kw name="Dictionary Should Contain Key" owner="Collections">
<arg>${json_data['results'][0]}</arg>
<arg>${key}</arg>
<doc>Fails if ``key`` is not found from ``dictionary``.</doc>
<status status="PASS" start="2024-06-11T20:15:33.373214" elapsed="0.000374"/>
</kw>
<kw name="Log" owner="BuiltIn">
<msg time="2024-06-11T20:15:33.374128" level="INFO">{'gender': 'male', 'name': {'title': 'Mr', 'first': 'Walter', 'last': 'Schürer'}, 'location': {'street': {'number': 45, 'name': 'Blumenstraße'}, 'city': 'Pfreimd', 'state': 'Bayern', 'country': 'Germany', 'postcode': 69402, 'coordinates': {'latitude': '-54.7169', 'longitude': '-50.8407'}, 'timezone': {'offset': '+5:45', 'description': 'Kathmandu'}}, 'email': 'walter.schurer@example.com', 'login': {'uuid': 'fdc02a1a-d2ba-46be-a3a4-147bc1465e38', 'username': 'purpleelephant177', 'password': 'cabron', 'salt': '2jTPAT4k', 'md5': 'cc3845fd3196674ce03f1a7969d2e011', 'sha1': '9de6b328c5fc42a8e300372793d7fa629e66f947', 'sha256': '850064365328a246760b97371a1ec082737f39f58f0bcd099b3d7a7ec6e26a14'}, 'dob': {'date': '1961-04-15T09:15:12.259Z', 'age': 63}, 'registered': {'date': '2011-03-30T08:24:44.866Z', 'age': 13}, 'phone': '0702-4392540', 'cell': '0178-2904398', 'id': {'name': 'SVNR', 'value': '48 150461 S 373'}, 'picture': {'large': 'https://randomuser.me/api/portraits/men/74.jpg', 'medium': 'https://randomuser.me/api/portraits/med/men/74.jpg', 'thumbnail': 'https://randomuser.me/api/portraits/thumb/men/74.jpg'}, 'nat': 'DE'}</msg>
<arg>${json_data['results'][0]}</arg>
<doc>Logs the given message with the given level.</doc>
<status status="PASS" start="2024-06-11T20:15:33.373771" elapsed="0.000408"/>
</kw>
<kw name="Log" owner="BuiltIn">
<msg time="2024-06-11T20:15:33.374645" level="INFO">email</msg>
<arg>${key}</arg>
<doc>Logs the given message with the given level.</doc>
<status status="PASS" start="2024-06-11T20:15:33.374516" elapsed="0.000167"/>
</kw>
<var name="${key}">email</var>
<status status="PASS" start="2024-06-11T20:15:33.373107" elapsed="0.001790"/>
</iter>
<iter>
<kw name="Dictionary Should Contain Key" owner="Collections">
<arg>${json_data['results'][0]}</arg>
<arg>${key}</arg>
<doc>Fails if ``key`` is not found from ``dictionary``.</doc>
<status status="PASS" start="2024-06-11T20:15:33.375176" elapsed="0.000382"/>
</kw>
<kw name="Log" owner="BuiltIn">
<msg time="2024-06-11T20:15:33.376092" level="INFO">{'gender': 'male', 'name': {'title': 'Mr', 'first': 'Walter', 'last': 'Schürer'}, 'location': {'street': {'number': 45, 'name': 'Blumenstraße'}, 'city': 'Pfreimd', 'state': 'Bayern', 'country': 'Germany', 'postcode': 69402, 'coordinates': {'latitude': '-54.7169', 'longitude': '-50.8407'}, 'timezone': {'offset': '+5:45', 'description': 'Kathmandu'}}, 'email': 'walter.schurer@example.com', 'login': {'uuid': 'fdc02a1a-d2ba-46be-a3a4-147bc1465e38', 'username': 'purpleelephant177', 'password': 'cabron', 'salt': '2jTPAT4k', 'md5': 'cc3845fd3196674ce03f1a7969d2e011', 'sha1': '9de6b328c5fc42a8e300372793d7fa629e66f947', 'sha256': '850064365328a246760b97371a1ec082737f39f58f0bcd099b3d7a7ec6e26a14'}, 'dob': {'date': '1961-04-15T09:15:12.259Z', 'age': 63}, 'registered': {'date': '2011-03-30T08:24:44.866Z', 'age': 13}, 'phone': '0702-4392540', 'cell': '0178-2904398', 'id': {'name': 'SVNR', 'value': '48 150461 S 373'}, 'picture': {'large': 'https://randomuser.me/api/portraits/men/74.jpg', 'medium': 'https://randomuser.me/api/portraits/med/men/74.jpg', 'thumbnail': 'https://randomuser.me/api/portraits/thumb/men/74.jpg'}, 'nat': 'DE'}</msg>
<arg>${json_data['results'][0]}</arg>
<doc>Logs the given message with the given level.</doc>
<status status="PASS" start="2024-06-11T20:15:33.375743" elapsed="0.000406"/>
</kw>
<kw name="Log" owner="BuiltIn">
<msg time="2024-06-11T20:15:33.376679" level="INFO">login</msg>
<arg>${key}</arg>
<doc>Logs the given message with the given level.</doc>
<status status="PASS" start="2024-06-11T20:15:33.376442" elapsed="0.000275"/>
</kw>
<var name="${key}">login</var>
<status status="PASS" start="2024-06-11T20:15:33.375068" elapsed="0.001868"/>
</iter>
<var>${key}</var>
<value>@{expected_keys}</value>
<status status="PASS" start="2024-06-11T20:15:33.366889" elapsed="0.010168"/>
</for>
<kw name="Create List" owner="BuiltIn">
<msg time="2024-06-11T20:15:33.377382" level="INFO">${expected_keysTwo} = ['username', 'password']</msg>
<var>${expected_keysTwo}</var>
<arg>username</arg>
<arg>password</arg>
<doc>Returns a list containing given items.</doc>
<status status="PASS" start="2024-06-11T20:15:33.377248" elapsed="0.000157"/>
</kw>
<for flavor="IN">
<iter>
<kw name="Dictionary Should Contain Key" owner="Collections">
<arg>${json_data['results'][0]['login']}</arg>
<arg>${keyTwo}</arg>
<doc>Fails if ``key`` is not found from ``dictionary``.</doc>
<status status="PASS" start="2024-06-11T20:15:33.377933" elapsed="0.000411"/>
</kw>
<kw name="Dictionary Should Contain Key" owner="Collections">
<arg>${json_data['results'][0]['login']}</arg>
<arg>${keyTwo}</arg>
<doc>Fails if ``key`` is not found from ``dictionary``.</doc>
<status status="PASS" start="2024-06-11T20:15:33.378535" elapsed="0.000376"/>
</kw>
<kw name="Log" owner="BuiltIn">
<msg time="2024-06-11T20:15:33.379214" level="INFO">username</msg>
<arg>${keyTwo}</arg>
<doc>Logs the given message with the given level.</doc>
<status status="PASS" start="2024-06-11T20:15:33.379093" elapsed="0.000158"/>
</kw>
<var name="${keyTwo}">username</var>
<status status="PASS" start="2024-06-11T20:15:33.377825" elapsed="0.001652"/>
</iter>
<iter>
<kw name="Dictionary Should Contain Key" owner="Collections">
<arg>${json_data['results'][0]['login']}</arg>
<arg>${keyTwo}</arg>
<doc>Fails if ``key`` is not found from ``dictionary``.</doc>
<status status="PASS" start="2024-06-11T20:15:33.379817" elapsed="0.000392"/>
</kw>
<kw name="Dictionary Should Contain Key" owner="Collections">
<arg>${json_data['results'][0]['login']}</arg>
<arg>${keyTwo}</arg>
<doc>Fails if ``key`` is not found from ``dictionary``.</doc>
<status status="PASS" start="2024-06-11T20:15:33.380389" elapsed="0.000367"/>
</kw>
<kw name="Log" owner="BuiltIn">
<msg time="2024-06-11T20:15:33.381054" level="INFO">password</msg>
<arg>${keyTwo}</arg>
<doc>Logs the given message with the given level.</doc>
<status status="PASS" start="2024-06-11T20:15:33.380934" elapsed="0.000156"/>
</kw>
<var name="${keyTwo}">password</var>
<status status="PASS" start="2024-06-11T20:15:33.379704" elapsed="0.001607"/>
</iter>
<var>${keyTwo}</var>
<value>@{expected_keysTwo}</value>
<status status="PASS" start="2024-06-11T20:15:33.377668" elapsed="0.003765"/>
</for>
<status status="PASS" start="2024-06-11T20:15:33.276984" elapsed="0.104593"/>
</kw>
<doc>Testa a estrutura da resposta da API.</doc>
<tag>testeEstruturaResposta</tag>
<status status="PASS" start="2024-06-11T20:15:33.276189" elapsed="0.105548"/>
</test>
<test id="s1-s1-t4" name="Validar tipos de dados" line="28">
<kw name="Teste de Tipos de Dados" owner="random-user-service">
<kw name="GET On Session" owner="RequestsLibrary">
<msg time="2024-06-11T20:15:33.469931" level="INFO">GET Request : url=https://randomuser.me/api 
 path_url=/api 
 headers={'User-Agent': 'python-requests/2.32.3', 'Accept-Encoding': 'gzip, deflate', 'Accept': '*/*', 'Connection': 'keep-alive'} 
 body=None 
 </msg>
<msg time="2024-06-11T20:15:33.470044" level="INFO">GET Response : url=https://randomuser.me/api 
 status=200, reason=OK 
 headers={'Date': 'Tue, 11 Jun 2024 20:15:33 GMT', 'Content-Type': 'application/json; charset=utf-8', 'Transfer-Encoding': 'chunked', 'Connection': 'keep-alive', 'X-Powered-By': 'Express', 'Access-Control-Allow-Origin': '*', 'Cache-Control': 'no-cache', 'ETag': 'W/"491-eJm+2aweFhJ6xnyqCkwMCw3yEpA"', 'Vary': 'Accept-Encoding', 'Content-Encoding': 'gzip', 'CF-Cache-Status': 'DYNAMIC', 'Report-To': '{"endpoints":[{"url":"https:\\/\\/a.nel.cloudflare.com\\/report\\/v4?s=%2FImoShIkmU1OROVDlPbeBcnDapOOMb9k5XJevPn1z2lmFBPaYHrGJI%2FC9Y6Ze%2BPXV5cPxYX%2Bb9mt2QBNzlmbnEGs9H0OQRZc0YaGFVUlYLP5MeMcqbzkNfoYAF82NEQR"}],"group":"cf-nel","max_age":604800}', 'NEL': '{"success_fraction":0,"report_to":"cf-nel","max_age":604800}', 'Server': 'cloudflare', 'CF-RAY': '89244619aa9061b4-ORD', 'alt-svc': 'h3=":443"; ma=86400'} 
 body={"results":[{"gender":"male","name":{"title":"Mr","first":"Ross","last":"Hill"},"location":{"street":{"number":5863,"name":"London Road"},"city":"Liverpool","state":"Cambridgeshire","country":"United Kingdom","postcode":"YR5F 7TB","coordinates":{"latitude":"-10.6927","longitude":"-78.3206"},"timezone":{"offset":"-8:00","description":"Pacific Time (US &amp; Canada)"}},"email":"ross.hill@example.com","login":{"uuid":"d6295810-5a70-471f-b0dd-9b76dae266d6","username":"smallsnake619","password":"314159","salt":"uOBcCe9o","md5":"c3248a8c198da18bfb42e579fdab543e","sha1":"428717e757f4a429e11951565f7e1b6d5348a05f","sha256":"e7a509143abec73dda2046622f241f9b1037111077c19d6853b0833a0e8561bb"},"dob":{"date":"1985-05-03T01:19:56.935Z","age":39},"registered":{"date":"2012-03-01T08:21:00.859Z","age":12},"phone":"0141 232 8734","cell":"07489 601337","id":{"name":"NINO","value":"TR 41 20 91 D"},"picture":{"large":"https://randomuser.me/api/portraits/men/42.jpg","medium":"https://randomuser.me/api/portraits/med/men/42.jpg","thumbnail":"https://randomuser.me/api/portraits/thumb/men/42.jpg"},"nat":"GB"}],"info":{"seed":"5e6a89a3e3ec9c18","results":1,"page":1,"version":"1.4"}} 
 </msg>
<msg time="2024-06-11T20:15:33.470132" level="INFO">/opt/hostedtoolcache/Python/3.12.3/x64/lib/python3.12/site-packages/urllib3/connectionpool.py:1103: InsecureRequestWarning: Unverified HTTPS request is being made to host 'randomuser.me'. Adding certificate verification is strongly advised. See: https://urllib3.readthedocs.io/en/latest/advanced-usage.html#tls-warnings
  warnings.warn(</msg>
<msg time="2024-06-11T20:15:33.470287" level="INFO">${response} = &lt;Response [200]&gt;</msg>
<var>${response}</var>
<arg>consultarAPI</arg>
<arg>/api</arg>
<doc>Sends a GET request on a previously created HTTP Session.</doc>
<status status="PASS" start="2024-06-11T20:15:33.384496" elapsed="0.085835"/>
</kw>
<kw name="Set Variable" owner="BuiltIn">
<msg time="2024-06-11T20:15:33.471419" level="INFO">${json_data} = {'results': [{'gender': 'male', 'name': {'title': 'Mr', 'first': 'Ross', 'last': 'Hill'}, 'location': {'street': {'number': 5863, 'name': 'London Road'}, 'city': 'Liverpool', 'state': 'Cambridgeshire'...</msg>
<var>${json_data}</var>
<arg>${response.json()}</arg>
<doc>Returns the given values which can then be assigned to a variables.</doc>
<status status="PASS" start="2024-06-11T20:15:33.470881" elapsed="0.000568"/>
</kw>
<kw name="Log" owner="BuiltIn">
<msg time="2024-06-11T20:15:33.471983" level="INFO">{'results': [{'gender': 'male', 'name': {'title': 'Mr', 'first': 'Ross', 'last': 'Hill'}, 'location': {'street': {'number': 5863, 'name': 'London Road'}, 'city': 'Liverpool', 'state': 'Cambridgeshire', 'country': 'United Kingdom', 'postcode': 'YR5F 7TB', 'coordinates': {'latitude': '-10.6927', 'longitude': '-78.3206'}, 'timezone': {'offset': '-8:00', 'description': 'Pacific Time (US &amp; Canada)'}}, 'email': 'ross.hill@example.com', 'login': {'uuid': 'd6295810-5a70-471f-b0dd-9b76dae266d6', 'username': 'smallsnake619', 'password': '314159', 'salt': 'uOBcCe9o', 'md5': 'c3248a8c198da18bfb42e579fdab543e', 'sha1': '428717e757f4a429e11951565f7e1b6d5348a05f', 'sha256': 'e7a509143abec73dda2046622f241f9b1037111077c19d6853b0833a0e8561bb'}, 'dob': {'date': '1985-05-03T01:19:56.935Z', 'age': 39}, 'registered': {'date': '2012-03-01T08:21:00.859Z', 'age': 12}, 'phone': '0141 232 8734', 'cell': '07489 601337', 'id': {'name': 'NINO', 'value': 'TR 41 20 91 D'}, 'picture': {'large': 'https://randomuser.me/api/portraits/men/42.jpg', 'medium': 'https://randomuser.me/api/portraits/med/men/42.jpg', 'thumbnail': 'https://randomuser.me/api/portraits/thumb/men/42.jpg'}, 'nat': 'GB'}], 'info': {'seed': '5e6a89a3e3ec9c18', 'results': 1, 'page': 1, 'version': '1.4'}}</msg>
<arg>${json_data}</arg>
<doc>Logs the given message with the given level.</doc>
<status status="PASS" start="2024-06-11T20:15:33.471803" elapsed="0.000231"/>
</kw>
<kw name="Should Be String" owner="String">
<arg>${json_data['results'][0]['gender']}</arg>
<doc>Fails if the given ``item`` is not a string.</doc>
<status status="PASS" start="2024-06-11T20:15:33.472352" elapsed="0.000382"/>
</kw>
<kw name="Should Match Regexp" owner="BuiltIn">
<arg>${json_data['results'][0]['email']}</arg>
<arg>^[a-zA-Z0-9._%+-]+@[a-zA-Z0-9.-]+\.[a-zA-Z]{2,}$</arg>
<doc>Fails if ``string`` does not match ``pattern`` as a regular expression.</doc>
<status status="PASS" start="2024-06-11T20:15:33.472930" elapsed="0.000519"/>
</kw>
<kw name="Should Match Regexp" owner="BuiltIn">
<arg>${json_data['results'][0]['dob']['date']}</arg>
<arg>\\d{4}-\\d{2}-\\d{2}T\\d{2}:\\d{2}:\\d{2}\\.\\d{3}Z</arg>
<doc>Fails if ``string`` does not match ``pattern`` as a regular expression.</doc>
<status status="PASS" start="2024-06-11T20:15:33.473686" elapsed="0.000514"/>
</kw>
<kw name="Should Match Regexp" owner="BuiltIn">
<arg>${json_data['results'][0]['registered']['date']}</arg>
<arg>\\d{4}-\\d{2}-\\d{2}T\\d{2}:\\d{2}:\\d{2}\\.\\d{3}Z</arg>
<doc>Fails if ``string`` does not match ``pattern`` as a regular expression.</doc>
<status status="PASS" start="2024-06-11T20:15:33.474447" elapsed="0.000373"/>
</kw>
<kw name="Should Match Regexp" owner="BuiltIn">
<arg>${json_data['results'][0]['picture']['large']}</arg>
<arg>^https?://.*\.(?:png|jpe?g|gif|bmp)$</arg>
<doc>Fails if ``string`` does not match ``pattern`` as a regular expression.</doc>
<status status="PASS" start="2024-06-11T20:15:33.475009" elapsed="0.000462"/>
</kw>
<kw name="Should Match Regexp" owner="BuiltIn">
<arg>${json_data['results'][0]['picture']['medium']}</arg>
<arg>^https?://.*\.(?:png|jpe?g|gif|bmp)$</arg>
<doc>Fails if ``string`` does not match ``pattern`` as a regular expression.</doc>
<status status="PASS" start="2024-06-11T20:15:33.475670" elapsed="0.000356"/>
</kw>
<kw name="Should Match Regexp" owner="BuiltIn">
<arg>${json_data['results'][0]['picture']['thumbnail']}</arg>
<arg>^https?://.*\.(?:png|jpe?g|gif|bmp)$</arg>
<doc>Fails if ``string`` does not match ``pattern`` as a regular expression.</doc>
<status status="PASS" start="2024-06-11T20:15:33.476224" elapsed="0.000355"/>
</kw>
<kw name="Log" owner="BuiltIn">
<msg time="2024-06-11T20:15:33.477099" level="INFO">{'large': 'https://randomuser.me/api/portraits/men/42.jpg', 'medium': 'https://randomuser.me/api/portraits/med/men/42.jpg', 'thumbnail': 'https://randomuser.me/api/portraits/thumb/men/42.jpg'}</msg>
<arg>${json_data['results'][0]['picture']}</arg>
<doc>Logs the given message with the given level.</doc>
<status status="PASS" start="2024-06-11T20:15:33.476765" elapsed="0.000379"/>
</kw>
<status status="PASS" start="2024-06-11T20:15:33.384203" elapsed="0.093211"/>
</kw>
<kw name="Teste de Tipos de Dados - Postcode" owner="random-user-service">
<kw name="GET On Session" owner="RequestsLibrary">
<msg time="2024-06-11T20:15:33.571875" level="INFO">GET Request : url=https://randomuser.me/api 
 path_url=/api 
 headers={'User-Agent': 'python-requests/2.32.3', 'Accept-Encoding': 'gzip, deflate', 'Accept': '*/*', 'Connection': 'keep-alive'} 
 body=None 
 </msg>
<msg time="2024-06-11T20:15:33.571985" level="INFO">GET Response : url=https://randomuser.me/api 
 status=200, reason=OK 
 headers={'Date': 'Tue, 11 Jun 2024 20:15:33 GMT', 'Content-Type': 'application/json; charset=utf-8', 'Transfer-Encoding': 'chunked', 'Connection': 'keep-alive', 'X-Powered-By': 'Express', 'Access-Control-Allow-Origin': '*', 'Cache-Control': 'no-cache', 'ETag': 'W/"4aa-YEcu7vyNv4tlJQyvCgJGrBXCVdM"', 'Vary': 'Accept-Encoding', 'Content-Encoding': 'gzip', 'CF-Cache-Status': 'DYNAMIC', 'Report-To': '{"endpoints":[{"url":"https:\\/\\/a.nel.cloudflare.com\\/report\\/v4?s=miG8JiyWREXawkNZk%2FvpZG30U0yD%2BoTLwspzDfzvM%2FOdsM%2Bkp9c%2FBn%2FU3b3K%2Flrpd%2Fty9Z7%2FOi0%2FtS6QP4k2IXSxIAt2MZ5SM1pgKjWXeQQAQzvSE5TVt3PTFy3P%2FTOY"}],"group":"cf-nel","max_age":604800}', 'NEL': '{"success_fraction":0,"report_to":"cf-nel","max_age":604800}', 'Server': 'cloudflare', 'CF-RAY': '8924461a4b3061b4-ORD', 'alt-svc': 'h3=":443"; ma=86400'} 
 body={"results":[{"gender":"female","name":{"title":"Mrs","first":"Louella","last":"Henderson"},"location":{"street":{"number":6105,"name":"Valwood Pkwy"},"city":"Celina","state":"Maryland","country":"United States","postcode":74424,"coordinates":{"latitude":"85.6783","longitude":"150.5086"},"timezone":{"offset":"+5:00","description":"Ekaterinburg, Islamabad, Karachi, Tashkent"}},"email":"louella.henderson@example.com","login":{"uuid":"966a9d26-b104-48b7-95a0-cf9e80bad78a","username":"angrypeacock988","password":"nico","salt":"faqISDtw","md5":"270195981996d4cc6f70231e6ef5f17d","sha1":"26230ac01129bdccfa0dc0c49b1ae9275cf02445","sha256":"0815f37e796f7fe46be48f7851b569d2d31f6f76057e9707b20384693ca13c5a"},"dob":{"date":"1978-10-04T11:49:41.753Z","age":45},"registered":{"date":"2020-12-17T20:24:54.559Z","age":3},"phone":"(266) 845-6123","cell":"(895) 409-6935","id":{"name":"SSN","value":"059-26-3817"},"picture":{"large":"https://randomuser.me/api/portraits/women/48.jpg","medium":"https://randomuser.me/api/portraits/med/women/48.jpg","thumbnail":"https://randomuser.me/api/portraits/thumb/women/48.jpg"},"nat":"US"}],"info":{"seed":"6cd563b06989bfac","results":1,"page":1,"version":"1.4"}} 
 </msg>
<msg time="2024-06-11T20:15:33.572089" level="INFO">/opt/hostedtoolcache/Python/3.12.3/x64/lib/python3.12/site-packages/urllib3/connectionpool.py:1103: InsecureRequestWarning: Unverified HTTPS request is being made to host 'randomuser.me'. Adding certificate verification is strongly advised. See: https://urllib3.readthedocs.io/en/latest/advanced-usage.html#tls-warnings
  warnings.warn(</msg>
<msg time="2024-06-11T20:15:33.572225" level="INFO">${response} = &lt;Response [200]&gt;</msg>
<var>${response}</var>
<arg>consultarAPI</arg>
<arg>/api</arg>
<doc>Sends a GET request on a previously created HTTP Session.</doc>
<status status="PASS" start="2024-06-11T20:15:33.477892" elapsed="0.094374"/>
</kw>
<kw name="Set Variable" owner="BuiltIn">
<msg time="2024-06-11T20:15:33.573303" level="INFO">${json_data} = {'results': [{'gender': 'female', 'name': {'title': 'Mrs', 'first': 'Louella', 'last': 'Henderson'}, 'location': {'street': {'number': 6105, 'name': 'Valwood Pkwy'}, 'city': 'Celina', 'state': 'Maryla...</msg>
<var>${json_data}</var>
<arg>${response.json()}</arg>
<doc>Returns the given values which can then be assigned to a variables.</doc>
<status status="PASS" start="2024-06-11T20:15:33.572800" elapsed="0.000533"/>
</kw>
<kw name="Log" owner="BuiltIn">
<msg time="2024-06-11T20:15:33.573801" level="INFO">{'results': [{'gender': 'female', 'name': {'title': 'Mrs', 'first': 'Louella', 'last': 'Henderson'}, 'location': {'street': {'number': 6105, 'name': 'Valwood Pkwy'}, 'city': 'Celina', 'state': 'Maryland', 'country': 'United States', 'postcode': 74424, 'coordinates': {'latitude': '85.6783', 'longitude': '150.5086'}, 'timezone': {'offset': '+5:00', 'description': 'Ekaterinburg, Islamabad, Karachi, Tashkent'}}, 'email': 'louella.henderson@example.com', 'login': {'uuid': '966a9d26-b104-48b7-95a0-cf9e80bad78a', 'username': 'angrypeacock988', 'password': 'nico', 'salt': 'faqISDtw', 'md5': '270195981996d4cc6f70231e6ef5f17d', 'sha1': '26230ac01129bdccfa0dc0c49b1ae9275cf02445', 'sha256': '0815f37e796f7fe46be48f7851b569d2d31f6f76057e9707b20384693ca13c5a'}, 'dob': {'date': '1978-10-04T11:49:41.753Z', 'age': 45}, 'registered': {'date': '2020-12-17T20:24:54.559Z', 'age': 3}, 'phone': '(266) 845-6123', 'cell': '(895) 409-6935', 'id': {'name': 'SSN', 'value': '059-26-3817'}, 'picture': {'large': 'https://randomuser.me/api/portraits/women/48.jpg', 'medium': 'https://randomuser.me/api/portraits/med/women/48.jpg', 'thumbnail': 'https://randomuser.me/api/portraits/thumb/women/48.jpg'}, 'nat': 'US'}], 'info': {'seed': '6cd563b06989bfac', 'results': 1, 'page': 1, 'version': '1.4'}}</msg>
<arg>${json_data}</arg>
<doc>Logs the given message with the given level.</doc>
<status status="PASS" start="2024-06-11T20:15:33.573644" elapsed="0.000204"/>
</kw>
<kw name="Should Be Equal As Numbers" owner="BuiltIn">
<arg>${json_data['results'][0]['location']['postcode']}</arg>
<arg>${json_data['results'][0]['location']['postcode']}</arg>
<doc>Fails if objects are unequal after converting them to real numbers.</doc>
<status status="PASS" start="2024-06-11T20:15:33.574146" elapsed="0.000670"/>
</kw>
<kw name="Log" owner="BuiltIn">
<msg time="2024-06-11T20:15:33.575343" level="INFO">74424</msg>
<arg>${json_data['results'][0]['location']['postcode']}</arg>
<doc>Logs the given message with the given level.</doc>
<status status="PASS" start="2024-06-11T20:15:33.575008" elapsed="0.000375"/>
</kw>
<status status="PASS" start="2024-06-11T20:15:33.477647" elapsed="0.098034"/>
</kw>
<doc>Testa se os tipos de dados na resposta da API estão corretos.</doc>
<tag>testeTiposDados</tag>
<status status="PASS" start="2024-06-11T20:15:33.383567" elapsed="0.192289"/>
</test>
<test id="s1-s1-t5" name="Validar conteudo" line="35">
<kw name="Teste de Tipos de Conteudo" owner="random-user-service">
<kw name="GET On Session" owner="RequestsLibrary">
<msg time="2024-06-11T20:15:33.668223" level="INFO">GET Request : url=https://randomuser.me/api 
 path_url=/api 
 headers={'User-Agent': 'python-requests/2.32.3', 'Accept-Encoding': 'gzip, deflate', 'Accept': '*/*', 'Connection': 'keep-alive'} 
 body=None 
 </msg>
<msg time="2024-06-11T20:15:33.668335" level="INFO">GET Response : url=https://randomuser.me/api 
 status=200, reason=OK 
 headers={'Date': 'Tue, 11 Jun 2024 20:15:33 GMT', 'Content-Type': 'application/json; charset=utf-8', 'Transfer-Encoding': 'chunked', 'Connection': 'keep-alive', 'X-Powered-By': 'Express', 'Access-Control-Allow-Origin': '*', 'Cache-Control': 'no-cache', 'ETag': 'W/"4ac-PhvJLHiBGelHMjghYVhB5yTwbB8"', 'Vary': 'Accept-Encoding', 'Content-Encoding': 'gzip', 'CF-Cache-Status': 'DYNAMIC', 'Report-To': '{"endpoints":[{"url":"https:\\/\\/a.nel.cloudflare.com\\/report\\/v4?s=4DQvN36e6zoLIfnNY4%2FtgXlJ4WdzympaIAg1qAAgyRYwocr4ofPD4Mwgww5A9JvdWeAikHKGwTzbLB4zcgNt9%2BMbvieDW8u15yNAvEg2y0Ty2puWljcfMIorwUSIcXqX"}],"group":"cf-nel","max_age":604800}', 'NEL': '{"success_fraction":0,"report_to":"cf-nel","max_age":604800}', 'Server': 'cloudflare', 'CF-RAY': '8924461aebd461b4-ORD', 'alt-svc': 'h3=":443"; ma=86400'} 
 body={"results":[{"gender":"female","name":{"title":"Ms","first":"Eline","last":"Meunier"},"location":{"street":{"number":9566,"name":"Avenue Jean-Jaurès"},"city":"Colombes","state":"Côte-D'Or","country":"France","postcode":69304,"coordinates":{"latitude":"-20.5056","longitude":"87.5389"},"timezone":{"offset":"+11:00","description":"Magadan, Solomon Islands, New Caledonia"}},"email":"eline.meunier@example.com","login":{"uuid":"4afff143-a122-4737-9e4c-6975ad35cf3a","username":"silverkoala614","password":"delete","salt":"hjkEnDJ3","md5":"e2e9e18f968e157f15de6911b52b917b","sha1":"8e92b737edfbb18657d6797a09dd48116f6d687a","sha256":"499f0703ee96d142d1fe1819f8abad38d9e1b765bcb9f1da0f3bcd700b75098a"},"dob":{"date":"1971-03-02T06:29:04.964Z","age":53},"registered":{"date":"2009-03-27T02:46:12.740Z","age":15},"phone":"05-23-79-26-70","cell":"06-94-01-23-46","id":{"name":"INSEE","value":"2710296970190 73"},"picture":{"large":"https://randomuser.me/api/portraits/women/62.jpg","medium":"https://randomuser.me/api/portraits/med/women/62.jpg","thumbnail":"https://randomuser.me/api/portraits/thumb/women/62.jpg"},"nat":"FR"}],"info":{"seed":"099f71f05a51020c","results":1,"page":1,"version":"1.4"}} 
 </msg>
<msg time="2024-06-11T20:15:33.668421" level="INFO">/opt/hostedtoolcache/Python/3.12.3/x64/lib/python3.12/site-packages/urllib3/connectionpool.py:1103: InsecureRequestWarning: Unverified HTTPS request is being made to host 'randomuser.me'. Adding certificate verification is strongly advised. See: https://urllib3.readthedocs.io/en/latest/advanced-usage.html#tls-warnings
  warnings.warn(</msg>
<msg time="2024-06-11T20:15:33.668552" level="INFO">${response} = &lt;Response [200]&gt;</msg>
<var>${response}</var>
<arg>consultarAPI</arg>
<arg>/api</arg>
<doc>Sends a GET request on a previously created HTTP Session.</doc>
<status status="PASS" start="2024-06-11T20:15:33.578325" elapsed="0.090259"/>
</kw>
<kw name="Set Variable" owner="BuiltIn">
<msg time="2024-06-11T20:15:33.669641" level="INFO">${json_data} = {'results': [{'gender': 'female', 'name': {'title': 'Ms', 'first': 'Eline', 'last': 'Meunier'}, 'location': {'street': {'number': 9566, 'name': 'Avenue Jean-Jaurès'}, 'city': 'Colombes', 'state': "Côt...</msg>
<var>${json_data}</var>
<arg>${response.json()}</arg>
<doc>Returns the given values which can then be assigned to a variables.</doc>
<status status="PASS" start="2024-06-11T20:15:33.669112" elapsed="0.000561"/>
</kw>
<kw name="Set Variable" owner="BuiltIn">
<msg time="2024-06-11T20:15:33.670431" level="INFO">${name_title} = Ms</msg>
<var>${name_title}</var>
<arg>${json_data["results"][0]["name"]["title"]}</arg>
<doc>Returns the given values which can then be assigned to a variables.</doc>
<status status="PASS" start="2024-06-11T20:15:33.669987" elapsed="0.000470"/>
</kw>
<kw name="Create List" owner="BuiltIn">
<msg time="2024-06-11T20:15:33.670920" level="INFO">${allowed_titles} = ['Mr', 'Ms', 'Miss', 'Mrs', 'Madame', 'Monsieur']</msg>
<var>${allowed_titles}</var>
<arg>Mr</arg>
<arg>Ms</arg>
<arg>Miss</arg>
<arg>Mrs</arg>
<arg>Madame</arg>
<arg>Monsieur</arg>
<doc>Returns a list containing given items.</doc>
<status status="PASS" start="2024-06-11T20:15:33.670768" elapsed="0.000176"/>
</kw>
<kw name="List Should Contain Value" owner="Collections">
<arg>${allowed_titles}</arg>
<arg>${name_title}</arg>
<doc>Fails if the ``value`` is not found from ``list``.</doc>
<status status="PASS" start="2024-06-11T20:15:33.671245" elapsed="0.000180"/>
</kw>
<kw name="Set Variable" owner="BuiltIn">
<msg time="2024-06-11T20:15:33.671988" level="INFO">${name_country} = FR</msg>
<var>${name_country}</var>
<arg>${json_data["results"][0]["nat"]}</arg>
<doc>Returns the given values which can then be assigned to a variables.</doc>
<status status="PASS" start="2024-06-11T20:15:33.671607" elapsed="0.000407"/>
</kw>
<kw name="Create List" owner="BuiltIn">
<msg time="2024-06-11T20:15:33.672928" level="INFO">${list_country} = ['AD', 'AE', 'AF', 'AG', 'AI', 'AL', 'AM', 'AO', 'AQ', 'AR', 'AS', 'AT', 'AU', 'AW', 'AX', 'AZ', 'BA', 'BB', 'BD', 'BE', 'BF', 'BG', 'BH', 'BI', 'BJ', 'BL', 'BM', 'BN', 'BO', 'BQ', 'BR', 'BS', 'BT', '...</msg>
<var>${list_country}</var>
<arg>AD</arg>
<arg>AE</arg>
<arg>AF</arg>
<arg>AG</arg>
<arg>AI</arg>
<arg>AL</arg>
<arg>AM</arg>
<arg>AO</arg>
<arg>AQ</arg>
<arg>AR</arg>
<arg>AS</arg>
<arg>AT</arg>
<arg>AU</arg>
<arg>AW</arg>
<arg>AX</arg>
<arg>AZ</arg>
<arg>BA</arg>
<arg>BB</arg>
<arg>BD</arg>
<arg>BE</arg>
<arg>BF</arg>
<arg>BG</arg>
<arg>BH</arg>
<arg>BI</arg>
<arg>BJ</arg>
<arg>BL</arg>
<arg>BM</arg>
<arg>BN</arg>
<arg>BO</arg>
<arg>BQ</arg>
<arg>BR</arg>
<arg>BS</arg>
<arg>BT</arg>
<arg>BV</arg>
<arg>BW</arg>
<arg>BY</arg>
<arg>BZ</arg>
<arg>CA</arg>
<arg>CC</arg>
<arg>CD</arg>
<arg>CF</arg>
<arg>CG</arg>
<arg>CH</arg>
<arg>CI</arg>
<arg>CK</arg>
<arg>CL</arg>
<arg>CM</arg>
<arg>CN</arg>
<arg>CO</arg>
<arg>CR</arg>
<arg>CU</arg>
<arg>CV</arg>
<arg>CW</arg>
<arg>CX</arg>
<arg>CY</arg>
<arg>CZ</arg>
<arg>DE</arg>
<arg>DJ</arg>
<arg>DK</arg>
<arg>DM</arg>
<arg>DO</arg>
<arg>DZ</arg>
<arg>EC</arg>
<arg>EE</arg>
<arg>EG</arg>
<arg>EH</arg>
<arg>ER</arg>
<arg>ES</arg>
<arg>ET</arg>
<arg>FI</arg>
<arg>FJ</arg>
<arg>FK</arg>
<arg>FM</arg>
<arg>FO</arg>
<arg>FR</arg>
<arg>GA</arg>
<arg>GB</arg>
<arg>GD</arg>
<arg>GE</arg>
<arg>GF</arg>
<arg>GG</arg>
<arg>GH</arg>
<arg>GI</arg>
<arg>GL</arg>
<arg>GM</arg>
<arg>GN</arg>
<arg>GP</arg>
<arg>GQ</arg>
<arg>GR</arg>
<arg>GS</arg>
<arg>GT</arg>
<arg>GU</arg>
<arg>GW</arg>
<arg>GY</arg>
<arg>HK</arg>
<arg>HM</arg>
<arg>HN</arg>
<arg>HR</arg>
<arg>HT</arg>
<arg>HU</arg>
<arg>ID</arg>
<arg>IE</arg>
<arg>IL</arg>
<arg>IM</arg>
<arg>IN</arg>
<arg>IO</arg>
<arg>IQ</arg>
<arg>IR</arg>
<arg>IS</arg>
<arg>IT</arg>
<arg>JE</arg>
<arg>JM</arg>
<arg>JO</arg>
<arg>JP</arg>
<arg>KE</arg>
<arg>KG</arg>
<arg>KH</arg>
<arg>KI</arg>
<arg>KM</arg>
<arg>KN</arg>
<arg>KP</arg>
<arg>KR</arg>
<arg>KW</arg>
<arg>KY</arg>
<arg>KZ</arg>
<arg>LA</arg>
<arg>LB</arg>
<arg>LC</arg>
<arg>LI</arg>
<arg>LK</arg>
<arg>LR</arg>
<arg>LS</arg>
<arg>LT</arg>
<arg>LU</arg>
<arg>LV</arg>
<arg>LY</arg>
<arg>MA</arg>
<arg>MC</arg>
<arg>MD</arg>
<arg>ME</arg>
<arg>MF</arg>
<arg>MG</arg>
<arg>MH</arg>
<arg>MK</arg>
<arg>ML</arg>
<arg>MM</arg>
<arg>MN</arg>
<arg>MO</arg>
<arg>MP</arg>
<arg>MQ</arg>
<arg>MR</arg>
<arg>MS</arg>
<arg>MT</arg>
<arg>MU</arg>
<arg>MV</arg>
<arg>MW</arg>
<arg>MX</arg>
<arg>MY</arg>
<arg>MZ</arg>
<arg>NA</arg>
<arg>NC</arg>
<arg>NE</arg>
<arg>NF</arg>
<arg>NG</arg>
<arg>NI</arg>
<arg>NL</arg>
<arg>NO</arg>
<arg>NP</arg>
<arg>NR</arg>
<arg>NU</arg>
<arg>NZ</arg>
<arg>OM</arg>
<arg>PA</arg>
<arg>PE</arg>
<arg>PF</arg>
<arg>PG</arg>
<arg>PH</arg>
<arg>PK</arg>
<arg>PL</arg>
<arg>PM</arg>
<arg>PN</arg>
<arg>PR</arg>
<arg>PS</arg>
<arg>PT</arg>
<arg>PW</arg>
<arg>PY</arg>
<arg>QA</arg>
<arg>RE</arg>
<arg>RO</arg>
<arg>RS</arg>
<arg>RU</arg>
<arg>RW</arg>
<arg>SA</arg>
<arg>SB</arg>
<arg>SC</arg>
<arg>SD</arg>
<arg>SE</arg>
<arg>SG</arg>
<arg>SH</arg>
<arg>SI</arg>
<arg>SJ</arg>
<arg>SK</arg>
<arg>SL</arg>
<arg>SM</arg>
<arg>SN</arg>
<arg>SO</arg>
<arg>SR</arg>
<arg>SS</arg>
<arg>ST</arg>
<arg>SV</arg>
<arg>SX</arg>
<arg>SY</arg>
<arg>SZ</arg>
<arg>TC</arg>
<arg>TD</arg>
<arg>TF</arg>
<arg>TG</arg>
<arg>TH</arg>
<arg>TJ</arg>
<arg>TK</arg>
<arg>TL</arg>
<arg>TM</arg>
<arg>TN</arg>
<arg>TO</arg>
<arg>TR</arg>
<arg>TT</arg>
<arg>TV</arg>
<arg>TW</arg>
<arg>TZ</arg>
<arg>UA</arg>
<arg>UG</arg>
<arg>UM</arg>
<arg>US</arg>
<arg>UY</arg>
<arg>UZ</arg>
<arg>VA</arg>
<arg>VC</arg>
<arg>VE</arg>
<arg>VG</arg>
<arg>VI</arg>
<arg>VN</arg>
<arg>VU</arg>
<arg>WF</arg>
<arg>WS</arg>
<arg>XK</arg>
<arg>YE</arg>
<arg>YT</arg>
<arg>ZA</arg>
<arg>ZM</arg>
<arg>ZW</arg>
<doc>Returns a list containing given items.</doc>
<status status="PASS" start="2024-06-11T20:15:33.672314" elapsed="0.000640"/>
</kw>
<kw name="List Should Contain Value" owner="Collections">
<arg>${list_country}</arg>
<arg>${name_country}</arg>
<doc>Fails if the ``value`` is not found from ``list``.</doc>
<status status="PASS" start="2024-06-11T20:15:33.673758" elapsed="0.000205"/>
</kw>
<kw name="Run Keyword If" owner="BuiltIn">
<kw name="Should Be True" owner="BuiltIn">
<arg>${True}</arg>
<doc>Fails if the given condition is not true.</doc>
<status status="PASS" start="2024-06-11T20:15:33.675083" elapsed="0.000143"/>
</kw>
<arg>${json_data["results"][0]["location"]["coordinates"]["latitude"]} &gt;= -90 and ${json_data["results"][0]["location"]["coordinates"]["latitude"]} &lt;= 90</arg>
<arg>Should Be True</arg>
<arg>${True}</arg>
<doc>Runs the given keyword with the given arguments, if ``condition`` is true.</doc>
<status status="PASS" start="2024-06-11T20:15:33.674166" elapsed="0.001186"/>
</kw>
<kw name="Run Keyword If" owner="BuiltIn">
<kw name="Should Be True" owner="BuiltIn">
<arg>${True}</arg>
<doc>Fails if the given condition is not true.</doc>
<status status="PASS" start="2024-06-11T20:15:33.676229" elapsed="0.000140"/>
</kw>
<arg>${json_data["results"][0]["location"]["coordinates"]["longitude"]} &gt;= -180 and ${json_data["results"][0]["location"]["coordinates"]["longitude"]} &lt;= 180</arg>
<arg>Should Be True</arg>
<arg>${True}</arg>
<doc>Runs the given keyword with the given arguments, if ``condition`` is true.</doc>
<status status="PASS" start="2024-06-11T20:15:33.675537" elapsed="0.000958"/>
</kw>
<status status="PASS" start="2024-06-11T20:15:33.578075" elapsed="0.098553"/>
</kw>
<doc>Testa o conteúdo específico dos campos retornados pela API.</doc>
<tag>testeConteudo</tag>
<status status="PASS" start="2024-06-11T20:15:33.577618" elapsed="0.099163"/>
</test>
<status status="PASS" start="2024-06-11T20:15:32.668284" elapsed="1.010458"/>
</suite>
<status status="PASS" start="2024-06-11T20:15:32.654455" elapsed="1.029384"/>
</suite>
<statistics>
<total>
<stat pass="5" fail="0" skip="0">All Tests</stat>
</total>
<tag>
<stat pass="1" fail="0" skip="0">testeConteudo</stat>
<stat pass="1" fail="0" skip="0">testeEstruturaResposta</stat>
<stat pass="1" fail="0" skip="0">testeRequisicaoBasica</stat>
<stat pass="1" fail="0" skip="0">testeTiposDados</stat>
</tag>
<suite>
<stat pass="5" fail="0" skip="0" id="s1" name="Tests">Tests</stat>
<stat pass="5" fail="0" skip="0" id="s1-s1" name="Random-User-Test">Tests.Random-User-Test</stat>
</suite>
</statistics>
<errors>
</errors>
</robot>
