<?xml version="1.0" encoding="UTF-8"?>
<robot generator="Robot 7.0 (Python 3.12.3 on linux)" generated="2024-05-24T04:18:12.290920" rpa="false" schemaversion="5">
<suite id="s1" name="Tests" source="/home/runner/work/DesafioQAItauRogerioJordao/DesafioQAItauRogerioJordao/RamdonUser/tests">
<suite id="s1-s1" name="Random-User-Test" source="/home/runner/work/DesafioQAItauRogerioJordao/DesafioQAItauRogerioJordao/RamdonUser/tests/random-user-test.robot">
<test id="s1-s1-t1" name="Conectar" line="13">
<kw name="Conectar API" owner="random-user-service">
<kw name="Create Session" owner="RequestsLibrary">
<msg time="2024-05-24T04:18:12.696657" level="INFO">Creating Session using : alias=consultarAPI, url=https://randomuser.me/, headers={},                     cookies={}, auth=None, timeout=None, proxies=None, verify=False,                     debug=0 </msg>
<arg>consultarAPI</arg>
<arg>${URL}</arg>
<doc>Create Session: create a HTTP session to a server</doc>
<status status="PASS" start="2024-05-24T04:18:12.696443" elapsed="0.000414"/>
</kw>
<status status="PASS" start="2024-05-24T04:18:12.695409" elapsed="0.001866"/>
</kw>
<status status="PASS" start="2024-05-24T04:18:12.694803" elapsed="0.002675"/>
</test>
<test id="s1-s1-t2" name="Validar retorno 200 e JSON Válido" line="16">
<kw name="Teste de Requisicao Basica" owner="random-user-service">
<kw name="GET On Session" owner="RequestsLibrary">
<msg time="2024-05-24T04:18:12.819520" level="INFO">GET Request : url=https://randomuser.me/api 
 path_url=/api 
 headers={'User-Agent': 'python-requests/2.32.2', 'Accept-Encoding': 'gzip, deflate', 'Accept': '*/*', 'Connection': 'keep-alive'} 
 body=None 
 </msg>
<msg time="2024-05-24T04:18:12.819705" level="INFO">GET Response : url=https://randomuser.me/api 
 status=200, reason=OK 
 headers={'Date': 'Fri, 24 May 2024 04:18:12 GMT', 'Content-Type': 'application/json; charset=utf-8', 'Transfer-Encoding': 'chunked', 'Connection': 'keep-alive', 'X-Powered-By': 'Express', 'Access-Control-Allow-Origin': '*', 'Cache-Control': 'no-cache', 'ETag': 'W/"488-iACSaC16WZU85On8ZriET5PVakQ"', 'Vary': 'Accept-Encoding', 'Content-Encoding': 'gzip', 'CF-Cache-Status': 'DYNAMIC', 'Report-To': '{"endpoints":[{"url":"https:\\/\\/a.nel.cloudflare.com\\/report\\/v4?s=hY4r9LcSEb%2BKUVey9n7fz9PtuJFyoGksasPmaIIe8nE%2BxTKffiA6OAtEO8alveDlWHllhUCUVANg3DjGIsTKj2bcgGgJL8MibyN3SfYrNSeqUKgI8B784V309la%2Boku5"}],"group":"cf-nel","max_age":604800}', 'NEL': '{"success_fraction":0,"report_to":"cf-nel","max_age":604800}', 'Server': 'cloudflare', 'CF-RAY': '888a7afd9a829866-SJC', 'alt-svc': 'h3=":443"; ma=86400'} 
 body={"results":[{"gender":"male","name":{"title":"Mr","first":"Por","last":"Lyutiy"},"location":{"street":{"number":3236,"name":"Amurska ploshcha"},"city":"Harkiv","state":"Zakarpatska","country":"Ukraine","postcode":93369,"coordinates":{"latitude":"76.3152","longitude":"-53.2423"},"timezone":{"offset":"+9:00","description":"Tokyo, Seoul, Osaka, Sapporo, Yakutsk"}},"email":"por.lyutiy@example.com","login":{"uuid":"a8d50e4e-46d1-4edc-a00c-e2fa06dd70a0","username":"beautifulrabbit900","password":"655321","salt":"sAZg52W4","md5":"3d9eec62da76e0265489cd47437e13c9","sha1":"d7febf20bee5087bd0872d4e556bc08b35aaffe6","sha256":"a0b003bd034f9fbc765ed2ac9d4b45d0376d79301c93b752c51db8c3f2ff7913"},"dob":{"date":"1953-11-02T18:58:12.092Z","age":70},"registered":{"date":"2022-05-07T08:15:12.259Z","age":2},"phone":"(066) J88-4060","cell":"(096) Z18-0443","id":{"name":"","value":null},"picture":{"large":"https://randomuser.me/api/portraits/men/64.jpg","medium":"https://randomuser.me/api/portraits/med/men/64.jpg","thumbnail":"https://randomuser.me/api/portraits/thumb/men/64.jpg"},"nat":"UA"}],"info":{"seed":"09c097a3a2f56fa9","results":1,"page":1,"version":"1.4"}} 
 </msg>
<msg time="2024-05-24T04:18:12.819799" level="INFO">/opt/hostedtoolcache/Python/3.12.3/x64/lib/python3.12/site-packages/urllib3/connectionpool.py:1103: InsecureRequestWarning: Unverified HTTPS request is being made to host 'randomuser.me'. Adding certificate verification is strongly advised. See: https://urllib3.readthedocs.io/en/latest/advanced-usage.html#tls-warnings
  warnings.warn(</msg>
<msg time="2024-05-24T04:18:12.820016" level="INFO">${response} = &lt;Response [200]&gt;</msg>
<var>${response}</var>
<arg>consultarAPI</arg>
<arg>/api</arg>
<doc>Sends a GET request on a previously created HTTP Session.</doc>
<status status="PASS" start="2024-05-24T04:18:12.700124" elapsed="0.119953"/>
</kw>
<kw name="Should Be Equal As Numbers" owner="BuiltIn">
<msg time="2024-05-24T04:18:12.821202" level="INFO">Argument types are:
&lt;class 'int'&gt;
&lt;class 'str'&gt;</msg>
<arg>${response.status_code}</arg>
<arg>200</arg>
<doc>Fails if objects are unequal after converting them to real numbers.</doc>
<status status="PASS" start="2024-05-24T04:18:12.820676" elapsed="0.000598"/>
</kw>
<kw name="Log" owner="BuiltIn">
<msg time="2024-05-24T04:18:12.822054" level="INFO">200</msg>
<arg>${response.status_code}</arg>
<doc>Logs the given message with the given level.</doc>
<status status="PASS" start="2024-05-24T04:18:12.821659" elapsed="0.000447"/>
</kw>
<kw name="Set Variable" owner="BuiltIn">
<msg time="2024-05-24T04:18:12.822902" level="INFO">${json_data} = {'results': [{'gender': 'male', 'name': {'title': 'Mr', 'first': 'Por', 'last': 'Lyutiy'}, 'location': {'street': {'number': 3236, 'name': 'Amurska ploshcha'}, 'city': 'Harkiv', 'state': 'Zakarpatska'...</msg>
<var>${json_data}</var>
<arg>${response.json()}</arg>
<doc>Returns the given values which can then be assigned to a variables.</doc>
<status status="PASS" start="2024-05-24T04:18:12.822448" elapsed="0.000483"/>
</kw>
<kw name="Dictionary Should Contain Key" owner="Collections">
<msg time="2024-05-24T04:18:12.823433" level="INFO">False</msg>
<arg>${json_data}</arg>
<arg>results</arg>
<doc>Fails if ``key`` is not found from ``dictionary``.</doc>
<status status="PASS" start="2024-05-24T04:18:12.823255" elapsed="0.000219"/>
</kw>
<status status="PASS" start="2024-05-24T04:18:12.699855" elapsed="0.123887"/>
</kw>
<doc>Testa se a API responde corretamente e retorna um objeto JSON válido.</doc>
<tag>testeRequisicaoBasica</tag>
<status status="PASS" start="2024-05-24T04:18:12.699353" elapsed="0.124584"/>
</test>
<test id="s1-s1-t3" name="Validar estrutura de resposta" line="22">
<kw name="Teste de Estrutura de Resposta" owner="random-user-service">
<kw name="GET On Session" owner="RequestsLibrary">
<msg time="2024-05-24T04:18:12.929931" level="INFO">GET Request : url=https://randomuser.me/api 
 path_url=/api 
 headers={'User-Agent': 'python-requests/2.32.2', 'Accept-Encoding': 'gzip, deflate', 'Accept': '*/*', 'Connection': 'keep-alive'} 
 body=None 
 </msg>
<msg time="2024-05-24T04:18:12.930035" level="INFO">GET Response : url=https://randomuser.me/api 
 status=200, reason=OK 
 headers={'Date': 'Fri, 24 May 2024 04:18:12 GMT', 'Content-Type': 'application/json; charset=utf-8', 'Transfer-Encoding': 'chunked', 'Connection': 'keep-alive', 'X-Powered-By': 'Express', 'Access-Control-Allow-Origin': '*', 'Cache-Control': 'no-cache', 'ETag': 'W/"48f-8T9KBOWDqx8NXH5CW13aA0pEuEs"', 'Vary': 'Accept-Encoding', 'Content-Encoding': 'gzip', 'CF-Cache-Status': 'DYNAMIC', 'Report-To': '{"endpoints":[{"url":"https:\\/\\/a.nel.cloudflare.com\\/report\\/v4?s=D3rdHGc5NQpU17yrQgkmG1Q5VQl11b53wn5lDAf6N2UbbIRQFybssK5tmftI2R7gin%2BloFhshlFzRDe1vkk2yQi7XrzncTZrCX9hk9dCTAMYw8AuGwyyFdPfGb0sTf08"}],"group":"cf-nel","max_age":604800}', 'NEL': '{"success_fraction":0,"report_to":"cf-nel","max_age":604800}', 'Server': 'cloudflare', 'CF-RAY': '888a7afe2ad09866-SJC', 'alt-svc': 'h3=":443"; ma=86400'} 
 body={"results":[{"gender":"male","name":{"title":"Mr","first":"Valentin","last":"Gutiérrez"},"location":{"street":{"number":2907,"name":"Andador Sur Alcaraz"},"city":"San Antonio del Mar","state":"Colima","country":"Mexico","postcode":67310,"coordinates":{"latitude":"22.8903","longitude":"-93.8174"},"timezone":{"offset":"-9:00","description":"Alaska"}},"email":"valentin.gutierrez@example.com","login":{"uuid":"f6141a4a-4ead-48f2-8d75-cd9b1c0a6fee","username":"heavygoose790","password":"storys","salt":"s5QZI7iY","md5":"1652c3c0368bb67defbfc85887c43b47","sha1":"72ad93ffed0b4c60c2110385b9a4653294f677db","sha256":"38bbbfc526c9b44aa245db5e745b4cd8eaddfa13d79c34ef86e0a161f0ae8cf8"},"dob":{"date":"1993-06-21T05:16:49.176Z","age":30},"registered":{"date":"2014-07-10T17:54:53.275Z","age":9},"phone":"(607) 064 9994","cell":"(644) 251 6964","id":{"name":"NSS","value":"16 76 13 3285 7"},"picture":{"large":"https://randomuser.me/api/portraits/men/74.jpg","medium":"https://randomuser.me/api/portraits/med/men/74.jpg","thumbnail":"https://randomuser.me/api/portraits/thumb/men/74.jpg"},"nat":"MX"}],"info":{"seed":"c9358fc850577b87","results":1,"page":1,"version":"1.4"}} 
 </msg>
<msg time="2024-05-24T04:18:12.930170" level="INFO">/opt/hostedtoolcache/Python/3.12.3/x64/lib/python3.12/site-packages/urllib3/connectionpool.py:1103: InsecureRequestWarning: Unverified HTTPS request is being made to host 'randomuser.me'. Adding certificate verification is strongly advised. See: https://urllib3.readthedocs.io/en/latest/advanced-usage.html#tls-warnings
  warnings.warn(</msg>
<msg time="2024-05-24T04:18:12.930320" level="INFO">${response} = &lt;Response [200]&gt;</msg>
<var>${response}</var>
<arg>consultarAPI</arg>
<arg>/api</arg>
<doc>Sends a GET request on a previously created HTTP Session.</doc>
<status status="PASS" start="2024-05-24T04:18:12.826690" elapsed="0.103675"/>
</kw>
<kw name="Set Variable" owner="BuiltIn">
<msg time="2024-05-24T04:18:12.931452" level="INFO">${json_data} = {'results': [{'gender': 'male', 'name': {'title': 'Mr', 'first': 'Valentin', 'last': 'Gutiérrez'}, 'location': {'street': {'number': 2907, 'name': 'Andador Sur Alcaraz'}, 'city': 'San Antonio del Mar'...</msg>
<var>${json_data}</var>
<arg>${response.json()}</arg>
<doc>Returns the given values which can then be assigned to a variables.</doc>
<status status="PASS" start="2024-05-24T04:18:12.930900" elapsed="0.000584"/>
</kw>
<kw name="Log" owner="BuiltIn">
<msg time="2024-05-24T04:18:12.932019" level="INFO">{'results': [{'gender': 'male', 'name': {'title': 'Mr', 'first': 'Valentin', 'last': 'Gutiérrez'}, 'location': {'street': {'number': 2907, 'name': 'Andador Sur Alcaraz'}, 'city': 'San Antonio del Mar', 'state': 'Colima', 'country': 'Mexico', 'postcode': 67310, 'coordinates': {'latitude': '22.8903', 'longitude': '-93.8174'}, 'timezone': {'offset': '-9:00', 'description': 'Alaska'}}, 'email': 'valentin.gutierrez@example.com', 'login': {'uuid': 'f6141a4a-4ead-48f2-8d75-cd9b1c0a6fee', 'username': 'heavygoose790', 'password': 'storys', 'salt': 's5QZI7iY', 'md5': '1652c3c0368bb67defbfc85887c43b47', 'sha1': '72ad93ffed0b4c60c2110385b9a4653294f677db', 'sha256': '38bbbfc526c9b44aa245db5e745b4cd8eaddfa13d79c34ef86e0a161f0ae8cf8'}, 'dob': {'date': '1993-06-21T05:16:49.176Z', 'age': 30}, 'registered': {'date': '2014-07-10T17:54:53.275Z', 'age': 9}, 'phone': '(607) 064 9994', 'cell': '(644) 251 6964', 'id': {'name': 'NSS', 'value': '16 76 13 3285 7'}, 'picture': {'large': 'https://randomuser.me/api/portraits/men/74.jpg', 'medium': 'https://randomuser.me/api/portraits/med/men/74.jpg', 'thumbnail': 'https://randomuser.me/api/portraits/thumb/men/74.jpg'}, 'nat': 'MX'}], 'info': {'seed': 'c9358fc850577b87', 'results': 1, 'page': 1, 'version': '1.4'}}</msg>
<arg>${json_data}</arg>
<doc>Logs the given message with the given level.</doc>
<status status="PASS" start="2024-05-24T04:18:12.931842" elapsed="0.000236"/>
</kw>
<kw name="Dictionary Should Contain Key" owner="Collections">
<msg time="2024-05-24T04:18:12.932561" level="INFO">False</msg>
<arg>${json_data}</arg>
<arg>results</arg>
<doc>Fails if ``key`` is not found from ``dictionary``.</doc>
<status status="PASS" start="2024-05-24T04:18:12.932395" elapsed="0.000204"/>
</kw>
<kw name="Should Not Be Empty" owner="BuiltIn">
<msg time="2024-05-24T04:18:12.933112" level="INFO">Length is 2.</msg>
<arg>${json_data}</arg>
<doc>Verifies that the given item is not empty.</doc>
<status status="PASS" start="2024-05-24T04:18:12.932960" elapsed="0.000192"/>
</kw>
<kw name="Create List" owner="BuiltIn">
<msg time="2024-05-24T04:18:12.933795" level="INFO">${expected_keys} = ['gender', 'name', 'location', 'email', 'login']</msg>
<var>${expected_keys}</var>
<arg>gender</arg>
<arg>name</arg>
<arg>location</arg>
<arg>email</arg>
<arg>login</arg>
<doc>Returns a list containing given items.</doc>
<status status="PASS" start="2024-05-24T04:18:12.933458" elapsed="0.000364"/>
</kw>
<for flavor="IN">
<iter>
<kw name="Dictionary Should Contain Key" owner="Collections">
<msg time="2024-05-24T04:18:12.934857" level="INFO">False</msg>
<arg>${json_data['results'][0]}</arg>
<arg>${key}</arg>
<doc>Fails if ``key`` is not found from ``dictionary``.</doc>
<status status="PASS" start="2024-05-24T04:18:12.934427" elapsed="0.000471"/>
</kw>
<kw name="Log" owner="BuiltIn">
<msg time="2024-05-24T04:18:12.935580" level="INFO">{'gender': 'male', 'name': {'title': 'Mr', 'first': 'Valentin', 'last': 'Gutiérrez'}, 'location': {'street': {'number': 2907, 'name': 'Andador Sur Alcaraz'}, 'city': 'San Antonio del Mar', 'state': 'Colima', 'country': 'Mexico', 'postcode': 67310, 'coordinates': {'latitude': '22.8903', 'longitude': '-93.8174'}, 'timezone': {'offset': '-9:00', 'description': 'Alaska'}}, 'email': 'valentin.gutierrez@example.com', 'login': {'uuid': 'f6141a4a-4ead-48f2-8d75-cd9b1c0a6fee', 'username': 'heavygoose790', 'password': 'storys', 'salt': 's5QZI7iY', 'md5': '1652c3c0368bb67defbfc85887c43b47', 'sha1': '72ad93ffed0b4c60c2110385b9a4653294f677db', 'sha256': '38bbbfc526c9b44aa245db5e745b4cd8eaddfa13d79c34ef86e0a161f0ae8cf8'}, 'dob': {'date': '1993-06-21T05:16:49.176Z', 'age': 30}, 'registered': {'date': '2014-07-10T17:54:53.275Z', 'age': 9}, 'phone': '(607) 064 9994', 'cell': '(644) 251 6964', 'id': {'name': 'NSS', 'value': '16 76 13 3285 7'}, 'picture': {'large': 'https://randomuser.me/api/portraits/men/74.jpg', 'medium': 'https://randomuser.me/api/portraits/med/men/74.jpg', 'thumbnail': 'https://randomuser.me/api/portraits/thumb/men/74.jpg'}, 'nat': 'MX'}</msg>
<arg>${json_data['results'][0]}</arg>
<doc>Logs the given message with the given level.</doc>
<status status="PASS" start="2024-05-24T04:18:12.935207" elapsed="0.000425"/>
</kw>
<kw name="Log" owner="BuiltIn">
<msg time="2024-05-24T04:18:12.936068" level="INFO">gender</msg>
<arg>${key}</arg>
<doc>Logs the given message with the given level.</doc>
<status status="PASS" start="2024-05-24T04:18:12.935937" elapsed="0.000170"/>
</kw>
<var name="${key}">gender</var>
<status status="PASS" start="2024-05-24T04:18:12.934296" elapsed="0.002030"/>
</iter>
<iter>
<kw name="Dictionary Should Contain Key" owner="Collections">
<msg time="2024-05-24T04:18:12.937065" level="INFO">False</msg>
<arg>${json_data['results'][0]}</arg>
<arg>${key}</arg>
<doc>Fails if ``key`` is not found from ``dictionary``.</doc>
<status status="PASS" start="2024-05-24T04:18:12.936642" elapsed="0.000462"/>
</kw>
<kw name="Log" owner="BuiltIn">
<msg time="2024-05-24T04:18:12.937812" level="INFO">{'gender': 'male', 'name': {'title': 'Mr', 'first': 'Valentin', 'last': 'Gutiérrez'}, 'location': {'street': {'number': 2907, 'name': 'Andador Sur Alcaraz'}, 'city': 'San Antonio del Mar', 'state': 'Colima', 'country': 'Mexico', 'postcode': 67310, 'coordinates': {'latitude': '22.8903', 'longitude': '-93.8174'}, 'timezone': {'offset': '-9:00', 'description': 'Alaska'}}, 'email': 'valentin.gutierrez@example.com', 'login': {'uuid': 'f6141a4a-4ead-48f2-8d75-cd9b1c0a6fee', 'username': 'heavygoose790', 'password': 'storys', 'salt': 's5QZI7iY', 'md5': '1652c3c0368bb67defbfc85887c43b47', 'sha1': '72ad93ffed0b4c60c2110385b9a4653294f677db', 'sha256': '38bbbfc526c9b44aa245db5e745b4cd8eaddfa13d79c34ef86e0a161f0ae8cf8'}, 'dob': {'date': '1993-06-21T05:16:49.176Z', 'age': 30}, 'registered': {'date': '2014-07-10T17:54:53.275Z', 'age': 9}, 'phone': '(607) 064 9994', 'cell': '(644) 251 6964', 'id': {'name': 'NSS', 'value': '16 76 13 3285 7'}, 'picture': {'large': 'https://randomuser.me/api/portraits/men/74.jpg', 'medium': 'https://randomuser.me/api/portraits/med/men/74.jpg', 'thumbnail': 'https://randomuser.me/api/portraits/thumb/men/74.jpg'}, 'nat': 'MX'}</msg>
<arg>${json_data['results'][0]}</arg>
<doc>Logs the given message with the given level.</doc>
<status status="PASS" start="2024-05-24T04:18:12.937439" elapsed="0.000426"/>
</kw>
<kw name="Log" owner="BuiltIn">
<msg time="2024-05-24T04:18:12.938295" level="INFO">name</msg>
<arg>${key}</arg>
<doc>Logs the given message with the given level.</doc>
<status status="PASS" start="2024-05-24T04:18:12.938166" elapsed="0.000167"/>
</kw>
<var name="${key}">name</var>
<status status="PASS" start="2024-05-24T04:18:12.936524" elapsed="0.002024"/>
</iter>
<iter>
<kw name="Dictionary Should Contain Key" owner="Collections">
<msg time="2024-05-24T04:18:12.939243" level="INFO">False</msg>
<arg>${json_data['results'][0]}</arg>
<arg>${key}</arg>
<doc>Fails if ``key`` is not found from ``dictionary``.</doc>
<status status="PASS" start="2024-05-24T04:18:12.938858" elapsed="0.000424"/>
</kw>
<kw name="Log" owner="BuiltIn">
<msg time="2024-05-24T04:18:12.939946" level="INFO">{'gender': 'male', 'name': {'title': 'Mr', 'first': 'Valentin', 'last': 'Gutiérrez'}, 'location': {'street': {'number': 2907, 'name': 'Andador Sur Alcaraz'}, 'city': 'San Antonio del Mar', 'state': 'Colima', 'country': 'Mexico', 'postcode': 67310, 'coordinates': {'latitude': '22.8903', 'longitude': '-93.8174'}, 'timezone': {'offset': '-9:00', 'description': 'Alaska'}}, 'email': 'valentin.gutierrez@example.com', 'login': {'uuid': 'f6141a4a-4ead-48f2-8d75-cd9b1c0a6fee', 'username': 'heavygoose790', 'password': 'storys', 'salt': 's5QZI7iY', 'md5': '1652c3c0368bb67defbfc85887c43b47', 'sha1': '72ad93ffed0b4c60c2110385b9a4653294f677db', 'sha256': '38bbbfc526c9b44aa245db5e745b4cd8eaddfa13d79c34ef86e0a161f0ae8cf8'}, 'dob': {'date': '1993-06-21T05:16:49.176Z', 'age': 30}, 'registered': {'date': '2014-07-10T17:54:53.275Z', 'age': 9}, 'phone': '(607) 064 9994', 'cell': '(644) 251 6964', 'id': {'name': 'NSS', 'value': '16 76 13 3285 7'}, 'picture': {'large': 'https://randomuser.me/api/portraits/men/74.jpg', 'medium': 'https://randomuser.me/api/portraits/med/men/74.jpg', 'thumbnail': 'https://randomuser.me/api/portraits/thumb/men/74.jpg'}, 'nat': 'MX'}</msg>
<arg>${json_data['results'][0]}</arg>
<doc>Logs the given message with the given level.</doc>
<status status="PASS" start="2024-05-24T04:18:12.939583" elapsed="0.000414"/>
</kw>
<kw name="Log" owner="BuiltIn">
<msg time="2024-05-24T04:18:12.940428" level="INFO">location</msg>
<arg>${key}</arg>
<doc>Logs the given message with the given level.</doc>
<status status="PASS" start="2024-05-24T04:18:12.940300" elapsed="0.000166"/>
</kw>
<var name="${key}">location</var>
<status status="PASS" start="2024-05-24T04:18:12.938733" elapsed="0.001949"/>
</iter>
<iter>
<kw name="Dictionary Should Contain Key" owner="Collections">
<msg time="2024-05-24T04:18:12.941390" level="INFO">False</msg>
<arg>${json_data['results'][0]}</arg>
<arg>${key}</arg>
<doc>Fails if ``key`` is not found from ``dictionary``.</doc>
<status status="PASS" start="2024-05-24T04:18:12.941002" elapsed="0.000426"/>
</kw>
<kw name="Log" owner="BuiltIn">
<msg time="2024-05-24T04:18:12.942108" level="INFO">{'gender': 'male', 'name': {'title': 'Mr', 'first': 'Valentin', 'last': 'Gutiérrez'}, 'location': {'street': {'number': 2907, 'name': 'Andador Sur Alcaraz'}, 'city': 'San Antonio del Mar', 'state': 'Colima', 'country': 'Mexico', 'postcode': 67310, 'coordinates': {'latitude': '22.8903', 'longitude': '-93.8174'}, 'timezone': {'offset': '-9:00', 'description': 'Alaska'}}, 'email': 'valentin.gutierrez@example.com', 'login': {'uuid': 'f6141a4a-4ead-48f2-8d75-cd9b1c0a6fee', 'username': 'heavygoose790', 'password': 'storys', 'salt': 's5QZI7iY', 'md5': '1652c3c0368bb67defbfc85887c43b47', 'sha1': '72ad93ffed0b4c60c2110385b9a4653294f677db', 'sha256': '38bbbfc526c9b44aa245db5e745b4cd8eaddfa13d79c34ef86e0a161f0ae8cf8'}, 'dob': {'date': '1993-06-21T05:16:49.176Z', 'age': 30}, 'registered': {'date': '2014-07-10T17:54:53.275Z', 'age': 9}, 'phone': '(607) 064 9994', 'cell': '(644) 251 6964', 'id': {'name': 'NSS', 'value': '16 76 13 3285 7'}, 'picture': {'large': 'https://randomuser.me/api/portraits/men/74.jpg', 'medium': 'https://randomuser.me/api/portraits/med/men/74.jpg', 'thumbnail': 'https://randomuser.me/api/portraits/thumb/men/74.jpg'}, 'nat': 'MX'}</msg>
<arg>${json_data['results'][0]}</arg>
<doc>Logs the given message with the given level.</doc>
<status status="PASS" start="2024-05-24T04:18:12.941734" elapsed="0.000426"/>
</kw>
<kw name="Log" owner="BuiltIn">
<msg time="2024-05-24T04:18:12.942590" level="INFO">email</msg>
<arg>${key}</arg>
<doc>Logs the given message with the given level.</doc>
<status status="PASS" start="2024-05-24T04:18:12.942461" elapsed="0.000168"/>
</kw>
<var name="${key}">email</var>
<status status="PASS" start="2024-05-24T04:18:12.940860" elapsed="0.001989"/>
</iter>
<iter>
<kw name="Dictionary Should Contain Key" owner="Collections">
<msg time="2024-05-24T04:18:12.943521" level="INFO">False</msg>
<arg>${json_data['results'][0]}</arg>
<arg>${key}</arg>
<doc>Fails if ``key`` is not found from ``dictionary``.</doc>
<status status="PASS" start="2024-05-24T04:18:12.943136" elapsed="0.000425"/>
</kw>
<kw name="Log" owner="BuiltIn">
<msg time="2024-05-24T04:18:12.944228" level="INFO">{'gender': 'male', 'name': {'title': 'Mr', 'first': 'Valentin', 'last': 'Gutiérrez'}, 'location': {'street': {'number': 2907, 'name': 'Andador Sur Alcaraz'}, 'city': 'San Antonio del Mar', 'state': 'Colima', 'country': 'Mexico', 'postcode': 67310, 'coordinates': {'latitude': '22.8903', 'longitude': '-93.8174'}, 'timezone': {'offset': '-9:00', 'description': 'Alaska'}}, 'email': 'valentin.gutierrez@example.com', 'login': {'uuid': 'f6141a4a-4ead-48f2-8d75-cd9b1c0a6fee', 'username': 'heavygoose790', 'password': 'storys', 'salt': 's5QZI7iY', 'md5': '1652c3c0368bb67defbfc85887c43b47', 'sha1': '72ad93ffed0b4c60c2110385b9a4653294f677db', 'sha256': '38bbbfc526c9b44aa245db5e745b4cd8eaddfa13d79c34ef86e0a161f0ae8cf8'}, 'dob': {'date': '1993-06-21T05:16:49.176Z', 'age': 30}, 'registered': {'date': '2014-07-10T17:54:53.275Z', 'age': 9}, 'phone': '(607) 064 9994', 'cell': '(644) 251 6964', 'id': {'name': 'NSS', 'value': '16 76 13 3285 7'}, 'picture': {'large': 'https://randomuser.me/api/portraits/men/74.jpg', 'medium': 'https://randomuser.me/api/portraits/med/men/74.jpg', 'thumbnail': 'https://randomuser.me/api/portraits/thumb/men/74.jpg'}, 'nat': 'MX'}</msg>
<arg>${json_data['results'][0]}</arg>
<doc>Logs the given message with the given level.</doc>
<status status="PASS" start="2024-05-24T04:18:12.943861" elapsed="0.000418"/>
</kw>
<kw name="Log" owner="BuiltIn">
<msg time="2024-05-24T04:18:12.944702" level="INFO">login</msg>
<arg>${key}</arg>
<doc>Logs the given message with the given level.</doc>
<status status="PASS" start="2024-05-24T04:18:12.944575" elapsed="0.000167"/>
</kw>
<var name="${key}">login</var>
<status status="PASS" start="2024-05-24T04:18:12.943025" elapsed="0.001984"/>
</iter>
<var>${key}</var>
<value>@{expected_keys}</value>
<status status="PASS" start="2024-05-24T04:18:12.934094" elapsed="0.011057"/>
</for>
<kw name="Create List" owner="BuiltIn">
<msg time="2024-05-24T04:18:12.945496" level="INFO">${expected_keysTwo} = ['username', 'password']</msg>
<var>${expected_keysTwo}</var>
<arg>username</arg>
<arg>password</arg>
<doc>Returns a list containing given items.</doc>
<status status="PASS" start="2024-05-24T04:18:12.945354" elapsed="0.000168"/>
</kw>
<for flavor="IN">
<iter>
<kw name="Dictionary Should Contain Key" owner="Collections">
<msg time="2024-05-24T04:18:12.946421" level="INFO">False</msg>
<arg>${json_data['results'][0]['login']}</arg>
<arg>${keyTwo}</arg>
<doc>Fails if ``key`` is not found from ``dictionary``.</doc>
<status status="PASS" start="2024-05-24T04:18:12.946034" elapsed="0.000425"/>
</kw>
<kw name="Dictionary Should Contain Key" owner="Collections">
<msg time="2024-05-24T04:18:12.947147" level="INFO">False</msg>
<arg>${json_data['results'][0]['login']}</arg>
<arg>${keyTwo}</arg>
<doc>Fails if ``key`` is not found from ``dictionary``.</doc>
<status status="PASS" start="2024-05-24T04:18:12.946757" elapsed="0.000428"/>
</kw>
<kw name="Log" owner="BuiltIn">
<msg time="2024-05-24T04:18:12.947606" level="INFO">username</msg>
<arg>${keyTwo}</arg>
<doc>Logs the given message with the given level.</doc>
<status status="PASS" start="2024-05-24T04:18:12.947478" elapsed="0.000165"/>
</kw>
<var name="${keyTwo}">username</var>
<status status="PASS" start="2024-05-24T04:18:12.945922" elapsed="0.001933"/>
</iter>
<iter>
<kw name="Dictionary Should Contain Key" owner="Collections">
<msg time="2024-05-24T04:18:12.948525" level="INFO">False</msg>
<arg>${json_data['results'][0]['login']}</arg>
<arg>${keyTwo}</arg>
<doc>Fails if ``key`` is not found from ``dictionary``.</doc>
<status status="PASS" start="2024-05-24T04:18:12.948140" elapsed="0.000424"/>
</kw>
<kw name="Dictionary Should Contain Key" owner="Collections">
<msg time="2024-05-24T04:18:12.949357" level="INFO">False</msg>
<arg>${json_data['results'][0]['login']}</arg>
<arg>${keyTwo}</arg>
<doc>Fails if ``key`` is not found from ``dictionary``.</doc>
<status status="PASS" start="2024-05-24T04:18:12.948863" elapsed="0.000535"/>
</kw>
<kw name="Log" owner="BuiltIn">
<msg time="2024-05-24T04:18:12.949828" level="INFO">password</msg>
<arg>${keyTwo}</arg>
<doc>Logs the given message with the given level.</doc>
<status status="PASS" start="2024-05-24T04:18:12.949699" elapsed="0.000167"/>
</kw>
<var name="${keyTwo}">password</var>
<status status="PASS" start="2024-05-24T04:18:12.948029" elapsed="0.002054"/>
</iter>
<var>${keyTwo}</var>
<value>@{expected_keysTwo}</value>
<status status="PASS" start="2024-05-24T04:18:12.945763" elapsed="0.004443"/>
</for>
<status status="PASS" start="2024-05-24T04:18:12.826441" elapsed="0.123912"/>
</kw>
<doc>Testa a estrutura da resposta da API.</doc>
<tag>testeEstruturaResposta</tag>
<status status="PASS" start="2024-05-24T04:18:12.825835" elapsed="0.124678"/>
</test>
<test id="s1-s1-t4" name="Validar tipos de dados" line="28">
<kw name="Teste de Tipos de Dados" owner="random-user-service">
<kw name="GET On Session" owner="RequestsLibrary">
<msg time="2024-05-24T04:18:13.037337" level="INFO">GET Request : url=https://randomuser.me/api 
 path_url=/api 
 headers={'User-Agent': 'python-requests/2.32.2', 'Accept-Encoding': 'gzip, deflate', 'Accept': '*/*', 'Connection': 'keep-alive'} 
 body=None 
 </msg>
<msg time="2024-05-24T04:18:13.037436" level="INFO">GET Response : url=https://randomuser.me/api 
 status=200, reason=OK 
 headers={'Date': 'Fri, 24 May 2024 04:18:13 GMT', 'Content-Type': 'application/json; charset=utf-8', 'Transfer-Encoding': 'chunked', 'Connection': 'keep-alive', 'X-Powered-By': 'Express', 'Access-Control-Allow-Origin': '*', 'Cache-Control': 'no-cache', 'ETag': 'W/"4a1-veYcG2B/KPl5QSeU7ey5Y8d8kfw"', 'Vary': 'Accept-Encoding', 'Content-Encoding': 'gzip', 'CF-Cache-Status': 'DYNAMIC', 'Report-To': '{"endpoints":[{"url":"https:\\/\\/a.nel.cloudflare.com\\/report\\/v4?s=GC%2BUlmcSzIQOk7%2FBUkpRkjOQqgRJgBORU61foM8nixWauTsotDIqBTWzjUbzy%2FqtpHxcOjmTPV8aaMBcol3C3FQx8nvMh4P2YB%2BjwELG3vNpRyfo6LX%2BV4lXL%2BGGsT9w"}],"group":"cf-nel","max_age":604800}', 'NEL': '{"success_fraction":0,"report_to":"cf-nel","max_age":604800}', 'Server': 'cloudflare', 'CF-RAY': '888a7afefb1e9866-SJC', 'alt-svc': 'h3=":443"; ma=86400'} 
 body={"results":[{"gender":"male","name":{"title":"Mr","first":"Cornelius","last":"Dreessen"},"location":{"street":{"number":7974,"name":"Kasteel Rhoonhof"},"city":"Belt-Schutsloot","state":"Noord-Brabant","country":"Netherlands","postcode":"6396 ZV","coordinates":{"latitude":"37.4890","longitude":"-133.6803"},"timezone":{"offset":"+6:00","description":"Almaty, Dhaka, Colombo"}},"email":"cornelius.dreessen@example.com","login":{"uuid":"22cce18c-0f12-4014-8dcc-d913ec9554ff","username":"smallrabbit870","password":"stokes","salt":"d9fiagqY","md5":"85cfaac8ba2b406136460e49a9fa5043","sha1":"8ab1a64eba25efcedaaded9f87963a838d096cc2","sha256":"bf1b75d763ef0c0f7e05f9625f180d9f92a5ccceae03b8d51f6e34d3ccb8e66a"},"dob":{"date":"1978-04-05T04:21:02.882Z","age":46},"registered":{"date":"2004-02-19T20:04:29.115Z","age":20},"phone":"(0175) 427993","cell":"(06) 16597041","id":{"name":"BSN","value":"06128485"},"picture":{"large":"https://randomuser.me/api/portraits/men/20.jpg","medium":"https://randomuser.me/api/portraits/med/men/20.jpg","thumbnail":"https://randomuser.me/api/portraits/thumb/men/20.jpg"},"nat":"NL"}],"info":{"seed":"e71543d4a84bec73","results":1,"page":1,"version":"1.4"}} 
 </msg>
<msg time="2024-05-24T04:18:13.037506" level="INFO">/opt/hostedtoolcache/Python/3.12.3/x64/lib/python3.12/site-packages/urllib3/connectionpool.py:1103: InsecureRequestWarning: Unverified HTTPS request is being made to host 'randomuser.me'. Adding certificate verification is strongly advised. See: https://urllib3.readthedocs.io/en/latest/advanced-usage.html#tls-warnings
  warnings.warn(</msg>
<msg time="2024-05-24T04:18:13.037649" level="INFO">${response} = &lt;Response [200]&gt;</msg>
<var>${response}</var>
<arg>consultarAPI</arg>
<arg>/api</arg>
<doc>Sends a GET request on a previously created HTTP Session.</doc>
<status status="PASS" start="2024-05-24T04:18:12.953135" elapsed="0.084557"/>
</kw>
<kw name="Set Variable" owner="BuiltIn">
<msg time="2024-05-24T04:18:13.038974" level="INFO">${json_data} = {'results': [{'gender': 'male', 'name': {'title': 'Mr', 'first': 'Cornelius', 'last': 'Dreessen'}, 'location': {'street': {'number': 7974, 'name': 'Kasteel Rhoonhof'}, 'city': 'Belt-Schutsloot', 'stat...</msg>
<var>${json_data}</var>
<arg>${response.json()}</arg>
<doc>Returns the given values which can then be assigned to a variables.</doc>
<status status="PASS" start="2024-05-24T04:18:13.038328" elapsed="0.000691"/>
</kw>
<kw name="Log" owner="BuiltIn">
<msg time="2024-05-24T04:18:13.039844" level="INFO">{'results': [{'gender': 'male', 'name': {'title': 'Mr', 'first': 'Cornelius', 'last': 'Dreessen'}, 'location': {'street': {'number': 7974, 'name': 'Kasteel Rhoonhof'}, 'city': 'Belt-Schutsloot', 'state': 'Noord-Brabant', 'country': 'Netherlands', 'postcode': '6396 ZV', 'coordinates': {'latitude': '37.4890', 'longitude': '-133.6803'}, 'timezone': {'offset': '+6:00', 'description': 'Almaty, Dhaka, Colombo'}}, 'email': 'cornelius.dreessen@example.com', 'login': {'uuid': '22cce18c-0f12-4014-8dcc-d913ec9554ff', 'username': 'smallrabbit870', 'password': 'stokes', 'salt': 'd9fiagqY', 'md5': '85cfaac8ba2b406136460e49a9fa5043', 'sha1': '8ab1a64eba25efcedaaded9f87963a838d096cc2', 'sha256': 'bf1b75d763ef0c0f7e05f9625f180d9f92a5ccceae03b8d51f6e34d3ccb8e66a'}, 'dob': {'date': '1978-04-05T04:21:02.882Z', 'age': 46}, 'registered': {'date': '2004-02-19T20:04:29.115Z', 'age': 20}, 'phone': '(0175) 427993', 'cell': '(06) 16597041', 'id': {'name': 'BSN', 'value': '06128485'}, 'picture': {'large': 'https://randomuser.me/api/portraits/men/20.jpg', 'medium': 'https://randomuser.me/api/portraits/med/men/20.jpg', 'thumbnail': 'https://randomuser.me/api/portraits/thumb/men/20.jpg'}, 'nat': 'NL'}], 'info': {'seed': 'e71543d4a84bec73', 'results': 1, 'page': 1, 'version': '1.4'}}</msg>
<arg>${json_data}</arg>
<doc>Logs the given message with the given level.</doc>
<status status="PASS" start="2024-05-24T04:18:13.039555" elapsed="0.000433"/>
</kw>
<kw name="Should Be String" owner="String">
<arg>${json_data['results'][0]['gender']}</arg>
<doc>Fails if the given ``item`` is not a string.</doc>
<status status="PASS" start="2024-05-24T04:18:13.040511" elapsed="0.000641"/>
</kw>
<kw name="Should Match Regexp" owner="BuiltIn">
<arg>${json_data['results'][0]['email']}</arg>
<arg>^[a-zA-Z0-9._%+-]+@[a-zA-Z0-9.-]+\.[a-zA-Z]{2,}$</arg>
<doc>Fails if ``string`` does not match ``pattern`` as a regular expression.</doc>
<status status="PASS" start="2024-05-24T04:18:13.041453" elapsed="0.000824"/>
</kw>
<kw name="Should Match Regexp" owner="BuiltIn">
<arg>${json_data['results'][0]['dob']['date']}</arg>
<arg>\\d{4}-\\d{2}-\\d{2}T\\d{2}:\\d{2}:\\d{2}\\.\\d{3}Z</arg>
<doc>Fails if ``string`` does not match ``pattern`` as a regular expression.</doc>
<status status="PASS" start="2024-05-24T04:18:13.042579" elapsed="0.000831"/>
</kw>
<kw name="Should Match Regexp" owner="BuiltIn">
<arg>${json_data['results'][0]['registered']['date']}</arg>
<arg>\\d{4}-\\d{2}-\\d{2}T\\d{2}:\\d{2}:\\d{2}\\.\\d{3}Z</arg>
<doc>Fails if ``string`` does not match ``pattern`` as a regular expression.</doc>
<status status="PASS" start="2024-05-24T04:18:13.043747" elapsed="0.000643"/>
</kw>
<kw name="Should Match Regexp" owner="BuiltIn">
<arg>${json_data['results'][0]['picture']['large']}</arg>
<arg>^https?://.*\.(?:png|jpe?g|gif|bmp)$</arg>
<doc>Fails if ``string`` does not match ``pattern`` as a regular expression.</doc>
<status status="PASS" start="2024-05-24T04:18:13.044711" elapsed="0.000828"/>
</kw>
<kw name="Should Match Regexp" owner="BuiltIn">
<arg>${json_data['results'][0]['picture']['medium']}</arg>
<arg>^https?://.*\.(?:png|jpe?g|gif|bmp)$</arg>
<doc>Fails if ``string`` does not match ``pattern`` as a regular expression.</doc>
<status status="PASS" start="2024-05-24T04:18:13.045877" elapsed="0.000642"/>
</kw>
<kw name="Should Match Regexp" owner="BuiltIn">
<arg>${json_data['results'][0]['picture']['thumbnail']}</arg>
<arg>^https?://.*\.(?:png|jpe?g|gif|bmp)$</arg>
<doc>Fails if ``string`` does not match ``pattern`` as a regular expression.</doc>
<status status="PASS" start="2024-05-24T04:18:13.046843" elapsed="0.000592"/>
</kw>
<kw name="Log" owner="BuiltIn">
<msg time="2024-05-24T04:18:13.048236" level="INFO">{'large': 'https://randomuser.me/api/portraits/men/20.jpg', 'medium': 'https://randomuser.me/api/portraits/med/men/20.jpg', 'thumbnail': 'https://randomuser.me/api/portraits/thumb/men/20.jpg'}</msg>
<arg>${json_data['results'][0]['picture']}</arg>
<doc>Logs the given message with the given level.</doc>
<status status="PASS" start="2024-05-24T04:18:13.047762" elapsed="0.000523"/>
</kw>
<status status="PASS" start="2024-05-24T04:18:12.952859" elapsed="0.095734"/>
</kw>
<kw name="Teste de Tipos de Dados - Postcode" owner="random-user-service">
<kw name="GET On Session" owner="RequestsLibrary">
<msg time="2024-05-24T04:18:13.143179" level="INFO">GET Request : url=https://randomuser.me/api 
 path_url=/api 
 headers={'User-Agent': 'python-requests/2.32.2', 'Accept-Encoding': 'gzip, deflate', 'Accept': '*/*', 'Connection': 'keep-alive'} 
 body=None 
 </msg>
<msg time="2024-05-24T04:18:13.143284" level="INFO">GET Response : url=https://randomuser.me/api 
 status=200, reason=OK 
 headers={'Date': 'Fri, 24 May 2024 04:18:13 GMT', 'Content-Type': 'application/json; charset=utf-8', 'Transfer-Encoding': 'chunked', 'Connection': 'keep-alive', 'X-Powered-By': 'Express', 'Access-Control-Allow-Origin': '*', 'Cache-Control': 'no-cache', 'ETag': 'W/"498-hsvj+e8LBSPjfpqpV5e9jToasH8"', 'Vary': 'Accept-Encoding', 'Content-Encoding': 'gzip', 'CF-Cache-Status': 'DYNAMIC', 'Report-To': '{"endpoints":[{"url":"https:\\/\\/a.nel.cloudflare.com\\/report\\/v4?s=jbHAqdMmezmS8sPNXxsmSQboQ%2FTNd95OivFjvnn8b%2BWig2Ph4KgP%2F8sLaAwZqB8MrUdDoxB9xSz5D1oKOyIWAKb3SBmHUDY0yOPHcTFTQFJyTFBMlg3EMGkgdDXGtvli"}],"group":"cf-nel","max_age":604800}', 'NEL': '{"success_fraction":0,"report_to":"cf-nel","max_age":604800}', 'Server': 'cloudflare', 'CF-RAY': '888a7aff9b749866-SJC', 'alt-svc': 'h3=":443"; ma=86400'} 
 body={"results":[{"gender":"female","name":{"title":"Ms","first":"Elisa","last":"Fernandez"},"location":{"street":{"number":2617,"name":"Rue de Bonnel"},"city":"Strasbourg","state":"Lot","country":"France","postcode":85436,"coordinates":{"latitude":"-19.7447","longitude":"172.1858"},"timezone":{"offset":"+2:00","description":"Kaliningrad, South Africa"}},"email":"elisa.fernandez@example.com","login":{"uuid":"44a847d9-dac0-4ec7-a65c-fd25e44e3e50","username":"silverzebra841","password":"estelle","salt":"QVa7WDQx","md5":"9ee1928cf7e870d7d0ffa4e51bd4731c","sha1":"6cc9b4167622010c883d6d9024f9315d65877270","sha256":"a0653562333fcf31cd7f2e0f96358d960cf2144d7e17d416d7346e5965dca41e"},"dob":{"date":"1952-06-12T09:52:28.844Z","age":71},"registered":{"date":"2008-07-11T11:59:18.553Z","age":15},"phone":"02-28-29-30-96","cell":"06-55-90-96-06","id":{"name":"INSEE","value":"2520575422857 29"},"picture":{"large":"https://randomuser.me/api/portraits/women/89.jpg","medium":"https://randomuser.me/api/portraits/med/women/89.jpg","thumbnail":"https://randomuser.me/api/portraits/thumb/women/89.jpg"},"nat":"FR"}],"info":{"seed":"f741618ea794037b","results":1,"page":1,"version":"1.4"}} 
 </msg>
<msg time="2024-05-24T04:18:13.143357" level="INFO">/opt/hostedtoolcache/Python/3.12.3/x64/lib/python3.12/site-packages/urllib3/connectionpool.py:1103: InsecureRequestWarning: Unverified HTTPS request is being made to host 'randomuser.me'. Adding certificate verification is strongly advised. See: https://urllib3.readthedocs.io/en/latest/advanced-usage.html#tls-warnings
  warnings.warn(</msg>
<msg time="2024-05-24T04:18:13.143511" level="INFO">${response} = &lt;Response [200]&gt;</msg>
<var>${response}</var>
<arg>consultarAPI</arg>
<arg>/api</arg>
<doc>Sends a GET request on a previously created HTTP Session.</doc>
<status status="PASS" start="2024-05-24T04:18:13.049132" elapsed="0.094421"/>
</kw>
<kw name="Set Variable" owner="BuiltIn">
<msg time="2024-05-24T04:18:13.144653" level="INFO">${json_data} = {'results': [{'gender': 'female', 'name': {'title': 'Ms', 'first': 'Elisa', 'last': 'Fernandez'}, 'location': {'street': {'number': 2617, 'name': 'Rue de Bonnel'}, 'city': 'Strasbourg', 'state': 'Lot'...</msg>
<var>${json_data}</var>
<arg>${response.json()}</arg>
<doc>Returns the given values which can then be assigned to a variables.</doc>
<status status="PASS" start="2024-05-24T04:18:13.144106" elapsed="0.000576"/>
</kw>
<kw name="Log" owner="BuiltIn">
<msg time="2024-05-24T04:18:13.145264" level="INFO">{'results': [{'gender': 'female', 'name': {'title': 'Ms', 'first': 'Elisa', 'last': 'Fernandez'}, 'location': {'street': {'number': 2617, 'name': 'Rue de Bonnel'}, 'city': 'Strasbourg', 'state': 'Lot', 'country': 'France', 'postcode': 85436, 'coordinates': {'latitude': '-19.7447', 'longitude': '172.1858'}, 'timezone': {'offset': '+2:00', 'description': 'Kaliningrad, South Africa'}}, 'email': 'elisa.fernandez@example.com', 'login': {'uuid': '44a847d9-dac0-4ec7-a65c-fd25e44e3e50', 'username': 'silverzebra841', 'password': 'estelle', 'salt': 'QVa7WDQx', 'md5': '9ee1928cf7e870d7d0ffa4e51bd4731c', 'sha1': '6cc9b4167622010c883d6d9024f9315d65877270', 'sha256': 'a0653562333fcf31cd7f2e0f96358d960cf2144d7e17d416d7346e5965dca41e'}, 'dob': {'date': '1952-06-12T09:52:28.844Z', 'age': 71}, 'registered': {'date': '2008-07-11T11:59:18.553Z', 'age': 15}, 'phone': '02-28-29-30-96', 'cell': '06-55-90-96-06', 'id': {'name': 'INSEE', 'value': '2520575422857 29'}, 'picture': {'large': 'https://randomuser.me/api/portraits/women/89.jpg', 'medium': 'https://randomuser.me/api/portraits/med/women/89.jpg', 'thumbnail': 'https://randomuser.me/api/portraits/thumb/women/89.jpg'}, 'nat': 'FR'}], 'info': {'seed': 'f741618ea794037b', 'results': 1, 'page': 1, 'version': '1.4'}}</msg>
<arg>${json_data}</arg>
<doc>Logs the given message with the given level.</doc>
<status status="PASS" start="2024-05-24T04:18:13.145083" elapsed="0.000266"/>
</kw>
<kw name="Should Be Equal As Numbers" owner="BuiltIn">
<arg>${json_data['results'][0]['location']['postcode']}</arg>
<arg>${json_data['results'][0]['location']['postcode']}</arg>
<doc>Fails if objects are unequal after converting them to real numbers.</doc>
<status status="PASS" start="2024-05-24T04:18:13.145693" elapsed="0.000853"/>
</kw>
<kw name="Log" owner="BuiltIn">
<msg time="2024-05-24T04:18:13.147102" level="INFO">85436</msg>
<arg>${json_data['results'][0]['location']['postcode']}</arg>
<doc>Logs the given message with the given level.</doc>
<status status="PASS" start="2024-05-24T04:18:13.146753" elapsed="0.000393"/>
</kw>
<status status="PASS" start="2024-05-24T04:18:13.048835" elapsed="0.098579"/>
</kw>
<doc>Testa se os tipos de dados na resposta da API estão corretos.</doc>
<tag>testeTiposDados</tag>
<status status="PASS" start="2024-05-24T04:18:12.952276" elapsed="0.195311"/>
</test>
<test id="s1-s1-t5" name="Validar conteudo" line="35">
<kw name="Teste de Tipos de Conteudo" owner="random-user-service">
<kw name="GET On Session" owner="RequestsLibrary">
<msg time="2024-05-24T04:18:13.244502" level="INFO">GET Request : url=https://randomuser.me/api 
 path_url=/api 
 headers={'User-Agent': 'python-requests/2.32.2', 'Accept-Encoding': 'gzip, deflate', 'Accept': '*/*', 'Connection': 'keep-alive'} 
 body=None 
 </msg>
<msg time="2024-05-24T04:18:13.244612" level="INFO">GET Response : url=https://randomuser.me/api 
 status=200, reason=OK 
 headers={'Date': 'Fri, 24 May 2024 04:18:13 GMT', 'Content-Type': 'application/json; charset=utf-8', 'Transfer-Encoding': 'chunked', 'Connection': 'keep-alive', 'X-Powered-By': 'Express', 'Access-Control-Allow-Origin': '*', 'Cache-Control': 'no-cache', 'ETag': 'W/"46c-V0TK9xunG9IavLdp6OodfsIAkrE"', 'Vary': 'Accept-Encoding', 'Content-Encoding': 'gzip', 'CF-Cache-Status': 'DYNAMIC', 'Report-To': '{"endpoints":[{"url":"https:\\/\\/a.nel.cloudflare.com\\/report\\/v4?s=ARCQp4cQz0eEBREhExFzXATAbO%2Bx9GW%2FsturUIEbCc%2BovXdwgliEZijJE%2FPmkHmgGcz61wiAVgt%2BokJeVmWlgnUWquBMFRAAhwoan5HCcEx%2Byk9DUstMXxdRC6Vt9itG"}],"group":"cf-nel","max_age":604800}', 'NEL': '{"success_fraction":0,"report_to":"cf-nel","max_age":604800}', 'Server': 'cloudflare', 'CF-RAY': '888a7b003bd59866-SJC', 'alt-svc': 'h3=":443"; ma=86400'} 
 body={"results":[{"gender":"male","name":{"title":"Mr","first":"Lyubomir","last":"Milchev"},"location":{"street":{"number":3069,"name":"Kubiyovicha"},"city":"Nosivka","state":"Zhitomirska","country":"Ukraine","postcode":97841,"coordinates":{"latitude":"76.2166","longitude":"-73.8093"},"timezone":{"offset":"+3:30","description":"Tehran"}},"email":"lyubomir.milchev@example.com","login":{"uuid":"8994793f-b28b-4f3f-8d16-5e28606eb905","username":"bigkoala410","password":"stealth","salt":"SjIT0n7p","md5":"5731a7b25feb2123f591e4140a06fe41","sha1":"1bbf38671e0d7003ff8451929d875b3b14b5a842","sha256":"52cf0e97ce604f3bb9cf7c92b3058e593a119cf2ef24c6e7e3111c8281e70da7"},"dob":{"date":"1997-03-22T21:18:47.853Z","age":27},"registered":{"date":"2004-12-05T12:24:39.751Z","age":19},"phone":"(068) A49-6603","cell":"(068) C13-2584","id":{"name":"","value":null},"picture":{"large":"https://randomuser.me/api/portraits/men/51.jpg","medium":"https://randomuser.me/api/portraits/med/men/51.jpg","thumbnail":"https://randomuser.me/api/portraits/thumb/men/51.jpg"},"nat":"UA"}],"info":{"seed":"66e249365be08365","results":1,"page":1,"version":"1.4"}} 
 </msg>
<msg time="2024-05-24T04:18:13.244694" level="INFO">/opt/hostedtoolcache/Python/3.12.3/x64/lib/python3.12/site-packages/urllib3/connectionpool.py:1103: InsecureRequestWarning: Unverified HTTPS request is being made to host 'randomuser.me'. Adding certificate verification is strongly advised. See: https://urllib3.readthedocs.io/en/latest/advanced-usage.html#tls-warnings
  warnings.warn(</msg>
<msg time="2024-05-24T04:18:13.244852" level="INFO">${response} = &lt;Response [200]&gt;</msg>
<var>${response}</var>
<arg>consultarAPI</arg>
<arg>/api</arg>
<doc>Sends a GET request on a previously created HTTP Session.</doc>
<status status="PASS" start="2024-05-24T04:18:13.150214" elapsed="0.094716"/>
</kw>
<kw name="Set Variable" owner="BuiltIn">
<msg time="2024-05-24T04:18:13.246054" level="INFO">${json_data} = {'results': [{'gender': 'male', 'name': {'title': 'Mr', 'first': 'Lyubomir', 'last': 'Milchev'}, 'location': {'street': {'number': 3069, 'name': 'Kubiyovicha'}, 'city': 'Nosivka', 'state': 'Zhitomirsk...</msg>
<var>${json_data}</var>
<arg>${response.json()}</arg>
<doc>Returns the given values which can then be assigned to a variables.</doc>
<status status="PASS" start="2024-05-24T04:18:13.245537" elapsed="0.000546"/>
</kw>
<kw name="Set Variable" owner="BuiltIn">
<msg time="2024-05-24T04:18:13.246786" level="INFO">${name_title} = Mr</msg>
<var>${name_title}</var>
<arg>${json_data["results"][0]["name"]["title"]}</arg>
<doc>Returns the given values which can then be assigned to a variables.</doc>
<status status="PASS" start="2024-05-24T04:18:13.246400" elapsed="0.000412"/>
</kw>
<kw name="Create List" owner="BuiltIn">
<msg time="2024-05-24T04:18:13.247263" level="INFO">${allowed_titles} = ['Mr', 'Ms', 'Miss', 'Mrs', 'Madame', 'Monsieur']</msg>
<var>${allowed_titles}</var>
<arg>Mr</arg>
<arg>Ms</arg>
<arg>Miss</arg>
<arg>Mrs</arg>
<arg>Madame</arg>
<arg>Monsieur</arg>
<doc>Returns a list containing given items.</doc>
<status status="PASS" start="2024-05-24T04:18:13.247113" elapsed="0.000174"/>
</kw>
<kw name="List Should Contain Value" owner="Collections">
<msg time="2024-05-24T04:18:13.247764" level="INFO">False</msg>
<arg>${allowed_titles}</arg>
<arg>${name_title}</arg>
<doc>Fails if the ``value`` is not found from ``list``.</doc>
<status status="PASS" start="2024-05-24T04:18:13.247586" elapsed="0.000216"/>
</kw>
<kw name="Set Variable" owner="BuiltIn">
<msg time="2024-05-24T04:18:13.248470" level="INFO">${name_country} = UA</msg>
<var>${name_country}</var>
<arg>${json_data["results"][0]["nat"]}</arg>
<doc>Returns the given values which can then be assigned to a variables.</doc>
<status status="PASS" start="2024-05-24T04:18:13.248090" elapsed="0.000406"/>
</kw>
<kw name="Create List" owner="BuiltIn">
<msg time="2024-05-24T04:18:13.249418" level="INFO">${list_country} = ['AD', 'AE', 'AF', 'AG', 'AI', 'AL', 'AM', 'AO', 'AQ', 'AR', 'AS', 'AT', 'AU', 'AW', 'AX', 'AZ', 'BA', 'BB', 'BD', 'BE', 'BF', 'BG', 'BH', 'BI', 'BJ', 'BL', 'BM', 'BN', 'BO', 'BQ', 'BR', 'BS', 'BT', '...</msg>
<var>${list_country}</var>
<arg>AD</arg>
<arg>AE</arg>
<arg>AF</arg>
<arg>AG</arg>
<arg>AI</arg>
<arg>AL</arg>
<arg>AM</arg>
<arg>AO</arg>
<arg>AQ</arg>
<arg>AR</arg>
<arg>AS</arg>
<arg>AT</arg>
<arg>AU</arg>
<arg>AW</arg>
<arg>AX</arg>
<arg>AZ</arg>
<arg>BA</arg>
<arg>BB</arg>
<arg>BD</arg>
<arg>BE</arg>
<arg>BF</arg>
<arg>BG</arg>
<arg>BH</arg>
<arg>BI</arg>
<arg>BJ</arg>
<arg>BL</arg>
<arg>BM</arg>
<arg>BN</arg>
<arg>BO</arg>
<arg>BQ</arg>
<arg>BR</arg>
<arg>BS</arg>
<arg>BT</arg>
<arg>BV</arg>
<arg>BW</arg>
<arg>BY</arg>
<arg>BZ</arg>
<arg>CA</arg>
<arg>CC</arg>
<arg>CD</arg>
<arg>CF</arg>
<arg>CG</arg>
<arg>CH</arg>
<arg>CI</arg>
<arg>CK</arg>
<arg>CL</arg>
<arg>CM</arg>
<arg>CN</arg>
<arg>CO</arg>
<arg>CR</arg>
<arg>CU</arg>
<arg>CV</arg>
<arg>CW</arg>
<arg>CX</arg>
<arg>CY</arg>
<arg>CZ</arg>
<arg>DE</arg>
<arg>DJ</arg>
<arg>DK</arg>
<arg>DM</arg>
<arg>DO</arg>
<arg>DZ</arg>
<arg>EC</arg>
<arg>EE</arg>
<arg>EG</arg>
<arg>EH</arg>
<arg>ER</arg>
<arg>ES</arg>
<arg>ET</arg>
<arg>FI</arg>
<arg>FJ</arg>
<arg>FK</arg>
<arg>FM</arg>
<arg>FO</arg>
<arg>FR</arg>
<arg>GA</arg>
<arg>GB</arg>
<arg>GD</arg>
<arg>GE</arg>
<arg>GF</arg>
<arg>GG</arg>
<arg>GH</arg>
<arg>GI</arg>
<arg>GL</arg>
<arg>GM</arg>
<arg>GN</arg>
<arg>GP</arg>
<arg>GQ</arg>
<arg>GR</arg>
<arg>GS</arg>
<arg>GT</arg>
<arg>GU</arg>
<arg>GW</arg>
<arg>GY</arg>
<arg>HK</arg>
<arg>HM</arg>
<arg>HN</arg>
<arg>HR</arg>
<arg>HT</arg>
<arg>HU</arg>
<arg>ID</arg>
<arg>IE</arg>
<arg>IL</arg>
<arg>IM</arg>
<arg>IN</arg>
<arg>IO</arg>
<arg>IQ</arg>
<arg>IR</arg>
<arg>IS</arg>
<arg>IT</arg>
<arg>JE</arg>
<arg>JM</arg>
<arg>JO</arg>
<arg>JP</arg>
<arg>KE</arg>
<arg>KG</arg>
<arg>KH</arg>
<arg>KI</arg>
<arg>KM</arg>
<arg>KN</arg>
<arg>KP</arg>
<arg>KR</arg>
<arg>KW</arg>
<arg>KY</arg>
<arg>KZ</arg>
<arg>LA</arg>
<arg>LB</arg>
<arg>LC</arg>
<arg>LI</arg>
<arg>LK</arg>
<arg>LR</arg>
<arg>LS</arg>
<arg>LT</arg>
<arg>LU</arg>
<arg>LV</arg>
<arg>LY</arg>
<arg>MA</arg>
<arg>MC</arg>
<arg>MD</arg>
<arg>ME</arg>
<arg>MF</arg>
<arg>MG</arg>
<arg>MH</arg>
<arg>MK</arg>
<arg>ML</arg>
<arg>MM</arg>
<arg>MN</arg>
<arg>MO</arg>
<arg>MP</arg>
<arg>MQ</arg>
<arg>MR</arg>
<arg>MS</arg>
<arg>MT</arg>
<arg>MU</arg>
<arg>MV</arg>
<arg>MW</arg>
<arg>MX</arg>
<arg>MY</arg>
<arg>MZ</arg>
<arg>NA</arg>
<arg>NC</arg>
<arg>NE</arg>
<arg>NF</arg>
<arg>NG</arg>
<arg>NI</arg>
<arg>NL</arg>
<arg>NO</arg>
<arg>NP</arg>
<arg>NR</arg>
<arg>NU</arg>
<arg>NZ</arg>
<arg>OM</arg>
<arg>PA</arg>
<arg>PE</arg>
<arg>PF</arg>
<arg>PG</arg>
<arg>PH</arg>
<arg>PK</arg>
<arg>PL</arg>
<arg>PM</arg>
<arg>PN</arg>
<arg>PR</arg>
<arg>PS</arg>
<arg>PT</arg>
<arg>PW</arg>
<arg>PY</arg>
<arg>QA</arg>
<arg>RE</arg>
<arg>RO</arg>
<arg>RS</arg>
<arg>RU</arg>
<arg>RW</arg>
<arg>SA</arg>
<arg>SB</arg>
<arg>SC</arg>
<arg>SD</arg>
<arg>SE</arg>
<arg>SG</arg>
<arg>SH</arg>
<arg>SI</arg>
<arg>SJ</arg>
<arg>SK</arg>
<arg>SL</arg>
<arg>SM</arg>
<arg>SN</arg>
<arg>SO</arg>
<arg>SR</arg>
<arg>SS</arg>
<arg>ST</arg>
<arg>SV</arg>
<arg>SX</arg>
<arg>SY</arg>
<arg>SZ</arg>
<arg>TC</arg>
<arg>TD</arg>
<arg>TF</arg>
<arg>TG</arg>
<arg>TH</arg>
<arg>TJ</arg>
<arg>TK</arg>
<arg>TL</arg>
<arg>TM</arg>
<arg>TN</arg>
<arg>TO</arg>
<arg>TR</arg>
<arg>TT</arg>
<arg>TV</arg>
<arg>TW</arg>
<arg>TZ</arg>
<arg>UA</arg>
<arg>UG</arg>
<arg>UM</arg>
<arg>US</arg>
<arg>UY</arg>
<arg>UZ</arg>
<arg>VA</arg>
<arg>VC</arg>
<arg>VE</arg>
<arg>VG</arg>
<arg>VI</arg>
<arg>VN</arg>
<arg>VU</arg>
<arg>WF</arg>
<arg>WS</arg>
<arg>XK</arg>
<arg>YE</arg>
<arg>YT</arg>
<arg>ZA</arg>
<arg>ZM</arg>
<arg>ZW</arg>
<doc>Returns a list containing given items.</doc>
<status status="PASS" start="2024-05-24T04:18:13.248799" elapsed="0.000646"/>
</kw>
<kw name="List Should Contain Value" owner="Collections">
<msg time="2024-05-24T04:18:13.250443" level="INFO">False</msg>
<arg>${list_country}</arg>
<arg>${name_country}</arg>
<doc>Fails if the ``value`` is not found from ``list``.</doc>
<status status="PASS" start="2024-05-24T04:18:13.250234" elapsed="0.000246"/>
</kw>
<kw name="Run Keyword If" owner="BuiltIn">
<kw name="Should Be True" owner="BuiltIn">
<arg>${True}</arg>
<doc>Fails if the given condition is not true.</doc>
<status status="PASS" start="2024-05-24T04:18:13.251562" elapsed="0.000146"/>
</kw>
<arg>${json_data["results"][0]["location"]["coordinates"]["latitude"]} &gt;= -90 and ${json_data["results"][0]["location"]["coordinates"]["latitude"]} &lt;= 90</arg>
<arg>Should Be True</arg>
<arg>${True}</arg>
<doc>Runs the given keyword with the given arguments, if ``condition`` is true.</doc>
<status status="PASS" start="2024-05-24T04:18:13.250791" elapsed="0.001044"/>
</kw>
<kw name="Run Keyword If" owner="BuiltIn">
<kw name="Should Be True" owner="BuiltIn">
<arg>${True}</arg>
<doc>Fails if the given condition is not true.</doc>
<status status="PASS" start="2024-05-24T04:18:13.252716" elapsed="0.000289"/>
</kw>
<arg>${json_data["results"][0]["location"]["coordinates"]["longitude"]} &gt;= -180 and ${json_data["results"][0]["location"]["coordinates"]["longitude"]} &lt;= 180</arg>
<arg>Should Be True</arg>
<arg>${True}</arg>
<doc>Runs the given keyword with the given arguments, if ``condition`` is true.</doc>
<status status="PASS" start="2024-05-24T04:18:13.252022" elapsed="0.001115"/>
</kw>
<status status="PASS" start="2024-05-24T04:18:13.149974" elapsed="0.103297"/>
</kw>
<doc>Testa o conteúdo específico dos campos retornados pela API.</doc>
<tag>testeConteudo</tag>
<status status="PASS" start="2024-05-24T04:18:13.149410" elapsed="0.104014"/>
</test>
<status status="PASS" start="2024-05-24T04:18:12.350839" elapsed="0.904545"/>
</suite>
<status status="PASS" start="2024-05-24T04:18:12.336916" elapsed="0.923715"/>
</suite>
<statistics>
<total>
<stat pass="5" fail="0" skip="0">All Tests</stat>
</total>
<tag>
<stat pass="1" fail="0" skip="0">testeConteudo</stat>
<stat pass="1" fail="0" skip="0">testeEstruturaResposta</stat>
<stat pass="1" fail="0" skip="0">testeRequisicaoBasica</stat>
<stat pass="1" fail="0" skip="0">testeTiposDados</stat>
</tag>
<suite>
<stat pass="5" fail="0" skip="0" id="s1" name="Tests">Tests</stat>
<stat pass="5" fail="0" skip="0" id="s1-s1" name="Random-User-Test">Tests.Random-User-Test</stat>
</suite>
</statistics>
<errors>
</errors>
</robot>
