<?xml version="1.0" encoding="UTF-8"?>
<robot generator="Robot 7.0.1 (Python 3.12.3 on linux)" generated="2024-06-15T04:18:48.416240" rpa="false" schemaversion="5">
<suite id="s1" name="Tests" source="/home/runner/work/ApiRandomUser/ApiRandomUser/RamdonUser/tests">
<suite id="s1-s1" name="Random-User-Test" source="/home/runner/work/ApiRandomUser/ApiRandomUser/RamdonUser/tests/random-user-test.robot">
<test id="s1-s1-t1" name="Conectar" line="13">
<kw name="Conectar API" owner="random-user-service">
<kw name="Create Session" owner="RequestsLibrary">
<msg time="2024-06-15T04:18:48.801416" level="INFO">Creating Session using : alias=consultarAPI, url=https://randomuser.me/, headers={},                     cookies={}, auth=None, timeout=None, proxies=None, verify=False,                     debug=0 </msg>
<arg>consultarAPI</arg>
<arg>${URL}</arg>
<doc>Create Session: create a HTTP session to a server</doc>
<status status="PASS" start="2024-06-15T04:18:48.801205" elapsed="0.000390"/>
</kw>
<status status="PASS" start="2024-06-15T04:18:48.800129" elapsed="0.001825"/>
</kw>
<status status="PASS" start="2024-06-15T04:18:48.799534" elapsed="0.002615"/>
</test>
<test id="s1-s1-t2" name="Validar retorno 200 e JSON Válido" line="16">
<kw name="Teste de Requisicao Basica" owner="random-user-service">
<kw name="GET On Session" owner="RequestsLibrary">
<msg time="2024-06-15T04:18:49.066300" level="INFO">GET Request : url=https://randomuser.me/api 
 path_url=/api 
 headers={'User-Agent': 'python-requests/2.32.3', 'Accept-Encoding': 'gzip, deflate', 'Accept': '*/*', 'Connection': 'keep-alive'} 
 body=None 
 </msg>
<msg time="2024-06-15T04:18:49.066481" level="INFO">GET Response : url=https://randomuser.me/api 
 status=200, reason=OK 
 headers={'Date': 'Sat, 15 Jun 2024 04:18:49 GMT', 'Content-Type': 'application/json; charset=utf-8', 'Transfer-Encoding': 'chunked', 'Connection': 'keep-alive', 'X-Powered-By': 'Express', 'Access-Control-Allow-Origin': '*', 'Cache-Control': 'no-cache', 'ETag': 'W/"4c8-fWVDjN0QKsIknHtnSY+cYjivTEs"', 'Vary': 'Accept-Encoding', 'Content-Encoding': 'gzip', 'CF-Cache-Status': 'DYNAMIC', 'Report-To': '{"endpoints":[{"url":"https:\\/\\/a.nel.cloudflare.com\\/report\\/v4?s=nqpxCWDMQomGC%2Fg7Ni%2F4nqsduBUOicq9ApCdBjxFX8w%2BXZcb7xkKdOSqB1NyVFvOFRZNPd9xLh7tuOkhOLgzbVxUlFmWJsYJ12DqalRmhulsHiv8I3Tia3FEZnWlO7aA"}],"group":"cf-nel","max_age":604800}', 'NEL': '{"success_fraction":0,"report_to":"cf-nel","max_age":604800}', 'Server': 'cloudflare', 'CF-RAY': '893fc2201b0b67a9-SJC', 'alt-svc': 'h3=":443"; ma=86400'} 
 body={"results":[{"gender":"female","name":{"title":"Ms","first":"Minerva","last":"Lemus"},"location":{"street":{"number":7692,"name":"Ampliación ex República Yugoslava de Macedonia"},"city":"San Martín Texmelucan","state":"Nuevo Leon","country":"Mexico","postcode":60165,"coordinates":{"latitude":"27.0092","longitude":"123.1107"},"timezone":{"offset":"-1:00","description":"Azores, Cape Verde Islands"}},"email":"minerva.lemus@example.com","login":{"uuid":"b7f6c0b9-8f60-497c-bf17-494125e0f8a4","username":"heavyelephant648","password":"ballin","salt":"9yaMDV77","md5":"cea83f58faccd8af5be6acbe828c4af3","sha1":"dc2df738d40e0572a0ae6b232f8a876cf44f02f5","sha256":"b6b49015e9bdd1a6d32773a4eb30c13937ce0843014f54d562fad5a33ff82f6d"},"dob":{"date":"1960-08-29T17:11:26.026Z","age":63},"registered":{"date":"2003-07-09T07:05:02.439Z","age":20},"phone":"(639) 095 6276","cell":"(627) 596 1176","id":{"name":"NSS","value":"93 88 55 7047 7"},"picture":{"large":"https://randomuser.me/api/portraits/women/13.jpg","medium":"https://randomuser.me/api/portraits/med/women/13.jpg","thumbnail":"https://randomuser.me/api/portraits/thumb/women/13.jpg"},"nat":"MX"}],"info":{"seed":"9a8ff18756affbb8","results":1,"page":1,"version":"1.4"}} 
 </msg>
<msg time="2024-06-15T04:18:49.066587" level="INFO">/opt/hostedtoolcache/Python/3.12.3/x64/lib/python3.12/site-packages/urllib3/connectionpool.py:1103: InsecureRequestWarning: Unverified HTTPS request is being made to host 'randomuser.me'. Adding certificate verification is strongly advised. See: https://urllib3.readthedocs.io/en/latest/advanced-usage.html#tls-warnings
  warnings.warn(</msg>
<msg time="2024-06-15T04:18:49.066906" level="INFO">${response} = &lt;Response [200]&gt;</msg>
<var>${response}</var>
<arg>consultarAPI</arg>
<arg>/api</arg>
<doc>Sends a GET request on a previously created HTTP Session.</doc>
<status status="PASS" start="2024-06-15T04:18:48.804759" elapsed="0.262198"/>
</kw>
<kw name="Should Be Equal As Numbers" owner="BuiltIn">
<msg time="2024-06-15T04:18:49.067943" level="INFO">Argument types are:
&lt;class 'int'&gt;
&lt;class 'str'&gt;</msg>
<arg>${response.status_code}</arg>
<arg>200</arg>
<doc>Fails if objects are unequal after converting them to real numbers.</doc>
<status status="PASS" start="2024-06-15T04:18:49.067494" elapsed="0.000513"/>
</kw>
<kw name="Log" owner="BuiltIn">
<msg time="2024-06-15T04:18:49.068693" level="INFO">200</msg>
<arg>${response.status_code}</arg>
<doc>Logs the given message with the given level.</doc>
<status status="PASS" start="2024-06-15T04:18:49.068344" elapsed="0.000396"/>
</kw>
<kw name="Set Variable" owner="BuiltIn">
<msg time="2024-06-15T04:18:49.069525" level="INFO">${json_data} = {'results': [{'gender': 'female', 'name': {'title': 'Ms', 'first': 'Minerva', 'last': 'Lemus'}, 'location': {'street': {'number': 7692, 'name': 'Ampliación ex República Yugoslava de Macedonia'}, 'city...</msg>
<var>${json_data}</var>
<arg>${response.json()}</arg>
<doc>Returns the given values which can then be assigned to a variables.</doc>
<status status="PASS" start="2024-06-15T04:18:49.069084" elapsed="0.000470"/>
</kw>
<kw name="Dictionary Should Contain Key" owner="Collections">
<arg>${json_data}</arg>
<arg>results</arg>
<doc>Fails if ``key`` is not found from ``dictionary``.</doc>
<status status="PASS" start="2024-06-15T04:18:49.069854" elapsed="0.000171"/>
</kw>
<status status="PASS" start="2024-06-15T04:18:48.804521" elapsed="0.265656"/>
</kw>
<doc>Testa se a API responde corretamente e retorna um objeto JSON válido.</doc>
<tag>testeRequisicaoBasica</tag>
<status status="PASS" start="2024-06-15T04:18:48.803998" elapsed="0.266355"/>
</test>
<test id="s1-s1-t3" name="Validar estrutura de resposta" line="22">
<kw name="Teste de Estrutura de Resposta" owner="random-user-service">
<kw name="GET On Session" owner="RequestsLibrary">
<msg time="2024-06-15T04:18:49.159806" level="INFO">GET Request : url=https://randomuser.me/api 
 path_url=/api 
 headers={'User-Agent': 'python-requests/2.32.3', 'Accept-Encoding': 'gzip, deflate', 'Accept': '*/*', 'Connection': 'keep-alive'} 
 body=None 
 </msg>
<msg time="2024-06-15T04:18:49.159881" level="INFO">GET Response : url=https://randomuser.me/api 
 status=200, reason=OK 
 headers={'Date': 'Sat, 15 Jun 2024 04:18:49 GMT', 'Content-Type': 'application/json; charset=utf-8', 'Transfer-Encoding': 'chunked', 'Connection': 'keep-alive', 'X-Powered-By': 'Express', 'Access-Control-Allow-Origin': '*', 'Cache-Control': 'no-cache', 'ETag': 'W/"485-iuH1j6OPcGJejMW+Ybmr8WyQCkU"', 'Vary': 'Accept-Encoding', 'Content-Encoding': 'gzip', 'CF-Cache-Status': 'DYNAMIC', 'Report-To': '{"endpoints":[{"url":"https:\\/\\/a.nel.cloudflare.com\\/report\\/v4?s=unjUNihlNKI1hXbARrK0P6%2BIcp1EHPVEbYvQ5b6Ahj%2BIp5vMdzBmCtzJOjgzxlIojzF8gGC9Qu2H6Qi%2B276v7mQzZNe2RTQvbfGJHChnAGdKGQ4fegHpPXwFiHW7pTPk"}],"group":"cf-nel","max_age":604800}', 'NEL': '{"success_fraction":0,"report_to":"cf-nel","max_age":604800}', 'Server': 'cloudflare', 'CF-RAY': '893fc220bb8e67a9-SJC', 'alt-svc': 'h3=":443"; ma=86400'} 
 body={"results":[{"gender":"male","name":{"title":"Mr","first":"Niels","last":"Schoonenberg"},"location":{"street":{"number":575,"name":"Kroepsweg"},"city":"Herbaijum","state":"Groningen","country":"Netherlands","postcode":"1059 FS","coordinates":{"latitude":"34.1316","longitude":"-26.5416"},"timezone":{"offset":"-2:00","description":"Mid-Atlantic"}},"email":"niels.schoonenberg@example.com","login":{"uuid":"a960f56a-2c8a-4f0b-8467-24e50702cfc0","username":"happyladybug266","password":"dolphin","salt":"jUGO8cRd","md5":"e3c8d765008f0e38f9dadebfa1128d1a","sha1":"c76f7ba47bb995dac7fbe46ee7032cd728b42bdc","sha256":"8ca67954e5ac38409133ad988c529595177e3f243e1d629cb36732f478ee4b4f"},"dob":{"date":"1962-04-17T06:25:08.372Z","age":62},"registered":{"date":"2020-11-05T00:54:24.150Z","age":3},"phone":"(0501) 693228","cell":"(06) 63750307","id":{"name":"BSN","value":"48466393"},"picture":{"large":"https://randomuser.me/api/portraits/men/33.jpg","medium":"https://randomuser.me/api/portraits/med/men/33.jpg","thumbnail":"https://randomuser.me/api/portraits/thumb/men/33.jpg"},"nat":"NL"}],"info":{"seed":"2ca2be1f967cbde0","results":1,"page":1,"version":"1.4"}} 
 </msg>
<msg time="2024-06-15T04:18:49.159997" level="INFO">/opt/hostedtoolcache/Python/3.12.3/x64/lib/python3.12/site-packages/urllib3/connectionpool.py:1103: InsecureRequestWarning: Unverified HTTPS request is being made to host 'randomuser.me'. Adding certificate verification is strongly advised. See: https://urllib3.readthedocs.io/en/latest/advanced-usage.html#tls-warnings
  warnings.warn(</msg>
<msg time="2024-06-15T04:18:49.160107" level="INFO">${response} = &lt;Response [200]&gt;</msg>
<var>${response}</var>
<arg>consultarAPI</arg>
<arg>/api</arg>
<doc>Sends a GET request on a previously created HTTP Session.</doc>
<status status="PASS" start="2024-06-15T04:18:49.073047" elapsed="0.087103"/>
</kw>
<kw name="Set Variable" owner="BuiltIn">
<msg time="2024-06-15T04:18:49.161222" level="INFO">${json_data} = {'results': [{'gender': 'male', 'name': {'title': 'Mr', 'first': 'Niels', 'last': 'Schoonenberg'}, 'location': {'street': {'number': 575, 'name': 'Kroepsweg'}, 'city': 'Herbaijum', 'state': 'Groningen...</msg>
<var>${json_data}</var>
<arg>${response.json()}</arg>
<doc>Returns the given values which can then be assigned to a variables.</doc>
<status status="PASS" start="2024-06-15T04:18:49.160644" elapsed="0.000610"/>
</kw>
<kw name="Log" owner="BuiltIn">
<msg time="2024-06-15T04:18:49.161724" level="INFO">{'results': [{'gender': 'male', 'name': {'title': 'Mr', 'first': 'Niels', 'last': 'Schoonenberg'}, 'location': {'street': {'number': 575, 'name': 'Kroepsweg'}, 'city': 'Herbaijum', 'state': 'Groningen', 'country': 'Netherlands', 'postcode': '1059 FS', 'coordinates': {'latitude': '34.1316', 'longitude': '-26.5416'}, 'timezone': {'offset': '-2:00', 'description': 'Mid-Atlantic'}}, 'email': 'niels.schoonenberg@example.com', 'login': {'uuid': 'a960f56a-2c8a-4f0b-8467-24e50702cfc0', 'username': 'happyladybug266', 'password': 'dolphin', 'salt': 'jUGO8cRd', 'md5': 'e3c8d765008f0e38f9dadebfa1128d1a', 'sha1': 'c76f7ba47bb995dac7fbe46ee7032cd728b42bdc', 'sha256': '8ca67954e5ac38409133ad988c529595177e3f243e1d629cb36732f478ee4b4f'}, 'dob': {'date': '1962-04-17T06:25:08.372Z', 'age': 62}, 'registered': {'date': '2020-11-05T00:54:24.150Z', 'age': 3}, 'phone': '(0501) 693228', 'cell': '(06) 63750307', 'id': {'name': 'BSN', 'value': '48466393'}, 'picture': {'large': 'https://randomuser.me/api/portraits/men/33.jpg', 'medium': 'https://randomuser.me/api/portraits/med/men/33.jpg', 'thumbnail': 'https://randomuser.me/api/portraits/thumb/men/33.jpg'}, 'nat': 'NL'}], 'info': {'seed': '2ca2be1f967cbde0', 'results': 1, 'page': 1, 'version': '1.4'}}</msg>
<arg>${json_data}</arg>
<doc>Logs the given message with the given level.</doc>
<status status="PASS" start="2024-06-15T04:18:49.161567" elapsed="0.000206"/>
</kw>
<kw name="Dictionary Should Contain Key" owner="Collections">
<arg>${json_data}</arg>
<arg>results</arg>
<doc>Fails if ``key`` is not found from ``dictionary``.</doc>
<status status="PASS" start="2024-06-15T04:18:49.162069" elapsed="0.000160"/>
</kw>
<kw name="Should Not Be Empty" owner="BuiltIn">
<msg time="2024-06-15T04:18:49.162543" level="INFO">Length is 2.</msg>
<arg>${json_data}</arg>
<doc>Verifies that the given item is not empty.</doc>
<status status="PASS" start="2024-06-15T04:18:49.162417" elapsed="0.000163"/>
</kw>
<kw name="Create List" owner="BuiltIn">
<msg time="2024-06-15T04:18:49.163024" level="INFO">${expected_keys} = ['gender', 'name', 'location', 'email', 'login']</msg>
<var>${expected_keys}</var>
<arg>gender</arg>
<arg>name</arg>
<arg>location</arg>
<arg>email</arg>
<arg>login</arg>
<doc>Returns a list containing given items.</doc>
<status status="PASS" start="2024-06-15T04:18:49.162876" elapsed="0.000172"/>
</kw>
<for flavor="IN">
<iter>
<kw name="Dictionary Should Contain Key" owner="Collections">
<arg>${json_data['results'][0]}</arg>
<arg>${key}</arg>
<doc>Fails if ``key`` is not found from ``dictionary``.</doc>
<status status="PASS" start="2024-06-15T04:18:49.163627" elapsed="0.000404"/>
</kw>
<kw name="Log" owner="BuiltIn">
<msg time="2024-06-15T04:18:49.164584" level="INFO">{'gender': 'male', 'name': {'title': 'Mr', 'first': 'Niels', 'last': 'Schoonenberg'}, 'location': {'street': {'number': 575, 'name': 'Kroepsweg'}, 'city': 'Herbaijum', 'state': 'Groningen', 'country': 'Netherlands', 'postcode': '1059 FS', 'coordinates': {'latitude': '34.1316', 'longitude': '-26.5416'}, 'timezone': {'offset': '-2:00', 'description': 'Mid-Atlantic'}}, 'email': 'niels.schoonenberg@example.com', 'login': {'uuid': 'a960f56a-2c8a-4f0b-8467-24e50702cfc0', 'username': 'happyladybug266', 'password': 'dolphin', 'salt': 'jUGO8cRd', 'md5': 'e3c8d765008f0e38f9dadebfa1128d1a', 'sha1': 'c76f7ba47bb995dac7fbe46ee7032cd728b42bdc', 'sha256': '8ca67954e5ac38409133ad988c529595177e3f243e1d629cb36732f478ee4b4f'}, 'dob': {'date': '1962-04-17T06:25:08.372Z', 'age': 62}, 'registered': {'date': '2020-11-05T00:54:24.150Z', 'age': 3}, 'phone': '(0501) 693228', 'cell': '(06) 63750307', 'id': {'name': 'BSN', 'value': '48466393'}, 'picture': {'large': 'https://randomuser.me/api/portraits/men/33.jpg', 'medium': 'https://randomuser.me/api/portraits/med/men/33.jpg', 'thumbnail': 'https://randomuser.me/api/portraits/thumb/men/33.jpg'}, 'nat': 'NL'}</msg>
<arg>${json_data['results'][0]}</arg>
<doc>Logs the given message with the given level.</doc>
<status status="PASS" start="2024-06-15T04:18:49.164226" elapsed="0.000408"/>
</kw>
<kw name="Log" owner="BuiltIn">
<msg time="2024-06-15T04:18:49.165105" level="INFO">gender</msg>
<arg>${key}</arg>
<doc>Logs the given message with the given level.</doc>
<status status="PASS" start="2024-06-15T04:18:49.164931" elapsed="0.000216"/>
</kw>
<var name="${key}">gender</var>
<status status="PASS" start="2024-06-15T04:18:49.163497" elapsed="0.001883"/>
</iter>
<iter>
<kw name="Dictionary Should Contain Key" owner="Collections">
<arg>${json_data['results'][0]}</arg>
<arg>${key}</arg>
<doc>Fails if ``key`` is not found from ``dictionary``.</doc>
<status status="PASS" start="2024-06-15T04:18:49.165683" elapsed="0.000391"/>
</kw>
<kw name="Log" owner="BuiltIn">
<msg time="2024-06-15T04:18:49.166624" level="INFO">{'gender': 'male', 'name': {'title': 'Mr', 'first': 'Niels', 'last': 'Schoonenberg'}, 'location': {'street': {'number': 575, 'name': 'Kroepsweg'}, 'city': 'Herbaijum', 'state': 'Groningen', 'country': 'Netherlands', 'postcode': '1059 FS', 'coordinates': {'latitude': '34.1316', 'longitude': '-26.5416'}, 'timezone': {'offset': '-2:00', 'description': 'Mid-Atlantic'}}, 'email': 'niels.schoonenberg@example.com', 'login': {'uuid': 'a960f56a-2c8a-4f0b-8467-24e50702cfc0', 'username': 'happyladybug266', 'password': 'dolphin', 'salt': 'jUGO8cRd', 'md5': 'e3c8d765008f0e38f9dadebfa1128d1a', 'sha1': 'c76f7ba47bb995dac7fbe46ee7032cd728b42bdc', 'sha256': '8ca67954e5ac38409133ad988c529595177e3f243e1d629cb36732f478ee4b4f'}, 'dob': {'date': '1962-04-17T06:25:08.372Z', 'age': 62}, 'registered': {'date': '2020-11-05T00:54:24.150Z', 'age': 3}, 'phone': '(0501) 693228', 'cell': '(06) 63750307', 'id': {'name': 'BSN', 'value': '48466393'}, 'picture': {'large': 'https://randomuser.me/api/portraits/men/33.jpg', 'medium': 'https://randomuser.me/api/portraits/med/men/33.jpg', 'thumbnail': 'https://randomuser.me/api/portraits/thumb/men/33.jpg'}, 'nat': 'NL'}</msg>
<arg>${json_data['results'][0]}</arg>
<doc>Logs the given message with the given level.</doc>
<status status="PASS" start="2024-06-15T04:18:49.166261" elapsed="0.000445"/>
</kw>
<kw name="Log" owner="BuiltIn">
<msg time="2024-06-15T04:18:49.167143" level="INFO">name</msg>
<arg>${key}</arg>
<doc>Logs the given message with the given level.</doc>
<status status="PASS" start="2024-06-15T04:18:49.167007" elapsed="0.000176"/>
</kw>
<var name="${key}">name</var>
<status status="PASS" start="2024-06-15T04:18:49.165569" elapsed="0.001832"/>
</iter>
<iter>
<kw name="Dictionary Should Contain Key" owner="Collections">
<arg>${json_data['results'][0]}</arg>
<arg>${key}</arg>
<doc>Fails if ``key`` is not found from ``dictionary``.</doc>
<status status="PASS" start="2024-06-15T04:18:49.167689" elapsed="0.000390"/>
</kw>
<kw name="Log" owner="BuiltIn">
<msg time="2024-06-15T04:18:49.168651" level="INFO">{'gender': 'male', 'name': {'title': 'Mr', 'first': 'Niels', 'last': 'Schoonenberg'}, 'location': {'street': {'number': 575, 'name': 'Kroepsweg'}, 'city': 'Herbaijum', 'state': 'Groningen', 'country': 'Netherlands', 'postcode': '1059 FS', 'coordinates': {'latitude': '34.1316', 'longitude': '-26.5416'}, 'timezone': {'offset': '-2:00', 'description': 'Mid-Atlantic'}}, 'email': 'niels.schoonenberg@example.com', 'login': {'uuid': 'a960f56a-2c8a-4f0b-8467-24e50702cfc0', 'username': 'happyladybug266', 'password': 'dolphin', 'salt': 'jUGO8cRd', 'md5': 'e3c8d765008f0e38f9dadebfa1128d1a', 'sha1': 'c76f7ba47bb995dac7fbe46ee7032cd728b42bdc', 'sha256': '8ca67954e5ac38409133ad988c529595177e3f243e1d629cb36732f478ee4b4f'}, 'dob': {'date': '1962-04-17T06:25:08.372Z', 'age': 62}, 'registered': {'date': '2020-11-05T00:54:24.150Z', 'age': 3}, 'phone': '(0501) 693228', 'cell': '(06) 63750307', 'id': {'name': 'BSN', 'value': '48466393'}, 'picture': {'large': 'https://randomuser.me/api/portraits/men/33.jpg', 'medium': 'https://randomuser.me/api/portraits/med/men/33.jpg', 'thumbnail': 'https://randomuser.me/api/portraits/thumb/men/33.jpg'}, 'nat': 'NL'}</msg>
<arg>${json_data['results'][0]}</arg>
<doc>Logs the given message with the given level.</doc>
<status status="PASS" start="2024-06-15T04:18:49.168270" elapsed="0.000430"/>
</kw>
<kw name="Log" owner="BuiltIn">
<msg time="2024-06-15T04:18:49.169170" level="INFO">location</msg>
<arg>${key}</arg>
<doc>Logs the given message with the given level.</doc>
<status status="PASS" start="2024-06-15T04:18:49.168998" elapsed="0.000209"/>
</kw>
<var name="${key}">location</var>
<status status="PASS" start="2024-06-15T04:18:49.167580" elapsed="0.001852"/>
</iter>
<iter>
<kw name="Dictionary Should Contain Key" owner="Collections">
<arg>${json_data['results'][0]}</arg>
<arg>${key}</arg>
<doc>Fails if ``key`` is not found from ``dictionary``.</doc>
<status status="PASS" start="2024-06-15T04:18:49.169714" elapsed="0.000383"/>
</kw>
<kw name="Log" owner="BuiltIn">
<msg time="2024-06-15T04:18:49.170640" level="INFO">{'gender': 'male', 'name': {'title': 'Mr', 'first': 'Niels', 'last': 'Schoonenberg'}, 'location': {'street': {'number': 575, 'name': 'Kroepsweg'}, 'city': 'Herbaijum', 'state': 'Groningen', 'country': 'Netherlands', 'postcode': '1059 FS', 'coordinates': {'latitude': '34.1316', 'longitude': '-26.5416'}, 'timezone': {'offset': '-2:00', 'description': 'Mid-Atlantic'}}, 'email': 'niels.schoonenberg@example.com', 'login': {'uuid': 'a960f56a-2c8a-4f0b-8467-24e50702cfc0', 'username': 'happyladybug266', 'password': 'dolphin', 'salt': 'jUGO8cRd', 'md5': 'e3c8d765008f0e38f9dadebfa1128d1a', 'sha1': 'c76f7ba47bb995dac7fbe46ee7032cd728b42bdc', 'sha256': '8ca67954e5ac38409133ad988c529595177e3f243e1d629cb36732f478ee4b4f'}, 'dob': {'date': '1962-04-17T06:25:08.372Z', 'age': 62}, 'registered': {'date': '2020-11-05T00:54:24.150Z', 'age': 3}, 'phone': '(0501) 693228', 'cell': '(06) 63750307', 'id': {'name': 'BSN', 'value': '48466393'}, 'picture': {'large': 'https://randomuser.me/api/portraits/men/33.jpg', 'medium': 'https://randomuser.me/api/portraits/med/men/33.jpg', 'thumbnail': 'https://randomuser.me/api/portraits/thumb/men/33.jpg'}, 'nat': 'NL'}</msg>
<arg>${json_data['results'][0]}</arg>
<doc>Logs the given message with the given level.</doc>
<status status="PASS" start="2024-06-15T04:18:49.170280" elapsed="0.000409"/>
</kw>
<kw name="Log" owner="BuiltIn">
<msg time="2024-06-15T04:18:49.171120" level="INFO">email</msg>
<arg>${key}</arg>
<doc>Logs the given message with the given level.</doc>
<status status="PASS" start="2024-06-15T04:18:49.170991" elapsed="0.000167"/>
</kw>
<var name="${key}">email</var>
<status status="PASS" start="2024-06-15T04:18:49.169606" elapsed="0.001769"/>
</iter>
<iter>
<kw name="Dictionary Should Contain Key" owner="Collections">
<arg>${json_data['results'][0]}</arg>
<arg>${key}</arg>
<doc>Fails if ``key`` is not found from ``dictionary``.</doc>
<status status="PASS" start="2024-06-15T04:18:49.171650" elapsed="0.000376"/>
</kw>
<kw name="Log" owner="BuiltIn">
<msg time="2024-06-15T04:18:49.172569" level="INFO">{'gender': 'male', 'name': {'title': 'Mr', 'first': 'Niels', 'last': 'Schoonenberg'}, 'location': {'street': {'number': 575, 'name': 'Kroepsweg'}, 'city': 'Herbaijum', 'state': 'Groningen', 'country': 'Netherlands', 'postcode': '1059 FS', 'coordinates': {'latitude': '34.1316', 'longitude': '-26.5416'}, 'timezone': {'offset': '-2:00', 'description': 'Mid-Atlantic'}}, 'email': 'niels.schoonenberg@example.com', 'login': {'uuid': 'a960f56a-2c8a-4f0b-8467-24e50702cfc0', 'username': 'happyladybug266', 'password': 'dolphin', 'salt': 'jUGO8cRd', 'md5': 'e3c8d765008f0e38f9dadebfa1128d1a', 'sha1': 'c76f7ba47bb995dac7fbe46ee7032cd728b42bdc', 'sha256': '8ca67954e5ac38409133ad988c529595177e3f243e1d629cb36732f478ee4b4f'}, 'dob': {'date': '1962-04-17T06:25:08.372Z', 'age': 62}, 'registered': {'date': '2020-11-05T00:54:24.150Z', 'age': 3}, 'phone': '(0501) 693228', 'cell': '(06) 63750307', 'id': {'name': 'BSN', 'value': '48466393'}, 'picture': {'large': 'https://randomuser.me/api/portraits/men/33.jpg', 'medium': 'https://randomuser.me/api/portraits/med/men/33.jpg', 'thumbnail': 'https://randomuser.me/api/portraits/thumb/men/33.jpg'}, 'nat': 'NL'}</msg>
<arg>${json_data['results'][0]}</arg>
<doc>Logs the given message with the given level.</doc>
<status status="PASS" start="2024-06-15T04:18:49.172213" elapsed="0.000404"/>
</kw>
<kw name="Log" owner="BuiltIn">
<msg time="2024-06-15T04:18:49.173190" level="INFO">login</msg>
<arg>${key}</arg>
<doc>Logs the given message with the given level.</doc>
<status status="PASS" start="2024-06-15T04:18:49.172908" elapsed="0.000324"/>
</kw>
<var name="${key}">login</var>
<status status="PASS" start="2024-06-15T04:18:49.171544" elapsed="0.001912"/>
</iter>
<var>${key}</var>
<value>@{expected_keys}</value>
<status status="PASS" start="2024-06-15T04:18:49.163310" elapsed="0.010267"/>
</for>
<kw name="Create List" owner="BuiltIn">
<msg time="2024-06-15T04:18:49.173901" level="INFO">${expected_keysTwo} = ['username', 'password']</msg>
<var>${expected_keysTwo}</var>
<arg>username</arg>
<arg>password</arg>
<doc>Returns a list containing given items.</doc>
<status status="PASS" start="2024-06-15T04:18:49.173765" elapsed="0.000160"/>
</kw>
<for flavor="IN">
<iter>
<kw name="Dictionary Should Contain Key" owner="Collections">
<arg>${json_data['results'][0]['login']}</arg>
<arg>${keyTwo}</arg>
<doc>Fails if ``key`` is not found from ``dictionary``.</doc>
<status status="PASS" start="2024-06-15T04:18:49.174454" elapsed="0.000388"/>
</kw>
<kw name="Dictionary Should Contain Key" owner="Collections">
<arg>${json_data['results'][0]['login']}</arg>
<arg>${keyTwo}</arg>
<doc>Fails if ``key`` is not found from ``dictionary``.</doc>
<status status="PASS" start="2024-06-15T04:18:49.175025" elapsed="0.000372"/>
</kw>
<kw name="Log" owner="BuiltIn">
<msg time="2024-06-15T04:18:49.175699" level="INFO">username</msg>
<arg>${keyTwo}</arg>
<doc>Logs the given message with the given level.</doc>
<status status="PASS" start="2024-06-15T04:18:49.175578" elapsed="0.000158"/>
</kw>
<var name="${keyTwo}">username</var>
<status status="PASS" start="2024-06-15T04:18:49.174346" elapsed="0.001610"/>
</iter>
<iter>
<kw name="Dictionary Should Contain Key" owner="Collections">
<arg>${json_data['results'][0]['login']}</arg>
<arg>${keyTwo}</arg>
<doc>Fails if ``key`` is not found from ``dictionary``.</doc>
<status status="PASS" start="2024-06-15T04:18:49.176242" elapsed="0.000369"/>
</kw>
<kw name="Dictionary Should Contain Key" owner="Collections">
<arg>${json_data['results'][0]['login']}</arg>
<arg>${keyTwo}</arg>
<doc>Fails if ``key`` is not found from ``dictionary``.</doc>
<status status="PASS" start="2024-06-15T04:18:49.176790" elapsed="0.000416"/>
</kw>
<kw name="Log" owner="BuiltIn">
<msg time="2024-06-15T04:18:49.177512" level="INFO">password</msg>
<arg>${keyTwo}</arg>
<doc>Logs the given message with the given level.</doc>
<status status="PASS" start="2024-06-15T04:18:49.177389" elapsed="0.000160"/>
</kw>
<var name="${keyTwo}">password</var>
<status status="PASS" start="2024-06-15T04:18:49.176133" elapsed="0.001641"/>
</iter>
<var>${keyTwo}</var>
<value>@{expected_keysTwo}</value>
<status status="PASS" start="2024-06-15T04:18:49.174191" elapsed="0.003705"/>
</for>
<status status="PASS" start="2024-06-15T04:18:49.072786" elapsed="0.105248"/>
</kw>
<doc>Testa a estrutura da resposta da API.</doc>
<tag>testeEstruturaResposta</tag>
<status status="PASS" start="2024-06-15T04:18:49.072149" elapsed="0.106037"/>
</test>
<test id="s1-s1-t4" name="Validar tipos de dados" line="28">
<kw name="Teste de Tipos de Dados" owner="random-user-service">
<kw name="GET On Session" owner="RequestsLibrary">
<msg time="2024-06-15T04:18:49.284382" level="INFO">GET Request : url=https://randomuser.me/api 
 path_url=/api 
 headers={'User-Agent': 'python-requests/2.32.3', 'Accept-Encoding': 'gzip, deflate', 'Accept': '*/*', 'Connection': 'keep-alive'} 
 body=None 
 </msg>
<msg time="2024-06-15T04:18:49.284478" level="INFO">GET Response : url=https://randomuser.me/api 
 status=200, reason=OK 
 headers={'Date': 'Sat, 15 Jun 2024 04:18:49 GMT', 'Content-Type': 'application/json; charset=utf-8', 'Transfer-Encoding': 'chunked', 'Connection': 'keep-alive', 'X-Powered-By': 'Express', 'Access-Control-Allow-Origin': '*', 'Cache-Control': 'no-cache', 'ETag': 'W/"48c-N+qThf2DFd5vv4iq2c4fxvIwOUw"', 'Vary': 'Accept-Encoding', 'Content-Encoding': 'gzip', 'CF-Cache-Status': 'DYNAMIC', 'Report-To': '{"endpoints":[{"url":"https:\\/\\/a.nel.cloudflare.com\\/report\\/v4?s=WW7lS5LR1ZBem6uCbOos5L1bWFtR2ki3FtqqpGkg2Zt1HgoM5RASKlSshXepH9qWNwOR98oH9eiTiiUE%2BwUbnlBA137WWp6YKbKo4giCC24TpSvkBMr6%2FdZ7vmuorhdl"}],"group":"cf-nel","max_age":604800}', 'NEL': '{"success_fraction":0,"report_to":"cf-nel","max_age":604800}', 'Server': 'cloudflare', 'CF-RAY': '893fc2216c0067a9-SJC', 'alt-svc': 'h3=":443"; ma=86400'} 
 body={"results":[{"gender":"male","name":{"title":"Mr","first":"Pablo","last":"Herrero"},"location":{"street":{"number":884,"name":"Paseo de Zorrilla"},"city":"Oviedo","state":"Melilla","country":"Spain","postcode":55044,"coordinates":{"latitude":"-38.1156","longitude":"-163.7974"},"timezone":{"offset":"-5:00","description":"Eastern Time (US &amp; Canada), Bogota, Lima"}},"email":"pablo.herrero@example.com","login":{"uuid":"d641f9d8-4157-43e8-a262-287f1274676b","username":"greendog265","password":"blunts","salt":"qhuEn6F5","md5":"2c212eba6172a87bae86cb1a4e86de73","sha1":"6e9139a0951df4da45f4714196c0ed73efb89386","sha256":"41da558e608a7e3fd1b33c7b1bb155b0d252e6e0d72943c525502611aa7025ba"},"dob":{"date":"1973-03-19T20:28:29.356Z","age":51},"registered":{"date":"2011-08-28T11:07:29.611Z","age":12},"phone":"901-424-437","cell":"608-275-551","id":{"name":"DNI","value":"32236554-V"},"picture":{"large":"https://randomuser.me/api/portraits/men/95.jpg","medium":"https://randomuser.me/api/portraits/med/men/95.jpg","thumbnail":"https://randomuser.me/api/portraits/thumb/men/95.jpg"},"nat":"ES"}],"info":{"seed":"6b3ff9f4b2b0c7fe","results":1,"page":1,"version":"1.4"}} 
 </msg>
<msg time="2024-06-15T04:18:49.284559" level="INFO">/opt/hostedtoolcache/Python/3.12.3/x64/lib/python3.12/site-packages/urllib3/connectionpool.py:1103: InsecureRequestWarning: Unverified HTTPS request is being made to host 'randomuser.me'. Adding certificate verification is strongly advised. See: https://urllib3.readthedocs.io/en/latest/advanced-usage.html#tls-warnings
  warnings.warn(</msg>
<msg time="2024-06-15T04:18:49.284686" level="INFO">${response} = &lt;Response [200]&gt;</msg>
<var>${response}</var>
<arg>consultarAPI</arg>
<arg>/api</arg>
<doc>Sends a GET request on a previously created HTTP Session.</doc>
<status status="PASS" start="2024-06-15T04:18:49.180700" elapsed="0.104157"/>
</kw>
<kw name="Set Variable" owner="BuiltIn">
<msg time="2024-06-15T04:18:49.286062" level="INFO">${json_data} = {'results': [{'gender': 'male', 'name': {'title': 'Mr', 'first': 'Pablo', 'last': 'Herrero'}, 'location': {'street': {'number': 884, 'name': 'Paseo de Zorrilla'}, 'city': 'Oviedo', 'state': 'Melilla',...</msg>
<var>${json_data}</var>
<arg>${response.json()}</arg>
<doc>Returns the given values which can then be assigned to a variables.</doc>
<status status="PASS" start="2024-06-15T04:18:49.285516" elapsed="0.000575"/>
</kw>
<kw name="Log" owner="BuiltIn">
<msg time="2024-06-15T04:18:49.286557" level="INFO">{'results': [{'gender': 'male', 'name': {'title': 'Mr', 'first': 'Pablo', 'last': 'Herrero'}, 'location': {'street': {'number': 884, 'name': 'Paseo de Zorrilla'}, 'city': 'Oviedo', 'state': 'Melilla', 'country': 'Spain', 'postcode': 55044, 'coordinates': {'latitude': '-38.1156', 'longitude': '-163.7974'}, 'timezone': {'offset': '-5:00', 'description': 'Eastern Time (US &amp; Canada), Bogota, Lima'}}, 'email': 'pablo.herrero@example.com', 'login': {'uuid': 'd641f9d8-4157-43e8-a262-287f1274676b', 'username': 'greendog265', 'password': 'blunts', 'salt': 'qhuEn6F5', 'md5': '2c212eba6172a87bae86cb1a4e86de73', 'sha1': '6e9139a0951df4da45f4714196c0ed73efb89386', 'sha256': '41da558e608a7e3fd1b33c7b1bb155b0d252e6e0d72943c525502611aa7025ba'}, 'dob': {'date': '1973-03-19T20:28:29.356Z', 'age': 51}, 'registered': {'date': '2011-08-28T11:07:29.611Z', 'age': 12}, 'phone': '901-424-437', 'cell': '608-275-551', 'id': {'name': 'DNI', 'value': '32236554-V'}, 'picture': {'large': 'https://randomuser.me/api/portraits/men/95.jpg', 'medium': 'https://randomuser.me/api/portraits/med/men/95.jpg', 'thumbnail': 'https://randomuser.me/api/portraits/thumb/men/95.jpg'}, 'nat': 'ES'}], 'info': {'seed': '6b3ff9f4b2b0c7fe', 'results': 1, 'page': 1, 'version': '1.4'}}</msg>
<arg>${json_data}</arg>
<doc>Logs the given message with the given level.</doc>
<status status="PASS" start="2024-06-15T04:18:49.286402" elapsed="0.000203"/>
</kw>
<kw name="Should Be String" owner="String">
<arg>${json_data['results'][0]['gender']}</arg>
<doc>Fails if the given ``item`` is not a string.</doc>
<status status="PASS" start="2024-06-15T04:18:49.286897" elapsed="0.000364"/>
</kw>
<kw name="Should Match Regexp" owner="BuiltIn">
<arg>${json_data['results'][0]['email']}</arg>
<arg>^[a-zA-Z0-9._%+-]+@[a-zA-Z0-9.-]+\.[a-zA-Z]{2,}$</arg>
<doc>Fails if ``string`` does not match ``pattern`` as a regular expression.</doc>
<status status="PASS" start="2024-06-15T04:18:49.287452" elapsed="0.000518"/>
</kw>
<kw name="Should Match Regexp" owner="BuiltIn">
<arg>${json_data['results'][0]['dob']['date']}</arg>
<arg>\\d{4}-\\d{2}-\\d{2}T\\d{2}:\\d{2}:\\d{2}\\.\\d{3}Z</arg>
<doc>Fails if ``string`` does not match ``pattern`` as a regular expression.</doc>
<status status="PASS" start="2024-06-15T04:18:49.288201" elapsed="0.000492"/>
</kw>
<kw name="Should Match Regexp" owner="BuiltIn">
<arg>${json_data['results'][0]['registered']['date']}</arg>
<arg>\\d{4}-\\d{2}-\\d{2}T\\d{2}:\\d{2}:\\d{2}\\.\\d{3}Z</arg>
<doc>Fails if ``string`` does not match ``pattern`` as a regular expression.</doc>
<status status="PASS" start="2024-06-15T04:18:49.288884" elapsed="0.000434"/>
</kw>
<kw name="Should Match Regexp" owner="BuiltIn">
<arg>${json_data['results'][0]['picture']['large']}</arg>
<arg>^https?://.*\.(?:png|jpe?g|gif|bmp)$</arg>
<doc>Fails if ``string`` does not match ``pattern`` as a regular expression.</doc>
<status status="PASS" start="2024-06-15T04:18:49.289513" elapsed="0.000467"/>
</kw>
<kw name="Should Match Regexp" owner="BuiltIn">
<arg>${json_data['results'][0]['picture']['medium']}</arg>
<arg>^https?://.*\.(?:png|jpe?g|gif|bmp)$</arg>
<doc>Fails if ``string`` does not match ``pattern`` as a regular expression.</doc>
<status status="PASS" start="2024-06-15T04:18:49.290178" elapsed="0.000373"/>
</kw>
<kw name="Should Match Regexp" owner="BuiltIn">
<arg>${json_data['results'][0]['picture']['thumbnail']}</arg>
<arg>^https?://.*\.(?:png|jpe?g|gif|bmp)$</arg>
<doc>Fails if ``string`` does not match ``pattern`` as a regular expression.</doc>
<status status="PASS" start="2024-06-15T04:18:49.290746" elapsed="0.000363"/>
</kw>
<kw name="Log" owner="BuiltIn">
<msg time="2024-06-15T04:18:49.291627" level="INFO">{'large': 'https://randomuser.me/api/portraits/men/95.jpg', 'medium': 'https://randomuser.me/api/portraits/med/men/95.jpg', 'thumbnail': 'https://randomuser.me/api/portraits/thumb/men/95.jpg'}</msg>
<arg>${json_data['results'][0]['picture']}</arg>
<doc>Logs the given message with the given level.</doc>
<status status="PASS" start="2024-06-15T04:18:49.291296" elapsed="0.000377"/>
</kw>
<status status="PASS" start="2024-06-15T04:18:49.180472" elapsed="0.111460"/>
</kw>
<kw name="Teste de Tipos de Dados - Postcode" owner="random-user-service">
<kw name="GET On Session" owner="RequestsLibrary">
<msg time="2024-06-15T04:18:49.379405" level="INFO">GET Request : url=https://randomuser.me/api 
 path_url=/api 
 headers={'User-Agent': 'python-requests/2.32.3', 'Accept-Encoding': 'gzip, deflate', 'Accept': '*/*', 'Connection': 'keep-alive'} 
 body=None 
 </msg>
<msg time="2024-06-15T04:18:49.379495" level="INFO">GET Response : url=https://randomuser.me/api 
 status=200, reason=OK 
 headers={'Date': 'Sat, 15 Jun 2024 04:18:49 GMT', 'Content-Type': 'application/json; charset=utf-8', 'Transfer-Encoding': 'chunked', 'Connection': 'keep-alive', 'X-Powered-By': 'Express', 'Access-Control-Allow-Origin': '*', 'Cache-Control': 'no-cache', 'ETag': 'W/"499-ZgWkzmWT0rEr8NEgxGJ/L7v79Sk"', 'Vary': 'Accept-Encoding', 'Content-Encoding': 'gzip', 'CF-Cache-Status': 'DYNAMIC', 'Report-To': '{"endpoints":[{"url":"https:\\/\\/a.nel.cloudflare.com\\/report\\/v4?s=%2BIkx%2FhsPvjZanYjJZtav6IUGh73nO5QVGiN3WbJKmuxOWOG5tz4lHIYhcAdwbD6PvMfV1%2FsUqinpTRj6fO%2F4eTOKhjzUsLAIe9TaFpmAZgp3RnnMflTirF17pcf3f9uW"}],"group":"cf-nel","max_age":604800}', 'NEL': '{"success_fraction":0,"report_to":"cf-nel","max_age":604800}', 'Server': 'cloudflare', 'CF-RAY': '893fc2221c9067a9-SJC', 'alt-svc': 'h3=":443"; ma=86400'} 
 body={"results":[{"gender":"female","name":{"title":"Miss","first":"Shannon","last":"Baker"},"location":{"street":{"number":6619,"name":"Nowlin Rd"},"city":"Hobart","state":"New South Wales","country":"Australia","postcode":2279,"coordinates":{"latitude":"-82.5131","longitude":"102.2288"},"timezone":{"offset":"-5:00","description":"Eastern Time (US &amp; Canada), Bogota, Lima"}},"email":"shannon.baker@example.com","login":{"uuid":"d014a873-02b1-47ea-8f3b-e49a39f8b9d5","username":"sadtiger377","password":"chubby","salt":"jTgE4OV7","md5":"dcb6c6515fff6b2d1eb83adfc53cca26","sha1":"c16223f1cfa5bb7c834beae4f57bcb1199ac6647","sha256":"eeec096f2b82210657abed560ee28c9c9dc63f54351b9d0350b8f99f56d06baa"},"dob":{"date":"1978-06-13T15:44:10.201Z","age":46},"registered":{"date":"2016-01-18T20:46:15.723Z","age":8},"phone":"06-9575-8383","cell":"0491-353-585","id":{"name":"TFN","value":"354502008"},"picture":{"large":"https://randomuser.me/api/portraits/women/18.jpg","medium":"https://randomuser.me/api/portraits/med/women/18.jpg","thumbnail":"https://randomuser.me/api/portraits/thumb/women/18.jpg"},"nat":"AU"}],"info":{"seed":"b69d2347b2ac5eac","results":1,"page":1,"version":"1.4"}} 
 </msg>
<msg time="2024-06-15T04:18:49.379591" level="INFO">/opt/hostedtoolcache/Python/3.12.3/x64/lib/python3.12/site-packages/urllib3/connectionpool.py:1103: InsecureRequestWarning: Unverified HTTPS request is being made to host 'randomuser.me'. Adding certificate verification is strongly advised. See: https://urllib3.readthedocs.io/en/latest/advanced-usage.html#tls-warnings
  warnings.warn(</msg>
<msg time="2024-06-15T04:18:49.379711" level="INFO">${response} = &lt;Response [200]&gt;</msg>
<var>${response}</var>
<arg>consultarAPI</arg>
<arg>/api</arg>
<doc>Sends a GET request on a previously created HTTP Session.</doc>
<status status="PASS" start="2024-06-15T04:18:49.292386" elapsed="0.087370"/>
</kw>
<kw name="Set Variable" owner="BuiltIn">
<msg time="2024-06-15T04:18:49.380696" level="INFO">${json_data} = {'results': [{'gender': 'female', 'name': {'title': 'Miss', 'first': 'Shannon', 'last': 'Baker'}, 'location': {'street': {'number': 6619, 'name': 'Nowlin Rd'}, 'city': 'Hobart', 'state': 'New South Wa...</msg>
<var>${json_data}</var>
<arg>${response.json()}</arg>
<doc>Returns the given values which can then be assigned to a variables.</doc>
<status status="PASS" start="2024-06-15T04:18:49.380223" elapsed="0.000502"/>
</kw>
<kw name="Log" owner="BuiltIn">
<msg time="2024-06-15T04:18:49.381252" level="INFO">{'results': [{'gender': 'female', 'name': {'title': 'Miss', 'first': 'Shannon', 'last': 'Baker'}, 'location': {'street': {'number': 6619, 'name': 'Nowlin Rd'}, 'city': 'Hobart', 'state': 'New South Wales', 'country': 'Australia', 'postcode': 2279, 'coordinates': {'latitude': '-82.5131', 'longitude': '102.2288'}, 'timezone': {'offset': '-5:00', 'description': 'Eastern Time (US &amp; Canada), Bogota, Lima'}}, 'email': 'shannon.baker@example.com', 'login': {'uuid': 'd014a873-02b1-47ea-8f3b-e49a39f8b9d5', 'username': 'sadtiger377', 'password': 'chubby', 'salt': 'jTgE4OV7', 'md5': 'dcb6c6515fff6b2d1eb83adfc53cca26', 'sha1': 'c16223f1cfa5bb7c834beae4f57bcb1199ac6647', 'sha256': 'eeec096f2b82210657abed560ee28c9c9dc63f54351b9d0350b8f99f56d06baa'}, 'dob': {'date': '1978-06-13T15:44:10.201Z', 'age': 46}, 'registered': {'date': '2016-01-18T20:46:15.723Z', 'age': 8}, 'phone': '06-9575-8383', 'cell': '0491-353-585', 'id': {'name': 'TFN', 'value': '354502008'}, 'picture': {'large': 'https://randomuser.me/api/portraits/women/18.jpg', 'medium': 'https://randomuser.me/api/portraits/med/women/18.jpg', 'thumbnail': 'https://randomuser.me/api/portraits/thumb/women/18.jpg'}, 'nat': 'AU'}], 'info': {'seed': 'b69d2347b2ac5eac', 'results': 1, 'page': 1, 'version': '1.4'}}</msg>
<arg>${json_data}</arg>
<doc>Logs the given message with the given level.</doc>
<status status="PASS" start="2024-06-15T04:18:49.381079" elapsed="0.000222"/>
</kw>
<kw name="Should Be Equal As Numbers" owner="BuiltIn">
<arg>${json_data['results'][0]['location']['postcode']}</arg>
<arg>${json_data['results'][0]['location']['postcode']}</arg>
<doc>Fails if objects are unequal after converting them to real numbers.</doc>
<status status="PASS" start="2024-06-15T04:18:49.381661" elapsed="0.000626"/>
</kw>
<kw name="Log" owner="BuiltIn">
<msg time="2024-06-15T04:18:49.382819" level="INFO">2279</msg>
<arg>${json_data['results'][0]['location']['postcode']}</arg>
<doc>Logs the given message with the given level.</doc>
<status status="PASS" start="2024-06-15T04:18:49.382481" elapsed="0.000378"/>
</kw>
<status status="PASS" start="2024-06-15T04:18:49.292154" elapsed="0.090986"/>
</kw>
<doc>Testa se os tipos de dados na resposta da API estão corretos.</doc>
<tag>testeTiposDados</tag>
<status status="PASS" start="2024-06-15T04:18:49.179922" elapsed="0.203386"/>
</test>
<test id="s1-s1-t5" name="Validar conteudo" line="35">
<kw name="Teste de Tipos de Conteudo" owner="random-user-service">
<kw name="GET On Session" owner="RequestsLibrary">
<msg time="2024-06-15T04:18:49.482324" level="INFO">GET Request : url=https://randomuser.me/api 
 path_url=/api 
 headers={'User-Agent': 'python-requests/2.32.3', 'Accept-Encoding': 'gzip, deflate', 'Accept': '*/*', 'Connection': 'keep-alive'} 
 body=None 
 </msg>
<msg time="2024-06-15T04:18:49.482424" level="INFO">GET Response : url=https://randomuser.me/api 
 status=200, reason=OK 
 headers={'Date': 'Sat, 15 Jun 2024 04:18:49 GMT', 'Content-Type': 'application/json; charset=utf-8', 'Transfer-Encoding': 'chunked', 'Connection': 'keep-alive', 'X-Powered-By': 'Express', 'Access-Control-Allow-Origin': '*', 'Cache-Control': 'no-cache', 'ETag': 'W/"4a1-3menfZqln4B9oRnwd0e1u/zbzcg"', 'Vary': 'Accept-Encoding', 'Content-Encoding': 'gzip', 'CF-Cache-Status': 'DYNAMIC', 'Report-To': '{"endpoints":[{"url":"https:\\/\\/a.nel.cloudflare.com\\/report\\/v4?s=OU8ktd%2BObMmto5jyiG6BT4QpZuP0c%2FKWIW9%2Fmd36D0k%2F7gyI82QWxPODR7m68sDCoR43F5FYPRmgx%2B05BnCfa%2FFndIhA5xSItwZRh7JBY2XXJbDM7p%2BK8ILu%2BXllnEPn"}],"group":"cf-nel","max_age":604800}', 'NEL': '{"success_fraction":0,"report_to":"cf-nel","max_age":604800}', 'Server': 'cloudflare', 'CF-RAY': '893fc222ad0a67a9-SJC', 'alt-svc': 'h3=":443"; ma=86400'} 
 body={"results":[{"gender":"female","name":{"title":"Mrs","first":"Mika","last":"Sanches"},"location":{"street":{"number":8158,"name":"Hof van Leerbroek"},"city":"Teteringen","state":"Limburg","country":"Netherlands","postcode":"6320 WV","coordinates":{"latitude":"33.8406","longitude":"134.4817"},"timezone":{"offset":"+1:00","description":"Brussels, Copenhagen, Madrid, Paris"}},"email":"mika.sanches@example.com","login":{"uuid":"a967dbd7-fb95-4e5d-b6ba-5016759b16fb","username":"purplegoose119","password":"qwert40","salt":"RMv6u29B","md5":"c7296edf64cd9b985a0bc2a3ef57081d","sha1":"107f0a141e31e66ff8398ac257cfcea5f012e68e","sha256":"ccba010956b185db4c470f6ccf766937af3818c99bb46395e54f3b9fdcf2de7d"},"dob":{"date":"1948-12-23T00:32:37.436Z","age":75},"registered":{"date":"2010-02-25T04:33:39.012Z","age":14},"phone":"(0997) 940077","cell":"(06) 20155377","id":{"name":"BSN","value":"60347024"},"picture":{"large":"https://randomuser.me/api/portraits/women/46.jpg","medium":"https://randomuser.me/api/portraits/med/women/46.jpg","thumbnail":"https://randomuser.me/api/portraits/thumb/women/46.jpg"},"nat":"NL"}],"info":{"seed":"68855486a600cc2d","results":1,"page":1,"version":"1.4"}} 
 </msg>
<msg time="2024-06-15T04:18:49.482498" level="INFO">/opt/hostedtoolcache/Python/3.12.3/x64/lib/python3.12/site-packages/urllib3/connectionpool.py:1103: InsecureRequestWarning: Unverified HTTPS request is being made to host 'randomuser.me'. Adding certificate verification is strongly advised. See: https://urllib3.readthedocs.io/en/latest/advanced-usage.html#tls-warnings
  warnings.warn(</msg>
<msg time="2024-06-15T04:18:49.482625" level="INFO">${response} = &lt;Response [200]&gt;</msg>
<var>${response}</var>
<arg>consultarAPI</arg>
<arg>/api</arg>
<doc>Sends a GET request on a previously created HTTP Session.</doc>
<status status="PASS" start="2024-06-15T04:18:49.385868" elapsed="0.096801"/>
</kw>
<kw name="Set Variable" owner="BuiltIn">
<msg time="2024-06-15T04:18:49.483689" level="INFO">${json_data} = {'results': [{'gender': 'female', 'name': {'title': 'Mrs', 'first': 'Mika', 'last': 'Sanches'}, 'location': {'street': {'number': 8158, 'name': 'Hof van Leerbroek'}, 'city': 'Teteringen', 'state': 'Li...</msg>
<var>${json_data}</var>
<arg>${response.json()}</arg>
<doc>Returns the given values which can then be assigned to a variables.</doc>
<status status="PASS" start="2024-06-15T04:18:49.483166" elapsed="0.000553"/>
</kw>
<kw name="Set Variable" owner="BuiltIn">
<msg time="2024-06-15T04:18:49.484464" level="INFO">${name_title} = Mrs</msg>
<var>${name_title}</var>
<arg>${json_data["results"][0]["name"]["title"]}</arg>
<doc>Returns the given values which can then be assigned to a variables.</doc>
<status status="PASS" start="2024-06-15T04:18:49.484032" elapsed="0.000459"/>
</kw>
<kw name="Create List" owner="BuiltIn">
<msg time="2024-06-15T04:18:49.484960" level="INFO">${allowed_titles} = ['Mr', 'Ms', 'Miss', 'Mrs', 'Madame', 'Monsieur']</msg>
<var>${allowed_titles}</var>
<arg>Mr</arg>
<arg>Ms</arg>
<arg>Miss</arg>
<arg>Mrs</arg>
<arg>Madame</arg>
<arg>Monsieur</arg>
<doc>Returns a list containing given items.</doc>
<status status="PASS" start="2024-06-15T04:18:49.484805" elapsed="0.000180"/>
</kw>
<kw name="List Should Contain Value" owner="Collections">
<arg>${allowed_titles}</arg>
<arg>${name_title}</arg>
<doc>Fails if the ``value`` is not found from ``list``.</doc>
<status status="PASS" start="2024-06-15T04:18:49.485340" elapsed="0.000185"/>
</kw>
<kw name="Set Variable" owner="BuiltIn">
<msg time="2024-06-15T04:18:49.486095" level="INFO">${name_country} = NL</msg>
<var>${name_country}</var>
<arg>${json_data["results"][0]["nat"]}</arg>
<doc>Returns the given values which can then be assigned to a variables.</doc>
<status status="PASS" start="2024-06-15T04:18:49.485711" elapsed="0.000410"/>
</kw>
<kw name="Create List" owner="BuiltIn">
<msg time="2024-06-15T04:18:49.487063" level="INFO">${list_country} = ['AD', 'AE', 'AF', 'AG', 'AI', 'AL', 'AM', 'AO', 'AQ', 'AR', 'AS', 'AT', 'AU', 'AW', 'AX', 'AZ', 'BA', 'BB', 'BD', 'BE', 'BF', 'BG', 'BH', 'BI', 'BJ', 'BL', 'BM', 'BN', 'BO', 'BQ', 'BR', 'BS', 'BT', '...</msg>
<var>${list_country}</var>
<arg>AD</arg>
<arg>AE</arg>
<arg>AF</arg>
<arg>AG</arg>
<arg>AI</arg>
<arg>AL</arg>
<arg>AM</arg>
<arg>AO</arg>
<arg>AQ</arg>
<arg>AR</arg>
<arg>AS</arg>
<arg>AT</arg>
<arg>AU</arg>
<arg>AW</arg>
<arg>AX</arg>
<arg>AZ</arg>
<arg>BA</arg>
<arg>BB</arg>
<arg>BD</arg>
<arg>BE</arg>
<arg>BF</arg>
<arg>BG</arg>
<arg>BH</arg>
<arg>BI</arg>
<arg>BJ</arg>
<arg>BL</arg>
<arg>BM</arg>
<arg>BN</arg>
<arg>BO</arg>
<arg>BQ</arg>
<arg>BR</arg>
<arg>BS</arg>
<arg>BT</arg>
<arg>BV</arg>
<arg>BW</arg>
<arg>BY</arg>
<arg>BZ</arg>
<arg>CA</arg>
<arg>CC</arg>
<arg>CD</arg>
<arg>CF</arg>
<arg>CG</arg>
<arg>CH</arg>
<arg>CI</arg>
<arg>CK</arg>
<arg>CL</arg>
<arg>CM</arg>
<arg>CN</arg>
<arg>CO</arg>
<arg>CR</arg>
<arg>CU</arg>
<arg>CV</arg>
<arg>CW</arg>
<arg>CX</arg>
<arg>CY</arg>
<arg>CZ</arg>
<arg>DE</arg>
<arg>DJ</arg>
<arg>DK</arg>
<arg>DM</arg>
<arg>DO</arg>
<arg>DZ</arg>
<arg>EC</arg>
<arg>EE</arg>
<arg>EG</arg>
<arg>EH</arg>
<arg>ER</arg>
<arg>ES</arg>
<arg>ET</arg>
<arg>FI</arg>
<arg>FJ</arg>
<arg>FK</arg>
<arg>FM</arg>
<arg>FO</arg>
<arg>FR</arg>
<arg>GA</arg>
<arg>GB</arg>
<arg>GD</arg>
<arg>GE</arg>
<arg>GF</arg>
<arg>GG</arg>
<arg>GH</arg>
<arg>GI</arg>
<arg>GL</arg>
<arg>GM</arg>
<arg>GN</arg>
<arg>GP</arg>
<arg>GQ</arg>
<arg>GR</arg>
<arg>GS</arg>
<arg>GT</arg>
<arg>GU</arg>
<arg>GW</arg>
<arg>GY</arg>
<arg>HK</arg>
<arg>HM</arg>
<arg>HN</arg>
<arg>HR</arg>
<arg>HT</arg>
<arg>HU</arg>
<arg>ID</arg>
<arg>IE</arg>
<arg>IL</arg>
<arg>IM</arg>
<arg>IN</arg>
<arg>IO</arg>
<arg>IQ</arg>
<arg>IR</arg>
<arg>IS</arg>
<arg>IT</arg>
<arg>JE</arg>
<arg>JM</arg>
<arg>JO</arg>
<arg>JP</arg>
<arg>KE</arg>
<arg>KG</arg>
<arg>KH</arg>
<arg>KI</arg>
<arg>KM</arg>
<arg>KN</arg>
<arg>KP</arg>
<arg>KR</arg>
<arg>KW</arg>
<arg>KY</arg>
<arg>KZ</arg>
<arg>LA</arg>
<arg>LB</arg>
<arg>LC</arg>
<arg>LI</arg>
<arg>LK</arg>
<arg>LR</arg>
<arg>LS</arg>
<arg>LT</arg>
<arg>LU</arg>
<arg>LV</arg>
<arg>LY</arg>
<arg>MA</arg>
<arg>MC</arg>
<arg>MD</arg>
<arg>ME</arg>
<arg>MF</arg>
<arg>MG</arg>
<arg>MH</arg>
<arg>MK</arg>
<arg>ML</arg>
<arg>MM</arg>
<arg>MN</arg>
<arg>MO</arg>
<arg>MP</arg>
<arg>MQ</arg>
<arg>MR</arg>
<arg>MS</arg>
<arg>MT</arg>
<arg>MU</arg>
<arg>MV</arg>
<arg>MW</arg>
<arg>MX</arg>
<arg>MY</arg>
<arg>MZ</arg>
<arg>NA</arg>
<arg>NC</arg>
<arg>NE</arg>
<arg>NF</arg>
<arg>NG</arg>
<arg>NI</arg>
<arg>NL</arg>
<arg>NO</arg>
<arg>NP</arg>
<arg>NR</arg>
<arg>NU</arg>
<arg>NZ</arg>
<arg>OM</arg>
<arg>PA</arg>
<arg>PE</arg>
<arg>PF</arg>
<arg>PG</arg>
<arg>PH</arg>
<arg>PK</arg>
<arg>PL</arg>
<arg>PM</arg>
<arg>PN</arg>
<arg>PR</arg>
<arg>PS</arg>
<arg>PT</arg>
<arg>PW</arg>
<arg>PY</arg>
<arg>QA</arg>
<arg>RE</arg>
<arg>RO</arg>
<arg>RS</arg>
<arg>RU</arg>
<arg>RW</arg>
<arg>SA</arg>
<arg>SB</arg>
<arg>SC</arg>
<arg>SD</arg>
<arg>SE</arg>
<arg>SG</arg>
<arg>SH</arg>
<arg>SI</arg>
<arg>SJ</arg>
<arg>SK</arg>
<arg>SL</arg>
<arg>SM</arg>
<arg>SN</arg>
<arg>SO</arg>
<arg>SR</arg>
<arg>SS</arg>
<arg>ST</arg>
<arg>SV</arg>
<arg>SX</arg>
<arg>SY</arg>
<arg>SZ</arg>
<arg>TC</arg>
<arg>TD</arg>
<arg>TF</arg>
<arg>TG</arg>
<arg>TH</arg>
<arg>TJ</arg>
<arg>TK</arg>
<arg>TL</arg>
<arg>TM</arg>
<arg>TN</arg>
<arg>TO</arg>
<arg>TR</arg>
<arg>TT</arg>
<arg>TV</arg>
<arg>TW</arg>
<arg>TZ</arg>
<arg>UA</arg>
<arg>UG</arg>
<arg>UM</arg>
<arg>US</arg>
<arg>UY</arg>
<arg>UZ</arg>
<arg>VA</arg>
<arg>VC</arg>
<arg>VE</arg>
<arg>VG</arg>
<arg>VI</arg>
<arg>VN</arg>
<arg>VU</arg>
<arg>WF</arg>
<arg>WS</arg>
<arg>XK</arg>
<arg>YE</arg>
<arg>YT</arg>
<arg>ZA</arg>
<arg>ZM</arg>
<arg>ZW</arg>
<doc>Returns a list containing given items.</doc>
<status status="PASS" start="2024-06-15T04:18:49.486458" elapsed="0.000636"/>
</kw>
<kw name="List Should Contain Value" owner="Collections">
<arg>${list_country}</arg>
<arg>${name_country}</arg>
<doc>Fails if the ``value`` is not found from ``list``.</doc>
<status status="PASS" start="2024-06-15T04:18:49.487902" elapsed="0.000209"/>
</kw>
<kw name="Run Keyword If" owner="BuiltIn">
<kw name="Should Be True" owner="BuiltIn">
<arg>${True}</arg>
<doc>Fails if the given condition is not true.</doc>
<status status="PASS" start="2024-06-15T04:18:49.489230" elapsed="0.000150"/>
</kw>
<arg>${json_data["results"][0]["location"]["coordinates"]["latitude"]} &gt;= -90 and ${json_data["results"][0]["location"]["coordinates"]["latitude"]} &lt;= 90</arg>
<arg>Should Be True</arg>
<arg>${True}</arg>
<doc>Runs the given keyword with the given arguments, if ``condition`` is true.</doc>
<status status="PASS" start="2024-06-15T04:18:49.488310" elapsed="0.001199"/>
</kw>
<kw name="Run Keyword If" owner="BuiltIn">
<kw name="Should Be True" owner="BuiltIn">
<arg>${True}</arg>
<doc>Fails if the given condition is not true.</doc>
<status status="PASS" start="2024-06-15T04:18:49.490393" elapsed="0.000141"/>
</kw>
<arg>${json_data["results"][0]["location"]["coordinates"]["longitude"]} &gt;= -180 and ${json_data["results"][0]["location"]["coordinates"]["longitude"]} &lt;= 180</arg>
<arg>Should Be True</arg>
<arg>${True}</arg>
<doc>Runs the given keyword with the given arguments, if ``condition`` is true.</doc>
<status status="PASS" start="2024-06-15T04:18:49.489694" elapsed="0.000966"/>
</kw>
<status status="PASS" start="2024-06-15T04:18:49.385636" elapsed="0.105159"/>
</kw>
<doc>Testa o conteúdo específico dos campos retornados pela API.</doc>
<tag>testeConteudo</tag>
<status status="PASS" start="2024-06-15T04:18:49.385124" elapsed="0.105826"/>
</test>
<status status="PASS" start="2024-06-15T04:18:48.475019" elapsed="1.017923"/>
</suite>
<status status="PASS" start="2024-06-15T04:18:48.460563" elapsed="1.037486"/>
</suite>
<statistics>
<total>
<stat pass="5" fail="0" skip="0">All Tests</stat>
</total>
<tag>
<stat pass="1" fail="0" skip="0">testeConteudo</stat>
<stat pass="1" fail="0" skip="0">testeEstruturaResposta</stat>
<stat pass="1" fail="0" skip="0">testeRequisicaoBasica</stat>
<stat pass="1" fail="0" skip="0">testeTiposDados</stat>
</tag>
<suite>
<stat pass="5" fail="0" skip="0" id="s1" name="Tests">Tests</stat>
<stat pass="5" fail="0" skip="0" id="s1-s1" name="Random-User-Test">Tests.Random-User-Test</stat>
</suite>
</statistics>
<errors>
</errors>
</robot>
