<?xml version="1.0" encoding="UTF-8"?>
<robot generator="Robot 7.0 (Python 3.12.3 on linux)" generated="2024-04-28T14:11:37.083326" rpa="false" schemaversion="5">
<suite id="s1" name="Tests" source="/home/runner/work/DesafioQAItauRogerioJordao/DesafioQAItauRogerioJordao/RamdonUser/tests">
<suite id="s1-s1" name="Random-User-Test" source="/home/runner/work/DesafioQAItauRogerioJordao/DesafioQAItauRogerioJordao/RamdonUser/tests/random-user-test.robot">
<test id="s1-s1-t1" name="Conectar" line="13">
<kw name="Conectar API" owner="random-user-service">
<kw name="Create Session" owner="RequestsLibrary">
<msg time="2024-04-28T14:11:37.444940" level="INFO">Creating Session using : alias=consultarAPI, url=https://randomuser.me/, headers={},                     cookies={}, auth=None, timeout=None, proxies=None, verify=False,                     debug=0 </msg>
<arg>consultarAPI</arg>
<arg>${URL}</arg>
<doc>Create Session: create a HTTP session to a server</doc>
<status status="PASS" start="2024-04-28T14:11:37.444739" elapsed="0.000397"/>
</kw>
<status status="PASS" start="2024-04-28T14:11:37.443767" elapsed="0.001738"/>
</kw>
<status status="PASS" start="2024-04-28T14:11:37.443232" elapsed="0.002469"/>
</test>
<test id="s1-s1-t2" name="Validar retorno 200 e JSON Válido" line="16">
<kw name="Teste de Requisicao Basica" owner="random-user-service">
<kw name="GET On Session" owner="RequestsLibrary">
<msg time="2024-04-28T14:11:37.796043" level="INFO">GET Request : url=https://randomuser.me/api 
 path_url=/api 
 headers={'User-Agent': 'python-requests/2.31.0', 'Accept-Encoding': 'gzip, deflate', 'Accept': '*/*', 'Connection': 'keep-alive'} 
 body=None 
 </msg>
<msg time="2024-04-28T14:11:37.796171" level="INFO">GET Response : url=https://randomuser.me/api 
 status=200, reason=OK 
 headers={'Date': 'Sun, 28 Apr 2024 14:11:37 GMT', 'Content-Type': 'application/json; charset=utf-8', 'Transfer-Encoding': 'chunked', 'Connection': 'keep-alive', 'X-Powered-By': 'Express', 'Access-Control-Allow-Origin': '*', 'Cache-Control': 'no-cache', 'ETag': 'W/"49e-kC6xuo0b31A+kvuZQ8eFCiWaEYQ"', 'Vary': 'Accept-Encoding', 'Content-Encoding': 'gzip', 'CF-Cache-Status': 'DYNAMIC', 'Report-To': '{"endpoints":[{"url":"https:\\/\\/a.nel.cloudflare.com\\/report\\/v4?s=sAOxYvY6LorBThK60pERireoOqDlQVqgNQNbj4mjRXWBmZaD%2BBG6xnIKWL8jL52D7wgCcUHcoRehHoXjTIkcUmXdelbjLYTZNOrXVYs2tWUj1hSdaQ%2Bk87LkPN%2FaBkPQ"}],"group":"cf-nel","max_age":604800}', 'NEL': '{"success_fraction":0,"report_to":"cf-nel","max_age":604800}', 'Server': 'cloudflare', 'CF-RAY': '87b7a4804ef63ae7-IAD', 'alt-svc': 'h3=":443"; ma=86400'} 
 body={"results":[{"gender":"female","name":{"title":"Ms","first":"Nellie","last":"George"},"location":{"street":{"number":7628,"name":"Camden Ave"},"city":"Tacoma","state":"Texas","country":"United States","postcode":41712,"coordinates":{"latitude":"87.6928","longitude":"105.0087"},"timezone":{"offset":"+3:00","description":"Baghdad, Riyadh, Moscow, St. Petersburg"}},"email":"nellie.george@example.com","login":{"uuid":"b4b8c1ed-564d-496f-9be4-bdf46fda59d3","username":"crazypeacock865","password":"theforce","salt":"zs1LA7vR","md5":"8fdf63bb55c70eb3f93da4bd3e127dc0","sha1":"ef666ba7ce11b11c3332c99c29472bab36d91bc6","sha256":"446b6dc49f2075ef5c477a9492dbdb4f3d3ef3e8c9bfb6ca3af707dfeb614a9c"},"dob":{"date":"1999-10-02T23:55:25.313Z","age":24},"registered":{"date":"2008-07-06T08:43:07.899Z","age":15},"phone":"(986) 458-1510","cell":"(934) 222-6457","id":{"name":"SSN","value":"383-33-1916"},"picture":{"large":"https://randomuser.me/api/portraits/women/38.jpg","medium":"https://randomuser.me/api/portraits/med/women/38.jpg","thumbnail":"https://randomuser.me/api/portraits/thumb/women/38.jpg"},"nat":"US"}],"info":{"seed":"8589e3d4bf669c84","results":1,"page":1,"version":"1.4"}} 
 </msg>
<msg time="2024-04-28T14:11:37.796243" level="INFO">/opt/hostedtoolcache/Python/3.12.3/x64/lib/python3.12/site-packages/urllib3/connectionpool.py:1103: InsecureRequestWarning: Unverified HTTPS request is being made to host 'randomuser.me'. Adding certificate verification is strongly advised. See: https://urllib3.readthedocs.io/en/latest/advanced-usage.html#tls-warnings
  warnings.warn(</msg>
<msg time="2024-04-28T14:11:37.796392" level="INFO">${response} = &lt;Response [200]&gt;</msg>
<var>${response}</var>
<arg>consultarAPI</arg>
<arg>/api</arg>
<doc>Sends a GET request on a previously created HTTP Session.</doc>
<status status="PASS" start="2024-04-28T14:11:37.448363" elapsed="0.348070"/>
</kw>
<kw name="Should Be Equal As Numbers" owner="BuiltIn">
<msg time="2024-04-28T14:11:37.797503" level="INFO">Argument types are:
&lt;class 'int'&gt;
&lt;class 'str'&gt;</msg>
<arg>${response.status_code}</arg>
<arg>200</arg>
<doc>Fails if objects are unequal after converting them to real numbers.</doc>
<status status="PASS" start="2024-04-28T14:11:37.797024" elapsed="0.000541"/>
</kw>
<kw name="Log" owner="BuiltIn">
<msg time="2024-04-28T14:11:37.798314" level="INFO">200</msg>
<arg>${response.status_code}</arg>
<doc>Logs the given message with the given level.</doc>
<status status="PASS" start="2024-04-28T14:11:37.797906" elapsed="0.000452"/>
</kw>
<kw name="Set Variable" owner="BuiltIn">
<msg time="2024-04-28T14:11:37.799095" level="INFO">${json_data} = {'results': [{'gender': 'female', 'name': {'title': 'Ms', 'first': 'Nellie', 'last': 'George'}, 'location': {'street': {'number': 7628, 'name': 'Camden Ave'}, 'city': 'Tacoma', 'state': 'Texas', 'coun...</msg>
<var>${json_data}</var>
<arg>${response.json()}</arg>
<doc>Returns the given values which can then be assigned to a variables.</doc>
<status status="PASS" start="2024-04-28T14:11:37.798664" elapsed="0.000458"/>
</kw>
<kw name="Dictionary Should Contain Key" owner="Collections">
<msg time="2024-04-28T14:11:37.799601" level="INFO">False</msg>
<arg>${json_data}</arg>
<arg>results</arg>
<doc>Fails if ``key`` is not found from ``dictionary``.</doc>
<status status="PASS" start="2024-04-28T14:11:37.799426" elapsed="0.000214"/>
</kw>
<status status="PASS" start="2024-04-28T14:11:37.448117" elapsed="0.351777"/>
</kw>
<doc>Testa se a API responde corretamente e retorna um objeto JSON válido.</doc>
<tag>testeRequisicaoBasica</tag>
<status status="PASS" start="2024-04-28T14:11:37.447657" elapsed="0.352414"/>
</test>
<test id="s1-s1-t3" name="Validar estrutura de resposta" line="22">
<kw name="Teste de Estrutura de Resposta" owner="random-user-service">
<kw name="GET On Session" owner="RequestsLibrary">
<msg time="2024-04-28T14:11:37.838017" level="INFO">GET Request : url=https://randomuser.me/api 
 path_url=/api 
 headers={'User-Agent': 'python-requests/2.31.0', 'Accept-Encoding': 'gzip, deflate', 'Accept': '*/*', 'Connection': 'keep-alive'} 
 body=None 
 </msg>
<msg time="2024-04-28T14:11:37.838081" level="INFO">GET Response : url=https://randomuser.me/api 
 status=200, reason=OK 
 headers={'Date': 'Sun, 28 Apr 2024 14:11:37 GMT', 'Content-Type': 'application/json; charset=utf-8', 'Transfer-Encoding': 'chunked', 'Connection': 'keep-alive', 'X-Powered-By': 'Express', 'Access-Control-Allow-Origin': '*', 'Cache-Control': 'no-cache', 'ETag': 'W/"47a-fCJcDiVp6SShC8g50pJY90ReANU"', 'Vary': 'Accept-Encoding', 'Content-Encoding': 'gzip', 'CF-Cache-Status': 'DYNAMIC', 'Report-To': '{"endpoints":[{"url":"https:\\/\\/a.nel.cloudflare.com\\/report\\/v4?s=QtacgIZ6Fb66oYIGqEeeAyq70hq6TirMXFKgdHg8%2F7QWlJXK8dhx3Z6MMfIreQf85MElI9TC5QHuIjgMTY4fhjkhNMibE%2FzisIEHLZCibjIPcX4pXrySbbjxlfufU1%2Fh"}],"group":"cf-nel","max_age":604800}', 'NEL': '{"success_fraction":0,"report_to":"cf-nel","max_age":604800}', 'Server': 'cloudflare', 'CF-RAY': '87b7a48148543ae7-IAD', 'alt-svc': 'h3=":443"; ma=86400'} 
 body={"results":[{"gender":"male","name":{"title":"Mr","first":"Ladolyub","last":"Gomza"},"location":{"street":{"number":364,"name":"Ploshcha imeni Arutyunova S. G."},"city":"Zhovkva","state":"Hersonska","country":"Ukraine","postcode":40817,"coordinates":{"latitude":"80.8270","longitude":"-97.0038"},"timezone":{"offset":"-10:00","description":"Hawaii"}},"email":"ladolyub.gomza@example.com","login":{"uuid":"7310b4d5-d602-4572-978b-1b3a87f391ef","username":"lazypanda156","password":"hrfzlz","salt":"2ybjuChJ","md5":"9282d311e4e8b4b687de3abd1301bd92","sha1":"5c39f746ac84daf2e243e86d7b8c71a2d52973ad","sha256":"c088394a7cb5131ca22a5a4bb87f66f2ae98c4b05338235c524bac8135af66ee"},"dob":{"date":"1985-03-14T05:07:31.437Z","age":39},"registered":{"date":"2006-03-14T16:22:32.000Z","age":18},"phone":"(096) L92-5199","cell":"(068) E19-8123","id":{"name":"","value":null},"picture":{"large":"https://randomuser.me/api/portraits/men/67.jpg","medium":"https://randomuser.me/api/portraits/med/men/67.jpg","thumbnail":"https://randomuser.me/api/portraits/thumb/men/67.jpg"},"nat":"UA"}],"info":{"seed":"ca16d2445636793f","results":1,"page":1,"version":"1.4"}} 
 </msg>
<msg time="2024-04-28T14:11:37.838171" level="INFO">/opt/hostedtoolcache/Python/3.12.3/x64/lib/python3.12/site-packages/urllib3/connectionpool.py:1103: InsecureRequestWarning: Unverified HTTPS request is being made to host 'randomuser.me'. Adding certificate verification is strongly advised. See: https://urllib3.readthedocs.io/en/latest/advanced-usage.html#tls-warnings
  warnings.warn(</msg>
<msg time="2024-04-28T14:11:37.838289" level="INFO">${response} = &lt;Response [200]&gt;</msg>
<var>${response}</var>
<arg>consultarAPI</arg>
<arg>/api</arg>
<doc>Sends a GET request on a previously created HTTP Session.</doc>
<status status="PASS" start="2024-04-28T14:11:37.802729" elapsed="0.035601"/>
</kw>
<kw name="Set Variable" owner="BuiltIn">
<msg time="2024-04-28T14:11:37.839319" level="INFO">${json_data} = {'results': [{'gender': 'male', 'name': {'title': 'Mr', 'first': 'Ladolyub', 'last': 'Gomza'}, 'location': {'street': {'number': 364, 'name': 'Ploshcha imeni Arutyunova S. G.'}, 'city': 'Zhovkva', 'st...</msg>
<var>${json_data}</var>
<arg>${response.json()}</arg>
<doc>Returns the given values which can then be assigned to a variables.</doc>
<status status="PASS" start="2024-04-28T14:11:37.838772" elapsed="0.000576"/>
</kw>
<kw name="Log" owner="BuiltIn">
<msg time="2024-04-28T14:11:37.839808" level="INFO">{'results': [{'gender': 'male', 'name': {'title': 'Mr', 'first': 'Ladolyub', 'last': 'Gomza'}, 'location': {'street': {'number': 364, 'name': 'Ploshcha imeni Arutyunova S. G.'}, 'city': 'Zhovkva', 'state': 'Hersonska', 'country': 'Ukraine', 'postcode': 40817, 'coordinates': {'latitude': '80.8270', 'longitude': '-97.0038'}, 'timezone': {'offset': '-10:00', 'description': 'Hawaii'}}, 'email': 'ladolyub.gomza@example.com', 'login': {'uuid': '7310b4d5-d602-4572-978b-1b3a87f391ef', 'username': 'lazypanda156', 'password': 'hrfzlz', 'salt': '2ybjuChJ', 'md5': '9282d311e4e8b4b687de3abd1301bd92', 'sha1': '5c39f746ac84daf2e243e86d7b8c71a2d52973ad', 'sha256': 'c088394a7cb5131ca22a5a4bb87f66f2ae98c4b05338235c524bac8135af66ee'}, 'dob': {'date': '1985-03-14T05:07:31.437Z', 'age': 39}, 'registered': {'date': '2006-03-14T16:22:32.000Z', 'age': 18}, 'phone': '(096) L92-5199', 'cell': '(068) E19-8123', 'id': {'name': '', 'value': None}, 'picture': {'large': 'https://randomuser.me/api/portraits/men/67.jpg', 'medium': 'https://randomuser.me/api/portraits/med/men/67.jpg', 'thumbnail': 'https://randomuser.me/api/portraits/thumb/men/67.jpg'}, 'nat': 'UA'}], 'info': {'seed': 'ca16d2445636793f', 'results': 1, 'page': 1, 'version': '1.4'}}</msg>
<arg>${json_data}</arg>
<doc>Logs the given message with the given level.</doc>
<status status="PASS" start="2024-04-28T14:11:37.839652" elapsed="0.000203"/>
</kw>
<kw name="Dictionary Should Contain Key" owner="Collections">
<msg time="2024-04-28T14:11:37.840301" level="INFO">False</msg>
<arg>${json_data}</arg>
<arg>results</arg>
<doc>Fails if ``key`` is not found from ``dictionary``.</doc>
<status status="PASS" start="2024-04-28T14:11:37.840147" elapsed="0.000190"/>
</kw>
<kw name="Should Not Be Empty" owner="BuiltIn">
<msg time="2024-04-28T14:11:37.840789" level="INFO">Length is 2.</msg>
<arg>${json_data}</arg>
<doc>Verifies that the given item is not empty.</doc>
<status status="PASS" start="2024-04-28T14:11:37.840658" elapsed="0.000295"/>
</kw>
<kw name="Create List" owner="BuiltIn">
<msg time="2024-04-28T14:11:37.841413" level="INFO">${expected_keys} = ['gender', 'name', 'location', 'email', 'login']</msg>
<var>${expected_keys}</var>
<arg>gender</arg>
<arg>name</arg>
<arg>location</arg>
<arg>email</arg>
<arg>login</arg>
<doc>Returns a list containing given items.</doc>
<status status="PASS" start="2024-04-28T14:11:37.841262" elapsed="0.000175"/>
</kw>
<for flavor="IN">
<iter>
<kw name="Dictionary Should Contain Key" owner="Collections">
<msg time="2024-04-28T14:11:37.842445" level="INFO">False</msg>
<arg>${json_data['results'][0]}</arg>
<arg>${key}</arg>
<doc>Fails if ``key`` is not found from ``dictionary``.</doc>
<status status="PASS" start="2024-04-28T14:11:37.842009" elapsed="0.000475"/>
</kw>
<kw name="Log" owner="BuiltIn">
<msg time="2024-04-28T14:11:37.843156" level="INFO">{'gender': 'male', 'name': {'title': 'Mr', 'first': 'Ladolyub', 'last': 'Gomza'}, 'location': {'street': {'number': 364, 'name': 'Ploshcha imeni Arutyunova S. G.'}, 'city': 'Zhovkva', 'state': 'Hersonska', 'country': 'Ukraine', 'postcode': 40817, 'coordinates': {'latitude': '80.8270', 'longitude': '-97.0038'}, 'timezone': {'offset': '-10:00', 'description': 'Hawaii'}}, 'email': 'ladolyub.gomza@example.com', 'login': {'uuid': '7310b4d5-d602-4572-978b-1b3a87f391ef', 'username': 'lazypanda156', 'password': 'hrfzlz', 'salt': '2ybjuChJ', 'md5': '9282d311e4e8b4b687de3abd1301bd92', 'sha1': '5c39f746ac84daf2e243e86d7b8c71a2d52973ad', 'sha256': 'c088394a7cb5131ca22a5a4bb87f66f2ae98c4b05338235c524bac8135af66ee'}, 'dob': {'date': '1985-03-14T05:07:31.437Z', 'age': 39}, 'registered': {'date': '2006-03-14T16:22:32.000Z', 'age': 18}, 'phone': '(096) L92-5199', 'cell': '(068) E19-8123', 'id': {'name': '', 'value': None}, 'picture': {'large': 'https://randomuser.me/api/portraits/men/67.jpg', 'medium': 'https://randomuser.me/api/portraits/med/men/67.jpg', 'thumbnail': 'https://randomuser.me/api/portraits/thumb/men/67.jpg'}, 'nat': 'UA'}</msg>
<arg>${json_data['results'][0]}</arg>
<doc>Logs the given message with the given level.</doc>
<status status="PASS" start="2024-04-28T14:11:37.842791" elapsed="0.000412"/>
</kw>
<kw name="Log" owner="BuiltIn">
<msg time="2024-04-28T14:11:37.843620" level="INFO">gender</msg>
<arg>${key}</arg>
<doc>Logs the given message with the given level.</doc>
<status status="PASS" start="2024-04-28T14:11:37.843494" elapsed="0.000162"/>
</kw>
<var name="${key}">gender</var>
<status status="PASS" start="2024-04-28T14:11:37.841885" elapsed="0.001983"/>
</iter>
<iter>
<kw name="Dictionary Should Contain Key" owner="Collections">
<msg time="2024-04-28T14:11:37.844561" level="INFO">False</msg>
<arg>${json_data['results'][0]}</arg>
<arg>${key}</arg>
<doc>Fails if ``key`` is not found from ``dictionary``.</doc>
<status status="PASS" start="2024-04-28T14:11:37.844166" elapsed="0.000432"/>
</kw>
<kw name="Log" owner="BuiltIn">
<msg time="2024-04-28T14:11:37.845282" level="INFO">{'gender': 'male', 'name': {'title': 'Mr', 'first': 'Ladolyub', 'last': 'Gomza'}, 'location': {'street': {'number': 364, 'name': 'Ploshcha imeni Arutyunova S. G.'}, 'city': 'Zhovkva', 'state': 'Hersonska', 'country': 'Ukraine', 'postcode': 40817, 'coordinates': {'latitude': '80.8270', 'longitude': '-97.0038'}, 'timezone': {'offset': '-10:00', 'description': 'Hawaii'}}, 'email': 'ladolyub.gomza@example.com', 'login': {'uuid': '7310b4d5-d602-4572-978b-1b3a87f391ef', 'username': 'lazypanda156', 'password': 'hrfzlz', 'salt': '2ybjuChJ', 'md5': '9282d311e4e8b4b687de3abd1301bd92', 'sha1': '5c39f746ac84daf2e243e86d7b8c71a2d52973ad', 'sha256': 'c088394a7cb5131ca22a5a4bb87f66f2ae98c4b05338235c524bac8135af66ee'}, 'dob': {'date': '1985-03-14T05:07:31.437Z', 'age': 39}, 'registered': {'date': '2006-03-14T16:22:32.000Z', 'age': 18}, 'phone': '(096) L92-5199', 'cell': '(068) E19-8123', 'id': {'name': '', 'value': None}, 'picture': {'large': 'https://randomuser.me/api/portraits/men/67.jpg', 'medium': 'https://randomuser.me/api/portraits/med/men/67.jpg', 'thumbnail': 'https://randomuser.me/api/portraits/thumb/men/67.jpg'}, 'nat': 'UA'}</msg>
<arg>${json_data['results'][0]}</arg>
<doc>Logs the given message with the given level.</doc>
<status status="PASS" start="2024-04-28T14:11:37.844916" elapsed="0.000420"/>
</kw>
<kw name="Log" owner="BuiltIn">
<msg time="2024-04-28T14:11:37.845786" level="INFO">name</msg>
<arg>${key}</arg>
<doc>Logs the given message with the given level.</doc>
<status status="PASS" start="2024-04-28T14:11:37.845658" elapsed="0.000165"/>
</kw>
<var name="${key}">name</var>
<status status="PASS" start="2024-04-28T14:11:37.844052" elapsed="0.001987"/>
</iter>
<iter>
<kw name="Dictionary Should Contain Key" owner="Collections">
<msg time="2024-04-28T14:11:37.846750" level="INFO">False</msg>
<arg>${json_data['results'][0]}</arg>
<arg>${key}</arg>
<doc>Fails if ``key`` is not found from ``dictionary``.</doc>
<status status="PASS" start="2024-04-28T14:11:37.846369" elapsed="0.000418"/>
</kw>
<kw name="Log" owner="BuiltIn">
<msg time="2024-04-28T14:11:37.847444" level="INFO">{'gender': 'male', 'name': {'title': 'Mr', 'first': 'Ladolyub', 'last': 'Gomza'}, 'location': {'street': {'number': 364, 'name': 'Ploshcha imeni Arutyunova S. G.'}, 'city': 'Zhovkva', 'state': 'Hersonska', 'country': 'Ukraine', 'postcode': 40817, 'coordinates': {'latitude': '80.8270', 'longitude': '-97.0038'}, 'timezone': {'offset': '-10:00', 'description': 'Hawaii'}}, 'email': 'ladolyub.gomza@example.com', 'login': {'uuid': '7310b4d5-d602-4572-978b-1b3a87f391ef', 'username': 'lazypanda156', 'password': 'hrfzlz', 'salt': '2ybjuChJ', 'md5': '9282d311e4e8b4b687de3abd1301bd92', 'sha1': '5c39f746ac84daf2e243e86d7b8c71a2d52973ad', 'sha256': 'c088394a7cb5131ca22a5a4bb87f66f2ae98c4b05338235c524bac8135af66ee'}, 'dob': {'date': '1985-03-14T05:07:31.437Z', 'age': 39}, 'registered': {'date': '2006-03-14T16:22:32.000Z', 'age': 18}, 'phone': '(096) L92-5199', 'cell': '(068) E19-8123', 'id': {'name': '', 'value': None}, 'picture': {'large': 'https://randomuser.me/api/portraits/men/67.jpg', 'medium': 'https://randomuser.me/api/portraits/med/men/67.jpg', 'thumbnail': 'https://randomuser.me/api/portraits/thumb/men/67.jpg'}, 'nat': 'UA'}</msg>
<arg>${json_data['results'][0]}</arg>
<doc>Logs the given message with the given level.</doc>
<status status="PASS" start="2024-04-28T14:11:37.847086" elapsed="0.000405"/>
</kw>
<kw name="Log" owner="BuiltIn">
<msg time="2024-04-28T14:11:37.847908" level="INFO">location</msg>
<arg>${key}</arg>
<doc>Logs the given message with the given level.</doc>
<status status="PASS" start="2024-04-28T14:11:37.847784" elapsed="0.000161"/>
</kw>
<var name="${key}">location</var>
<status status="PASS" start="2024-04-28T14:11:37.846239" elapsed="0.001917"/>
</iter>
<iter>
<kw name="Dictionary Should Contain Key" owner="Collections">
<msg time="2024-04-28T14:11:37.848822" level="INFO">False</msg>
<arg>${json_data['results'][0]}</arg>
<arg>${key}</arg>
<doc>Fails if ``key`` is not found from ``dictionary``.</doc>
<status status="PASS" start="2024-04-28T14:11:37.848439" elapsed="0.000420"/>
</kw>
<kw name="Log" owner="BuiltIn">
<msg time="2024-04-28T14:11:37.849509" level="INFO">{'gender': 'male', 'name': {'title': 'Mr', 'first': 'Ladolyub', 'last': 'Gomza'}, 'location': {'street': {'number': 364, 'name': 'Ploshcha imeni Arutyunova S. G.'}, 'city': 'Zhovkva', 'state': 'Hersonska', 'country': 'Ukraine', 'postcode': 40817, 'coordinates': {'latitude': '80.8270', 'longitude': '-97.0038'}, 'timezone': {'offset': '-10:00', 'description': 'Hawaii'}}, 'email': 'ladolyub.gomza@example.com', 'login': {'uuid': '7310b4d5-d602-4572-978b-1b3a87f391ef', 'username': 'lazypanda156', 'password': 'hrfzlz', 'salt': '2ybjuChJ', 'md5': '9282d311e4e8b4b687de3abd1301bd92', 'sha1': '5c39f746ac84daf2e243e86d7b8c71a2d52973ad', 'sha256': 'c088394a7cb5131ca22a5a4bb87f66f2ae98c4b05338235c524bac8135af66ee'}, 'dob': {'date': '1985-03-14T05:07:31.437Z', 'age': 39}, 'registered': {'date': '2006-03-14T16:22:32.000Z', 'age': 18}, 'phone': '(096) L92-5199', 'cell': '(068) E19-8123', 'id': {'name': '', 'value': None}, 'picture': {'large': 'https://randomuser.me/api/portraits/men/67.jpg', 'medium': 'https://randomuser.me/api/portraits/med/men/67.jpg', 'thumbnail': 'https://randomuser.me/api/portraits/thumb/men/67.jpg'}, 'nat': 'UA'}</msg>
<arg>${json_data['results'][0]}</arg>
<doc>Logs the given message with the given level.</doc>
<status status="PASS" start="2024-04-28T14:11:37.849152" elapsed="0.000403"/>
</kw>
<kw name="Log" owner="BuiltIn">
<msg time="2024-04-28T14:11:37.849968" level="INFO">email</msg>
<arg>${key}</arg>
<doc>Logs the given message with the given level.</doc>
<status status="PASS" start="2024-04-28T14:11:37.849844" elapsed="0.000161"/>
</kw>
<var name="${key}">email</var>
<status status="PASS" start="2024-04-28T14:11:37.848330" elapsed="0.001908"/>
</iter>
<iter>
<kw name="Dictionary Should Contain Key" owner="Collections">
<msg time="2024-04-28T14:11:37.850951" level="INFO">False</msg>
<arg>${json_data['results'][0]}</arg>
<arg>${key}</arg>
<doc>Fails if ``key`` is not found from ``dictionary``.</doc>
<status status="PASS" start="2024-04-28T14:11:37.850546" elapsed="0.000441"/>
</kw>
<kw name="Log" owner="BuiltIn">
<msg time="2024-04-28T14:11:37.851649" level="INFO">{'gender': 'male', 'name': {'title': 'Mr', 'first': 'Ladolyub', 'last': 'Gomza'}, 'location': {'street': {'number': 364, 'name': 'Ploshcha imeni Arutyunova S. G.'}, 'city': 'Zhovkva', 'state': 'Hersonska', 'country': 'Ukraine', 'postcode': 40817, 'coordinates': {'latitude': '80.8270', 'longitude': '-97.0038'}, 'timezone': {'offset': '-10:00', 'description': 'Hawaii'}}, 'email': 'ladolyub.gomza@example.com', 'login': {'uuid': '7310b4d5-d602-4572-978b-1b3a87f391ef', 'username': 'lazypanda156', 'password': 'hrfzlz', 'salt': '2ybjuChJ', 'md5': '9282d311e4e8b4b687de3abd1301bd92', 'sha1': '5c39f746ac84daf2e243e86d7b8c71a2d52973ad', 'sha256': 'c088394a7cb5131ca22a5a4bb87f66f2ae98c4b05338235c524bac8135af66ee'}, 'dob': {'date': '1985-03-14T05:07:31.437Z', 'age': 39}, 'registered': {'date': '2006-03-14T16:22:32.000Z', 'age': 18}, 'phone': '(096) L92-5199', 'cell': '(068) E19-8123', 'id': {'name': '', 'value': None}, 'picture': {'large': 'https://randomuser.me/api/portraits/men/67.jpg', 'medium': 'https://randomuser.me/api/portraits/med/men/67.jpg', 'thumbnail': 'https://randomuser.me/api/portraits/thumb/men/67.jpg'}, 'nat': 'UA'}</msg>
<arg>${json_data['results'][0]}</arg>
<doc>Logs the given message with the given level.</doc>
<status status="PASS" start="2024-04-28T14:11:37.851285" elapsed="0.000410"/>
</kw>
<kw name="Log" owner="BuiltIn">
<msg time="2024-04-28T14:11:37.852111" level="INFO">login</msg>
<arg>${key}</arg>
<doc>Logs the given message with the given level.</doc>
<status status="PASS" start="2024-04-28T14:11:37.851987" elapsed="0.000161"/>
</kw>
<var name="${key}">login</var>
<status status="PASS" start="2024-04-28T14:11:37.850425" elapsed="0.001942"/>
</iter>
<var>${key}</var>
<value>@{expected_keys}</value>
<status status="PASS" start="2024-04-28T14:11:37.841702" elapsed="0.010811"/>
</for>
<kw name="Create List" owner="BuiltIn">
<msg time="2024-04-28T14:11:37.852845" level="INFO">${expected_keysTwo} = ['username', 'password']</msg>
<var>${expected_keysTwo}</var>
<arg>username</arg>
<arg>password</arg>
<doc>Returns a list containing given items.</doc>
<status status="PASS" start="2024-04-28T14:11:37.852711" elapsed="0.000158"/>
</kw>
<for flavor="IN">
<iter>
<kw name="Dictionary Should Contain Key" owner="Collections">
<msg time="2024-04-28T14:11:37.853761" level="INFO">False</msg>
<arg>${json_data['results'][0]['login']}</arg>
<arg>${keyTwo}</arg>
<doc>Fails if ``key`` is not found from ``dictionary``.</doc>
<status status="PASS" start="2024-04-28T14:11:37.853377" elapsed="0.000421"/>
</kw>
<kw name="Dictionary Should Contain Key" owner="Collections">
<msg time="2024-04-28T14:11:37.854517" level="INFO">False</msg>
<arg>${json_data['results'][0]['login']}</arg>
<arg>${keyTwo}</arg>
<doc>Fails if ``key`` is not found from ``dictionary``.</doc>
<status status="PASS" start="2024-04-28T14:11:37.854091" elapsed="0.000464"/>
</kw>
<kw name="Log" owner="BuiltIn">
<msg time="2024-04-28T14:11:37.854974" level="INFO">username</msg>
<arg>${keyTwo}</arg>
<doc>Logs the given message with the given level.</doc>
<status status="PASS" start="2024-04-28T14:11:37.854848" elapsed="0.000169"/>
</kw>
<var name="${keyTwo}">username</var>
<status status="PASS" start="2024-04-28T14:11:37.853268" elapsed="0.001974"/>
</iter>
<iter>
<kw name="Dictionary Should Contain Key" owner="Collections">
<msg time="2024-04-28T14:11:37.855984" level="INFO">False</msg>
<arg>${json_data['results'][0]['login']}</arg>
<arg>${keyTwo}</arg>
<doc>Fails if ``key`` is not found from ``dictionary``.</doc>
<status status="PASS" start="2024-04-28T14:11:37.855522" elapsed="0.000506"/>
</kw>
<kw name="Dictionary Should Contain Key" owner="Collections">
<msg time="2024-04-28T14:11:37.856736" level="INFO">False</msg>
<arg>${json_data['results'][0]['login']}</arg>
<arg>${keyTwo}</arg>
<doc>Fails if ``key`` is not found from ``dictionary``.</doc>
<status status="PASS" start="2024-04-28T14:11:37.856347" elapsed="0.000425"/>
</kw>
<kw name="Log" owner="BuiltIn">
<msg time="2024-04-28T14:11:37.857193" level="INFO">password</msg>
<arg>${keyTwo}</arg>
<doc>Logs the given message with the given level.</doc>
<status status="PASS" start="2024-04-28T14:11:37.857066" elapsed="0.000164"/>
</kw>
<var name="${keyTwo}">password</var>
<status status="PASS" start="2024-04-28T14:11:37.855414" elapsed="0.002032"/>
</iter>
<var>${keyTwo}</var>
<value>@{expected_keysTwo}</value>
<status status="PASS" start="2024-04-28T14:11:37.853100" elapsed="0.004470"/>
</for>
<status status="PASS" start="2024-04-28T14:11:37.802495" elapsed="0.055214"/>
</kw>
<doc>Testa a estrutura da resposta da API.</doc>
<tag>testeEstruturaResposta</tag>
<status status="PASS" start="2024-04-28T14:11:37.801879" elapsed="0.055981"/>
</test>
<test id="s1-s1-t4" name="Validar tipos de dados" line="28">
<kw name="Teste de Tipos de Dados" owner="random-user-service">
<kw name="GET On Session" owner="RequestsLibrary">
<msg time="2024-04-28T14:11:37.934166" level="INFO">GET Request : url=https://randomuser.me/api 
 path_url=/api 
 headers={'User-Agent': 'python-requests/2.31.0', 'Accept-Encoding': 'gzip, deflate', 'Accept': '*/*', 'Connection': 'keep-alive'} 
 body=None 
 </msg>
<msg time="2024-04-28T14:11:37.934255" level="INFO">GET Response : url=https://randomuser.me/api 
 status=200, reason=OK 
 headers={'Date': 'Sun, 28 Apr 2024 14:11:37 GMT', 'Content-Type': 'application/json; charset=utf-8', 'Transfer-Encoding': 'chunked', 'Connection': 'keep-alive', 'X-Powered-By': 'Express', 'Access-Control-Allow-Origin': '*', 'Cache-Control': 'no-cache', 'ETag': 'W/"4a8-ESECAvjHF6sJxWW3T7fjAcxyG5E"', 'Vary': 'Accept-Encoding', 'Content-Encoding': 'gzip', 'CF-Cache-Status': 'DYNAMIC', 'Report-To': '{"endpoints":[{"url":"https:\\/\\/a.nel.cloudflare.com\\/report\\/v4?s=%2FXbGbRxfI%2BqievRnzIUfLtGIX5De9i2G982bnXTdd76FWWsz%2Fvpd9Wx0nPTKlRH08aoUtBpRjKg291THEA8NGJm6jcOUqfhQm8iWVG37iHCyA5ddILRlt82TxcI7D3Ms"}],"group":"cf-nel","max_age":604800}', 'NEL': '{"success_fraction":0,"report_to":"cf-nel","max_age":604800}', 'Server': 'cloudflare', 'CF-RAY': '87b7a481a8e83ae7-IAD', 'alt-svc': 'h3=":443"; ma=86400'} 
 body={"results":[{"gender":"female","name":{"title":"Ms","first":"Marlinde","last":"Achterkamp"},"location":{"street":{"number":4808,"name":"Korbeel"},"city":"Achterveld","state":"Zuid-Holland","country":"Netherlands","postcode":"9607 JA","coordinates":{"latitude":"34.4871","longitude":"20.7922"},"timezone":{"offset":"+3:00","description":"Baghdad, Riyadh, Moscow, St. Petersburg"}},"email":"marlinde.achterkamp@example.com","login":{"uuid":"90f87f0f-a8f7-47a8-babb-0f0f65d8a977","username":"sadbear959","password":"qwert123","salt":"G7BEOITM","md5":"b7fe7adb8ddb8d8191158ed84ed02735","sha1":"363534bd8f38f9bc4e15d2c7710f71e18f9c0c3a","sha256":"ed876ab7d2dc07982df687d8dd02362adeb2eccfc6f182c84dba00db500b1802"},"dob":{"date":"1945-02-20T18:22:20.197Z","age":79},"registered":{"date":"2021-04-30T07:54:20.729Z","age":2},"phone":"(0831) 788222","cell":"(06) 27024036","id":{"name":"BSN","value":"36382626"},"picture":{"large":"https://randomuser.me/api/portraits/women/40.jpg","medium":"https://randomuser.me/api/portraits/med/women/40.jpg","thumbnail":"https://randomuser.me/api/portraits/thumb/women/40.jpg"},"nat":"NL"}],"info":{"seed":"5f31891ffbf43af3","results":1,"page":1,"version":"1.4"}} 
 </msg>
<msg time="2024-04-28T14:11:37.934316" level="INFO">/opt/hostedtoolcache/Python/3.12.3/x64/lib/python3.12/site-packages/urllib3/connectionpool.py:1103: InsecureRequestWarning: Unverified HTTPS request is being made to host 'randomuser.me'. Adding certificate verification is strongly advised. See: https://urllib3.readthedocs.io/en/latest/advanced-usage.html#tls-warnings
  warnings.warn(</msg>
<msg time="2024-04-28T14:11:37.934405" level="INFO">${response} = &lt;Response [200]&gt;</msg>
<var>${response}</var>
<arg>consultarAPI</arg>
<arg>/api</arg>
<doc>Sends a GET request on a previously created HTTP Session.</doc>
<status status="PASS" start="2024-04-28T14:11:37.860393" elapsed="0.074050"/>
</kw>
<kw name="Set Variable" owner="BuiltIn">
<msg time="2024-04-28T14:11:37.935468" level="INFO">${json_data} = {'results': [{'gender': 'female', 'name': {'title': 'Ms', 'first': 'Marlinde', 'last': 'Achterkamp'}, 'location': {'street': {'number': 4808, 'name': 'Korbeel'}, 'city': 'Achterveld', 'state': 'Zuid-H...</msg>
<var>${json_data}</var>
<arg>${response.json()}</arg>
<doc>Returns the given values which can then be assigned to a variables.</doc>
<status status="PASS" start="2024-04-28T14:11:37.934905" elapsed="0.000594"/>
</kw>
<kw name="Log" owner="BuiltIn">
<msg time="2024-04-28T14:11:37.935955" level="INFO">{'results': [{'gender': 'female', 'name': {'title': 'Ms', 'first': 'Marlinde', 'last': 'Achterkamp'}, 'location': {'street': {'number': 4808, 'name': 'Korbeel'}, 'city': 'Achterveld', 'state': 'Zuid-Holland', 'country': 'Netherlands', 'postcode': '9607 JA', 'coordinates': {'latitude': '34.4871', 'longitude': '20.7922'}, 'timezone': {'offset': '+3:00', 'description': 'Baghdad, Riyadh, Moscow, St. Petersburg'}}, 'email': 'marlinde.achterkamp@example.com', 'login': {'uuid': '90f87f0f-a8f7-47a8-babb-0f0f65d8a977', 'username': 'sadbear959', 'password': 'qwert123', 'salt': 'G7BEOITM', 'md5': 'b7fe7adb8ddb8d8191158ed84ed02735', 'sha1': '363534bd8f38f9bc4e15d2c7710f71e18f9c0c3a', 'sha256': 'ed876ab7d2dc07982df687d8dd02362adeb2eccfc6f182c84dba00db500b1802'}, 'dob': {'date': '1945-02-20T18:22:20.197Z', 'age': 79}, 'registered': {'date': '2021-04-30T07:54:20.729Z', 'age': 2}, 'phone': '(0831) 788222', 'cell': '(06) 27024036', 'id': {'name': 'BSN', 'value': '36382626'}, 'picture': {'large': 'https://randomuser.me/api/portraits/women/40.jpg', 'medium': 'https://randomuser.me/api/portraits/med/women/40.jpg', 'thumbnail': 'https://randomuser.me/api/portraits/thumb/women/40.jpg'}, 'nat': 'NL'}], 'info': {'seed': '5f31891ffbf43af3', 'results': 1, 'page': 1, 'version': '1.4'}}</msg>
<arg>${json_data}</arg>
<doc>Logs the given message with the given level.</doc>
<status status="PASS" start="2024-04-28T14:11:37.935805" elapsed="0.000241"/>
</kw>
<kw name="Should Be String" owner="String">
<arg>${json_data['results'][0]['gender']}</arg>
<doc>Fails if the given ``item`` is not a string.</doc>
<status status="PASS" start="2024-04-28T14:11:37.936343" elapsed="0.000355"/>
</kw>
<kw name="Should Match Regexp" owner="BuiltIn">
<arg>${json_data['results'][0]['email']}</arg>
<arg>^[a-zA-Z0-9._%+-]+@[a-zA-Z0-9.-]+\.[a-zA-Z]{2,}$</arg>
<doc>Fails if ``string`` does not match ``pattern`` as a regular expression.</doc>
<status status="PASS" start="2024-04-28T14:11:37.936889" elapsed="0.000510"/>
</kw>
<kw name="Should Match Regexp" owner="BuiltIn">
<arg>${json_data['results'][0]['dob']['date']}</arg>
<arg>\\d{4}-\\d{2}-\\d{2}T\\d{2}:\\d{2}:\\d{2}\\.\\d{3}Z</arg>
<doc>Fails if ``string`` does not match ``pattern`` as a regular expression.</doc>
<status status="PASS" start="2024-04-28T14:11:37.937595" elapsed="0.000481"/>
</kw>
<kw name="Should Match Regexp" owner="BuiltIn">
<arg>${json_data['results'][0]['registered']['date']}</arg>
<arg>\\d{4}-\\d{2}-\\d{2}T\\d{2}:\\d{2}:\\d{2}\\.\\d{3}Z</arg>
<doc>Fails if ``string`` does not match ``pattern`` as a regular expression.</doc>
<status status="PASS" start="2024-04-28T14:11:37.938295" elapsed="0.000378"/>
</kw>
<kw name="Should Match Regexp" owner="BuiltIn">
<arg>${json_data['results'][0]['picture']['large']}</arg>
<arg>^https?://.*\.(?:png|jpe?g|gif|bmp)$</arg>
<doc>Fails if ``string`` does not match ``pattern`` as a regular expression.</doc>
<status status="PASS" start="2024-04-28T14:11:37.938864" elapsed="0.000466"/>
</kw>
<kw name="Should Match Regexp" owner="BuiltIn">
<arg>${json_data['results'][0]['picture']['medium']}</arg>
<arg>^https?://.*\.(?:png|jpe?g|gif|bmp)$</arg>
<doc>Fails if ``string`` does not match ``pattern`` as a regular expression.</doc>
<status status="PASS" start="2024-04-28T14:11:37.939532" elapsed="0.000361"/>
</kw>
<kw name="Should Match Regexp" owner="BuiltIn">
<arg>${json_data['results'][0]['picture']['thumbnail']}</arg>
<arg>^https?://.*\.(?:png|jpe?g|gif|bmp)$</arg>
<doc>Fails if ``string`` does not match ``pattern`` as a regular expression.</doc>
<status status="PASS" start="2024-04-28T14:11:37.940081" elapsed="0.000349"/>
</kw>
<kw name="Log" owner="BuiltIn">
<msg time="2024-04-28T14:11:37.940930" level="INFO">{'large': 'https://randomuser.me/api/portraits/women/40.jpg', 'medium': 'https://randomuser.me/api/portraits/med/women/40.jpg', 'thumbnail': 'https://randomuser.me/api/portraits/thumb/women/40.jpg'}</msg>
<arg>${json_data['results'][0]['picture']}</arg>
<doc>Logs the given message with the given level.</doc>
<status status="PASS" start="2024-04-28T14:11:37.940610" elapsed="0.000360"/>
</kw>
<status status="PASS" start="2024-04-28T14:11:37.860166" elapsed="0.081055"/>
</kw>
<kw name="Teste de Tipos de Dados - Postcode" owner="random-user-service">
<kw name="GET On Session" owner="RequestsLibrary">
<msg time="2024-04-28T14:11:38.036217" level="INFO">GET Request : url=https://randomuser.me/api 
 path_url=/api 
 headers={'User-Agent': 'python-requests/2.31.0', 'Accept-Encoding': 'gzip, deflate', 'Accept': '*/*', 'Connection': 'keep-alive'} 
 body=None 
 </msg>
<msg time="2024-04-28T14:11:38.036321" level="INFO">GET Response : url=https://randomuser.me/api 
 status=200, reason=OK 
 headers={'Date': 'Sun, 28 Apr 2024 14:11:38 GMT', 'Content-Type': 'application/json; charset=utf-8', 'Transfer-Encoding': 'chunked', 'Connection': 'keep-alive', 'X-Powered-By': 'Express', 'Access-Control-Allow-Origin': '*', 'Cache-Control': 'no-cache', 'ETag': 'W/"489-OfWHDBaJMVIQBhK6ws1bmBBmddc"', 'Vary': 'Accept-Encoding', 'Content-Encoding': 'gzip', 'CF-Cache-Status': 'DYNAMIC', 'Report-To': '{"endpoints":[{"url":"https:\\/\\/a.nel.cloudflare.com\\/report\\/v4?s=RPh%2FwxLGSc29HWZ%2BTKkaJbvft9jpiRCgipEwTW9nwFf%2BvNvpvJh7xZMyAo%2BOkanzFFp5CU7EHAv3ci6dwJpILKu%2F2kTnp3cYqNYMhNAN7BoNaHI1DqG1%2B0Ylb6RcVt2A"}],"group":"cf-nel","max_age":604800}', 'NEL': '{"success_fraction":0,"report_to":"cf-nel","max_age":604800}', 'Server': 'cloudflare', 'CF-RAY': '87b7a482296f3ae7-IAD', 'alt-svc': 'h3=":443"; ma=86400'} 
 body={"results":[{"gender":"male","name":{"title":"Mr","first":"Akseli","last":"Heinonen"},"location":{"street":{"number":501,"name":"Suvantokatu"},"city":"Varkaus","state":"Pirkanmaa","country":"Finland","postcode":47636,"coordinates":{"latitude":"-21.4560","longitude":"-166.2986"},"timezone":{"offset":"+2:00","description":"Kaliningrad, South Africa"}},"email":"akseli.heinonen@example.com","login":{"uuid":"0280de86-b5fb-4ae1-b892-45162d7dee0c","username":"organiccat325","password":"lite","salt":"Sv7SN5fR","md5":"fc4678363773bbf1d0489c71b6546778","sha1":"0b900d370462b2e2665567a776f5933b174b06d8","sha256":"6c5e569d4a42487d2370b68692ff980e84c4089dea6bf7dd5a85d3005b3d2d9b"},"dob":{"date":"1965-10-09T09:04:55.762Z","age":58},"registered":{"date":"2003-11-24T13:27:01.529Z","age":20},"phone":"03-848-890","cell":"047-759-13-26","id":{"name":"HETU","value":"NaNNA741undefined"},"picture":{"large":"https://randomuser.me/api/portraits/men/42.jpg","medium":"https://randomuser.me/api/portraits/med/men/42.jpg","thumbnail":"https://randomuser.me/api/portraits/thumb/men/42.jpg"},"nat":"FI"}],"info":{"seed":"ca448e229aac8575","results":1,"page":1,"version":"1.4"}} 
 </msg>
<msg time="2024-04-28T14:11:38.036392" level="INFO">/opt/hostedtoolcache/Python/3.12.3/x64/lib/python3.12/site-packages/urllib3/connectionpool.py:1103: InsecureRequestWarning: Unverified HTTPS request is being made to host 'randomuser.me'. Adding certificate verification is strongly advised. See: https://urllib3.readthedocs.io/en/latest/advanced-usage.html#tls-warnings
  warnings.warn(</msg>
<msg time="2024-04-28T14:11:38.036519" level="INFO">${response} = &lt;Response [200]&gt;</msg>
<var>${response}</var>
<arg>consultarAPI</arg>
<arg>/api</arg>
<doc>Sends a GET request on a previously created HTTP Session.</doc>
<status status="PASS" start="2024-04-28T14:11:37.941657" elapsed="0.094905"/>
</kw>
<kw name="Set Variable" owner="BuiltIn">
<msg time="2024-04-28T14:11:38.037726" level="INFO">${json_data} = {'results': [{'gender': 'male', 'name': {'title': 'Mr', 'first': 'Akseli', 'last': 'Heinonen'}, 'location': {'street': {'number': 501, 'name': 'Suvantokatu'}, 'city': 'Varkaus', 'state': 'Pirkanmaa', ...</msg>
<var>${json_data}</var>
<arg>${response.json()}</arg>
<doc>Returns the given values which can then be assigned to a variables.</doc>
<status status="PASS" start="2024-04-28T14:11:38.037153" elapsed="0.000601"/>
</kw>
<kw name="Log" owner="BuiltIn">
<msg time="2024-04-28T14:11:38.038258" level="INFO">{'results': [{'gender': 'male', 'name': {'title': 'Mr', 'first': 'Akseli', 'last': 'Heinonen'}, 'location': {'street': {'number': 501, 'name': 'Suvantokatu'}, 'city': 'Varkaus', 'state': 'Pirkanmaa', 'country': 'Finland', 'postcode': 47636, 'coordinates': {'latitude': '-21.4560', 'longitude': '-166.2986'}, 'timezone': {'offset': '+2:00', 'description': 'Kaliningrad, South Africa'}}, 'email': 'akseli.heinonen@example.com', 'login': {'uuid': '0280de86-b5fb-4ae1-b892-45162d7dee0c', 'username': 'organiccat325', 'password': 'lite', 'salt': 'Sv7SN5fR', 'md5': 'fc4678363773bbf1d0489c71b6546778', 'sha1': '0b900d370462b2e2665567a776f5933b174b06d8', 'sha256': '6c5e569d4a42487d2370b68692ff980e84c4089dea6bf7dd5a85d3005b3d2d9b'}, 'dob': {'date': '1965-10-09T09:04:55.762Z', 'age': 58}, 'registered': {'date': '2003-11-24T13:27:01.529Z', 'age': 20}, 'phone': '03-848-890', 'cell': '047-759-13-26', 'id': {'name': 'HETU', 'value': 'NaNNA741undefined'}, 'picture': {'large': 'https://randomuser.me/api/portraits/men/42.jpg', 'medium': 'https://randomuser.me/api/portraits/med/men/42.jpg', 'thumbnail': 'https://randomuser.me/api/portraits/thumb/men/42.jpg'}, 'nat': 'FI'}], 'info': {'seed': 'ca448e229aac8575', 'results': 1, 'page': 1, 'version': '1.4'}}</msg>
<arg>${json_data}</arg>
<doc>Logs the given message with the given level.</doc>
<status status="PASS" start="2024-04-28T14:11:38.038066" elapsed="0.000281"/>
</kw>
<kw name="Should Be Equal As Numbers" owner="BuiltIn">
<arg>${json_data['results'][0]['location']['postcode']}</arg>
<arg>${json_data['results'][0]['location']['postcode']}</arg>
<doc>Fails if objects are unequal after converting them to real numbers.</doc>
<status status="PASS" start="2024-04-28T14:11:38.038829" elapsed="0.000627"/>
</kw>
<kw name="Log" owner="BuiltIn">
<msg time="2024-04-28T14:11:38.039996" level="INFO">47636</msg>
<arg>${json_data['results'][0]['location']['postcode']}</arg>
<doc>Logs the given message with the given level.</doc>
<status status="PASS" start="2024-04-28T14:11:38.039650" elapsed="0.000385"/>
</kw>
<status status="PASS" start="2024-04-28T14:11:37.941434" elapsed="0.098853"/>
</kw>
<doc>Testa se os tipos de dados na resposta da API estão corretos.</doc>
<tag>testeTiposDados</tag>
<status status="PASS" start="2024-04-28T14:11:37.859633" elapsed="0.180823"/>
</test>
<test id="s1-s1-t5" name="Validar conteudo" line="35">
<kw name="Teste de Tipos de Conteudo" owner="random-user-service">
<kw name="GET On Session" owner="RequestsLibrary">
<msg time="2024-04-28T14:11:38.140021" level="INFO">GET Request : url=https://randomuser.me/api 
 path_url=/api 
 headers={'User-Agent': 'python-requests/2.31.0', 'Accept-Encoding': 'gzip, deflate', 'Accept': '*/*', 'Connection': 'keep-alive'} 
 body=None 
 </msg>
<msg time="2024-04-28T14:11:38.140107" level="INFO">GET Response : url=https://randomuser.me/api 
 status=200, reason=OK 
 headers={'Date': 'Sun, 28 Apr 2024 14:11:38 GMT', 'Content-Type': 'application/json; charset=utf-8', 'Transfer-Encoding': 'chunked', 'Connection': 'keep-alive', 'X-Powered-By': 'Express', 'Access-Control-Allow-Origin': '*', 'Cache-Control': 'no-cache', 'ETag': 'W/"46a-sCNDKJW/AiimGBb2j054wwDlcdY"', 'Vary': 'Accept-Encoding', 'Content-Encoding': 'gzip', 'CF-Cache-Status': 'DYNAMIC', 'Report-To': '{"endpoints":[{"url":"https:\\/\\/a.nel.cloudflare.com\\/report\\/v4?s=I72VdlY8qWQxeEmGCdj7QxY2qe23lvKBqEo8bHxWWG1%2BPqrRyJ0%2FChpYpimbzeHO8D8ZPfrduqyh%2BakXjaatrLT0bHYwl1ijxlpYqn%2BStHwSvaPVwZu62ts36N52pGtb"}],"group":"cf-nel","max_age":604800}', 'NEL': '{"success_fraction":0,"report_to":"cf-nel","max_age":604800}', 'Server': 'cloudflare', 'CF-RAY': '87b7a482ca1f3ae7-IAD', 'alt-svc': 'h3=":443"; ma=86400'} 
 body={"results":[{"gender":"male","name":{"title":"Mr","first":"Hunter","last":"Morris"},"location":{"street":{"number":7064,"name":"Chatham Road"},"city":"Auckland","state":"Otago","country":"New Zealand","postcode":14171,"coordinates":{"latitude":"49.0271","longitude":"-135.7062"},"timezone":{"offset":"-10:00","description":"Hawaii"}},"email":"hunter.morris@example.com","login":{"uuid":"781b2090-2816-48d6-bd26-569199ef5284","username":"blackgoose411","password":"steffen","salt":"kIgzHYzp","md5":"5404246bab3a5cc17a963e4c01fd734f","sha1":"fb8cb2dee1456cb5dc7aaabdc9a966e1d394aee9","sha256":"006578d55e07a46cd101ee7a369ec75994510508ec22cc42cef32cf9feecf859"},"dob":{"date":"1966-10-18T02:07:04.103Z","age":57},"registered":{"date":"2014-03-17T00:34:18.671Z","age":10},"phone":"(659)-931-5207","cell":"(071)-740-6760","id":{"name":"","value":null},"picture":{"large":"https://randomuser.me/api/portraits/men/10.jpg","medium":"https://randomuser.me/api/portraits/med/men/10.jpg","thumbnail":"https://randomuser.me/api/portraits/thumb/men/10.jpg"},"nat":"NZ"}],"info":{"seed":"982b9696a82fec9d","results":1,"page":1,"version":"1.4"}} 
 </msg>
<msg time="2024-04-28T14:11:38.140176" level="INFO">/opt/hostedtoolcache/Python/3.12.3/x64/lib/python3.12/site-packages/urllib3/connectionpool.py:1103: InsecureRequestWarning: Unverified HTTPS request is being made to host 'randomuser.me'. Adding certificate verification is strongly advised. See: https://urllib3.readthedocs.io/en/latest/advanced-usage.html#tls-warnings
  warnings.warn(</msg>
<msg time="2024-04-28T14:11:38.140322" level="INFO">${response} = &lt;Response [200]&gt;</msg>
<var>${response}</var>
<arg>consultarAPI</arg>
<arg>/api</arg>
<doc>Sends a GET request on a previously created HTTP Session.</doc>
<status status="PASS" start="2024-04-28T14:11:38.042934" elapsed="0.097433"/>
</kw>
<kw name="Set Variable" owner="BuiltIn">
<msg time="2024-04-28T14:11:38.141233" level="INFO">${json_data} = {'results': [{'gender': 'male', 'name': {'title': 'Mr', 'first': 'Hunter', 'last': 'Morris'}, 'location': {'street': {'number': 7064, 'name': 'Chatham Road'}, 'city': 'Auckland', 'state': 'Otago', 'co...</msg>
<var>${json_data}</var>
<arg>${response.json()}</arg>
<doc>Returns the given values which can then be assigned to a variables.</doc>
<status status="PASS" start="2024-04-28T14:11:38.140782" elapsed="0.000478"/>
</kw>
<kw name="Set Variable" owner="BuiltIn">
<msg time="2024-04-28T14:11:38.141945" level="INFO">${name_title} = Mr</msg>
<var>${name_title}</var>
<arg>${json_data["results"][0]["name"]["title"]}</arg>
<doc>Returns the given values which can then be assigned to a variables.</doc>
<status status="PASS" start="2024-04-28T14:11:38.141561" elapsed="0.000409"/>
</kw>
<kw name="Create List" owner="BuiltIn">
<msg time="2024-04-28T14:11:38.142455" level="INFO">${allowed_titles} = ['Mr', 'Ms', 'Miss', 'Mrs', 'Madame', 'Monsieur']</msg>
<var>${allowed_titles}</var>
<arg>Mr</arg>
<arg>Ms</arg>
<arg>Miss</arg>
<arg>Mrs</arg>
<arg>Madame</arg>
<arg>Monsieur</arg>
<doc>Returns a list containing given items.</doc>
<status status="PASS" start="2024-04-28T14:11:38.142304" elapsed="0.000176"/>
</kw>
<kw name="List Should Contain Value" owner="Collections">
<msg time="2024-04-28T14:11:38.142953" level="INFO">False</msg>
<arg>${allowed_titles}</arg>
<arg>${name_title}</arg>
<doc>Fails if the ``value`` is not found from ``list``.</doc>
<status status="PASS" start="2024-04-28T14:11:38.142781" elapsed="0.000208"/>
</kw>
<kw name="Set Variable" owner="BuiltIn">
<msg time="2024-04-28T14:11:38.143657" level="INFO">${name_country} = NZ</msg>
<var>${name_country}</var>
<arg>${json_data["results"][0]["nat"]}</arg>
<doc>Returns the given values which can then be assigned to a variables.</doc>
<status status="PASS" start="2024-04-28T14:11:38.143276" elapsed="0.000407"/>
</kw>
<kw name="Create List" owner="BuiltIn">
<msg time="2024-04-28T14:11:38.144566" level="INFO">${list_country} = ['AD', 'AE', 'AF', 'AG', 'AI', 'AL', 'AM', 'AO', 'AQ', 'AR', 'AS', 'AT', 'AU', 'AW', 'AX', 'AZ', 'BA', 'BB', 'BD', 'BE', 'BF', 'BG', 'BH', 'BI', 'BJ', 'BL', 'BM', 'BN', 'BO', 'BQ', 'BR', 'BS', 'BT', '...</msg>
<var>${list_country}</var>
<arg>AD</arg>
<arg>AE</arg>
<arg>AF</arg>
<arg>AG</arg>
<arg>AI</arg>
<arg>AL</arg>
<arg>AM</arg>
<arg>AO</arg>
<arg>AQ</arg>
<arg>AR</arg>
<arg>AS</arg>
<arg>AT</arg>
<arg>AU</arg>
<arg>AW</arg>
<arg>AX</arg>
<arg>AZ</arg>
<arg>BA</arg>
<arg>BB</arg>
<arg>BD</arg>
<arg>BE</arg>
<arg>BF</arg>
<arg>BG</arg>
<arg>BH</arg>
<arg>BI</arg>
<arg>BJ</arg>
<arg>BL</arg>
<arg>BM</arg>
<arg>BN</arg>
<arg>BO</arg>
<arg>BQ</arg>
<arg>BR</arg>
<arg>BS</arg>
<arg>BT</arg>
<arg>BV</arg>
<arg>BW</arg>
<arg>BY</arg>
<arg>BZ</arg>
<arg>CA</arg>
<arg>CC</arg>
<arg>CD</arg>
<arg>CF</arg>
<arg>CG</arg>
<arg>CH</arg>
<arg>CI</arg>
<arg>CK</arg>
<arg>CL</arg>
<arg>CM</arg>
<arg>CN</arg>
<arg>CO</arg>
<arg>CR</arg>
<arg>CU</arg>
<arg>CV</arg>
<arg>CW</arg>
<arg>CX</arg>
<arg>CY</arg>
<arg>CZ</arg>
<arg>DE</arg>
<arg>DJ</arg>
<arg>DK</arg>
<arg>DM</arg>
<arg>DO</arg>
<arg>DZ</arg>
<arg>EC</arg>
<arg>EE</arg>
<arg>EG</arg>
<arg>EH</arg>
<arg>ER</arg>
<arg>ES</arg>
<arg>ET</arg>
<arg>FI</arg>
<arg>FJ</arg>
<arg>FK</arg>
<arg>FM</arg>
<arg>FO</arg>
<arg>FR</arg>
<arg>GA</arg>
<arg>GB</arg>
<arg>GD</arg>
<arg>GE</arg>
<arg>GF</arg>
<arg>GG</arg>
<arg>GH</arg>
<arg>GI</arg>
<arg>GL</arg>
<arg>GM</arg>
<arg>GN</arg>
<arg>GP</arg>
<arg>GQ</arg>
<arg>GR</arg>
<arg>GS</arg>
<arg>GT</arg>
<arg>GU</arg>
<arg>GW</arg>
<arg>GY</arg>
<arg>HK</arg>
<arg>HM</arg>
<arg>HN</arg>
<arg>HR</arg>
<arg>HT</arg>
<arg>HU</arg>
<arg>ID</arg>
<arg>IE</arg>
<arg>IL</arg>
<arg>IM</arg>
<arg>IN</arg>
<arg>IO</arg>
<arg>IQ</arg>
<arg>IR</arg>
<arg>IS</arg>
<arg>IT</arg>
<arg>JE</arg>
<arg>JM</arg>
<arg>JO</arg>
<arg>JP</arg>
<arg>KE</arg>
<arg>KG</arg>
<arg>KH</arg>
<arg>KI</arg>
<arg>KM</arg>
<arg>KN</arg>
<arg>KP</arg>
<arg>KR</arg>
<arg>KW</arg>
<arg>KY</arg>
<arg>KZ</arg>
<arg>LA</arg>
<arg>LB</arg>
<arg>LC</arg>
<arg>LI</arg>
<arg>LK</arg>
<arg>LR</arg>
<arg>LS</arg>
<arg>LT</arg>
<arg>LU</arg>
<arg>LV</arg>
<arg>LY</arg>
<arg>MA</arg>
<arg>MC</arg>
<arg>MD</arg>
<arg>ME</arg>
<arg>MF</arg>
<arg>MG</arg>
<arg>MH</arg>
<arg>MK</arg>
<arg>ML</arg>
<arg>MM</arg>
<arg>MN</arg>
<arg>MO</arg>
<arg>MP</arg>
<arg>MQ</arg>
<arg>MR</arg>
<arg>MS</arg>
<arg>MT</arg>
<arg>MU</arg>
<arg>MV</arg>
<arg>MW</arg>
<arg>MX</arg>
<arg>MY</arg>
<arg>MZ</arg>
<arg>NA</arg>
<arg>NC</arg>
<arg>NE</arg>
<arg>NF</arg>
<arg>NG</arg>
<arg>NI</arg>
<arg>NL</arg>
<arg>NO</arg>
<arg>NP</arg>
<arg>NR</arg>
<arg>NU</arg>
<arg>NZ</arg>
<arg>OM</arg>
<arg>PA</arg>
<arg>PE</arg>
<arg>PF</arg>
<arg>PG</arg>
<arg>PH</arg>
<arg>PK</arg>
<arg>PL</arg>
<arg>PM</arg>
<arg>PN</arg>
<arg>PR</arg>
<arg>PS</arg>
<arg>PT</arg>
<arg>PW</arg>
<arg>PY</arg>
<arg>QA</arg>
<arg>RE</arg>
<arg>RO</arg>
<arg>RS</arg>
<arg>RU</arg>
<arg>RW</arg>
<arg>SA</arg>
<arg>SB</arg>
<arg>SC</arg>
<arg>SD</arg>
<arg>SE</arg>
<arg>SG</arg>
<arg>SH</arg>
<arg>SI</arg>
<arg>SJ</arg>
<arg>SK</arg>
<arg>SL</arg>
<arg>SM</arg>
<arg>SN</arg>
<arg>SO</arg>
<arg>SR</arg>
<arg>SS</arg>
<arg>ST</arg>
<arg>SV</arg>
<arg>SX</arg>
<arg>SY</arg>
<arg>SZ</arg>
<arg>TC</arg>
<arg>TD</arg>
<arg>TF</arg>
<arg>TG</arg>
<arg>TH</arg>
<arg>TJ</arg>
<arg>TK</arg>
<arg>TL</arg>
<arg>TM</arg>
<arg>TN</arg>
<arg>TO</arg>
<arg>TR</arg>
<arg>TT</arg>
<arg>TV</arg>
<arg>TW</arg>
<arg>TZ</arg>
<arg>UA</arg>
<arg>UG</arg>
<arg>UM</arg>
<arg>US</arg>
<arg>UY</arg>
<arg>UZ</arg>
<arg>VA</arg>
<arg>VC</arg>
<arg>VE</arg>
<arg>VG</arg>
<arg>VI</arg>
<arg>VN</arg>
<arg>VU</arg>
<arg>WF</arg>
<arg>WS</arg>
<arg>XK</arg>
<arg>YE</arg>
<arg>YT</arg>
<arg>ZA</arg>
<arg>ZM</arg>
<arg>ZW</arg>
<doc>Returns a list containing given items.</doc>
<status status="PASS" start="2024-04-28T14:11:38.143981" elapsed="0.000610"/>
</kw>
<kw name="List Should Contain Value" owner="Collections">
<msg time="2024-04-28T14:11:38.145578" level="INFO">False</msg>
<arg>${list_country}</arg>
<arg>${name_country}</arg>
<doc>Fails if the ``value`` is not found from ``list``.</doc>
<status status="PASS" start="2024-04-28T14:11:38.145381" elapsed="0.000234"/>
</kw>
<kw name="Run Keyword If" owner="BuiltIn">
<kw name="Should Be True" owner="BuiltIn">
<arg>${True}</arg>
<doc>Fails if the given condition is not true.</doc>
<status status="PASS" start="2024-04-28T14:11:38.146726" elapsed="0.000250"/>
</kw>
<arg>${json_data["results"][0]["location"]["coordinates"]["latitude"]} &gt;= -90 and ${json_data["results"][0]["location"]["coordinates"]["latitude"]} &lt;= 90</arg>
<arg>Should Be True</arg>
<arg>${True}</arg>
<doc>Runs the given keyword with the given arguments, if ``condition`` is true.</doc>
<status status="PASS" start="2024-04-28T14:11:38.145925" elapsed="0.001184"/>
</kw>
<kw name="Run Keyword If" owner="BuiltIn">
<kw name="Should Be True" owner="BuiltIn">
<arg>${True}</arg>
<doc>Fails if the given condition is not true.</doc>
<status status="PASS" start="2024-04-28T14:11:38.148000" elapsed="0.000137"/>
</kw>
<arg>${json_data["results"][0]["location"]["coordinates"]["longitude"]} &gt;= -180 and ${json_data["results"][0]["location"]["coordinates"]["longitude"]} &lt;= 180</arg>
<arg>Should Be True</arg>
<arg>${True}</arg>
<doc>Runs the given keyword with the given arguments, if ``condition`` is true.</doc>
<status status="PASS" start="2024-04-28T14:11:38.147296" elapsed="0.000963"/>
</kw>
<status status="PASS" start="2024-04-28T14:11:38.042707" elapsed="0.105682"/>
</kw>
<doc>Testa o conteúdo específico dos campos retornados pela API.</doc>
<tag>testeConteudo</tag>
<status status="PASS" start="2024-04-28T14:11:38.042203" elapsed="0.106340"/>
</test>
<status status="PASS" start="2024-04-28T14:11:37.141813" elapsed="1.008671"/>
</suite>
<status status="PASS" start="2024-04-28T14:11:37.128294" elapsed="1.027872"/>
</suite>
<statistics>
<total>
<stat pass="5" fail="0" skip="0">All Tests</stat>
</total>
<tag>
<stat pass="1" fail="0" skip="0">testeConteudo</stat>
<stat pass="1" fail="0" skip="0">testeEstruturaResposta</stat>
<stat pass="1" fail="0" skip="0">testeRequisicaoBasica</stat>
<stat pass="1" fail="0" skip="0">testeTiposDados</stat>
</tag>
<suite>
<stat pass="5" fail="0" skip="0" id="s1" name="Tests">Tests</stat>
<stat pass="5" fail="0" skip="0" id="s1-s1" name="Random-User-Test">Tests.Random-User-Test</stat>
</suite>
</statistics>
<errors>
</errors>
</robot>
