<?xml version="1.0" encoding="UTF-8"?>
<robot generator="Robot 7.0 (Python 3.12.3 on linux)" generated="2024-05-14T04:16:35.628357" rpa="false" schemaversion="5">
<suite id="s1" name="Tests" source="/home/runner/work/DesafioQAItauRogerioJordao/DesafioQAItauRogerioJordao/RamdonUser/tests">
<suite id="s1-s1" name="Random-User-Test" source="/home/runner/work/DesafioQAItauRogerioJordao/DesafioQAItauRogerioJordao/RamdonUser/tests/random-user-test.robot">
<test id="s1-s1-t1" name="Conectar" line="13">
<kw name="Conectar API" owner="random-user-service">
<kw name="Create Session" owner="RequestsLibrary">
<msg time="2024-05-14T04:16:35.993616" level="INFO">Creating Session using : alias=consultarAPI, url=https://randomuser.me/, headers={},                     cookies={}, auth=None, timeout=None, proxies=None, verify=False,                     debug=0 </msg>
<arg>consultarAPI</arg>
<arg>${URL}</arg>
<doc>Create Session: create a HTTP session to a server</doc>
<status status="PASS" start="2024-05-14T04:16:35.993416" elapsed="0.000382"/>
</kw>
<status status="PASS" start="2024-05-14T04:16:35.992419" elapsed="0.001733"/>
</kw>
<status status="PASS" start="2024-05-14T04:16:35.991874" elapsed="0.002469"/>
</test>
<test id="s1-s1-t2" name="Validar retorno 200 e JSON Válido" line="16">
<kw name="Teste de Requisicao Basica" owner="random-user-service">
<kw name="GET On Session" owner="RequestsLibrary">
<msg time="2024-05-14T04:16:36.142631" level="INFO">GET Request : url=https://randomuser.me/api 
 path_url=/api 
 headers={'User-Agent': 'python-requests/2.31.0', 'Accept-Encoding': 'gzip, deflate', 'Accept': '*/*', 'Connection': 'keep-alive'} 
 body=None 
 </msg>
<msg time="2024-05-14T04:16:36.142769" level="INFO">GET Response : url=https://randomuser.me/api 
 status=200, reason=OK 
 headers={'Date': 'Tue, 14 May 2024 04:16:36 GMT', 'Content-Type': 'application/json; charset=utf-8', 'Transfer-Encoding': 'chunked', 'Connection': 'keep-alive', 'X-Powered-By': 'Express', 'Access-Control-Allow-Origin': '*', 'Cache-Control': 'no-cache', 'ETag': 'W/"498-LfyAkdy8nLpF5NNKeGJPtSGiMyA"', 'Vary': 'Accept-Encoding', 'Content-Encoding': 'gzip', 'CF-Cache-Status': 'DYNAMIC', 'Report-To': '{"endpoints":[{"url":"https:\\/\\/a.nel.cloudflare.com\\/report\\/v4?s=TBYOhXpnWDwRtukysIv774A7zAtg5RLha2GdaYe86njWmwu%2BFd1i3S4YtUp1sbEUj8DOW9iJEKIG91VChF6K2csfH%2FpPUUZoF15JSd9NpKgIpLmuI1axPx0DYKit9LXC"}],"group":"cf-nel","max_age":604800}', 'NEL': '{"success_fraction":0,"report_to":"cf-nel","max_age":604800}', 'Server': 'cloudflare', 'CF-RAY': '883812e1288c24c9-SJC', 'alt-svc': 'h3=":443"; ma=86400'} 
 body={"results":[{"gender":"male","name":{"title":"Mr","first":"Knyazhoslav","last":"Pavlik"},"location":{"street":{"number":6499,"name":"Vodyaniy provulok"},"city":"Pomichna","state":"Cherkaska","country":"Ukraine","postcode":61296,"coordinates":{"latitude":"78.3297","longitude":"-53.2957"},"timezone":{"offset":"+4:00","description":"Abu Dhabi, Muscat, Baku, Tbilisi"}},"email":"knyazhoslav.pavlik@example.com","login":{"uuid":"7aaa2bf9-633c-4490-a207-0c03b7926650","username":"beautifulladybug124","password":"bluemoon","salt":"ApoXpKcQ","md5":"de707ba17730fb1566cd0af957319d96","sha1":"76014dc2e2cdd427baa63c71f78825f3b63d667c","sha256":"1e4d03224b82f9010e4c1ab0e0cb7bbc7f62de718d5a792cc3e8268bbbb1ce69"},"dob":{"date":"1987-08-18T13:35:30.694Z","age":36},"registered":{"date":"2003-04-03T17:26:03.461Z","age":21},"phone":"(098) M61-4430","cell":"(097) H54-4775","id":{"name":"","value":null},"picture":{"large":"https://randomuser.me/api/portraits/men/20.jpg","medium":"https://randomuser.me/api/portraits/med/men/20.jpg","thumbnail":"https://randomuser.me/api/portraits/thumb/men/20.jpg"},"nat":"UA"}],"info":{"seed":"69928ce387d842e0","results":1,"page":1,"version":"1.4"}} 
 </msg>
<msg time="2024-05-14T04:16:36.142843" level="INFO">/opt/hostedtoolcache/Python/3.12.3/x64/lib/python3.12/site-packages/urllib3/connectionpool.py:1103: InsecureRequestWarning: Unverified HTTPS request is being made to host 'randomuser.me'. Adding certificate verification is strongly advised. See: https://urllib3.readthedocs.io/en/latest/advanced-usage.html#tls-warnings
  warnings.warn(</msg>
<msg time="2024-05-14T04:16:36.142977" level="INFO">${response} = &lt;Response [200]&gt;</msg>
<var>${response}</var>
<arg>consultarAPI</arg>
<arg>/api</arg>
<doc>Sends a GET request on a previously created HTTP Session.</doc>
<status status="PASS" start="2024-05-14T04:16:35.996880" elapsed="0.146135"/>
</kw>
<kw name="Should Be Equal As Numbers" owner="BuiltIn">
<msg time="2024-05-14T04:16:36.143921" level="INFO">Argument types are:
&lt;class 'int'&gt;
&lt;class 'str'&gt;</msg>
<arg>${response.status_code}</arg>
<arg>200</arg>
<doc>Fails if objects are unequal after converting them to real numbers.</doc>
<status status="PASS" start="2024-05-14T04:16:36.143484" elapsed="0.000501"/>
</kw>
<kw name="Log" owner="BuiltIn">
<msg time="2024-05-14T04:16:36.144672" level="INFO">200</msg>
<arg>${response.status_code}</arg>
<doc>Logs the given message with the given level.</doc>
<status status="PASS" start="2024-05-14T04:16:36.144328" elapsed="0.000384"/>
</kw>
<kw name="Set Variable" owner="BuiltIn">
<msg time="2024-05-14T04:16:36.145478" level="INFO">${json_data} = {'results': [{'gender': 'male', 'name': {'title': 'Mr', 'first': 'Knyazhoslav', 'last': 'Pavlik'}, 'location': {'street': {'number': 6499, 'name': 'Vodyaniy provulok'}, 'city': 'Pomichna', 'state': 'C...</msg>
<var>${json_data}</var>
<arg>${response.json()}</arg>
<doc>Returns the given values which can then be assigned to a variables.</doc>
<status status="PASS" start="2024-05-14T04:16:36.145012" elapsed="0.000493"/>
</kw>
<kw name="Dictionary Should Contain Key" owner="Collections">
<msg time="2024-05-14T04:16:36.145965" level="INFO">False</msg>
<arg>${json_data}</arg>
<arg>results</arg>
<doc>Fails if ``key`` is not found from ``dictionary``.</doc>
<status status="PASS" start="2024-05-14T04:16:36.145800" elapsed="0.000203"/>
</kw>
<status status="PASS" start="2024-05-14T04:16:35.996640" elapsed="0.149613"/>
</kw>
<doc>Testa se a API responde corretamente e retorna um objeto JSON válido.</doc>
<tag>testeRequisicaoBasica</tag>
<status status="PASS" start="2024-05-14T04:16:35.996189" elapsed="0.150242"/>
</test>
<test id="s1-s1-t3" name="Validar estrutura de resposta" line="22">
<kw name="Teste de Estrutura de Resposta" owner="random-user-service">
<kw name="GET On Session" owner="RequestsLibrary">
<msg time="2024-05-14T04:16:36.241699" level="INFO">GET Request : url=https://randomuser.me/api 
 path_url=/api 
 headers={'User-Agent': 'python-requests/2.31.0', 'Accept-Encoding': 'gzip, deflate', 'Accept': '*/*', 'Connection': 'keep-alive'} 
 body=None 
 </msg>
<msg time="2024-05-14T04:16:36.241781" level="INFO">GET Response : url=https://randomuser.me/api 
 status=200, reason=OK 
 headers={'Date': 'Tue, 14 May 2024 04:16:36 GMT', 'Content-Type': 'application/json; charset=utf-8', 'Transfer-Encoding': 'chunked', 'Connection': 'keep-alive', 'X-Powered-By': 'Express', 'Access-Control-Allow-Origin': '*', 'Cache-Control': 'no-cache', 'ETag': 'W/"481-GLM7HOg8giRscVWIjpxCG0zPhb8"', 'Vary': 'Accept-Encoding', 'Content-Encoding': 'gzip', 'CF-Cache-Status': 'DYNAMIC', 'Report-To': '{"endpoints":[{"url":"https:\\/\\/a.nel.cloudflare.com\\/report\\/v4?s=8HactYmJIr3RsYPxm0%2B6ZEcbDvrZC1fiHFvLX2akoEipPivdC7tbtfYInwg6ys60e73Le0fjpdB6uwaLGSPUZyeh1uW%2FRk5PWFU9H5RGopU4BsoQGm3tb6y5SBwW4MQI"}],"group":"cf-nel","max_age":604800}', 'NEL': '{"success_fraction":0,"report_to":"cf-nel","max_age":604800}', 'Server': 'cloudflare', 'CF-RAY': '883812e1f93d24c9-SJC', 'alt-svc': 'h3=":443"; ma=86400'} 
 body={"results":[{"gender":"female","name":{"title":"Miss","first":"Maia","last":"Thomas"},"location":{"street":{"number":9520,"name":"Wairau Road"},"city":"Lower Hutt","state":"Wellington","country":"New Zealand","postcode":70831,"coordinates":{"latitude":"51.2722","longitude":"98.4369"},"timezone":{"offset":"-12:00","description":"Eniwetok, Kwajalein"}},"email":"maia.thomas@example.com","login":{"uuid":"ab40ff6e-a1b6-4ae5-bac8-b163ad0885c7","username":"lazypanda192","password":"rootbeer","salt":"hSyN5tDM","md5":"35ee7ca9a8f79786508e74d82ac192b0","sha1":"3b85ced9955a47bb347a4215b9addc2381873b69","sha256":"f066ce30aedca690727c8d4521c9e38f66b252f3407f37d63180a9d2336d30e7"},"dob":{"date":"1969-02-23T16:44:01.967Z","age":55},"registered":{"date":"2006-06-13T12:25:04.273Z","age":17},"phone":"(805)-537-4190","cell":"(505)-354-1596","id":{"name":"","value":null},"picture":{"large":"https://randomuser.me/api/portraits/women/66.jpg","medium":"https://randomuser.me/api/portraits/med/women/66.jpg","thumbnail":"https://randomuser.me/api/portraits/thumb/women/66.jpg"},"nat":"NZ"}],"info":{"seed":"d82a1f16505558c9","results":1,"page":1,"version":"1.4"}} 
 </msg>
<msg time="2024-05-14T04:16:36.241876" level="INFO">/opt/hostedtoolcache/Python/3.12.3/x64/lib/python3.12/site-packages/urllib3/connectionpool.py:1103: InsecureRequestWarning: Unverified HTTPS request is being made to host 'randomuser.me'. Adding certificate verification is strongly advised. See: https://urllib3.readthedocs.io/en/latest/advanced-usage.html#tls-warnings
  warnings.warn(</msg>
<msg time="2024-05-14T04:16:36.241968" level="INFO">${response} = &lt;Response [200]&gt;</msg>
<var>${response}</var>
<arg>consultarAPI</arg>
<arg>/api</arg>
<doc>Sends a GET request on a previously created HTTP Session.</doc>
<status status="PASS" start="2024-05-14T04:16:36.148953" elapsed="0.093048"/>
</kw>
<kw name="Set Variable" owner="BuiltIn">
<msg time="2024-05-14T04:16:36.242843" level="INFO">${json_data} = {'results': [{'gender': 'female', 'name': {'title': 'Miss', 'first': 'Maia', 'last': 'Thomas'}, 'location': {'street': {'number': 9520, 'name': 'Wairau Road'}, 'city': 'Lower Hutt', 'state': 'Wellingt...</msg>
<var>${json_data}</var>
<arg>${response.json()}</arg>
<doc>Returns the given values which can then be assigned to a variables.</doc>
<status status="PASS" start="2024-05-14T04:16:36.242388" elapsed="0.000483"/>
</kw>
<kw name="Log" owner="BuiltIn">
<msg time="2024-05-14T04:16:36.243333" level="INFO">{'results': [{'gender': 'female', 'name': {'title': 'Miss', 'first': 'Maia', 'last': 'Thomas'}, 'location': {'street': {'number': 9520, 'name': 'Wairau Road'}, 'city': 'Lower Hutt', 'state': 'Wellington', 'country': 'New Zealand', 'postcode': 70831, 'coordinates': {'latitude': '51.2722', 'longitude': '98.4369'}, 'timezone': {'offset': '-12:00', 'description': 'Eniwetok, Kwajalein'}}, 'email': 'maia.thomas@example.com', 'login': {'uuid': 'ab40ff6e-a1b6-4ae5-bac8-b163ad0885c7', 'username': 'lazypanda192', 'password': 'rootbeer', 'salt': 'hSyN5tDM', 'md5': '35ee7ca9a8f79786508e74d82ac192b0', 'sha1': '3b85ced9955a47bb347a4215b9addc2381873b69', 'sha256': 'f066ce30aedca690727c8d4521c9e38f66b252f3407f37d63180a9d2336d30e7'}, 'dob': {'date': '1969-02-23T16:44:01.967Z', 'age': 55}, 'registered': {'date': '2006-06-13T12:25:04.273Z', 'age': 17}, 'phone': '(805)-537-4190', 'cell': '(505)-354-1596', 'id': {'name': '', 'value': None}, 'picture': {'large': 'https://randomuser.me/api/portraits/women/66.jpg', 'medium': 'https://randomuser.me/api/portraits/med/women/66.jpg', 'thumbnail': 'https://randomuser.me/api/portraits/thumb/women/66.jpg'}, 'nat': 'NZ'}], 'info': {'seed': 'd82a1f16505558c9', 'results': 1, 'page': 1, 'version': '1.4'}}</msg>
<arg>${json_data}</arg>
<doc>Logs the given message with the given level.</doc>
<status status="PASS" start="2024-05-14T04:16:36.243173" elapsed="0.000208"/>
</kw>
<kw name="Dictionary Should Contain Key" owner="Collections">
<msg time="2024-05-14T04:16:36.243828" level="INFO">False</msg>
<arg>${json_data}</arg>
<arg>results</arg>
<doc>Fails if ``key`` is not found from ``dictionary``.</doc>
<status status="PASS" start="2024-05-14T04:16:36.243677" elapsed="0.000188"/>
</kw>
<kw name="Should Not Be Empty" owner="BuiltIn">
<msg time="2024-05-14T04:16:36.244284" level="INFO">Length is 2.</msg>
<arg>${json_data}</arg>
<doc>Verifies that the given item is not empty.</doc>
<status status="PASS" start="2024-05-14T04:16:36.244153" elapsed="0.000168"/>
</kw>
<kw name="Create List" owner="BuiltIn">
<msg time="2024-05-14T04:16:36.244892" level="INFO">${expected_keys} = ['gender', 'name', 'location', 'email', 'login']</msg>
<var>${expected_keys}</var>
<arg>gender</arg>
<arg>name</arg>
<arg>location</arg>
<arg>email</arg>
<arg>login</arg>
<doc>Returns a list containing given items.</doc>
<status status="PASS" start="2024-05-14T04:16:36.244613" elapsed="0.000303"/>
</kw>
<for flavor="IN">
<iter>
<kw name="Dictionary Should Contain Key" owner="Collections">
<msg time="2024-05-14T04:16:36.245925" level="INFO">False</msg>
<arg>${json_data['results'][0]}</arg>
<arg>${key}</arg>
<doc>Fails if ``key`` is not found from ``dictionary``.</doc>
<status status="PASS" start="2024-05-14T04:16:36.245524" elapsed="0.000470"/>
</kw>
<kw name="Log" owner="BuiltIn">
<msg time="2024-05-14T04:16:36.246698" level="INFO">{'gender': 'female', 'name': {'title': 'Miss', 'first': 'Maia', 'last': 'Thomas'}, 'location': {'street': {'number': 9520, 'name': 'Wairau Road'}, 'city': 'Lower Hutt', 'state': 'Wellington', 'country': 'New Zealand', 'postcode': 70831, 'coordinates': {'latitude': '51.2722', 'longitude': '98.4369'}, 'timezone': {'offset': '-12:00', 'description': 'Eniwetok, Kwajalein'}}, 'email': 'maia.thomas@example.com', 'login': {'uuid': 'ab40ff6e-a1b6-4ae5-bac8-b163ad0885c7', 'username': 'lazypanda192', 'password': 'rootbeer', 'salt': 'hSyN5tDM', 'md5': '35ee7ca9a8f79786508e74d82ac192b0', 'sha1': '3b85ced9955a47bb347a4215b9addc2381873b69', 'sha256': 'f066ce30aedca690727c8d4521c9e38f66b252f3407f37d63180a9d2336d30e7'}, 'dob': {'date': '1969-02-23T16:44:01.967Z', 'age': 55}, 'registered': {'date': '2006-06-13T12:25:04.273Z', 'age': 17}, 'phone': '(805)-537-4190', 'cell': '(505)-354-1596', 'id': {'name': '', 'value': None}, 'picture': {'large': 'https://randomuser.me/api/portraits/women/66.jpg', 'medium': 'https://randomuser.me/api/portraits/med/women/66.jpg', 'thumbnail': 'https://randomuser.me/api/portraits/thumb/women/66.jpg'}, 'nat': 'NZ'}</msg>
<arg>${json_data['results'][0]}</arg>
<doc>Logs the given message with the given level.</doc>
<status status="PASS" start="2024-05-14T04:16:36.246334" elapsed="0.000412"/>
</kw>
<kw name="Log" owner="BuiltIn">
<msg time="2024-05-14T04:16:36.247170" level="INFO">gender</msg>
<arg>${key}</arg>
<doc>Logs the given message with the given level.</doc>
<status status="PASS" start="2024-05-14T04:16:36.247043" elapsed="0.000163"/>
</kw>
<var name="${key}">gender</var>
<status status="PASS" start="2024-05-14T04:16:36.245399" elapsed="0.002021"/>
</iter>
<iter>
<kw name="Dictionary Should Contain Key" owner="Collections">
<msg time="2024-05-14T04:16:36.248106" level="INFO">False</msg>
<arg>${json_data['results'][0]}</arg>
<arg>${key}</arg>
<doc>Fails if ``key`` is not found from ``dictionary``.</doc>
<status status="PASS" start="2024-05-14T04:16:36.247718" elapsed="0.000425"/>
</kw>
<kw name="Log" owner="BuiltIn">
<msg time="2024-05-14T04:16:36.248825" level="INFO">{'gender': 'female', 'name': {'title': 'Miss', 'first': 'Maia', 'last': 'Thomas'}, 'location': {'street': {'number': 9520, 'name': 'Wairau Road'}, 'city': 'Lower Hutt', 'state': 'Wellington', 'country': 'New Zealand', 'postcode': 70831, 'coordinates': {'latitude': '51.2722', 'longitude': '98.4369'}, 'timezone': {'offset': '-12:00', 'description': 'Eniwetok, Kwajalein'}}, 'email': 'maia.thomas@example.com', 'login': {'uuid': 'ab40ff6e-a1b6-4ae5-bac8-b163ad0885c7', 'username': 'lazypanda192', 'password': 'rootbeer', 'salt': 'hSyN5tDM', 'md5': '35ee7ca9a8f79786508e74d82ac192b0', 'sha1': '3b85ced9955a47bb347a4215b9addc2381873b69', 'sha256': 'f066ce30aedca690727c8d4521c9e38f66b252f3407f37d63180a9d2336d30e7'}, 'dob': {'date': '1969-02-23T16:44:01.967Z', 'age': 55}, 'registered': {'date': '2006-06-13T12:25:04.273Z', 'age': 17}, 'phone': '(805)-537-4190', 'cell': '(505)-354-1596', 'id': {'name': '', 'value': None}, 'picture': {'large': 'https://randomuser.me/api/portraits/women/66.jpg', 'medium': 'https://randomuser.me/api/portraits/med/women/66.jpg', 'thumbnail': 'https://randomuser.me/api/portraits/thumb/women/66.jpg'}, 'nat': 'NZ'}</msg>
<arg>${json_data['results'][0]}</arg>
<doc>Logs the given message with the given level.</doc>
<status status="PASS" start="2024-05-14T04:16:36.248462" elapsed="0.000410"/>
</kw>
<kw name="Log" owner="BuiltIn">
<msg time="2024-05-14T04:16:36.249313" level="INFO">name</msg>
<arg>${key}</arg>
<doc>Logs the given message with the given level.</doc>
<status status="PASS" start="2024-05-14T04:16:36.249187" elapsed="0.000163"/>
</kw>
<var name="${key}">name</var>
<status status="PASS" start="2024-05-14T04:16:36.247604" elapsed="0.001957"/>
</iter>
<iter>
<kw name="Dictionary Should Contain Key" owner="Collections">
<msg time="2024-05-14T04:16:36.250226" level="INFO">False</msg>
<arg>${json_data['results'][0]}</arg>
<arg>${key}</arg>
<doc>Fails if ``key`` is not found from ``dictionary``.</doc>
<status status="PASS" start="2024-05-14T04:16:36.249846" elapsed="0.000417"/>
</kw>
<kw name="Log" owner="BuiltIn">
<msg time="2024-05-14T04:16:36.250916" level="INFO">{'gender': 'female', 'name': {'title': 'Miss', 'first': 'Maia', 'last': 'Thomas'}, 'location': {'street': {'number': 9520, 'name': 'Wairau Road'}, 'city': 'Lower Hutt', 'state': 'Wellington', 'country': 'New Zealand', 'postcode': 70831, 'coordinates': {'latitude': '51.2722', 'longitude': '98.4369'}, 'timezone': {'offset': '-12:00', 'description': 'Eniwetok, Kwajalein'}}, 'email': 'maia.thomas@example.com', 'login': {'uuid': 'ab40ff6e-a1b6-4ae5-bac8-b163ad0885c7', 'username': 'lazypanda192', 'password': 'rootbeer', 'salt': 'hSyN5tDM', 'md5': '35ee7ca9a8f79786508e74d82ac192b0', 'sha1': '3b85ced9955a47bb347a4215b9addc2381873b69', 'sha256': 'f066ce30aedca690727c8d4521c9e38f66b252f3407f37d63180a9d2336d30e7'}, 'dob': {'date': '1969-02-23T16:44:01.967Z', 'age': 55}, 'registered': {'date': '2006-06-13T12:25:04.273Z', 'age': 17}, 'phone': '(805)-537-4190', 'cell': '(505)-354-1596', 'id': {'name': '', 'value': None}, 'picture': {'large': 'https://randomuser.me/api/portraits/women/66.jpg', 'medium': 'https://randomuser.me/api/portraits/med/women/66.jpg', 'thumbnail': 'https://randomuser.me/api/portraits/thumb/women/66.jpg'}, 'nat': 'NZ'}</msg>
<arg>${json_data['results'][0]}</arg>
<doc>Logs the given message with the given level.</doc>
<status status="PASS" start="2024-05-14T04:16:36.250555" elapsed="0.000408"/>
</kw>
<kw name="Log" owner="BuiltIn">
<msg time="2024-05-14T04:16:36.251400" level="INFO">location</msg>
<arg>${key}</arg>
<doc>Logs the given message with the given level.</doc>
<status status="PASS" start="2024-05-14T04:16:36.251277" elapsed="0.000159"/>
</kw>
<var name="${key}">location</var>
<status status="PASS" start="2024-05-14T04:16:36.249736" elapsed="0.001908"/>
</iter>
<iter>
<kw name="Dictionary Should Contain Key" owner="Collections">
<msg time="2024-05-14T04:16:36.252305" level="INFO">False</msg>
<arg>${json_data['results'][0]}</arg>
<arg>${key}</arg>
<doc>Fails if ``key`` is not found from ``dictionary``.</doc>
<status status="PASS" start="2024-05-14T04:16:36.251924" elapsed="0.000417"/>
</kw>
<kw name="Log" owner="BuiltIn">
<msg time="2024-05-14T04:16:36.252987" level="INFO">{'gender': 'female', 'name': {'title': 'Miss', 'first': 'Maia', 'last': 'Thomas'}, 'location': {'street': {'number': 9520, 'name': 'Wairau Road'}, 'city': 'Lower Hutt', 'state': 'Wellington', 'country': 'New Zealand', 'postcode': 70831, 'coordinates': {'latitude': '51.2722', 'longitude': '98.4369'}, 'timezone': {'offset': '-12:00', 'description': 'Eniwetok, Kwajalein'}}, 'email': 'maia.thomas@example.com', 'login': {'uuid': 'ab40ff6e-a1b6-4ae5-bac8-b163ad0885c7', 'username': 'lazypanda192', 'password': 'rootbeer', 'salt': 'hSyN5tDM', 'md5': '35ee7ca9a8f79786508e74d82ac192b0', 'sha1': '3b85ced9955a47bb347a4215b9addc2381873b69', 'sha256': 'f066ce30aedca690727c8d4521c9e38f66b252f3407f37d63180a9d2336d30e7'}, 'dob': {'date': '1969-02-23T16:44:01.967Z', 'age': 55}, 'registered': {'date': '2006-06-13T12:25:04.273Z', 'age': 17}, 'phone': '(805)-537-4190', 'cell': '(505)-354-1596', 'id': {'name': '', 'value': None}, 'picture': {'large': 'https://randomuser.me/api/portraits/women/66.jpg', 'medium': 'https://randomuser.me/api/portraits/med/women/66.jpg', 'thumbnail': 'https://randomuser.me/api/portraits/thumb/women/66.jpg'}, 'nat': 'NZ'}</msg>
<arg>${json_data['results'][0]}</arg>
<doc>Logs the given message with the given level.</doc>
<status status="PASS" start="2024-05-14T04:16:36.252634" elapsed="0.000420"/>
</kw>
<kw name="Log" owner="BuiltIn">
<msg time="2024-05-14T04:16:36.253474" level="INFO">email</msg>
<arg>${key}</arg>
<doc>Logs the given message with the given level.</doc>
<status status="PASS" start="2024-05-14T04:16:36.253350" elapsed="0.000161"/>
</kw>
<var name="${key}">email</var>
<status status="PASS" start="2024-05-14T04:16:36.251816" elapsed="0.001915"/>
</iter>
<iter>
<kw name="Dictionary Should Contain Key" owner="Collections">
<msg time="2024-05-14T04:16:36.254389" level="INFO">False</msg>
<arg>${json_data['results'][0]}</arg>
<arg>${key}</arg>
<doc>Fails if ``key`` is not found from ``dictionary``.</doc>
<status status="PASS" start="2024-05-14T04:16:36.254008" elapsed="0.000417"/>
</kw>
<kw name="Log" owner="BuiltIn">
<msg time="2024-05-14T04:16:36.255069" level="INFO">{'gender': 'female', 'name': {'title': 'Miss', 'first': 'Maia', 'last': 'Thomas'}, 'location': {'street': {'number': 9520, 'name': 'Wairau Road'}, 'city': 'Lower Hutt', 'state': 'Wellington', 'country': 'New Zealand', 'postcode': 70831, 'coordinates': {'latitude': '51.2722', 'longitude': '98.4369'}, 'timezone': {'offset': '-12:00', 'description': 'Eniwetok, Kwajalein'}}, 'email': 'maia.thomas@example.com', 'login': {'uuid': 'ab40ff6e-a1b6-4ae5-bac8-b163ad0885c7', 'username': 'lazypanda192', 'password': 'rootbeer', 'salt': 'hSyN5tDM', 'md5': '35ee7ca9a8f79786508e74d82ac192b0', 'sha1': '3b85ced9955a47bb347a4215b9addc2381873b69', 'sha256': 'f066ce30aedca690727c8d4521c9e38f66b252f3407f37d63180a9d2336d30e7'}, 'dob': {'date': '1969-02-23T16:44:01.967Z', 'age': 55}, 'registered': {'date': '2006-06-13T12:25:04.273Z', 'age': 17}, 'phone': '(805)-537-4190', 'cell': '(505)-354-1596', 'id': {'name': '', 'value': None}, 'picture': {'large': 'https://randomuser.me/api/portraits/women/66.jpg', 'medium': 'https://randomuser.me/api/portraits/med/women/66.jpg', 'thumbnail': 'https://randomuser.me/api/portraits/thumb/women/66.jpg'}, 'nat': 'NZ'}</msg>
<arg>${json_data['results'][0]}</arg>
<doc>Logs the given message with the given level.</doc>
<status status="PASS" start="2024-05-14T04:16:36.254712" elapsed="0.000403"/>
</kw>
<kw name="Log" owner="BuiltIn">
<msg time="2024-05-14T04:16:36.255533" level="INFO">login</msg>
<arg>${key}</arg>
<doc>Logs the given message with the given level.</doc>
<status status="PASS" start="2024-05-14T04:16:36.255409" elapsed="0.000161"/>
</kw>
<var name="${key}">login</var>
<status status="PASS" start="2024-05-14T04:16:36.253900" elapsed="0.001880"/>
</iter>
<var>${key}</var>
<value>@{expected_keys}</value>
<status status="PASS" start="2024-05-14T04:16:36.245216" elapsed="0.010708"/>
</for>
<kw name="Create List" owner="BuiltIn">
<msg time="2024-05-14T04:16:36.256261" level="INFO">${expected_keysTwo} = ['username', 'password']</msg>
<var>${expected_keysTwo}</var>
<arg>username</arg>
<arg>password</arg>
<doc>Returns a list containing given items.</doc>
<status status="PASS" start="2024-05-14T04:16:36.256127" elapsed="0.000157"/>
</kw>
<for flavor="IN">
<iter>
<kw name="Dictionary Should Contain Key" owner="Collections">
<msg time="2024-05-14T04:16:36.257191" level="INFO">False</msg>
<arg>${json_data['results'][0]['login']}</arg>
<arg>${keyTwo}</arg>
<doc>Fails if ``key`` is not found from ``dictionary``.</doc>
<status status="PASS" start="2024-05-14T04:16:36.256780" elapsed="0.000448"/>
</kw>
<kw name="Dictionary Should Contain Key" owner="Collections">
<msg time="2024-05-14T04:16:36.257896" level="INFO">False</msg>
<arg>${json_data['results'][0]['login']}</arg>
<arg>${keyTwo}</arg>
<doc>Fails if ``key`` is not found from ``dictionary``.</doc>
<status status="PASS" start="2024-05-14T04:16:36.257518" elapsed="0.000414"/>
</kw>
<kw name="Log" owner="BuiltIn">
<msg time="2024-05-14T04:16:36.258343" level="INFO">username</msg>
<arg>${keyTwo}</arg>
<doc>Logs the given message with the given level.</doc>
<status status="PASS" start="2024-05-14T04:16:36.258218" elapsed="0.000167"/>
</kw>
<var name="${keyTwo}">username</var>
<status status="PASS" start="2024-05-14T04:16:36.256673" elapsed="0.001921"/>
</iter>
<iter>
<kw name="Dictionary Should Contain Key" owner="Collections">
<msg time="2024-05-14T04:16:36.259262" level="INFO">False</msg>
<arg>${json_data['results'][0]['login']}</arg>
<arg>${keyTwo}</arg>
<doc>Fails if ``key`` is not found from ``dictionary``.</doc>
<status status="PASS" start="2024-05-14T04:16:36.258870" elapsed="0.000428"/>
</kw>
<kw name="Dictionary Should Contain Key" owner="Collections">
<msg time="2024-05-14T04:16:36.260052" level="INFO">False</msg>
<arg>${json_data['results'][0]['login']}</arg>
<arg>${keyTwo}</arg>
<doc>Fails if ``key`` is not found from ``dictionary``.</doc>
<status status="PASS" start="2024-05-14T04:16:36.259589" elapsed="0.000501"/>
</kw>
<kw name="Log" owner="BuiltIn">
<msg time="2024-05-14T04:16:36.260503" level="INFO">password</msg>
<arg>${keyTwo}</arg>
<doc>Logs the given message with the given level.</doc>
<status status="PASS" start="2024-05-14T04:16:36.260379" elapsed="0.000160"/>
</kw>
<var name="${keyTwo}">password</var>
<status status="PASS" start="2024-05-14T04:16:36.258762" elapsed="0.001988"/>
</iter>
<var>${keyTwo}</var>
<value>@{expected_keysTwo}</value>
<status status="PASS" start="2024-05-14T04:16:36.256522" elapsed="0.004347"/>
</for>
<status status="PASS" start="2024-05-14T04:16:36.148715" elapsed="0.112289"/>
</kw>
<doc>Testa a estrutura da resposta da API.</doc>
<tag>testeEstruturaResposta</tag>
<status status="PASS" start="2024-05-14T04:16:36.148226" elapsed="0.112963"/>
</test>
<test id="s1-s1-t4" name="Validar tipos de dados" line="28">
<kw name="Teste de Tipos de Dados" owner="random-user-service">
<kw name="GET On Session" owner="RequestsLibrary">
<msg time="2024-05-14T04:16:36.345453" level="INFO">GET Request : url=https://randomuser.me/api 
 path_url=/api 
 headers={'User-Agent': 'python-requests/2.31.0', 'Accept-Encoding': 'gzip, deflate', 'Accept': '*/*', 'Connection': 'keep-alive'} 
 body=None 
 </msg>
<msg time="2024-05-14T04:16:36.345528" level="INFO">GET Response : url=https://randomuser.me/api 
 status=200, reason=OK 
 headers={'Date': 'Tue, 14 May 2024 04:16:36 GMT', 'Content-Type': 'application/json; charset=utf-8', 'Transfer-Encoding': 'chunked', 'Connection': 'keep-alive', 'X-Powered-By': 'Express', 'Access-Control-Allow-Origin': '*', 'Cache-Control': 'no-cache', 'ETag': 'W/"4a9-DTfpai8kU07B915VKzHYaD+xxXQ"', 'Vary': 'Accept-Encoding', 'Content-Encoding': 'gzip', 'CF-Cache-Status': 'DYNAMIC', 'Report-To': '{"endpoints":[{"url":"https:\\/\\/a.nel.cloudflare.com\\/report\\/v4?s=EMGt%2FU5rKoJKga%2BOodIM56H2cvLa5BYdzqpr%2Bz7dt%2FStMvFP6uanzsHQWUqez%2BP2y%2BarrK1QHJAqgEHA%2BqasmPgCfcdeGye8braTBu6zqe2oVCMBOajEYQ%2FOTjIXbqAF"}],"group":"cf-nel","max_age":604800}', 'NEL': '{"success_fraction":0,"report_to":"cf-nel","max_age":604800}', 'Server': 'cloudflare', 'CF-RAY': '883812e2a9b824c9-SJC', 'alt-svc': 'h3=":443"; ma=86400'} 
 body={"results":[{"gender":"male","name":{"title":"Monsieur","first":"Levi","last":"Lucas"},"location":{"street":{"number":5648,"name":"Rue de Gerland"},"city":"Vufflens-la-Ville","state":"Graubünden","country":"Switzerland","postcode":5016,"coordinates":{"latitude":"-60.7227","longitude":"-17.3245"},"timezone":{"offset":"+11:00","description":"Magadan, Solomon Islands, New Caledonia"}},"email":"levi.lucas@example.com","login":{"uuid":"99f98e61-729d-40ec-9b4b-54bb7e99b16b","username":"goldenpanda419","password":"qwert1","salt":"DiL2b3Wu","md5":"c30a1f19d296124d700e41dd866c4dec","sha1":"3c2e07298fcb226219033734bd9192b7c6be39dc","sha256":"d990b3afd03d12ba6bd503a0b2bec6854d6814d318890a0b82ae0a3aaa036355"},"dob":{"date":"1961-11-24T00:12:12.262Z","age":62},"registered":{"date":"2016-05-26T05:51:19.981Z","age":7},"phone":"079 667 13 78","cell":"079 844 46 79","id":{"name":"AVS","value":"756.4469.2300.02"},"picture":{"large":"https://randomuser.me/api/portraits/men/69.jpg","medium":"https://randomuser.me/api/portraits/med/men/69.jpg","thumbnail":"https://randomuser.me/api/portraits/thumb/men/69.jpg"},"nat":"CH"}],"info":{"seed":"00f7f2b81e76e09d","results":1,"page":1,"version":"1.4"}} 
 </msg>
<msg time="2024-05-14T04:16:36.345599" level="INFO">/opt/hostedtoolcache/Python/3.12.3/x64/lib/python3.12/site-packages/urllib3/connectionpool.py:1103: InsecureRequestWarning: Unverified HTTPS request is being made to host 'randomuser.me'. Adding certificate verification is strongly advised. See: https://urllib3.readthedocs.io/en/latest/advanced-usage.html#tls-warnings
  warnings.warn(</msg>
<msg time="2024-05-14T04:16:36.345700" level="INFO">${response} = &lt;Response [200]&gt;</msg>
<var>${response}</var>
<arg>consultarAPI</arg>
<arg>/api</arg>
<doc>Sends a GET request on a previously created HTTP Session.</doc>
<status status="PASS" start="2024-05-14T04:16:36.263552" elapsed="0.082185"/>
</kw>
<kw name="Set Variable" owner="BuiltIn">
<msg time="2024-05-14T04:16:36.346603" level="INFO">${json_data} = {'results': [{'gender': 'male', 'name': {'title': 'Monsieur', 'first': 'Levi', 'last': 'Lucas'}, 'location': {'street': {'number': 5648, 'name': 'Rue de Gerland'}, 'city': 'Vufflens-la-Ville', 'state'...</msg>
<var>${json_data}</var>
<arg>${response.json()}</arg>
<doc>Returns the given values which can then be assigned to a variables.</doc>
<status status="PASS" start="2024-05-14T04:16:36.346150" elapsed="0.000481"/>
</kw>
<kw name="Log" owner="BuiltIn">
<msg time="2024-05-14T04:16:36.347080" level="INFO">{'results': [{'gender': 'male', 'name': {'title': 'Monsieur', 'first': 'Levi', 'last': 'Lucas'}, 'location': {'street': {'number': 5648, 'name': 'Rue de Gerland'}, 'city': 'Vufflens-la-Ville', 'state': 'Graubünden', 'country': 'Switzerland', 'postcode': 5016, 'coordinates': {'latitude': '-60.7227', 'longitude': '-17.3245'}, 'timezone': {'offset': '+11:00', 'description': 'Magadan, Solomon Islands, New Caledonia'}}, 'email': 'levi.lucas@example.com', 'login': {'uuid': '99f98e61-729d-40ec-9b4b-54bb7e99b16b', 'username': 'goldenpanda419', 'password': 'qwert1', 'salt': 'DiL2b3Wu', 'md5': 'c30a1f19d296124d700e41dd866c4dec', 'sha1': '3c2e07298fcb226219033734bd9192b7c6be39dc', 'sha256': 'd990b3afd03d12ba6bd503a0b2bec6854d6814d318890a0b82ae0a3aaa036355'}, 'dob': {'date': '1961-11-24T00:12:12.262Z', 'age': 62}, 'registered': {'date': '2016-05-26T05:51:19.981Z', 'age': 7}, 'phone': '079 667 13 78', 'cell': '079 844 46 79', 'id': {'name': 'AVS', 'value': '756.4469.2300.02'}, 'picture': {'large': 'https://randomuser.me/api/portraits/men/69.jpg', 'medium': 'https://randomuser.me/api/portraits/med/men/69.jpg', 'thumbnail': 'https://randomuser.me/api/portraits/thumb/men/69.jpg'}, 'nat': 'CH'}], 'info': {'seed': '00f7f2b81e76e09d', 'results': 1, 'page': 1, 'version': '1.4'}}</msg>
<arg>${json_data}</arg>
<doc>Logs the given message with the given level.</doc>
<status status="PASS" start="2024-05-14T04:16:36.346930" elapsed="0.000231"/>
</kw>
<kw name="Should Be String" owner="String">
<arg>${json_data['results'][0]['gender']}</arg>
<doc>Fails if the given ``item`` is not a string.</doc>
<status status="PASS" start="2024-05-14T04:16:36.347453" elapsed="0.000365"/>
</kw>
<kw name="Should Match Regexp" owner="BuiltIn">
<arg>${json_data['results'][0]['email']}</arg>
<arg>^[a-zA-Z0-9._%+-]+@[a-zA-Z0-9.-]+\.[a-zA-Z]{2,}$</arg>
<doc>Fails if ``string`` does not match ``pattern`` as a regular expression.</doc>
<status status="PASS" start="2024-05-14T04:16:36.348006" elapsed="0.000505"/>
</kw>
<kw name="Should Match Regexp" owner="BuiltIn">
<arg>${json_data['results'][0]['dob']['date']}</arg>
<arg>\\d{4}-\\d{2}-\\d{2}T\\d{2}:\\d{2}:\\d{2}\\.\\d{3}Z</arg>
<doc>Fails if ``string`` does not match ``pattern`` as a regular expression.</doc>
<status status="PASS" start="2024-05-14T04:16:36.348702" elapsed="0.000517"/>
</kw>
<kw name="Should Match Regexp" owner="BuiltIn">
<arg>${json_data['results'][0]['registered']['date']}</arg>
<arg>\\d{4}-\\d{2}-\\d{2}T\\d{2}:\\d{2}:\\d{2}\\.\\d{3}Z</arg>
<doc>Fails if ``string`` does not match ``pattern`` as a regular expression.</doc>
<status status="PASS" start="2024-05-14T04:16:36.349411" elapsed="0.000375"/>
</kw>
<kw name="Should Match Regexp" owner="BuiltIn">
<arg>${json_data['results'][0]['picture']['large']}</arg>
<arg>^https?://.*\.(?:png|jpe?g|gif|bmp)$</arg>
<doc>Fails if ``string`` does not match ``pattern`` as a regular expression.</doc>
<status status="PASS" start="2024-05-14T04:16:36.349973" elapsed="0.000459"/>
</kw>
<kw name="Should Match Regexp" owner="BuiltIn">
<arg>${json_data['results'][0]['picture']['medium']}</arg>
<arg>^https?://.*\.(?:png|jpe?g|gif|bmp)$</arg>
<doc>Fails if ``string`` does not match ``pattern`` as a regular expression.</doc>
<status status="PASS" start="2024-05-14T04:16:36.350616" elapsed="0.000363"/>
</kw>
<kw name="Should Match Regexp" owner="BuiltIn">
<arg>${json_data['results'][0]['picture']['thumbnail']}</arg>
<arg>^https?://.*\.(?:png|jpe?g|gif|bmp)$</arg>
<doc>Fails if ``string`` does not match ``pattern`` as a regular expression.</doc>
<status status="PASS" start="2024-05-14T04:16:36.351166" elapsed="0.000342"/>
</kw>
<kw name="Log" owner="BuiltIn">
<msg time="2024-05-14T04:16:36.352001" level="INFO">{'large': 'https://randomuser.me/api/portraits/men/69.jpg', 'medium': 'https://randomuser.me/api/portraits/med/men/69.jpg', 'thumbnail': 'https://randomuser.me/api/portraits/thumb/men/69.jpg'}</msg>
<arg>${json_data['results'][0]['picture']}</arg>
<doc>Logs the given message with the given level.</doc>
<status status="PASS" start="2024-05-14T04:16:36.351683" elapsed="0.000358"/>
</kw>
<status status="PASS" start="2024-05-14T04:16:36.263333" elapsed="0.088955"/>
</kw>
<kw name="Teste de Tipos de Dados - Postcode" owner="random-user-service">
<kw name="GET On Session" owner="RequestsLibrary">
<msg time="2024-05-14T04:16:36.633979" level="INFO">GET Request : url=https://randomuser.me/api 
 path_url=/api 
 headers={'User-Agent': 'python-requests/2.31.0', 'Accept-Encoding': 'gzip, deflate', 'Accept': '*/*', 'Connection': 'keep-alive'} 
 body=None 
 </msg>
<msg time="2024-05-14T04:16:36.634094" level="INFO">GET Response : url=https://randomuser.me/api 
 status=200, reason=OK 
 headers={'Date': 'Tue, 14 May 2024 04:16:36 GMT', 'Content-Type': 'application/json; charset=utf-8', 'Transfer-Encoding': 'chunked', 'Connection': 'keep-alive', 'X-Powered-By': 'Express', 'Access-Control-Allow-Origin': '*', 'Cache-Control': 'no-cache', 'ETag': 'W/"4aa-/4qOAJdRz9UXHMVVCp/H011HwCo"', 'Vary': 'Accept-Encoding', 'Content-Encoding': 'gzip', 'CF-Cache-Status': 'DYNAMIC', 'Report-To': '{"endpoints":[{"url":"https:\\/\\/a.nel.cloudflare.com\\/report\\/v4?s=Y7J9QGxItju5gdedDcTxdmDVfxm%2F135gtGw3gYWA%2BHzLyZnMirHsPYU1VCORF8dpOCqarbotsiv1JP62QdsZh%2FiTv%2FL1j29Mzwt4Qk8Ma5ldeuZrvEFSrkQxYzUIpRB4"}],"group":"cf-nel","max_age":604800}', 'NEL': '{"success_fraction":0,"report_to":"cf-nel","max_age":604800}', 'Server': 'cloudflare', 'CF-RAY': '883812e33a2e24c9-SJC', 'alt-svc': 'h3=":443"; ma=86400'} 
 body={"results":[{"gender":"female","name":{"title":"Miss","first":"Ilse","last":"Calderón"},"location":{"street":{"number":506,"name":"Prolongación Norte Serna"},"city":"Tenabo","state":"Chiapas","country":"Mexico","postcode":41717,"coordinates":{"latitude":"22.8070","longitude":"86.4862"},"timezone":{"offset":"-4:00","description":"Atlantic Time (Canada), Caracas, La Paz"}},"email":"ilse.calderon@example.com","login":{"uuid":"72040ed2-5813-4b54-9a26-6a57e50479b2","username":"happykoala678","password":"bolitas","salt":"FemRxrgQ","md5":"805d0d83b270aff947426fecb30a1195","sha1":"8608d84ec4a5c33d64d920fd48e54048868e0d44","sha256":"4247bec8c972d518360d5c1a8b8123db845e2ef4e17a309d8f9f27ad088cbb75"},"dob":{"date":"1963-08-08T06:54:17.015Z","age":60},"registered":{"date":"2011-04-19T09:36:00.618Z","age":13},"phone":"(630) 245 7193","cell":"(694) 534 8740","id":{"name":"NSS","value":"99 44 11 8262 4"},"picture":{"large":"https://randomuser.me/api/portraits/women/88.jpg","medium":"https://randomuser.me/api/portraits/med/women/88.jpg","thumbnail":"https://randomuser.me/api/portraits/thumb/women/88.jpg"},"nat":"MX"}],"info":{"seed":"e821edb9365921f3","results":1,"page":1,"version":"1.4"}} 
 </msg>
<msg time="2024-05-14T04:16:36.634180" level="INFO">/opt/hostedtoolcache/Python/3.12.3/x64/lib/python3.12/site-packages/urllib3/connectionpool.py:1103: InsecureRequestWarning: Unverified HTTPS request is being made to host 'randomuser.me'. Adding certificate verification is strongly advised. See: https://urllib3.readthedocs.io/en/latest/advanced-usage.html#tls-warnings
  warnings.warn(</msg>
<msg time="2024-05-14T04:16:36.634318" level="INFO">${response} = &lt;Response [200]&gt;</msg>
<var>${response}</var>
<arg>consultarAPI</arg>
<arg>/api</arg>
<doc>Sends a GET request on a previously created HTTP Session.</doc>
<status status="PASS" start="2024-05-14T04:16:36.352711" elapsed="0.281658"/>
</kw>
<kw name="Set Variable" owner="BuiltIn">
<msg time="2024-05-14T04:16:36.635417" level="INFO">${json_data} = {'results': [{'gender': 'female', 'name': {'title': 'Miss', 'first': 'Ilse', 'last': 'Calderón'}, 'location': {'street': {'number': 506, 'name': 'Prolongación Norte Serna'}, 'city': 'Tenabo', 'state':...</msg>
<var>${json_data}</var>
<arg>${response.json()}</arg>
<doc>Returns the given values which can then be assigned to a variables.</doc>
<status status="PASS" start="2024-05-14T04:16:36.634898" elapsed="0.000548"/>
</kw>
<kw name="Log" owner="BuiltIn">
<msg time="2024-05-14T04:16:36.635900" level="INFO">{'results': [{'gender': 'female', 'name': {'title': 'Miss', 'first': 'Ilse', 'last': 'Calderón'}, 'location': {'street': {'number': 506, 'name': 'Prolongación Norte Serna'}, 'city': 'Tenabo', 'state': 'Chiapas', 'country': 'Mexico', 'postcode': 41717, 'coordinates': {'latitude': '22.8070', 'longitude': '86.4862'}, 'timezone': {'offset': '-4:00', 'description': 'Atlantic Time (Canada), Caracas, La Paz'}}, 'email': 'ilse.calderon@example.com', 'login': {'uuid': '72040ed2-5813-4b54-9a26-6a57e50479b2', 'username': 'happykoala678', 'password': 'bolitas', 'salt': 'FemRxrgQ', 'md5': '805d0d83b270aff947426fecb30a1195', 'sha1': '8608d84ec4a5c33d64d920fd48e54048868e0d44', 'sha256': '4247bec8c972d518360d5c1a8b8123db845e2ef4e17a309d8f9f27ad088cbb75'}, 'dob': {'date': '1963-08-08T06:54:17.015Z', 'age': 60}, 'registered': {'date': '2011-04-19T09:36:00.618Z', 'age': 13}, 'phone': '(630) 245 7193', 'cell': '(694) 534 8740', 'id': {'name': 'NSS', 'value': '99 44 11 8262 4'}, 'picture': {'large': 'https://randomuser.me/api/portraits/women/88.jpg', 'medium': 'https://randomuser.me/api/portraits/med/women/88.jpg', 'thumbnail': 'https://randomuser.me/api/portraits/thumb/women/88.jpg'}, 'nat': 'MX'}], 'info': {'seed': 'e821edb9365921f3', 'results': 1, 'page': 1, 'version': '1.4'}}</msg>
<arg>${json_data}</arg>
<doc>Logs the given message with the given level.</doc>
<status status="PASS" start="2024-05-14T04:16:36.635744" elapsed="0.000238"/>
</kw>
<kw name="Should Be Equal As Numbers" owner="BuiltIn">
<arg>${json_data['results'][0]['location']['postcode']}</arg>
<arg>${json_data['results'][0]['location']['postcode']}</arg>
<doc>Fails if objects are unequal after converting them to real numbers.</doc>
<status status="PASS" start="2024-05-14T04:16:36.636279" elapsed="0.000832"/>
</kw>
<kw name="Log" owner="BuiltIn">
<msg time="2024-05-14T04:16:36.637649" level="INFO">41717</msg>
<arg>${json_data['results'][0]['location']['postcode']}</arg>
<doc>Logs the given message with the given level.</doc>
<status status="PASS" start="2024-05-14T04:16:36.637314" elapsed="0.000374"/>
</kw>
<status status="PASS" start="2024-05-14T04:16:36.352498" elapsed="0.285443"/>
</kw>
<doc>Testa se os tipos de dados na resposta da API estão corretos.</doc>
<tag>testeTiposDados</tag>
<status status="PASS" start="2024-05-14T04:16:36.262916" elapsed="0.375189"/>
</test>
<test id="s1-s1-t5" name="Validar conteudo" line="35">
<kw name="Teste de Tipos de Conteudo" owner="random-user-service">
<kw name="GET On Session" owner="RequestsLibrary">
<msg time="2024-05-14T04:16:36.734684" level="INFO">GET Request : url=https://randomuser.me/api 
 path_url=/api 
 headers={'User-Agent': 'python-requests/2.31.0', 'Accept-Encoding': 'gzip, deflate', 'Accept': '*/*', 'Connection': 'keep-alive'} 
 body=None 
 </msg>
<msg time="2024-05-14T04:16:36.734764" level="INFO">GET Response : url=https://randomuser.me/api 
 status=200, reason=OK 
 headers={'Date': 'Tue, 14 May 2024 04:16:36 GMT', 'Content-Type': 'application/json; charset=utf-8', 'Transfer-Encoding': 'chunked', 'Connection': 'keep-alive', 'X-Powered-By': 'Express', 'Access-Control-Allow-Origin': '*', 'Cache-Control': 'no-cache', 'ETag': 'W/"4a6-A6shrRZCeNigCCkIyhQqRRtao5s"', 'Vary': 'Accept-Encoding', 'Content-Encoding': 'gzip', 'CF-Cache-Status': 'DYNAMIC', 'Report-To': '{"endpoints":[{"url":"https:\\/\\/a.nel.cloudflare.com\\/report\\/v4?s=ozOWJxc%2FBkwS2pvyvzpfmP9caKsWxDf%2FRFLnYYzndKIG%2Fg9HqVz5OhsIPRRMNnOEOZDAKntaNrH5YT3j5WtvjneZene49Os%2Bns3TF6K2Kg%2F6%2B8g%2B2jjLYHauCVC%2BqM7c"}],"group":"cf-nel","max_age":604800}', 'NEL': '{"success_fraction":0,"report_to":"cf-nel","max_age":604800}', 'Server': 'cloudflare', 'CF-RAY': '883812e50b7d24c9-SJC', 'alt-svc': 'h3=":443"; ma=86400'} 
 body={"results":[{"gender":"female","name":{"title":"Ms","first":"Eduarda","last":"Teixeira"},"location":{"street":{"number":1624,"name":"Rua São Sebastiao "},"city":"Apucarana","state":"Paraná","country":"Brazil","postcode":27889,"coordinates":{"latitude":"-77.8621","longitude":"115.2948"},"timezone":{"offset":"+4:00","description":"Abu Dhabi, Muscat, Baku, Tbilisi"}},"email":"eduarda.teixeira@example.com","login":{"uuid":"4fc92d08-3e0d-42a8-b519-fa5f82a2ce3a","username":"organicwolf712","password":"balloons","salt":"3cZjPIRw","md5":"601d312bbe0dfdf83779ed3ac0c709d2","sha1":"c7755e9327e70004f49f6df38ba87c38ff56163a","sha256":"1c139089c8853ae2f03fc9e4ad5b80a6f8cd30d2d96a85285153a7e2eb2f72cb"},"dob":{"date":"1964-12-29T06:24:11.722Z","age":59},"registered":{"date":"2022-04-11T03:09:18.356Z","age":2},"phone":"(16) 1792-6859","cell":"(71) 4168-0461","id":{"name":"CPF","value":"175.408.898-41"},"picture":{"large":"https://randomuser.me/api/portraits/women/52.jpg","medium":"https://randomuser.me/api/portraits/med/women/52.jpg","thumbnail":"https://randomuser.me/api/portraits/thumb/women/52.jpg"},"nat":"BR"}],"info":{"seed":"0c031fbeb80af818","results":1,"page":1,"version":"1.4"}} 
 </msg>
<msg time="2024-05-14T04:16:36.734820" level="INFO">/opt/hostedtoolcache/Python/3.12.3/x64/lib/python3.12/site-packages/urllib3/connectionpool.py:1103: InsecureRequestWarning: Unverified HTTPS request is being made to host 'randomuser.me'. Adding certificate verification is strongly advised. See: https://urllib3.readthedocs.io/en/latest/advanced-usage.html#tls-warnings
  warnings.warn(</msg>
<msg time="2024-05-14T04:16:36.734904" level="INFO">${response} = &lt;Response [200]&gt;</msg>
<var>${response}</var>
<arg>consultarAPI</arg>
<arg>/api</arg>
<doc>Sends a GET request on a previously created HTTP Session.</doc>
<status status="PASS" start="2024-05-14T04:16:36.640526" elapsed="0.094410"/>
</kw>
<kw name="Set Variable" owner="BuiltIn">
<msg time="2024-05-14T04:16:36.735770" level="INFO">${json_data} = {'results': [{'gender': 'female', 'name': {'title': 'Ms', 'first': 'Eduarda', 'last': 'Teixeira'}, 'location': {'street': {'number': 1624, 'name': 'Rua São Sebastiao '}, 'city': 'Apucarana', 'state': ...</msg>
<var>${json_data}</var>
<arg>${response.json()}</arg>
<doc>Returns the given values which can then be assigned to a variables.</doc>
<status status="PASS" start="2024-05-14T04:16:36.735301" elapsed="0.000500"/>
</kw>
<kw name="Set Variable" owner="BuiltIn">
<msg time="2024-05-14T04:16:36.736491" level="INFO">${name_title} = Ms</msg>
<var>${name_title}</var>
<arg>${json_data["results"][0]["name"]["title"]}</arg>
<doc>Returns the given values which can then be assigned to a variables.</doc>
<status status="PASS" start="2024-05-14T04:16:36.736109" elapsed="0.000406"/>
</kw>
<kw name="Create List" owner="BuiltIn">
<msg time="2024-05-14T04:16:36.736950" level="INFO">${allowed_titles} = ['Mr', 'Ms', 'Miss', 'Mrs', 'Madame', 'Monsieur']</msg>
<var>${allowed_titles}</var>
<arg>Mr</arg>
<arg>Ms</arg>
<arg>Miss</arg>
<arg>Mrs</arg>
<arg>Madame</arg>
<arg>Monsieur</arg>
<doc>Returns a list containing given items.</doc>
<status status="PASS" start="2024-05-14T04:16:36.736805" elapsed="0.000169"/>
</kw>
<kw name="List Should Contain Value" owner="Collections">
<msg time="2024-05-14T04:16:36.737505" level="INFO">False</msg>
<arg>${allowed_titles}</arg>
<arg>${name_title}</arg>
<doc>Fails if the ``value`` is not found from ``list``.</doc>
<status status="PASS" start="2024-05-14T04:16:36.737328" elapsed="0.000213"/>
</kw>
<kw name="Set Variable" owner="BuiltIn">
<msg time="2024-05-14T04:16:36.738202" level="INFO">${name_country} = BR</msg>
<var>${name_country}</var>
<arg>${json_data["results"][0]["nat"]}</arg>
<doc>Returns the given values which can then be assigned to a variables.</doc>
<status status="PASS" start="2024-05-14T04:16:36.737830" elapsed="0.000396"/>
</kw>
<kw name="Create List" owner="BuiltIn">
<msg time="2024-05-14T04:16:36.739098" level="INFO">${list_country} = ['AD', 'AE', 'AF', 'AG', 'AI', 'AL', 'AM', 'AO', 'AQ', 'AR', 'AS', 'AT', 'AU', 'AW', 'AX', 'AZ', 'BA', 'BB', 'BD', 'BE', 'BF', 'BG', 'BH', 'BI', 'BJ', 'BL', 'BM', 'BN', 'BO', 'BQ', 'BR', 'BS', 'BT', '...</msg>
<var>${list_country}</var>
<arg>AD</arg>
<arg>AE</arg>
<arg>AF</arg>
<arg>AG</arg>
<arg>AI</arg>
<arg>AL</arg>
<arg>AM</arg>
<arg>AO</arg>
<arg>AQ</arg>
<arg>AR</arg>
<arg>AS</arg>
<arg>AT</arg>
<arg>AU</arg>
<arg>AW</arg>
<arg>AX</arg>
<arg>AZ</arg>
<arg>BA</arg>
<arg>BB</arg>
<arg>BD</arg>
<arg>BE</arg>
<arg>BF</arg>
<arg>BG</arg>
<arg>BH</arg>
<arg>BI</arg>
<arg>BJ</arg>
<arg>BL</arg>
<arg>BM</arg>
<arg>BN</arg>
<arg>BO</arg>
<arg>BQ</arg>
<arg>BR</arg>
<arg>BS</arg>
<arg>BT</arg>
<arg>BV</arg>
<arg>BW</arg>
<arg>BY</arg>
<arg>BZ</arg>
<arg>CA</arg>
<arg>CC</arg>
<arg>CD</arg>
<arg>CF</arg>
<arg>CG</arg>
<arg>CH</arg>
<arg>CI</arg>
<arg>CK</arg>
<arg>CL</arg>
<arg>CM</arg>
<arg>CN</arg>
<arg>CO</arg>
<arg>CR</arg>
<arg>CU</arg>
<arg>CV</arg>
<arg>CW</arg>
<arg>CX</arg>
<arg>CY</arg>
<arg>CZ</arg>
<arg>DE</arg>
<arg>DJ</arg>
<arg>DK</arg>
<arg>DM</arg>
<arg>DO</arg>
<arg>DZ</arg>
<arg>EC</arg>
<arg>EE</arg>
<arg>EG</arg>
<arg>EH</arg>
<arg>ER</arg>
<arg>ES</arg>
<arg>ET</arg>
<arg>FI</arg>
<arg>FJ</arg>
<arg>FK</arg>
<arg>FM</arg>
<arg>FO</arg>
<arg>FR</arg>
<arg>GA</arg>
<arg>GB</arg>
<arg>GD</arg>
<arg>GE</arg>
<arg>GF</arg>
<arg>GG</arg>
<arg>GH</arg>
<arg>GI</arg>
<arg>GL</arg>
<arg>GM</arg>
<arg>GN</arg>
<arg>GP</arg>
<arg>GQ</arg>
<arg>GR</arg>
<arg>GS</arg>
<arg>GT</arg>
<arg>GU</arg>
<arg>GW</arg>
<arg>GY</arg>
<arg>HK</arg>
<arg>HM</arg>
<arg>HN</arg>
<arg>HR</arg>
<arg>HT</arg>
<arg>HU</arg>
<arg>ID</arg>
<arg>IE</arg>
<arg>IL</arg>
<arg>IM</arg>
<arg>IN</arg>
<arg>IO</arg>
<arg>IQ</arg>
<arg>IR</arg>
<arg>IS</arg>
<arg>IT</arg>
<arg>JE</arg>
<arg>JM</arg>
<arg>JO</arg>
<arg>JP</arg>
<arg>KE</arg>
<arg>KG</arg>
<arg>KH</arg>
<arg>KI</arg>
<arg>KM</arg>
<arg>KN</arg>
<arg>KP</arg>
<arg>KR</arg>
<arg>KW</arg>
<arg>KY</arg>
<arg>KZ</arg>
<arg>LA</arg>
<arg>LB</arg>
<arg>LC</arg>
<arg>LI</arg>
<arg>LK</arg>
<arg>LR</arg>
<arg>LS</arg>
<arg>LT</arg>
<arg>LU</arg>
<arg>LV</arg>
<arg>LY</arg>
<arg>MA</arg>
<arg>MC</arg>
<arg>MD</arg>
<arg>ME</arg>
<arg>MF</arg>
<arg>MG</arg>
<arg>MH</arg>
<arg>MK</arg>
<arg>ML</arg>
<arg>MM</arg>
<arg>MN</arg>
<arg>MO</arg>
<arg>MP</arg>
<arg>MQ</arg>
<arg>MR</arg>
<arg>MS</arg>
<arg>MT</arg>
<arg>MU</arg>
<arg>MV</arg>
<arg>MW</arg>
<arg>MX</arg>
<arg>MY</arg>
<arg>MZ</arg>
<arg>NA</arg>
<arg>NC</arg>
<arg>NE</arg>
<arg>NF</arg>
<arg>NG</arg>
<arg>NI</arg>
<arg>NL</arg>
<arg>NO</arg>
<arg>NP</arg>
<arg>NR</arg>
<arg>NU</arg>
<arg>NZ</arg>
<arg>OM</arg>
<arg>PA</arg>
<arg>PE</arg>
<arg>PF</arg>
<arg>PG</arg>
<arg>PH</arg>
<arg>PK</arg>
<arg>PL</arg>
<arg>PM</arg>
<arg>PN</arg>
<arg>PR</arg>
<arg>PS</arg>
<arg>PT</arg>
<arg>PW</arg>
<arg>PY</arg>
<arg>QA</arg>
<arg>RE</arg>
<arg>RO</arg>
<arg>RS</arg>
<arg>RU</arg>
<arg>RW</arg>
<arg>SA</arg>
<arg>SB</arg>
<arg>SC</arg>
<arg>SD</arg>
<arg>SE</arg>
<arg>SG</arg>
<arg>SH</arg>
<arg>SI</arg>
<arg>SJ</arg>
<arg>SK</arg>
<arg>SL</arg>
<arg>SM</arg>
<arg>SN</arg>
<arg>SO</arg>
<arg>SR</arg>
<arg>SS</arg>
<arg>ST</arg>
<arg>SV</arg>
<arg>SX</arg>
<arg>SY</arg>
<arg>SZ</arg>
<arg>TC</arg>
<arg>TD</arg>
<arg>TF</arg>
<arg>TG</arg>
<arg>TH</arg>
<arg>TJ</arg>
<arg>TK</arg>
<arg>TL</arg>
<arg>TM</arg>
<arg>TN</arg>
<arg>TO</arg>
<arg>TR</arg>
<arg>TT</arg>
<arg>TV</arg>
<arg>TW</arg>
<arg>TZ</arg>
<arg>UA</arg>
<arg>UG</arg>
<arg>UM</arg>
<arg>US</arg>
<arg>UY</arg>
<arg>UZ</arg>
<arg>VA</arg>
<arg>VC</arg>
<arg>VE</arg>
<arg>VG</arg>
<arg>VI</arg>
<arg>VN</arg>
<arg>VU</arg>
<arg>WF</arg>
<arg>WS</arg>
<arg>XK</arg>
<arg>YE</arg>
<arg>YT</arg>
<arg>ZA</arg>
<arg>ZM</arg>
<arg>ZW</arg>
<doc>Returns a list containing given items.</doc>
<status status="PASS" start="2024-05-14T04:16:36.738520" elapsed="0.000603"/>
</kw>
<kw name="List Should Contain Value" owner="Collections">
<msg time="2024-05-14T04:16:36.740092" level="INFO">False</msg>
<arg>${list_country}</arg>
<arg>${name_country}</arg>
<doc>Fails if the ``value`` is not found from ``list``.</doc>
<status status="PASS" start="2024-05-14T04:16:36.739899" elapsed="0.000228"/>
</kw>
<kw name="Run Keyword If" owner="BuiltIn">
<kw name="Should Be True" owner="BuiltIn">
<arg>${True}</arg>
<doc>Fails if the given condition is not true.</doc>
<status status="PASS" start="2024-05-14T04:16:36.741209" elapsed="0.000141"/>
</kw>
<arg>${json_data["results"][0]["location"]["coordinates"]["latitude"]} &gt;= -90 and ${json_data["results"][0]["location"]["coordinates"]["latitude"]} &lt;= 90</arg>
<arg>Should Be True</arg>
<arg>${True}</arg>
<doc>Runs the given keyword with the given arguments, if ``condition`` is true.</doc>
<status status="PASS" start="2024-05-14T04:16:36.740431" elapsed="0.001042"/>
</kw>
<kw name="Run Keyword If" owner="BuiltIn">
<kw name="Should Be True" owner="BuiltIn">
<arg>${True}</arg>
<doc>Fails if the given condition is not true.</doc>
<status status="PASS" start="2024-05-14T04:16:36.742343" elapsed="0.000236"/>
</kw>
<arg>${json_data["results"][0]["location"]["coordinates"]["longitude"]} &gt;= -180 and ${json_data["results"][0]["location"]["coordinates"]["longitude"]} &lt;= 180</arg>
<arg>Should Be True</arg>
<arg>${True}</arg>
<doc>Runs the given keyword with the given arguments, if ``condition`` is true.</doc>
<status status="PASS" start="2024-05-14T04:16:36.741651" elapsed="0.001050"/>
</kw>
<status status="PASS" start="2024-05-14T04:16:36.640305" elapsed="0.102521"/>
</kw>
<doc>Testa o conteúdo específico dos campos retornados pela API.</doc>
<tag>testeConteudo</tag>
<status status="PASS" start="2024-05-14T04:16:36.639859" elapsed="0.103105"/>
</test>
<status status="PASS" start="2024-05-14T04:16:35.685467" elapsed="1.059397"/>
</suite>
<status status="PASS" start="2024-05-14T04:16:35.671923" elapsed="1.078096"/>
</suite>
<statistics>
<total>
<stat pass="5" fail="0" skip="0">All Tests</stat>
</total>
<tag>
<stat pass="1" fail="0" skip="0">testeConteudo</stat>
<stat pass="1" fail="0" skip="0">testeEstruturaResposta</stat>
<stat pass="1" fail="0" skip="0">testeRequisicaoBasica</stat>
<stat pass="1" fail="0" skip="0">testeTiposDados</stat>
</tag>
<suite>
<stat pass="5" fail="0" skip="0" id="s1" name="Tests">Tests</stat>
<stat pass="5" fail="0" skip="0" id="s1-s1" name="Random-User-Test">Tests.Random-User-Test</stat>
</suite>
</statistics>
<errors>
</errors>
</robot>
