<?xml version="1.0" encoding="UTF-8"?>
<robot generator="Robot 7.0 (Python 3.12.2 on linux)" generated="2024-04-11T11:12:49.836865" rpa="false" schemaversion="5">
<suite id="s1" name="Tests" source="/home/runner/work/DesafioQAItauRogerioJordao/DesafioQAItauRogerioJordao/RamdonUser/tests">
<suite id="s1-s1" name="Random-User-Test" source="/home/runner/work/DesafioQAItauRogerioJordao/DesafioQAItauRogerioJordao/RamdonUser/tests/random-user-test.robot">
<test id="s1-s1-t1" name="Conectar" line="13">
<kw name="Conectar API" owner="random-user-service">
<kw name="Create Session" owner="RequestsLibrary">
<msg time="2024-04-11T11:12:50.212108" level="INFO">Creating Session using : alias=consultarAPI, url=https://randomuser.me/, headers={},                     cookies={}, auth=None, timeout=None, proxies=None, verify=False,                     debug=0 </msg>
<arg>consultarAPI</arg>
<arg>${URL}</arg>
<doc>Create Session: create a HTTP session to a server</doc>
<status status="PASS" start="2024-04-11T11:12:50.211820" elapsed="0.000558"/>
</kw>
<status status="PASS" start="2024-04-11T11:12:50.210045" elapsed="0.002908"/>
</kw>
<status status="PASS" start="2024-04-11T11:12:50.209389" elapsed="0.003874"/>
</test>
<test id="s1-s1-t2" name="Validar retorno 200 e JSON Válido" line="16">
<kw name="Teste de Requisicao Basica" owner="random-user-service">
<kw name="GET On Session" owner="RequestsLibrary">
<msg time="2024-04-11T11:12:50.469746" level="INFO">GET Request : url=https://randomuser.me/api 
 path_url=/api 
 headers={'User-Agent': 'python-requests/2.31.0', 'Accept-Encoding': 'gzip, deflate', 'Accept': '*/*', 'Connection': 'keep-alive'} 
 body=None 
 </msg>
<msg time="2024-04-11T11:12:50.469900" level="INFO">GET Response : url=https://randomuser.me/api 
 status=200, reason=OK 
 headers={'Date': 'Thu, 11 Apr 2024 11:12:50 GMT', 'Content-Type': 'application/json; charset=utf-8', 'Transfer-Encoding': 'chunked', 'Connection': 'keep-alive', 'X-Powered-By': 'Express', 'Access-Control-Allow-Origin': '*', 'Cache-Control': 'no-cache', 'ETag': 'W/"4a1-fCtPjiZx4PqxbaEpzBCegd4QJ3s"', 'Vary': 'Accept-Encoding', 'Content-Encoding': 'gzip', 'CF-Cache-Status': 'DYNAMIC', 'Report-To': '{"endpoints":[{"url":"https:\\/\\/a.nel.cloudflare.com\\/report\\/v4?s=0CHXciX9ti4f6f9SJIPfcXkDMkFPoQpZohHfs6bmODImo8IiRiGnsHuhD4%2BzvG%2FfvXoZUAkDqk803d62ztuCkdrThAQNATr7YFwYjqAXR4aBiqe7jlTOI8C4atoHZXOF"}],"group":"cf-nel","max_age":604800}', 'NEL': '{"success_fraction":0,"report_to":"cf-nel","max_age":604800}', 'Server': 'cloudflare', 'CF-RAY': '872a8b3a1b1d879b-IAD', 'alt-svc': 'h3=":443"; ma=86400'} 
 body={"results":[{"gender":"female","name":{"title":"Miss","first":"Linnea","last":"Hokkanen"},"location":{"street":{"number":7867,"name":"Hermiankatu"},"city":"Turku","state":"Northern Ostrobothnia","country":"Finland","postcode":91090,"coordinates":{"latitude":"-22.3002","longitude":"19.7631"},"timezone":{"offset":"-7:00","description":"Mountain Time (US &amp; Canada)"}},"email":"linnea.hokkanen@example.com","login":{"uuid":"7213c3e6-eb88-4d51-b2d9-c3c1ed5980e8","username":"purplerabbit319","password":"steve","salt":"SFH1vf8i","md5":"932902e72869281326d1db0473cdc6d3","sha1":"8d009459e5e6576c68d565b7bfc364137245703b","sha256":"c68d1e5be9c2cce0fa00d55035dea090948c4f101ead9ee926d6a4d954bc0c74"},"dob":{"date":"1988-11-09T19:13:07.033Z","age":35},"registered":{"date":"2004-07-28T15:05:25.150Z","age":19},"phone":"08-365-095","cell":"043-066-98-59","id":{"name":"HETU","value":"NaNNA450undefined"},"picture":{"large":"https://randomuser.me/api/portraits/women/85.jpg","medium":"https://randomuser.me/api/portraits/med/women/85.jpg","thumbnail":"https://randomuser.me/api/portraits/thumb/women/85.jpg"},"nat":"FI"}],"info":{"seed":"bdc51edd9bb5a22e","results":1,"page":1,"version":"1.4"}} 
 </msg>
<msg time="2024-04-11T11:12:50.469984" level="INFO">/opt/hostedtoolcache/Python/3.12.2/x64/lib/python3.12/site-packages/urllib3/connectionpool.py:1103: InsecureRequestWarning: Unverified HTTPS request is being made to host 'randomuser.me'. Adding certificate verification is strongly advised. See: https://urllib3.readthedocs.io/en/latest/advanced-usage.html#tls-warnings
  warnings.warn(</msg>
<msg time="2024-04-11T11:12:50.470125" level="INFO">${response} = &lt;Response [200]&gt;</msg>
<var>${response}</var>
<arg>consultarAPI</arg>
<arg>/api</arg>
<doc>Sends a GET request on a previously created HTTP Session.</doc>
<status status="PASS" start="2024-04-11T11:12:50.217696" elapsed="0.252473"/>
</kw>
<kw name="Should Be Equal As Numbers" owner="BuiltIn">
<msg time="2024-04-11T11:12:50.471224" level="INFO">Argument types are:
&lt;class 'int'&gt;
&lt;class 'str'&gt;</msg>
<arg>${response.status_code}</arg>
<arg>200</arg>
<doc>Fails if objects are unequal after converting them to real numbers.</doc>
<status status="PASS" start="2024-04-11T11:12:50.470743" elapsed="0.000547"/>
</kw>
<kw name="Log" owner="BuiltIn">
<msg time="2024-04-11T11:12:50.471982" level="INFO">200</msg>
<arg>${response.status_code}</arg>
<doc>Logs the given message with the given level.</doc>
<status status="PASS" start="2024-04-11T11:12:50.471612" elapsed="0.000415"/>
</kw>
<kw name="Set Variable" owner="BuiltIn">
<msg time="2024-04-11T11:12:50.472866" level="INFO">${json_data} = {'results': [{'gender': 'female', 'name': {'title': 'Miss', 'first': 'Linnea', 'last': 'Hokkanen'}, 'location': {'street': {'number': 7867, 'name': 'Hermiankatu'}, 'city': 'Turku', 'state': 'Northern ...</msg>
<var>${json_data}</var>
<arg>${response.json()}</arg>
<doc>Returns the given values which can then be assigned to a variables.</doc>
<status status="PASS" start="2024-04-11T11:12:50.472354" elapsed="0.000540"/>
</kw>
<kw name="Dictionary Should Contain Key" owner="Collections">
<msg time="2024-04-11T11:12:50.473389" level="INFO">False</msg>
<arg>${json_data}</arg>
<arg>results</arg>
<doc>Fails if ``key`` is not found from ``dictionary``.</doc>
<status status="PASS" start="2024-04-11T11:12:50.473212" elapsed="0.000218"/>
</kw>
<status status="PASS" start="2024-04-11T11:12:50.217321" elapsed="0.256382"/>
</kw>
<doc>Testa se a API responde corretamente e retorna um objeto JSON válido.</doc>
<tag>testeRequisicaoBasica</tag>
<status status="PASS" start="2024-04-11T11:12:50.216603" elapsed="0.257297"/>
</test>
<test id="s1-s1-t3" name="Validar estrutura de resposta" line="22">
<kw name="Teste de Estrutura de Resposta" owner="random-user-service">
<kw name="GET On Session" owner="RequestsLibrary">
<msg time="2024-04-11T11:12:50.506950" level="INFO">GET Request : url=https://randomuser.me/api 
 path_url=/api 
 headers={'User-Agent': 'python-requests/2.31.0', 'Accept-Encoding': 'gzip, deflate', 'Accept': '*/*', 'Connection': 'keep-alive'} 
 body=None 
 </msg>
<msg time="2024-04-11T11:12:50.507034" level="INFO">GET Response : url=https://randomuser.me/api 
 status=200, reason=OK 
 headers={'Date': 'Thu, 11 Apr 2024 11:12:50 GMT', 'Content-Type': 'application/json; charset=utf-8', 'Transfer-Encoding': 'chunked', 'Connection': 'keep-alive', 'X-Powered-By': 'Express', 'Access-Control-Allow-Origin': '*', 'Cache-Control': 'no-cache', 'ETag': 'W/"48a-d6jnt0+/P9/fl13vFhHv7KA+LUY"', 'Vary': 'Accept-Encoding', 'Content-Encoding': 'gzip', 'CF-Cache-Status': 'DYNAMIC', 'Report-To': '{"endpoints":[{"url":"https:\\/\\/a.nel.cloudflare.com\\/report\\/v4?s=ipw15akfVsP6zFFqhltitpSEUVq0P3BxBrS0LZwYKIpVoGdKKSf6K9d4ie%2BBY0R114Lj%2FTTaoVEtxAiE5SkntfmnBtKJdhdS%2FxwGqPj9ly%2F233IP3HNnMbK4LP%2F2CCmr"}],"group":"cf-nel","max_age":604800}', 'NEL': '{"success_fraction":0,"report_to":"cf-nel","max_age":604800}', 'Server': 'cloudflare', 'CF-RAY': '872a8b3b7d83879b-IAD', 'alt-svc': 'h3=":443"; ma=86400'} 
 body={"results":[{"gender":"male","name":{"title":"Mr","first":"Christopher","last":"Weaver"},"location":{"street":{"number":9072,"name":"New Road"},"city":"Carrickmacross","state":"Waterford","country":"Ireland","postcode":74069,"coordinates":{"latitude":"4.2820","longitude":"-150.1182"},"timezone":{"offset":"+2:00","description":"Kaliningrad, South Africa"}},"email":"christopher.weaver@example.com","login":{"uuid":"2f8e72eb-669b-4e8f-8d37-0097eb35c0ec","username":"brownkoala150","password":"smokey","salt":"yyKT3G8a","md5":"172df4af81b35b549a69aafd675198d2","sha1":"e6f3378226a6db6fb76dcf588435d2cda80522b7","sha256":"7e787e1a4fbf05e3d18161fd1b848e72887b6a85677c33e37db0433ca0934da5"},"dob":{"date":"1945-01-03T09:19:46.190Z","age":79},"registered":{"date":"2014-04-16T10:44:09.641Z","age":9},"phone":"071-623-8097","cell":"081-579-9020","id":{"name":"PPS","value":"4034832T"},"picture":{"large":"https://randomuser.me/api/portraits/men/46.jpg","medium":"https://randomuser.me/api/portraits/med/men/46.jpg","thumbnail":"https://randomuser.me/api/portraits/thumb/men/46.jpg"},"nat":"IE"}],"info":{"seed":"437bfddc1418ffac","results":1,"page":1,"version":"1.4"}} 
 </msg>
<msg time="2024-04-11T11:12:50.507160" level="INFO">/opt/hostedtoolcache/Python/3.12.2/x64/lib/python3.12/site-packages/urllib3/connectionpool.py:1103: InsecureRequestWarning: Unverified HTTPS request is being made to host 'randomuser.me'. Adding certificate verification is strongly advised. See: https://urllib3.readthedocs.io/en/latest/advanced-usage.html#tls-warnings
  warnings.warn(</msg>
<msg time="2024-04-11T11:12:50.507264" level="INFO">${response} = &lt;Response [200]&gt;</msg>
<var>${response}</var>
<arg>consultarAPI</arg>
<arg>/api</arg>
<doc>Sends a GET request on a previously created HTTP Session.</doc>
<status status="PASS" start="2024-04-11T11:12:50.476859" elapsed="0.030445"/>
</kw>
<kw name="Set Variable" owner="BuiltIn">
<msg time="2024-04-11T11:12:50.508472" level="INFO">${json_data} = {'results': [{'gender': 'male', 'name': {'title': 'Mr', 'first': 'Christopher', 'last': 'Weaver'}, 'location': {'street': {'number': 9072, 'name': 'New Road'}, 'city': 'Carrickmacross', 'state': 'Wate...</msg>
<var>${json_data}</var>
<arg>${response.json()}</arg>
<doc>Returns the given values which can then be assigned to a variables.</doc>
<status status="PASS" start="2024-04-11T11:12:50.507803" elapsed="0.000724"/>
</kw>
<kw name="Log" owner="BuiltIn">
<msg time="2024-04-11T11:12:50.509062" level="INFO">{'results': [{'gender': 'male', 'name': {'title': 'Mr', 'first': 'Christopher', 'last': 'Weaver'}, 'location': {'street': {'number': 9072, 'name': 'New Road'}, 'city': 'Carrickmacross', 'state': 'Waterford', 'country': 'Ireland', 'postcode': 74069, 'coordinates': {'latitude': '4.2820', 'longitude': '-150.1182'}, 'timezone': {'offset': '+2:00', 'description': 'Kaliningrad, South Africa'}}, 'email': 'christopher.weaver@example.com', 'login': {'uuid': '2f8e72eb-669b-4e8f-8d37-0097eb35c0ec', 'username': 'brownkoala150', 'password': 'smokey', 'salt': 'yyKT3G8a', 'md5': '172df4af81b35b549a69aafd675198d2', 'sha1': 'e6f3378226a6db6fb76dcf588435d2cda80522b7', 'sha256': '7e787e1a4fbf05e3d18161fd1b848e72887b6a85677c33e37db0433ca0934da5'}, 'dob': {'date': '1945-01-03T09:19:46.190Z', 'age': 79}, 'registered': {'date': '2014-04-16T10:44:09.641Z', 'age': 9}, 'phone': '071-623-8097', 'cell': '081-579-9020', 'id': {'name': 'PPS', 'value': '4034832T'}, 'picture': {'large': 'https://randomuser.me/api/portraits/men/46.jpg', 'medium': 'https://randomuser.me/api/portraits/med/men/46.jpg', 'thumbnail': 'https://randomuser.me/api/portraits/thumb/men/46.jpg'}, 'nat': 'IE'}], 'info': {'seed': '437bfddc1418ffac', 'results': 1, 'page': 1, 'version': '1.4'}}</msg>
<arg>${json_data}</arg>
<doc>Logs the given message with the given level.</doc>
<status status="PASS" start="2024-04-11T11:12:50.508897" elapsed="0.000214"/>
</kw>
<kw name="Dictionary Should Contain Key" owner="Collections">
<msg time="2024-04-11T11:12:50.509580" level="INFO">False</msg>
<arg>${json_data}</arg>
<arg>results</arg>
<doc>Fails if ``key`` is not found from ``dictionary``.</doc>
<status status="PASS" start="2024-04-11T11:12:50.509423" elapsed="0.000193"/>
</kw>
<kw name="Should Not Be Empty" owner="BuiltIn">
<msg time="2024-04-11T11:12:50.510046" level="INFO">Length is 2.</msg>
<arg>${json_data}</arg>
<doc>Verifies that the given item is not empty.</doc>
<status status="PASS" start="2024-04-11T11:12:50.509913" elapsed="0.000172"/>
</kw>
<kw name="Create List" owner="BuiltIn">
<msg time="2024-04-11T11:12:50.510537" level="INFO">${expected_keys} = ['gender', 'name', 'location', 'email', 'login']</msg>
<var>${expected_keys}</var>
<arg>gender</arg>
<arg>name</arg>
<arg>location</arg>
<arg>email</arg>
<arg>login</arg>
<doc>Returns a list containing given items.</doc>
<status status="PASS" start="2024-04-11T11:12:50.510382" elapsed="0.000179"/>
</kw>
<for flavor="IN">
<iter>
<kw name="Dictionary Should Contain Key" owner="Collections">
<msg time="2024-04-11T11:12:50.511546" level="INFO">False</msg>
<arg>${json_data['results'][0]}</arg>
<arg>${key}</arg>
<doc>Fails if ``key`` is not found from ``dictionary``.</doc>
<status status="PASS" start="2024-04-11T11:12:50.511139" elapsed="0.000447"/>
</kw>
<kw name="Log" owner="BuiltIn">
<msg time="2024-04-11T11:12:50.512271" level="INFO">{'gender': 'male', 'name': {'title': 'Mr', 'first': 'Christopher', 'last': 'Weaver'}, 'location': {'street': {'number': 9072, 'name': 'New Road'}, 'city': 'Carrickmacross', 'state': 'Waterford', 'country': 'Ireland', 'postcode': 74069, 'coordinates': {'latitude': '4.2820', 'longitude': '-150.1182'}, 'timezone': {'offset': '+2:00', 'description': 'Kaliningrad, South Africa'}}, 'email': 'christopher.weaver@example.com', 'login': {'uuid': '2f8e72eb-669b-4e8f-8d37-0097eb35c0ec', 'username': 'brownkoala150', 'password': 'smokey', 'salt': 'yyKT3G8a', 'md5': '172df4af81b35b549a69aafd675198d2', 'sha1': 'e6f3378226a6db6fb76dcf588435d2cda80522b7', 'sha256': '7e787e1a4fbf05e3d18161fd1b848e72887b6a85677c33e37db0433ca0934da5'}, 'dob': {'date': '1945-01-03T09:19:46.190Z', 'age': 79}, 'registered': {'date': '2014-04-16T10:44:09.641Z', 'age': 9}, 'phone': '071-623-8097', 'cell': '081-579-9020', 'id': {'name': 'PPS', 'value': '4034832T'}, 'picture': {'large': 'https://randomuser.me/api/portraits/men/46.jpg', 'medium': 'https://randomuser.me/api/portraits/med/men/46.jpg', 'thumbnail': 'https://randomuser.me/api/portraits/thumb/men/46.jpg'}, 'nat': 'IE'}</msg>
<arg>${json_data['results'][0]}</arg>
<doc>Logs the given message with the given level.</doc>
<status status="PASS" start="2024-04-11T11:12:50.511901" elapsed="0.000419"/>
</kw>
<kw name="Log" owner="BuiltIn">
<msg time="2024-04-11T11:12:50.512781" level="INFO">gender</msg>
<arg>${key}</arg>
<doc>Logs the given message with the given level.</doc>
<status status="PASS" start="2024-04-11T11:12:50.512647" elapsed="0.000171"/>
</kw>
<var name="${key}">gender</var>
<status status="PASS" start="2024-04-11T11:12:50.511014" elapsed="0.002023"/>
</iter>
<iter>
<kw name="Dictionary Should Contain Key" owner="Collections">
<msg time="2024-04-11T11:12:50.513734" level="INFO">False</msg>
<arg>${json_data['results'][0]}</arg>
<arg>${key}</arg>
<doc>Fails if ``key`` is not found from ``dictionary``.</doc>
<status status="PASS" start="2024-04-11T11:12:50.513342" elapsed="0.000429"/>
</kw>
<kw name="Log" owner="BuiltIn">
<msg time="2024-04-11T11:12:50.514465" level="INFO">{'gender': 'male', 'name': {'title': 'Mr', 'first': 'Christopher', 'last': 'Weaver'}, 'location': {'street': {'number': 9072, 'name': 'New Road'}, 'city': 'Carrickmacross', 'state': 'Waterford', 'country': 'Ireland', 'postcode': 74069, 'coordinates': {'latitude': '4.2820', 'longitude': '-150.1182'}, 'timezone': {'offset': '+2:00', 'description': 'Kaliningrad, South Africa'}}, 'email': 'christopher.weaver@example.com', 'login': {'uuid': '2f8e72eb-669b-4e8f-8d37-0097eb35c0ec', 'username': 'brownkoala150', 'password': 'smokey', 'salt': 'yyKT3G8a', 'md5': '172df4af81b35b549a69aafd675198d2', 'sha1': 'e6f3378226a6db6fb76dcf588435d2cda80522b7', 'sha256': '7e787e1a4fbf05e3d18161fd1b848e72887b6a85677c33e37db0433ca0934da5'}, 'dob': {'date': '1945-01-03T09:19:46.190Z', 'age': 79}, 'registered': {'date': '2014-04-16T10:44:09.641Z', 'age': 9}, 'phone': '071-623-8097', 'cell': '081-579-9020', 'id': {'name': 'PPS', 'value': '4034832T'}, 'picture': {'large': 'https://randomuser.me/api/portraits/men/46.jpg', 'medium': 'https://randomuser.me/api/portraits/med/men/46.jpg', 'thumbnail': 'https://randomuser.me/api/portraits/thumb/men/46.jpg'}, 'nat': 'IE'}</msg>
<arg>${json_data['results'][0]}</arg>
<doc>Logs the given message with the given level.</doc>
<status status="PASS" start="2024-04-11T11:12:50.514101" elapsed="0.000411"/>
</kw>
<kw name="Log" owner="BuiltIn">
<msg time="2024-04-11T11:12:50.514939" level="INFO">name</msg>
<arg>${key}</arg>
<doc>Logs the given message with the given level.</doc>
<status status="PASS" start="2024-04-11T11:12:50.514810" elapsed="0.000166"/>
</kw>
<var name="${key}">name</var>
<status status="PASS" start="2024-04-11T11:12:50.513226" elapsed="0.001968"/>
</iter>
<iter>
<kw name="Dictionary Should Contain Key" owner="Collections">
<msg time="2024-04-11T11:12:50.515868" level="INFO">False</msg>
<arg>${json_data['results'][0]}</arg>
<arg>${key}</arg>
<doc>Fails if ``key`` is not found from ``dictionary``.</doc>
<status status="PASS" start="2024-04-11T11:12:50.515485" elapsed="0.000420"/>
</kw>
<kw name="Log" owner="BuiltIn">
<msg time="2024-04-11T11:12:50.516599" level="INFO">{'gender': 'male', 'name': {'title': 'Mr', 'first': 'Christopher', 'last': 'Weaver'}, 'location': {'street': {'number': 9072, 'name': 'New Road'}, 'city': 'Carrickmacross', 'state': 'Waterford', 'country': 'Ireland', 'postcode': 74069, 'coordinates': {'latitude': '4.2820', 'longitude': '-150.1182'}, 'timezone': {'offset': '+2:00', 'description': 'Kaliningrad, South Africa'}}, 'email': 'christopher.weaver@example.com', 'login': {'uuid': '2f8e72eb-669b-4e8f-8d37-0097eb35c0ec', 'username': 'brownkoala150', 'password': 'smokey', 'salt': 'yyKT3G8a', 'md5': '172df4af81b35b549a69aafd675198d2', 'sha1': 'e6f3378226a6db6fb76dcf588435d2cda80522b7', 'sha256': '7e787e1a4fbf05e3d18161fd1b848e72887b6a85677c33e37db0433ca0934da5'}, 'dob': {'date': '1945-01-03T09:19:46.190Z', 'age': 79}, 'registered': {'date': '2014-04-16T10:44:09.641Z', 'age': 9}, 'phone': '071-623-8097', 'cell': '081-579-9020', 'id': {'name': 'PPS', 'value': '4034832T'}, 'picture': {'large': 'https://randomuser.me/api/portraits/men/46.jpg', 'medium': 'https://randomuser.me/api/portraits/med/men/46.jpg', 'thumbnail': 'https://randomuser.me/api/portraits/thumb/men/46.jpg'}, 'nat': 'IE'}</msg>
<arg>${json_data['results'][0]}</arg>
<doc>Logs the given message with the given level.</doc>
<status status="PASS" start="2024-04-11T11:12:50.516206" elapsed="0.000450"/>
</kw>
<kw name="Log" owner="BuiltIn">
<msg time="2024-04-11T11:12:50.517085" level="INFO">location</msg>
<arg>${key}</arg>
<doc>Logs the given message with the given level.</doc>
<status status="PASS" start="2024-04-11T11:12:50.516958" elapsed="0.000166"/>
</kw>
<var name="${key}">location</var>
<status status="PASS" start="2024-04-11T11:12:50.515372" elapsed="0.001968"/>
</iter>
<iter>
<kw name="Dictionary Should Contain Key" owner="Collections">
<msg time="2024-04-11T11:12:50.518004" level="INFO">False</msg>
<arg>${json_data['results'][0]}</arg>
<arg>${key}</arg>
<doc>Fails if ``key`` is not found from ``dictionary``.</doc>
<status status="PASS" start="2024-04-11T11:12:50.517622" elapsed="0.000419"/>
</kw>
<kw name="Log" owner="BuiltIn">
<msg time="2024-04-11T11:12:50.518694" level="INFO">{'gender': 'male', 'name': {'title': 'Mr', 'first': 'Christopher', 'last': 'Weaver'}, 'location': {'street': {'number': 9072, 'name': 'New Road'}, 'city': 'Carrickmacross', 'state': 'Waterford', 'country': 'Ireland', 'postcode': 74069, 'coordinates': {'latitude': '4.2820', 'longitude': '-150.1182'}, 'timezone': {'offset': '+2:00', 'description': 'Kaliningrad, South Africa'}}, 'email': 'christopher.weaver@example.com', 'login': {'uuid': '2f8e72eb-669b-4e8f-8d37-0097eb35c0ec', 'username': 'brownkoala150', 'password': 'smokey', 'salt': 'yyKT3G8a', 'md5': '172df4af81b35b549a69aafd675198d2', 'sha1': 'e6f3378226a6db6fb76dcf588435d2cda80522b7', 'sha256': '7e787e1a4fbf05e3d18161fd1b848e72887b6a85677c33e37db0433ca0934da5'}, 'dob': {'date': '1945-01-03T09:19:46.190Z', 'age': 79}, 'registered': {'date': '2014-04-16T10:44:09.641Z', 'age': 9}, 'phone': '071-623-8097', 'cell': '081-579-9020', 'id': {'name': 'PPS', 'value': '4034832T'}, 'picture': {'large': 'https://randomuser.me/api/portraits/men/46.jpg', 'medium': 'https://randomuser.me/api/portraits/med/men/46.jpg', 'thumbnail': 'https://randomuser.me/api/portraits/thumb/men/46.jpg'}, 'nat': 'IE'}</msg>
<arg>${json_data['results'][0]}</arg>
<doc>Logs the given message with the given level.</doc>
<status status="PASS" start="2024-04-11T11:12:50.518341" elapsed="0.000400"/>
</kw>
<kw name="Log" owner="BuiltIn">
<msg time="2024-04-11T11:12:50.519168" level="INFO">email</msg>
<arg>${key}</arg>
<doc>Logs the given message with the given level.</doc>
<status status="PASS" start="2024-04-11T11:12:50.519039" elapsed="0.000165"/>
</kw>
<var name="${key}">email</var>
<status status="PASS" start="2024-04-11T11:12:50.517511" elapsed="0.001907"/>
</iter>
<iter>
<kw name="Dictionary Should Contain Key" owner="Collections">
<msg time="2024-04-11T11:12:50.520081" level="INFO">False</msg>
<arg>${json_data['results'][0]}</arg>
<arg>${key}</arg>
<doc>Fails if ``key`` is not found from ``dictionary``.</doc>
<status status="PASS" start="2024-04-11T11:12:50.519702" elapsed="0.000415"/>
</kw>
<kw name="Log" owner="BuiltIn">
<msg time="2024-04-11T11:12:50.520802" level="INFO">{'gender': 'male', 'name': {'title': 'Mr', 'first': 'Christopher', 'last': 'Weaver'}, 'location': {'street': {'number': 9072, 'name': 'New Road'}, 'city': 'Carrickmacross', 'state': 'Waterford', 'country': 'Ireland', 'postcode': 74069, 'coordinates': {'latitude': '4.2820', 'longitude': '-150.1182'}, 'timezone': {'offset': '+2:00', 'description': 'Kaliningrad, South Africa'}}, 'email': 'christopher.weaver@example.com', 'login': {'uuid': '2f8e72eb-669b-4e8f-8d37-0097eb35c0ec', 'username': 'brownkoala150', 'password': 'smokey', 'salt': 'yyKT3G8a', 'md5': '172df4af81b35b549a69aafd675198d2', 'sha1': 'e6f3378226a6db6fb76dcf588435d2cda80522b7', 'sha256': '7e787e1a4fbf05e3d18161fd1b848e72887b6a85677c33e37db0433ca0934da5'}, 'dob': {'date': '1945-01-03T09:19:46.190Z', 'age': 79}, 'registered': {'date': '2014-04-16T10:44:09.641Z', 'age': 9}, 'phone': '071-623-8097', 'cell': '081-579-9020', 'id': {'name': 'PPS', 'value': '4034832T'}, 'picture': {'large': 'https://randomuser.me/api/portraits/men/46.jpg', 'medium': 'https://randomuser.me/api/portraits/med/men/46.jpg', 'thumbnail': 'https://randomuser.me/api/portraits/thumb/men/46.jpg'}, 'nat': 'IE'}</msg>
<arg>${json_data['results'][0]}</arg>
<doc>Logs the given message with the given level.</doc>
<status status="PASS" start="2024-04-11T11:12:50.520409" elapsed="0.000441"/>
</kw>
<kw name="Log" owner="BuiltIn">
<msg time="2024-04-11T11:12:50.521337" level="INFO">login</msg>
<arg>${key}</arg>
<doc>Logs the given message with the given level.</doc>
<status status="PASS" start="2024-04-11T11:12:50.521202" elapsed="0.000187"/>
</kw>
<var name="${key}">login</var>
<status status="PASS" start="2024-04-11T11:12:50.519591" elapsed="0.002037"/>
</iter>
<var>${key}</var>
<value>@{expected_keys}</value>
<status status="PASS" start="2024-04-11T11:12:50.510828" elapsed="0.010926"/>
</for>
<kw name="Create List" owner="BuiltIn">
<msg time="2024-04-11T11:12:50.522081" level="INFO">${expected_keysTwo} = ['username', 'password']</msg>
<var>${expected_keysTwo}</var>
<arg>username</arg>
<arg>password</arg>
<doc>Returns a list containing given items.</doc>
<status status="PASS" start="2024-04-11T11:12:50.521944" elapsed="0.000160"/>
</kw>
<for flavor="IN">
<iter>
<kw name="Dictionary Should Contain Key" owner="Collections">
<msg time="2024-04-11T11:12:50.523101" level="INFO">False</msg>
<arg>${json_data['results'][0]['login']}</arg>
<arg>${keyTwo}</arg>
<doc>Fails if ``key`` is not found from ``dictionary``.</doc>
<status status="PASS" start="2024-04-11T11:12:50.522714" elapsed="0.000426"/>
</kw>
<kw name="Dictionary Should Contain Key" owner="Collections">
<msg time="2024-04-11T11:12:50.523821" level="INFO">False</msg>
<arg>${json_data['results'][0]['login']}</arg>
<arg>${keyTwo}</arg>
<doc>Fails if ``key`` is not found from ``dictionary``.</doc>
<status status="PASS" start="2024-04-11T11:12:50.523440" elapsed="0.000418"/>
</kw>
<kw name="Log" owner="BuiltIn">
<msg time="2024-04-11T11:12:50.524282" level="INFO">username</msg>
<arg>${keyTwo}</arg>
<doc>Logs the given message with the given level.</doc>
<status status="PASS" start="2024-04-11T11:12:50.524155" elapsed="0.000164"/>
</kw>
<var name="${keyTwo}">username</var>
<status status="PASS" start="2024-04-11T11:12:50.522600" elapsed="0.001934"/>
</iter>
<iter>
<kw name="Dictionary Should Contain Key" owner="Collections">
<msg time="2024-04-11T11:12:50.525235" level="INFO">False</msg>
<arg>${json_data['results'][0]['login']}</arg>
<arg>${keyTwo}</arg>
<doc>Fails if ``key`` is not found from ``dictionary``.</doc>
<status status="PASS" start="2024-04-11T11:12:50.524856" elapsed="0.000417"/>
</kw>
<kw name="Dictionary Should Contain Key" owner="Collections">
<msg time="2024-04-11T11:12:50.525947" level="INFO">False</msg>
<arg>${json_data['results'][0]['login']}</arg>
<arg>${keyTwo}</arg>
<doc>Fails if ``key`` is not found from ``dictionary``.</doc>
<status status="PASS" start="2024-04-11T11:12:50.525565" elapsed="0.000418"/>
</kw>
<kw name="Log" owner="BuiltIn">
<msg time="2024-04-11T11:12:50.526404" level="INFO">password</msg>
<arg>${keyTwo}</arg>
<doc>Logs the given message with the given level.</doc>
<status status="PASS" start="2024-04-11T11:12:50.526277" elapsed="0.000165"/>
</kw>
<var name="${keyTwo}">password</var>
<status status="PASS" start="2024-04-11T11:12:50.524743" elapsed="0.001914"/>
</iter>
<var>${keyTwo}</var>
<value>@{expected_keysTwo}</value>
<status status="PASS" start="2024-04-11T11:12:50.522347" elapsed="0.004428"/>
</for>
<status status="PASS" start="2024-04-11T11:12:50.476606" elapsed="0.050309"/>
</kw>
<doc>Testa a estrutura da resposta da API.</doc>
<tag>testeEstruturaResposta</tag>
<status status="PASS" start="2024-04-11T11:12:50.475782" elapsed="0.051288"/>
</test>
<test id="s1-s1-t4" name="Validar tipos de dados" line="28">
<kw name="Teste de Tipos de Dados" owner="random-user-service">
<kw name="GET On Session" owner="RequestsLibrary">
<msg time="2024-04-11T11:12:50.605899" level="INFO">GET Request : url=https://randomuser.me/api 
 path_url=/api 
 headers={'User-Agent': 'python-requests/2.31.0', 'Accept-Encoding': 'gzip, deflate', 'Accept': '*/*', 'Connection': 'keep-alive'} 
 body=None 
 </msg>
<msg time="2024-04-11T11:12:50.605966" level="INFO">GET Response : url=https://randomuser.me/api 
 status=200, reason=OK 
 headers={'Date': 'Thu, 11 Apr 2024 11:12:50 GMT', 'Content-Type': 'application/json; charset=utf-8', 'Transfer-Encoding': 'chunked', 'Connection': 'keep-alive', 'X-Powered-By': 'Express', 'Access-Control-Allow-Origin': '*', 'Cache-Control': 'no-cache', 'ETag': 'W/"4ab-gikt2z3rlJ/1c4tcNjeEq1DR4rA"', 'Vary': 'Accept-Encoding', 'Content-Encoding': 'gzip', 'CF-Cache-Status': 'DYNAMIC', 'Report-To': '{"endpoints":[{"url":"https:\\/\\/a.nel.cloudflare.com\\/report\\/v4?s=AwzfcybQ%2BV7F4Rz4cEO%2FrkahHYIJFob1ue3yYiNoOruRvdcXLfNQSwHfXLV3eiuTB3mmoyTMd8erq2qHkPhkiKf02S4OccM12UDyWeerM5aOBFzwRfP3rd%2FJViZu5pYH"}],"group":"cf-nel","max_age":604800}', 'NEL': '{"success_fraction":0,"report_to":"cf-nel","max_age":604800}', 'Server': 'cloudflare', 'CF-RAY': '872a8b3bde0d879b-IAD', 'alt-svc': 'h3=":443"; ma=86400'} 
 body={"results":[{"gender":"male","name":{"title":"Mr","first":"Koendert","last":"Ernest"},"location":{"street":{"number":8481,"name":"Dr. Slotemaker de Bruineplein"},"city":"Tzum","state":"Zuid-Holland","country":"Netherlands","postcode":"4519 RK","coordinates":{"latitude":"37.9282","longitude":"-146.2410"},"timezone":{"offset":"+5:30","description":"Bombay, Calcutta, Madras, New Delhi"}},"email":"koendert.ernest@example.com","login":{"uuid":"83bd7df6-f1af-498a-9f77-c31f8ce7e5a8","username":"lazyladybug788","password":"wanderer","salt":"9eP7KINM","md5":"c7726cecdd1339b7da4c003330d2952d","sha1":"6982118ffcd834df4bef7bee44ff32b14589a765","sha256":"b1c9df618c48d256785b3e8237ebf936bca2bccdd25ac1fafd2680fe576d0e33"},"dob":{"date":"1955-07-09T11:38:10.927Z","age":68},"registered":{"date":"2004-05-16T05:29:42.951Z","age":19},"phone":"(057) 9483652","cell":"(06) 96397645","id":{"name":"BSN","value":"06546840"},"picture":{"large":"https://randomuser.me/api/portraits/men/94.jpg","medium":"https://randomuser.me/api/portraits/med/men/94.jpg","thumbnail":"https://randomuser.me/api/portraits/thumb/men/94.jpg"},"nat":"NL"}],"info":{"seed":"50371acd417f4321","results":1,"page":1,"version":"1.4"}} 
 </msg>
<msg time="2024-04-11T11:12:50.606022" level="INFO">/opt/hostedtoolcache/Python/3.12.2/x64/lib/python3.12/site-packages/urllib3/connectionpool.py:1103: InsecureRequestWarning: Unverified HTTPS request is being made to host 'randomuser.me'. Adding certificate verification is strongly advised. See: https://urllib3.readthedocs.io/en/latest/advanced-usage.html#tls-warnings
  warnings.warn(</msg>
<msg time="2024-04-11T11:12:50.606119" level="INFO">${response} = &lt;Response [200]&gt;</msg>
<var>${response}</var>
<arg>consultarAPI</arg>
<arg>/api</arg>
<doc>Sends a GET request on a previously created HTTP Session.</doc>
<status status="PASS" start="2024-04-11T11:12:50.529633" elapsed="0.076525"/>
</kw>
<kw name="Set Variable" owner="BuiltIn">
<msg time="2024-04-11T11:12:50.607185" level="INFO">${json_data} = {'results': [{'gender': 'male', 'name': {'title': 'Mr', 'first': 'Koendert', 'last': 'Ernest'}, 'location': {'street': {'number': 8481, 'name': 'Dr. Slotemaker de Bruineplein'}, 'city': 'Tzum', 'state...</msg>
<var>${json_data}</var>
<arg>${response.json()}</arg>
<doc>Returns the given values which can then be assigned to a variables.</doc>
<status status="PASS" start="2024-04-11T11:12:50.606635" elapsed="0.000578"/>
</kw>
<kw name="Log" owner="BuiltIn">
<msg time="2024-04-11T11:12:50.607687" level="INFO">{'results': [{'gender': 'male', 'name': {'title': 'Mr', 'first': 'Koendert', 'last': 'Ernest'}, 'location': {'street': {'number': 8481, 'name': 'Dr. Slotemaker de Bruineplein'}, 'city': 'Tzum', 'state': 'Zuid-Holland', 'country': 'Netherlands', 'postcode': '4519 RK', 'coordinates': {'latitude': '37.9282', 'longitude': '-146.2410'}, 'timezone': {'offset': '+5:30', 'description': 'Bombay, Calcutta, Madras, New Delhi'}}, 'email': 'koendert.ernest@example.com', 'login': {'uuid': '83bd7df6-f1af-498a-9f77-c31f8ce7e5a8', 'username': 'lazyladybug788', 'password': 'wanderer', 'salt': '9eP7KINM', 'md5': 'c7726cecdd1339b7da4c003330d2952d', 'sha1': '6982118ffcd834df4bef7bee44ff32b14589a765', 'sha256': 'b1c9df618c48d256785b3e8237ebf936bca2bccdd25ac1fafd2680fe576d0e33'}, 'dob': {'date': '1955-07-09T11:38:10.927Z', 'age': 68}, 'registered': {'date': '2004-05-16T05:29:42.951Z', 'age': 19}, 'phone': '(057) 9483652', 'cell': '(06) 96397645', 'id': {'name': 'BSN', 'value': '06546840'}, 'picture': {'large': 'https://randomuser.me/api/portraits/men/94.jpg', 'medium': 'https://randomuser.me/api/portraits/med/men/94.jpg', 'thumbnail': 'https://randomuser.me/api/portraits/thumb/men/94.jpg'}, 'nat': 'NL'}], 'info': {'seed': '50371acd417f4321', 'results': 1, 'page': 1, 'version': '1.4'}}</msg>
<arg>${json_data}</arg>
<doc>Logs the given message with the given level.</doc>
<status status="PASS" start="2024-04-11T11:12:50.607533" elapsed="0.000234"/>
</kw>
<kw name="Should Be String" owner="String">
<arg>${json_data['results'][0]['gender']}</arg>
<doc>Fails if the given ``item`` is not a string.</doc>
<status status="PASS" start="2024-04-11T11:12:50.608069" elapsed="0.000360"/>
</kw>
<kw name="Should Match Regexp" owner="BuiltIn">
<arg>${json_data['results'][0]['email']}</arg>
<arg>^[a-zA-Z0-9._%+-]+@[a-zA-Z0-9.-]+\.[a-zA-Z]{2,}$</arg>
<doc>Fails if ``string`` does not match ``pattern`` as a regular expression.</doc>
<status status="PASS" start="2024-04-11T11:12:50.608662" elapsed="0.000520"/>
</kw>
<kw name="Should Match Regexp" owner="BuiltIn">
<arg>${json_data['results'][0]['dob']['date']}</arg>
<arg>\\d{4}-\\d{2}-\\d{2}T\\d{2}:\\d{2}:\\d{2}\\.\\d{3}Z</arg>
<doc>Fails if ``string`` does not match ``pattern`` as a regular expression.</doc>
<status status="PASS" start="2024-04-11T11:12:50.609382" elapsed="0.000493"/>
</kw>
<kw name="Should Match Regexp" owner="BuiltIn">
<arg>${json_data['results'][0]['registered']['date']}</arg>
<arg>\\d{4}-\\d{2}-\\d{2}T\\d{2}:\\d{2}:\\d{2}\\.\\d{3}Z</arg>
<doc>Fails if ``string`` does not match ``pattern`` as a regular expression.</doc>
<status status="PASS" start="2024-04-11T11:12:50.610070" elapsed="0.000370"/>
</kw>
<kw name="Should Match Regexp" owner="BuiltIn">
<arg>${json_data['results'][0]['picture']['large']}</arg>
<arg>^https?://.*\.(?:png|jpe?g|gif|bmp)$</arg>
<doc>Fails if ``string`` does not match ``pattern`` as a regular expression.</doc>
<status status="PASS" start="2024-04-11T11:12:50.610635" elapsed="0.000452"/>
</kw>
<kw name="Should Match Regexp" owner="BuiltIn">
<arg>${json_data['results'][0]['picture']['medium']}</arg>
<arg>^https?://.*\.(?:png|jpe?g|gif|bmp)$</arg>
<doc>Fails if ``string`` does not match ``pattern`` as a regular expression.</doc>
<status status="PASS" start="2024-04-11T11:12:50.611278" elapsed="0.000354"/>
</kw>
<kw name="Should Match Regexp" owner="BuiltIn">
<arg>${json_data['results'][0]['picture']['thumbnail']}</arg>
<arg>^https?://.*\.(?:png|jpe?g|gif|bmp)$</arg>
<doc>Fails if ``string`` does not match ``pattern`` as a regular expression.</doc>
<status status="PASS" start="2024-04-11T11:12:50.611817" elapsed="0.000356"/>
</kw>
<kw name="Log" owner="BuiltIn">
<msg time="2024-04-11T11:12:50.612708" level="INFO">{'large': 'https://randomuser.me/api/portraits/men/94.jpg', 'medium': 'https://randomuser.me/api/portraits/med/men/94.jpg', 'thumbnail': 'https://randomuser.me/api/portraits/thumb/men/94.jpg'}</msg>
<arg>${json_data['results'][0]['picture']}</arg>
<doc>Logs the given message with the given level.</doc>
<status status="PASS" start="2024-04-11T11:12:50.612353" elapsed="0.000397"/>
</kw>
<status status="PASS" start="2024-04-11T11:12:50.529409" elapsed="0.083595"/>
</kw>
<kw name="Teste de Tipos de Dados - Postcode" owner="random-user-service">
<kw name="GET On Session" owner="RequestsLibrary">
<msg time="2024-04-11T11:12:50.708033" level="INFO">GET Request : url=https://randomuser.me/api 
 path_url=/api 
 headers={'User-Agent': 'python-requests/2.31.0', 'Accept-Encoding': 'gzip, deflate', 'Accept': '*/*', 'Connection': 'keep-alive'} 
 body=None 
 </msg>
<msg time="2024-04-11T11:12:50.708129" level="INFO">GET Response : url=https://randomuser.me/api 
 status=200, reason=OK 
 headers={'Date': 'Thu, 11 Apr 2024 11:12:50 GMT', 'Content-Type': 'application/json; charset=utf-8', 'Transfer-Encoding': 'chunked', 'Connection': 'keep-alive', 'X-Powered-By': 'Express', 'Access-Control-Allow-Origin': '*', 'Cache-Control': 'no-cache', 'ETag': 'W/"4ad-BdSliGUnbRMwTCMDlCMB+sn81qs"', 'Vary': 'Accept-Encoding', 'Content-Encoding': 'gzip', 'CF-Cache-Status': 'DYNAMIC', 'Report-To': '{"endpoints":[{"url":"https:\\/\\/a.nel.cloudflare.com\\/report\\/v4?s=lH8Ekmb5DWAzetvqZSwuv%2BHxYY5dGaBzDSjvOBm6UbNRY6yzwvwe7bdqAmpE6%2BVzeMa%2F1wnyvHLFK%2BFDNY2CX%2F%2BSR2etI1toQgJP9Tx9C8FCQ3OfHDL3gAb8GqtXaXu8"}],"group":"cf-nel","max_age":604800}', 'NEL': '{"success_fraction":0,"report_to":"cf-nel","max_age":604800}', 'Server': 'cloudflare', 'CF-RAY': '872a8b3c5eca879b-IAD', 'alt-svc': 'h3=":443"; ma=86400'} 
 body={"results":[{"gender":"female","name":{"title":"Mrs","first":"Lucíola","last":"da Cunha"},"location":{"street":{"number":4128,"name":"Rua São Pedro "},"city":"Santa Maria","state":"Alagoas","country":"Brazil","postcode":37209,"coordinates":{"latitude":"-80.1906","longitude":"98.0964"},"timezone":{"offset":"+11:00","description":"Magadan, Solomon Islands, New Caledonia"}},"email":"luciola.dacunha@example.com","login":{"uuid":"938f6cc0-4c7a-4897-b68d-0b92655c0208","username":"ticklishbear762","password":"kkkkkkk","salt":"VDNHKBpz","md5":"f414cc65d1d2bb1de865dcc5b736c49a","sha1":"98d83d4c18e27ed8d36815c6a9cbcc36d12694e2","sha256":"53d0eec40f1f5944dcbb0d163f3d4ceadad06b105ff233c7f8203d06170b1568"},"dob":{"date":"1976-11-09T23:34:55.590Z","age":47},"registered":{"date":"2005-01-28T07:43:57.568Z","age":19},"phone":"(33) 7010-5527","cell":"(45) 2840-9569","id":{"name":"CPF","value":"833.111.802-76"},"picture":{"large":"https://randomuser.me/api/portraits/women/40.jpg","medium":"https://randomuser.me/api/portraits/med/women/40.jpg","thumbnail":"https://randomuser.me/api/portraits/thumb/women/40.jpg"},"nat":"BR"}],"info":{"seed":"febf7e6731715f48","results":1,"page":1,"version":"1.4"}} 
 </msg>
<msg time="2024-04-11T11:12:50.708228" level="INFO">/opt/hostedtoolcache/Python/3.12.2/x64/lib/python3.12/site-packages/urllib3/connectionpool.py:1103: InsecureRequestWarning: Unverified HTTPS request is being made to host 'randomuser.me'. Adding certificate verification is strongly advised. See: https://urllib3.readthedocs.io/en/latest/advanced-usage.html#tls-warnings
  warnings.warn(</msg>
<msg time="2024-04-11T11:12:50.708364" level="INFO">${response} = &lt;Response [200]&gt;</msg>
<var>${response}</var>
<arg>consultarAPI</arg>
<arg>/api</arg>
<doc>Sends a GET request on a previously created HTTP Session.</doc>
<status status="PASS" start="2024-04-11T11:12:50.613455" elapsed="0.094963"/>
</kw>
<kw name="Set Variable" owner="BuiltIn">
<msg time="2024-04-11T11:12:50.709563" level="INFO">${json_data} = {'results': [{'gender': 'female', 'name': {'title': 'Mrs', 'first': 'Lucíola', 'last': 'da Cunha'}, 'location': {'street': {'number': 4128, 'name': 'Rua São Pedro '}, 'city': 'Santa Maria', 'state': '...</msg>
<var>${json_data}</var>
<arg>${response.json()}</arg>
<doc>Returns the given values which can then be assigned to a variables.</doc>
<status status="PASS" start="2024-04-11T11:12:50.709004" elapsed="0.000588"/>
</kw>
<kw name="Log" owner="BuiltIn">
<msg time="2024-04-11T11:12:50.710065" level="INFO">{'results': [{'gender': 'female', 'name': {'title': 'Mrs', 'first': 'Lucíola', 'last': 'da Cunha'}, 'location': {'street': {'number': 4128, 'name': 'Rua São Pedro '}, 'city': 'Santa Maria', 'state': 'Alagoas', 'country': 'Brazil', 'postcode': 37209, 'coordinates': {'latitude': '-80.1906', 'longitude': '98.0964'}, 'timezone': {'offset': '+11:00', 'description': 'Magadan, Solomon Islands, New Caledonia'}}, 'email': 'luciola.dacunha@example.com', 'login': {'uuid': '938f6cc0-4c7a-4897-b68d-0b92655c0208', 'username': 'ticklishbear762', 'password': 'kkkkkkk', 'salt': 'VDNHKBpz', 'md5': 'f414cc65d1d2bb1de865dcc5b736c49a', 'sha1': '98d83d4c18e27ed8d36815c6a9cbcc36d12694e2', 'sha256': '53d0eec40f1f5944dcbb0d163f3d4ceadad06b105ff233c7f8203d06170b1568'}, 'dob': {'date': '1976-11-09T23:34:55.590Z', 'age': 47}, 'registered': {'date': '2005-01-28T07:43:57.568Z', 'age': 19}, 'phone': '(33) 7010-5527', 'cell': '(45) 2840-9569', 'id': {'name': 'CPF', 'value': '833.111.802-76'}, 'picture': {'large': 'https://randomuser.me/api/portraits/women/40.jpg', 'medium': 'https://randomuser.me/api/portraits/med/women/40.jpg', 'thumbnail': 'https://randomuser.me/api/portraits/thumb/women/40.jpg'}, 'nat': 'BR'}], 'info': {'seed': 'febf7e6731715f48', 'results': 1, 'page': 1, 'version': '1.4'}}</msg>
<arg>${json_data}</arg>
<doc>Logs the given message with the given level.</doc>
<status status="PASS" start="2024-04-11T11:12:50.709905" elapsed="0.000241"/>
</kw>
<kw name="Should Be Equal As Numbers" owner="BuiltIn">
<arg>${json_data['results'][0]['location']['postcode']}</arg>
<arg>${json_data['results'][0]['location']['postcode']}</arg>
<doc>Fails if objects are unequal after converting them to real numbers.</doc>
<status status="PASS" start="2024-04-11T11:12:50.710450" elapsed="0.000613"/>
</kw>
<kw name="Log" owner="BuiltIn">
<msg time="2024-04-11T11:12:50.711585" level="INFO">37209</msg>
<arg>${json_data['results'][0]['location']['postcode']}</arg>
<doc>Logs the given message with the given level.</doc>
<status status="PASS" start="2024-04-11T11:12:50.711253" elapsed="0.000371"/>
</kw>
<status status="PASS" start="2024-04-11T11:12:50.613224" elapsed="0.098652"/>
</kw>
<doc>Testa se os tipos de dados na resposta da API estão corretos.</doc>
<tag>testeTiposDados</tag>
<status status="PASS" start="2024-04-11T11:12:50.528842" elapsed="0.183203"/>
</test>
<test id="s1-s1-t5" name="Validar conteudo" line="35">
<kw name="Teste de Tipos de Conteudo" owner="random-user-service">
<kw name="GET On Session" owner="RequestsLibrary">
<msg time="2024-04-11T11:12:50.806080" level="INFO">GET Request : url=https://randomuser.me/api 
 path_url=/api 
 headers={'User-Agent': 'python-requests/2.31.0', 'Accept-Encoding': 'gzip, deflate', 'Accept': '*/*', 'Connection': 'keep-alive'} 
 body=None 
 </msg>
<msg time="2024-04-11T11:12:50.806174" level="INFO">GET Response : url=https://randomuser.me/api 
 status=200, reason=OK 
 headers={'Date': 'Thu, 11 Apr 2024 11:12:50 GMT', 'Content-Type': 'application/json; charset=utf-8', 'Transfer-Encoding': 'chunked', 'Connection': 'keep-alive', 'X-Powered-By': 'Express', 'Access-Control-Allow-Origin': '*', 'Cache-Control': 'no-cache', 'ETag': 'W/"4a6-T/FNvrFZcIWnYLCVU4y74HvSGIY"', 'Vary': 'Accept-Encoding', 'Content-Encoding': 'gzip', 'CF-Cache-Status': 'DYNAMIC', 'Report-To': '{"endpoints":[{"url":"https:\\/\\/a.nel.cloudflare.com\\/report\\/v4?s=9N7akPW7M7qIOJrOHP0HF1lNex%2FYg6UK5%2F1%2Fc9wMSCnMTBHC95Uxm1WQCFgbG%2F9Nl%2BoOAt7iUZ4xup1sDImgRPOyqzEdmJOwxDr1SyE%2B%2FGZhY5eABAh6RXQ9BeKGbMPK"}],"group":"cf-nel","max_age":604800}', 'NEL': '{"success_fraction":0,"report_to":"cf-nel","max_age":604800}', 'Server': 'cloudflare', 'CF-RAY': '872a8b3cffcb879b-IAD', 'alt-svc': 'h3=":443"; ma=86400'} 
 body={"results":[{"gender":"male","name":{"title":"Mr","first":"Yüksel","last":"Disseldorp"},"location":{"street":{"number":4106,"name":"Darthuizerweg"},"city":"Heusden","state":"Zuid-Holland","country":"Netherlands","postcode":"0222 QE","coordinates":{"latitude":"33.5251","longitude":"-91.7392"},"timezone":{"offset":"-5:00","description":"Eastern Time (US &amp; Canada), Bogota, Lima"}},"email":"yuksel.disseldorp@example.com","login":{"uuid":"f23655f9-47e6-466f-9aea-e6f75d029a44","username":"tinyostrich892","password":"passpass","salt":"tD4yxy9L","md5":"9e8e668c3d6ce695268c4e1d9c3baa5b","sha1":"9feb5c73784d1b72dda6cbbbd5d28679ad43ecd5","sha256":"2226dd8e7536522759d6c7d4308bcae8b4376e4f62aafb58ac16cb29cec0c370"},"dob":{"date":"1967-04-16T23:08:47.000Z","age":56},"registered":{"date":"2021-05-16T14:52:47.695Z","age":2},"phone":"(038) 0156328","cell":"(06) 09740949","id":{"name":"BSN","value":"97932785"},"picture":{"large":"https://randomuser.me/api/portraits/men/49.jpg","medium":"https://randomuser.me/api/portraits/med/men/49.jpg","thumbnail":"https://randomuser.me/api/portraits/thumb/men/49.jpg"},"nat":"NL"}],"info":{"seed":"8a266b788270f7e3","results":1,"page":1,"version":"1.4"}} 
 </msg>
<msg time="2024-04-11T11:12:50.806257" level="INFO">/opt/hostedtoolcache/Python/3.12.2/x64/lib/python3.12/site-packages/urllib3/connectionpool.py:1103: InsecureRequestWarning: Unverified HTTPS request is being made to host 'randomuser.me'. Adding certificate verification is strongly advised. See: https://urllib3.readthedocs.io/en/latest/advanced-usage.html#tls-warnings
  warnings.warn(</msg>
<msg time="2024-04-11T11:12:50.806386" level="INFO">${response} = &lt;Response [200]&gt;</msg>
<var>${response}</var>
<arg>consultarAPI</arg>
<arg>/api</arg>
<doc>Sends a GET request on a previously created HTTP Session.</doc>
<status status="PASS" start="2024-04-11T11:12:50.714600" elapsed="0.091840"/>
</kw>
<kw name="Set Variable" owner="BuiltIn">
<msg time="2024-04-11T11:12:50.807541" level="INFO">${json_data} = {'results': [{'gender': 'male', 'name': {'title': 'Mr', 'first': 'Yüksel', 'last': 'Disseldorp'}, 'location': {'street': {'number': 4106, 'name': 'Darthuizerweg'}, 'city': 'Heusden', 'state': 'Zuid-Ho...</msg>
<var>${json_data}</var>
<arg>${response.json()}</arg>
<doc>Returns the given values which can then be assigned to a variables.</doc>
<status status="PASS" start="2024-04-11T11:12:50.806987" elapsed="0.000583"/>
</kw>
<kw name="Set Variable" owner="BuiltIn">
<msg time="2024-04-11T11:12:50.808267" level="INFO">${name_title} = Mr</msg>
<var>${name_title}</var>
<arg>${json_data["results"][0]["name"]["title"]}</arg>
<doc>Returns the given values which can then be assigned to a variables.</doc>
<status status="PASS" start="2024-04-11T11:12:50.807879" elapsed="0.000413"/>
</kw>
<kw name="Create List" owner="BuiltIn">
<msg time="2024-04-11T11:12:50.808838" level="INFO">${allowed_titles} = ['Mr', 'Ms', 'Miss', 'Mrs', 'Madame', 'Monsieur']</msg>
<var>${allowed_titles}</var>
<arg>Mr</arg>
<arg>Ms</arg>
<arg>Miss</arg>
<arg>Mrs</arg>
<arg>Madame</arg>
<arg>Monsieur</arg>
<doc>Returns a list containing given items.</doc>
<status status="PASS" start="2024-04-11T11:12:50.808663" elapsed="0.000199"/>
</kw>
<kw name="List Should Contain Value" owner="Collections">
<msg time="2024-04-11T11:12:50.809351" level="INFO">False</msg>
<arg>${allowed_titles}</arg>
<arg>${name_title}</arg>
<doc>Fails if the ``value`` is not found from ``list``.</doc>
<status status="PASS" start="2024-04-11T11:12:50.809174" elapsed="0.000215"/>
</kw>
<kw name="Set Variable" owner="BuiltIn">
<msg time="2024-04-11T11:12:50.810107" level="INFO">${name_country} = NL</msg>
<var>${name_country}</var>
<arg>${json_data["results"][0]["nat"]}</arg>
<doc>Returns the given values which can then be assigned to a variables.</doc>
<status status="PASS" start="2024-04-11T11:12:50.809702" elapsed="0.000429"/>
</kw>
<kw name="Create List" owner="BuiltIn">
<msg time="2024-04-11T11:12:50.811040" level="INFO">${list_country} = ['AD', 'AE', 'AF', 'AG', 'AI', 'AL', 'AM', 'AO', 'AQ', 'AR', 'AS', 'AT', 'AU', 'AW', 'AX', 'AZ', 'BA', 'BB', 'BD', 'BE', 'BF', 'BG', 'BH', 'BI', 'BJ', 'BL', 'BM', 'BN', 'BO', 'BQ', 'BR', 'BS', 'BT', '...</msg>
<var>${list_country}</var>
<arg>AD</arg>
<arg>AE</arg>
<arg>AF</arg>
<arg>AG</arg>
<arg>AI</arg>
<arg>AL</arg>
<arg>AM</arg>
<arg>AO</arg>
<arg>AQ</arg>
<arg>AR</arg>
<arg>AS</arg>
<arg>AT</arg>
<arg>AU</arg>
<arg>AW</arg>
<arg>AX</arg>
<arg>AZ</arg>
<arg>BA</arg>
<arg>BB</arg>
<arg>BD</arg>
<arg>BE</arg>
<arg>BF</arg>
<arg>BG</arg>
<arg>BH</arg>
<arg>BI</arg>
<arg>BJ</arg>
<arg>BL</arg>
<arg>BM</arg>
<arg>BN</arg>
<arg>BO</arg>
<arg>BQ</arg>
<arg>BR</arg>
<arg>BS</arg>
<arg>BT</arg>
<arg>BV</arg>
<arg>BW</arg>
<arg>BY</arg>
<arg>BZ</arg>
<arg>CA</arg>
<arg>CC</arg>
<arg>CD</arg>
<arg>CF</arg>
<arg>CG</arg>
<arg>CH</arg>
<arg>CI</arg>
<arg>CK</arg>
<arg>CL</arg>
<arg>CM</arg>
<arg>CN</arg>
<arg>CO</arg>
<arg>CR</arg>
<arg>CU</arg>
<arg>CV</arg>
<arg>CW</arg>
<arg>CX</arg>
<arg>CY</arg>
<arg>CZ</arg>
<arg>DE</arg>
<arg>DJ</arg>
<arg>DK</arg>
<arg>DM</arg>
<arg>DO</arg>
<arg>DZ</arg>
<arg>EC</arg>
<arg>EE</arg>
<arg>EG</arg>
<arg>EH</arg>
<arg>ER</arg>
<arg>ES</arg>
<arg>ET</arg>
<arg>FI</arg>
<arg>FJ</arg>
<arg>FK</arg>
<arg>FM</arg>
<arg>FO</arg>
<arg>FR</arg>
<arg>GA</arg>
<arg>GB</arg>
<arg>GD</arg>
<arg>GE</arg>
<arg>GF</arg>
<arg>GG</arg>
<arg>GH</arg>
<arg>GI</arg>
<arg>GL</arg>
<arg>GM</arg>
<arg>GN</arg>
<arg>GP</arg>
<arg>GQ</arg>
<arg>GR</arg>
<arg>GS</arg>
<arg>GT</arg>
<arg>GU</arg>
<arg>GW</arg>
<arg>GY</arg>
<arg>HK</arg>
<arg>HM</arg>
<arg>HN</arg>
<arg>HR</arg>
<arg>HT</arg>
<arg>HU</arg>
<arg>ID</arg>
<arg>IE</arg>
<arg>IL</arg>
<arg>IM</arg>
<arg>IN</arg>
<arg>IO</arg>
<arg>IQ</arg>
<arg>IR</arg>
<arg>IS</arg>
<arg>IT</arg>
<arg>JE</arg>
<arg>JM</arg>
<arg>JO</arg>
<arg>JP</arg>
<arg>KE</arg>
<arg>KG</arg>
<arg>KH</arg>
<arg>KI</arg>
<arg>KM</arg>
<arg>KN</arg>
<arg>KP</arg>
<arg>KR</arg>
<arg>KW</arg>
<arg>KY</arg>
<arg>KZ</arg>
<arg>LA</arg>
<arg>LB</arg>
<arg>LC</arg>
<arg>LI</arg>
<arg>LK</arg>
<arg>LR</arg>
<arg>LS</arg>
<arg>LT</arg>
<arg>LU</arg>
<arg>LV</arg>
<arg>LY</arg>
<arg>MA</arg>
<arg>MC</arg>
<arg>MD</arg>
<arg>ME</arg>
<arg>MF</arg>
<arg>MG</arg>
<arg>MH</arg>
<arg>MK</arg>
<arg>ML</arg>
<arg>MM</arg>
<arg>MN</arg>
<arg>MO</arg>
<arg>MP</arg>
<arg>MQ</arg>
<arg>MR</arg>
<arg>MS</arg>
<arg>MT</arg>
<arg>MU</arg>
<arg>MV</arg>
<arg>MW</arg>
<arg>MX</arg>
<arg>MY</arg>
<arg>MZ</arg>
<arg>NA</arg>
<arg>NC</arg>
<arg>NE</arg>
<arg>NF</arg>
<arg>NG</arg>
<arg>NI</arg>
<arg>NL</arg>
<arg>NO</arg>
<arg>NP</arg>
<arg>NR</arg>
<arg>NU</arg>
<arg>NZ</arg>
<arg>OM</arg>
<arg>PA</arg>
<arg>PE</arg>
<arg>PF</arg>
<arg>PG</arg>
<arg>PH</arg>
<arg>PK</arg>
<arg>PL</arg>
<arg>PM</arg>
<arg>PN</arg>
<arg>PR</arg>
<arg>PS</arg>
<arg>PT</arg>
<arg>PW</arg>
<arg>PY</arg>
<arg>QA</arg>
<arg>RE</arg>
<arg>RO</arg>
<arg>RS</arg>
<arg>RU</arg>
<arg>RW</arg>
<arg>SA</arg>
<arg>SB</arg>
<arg>SC</arg>
<arg>SD</arg>
<arg>SE</arg>
<arg>SG</arg>
<arg>SH</arg>
<arg>SI</arg>
<arg>SJ</arg>
<arg>SK</arg>
<arg>SL</arg>
<arg>SM</arg>
<arg>SN</arg>
<arg>SO</arg>
<arg>SR</arg>
<arg>SS</arg>
<arg>ST</arg>
<arg>SV</arg>
<arg>SX</arg>
<arg>SY</arg>
<arg>SZ</arg>
<arg>TC</arg>
<arg>TD</arg>
<arg>TF</arg>
<arg>TG</arg>
<arg>TH</arg>
<arg>TJ</arg>
<arg>TK</arg>
<arg>TL</arg>
<arg>TM</arg>
<arg>TN</arg>
<arg>TO</arg>
<arg>TR</arg>
<arg>TT</arg>
<arg>TV</arg>
<arg>TW</arg>
<arg>TZ</arg>
<arg>UA</arg>
<arg>UG</arg>
<arg>UM</arg>
<arg>US</arg>
<arg>UY</arg>
<arg>UZ</arg>
<arg>VA</arg>
<arg>VC</arg>
<arg>VE</arg>
<arg>VG</arg>
<arg>VI</arg>
<arg>VN</arg>
<arg>VU</arg>
<arg>WF</arg>
<arg>WS</arg>
<arg>XK</arg>
<arg>YE</arg>
<arg>YT</arg>
<arg>ZA</arg>
<arg>ZM</arg>
<arg>ZW</arg>
<doc>Returns a list containing given items.</doc>
<status status="PASS" start="2024-04-11T11:12:50.810438" elapsed="0.000638"/>
</kw>
<kw name="List Should Contain Value" owner="Collections">
<msg time="2024-04-11T11:12:50.812061" level="INFO">False</msg>
<arg>${list_country}</arg>
<arg>${name_country}</arg>
<doc>Fails if the ``value`` is not found from ``list``.</doc>
<status status="PASS" start="2024-04-11T11:12:50.811859" elapsed="0.000239"/>
</kw>
<kw name="Run Keyword If" owner="BuiltIn">
<kw name="Should Be True" owner="BuiltIn">
<arg>${True}</arg>
<doc>Fails if the given condition is not true.</doc>
<status status="PASS" start="2024-04-11T11:12:50.813310" elapsed="0.000150"/>
</kw>
<arg>${json_data["results"][0]["location"]["coordinates"]["latitude"]} &gt;= -90 and ${json_data["results"][0]["location"]["coordinates"]["latitude"]} &lt;= 90</arg>
<arg>Should Be True</arg>
<arg>${True}</arg>
<doc>Runs the given keyword with the given arguments, if ``condition`` is true.</doc>
<status status="PASS" start="2024-04-11T11:12:50.812407" elapsed="0.001183"/>
</kw>
<kw name="Run Keyword If" owner="BuiltIn">
<kw name="Should Be True" owner="BuiltIn">
<arg>${True}</arg>
<doc>Fails if the given condition is not true.</doc>
<status status="PASS" start="2024-04-11T11:12:50.814488" elapsed="0.000139"/>
</kw>
<arg>${json_data["results"][0]["location"]["coordinates"]["longitude"]} &gt;= -180 and ${json_data["results"][0]["location"]["coordinates"]["longitude"]} &lt;= 180</arg>
<arg>Should Be True</arg>
<arg>${True}</arg>
<doc>Runs the given keyword with the given arguments, if ``condition`` is true.</doc>
<status status="PASS" start="2024-04-11T11:12:50.813785" elapsed="0.000967"/>
</kw>
<status status="PASS" start="2024-04-11T11:12:50.714374" elapsed="0.100507"/>
</kw>
<doc>Testa o conteúdo específico dos campos retornados pela API.</doc>
<tag>testeConteudo</tag>
<status status="PASS" start="2024-04-11T11:12:50.713836" elapsed="0.101196"/>
</test>
<status status="PASS" start="2024-04-11T11:12:49.891333" elapsed="0.925678"/>
</suite>
<status status="PASS" start="2024-04-11T11:12:49.875676" elapsed="0.946744"/>
</suite>
<statistics>
<total>
<stat pass="5" fail="0" skip="0">All Tests</stat>
</total>
<tag>
<stat pass="1" fail="0" skip="0">testeConteudo</stat>
<stat pass="1" fail="0" skip="0">testeEstruturaResposta</stat>
<stat pass="1" fail="0" skip="0">testeRequisicaoBasica</stat>
<stat pass="1" fail="0" skip="0">testeTiposDados</stat>
</tag>
<suite>
<stat pass="5" fail="0" skip="0" id="s1" name="Tests">Tests</stat>
<stat pass="5" fail="0" skip="0" id="s1-s1" name="Random-User-Test">Tests.Random-User-Test</stat>
</suite>
</statistics>
<errors>
</errors>
</robot>
