<?xml version="1.0" encoding="UTF-8"?>
<robot generator="Robot 7.0 (Python 3.12.2 on linux)" generated="2024-03-24T18:18:10.375457" rpa="false" schemaversion="5">
<suite id="s1" name="Tests" source="/home/runner/work/DesafioQAItauRogerioJordao/DesafioQAItauRogerioJordao/RamdonUser/tests">
<suite id="s1-s1" name="Random-User-Test" source="/home/runner/work/DesafioQAItauRogerioJordao/DesafioQAItauRogerioJordao/RamdonUser/tests/random-user-test.robot">
<test id="s1-s1-t1" name="Conectar" line="13">
<kw name="Conectar API" owner="random-user-service">
<kw name="Create Session" owner="RequestsLibrary">
<msg time="2024-03-24T18:18:10.735082" level="INFO">Creating Session using : alias=consultarAPI, url=https://randomuser.me/, headers={},                     cookies={}, auth=None, timeout=None, proxies=None, verify=False,                     debug=0 </msg>
<arg>consultarAPI</arg>
<arg>${URL}</arg>
<doc>Create Session: create a HTTP session to a server</doc>
<status status="PASS" start="2024-03-24T18:18:10.734880" elapsed="0.000403"/>
</kw>
<status status="PASS" start="2024-03-24T18:18:10.733850" elapsed="0.001791"/>
</kw>
<status status="PASS" start="2024-03-24T18:18:10.733329" elapsed="0.002516"/>
</test>
<test id="s1-s1-t2" name="Validar retorno 200 e JSON Válido" line="16">
<kw name="Teste de Requisicao Basica" owner="random-user-service">
<kw name="GET On Session" owner="RequestsLibrary">
<msg time="2024-03-24T18:18:10.902194" level="INFO">GET Request : url=https://randomuser.me/api 
 path_url=/api 
 headers={'User-Agent': 'python-requests/2.31.0', 'Accept-Encoding': 'gzip, deflate', 'Accept': '*/*', 'Connection': 'keep-alive'} 
 body=None 
 </msg>
<msg time="2024-03-24T18:18:10.902322" level="INFO">GET Response : url=https://randomuser.me/api 
 status=200, reason=OK 
 headers={'Date': 'Sun, 24 Mar 2024 18:18:10 GMT', 'Content-Type': 'application/json; charset=utf-8', 'Transfer-Encoding': 'chunked', 'Connection': 'keep-alive', 'X-Powered-By': 'Express', 'Access-Control-Allow-Origin': '*', 'Cache-Control': 'no-cache', 'ETag': 'W/"49a-/rbBJGTCYZwKxlOWeKd7Ru3enXU"', 'Vary': 'Accept-Encoding', 'Content-Encoding': 'gzip', 'CF-Cache-Status': 'DYNAMIC', 'Report-To': '{"endpoints":[{"url":"https:\\/\\/a.nel.cloudflare.com\\/report\\/v4?s=D4I4EgHoF7W4vc%2BuoCTP8H5TRUPYoq7hVOLRtoFkgS2a3sZe2Ax58WvaekZqILygtMBM32LMLUYsq%2BPpJBAv33BndvobkDvAW6aqdJ4SiG0vz1BmdEwA7ne%2FnUbkFA%2FE"}],"group":"cf-nel","max_age":604800}', 'NEL': '{"success_fraction":0,"report_to":"cf-nel","max_age":604800}', 'Server': 'cloudflare', 'CF-RAY': '8698a9898a275251-LAX', 'alt-svc': 'h3=":443"; ma=86400'} 
 body={"results":[{"gender":"male","name":{"title":"Mr","first":"Eric","last":"Vargas"},"location":{"street":{"number":4681,"name":"Valwood Pkwy"},"city":"Augusta","state":"West Virginia","country":"United States","postcode":87423,"coordinates":{"latitude":"81.6948","longitude":"-114.4902"},"timezone":{"offset":"-4:00","description":"Atlantic Time (Canada), Caracas, La Paz"}},"email":"eric.vargas@example.com","login":{"uuid":"4e47d0fd-803f-4d01-b0f4-9302136bfca1","username":"yellowfish614","password":"676767","salt":"Gcm8Zah7","md5":"f6c568d0076d58c727a7037eb357f5d9","sha1":"bfc7d909d63f8547879b623651d226320614aa71","sha256":"5f1a969b105b1976c8d3667226cb5cdb9ed1c32b633618f9bf83784440d18306"},"dob":{"date":"1955-04-30T12:18:08.389Z","age":68},"registered":{"date":"2003-03-13T13:14:10.145Z","age":21},"phone":"(223) 798-6013","cell":"(848) 395-4239","id":{"name":"SSN","value":"321-06-0097"},"picture":{"large":"https://randomuser.me/api/portraits/men/14.jpg","medium":"https://randomuser.me/api/portraits/med/men/14.jpg","thumbnail":"https://randomuser.me/api/portraits/thumb/men/14.jpg"},"nat":"US"}],"info":{"seed":"6f0db54ac402683f","results":1,"page":1,"version":"1.4"}} 
 </msg>
<msg time="2024-03-24T18:18:10.902422" level="INFO">/opt/hostedtoolcache/Python/3.12.2/x64/lib/python3.12/site-packages/urllib3/connectionpool.py:1103: InsecureRequestWarning: Unverified HTTPS request is being made to host 'randomuser.me'. Adding certificate verification is strongly advised. See: https://urllib3.readthedocs.io/en/latest/advanced-usage.html#tls-warnings
  warnings.warn(</msg>
<msg time="2024-03-24T18:18:10.902570" level="INFO">${response} = &lt;Response [200]&gt;</msg>
<var>${response}</var>
<arg>consultarAPI</arg>
<arg>/api</arg>
<doc>Sends a GET request on a previously created HTTP Session.</doc>
<status status="PASS" start="2024-03-24T18:18:10.738397" elapsed="0.164216"/>
</kw>
<kw name="Should Be Equal As Numbers" owner="BuiltIn">
<msg time="2024-03-24T18:18:10.903597" level="INFO">Argument types are:
&lt;class 'int'&gt;
&lt;class 'str'&gt;</msg>
<arg>${response.status_code}</arg>
<arg>200</arg>
<doc>Fails if objects are unequal after converting them to real numbers.</doc>
<status status="PASS" start="2024-03-24T18:18:10.903092" elapsed="0.000572"/>
</kw>
<kw name="Log" owner="BuiltIn">
<msg time="2024-03-24T18:18:10.904347" level="INFO">200</msg>
<arg>${response.status_code}</arg>
<doc>Logs the given message with the given level.</doc>
<status status="PASS" start="2024-03-24T18:18:10.903988" elapsed="0.000403"/>
</kw>
<kw name="Set Variable" owner="BuiltIn">
<msg time="2024-03-24T18:18:10.905174" level="INFO">${json_data} = {'results': [{'gender': 'male', 'name': {'title': 'Mr', 'first': 'Eric', 'last': 'Vargas'}, 'location': {'street': {'number': 4681, 'name': 'Valwood Pkwy'}, 'city': 'Augusta', 'state': 'West Virginia'...</msg>
<var>${json_data}</var>
<arg>${response.json()}</arg>
<doc>Returns the given values which can then be assigned to a variables.</doc>
<status status="PASS" start="2024-03-24T18:18:10.904731" elapsed="0.000472"/>
</kw>
<kw name="Dictionary Should Contain Key" owner="Collections">
<msg time="2024-03-24T18:18:10.905676" level="INFO">False</msg>
<arg>${json_data}</arg>
<arg>results</arg>
<doc>Fails if ``key`` is not found from ``dictionary``.</doc>
<status status="PASS" start="2024-03-24T18:18:10.905508" elapsed="0.000207"/>
</kw>
<status status="PASS" start="2024-03-24T18:18:10.738146" elapsed="0.167828"/>
</kw>
<doc>Testa se a API responde corretamente e retorna um objeto JSON válido.</doc>
<tag>testeRequisicaoBasica</tag>
<status status="PASS" start="2024-03-24T18:18:10.737678" elapsed="0.168484"/>
</test>
<test id="s1-s1-t3" name="Validar estrutura de resposta" line="22">
<kw name="Teste de Estrutura de Resposta" owner="random-user-service">
<kw name="GET On Session" owner="RequestsLibrary">
<msg time="2024-03-24T18:18:11.019578" level="INFO">GET Request : url=https://randomuser.me/api 
 path_url=/api 
 headers={'User-Agent': 'python-requests/2.31.0', 'Accept-Encoding': 'gzip, deflate', 'Accept': '*/*', 'Connection': 'keep-alive'} 
 body=None 
 </msg>
<msg time="2024-03-24T18:18:11.019671" level="INFO">GET Response : url=https://randomuser.me/api 
 status=200, reason=OK 
 headers={'Date': 'Sun, 24 Mar 2024 18:18:11 GMT', 'Content-Type': 'application/json; charset=utf-8', 'Transfer-Encoding': 'chunked', 'Connection': 'keep-alive', 'X-Powered-By': 'Express', 'Access-Control-Allow-Origin': '*', 'Cache-Control': 'no-cache', 'ETag': 'W/"47c-7aFJeB0YegFZl+mosZ8qUNu9ZdE"', 'Vary': 'Accept-Encoding', 'Content-Encoding': 'gzip', 'CF-Cache-Status': 'DYNAMIC', 'Report-To': '{"endpoints":[{"url":"https:\\/\\/a.nel.cloudflare.com\\/report\\/v4?s=fljkpAjJYFWvLWF6%2BWXU%2FIjL%2FCujGir2StXROxdDzyA0QRI3%2BzUPAfT%2FFhAWXEvOT%2BzOpkWXShM5T3urhD5JCljsad1EKBN4QGWWWOfSkd1PTDiStpkMftooVqbKB3EC"}],"group":"cf-nel","max_age":604800}', 'NEL': '{"success_fraction":0,"report_to":"cf-nel","max_age":604800}', 'Server': 'cloudflare', 'CF-RAY': '8698a98a3af65251-LAX', 'alt-svc': 'h3=":443"; ma=86400'} 
 body={"results":[{"gender":"female","name":{"title":"Miss","first":"Ülkü","last":"Avan"},"location":{"street":{"number":9892,"name":"Mevlana Cd"},"city":"Kütahya","state":"Bilecik","country":"Turkey","postcode":51244,"coordinates":{"latitude":"71.3457","longitude":"118.8937"},"timezone":{"offset":"+2:00","description":"Kaliningrad, South Africa"}},"email":"ulku.avan@example.com","login":{"uuid":"e238fe82-7b0d-44a4-bb21-de6c24b042e6","username":"beautifulsnake918","password":"brooke","salt":"ScYpOtDS","md5":"45d8d8d9d8dcf6be4fef7029c74127f3","sha1":"52d7e0395adce05e85aa3a672cc8a6ad0d42a033","sha256":"10ccdeb1ad177eb9ac44b182cf600375fb8c556d046e050b079be5f820d39973"},"dob":{"date":"1969-04-17T15:59:17.348Z","age":54},"registered":{"date":"2017-10-18T00:01:04.747Z","age":6},"phone":"(270)-219-3458","cell":"(978)-782-7924","id":{"name":"","value":null},"picture":{"large":"https://randomuser.me/api/portraits/women/12.jpg","medium":"https://randomuser.me/api/portraits/med/women/12.jpg","thumbnail":"https://randomuser.me/api/portraits/thumb/women/12.jpg"},"nat":"TR"}],"info":{"seed":"122d0c5a607a202c","results":1,"page":1,"version":"1.4"}} 
 </msg>
<msg time="2024-03-24T18:18:11.019812" level="INFO">/opt/hostedtoolcache/Python/3.12.2/x64/lib/python3.12/site-packages/urllib3/connectionpool.py:1103: InsecureRequestWarning: Unverified HTTPS request is being made to host 'randomuser.me'. Adding certificate verification is strongly advised. See: https://urllib3.readthedocs.io/en/latest/advanced-usage.html#tls-warnings
  warnings.warn(</msg>
<msg time="2024-03-24T18:18:11.019940" level="INFO">${response} = &lt;Response [200]&gt;</msg>
<var>${response}</var>
<arg>consultarAPI</arg>
<arg>/api</arg>
<doc>Sends a GET request on a previously created HTTP Session.</doc>
<status status="PASS" start="2024-03-24T18:18:10.908907" elapsed="0.111080"/>
</kw>
<kw name="Set Variable" owner="BuiltIn">
<msg time="2024-03-24T18:18:11.020893" level="INFO">${json_data} = {'results': [{'gender': 'female', 'name': {'title': 'Miss', 'first': 'Ülkü', 'last': 'Avan'}, 'location': {'street': {'number': 9892, 'name': 'Mevlana Cd'}, 'city': 'Kütahya', 'state': 'Bilecik', 'cou...</msg>
<var>${json_data}</var>
<arg>${response.json()}</arg>
<doc>Returns the given values which can then be assigned to a variables.</doc>
<status status="PASS" start="2024-03-24T18:18:11.020419" elapsed="0.000505"/>
</kw>
<kw name="Log" owner="BuiltIn">
<msg time="2024-03-24T18:18:11.021408" level="INFO">{'results': [{'gender': 'female', 'name': {'title': 'Miss', 'first': 'Ülkü', 'last': 'Avan'}, 'location': {'street': {'number': 9892, 'name': 'Mevlana Cd'}, 'city': 'Kütahya', 'state': 'Bilecik', 'country': 'Turkey', 'postcode': 51244, 'coordinates': {'latitude': '71.3457', 'longitude': '118.8937'}, 'timezone': {'offset': '+2:00', 'description': 'Kaliningrad, South Africa'}}, 'email': 'ulku.avan@example.com', 'login': {'uuid': 'e238fe82-7b0d-44a4-bb21-de6c24b042e6', 'username': 'beautifulsnake918', 'password': 'brooke', 'salt': 'ScYpOtDS', 'md5': '45d8d8d9d8dcf6be4fef7029c74127f3', 'sha1': '52d7e0395adce05e85aa3a672cc8a6ad0d42a033', 'sha256': '10ccdeb1ad177eb9ac44b182cf600375fb8c556d046e050b079be5f820d39973'}, 'dob': {'date': '1969-04-17T15:59:17.348Z', 'age': 54}, 'registered': {'date': '2017-10-18T00:01:04.747Z', 'age': 6}, 'phone': '(270)-219-3458', 'cell': '(978)-782-7924', 'id': {'name': '', 'value': None}, 'picture': {'large': 'https://randomuser.me/api/portraits/women/12.jpg', 'medium': 'https://randomuser.me/api/portraits/med/women/12.jpg', 'thumbnail': 'https://randomuser.me/api/portraits/thumb/women/12.jpg'}, 'nat': 'TR'}], 'info': {'seed': '122d0c5a607a202c', 'results': 1, 'page': 1, 'version': '1.4'}}</msg>
<arg>${json_data}</arg>
<doc>Logs the given message with the given level.</doc>
<status status="PASS" start="2024-03-24T18:18:11.021243" elapsed="0.000216"/>
</kw>
<kw name="Dictionary Should Contain Key" owner="Collections">
<msg time="2024-03-24T18:18:11.021928" level="INFO">False</msg>
<arg>${json_data}</arg>
<arg>results</arg>
<doc>Fails if ``key`` is not found from ``dictionary``.</doc>
<status status="PASS" start="2024-03-24T18:18:11.021771" elapsed="0.000196"/>
</kw>
<kw name="Should Not Be Empty" owner="BuiltIn">
<msg time="2024-03-24T18:18:11.022403" level="INFO">Length is 2.</msg>
<arg>${json_data}</arg>
<doc>Verifies that the given item is not empty.</doc>
<status status="PASS" start="2024-03-24T18:18:11.022269" elapsed="0.000173"/>
</kw>
<kw name="Create List" owner="BuiltIn">
<msg time="2024-03-24T18:18:11.022898" level="INFO">${expected_keys} = ['gender', 'name', 'location', 'email', 'login']</msg>
<var>${expected_keys}</var>
<arg>gender</arg>
<arg>name</arg>
<arg>location</arg>
<arg>email</arg>
<arg>login</arg>
<doc>Returns a list containing given items.</doc>
<status status="PASS" start="2024-03-24T18:18:11.022739" elapsed="0.000184"/>
</kw>
<for flavor="IN">
<iter>
<kw name="Dictionary Should Contain Key" owner="Collections">
<msg time="2024-03-24T18:18:11.023973" level="INFO">False</msg>
<arg>${json_data['results'][0]}</arg>
<arg>${key}</arg>
<doc>Fails if ``key`` is not found from ``dictionary``.</doc>
<status status="PASS" start="2024-03-24T18:18:11.023544" elapsed="0.000471"/>
</kw>
<kw name="Log" owner="BuiltIn">
<msg time="2024-03-24T18:18:11.024707" level="INFO">{'gender': 'female', 'name': {'title': 'Miss', 'first': 'Ülkü', 'last': 'Avan'}, 'location': {'street': {'number': 9892, 'name': 'Mevlana Cd'}, 'city': 'Kütahya', 'state': 'Bilecik', 'country': 'Turkey', 'postcode': 51244, 'coordinates': {'latitude': '71.3457', 'longitude': '118.8937'}, 'timezone': {'offset': '+2:00', 'description': 'Kaliningrad, South Africa'}}, 'email': 'ulku.avan@example.com', 'login': {'uuid': 'e238fe82-7b0d-44a4-bb21-de6c24b042e6', 'username': 'beautifulsnake918', 'password': 'brooke', 'salt': 'ScYpOtDS', 'md5': '45d8d8d9d8dcf6be4fef7029c74127f3', 'sha1': '52d7e0395adce05e85aa3a672cc8a6ad0d42a033', 'sha256': '10ccdeb1ad177eb9ac44b182cf600375fb8c556d046e050b079be5f820d39973'}, 'dob': {'date': '1969-04-17T15:59:17.348Z', 'age': 54}, 'registered': {'date': '2017-10-18T00:01:04.747Z', 'age': 6}, 'phone': '(270)-219-3458', 'cell': '(978)-782-7924', 'id': {'name': '', 'value': None}, 'picture': {'large': 'https://randomuser.me/api/portraits/women/12.jpg', 'medium': 'https://randomuser.me/api/portraits/med/women/12.jpg', 'thumbnail': 'https://randomuser.me/api/portraits/thumb/women/12.jpg'}, 'nat': 'TR'}</msg>
<arg>${json_data['results'][0]}</arg>
<doc>Logs the given message with the given level.</doc>
<status status="PASS" start="2024-03-24T18:18:11.024329" elapsed="0.000435"/>
</kw>
<kw name="Log" owner="BuiltIn">
<msg time="2024-03-24T18:18:11.025221" level="INFO">gender</msg>
<arg>${key}</arg>
<doc>Logs the given message with the given level.</doc>
<status status="PASS" start="2024-03-24T18:18:11.025083" elapsed="0.000179"/>
</kw>
<var name="${key}">gender</var>
<status status="PASS" start="2024-03-24T18:18:11.023416" elapsed="0.002081"/>
</iter>
<iter>
<kw name="Dictionary Should Contain Key" owner="Collections">
<msg time="2024-03-24T18:18:11.026209" level="INFO">False</msg>
<arg>${json_data['results'][0]}</arg>
<arg>${key}</arg>
<doc>Fails if ``key`` is not found from ``dictionary``.</doc>
<status status="PASS" start="2024-03-24T18:18:11.025813" elapsed="0.000435"/>
</kw>
<kw name="Log" owner="BuiltIn">
<msg time="2024-03-24T18:18:11.026962" level="INFO">{'gender': 'female', 'name': {'title': 'Miss', 'first': 'Ülkü', 'last': 'Avan'}, 'location': {'street': {'number': 9892, 'name': 'Mevlana Cd'}, 'city': 'Kütahya', 'state': 'Bilecik', 'country': 'Turkey', 'postcode': 51244, 'coordinates': {'latitude': '71.3457', 'longitude': '118.8937'}, 'timezone': {'offset': '+2:00', 'description': 'Kaliningrad, South Africa'}}, 'email': 'ulku.avan@example.com', 'login': {'uuid': 'e238fe82-7b0d-44a4-bb21-de6c24b042e6', 'username': 'beautifulsnake918', 'password': 'brooke', 'salt': 'ScYpOtDS', 'md5': '45d8d8d9d8dcf6be4fef7029c74127f3', 'sha1': '52d7e0395adce05e85aa3a672cc8a6ad0d42a033', 'sha256': '10ccdeb1ad177eb9ac44b182cf600375fb8c556d046e050b079be5f820d39973'}, 'dob': {'date': '1969-04-17T15:59:17.348Z', 'age': 54}, 'registered': {'date': '2017-10-18T00:01:04.747Z', 'age': 6}, 'phone': '(270)-219-3458', 'cell': '(978)-782-7924', 'id': {'name': '', 'value': None}, 'picture': {'large': 'https://randomuser.me/api/portraits/women/12.jpg', 'medium': 'https://randomuser.me/api/portraits/med/women/12.jpg', 'thumbnail': 'https://randomuser.me/api/portraits/thumb/women/12.jpg'}, 'nat': 'TR'}</msg>
<arg>${json_data['results'][0]}</arg>
<doc>Logs the given message with the given level.</doc>
<status status="PASS" start="2024-03-24T18:18:11.026587" elapsed="0.000427"/>
</kw>
<kw name="Log" owner="BuiltIn">
<msg time="2024-03-24T18:18:11.027488" level="INFO">name</msg>
<arg>${key}</arg>
<doc>Logs the given message with the given level.</doc>
<status status="PASS" start="2024-03-24T18:18:11.027354" elapsed="0.000174"/>
</kw>
<var name="${key}">name</var>
<status status="PASS" start="2024-03-24T18:18:11.025695" elapsed="0.002054"/>
</iter>
<iter>
<kw name="Dictionary Should Contain Key" owner="Collections">
<msg time="2024-03-24T18:18:11.028432" level="INFO">False</msg>
<arg>${json_data['results'][0]}</arg>
<arg>${key}</arg>
<doc>Fails if ``key`` is not found from ``dictionary``.</doc>
<status status="PASS" start="2024-03-24T18:18:11.028049" elapsed="0.000423"/>
</kw>
<kw name="Log" owner="BuiltIn">
<msg time="2024-03-24T18:18:11.029162" level="INFO">{'gender': 'female', 'name': {'title': 'Miss', 'first': 'Ülkü', 'last': 'Avan'}, 'location': {'street': {'number': 9892, 'name': 'Mevlana Cd'}, 'city': 'Kütahya', 'state': 'Bilecik', 'country': 'Turkey', 'postcode': 51244, 'coordinates': {'latitude': '71.3457', 'longitude': '118.8937'}, 'timezone': {'offset': '+2:00', 'description': 'Kaliningrad, South Africa'}}, 'email': 'ulku.avan@example.com', 'login': {'uuid': 'e238fe82-7b0d-44a4-bb21-de6c24b042e6', 'username': 'beautifulsnake918', 'password': 'brooke', 'salt': 'ScYpOtDS', 'md5': '45d8d8d9d8dcf6be4fef7029c74127f3', 'sha1': '52d7e0395adce05e85aa3a672cc8a6ad0d42a033', 'sha256': '10ccdeb1ad177eb9ac44b182cf600375fb8c556d046e050b079be5f820d39973'}, 'dob': {'date': '1969-04-17T15:59:17.348Z', 'age': 54}, 'registered': {'date': '2017-10-18T00:01:04.747Z', 'age': 6}, 'phone': '(270)-219-3458', 'cell': '(978)-782-7924', 'id': {'name': '', 'value': None}, 'picture': {'large': 'https://randomuser.me/api/portraits/women/12.jpg', 'medium': 'https://randomuser.me/api/portraits/med/women/12.jpg', 'thumbnail': 'https://randomuser.me/api/portraits/thumb/women/12.jpg'}, 'nat': 'TR'}</msg>
<arg>${json_data['results'][0]}</arg>
<doc>Logs the given message with the given level.</doc>
<status status="PASS" start="2024-03-24T18:18:11.028793" elapsed="0.000425"/>
</kw>
<kw name="Log" owner="BuiltIn">
<msg time="2024-03-24T18:18:11.029648" level="INFO">location</msg>
<arg>${key}</arg>
<doc>Logs the given message with the given level.</doc>
<status status="PASS" start="2024-03-24T18:18:11.029520" elapsed="0.000167"/>
</kw>
<var name="${key}">location</var>
<status status="PASS" start="2024-03-24T18:18:11.027934" elapsed="0.001971"/>
</iter>
<iter>
<kw name="Dictionary Should Contain Key" owner="Collections">
<msg time="2024-03-24T18:18:11.030584" level="INFO">False</msg>
<arg>${json_data['results'][0]}</arg>
<arg>${key}</arg>
<doc>Fails if ``key`` is not found from ``dictionary``.</doc>
<status status="PASS" start="2024-03-24T18:18:11.030201" elapsed="0.000422"/>
</kw>
<kw name="Log" owner="BuiltIn">
<msg time="2024-03-24T18:18:11.031324" level="INFO">{'gender': 'female', 'name': {'title': 'Miss', 'first': 'Ülkü', 'last': 'Avan'}, 'location': {'street': {'number': 9892, 'name': 'Mevlana Cd'}, 'city': 'Kütahya', 'state': 'Bilecik', 'country': 'Turkey', 'postcode': 51244, 'coordinates': {'latitude': '71.3457', 'longitude': '118.8937'}, 'timezone': {'offset': '+2:00', 'description': 'Kaliningrad, South Africa'}}, 'email': 'ulku.avan@example.com', 'login': {'uuid': 'e238fe82-7b0d-44a4-bb21-de6c24b042e6', 'username': 'beautifulsnake918', 'password': 'brooke', 'salt': 'ScYpOtDS', 'md5': '45d8d8d9d8dcf6be4fef7029c74127f3', 'sha1': '52d7e0395adce05e85aa3a672cc8a6ad0d42a033', 'sha256': '10ccdeb1ad177eb9ac44b182cf600375fb8c556d046e050b079be5f820d39973'}, 'dob': {'date': '1969-04-17T15:59:17.348Z', 'age': 54}, 'registered': {'date': '2017-10-18T00:01:04.747Z', 'age': 6}, 'phone': '(270)-219-3458', 'cell': '(978)-782-7924', 'id': {'name': '', 'value': None}, 'picture': {'large': 'https://randomuser.me/api/portraits/women/12.jpg', 'medium': 'https://randomuser.me/api/portraits/med/women/12.jpg', 'thumbnail': 'https://randomuser.me/api/portraits/thumb/women/12.jpg'}, 'nat': 'TR'}</msg>
<arg>${json_data['results'][0]}</arg>
<doc>Logs the given message with the given level.</doc>
<status status="PASS" start="2024-03-24T18:18:11.030927" elapsed="0.000448"/>
</kw>
<kw name="Log" owner="BuiltIn">
<msg time="2024-03-24T18:18:11.031809" level="INFO">email</msg>
<arg>${key}</arg>
<doc>Logs the given message with the given level.</doc>
<status status="PASS" start="2024-03-24T18:18:11.031678" elapsed="0.000170"/>
</kw>
<var name="${key}">email</var>
<status status="PASS" start="2024-03-24T18:18:11.030085" elapsed="0.001981"/>
</iter>
<iter>
<kw name="Dictionary Should Contain Key" owner="Collections">
<msg time="2024-03-24T18:18:11.032754" level="INFO">False</msg>
<arg>${json_data['results'][0]}</arg>
<arg>${key}</arg>
<doc>Fails if ``key`` is not found from ``dictionary``.</doc>
<status status="PASS" start="2024-03-24T18:18:11.032364" elapsed="0.000428"/>
</kw>
<kw name="Log" owner="BuiltIn">
<msg time="2024-03-24T18:18:11.033480" level="INFO">{'gender': 'female', 'name': {'title': 'Miss', 'first': 'Ülkü', 'last': 'Avan'}, 'location': {'street': {'number': 9892, 'name': 'Mevlana Cd'}, 'city': 'Kütahya', 'state': 'Bilecik', 'country': 'Turkey', 'postcode': 51244, 'coordinates': {'latitude': '71.3457', 'longitude': '118.8937'}, 'timezone': {'offset': '+2:00', 'description': 'Kaliningrad, South Africa'}}, 'email': 'ulku.avan@example.com', 'login': {'uuid': 'e238fe82-7b0d-44a4-bb21-de6c24b042e6', 'username': 'beautifulsnake918', 'password': 'brooke', 'salt': 'ScYpOtDS', 'md5': '45d8d8d9d8dcf6be4fef7029c74127f3', 'sha1': '52d7e0395adce05e85aa3a672cc8a6ad0d42a033', 'sha256': '10ccdeb1ad177eb9ac44b182cf600375fb8c556d046e050b079be5f820d39973'}, 'dob': {'date': '1969-04-17T15:59:17.348Z', 'age': 54}, 'registered': {'date': '2017-10-18T00:01:04.747Z', 'age': 6}, 'phone': '(270)-219-3458', 'cell': '(978)-782-7924', 'id': {'name': '', 'value': None}, 'picture': {'large': 'https://randomuser.me/api/portraits/women/12.jpg', 'medium': 'https://randomuser.me/api/portraits/med/women/12.jpg', 'thumbnail': 'https://randomuser.me/api/portraits/thumb/women/12.jpg'}, 'nat': 'TR'}</msg>
<arg>${json_data['results'][0]}</arg>
<doc>Logs the given message with the given level.</doc>
<status status="PASS" start="2024-03-24T18:18:11.033110" elapsed="0.000420"/>
</kw>
<kw name="Log" owner="BuiltIn">
<msg time="2024-03-24T18:18:11.033959" level="INFO">login</msg>
<arg>${key}</arg>
<doc>Logs the given message with the given level.</doc>
<status status="PASS" start="2024-03-24T18:18:11.033828" elapsed="0.000273"/>
</kw>
<var name="${key}">login</var>
<status status="PASS" start="2024-03-24T18:18:11.032244" elapsed="0.002090"/>
</iter>
<var>${key}</var>
<value>@{expected_keys}</value>
<status status="PASS" start="2024-03-24T18:18:11.023216" elapsed="0.011270"/>
</for>
<kw name="Create List" owner="BuiltIn">
<msg time="2024-03-24T18:18:11.034832" level="INFO">${expected_keysTwo} = ['username', 'password']</msg>
<var>${expected_keysTwo}</var>
<arg>username</arg>
<arg>password</arg>
<doc>Returns a list containing given items.</doc>
<status status="PASS" start="2024-03-24T18:18:11.034692" elapsed="0.000164"/>
</kw>
<for flavor="IN">
<iter>
<kw name="Dictionary Should Contain Key" owner="Collections">
<msg time="2024-03-24T18:18:11.035793" level="INFO">False</msg>
<arg>${json_data['results'][0]['login']}</arg>
<arg>${keyTwo}</arg>
<doc>Fails if ``key`` is not found from ``dictionary``.</doc>
<status status="PASS" start="2024-03-24T18:18:11.035401" elapsed="0.000430"/>
</kw>
<kw name="Dictionary Should Contain Key" owner="Collections">
<msg time="2024-03-24T18:18:11.036512" level="INFO">False</msg>
<arg>${json_data['results'][0]['login']}</arg>
<arg>${keyTwo}</arg>
<doc>Fails if ``key`` is not found from ``dictionary``.</doc>
<status status="PASS" start="2024-03-24T18:18:11.036132" elapsed="0.000418"/>
</kw>
<kw name="Log" owner="BuiltIn">
<msg time="2024-03-24T18:18:11.036977" level="INFO">username</msg>
<arg>${keyTwo}</arg>
<doc>Logs the given message with the given level.</doc>
<status status="PASS" start="2024-03-24T18:18:11.036846" elapsed="0.000169"/>
</kw>
<var name="${keyTwo}">username</var>
<status status="PASS" start="2024-03-24T18:18:11.035289" elapsed="0.001947"/>
</iter>
<iter>
<kw name="Dictionary Should Contain Key" owner="Collections">
<msg time="2024-03-24T18:18:11.037908" level="INFO">False</msg>
<arg>${json_data['results'][0]['login']}</arg>
<arg>${keyTwo}</arg>
<doc>Fails if ``key`` is not found from ``dictionary``.</doc>
<status status="PASS" start="2024-03-24T18:18:11.037529" elapsed="0.000417"/>
</kw>
<kw name="Dictionary Should Contain Key" owner="Collections">
<msg time="2024-03-24T18:18:11.038632" level="INFO">False</msg>
<arg>${json_data['results'][0]['login']}</arg>
<arg>${keyTwo}</arg>
<doc>Fails if ``key`` is not found from ``dictionary``.</doc>
<status status="PASS" start="2024-03-24T18:18:11.038240" elapsed="0.000430"/>
</kw>
<kw name="Log" owner="BuiltIn">
<msg time="2024-03-24T18:18:11.039185" level="INFO">password</msg>
<arg>${keyTwo}</arg>
<doc>Logs the given message with the given level.</doc>
<status status="PASS" start="2024-03-24T18:18:11.039003" elapsed="0.000226"/>
</kw>
<var name="${keyTwo}">password</var>
<status status="PASS" start="2024-03-24T18:18:11.037418" elapsed="0.002056"/>
</iter>
<var>${keyTwo}</var>
<value>@{expected_keysTwo}</value>
<status status="PASS" start="2024-03-24T18:18:11.035102" elapsed="0.004498"/>
</for>
<status status="PASS" start="2024-03-24T18:18:10.908668" elapsed="0.131076"/>
</kw>
<doc>Testa a estrutura da resposta da API.</doc>
<tag>testeEstruturaResposta</tag>
<status status="PASS" start="2024-03-24T18:18:10.908023" elapsed="0.131882"/>
</test>
<test id="s1-s1-t4" name="Validar tipos de dados" line="28">
<kw name="Teste de Tipos de Dados" owner="random-user-service">
<kw name="GET On Session" owner="RequestsLibrary">
<msg time="2024-03-24T18:18:12.010715" level="INFO">GET Request : url=https://randomuser.me/api 
 path_url=/api 
 headers={'User-Agent': 'python-requests/2.31.0', 'Accept-Encoding': 'gzip, deflate', 'Accept': '*/*', 'Connection': 'keep-alive'} 
 body=None 
 </msg>
<msg time="2024-03-24T18:18:12.010828" level="INFO">GET Response : url=https://randomuser.me/api 
 status=200, reason=OK 
 headers={'Date': 'Sun, 24 Mar 2024 18:18:12 GMT', 'Content-Type': 'application/json; charset=utf-8', 'Transfer-Encoding': 'chunked', 'Connection': 'keep-alive', 'X-Powered-By': 'Express', 'Access-Control-Allow-Origin': '*', 'Cache-Control': 'no-cache', 'ETag': 'W/"461-L4PVW7xoAjW3iLa9VExXGdydHrk"', 'Vary': 'Accept-Encoding', 'Content-Encoding': 'gzip', 'CF-Cache-Status': 'DYNAMIC', 'Report-To': '{"endpoints":[{"url":"https:\\/\\/a.nel.cloudflare.com\\/report\\/v4?s=6ridNbev%2BdVRZDslNgFwUX6hcUw1IyQoyVc0HM0TyTzBWEJXMmB1GDirH2yJkr5vfyIgCy02X9qlz5YjRJmD%2FPnNY1oukHCaGvKRQSPeBEe5rc48xOyUy88y06eCiA%2FM"}],"group":"cf-nel","max_age":604800}', 'NEL': '{"success_fraction":0,"report_to":"cf-nel","max_age":604800}', 'Server': 'cloudflare', 'CF-RAY': '8698a98b0bc35251-LAX', 'alt-svc': 'h3=":443"; ma=86400'} 
 body={"results":[{"gender":"male","name":{"title":"Mr","first":"Silas","last":"Myhren"},"location":{"street":{"number":199,"name":"Toftes gate"},"city":"Bykle","state":"Buskerud","country":"Norway","postcode":"6981","coordinates":{"latitude":"40.5362","longitude":"-138.7263"},"timezone":{"offset":"+5:45","description":"Kathmandu"}},"email":"silas.myhren@example.com","login":{"uuid":"d9c0e128-685a-485c-b0b8-44019c44dd54","username":"sadleopard350","password":"24242424","salt":"yIxPGuVR","md5":"73a29da8ef484c97b967a56c61ab18f9","sha1":"596a77a1ea6d8842b9cbdd367a51aba231e9d855","sha256":"6c0f1c68227fe9927e8ebf6add755ecacab220791912583e629a5df4f7520943"},"dob":{"date":"1961-04-20T18:51:48.672Z","age":62},"registered":{"date":"2002-11-02T03:42:38.154Z","age":21},"phone":"67328833","cell":"40964227","id":{"name":"FN","value":"20046145535"},"picture":{"large":"https://randomuser.me/api/portraits/men/8.jpg","medium":"https://randomuser.me/api/portraits/med/men/8.jpg","thumbnail":"https://randomuser.me/api/portraits/thumb/men/8.jpg"},"nat":"NO"}],"info":{"seed":"c8a4f679b2b8fb04","results":1,"page":1,"version":"1.4"}} 
 </msg>
<msg time="2024-03-24T18:18:12.010905" level="INFO">/opt/hostedtoolcache/Python/3.12.2/x64/lib/python3.12/site-packages/urllib3/connectionpool.py:1103: InsecureRequestWarning: Unverified HTTPS request is being made to host 'randomuser.me'. Adding certificate verification is strongly advised. See: https://urllib3.readthedocs.io/en/latest/advanced-usage.html#tls-warnings
  warnings.warn(</msg>
<msg time="2024-03-24T18:18:12.011033" level="INFO">${response} = &lt;Response [200]&gt;</msg>
<var>${response}</var>
<arg>consultarAPI</arg>
<arg>/api</arg>
<doc>Sends a GET request on a previously created HTTP Session.</doc>
<status status="PASS" start="2024-03-24T18:18:11.042456" elapsed="0.968618"/>
</kw>
<kw name="Set Variable" owner="BuiltIn">
<msg time="2024-03-24T18:18:12.012146" level="INFO">${json_data} = {'results': [{'gender': 'male', 'name': {'title': 'Mr', 'first': 'Silas', 'last': 'Myhren'}, 'location': {'street': {'number': 199, 'name': 'Toftes gate'}, 'city': 'Bykle', 'state': 'Buskerud', 'count...</msg>
<var>${json_data}</var>
<arg>${response.json()}</arg>
<doc>Returns the given values which can then be assigned to a variables.</doc>
<status status="PASS" start="2024-03-24T18:18:12.011631" elapsed="0.000543"/>
</kw>
<kw name="Log" owner="BuiltIn">
<msg time="2024-03-24T18:18:12.012642" level="INFO">{'results': [{'gender': 'male', 'name': {'title': 'Mr', 'first': 'Silas', 'last': 'Myhren'}, 'location': {'street': {'number': 199, 'name': 'Toftes gate'}, 'city': 'Bykle', 'state': 'Buskerud', 'country': 'Norway', 'postcode': '6981', 'coordinates': {'latitude': '40.5362', 'longitude': '-138.7263'}, 'timezone': {'offset': '+5:45', 'description': 'Kathmandu'}}, 'email': 'silas.myhren@example.com', 'login': {'uuid': 'd9c0e128-685a-485c-b0b8-44019c44dd54', 'username': 'sadleopard350', 'password': '24242424', 'salt': 'yIxPGuVR', 'md5': '73a29da8ef484c97b967a56c61ab18f9', 'sha1': '596a77a1ea6d8842b9cbdd367a51aba231e9d855', 'sha256': '6c0f1c68227fe9927e8ebf6add755ecacab220791912583e629a5df4f7520943'}, 'dob': {'date': '1961-04-20T18:51:48.672Z', 'age': 62}, 'registered': {'date': '2002-11-02T03:42:38.154Z', 'age': 21}, 'phone': '67328833', 'cell': '40964227', 'id': {'name': 'FN', 'value': '20046145535'}, 'picture': {'large': 'https://randomuser.me/api/portraits/men/8.jpg', 'medium': 'https://randomuser.me/api/portraits/med/men/8.jpg', 'thumbnail': 'https://randomuser.me/api/portraits/thumb/men/8.jpg'}, 'nat': 'NO'}], 'info': {'seed': 'c8a4f679b2b8fb04', 'results': 1, 'page': 1, 'version': '1.4'}}</msg>
<arg>${json_data}</arg>
<doc>Logs the given message with the given level.</doc>
<status status="PASS" start="2024-03-24T18:18:12.012485" elapsed="0.000204"/>
</kw>
<kw name="Should Be String" owner="String">
<arg>${json_data['results'][0]['gender']}</arg>
<doc>Fails if the given ``item`` is not a string.</doc>
<status status="PASS" start="2024-03-24T18:18:12.013031" elapsed="0.000366"/>
</kw>
<kw name="Should Match Regexp" owner="BuiltIn">
<arg>${json_data['results'][0]['email']}</arg>
<arg>^[a-zA-Z0-9._%+-]+@[a-zA-Z0-9.-]+\.[a-zA-Z]{2,}$</arg>
<doc>Fails if ``string`` does not match ``pattern`` as a regular expression.</doc>
<status status="PASS" start="2024-03-24T18:18:12.013592" elapsed="0.000515"/>
</kw>
<kw name="Should Match Regexp" owner="BuiltIn">
<arg>${json_data['results'][0]['dob']['date']}</arg>
<arg>\\d{4}-\\d{2}-\\d{2}T\\d{2}:\\d{2}:\\d{2}\\.\\d{3}Z</arg>
<doc>Fails if ``string`` does not match ``pattern`` as a regular expression.</doc>
<status status="PASS" start="2024-03-24T18:18:12.014307" elapsed="0.000486"/>
</kw>
<kw name="Should Match Regexp" owner="BuiltIn">
<arg>${json_data['results'][0]['registered']['date']}</arg>
<arg>\\d{4}-\\d{2}-\\d{2}T\\d{2}:\\d{2}:\\d{2}\\.\\d{3}Z</arg>
<doc>Fails if ``string`` does not match ``pattern`` as a regular expression.</doc>
<status status="PASS" start="2024-03-24T18:18:12.014985" elapsed="0.000418"/>
</kw>
<kw name="Should Match Regexp" owner="BuiltIn">
<arg>${json_data['results'][0]['picture']['large']}</arg>
<arg>^https?://.*\.(?:png|jpe?g|gif|bmp)$</arg>
<doc>Fails if ``string`` does not match ``pattern`` as a regular expression.</doc>
<status status="PASS" start="2024-03-24T18:18:12.015593" elapsed="0.000465"/>
</kw>
<kw name="Should Match Regexp" owner="BuiltIn">
<arg>${json_data['results'][0]['picture']['medium']}</arg>
<arg>^https?://.*\.(?:png|jpe?g|gif|bmp)$</arg>
<doc>Fails if ``string`` does not match ``pattern`` as a regular expression.</doc>
<status status="PASS" start="2024-03-24T18:18:12.016249" elapsed="0.000358"/>
</kw>
<kw name="Should Match Regexp" owner="BuiltIn">
<arg>${json_data['results'][0]['picture']['thumbnail']}</arg>
<arg>^https?://.*\.(?:png|jpe?g|gif|bmp)$</arg>
<doc>Fails if ``string`` does not match ``pattern`` as a regular expression.</doc>
<status status="PASS" start="2024-03-24T18:18:12.016802" elapsed="0.000352"/>
</kw>
<kw name="Log" owner="BuiltIn">
<msg time="2024-03-24T18:18:12.017665" level="INFO">{'large': 'https://randomuser.me/api/portraits/men/8.jpg', 'medium': 'https://randomuser.me/api/portraits/med/men/8.jpg', 'thumbnail': 'https://randomuser.me/api/portraits/thumb/men/8.jpg'}</msg>
<arg>${json_data['results'][0]['picture']}</arg>
<doc>Logs the given message with the given level.</doc>
<status status="PASS" start="2024-03-24T18:18:12.017336" elapsed="0.000375"/>
</kw>
<status status="PASS" start="2024-03-24T18:18:11.042230" elapsed="0.975739"/>
</kw>
<kw name="Teste de Tipos de Dados - Postcode" owner="random-user-service">
<kw name="GET On Session" owner="RequestsLibrary">
<msg time="2024-03-24T18:18:12.133945" level="INFO">GET Request : url=https://randomuser.me/api 
 path_url=/api 
 headers={'User-Agent': 'python-requests/2.31.0', 'Accept-Encoding': 'gzip, deflate', 'Accept': '*/*', 'Connection': 'keep-alive'} 
 body=None 
 </msg>
<msg time="2024-03-24T18:18:12.134032" level="INFO">GET Response : url=https://randomuser.me/api 
 status=200, reason=OK 
 headers={'Date': 'Sun, 24 Mar 2024 18:18:12 GMT', 'Content-Type': 'application/json; charset=utf-8', 'Transfer-Encoding': 'chunked', 'Connection': 'keep-alive', 'X-Powered-By': 'Express', 'Access-Control-Allow-Origin': '*', 'Cache-Control': 'no-cache', 'ETag': 'W/"474-sLz7ehv/pGBRirhkrC3p8hceqfM"', 'Vary': 'Accept-Encoding', 'Content-Encoding': 'gzip', 'CF-Cache-Status': 'DYNAMIC', 'Report-To': '{"endpoints":[{"url":"https:\\/\\/a.nel.cloudflare.com\\/report\\/v4?s=X0GmesBk7XuuOkdHPs1VsQD5pFr8l9m9Zlxs9YFZWmM0yK6iPQ9ZizS2WrZabpv5o%2B8Oi8fKSBsmwhrjgmhTrOa4tvysI5gr0iPRHZ5nAzgDuXrQAbEulo7nh8YQPo97"}],"group":"cf-nel","max_age":604800}', 'NEL': '{"success_fraction":0,"report_to":"cf-nel","max_age":604800}', 'Server': 'cloudflare', 'CF-RAY': '8698a9912b0c5251-LAX', 'alt-svc': 'h3=":443"; ma=86400'} 
 body={"results":[{"gender":"female","name":{"title":"Ms","first":"Fevroniya","last":"Telnyuk"},"location":{"street":{"number":4172,"name":"Goncharna"},"city":"Gorlivka","state":"Donecka","country":"Ukraine","postcode":42254,"coordinates":{"latitude":"78.0943","longitude":"172.6175"},"timezone":{"offset":"+4:30","description":"Kabul"}},"email":"fevroniya.telnyuk@example.com","login":{"uuid":"edca6433-502f-42f6-8618-967ea81f2885","username":"orangemeercat456","password":"aaliyah","salt":"dl8i9zUz","md5":"5f4569a349b277958b485a15444d8a2a","sha1":"8f7aace915ae870959f2328167645a83267bba2f","sha256":"6e9fcd18c80a0634b24d7083a8b25244bdcb9c4961b16974deabb6f3290df4f8"},"dob":{"date":"1972-05-16T12:34:52.155Z","age":51},"registered":{"date":"2019-12-04T13:59:24.756Z","age":4},"phone":"(096) B91-5534","cell":"(067) K82-6338","id":{"name":"","value":null},"picture":{"large":"https://randomuser.me/api/portraits/women/63.jpg","medium":"https://randomuser.me/api/portraits/med/women/63.jpg","thumbnail":"https://randomuser.me/api/portraits/thumb/women/63.jpg"},"nat":"UA"}],"info":{"seed":"ba8b87f45b65c890","results":1,"page":1,"version":"1.4"}} 
 </msg>
<msg time="2024-03-24T18:18:12.134122" level="INFO">/opt/hostedtoolcache/Python/3.12.2/x64/lib/python3.12/site-packages/urllib3/connectionpool.py:1103: InsecureRequestWarning: Unverified HTTPS request is being made to host 'randomuser.me'. Adding certificate verification is strongly advised. See: https://urllib3.readthedocs.io/en/latest/advanced-usage.html#tls-warnings
  warnings.warn(</msg>
<msg time="2024-03-24T18:18:12.134240" level="INFO">${response} = &lt;Response [200]&gt;</msg>
<var>${response}</var>
<arg>consultarAPI</arg>
<arg>/api</arg>
<doc>Sends a GET request on a previously created HTTP Session.</doc>
<status status="PASS" start="2024-03-24T18:18:12.018590" elapsed="0.115682"/>
</kw>
<kw name="Set Variable" owner="BuiltIn">
<msg time="2024-03-24T18:18:12.135092" level="INFO">${json_data} = {'results': [{'gender': 'female', 'name': {'title': 'Ms', 'first': 'Fevroniya', 'last': 'Telnyuk'}, 'location': {'street': {'number': 4172, 'name': 'Goncharna'}, 'city': 'Gorlivka', 'state': 'Donecka'...</msg>
<var>${json_data}</var>
<arg>${response.json()}</arg>
<doc>Returns the given values which can then be assigned to a variables.</doc>
<status status="PASS" start="2024-03-24T18:18:12.134655" elapsed="0.000465"/>
</kw>
<kw name="Log" owner="BuiltIn">
<msg time="2024-03-24T18:18:12.135621" level="INFO">{'results': [{'gender': 'female', 'name': {'title': 'Ms', 'first': 'Fevroniya', 'last': 'Telnyuk'}, 'location': {'street': {'number': 4172, 'name': 'Goncharna'}, 'city': 'Gorlivka', 'state': 'Donecka', 'country': 'Ukraine', 'postcode': 42254, 'coordinates': {'latitude': '78.0943', 'longitude': '172.6175'}, 'timezone': {'offset': '+4:30', 'description': 'Kabul'}}, 'email': 'fevroniya.telnyuk@example.com', 'login': {'uuid': 'edca6433-502f-42f6-8618-967ea81f2885', 'username': 'orangemeercat456', 'password': 'aaliyah', 'salt': 'dl8i9zUz', 'md5': '5f4569a349b277958b485a15444d8a2a', 'sha1': '8f7aace915ae870959f2328167645a83267bba2f', 'sha256': '6e9fcd18c80a0634b24d7083a8b25244bdcb9c4961b16974deabb6f3290df4f8'}, 'dob': {'date': '1972-05-16T12:34:52.155Z', 'age': 51}, 'registered': {'date': '2019-12-04T13:59:24.756Z', 'age': 4}, 'phone': '(096) B91-5534', 'cell': '(067) K82-6338', 'id': {'name': '', 'value': None}, 'picture': {'large': 'https://randomuser.me/api/portraits/women/63.jpg', 'medium': 'https://randomuser.me/api/portraits/med/women/63.jpg', 'thumbnail': 'https://randomuser.me/api/portraits/thumb/women/63.jpg'}, 'nat': 'UA'}], 'info': {'seed': 'ba8b87f45b65c890', 'results': 1, 'page': 1, 'version': '1.4'}}</msg>
<arg>${json_data}</arg>
<doc>Logs the given message with the given level.</doc>
<status status="PASS" start="2024-03-24T18:18:12.135470" elapsed="0.000198"/>
</kw>
<kw name="Should Be Equal As Numbers" owner="BuiltIn">
<arg>${json_data['results'][0]['location']['postcode']}</arg>
<arg>${json_data['results'][0]['location']['postcode']}</arg>
<doc>Fails if objects are unequal after converting them to real numbers.</doc>
<status status="PASS" start="2024-03-24T18:18:12.135961" elapsed="0.000625"/>
</kw>
<kw name="Log" owner="BuiltIn">
<msg time="2024-03-24T18:18:12.137149" level="INFO">42254</msg>
<arg>${json_data['results'][0]['location']['postcode']}</arg>
<doc>Logs the given message with the given level.</doc>
<status status="PASS" start="2024-03-24T18:18:12.136814" elapsed="0.000376"/>
</kw>
<status status="PASS" start="2024-03-24T18:18:12.018200" elapsed="0.119257"/>
</kw>
<doc>Testa se os tipos de dados na resposta da API estão corretos.</doc>
<tag>testeTiposDados</tag>
<status status="PASS" start="2024-03-24T18:18:11.041781" elapsed="1.095844"/>
</test>
<test id="s1-s1-t5" name="Validar conteudo" line="35">
<kw name="Teste de Tipos de Conteudo" owner="random-user-service">
<kw name="GET On Session" owner="RequestsLibrary">
<msg time="2024-03-24T18:18:12.244645" level="INFO">GET Request : url=https://randomuser.me/api 
 path_url=/api 
 headers={'User-Agent': 'python-requests/2.31.0', 'Accept-Encoding': 'gzip, deflate', 'Accept': '*/*', 'Connection': 'keep-alive'} 
 body=None 
 </msg>
<msg time="2024-03-24T18:18:12.244733" level="INFO">GET Response : url=https://randomuser.me/api 
 status=200, reason=OK 
 headers={'Date': 'Sun, 24 Mar 2024 18:18:12 GMT', 'Content-Type': 'application/json; charset=utf-8', 'Transfer-Encoding': 'chunked', 'Connection': 'keep-alive', 'X-Powered-By': 'Express', 'Access-Control-Allow-Origin': '*', 'Cache-Control': 'no-cache', 'ETag': 'W/"465-/09jts+DJaiJi8HUaRPmZq8eXHI"', 'Vary': 'Accept-Encoding', 'Content-Encoding': 'gzip', 'CF-Cache-Status': 'DYNAMIC', 'Report-To': '{"endpoints":[{"url":"https:\\/\\/a.nel.cloudflare.com\\/report\\/v4?s=XheKz8n5ehygb32dAwQIwIwIwIVxntXp%2BWJXA3uIiJV6aS9PW%2B5Wng2OCbJW3XgcTMtoyx1mUL6Rl0L0rf5iS97Vrsg8ytrwr86yR10WEZvDEXUfqWYOotsJyq2MtG9S"}],"group":"cf-nel","max_age":604800}', 'NEL': '{"success_fraction":0,"report_to":"cf-nel","max_age":604800}', 'Server': 'cloudflare', 'CF-RAY': '8698a991ebd25251-LAX', 'alt-svc': 'h3=":443"; ma=86400'} 
 body={"results":[{"gender":"male","name":{"title":"Mr","first":"Nicolas","last":"Chu"},"location":{"street":{"number":6945,"name":"Charles St"},"city":"Borden","state":"Yukon","country":"Canada","postcode":"O5F 7X8","coordinates":{"latitude":"-70.3365","longitude":"-38.9418"},"timezone":{"offset":"-10:00","description":"Hawaii"}},"email":"nicolas.chu@example.com","login":{"uuid":"b31b41f3-1440-4c8c-8b70-2ae13d6b91e1","username":"lazybear223","password":"pictuers","salt":"hrrbVFVW","md5":"3f2dff3e7b63d9fbaa1cdb2c872bc9c3","sha1":"92fd7bcc43043efed6444411e51a6f44017b9ae4","sha256":"c03837d9cf5b1c15621b3e437dfbd89178bdc5c911c3dd8d1b799d49b0239dad"},"dob":{"date":"1982-12-11T06:10:30.546Z","age":41},"registered":{"date":"2020-04-09T23:28:45.745Z","age":3},"phone":"G84 S51-9012","cell":"B37 E90-4038","id":{"name":"SIN","value":"776076614"},"picture":{"large":"https://randomuser.me/api/portraits/men/10.jpg","medium":"https://randomuser.me/api/portraits/med/men/10.jpg","thumbnail":"https://randomuser.me/api/portraits/thumb/men/10.jpg"},"nat":"CA"}],"info":{"seed":"20967f9981c509cf","results":1,"page":1,"version":"1.4"}} 
 </msg>
<msg time="2024-03-24T18:18:12.244797" level="INFO">/opt/hostedtoolcache/Python/3.12.2/x64/lib/python3.12/site-packages/urllib3/connectionpool.py:1103: InsecureRequestWarning: Unverified HTTPS request is being made to host 'randomuser.me'. Adding certificate verification is strongly advised. See: https://urllib3.readthedocs.io/en/latest/advanced-usage.html#tls-warnings
  warnings.warn(</msg>
<msg time="2024-03-24T18:18:12.244909" level="INFO">${response} = &lt;Response [200]&gt;</msg>
<var>${response}</var>
<arg>consultarAPI</arg>
<arg>/api</arg>
<doc>Sends a GET request on a previously created HTTP Session.</doc>
<status status="PASS" start="2024-03-24T18:18:12.140059" elapsed="0.104887"/>
</kw>
<kw name="Set Variable" owner="BuiltIn">
<msg time="2024-03-24T18:18:12.245948" level="INFO">${json_data} = {'results': [{'gender': 'male', 'name': {'title': 'Mr', 'first': 'Nicolas', 'last': 'Chu'}, 'location': {'street': {'number': 6945, 'name': 'Charles St'}, 'city': 'Borden', 'state': 'Yukon', 'country'...</msg>
<var>${json_data}</var>
<arg>${response.json()}</arg>
<doc>Returns the given values which can then be assigned to a variables.</doc>
<status status="PASS" start="2024-03-24T18:18:12.245441" elapsed="0.000534"/>
</kw>
<kw name="Set Variable" owner="BuiltIn">
<msg time="2024-03-24T18:18:12.246662" level="INFO">${name_title} = Mr</msg>
<var>${name_title}</var>
<arg>${json_data["results"][0]["name"]["title"]}</arg>
<doc>Returns the given values which can then be assigned to a variables.</doc>
<status status="PASS" start="2024-03-24T18:18:12.246278" elapsed="0.000409"/>
</kw>
<kw name="Create List" owner="BuiltIn">
<msg time="2024-03-24T18:18:12.247177" level="INFO">${allowed_titles} = ['Mr', 'Ms', 'Miss', 'Mrs', 'Madame', 'Monsieur']</msg>
<var>${allowed_titles}</var>
<arg>Mr</arg>
<arg>Ms</arg>
<arg>Miss</arg>
<arg>Mrs</arg>
<arg>Madame</arg>
<arg>Monsieur</arg>
<doc>Returns a list containing given items.</doc>
<status status="PASS" start="2024-03-24T18:18:12.246990" elapsed="0.000217"/>
</kw>
<kw name="List Should Contain Value" owner="Collections">
<msg time="2024-03-24T18:18:12.247713" level="INFO">False</msg>
<arg>${allowed_titles}</arg>
<arg>${name_title}</arg>
<doc>Fails if the ``value`` is not found from ``list``.</doc>
<status status="PASS" start="2024-03-24T18:18:12.247535" elapsed="0.000215"/>
</kw>
<kw name="Set Variable" owner="BuiltIn">
<msg time="2024-03-24T18:18:12.248423" level="INFO">${name_country} = CA</msg>
<var>${name_country}</var>
<arg>${json_data["results"][0]["nat"]}</arg>
<doc>Returns the given values which can then be assigned to a variables.</doc>
<status status="PASS" start="2024-03-24T18:18:12.248043" elapsed="0.000406"/>
</kw>
<kw name="Create List" owner="BuiltIn">
<msg time="2024-03-24T18:18:12.249373" level="INFO">${list_country} = ['AD', 'AE', 'AF', 'AG', 'AI', 'AL', 'AM', 'AO', 'AQ', 'AR', 'AS', 'AT', 'AU', 'AW', 'AX', 'AZ', 'BA', 'BB', 'BD', 'BE', 'BF', 'BG', 'BH', 'BI', 'BJ', 'BL', 'BM', 'BN', 'BO', 'BQ', 'BR', 'BS', 'BT', '...</msg>
<var>${list_country}</var>
<arg>AD</arg>
<arg>AE</arg>
<arg>AF</arg>
<arg>AG</arg>
<arg>AI</arg>
<arg>AL</arg>
<arg>AM</arg>
<arg>AO</arg>
<arg>AQ</arg>
<arg>AR</arg>
<arg>AS</arg>
<arg>AT</arg>
<arg>AU</arg>
<arg>AW</arg>
<arg>AX</arg>
<arg>AZ</arg>
<arg>BA</arg>
<arg>BB</arg>
<arg>BD</arg>
<arg>BE</arg>
<arg>BF</arg>
<arg>BG</arg>
<arg>BH</arg>
<arg>BI</arg>
<arg>BJ</arg>
<arg>BL</arg>
<arg>BM</arg>
<arg>BN</arg>
<arg>BO</arg>
<arg>BQ</arg>
<arg>BR</arg>
<arg>BS</arg>
<arg>BT</arg>
<arg>BV</arg>
<arg>BW</arg>
<arg>BY</arg>
<arg>BZ</arg>
<arg>CA</arg>
<arg>CC</arg>
<arg>CD</arg>
<arg>CF</arg>
<arg>CG</arg>
<arg>CH</arg>
<arg>CI</arg>
<arg>CK</arg>
<arg>CL</arg>
<arg>CM</arg>
<arg>CN</arg>
<arg>CO</arg>
<arg>CR</arg>
<arg>CU</arg>
<arg>CV</arg>
<arg>CW</arg>
<arg>CX</arg>
<arg>CY</arg>
<arg>CZ</arg>
<arg>DE</arg>
<arg>DJ</arg>
<arg>DK</arg>
<arg>DM</arg>
<arg>DO</arg>
<arg>DZ</arg>
<arg>EC</arg>
<arg>EE</arg>
<arg>EG</arg>
<arg>EH</arg>
<arg>ER</arg>
<arg>ES</arg>
<arg>ET</arg>
<arg>FI</arg>
<arg>FJ</arg>
<arg>FK</arg>
<arg>FM</arg>
<arg>FO</arg>
<arg>FR</arg>
<arg>GA</arg>
<arg>GB</arg>
<arg>GD</arg>
<arg>GE</arg>
<arg>GF</arg>
<arg>GG</arg>
<arg>GH</arg>
<arg>GI</arg>
<arg>GL</arg>
<arg>GM</arg>
<arg>GN</arg>
<arg>GP</arg>
<arg>GQ</arg>
<arg>GR</arg>
<arg>GS</arg>
<arg>GT</arg>
<arg>GU</arg>
<arg>GW</arg>
<arg>GY</arg>
<arg>HK</arg>
<arg>HM</arg>
<arg>HN</arg>
<arg>HR</arg>
<arg>HT</arg>
<arg>HU</arg>
<arg>ID</arg>
<arg>IE</arg>
<arg>IL</arg>
<arg>IM</arg>
<arg>IN</arg>
<arg>IO</arg>
<arg>IQ</arg>
<arg>IR</arg>
<arg>IS</arg>
<arg>IT</arg>
<arg>JE</arg>
<arg>JM</arg>
<arg>JO</arg>
<arg>JP</arg>
<arg>KE</arg>
<arg>KG</arg>
<arg>KH</arg>
<arg>KI</arg>
<arg>KM</arg>
<arg>KN</arg>
<arg>KP</arg>
<arg>KR</arg>
<arg>KW</arg>
<arg>KY</arg>
<arg>KZ</arg>
<arg>LA</arg>
<arg>LB</arg>
<arg>LC</arg>
<arg>LI</arg>
<arg>LK</arg>
<arg>LR</arg>
<arg>LS</arg>
<arg>LT</arg>
<arg>LU</arg>
<arg>LV</arg>
<arg>LY</arg>
<arg>MA</arg>
<arg>MC</arg>
<arg>MD</arg>
<arg>ME</arg>
<arg>MF</arg>
<arg>MG</arg>
<arg>MH</arg>
<arg>MK</arg>
<arg>ML</arg>
<arg>MM</arg>
<arg>MN</arg>
<arg>MO</arg>
<arg>MP</arg>
<arg>MQ</arg>
<arg>MR</arg>
<arg>MS</arg>
<arg>MT</arg>
<arg>MU</arg>
<arg>MV</arg>
<arg>MW</arg>
<arg>MX</arg>
<arg>MY</arg>
<arg>MZ</arg>
<arg>NA</arg>
<arg>NC</arg>
<arg>NE</arg>
<arg>NF</arg>
<arg>NG</arg>
<arg>NI</arg>
<arg>NL</arg>
<arg>NO</arg>
<arg>NP</arg>
<arg>NR</arg>
<arg>NU</arg>
<arg>NZ</arg>
<arg>OM</arg>
<arg>PA</arg>
<arg>PE</arg>
<arg>PF</arg>
<arg>PG</arg>
<arg>PH</arg>
<arg>PK</arg>
<arg>PL</arg>
<arg>PM</arg>
<arg>PN</arg>
<arg>PR</arg>
<arg>PS</arg>
<arg>PT</arg>
<arg>PW</arg>
<arg>PY</arg>
<arg>QA</arg>
<arg>RE</arg>
<arg>RO</arg>
<arg>RS</arg>
<arg>RU</arg>
<arg>RW</arg>
<arg>SA</arg>
<arg>SB</arg>
<arg>SC</arg>
<arg>SD</arg>
<arg>SE</arg>
<arg>SG</arg>
<arg>SH</arg>
<arg>SI</arg>
<arg>SJ</arg>
<arg>SK</arg>
<arg>SL</arg>
<arg>SM</arg>
<arg>SN</arg>
<arg>SO</arg>
<arg>SR</arg>
<arg>SS</arg>
<arg>ST</arg>
<arg>SV</arg>
<arg>SX</arg>
<arg>SY</arg>
<arg>SZ</arg>
<arg>TC</arg>
<arg>TD</arg>
<arg>TF</arg>
<arg>TG</arg>
<arg>TH</arg>
<arg>TJ</arg>
<arg>TK</arg>
<arg>TL</arg>
<arg>TM</arg>
<arg>TN</arg>
<arg>TO</arg>
<arg>TR</arg>
<arg>TT</arg>
<arg>TV</arg>
<arg>TW</arg>
<arg>TZ</arg>
<arg>UA</arg>
<arg>UG</arg>
<arg>UM</arg>
<arg>US</arg>
<arg>UY</arg>
<arg>UZ</arg>
<arg>VA</arg>
<arg>VC</arg>
<arg>VE</arg>
<arg>VG</arg>
<arg>VI</arg>
<arg>VN</arg>
<arg>VU</arg>
<arg>WF</arg>
<arg>WS</arg>
<arg>XK</arg>
<arg>YE</arg>
<arg>YT</arg>
<arg>ZA</arg>
<arg>ZM</arg>
<arg>ZW</arg>
<doc>Returns a list containing given items.</doc>
<status status="PASS" start="2024-03-24T18:18:12.248762" elapsed="0.000637"/>
</kw>
<kw name="List Should Contain Value" owner="Collections">
<msg time="2024-03-24T18:18:12.250515" level="INFO">False</msg>
<arg>${list_country}</arg>
<arg>${name_country}</arg>
<doc>Fails if the ``value`` is not found from ``list``.</doc>
<status status="PASS" start="2024-03-24T18:18:12.250314" elapsed="0.000238"/>
</kw>
<kw name="Run Keyword If" owner="BuiltIn">
<kw name="Should Be True" owner="BuiltIn">
<arg>${True}</arg>
<doc>Fails if the given condition is not true.</doc>
<status status="PASS" start="2024-03-24T18:18:12.251649" elapsed="0.000148"/>
</kw>
<arg>${json_data["results"][0]["location"]["coordinates"]["latitude"]} &gt;= -90 and ${json_data["results"][0]["location"]["coordinates"]["latitude"]} &lt;= 90</arg>
<arg>Should Be True</arg>
<arg>${True}</arg>
<doc>Runs the given keyword with the given arguments, if ``condition`` is true.</doc>
<status status="PASS" start="2024-03-24T18:18:12.250863" elapsed="0.001062"/>
</kw>
<kw name="Run Keyword If" owner="BuiltIn">
<kw name="Should Be True" owner="BuiltIn">
<arg>${True}</arg>
<doc>Fails if the given condition is not true.</doc>
<status status="PASS" start="2024-03-24T18:18:12.252809" elapsed="0.000142"/>
</kw>
<arg>${json_data["results"][0]["location"]["coordinates"]["longitude"]} &gt;= -180 and ${json_data["results"][0]["location"]["coordinates"]["longitude"]} &lt;= 180</arg>
<arg>Should Be True</arg>
<arg>${True}</arg>
<doc>Runs the given keyword with the given arguments, if ``condition`` is true.</doc>
<status status="PASS" start="2024-03-24T18:18:12.252109" elapsed="0.000968"/>
</kw>
<status status="PASS" start="2024-03-24T18:18:12.139836" elapsed="0.113374"/>
</kw>
<doc>Testa o conteúdo específico dos campos retornados pela API.</doc>
<tag>testeConteudo</tag>
<status status="PASS" start="2024-03-24T18:18:12.139378" elapsed="0.113986"/>
</test>
<status status="PASS" start="2024-03-24T18:18:10.427841" elapsed="1.827441"/>
</suite>
<status status="PASS" start="2024-03-24T18:18:10.414024" elapsed="1.846545"/>
</suite>
<statistics>
<total>
<stat pass="5" fail="0" skip="0">All Tests</stat>
</total>
<tag>
<stat pass="1" fail="0" skip="0">testeConteudo</stat>
<stat pass="1" fail="0" skip="0">testeEstruturaResposta</stat>
<stat pass="1" fail="0" skip="0">testeRequisicaoBasica</stat>
<stat pass="1" fail="0" skip="0">testeTiposDados</stat>
</tag>
<suite>
<stat pass="5" fail="0" skip="0" id="s1" name="Tests">Tests</stat>
<stat pass="5" fail="0" skip="0" id="s1-s1" name="Random-User-Test">Tests.Random-User-Test</stat>
</suite>
</statistics>
<errors>
</errors>
</robot>
