<?xml version="1.0" encoding="UTF-8"?>
<robot generator="Robot 7.0.1 (Python 3.12.4 on linux)" generated="2024-08-01T06:21:56.488527" rpa="false" schemaversion="5">
<suite id="s1" name="Tests" source="/home/runner/work/ApiRandomUser/ApiRandomUser/RamdonUser/tests">
<suite id="s1-s1" name="Random-User-Test" source="/home/runner/work/ApiRandomUser/ApiRandomUser/RamdonUser/tests/random-user-test.robot">
<test id="s1-s1-t1" name="Conectar" line="13">
<kw name="Conectar API" owner="random-user-service">
<kw name="Create Session" owner="RequestsLibrary">
<msg time="2024-08-01T06:21:56.930352" level="INFO">Creating Session using : alias=consultarAPI, url=https://randomuser.me/, headers={},                     cookies={}, auth=None, timeout=None, proxies=None, verify=False,                     debug=0 </msg>
<arg>consultarAPI</arg>
<arg>${URL}</arg>
<doc>Create Session: create a HTTP session to a server</doc>
<status status="PASS" start="2024-08-01T06:21:56.930147" elapsed="0.000408"/>
</kw>
<status status="PASS" start="2024-08-01T06:21:56.929057" elapsed="0.001861"/>
</kw>
<status status="PASS" start="2024-08-01T06:21:56.928436" elapsed="0.002679"/>
</test>
<test id="s1-s1-t2" name="Validar retorno 200 e JSON Válido" line="16">
<kw name="Teste de Requisicao Basica" owner="random-user-service">
<kw name="GET On Session" owner="RequestsLibrary">
<msg time="2024-08-01T06:21:57.144462" level="INFO">GET Request : url=https://randomuser.me/api 
 path_url=/api 
 headers={'User-Agent': 'python-requests/2.32.3', 'Accept-Encoding': 'gzip, deflate', 'Accept': '*/*', 'Connection': 'keep-alive'} 
 body=None 
 </msg>
<msg time="2024-08-01T06:21:57.144651" level="INFO">GET Response : url=https://randomuser.me/api 
 status=200, reason=OK 
 headers={'Date': 'Thu, 01 Aug 2024 06:21:57 GMT', 'Content-Type': 'application/json; charset=utf-8', 'Transfer-Encoding': 'chunked', 'Connection': 'keep-alive', 'X-Powered-By': 'Express', 'Access-Control-Allow-Origin': '*', 'Cache-Control': 'no-cache', 'ETag': 'W/"4a1-GW87TWSM7sZDL1ckLcVkiPL7xGc"', 'Vary': 'Accept-Encoding', 'Content-Encoding': 'gzip', 'CF-Cache-Status': 'DYNAMIC', 'Report-To': '{"endpoints":[{"url":"https:\\/\\/a.nel.cloudflare.com\\/report\\/v4?s=0EvghSZdhFeW9QnN3GhBSGJu69VGi36lc5pfhehDgXTKreQh%2B1U%2BrCyw0Ccho0vxLQswirhTHgdrQ75g%2BRZvnj33pjKAnUvFFtp%2FRiqa3kXvwHhZWiVp3S9Er07yLB%2Bh"}],"group":"cf-nel","max_age":604800}', 'NEL': '{"success_fraction":0,"report_to":"cf-nel","max_age":604800}', 'Server': 'cloudflare', 'CF-RAY': '8ac3bb1f9beecf93-SJC', 'alt-svc': 'h3=":443"; ma=86400'} 
 body={"results":[{"gender":"female","name":{"title":"Miss","first":"Vicki","last":"Byrd"},"location":{"street":{"number":1893,"name":"Springfield Road"},"city":"Gloucester","state":"Clwyd","country":"United Kingdom","postcode":"YQ9 7BD","coordinates":{"latitude":"-9.9222","longitude":"9.9148"},"timezone":{"offset":"+3:00","description":"Baghdad, Riyadh, Moscow, St. Petersburg"}},"email":"vicki.byrd@example.com","login":{"uuid":"f1093c52-8626-4be6-b8b0-ec524d21499e","username":"angrytiger828","password":"qwertz","salt":"AlyT4BCG","md5":"b32a071d919e734389231cdddbb17da6","sha1":"3a8b334443fa3a8ded213f3c28419eb73a9795e1","sha256":"a377899ee75e6577ef339e7c9be4c22ff3a225fc2f7c573018ff7a78acd48597"},"dob":{"date":"1963-12-18T01:22:01.172Z","age":60},"registered":{"date":"2005-11-21T03:38:06.043Z","age":18},"phone":"01811 26589","cell":"07019 609218","id":{"name":"NINO","value":"TN 01 44 97 E"},"picture":{"large":"https://randomuser.me/api/portraits/women/26.jpg","medium":"https://randomuser.me/api/portraits/med/women/26.jpg","thumbnail":"https://randomuser.me/api/portraits/thumb/women/26.jpg"},"nat":"GB"}],"info":{"seed":"388036ebca452cba","results":1,"page":1,"version":"1.4"}} 
 </msg>
<msg time="2024-08-01T06:21:57.144756" level="INFO">/opt/hostedtoolcache/Python/3.12.4/x64/lib/python3.12/site-packages/urllib3/connectionpool.py:1099: InsecureRequestWarning: Unverified HTTPS request is being made to host 'randomuser.me'. Adding certificate verification is strongly advised. See: https://urllib3.readthedocs.io/en/latest/advanced-usage.html#tls-warnings
  warnings.warn(</msg>
<msg time="2024-08-01T06:21:57.144920" level="INFO">${response} = &lt;Response [200]&gt;</msg>
<var>${response}</var>
<arg>consultarAPI</arg>
<arg>/api</arg>
<doc>Sends a GET request on a previously created HTTP Session.</doc>
<status status="PASS" start="2024-08-01T06:21:56.933832" elapsed="0.211139"/>
</kw>
<kw name="Should Be Equal As Numbers" owner="BuiltIn">
<msg time="2024-08-01T06:21:57.146057" level="INFO">Argument types are:
&lt;class 'int'&gt;
&lt;class 'str'&gt;</msg>
<arg>${response.status_code}</arg>
<arg>200</arg>
<doc>Fails if objects are unequal after converting them to real numbers.</doc>
<status status="PASS" start="2024-08-01T06:21:57.145561" elapsed="0.000565"/>
</kw>
<kw name="Log" owner="BuiltIn">
<msg time="2024-08-01T06:21:57.146820" level="INFO">200</msg>
<arg>${response.status_code}</arg>
<doc>Logs the given message with the given level.</doc>
<status status="PASS" start="2024-08-01T06:21:57.146459" elapsed="0.000405"/>
</kw>
<kw name="Set Variable" owner="BuiltIn">
<msg time="2024-08-01T06:21:57.147616" level="INFO">${json_data} = {'results': [{'gender': 'female', 'name': {'title': 'Miss', 'first': 'Vicki', 'last': 'Byrd'}, 'location': {'street': {'number': 1893, 'name': 'Springfield Road'}, 'city': 'Gloucester', 'state': 'Clwy...</msg>
<var>${json_data}</var>
<arg>${response.json()}</arg>
<doc>Returns the given values which can then be assigned to a variables.</doc>
<status status="PASS" start="2024-08-01T06:21:57.147177" elapsed="0.000470"/>
</kw>
<kw name="Dictionary Should Contain Key" owner="Collections">
<arg>${json_data}</arg>
<arg>results</arg>
<doc>Fails if ``key`` is not found from ``dictionary``.</doc>
<status status="PASS" start="2024-08-01T06:21:57.147968" elapsed="0.000330"/>
</kw>
<status status="PASS" start="2024-08-01T06:21:56.933583" elapsed="0.214872"/>
</kw>
<doc>Testa se a API responde corretamente e retorna um objeto JSON válido.</doc>
<tag>testeRequisicaoBasica</tag>
<status status="PASS" start="2024-08-01T06:21:56.932999" elapsed="0.215635"/>
</test>
<test id="s1-s1-t3" name="Validar estrutura de resposta" line="22">
<kw name="Teste de Estrutura de Resposta" owner="random-user-service">
<kw name="GET On Session" owner="RequestsLibrary">
<msg time="2024-08-01T06:21:57.243226" level="INFO">GET Request : url=https://randomuser.me/api 
 path_url=/api 
 headers={'User-Agent': 'python-requests/2.32.3', 'Accept-Encoding': 'gzip, deflate', 'Accept': '*/*', 'Connection': 'keep-alive'} 
 body=None 
 </msg>
<msg time="2024-08-01T06:21:57.243329" level="INFO">GET Response : url=https://randomuser.me/api 
 status=200, reason=OK 
 headers={'Date': 'Thu, 01 Aug 2024 06:21:57 GMT', 'Content-Type': 'application/json; charset=utf-8', 'Transfer-Encoding': 'chunked', 'Connection': 'keep-alive', 'X-Powered-By': 'Express', 'Access-Control-Allow-Origin': '*', 'Cache-Control': 'no-cache', 'ETag': 'W/"48a-dNfNKCbSNKIjxOinYccczMIOR4Q"', 'Vary': 'Accept-Encoding', 'Content-Encoding': 'gzip', 'CF-Cache-Status': 'DYNAMIC', 'Report-To': '{"endpoints":[{"url":"https:\\/\\/a.nel.cloudflare.com\\/report\\/v4?s=gM%2FYPgwfZjXg3XHPrjt8WRBnlyVTQr5H1xiAin0h%2Blhi6goE0BxKuX%2BwsiZ2pRWqstjg%2ByEtlOVm6KXF0gjxCPQdavSl3MXHA6heRlx6Nh3sXCJ0J8vAJZBuht3HRtld"}],"group":"cf-nel","max_age":604800}', 'NEL': '{"success_fraction":0,"report_to":"cf-nel","max_age":604800}', 'Server': 'cloudflare', 'CF-RAY': '8ac3bb203c53cf93-SJC', 'alt-svc': 'h3=":443"; ma=86400'} 
 body={"results":[{"gender":"male","name":{"title":"Mr","first":"Benito","last":"Menéndez"},"location":{"street":{"number":3187,"name":"Diagonal Sur Barrientos"},"city":"Chichicaxtle","state":"Coahuila","country":"Mexico","postcode":48111,"coordinates":{"latitude":"27.8565","longitude":"-90.3374"},"timezone":{"offset":"-10:00","description":"Hawaii"}},"email":"benito.menendez@example.com","login":{"uuid":"28159236-ad33-470e-9350-cc65079559e6","username":"goldenbear823","password":"catcat","salt":"N1nnDd3u","md5":"e30b86b3d482d411c771338ca9c42a44","sha1":"07ad6491f01f8ef1aa670230b0cc09013fcbdf7f","sha256":"564ba9871c587d997d2a2b9bb7c6f075f369c6306b8ca9443addf57c33adf358"},"dob":{"date":"1989-09-11T21:50:36.153Z","age":34},"registered":{"date":"2010-10-07T03:57:29.882Z","age":13},"phone":"(604) 533 5833","cell":"(649) 372 1896","id":{"name":"NSS","value":"73 90 32 9008 4"},"picture":{"large":"https://randomuser.me/api/portraits/men/34.jpg","medium":"https://randomuser.me/api/portraits/med/men/34.jpg","thumbnail":"https://randomuser.me/api/portraits/thumb/men/34.jpg"},"nat":"MX"}],"info":{"seed":"06978f54d5fce006","results":1,"page":1,"version":"1.4"}} 
 </msg>
<msg time="2024-08-01T06:21:57.243456" level="INFO">/opt/hostedtoolcache/Python/3.12.4/x64/lib/python3.12/site-packages/urllib3/connectionpool.py:1099: InsecureRequestWarning: Unverified HTTPS request is being made to host 'randomuser.me'. Adding certificate verification is strongly advised. See: https://urllib3.readthedocs.io/en/latest/advanced-usage.html#tls-warnings
  warnings.warn(</msg>
<msg time="2024-08-01T06:21:57.243591" level="INFO">${response} = &lt;Response [200]&gt;</msg>
<var>${response}</var>
<arg>consultarAPI</arg>
<arg>/api</arg>
<doc>Sends a GET request on a previously created HTTP Session.</doc>
<status status="PASS" start="2024-08-01T06:21:57.151302" elapsed="0.092335"/>
</kw>
<kw name="Set Variable" owner="BuiltIn">
<msg time="2024-08-01T06:21:57.244761" level="INFO">${json_data} = {'results': [{'gender': 'male', 'name': {'title': 'Mr', 'first': 'Benito', 'last': 'Menéndez'}, 'location': {'street': {'number': 3187, 'name': 'Diagonal Sur Barrientos'}, 'city': 'Chichicaxtle', 'sta...</msg>
<var>${json_data}</var>
<arg>${response.json()}</arg>
<doc>Returns the given values which can then be assigned to a variables.</doc>
<status status="PASS" start="2024-08-01T06:21:57.244207" elapsed="0.000583"/>
</kw>
<kw name="Log" owner="BuiltIn">
<msg time="2024-08-01T06:21:57.245296" level="INFO">{'results': [{'gender': 'male', 'name': {'title': 'Mr', 'first': 'Benito', 'last': 'Menéndez'}, 'location': {'street': {'number': 3187, 'name': 'Diagonal Sur Barrientos'}, 'city': 'Chichicaxtle', 'state': 'Coahuila', 'country': 'Mexico', 'postcode': 48111, 'coordinates': {'latitude': '27.8565', 'longitude': '-90.3374'}, 'timezone': {'offset': '-10:00', 'description': 'Hawaii'}}, 'email': 'benito.menendez@example.com', 'login': {'uuid': '28159236-ad33-470e-9350-cc65079559e6', 'username': 'goldenbear823', 'password': 'catcat', 'salt': 'N1nnDd3u', 'md5': 'e30b86b3d482d411c771338ca9c42a44', 'sha1': '07ad6491f01f8ef1aa670230b0cc09013fcbdf7f', 'sha256': '564ba9871c587d997d2a2b9bb7c6f075f369c6306b8ca9443addf57c33adf358'}, 'dob': {'date': '1989-09-11T21:50:36.153Z', 'age': 34}, 'registered': {'date': '2010-10-07T03:57:29.882Z', 'age': 13}, 'phone': '(604) 533 5833', 'cell': '(649) 372 1896', 'id': {'name': 'NSS', 'value': '73 90 32 9008 4'}, 'picture': {'large': 'https://randomuser.me/api/portraits/men/34.jpg', 'medium': 'https://randomuser.me/api/portraits/med/men/34.jpg', 'thumbnail': 'https://randomuser.me/api/portraits/thumb/men/34.jpg'}, 'nat': 'MX'}], 'info': {'seed': '06978f54d5fce006', 'results': 1, 'page': 1, 'version': '1.4'}}</msg>
<arg>${json_data}</arg>
<doc>Logs the given message with the given level.</doc>
<status status="PASS" start="2024-08-01T06:21:57.245101" elapsed="0.000254"/>
</kw>
<kw name="Dictionary Should Contain Key" owner="Collections">
<arg>${json_data}</arg>
<arg>results</arg>
<doc>Fails if ``key`` is not found from ``dictionary``.</doc>
<status status="PASS" start="2024-08-01T06:21:57.245657" elapsed="0.000169"/>
</kw>
<kw name="Should Not Be Empty" owner="BuiltIn">
<msg time="2024-08-01T06:21:57.246141" level="INFO">Length is 2.</msg>
<arg>${json_data}</arg>
<doc>Verifies that the given item is not empty.</doc>
<status status="PASS" start="2024-08-01T06:21:57.246011" elapsed="0.000169"/>
</kw>
<kw name="Create List" owner="BuiltIn">
<msg time="2024-08-01T06:21:57.246625" level="INFO">${expected_keys} = ['gender', 'name', 'location', 'email', 'login']</msg>
<var>${expected_keys}</var>
<arg>gender</arg>
<arg>name</arg>
<arg>location</arg>
<arg>email</arg>
<arg>login</arg>
<doc>Returns a list containing given items.</doc>
<status status="PASS" start="2024-08-01T06:21:57.246470" elapsed="0.000179"/>
</kw>
<for flavor="IN">
<iter>
<kw name="Dictionary Should Contain Key" owner="Collections">
<arg>${json_data['results'][0]}</arg>
<arg>${key}</arg>
<doc>Fails if ``key`` is not found from ``dictionary``.</doc>
<status status="PASS" start="2024-08-01T06:21:57.247241" elapsed="0.000404"/>
</kw>
<kw name="Log" owner="BuiltIn">
<msg time="2024-08-01T06:21:57.248190" level="INFO">{'gender': 'male', 'name': {'title': 'Mr', 'first': 'Benito', 'last': 'Menéndez'}, 'location': {'street': {'number': 3187, 'name': 'Diagonal Sur Barrientos'}, 'city': 'Chichicaxtle', 'state': 'Coahuila', 'country': 'Mexico', 'postcode': 48111, 'coordinates': {'latitude': '27.8565', 'longitude': '-90.3374'}, 'timezone': {'offset': '-10:00', 'description': 'Hawaii'}}, 'email': 'benito.menendez@example.com', 'login': {'uuid': '28159236-ad33-470e-9350-cc65079559e6', 'username': 'goldenbear823', 'password': 'catcat', 'salt': 'N1nnDd3u', 'md5': 'e30b86b3d482d411c771338ca9c42a44', 'sha1': '07ad6491f01f8ef1aa670230b0cc09013fcbdf7f', 'sha256': '564ba9871c587d997d2a2b9bb7c6f075f369c6306b8ca9443addf57c33adf358'}, 'dob': {'date': '1989-09-11T21:50:36.153Z', 'age': 34}, 'registered': {'date': '2010-10-07T03:57:29.882Z', 'age': 13}, 'phone': '(604) 533 5833', 'cell': '(649) 372 1896', 'id': {'name': 'NSS', 'value': '73 90 32 9008 4'}, 'picture': {'large': 'https://randomuser.me/api/portraits/men/34.jpg', 'medium': 'https://randomuser.me/api/portraits/med/men/34.jpg', 'thumbnail': 'https://randomuser.me/api/portraits/thumb/men/34.jpg'}, 'nat': 'MX'}</msg>
<arg>${json_data['results'][0]}</arg>
<doc>Logs the given message with the given level.</doc>
<status status="PASS" start="2024-08-01T06:21:57.247832" elapsed="0.000410"/>
</kw>
<kw name="Log" owner="BuiltIn">
<msg time="2024-08-01T06:21:57.248673" level="INFO">gender</msg>
<arg>${key}</arg>
<doc>Logs the given message with the given level.</doc>
<status status="PASS" start="2024-08-01T06:21:57.248545" elapsed="0.000167"/>
</kw>
<var name="${key}">gender</var>
<status status="PASS" start="2024-08-01T06:21:57.247112" elapsed="0.001819"/>
</iter>
<iter>
<kw name="Dictionary Should Contain Key" owner="Collections">
<arg>${json_data['results'][0]}</arg>
<arg>${key}</arg>
<doc>Fails if ``key`` is not found from ``dictionary``.</doc>
<status status="PASS" start="2024-08-01T06:21:57.249252" elapsed="0.000393"/>
</kw>
<kw name="Log" owner="BuiltIn">
<msg time="2024-08-01T06:21:57.250189" level="INFO">{'gender': 'male', 'name': {'title': 'Mr', 'first': 'Benito', 'last': 'Menéndez'}, 'location': {'street': {'number': 3187, 'name': 'Diagonal Sur Barrientos'}, 'city': 'Chichicaxtle', 'state': 'Coahuila', 'country': 'Mexico', 'postcode': 48111, 'coordinates': {'latitude': '27.8565', 'longitude': '-90.3374'}, 'timezone': {'offset': '-10:00', 'description': 'Hawaii'}}, 'email': 'benito.menendez@example.com', 'login': {'uuid': '28159236-ad33-470e-9350-cc65079559e6', 'username': 'goldenbear823', 'password': 'catcat', 'salt': 'N1nnDd3u', 'md5': 'e30b86b3d482d411c771338ca9c42a44', 'sha1': '07ad6491f01f8ef1aa670230b0cc09013fcbdf7f', 'sha256': '564ba9871c587d997d2a2b9bb7c6f075f369c6306b8ca9443addf57c33adf358'}, 'dob': {'date': '1989-09-11T21:50:36.153Z', 'age': 34}, 'registered': {'date': '2010-10-07T03:57:29.882Z', 'age': 13}, 'phone': '(604) 533 5833', 'cell': '(649) 372 1896', 'id': {'name': 'NSS', 'value': '73 90 32 9008 4'}, 'picture': {'large': 'https://randomuser.me/api/portraits/men/34.jpg', 'medium': 'https://randomuser.me/api/portraits/med/men/34.jpg', 'thumbnail': 'https://randomuser.me/api/portraits/thumb/men/34.jpg'}, 'nat': 'MX'}</msg>
<arg>${json_data['results'][0]}</arg>
<doc>Logs the given message with the given level.</doc>
<status status="PASS" start="2024-08-01T06:21:57.249828" elapsed="0.000453"/>
</kw>
<kw name="Log" owner="BuiltIn">
<msg time="2024-08-01T06:21:57.250712" level="INFO">name</msg>
<arg>${key}</arg>
<doc>Logs the given message with the given level.</doc>
<status status="PASS" start="2024-08-01T06:21:57.250583" elapsed="0.000167"/>
</kw>
<var name="${key}">name</var>
<status status="PASS" start="2024-08-01T06:21:57.249120" elapsed="0.001849"/>
</iter>
<iter>
<kw name="Dictionary Should Contain Key" owner="Collections">
<arg>${json_data['results'][0]}</arg>
<arg>${key}</arg>
<doc>Fails if ``key`` is not found from ``dictionary``.</doc>
<status status="PASS" start="2024-08-01T06:21:57.251259" elapsed="0.000392"/>
</kw>
<kw name="Log" owner="BuiltIn">
<msg time="2024-08-01T06:21:57.252193" level="INFO">{'gender': 'male', 'name': {'title': 'Mr', 'first': 'Benito', 'last': 'Menéndez'}, 'location': {'street': {'number': 3187, 'name': 'Diagonal Sur Barrientos'}, 'city': 'Chichicaxtle', 'state': 'Coahuila', 'country': 'Mexico', 'postcode': 48111, 'coordinates': {'latitude': '27.8565', 'longitude': '-90.3374'}, 'timezone': {'offset': '-10:00', 'description': 'Hawaii'}}, 'email': 'benito.menendez@example.com', 'login': {'uuid': '28159236-ad33-470e-9350-cc65079559e6', 'username': 'goldenbear823', 'password': 'catcat', 'salt': 'N1nnDd3u', 'md5': 'e30b86b3d482d411c771338ca9c42a44', 'sha1': '07ad6491f01f8ef1aa670230b0cc09013fcbdf7f', 'sha256': '564ba9871c587d997d2a2b9bb7c6f075f369c6306b8ca9443addf57c33adf358'}, 'dob': {'date': '1989-09-11T21:50:36.153Z', 'age': 34}, 'registered': {'date': '2010-10-07T03:57:29.882Z', 'age': 13}, 'phone': '(604) 533 5833', 'cell': '(649) 372 1896', 'id': {'name': 'NSS', 'value': '73 90 32 9008 4'}, 'picture': {'large': 'https://randomuser.me/api/portraits/men/34.jpg', 'medium': 'https://randomuser.me/api/portraits/med/men/34.jpg', 'thumbnail': 'https://randomuser.me/api/portraits/thumb/men/34.jpg'}, 'nat': 'MX'}</msg>
<arg>${json_data['results'][0]}</arg>
<doc>Logs the given message with the given level.</doc>
<status status="PASS" start="2024-08-01T06:21:57.251839" elapsed="0.000403"/>
</kw>
<kw name="Log" owner="BuiltIn">
<msg time="2024-08-01T06:21:57.252666" level="INFO">location</msg>
<arg>${key}</arg>
<doc>Logs the given message with the given level.</doc>
<status status="PASS" start="2024-08-01T06:21:57.252538" elapsed="0.000165"/>
</kw>
<var name="${key}">location</var>
<status status="PASS" start="2024-08-01T06:21:57.251150" elapsed="0.001770"/>
</iter>
<iter>
<kw name="Dictionary Should Contain Key" owner="Collections">
<arg>${json_data['results'][0]}</arg>
<arg>${key}</arg>
<doc>Fails if ``key`` is not found from ``dictionary``.</doc>
<status status="PASS" start="2024-08-01T06:21:57.253226" elapsed="0.000398"/>
</kw>
<kw name="Log" owner="BuiltIn">
<msg time="2024-08-01T06:21:57.254309" level="INFO">{'gender': 'male', 'name': {'title': 'Mr', 'first': 'Benito', 'last': 'Menéndez'}, 'location': {'street': {'number': 3187, 'name': 'Diagonal Sur Barrientos'}, 'city': 'Chichicaxtle', 'state': 'Coahuila', 'country': 'Mexico', 'postcode': 48111, 'coordinates': {'latitude': '27.8565', 'longitude': '-90.3374'}, 'timezone': {'offset': '-10:00', 'description': 'Hawaii'}}, 'email': 'benito.menendez@example.com', 'login': {'uuid': '28159236-ad33-470e-9350-cc65079559e6', 'username': 'goldenbear823', 'password': 'catcat', 'salt': 'N1nnDd3u', 'md5': 'e30b86b3d482d411c771338ca9c42a44', 'sha1': '07ad6491f01f8ef1aa670230b0cc09013fcbdf7f', 'sha256': '564ba9871c587d997d2a2b9bb7c6f075f369c6306b8ca9443addf57c33adf358'}, 'dob': {'date': '1989-09-11T21:50:36.153Z', 'age': 34}, 'registered': {'date': '2010-10-07T03:57:29.882Z', 'age': 13}, 'phone': '(604) 533 5833', 'cell': '(649) 372 1896', 'id': {'name': 'NSS', 'value': '73 90 32 9008 4'}, 'picture': {'large': 'https://randomuser.me/api/portraits/men/34.jpg', 'medium': 'https://randomuser.me/api/portraits/med/men/34.jpg', 'thumbnail': 'https://randomuser.me/api/portraits/thumb/men/34.jpg'}, 'nat': 'MX'}</msg>
<arg>${json_data['results'][0]}</arg>
<doc>Logs the given message with the given level.</doc>
<status status="PASS" start="2024-08-01T06:21:57.253952" elapsed="0.000409"/>
</kw>
<kw name="Log" owner="BuiltIn">
<msg time="2024-08-01T06:21:57.254798" level="INFO">email</msg>
<arg>${key}</arg>
<doc>Logs the given message with the given level.</doc>
<status status="PASS" start="2024-08-01T06:21:57.254668" elapsed="0.000169"/>
</kw>
<var name="${key}">email</var>
<status status="PASS" start="2024-08-01T06:21:57.253096" elapsed="0.001957"/>
</iter>
<iter>
<kw name="Dictionary Should Contain Key" owner="Collections">
<arg>${json_data['results'][0]}</arg>
<arg>${key}</arg>
<doc>Fails if ``key`` is not found from ``dictionary``.</doc>
<status status="PASS" start="2024-08-01T06:21:57.255338" elapsed="0.000375"/>
</kw>
<kw name="Log" owner="BuiltIn">
<msg time="2024-08-01T06:21:57.256239" level="INFO">{'gender': 'male', 'name': {'title': 'Mr', 'first': 'Benito', 'last': 'Menéndez'}, 'location': {'street': {'number': 3187, 'name': 'Diagonal Sur Barrientos'}, 'city': 'Chichicaxtle', 'state': 'Coahuila', 'country': 'Mexico', 'postcode': 48111, 'coordinates': {'latitude': '27.8565', 'longitude': '-90.3374'}, 'timezone': {'offset': '-10:00', 'description': 'Hawaii'}}, 'email': 'benito.menendez@example.com', 'login': {'uuid': '28159236-ad33-470e-9350-cc65079559e6', 'username': 'goldenbear823', 'password': 'catcat', 'salt': 'N1nnDd3u', 'md5': 'e30b86b3d482d411c771338ca9c42a44', 'sha1': '07ad6491f01f8ef1aa670230b0cc09013fcbdf7f', 'sha256': '564ba9871c587d997d2a2b9bb7c6f075f369c6306b8ca9443addf57c33adf358'}, 'dob': {'date': '1989-09-11T21:50:36.153Z', 'age': 34}, 'registered': {'date': '2010-10-07T03:57:29.882Z', 'age': 13}, 'phone': '(604) 533 5833', 'cell': '(649) 372 1896', 'id': {'name': 'NSS', 'value': '73 90 32 9008 4'}, 'picture': {'large': 'https://randomuser.me/api/portraits/men/34.jpg', 'medium': 'https://randomuser.me/api/portraits/med/men/34.jpg', 'thumbnail': 'https://randomuser.me/api/portraits/thumb/men/34.jpg'}, 'nat': 'MX'}</msg>
<arg>${json_data['results'][0]}</arg>
<doc>Logs the given message with the given level.</doc>
<status status="PASS" start="2024-08-01T06:21:57.255894" elapsed="0.000393"/>
</kw>
<kw name="Log" owner="BuiltIn">
<msg time="2024-08-01T06:21:57.256734" level="INFO">login</msg>
<arg>${key}</arg>
<doc>Logs the given message with the given level.</doc>
<status status="PASS" start="2024-08-01T06:21:57.256594" elapsed="0.000177"/>
</kw>
<var name="${key}">login</var>
<status status="PASS" start="2024-08-01T06:21:57.255229" elapsed="0.001757"/>
</iter>
<var>${key}</var>
<value>@{expected_keys}</value>
<status status="PASS" start="2024-08-01T06:21:57.246914" elapsed="0.010194"/>
</for>
<kw name="Create List" owner="BuiltIn">
<msg time="2024-08-01T06:21:57.257470" level="INFO">${expected_keysTwo} = ['username', 'password']</msg>
<var>${expected_keysTwo}</var>
<arg>username</arg>
<arg>password</arg>
<doc>Returns a list containing given items.</doc>
<status status="PASS" start="2024-08-01T06:21:57.257334" elapsed="0.000188"/>
</kw>
<for flavor="IN">
<iter>
<kw name="Dictionary Should Contain Key" owner="Collections">
<arg>${json_data['results'][0]['login']}</arg>
<arg>${keyTwo}</arg>
<doc>Fails if ``key`` is not found from ``dictionary``.</doc>
<status status="PASS" start="2024-08-01T06:21:57.258032" elapsed="0.000382"/>
</kw>
<kw name="Dictionary Should Contain Key" owner="Collections">
<arg>${json_data['results'][0]['login']}</arg>
<arg>${keyTwo}</arg>
<doc>Fails if ``key`` is not found from ``dictionary``.</doc>
<status status="PASS" start="2024-08-01T06:21:57.258592" elapsed="0.000441"/>
</kw>
<kw name="Log" owner="BuiltIn">
<msg time="2024-08-01T06:21:57.259344" level="INFO">username</msg>
<arg>${keyTwo}</arg>
<doc>Logs the given message with the given level.</doc>
<status status="PASS" start="2024-08-01T06:21:57.259222" elapsed="0.000160"/>
</kw>
<var name="${keyTwo}">username</var>
<status status="PASS" start="2024-08-01T06:21:57.257925" elapsed="0.001674"/>
</iter>
<iter>
<kw name="Dictionary Should Contain Key" owner="Collections">
<arg>${json_data['results'][0]['login']}</arg>
<arg>${keyTwo}</arg>
<doc>Fails if ``key`` is not found from ``dictionary``.</doc>
<status status="PASS" start="2024-08-01T06:21:57.259883" elapsed="0.000381"/>
</kw>
<kw name="Dictionary Should Contain Key" owner="Collections">
<arg>${json_data['results'][0]['login']}</arg>
<arg>${keyTwo}</arg>
<doc>Fails if ``key`` is not found from ``dictionary``.</doc>
<status status="PASS" start="2024-08-01T06:21:57.260441" elapsed="0.000369"/>
</kw>
<kw name="Log" owner="BuiltIn">
<msg time="2024-08-01T06:21:57.261109" level="INFO">password</msg>
<arg>${keyTwo}</arg>
<doc>Logs the given message with the given level.</doc>
<status status="PASS" start="2024-08-01T06:21:57.260984" elapsed="0.000161"/>
</kw>
<var name="${keyTwo}">password</var>
<status status="PASS" start="2024-08-01T06:21:57.259772" elapsed="0.001625"/>
</iter>
<var>${keyTwo}</var>
<value>@{expected_keysTwo}</value>
<status status="PASS" start="2024-08-01T06:21:57.257768" elapsed="0.003749"/>
</for>
<status status="PASS" start="2024-08-01T06:21:57.151064" elapsed="0.110591"/>
</kw>
<doc>Testa a estrutura da resposta da API.</doc>
<tag>testeEstruturaResposta</tag>
<status status="PASS" start="2024-08-01T06:21:57.150534" elapsed="0.111277"/>
</test>
<test id="s1-s1-t4" name="Validar tipos de dados" line="28">
<kw name="Teste de Tipos de Dados" owner="random-user-service">
<kw name="GET On Session" owner="RequestsLibrary">
<msg time="2024-08-01T06:21:57.358160" level="INFO">GET Request : url=https://randomuser.me/api 
 path_url=/api 
 headers={'User-Agent': 'python-requests/2.32.3', 'Accept-Encoding': 'gzip, deflate', 'Accept': '*/*', 'Connection': 'keep-alive'} 
 body=None 
 </msg>
<msg time="2024-08-01T06:21:57.358284" level="INFO">GET Response : url=https://randomuser.me/api 
 status=200, reason=OK 
 headers={'Date': 'Thu, 01 Aug 2024 06:21:57 GMT', 'Content-Type': 'application/json; charset=utf-8', 'Transfer-Encoding': 'chunked', 'Connection': 'keep-alive', 'X-Powered-By': 'Express', 'Access-Control-Allow-Origin': '*', 'Cache-Control': 'no-cache', 'ETag': 'W/"48c-GSRp0Fvv86jF7f26aqFhoFm2AdQ"', 'Vary': 'Accept-Encoding', 'Content-Encoding': 'gzip', 'CF-Cache-Status': 'DYNAMIC', 'Report-To': '{"endpoints":[{"url":"https:\\/\\/a.nel.cloudflare.com\\/report\\/v4?s=syXDckgwCwwzE2JDB1HPVG95BVWJ2Ad8%2BozK0fPfyUQQdoakolCZM2X9bMwpGPGCFq3RkbAWzGsFqBioz%2FbsCPTrdu5s1%2FWjmbiKV4NrXR1Zo3UX5msyTX94tRJaK1J3"}],"group":"cf-nel","max_age":604800}', 'NEL': '{"success_fraction":0,"report_to":"cf-nel","max_age":604800}', 'Server': 'cloudflare', 'CF-RAY': '8ac3bb20ecd3cf93-SJC', 'alt-svc': 'h3=":443"; ma=86400'} 
 body={"results":[{"gender":"male","name":{"title":"Mr","first":"Armando","last":"Pena"},"location":{"street":{"number":7522,"name":"Smokey Ln"},"city":"Ballarat","state":"South Australia","country":"Australia","postcode":9081,"coordinates":{"latitude":"-88.2000","longitude":"-76.7462"},"timezone":{"offset":"+8:00","description":"Beijing, Perth, Singapore, Hong Kong"}},"email":"armando.pena@example.com","login":{"uuid":"0bdcc19f-cf3a-402a-a48f-4e45e2708fda","username":"orangewolf345","password":"done","salt":"Y8pQbkPh","md5":"66060bd88a618ffbd48b045b604b6a16","sha1":"17fadc3ae63c97bac4d447b3e8cebc0c7c23b562","sha256":"0845ee0424836f662b66e2ea491978b3f6aa0e80888b5e73c8e557041756d724"},"dob":{"date":"1994-11-01T06:34:46.548Z","age":29},"registered":{"date":"2007-11-15T01:19:30.646Z","age":16},"phone":"09-1405-9860","cell":"0472-261-446","id":{"name":"TFN","value":"734828199"},"picture":{"large":"https://randomuser.me/api/portraits/men/32.jpg","medium":"https://randomuser.me/api/portraits/med/men/32.jpg","thumbnail":"https://randomuser.me/api/portraits/thumb/men/32.jpg"},"nat":"AU"}],"info":{"seed":"8c39ed612693db26","results":1,"page":1,"version":"1.4"}} 
 </msg>
<msg time="2024-08-01T06:21:57.358378" level="INFO">/opt/hostedtoolcache/Python/3.12.4/x64/lib/python3.12/site-packages/urllib3/connectionpool.py:1099: InsecureRequestWarning: Unverified HTTPS request is being made to host 'randomuser.me'. Adding certificate verification is strongly advised. See: https://urllib3.readthedocs.io/en/latest/advanced-usage.html#tls-warnings
  warnings.warn(</msg>
<msg time="2024-08-01T06:21:57.358528" level="INFO">${response} = &lt;Response [200]&gt;</msg>
<var>${response}</var>
<arg>consultarAPI</arg>
<arg>/api</arg>
<doc>Sends a GET request on a previously created HTTP Session.</doc>
<status status="PASS" start="2024-08-01T06:21:57.264376" elapsed="0.094196"/>
</kw>
<kw name="Set Variable" owner="BuiltIn">
<msg time="2024-08-01T06:21:57.359679" level="INFO">${json_data} = {'results': [{'gender': 'male', 'name': {'title': 'Mr', 'first': 'Armando', 'last': 'Pena'}, 'location': {'street': {'number': 7522, 'name': 'Smokey Ln'}, 'city': 'Ballarat', 'state': 'South Australia...</msg>
<var>${json_data}</var>
<arg>${response.json()}</arg>
<doc>Returns the given values which can then be assigned to a variables.</doc>
<status status="PASS" start="2024-08-01T06:21:57.359150" elapsed="0.000559"/>
</kw>
<kw name="Log" owner="BuiltIn">
<msg time="2024-08-01T06:21:57.360182" level="INFO">{'results': [{'gender': 'male', 'name': {'title': 'Mr', 'first': 'Armando', 'last': 'Pena'}, 'location': {'street': {'number': 7522, 'name': 'Smokey Ln'}, 'city': 'Ballarat', 'state': 'South Australia', 'country': 'Australia', 'postcode': 9081, 'coordinates': {'latitude': '-88.2000', 'longitude': '-76.7462'}, 'timezone': {'offset': '+8:00', 'description': 'Beijing, Perth, Singapore, Hong Kong'}}, 'email': 'armando.pena@example.com', 'login': {'uuid': '0bdcc19f-cf3a-402a-a48f-4e45e2708fda', 'username': 'orangewolf345', 'password': 'done', 'salt': 'Y8pQbkPh', 'md5': '66060bd88a618ffbd48b045b604b6a16', 'sha1': '17fadc3ae63c97bac4d447b3e8cebc0c7c23b562', 'sha256': '0845ee0424836f662b66e2ea491978b3f6aa0e80888b5e73c8e557041756d724'}, 'dob': {'date': '1994-11-01T06:34:46.548Z', 'age': 29}, 'registered': {'date': '2007-11-15T01:19:30.646Z', 'age': 16}, 'phone': '09-1405-9860', 'cell': '0472-261-446', 'id': {'name': 'TFN', 'value': '734828199'}, 'picture': {'large': 'https://randomuser.me/api/portraits/men/32.jpg', 'medium': 'https://randomuser.me/api/portraits/med/men/32.jpg', 'thumbnail': 'https://randomuser.me/api/portraits/thumb/men/32.jpg'}, 'nat': 'AU'}], 'info': {'seed': '8c39ed612693db26', 'results': 1, 'page': 1, 'version': '1.4'}}</msg>
<arg>${json_data}</arg>
<doc>Logs the given message with the given level.</doc>
<status status="PASS" start="2024-08-01T06:21:57.360020" elapsed="0.000211"/>
</kw>
<kw name="Should Be String" owner="String">
<arg>${json_data['results'][0]['gender']}</arg>
<doc>Fails if the given ``item`` is not a string.</doc>
<status status="PASS" start="2024-08-01T06:21:57.360529" elapsed="0.000375"/>
</kw>
<kw name="Should Match Regexp" owner="BuiltIn">
<arg>${json_data['results'][0]['email']}</arg>
<arg>^[a-zA-Z0-9._%+-]+@[a-zA-Z0-9.-]+\.[a-zA-Z]{2,}$</arg>
<doc>Fails if ``string`` does not match ``pattern`` as a regular expression.</doc>
<status status="PASS" start="2024-08-01T06:21:57.361094" elapsed="0.000586"/>
</kw>
<kw name="Should Match Regexp" owner="BuiltIn">
<arg>${json_data['results'][0]['dob']['date']}</arg>
<arg>\\d{4}-\\d{2}-\\d{2}T\\d{2}:\\d{2}:\\d{2}\\.\\d{3}Z</arg>
<doc>Fails if ``string`` does not match ``pattern`` as a regular expression.</doc>
<status status="PASS" start="2024-08-01T06:21:57.361921" elapsed="0.000654"/>
</kw>
<kw name="Should Match Regexp" owner="BuiltIn">
<arg>${json_data['results'][0]['registered']['date']}</arg>
<arg>\\d{4}-\\d{2}-\\d{2}T\\d{2}:\\d{2}:\\d{2}\\.\\d{3}Z</arg>
<doc>Fails if ``string`` does not match ``pattern`` as a regular expression.</doc>
<status status="PASS" start="2024-08-01T06:21:57.362770" elapsed="0.000378"/>
</kw>
<kw name="Should Match Regexp" owner="BuiltIn">
<arg>${json_data['results'][0]['picture']['large']}</arg>
<arg>^https?://.*\.(?:png|jpe?g|gif|bmp)$</arg>
<doc>Fails if ``string`` does not match ``pattern`` as a regular expression.</doc>
<status status="PASS" start="2024-08-01T06:21:57.363343" elapsed="0.000471"/>
</kw>
<kw name="Should Match Regexp" owner="BuiltIn">
<arg>${json_data['results'][0]['picture']['medium']}</arg>
<arg>^https?://.*\.(?:png|jpe?g|gif|bmp)$</arg>
<doc>Fails if ``string`` does not match ``pattern`` as a regular expression.</doc>
<status status="PASS" start="2024-08-01T06:21:57.364001" elapsed="0.000359"/>
</kw>
<kw name="Should Match Regexp" owner="BuiltIn">
<arg>${json_data['results'][0]['picture']['thumbnail']}</arg>
<arg>^https?://.*\.(?:png|jpe?g|gif|bmp)$</arg>
<doc>Fails if ``string`` does not match ``pattern`` as a regular expression.</doc>
<status status="PASS" start="2024-08-01T06:21:57.364544" elapsed="0.000356"/>
</kw>
<kw name="Log" owner="BuiltIn">
<msg time="2024-08-01T06:21:57.365428" level="INFO">{'large': 'https://randomuser.me/api/portraits/men/32.jpg', 'medium': 'https://randomuser.me/api/portraits/med/men/32.jpg', 'thumbnail': 'https://randomuser.me/api/portraits/thumb/men/32.jpg'}</msg>
<arg>${json_data['results'][0]['picture']}</arg>
<doc>Logs the given message with the given level.</doc>
<status status="PASS" start="2024-08-01T06:21:57.365078" elapsed="0.000394"/>
</kw>
<status status="PASS" start="2024-08-01T06:21:57.264144" elapsed="0.101589"/>
</kw>
<kw name="Teste de Tipos de Dados - Postcode" owner="random-user-service">
<kw name="GET On Session" owner="RequestsLibrary">
<msg time="2024-08-01T06:21:57.458965" level="INFO">GET Request : url=https://randomuser.me/api 
 path_url=/api 
 headers={'User-Agent': 'python-requests/2.32.3', 'Accept-Encoding': 'gzip, deflate', 'Accept': '*/*', 'Connection': 'keep-alive'} 
 body=None 
 </msg>
<msg time="2024-08-01T06:21:57.459069" level="INFO">GET Response : url=https://randomuser.me/api 
 status=200, reason=OK 
 headers={'Date': 'Thu, 01 Aug 2024 06:21:57 GMT', 'Content-Type': 'application/json; charset=utf-8', 'Transfer-Encoding': 'chunked', 'Connection': 'keep-alive', 'X-Powered-By': 'Express', 'Access-Control-Allow-Origin': '*', 'Cache-Control': 'no-cache', 'ETag': 'W/"487-aEjc5ZD6IEwslIdJXBWsFMz4+cI"', 'Vary': 'Accept-Encoding', 'Content-Encoding': 'gzip', 'CF-Cache-Status': 'DYNAMIC', 'Report-To': '{"endpoints":[{"url":"https:\\/\\/a.nel.cloudflare.com\\/report\\/v4?s=h%2BoO5pYGufN5mWKot9ZJ0FpnvoCCLvcgxdz5yf1%2BfEZCesI9s0mKt9Baq983395p%2FHf4HGw2x2vhkIdH98kr2Xbg2pTwKcP2oZInAbET7FCD3ZK7VwRl9Lsrs%2BROvRdO"}],"group":"cf-nel","max_age":604800}', 'NEL': '{"success_fraction":0,"report_to":"cf-nel","max_age":604800}', 'Server': 'cloudflare', 'CF-RAY': '8ac3bb218d4fcf93-SJC', 'alt-svc': 'h3=":443"; ma=86400'} 
 body={"results":[{"gender":"female","name":{"title":"Mrs","first":"Vera","last":"West"},"location":{"street":{"number":2907,"name":"Pockrus Page Rd"},"city":"Mildura","state":"Victoria","country":"Australia","postcode":5601,"coordinates":{"latitude":"-86.4790","longitude":"61.5114"},"timezone":{"offset":"+4:00","description":"Abu Dhabi, Muscat, Baku, Tbilisi"}},"email":"vera.west@example.com","login":{"uuid":"ff794a9c-6ff3-4255-be06-d5bc9deb6307","username":"happysnake396","password":"0911","salt":"79mlwxD6","md5":"b7b2e581b9b1af9702eed41f24e6eb49","sha1":"015bb4b69555a9963da33efb2cb5c23854c9b8e2","sha256":"50fedbd8fa5cc966222d4a1c7bd9659d64c3cde63d6850cdff8fb17066014ed3"},"dob":{"date":"1985-09-26T22:07:19.442Z","age":38},"registered":{"date":"2018-06-28T04:50:29.614Z","age":6},"phone":"08-9742-0470","cell":"0492-524-649","id":{"name":"TFN","value":"355176700"},"picture":{"large":"https://randomuser.me/api/portraits/women/56.jpg","medium":"https://randomuser.me/api/portraits/med/women/56.jpg","thumbnail":"https://randomuser.me/api/portraits/thumb/women/56.jpg"},"nat":"AU"}],"info":{"seed":"8ea1c72339d2f952","results":1,"page":1,"version":"1.4"}} 
 </msg>
<msg time="2024-08-01T06:21:57.459144" level="INFO">/opt/hostedtoolcache/Python/3.12.4/x64/lib/python3.12/site-packages/urllib3/connectionpool.py:1099: InsecureRequestWarning: Unverified HTTPS request is being made to host 'randomuser.me'. Adding certificate verification is strongly advised. See: https://urllib3.readthedocs.io/en/latest/advanced-usage.html#tls-warnings
  warnings.warn(</msg>
<msg time="2024-08-01T06:21:57.459265" level="INFO">${response} = &lt;Response [200]&gt;</msg>
<var>${response}</var>
<arg>consultarAPI</arg>
<arg>/api</arg>
<doc>Sends a GET request on a previously created HTTP Session.</doc>
<status status="PASS" start="2024-08-01T06:21:57.366200" elapsed="0.093096"/>
</kw>
<kw name="Set Variable" owner="BuiltIn">
<msg time="2024-08-01T06:21:57.460325" level="INFO">${json_data} = {'results': [{'gender': 'female', 'name': {'title': 'Mrs', 'first': 'Vera', 'last': 'West'}, 'location': {'street': {'number': 2907, 'name': 'Pockrus Page Rd'}, 'city': 'Mildura', 'state': 'Victoria',...</msg>
<var>${json_data}</var>
<arg>${response.json()}</arg>
<doc>Returns the given values which can then be assigned to a variables.</doc>
<status status="PASS" start="2024-08-01T06:21:57.459813" elapsed="0.000540"/>
</kw>
<kw name="Log" owner="BuiltIn">
<msg time="2024-08-01T06:21:57.460814" level="INFO">{'results': [{'gender': 'female', 'name': {'title': 'Mrs', 'first': 'Vera', 'last': 'West'}, 'location': {'street': {'number': 2907, 'name': 'Pockrus Page Rd'}, 'city': 'Mildura', 'state': 'Victoria', 'country': 'Australia', 'postcode': 5601, 'coordinates': {'latitude': '-86.4790', 'longitude': '61.5114'}, 'timezone': {'offset': '+4:00', 'description': 'Abu Dhabi, Muscat, Baku, Tbilisi'}}, 'email': 'vera.west@example.com', 'login': {'uuid': 'ff794a9c-6ff3-4255-be06-d5bc9deb6307', 'username': 'happysnake396', 'password': '0911', 'salt': '79mlwxD6', 'md5': 'b7b2e581b9b1af9702eed41f24e6eb49', 'sha1': '015bb4b69555a9963da33efb2cb5c23854c9b8e2', 'sha256': '50fedbd8fa5cc966222d4a1c7bd9659d64c3cde63d6850cdff8fb17066014ed3'}, 'dob': {'date': '1985-09-26T22:07:19.442Z', 'age': 38}, 'registered': {'date': '2018-06-28T04:50:29.614Z', 'age': 6}, 'phone': '08-9742-0470', 'cell': '0492-524-649', 'id': {'name': 'TFN', 'value': '355176700'}, 'picture': {'large': 'https://randomuser.me/api/portraits/women/56.jpg', 'medium': 'https://randomuser.me/api/portraits/med/women/56.jpg', 'thumbnail': 'https://randomuser.me/api/portraits/thumb/women/56.jpg'}, 'nat': 'AU'}], 'info': {'seed': '8ea1c72339d2f952', 'results': 1, 'page': 1, 'version': '1.4'}}</msg>
<arg>${json_data}</arg>
<doc>Logs the given message with the given level.</doc>
<status status="PASS" start="2024-08-01T06:21:57.460657" elapsed="0.000202"/>
</kw>
<kw name="Should Be Equal As Numbers" owner="BuiltIn">
<arg>${json_data['results'][0]['location']['postcode']}</arg>
<arg>${json_data['results'][0]['location']['postcode']}</arg>
<doc>Fails if objects are unequal after converting them to real numbers.</doc>
<status status="PASS" start="2024-08-01T06:21:57.461147" elapsed="0.000677"/>
</kw>
<kw name="Log" owner="BuiltIn">
<msg time="2024-08-01T06:21:57.462354" level="INFO">5601</msg>
<arg>${json_data['results'][0]['location']['postcode']}</arg>
<doc>Logs the given message with the given level.</doc>
<status status="PASS" start="2024-08-01T06:21:57.462018" elapsed="0.000377"/>
</kw>
<status status="PASS" start="2024-08-01T06:21:57.365960" elapsed="0.096719"/>
</kw>
<doc>Testa se os tipos de dados na resposta da API estão corretos.</doc>
<tag>testeTiposDados</tag>
<status status="PASS" start="2024-08-01T06:21:57.263597" elapsed="0.199254"/>
</test>
<test id="s1-s1-t5" name="Validar conteudo" line="35">
<kw name="Teste de Tipos de Conteudo" owner="random-user-service">
<kw name="GET On Session" owner="RequestsLibrary">
<msg time="2024-08-01T06:21:57.563357" level="INFO">GET Request : url=https://randomuser.me/api 
 path_url=/api 
 headers={'User-Agent': 'python-requests/2.32.3', 'Accept-Encoding': 'gzip, deflate', 'Accept': '*/*', 'Connection': 'keep-alive'} 
 body=None 
 </msg>
<msg time="2024-08-01T06:21:57.563461" level="INFO">GET Response : url=https://randomuser.me/api 
 status=200, reason=OK 
 headers={'Date': 'Thu, 01 Aug 2024 06:21:57 GMT', 'Content-Type': 'application/json; charset=utf-8', 'Transfer-Encoding': 'chunked', 'Connection': 'keep-alive', 'X-Powered-By': 'Express', 'Access-Control-Allow-Origin': '*', 'Cache-Control': 'no-cache', 'ETag': 'W/"486-jZy9yPAbXz2jjByCkwa2cm43Q4A"', 'Vary': 'Accept-Encoding', 'Content-Encoding': 'gzip', 'CF-Cache-Status': 'DYNAMIC', 'Report-To': '{"endpoints":[{"url":"https:\\/\\/a.nel.cloudflare.com\\/report\\/v4?s=p0nuFWhhxpbUWrXqfbFSYR2MX%2FEgjuVvPgnwS5tx%2B7nTi89IZqXPiJhAfj%2F8xtDm1s%2B9%2FcJg24OK115nEfHOTy90hvupQSA%2FTjlIZxyPvEJn48kPSZRvcnEgbaUCMhG7"}],"group":"cf-nel","max_age":604800}', 'NEL': '{"success_fraction":0,"report_to":"cf-nel","max_age":604800}', 'Server': 'cloudflare', 'CF-RAY': '8ac3bb222dd6cf93-SJC', 'alt-svc': 'h3=":443"; ma=86400'} 
 body={"results":[{"gender":"female","name":{"title":"Mrs","first":"Noélie","last":"Louis"},"location":{"street":{"number":9887,"name":"Esplanade du 9 Novembre 1989"},"city":"Nice","state":"Indre","country":"France","postcode":32991,"coordinates":{"latitude":"-13.7331","longitude":"50.1249"},"timezone":{"offset":"-10:00","description":"Hawaii"}},"email":"noelie.louis@example.com","login":{"uuid":"d981f297-4d6c-428e-91c7-f66d777c7ec4","username":"lazyzebra485","password":"shua","salt":"ZyYhF6ug","md5":"fd96a0e6f71980f099e8bb9580523548","sha1":"08c0e367e1efdce1e1d0d79673013dc7ec99817f","sha256":"385582f6fb0859cbeee4044f94941081fdde34e5edd37d51e4b9bc2968df5037"},"dob":{"date":"1966-06-16T08:34:37.507Z","age":58},"registered":{"date":"2019-06-28T11:32:06.389Z","age":5},"phone":"03-47-49-73-96","cell":"06-28-39-24-43","id":{"name":"INSEE","value":"2660566317453 36"},"picture":{"large":"https://randomuser.me/api/portraits/women/46.jpg","medium":"https://randomuser.me/api/portraits/med/women/46.jpg","thumbnail":"https://randomuser.me/api/portraits/thumb/women/46.jpg"},"nat":"FR"}],"info":{"seed":"e734c847e9cdfbf2","results":1,"page":1,"version":"1.4"}} 
 </msg>
<msg time="2024-08-01T06:21:57.563535" level="INFO">/opt/hostedtoolcache/Python/3.12.4/x64/lib/python3.12/site-packages/urllib3/connectionpool.py:1099: InsecureRequestWarning: Unverified HTTPS request is being made to host 'randomuser.me'. Adding certificate verification is strongly advised. See: https://urllib3.readthedocs.io/en/latest/advanced-usage.html#tls-warnings
  warnings.warn(</msg>
<msg time="2024-08-01T06:21:57.563656" level="INFO">${response} = &lt;Response [200]&gt;</msg>
<var>${response}</var>
<arg>consultarAPI</arg>
<arg>/api</arg>
<doc>Sends a GET request on a previously created HTTP Session.</doc>
<status status="PASS" start="2024-08-01T06:21:57.465289" elapsed="0.098407"/>
</kw>
<kw name="Set Variable" owner="BuiltIn">
<msg time="2024-08-01T06:21:57.564777" level="INFO">${json_data} = {'results': [{'gender': 'female', 'name': {'title': 'Mrs', 'first': 'Noélie', 'last': 'Louis'}, 'location': {'street': {'number': 9887, 'name': 'Esplanade du 9 Novembre 1989'}, 'city': 'Nice', 'state'...</msg>
<var>${json_data}</var>
<arg>${response.json()}</arg>
<doc>Returns the given values which can then be assigned to a variables.</doc>
<status status="PASS" start="2024-08-01T06:21:57.564239" elapsed="0.000568"/>
</kw>
<kw name="Set Variable" owner="BuiltIn">
<msg time="2024-08-01T06:21:57.565603" level="INFO">${name_title} = Mrs</msg>
<var>${name_title}</var>
<arg>${json_data["results"][0]["name"]["title"]}</arg>
<doc>Returns the given values which can then be assigned to a variables.</doc>
<status status="PASS" start="2024-08-01T06:21:57.565145" elapsed="0.000485"/>
</kw>
<kw name="Create List" owner="BuiltIn">
<msg time="2024-08-01T06:21:57.566093" level="INFO">${allowed_titles} = ['Mr', 'Ms', 'Miss', 'Mrs', 'Madame', 'Monsieur']</msg>
<var>${allowed_titles}</var>
<arg>Mr</arg>
<arg>Ms</arg>
<arg>Miss</arg>
<arg>Mrs</arg>
<arg>Madame</arg>
<arg>Monsieur</arg>
<doc>Returns a list containing given items.</doc>
<status status="PASS" start="2024-08-01T06:21:57.565936" elapsed="0.000182"/>
</kw>
<kw name="List Should Contain Value" owner="Collections">
<arg>${allowed_titles}</arg>
<arg>${name_title}</arg>
<doc>Fails if the ``value`` is not found from ``list``.</doc>
<status status="PASS" start="2024-08-01T06:21:57.566418" elapsed="0.000187"/>
</kw>
<kw name="Set Variable" owner="BuiltIn">
<msg time="2024-08-01T06:21:57.567175" level="INFO">${name_country} = FR</msg>
<var>${name_country}</var>
<arg>${json_data["results"][0]["nat"]}</arg>
<doc>Returns the given values which can then be assigned to a variables.</doc>
<status status="PASS" start="2024-08-01T06:21:57.566789" elapsed="0.000412"/>
</kw>
<kw name="Create List" owner="BuiltIn">
<msg time="2024-08-01T06:21:57.568093" level="INFO">${list_country} = ['AD', 'AE', 'AF', 'AG', 'AI', 'AL', 'AM', 'AO', 'AQ', 'AR', 'AS', 'AT', 'AU', 'AW', 'AX', 'AZ', 'BA', 'BB', 'BD', 'BE', 'BF', 'BG', 'BH', 'BI', 'BJ', 'BL', 'BM', 'BN', 'BO', 'BQ', 'BR', 'BS', 'BT', '...</msg>
<var>${list_country}</var>
<arg>AD</arg>
<arg>AE</arg>
<arg>AF</arg>
<arg>AG</arg>
<arg>AI</arg>
<arg>AL</arg>
<arg>AM</arg>
<arg>AO</arg>
<arg>AQ</arg>
<arg>AR</arg>
<arg>AS</arg>
<arg>AT</arg>
<arg>AU</arg>
<arg>AW</arg>
<arg>AX</arg>
<arg>AZ</arg>
<arg>BA</arg>
<arg>BB</arg>
<arg>BD</arg>
<arg>BE</arg>
<arg>BF</arg>
<arg>BG</arg>
<arg>BH</arg>
<arg>BI</arg>
<arg>BJ</arg>
<arg>BL</arg>
<arg>BM</arg>
<arg>BN</arg>
<arg>BO</arg>
<arg>BQ</arg>
<arg>BR</arg>
<arg>BS</arg>
<arg>BT</arg>
<arg>BV</arg>
<arg>BW</arg>
<arg>BY</arg>
<arg>BZ</arg>
<arg>CA</arg>
<arg>CC</arg>
<arg>CD</arg>
<arg>CF</arg>
<arg>CG</arg>
<arg>CH</arg>
<arg>CI</arg>
<arg>CK</arg>
<arg>CL</arg>
<arg>CM</arg>
<arg>CN</arg>
<arg>CO</arg>
<arg>CR</arg>
<arg>CU</arg>
<arg>CV</arg>
<arg>CW</arg>
<arg>CX</arg>
<arg>CY</arg>
<arg>CZ</arg>
<arg>DE</arg>
<arg>DJ</arg>
<arg>DK</arg>
<arg>DM</arg>
<arg>DO</arg>
<arg>DZ</arg>
<arg>EC</arg>
<arg>EE</arg>
<arg>EG</arg>
<arg>EH</arg>
<arg>ER</arg>
<arg>ES</arg>
<arg>ET</arg>
<arg>FI</arg>
<arg>FJ</arg>
<arg>FK</arg>
<arg>FM</arg>
<arg>FO</arg>
<arg>FR</arg>
<arg>GA</arg>
<arg>GB</arg>
<arg>GD</arg>
<arg>GE</arg>
<arg>GF</arg>
<arg>GG</arg>
<arg>GH</arg>
<arg>GI</arg>
<arg>GL</arg>
<arg>GM</arg>
<arg>GN</arg>
<arg>GP</arg>
<arg>GQ</arg>
<arg>GR</arg>
<arg>GS</arg>
<arg>GT</arg>
<arg>GU</arg>
<arg>GW</arg>
<arg>GY</arg>
<arg>HK</arg>
<arg>HM</arg>
<arg>HN</arg>
<arg>HR</arg>
<arg>HT</arg>
<arg>HU</arg>
<arg>ID</arg>
<arg>IE</arg>
<arg>IL</arg>
<arg>IM</arg>
<arg>IN</arg>
<arg>IO</arg>
<arg>IQ</arg>
<arg>IR</arg>
<arg>IS</arg>
<arg>IT</arg>
<arg>JE</arg>
<arg>JM</arg>
<arg>JO</arg>
<arg>JP</arg>
<arg>KE</arg>
<arg>KG</arg>
<arg>KH</arg>
<arg>KI</arg>
<arg>KM</arg>
<arg>KN</arg>
<arg>KP</arg>
<arg>KR</arg>
<arg>KW</arg>
<arg>KY</arg>
<arg>KZ</arg>
<arg>LA</arg>
<arg>LB</arg>
<arg>LC</arg>
<arg>LI</arg>
<arg>LK</arg>
<arg>LR</arg>
<arg>LS</arg>
<arg>LT</arg>
<arg>LU</arg>
<arg>LV</arg>
<arg>LY</arg>
<arg>MA</arg>
<arg>MC</arg>
<arg>MD</arg>
<arg>ME</arg>
<arg>MF</arg>
<arg>MG</arg>
<arg>MH</arg>
<arg>MK</arg>
<arg>ML</arg>
<arg>MM</arg>
<arg>MN</arg>
<arg>MO</arg>
<arg>MP</arg>
<arg>MQ</arg>
<arg>MR</arg>
<arg>MS</arg>
<arg>MT</arg>
<arg>MU</arg>
<arg>MV</arg>
<arg>MW</arg>
<arg>MX</arg>
<arg>MY</arg>
<arg>MZ</arg>
<arg>NA</arg>
<arg>NC</arg>
<arg>NE</arg>
<arg>NF</arg>
<arg>NG</arg>
<arg>NI</arg>
<arg>NL</arg>
<arg>NO</arg>
<arg>NP</arg>
<arg>NR</arg>
<arg>NU</arg>
<arg>NZ</arg>
<arg>OM</arg>
<arg>PA</arg>
<arg>PE</arg>
<arg>PF</arg>
<arg>PG</arg>
<arg>PH</arg>
<arg>PK</arg>
<arg>PL</arg>
<arg>PM</arg>
<arg>PN</arg>
<arg>PR</arg>
<arg>PS</arg>
<arg>PT</arg>
<arg>PW</arg>
<arg>PY</arg>
<arg>QA</arg>
<arg>RE</arg>
<arg>RO</arg>
<arg>RS</arg>
<arg>RU</arg>
<arg>RW</arg>
<arg>SA</arg>
<arg>SB</arg>
<arg>SC</arg>
<arg>SD</arg>
<arg>SE</arg>
<arg>SG</arg>
<arg>SH</arg>
<arg>SI</arg>
<arg>SJ</arg>
<arg>SK</arg>
<arg>SL</arg>
<arg>SM</arg>
<arg>SN</arg>
<arg>SO</arg>
<arg>SR</arg>
<arg>SS</arg>
<arg>ST</arg>
<arg>SV</arg>
<arg>SX</arg>
<arg>SY</arg>
<arg>SZ</arg>
<arg>TC</arg>
<arg>TD</arg>
<arg>TF</arg>
<arg>TG</arg>
<arg>TH</arg>
<arg>TJ</arg>
<arg>TK</arg>
<arg>TL</arg>
<arg>TM</arg>
<arg>TN</arg>
<arg>TO</arg>
<arg>TR</arg>
<arg>TT</arg>
<arg>TV</arg>
<arg>TW</arg>
<arg>TZ</arg>
<arg>UA</arg>
<arg>UG</arg>
<arg>UM</arg>
<arg>US</arg>
<arg>UY</arg>
<arg>UZ</arg>
<arg>VA</arg>
<arg>VC</arg>
<arg>VE</arg>
<arg>VG</arg>
<arg>VI</arg>
<arg>VN</arg>
<arg>VU</arg>
<arg>WF</arg>
<arg>WS</arg>
<arg>XK</arg>
<arg>YE</arg>
<arg>YT</arg>
<arg>ZA</arg>
<arg>ZM</arg>
<arg>ZW</arg>
<doc>Returns a list containing given items.</doc>
<status status="PASS" start="2024-08-01T06:21:57.567494" elapsed="0.000625"/>
</kw>
<kw name="List Should Contain Value" owner="Collections">
<arg>${list_country}</arg>
<arg>${name_country}</arg>
<doc>Fails if the ``value`` is not found from ``list``.</doc>
<status status="PASS" start="2024-08-01T06:21:57.569116" elapsed="0.000256"/>
</kw>
<kw name="Run Keyword If" owner="BuiltIn">
<kw name="Should Be True" owner="BuiltIn">
<arg>${True}</arg>
<doc>Fails if the given condition is not true.</doc>
<status status="PASS" start="2024-08-01T06:21:57.570337" elapsed="0.000144"/>
</kw>
<arg>${json_data["results"][0]["location"]["coordinates"]["latitude"]} &gt;= -90 and ${json_data["results"][0]["location"]["coordinates"]["latitude"]} &lt;= 90</arg>
<arg>Should Be True</arg>
<arg>${True}</arg>
<doc>Runs the given keyword with the given arguments, if ``condition`` is true.</doc>
<status status="PASS" start="2024-08-01T06:21:57.569580" elapsed="0.001027"/>
</kw>
<kw name="Run Keyword If" owner="BuiltIn">
<kw name="Should Be True" owner="BuiltIn">
<arg>${True}</arg>
<doc>Fails if the given condition is not true.</doc>
<status status="PASS" start="2024-08-01T06:21:57.571476" elapsed="0.000137"/>
</kw>
<arg>${json_data["results"][0]["location"]["coordinates"]["longitude"]} &gt;= -180 and ${json_data["results"][0]["location"]["coordinates"]["longitude"]} &lt;= 180</arg>
<arg>Should Be True</arg>
<arg>${True}</arg>
<doc>Runs the given keyword with the given arguments, if ``condition`` is true.</doc>
<status status="PASS" start="2024-08-01T06:21:57.570788" elapsed="0.000957"/>
</kw>
<status status="PASS" start="2024-08-01T06:21:57.465044" elapsed="0.106835"/>
</kw>
<doc>Testa o conteúdo específico dos campos retornados pela API.</doc>
<tag>testeConteudo</tag>
<status status="PASS" start="2024-08-01T06:21:57.464591" elapsed="0.107444"/>
</test>
<status status="PASS" start="2024-08-01T06:21:56.549301" elapsed="1.024773"/>
</suite>
<status status="PASS" start="2024-08-01T06:21:56.534550" elapsed="1.044663"/>
</suite>
<statistics>
<total>
<stat pass="5" fail="0" skip="0">All Tests</stat>
</total>
<tag>
<stat pass="1" fail="0" skip="0">testeConteudo</stat>
<stat pass="1" fail="0" skip="0">testeEstruturaResposta</stat>
<stat pass="1" fail="0" skip="0">testeRequisicaoBasica</stat>
<stat pass="1" fail="0" skip="0">testeTiposDados</stat>
</tag>
<suite>
<stat pass="5" fail="0" skip="0" id="s1" name="Tests">Tests</stat>
<stat pass="5" fail="0" skip="0" id="s1-s1" name="Random-User-Test">Tests.Random-User-Test</stat>
</suite>
</statistics>
<errors>
</errors>
</robot>
