<?xml version="1.0" encoding="UTF-8"?>
<robot generator="Robot 7.0.1 (Python 3.12.4 on linux)" generated="2024-08-09T18:20:44.208205" rpa="false" schemaversion="5">
<suite id="s1" name="Tests" source="/home/runner/work/ApiRandomUser/ApiRandomUser/RamdonUser/tests">
<suite id="s1-s1" name="Random-User-Test" source="/home/runner/work/ApiRandomUser/ApiRandomUser/RamdonUser/tests/random-user-test.robot">
<test id="s1-s1-t1" name="Conectar" line="13">
<kw name="Conectar API" owner="random-user-service">
<kw name="Create Session" owner="RequestsLibrary">
<msg time="2024-08-09T18:20:44.616474" level="INFO">Creating Session using : alias=consultarAPI, url=https://randomuser.me/, headers={},                     cookies={}, auth=None, timeout=None, proxies=None, verify=False,                     debug=0 </msg>
<arg>consultarAPI</arg>
<arg>${URL}</arg>
<doc>Create Session: create a HTTP session to a server</doc>
<status status="PASS" start="2024-08-09T18:20:44.616265" elapsed="0.000407"/>
</kw>
<status status="PASS" start="2024-08-09T18:20:44.615171" elapsed="0.001908"/>
</kw>
<status status="PASS" start="2024-08-09T18:20:44.614583" elapsed="0.002696"/>
</test>
<test id="s1-s1-t2" name="Validar retorno 200 e JSON Válido" line="16">
<kw name="Teste de Requisicao Basica" owner="random-user-service">
<kw name="GET On Session" owner="RequestsLibrary">
<msg time="2024-08-09T18:20:44.739304" level="INFO">GET Request : url=https://randomuser.me/api 
 path_url=/api 
 headers={'User-Agent': 'python-requests/2.32.3', 'Accept-Encoding': 'gzip, deflate', 'Accept': '*/*', 'Connection': 'keep-alive'} 
 body=None 
 </msg>
<msg time="2024-08-09T18:20:44.739470" level="INFO">GET Response : url=https://randomuser.me/api 
 status=200, reason=OK 
 headers={'Date': 'Fri, 09 Aug 2024 18:20:44 GMT', 'Content-Type': 'application/json; charset=utf-8', 'Transfer-Encoding': 'chunked', 'Connection': 'keep-alive', 'X-Powered-By': 'Express', 'Access-Control-Allow-Origin': '*', 'Cache-Control': 'no-cache', 'ETag': 'W/"4a4-uReLccGyoGGwQnjLLxydcI6n4qU"', 'Vary': 'Accept-Encoding', 'Content-Encoding': 'gzip', 'CF-Cache-Status': 'DYNAMIC', 'Report-To': '{"endpoints":[{"url":"https:\\/\\/a.nel.cloudflare.com\\/report\\/v4?s=G75pJwjR19guBQYeTZXermqcua8Cz2%2FMbcCFWJ0oveUi4CeekwU48JqIqkD1WGJz2pF0tdxHZJENvZjpWkmsS45Gy75t%2FJocTMW9J2G2VRnP4WICc7N4KRpZzk4i6KUM"}],"group":"cf-nel","max_age":604800}', 'NEL': '{"success_fraction":0,"report_to":"cf-nel","max_age":604800}', 'Server': 'cloudflare', 'CF-RAY': '8b09c30b2a5d29dc-ORD', 'alt-svc': 'h3=":443"; ma=86400'} 
 body={"results":[{"gender":"female","name":{"title":"Mademoiselle","first":"Celia","last":"Leroy"},"location":{"street":{"number":7703,"name":"Esplanade du 9 Novembre 1989"},"city":"Reutigen","state":"Valais","country":"Switzerland","postcode":2986,"coordinates":{"latitude":"-61.0521","longitude":"152.6554"},"timezone":{"offset":"+7:00","description":"Bangkok, Hanoi, Jakarta"}},"email":"celia.leroy@example.com","login":{"uuid":"29cdc2bd-17cc-4956-a03c-ae0f013ff07e","username":"smallostrich931","password":"coming","salt":"BVWLuyOd","md5":"ed27009ae744a758dd29f0984fa16d66","sha1":"c5995c3a8c9f0e2b26be45019745dea1708d3ff3","sha256":"00d8dae3cfed3c6a313622dd1df8892e29a7b3797ce0fb6e92d310b4451daaaa"},"dob":{"date":"1947-07-17T23:48:41.050Z","age":77},"registered":{"date":"2022-02-08T07:05:16.852Z","age":2},"phone":"079 904 89 19","cell":"077 814 37 90","id":{"name":"AVS","value":"756.0513.4804.65"},"picture":{"large":"https://randomuser.me/api/portraits/women/4.jpg","medium":"https://randomuser.me/api/portraits/med/women/4.jpg","thumbnail":"https://randomuser.me/api/portraits/thumb/women/4.jpg"},"nat":"CH"}],"info":{"seed":"a7e604ed84e3414a","results":1,"page":1,"version":"1.4"}} 
 </msg>
<msg time="2024-08-09T18:20:44.739567" level="INFO">/opt/hostedtoolcache/Python/3.12.4/x64/lib/python3.12/site-packages/urllib3/connectionpool.py:1099: InsecureRequestWarning: Unverified HTTPS request is being made to host 'randomuser.me'. Adding certificate verification is strongly advised. See: https://urllib3.readthedocs.io/en/latest/advanced-usage.html#tls-warnings
  warnings.warn(</msg>
<msg time="2024-08-09T18:20:44.739737" level="INFO">${response} = &lt;Response [200]&gt;</msg>
<var>${response}</var>
<arg>consultarAPI</arg>
<arg>/api</arg>
<doc>Sends a GET request on a previously created HTTP Session.</doc>
<status status="PASS" start="2024-08-09T18:20:44.619874" elapsed="0.119908"/>
</kw>
<kw name="Should Be Equal As Numbers" owner="BuiltIn">
<msg time="2024-08-09T18:20:44.740913" level="INFO">Argument types are:
&lt;class 'int'&gt;
&lt;class 'str'&gt;</msg>
<arg>${response.status_code}</arg>
<arg>200</arg>
<doc>Fails if objects are unequal after converting them to real numbers.</doc>
<status status="PASS" start="2024-08-09T18:20:44.740396" elapsed="0.000585"/>
</kw>
<kw name="Log" owner="BuiltIn">
<msg time="2024-08-09T18:20:44.741659" level="INFO">200</msg>
<arg>${response.status_code}</arg>
<doc>Logs the given message with the given level.</doc>
<status status="PASS" start="2024-08-09T18:20:44.741300" elapsed="0.000402"/>
</kw>
<kw name="Set Variable" owner="BuiltIn">
<msg time="2024-08-09T18:20:44.742438" level="INFO">${json_data} = {'results': [{'gender': 'female', 'name': {'title': 'Mademoiselle', 'first': 'Celia', 'last': 'Leroy'}, 'location': {'street': {'number': 7703, 'name': 'Esplanade du 9 Novembre 1989'}, 'city': 'Reutig...</msg>
<var>${json_data}</var>
<arg>${response.json()}</arg>
<doc>Returns the given values which can then be assigned to a variables.</doc>
<status status="PASS" start="2024-08-09T18:20:44.742006" elapsed="0.000461"/>
</kw>
<kw name="Dictionary Should Contain Key" owner="Collections">
<arg>${json_data}</arg>
<arg>results</arg>
<doc>Fails if ``key`` is not found from ``dictionary``.</doc>
<status status="PASS" start="2024-08-09T18:20:44.742771" elapsed="0.000331"/>
</kw>
<status status="PASS" start="2024-08-09T18:20:44.619625" elapsed="0.123634"/>
</kw>
<doc>Testa se a API responde corretamente e retorna um objeto JSON válido.</doc>
<tag>testeRequisicaoBasica</tag>
<status status="PASS" start="2024-08-09T18:20:44.619154" elapsed="0.124318"/>
</test>
<test id="s1-s1-t3" name="Validar estrutura de resposta" line="22">
<kw name="Teste de Estrutura de Resposta" owner="random-user-service">
<kw name="GET On Session" owner="RequestsLibrary">
<msg time="2024-08-09T18:20:44.816950" level="INFO">GET Request : url=https://randomuser.me/api 
 path_url=/api 
 headers={'User-Agent': 'python-requests/2.32.3', 'Accept-Encoding': 'gzip, deflate', 'Accept': '*/*', 'Connection': 'keep-alive'} 
 body=None 
 </msg>
<msg time="2024-08-09T18:20:44.817070" level="INFO">GET Response : url=https://randomuser.me/api 
 status=200, reason=OK 
 headers={'Date': 'Fri, 09 Aug 2024 18:20:44 GMT', 'Content-Type': 'application/json; charset=utf-8', 'Transfer-Encoding': 'chunked', 'Connection': 'keep-alive', 'X-Powered-By': 'Express', 'Access-Control-Allow-Origin': '*', 'Cache-Control': 'no-cache', 'ETag': 'W/"48d-Blx/p5/j8btHLSt2is95T34C3tk"', 'Vary': 'Accept-Encoding', 'Content-Encoding': 'gzip', 'CF-Cache-Status': 'DYNAMIC', 'Report-To': '{"endpoints":[{"url":"https:\\/\\/a.nel.cloudflare.com\\/report\\/v4?s=m5fRiCPjzLJTShreJr1t6HSF3%2FLuqZ8b9QdCW%2FpKuu%2BN43izLnOyXvSvXdb7XO%2Bn8H3DuJRWnqvYUZWPHl4JI3jD6qg2roqzvo7NCCoIPWaTo%2FuAaL88xtPT87Wwgz0%2F"}],"group":"cf-nel","max_age":604800}', 'NEL': '{"success_fraction":0,"report_to":"cf-nel","max_age":604800}', 'Server': 'cloudflare', 'CF-RAY': '8b09c30bab2029dc-ORD', 'alt-svc': 'h3=":443"; ma=86400'} 
 body={"results":[{"gender":"female","name":{"title":"Mrs","first":"Edda","last":"Tjøsvoll"},"location":{"street":{"number":5674,"name":"Bogerudslyngen"},"city":"Fillan","state":"Vest-Agder","country":"Norway","postcode":"1629","coordinates":{"latitude":"41.8179","longitude":"63.8300"},"timezone":{"offset":"+9:00","description":"Tokyo, Seoul, Osaka, Sapporo, Yakutsk"}},"email":"edda.tjosvoll@example.com","login":{"uuid":"3d9e912f-0eba-4bb7-a52c-8ff5fce57de9","username":"silverlion996","password":"boss","salt":"6QOSSBAv","md5":"963695b1e37d8b83bf23407018fdc2e5","sha1":"3c68f5325c3d6a46551769b83bffdf0dc8b6819a","sha256":"cac24e9793e47bdc1cca4368ea32678174c455b6c9fbc2cf14f0edb6b62cdcea"},"dob":{"date":"1999-09-29T00:40:53.794Z","age":24},"registered":{"date":"2008-10-10T18:18:01.757Z","age":15},"phone":"78348963","cell":"99437300","id":{"name":"FN","value":"29099906896"},"picture":{"large":"https://randomuser.me/api/portraits/women/91.jpg","medium":"https://randomuser.me/api/portraits/med/women/91.jpg","thumbnail":"https://randomuser.me/api/portraits/thumb/women/91.jpg"},"nat":"NO"}],"info":{"seed":"474a10365dec1338","results":1,"page":1,"version":"1.4"}} 
 </msg>
<msg time="2024-08-09T18:20:44.817212" level="INFO">/opt/hostedtoolcache/Python/3.12.4/x64/lib/python3.12/site-packages/urllib3/connectionpool.py:1099: InsecureRequestWarning: Unverified HTTPS request is being made to host 'randomuser.me'. Adding certificate verification is strongly advised. See: https://urllib3.readthedocs.io/en/latest/advanced-usage.html#tls-warnings
  warnings.warn(</msg>
<msg time="2024-08-09T18:20:44.817366" level="INFO">${response} = &lt;Response [200]&gt;</msg>
<var>${response}</var>
<arg>consultarAPI</arg>
<arg>/api</arg>
<doc>Sends a GET request on a previously created HTTP Session.</doc>
<status status="PASS" start="2024-08-09T18:20:44.746137" elapsed="0.071275"/>
</kw>
<kw name="Set Variable" owner="BuiltIn">
<msg time="2024-08-09T18:20:44.818439" level="INFO">${json_data} = {'results': [{'gender': 'female', 'name': {'title': 'Mrs', 'first': 'Edda', 'last': 'Tjøsvoll'}, 'location': {'street': {'number': 5674, 'name': 'Bogerudslyngen'}, 'city': 'Fillan', 'state': 'Vest-Agd...</msg>
<var>${json_data}</var>
<arg>${response.json()}</arg>
<doc>Returns the given values which can then be assigned to a variables.</doc>
<status status="PASS" start="2024-08-09T18:20:44.817913" elapsed="0.000556"/>
</kw>
<kw name="Log" owner="BuiltIn">
<msg time="2024-08-09T18:20:44.818938" level="INFO">{'results': [{'gender': 'female', 'name': {'title': 'Mrs', 'first': 'Edda', 'last': 'Tjøsvoll'}, 'location': {'street': {'number': 5674, 'name': 'Bogerudslyngen'}, 'city': 'Fillan', 'state': 'Vest-Agder', 'country': 'Norway', 'postcode': '1629', 'coordinates': {'latitude': '41.8179', 'longitude': '63.8300'}, 'timezone': {'offset': '+9:00', 'description': 'Tokyo, Seoul, Osaka, Sapporo, Yakutsk'}}, 'email': 'edda.tjosvoll@example.com', 'login': {'uuid': '3d9e912f-0eba-4bb7-a52c-8ff5fce57de9', 'username': 'silverlion996', 'password': 'boss', 'salt': '6QOSSBAv', 'md5': '963695b1e37d8b83bf23407018fdc2e5', 'sha1': '3c68f5325c3d6a46551769b83bffdf0dc8b6819a', 'sha256': 'cac24e9793e47bdc1cca4368ea32678174c455b6c9fbc2cf14f0edb6b62cdcea'}, 'dob': {'date': '1999-09-29T00:40:53.794Z', 'age': 24}, 'registered': {'date': '2008-10-10T18:18:01.757Z', 'age': 15}, 'phone': '78348963', 'cell': '99437300', 'id': {'name': 'FN', 'value': '29099906896'}, 'picture': {'large': 'https://randomuser.me/api/portraits/women/91.jpg', 'medium': 'https://randomuser.me/api/portraits/med/women/91.jpg', 'thumbnail': 'https://randomuser.me/api/portraits/thumb/women/91.jpg'}, 'nat': 'NO'}], 'info': {'seed': '474a10365dec1338', 'results': 1, 'page': 1, 'version': '1.4'}}</msg>
<arg>${json_data}</arg>
<doc>Logs the given message with the given level.</doc>
<status status="PASS" start="2024-08-09T18:20:44.818776" elapsed="0.000212"/>
</kw>
<kw name="Dictionary Should Contain Key" owner="Collections">
<arg>${json_data}</arg>
<arg>results</arg>
<doc>Fails if ``key`` is not found from ``dictionary``.</doc>
<status status="PASS" start="2024-08-09T18:20:44.819284" elapsed="0.000167"/>
</kw>
<kw name="Should Not Be Empty" owner="BuiltIn">
<msg time="2024-08-09T18:20:44.819771" level="INFO">Length is 2.</msg>
<arg>${json_data}</arg>
<doc>Verifies that the given item is not empty.</doc>
<status status="PASS" start="2024-08-09T18:20:44.819635" elapsed="0.000176"/>
</kw>
<kw name="Create List" owner="BuiltIn">
<msg time="2024-08-09T18:20:44.820260" level="INFO">${expected_keys} = ['gender', 'name', 'location', 'email', 'login']</msg>
<var>${expected_keys}</var>
<arg>gender</arg>
<arg>name</arg>
<arg>location</arg>
<arg>email</arg>
<arg>login</arg>
<doc>Returns a list containing given items.</doc>
<status status="PASS" start="2024-08-09T18:20:44.820104" elapsed="0.000180"/>
</kw>
<for flavor="IN">
<iter>
<kw name="Dictionary Should Contain Key" owner="Collections">
<arg>${json_data['results'][0]}</arg>
<arg>${key}</arg>
<doc>Fails if ``key`` is not found from ``dictionary``.</doc>
<status status="PASS" start="2024-08-09T18:20:44.820912" elapsed="0.000402"/>
</kw>
<kw name="Log" owner="BuiltIn">
<msg time="2024-08-09T18:20:44.821860" level="INFO">{'gender': 'female', 'name': {'title': 'Mrs', 'first': 'Edda', 'last': 'Tjøsvoll'}, 'location': {'street': {'number': 5674, 'name': 'Bogerudslyngen'}, 'city': 'Fillan', 'state': 'Vest-Agder', 'country': 'Norway', 'postcode': '1629', 'coordinates': {'latitude': '41.8179', 'longitude': '63.8300'}, 'timezone': {'offset': '+9:00', 'description': 'Tokyo, Seoul, Osaka, Sapporo, Yakutsk'}}, 'email': 'edda.tjosvoll@example.com', 'login': {'uuid': '3d9e912f-0eba-4bb7-a52c-8ff5fce57de9', 'username': 'silverlion996', 'password': 'boss', 'salt': '6QOSSBAv', 'md5': '963695b1e37d8b83bf23407018fdc2e5', 'sha1': '3c68f5325c3d6a46551769b83bffdf0dc8b6819a', 'sha256': 'cac24e9793e47bdc1cca4368ea32678174c455b6c9fbc2cf14f0edb6b62cdcea'}, 'dob': {'date': '1999-09-29T00:40:53.794Z', 'age': 24}, 'registered': {'date': '2008-10-10T18:18:01.757Z', 'age': 15}, 'phone': '78348963', 'cell': '99437300', 'id': {'name': 'FN', 'value': '29099906896'}, 'picture': {'large': 'https://randomuser.me/api/portraits/women/91.jpg', 'medium': 'https://randomuser.me/api/portraits/med/women/91.jpg', 'thumbnail': 'https://randomuser.me/api/portraits/thumb/women/91.jpg'}, 'nat': 'NO'}</msg>
<arg>${json_data['results'][0]}</arg>
<doc>Logs the given message with the given level.</doc>
<status status="PASS" start="2024-08-09T18:20:44.821502" elapsed="0.000408"/>
</kw>
<kw name="Log" owner="BuiltIn">
<msg time="2024-08-09T18:20:44.822333" level="INFO">gender</msg>
<arg>${key}</arg>
<doc>Logs the given message with the given level.</doc>
<status status="PASS" start="2024-08-09T18:20:44.822205" elapsed="0.000167"/>
</kw>
<var name="${key}">gender</var>
<status status="PASS" start="2024-08-09T18:20:44.820779" elapsed="0.001812"/>
</iter>
<iter>
<kw name="Dictionary Should Contain Key" owner="Collections">
<arg>${json_data['results'][0]}</arg>
<arg>${key}</arg>
<doc>Fails if ``key`` is not found from ``dictionary``.</doc>
<status status="PASS" start="2024-08-09T18:20:44.822895" elapsed="0.000394"/>
</kw>
<kw name="Log" owner="BuiltIn">
<msg time="2024-08-09T18:20:44.823833" level="INFO">{'gender': 'female', 'name': {'title': 'Mrs', 'first': 'Edda', 'last': 'Tjøsvoll'}, 'location': {'street': {'number': 5674, 'name': 'Bogerudslyngen'}, 'city': 'Fillan', 'state': 'Vest-Agder', 'country': 'Norway', 'postcode': '1629', 'coordinates': {'latitude': '41.8179', 'longitude': '63.8300'}, 'timezone': {'offset': '+9:00', 'description': 'Tokyo, Seoul, Osaka, Sapporo, Yakutsk'}}, 'email': 'edda.tjosvoll@example.com', 'login': {'uuid': '3d9e912f-0eba-4bb7-a52c-8ff5fce57de9', 'username': 'silverlion996', 'password': 'boss', 'salt': '6QOSSBAv', 'md5': '963695b1e37d8b83bf23407018fdc2e5', 'sha1': '3c68f5325c3d6a46551769b83bffdf0dc8b6819a', 'sha256': 'cac24e9793e47bdc1cca4368ea32678174c455b6c9fbc2cf14f0edb6b62cdcea'}, 'dob': {'date': '1999-09-29T00:40:53.794Z', 'age': 24}, 'registered': {'date': '2008-10-10T18:18:01.757Z', 'age': 15}, 'phone': '78348963', 'cell': '99437300', 'id': {'name': 'FN', 'value': '29099906896'}, 'picture': {'large': 'https://randomuser.me/api/portraits/women/91.jpg', 'medium': 'https://randomuser.me/api/portraits/med/women/91.jpg', 'thumbnail': 'https://randomuser.me/api/portraits/thumb/women/91.jpg'}, 'nat': 'NO'}</msg>
<arg>${json_data['results'][0]}</arg>
<doc>Logs the given message with the given level.</doc>
<status status="PASS" start="2024-08-09T18:20:44.823482" elapsed="0.000433"/>
</kw>
<kw name="Log" owner="BuiltIn">
<msg time="2024-08-09T18:20:44.824341" level="INFO">name</msg>
<arg>${key}</arg>
<doc>Logs the given message with the given level.</doc>
<status status="PASS" start="2024-08-09T18:20:44.824214" elapsed="0.000165"/>
</kw>
<var name="${key}">name</var>
<status status="PASS" start="2024-08-09T18:20:44.822779" elapsed="0.001818"/>
</iter>
<iter>
<kw name="Dictionary Should Contain Key" owner="Collections">
<arg>${json_data['results'][0]}</arg>
<arg>${key}</arg>
<doc>Fails if ``key`` is not found from ``dictionary``.</doc>
<status status="PASS" start="2024-08-09T18:20:44.824928" elapsed="0.000393"/>
</kw>
<kw name="Log" owner="BuiltIn">
<msg time="2024-08-09T18:20:44.825842" level="INFO">{'gender': 'female', 'name': {'title': 'Mrs', 'first': 'Edda', 'last': 'Tjøsvoll'}, 'location': {'street': {'number': 5674, 'name': 'Bogerudslyngen'}, 'city': 'Fillan', 'state': 'Vest-Agder', 'country': 'Norway', 'postcode': '1629', 'coordinates': {'latitude': '41.8179', 'longitude': '63.8300'}, 'timezone': {'offset': '+9:00', 'description': 'Tokyo, Seoul, Osaka, Sapporo, Yakutsk'}}, 'email': 'edda.tjosvoll@example.com', 'login': {'uuid': '3d9e912f-0eba-4bb7-a52c-8ff5fce57de9', 'username': 'silverlion996', 'password': 'boss', 'salt': '6QOSSBAv', 'md5': '963695b1e37d8b83bf23407018fdc2e5', 'sha1': '3c68f5325c3d6a46551769b83bffdf0dc8b6819a', 'sha256': 'cac24e9793e47bdc1cca4368ea32678174c455b6c9fbc2cf14f0edb6b62cdcea'}, 'dob': {'date': '1999-09-29T00:40:53.794Z', 'age': 24}, 'registered': {'date': '2008-10-10T18:18:01.757Z', 'age': 15}, 'phone': '78348963', 'cell': '99437300', 'id': {'name': 'FN', 'value': '29099906896'}, 'picture': {'large': 'https://randomuser.me/api/portraits/women/91.jpg', 'medium': 'https://randomuser.me/api/portraits/med/women/91.jpg', 'thumbnail': 'https://randomuser.me/api/portraits/thumb/women/91.jpg'}, 'nat': 'NO'}</msg>
<arg>${json_data['results'][0]}</arg>
<doc>Logs the given message with the given level.</doc>
<status status="PASS" start="2024-08-09T18:20:44.825500" elapsed="0.000391"/>
</kw>
<kw name="Log" owner="BuiltIn">
<msg time="2024-08-09T18:20:44.826331" level="INFO">location</msg>
<arg>${key}</arg>
<doc>Logs the given message with the given level.</doc>
<status status="PASS" start="2024-08-09T18:20:44.826193" elapsed="0.000175"/>
</kw>
<var name="${key}">location</var>
<status status="PASS" start="2024-08-09T18:20:44.824815" elapsed="0.001767"/>
</iter>
<iter>
<kw name="Dictionary Should Contain Key" owner="Collections">
<arg>${json_data['results'][0]}</arg>
<arg>${key}</arg>
<doc>Fails if ``key`` is not found from ``dictionary``.</doc>
<status status="PASS" start="2024-08-09T18:20:44.826858" elapsed="0.000381"/>
</kw>
<kw name="Log" owner="BuiltIn">
<msg time="2024-08-09T18:20:44.827895" level="INFO">{'gender': 'female', 'name': {'title': 'Mrs', 'first': 'Edda', 'last': 'Tjøsvoll'}, 'location': {'street': {'number': 5674, 'name': 'Bogerudslyngen'}, 'city': 'Fillan', 'state': 'Vest-Agder', 'country': 'Norway', 'postcode': '1629', 'coordinates': {'latitude': '41.8179', 'longitude': '63.8300'}, 'timezone': {'offset': '+9:00', 'description': 'Tokyo, Seoul, Osaka, Sapporo, Yakutsk'}}, 'email': 'edda.tjosvoll@example.com', 'login': {'uuid': '3d9e912f-0eba-4bb7-a52c-8ff5fce57de9', 'username': 'silverlion996', 'password': 'boss', 'salt': '6QOSSBAv', 'md5': '963695b1e37d8b83bf23407018fdc2e5', 'sha1': '3c68f5325c3d6a46551769b83bffdf0dc8b6819a', 'sha256': 'cac24e9793e47bdc1cca4368ea32678174c455b6c9fbc2cf14f0edb6b62cdcea'}, 'dob': {'date': '1999-09-29T00:40:53.794Z', 'age': 24}, 'registered': {'date': '2008-10-10T18:18:01.757Z', 'age': 15}, 'phone': '78348963', 'cell': '99437300', 'id': {'name': 'FN', 'value': '29099906896'}, 'picture': {'large': 'https://randomuser.me/api/portraits/women/91.jpg', 'medium': 'https://randomuser.me/api/portraits/med/women/91.jpg', 'thumbnail': 'https://randomuser.me/api/portraits/thumb/women/91.jpg'}, 'nat': 'NO'}</msg>
<arg>${json_data['results'][0]}</arg>
<doc>Logs the given message with the given level.</doc>
<status status="PASS" start="2024-08-09T18:20:44.827543" elapsed="0.000401"/>
</kw>
<kw name="Log" owner="BuiltIn">
<msg time="2024-08-09T18:20:44.828378" level="INFO">email</msg>
<arg>${key}</arg>
<doc>Logs the given message with the given level.</doc>
<status status="PASS" start="2024-08-09T18:20:44.828247" elapsed="0.000170"/>
</kw>
<var name="${key}">email</var>
<status status="PASS" start="2024-08-09T18:20:44.826751" elapsed="0.001880"/>
</iter>
<iter>
<kw name="Dictionary Should Contain Key" owner="Collections">
<arg>${json_data['results'][0]}</arg>
<arg>${key}</arg>
<doc>Fails if ``key`` is not found from ``dictionary``.</doc>
<status status="PASS" start="2024-08-09T18:20:44.828979" elapsed="0.000379"/>
</kw>
<kw name="Log" owner="BuiltIn">
<msg time="2024-08-09T18:20:44.829890" level="INFO">{'gender': 'female', 'name': {'title': 'Mrs', 'first': 'Edda', 'last': 'Tjøsvoll'}, 'location': {'street': {'number': 5674, 'name': 'Bogerudslyngen'}, 'city': 'Fillan', 'state': 'Vest-Agder', 'country': 'Norway', 'postcode': '1629', 'coordinates': {'latitude': '41.8179', 'longitude': '63.8300'}, 'timezone': {'offset': '+9:00', 'description': 'Tokyo, Seoul, Osaka, Sapporo, Yakutsk'}}, 'email': 'edda.tjosvoll@example.com', 'login': {'uuid': '3d9e912f-0eba-4bb7-a52c-8ff5fce57de9', 'username': 'silverlion996', 'password': 'boss', 'salt': '6QOSSBAv', 'md5': '963695b1e37d8b83bf23407018fdc2e5', 'sha1': '3c68f5325c3d6a46551769b83bffdf0dc8b6819a', 'sha256': 'cac24e9793e47bdc1cca4368ea32678174c455b6c9fbc2cf14f0edb6b62cdcea'}, 'dob': {'date': '1999-09-29T00:40:53.794Z', 'age': 24}, 'registered': {'date': '2008-10-10T18:18:01.757Z', 'age': 15}, 'phone': '78348963', 'cell': '99437300', 'id': {'name': 'FN', 'value': '29099906896'}, 'picture': {'large': 'https://randomuser.me/api/portraits/women/91.jpg', 'medium': 'https://randomuser.me/api/portraits/med/women/91.jpg', 'thumbnail': 'https://randomuser.me/api/portraits/thumb/women/91.jpg'}, 'nat': 'NO'}</msg>
<arg>${json_data['results'][0]}</arg>
<doc>Logs the given message with the given level.</doc>
<status status="PASS" start="2024-08-09T18:20:44.829538" elapsed="0.000401"/>
</kw>
<kw name="Log" owner="BuiltIn">
<msg time="2024-08-09T18:20:44.830370" level="INFO">login</msg>
<arg>${key}</arg>
<doc>Logs the given message with the given level.</doc>
<status status="PASS" start="2024-08-09T18:20:44.830235" elapsed="0.000173"/>
</kw>
<var name="${key}">login</var>
<status status="PASS" start="2024-08-09T18:20:44.828867" elapsed="0.001758"/>
</iter>
<var>${key}</var>
<value>@{expected_keys}</value>
<status status="PASS" start="2024-08-09T18:20:44.820547" elapsed="0.010199"/>
</for>
<kw name="Create List" owner="BuiltIn">
<msg time="2024-08-09T18:20:44.831074" level="INFO">${expected_keysTwo} = ['username', 'password']</msg>
<var>${expected_keysTwo}</var>
<arg>username</arg>
<arg>password</arg>
<doc>Returns a list containing given items.</doc>
<status status="PASS" start="2024-08-09T18:20:44.830938" elapsed="0.000189"/>
</kw>
<for flavor="IN">
<iter>
<kw name="Dictionary Should Contain Key" owner="Collections">
<arg>${json_data['results'][0]['login']}</arg>
<arg>${keyTwo}</arg>
<doc>Fails if ``key`` is not found from ``dictionary``.</doc>
<status status="PASS" start="2024-08-09T18:20:44.831645" elapsed="0.000388"/>
</kw>
<kw name="Dictionary Should Contain Key" owner="Collections">
<arg>${json_data['results'][0]['login']}</arg>
<arg>${keyTwo}</arg>
<doc>Fails if ``key`` is not found from ``dictionary``.</doc>
<status status="PASS" start="2024-08-09T18:20:44.832214" elapsed="0.000376"/>
</kw>
<kw name="Log" owner="BuiltIn">
<msg time="2024-08-09T18:20:44.832935" level="INFO">username</msg>
<arg>${keyTwo}</arg>
<doc>Logs the given message with the given level.</doc>
<status status="PASS" start="2024-08-09T18:20:44.832808" elapsed="0.000166"/>
</kw>
<var name="${keyTwo}">username</var>
<status status="PASS" start="2024-08-09T18:20:44.831538" elapsed="0.001665"/>
</iter>
<iter>
<kw name="Dictionary Should Contain Key" owner="Collections">
<arg>${json_data['results'][0]['login']}</arg>
<arg>${keyTwo}</arg>
<doc>Fails if ``key`` is not found from ``dictionary``.</doc>
<status status="PASS" start="2024-08-09T18:20:44.833489" elapsed="0.000387"/>
</kw>
<kw name="Dictionary Should Contain Key" owner="Collections">
<arg>${json_data['results'][0]['login']}</arg>
<arg>${keyTwo}</arg>
<doc>Fails if ``key`` is not found from ``dictionary``.</doc>
<status status="PASS" start="2024-08-09T18:20:44.834055" elapsed="0.000366"/>
</kw>
<kw name="Log" owner="BuiltIn">
<msg time="2024-08-09T18:20:44.834724" level="INFO">password</msg>
<arg>${keyTwo}</arg>
<doc>Logs the given message with the given level.</doc>
<status status="PASS" start="2024-08-09T18:20:44.834604" elapsed="0.000157"/>
</kw>
<var name="${keyTwo}">password</var>
<status status="PASS" start="2024-08-09T18:20:44.833373" elapsed="0.001608"/>
</iter>
<var>${keyTwo}</var>
<value>@{expected_keysTwo}</value>
<status status="PASS" start="2024-08-09T18:20:44.831374" elapsed="0.003726"/>
</for>
<status status="PASS" start="2024-08-09T18:20:44.745903" elapsed="0.089340"/>
</kw>
<doc>Testa a estrutura da resposta da API.</doc>
<tag>testeEstruturaResposta</tag>
<status status="PASS" start="2024-08-09T18:20:44.745374" elapsed="0.090042"/>
</test>
<test id="s1-s1-t4" name="Validar tipos de dados" line="28">
<kw name="Teste de Tipos de Dados" owner="random-user-service">
<kw name="GET On Session" owner="RequestsLibrary">
<msg time="2024-08-09T18:20:44.940277" level="INFO">GET Request : url=https://randomuser.me/api 
 path_url=/api 
 headers={'User-Agent': 'python-requests/2.32.3', 'Accept-Encoding': 'gzip, deflate', 'Accept': '*/*', 'Connection': 'keep-alive'} 
 body=None 
 </msg>
<msg time="2024-08-09T18:20:44.940384" level="INFO">GET Response : url=https://randomuser.me/api 
 status=200, reason=OK 
 headers={'Date': 'Fri, 09 Aug 2024 18:20:44 GMT', 'Content-Type': 'application/json; charset=utf-8', 'Transfer-Encoding': 'chunked', 'Connection': 'keep-alive', 'X-Powered-By': 'Express', 'Access-Control-Allow-Origin': '*', 'Cache-Control': 'no-cache', 'ETag': 'W/"489-kceqush2cFbatnMrie0fg+MQ2us"', 'Vary': 'Accept-Encoding', 'Content-Encoding': 'gzip', 'CF-Cache-Status': 'DYNAMIC', 'Report-To': '{"endpoints":[{"url":"https:\\/\\/a.nel.cloudflare.com\\/report\\/v4?s=mWVs%2BH7wzadnc%2FVVMt8HPY6n96BmvPBOHfEc4Ed4lK7aO8tJs09dMH78SM23eizBfLbcSnr3ZH%2FiC0mIYxi1oxJEUBm%2FBdNNKOv1%2Fw3A%2Bx36mqbx1raXdNz5QZis%2B1Mp"}],"group":"cf-nel","max_age":604800}', 'NEL': '{"success_fraction":0,"report_to":"cf-nel","max_age":604800}', 'Server': 'cloudflare', 'CF-RAY': '8b09c30c3bf429dc-ORD', 'alt-svc': 'h3=":443"; ma=86400'} 
 body={"results":[{"gender":"female","name":{"title":"Miss","first":"Ilona","last":"Jarvinen"},"location":{"street":{"number":7614,"name":"Suvantokatu"},"city":"Ristijärvi","state":"Southern Savonia","country":"Finland","postcode":99412,"coordinates":{"latitude":"-28.5721","longitude":"77.4774"},"timezone":{"offset":"+3:30","description":"Tehran"}},"email":"ilona.jarvinen@example.com","login":{"uuid":"6329cdbc-fbb3-419a-9b6a-597a548f6c7f","username":"purplefrog608","password":"gonavy","salt":"RQpgMOvT","md5":"575ed69e92f765da4f21ee58540759ca","sha1":"d172cac8d317e2f483c067fc1ac25a7a83fdab8a","sha256":"cf15076e2074a9108653473610151441c90bc0e4304715a1c7ec6939d88a8288"},"dob":{"date":"1971-11-17T19:32:51.451Z","age":52},"registered":{"date":"2015-11-22T01:21:56.288Z","age":8},"phone":"04-594-749","cell":"049-331-48-00","id":{"name":"HETU","value":"NaNNA600undefined"},"picture":{"large":"https://randomuser.me/api/portraits/women/33.jpg","medium":"https://randomuser.me/api/portraits/med/women/33.jpg","thumbnail":"https://randomuser.me/api/portraits/thumb/women/33.jpg"},"nat":"FI"}],"info":{"seed":"0081ce8bd481df1a","results":1,"page":1,"version":"1.4"}} 
 </msg>
<msg time="2024-08-09T18:20:44.940463" level="INFO">/opt/hostedtoolcache/Python/3.12.4/x64/lib/python3.12/site-packages/urllib3/connectionpool.py:1099: InsecureRequestWarning: Unverified HTTPS request is being made to host 'randomuser.me'. Adding certificate verification is strongly advised. See: https://urllib3.readthedocs.io/en/latest/advanced-usage.html#tls-warnings
  warnings.warn(</msg>
<msg time="2024-08-09T18:20:44.940608" level="INFO">${response} = &lt;Response [200]&gt;</msg>
<var>${response}</var>
<arg>consultarAPI</arg>
<arg>/api</arg>
<doc>Sends a GET request on a previously created HTTP Session.</doc>
<status status="PASS" start="2024-08-09T18:20:44.837943" elapsed="0.102707"/>
</kw>
<kw name="Set Variable" owner="BuiltIn">
<msg time="2024-08-09T18:20:44.941724" level="INFO">${json_data} = {'results': [{'gender': 'female', 'name': {'title': 'Miss', 'first': 'Ilona', 'last': 'Jarvinen'}, 'location': {'street': {'number': 7614, 'name': 'Suvantokatu'}, 'city': 'Ristijärvi', 'state': 'South...</msg>
<var>${json_data}</var>
<arg>${response.json()}</arg>
<doc>Returns the given values which can then be assigned to a variables.</doc>
<status status="PASS" start="2024-08-09T18:20:44.941191" elapsed="0.000563"/>
</kw>
<kw name="Log" owner="BuiltIn">
<msg time="2024-08-09T18:20:44.942225" level="INFO">{'results': [{'gender': 'female', 'name': {'title': 'Miss', 'first': 'Ilona', 'last': 'Jarvinen'}, 'location': {'street': {'number': 7614, 'name': 'Suvantokatu'}, 'city': 'Ristijärvi', 'state': 'Southern Savonia', 'country': 'Finland', 'postcode': 99412, 'coordinates': {'latitude': '-28.5721', 'longitude': '77.4774'}, 'timezone': {'offset': '+3:30', 'description': 'Tehran'}}, 'email': 'ilona.jarvinen@example.com', 'login': {'uuid': '6329cdbc-fbb3-419a-9b6a-597a548f6c7f', 'username': 'purplefrog608', 'password': 'gonavy', 'salt': 'RQpgMOvT', 'md5': '575ed69e92f765da4f21ee58540759ca', 'sha1': 'd172cac8d317e2f483c067fc1ac25a7a83fdab8a', 'sha256': 'cf15076e2074a9108653473610151441c90bc0e4304715a1c7ec6939d88a8288'}, 'dob': {'date': '1971-11-17T19:32:51.451Z', 'age': 52}, 'registered': {'date': '2015-11-22T01:21:56.288Z', 'age': 8}, 'phone': '04-594-749', 'cell': '049-331-48-00', 'id': {'name': 'HETU', 'value': 'NaNNA600undefined'}, 'picture': {'large': 'https://randomuser.me/api/portraits/women/33.jpg', 'medium': 'https://randomuser.me/api/portraits/med/women/33.jpg', 'thumbnail': 'https://randomuser.me/api/portraits/thumb/women/33.jpg'}, 'nat': 'FI'}], 'info': {'seed': '0081ce8bd481df1a', 'results': 1, 'page': 1, 'version': '1.4'}}</msg>
<arg>${json_data}</arg>
<doc>Logs the given message with the given level.</doc>
<status status="PASS" start="2024-08-09T18:20:44.942063" elapsed="0.000229"/>
</kw>
<kw name="Should Be String" owner="String">
<arg>${json_data['results'][0]['gender']}</arg>
<doc>Fails if the given ``item`` is not a string.</doc>
<status status="PASS" start="2024-08-09T18:20:44.942594" elapsed="0.000368"/>
</kw>
<kw name="Should Match Regexp" owner="BuiltIn">
<arg>${json_data['results'][0]['email']}</arg>
<arg>^[a-zA-Z0-9._%+-]+@[a-zA-Z0-9.-]+\.[a-zA-Z]{2,}$</arg>
<doc>Fails if ``string`` does not match ``pattern`` as a regular expression.</doc>
<status status="PASS" start="2024-08-09T18:20:44.943160" elapsed="0.000525"/>
</kw>
<kw name="Should Match Regexp" owner="BuiltIn">
<arg>${json_data['results'][0]['dob']['date']}</arg>
<arg>\\d{4}-\\d{2}-\\d{2}T\\d{2}:\\d{2}:\\d{2}\\.\\d{3}Z</arg>
<doc>Fails if ``string`` does not match ``pattern`` as a regular expression.</doc>
<status status="PASS" start="2024-08-09T18:20:44.943924" elapsed="0.000652"/>
</kw>
<kw name="Should Match Regexp" owner="BuiltIn">
<arg>${json_data['results'][0]['registered']['date']}</arg>
<arg>\\d{4}-\\d{2}-\\d{2}T\\d{2}:\\d{2}:\\d{2}\\.\\d{3}Z</arg>
<doc>Fails if ``string`` does not match ``pattern`` as a regular expression.</doc>
<status status="PASS" start="2024-08-09T18:20:44.944821" elapsed="0.000394"/>
</kw>
<kw name="Should Match Regexp" owner="BuiltIn">
<arg>${json_data['results'][0]['picture']['large']}</arg>
<arg>^https?://.*\.(?:png|jpe?g|gif|bmp)$</arg>
<doc>Fails if ``string`` does not match ``pattern`` as a regular expression.</doc>
<status status="PASS" start="2024-08-09T18:20:44.945404" elapsed="0.000468"/>
</kw>
<kw name="Should Match Regexp" owner="BuiltIn">
<arg>${json_data['results'][0]['picture']['medium']}</arg>
<arg>^https?://.*\.(?:png|jpe?g|gif|bmp)$</arg>
<doc>Fails if ``string`` does not match ``pattern`` as a regular expression.</doc>
<status status="PASS" start="2024-08-09T18:20:44.946064" elapsed="0.000363"/>
</kw>
<kw name="Should Match Regexp" owner="BuiltIn">
<arg>${json_data['results'][0]['picture']['thumbnail']}</arg>
<arg>^https?://.*\.(?:png|jpe?g|gif|bmp)$</arg>
<doc>Fails if ``string`` does not match ``pattern`` as a regular expression.</doc>
<status status="PASS" start="2024-08-09T18:20:44.946615" elapsed="0.000351"/>
</kw>
<kw name="Log" owner="BuiltIn">
<msg time="2024-08-09T18:20:44.947465" level="INFO">{'large': 'https://randomuser.me/api/portraits/women/33.jpg', 'medium': 'https://randomuser.me/api/portraits/med/women/33.jpg', 'thumbnail': 'https://randomuser.me/api/portraits/thumb/women/33.jpg'}</msg>
<arg>${json_data['results'][0]['picture']}</arg>
<doc>Logs the given message with the given level.</doc>
<status status="PASS" start="2024-08-09T18:20:44.947146" elapsed="0.000363"/>
</kw>
<status status="PASS" start="2024-08-09T18:20:44.837716" elapsed="0.110054"/>
</kw>
<kw name="Teste de Tipos de Dados - Postcode" owner="random-user-service">
<kw name="GET On Session" owner="RequestsLibrary">
<msg time="2024-08-09T18:20:45.013203" level="INFO">GET Request : url=https://randomuser.me/api 
 path_url=/api 
 headers={'User-Agent': 'python-requests/2.32.3', 'Accept-Encoding': 'gzip, deflate', 'Accept': '*/*', 'Connection': 'keep-alive'} 
 body=None 
 </msg>
<msg time="2024-08-09T18:20:45.013313" level="INFO">GET Response : url=https://randomuser.me/api 
 status=200, reason=OK 
 headers={'Date': 'Fri, 09 Aug 2024 18:20:45 GMT', 'Content-Type': 'application/json; charset=utf-8', 'Transfer-Encoding': 'chunked', 'Connection': 'keep-alive', 'X-Powered-By': 'Express', 'Access-Control-Allow-Origin': '*', 'Cache-Control': 'no-cache', 'ETag': 'W/"481-pbi8C6RBrGLB8D3ImWYal+fsGbE"', 'Vary': 'Accept-Encoding', 'Content-Encoding': 'gzip', 'CF-Cache-Status': 'DYNAMIC', 'Report-To': '{"endpoints":[{"url":"https:\\/\\/a.nel.cloudflare.com\\/report\\/v4?s=l7zd%2BKKXUmaxZ%2BGKXqsG%2FgZAXNl0HBaHur9SoJHRMBNdD16VrgmJQyrd7Duc%2FDN9ZG8Im77Jvk00yy6bIBmAW12OTp%2BEYIHCL8skf5zoNg%2Fr6BmsNzNI%2BS6iB2VADX7h"}],"group":"cf-nel","max_age":604800}', 'NEL': '{"success_fraction":0,"report_to":"cf-nel","max_age":604800}', 'Server': 'cloudflare', 'CF-RAY': '8b09c30cfcfc29dc-ORD', 'alt-svc': 'h3=":443"; ma=86400'} 
 body={"results":[{"gender":"male","name":{"title":"Mr","first":"Eemeli","last":"Remes"},"location":{"street":{"number":3553,"name":"Tehtaankatu"},"city":"Vieremä","state":"Kymenlaakso","country":"Finland","postcode":89299,"coordinates":{"latitude":"-28.9904","longitude":"-52.4327"},"timezone":{"offset":"-2:00","description":"Mid-Atlantic"}},"email":"eemeli.remes@example.com","login":{"uuid":"2c65ef3e-524b-43fb-9c51-b53a85d32c34","username":"goldenbutterfly735","password":"rooster","salt":"wisTn0Te","md5":"0a5bc3ebc600ca9a21a92467a4cc6804","sha1":"9db28176435f95c6401519139578dfbcad0a0367","sha256":"18838e3789efbaa8d36af7a1a0d240abef0bce215f552424069317324c747f09"},"dob":{"date":"1963-05-27T07:53:27.372Z","age":61},"registered":{"date":"2006-02-11T18:41:29.894Z","age":18},"phone":"06-382-172","cell":"042-096-81-08","id":{"name":"HETU","value":"NaNNA513undefined"},"picture":{"large":"https://randomuser.me/api/portraits/men/68.jpg","medium":"https://randomuser.me/api/portraits/med/men/68.jpg","thumbnail":"https://randomuser.me/api/portraits/thumb/men/68.jpg"},"nat":"FI"}],"info":{"seed":"ecedb4b08e9c3dc6","results":1,"page":1,"version":"1.4"}} 
 </msg>
<msg time="2024-08-09T18:20:45.013399" level="INFO">/opt/hostedtoolcache/Python/3.12.4/x64/lib/python3.12/site-packages/urllib3/connectionpool.py:1099: InsecureRequestWarning: Unverified HTTPS request is being made to host 'randomuser.me'. Adding certificate verification is strongly advised. See: https://urllib3.readthedocs.io/en/latest/advanced-usage.html#tls-warnings
  warnings.warn(</msg>
<msg time="2024-08-09T18:20:45.013558" level="INFO">${response} = &lt;Response [200]&gt;</msg>
<var>${response}</var>
<arg>consultarAPI</arg>
<arg>/api</arg>
<doc>Sends a GET request on a previously created HTTP Session.</doc>
<status status="PASS" start="2024-08-09T18:20:44.948242" elapsed="0.065367"/>
</kw>
<kw name="Set Variable" owner="BuiltIn">
<msg time="2024-08-09T18:20:45.014659" level="INFO">${json_data} = {'results': [{'gender': 'male', 'name': {'title': 'Mr', 'first': 'Eemeli', 'last': 'Remes'}, 'location': {'street': {'number': 3553, 'name': 'Tehtaankatu'}, 'city': 'Vieremä', 'state': 'Kymenlaakso', ...</msg>
<var>${json_data}</var>
<arg>${response.json()}</arg>
<doc>Returns the given values which can then be assigned to a variables.</doc>
<status status="PASS" start="2024-08-09T18:20:45.014134" elapsed="0.000555"/>
</kw>
<kw name="Log" owner="BuiltIn">
<msg time="2024-08-09T18:20:45.015155" level="INFO">{'results': [{'gender': 'male', 'name': {'title': 'Mr', 'first': 'Eemeli', 'last': 'Remes'}, 'location': {'street': {'number': 3553, 'name': 'Tehtaankatu'}, 'city': 'Vieremä', 'state': 'Kymenlaakso', 'country': 'Finland', 'postcode': 89299, 'coordinates': {'latitude': '-28.9904', 'longitude': '-52.4327'}, 'timezone': {'offset': '-2:00', 'description': 'Mid-Atlantic'}}, 'email': 'eemeli.remes@example.com', 'login': {'uuid': '2c65ef3e-524b-43fb-9c51-b53a85d32c34', 'username': 'goldenbutterfly735', 'password': 'rooster', 'salt': 'wisTn0Te', 'md5': '0a5bc3ebc600ca9a21a92467a4cc6804', 'sha1': '9db28176435f95c6401519139578dfbcad0a0367', 'sha256': '18838e3789efbaa8d36af7a1a0d240abef0bce215f552424069317324c747f09'}, 'dob': {'date': '1963-05-27T07:53:27.372Z', 'age': 61}, 'registered': {'date': '2006-02-11T18:41:29.894Z', 'age': 18}, 'phone': '06-382-172', 'cell': '042-096-81-08', 'id': {'name': 'HETU', 'value': 'NaNNA513undefined'}, 'picture': {'large': 'https://randomuser.me/api/portraits/men/68.jpg', 'medium': 'https://randomuser.me/api/portraits/med/men/68.jpg', 'thumbnail': 'https://randomuser.me/api/portraits/thumb/men/68.jpg'}, 'nat': 'FI'}], 'info': {'seed': 'ecedb4b08e9c3dc6', 'results': 1, 'page': 1, 'version': '1.4'}}</msg>
<arg>${json_data}</arg>
<doc>Logs the given message with the given level.</doc>
<status status="PASS" start="2024-08-09T18:20:45.014995" elapsed="0.000208"/>
</kw>
<kw name="Should Be Equal As Numbers" owner="BuiltIn">
<arg>${json_data['results'][0]['location']['postcode']}</arg>
<arg>${json_data['results'][0]['location']['postcode']}</arg>
<doc>Fails if objects are unequal after converting them to real numbers.</doc>
<status status="PASS" start="2024-08-09T18:20:45.015499" elapsed="0.000628"/>
</kw>
<kw name="Log" owner="BuiltIn">
<msg time="2024-08-09T18:20:45.016657" level="INFO">89299</msg>
<arg>${json_data['results'][0]['location']['postcode']}</arg>
<doc>Logs the given message with the given level.</doc>
<status status="PASS" start="2024-08-09T18:20:45.016317" elapsed="0.000420"/>
</kw>
<status status="PASS" start="2024-08-09T18:20:44.948006" elapsed="0.069039"/>
</kw>
<doc>Testa se os tipos de dados na resposta da API estão corretos.</doc>
<tag>testeTiposDados</tag>
<status status="PASS" start="2024-08-09T18:20:44.837245" elapsed="0.179980"/>
</test>
<test id="s1-s1-t5" name="Validar conteudo" line="35">
<kw name="Teste de Tipos de Conteudo" owner="random-user-service">
<kw name="GET On Session" owner="RequestsLibrary">
<msg time="2024-08-09T18:20:45.116111" level="INFO">GET Request : url=https://randomuser.me/api 
 path_url=/api 
 headers={'User-Agent': 'python-requests/2.32.3', 'Accept-Encoding': 'gzip, deflate', 'Accept': '*/*', 'Connection': 'keep-alive'} 
 body=None 
 </msg>
<msg time="2024-08-09T18:20:45.116227" level="INFO">GET Response : url=https://randomuser.me/api 
 status=200, reason=OK 
 headers={'Date': 'Fri, 09 Aug 2024 18:20:45 GMT', 'Content-Type': 'application/json; charset=utf-8', 'Transfer-Encoding': 'chunked', 'Connection': 'keep-alive', 'X-Powered-By': 'Express', 'Access-Control-Allow-Origin': '*', 'Cache-Control': 'no-cache', 'ETag': 'W/"49b-OZYugMrUuWlG9wYvuQVF6jJWAS8"', 'Vary': 'Accept-Encoding', 'Content-Encoding': 'gzip', 'CF-Cache-Status': 'DYNAMIC', 'Report-To': '{"endpoints":[{"url":"https:\\/\\/a.nel.cloudflare.com\\/report\\/v4?s=f2EomiHPnCGf3fxHlOcX6qs6JPFJsTJOy0nf2uAAp4Jqapbuq9juDZqDWvWYPqgyPiZO4sYOHpHGuKhdQ46PKSEbls%2BMx500dGSLOS1ElDUHd5Xo%2Bxo%2FPCBtUl44%2FyuZ"}],"group":"cf-nel","max_age":604800}', 'NEL': '{"success_fraction":0,"report_to":"cf-nel","max_age":604800}', 'Server': 'cloudflare', 'CF-RAY': '8b09c30d6daf29dc-ORD', 'alt-svc': 'h3=":443"; ma=86400'} 
 body={"results":[{"gender":"female","name":{"title":"Miss","first":"Magdalene","last":"Klatt"},"location":{"street":{"number":5021,"name":"Tulpenweg"},"city":"Sayda","state":"Bayern","country":"Germany","postcode":50134,"coordinates":{"latitude":"-51.2242","longitude":"53.6505"},"timezone":{"offset":"+11:00","description":"Magadan, Solomon Islands, New Caledonia"}},"email":"magdalene.klatt@example.com","login":{"uuid":"a74f8ec1-7249-4d5f-bbf7-f37122040866","username":"lazywolf270","password":"waterfal","salt":"iqIYu9mT","md5":"ef251b52e8c56f09b187afae9f352c3b","sha1":"9a0a0844554308e13f3e7706b7cd2e0d8ec27d6b","sha256":"197b8d5dde538b2281149332bbb30b449f806ed48b5779a2d9ad427a4d64c180"},"dob":{"date":"1971-12-30T20:03:44.431Z","age":52},"registered":{"date":"2003-07-20T23:07:03.703Z","age":21},"phone":"0102-0534928","cell":"0171-8833488","id":{"name":"SVNR","value":"50 301271 K 608"},"picture":{"large":"https://randomuser.me/api/portraits/women/17.jpg","medium":"https://randomuser.me/api/portraits/med/women/17.jpg","thumbnail":"https://randomuser.me/api/portraits/thumb/women/17.jpg"},"nat":"DE"}],"info":{"seed":"19c88a43597bdecc","results":1,"page":1,"version":"1.4"}} 
 </msg>
<msg time="2024-08-09T18:20:45.116311" level="INFO">/opt/hostedtoolcache/Python/3.12.4/x64/lib/python3.12/site-packages/urllib3/connectionpool.py:1099: InsecureRequestWarning: Unverified HTTPS request is being made to host 'randomuser.me'. Adding certificate verification is strongly advised. See: https://urllib3.readthedocs.io/en/latest/advanced-usage.html#tls-warnings
  warnings.warn(</msg>
<msg time="2024-08-09T18:20:45.116484" level="INFO">${response} = &lt;Response [200]&gt;</msg>
<var>${response}</var>
<arg>consultarAPI</arg>
<arg>/api</arg>
<doc>Sends a GET request on a previously created HTTP Session.</doc>
<status status="PASS" start="2024-08-09T18:20:45.019716" elapsed="0.096825"/>
</kw>
<kw name="Set Variable" owner="BuiltIn">
<msg time="2024-08-09T18:20:45.117686" level="INFO">${json_data} = {'results': [{'gender': 'female', 'name': {'title': 'Miss', 'first': 'Magdalene', 'last': 'Klatt'}, 'location': {'street': {'number': 5021, 'name': 'Tulpenweg'}, 'city': 'Sayda', 'state': 'Bayern', 'c...</msg>
<var>${json_data}</var>
<arg>${response.json()}</arg>
<doc>Returns the given values which can then be assigned to a variables.</doc>
<status status="PASS" start="2024-08-09T18:20:45.117133" elapsed="0.000585"/>
</kw>
<kw name="Set Variable" owner="BuiltIn">
<msg time="2024-08-09T18:20:45.118443" level="INFO">${name_title} = Miss</msg>
<var>${name_title}</var>
<arg>${json_data["results"][0]["name"]["title"]}</arg>
<doc>Returns the given values which can then be assigned to a variables.</doc>
<status status="PASS" start="2024-08-09T18:20:45.118041" elapsed="0.000429"/>
</kw>
<kw name="Create List" owner="BuiltIn">
<msg time="2024-08-09T18:20:45.118940" level="INFO">${allowed_titles} = ['Mr', 'Ms', 'Miss', 'Mrs', 'Madame', 'Monsieur']</msg>
<var>${allowed_titles}</var>
<arg>Mr</arg>
<arg>Ms</arg>
<arg>Miss</arg>
<arg>Mrs</arg>
<arg>Madame</arg>
<arg>Monsieur</arg>
<doc>Returns a list containing given items.</doc>
<status status="PASS" start="2024-08-09T18:20:45.118781" elapsed="0.000184"/>
</kw>
<kw name="List Should Contain Value" owner="Collections">
<arg>${allowed_titles}</arg>
<arg>${name_title}</arg>
<doc>Fails if the ``value`` is not found from ``list``.</doc>
<status status="PASS" start="2024-08-09T18:20:45.119275" elapsed="0.000188"/>
</kw>
<kw name="Set Variable" owner="BuiltIn">
<msg time="2024-08-09T18:20:45.120039" level="INFO">${name_country} = DE</msg>
<var>${name_country}</var>
<arg>${json_data["results"][0]["nat"]}</arg>
<doc>Returns the given values which can then be assigned to a variables.</doc>
<status status="PASS" start="2024-08-09T18:20:45.119656" elapsed="0.000410"/>
</kw>
<kw name="Create List" owner="BuiltIn">
<msg time="2024-08-09T18:20:45.121008" level="INFO">${list_country} = ['AD', 'AE', 'AF', 'AG', 'AI', 'AL', 'AM', 'AO', 'AQ', 'AR', 'AS', 'AT', 'AU', 'AW', 'AX', 'AZ', 'BA', 'BB', 'BD', 'BE', 'BF', 'BG', 'BH', 'BI', 'BJ', 'BL', 'BM', 'BN', 'BO', 'BQ', 'BR', 'BS', 'BT', '...</msg>
<var>${list_country}</var>
<arg>AD</arg>
<arg>AE</arg>
<arg>AF</arg>
<arg>AG</arg>
<arg>AI</arg>
<arg>AL</arg>
<arg>AM</arg>
<arg>AO</arg>
<arg>AQ</arg>
<arg>AR</arg>
<arg>AS</arg>
<arg>AT</arg>
<arg>AU</arg>
<arg>AW</arg>
<arg>AX</arg>
<arg>AZ</arg>
<arg>BA</arg>
<arg>BB</arg>
<arg>BD</arg>
<arg>BE</arg>
<arg>BF</arg>
<arg>BG</arg>
<arg>BH</arg>
<arg>BI</arg>
<arg>BJ</arg>
<arg>BL</arg>
<arg>BM</arg>
<arg>BN</arg>
<arg>BO</arg>
<arg>BQ</arg>
<arg>BR</arg>
<arg>BS</arg>
<arg>BT</arg>
<arg>BV</arg>
<arg>BW</arg>
<arg>BY</arg>
<arg>BZ</arg>
<arg>CA</arg>
<arg>CC</arg>
<arg>CD</arg>
<arg>CF</arg>
<arg>CG</arg>
<arg>CH</arg>
<arg>CI</arg>
<arg>CK</arg>
<arg>CL</arg>
<arg>CM</arg>
<arg>CN</arg>
<arg>CO</arg>
<arg>CR</arg>
<arg>CU</arg>
<arg>CV</arg>
<arg>CW</arg>
<arg>CX</arg>
<arg>CY</arg>
<arg>CZ</arg>
<arg>DE</arg>
<arg>DJ</arg>
<arg>DK</arg>
<arg>DM</arg>
<arg>DO</arg>
<arg>DZ</arg>
<arg>EC</arg>
<arg>EE</arg>
<arg>EG</arg>
<arg>EH</arg>
<arg>ER</arg>
<arg>ES</arg>
<arg>ET</arg>
<arg>FI</arg>
<arg>FJ</arg>
<arg>FK</arg>
<arg>FM</arg>
<arg>FO</arg>
<arg>FR</arg>
<arg>GA</arg>
<arg>GB</arg>
<arg>GD</arg>
<arg>GE</arg>
<arg>GF</arg>
<arg>GG</arg>
<arg>GH</arg>
<arg>GI</arg>
<arg>GL</arg>
<arg>GM</arg>
<arg>GN</arg>
<arg>GP</arg>
<arg>GQ</arg>
<arg>GR</arg>
<arg>GS</arg>
<arg>GT</arg>
<arg>GU</arg>
<arg>GW</arg>
<arg>GY</arg>
<arg>HK</arg>
<arg>HM</arg>
<arg>HN</arg>
<arg>HR</arg>
<arg>HT</arg>
<arg>HU</arg>
<arg>ID</arg>
<arg>IE</arg>
<arg>IL</arg>
<arg>IM</arg>
<arg>IN</arg>
<arg>IO</arg>
<arg>IQ</arg>
<arg>IR</arg>
<arg>IS</arg>
<arg>IT</arg>
<arg>JE</arg>
<arg>JM</arg>
<arg>JO</arg>
<arg>JP</arg>
<arg>KE</arg>
<arg>KG</arg>
<arg>KH</arg>
<arg>KI</arg>
<arg>KM</arg>
<arg>KN</arg>
<arg>KP</arg>
<arg>KR</arg>
<arg>KW</arg>
<arg>KY</arg>
<arg>KZ</arg>
<arg>LA</arg>
<arg>LB</arg>
<arg>LC</arg>
<arg>LI</arg>
<arg>LK</arg>
<arg>LR</arg>
<arg>LS</arg>
<arg>LT</arg>
<arg>LU</arg>
<arg>LV</arg>
<arg>LY</arg>
<arg>MA</arg>
<arg>MC</arg>
<arg>MD</arg>
<arg>ME</arg>
<arg>MF</arg>
<arg>MG</arg>
<arg>MH</arg>
<arg>MK</arg>
<arg>ML</arg>
<arg>MM</arg>
<arg>MN</arg>
<arg>MO</arg>
<arg>MP</arg>
<arg>MQ</arg>
<arg>MR</arg>
<arg>MS</arg>
<arg>MT</arg>
<arg>MU</arg>
<arg>MV</arg>
<arg>MW</arg>
<arg>MX</arg>
<arg>MY</arg>
<arg>MZ</arg>
<arg>NA</arg>
<arg>NC</arg>
<arg>NE</arg>
<arg>NF</arg>
<arg>NG</arg>
<arg>NI</arg>
<arg>NL</arg>
<arg>NO</arg>
<arg>NP</arg>
<arg>NR</arg>
<arg>NU</arg>
<arg>NZ</arg>
<arg>OM</arg>
<arg>PA</arg>
<arg>PE</arg>
<arg>PF</arg>
<arg>PG</arg>
<arg>PH</arg>
<arg>PK</arg>
<arg>PL</arg>
<arg>PM</arg>
<arg>PN</arg>
<arg>PR</arg>
<arg>PS</arg>
<arg>PT</arg>
<arg>PW</arg>
<arg>PY</arg>
<arg>QA</arg>
<arg>RE</arg>
<arg>RO</arg>
<arg>RS</arg>
<arg>RU</arg>
<arg>RW</arg>
<arg>SA</arg>
<arg>SB</arg>
<arg>SC</arg>
<arg>SD</arg>
<arg>SE</arg>
<arg>SG</arg>
<arg>SH</arg>
<arg>SI</arg>
<arg>SJ</arg>
<arg>SK</arg>
<arg>SL</arg>
<arg>SM</arg>
<arg>SN</arg>
<arg>SO</arg>
<arg>SR</arg>
<arg>SS</arg>
<arg>ST</arg>
<arg>SV</arg>
<arg>SX</arg>
<arg>SY</arg>
<arg>SZ</arg>
<arg>TC</arg>
<arg>TD</arg>
<arg>TF</arg>
<arg>TG</arg>
<arg>TH</arg>
<arg>TJ</arg>
<arg>TK</arg>
<arg>TL</arg>
<arg>TM</arg>
<arg>TN</arg>
<arg>TO</arg>
<arg>TR</arg>
<arg>TT</arg>
<arg>TV</arg>
<arg>TW</arg>
<arg>TZ</arg>
<arg>UA</arg>
<arg>UG</arg>
<arg>UM</arg>
<arg>US</arg>
<arg>UY</arg>
<arg>UZ</arg>
<arg>VA</arg>
<arg>VC</arg>
<arg>VE</arg>
<arg>VG</arg>
<arg>VI</arg>
<arg>VN</arg>
<arg>VU</arg>
<arg>WF</arg>
<arg>WS</arg>
<arg>XK</arg>
<arg>YE</arg>
<arg>YT</arg>
<arg>ZA</arg>
<arg>ZM</arg>
<arg>ZW</arg>
<doc>Returns a list containing given items.</doc>
<status status="PASS" start="2024-08-09T18:20:45.120367" elapsed="0.000669"/>
</kw>
<kw name="List Should Contain Value" owner="Collections">
<arg>${list_country}</arg>
<arg>${name_country}</arg>
<doc>Fails if the ``value`` is not found from ``list``.</doc>
<status status="PASS" start="2024-08-09T18:20:45.122050" elapsed="0.000229"/>
</kw>
<kw name="Run Keyword If" owner="BuiltIn">
<kw name="Should Be True" owner="BuiltIn">
<arg>${True}</arg>
<doc>Fails if the given condition is not true.</doc>
<status status="PASS" start="2024-08-09T18:20:45.123253" elapsed="0.000152"/>
</kw>
<arg>${json_data["results"][0]["location"]["coordinates"]["latitude"]} &gt;= -90 and ${json_data["results"][0]["location"]["coordinates"]["latitude"]} &lt;= 90</arg>
<arg>Should Be True</arg>
<arg>${True}</arg>
<doc>Runs the given keyword with the given arguments, if ``condition`` is true.</doc>
<status status="PASS" start="2024-08-09T18:20:45.122483" elapsed="0.001052"/>
</kw>
<kw name="Run Keyword If" owner="BuiltIn">
<kw name="Should Be True" owner="BuiltIn">
<arg>${True}</arg>
<doc>Fails if the given condition is not true.</doc>
<status status="PASS" start="2024-08-09T18:20:45.124444" elapsed="0.000139"/>
</kw>
<arg>${json_data["results"][0]["location"]["coordinates"]["longitude"]} &gt;= -180 and ${json_data["results"][0]["location"]["coordinates"]["longitude"]} &lt;= 180</arg>
<arg>Should Be True</arg>
<arg>${True}</arg>
<doc>Runs the given keyword with the given arguments, if ``condition`` is true.</doc>
<status status="PASS" start="2024-08-09T18:20:45.123728" elapsed="0.001027"/>
</kw>
<status status="PASS" start="2024-08-09T18:20:45.019486" elapsed="0.105421"/>
</kw>
<doc>Testa o conteúdo específico dos campos retornados pela API.</doc>
<tag>testeConteudo</tag>
<status status="PASS" start="2024-08-09T18:20:45.019007" elapsed="0.106062"/>
</test>
<status status="PASS" start="2024-08-09T18:20:44.268860" elapsed="0.858225"/>
</suite>
<status status="PASS" start="2024-08-09T18:20:44.254277" elapsed="0.878249"/>
</suite>
<statistics>
<total>
<stat pass="5" fail="0" skip="0">All Tests</stat>
</total>
<tag>
<stat pass="1" fail="0" skip="0">testeConteudo</stat>
<stat pass="1" fail="0" skip="0">testeEstruturaResposta</stat>
<stat pass="1" fail="0" skip="0">testeRequisicaoBasica</stat>
<stat pass="1" fail="0" skip="0">testeTiposDados</stat>
</tag>
<suite>
<stat pass="5" fail="0" skip="0" id="s1" name="Tests">Tests</stat>
<stat pass="5" fail="0" skip="0" id="s1-s1" name="Random-User-Test">Tests.Random-User-Test</stat>
</suite>
</statistics>
<errors>
</errors>
</robot>
