<?xml version="1.0" encoding="UTF-8"?>
<robot generator="Robot 7.0.1 (Python 3.12.4 on linux)" generated="2024-06-21T08:18:53.179424" rpa="false" schemaversion="5">
<suite id="s1" name="Tests" source="/home/runner/work/ApiRandomUser/ApiRandomUser/RamdonUser/tests">
<suite id="s1-s1" name="Random-User-Test" source="/home/runner/work/ApiRandomUser/ApiRandomUser/RamdonUser/tests/random-user-test.robot">
<test id="s1-s1-t1" name="Conectar" line="13">
<kw name="Conectar API" owner="random-user-service">
<kw name="Create Session" owner="RequestsLibrary">
<msg time="2024-06-21T08:18:53.598006" level="INFO">Creating Session using : alias=consultarAPI, url=https://randomuser.me/, headers={},                     cookies={}, auth=None, timeout=None, proxies=None, verify=False,                     debug=0 </msg>
<arg>consultarAPI</arg>
<arg>${URL}</arg>
<doc>Create Session: create a HTTP session to a server</doc>
<status status="PASS" start="2024-06-21T08:18:53.597808" elapsed="0.000365"/>
</kw>
<status status="PASS" start="2024-06-21T08:18:53.596818" elapsed="0.001710"/>
</kw>
<status status="PASS" start="2024-06-21T08:18:53.596208" elapsed="0.002507"/>
</test>
<test id="s1-s1-t2" name="Validar retorno 200 e JSON Válido" line="16">
<kw name="Teste de Requisicao Basica" owner="random-user-service">
<kw name="GET On Session" owner="RequestsLibrary">
<msg time="2024-06-21T08:18:53.673603" level="INFO">GET Request : url=https://randomuser.me/api 
 path_url=/api 
 headers={'User-Agent': 'python-requests/2.32.3', 'Accept-Encoding': 'gzip, deflate', 'Accept': '*/*', 'Connection': 'keep-alive'} 
 body=None 
 </msg>
<msg time="2024-06-21T08:18:53.673719" level="INFO">GET Response : url=https://randomuser.me/api 
 status=200, reason=OK 
 headers={'Date': 'Fri, 21 Jun 2024 08:18:53 GMT', 'Content-Type': 'application/json; charset=utf-8', 'Transfer-Encoding': 'chunked', 'Connection': 'keep-alive', 'X-Powered-By': 'Express', 'Access-Control-Allow-Origin': '*', 'Cache-Control': 'no-cache', 'ETag': 'W/"47e-izgADI1ST/ZKF9YzXqfZ8uAGCls"', 'Vary': 'Accept-Encoding', 'Content-Encoding': 'gzip', 'CF-Cache-Status': 'DYNAMIC', 'Report-To': '{"endpoints":[{"url":"https:\\/\\/a.nel.cloudflare.com\\/report\\/v4?s=m9EiGEJTYkNgb3UsdEOH9MdlnLVT%2FgK273tqCfen5x3oOzzvUl2vqk0bVCAxK0gfDCXzGiSMgJOZkXF1vnHcoyaBplPST1sM0ASahGYCE2mKGIJEXAMeb9IrHwrSjOY7"}],"group":"cf-nel","max_age":604800}', 'NEL': '{"success_fraction":0,"report_to":"cf-nel","max_age":604800}', 'Server': 'cloudflare', 'CF-RAY': '8972920d3ae1878b-IAD', 'alt-svc': 'h3=":443"; ma=86400'} 
 body={"results":[{"gender":"female","name":{"title":"Miss","first":"Alice","last":"Tremblay"},"location":{"street":{"number":9653,"name":"King St"},"city":"Hampstead","state":"New Brunswick","country":"Canada","postcode":"K6S 1Y4","coordinates":{"latitude":"-70.4375","longitude":"32.5315"},"timezone":{"offset":"+3:30","description":"Tehran"}},"email":"alice.tremblay@example.com","login":{"uuid":"1e09f864-3927-4600-9857-d73b811904f8","username":"heavyswan518","password":"experience","salt":"LiBzaagG","md5":"e2130e718d924c7acb3533d5ff48e4a9","sha1":"10326d7486c6054daa0b04a601f6bffa53b731c4","sha256":"d072fa528dd73628cce258dcbe273a06f8b7c59659a29d085fe621cb3cac7b0d"},"dob":{"date":"1957-10-30T14:33:13.923Z","age":66},"registered":{"date":"2016-09-16T05:37:37.149Z","age":7},"phone":"C06 A29-5236","cell":"D39 W92-1712","id":{"name":"SIN","value":"353940257"},"picture":{"large":"https://randomuser.me/api/portraits/women/51.jpg","medium":"https://randomuser.me/api/portraits/med/women/51.jpg","thumbnail":"https://randomuser.me/api/portraits/thumb/women/51.jpg"},"nat":"CA"}],"info":{"seed":"149e810ea1e50631","results":1,"page":1,"version":"1.4"}} 
 </msg>
<msg time="2024-06-21T08:18:53.673793" level="INFO">/opt/hostedtoolcache/Python/3.12.4/x64/lib/python3.12/site-packages/urllib3/connectionpool.py:1099: InsecureRequestWarning: Unverified HTTPS request is being made to host 'randomuser.me'. Adding certificate verification is strongly advised. See: https://urllib3.readthedocs.io/en/latest/advanced-usage.html#tls-warnings
  warnings.warn(</msg>
<msg time="2024-06-21T08:18:53.673932" level="INFO">${response} = &lt;Response [200]&gt;</msg>
<var>${response}</var>
<arg>consultarAPI</arg>
<arg>/api</arg>
<doc>Sends a GET request on a previously created HTTP Session.</doc>
<status status="PASS" start="2024-06-21T08:18:53.601478" elapsed="0.072499"/>
</kw>
<kw name="Should Be Equal As Numbers" owner="BuiltIn">
<msg time="2024-06-21T08:18:53.674831" level="INFO">Argument types are:
&lt;class 'int'&gt;
&lt;class 'str'&gt;</msg>
<arg>${response.status_code}</arg>
<arg>200</arg>
<doc>Fails if objects are unequal after converting them to real numbers.</doc>
<status status="PASS" start="2024-06-21T08:18:53.674402" elapsed="0.000494"/>
</kw>
<kw name="Log" owner="BuiltIn">
<msg time="2024-06-21T08:18:53.675591" level="INFO">200</msg>
<arg>${response.status_code}</arg>
<doc>Logs the given message with the given level.</doc>
<status status="PASS" start="2024-06-21T08:18:53.675243" elapsed="0.000389"/>
</kw>
<kw name="Set Variable" owner="BuiltIn">
<msg time="2024-06-21T08:18:53.676389" level="INFO">${json_data} = {'results': [{'gender': 'female', 'name': {'title': 'Miss', 'first': 'Alice', 'last': 'Tremblay'}, 'location': {'street': {'number': 9653, 'name': 'King St'}, 'city': 'Hampstead', 'state': 'New Brunsw...</msg>
<var>${json_data}</var>
<arg>${response.json()}</arg>
<doc>Returns the given values which can then be assigned to a variables.</doc>
<status status="PASS" start="2024-06-21T08:18:53.675944" elapsed="0.000472"/>
</kw>
<kw name="Dictionary Should Contain Key" owner="Collections">
<arg>${json_data}</arg>
<arg>results</arg>
<doc>Fails if ``key`` is not found from ``dictionary``.</doc>
<status status="PASS" start="2024-06-21T08:18:53.676715" elapsed="0.000165"/>
</kw>
<status status="PASS" start="2024-06-21T08:18:53.601240" elapsed="0.075783"/>
</kw>
<doc>Testa se a API responde corretamente e retorna um objeto JSON válido.</doc>
<tag>testeRequisicaoBasica</tag>
<status status="PASS" start="2024-06-21T08:18:53.600714" elapsed="0.076473"/>
</test>
<test id="s1-s1-t3" name="Validar estrutura de resposta" line="22">
<kw name="Teste de Estrutura de Resposta" owner="random-user-service">
<kw name="GET On Session" owner="RequestsLibrary">
<msg time="2024-06-21T08:18:54.715990" level="INFO">GET Request : url=https://randomuser.me/api 
 path_url=/api 
 headers={'User-Agent': 'python-requests/2.32.3', 'Accept-Encoding': 'gzip, deflate', 'Accept': '*/*', 'Connection': 'keep-alive'} 
 body=None 
 </msg>
<msg time="2024-06-21T08:18:54.716111" level="INFO">GET Response : url=https://randomuser.me/api 
 status=200, reason=OK 
 headers={'Date': 'Fri, 21 Jun 2024 08:18:54 GMT', 'Content-Type': 'application/json; charset=utf-8', 'Transfer-Encoding': 'chunked', 'Connection': 'keep-alive', 'X-Powered-By': 'Express', 'Access-Control-Allow-Origin': '*', 'Cache-Control': 'no-cache', 'ETag': 'W/"477-MnSeJzwpi+4LTJEiqzE7wGyyfTg"', 'Vary': 'Accept-Encoding', 'Content-Encoding': 'gzip', 'CF-Cache-Status': 'DYNAMIC', 'Report-To': '{"endpoints":[{"url":"https:\\/\\/a.nel.cloudflare.com\\/report\\/v4?s=BCso7jx4Oh8rwIQBYDGo3iZL3a1CJbrZRU1twd49P%2FqHko31XZkdTjrvSVlwnMO4VqlNNu1ARywXecvNe08zbJu1Aa%2FJ%2B%2B6Wmou%2FgDTCbXyAlCIz7CJY2UBA1E3kxh%2FY"}],"group":"cf-nel","max_age":604800}', 'NEL': '{"success_fraction":0,"report_to":"cf-nel","max_age":604800}', 'Server': 'cloudflare', 'CF-RAY': '8972920d8b30878b-IAD', 'alt-svc': 'h3=":443"; ma=86400'} 
 body={"results":[{"gender":"male","name":{"title":"Mr","first":"Trajano","last":"Alves"},"location":{"street":{"number":9714,"name":"Avenida da Legalidade"},"city":"Poá","state":"Goiás","country":"Brazil","postcode":16639,"coordinates":{"latitude":"-78.3016","longitude":"-111.3711"},"timezone":{"offset":"-10:00","description":"Hawaii"}},"email":"trajano.alves@example.com","login":{"uuid":"e01f0b51-1d8d-4b90-b9b7-4b00c0ec664c","username":"sadladybug353","password":"moritz","salt":"g2FZTLaT","md5":"9fc7ba4051a8b37d22f048560b34ddde","sha1":"1d7c5fc36ba6e315cb32fbc47636db7bee8ef7c7","sha256":"9dcdfa66956d4966f37de9659a356a9a77e9d3a76794f1415bd4fbf99644ec86"},"dob":{"date":"1987-03-20T02:58:16.724Z","age":37},"registered":{"date":"2002-09-01T09:04:53.686Z","age":21},"phone":"(70) 8744-2719","cell":"(85) 4203-1355","id":{"name":"CPF","value":"704.024.620-79"},"picture":{"large":"https://randomuser.me/api/portraits/men/5.jpg","medium":"https://randomuser.me/api/portraits/med/men/5.jpg","thumbnail":"https://randomuser.me/api/portraits/thumb/men/5.jpg"},"nat":"BR"}],"info":{"seed":"ff23ba19009a835c","results":1,"page":1,"version":"1.4"}} 
 </msg>
<msg time="2024-06-21T08:18:54.716271" level="INFO">/opt/hostedtoolcache/Python/3.12.4/x64/lib/python3.12/site-packages/urllib3/connectionpool.py:1099: InsecureRequestWarning: Unverified HTTPS request is being made to host 'randomuser.me'. Adding certificate verification is strongly advised. See: https://urllib3.readthedocs.io/en/latest/advanced-usage.html#tls-warnings
  warnings.warn(</msg>
<msg time="2024-06-21T08:18:54.716440" level="INFO">${response} = &lt;Response [200]&gt;</msg>
<var>${response}</var>
<arg>consultarAPI</arg>
<arg>/api</arg>
<doc>Sends a GET request on a previously created HTTP Session.</doc>
<status status="PASS" start="2024-06-21T08:18:53.679809" elapsed="1.036684"/>
</kw>
<kw name="Set Variable" owner="BuiltIn">
<msg time="2024-06-21T08:18:54.717598" level="INFO">${json_data} = {'results': [{'gender': 'male', 'name': {'title': 'Mr', 'first': 'Trajano', 'last': 'Alves'}, 'location': {'street': {'number': 9714, 'name': 'Avenida da Legalidade'}, 'city': 'Poá', 'state': 'Goiás',...</msg>
<var>${json_data}</var>
<arg>${response.json()}</arg>
<doc>Returns the given values which can then be assigned to a variables.</doc>
<status status="PASS" start="2024-06-21T08:18:54.717056" elapsed="0.000572"/>
</kw>
<kw name="Log" owner="BuiltIn">
<msg time="2024-06-21T08:18:54.718101" level="INFO">{'results': [{'gender': 'male', 'name': {'title': 'Mr', 'first': 'Trajano', 'last': 'Alves'}, 'location': {'street': {'number': 9714, 'name': 'Avenida da Legalidade'}, 'city': 'Poá', 'state': 'Goiás', 'country': 'Brazil', 'postcode': 16639, 'coordinates': {'latitude': '-78.3016', 'longitude': '-111.3711'}, 'timezone': {'offset': '-10:00', 'description': 'Hawaii'}}, 'email': 'trajano.alves@example.com', 'login': {'uuid': 'e01f0b51-1d8d-4b90-b9b7-4b00c0ec664c', 'username': 'sadladybug353', 'password': 'moritz', 'salt': 'g2FZTLaT', 'md5': '9fc7ba4051a8b37d22f048560b34ddde', 'sha1': '1d7c5fc36ba6e315cb32fbc47636db7bee8ef7c7', 'sha256': '9dcdfa66956d4966f37de9659a356a9a77e9d3a76794f1415bd4fbf99644ec86'}, 'dob': {'date': '1987-03-20T02:58:16.724Z', 'age': 37}, 'registered': {'date': '2002-09-01T09:04:53.686Z', 'age': 21}, 'phone': '(70) 8744-2719', 'cell': '(85) 4203-1355', 'id': {'name': 'CPF', 'value': '704.024.620-79'}, 'picture': {'large': 'https://randomuser.me/api/portraits/men/5.jpg', 'medium': 'https://randomuser.me/api/portraits/med/men/5.jpg', 'thumbnail': 'https://randomuser.me/api/portraits/thumb/men/5.jpg'}, 'nat': 'BR'}], 'info': {'seed': 'ff23ba19009a835c', 'results': 1, 'page': 1, 'version': '1.4'}}</msg>
<arg>${json_data}</arg>
<doc>Logs the given message with the given level.</doc>
<status status="PASS" start="2024-06-21T08:18:54.717938" elapsed="0.000217"/>
</kw>
<kw name="Dictionary Should Contain Key" owner="Collections">
<arg>${json_data}</arg>
<arg>results</arg>
<doc>Fails if ``key`` is not found from ``dictionary``.</doc>
<status status="PASS" start="2024-06-21T08:18:54.718448" elapsed="0.000157"/>
</kw>
<kw name="Should Not Be Empty" owner="BuiltIn">
<msg time="2024-06-21T08:18:54.718922" level="INFO">Length is 2.</msg>
<arg>${json_data}</arg>
<doc>Verifies that the given item is not empty.</doc>
<status status="PASS" start="2024-06-21T08:18:54.718802" elapsed="0.000162"/>
</kw>
<kw name="Create List" owner="BuiltIn">
<msg time="2024-06-21T08:18:54.719448" level="INFO">${expected_keys} = ['gender', 'name', 'location', 'email', 'login']</msg>
<var>${expected_keys}</var>
<arg>gender</arg>
<arg>name</arg>
<arg>location</arg>
<arg>email</arg>
<arg>login</arg>
<doc>Returns a list containing given items.</doc>
<status status="PASS" start="2024-06-21T08:18:54.719301" elapsed="0.000170"/>
</kw>
<for flavor="IN">
<iter>
<kw name="Dictionary Should Contain Key" owner="Collections">
<arg>${json_data['results'][0]}</arg>
<arg>${key}</arg>
<doc>Fails if ``key`` is not found from ``dictionary``.</doc>
<status status="PASS" start="2024-06-21T08:18:54.720215" elapsed="0.000399"/>
</kw>
<kw name="Log" owner="BuiltIn">
<msg time="2024-06-21T08:18:54.721156" level="INFO">{'gender': 'male', 'name': {'title': 'Mr', 'first': 'Trajano', 'last': 'Alves'}, 'location': {'street': {'number': 9714, 'name': 'Avenida da Legalidade'}, 'city': 'Poá', 'state': 'Goiás', 'country': 'Brazil', 'postcode': 16639, 'coordinates': {'latitude': '-78.3016', 'longitude': '-111.3711'}, 'timezone': {'offset': '-10:00', 'description': 'Hawaii'}}, 'email': 'trajano.alves@example.com', 'login': {'uuid': 'e01f0b51-1d8d-4b90-b9b7-4b00c0ec664c', 'username': 'sadladybug353', 'password': 'moritz', 'salt': 'g2FZTLaT', 'md5': '9fc7ba4051a8b37d22f048560b34ddde', 'sha1': '1d7c5fc36ba6e315cb32fbc47636db7bee8ef7c7', 'sha256': '9dcdfa66956d4966f37de9659a356a9a77e9d3a76794f1415bd4fbf99644ec86'}, 'dob': {'date': '1987-03-20T02:58:16.724Z', 'age': 37}, 'registered': {'date': '2002-09-01T09:04:53.686Z', 'age': 21}, 'phone': '(70) 8744-2719', 'cell': '(85) 4203-1355', 'id': {'name': 'CPF', 'value': '704.024.620-79'}, 'picture': {'large': 'https://randomuser.me/api/portraits/men/5.jpg', 'medium': 'https://randomuser.me/api/portraits/med/men/5.jpg', 'thumbnail': 'https://randomuser.me/api/portraits/thumb/men/5.jpg'}, 'nat': 'BR'}</msg>
<arg>${json_data['results'][0]}</arg>
<doc>Logs the given message with the given level.</doc>
<status status="PASS" start="2024-06-21T08:18:54.720797" elapsed="0.000408"/>
</kw>
<kw name="Log" owner="BuiltIn">
<msg time="2024-06-21T08:18:54.721628" level="INFO">gender</msg>
<arg>${key}</arg>
<doc>Logs the given message with the given level.</doc>
<status status="PASS" start="2024-06-21T08:18:54.721501" elapsed="0.000163"/>
</kw>
<var name="${key}">gender</var>
<status status="PASS" start="2024-06-21T08:18:54.720087" elapsed="0.001789"/>
</iter>
<iter>
<kw name="Dictionary Should Contain Key" owner="Collections">
<arg>${json_data['results'][0]}</arg>
<arg>${key}</arg>
<doc>Fails if ``key`` is not found from ``dictionary``.</doc>
<status status="PASS" start="2024-06-21T08:18:54.722168" elapsed="0.000378"/>
</kw>
<kw name="Log" owner="BuiltIn">
<msg time="2024-06-21T08:18:54.723086" level="INFO">{'gender': 'male', 'name': {'title': 'Mr', 'first': 'Trajano', 'last': 'Alves'}, 'location': {'street': {'number': 9714, 'name': 'Avenida da Legalidade'}, 'city': 'Poá', 'state': 'Goiás', 'country': 'Brazil', 'postcode': 16639, 'coordinates': {'latitude': '-78.3016', 'longitude': '-111.3711'}, 'timezone': {'offset': '-10:00', 'description': 'Hawaii'}}, 'email': 'trajano.alves@example.com', 'login': {'uuid': 'e01f0b51-1d8d-4b90-b9b7-4b00c0ec664c', 'username': 'sadladybug353', 'password': 'moritz', 'salt': 'g2FZTLaT', 'md5': '9fc7ba4051a8b37d22f048560b34ddde', 'sha1': '1d7c5fc36ba6e315cb32fbc47636db7bee8ef7c7', 'sha256': '9dcdfa66956d4966f37de9659a356a9a77e9d3a76794f1415bd4fbf99644ec86'}, 'dob': {'date': '1987-03-20T02:58:16.724Z', 'age': 37}, 'registered': {'date': '2002-09-01T09:04:53.686Z', 'age': 21}, 'phone': '(70) 8744-2719', 'cell': '(85) 4203-1355', 'id': {'name': 'CPF', 'value': '704.024.620-79'}, 'picture': {'large': 'https://randomuser.me/api/portraits/men/5.jpg', 'medium': 'https://randomuser.me/api/portraits/med/men/5.jpg', 'thumbnail': 'https://randomuser.me/api/portraits/thumb/men/5.jpg'}, 'nat': 'BR'}</msg>
<arg>${json_data['results'][0]}</arg>
<doc>Logs the given message with the given level.</doc>
<status status="PASS" start="2024-06-21T08:18:54.722731" elapsed="0.000464"/>
</kw>
<kw name="Log" owner="BuiltIn">
<msg time="2024-06-21T08:18:54.723618" level="INFO">name</msg>
<arg>${key}</arg>
<doc>Logs the given message with the given level.</doc>
<status status="PASS" start="2024-06-21T08:18:54.723494" elapsed="0.000171"/>
</kw>
<var name="${key}">name</var>
<status status="PASS" start="2024-06-21T08:18:54.722057" elapsed="0.001820"/>
</iter>
<iter>
<kw name="Dictionary Should Contain Key" owner="Collections">
<arg>${json_data['results'][0]}</arg>
<arg>${key}</arg>
<doc>Fails if ``key`` is not found from ``dictionary``.</doc>
<status status="PASS" start="2024-06-21T08:18:54.724152" elapsed="0.000377"/>
</kw>
<kw name="Log" owner="BuiltIn">
<msg time="2024-06-21T08:18:54.725073" level="INFO">{'gender': 'male', 'name': {'title': 'Mr', 'first': 'Trajano', 'last': 'Alves'}, 'location': {'street': {'number': 9714, 'name': 'Avenida da Legalidade'}, 'city': 'Poá', 'state': 'Goiás', 'country': 'Brazil', 'postcode': 16639, 'coordinates': {'latitude': '-78.3016', 'longitude': '-111.3711'}, 'timezone': {'offset': '-10:00', 'description': 'Hawaii'}}, 'email': 'trajano.alves@example.com', 'login': {'uuid': 'e01f0b51-1d8d-4b90-b9b7-4b00c0ec664c', 'username': 'sadladybug353', 'password': 'moritz', 'salt': 'g2FZTLaT', 'md5': '9fc7ba4051a8b37d22f048560b34ddde', 'sha1': '1d7c5fc36ba6e315cb32fbc47636db7bee8ef7c7', 'sha256': '9dcdfa66956d4966f37de9659a356a9a77e9d3a76794f1415bd4fbf99644ec86'}, 'dob': {'date': '1987-03-20T02:58:16.724Z', 'age': 37}, 'registered': {'date': '2002-09-01T09:04:53.686Z', 'age': 21}, 'phone': '(70) 8744-2719', 'cell': '(85) 4203-1355', 'id': {'name': 'CPF', 'value': '704.024.620-79'}, 'picture': {'large': 'https://randomuser.me/api/portraits/men/5.jpg', 'medium': 'https://randomuser.me/api/portraits/med/men/5.jpg', 'thumbnail': 'https://randomuser.me/api/portraits/thumb/men/5.jpg'}, 'nat': 'BR'}</msg>
<arg>${json_data['results'][0]}</arg>
<doc>Logs the given message with the given level.</doc>
<status status="PASS" start="2024-06-21T08:18:54.724710" elapsed="0.000413"/>
</kw>
<kw name="Log" owner="BuiltIn">
<msg time="2024-06-21T08:18:54.725545" level="INFO">location</msg>
<arg>${key}</arg>
<doc>Logs the given message with the given level.</doc>
<status status="PASS" start="2024-06-21T08:18:54.725420" elapsed="0.000161"/>
</kw>
<var name="${key}">location</var>
<status status="PASS" start="2024-06-21T08:18:54.724048" elapsed="0.001745"/>
</iter>
<iter>
<kw name="Dictionary Should Contain Key" owner="Collections">
<arg>${json_data['results'][0]}</arg>
<arg>${key}</arg>
<doc>Fails if ``key`` is not found from ``dictionary``.</doc>
<status status="PASS" start="2024-06-21T08:18:54.726066" elapsed="0.000375"/>
</kw>
<kw name="Log" owner="BuiltIn">
<msg time="2024-06-21T08:18:54.726981" level="INFO">{'gender': 'male', 'name': {'title': 'Mr', 'first': 'Trajano', 'last': 'Alves'}, 'location': {'street': {'number': 9714, 'name': 'Avenida da Legalidade'}, 'city': 'Poá', 'state': 'Goiás', 'country': 'Brazil', 'postcode': 16639, 'coordinates': {'latitude': '-78.3016', 'longitude': '-111.3711'}, 'timezone': {'offset': '-10:00', 'description': 'Hawaii'}}, 'email': 'trajano.alves@example.com', 'login': {'uuid': 'e01f0b51-1d8d-4b90-b9b7-4b00c0ec664c', 'username': 'sadladybug353', 'password': 'moritz', 'salt': 'g2FZTLaT', 'md5': '9fc7ba4051a8b37d22f048560b34ddde', 'sha1': '1d7c5fc36ba6e315cb32fbc47636db7bee8ef7c7', 'sha256': '9dcdfa66956d4966f37de9659a356a9a77e9d3a76794f1415bd4fbf99644ec86'}, 'dob': {'date': '1987-03-20T02:58:16.724Z', 'age': 37}, 'registered': {'date': '2002-09-01T09:04:53.686Z', 'age': 21}, 'phone': '(70) 8744-2719', 'cell': '(85) 4203-1355', 'id': {'name': 'CPF', 'value': '704.024.620-79'}, 'picture': {'large': 'https://randomuser.me/api/portraits/men/5.jpg', 'medium': 'https://randomuser.me/api/portraits/med/men/5.jpg', 'thumbnail': 'https://randomuser.me/api/portraits/thumb/men/5.jpg'}, 'nat': 'BR'}</msg>
<arg>${json_data['results'][0]}</arg>
<doc>Logs the given message with the given level.</doc>
<status status="PASS" start="2024-06-21T08:18:54.726626" elapsed="0.000406"/>
</kw>
<kw name="Log" owner="BuiltIn">
<msg time="2024-06-21T08:18:54.727481" level="INFO">email</msg>
<arg>${key}</arg>
<doc>Logs the given message with the given level.</doc>
<status status="PASS" start="2024-06-21T08:18:54.727355" elapsed="0.000163"/>
</kw>
<var name="${key}">email</var>
<status status="PASS" start="2024-06-21T08:18:54.725960" elapsed="0.001769"/>
</iter>
<iter>
<kw name="Dictionary Should Contain Key" owner="Collections">
<arg>${json_data['results'][0]}</arg>
<arg>${key}</arg>
<doc>Fails if ``key`` is not found from ``dictionary``.</doc>
<status status="PASS" start="2024-06-21T08:18:54.728005" elapsed="0.000388"/>
</kw>
<kw name="Log" owner="BuiltIn">
<msg time="2024-06-21T08:18:54.728923" level="INFO">{'gender': 'male', 'name': {'title': 'Mr', 'first': 'Trajano', 'last': 'Alves'}, 'location': {'street': {'number': 9714, 'name': 'Avenida da Legalidade'}, 'city': 'Poá', 'state': 'Goiás', 'country': 'Brazil', 'postcode': 16639, 'coordinates': {'latitude': '-78.3016', 'longitude': '-111.3711'}, 'timezone': {'offset': '-10:00', 'description': 'Hawaii'}}, 'email': 'trajano.alves@example.com', 'login': {'uuid': 'e01f0b51-1d8d-4b90-b9b7-4b00c0ec664c', 'username': 'sadladybug353', 'password': 'moritz', 'salt': 'g2FZTLaT', 'md5': '9fc7ba4051a8b37d22f048560b34ddde', 'sha1': '1d7c5fc36ba6e315cb32fbc47636db7bee8ef7c7', 'sha256': '9dcdfa66956d4966f37de9659a356a9a77e9d3a76794f1415bd4fbf99644ec86'}, 'dob': {'date': '1987-03-20T02:58:16.724Z', 'age': 37}, 'registered': {'date': '2002-09-01T09:04:53.686Z', 'age': 21}, 'phone': '(70) 8744-2719', 'cell': '(85) 4203-1355', 'id': {'name': 'CPF', 'value': '704.024.620-79'}, 'picture': {'large': 'https://randomuser.me/api/portraits/men/5.jpg', 'medium': 'https://randomuser.me/api/portraits/med/men/5.jpg', 'thumbnail': 'https://randomuser.me/api/portraits/thumb/men/5.jpg'}, 'nat': 'BR'}</msg>
<arg>${json_data['results'][0]}</arg>
<doc>Logs the given message with the given level.</doc>
<status status="PASS" start="2024-06-21T08:18:54.728573" elapsed="0.000407"/>
</kw>
<kw name="Log" owner="BuiltIn">
<msg time="2024-06-21T08:18:54.729404" level="INFO">login</msg>
<arg>${key}</arg>
<doc>Logs the given message with the given level.</doc>
<status status="PASS" start="2024-06-21T08:18:54.729275" elapsed="0.000166"/>
</kw>
<var name="${key}">login</var>
<status status="PASS" start="2024-06-21T08:18:54.727898" elapsed="0.001754"/>
</iter>
<var>${key}</var>
<value>@{expected_keys}</value>
<status status="PASS" start="2024-06-21T08:18:54.719892" elapsed="0.009877"/>
</for>
<kw name="Create List" owner="BuiltIn">
<msg time="2024-06-21T08:18:54.730086" level="INFO">${expected_keysTwo} = ['username', 'password']</msg>
<var>${expected_keysTwo}</var>
<arg>username</arg>
<arg>password</arg>
<doc>Returns a list containing given items.</doc>
<status status="PASS" start="2024-06-21T08:18:54.729953" elapsed="0.000157"/>
</kw>
<for flavor="IN">
<iter>
<kw name="Dictionary Should Contain Key" owner="Collections">
<arg>${json_data['results'][0]['login']}</arg>
<arg>${keyTwo}</arg>
<doc>Fails if ``key`` is not found from ``dictionary``.</doc>
<status status="PASS" start="2024-06-21T08:18:54.730627" elapsed="0.000389"/>
</kw>
<kw name="Dictionary Should Contain Key" owner="Collections">
<arg>${json_data['results'][0]['login']}</arg>
<arg>${keyTwo}</arg>
<doc>Fails if ``key`` is not found from ``dictionary``.</doc>
<status status="PASS" start="2024-06-21T08:18:54.731218" elapsed="0.000377"/>
</kw>
<kw name="Log" owner="BuiltIn">
<msg time="2024-06-21T08:18:54.731895" level="INFO">username</msg>
<arg>${keyTwo}</arg>
<doc>Logs the given message with the given level.</doc>
<status status="PASS" start="2024-06-21T08:18:54.731774" elapsed="0.000159"/>
</kw>
<var name="${keyTwo}">username</var>
<status status="PASS" start="2024-06-21T08:18:54.730519" elapsed="0.001629"/>
</iter>
<iter>
<kw name="Dictionary Should Contain Key" owner="Collections">
<arg>${json_data['results'][0]['login']}</arg>
<arg>${keyTwo}</arg>
<doc>Fails if ``key`` is not found from ``dictionary``.</doc>
<status status="PASS" start="2024-06-21T08:18:54.732420" elapsed="0.000381"/>
</kw>
<kw name="Dictionary Should Contain Key" owner="Collections">
<arg>${json_data['results'][0]['login']}</arg>
<arg>${keyTwo}</arg>
<doc>Fails if ``key`` is not found from ``dictionary``.</doc>
<status status="PASS" start="2024-06-21T08:18:54.732978" elapsed="0.000368"/>
</kw>
<kw name="Log" owner="BuiltIn">
<msg time="2024-06-21T08:18:54.733646" level="INFO">password</msg>
<arg>${keyTwo}</arg>
<doc>Logs the given message with the given level.</doc>
<status status="PASS" start="2024-06-21T08:18:54.733525" elapsed="0.000157"/>
</kw>
<var name="${keyTwo}">password</var>
<status status="PASS" start="2024-06-21T08:18:54.732316" elapsed="0.001585"/>
</iter>
<var>${keyTwo}</var>
<value>@{expected_keysTwo}</value>
<status status="PASS" start="2024-06-21T08:18:54.730368" elapsed="0.003651"/>
</for>
<status status="PASS" start="2024-06-21T08:18:53.679587" elapsed="1.054571"/>
</kw>
<doc>Testa a estrutura da resposta da API.</doc>
<tag>testeEstruturaResposta</tag>
<status status="PASS" start="2024-06-21T08:18:53.678998" elapsed="1.055315"/>
</test>
<test id="s1-s1-t4" name="Validar tipos de dados" line="28">
<kw name="Teste de Tipos de Dados" owner="random-user-service">
<kw name="GET On Session" owner="RequestsLibrary">
<msg time="2024-06-21T08:18:54.893482" level="INFO">GET Request : url=https://randomuser.me/api 
 path_url=/api 
 headers={'User-Agent': 'python-requests/2.32.3', 'Accept-Encoding': 'gzip, deflate', 'Accept': '*/*', 'Connection': 'keep-alive'} 
 body=None 
 </msg>
<msg time="2024-06-21T08:18:54.893600" level="INFO">GET Response : url=https://randomuser.me/api 
 status=200, reason=OK 
 headers={'Date': 'Fri, 21 Jun 2024 08:18:54 GMT', 'Content-Type': 'application/json; charset=utf-8', 'Transfer-Encoding': 'chunked', 'Connection': 'keep-alive', 'X-Powered-By': 'Express', 'Access-Control-Allow-Origin': '*', 'Cache-Control': 'no-cache', 'ETag': 'W/"489-XwRxDyt71CSxpq6moRJuUuy0taY"', 'Vary': 'Accept-Encoding', 'Content-Encoding': 'gzip', 'CF-Cache-Status': 'DYNAMIC', 'Report-To': '{"endpoints":[{"url":"https:\\/\\/a.nel.cloudflare.com\\/report\\/v4?s=ue8MC4xaOn6xrs%2F8lbHn31%2BmWrrEDmdi4fFoNRd546k3kY9bsxbuXXiavnkmLp2SJTk2DhWME789tfiUgkq18kQHz8qXlNQKqq6efXzZtlzgu4pwtG8jk943d1Z%2BZ88k"}],"group":"cf-nel","max_age":604800}', 'NEL': '{"success_fraction":0,"report_to":"cf-nel","max_age":604800}', 'Server': 'cloudflare', 'CF-RAY': '897292142b08878b-IAD', 'alt-svc': 'h3=":443"; ma=86400'} 
 body={"results":[{"gender":"female","name":{"title":"Mrs","first":"Signe","last":"Petersen"},"location":{"street":{"number":1837,"name":"Tårnvej"},"city":"Stenderup","state":"Hovedstaden","country":"Denmark","postcode":55729,"coordinates":{"latitude":"-40.9443","longitude":"51.2714"},"timezone":{"offset":"+4:00","description":"Abu Dhabi, Muscat, Baku, Tbilisi"}},"email":"signe.petersen@example.com","login":{"uuid":"dc592ec3-83a6-48be-b163-bec5a52c2d72","username":"bluepanda903","password":"goose","salt":"mPAFS5Ee","md5":"a52addd230a7f3eaf4a7b27df1e933c1","sha1":"beabe9a4088a304d6ba017e8fd63f9ce5fee54b7","sha256":"aa13bafca6e05ee555d55ad99839a3a8d90bef7e2878086dab73b44d1028e0db"},"dob":{"date":"1989-01-12T13:39:53.070Z","age":35},"registered":{"date":"2008-10-01T21:21:09.197Z","age":15},"phone":"31718419","cell":"93516272","id":{"name":"CPR","value":"120189-8705"},"picture":{"large":"https://randomuser.me/api/portraits/women/63.jpg","medium":"https://randomuser.me/api/portraits/med/women/63.jpg","thumbnail":"https://randomuser.me/api/portraits/thumb/women/63.jpg"},"nat":"DK"}],"info":{"seed":"f0325e1a803b6a74","results":1,"page":1,"version":"1.4"}} 
 </msg>
<msg time="2024-06-21T08:18:54.893680" level="INFO">/opt/hostedtoolcache/Python/3.12.4/x64/lib/python3.12/site-packages/urllib3/connectionpool.py:1099: InsecureRequestWarning: Unverified HTTPS request is being made to host 'randomuser.me'. Adding certificate verification is strongly advised. See: https://urllib3.readthedocs.io/en/latest/advanced-usage.html#tls-warnings
  warnings.warn(</msg>
<msg time="2024-06-21T08:18:54.893818" level="INFO">${response} = &lt;Response [200]&gt;</msg>
<var>${response}</var>
<arg>consultarAPI</arg>
<arg>/api</arg>
<doc>Sends a GET request on a previously created HTTP Session.</doc>
<status status="PASS" start="2024-06-21T08:18:54.736882" elapsed="0.156979"/>
</kw>
<kw name="Set Variable" owner="BuiltIn">
<msg time="2024-06-21T08:18:54.894887" level="INFO">${json_data} = {'results': [{'gender': 'female', 'name': {'title': 'Mrs', 'first': 'Signe', 'last': 'Petersen'}, 'location': {'street': {'number': 1837, 'name': 'Tårnvej'}, 'city': 'Stenderup', 'state': 'Hovedstaden...</msg>
<var>${json_data}</var>
<arg>${response.json()}</arg>
<doc>Returns the given values which can then be assigned to a variables.</doc>
<status status="PASS" start="2024-06-21T08:18:54.894364" elapsed="0.000551"/>
</kw>
<kw name="Log" owner="BuiltIn">
<msg time="2024-06-21T08:18:54.895427" level="INFO">{'results': [{'gender': 'female', 'name': {'title': 'Mrs', 'first': 'Signe', 'last': 'Petersen'}, 'location': {'street': {'number': 1837, 'name': 'Tårnvej'}, 'city': 'Stenderup', 'state': 'Hovedstaden', 'country': 'Denmark', 'postcode': 55729, 'coordinates': {'latitude': '-40.9443', 'longitude': '51.2714'}, 'timezone': {'offset': '+4:00', 'description': 'Abu Dhabi, Muscat, Baku, Tbilisi'}}, 'email': 'signe.petersen@example.com', 'login': {'uuid': 'dc592ec3-83a6-48be-b163-bec5a52c2d72', 'username': 'bluepanda903', 'password': 'goose', 'salt': 'mPAFS5Ee', 'md5': 'a52addd230a7f3eaf4a7b27df1e933c1', 'sha1': 'beabe9a4088a304d6ba017e8fd63f9ce5fee54b7', 'sha256': 'aa13bafca6e05ee555d55ad99839a3a8d90bef7e2878086dab73b44d1028e0db'}, 'dob': {'date': '1989-01-12T13:39:53.070Z', 'age': 35}, 'registered': {'date': '2008-10-01T21:21:09.197Z', 'age': 15}, 'phone': '31718419', 'cell': '93516272', 'id': {'name': 'CPR', 'value': '120189-8705'}, 'picture': {'large': 'https://randomuser.me/api/portraits/women/63.jpg', 'medium': 'https://randomuser.me/api/portraits/med/women/63.jpg', 'thumbnail': 'https://randomuser.me/api/portraits/thumb/women/63.jpg'}, 'nat': 'DK'}], 'info': {'seed': 'f0325e1a803b6a74', 'results': 1, 'page': 1, 'version': '1.4'}}</msg>
<arg>${json_data}</arg>
<doc>Logs the given message with the given level.</doc>
<status status="PASS" start="2024-06-21T08:18:54.895268" elapsed="0.000208"/>
</kw>
<kw name="Should Be String" owner="String">
<arg>${json_data['results'][0]['gender']}</arg>
<doc>Fails if the given ``item`` is not a string.</doc>
<status status="PASS" start="2024-06-21T08:18:54.895764" elapsed="0.000354"/>
</kw>
<kw name="Should Match Regexp" owner="BuiltIn">
<arg>${json_data['results'][0]['email']}</arg>
<arg>^[a-zA-Z0-9._%+-]+@[a-zA-Z0-9.-]+\.[a-zA-Z]{2,}$</arg>
<doc>Fails if ``string`` does not match ``pattern`` as a regular expression.</doc>
<status status="PASS" start="2024-06-21T08:18:54.896301" elapsed="0.000517"/>
</kw>
<kw name="Should Match Regexp" owner="BuiltIn">
<arg>${json_data['results'][0]['dob']['date']}</arg>
<arg>\\d{4}-\\d{2}-\\d{2}T\\d{2}:\\d{2}:\\d{2}\\.\\d{3}Z</arg>
<doc>Fails if ``string`` does not match ``pattern`` as a regular expression.</doc>
<status status="PASS" start="2024-06-21T08:18:54.897060" elapsed="0.000488"/>
</kw>
<kw name="Should Match Regexp" owner="BuiltIn">
<arg>${json_data['results'][0]['registered']['date']}</arg>
<arg>\\d{4}-\\d{2}-\\d{2}T\\d{2}:\\d{2}:\\d{2}\\.\\d{3}Z</arg>
<doc>Fails if ``string`` does not match ``pattern`` as a regular expression.</doc>
<status status="PASS" start="2024-06-21T08:18:54.897736" elapsed="0.000362"/>
</kw>
<kw name="Should Match Regexp" owner="BuiltIn">
<arg>${json_data['results'][0]['picture']['large']}</arg>
<arg>^https?://.*\.(?:png|jpe?g|gif|bmp)$</arg>
<doc>Fails if ``string`` does not match ``pattern`` as a regular expression.</doc>
<status status="PASS" start="2024-06-21T08:18:54.898279" elapsed="0.000451"/>
</kw>
<kw name="Should Match Regexp" owner="BuiltIn">
<arg>${json_data['results'][0]['picture']['medium']}</arg>
<arg>^https?://.*\.(?:png|jpe?g|gif|bmp)$</arg>
<doc>Fails if ``string`` does not match ``pattern`` as a regular expression.</doc>
<status status="PASS" start="2024-06-21T08:18:54.898913" elapsed="0.000382"/>
</kw>
<kw name="Should Match Regexp" owner="BuiltIn">
<arg>${json_data['results'][0]['picture']['thumbnail']}</arg>
<arg>^https?://.*\.(?:png|jpe?g|gif|bmp)$</arg>
<doc>Fails if ``string`` does not match ``pattern`` as a regular expression.</doc>
<status status="PASS" start="2024-06-21T08:18:54.899475" elapsed="0.000345"/>
</kw>
<kw name="Log" owner="BuiltIn">
<msg time="2024-06-21T08:18:54.900326" level="INFO">{'large': 'https://randomuser.me/api/portraits/women/63.jpg', 'medium': 'https://randomuser.me/api/portraits/med/women/63.jpg', 'thumbnail': 'https://randomuser.me/api/portraits/thumb/women/63.jpg'}</msg>
<arg>${json_data['results'][0]['picture']}</arg>
<doc>Logs the given message with the given level.</doc>
<status status="PASS" start="2024-06-21T08:18:54.900005" elapsed="0.000363"/>
</kw>
<status status="PASS" start="2024-06-21T08:18:54.736658" elapsed="0.163976"/>
</kw>
<kw name="Teste de Tipos de Dados - Postcode" owner="random-user-service">
<kw name="GET On Session" owner="RequestsLibrary">
<msg time="2024-06-21T08:18:54.956937" level="INFO">GET Request : url=https://randomuser.me/api 
 path_url=/api 
 headers={'User-Agent': 'python-requests/2.32.3', 'Accept-Encoding': 'gzip, deflate', 'Accept': '*/*', 'Connection': 'keep-alive'} 
 body=None 
 </msg>
<msg time="2024-06-21T08:18:54.957020" level="INFO">GET Response : url=https://randomuser.me/api 
 status=200, reason=OK 
 headers={'Date': 'Fri, 21 Jun 2024 08:18:54 GMT', 'Content-Type': 'application/json; charset=utf-8', 'Transfer-Encoding': 'chunked', 'Connection': 'keep-alive', 'X-Powered-By': 'Express', 'Access-Control-Allow-Origin': '*', 'Cache-Control': 'no-cache', 'ETag': 'W/"47f-LbdO4VbTQc4Z/NAyZ2yDsG9r1H4"', 'Vary': 'Accept-Encoding', 'Content-Encoding': 'gzip', 'CF-Cache-Status': 'DYNAMIC', 'Report-To': '{"endpoints":[{"url":"https:\\/\\/a.nel.cloudflare.com\\/report\\/v4?s=q59zZccwFFqj8JolehIYuLKgG4KYYN3VsM1jKRaaM5PZZdrtpi97Lnrn84CRHQHvbvp0YXvwguSMWFQ4JcoidobznGuj58fjJgHVhIUUwC5mSBKzVpHl%2Fg7PrABNAINH"}],"group":"cf-nel","max_age":604800}', 'NEL': '{"success_fraction":0,"report_to":"cf-nel","max_age":604800}', 'Server': 'cloudflare', 'CF-RAY': '897292152c45878b-IAD', 'alt-svc': 'h3=":443"; ma=86400'} 
 body={"results":[{"gender":"female","name":{"title":"Ms","first":"Iya","last":"Tonyuk"},"location":{"street":{"number":6509,"name":"Leonida P'yatakova"},"city":"Vuglegirsk","state":"Ternopilska","country":"Ukraine","postcode":26512,"coordinates":{"latitude":"73.4317","longitude":"11.6861"},"timezone":{"offset":"+7:00","description":"Bangkok, Hanoi, Jakarta"}},"email":"iya.tonyuk@example.com","login":{"uuid":"5dfdac3c-2ae7-47b5-b0d1-ef17534231ad","username":"bigwolf996","password":"small","salt":"P4CDSuDd","md5":"e12823b2f7a1535582ba076523b81d2b","sha1":"80da4226343c33dc59498c0b6927d718206361c4","sha256":"4d1dc231f5dadff185ec94eaf932c289f6278dfe08c7ffbf2c6eb0957c566312"},"dob":{"date":"1948-11-21T16:14:14.674Z","age":75},"registered":{"date":"2011-12-14T02:33:34.281Z","age":12},"phone":"(067) H12-1688","cell":"(067) B03-9833","id":{"name":"","value":null},"picture":{"large":"https://randomuser.me/api/portraits/women/35.jpg","medium":"https://randomuser.me/api/portraits/med/women/35.jpg","thumbnail":"https://randomuser.me/api/portraits/thumb/women/35.jpg"},"nat":"UA"}],"info":{"seed":"d8373ac51e5cb5a3","results":1,"page":1,"version":"1.4"}} 
 </msg>
<msg time="2024-06-21T08:18:54.957098" level="INFO">/opt/hostedtoolcache/Python/3.12.4/x64/lib/python3.12/site-packages/urllib3/connectionpool.py:1099: InsecureRequestWarning: Unverified HTTPS request is being made to host 'randomuser.me'. Adding certificate verification is strongly advised. See: https://urllib3.readthedocs.io/en/latest/advanced-usage.html#tls-warnings
  warnings.warn(</msg>
<msg time="2024-06-21T08:18:54.957240" level="INFO">${response} = &lt;Response [200]&gt;</msg>
<var>${response}</var>
<arg>consultarAPI</arg>
<arg>/api</arg>
<doc>Sends a GET request on a previously created HTTP Session.</doc>
<status status="PASS" start="2024-06-21T08:18:54.901112" elapsed="0.056184"/>
</kw>
<kw name="Set Variable" owner="BuiltIn">
<msg time="2024-06-21T08:18:54.958188" level="INFO">${json_data} = {'results': [{'gender': 'female', 'name': {'title': 'Ms', 'first': 'Iya', 'last': 'Tonyuk'}, 'location': {'street': {'number': 6509, 'name': "Leonida P'yatakova"}, 'city': 'Vuglegirsk', 'state': 'Tern...</msg>
<var>${json_data}</var>
<arg>${response.json()}</arg>
<doc>Returns the given values which can then be assigned to a variables.</doc>
<status status="PASS" start="2024-06-21T08:18:54.957746" elapsed="0.000470"/>
</kw>
<kw name="Log" owner="BuiltIn">
<msg time="2024-06-21T08:18:54.958656" level="INFO">{'results': [{'gender': 'female', 'name': {'title': 'Ms', 'first': 'Iya', 'last': 'Tonyuk'}, 'location': {'street': {'number': 6509, 'name': "Leonida P'yatakova"}, 'city': 'Vuglegirsk', 'state': 'Ternopilska', 'country': 'Ukraine', 'postcode': 26512, 'coordinates': {'latitude': '73.4317', 'longitude': '11.6861'}, 'timezone': {'offset': '+7:00', 'description': 'Bangkok, Hanoi, Jakarta'}}, 'email': 'iya.tonyuk@example.com', 'login': {'uuid': '5dfdac3c-2ae7-47b5-b0d1-ef17534231ad', 'username': 'bigwolf996', 'password': 'small', 'salt': 'P4CDSuDd', 'md5': 'e12823b2f7a1535582ba076523b81d2b', 'sha1': '80da4226343c33dc59498c0b6927d718206361c4', 'sha256': '4d1dc231f5dadff185ec94eaf932c289f6278dfe08c7ffbf2c6eb0957c566312'}, 'dob': {'date': '1948-11-21T16:14:14.674Z', 'age': 75}, 'registered': {'date': '2011-12-14T02:33:34.281Z', 'age': 12}, 'phone': '(067) H12-1688', 'cell': '(067) B03-9833', 'id': {'name': '', 'value': None}, 'picture': {'large': 'https://randomuser.me/api/portraits/women/35.jpg', 'medium': 'https://randomuser.me/api/portraits/med/women/35.jpg', 'thumbnail': 'https://randomuser.me/api/portraits/thumb/women/35.jpg'}, 'nat': 'UA'}], 'info': {'seed': 'd8373ac51e5cb5a3', 'results': 1, 'page': 1, 'version': '1.4'}}</msg>
<arg>${json_data}</arg>
<doc>Logs the given message with the given level.</doc>
<status status="PASS" start="2024-06-21T08:18:54.958508" elapsed="0.000195"/>
</kw>
<kw name="Should Be Equal As Numbers" owner="BuiltIn">
<arg>${json_data['results'][0]['location']['postcode']}</arg>
<arg>${json_data['results'][0]['location']['postcode']}</arg>
<doc>Fails if objects are unequal after converting them to real numbers.</doc>
<status status="PASS" start="2024-06-21T08:18:54.958991" elapsed="0.000653"/>
</kw>
<kw name="Log" owner="BuiltIn">
<msg time="2024-06-21T08:18:54.960181" level="INFO">26512</msg>
<arg>${json_data['results'][0]['location']['postcode']}</arg>
<doc>Logs the given message with the given level.</doc>
<status status="PASS" start="2024-06-21T08:18:54.959834" elapsed="0.000387"/>
</kw>
<status status="PASS" start="2024-06-21T08:18:54.900890" elapsed="0.059575"/>
</kw>
<doc>Testa se os tipos de dados na resposta da API estão corretos.</doc>
<tag>testeTiposDados</tag>
<status status="PASS" start="2024-06-21T08:18:54.736096" elapsed="0.224562"/>
</test>
<test id="s1-s1-t5" name="Validar conteudo" line="35">
<kw name="Teste de Tipos de Conteudo" owner="random-user-service">
<kw name="GET On Session" owner="RequestsLibrary">
<msg time="2024-06-21T08:18:55.060276" level="INFO">GET Request : url=https://randomuser.me/api 
 path_url=/api 
 headers={'User-Agent': 'python-requests/2.32.3', 'Accept-Encoding': 'gzip, deflate', 'Accept': '*/*', 'Connection': 'keep-alive'} 
 body=None 
 </msg>
<msg time="2024-06-21T08:18:55.060372" level="INFO">GET Response : url=https://randomuser.me/api 
 status=200, reason=OK 
 headers={'Date': 'Fri, 21 Jun 2024 08:18:55 GMT', 'Content-Type': 'application/json; charset=utf-8', 'Transfer-Encoding': 'chunked', 'Connection': 'keep-alive', 'X-Powered-By': 'Express', 'Access-Control-Allow-Origin': '*', 'Cache-Control': 'no-cache', 'ETag': 'W/"479-WAgIDQRDp0u+KIAld310I8MSgIk"', 'Vary': 'Accept-Encoding', 'Content-Encoding': 'gzip', 'CF-Cache-Status': 'DYNAMIC', 'Report-To': '{"endpoints":[{"url":"https:\\/\\/a.nel.cloudflare.com\\/report\\/v4?s=o8aTmFEWOZWAjgfV%2BEKFRTfR8QwdpAT6AIabOhAMb3ztNIAPcgIVG1IvyWf2iTJhzCwjwOHp2vDS%2Bu3eRoMz6llRFfnAwfRktMZUnNLV37Q7G5tKjuXy5cOzt3SUHgHJ"}],"group":"cf-nel","max_age":604800}', 'NEL': '{"success_fraction":0,"report_to":"cf-nel","max_age":604800}', 'Server': 'cloudflare', 'CF-RAY': '897292158cc1878b-IAD', 'alt-svc': 'h3=":443"; ma=86400'} 
 body={"results":[{"gender":"male","name":{"title":"Mr","first":"Rudan","last":"Glivenko"},"location":{"street":{"number":7000,"name":"Lichanska"},"city":"Bahchisaray","state":"Hmelnicka","country":"Ukraine","postcode":59077,"coordinates":{"latitude":"74.6740","longitude":"-40.3091"},"timezone":{"offset":"+9:30","description":"Adelaide, Darwin"}},"email":"rudan.glivenko@example.com","login":{"uuid":"b2eb80e8-7533-4c7f-9105-2c5b0975532a","username":"beautifulgoose255","password":"australi","salt":"CtpnVB9e","md5":"62eee21013b4542f3997a5a3ef2aa20b","sha1":"5c544a6666b3ea31bc7a2cc71bb4ca508e539801","sha256":"3ad38af8d250d69e53049a6dc10e6f377164e07e62c857203008cf7fcc27fa69"},"dob":{"date":"1990-01-08T12:12:12.626Z","age":34},"registered":{"date":"2009-08-02T21:53:42.865Z","age":14},"phone":"(066) P43-3216","cell":"(099) Z55-3252","id":{"name":"","value":null},"picture":{"large":"https://randomuser.me/api/portraits/men/69.jpg","medium":"https://randomuser.me/api/portraits/med/men/69.jpg","thumbnail":"https://randomuser.me/api/portraits/thumb/men/69.jpg"},"nat":"UA"}],"info":{"seed":"c16e4da22b188dfd","results":1,"page":1,"version":"1.4"}} 
 </msg>
<msg time="2024-06-21T08:18:55.060465" level="INFO">/opt/hostedtoolcache/Python/3.12.4/x64/lib/python3.12/site-packages/urllib3/connectionpool.py:1099: InsecureRequestWarning: Unverified HTTPS request is being made to host 'randomuser.me'. Adding certificate verification is strongly advised. See: https://urllib3.readthedocs.io/en/latest/advanced-usage.html#tls-warnings
  warnings.warn(</msg>
<msg time="2024-06-21T08:18:55.060609" level="INFO">${response} = &lt;Response [200]&gt;</msg>
<var>${response}</var>
<arg>consultarAPI</arg>
<arg>/api</arg>
<doc>Sends a GET request on a previously created HTTP Session.</doc>
<status status="PASS" start="2024-06-21T08:18:54.963171" elapsed="0.097472"/>
</kw>
<kw name="Set Variable" owner="BuiltIn">
<msg time="2024-06-21T08:18:55.061576" level="INFO">${json_data} = {'results': [{'gender': 'male', 'name': {'title': 'Mr', 'first': 'Rudan', 'last': 'Glivenko'}, 'location': {'street': {'number': 7000, 'name': 'Lichanska'}, 'city': 'Bahchisaray', 'state': 'Hmelnicka'...</msg>
<var>${json_data}</var>
<arg>${response.json()}</arg>
<doc>Returns the given values which can then be assigned to a variables.</doc>
<status status="PASS" start="2024-06-21T08:18:55.061089" elapsed="0.000515"/>
</kw>
<kw name="Set Variable" owner="BuiltIn">
<msg time="2024-06-21T08:18:55.062274" level="INFO">${name_title} = Mr</msg>
<var>${name_title}</var>
<arg>${json_data["results"][0]["name"]["title"]}</arg>
<doc>Returns the given values which can then be assigned to a variables.</doc>
<status status="PASS" start="2024-06-21T08:18:55.061902" elapsed="0.000397"/>
</kw>
<kw name="Create List" owner="BuiltIn">
<msg time="2024-06-21T08:18:55.062733" level="INFO">${allowed_titles} = ['Mr', 'Ms', 'Miss', 'Mrs', 'Madame', 'Monsieur']</msg>
<var>${allowed_titles}</var>
<arg>Mr</arg>
<arg>Ms</arg>
<arg>Miss</arg>
<arg>Mrs</arg>
<arg>Madame</arg>
<arg>Monsieur</arg>
<doc>Returns a list containing given items.</doc>
<status status="PASS" start="2024-06-21T08:18:55.062588" elapsed="0.000169"/>
</kw>
<kw name="List Should Contain Value" owner="Collections">
<arg>${allowed_titles}</arg>
<arg>${name_title}</arg>
<doc>Fails if the ``value`` is not found from ``list``.</doc>
<status status="PASS" start="2024-06-21T08:18:55.063049" elapsed="0.000206"/>
</kw>
<kw name="Set Variable" owner="BuiltIn">
<msg time="2024-06-21T08:18:55.063792" level="INFO">${name_country} = UA</msg>
<var>${name_country}</var>
<arg>${json_data["results"][0]["nat"]}</arg>
<doc>Returns the given values which can then be assigned to a variables.</doc>
<status status="PASS" start="2024-06-21T08:18:55.063432" elapsed="0.000385"/>
</kw>
<kw name="Create List" owner="BuiltIn">
<msg time="2024-06-21T08:18:55.064696" level="INFO">${list_country} = ['AD', 'AE', 'AF', 'AG', 'AI', 'AL', 'AM', 'AO', 'AQ', 'AR', 'AS', 'AT', 'AU', 'AW', 'AX', 'AZ', 'BA', 'BB', 'BD', 'BE', 'BF', 'BG', 'BH', 'BI', 'BJ', 'BL', 'BM', 'BN', 'BO', 'BQ', 'BR', 'BS', 'BT', '...</msg>
<var>${list_country}</var>
<arg>AD</arg>
<arg>AE</arg>
<arg>AF</arg>
<arg>AG</arg>
<arg>AI</arg>
<arg>AL</arg>
<arg>AM</arg>
<arg>AO</arg>
<arg>AQ</arg>
<arg>AR</arg>
<arg>AS</arg>
<arg>AT</arg>
<arg>AU</arg>
<arg>AW</arg>
<arg>AX</arg>
<arg>AZ</arg>
<arg>BA</arg>
<arg>BB</arg>
<arg>BD</arg>
<arg>BE</arg>
<arg>BF</arg>
<arg>BG</arg>
<arg>BH</arg>
<arg>BI</arg>
<arg>BJ</arg>
<arg>BL</arg>
<arg>BM</arg>
<arg>BN</arg>
<arg>BO</arg>
<arg>BQ</arg>
<arg>BR</arg>
<arg>BS</arg>
<arg>BT</arg>
<arg>BV</arg>
<arg>BW</arg>
<arg>BY</arg>
<arg>BZ</arg>
<arg>CA</arg>
<arg>CC</arg>
<arg>CD</arg>
<arg>CF</arg>
<arg>CG</arg>
<arg>CH</arg>
<arg>CI</arg>
<arg>CK</arg>
<arg>CL</arg>
<arg>CM</arg>
<arg>CN</arg>
<arg>CO</arg>
<arg>CR</arg>
<arg>CU</arg>
<arg>CV</arg>
<arg>CW</arg>
<arg>CX</arg>
<arg>CY</arg>
<arg>CZ</arg>
<arg>DE</arg>
<arg>DJ</arg>
<arg>DK</arg>
<arg>DM</arg>
<arg>DO</arg>
<arg>DZ</arg>
<arg>EC</arg>
<arg>EE</arg>
<arg>EG</arg>
<arg>EH</arg>
<arg>ER</arg>
<arg>ES</arg>
<arg>ET</arg>
<arg>FI</arg>
<arg>FJ</arg>
<arg>FK</arg>
<arg>FM</arg>
<arg>FO</arg>
<arg>FR</arg>
<arg>GA</arg>
<arg>GB</arg>
<arg>GD</arg>
<arg>GE</arg>
<arg>GF</arg>
<arg>GG</arg>
<arg>GH</arg>
<arg>GI</arg>
<arg>GL</arg>
<arg>GM</arg>
<arg>GN</arg>
<arg>GP</arg>
<arg>GQ</arg>
<arg>GR</arg>
<arg>GS</arg>
<arg>GT</arg>
<arg>GU</arg>
<arg>GW</arg>
<arg>GY</arg>
<arg>HK</arg>
<arg>HM</arg>
<arg>HN</arg>
<arg>HR</arg>
<arg>HT</arg>
<arg>HU</arg>
<arg>ID</arg>
<arg>IE</arg>
<arg>IL</arg>
<arg>IM</arg>
<arg>IN</arg>
<arg>IO</arg>
<arg>IQ</arg>
<arg>IR</arg>
<arg>IS</arg>
<arg>IT</arg>
<arg>JE</arg>
<arg>JM</arg>
<arg>JO</arg>
<arg>JP</arg>
<arg>KE</arg>
<arg>KG</arg>
<arg>KH</arg>
<arg>KI</arg>
<arg>KM</arg>
<arg>KN</arg>
<arg>KP</arg>
<arg>KR</arg>
<arg>KW</arg>
<arg>KY</arg>
<arg>KZ</arg>
<arg>LA</arg>
<arg>LB</arg>
<arg>LC</arg>
<arg>LI</arg>
<arg>LK</arg>
<arg>LR</arg>
<arg>LS</arg>
<arg>LT</arg>
<arg>LU</arg>
<arg>LV</arg>
<arg>LY</arg>
<arg>MA</arg>
<arg>MC</arg>
<arg>MD</arg>
<arg>ME</arg>
<arg>MF</arg>
<arg>MG</arg>
<arg>MH</arg>
<arg>MK</arg>
<arg>ML</arg>
<arg>MM</arg>
<arg>MN</arg>
<arg>MO</arg>
<arg>MP</arg>
<arg>MQ</arg>
<arg>MR</arg>
<arg>MS</arg>
<arg>MT</arg>
<arg>MU</arg>
<arg>MV</arg>
<arg>MW</arg>
<arg>MX</arg>
<arg>MY</arg>
<arg>MZ</arg>
<arg>NA</arg>
<arg>NC</arg>
<arg>NE</arg>
<arg>NF</arg>
<arg>NG</arg>
<arg>NI</arg>
<arg>NL</arg>
<arg>NO</arg>
<arg>NP</arg>
<arg>NR</arg>
<arg>NU</arg>
<arg>NZ</arg>
<arg>OM</arg>
<arg>PA</arg>
<arg>PE</arg>
<arg>PF</arg>
<arg>PG</arg>
<arg>PH</arg>
<arg>PK</arg>
<arg>PL</arg>
<arg>PM</arg>
<arg>PN</arg>
<arg>PR</arg>
<arg>PS</arg>
<arg>PT</arg>
<arg>PW</arg>
<arg>PY</arg>
<arg>QA</arg>
<arg>RE</arg>
<arg>RO</arg>
<arg>RS</arg>
<arg>RU</arg>
<arg>RW</arg>
<arg>SA</arg>
<arg>SB</arg>
<arg>SC</arg>
<arg>SD</arg>
<arg>SE</arg>
<arg>SG</arg>
<arg>SH</arg>
<arg>SI</arg>
<arg>SJ</arg>
<arg>SK</arg>
<arg>SL</arg>
<arg>SM</arg>
<arg>SN</arg>
<arg>SO</arg>
<arg>SR</arg>
<arg>SS</arg>
<arg>ST</arg>
<arg>SV</arg>
<arg>SX</arg>
<arg>SY</arg>
<arg>SZ</arg>
<arg>TC</arg>
<arg>TD</arg>
<arg>TF</arg>
<arg>TG</arg>
<arg>TH</arg>
<arg>TJ</arg>
<arg>TK</arg>
<arg>TL</arg>
<arg>TM</arg>
<arg>TN</arg>
<arg>TO</arg>
<arg>TR</arg>
<arg>TT</arg>
<arg>TV</arg>
<arg>TW</arg>
<arg>TZ</arg>
<arg>UA</arg>
<arg>UG</arg>
<arg>UM</arg>
<arg>US</arg>
<arg>UY</arg>
<arg>UZ</arg>
<arg>VA</arg>
<arg>VC</arg>
<arg>VE</arg>
<arg>VG</arg>
<arg>VI</arg>
<arg>VN</arg>
<arg>VU</arg>
<arg>WF</arg>
<arg>WS</arg>
<arg>XK</arg>
<arg>YE</arg>
<arg>YT</arg>
<arg>ZA</arg>
<arg>ZM</arg>
<arg>ZW</arg>
<doc>Returns a list containing given items.</doc>
<status status="PASS" start="2024-06-21T08:18:55.064101" elapsed="0.000620"/>
</kw>
<kw name="List Should Contain Value" owner="Collections">
<arg>${list_country}</arg>
<arg>${name_country}</arg>
<doc>Fails if the ``value`` is not found from ``list``.</doc>
<status status="PASS" start="2024-06-21T08:18:55.065502" elapsed="0.000203"/>
</kw>
<kw name="Run Keyword If" owner="BuiltIn">
<kw name="Should Be True" owner="BuiltIn">
<arg>${True}</arg>
<doc>Fails if the given condition is not true.</doc>
<status status="PASS" start="2024-06-21T08:18:55.066633" elapsed="0.000141"/>
</kw>
<arg>${json_data["results"][0]["location"]["coordinates"]["latitude"]} &gt;= -90 and ${json_data["results"][0]["location"]["coordinates"]["latitude"]} &lt;= 90</arg>
<arg>Should Be True</arg>
<arg>${True}</arg>
<doc>Runs the given keyword with the given arguments, if ``condition`` is true.</doc>
<status status="PASS" start="2024-06-21T08:18:55.065898" elapsed="0.001000"/>
</kw>
<kw name="Run Keyword If" owner="BuiltIn">
<kw name="Should Be True" owner="BuiltIn">
<arg>${True}</arg>
<doc>Fails if the given condition is not true.</doc>
<status status="PASS" start="2024-06-21T08:18:55.067803" elapsed="0.000136"/>
</kw>
<arg>${json_data["results"][0]["location"]["coordinates"]["longitude"]} &gt;= -180 and ${json_data["results"][0]["location"]["coordinates"]["longitude"]} &lt;= 180</arg>
<arg>Should Be True</arg>
<arg>${True}</arg>
<doc>Runs the given keyword with the given arguments, if ``condition`` is true.</doc>
<status status="PASS" start="2024-06-21T08:18:55.067076" elapsed="0.000986"/>
</kw>
<status status="PASS" start="2024-06-21T08:18:54.962803" elapsed="0.105386"/>
</kw>
<doc>Testa o conteúdo específico dos campos retornados pela API.</doc>
<tag>testeConteudo</tag>
<status status="PASS" start="2024-06-21T08:18:54.962371" elapsed="0.105967"/>
</test>
<status status="PASS" start="2024-06-21T08:18:53.237757" elapsed="1.832500"/>
</suite>
<status status="PASS" start="2024-06-21T08:18:53.223477" elapsed="1.851931"/>
</suite>
<statistics>
<total>
<stat pass="5" fail="0" skip="0">All Tests</stat>
</total>
<tag>
<stat pass="1" fail="0" skip="0">testeConteudo</stat>
<stat pass="1" fail="0" skip="0">testeEstruturaResposta</stat>
<stat pass="1" fail="0" skip="0">testeRequisicaoBasica</stat>
<stat pass="1" fail="0" skip="0">testeTiposDados</stat>
</tag>
<suite>
<stat pass="5" fail="0" skip="0" id="s1" name="Tests">Tests</stat>
<stat pass="5" fail="0" skip="0" id="s1-s1" name="Random-User-Test">Tests.Random-User-Test</stat>
</suite>
</statistics>
<errors>
</errors>
</robot>
