<?xml version="1.0" encoding="UTF-8"?>
<robot generator="Robot 7.0.1 (Python 3.12.3 on linux)" generated="2024-06-14T10:15:27.926261" rpa="false" schemaversion="5">
<suite id="s1" name="Tests" source="/home/runner/work/ApiRandomUser/ApiRandomUser/RamdonUser/tests">
<suite id="s1-s1" name="Random-User-Test" source="/home/runner/work/ApiRandomUser/ApiRandomUser/RamdonUser/tests/random-user-test.robot">
<test id="s1-s1-t1" name="Conectar" line="13">
<kw name="Conectar API" owner="random-user-service">
<kw name="Create Session" owner="RequestsLibrary">
<msg time="2024-06-14T10:15:28.331607" level="INFO">Creating Session using : alias=consultarAPI, url=https://randomuser.me/, headers={},                     cookies={}, auth=None, timeout=None, proxies=None, verify=False,                     debug=0 </msg>
<arg>consultarAPI</arg>
<arg>${URL}</arg>
<doc>Create Session: create a HTTP session to a server</doc>
<status status="PASS" start="2024-06-14T10:15:28.331375" elapsed="0.000435"/>
</kw>
<status status="PASS" start="2024-06-14T10:15:28.330310" elapsed="0.001867"/>
</kw>
<status status="PASS" start="2024-06-14T10:15:28.329749" elapsed="0.002625"/>
</test>
<test id="s1-s1-t2" name="Validar retorno 200 e JSON Válido" line="16">
<kw name="Teste de Requisicao Basica" owner="random-user-service">
<kw name="GET On Session" owner="RequestsLibrary">
<msg time="2024-06-14T10:15:28.578241" level="INFO">GET Request : url=https://randomuser.me/api 
 path_url=/api 
 headers={'User-Agent': 'python-requests/2.32.3', 'Accept-Encoding': 'gzip, deflate', 'Accept': '*/*', 'Connection': 'keep-alive'} 
 body=None 
 </msg>
<msg time="2024-06-14T10:15:28.578416" level="INFO">GET Response : url=https://randomuser.me/api 
 status=200, reason=OK 
 headers={'Date': 'Fri, 14 Jun 2024 10:15:28 GMT', 'Content-Type': 'application/json; charset=utf-8', 'Transfer-Encoding': 'chunked', 'Connection': 'keep-alive', 'X-Powered-By': 'Express', 'Access-Control-Allow-Origin': '*', 'Cache-Control': 'no-cache', 'ETag': 'W/"48e-l04IFLNuadTMedDsoACJJtZC4Ho"', 'Vary': 'Accept-Encoding', 'Content-Encoding': 'gzip', 'CF-Cache-Status': 'DYNAMIC', 'Report-To': '{"endpoints":[{"url":"https:\\/\\/a.nel.cloudflare.com\\/report\\/v4?s=j37zdUSOqVo6lqMPBsZRcUt%2BIomFeU78BJk7Y3AS4YdOgG3wyxvmwdot6U%2BYz4lexI0KhHSUjMfpTsx1ijjbAgkLqc6Eldv6IM65LIHRTU1jH24fPGqtKpQgRnCrbWDA"}],"group":"cf-nel","max_age":604800}', 'NEL': '{"success_fraction":0,"report_to":"cf-nel","max_age":604800}', 'Server': 'cloudflare', 'CF-RAY': '89398f334a5f2d19-ORD', 'alt-svc': 'h3=":443"; ma=86400'} 
 body={"results":[{"gender":"male","name":{"title":"Mr","first":"Anand","last":"Mugeraya"},"location":{"street":{"number":187,"name":"China Bazaar Rd"},"city":"Udaipur","state":"Odisha","country":"India","postcode":60748,"coordinates":{"latitude":"6.5337","longitude":"-169.0853"},"timezone":{"offset":"-6:00","description":"Central Time (US &amp; Canada), Mexico City"}},"email":"anand.mugeraya@example.com","login":{"uuid":"18302fb9-f136-4cd4-b924-349acbf99c46","username":"blackfish301","password":"moonligh","salt":"0fpyVYrD","md5":"42ca0f95c5d87f83843158075aa457cb","sha1":"1fb967417aa4272c62184b46b7b9bac83948ae93","sha256":"5eff190d737f08966830c60640d05526880e00bff79bc8cf51689ab017619fa0"},"dob":{"date":"1960-06-12T12:24:11.263Z","age":64},"registered":{"date":"2013-07-29T09:46:44.957Z","age":10},"phone":"9695572424","cell":"8274881186","id":{"name":"UIDAI","value":"470013695843"},"picture":{"large":"https://randomuser.me/api/portraits/men/62.jpg","medium":"https://randomuser.me/api/portraits/med/men/62.jpg","thumbnail":"https://randomuser.me/api/portraits/thumb/men/62.jpg"},"nat":"IN"}],"info":{"seed":"839032135ac1e0c2","results":1,"page":1,"version":"1.4"}} 
 </msg>
<msg time="2024-06-14T10:15:28.578514" level="INFO">/opt/hostedtoolcache/Python/3.12.3/x64/lib/python3.12/site-packages/urllib3/connectionpool.py:1103: InsecureRequestWarning: Unverified HTTPS request is being made to host 'randomuser.me'. Adding certificate verification is strongly advised. See: https://urllib3.readthedocs.io/en/latest/advanced-usage.html#tls-warnings
  warnings.warn(</msg>
<msg time="2024-06-14T10:15:28.578658" level="INFO">${response} = &lt;Response [200]&gt;</msg>
<var>${response}</var>
<arg>consultarAPI</arg>
<arg>/api</arg>
<doc>Sends a GET request on a previously created HTTP Session.</doc>
<status status="PASS" start="2024-06-14T10:15:28.334941" elapsed="0.243749"/>
</kw>
<kw name="Should Be Equal As Numbers" owner="BuiltIn">
<msg time="2024-06-14T10:15:28.579761" level="INFO">Argument types are:
&lt;class 'int'&gt;
&lt;class 'str'&gt;</msg>
<arg>${response.status_code}</arg>
<arg>200</arg>
<doc>Fails if objects are unequal after converting them to real numbers.</doc>
<status status="PASS" start="2024-06-14T10:15:28.579258" elapsed="0.000569"/>
</kw>
<kw name="Log" owner="BuiltIn">
<msg time="2024-06-14T10:15:28.580517" level="INFO">200</msg>
<arg>${response.status_code}</arg>
<doc>Logs the given message with the given level.</doc>
<status status="PASS" start="2024-06-14T10:15:28.580170" elapsed="0.000396"/>
</kw>
<kw name="Set Variable" owner="BuiltIn">
<msg time="2024-06-14T10:15:28.581301" level="INFO">${json_data} = {'results': [{'gender': 'male', 'name': {'title': 'Mr', 'first': 'Anand', 'last': 'Mugeraya'}, 'location': {'street': {'number': 187, 'name': 'China Bazaar Rd'}, 'city': 'Udaipur', 'state': 'Odisha', ...</msg>
<var>${json_data}</var>
<arg>${response.json()}</arg>
<doc>Returns the given values which can then be assigned to a variables.</doc>
<status status="PASS" start="2024-06-14T10:15:28.580875" elapsed="0.000457"/>
</kw>
<kw name="Dictionary Should Contain Key" owner="Collections">
<arg>${json_data}</arg>
<arg>results</arg>
<doc>Fails if ``key`` is not found from ``dictionary``.</doc>
<status status="PASS" start="2024-06-14T10:15:28.581627" elapsed="0.000162"/>
</kw>
<status status="PASS" start="2024-06-14T10:15:28.334700" elapsed="0.247245"/>
</kw>
<doc>Testa se a API responde corretamente e retorna um objeto JSON válido.</doc>
<tag>testeRequisicaoBasica</tag>
<status status="PASS" start="2024-06-14T10:15:28.334244" elapsed="0.247881"/>
</test>
<test id="s1-s1-t3" name="Validar estrutura de resposta" line="22">
<kw name="Teste de Estrutura de Resposta" owner="random-user-service">
<kw name="GET On Session" owner="RequestsLibrary">
<msg time="2024-06-14T10:15:28.689637" level="INFO">GET Request : url=https://randomuser.me/api 
 path_url=/api 
 headers={'User-Agent': 'python-requests/2.32.3', 'Accept-Encoding': 'gzip, deflate', 'Accept': '*/*', 'Connection': 'keep-alive'} 
 body=None 
 </msg>
<msg time="2024-06-14T10:15:28.689755" level="INFO">GET Response : url=https://randomuser.me/api 
 status=200, reason=OK 
 headers={'Date': 'Fri, 14 Jun 2024 10:15:28 GMT', 'Content-Type': 'application/json; charset=utf-8', 'Transfer-Encoding': 'chunked', 'Connection': 'keep-alive', 'X-Powered-By': 'Express', 'Access-Control-Allow-Origin': '*', 'Cache-Control': 'no-cache', 'ETag': 'W/"487-TM00RuOGqo0rfNr7WBhm9wpy3lY"', 'Vary': 'Accept-Encoding', 'Content-Encoding': 'gzip', 'CF-Cache-Status': 'DYNAMIC', 'Report-To': '{"endpoints":[{"url":"https:\\/\\/a.nel.cloudflare.com\\/report\\/v4?s=LBSpGUElinAVBqn2w1WI1N1p%2FH%2FDbWmXkvsETzI9KIWC6qQZNB45zdWKaKxOgM0f%2BJxlbEDvvENcpHdGAGi9CVoxupfLvpdJuhHgrL0RU4bzhwokQw6SD2U%2FfJgKP9Rh"}],"group":"cf-nel","max_age":604800}', 'NEL': '{"success_fraction":0,"report_to":"cf-nel","max_age":604800}', 'Server': 'cloudflare', 'CF-RAY': '89398f33aa952d19-ORD', 'alt-svc': 'h3=":443"; ma=86400'} 
 body={"results":[{"gender":"male","name":{"title":"Mr","first":"Micheal","last":"Fowler"},"location":{"street":{"number":4239,"name":"W Belt Line Rd"},"city":"Nampa","state":"New York","country":"United States","postcode":14360,"coordinates":{"latitude":"89.2079","longitude":"-170.7004"},"timezone":{"offset":"+7:00","description":"Bangkok, Hanoi, Jakarta"}},"email":"micheal.fowler@example.com","login":{"uuid":"b4d6d9a0-5c24-4e3d-80b2-3a1d30a74c9b","username":"sadcat308","password":"141414","salt":"xVks5o2V","md5":"11c7208c52f73a4e7a44fa9d1a845fec","sha1":"a28a4ce83cfa936e21dcff8934c356c3d08e55bd","sha256":"942dbe8728e1ba7065c1de7998de8e109a1da5977038cff625f44e4b3e171cd3"},"dob":{"date":"1980-10-24T02:04:32.180Z","age":43},"registered":{"date":"2004-01-22T18:18:27.647Z","age":20},"phone":"(306) 537-6762","cell":"(611) 445-6947","id":{"name":"SSN","value":"106-20-9467"},"picture":{"large":"https://randomuser.me/api/portraits/men/81.jpg","medium":"https://randomuser.me/api/portraits/med/men/81.jpg","thumbnail":"https://randomuser.me/api/portraits/thumb/men/81.jpg"},"nat":"US"}],"info":{"seed":"35b4ccd68786312d","results":1,"page":1,"version":"1.4"}} 
 </msg>
<msg time="2024-06-14T10:15:28.689920" level="INFO">/opt/hostedtoolcache/Python/3.12.3/x64/lib/python3.12/site-packages/urllib3/connectionpool.py:1103: InsecureRequestWarning: Unverified HTTPS request is being made to host 'randomuser.me'. Adding certificate verification is strongly advised. See: https://urllib3.readthedocs.io/en/latest/advanced-usage.html#tls-warnings
  warnings.warn(</msg>
<msg time="2024-06-14T10:15:28.690053" level="INFO">${response} = &lt;Response [200]&gt;</msg>
<var>${response}</var>
<arg>consultarAPI</arg>
<arg>/api</arg>
<doc>Sends a GET request on a previously created HTTP Session.</doc>
<status status="PASS" start="2024-06-14T10:15:28.584934" elapsed="0.105162"/>
</kw>
<kw name="Set Variable" owner="BuiltIn">
<msg time="2024-06-14T10:15:28.691312" level="INFO">${json_data} = {'results': [{'gender': 'male', 'name': {'title': 'Mr', 'first': 'Micheal', 'last': 'Fowler'}, 'location': {'street': {'number': 4239, 'name': 'W Belt Line Rd'}, 'city': 'Nampa', 'state': 'New York', ...</msg>
<var>${json_data}</var>
<arg>${response.json()}</arg>
<doc>Returns the given values which can then be assigned to a variables.</doc>
<status status="PASS" start="2024-06-14T10:15:28.690719" elapsed="0.000622"/>
</kw>
<kw name="Log" owner="BuiltIn">
<msg time="2024-06-14T10:15:28.691862" level="INFO">{'results': [{'gender': 'male', 'name': {'title': 'Mr', 'first': 'Micheal', 'last': 'Fowler'}, 'location': {'street': {'number': 4239, 'name': 'W Belt Line Rd'}, 'city': 'Nampa', 'state': 'New York', 'country': 'United States', 'postcode': 14360, 'coordinates': {'latitude': '89.2079', 'longitude': '-170.7004'}, 'timezone': {'offset': '+7:00', 'description': 'Bangkok, Hanoi, Jakarta'}}, 'email': 'micheal.fowler@example.com', 'login': {'uuid': 'b4d6d9a0-5c24-4e3d-80b2-3a1d30a74c9b', 'username': 'sadcat308', 'password': '141414', 'salt': 'xVks5o2V', 'md5': '11c7208c52f73a4e7a44fa9d1a845fec', 'sha1': 'a28a4ce83cfa936e21dcff8934c356c3d08e55bd', 'sha256': '942dbe8728e1ba7065c1de7998de8e109a1da5977038cff625f44e4b3e171cd3'}, 'dob': {'date': '1980-10-24T02:04:32.180Z', 'age': 43}, 'registered': {'date': '2004-01-22T18:18:27.647Z', 'age': 20}, 'phone': '(306) 537-6762', 'cell': '(611) 445-6947', 'id': {'name': 'SSN', 'value': '106-20-9467'}, 'picture': {'large': 'https://randomuser.me/api/portraits/men/81.jpg', 'medium': 'https://randomuser.me/api/portraits/med/men/81.jpg', 'thumbnail': 'https://randomuser.me/api/portraits/thumb/men/81.jpg'}, 'nat': 'US'}], 'info': {'seed': '35b4ccd68786312d', 'results': 1, 'page': 1, 'version': '1.4'}}</msg>
<arg>${json_data}</arg>
<doc>Logs the given message with the given level.</doc>
<status status="PASS" start="2024-06-14T10:15:28.691688" elapsed="0.000224"/>
</kw>
<kw name="Dictionary Should Contain Key" owner="Collections">
<arg>${json_data}</arg>
<arg>results</arg>
<doc>Fails if ``key`` is not found from ``dictionary``.</doc>
<status status="PASS" start="2024-06-14T10:15:28.692210" elapsed="0.000160"/>
</kw>
<kw name="Should Not Be Empty" owner="BuiltIn">
<msg time="2024-06-14T10:15:28.692682" level="INFO">Length is 2.</msg>
<arg>${json_data}</arg>
<doc>Verifies that the given item is not empty.</doc>
<status status="PASS" start="2024-06-14T10:15:28.692558" elapsed="0.000162"/>
</kw>
<kw name="Create List" owner="BuiltIn">
<msg time="2024-06-14T10:15:28.693165" level="INFO">${expected_keys} = ['gender', 'name', 'location', 'email', 'login']</msg>
<var>${expected_keys}</var>
<arg>gender</arg>
<arg>name</arg>
<arg>location</arg>
<arg>email</arg>
<arg>login</arg>
<doc>Returns a list containing given items.</doc>
<status status="PASS" start="2024-06-14T10:15:28.693015" elapsed="0.000174"/>
</kw>
<for flavor="IN">
<iter>
<kw name="Dictionary Should Contain Key" owner="Collections">
<arg>${json_data['results'][0]}</arg>
<arg>${key}</arg>
<doc>Fails if ``key`` is not found from ``dictionary``.</doc>
<status status="PASS" start="2024-06-14T10:15:28.693771" elapsed="0.000408"/>
</kw>
<kw name="Log" owner="BuiltIn">
<msg time="2024-06-14T10:15:28.694749" level="INFO">{'gender': 'male', 'name': {'title': 'Mr', 'first': 'Micheal', 'last': 'Fowler'}, 'location': {'street': {'number': 4239, 'name': 'W Belt Line Rd'}, 'city': 'Nampa', 'state': 'New York', 'country': 'United States', 'postcode': 14360, 'coordinates': {'latitude': '89.2079', 'longitude': '-170.7004'}, 'timezone': {'offset': '+7:00', 'description': 'Bangkok, Hanoi, Jakarta'}}, 'email': 'micheal.fowler@example.com', 'login': {'uuid': 'b4d6d9a0-5c24-4e3d-80b2-3a1d30a74c9b', 'username': 'sadcat308', 'password': '141414', 'salt': 'xVks5o2V', 'md5': '11c7208c52f73a4e7a44fa9d1a845fec', 'sha1': 'a28a4ce83cfa936e21dcff8934c356c3d08e55bd', 'sha256': '942dbe8728e1ba7065c1de7998de8e109a1da5977038cff625f44e4b3e171cd3'}, 'dob': {'date': '1980-10-24T02:04:32.180Z', 'age': 43}, 'registered': {'date': '2004-01-22T18:18:27.647Z', 'age': 20}, 'phone': '(306) 537-6762', 'cell': '(611) 445-6947', 'id': {'name': 'SSN', 'value': '106-20-9467'}, 'picture': {'large': 'https://randomuser.me/api/portraits/men/81.jpg', 'medium': 'https://randomuser.me/api/portraits/med/men/81.jpg', 'thumbnail': 'https://randomuser.me/api/portraits/thumb/men/81.jpg'}, 'nat': 'US'}</msg>
<arg>${json_data['results'][0]}</arg>
<doc>Logs the given message with the given level.</doc>
<status status="PASS" start="2024-06-14T10:15:28.694373" elapsed="0.000426"/>
</kw>
<kw name="Log" owner="BuiltIn">
<msg time="2024-06-14T10:15:28.695229" level="INFO">gender</msg>
<arg>${key}</arg>
<doc>Logs the given message with the given level.</doc>
<status status="PASS" start="2024-06-14T10:15:28.695100" elapsed="0.000168"/>
</kw>
<var name="${key}">gender</var>
<status status="PASS" start="2024-06-14T10:15:28.693646" elapsed="0.001846"/>
</iter>
<iter>
<kw name="Dictionary Should Contain Key" owner="Collections">
<arg>${json_data['results'][0]}</arg>
<arg>${key}</arg>
<doc>Fails if ``key`` is not found from ``dictionary``.</doc>
<status status="PASS" start="2024-06-14T10:15:28.695840" elapsed="0.000391"/>
</kw>
<kw name="Log" owner="BuiltIn">
<msg time="2024-06-14T10:15:28.696764" level="INFO">{'gender': 'male', 'name': {'title': 'Mr', 'first': 'Micheal', 'last': 'Fowler'}, 'location': {'street': {'number': 4239, 'name': 'W Belt Line Rd'}, 'city': 'Nampa', 'state': 'New York', 'country': 'United States', 'postcode': 14360, 'coordinates': {'latitude': '89.2079', 'longitude': '-170.7004'}, 'timezone': {'offset': '+7:00', 'description': 'Bangkok, Hanoi, Jakarta'}}, 'email': 'micheal.fowler@example.com', 'login': {'uuid': 'b4d6d9a0-5c24-4e3d-80b2-3a1d30a74c9b', 'username': 'sadcat308', 'password': '141414', 'salt': 'xVks5o2V', 'md5': '11c7208c52f73a4e7a44fa9d1a845fec', 'sha1': 'a28a4ce83cfa936e21dcff8934c356c3d08e55bd', 'sha256': '942dbe8728e1ba7065c1de7998de8e109a1da5977038cff625f44e4b3e171cd3'}, 'dob': {'date': '1980-10-24T02:04:32.180Z', 'age': 43}, 'registered': {'date': '2004-01-22T18:18:27.647Z', 'age': 20}, 'phone': '(306) 537-6762', 'cell': '(611) 445-6947', 'id': {'name': 'SSN', 'value': '106-20-9467'}, 'picture': {'large': 'https://randomuser.me/api/portraits/men/81.jpg', 'medium': 'https://randomuser.me/api/portraits/med/men/81.jpg', 'thumbnail': 'https://randomuser.me/api/portraits/thumb/men/81.jpg'}, 'nat': 'US'}</msg>
<arg>${json_data['results'][0]}</arg>
<doc>Logs the given message with the given level.</doc>
<status status="PASS" start="2024-06-14T10:15:28.696420" elapsed="0.000425"/>
</kw>
<kw name="Log" owner="BuiltIn">
<msg time="2024-06-14T10:15:28.697278" level="INFO">name</msg>
<arg>${key}</arg>
<doc>Logs the given message with the given level.</doc>
<status status="PASS" start="2024-06-14T10:15:28.697145" elapsed="0.000172"/>
</kw>
<var name="${key}">name</var>
<status status="PASS" start="2024-06-14T10:15:28.695728" elapsed="0.001807"/>
</iter>
<iter>
<kw name="Dictionary Should Contain Key" owner="Collections">
<arg>${json_data['results'][0]}</arg>
<arg>${key}</arg>
<doc>Fails if ``key`` is not found from ``dictionary``.</doc>
<status status="PASS" start="2024-06-14T10:15:28.697826" elapsed="0.000383"/>
</kw>
<kw name="Log" owner="BuiltIn">
<msg time="2024-06-14T10:15:28.698754" level="INFO">{'gender': 'male', 'name': {'title': 'Mr', 'first': 'Micheal', 'last': 'Fowler'}, 'location': {'street': {'number': 4239, 'name': 'W Belt Line Rd'}, 'city': 'Nampa', 'state': 'New York', 'country': 'United States', 'postcode': 14360, 'coordinates': {'latitude': '89.2079', 'longitude': '-170.7004'}, 'timezone': {'offset': '+7:00', 'description': 'Bangkok, Hanoi, Jakarta'}}, 'email': 'micheal.fowler@example.com', 'login': {'uuid': 'b4d6d9a0-5c24-4e3d-80b2-3a1d30a74c9b', 'username': 'sadcat308', 'password': '141414', 'salt': 'xVks5o2V', 'md5': '11c7208c52f73a4e7a44fa9d1a845fec', 'sha1': 'a28a4ce83cfa936e21dcff8934c356c3d08e55bd', 'sha256': '942dbe8728e1ba7065c1de7998de8e109a1da5977038cff625f44e4b3e171cd3'}, 'dob': {'date': '1980-10-24T02:04:32.180Z', 'age': 43}, 'registered': {'date': '2004-01-22T18:18:27.647Z', 'age': 20}, 'phone': '(306) 537-6762', 'cell': '(611) 445-6947', 'id': {'name': 'SSN', 'value': '106-20-9467'}, 'picture': {'large': 'https://randomuser.me/api/portraits/men/81.jpg', 'medium': 'https://randomuser.me/api/portraits/med/men/81.jpg', 'thumbnail': 'https://randomuser.me/api/portraits/thumb/men/81.jpg'}, 'nat': 'US'}</msg>
<arg>${json_data['results'][0]}</arg>
<doc>Logs the given message with the given level.</doc>
<status status="PASS" start="2024-06-14T10:15:28.698404" elapsed="0.000409"/>
</kw>
<kw name="Log" owner="BuiltIn">
<msg time="2024-06-14T10:15:28.699230" level="INFO">location</msg>
<arg>${key}</arg>
<doc>Logs the given message with the given level.</doc>
<status status="PASS" start="2024-06-14T10:15:28.699104" elapsed="0.000164"/>
</kw>
<var name="${key}">location</var>
<status status="PASS" start="2024-06-14T10:15:28.697717" elapsed="0.001770"/>
</iter>
<iter>
<kw name="Dictionary Should Contain Key" owner="Collections">
<arg>${json_data['results'][0]}</arg>
<arg>${key}</arg>
<doc>Fails if ``key`` is not found from ``dictionary``.</doc>
<status status="PASS" start="2024-06-14T10:15:28.699820" elapsed="0.000375"/>
</kw>
<kw name="Log" owner="BuiltIn">
<msg time="2024-06-14T10:15:28.700735" level="INFO">{'gender': 'male', 'name': {'title': 'Mr', 'first': 'Micheal', 'last': 'Fowler'}, 'location': {'street': {'number': 4239, 'name': 'W Belt Line Rd'}, 'city': 'Nampa', 'state': 'New York', 'country': 'United States', 'postcode': 14360, 'coordinates': {'latitude': '89.2079', 'longitude': '-170.7004'}, 'timezone': {'offset': '+7:00', 'description': 'Bangkok, Hanoi, Jakarta'}}, 'email': 'micheal.fowler@example.com', 'login': {'uuid': 'b4d6d9a0-5c24-4e3d-80b2-3a1d30a74c9b', 'username': 'sadcat308', 'password': '141414', 'salt': 'xVks5o2V', 'md5': '11c7208c52f73a4e7a44fa9d1a845fec', 'sha1': 'a28a4ce83cfa936e21dcff8934c356c3d08e55bd', 'sha256': '942dbe8728e1ba7065c1de7998de8e109a1da5977038cff625f44e4b3e171cd3'}, 'dob': {'date': '1980-10-24T02:04:32.180Z', 'age': 43}, 'registered': {'date': '2004-01-22T18:18:27.647Z', 'age': 20}, 'phone': '(306) 537-6762', 'cell': '(611) 445-6947', 'id': {'name': 'SSN', 'value': '106-20-9467'}, 'picture': {'large': 'https://randomuser.me/api/portraits/men/81.jpg', 'medium': 'https://randomuser.me/api/portraits/med/men/81.jpg', 'thumbnail': 'https://randomuser.me/api/portraits/thumb/men/81.jpg'}, 'nat': 'US'}</msg>
<arg>${json_data['results'][0]}</arg>
<doc>Logs the given message with the given level.</doc>
<status status="PASS" start="2024-06-14T10:15:28.700378" elapsed="0.000405"/>
</kw>
<kw name="Log" owner="BuiltIn">
<msg time="2024-06-14T10:15:28.701239" level="INFO">email</msg>
<arg>${key}</arg>
<doc>Logs the given message with the given level.</doc>
<status status="PASS" start="2024-06-14T10:15:28.701103" elapsed="0.000175"/>
</kw>
<var name="${key}">email</var>
<status status="PASS" start="2024-06-14T10:15:28.699698" elapsed="0.001796"/>
</iter>
<iter>
<kw name="Dictionary Should Contain Key" owner="Collections">
<arg>${json_data['results'][0]}</arg>
<arg>${key}</arg>
<doc>Fails if ``key`` is not found from ``dictionary``.</doc>
<status status="PASS" start="2024-06-14T10:15:28.701778" elapsed="0.000374"/>
</kw>
<kw name="Log" owner="BuiltIn">
<msg time="2024-06-14T10:15:28.702685" level="INFO">{'gender': 'male', 'name': {'title': 'Mr', 'first': 'Micheal', 'last': 'Fowler'}, 'location': {'street': {'number': 4239, 'name': 'W Belt Line Rd'}, 'city': 'Nampa', 'state': 'New York', 'country': 'United States', 'postcode': 14360, 'coordinates': {'latitude': '89.2079', 'longitude': '-170.7004'}, 'timezone': {'offset': '+7:00', 'description': 'Bangkok, Hanoi, Jakarta'}}, 'email': 'micheal.fowler@example.com', 'login': {'uuid': 'b4d6d9a0-5c24-4e3d-80b2-3a1d30a74c9b', 'username': 'sadcat308', 'password': '141414', 'salt': 'xVks5o2V', 'md5': '11c7208c52f73a4e7a44fa9d1a845fec', 'sha1': 'a28a4ce83cfa936e21dcff8934c356c3d08e55bd', 'sha256': '942dbe8728e1ba7065c1de7998de8e109a1da5977038cff625f44e4b3e171cd3'}, 'dob': {'date': '1980-10-24T02:04:32.180Z', 'age': 43}, 'registered': {'date': '2004-01-22T18:18:27.647Z', 'age': 20}, 'phone': '(306) 537-6762', 'cell': '(611) 445-6947', 'id': {'name': 'SSN', 'value': '106-20-9467'}, 'picture': {'large': 'https://randomuser.me/api/portraits/men/81.jpg', 'medium': 'https://randomuser.me/api/portraits/med/men/81.jpg', 'thumbnail': 'https://randomuser.me/api/portraits/thumb/men/81.jpg'}, 'nat': 'US'}</msg>
<arg>${json_data['results'][0]}</arg>
<doc>Logs the given message with the given level.</doc>
<status status="PASS" start="2024-06-14T10:15:28.702338" elapsed="0.000395"/>
</kw>
<kw name="Log" owner="BuiltIn">
<msg time="2024-06-14T10:15:28.703268" level="INFO">login</msg>
<arg>${key}</arg>
<doc>Logs the given message with the given level.</doc>
<status status="PASS" start="2024-06-14T10:15:28.703024" elapsed="0.000282"/>
</kw>
<var name="${key}">login</var>
<status status="PASS" start="2024-06-14T10:15:28.701670" elapsed="0.001866"/>
</iter>
<var>${key}</var>
<value>@{expected_keys}</value>
<status status="PASS" start="2024-06-14T10:15:28.693449" elapsed="0.010256"/>
</for>
<kw name="Create List" owner="BuiltIn">
<msg time="2024-06-14T10:15:28.704041" level="INFO">${expected_keysTwo} = ['username', 'password']</msg>
<var>${expected_keysTwo}</var>
<arg>username</arg>
<arg>password</arg>
<doc>Returns a list containing given items.</doc>
<status status="PASS" start="2024-06-14T10:15:28.703904" elapsed="0.000161"/>
</kw>
<for flavor="IN">
<iter>
<kw name="Dictionary Should Contain Key" owner="Collections">
<arg>${json_data['results'][0]['login']}</arg>
<arg>${keyTwo}</arg>
<doc>Fails if ``key`` is not found from ``dictionary``.</doc>
<status status="PASS" start="2024-06-14T10:15:28.704626" elapsed="0.000384"/>
</kw>
<kw name="Dictionary Should Contain Key" owner="Collections">
<arg>${json_data['results'][0]['login']}</arg>
<arg>${keyTwo}</arg>
<doc>Fails if ``key`` is not found from ``dictionary``.</doc>
<status status="PASS" start="2024-06-14T10:15:28.705190" elapsed="0.000375"/>
</kw>
<kw name="Log" owner="BuiltIn">
<msg time="2024-06-14T10:15:28.705857" level="INFO">username</msg>
<arg>${keyTwo}</arg>
<doc>Logs the given message with the given level.</doc>
<status status="PASS" start="2024-06-14T10:15:28.705740" elapsed="0.000154"/>
</kw>
<var name="${keyTwo}">username</var>
<status status="PASS" start="2024-06-14T10:15:28.704517" elapsed="0.001593"/>
</iter>
<iter>
<kw name="Dictionary Should Contain Key" owner="Collections">
<arg>${json_data['results'][0]['login']}</arg>
<arg>${keyTwo}</arg>
<doc>Fails if ``key`` is not found from ``dictionary``.</doc>
<status status="PASS" start="2024-06-14T10:15:28.706391" elapsed="0.000372"/>
</kw>
<kw name="Dictionary Should Contain Key" owner="Collections">
<arg>${json_data['results'][0]['login']}</arg>
<arg>${keyTwo}</arg>
<doc>Fails if ``key`` is not found from ``dictionary``.</doc>
<status status="PASS" start="2024-06-14T10:15:28.706942" elapsed="0.000365"/>
</kw>
<kw name="Log" owner="BuiltIn">
<msg time="2024-06-14T10:15:28.707621" level="INFO">password</msg>
<arg>${keyTwo}</arg>
<doc>Logs the given message with the given level.</doc>
<status status="PASS" start="2024-06-14T10:15:28.707483" elapsed="0.000187"/>
</kw>
<var name="${keyTwo}">password</var>
<status status="PASS" start="2024-06-14T10:15:28.706286" elapsed="0.001610"/>
</iter>
<var>${keyTwo}</var>
<value>@{expected_keysTwo}</value>
<status status="PASS" start="2024-06-14T10:15:28.704336" elapsed="0.003682"/>
</for>
<status status="PASS" start="2024-06-14T10:15:28.584701" elapsed="0.123458"/>
</kw>
<doc>Testa a estrutura da resposta da API.</doc>
<tag>testeEstruturaResposta</tag>
<status status="PASS" start="2024-06-14T10:15:28.584018" elapsed="0.124307"/>
</test>
<test id="s1-s1-t4" name="Validar tipos de dados" line="28">
<kw name="Teste de Tipos de Dados" owner="random-user-service">
<kw name="GET On Session" owner="RequestsLibrary">
<msg time="2024-06-14T10:15:28.832121" level="INFO">GET Request : url=https://randomuser.me/api 
 path_url=/api 
 headers={'User-Agent': 'python-requests/2.32.3', 'Accept-Encoding': 'gzip, deflate', 'Accept': '*/*', 'Connection': 'keep-alive'} 
 body=None 
 </msg>
<msg time="2024-06-14T10:15:28.832220" level="INFO">GET Response : url=https://randomuser.me/api 
 status=200, reason=OK 
 headers={'Date': 'Fri, 14 Jun 2024 10:15:28 GMT', 'Content-Type': 'application/json; charset=utf-8', 'Transfer-Encoding': 'chunked', 'Connection': 'keep-alive', 'X-Powered-By': 'Express', 'Access-Control-Allow-Origin': '*', 'Cache-Control': 'no-cache', 'ETag': 'W/"497-LhBeAd3OjB4ub0Tp17vEvrJJD+E"', 'Vary': 'Accept-Encoding', 'Content-Encoding': 'gzip', 'CF-Cache-Status': 'DYNAMIC', 'Report-To': '{"endpoints":[{"url":"https:\\/\\/a.nel.cloudflare.com\\/report\\/v4?s=ueUyX7hpDEPIDcGQNDuEmlcjQdHGutKD2BVeKzm%2BI9E6o7dxft5BsBRlU3vgbUy9Y5Qa8lakiudeMnMqEgm8Di1S%2FFambJX8ijhVudGJATEzMNSOTzmcubq15L29exwS"}],"group":"cf-nel","max_age":604800}', 'NEL': '{"success_fraction":0,"report_to":"cf-nel","max_age":604800}', 'Server': 'cloudflare', 'CF-RAY': '89398f347b0a2d19-ORD', 'alt-svc': 'h3=":443"; ma=86400'} 
 body={"results":[{"gender":"male","name":{"title":"Mr","first":"Chanakya","last":"Prajapati"},"location":{"street":{"number":203,"name":"Bannerghatta Rd"},"city":"Bhusawal","state":"Tripura","country":"India","postcode":65272,"coordinates":{"latitude":"12.4686","longitude":"-151.3430"},"timezone":{"offset":"+10:00","description":"Eastern Australia, Guam, Vladivostok"}},"email":"chanakya.prajapati@example.com","login":{"uuid":"4ae002e9-a3f7-40a7-99d5-a51ee3fcf514","username":"smallfrog667","password":"mariposa","salt":"Po9DbPEw","md5":"d1838fa3dcebb5fe2ddd3014804c92c4","sha1":"f088cddd30d71a76f3b7fc22938af2f3b233407d","sha256":"d326e86093dc26d998f661a703829ea0405721229fbcd6d2f7a48996c9cd605c"},"dob":{"date":"1962-12-16T12:56:51.336Z","age":61},"registered":{"date":"2003-12-02T11:09:40.002Z","age":20},"phone":"9297930226","cell":"7633944098","id":{"name":"UIDAI","value":"827530744801"},"picture":{"large":"https://randomuser.me/api/portraits/men/88.jpg","medium":"https://randomuser.me/api/portraits/med/men/88.jpg","thumbnail":"https://randomuser.me/api/portraits/thumb/men/88.jpg"},"nat":"IN"}],"info":{"seed":"b9e47debbcbd7b2b","results":1,"page":1,"version":"1.4"}} 
 </msg>
<msg time="2024-06-14T10:15:28.832292" level="INFO">/opt/hostedtoolcache/Python/3.12.3/x64/lib/python3.12/site-packages/urllib3/connectionpool.py:1103: InsecureRequestWarning: Unverified HTTPS request is being made to host 'randomuser.me'. Adding certificate verification is strongly advised. See: https://urllib3.readthedocs.io/en/latest/advanced-usage.html#tls-warnings
  warnings.warn(</msg>
<msg time="2024-06-14T10:15:28.832431" level="INFO">${response} = &lt;Response [200]&gt;</msg>
<var>${response}</var>
<arg>consultarAPI</arg>
<arg>/api</arg>
<doc>Sends a GET request on a previously created HTTP Session.</doc>
<status status="PASS" start="2024-06-14T10:15:28.710827" elapsed="0.121644"/>
</kw>
<kw name="Set Variable" owner="BuiltIn">
<msg time="2024-06-14T10:15:28.833653" level="INFO">${json_data} = {'results': [{'gender': 'male', 'name': {'title': 'Mr', 'first': 'Chanakya', 'last': 'Prajapati'}, 'location': {'street': {'number': 203, 'name': 'Bannerghatta Rd'}, 'city': 'Bhusawal', 'state': 'Trip...</msg>
<var>${json_data}</var>
<arg>${response.json()}</arg>
<doc>Returns the given values which can then be assigned to a variables.</doc>
<status status="PASS" start="2024-06-14T10:15:28.833104" elapsed="0.000581"/>
</kw>
<kw name="Log" owner="BuiltIn">
<msg time="2024-06-14T10:15:28.834151" level="INFO">{'results': [{'gender': 'male', 'name': {'title': 'Mr', 'first': 'Chanakya', 'last': 'Prajapati'}, 'location': {'street': {'number': 203, 'name': 'Bannerghatta Rd'}, 'city': 'Bhusawal', 'state': 'Tripura', 'country': 'India', 'postcode': 65272, 'coordinates': {'latitude': '12.4686', 'longitude': '-151.3430'}, 'timezone': {'offset': '+10:00', 'description': 'Eastern Australia, Guam, Vladivostok'}}, 'email': 'chanakya.prajapati@example.com', 'login': {'uuid': '4ae002e9-a3f7-40a7-99d5-a51ee3fcf514', 'username': 'smallfrog667', 'password': 'mariposa', 'salt': 'Po9DbPEw', 'md5': 'd1838fa3dcebb5fe2ddd3014804c92c4', 'sha1': 'f088cddd30d71a76f3b7fc22938af2f3b233407d', 'sha256': 'd326e86093dc26d998f661a703829ea0405721229fbcd6d2f7a48996c9cd605c'}, 'dob': {'date': '1962-12-16T12:56:51.336Z', 'age': 61}, 'registered': {'date': '2003-12-02T11:09:40.002Z', 'age': 20}, 'phone': '9297930226', 'cell': '7633944098', 'id': {'name': 'UIDAI', 'value': '827530744801'}, 'picture': {'large': 'https://randomuser.me/api/portraits/men/88.jpg', 'medium': 'https://randomuser.me/api/portraits/med/men/88.jpg', 'thumbnail': 'https://randomuser.me/api/portraits/thumb/men/88.jpg'}, 'nat': 'IN'}], 'info': {'seed': 'b9e47debbcbd7b2b', 'results': 1, 'page': 1, 'version': '1.4'}}</msg>
<arg>${json_data}</arg>
<doc>Logs the given message with the given level.</doc>
<status status="PASS" start="2024-06-14T10:15:28.833996" elapsed="0.000204"/>
</kw>
<kw name="Should Be String" owner="String">
<arg>${json_data['results'][0]['gender']}</arg>
<doc>Fails if the given ``item`` is not a string.</doc>
<status status="PASS" start="2024-06-14T10:15:28.834494" elapsed="0.000364"/>
</kw>
<kw name="Should Match Regexp" owner="BuiltIn">
<arg>${json_data['results'][0]['email']}</arg>
<arg>^[a-zA-Z0-9._%+-]+@[a-zA-Z0-9.-]+\.[a-zA-Z]{2,}$</arg>
<doc>Fails if ``string`` does not match ``pattern`` as a regular expression.</doc>
<status status="PASS" start="2024-06-14T10:15:28.835050" elapsed="0.000518"/>
</kw>
<kw name="Should Match Regexp" owner="BuiltIn">
<arg>${json_data['results'][0]['dob']['date']}</arg>
<arg>\\d{4}-\\d{2}-\\d{2}T\\d{2}:\\d{2}:\\d{2}\\.\\d{3}Z</arg>
<doc>Fails if ``string`` does not match ``pattern`` as a regular expression.</doc>
<status status="PASS" start="2024-06-14T10:15:28.835844" elapsed="0.000502"/>
</kw>
<kw name="Should Match Regexp" owner="BuiltIn">
<arg>${json_data['results'][0]['registered']['date']}</arg>
<arg>\\d{4}-\\d{2}-\\d{2}T\\d{2}:\\d{2}:\\d{2}\\.\\d{3}Z</arg>
<doc>Fails if ``string`` does not match ``pattern`` as a regular expression.</doc>
<status status="PASS" start="2024-06-14T10:15:28.836538" elapsed="0.000361"/>
</kw>
<kw name="Should Match Regexp" owner="BuiltIn">
<arg>${json_data['results'][0]['picture']['large']}</arg>
<arg>^https?://.*\.(?:png|jpe?g|gif|bmp)$</arg>
<doc>Fails if ``string`` does not match ``pattern`` as a regular expression.</doc>
<status status="PASS" start="2024-06-14T10:15:28.837084" elapsed="0.000451"/>
</kw>
<kw name="Should Match Regexp" owner="BuiltIn">
<arg>${json_data['results'][0]['picture']['medium']}</arg>
<arg>^https?://.*\.(?:png|jpe?g|gif|bmp)$</arg>
<doc>Fails if ``string`` does not match ``pattern`` as a regular expression.</doc>
<status status="PASS" start="2024-06-14T10:15:28.837725" elapsed="0.000358"/>
</kw>
<kw name="Should Match Regexp" owner="BuiltIn">
<arg>${json_data['results'][0]['picture']['thumbnail']}</arg>
<arg>^https?://.*\.(?:png|jpe?g|gif|bmp)$</arg>
<doc>Fails if ``string`` does not match ``pattern`` as a regular expression.</doc>
<status status="PASS" start="2024-06-14T10:15:28.838272" elapsed="0.000345"/>
</kw>
<kw name="Log" owner="BuiltIn">
<msg time="2024-06-14T10:15:28.839121" level="INFO">{'large': 'https://randomuser.me/api/portraits/men/88.jpg', 'medium': 'https://randomuser.me/api/portraits/med/men/88.jpg', 'thumbnail': 'https://randomuser.me/api/portraits/thumb/men/88.jpg'}</msg>
<arg>${json_data['results'][0]['picture']}</arg>
<doc>Logs the given message with the given level.</doc>
<status status="PASS" start="2024-06-14T10:15:28.838795" elapsed="0.000368"/>
</kw>
<status status="PASS" start="2024-06-14T10:15:28.710597" elapsed="0.128824"/>
</kw>
<kw name="Teste de Tipos de Dados - Postcode" owner="random-user-service">
<kw name="GET On Session" owner="RequestsLibrary">
<msg time="2024-06-14T10:15:28.906826" level="INFO">GET Request : url=https://randomuser.me/api 
 path_url=/api 
 headers={'User-Agent': 'python-requests/2.32.3', 'Accept-Encoding': 'gzip, deflate', 'Accept': '*/*', 'Connection': 'keep-alive'} 
 body=None 
 </msg>
<msg time="2024-06-14T10:15:28.906939" level="INFO">GET Response : url=https://randomuser.me/api 
 status=200, reason=OK 
 headers={'Date': 'Fri, 14 Jun 2024 10:15:28 GMT', 'Content-Type': 'application/json; charset=utf-8', 'Transfer-Encoding': 'chunked', 'Connection': 'keep-alive', 'X-Powered-By': 'Express', 'Access-Control-Allow-Origin': '*', 'Cache-Control': 'no-cache', 'ETag': 'W/"494-OQGoo4Jdn/brVB5luI/HVEyWgyc"', 'Vary': 'Accept-Encoding', 'Content-Encoding': 'gzip', 'CF-Cache-Status': 'DYNAMIC', 'Report-To': '{"endpoints":[{"url":"https:\\/\\/a.nel.cloudflare.com\\/report\\/v4?s=dgfg7mAOUVNh9sXptx%2BI3c2uF7toLpGMtJcr%2Bd5AmLxt5g%2BnT2ecUq5pE7mQoNpBxdaKi0k0oZpx0i6tqkMSjpFa5NMycVkMPIlXwYBspuNnpqzsDPr1wOwI6xOwAzw5"}],"group":"cf-nel","max_age":604800}', 'NEL': '{"success_fraction":0,"report_to":"cf-nel","max_age":604800}', 'Server': 'cloudflare', 'CF-RAY': '89398f353b8a2d19-ORD', 'alt-svc': 'h3=":443"; ma=86400'} 
 body={"results":[{"gender":"female","name":{"title":"Mrs","first":"Meral","last":"Elçiboğa"},"location":{"street":{"number":4561,"name":"Anafartalar Cd"},"city":"Zonguldak","state":"Burdur","country":"Turkey","postcode":61578,"coordinates":{"latitude":"71.4852","longitude":"142.4539"},"timezone":{"offset":"-4:00","description":"Atlantic Time (Canada), Caracas, La Paz"}},"email":"meral.elciboga@example.com","login":{"uuid":"a56471d2-95ca-4a36-9cb5-dbf9978a3771","username":"greensnake729","password":"ramsey","salt":"uVONmy3X","md5":"a3659d71465c1c3d552f5cdcd6514eed","sha1":"036e6eb5487ab81e61275650558c5e6ebdead312","sha256":"cccf9efc1dfa0496b88fa19df30cbdef7b269b081c21c861ef14fdd0190945f2"},"dob":{"date":"2000-04-22T21:40:32.331Z","age":24},"registered":{"date":"2013-10-26T12:53:30.255Z","age":10},"phone":"(456)-144-0624","cell":"(976)-040-1361","id":{"name":"","value":null},"picture":{"large":"https://randomuser.me/api/portraits/women/55.jpg","medium":"https://randomuser.me/api/portraits/med/women/55.jpg","thumbnail":"https://randomuser.me/api/portraits/thumb/women/55.jpg"},"nat":"TR"}],"info":{"seed":"6e68c7544341ae64","results":1,"page":1,"version":"1.4"}} 
 </msg>
<msg time="2024-06-14T10:15:28.907048" level="INFO">/opt/hostedtoolcache/Python/3.12.3/x64/lib/python3.12/site-packages/urllib3/connectionpool.py:1103: InsecureRequestWarning: Unverified HTTPS request is being made to host 'randomuser.me'. Adding certificate verification is strongly advised. See: https://urllib3.readthedocs.io/en/latest/advanced-usage.html#tls-warnings
  warnings.warn(</msg>
<msg time="2024-06-14T10:15:28.907186" level="INFO">${response} = &lt;Response [200]&gt;</msg>
<var>${response}</var>
<arg>consultarAPI</arg>
<arg>/api</arg>
<doc>Sends a GET request on a previously created HTTP Session.</doc>
<status status="PASS" start="2024-06-14T10:15:28.839936" elapsed="0.067280"/>
</kw>
<kw name="Set Variable" owner="BuiltIn">
<msg time="2024-06-14T10:15:28.908296" level="INFO">${json_data} = {'results': [{'gender': 'female', 'name': {'title': 'Mrs', 'first': 'Meral', 'last': 'Elçiboğa'}, 'location': {'street': {'number': 4561, 'name': 'Anafartalar Cd'}, 'city': 'Zonguldak', 'state': 'Burd...</msg>
<var>${json_data}</var>
<arg>${response.json()}</arg>
<doc>Returns the given values which can then be assigned to a variables.</doc>
<status status="PASS" start="2024-06-14T10:15:28.907778" elapsed="0.000550"/>
</kw>
<kw name="Log" owner="BuiltIn">
<msg time="2024-06-14T10:15:28.908800" level="INFO">{'results': [{'gender': 'female', 'name': {'title': 'Mrs', 'first': 'Meral', 'last': 'Elçiboğa'}, 'location': {'street': {'number': 4561, 'name': 'Anafartalar Cd'}, 'city': 'Zonguldak', 'state': 'Burdur', 'country': 'Turkey', 'postcode': 61578, 'coordinates': {'latitude': '71.4852', 'longitude': '142.4539'}, 'timezone': {'offset': '-4:00', 'description': 'Atlantic Time (Canada), Caracas, La Paz'}}, 'email': 'meral.elciboga@example.com', 'login': {'uuid': 'a56471d2-95ca-4a36-9cb5-dbf9978a3771', 'username': 'greensnake729', 'password': 'ramsey', 'salt': 'uVONmy3X', 'md5': 'a3659d71465c1c3d552f5cdcd6514eed', 'sha1': '036e6eb5487ab81e61275650558c5e6ebdead312', 'sha256': 'cccf9efc1dfa0496b88fa19df30cbdef7b269b081c21c861ef14fdd0190945f2'}, 'dob': {'date': '2000-04-22T21:40:32.331Z', 'age': 24}, 'registered': {'date': '2013-10-26T12:53:30.255Z', 'age': 10}, 'phone': '(456)-144-0624', 'cell': '(976)-040-1361', 'id': {'name': '', 'value': None}, 'picture': {'large': 'https://randomuser.me/api/portraits/women/55.jpg', 'medium': 'https://randomuser.me/api/portraits/med/women/55.jpg', 'thumbnail': 'https://randomuser.me/api/portraits/thumb/women/55.jpg'}, 'nat': 'TR'}], 'info': {'seed': '6e68c7544341ae64', 'results': 1, 'page': 1, 'version': '1.4'}}</msg>
<arg>${json_data}</arg>
<doc>Logs the given message with the given level.</doc>
<status status="PASS" start="2024-06-14T10:15:28.908641" elapsed="0.000207"/>
</kw>
<kw name="Should Be Equal As Numbers" owner="BuiltIn">
<arg>${json_data['results'][0]['location']['postcode']}</arg>
<arg>${json_data['results'][0]['location']['postcode']}</arg>
<doc>Fails if objects are unequal after converting them to real numbers.</doc>
<status status="PASS" start="2024-06-14T10:15:28.909143" elapsed="0.000618"/>
</kw>
<kw name="Log" owner="BuiltIn">
<msg time="2024-06-14T10:15:28.910282" level="INFO">61578</msg>
<arg>${json_data['results'][0]['location']['postcode']}</arg>
<doc>Logs the given message with the given level.</doc>
<status status="PASS" start="2024-06-14T10:15:28.909948" elapsed="0.000375"/>
</kw>
<status status="PASS" start="2024-06-14T10:15:28.839689" elapsed="0.070921"/>
</kw>
<doc>Testa se os tipos de dados na resposta da API estão corretos.</doc>
<tag>testeTiposDados</tag>
<status status="PASS" start="2024-06-14T10:15:28.710103" elapsed="0.200690"/>
</test>
<test id="s1-s1-t5" name="Validar conteudo" line="35">
<kw name="Teste de Tipos de Conteudo" owner="random-user-service">
<kw name="GET On Session" owner="RequestsLibrary">
<msg time="2024-06-14T10:15:29.043902" level="INFO">GET Request : url=https://randomuser.me/api 
 path_url=/api 
 headers={'User-Agent': 'python-requests/2.32.3', 'Accept-Encoding': 'gzip, deflate', 'Accept': '*/*', 'Connection': 'keep-alive'} 
 body=None 
 </msg>
<msg time="2024-06-14T10:15:29.044014" level="INFO">GET Response : url=https://randomuser.me/api 
 status=200, reason=OK 
 headers={'Date': 'Fri, 14 Jun 2024 10:15:29 GMT', 'Content-Type': 'application/json; charset=utf-8', 'Transfer-Encoding': 'chunked', 'Connection': 'keep-alive', 'X-Powered-By': 'Express', 'Access-Control-Allow-Origin': '*', 'Cache-Control': 'no-cache', 'ETag': 'W/"484-VUs/XhvqLoqrNWPnlXx2QWJbX+U"', 'Vary': 'Accept-Encoding', 'Content-Encoding': 'gzip', 'CF-Cache-Status': 'DYNAMIC', 'Report-To': '{"endpoints":[{"url":"https:\\/\\/a.nel.cloudflare.com\\/report\\/v4?s=qMQ13laxad66Ejf7ov%2BGiV9O8OOPDieIbaxOJDfjVuXcRs5uwajaP7T1hQzqLpOWWfDI0cGoqa%2FSS8VzzaV2eQbwnS%2BEfRKHVEn3MnjwTs8LKbxCxvItZUEUZR8yRvh%2F"}],"group":"cf-nel","max_age":604800}', 'NEL': '{"success_fraction":0,"report_to":"cf-nel","max_age":604800}', 'Server': 'cloudflare', 'CF-RAY': '89398f35bbe12d19-ORD', 'alt-svc': 'h3=":443"; ma=86400'} 
 body={"results":[{"gender":"female","name":{"title":"Ms","first":"Fleurine","last":"Wierda"},"location":{"street":{"number":559,"name":"Flieraijseweg"},"city":"Wedde","state":"Noord-Holland","country":"Netherlands","postcode":"9667 YP","coordinates":{"latitude":"33.9394","longitude":"123.6345"},"timezone":{"offset":"+5:45","description":"Kathmandu"}},"email":"fleurine.wierda@example.com","login":{"uuid":"4ffc08e9-824a-4df1-8eff-1ae816e757f9","username":"yellowcat685","password":"yankees1","salt":"kqPZ0fs5","md5":"64541c4b2afdac7c6753a28993769640","sha1":"9129d6b887efb9d804b0f9b85ef12a2dedab39f9","sha256":"a04999ec94158e5397c64b380f528090e5462a7851100038eb7a07b3d1029865"},"dob":{"date":"1996-12-19T23:08:18.691Z","age":27},"registered":{"date":"2013-06-19T00:56:28.436Z","age":10},"phone":"(0304) 890103","cell":"(06) 98025691","id":{"name":"BSN","value":"13075504"},"picture":{"large":"https://randomuser.me/api/portraits/women/6.jpg","medium":"https://randomuser.me/api/portraits/med/women/6.jpg","thumbnail":"https://randomuser.me/api/portraits/thumb/women/6.jpg"},"nat":"NL"}],"info":{"seed":"f9cb727a1a636599","results":1,"page":1,"version":"1.4"}} 
 </msg>
<msg time="2024-06-14T10:15:29.044095" level="INFO">/opt/hostedtoolcache/Python/3.12.3/x64/lib/python3.12/site-packages/urllib3/connectionpool.py:1103: InsecureRequestWarning: Unverified HTTPS request is being made to host 'randomuser.me'. Adding certificate verification is strongly advised. See: https://urllib3.readthedocs.io/en/latest/advanced-usage.html#tls-warnings
  warnings.warn(</msg>
<msg time="2024-06-14T10:15:29.044226" level="INFO">${response} = &lt;Response [200]&gt;</msg>
<var>${response}</var>
<arg>consultarAPI</arg>
<arg>/api</arg>
<doc>Sends a GET request on a previously created HTTP Session.</doc>
<status status="PASS" start="2024-06-14T10:15:28.913318" elapsed="0.130953"/>
</kw>
<kw name="Set Variable" owner="BuiltIn">
<msg time="2024-06-14T10:15:29.045333" level="INFO">${json_data} = {'results': [{'gender': 'female', 'name': {'title': 'Ms', 'first': 'Fleurine', 'last': 'Wierda'}, 'location': {'street': {'number': 559, 'name': 'Flieraijseweg'}, 'city': 'Wedde', 'state': 'Noord-Holl...</msg>
<var>${json_data}</var>
<arg>${response.json()}</arg>
<doc>Returns the given values which can then be assigned to a variables.</doc>
<status status="PASS" start="2024-06-14T10:15:29.044819" elapsed="0.000544"/>
</kw>
<kw name="Set Variable" owner="BuiltIn">
<msg time="2024-06-14T10:15:29.046061" level="INFO">${name_title} = Ms</msg>
<var>${name_title}</var>
<arg>${json_data["results"][0]["name"]["title"]}</arg>
<doc>Returns the given values which can then be assigned to a variables.</doc>
<status status="PASS" start="2024-06-14T10:15:29.045679" elapsed="0.000414"/>
</kw>
<kw name="Create List" owner="BuiltIn">
<msg time="2024-06-14T10:15:29.046541" level="INFO">${allowed_titles} = ['Mr', 'Ms', 'Miss', 'Mrs', 'Madame', 'Monsieur']</msg>
<var>${allowed_titles}</var>
<arg>Mr</arg>
<arg>Ms</arg>
<arg>Miss</arg>
<arg>Mrs</arg>
<arg>Madame</arg>
<arg>Monsieur</arg>
<doc>Returns a list containing given items.</doc>
<status status="PASS" start="2024-06-14T10:15:29.046391" elapsed="0.000174"/>
</kw>
<kw name="List Should Contain Value" owner="Collections">
<arg>${allowed_titles}</arg>
<arg>${name_title}</arg>
<doc>Fails if the ``value`` is not found from ``list``.</doc>
<status status="PASS" start="2024-06-14T10:15:29.046859" elapsed="0.000174"/>
</kw>
<kw name="Set Variable" owner="BuiltIn">
<msg time="2024-06-14T10:15:29.047606" level="INFO">${name_country} = NL</msg>
<var>${name_country}</var>
<arg>${json_data["results"][0]["nat"]}</arg>
<doc>Returns the given values which can then be assigned to a variables.</doc>
<status status="PASS" start="2024-06-14T10:15:29.047209" elapsed="0.000439"/>
</kw>
<kw name="Create List" owner="BuiltIn">
<msg time="2024-06-14T10:15:29.048544" level="INFO">${list_country} = ['AD', 'AE', 'AF', 'AG', 'AI', 'AL', 'AM', 'AO', 'AQ', 'AR', 'AS', 'AT', 'AU', 'AW', 'AX', 'AZ', 'BA', 'BB', 'BD', 'BE', 'BF', 'BG', 'BH', 'BI', 'BJ', 'BL', 'BM', 'BN', 'BO', 'BQ', 'BR', 'BS', 'BT', '...</msg>
<var>${list_country}</var>
<arg>AD</arg>
<arg>AE</arg>
<arg>AF</arg>
<arg>AG</arg>
<arg>AI</arg>
<arg>AL</arg>
<arg>AM</arg>
<arg>AO</arg>
<arg>AQ</arg>
<arg>AR</arg>
<arg>AS</arg>
<arg>AT</arg>
<arg>AU</arg>
<arg>AW</arg>
<arg>AX</arg>
<arg>AZ</arg>
<arg>BA</arg>
<arg>BB</arg>
<arg>BD</arg>
<arg>BE</arg>
<arg>BF</arg>
<arg>BG</arg>
<arg>BH</arg>
<arg>BI</arg>
<arg>BJ</arg>
<arg>BL</arg>
<arg>BM</arg>
<arg>BN</arg>
<arg>BO</arg>
<arg>BQ</arg>
<arg>BR</arg>
<arg>BS</arg>
<arg>BT</arg>
<arg>BV</arg>
<arg>BW</arg>
<arg>BY</arg>
<arg>BZ</arg>
<arg>CA</arg>
<arg>CC</arg>
<arg>CD</arg>
<arg>CF</arg>
<arg>CG</arg>
<arg>CH</arg>
<arg>CI</arg>
<arg>CK</arg>
<arg>CL</arg>
<arg>CM</arg>
<arg>CN</arg>
<arg>CO</arg>
<arg>CR</arg>
<arg>CU</arg>
<arg>CV</arg>
<arg>CW</arg>
<arg>CX</arg>
<arg>CY</arg>
<arg>CZ</arg>
<arg>DE</arg>
<arg>DJ</arg>
<arg>DK</arg>
<arg>DM</arg>
<arg>DO</arg>
<arg>DZ</arg>
<arg>EC</arg>
<arg>EE</arg>
<arg>EG</arg>
<arg>EH</arg>
<arg>ER</arg>
<arg>ES</arg>
<arg>ET</arg>
<arg>FI</arg>
<arg>FJ</arg>
<arg>FK</arg>
<arg>FM</arg>
<arg>FO</arg>
<arg>FR</arg>
<arg>GA</arg>
<arg>GB</arg>
<arg>GD</arg>
<arg>GE</arg>
<arg>GF</arg>
<arg>GG</arg>
<arg>GH</arg>
<arg>GI</arg>
<arg>GL</arg>
<arg>GM</arg>
<arg>GN</arg>
<arg>GP</arg>
<arg>GQ</arg>
<arg>GR</arg>
<arg>GS</arg>
<arg>GT</arg>
<arg>GU</arg>
<arg>GW</arg>
<arg>GY</arg>
<arg>HK</arg>
<arg>HM</arg>
<arg>HN</arg>
<arg>HR</arg>
<arg>HT</arg>
<arg>HU</arg>
<arg>ID</arg>
<arg>IE</arg>
<arg>IL</arg>
<arg>IM</arg>
<arg>IN</arg>
<arg>IO</arg>
<arg>IQ</arg>
<arg>IR</arg>
<arg>IS</arg>
<arg>IT</arg>
<arg>JE</arg>
<arg>JM</arg>
<arg>JO</arg>
<arg>JP</arg>
<arg>KE</arg>
<arg>KG</arg>
<arg>KH</arg>
<arg>KI</arg>
<arg>KM</arg>
<arg>KN</arg>
<arg>KP</arg>
<arg>KR</arg>
<arg>KW</arg>
<arg>KY</arg>
<arg>KZ</arg>
<arg>LA</arg>
<arg>LB</arg>
<arg>LC</arg>
<arg>LI</arg>
<arg>LK</arg>
<arg>LR</arg>
<arg>LS</arg>
<arg>LT</arg>
<arg>LU</arg>
<arg>LV</arg>
<arg>LY</arg>
<arg>MA</arg>
<arg>MC</arg>
<arg>MD</arg>
<arg>ME</arg>
<arg>MF</arg>
<arg>MG</arg>
<arg>MH</arg>
<arg>MK</arg>
<arg>ML</arg>
<arg>MM</arg>
<arg>MN</arg>
<arg>MO</arg>
<arg>MP</arg>
<arg>MQ</arg>
<arg>MR</arg>
<arg>MS</arg>
<arg>MT</arg>
<arg>MU</arg>
<arg>MV</arg>
<arg>MW</arg>
<arg>MX</arg>
<arg>MY</arg>
<arg>MZ</arg>
<arg>NA</arg>
<arg>NC</arg>
<arg>NE</arg>
<arg>NF</arg>
<arg>NG</arg>
<arg>NI</arg>
<arg>NL</arg>
<arg>NO</arg>
<arg>NP</arg>
<arg>NR</arg>
<arg>NU</arg>
<arg>NZ</arg>
<arg>OM</arg>
<arg>PA</arg>
<arg>PE</arg>
<arg>PF</arg>
<arg>PG</arg>
<arg>PH</arg>
<arg>PK</arg>
<arg>PL</arg>
<arg>PM</arg>
<arg>PN</arg>
<arg>PR</arg>
<arg>PS</arg>
<arg>PT</arg>
<arg>PW</arg>
<arg>PY</arg>
<arg>QA</arg>
<arg>RE</arg>
<arg>RO</arg>
<arg>RS</arg>
<arg>RU</arg>
<arg>RW</arg>
<arg>SA</arg>
<arg>SB</arg>
<arg>SC</arg>
<arg>SD</arg>
<arg>SE</arg>
<arg>SG</arg>
<arg>SH</arg>
<arg>SI</arg>
<arg>SJ</arg>
<arg>SK</arg>
<arg>SL</arg>
<arg>SM</arg>
<arg>SN</arg>
<arg>SO</arg>
<arg>SR</arg>
<arg>SS</arg>
<arg>ST</arg>
<arg>SV</arg>
<arg>SX</arg>
<arg>SY</arg>
<arg>SZ</arg>
<arg>TC</arg>
<arg>TD</arg>
<arg>TF</arg>
<arg>TG</arg>
<arg>TH</arg>
<arg>TJ</arg>
<arg>TK</arg>
<arg>TL</arg>
<arg>TM</arg>
<arg>TN</arg>
<arg>TO</arg>
<arg>TR</arg>
<arg>TT</arg>
<arg>TV</arg>
<arg>TW</arg>
<arg>TZ</arg>
<arg>UA</arg>
<arg>UG</arg>
<arg>UM</arg>
<arg>US</arg>
<arg>UY</arg>
<arg>UZ</arg>
<arg>VA</arg>
<arg>VC</arg>
<arg>VE</arg>
<arg>VG</arg>
<arg>VI</arg>
<arg>VN</arg>
<arg>VU</arg>
<arg>WF</arg>
<arg>WS</arg>
<arg>XK</arg>
<arg>YE</arg>
<arg>YT</arg>
<arg>ZA</arg>
<arg>ZM</arg>
<arg>ZW</arg>
<doc>Returns a list containing given items.</doc>
<status status="PASS" start="2024-06-14T10:15:29.047956" elapsed="0.000614"/>
</kw>
<kw name="List Should Contain Value" owner="Collections">
<arg>${list_country}</arg>
<arg>${name_country}</arg>
<doc>Fails if the ``value`` is not found from ``list``.</doc>
<status status="PASS" start="2024-06-14T10:15:29.049367" elapsed="0.000206"/>
</kw>
<kw name="Run Keyword If" owner="BuiltIn">
<kw name="Should Be True" owner="BuiltIn">
<arg>${True}</arg>
<doc>Fails if the given condition is not true.</doc>
<status status="PASS" start="2024-06-14T10:15:29.050648" elapsed="0.000143"/>
</kw>
<arg>${json_data["results"][0]["location"]["coordinates"]["latitude"]} &gt;= -90 and ${json_data["results"][0]["location"]["coordinates"]["latitude"]} &lt;= 90</arg>
<arg>Should Be True</arg>
<arg>${True}</arg>
<doc>Runs the given keyword with the given arguments, if ``condition`` is true.</doc>
<status status="PASS" start="2024-06-14T10:15:29.049773" elapsed="0.001144"/>
</kw>
<kw name="Run Keyword If" owner="BuiltIn">
<kw name="Should Be True" owner="BuiltIn">
<arg>${True}</arg>
<doc>Fails if the given condition is not true.</doc>
<status status="PASS" start="2024-06-14T10:15:29.051817" elapsed="0.000137"/>
</kw>
<arg>${json_data["results"][0]["location"]["coordinates"]["longitude"]} &gt;= -180 and ${json_data["results"][0]["location"]["coordinates"]["longitude"]} &lt;= 180</arg>
<arg>Should Be True</arg>
<arg>${True}</arg>
<doc>Runs the given keyword with the given arguments, if ``condition`` is true.</doc>
<status status="PASS" start="2024-06-14T10:15:29.051097" elapsed="0.000979"/>
</kw>
<status status="PASS" start="2024-06-14T10:15:28.913077" elapsed="0.139131"/>
</kw>
<doc>Testa o conteúdo específico dos campos retornados pela API.</doc>
<tag>testeConteudo</tag>
<status status="PASS" start="2024-06-14T10:15:28.912598" elapsed="0.139763"/>
</test>
<status status="PASS" start="2024-06-14T10:15:27.984853" elapsed="1.069432"/>
</suite>
<status status="PASS" start="2024-06-14T10:15:27.971224" elapsed="1.088139"/>
</suite>
<statistics>
<total>
<stat pass="5" fail="0" skip="0">All Tests</stat>
</total>
<tag>
<stat pass="1" fail="0" skip="0">testeConteudo</stat>
<stat pass="1" fail="0" skip="0">testeEstruturaResposta</stat>
<stat pass="1" fail="0" skip="0">testeRequisicaoBasica</stat>
<stat pass="1" fail="0" skip="0">testeTiposDados</stat>
</tag>
<suite>
<stat pass="5" fail="0" skip="0" id="s1" name="Tests">Tests</stat>
<stat pass="5" fail="0" skip="0" id="s1-s1" name="Random-User-Test">Tests.Random-User-Test</stat>
</suite>
</statistics>
<errors>
</errors>
</robot>
