<?xml version="1.0" encoding="UTF-8"?>
<robot generator="Robot 7.0.1 (Python 3.12.4 on linux)" generated="2024-07-17T20:16:13.746800" rpa="false" schemaversion="5">
<suite id="s1" name="Tests" source="/home/runner/work/ApiRandomUser/ApiRandomUser/RamdonUser/tests">
<suite id="s1-s1" name="Random-User-Test" source="/home/runner/work/ApiRandomUser/ApiRandomUser/RamdonUser/tests/random-user-test.robot">
<test id="s1-s1-t1" name="Conectar" line="13">
<kw name="Conectar API" owner="random-user-service">
<kw name="Create Session" owner="RequestsLibrary">
<msg time="2024-07-17T20:16:14.134092" level="INFO">Creating Session using : alias=consultarAPI, url=https://randomuser.me/, headers={},                     cookies={}, auth=None, timeout=None, proxies=None, verify=False,                     debug=0 </msg>
<arg>consultarAPI</arg>
<arg>${URL}</arg>
<doc>Create Session: create a HTTP session to a server</doc>
<status status="PASS" start="2024-07-17T20:16:14.133894" elapsed="0.000366"/>
</kw>
<status status="PASS" start="2024-07-17T20:16:14.132932" elapsed="0.001669"/>
</kw>
<status status="PASS" start="2024-07-17T20:16:14.132425" elapsed="0.002368"/>
</test>
<test id="s1-s1-t2" name="Validar retorno 200 e JSON Válido" line="16">
<kw name="Teste de Requisicao Basica" owner="random-user-service">
<kw name="GET On Session" owner="RequestsLibrary">
<msg time="2024-07-17T20:16:14.289897" level="INFO">GET Request : url=https://randomuser.me/api 
 path_url=/api 
 headers={'User-Agent': 'python-requests/2.32.3', 'Accept-Encoding': 'gzip, deflate', 'Accept': '*/*', 'Connection': 'keep-alive'} 
 body=None 
 </msg>
<msg time="2024-07-17T20:16:14.289997" level="INFO">GET Response : url=https://randomuser.me/api 
 status=200, reason=OK 
 headers={'Date': 'Wed, 17 Jul 2024 20:16:14 GMT', 'Content-Type': 'application/json; charset=utf-8', 'Transfer-Encoding': 'chunked', 'Connection': 'keep-alive', 'X-Powered-By': 'Express', 'Access-Control-Allow-Origin': '*', 'Cache-Control': 'no-cache', 'ETag': 'W/"47b-a0shzUMHiIQ7Q6uzwgMmc5ohbDM"', 'Vary': 'Accept-Encoding', 'Content-Encoding': 'gzip', 'CF-Cache-Status': 'DYNAMIC', 'Report-To': '{"endpoints":[{"url":"https:\\/\\/a.nel.cloudflare.com\\/report\\/v4?s=LqxLEFSN8yhhCO3IAc8sX7rbbLCWTZPHIHCnxn7xvF4HUYPTG4OZfSRbocNE65E%2Bs8zlLHd4LWXR%2BoPFy%2FwMUzHk%2FaVzY%2B7KLPEyvfqlQ8s7wwhqkeCW7MHxRyc9eZh%2B"}],"group":"cf-nel","max_age":604800}', 'NEL': '{"success_fraction":0,"report_to":"cf-nel","max_age":604800}', 'Server': 'cloudflare', 'CF-RAY': '8a4ce898bff11025-LAX', 'alt-svc': 'h3=":443"; ma=86400'} 
 body={"results":[{"gender":"male","name":{"title":"Mr","first":"Ümit","last":"Özkara"},"location":{"street":{"number":8538,"name":"Vatan Cd"},"city":"Karabük","state":"Van","country":"Turkey","postcode":24265,"coordinates":{"latitude":"67.6287","longitude":"-54.3823"},"timezone":{"offset":"+5:30","description":"Bombay, Calcutta, Madras, New Delhi"}},"email":"umit.ozkara@example.com","login":{"uuid":"efbdffc2-5ca1-4ba6-8217-f26d7a539c22","username":"beautifulkoala964","password":"budman","salt":"uWNdQNAd","md5":"cb83104ead3aa5751a5941aabc191fa6","sha1":"03561ce41620e7eed7e72def243dd8ece7514d92","sha256":"8b887bcc2707d5fd122f70848c1cd30a3c6d7a0726ef845f3cf865f3e7136951"},"dob":{"date":"1952-12-26T07:05:53.083Z","age":71},"registered":{"date":"2010-05-29T16:59:58.745Z","age":14},"phone":"(463)-157-1151","cell":"(349)-241-3757","id":{"name":"","value":null},"picture":{"large":"https://randomuser.me/api/portraits/men/82.jpg","medium":"https://randomuser.me/api/portraits/med/men/82.jpg","thumbnail":"https://randomuser.me/api/portraits/thumb/men/82.jpg"},"nat":"TR"}],"info":{"seed":"97298e544b3f8012","results":1,"page":1,"version":"1.4"}} 
 </msg>
<msg time="2024-07-17T20:16:14.290065" level="INFO">/opt/hostedtoolcache/Python/3.12.4/x64/lib/python3.12/site-packages/urllib3/connectionpool.py:1099: InsecureRequestWarning: Unverified HTTPS request is being made to host 'randomuser.me'. Adding certificate verification is strongly advised. See: https://urllib3.readthedocs.io/en/latest/advanced-usage.html#tls-warnings
  warnings.warn(</msg>
<msg time="2024-07-17T20:16:14.290166" level="INFO">${response} = &lt;Response [200]&gt;</msg>
<var>${response}</var>
<arg>consultarAPI</arg>
<arg>/api</arg>
<doc>Sends a GET request on a previously created HTTP Session.</doc>
<status status="PASS" start="2024-07-17T20:16:14.137329" elapsed="0.152870"/>
</kw>
<kw name="Should Be Equal As Numbers" owner="BuiltIn">
<msg time="2024-07-17T20:16:14.291008" level="INFO">Argument types are:
&lt;class 'int'&gt;
&lt;class 'str'&gt;</msg>
<arg>${response.status_code}</arg>
<arg>200</arg>
<doc>Fails if objects are unequal after converting them to real numbers.</doc>
<status status="PASS" start="2024-07-17T20:16:14.290604" elapsed="0.000467"/>
</kw>
<kw name="Log" owner="BuiltIn">
<msg time="2024-07-17T20:16:14.291743" level="INFO">200</msg>
<arg>${response.status_code}</arg>
<doc>Logs the given message with the given level.</doc>
<status status="PASS" start="2024-07-17T20:16:14.291390" elapsed="0.000397"/>
</kw>
<kw name="Set Variable" owner="BuiltIn">
<msg time="2024-07-17T20:16:14.292531" level="INFO">${json_data} = {'results': [{'gender': 'male', 'name': {'title': 'Mr', 'first': 'Ümit', 'last': 'Özkara'}, 'location': {'street': {'number': 8538, 'name': 'Vatan Cd'}, 'city': 'Karabük', 'state': 'Van', 'country': '...</msg>
<var>${json_data}</var>
<arg>${response.json()}</arg>
<doc>Returns the given values which can then be assigned to a variables.</doc>
<status status="PASS" start="2024-07-17T20:16:14.292091" elapsed="0.000469"/>
</kw>
<kw name="Dictionary Should Contain Key" owner="Collections">
<arg>${json_data}</arg>
<arg>results</arg>
<doc>Fails if ``key`` is not found from ``dictionary``.</doc>
<status status="PASS" start="2024-07-17T20:16:14.292864" elapsed="0.000164"/>
</kw>
<status status="PASS" start="2024-07-17T20:16:14.137084" elapsed="0.156087"/>
</kw>
<doc>Testa se a API responde corretamente e retorna um objeto JSON válido.</doc>
<tag>testeRequisicaoBasica</tag>
<status status="PASS" start="2024-07-17T20:16:14.136631" elapsed="0.156704"/>
</test>
<test id="s1-s1-t3" name="Validar estrutura de resposta" line="22">
<kw name="Teste de Estrutura de Resposta" owner="random-user-service">
<kw name="GET On Session" owner="RequestsLibrary">
<msg time="2024-07-17T20:16:14.406674" level="INFO">GET Request : url=https://randomuser.me/api 
 path_url=/api 
 headers={'User-Agent': 'python-requests/2.32.3', 'Accept-Encoding': 'gzip, deflate', 'Accept': '*/*', 'Connection': 'keep-alive'} 
 body=None 
 </msg>
<msg time="2024-07-17T20:16:14.406740" level="INFO">GET Response : url=https://randomuser.me/api 
 status=200, reason=OK 
 headers={'Date': 'Wed, 17 Jul 2024 20:16:14 GMT', 'Content-Type': 'application/json; charset=utf-8', 'Transfer-Encoding': 'chunked', 'Connection': 'keep-alive', 'X-Powered-By': 'Express', 'Access-Control-Allow-Origin': '*', 'Cache-Control': 'no-cache', 'ETag': 'W/"48e-ZaIM+J/SOxigi2G/zyHMwGKIPzI"', 'Vary': 'Accept-Encoding', 'Content-Encoding': 'gzip', 'CF-Cache-Status': 'DYNAMIC', 'Report-To': '{"endpoints":[{"url":"https:\\/\\/a.nel.cloudflare.com\\/report\\/v4?s=ZS7aszl%2FjJfJtNhZ4ViIo6Nh9ewD4u2wjHF3zlWbL3F8Ly7LDhCamuYuDB4CUnUC2HtLW0VpQtmLoR5VJAnqw3bHFtLsw5YsAoeOoGgVtW9HNnNYLVpf6OHL6D4eWKfs"}],"group":"cf-nel","max_age":604800}', 'NEL': '{"success_fraction":0,"report_to":"cf-nel","max_age":604800}', 'Server': 'cloudflare', 'CF-RAY': '8a4ce899696e1025-LAX', 'alt-svc': 'h3=":443"; ma=86400'} 
 body={"results":[{"gender":"male","name":{"title":"Mr","first":"Victor","last":"Phillips"},"location":{"street":{"number":4392,"name":"The Crescent"},"city":"Belfast","state":"Buckinghamshire","country":"United Kingdom","postcode":"JR23 5XY","coordinates":{"latitude":"-9.2200","longitude":"-168.8231"},"timezone":{"offset":"-10:00","description":"Hawaii"}},"email":"victor.phillips@example.com","login":{"uuid":"fb17d11d-8f3b-4129-b871-ad1e649fa55b","username":"lazybutterfly693","password":"koolaid","salt":"H9mSgiJD","md5":"1a2b1a8f7cc0e9c01a33d0ce46a05d6c","sha1":"5992d3e1cedd215a8bf0b0fb059b1fb514fd00ac","sha256":"32e0a974cf3c04777073cf1cb63d1fa423c561bad92902e5007c1e98bee84398"},"dob":{"date":"1991-04-24T21:33:17.662Z","age":33},"registered":{"date":"2003-07-03T07:26:28.339Z","age":21},"phone":"0191 288 6622","cell":"07282 433912","id":{"name":"NINO","value":"RJ 49 77 92 F"},"picture":{"large":"https://randomuser.me/api/portraits/men/93.jpg","medium":"https://randomuser.me/api/portraits/med/men/93.jpg","thumbnail":"https://randomuser.me/api/portraits/thumb/men/93.jpg"},"nat":"GB"}],"info":{"seed":"b45e0228eaddc590","results":1,"page":1,"version":"1.4"}} 
 </msg>
<msg time="2024-07-17T20:16:14.406834" level="INFO">/opt/hostedtoolcache/Python/3.12.4/x64/lib/python3.12/site-packages/urllib3/connectionpool.py:1099: InsecureRequestWarning: Unverified HTTPS request is being made to host 'randomuser.me'. Adding certificate verification is strongly advised. See: https://urllib3.readthedocs.io/en/latest/advanced-usage.html#tls-warnings
  warnings.warn(</msg>
<msg time="2024-07-17T20:16:14.406935" level="INFO">${response} = &lt;Response [200]&gt;</msg>
<var>${response}</var>
<arg>consultarAPI</arg>
<arg>/api</arg>
<doc>Sends a GET request on a previously created HTTP Session.</doc>
<status status="PASS" start="2024-07-17T20:16:14.296282" elapsed="0.110695"/>
</kw>
<kw name="Set Variable" owner="BuiltIn">
<msg time="2024-07-17T20:16:14.407974" level="INFO">${json_data} = {'results': [{'gender': 'male', 'name': {'title': 'Mr', 'first': 'Victor', 'last': 'Phillips'}, 'location': {'street': {'number': 4392, 'name': 'The Crescent'}, 'city': 'Belfast', 'state': 'Buckingham...</msg>
<var>${json_data}</var>
<arg>${response.json()}</arg>
<doc>Returns the given values which can then be assigned to a variables.</doc>
<status status="PASS" start="2024-07-17T20:16:14.407424" elapsed="0.000580"/>
</kw>
<kw name="Log" owner="BuiltIn">
<msg time="2024-07-17T20:16:14.408465" level="INFO">{'results': [{'gender': 'male', 'name': {'title': 'Mr', 'first': 'Victor', 'last': 'Phillips'}, 'location': {'street': {'number': 4392, 'name': 'The Crescent'}, 'city': 'Belfast', 'state': 'Buckinghamshire', 'country': 'United Kingdom', 'postcode': 'JR23 5XY', 'coordinates': {'latitude': '-9.2200', 'longitude': '-168.8231'}, 'timezone': {'offset': '-10:00', 'description': 'Hawaii'}}, 'email': 'victor.phillips@example.com', 'login': {'uuid': 'fb17d11d-8f3b-4129-b871-ad1e649fa55b', 'username': 'lazybutterfly693', 'password': 'koolaid', 'salt': 'H9mSgiJD', 'md5': '1a2b1a8f7cc0e9c01a33d0ce46a05d6c', 'sha1': '5992d3e1cedd215a8bf0b0fb059b1fb514fd00ac', 'sha256': '32e0a974cf3c04777073cf1cb63d1fa423c561bad92902e5007c1e98bee84398'}, 'dob': {'date': '1991-04-24T21:33:17.662Z', 'age': 33}, 'registered': {'date': '2003-07-03T07:26:28.339Z', 'age': 21}, 'phone': '0191 288 6622', 'cell': '07282 433912', 'id': {'name': 'NINO', 'value': 'RJ 49 77 92 F'}, 'picture': {'large': 'https://randomuser.me/api/portraits/men/93.jpg', 'medium': 'https://randomuser.me/api/portraits/med/men/93.jpg', 'thumbnail': 'https://randomuser.me/api/portraits/thumb/men/93.jpg'}, 'nat': 'GB'}], 'info': {'seed': 'b45e0228eaddc590', 'results': 1, 'page': 1, 'version': '1.4'}}</msg>
<arg>${json_data}</arg>
<doc>Logs the given message with the given level.</doc>
<status status="PASS" start="2024-07-17T20:16:14.408311" elapsed="0.000204"/>
</kw>
<kw name="Dictionary Should Contain Key" owner="Collections">
<arg>${json_data}</arg>
<arg>results</arg>
<doc>Fails if ``key`` is not found from ``dictionary``.</doc>
<status status="PASS" start="2024-07-17T20:16:14.408807" elapsed="0.000160"/>
</kw>
<kw name="Should Not Be Empty" owner="BuiltIn">
<msg time="2024-07-17T20:16:14.409281" level="INFO">Length is 2.</msg>
<arg>${json_data}</arg>
<doc>Verifies that the given item is not empty.</doc>
<status status="PASS" start="2024-07-17T20:16:14.409151" elapsed="0.000169"/>
</kw>
<kw name="Create List" owner="BuiltIn">
<msg time="2024-07-17T20:16:14.409803" level="INFO">${expected_keys} = ['gender', 'name', 'location', 'email', 'login']</msg>
<var>${expected_keys}</var>
<arg>gender</arg>
<arg>name</arg>
<arg>location</arg>
<arg>email</arg>
<arg>login</arg>
<doc>Returns a list containing given items.</doc>
<status status="PASS" start="2024-07-17T20:16:14.409651" elapsed="0.000176"/>
</kw>
<for flavor="IN">
<iter>
<kw name="Dictionary Should Contain Key" owner="Collections">
<arg>${json_data['results'][0]}</arg>
<arg>${key}</arg>
<doc>Fails if ``key`` is not found from ``dictionary``.</doc>
<status status="PASS" start="2024-07-17T20:16:14.410516" elapsed="0.000400"/>
</kw>
<kw name="Log" owner="BuiltIn">
<msg time="2024-07-17T20:16:14.411467" level="INFO">{'gender': 'male', 'name': {'title': 'Mr', 'first': 'Victor', 'last': 'Phillips'}, 'location': {'street': {'number': 4392, 'name': 'The Crescent'}, 'city': 'Belfast', 'state': 'Buckinghamshire', 'country': 'United Kingdom', 'postcode': 'JR23 5XY', 'coordinates': {'latitude': '-9.2200', 'longitude': '-168.8231'}, 'timezone': {'offset': '-10:00', 'description': 'Hawaii'}}, 'email': 'victor.phillips@example.com', 'login': {'uuid': 'fb17d11d-8f3b-4129-b871-ad1e649fa55b', 'username': 'lazybutterfly693', 'password': 'koolaid', 'salt': 'H9mSgiJD', 'md5': '1a2b1a8f7cc0e9c01a33d0ce46a05d6c', 'sha1': '5992d3e1cedd215a8bf0b0fb059b1fb514fd00ac', 'sha256': '32e0a974cf3c04777073cf1cb63d1fa423c561bad92902e5007c1e98bee84398'}, 'dob': {'date': '1991-04-24T21:33:17.662Z', 'age': 33}, 'registered': {'date': '2003-07-03T07:26:28.339Z', 'age': 21}, 'phone': '0191 288 6622', 'cell': '07282 433912', 'id': {'name': 'NINO', 'value': 'RJ 49 77 92 F'}, 'picture': {'large': 'https://randomuser.me/api/portraits/men/93.jpg', 'medium': 'https://randomuser.me/api/portraits/med/men/93.jpg', 'thumbnail': 'https://randomuser.me/api/portraits/thumb/men/93.jpg'}, 'nat': 'GB'}</msg>
<arg>${json_data['results'][0]}</arg>
<doc>Logs the given message with the given level.</doc>
<status status="PASS" start="2024-07-17T20:16:14.411110" elapsed="0.000408"/>
</kw>
<kw name="Log" owner="BuiltIn">
<msg time="2024-07-17T20:16:14.411955" level="INFO">gender</msg>
<arg>${key}</arg>
<doc>Logs the given message with the given level.</doc>
<status status="PASS" start="2024-07-17T20:16:14.411818" elapsed="0.000176"/>
</kw>
<var name="${key}">gender</var>
<status status="PASS" start="2024-07-17T20:16:14.410394" elapsed="0.001819"/>
</iter>
<iter>
<kw name="Dictionary Should Contain Key" owner="Collections">
<arg>${json_data['results'][0]}</arg>
<arg>${key}</arg>
<doc>Fails if ``key`` is not found from ``dictionary``.</doc>
<status status="PASS" start="2024-07-17T20:16:14.412508" elapsed="0.000388"/>
</kw>
<kw name="Log" owner="BuiltIn">
<msg time="2024-07-17T20:16:14.413459" level="INFO">{'gender': 'male', 'name': {'title': 'Mr', 'first': 'Victor', 'last': 'Phillips'}, 'location': {'street': {'number': 4392, 'name': 'The Crescent'}, 'city': 'Belfast', 'state': 'Buckinghamshire', 'country': 'United Kingdom', 'postcode': 'JR23 5XY', 'coordinates': {'latitude': '-9.2200', 'longitude': '-168.8231'}, 'timezone': {'offset': '-10:00', 'description': 'Hawaii'}}, 'email': 'victor.phillips@example.com', 'login': {'uuid': 'fb17d11d-8f3b-4129-b871-ad1e649fa55b', 'username': 'lazybutterfly693', 'password': 'koolaid', 'salt': 'H9mSgiJD', 'md5': '1a2b1a8f7cc0e9c01a33d0ce46a05d6c', 'sha1': '5992d3e1cedd215a8bf0b0fb059b1fb514fd00ac', 'sha256': '32e0a974cf3c04777073cf1cb63d1fa423c561bad92902e5007c1e98bee84398'}, 'dob': {'date': '1991-04-24T21:33:17.662Z', 'age': 33}, 'registered': {'date': '2003-07-03T07:26:28.339Z', 'age': 21}, 'phone': '0191 288 6622', 'cell': '07282 433912', 'id': {'name': 'NINO', 'value': 'RJ 49 77 92 F'}, 'picture': {'large': 'https://randomuser.me/api/portraits/men/93.jpg', 'medium': 'https://randomuser.me/api/portraits/med/men/93.jpg', 'thumbnail': 'https://randomuser.me/api/portraits/thumb/men/93.jpg'}, 'nat': 'GB'}</msg>
<arg>${json_data['results'][0]}</arg>
<doc>Logs the given message with the given level.</doc>
<status status="PASS" start="2024-07-17T20:16:14.413077" elapsed="0.000470"/>
</kw>
<kw name="Log" owner="BuiltIn">
<msg time="2024-07-17T20:16:14.413977" level="INFO">name</msg>
<arg>${key}</arg>
<doc>Logs the given message with the given level.</doc>
<status status="PASS" start="2024-07-17T20:16:14.413849" elapsed="0.000167"/>
</kw>
<var name="${key}">name</var>
<status status="PASS" start="2024-07-17T20:16:14.412397" elapsed="0.001835"/>
</iter>
<iter>
<kw name="Dictionary Should Contain Key" owner="Collections">
<arg>${json_data['results'][0]}</arg>
<arg>${key}</arg>
<doc>Fails if ``key`` is not found from ``dictionary``.</doc>
<status status="PASS" start="2024-07-17T20:16:14.414516" elapsed="0.000373"/>
</kw>
<kw name="Log" owner="BuiltIn">
<msg time="2024-07-17T20:16:14.415417" level="INFO">{'gender': 'male', 'name': {'title': 'Mr', 'first': 'Victor', 'last': 'Phillips'}, 'location': {'street': {'number': 4392, 'name': 'The Crescent'}, 'city': 'Belfast', 'state': 'Buckinghamshire', 'country': 'United Kingdom', 'postcode': 'JR23 5XY', 'coordinates': {'latitude': '-9.2200', 'longitude': '-168.8231'}, 'timezone': {'offset': '-10:00', 'description': 'Hawaii'}}, 'email': 'victor.phillips@example.com', 'login': {'uuid': 'fb17d11d-8f3b-4129-b871-ad1e649fa55b', 'username': 'lazybutterfly693', 'password': 'koolaid', 'salt': 'H9mSgiJD', 'md5': '1a2b1a8f7cc0e9c01a33d0ce46a05d6c', 'sha1': '5992d3e1cedd215a8bf0b0fb059b1fb514fd00ac', 'sha256': '32e0a974cf3c04777073cf1cb63d1fa423c561bad92902e5007c1e98bee84398'}, 'dob': {'date': '1991-04-24T21:33:17.662Z', 'age': 33}, 'registered': {'date': '2003-07-03T07:26:28.339Z', 'age': 21}, 'phone': '0191 288 6622', 'cell': '07282 433912', 'id': {'name': 'NINO', 'value': 'RJ 49 77 92 F'}, 'picture': {'large': 'https://randomuser.me/api/portraits/men/93.jpg', 'medium': 'https://randomuser.me/api/portraits/med/men/93.jpg', 'thumbnail': 'https://randomuser.me/api/portraits/thumb/men/93.jpg'}, 'nat': 'GB'}</msg>
<arg>${json_data['results'][0]}</arg>
<doc>Logs the given message with the given level.</doc>
<status status="PASS" start="2024-07-17T20:16:14.415072" elapsed="0.000394"/>
</kw>
<kw name="Log" owner="BuiltIn">
<msg time="2024-07-17T20:16:14.415890" level="INFO">location</msg>
<arg>${key}</arg>
<doc>Logs the given message with the given level.</doc>
<status status="PASS" start="2024-07-17T20:16:14.415764" elapsed="0.000164"/>
</kw>
<var name="${key}">location</var>
<status status="PASS" start="2024-07-17T20:16:14.414408" elapsed="0.001735"/>
</iter>
<iter>
<kw name="Dictionary Should Contain Key" owner="Collections">
<arg>${json_data['results'][0]}</arg>
<arg>${key}</arg>
<doc>Fails if ``key`` is not found from ``dictionary``.</doc>
<status status="PASS" start="2024-07-17T20:16:14.416420" elapsed="0.000385"/>
</kw>
<kw name="Log" owner="BuiltIn">
<msg time="2024-07-17T20:16:14.417340" level="INFO">{'gender': 'male', 'name': {'title': 'Mr', 'first': 'Victor', 'last': 'Phillips'}, 'location': {'street': {'number': 4392, 'name': 'The Crescent'}, 'city': 'Belfast', 'state': 'Buckinghamshire', 'country': 'United Kingdom', 'postcode': 'JR23 5XY', 'coordinates': {'latitude': '-9.2200', 'longitude': '-168.8231'}, 'timezone': {'offset': '-10:00', 'description': 'Hawaii'}}, 'email': 'victor.phillips@example.com', 'login': {'uuid': 'fb17d11d-8f3b-4129-b871-ad1e649fa55b', 'username': 'lazybutterfly693', 'password': 'koolaid', 'salt': 'H9mSgiJD', 'md5': '1a2b1a8f7cc0e9c01a33d0ce46a05d6c', 'sha1': '5992d3e1cedd215a8bf0b0fb059b1fb514fd00ac', 'sha256': '32e0a974cf3c04777073cf1cb63d1fa423c561bad92902e5007c1e98bee84398'}, 'dob': {'date': '1991-04-24T21:33:17.662Z', 'age': 33}, 'registered': {'date': '2003-07-03T07:26:28.339Z', 'age': 21}, 'phone': '0191 288 6622', 'cell': '07282 433912', 'id': {'name': 'NINO', 'value': 'RJ 49 77 92 F'}, 'picture': {'large': 'https://randomuser.me/api/portraits/men/93.jpg', 'medium': 'https://randomuser.me/api/portraits/med/men/93.jpg', 'thumbnail': 'https://randomuser.me/api/portraits/thumb/men/93.jpg'}, 'nat': 'GB'}</msg>
<arg>${json_data['results'][0]}</arg>
<doc>Logs the given message with the given level.</doc>
<status status="PASS" start="2024-07-17T20:16:14.416992" elapsed="0.000398"/>
</kw>
<kw name="Log" owner="BuiltIn">
<msg time="2024-07-17T20:16:14.417849" level="INFO">email</msg>
<arg>${key}</arg>
<doc>Logs the given message with the given level.</doc>
<status status="PASS" start="2024-07-17T20:16:14.417721" elapsed="0.000166"/>
</kw>
<var name="${key}">email</var>
<status status="PASS" start="2024-07-17T20:16:14.416312" elapsed="0.001796"/>
</iter>
<iter>
<kw name="Dictionary Should Contain Key" owner="Collections">
<arg>${json_data['results'][0]}</arg>
<arg>${key}</arg>
<doc>Fails if ``key`` is not found from ``dictionary``.</doc>
<status status="PASS" start="2024-07-17T20:16:14.418389" elapsed="0.000385"/>
</kw>
<kw name="Log" owner="BuiltIn">
<msg time="2024-07-17T20:16:14.419304" level="INFO">{'gender': 'male', 'name': {'title': 'Mr', 'first': 'Victor', 'last': 'Phillips'}, 'location': {'street': {'number': 4392, 'name': 'The Crescent'}, 'city': 'Belfast', 'state': 'Buckinghamshire', 'country': 'United Kingdom', 'postcode': 'JR23 5XY', 'coordinates': {'latitude': '-9.2200', 'longitude': '-168.8231'}, 'timezone': {'offset': '-10:00', 'description': 'Hawaii'}}, 'email': 'victor.phillips@example.com', 'login': {'uuid': 'fb17d11d-8f3b-4129-b871-ad1e649fa55b', 'username': 'lazybutterfly693', 'password': 'koolaid', 'salt': 'H9mSgiJD', 'md5': '1a2b1a8f7cc0e9c01a33d0ce46a05d6c', 'sha1': '5992d3e1cedd215a8bf0b0fb059b1fb514fd00ac', 'sha256': '32e0a974cf3c04777073cf1cb63d1fa423c561bad92902e5007c1e98bee84398'}, 'dob': {'date': '1991-04-24T21:33:17.662Z', 'age': 33}, 'registered': {'date': '2003-07-03T07:26:28.339Z', 'age': 21}, 'phone': '0191 288 6622', 'cell': '07282 433912', 'id': {'name': 'NINO', 'value': 'RJ 49 77 92 F'}, 'picture': {'large': 'https://randomuser.me/api/portraits/men/93.jpg', 'medium': 'https://randomuser.me/api/portraits/med/men/93.jpg', 'thumbnail': 'https://randomuser.me/api/portraits/thumb/men/93.jpg'}, 'nat': 'GB'}</msg>
<arg>${json_data['results'][0]}</arg>
<doc>Logs the given message with the given level.</doc>
<status status="PASS" start="2024-07-17T20:16:14.418954" elapsed="0.000409"/>
</kw>
<kw name="Log" owner="BuiltIn">
<msg time="2024-07-17T20:16:14.419778" level="INFO">login</msg>
<arg>${key}</arg>
<doc>Logs the given message with the given level.</doc>
<status status="PASS" start="2024-07-17T20:16:14.419652" elapsed="0.000164"/>
</kw>
<var name="${key}">login</var>
<status status="PASS" start="2024-07-17T20:16:14.418276" elapsed="0.001761"/>
</iter>
<var>${key}</var>
<value>@{expected_keys}</value>
<status status="PASS" start="2024-07-17T20:16:14.410211" elapsed="0.009944"/>
</for>
<kw name="Create List" owner="BuiltIn">
<msg time="2024-07-17T20:16:14.420476" level="INFO">${expected_keysTwo} = ['username', 'password']</msg>
<var>${expected_keysTwo}</var>
<arg>username</arg>
<arg>password</arg>
<doc>Returns a list containing given items.</doc>
<status status="PASS" start="2024-07-17T20:16:14.420342" elapsed="0.000186"/>
</kw>
<for flavor="IN">
<iter>
<kw name="Dictionary Should Contain Key" owner="Collections">
<arg>${json_data['results'][0]['login']}</arg>
<arg>${keyTwo}</arg>
<doc>Fails if ``key`` is not found from ``dictionary``.</doc>
<status status="PASS" start="2024-07-17T20:16:14.421028" elapsed="0.000382"/>
</kw>
<kw name="Dictionary Should Contain Key" owner="Collections">
<arg>${json_data['results'][0]['login']}</arg>
<arg>${keyTwo}</arg>
<doc>Fails if ``key`` is not found from ``dictionary``.</doc>
<status status="PASS" start="2024-07-17T20:16:14.421633" elapsed="0.000382"/>
</kw>
<kw name="Log" owner="BuiltIn">
<msg time="2024-07-17T20:16:14.422324" level="INFO">username</msg>
<arg>${keyTwo}</arg>
<doc>Logs the given message with the given level.</doc>
<status status="PASS" start="2024-07-17T20:16:14.422202" elapsed="0.000160"/>
</kw>
<var name="${keyTwo}">username</var>
<status status="PASS" start="2024-07-17T20:16:14.420920" elapsed="0.001664"/>
</iter>
<iter>
<kw name="Dictionary Should Contain Key" owner="Collections">
<arg>${json_data['results'][0]['login']}</arg>
<arg>${keyTwo}</arg>
<doc>Fails if ``key`` is not found from ``dictionary``.</doc>
<status status="PASS" start="2024-07-17T20:16:14.422859" elapsed="0.000383"/>
</kw>
<kw name="Dictionary Should Contain Key" owner="Collections">
<arg>${json_data['results'][0]['login']}</arg>
<arg>${keyTwo}</arg>
<doc>Fails if ``key`` is not found from ``dictionary``.</doc>
<status status="PASS" start="2024-07-17T20:16:14.423418" elapsed="0.000364"/>
</kw>
<kw name="Log" owner="BuiltIn">
<msg time="2024-07-17T20:16:14.424076" level="INFO">password</msg>
<arg>${keyTwo}</arg>
<doc>Logs the given message with the given level.</doc>
<status status="PASS" start="2024-07-17T20:16:14.423958" elapsed="0.000160"/>
</kw>
<var name="${keyTwo}">password</var>
<status status="PASS" start="2024-07-17T20:16:14.422754" elapsed="0.001581"/>
</iter>
<var>${keyTwo}</var>
<value>@{expected_keysTwo}</value>
<status status="PASS" start="2024-07-17T20:16:14.420769" elapsed="0.003685"/>
</for>
<status status="PASS" start="2024-07-17T20:16:14.295928" elapsed="0.128660"/>
</kw>
<doc>Testa a estrutura da resposta da API.</doc>
<tag>testeEstruturaResposta</tag>
<status status="PASS" start="2024-07-17T20:16:14.295167" elapsed="0.129563"/>
</test>
<test id="s1-s1-t4" name="Validar tipos de dados" line="28">
<kw name="Teste de Tipos de Dados" owner="random-user-service">
<kw name="GET On Session" owner="RequestsLibrary">
<msg time="2024-07-17T20:16:14.524901" level="INFO">GET Request : url=https://randomuser.me/api 
 path_url=/api 
 headers={'User-Agent': 'python-requests/2.32.3', 'Accept-Encoding': 'gzip, deflate', 'Accept': '*/*', 'Connection': 'keep-alive'} 
 body=None 
 </msg>
<msg time="2024-07-17T20:16:14.524985" level="INFO">GET Response : url=https://randomuser.me/api 
 status=200, reason=OK 
 headers={'Date': 'Wed, 17 Jul 2024 20:16:14 GMT', 'Content-Type': 'application/json; charset=utf-8', 'Transfer-Encoding': 'chunked', 'Connection': 'keep-alive', 'X-Powered-By': 'Express', 'Access-Control-Allow-Origin': '*', 'Cache-Control': 'no-cache', 'ETag': 'W/"485-/DXOQE4ndSFfIzm+c76e5CUjq/0"', 'Vary': 'Accept-Encoding', 'Content-Encoding': 'gzip', 'CF-Cache-Status': 'DYNAMIC', 'Report-To': '{"endpoints":[{"url":"https:\\/\\/a.nel.cloudflare.com\\/report\\/v4?s=haMh0cP2jhcheIlf5N%2BUwSFun%2FZFIE1ONr0tfeZdVIMhF9Zy06rHINtIjUeJcFVhxsR%2FtTT5%2FZVn5gluZ8abOJ7HoOgd6QWFNkF4EV0MZ8Q%2FZiePO3%2FscOjo2Jzq8i1R"}],"group":"cf-nel","max_age":604800}', 'NEL': '{"success_fraction":0,"report_to":"cf-nel","max_age":604800}', 'Server': 'cloudflare', 'CF-RAY': '8a4ce89a3ac51025-LAX', 'alt-svc': 'h3=":443"; ma=86400'} 
 body={"results":[{"gender":"male","name":{"title":"Mr","first":"Rushil","last":"Prabhakaran"},"location":{"street":{"number":5701,"name":"Vellala St"},"city":"Surat","state":"Manipur","country":"India","postcode":80889,"coordinates":{"latitude":"7.4361","longitude":"-143.5874"},"timezone":{"offset":"-8:00","description":"Pacific Time (US &amp; Canada)"}},"email":"rushil.prabhakaran@example.com","login":{"uuid":"da29fe9c-6205-4f52-943b-c7758163e07d","username":"brownpanda827","password":"dingdong","salt":"ylcu7vje","md5":"bc707e78abcb071bda46bc2c7e35f37b","sha1":"b84bcbc8f43672ef061aeec3b73d3869f61b90b5","sha256":"30a5f558c9274d0e22cc74882e2e86ace46324d717a7d38641b34731e0cd54ba"},"dob":{"date":"1970-07-31T17:15:39.895Z","age":53},"registered":{"date":"2011-05-22T09:31:39.995Z","age":13},"phone":"8132904843","cell":"9777968787","id":{"name":"UIDAI","value":"656794103811"},"picture":{"large":"https://randomuser.me/api/portraits/men/36.jpg","medium":"https://randomuser.me/api/portraits/med/men/36.jpg","thumbnail":"https://randomuser.me/api/portraits/thumb/men/36.jpg"},"nat":"IN"}],"info":{"seed":"964c852b6f3af526","results":1,"page":1,"version":"1.4"}} 
 </msg>
<msg time="2024-07-17T20:16:14.525059" level="INFO">/opt/hostedtoolcache/Python/3.12.4/x64/lib/python3.12/site-packages/urllib3/connectionpool.py:1099: InsecureRequestWarning: Unverified HTTPS request is being made to host 'randomuser.me'. Adding certificate verification is strongly advised. See: https://urllib3.readthedocs.io/en/latest/advanced-usage.html#tls-warnings
  warnings.warn(</msg>
<msg time="2024-07-17T20:16:14.525172" level="INFO">${response} = &lt;Response [200]&gt;</msg>
<var>${response}</var>
<arg>consultarAPI</arg>
<arg>/api</arg>
<doc>Sends a GET request on a previously created HTTP Session.</doc>
<status status="PASS" start="2024-07-17T20:16:14.427310" elapsed="0.097891"/>
</kw>
<kw name="Set Variable" owner="BuiltIn">
<msg time="2024-07-17T20:16:14.526051" level="INFO">${json_data} = {'results': [{'gender': 'male', 'name': {'title': 'Mr', 'first': 'Rushil', 'last': 'Prabhakaran'}, 'location': {'street': {'number': 5701, 'name': 'Vellala St'}, 'city': 'Surat', 'state': 'Manipur', '...</msg>
<var>${json_data}</var>
<arg>${response.json()}</arg>
<doc>Returns the given values which can then be assigned to a variables.</doc>
<status status="PASS" start="2024-07-17T20:16:14.525611" elapsed="0.000468"/>
</kw>
<kw name="Log" owner="BuiltIn">
<msg time="2024-07-17T20:16:14.526532" level="INFO">{'results': [{'gender': 'male', 'name': {'title': 'Mr', 'first': 'Rushil', 'last': 'Prabhakaran'}, 'location': {'street': {'number': 5701, 'name': 'Vellala St'}, 'city': 'Surat', 'state': 'Manipur', 'country': 'India', 'postcode': 80889, 'coordinates': {'latitude': '7.4361', 'longitude': '-143.5874'}, 'timezone': {'offset': '-8:00', 'description': 'Pacific Time (US &amp; Canada)'}}, 'email': 'rushil.prabhakaran@example.com', 'login': {'uuid': 'da29fe9c-6205-4f52-943b-c7758163e07d', 'username': 'brownpanda827', 'password': 'dingdong', 'salt': 'ylcu7vje', 'md5': 'bc707e78abcb071bda46bc2c7e35f37b', 'sha1': 'b84bcbc8f43672ef061aeec3b73d3869f61b90b5', 'sha256': '30a5f558c9274d0e22cc74882e2e86ace46324d717a7d38641b34731e0cd54ba'}, 'dob': {'date': '1970-07-31T17:15:39.895Z', 'age': 53}, 'registered': {'date': '2011-05-22T09:31:39.995Z', 'age': 13}, 'phone': '8132904843', 'cell': '9777968787', 'id': {'name': 'UIDAI', 'value': '656794103811'}, 'picture': {'large': 'https://randomuser.me/api/portraits/men/36.jpg', 'medium': 'https://randomuser.me/api/portraits/med/men/36.jpg', 'thumbnail': 'https://randomuser.me/api/portraits/thumb/men/36.jpg'}, 'nat': 'IN'}], 'info': {'seed': '964c852b6f3af526', 'results': 1, 'page': 1, 'version': '1.4'}}</msg>
<arg>${json_data}</arg>
<doc>Logs the given message with the given level.</doc>
<status status="PASS" start="2024-07-17T20:16:14.526383" elapsed="0.000199"/>
</kw>
<kw name="Should Be String" owner="String">
<arg>${json_data['results'][0]['gender']}</arg>
<doc>Fails if the given ``item`` is not a string.</doc>
<status status="PASS" start="2024-07-17T20:16:14.526877" elapsed="0.000354"/>
</kw>
<kw name="Should Match Regexp" owner="BuiltIn">
<arg>${json_data['results'][0]['email']}</arg>
<arg>^[a-zA-Z0-9._%+-]+@[a-zA-Z0-9.-]+\.[a-zA-Z]{2,}$</arg>
<doc>Fails if ``string`` does not match ``pattern`` as a regular expression.</doc>
<status status="PASS" start="2024-07-17T20:16:14.527416" elapsed="0.000505"/>
</kw>
<kw name="Should Match Regexp" owner="BuiltIn">
<arg>${json_data['results'][0]['dob']['date']}</arg>
<arg>\\d{4}-\\d{2}-\\d{2}T\\d{2}:\\d{2}:\\d{2}\\.\\d{3}Z</arg>
<doc>Fails if ``string`` does not match ``pattern`` as a regular expression.</doc>
<status status="PASS" start="2024-07-17T20:16:14.528147" elapsed="0.000486"/>
</kw>
<kw name="Should Match Regexp" owner="BuiltIn">
<arg>${json_data['results'][0]['registered']['date']}</arg>
<arg>\\d{4}-\\d{2}-\\d{2}T\\d{2}:\\d{2}:\\d{2}\\.\\d{3}Z</arg>
<doc>Fails if ``string`` does not match ``pattern`` as a regular expression.</doc>
<status status="PASS" start="2024-07-17T20:16:14.528821" elapsed="0.000363"/>
</kw>
<kw name="Should Match Regexp" owner="BuiltIn">
<arg>${json_data['results'][0]['picture']['large']}</arg>
<arg>^https?://.*\.(?:png|jpe?g|gif|bmp)$</arg>
<doc>Fails if ``string`` does not match ``pattern`` as a regular expression.</doc>
<status status="PASS" start="2024-07-17T20:16:14.529364" elapsed="0.000498"/>
</kw>
<kw name="Should Match Regexp" owner="BuiltIn">
<arg>${json_data['results'][0]['picture']['medium']}</arg>
<arg>^https?://.*\.(?:png|jpe?g|gif|bmp)$</arg>
<doc>Fails if ``string`` does not match ``pattern`` as a regular expression.</doc>
<status status="PASS" start="2024-07-17T20:16:14.530051" elapsed="0.000350"/>
</kw>
<kw name="Should Match Regexp" owner="BuiltIn">
<arg>${json_data['results'][0]['picture']['thumbnail']}</arg>
<arg>^https?://.*\.(?:png|jpe?g|gif|bmp)$</arg>
<doc>Fails if ``string`` does not match ``pattern`` as a regular expression.</doc>
<status status="PASS" start="2024-07-17T20:16:14.530582" elapsed="0.000342"/>
</kw>
<kw name="Log" owner="BuiltIn">
<msg time="2024-07-17T20:16:14.531437" level="INFO">{'large': 'https://randomuser.me/api/portraits/men/36.jpg', 'medium': 'https://randomuser.me/api/portraits/med/men/36.jpg', 'thumbnail': 'https://randomuser.me/api/portraits/thumb/men/36.jpg'}</msg>
<arg>${json_data['results'][0]['picture']}</arg>
<doc>Logs the given message with the given level.</doc>
<status status="PASS" start="2024-07-17T20:16:14.531106" elapsed="0.000374"/>
</kw>
<status status="PASS" start="2024-07-17T20:16:14.427092" elapsed="0.104642"/>
</kw>
<kw name="Teste de Tipos de Dados - Postcode" owner="random-user-service">
<kw name="GET On Session" owner="RequestsLibrary">
<msg time="2024-07-17T20:16:14.637370" level="INFO">GET Request : url=https://randomuser.me/api 
 path_url=/api 
 headers={'User-Agent': 'python-requests/2.32.3', 'Accept-Encoding': 'gzip, deflate', 'Accept': '*/*', 'Connection': 'keep-alive'} 
 body=None 
 </msg>
<msg time="2024-07-17T20:16:14.637471" level="INFO">GET Response : url=https://randomuser.me/api 
 status=200, reason=OK 
 headers={'Date': 'Wed, 17 Jul 2024 20:16:14 GMT', 'Content-Type': 'application/json; charset=utf-8', 'Transfer-Encoding': 'chunked', 'Connection': 'keep-alive', 'X-Powered-By': 'Express', 'Access-Control-Allow-Origin': '*', 'Cache-Control': 'no-cache', 'ETag': 'W/"489-W/K3vcx7ceturo17oMPqei3SFg8"', 'Vary': 'Accept-Encoding', 'Content-Encoding': 'gzip', 'CF-Cache-Status': 'DYNAMIC', 'Report-To': '{"endpoints":[{"url":"https:\\/\\/a.nel.cloudflare.com\\/report\\/v4?s=NkzBg2O2gKuTUr4EoD5x5vZWzoD8hVxeTXLLag%2B1Rp97rRMYE5QbfjSg%2BfVJAzlwXvuaIjfqpjMBM%2BeGaSL1DIZE9HcuKGWRXZw%2Fq1zd63KPiwWyHEWaUDNDNLaHuThX"}],"group":"cf-nel","max_age":604800}', 'NEL': '{"success_fraction":0,"report_to":"cf-nel","max_age":604800}', 'Server': 'cloudflare', 'CF-RAY': '8a4ce89adbd01025-LAX', 'alt-svc': 'h3=":443"; ma=86400'} 
 body={"results":[{"gender":"male","name":{"title":"Mr","first":"Christian","last":"Poulsen"},"location":{"street":{"number":6921,"name":"Irisvej"},"city":"Sandved","state":"Syddanmark","country":"Denmark","postcode":31482,"coordinates":{"latitude":"-44.2364","longitude":"-128.9279"},"timezone":{"offset":"+5:30","description":"Bombay, Calcutta, Madras, New Delhi"}},"email":"christian.poulsen@example.com","login":{"uuid":"3dbb6be3-82b5-4c95-a237-7d6a0faa2953","username":"brownladybug517","password":"bian","salt":"IiRuVLvO","md5":"ee017fd590b50dd1969e87e8edb1c2d7","sha1":"68258140e6b84f6dd686a58fd16535de983cbc3a","sha256":"b8e9a7ef68ad011b3d29bdc4089de4648fef681fb4590cae1c3af003d60fead8"},"dob":{"date":"1992-12-10T09:42:55.082Z","age":31},"registered":{"date":"2010-08-28T01:53:32.792Z","age":13},"phone":"09661632","cell":"72036800","id":{"name":"CPR","value":"101292-1460"},"picture":{"large":"https://randomuser.me/api/portraits/men/65.jpg","medium":"https://randomuser.me/api/portraits/med/men/65.jpg","thumbnail":"https://randomuser.me/api/portraits/thumb/men/65.jpg"},"nat":"DK"}],"info":{"seed":"c36f6af090d7d3b6","results":1,"page":1,"version":"1.4"}} 
 </msg>
<msg time="2024-07-17T20:16:14.637529" level="INFO">/opt/hostedtoolcache/Python/3.12.4/x64/lib/python3.12/site-packages/urllib3/connectionpool.py:1099: InsecureRequestWarning: Unverified HTTPS request is being made to host 'randomuser.me'. Adding certificate verification is strongly advised. See: https://urllib3.readthedocs.io/en/latest/advanced-usage.html#tls-warnings
  warnings.warn(</msg>
<msg time="2024-07-17T20:16:14.637611" level="INFO">${response} = &lt;Response [200]&gt;</msg>
<var>${response}</var>
<arg>consultarAPI</arg>
<arg>/api</arg>
<doc>Sends a GET request on a previously created HTTP Session.</doc>
<status status="PASS" start="2024-07-17T20:16:14.532152" elapsed="0.105482"/>
</kw>
<kw name="Set Variable" owner="BuiltIn">
<msg time="2024-07-17T20:16:14.638510" level="INFO">${json_data} = {'results': [{'gender': 'male', 'name': {'title': 'Mr', 'first': 'Christian', 'last': 'Poulsen'}, 'location': {'street': {'number': 6921, 'name': 'Irisvej'}, 'city': 'Sandved', 'state': 'Syddanmark', ...</msg>
<var>${json_data}</var>
<arg>${response.json()}</arg>
<doc>Returns the given values which can then be assigned to a variables.</doc>
<status status="PASS" start="2024-07-17T20:16:14.638066" elapsed="0.000471"/>
</kw>
<kw name="Log" owner="BuiltIn">
<msg time="2024-07-17T20:16:14.638988" level="INFO">{'results': [{'gender': 'male', 'name': {'title': 'Mr', 'first': 'Christian', 'last': 'Poulsen'}, 'location': {'street': {'number': 6921, 'name': 'Irisvej'}, 'city': 'Sandved', 'state': 'Syddanmark', 'country': 'Denmark', 'postcode': 31482, 'coordinates': {'latitude': '-44.2364', 'longitude': '-128.9279'}, 'timezone': {'offset': '+5:30', 'description': 'Bombay, Calcutta, Madras, New Delhi'}}, 'email': 'christian.poulsen@example.com', 'login': {'uuid': '3dbb6be3-82b5-4c95-a237-7d6a0faa2953', 'username': 'brownladybug517', 'password': 'bian', 'salt': 'IiRuVLvO', 'md5': 'ee017fd590b50dd1969e87e8edb1c2d7', 'sha1': '68258140e6b84f6dd686a58fd16535de983cbc3a', 'sha256': 'b8e9a7ef68ad011b3d29bdc4089de4648fef681fb4590cae1c3af003d60fead8'}, 'dob': {'date': '1992-12-10T09:42:55.082Z', 'age': 31}, 'registered': {'date': '2010-08-28T01:53:32.792Z', 'age': 13}, 'phone': '09661632', 'cell': '72036800', 'id': {'name': 'CPR', 'value': '101292-1460'}, 'picture': {'large': 'https://randomuser.me/api/portraits/men/65.jpg', 'medium': 'https://randomuser.me/api/portraits/med/men/65.jpg', 'thumbnail': 'https://randomuser.me/api/portraits/thumb/men/65.jpg'}, 'nat': 'DK'}], 'info': {'seed': 'c36f6af090d7d3b6', 'results': 1, 'page': 1, 'version': '1.4'}}</msg>
<arg>${json_data}</arg>
<doc>Logs the given message with the given level.</doc>
<status status="PASS" start="2024-07-17T20:16:14.638835" elapsed="0.000200"/>
</kw>
<kw name="Should Be Equal As Numbers" owner="BuiltIn">
<arg>${json_data['results'][0]['location']['postcode']}</arg>
<arg>${json_data['results'][0]['location']['postcode']}</arg>
<doc>Fails if objects are unequal after converting them to real numbers.</doc>
<status status="PASS" start="2024-07-17T20:16:14.639320" elapsed="0.000611"/>
</kw>
<kw name="Log" owner="BuiltIn">
<msg time="2024-07-17T20:16:14.640451" level="INFO">31482</msg>
<arg>${json_data['results'][0]['location']['postcode']}</arg>
<doc>Logs the given message with the given level.</doc>
<status status="PASS" start="2024-07-17T20:16:14.640121" elapsed="0.000369"/>
</kw>
<status status="PASS" start="2024-07-17T20:16:14.531938" elapsed="0.108822"/>
</kw>
<doc>Testa se os tipos de dados na resposta da API estão corretos.</doc>
<tag>testeTiposDados</tag>
<status status="PASS" start="2024-07-17T20:16:14.426500" elapsed="0.214415"/>
</test>
<test id="s1-s1-t5" name="Validar conteudo" line="35">
<kw name="Teste de Tipos de Conteudo" owner="random-user-service">
<kw name="GET On Session" owner="RequestsLibrary">
<msg time="2024-07-17T20:16:14.796947" level="INFO">GET Request : url=https://randomuser.me/api 
 path_url=/api 
 headers={'User-Agent': 'python-requests/2.32.3', 'Accept-Encoding': 'gzip, deflate', 'Accept': '*/*', 'Connection': 'keep-alive'} 
 body=None 
 </msg>
<msg time="2024-07-17T20:16:14.797029" level="INFO">GET Response : url=https://randomuser.me/api 
 status=200, reason=OK 
 headers={'Date': 'Wed, 17 Jul 2024 20:16:14 GMT', 'Content-Type': 'application/json; charset=utf-8', 'Transfer-Encoding': 'chunked', 'Connection': 'keep-alive', 'X-Powered-By': 'Express', 'Access-Control-Allow-Origin': '*', 'Cache-Control': 'no-cache', 'ETag': 'W/"494-9qN59i/grNHhprFSmC3N0wL+MaA"', 'Vary': 'Accept-Encoding', 'Content-Encoding': 'gzip', 'CF-Cache-Status': 'DYNAMIC', 'Report-To': '{"endpoints":[{"url":"https:\\/\\/a.nel.cloudflare.com\\/report\\/v4?s=54uhM%2BarSr1VJTV1eNsS%2FLqzC%2FgFcKPxzCO%2Bj98ZnWpoZ60Ip0Q6BWQLQAroBedbCh7IttB3LA7vaLT%2FvwxKuEADYL4XQsn2pq9g7F9iCKF4HvQBPn5bqAMMCrmRlUra"}],"group":"cf-nel","max_age":604800}', 'NEL': '{"success_fraction":0,"report_to":"cf-nel","max_age":604800}', 'Server': 'cloudflare', 'CF-RAY': '8a4ce89b8cb31025-LAX', 'alt-svc': 'h3=":443"; ma=86400'} 
 body={"results":[{"gender":"male","name":{"title":"Mr","first":"Aatu","last":"Lehtinen"},"location":{"street":{"number":9216,"name":"Korkeavuorenkatu"},"city":"Siikalatva","state":"South Karelia","country":"Finland","postcode":14231,"coordinates":{"latitude":"-26.5052","longitude":"-19.0916"},"timezone":{"offset":"-7:00","description":"Mountain Time (US &amp; Canada)"}},"email":"aatu.lehtinen@example.com","login":{"uuid":"072e5cb0-17e2-447d-bfcf-1d2d3b957e2b","username":"smallwolf206","password":"woohoo","salt":"gE3jpE1m","md5":"e03a6ab9d9083a20919d8c41bf264b18","sha1":"3a1d1f5322d395838cc4e10fcbc144e9fd7a0fc8","sha256":"116366d83ab073d4558cbaa3505ebb7510f48743b264c2874e9a81df568656ff"},"dob":{"date":"1992-10-28T02:47:26.705Z","age":31},"registered":{"date":"2004-09-30T23:37:14.308Z","age":19},"phone":"03-763-491","cell":"046-933-33-09","id":{"name":"HETU","value":"NaNNA285undefined"},"picture":{"large":"https://randomuser.me/api/portraits/men/83.jpg","medium":"https://randomuser.me/api/portraits/med/men/83.jpg","thumbnail":"https://randomuser.me/api/portraits/thumb/men/83.jpg"},"nat":"FI"}],"info":{"seed":"b718e0e15a306a2f","results":1,"page":1,"version":"1.4"}} 
 </msg>
<msg time="2024-07-17T20:16:14.797115" level="INFO">/opt/hostedtoolcache/Python/3.12.4/x64/lib/python3.12/site-packages/urllib3/connectionpool.py:1099: InsecureRequestWarning: Unverified HTTPS request is being made to host 'randomuser.me'. Adding certificate verification is strongly advised. See: https://urllib3.readthedocs.io/en/latest/advanced-usage.html#tls-warnings
  warnings.warn(</msg>
<msg time="2024-07-17T20:16:14.797236" level="INFO">${response} = &lt;Response [200]&gt;</msg>
<var>${response}</var>
<arg>consultarAPI</arg>
<arg>/api</arg>
<doc>Sends a GET request on a previously created HTTP Session.</doc>
<status status="PASS" start="2024-07-17T20:16:14.643469" elapsed="0.153822"/>
</kw>
<kw name="Set Variable" owner="BuiltIn">
<msg time="2024-07-17T20:16:14.798395" level="INFO">${json_data} = {'results': [{'gender': 'male', 'name': {'title': 'Mr', 'first': 'Aatu', 'last': 'Lehtinen'}, 'location': {'street': {'number': 9216, 'name': 'Korkeavuorenkatu'}, 'city': 'Siikalatva', 'state': 'South...</msg>
<var>${json_data}</var>
<arg>${response.json()}</arg>
<doc>Returns the given values which can then be assigned to a variables.</doc>
<status status="PASS" start="2024-07-17T20:16:14.797853" elapsed="0.000569"/>
</kw>
<kw name="Set Variable" owner="BuiltIn">
<msg time="2024-07-17T20:16:14.799089" level="INFO">${name_title} = Mr</msg>
<var>${name_title}</var>
<arg>${json_data["results"][0]["name"]["title"]}</arg>
<doc>Returns the given values which can then be assigned to a variables.</doc>
<status status="PASS" start="2024-07-17T20:16:14.798721" elapsed="0.000393"/>
</kw>
<kw name="Create List" owner="BuiltIn">
<msg time="2024-07-17T20:16:14.799555" level="INFO">${allowed_titles} = ['Mr', 'Ms', 'Miss', 'Mrs', 'Madame', 'Monsieur']</msg>
<var>${allowed_titles}</var>
<arg>Mr</arg>
<arg>Ms</arg>
<arg>Miss</arg>
<arg>Mrs</arg>
<arg>Madame</arg>
<arg>Monsieur</arg>
<doc>Returns a list containing given items.</doc>
<status status="PASS" start="2024-07-17T20:16:14.799406" elapsed="0.000173"/>
</kw>
<kw name="List Should Contain Value" owner="Collections">
<arg>${allowed_titles}</arg>
<arg>${name_title}</arg>
<doc>Fails if the ``value`` is not found from ``list``.</doc>
<status status="PASS" start="2024-07-17T20:16:14.799874" elapsed="0.000170"/>
</kw>
<kw name="Set Variable" owner="BuiltIn">
<msg time="2024-07-17T20:16:14.800578" level="INFO">${name_country} = FI</msg>
<var>${name_country}</var>
<arg>${json_data["results"][0]["nat"]}</arg>
<doc>Returns the given values which can then be assigned to a variables.</doc>
<status status="PASS" start="2024-07-17T20:16:14.800220" elapsed="0.000382"/>
</kw>
<kw name="Create List" owner="BuiltIn">
<msg time="2024-07-17T20:16:14.801519" level="INFO">${list_country} = ['AD', 'AE', 'AF', 'AG', 'AI', 'AL', 'AM', 'AO', 'AQ', 'AR', 'AS', 'AT', 'AU', 'AW', 'AX', 'AZ', 'BA', 'BB', 'BD', 'BE', 'BF', 'BG', 'BH', 'BI', 'BJ', 'BL', 'BM', 'BN', 'BO', 'BQ', 'BR', 'BS', 'BT', '...</msg>
<var>${list_country}</var>
<arg>AD</arg>
<arg>AE</arg>
<arg>AF</arg>
<arg>AG</arg>
<arg>AI</arg>
<arg>AL</arg>
<arg>AM</arg>
<arg>AO</arg>
<arg>AQ</arg>
<arg>AR</arg>
<arg>AS</arg>
<arg>AT</arg>
<arg>AU</arg>
<arg>AW</arg>
<arg>AX</arg>
<arg>AZ</arg>
<arg>BA</arg>
<arg>BB</arg>
<arg>BD</arg>
<arg>BE</arg>
<arg>BF</arg>
<arg>BG</arg>
<arg>BH</arg>
<arg>BI</arg>
<arg>BJ</arg>
<arg>BL</arg>
<arg>BM</arg>
<arg>BN</arg>
<arg>BO</arg>
<arg>BQ</arg>
<arg>BR</arg>
<arg>BS</arg>
<arg>BT</arg>
<arg>BV</arg>
<arg>BW</arg>
<arg>BY</arg>
<arg>BZ</arg>
<arg>CA</arg>
<arg>CC</arg>
<arg>CD</arg>
<arg>CF</arg>
<arg>CG</arg>
<arg>CH</arg>
<arg>CI</arg>
<arg>CK</arg>
<arg>CL</arg>
<arg>CM</arg>
<arg>CN</arg>
<arg>CO</arg>
<arg>CR</arg>
<arg>CU</arg>
<arg>CV</arg>
<arg>CW</arg>
<arg>CX</arg>
<arg>CY</arg>
<arg>CZ</arg>
<arg>DE</arg>
<arg>DJ</arg>
<arg>DK</arg>
<arg>DM</arg>
<arg>DO</arg>
<arg>DZ</arg>
<arg>EC</arg>
<arg>EE</arg>
<arg>EG</arg>
<arg>EH</arg>
<arg>ER</arg>
<arg>ES</arg>
<arg>ET</arg>
<arg>FI</arg>
<arg>FJ</arg>
<arg>FK</arg>
<arg>FM</arg>
<arg>FO</arg>
<arg>FR</arg>
<arg>GA</arg>
<arg>GB</arg>
<arg>GD</arg>
<arg>GE</arg>
<arg>GF</arg>
<arg>GG</arg>
<arg>GH</arg>
<arg>GI</arg>
<arg>GL</arg>
<arg>GM</arg>
<arg>GN</arg>
<arg>GP</arg>
<arg>GQ</arg>
<arg>GR</arg>
<arg>GS</arg>
<arg>GT</arg>
<arg>GU</arg>
<arg>GW</arg>
<arg>GY</arg>
<arg>HK</arg>
<arg>HM</arg>
<arg>HN</arg>
<arg>HR</arg>
<arg>HT</arg>
<arg>HU</arg>
<arg>ID</arg>
<arg>IE</arg>
<arg>IL</arg>
<arg>IM</arg>
<arg>IN</arg>
<arg>IO</arg>
<arg>IQ</arg>
<arg>IR</arg>
<arg>IS</arg>
<arg>IT</arg>
<arg>JE</arg>
<arg>JM</arg>
<arg>JO</arg>
<arg>JP</arg>
<arg>KE</arg>
<arg>KG</arg>
<arg>KH</arg>
<arg>KI</arg>
<arg>KM</arg>
<arg>KN</arg>
<arg>KP</arg>
<arg>KR</arg>
<arg>KW</arg>
<arg>KY</arg>
<arg>KZ</arg>
<arg>LA</arg>
<arg>LB</arg>
<arg>LC</arg>
<arg>LI</arg>
<arg>LK</arg>
<arg>LR</arg>
<arg>LS</arg>
<arg>LT</arg>
<arg>LU</arg>
<arg>LV</arg>
<arg>LY</arg>
<arg>MA</arg>
<arg>MC</arg>
<arg>MD</arg>
<arg>ME</arg>
<arg>MF</arg>
<arg>MG</arg>
<arg>MH</arg>
<arg>MK</arg>
<arg>ML</arg>
<arg>MM</arg>
<arg>MN</arg>
<arg>MO</arg>
<arg>MP</arg>
<arg>MQ</arg>
<arg>MR</arg>
<arg>MS</arg>
<arg>MT</arg>
<arg>MU</arg>
<arg>MV</arg>
<arg>MW</arg>
<arg>MX</arg>
<arg>MY</arg>
<arg>MZ</arg>
<arg>NA</arg>
<arg>NC</arg>
<arg>NE</arg>
<arg>NF</arg>
<arg>NG</arg>
<arg>NI</arg>
<arg>NL</arg>
<arg>NO</arg>
<arg>NP</arg>
<arg>NR</arg>
<arg>NU</arg>
<arg>NZ</arg>
<arg>OM</arg>
<arg>PA</arg>
<arg>PE</arg>
<arg>PF</arg>
<arg>PG</arg>
<arg>PH</arg>
<arg>PK</arg>
<arg>PL</arg>
<arg>PM</arg>
<arg>PN</arg>
<arg>PR</arg>
<arg>PS</arg>
<arg>PT</arg>
<arg>PW</arg>
<arg>PY</arg>
<arg>QA</arg>
<arg>RE</arg>
<arg>RO</arg>
<arg>RS</arg>
<arg>RU</arg>
<arg>RW</arg>
<arg>SA</arg>
<arg>SB</arg>
<arg>SC</arg>
<arg>SD</arg>
<arg>SE</arg>
<arg>SG</arg>
<arg>SH</arg>
<arg>SI</arg>
<arg>SJ</arg>
<arg>SK</arg>
<arg>SL</arg>
<arg>SM</arg>
<arg>SN</arg>
<arg>SO</arg>
<arg>SR</arg>
<arg>SS</arg>
<arg>ST</arg>
<arg>SV</arg>
<arg>SX</arg>
<arg>SY</arg>
<arg>SZ</arg>
<arg>TC</arg>
<arg>TD</arg>
<arg>TF</arg>
<arg>TG</arg>
<arg>TH</arg>
<arg>TJ</arg>
<arg>TK</arg>
<arg>TL</arg>
<arg>TM</arg>
<arg>TN</arg>
<arg>TO</arg>
<arg>TR</arg>
<arg>TT</arg>
<arg>TV</arg>
<arg>TW</arg>
<arg>TZ</arg>
<arg>UA</arg>
<arg>UG</arg>
<arg>UM</arg>
<arg>US</arg>
<arg>UY</arg>
<arg>UZ</arg>
<arg>VA</arg>
<arg>VC</arg>
<arg>VE</arg>
<arg>VG</arg>
<arg>VI</arg>
<arg>VN</arg>
<arg>VU</arg>
<arg>WF</arg>
<arg>WS</arg>
<arg>XK</arg>
<arg>YE</arg>
<arg>YT</arg>
<arg>ZA</arg>
<arg>ZM</arg>
<arg>ZW</arg>
<doc>Returns a list containing given items.</doc>
<status status="PASS" start="2024-07-17T20:16:14.800895" elapsed="0.000652"/>
</kw>
<kw name="List Should Contain Value" owner="Collections">
<arg>${list_country}</arg>
<arg>${name_country}</arg>
<doc>Fails if the ``value`` is not found from ``list``.</doc>
<status status="PASS" start="2024-07-17T20:16:14.802336" elapsed="0.000200"/>
</kw>
<kw name="Run Keyword If" owner="BuiltIn">
<kw name="Should Be True" owner="BuiltIn">
<arg>${True}</arg>
<doc>Fails if the given condition is not true.</doc>
<status status="PASS" start="2024-07-17T20:16:14.803448" elapsed="0.000139"/>
</kw>
<arg>${json_data["results"][0]["location"]["coordinates"]["latitude"]} &gt;= -90 and ${json_data["results"][0]["location"]["coordinates"]["latitude"]} &lt;= 90</arg>
<arg>Should Be True</arg>
<arg>${True}</arg>
<doc>Runs the given keyword with the given arguments, if ``condition`` is true.</doc>
<status status="PASS" start="2024-07-17T20:16:14.802728" elapsed="0.000984"/>
</kw>
<kw name="Run Keyword If" owner="BuiltIn">
<kw name="Should Be True" owner="BuiltIn">
<arg>${True}</arg>
<doc>Fails if the given condition is not true.</doc>
<status status="PASS" start="2024-07-17T20:16:14.804571" elapsed="0.000134"/>
</kw>
<arg>${json_data["results"][0]["location"]["coordinates"]["longitude"]} &gt;= -180 and ${json_data["results"][0]["location"]["coordinates"]["longitude"]} &lt;= 180</arg>
<arg>Should Be True</arg>
<arg>${True}</arg>
<doc>Runs the given keyword with the given arguments, if ``condition`` is true.</doc>
<status status="PASS" start="2024-07-17T20:16:14.803890" elapsed="0.000937"/>
</kw>
<status status="PASS" start="2024-07-17T20:16:14.643131" elapsed="0.161822"/>
</kw>
<doc>Testa o conteúdo específico dos campos retornados pela API.</doc>
<tag>testeConteudo</tag>
<status status="PASS" start="2024-07-17T20:16:14.642649" elapsed="0.162442"/>
</test>
<status status="PASS" start="2024-07-17T20:16:13.804896" elapsed="1.002145"/>
</suite>
<status status="PASS" start="2024-07-17T20:16:13.790587" elapsed="1.021526"/>
</suite>
<statistics>
<total>
<stat pass="5" fail="0" skip="0">All Tests</stat>
</total>
<tag>
<stat pass="1" fail="0" skip="0">testeConteudo</stat>
<stat pass="1" fail="0" skip="0">testeEstruturaResposta</stat>
<stat pass="1" fail="0" skip="0">testeRequisicaoBasica</stat>
<stat pass="1" fail="0" skip="0">testeTiposDados</stat>
</tag>
<suite>
<stat pass="5" fail="0" skip="0" id="s1" name="Tests">Tests</stat>
<stat pass="5" fail="0" skip="0" id="s1-s1" name="Random-User-Test">Tests.Random-User-Test</stat>
</suite>
</statistics>
<errors>
</errors>
</robot>
