<?xml version="1.0" encoding="UTF-8"?>
<robot generator="Robot 7.0 (Python 3.12.3 on linux)" generated="2024-06-01T18:18:26.061818" rpa="false" schemaversion="5">
<suite id="s1" name="Tests" source="/home/runner/work/ApiRandomUser/ApiRandomUser/RamdonUser/tests">
<suite id="s1-s1" name="Random-User-Test" source="/home/runner/work/ApiRandomUser/ApiRandomUser/RamdonUser/tests/random-user-test.robot">
<test id="s1-s1-t1" name="Conectar" line="13">
<kw name="Conectar API" owner="random-user-service">
<kw name="Create Session" owner="RequestsLibrary">
<msg time="2024-06-01T18:18:26.473766" level="INFO">Creating Session using : alias=consultarAPI, url=https://randomuser.me/, headers={},                     cookies={}, auth=None, timeout=None, proxies=None, verify=False,                     debug=0 </msg>
<arg>consultarAPI</arg>
<arg>${URL}</arg>
<doc>Create Session: create a HTTP session to a server</doc>
<status status="PASS" start="2024-06-01T18:18:26.473560" elapsed="0.000387"/>
</kw>
<status status="PASS" start="2024-06-01T18:18:26.472511" elapsed="0.001795"/>
</kw>
<status status="PASS" start="2024-06-01T18:18:26.471870" elapsed="0.002635"/>
</test>
<test id="s1-s1-t2" name="Validar retorno 200 e JSON Válido" line="16">
<kw name="Teste de Requisicao Basica" owner="random-user-service">
<kw name="GET On Session" owner="RequestsLibrary">
<msg time="2024-06-01T18:18:26.786352" level="INFO">GET Request : url=https://randomuser.me/api 
 path_url=/api 
 headers={'User-Agent': 'python-requests/2.32.3', 'Accept-Encoding': 'gzip, deflate', 'Accept': '*/*', 'Connection': 'keep-alive'} 
 body=None 
 </msg>
<msg time="2024-06-01T18:18:26.786515" level="INFO">GET Response : url=https://randomuser.me/api 
 status=200, reason=OK 
 headers={'Date': 'Sat, 01 Jun 2024 18:18:26 GMT', 'Content-Type': 'application/json; charset=utf-8', 'Transfer-Encoding': 'chunked', 'Connection': 'keep-alive', 'X-Powered-By': 'Express', 'Access-Control-Allow-Origin': '*', 'Cache-Control': 'no-cache', 'ETag': 'W/"47f-h2IBe5EHYaN8VY1wLAXuiG3mywc"', 'Vary': 'Accept-Encoding', 'Content-Encoding': 'gzip', 'CF-Cache-Status': 'DYNAMIC', 'Report-To': '{"endpoints":[{"url":"https:\\/\\/a.nel.cloudflare.com\\/report\\/v4?s=RjB60FngDkqS8GpxJ9SzIdTaf6Z7Gz%2FHN%2B9anwFGStcD%2BFlob%2BcBfwLsC1iW78cXrDEUVIVE6vivn4J5vAhetGXiMbQMXbq4mmRn0guZ019Sa20y4X91cqbnt6%2BqqB%2Fa"}],"group":"cf-nel","max_age":604800}', 'NEL': '{"success_fraction":0,"report_to":"cf-nel","max_age":604800}', 'Server': 'cloudflare', 'CF-RAY': '88d134cba93e2d17-IAD', 'alt-svc': 'h3=":443"; ma=86400'} 
 body={"results":[{"gender":"male","name":{"title":"Mr","first":"John","last":"Flores"},"location":{"street":{"number":8638,"name":"Paseo de Extremadura"},"city":"Barcelona","state":"Aragón","country":"Spain","postcode":40335,"coordinates":{"latitude":"-38.2232","longitude":"-33.5122"},"timezone":{"offset":"-12:00","description":"Eniwetok, Kwajalein"}},"email":"john.flores@example.com","login":{"uuid":"940de115-86d8-4e07-bb73-2b3db5aa1cb0","username":"heavyelephant264","password":"pierre","salt":"IA1I4bDE","md5":"c36bbfaabcb3517d878096c23f4ffff5","sha1":"195bc87d4d0e03b9c8730fd1d66301d6b12cf064","sha256":"53e1a5b3e6bc856e87f30f2e3a42726ed5c0eb43660da6b33b972f328e88c015"},"dob":{"date":"1985-07-26T07:35:03.583Z","age":38},"registered":{"date":"2006-06-25T17:50:42.903Z","age":17},"phone":"973-660-770","cell":"677-080-572","id":{"name":"DNI","value":"04640211-B"},"picture":{"large":"https://randomuser.me/api/portraits/men/82.jpg","medium":"https://randomuser.me/api/portraits/med/men/82.jpg","thumbnail":"https://randomuser.me/api/portraits/thumb/men/82.jpg"},"nat":"ES"}],"info":{"seed":"6ba4cc1abba08e6c","results":1,"page":1,"version":"1.4"}} 
 </msg>
<msg time="2024-06-01T18:18:26.786605" level="INFO">/opt/hostedtoolcache/Python/3.12.3/x64/lib/python3.12/site-packages/urllib3/connectionpool.py:1103: InsecureRequestWarning: Unverified HTTPS request is being made to host 'randomuser.me'. Adding certificate verification is strongly advised. See: https://urllib3.readthedocs.io/en/latest/advanced-usage.html#tls-warnings
  warnings.warn(</msg>
<msg time="2024-06-01T18:18:26.786849" level="INFO">${response} = &lt;Response [200]&gt;</msg>
<var>${response}</var>
<arg>consultarAPI</arg>
<arg>/api</arg>
<doc>Sends a GET request on a previously created HTTP Session.</doc>
<status status="PASS" start="2024-06-01T18:18:26.477248" elapsed="0.309637"/>
</kw>
<kw name="Should Be Equal As Numbers" owner="BuiltIn">
<msg time="2024-06-01T18:18:26.787880" level="INFO">Argument types are:
&lt;class 'int'&gt;
&lt;class 'str'&gt;</msg>
<arg>${response.status_code}</arg>
<arg>200</arg>
<doc>Fails if objects are unequal after converting them to real numbers.</doc>
<status status="PASS" start="2024-06-01T18:18:26.787424" elapsed="0.000530"/>
</kw>
<kw name="Log" owner="BuiltIn">
<msg time="2024-06-01T18:18:26.788643" level="INFO">200</msg>
<arg>${response.status_code}</arg>
<doc>Logs the given message with the given level.</doc>
<status status="PASS" start="2024-06-01T18:18:26.788301" elapsed="0.000389"/>
</kw>
<kw name="Set Variable" owner="BuiltIn">
<msg time="2024-06-01T18:18:26.789435" level="INFO">${json_data} = {'results': [{'gender': 'male', 'name': {'title': 'Mr', 'first': 'John', 'last': 'Flores'}, 'location': {'street': {'number': 8638, 'name': 'Paseo de Extremadura'}, 'city': 'Barcelona', 'state': 'Arag...</msg>
<var>${json_data}</var>
<arg>${response.json()}</arg>
<doc>Returns the given values which can then be assigned to a variables.</doc>
<status status="PASS" start="2024-06-01T18:18:26.788998" elapsed="0.000466"/>
</kw>
<kw name="Dictionary Should Contain Key" owner="Collections">
<msg time="2024-06-01T18:18:26.789931" level="INFO">False</msg>
<arg>${json_data}</arg>
<arg>results</arg>
<doc>Fails if ``key`` is not found from ``dictionary``.</doc>
<status status="PASS" start="2024-06-01T18:18:26.789762" elapsed="0.000363"/>
</kw>
<status status="PASS" start="2024-06-01T18:18:26.477000" elapsed="0.313388"/>
</kw>
<doc>Testa se a API responde corretamente e retorna um objeto JSON válido.</doc>
<tag>testeRequisicaoBasica</tag>
<status status="PASS" start="2024-06-01T18:18:26.476446" elapsed="0.314123"/>
</test>
<test id="s1-s1-t3" name="Validar estrutura de resposta" line="22">
<kw name="Teste de Estrutura de Resposta" owner="random-user-service">
<kw name="GET On Session" owner="RequestsLibrary">
<msg time="2024-06-01T18:18:26.894932" level="INFO">GET Request : url=https://randomuser.me/api 
 path_url=/api 
 headers={'User-Agent': 'python-requests/2.32.3', 'Accept-Encoding': 'gzip, deflate', 'Accept': '*/*', 'Connection': 'keep-alive'} 
 body=None 
 </msg>
<msg time="2024-06-01T18:18:26.895049" level="INFO">GET Response : url=https://randomuser.me/api 
 status=200, reason=OK 
 headers={'Date': 'Sat, 01 Jun 2024 18:18:26 GMT', 'Content-Type': 'application/json; charset=utf-8', 'Transfer-Encoding': 'chunked', 'Connection': 'keep-alive', 'X-Powered-By': 'Express', 'Access-Control-Allow-Origin': '*', 'Cache-Control': 'no-cache', 'ETag': 'W/"485-ixXhc+nduaJYwloAqr1swv9+DFM"', 'Vary': 'Accept-Encoding', 'Content-Encoding': 'gzip', 'CF-Cache-Status': 'DYNAMIC', 'Report-To': '{"endpoints":[{"url":"https:\\/\\/a.nel.cloudflare.com\\/report\\/v4?s=0dZv5HMRf2BQ%2Bk%2FAtCdKj%2Bt%2ByoVmDNbTJuGm4SaupTeJvBsKRqopfaV%2FyPFyqf4dsm8ox8wzRTjl6IAgcEzazAe4p7YwfT38Co0Eg5sTeacNw86i594Tfj7cFC9oCNyy"}],"group":"cf-nel","max_age":604800}', 'NEL': '{"success_fraction":0,"report_to":"cf-nel","max_age":604800}', 'Server': 'cloudflare', 'CF-RAY': '88d134cd7bff2d17-IAD', 'alt-svc': 'h3=":443"; ma=86400'} 
 body={"results":[{"gender":"male","name":{"title":"Mr","first":"Phil","last":"Schmidt"},"location":{"street":{"number":6315,"name":"New Street"},"city":"Peterborough","state":"Isle of Wight","country":"United Kingdom","postcode":"XC90 1HR","coordinates":{"latitude":"-6.0429","longitude":"-138.5949"},"timezone":{"offset":"-9:00","description":"Alaska"}},"email":"phil.schmidt@example.com","login":{"uuid":"cd1a7a83-d926-4b9b-be47-68a54b496732","username":"crazyladybug486","password":"timothy","salt":"YIkyRMUS","md5":"835b0ae3bc28e2aae5e3d6f5088fd77b","sha1":"3cb06a998319b1c0c7d4e9057460dbb25ff6cd06","sha256":"fc2d32ec1cd140d80986dd4f707063b85df1db709ffce18408224233940906de"},"dob":{"date":"1973-05-30T13:05:32.895Z","age":51},"registered":{"date":"2015-04-17T17:50:45.894Z","age":9},"phone":"013873 90179","cell":"07168 320673","id":{"name":"NINO","value":"MH 13 96 65 Q"},"picture":{"large":"https://randomuser.me/api/portraits/men/33.jpg","medium":"https://randomuser.me/api/portraits/med/men/33.jpg","thumbnail":"https://randomuser.me/api/portraits/thumb/men/33.jpg"},"nat":"GB"}],"info":{"seed":"62159d1953c720a0","results":1,"page":1,"version":"1.4"}} 
 </msg>
<msg time="2024-06-01T18:18:26.895197" level="INFO">/opt/hostedtoolcache/Python/3.12.3/x64/lib/python3.12/site-packages/urllib3/connectionpool.py:1103: InsecureRequestWarning: Unverified HTTPS request is being made to host 'randomuser.me'. Adding certificate verification is strongly advised. See: https://urllib3.readthedocs.io/en/latest/advanced-usage.html#tls-warnings
  warnings.warn(</msg>
<msg time="2024-06-01T18:18:26.895341" level="INFO">${response} = &lt;Response [200]&gt;</msg>
<var>${response}</var>
<arg>consultarAPI</arg>
<arg>/api</arg>
<doc>Sends a GET request on a previously created HTTP Session.</doc>
<status status="PASS" start="2024-06-01T18:18:26.793212" elapsed="0.102190"/>
</kw>
<kw name="Set Variable" owner="BuiltIn">
<msg time="2024-06-01T18:18:26.896431" level="INFO">${json_data} = {'results': [{'gender': 'male', 'name': {'title': 'Mr', 'first': 'Phil', 'last': 'Schmidt'}, 'location': {'street': {'number': 6315, 'name': 'New Street'}, 'city': 'Peterborough', 'state': 'Isle of Wi...</msg>
<var>${json_data}</var>
<arg>${response.json()}</arg>
<doc>Returns the given values which can then be assigned to a variables.</doc>
<status status="PASS" start="2024-06-01T18:18:26.895900" elapsed="0.000563"/>
</kw>
<kw name="Log" owner="BuiltIn">
<msg time="2024-06-01T18:18:26.896940" level="INFO">{'results': [{'gender': 'male', 'name': {'title': 'Mr', 'first': 'Phil', 'last': 'Schmidt'}, 'location': {'street': {'number': 6315, 'name': 'New Street'}, 'city': 'Peterborough', 'state': 'Isle of Wight', 'country': 'United Kingdom', 'postcode': 'XC90 1HR', 'coordinates': {'latitude': '-6.0429', 'longitude': '-138.5949'}, 'timezone': {'offset': '-9:00', 'description': 'Alaska'}}, 'email': 'phil.schmidt@example.com', 'login': {'uuid': 'cd1a7a83-d926-4b9b-be47-68a54b496732', 'username': 'crazyladybug486', 'password': 'timothy', 'salt': 'YIkyRMUS', 'md5': '835b0ae3bc28e2aae5e3d6f5088fd77b', 'sha1': '3cb06a998319b1c0c7d4e9057460dbb25ff6cd06', 'sha256': 'fc2d32ec1cd140d80986dd4f707063b85df1db709ffce18408224233940906de'}, 'dob': {'date': '1973-05-30T13:05:32.895Z', 'age': 51}, 'registered': {'date': '2015-04-17T17:50:45.894Z', 'age': 9}, 'phone': '013873 90179', 'cell': '07168 320673', 'id': {'name': 'NINO', 'value': 'MH 13 96 65 Q'}, 'picture': {'large': 'https://randomuser.me/api/portraits/men/33.jpg', 'medium': 'https://randomuser.me/api/portraits/med/men/33.jpg', 'thumbnail': 'https://randomuser.me/api/portraits/thumb/men/33.jpg'}, 'nat': 'GB'}], 'info': {'seed': '62159d1953c720a0', 'results': 1, 'page': 1, 'version': '1.4'}}</msg>
<arg>${json_data}</arg>
<doc>Logs the given message with the given level.</doc>
<status status="PASS" start="2024-06-01T18:18:26.896777" elapsed="0.000212"/>
</kw>
<kw name="Dictionary Should Contain Key" owner="Collections">
<msg time="2024-06-01T18:18:26.897472" level="INFO">False</msg>
<arg>${json_data}</arg>
<arg>results</arg>
<doc>Fails if ``key`` is not found from ``dictionary``.</doc>
<status status="PASS" start="2024-06-01T18:18:26.897311" elapsed="0.000206"/>
</kw>
<kw name="Should Not Be Empty" owner="BuiltIn">
<msg time="2024-06-01T18:18:26.897954" level="INFO">Length is 2.</msg>
<arg>${json_data}</arg>
<doc>Verifies that the given item is not empty.</doc>
<status status="PASS" start="2024-06-01T18:18:26.897813" elapsed="0.000181"/>
</kw>
<kw name="Create List" owner="BuiltIn">
<msg time="2024-06-01T18:18:26.898446" level="INFO">${expected_keys} = ['gender', 'name', 'location', 'email', 'login']</msg>
<var>${expected_keys}</var>
<arg>gender</arg>
<arg>name</arg>
<arg>location</arg>
<arg>email</arg>
<arg>login</arg>
<doc>Returns a list containing given items.</doc>
<status status="PASS" start="2024-06-01T18:18:26.898296" elapsed="0.000175"/>
</kw>
<for flavor="IN">
<iter>
<kw name="Dictionary Should Contain Key" owner="Collections">
<msg time="2024-06-01T18:18:26.899510" level="INFO">False</msg>
<arg>${json_data['results'][0]}</arg>
<arg>${key}</arg>
<doc>Fails if ``key`` is not found from ``dictionary``.</doc>
<status status="PASS" start="2024-06-01T18:18:26.899059" elapsed="0.000496"/>
</kw>
<kw name="Log" owner="BuiltIn">
<msg time="2024-06-01T18:18:26.900227" level="INFO">{'gender': 'male', 'name': {'title': 'Mr', 'first': 'Phil', 'last': 'Schmidt'}, 'location': {'street': {'number': 6315, 'name': 'New Street'}, 'city': 'Peterborough', 'state': 'Isle of Wight', 'country': 'United Kingdom', 'postcode': 'XC90 1HR', 'coordinates': {'latitude': '-6.0429', 'longitude': '-138.5949'}, 'timezone': {'offset': '-9:00', 'description': 'Alaska'}}, 'email': 'phil.schmidt@example.com', 'login': {'uuid': 'cd1a7a83-d926-4b9b-be47-68a54b496732', 'username': 'crazyladybug486', 'password': 'timothy', 'salt': 'YIkyRMUS', 'md5': '835b0ae3bc28e2aae5e3d6f5088fd77b', 'sha1': '3cb06a998319b1c0c7d4e9057460dbb25ff6cd06', 'sha256': 'fc2d32ec1cd140d80986dd4f707063b85df1db709ffce18408224233940906de'}, 'dob': {'date': '1973-05-30T13:05:32.895Z', 'age': 51}, 'registered': {'date': '2015-04-17T17:50:45.894Z', 'age': 9}, 'phone': '013873 90179', 'cell': '07168 320673', 'id': {'name': 'NINO', 'value': 'MH 13 96 65 Q'}, 'picture': {'large': 'https://randomuser.me/api/portraits/men/33.jpg', 'medium': 'https://randomuser.me/api/portraits/med/men/33.jpg', 'thumbnail': 'https://randomuser.me/api/portraits/thumb/men/33.jpg'}, 'nat': 'GB'}</msg>
<arg>${json_data['results'][0]}</arg>
<doc>Logs the given message with the given level.</doc>
<status status="PASS" start="2024-06-01T18:18:26.899862" elapsed="0.000415"/>
</kw>
<kw name="Log" owner="BuiltIn">
<msg time="2024-06-01T18:18:26.900709" level="INFO">gender</msg>
<arg>${key}</arg>
<doc>Logs the given message with the given level.</doc>
<status status="PASS" start="2024-06-01T18:18:26.900578" elapsed="0.000169"/>
</kw>
<var name="${key}">gender</var>
<status status="PASS" start="2024-06-01T18:18:26.898931" elapsed="0.002033"/>
</iter>
<iter>
<kw name="Dictionary Should Contain Key" owner="Collections">
<msg time="2024-06-01T18:18:26.901663" level="INFO">False</msg>
<arg>${json_data['results'][0]}</arg>
<arg>${key}</arg>
<doc>Fails if ``key`` is not found from ``dictionary``.</doc>
<status status="PASS" start="2024-06-01T18:18:26.901273" elapsed="0.000428"/>
</kw>
<kw name="Log" owner="BuiltIn">
<msg time="2024-06-01T18:18:26.902390" level="INFO">{'gender': 'male', 'name': {'title': 'Mr', 'first': 'Phil', 'last': 'Schmidt'}, 'location': {'street': {'number': 6315, 'name': 'New Street'}, 'city': 'Peterborough', 'state': 'Isle of Wight', 'country': 'United Kingdom', 'postcode': 'XC90 1HR', 'coordinates': {'latitude': '-6.0429', 'longitude': '-138.5949'}, 'timezone': {'offset': '-9:00', 'description': 'Alaska'}}, 'email': 'phil.schmidt@example.com', 'login': {'uuid': 'cd1a7a83-d926-4b9b-be47-68a54b496732', 'username': 'crazyladybug486', 'password': 'timothy', 'salt': 'YIkyRMUS', 'md5': '835b0ae3bc28e2aae5e3d6f5088fd77b', 'sha1': '3cb06a998319b1c0c7d4e9057460dbb25ff6cd06', 'sha256': 'fc2d32ec1cd140d80986dd4f707063b85df1db709ffce18408224233940906de'}, 'dob': {'date': '1973-05-30T13:05:32.895Z', 'age': 51}, 'registered': {'date': '2015-04-17T17:50:45.894Z', 'age': 9}, 'phone': '013873 90179', 'cell': '07168 320673', 'id': {'name': 'NINO', 'value': 'MH 13 96 65 Q'}, 'picture': {'large': 'https://randomuser.me/api/portraits/men/33.jpg', 'medium': 'https://randomuser.me/api/portraits/med/men/33.jpg', 'thumbnail': 'https://randomuser.me/api/portraits/thumb/men/33.jpg'}, 'nat': 'GB'}</msg>
<arg>${json_data['results'][0]}</arg>
<doc>Logs the given message with the given level.</doc>
<status status="PASS" start="2024-06-01T18:18:26.902029" elapsed="0.000409"/>
</kw>
<kw name="Log" owner="BuiltIn">
<msg time="2024-06-01T18:18:26.902869" level="INFO">name</msg>
<arg>${key}</arg>
<doc>Logs the given message with the given level.</doc>
<status status="PASS" start="2024-06-01T18:18:26.902740" elapsed="0.000167"/>
</kw>
<var name="${key}">name</var>
<status status="PASS" start="2024-06-01T18:18:26.901158" elapsed="0.001971"/>
</iter>
<iter>
<kw name="Dictionary Should Contain Key" owner="Collections">
<msg time="2024-06-01T18:18:26.903843" level="INFO">False</msg>
<arg>${json_data['results'][0]}</arg>
<arg>${key}</arg>
<doc>Fails if ``key`` is not found from ``dictionary``.</doc>
<status status="PASS" start="2024-06-01T18:18:26.903453" elapsed="0.000427"/>
</kw>
<kw name="Log" owner="BuiltIn">
<msg time="2024-06-01T18:18:26.904544" level="INFO">{'gender': 'male', 'name': {'title': 'Mr', 'first': 'Phil', 'last': 'Schmidt'}, 'location': {'street': {'number': 6315, 'name': 'New Street'}, 'city': 'Peterborough', 'state': 'Isle of Wight', 'country': 'United Kingdom', 'postcode': 'XC90 1HR', 'coordinates': {'latitude': '-6.0429', 'longitude': '-138.5949'}, 'timezone': {'offset': '-9:00', 'description': 'Alaska'}}, 'email': 'phil.schmidt@example.com', 'login': {'uuid': 'cd1a7a83-d926-4b9b-be47-68a54b496732', 'username': 'crazyladybug486', 'password': 'timothy', 'salt': 'YIkyRMUS', 'md5': '835b0ae3bc28e2aae5e3d6f5088fd77b', 'sha1': '3cb06a998319b1c0c7d4e9057460dbb25ff6cd06', 'sha256': 'fc2d32ec1cd140d80986dd4f707063b85df1db709ffce18408224233940906de'}, 'dob': {'date': '1973-05-30T13:05:32.895Z', 'age': 51}, 'registered': {'date': '2015-04-17T17:50:45.894Z', 'age': 9}, 'phone': '013873 90179', 'cell': '07168 320673', 'id': {'name': 'NINO', 'value': 'MH 13 96 65 Q'}, 'picture': {'large': 'https://randomuser.me/api/portraits/men/33.jpg', 'medium': 'https://randomuser.me/api/portraits/med/men/33.jpg', 'thumbnail': 'https://randomuser.me/api/portraits/thumb/men/33.jpg'}, 'nat': 'GB'}</msg>
<arg>${json_data['results'][0]}</arg>
<doc>Logs the given message with the given level.</doc>
<status status="PASS" start="2024-06-01T18:18:26.904179" elapsed="0.000414"/>
</kw>
<kw name="Log" owner="BuiltIn">
<msg time="2024-06-01T18:18:26.905013" level="INFO">location</msg>
<arg>${key}</arg>
<doc>Logs the given message with the given level.</doc>
<status status="PASS" start="2024-06-01T18:18:26.904888" elapsed="0.000163"/>
</kw>
<var name="${key}">location</var>
<status status="PASS" start="2024-06-01T18:18:26.903308" elapsed="0.001957"/>
</iter>
<iter>
<kw name="Dictionary Should Contain Key" owner="Collections">
<msg time="2024-06-01T18:18:26.906039" level="INFO">False</msg>
<arg>${json_data['results'][0]}</arg>
<arg>${key}</arg>
<doc>Fails if ``key`` is not found from ``dictionary``.</doc>
<status status="PASS" start="2024-06-01T18:18:26.905549" elapsed="0.000529"/>
</kw>
<kw name="Log" owner="BuiltIn">
<msg time="2024-06-01T18:18:26.906730" level="INFO">{'gender': 'male', 'name': {'title': 'Mr', 'first': 'Phil', 'last': 'Schmidt'}, 'location': {'street': {'number': 6315, 'name': 'New Street'}, 'city': 'Peterborough', 'state': 'Isle of Wight', 'country': 'United Kingdom', 'postcode': 'XC90 1HR', 'coordinates': {'latitude': '-6.0429', 'longitude': '-138.5949'}, 'timezone': {'offset': '-9:00', 'description': 'Alaska'}}, 'email': 'phil.schmidt@example.com', 'login': {'uuid': 'cd1a7a83-d926-4b9b-be47-68a54b496732', 'username': 'crazyladybug486', 'password': 'timothy', 'salt': 'YIkyRMUS', 'md5': '835b0ae3bc28e2aae5e3d6f5088fd77b', 'sha1': '3cb06a998319b1c0c7d4e9057460dbb25ff6cd06', 'sha256': 'fc2d32ec1cd140d80986dd4f707063b85df1db709ffce18408224233940906de'}, 'dob': {'date': '1973-05-30T13:05:32.895Z', 'age': 51}, 'registered': {'date': '2015-04-17T17:50:45.894Z', 'age': 9}, 'phone': '013873 90179', 'cell': '07168 320673', 'id': {'name': 'NINO', 'value': 'MH 13 96 65 Q'}, 'picture': {'large': 'https://randomuser.me/api/portraits/men/33.jpg', 'medium': 'https://randomuser.me/api/portraits/med/men/33.jpg', 'thumbnail': 'https://randomuser.me/api/portraits/thumb/men/33.jpg'}, 'nat': 'GB'}</msg>
<arg>${json_data['results'][0]}</arg>
<doc>Logs the given message with the given level.</doc>
<status status="PASS" start="2024-06-01T18:18:26.906374" elapsed="0.000404"/>
</kw>
<kw name="Log" owner="BuiltIn">
<msg time="2024-06-01T18:18:26.907202" level="INFO">email</msg>
<arg>${key}</arg>
<doc>Logs the given message with the given level.</doc>
<status status="PASS" start="2024-06-01T18:18:26.907074" elapsed="0.000166"/>
</kw>
<var name="${key}">email</var>
<status status="PASS" start="2024-06-01T18:18:26.905439" elapsed="0.002043"/>
</iter>
<iter>
<kw name="Dictionary Should Contain Key" owner="Collections">
<msg time="2024-06-01T18:18:26.908149" level="INFO">False</msg>
<arg>${json_data['results'][0]}</arg>
<arg>${key}</arg>
<doc>Fails if ``key`` is not found from ``dictionary``.</doc>
<status status="PASS" start="2024-06-01T18:18:26.907772" elapsed="0.000413"/>
</kw>
<kw name="Log" owner="BuiltIn">
<msg time="2024-06-01T18:18:26.908828" level="INFO">{'gender': 'male', 'name': {'title': 'Mr', 'first': 'Phil', 'last': 'Schmidt'}, 'location': {'street': {'number': 6315, 'name': 'New Street'}, 'city': 'Peterborough', 'state': 'Isle of Wight', 'country': 'United Kingdom', 'postcode': 'XC90 1HR', 'coordinates': {'latitude': '-6.0429', 'longitude': '-138.5949'}, 'timezone': {'offset': '-9:00', 'description': 'Alaska'}}, 'email': 'phil.schmidt@example.com', 'login': {'uuid': 'cd1a7a83-d926-4b9b-be47-68a54b496732', 'username': 'crazyladybug486', 'password': 'timothy', 'salt': 'YIkyRMUS', 'md5': '835b0ae3bc28e2aae5e3d6f5088fd77b', 'sha1': '3cb06a998319b1c0c7d4e9057460dbb25ff6cd06', 'sha256': 'fc2d32ec1cd140d80986dd4f707063b85df1db709ffce18408224233940906de'}, 'dob': {'date': '1973-05-30T13:05:32.895Z', 'age': 51}, 'registered': {'date': '2015-04-17T17:50:45.894Z', 'age': 9}, 'phone': '013873 90179', 'cell': '07168 320673', 'id': {'name': 'NINO', 'value': 'MH 13 96 65 Q'}, 'picture': {'large': 'https://randomuser.me/api/portraits/men/33.jpg', 'medium': 'https://randomuser.me/api/portraits/med/men/33.jpg', 'thumbnail': 'https://randomuser.me/api/portraits/thumb/men/33.jpg'}, 'nat': 'GB'}</msg>
<arg>${json_data['results'][0]}</arg>
<doc>Logs the given message with the given level.</doc>
<status status="PASS" start="2024-06-01T18:18:26.908477" elapsed="0.000407"/>
</kw>
<kw name="Log" owner="BuiltIn">
<msg time="2024-06-01T18:18:26.909298" level="INFO">login</msg>
<arg>${key}</arg>
<doc>Logs the given message with the given level.</doc>
<status status="PASS" start="2024-06-01T18:18:26.909174" elapsed="0.000160"/>
</kw>
<var name="${key}">login</var>
<status status="PASS" start="2024-06-01T18:18:26.907661" elapsed="0.001885"/>
</iter>
<var>${key}</var>
<value>@{expected_keys}</value>
<status status="PASS" start="2024-06-01T18:18:26.898734" elapsed="0.010963"/>
</for>
<kw name="Create List" owner="BuiltIn">
<msg time="2024-06-01T18:18:26.910034" level="INFO">${expected_keysTwo} = ['username', 'password']</msg>
<var>${expected_keysTwo}</var>
<arg>username</arg>
<arg>password</arg>
<doc>Returns a list containing given items.</doc>
<status status="PASS" start="2024-06-01T18:18:26.909897" elapsed="0.000161"/>
</kw>
<for flavor="IN">
<iter>
<kw name="Dictionary Should Contain Key" owner="Collections">
<msg time="2024-06-01T18:18:26.910942" level="INFO">False</msg>
<arg>${json_data['results'][0]['login']}</arg>
<arg>${keyTwo}</arg>
<doc>Fails if ``key`` is not found from ``dictionary``.</doc>
<status status="PASS" start="2024-06-01T18:18:26.910556" elapsed="0.000423"/>
</kw>
<kw name="Dictionary Should Contain Key" owner="Collections">
<msg time="2024-06-01T18:18:26.911687" level="INFO">False</msg>
<arg>${json_data['results'][0]['login']}</arg>
<arg>${keyTwo}</arg>
<doc>Fails if ``key`` is not found from ``dictionary``.</doc>
<status status="PASS" start="2024-06-01T18:18:26.911272" elapsed="0.000453"/>
</kw>
<kw name="Log" owner="BuiltIn">
<msg time="2024-06-01T18:18:26.912152" level="INFO">username</msg>
<arg>${keyTwo}</arg>
<doc>Logs the given message with the given level.</doc>
<status status="PASS" start="2024-06-01T18:18:26.912025" elapsed="0.000164"/>
</kw>
<var name="${keyTwo}">username</var>
<status status="PASS" start="2024-06-01T18:18:26.910446" elapsed="0.001954"/>
</iter>
<iter>
<kw name="Dictionary Should Contain Key" owner="Collections">
<msg time="2024-06-01T18:18:26.913065" level="INFO">False</msg>
<arg>${json_data['results'][0]['login']}</arg>
<arg>${keyTwo}</arg>
<doc>Fails if ``key`` is not found from ``dictionary``.</doc>
<status status="PASS" start="2024-06-01T18:18:26.912683" elapsed="0.000420"/>
</kw>
<kw name="Dictionary Should Contain Key" owner="Collections">
<msg time="2024-06-01T18:18:26.913772" level="INFO">False</msg>
<arg>${json_data['results'][0]['login']}</arg>
<arg>${keyTwo}</arg>
<doc>Fails if ``key`` is not found from ``dictionary``.</doc>
<status status="PASS" start="2024-06-01T18:18:26.913393" elapsed="0.000416"/>
</kw>
<kw name="Log" owner="BuiltIn">
<msg time="2024-06-01T18:18:26.914233" level="INFO">password</msg>
<arg>${keyTwo}</arg>
<doc>Logs the given message with the given level.</doc>
<status status="PASS" start="2024-06-01T18:18:26.914100" elapsed="0.000171"/>
</kw>
<var name="${keyTwo}">password</var>
<status status="PASS" start="2024-06-01T18:18:26.912572" elapsed="0.001914"/>
</iter>
<var>${keyTwo}</var>
<value>@{expected_keysTwo}</value>
<status status="PASS" start="2024-06-01T18:18:26.910295" elapsed="0.004311"/>
</for>
<status status="PASS" start="2024-06-01T18:18:26.792973" elapsed="0.121774"/>
</kw>
<doc>Testa a estrutura da resposta da API.</doc>
<tag>testeEstruturaResposta</tag>
<status status="PASS" start="2024-06-01T18:18:26.792480" elapsed="0.122426"/>
</test>
<test id="s1-s1-t4" name="Validar tipos de dados" line="28">
<kw name="Teste de Tipos de Dados" owner="random-user-service">
<kw name="GET On Session" owner="RequestsLibrary">
<msg time="2024-06-01T18:18:26.949727" level="INFO">GET Request : url=https://randomuser.me/api 
 path_url=/api 
 headers={'User-Agent': 'python-requests/2.32.3', 'Accept-Encoding': 'gzip, deflate', 'Accept': '*/*', 'Connection': 'keep-alive'} 
 body=None 
 </msg>
<msg time="2024-06-01T18:18:26.949808" level="INFO">GET Response : url=https://randomuser.me/api 
 status=200, reason=OK 
 headers={'Date': 'Sat, 01 Jun 2024 18:18:26 GMT', 'Content-Type': 'application/json; charset=utf-8', 'Transfer-Encoding': 'chunked', 'Connection': 'keep-alive', 'X-Powered-By': 'Express', 'Access-Control-Allow-Origin': '*', 'Cache-Control': 'no-cache', 'ETag': 'W/"492-xUwl6Iz+AzdhS6r4kAVbnjbGhws"', 'Vary': 'Accept-Encoding', 'Content-Encoding': 'gzip', 'CF-Cache-Status': 'DYNAMIC', 'Report-To': '{"endpoints":[{"url":"https:\\/\\/a.nel.cloudflare.com\\/report\\/v4?s=xTSXy%2FOIsZ0ZYjb1Knlu%2B%2Fh5WC4HjGQ4puKGLKX89NwVFfPfaYPnKmhazZNq4xBmM8osMRKLveDRLSssc3%2BNg42BAB%2FGq24bbe2AoEWvSC2D6B18UT%2F1b4EzSgnLE%2F9n"}],"group":"cf-nel","max_age":604800}', 'NEL': '{"success_fraction":0,"report_to":"cf-nel","max_age":604800}', 'Server': 'cloudflare', 'CF-RAY': '88d134ce4d132d17-IAD', 'alt-svc': 'h3=":443"; ma=86400'} 
 body={"results":[{"gender":"male","name":{"title":"Mr","first":"Óscar","last":"Caldeira"},"location":{"street":{"number":2481,"name":"Rua Treze "},"city":"Petrolina","state":"Paraná","country":"Brazil","postcode":41101,"coordinates":{"latitude":"-74.7093","longitude":"-144.8217"},"timezone":{"offset":"+4:00","description":"Abu Dhabi, Muscat, Baku, Tbilisi"}},"email":"oscar.caldeira@example.com","login":{"uuid":"f193da75-7218-4ffb-947c-d4e4682012c6","username":"heavyrabbit845","password":"defense","salt":"BigG77Tu","md5":"1da16b81139e278f646652a65988066e","sha1":"03258650d9c2efdba0cf5a115ceead83aed49890","sha256":"adff5d27b3e98726ba480ad34205ebb17eaf43746f03dd4e64b62f6cca2180b0"},"dob":{"date":"1959-01-05T21:47:57.873Z","age":65},"registered":{"date":"2020-10-23T23:09:54.890Z","age":3},"phone":"(45) 1001-7404","cell":"(28) 3789-6297","id":{"name":"CPF","value":"967.788.989-78"},"picture":{"large":"https://randomuser.me/api/portraits/men/29.jpg","medium":"https://randomuser.me/api/portraits/med/men/29.jpg","thumbnail":"https://randomuser.me/api/portraits/thumb/men/29.jpg"},"nat":"BR"}],"info":{"seed":"e4e9263a9dae99e0","results":1,"page":1,"version":"1.4"}} 
 </msg>
<msg time="2024-06-01T18:18:26.949885" level="INFO">/opt/hostedtoolcache/Python/3.12.3/x64/lib/python3.12/site-packages/urllib3/connectionpool.py:1103: InsecureRequestWarning: Unverified HTTPS request is being made to host 'randomuser.me'. Adding certificate verification is strongly advised. See: https://urllib3.readthedocs.io/en/latest/advanced-usage.html#tls-warnings
  warnings.warn(</msg>
<msg time="2024-06-01T18:18:26.949987" level="INFO">${response} = &lt;Response [200]&gt;</msg>
<var>${response}</var>
<arg>consultarAPI</arg>
<arg>/api</arg>
<doc>Sends a GET request on a previously created HTTP Session.</doc>
<status status="PASS" start="2024-06-01T18:18:26.917394" elapsed="0.032629"/>
</kw>
<kw name="Set Variable" owner="BuiltIn">
<msg time="2024-06-01T18:18:26.950928" level="INFO">${json_data} = {'results': [{'gender': 'male', 'name': {'title': 'Mr', 'first': 'Óscar', 'last': 'Caldeira'}, 'location': {'street': {'number': 2481, 'name': 'Rua Treze '}, 'city': 'Petrolina', 'state': 'Paraná', 'c...</msg>
<var>${json_data}</var>
<arg>${response.json()}</arg>
<doc>Returns the given values which can then be assigned to a variables.</doc>
<status status="PASS" start="2024-06-01T18:18:26.950460" elapsed="0.000498"/>
</kw>
<kw name="Log" owner="BuiltIn">
<msg time="2024-06-01T18:18:26.951465" level="INFO">{'results': [{'gender': 'male', 'name': {'title': 'Mr', 'first': 'Óscar', 'last': 'Caldeira'}, 'location': {'street': {'number': 2481, 'name': 'Rua Treze '}, 'city': 'Petrolina', 'state': 'Paraná', 'country': 'Brazil', 'postcode': 41101, 'coordinates': {'latitude': '-74.7093', 'longitude': '-144.8217'}, 'timezone': {'offset': '+4:00', 'description': 'Abu Dhabi, Muscat, Baku, Tbilisi'}}, 'email': 'oscar.caldeira@example.com', 'login': {'uuid': 'f193da75-7218-4ffb-947c-d4e4682012c6', 'username': 'heavyrabbit845', 'password': 'defense', 'salt': 'BigG77Tu', 'md5': '1da16b81139e278f646652a65988066e', 'sha1': '03258650d9c2efdba0cf5a115ceead83aed49890', 'sha256': 'adff5d27b3e98726ba480ad34205ebb17eaf43746f03dd4e64b62f6cca2180b0'}, 'dob': {'date': '1959-01-05T21:47:57.873Z', 'age': 65}, 'registered': {'date': '2020-10-23T23:09:54.890Z', 'age': 3}, 'phone': '(45) 1001-7404', 'cell': '(28) 3789-6297', 'id': {'name': 'CPF', 'value': '967.788.989-78'}, 'picture': {'large': 'https://randomuser.me/api/portraits/men/29.jpg', 'medium': 'https://randomuser.me/api/portraits/med/men/29.jpg', 'thumbnail': 'https://randomuser.me/api/portraits/thumb/men/29.jpg'}, 'nat': 'BR'}], 'info': {'seed': 'e4e9263a9dae99e0', 'results': 1, 'page': 1, 'version': '1.4'}}</msg>
<arg>${json_data}</arg>
<doc>Logs the given message with the given level.</doc>
<status status="PASS" start="2024-06-01T18:18:26.951272" elapsed="0.000277"/>
</kw>
<kw name="Should Be String" owner="String">
<arg>${json_data['results'][0]['gender']}</arg>
<doc>Fails if the given ``item`` is not a string.</doc>
<status status="PASS" start="2024-06-01T18:18:26.951851" elapsed="0.000361"/>
</kw>
<kw name="Should Match Regexp" owner="BuiltIn">
<arg>${json_data['results'][0]['email']}</arg>
<arg>^[a-zA-Z0-9._%+-]+@[a-zA-Z0-9.-]+\.[a-zA-Z]{2,}$</arg>
<doc>Fails if ``string`` does not match ``pattern`` as a regular expression.</doc>
<status status="PASS" start="2024-06-01T18:18:26.952401" elapsed="0.000631"/>
</kw>
<kw name="Should Match Regexp" owner="BuiltIn">
<arg>${json_data['results'][0]['dob']['date']}</arg>
<arg>\\d{4}-\\d{2}-\\d{2}T\\d{2}:\\d{2}:\\d{2}\\.\\d{3}Z</arg>
<doc>Fails if ``string`` does not match ``pattern`` as a regular expression.</doc>
<status status="PASS" start="2024-06-01T18:18:26.953231" elapsed="0.000481"/>
</kw>
<kw name="Should Match Regexp" owner="BuiltIn">
<arg>${json_data['results'][0]['registered']['date']}</arg>
<arg>\\d{4}-\\d{2}-\\d{2}T\\d{2}:\\d{2}:\\d{2}\\.\\d{3}Z</arg>
<doc>Fails if ``string`` does not match ``pattern`` as a regular expression.</doc>
<status status="PASS" start="2024-06-01T18:18:26.953905" elapsed="0.000369"/>
</kw>
<kw name="Should Match Regexp" owner="BuiltIn">
<arg>${json_data['results'][0]['picture']['large']}</arg>
<arg>^https?://.*\.(?:png|jpe?g|gif|bmp)$</arg>
<doc>Fails if ``string`` does not match ``pattern`` as a regular expression.</doc>
<status status="PASS" start="2024-06-01T18:18:26.954461" elapsed="0.000455"/>
</kw>
<kw name="Should Match Regexp" owner="BuiltIn">
<arg>${json_data['results'][0]['picture']['medium']}</arg>
<arg>^https?://.*\.(?:png|jpe?g|gif|bmp)$</arg>
<doc>Fails if ``string`` does not match ``pattern`` as a regular expression.</doc>
<status status="PASS" start="2024-06-01T18:18:26.955103" elapsed="0.000380"/>
</kw>
<kw name="Should Match Regexp" owner="BuiltIn">
<arg>${json_data['results'][0]['picture']['thumbnail']}</arg>
<arg>^https?://.*\.(?:png|jpe?g|gif|bmp)$</arg>
<doc>Fails if ``string`` does not match ``pattern`` as a regular expression.</doc>
<status status="PASS" start="2024-06-01T18:18:26.955675" elapsed="0.000347"/>
</kw>
<kw name="Log" owner="BuiltIn">
<msg time="2024-06-01T18:18:26.956524" level="INFO">{'large': 'https://randomuser.me/api/portraits/men/29.jpg', 'medium': 'https://randomuser.me/api/portraits/med/men/29.jpg', 'thumbnail': 'https://randomuser.me/api/portraits/thumb/men/29.jpg'}</msg>
<arg>${json_data['results'][0]['picture']}</arg>
<doc>Logs the given message with the given level.</doc>
<status status="PASS" start="2024-06-01T18:18:26.956203" elapsed="0.000362"/>
</kw>
<status status="PASS" start="2024-06-01T18:18:26.917162" elapsed="0.039654"/>
</kw>
<kw name="Teste de Tipos de Dados - Postcode" owner="random-user-service">
<kw name="GET On Session" owner="RequestsLibrary">
<msg time="2024-06-01T18:18:27.050317" level="INFO">GET Request : url=https://randomuser.me/api 
 path_url=/api 
 headers={'User-Agent': 'python-requests/2.32.3', 'Accept-Encoding': 'gzip, deflate', 'Accept': '*/*', 'Connection': 'keep-alive'} 
 body=None 
 </msg>
<msg time="2024-06-01T18:18:27.050429" level="INFO">GET Response : url=https://randomuser.me/api 
 status=200, reason=OK 
 headers={'Date': 'Sat, 01 Jun 2024 18:18:27 GMT', 'Content-Type': 'application/json; charset=utf-8', 'Transfer-Encoding': 'chunked', 'Connection': 'keep-alive', 'X-Powered-By': 'Express', 'Access-Control-Allow-Origin': '*', 'Cache-Control': 'no-cache', 'ETag': 'W/"481-k7SQULL5Vx2S+3xE+8PFF2wjCAI"', 'Vary': 'Accept-Encoding', 'Content-Encoding': 'gzip', 'CF-Cache-Status': 'DYNAMIC', 'Report-To': '{"endpoints":[{"url":"https:\\/\\/a.nel.cloudflare.com\\/report\\/v4?s=waaGkQ6c8XsecjpyMFHvtE8AVLnP9cLPJV%2B8Uc%2B6XlW5adu2gQBIjFlvjmwGNr%2F2JfZTiuiULLJMeCz4Tkbk9iIYO1z3SZ7J0yQEt1zQxkCtmo%2B0eXPmsSQv9GCi%2FbbC"}],"group":"cf-nel","max_age":604800}', 'NEL': '{"success_fraction":0,"report_to":"cf-nel","max_age":604800}', 'Server': 'cloudflare', 'CF-RAY': '88d134ce8d542d17-IAD', 'alt-svc': 'h3=":443"; ma=86400'} 
 body={"results":[{"gender":"male","name":{"title":"Mr","first":"سام","last":"موسوی"},"location":{"street":{"number":4089,"name":"دکتر مفتح"},"city":"ساری","state":"لرستان","country":"Iran","postcode":16914,"coordinates":{"latitude":"14.9239","longitude":"-104.5609"},"timezone":{"offset":"-8:00","description":"Pacific Time (US &amp; Canada)"}},"email":"sm.mwswy@example.com","login":{"uuid":"6a264791-7787-4030-a091-85bfc11e08c1","username":"organicbutterfly605","password":"44444","salt":"BEGBcmcj","md5":"9fb86672a840d3b24c6352a9010705bc","sha1":"def183c8da54e10f9a2fb67bccc6f26e1db62ca4","sha256":"948f10e1493d4847f86f1fabc20b880074db43038a08f3e756319097a8ee6106"},"dob":{"date":"1962-11-18T13:18:00.584Z","age":61},"registered":{"date":"2016-08-18T23:16:42.095Z","age":7},"phone":"070-08057114","cell":"0945-894-5495","id":{"name":"","value":null},"picture":{"large":"https://randomuser.me/api/portraits/men/98.jpg","medium":"https://randomuser.me/api/portraits/med/men/98.jpg","thumbnail":"https://randomuser.me/api/portraits/thumb/men/98.jpg"},"nat":"IR"}],"info":{"seed":"be2a0435bd7b97f9","results":1,"page":1,"version":"1.4"}} 
 </msg>
<msg time="2024-06-01T18:18:27.050524" level="INFO">/opt/hostedtoolcache/Python/3.12.3/x64/lib/python3.12/site-packages/urllib3/connectionpool.py:1103: InsecureRequestWarning: Unverified HTTPS request is being made to host 'randomuser.me'. Adding certificate verification is strongly advised. See: https://urllib3.readthedocs.io/en/latest/advanced-usage.html#tls-warnings
  warnings.warn(</msg>
<msg time="2024-06-01T18:18:27.050641" level="INFO">${response} = &lt;Response [200]&gt;</msg>
<var>${response}</var>
<arg>consultarAPI</arg>
<arg>/api</arg>
<doc>Sends a GET request on a previously created HTTP Session.</doc>
<status status="PASS" start="2024-06-01T18:18:26.957256" elapsed="0.093427"/>
</kw>
<kw name="Set Variable" owner="BuiltIn">
<msg time="2024-06-01T18:18:27.051774" level="INFO">${json_data} = {'results': [{'gender': 'male', 'name': {'title': 'Mr', 'first': 'سام', 'last': 'موسوی'}, 'location': {'street': {'number': 4089, 'name': 'دکتر مفتح'}, 'city': 'ساری', 'state': 'لرستان', 'country': 'I...</msg>
<var>${json_data}</var>
<arg>${response.json()}</arg>
<doc>Returns the given values which can then be assigned to a variables.</doc>
<status status="PASS" start="2024-06-01T18:18:27.051208" elapsed="0.000597"/>
</kw>
<kw name="Log" owner="BuiltIn">
<msg time="2024-06-01T18:18:27.052278" level="INFO">{'results': [{'gender': 'male', 'name': {'title': 'Mr', 'first': 'سام', 'last': 'موسوی'}, 'location': {'street': {'number': 4089, 'name': 'دکتر مفتح'}, 'city': 'ساری', 'state': 'لرستان', 'country': 'Iran', 'postcode': 16914, 'coordinates': {'latitude': '14.9239', 'longitude': '-104.5609'}, 'timezone': {'offset': '-8:00', 'description': 'Pacific Time (US &amp; Canada)'}}, 'email': 'sm.mwswy@example.com', 'login': {'uuid': '6a264791-7787-4030-a091-85bfc11e08c1', 'username': 'organicbutterfly605', 'password': '44444', 'salt': 'BEGBcmcj', 'md5': '9fb86672a840d3b24c6352a9010705bc', 'sha1': 'def183c8da54e10f9a2fb67bccc6f26e1db62ca4', 'sha256': '948f10e1493d4847f86f1fabc20b880074db43038a08f3e756319097a8ee6106'}, 'dob': {'date': '1962-11-18T13:18:00.584Z', 'age': 61}, 'registered': {'date': '2016-08-18T23:16:42.095Z', 'age': 7}, 'phone': '070-08057114', 'cell': '0945-894-5495', 'id': {'name': '', 'value': None}, 'picture': {'large': 'https://randomuser.me/api/portraits/men/98.jpg', 'medium': 'https://randomuser.me/api/portraits/med/men/98.jpg', 'thumbnail': 'https://randomuser.me/api/portraits/thumb/men/98.jpg'}, 'nat': 'IR'}], 'info': {'seed': 'be2a0435bd7b97f9', 'results': 1, 'page': 1, 'version': '1.4'}}</msg>
<arg>${json_data}</arg>
<doc>Logs the given message with the given level.</doc>
<status status="PASS" start="2024-06-01T18:18:27.052117" elapsed="0.000253"/>
</kw>
<kw name="Should Be Equal As Numbers" owner="BuiltIn">
<arg>${json_data['results'][0]['location']['postcode']}</arg>
<arg>${json_data['results'][0]['location']['postcode']}</arg>
<doc>Fails if objects are unequal after converting them to real numbers.</doc>
<status status="PASS" start="2024-06-01T18:18:27.052680" elapsed="0.000632"/>
</kw>
<kw name="Log" owner="BuiltIn">
<msg time="2024-06-01T18:18:27.053845" level="INFO">16914</msg>
<arg>${json_data['results'][0]['location']['postcode']}</arg>
<doc>Logs the given message with the given level.</doc>
<status status="PASS" start="2024-06-01T18:18:27.053505" elapsed="0.000382"/>
</kw>
<status status="PASS" start="2024-06-01T18:18:26.957032" elapsed="0.097115"/>
</kw>
<doc>Testa se os tipos de dados na resposta da API estão corretos.</doc>
<tag>testeTiposDados</tag>
<status status="PASS" start="2024-06-01T18:18:26.916701" elapsed="0.137618"/>
</test>
<test id="s1-s1-t5" name="Validar conteudo" line="35">
<kw name="Teste de Tipos de Conteudo" owner="random-user-service">
<kw name="GET On Session" owner="RequestsLibrary">
<msg time="2024-06-01T18:18:27.170098" level="INFO">GET Request : url=https://randomuser.me/api 
 path_url=/api 
 headers={'User-Agent': 'python-requests/2.32.3', 'Accept-Encoding': 'gzip, deflate', 'Accept': '*/*', 'Connection': 'keep-alive'} 
 body=None 
 </msg>
<msg time="2024-06-01T18:18:27.170211" level="INFO">GET Response : url=https://randomuser.me/api 
 status=200, reason=OK 
 headers={'Date': 'Sat, 01 Jun 2024 18:18:27 GMT', 'Content-Type': 'application/json; charset=utf-8', 'Transfer-Encoding': 'chunked', 'Connection': 'keep-alive', 'X-Powered-By': 'Express', 'Access-Control-Allow-Origin': '*', 'Cache-Control': 'no-cache', 'ETag': 'W/"499-LhXVahkcGVwQUq0aK2xjeL3wUYE"', 'Vary': 'Accept-Encoding', 'Content-Encoding': 'gzip', 'CF-Cache-Status': 'DYNAMIC', 'Report-To': '{"endpoints":[{"url":"https:\\/\\/a.nel.cloudflare.com\\/report\\/v4?s=k5AqhaYB4aax5Z3HuRN5PNRdmiuP%2FH7DNozP9TVLskLSumtR%2BFpgvpBZqouomZi1PuYU7qWkYfng9W41BK0Cu0CksgOdwRFTPNnvuZ%2F9o2T3T7INhTENPkJOatBngwqV"}],"group":"cf-nel","max_age":604800}', 'NEL': '{"success_fraction":0,"report_to":"cf-nel","max_age":604800}', 'Server': 'cloudflare', 'CF-RAY': '88d134cf2e082d17-IAD', 'alt-svc': 'h3=":443"; ma=86400'} 
 body={"results":[{"gender":"female","name":{"title":"Miss","first":"Vandana","last":"Anand"},"location":{"street":{"number":2589,"name":"Coaker's Walk"},"city":"Hazaribagh","state":"Arunachal Pradesh","country":"India","postcode":51810,"coordinates":{"latitude":"5.6397","longitude":"23.7112"},"timezone":{"offset":"-3:00","description":"Brazil, Buenos Aires, Georgetown"}},"email":"vandana.anand@example.com","login":{"uuid":"f0254351-766e-4cba-a415-9fdecae5a46a","username":"greenlion971","password":"anthony1","salt":"zA6USPOs","md5":"9d981442218fad3bd4464cbbbea68447","sha1":"48e079e60e7f808960fc7547139e8c8b0ad05948","sha256":"731f2c219c171a44c044660040018c1e375e1c14d03458fbe627a1ebb84ad953"},"dob":{"date":"1992-12-29T10:52:09.100Z","age":31},"registered":{"date":"2020-01-02T15:23:46.917Z","age":4},"phone":"9936346577","cell":"7947671013","id":{"name":"UIDAI","value":"244130535878"},"picture":{"large":"https://randomuser.me/api/portraits/women/76.jpg","medium":"https://randomuser.me/api/portraits/med/women/76.jpg","thumbnail":"https://randomuser.me/api/portraits/thumb/women/76.jpg"},"nat":"IN"}],"info":{"seed":"a196e67a6fbc4782","results":1,"page":1,"version":"1.4"}} 
 </msg>
<msg time="2024-06-01T18:18:27.170298" level="INFO">/opt/hostedtoolcache/Python/3.12.3/x64/lib/python3.12/site-packages/urllib3/connectionpool.py:1103: InsecureRequestWarning: Unverified HTTPS request is being made to host 'randomuser.me'. Adding certificate verification is strongly advised. See: https://urllib3.readthedocs.io/en/latest/advanced-usage.html#tls-warnings
  warnings.warn(</msg>
<msg time="2024-06-01T18:18:27.170439" level="INFO">${response} = &lt;Response [200]&gt;</msg>
<var>${response}</var>
<arg>consultarAPI</arg>
<arg>/api</arg>
<doc>Sends a GET request on a previously created HTTP Session.</doc>
<status status="PASS" start="2024-06-01T18:18:27.056798" elapsed="0.113693"/>
</kw>
<kw name="Set Variable" owner="BuiltIn">
<msg time="2024-06-01T18:18:27.171630" level="INFO">${json_data} = {'results': [{'gender': 'female', 'name': {'title': 'Miss', 'first': 'Vandana', 'last': 'Anand'}, 'location': {'street': {'number': 2589, 'name': "Coaker's Walk"}, 'city': 'Hazaribagh', 'state': 'Arun...</msg>
<var>${json_data}</var>
<arg>${response.json()}</arg>
<doc>Returns the given values which can then be assigned to a variables.</doc>
<status status="PASS" start="2024-06-01T18:18:27.171036" elapsed="0.000631"/>
</kw>
<kw name="Set Variable" owner="BuiltIn">
<msg time="2024-06-01T18:18:27.172391" level="INFO">${name_title} = Miss</msg>
<var>${name_title}</var>
<arg>${json_data["results"][0]["name"]["title"]}</arg>
<doc>Returns the given values which can then be assigned to a variables.</doc>
<status status="PASS" start="2024-06-01T18:18:27.172002" elapsed="0.000415"/>
</kw>
<kw name="Create List" owner="BuiltIn">
<msg time="2024-06-01T18:18:27.172864" level="INFO">${allowed_titles} = ['Mr', 'Ms', 'Miss', 'Mrs', 'Madame', 'Monsieur']</msg>
<var>${allowed_titles}</var>
<arg>Mr</arg>
<arg>Ms</arg>
<arg>Miss</arg>
<arg>Mrs</arg>
<arg>Madame</arg>
<arg>Monsieur</arg>
<doc>Returns a list containing given items.</doc>
<status status="PASS" start="2024-06-01T18:18:27.172716" elapsed="0.000173"/>
</kw>
<kw name="List Should Contain Value" owner="Collections">
<msg time="2024-06-01T18:18:27.173366" level="INFO">False</msg>
<arg>${allowed_titles}</arg>
<arg>${name_title}</arg>
<doc>Fails if the ``value`` is not found from ``list``.</doc>
<status status="PASS" start="2024-06-01T18:18:27.173190" elapsed="0.000213"/>
</kw>
<kw name="Set Variable" owner="BuiltIn">
<msg time="2024-06-01T18:18:27.174260" level="INFO">${name_country} = IN</msg>
<var>${name_country}</var>
<arg>${json_data["results"][0]["nat"]}</arg>
<doc>Returns the given values which can then be assigned to a variables.</doc>
<status status="PASS" start="2024-06-01T18:18:27.173702" elapsed="0.000593"/>
</kw>
<kw name="Create List" owner="BuiltIn">
<msg time="2024-06-01T18:18:27.175200" level="INFO">${list_country} = ['AD', 'AE', 'AF', 'AG', 'AI', 'AL', 'AM', 'AO', 'AQ', 'AR', 'AS', 'AT', 'AU', 'AW', 'AX', 'AZ', 'BA', 'BB', 'BD', 'BE', 'BF', 'BG', 'BH', 'BI', 'BJ', 'BL', 'BM', 'BN', 'BO', 'BQ', 'BR', 'BS', 'BT', '...</msg>
<var>${list_country}</var>
<arg>AD</arg>
<arg>AE</arg>
<arg>AF</arg>
<arg>AG</arg>
<arg>AI</arg>
<arg>AL</arg>
<arg>AM</arg>
<arg>AO</arg>
<arg>AQ</arg>
<arg>AR</arg>
<arg>AS</arg>
<arg>AT</arg>
<arg>AU</arg>
<arg>AW</arg>
<arg>AX</arg>
<arg>AZ</arg>
<arg>BA</arg>
<arg>BB</arg>
<arg>BD</arg>
<arg>BE</arg>
<arg>BF</arg>
<arg>BG</arg>
<arg>BH</arg>
<arg>BI</arg>
<arg>BJ</arg>
<arg>BL</arg>
<arg>BM</arg>
<arg>BN</arg>
<arg>BO</arg>
<arg>BQ</arg>
<arg>BR</arg>
<arg>BS</arg>
<arg>BT</arg>
<arg>BV</arg>
<arg>BW</arg>
<arg>BY</arg>
<arg>BZ</arg>
<arg>CA</arg>
<arg>CC</arg>
<arg>CD</arg>
<arg>CF</arg>
<arg>CG</arg>
<arg>CH</arg>
<arg>CI</arg>
<arg>CK</arg>
<arg>CL</arg>
<arg>CM</arg>
<arg>CN</arg>
<arg>CO</arg>
<arg>CR</arg>
<arg>CU</arg>
<arg>CV</arg>
<arg>CW</arg>
<arg>CX</arg>
<arg>CY</arg>
<arg>CZ</arg>
<arg>DE</arg>
<arg>DJ</arg>
<arg>DK</arg>
<arg>DM</arg>
<arg>DO</arg>
<arg>DZ</arg>
<arg>EC</arg>
<arg>EE</arg>
<arg>EG</arg>
<arg>EH</arg>
<arg>ER</arg>
<arg>ES</arg>
<arg>ET</arg>
<arg>FI</arg>
<arg>FJ</arg>
<arg>FK</arg>
<arg>FM</arg>
<arg>FO</arg>
<arg>FR</arg>
<arg>GA</arg>
<arg>GB</arg>
<arg>GD</arg>
<arg>GE</arg>
<arg>GF</arg>
<arg>GG</arg>
<arg>GH</arg>
<arg>GI</arg>
<arg>GL</arg>
<arg>GM</arg>
<arg>GN</arg>
<arg>GP</arg>
<arg>GQ</arg>
<arg>GR</arg>
<arg>GS</arg>
<arg>GT</arg>
<arg>GU</arg>
<arg>GW</arg>
<arg>GY</arg>
<arg>HK</arg>
<arg>HM</arg>
<arg>HN</arg>
<arg>HR</arg>
<arg>HT</arg>
<arg>HU</arg>
<arg>ID</arg>
<arg>IE</arg>
<arg>IL</arg>
<arg>IM</arg>
<arg>IN</arg>
<arg>IO</arg>
<arg>IQ</arg>
<arg>IR</arg>
<arg>IS</arg>
<arg>IT</arg>
<arg>JE</arg>
<arg>JM</arg>
<arg>JO</arg>
<arg>JP</arg>
<arg>KE</arg>
<arg>KG</arg>
<arg>KH</arg>
<arg>KI</arg>
<arg>KM</arg>
<arg>KN</arg>
<arg>KP</arg>
<arg>KR</arg>
<arg>KW</arg>
<arg>KY</arg>
<arg>KZ</arg>
<arg>LA</arg>
<arg>LB</arg>
<arg>LC</arg>
<arg>LI</arg>
<arg>LK</arg>
<arg>LR</arg>
<arg>LS</arg>
<arg>LT</arg>
<arg>LU</arg>
<arg>LV</arg>
<arg>LY</arg>
<arg>MA</arg>
<arg>MC</arg>
<arg>MD</arg>
<arg>ME</arg>
<arg>MF</arg>
<arg>MG</arg>
<arg>MH</arg>
<arg>MK</arg>
<arg>ML</arg>
<arg>MM</arg>
<arg>MN</arg>
<arg>MO</arg>
<arg>MP</arg>
<arg>MQ</arg>
<arg>MR</arg>
<arg>MS</arg>
<arg>MT</arg>
<arg>MU</arg>
<arg>MV</arg>
<arg>MW</arg>
<arg>MX</arg>
<arg>MY</arg>
<arg>MZ</arg>
<arg>NA</arg>
<arg>NC</arg>
<arg>NE</arg>
<arg>NF</arg>
<arg>NG</arg>
<arg>NI</arg>
<arg>NL</arg>
<arg>NO</arg>
<arg>NP</arg>
<arg>NR</arg>
<arg>NU</arg>
<arg>NZ</arg>
<arg>OM</arg>
<arg>PA</arg>
<arg>PE</arg>
<arg>PF</arg>
<arg>PG</arg>
<arg>PH</arg>
<arg>PK</arg>
<arg>PL</arg>
<arg>PM</arg>
<arg>PN</arg>
<arg>PR</arg>
<arg>PS</arg>
<arg>PT</arg>
<arg>PW</arg>
<arg>PY</arg>
<arg>QA</arg>
<arg>RE</arg>
<arg>RO</arg>
<arg>RS</arg>
<arg>RU</arg>
<arg>RW</arg>
<arg>SA</arg>
<arg>SB</arg>
<arg>SC</arg>
<arg>SD</arg>
<arg>SE</arg>
<arg>SG</arg>
<arg>SH</arg>
<arg>SI</arg>
<arg>SJ</arg>
<arg>SK</arg>
<arg>SL</arg>
<arg>SM</arg>
<arg>SN</arg>
<arg>SO</arg>
<arg>SR</arg>
<arg>SS</arg>
<arg>ST</arg>
<arg>SV</arg>
<arg>SX</arg>
<arg>SY</arg>
<arg>SZ</arg>
<arg>TC</arg>
<arg>TD</arg>
<arg>TF</arg>
<arg>TG</arg>
<arg>TH</arg>
<arg>TJ</arg>
<arg>TK</arg>
<arg>TL</arg>
<arg>TM</arg>
<arg>TN</arg>
<arg>TO</arg>
<arg>TR</arg>
<arg>TT</arg>
<arg>TV</arg>
<arg>TW</arg>
<arg>TZ</arg>
<arg>UA</arg>
<arg>UG</arg>
<arg>UM</arg>
<arg>US</arg>
<arg>UY</arg>
<arg>UZ</arg>
<arg>VA</arg>
<arg>VC</arg>
<arg>VE</arg>
<arg>VG</arg>
<arg>VI</arg>
<arg>VN</arg>
<arg>VU</arg>
<arg>WF</arg>
<arg>WS</arg>
<arg>XK</arg>
<arg>YE</arg>
<arg>YT</arg>
<arg>ZA</arg>
<arg>ZM</arg>
<arg>ZW</arg>
<doc>Returns a list containing given items.</doc>
<status status="PASS" start="2024-06-01T18:18:27.174603" elapsed="0.000628"/>
</kw>
<kw name="List Should Contain Value" owner="Collections">
<msg time="2024-06-01T18:18:27.176262" level="INFO">False</msg>
<arg>${list_country}</arg>
<arg>${name_country}</arg>
<doc>Fails if the ``value`` is not found from ``list``.</doc>
<status status="PASS" start="2024-06-01T18:18:27.176057" elapsed="0.000241"/>
</kw>
<kw name="Run Keyword If" owner="BuiltIn">
<kw name="Should Be True" owner="BuiltIn">
<arg>${True}</arg>
<doc>Fails if the given condition is not true.</doc>
<status status="PASS" start="2024-06-01T18:18:27.177403" elapsed="0.000145"/>
</kw>
<arg>${json_data["results"][0]["location"]["coordinates"]["latitude"]} &gt;= -90 and ${json_data["results"][0]["location"]["coordinates"]["latitude"]} &lt;= 90</arg>
<arg>Should Be True</arg>
<arg>${True}</arg>
<doc>Runs the given keyword with the given arguments, if ``condition`` is true.</doc>
<status status="PASS" start="2024-06-01T18:18:27.176620" elapsed="0.001056"/>
</kw>
<kw name="Run Keyword If" owner="BuiltIn">
<kw name="Should Be True" owner="BuiltIn">
<arg>${True}</arg>
<doc>Fails if the given condition is not true.</doc>
<status status="PASS" start="2024-06-01T18:18:27.178560" elapsed="0.000145"/>
</kw>
<arg>${json_data["results"][0]["location"]["coordinates"]["longitude"]} &gt;= -180 and ${json_data["results"][0]["location"]["coordinates"]["longitude"]} &lt;= 180</arg>
<arg>Should Be True</arg>
<arg>${True}</arg>
<doc>Runs the given keyword with the given arguments, if ``condition`` is true.</doc>
<status status="PASS" start="2024-06-01T18:18:27.177866" elapsed="0.000971"/>
</kw>
<status status="PASS" start="2024-06-01T18:18:27.056560" elapsed="0.122411"/>
</kw>
<doc>Testa o conteúdo específico dos campos retornados pela API.</doc>
<tag>testeConteudo</tag>
<status status="PASS" start="2024-06-01T18:18:27.056105" elapsed="0.123020"/>
</test>
<status status="PASS" start="2024-06-01T18:18:26.120001" elapsed="1.061047"/>
</suite>
<status status="PASS" start="2024-06-01T18:18:26.106436" elapsed="1.079796"/>
</suite>
<statistics>
<total>
<stat pass="5" fail="0" skip="0">All Tests</stat>
</total>
<tag>
<stat pass="1" fail="0" skip="0">testeConteudo</stat>
<stat pass="1" fail="0" skip="0">testeEstruturaResposta</stat>
<stat pass="1" fail="0" skip="0">testeRequisicaoBasica</stat>
<stat pass="1" fail="0" skip="0">testeTiposDados</stat>
</tag>
<suite>
<stat pass="5" fail="0" skip="0" id="s1" name="Tests">Tests</stat>
<stat pass="5" fail="0" skip="0" id="s1-s1" name="Random-User-Test">Tests.Random-User-Test</stat>
</suite>
</statistics>
<errors>
</errors>
</robot>
