<?xml version="1.0" encoding="UTF-8"?>
<robot generator="Robot 7.0 (Python 3.12.2 on linux)" generated="2024-04-07T09:13:15.879429" rpa="false" schemaversion="5">
<suite id="s1" name="Tests" source="/home/runner/work/DesafioQAItauRogerioJordao/DesafioQAItauRogerioJordao/RamdonUser/tests">
<suite id="s1-s1" name="Random-User-Test" source="/home/runner/work/DesafioQAItauRogerioJordao/DesafioQAItauRogerioJordao/RamdonUser/tests/random-user-test.robot">
<test id="s1-s1-t1" name="Conectar" line="13">
<kw name="Conectar API" owner="random-user-service">
<kw name="Create Session" owner="RequestsLibrary">
<msg time="2024-04-07T09:13:16.252264" level="INFO">Creating Session using : alias=consultarAPI, url=https://randomuser.me/, headers={},                     cookies={}, auth=None, timeout=None, proxies=None, verify=False,                     debug=0 </msg>
<arg>consultarAPI</arg>
<arg>${URL}</arg>
<doc>Create Session: create a HTTP session to a server</doc>
<status status="PASS" start="2024-04-07T09:13:16.252058" elapsed="0.000389"/>
</kw>
<status status="PASS" start="2024-04-07T09:13:16.250990" elapsed="0.001850"/>
</kw>
<status status="PASS" start="2024-04-07T09:13:16.250384" elapsed="0.002742"/>
</test>
<test id="s1-s1-t2" name="Validar retorno 200 e JSON Válido" line="16">
<kw name="Teste de Requisicao Basica" owner="random-user-service">
<kw name="GET On Session" owner="RequestsLibrary">
<msg time="2024-04-07T09:13:16.423684" level="INFO">GET Request : url=https://randomuser.me/api 
 path_url=/api 
 headers={'User-Agent': 'python-requests/2.31.0', 'Accept-Encoding': 'gzip, deflate', 'Accept': '*/*', 'Connection': 'keep-alive'} 
 body=None 
 </msg>
<msg time="2024-04-07T09:13:16.423822" level="INFO">GET Response : url=https://randomuser.me/api 
 status=200, reason=OK 
 headers={'Date': 'Sun, 07 Apr 2024 09:13:16 GMT', 'Content-Type': 'application/json; charset=utf-8', 'Transfer-Encoding': 'chunked', 'Connection': 'keep-alive', 'X-Powered-By': 'Express', 'Access-Control-Allow-Origin': '*', 'Cache-Control': 'no-cache', 'ETag': 'W/"4a4-ExaoBIaqblcKyxsEvUe+3bthuX4"', 'Vary': 'Accept-Encoding', 'Content-Encoding': 'gzip', 'CF-Cache-Status': 'DYNAMIC', 'Report-To': '{"endpoints":[{"url":"https:\\/\\/a.nel.cloudflare.com\\/report\\/v4?s=O5h84Uu4vkFm5wx6dGFsgmYCAGYIrDQ9zZfjECViWq18U5dvOLaeuG3p9M5b%2F0VrM8DsAja%2FgwaEAs00LAQ%2BuvTYqirDlU7sGLTPYGVdHhVQsF%2BHjB0Q2VU4rEAzwyfK"}],"group":"cf-nel","max_age":604800}', 'NEL': '{"success_fraction":0,"report_to":"cf-nel","max_age":604800}', 'Server': 'cloudflare', 'CF-RAY': '8708e6957b390816-IAD', 'alt-svc': 'h3=":443"; ma=86400'} 
 body={"results":[{"gender":"female","name":{"title":"Ms","first":"Sibille","last":"Eberlein"},"location":{"street":{"number":9828,"name":"Beethovenstraße"},"city":"Michelstadt","state":"Baden-Württemberg","country":"Germany","postcode":22364,"coordinates":{"latitude":"-51.7177","longitude":"99.4274"},"timezone":{"offset":"-12:00","description":"Eniwetok, Kwajalein"}},"email":"sibille.eberlein@example.com","login":{"uuid":"d2b0f180-213f-4d87-8b53-64178ab808fa","username":"browngorilla379","password":"freedom1","salt":"fm01FCdQ","md5":"133caadc84ab1c7e33e72d75f4768cf6","sha1":"ffe311c1e2f0b66a61b80b30e04b9fe57f6a0394","sha256":"83a6fc9f5510a3476849ce47aaf647a21593d4ebda919d6b9a44f0f50a9a551f"},"dob":{"date":"1951-01-13T15:33:30.121Z","age":73},"registered":{"date":"2012-03-06T03:52:19.406Z","age":12},"phone":"0665-0596506","cell":"0176-9520648","id":{"name":"SVNR","value":"50 130151 E 629"},"picture":{"large":"https://randomuser.me/api/portraits/women/51.jpg","medium":"https://randomuser.me/api/portraits/med/women/51.jpg","thumbnail":"https://randomuser.me/api/portraits/thumb/women/51.jpg"},"nat":"DE"}],"info":{"seed":"57e7c886dae979eb","results":1,"page":1,"version":"1.4"}} 
 </msg>
<msg time="2024-04-07T09:13:16.423932" level="INFO">/opt/hostedtoolcache/Python/3.12.2/x64/lib/python3.12/site-packages/urllib3/connectionpool.py:1103: InsecureRequestWarning: Unverified HTTPS request is being made to host 'randomuser.me'. Adding certificate verification is strongly advised. See: https://urllib3.readthedocs.io/en/latest/advanced-usage.html#tls-warnings
  warnings.warn(</msg>
<msg time="2024-04-07T09:13:16.424086" level="INFO">${response} = &lt;Response [200]&gt;</msg>
<var>${response}</var>
<arg>consultarAPI</arg>
<arg>/api</arg>
<doc>Sends a GET request on a previously created HTTP Session.</doc>
<status status="PASS" start="2024-04-07T09:13:16.256377" elapsed="0.167749"/>
</kw>
<kw name="Should Be Equal As Numbers" owner="BuiltIn">
<msg time="2024-04-07T09:13:16.425092" level="INFO">Argument types are:
&lt;class 'int'&gt;
&lt;class 'str'&gt;</msg>
<arg>${response.status_code}</arg>
<arg>200</arg>
<doc>Fails if objects are unequal after converting them to real numbers.</doc>
<status status="PASS" start="2024-04-07T09:13:16.424650" elapsed="0.000511"/>
</kw>
<kw name="Log" owner="BuiltIn">
<msg time="2024-04-07T09:13:16.425834" level="INFO">200</msg>
<arg>${response.status_code}</arg>
<doc>Logs the given message with the given level.</doc>
<status status="PASS" start="2024-04-07T09:13:16.425481" elapsed="0.000396"/>
</kw>
<kw name="Set Variable" owner="BuiltIn">
<msg time="2024-04-07T09:13:16.426651" level="INFO">${json_data} = {'results': [{'gender': 'female', 'name': {'title': 'Ms', 'first': 'Sibille', 'last': 'Eberlein'}, 'location': {'street': {'number': 9828, 'name': 'Beethovenstraße'}, 'city': 'Michelstadt', 'state': '...</msg>
<var>${json_data}</var>
<arg>${response.json()}</arg>
<doc>Returns the given values which can then be assigned to a variables.</doc>
<status status="PASS" start="2024-04-07T09:13:16.426209" elapsed="0.000470"/>
</kw>
<kw name="Dictionary Should Contain Key" owner="Collections">
<msg time="2024-04-07T09:13:16.427148" level="INFO">False</msg>
<arg>${json_data}</arg>
<arg>results</arg>
<doc>Fails if ``key`` is not found from ``dictionary``.</doc>
<status status="PASS" start="2024-04-07T09:13:16.426983" elapsed="0.000203"/>
</kw>
<status status="PASS" start="2024-04-07T09:13:16.256114" elapsed="0.171389"/>
</kw>
<doc>Testa se a API responde corretamente e retorna um objeto JSON válido.</doc>
<tag>testeRequisicaoBasica</tag>
<status status="PASS" start="2024-04-07T09:13:16.255627" elapsed="0.172064"/>
</test>
<test id="s1-s1-t3" name="Validar estrutura de resposta" line="22">
<kw name="Teste de Estrutura de Resposta" owner="random-user-service">
<kw name="GET On Session" owner="RequestsLibrary">
<msg time="2024-04-07T09:13:16.517986" level="INFO">GET Request : url=https://randomuser.me/api 
 path_url=/api 
 headers={'User-Agent': 'python-requests/2.31.0', 'Accept-Encoding': 'gzip, deflate', 'Accept': '*/*', 'Connection': 'keep-alive'} 
 body=None 
 </msg>
<msg time="2024-04-07T09:13:16.518085" level="INFO">GET Response : url=https://randomuser.me/api 
 status=200, reason=OK 
 headers={'Date': 'Sun, 07 Apr 2024 09:13:16 GMT', 'Content-Type': 'application/json; charset=utf-8', 'Transfer-Encoding': 'chunked', 'Connection': 'keep-alive', 'X-Powered-By': 'Express', 'Access-Control-Allow-Origin': '*', 'Cache-Control': 'no-cache', 'ETag': 'W/"47f-7pk7yuqZ733RRRJZgT+jEosEe7o"', 'Vary': 'Accept-Encoding', 'Content-Encoding': 'gzip', 'CF-Cache-Status': 'DYNAMIC', 'Report-To': '{"endpoints":[{"url":"https:\\/\\/a.nel.cloudflare.com\\/report\\/v4?s=HGtuu8aHpyB0ZSUf1%2BpED%2BDibkpHOTtHYLB550yCvEJMkdB03CyrM%2FnsjtySAc1n2d0uq2jptezx9H4uQueXK4BH8FbSYxqzAcsXQC%2B0DkDyI0uBrA6cd%2BN74OUYKnp4"}],"group":"cf-nel","max_age":604800}', 'NEL': '{"success_fraction":0,"report_to":"cf-nel","max_age":604800}', 'Server': 'cloudflare', 'CF-RAY': '8708e695bb5e0816-IAD', 'alt-svc': 'h3=":443"; ma=86400'} 
 body={"results":[{"gender":"male","name":{"title":"Mr","first":"دانیال","last":"جعفری"},"location":{"street":{"number":2656,"name":"راستوان"},"city":"بجنورد","state":"کردستان","country":"Iran","postcode":82018,"coordinates":{"latitude":"19.0708","longitude":"-60.0403"},"timezone":{"offset":"+9:30","description":"Adelaide, Darwin"}},"email":"dnyl.jaafry@example.com","login":{"uuid":"50e453cc-5d16-4bcc-9fc0-63e609687348","username":"silverbird489","password":"windsurf","salt":"w1gARWW1","md5":"beab2d121fd361d3cdbea9a5aa104f4b","sha1":"eb5987da43333e961a467584365123094aa2f643","sha256":"34d0e1c843b9c3f7510ea6c3a127049119d2e339954e3ebb87deeb23af94907b"},"dob":{"date":"1956-05-11T12:40:58.063Z","age":67},"registered":{"date":"2020-01-22T15:32:37.268Z","age":4},"phone":"006-35422535","cell":"0933-660-4000","id":{"name":"","value":null},"picture":{"large":"https://randomuser.me/api/portraits/men/39.jpg","medium":"https://randomuser.me/api/portraits/med/men/39.jpg","thumbnail":"https://randomuser.me/api/portraits/thumb/men/39.jpg"},"nat":"IR"}],"info":{"seed":"ed9c8492a95a0e4f","results":1,"page":1,"version":"1.4"}} 
 </msg>
<msg time="2024-04-07T09:13:16.518223" level="INFO">/opt/hostedtoolcache/Python/3.12.2/x64/lib/python3.12/site-packages/urllib3/connectionpool.py:1103: InsecureRequestWarning: Unverified HTTPS request is being made to host 'randomuser.me'. Adding certificate verification is strongly advised. See: https://urllib3.readthedocs.io/en/latest/advanced-usage.html#tls-warnings
  warnings.warn(</msg>
<msg time="2024-04-07T09:13:16.518366" level="INFO">${response} = &lt;Response [200]&gt;</msg>
<var>${response}</var>
<arg>consultarAPI</arg>
<arg>/api</arg>
<doc>Sends a GET request on a previously created HTTP Session.</doc>
<status status="PASS" start="2024-04-07T09:13:16.430470" elapsed="0.087941"/>
</kw>
<kw name="Set Variable" owner="BuiltIn">
<msg time="2024-04-07T09:13:16.519511" level="INFO">${json_data} = {'results': [{'gender': 'male', 'name': {'title': 'Mr', 'first': 'دانیال', 'last': 'جعفری'}, 'location': {'street': {'number': 2656, 'name': 'راستوان'}, 'city': 'بجنورد', 'state': 'کردستان', 'country'...</msg>
<var>${json_data}</var>
<arg>${response.json()}</arg>
<doc>Returns the given values which can then be assigned to a variables.</doc>
<status status="PASS" start="2024-04-07T09:13:16.518935" elapsed="0.000608"/>
</kw>
<kw name="Log" owner="BuiltIn">
<msg time="2024-04-07T09:13:16.520041" level="INFO">{'results': [{'gender': 'male', 'name': {'title': 'Mr', 'first': 'دانیال', 'last': 'جعفری'}, 'location': {'street': {'number': 2656, 'name': 'راستوان'}, 'city': 'بجنورد', 'state': 'کردستان', 'country': 'Iran', 'postcode': 82018, 'coordinates': {'latitude': '19.0708', 'longitude': '-60.0403'}, 'timezone': {'offset': '+9:30', 'description': 'Adelaide, Darwin'}}, 'email': 'dnyl.jaafry@example.com', 'login': {'uuid': '50e453cc-5d16-4bcc-9fc0-63e609687348', 'username': 'silverbird489', 'password': 'windsurf', 'salt': 'w1gARWW1', 'md5': 'beab2d121fd361d3cdbea9a5aa104f4b', 'sha1': 'eb5987da43333e961a467584365123094aa2f643', 'sha256': '34d0e1c843b9c3f7510ea6c3a127049119d2e339954e3ebb87deeb23af94907b'}, 'dob': {'date': '1956-05-11T12:40:58.063Z', 'age': 67}, 'registered': {'date': '2020-01-22T15:32:37.268Z', 'age': 4}, 'phone': '006-35422535', 'cell': '0933-660-4000', 'id': {'name': '', 'value': None}, 'picture': {'large': 'https://randomuser.me/api/portraits/men/39.jpg', 'medium': 'https://randomuser.me/api/portraits/med/men/39.jpg', 'thumbnail': 'https://randomuser.me/api/portraits/thumb/men/39.jpg'}, 'nat': 'IR'}], 'info': {'seed': 'ed9c8492a95a0e4f', 'results': 1, 'page': 1, 'version': '1.4'}}</msg>
<arg>${json_data}</arg>
<doc>Logs the given message with the given level.</doc>
<status status="PASS" start="2024-04-07T09:13:16.519868" elapsed="0.000225"/>
</kw>
<kw name="Dictionary Should Contain Key" owner="Collections">
<msg time="2024-04-07T09:13:16.520582" level="INFO">False</msg>
<arg>${json_data}</arg>
<arg>results</arg>
<doc>Fails if ``key`` is not found from ``dictionary``.</doc>
<status status="PASS" start="2024-04-07T09:13:16.520407" elapsed="0.000214"/>
</kw>
<kw name="Should Not Be Empty" owner="BuiltIn">
<msg time="2024-04-07T09:13:16.521053" level="INFO">Length is 2.</msg>
<arg>${json_data}</arg>
<doc>Verifies that the given item is not empty.</doc>
<status status="PASS" start="2024-04-07T09:13:16.520919" elapsed="0.000173"/>
</kw>
<kw name="Create List" owner="BuiltIn">
<msg time="2024-04-07T09:13:16.521545" level="INFO">${expected_keys} = ['gender', 'name', 'location', 'email', 'login']</msg>
<var>${expected_keys}</var>
<arg>gender</arg>
<arg>name</arg>
<arg>location</arg>
<arg>email</arg>
<arg>login</arg>
<doc>Returns a list containing given items.</doc>
<status status="PASS" start="2024-04-07T09:13:16.521393" elapsed="0.000177"/>
</kw>
<for flavor="IN">
<iter>
<kw name="Dictionary Should Contain Key" owner="Collections">
<msg time="2024-04-07T09:13:16.522590" level="INFO">False</msg>
<arg>${json_data['results'][0]}</arg>
<arg>${key}</arg>
<doc>Fails if ``key`` is not found from ``dictionary``.</doc>
<status status="PASS" start="2024-04-07T09:13:16.522175" elapsed="0.000455"/>
</kw>
<kw name="Log" owner="BuiltIn">
<msg time="2024-04-07T09:13:16.523378" level="INFO">{'gender': 'male', 'name': {'title': 'Mr', 'first': 'دانیال', 'last': 'جعفری'}, 'location': {'street': {'number': 2656, 'name': 'راستوان'}, 'city': 'بجنورد', 'state': 'کردستان', 'country': 'Iran', 'postcode': 82018, 'coordinates': {'latitude': '19.0708', 'longitude': '-60.0403'}, 'timezone': {'offset': '+9:30', 'description': 'Adelaide, Darwin'}}, 'email': 'dnyl.jaafry@example.com', 'login': {'uuid': '50e453cc-5d16-4bcc-9fc0-63e609687348', 'username': 'silverbird489', 'password': 'windsurf', 'salt': 'w1gARWW1', 'md5': 'beab2d121fd361d3cdbea9a5aa104f4b', 'sha1': 'eb5987da43333e961a467584365123094aa2f643', 'sha256': '34d0e1c843b9c3f7510ea6c3a127049119d2e339954e3ebb87deeb23af94907b'}, 'dob': {'date': '1956-05-11T12:40:58.063Z', 'age': 67}, 'registered': {'date': '2020-01-22T15:32:37.268Z', 'age': 4}, 'phone': '006-35422535', 'cell': '0933-660-4000', 'id': {'name': '', 'value': None}, 'picture': {'large': 'https://randomuser.me/api/portraits/men/39.jpg', 'medium': 'https://randomuser.me/api/portraits/med/men/39.jpg', 'thumbnail': 'https://randomuser.me/api/portraits/thumb/men/39.jpg'}, 'nat': 'IR'}</msg>
<arg>${json_data['results'][0]}</arg>
<doc>Logs the given message with the given level.</doc>
<status status="PASS" start="2024-04-07T09:13:16.522956" elapsed="0.000475"/>
</kw>
<kw name="Log" owner="BuiltIn">
<msg time="2024-04-07T09:13:16.523881" level="INFO">gender</msg>
<arg>${key}</arg>
<doc>Logs the given message with the given level.</doc>
<status status="PASS" start="2024-04-07T09:13:16.523740" elapsed="0.000180"/>
</kw>
<var name="${key}">gender</var>
<status status="PASS" start="2024-04-07T09:13:16.522040" elapsed="0.002123"/>
</iter>
<iter>
<kw name="Dictionary Should Contain Key" owner="Collections">
<msg time="2024-04-07T09:13:16.524883" level="INFO">False</msg>
<arg>${json_data['results'][0]}</arg>
<arg>${key}</arg>
<doc>Fails if ``key`` is not found from ``dictionary``.</doc>
<status status="PASS" start="2024-04-07T09:13:16.524475" elapsed="0.000447"/>
</kw>
<kw name="Log" owner="BuiltIn">
<msg time="2024-04-07T09:13:16.525644" level="INFO">{'gender': 'male', 'name': {'title': 'Mr', 'first': 'دانیال', 'last': 'جعفری'}, 'location': {'street': {'number': 2656, 'name': 'راستوان'}, 'city': 'بجنورد', 'state': 'کردستان', 'country': 'Iran', 'postcode': 82018, 'coordinates': {'latitude': '19.0708', 'longitude': '-60.0403'}, 'timezone': {'offset': '+9:30', 'description': 'Adelaide, Darwin'}}, 'email': 'dnyl.jaafry@example.com', 'login': {'uuid': '50e453cc-5d16-4bcc-9fc0-63e609687348', 'username': 'silverbird489', 'password': 'windsurf', 'salt': 'w1gARWW1', 'md5': 'beab2d121fd361d3cdbea9a5aa104f4b', 'sha1': 'eb5987da43333e961a467584365123094aa2f643', 'sha256': '34d0e1c843b9c3f7510ea6c3a127049119d2e339954e3ebb87deeb23af94907b'}, 'dob': {'date': '1956-05-11T12:40:58.063Z', 'age': 67}, 'registered': {'date': '2020-01-22T15:32:37.268Z', 'age': 4}, 'phone': '006-35422535', 'cell': '0933-660-4000', 'id': {'name': '', 'value': None}, 'picture': {'large': 'https://randomuser.me/api/portraits/men/39.jpg', 'medium': 'https://randomuser.me/api/portraits/med/men/39.jpg', 'thumbnail': 'https://randomuser.me/api/portraits/thumb/men/39.jpg'}, 'nat': 'IR'}</msg>
<arg>${json_data['results'][0]}</arg>
<doc>Logs the given message with the given level.</doc>
<status status="PASS" start="2024-04-07T09:13:16.525262" elapsed="0.000441"/>
</kw>
<kw name="Log" owner="BuiltIn">
<msg time="2024-04-07T09:13:16.526159" level="INFO">name</msg>
<arg>${key}</arg>
<doc>Logs the given message with the given level.</doc>
<status status="PASS" start="2024-04-07T09:13:16.526021" elapsed="0.000182"/>
</kw>
<var name="${key}">name</var>
<status status="PASS" start="2024-04-07T09:13:16.524357" elapsed="0.002067"/>
</iter>
<iter>
<kw name="Dictionary Should Contain Key" owner="Collections">
<msg time="2024-04-07T09:13:16.527115" level="INFO">False</msg>
<arg>${json_data['results'][0]}</arg>
<arg>${key}</arg>
<doc>Fails if ``key`` is not found from ``dictionary``.</doc>
<status status="PASS" start="2024-04-07T09:13:16.526732" elapsed="0.000425"/>
</kw>
<kw name="Log" owner="BuiltIn">
<msg time="2024-04-07T09:13:16.527906" level="INFO">{'gender': 'male', 'name': {'title': 'Mr', 'first': 'دانیال', 'last': 'جعفری'}, 'location': {'street': {'number': 2656, 'name': 'راستوان'}, 'city': 'بجنورد', 'state': 'کردستان', 'country': 'Iran', 'postcode': 82018, 'coordinates': {'latitude': '19.0708', 'longitude': '-60.0403'}, 'timezone': {'offset': '+9:30', 'description': 'Adelaide, Darwin'}}, 'email': 'dnyl.jaafry@example.com', 'login': {'uuid': '50e453cc-5d16-4bcc-9fc0-63e609687348', 'username': 'silverbird489', 'password': 'windsurf', 'salt': 'w1gARWW1', 'md5': 'beab2d121fd361d3cdbea9a5aa104f4b', 'sha1': 'eb5987da43333e961a467584365123094aa2f643', 'sha256': '34d0e1c843b9c3f7510ea6c3a127049119d2e339954e3ebb87deeb23af94907b'}, 'dob': {'date': '1956-05-11T12:40:58.063Z', 'age': 67}, 'registered': {'date': '2020-01-22T15:32:37.268Z', 'age': 4}, 'phone': '006-35422535', 'cell': '0933-660-4000', 'id': {'name': '', 'value': None}, 'picture': {'large': 'https://randomuser.me/api/portraits/men/39.jpg', 'medium': 'https://randomuser.me/api/portraits/med/men/39.jpg', 'thumbnail': 'https://randomuser.me/api/portraits/thumb/men/39.jpg'}, 'nat': 'IR'}</msg>
<arg>${json_data['results'][0]}</arg>
<doc>Logs the given message with the given level.</doc>
<status status="PASS" start="2024-04-07T09:13:16.527514" elapsed="0.000448"/>
</kw>
<kw name="Log" owner="BuiltIn">
<msg time="2024-04-07T09:13:16.528409" level="INFO">location</msg>
<arg>${key}</arg>
<doc>Logs the given message with the given level.</doc>
<status status="PASS" start="2024-04-07T09:13:16.528276" elapsed="0.000172"/>
</kw>
<var name="${key}">location</var>
<status status="PASS" start="2024-04-07T09:13:16.526616" elapsed="0.002050"/>
</iter>
<iter>
<kw name="Dictionary Should Contain Key" owner="Collections">
<msg time="2024-04-07T09:13:16.529345" level="INFO">False</msg>
<arg>${json_data['results'][0]}</arg>
<arg>${key}</arg>
<doc>Fails if ``key`` is not found from ``dictionary``.</doc>
<status status="PASS" start="2024-04-07T09:13:16.528953" elapsed="0.000431"/>
</kw>
<kw name="Log" owner="BuiltIn">
<msg time="2024-04-07T09:13:16.530071" level="INFO">{'gender': 'male', 'name': {'title': 'Mr', 'first': 'دانیال', 'last': 'جعفری'}, 'location': {'street': {'number': 2656, 'name': 'راستوان'}, 'city': 'بجنورد', 'state': 'کردستان', 'country': 'Iran', 'postcode': 82018, 'coordinates': {'latitude': '19.0708', 'longitude': '-60.0403'}, 'timezone': {'offset': '+9:30', 'description': 'Adelaide, Darwin'}}, 'email': 'dnyl.jaafry@example.com', 'login': {'uuid': '50e453cc-5d16-4bcc-9fc0-63e609687348', 'username': 'silverbird489', 'password': 'windsurf', 'salt': 'w1gARWW1', 'md5': 'beab2d121fd361d3cdbea9a5aa104f4b', 'sha1': 'eb5987da43333e961a467584365123094aa2f643', 'sha256': '34d0e1c843b9c3f7510ea6c3a127049119d2e339954e3ebb87deeb23af94907b'}, 'dob': {'date': '1956-05-11T12:40:58.063Z', 'age': 67}, 'registered': {'date': '2020-01-22T15:32:37.268Z', 'age': 4}, 'phone': '006-35422535', 'cell': '0933-660-4000', 'id': {'name': '', 'value': None}, 'picture': {'large': 'https://randomuser.me/api/portraits/men/39.jpg', 'medium': 'https://randomuser.me/api/portraits/med/men/39.jpg', 'thumbnail': 'https://randomuser.me/api/portraits/thumb/men/39.jpg'}, 'nat': 'IR'}</msg>
<arg>${json_data['results'][0]}</arg>
<doc>Logs the given message with the given level.</doc>
<status status="PASS" start="2024-04-07T09:13:16.529698" elapsed="0.000425"/>
</kw>
<kw name="Log" owner="BuiltIn">
<msg time="2024-04-07T09:13:16.530563" level="INFO">email</msg>
<arg>${key}</arg>
<doc>Logs the given message with the given level.</doc>
<status status="PASS" start="2024-04-07T09:13:16.530432" elapsed="0.000171"/>
</kw>
<var name="${key}">email</var>
<status status="PASS" start="2024-04-07T09:13:16.528841" elapsed="0.001980"/>
</iter>
<iter>
<kw name="Dictionary Should Contain Key" owner="Collections">
<msg time="2024-04-07T09:13:16.531532" level="INFO">False</msg>
<arg>${json_data['results'][0]}</arg>
<arg>${key}</arg>
<doc>Fails if ``key`` is not found from ``dictionary``.</doc>
<status status="PASS" start="2024-04-07T09:13:16.531116" elapsed="0.000455"/>
</kw>
<kw name="Log" owner="BuiltIn">
<msg time="2024-04-07T09:13:16.532247" level="INFO">{'gender': 'male', 'name': {'title': 'Mr', 'first': 'دانیال', 'last': 'جعفری'}, 'location': {'street': {'number': 2656, 'name': 'راستوان'}, 'city': 'بجنورد', 'state': 'کردستان', 'country': 'Iran', 'postcode': 82018, 'coordinates': {'latitude': '19.0708', 'longitude': '-60.0403'}, 'timezone': {'offset': '+9:30', 'description': 'Adelaide, Darwin'}}, 'email': 'dnyl.jaafry@example.com', 'login': {'uuid': '50e453cc-5d16-4bcc-9fc0-63e609687348', 'username': 'silverbird489', 'password': 'windsurf', 'salt': 'w1gARWW1', 'md5': 'beab2d121fd361d3cdbea9a5aa104f4b', 'sha1': 'eb5987da43333e961a467584365123094aa2f643', 'sha256': '34d0e1c843b9c3f7510ea6c3a127049119d2e339954e3ebb87deeb23af94907b'}, 'dob': {'date': '1956-05-11T12:40:58.063Z', 'age': 67}, 'registered': {'date': '2020-01-22T15:32:37.268Z', 'age': 4}, 'phone': '006-35422535', 'cell': '0933-660-4000', 'id': {'name': '', 'value': None}, 'picture': {'large': 'https://randomuser.me/api/portraits/men/39.jpg', 'medium': 'https://randomuser.me/api/portraits/med/men/39.jpg', 'thumbnail': 'https://randomuser.me/api/portraits/thumb/men/39.jpg'}, 'nat': 'IR'}</msg>
<arg>${json_data['results'][0]}</arg>
<doc>Logs the given message with the given level.</doc>
<status status="PASS" start="2024-04-07T09:13:16.531873" elapsed="0.000426"/>
</kw>
<kw name="Log" owner="BuiltIn">
<msg time="2024-04-07T09:13:16.532741" level="INFO">login</msg>
<arg>${key}</arg>
<doc>Logs the given message with the given level.</doc>
<status status="PASS" start="2024-04-07T09:13:16.532607" elapsed="0.000296"/>
</kw>
<var name="${key}">login</var>
<status status="PASS" start="2024-04-07T09:13:16.530995" elapsed="0.002139"/>
</iter>
<var>${key}</var>
<value>@{expected_keys}</value>
<status status="PASS" start="2024-04-07T09:13:16.521846" elapsed="0.011446"/>
</for>
<kw name="Create List" owner="BuiltIn">
<msg time="2024-04-07T09:13:16.533652" level="INFO">${expected_keysTwo} = ['username', 'password']</msg>
<var>${expected_keysTwo}</var>
<arg>username</arg>
<arg>password</arg>
<doc>Returns a list containing given items.</doc>
<status status="PASS" start="2024-04-07T09:13:16.533505" elapsed="0.000171"/>
</kw>
<for flavor="IN">
<iter>
<kw name="Dictionary Should Contain Key" owner="Collections">
<msg time="2024-04-07T09:13:16.534605" level="INFO">False</msg>
<arg>${json_data['results'][0]['login']}</arg>
<arg>${keyTwo}</arg>
<doc>Fails if ``key`` is not found from ``dictionary``.</doc>
<status status="PASS" start="2024-04-07T09:13:16.534214" elapsed="0.000429"/>
</kw>
<kw name="Dictionary Should Contain Key" owner="Collections">
<msg time="2024-04-07T09:13:16.535372" level="INFO">False</msg>
<arg>${json_data['results'][0]['login']}</arg>
<arg>${keyTwo}</arg>
<doc>Fails if ``key`` is not found from ``dictionary``.</doc>
<status status="PASS" start="2024-04-07T09:13:16.534947" elapsed="0.000465"/>
</kw>
<kw name="Log" owner="BuiltIn">
<msg time="2024-04-07T09:13:16.535857" level="INFO">username</msg>
<arg>${keyTwo}</arg>
<doc>Logs the given message with the given level.</doc>
<status status="PASS" start="2024-04-07T09:13:16.535726" elapsed="0.000170"/>
</kw>
<var name="${keyTwo}">username</var>
<status status="PASS" start="2024-04-07T09:13:16.534101" elapsed="0.002012"/>
</iter>
<iter>
<kw name="Dictionary Should Contain Key" owner="Collections">
<msg time="2024-04-07T09:13:16.536780" level="INFO">False</msg>
<arg>${json_data['results'][0]['login']}</arg>
<arg>${keyTwo}</arg>
<doc>Fails if ``key`` is not found from ``dictionary``.</doc>
<status status="PASS" start="2024-04-07T09:13:16.536398" elapsed="0.000421"/>
</kw>
<kw name="Dictionary Should Contain Key" owner="Collections">
<msg time="2024-04-07T09:13:16.537494" level="INFO">False</msg>
<arg>${json_data['results'][0]['login']}</arg>
<arg>${keyTwo}</arg>
<doc>Fails if ``key`` is not found from ``dictionary``.</doc>
<status status="PASS" start="2024-04-07T09:13:16.537114" elapsed="0.000417"/>
</kw>
<kw name="Log" owner="BuiltIn">
<msg time="2024-04-07T09:13:16.537950" level="INFO">password</msg>
<arg>${keyTwo}</arg>
<doc>Logs the given message with the given level.</doc>
<status status="PASS" start="2024-04-07T09:13:16.537824" elapsed="0.000164"/>
</kw>
<var name="${keyTwo}">password</var>
<status status="PASS" start="2024-04-07T09:13:16.536288" elapsed="0.001916"/>
</iter>
<var>${keyTwo}</var>
<value>@{expected_keysTwo}</value>
<status status="PASS" start="2024-04-07T09:13:16.533942" elapsed="0.004382"/>
</for>
<status status="PASS" start="2024-04-07T09:13:16.430232" elapsed="0.108235"/>
</kw>
<doc>Testa a estrutura da resposta da API.</doc>
<tag>testeEstruturaResposta</tag>
<status status="PASS" start="2024-04-07T09:13:16.429523" elapsed="0.109112"/>
</test>
<test id="s1-s1-t4" name="Validar tipos de dados" line="28">
<kw name="Teste de Tipos de Dados" owner="random-user-service">
<kw name="GET On Session" owner="RequestsLibrary">
<msg time="2024-04-07T09:13:16.617185" level="INFO">GET Request : url=https://randomuser.me/api 
 path_url=/api 
 headers={'User-Agent': 'python-requests/2.31.0', 'Accept-Encoding': 'gzip, deflate', 'Accept': '*/*', 'Connection': 'keep-alive'} 
 body=None 
 </msg>
<msg time="2024-04-07T09:13:16.617279" level="INFO">GET Response : url=https://randomuser.me/api 
 status=200, reason=OK 
 headers={'Date': 'Sun, 07 Apr 2024 09:13:16 GMT', 'Content-Type': 'application/json; charset=utf-8', 'Transfer-Encoding': 'chunked', 'Connection': 'keep-alive', 'X-Powered-By': 'Express', 'Access-Control-Allow-Origin': '*', 'Cache-Control': 'no-cache', 'ETag': 'W/"496-P0c8Gg9R4SCZJk4jlBYVqOGeD88"', 'Vary': 'Accept-Encoding', 'Content-Encoding': 'gzip', 'CF-Cache-Status': 'DYNAMIC', 'Report-To': '{"endpoints":[{"url":"https:\\/\\/a.nel.cloudflare.com\\/report\\/v4?s=o%2B2uccmUw5Fogryo7d0iJR8Rmow6s%2BMXX4JcJ8ku7erggpv7EIf6qZMcEqLn9aU7KG1Rn88%2FZLT7uP4ZYX0CzCzP%2Bb3AznSStuuv8WyQ%2Fa61BHfkrW61bhf4diZQptmY"}],"group":"cf-nel","max_age":604800}', 'NEL': '{"success_fraction":0,"report_to":"cf-nel","max_age":604800}', 'Server': 'cloudflare', 'CF-RAY': '8708e6966bc60816-IAD', 'alt-svc': 'h3=":443"; ma=86400'} 
 body={"results":[{"gender":"female","name":{"title":"Ms","first":"Elsie","last":"Dunn"},"location":{"street":{"number":2494,"name":"Saddle Dr"},"city":"Naperville","state":"California","country":"United States","postcode":42647,"coordinates":{"latitude":"87.9512","longitude":"77.7909"},"timezone":{"offset":"-4:00","description":"Atlantic Time (Canada), Caracas, La Paz"}},"email":"elsie.dunn@example.com","login":{"uuid":"43d43b91-5110-4e0e-b69a-de8ac97a7c22","username":"redswan919","password":"medic","salt":"fga3c4Rx","md5":"5f35d017136eb8694cdbdcb20fb3b030","sha1":"c0056f6e66d4a903d5a8619b2d3e90d6b154ade4","sha256":"9fec0a650d967f5e7485207ef3f8fa69bbf1caf43806e3f9f457074cef68b9c5"},"dob":{"date":"1975-06-17T06:41:21.294Z","age":48},"registered":{"date":"2014-12-04T01:25:44.585Z","age":9},"phone":"(646) 581-1799","cell":"(878) 431-4027","id":{"name":"SSN","value":"147-47-9865"},"picture":{"large":"https://randomuser.me/api/portraits/women/73.jpg","medium":"https://randomuser.me/api/portraits/med/women/73.jpg","thumbnail":"https://randomuser.me/api/portraits/thumb/women/73.jpg"},"nat":"US"}],"info":{"seed":"7afefccd1a3b76a3","results":1,"page":1,"version":"1.4"}} 
 </msg>
<msg time="2024-04-07T09:13:16.617350" level="INFO">/opt/hostedtoolcache/Python/3.12.2/x64/lib/python3.12/site-packages/urllib3/connectionpool.py:1103: InsecureRequestWarning: Unverified HTTPS request is being made to host 'randomuser.me'. Adding certificate verification is strongly advised. See: https://urllib3.readthedocs.io/en/latest/advanced-usage.html#tls-warnings
  warnings.warn(</msg>
<msg time="2024-04-07T09:13:16.617477" level="INFO">${response} = &lt;Response [200]&gt;</msg>
<var>${response}</var>
<arg>consultarAPI</arg>
<arg>/api</arg>
<doc>Sends a GET request on a previously created HTTP Session.</doc>
<status status="PASS" start="2024-04-07T09:13:16.541278" elapsed="0.076239"/>
</kw>
<kw name="Set Variable" owner="BuiltIn">
<msg time="2024-04-07T09:13:16.618728" level="INFO">${json_data} = {'results': [{'gender': 'female', 'name': {'title': 'Ms', 'first': 'Elsie', 'last': 'Dunn'}, 'location': {'street': {'number': 2494, 'name': 'Saddle Dr'}, 'city': 'Naperville', 'state': 'California', ...</msg>
<var>${json_data}</var>
<arg>${response.json()}</arg>
<doc>Returns the given values which can then be assigned to a variables.</doc>
<status status="PASS" start="2024-04-07T09:13:16.618158" elapsed="0.000599"/>
</kw>
<kw name="Log" owner="BuiltIn">
<msg time="2024-04-07T09:13:16.619277" level="INFO">{'results': [{'gender': 'female', 'name': {'title': 'Ms', 'first': 'Elsie', 'last': 'Dunn'}, 'location': {'street': {'number': 2494, 'name': 'Saddle Dr'}, 'city': 'Naperville', 'state': 'California', 'country': 'United States', 'postcode': 42647, 'coordinates': {'latitude': '87.9512', 'longitude': '77.7909'}, 'timezone': {'offset': '-4:00', 'description': 'Atlantic Time (Canada), Caracas, La Paz'}}, 'email': 'elsie.dunn@example.com', 'login': {'uuid': '43d43b91-5110-4e0e-b69a-de8ac97a7c22', 'username': 'redswan919', 'password': 'medic', 'salt': 'fga3c4Rx', 'md5': '5f35d017136eb8694cdbdcb20fb3b030', 'sha1': 'c0056f6e66d4a903d5a8619b2d3e90d6b154ade4', 'sha256': '9fec0a650d967f5e7485207ef3f8fa69bbf1caf43806e3f9f457074cef68b9c5'}, 'dob': {'date': '1975-06-17T06:41:21.294Z', 'age': 48}, 'registered': {'date': '2014-12-04T01:25:44.585Z', 'age': 9}, 'phone': '(646) 581-1799', 'cell': '(878) 431-4027', 'id': {'name': 'SSN', 'value': '147-47-9865'}, 'picture': {'large': 'https://randomuser.me/api/portraits/women/73.jpg', 'medium': 'https://randomuser.me/api/portraits/med/women/73.jpg', 'thumbnail': 'https://randomuser.me/api/portraits/thumb/women/73.jpg'}, 'nat': 'US'}], 'info': {'seed': '7afefccd1a3b76a3', 'results': 1, 'page': 1, 'version': '1.4'}}</msg>
<arg>${json_data}</arg>
<doc>Logs the given message with the given level.</doc>
<status status="PASS" start="2024-04-07T09:13:16.619078" elapsed="0.000288"/>
</kw>
<kw name="Should Be String" owner="String">
<arg>${json_data['results'][0]['gender']}</arg>
<doc>Fails if the given ``item`` is not a string.</doc>
<status status="PASS" start="2024-04-07T09:13:16.619681" elapsed="0.000373"/>
</kw>
<kw name="Should Match Regexp" owner="BuiltIn">
<arg>${json_data['results'][0]['email']}</arg>
<arg>^[a-zA-Z0-9._%+-]+@[a-zA-Z0-9.-]+\.[a-zA-Z]{2,}$</arg>
<doc>Fails if ``string`` does not match ``pattern`` as a regular expression.</doc>
<status status="PASS" start="2024-04-07T09:13:16.620251" elapsed="0.000522"/>
</kw>
<kw name="Should Match Regexp" owner="BuiltIn">
<arg>${json_data['results'][0]['dob']['date']}</arg>
<arg>\\d{4}-\\d{2}-\\d{2}T\\d{2}:\\d{2}:\\d{2}\\.\\d{3}Z</arg>
<doc>Fails if ``string`` does not match ``pattern`` as a regular expression.</doc>
<status status="PASS" start="2024-04-07T09:13:16.620972" elapsed="0.000490"/>
</kw>
<kw name="Should Match Regexp" owner="BuiltIn">
<arg>${json_data['results'][0]['registered']['date']}</arg>
<arg>\\d{4}-\\d{2}-\\d{2}T\\d{2}:\\d{2}:\\d{2}\\.\\d{3}Z</arg>
<doc>Fails if ``string`` does not match ``pattern`` as a regular expression.</doc>
<status status="PASS" start="2024-04-07T09:13:16.621659" elapsed="0.000368"/>
</kw>
<kw name="Should Match Regexp" owner="BuiltIn">
<arg>${json_data['results'][0]['picture']['large']}</arg>
<arg>^https?://.*\.(?:png|jpe?g|gif|bmp)$</arg>
<doc>Fails if ``string`` does not match ``pattern`` as a regular expression.</doc>
<status status="PASS" start="2024-04-07T09:13:16.622215" elapsed="0.000460"/>
</kw>
<kw name="Should Match Regexp" owner="BuiltIn">
<arg>${json_data['results'][0]['picture']['medium']}</arg>
<arg>^https?://.*\.(?:png|jpe?g|gif|bmp)$</arg>
<doc>Fails if ``string`` does not match ``pattern`` as a regular expression.</doc>
<status status="PASS" start="2024-04-07T09:13:16.622869" elapsed="0.000384"/>
</kw>
<kw name="Should Match Regexp" owner="BuiltIn">
<arg>${json_data['results'][0]['picture']['thumbnail']}</arg>
<arg>^https?://.*\.(?:png|jpe?g|gif|bmp)$</arg>
<doc>Fails if ``string`` does not match ``pattern`` as a regular expression.</doc>
<status status="PASS" start="2024-04-07T09:13:16.623444" elapsed="0.000358"/>
</kw>
<kw name="Log" owner="BuiltIn">
<msg time="2024-04-07T09:13:16.624313" level="INFO">{'large': 'https://randomuser.me/api/portraits/women/73.jpg', 'medium': 'https://randomuser.me/api/portraits/med/women/73.jpg', 'thumbnail': 'https://randomuser.me/api/portraits/thumb/women/73.jpg'}</msg>
<arg>${json_data['results'][0]['picture']}</arg>
<doc>Logs the given message with the given level.</doc>
<status status="PASS" start="2024-04-07T09:13:16.623985" elapsed="0.000370"/>
</kw>
<status status="PASS" start="2024-04-07T09:13:16.541039" elapsed="0.083576"/>
</kw>
<kw name="Teste de Tipos de Dados - Postcode" owner="random-user-service">
<kw name="GET On Session" owner="RequestsLibrary">
<msg time="2024-04-07T09:13:16.719498" level="INFO">GET Request : url=https://randomuser.me/api 
 path_url=/api 
 headers={'User-Agent': 'python-requests/2.31.0', 'Accept-Encoding': 'gzip, deflate', 'Accept': '*/*', 'Connection': 'keep-alive'} 
 body=None 
 </msg>
<msg time="2024-04-07T09:13:16.719591" level="INFO">GET Response : url=https://randomuser.me/api 
 status=200, reason=OK 
 headers={'Date': 'Sun, 07 Apr 2024 09:13:16 GMT', 'Content-Type': 'application/json; charset=utf-8', 'Transfer-Encoding': 'chunked', 'Connection': 'keep-alive', 'X-Powered-By': 'Express', 'Access-Control-Allow-Origin': '*', 'Cache-Control': 'no-cache', 'ETag': 'W/"4a4-rky8ndI2XK+BZWoeBpgYXeeyMhY"', 'Vary': 'Accept-Encoding', 'Content-Encoding': 'gzip', 'CF-Cache-Status': 'DYNAMIC', 'Report-To': '{"endpoints":[{"url":"https:\\/\\/a.nel.cloudflare.com\\/report\\/v4?s=HfJfFmAgmLb%2BFdMPnkzDIaFYC6GXujlOAWKIDwSBuNYhpLUI7WhfW1X9BNa2bJQl7RGXCydYayfjUc3pxR627P%2BdHu4ebEW2lNyWsL62%2F8oSuZUckKqYSlvxJwhwOFtl"}],"group":"cf-nel","max_age":604800}', 'NEL': '{"success_fraction":0,"report_to":"cf-nel","max_age":604800}', 'Server': 'cloudflare', 'CF-RAY': '8708e696ec1b0816-IAD', 'alt-svc': 'h3=":443"; ma=86400'} 
 body={"results":[{"gender":"female","name":{"title":"Madame","first":"Mathilde","last":"Lefevre"},"location":{"street":{"number":4597,"name":"Rue Courbet"},"city":"Gollion","state":"Vaud","country":"Switzerland","postcode":5380,"coordinates":{"latitude":"-60.1011","longitude":"116.2389"},"timezone":{"offset":"+11:00","description":"Magadan, Solomon Islands, New Caledonia"}},"email":"mathilde.lefevre@example.com","login":{"uuid":"a8cf775e-37c4-4deb-8a90-cb8f1e744116","username":"angryrabbit732","password":"mortal","salt":"BVq13TqO","md5":"6fca618b0c5f26640dd0af7508db54dc","sha1":"8d38e3e9788fd9a3efe7359b3f03ce1a69942b7a","sha256":"1ad1227a18f1fc6e55dbaa2a64e36b1600a9f533ef0e5c046a76d10bf0177543"},"dob":{"date":"1973-09-11T11:24:18.642Z","age":50},"registered":{"date":"2021-06-29T22:19:25.753Z","age":2},"phone":"076 210 40 56","cell":"075 403 46 39","id":{"name":"AVS","value":"756.0930.0589.78"},"picture":{"large":"https://randomuser.me/api/portraits/women/8.jpg","medium":"https://randomuser.me/api/portraits/med/women/8.jpg","thumbnail":"https://randomuser.me/api/portraits/thumb/women/8.jpg"},"nat":"CH"}],"info":{"seed":"841e60a824a625bb","results":1,"page":1,"version":"1.4"}} 
 </msg>
<msg time="2024-04-07T09:13:16.719685" level="INFO">/opt/hostedtoolcache/Python/3.12.2/x64/lib/python3.12/site-packages/urllib3/connectionpool.py:1103: InsecureRequestWarning: Unverified HTTPS request is being made to host 'randomuser.me'. Adding certificate verification is strongly advised. See: https://urllib3.readthedocs.io/en/latest/advanced-usage.html#tls-warnings
  warnings.warn(</msg>
<msg time="2024-04-07T09:13:16.719816" level="INFO">${response} = &lt;Response [200]&gt;</msg>
<var>${response}</var>
<arg>consultarAPI</arg>
<arg>/api</arg>
<doc>Sends a GET request on a previously created HTTP Session.</doc>
<status status="PASS" start="2024-04-07T09:13:16.625230" elapsed="0.094637"/>
</kw>
<kw name="Set Variable" owner="BuiltIn">
<msg time="2024-04-07T09:13:16.721017" level="INFO">${json_data} = {'results': [{'gender': 'female', 'name': {'title': 'Madame', 'first': 'Mathilde', 'last': 'Lefevre'}, 'location': {'street': {'number': 4597, 'name': 'Rue Courbet'}, 'city': 'Gollion', 'state': 'Vaud...</msg>
<var>${json_data}</var>
<arg>${response.json()}</arg>
<doc>Returns the given values which can then be assigned to a variables.</doc>
<status status="PASS" start="2024-04-07T09:13:16.720455" elapsed="0.000591"/>
</kw>
<kw name="Log" owner="BuiltIn">
<msg time="2024-04-07T09:13:16.721536" level="INFO">{'results': [{'gender': 'female', 'name': {'title': 'Madame', 'first': 'Mathilde', 'last': 'Lefevre'}, 'location': {'street': {'number': 4597, 'name': 'Rue Courbet'}, 'city': 'Gollion', 'state': 'Vaud', 'country': 'Switzerland', 'postcode': 5380, 'coordinates': {'latitude': '-60.1011', 'longitude': '116.2389'}, 'timezone': {'offset': '+11:00', 'description': 'Magadan, Solomon Islands, New Caledonia'}}, 'email': 'mathilde.lefevre@example.com', 'login': {'uuid': 'a8cf775e-37c4-4deb-8a90-cb8f1e744116', 'username': 'angryrabbit732', 'password': 'mortal', 'salt': 'BVq13TqO', 'md5': '6fca618b0c5f26640dd0af7508db54dc', 'sha1': '8d38e3e9788fd9a3efe7359b3f03ce1a69942b7a', 'sha256': '1ad1227a18f1fc6e55dbaa2a64e36b1600a9f533ef0e5c046a76d10bf0177543'}, 'dob': {'date': '1973-09-11T11:24:18.642Z', 'age': 50}, 'registered': {'date': '2021-06-29T22:19:25.753Z', 'age': 2}, 'phone': '076 210 40 56', 'cell': '075 403 46 39', 'id': {'name': 'AVS', 'value': '756.0930.0589.78'}, 'picture': {'large': 'https://randomuser.me/api/portraits/women/8.jpg', 'medium': 'https://randomuser.me/api/portraits/med/women/8.jpg', 'thumbnail': 'https://randomuser.me/api/portraits/thumb/women/8.jpg'}, 'nat': 'CH'}], 'info': {'seed': '841e60a824a625bb', 'results': 1, 'page': 1, 'version': '1.4'}}</msg>
<arg>${json_data}</arg>
<doc>Logs the given message with the given level.</doc>
<status status="PASS" start="2024-04-07T09:13:16.721378" elapsed="0.000240"/>
</kw>
<kw name="Should Be Equal As Numbers" owner="BuiltIn">
<arg>${json_data['results'][0]['location']['postcode']}</arg>
<arg>${json_data['results'][0]['location']['postcode']}</arg>
<doc>Fails if objects are unequal after converting them to real numbers.</doc>
<status status="PASS" start="2024-04-07T09:13:16.721927" elapsed="0.000637"/>
</kw>
<kw name="Log" owner="BuiltIn">
<msg time="2024-04-07T09:13:16.723101" level="INFO">5380</msg>
<arg>${json_data['results'][0]['location']['postcode']}</arg>
<doc>Logs the given message with the given level.</doc>
<status status="PASS" start="2024-04-07T09:13:16.722763" elapsed="0.000380"/>
</kw>
<status status="PASS" start="2024-04-07T09:13:16.624849" elapsed="0.098611"/>
</kw>
<doc>Testa se os tipos de dados na resposta da API estão corretos.</doc>
<tag>testeTiposDados</tag>
<status status="PASS" start="2024-04-07T09:13:16.540442" elapsed="0.183194"/>
</test>
<test id="s1-s1-t5" name="Validar conteudo" line="35">
<kw name="Teste de Tipos de Conteudo" owner="random-user-service">
<kw name="GET On Session" owner="RequestsLibrary">
<msg time="2024-04-07T09:13:16.817424" level="INFO">GET Request : url=https://randomuser.me/api 
 path_url=/api 
 headers={'User-Agent': 'python-requests/2.31.0', 'Accept-Encoding': 'gzip, deflate', 'Accept': '*/*', 'Connection': 'keep-alive'} 
 body=None 
 </msg>
<msg time="2024-04-07T09:13:16.817506" level="INFO">GET Response : url=https://randomuser.me/api 
 status=200, reason=OK 
 headers={'Date': 'Sun, 07 Apr 2024 09:13:16 GMT', 'Content-Type': 'application/json; charset=utf-8', 'Transfer-Encoding': 'chunked', 'Connection': 'keep-alive', 'X-Powered-By': 'Express', 'Access-Control-Allow-Origin': '*', 'Cache-Control': 'no-cache', 'ETag': 'W/"47a-BRBxFyVYQAOylA1khrQit+MZFm8"', 'Vary': 'Accept-Encoding', 'Content-Encoding': 'gzip', 'CF-Cache-Status': 'DYNAMIC', 'Report-To': '{"endpoints":[{"url":"https:\\/\\/a.nel.cloudflare.com\\/report\\/v4?s=CCqcwGP2pAul%2B28Q%2F2oSiO6hiwFp%2Fv7cAPjHdc5NgL%2FuZybhOyh0tRCvvCkYzazFVxfl0lYhFu1ytWbNkMqlBi9DM3HnooFp7mnZ0LHSZKxrR6ei%2B8xf0DSBtDxFBxXg"}],"group":"cf-nel","max_age":604800}', 'NEL': '{"success_fraction":0,"report_to":"cf-nel","max_age":604800}', 'Server': 'cloudflare', 'CF-RAY': '8708e6978c920816-IAD', 'alt-svc': 'h3=":443"; ma=86400'} 
 body={"results":[{"gender":"male","name":{"title":"Mr","first":"Ahmed","last":"Østenstad"},"location":{"street":{"number":2233,"name":"Haugerudveien"},"city":"Årnes","state":"Buskerud","country":"Norway","postcode":"6094","coordinates":{"latitude":"43.6277","longitude":"-72.4146"},"timezone":{"offset":"-11:00","description":"Midway Island, Samoa"}},"email":"ahmed.ostenstad@example.com","login":{"uuid":"0f035f2c-b877-46de-b79e-69edbeac53fe","username":"orangetiger443","password":"illusion","salt":"RFDEA25B","md5":"4f30cc533bc8b7dce9d801447fa9dbe5","sha1":"430d0561217e6e36d78ed297277364b0057157e8","sha256":"41caef8c35851769bd27a88d82e827d65cddd05204b7f8de7c51e0ba69aae601"},"dob":{"date":"1977-05-11T08:44:35.433Z","age":46},"registered":{"date":"2021-01-16T07:12:35.614Z","age":3},"phone":"78673299","cell":"42800210","id":{"name":"FN","value":"11057748321"},"picture":{"large":"https://randomuser.me/api/portraits/men/86.jpg","medium":"https://randomuser.me/api/portraits/med/men/86.jpg","thumbnail":"https://randomuser.me/api/portraits/thumb/men/86.jpg"},"nat":"NO"}],"info":{"seed":"90c08c8a70c90c89","results":1,"page":1,"version":"1.4"}} 
 </msg>
<msg time="2024-04-07T09:13:16.817570" level="INFO">/opt/hostedtoolcache/Python/3.12.2/x64/lib/python3.12/site-packages/urllib3/connectionpool.py:1103: InsecureRequestWarning: Unverified HTTPS request is being made to host 'randomuser.me'. Adding certificate verification is strongly advised. See: https://urllib3.readthedocs.io/en/latest/advanced-usage.html#tls-warnings
  warnings.warn(</msg>
<msg time="2024-04-07T09:13:16.817684" level="INFO">${response} = &lt;Response [200]&gt;</msg>
<var>${response}</var>
<arg>consultarAPI</arg>
<arg>/api</arg>
<doc>Sends a GET request on a previously created HTTP Session.</doc>
<status status="PASS" start="2024-04-07T09:13:16.726194" elapsed="0.091532"/>
</kw>
<kw name="Set Variable" owner="BuiltIn">
<msg time="2024-04-07T09:13:16.818858" level="INFO">${json_data} = {'results': [{'gender': 'male', 'name': {'title': 'Mr', 'first': 'Ahmed', 'last': 'Østenstad'}, 'location': {'street': {'number': 2233, 'name': 'Haugerudveien'}, 'city': 'Årnes', 'state': 'Buskerud', ...</msg>
<var>${json_data}</var>
<arg>${response.json()}</arg>
<doc>Returns the given values which can then be assigned to a variables.</doc>
<status status="PASS" start="2024-04-07T09:13:16.818281" elapsed="0.000608"/>
</kw>
<kw name="Set Variable" owner="BuiltIn">
<msg time="2024-04-07T09:13:16.819641" level="INFO">${name_title} = Mr</msg>
<var>${name_title}</var>
<arg>${json_data["results"][0]["name"]["title"]}</arg>
<doc>Returns the given values which can then be assigned to a variables.</doc>
<status status="PASS" start="2024-04-07T09:13:16.819239" elapsed="0.000428"/>
</kw>
<kw name="Create List" owner="BuiltIn">
<msg time="2024-04-07T09:13:16.820130" level="INFO">${allowed_titles} = ['Mr', 'Ms', 'Miss', 'Mrs', 'Madame', 'Monsieur']</msg>
<var>${allowed_titles}</var>
<arg>Mr</arg>
<arg>Ms</arg>
<arg>Miss</arg>
<arg>Mrs</arg>
<arg>Madame</arg>
<arg>Monsieur</arg>
<doc>Returns a list containing given items.</doc>
<status status="PASS" start="2024-04-07T09:13:16.819975" elapsed="0.000180"/>
</kw>
<kw name="List Should Contain Value" owner="Collections">
<msg time="2024-04-07T09:13:16.820651" level="INFO">False</msg>
<arg>${allowed_titles}</arg>
<arg>${name_title}</arg>
<doc>Fails if the ``value`` is not found from ``list``.</doc>
<status status="PASS" start="2024-04-07T09:13:16.820471" elapsed="0.000219"/>
</kw>
<kw name="Set Variable" owner="BuiltIn">
<msg time="2024-04-07T09:13:16.821380" level="INFO">${name_country} = NO</msg>
<var>${name_country}</var>
<arg>${json_data["results"][0]["nat"]}</arg>
<doc>Returns the given values which can then be assigned to a variables.</doc>
<status status="PASS" start="2024-04-07T09:13:16.820988" elapsed="0.000418"/>
</kw>
<kw name="Create List" owner="BuiltIn">
<msg time="2024-04-07T09:13:16.822328" level="INFO">${list_country} = ['AD', 'AE', 'AF', 'AG', 'AI', 'AL', 'AM', 'AO', 'AQ', 'AR', 'AS', 'AT', 'AU', 'AW', 'AX', 'AZ', 'BA', 'BB', 'BD', 'BE', 'BF', 'BG', 'BH', 'BI', 'BJ', 'BL', 'BM', 'BN', 'BO', 'BQ', 'BR', 'BS', 'BT', '...</msg>
<var>${list_country}</var>
<arg>AD</arg>
<arg>AE</arg>
<arg>AF</arg>
<arg>AG</arg>
<arg>AI</arg>
<arg>AL</arg>
<arg>AM</arg>
<arg>AO</arg>
<arg>AQ</arg>
<arg>AR</arg>
<arg>AS</arg>
<arg>AT</arg>
<arg>AU</arg>
<arg>AW</arg>
<arg>AX</arg>
<arg>AZ</arg>
<arg>BA</arg>
<arg>BB</arg>
<arg>BD</arg>
<arg>BE</arg>
<arg>BF</arg>
<arg>BG</arg>
<arg>BH</arg>
<arg>BI</arg>
<arg>BJ</arg>
<arg>BL</arg>
<arg>BM</arg>
<arg>BN</arg>
<arg>BO</arg>
<arg>BQ</arg>
<arg>BR</arg>
<arg>BS</arg>
<arg>BT</arg>
<arg>BV</arg>
<arg>BW</arg>
<arg>BY</arg>
<arg>BZ</arg>
<arg>CA</arg>
<arg>CC</arg>
<arg>CD</arg>
<arg>CF</arg>
<arg>CG</arg>
<arg>CH</arg>
<arg>CI</arg>
<arg>CK</arg>
<arg>CL</arg>
<arg>CM</arg>
<arg>CN</arg>
<arg>CO</arg>
<arg>CR</arg>
<arg>CU</arg>
<arg>CV</arg>
<arg>CW</arg>
<arg>CX</arg>
<arg>CY</arg>
<arg>CZ</arg>
<arg>DE</arg>
<arg>DJ</arg>
<arg>DK</arg>
<arg>DM</arg>
<arg>DO</arg>
<arg>DZ</arg>
<arg>EC</arg>
<arg>EE</arg>
<arg>EG</arg>
<arg>EH</arg>
<arg>ER</arg>
<arg>ES</arg>
<arg>ET</arg>
<arg>FI</arg>
<arg>FJ</arg>
<arg>FK</arg>
<arg>FM</arg>
<arg>FO</arg>
<arg>FR</arg>
<arg>GA</arg>
<arg>GB</arg>
<arg>GD</arg>
<arg>GE</arg>
<arg>GF</arg>
<arg>GG</arg>
<arg>GH</arg>
<arg>GI</arg>
<arg>GL</arg>
<arg>GM</arg>
<arg>GN</arg>
<arg>GP</arg>
<arg>GQ</arg>
<arg>GR</arg>
<arg>GS</arg>
<arg>GT</arg>
<arg>GU</arg>
<arg>GW</arg>
<arg>GY</arg>
<arg>HK</arg>
<arg>HM</arg>
<arg>HN</arg>
<arg>HR</arg>
<arg>HT</arg>
<arg>HU</arg>
<arg>ID</arg>
<arg>IE</arg>
<arg>IL</arg>
<arg>IM</arg>
<arg>IN</arg>
<arg>IO</arg>
<arg>IQ</arg>
<arg>IR</arg>
<arg>IS</arg>
<arg>IT</arg>
<arg>JE</arg>
<arg>JM</arg>
<arg>JO</arg>
<arg>JP</arg>
<arg>KE</arg>
<arg>KG</arg>
<arg>KH</arg>
<arg>KI</arg>
<arg>KM</arg>
<arg>KN</arg>
<arg>KP</arg>
<arg>KR</arg>
<arg>KW</arg>
<arg>KY</arg>
<arg>KZ</arg>
<arg>LA</arg>
<arg>LB</arg>
<arg>LC</arg>
<arg>LI</arg>
<arg>LK</arg>
<arg>LR</arg>
<arg>LS</arg>
<arg>LT</arg>
<arg>LU</arg>
<arg>LV</arg>
<arg>LY</arg>
<arg>MA</arg>
<arg>MC</arg>
<arg>MD</arg>
<arg>ME</arg>
<arg>MF</arg>
<arg>MG</arg>
<arg>MH</arg>
<arg>MK</arg>
<arg>ML</arg>
<arg>MM</arg>
<arg>MN</arg>
<arg>MO</arg>
<arg>MP</arg>
<arg>MQ</arg>
<arg>MR</arg>
<arg>MS</arg>
<arg>MT</arg>
<arg>MU</arg>
<arg>MV</arg>
<arg>MW</arg>
<arg>MX</arg>
<arg>MY</arg>
<arg>MZ</arg>
<arg>NA</arg>
<arg>NC</arg>
<arg>NE</arg>
<arg>NF</arg>
<arg>NG</arg>
<arg>NI</arg>
<arg>NL</arg>
<arg>NO</arg>
<arg>NP</arg>
<arg>NR</arg>
<arg>NU</arg>
<arg>NZ</arg>
<arg>OM</arg>
<arg>PA</arg>
<arg>PE</arg>
<arg>PF</arg>
<arg>PG</arg>
<arg>PH</arg>
<arg>PK</arg>
<arg>PL</arg>
<arg>PM</arg>
<arg>PN</arg>
<arg>PR</arg>
<arg>PS</arg>
<arg>PT</arg>
<arg>PW</arg>
<arg>PY</arg>
<arg>QA</arg>
<arg>RE</arg>
<arg>RO</arg>
<arg>RS</arg>
<arg>RU</arg>
<arg>RW</arg>
<arg>SA</arg>
<arg>SB</arg>
<arg>SC</arg>
<arg>SD</arg>
<arg>SE</arg>
<arg>SG</arg>
<arg>SH</arg>
<arg>SI</arg>
<arg>SJ</arg>
<arg>SK</arg>
<arg>SL</arg>
<arg>SM</arg>
<arg>SN</arg>
<arg>SO</arg>
<arg>SR</arg>
<arg>SS</arg>
<arg>ST</arg>
<arg>SV</arg>
<arg>SX</arg>
<arg>SY</arg>
<arg>SZ</arg>
<arg>TC</arg>
<arg>TD</arg>
<arg>TF</arg>
<arg>TG</arg>
<arg>TH</arg>
<arg>TJ</arg>
<arg>TK</arg>
<arg>TL</arg>
<arg>TM</arg>
<arg>TN</arg>
<arg>TO</arg>
<arg>TR</arg>
<arg>TT</arg>
<arg>TV</arg>
<arg>TW</arg>
<arg>TZ</arg>
<arg>UA</arg>
<arg>UG</arg>
<arg>UM</arg>
<arg>US</arg>
<arg>UY</arg>
<arg>UZ</arg>
<arg>VA</arg>
<arg>VC</arg>
<arg>VE</arg>
<arg>VG</arg>
<arg>VI</arg>
<arg>VN</arg>
<arg>VU</arg>
<arg>WF</arg>
<arg>WS</arg>
<arg>XK</arg>
<arg>YE</arg>
<arg>YT</arg>
<arg>ZA</arg>
<arg>ZM</arg>
<arg>ZW</arg>
<doc>Returns a list containing given items.</doc>
<status status="PASS" start="2024-04-07T09:13:16.821721" elapsed="0.000633"/>
</kw>
<kw name="List Should Contain Value" owner="Collections">
<msg time="2024-04-07T09:13:16.823523" level="INFO">False</msg>
<arg>${list_country}</arg>
<arg>${name_country}</arg>
<doc>Fails if the ``value`` is not found from ``list``.</doc>
<status status="PASS" start="2024-04-07T09:13:16.823312" elapsed="0.000249"/>
</kw>
<kw name="Run Keyword If" owner="BuiltIn">
<kw name="Should Be True" owner="BuiltIn">
<arg>${True}</arg>
<doc>Fails if the given condition is not true.</doc>
<status status="PASS" start="2024-04-07T09:13:16.824657" elapsed="0.000149"/>
</kw>
<arg>${json_data["results"][0]["location"]["coordinates"]["latitude"]} &gt;= -90 and ${json_data["results"][0]["location"]["coordinates"]["latitude"]} &lt;= 90</arg>
<arg>Should Be True</arg>
<arg>${True}</arg>
<doc>Runs the given keyword with the given arguments, if ``condition`` is true.</doc>
<status status="PASS" start="2024-04-07T09:13:16.823884" elapsed="0.001055"/>
</kw>
<kw name="Run Keyword If" owner="BuiltIn">
<kw name="Should Be True" owner="BuiltIn">
<arg>${True}</arg>
<doc>Fails if the given condition is not true.</doc>
<status status="PASS" start="2024-04-07T09:13:16.825843" elapsed="0.000142"/>
</kw>
<arg>${json_data["results"][0]["location"]["coordinates"]["longitude"]} &gt;= -180 and ${json_data["results"][0]["location"]["coordinates"]["longitude"]} &lt;= 180</arg>
<arg>Should Be True</arg>
<arg>${True}</arg>
<doc>Runs the given keyword with the given arguments, if ``condition`` is true.</doc>
<status status="PASS" start="2024-04-07T09:13:16.825129" elapsed="0.000985"/>
</kw>
<status status="PASS" start="2024-04-07T09:13:16.725964" elapsed="0.100292"/>
</kw>
<doc>Testa o conteúdo específico dos campos retornados pela API.</doc>
<tag>testeConteudo</tag>
<status status="PASS" start="2024-04-07T09:13:16.725404" elapsed="0.101012"/>
</test>
<status status="PASS" start="2024-04-07T09:13:15.931854" elapsed="0.896598"/>
</suite>
<status status="PASS" start="2024-04-07T09:13:15.918247" elapsed="0.915661"/>
</suite>
<statistics>
<total>
<stat pass="5" fail="0" skip="0">All Tests</stat>
</total>
<tag>
<stat pass="1" fail="0" skip="0">testeConteudo</stat>
<stat pass="1" fail="0" skip="0">testeEstruturaResposta</stat>
<stat pass="1" fail="0" skip="0">testeRequisicaoBasica</stat>
<stat pass="1" fail="0" skip="0">testeTiposDados</stat>
</tag>
<suite>
<stat pass="5" fail="0" skip="0" id="s1" name="Tests">Tests</stat>
<stat pass="5" fail="0" skip="0" id="s1-s1" name="Random-User-Test">Tests.Random-User-Test</stat>
</suite>
</statistics>
<errors>
</errors>
</robot>
