<?xml version="1.0" encoding="UTF-8"?>
<robot generator="Robot 7.0 (Python 3.12.3 on linux)" generated="2024-05-17T16:17:29.505197" rpa="false" schemaversion="5">
<suite id="s1" name="Tests" source="/home/runner/work/DesafioQAItauRogerioJordao/DesafioQAItauRogerioJordao/RamdonUser/tests">
<suite id="s1-s1" name="Random-User-Test" source="/home/runner/work/DesafioQAItauRogerioJordao/DesafioQAItauRogerioJordao/RamdonUser/tests/random-user-test.robot">
<test id="s1-s1-t1" name="Conectar" line="13">
<kw name="Conectar API" owner="random-user-service">
<kw name="Create Session" owner="RequestsLibrary">
<msg time="2024-05-17T16:17:29.881778" level="INFO">Creating Session using : alias=consultarAPI, url=https://randomuser.me/, headers={},                     cookies={}, auth=None, timeout=None, proxies=None, verify=False,                     debug=0 </msg>
<arg>consultarAPI</arg>
<arg>${URL}</arg>
<doc>Create Session: create a HTTP session to a server</doc>
<status status="PASS" start="2024-05-17T16:17:29.881571" elapsed="0.000407"/>
</kw>
<status status="PASS" start="2024-05-17T16:17:29.880556" elapsed="0.001793"/>
</kw>
<status status="PASS" start="2024-05-17T16:17:29.879905" elapsed="0.002637"/>
</test>
<test id="s1-s1-t2" name="Validar retorno 200 e JSON Válido" line="16">
<kw name="Teste de Requisicao Basica" owner="random-user-service">
<kw name="GET On Session" owner="RequestsLibrary">
<msg time="2024-05-17T16:17:29.950587" level="INFO">GET Request : url=https://randomuser.me/api 
 path_url=/api 
 headers={'User-Agent': 'python-requests/2.31.0', 'Accept-Encoding': 'gzip, deflate', 'Accept': '*/*', 'Connection': 'keep-alive'} 
 body=None 
 </msg>
<msg time="2024-05-17T16:17:29.950745" level="INFO">GET Response : url=https://randomuser.me/api 
 status=200, reason=OK 
 headers={'Date': 'Fri, 17 May 2024 16:17:29 GMT', 'Content-Type': 'application/json; charset=utf-8', 'Transfer-Encoding': 'chunked', 'Connection': 'keep-alive', 'X-Powered-By': 'Express', 'Access-Control-Allow-Origin': '*', 'Cache-Control': 'no-cache', 'ETag': 'W/"47e-oq+LnPJ0xkF3sHORoihHUdyGM54"', 'Vary': 'Accept-Encoding', 'Content-Encoding': 'gzip', 'CF-Cache-Status': 'DYNAMIC', 'Report-To': '{"endpoints":[{"url":"https:\\/\\/a.nel.cloudflare.com\\/report\\/v4?s=y6K45U5lJbx%2B7e%2F%2FVq3VxVKF0ffoXWAwSG6L%2FqiJ1RYaGN0Kf0la%2B1f4fJYsIL1LCvkoa%2BcQwmzBYLNyzOzqS%2FRKs6Ir2cHBnwN8grPAw7QQeb6BoIzFPKfnuDUdQhak"}],"group":"cf-nel","max_age":604800}', 'NEL': '{"success_fraction":0,"report_to":"cf-nel","max_age":604800}', 'Server': 'cloudflare', 'CF-RAY': '8854eb01ff6b1727-IAD', 'alt-svc': 'h3=":443"; ma=86400'} 
 body={"results":[{"gender":"female","name":{"title":"Mrs","first":"Ece","last":"Tazegül"},"location":{"street":{"number":5657,"name":"Filistin Cd"},"city":"Tekirdağ","state":"Osmaniye","country":"Turkey","postcode":79178,"coordinates":{"latitude":"70.9760","longitude":"34.4063"},"timezone":{"offset":"-7:00","description":"Mountain Time (US &amp; Canada)"}},"email":"ece.tazegul@example.com","login":{"uuid":"6c6299bf-cfe7-49a7-92b0-b00af78a6eb0","username":"angrypanda100","password":"piglet","salt":"85EKOCLl","md5":"3084f3b9b070d836621f482ced27c2f2","sha1":"d5d2f8a79b74ce83ee71dcd2bf61e744e89a25f7","sha256":"40d71c31a56e437763c023f6775c222f4d7835887d9089ae38863c343ea9a9d0"},"dob":{"date":"1946-02-03T10:05:22.936Z","age":78},"registered":{"date":"2015-01-17T22:37:33.343Z","age":9},"phone":"(456)-396-0831","cell":"(470)-273-8843","id":{"name":"","value":null},"picture":{"large":"https://randomuser.me/api/portraits/women/96.jpg","medium":"https://randomuser.me/api/portraits/med/women/96.jpg","thumbnail":"https://randomuser.me/api/portraits/thumb/women/96.jpg"},"nat":"TR"}],"info":{"seed":"eb5721a004a35e07","results":1,"page":1,"version":"1.4"}} 
 </msg>
<msg time="2024-05-17T16:17:29.950845" level="INFO">/opt/hostedtoolcache/Python/3.12.3/x64/lib/python3.12/site-packages/urllib3/connectionpool.py:1103: InsecureRequestWarning: Unverified HTTPS request is being made to host 'randomuser.me'. Adding certificate verification is strongly advised. See: https://urllib3.readthedocs.io/en/latest/advanced-usage.html#tls-warnings
  warnings.warn(</msg>
<msg time="2024-05-17T16:17:29.950995" level="INFO">${response} = &lt;Response [200]&gt;</msg>
<var>${response}</var>
<arg>consultarAPI</arg>
<arg>/api</arg>
<doc>Sends a GET request on a previously created HTTP Session.</doc>
<status status="PASS" start="2024-05-17T16:17:29.885291" elapsed="0.065748"/>
</kw>
<kw name="Should Be Equal As Numbers" owner="BuiltIn">
<msg time="2024-05-17T16:17:29.952299" level="INFO">Argument types are:
&lt;class 'int'&gt;
&lt;class 'str'&gt;</msg>
<arg>${response.status_code}</arg>
<arg>200</arg>
<doc>Fails if objects are unequal after converting them to real numbers.</doc>
<status status="PASS" start="2024-05-17T16:17:29.951780" elapsed="0.000589"/>
</kw>
<kw name="Log" owner="BuiltIn">
<msg time="2024-05-17T16:17:29.953105" level="INFO">200</msg>
<arg>${response.status_code}</arg>
<doc>Logs the given message with the given level.</doc>
<status status="PASS" start="2024-05-17T16:17:29.952747" elapsed="0.000401"/>
</kw>
<kw name="Set Variable" owner="BuiltIn">
<msg time="2024-05-17T16:17:29.953923" level="INFO">${json_data} = {'results': [{'gender': 'female', 'name': {'title': 'Mrs', 'first': 'Ece', 'last': 'Tazegül'}, 'location': {'street': {'number': 5657, 'name': 'Filistin Cd'}, 'city': 'Tekirdağ', 'state': 'Osmaniye', ...</msg>
<var>${json_data}</var>
<arg>${response.json()}</arg>
<doc>Returns the given values which can then be assigned to a variables.</doc>
<status status="PASS" start="2024-05-17T16:17:29.953461" elapsed="0.000493"/>
</kw>
<kw name="Dictionary Should Contain Key" owner="Collections">
<msg time="2024-05-17T16:17:29.954452" level="INFO">False</msg>
<arg>${json_data}</arg>
<arg>results</arg>
<doc>Fails if ``key`` is not found from ``dictionary``.</doc>
<status status="PASS" start="2024-05-17T16:17:29.954279" elapsed="0.000219"/>
</kw>
<status status="PASS" start="2024-05-17T16:17:29.885046" elapsed="0.069712"/>
</kw>
<doc>Testa se a API responde corretamente e retorna um objeto JSON válido.</doc>
<tag>testeRequisicaoBasica</tag>
<status status="PASS" start="2024-05-17T16:17:29.884443" elapsed="0.070502"/>
</test>
<test id="s1-s1-t3" name="Validar estrutura de resposta" line="22">
<kw name="Teste de Estrutura de Resposta" owner="random-user-service">
<kw name="GET On Session" owner="RequestsLibrary">
<msg time="2024-05-17T16:17:30.061945" level="INFO">GET Request : url=https://randomuser.me/api 
 path_url=/api 
 headers={'User-Agent': 'python-requests/2.31.0', 'Accept-Encoding': 'gzip, deflate', 'Accept': '*/*', 'Connection': 'keep-alive'} 
 body=None 
 </msg>
<msg time="2024-05-17T16:17:30.062047" level="INFO">GET Response : url=https://randomuser.me/api 
 status=200, reason=OK 
 headers={'Date': 'Fri, 17 May 2024 16:17:30 GMT', 'Content-Type': 'application/json; charset=utf-8', 'Transfer-Encoding': 'chunked', 'Connection': 'keep-alive', 'X-Powered-By': 'Express', 'Access-Control-Allow-Origin': '*', 'Cache-Control': 'no-cache', 'ETag': 'W/"485-NlD1tLYIoASpkgAi+Fs+EvhgEZQ"', 'Vary': 'Accept-Encoding', 'Content-Encoding': 'gzip', 'CF-Cache-Status': 'DYNAMIC', 'Report-To': '{"endpoints":[{"url":"https:\\/\\/a.nel.cloudflare.com\\/report\\/v4?s=0%2BqqVrIiUcZnOMJliB7KUMJMwvXYfuVhN9nYltd5t6A3N0%2FKm0Q%2Fla8Q0ST%2FNiviNtWX10Jj0m4S7SYvMu8KqLoZ%2BrDmA03wBAFuavXInZNNerCYDfCZOTd20W4qRTOZ"}],"group":"cf-nel","max_age":604800}', 'NEL': '{"success_fraction":0,"report_to":"cf-nel","max_age":604800}', 'Server': 'cloudflare', 'CF-RAY': '8854eb023fc61727-IAD', 'alt-svc': 'h3=":443"; ma=86400'} 
 body={"results":[{"gender":"female","name":{"title":"Mrs","first":"Ruslana","last":"Klimishin"},"location":{"street":{"number":8477,"name":"Irpinska"},"city":"Liman","state":"Zaporizka","country":"Ukraine","postcode":70277,"coordinates":{"latitude":"79.0921","longitude":"3.5803"},"timezone":{"offset":"+7:00","description":"Bangkok, Hanoi, Jakarta"}},"email":"ruslana.klimishin@example.com","login":{"uuid":"c67dd674-aeb4-45d3-8be5-7b8323f2cf96","username":"goldenladybug767","password":"triangle","salt":"3TquYpUS","md5":"f1455aa94b6e42c654315fa6f8f796e5","sha1":"d68ed4908c1ee4f70385a4e57070c602ff638051","sha256":"b6e9cda8c768392b5e6efb31c56179cd9b76132254f613398880b3bc6f180bf9"},"dob":{"date":"1974-12-01T01:30:21.178Z","age":49},"registered":{"date":"2006-04-10T22:46:58.628Z","age":18},"phone":"(067) Z18-9634","cell":"(068) R46-1829","id":{"name":"","value":null},"picture":{"large":"https://randomuser.me/api/portraits/women/15.jpg","medium":"https://randomuser.me/api/portraits/med/women/15.jpg","thumbnail":"https://randomuser.me/api/portraits/thumb/women/15.jpg"},"nat":"UA"}],"info":{"seed":"a6b68ca9b958f9be","results":1,"page":1,"version":"1.4"}} 
 </msg>
<msg time="2024-05-17T16:17:30.062177" level="INFO">/opt/hostedtoolcache/Python/3.12.3/x64/lib/python3.12/site-packages/urllib3/connectionpool.py:1103: InsecureRequestWarning: Unverified HTTPS request is being made to host 'randomuser.me'. Adding certificate verification is strongly advised. See: https://urllib3.readthedocs.io/en/latest/advanced-usage.html#tls-warnings
  warnings.warn(</msg>
<msg time="2024-05-17T16:17:30.062306" level="INFO">${response} = &lt;Response [200]&gt;</msg>
<var>${response}</var>
<arg>consultarAPI</arg>
<arg>/api</arg>
<doc>Sends a GET request on a previously created HTTP Session.</doc>
<status status="PASS" start="2024-05-17T16:17:29.957875" elapsed="0.104471"/>
</kw>
<kw name="Set Variable" owner="BuiltIn">
<msg time="2024-05-17T16:17:30.063598" level="INFO">${json_data} = {'results': [{'gender': 'female', 'name': {'title': 'Mrs', 'first': 'Ruslana', 'last': 'Klimishin'}, 'location': {'street': {'number': 8477, 'name': 'Irpinska'}, 'city': 'Liman', 'state': 'Zaporizka',...</msg>
<var>${json_data}</var>
<arg>${response.json()}</arg>
<doc>Returns the given values which can then be assigned to a variables.</doc>
<status status="PASS" start="2024-05-17T16:17:30.062978" elapsed="0.000649"/>
</kw>
<kw name="Log" owner="BuiltIn">
<msg time="2024-05-17T16:17:30.064112" level="INFO">{'results': [{'gender': 'female', 'name': {'title': 'Mrs', 'first': 'Ruslana', 'last': 'Klimishin'}, 'location': {'street': {'number': 8477, 'name': 'Irpinska'}, 'city': 'Liman', 'state': 'Zaporizka', 'country': 'Ukraine', 'postcode': 70277, 'coordinates': {'latitude': '79.0921', 'longitude': '3.5803'}, 'timezone': {'offset': '+7:00', 'description': 'Bangkok, Hanoi, Jakarta'}}, 'email': 'ruslana.klimishin@example.com', 'login': {'uuid': 'c67dd674-aeb4-45d3-8be5-7b8323f2cf96', 'username': 'goldenladybug767', 'password': 'triangle', 'salt': '3TquYpUS', 'md5': 'f1455aa94b6e42c654315fa6f8f796e5', 'sha1': 'd68ed4908c1ee4f70385a4e57070c602ff638051', 'sha256': 'b6e9cda8c768392b5e6efb31c56179cd9b76132254f613398880b3bc6f180bf9'}, 'dob': {'date': '1974-12-01T01:30:21.178Z', 'age': 49}, 'registered': {'date': '2006-04-10T22:46:58.628Z', 'age': 18}, 'phone': '(067) Z18-9634', 'cell': '(068) R46-1829', 'id': {'name': '', 'value': None}, 'picture': {'large': 'https://randomuser.me/api/portraits/women/15.jpg', 'medium': 'https://randomuser.me/api/portraits/med/women/15.jpg', 'thumbnail': 'https://randomuser.me/api/portraits/thumb/women/15.jpg'}, 'nat': 'UA'}], 'info': {'seed': 'a6b68ca9b958f9be', 'results': 1, 'page': 1, 'version': '1.4'}}</msg>
<arg>${json_data}</arg>
<doc>Logs the given message with the given level.</doc>
<status status="PASS" start="2024-05-17T16:17:30.063945" elapsed="0.000216"/>
</kw>
<kw name="Dictionary Should Contain Key" owner="Collections">
<msg time="2024-05-17T16:17:30.064625" level="INFO">False</msg>
<arg>${json_data}</arg>
<arg>results</arg>
<doc>Fails if ``key`` is not found from ``dictionary``.</doc>
<status status="PASS" start="2024-05-17T16:17:30.064458" elapsed="0.000205"/>
</kw>
<kw name="Should Not Be Empty" owner="BuiltIn">
<msg time="2024-05-17T16:17:30.065092" level="INFO">Length is 2.</msg>
<arg>${json_data}</arg>
<doc>Verifies that the given item is not empty.</doc>
<status status="PASS" start="2024-05-17T16:17:30.064960" elapsed="0.000336"/>
</kw>
<kw name="Create List" owner="BuiltIn">
<msg time="2024-05-17T16:17:30.065744" level="INFO">${expected_keys} = ['gender', 'name', 'location', 'email', 'login']</msg>
<var>${expected_keys}</var>
<arg>gender</arg>
<arg>name</arg>
<arg>location</arg>
<arg>email</arg>
<arg>login</arg>
<doc>Returns a list containing given items.</doc>
<status status="PASS" start="2024-05-17T16:17:30.065595" elapsed="0.000172"/>
</kw>
<for flavor="IN">
<iter>
<kw name="Dictionary Should Contain Key" owner="Collections">
<msg time="2024-05-17T16:17:30.066783" level="INFO">False</msg>
<arg>${json_data['results'][0]}</arg>
<arg>${key}</arg>
<doc>Fails if ``key`` is not found from ``dictionary``.</doc>
<status status="PASS" start="2024-05-17T16:17:30.066369" elapsed="0.000454"/>
</kw>
<kw name="Log" owner="BuiltIn">
<msg time="2024-05-17T16:17:30.067653" level="INFO">{'gender': 'female', 'name': {'title': 'Mrs', 'first': 'Ruslana', 'last': 'Klimishin'}, 'location': {'street': {'number': 8477, 'name': 'Irpinska'}, 'city': 'Liman', 'state': 'Zaporizka', 'country': 'Ukraine', 'postcode': 70277, 'coordinates': {'latitude': '79.0921', 'longitude': '3.5803'}, 'timezone': {'offset': '+7:00', 'description': 'Bangkok, Hanoi, Jakarta'}}, 'email': 'ruslana.klimishin@example.com', 'login': {'uuid': 'c67dd674-aeb4-45d3-8be5-7b8323f2cf96', 'username': 'goldenladybug767', 'password': 'triangle', 'salt': '3TquYpUS', 'md5': 'f1455aa94b6e42c654315fa6f8f796e5', 'sha1': 'd68ed4908c1ee4f70385a4e57070c602ff638051', 'sha256': 'b6e9cda8c768392b5e6efb31c56179cd9b76132254f613398880b3bc6f180bf9'}, 'dob': {'date': '1974-12-01T01:30:21.178Z', 'age': 49}, 'registered': {'date': '2006-04-10T22:46:58.628Z', 'age': 18}, 'phone': '(067) Z18-9634', 'cell': '(068) R46-1829', 'id': {'name': '', 'value': None}, 'picture': {'large': 'https://randomuser.me/api/portraits/women/15.jpg', 'medium': 'https://randomuser.me/api/portraits/med/women/15.jpg', 'thumbnail': 'https://randomuser.me/api/portraits/thumb/women/15.jpg'}, 'nat': 'UA'}</msg>
<arg>${json_data['results'][0]}</arg>
<doc>Logs the given message with the given level.</doc>
<status status="PASS" start="2024-05-17T16:17:30.067229" elapsed="0.000475"/>
</kw>
<kw name="Log" owner="BuiltIn">
<msg time="2024-05-17T16:17:30.068216" level="INFO">gender</msg>
<arg>${key}</arg>
<doc>Logs the given message with the given level.</doc>
<status status="PASS" start="2024-05-17T16:17:30.068063" elapsed="0.000196"/>
</kw>
<var name="${key}">gender</var>
<status status="PASS" start="2024-05-17T16:17:30.066241" elapsed="0.002237"/>
</iter>
<iter>
<kw name="Dictionary Should Contain Key" owner="Collections">
<msg time="2024-05-17T16:17:30.069178" level="INFO">False</msg>
<arg>${json_data['results'][0]}</arg>
<arg>${key}</arg>
<doc>Fails if ``key`` is not found from ``dictionary``.</doc>
<status status="PASS" start="2024-05-17T16:17:30.068790" elapsed="0.000426"/>
</kw>
<kw name="Log" owner="BuiltIn">
<msg time="2024-05-17T16:17:30.069897" level="INFO">{'gender': 'female', 'name': {'title': 'Mrs', 'first': 'Ruslana', 'last': 'Klimishin'}, 'location': {'street': {'number': 8477, 'name': 'Irpinska'}, 'city': 'Liman', 'state': 'Zaporizka', 'country': 'Ukraine', 'postcode': 70277, 'coordinates': {'latitude': '79.0921', 'longitude': '3.5803'}, 'timezone': {'offset': '+7:00', 'description': 'Bangkok, Hanoi, Jakarta'}}, 'email': 'ruslana.klimishin@example.com', 'login': {'uuid': 'c67dd674-aeb4-45d3-8be5-7b8323f2cf96', 'username': 'goldenladybug767', 'password': 'triangle', 'salt': '3TquYpUS', 'md5': 'f1455aa94b6e42c654315fa6f8f796e5', 'sha1': 'd68ed4908c1ee4f70385a4e57070c602ff638051', 'sha256': 'b6e9cda8c768392b5e6efb31c56179cd9b76132254f613398880b3bc6f180bf9'}, 'dob': {'date': '1974-12-01T01:30:21.178Z', 'age': 49}, 'registered': {'date': '2006-04-10T22:46:58.628Z', 'age': 18}, 'phone': '(067) Z18-9634', 'cell': '(068) R46-1829', 'id': {'name': '', 'value': None}, 'picture': {'large': 'https://randomuser.me/api/portraits/women/15.jpg', 'medium': 'https://randomuser.me/api/portraits/med/women/15.jpg', 'thumbnail': 'https://randomuser.me/api/portraits/thumb/women/15.jpg'}, 'nat': 'UA'}</msg>
<arg>${json_data['results'][0]}</arg>
<doc>Logs the given message with the given level.</doc>
<status status="PASS" start="2024-05-17T16:17:30.069539" elapsed="0.000406"/>
</kw>
<kw name="Log" owner="BuiltIn">
<msg time="2024-05-17T16:17:30.070367" level="INFO">name</msg>
<arg>${key}</arg>
<doc>Logs the given message with the given level.</doc>
<status status="PASS" start="2024-05-17T16:17:30.070241" elapsed="0.000163"/>
</kw>
<var name="${key}">name</var>
<status status="PASS" start="2024-05-17T16:17:30.068673" elapsed="0.001947"/>
</iter>
<iter>
<kw name="Dictionary Should Contain Key" owner="Collections">
<msg time="2024-05-17T16:17:30.071317" level="INFO">False</msg>
<arg>${json_data['results'][0]}</arg>
<arg>${key}</arg>
<doc>Fails if ``key`` is not found from ``dictionary``.</doc>
<status status="PASS" start="2024-05-17T16:17:30.070910" elapsed="0.000445"/>
</kw>
<kw name="Log" owner="BuiltIn">
<msg time="2024-05-17T16:17:30.072013" level="INFO">{'gender': 'female', 'name': {'title': 'Mrs', 'first': 'Ruslana', 'last': 'Klimishin'}, 'location': {'street': {'number': 8477, 'name': 'Irpinska'}, 'city': 'Liman', 'state': 'Zaporizka', 'country': 'Ukraine', 'postcode': 70277, 'coordinates': {'latitude': '79.0921', 'longitude': '3.5803'}, 'timezone': {'offset': '+7:00', 'description': 'Bangkok, Hanoi, Jakarta'}}, 'email': 'ruslana.klimishin@example.com', 'login': {'uuid': 'c67dd674-aeb4-45d3-8be5-7b8323f2cf96', 'username': 'goldenladybug767', 'password': 'triangle', 'salt': '3TquYpUS', 'md5': 'f1455aa94b6e42c654315fa6f8f796e5', 'sha1': 'd68ed4908c1ee4f70385a4e57070c602ff638051', 'sha256': 'b6e9cda8c768392b5e6efb31c56179cd9b76132254f613398880b3bc6f180bf9'}, 'dob': {'date': '1974-12-01T01:30:21.178Z', 'age': 49}, 'registered': {'date': '2006-04-10T22:46:58.628Z', 'age': 18}, 'phone': '(067) Z18-9634', 'cell': '(068) R46-1829', 'id': {'name': '', 'value': None}, 'picture': {'large': 'https://randomuser.me/api/portraits/women/15.jpg', 'medium': 'https://randomuser.me/api/portraits/med/women/15.jpg', 'thumbnail': 'https://randomuser.me/api/portraits/thumb/women/15.jpg'}, 'nat': 'UA'}</msg>
<arg>${json_data['results'][0]}</arg>
<doc>Logs the given message with the given level.</doc>
<status status="PASS" start="2024-05-17T16:17:30.071656" elapsed="0.000405"/>
</kw>
<kw name="Log" owner="BuiltIn">
<msg time="2024-05-17T16:17:30.072481" level="INFO">location</msg>
<arg>${key}</arg>
<doc>Logs the given message with the given level.</doc>
<status status="PASS" start="2024-05-17T16:17:30.072356" elapsed="0.000163"/>
</kw>
<var name="${key}">location</var>
<status status="PASS" start="2024-05-17T16:17:30.070798" elapsed="0.001938"/>
</iter>
<iter>
<kw name="Dictionary Should Contain Key" owner="Collections">
<msg time="2024-05-17T16:17:30.073404" level="INFO">False</msg>
<arg>${json_data['results'][0]}</arg>
<arg>${key}</arg>
<doc>Fails if ``key`` is not found from ``dictionary``.</doc>
<status status="PASS" start="2024-05-17T16:17:30.073018" elapsed="0.000424"/>
</kw>
<kw name="Log" owner="BuiltIn">
<msg time="2024-05-17T16:17:30.074104" level="INFO">{'gender': 'female', 'name': {'title': 'Mrs', 'first': 'Ruslana', 'last': 'Klimishin'}, 'location': {'street': {'number': 8477, 'name': 'Irpinska'}, 'city': 'Liman', 'state': 'Zaporizka', 'country': 'Ukraine', 'postcode': 70277, 'coordinates': {'latitude': '79.0921', 'longitude': '3.5803'}, 'timezone': {'offset': '+7:00', 'description': 'Bangkok, Hanoi, Jakarta'}}, 'email': 'ruslana.klimishin@example.com', 'login': {'uuid': 'c67dd674-aeb4-45d3-8be5-7b8323f2cf96', 'username': 'goldenladybug767', 'password': 'triangle', 'salt': '3TquYpUS', 'md5': 'f1455aa94b6e42c654315fa6f8f796e5', 'sha1': 'd68ed4908c1ee4f70385a4e57070c602ff638051', 'sha256': 'b6e9cda8c768392b5e6efb31c56179cd9b76132254f613398880b3bc6f180bf9'}, 'dob': {'date': '1974-12-01T01:30:21.178Z', 'age': 49}, 'registered': {'date': '2006-04-10T22:46:58.628Z', 'age': 18}, 'phone': '(067) Z18-9634', 'cell': '(068) R46-1829', 'id': {'name': '', 'value': None}, 'picture': {'large': 'https://randomuser.me/api/portraits/women/15.jpg', 'medium': 'https://randomuser.me/api/portraits/med/women/15.jpg', 'thumbnail': 'https://randomuser.me/api/portraits/thumb/women/15.jpg'}, 'nat': 'UA'}</msg>
<arg>${json_data['results'][0]}</arg>
<doc>Logs the given message with the given level.</doc>
<status status="PASS" start="2024-05-17T16:17:30.073743" elapsed="0.000422"/>
</kw>
<kw name="Log" owner="BuiltIn">
<msg time="2024-05-17T16:17:30.074693" level="INFO">email</msg>
<arg>${key}</arg>
<doc>Logs the given message with the given level.</doc>
<status status="PASS" start="2024-05-17T16:17:30.074521" elapsed="0.000219"/>
</kw>
<var name="${key}">email</var>
<status status="PASS" start="2024-05-17T16:17:30.072907" elapsed="0.002073"/>
</iter>
<iter>
<kw name="Dictionary Should Contain Key" owner="Collections">
<msg time="2024-05-17T16:17:30.075760" level="INFO">False</msg>
<arg>${json_data['results'][0]}</arg>
<arg>${key}</arg>
<doc>Fails if ``key`` is not found from ``dictionary``.</doc>
<status status="PASS" start="2024-05-17T16:17:30.075348" elapsed="0.000449"/>
</kw>
<kw name="Log" owner="BuiltIn">
<msg time="2024-05-17T16:17:30.076476" level="INFO">{'gender': 'female', 'name': {'title': 'Mrs', 'first': 'Ruslana', 'last': 'Klimishin'}, 'location': {'street': {'number': 8477, 'name': 'Irpinska'}, 'city': 'Liman', 'state': 'Zaporizka', 'country': 'Ukraine', 'postcode': 70277, 'coordinates': {'latitude': '79.0921', 'longitude': '3.5803'}, 'timezone': {'offset': '+7:00', 'description': 'Bangkok, Hanoi, Jakarta'}}, 'email': 'ruslana.klimishin@example.com', 'login': {'uuid': 'c67dd674-aeb4-45d3-8be5-7b8323f2cf96', 'username': 'goldenladybug767', 'password': 'triangle', 'salt': '3TquYpUS', 'md5': 'f1455aa94b6e42c654315fa6f8f796e5', 'sha1': 'd68ed4908c1ee4f70385a4e57070c602ff638051', 'sha256': 'b6e9cda8c768392b5e6efb31c56179cd9b76132254f613398880b3bc6f180bf9'}, 'dob': {'date': '1974-12-01T01:30:21.178Z', 'age': 49}, 'registered': {'date': '2006-04-10T22:46:58.628Z', 'age': 18}, 'phone': '(067) Z18-9634', 'cell': '(068) R46-1829', 'id': {'name': '', 'value': None}, 'picture': {'large': 'https://randomuser.me/api/portraits/women/15.jpg', 'medium': 'https://randomuser.me/api/portraits/med/women/15.jpg', 'thumbnail': 'https://randomuser.me/api/portraits/thumb/women/15.jpg'}, 'nat': 'UA'}</msg>
<arg>${json_data['results'][0]}</arg>
<doc>Logs the given message with the given level.</doc>
<status status="PASS" start="2024-05-17T16:17:30.076109" elapsed="0.000425"/>
</kw>
<kw name="Log" owner="BuiltIn">
<msg time="2024-05-17T16:17:30.076996" level="INFO">login</msg>
<arg>${key}</arg>
<doc>Logs the given message with the given level.</doc>
<status status="PASS" start="2024-05-17T16:17:30.076845" elapsed="0.000207"/>
</kw>
<var name="${key}">login</var>
<status status="PASS" start="2024-05-17T16:17:30.075216" elapsed="0.002097"/>
</iter>
<var>${key}</var>
<value>@{expected_keys}</value>
<status status="PASS" start="2024-05-17T16:17:30.066040" elapsed="0.011422"/>
</for>
<kw name="Create List" owner="BuiltIn">
<msg time="2024-05-17T16:17:30.077798" level="INFO">${expected_keysTwo} = ['username', 'password']</msg>
<var>${expected_keysTwo}</var>
<arg>username</arg>
<arg>password</arg>
<doc>Returns a list containing given items.</doc>
<status status="PASS" start="2024-05-17T16:17:30.077661" elapsed="0.000160"/>
</kw>
<for flavor="IN">
<iter>
<kw name="Dictionary Should Contain Key" owner="Collections">
<msg time="2024-05-17T16:17:30.078724" level="INFO">False</msg>
<arg>${json_data['results'][0]['login']}</arg>
<arg>${keyTwo}</arg>
<doc>Fails if ``key`` is not found from ``dictionary``.</doc>
<status status="PASS" start="2024-05-17T16:17:30.078327" elapsed="0.000435"/>
</kw>
<kw name="Dictionary Should Contain Key" owner="Collections">
<msg time="2024-05-17T16:17:30.079462" level="INFO">False</msg>
<arg>${json_data['results'][0]['login']}</arg>
<arg>${keyTwo}</arg>
<doc>Fails if ``key`` is not found from ``dictionary``.</doc>
<status status="PASS" start="2024-05-17T16:17:30.079076" elapsed="0.000423"/>
</kw>
<kw name="Log" owner="BuiltIn">
<msg time="2024-05-17T16:17:30.079920" level="INFO">username</msg>
<arg>${keyTwo}</arg>
<doc>Logs the given message with the given level.</doc>
<status status="PASS" start="2024-05-17T16:17:30.079793" elapsed="0.000163"/>
</kw>
<var name="${keyTwo}">username</var>
<status status="PASS" start="2024-05-17T16:17:30.078212" elapsed="0.001959"/>
</iter>
<iter>
<kw name="Dictionary Should Contain Key" owner="Collections">
<msg time="2024-05-17T16:17:30.080917" level="INFO">False</msg>
<arg>${json_data['results'][0]['login']}</arg>
<arg>${keyTwo}</arg>
<doc>Fails if ``key`` is not found from ``dictionary``.</doc>
<status status="PASS" start="2024-05-17T16:17:30.080452" elapsed="0.000505"/>
</kw>
<kw name="Dictionary Should Contain Key" owner="Collections">
<msg time="2024-05-17T16:17:30.081631" level="INFO">False</msg>
<arg>${json_data['results'][0]['login']}</arg>
<arg>${keyTwo}</arg>
<doc>Fails if ``key`` is not found from ``dictionary``.</doc>
<status status="PASS" start="2024-05-17T16:17:30.081256" elapsed="0.000413"/>
</kw>
<kw name="Log" owner="BuiltIn">
<msg time="2024-05-17T16:17:30.082090" level="INFO">password</msg>
<arg>${keyTwo}</arg>
<doc>Logs the given message with the given level.</doc>
<status status="PASS" start="2024-05-17T16:17:30.081963" elapsed="0.000164"/>
</kw>
<var name="${keyTwo}">password</var>
<status status="PASS" start="2024-05-17T16:17:30.080341" elapsed="0.002000"/>
</iter>
<var>${keyTwo}</var>
<value>@{expected_keysTwo}</value>
<status status="PASS" start="2024-05-17T16:17:30.078060" elapsed="0.004400"/>
</for>
<status status="PASS" start="2024-05-17T16:17:29.957601" elapsed="0.124997"/>
</kw>
<doc>Testa a estrutura da resposta da API.</doc>
<tag>testeEstruturaResposta</tag>
<status status="PASS" start="2024-05-17T16:17:29.956897" elapsed="0.125859"/>
</test>
<test id="s1-s1-t4" name="Validar tipos de dados" line="28">
<kw name="Teste de Tipos de Dados" owner="random-user-service">
<kw name="GET On Session" owner="RequestsLibrary">
<msg time="2024-05-17T16:17:30.152565" level="INFO">GET Request : url=https://randomuser.me/api 
 path_url=/api 
 headers={'User-Agent': 'python-requests/2.31.0', 'Accept-Encoding': 'gzip, deflate', 'Accept': '*/*', 'Connection': 'keep-alive'} 
 body=None 
 </msg>
<msg time="2024-05-17T16:17:30.152678" level="INFO">GET Response : url=https://randomuser.me/api 
 status=200, reason=OK 
 headers={'Date': 'Fri, 17 May 2024 16:17:30 GMT', 'Content-Type': 'application/json; charset=utf-8', 'Transfer-Encoding': 'chunked', 'Connection': 'keep-alive', 'X-Powered-By': 'Express', 'Access-Control-Allow-Origin': '*', 'Cache-Control': 'no-cache', 'ETag': 'W/"497-pTE90TLrc/pBv/J73pBbyistSSY"', 'Vary': 'Accept-Encoding', 'Content-Encoding': 'gzip', 'CF-Cache-Status': 'DYNAMIC', 'Report-To': '{"endpoints":[{"url":"https:\\/\\/a.nel.cloudflare.com\\/report\\/v4?s=%2FA3TRX%2F1fhNlMs%2F1e22wD27g%2BYnF%2B4TGDIVdiBERxEYzV8P6UNbDaz25etFy7R3l%2FsyakeN%2FJy6swaiWN96LwbPM8sEHfNn0vNGP6%2BrGk%2Ba1z%2B9d8VKrqK%2Bo%2FOB%2B8dms"}],"group":"cf-nel","max_age":604800}', 'NEL': '{"success_fraction":0,"report_to":"cf-nel","max_age":604800}', 'Server': 'cloudflare', 'CF-RAY': '8854eb0308a41727-IAD', 'alt-svc': 'h3=":443"; ma=86400'} 
 body={"results":[{"gender":"female","name":{"title":"Mademoiselle","first":"Océane","last":"Aubert"},"location":{"street":{"number":4282,"name":"Boulevard de la Duchère"},"city":"Fey","state":"Jura","country":"Switzerland","postcode":5322,"coordinates":{"latitude":"-62.4998","longitude":"63.2955"},"timezone":{"offset":"-10:00","description":"Hawaii"}},"email":"oceane.aubert@example.com","login":{"uuid":"c0a16246-b452-4921-9d41-1d0c31788808","username":"beautifulbutterfly867","password":"dabears","salt":"swlKig12","md5":"c7fb07b49527b862ae2a5f204a86239f","sha1":"d0af514f831575fff11d387eb6216a776570b8a7","sha256":"d0b2afdb04a298f730260efd254282ed2d6af14d7d4c718859a5d694063e2d5d"},"dob":{"date":"1945-04-08T02:00:28.827Z","age":79},"registered":{"date":"2018-02-05T20:29:00.827Z","age":6},"phone":"077 550 58 22","cell":"078 294 06 69","id":{"name":"AVS","value":"756.8616.5939.65"},"picture":{"large":"https://randomuser.me/api/portraits/women/18.jpg","medium":"https://randomuser.me/api/portraits/med/women/18.jpg","thumbnail":"https://randomuser.me/api/portraits/thumb/women/18.jpg"},"nat":"CH"}],"info":{"seed":"6afb5b6f10f50be0","results":1,"page":1,"version":"1.4"}} 
 </msg>
<msg time="2024-05-17T16:17:30.152770" level="INFO">/opt/hostedtoolcache/Python/3.12.3/x64/lib/python3.12/site-packages/urllib3/connectionpool.py:1103: InsecureRequestWarning: Unverified HTTPS request is being made to host 'randomuser.me'. Adding certificate verification is strongly advised. See: https://urllib3.readthedocs.io/en/latest/advanced-usage.html#tls-warnings
  warnings.warn(</msg>
<msg time="2024-05-17T16:17:30.152903" level="INFO">${response} = &lt;Response [200]&gt;</msg>
<var>${response}</var>
<arg>consultarAPI</arg>
<arg>/api</arg>
<doc>Sends a GET request on a previously created HTTP Session.</doc>
<status status="PASS" start="2024-05-17T16:17:30.085347" elapsed="0.067605"/>
</kw>
<kw name="Set Variable" owner="BuiltIn">
<msg time="2024-05-17T16:17:30.154303" level="INFO">${json_data} = {'results': [{'gender': 'female', 'name': {'title': 'Mademoiselle', 'first': 'Océane', 'last': 'Aubert'}, 'location': {'street': {'number': 4282, 'name': 'Boulevard de la Duchère'}, 'city': 'Fey', 'st...</msg>
<var>${json_data}</var>
<arg>${response.json()}</arg>
<doc>Returns the given values which can then be assigned to a variables.</doc>
<status status="PASS" start="2024-05-17T16:17:30.153677" elapsed="0.000658"/>
</kw>
<kw name="Log" owner="BuiltIn">
<msg time="2024-05-17T16:17:30.154836" level="INFO">{'results': [{'gender': 'female', 'name': {'title': 'Mademoiselle', 'first': 'Océane', 'last': 'Aubert'}, 'location': {'street': {'number': 4282, 'name': 'Boulevard de la Duchère'}, 'city': 'Fey', 'state': 'Jura', 'country': 'Switzerland', 'postcode': 5322, 'coordinates': {'latitude': '-62.4998', 'longitude': '63.2955'}, 'timezone': {'offset': '-10:00', 'description': 'Hawaii'}}, 'email': 'oceane.aubert@example.com', 'login': {'uuid': 'c0a16246-b452-4921-9d41-1d0c31788808', 'username': 'beautifulbutterfly867', 'password': 'dabears', 'salt': 'swlKig12', 'md5': 'c7fb07b49527b862ae2a5f204a86239f', 'sha1': 'd0af514f831575fff11d387eb6216a776570b8a7', 'sha256': 'd0b2afdb04a298f730260efd254282ed2d6af14d7d4c718859a5d694063e2d5d'}, 'dob': {'date': '1945-04-08T02:00:28.827Z', 'age': 79}, 'registered': {'date': '2018-02-05T20:29:00.827Z', 'age': 6}, 'phone': '077 550 58 22', 'cell': '078 294 06 69', 'id': {'name': 'AVS', 'value': '756.8616.5939.65'}, 'picture': {'large': 'https://randomuser.me/api/portraits/women/18.jpg', 'medium': 'https://randomuser.me/api/portraits/med/women/18.jpg', 'thumbnail': 'https://randomuser.me/api/portraits/thumb/women/18.jpg'}, 'nat': 'CH'}], 'info': {'seed': '6afb5b6f10f50be0', 'results': 1, 'page': 1, 'version': '1.4'}}</msg>
<arg>${json_data}</arg>
<doc>Logs the given message with the given level.</doc>
<status status="PASS" start="2024-05-17T16:17:30.154670" elapsed="0.000258"/>
</kw>
<kw name="Should Be String" owner="String">
<arg>${json_data['results'][0]['gender']}</arg>
<doc>Fails if the given ``item`` is not a string.</doc>
<status status="PASS" start="2024-05-17T16:17:30.155292" elapsed="0.000375"/>
</kw>
<kw name="Should Match Regexp" owner="BuiltIn">
<arg>${json_data['results'][0]['email']}</arg>
<arg>^[a-zA-Z0-9._%+-]+@[a-zA-Z0-9.-]+\.[a-zA-Z]{2,}$</arg>
<doc>Fails if ``string`` does not match ``pattern`` as a regular expression.</doc>
<status status="PASS" start="2024-05-17T16:17:30.155863" elapsed="0.000523"/>
</kw>
<kw name="Should Match Regexp" owner="BuiltIn">
<arg>${json_data['results'][0]['dob']['date']}</arg>
<arg>\\d{4}-\\d{2}-\\d{2}T\\d{2}:\\d{2}:\\d{2}\\.\\d{3}Z</arg>
<doc>Fails if ``string`` does not match ``pattern`` as a regular expression.</doc>
<status status="PASS" start="2024-05-17T16:17:30.156589" elapsed="0.000504"/>
</kw>
<kw name="Should Match Regexp" owner="BuiltIn">
<arg>${json_data['results'][0]['registered']['date']}</arg>
<arg>\\d{4}-\\d{2}-\\d{2}T\\d{2}:\\d{2}:\\d{2}\\.\\d{3}Z</arg>
<doc>Fails if ``string`` does not match ``pattern`` as a regular expression.</doc>
<status status="PASS" start="2024-05-17T16:17:30.157290" elapsed="0.000394"/>
</kw>
<kw name="Should Match Regexp" owner="BuiltIn">
<arg>${json_data['results'][0]['picture']['large']}</arg>
<arg>^https?://.*\.(?:png|jpe?g|gif|bmp)$</arg>
<doc>Fails if ``string`` does not match ``pattern`` as a regular expression.</doc>
<status status="PASS" start="2024-05-17T16:17:30.157876" elapsed="0.000506"/>
</kw>
<kw name="Should Match Regexp" owner="BuiltIn">
<arg>${json_data['results'][0]['picture']['medium']}</arg>
<arg>^https?://.*\.(?:png|jpe?g|gif|bmp)$</arg>
<doc>Fails if ``string`` does not match ``pattern`` as a regular expression.</doc>
<status status="PASS" start="2024-05-17T16:17:30.158591" elapsed="0.000392"/>
</kw>
<kw name="Should Match Regexp" owner="BuiltIn">
<arg>${json_data['results'][0]['picture']['thumbnail']}</arg>
<arg>^https?://.*\.(?:png|jpe?g|gif|bmp)$</arg>
<doc>Fails if ``string`` does not match ``pattern`` as a regular expression.</doc>
<status status="PASS" start="2024-05-17T16:17:30.159242" elapsed="0.000363"/>
</kw>
<kw name="Log" owner="BuiltIn">
<msg time="2024-05-17T16:17:30.160124" level="INFO">{'large': 'https://randomuser.me/api/portraits/women/18.jpg', 'medium': 'https://randomuser.me/api/portraits/med/women/18.jpg', 'thumbnail': 'https://randomuser.me/api/portraits/thumb/women/18.jpg'}</msg>
<arg>${json_data['results'][0]['picture']}</arg>
<doc>Logs the given message with the given level.</doc>
<status status="PASS" start="2024-05-17T16:17:30.159794" elapsed="0.000376"/>
</kw>
<status status="PASS" start="2024-05-17T16:17:30.085116" elapsed="0.075355"/>
</kw>
<kw name="Teste de Tipos de Dados - Postcode" owner="random-user-service">
<kw name="GET On Session" owner="RequestsLibrary">
<msg time="2024-05-17T16:17:30.258479" level="INFO">GET Request : url=https://randomuser.me/api 
 path_url=/api 
 headers={'User-Agent': 'python-requests/2.31.0', 'Accept-Encoding': 'gzip, deflate', 'Accept': '*/*', 'Connection': 'keep-alive'} 
 body=None 
 </msg>
<msg time="2024-05-17T16:17:30.258594" level="INFO">GET Response : url=https://randomuser.me/api 
 status=200, reason=OK 
 headers={'Date': 'Fri, 17 May 2024 16:17:30 GMT', 'Content-Type': 'application/json; charset=utf-8', 'Transfer-Encoding': 'chunked', 'Connection': 'keep-alive', 'X-Powered-By': 'Express', 'Access-Control-Allow-Origin': '*', 'Cache-Control': 'no-cache', 'ETag': 'W/"485-qQEHzrwP0OLxK7eohkdI20qGGak"', 'Vary': 'Accept-Encoding', 'Content-Encoding': 'gzip', 'CF-Cache-Status': 'DYNAMIC', 'Report-To': '{"endpoints":[{"url":"https:\\/\\/a.nel.cloudflare.com\\/report\\/v4?s=IFqQddXn68oQLQXgz3MH4alRjL7xSUDYRVWut5s9Me%2BEe%2Fwl9Qp%2BnIYUhUPBd%2FPocKWQdXw%2FNQuzufw4v2fbyC4%2B5z22Nb3Q1cqNhz%2B6BTHork65%2BWbtGKTYhP54Jxx7"}],"group":"cf-nel","max_age":604800}', 'NEL': '{"success_fraction":0,"report_to":"cf-nel","max_age":604800}', 'Server': 'cloudflare', 'CF-RAY': '8854eb0389291727-IAD', 'alt-svc': 'h3=":443"; ma=86400'} 
 body={"results":[{"gender":"female","name":{"title":"Mrs","first":"Andrea","last":"Golubović"},"location":{"street":{"number":446,"name":"Blačka"},"city":"Kanjiža","state":"Kolubara","country":"Serbia","postcode":62460,"coordinates":{"latitude":"56.4815","longitude":"110.2411"},"timezone":{"offset":"+2:00","description":"Kaliningrad, South Africa"}},"email":"andrea.golubovic@example.com","login":{"uuid":"02a80142-926a-4faa-adb5-1eda4f0f11a4","username":"goldenbird915","password":"rene","salt":"ixO0QN5Z","md5":"6c184c03ec8129864ba9a62be85c2b99","sha1":"7b514044b79cb302bfe714077ec284363663e686","sha256":"e872205ce84ed1ac6790e503756e8f6423cd521860d0f3eaaaff4ae6d8f7c8cc"},"dob":{"date":"1993-04-26T13:49:30.766Z","age":31},"registered":{"date":"2015-01-17T05:08:36.740Z","age":9},"phone":"030-9106-273","cell":"061-3917-441","id":{"name":"SID","value":"662881388"},"picture":{"large":"https://randomuser.me/api/portraits/women/29.jpg","medium":"https://randomuser.me/api/portraits/med/women/29.jpg","thumbnail":"https://randomuser.me/api/portraits/thumb/women/29.jpg"},"nat":"RS"}],"info":{"seed":"e20d260d5494b43b","results":1,"page":1,"version":"1.4"}} 
 </msg>
<msg time="2024-05-17T16:17:30.258682" level="INFO">/opt/hostedtoolcache/Python/3.12.3/x64/lib/python3.12/site-packages/urllib3/connectionpool.py:1103: InsecureRequestWarning: Unverified HTTPS request is being made to host 'randomuser.me'. Adding certificate verification is strongly advised. See: https://urllib3.readthedocs.io/en/latest/advanced-usage.html#tls-warnings
  warnings.warn(</msg>
<msg time="2024-05-17T16:17:30.258827" level="INFO">${response} = &lt;Response [200]&gt;</msg>
<var>${response}</var>
<arg>consultarAPI</arg>
<arg>/api</arg>
<doc>Sends a GET request on a previously created HTTP Session.</doc>
<status status="PASS" start="2024-05-17T16:17:30.160946" elapsed="0.097930"/>
</kw>
<kw name="Set Variable" owner="BuiltIn">
<msg time="2024-05-17T16:17:30.260273" level="INFO">${json_data} = {'results': [{'gender': 'female', 'name': {'title': 'Mrs', 'first': 'Andrea', 'last': 'Golubović'}, 'location': {'street': {'number': 446, 'name': 'Blačka'}, 'city': 'Kanjiža', 'state': 'Kolubara', 'c...</msg>
<var>${json_data}</var>
<arg>${response.json()}</arg>
<doc>Returns the given values which can then be assigned to a variables.</doc>
<status status="PASS" start="2024-05-17T16:17:30.259654" elapsed="0.000650"/>
</kw>
<kw name="Log" owner="BuiltIn">
<msg time="2024-05-17T16:17:30.260833" level="INFO">{'results': [{'gender': 'female', 'name': {'title': 'Mrs', 'first': 'Andrea', 'last': 'Golubović'}, 'location': {'street': {'number': 446, 'name': 'Blačka'}, 'city': 'Kanjiža', 'state': 'Kolubara', 'country': 'Serbia', 'postcode': 62460, 'coordinates': {'latitude': '56.4815', 'longitude': '110.2411'}, 'timezone': {'offset': '+2:00', 'description': 'Kaliningrad, South Africa'}}, 'email': 'andrea.golubovic@example.com', 'login': {'uuid': '02a80142-926a-4faa-adb5-1eda4f0f11a4', 'username': 'goldenbird915', 'password': 'rene', 'salt': 'ixO0QN5Z', 'md5': '6c184c03ec8129864ba9a62be85c2b99', 'sha1': '7b514044b79cb302bfe714077ec284363663e686', 'sha256': 'e872205ce84ed1ac6790e503756e8f6423cd521860d0f3eaaaff4ae6d8f7c8cc'}, 'dob': {'date': '1993-04-26T13:49:30.766Z', 'age': 31}, 'registered': {'date': '2015-01-17T05:08:36.740Z', 'age': 9}, 'phone': '030-9106-273', 'cell': '061-3917-441', 'id': {'name': 'SID', 'value': '662881388'}, 'picture': {'large': 'https://randomuser.me/api/portraits/women/29.jpg', 'medium': 'https://randomuser.me/api/portraits/med/women/29.jpg', 'thumbnail': 'https://randomuser.me/api/portraits/thumb/women/29.jpg'}, 'nat': 'RS'}], 'info': {'seed': 'e20d260d5494b43b', 'results': 1, 'page': 1, 'version': '1.4'}}</msg>
<arg>${json_data}</arg>
<doc>Logs the given message with the given level.</doc>
<status status="PASS" start="2024-05-17T16:17:30.260646" elapsed="0.000277"/>
</kw>
<kw name="Should Be Equal As Numbers" owner="BuiltIn">
<arg>${json_data['results'][0]['location']['postcode']}</arg>
<arg>${json_data['results'][0]['location']['postcode']}</arg>
<doc>Fails if objects are unequal after converting them to real numbers.</doc>
<status status="PASS" start="2024-05-17T16:17:30.261431" elapsed="0.000641"/>
</kw>
<kw name="Log" owner="BuiltIn">
<msg time="2024-05-17T16:17:30.262600" level="INFO">62460</msg>
<arg>${json_data['results'][0]['location']['postcode']}</arg>
<doc>Logs the given message with the given level.</doc>
<status status="PASS" start="2024-05-17T16:17:30.262267" elapsed="0.000373"/>
</kw>
<status status="PASS" start="2024-05-17T16:17:30.160709" elapsed="0.102194"/>
</kw>
<doc>Testa se os tipos de dados na resposta da API estão corretos.</doc>
<tag>testeTiposDados</tag>
<status status="PASS" start="2024-05-17T16:17:30.084548" elapsed="0.178571"/>
</test>
<test id="s1-s1-t5" name="Validar conteudo" line="35">
<kw name="Teste de Tipos de Conteudo" owner="random-user-service">
<kw name="GET On Session" owner="RequestsLibrary">
<msg time="2024-05-17T16:17:30.360376" level="INFO">GET Request : url=https://randomuser.me/api 
 path_url=/api 
 headers={'User-Agent': 'python-requests/2.31.0', 'Accept-Encoding': 'gzip, deflate', 'Accept': '*/*', 'Connection': 'keep-alive'} 
 body=None 
 </msg>
<msg time="2024-05-17T16:17:30.360476" level="INFO">GET Response : url=https://randomuser.me/api 
 status=200, reason=OK 
 headers={'Date': 'Fri, 17 May 2024 16:17:30 GMT', 'Content-Type': 'application/json; charset=utf-8', 'Transfer-Encoding': 'chunked', 'Connection': 'keep-alive', 'X-Powered-By': 'Express', 'Access-Control-Allow-Origin': '*', 'Cache-Control': 'no-cache', 'ETag': 'W/"488-mqfPpC6iN3rtGyiXuo88MfY3WzE"', 'Vary': 'Accept-Encoding', 'Content-Encoding': 'gzip', 'CF-Cache-Status': 'DYNAMIC', 'Report-To': '{"endpoints":[{"url":"https:\\/\\/a.nel.cloudflare.com\\/report\\/v4?s=T%2FxIXzLubdPhMtx%2FwUmyjRa4RBymIk3t13L410GmW1ZeDuitXa8Eq2UMNRb1jJ1wBAgdAg6AlAb%2F4GVIxaxLhUWxFzKenVYSYOBq2U%2FBM8siLT7PVL%2B3qHSKZc2P%2B0jS"}],"group":"cf-nel","max_age":604800}', 'NEL': '{"success_fraction":0,"report_to":"cf-nel","max_age":604800}', 'Server': 'cloudflare', 'CF-RAY': '8854eb042a021727-IAD', 'alt-svc': 'h3=":443"; ma=86400'} 
 body={"results":[{"gender":"female","name":{"title":"Ms","first":"Delphine","last":"Thompson"},"location":{"street":{"number":8687,"name":"36th Ave"},"city":"Armstrong","state":"New Brunswick","country":"Canada","postcode":"H8P 1V4","coordinates":{"latitude":"-66.1259","longitude":"177.6261"},"timezone":{"offset":"-2:00","description":"Mid-Atlantic"}},"email":"delphine.thompson@example.com","login":{"uuid":"5ed6d004-8bae-477e-a5d2-0a383d25decf","username":"blackbear712","password":"stevens","salt":"SP6CC65w","md5":"3f3c83168e3fa0634607f92a97032379","sha1":"0e0511af03dcd73f6391374b9ca891146e15ba74","sha256":"60d29ac26d80c96705eb51404cb74120584b01c1d94ca61f8764602de8dbdbc0"},"dob":{"date":"1957-06-21T07:57:38.908Z","age":66},"registered":{"date":"2012-07-25T22:55:33.974Z","age":11},"phone":"W13 W87-9794","cell":"J76 D04-5619","id":{"name":"SIN","value":"864159660"},"picture":{"large":"https://randomuser.me/api/portraits/women/22.jpg","medium":"https://randomuser.me/api/portraits/med/women/22.jpg","thumbnail":"https://randomuser.me/api/portraits/thumb/women/22.jpg"},"nat":"CA"}],"info":{"seed":"cea04c1dc77ec652","results":1,"page":1,"version":"1.4"}} 
 </msg>
<msg time="2024-05-17T16:17:30.360548" level="INFO">/opt/hostedtoolcache/Python/3.12.3/x64/lib/python3.12/site-packages/urllib3/connectionpool.py:1103: InsecureRequestWarning: Unverified HTTPS request is being made to host 'randomuser.me'. Adding certificate verification is strongly advised. See: https://urllib3.readthedocs.io/en/latest/advanced-usage.html#tls-warnings
  warnings.warn(</msg>
<msg time="2024-05-17T16:17:30.360667" level="INFO">${response} = &lt;Response [200]&gt;</msg>
<var>${response}</var>
<arg>consultarAPI</arg>
<arg>/api</arg>
<doc>Sends a GET request on a previously created HTTP Session.</doc>
<status status="PASS" start="2024-05-17T16:17:30.266050" elapsed="0.094644"/>
</kw>
<kw name="Set Variable" owner="BuiltIn">
<msg time="2024-05-17T16:17:30.361781" level="INFO">${json_data} = {'results': [{'gender': 'female', 'name': {'title': 'Ms', 'first': 'Delphine', 'last': 'Thompson'}, 'location': {'street': {'number': 8687, 'name': '36th Ave'}, 'city': 'Armstrong', 'state': 'New Brun...</msg>
<var>${json_data}</var>
<arg>${response.json()}</arg>
<doc>Returns the given values which can then be assigned to a variables.</doc>
<status status="PASS" start="2024-05-17T16:17:30.361234" elapsed="0.000575"/>
</kw>
<kw name="Set Variable" owner="BuiltIn">
<msg time="2024-05-17T16:17:30.362524" level="INFO">${name_title} = Ms</msg>
<var>${name_title}</var>
<arg>${json_data["results"][0]["name"]["title"]}</arg>
<doc>Returns the given values which can then be assigned to a variables.</doc>
<status status="PASS" start="2024-05-17T16:17:30.362131" elapsed="0.000418"/>
</kw>
<kw name="Create List" owner="BuiltIn">
<msg time="2024-05-17T16:17:30.363003" level="INFO">${allowed_titles} = ['Mr', 'Ms', 'Miss', 'Mrs', 'Madame', 'Monsieur']</msg>
<var>${allowed_titles}</var>
<arg>Mr</arg>
<arg>Ms</arg>
<arg>Miss</arg>
<arg>Mrs</arg>
<arg>Madame</arg>
<arg>Monsieur</arg>
<doc>Returns a list containing given items.</doc>
<status status="PASS" start="2024-05-17T16:17:30.362852" elapsed="0.000175"/>
</kw>
<kw name="List Should Contain Value" owner="Collections">
<msg time="2024-05-17T16:17:30.363554" level="INFO">False</msg>
<arg>${allowed_titles}</arg>
<arg>${name_title}</arg>
<doc>Fails if the ``value`` is not found from ``list``.</doc>
<status status="PASS" start="2024-05-17T16:17:30.363375" elapsed="0.000216"/>
</kw>
<kw name="Set Variable" owner="BuiltIn">
<msg time="2024-05-17T16:17:30.364328" level="INFO">${name_country} = CA</msg>
<var>${name_country}</var>
<arg>${json_data["results"][0]["nat"]}</arg>
<doc>Returns the given values which can then be assigned to a variables.</doc>
<status status="PASS" start="2024-05-17T16:17:30.363933" elapsed="0.000420"/>
</kw>
<kw name="Create List" owner="BuiltIn">
<msg time="2024-05-17T16:17:30.365297" level="INFO">${list_country} = ['AD', 'AE', 'AF', 'AG', 'AI', 'AL', 'AM', 'AO', 'AQ', 'AR', 'AS', 'AT', 'AU', 'AW', 'AX', 'AZ', 'BA', 'BB', 'BD', 'BE', 'BF', 'BG', 'BH', 'BI', 'BJ', 'BL', 'BM', 'BN', 'BO', 'BQ', 'BR', 'BS', 'BT', '...</msg>
<var>${list_country}</var>
<arg>AD</arg>
<arg>AE</arg>
<arg>AF</arg>
<arg>AG</arg>
<arg>AI</arg>
<arg>AL</arg>
<arg>AM</arg>
<arg>AO</arg>
<arg>AQ</arg>
<arg>AR</arg>
<arg>AS</arg>
<arg>AT</arg>
<arg>AU</arg>
<arg>AW</arg>
<arg>AX</arg>
<arg>AZ</arg>
<arg>BA</arg>
<arg>BB</arg>
<arg>BD</arg>
<arg>BE</arg>
<arg>BF</arg>
<arg>BG</arg>
<arg>BH</arg>
<arg>BI</arg>
<arg>BJ</arg>
<arg>BL</arg>
<arg>BM</arg>
<arg>BN</arg>
<arg>BO</arg>
<arg>BQ</arg>
<arg>BR</arg>
<arg>BS</arg>
<arg>BT</arg>
<arg>BV</arg>
<arg>BW</arg>
<arg>BY</arg>
<arg>BZ</arg>
<arg>CA</arg>
<arg>CC</arg>
<arg>CD</arg>
<arg>CF</arg>
<arg>CG</arg>
<arg>CH</arg>
<arg>CI</arg>
<arg>CK</arg>
<arg>CL</arg>
<arg>CM</arg>
<arg>CN</arg>
<arg>CO</arg>
<arg>CR</arg>
<arg>CU</arg>
<arg>CV</arg>
<arg>CW</arg>
<arg>CX</arg>
<arg>CY</arg>
<arg>CZ</arg>
<arg>DE</arg>
<arg>DJ</arg>
<arg>DK</arg>
<arg>DM</arg>
<arg>DO</arg>
<arg>DZ</arg>
<arg>EC</arg>
<arg>EE</arg>
<arg>EG</arg>
<arg>EH</arg>
<arg>ER</arg>
<arg>ES</arg>
<arg>ET</arg>
<arg>FI</arg>
<arg>FJ</arg>
<arg>FK</arg>
<arg>FM</arg>
<arg>FO</arg>
<arg>FR</arg>
<arg>GA</arg>
<arg>GB</arg>
<arg>GD</arg>
<arg>GE</arg>
<arg>GF</arg>
<arg>GG</arg>
<arg>GH</arg>
<arg>GI</arg>
<arg>GL</arg>
<arg>GM</arg>
<arg>GN</arg>
<arg>GP</arg>
<arg>GQ</arg>
<arg>GR</arg>
<arg>GS</arg>
<arg>GT</arg>
<arg>GU</arg>
<arg>GW</arg>
<arg>GY</arg>
<arg>HK</arg>
<arg>HM</arg>
<arg>HN</arg>
<arg>HR</arg>
<arg>HT</arg>
<arg>HU</arg>
<arg>ID</arg>
<arg>IE</arg>
<arg>IL</arg>
<arg>IM</arg>
<arg>IN</arg>
<arg>IO</arg>
<arg>IQ</arg>
<arg>IR</arg>
<arg>IS</arg>
<arg>IT</arg>
<arg>JE</arg>
<arg>JM</arg>
<arg>JO</arg>
<arg>JP</arg>
<arg>KE</arg>
<arg>KG</arg>
<arg>KH</arg>
<arg>KI</arg>
<arg>KM</arg>
<arg>KN</arg>
<arg>KP</arg>
<arg>KR</arg>
<arg>KW</arg>
<arg>KY</arg>
<arg>KZ</arg>
<arg>LA</arg>
<arg>LB</arg>
<arg>LC</arg>
<arg>LI</arg>
<arg>LK</arg>
<arg>LR</arg>
<arg>LS</arg>
<arg>LT</arg>
<arg>LU</arg>
<arg>LV</arg>
<arg>LY</arg>
<arg>MA</arg>
<arg>MC</arg>
<arg>MD</arg>
<arg>ME</arg>
<arg>MF</arg>
<arg>MG</arg>
<arg>MH</arg>
<arg>MK</arg>
<arg>ML</arg>
<arg>MM</arg>
<arg>MN</arg>
<arg>MO</arg>
<arg>MP</arg>
<arg>MQ</arg>
<arg>MR</arg>
<arg>MS</arg>
<arg>MT</arg>
<arg>MU</arg>
<arg>MV</arg>
<arg>MW</arg>
<arg>MX</arg>
<arg>MY</arg>
<arg>MZ</arg>
<arg>NA</arg>
<arg>NC</arg>
<arg>NE</arg>
<arg>NF</arg>
<arg>NG</arg>
<arg>NI</arg>
<arg>NL</arg>
<arg>NO</arg>
<arg>NP</arg>
<arg>NR</arg>
<arg>NU</arg>
<arg>NZ</arg>
<arg>OM</arg>
<arg>PA</arg>
<arg>PE</arg>
<arg>PF</arg>
<arg>PG</arg>
<arg>PH</arg>
<arg>PK</arg>
<arg>PL</arg>
<arg>PM</arg>
<arg>PN</arg>
<arg>PR</arg>
<arg>PS</arg>
<arg>PT</arg>
<arg>PW</arg>
<arg>PY</arg>
<arg>QA</arg>
<arg>RE</arg>
<arg>RO</arg>
<arg>RS</arg>
<arg>RU</arg>
<arg>RW</arg>
<arg>SA</arg>
<arg>SB</arg>
<arg>SC</arg>
<arg>SD</arg>
<arg>SE</arg>
<arg>SG</arg>
<arg>SH</arg>
<arg>SI</arg>
<arg>SJ</arg>
<arg>SK</arg>
<arg>SL</arg>
<arg>SM</arg>
<arg>SN</arg>
<arg>SO</arg>
<arg>SR</arg>
<arg>SS</arg>
<arg>ST</arg>
<arg>SV</arg>
<arg>SX</arg>
<arg>SY</arg>
<arg>SZ</arg>
<arg>TC</arg>
<arg>TD</arg>
<arg>TF</arg>
<arg>TG</arg>
<arg>TH</arg>
<arg>TJ</arg>
<arg>TK</arg>
<arg>TL</arg>
<arg>TM</arg>
<arg>TN</arg>
<arg>TO</arg>
<arg>TR</arg>
<arg>TT</arg>
<arg>TV</arg>
<arg>TW</arg>
<arg>TZ</arg>
<arg>UA</arg>
<arg>UG</arg>
<arg>UM</arg>
<arg>US</arg>
<arg>UY</arg>
<arg>UZ</arg>
<arg>VA</arg>
<arg>VC</arg>
<arg>VE</arg>
<arg>VG</arg>
<arg>VI</arg>
<arg>VN</arg>
<arg>VU</arg>
<arg>WF</arg>
<arg>WS</arg>
<arg>XK</arg>
<arg>YE</arg>
<arg>YT</arg>
<arg>ZA</arg>
<arg>ZM</arg>
<arg>ZW</arg>
<doc>Returns a list containing given items.</doc>
<status status="PASS" start="2024-05-17T16:17:30.364660" elapsed="0.000662"/>
</kw>
<kw name="List Should Contain Value" owner="Collections">
<msg time="2024-05-17T16:17:30.366311" level="INFO">False</msg>
<arg>${list_country}</arg>
<arg>${name_country}</arg>
<doc>Fails if the ``value`` is not found from ``list``.</doc>
<status status="PASS" start="2024-05-17T16:17:30.366109" elapsed="0.000238"/>
</kw>
<kw name="Run Keyword If" owner="BuiltIn">
<kw name="Should Be True" owner="BuiltIn">
<arg>${True}</arg>
<doc>Fails if the given condition is not true.</doc>
<status status="PASS" start="2024-05-17T16:17:30.367440" elapsed="0.000262"/>
</kw>
<arg>${json_data["results"][0]["location"]["coordinates"]["latitude"]} &gt;= -90 and ${json_data["results"][0]["location"]["coordinates"]["latitude"]} &lt;= 90</arg>
<arg>Should Be True</arg>
<arg>${True}</arg>
<doc>Runs the given keyword with the given arguments, if ``condition`` is true.</doc>
<status status="PASS" start="2024-05-17T16:17:30.366667" elapsed="0.001167"/>
</kw>
<kw name="Run Keyword If" owner="BuiltIn">
<kw name="Should Be True" owner="BuiltIn">
<arg>${True}</arg>
<doc>Fails if the given condition is not true.</doc>
<status status="PASS" start="2024-05-17T16:17:30.368729" elapsed="0.000140"/>
</kw>
<arg>${json_data["results"][0]["location"]["coordinates"]["longitude"]} &gt;= -180 and ${json_data["results"][0]["location"]["coordinates"]["longitude"]} &lt;= 180</arg>
<arg>Should Be True</arg>
<arg>${True}</arg>
<doc>Runs the given keyword with the given arguments, if ``condition`` is true.</doc>
<status status="PASS" start="2024-05-17T16:17:30.368027" elapsed="0.000966"/>
</kw>
<status status="PASS" start="2024-05-17T16:17:30.265721" elapsed="0.103407"/>
</kw>
<doc>Testa o conteúdo específico dos campos retornados pela API.</doc>
<tag>testeConteudo</tag>
<status status="PASS" start="2024-05-17T16:17:30.264973" elapsed="0.104310"/>
</test>
<status status="PASS" start="2024-05-17T16:17:29.566940" elapsed="0.804289"/>
</suite>
<status status="PASS" start="2024-05-17T16:17:29.552691" elapsed="0.823601"/>
</suite>
<statistics>
<total>
<stat pass="5" fail="0" skip="0">All Tests</stat>
</total>
<tag>
<stat pass="1" fail="0" skip="0">testeConteudo</stat>
<stat pass="1" fail="0" skip="0">testeEstruturaResposta</stat>
<stat pass="1" fail="0" skip="0">testeRequisicaoBasica</stat>
<stat pass="1" fail="0" skip="0">testeTiposDados</stat>
</tag>
<suite>
<stat pass="5" fail="0" skip="0" id="s1" name="Tests">Tests</stat>
<stat pass="5" fail="0" skip="0" id="s1-s1" name="Random-User-Test">Tests.Random-User-Test</stat>
</suite>
</statistics>
<errors>
</errors>
</robot>
