<?xml version="1.0" encoding="UTF-8"?>
<robot generator="Robot 7.0 (Python 3.12.3 on linux)" generated="2024-06-04T17:13:18.671343" rpa="false" schemaversion="5">
<suite id="s1" name="Tests" source="/home/runner/work/ApiRandomUser/ApiRandomUser/RamdonUser/tests">
<suite id="s1-s1" name="Random-User-Test" source="/home/runner/work/ApiRandomUser/ApiRandomUser/RamdonUser/tests/random-user-test.robot">
<test id="s1-s1-t1" name="Conectar" line="13">
<kw name="Conectar API" owner="random-user-service">
<kw name="Create Session" owner="RequestsLibrary">
<msg time="2024-06-04T17:13:19.114868" level="INFO">Creating Session using : alias=consultarAPI, url=https://randomuser.me/, headers={},                     cookies={}, auth=None, timeout=None, proxies=None, verify=False,                     debug=0 </msg>
<arg>consultarAPI</arg>
<arg>${URL}</arg>
<doc>Create Session: create a HTTP session to a server</doc>
<status status="PASS" start="2024-06-04T17:13:19.114649" elapsed="0.000435"/>
</kw>
<status status="PASS" start="2024-06-04T17:13:19.113606" elapsed="0.001904"/>
</kw>
<status status="PASS" start="2024-06-04T17:13:19.113028" elapsed="0.002687"/>
</test>
<test id="s1-s1-t2" name="Validar retorno 200 e JSON Válido" line="16">
<kw name="Teste de Requisicao Basica" owner="random-user-service">
<kw name="GET On Session" owner="RequestsLibrary">
<msg time="2024-06-04T17:13:19.305977" level="INFO">GET Request : url=https://randomuser.me/api 
 path_url=/api 
 headers={'User-Agent': 'python-requests/2.32.3', 'Accept-Encoding': 'gzip, deflate', 'Accept': '*/*', 'Connection': 'keep-alive'} 
 body=None 
 </msg>
<msg time="2024-06-04T17:13:19.306146" level="INFO">GET Response : url=https://randomuser.me/api 
 status=200, reason=OK 
 headers={'Date': 'Tue, 04 Jun 2024 17:13:19 GMT', 'Content-Type': 'application/json; charset=utf-8', 'Transfer-Encoding': 'chunked', 'Connection': 'keep-alive', 'X-Powered-By': 'Express', 'Access-Control-Allow-Origin': '*', 'Cache-Control': 'no-cache', 'ETag': 'W/"48d-858/Jvk+Y6xpd7AEu55Sozigktg"', 'Vary': 'Accept-Encoding', 'Content-Encoding': 'gzip', 'CF-Cache-Status': 'DYNAMIC', 'Report-To': '{"endpoints":[{"url":"https:\\/\\/a.nel.cloudflare.com\\/report\\/v4?s=zm9ii4TB4SVExauDmNgMpagn5%2BspyFuO2qFYohIqYgOsrodmIoddKi0vAPu4Aq3N3ysHKz66sMQ4CFFq5opSdFDIeyicd3qWgjv88R1pgu8hJAuyVBfCj%2Bu%2FztbHzgUP"}],"group":"cf-nel","max_age":604800}', 'NEL': '{"success_fraction":0,"report_to":"cf-nel","max_age":604800}', 'Server': 'cloudflare', 'CF-RAY': '88e98d876ac3639e-ORD', 'alt-svc': 'h3=":443"; ma=86400'} 
 body={"results":[{"gender":"female","name":{"title":"Miss","first":"Sedef","last":"Erdoğan"},"location":{"street":{"number":9584,"name":"Istiklal Cd"},"city":"Malatya","state":"Giresun","country":"Turkey","postcode":96970,"coordinates":{"latitude":"72.8559","longitude":"107.6293"},"timezone":{"offset":"+3:00","description":"Baghdad, Riyadh, Moscow, St. Petersburg"}},"email":"sedef.erdogan@example.com","login":{"uuid":"e538f785-f088-4ccf-b1b7-213e7c199549","username":"heavycat192","password":"pictuers","salt":"aGHYU0oe","md5":"e86e9d4c2525ee70634d52176ae0edd0","sha1":"ed67431213e34981b33e5bf5acde537a1ccad7c2","sha256":"bfd4c0d7db8b4024a73f75db8bc09f7864a153fe2670967d1d550caab9391bd0"},"dob":{"date":"1956-12-05T18:52:14.994Z","age":67},"registered":{"date":"2020-11-30T11:51:24.375Z","age":3},"phone":"(705)-532-5336","cell":"(293)-355-0849","id":{"name":"","value":null},"picture":{"large":"https://randomuser.me/api/portraits/women/47.jpg","medium":"https://randomuser.me/api/portraits/med/women/47.jpg","thumbnail":"https://randomuser.me/api/portraits/thumb/women/47.jpg"},"nat":"TR"}],"info":{"seed":"244692016fbefdd2","results":1,"page":1,"version":"1.4"}} 
 </msg>
<msg time="2024-06-04T17:13:19.306238" level="INFO">/opt/hostedtoolcache/Python/3.12.3/x64/lib/python3.12/site-packages/urllib3/connectionpool.py:1103: InsecureRequestWarning: Unverified HTTPS request is being made to host 'randomuser.me'. Adding certificate verification is strongly advised. See: https://urllib3.readthedocs.io/en/latest/advanced-usage.html#tls-warnings
  warnings.warn(</msg>
<msg time="2024-06-04T17:13:19.306383" level="INFO">${response} = &lt;Response [200]&gt;</msg>
<var>${response}</var>
<arg>consultarAPI</arg>
<arg>/api</arg>
<doc>Sends a GET request on a previously created HTTP Session.</doc>
<status status="PASS" start="2024-06-04T17:13:19.118573" elapsed="0.187848"/>
</kw>
<kw name="Should Be Equal As Numbers" owner="BuiltIn">
<msg time="2024-06-04T17:13:19.307467" level="INFO">Argument types are:
&lt;class 'int'&gt;
&lt;class 'str'&gt;</msg>
<arg>${response.status_code}</arg>
<arg>200</arg>
<doc>Fails if objects are unequal after converting them to real numbers.</doc>
<status status="PASS" start="2024-06-04T17:13:19.307001" elapsed="0.000532"/>
</kw>
<kw name="Log" owner="BuiltIn">
<msg time="2024-06-04T17:13:19.308255" level="INFO">200</msg>
<arg>${response.status_code}</arg>
<doc>Logs the given message with the given level.</doc>
<status status="PASS" start="2024-06-04T17:13:19.307886" elapsed="0.000416"/>
</kw>
<kw name="Set Variable" owner="BuiltIn">
<msg time="2024-06-04T17:13:19.309103" level="INFO">${json_data} = {'results': [{'gender': 'female', 'name': {'title': 'Miss', 'first': 'Sedef', 'last': 'Erdoğan'}, 'location': {'street': {'number': 9584, 'name': 'Istiklal Cd'}, 'city': 'Malatya', 'state': 'Giresun',...</msg>
<var>${json_data}</var>
<arg>${response.json()}</arg>
<doc>Returns the given values which can then be assigned to a variables.</doc>
<status status="PASS" start="2024-06-04T17:13:19.308612" elapsed="0.000522"/>
</kw>
<kw name="Dictionary Should Contain Key" owner="Collections">
<msg time="2024-06-04T17:13:19.309617" level="INFO">False</msg>
<arg>${json_data}</arg>
<arg>results</arg>
<doc>Fails if ``key`` is not found from ``dictionary``.</doc>
<status status="PASS" start="2024-06-04T17:13:19.309441" elapsed="0.000216"/>
</kw>
<status status="PASS" start="2024-06-04T17:13:19.118271" elapsed="0.191648"/>
</kw>
<doc>Testa se a API responde corretamente e retorna um objeto JSON válido.</doc>
<tag>testeRequisicaoBasica</tag>
<status status="PASS" start="2024-06-04T17:13:19.117736" elapsed="0.192367"/>
</test>
<test id="s1-s1-t3" name="Validar estrutura de resposta" line="22">
<kw name="Teste de Estrutura de Resposta" owner="random-user-service">
<kw name="GET On Session" owner="RequestsLibrary">
<msg time="2024-06-04T17:13:19.398837" level="INFO">GET Request : url=https://randomuser.me/api 
 path_url=/api 
 headers={'User-Agent': 'python-requests/2.32.3', 'Accept-Encoding': 'gzip, deflate', 'Accept': '*/*', 'Connection': 'keep-alive'} 
 body=None 
 </msg>
<msg time="2024-06-04T17:13:19.398954" level="INFO">GET Response : url=https://randomuser.me/api 
 status=200, reason=OK 
 headers={'Date': 'Tue, 04 Jun 2024 17:13:19 GMT', 'Content-Type': 'application/json; charset=utf-8', 'Transfer-Encoding': 'chunked', 'Connection': 'keep-alive', 'X-Powered-By': 'Express', 'Access-Control-Allow-Origin': '*', 'Cache-Control': 'no-cache', 'ETag': 'W/"488-oHfq59k2iFIy+yop2ljxb9pGgIA"', 'Vary': 'Accept-Encoding', 'Content-Encoding': 'gzip', 'CF-Cache-Status': 'DYNAMIC', 'Report-To': '{"endpoints":[{"url":"https:\\/\\/a.nel.cloudflare.com\\/report\\/v4?s=bFo5j8Vjbmuq%2BNbTw8C88ksx99Jjh0yh0K7TVksJF22W97%2BHFixuaeEA39ks%2B3LIlA5WtGj8rqvgzDEuNMPUjvkugu7MBJLOWmMGTqz4J6vwk4hZ0Z6Pel%2FtLpk8wcL5"}],"group":"cf-nel","max_age":604800}', 'NEL': '{"success_fraction":0,"report_to":"cf-nel","max_age":604800}', 'Server': 'cloudflare', 'CF-RAY': '88e98d87bb2f639e-ORD', 'alt-svc': 'h3=":443"; ma=86400'} 
 body={"results":[{"gender":"female","name":{"title":"Miss","first":"Diana","last":"Watkins"},"location":{"street":{"number":5549,"name":"Brown Terrace"},"city":"Memphis","state":"Massachusetts","country":"United States","postcode":27641,"coordinates":{"latitude":"84.5340","longitude":"22.4849"},"timezone":{"offset":"-9:00","description":"Alaska"}},"email":"diana.watkins@example.com","login":{"uuid":"4f018086-3f7b-48d1-815e-718dffa50a01","username":"whiteladybug196","password":"flower1","salt":"7CSI1hVh","md5":"a43f84957b58b9d19abffbc28731148d","sha1":"e0c80f2493527eab71e272522cfacbdb3dfb32a8","sha256":"50178e91a3fe50efd1a2ce141def437a4e2bad81b2f88e7daf5707775e433bc3"},"dob":{"date":"1974-10-17T10:44:19.783Z","age":49},"registered":{"date":"2018-10-06T03:38:09.958Z","age":5},"phone":"(963) 260-0463","cell":"(756) 983-6960","id":{"name":"SSN","value":"353-87-0918"},"picture":{"large":"https://randomuser.me/api/portraits/women/95.jpg","medium":"https://randomuser.me/api/portraits/med/women/95.jpg","thumbnail":"https://randomuser.me/api/portraits/thumb/women/95.jpg"},"nat":"US"}],"info":{"seed":"08b379038885d568","results":1,"page":1,"version":"1.4"}} 
 </msg>
<msg time="2024-06-04T17:13:19.399103" level="INFO">/opt/hostedtoolcache/Python/3.12.3/x64/lib/python3.12/site-packages/urllib3/connectionpool.py:1103: InsecureRequestWarning: Unverified HTTPS request is being made to host 'randomuser.me'. Adding certificate verification is strongly advised. See: https://urllib3.readthedocs.io/en/latest/advanced-usage.html#tls-warnings
  warnings.warn(</msg>
<msg time="2024-06-04T17:13:19.399244" level="INFO">${response} = &lt;Response [200]&gt;</msg>
<var>${response}</var>
<arg>consultarAPI</arg>
<arg>/api</arg>
<doc>Sends a GET request on a previously created HTTP Session.</doc>
<status status="PASS" start="2024-06-04T17:13:19.313363" elapsed="0.085919"/>
</kw>
<kw name="Set Variable" owner="BuiltIn">
<msg time="2024-06-04T17:13:19.400443" level="INFO">${json_data} = {'results': [{'gender': 'female', 'name': {'title': 'Miss', 'first': 'Diana', 'last': 'Watkins'}, 'location': {'street': {'number': 5549, 'name': 'Brown Terrace'}, 'city': 'Memphis', 'state': 'Massach...</msg>
<var>${json_data}</var>
<arg>${response.json()}</arg>
<doc>Returns the given values which can then be assigned to a variables.</doc>
<status status="PASS" start="2024-06-04T17:13:19.399864" elapsed="0.000612"/>
</kw>
<kw name="Log" owner="BuiltIn">
<msg time="2024-06-04T17:13:19.401056" level="INFO">{'results': [{'gender': 'female', 'name': {'title': 'Miss', 'first': 'Diana', 'last': 'Watkins'}, 'location': {'street': {'number': 5549, 'name': 'Brown Terrace'}, 'city': 'Memphis', 'state': 'Massachusetts', 'country': 'United States', 'postcode': 27641, 'coordinates': {'latitude': '84.5340', 'longitude': '22.4849'}, 'timezone': {'offset': '-9:00', 'description': 'Alaska'}}, 'email': 'diana.watkins@example.com', 'login': {'uuid': '4f018086-3f7b-48d1-815e-718dffa50a01', 'username': 'whiteladybug196', 'password': 'flower1', 'salt': '7CSI1hVh', 'md5': 'a43f84957b58b9d19abffbc28731148d', 'sha1': 'e0c80f2493527eab71e272522cfacbdb3dfb32a8', 'sha256': '50178e91a3fe50efd1a2ce141def437a4e2bad81b2f88e7daf5707775e433bc3'}, 'dob': {'date': '1974-10-17T10:44:19.783Z', 'age': 49}, 'registered': {'date': '2018-10-06T03:38:09.958Z', 'age': 5}, 'phone': '(963) 260-0463', 'cell': '(756) 983-6960', 'id': {'name': 'SSN', 'value': '353-87-0918'}, 'picture': {'large': 'https://randomuser.me/api/portraits/women/95.jpg', 'medium': 'https://randomuser.me/api/portraits/med/women/95.jpg', 'thumbnail': 'https://randomuser.me/api/portraits/thumb/women/95.jpg'}, 'nat': 'US'}], 'info': {'seed': '08b379038885d568', 'results': 1, 'page': 1, 'version': '1.4'}}</msg>
<arg>${json_data}</arg>
<doc>Logs the given message with the given level.</doc>
<status status="PASS" start="2024-06-04T17:13:19.400879" elapsed="0.000233"/>
</kw>
<kw name="Dictionary Should Contain Key" owner="Collections">
<msg time="2024-06-04T17:13:19.401606" level="INFO">False</msg>
<arg>${json_data}</arg>
<arg>results</arg>
<doc>Fails if ``key`` is not found from ``dictionary``.</doc>
<status status="PASS" start="2024-06-04T17:13:19.401433" elapsed="0.000213"/>
</kw>
<kw name="Should Not Be Empty" owner="BuiltIn">
<msg time="2024-06-04T17:13:19.402100" level="INFO">Length is 2.</msg>
<arg>${json_data}</arg>
<doc>Verifies that the given item is not empty.</doc>
<status status="PASS" start="2024-06-04T17:13:19.401960" elapsed="0.000179"/>
</kw>
<kw name="Create List" owner="BuiltIn">
<msg time="2024-06-04T17:13:19.402777" level="INFO">${expected_keys} = ['gender', 'name', 'location', 'email', 'login']</msg>
<var>${expected_keys}</var>
<arg>gender</arg>
<arg>name</arg>
<arg>location</arg>
<arg>email</arg>
<arg>login</arg>
<doc>Returns a list containing given items.</doc>
<status status="PASS" start="2024-06-04T17:13:19.402432" elapsed="0.000370"/>
</kw>
<for flavor="IN">
<iter>
<kw name="Dictionary Should Contain Key" owner="Collections">
<msg time="2024-06-04T17:13:19.403884" level="INFO">False</msg>
<arg>${json_data['results'][0]}</arg>
<arg>${key}</arg>
<doc>Fails if ``key`` is not found from ``dictionary``.</doc>
<status status="PASS" start="2024-06-04T17:13:19.403432" elapsed="0.000492"/>
</kw>
<kw name="Log" owner="BuiltIn">
<msg time="2024-06-04T17:13:19.404625" level="INFO">{'gender': 'female', 'name': {'title': 'Miss', 'first': 'Diana', 'last': 'Watkins'}, 'location': {'street': {'number': 5549, 'name': 'Brown Terrace'}, 'city': 'Memphis', 'state': 'Massachusetts', 'country': 'United States', 'postcode': 27641, 'coordinates': {'latitude': '84.5340', 'longitude': '22.4849'}, 'timezone': {'offset': '-9:00', 'description': 'Alaska'}}, 'email': 'diana.watkins@example.com', 'login': {'uuid': '4f018086-3f7b-48d1-815e-718dffa50a01', 'username': 'whiteladybug196', 'password': 'flower1', 'salt': '7CSI1hVh', 'md5': 'a43f84957b58b9d19abffbc28731148d', 'sha1': 'e0c80f2493527eab71e272522cfacbdb3dfb32a8', 'sha256': '50178e91a3fe50efd1a2ce141def437a4e2bad81b2f88e7daf5707775e433bc3'}, 'dob': {'date': '1974-10-17T10:44:19.783Z', 'age': 49}, 'registered': {'date': '2018-10-06T03:38:09.958Z', 'age': 5}, 'phone': '(963) 260-0463', 'cell': '(756) 983-6960', 'id': {'name': 'SSN', 'value': '353-87-0918'}, 'picture': {'large': 'https://randomuser.me/api/portraits/women/95.jpg', 'medium': 'https://randomuser.me/api/portraits/med/women/95.jpg', 'thumbnail': 'https://randomuser.me/api/portraits/thumb/women/95.jpg'}, 'nat': 'US'}</msg>
<arg>${json_data['results'][0]}</arg>
<doc>Logs the given message with the given level.</doc>
<status status="PASS" start="2024-06-04T17:13:19.404233" elapsed="0.000441"/>
</kw>
<kw name="Log" owner="BuiltIn">
<msg time="2024-06-04T17:13:19.405143" level="INFO">gender</msg>
<arg>${key}</arg>
<doc>Logs the given message with the given level.</doc>
<status status="PASS" start="2024-06-04T17:13:19.405011" elapsed="0.000169"/>
</kw>
<var name="${key}">gender</var>
<status status="PASS" start="2024-06-04T17:13:19.403298" elapsed="0.002098"/>
</iter>
<iter>
<kw name="Dictionary Should Contain Key" owner="Collections">
<msg time="2024-06-04T17:13:19.406122" level="INFO">False</msg>
<arg>${json_data['results'][0]}</arg>
<arg>${key}</arg>
<doc>Fails if ``key`` is not found from ``dictionary``.</doc>
<status status="PASS" start="2024-06-04T17:13:19.405721" elapsed="0.000439"/>
</kw>
<kw name="Log" owner="BuiltIn">
<msg time="2024-06-04T17:13:19.406851" level="INFO">{'gender': 'female', 'name': {'title': 'Miss', 'first': 'Diana', 'last': 'Watkins'}, 'location': {'street': {'number': 5549, 'name': 'Brown Terrace'}, 'city': 'Memphis', 'state': 'Massachusetts', 'country': 'United States', 'postcode': 27641, 'coordinates': {'latitude': '84.5340', 'longitude': '22.4849'}, 'timezone': {'offset': '-9:00', 'description': 'Alaska'}}, 'email': 'diana.watkins@example.com', 'login': {'uuid': '4f018086-3f7b-48d1-815e-718dffa50a01', 'username': 'whiteladybug196', 'password': 'flower1', 'salt': '7CSI1hVh', 'md5': 'a43f84957b58b9d19abffbc28731148d', 'sha1': 'e0c80f2493527eab71e272522cfacbdb3dfb32a8', 'sha256': '50178e91a3fe50efd1a2ce141def437a4e2bad81b2f88e7daf5707775e433bc3'}, 'dob': {'date': '1974-10-17T10:44:19.783Z', 'age': 49}, 'registered': {'date': '2018-10-06T03:38:09.958Z', 'age': 5}, 'phone': '(963) 260-0463', 'cell': '(756) 983-6960', 'id': {'name': 'SSN', 'value': '353-87-0918'}, 'picture': {'large': 'https://randomuser.me/api/portraits/women/95.jpg', 'medium': 'https://randomuser.me/api/portraits/med/women/95.jpg', 'thumbnail': 'https://randomuser.me/api/portraits/thumb/women/95.jpg'}, 'nat': 'US'}</msg>
<arg>${json_data['results'][0]}</arg>
<doc>Logs the given message with the given level.</doc>
<status status="PASS" start="2024-06-04T17:13:19.406490" elapsed="0.000418"/>
</kw>
<kw name="Log" owner="BuiltIn">
<msg time="2024-06-04T17:13:19.407331" level="INFO">name</msg>
<arg>${key}</arg>
<doc>Logs the given message with the given level.</doc>
<status status="PASS" start="2024-06-04T17:13:19.407205" elapsed="0.000163"/>
</kw>
<var name="${key}">name</var>
<status status="PASS" start="2024-06-04T17:13:19.405597" elapsed="0.001986"/>
</iter>
<iter>
<kw name="Dictionary Should Contain Key" owner="Collections">
<msg time="2024-06-04T17:13:19.408274" level="INFO">False</msg>
<arg>${json_data['results'][0]}</arg>
<arg>${key}</arg>
<doc>Fails if ``key`` is not found from ``dictionary``.</doc>
<status status="PASS" start="2024-06-04T17:13:19.407878" elapsed="0.000434"/>
</kw>
<kw name="Log" owner="BuiltIn">
<msg time="2024-06-04T17:13:19.409004" level="INFO">{'gender': 'female', 'name': {'title': 'Miss', 'first': 'Diana', 'last': 'Watkins'}, 'location': {'street': {'number': 5549, 'name': 'Brown Terrace'}, 'city': 'Memphis', 'state': 'Massachusetts', 'country': 'United States', 'postcode': 27641, 'coordinates': {'latitude': '84.5340', 'longitude': '22.4849'}, 'timezone': {'offset': '-9:00', 'description': 'Alaska'}}, 'email': 'diana.watkins@example.com', 'login': {'uuid': '4f018086-3f7b-48d1-815e-718dffa50a01', 'username': 'whiteladybug196', 'password': 'flower1', 'salt': '7CSI1hVh', 'md5': 'a43f84957b58b9d19abffbc28731148d', 'sha1': 'e0c80f2493527eab71e272522cfacbdb3dfb32a8', 'sha256': '50178e91a3fe50efd1a2ce141def437a4e2bad81b2f88e7daf5707775e433bc3'}, 'dob': {'date': '1974-10-17T10:44:19.783Z', 'age': 49}, 'registered': {'date': '2018-10-06T03:38:09.958Z', 'age': 5}, 'phone': '(963) 260-0463', 'cell': '(756) 983-6960', 'id': {'name': 'SSN', 'value': '353-87-0918'}, 'picture': {'large': 'https://randomuser.me/api/portraits/women/95.jpg', 'medium': 'https://randomuser.me/api/portraits/med/women/95.jpg', 'thumbnail': 'https://randomuser.me/api/portraits/thumb/women/95.jpg'}, 'nat': 'US'}</msg>
<arg>${json_data['results'][0]}</arg>
<doc>Logs the given message with the given level.</doc>
<status status="PASS" start="2024-06-04T17:13:19.408609" elapsed="0.000446"/>
</kw>
<kw name="Log" owner="BuiltIn">
<msg time="2024-06-04T17:13:19.409494" level="INFO">location</msg>
<arg>${key}</arg>
<doc>Logs the given message with the given level.</doc>
<status status="PASS" start="2024-06-04T17:13:19.409361" elapsed="0.000173"/>
</kw>
<var name="${key}">location</var>
<status status="PASS" start="2024-06-04T17:13:19.407764" elapsed="0.001989"/>
</iter>
<iter>
<kw name="Dictionary Should Contain Key" owner="Collections">
<msg time="2024-06-04T17:13:19.410449" level="INFO">False</msg>
<arg>${json_data['results'][0]}</arg>
<arg>${key}</arg>
<doc>Fails if ``key`` is not found from ``dictionary``.</doc>
<status status="PASS" start="2024-06-04T17:13:19.410054" elapsed="0.000432"/>
</kw>
<kw name="Log" owner="BuiltIn">
<msg time="2024-06-04T17:13:19.411151" level="INFO">{'gender': 'female', 'name': {'title': 'Miss', 'first': 'Diana', 'last': 'Watkins'}, 'location': {'street': {'number': 5549, 'name': 'Brown Terrace'}, 'city': 'Memphis', 'state': 'Massachusetts', 'country': 'United States', 'postcode': 27641, 'coordinates': {'latitude': '84.5340', 'longitude': '22.4849'}, 'timezone': {'offset': '-9:00', 'description': 'Alaska'}}, 'email': 'diana.watkins@example.com', 'login': {'uuid': '4f018086-3f7b-48d1-815e-718dffa50a01', 'username': 'whiteladybug196', 'password': 'flower1', 'salt': '7CSI1hVh', 'md5': 'a43f84957b58b9d19abffbc28731148d', 'sha1': 'e0c80f2493527eab71e272522cfacbdb3dfb32a8', 'sha256': '50178e91a3fe50efd1a2ce141def437a4e2bad81b2f88e7daf5707775e433bc3'}, 'dob': {'date': '1974-10-17T10:44:19.783Z', 'age': 49}, 'registered': {'date': '2018-10-06T03:38:09.958Z', 'age': 5}, 'phone': '(963) 260-0463', 'cell': '(756) 983-6960', 'id': {'name': 'SSN', 'value': '353-87-0918'}, 'picture': {'large': 'https://randomuser.me/api/portraits/women/95.jpg', 'medium': 'https://randomuser.me/api/portraits/med/women/95.jpg', 'thumbnail': 'https://randomuser.me/api/portraits/thumb/women/95.jpg'}, 'nat': 'US'}</msg>
<arg>${json_data['results'][0]}</arg>
<doc>Logs the given message with the given level.</doc>
<status status="PASS" start="2024-06-04T17:13:19.410787" elapsed="0.000414"/>
</kw>
<kw name="Log" owner="BuiltIn">
<msg time="2024-06-04T17:13:19.411620" level="INFO">email</msg>
<arg>${key}</arg>
<doc>Logs the given message with the given level.</doc>
<status status="PASS" start="2024-06-04T17:13:19.411494" elapsed="0.000164"/>
</kw>
<var name="${key}">email</var>
<status status="PASS" start="2024-06-04T17:13:19.409933" elapsed="0.001936"/>
</iter>
<iter>
<kw name="Dictionary Should Contain Key" owner="Collections">
<msg time="2024-06-04T17:13:19.412554" level="INFO">False</msg>
<arg>${json_data['results'][0]}</arg>
<arg>${key}</arg>
<doc>Fails if ``key`` is not found from ``dictionary``.</doc>
<status status="PASS" start="2024-06-04T17:13:19.412155" elapsed="0.000437"/>
</kw>
<kw name="Log" owner="BuiltIn">
<msg time="2024-06-04T17:13:19.413301" level="INFO">{'gender': 'female', 'name': {'title': 'Miss', 'first': 'Diana', 'last': 'Watkins'}, 'location': {'street': {'number': 5549, 'name': 'Brown Terrace'}, 'city': 'Memphis', 'state': 'Massachusetts', 'country': 'United States', 'postcode': 27641, 'coordinates': {'latitude': '84.5340', 'longitude': '22.4849'}, 'timezone': {'offset': '-9:00', 'description': 'Alaska'}}, 'email': 'diana.watkins@example.com', 'login': {'uuid': '4f018086-3f7b-48d1-815e-718dffa50a01', 'username': 'whiteladybug196', 'password': 'flower1', 'salt': '7CSI1hVh', 'md5': 'a43f84957b58b9d19abffbc28731148d', 'sha1': 'e0c80f2493527eab71e272522cfacbdb3dfb32a8', 'sha256': '50178e91a3fe50efd1a2ce141def437a4e2bad81b2f88e7daf5707775e433bc3'}, 'dob': {'date': '1974-10-17T10:44:19.783Z', 'age': 49}, 'registered': {'date': '2018-10-06T03:38:09.958Z', 'age': 5}, 'phone': '(963) 260-0463', 'cell': '(756) 983-6960', 'id': {'name': 'SSN', 'value': '353-87-0918'}, 'picture': {'large': 'https://randomuser.me/api/portraits/women/95.jpg', 'medium': 'https://randomuser.me/api/portraits/med/women/95.jpg', 'thumbnail': 'https://randomuser.me/api/portraits/thumb/women/95.jpg'}, 'nat': 'US'}</msg>
<arg>${json_data['results'][0]}</arg>
<doc>Logs the given message with the given level.</doc>
<status status="PASS" start="2024-06-04T17:13:19.412926" elapsed="0.000427"/>
</kw>
<kw name="Log" owner="BuiltIn">
<msg time="2024-06-04T17:13:19.413777" level="INFO">login</msg>
<arg>${key}</arg>
<doc>Logs the given message with the given level.</doc>
<status status="PASS" start="2024-06-04T17:13:19.413649" elapsed="0.000167"/>
</kw>
<var name="${key}">login</var>
<status status="PASS" start="2024-06-04T17:13:19.412043" elapsed="0.002022"/>
</iter>
<var>${key}</var>
<value>@{expected_keys}</value>
<status status="PASS" start="2024-06-04T17:13:19.403075" elapsed="0.011120"/>
</for>
<kw name="Create List" owner="BuiltIn">
<msg time="2024-06-04T17:13:19.414558" level="INFO">${expected_keysTwo} = ['username', 'password']</msg>
<var>${expected_keysTwo}</var>
<arg>username</arg>
<arg>password</arg>
<doc>Returns a list containing given items.</doc>
<status status="PASS" start="2024-06-04T17:13:19.414415" elapsed="0.000166"/>
</kw>
<for flavor="IN">
<iter>
<kw name="Dictionary Should Contain Key" owner="Collections">
<msg time="2024-06-04T17:13:19.415500" level="INFO">False</msg>
<arg>${json_data['results'][0]['login']}</arg>
<arg>${keyTwo}</arg>
<doc>Fails if ``key`` is not found from ``dictionary``.</doc>
<status status="PASS" start="2024-06-04T17:13:19.415100" elapsed="0.000440"/>
</kw>
<kw name="Dictionary Should Contain Key" owner="Collections">
<msg time="2024-06-04T17:13:19.416268" level="INFO">False</msg>
<arg>${json_data['results'][0]['login']}</arg>
<arg>${keyTwo}</arg>
<doc>Fails if ``key`` is not found from ``dictionary``.</doc>
<status status="PASS" start="2024-06-04T17:13:19.415841" elapsed="0.000465"/>
</kw>
<kw name="Log" owner="BuiltIn">
<msg time="2024-06-04T17:13:19.416730" level="INFO">username</msg>
<arg>${keyTwo}</arg>
<doc>Logs the given message with the given level.</doc>
<status status="PASS" start="2024-06-04T17:13:19.416603" elapsed="0.000164"/>
</kw>
<var name="${keyTwo}">username</var>
<status status="PASS" start="2024-06-04T17:13:19.414989" elapsed="0.002018"/>
</iter>
<iter>
<kw name="Dictionary Should Contain Key" owner="Collections">
<msg time="2024-06-04T17:13:19.417721" level="INFO">False</msg>
<arg>${json_data['results'][0]['login']}</arg>
<arg>${keyTwo}</arg>
<doc>Fails if ``key`` is not found from ``dictionary``.</doc>
<status status="PASS" start="2024-06-04T17:13:19.417334" elapsed="0.000425"/>
</kw>
<kw name="Dictionary Should Contain Key" owner="Collections">
<msg time="2024-06-04T17:13:19.418542" level="INFO">False</msg>
<arg>${json_data['results'][0]['login']}</arg>
<arg>${keyTwo}</arg>
<doc>Fails if ``key`` is not found from ``dictionary``.</doc>
<status status="PASS" start="2024-06-04T17:13:19.418054" elapsed="0.000529"/>
</kw>
<kw name="Log" owner="BuiltIn">
<msg time="2024-06-04T17:13:19.419003" level="INFO">password</msg>
<arg>${keyTwo}</arg>
<doc>Logs the given message with the given level.</doc>
<status status="PASS" start="2024-06-04T17:13:19.418877" elapsed="0.000163"/>
</kw>
<var name="${keyTwo}">password</var>
<status status="PASS" start="2024-06-04T17:13:19.417209" elapsed="0.002041"/>
</iter>
<var>${keyTwo}</var>
<value>@{expected_keysTwo}</value>
<status status="PASS" start="2024-06-04T17:13:19.414824" elapsed="0.004544"/>
</for>
<status status="PASS" start="2024-06-04T17:13:19.313028" elapsed="0.106496"/>
</kw>
<doc>Testa a estrutura da resposta da API.</doc>
<tag>testeEstruturaResposta</tag>
<status status="PASS" start="2024-06-04T17:13:19.312221" elapsed="0.107473"/>
</test>
<test id="s1-s1-t4" name="Validar tipos de dados" line="28">
<kw name="Teste de Tipos de Dados" owner="random-user-service">
<kw name="GET On Session" owner="RequestsLibrary">
<msg time="2024-06-04T17:13:19.498495" level="INFO">GET Request : url=https://randomuser.me/api 
 path_url=/api 
 headers={'User-Agent': 'python-requests/2.32.3', 'Accept-Encoding': 'gzip, deflate', 'Accept': '*/*', 'Connection': 'keep-alive'} 
 body=None 
 </msg>
<msg time="2024-06-04T17:13:19.498611" level="INFO">GET Response : url=https://randomuser.me/api 
 status=200, reason=OK 
 headers={'Date': 'Tue, 04 Jun 2024 17:13:19 GMT', 'Content-Type': 'application/json; charset=utf-8', 'Transfer-Encoding': 'chunked', 'Connection': 'keep-alive', 'X-Powered-By': 'Express', 'Access-Control-Allow-Origin': '*', 'Cache-Control': 'no-cache', 'ETag': 'W/"48a-oBEoGNmytBvEzoxBhseOwMwHqZ0"', 'Vary': 'Accept-Encoding', 'Content-Encoding': 'gzip', 'CF-Cache-Status': 'DYNAMIC', 'Report-To': '{"endpoints":[{"url":"https:\\/\\/a.nel.cloudflare.com\\/report\\/v4?s=sIU8VJK2hTcQocoyo8qTMJwiHJutHsbTzhCdR5tGw%2FVHdvri4oHAbeo%2F9Wm2%2FDop%2B5nGrhBMAKTOQCk0060TmzVmJmu9DWI5DlNzyeJxADDr1WtmHC%2BxEJmzmGzQQekK"}],"group":"cf-nel","max_age":604800}', 'NEL': '{"success_fraction":0,"report_to":"cf-nel","max_age":604800}', 'Server': 'cloudflare', 'CF-RAY': '88e98d886bf2639e-ORD', 'alt-svc': 'h3=":443"; ma=86400'} 
 body={"results":[{"gender":"male","name":{"title":"Mr","first":"Connor","last":"Fleming"},"location":{"street":{"number":9862,"name":"Highfield Road"},"city":"Tralee","state":"Cork City","country":"Ireland","postcode":26931,"coordinates":{"latitude":"-1.0719","longitude":"-150.2004"},"timezone":{"offset":"+8:00","description":"Beijing, Perth, Singapore, Hong Kong"}},"email":"connor.fleming@example.com","login":{"uuid":"34df5e23-8b93-49ca-b24e-a7a1539a14d1","username":"goldentiger675","password":"blanca","salt":"FRJnJVOm","md5":"3902b16dc2383d6e4446719f36905e92","sha1":"f5714c8c97b166dbfdbc44138f1495fea86fa8be","sha256":"2356d83623aa76a6cc6402c1cb8d9556f4d162cd950747268b9fff779439781b"},"dob":{"date":"1971-03-10T00:22:17.722Z","age":53},"registered":{"date":"2015-03-02T01:54:16.498Z","age":9},"phone":"031-266-0280","cell":"081-765-1578","id":{"name":"PPS","value":"0612286T"},"picture":{"large":"https://randomuser.me/api/portraits/men/9.jpg","medium":"https://randomuser.me/api/portraits/med/men/9.jpg","thumbnail":"https://randomuser.me/api/portraits/thumb/men/9.jpg"},"nat":"IE"}],"info":{"seed":"4b622bd144a1b527","results":1,"page":1,"version":"1.4"}} 
 </msg>
<msg time="2024-06-04T17:13:19.498689" level="INFO">/opt/hostedtoolcache/Python/3.12.3/x64/lib/python3.12/site-packages/urllib3/connectionpool.py:1103: InsecureRequestWarning: Unverified HTTPS request is being made to host 'randomuser.me'. Adding certificate verification is strongly advised. See: https://urllib3.readthedocs.io/en/latest/advanced-usage.html#tls-warnings
  warnings.warn(</msg>
<msg time="2024-06-04T17:13:19.498824" level="INFO">${response} = &lt;Response [200]&gt;</msg>
<var>${response}</var>
<arg>consultarAPI</arg>
<arg>/api</arg>
<doc>Sends a GET request on a previously created HTTP Session.</doc>
<status status="PASS" start="2024-06-04T17:13:19.422337" elapsed="0.076516"/>
</kw>
<kw name="Set Variable" owner="BuiltIn">
<msg time="2024-06-04T17:13:19.499994" level="INFO">${json_data} = {'results': [{'gender': 'male', 'name': {'title': 'Mr', 'first': 'Connor', 'last': 'Fleming'}, 'location': {'street': {'number': 9862, 'name': 'Highfield Road'}, 'city': 'Tralee', 'state': 'Cork City'...</msg>
<var>${json_data}</var>
<arg>${response.json()}</arg>
<doc>Returns the given values which can then be assigned to a variables.</doc>
<status status="PASS" start="2024-06-04T17:13:19.499428" elapsed="0.000599"/>
</kw>
<kw name="Log" owner="BuiltIn">
<msg time="2024-06-04T17:13:19.500548" level="INFO">{'results': [{'gender': 'male', 'name': {'title': 'Mr', 'first': 'Connor', 'last': 'Fleming'}, 'location': {'street': {'number': 9862, 'name': 'Highfield Road'}, 'city': 'Tralee', 'state': 'Cork City', 'country': 'Ireland', 'postcode': 26931, 'coordinates': {'latitude': '-1.0719', 'longitude': '-150.2004'}, 'timezone': {'offset': '+8:00', 'description': 'Beijing, Perth, Singapore, Hong Kong'}}, 'email': 'connor.fleming@example.com', 'login': {'uuid': '34df5e23-8b93-49ca-b24e-a7a1539a14d1', 'username': 'goldentiger675', 'password': 'blanca', 'salt': 'FRJnJVOm', 'md5': '3902b16dc2383d6e4446719f36905e92', 'sha1': 'f5714c8c97b166dbfdbc44138f1495fea86fa8be', 'sha256': '2356d83623aa76a6cc6402c1cb8d9556f4d162cd950747268b9fff779439781b'}, 'dob': {'date': '1971-03-10T00:22:17.722Z', 'age': 53}, 'registered': {'date': '2015-03-02T01:54:16.498Z', 'age': 9}, 'phone': '031-266-0280', 'cell': '081-765-1578', 'id': {'name': 'PPS', 'value': '0612286T'}, 'picture': {'large': 'https://randomuser.me/api/portraits/men/9.jpg', 'medium': 'https://randomuser.me/api/portraits/med/men/9.jpg', 'thumbnail': 'https://randomuser.me/api/portraits/thumb/men/9.jpg'}, 'nat': 'IE'}], 'info': {'seed': '4b622bd144a1b527', 'results': 1, 'page': 1, 'version': '1.4'}}</msg>
<arg>${json_data}</arg>
<doc>Logs the given message with the given level.</doc>
<status status="PASS" start="2024-06-04T17:13:19.500377" elapsed="0.000259"/>
</kw>
<kw name="Should Be String" owner="String">
<arg>${json_data['results'][0]['gender']}</arg>
<doc>Fails if the given ``item`` is not a string.</doc>
<status status="PASS" start="2024-06-04T17:13:19.500985" elapsed="0.000391"/>
</kw>
<kw name="Should Match Regexp" owner="BuiltIn">
<arg>${json_data['results'][0]['email']}</arg>
<arg>^[a-zA-Z0-9._%+-]+@[a-zA-Z0-9.-]+\.[a-zA-Z]{2,}$</arg>
<doc>Fails if ``string`` does not match ``pattern`` as a regular expression.</doc>
<status status="PASS" start="2024-06-04T17:13:19.501580" elapsed="0.000550"/>
</kw>
<kw name="Should Match Regexp" owner="BuiltIn">
<arg>${json_data['results'][0]['dob']['date']}</arg>
<arg>\\d{4}-\\d{2}-\\d{2}T\\d{2}:\\d{2}:\\d{2}\\.\\d{3}Z</arg>
<doc>Fails if ``string`` does not match ``pattern`` as a regular expression.</doc>
<status status="PASS" start="2024-06-04T17:13:19.502337" elapsed="0.000504"/>
</kw>
<kw name="Should Match Regexp" owner="BuiltIn">
<arg>${json_data['results'][0]['registered']['date']}</arg>
<arg>\\d{4}-\\d{2}-\\d{2}T\\d{2}:\\d{2}:\\d{2}\\.\\d{3}Z</arg>
<doc>Fails if ``string`` does not match ``pattern`` as a regular expression.</doc>
<status status="PASS" start="2024-06-04T17:13:19.503043" elapsed="0.000381"/>
</kw>
<kw name="Should Match Regexp" owner="BuiltIn">
<arg>${json_data['results'][0]['picture']['large']}</arg>
<arg>^https?://.*\.(?:png|jpe?g|gif|bmp)$</arg>
<doc>Fails if ``string`` does not match ``pattern`` as a regular expression.</doc>
<status status="PASS" start="2024-06-04T17:13:19.503622" elapsed="0.000500"/>
</kw>
<kw name="Should Match Regexp" owner="BuiltIn">
<arg>${json_data['results'][0]['picture']['medium']}</arg>
<arg>^https?://.*\.(?:png|jpe?g|gif|bmp)$</arg>
<doc>Fails if ``string`` does not match ``pattern`` as a regular expression.</doc>
<status status="PASS" start="2024-06-04T17:13:19.504325" elapsed="0.000357"/>
</kw>
<kw name="Should Match Regexp" owner="BuiltIn">
<arg>${json_data['results'][0]['picture']['thumbnail']}</arg>
<arg>^https?://.*\.(?:png|jpe?g|gif|bmp)$</arg>
<doc>Fails if ``string`` does not match ``pattern`` as a regular expression.</doc>
<status status="PASS" start="2024-06-04T17:13:19.504931" elapsed="0.000374"/>
</kw>
<kw name="Log" owner="BuiltIn">
<msg time="2024-06-04T17:13:19.505845" level="INFO">{'large': 'https://randomuser.me/api/portraits/men/9.jpg', 'medium': 'https://randomuser.me/api/portraits/med/men/9.jpg', 'thumbnail': 'https://randomuser.me/api/portraits/thumb/men/9.jpg'}</msg>
<arg>${json_data['results'][0]['picture']}</arg>
<doc>Logs the given message with the given level.</doc>
<status status="PASS" start="2024-06-04T17:13:19.505505" elapsed="0.000385"/>
</kw>
<status status="PASS" start="2024-06-04T17:13:19.422075" elapsed="0.084128"/>
</kw>
<kw name="Teste de Tipos de Dados - Postcode" owner="random-user-service">
<kw name="GET On Session" owner="RequestsLibrary">
<msg time="2024-06-04T17:13:19.656431" level="INFO">GET Request : url=https://randomuser.me/api 
 path_url=/api 
 headers={'User-Agent': 'python-requests/2.32.3', 'Accept-Encoding': 'gzip, deflate', 'Accept': '*/*', 'Connection': 'keep-alive'} 
 body=None 
 </msg>
<msg time="2024-06-04T17:13:19.656537" level="INFO">GET Response : url=https://randomuser.me/api 
 status=200, reason=OK 
 headers={'Date': 'Tue, 04 Jun 2024 17:13:19 GMT', 'Content-Type': 'application/json; charset=utf-8', 'Transfer-Encoding': 'chunked', 'Connection': 'keep-alive', 'X-Powered-By': 'Express', 'Access-Control-Allow-Origin': '*', 'Cache-Control': 'no-cache', 'ETag': 'W/"4a5-8gCgubezSabzBWHHNxtxl+fKgzY"', 'Vary': 'Accept-Encoding', 'Content-Encoding': 'gzip', 'CF-Cache-Status': 'DYNAMIC', 'Report-To': '{"endpoints":[{"url":"https:\\/\\/a.nel.cloudflare.com\\/report\\/v4?s=OsJ8sAfiMB%2BX7GmYO%2B5Cz7yg1M%2ByD1WAbJZy8vskOh%2BXFHYjzm%2FPpR6ttD8%2BoR1H4czKSgYsin1VfIfWpa4vlaAq9AxEhcXtpXQA0RniMpqudXUdhaX1hawV1%2FBg4gjt"}],"group":"cf-nel","max_age":604800}', 'NEL': '{"success_fraction":0,"report_to":"cf-nel","max_age":604800}', 'Server': 'cloudflare', 'CF-RAY': '88e98d88fc87639e-ORD', 'alt-svc': 'h3=":443"; ma=86400'} 
 body={"results":[{"gender":"female","name":{"title":"Miss","first":"Veera","last":"Kotila"},"location":{"street":{"number":1059,"name":"Rautatienkatu"},"city":"Lestijärvi","state":"North Karelia","country":"Finland","postcode":94442,"coordinates":{"latitude":"-26.0040","longitude":"175.5486"},"timezone":{"offset":"+1:00","description":"Brussels, Copenhagen, Madrid, Paris"}},"email":"veera.kotila@example.com","login":{"uuid":"e6271a75-f75f-4bb0-9bf6-5f63e2c761b8","username":"happygoose991","password":"whitesox","salt":"Cw0STd1U","md5":"53ff64701e36e5fe87b8f731cf830b61","sha1":"1d115305844b6f9d7a2b8813da805665e4b95935","sha256":"846bf060aa26a346375b209799a5554a89b080670c67725b62d6a84e307c9d11"},"dob":{"date":"1967-05-05T11:38:31.968Z","age":57},"registered":{"date":"2006-07-29T22:48:25.344Z","age":17},"phone":"03-743-175","cell":"047-008-83-35","id":{"name":"HETU","value":"NaNNA962undefined"},"picture":{"large":"https://randomuser.me/api/portraits/women/87.jpg","medium":"https://randomuser.me/api/portraits/med/women/87.jpg","thumbnail":"https://randomuser.me/api/portraits/thumb/women/87.jpg"},"nat":"FI"}],"info":{"seed":"71c8f8946d03c0cd","results":1,"page":1,"version":"1.4"}} 
 </msg>
<msg time="2024-06-04T17:13:19.656613" level="INFO">/opt/hostedtoolcache/Python/3.12.3/x64/lib/python3.12/site-packages/urllib3/connectionpool.py:1103: InsecureRequestWarning: Unverified HTTPS request is being made to host 'randomuser.me'. Adding certificate verification is strongly advised. See: https://urllib3.readthedocs.io/en/latest/advanced-usage.html#tls-warnings
  warnings.warn(</msg>
<msg time="2024-06-04T17:13:19.656738" level="INFO">${response} = &lt;Response [200]&gt;</msg>
<var>${response}</var>
<arg>consultarAPI</arg>
<arg>/api</arg>
<doc>Sends a GET request on a previously created HTTP Session.</doc>
<status status="PASS" start="2024-06-04T17:13:19.506708" elapsed="0.150065"/>
</kw>
<kw name="Set Variable" owner="BuiltIn">
<msg time="2024-06-04T17:13:19.657939" level="INFO">${json_data} = {'results': [{'gender': 'female', 'name': {'title': 'Miss', 'first': 'Veera', 'last': 'Kotila'}, 'location': {'street': {'number': 1059, 'name': 'Rautatienkatu'}, 'city': 'Lestijärvi', 'state': 'North...</msg>
<var>${json_data}</var>
<arg>${response.json()}</arg>
<doc>Returns the given values which can then be assigned to a variables.</doc>
<status status="PASS" start="2024-06-04T17:13:19.657372" elapsed="0.000601"/>
</kw>
<kw name="Log" owner="BuiltIn">
<msg time="2024-06-04T17:13:19.658488" level="INFO">{'results': [{'gender': 'female', 'name': {'title': 'Miss', 'first': 'Veera', 'last': 'Kotila'}, 'location': {'street': {'number': 1059, 'name': 'Rautatienkatu'}, 'city': 'Lestijärvi', 'state': 'North Karelia', 'country': 'Finland', 'postcode': 94442, 'coordinates': {'latitude': '-26.0040', 'longitude': '175.5486'}, 'timezone': {'offset': '+1:00', 'description': 'Brussels, Copenhagen, Madrid, Paris'}}, 'email': 'veera.kotila@example.com', 'login': {'uuid': 'e6271a75-f75f-4bb0-9bf6-5f63e2c761b8', 'username': 'happygoose991', 'password': 'whitesox', 'salt': 'Cw0STd1U', 'md5': '53ff64701e36e5fe87b8f731cf830b61', 'sha1': '1d115305844b6f9d7a2b8813da805665e4b95935', 'sha256': '846bf060aa26a346375b209799a5554a89b080670c67725b62d6a84e307c9d11'}, 'dob': {'date': '1967-05-05T11:38:31.968Z', 'age': 57}, 'registered': {'date': '2006-07-29T22:48:25.344Z', 'age': 17}, 'phone': '03-743-175', 'cell': '047-008-83-35', 'id': {'name': 'HETU', 'value': 'NaNNA962undefined'}, 'picture': {'large': 'https://randomuser.me/api/portraits/women/87.jpg', 'medium': 'https://randomuser.me/api/portraits/med/women/87.jpg', 'thumbnail': 'https://randomuser.me/api/portraits/thumb/women/87.jpg'}, 'nat': 'FI'}], 'info': {'seed': '71c8f8946d03c0cd', 'results': 1, 'page': 1, 'version': '1.4'}}</msg>
<arg>${json_data}</arg>
<doc>Logs the given message with the given level.</doc>
<status status="PASS" start="2024-06-04T17:13:19.658320" elapsed="0.000261"/>
</kw>
<kw name="Should Be Equal As Numbers" owner="BuiltIn">
<arg>${json_data['results'][0]['location']['postcode']}</arg>
<arg>${json_data['results'][0]['location']['postcode']}</arg>
<doc>Fails if objects are unequal after converting them to real numbers.</doc>
<status status="PASS" start="2024-06-04T17:13:19.658896" elapsed="0.000830"/>
</kw>
<kw name="Log" owner="BuiltIn">
<msg time="2024-06-04T17:13:19.660270" level="INFO">94442</msg>
<arg>${json_data['results'][0]['location']['postcode']}</arg>
<doc>Logs the given message with the given level.</doc>
<status status="PASS" start="2024-06-04T17:13:19.659926" elapsed="0.000387"/>
</kw>
<status status="PASS" start="2024-06-04T17:13:19.506454" elapsed="0.154140"/>
</kw>
<doc>Testa se os tipos de dados na resposta da API estão corretos.</doc>
<tag>testeTiposDados</tag>
<status status="PASS" start="2024-06-04T17:13:19.421543" elapsed="0.239226"/>
</test>
<test id="s1-s1-t5" name="Validar conteudo" line="35">
<kw name="Teste de Tipos de Conteudo" owner="random-user-service">
<kw name="GET On Session" owner="RequestsLibrary">
<msg time="2024-06-04T17:13:19.708062" level="INFO">GET Request : url=https://randomuser.me/api 
 path_url=/api 
 headers={'User-Agent': 'python-requests/2.32.3', 'Accept-Encoding': 'gzip, deflate', 'Accept': '*/*', 'Connection': 'keep-alive'} 
 body=None 
 </msg>
<msg time="2024-06-04T17:13:19.708168" level="INFO">GET Response : url=https://randomuser.me/api 
 status=200, reason=OK 
 headers={'Date': 'Tue, 04 Jun 2024 17:13:19 GMT', 'Content-Type': 'application/json; charset=utf-8', 'Transfer-Encoding': 'chunked', 'Connection': 'keep-alive', 'X-Powered-By': 'Express', 'Access-Control-Allow-Origin': '*', 'Cache-Control': 'no-cache', 'ETag': 'W/"4a9-y9nvksog/Xv9bZL+vsNr5nwGLJo"', 'Vary': 'Accept-Encoding', 'Content-Encoding': 'gzip', 'CF-Cache-Status': 'DYNAMIC', 'Report-To': '{"endpoints":[{"url":"https:\\/\\/a.nel.cloudflare.com\\/report\\/v4?s=%2FA2IvHRd26a1gPKFY9%2F2CrMInfb9p9qzByPcE7dNbvU6OIf4HOo5pVwhzn6Rc09tFSC7RN2zV%2BLSsX1hzKuPvn2Tb1EdwVcTIvJcrAGPqV3SPd63Pjttca8oarte2lS7"}],"group":"cf-nel","max_age":604800}', 'NEL': '{"success_fraction":0,"report_to":"cf-nel","max_age":604800}', 'Server': 'cloudflare', 'CF-RAY': '88e98d89ed82639e-ORD', 'alt-svc': 'h3=":443"; ma=86400'} 
 body={"results":[{"gender":"female","name":{"title":"Ms","first":"Yuridia","last":"Corrales"},"location":{"street":{"number":4002,"name":"Callejón Sur Vaca"},"city":"Ciudad Mier","state":"Morelos","country":"Mexico","postcode":20461,"coordinates":{"latitude":"29.9995","longitude":"159.5143"},"timezone":{"offset":"+1:00","description":"Brussels, Copenhagen, Madrid, Paris"}},"email":"yuridia.corrales@example.com","login":{"uuid":"f4c76428-188b-484a-b64f-fa41a76bdc46","username":"whitezebra694","password":"darlene","salt":"GFTHrQSx","md5":"298ff1668a6d02bf105ac324890912f6","sha1":"80a557c541322cd174fba0f937764f4f7f365d8f","sha256":"ff84667ebea1d2d4507c8735c7bee8795bbcc2a217cf9e17bf5032602a2951fe"},"dob":{"date":"1960-03-09T07:38:27.162Z","age":64},"registered":{"date":"2004-07-14T10:42:21.649Z","age":19},"phone":"(644) 787 2434","cell":"(641) 609 2350","id":{"name":"NSS","value":"57 65 76 3878 4"},"picture":{"large":"https://randomuser.me/api/portraits/women/62.jpg","medium":"https://randomuser.me/api/portraits/med/women/62.jpg","thumbnail":"https://randomuser.me/api/portraits/thumb/women/62.jpg"},"nat":"MX"}],"info":{"seed":"a6f3a79689b047b8","results":1,"page":1,"version":"1.4"}} 
 </msg>
<msg time="2024-06-04T17:13:19.708239" level="INFO">/opt/hostedtoolcache/Python/3.12.3/x64/lib/python3.12/site-packages/urllib3/connectionpool.py:1103: InsecureRequestWarning: Unverified HTTPS request is being made to host 'randomuser.me'. Adding certificate verification is strongly advised. See: https://urllib3.readthedocs.io/en/latest/advanced-usage.html#tls-warnings
  warnings.warn(</msg>
<msg time="2024-06-04T17:13:19.708370" level="INFO">${response} = &lt;Response [200]&gt;</msg>
<var>${response}</var>
<arg>consultarAPI</arg>
<arg>/api</arg>
<doc>Sends a GET request on a previously created HTTP Session.</doc>
<status status="PASS" start="2024-06-04T17:13:19.663351" elapsed="0.045059"/>
</kw>
<kw name="Set Variable" owner="BuiltIn">
<msg time="2024-06-04T17:13:19.709714" level="INFO">${json_data} = {'results': [{'gender': 'female', 'name': {'title': 'Ms', 'first': 'Yuridia', 'last': 'Corrales'}, 'location': {'street': {'number': 4002, 'name': 'Callejón Sur Vaca'}, 'city': 'Ciudad Mier', 'state':...</msg>
<var>${json_data}</var>
<arg>${response.json()}</arg>
<doc>Returns the given values which can then be assigned to a variables.</doc>
<status status="PASS" start="2024-06-04T17:13:19.709097" elapsed="0.000649"/>
</kw>
<kw name="Set Variable" owner="BuiltIn">
<msg time="2024-06-04T17:13:19.710577" level="INFO">${name_title} = Ms</msg>
<var>${name_title}</var>
<arg>${json_data["results"][0]["name"]["title"]}</arg>
<doc>Returns the given values which can then be assigned to a variables.</doc>
<status status="PASS" start="2024-06-04T17:13:19.710145" elapsed="0.000458"/>
</kw>
<kw name="Create List" owner="BuiltIn">
<msg time="2024-06-04T17:13:19.711083" level="INFO">${allowed_titles} = ['Mr', 'Ms', 'Miss', 'Mrs', 'Madame', 'Monsieur']</msg>
<var>${allowed_titles}</var>
<arg>Mr</arg>
<arg>Ms</arg>
<arg>Miss</arg>
<arg>Mrs</arg>
<arg>Madame</arg>
<arg>Monsieur</arg>
<doc>Returns a list containing given items.</doc>
<status status="PASS" start="2024-06-04T17:13:19.710928" elapsed="0.000179"/>
</kw>
<kw name="List Should Contain Value" owner="Collections">
<msg time="2024-06-04T17:13:19.711594" level="INFO">False</msg>
<arg>${allowed_titles}</arg>
<arg>${name_title}</arg>
<doc>Fails if the ``value`` is not found from ``list``.</doc>
<status status="PASS" start="2024-06-04T17:13:19.711413" elapsed="0.000223"/>
</kw>
<kw name="Set Variable" owner="BuiltIn">
<msg time="2024-06-04T17:13:19.712308" level="INFO">${name_country} = MX</msg>
<var>${name_country}</var>
<arg>${json_data["results"][0]["nat"]}</arg>
<doc>Returns the given values which can then be assigned to a variables.</doc>
<status status="PASS" start="2024-06-04T17:13:19.711928" elapsed="0.000406"/>
</kw>
<kw name="Create List" owner="BuiltIn">
<msg time="2024-06-04T17:13:19.713292" level="INFO">${list_country} = ['AD', 'AE', 'AF', 'AG', 'AI', 'AL', 'AM', 'AO', 'AQ', 'AR', 'AS', 'AT', 'AU', 'AW', 'AX', 'AZ', 'BA', 'BB', 'BD', 'BE', 'BF', 'BG', 'BH', 'BI', 'BJ', 'BL', 'BM', 'BN', 'BO', 'BQ', 'BR', 'BS', 'BT', '...</msg>
<var>${list_country}</var>
<arg>AD</arg>
<arg>AE</arg>
<arg>AF</arg>
<arg>AG</arg>
<arg>AI</arg>
<arg>AL</arg>
<arg>AM</arg>
<arg>AO</arg>
<arg>AQ</arg>
<arg>AR</arg>
<arg>AS</arg>
<arg>AT</arg>
<arg>AU</arg>
<arg>AW</arg>
<arg>AX</arg>
<arg>AZ</arg>
<arg>BA</arg>
<arg>BB</arg>
<arg>BD</arg>
<arg>BE</arg>
<arg>BF</arg>
<arg>BG</arg>
<arg>BH</arg>
<arg>BI</arg>
<arg>BJ</arg>
<arg>BL</arg>
<arg>BM</arg>
<arg>BN</arg>
<arg>BO</arg>
<arg>BQ</arg>
<arg>BR</arg>
<arg>BS</arg>
<arg>BT</arg>
<arg>BV</arg>
<arg>BW</arg>
<arg>BY</arg>
<arg>BZ</arg>
<arg>CA</arg>
<arg>CC</arg>
<arg>CD</arg>
<arg>CF</arg>
<arg>CG</arg>
<arg>CH</arg>
<arg>CI</arg>
<arg>CK</arg>
<arg>CL</arg>
<arg>CM</arg>
<arg>CN</arg>
<arg>CO</arg>
<arg>CR</arg>
<arg>CU</arg>
<arg>CV</arg>
<arg>CW</arg>
<arg>CX</arg>
<arg>CY</arg>
<arg>CZ</arg>
<arg>DE</arg>
<arg>DJ</arg>
<arg>DK</arg>
<arg>DM</arg>
<arg>DO</arg>
<arg>DZ</arg>
<arg>EC</arg>
<arg>EE</arg>
<arg>EG</arg>
<arg>EH</arg>
<arg>ER</arg>
<arg>ES</arg>
<arg>ET</arg>
<arg>FI</arg>
<arg>FJ</arg>
<arg>FK</arg>
<arg>FM</arg>
<arg>FO</arg>
<arg>FR</arg>
<arg>GA</arg>
<arg>GB</arg>
<arg>GD</arg>
<arg>GE</arg>
<arg>GF</arg>
<arg>GG</arg>
<arg>GH</arg>
<arg>GI</arg>
<arg>GL</arg>
<arg>GM</arg>
<arg>GN</arg>
<arg>GP</arg>
<arg>GQ</arg>
<arg>GR</arg>
<arg>GS</arg>
<arg>GT</arg>
<arg>GU</arg>
<arg>GW</arg>
<arg>GY</arg>
<arg>HK</arg>
<arg>HM</arg>
<arg>HN</arg>
<arg>HR</arg>
<arg>HT</arg>
<arg>HU</arg>
<arg>ID</arg>
<arg>IE</arg>
<arg>IL</arg>
<arg>IM</arg>
<arg>IN</arg>
<arg>IO</arg>
<arg>IQ</arg>
<arg>IR</arg>
<arg>IS</arg>
<arg>IT</arg>
<arg>JE</arg>
<arg>JM</arg>
<arg>JO</arg>
<arg>JP</arg>
<arg>KE</arg>
<arg>KG</arg>
<arg>KH</arg>
<arg>KI</arg>
<arg>KM</arg>
<arg>KN</arg>
<arg>KP</arg>
<arg>KR</arg>
<arg>KW</arg>
<arg>KY</arg>
<arg>KZ</arg>
<arg>LA</arg>
<arg>LB</arg>
<arg>LC</arg>
<arg>LI</arg>
<arg>LK</arg>
<arg>LR</arg>
<arg>LS</arg>
<arg>LT</arg>
<arg>LU</arg>
<arg>LV</arg>
<arg>LY</arg>
<arg>MA</arg>
<arg>MC</arg>
<arg>MD</arg>
<arg>ME</arg>
<arg>MF</arg>
<arg>MG</arg>
<arg>MH</arg>
<arg>MK</arg>
<arg>ML</arg>
<arg>MM</arg>
<arg>MN</arg>
<arg>MO</arg>
<arg>MP</arg>
<arg>MQ</arg>
<arg>MR</arg>
<arg>MS</arg>
<arg>MT</arg>
<arg>MU</arg>
<arg>MV</arg>
<arg>MW</arg>
<arg>MX</arg>
<arg>MY</arg>
<arg>MZ</arg>
<arg>NA</arg>
<arg>NC</arg>
<arg>NE</arg>
<arg>NF</arg>
<arg>NG</arg>
<arg>NI</arg>
<arg>NL</arg>
<arg>NO</arg>
<arg>NP</arg>
<arg>NR</arg>
<arg>NU</arg>
<arg>NZ</arg>
<arg>OM</arg>
<arg>PA</arg>
<arg>PE</arg>
<arg>PF</arg>
<arg>PG</arg>
<arg>PH</arg>
<arg>PK</arg>
<arg>PL</arg>
<arg>PM</arg>
<arg>PN</arg>
<arg>PR</arg>
<arg>PS</arg>
<arg>PT</arg>
<arg>PW</arg>
<arg>PY</arg>
<arg>QA</arg>
<arg>RE</arg>
<arg>RO</arg>
<arg>RS</arg>
<arg>RU</arg>
<arg>RW</arg>
<arg>SA</arg>
<arg>SB</arg>
<arg>SC</arg>
<arg>SD</arg>
<arg>SE</arg>
<arg>SG</arg>
<arg>SH</arg>
<arg>SI</arg>
<arg>SJ</arg>
<arg>SK</arg>
<arg>SL</arg>
<arg>SM</arg>
<arg>SN</arg>
<arg>SO</arg>
<arg>SR</arg>
<arg>SS</arg>
<arg>ST</arg>
<arg>SV</arg>
<arg>SX</arg>
<arg>SY</arg>
<arg>SZ</arg>
<arg>TC</arg>
<arg>TD</arg>
<arg>TF</arg>
<arg>TG</arg>
<arg>TH</arg>
<arg>TJ</arg>
<arg>TK</arg>
<arg>TL</arg>
<arg>TM</arg>
<arg>TN</arg>
<arg>TO</arg>
<arg>TR</arg>
<arg>TT</arg>
<arg>TV</arg>
<arg>TW</arg>
<arg>TZ</arg>
<arg>UA</arg>
<arg>UG</arg>
<arg>UM</arg>
<arg>US</arg>
<arg>UY</arg>
<arg>UZ</arg>
<arg>VA</arg>
<arg>VC</arg>
<arg>VE</arg>
<arg>VG</arg>
<arg>VI</arg>
<arg>VN</arg>
<arg>VU</arg>
<arg>WF</arg>
<arg>WS</arg>
<arg>XK</arg>
<arg>YE</arg>
<arg>YT</arg>
<arg>ZA</arg>
<arg>ZM</arg>
<arg>ZW</arg>
<doc>Returns a list containing given items.</doc>
<status status="PASS" start="2024-06-04T17:13:19.712641" elapsed="0.000679"/>
</kw>
<kw name="List Should Contain Value" owner="Collections">
<msg time="2024-06-04T17:13:19.714351" level="INFO">False</msg>
<arg>${list_country}</arg>
<arg>${name_country}</arg>
<doc>Fails if the ``value`` is not found from ``list``.</doc>
<status status="PASS" start="2024-06-04T17:13:19.714131" elapsed="0.000259"/>
</kw>
<kw name="Run Keyword If" owner="BuiltIn">
<kw name="Should Be True" owner="BuiltIn">
<arg>${True}</arg>
<doc>Fails if the given condition is not true.</doc>
<status status="PASS" start="2024-06-04T17:13:19.715494" elapsed="0.000148"/>
</kw>
<arg>${json_data["results"][0]["location"]["coordinates"]["latitude"]} &gt;= -90 and ${json_data["results"][0]["location"]["coordinates"]["latitude"]} &lt;= 90</arg>
<arg>Should Be True</arg>
<arg>${True}</arg>
<doc>Runs the given keyword with the given arguments, if ``condition`` is true.</doc>
<status status="PASS" start="2024-06-04T17:13:19.714713" elapsed="0.001056"/>
</kw>
<kw name="Run Keyword If" owner="BuiltIn">
<kw name="Should Be True" owner="BuiltIn">
<arg>${True}</arg>
<doc>Fails if the given condition is not true.</doc>
<status status="PASS" start="2024-06-04T17:13:19.716692" elapsed="0.000341"/>
</kw>
<arg>${json_data["results"][0]["location"]["coordinates"]["longitude"]} &gt;= -180 and ${json_data["results"][0]["location"]["coordinates"]["longitude"]} &lt;= 180</arg>
<arg>Should Be True</arg>
<arg>${True}</arg>
<doc>Runs the given keyword with the given arguments, if ``condition`` is true.</doc>
<status status="PASS" start="2024-06-04T17:13:19.715956" elapsed="0.001211"/>
</kw>
<status status="PASS" start="2024-06-04T17:13:19.663096" elapsed="0.054208"/>
</kw>
<doc>Testa o conteúdo específico dos campos retornados pela API.</doc>
<tag>testeConteudo</tag>
<status status="PASS" start="2024-06-04T17:13:19.662587" elapsed="0.054880"/>
</test>
<status status="PASS" start="2024-06-04T17:13:18.734162" elapsed="0.985253"/>
</suite>
<status status="PASS" start="2024-06-04T17:13:18.719700" elapsed="1.005186"/>
</suite>
<statistics>
<total>
<stat pass="5" fail="0" skip="0">All Tests</stat>
</total>
<tag>
<stat pass="1" fail="0" skip="0">testeConteudo</stat>
<stat pass="1" fail="0" skip="0">testeEstruturaResposta</stat>
<stat pass="1" fail="0" skip="0">testeRequisicaoBasica</stat>
<stat pass="1" fail="0" skip="0">testeTiposDados</stat>
</tag>
<suite>
<stat pass="5" fail="0" skip="0" id="s1" name="Tests">Tests</stat>
<stat pass="5" fail="0" skip="0" id="s1-s1" name="Random-User-Test">Tests.Random-User-Test</stat>
</suite>
</statistics>
<errors>
</errors>
</robot>
