<?xml version="1.0" encoding="UTF-8"?>
<robot generator="Robot 7.0 (Python 3.12.2 on linux)" generated="2024-03-31T22:12:51.942929" rpa="false" schemaversion="5">
<suite id="s1" name="Tests" source="/home/runner/work/DesafioQAItauRogerioJordao/DesafioQAItauRogerioJordao/RamdonUser/tests">
<suite id="s1-s1" name="Random-User-Test" source="/home/runner/work/DesafioQAItauRogerioJordao/DesafioQAItauRogerioJordao/RamdonUser/tests/random-user-test.robot">
<test id="s1-s1-t1" name="Conectar" line="13">
<kw name="Conectar API" owner="random-user-service">
<kw name="Create Session" owner="RequestsLibrary">
<msg time="2024-03-31T22:12:52.304972" level="INFO">Creating Session using : alias=consultarAPI, url=https://randomuser.me/, headers={},                     cookies={}, auth=None, timeout=None, proxies=None, verify=False,                     debug=0 </msg>
<arg>consultarAPI</arg>
<arg>${URL}</arg>
<doc>Create Session: create a HTTP session to a server</doc>
<status status="PASS" start="2024-03-31T22:12:52.304777" elapsed="0.000364"/>
</kw>
<status status="PASS" start="2024-03-31T22:12:52.303783" elapsed="0.001738"/>
</kw>
<status status="PASS" start="2024-03-31T22:12:52.303178" elapsed="0.002546"/>
</test>
<test id="s1-s1-t2" name="Validar retorno 200 e JSON Válido" line="16">
<kw name="Teste de Requisicao Basica" owner="random-user-service">
<kw name="GET On Session" owner="RequestsLibrary">
<msg time="2024-03-31T22:12:52.378411" level="INFO">GET Request : url=https://randomuser.me/api 
 path_url=/api 
 headers={'User-Agent': 'python-requests/2.31.0', 'Accept-Encoding': 'gzip, deflate', 'Accept': '*/*', 'Connection': 'keep-alive'} 
 body=None 
 </msg>
<msg time="2024-03-31T22:12:52.378537" level="INFO">GET Response : url=https://randomuser.me/api 
 status=200, reason=OK 
 headers={'Date': 'Sun, 31 Mar 2024 22:12:52 GMT', 'Content-Type': 'application/json; charset=utf-8', 'Transfer-Encoding': 'chunked', 'Connection': 'keep-alive', 'X-Powered-By': 'Express', 'Access-Control-Allow-Origin': '*', 'Cache-Control': 'no-cache', 'ETag': 'W/"490-kjdhL7CVsUuFZ3YYLCi4X1ZaQ8o"', 'Vary': 'Accept-Encoding', 'Content-Encoding': 'gzip', 'CF-Cache-Status': 'DYNAMIC', 'Report-To': '{"endpoints":[{"url":"https:\\/\\/a.nel.cloudflare.com\\/report\\/v4?s=yx01%2Ffobk%2F99KOf4bQLJNBmhkkmGxrEeiNZ8xXSkocZ5Q63R0jigYTvGThfflWNZN9oHuhvTF%2BNDRapjZHLydi2T3O%2B5BsEsl125I5btY897Vp5R3%2Fh7k5FOWF4HbTGB"}],"group":"cf-nel","max_age":604800}', 'NEL': '{"success_fraction":0,"report_to":"cf-nel","max_age":604800}', 'Server': 'cloudflare', 'CF-RAY': '86d3aef32d1b58c6-IAD', 'alt-svc': 'h3=":443"; ma=86400'} 
 body={"results":[{"gender":"female","name":{"title":"Ms","first":"Ognyana","last":"Pasichniy"},"location":{"street":{"number":210,"name":"Zhurliva"},"city":"Bershad","state":"Mikolayivska","country":"Ukraine","postcode":13971,"coordinates":{"latitude":"81.2275","longitude":"67.5912"},"timezone":{"offset":"+5:30","description":"Bombay, Calcutta, Madras, New Delhi"}},"email":"ognyana.pasichniy@example.com","login":{"uuid":"9adb0519-0be2-4ce7-924d-5b2b12934a7b","username":"ticklishgoose757","password":"denmark","salt":"S6lV6B1k","md5":"e7f88311ef2d07965c7bac478ea62111","sha1":"fa497a6281661d9b8e16820e8375545f4a4fbeee","sha256":"8a950bee711495d63651db2f25d7282b37359639756a0b1d9365ce13b50ee751"},"dob":{"date":"1952-04-19T04:19:48.515Z","age":71},"registered":{"date":"2017-02-19T15:28:42.890Z","age":7},"phone":"(066) P22-6469","cell":"(067) N35-0701","id":{"name":"","value":null},"picture":{"large":"https://randomuser.me/api/portraits/women/6.jpg","medium":"https://randomuser.me/api/portraits/med/women/6.jpg","thumbnail":"https://randomuser.me/api/portraits/thumb/women/6.jpg"},"nat":"UA"}],"info":{"seed":"3a17505b201305da","results":1,"page":1,"version":"1.4"}} 
 </msg>
<msg time="2024-03-31T22:12:52.378631" level="INFO">/opt/hostedtoolcache/Python/3.12.2/x64/lib/python3.12/site-packages/urllib3/connectionpool.py:1103: InsecureRequestWarning: Unverified HTTPS request is being made to host 'randomuser.me'. Adding certificate verification is strongly advised. See: https://urllib3.readthedocs.io/en/latest/advanced-usage.html#tls-warnings
  warnings.warn(</msg>
<msg time="2024-03-31T22:12:52.378759" level="INFO">${response} = &lt;Response [200]&gt;</msg>
<var>${response}</var>
<arg>consultarAPI</arg>
<arg>/api</arg>
<doc>Sends a GET request on a previously created HTTP Session.</doc>
<status status="PASS" start="2024-03-31T22:12:52.308347" elapsed="0.070451"/>
</kw>
<kw name="Should Be Equal As Numbers" owner="BuiltIn">
<msg time="2024-03-31T22:12:52.379661" level="INFO">Argument types are:
&lt;class 'int'&gt;
&lt;class 'str'&gt;</msg>
<arg>${response.status_code}</arg>
<arg>200</arg>
<doc>Fails if objects are unequal after converting them to real numbers.</doc>
<status status="PASS" start="2024-03-31T22:12:52.379236" elapsed="0.000491"/>
</kw>
<kw name="Log" owner="BuiltIn">
<msg time="2024-03-31T22:12:52.380415" level="INFO">200</msg>
<arg>${response.status_code}</arg>
<doc>Logs the given message with the given level.</doc>
<status status="PASS" start="2024-03-31T22:12:52.380052" elapsed="0.000406"/>
</kw>
<kw name="Set Variable" owner="BuiltIn">
<msg time="2024-03-31T22:12:52.381239" level="INFO">${json_data} = {'results': [{'gender': 'female', 'name': {'title': 'Ms', 'first': 'Ognyana', 'last': 'Pasichniy'}, 'location': {'street': {'number': 210, 'name': 'Zhurliva'}, 'city': 'Bershad', 'state': 'Mikolayivsk...</msg>
<var>${json_data}</var>
<arg>${response.json()}</arg>
<doc>Returns the given values which can then be assigned to a variables.</doc>
<status status="PASS" start="2024-03-31T22:12:52.380791" elapsed="0.000477"/>
</kw>
<kw name="Dictionary Should Contain Key" owner="Collections">
<msg time="2024-03-31T22:12:52.381785" level="INFO">False</msg>
<arg>${json_data}</arg>
<arg>results</arg>
<doc>Fails if ``key`` is not found from ``dictionary``.</doc>
<status status="PASS" start="2024-03-31T22:12:52.381614" elapsed="0.000212"/>
</kw>
<status status="PASS" start="2024-03-31T22:12:52.308098" elapsed="0.073988"/>
</kw>
<doc>Testa se a API responde corretamente e retorna um objeto JSON válido.</doc>
<tag>testeRequisicaoBasica</tag>
<status status="PASS" start="2024-03-31T22:12:52.307543" elapsed="0.074724"/>
</test>
<test id="s1-s1-t3" name="Validar estrutura de resposta" line="22">
<kw name="Teste de Estrutura de Resposta" owner="random-user-service">
<kw name="GET On Session" owner="RequestsLibrary">
<msg time="2024-03-31T22:12:52.477729" level="INFO">GET Request : url=https://randomuser.me/api 
 path_url=/api 
 headers={'User-Agent': 'python-requests/2.31.0', 'Accept-Encoding': 'gzip, deflate', 'Accept': '*/*', 'Connection': 'keep-alive'} 
 body=None 
 </msg>
<msg time="2024-03-31T22:12:52.477815" level="INFO">GET Response : url=https://randomuser.me/api 
 status=200, reason=OK 
 headers={'Date': 'Sun, 31 Mar 2024 22:12:52 GMT', 'Content-Type': 'application/json; charset=utf-8', 'Transfer-Encoding': 'chunked', 'Connection': 'keep-alive', 'X-Powered-By': 'Express', 'Access-Control-Allow-Origin': '*', 'Cache-Control': 'no-cache', 'ETag': 'W/"482-ZBMVkvXDcV1W46Ax1PAlYw4vWMc"', 'Vary': 'Accept-Encoding', 'Content-Encoding': 'gzip', 'CF-Cache-Status': 'DYNAMIC', 'Report-To': '{"endpoints":[{"url":"https:\\/\\/a.nel.cloudflare.com\\/report\\/v4?s=TTHcStIWBSbhYeVzecGMuFFD4DY3YFGZAJ%2BlI8IEGuvgNA%2FyliFsLEoAMQR4jZqBQkDn73iBp%2BwdTpCs4CvJh7RNilYIfSxRR5ZSuKygXQBtVT2DVpX%2BvLP2Mg%2F4O16H"}],"group":"cf-nel","max_age":604800}', 'NEL': '{"success_fraction":0,"report_to":"cf-nel","max_age":604800}', 'Server': 'cloudflare', 'CF-RAY': '86d3aef36d5958c6-IAD', 'alt-svc': 'h3=":443"; ma=86400'} 
 body={"results":[{"gender":"female","name":{"title":"Ms","first":"Nicole","last":"Carlson"},"location":{"street":{"number":9469,"name":"Photinia Ave"},"city":"Anchorage","state":"Minnesota","country":"United States","postcode":33867,"coordinates":{"latitude":"84.0062","longitude":"113.9223"},"timezone":{"offset":"+4:30","description":"Kabul"}},"email":"nicole.carlson@example.com","login":{"uuid":"b1baf907-48a4-4da8-b822-e28e4fc905fb","username":"blacktiger221","password":"bonsai","salt":"GNq2NGCH","md5":"3c3df40923b221038a3a2a6038455fc8","sha1":"a27558984db375cc94751a12bf434d99d3ffa824","sha256":"52aa897fb3f183edda934bf258e28b333364efd591a54c71e99bbb0d8fe7e347"},"dob":{"date":"1976-04-24T16:55:25.639Z","age":47},"registered":{"date":"2020-05-17T23:56:56.676Z","age":3},"phone":"(975) 239-7397","cell":"(201) 532-2491","id":{"name":"SSN","value":"761-43-6534"},"picture":{"large":"https://randomuser.me/api/portraits/women/25.jpg","medium":"https://randomuser.me/api/portraits/med/women/25.jpg","thumbnail":"https://randomuser.me/api/portraits/thumb/women/25.jpg"},"nat":"US"}],"info":{"seed":"ea67a75ba621a0c2","results":1,"page":1,"version":"1.4"}} 
 </msg>
<msg time="2024-03-31T22:12:52.477941" level="INFO">/opt/hostedtoolcache/Python/3.12.2/x64/lib/python3.12/site-packages/urllib3/connectionpool.py:1103: InsecureRequestWarning: Unverified HTTPS request is being made to host 'randomuser.me'. Adding certificate verification is strongly advised. See: https://urllib3.readthedocs.io/en/latest/advanced-usage.html#tls-warnings
  warnings.warn(</msg>
<msg time="2024-03-31T22:12:52.478069" level="INFO">${response} = &lt;Response [200]&gt;</msg>
<var>${response}</var>
<arg>consultarAPI</arg>
<arg>/api</arg>
<doc>Sends a GET request on a previously created HTTP Session.</doc>
<status status="PASS" start="2024-03-31T22:12:52.385434" elapsed="0.092676"/>
</kw>
<kw name="Set Variable" owner="BuiltIn">
<msg time="2024-03-31T22:12:52.479214" level="INFO">${json_data} = {'results': [{'gender': 'female', 'name': {'title': 'Ms', 'first': 'Nicole', 'last': 'Carlson'}, 'location': {'street': {'number': 9469, 'name': 'Photinia Ave'}, 'city': 'Anchorage', 'state': 'Minneso...</msg>
<var>${json_data}</var>
<arg>${response.json()}</arg>
<doc>Returns the given values which can then be assigned to a variables.</doc>
<status status="PASS" start="2024-03-31T22:12:52.478654" elapsed="0.000590"/>
</kw>
<kw name="Log" owner="BuiltIn">
<msg time="2024-03-31T22:12:52.479727" level="INFO">{'results': [{'gender': 'female', 'name': {'title': 'Ms', 'first': 'Nicole', 'last': 'Carlson'}, 'location': {'street': {'number': 9469, 'name': 'Photinia Ave'}, 'city': 'Anchorage', 'state': 'Minnesota', 'country': 'United States', 'postcode': 33867, 'coordinates': {'latitude': '84.0062', 'longitude': '113.9223'}, 'timezone': {'offset': '+4:30', 'description': 'Kabul'}}, 'email': 'nicole.carlson@example.com', 'login': {'uuid': 'b1baf907-48a4-4da8-b822-e28e4fc905fb', 'username': 'blacktiger221', 'password': 'bonsai', 'salt': 'GNq2NGCH', 'md5': '3c3df40923b221038a3a2a6038455fc8', 'sha1': 'a27558984db375cc94751a12bf434d99d3ffa824', 'sha256': '52aa897fb3f183edda934bf258e28b333364efd591a54c71e99bbb0d8fe7e347'}, 'dob': {'date': '1976-04-24T16:55:25.639Z', 'age': 47}, 'registered': {'date': '2020-05-17T23:56:56.676Z', 'age': 3}, 'phone': '(975) 239-7397', 'cell': '(201) 532-2491', 'id': {'name': 'SSN', 'value': '761-43-6534'}, 'picture': {'large': 'https://randomuser.me/api/portraits/women/25.jpg', 'medium': 'https://randomuser.me/api/portraits/med/women/25.jpg', 'thumbnail': 'https://randomuser.me/api/portraits/thumb/women/25.jpg'}, 'nat': 'US'}], 'info': {'seed': 'ea67a75ba621a0c2', 'results': 1, 'page': 1, 'version': '1.4'}}</msg>
<arg>${json_data}</arg>
<doc>Logs the given message with the given level.</doc>
<status status="PASS" start="2024-03-31T22:12:52.479564" elapsed="0.000212"/>
</kw>
<kw name="Dictionary Should Contain Key" owner="Collections">
<msg time="2024-03-31T22:12:52.480243" level="INFO">False</msg>
<arg>${json_data}</arg>
<arg>results</arg>
<doc>Fails if ``key`` is not found from ``dictionary``.</doc>
<status status="PASS" start="2024-03-31T22:12:52.480082" elapsed="0.000199"/>
</kw>
<kw name="Should Not Be Empty" owner="BuiltIn">
<msg time="2024-03-31T22:12:52.480715" level="INFO">Length is 2.</msg>
<arg>${json_data}</arg>
<doc>Verifies that the given item is not empty.</doc>
<status status="PASS" start="2024-03-31T22:12:52.480579" elapsed="0.000175"/>
</kw>
<kw name="Create List" owner="BuiltIn">
<msg time="2024-03-31T22:12:52.481209" level="INFO">${expected_keys} = ['gender', 'name', 'location', 'email', 'login']</msg>
<var>${expected_keys}</var>
<arg>gender</arg>
<arg>name</arg>
<arg>location</arg>
<arg>email</arg>
<arg>login</arg>
<doc>Returns a list containing given items.</doc>
<status status="PASS" start="2024-03-31T22:12:52.481051" elapsed="0.000183"/>
</kw>
<for flavor="IN">
<iter>
<kw name="Dictionary Should Contain Key" owner="Collections">
<msg time="2024-03-31T22:12:52.482535" level="INFO">False</msg>
<arg>${json_data['results'][0]}</arg>
<arg>${key}</arg>
<doc>Fails if ``key`` is not found from ``dictionary``.</doc>
<status status="PASS" start="2024-03-31T22:12:52.482098" elapsed="0.000479"/>
</kw>
<kw name="Log" owner="BuiltIn">
<msg time="2024-03-31T22:12:52.483271" level="INFO">{'gender': 'female', 'name': {'title': 'Ms', 'first': 'Nicole', 'last': 'Carlson'}, 'location': {'street': {'number': 9469, 'name': 'Photinia Ave'}, 'city': 'Anchorage', 'state': 'Minnesota', 'country': 'United States', 'postcode': 33867, 'coordinates': {'latitude': '84.0062', 'longitude': '113.9223'}, 'timezone': {'offset': '+4:30', 'description': 'Kabul'}}, 'email': 'nicole.carlson@example.com', 'login': {'uuid': 'b1baf907-48a4-4da8-b822-e28e4fc905fb', 'username': 'blacktiger221', 'password': 'bonsai', 'salt': 'GNq2NGCH', 'md5': '3c3df40923b221038a3a2a6038455fc8', 'sha1': 'a27558984db375cc94751a12bf434d99d3ffa824', 'sha256': '52aa897fb3f183edda934bf258e28b333364efd591a54c71e99bbb0d8fe7e347'}, 'dob': {'date': '1976-04-24T16:55:25.639Z', 'age': 47}, 'registered': {'date': '2020-05-17T23:56:56.676Z', 'age': 3}, 'phone': '(975) 239-7397', 'cell': '(201) 532-2491', 'id': {'name': 'SSN', 'value': '761-43-6534'}, 'picture': {'large': 'https://randomuser.me/api/portraits/women/25.jpg', 'medium': 'https://randomuser.me/api/portraits/med/women/25.jpg', 'thumbnail': 'https://randomuser.me/api/portraits/thumb/women/25.jpg'}, 'nat': 'US'}</msg>
<arg>${json_data['results'][0]}</arg>
<doc>Logs the given message with the given level.</doc>
<status status="PASS" start="2024-03-31T22:12:52.482893" elapsed="0.000432"/>
</kw>
<kw name="Log" owner="BuiltIn">
<msg time="2024-03-31T22:12:52.483769" level="INFO">gender</msg>
<arg>${key}</arg>
<doc>Logs the given message with the given level.</doc>
<status status="PASS" start="2024-03-31T22:12:52.483634" elapsed="0.000174"/>
</kw>
<var name="${key}">gender</var>
<status status="PASS" start="2024-03-31T22:12:52.481905" elapsed="0.002130"/>
</iter>
<iter>
<kw name="Dictionary Should Contain Key" owner="Collections">
<msg time="2024-03-31T22:12:52.484743" level="INFO">False</msg>
<arg>${json_data['results'][0]}</arg>
<arg>${key}</arg>
<doc>Fails if ``key`` is not found from ``dictionary``.</doc>
<status status="PASS" start="2024-03-31T22:12:52.484349" elapsed="0.000433"/>
</kw>
<kw name="Log" owner="BuiltIn">
<msg time="2024-03-31T22:12:52.485523" level="INFO">{'gender': 'female', 'name': {'title': 'Ms', 'first': 'Nicole', 'last': 'Carlson'}, 'location': {'street': {'number': 9469, 'name': 'Photinia Ave'}, 'city': 'Anchorage', 'state': 'Minnesota', 'country': 'United States', 'postcode': 33867, 'coordinates': {'latitude': '84.0062', 'longitude': '113.9223'}, 'timezone': {'offset': '+4:30', 'description': 'Kabul'}}, 'email': 'nicole.carlson@example.com', 'login': {'uuid': 'b1baf907-48a4-4da8-b822-e28e4fc905fb', 'username': 'blacktiger221', 'password': 'bonsai', 'salt': 'GNq2NGCH', 'md5': '3c3df40923b221038a3a2a6038455fc8', 'sha1': 'a27558984db375cc94751a12bf434d99d3ffa824', 'sha256': '52aa897fb3f183edda934bf258e28b333364efd591a54c71e99bbb0d8fe7e347'}, 'dob': {'date': '1976-04-24T16:55:25.639Z', 'age': 47}, 'registered': {'date': '2020-05-17T23:56:56.676Z', 'age': 3}, 'phone': '(975) 239-7397', 'cell': '(201) 532-2491', 'id': {'name': 'SSN', 'value': '761-43-6534'}, 'picture': {'large': 'https://randomuser.me/api/portraits/women/25.jpg', 'medium': 'https://randomuser.me/api/portraits/med/women/25.jpg', 'thumbnail': 'https://randomuser.me/api/portraits/thumb/women/25.jpg'}, 'nat': 'US'}</msg>
<arg>${json_data['results'][0]}</arg>
<doc>Logs the given message with the given level.</doc>
<status status="PASS" start="2024-03-31T22:12:52.485113" elapsed="0.000460"/>
</kw>
<kw name="Log" owner="BuiltIn">
<msg time="2024-03-31T22:12:52.486011" level="INFO">name</msg>
<arg>${key}</arg>
<doc>Logs the given message with the given level.</doc>
<status status="PASS" start="2024-03-31T22:12:52.485879" elapsed="0.000171"/>
</kw>
<var name="${key}">name</var>
<status status="PASS" start="2024-03-31T22:12:52.484230" elapsed="0.002040"/>
</iter>
<iter>
<kw name="Dictionary Should Contain Key" owner="Collections">
<msg time="2024-03-31T22:12:52.486955" level="INFO">False</msg>
<arg>${json_data['results'][0]}</arg>
<arg>${key}</arg>
<doc>Fails if ``key`` is not found from ``dictionary``.</doc>
<status status="PASS" start="2024-03-31T22:12:52.486569" elapsed="0.000425"/>
</kw>
<kw name="Log" owner="BuiltIn">
<msg time="2024-03-31T22:12:52.487661" level="INFO">{'gender': 'female', 'name': {'title': 'Ms', 'first': 'Nicole', 'last': 'Carlson'}, 'location': {'street': {'number': 9469, 'name': 'Photinia Ave'}, 'city': 'Anchorage', 'state': 'Minnesota', 'country': 'United States', 'postcode': 33867, 'coordinates': {'latitude': '84.0062', 'longitude': '113.9223'}, 'timezone': {'offset': '+4:30', 'description': 'Kabul'}}, 'email': 'nicole.carlson@example.com', 'login': {'uuid': 'b1baf907-48a4-4da8-b822-e28e4fc905fb', 'username': 'blacktiger221', 'password': 'bonsai', 'salt': 'GNq2NGCH', 'md5': '3c3df40923b221038a3a2a6038455fc8', 'sha1': 'a27558984db375cc94751a12bf434d99d3ffa824', 'sha256': '52aa897fb3f183edda934bf258e28b333364efd591a54c71e99bbb0d8fe7e347'}, 'dob': {'date': '1976-04-24T16:55:25.639Z', 'age': 47}, 'registered': {'date': '2020-05-17T23:56:56.676Z', 'age': 3}, 'phone': '(975) 239-7397', 'cell': '(201) 532-2491', 'id': {'name': 'SSN', 'value': '761-43-6534'}, 'picture': {'large': 'https://randomuser.me/api/portraits/women/25.jpg', 'medium': 'https://randomuser.me/api/portraits/med/women/25.jpg', 'thumbnail': 'https://randomuser.me/api/portraits/thumb/women/25.jpg'}, 'nat': 'US'}</msg>
<arg>${json_data['results'][0]}</arg>
<doc>Logs the given message with the given level.</doc>
<status status="PASS" start="2024-03-31T22:12:52.487295" elapsed="0.000418"/>
</kw>
<kw name="Log" owner="BuiltIn">
<msg time="2024-03-31T22:12:52.488266" level="INFO">location</msg>
<arg>${key}</arg>
<doc>Logs the given message with the given level.</doc>
<status status="PASS" start="2024-03-31T22:12:52.488079" elapsed="0.000250"/>
</kw>
<var name="${key}">location</var>
<status status="PASS" start="2024-03-31T22:12:52.486454" elapsed="0.002163"/>
</iter>
<iter>
<kw name="Dictionary Should Contain Key" owner="Collections">
<msg time="2024-03-31T22:12:52.489306" level="INFO">False</msg>
<arg>${json_data['results'][0]}</arg>
<arg>${key}</arg>
<doc>Fails if ``key`` is not found from ``dictionary``.</doc>
<status status="PASS" start="2024-03-31T22:12:52.488913" elapsed="0.000431"/>
</kw>
<kw name="Log" owner="BuiltIn">
<msg time="2024-03-31T22:12:52.490042" level="INFO">{'gender': 'female', 'name': {'title': 'Ms', 'first': 'Nicole', 'last': 'Carlson'}, 'location': {'street': {'number': 9469, 'name': 'Photinia Ave'}, 'city': 'Anchorage', 'state': 'Minnesota', 'country': 'United States', 'postcode': 33867, 'coordinates': {'latitude': '84.0062', 'longitude': '113.9223'}, 'timezone': {'offset': '+4:30', 'description': 'Kabul'}}, 'email': 'nicole.carlson@example.com', 'login': {'uuid': 'b1baf907-48a4-4da8-b822-e28e4fc905fb', 'username': 'blacktiger221', 'password': 'bonsai', 'salt': 'GNq2NGCH', 'md5': '3c3df40923b221038a3a2a6038455fc8', 'sha1': 'a27558984db375cc94751a12bf434d99d3ffa824', 'sha256': '52aa897fb3f183edda934bf258e28b333364efd591a54c71e99bbb0d8fe7e347'}, 'dob': {'date': '1976-04-24T16:55:25.639Z', 'age': 47}, 'registered': {'date': '2020-05-17T23:56:56.676Z', 'age': 3}, 'phone': '(975) 239-7397', 'cell': '(201) 532-2491', 'id': {'name': 'SSN', 'value': '761-43-6534'}, 'picture': {'large': 'https://randomuser.me/api/portraits/women/25.jpg', 'medium': 'https://randomuser.me/api/portraits/med/women/25.jpg', 'thumbnail': 'https://randomuser.me/api/portraits/thumb/women/25.jpg'}, 'nat': 'US'}</msg>
<arg>${json_data['results'][0]}</arg>
<doc>Logs the given message with the given level.</doc>
<status status="PASS" start="2024-03-31T22:12:52.489681" elapsed="0.000410"/>
</kw>
<kw name="Log" owner="BuiltIn">
<msg time="2024-03-31T22:12:52.490515" level="INFO">email</msg>
<arg>${key}</arg>
<doc>Logs the given message with the given level.</doc>
<status status="PASS" start="2024-03-31T22:12:52.490387" elapsed="0.000166"/>
</kw>
<var name="${key}">email</var>
<status status="PASS" start="2024-03-31T22:12:52.488798" elapsed="0.001973"/>
</iter>
<iter>
<kw name="Dictionary Should Contain Key" owner="Collections">
<msg time="2024-03-31T22:12:52.491458" level="INFO">False</msg>
<arg>${json_data['results'][0]}</arg>
<arg>${key}</arg>
<doc>Fails if ``key`` is not found from ``dictionary``.</doc>
<status status="PASS" start="2024-03-31T22:12:52.491066" elapsed="0.000430"/>
</kw>
<kw name="Log" owner="BuiltIn">
<msg time="2024-03-31T22:12:52.492149" level="INFO">{'gender': 'female', 'name': {'title': 'Ms', 'first': 'Nicole', 'last': 'Carlson'}, 'location': {'street': {'number': 9469, 'name': 'Photinia Ave'}, 'city': 'Anchorage', 'state': 'Minnesota', 'country': 'United States', 'postcode': 33867, 'coordinates': {'latitude': '84.0062', 'longitude': '113.9223'}, 'timezone': {'offset': '+4:30', 'description': 'Kabul'}}, 'email': 'nicole.carlson@example.com', 'login': {'uuid': 'b1baf907-48a4-4da8-b822-e28e4fc905fb', 'username': 'blacktiger221', 'password': 'bonsai', 'salt': 'GNq2NGCH', 'md5': '3c3df40923b221038a3a2a6038455fc8', 'sha1': 'a27558984db375cc94751a12bf434d99d3ffa824', 'sha256': '52aa897fb3f183edda934bf258e28b333364efd591a54c71e99bbb0d8fe7e347'}, 'dob': {'date': '1976-04-24T16:55:25.639Z', 'age': 47}, 'registered': {'date': '2020-05-17T23:56:56.676Z', 'age': 3}, 'phone': '(975) 239-7397', 'cell': '(201) 532-2491', 'id': {'name': 'SSN', 'value': '761-43-6534'}, 'picture': {'large': 'https://randomuser.me/api/portraits/women/25.jpg', 'medium': 'https://randomuser.me/api/portraits/med/women/25.jpg', 'thumbnail': 'https://randomuser.me/api/portraits/thumb/women/25.jpg'}, 'nat': 'US'}</msg>
<arg>${json_data['results'][0]}</arg>
<doc>Logs the given message with the given level.</doc>
<status status="PASS" start="2024-03-31T22:12:52.491790" elapsed="0.000407"/>
</kw>
<kw name="Log" owner="BuiltIn">
<msg time="2024-03-31T22:12:52.492618" level="INFO">login</msg>
<arg>${key}</arg>
<doc>Logs the given message with the given level.</doc>
<status status="PASS" start="2024-03-31T22:12:52.492490" elapsed="0.000275"/>
</kw>
<var name="${key}">login</var>
<status status="PASS" start="2024-03-31T22:12:52.490948" elapsed="0.002055"/>
</iter>
<var>${key}</var>
<value>@{expected_keys}</value>
<status status="PASS" start="2024-03-31T22:12:52.481636" elapsed="0.011517"/>
</for>
<kw name="Create List" owner="BuiltIn">
<msg time="2024-03-31T22:12:52.493534" level="INFO">${expected_keysTwo} = ['username', 'password']</msg>
<var>${expected_keysTwo}</var>
<arg>username</arg>
<arg>password</arg>
<doc>Returns a list containing given items.</doc>
<status status="PASS" start="2024-03-31T22:12:52.493385" elapsed="0.000174"/>
</kw>
<for flavor="IN">
<iter>
<kw name="Dictionary Should Contain Key" owner="Collections">
<msg time="2024-03-31T22:12:52.494466" level="INFO">False</msg>
<arg>${json_data['results'][0]['login']}</arg>
<arg>${keyTwo}</arg>
<doc>Fails if ``key`` is not found from ``dictionary``.</doc>
<status status="PASS" start="2024-03-31T22:12:52.494071" elapsed="0.000434"/>
</kw>
<kw name="Dictionary Should Contain Key" owner="Collections">
<msg time="2024-03-31T22:12:52.495196" level="INFO">False</msg>
<arg>${json_data['results'][0]['login']}</arg>
<arg>${keyTwo}</arg>
<doc>Fails if ``key`` is not found from ``dictionary``.</doc>
<status status="PASS" start="2024-03-31T22:12:52.494807" elapsed="0.000427"/>
</kw>
<kw name="Log" owner="BuiltIn">
<msg time="2024-03-31T22:12:52.495660" level="INFO">username</msg>
<arg>${keyTwo}</arg>
<doc>Logs the given message with the given level.</doc>
<status status="PASS" start="2024-03-31T22:12:52.495531" elapsed="0.000167"/>
</kw>
<var name="${keyTwo}">username</var>
<status status="PASS" start="2024-03-31T22:12:52.493956" elapsed="0.001960"/>
</iter>
<iter>
<kw name="Dictionary Should Contain Key" owner="Collections">
<msg time="2024-03-31T22:12:52.496582" level="INFO">False</msg>
<arg>${json_data['results'][0]['login']}</arg>
<arg>${keyTwo}</arg>
<doc>Fails if ``key`` is not found from ``dictionary``.</doc>
<status status="PASS" start="2024-03-31T22:12:52.496205" elapsed="0.000415"/>
</kw>
<kw name="Dictionary Should Contain Key" owner="Collections">
<msg time="2024-03-31T22:12:52.497298" level="INFO">False</msg>
<arg>${json_data['results'][0]['login']}</arg>
<arg>${keyTwo}</arg>
<doc>Fails if ``key`` is not found from ``dictionary``.</doc>
<status status="PASS" start="2024-03-31T22:12:52.496915" elapsed="0.000419"/>
</kw>
<kw name="Log" owner="BuiltIn">
<msg time="2024-03-31T22:12:52.497796" level="INFO">password</msg>
<arg>${keyTwo}</arg>
<doc>Logs the given message with the given level.</doc>
<status status="PASS" start="2024-03-31T22:12:52.497667" elapsed="0.000166"/>
</kw>
<var name="${keyTwo}">password</var>
<status status="PASS" start="2024-03-31T22:12:52.496093" elapsed="0.001959"/>
</iter>
<var>${keyTwo}</var>
<value>@{expected_keysTwo}</value>
<status status="PASS" start="2024-03-31T22:12:52.493801" elapsed="0.004374"/>
</for>
<status status="PASS" start="2024-03-31T22:12:52.385024" elapsed="0.113292"/>
</kw>
<doc>Testa a estrutura da resposta da API.</doc>
<tag>testeEstruturaResposta</tag>
<status status="PASS" start="2024-03-31T22:12:52.384081" elapsed="0.114399"/>
</test>
<test id="s1-s1-t4" name="Validar tipos de dados" line="28">
<kw name="Teste de Tipos de Dados" owner="random-user-service">
<kw name="GET On Session" owner="RequestsLibrary">
<msg time="2024-03-31T22:12:52.581206" level="INFO">GET Request : url=https://randomuser.me/api 
 path_url=/api 
 headers={'User-Agent': 'python-requests/2.31.0', 'Accept-Encoding': 'gzip, deflate', 'Accept': '*/*', 'Connection': 'keep-alive'} 
 body=None 
 </msg>
<msg time="2024-03-31T22:12:52.581307" level="INFO">GET Response : url=https://randomuser.me/api 
 status=200, reason=OK 
 headers={'Date': 'Sun, 31 Mar 2024 22:12:52 GMT', 'Content-Type': 'application/json; charset=utf-8', 'Transfer-Encoding': 'chunked', 'Connection': 'keep-alive', 'X-Powered-By': 'Express', 'Access-Control-Allow-Origin': '*', 'Cache-Control': 'no-cache', 'ETag': 'W/"482-w1jD3LhZFvw5XnQNxR9Viqg/VZ0"', 'Vary': 'Accept-Encoding', 'Content-Encoding': 'gzip', 'CF-Cache-Status': 'DYNAMIC', 'Report-To': '{"endpoints":[{"url":"https:\\/\\/a.nel.cloudflare.com\\/report\\/v4?s=gBIN%2F95sMWH29%2BBoio8%2Bw7tx2NxBZBh3jCylPsuEy2SOleL1bc628%2Fe5Yylgk1ivzKwG76m8hV2BA%2FMWIMWulFYJ0qfwRhQmpVlCL2iF8VBStyXH3pRWLZA1ywME%2BOCC"}],"group":"cf-nel","max_age":604800}', 'NEL': '{"success_fraction":0,"report_to":"cf-nel","max_age":604800}', 'Server': 'cloudflare', 'CF-RAY': '86d3aef42dd958c6-IAD', 'alt-svc': 'h3=":443"; ma=86400'} 
 body={"results":[{"gender":"female","name":{"title":"Ms","first":"بهار","last":"حسینی"},"location":{"street":{"number":6919,"name":"سهروردی"},"city":"سیرجان","state":"کرمان","country":"Iran","postcode":85846,"coordinates":{"latitude":"21.2265","longitude":"165.0781"},"timezone":{"offset":"-11:00","description":"Midway Island, Samoa"}},"email":"bhr.hsyny@example.com","login":{"uuid":"31b0b59d-d362-4967-971c-55fe9141905c","username":"smallgoose407","password":"atlantis","salt":"nyhLxEwD","md5":"cb80cfc13e91c09457b2e9bd2a7e2a10","sha1":"115d57b9a01c819a504daf9e131b642ce33b7cdd","sha256":"6042b23a36979a9a28643ceca7ba7ea7172b77896233e3b04fa7a982f95963fd"},"dob":{"date":"1998-06-30T04:15:05.275Z","age":25},"registered":{"date":"2020-08-20T06:06:50.403Z","age":3},"phone":"012-16037399","cell":"0993-009-6851","id":{"name":"","value":null},"picture":{"large":"https://randomuser.me/api/portraits/women/54.jpg","medium":"https://randomuser.me/api/portraits/med/women/54.jpg","thumbnail":"https://randomuser.me/api/portraits/thumb/women/54.jpg"},"nat":"IR"}],"info":{"seed":"1ad3a773092f127c","results":1,"page":1,"version":"1.4"}} 
 </msg>
<msg time="2024-03-31T22:12:52.581424" level="INFO">/opt/hostedtoolcache/Python/3.12.2/x64/lib/python3.12/site-packages/urllib3/connectionpool.py:1103: InsecureRequestWarning: Unverified HTTPS request is being made to host 'randomuser.me'. Adding certificate verification is strongly advised. See: https://urllib3.readthedocs.io/en/latest/advanced-usage.html#tls-warnings
  warnings.warn(</msg>
<msg time="2024-03-31T22:12:52.581576" level="INFO">${response} = &lt;Response [200]&gt;</msg>
<var>${response}</var>
<arg>consultarAPI</arg>
<arg>/api</arg>
<doc>Sends a GET request on a previously created HTTP Session.</doc>
<status status="PASS" start="2024-03-31T22:12:52.501018" elapsed="0.080601"/>
</kw>
<kw name="Set Variable" owner="BuiltIn">
<msg time="2024-03-31T22:12:52.582757" level="INFO">${json_data} = {'results': [{'gender': 'female', 'name': {'title': 'Ms', 'first': 'بهار', 'last': 'حسینی'}, 'location': {'street': {'number': 6919, 'name': 'سهروردی'}, 'city': 'سیرجان', 'state': 'کرمان', 'country': ...</msg>
<var>${json_data}</var>
<arg>${response.json()}</arg>
<doc>Returns the given values which can then be assigned to a variables.</doc>
<status status="PASS" start="2024-03-31T22:12:52.582207" elapsed="0.000580"/>
</kw>
<kw name="Log" owner="BuiltIn">
<msg time="2024-03-31T22:12:52.583268" level="INFO">{'results': [{'gender': 'female', 'name': {'title': 'Ms', 'first': 'بهار', 'last': 'حسینی'}, 'location': {'street': {'number': 6919, 'name': 'سهروردی'}, 'city': 'سیرجان', 'state': 'کرمان', 'country': 'Iran', 'postcode': 85846, 'coordinates': {'latitude': '21.2265', 'longitude': '165.0781'}, 'timezone': {'offset': '-11:00', 'description': 'Midway Island, Samoa'}}, 'email': 'bhr.hsyny@example.com', 'login': {'uuid': '31b0b59d-d362-4967-971c-55fe9141905c', 'username': 'smallgoose407', 'password': 'atlantis', 'salt': 'nyhLxEwD', 'md5': 'cb80cfc13e91c09457b2e9bd2a7e2a10', 'sha1': '115d57b9a01c819a504daf9e131b642ce33b7cdd', 'sha256': '6042b23a36979a9a28643ceca7ba7ea7172b77896233e3b04fa7a982f95963fd'}, 'dob': {'date': '1998-06-30T04:15:05.275Z', 'age': 25}, 'registered': {'date': '2020-08-20T06:06:50.403Z', 'age': 3}, 'phone': '012-16037399', 'cell': '0993-009-6851', 'id': {'name': '', 'value': None}, 'picture': {'large': 'https://randomuser.me/api/portraits/women/54.jpg', 'medium': 'https://randomuser.me/api/portraits/med/women/54.jpg', 'thumbnail': 'https://randomuser.me/api/portraits/thumb/women/54.jpg'}, 'nat': 'IR'}], 'info': {'seed': '1ad3a773092f127c', 'results': 1, 'page': 1, 'version': '1.4'}}</msg>
<arg>${json_data}</arg>
<doc>Logs the given message with the given level.</doc>
<status status="PASS" start="2024-03-31T22:12:52.583105" elapsed="0.000253"/>
</kw>
<kw name="Should Be String" owner="String">
<arg>${json_data['results'][0]['gender']}</arg>
<doc>Fails if the given ``item`` is not a string.</doc>
<status status="PASS" start="2024-03-31T22:12:52.583660" elapsed="0.000376"/>
</kw>
<kw name="Should Match Regexp" owner="BuiltIn">
<arg>${json_data['results'][0]['email']}</arg>
<arg>^[a-zA-Z0-9._%+-]+@[a-zA-Z0-9.-]+\.[a-zA-Z]{2,}$</arg>
<doc>Fails if ``string`` does not match ``pattern`` as a regular expression.</doc>
<status status="PASS" start="2024-03-31T22:12:52.584232" elapsed="0.000526"/>
</kw>
<kw name="Should Match Regexp" owner="BuiltIn">
<arg>${json_data['results'][0]['dob']['date']}</arg>
<arg>\\d{4}-\\d{2}-\\d{2}T\\d{2}:\\d{2}:\\d{2}\\.\\d{3}Z</arg>
<doc>Fails if ``string`` does not match ``pattern`` as a regular expression.</doc>
<status status="PASS" start="2024-03-31T22:12:52.584953" elapsed="0.000520"/>
</kw>
<kw name="Should Match Regexp" owner="BuiltIn">
<arg>${json_data['results'][0]['registered']['date']}</arg>
<arg>\\d{4}-\\d{2}-\\d{2}T\\d{2}:\\d{2}:\\d{2}\\.\\d{3}Z</arg>
<doc>Fails if ``string`` does not match ``pattern`` as a regular expression.</doc>
<status status="PASS" start="2024-03-31T22:12:52.585668" elapsed="0.000372"/>
</kw>
<kw name="Should Match Regexp" owner="BuiltIn">
<arg>${json_data['results'][0]['picture']['large']}</arg>
<arg>^https?://.*\.(?:png|jpe?g|gif|bmp)$</arg>
<doc>Fails if ``string`` does not match ``pattern`` as a regular expression.</doc>
<status status="PASS" start="2024-03-31T22:12:52.586227" elapsed="0.000464"/>
</kw>
<kw name="Should Match Regexp" owner="BuiltIn">
<arg>${json_data['results'][0]['picture']['medium']}</arg>
<arg>^https?://.*\.(?:png|jpe?g|gif|bmp)$</arg>
<doc>Fails if ``string`` does not match ``pattern`` as a regular expression.</doc>
<status status="PASS" start="2024-03-31T22:12:52.586877" elapsed="0.000358"/>
</kw>
<kw name="Should Match Regexp" owner="BuiltIn">
<arg>${json_data['results'][0]['picture']['thumbnail']}</arg>
<arg>^https?://.*\.(?:png|jpe?g|gif|bmp)$</arg>
<doc>Fails if ``string`` does not match ``pattern`` as a regular expression.</doc>
<status status="PASS" start="2024-03-31T22:12:52.587419" elapsed="0.000350"/>
</kw>
<kw name="Log" owner="BuiltIn">
<msg time="2024-03-31T22:12:52.588281" level="INFO">{'large': 'https://randomuser.me/api/portraits/women/54.jpg', 'medium': 'https://randomuser.me/api/portraits/med/women/54.jpg', 'thumbnail': 'https://randomuser.me/api/portraits/thumb/women/54.jpg'}</msg>
<arg>${json_data['results'][0]['picture']}</arg>
<doc>Logs the given message with the given level.</doc>
<status status="PASS" start="2024-03-31T22:12:52.587951" elapsed="0.000377"/>
</kw>
<status status="PASS" start="2024-03-31T22:12:52.500790" elapsed="0.087805"/>
</kw>
<kw name="Teste de Tipos de Dados - Postcode" owner="random-user-service">
<kw name="GET On Session" owner="RequestsLibrary">
<msg time="2024-03-31T22:12:52.675297" level="INFO">GET Request : url=https://randomuser.me/api 
 path_url=/api 
 headers={'User-Agent': 'python-requests/2.31.0', 'Accept-Encoding': 'gzip, deflate', 'Accept': '*/*', 'Connection': 'keep-alive'} 
 body=None 
 </msg>
<msg time="2024-03-31T22:12:52.675394" level="INFO">GET Response : url=https://randomuser.me/api 
 status=200, reason=OK 
 headers={'Date': 'Sun, 31 Mar 2024 22:12:52 GMT', 'Content-Type': 'application/json; charset=utf-8', 'Transfer-Encoding': 'chunked', 'Connection': 'keep-alive', 'X-Powered-By': 'Express', 'Access-Control-Allow-Origin': '*', 'Cache-Control': 'no-cache', 'ETag': 'W/"489-VTV69rn6Kq89gsYsFuJf+QfUE8s"', 'Vary': 'Accept-Encoding', 'Content-Encoding': 'gzip', 'CF-Cache-Status': 'DYNAMIC', 'Report-To': '{"endpoints":[{"url":"https:\\/\\/a.nel.cloudflare.com\\/report\\/v4?s=SHJg93ylMp2GPxODHtNNeY7Wugs8ItcUpjlVEB29SHsJ6TER5pbsRQZVuP9tbOBw6eBlVHyfQjpec64GAHt98Rf2j1RU6%2Flwke8cID%2BcriBoH%2BYBuhuvyWnj2vGZ7vQJ"}],"group":"cf-nel","max_age":604800}', 'NEL': '{"success_fraction":0,"report_to":"cf-nel","max_age":604800}', 'Server': 'cloudflare', 'CF-RAY': '86d3aef4be6158c6-IAD', 'alt-svc': 'h3=":443"; ma=86400'} 
 body={"results":[{"gender":"female","name":{"title":"Mrs","first":"Iva","last":"Novak"},"location":{"street":{"number":632,"name":"Stevana Sremca"},"city":"Aleksinac","state":"Kosovo-Pomoravlje","country":"Serbia","postcode":93698,"coordinates":{"latitude":"57.4058","longitude":"44.2538"},"timezone":{"offset":"-1:00","description":"Azores, Cape Verde Islands"}},"email":"iva.novak@example.com","login":{"uuid":"47561d03-e57d-413d-b6f0-7abe6e701a45","username":"angryladybug712","password":"woof","salt":"tD1ho2oA","md5":"88093df1efe315ec8d9d837c6ff3a861","sha1":"8027a15c6bc0d39de9026ceffd03f16474621fbf","sha256":"bb9e734b6ff0b1aa5ae978f2a16634e3d25eda9c771b5cbf32b44ac62b703f32"},"dob":{"date":"1986-01-08T00:48:26.118Z","age":38},"registered":{"date":"2020-08-11T20:14:27.173Z","age":3},"phone":"034-0062-381","cell":"061-0496-515","id":{"name":"SID","value":"965940842"},"picture":{"large":"https://randomuser.me/api/portraits/women/42.jpg","medium":"https://randomuser.me/api/portraits/med/women/42.jpg","thumbnail":"https://randomuser.me/api/portraits/thumb/women/42.jpg"},"nat":"RS"}],"info":{"seed":"aa1b66ed7a24ba64","results":1,"page":1,"version":"1.4"}} 
 </msg>
<msg time="2024-03-31T22:12:52.675478" level="INFO">/opt/hostedtoolcache/Python/3.12.2/x64/lib/python3.12/site-packages/urllib3/connectionpool.py:1103: InsecureRequestWarning: Unverified HTTPS request is being made to host 'randomuser.me'. Adding certificate verification is strongly advised. See: https://urllib3.readthedocs.io/en/latest/advanced-usage.html#tls-warnings
  warnings.warn(</msg>
<msg time="2024-03-31T22:12:52.675620" level="INFO">${response} = &lt;Response [200]&gt;</msg>
<var>${response}</var>
<arg>consultarAPI</arg>
<arg>/api</arg>
<doc>Sends a GET request on a previously created HTTP Session.</doc>
<status status="PASS" start="2024-03-31T22:12:52.589223" elapsed="0.086436"/>
</kw>
<kw name="Set Variable" owner="BuiltIn">
<msg time="2024-03-31T22:12:52.676670" level="INFO">${json_data} = {'results': [{'gender': 'female', 'name': {'title': 'Mrs', 'first': 'Iva', 'last': 'Novak'}, 'location': {'street': {'number': 632, 'name': 'Stevana Sremca'}, 'city': 'Aleksinac', 'state': 'Kosovo-Pom...</msg>
<var>${json_data}</var>
<arg>${response.json()}</arg>
<doc>Returns the given values which can then be assigned to a variables.</doc>
<status status="PASS" start="2024-03-31T22:12:52.676166" elapsed="0.000532"/>
</kw>
<kw name="Log" owner="BuiltIn">
<msg time="2024-03-31T22:12:52.677158" level="INFO">{'results': [{'gender': 'female', 'name': {'title': 'Mrs', 'first': 'Iva', 'last': 'Novak'}, 'location': {'street': {'number': 632, 'name': 'Stevana Sremca'}, 'city': 'Aleksinac', 'state': 'Kosovo-Pomoravlje', 'country': 'Serbia', 'postcode': 93698, 'coordinates': {'latitude': '57.4058', 'longitude': '44.2538'}, 'timezone': {'offset': '-1:00', 'description': 'Azores, Cape Verde Islands'}}, 'email': 'iva.novak@example.com', 'login': {'uuid': '47561d03-e57d-413d-b6f0-7abe6e701a45', 'username': 'angryladybug712', 'password': 'woof', 'salt': 'tD1ho2oA', 'md5': '88093df1efe315ec8d9d837c6ff3a861', 'sha1': '8027a15c6bc0d39de9026ceffd03f16474621fbf', 'sha256': 'bb9e734b6ff0b1aa5ae978f2a16634e3d25eda9c771b5cbf32b44ac62b703f32'}, 'dob': {'date': '1986-01-08T00:48:26.118Z', 'age': 38}, 'registered': {'date': '2020-08-11T20:14:27.173Z', 'age': 3}, 'phone': '034-0062-381', 'cell': '061-0496-515', 'id': {'name': 'SID', 'value': '965940842'}, 'picture': {'large': 'https://randomuser.me/api/portraits/women/42.jpg', 'medium': 'https://randomuser.me/api/portraits/med/women/42.jpg', 'thumbnail': 'https://randomuser.me/api/portraits/thumb/women/42.jpg'}, 'nat': 'RS'}], 'info': {'seed': 'aa1b66ed7a24ba64', 'results': 1, 'page': 1, 'version': '1.4'}}</msg>
<arg>${json_data}</arg>
<doc>Logs the given message with the given level.</doc>
<status status="PASS" start="2024-03-31T22:12:52.677003" elapsed="0.000237"/>
</kw>
<kw name="Should Be Equal As Numbers" owner="BuiltIn">
<arg>${json_data['results'][0]['location']['postcode']}</arg>
<arg>${json_data['results'][0]['location']['postcode']}</arg>
<doc>Fails if objects are unequal after converting them to real numbers.</doc>
<status status="PASS" start="2024-03-31T22:12:52.677565" elapsed="0.000626"/>
</kw>
<kw name="Log" owner="BuiltIn">
<msg time="2024-03-31T22:12:52.678711" level="INFO">93698</msg>
<arg>${json_data['results'][0]['location']['postcode']}</arg>
<doc>Logs the given message with the given level.</doc>
<status status="PASS" start="2024-03-31T22:12:52.678381" elapsed="0.000370"/>
</kw>
<status status="PASS" start="2024-03-31T22:12:52.588831" elapsed="0.090175"/>
</kw>
<doc>Testa se os tipos de dados na resposta da API estão corretos.</doc>
<tag>testeTiposDados</tag>
<status status="PASS" start="2024-03-31T22:12:52.500255" elapsed="0.178924"/>
</test>
<test id="s1-s1-t5" name="Validar conteudo" line="35">
<kw name="Teste de Tipos de Conteudo" owner="random-user-service">
<kw name="GET On Session" owner="RequestsLibrary">
<msg time="2024-03-31T22:12:52.782411" level="INFO">GET Request : url=https://randomuser.me/api 
 path_url=/api 
 headers={'User-Agent': 'python-requests/2.31.0', 'Accept-Encoding': 'gzip, deflate', 'Accept': '*/*', 'Connection': 'keep-alive'} 
 body=None 
 </msg>
<msg time="2024-03-31T22:12:52.782509" level="INFO">GET Response : url=https://randomuser.me/api 
 status=200, reason=OK 
 headers={'Date': 'Sun, 31 Mar 2024 22:12:52 GMT', 'Content-Type': 'application/json; charset=utf-8', 'Transfer-Encoding': 'chunked', 'Connection': 'keep-alive', 'X-Powered-By': 'Express', 'Access-Control-Allow-Origin': '*', 'Cache-Control': 'no-cache', 'ETag': 'W/"4b0-+ezAVKHy7p9d1WfQ3UolAzQu6uc"', 'Vary': 'Accept-Encoding', 'Content-Encoding': 'gzip', 'CF-Cache-Status': 'DYNAMIC', 'Report-To': '{"endpoints":[{"url":"https:\\/\\/a.nel.cloudflare.com\\/report\\/v4?s=GtC6BxSMaeuFKHGMo63fmNGl9FSGzW8aH%2BcETVoGEXxlPw4%2FEjxaLWsDC2Wp07ZmsPzV7Bi2TP4qWW8OjZ1LtCY7uR%2FF9q%2FXgTlqfrxoY7sYjGlN3Y9N6NMzrrtBqiJ%2F"}],"group":"cf-nel","max_age":604800}', 'NEL': '{"success_fraction":0,"report_to":"cf-nel","max_age":604800}', 'Server': 'cloudflare', 'CF-RAY': '86d3aef54ee458c6-IAD', 'alt-svc': 'h3=":443"; ma=86400'} 
 body={"results":[{"gender":"female","name":{"title":"Mrs","first":"Dalia","last":"Limón"},"location":{"street":{"number":3554,"name":"Calle Tlaxcala"},"city":"Gabriel Zamora (Lombardia)","state":"Chihuahua","country":"Mexico","postcode":89935,"coordinates":{"latitude":"26.9628","longitude":"57.6631"},"timezone":{"offset":"+3:00","description":"Baghdad, Riyadh, Moscow, St. Petersburg"}},"email":"dalia.limon@example.com","login":{"uuid":"47785342-e90d-48ef-b434-19f2e8827685","username":"crazybird631","password":"cameron","salt":"LdYF57np","md5":"b1740e06c56e7e57544b76040ced360b","sha1":"e70a6aa5740b186d31fa81fa9a7b1d1c7976c66b","sha256":"95e2bccbb7528910f43240d2ad45279eaeee0770c963e4ba6d876d776071d732"},"dob":{"date":"1999-07-03T14:05:49.172Z","age":24},"registered":{"date":"2005-07-09T12:13:32.885Z","age":18},"phone":"(655) 144 5359","cell":"(673) 289 9337","id":{"name":"NSS","value":"77 25 29 3549 5"},"picture":{"large":"https://randomuser.me/api/portraits/women/85.jpg","medium":"https://randomuser.me/api/portraits/med/women/85.jpg","thumbnail":"https://randomuser.me/api/portraits/thumb/women/85.jpg"},"nat":"MX"}],"info":{"seed":"366e69470dac9cd3","results":1,"page":1,"version":"1.4"}} 
 </msg>
<msg time="2024-03-31T22:12:52.782578" level="INFO">/opt/hostedtoolcache/Python/3.12.2/x64/lib/python3.12/site-packages/urllib3/connectionpool.py:1103: InsecureRequestWarning: Unverified HTTPS request is being made to host 'randomuser.me'. Adding certificate verification is strongly advised. See: https://urllib3.readthedocs.io/en/latest/advanced-usage.html#tls-warnings
  warnings.warn(</msg>
<msg time="2024-03-31T22:12:52.782717" level="INFO">${response} = &lt;Response [200]&gt;</msg>
<var>${response}</var>
<arg>consultarAPI</arg>
<arg>/api</arg>
<doc>Sends a GET request on a previously created HTTP Session.</doc>
<status status="PASS" start="2024-03-31T22:12:52.681606" elapsed="0.101142"/>
</kw>
<kw name="Set Variable" owner="BuiltIn">
<msg time="2024-03-31T22:12:52.783768" level="INFO">${json_data} = {'results': [{'gender': 'female', 'name': {'title': 'Mrs', 'first': 'Dalia', 'last': 'Limón'}, 'location': {'street': {'number': 3554, 'name': 'Calle Tlaxcala'}, 'city': 'Gabriel Zamora (Lombardia)', ...</msg>
<var>${json_data}</var>
<arg>${response.json()}</arg>
<doc>Returns the given values which can then be assigned to a variables.</doc>
<status status="PASS" start="2024-03-31T22:12:52.783253" elapsed="0.000545"/>
</kw>
<kw name="Set Variable" owner="BuiltIn">
<msg time="2024-03-31T22:12:52.784491" level="INFO">${name_title} = Mrs</msg>
<var>${name_title}</var>
<arg>${json_data["results"][0]["name"]["title"]}</arg>
<doc>Returns the given values which can then be assigned to a variables.</doc>
<status status="PASS" start="2024-03-31T22:12:52.784109" elapsed="0.000408"/>
</kw>
<kw name="Create List" owner="BuiltIn">
<msg time="2024-03-31T22:12:52.784967" level="INFO">${allowed_titles} = ['Mr', 'Ms', 'Miss', 'Mrs', 'Madame', 'Monsieur']</msg>
<var>${allowed_titles}</var>
<arg>Mr</arg>
<arg>Ms</arg>
<arg>Miss</arg>
<arg>Mrs</arg>
<arg>Madame</arg>
<arg>Monsieur</arg>
<doc>Returns a list containing given items.</doc>
<status status="PASS" start="2024-03-31T22:12:52.784816" elapsed="0.000175"/>
</kw>
<kw name="List Should Contain Value" owner="Collections">
<msg time="2024-03-31T22:12:52.785506" level="INFO">False</msg>
<arg>${allowed_titles}</arg>
<arg>${name_title}</arg>
<doc>Fails if the ``value`` is not found from ``list``.</doc>
<status status="PASS" start="2024-03-31T22:12:52.785295" elapsed="0.000262"/>
</kw>
<kw name="Set Variable" owner="BuiltIn">
<msg time="2024-03-31T22:12:52.786230" level="INFO">${name_country} = MX</msg>
<var>${name_country}</var>
<arg>${json_data["results"][0]["nat"]}</arg>
<doc>Returns the given values which can then be assigned to a variables.</doc>
<status status="PASS" start="2024-03-31T22:12:52.785852" elapsed="0.000402"/>
</kw>
<kw name="Create List" owner="BuiltIn">
<msg time="2024-03-31T22:12:52.787166" level="INFO">${list_country} = ['AD', 'AE', 'AF', 'AG', 'AI', 'AL', 'AM', 'AO', 'AQ', 'AR', 'AS', 'AT', 'AU', 'AW', 'AX', 'AZ', 'BA', 'BB', 'BD', 'BE', 'BF', 'BG', 'BH', 'BI', 'BJ', 'BL', 'BM', 'BN', 'BO', 'BQ', 'BR', 'BS', 'BT', '...</msg>
<var>${list_country}</var>
<arg>AD</arg>
<arg>AE</arg>
<arg>AF</arg>
<arg>AG</arg>
<arg>AI</arg>
<arg>AL</arg>
<arg>AM</arg>
<arg>AO</arg>
<arg>AQ</arg>
<arg>AR</arg>
<arg>AS</arg>
<arg>AT</arg>
<arg>AU</arg>
<arg>AW</arg>
<arg>AX</arg>
<arg>AZ</arg>
<arg>BA</arg>
<arg>BB</arg>
<arg>BD</arg>
<arg>BE</arg>
<arg>BF</arg>
<arg>BG</arg>
<arg>BH</arg>
<arg>BI</arg>
<arg>BJ</arg>
<arg>BL</arg>
<arg>BM</arg>
<arg>BN</arg>
<arg>BO</arg>
<arg>BQ</arg>
<arg>BR</arg>
<arg>BS</arg>
<arg>BT</arg>
<arg>BV</arg>
<arg>BW</arg>
<arg>BY</arg>
<arg>BZ</arg>
<arg>CA</arg>
<arg>CC</arg>
<arg>CD</arg>
<arg>CF</arg>
<arg>CG</arg>
<arg>CH</arg>
<arg>CI</arg>
<arg>CK</arg>
<arg>CL</arg>
<arg>CM</arg>
<arg>CN</arg>
<arg>CO</arg>
<arg>CR</arg>
<arg>CU</arg>
<arg>CV</arg>
<arg>CW</arg>
<arg>CX</arg>
<arg>CY</arg>
<arg>CZ</arg>
<arg>DE</arg>
<arg>DJ</arg>
<arg>DK</arg>
<arg>DM</arg>
<arg>DO</arg>
<arg>DZ</arg>
<arg>EC</arg>
<arg>EE</arg>
<arg>EG</arg>
<arg>EH</arg>
<arg>ER</arg>
<arg>ES</arg>
<arg>ET</arg>
<arg>FI</arg>
<arg>FJ</arg>
<arg>FK</arg>
<arg>FM</arg>
<arg>FO</arg>
<arg>FR</arg>
<arg>GA</arg>
<arg>GB</arg>
<arg>GD</arg>
<arg>GE</arg>
<arg>GF</arg>
<arg>GG</arg>
<arg>GH</arg>
<arg>GI</arg>
<arg>GL</arg>
<arg>GM</arg>
<arg>GN</arg>
<arg>GP</arg>
<arg>GQ</arg>
<arg>GR</arg>
<arg>GS</arg>
<arg>GT</arg>
<arg>GU</arg>
<arg>GW</arg>
<arg>GY</arg>
<arg>HK</arg>
<arg>HM</arg>
<arg>HN</arg>
<arg>HR</arg>
<arg>HT</arg>
<arg>HU</arg>
<arg>ID</arg>
<arg>IE</arg>
<arg>IL</arg>
<arg>IM</arg>
<arg>IN</arg>
<arg>IO</arg>
<arg>IQ</arg>
<arg>IR</arg>
<arg>IS</arg>
<arg>IT</arg>
<arg>JE</arg>
<arg>JM</arg>
<arg>JO</arg>
<arg>JP</arg>
<arg>KE</arg>
<arg>KG</arg>
<arg>KH</arg>
<arg>KI</arg>
<arg>KM</arg>
<arg>KN</arg>
<arg>KP</arg>
<arg>KR</arg>
<arg>KW</arg>
<arg>KY</arg>
<arg>KZ</arg>
<arg>LA</arg>
<arg>LB</arg>
<arg>LC</arg>
<arg>LI</arg>
<arg>LK</arg>
<arg>LR</arg>
<arg>LS</arg>
<arg>LT</arg>
<arg>LU</arg>
<arg>LV</arg>
<arg>LY</arg>
<arg>MA</arg>
<arg>MC</arg>
<arg>MD</arg>
<arg>ME</arg>
<arg>MF</arg>
<arg>MG</arg>
<arg>MH</arg>
<arg>MK</arg>
<arg>ML</arg>
<arg>MM</arg>
<arg>MN</arg>
<arg>MO</arg>
<arg>MP</arg>
<arg>MQ</arg>
<arg>MR</arg>
<arg>MS</arg>
<arg>MT</arg>
<arg>MU</arg>
<arg>MV</arg>
<arg>MW</arg>
<arg>MX</arg>
<arg>MY</arg>
<arg>MZ</arg>
<arg>NA</arg>
<arg>NC</arg>
<arg>NE</arg>
<arg>NF</arg>
<arg>NG</arg>
<arg>NI</arg>
<arg>NL</arg>
<arg>NO</arg>
<arg>NP</arg>
<arg>NR</arg>
<arg>NU</arg>
<arg>NZ</arg>
<arg>OM</arg>
<arg>PA</arg>
<arg>PE</arg>
<arg>PF</arg>
<arg>PG</arg>
<arg>PH</arg>
<arg>PK</arg>
<arg>PL</arg>
<arg>PM</arg>
<arg>PN</arg>
<arg>PR</arg>
<arg>PS</arg>
<arg>PT</arg>
<arg>PW</arg>
<arg>PY</arg>
<arg>QA</arg>
<arg>RE</arg>
<arg>RO</arg>
<arg>RS</arg>
<arg>RU</arg>
<arg>RW</arg>
<arg>SA</arg>
<arg>SB</arg>
<arg>SC</arg>
<arg>SD</arg>
<arg>SE</arg>
<arg>SG</arg>
<arg>SH</arg>
<arg>SI</arg>
<arg>SJ</arg>
<arg>SK</arg>
<arg>SL</arg>
<arg>SM</arg>
<arg>SN</arg>
<arg>SO</arg>
<arg>SR</arg>
<arg>SS</arg>
<arg>ST</arg>
<arg>SV</arg>
<arg>SX</arg>
<arg>SY</arg>
<arg>SZ</arg>
<arg>TC</arg>
<arg>TD</arg>
<arg>TF</arg>
<arg>TG</arg>
<arg>TH</arg>
<arg>TJ</arg>
<arg>TK</arg>
<arg>TL</arg>
<arg>TM</arg>
<arg>TN</arg>
<arg>TO</arg>
<arg>TR</arg>
<arg>TT</arg>
<arg>TV</arg>
<arg>TW</arg>
<arg>TZ</arg>
<arg>UA</arg>
<arg>UG</arg>
<arg>UM</arg>
<arg>US</arg>
<arg>UY</arg>
<arg>UZ</arg>
<arg>VA</arg>
<arg>VC</arg>
<arg>VE</arg>
<arg>VG</arg>
<arg>VI</arg>
<arg>VN</arg>
<arg>VU</arg>
<arg>WF</arg>
<arg>WS</arg>
<arg>XK</arg>
<arg>YE</arg>
<arg>YT</arg>
<arg>ZA</arg>
<arg>ZM</arg>
<arg>ZW</arg>
<doc>Returns a list containing given items.</doc>
<status status="PASS" start="2024-03-31T22:12:52.786563" elapsed="0.000628"/>
</kw>
<kw name="List Should Contain Value" owner="Collections">
<msg time="2024-03-31T22:12:52.788314" level="INFO">False</msg>
<arg>${list_country}</arg>
<arg>${name_country}</arg>
<doc>Fails if the ``value`` is not found from ``list``.</doc>
<status status="PASS" start="2024-03-31T22:12:52.788109" elapsed="0.000244"/>
</kw>
<kw name="Run Keyword If" owner="BuiltIn">
<kw name="Should Be True" owner="BuiltIn">
<arg>${True}</arg>
<doc>Fails if the given condition is not true.</doc>
<status status="PASS" start="2024-03-31T22:12:52.789442" elapsed="0.000148"/>
</kw>
<arg>${json_data["results"][0]["location"]["coordinates"]["latitude"]} &gt;= -90 and ${json_data["results"][0]["location"]["coordinates"]["latitude"]} &lt;= 90</arg>
<arg>Should Be True</arg>
<arg>${True}</arg>
<doc>Runs the given keyword with the given arguments, if ``condition`` is true.</doc>
<status status="PASS" start="2024-03-31T22:12:52.788665" elapsed="0.001054"/>
</kw>
<kw name="Run Keyword If" owner="BuiltIn">
<kw name="Should Be True" owner="BuiltIn">
<arg>${True}</arg>
<doc>Fails if the given condition is not true.</doc>
<status status="PASS" start="2024-03-31T22:12:52.790607" elapsed="0.000139"/>
</kw>
<arg>${json_data["results"][0]["location"]["coordinates"]["longitude"]} &gt;= -180 and ${json_data["results"][0]["location"]["coordinates"]["longitude"]} &lt;= 180</arg>
<arg>Should Be True</arg>
<arg>${True}</arg>
<doc>Runs the given keyword with the given arguments, if ``condition`` is true.</doc>
<status status="PASS" start="2024-03-31T22:12:52.789903" elapsed="0.000970"/>
</kw>
<status status="PASS" start="2024-03-31T22:12:52.681344" elapsed="0.109662"/>
</kw>
<doc>Testa o conteúdo específico dos campos retornados pela API.</doc>
<tag>testeConteudo</tag>
<status status="PASS" start="2024-03-31T22:12:52.680899" elapsed="0.110265"/>
</test>
<status status="PASS" start="2024-03-31T22:12:51.997227" elapsed="0.795836"/>
</suite>
<status status="PASS" start="2024-03-31T22:12:51.983568" elapsed="0.814796"/>
</suite>
<statistics>
<total>
<stat pass="5" fail="0" skip="0">All Tests</stat>
</total>
<tag>
<stat pass="1" fail="0" skip="0">testeConteudo</stat>
<stat pass="1" fail="0" skip="0">testeEstruturaResposta</stat>
<stat pass="1" fail="0" skip="0">testeRequisicaoBasica</stat>
<stat pass="1" fail="0" skip="0">testeTiposDados</stat>
</tag>
<suite>
<stat pass="5" fail="0" skip="0" id="s1" name="Tests">Tests</stat>
<stat pass="5" fail="0" skip="0" id="s1-s1" name="Random-User-Test">Tests.Random-User-Test</stat>
</suite>
</statistics>
<errors>
</errors>
</robot>
