<?xml version="1.0" encoding="UTF-8"?>
<robot generator="Robot 7.0 (Python 3.12.2 on linux)" generated="2024-04-03T15:13:52.350787" rpa="false" schemaversion="5">
<suite id="s1" name="Tests" source="/home/runner/work/DesafioQAItauRogerioJordao/DesafioQAItauRogerioJordao/RamdonUser/tests">
<suite id="s1-s1" name="Random-User-Test" source="/home/runner/work/DesafioQAItauRogerioJordao/DesafioQAItauRogerioJordao/RamdonUser/tests/random-user-test.robot">
<test id="s1-s1-t1" name="Conectar" line="13">
<kw name="Conectar API" owner="random-user-service">
<kw name="Create Session" owner="RequestsLibrary">
<msg time="2024-04-03T15:13:52.775559" level="INFO">Creating Session using : alias=consultarAPI, url=https://randomuser.me/, headers={},                     cookies={}, auth=None, timeout=None, proxies=None, verify=False,                     debug=0 </msg>
<arg>consultarAPI</arg>
<arg>${URL}</arg>
<doc>Create Session: create a HTTP session to a server</doc>
<status status="PASS" start="2024-04-03T15:13:52.775309" elapsed="0.000464"/>
</kw>
<status status="PASS" start="2024-04-03T15:13:52.774203" elapsed="0.001970"/>
</kw>
<status status="PASS" start="2024-04-03T15:13:52.773594" elapsed="0.002791"/>
</test>
<test id="s1-s1-t2" name="Validar retorno 200 e JSON Válido" line="16">
<kw name="Teste de Requisicao Basica" owner="random-user-service">
<kw name="GET On Session" owner="RequestsLibrary">
<msg time="2024-04-03T15:13:52.880130" level="INFO">GET Request : url=https://randomuser.me/api 
 path_url=/api 
 headers={'User-Agent': 'python-requests/2.31.0', 'Accept-Encoding': 'gzip, deflate', 'Accept': '*/*', 'Connection': 'keep-alive'} 
 body=None 
 </msg>
<msg time="2024-04-03T15:13:52.880294" level="INFO">GET Response : url=https://randomuser.me/api 
 status=200, reason=OK 
 headers={'Date': 'Wed, 03 Apr 2024 15:13:52 GMT', 'Content-Type': 'application/json; charset=utf-8', 'Transfer-Encoding': 'chunked', 'Connection': 'keep-alive', 'X-Powered-By': 'Express', 'Access-Control-Allow-Origin': '*', 'Cache-Control': 'no-cache', 'ETag': 'W/"47e-YVBYUJnF0IqN1vNxk9hgPKBO12g"', 'Vary': 'Accept-Encoding', 'Content-Encoding': 'gzip', 'CF-Cache-Status': 'DYNAMIC', 'Report-To': '{"endpoints":[{"url":"https:\\/\\/a.nel.cloudflare.com\\/report\\/v4?s=DfsVj3EGSsQy3p60hCECNO8sVp2U5fg83sK4Jz5%2BqUadw%2FbMuuXBn3fJ7eqzfI9IF%2Fle8vzPzJi28xUOLlfA6AasFyLuQzW1YJUUkRSzs4E4sYPUORTI0tlq%2B%2FVUJe%2B4"}],"group":"cf-nel","max_age":604800}', 'NEL': '{"success_fraction":0,"report_to":"cf-nel","max_age":604800}', 'Server': 'cloudflare', 'CF-RAY': '86ea01512a3821a3-ORD', 'alt-svc': 'h3=":443"; ma=86400'} 
 body={"results":[{"gender":"male","name":{"title":"Mr","first":"میلاد","last":"حیدری"},"location":{"street":{"number":1325,"name":"میدان حر"},"city":"کرمان","state":"همدان","country":"Iran","postcode":42623,"coordinates":{"latitude":"18.4216","longitude":"-6.9065"},"timezone":{"offset":"+7:00","description":"Bangkok, Hanoi, Jakarta"}},"email":"myld.hydry@example.com","login":{"uuid":"e2d2beb5-992b-4e1d-b169-47ddd2eb0cfd","username":"happymeercat334","password":"aaaaaaa","salt":"LKjT4g2T","md5":"c4950625418964d7e399911df5190c58","sha1":"37749e95b5435112763424792913eca8504eeb6f","sha256":"de85611d58944aa7b79968fe8e8fe2105dde8741deee3b39fd196ec9d46c6dff"},"dob":{"date":"1970-04-12T07:29:07.163Z","age":53},"registered":{"date":"2019-03-25T19:54:47.997Z","age":5},"phone":"081-97089801","cell":"0979-099-6197","id":{"name":"","value":null},"picture":{"large":"https://randomuser.me/api/portraits/men/82.jpg","medium":"https://randomuser.me/api/portraits/med/men/82.jpg","thumbnail":"https://randomuser.me/api/portraits/thumb/men/82.jpg"},"nat":"IR"}],"info":{"seed":"be0faa693ccec89f","results":1,"page":1,"version":"1.4"}} 
 </msg>
<msg time="2024-04-03T15:13:52.880410" level="INFO">/opt/hostedtoolcache/Python/3.12.2/x64/lib/python3.12/site-packages/urllib3/connectionpool.py:1103: InsecureRequestWarning: Unverified HTTPS request is being made to host 'randomuser.me'. Adding certificate verification is strongly advised. See: https://urllib3.readthedocs.io/en/latest/advanced-usage.html#tls-warnings
  warnings.warn(</msg>
<msg time="2024-04-03T15:13:52.880582" level="INFO">${response} = &lt;Response [200]&gt;</msg>
<var>${response}</var>
<arg>consultarAPI</arg>
<arg>/api</arg>
<doc>Sends a GET request on a previously created HTTP Session.</doc>
<status status="PASS" start="2024-04-03T15:13:52.779043" elapsed="0.101581"/>
</kw>
<kw name="Should Be Equal As Numbers" owner="BuiltIn">
<msg time="2024-04-03T15:13:52.881764" level="INFO">Argument types are:
&lt;class 'int'&gt;
&lt;class 'str'&gt;</msg>
<arg>${response.status_code}</arg>
<arg>200</arg>
<doc>Fails if objects are unequal after converting them to real numbers.</doc>
<status status="PASS" start="2024-04-03T15:13:52.881280" elapsed="0.000555"/>
</kw>
<kw name="Log" owner="BuiltIn">
<msg time="2024-04-03T15:13:52.882561" level="INFO">200</msg>
<arg>${response.status_code}</arg>
<doc>Logs the given message with the given level.</doc>
<status status="PASS" start="2024-04-03T15:13:52.882194" elapsed="0.000412"/>
</kw>
<kw name="Set Variable" owner="BuiltIn">
<msg time="2024-04-03T15:13:52.883424" level="INFO">${json_data} = {'results': [{'gender': 'male', 'name': {'title': 'Mr', 'first': 'میلاد', 'last': 'حیدری'}, 'location': {'street': {'number': 1325, 'name': 'میدان حر'}, 'city': 'کرمان', 'state': 'همدان', 'country': '...</msg>
<var>${json_data}</var>
<arg>${response.json()}</arg>
<doc>Returns the given values which can then be assigned to a variables.</doc>
<status status="PASS" start="2024-04-03T15:13:52.882953" elapsed="0.000503"/>
</kw>
<kw name="Dictionary Should Contain Key" owner="Collections">
<msg time="2024-04-03T15:13:52.883983" level="INFO">False</msg>
<arg>${json_data}</arg>
<arg>results</arg>
<doc>Fails if ``key`` is not found from ``dictionary``.</doc>
<status status="PASS" start="2024-04-03T15:13:52.883802" elapsed="0.000224"/>
</kw>
<status status="PASS" start="2024-04-03T15:13:52.778775" elapsed="0.105515"/>
</kw>
<doc>Testa se a API responde corretamente e retorna um objeto JSON válido.</doc>
<tag>testeRequisicaoBasica</tag>
<status status="PASS" start="2024-04-03T15:13:52.778265" elapsed="0.106220"/>
</test>
<test id="s1-s1-t3" name="Validar estrutura de resposta" line="22">
<kw name="Teste de Estrutura de Resposta" owner="random-user-service">
<kw name="GET On Session" owner="RequestsLibrary">
<msg time="2024-04-03T15:13:52.971396" level="INFO">GET Request : url=https://randomuser.me/api 
 path_url=/api 
 headers={'User-Agent': 'python-requests/2.31.0', 'Accept-Encoding': 'gzip, deflate', 'Accept': '*/*', 'Connection': 'keep-alive'} 
 body=None 
 </msg>
<msg time="2024-04-03T15:13:52.971507" level="INFO">GET Response : url=https://randomuser.me/api 
 status=200, reason=OK 
 headers={'Date': 'Wed, 03 Apr 2024 15:13:52 GMT', 'Content-Type': 'application/json; charset=utf-8', 'Transfer-Encoding': 'chunked', 'Connection': 'keep-alive', 'X-Powered-By': 'Express', 'Access-Control-Allow-Origin': '*', 'Cache-Control': 'no-cache', 'ETag': 'W/"489-3KpMoabpCR9QqfbqxdFb6QImEqk"', 'Vary': 'Accept-Encoding', 'Content-Encoding': 'gzip', 'CF-Cache-Status': 'DYNAMIC', 'Report-To': '{"endpoints":[{"url":"https:\\/\\/a.nel.cloudflare.com\\/report\\/v4?s=zCu17kVhUSUDZZOOGJiVTY1IcmGIHfHi6tyQAMt9pVbXDoN3YqbpKCxDp07REQZvBoUKWUMn8%2BdFOMGsurzLCbVlevI33SPe3KC5DhlUW8DczVL9Prz%2BaZmeZWreH%2Fx9"}],"group":"cf-nel","max_age":604800}', 'NEL': '{"success_fraction":0,"report_to":"cf-nel","max_age":604800}', 'Server': 'cloudflare', 'CF-RAY': '86ea01519af021a3-ORD', 'alt-svc': 'h3=":443"; ma=86400'} 
 body={"results":[{"gender":"male","name":{"title":"Mr","first":"Ratimir","last":"Đokanović"},"location":{"street":{"number":4578,"name":"Dušana Golumbovskog"},"city":"Vranje","state":"Peć","country":"Serbia","postcode":74167,"coordinates":{"latitude":"56.3782","longitude":"-157.3183"},"timezone":{"offset":"+7:00","description":"Bangkok, Hanoi, Jakarta"}},"email":"ratimir.dokanovic@example.com","login":{"uuid":"a2d73e7b-2270-4ca9-b304-59ce2a9a3fbb","username":"angryfish395","password":"charlott","salt":"liEdVNJ0","md5":"98f96d08df66a326c98a92425b445b13","sha1":"d3d46f73286b8e16d2bc37a98220e3cefa843530","sha256":"489272f23ae9649a9c235525a0faf79f95d6829b28559db38460ec1beffef3d5"},"dob":{"date":"1979-04-24T17:26:14.501Z","age":44},"registered":{"date":"2017-09-05T11:00:48.031Z","age":6},"phone":"016-6629-772","cell":"062-1827-690","id":{"name":"SID","value":"760986987"},"picture":{"large":"https://randomuser.me/api/portraits/men/92.jpg","medium":"https://randomuser.me/api/portraits/med/men/92.jpg","thumbnail":"https://randomuser.me/api/portraits/thumb/men/92.jpg"},"nat":"RS"}],"info":{"seed":"4297e874c6392afc","results":1,"page":1,"version":"1.4"}} 
 </msg>
<msg time="2024-04-03T15:13:52.971705" level="INFO">/opt/hostedtoolcache/Python/3.12.2/x64/lib/python3.12/site-packages/urllib3/connectionpool.py:1103: InsecureRequestWarning: Unverified HTTPS request is being made to host 'randomuser.me'. Adding certificate verification is strongly advised. See: https://urllib3.readthedocs.io/en/latest/advanced-usage.html#tls-warnings
  warnings.warn(</msg>
<msg time="2024-04-03T15:13:52.971864" level="INFO">${response} = &lt;Response [200]&gt;</msg>
<var>${response}</var>
<arg>consultarAPI</arg>
<arg>/api</arg>
<doc>Sends a GET request on a previously created HTTP Session.</doc>
<status status="PASS" start="2024-04-03T15:13:52.888551" elapsed="0.083359"/>
</kw>
<kw name="Set Variable" owner="BuiltIn">
<msg time="2024-04-03T15:13:52.973035" level="INFO">${json_data} = {'results': [{'gender': 'male', 'name': {'title': 'Mr', 'first': 'Ratimir', 'last': 'Đokanović'}, 'location': {'street': {'number': 4578, 'name': 'Dušana Golumbovskog'}, 'city': 'Vranje', 'state': 'Pe...</msg>
<var>${json_data}</var>
<arg>${response.json()}</arg>
<doc>Returns the given values which can then be assigned to a variables.</doc>
<status status="PASS" start="2024-04-03T15:13:52.972472" elapsed="0.000595"/>
</kw>
<kw name="Log" owner="BuiltIn">
<msg time="2024-04-03T15:13:52.973571" level="INFO">{'results': [{'gender': 'male', 'name': {'title': 'Mr', 'first': 'Ratimir', 'last': 'Đokanović'}, 'location': {'street': {'number': 4578, 'name': 'Dušana Golumbovskog'}, 'city': 'Vranje', 'state': 'Peć', 'country': 'Serbia', 'postcode': 74167, 'coordinates': {'latitude': '56.3782', 'longitude': '-157.3183'}, 'timezone': {'offset': '+7:00', 'description': 'Bangkok, Hanoi, Jakarta'}}, 'email': 'ratimir.dokanovic@example.com', 'login': {'uuid': 'a2d73e7b-2270-4ca9-b304-59ce2a9a3fbb', 'username': 'angryfish395', 'password': 'charlott', 'salt': 'liEdVNJ0', 'md5': '98f96d08df66a326c98a92425b445b13', 'sha1': 'd3d46f73286b8e16d2bc37a98220e3cefa843530', 'sha256': '489272f23ae9649a9c235525a0faf79f95d6829b28559db38460ec1beffef3d5'}, 'dob': {'date': '1979-04-24T17:26:14.501Z', 'age': 44}, 'registered': {'date': '2017-09-05T11:00:48.031Z', 'age': 6}, 'phone': '016-6629-772', 'cell': '062-1827-690', 'id': {'name': 'SID', 'value': '760986987'}, 'picture': {'large': 'https://randomuser.me/api/portraits/men/92.jpg', 'medium': 'https://randomuser.me/api/portraits/med/men/92.jpg', 'thumbnail': 'https://randomuser.me/api/portraits/thumb/men/92.jpg'}, 'nat': 'RS'}], 'info': {'seed': '4297e874c6392afc', 'results': 1, 'page': 1, 'version': '1.4'}}</msg>
<arg>${json_data}</arg>
<doc>Logs the given message with the given level.</doc>
<status status="PASS" start="2024-04-03T15:13:52.973399" elapsed="0.000224"/>
</kw>
<kw name="Dictionary Should Contain Key" owner="Collections">
<msg time="2024-04-03T15:13:52.974092" level="INFO">False</msg>
<arg>${json_data}</arg>
<arg>results</arg>
<doc>Fails if ``key`` is not found from ``dictionary``.</doc>
<status status="PASS" start="2024-04-03T15:13:52.973928" elapsed="0.000203"/>
</kw>
<kw name="Should Not Be Empty" owner="BuiltIn">
<msg time="2024-04-03T15:13:52.974576" level="INFO">Length is 2.</msg>
<arg>${json_data}</arg>
<doc>Verifies that the given item is not empty.</doc>
<status status="PASS" start="2024-04-03T15:13:52.974436" elapsed="0.000180"/>
</kw>
<kw name="Create List" owner="BuiltIn">
<msg time="2024-04-03T15:13:52.975075" level="INFO">${expected_keys} = ['gender', 'name', 'location', 'email', 'login']</msg>
<var>${expected_keys}</var>
<arg>gender</arg>
<arg>name</arg>
<arg>location</arg>
<arg>email</arg>
<arg>login</arg>
<doc>Returns a list containing given items.</doc>
<status status="PASS" start="2024-04-03T15:13:52.974914" elapsed="0.000186"/>
</kw>
<for flavor="IN">
<iter>
<kw name="Dictionary Should Contain Key" owner="Collections">
<msg time="2024-04-03T15:13:52.976194" level="INFO">False</msg>
<arg>${json_data['results'][0]}</arg>
<arg>${key}</arg>
<doc>Fails if ``key`` is not found from ``dictionary``.</doc>
<status status="PASS" start="2024-04-03T15:13:52.975760" elapsed="0.000476"/>
</kw>
<kw name="Log" owner="BuiltIn">
<msg time="2024-04-03T15:13:52.976937" level="INFO">{'gender': 'male', 'name': {'title': 'Mr', 'first': 'Ratimir', 'last': 'Đokanović'}, 'location': {'street': {'number': 4578, 'name': 'Dušana Golumbovskog'}, 'city': 'Vranje', 'state': 'Peć', 'country': 'Serbia', 'postcode': 74167, 'coordinates': {'latitude': '56.3782', 'longitude': '-157.3183'}, 'timezone': {'offset': '+7:00', 'description': 'Bangkok, Hanoi, Jakarta'}}, 'email': 'ratimir.dokanovic@example.com', 'login': {'uuid': 'a2d73e7b-2270-4ca9-b304-59ce2a9a3fbb', 'username': 'angryfish395', 'password': 'charlott', 'salt': 'liEdVNJ0', 'md5': '98f96d08df66a326c98a92425b445b13', 'sha1': 'd3d46f73286b8e16d2bc37a98220e3cefa843530', 'sha256': '489272f23ae9649a9c235525a0faf79f95d6829b28559db38460ec1beffef3d5'}, 'dob': {'date': '1979-04-24T17:26:14.501Z', 'age': 44}, 'registered': {'date': '2017-09-05T11:00:48.031Z', 'age': 6}, 'phone': '016-6629-772', 'cell': '062-1827-690', 'id': {'name': 'SID', 'value': '760986987'}, 'picture': {'large': 'https://randomuser.me/api/portraits/men/92.jpg', 'medium': 'https://randomuser.me/api/portraits/med/men/92.jpg', 'thumbnail': 'https://randomuser.me/api/portraits/thumb/men/92.jpg'}, 'nat': 'RS'}</msg>
<arg>${json_data['results'][0]}</arg>
<doc>Logs the given message with the given level.</doc>
<status status="PASS" start="2024-04-03T15:13:52.976553" elapsed="0.000443"/>
</kw>
<kw name="Log" owner="BuiltIn">
<msg time="2024-04-03T15:13:52.977448" level="INFO">gender</msg>
<arg>${key}</arg>
<doc>Logs the given message with the given level.</doc>
<status status="PASS" start="2024-04-03T15:13:52.977314" elapsed="0.000183"/>
</kw>
<var name="${key}">gender</var>
<status status="PASS" start="2024-04-03T15:13:52.975616" elapsed="0.002106"/>
</iter>
<iter>
<kw name="Dictionary Should Contain Key" owner="Collections">
<msg time="2024-04-03T15:13:52.978434" level="INFO">False</msg>
<arg>${json_data['results'][0]}</arg>
<arg>${key}</arg>
<doc>Fails if ``key`` is not found from ``dictionary``.</doc>
<status status="PASS" start="2024-04-03T15:13:52.978036" elapsed="0.000444"/>
</kw>
<kw name="Log" owner="BuiltIn">
<msg time="2024-04-03T15:13:52.979201" level="INFO">{'gender': 'male', 'name': {'title': 'Mr', 'first': 'Ratimir', 'last': 'Đokanović'}, 'location': {'street': {'number': 4578, 'name': 'Dušana Golumbovskog'}, 'city': 'Vranje', 'state': 'Peć', 'country': 'Serbia', 'postcode': 74167, 'coordinates': {'latitude': '56.3782', 'longitude': '-157.3183'}, 'timezone': {'offset': '+7:00', 'description': 'Bangkok, Hanoi, Jakarta'}}, 'email': 'ratimir.dokanovic@example.com', 'login': {'uuid': 'a2d73e7b-2270-4ca9-b304-59ce2a9a3fbb', 'username': 'angryfish395', 'password': 'charlott', 'salt': 'liEdVNJ0', 'md5': '98f96d08df66a326c98a92425b445b13', 'sha1': 'd3d46f73286b8e16d2bc37a98220e3cefa843530', 'sha256': '489272f23ae9649a9c235525a0faf79f95d6829b28559db38460ec1beffef3d5'}, 'dob': {'date': '1979-04-24T17:26:14.501Z', 'age': 44}, 'registered': {'date': '2017-09-05T11:00:48.031Z', 'age': 6}, 'phone': '016-6629-772', 'cell': '062-1827-690', 'id': {'name': 'SID', 'value': '760986987'}, 'picture': {'large': 'https://randomuser.me/api/portraits/men/92.jpg', 'medium': 'https://randomuser.me/api/portraits/med/men/92.jpg', 'thumbnail': 'https://randomuser.me/api/portraits/thumb/men/92.jpg'}, 'nat': 'RS'}</msg>
<arg>${json_data['results'][0]}</arg>
<doc>Logs the given message with the given level.</doc>
<status status="PASS" start="2024-04-03T15:13:52.978825" elapsed="0.000428"/>
</kw>
<kw name="Log" owner="BuiltIn">
<msg time="2024-04-03T15:13:52.979717" level="INFO">name</msg>
<arg>${key}</arg>
<doc>Logs the given message with the given level.</doc>
<status status="PASS" start="2024-04-03T15:13:52.979582" elapsed="0.000173"/>
</kw>
<var name="${key}">name</var>
<status status="PASS" start="2024-04-03T15:13:52.977918" elapsed="0.002067"/>
</iter>
<iter>
<kw name="Dictionary Should Contain Key" owner="Collections">
<msg time="2024-04-03T15:13:52.980661" level="INFO">False</msg>
<arg>${json_data['results'][0]}</arg>
<arg>${key}</arg>
<doc>Fails if ``key`` is not found from ``dictionary``.</doc>
<status status="PASS" start="2024-04-03T15:13:52.980283" elapsed="0.000417"/>
</kw>
<kw name="Log" owner="BuiltIn">
<msg time="2024-04-03T15:13:52.981375" level="INFO">{'gender': 'male', 'name': {'title': 'Mr', 'first': 'Ratimir', 'last': 'Đokanović'}, 'location': {'street': {'number': 4578, 'name': 'Dušana Golumbovskog'}, 'city': 'Vranje', 'state': 'Peć', 'country': 'Serbia', 'postcode': 74167, 'coordinates': {'latitude': '56.3782', 'longitude': '-157.3183'}, 'timezone': {'offset': '+7:00', 'description': 'Bangkok, Hanoi, Jakarta'}}, 'email': 'ratimir.dokanovic@example.com', 'login': {'uuid': 'a2d73e7b-2270-4ca9-b304-59ce2a9a3fbb', 'username': 'angryfish395', 'password': 'charlott', 'salt': 'liEdVNJ0', 'md5': '98f96d08df66a326c98a92425b445b13', 'sha1': 'd3d46f73286b8e16d2bc37a98220e3cefa843530', 'sha256': '489272f23ae9649a9c235525a0faf79f95d6829b28559db38460ec1beffef3d5'}, 'dob': {'date': '1979-04-24T17:26:14.501Z', 'age': 44}, 'registered': {'date': '2017-09-05T11:00:48.031Z', 'age': 6}, 'phone': '016-6629-772', 'cell': '062-1827-690', 'id': {'name': 'SID', 'value': '760986987'}, 'picture': {'large': 'https://randomuser.me/api/portraits/men/92.jpg', 'medium': 'https://randomuser.me/api/portraits/med/men/92.jpg', 'thumbnail': 'https://randomuser.me/api/portraits/thumb/men/92.jpg'}, 'nat': 'RS'}</msg>
<arg>${json_data['results'][0]}</arg>
<doc>Logs the given message with the given level.</doc>
<status status="PASS" start="2024-04-03T15:13:52.981002" elapsed="0.000430"/>
</kw>
<kw name="Log" owner="BuiltIn">
<msg time="2024-04-03T15:13:52.981866" level="INFO">location</msg>
<arg>${key}</arg>
<doc>Logs the given message with the given level.</doc>
<status status="PASS" start="2024-04-03T15:13:52.981735" elapsed="0.000169"/>
</kw>
<var name="${key}">location</var>
<status status="PASS" start="2024-04-03T15:13:52.980170" elapsed="0.001959"/>
</iter>
<iter>
<kw name="Dictionary Should Contain Key" owner="Collections">
<msg time="2024-04-03T15:13:52.982814" level="INFO">False</msg>
<arg>${json_data['results'][0]}</arg>
<arg>${key}</arg>
<doc>Fails if ``key`` is not found from ``dictionary``.</doc>
<status status="PASS" start="2024-04-03T15:13:52.982418" elapsed="0.000434"/>
</kw>
<kw name="Log" owner="BuiltIn">
<msg time="2024-04-03T15:13:52.983533" level="INFO">{'gender': 'male', 'name': {'title': 'Mr', 'first': 'Ratimir', 'last': 'Đokanović'}, 'location': {'street': {'number': 4578, 'name': 'Dušana Golumbovskog'}, 'city': 'Vranje', 'state': 'Peć', 'country': 'Serbia', 'postcode': 74167, 'coordinates': {'latitude': '56.3782', 'longitude': '-157.3183'}, 'timezone': {'offset': '+7:00', 'description': 'Bangkok, Hanoi, Jakarta'}}, 'email': 'ratimir.dokanovic@example.com', 'login': {'uuid': 'a2d73e7b-2270-4ca9-b304-59ce2a9a3fbb', 'username': 'angryfish395', 'password': 'charlott', 'salt': 'liEdVNJ0', 'md5': '98f96d08df66a326c98a92425b445b13', 'sha1': 'd3d46f73286b8e16d2bc37a98220e3cefa843530', 'sha256': '489272f23ae9649a9c235525a0faf79f95d6829b28559db38460ec1beffef3d5'}, 'dob': {'date': '1979-04-24T17:26:14.501Z', 'age': 44}, 'registered': {'date': '2017-09-05T11:00:48.031Z', 'age': 6}, 'phone': '016-6629-772', 'cell': '062-1827-690', 'id': {'name': 'SID', 'value': '760986987'}, 'picture': {'large': 'https://randomuser.me/api/portraits/men/92.jpg', 'medium': 'https://randomuser.me/api/portraits/med/men/92.jpg', 'thumbnail': 'https://randomuser.me/api/portraits/thumb/men/92.jpg'}, 'nat': 'RS'}</msg>
<arg>${json_data['results'][0]}</arg>
<doc>Logs the given message with the given level.</doc>
<status status="PASS" start="2024-04-03T15:13:52.983163" elapsed="0.000452"/>
</kw>
<kw name="Log" owner="BuiltIn">
<msg time="2024-04-03T15:13:52.984082" level="INFO">email</msg>
<arg>${key}</arg>
<doc>Logs the given message with the given level.</doc>
<status status="PASS" start="2024-04-03T15:13:52.983948" elapsed="0.000174"/>
</kw>
<var name="${key}">email</var>
<status status="PASS" start="2024-04-03T15:13:52.982307" elapsed="0.002033"/>
</iter>
<iter>
<kw name="Dictionary Should Contain Key" owner="Collections">
<msg time="2024-04-03T15:13:52.985020" level="INFO">False</msg>
<arg>${json_data['results'][0]}</arg>
<arg>${key}</arg>
<doc>Fails if ``key`` is not found from ``dictionary``.</doc>
<status status="PASS" start="2024-04-03T15:13:52.984634" elapsed="0.000425"/>
</kw>
<kw name="Log" owner="BuiltIn">
<msg time="2024-04-03T15:13:52.985726" level="INFO">{'gender': 'male', 'name': {'title': 'Mr', 'first': 'Ratimir', 'last': 'Đokanović'}, 'location': {'street': {'number': 4578, 'name': 'Dušana Golumbovskog'}, 'city': 'Vranje', 'state': 'Peć', 'country': 'Serbia', 'postcode': 74167, 'coordinates': {'latitude': '56.3782', 'longitude': '-157.3183'}, 'timezone': {'offset': '+7:00', 'description': 'Bangkok, Hanoi, Jakarta'}}, 'email': 'ratimir.dokanovic@example.com', 'login': {'uuid': 'a2d73e7b-2270-4ca9-b304-59ce2a9a3fbb', 'username': 'angryfish395', 'password': 'charlott', 'salt': 'liEdVNJ0', 'md5': '98f96d08df66a326c98a92425b445b13', 'sha1': 'd3d46f73286b8e16d2bc37a98220e3cefa843530', 'sha256': '489272f23ae9649a9c235525a0faf79f95d6829b28559db38460ec1beffef3d5'}, 'dob': {'date': '1979-04-24T17:26:14.501Z', 'age': 44}, 'registered': {'date': '2017-09-05T11:00:48.031Z', 'age': 6}, 'phone': '016-6629-772', 'cell': '062-1827-690', 'id': {'name': 'SID', 'value': '760986987'}, 'picture': {'large': 'https://randomuser.me/api/portraits/men/92.jpg', 'medium': 'https://randomuser.me/api/portraits/med/men/92.jpg', 'thumbnail': 'https://randomuser.me/api/portraits/thumb/men/92.jpg'}, 'nat': 'RS'}</msg>
<arg>${json_data['results'][0]}</arg>
<doc>Logs the given message with the given level.</doc>
<status status="PASS" start="2024-04-03T15:13:52.985356" elapsed="0.000421"/>
</kw>
<kw name="Log" owner="BuiltIn">
<msg time="2024-04-03T15:13:52.986211" level="INFO">login</msg>
<arg>${key}</arg>
<doc>Logs the given message with the given level.</doc>
<status status="PASS" start="2024-04-03T15:13:52.986081" elapsed="0.000304"/>
</kw>
<var name="${key}">login</var>
<status status="PASS" start="2024-04-03T15:13:52.984518" elapsed="0.002123"/>
</iter>
<var>${key}</var>
<value>@{expected_keys}</value>
<status status="PASS" start="2024-04-03T15:13:52.975371" elapsed="0.011401"/>
</for>
<kw name="Create List" owner="BuiltIn">
<msg time="2024-04-03T15:13:52.987124" level="INFO">${expected_keysTwo} = ['username', 'password']</msg>
<var>${expected_keysTwo}</var>
<arg>username</arg>
<arg>password</arg>
<doc>Returns a list containing given items.</doc>
<status status="PASS" start="2024-04-03T15:13:52.986978" elapsed="0.000170"/>
</kw>
<for flavor="IN">
<iter>
<kw name="Dictionary Should Contain Key" owner="Collections">
<msg time="2024-04-03T15:13:52.988102" level="INFO">False</msg>
<arg>${json_data['results'][0]['login']}</arg>
<arg>${keyTwo}</arg>
<doc>Fails if ``key`` is not found from ``dictionary``.</doc>
<status status="PASS" start="2024-04-03T15:13:52.987707" elapsed="0.000434"/>
</kw>
<kw name="Dictionary Should Contain Key" owner="Collections">
<msg time="2024-04-03T15:13:52.988833" level="INFO">False</msg>
<arg>${json_data['results'][0]['login']}</arg>
<arg>${keyTwo}</arg>
<doc>Fails if ``key`` is not found from ``dictionary``.</doc>
<status status="PASS" start="2024-04-03T15:13:52.988442" elapsed="0.000429"/>
</kw>
<kw name="Log" owner="BuiltIn">
<msg time="2024-04-03T15:13:52.989301" level="INFO">username</msg>
<arg>${keyTwo}</arg>
<doc>Logs the given message with the given level.</doc>
<status status="PASS" start="2024-04-03T15:13:52.989172" elapsed="0.000168"/>
</kw>
<var name="${keyTwo}">username</var>
<status status="PASS" start="2024-04-03T15:13:52.987588" elapsed="0.001972"/>
</iter>
<iter>
<kw name="Dictionary Should Contain Key" owner="Collections">
<msg time="2024-04-03T15:13:52.990229" level="INFO">False</msg>
<arg>${json_data['results'][0]['login']}</arg>
<arg>${keyTwo}</arg>
<doc>Fails if ``key`` is not found from ``dictionary``.</doc>
<status status="PASS" start="2024-04-03T15:13:52.989848" elapsed="0.000420"/>
</kw>
<kw name="Dictionary Should Contain Key" owner="Collections">
<msg time="2024-04-03T15:13:52.990954" level="INFO">False</msg>
<arg>${json_data['results'][0]['login']}</arg>
<arg>${keyTwo}</arg>
<doc>Fails if ``key`` is not found from ``dictionary``.</doc>
<status status="PASS" start="2024-04-03T15:13:52.990567" elapsed="0.000424"/>
</kw>
<kw name="Log" owner="BuiltIn">
<msg time="2024-04-03T15:13:52.991414" level="INFO">password</msg>
<arg>${keyTwo}</arg>
<doc>Logs the given message with the given level.</doc>
<status status="PASS" start="2024-04-03T15:13:52.991287" elapsed="0.000167"/>
</kw>
<var name="${keyTwo}">password</var>
<status status="PASS" start="2024-04-03T15:13:52.989737" elapsed="0.001960"/>
</iter>
<var>${keyTwo}</var>
<value>@{expected_keysTwo}</value>
<status status="PASS" start="2024-04-03T15:13:52.987396" elapsed="0.004425"/>
</for>
<status status="PASS" start="2024-04-03T15:13:52.888126" elapsed="0.103843"/>
</kw>
<doc>Testa a estrutura da resposta da API.</doc>
<tag>testeEstruturaResposta</tag>
<status status="PASS" start="2024-04-03T15:13:52.887034" elapsed="0.105108"/>
</test>
<test id="s1-s1-t4" name="Validar tipos de dados" line="28">
<kw name="Teste de Tipos de Dados" owner="random-user-service">
<kw name="GET On Session" owner="RequestsLibrary">
<msg time="2024-04-03T15:13:53.102709" level="INFO">GET Request : url=https://randomuser.me/api 
 path_url=/api 
 headers={'User-Agent': 'python-requests/2.31.0', 'Accept-Encoding': 'gzip, deflate', 'Accept': '*/*', 'Connection': 'keep-alive'} 
 body=None 
 </msg>
<msg time="2024-04-03T15:13:53.102827" level="INFO">GET Response : url=https://randomuser.me/api 
 status=200, reason=OK 
 headers={'Date': 'Wed, 03 Apr 2024 15:13:53 GMT', 'Content-Type': 'application/json; charset=utf-8', 'Transfer-Encoding': 'chunked', 'Connection': 'keep-alive', 'X-Powered-By': 'Express', 'Access-Control-Allow-Origin': '*', 'Cache-Control': 'no-cache', 'ETag': 'W/"491-FsZb/uZWlIOlkc+xEv5hMxA9dsM"', 'Vary': 'Accept-Encoding', 'Content-Encoding': 'gzip', 'CF-Cache-Status': 'DYNAMIC', 'Report-To': '{"endpoints":[{"url":"https:\\/\\/a.nel.cloudflare.com\\/report\\/v4?s=DUD64bsv9aPIP%2BVFrpsHPzpyGqZp%2BAGqQX8bffaSvTq%2FroEWRNHVPEWxrBV2kgCKe98OOs0y3IZHAzuCTVqaEERpeStdYrALc6cN7C%2FsZ7hWsTnDcWc8QkDU6%2BnVALr%2F"}],"group":"cf-nel","max_age":604800}', 'NEL': '{"success_fraction":0,"report_to":"cf-nel","max_age":604800}', 'Server': 'cloudflare', 'CF-RAY': '86ea01524bde21a3-ORD', 'alt-svc': 'h3=":443"; ma=86400'} 
 body={"results":[{"gender":"male","name":{"title":"Mr","first":"Baptista","last":"Fernandes"},"location":{"street":{"number":6486,"name":"Rua Doze "},"city":"Macapá","state":"Paraíba","country":"Brazil","postcode":57032,"coordinates":{"latitude":"-74.6417","longitude":"-114.5005"},"timezone":{"offset":"-12:00","description":"Eniwetok, Kwajalein"}},"email":"baptista.fernandes@example.com","login":{"uuid":"260a5888-9065-44b5-80d1-3d53465aff0d","username":"ticklishbutterfly276","password":"747474","salt":"LbBurRws","md5":"8ff803495b4c6b870d09e9ab292831dc","sha1":"9e9fc4a435b9c725dabad0d6c48060ef4458dfb7","sha256":"c8f33484dae76a4b06031150fb59bca715dc9a4b360ce1f7dc0e073307035897"},"dob":{"date":"1991-06-03T16:33:51.590Z","age":32},"registered":{"date":"2009-02-01T09:32:49.914Z","age":15},"phone":"(24) 3699-0861","cell":"(46) 1106-5584","id":{"name":"CPF","value":"668.324.008-11"},"picture":{"large":"https://randomuser.me/api/portraits/men/24.jpg","medium":"https://randomuser.me/api/portraits/med/men/24.jpg","thumbnail":"https://randomuser.me/api/portraits/thumb/men/24.jpg"},"nat":"BR"}],"info":{"seed":"c43f6ed174ef52c2","results":1,"page":1,"version":"1.4"}} 
 </msg>
<msg time="2024-04-03T15:13:53.102900" level="INFO">/opt/hostedtoolcache/Python/3.12.2/x64/lib/python3.12/site-packages/urllib3/connectionpool.py:1103: InsecureRequestWarning: Unverified HTTPS request is being made to host 'randomuser.me'. Adding certificate verification is strongly advised. See: https://urllib3.readthedocs.io/en/latest/advanced-usage.html#tls-warnings
  warnings.warn(</msg>
<msg time="2024-04-03T15:13:53.103051" level="INFO">${response} = &lt;Response [200]&gt;</msg>
<var>${response}</var>
<arg>consultarAPI</arg>
<arg>/api</arg>
<doc>Sends a GET request on a previously created HTTP Session.</doc>
<status status="PASS" start="2024-04-03T15:13:52.995071" elapsed="0.108026"/>
</kw>
<kw name="Set Variable" owner="BuiltIn">
<msg time="2024-04-03T15:13:53.104282" level="INFO">${json_data} = {'results': [{'gender': 'male', 'name': {'title': 'Mr', 'first': 'Baptista', 'last': 'Fernandes'}, 'location': {'street': {'number': 6486, 'name': 'Rua Doze '}, 'city': 'Macapá', 'state': 'Paraíba', '...</msg>
<var>${json_data}</var>
<arg>${response.json()}</arg>
<doc>Returns the given values which can then be assigned to a variables.</doc>
<status status="PASS" start="2024-04-03T15:13:53.103712" elapsed="0.000600"/>
</kw>
<kw name="Log" owner="BuiltIn">
<msg time="2024-04-03T15:13:53.104814" level="INFO">{'results': [{'gender': 'male', 'name': {'title': 'Mr', 'first': 'Baptista', 'last': 'Fernandes'}, 'location': {'street': {'number': 6486, 'name': 'Rua Doze '}, 'city': 'Macapá', 'state': 'Paraíba', 'country': 'Brazil', 'postcode': 57032, 'coordinates': {'latitude': '-74.6417', 'longitude': '-114.5005'}, 'timezone': {'offset': '-12:00', 'description': 'Eniwetok, Kwajalein'}}, 'email': 'baptista.fernandes@example.com', 'login': {'uuid': '260a5888-9065-44b5-80d1-3d53465aff0d', 'username': 'ticklishbutterfly276', 'password': '747474', 'salt': 'LbBurRws', 'md5': '8ff803495b4c6b870d09e9ab292831dc', 'sha1': '9e9fc4a435b9c725dabad0d6c48060ef4458dfb7', 'sha256': 'c8f33484dae76a4b06031150fb59bca715dc9a4b360ce1f7dc0e073307035897'}, 'dob': {'date': '1991-06-03T16:33:51.590Z', 'age': 32}, 'registered': {'date': '2009-02-01T09:32:49.914Z', 'age': 15}, 'phone': '(24) 3699-0861', 'cell': '(46) 1106-5584', 'id': {'name': 'CPF', 'value': '668.324.008-11'}, 'picture': {'large': 'https://randomuser.me/api/portraits/men/24.jpg', 'medium': 'https://randomuser.me/api/portraits/med/men/24.jpg', 'thumbnail': 'https://randomuser.me/api/portraits/thumb/men/24.jpg'}, 'nat': 'BR'}], 'info': {'seed': 'c43f6ed174ef52c2', 'results': 1, 'page': 1, 'version': '1.4'}}</msg>
<arg>${json_data}</arg>
<doc>Logs the given message with the given level.</doc>
<status status="PASS" start="2024-04-03T15:13:53.104650" elapsed="0.000254"/>
</kw>
<kw name="Should Be String" owner="String">
<arg>${json_data['results'][0]['gender']}</arg>
<doc>Fails if the given ``item`` is not a string.</doc>
<status status="PASS" start="2024-04-03T15:13:53.105214" elapsed="0.000373"/>
</kw>
<kw name="Should Match Regexp" owner="BuiltIn">
<arg>${json_data['results'][0]['email']}</arg>
<arg>^[a-zA-Z0-9._%+-]+@[a-zA-Z0-9.-]+\.[a-zA-Z]{2,}$</arg>
<doc>Fails if ``string`` does not match ``pattern`` as a regular expression.</doc>
<status status="PASS" start="2024-04-03T15:13:53.105783" elapsed="0.000526"/>
</kw>
<kw name="Should Match Regexp" owner="BuiltIn">
<arg>${json_data['results'][0]['dob']['date']}</arg>
<arg>\\d{4}-\\d{2}-\\d{2}T\\d{2}:\\d{2}:\\d{2}\\.\\d{3}Z</arg>
<doc>Fails if ``string`` does not match ``pattern`` as a regular expression.</doc>
<status status="PASS" start="2024-04-03T15:13:53.106512" elapsed="0.000504"/>
</kw>
<kw name="Should Match Regexp" owner="BuiltIn">
<arg>${json_data['results'][0]['registered']['date']}</arg>
<arg>\\d{4}-\\d{2}-\\d{2}T\\d{2}:\\d{2}:\\d{2}\\.\\d{3}Z</arg>
<doc>Fails if ``string`` does not match ``pattern`` as a regular expression.</doc>
<status status="PASS" start="2024-04-03T15:13:53.107221" elapsed="0.000410"/>
</kw>
<kw name="Should Match Regexp" owner="BuiltIn">
<arg>${json_data['results'][0]['picture']['large']}</arg>
<arg>^https?://.*\.(?:png|jpe?g|gif|bmp)$</arg>
<doc>Fails if ``string`` does not match ``pattern`` as a regular expression.</doc>
<status status="PASS" start="2024-04-03T15:13:53.107837" elapsed="0.000471"/>
</kw>
<kw name="Should Match Regexp" owner="BuiltIn">
<arg>${json_data['results'][0]['picture']['medium']}</arg>
<arg>^https?://.*\.(?:png|jpe?g|gif|bmp)$</arg>
<doc>Fails if ``string`` does not match ``pattern`` as a regular expression.</doc>
<status status="PASS" start="2024-04-03T15:13:53.108503" elapsed="0.000366"/>
</kw>
<kw name="Should Match Regexp" owner="BuiltIn">
<arg>${json_data['results'][0]['picture']['thumbnail']}</arg>
<arg>^https?://.*\.(?:png|jpe?g|gif|bmp)$</arg>
<doc>Fails if ``string`` does not match ``pattern`` as a regular expression.</doc>
<status status="PASS" start="2024-04-03T15:13:53.109056" elapsed="0.000354"/>
</kw>
<kw name="Log" owner="BuiltIn">
<msg time="2024-04-03T15:13:53.109936" level="INFO">{'large': 'https://randomuser.me/api/portraits/men/24.jpg', 'medium': 'https://randomuser.me/api/portraits/med/men/24.jpg', 'thumbnail': 'https://randomuser.me/api/portraits/thumb/men/24.jpg'}</msg>
<arg>${json_data['results'][0]['picture']}</arg>
<doc>Logs the given message with the given level.</doc>
<status status="PASS" start="2024-04-03T15:13:53.109593" elapsed="0.000392"/>
</kw>
<status status="PASS" start="2024-04-03T15:13:52.994686" elapsed="0.115568"/>
</kw>
<kw name="Teste de Tipos de Dados - Postcode" owner="random-user-service">
<kw name="GET On Session" owner="RequestsLibrary">
<msg time="2024-04-03T15:13:53.427465" level="INFO">GET Request : url=https://randomuser.me/api 
 path_url=/api 
 headers={'User-Agent': 'python-requests/2.31.0', 'Accept-Encoding': 'gzip, deflate', 'Accept': '*/*', 'Connection': 'keep-alive'} 
 body=None 
 </msg>
<msg time="2024-04-03T15:13:53.427610" level="INFO">GET Response : url=https://randomuser.me/api 
 status=200, reason=OK 
 headers={'Date': 'Wed, 03 Apr 2024 15:13:53 GMT', 'Content-Type': 'application/json; charset=utf-8', 'Transfer-Encoding': 'chunked', 'Connection': 'keep-alive', 'X-Powered-By': 'Express', 'Access-Control-Allow-Origin': '*', 'Cache-Control': 'no-cache', 'ETag': 'W/"49b-zfrd7lupesspvteMTQ36Eqz6f9o"', 'Vary': 'Accept-Encoding', 'Content-Encoding': 'gzip', 'CF-Cache-Status': 'DYNAMIC', 'Report-To': '{"endpoints":[{"url":"https:\\/\\/a.nel.cloudflare.com\\/report\\/v4?s=9GI0Lz%2BAczcXcvNEIhcuj7DCUBB6MMLXZMUujMFPUVdeonJGzh%2BuUtEMl4gTqzJG%2Bdddo4ozqg3qXyQWotv2IMqFZ%2BDciGCCfn75brTYvBEiHMQjvbTSRhRquoJ7lnsX"}],"group":"cf-nel","max_age":604800}', 'NEL': '{"success_fraction":0,"report_to":"cf-nel","max_age":604800}', 'Server': 'cloudflare', 'CF-RAY': '86ea0152fcf421a3-ORD', 'alt-svc': 'h3=":443"; ma=86400'} 
 body={"results":[{"gender":"male","name":{"title":"Mr","first":"Malone","last":"Carpentier"},"location":{"street":{"number":3848,"name":"Rue D'Abbeville"},"city":"Aubervilliers","state":"Hautes-Pyrénées","country":"France","postcode":13025,"coordinates":{"latitude":"-14.3824","longitude":"-97.6014"},"timezone":{"offset":"-3:30","description":"Newfoundland"}},"email":"malone.carpentier@example.com","login":{"uuid":"92467170-40b9-4a3b-a59e-88595726d3a2","username":"organictiger561","password":"edward1","salt":"qaTJOpS7","md5":"042a6166239c067c52b96b46f9e90860","sha1":"f42147f2cc214606778db754aefdca71f9fabd6a","sha256":"bb799d949e4fac0cf781aaca00ea25cd4a2cb8c5ddb760beeba04ce22c23514a"},"dob":{"date":"1973-09-01T03:22:10.786Z","age":50},"registered":{"date":"2008-11-21T10:51:04.786Z","age":15},"phone":"02-41-48-26-19","cell":"06-37-87-47-75","id":{"name":"INSEE","value":"1730735378061 47"},"picture":{"large":"https://randomuser.me/api/portraits/men/59.jpg","medium":"https://randomuser.me/api/portraits/med/men/59.jpg","thumbnail":"https://randomuser.me/api/portraits/thumb/men/59.jpg"},"nat":"FR"}],"info":{"seed":"03be0c8e3905607a","results":1,"page":1,"version":"1.4"}} 
 </msg>
<msg time="2024-04-03T15:13:53.427712" level="INFO">/opt/hostedtoolcache/Python/3.12.2/x64/lib/python3.12/site-packages/urllib3/connectionpool.py:1103: InsecureRequestWarning: Unverified HTTPS request is being made to host 'randomuser.me'. Adding certificate verification is strongly advised. See: https://urllib3.readthedocs.io/en/latest/advanced-usage.html#tls-warnings
  warnings.warn(</msg>
<msg time="2024-04-03T15:13:53.427869" level="INFO">${response} = &lt;Response [200]&gt;</msg>
<var>${response}</var>
<arg>consultarAPI</arg>
<arg>/api</arg>
<doc>Sends a GET request on a previously created HTTP Session.</doc>
<status status="PASS" start="2024-04-03T15:13:53.110897" elapsed="0.317016"/>
</kw>
<kw name="Set Variable" owner="BuiltIn">
<msg time="2024-04-03T15:13:53.428996" level="INFO">${json_data} = {'results': [{'gender': 'male', 'name': {'title': 'Mr', 'first': 'Malone', 'last': 'Carpentier'}, 'location': {'street': {'number': 3848, 'name': "Rue D'Abbeville"}, 'city': 'Aubervilliers', 'state': ...</msg>
<var>${json_data}</var>
<arg>${response.json()}</arg>
<doc>Returns the given values which can then be assigned to a variables.</doc>
<status status="PASS" start="2024-04-03T15:13:53.428469" elapsed="0.000555"/>
</kw>
<kw name="Log" owner="BuiltIn">
<msg time="2024-04-03T15:13:53.429498" level="INFO">{'results': [{'gender': 'male', 'name': {'title': 'Mr', 'first': 'Malone', 'last': 'Carpentier'}, 'location': {'street': {'number': 3848, 'name': "Rue D'Abbeville"}, 'city': 'Aubervilliers', 'state': 'Hautes-Pyrénées', 'country': 'France', 'postcode': 13025, 'coordinates': {'latitude': '-14.3824', 'longitude': '-97.6014'}, 'timezone': {'offset': '-3:30', 'description': 'Newfoundland'}}, 'email': 'malone.carpentier@example.com', 'login': {'uuid': '92467170-40b9-4a3b-a59e-88595726d3a2', 'username': 'organictiger561', 'password': 'edward1', 'salt': 'qaTJOpS7', 'md5': '042a6166239c067c52b96b46f9e90860', 'sha1': 'f42147f2cc214606778db754aefdca71f9fabd6a', 'sha256': 'bb799d949e4fac0cf781aaca00ea25cd4a2cb8c5ddb760beeba04ce22c23514a'}, 'dob': {'date': '1973-09-01T03:22:10.786Z', 'age': 50}, 'registered': {'date': '2008-11-21T10:51:04.786Z', 'age': 15}, 'phone': '02-41-48-26-19', 'cell': '06-37-87-47-75', 'id': {'name': 'INSEE', 'value': '1730735378061 47'}, 'picture': {'large': 'https://randomuser.me/api/portraits/men/59.jpg', 'medium': 'https://randomuser.me/api/portraits/med/men/59.jpg', 'thumbnail': 'https://randomuser.me/api/portraits/thumb/men/59.jpg'}, 'nat': 'FR'}], 'info': {'seed': '03be0c8e3905607a', 'results': 1, 'page': 1, 'version': '1.4'}}</msg>
<arg>${json_data}</arg>
<doc>Logs the given message with the given level.</doc>
<status status="PASS" start="2024-04-03T15:13:53.429339" elapsed="0.000243"/>
</kw>
<kw name="Should Be Equal As Numbers" owner="BuiltIn">
<arg>${json_data['results'][0]['location']['postcode']}</arg>
<arg>${json_data['results'][0]['location']['postcode']}</arg>
<doc>Fails if objects are unequal after converting them to real numbers.</doc>
<status status="PASS" start="2024-04-03T15:13:53.429884" elapsed="0.000625"/>
</kw>
<kw name="Log" owner="BuiltIn">
<msg time="2024-04-03T15:13:53.431036" level="INFO">13025</msg>
<arg>${json_data['results'][0]['location']['postcode']}</arg>
<doc>Logs the given message with the given level.</doc>
<status status="PASS" start="2024-04-03T15:13:53.430703" elapsed="0.000376"/>
</kw>
<status status="PASS" start="2024-04-03T15:13:53.110497" elapsed="0.320837"/>
</kw>
<doc>Testa se os tipos de dados na resposta da API estão corretos.</doc>
<tag>testeTiposDados</tag>
<status status="PASS" start="2024-04-03T15:13:52.993938" elapsed="0.437569"/>
</test>
<test id="s1-s1-t5" name="Validar conteudo" line="35">
<kw name="Teste de Tipos de Conteudo" owner="random-user-service">
<kw name="GET On Session" owner="RequestsLibrary">
<msg time="2024-04-03T15:13:53.508264" level="INFO">GET Request : url=https://randomuser.me/api 
 path_url=/api 
 headers={'User-Agent': 'python-requests/2.31.0', 'Accept-Encoding': 'gzip, deflate', 'Accept': '*/*', 'Connection': 'keep-alive'} 
 body=None 
 </msg>
<msg time="2024-04-03T15:13:53.508370" level="INFO">GET Response : url=https://randomuser.me/api 
 status=200, reason=OK 
 headers={'Date': 'Wed, 03 Apr 2024 15:13:53 GMT', 'Content-Type': 'application/json; charset=utf-8', 'Transfer-Encoding': 'chunked', 'Connection': 'keep-alive', 'X-Powered-By': 'Express', 'Access-Control-Allow-Origin': '*', 'Cache-Control': 'no-cache', 'ETag': 'W/"46b-q6z9FB38rk4CKmgFpS/rqrJX3as"', 'Vary': 'Accept-Encoding', 'Content-Encoding': 'gzip', 'CF-Cache-Status': 'DYNAMIC', 'Report-To': '{"endpoints":[{"url":"https:\\/\\/a.nel.cloudflare.com\\/report\\/v4?s=iBaPKoUOiNYgkLyj7plStVQSZyMboq%2FUpgE4aqUVqKEIYjby7lJHlTKTW8E2y8fqW40zvQi79mn9kDiB3GSMBkokeKqvThUByGljLuus56iZY5NJCIledJwx6V8RbzG9"}],"group":"cf-nel","max_age":604800}', 'NEL': '{"success_fraction":0,"report_to":"cf-nel","max_age":604800}', 'Server': 'cloudflare', 'CF-RAY': '86ea0155088021a3-ORD', 'alt-svc': 'h3=":443"; ma=86400'} 
 body={"results":[{"gender":"male","name":{"title":"Mr","first":"Melvin","last":"Harris"},"location":{"street":{"number":1582,"name":"West Street"},"city":"Kells","state":"Leitrim","country":"Ireland","postcode":70448,"coordinates":{"latitude":"-0.3870","longitude":"-72.3505"},"timezone":{"offset":"-2:00","description":"Mid-Atlantic"}},"email":"melvin.harris@example.com","login":{"uuid":"b662f78a-cbf3-457c-9ffc-57cf549135c5","username":"yellowrabbit427","password":"xian","salt":"XR8lvBWv","md5":"0f2bce8b760bebc2db099b7a003daa5d","sha1":"0c270fcd556db2cad886e961d2d33223c5c1b7e4","sha256":"b1cf4e8413ff5783642ae5aff18f0bbb6f75f52d3b1a742415bb12c30b761993"},"dob":{"date":"1972-12-26T00:00:14.644Z","age":51},"registered":{"date":"2018-03-07T23:34:04.177Z","age":6},"phone":"031-251-2373","cell":"081-479-7378","id":{"name":"PPS","value":"3993945T"},"picture":{"large":"https://randomuser.me/api/portraits/men/97.jpg","medium":"https://randomuser.me/api/portraits/med/men/97.jpg","thumbnail":"https://randomuser.me/api/portraits/thumb/men/97.jpg"},"nat":"IE"}],"info":{"seed":"9918cadc472d1f35","results":1,"page":1,"version":"1.4"}} 
 </msg>
<msg time="2024-04-03T15:13:53.508441" level="INFO">/opt/hostedtoolcache/Python/3.12.2/x64/lib/python3.12/site-packages/urllib3/connectionpool.py:1103: InsecureRequestWarning: Unverified HTTPS request is being made to host 'randomuser.me'. Adding certificate verification is strongly advised. See: https://urllib3.readthedocs.io/en/latest/advanced-usage.html#tls-warnings
  warnings.warn(</msg>
<msg time="2024-04-03T15:13:53.508609" level="INFO">${response} = &lt;Response [200]&gt;</msg>
<var>${response}</var>
<arg>consultarAPI</arg>
<arg>/api</arg>
<doc>Sends a GET request on a previously created HTTP Session.</doc>
<status status="PASS" start="2024-04-03T15:13:53.434300" elapsed="0.074365"/>
</kw>
<kw name="Set Variable" owner="BuiltIn">
<msg time="2024-04-03T15:13:53.509824" level="INFO">${json_data} = {'results': [{'gender': 'male', 'name': {'title': 'Mr', 'first': 'Melvin', 'last': 'Harris'}, 'location': {'street': {'number': 1582, 'name': 'West Street'}, 'city': 'Kells', 'state': 'Leitrim', 'coun...</msg>
<var>${json_data}</var>
<arg>${response.json()}</arg>
<doc>Returns the given values which can then be assigned to a variables.</doc>
<status status="PASS" start="2024-04-03T15:13:53.509268" elapsed="0.000584"/>
</kw>
<kw name="Set Variable" owner="BuiltIn">
<msg time="2024-04-03T15:13:53.510588" level="INFO">${name_title} = Mr</msg>
<var>${name_title}</var>
<arg>${json_data["results"][0]["name"]["title"]}</arg>
<doc>Returns the given values which can then be assigned to a variables.</doc>
<status status="PASS" start="2024-04-03T15:13:53.510193" elapsed="0.000420"/>
</kw>
<kw name="Create List" owner="BuiltIn">
<msg time="2024-04-03T15:13:53.511068" level="INFO">${allowed_titles} = ['Mr', 'Ms', 'Miss', 'Mrs', 'Madame', 'Monsieur']</msg>
<var>${allowed_titles}</var>
<arg>Mr</arg>
<arg>Ms</arg>
<arg>Miss</arg>
<arg>Mrs</arg>
<arg>Madame</arg>
<arg>Monsieur</arg>
<doc>Returns a list containing given items.</doc>
<status status="PASS" start="2024-04-03T15:13:53.510917" elapsed="0.000176"/>
</kw>
<kw name="List Should Contain Value" owner="Collections">
<msg time="2024-04-03T15:13:53.511633" level="INFO">False</msg>
<arg>${allowed_titles}</arg>
<arg>${name_title}</arg>
<doc>Fails if the ``value`` is not found from ``list``.</doc>
<status status="PASS" start="2024-04-03T15:13:53.511403" elapsed="0.000283"/>
</kw>
<kw name="Set Variable" owner="BuiltIn">
<msg time="2024-04-03T15:13:53.512379" level="INFO">${name_country} = IE</msg>
<var>${name_country}</var>
<arg>${json_data["results"][0]["nat"]}</arg>
<doc>Returns the given values which can then be assigned to a variables.</doc>
<status status="PASS" start="2024-04-03T15:13:53.511994" elapsed="0.000410"/>
</kw>
<kw name="Create List" owner="BuiltIn">
<msg time="2024-04-03T15:13:53.513318" level="INFO">${list_country} = ['AD', 'AE', 'AF', 'AG', 'AI', 'AL', 'AM', 'AO', 'AQ', 'AR', 'AS', 'AT', 'AU', 'AW', 'AX', 'AZ', 'BA', 'BB', 'BD', 'BE', 'BF', 'BG', 'BH', 'BI', 'BJ', 'BL', 'BM', 'BN', 'BO', 'BQ', 'BR', 'BS', 'BT', '...</msg>
<var>${list_country}</var>
<arg>AD</arg>
<arg>AE</arg>
<arg>AF</arg>
<arg>AG</arg>
<arg>AI</arg>
<arg>AL</arg>
<arg>AM</arg>
<arg>AO</arg>
<arg>AQ</arg>
<arg>AR</arg>
<arg>AS</arg>
<arg>AT</arg>
<arg>AU</arg>
<arg>AW</arg>
<arg>AX</arg>
<arg>AZ</arg>
<arg>BA</arg>
<arg>BB</arg>
<arg>BD</arg>
<arg>BE</arg>
<arg>BF</arg>
<arg>BG</arg>
<arg>BH</arg>
<arg>BI</arg>
<arg>BJ</arg>
<arg>BL</arg>
<arg>BM</arg>
<arg>BN</arg>
<arg>BO</arg>
<arg>BQ</arg>
<arg>BR</arg>
<arg>BS</arg>
<arg>BT</arg>
<arg>BV</arg>
<arg>BW</arg>
<arg>BY</arg>
<arg>BZ</arg>
<arg>CA</arg>
<arg>CC</arg>
<arg>CD</arg>
<arg>CF</arg>
<arg>CG</arg>
<arg>CH</arg>
<arg>CI</arg>
<arg>CK</arg>
<arg>CL</arg>
<arg>CM</arg>
<arg>CN</arg>
<arg>CO</arg>
<arg>CR</arg>
<arg>CU</arg>
<arg>CV</arg>
<arg>CW</arg>
<arg>CX</arg>
<arg>CY</arg>
<arg>CZ</arg>
<arg>DE</arg>
<arg>DJ</arg>
<arg>DK</arg>
<arg>DM</arg>
<arg>DO</arg>
<arg>DZ</arg>
<arg>EC</arg>
<arg>EE</arg>
<arg>EG</arg>
<arg>EH</arg>
<arg>ER</arg>
<arg>ES</arg>
<arg>ET</arg>
<arg>FI</arg>
<arg>FJ</arg>
<arg>FK</arg>
<arg>FM</arg>
<arg>FO</arg>
<arg>FR</arg>
<arg>GA</arg>
<arg>GB</arg>
<arg>GD</arg>
<arg>GE</arg>
<arg>GF</arg>
<arg>GG</arg>
<arg>GH</arg>
<arg>GI</arg>
<arg>GL</arg>
<arg>GM</arg>
<arg>GN</arg>
<arg>GP</arg>
<arg>GQ</arg>
<arg>GR</arg>
<arg>GS</arg>
<arg>GT</arg>
<arg>GU</arg>
<arg>GW</arg>
<arg>GY</arg>
<arg>HK</arg>
<arg>HM</arg>
<arg>HN</arg>
<arg>HR</arg>
<arg>HT</arg>
<arg>HU</arg>
<arg>ID</arg>
<arg>IE</arg>
<arg>IL</arg>
<arg>IM</arg>
<arg>IN</arg>
<arg>IO</arg>
<arg>IQ</arg>
<arg>IR</arg>
<arg>IS</arg>
<arg>IT</arg>
<arg>JE</arg>
<arg>JM</arg>
<arg>JO</arg>
<arg>JP</arg>
<arg>KE</arg>
<arg>KG</arg>
<arg>KH</arg>
<arg>KI</arg>
<arg>KM</arg>
<arg>KN</arg>
<arg>KP</arg>
<arg>KR</arg>
<arg>KW</arg>
<arg>KY</arg>
<arg>KZ</arg>
<arg>LA</arg>
<arg>LB</arg>
<arg>LC</arg>
<arg>LI</arg>
<arg>LK</arg>
<arg>LR</arg>
<arg>LS</arg>
<arg>LT</arg>
<arg>LU</arg>
<arg>LV</arg>
<arg>LY</arg>
<arg>MA</arg>
<arg>MC</arg>
<arg>MD</arg>
<arg>ME</arg>
<arg>MF</arg>
<arg>MG</arg>
<arg>MH</arg>
<arg>MK</arg>
<arg>ML</arg>
<arg>MM</arg>
<arg>MN</arg>
<arg>MO</arg>
<arg>MP</arg>
<arg>MQ</arg>
<arg>MR</arg>
<arg>MS</arg>
<arg>MT</arg>
<arg>MU</arg>
<arg>MV</arg>
<arg>MW</arg>
<arg>MX</arg>
<arg>MY</arg>
<arg>MZ</arg>
<arg>NA</arg>
<arg>NC</arg>
<arg>NE</arg>
<arg>NF</arg>
<arg>NG</arg>
<arg>NI</arg>
<arg>NL</arg>
<arg>NO</arg>
<arg>NP</arg>
<arg>NR</arg>
<arg>NU</arg>
<arg>NZ</arg>
<arg>OM</arg>
<arg>PA</arg>
<arg>PE</arg>
<arg>PF</arg>
<arg>PG</arg>
<arg>PH</arg>
<arg>PK</arg>
<arg>PL</arg>
<arg>PM</arg>
<arg>PN</arg>
<arg>PR</arg>
<arg>PS</arg>
<arg>PT</arg>
<arg>PW</arg>
<arg>PY</arg>
<arg>QA</arg>
<arg>RE</arg>
<arg>RO</arg>
<arg>RS</arg>
<arg>RU</arg>
<arg>RW</arg>
<arg>SA</arg>
<arg>SB</arg>
<arg>SC</arg>
<arg>SD</arg>
<arg>SE</arg>
<arg>SG</arg>
<arg>SH</arg>
<arg>SI</arg>
<arg>SJ</arg>
<arg>SK</arg>
<arg>SL</arg>
<arg>SM</arg>
<arg>SN</arg>
<arg>SO</arg>
<arg>SR</arg>
<arg>SS</arg>
<arg>ST</arg>
<arg>SV</arg>
<arg>SX</arg>
<arg>SY</arg>
<arg>SZ</arg>
<arg>TC</arg>
<arg>TD</arg>
<arg>TF</arg>
<arg>TG</arg>
<arg>TH</arg>
<arg>TJ</arg>
<arg>TK</arg>
<arg>TL</arg>
<arg>TM</arg>
<arg>TN</arg>
<arg>TO</arg>
<arg>TR</arg>
<arg>TT</arg>
<arg>TV</arg>
<arg>TW</arg>
<arg>TZ</arg>
<arg>UA</arg>
<arg>UG</arg>
<arg>UM</arg>
<arg>US</arg>
<arg>UY</arg>
<arg>UZ</arg>
<arg>VA</arg>
<arg>VC</arg>
<arg>VE</arg>
<arg>VG</arg>
<arg>VI</arg>
<arg>VN</arg>
<arg>VU</arg>
<arg>WF</arg>
<arg>WS</arg>
<arg>XK</arg>
<arg>YE</arg>
<arg>YT</arg>
<arg>ZA</arg>
<arg>ZM</arg>
<arg>ZW</arg>
<doc>Returns a list containing given items.</doc>
<status status="PASS" start="2024-04-03T15:13:53.512715" elapsed="0.000629"/>
</kw>
<kw name="List Should Contain Value" owner="Collections">
<msg time="2024-04-03T15:13:53.514477" level="INFO">False</msg>
<arg>${list_country}</arg>
<arg>${name_country}</arg>
<doc>Fails if the ``value`` is not found from ``list``.</doc>
<status status="PASS" start="2024-04-03T15:13:53.514271" elapsed="0.000244"/>
</kw>
<kw name="Run Keyword If" owner="BuiltIn">
<kw name="Should Be True" owner="BuiltIn">
<arg>${True}</arg>
<doc>Fails if the given condition is not true.</doc>
<status status="PASS" start="2024-04-03T15:13:53.515621" elapsed="0.000156"/>
</kw>
<arg>${json_data["results"][0]["location"]["coordinates"]["latitude"]} &gt;= -90 and ${json_data["results"][0]["location"]["coordinates"]["latitude"]} &lt;= 90</arg>
<arg>Should Be True</arg>
<arg>${True}</arg>
<doc>Runs the given keyword with the given arguments, if ``condition`` is true.</doc>
<status status="PASS" start="2024-04-03T15:13:53.514826" elapsed="0.001082"/>
</kw>
<kw name="Run Keyword If" owner="BuiltIn">
<kw name="Should Be True" owner="BuiltIn">
<arg>${True}</arg>
<doc>Fails if the given condition is not true.</doc>
<status status="PASS" start="2024-04-03T15:13:53.516804" elapsed="0.000142"/>
</kw>
<arg>${json_data["results"][0]["location"]["coordinates"]["longitude"]} &gt;= -180 and ${json_data["results"][0]["location"]["coordinates"]["longitude"]} &lt;= 180</arg>
<arg>Should Be True</arg>
<arg>${True}</arg>
<doc>Runs the given keyword with the given arguments, if ``condition`` is true.</doc>
<status status="PASS" start="2024-04-03T15:13:53.516100" elapsed="0.000973"/>
</kw>
<status status="PASS" start="2024-04-03T15:13:53.433923" elapsed="0.083281"/>
</kw>
<doc>Testa o conteúdo específico dos campos retornados pela API.</doc>
<tag>testeConteudo</tag>
<status status="PASS" start="2024-04-03T15:13:53.433271" elapsed="0.084090"/>
</test>
<status status="PASS" start="2024-04-03T15:13:52.406989" elapsed="1.112269"/>
</suite>
<status status="PASS" start="2024-04-03T15:13:52.392661" elapsed="1.132099"/>
</suite>
<statistics>
<total>
<stat pass="5" fail="0" skip="0">All Tests</stat>
</total>
<tag>
<stat pass="1" fail="0" skip="0">testeConteudo</stat>
<stat pass="1" fail="0" skip="0">testeEstruturaResposta</stat>
<stat pass="1" fail="0" skip="0">testeRequisicaoBasica</stat>
<stat pass="1" fail="0" skip="0">testeTiposDados</stat>
</tag>
<suite>
<stat pass="5" fail="0" skip="0" id="s1" name="Tests">Tests</stat>
<stat pass="5" fail="0" skip="0" id="s1-s1" name="Random-User-Test">Tests.Random-User-Test</stat>
</suite>
</statistics>
<errors>
</errors>
</robot>
