<?xml version="1.0" encoding="UTF-8"?>
<robot generator="Robot 7.0 (Python 3.12.2 on linux)" generated="2024-04-02T23:14:45.964472" rpa="false" schemaversion="5">
<suite id="s1" name="Tests" source="/home/runner/work/DesafioQAItauRogerioJordao/DesafioQAItauRogerioJordao/RamdonUser/tests">
<suite id="s1-s1" name="Random-User-Test" source="/home/runner/work/DesafioQAItauRogerioJordao/DesafioQAItauRogerioJordao/RamdonUser/tests/random-user-test.robot">
<test id="s1-s1-t1" name="Conectar" line="13">
<kw name="Conectar API" owner="random-user-service">
<kw name="Create Session" owner="RequestsLibrary">
<msg time="2024-04-02T23:14:46.355757" level="INFO">Creating Session using : alias=consultarAPI, url=https://randomuser.me/, headers={},                     cookies={}, auth=None, timeout=None, proxies=None, verify=False,                     debug=0 </msg>
<arg>consultarAPI</arg>
<arg>${URL}</arg>
<doc>Create Session: create a HTTP session to a server</doc>
<status status="PASS" start="2024-04-02T23:14:46.355556" elapsed="0.000385"/>
</kw>
<status status="PASS" start="2024-04-02T23:14:46.354498" elapsed="0.001806"/>
</kw>
<status status="PASS" start="2024-04-02T23:14:46.353902" elapsed="0.002648"/>
</test>
<test id="s1-s1-t2" name="Validar retorno 200 e JSON Válido" line="16">
<kw name="Teste de Requisicao Basica" owner="random-user-service">
<kw name="GET On Session" owner="RequestsLibrary">
<msg time="2024-04-02T23:14:46.569422" level="INFO">GET Request : url=https://randomuser.me/api 
 path_url=/api 
 headers={'User-Agent': 'python-requests/2.31.0', 'Accept-Encoding': 'gzip, deflate', 'Accept': '*/*', 'Connection': 'keep-alive'} 
 body=None 
 </msg>
<msg time="2024-04-02T23:14:46.569567" level="INFO">GET Response : url=https://randomuser.me/api 
 status=200, reason=OK 
 headers={'Date': 'Tue, 02 Apr 2024 23:14:46 GMT', 'Content-Type': 'application/json; charset=utf-8', 'Transfer-Encoding': 'chunked', 'Connection': 'keep-alive', 'X-Powered-By': 'Express', 'Access-Control-Allow-Origin': '*', 'Cache-Control': 'no-cache', 'ETag': 'W/"4aa-B0hsgOQ5SFMZAt4JyUyysz/KEv0"', 'Vary': 'Accept-Encoding', 'Content-Encoding': 'gzip', 'CF-Cache-Status': 'DYNAMIC', 'Report-To': '{"endpoints":[{"url":"https:\\/\\/a.nel.cloudflare.com\\/report\\/v4?s=5osSXpr24kDkg4NNtgL6BPWTvnpMONgroGkQl%2FiYWUjNB5AX3lHTc1d1ZD1loKHcOIbKovSCkBrT9yViyGfw4%2BNIC7ok0RbdktzK1w7kWRVO4xQ5FbNtcxep53aruMWu"}],"group":"cf-nel","max_age":604800}', 'NEL': '{"success_fraction":0,"report_to":"cf-nel","max_age":604800}', 'Server': 'cloudflare', 'CF-RAY': '86e484608f41cf7e-SJC', 'alt-svc': 'h3=":443"; ma=86400'} 
 body={"results":[{"gender":"female","name":{"title":"Mrs","first":"Victoria","last":"Thomas"},"location":{"street":{"number":3351,"name":"Highfield Road"},"city":"Gloucester","state":"North Yorkshire","country":"United Kingdom","postcode":"L12 0QX","coordinates":{"latitude":"-9.7617","longitude":"90.8276"},"timezone":{"offset":"+4:00","description":"Abu Dhabi, Muscat, Baku, Tbilisi"}},"email":"victoria.thomas@example.com","login":{"uuid":"fe8a545a-7cdc-4df7-b85a-bfbbe002b45d","username":"redpanda976","password":"fruity","salt":"UZV28DmG","md5":"85c3062abce8af1f08ed99db2bbdaf44","sha1":"f63509944c355879dd934c78791cae53c95d25c1","sha256":"b5bd14e14cd548905254aae29835a2e806786d05dd7df395847672a0a540dc8d"},"dob":{"date":"1984-06-27T22:49:20.081Z","age":39},"registered":{"date":"2016-10-24T19:35:55.003Z","age":7},"phone":"015242 40575","cell":"07737 239157","id":{"name":"NINO","value":"CA 70 54 10 G"},"picture":{"large":"https://randomuser.me/api/portraits/women/85.jpg","medium":"https://randomuser.me/api/portraits/med/women/85.jpg","thumbnail":"https://randomuser.me/api/portraits/thumb/women/85.jpg"},"nat":"GB"}],"info":{"seed":"283033d0997984fb","results":1,"page":1,"version":"1.4"}} 
 </msg>
<msg time="2024-04-02T23:14:46.569675" level="INFO">/opt/hostedtoolcache/Python/3.12.2/x64/lib/python3.12/site-packages/urllib3/connectionpool.py:1103: InsecureRequestWarning: Unverified HTTPS request is being made to host 'randomuser.me'. Adding certificate verification is strongly advised. See: https://urllib3.readthedocs.io/en/latest/advanced-usage.html#tls-warnings
  warnings.warn(</msg>
<msg time="2024-04-02T23:14:46.569826" level="INFO">${response} = &lt;Response [200]&gt;</msg>
<var>${response}</var>
<arg>consultarAPI</arg>
<arg>/api</arg>
<doc>Sends a GET request on a previously created HTTP Session.</doc>
<status status="PASS" start="2024-04-02T23:14:46.359178" elapsed="0.210691"/>
</kw>
<kw name="Should Be Equal As Numbers" owner="BuiltIn">
<msg time="2024-04-02T23:14:46.570999" level="INFO">Argument types are:
&lt;class 'int'&gt;
&lt;class 'str'&gt;</msg>
<arg>${response.status_code}</arg>
<arg>200</arg>
<doc>Fails if objects are unequal after converting them to real numbers.</doc>
<status status="PASS" start="2024-04-02T23:14:46.570510" elapsed="0.000557"/>
</kw>
<kw name="Log" owner="BuiltIn">
<msg time="2024-04-02T23:14:46.571752" level="INFO">200</msg>
<arg>${response.status_code}</arg>
<doc>Logs the given message with the given level.</doc>
<status status="PASS" start="2024-04-02T23:14:46.571391" elapsed="0.000406"/>
</kw>
<kw name="Set Variable" owner="BuiltIn">
<msg time="2024-04-02T23:14:46.572647" level="INFO">${json_data} = {'results': [{'gender': 'female', 'name': {'title': 'Mrs', 'first': 'Victoria', 'last': 'Thomas'}, 'location': {'street': {'number': 3351, 'name': 'Highfield Road'}, 'city': 'Gloucester', 'state': 'No...</msg>
<var>${json_data}</var>
<arg>${response.json()}</arg>
<doc>Returns the given values which can then be assigned to a variables.</doc>
<status status="PASS" start="2024-04-02T23:14:46.572134" elapsed="0.000543"/>
</kw>
<kw name="Dictionary Should Contain Key" owner="Collections">
<msg time="2024-04-02T23:14:46.573171" level="INFO">False</msg>
<arg>${json_data}</arg>
<arg>results</arg>
<doc>Fails if ``key`` is not found from ``dictionary``.</doc>
<status status="PASS" start="2024-04-02T23:14:46.572997" elapsed="0.000214"/>
</kw>
<status status="PASS" start="2024-04-02T23:14:46.358930" elapsed="0.214558"/>
</kw>
<doc>Testa se a API responde corretamente e retorna um objeto JSON válido.</doc>
<tag>testeRequisicaoBasica</tag>
<status status="PASS" start="2024-04-02T23:14:46.358392" elapsed="0.215289"/>
</test>
<test id="s1-s1-t3" name="Validar estrutura de resposta" line="22">
<kw name="Teste de Estrutura de Resposta" owner="random-user-service">
<kw name="GET On Session" owner="RequestsLibrary">
<msg time="2024-04-02T23:14:46.670142" level="INFO">GET Request : url=https://randomuser.me/api 
 path_url=/api 
 headers={'User-Agent': 'python-requests/2.31.0', 'Accept-Encoding': 'gzip, deflate', 'Accept': '*/*', 'Connection': 'keep-alive'} 
 body=None 
 </msg>
<msg time="2024-04-02T23:14:46.670236" level="INFO">GET Response : url=https://randomuser.me/api 
 status=200, reason=OK 
 headers={'Date': 'Tue, 02 Apr 2024 23:14:46 GMT', 'Content-Type': 'application/json; charset=utf-8', 'Transfer-Encoding': 'chunked', 'Connection': 'keep-alive', 'X-Powered-By': 'Express', 'Access-Control-Allow-Origin': '*', 'Cache-Control': 'no-cache', 'ETag': 'W/"47e-i8v7ohusFRCVLFCfsWm3r9zp9z4"', 'Vary': 'Accept-Encoding', 'Content-Encoding': 'gzip', 'CF-Cache-Status': 'DYNAMIC', 'Report-To': '{"endpoints":[{"url":"https:\\/\\/a.nel.cloudflare.com\\/report\\/v4?s=UXdzOX5KmT9xgJuNDaUv47xXtbbNyGlgdJU3KD1hKOKBH%2FGrS9Edvszs2G4eLh8SJQBl6soI4UwUtjfk3B79N3sAXxkNc7DZBjKJw5EIGI3RE6n%2BNfjE9gcYQD0siDHF"}],"group":"cf-nel","max_age":604800}', 'NEL': '{"success_fraction":0,"report_to":"cf-nel","max_age":604800}', 'Server': 'cloudflare', 'CF-RAY': '86e484612f9ecf7e-SJC', 'alt-svc': 'h3=":443"; ma=86400'} 
 body={"results":[{"gender":"female","name":{"title":"Mrs","first":"Sedef","last":"Keseroğlu"},"location":{"street":{"number":2062,"name":"Abanoz Sk"},"city":"Hakkâri","state":"Tunceli","country":"Turkey","postcode":42516,"coordinates":{"latitude":"72.0010","longitude":"170.9221"},"timezone":{"offset":"+2:00","description":"Kaliningrad, South Africa"}},"email":"sedef.keseroglu@example.com","login":{"uuid":"e788365c-5b83-4410-bf11-284572d2c93e","username":"bigdog601","password":"baxter","salt":"SHmrebR0","md5":"ae2a8b2f5c0d6a1ab5ecc98dbf32deb5","sha1":"741d85f5ab34cab3d456b84b9f0ccddd401e79ec","sha256":"10d2619f552fec7eeefe7671129a40438690512a5cb35d29533ab28acb9862b9"},"dob":{"date":"1959-12-29T20:47:23.641Z","age":64},"registered":{"date":"2009-03-27T17:31:55.295Z","age":15},"phone":"(181)-752-8350","cell":"(869)-224-9161","id":{"name":"","value":null},"picture":{"large":"https://randomuser.me/api/portraits/women/46.jpg","medium":"https://randomuser.me/api/portraits/med/women/46.jpg","thumbnail":"https://randomuser.me/api/portraits/thumb/women/46.jpg"},"nat":"TR"}],"info":{"seed":"7ba56e27b5eb691e","results":1,"page":1,"version":"1.4"}} 
 </msg>
<msg time="2024-04-02T23:14:46.670372" level="INFO">/opt/hostedtoolcache/Python/3.12.2/x64/lib/python3.12/site-packages/urllib3/connectionpool.py:1103: InsecureRequestWarning: Unverified HTTPS request is being made to host 'randomuser.me'. Adding certificate verification is strongly advised. See: https://urllib3.readthedocs.io/en/latest/advanced-usage.html#tls-warnings
  warnings.warn(</msg>
<msg time="2024-04-02T23:14:46.670471" level="INFO">${response} = &lt;Response [200]&gt;</msg>
<var>${response}</var>
<arg>consultarAPI</arg>
<arg>/api</arg>
<doc>Sends a GET request on a previously created HTTP Session.</doc>
<status status="PASS" start="2024-04-02T23:14:46.576657" elapsed="0.093844"/>
</kw>
<kw name="Set Variable" owner="BuiltIn">
<msg time="2024-04-02T23:14:46.671398" level="INFO">${json_data} = {'results': [{'gender': 'female', 'name': {'title': 'Mrs', 'first': 'Sedef', 'last': 'Keseroğlu'}, 'location': {'street': {'number': 2062, 'name': 'Abanoz Sk'}, 'city': 'Hakkâri', 'state': 'Tunceli', ...</msg>
<var>${json_data}</var>
<arg>${response.json()}</arg>
<doc>Returns the given values which can then be assigned to a variables.</doc>
<status status="PASS" start="2024-04-02T23:14:46.670916" elapsed="0.000513"/>
</kw>
<kw name="Log" owner="BuiltIn">
<msg time="2024-04-02T23:14:46.671908" level="INFO">{'results': [{'gender': 'female', 'name': {'title': 'Mrs', 'first': 'Sedef', 'last': 'Keseroğlu'}, 'location': {'street': {'number': 2062, 'name': 'Abanoz Sk'}, 'city': 'Hakkâri', 'state': 'Tunceli', 'country': 'Turkey', 'postcode': 42516, 'coordinates': {'latitude': '72.0010', 'longitude': '170.9221'}, 'timezone': {'offset': '+2:00', 'description': 'Kaliningrad, South Africa'}}, 'email': 'sedef.keseroglu@example.com', 'login': {'uuid': 'e788365c-5b83-4410-bf11-284572d2c93e', 'username': 'bigdog601', 'password': 'baxter', 'salt': 'SHmrebR0', 'md5': 'ae2a8b2f5c0d6a1ab5ecc98dbf32deb5', 'sha1': '741d85f5ab34cab3d456b84b9f0ccddd401e79ec', 'sha256': '10d2619f552fec7eeefe7671129a40438690512a5cb35d29533ab28acb9862b9'}, 'dob': {'date': '1959-12-29T20:47:23.641Z', 'age': 64}, 'registered': {'date': '2009-03-27T17:31:55.295Z', 'age': 15}, 'phone': '(181)-752-8350', 'cell': '(869)-224-9161', 'id': {'name': '', 'value': None}, 'picture': {'large': 'https://randomuser.me/api/portraits/women/46.jpg', 'medium': 'https://randomuser.me/api/portraits/med/women/46.jpg', 'thumbnail': 'https://randomuser.me/api/portraits/thumb/women/46.jpg'}, 'nat': 'TR'}], 'info': {'seed': '7ba56e27b5eb691e', 'results': 1, 'page': 1, 'version': '1.4'}}</msg>
<arg>${json_data}</arg>
<doc>Logs the given message with the given level.</doc>
<status status="PASS" start="2024-04-02T23:14:46.671744" elapsed="0.000216"/>
</kw>
<kw name="Dictionary Should Contain Key" owner="Collections">
<msg time="2024-04-02T23:14:46.672422" level="INFO">False</msg>
<arg>${json_data}</arg>
<arg>results</arg>
<doc>Fails if ``key`` is not found from ``dictionary``.</doc>
<status status="PASS" start="2024-04-02T23:14:46.672262" elapsed="0.000240"/>
</kw>
<kw name="Should Not Be Empty" owner="BuiltIn">
<msg time="2024-04-02T23:14:46.672950" level="INFO">Length is 2.</msg>
<arg>${json_data}</arg>
<doc>Verifies that the given item is not empty.</doc>
<status status="PASS" start="2024-04-02T23:14:46.672814" elapsed="0.000175"/>
</kw>
<kw name="Create List" owner="BuiltIn">
<msg time="2024-04-02T23:14:46.673448" level="INFO">${expected_keys} = ['gender', 'name', 'location', 'email', 'login']</msg>
<var>${expected_keys}</var>
<arg>gender</arg>
<arg>name</arg>
<arg>location</arg>
<arg>email</arg>
<arg>login</arg>
<doc>Returns a list containing given items.</doc>
<status status="PASS" start="2024-04-02T23:14:46.673297" elapsed="0.000176"/>
</kw>
<for flavor="IN">
<iter>
<kw name="Dictionary Should Contain Key" owner="Collections">
<msg time="2024-04-02T23:14:46.674473" level="INFO">False</msg>
<arg>${json_data['results'][0]}</arg>
<arg>${key}</arg>
<doc>Fails if ``key`` is not found from ``dictionary``.</doc>
<status status="PASS" start="2024-04-02T23:14:46.674055" elapsed="0.000458"/>
</kw>
<kw name="Log" owner="BuiltIn">
<msg time="2024-04-02T23:14:46.675205" level="INFO">{'gender': 'female', 'name': {'title': 'Mrs', 'first': 'Sedef', 'last': 'Keseroğlu'}, 'location': {'street': {'number': 2062, 'name': 'Abanoz Sk'}, 'city': 'Hakkâri', 'state': 'Tunceli', 'country': 'Turkey', 'postcode': 42516, 'coordinates': {'latitude': '72.0010', 'longitude': '170.9221'}, 'timezone': {'offset': '+2:00', 'description': 'Kaliningrad, South Africa'}}, 'email': 'sedef.keseroglu@example.com', 'login': {'uuid': 'e788365c-5b83-4410-bf11-284572d2c93e', 'username': 'bigdog601', 'password': 'baxter', 'salt': 'SHmrebR0', 'md5': 'ae2a8b2f5c0d6a1ab5ecc98dbf32deb5', 'sha1': '741d85f5ab34cab3d456b84b9f0ccddd401e79ec', 'sha256': '10d2619f552fec7eeefe7671129a40438690512a5cb35d29533ab28acb9862b9'}, 'dob': {'date': '1959-12-29T20:47:23.641Z', 'age': 64}, 'registered': {'date': '2009-03-27T17:31:55.295Z', 'age': 15}, 'phone': '(181)-752-8350', 'cell': '(869)-224-9161', 'id': {'name': '', 'value': None}, 'picture': {'large': 'https://randomuser.me/api/portraits/women/46.jpg', 'medium': 'https://randomuser.me/api/portraits/med/women/46.jpg', 'thumbnail': 'https://randomuser.me/api/portraits/thumb/women/46.jpg'}, 'nat': 'TR'}</msg>
<arg>${json_data['results'][0]}</arg>
<doc>Logs the given message with the given level.</doc>
<status status="PASS" start="2024-04-02T23:14:46.674820" elapsed="0.000443"/>
</kw>
<kw name="Log" owner="BuiltIn">
<msg time="2024-04-02T23:14:46.675705" level="INFO">gender</msg>
<arg>${key}</arg>
<doc>Logs the given message with the given level.</doc>
<status status="PASS" start="2024-04-02T23:14:46.675571" elapsed="0.000174"/>
</kw>
<var name="${key}">gender</var>
<status status="PASS" start="2024-04-02T23:14:46.673929" elapsed="0.002041"/>
</iter>
<iter>
<kw name="Dictionary Should Contain Key" owner="Collections">
<msg time="2024-04-02T23:14:46.676707" level="INFO">False</msg>
<arg>${json_data['results'][0]}</arg>
<arg>${key}</arg>
<doc>Fails if ``key`` is not found from ``dictionary``.</doc>
<status status="PASS" start="2024-04-02T23:14:46.676279" elapsed="0.000467"/>
</kw>
<kw name="Log" owner="BuiltIn">
<msg time="2024-04-02T23:14:46.677451" level="INFO">{'gender': 'female', 'name': {'title': 'Mrs', 'first': 'Sedef', 'last': 'Keseroğlu'}, 'location': {'street': {'number': 2062, 'name': 'Abanoz Sk'}, 'city': 'Hakkâri', 'state': 'Tunceli', 'country': 'Turkey', 'postcode': 42516, 'coordinates': {'latitude': '72.0010', 'longitude': '170.9221'}, 'timezone': {'offset': '+2:00', 'description': 'Kaliningrad, South Africa'}}, 'email': 'sedef.keseroglu@example.com', 'login': {'uuid': 'e788365c-5b83-4410-bf11-284572d2c93e', 'username': 'bigdog601', 'password': 'baxter', 'salt': 'SHmrebR0', 'md5': 'ae2a8b2f5c0d6a1ab5ecc98dbf32deb5', 'sha1': '741d85f5ab34cab3d456b84b9f0ccddd401e79ec', 'sha256': '10d2619f552fec7eeefe7671129a40438690512a5cb35d29533ab28acb9862b9'}, 'dob': {'date': '1959-12-29T20:47:23.641Z', 'age': 64}, 'registered': {'date': '2009-03-27T17:31:55.295Z', 'age': 15}, 'phone': '(181)-752-8350', 'cell': '(869)-224-9161', 'id': {'name': '', 'value': None}, 'picture': {'large': 'https://randomuser.me/api/portraits/women/46.jpg', 'medium': 'https://randomuser.me/api/portraits/med/women/46.jpg', 'thumbnail': 'https://randomuser.me/api/portraits/thumb/women/46.jpg'}, 'nat': 'TR'}</msg>
<arg>${json_data['results'][0]}</arg>
<doc>Logs the given message with the given level.</doc>
<status status="PASS" start="2024-04-02T23:14:46.677080" elapsed="0.000424"/>
</kw>
<kw name="Log" owner="BuiltIn">
<msg time="2024-04-02T23:14:46.677943" level="INFO">name</msg>
<arg>${key}</arg>
<doc>Logs the given message with the given level.</doc>
<status status="PASS" start="2024-04-02T23:14:46.677812" elapsed="0.000170"/>
</kw>
<var name="${key}">name</var>
<status status="PASS" start="2024-04-02T23:14:46.676164" elapsed="0.002035"/>
</iter>
<iter>
<kw name="Dictionary Should Contain Key" owner="Collections">
<msg time="2024-04-02T23:14:46.678874" level="INFO">False</msg>
<arg>${json_data['results'][0]}</arg>
<arg>${key}</arg>
<doc>Fails if ``key`` is not found from ``dictionary``.</doc>
<status status="PASS" start="2024-04-02T23:14:46.678494" elapsed="0.000419"/>
</kw>
<kw name="Log" owner="BuiltIn">
<msg time="2024-04-02T23:14:46.679583" level="INFO">{'gender': 'female', 'name': {'title': 'Mrs', 'first': 'Sedef', 'last': 'Keseroğlu'}, 'location': {'street': {'number': 2062, 'name': 'Abanoz Sk'}, 'city': 'Hakkâri', 'state': 'Tunceli', 'country': 'Turkey', 'postcode': 42516, 'coordinates': {'latitude': '72.0010', 'longitude': '170.9221'}, 'timezone': {'offset': '+2:00', 'description': 'Kaliningrad, South Africa'}}, 'email': 'sedef.keseroglu@example.com', 'login': {'uuid': 'e788365c-5b83-4410-bf11-284572d2c93e', 'username': 'bigdog601', 'password': 'baxter', 'salt': 'SHmrebR0', 'md5': 'ae2a8b2f5c0d6a1ab5ecc98dbf32deb5', 'sha1': '741d85f5ab34cab3d456b84b9f0ccddd401e79ec', 'sha256': '10d2619f552fec7eeefe7671129a40438690512a5cb35d29533ab28acb9862b9'}, 'dob': {'date': '1959-12-29T20:47:23.641Z', 'age': 64}, 'registered': {'date': '2009-03-27T17:31:55.295Z', 'age': 15}, 'phone': '(181)-752-8350', 'cell': '(869)-224-9161', 'id': {'name': '', 'value': None}, 'picture': {'large': 'https://randomuser.me/api/portraits/women/46.jpg', 'medium': 'https://randomuser.me/api/portraits/med/women/46.jpg', 'thumbnail': 'https://randomuser.me/api/portraits/thumb/women/46.jpg'}, 'nat': 'TR'}</msg>
<arg>${json_data['results'][0]}</arg>
<doc>Logs the given message with the given level.</doc>
<status status="PASS" start="2024-04-02T23:14:46.679216" elapsed="0.000423"/>
</kw>
<kw name="Log" owner="BuiltIn">
<msg time="2024-04-02T23:14:46.680061" level="INFO">location</msg>
<arg>${key}</arg>
<doc>Logs the given message with the given level.</doc>
<status status="PASS" start="2024-04-02T23:14:46.679935" elapsed="0.000165"/>
</kw>
<var name="${key}">location</var>
<status status="PASS" start="2024-04-02T23:14:46.678381" elapsed="0.001936"/>
</iter>
<iter>
<kw name="Dictionary Should Contain Key" owner="Collections">
<msg time="2024-04-02T23:14:46.681037" level="INFO">False</msg>
<arg>${json_data['results'][0]}</arg>
<arg>${key}</arg>
<doc>Fails if ``key`` is not found from ``dictionary``.</doc>
<status status="PASS" start="2024-04-02T23:14:46.680653" elapsed="0.000422"/>
</kw>
<kw name="Log" owner="BuiltIn">
<msg time="2024-04-02T23:14:46.681748" level="INFO">{'gender': 'female', 'name': {'title': 'Mrs', 'first': 'Sedef', 'last': 'Keseroğlu'}, 'location': {'street': {'number': 2062, 'name': 'Abanoz Sk'}, 'city': 'Hakkâri', 'state': 'Tunceli', 'country': 'Turkey', 'postcode': 42516, 'coordinates': {'latitude': '72.0010', 'longitude': '170.9221'}, 'timezone': {'offset': '+2:00', 'description': 'Kaliningrad, South Africa'}}, 'email': 'sedef.keseroglu@example.com', 'login': {'uuid': 'e788365c-5b83-4410-bf11-284572d2c93e', 'username': 'bigdog601', 'password': 'baxter', 'salt': 'SHmrebR0', 'md5': 'ae2a8b2f5c0d6a1ab5ecc98dbf32deb5', 'sha1': '741d85f5ab34cab3d456b84b9f0ccddd401e79ec', 'sha256': '10d2619f552fec7eeefe7671129a40438690512a5cb35d29533ab28acb9862b9'}, 'dob': {'date': '1959-12-29T20:47:23.641Z', 'age': 64}, 'registered': {'date': '2009-03-27T17:31:55.295Z', 'age': 15}, 'phone': '(181)-752-8350', 'cell': '(869)-224-9161', 'id': {'name': '', 'value': None}, 'picture': {'large': 'https://randomuser.me/api/portraits/women/46.jpg', 'medium': 'https://randomuser.me/api/portraits/med/women/46.jpg', 'thumbnail': 'https://randomuser.me/api/portraits/thumb/women/46.jpg'}, 'nat': 'TR'}</msg>
<arg>${json_data['results'][0]}</arg>
<doc>Logs the given message with the given level.</doc>
<status status="PASS" start="2024-04-02T23:14:46.681378" elapsed="0.000421"/>
</kw>
<kw name="Log" owner="BuiltIn">
<msg time="2024-04-02T23:14:46.682232" level="INFO">email</msg>
<arg>${key}</arg>
<doc>Logs the given message with the given level.</doc>
<status status="PASS" start="2024-04-02T23:14:46.682105" elapsed="0.000165"/>
</kw>
<var name="${key}">email</var>
<status status="PASS" start="2024-04-02T23:14:46.680538" elapsed="0.001953"/>
</iter>
<iter>
<kw name="Dictionary Should Contain Key" owner="Collections">
<msg time="2024-04-02T23:14:46.683179" level="INFO">False</msg>
<arg>${json_data['results'][0]}</arg>
<arg>${key}</arg>
<doc>Fails if ``key`` is not found from ``dictionary``.</doc>
<status status="PASS" start="2024-04-02T23:14:46.682790" elapsed="0.000426"/>
</kw>
<kw name="Log" owner="BuiltIn">
<msg time="2024-04-02T23:14:46.683879" level="INFO">{'gender': 'female', 'name': {'title': 'Mrs', 'first': 'Sedef', 'last': 'Keseroğlu'}, 'location': {'street': {'number': 2062, 'name': 'Abanoz Sk'}, 'city': 'Hakkâri', 'state': 'Tunceli', 'country': 'Turkey', 'postcode': 42516, 'coordinates': {'latitude': '72.0010', 'longitude': '170.9221'}, 'timezone': {'offset': '+2:00', 'description': 'Kaliningrad, South Africa'}}, 'email': 'sedef.keseroglu@example.com', 'login': {'uuid': 'e788365c-5b83-4410-bf11-284572d2c93e', 'username': 'bigdog601', 'password': 'baxter', 'salt': 'SHmrebR0', 'md5': 'ae2a8b2f5c0d6a1ab5ecc98dbf32deb5', 'sha1': '741d85f5ab34cab3d456b84b9f0ccddd401e79ec', 'sha256': '10d2619f552fec7eeefe7671129a40438690512a5cb35d29533ab28acb9862b9'}, 'dob': {'date': '1959-12-29T20:47:23.641Z', 'age': 64}, 'registered': {'date': '2009-03-27T17:31:55.295Z', 'age': 15}, 'phone': '(181)-752-8350', 'cell': '(869)-224-9161', 'id': {'name': '', 'value': None}, 'picture': {'large': 'https://randomuser.me/api/portraits/women/46.jpg', 'medium': 'https://randomuser.me/api/portraits/med/women/46.jpg', 'thumbnail': 'https://randomuser.me/api/portraits/thumb/women/46.jpg'}, 'nat': 'TR'}</msg>
<arg>${json_data['results'][0]}</arg>
<doc>Logs the given message with the given level.</doc>
<status status="PASS" start="2024-04-02T23:14:46.683510" elapsed="0.000420"/>
</kw>
<kw name="Log" owner="BuiltIn">
<msg time="2024-04-02T23:14:46.684350" level="INFO">login</msg>
<arg>${key}</arg>
<doc>Logs the given message with the given level.</doc>
<status status="PASS" start="2024-04-02T23:14:46.684223" elapsed="0.000299"/>
</kw>
<var name="${key}">login</var>
<status status="PASS" start="2024-04-02T23:14:46.682665" elapsed="0.002096"/>
</iter>
<var>${key}</var>
<value>@{expected_keys}</value>
<status status="PASS" start="2024-04-02T23:14:46.673739" elapsed="0.011173"/>
</for>
<kw name="Create List" owner="BuiltIn">
<msg time="2024-04-02T23:14:46.685254" level="INFO">${expected_keysTwo} = ['username', 'password']</msg>
<var>${expected_keysTwo}</var>
<arg>username</arg>
<arg>password</arg>
<doc>Returns a list containing given items.</doc>
<status status="PASS" start="2024-04-02T23:14:46.685115" elapsed="0.000163"/>
</kw>
<for flavor="IN">
<iter>
<kw name="Dictionary Should Contain Key" owner="Collections">
<msg time="2024-04-02T23:14:46.686163" level="INFO">False</msg>
<arg>${json_data['results'][0]['login']}</arg>
<arg>${keyTwo}</arg>
<doc>Fails if ``key`` is not found from ``dictionary``.</doc>
<status status="PASS" start="2024-04-02T23:14:46.685779" elapsed="0.000422"/>
</kw>
<kw name="Dictionary Should Contain Key" owner="Collections">
<msg time="2024-04-02T23:14:46.686889" level="INFO">False</msg>
<arg>${json_data['results'][0]['login']}</arg>
<arg>${keyTwo}</arg>
<doc>Fails if ``key`` is not found from ``dictionary``.</doc>
<status status="PASS" start="2024-04-02T23:14:46.686497" elapsed="0.000431"/>
</kw>
<kw name="Log" owner="BuiltIn">
<msg time="2024-04-02T23:14:46.687349" level="INFO">username</msg>
<arg>${keyTwo}</arg>
<doc>Logs the given message with the given level.</doc>
<status status="PASS" start="2024-04-02T23:14:46.687222" elapsed="0.000165"/>
</kw>
<var name="${keyTwo}">username</var>
<status status="PASS" start="2024-04-02T23:14:46.685668" elapsed="0.001934"/>
</iter>
<iter>
<kw name="Dictionary Should Contain Key" owner="Collections">
<msg time="2024-04-02T23:14:46.688256" level="INFO">False</msg>
<arg>${json_data['results'][0]['login']}</arg>
<arg>${keyTwo}</arg>
<doc>Fails if ``key`` is not found from ``dictionary``.</doc>
<status status="PASS" start="2024-04-02T23:14:46.687884" elapsed="0.000409"/>
</kw>
<kw name="Dictionary Should Contain Key" owner="Collections">
<msg time="2024-04-02T23:14:46.689008" level="INFO">False</msg>
<arg>${json_data['results'][0]['login']}</arg>
<arg>${keyTwo}</arg>
<doc>Fails if ``key`` is not found from ``dictionary``.</doc>
<status status="PASS" start="2024-04-02T23:14:46.688621" elapsed="0.000423"/>
</kw>
<kw name="Log" owner="BuiltIn">
<msg time="2024-04-02T23:14:46.689470" level="INFO">password</msg>
<arg>${keyTwo}</arg>
<doc>Logs the given message with the given level.</doc>
<status status="PASS" start="2024-04-02T23:14:46.689342" elapsed="0.000167"/>
</kw>
<var name="${keyTwo}">password</var>
<status status="PASS" start="2024-04-02T23:14:46.687774" elapsed="0.001953"/>
</iter>
<var>${keyTwo}</var>
<value>@{expected_keysTwo}</value>
<status status="PASS" start="2024-04-02T23:14:46.685517" elapsed="0.004333"/>
</for>
<status status="PASS" start="2024-04-02T23:14:46.576382" elapsed="0.113608"/>
</kw>
<doc>Testa a estrutura da resposta da API.</doc>
<tag>testeEstruturaResposta</tag>
<status status="PASS" start="2024-04-02T23:14:46.575566" elapsed="0.114581"/>
</test>
<test id="s1-s1-t4" name="Validar tipos de dados" line="28">
<kw name="Teste de Tipos de Dados" owner="random-user-service">
<kw name="GET On Session" owner="RequestsLibrary">
<msg time="2024-04-02T23:14:46.778856" level="INFO">GET Request : url=https://randomuser.me/api 
 path_url=/api 
 headers={'User-Agent': 'python-requests/2.31.0', 'Accept-Encoding': 'gzip, deflate', 'Accept': '*/*', 'Connection': 'keep-alive'} 
 body=None 
 </msg>
<msg time="2024-04-02T23:14:46.778950" level="INFO">GET Response : url=https://randomuser.me/api 
 status=200, reason=OK 
 headers={'Date': 'Tue, 02 Apr 2024 23:14:46 GMT', 'Content-Type': 'application/json; charset=utf-8', 'Transfer-Encoding': 'chunked', 'Connection': 'keep-alive', 'X-Powered-By': 'Express', 'Access-Control-Allow-Origin': '*', 'Cache-Control': 'no-cache', 'ETag': 'W/"485-wdPJsm6LymcDxd/MAp1hc2IH438"', 'Vary': 'Accept-Encoding', 'Content-Encoding': 'gzip', 'CF-Cache-Status': 'DYNAMIC', 'Report-To': '{"endpoints":[{"url":"https:\\/\\/a.nel.cloudflare.com\\/report\\/v4?s=cD7J4pLVHJfMrd4MICCfG95eG0LFjOY1n8D3r9QCNAEedEJjjfKIKXFPZIPHTz%2F817SyVa73R%2FYSAwNEc6SuQI2C1Qd%2F9P5x9ZCq7yMw%2BLBM4p4KMNoIBWjEGc%2FEdoI%2B"}],"group":"cf-nel","max_age":604800}', 'NEL': '{"success_fraction":0,"report_to":"cf-nel","max_age":604800}', 'Server': 'cloudflare', 'CF-RAY': '86e48461d883cf7e-SJC', 'alt-svc': 'h3=":443"; ma=86400'} 
 body={"results":[{"gender":"male","name":{"title":"Mr","first":"Paul","last":"Rose"},"location":{"street":{"number":6016,"name":"N Stelling Rd"},"city":"Gilbert","state":"Maryland","country":"United States","postcode":46278,"coordinates":{"latitude":"87.6760","longitude":"-41.2382"},"timezone":{"offset":"-11:00","description":"Midway Island, Samoa"}},"email":"paul.rose@example.com","login":{"uuid":"cc098566-c295-4136-83db-0d4742263941","username":"ticklishpeacock120","password":"colleen","salt":"YjMugpxs","md5":"0b273bd3e03bccf18e8f1c316136229d","sha1":"7b7e2b73f6efc8c487f061f03f503925391ea9cf","sha256":"4bdbc532d0029862264df6ee4ffd342d8490a759cad25eabb7c6168758a442ad"},"dob":{"date":"1992-02-02T16:51:46.288Z","age":32},"registered":{"date":"2008-06-19T03:38:13.173Z","age":15},"phone":"(411) 515-3096","cell":"(302) 980-0730","id":{"name":"SSN","value":"347-07-5428"},"picture":{"large":"https://randomuser.me/api/portraits/men/49.jpg","medium":"https://randomuser.me/api/portraits/med/men/49.jpg","thumbnail":"https://randomuser.me/api/portraits/thumb/men/49.jpg"},"nat":"US"}],"info":{"seed":"4f635fac2d820406","results":1,"page":1,"version":"1.4"}} 
 </msg>
<msg time="2024-04-02T23:14:46.779023" level="INFO">/opt/hostedtoolcache/Python/3.12.2/x64/lib/python3.12/site-packages/urllib3/connectionpool.py:1103: InsecureRequestWarning: Unverified HTTPS request is being made to host 'randomuser.me'. Adding certificate verification is strongly advised. See: https://urllib3.readthedocs.io/en/latest/advanced-usage.html#tls-warnings
  warnings.warn(</msg>
<msg time="2024-04-02T23:14:46.779146" level="INFO">${response} = &lt;Response [200]&gt;</msg>
<var>${response}</var>
<arg>consultarAPI</arg>
<arg>/api</arg>
<doc>Sends a GET request on a previously created HTTP Session.</doc>
<status status="PASS" start="2024-04-02T23:14:46.692610" elapsed="0.086587"/>
</kw>
<kw name="Set Variable" owner="BuiltIn">
<msg time="2024-04-02T23:14:46.780179" level="INFO">${json_data} = {'results': [{'gender': 'male', 'name': {'title': 'Mr', 'first': 'Paul', 'last': 'Rose'}, 'location': {'street': {'number': 6016, 'name': 'N Stelling Rd'}, 'city': 'Gilbert', 'state': 'Maryland', 'cou...</msg>
<var>${json_data}</var>
<arg>${response.json()}</arg>
<doc>Returns the given values which can then be assigned to a variables.</doc>
<status status="PASS" start="2024-04-02T23:14:46.779687" elapsed="0.000521"/>
</kw>
<kw name="Log" owner="BuiltIn">
<msg time="2024-04-02T23:14:46.780726" level="INFO">{'results': [{'gender': 'male', 'name': {'title': 'Mr', 'first': 'Paul', 'last': 'Rose'}, 'location': {'street': {'number': 6016, 'name': 'N Stelling Rd'}, 'city': 'Gilbert', 'state': 'Maryland', 'country': 'United States', 'postcode': 46278, 'coordinates': {'latitude': '87.6760', 'longitude': '-41.2382'}, 'timezone': {'offset': '-11:00', 'description': 'Midway Island, Samoa'}}, 'email': 'paul.rose@example.com', 'login': {'uuid': 'cc098566-c295-4136-83db-0d4742263941', 'username': 'ticklishpeacock120', 'password': 'colleen', 'salt': 'YjMugpxs', 'md5': '0b273bd3e03bccf18e8f1c316136229d', 'sha1': '7b7e2b73f6efc8c487f061f03f503925391ea9cf', 'sha256': '4bdbc532d0029862264df6ee4ffd342d8490a759cad25eabb7c6168758a442ad'}, 'dob': {'date': '1992-02-02T16:51:46.288Z', 'age': 32}, 'registered': {'date': '2008-06-19T03:38:13.173Z', 'age': 15}, 'phone': '(411) 515-3096', 'cell': '(302) 980-0730', 'id': {'name': 'SSN', 'value': '347-07-5428'}, 'picture': {'large': 'https://randomuser.me/api/portraits/men/49.jpg', 'medium': 'https://randomuser.me/api/portraits/med/men/49.jpg', 'thumbnail': 'https://randomuser.me/api/portraits/thumb/men/49.jpg'}, 'nat': 'US'}], 'info': {'seed': '4f635fac2d820406', 'results': 1, 'page': 1, 'version': '1.4'}}</msg>
<arg>${json_data}</arg>
<doc>Logs the given message with the given level.</doc>
<status status="PASS" start="2024-04-02T23:14:46.780564" elapsed="0.000247"/>
</kw>
<kw name="Should Be String" owner="String">
<arg>${json_data['results'][0]['gender']}</arg>
<doc>Fails if the given ``item`` is not a string.</doc>
<status status="PASS" start="2024-04-02T23:14:46.781120" elapsed="0.000374"/>
</kw>
<kw name="Should Match Regexp" owner="BuiltIn">
<arg>${json_data['results'][0]['email']}</arg>
<arg>^[a-zA-Z0-9._%+-]+@[a-zA-Z0-9.-]+\.[a-zA-Z]{2,}$</arg>
<doc>Fails if ``string`` does not match ``pattern`` as a regular expression.</doc>
<status status="PASS" start="2024-04-02T23:14:46.781694" elapsed="0.000531"/>
</kw>
<kw name="Should Match Regexp" owner="BuiltIn">
<arg>${json_data['results'][0]['dob']['date']}</arg>
<arg>\\d{4}-\\d{2}-\\d{2}T\\d{2}:\\d{2}:\\d{2}\\.\\d{3}Z</arg>
<doc>Fails if ``string`` does not match ``pattern`` as a regular expression.</doc>
<status status="PASS" start="2024-04-02T23:14:46.782430" elapsed="0.000498"/>
</kw>
<kw name="Should Match Regexp" owner="BuiltIn">
<arg>${json_data['results'][0]['registered']['date']}</arg>
<arg>\\d{4}-\\d{2}-\\d{2}T\\d{2}:\\d{2}:\\d{2}\\.\\d{3}Z</arg>
<doc>Fails if ``string`` does not match ``pattern`` as a regular expression.</doc>
<status status="PASS" start="2024-04-02T23:14:46.783126" elapsed="0.000374"/>
</kw>
<kw name="Should Match Regexp" owner="BuiltIn">
<arg>${json_data['results'][0]['picture']['large']}</arg>
<arg>^https?://.*\.(?:png|jpe?g|gif|bmp)$</arg>
<doc>Fails if ``string`` does not match ``pattern`` as a regular expression.</doc>
<status status="PASS" start="2024-04-02T23:14:46.783691" elapsed="0.000468"/>
</kw>
<kw name="Should Match Regexp" owner="BuiltIn">
<arg>${json_data['results'][0]['picture']['medium']}</arg>
<arg>^https?://.*\.(?:png|jpe?g|gif|bmp)$</arg>
<doc>Fails if ``string`` does not match ``pattern`` as a regular expression.</doc>
<status status="PASS" start="2024-04-02T23:14:46.784352" elapsed="0.000386"/>
</kw>
<kw name="Should Match Regexp" owner="BuiltIn">
<arg>${json_data['results'][0]['picture']['thumbnail']}</arg>
<arg>^https?://.*\.(?:png|jpe?g|gif|bmp)$</arg>
<doc>Fails if ``string`` does not match ``pattern`` as a regular expression.</doc>
<status status="PASS" start="2024-04-02T23:14:46.784928" elapsed="0.000356"/>
</kw>
<kw name="Log" owner="BuiltIn">
<msg time="2024-04-02T23:14:46.785798" level="INFO">{'large': 'https://randomuser.me/api/portraits/men/49.jpg', 'medium': 'https://randomuser.me/api/portraits/med/men/49.jpg', 'thumbnail': 'https://randomuser.me/api/portraits/thumb/men/49.jpg'}</msg>
<arg>${json_data['results'][0]['picture']}</arg>
<doc>Logs the given message with the given level.</doc>
<status status="PASS" start="2024-04-02T23:14:46.785470" elapsed="0.000376"/>
</kw>
<status status="PASS" start="2024-04-02T23:14:46.692340" elapsed="0.093765"/>
</kw>
<kw name="Teste de Tipos de Dados - Postcode" owner="random-user-service">
<kw name="GET On Session" owner="RequestsLibrary">
<msg time="2024-04-02T23:14:47.089617" level="INFO">GET Request : url=https://randomuser.me/api 
 path_url=/api 
 headers={'User-Agent': 'python-requests/2.31.0', 'Accept-Encoding': 'gzip, deflate', 'Accept': '*/*', 'Connection': 'keep-alive'} 
 body=None 
 </msg>
<msg time="2024-04-02T23:14:47.089724" level="INFO">GET Response : url=https://randomuser.me/api 
 status=200, reason=OK 
 headers={'Date': 'Tue, 02 Apr 2024 23:14:47 GMT', 'Content-Type': 'application/json; charset=utf-8', 'Transfer-Encoding': 'chunked', 'Connection': 'keep-alive', 'X-Powered-By': 'Express', 'Access-Control-Allow-Origin': '*', 'Cache-Control': 'no-cache', 'ETag': 'W/"486-5+EF8nwgvlnBxx2tOMYXbzyM7L0"', 'Vary': 'Accept-Encoding', 'Content-Encoding': 'gzip', 'CF-Cache-Status': 'DYNAMIC', 'Report-To': '{"endpoints":[{"url":"https:\\/\\/a.nel.cloudflare.com\\/report\\/v4?s=mww7l0WhyYUDDvQTFdd0HC%2FMTFWeTrBh6fQx423Loi1Al4cZ%2B5kV5GzkjrpOHi%2BSENzXWWXEuhSxjdfHO5pSxDaINAw72h5WH%2Fm6m70mRvz1Dii26foNMoJQ3qNnaECi"}],"group":"cf-nel","max_age":604800}', 'NEL': '{"success_fraction":0,"report_to":"cf-nel","max_age":604800}', 'Server': 'cloudflare', 'CF-RAY': '86e48462790dcf7e-SJC', 'alt-svc': 'h3=":443"; ma=86400'} 
 body={"results":[{"gender":"male","name":{"title":"Mr","first":"Arron","last":"Hunter"},"location":{"street":{"number":6012,"name":"W Campbell Ave"},"city":"Shepparton","state":"Northern Territory","country":"Australia","postcode":5653,"coordinates":{"latitude":"-82.3079","longitude":"-90.3175"},"timezone":{"offset":"+9:30","description":"Adelaide, Darwin"}},"email":"arron.hunter@example.com","login":{"uuid":"17e9eb50-b214-4ab9-994a-224c05b63c82","username":"crazyostrich217","password":"marcos","salt":"SkfrNSJf","md5":"dab5e9e45b43684f46fb58729616b093","sha1":"b97488b53ce2b70f21bb3baa42fede5148a8fe21","sha256":"def2c5e8297ef8fa8251a2e5e588a33cc2c9b493348be21af303a8188c3b4f22"},"dob":{"date":"1952-10-19T23:11:29.130Z","age":71},"registered":{"date":"2007-06-13T19:56:21.568Z","age":16},"phone":"00-3742-7519","cell":"0438-534-634","id":{"name":"TFN","value":"797714052"},"picture":{"large":"https://randomuser.me/api/portraits/men/80.jpg","medium":"https://randomuser.me/api/portraits/med/men/80.jpg","thumbnail":"https://randomuser.me/api/portraits/thumb/men/80.jpg"},"nat":"AU"}],"info":{"seed":"e09280c783fe963c","results":1,"page":1,"version":"1.4"}} 
 </msg>
<msg time="2024-04-02T23:14:47.089821" level="INFO">/opt/hostedtoolcache/Python/3.12.2/x64/lib/python3.12/site-packages/urllib3/connectionpool.py:1103: InsecureRequestWarning: Unverified HTTPS request is being made to host 'randomuser.me'. Adding certificate verification is strongly advised. See: https://urllib3.readthedocs.io/en/latest/advanced-usage.html#tls-warnings
  warnings.warn(</msg>
<msg time="2024-04-02T23:14:47.089955" level="INFO">${response} = &lt;Response [200]&gt;</msg>
<var>${response}</var>
<arg>consultarAPI</arg>
<arg>/api</arg>
<doc>Sends a GET request on a previously created HTTP Session.</doc>
<status status="PASS" start="2024-04-02T23:14:46.786691" elapsed="0.303313"/>
</kw>
<kw name="Set Variable" owner="BuiltIn">
<msg time="2024-04-02T23:14:47.091034" level="INFO">${json_data} = {'results': [{'gender': 'male', 'name': {'title': 'Mr', 'first': 'Arron', 'last': 'Hunter'}, 'location': {'street': {'number': 6012, 'name': 'W Campbell Ave'}, 'city': 'Shepparton', 'state': 'Northern...</msg>
<var>${json_data}</var>
<arg>${response.json()}</arg>
<doc>Returns the given values which can then be assigned to a variables.</doc>
<status status="PASS" start="2024-04-02T23:14:47.090532" elapsed="0.000530"/>
</kw>
<kw name="Log" owner="BuiltIn">
<msg time="2024-04-02T23:14:47.091515" level="INFO">{'results': [{'gender': 'male', 'name': {'title': 'Mr', 'first': 'Arron', 'last': 'Hunter'}, 'location': {'street': {'number': 6012, 'name': 'W Campbell Ave'}, 'city': 'Shepparton', 'state': 'Northern Territory', 'country': 'Australia', 'postcode': 5653, 'coordinates': {'latitude': '-82.3079', 'longitude': '-90.3175'}, 'timezone': {'offset': '+9:30', 'description': 'Adelaide, Darwin'}}, 'email': 'arron.hunter@example.com', 'login': {'uuid': '17e9eb50-b214-4ab9-994a-224c05b63c82', 'username': 'crazyostrich217', 'password': 'marcos', 'salt': 'SkfrNSJf', 'md5': 'dab5e9e45b43684f46fb58729616b093', 'sha1': 'b97488b53ce2b70f21bb3baa42fede5148a8fe21', 'sha256': 'def2c5e8297ef8fa8251a2e5e588a33cc2c9b493348be21af303a8188c3b4f22'}, 'dob': {'date': '1952-10-19T23:11:29.130Z', 'age': 71}, 'registered': {'date': '2007-06-13T19:56:21.568Z', 'age': 16}, 'phone': '00-3742-7519', 'cell': '0438-534-634', 'id': {'name': 'TFN', 'value': '797714052'}, 'picture': {'large': 'https://randomuser.me/api/portraits/men/80.jpg', 'medium': 'https://randomuser.me/api/portraits/med/men/80.jpg', 'thumbnail': 'https://randomuser.me/api/portraits/thumb/men/80.jpg'}, 'nat': 'AU'}], 'info': {'seed': 'e09280c783fe963c', 'results': 1, 'page': 1, 'version': '1.4'}}</msg>
<arg>${json_data}</arg>
<doc>Logs the given message with the given level.</doc>
<status status="PASS" start="2024-04-02T23:14:47.091361" elapsed="0.000236"/>
</kw>
<kw name="Should Be Equal As Numbers" owner="BuiltIn">
<arg>${json_data['results'][0]['location']['postcode']}</arg>
<arg>${json_data['results'][0]['location']['postcode']}</arg>
<doc>Fails if objects are unequal after converting them to real numbers.</doc>
<status status="PASS" start="2024-04-02T23:14:47.091897" elapsed="0.000671"/>
</kw>
<kw name="Log" owner="BuiltIn">
<msg time="2024-04-02T23:14:47.093095" level="INFO">5653</msg>
<arg>${json_data['results'][0]['location']['postcode']}</arg>
<doc>Logs the given message with the given level.</doc>
<status status="PASS" start="2024-04-02T23:14:47.092761" elapsed="0.000374"/>
</kw>
<status status="PASS" start="2024-04-02T23:14:46.786331" elapsed="0.307058"/>
</kw>
<doc>Testa se os tipos de dados na resposta da API estão corretos.</doc>
<tag>testeTiposDados</tag>
<status status="PASS" start="2024-04-02T23:14:46.691865" elapsed="0.401695"/>
</test>
<test id="s1-s1-t5" name="Validar conteudo" line="35">
<kw name="Teste de Tipos de Conteudo" owner="random-user-service">
<kw name="GET On Session" owner="RequestsLibrary">
<msg time="2024-04-02T23:14:47.179996" level="INFO">GET Request : url=https://randomuser.me/api 
 path_url=/api 
 headers={'User-Agent': 'python-requests/2.31.0', 'Accept-Encoding': 'gzip, deflate', 'Accept': '*/*', 'Connection': 'keep-alive'} 
 body=None 
 </msg>
<msg time="2024-04-02T23:14:47.180091" level="INFO">GET Response : url=https://randomuser.me/api 
 status=200, reason=OK 
 headers={'Date': 'Tue, 02 Apr 2024 23:14:47 GMT', 'Content-Type': 'application/json; charset=utf-8', 'Transfer-Encoding': 'chunked', 'Connection': 'keep-alive', 'X-Powered-By': 'Express', 'Access-Control-Allow-Origin': '*', 'Cache-Control': 'no-cache', 'ETag': 'W/"486-MzOBnS7Vg/U8fv5OIjCatd/Q7Fc"', 'Vary': 'Accept-Encoding', 'Content-Encoding': 'gzip', 'CF-Cache-Status': 'DYNAMIC', 'Report-To': '{"endpoints":[{"url":"https:\\/\\/a.nel.cloudflare.com\\/report\\/v4?s=UCYzTY%2FFKaUXf5OsJ5TgEYfvX4%2F3yKegwFIk55b0sox5dzzeNe5tj4KRnOo%2B15%2BRw%2F9Wrr6QQaxnWgY0LVGsphkLlZ7MTQ9dA2a2S0Np2lGRUEvShjgO7OJDwfIFFYxN"}],"group":"cf-nel","max_age":604800}', 'NEL': '{"success_fraction":0,"report_to":"cf-nel","max_age":604800}', 'Server': 'cloudflare', 'CF-RAY': '86e484645a54cf7e-SJC', 'alt-svc': 'h3=":443"; ma=86400'} 
 body={"results":[{"gender":"male","name":{"title":"Mr","first":"Samarth","last":"Rai"},"location":{"street":{"number":4460,"name":"Rajaji Salai"},"city":"Jaipur","state":"Manipur","country":"India","postcode":65290,"coordinates":{"latitude":"11.3607","longitude":"-151.6949"},"timezone":{"offset":"-5:00","description":"Eastern Time (US &amp; Canada), Bogota, Lima"}},"email":"samarth.rai@example.com","login":{"uuid":"db37a699-0e7d-4428-a059-65ac164e8020","username":"greenmeercat486","password":"1999","salt":"d6B1rlIN","md5":"3d6d9633bee39e615c4728b55ad3fce6","sha1":"8cf064176593e2ee282e60517267c408758bd259","sha256":"cb4a51eedb1cc5005b8319adc641c6539e4bba9c133154bb92951d923f126fa8"},"dob":{"date":"1964-01-17T08:20:44.132Z","age":60},"registered":{"date":"2015-06-10T06:48:04.522Z","age":8},"phone":"7429501050","cell":"9571053490","id":{"name":"UIDAI","value":"118659139602"},"picture":{"large":"https://randomuser.me/api/portraits/men/80.jpg","medium":"https://randomuser.me/api/portraits/med/men/80.jpg","thumbnail":"https://randomuser.me/api/portraits/thumb/men/80.jpg"},"nat":"IN"}],"info":{"seed":"d36838006d90b8e7","results":1,"page":1,"version":"1.4"}} 
 </msg>
<msg time="2024-04-02T23:14:47.180164" level="INFO">/opt/hostedtoolcache/Python/3.12.2/x64/lib/python3.12/site-packages/urllib3/connectionpool.py:1103: InsecureRequestWarning: Unverified HTTPS request is being made to host 'randomuser.me'. Adding certificate verification is strongly advised. See: https://urllib3.readthedocs.io/en/latest/advanced-usage.html#tls-warnings
  warnings.warn(</msg>
<msg time="2024-04-02T23:14:47.180289" level="INFO">${response} = &lt;Response [200]&gt;</msg>
<var>${response}</var>
<arg>consultarAPI</arg>
<arg>/api</arg>
<doc>Sends a GET request on a previously created HTTP Session.</doc>
<status status="PASS" start="2024-04-02T23:14:47.096043" elapsed="0.084286"/>
</kw>
<kw name="Set Variable" owner="BuiltIn">
<msg time="2024-04-02T23:14:47.181460" level="INFO">${json_data} = {'results': [{'gender': 'male', 'name': {'title': 'Mr', 'first': 'Samarth', 'last': 'Rai'}, 'location': {'street': {'number': 4460, 'name': 'Rajaji Salai'}, 'city': 'Jaipur', 'state': 'Manipur', 'coun...</msg>
<var>${json_data}</var>
<arg>${response.json()}</arg>
<doc>Returns the given values which can then be assigned to a variables.</doc>
<status status="PASS" start="2024-04-02T23:14:47.180923" elapsed="0.000565"/>
</kw>
<kw name="Set Variable" owner="BuiltIn">
<msg time="2024-04-02T23:14:47.182170" level="INFO">${name_title} = Mr</msg>
<var>${name_title}</var>
<arg>${json_data["results"][0]["name"]["title"]}</arg>
<doc>Returns the given values which can then be assigned to a variables.</doc>
<status status="PASS" start="2024-04-02T23:14:47.181791" elapsed="0.000403"/>
</kw>
<kw name="Create List" owner="BuiltIn">
<msg time="2024-04-02T23:14:47.182640" level="INFO">${allowed_titles} = ['Mr', 'Ms', 'Miss', 'Mrs', 'Madame', 'Monsieur']</msg>
<var>${allowed_titles}</var>
<arg>Mr</arg>
<arg>Ms</arg>
<arg>Miss</arg>
<arg>Mrs</arg>
<arg>Madame</arg>
<arg>Monsieur</arg>
<doc>Returns a list containing given items.</doc>
<status status="PASS" start="2024-04-02T23:14:47.182492" elapsed="0.000172"/>
</kw>
<kw name="List Should Contain Value" owner="Collections">
<msg time="2024-04-02T23:14:47.183136" level="INFO">False</msg>
<arg>${allowed_titles}</arg>
<arg>${name_title}</arg>
<doc>Fails if the ``value`` is not found from ``list``.</doc>
<status status="PASS" start="2024-04-02T23:14:47.182965" elapsed="0.000207"/>
</kw>
<kw name="Set Variable" owner="BuiltIn">
<msg time="2024-04-02T23:14:47.183836" level="INFO">${name_country} = IN</msg>
<var>${name_country}</var>
<arg>${json_data["results"][0]["nat"]}</arg>
<doc>Returns the given values which can then be assigned to a variables.</doc>
<status status="PASS" start="2024-04-02T23:14:47.183469" elapsed="0.000391"/>
</kw>
<kw name="Create List" owner="BuiltIn">
<msg time="2024-04-02T23:14:47.184790" level="INFO">${list_country} = ['AD', 'AE', 'AF', 'AG', 'AI', 'AL', 'AM', 'AO', 'AQ', 'AR', 'AS', 'AT', 'AU', 'AW', 'AX', 'AZ', 'BA', 'BB', 'BD', 'BE', 'BF', 'BG', 'BH', 'BI', 'BJ', 'BL', 'BM', 'BN', 'BO', 'BQ', 'BR', 'BS', 'BT', '...</msg>
<var>${list_country}</var>
<arg>AD</arg>
<arg>AE</arg>
<arg>AF</arg>
<arg>AG</arg>
<arg>AI</arg>
<arg>AL</arg>
<arg>AM</arg>
<arg>AO</arg>
<arg>AQ</arg>
<arg>AR</arg>
<arg>AS</arg>
<arg>AT</arg>
<arg>AU</arg>
<arg>AW</arg>
<arg>AX</arg>
<arg>AZ</arg>
<arg>BA</arg>
<arg>BB</arg>
<arg>BD</arg>
<arg>BE</arg>
<arg>BF</arg>
<arg>BG</arg>
<arg>BH</arg>
<arg>BI</arg>
<arg>BJ</arg>
<arg>BL</arg>
<arg>BM</arg>
<arg>BN</arg>
<arg>BO</arg>
<arg>BQ</arg>
<arg>BR</arg>
<arg>BS</arg>
<arg>BT</arg>
<arg>BV</arg>
<arg>BW</arg>
<arg>BY</arg>
<arg>BZ</arg>
<arg>CA</arg>
<arg>CC</arg>
<arg>CD</arg>
<arg>CF</arg>
<arg>CG</arg>
<arg>CH</arg>
<arg>CI</arg>
<arg>CK</arg>
<arg>CL</arg>
<arg>CM</arg>
<arg>CN</arg>
<arg>CO</arg>
<arg>CR</arg>
<arg>CU</arg>
<arg>CV</arg>
<arg>CW</arg>
<arg>CX</arg>
<arg>CY</arg>
<arg>CZ</arg>
<arg>DE</arg>
<arg>DJ</arg>
<arg>DK</arg>
<arg>DM</arg>
<arg>DO</arg>
<arg>DZ</arg>
<arg>EC</arg>
<arg>EE</arg>
<arg>EG</arg>
<arg>EH</arg>
<arg>ER</arg>
<arg>ES</arg>
<arg>ET</arg>
<arg>FI</arg>
<arg>FJ</arg>
<arg>FK</arg>
<arg>FM</arg>
<arg>FO</arg>
<arg>FR</arg>
<arg>GA</arg>
<arg>GB</arg>
<arg>GD</arg>
<arg>GE</arg>
<arg>GF</arg>
<arg>GG</arg>
<arg>GH</arg>
<arg>GI</arg>
<arg>GL</arg>
<arg>GM</arg>
<arg>GN</arg>
<arg>GP</arg>
<arg>GQ</arg>
<arg>GR</arg>
<arg>GS</arg>
<arg>GT</arg>
<arg>GU</arg>
<arg>GW</arg>
<arg>GY</arg>
<arg>HK</arg>
<arg>HM</arg>
<arg>HN</arg>
<arg>HR</arg>
<arg>HT</arg>
<arg>HU</arg>
<arg>ID</arg>
<arg>IE</arg>
<arg>IL</arg>
<arg>IM</arg>
<arg>IN</arg>
<arg>IO</arg>
<arg>IQ</arg>
<arg>IR</arg>
<arg>IS</arg>
<arg>IT</arg>
<arg>JE</arg>
<arg>JM</arg>
<arg>JO</arg>
<arg>JP</arg>
<arg>KE</arg>
<arg>KG</arg>
<arg>KH</arg>
<arg>KI</arg>
<arg>KM</arg>
<arg>KN</arg>
<arg>KP</arg>
<arg>KR</arg>
<arg>KW</arg>
<arg>KY</arg>
<arg>KZ</arg>
<arg>LA</arg>
<arg>LB</arg>
<arg>LC</arg>
<arg>LI</arg>
<arg>LK</arg>
<arg>LR</arg>
<arg>LS</arg>
<arg>LT</arg>
<arg>LU</arg>
<arg>LV</arg>
<arg>LY</arg>
<arg>MA</arg>
<arg>MC</arg>
<arg>MD</arg>
<arg>ME</arg>
<arg>MF</arg>
<arg>MG</arg>
<arg>MH</arg>
<arg>MK</arg>
<arg>ML</arg>
<arg>MM</arg>
<arg>MN</arg>
<arg>MO</arg>
<arg>MP</arg>
<arg>MQ</arg>
<arg>MR</arg>
<arg>MS</arg>
<arg>MT</arg>
<arg>MU</arg>
<arg>MV</arg>
<arg>MW</arg>
<arg>MX</arg>
<arg>MY</arg>
<arg>MZ</arg>
<arg>NA</arg>
<arg>NC</arg>
<arg>NE</arg>
<arg>NF</arg>
<arg>NG</arg>
<arg>NI</arg>
<arg>NL</arg>
<arg>NO</arg>
<arg>NP</arg>
<arg>NR</arg>
<arg>NU</arg>
<arg>NZ</arg>
<arg>OM</arg>
<arg>PA</arg>
<arg>PE</arg>
<arg>PF</arg>
<arg>PG</arg>
<arg>PH</arg>
<arg>PK</arg>
<arg>PL</arg>
<arg>PM</arg>
<arg>PN</arg>
<arg>PR</arg>
<arg>PS</arg>
<arg>PT</arg>
<arg>PW</arg>
<arg>PY</arg>
<arg>QA</arg>
<arg>RE</arg>
<arg>RO</arg>
<arg>RS</arg>
<arg>RU</arg>
<arg>RW</arg>
<arg>SA</arg>
<arg>SB</arg>
<arg>SC</arg>
<arg>SD</arg>
<arg>SE</arg>
<arg>SG</arg>
<arg>SH</arg>
<arg>SI</arg>
<arg>SJ</arg>
<arg>SK</arg>
<arg>SL</arg>
<arg>SM</arg>
<arg>SN</arg>
<arg>SO</arg>
<arg>SR</arg>
<arg>SS</arg>
<arg>ST</arg>
<arg>SV</arg>
<arg>SX</arg>
<arg>SY</arg>
<arg>SZ</arg>
<arg>TC</arg>
<arg>TD</arg>
<arg>TF</arg>
<arg>TG</arg>
<arg>TH</arg>
<arg>TJ</arg>
<arg>TK</arg>
<arg>TL</arg>
<arg>TM</arg>
<arg>TN</arg>
<arg>TO</arg>
<arg>TR</arg>
<arg>TT</arg>
<arg>TV</arg>
<arg>TW</arg>
<arg>TZ</arg>
<arg>UA</arg>
<arg>UG</arg>
<arg>UM</arg>
<arg>US</arg>
<arg>UY</arg>
<arg>UZ</arg>
<arg>VA</arg>
<arg>VC</arg>
<arg>VE</arg>
<arg>VG</arg>
<arg>VI</arg>
<arg>VN</arg>
<arg>VU</arg>
<arg>WF</arg>
<arg>WS</arg>
<arg>XK</arg>
<arg>YE</arg>
<arg>YT</arg>
<arg>ZA</arg>
<arg>ZM</arg>
<arg>ZW</arg>
<doc>Returns a list containing given items.</doc>
<status status="PASS" start="2024-04-02T23:14:47.184160" elapsed="0.000656"/>
</kw>
<kw name="List Should Contain Value" owner="Collections">
<msg time="2024-04-02T23:14:47.185947" level="INFO">False</msg>
<arg>${list_country}</arg>
<arg>${name_country}</arg>
<doc>Fails if the ``value`` is not found from ``list``.</doc>
<status status="PASS" start="2024-04-02T23:14:47.185732" elapsed="0.000252"/>
</kw>
<kw name="Run Keyword If" owner="BuiltIn">
<kw name="Should Be True" owner="BuiltIn">
<arg>${True}</arg>
<doc>Fails if the given condition is not true.</doc>
<status status="PASS" start="2024-04-02T23:14:47.187053" elapsed="0.000145"/>
</kw>
<arg>${json_data["results"][0]["location"]["coordinates"]["latitude"]} &gt;= -90 and ${json_data["results"][0]["location"]["coordinates"]["latitude"]} &lt;= 90</arg>
<arg>Should Be True</arg>
<arg>${True}</arg>
<doc>Runs the given keyword with the given arguments, if ``condition`` is true.</doc>
<status status="PASS" start="2024-04-02T23:14:47.186295" elapsed="0.001031"/>
</kw>
<kw name="Run Keyword If" owner="BuiltIn">
<kw name="Should Be True" owner="BuiltIn">
<arg>${True}</arg>
<doc>Fails if the given condition is not true.</doc>
<status status="PASS" start="2024-04-02T23:14:47.188204" elapsed="0.000139"/>
</kw>
<arg>${json_data["results"][0]["location"]["coordinates"]["longitude"]} &gt;= -180 and ${json_data["results"][0]["location"]["coordinates"]["longitude"]} &lt;= 180</arg>
<arg>Should Be True</arg>
<arg>${True}</arg>
<doc>Runs the given keyword with the given arguments, if ``condition`` is true.</doc>
<status status="PASS" start="2024-04-02T23:14:47.187509" elapsed="0.000990"/>
</kw>
<status status="PASS" start="2024-04-02T23:14:47.095812" elapsed="0.092834"/>
</kw>
<doc>Testa o conteúdo específico dos campos retornados pela API.</doc>
<tag>testeConteudo</tag>
<status status="PASS" start="2024-04-02T23:14:47.095275" elapsed="0.093523"/>
</test>
<status status="PASS" start="2024-04-02T23:14:46.016950" elapsed="1.173794"/>
</suite>
<status status="PASS" start="2024-04-02T23:14:46.003351" elapsed="1.192668"/>
</suite>
<statistics>
<total>
<stat pass="5" fail="0" skip="0">All Tests</stat>
</total>
<tag>
<stat pass="1" fail="0" skip="0">testeConteudo</stat>
<stat pass="1" fail="0" skip="0">testeEstruturaResposta</stat>
<stat pass="1" fail="0" skip="0">testeRequisicaoBasica</stat>
<stat pass="1" fail="0" skip="0">testeTiposDados</stat>
</tag>
<suite>
<stat pass="5" fail="0" skip="0" id="s1" name="Tests">Tests</stat>
<stat pass="5" fail="0" skip="0" id="s1-s1" name="Random-User-Test">Tests.Random-User-Test</stat>
</suite>
</statistics>
<errors>
</errors>
</robot>
