<?xml version="1.0" encoding="UTF-8"?>
<robot generator="Robot 7.0.1 (Python 3.12.4 on linux)" generated="2024-07-25T03:17:13.522711" rpa="false" schemaversion="5">
<suite id="s1" name="Tests" source="/home/runner/work/ApiRandomUser/ApiRandomUser/RamdonUser/tests">
<suite id="s1-s1" name="Random-User-Test" source="/home/runner/work/ApiRandomUser/ApiRandomUser/RamdonUser/tests/random-user-test.robot">
<test id="s1-s1-t1" name="Conectar" line="13">
<kw name="Conectar API" owner="random-user-service">
<kw name="Create Session" owner="RequestsLibrary">
<msg time="2024-07-25T03:17:13.923050" level="INFO">Creating Session using : alias=consultarAPI, url=https://randomuser.me/, headers={},                     cookies={}, auth=None, timeout=None, proxies=None, verify=False,                     debug=0 </msg>
<arg>consultarAPI</arg>
<arg>${URL}</arg>
<doc>Create Session: create a HTTP session to a server</doc>
<status status="PASS" start="2024-07-25T03:17:13.922857" elapsed="0.000372"/>
</kw>
<status status="PASS" start="2024-07-25T03:17:13.921835" elapsed="0.001783"/>
</kw>
<status status="PASS" start="2024-07-25T03:17:13.921234" elapsed="0.002583"/>
</test>
<test id="s1-s1-t2" name="Validar retorno 200 e JSON Válido" line="16">
<kw name="Teste de Requisicao Basica" owner="random-user-service">
<kw name="GET On Session" owner="RequestsLibrary">
<msg time="2024-07-25T03:17:14.119480" level="INFO">GET Request : url=https://randomuser.me/api 
 path_url=/api 
 headers={'User-Agent': 'python-requests/2.32.3', 'Accept-Encoding': 'gzip, deflate', 'Accept': '*/*', 'Connection': 'keep-alive'} 
 body=None 
 </msg>
<msg time="2024-07-25T03:17:14.119633" level="INFO">GET Response : url=https://randomuser.me/api 
 status=200, reason=OK 
 headers={'Date': 'Thu, 25 Jul 2024 03:17:14 GMT', 'Content-Type': 'application/json; charset=utf-8', 'Transfer-Encoding': 'chunked', 'Connection': 'keep-alive', 'X-Powered-By': 'Express', 'Access-Control-Allow-Origin': '*', 'Cache-Control': 'no-cache', 'ETag': 'W/"478-DpNieemsJg/4RQGeCGtz9+VquFM"', 'Vary': 'Accept-Encoding', 'Content-Encoding': 'gzip', 'CF-Cache-Status': 'DYNAMIC', 'Report-To': '{"endpoints":[{"url":"https:\\/\\/a.nel.cloudflare.com\\/report\\/v4?s=pfSSp7UXaaffkeYSode7V4fWJlCleG5DPu9%2Bj486ksiqqWLUsiYgGF%2FOQOD7ht3v3z2w51yBFoyPF6y9rdSfp3qEHU4aB0AMrg0P9Q4Zwu0ttqlXcJ5GNK8b4dQ1%2B0G0"}],"group":"cf-nel","max_age":604800}', 'NEL': '{"success_fraction":0,"report_to":"cf-nel","max_age":604800}', 'Server': 'cloudflare', 'CF-RAY': '8a88feeae93181be-IAD', 'alt-svc': 'h3=":443"; ma=86400'} 
 body={"results":[{"gender":"male","name":{"title":"Mr","first":"آراد","last":"رضاییان"},"location":{"street":{"number":706,"name":"هویزه"},"city":"گرگان","state":"لرستان","country":"Iran","postcode":85829,"coordinates":{"latitude":"19.0434","longitude":"-140.0009"},"timezone":{"offset":"-12:00","description":"Eniwetok, Kwajalein"}},"email":"ard.rdyyn@example.com","login":{"uuid":"0301df9d-c065-47ab-a3d0-d54defcc55b5","username":"smallbear883","password":"casper1","salt":"YbBuEORj","md5":"6decb613a163367f21d5bad09908aed6","sha1":"ace0dc22f27819b15a29b27e5527b92a87929863","sha256":"8e918ad5aa61c55547fcf2a59a216076c09f26df642c891b3b094a6eb7c7890a"},"dob":{"date":"1963-10-21T16:06:53.111Z","age":60},"registered":{"date":"2007-05-13T01:15:44.961Z","age":17},"phone":"089-77336309","cell":"0931-532-0719","id":{"name":"","value":null},"picture":{"large":"https://randomuser.me/api/portraits/men/87.jpg","medium":"https://randomuser.me/api/portraits/med/men/87.jpg","thumbnail":"https://randomuser.me/api/portraits/thumb/men/87.jpg"},"nat":"IR"}],"info":{"seed":"3cf109a53956b372","results":1,"page":1,"version":"1.4"}} 
 </msg>
<msg time="2024-07-25T03:17:14.119717" level="INFO">/opt/hostedtoolcache/Python/3.12.4/x64/lib/python3.12/site-packages/urllib3/connectionpool.py:1099: InsecureRequestWarning: Unverified HTTPS request is being made to host 'randomuser.me'. Adding certificate verification is strongly advised. See: https://urllib3.readthedocs.io/en/latest/advanced-usage.html#tls-warnings
  warnings.warn(</msg>
<msg time="2024-07-25T03:17:14.119872" level="INFO">${response} = &lt;Response [200]&gt;</msg>
<var>${response}</var>
<arg>consultarAPI</arg>
<arg>/api</arg>
<doc>Sends a GET request on a previously created HTTP Session.</doc>
<status status="PASS" start="2024-07-25T03:17:13.926448" elapsed="0.193465"/>
</kw>
<kw name="Should Be Equal As Numbers" owner="BuiltIn">
<msg time="2024-07-25T03:17:14.121020" level="INFO">Argument types are:
&lt;class 'int'&gt;
&lt;class 'str'&gt;</msg>
<arg>${response.status_code}</arg>
<arg>200</arg>
<doc>Fails if objects are unequal after converting them to real numbers.</doc>
<status status="PASS" start="2024-07-25T03:17:14.120547" elapsed="0.000537"/>
</kw>
<kw name="Log" owner="BuiltIn">
<msg time="2024-07-25T03:17:14.121804" level="INFO">200</msg>
<arg>${response.status_code}</arg>
<doc>Logs the given message with the given level.</doc>
<status status="PASS" start="2024-07-25T03:17:14.121404" elapsed="0.000446"/>
</kw>
<kw name="Set Variable" owner="BuiltIn">
<msg time="2024-07-25T03:17:14.122616" level="INFO">${json_data} = {'results': [{'gender': 'male', 'name': {'title': 'Mr', 'first': 'آراد', 'last': 'رضاییان'}, 'location': {'street': {'number': 706, 'name': 'هویزه'}, 'city': 'گرگان', 'state': 'لرستان', 'country': 'Ir...</msg>
<var>${json_data}</var>
<arg>${response.json()}</arg>
<doc>Returns the given values which can then be assigned to a variables.</doc>
<status status="PASS" start="2024-07-25T03:17:14.122165" elapsed="0.000481"/>
</kw>
<kw name="Dictionary Should Contain Key" owner="Collections">
<arg>${json_data}</arg>
<arg>results</arg>
<doc>Fails if ``key`` is not found from ``dictionary``.</doc>
<status status="PASS" start="2024-07-25T03:17:14.122956" elapsed="0.000330"/>
</kw>
<status status="PASS" start="2024-07-25T03:17:13.926206" elapsed="0.197237"/>
</kw>
<doc>Testa se a API responde corretamente e retorna um objeto JSON válido.</doc>
<tag>testeRequisicaoBasica</tag>
<status status="PASS" start="2024-07-25T03:17:13.925656" elapsed="0.197988"/>
</test>
<test id="s1-s1-t3" name="Validar estrutura de resposta" line="22">
<kw name="Teste de Estrutura de Resposta" owner="random-user-service">
<kw name="GET On Session" owner="RequestsLibrary">
<msg time="2024-07-25T03:17:14.221277" level="INFO">GET Request : url=https://randomuser.me/api 
 path_url=/api 
 headers={'User-Agent': 'python-requests/2.32.3', 'Accept-Encoding': 'gzip, deflate', 'Accept': '*/*', 'Connection': 'keep-alive'} 
 body=None 
 </msg>
<msg time="2024-07-25T03:17:14.221346" level="INFO">GET Response : url=https://randomuser.me/api 
 status=200, reason=OK 
 headers={'Date': 'Thu, 25 Jul 2024 03:17:14 GMT', 'Content-Type': 'application/json; charset=utf-8', 'Transfer-Encoding': 'chunked', 'Connection': 'keep-alive', 'X-Powered-By': 'Express', 'Access-Control-Allow-Origin': '*', 'Cache-Control': 'no-cache', 'ETag': 'W/"49b-Vv47+fk7DoWLZuRnD219vXb5yBE"', 'Vary': 'Accept-Encoding', 'Content-Encoding': 'gzip', 'CF-Cache-Status': 'DYNAMIC', 'Report-To': '{"endpoints":[{"url":"https:\\/\\/a.nel.cloudflare.com\\/report\\/v4?s=OEeU5q07ZIPvs%2FZZICyD83QVkRWDD3UtvrCs78%2Fb7gKdsImgeG2SneW71aFpnApKvdW5BiQgal3QPrg%2B1Ltqj3dvizhJgtafYRX4qV83SxmtfjDB%2BxA4VUpoDgQ%2FaJ2s"}],"group":"cf-nel","max_age":604800}', 'NEL': '{"success_fraction":0,"report_to":"cf-nel","max_age":604800}', 'Server': 'cloudflare', 'CF-RAY': '8a88feeb499981be-IAD', 'alt-svc': 'h3=":443"; ma=86400'} 
 body={"results":[{"gender":"male","name":{"title":"Monsieur","first":"Mark","last":"Boyer"},"location":{"street":{"number":7744,"name":"Grande Rue"},"city":"Signau","state":"Graubünden","country":"Switzerland","postcode":3549,"coordinates":{"latitude":"-61.0681","longitude":"-43.1989"},"timezone":{"offset":"-5:00","description":"Eastern Time (US &amp; Canada), Bogota, Lima"}},"email":"mark.boyer@example.com","login":{"uuid":"a14c2c5f-4340-467c-aff8-2e56498b53a8","username":"whitelion252","password":"wg8e3wjf","salt":"rnrayEWj","md5":"59a1d83ec1f7f584d32a7cf5f0c19e36","sha1":"e3ebd63e8389a92a16fa994c67883b3247b4a5fa","sha256":"aaca08fa9c6e6fa684c4494db9dc7adb123a33f6ab49233475fcbf547845af1d"},"dob":{"date":"1995-05-16T20:04:20.109Z","age":29},"registered":{"date":"2009-04-02T18:07:03.041Z","age":15},"phone":"078 573 26 57","cell":"075 423 73 76","id":{"name":"AVS","value":"756.0459.5069.05"},"picture":{"large":"https://randomuser.me/api/portraits/men/38.jpg","medium":"https://randomuser.me/api/portraits/med/men/38.jpg","thumbnail":"https://randomuser.me/api/portraits/thumb/men/38.jpg"},"nat":"CH"}],"info":{"seed":"bdf101f9ce548edb","results":1,"page":1,"version":"1.4"}} 
 </msg>
<msg time="2024-07-25T03:17:14.221448" level="INFO">/opt/hostedtoolcache/Python/3.12.4/x64/lib/python3.12/site-packages/urllib3/connectionpool.py:1099: InsecureRequestWarning: Unverified HTTPS request is being made to host 'randomuser.me'. Adding certificate verification is strongly advised. See: https://urllib3.readthedocs.io/en/latest/advanced-usage.html#tls-warnings
  warnings.warn(</msg>
<msg time="2024-07-25T03:17:14.221543" level="INFO">${response} = &lt;Response [200]&gt;</msg>
<var>${response}</var>
<arg>consultarAPI</arg>
<arg>/api</arg>
<doc>Sends a GET request on a previously created HTTP Session.</doc>
<status status="PASS" start="2024-07-25T03:17:14.126519" elapsed="0.095062"/>
</kw>
<kw name="Set Variable" owner="BuiltIn">
<msg time="2024-07-25T03:17:14.222639" level="INFO">${json_data} = {'results': [{'gender': 'male', 'name': {'title': 'Monsieur', 'first': 'Mark', 'last': 'Boyer'}, 'location': {'street': {'number': 7744, 'name': 'Grande Rue'}, 'city': 'Signau', 'state': 'Graubünden',...</msg>
<var>${json_data}</var>
<arg>${response.json()}</arg>
<doc>Returns the given values which can then be assigned to a variables.</doc>
<status status="PASS" start="2024-07-25T03:17:14.222074" elapsed="0.000595"/>
</kw>
<kw name="Log" owner="BuiltIn">
<msg time="2024-07-25T03:17:14.223142" level="INFO">{'results': [{'gender': 'male', 'name': {'title': 'Monsieur', 'first': 'Mark', 'last': 'Boyer'}, 'location': {'street': {'number': 7744, 'name': 'Grande Rue'}, 'city': 'Signau', 'state': 'Graubünden', 'country': 'Switzerland', 'postcode': 3549, 'coordinates': {'latitude': '-61.0681', 'longitude': '-43.1989'}, 'timezone': {'offset': '-5:00', 'description': 'Eastern Time (US &amp; Canada), Bogota, Lima'}}, 'email': 'mark.boyer@example.com', 'login': {'uuid': 'a14c2c5f-4340-467c-aff8-2e56498b53a8', 'username': 'whitelion252', 'password': 'wg8e3wjf', 'salt': 'rnrayEWj', 'md5': '59a1d83ec1f7f584d32a7cf5f0c19e36', 'sha1': 'e3ebd63e8389a92a16fa994c67883b3247b4a5fa', 'sha256': 'aaca08fa9c6e6fa684c4494db9dc7adb123a33f6ab49233475fcbf547845af1d'}, 'dob': {'date': '1995-05-16T20:04:20.109Z', 'age': 29}, 'registered': {'date': '2009-04-02T18:07:03.041Z', 'age': 15}, 'phone': '078 573 26 57', 'cell': '075 423 73 76', 'id': {'name': 'AVS', 'value': '756.0459.5069.05'}, 'picture': {'large': 'https://randomuser.me/api/portraits/men/38.jpg', 'medium': 'https://randomuser.me/api/portraits/med/men/38.jpg', 'thumbnail': 'https://randomuser.me/api/portraits/thumb/men/38.jpg'}, 'nat': 'CH'}], 'info': {'seed': 'bdf101f9ce548edb', 'results': 1, 'page': 1, 'version': '1.4'}}</msg>
<arg>${json_data}</arg>
<doc>Logs the given message with the given level.</doc>
<status status="PASS" start="2024-07-25T03:17:14.222976" elapsed="0.000219"/>
</kw>
<kw name="Dictionary Should Contain Key" owner="Collections">
<arg>${json_data}</arg>
<arg>results</arg>
<doc>Fails if ``key`` is not found from ``dictionary``.</doc>
<status status="PASS" start="2024-07-25T03:17:14.223489" elapsed="0.000209"/>
</kw>
<kw name="Should Not Be Empty" owner="BuiltIn">
<msg time="2024-07-25T03:17:14.224182" level="INFO">Length is 2.</msg>
<arg>${json_data}</arg>
<doc>Verifies that the given item is not empty.</doc>
<status status="PASS" start="2024-07-25T03:17:14.223976" elapsed="0.000280"/>
</kw>
<kw name="Create List" owner="BuiltIn">
<msg time="2024-07-25T03:17:14.224968" level="INFO">${expected_keys} = ['gender', 'name', 'location', 'email', 'login']</msg>
<var>${expected_keys}</var>
<arg>gender</arg>
<arg>name</arg>
<arg>location</arg>
<arg>email</arg>
<arg>login</arg>
<doc>Returns a list containing given items.</doc>
<status status="PASS" start="2024-07-25T03:17:14.224720" elapsed="0.000285"/>
</kw>
<for flavor="IN">
<iter>
<kw name="Dictionary Should Contain Key" owner="Collections">
<arg>${json_data['results'][0]}</arg>
<arg>${key}</arg>
<doc>Fails if ``key`` is not found from ``dictionary``.</doc>
<status status="PASS" start="2024-07-25T03:17:14.225933" elapsed="0.000664"/>
</kw>
<kw name="Log" owner="BuiltIn">
<msg time="2024-07-25T03:17:14.227538" level="INFO">{'gender': 'male', 'name': {'title': 'Monsieur', 'first': 'Mark', 'last': 'Boyer'}, 'location': {'street': {'number': 7744, 'name': 'Grande Rue'}, 'city': 'Signau', 'state': 'Graubünden', 'country': 'Switzerland', 'postcode': 3549, 'coordinates': {'latitude': '-61.0681', 'longitude': '-43.1989'}, 'timezone': {'offset': '-5:00', 'description': 'Eastern Time (US &amp; Canada), Bogota, Lima'}}, 'email': 'mark.boyer@example.com', 'login': {'uuid': 'a14c2c5f-4340-467c-aff8-2e56498b53a8', 'username': 'whitelion252', 'password': 'wg8e3wjf', 'salt': 'rnrayEWj', 'md5': '59a1d83ec1f7f584d32a7cf5f0c19e36', 'sha1': 'e3ebd63e8389a92a16fa994c67883b3247b4a5fa', 'sha256': 'aaca08fa9c6e6fa684c4494db9dc7adb123a33f6ab49233475fcbf547845af1d'}, 'dob': {'date': '1995-05-16T20:04:20.109Z', 'age': 29}, 'registered': {'date': '2009-04-02T18:07:03.041Z', 'age': 15}, 'phone': '078 573 26 57', 'cell': '075 423 73 76', 'id': {'name': 'AVS', 'value': '756.0459.5069.05'}, 'picture': {'large': 'https://randomuser.me/api/portraits/men/38.jpg', 'medium': 'https://randomuser.me/api/portraits/med/men/38.jpg', 'thumbnail': 'https://randomuser.me/api/portraits/thumb/men/38.jpg'}, 'nat': 'CH'}</msg>
<arg>${json_data['results'][0]}</arg>
<doc>Logs the given message with the given level.</doc>
<status status="PASS" start="2024-07-25T03:17:14.226919" elapsed="0.000707"/>
</kw>
<kw name="Log" owner="BuiltIn">
<msg time="2024-07-25T03:17:14.228320" level="INFO">gender</msg>
<arg>${key}</arg>
<doc>Logs the given message with the given level.</doc>
<status status="PASS" start="2024-07-25T03:17:14.228110" elapsed="0.000276"/>
</kw>
<var name="${key}">gender</var>
<status status="PASS" start="2024-07-25T03:17:14.225683" elapsed="0.003028"/>
</iter>
<iter>
<kw name="Dictionary Should Contain Key" owner="Collections">
<arg>${json_data['results'][0]}</arg>
<arg>${key}</arg>
<doc>Fails if ``key`` is not found from ``dictionary``.</doc>
<status status="PASS" start="2024-07-25T03:17:14.229169" elapsed="0.000684"/>
</kw>
<kw name="Log" owner="BuiltIn">
<msg time="2024-07-25T03:17:14.230818" level="INFO">{'gender': 'male', 'name': {'title': 'Monsieur', 'first': 'Mark', 'last': 'Boyer'}, 'location': {'street': {'number': 7744, 'name': 'Grande Rue'}, 'city': 'Signau', 'state': 'Graubünden', 'country': 'Switzerland', 'postcode': 3549, 'coordinates': {'latitude': '-61.0681', 'longitude': '-43.1989'}, 'timezone': {'offset': '-5:00', 'description': 'Eastern Time (US &amp; Canada), Bogota, Lima'}}, 'email': 'mark.boyer@example.com', 'login': {'uuid': 'a14c2c5f-4340-467c-aff8-2e56498b53a8', 'username': 'whitelion252', 'password': 'wg8e3wjf', 'salt': 'rnrayEWj', 'md5': '59a1d83ec1f7f584d32a7cf5f0c19e36', 'sha1': 'e3ebd63e8389a92a16fa994c67883b3247b4a5fa', 'sha256': 'aaca08fa9c6e6fa684c4494db9dc7adb123a33f6ab49233475fcbf547845af1d'}, 'dob': {'date': '1995-05-16T20:04:20.109Z', 'age': 29}, 'registered': {'date': '2009-04-02T18:07:03.041Z', 'age': 15}, 'phone': '078 573 26 57', 'cell': '075 423 73 76', 'id': {'name': 'AVS', 'value': '756.0459.5069.05'}, 'picture': {'large': 'https://randomuser.me/api/portraits/men/38.jpg', 'medium': 'https://randomuser.me/api/portraits/med/men/38.jpg', 'thumbnail': 'https://randomuser.me/api/portraits/thumb/men/38.jpg'}, 'nat': 'CH'}</msg>
<arg>${json_data['results'][0]}</arg>
<doc>Logs the given message with the given level.</doc>
<status status="PASS" start="2024-07-25T03:17:14.230160" elapsed="0.000752"/>
</kw>
<kw name="Log" owner="BuiltIn">
<msg time="2024-07-25T03:17:14.231602" level="INFO">name</msg>
<arg>${key}</arg>
<doc>Logs the given message with the given level.</doc>
<status status="PASS" start="2024-07-25T03:17:14.231397" elapsed="0.000272"/>
</kw>
<var name="${key}">name</var>
<status status="PASS" start="2024-07-25T03:17:14.228987" elapsed="0.003042"/>
</iter>
<iter>
<kw name="Dictionary Should Contain Key" owner="Collections">
<arg>${json_data['results'][0]}</arg>
<arg>${key}</arg>
<doc>Fails if ``key`` is not found from ``dictionary``.</doc>
<status status="PASS" start="2024-07-25T03:17:14.232504" elapsed="0.000645"/>
</kw>
<kw name="Log" owner="BuiltIn">
<msg time="2024-07-25T03:17:14.234118" level="INFO">{'gender': 'male', 'name': {'title': 'Monsieur', 'first': 'Mark', 'last': 'Boyer'}, 'location': {'street': {'number': 7744, 'name': 'Grande Rue'}, 'city': 'Signau', 'state': 'Graubünden', 'country': 'Switzerland', 'postcode': 3549, 'coordinates': {'latitude': '-61.0681', 'longitude': '-43.1989'}, 'timezone': {'offset': '-5:00', 'description': 'Eastern Time (US &amp; Canada), Bogota, Lima'}}, 'email': 'mark.boyer@example.com', 'login': {'uuid': 'a14c2c5f-4340-467c-aff8-2e56498b53a8', 'username': 'whitelion252', 'password': 'wg8e3wjf', 'salt': 'rnrayEWj', 'md5': '59a1d83ec1f7f584d32a7cf5f0c19e36', 'sha1': 'e3ebd63e8389a92a16fa994c67883b3247b4a5fa', 'sha256': 'aaca08fa9c6e6fa684c4494db9dc7adb123a33f6ab49233475fcbf547845af1d'}, 'dob': {'date': '1995-05-16T20:04:20.109Z', 'age': 29}, 'registered': {'date': '2009-04-02T18:07:03.041Z', 'age': 15}, 'phone': '078 573 26 57', 'cell': '075 423 73 76', 'id': {'name': 'AVS', 'value': '756.0459.5069.05'}, 'picture': {'large': 'https://randomuser.me/api/portraits/men/38.jpg', 'medium': 'https://randomuser.me/api/portraits/med/men/38.jpg', 'thumbnail': 'https://randomuser.me/api/portraits/thumb/men/38.jpg'}, 'nat': 'CH'}</msg>
<arg>${json_data['results'][0]}</arg>
<doc>Logs the given message with the given level.</doc>
<status status="PASS" start="2024-07-25T03:17:14.233468" elapsed="0.000736"/>
</kw>
<kw name="Log" owner="BuiltIn">
<msg time="2024-07-25T03:17:14.234890" level="INFO">location</msg>
<arg>${key}</arg>
<doc>Logs the given message with the given level.</doc>
<status status="PASS" start="2024-07-25T03:17:14.234688" elapsed="0.000261"/>
</kw>
<var name="${key}">location</var>
<status status="PASS" start="2024-07-25T03:17:14.232333" elapsed="0.002936"/>
</iter>
<iter>
<kw name="Dictionary Should Contain Key" owner="Collections">
<arg>${json_data['results'][0]}</arg>
<arg>${key}</arg>
<doc>Fails if ``key`` is not found from ``dictionary``.</doc>
<status status="PASS" start="2024-07-25T03:17:14.235731" elapsed="0.000693"/>
</kw>
<kw name="Log" owner="BuiltIn">
<msg time="2024-07-25T03:17:14.237516" level="INFO">{'gender': 'male', 'name': {'title': 'Monsieur', 'first': 'Mark', 'last': 'Boyer'}, 'location': {'street': {'number': 7744, 'name': 'Grande Rue'}, 'city': 'Signau', 'state': 'Graubünden', 'country': 'Switzerland', 'postcode': 3549, 'coordinates': {'latitude': '-61.0681', 'longitude': '-43.1989'}, 'timezone': {'offset': '-5:00', 'description': 'Eastern Time (US &amp; Canada), Bogota, Lima'}}, 'email': 'mark.boyer@example.com', 'login': {'uuid': 'a14c2c5f-4340-467c-aff8-2e56498b53a8', 'username': 'whitelion252', 'password': 'wg8e3wjf', 'salt': 'rnrayEWj', 'md5': '59a1d83ec1f7f584d32a7cf5f0c19e36', 'sha1': 'e3ebd63e8389a92a16fa994c67883b3247b4a5fa', 'sha256': 'aaca08fa9c6e6fa684c4494db9dc7adb123a33f6ab49233475fcbf547845af1d'}, 'dob': {'date': '1995-05-16T20:04:20.109Z', 'age': 29}, 'registered': {'date': '2009-04-02T18:07:03.041Z', 'age': 15}, 'phone': '078 573 26 57', 'cell': '075 423 73 76', 'id': {'name': 'AVS', 'value': '756.0459.5069.05'}, 'picture': {'large': 'https://randomuser.me/api/portraits/men/38.jpg', 'medium': 'https://randomuser.me/api/portraits/med/men/38.jpg', 'thumbnail': 'https://randomuser.me/api/portraits/thumb/men/38.jpg'}, 'nat': 'CH'}</msg>
<arg>${json_data['results'][0]}</arg>
<doc>Logs the given message with the given level.</doc>
<status status="PASS" start="2024-07-25T03:17:14.236887" elapsed="0.000713"/>
</kw>
<kw name="Log" owner="BuiltIn">
<msg time="2024-07-25T03:17:14.238277" level="INFO">email</msg>
<arg>${key}</arg>
<doc>Logs the given message with the given level.</doc>
<status status="PASS" start="2024-07-25T03:17:14.238072" elapsed="0.000274"/>
</kw>
<var name="${key}">email</var>
<status status="PASS" start="2024-07-25T03:17:14.235542" elapsed="0.003158"/>
</iter>
<iter>
<kw name="Dictionary Should Contain Key" owner="Collections">
<arg>${json_data['results'][0]}</arg>
<arg>${key}</arg>
<doc>Fails if ``key`` is not found from ``dictionary``.</doc>
<status status="PASS" start="2024-07-25T03:17:14.239202" elapsed="0.000668"/>
</kw>
<kw name="Log" owner="BuiltIn">
<msg time="2024-07-25T03:17:14.240747" level="INFO">{'gender': 'male', 'name': {'title': 'Monsieur', 'first': 'Mark', 'last': 'Boyer'}, 'location': {'street': {'number': 7744, 'name': 'Grande Rue'}, 'city': 'Signau', 'state': 'Graubünden', 'country': 'Switzerland', 'postcode': 3549, 'coordinates': {'latitude': '-61.0681', 'longitude': '-43.1989'}, 'timezone': {'offset': '-5:00', 'description': 'Eastern Time (US &amp; Canada), Bogota, Lima'}}, 'email': 'mark.boyer@example.com', 'login': {'uuid': 'a14c2c5f-4340-467c-aff8-2e56498b53a8', 'username': 'whitelion252', 'password': 'wg8e3wjf', 'salt': 'rnrayEWj', 'md5': '59a1d83ec1f7f584d32a7cf5f0c19e36', 'sha1': 'e3ebd63e8389a92a16fa994c67883b3247b4a5fa', 'sha256': 'aaca08fa9c6e6fa684c4494db9dc7adb123a33f6ab49233475fcbf547845af1d'}, 'dob': {'date': '1995-05-16T20:04:20.109Z', 'age': 29}, 'registered': {'date': '2009-04-02T18:07:03.041Z', 'age': 15}, 'phone': '078 573 26 57', 'cell': '075 423 73 76', 'id': {'name': 'AVS', 'value': '756.0459.5069.05'}, 'picture': {'large': 'https://randomuser.me/api/portraits/men/38.jpg', 'medium': 'https://randomuser.me/api/portraits/med/men/38.jpg', 'thumbnail': 'https://randomuser.me/api/portraits/thumb/men/38.jpg'}, 'nat': 'CH'}</msg>
<arg>${json_data['results'][0]}</arg>
<doc>Logs the given message with the given level.</doc>
<status status="PASS" start="2024-07-25T03:17:14.240178" elapsed="0.000650"/>
</kw>
<kw name="Log" owner="BuiltIn">
<msg time="2024-07-25T03:17:14.241450" level="INFO">login</msg>
<arg>${key}</arg>
<doc>Logs the given message with the given level.</doc>
<status status="PASS" start="2024-07-25T03:17:14.241265" elapsed="0.000243"/>
</kw>
<var name="${key}">login</var>
<status status="PASS" start="2024-07-25T03:17:14.239001" elapsed="0.002863"/>
</iter>
<var>${key}</var>
<value>@{expected_keys}</value>
<status status="PASS" start="2024-07-25T03:17:14.225383" elapsed="0.016667"/>
</for>
<kw name="Create List" owner="BuiltIn">
<msg time="2024-07-25T03:17:14.242582" level="INFO">${expected_keysTwo} = ['username', 'password']</msg>
<var>${expected_keysTwo}</var>
<arg>username</arg>
<arg>password</arg>
<doc>Returns a list containing given items.</doc>
<status status="PASS" start="2024-07-25T03:17:14.242375" elapsed="0.000244"/>
</kw>
<for flavor="IN">
<iter>
<kw name="Dictionary Should Contain Key" owner="Collections">
<arg>${json_data['results'][0]['login']}</arg>
<arg>${keyTwo}</arg>
<doc>Fails if ``key`` is not found from ``dictionary``.</doc>
<status status="PASS" start="2024-07-25T03:17:14.243433" elapsed="0.000684"/>
</kw>
<kw name="Dictionary Should Contain Key" owner="Collections">
<arg>${json_data['results'][0]['login']}</arg>
<arg>${keyTwo}</arg>
<doc>Fails if ``key`` is not found from ``dictionary``.</doc>
<status status="PASS" start="2024-07-25T03:17:14.244450" elapsed="0.000647"/>
</kw>
<kw name="Log" owner="BuiltIn">
<msg time="2024-07-25T03:17:14.245568" level="INFO">username</msg>
<arg>${keyTwo}</arg>
<doc>Logs the given message with the given level.</doc>
<status status="PASS" start="2024-07-25T03:17:14.245381" elapsed="0.000255"/>
</kw>
<var name="${keyTwo}">username</var>
<status status="PASS" start="2024-07-25T03:17:14.243249" elapsed="0.002781"/>
</iter>
<iter>
<kw name="Dictionary Should Contain Key" owner="Collections">
<arg>${json_data['results'][0]['login']}</arg>
<arg>${keyTwo}</arg>
<doc>Fails if ``key`` is not found from ``dictionary``.</doc>
<status status="PASS" start="2024-07-25T03:17:14.246524" elapsed="0.000668"/>
</kw>
<kw name="Dictionary Should Contain Key" owner="Collections">
<arg>${json_data['results'][0]['login']}</arg>
<arg>${keyTwo}</arg>
<doc>Fails if ``key`` is not found from ``dictionary``.</doc>
<status status="PASS" start="2024-07-25T03:17:14.247484" elapsed="0.000597"/>
</kw>
<kw name="Log" owner="BuiltIn">
<msg time="2024-07-25T03:17:14.248612" level="INFO">password</msg>
<arg>${keyTwo}</arg>
<doc>Logs the given message with the given level.</doc>
<status status="PASS" start="2024-07-25T03:17:14.248399" elapsed="0.000273"/>
</kw>
<var name="${keyTwo}">password</var>
<status status="PASS" start="2024-07-25T03:17:14.246342" elapsed="0.002657"/>
</iter>
<var>${keyTwo}</var>
<value>@{expected_keysTwo}</value>
<status status="PASS" start="2024-07-25T03:17:14.242986" elapsed="0.006227"/>
</for>
<status status="PASS" start="2024-07-25T03:17:14.126232" elapsed="0.123231"/>
</kw>
<doc>Testa a estrutura da resposta da API.</doc>
<tag>testeEstruturaResposta</tag>
<status status="PASS" start="2024-07-25T03:17:14.125561" elapsed="0.124216"/>
</test>
<test id="s1-s1-t4" name="Validar tipos de dados" line="28">
<kw name="Teste de Tipos de Dados" owner="random-user-service">
<kw name="GET On Session" owner="RequestsLibrary">
<msg time="2024-07-25T03:17:14.322451" level="INFO">GET Request : url=https://randomuser.me/api 
 path_url=/api 
 headers={'User-Agent': 'python-requests/2.32.3', 'Accept-Encoding': 'gzip, deflate', 'Accept': '*/*', 'Connection': 'keep-alive'} 
 body=None 
 </msg>
<msg time="2024-07-25T03:17:14.322520" level="INFO">GET Response : url=https://randomuser.me/api 
 status=200, reason=OK 
 headers={'Date': 'Thu, 25 Jul 2024 03:17:14 GMT', 'Content-Type': 'application/json; charset=utf-8', 'Transfer-Encoding': 'chunked', 'Connection': 'keep-alive', 'X-Powered-By': 'Express', 'Access-Control-Allow-Origin': '*', 'Cache-Control': 'no-cache', 'ETag': 'W/"4ae-KzFHIJBvtI0rSlBpIVTQTLyeA7M"', 'Vary': 'Accept-Encoding', 'Content-Encoding': 'gzip', 'CF-Cache-Status': 'DYNAMIC', 'Report-To': '{"endpoints":[{"url":"https:\\/\\/a.nel.cloudflare.com\\/report\\/v4?s=QtLZHLQzZXGMcTyXG7KjlobCmPf%2FrnU53Jmy78HZlqJtxBpa9YI48mKPSYBviXk6a0VDnAEDnBsgIIQe57rYbSvZySZeTUezP6C3l0SHTw19LsFUztP61eMoUCRvexqr"}],"group":"cf-nel","max_age":604800}', 'NEL': '{"success_fraction":0,"report_to":"cf-nel","max_age":604800}', 'Server': 'cloudflare', 'CF-RAY': '8a88feec1a7b81be-IAD', 'alt-svc': 'h3=":443"; ma=86400'} 
 body={"results":[{"gender":"female","name":{"title":"Miss","first":"Juana","last":"Fuentes"},"location":{"street":{"number":9373,"name":"Diagonal Sur Barrientos"},"city":"Chupicuaro (Nuevo Chupicuaro)","state":"Tlaxcala","country":"Mexico","postcode":26732,"coordinates":{"latitude":"22.2405","longitude":"40.4545"},"timezone":{"offset":"-11:00","description":"Midway Island, Samoa"}},"email":"juana.fuentes@example.com","login":{"uuid":"8510e92e-2c98-4097-a596-95f5145d2541","username":"happymeercat415","password":"mississi","salt":"XJIcLExt","md5":"d4835a9c3cf80aee0203e570b9cca35f","sha1":"61d5bd9d576056dbe0b4ae223eb399dd8ca5d752","sha256":"f15e3399bf76b33263eb7485ea623fa599c680399125556a14c41162633be74c"},"dob":{"date":"1998-09-04T10:58:55.722Z","age":25},"registered":{"date":"2009-03-19T07:03:27.864Z","age":15},"phone":"(623) 813 2009","cell":"(677) 573 8946","id":{"name":"NSS","value":"26 28 83 5382 3"},"picture":{"large":"https://randomuser.me/api/portraits/women/8.jpg","medium":"https://randomuser.me/api/portraits/med/women/8.jpg","thumbnail":"https://randomuser.me/api/portraits/thumb/women/8.jpg"},"nat":"MX"}],"info":{"seed":"4063eae7c03e92af","results":1,"page":1,"version":"1.4"}} 
 </msg>
<msg time="2024-07-25T03:17:14.322578" level="INFO">/opt/hostedtoolcache/Python/3.12.4/x64/lib/python3.12/site-packages/urllib3/connectionpool.py:1099: InsecureRequestWarning: Unverified HTTPS request is being made to host 'randomuser.me'. Adding certificate verification is strongly advised. See: https://urllib3.readthedocs.io/en/latest/advanced-usage.html#tls-warnings
  warnings.warn(</msg>
<msg time="2024-07-25T03:17:14.322682" level="INFO">${response} = &lt;Response [200]&gt;</msg>
<var>${response}</var>
<arg>consultarAPI</arg>
<arg>/api</arg>
<doc>Sends a GET request on a previously created HTTP Session.</doc>
<status status="PASS" start="2024-07-25T03:17:14.254088" elapsed="0.068622"/>
</kw>
<kw name="Set Variable" owner="BuiltIn">
<msg time="2024-07-25T03:17:14.323612" level="INFO">${json_data} = {'results': [{'gender': 'female', 'name': {'title': 'Miss', 'first': 'Juana', 'last': 'Fuentes'}, 'location': {'street': {'number': 9373, 'name': 'Diagonal Sur Barrientos'}, 'city': 'Chupicuaro (Nuevo...</msg>
<var>${json_data}</var>
<arg>${response.json()}</arg>
<doc>Returns the given values which can then be assigned to a variables.</doc>
<status status="PASS" start="2024-07-25T03:17:14.323133" elapsed="0.000509"/>
</kw>
<kw name="Log" owner="BuiltIn">
<msg time="2024-07-25T03:17:14.324106" level="INFO">{'results': [{'gender': 'female', 'name': {'title': 'Miss', 'first': 'Juana', 'last': 'Fuentes'}, 'location': {'street': {'number': 9373, 'name': 'Diagonal Sur Barrientos'}, 'city': 'Chupicuaro (Nuevo Chupicuaro)', 'state': 'Tlaxcala', 'country': 'Mexico', 'postcode': 26732, 'coordinates': {'latitude': '22.2405', 'longitude': '40.4545'}, 'timezone': {'offset': '-11:00', 'description': 'Midway Island, Samoa'}}, 'email': 'juana.fuentes@example.com', 'login': {'uuid': '8510e92e-2c98-4097-a596-95f5145d2541', 'username': 'happymeercat415', 'password': 'mississi', 'salt': 'XJIcLExt', 'md5': 'd4835a9c3cf80aee0203e570b9cca35f', 'sha1': '61d5bd9d576056dbe0b4ae223eb399dd8ca5d752', 'sha256': 'f15e3399bf76b33263eb7485ea623fa599c680399125556a14c41162633be74c'}, 'dob': {'date': '1998-09-04T10:58:55.722Z', 'age': 25}, 'registered': {'date': '2009-03-19T07:03:27.864Z', 'age': 15}, 'phone': '(623) 813 2009', 'cell': '(677) 573 8946', 'id': {'name': 'NSS', 'value': '26 28 83 5382 3'}, 'picture': {'large': 'https://randomuser.me/api/portraits/women/8.jpg', 'medium': 'https://randomuser.me/api/portraits/med/women/8.jpg', 'thumbnail': 'https://randomuser.me/api/portraits/thumb/women/8.jpg'}, 'nat': 'MX'}], 'info': {'seed': '4063eae7c03e92af', 'results': 1, 'page': 1, 'version': '1.4'}}</msg>
<arg>${json_data}</arg>
<doc>Logs the given message with the given level.</doc>
<status status="PASS" start="2024-07-25T03:17:14.323950" elapsed="0.000204"/>
</kw>
<kw name="Should Be String" owner="String">
<arg>${json_data['results'][0]['gender']}</arg>
<doc>Fails if the given ``item`` is not a string.</doc>
<status status="PASS" start="2024-07-25T03:17:14.324450" elapsed="0.000372"/>
</kw>
<kw name="Should Match Regexp" owner="BuiltIn">
<arg>${json_data['results'][0]['email']}</arg>
<arg>^[a-zA-Z0-9._%+-]+@[a-zA-Z0-9.-]+\.[a-zA-Z]{2,}$</arg>
<doc>Fails if ``string`` does not match ``pattern`` as a regular expression.</doc>
<status status="PASS" start="2024-07-25T03:17:14.325048" elapsed="0.000524"/>
</kw>
<kw name="Should Match Regexp" owner="BuiltIn">
<arg>${json_data['results'][0]['dob']['date']}</arg>
<arg>\\d{4}-\\d{2}-\\d{2}T\\d{2}:\\d{2}:\\d{2}\\.\\d{3}Z</arg>
<doc>Fails if ``string`` does not match ``pattern`` as a regular expression.</doc>
<status status="PASS" start="2024-07-25T03:17:14.325824" elapsed="0.000631"/>
</kw>
<kw name="Should Match Regexp" owner="BuiltIn">
<arg>${json_data['results'][0]['registered']['date']}</arg>
<arg>\\d{4}-\\d{2}-\\d{2}T\\d{2}:\\d{2}:\\d{2}\\.\\d{3}Z</arg>
<doc>Fails if ``string`` does not match ``pattern`` as a regular expression.</doc>
<status status="PASS" start="2024-07-25T03:17:14.326651" elapsed="0.000373"/>
</kw>
<kw name="Should Match Regexp" owner="BuiltIn">
<arg>${json_data['results'][0]['picture']['large']}</arg>
<arg>^https?://.*\.(?:png|jpe?g|gif|bmp)$</arg>
<doc>Fails if ``string`` does not match ``pattern`` as a regular expression.</doc>
<status status="PASS" start="2024-07-25T03:17:14.327214" elapsed="0.000464"/>
</kw>
<kw name="Should Match Regexp" owner="BuiltIn">
<arg>${json_data['results'][0]['picture']['medium']}</arg>
<arg>^https?://.*\.(?:png|jpe?g|gif|bmp)$</arg>
<doc>Fails if ``string`` does not match ``pattern`` as a regular expression.</doc>
<status status="PASS" start="2024-07-25T03:17:14.327866" elapsed="0.000353"/>
</kw>
<kw name="Should Match Regexp" owner="BuiltIn">
<arg>${json_data['results'][0]['picture']['thumbnail']}</arg>
<arg>^https?://.*\.(?:png|jpe?g|gif|bmp)$</arg>
<doc>Fails if ``string`` does not match ``pattern`` as a regular expression.</doc>
<status status="PASS" start="2024-07-25T03:17:14.328403" elapsed="0.000352"/>
</kw>
<kw name="Log" owner="BuiltIn">
<msg time="2024-07-25T03:17:14.329260" level="INFO">{'large': 'https://randomuser.me/api/portraits/women/8.jpg', 'medium': 'https://randomuser.me/api/portraits/med/women/8.jpg', 'thumbnail': 'https://randomuser.me/api/portraits/thumb/women/8.jpg'}</msg>
<arg>${json_data['results'][0]['picture']}</arg>
<doc>Logs the given message with the given level.</doc>
<status status="PASS" start="2024-07-25T03:17:14.328938" elapsed="0.000364"/>
</kw>
<status status="PASS" start="2024-07-25T03:17:14.253699" elapsed="0.075864"/>
</kw>
<kw name="Teste de Tipos de Dados - Postcode" owner="random-user-service">
<kw name="GET On Session" owner="RequestsLibrary">
<msg time="2024-07-25T03:17:14.433698" level="INFO">GET Request : url=https://randomuser.me/api 
 path_url=/api 
 headers={'User-Agent': 'python-requests/2.32.3', 'Accept-Encoding': 'gzip, deflate', 'Accept': '*/*', 'Connection': 'keep-alive'} 
 body=None 
 </msg>
<msg time="2024-07-25T03:17:14.433813" level="INFO">GET Response : url=https://randomuser.me/api 
 status=200, reason=OK 
 headers={'Date': 'Thu, 25 Jul 2024 03:17:14 GMT', 'Content-Type': 'application/json; charset=utf-8', 'Transfer-Encoding': 'chunked', 'Connection': 'keep-alive', 'X-Powered-By': 'Express', 'Access-Control-Allow-Origin': '*', 'Cache-Control': 'no-cache', 'ETag': 'W/"485-VaScgckMCE2GHKwYaZ5I1Wdn3ig"', 'Vary': 'Accept-Encoding', 'Content-Encoding': 'gzip', 'CF-Cache-Status': 'DYNAMIC', 'Report-To': '{"endpoints":[{"url":"https:\\/\\/a.nel.cloudflare.com\\/report\\/v4?s=7SqDsFZveqWef%2Fe8SEMA0Zl73dPh8LPSEXhzSg49EkwUbBHMbCILcmzHfKaOycsCZhMnXSgSbhMtPqGJ4eOI1USpzTfM2BLaQnMW3PJmrEFTYP0KY48CUfwQ1pDOH2ti"}],"group":"cf-nel","max_age":604800}', 'NEL': '{"success_fraction":0,"report_to":"cf-nel","max_age":604800}', 'Server': 'cloudflare', 'CF-RAY': '8a88feec9af281be-IAD', 'alt-svc': 'h3=":443"; ma=86400'} 
 body={"results":[{"gender":"female","name":{"title":"Ms","first":"Dorle","last":"Rohe"},"location":{"street":{"number":2845,"name":"Kirchstraße"},"city":"Arnstein","state":"Niedersachsen","country":"Germany","postcode":84023,"coordinates":{"latitude":"-50.5790","longitude":"47.5505"},"timezone":{"offset":"+9:30","description":"Adelaide, Darwin"}},"email":"dorle.rohe@example.com","login":{"uuid":"3bfe4808-d8eb-4651-a4f5-f2197288a3d4","username":"goldenzebra258","password":"yvonne","salt":"I5Rzwf4r","md5":"454e0764d08afc09bd0d1c461170958e","sha1":"4b1f346bd2c7b7bbccdec531235d745ec6b0d0af","sha256":"2d0a36b740663ce2e0cd9e39508847681beed504f9c19b4634607189cfdc97fd"},"dob":{"date":"1949-07-13T08:36:41.856Z","age":75},"registered":{"date":"2013-11-19T13:10:21.734Z","age":10},"phone":"0155-6282794","cell":"0173-4465107","id":{"name":"SVNR","value":"25 130749 R 984"},"picture":{"large":"https://randomuser.me/api/portraits/women/45.jpg","medium":"https://randomuser.me/api/portraits/med/women/45.jpg","thumbnail":"https://randomuser.me/api/portraits/thumb/women/45.jpg"},"nat":"DE"}],"info":{"seed":"110a78d1e636604b","results":1,"page":1,"version":"1.4"}} 
 </msg>
<msg time="2024-07-25T03:17:14.433878" level="INFO">/opt/hostedtoolcache/Python/3.12.4/x64/lib/python3.12/site-packages/urllib3/connectionpool.py:1099: InsecureRequestWarning: Unverified HTTPS request is being made to host 'randomuser.me'. Adding certificate verification is strongly advised. See: https://urllib3.readthedocs.io/en/latest/advanced-usage.html#tls-warnings
  warnings.warn(</msg>
<msg time="2024-07-25T03:17:14.433982" level="INFO">${response} = &lt;Response [200]&gt;</msg>
<var>${response}</var>
<arg>consultarAPI</arg>
<arg>/api</arg>
<doc>Sends a GET request on a previously created HTTP Session.</doc>
<status status="PASS" start="2024-07-25T03:17:14.330057" elapsed="0.103960"/>
</kw>
<kw name="Set Variable" owner="BuiltIn">
<msg time="2024-07-25T03:17:14.434969" level="INFO">${json_data} = {'results': [{'gender': 'female', 'name': {'title': 'Ms', 'first': 'Dorle', 'last': 'Rohe'}, 'location': {'street': {'number': 2845, 'name': 'Kirchstraße'}, 'city': 'Arnstein', 'state': 'Niedersachsen...</msg>
<var>${json_data}</var>
<arg>${response.json()}</arg>
<doc>Returns the given values which can then be assigned to a variables.</doc>
<status status="PASS" start="2024-07-25T03:17:14.434484" elapsed="0.000514"/>
</kw>
<kw name="Log" owner="BuiltIn">
<msg time="2024-07-25T03:17:14.435462" level="INFO">{'results': [{'gender': 'female', 'name': {'title': 'Ms', 'first': 'Dorle', 'last': 'Rohe'}, 'location': {'street': {'number': 2845, 'name': 'Kirchstraße'}, 'city': 'Arnstein', 'state': 'Niedersachsen', 'country': 'Germany', 'postcode': 84023, 'coordinates': {'latitude': '-50.5790', 'longitude': '47.5505'}, 'timezone': {'offset': '+9:30', 'description': 'Adelaide, Darwin'}}, 'email': 'dorle.rohe@example.com', 'login': {'uuid': '3bfe4808-d8eb-4651-a4f5-f2197288a3d4', 'username': 'goldenzebra258', 'password': 'yvonne', 'salt': 'I5Rzwf4r', 'md5': '454e0764d08afc09bd0d1c461170958e', 'sha1': '4b1f346bd2c7b7bbccdec531235d745ec6b0d0af', 'sha256': '2d0a36b740663ce2e0cd9e39508847681beed504f9c19b4634607189cfdc97fd'}, 'dob': {'date': '1949-07-13T08:36:41.856Z', 'age': 75}, 'registered': {'date': '2013-11-19T13:10:21.734Z', 'age': 10}, 'phone': '0155-6282794', 'cell': '0173-4465107', 'id': {'name': 'SVNR', 'value': '25 130749 R 984'}, 'picture': {'large': 'https://randomuser.me/api/portraits/women/45.jpg', 'medium': 'https://randomuser.me/api/portraits/med/women/45.jpg', 'thumbnail': 'https://randomuser.me/api/portraits/thumb/women/45.jpg'}, 'nat': 'DE'}], 'info': {'seed': '110a78d1e636604b', 'results': 1, 'page': 1, 'version': '1.4'}}</msg>
<arg>${json_data}</arg>
<doc>Logs the given message with the given level.</doc>
<status status="PASS" start="2024-07-25T03:17:14.435305" elapsed="0.000206"/>
</kw>
<kw name="Should Be Equal As Numbers" owner="BuiltIn">
<arg>${json_data['results'][0]['location']['postcode']}</arg>
<arg>${json_data['results'][0]['location']['postcode']}</arg>
<doc>Fails if objects are unequal after converting them to real numbers.</doc>
<status status="PASS" start="2024-07-25T03:17:14.435805" elapsed="0.000626"/>
</kw>
<kw name="Log" owner="BuiltIn">
<msg time="2024-07-25T03:17:14.437004" level="INFO">84023</msg>
<arg>${json_data['results'][0]['location']['postcode']}</arg>
<doc>Logs the given message with the given level.</doc>
<status status="PASS" start="2024-07-25T03:17:14.436658" elapsed="0.000386"/>
</kw>
<status status="PASS" start="2024-07-25T03:17:14.329827" elapsed="0.107476"/>
</kw>
<doc>Testa se os tipos de dados na resposta da API estão corretos.</doc>
<tag>testeTiposDados</tag>
<status status="PASS" start="2024-07-25T03:17:14.252997" elapsed="0.184479"/>
</test>
<test id="s1-s1-t5" name="Validar conteudo" line="35">
<kw name="Teste de Tipos de Conteudo" owner="random-user-service">
<kw name="GET On Session" owner="RequestsLibrary">
<msg time="2024-07-25T03:17:14.540956" level="INFO">GET Request : url=https://randomuser.me/api 
 path_url=/api 
 headers={'User-Agent': 'python-requests/2.32.3', 'Accept-Encoding': 'gzip, deflate', 'Accept': '*/*', 'Connection': 'keep-alive'} 
 body=None 
 </msg>
<msg time="2024-07-25T03:17:14.541020" level="INFO">GET Response : url=https://randomuser.me/api 
 status=200, reason=OK 
 headers={'Date': 'Thu, 25 Jul 2024 03:17:14 GMT', 'Content-Type': 'application/json; charset=utf-8', 'Transfer-Encoding': 'chunked', 'Connection': 'keep-alive', 'X-Powered-By': 'Express', 'Access-Control-Allow-Origin': '*', 'Cache-Control': 'no-cache', 'ETag': 'W/"48b-lRk2MXJnDFCn+sxNUiMLIKopJwE"', 'Vary': 'Accept-Encoding', 'Content-Encoding': 'gzip', 'CF-Cache-Status': 'DYNAMIC', 'Report-To': '{"endpoints":[{"url":"https:\\/\\/a.nel.cloudflare.com\\/report\\/v4?s=Bp6oLAktxkiO7VoPCVrSVN4tqLvCkCZIJA0LBxRCmQmZ%2BCzXfo8WiwYjcfzZuAjei6S%2FHBniYCqKUdy%2BWhYpPscO6Zq48aMNDIxwGJ6m4q3fK8IRd6jwZswMaRpb5Usu"}],"group":"cf-nel","max_age":604800}', 'NEL': '{"success_fraction":0,"report_to":"cf-nel","max_age":604800}', 'Server': 'cloudflare', 'CF-RAY': '8a88feed4b9b81be-IAD', 'alt-svc': 'h3=":443"; ma=86400'} 
 body={"results":[{"gender":"male","name":{"title":"Mr","first":"Billy","last":"Mcdonalid"},"location":{"street":{"number":1727,"name":"Westmoreland Street"},"city":"Carrick-on-Shannon","state":"Kerry","country":"Ireland","postcode":29524,"coordinates":{"latitude":"-0.0130","longitude":"-39.5381"},"timezone":{"offset":"-11:00","description":"Midway Island, Samoa"}},"email":"billy.mcdonalid@example.com","login":{"uuid":"1902f253-3b65-4837-966e-64cedae8f632","username":"happytiger470","password":"hellas","salt":"pSxvHnEZ","md5":"5da1c23b0249cc6660bf39b861ec080c","sha1":"57d0705f998795315b195f487aa951506d46cc93","sha256":"d613904bd9a0742bc1fee293f013dd99a960e55bccbb59d23ad1c2b08a3a57d8"},"dob":{"date":"1960-04-14T17:20:18.337Z","age":64},"registered":{"date":"2017-07-23T07:18:27.747Z","age":7},"phone":"071-695-9321","cell":"081-377-2517","id":{"name":"PPS","value":"3741534T"},"picture":{"large":"https://randomuser.me/api/portraits/men/87.jpg","medium":"https://randomuser.me/api/portraits/med/men/87.jpg","thumbnail":"https://randomuser.me/api/portraits/thumb/men/87.jpg"},"nat":"IE"}],"info":{"seed":"ffa5f8ea23da72d5","results":1,"page":1,"version":"1.4"}} 
 </msg>
<msg time="2024-07-25T03:17:14.541075" level="INFO">/opt/hostedtoolcache/Python/3.12.4/x64/lib/python3.12/site-packages/urllib3/connectionpool.py:1099: InsecureRequestWarning: Unverified HTTPS request is being made to host 'randomuser.me'. Adding certificate verification is strongly advised. See: https://urllib3.readthedocs.io/en/latest/advanced-usage.html#tls-warnings
  warnings.warn(</msg>
<msg time="2024-07-25T03:17:14.541164" level="INFO">${response} = &lt;Response [200]&gt;</msg>
<var>${response}</var>
<arg>consultarAPI</arg>
<arg>/api</arg>
<doc>Sends a GET request on a previously created HTTP Session.</doc>
<status status="PASS" start="2024-07-25T03:17:14.440146" elapsed="0.101060"/>
</kw>
<kw name="Set Variable" owner="BuiltIn">
<msg time="2024-07-25T03:17:14.542242" level="INFO">${json_data} = {'results': [{'gender': 'male', 'name': {'title': 'Mr', 'first': 'Billy', 'last': 'Mcdonalid'}, 'location': {'street': {'number': 1727, 'name': 'Westmoreland Street'}, 'city': 'Carrick-on-Shannon', 's...</msg>
<var>${json_data}</var>
<arg>${response.json()}</arg>
<doc>Returns the given values which can then be assigned to a variables.</doc>
<status status="PASS" start="2024-07-25T03:17:14.541661" elapsed="0.000610"/>
</kw>
<kw name="Set Variable" owner="BuiltIn">
<msg time="2024-07-25T03:17:14.542976" level="INFO">${name_title} = Mr</msg>
<var>${name_title}</var>
<arg>${json_data["results"][0]["name"]["title"]}</arg>
<doc>Returns the given values which can then be assigned to a variables.</doc>
<status status="PASS" start="2024-07-25T03:17:14.542578" elapsed="0.000424"/>
</kw>
<kw name="Create List" owner="BuiltIn">
<msg time="2024-07-25T03:17:14.543443" level="INFO">${allowed_titles} = ['Mr', 'Ms', 'Miss', 'Mrs', 'Madame', 'Monsieur']</msg>
<var>${allowed_titles}</var>
<arg>Mr</arg>
<arg>Ms</arg>
<arg>Miss</arg>
<arg>Mrs</arg>
<arg>Madame</arg>
<arg>Monsieur</arg>
<doc>Returns a list containing given items.</doc>
<status status="PASS" start="2024-07-25T03:17:14.543295" elapsed="0.000172"/>
</kw>
<kw name="List Should Contain Value" owner="Collections">
<arg>${allowed_titles}</arg>
<arg>${name_title}</arg>
<doc>Fails if the ``value`` is not found from ``list``.</doc>
<status status="PASS" start="2024-07-25T03:17:14.543764" elapsed="0.000173"/>
</kw>
<kw name="Set Variable" owner="BuiltIn">
<msg time="2024-07-25T03:17:14.544496" level="INFO">${name_country} = IE</msg>
<var>${name_country}</var>
<arg>${json_data["results"][0]["nat"]}</arg>
<doc>Returns the given values which can then be assigned to a variables.</doc>
<status status="PASS" start="2024-07-25T03:17:14.544115" elapsed="0.000406"/>
</kw>
<kw name="Create List" owner="BuiltIn">
<msg time="2024-07-25T03:17:14.545408" level="INFO">${list_country} = ['AD', 'AE', 'AF', 'AG', 'AI', 'AL', 'AM', 'AO', 'AQ', 'AR', 'AS', 'AT', 'AU', 'AW', 'AX', 'AZ', 'BA', 'BB', 'BD', 'BE', 'BF', 'BG', 'BH', 'BI', 'BJ', 'BL', 'BM', 'BN', 'BO', 'BQ', 'BR', 'BS', 'BT', '...</msg>
<var>${list_country}</var>
<arg>AD</arg>
<arg>AE</arg>
<arg>AF</arg>
<arg>AG</arg>
<arg>AI</arg>
<arg>AL</arg>
<arg>AM</arg>
<arg>AO</arg>
<arg>AQ</arg>
<arg>AR</arg>
<arg>AS</arg>
<arg>AT</arg>
<arg>AU</arg>
<arg>AW</arg>
<arg>AX</arg>
<arg>AZ</arg>
<arg>BA</arg>
<arg>BB</arg>
<arg>BD</arg>
<arg>BE</arg>
<arg>BF</arg>
<arg>BG</arg>
<arg>BH</arg>
<arg>BI</arg>
<arg>BJ</arg>
<arg>BL</arg>
<arg>BM</arg>
<arg>BN</arg>
<arg>BO</arg>
<arg>BQ</arg>
<arg>BR</arg>
<arg>BS</arg>
<arg>BT</arg>
<arg>BV</arg>
<arg>BW</arg>
<arg>BY</arg>
<arg>BZ</arg>
<arg>CA</arg>
<arg>CC</arg>
<arg>CD</arg>
<arg>CF</arg>
<arg>CG</arg>
<arg>CH</arg>
<arg>CI</arg>
<arg>CK</arg>
<arg>CL</arg>
<arg>CM</arg>
<arg>CN</arg>
<arg>CO</arg>
<arg>CR</arg>
<arg>CU</arg>
<arg>CV</arg>
<arg>CW</arg>
<arg>CX</arg>
<arg>CY</arg>
<arg>CZ</arg>
<arg>DE</arg>
<arg>DJ</arg>
<arg>DK</arg>
<arg>DM</arg>
<arg>DO</arg>
<arg>DZ</arg>
<arg>EC</arg>
<arg>EE</arg>
<arg>EG</arg>
<arg>EH</arg>
<arg>ER</arg>
<arg>ES</arg>
<arg>ET</arg>
<arg>FI</arg>
<arg>FJ</arg>
<arg>FK</arg>
<arg>FM</arg>
<arg>FO</arg>
<arg>FR</arg>
<arg>GA</arg>
<arg>GB</arg>
<arg>GD</arg>
<arg>GE</arg>
<arg>GF</arg>
<arg>GG</arg>
<arg>GH</arg>
<arg>GI</arg>
<arg>GL</arg>
<arg>GM</arg>
<arg>GN</arg>
<arg>GP</arg>
<arg>GQ</arg>
<arg>GR</arg>
<arg>GS</arg>
<arg>GT</arg>
<arg>GU</arg>
<arg>GW</arg>
<arg>GY</arg>
<arg>HK</arg>
<arg>HM</arg>
<arg>HN</arg>
<arg>HR</arg>
<arg>HT</arg>
<arg>HU</arg>
<arg>ID</arg>
<arg>IE</arg>
<arg>IL</arg>
<arg>IM</arg>
<arg>IN</arg>
<arg>IO</arg>
<arg>IQ</arg>
<arg>IR</arg>
<arg>IS</arg>
<arg>IT</arg>
<arg>JE</arg>
<arg>JM</arg>
<arg>JO</arg>
<arg>JP</arg>
<arg>KE</arg>
<arg>KG</arg>
<arg>KH</arg>
<arg>KI</arg>
<arg>KM</arg>
<arg>KN</arg>
<arg>KP</arg>
<arg>KR</arg>
<arg>KW</arg>
<arg>KY</arg>
<arg>KZ</arg>
<arg>LA</arg>
<arg>LB</arg>
<arg>LC</arg>
<arg>LI</arg>
<arg>LK</arg>
<arg>LR</arg>
<arg>LS</arg>
<arg>LT</arg>
<arg>LU</arg>
<arg>LV</arg>
<arg>LY</arg>
<arg>MA</arg>
<arg>MC</arg>
<arg>MD</arg>
<arg>ME</arg>
<arg>MF</arg>
<arg>MG</arg>
<arg>MH</arg>
<arg>MK</arg>
<arg>ML</arg>
<arg>MM</arg>
<arg>MN</arg>
<arg>MO</arg>
<arg>MP</arg>
<arg>MQ</arg>
<arg>MR</arg>
<arg>MS</arg>
<arg>MT</arg>
<arg>MU</arg>
<arg>MV</arg>
<arg>MW</arg>
<arg>MX</arg>
<arg>MY</arg>
<arg>MZ</arg>
<arg>NA</arg>
<arg>NC</arg>
<arg>NE</arg>
<arg>NF</arg>
<arg>NG</arg>
<arg>NI</arg>
<arg>NL</arg>
<arg>NO</arg>
<arg>NP</arg>
<arg>NR</arg>
<arg>NU</arg>
<arg>NZ</arg>
<arg>OM</arg>
<arg>PA</arg>
<arg>PE</arg>
<arg>PF</arg>
<arg>PG</arg>
<arg>PH</arg>
<arg>PK</arg>
<arg>PL</arg>
<arg>PM</arg>
<arg>PN</arg>
<arg>PR</arg>
<arg>PS</arg>
<arg>PT</arg>
<arg>PW</arg>
<arg>PY</arg>
<arg>QA</arg>
<arg>RE</arg>
<arg>RO</arg>
<arg>RS</arg>
<arg>RU</arg>
<arg>RW</arg>
<arg>SA</arg>
<arg>SB</arg>
<arg>SC</arg>
<arg>SD</arg>
<arg>SE</arg>
<arg>SG</arg>
<arg>SH</arg>
<arg>SI</arg>
<arg>SJ</arg>
<arg>SK</arg>
<arg>SL</arg>
<arg>SM</arg>
<arg>SN</arg>
<arg>SO</arg>
<arg>SR</arg>
<arg>SS</arg>
<arg>ST</arg>
<arg>SV</arg>
<arg>SX</arg>
<arg>SY</arg>
<arg>SZ</arg>
<arg>TC</arg>
<arg>TD</arg>
<arg>TF</arg>
<arg>TG</arg>
<arg>TH</arg>
<arg>TJ</arg>
<arg>TK</arg>
<arg>TL</arg>
<arg>TM</arg>
<arg>TN</arg>
<arg>TO</arg>
<arg>TR</arg>
<arg>TT</arg>
<arg>TV</arg>
<arg>TW</arg>
<arg>TZ</arg>
<arg>UA</arg>
<arg>UG</arg>
<arg>UM</arg>
<arg>US</arg>
<arg>UY</arg>
<arg>UZ</arg>
<arg>VA</arg>
<arg>VC</arg>
<arg>VE</arg>
<arg>VG</arg>
<arg>VI</arg>
<arg>VN</arg>
<arg>VU</arg>
<arg>WF</arg>
<arg>WS</arg>
<arg>XK</arg>
<arg>YE</arg>
<arg>YT</arg>
<arg>ZA</arg>
<arg>ZM</arg>
<arg>ZW</arg>
<doc>Returns a list containing given items.</doc>
<status status="PASS" start="2024-07-25T03:17:14.544804" elapsed="0.000630"/>
</kw>
<kw name="List Should Contain Value" owner="Collections">
<arg>${list_country}</arg>
<arg>${name_country}</arg>
<doc>Fails if the ``value`` is not found from ``list``.</doc>
<status status="PASS" start="2024-07-25T03:17:14.546401" elapsed="0.000214"/>
</kw>
<kw name="Run Keyword If" owner="BuiltIn">
<kw name="Should Be True" owner="BuiltIn">
<arg>${True}</arg>
<doc>Fails if the given condition is not true.</doc>
<status status="PASS" start="2024-07-25T03:17:14.547557" elapsed="0.000142"/>
</kw>
<arg>${json_data["results"][0]["location"]["coordinates"]["latitude"]} &gt;= -90 and ${json_data["results"][0]["location"]["coordinates"]["latitude"]} &lt;= 90</arg>
<arg>Should Be True</arg>
<arg>${True}</arg>
<doc>Runs the given keyword with the given arguments, if ``condition`` is true.</doc>
<status status="PASS" start="2024-07-25T03:17:14.546814" elapsed="0.001010"/>
</kw>
<kw name="Run Keyword If" owner="BuiltIn">
<kw name="Should Be True" owner="BuiltIn">
<arg>${True}</arg>
<doc>Fails if the given condition is not true.</doc>
<status status="PASS" start="2024-07-25T03:17:14.548704" elapsed="0.000152"/>
</kw>
<arg>${json_data["results"][0]["location"]["coordinates"]["longitude"]} &gt;= -180 and ${json_data["results"][0]["location"]["coordinates"]["longitude"]} &lt;= 180</arg>
<arg>Should Be True</arg>
<arg>${True}</arg>
<doc>Runs the given keyword with the given arguments, if ``condition`` is true.</doc>
<status status="PASS" start="2024-07-25T03:17:14.548007" elapsed="0.000971"/>
</kw>
<status status="PASS" start="2024-07-25T03:17:14.439916" elapsed="0.109190"/>
</kw>
<doc>Testa o conteúdo específico dos campos retornados pela API.</doc>
<tag>testeConteudo</tag>
<status status="PASS" start="2024-07-25T03:17:14.439370" elapsed="0.109880"/>
</test>
<status status="PASS" start="2024-07-25T03:17:13.581075" elapsed="0.970176"/>
</suite>
<status status="PASS" start="2024-07-25T03:17:13.566791" elapsed="0.989526"/>
</suite>
<statistics>
<total>
<stat pass="5" fail="0" skip="0">All Tests</stat>
</total>
<tag>
<stat pass="1" fail="0" skip="0">testeConteudo</stat>
<stat pass="1" fail="0" skip="0">testeEstruturaResposta</stat>
<stat pass="1" fail="0" skip="0">testeRequisicaoBasica</stat>
<stat pass="1" fail="0" skip="0">testeTiposDados</stat>
</tag>
<suite>
<stat pass="5" fail="0" skip="0" id="s1" name="Tests">Tests</stat>
<stat pass="5" fail="0" skip="0" id="s1-s1" name="Random-User-Test">Tests.Random-User-Test</stat>
</suite>
</statistics>
<errors>
</errors>
</robot>
