<?xml version="1.0" encoding="UTF-8"?>
<robot generator="Robot 7.0 (Python 3.12.3 on linux)" generated="2024-06-10T03:17:00.278729" rpa="false" schemaversion="5">
<suite id="s1" name="Tests" source="/home/runner/work/ApiRandomUser/ApiRandomUser/RamdonUser/tests">
<suite id="s1-s1" name="Random-User-Test" source="/home/runner/work/ApiRandomUser/ApiRandomUser/RamdonUser/tests/random-user-test.robot">
<test id="s1-s1-t1" name="Conectar" line="13">
<kw name="Conectar API" owner="random-user-service">
<kw name="Create Session" owner="RequestsLibrary">
<msg time="2024-06-10T03:17:00.670817" level="INFO">Creating Session using : alias=consultarAPI, url=https://randomuser.me/, headers={},                     cookies={}, auth=None, timeout=None, proxies=None, verify=False,                     debug=0 </msg>
<arg>consultarAPI</arg>
<arg>${URL}</arg>
<doc>Create Session: create a HTTP session to a server</doc>
<status status="PASS" start="2024-06-10T03:17:00.670620" elapsed="0.000367"/>
</kw>
<status status="PASS" start="2024-06-10T03:17:00.669587" elapsed="0.001754"/>
</kw>
<status status="PASS" start="2024-06-10T03:17:00.668948" elapsed="0.002587"/>
</test>
<test id="s1-s1-t2" name="Validar retorno 200 e JSON Válido" line="16">
<kw name="Teste de Requisicao Basica" owner="random-user-service">
<kw name="GET On Session" owner="RequestsLibrary">
<msg time="2024-06-10T03:17:01.152274" level="INFO">GET Request : url=https://randomuser.me/api 
 path_url=/api 
 headers={'User-Agent': 'python-requests/2.32.3', 'Accept-Encoding': 'gzip, deflate', 'Accept': '*/*', 'Connection': 'keep-alive'} 
 body=None 
 </msg>
<msg time="2024-06-10T03:17:01.152444" level="INFO">GET Response : url=https://randomuser.me/api 
 status=200, reason=OK 
 headers={'Date': 'Mon, 10 Jun 2024 03:17:01 GMT', 'Content-Type': 'application/json; charset=utf-8', 'Transfer-Encoding': 'chunked', 'Connection': 'keep-alive', 'X-Powered-By': 'Express', 'Access-Control-Allow-Origin': '*', 'Cache-Control': 'no-cache', 'ETag': 'W/"482-p3eCWXrNsnklGLGx8mB68n36h9c"', 'Vary': 'Accept-Encoding', 'Content-Encoding': 'gzip', 'CF-Cache-Status': 'DYNAMIC', 'Report-To': '{"endpoints":[{"url":"https:\\/\\/a.nel.cloudflare.com\\/report\\/v4?s=S1DxZIRr9wwfhvEwEGTxXofK1qGawUYDrXKRGanv%2BtQIxeTtlHP53NmIkVoxSIeQKmdMUKHBuwPrdQh2gKtwUEdui%2BP4ET2SzTpPBOUzKlYecQNAvKeOQqLsi%2BhE8AWD"}],"group":"cf-nel","max_age":604800}', 'NEL': '{"success_fraction":0,"report_to":"cf-nel","max_age":604800}', 'Server': 'cloudflare', 'CF-RAY': '891634b86e161786-IAD', 'alt-svc': 'h3=":443"; ma=86400'} 
 body={"results":[{"gender":"male","name":{"title":"Mr","first":"طاها","last":"گلشن"},"location":{"street":{"number":4665,"name":"دیباجی"},"city":"اهواز","state":"سمنان","country":"Iran","postcode":87827,"coordinates":{"latitude":"17.8385","longitude":"-140.4860"},"timezone":{"offset":"-5:00","description":"Eastern Time (US &amp; Canada), Bogota, Lima"}},"email":"th.glshn@example.com","login":{"uuid":"8f37426d-5b51-46d2-a7a5-8b918d78436e","username":"purplefrog572","password":"jenny","salt":"vRufzYjN","md5":"e7b47ca3b6a898c493688d4590a6dfb5","sha1":"1732938a1281d24ca90de7335a4a2dfff1e0952f","sha256":"3080b3fb80e46fe20ca375c1597f25272577bfd83a42b5865af526957efdc8f9"},"dob":{"date":"1984-01-07T15:18:13.583Z","age":40},"registered":{"date":"2014-04-02T06:26:07.053Z","age":10},"phone":"058-45213972","cell":"0966-509-3053","id":{"name":"","value":null},"picture":{"large":"https://randomuser.me/api/portraits/men/9.jpg","medium":"https://randomuser.me/api/portraits/med/men/9.jpg","thumbnail":"https://randomuser.me/api/portraits/thumb/men/9.jpg"},"nat":"IR"}],"info":{"seed":"cea606cad136f691","results":1,"page":1,"version":"1.4"}} 
 </msg>
<msg time="2024-06-10T03:17:01.152539" level="INFO">/opt/hostedtoolcache/Python/3.12.3/x64/lib/python3.12/site-packages/urllib3/connectionpool.py:1103: InsecureRequestWarning: Unverified HTTPS request is being made to host 'randomuser.me'. Adding certificate verification is strongly advised. See: https://urllib3.readthedocs.io/en/latest/advanced-usage.html#tls-warnings
  warnings.warn(</msg>
<msg time="2024-06-10T03:17:01.152697" level="INFO">${response} = &lt;Response [200]&gt;</msg>
<var>${response}</var>
<arg>consultarAPI</arg>
<arg>/api</arg>
<doc>Sends a GET request on a previously created HTTP Session.</doc>
<status status="PASS" start="2024-06-10T03:17:00.674237" elapsed="0.478508"/>
</kw>
<kw name="Should Be Equal As Numbers" owner="BuiltIn">
<msg time="2024-06-10T03:17:01.153741" level="INFO">Argument types are:
&lt;class 'int'&gt;
&lt;class 'str'&gt;</msg>
<arg>${response.status_code}</arg>
<arg>200</arg>
<doc>Fails if objects are unequal after converting them to real numbers.</doc>
<status status="PASS" start="2024-06-10T03:17:01.153280" elapsed="0.000525"/>
</kw>
<kw name="Log" owner="BuiltIn">
<msg time="2024-06-10T03:17:01.154506" level="INFO">200</msg>
<arg>${response.status_code}</arg>
<doc>Logs the given message with the given level.</doc>
<status status="PASS" start="2024-06-10T03:17:01.154154" elapsed="0.000402"/>
</kw>
<kw name="Set Variable" owner="BuiltIn">
<msg time="2024-06-10T03:17:01.155313" level="INFO">${json_data} = {'results': [{'gender': 'male', 'name': {'title': 'Mr', 'first': 'طاها', 'last': 'گلشن'}, 'location': {'street': {'number': 4665, 'name': 'دیباجی'}, 'city': 'اهواز', 'state': 'سمنان', 'country': 'Iran...</msg>
<var>${json_data}</var>
<arg>${response.json()}</arg>
<doc>Returns the given values which can then be assigned to a variables.</doc>
<status status="PASS" start="2024-06-10T03:17:01.154871" elapsed="0.000471"/>
</kw>
<kw name="Dictionary Should Contain Key" owner="Collections">
<msg time="2024-06-10T03:17:01.155816" level="INFO">False</msg>
<arg>${json_data}</arg>
<arg>results</arg>
<doc>Fails if ``key`` is not found from ``dictionary``.</doc>
<status status="PASS" start="2024-06-10T03:17:01.155644" elapsed="0.000362"/>
</kw>
<status status="PASS" start="2024-06-10T03:17:00.673995" elapsed="0.482279"/>
</kw>
<doc>Testa se a API responde corretamente e retorna um objeto JSON válido.</doc>
<tag>testeRequisicaoBasica</tag>
<status status="PASS" start="2024-06-10T03:17:00.673463" elapsed="0.482990"/>
</test>
<test id="s1-s1-t3" name="Validar estrutura de resposta" line="22">
<kw name="Teste de Estrutura de Resposta" owner="random-user-service">
<kw name="GET On Session" owner="RequestsLibrary">
<msg time="2024-06-10T03:17:01.245692" level="INFO">GET Request : url=https://randomuser.me/api 
 path_url=/api 
 headers={'User-Agent': 'python-requests/2.32.3', 'Accept-Encoding': 'gzip, deflate', 'Accept': '*/*', 'Connection': 'keep-alive'} 
 body=None 
 </msg>
<msg time="2024-06-10T03:17:01.245799" level="INFO">GET Response : url=https://randomuser.me/api 
 status=200, reason=OK 
 headers={'Date': 'Mon, 10 Jun 2024 03:17:01 GMT', 'Content-Type': 'application/json; charset=utf-8', 'Transfer-Encoding': 'chunked', 'Connection': 'keep-alive', 'X-Powered-By': 'Express', 'Access-Control-Allow-Origin': '*', 'Cache-Control': 'no-cache', 'ETag': 'W/"498-eMjHdWw9E8YyVPgUudFz+uyTD8Y"', 'Vary': 'Accept-Encoding', 'Content-Encoding': 'gzip', 'CF-Cache-Status': 'DYNAMIC', 'Report-To': '{"endpoints":[{"url":"https:\\/\\/a.nel.cloudflare.com\\/report\\/v4?s=SgH7j9cWxzIdwmnSBPBkAbpC4IHzkVie%2Bwxf4YLxlXR9HLUPEamumIS%2Bd2jB1CQKVSKkMN%2FT8glr%2F0NyUWVWKgtnYX8%2F6Pr%2F0hmX4ltf7husSPYXL3KX%2BbMvKHBsmvNA"}],"group":"cf-nel","max_age":604800}', 'NEL': '{"success_fraction":0,"report_to":"cf-nel","max_age":604800}', 'Server': 'cloudflare', 'CF-RAY': '891634ba4fed1786-IAD', 'alt-svc': 'h3=":443"; ma=86400'} 
 body={"results":[{"gender":"male","name":{"title":"Mr","first":"Stanley","last":"Jordan"},"location":{"street":{"number":232,"name":"Woodlawn Avenue"},"city":"Westport","state":"Dublin City","country":"Ireland","postcode":73915,"coordinates":{"latitude":"0.5524","longitude":"-130.0504"},"timezone":{"offset":"+3:00","description":"Baghdad, Riyadh, Moscow, St. Petersburg"}},"email":"stanley.jordan@example.com","login":{"uuid":"e790ff3b-3403-4146-bcf1-2a27f122332b","username":"yellowbutterfly222","password":"roofer","salt":"oqamgqzT","md5":"6372c775c9533e519d7f4bc88572090c","sha1":"4f146e7ce8732b322dba903847753a70c4e59efd","sha256":"c377be02b619c66a44a7506bd1358ddc6c76afe1c5c6cb6ffc077efe61064bd0"},"dob":{"date":"1983-06-14T22:32:54.233Z","age":40},"registered":{"date":"2005-06-14T05:54:07.374Z","age":18},"phone":"071-111-2217","cell":"081-049-6496","id":{"name":"PPS","value":"6197409T"},"picture":{"large":"https://randomuser.me/api/portraits/men/46.jpg","medium":"https://randomuser.me/api/portraits/med/men/46.jpg","thumbnail":"https://randomuser.me/api/portraits/thumb/men/46.jpg"},"nat":"IE"}],"info":{"seed":"7db3705051a679d5","results":1,"page":1,"version":"1.4"}} 
 </msg>
<msg time="2024-06-10T03:17:01.245926" level="INFO">/opt/hostedtoolcache/Python/3.12.3/x64/lib/python3.12/site-packages/urllib3/connectionpool.py:1103: InsecureRequestWarning: Unverified HTTPS request is being made to host 'randomuser.me'. Adding certificate verification is strongly advised. See: https://urllib3.readthedocs.io/en/latest/advanced-usage.html#tls-warnings
  warnings.warn(</msg>
<msg time="2024-06-10T03:17:01.246043" level="INFO">${response} = &lt;Response [200]&gt;</msg>
<var>${response}</var>
<arg>consultarAPI</arg>
<arg>/api</arg>
<doc>Sends a GET request on a previously created HTTP Session.</doc>
<status status="PASS" start="2024-06-10T03:17:01.159072" elapsed="0.087012"/>
</kw>
<kw name="Set Variable" owner="BuiltIn">
<msg time="2024-06-10T03:17:01.247093" level="INFO">${json_data} = {'results': [{'gender': 'male', 'name': {'title': 'Mr', 'first': 'Stanley', 'last': 'Jordan'}, 'location': {'street': {'number': 232, 'name': 'Woodlawn Avenue'}, 'city': 'Westport', 'state': 'Dublin C...</msg>
<var>${json_data}</var>
<arg>${response.json()}</arg>
<doc>Returns the given values which can then be assigned to a variables.</doc>
<status status="PASS" start="2024-06-10T03:17:01.246574" elapsed="0.000548"/>
</kw>
<kw name="Log" owner="BuiltIn">
<msg time="2024-06-10T03:17:01.247588" level="INFO">{'results': [{'gender': 'male', 'name': {'title': 'Mr', 'first': 'Stanley', 'last': 'Jordan'}, 'location': {'street': {'number': 232, 'name': 'Woodlawn Avenue'}, 'city': 'Westport', 'state': 'Dublin City', 'country': 'Ireland', 'postcode': 73915, 'coordinates': {'latitude': '0.5524', 'longitude': '-130.0504'}, 'timezone': {'offset': '+3:00', 'description': 'Baghdad, Riyadh, Moscow, St. Petersburg'}}, 'email': 'stanley.jordan@example.com', 'login': {'uuid': 'e790ff3b-3403-4146-bcf1-2a27f122332b', 'username': 'yellowbutterfly222', 'password': 'roofer', 'salt': 'oqamgqzT', 'md5': '6372c775c9533e519d7f4bc88572090c', 'sha1': '4f146e7ce8732b322dba903847753a70c4e59efd', 'sha256': 'c377be02b619c66a44a7506bd1358ddc6c76afe1c5c6cb6ffc077efe61064bd0'}, 'dob': {'date': '1983-06-14T22:32:54.233Z', 'age': 40}, 'registered': {'date': '2005-06-14T05:54:07.374Z', 'age': 18}, 'phone': '071-111-2217', 'cell': '081-049-6496', 'id': {'name': 'PPS', 'value': '6197409T'}, 'picture': {'large': 'https://randomuser.me/api/portraits/men/46.jpg', 'medium': 'https://randomuser.me/api/portraits/med/men/46.jpg', 'thumbnail': 'https://randomuser.me/api/portraits/thumb/men/46.jpg'}, 'nat': 'IE'}], 'info': {'seed': '7db3705051a679d5', 'results': 1, 'page': 1, 'version': '1.4'}}</msg>
<arg>${json_data}</arg>
<doc>Logs the given message with the given level.</doc>
<status status="PASS" start="2024-06-10T03:17:01.247429" elapsed="0.000207"/>
</kw>
<kw name="Dictionary Should Contain Key" owner="Collections">
<msg time="2024-06-10T03:17:01.248105" level="INFO">False</msg>
<arg>${json_data}</arg>
<arg>results</arg>
<doc>Fails if ``key`` is not found from ``dictionary``.</doc>
<status status="PASS" start="2024-06-10T03:17:01.247950" elapsed="0.000192"/>
</kw>
<kw name="Should Not Be Empty" owner="BuiltIn">
<msg time="2024-06-10T03:17:01.248583" level="INFO">Length is 2.</msg>
<arg>${json_data}</arg>
<doc>Verifies that the given item is not empty.</doc>
<status status="PASS" start="2024-06-10T03:17:01.248445" elapsed="0.000181"/>
</kw>
<kw name="Create List" owner="BuiltIn">
<msg time="2024-06-10T03:17:01.249101" level="INFO">${expected_keys} = ['gender', 'name', 'location', 'email', 'login']</msg>
<var>${expected_keys}</var>
<arg>gender</arg>
<arg>name</arg>
<arg>location</arg>
<arg>email</arg>
<arg>login</arg>
<doc>Returns a list containing given items.</doc>
<status status="PASS" start="2024-06-10T03:17:01.248915" elapsed="0.000216"/>
</kw>
<for flavor="IN">
<iter>
<kw name="Dictionary Should Contain Key" owner="Collections">
<msg time="2024-06-10T03:17:01.250115" level="INFO">False</msg>
<arg>${json_data['results'][0]}</arg>
<arg>${key}</arg>
<doc>Fails if ``key`` is not found from ``dictionary``.</doc>
<status status="PASS" start="2024-06-10T03:17:01.249707" elapsed="0.000451"/>
</kw>
<kw name="Log" owner="BuiltIn">
<msg time="2024-06-10T03:17:01.250817" level="INFO">{'gender': 'male', 'name': {'title': 'Mr', 'first': 'Stanley', 'last': 'Jordan'}, 'location': {'street': {'number': 232, 'name': 'Woodlawn Avenue'}, 'city': 'Westport', 'state': 'Dublin City', 'country': 'Ireland', 'postcode': 73915, 'coordinates': {'latitude': '0.5524', 'longitude': '-130.0504'}, 'timezone': {'offset': '+3:00', 'description': 'Baghdad, Riyadh, Moscow, St. Petersburg'}}, 'email': 'stanley.jordan@example.com', 'login': {'uuid': 'e790ff3b-3403-4146-bcf1-2a27f122332b', 'username': 'yellowbutterfly222', 'password': 'roofer', 'salt': 'oqamgqzT', 'md5': '6372c775c9533e519d7f4bc88572090c', 'sha1': '4f146e7ce8732b322dba903847753a70c4e59efd', 'sha256': 'c377be02b619c66a44a7506bd1358ddc6c76afe1c5c6cb6ffc077efe61064bd0'}, 'dob': {'date': '1983-06-14T22:32:54.233Z', 'age': 40}, 'registered': {'date': '2005-06-14T05:54:07.374Z', 'age': 18}, 'phone': '071-111-2217', 'cell': '081-049-6496', 'id': {'name': 'PPS', 'value': '6197409T'}, 'picture': {'large': 'https://randomuser.me/api/portraits/men/46.jpg', 'medium': 'https://randomuser.me/api/portraits/med/men/46.jpg', 'thumbnail': 'https://randomuser.me/api/portraits/thumb/men/46.jpg'}, 'nat': 'IE'}</msg>
<arg>${json_data['results'][0]}</arg>
<doc>Logs the given message with the given level.</doc>
<status status="PASS" start="2024-06-10T03:17:01.250457" elapsed="0.000409"/>
</kw>
<kw name="Log" owner="BuiltIn">
<msg time="2024-06-10T03:17:01.251292" level="INFO">gender</msg>
<arg>${key}</arg>
<doc>Logs the given message with the given level.</doc>
<status status="PASS" start="2024-06-10T03:17:01.251162" elapsed="0.000167"/>
</kw>
<var name="${key}">gender</var>
<status status="PASS" start="2024-06-10T03:17:01.249580" elapsed="0.001961"/>
</iter>
<iter>
<kw name="Dictionary Should Contain Key" owner="Collections">
<msg time="2024-06-10T03:17:01.252233" level="INFO">False</msg>
<arg>${json_data['results'][0]}</arg>
<arg>${key}</arg>
<doc>Fails if ``key`` is not found from ``dictionary``.</doc>
<status status="PASS" start="2024-06-10T03:17:01.251843" elapsed="0.000427"/>
</kw>
<kw name="Log" owner="BuiltIn">
<msg time="2024-06-10T03:17:01.252949" level="INFO">{'gender': 'male', 'name': {'title': 'Mr', 'first': 'Stanley', 'last': 'Jordan'}, 'location': {'street': {'number': 232, 'name': 'Woodlawn Avenue'}, 'city': 'Westport', 'state': 'Dublin City', 'country': 'Ireland', 'postcode': 73915, 'coordinates': {'latitude': '0.5524', 'longitude': '-130.0504'}, 'timezone': {'offset': '+3:00', 'description': 'Baghdad, Riyadh, Moscow, St. Petersburg'}}, 'email': 'stanley.jordan@example.com', 'login': {'uuid': 'e790ff3b-3403-4146-bcf1-2a27f122332b', 'username': 'yellowbutterfly222', 'password': 'roofer', 'salt': 'oqamgqzT', 'md5': '6372c775c9533e519d7f4bc88572090c', 'sha1': '4f146e7ce8732b322dba903847753a70c4e59efd', 'sha256': 'c377be02b619c66a44a7506bd1358ddc6c76afe1c5c6cb6ffc077efe61064bd0'}, 'dob': {'date': '1983-06-14T22:32:54.233Z', 'age': 40}, 'registered': {'date': '2005-06-14T05:54:07.374Z', 'age': 18}, 'phone': '071-111-2217', 'cell': '081-049-6496', 'id': {'name': 'PPS', 'value': '6197409T'}, 'picture': {'large': 'https://randomuser.me/api/portraits/men/46.jpg', 'medium': 'https://randomuser.me/api/portraits/med/men/46.jpg', 'thumbnail': 'https://randomuser.me/api/portraits/thumb/men/46.jpg'}, 'nat': 'IE'}</msg>
<arg>${json_data['results'][0]}</arg>
<doc>Logs the given message with the given level.</doc>
<status status="PASS" start="2024-06-10T03:17:01.252593" elapsed="0.000434"/>
</kw>
<kw name="Log" owner="BuiltIn">
<msg time="2024-06-10T03:17:01.253458" level="INFO">name</msg>
<arg>${key}</arg>
<doc>Logs the given message with the given level.</doc>
<status status="PASS" start="2024-06-10T03:17:01.253333" elapsed="0.000163"/>
</kw>
<var name="${key}">name</var>
<status status="PASS" start="2024-06-10T03:17:01.251728" elapsed="0.001986"/>
</iter>
<iter>
<kw name="Dictionary Should Contain Key" owner="Collections">
<msg time="2024-06-10T03:17:01.254373" level="INFO">False</msg>
<arg>${json_data['results'][0]}</arg>
<arg>${key}</arg>
<doc>Fails if ``key`` is not found from ``dictionary``.</doc>
<status status="PASS" start="2024-06-10T03:17:01.254003" elapsed="0.000407"/>
</kw>
<kw name="Log" owner="BuiltIn">
<msg time="2024-06-10T03:17:01.255073" level="INFO">{'gender': 'male', 'name': {'title': 'Mr', 'first': 'Stanley', 'last': 'Jordan'}, 'location': {'street': {'number': 232, 'name': 'Woodlawn Avenue'}, 'city': 'Westport', 'state': 'Dublin City', 'country': 'Ireland', 'postcode': 73915, 'coordinates': {'latitude': '0.5524', 'longitude': '-130.0504'}, 'timezone': {'offset': '+3:00', 'description': 'Baghdad, Riyadh, Moscow, St. Petersburg'}}, 'email': 'stanley.jordan@example.com', 'login': {'uuid': 'e790ff3b-3403-4146-bcf1-2a27f122332b', 'username': 'yellowbutterfly222', 'password': 'roofer', 'salt': 'oqamgqzT', 'md5': '6372c775c9533e519d7f4bc88572090c', 'sha1': '4f146e7ce8732b322dba903847753a70c4e59efd', 'sha256': 'c377be02b619c66a44a7506bd1358ddc6c76afe1c5c6cb6ffc077efe61064bd0'}, 'dob': {'date': '1983-06-14T22:32:54.233Z', 'age': 40}, 'registered': {'date': '2005-06-14T05:54:07.374Z', 'age': 18}, 'phone': '071-111-2217', 'cell': '081-049-6496', 'id': {'name': 'PPS', 'value': '6197409T'}, 'picture': {'large': 'https://randomuser.me/api/portraits/men/46.jpg', 'medium': 'https://randomuser.me/api/portraits/med/men/46.jpg', 'thumbnail': 'https://randomuser.me/api/portraits/thumb/men/46.jpg'}, 'nat': 'IE'}</msg>
<arg>${json_data['results'][0]}</arg>
<doc>Logs the given message with the given level.</doc>
<status status="PASS" start="2024-06-10T03:17:01.254714" elapsed="0.000406"/>
</kw>
<kw name="Log" owner="BuiltIn">
<msg time="2024-06-10T03:17:01.255547" level="INFO">location</msg>
<arg>${key}</arg>
<doc>Logs the given message with the given level.</doc>
<status status="PASS" start="2024-06-10T03:17:01.255421" elapsed="0.000163"/>
</kw>
<var name="${key}">location</var>
<status status="PASS" start="2024-06-10T03:17:01.253891" elapsed="0.001908"/>
</iter>
<iter>
<kw name="Dictionary Should Contain Key" owner="Collections">
<msg time="2024-06-10T03:17:01.256574" level="INFO">False</msg>
<arg>${json_data['results'][0]}</arg>
<arg>${key}</arg>
<doc>Fails if ``key`` is not found from ``dictionary``.</doc>
<status status="PASS" start="2024-06-10T03:17:01.256083" elapsed="0.000530"/>
</kw>
<kw name="Log" owner="BuiltIn">
<msg time="2024-06-10T03:17:01.257293" level="INFO">{'gender': 'male', 'name': {'title': 'Mr', 'first': 'Stanley', 'last': 'Jordan'}, 'location': {'street': {'number': 232, 'name': 'Woodlawn Avenue'}, 'city': 'Westport', 'state': 'Dublin City', 'country': 'Ireland', 'postcode': 73915, 'coordinates': {'latitude': '0.5524', 'longitude': '-130.0504'}, 'timezone': {'offset': '+3:00', 'description': 'Baghdad, Riyadh, Moscow, St. Petersburg'}}, 'email': 'stanley.jordan@example.com', 'login': {'uuid': 'e790ff3b-3403-4146-bcf1-2a27f122332b', 'username': 'yellowbutterfly222', 'password': 'roofer', 'salt': 'oqamgqzT', 'md5': '6372c775c9533e519d7f4bc88572090c', 'sha1': '4f146e7ce8732b322dba903847753a70c4e59efd', 'sha256': 'c377be02b619c66a44a7506bd1358ddc6c76afe1c5c6cb6ffc077efe61064bd0'}, 'dob': {'date': '1983-06-14T22:32:54.233Z', 'age': 40}, 'registered': {'date': '2005-06-14T05:54:07.374Z', 'age': 18}, 'phone': '071-111-2217', 'cell': '081-049-6496', 'id': {'name': 'PPS', 'value': '6197409T'}, 'picture': {'large': 'https://randomuser.me/api/portraits/men/46.jpg', 'medium': 'https://randomuser.me/api/portraits/med/men/46.jpg', 'thumbnail': 'https://randomuser.me/api/portraits/thumb/men/46.jpg'}, 'nat': 'IE'}</msg>
<arg>${json_data['results'][0]}</arg>
<doc>Logs the given message with the given level.</doc>
<status status="PASS" start="2024-06-10T03:17:01.256907" elapsed="0.000434"/>
</kw>
<kw name="Log" owner="BuiltIn">
<msg time="2024-06-10T03:17:01.257764" level="INFO">email</msg>
<arg>${key}</arg>
<doc>Logs the given message with the given level.</doc>
<status status="PASS" start="2024-06-10T03:17:01.257637" elapsed="0.000164"/>
</kw>
<var name="${key}">email</var>
<status status="PASS" start="2024-06-10T03:17:01.255972" elapsed="0.002043"/>
</iter>
<iter>
<kw name="Dictionary Should Contain Key" owner="Collections">
<msg time="2024-06-10T03:17:01.258681" level="INFO">False</msg>
<arg>${json_data['results'][0]}</arg>
<arg>${key}</arg>
<doc>Fails if ``key`` is not found from ``dictionary``.</doc>
<status status="PASS" start="2024-06-10T03:17:01.258301" elapsed="0.000417"/>
</kw>
<kw name="Log" owner="BuiltIn">
<msg time="2024-06-10T03:17:01.259361" level="INFO">{'gender': 'male', 'name': {'title': 'Mr', 'first': 'Stanley', 'last': 'Jordan'}, 'location': {'street': {'number': 232, 'name': 'Woodlawn Avenue'}, 'city': 'Westport', 'state': 'Dublin City', 'country': 'Ireland', 'postcode': 73915, 'coordinates': {'latitude': '0.5524', 'longitude': '-130.0504'}, 'timezone': {'offset': '+3:00', 'description': 'Baghdad, Riyadh, Moscow, St. Petersburg'}}, 'email': 'stanley.jordan@example.com', 'login': {'uuid': 'e790ff3b-3403-4146-bcf1-2a27f122332b', 'username': 'yellowbutterfly222', 'password': 'roofer', 'salt': 'oqamgqzT', 'md5': '6372c775c9533e519d7f4bc88572090c', 'sha1': '4f146e7ce8732b322dba903847753a70c4e59efd', 'sha256': 'c377be02b619c66a44a7506bd1358ddc6c76afe1c5c6cb6ffc077efe61064bd0'}, 'dob': {'date': '1983-06-14T22:32:54.233Z', 'age': 40}, 'registered': {'date': '2005-06-14T05:54:07.374Z', 'age': 18}, 'phone': '071-111-2217', 'cell': '081-049-6496', 'id': {'name': 'PPS', 'value': '6197409T'}, 'picture': {'large': 'https://randomuser.me/api/portraits/men/46.jpg', 'medium': 'https://randomuser.me/api/portraits/med/men/46.jpg', 'thumbnail': 'https://randomuser.me/api/portraits/thumb/men/46.jpg'}, 'nat': 'IE'}</msg>
<arg>${json_data['results'][0]}</arg>
<doc>Logs the given message with the given level.</doc>
<status status="PASS" start="2024-06-10T03:17:01.259012" elapsed="0.000406"/>
</kw>
<kw name="Log" owner="BuiltIn">
<msg time="2024-06-10T03:17:01.259832" level="INFO">login</msg>
<arg>${key}</arg>
<doc>Logs the given message with the given level.</doc>
<status status="PASS" start="2024-06-10T03:17:01.259707" elapsed="0.000161"/>
</kw>
<var name="${key}">login</var>
<status status="PASS" start="2024-06-10T03:17:01.258189" elapsed="0.001918"/>
</iter>
<var>${key}</var>
<value>@{expected_keys}</value>
<status status="PASS" start="2024-06-10T03:17:01.249390" elapsed="0.010840"/>
</for>
<kw name="Create List" owner="BuiltIn">
<msg time="2024-06-10T03:17:01.260563" level="INFO">${expected_keysTwo} = ['username', 'password']</msg>
<var>${expected_keysTwo}</var>
<arg>username</arg>
<arg>password</arg>
<doc>Returns a list containing given items.</doc>
<status status="PASS" start="2024-06-10T03:17:01.260427" elapsed="0.000160"/>
</kw>
<for flavor="IN">
<iter>
<kw name="Dictionary Should Contain Key" owner="Collections">
<msg time="2024-06-10T03:17:01.261516" level="INFO">False</msg>
<arg>${json_data['results'][0]['login']}</arg>
<arg>${keyTwo}</arg>
<doc>Fails if ``key`` is not found from ``dictionary``.</doc>
<status status="PASS" start="2024-06-10T03:17:01.261134" elapsed="0.000418"/>
</kw>
<kw name="Dictionary Should Contain Key" owner="Collections">
<msg time="2024-06-10T03:17:01.262233" level="INFO">False</msg>
<arg>${json_data['results'][0]['login']}</arg>
<arg>${keyTwo}</arg>
<doc>Fails if ``key`` is not found from ``dictionary``.</doc>
<status status="PASS" start="2024-06-10T03:17:01.261849" elapsed="0.000422"/>
</kw>
<kw name="Log" owner="BuiltIn">
<msg time="2024-06-10T03:17:01.262690" level="INFO">username</msg>
<arg>${keyTwo}</arg>
<doc>Logs the given message with the given level.</doc>
<status status="PASS" start="2024-06-10T03:17:01.262563" elapsed="0.000164"/>
</kw>
<var name="${keyTwo}">username</var>
<status status="PASS" start="2024-06-10T03:17:01.261008" elapsed="0.001931"/>
</iter>
<iter>
<kw name="Dictionary Should Contain Key" owner="Collections">
<msg time="2024-06-10T03:17:01.263608" level="INFO">False</msg>
<arg>${json_data['results'][0]['login']}</arg>
<arg>${keyTwo}</arg>
<doc>Fails if ``key`` is not found from ``dictionary``.</doc>
<status status="PASS" start="2024-06-10T03:17:01.263219" elapsed="0.000425"/>
</kw>
<kw name="Dictionary Should Contain Key" owner="Collections">
<msg time="2024-06-10T03:17:01.264309" level="INFO">False</msg>
<arg>${json_data['results'][0]['login']}</arg>
<arg>${keyTwo}</arg>
<doc>Fails if ``key`` is not found from ``dictionary``.</doc>
<status status="PASS" start="2024-06-10T03:17:01.263931" elapsed="0.000413"/>
</kw>
<kw name="Log" owner="BuiltIn">
<msg time="2024-06-10T03:17:01.264756" level="INFO">password</msg>
<arg>${keyTwo}</arg>
<doc>Logs the given message with the given level.</doc>
<status status="PASS" start="2024-06-10T03:17:01.264631" elapsed="0.000161"/>
</kw>
<var name="${keyTwo}">password</var>
<status status="PASS" start="2024-06-10T03:17:01.263108" elapsed="0.001928"/>
</iter>
<var>${keyTwo}</var>
<value>@{expected_keysTwo}</value>
<status status="PASS" start="2024-06-10T03:17:01.260822" elapsed="0.004337"/>
</for>
<status status="PASS" start="2024-06-10T03:17:01.158834" elapsed="0.106467"/>
</kw>
<doc>Testa a estrutura da resposta da API.</doc>
<tag>testeEstruturaResposta</tag>
<status status="PASS" start="2024-06-10T03:17:01.158328" elapsed="0.107131"/>
</test>
<test id="s1-s1-t4" name="Validar tipos de dados" line="28">
<kw name="Teste de Tipos de Dados" owner="random-user-service">
<kw name="GET On Session" owner="RequestsLibrary">
<msg time="2024-06-10T03:17:01.305013" level="INFO">GET Request : url=https://randomuser.me/api 
 path_url=/api 
 headers={'User-Agent': 'python-requests/2.32.3', 'Accept-Encoding': 'gzip, deflate', 'Accept': '*/*', 'Connection': 'keep-alive'} 
 body=None 
 </msg>
<msg time="2024-06-10T03:17:01.305084" level="INFO">GET Response : url=https://randomuser.me/api 
 status=200, reason=OK 
 headers={'Date': 'Mon, 10 Jun 2024 03:17:01 GMT', 'Content-Type': 'application/json; charset=utf-8', 'Transfer-Encoding': 'chunked', 'Connection': 'keep-alive', 'X-Powered-By': 'Express', 'Access-Control-Allow-Origin': '*', 'Cache-Control': 'no-cache', 'ETag': 'W/"48f-L6oZPljeAbnZqxVmCTZa+4wZlPs"', 'Vary': 'Accept-Encoding', 'Content-Encoding': 'gzip', 'CF-Cache-Status': 'DYNAMIC', 'Report-To': '{"endpoints":[{"url":"https:\\/\\/a.nel.cloudflare.com\\/report\\/v4?s=JDyOTR4q73ZzkDCqbYcqtXY9LqBcLMbW%2FACbzsTF%2F1LVck%2Ft6K20%2F0nvleT2Zlsj%2F3UPxkHh7QVqYrH5RC7UHQrpPEtbEz6TBT2pM6s3W%2BhfYkE9AZfuoJMa4YZzp9Id"}],"group":"cf-nel","max_age":604800}', 'NEL': '{"success_fraction":0,"report_to":"cf-nel","max_age":604800}', 'Server': 'cloudflare', 'CF-RAY': '891634baf8be1786-IAD', 'alt-svc': 'h3=":443"; ma=86400'} 
 body={"results":[{"gender":"female","name":{"title":"Mrs","first":"Adrize","last":"Fernandes"},"location":{"street":{"number":859,"name":"Rua Pará "},"city":"São Caetano do Sul","state":"Alagoas","country":"Brazil","postcode":95782,"coordinates":{"latitude":"-77.8770","longitude":"134.9190"},"timezone":{"offset":"-9:00","description":"Alaska"}},"email":"adrize.fernandes@example.com","login":{"uuid":"068117d1-f835-4e71-9a59-9f449f568ec6","username":"orangemeercat995","password":"females","salt":"Gow3Bh2N","md5":"1e1574bf8c9b0de450d40872f6bce0fe","sha1":"038a85f81106b71f3ab42f99ed417af9d5024c60","sha256":"177dd41d5a24c91769f15de2dc51c05be866aff16623c90e78ba966d34424b75"},"dob":{"date":"1961-01-27T07:21:22.566Z","age":63},"registered":{"date":"2008-03-09T07:20:40.741Z","age":16},"phone":"(93) 3597-3355","cell":"(91) 8071-8929","id":{"name":"CPF","value":"794.610.330-75"},"picture":{"large":"https://randomuser.me/api/portraits/women/60.jpg","medium":"https://randomuser.me/api/portraits/med/women/60.jpg","thumbnail":"https://randomuser.me/api/portraits/thumb/women/60.jpg"},"nat":"BR"}],"info":{"seed":"5cfb1f68f726f19a","results":1,"page":1,"version":"1.4"}} 
 </msg>
<msg time="2024-06-10T03:17:01.305145" level="INFO">/opt/hostedtoolcache/Python/3.12.3/x64/lib/python3.12/site-packages/urllib3/connectionpool.py:1103: InsecureRequestWarning: Unverified HTTPS request is being made to host 'randomuser.me'. Adding certificate verification is strongly advised. See: https://urllib3.readthedocs.io/en/latest/advanced-usage.html#tls-warnings
  warnings.warn(</msg>
<msg time="2024-06-10T03:17:01.305232" level="INFO">${response} = &lt;Response [200]&gt;</msg>
<var>${response}</var>
<arg>consultarAPI</arg>
<arg>/api</arg>
<doc>Sends a GET request on a previously created HTTP Session.</doc>
<status status="PASS" start="2024-06-10T03:17:01.268006" elapsed="0.037253"/>
</kw>
<kw name="Set Variable" owner="BuiltIn">
<msg time="2024-06-10T03:17:01.306195" level="INFO">${json_data} = {'results': [{'gender': 'female', 'name': {'title': 'Mrs', 'first': 'Adrize', 'last': 'Fernandes'}, 'location': {'street': {'number': 859, 'name': 'Rua Pará '}, 'city': 'São Caetano do Sul', 'state': ...</msg>
<var>${json_data}</var>
<arg>${response.json()}</arg>
<doc>Returns the given values which can then be assigned to a variables.</doc>
<status status="PASS" start="2024-06-10T03:17:01.305726" elapsed="0.000497"/>
</kw>
<kw name="Log" owner="BuiltIn">
<msg time="2024-06-10T03:17:01.306695" level="INFO">{'results': [{'gender': 'female', 'name': {'title': 'Mrs', 'first': 'Adrize', 'last': 'Fernandes'}, 'location': {'street': {'number': 859, 'name': 'Rua Pará '}, 'city': 'São Caetano do Sul', 'state': 'Alagoas', 'country': 'Brazil', 'postcode': 95782, 'coordinates': {'latitude': '-77.8770', 'longitude': '134.9190'}, 'timezone': {'offset': '-9:00', 'description': 'Alaska'}}, 'email': 'adrize.fernandes@example.com', 'login': {'uuid': '068117d1-f835-4e71-9a59-9f449f568ec6', 'username': 'orangemeercat995', 'password': 'females', 'salt': 'Gow3Bh2N', 'md5': '1e1574bf8c9b0de450d40872f6bce0fe', 'sha1': '038a85f81106b71f3ab42f99ed417af9d5024c60', 'sha256': '177dd41d5a24c91769f15de2dc51c05be866aff16623c90e78ba966d34424b75'}, 'dob': {'date': '1961-01-27T07:21:22.566Z', 'age': 63}, 'registered': {'date': '2008-03-09T07:20:40.741Z', 'age': 16}, 'phone': '(93) 3597-3355', 'cell': '(91) 8071-8929', 'id': {'name': 'CPF', 'value': '794.610.330-75'}, 'picture': {'large': 'https://randomuser.me/api/portraits/women/60.jpg', 'medium': 'https://randomuser.me/api/portraits/med/women/60.jpg', 'thumbnail': 'https://randomuser.me/api/portraits/thumb/women/60.jpg'}, 'nat': 'BR'}], 'info': {'seed': '5cfb1f68f726f19a', 'results': 1, 'page': 1, 'version': '1.4'}}</msg>
<arg>${json_data}</arg>
<doc>Logs the given message with the given level.</doc>
<status status="PASS" start="2024-06-10T03:17:01.306536" elapsed="0.000242"/>
</kw>
<kw name="Should Be String" owner="String">
<arg>${json_data['results'][0]['gender']}</arg>
<doc>Fails if the given ``item`` is not a string.</doc>
<status status="PASS" start="2024-06-10T03:17:01.307082" elapsed="0.000357"/>
</kw>
<kw name="Should Match Regexp" owner="BuiltIn">
<arg>${json_data['results'][0]['email']}</arg>
<arg>^[a-zA-Z0-9._%+-]+@[a-zA-Z0-9.-]+\.[a-zA-Z]{2,}$</arg>
<doc>Fails if ``string`` does not match ``pattern`` as a regular expression.</doc>
<status status="PASS" start="2024-06-10T03:17:01.307630" elapsed="0.000648"/>
</kw>
<kw name="Should Match Regexp" owner="BuiltIn">
<arg>${json_data['results'][0]['dob']['date']}</arg>
<arg>\\d{4}-\\d{2}-\\d{2}T\\d{2}:\\d{2}:\\d{2}\\.\\d{3}Z</arg>
<doc>Fails if ``string`` does not match ``pattern`` as a regular expression.</doc>
<status status="PASS" start="2024-06-10T03:17:01.308474" elapsed="0.000477"/>
</kw>
<kw name="Should Match Regexp" owner="BuiltIn">
<arg>${json_data['results'][0]['registered']['date']}</arg>
<arg>\\d{4}-\\d{2}-\\d{2}T\\d{2}:\\d{2}:\\d{2}\\.\\d{3}Z</arg>
<doc>Fails if ``string`` does not match ``pattern`` as a regular expression.</doc>
<status status="PASS" start="2024-06-10T03:17:01.309192" elapsed="0.000367"/>
</kw>
<kw name="Should Match Regexp" owner="BuiltIn">
<arg>${json_data['results'][0]['picture']['large']}</arg>
<arg>^https?://.*\.(?:png|jpe?g|gif|bmp)$</arg>
<doc>Fails if ``string`` does not match ``pattern`` as a regular expression.</doc>
<status status="PASS" start="2024-06-10T03:17:01.309746" elapsed="0.000459"/>
</kw>
<kw name="Should Match Regexp" owner="BuiltIn">
<arg>${json_data['results'][0]['picture']['medium']}</arg>
<arg>^https?://.*\.(?:png|jpe?g|gif|bmp)$</arg>
<doc>Fails if ``string`` does not match ``pattern`` as a regular expression.</doc>
<status status="PASS" start="2024-06-10T03:17:01.310407" elapsed="0.000347"/>
</kw>
<kw name="Should Match Regexp" owner="BuiltIn">
<arg>${json_data['results'][0]['picture']['thumbnail']}</arg>
<arg>^https?://.*\.(?:png|jpe?g|gif|bmp)$</arg>
<doc>Fails if ``string`` does not match ``pattern`` as a regular expression.</doc>
<status status="PASS" start="2024-06-10T03:17:01.310949" elapsed="0.000343"/>
</kw>
<kw name="Log" owner="BuiltIn">
<msg time="2024-06-10T03:17:01.311788" level="INFO">{'large': 'https://randomuser.me/api/portraits/women/60.jpg', 'medium': 'https://randomuser.me/api/portraits/med/women/60.jpg', 'thumbnail': 'https://randomuser.me/api/portraits/thumb/women/60.jpg'}</msg>
<arg>${json_data['results'][0]['picture']}</arg>
<doc>Logs the given message with the given level.</doc>
<status status="PASS" start="2024-06-10T03:17:01.311472" elapsed="0.000357"/>
</kw>
<status status="PASS" start="2024-06-10T03:17:01.267768" elapsed="0.044313"/>
</kw>
<kw name="Teste de Tipos de Dados - Postcode" owner="random-user-service">
<kw name="GET On Session" owner="RequestsLibrary">
<msg time="2024-06-10T03:17:01.482075" level="INFO">GET Request : url=https://randomuser.me/api 
 path_url=/api 
 headers={'User-Agent': 'python-requests/2.32.3', 'Accept-Encoding': 'gzip, deflate', 'Accept': '*/*', 'Connection': 'keep-alive'} 
 body=None 
 </msg>
<msg time="2024-06-10T03:17:01.482171" level="INFO">GET Response : url=https://randomuser.me/api 
 status=200, reason=OK 
 headers={'Date': 'Mon, 10 Jun 2024 03:17:01 GMT', 'Content-Type': 'application/json; charset=utf-8', 'Transfer-Encoding': 'chunked', 'Connection': 'keep-alive', 'X-Powered-By': 'Express', 'Access-Control-Allow-Origin': '*', 'Cache-Control': 'no-cache', 'ETag': 'W/"49f-dG/hawfsfQOGc4vY0hiPbUvX7x8"', 'Vary': 'Accept-Encoding', 'Content-Encoding': 'gzip', 'CF-Cache-Status': 'DYNAMIC', 'Report-To': '{"endpoints":[{"url":"https:\\/\\/a.nel.cloudflare.com\\/report\\/v4?s=h4AXxU8%2Fm3ji0arRASqkj1IPxeRUBZYaCFY3atu2A9Sq3ydr7oeCKGTYQ3qlT1FP8Sa9SsU6OfqejfseuvZXeyOTLHtaUwOhFmELn7ROP9aCJGBX3lVCxcn0DJ04BZMs"}],"group":"cf-nel","max_age":604800}', 'NEL': '{"success_fraction":0,"report_to":"cf-nel","max_age":604800}', 'Server': 'cloudflare', 'CF-RAY': '891634bb38f81786-IAD', 'alt-svc': 'h3=":443"; ma=86400'} 
 body={"results":[{"gender":"male","name":{"title":"Monsieur","first":"Benno","last":"Guillot"},"location":{"street":{"number":2431,"name":"Rue Denfert-Rochereau"},"city":"Bière","state":"Aargau","country":"Switzerland","postcode":4407,"coordinates":{"latitude":"-61.8569","longitude":"-21.9442"},"timezone":{"offset":"+8:00","description":"Beijing, Perth, Singapore, Hong Kong"}},"email":"benno.guillot@example.com","login":{"uuid":"16d3a10f-d384-4370-8fce-05da6788ef75","username":"smalltiger115","password":"xing","salt":"2mFsnDcX","md5":"7f0c6199f751624f7234c514313e7610","sha1":"3ec7f25cbb0a57ac7b634c725a360282aebda2ad","sha256":"9fc07852dcdb7e7a6a86d94563a5a7e6fb668e38e48d678dd72a1c8e3e664d36"},"dob":{"date":"1964-06-25T03:13:16.796Z","age":59},"registered":{"date":"2018-09-14T15:54:10.011Z","age":5},"phone":"077 559 94 39","cell":"075 193 35 76","id":{"name":"AVS","value":"756.9962.7796.89"},"picture":{"large":"https://randomuser.me/api/portraits/men/63.jpg","medium":"https://randomuser.me/api/portraits/med/men/63.jpg","thumbnail":"https://randomuser.me/api/portraits/thumb/men/63.jpg"},"nat":"CH"}],"info":{"seed":"90c5c8102298c202","results":1,"page":1,"version":"1.4"}} 
 </msg>
<msg time="2024-06-10T03:17:01.482249" level="INFO">/opt/hostedtoolcache/Python/3.12.3/x64/lib/python3.12/site-packages/urllib3/connectionpool.py:1103: InsecureRequestWarning: Unverified HTTPS request is being made to host 'randomuser.me'. Adding certificate verification is strongly advised. See: https://urllib3.readthedocs.io/en/latest/advanced-usage.html#tls-warnings
  warnings.warn(</msg>
<msg time="2024-06-10T03:17:01.482361" level="INFO">${response} = &lt;Response [200]&gt;</msg>
<var>${response}</var>
<arg>consultarAPI</arg>
<arg>/api</arg>
<doc>Sends a GET request on a previously created HTTP Session.</doc>
<status status="PASS" start="2024-06-10T03:17:01.312517" elapsed="0.169882"/>
</kw>
<kw name="Set Variable" owner="BuiltIn">
<msg time="2024-06-10T03:17:01.483261" level="INFO">${json_data} = {'results': [{'gender': 'male', 'name': {'title': 'Monsieur', 'first': 'Benno', 'last': 'Guillot'}, 'location': {'street': {'number': 2431, 'name': 'Rue Denfert-Rochereau'}, 'city': 'Bière', 'state': ...</msg>
<var>${json_data}</var>
<arg>${response.json()}</arg>
<doc>Returns the given values which can then be assigned to a variables.</doc>
<status status="PASS" start="2024-06-10T03:17:01.482801" elapsed="0.000490"/>
</kw>
<kw name="Log" owner="BuiltIn">
<msg time="2024-06-10T03:17:01.483757" level="INFO">{'results': [{'gender': 'male', 'name': {'title': 'Monsieur', 'first': 'Benno', 'last': 'Guillot'}, 'location': {'street': {'number': 2431, 'name': 'Rue Denfert-Rochereau'}, 'city': 'Bière', 'state': 'Aargau', 'country': 'Switzerland', 'postcode': 4407, 'coordinates': {'latitude': '-61.8569', 'longitude': '-21.9442'}, 'timezone': {'offset': '+8:00', 'description': 'Beijing, Perth, Singapore, Hong Kong'}}, 'email': 'benno.guillot@example.com', 'login': {'uuid': '16d3a10f-d384-4370-8fce-05da6788ef75', 'username': 'smalltiger115', 'password': 'xing', 'salt': '2mFsnDcX', 'md5': '7f0c6199f751624f7234c514313e7610', 'sha1': '3ec7f25cbb0a57ac7b634c725a360282aebda2ad', 'sha256': '9fc07852dcdb7e7a6a86d94563a5a7e6fb668e38e48d678dd72a1c8e3e664d36'}, 'dob': {'date': '1964-06-25T03:13:16.796Z', 'age': 59}, 'registered': {'date': '2018-09-14T15:54:10.011Z', 'age': 5}, 'phone': '077 559 94 39', 'cell': '075 193 35 76', 'id': {'name': 'AVS', 'value': '756.9962.7796.89'}, 'picture': {'large': 'https://randomuser.me/api/portraits/men/63.jpg', 'medium': 'https://randomuser.me/api/portraits/med/men/63.jpg', 'thumbnail': 'https://randomuser.me/api/portraits/thumb/men/63.jpg'}, 'nat': 'CH'}], 'info': {'seed': '90c5c8102298c202', 'results': 1, 'page': 1, 'version': '1.4'}}</msg>
<arg>${json_data}</arg>
<doc>Logs the given message with the given level.</doc>
<status status="PASS" start="2024-06-10T03:17:01.483600" elapsed="0.000241"/>
</kw>
<kw name="Should Be Equal As Numbers" owner="BuiltIn">
<arg>${json_data['results'][0]['location']['postcode']}</arg>
<arg>${json_data['results'][0]['location']['postcode']}</arg>
<doc>Fails if objects are unequal after converting them to real numbers.</doc>
<status status="PASS" start="2024-06-10T03:17:01.484144" elapsed="0.000613"/>
</kw>
<kw name="Log" owner="BuiltIn">
<msg time="2024-06-10T03:17:01.485365" level="INFO">4407</msg>
<arg>${json_data['results'][0]['location']['postcode']}</arg>
<doc>Logs the given message with the given level.</doc>
<status status="PASS" start="2024-06-10T03:17:01.484949" elapsed="0.000458"/>
</kw>
<status status="PASS" start="2024-06-10T03:17:01.312297" elapsed="0.173364"/>
</kw>
<doc>Testa se os tipos de dados na resposta da API estão corretos.</doc>
<tag>testeTiposDados</tag>
<status status="PASS" start="2024-06-10T03:17:01.267245" elapsed="0.218585"/>
</test>
<test id="s1-s1-t5" name="Validar conteudo" line="35">
<kw name="Teste de Tipos de Conteudo" owner="random-user-service">
<kw name="GET On Session" owner="RequestsLibrary">
<msg time="2024-06-10T03:17:01.542640" level="INFO">GET Request : url=https://randomuser.me/api 
 path_url=/api 
 headers={'User-Agent': 'python-requests/2.32.3', 'Accept-Encoding': 'gzip, deflate', 'Accept': '*/*', 'Connection': 'keep-alive'} 
 body=None 
 </msg>
<msg time="2024-06-10T03:17:01.542703" level="INFO">GET Response : url=https://randomuser.me/api 
 status=200, reason=OK 
 headers={'Date': 'Mon, 10 Jun 2024 03:17:01 GMT', 'Content-Type': 'application/json; charset=utf-8', 'Transfer-Encoding': 'chunked', 'Connection': 'keep-alive', 'X-Powered-By': 'Express', 'Access-Control-Allow-Origin': '*', 'Cache-Control': 'no-cache', 'ETag': 'W/"474-abeZjg1q1KkFlNeoE7gaH5tI7ds"', 'Vary': 'Accept-Encoding', 'Content-Encoding': 'gzip', 'CF-Cache-Status': 'DYNAMIC', 'Report-To': '{"endpoints":[{"url":"https:\\/\\/a.nel.cloudflare.com\\/report\\/v4?s=h4cEoswIAKlv%2BYTNu0yzfQjktux5rpwxx9BFpTotNEe9xOmTApauX4xhrSRsjMbbK48vKAdM%2FcYcaRKy4xnE0xhrF78VCT8kci0DIKiI%2FKYuMztWnL9PqYq5vpNcrWww"}],"group":"cf-nel","max_age":604800}', 'NEL': '{"success_fraction":0,"report_to":"cf-nel","max_age":604800}', 'Server': 'cloudflare', 'CF-RAY': '891634bc5a0f1786-IAD', 'alt-svc': 'h3=":443"; ma=86400'} 
 body={"results":[{"gender":"male","name":{"title":"Mr","first":"Philip","last":"Lavoie"},"location":{"street":{"number":7802,"name":"Concession Road 6"},"city":"Killarney","state":"Alberta","country":"Canada","postcode":"G0V 5S2","coordinates":{"latitude":"-71.0102","longitude":"-20.5416"},"timezone":{"offset":"+4:30","description":"Kabul"}},"email":"philip.lavoie@example.com","login":{"uuid":"c8ac5701-5549-4acb-a84c-fddb21382060","username":"brownsnake958","password":"kenwood","salt":"ttqMPXTy","md5":"b9a0a352ec6433c0262e76406b2fa746","sha1":"6f0cb98946fbc51f47b9a1f12caf8e99af667e19","sha256":"ac63be6720d6a2da3a1e825a8aa9cc75027bc117cb9ac3f702b550ad6c50a270"},"dob":{"date":"1991-01-12T12:03:15.935Z","age":33},"registered":{"date":"2019-04-11T09:39:19.719Z","age":5},"phone":"D12 O10-4010","cell":"M33 S14-9922","id":{"name":"SIN","value":"580130730"},"picture":{"large":"https://randomuser.me/api/portraits/men/73.jpg","medium":"https://randomuser.me/api/portraits/med/men/73.jpg","thumbnail":"https://randomuser.me/api/portraits/thumb/men/73.jpg"},"nat":"CA"}],"info":{"seed":"852cca72abda7fca","results":1,"page":1,"version":"1.4"}} 
 </msg>
<msg time="2024-06-10T03:17:01.542758" level="INFO">/opt/hostedtoolcache/Python/3.12.3/x64/lib/python3.12/site-packages/urllib3/connectionpool.py:1103: InsecureRequestWarning: Unverified HTTPS request is being made to host 'randomuser.me'. Adding certificate verification is strongly advised. See: https://urllib3.readthedocs.io/en/latest/advanced-usage.html#tls-warnings
  warnings.warn(</msg>
<msg time="2024-06-10T03:17:01.542844" level="INFO">${response} = &lt;Response [200]&gt;</msg>
<var>${response}</var>
<arg>consultarAPI</arg>
<arg>/api</arg>
<doc>Sends a GET request on a previously created HTTP Session.</doc>
<status status="PASS" start="2024-06-10T03:17:01.488265" elapsed="0.054608"/>
</kw>
<kw name="Set Variable" owner="BuiltIn">
<msg time="2024-06-10T03:17:01.543679" level="INFO">${json_data} = {'results': [{'gender': 'male', 'name': {'title': 'Mr', 'first': 'Philip', 'last': 'Lavoie'}, 'location': {'street': {'number': 7802, 'name': 'Concession Road 6'}, 'city': 'Killarney', 'state': 'Alber...</msg>
<var>${json_data}</var>
<arg>${response.json()}</arg>
<doc>Returns the given values which can then be assigned to a variables.</doc>
<status status="PASS" start="2024-06-10T03:17:01.543245" elapsed="0.000462"/>
</kw>
<kw name="Set Variable" owner="BuiltIn">
<msg time="2024-06-10T03:17:01.544383" level="INFO">${name_title} = Mr</msg>
<var>${name_title}</var>
<arg>${json_data["results"][0]["name"]["title"]}</arg>
<doc>Returns the given values which can then be assigned to a variables.</doc>
<status status="PASS" start="2024-06-10T03:17:01.544007" elapsed="0.000402"/>
</kw>
<kw name="Create List" owner="BuiltIn">
<msg time="2024-06-10T03:17:01.544876" level="INFO">${allowed_titles} = ['Mr', 'Ms', 'Miss', 'Mrs', 'Madame', 'Monsieur']</msg>
<var>${allowed_titles}</var>
<arg>Mr</arg>
<arg>Ms</arg>
<arg>Miss</arg>
<arg>Mrs</arg>
<arg>Madame</arg>
<arg>Monsieur</arg>
<doc>Returns a list containing given items.</doc>
<status status="PASS" start="2024-06-10T03:17:01.544716" elapsed="0.000185"/>
</kw>
<kw name="List Should Contain Value" owner="Collections">
<msg time="2024-06-10T03:17:01.545448" level="INFO">False</msg>
<arg>${allowed_titles}</arg>
<arg>${name_title}</arg>
<doc>Fails if the ``value`` is not found from ``list``.</doc>
<status status="PASS" start="2024-06-10T03:17:01.545272" elapsed="0.000213"/>
</kw>
<kw name="Set Variable" owner="BuiltIn">
<msg time="2024-06-10T03:17:01.546291" level="INFO">${name_country} = CA</msg>
<var>${name_country}</var>
<arg>${json_data["results"][0]["nat"]}</arg>
<doc>Returns the given values which can then be assigned to a variables.</doc>
<status status="PASS" start="2024-06-10T03:17:01.545781" elapsed="0.000535"/>
</kw>
<kw name="Create List" owner="BuiltIn">
<msg time="2024-06-10T03:17:01.547234" level="INFO">${list_country} = ['AD', 'AE', 'AF', 'AG', 'AI', 'AL', 'AM', 'AO', 'AQ', 'AR', 'AS', 'AT', 'AU', 'AW', 'AX', 'AZ', 'BA', 'BB', 'BD', 'BE', 'BF', 'BG', 'BH', 'BI', 'BJ', 'BL', 'BM', 'BN', 'BO', 'BQ', 'BR', 'BS', 'BT', '...</msg>
<var>${list_country}</var>
<arg>AD</arg>
<arg>AE</arg>
<arg>AF</arg>
<arg>AG</arg>
<arg>AI</arg>
<arg>AL</arg>
<arg>AM</arg>
<arg>AO</arg>
<arg>AQ</arg>
<arg>AR</arg>
<arg>AS</arg>
<arg>AT</arg>
<arg>AU</arg>
<arg>AW</arg>
<arg>AX</arg>
<arg>AZ</arg>
<arg>BA</arg>
<arg>BB</arg>
<arg>BD</arg>
<arg>BE</arg>
<arg>BF</arg>
<arg>BG</arg>
<arg>BH</arg>
<arg>BI</arg>
<arg>BJ</arg>
<arg>BL</arg>
<arg>BM</arg>
<arg>BN</arg>
<arg>BO</arg>
<arg>BQ</arg>
<arg>BR</arg>
<arg>BS</arg>
<arg>BT</arg>
<arg>BV</arg>
<arg>BW</arg>
<arg>BY</arg>
<arg>BZ</arg>
<arg>CA</arg>
<arg>CC</arg>
<arg>CD</arg>
<arg>CF</arg>
<arg>CG</arg>
<arg>CH</arg>
<arg>CI</arg>
<arg>CK</arg>
<arg>CL</arg>
<arg>CM</arg>
<arg>CN</arg>
<arg>CO</arg>
<arg>CR</arg>
<arg>CU</arg>
<arg>CV</arg>
<arg>CW</arg>
<arg>CX</arg>
<arg>CY</arg>
<arg>CZ</arg>
<arg>DE</arg>
<arg>DJ</arg>
<arg>DK</arg>
<arg>DM</arg>
<arg>DO</arg>
<arg>DZ</arg>
<arg>EC</arg>
<arg>EE</arg>
<arg>EG</arg>
<arg>EH</arg>
<arg>ER</arg>
<arg>ES</arg>
<arg>ET</arg>
<arg>FI</arg>
<arg>FJ</arg>
<arg>FK</arg>
<arg>FM</arg>
<arg>FO</arg>
<arg>FR</arg>
<arg>GA</arg>
<arg>GB</arg>
<arg>GD</arg>
<arg>GE</arg>
<arg>GF</arg>
<arg>GG</arg>
<arg>GH</arg>
<arg>GI</arg>
<arg>GL</arg>
<arg>GM</arg>
<arg>GN</arg>
<arg>GP</arg>
<arg>GQ</arg>
<arg>GR</arg>
<arg>GS</arg>
<arg>GT</arg>
<arg>GU</arg>
<arg>GW</arg>
<arg>GY</arg>
<arg>HK</arg>
<arg>HM</arg>
<arg>HN</arg>
<arg>HR</arg>
<arg>HT</arg>
<arg>HU</arg>
<arg>ID</arg>
<arg>IE</arg>
<arg>IL</arg>
<arg>IM</arg>
<arg>IN</arg>
<arg>IO</arg>
<arg>IQ</arg>
<arg>IR</arg>
<arg>IS</arg>
<arg>IT</arg>
<arg>JE</arg>
<arg>JM</arg>
<arg>JO</arg>
<arg>JP</arg>
<arg>KE</arg>
<arg>KG</arg>
<arg>KH</arg>
<arg>KI</arg>
<arg>KM</arg>
<arg>KN</arg>
<arg>KP</arg>
<arg>KR</arg>
<arg>KW</arg>
<arg>KY</arg>
<arg>KZ</arg>
<arg>LA</arg>
<arg>LB</arg>
<arg>LC</arg>
<arg>LI</arg>
<arg>LK</arg>
<arg>LR</arg>
<arg>LS</arg>
<arg>LT</arg>
<arg>LU</arg>
<arg>LV</arg>
<arg>LY</arg>
<arg>MA</arg>
<arg>MC</arg>
<arg>MD</arg>
<arg>ME</arg>
<arg>MF</arg>
<arg>MG</arg>
<arg>MH</arg>
<arg>MK</arg>
<arg>ML</arg>
<arg>MM</arg>
<arg>MN</arg>
<arg>MO</arg>
<arg>MP</arg>
<arg>MQ</arg>
<arg>MR</arg>
<arg>MS</arg>
<arg>MT</arg>
<arg>MU</arg>
<arg>MV</arg>
<arg>MW</arg>
<arg>MX</arg>
<arg>MY</arg>
<arg>MZ</arg>
<arg>NA</arg>
<arg>NC</arg>
<arg>NE</arg>
<arg>NF</arg>
<arg>NG</arg>
<arg>NI</arg>
<arg>NL</arg>
<arg>NO</arg>
<arg>NP</arg>
<arg>NR</arg>
<arg>NU</arg>
<arg>NZ</arg>
<arg>OM</arg>
<arg>PA</arg>
<arg>PE</arg>
<arg>PF</arg>
<arg>PG</arg>
<arg>PH</arg>
<arg>PK</arg>
<arg>PL</arg>
<arg>PM</arg>
<arg>PN</arg>
<arg>PR</arg>
<arg>PS</arg>
<arg>PT</arg>
<arg>PW</arg>
<arg>PY</arg>
<arg>QA</arg>
<arg>RE</arg>
<arg>RO</arg>
<arg>RS</arg>
<arg>RU</arg>
<arg>RW</arg>
<arg>SA</arg>
<arg>SB</arg>
<arg>SC</arg>
<arg>SD</arg>
<arg>SE</arg>
<arg>SG</arg>
<arg>SH</arg>
<arg>SI</arg>
<arg>SJ</arg>
<arg>SK</arg>
<arg>SL</arg>
<arg>SM</arg>
<arg>SN</arg>
<arg>SO</arg>
<arg>SR</arg>
<arg>SS</arg>
<arg>ST</arg>
<arg>SV</arg>
<arg>SX</arg>
<arg>SY</arg>
<arg>SZ</arg>
<arg>TC</arg>
<arg>TD</arg>
<arg>TF</arg>
<arg>TG</arg>
<arg>TH</arg>
<arg>TJ</arg>
<arg>TK</arg>
<arg>TL</arg>
<arg>TM</arg>
<arg>TN</arg>
<arg>TO</arg>
<arg>TR</arg>
<arg>TT</arg>
<arg>TV</arg>
<arg>TW</arg>
<arg>TZ</arg>
<arg>UA</arg>
<arg>UG</arg>
<arg>UM</arg>
<arg>US</arg>
<arg>UY</arg>
<arg>UZ</arg>
<arg>VA</arg>
<arg>VC</arg>
<arg>VE</arg>
<arg>VG</arg>
<arg>VI</arg>
<arg>VN</arg>
<arg>VU</arg>
<arg>WF</arg>
<arg>WS</arg>
<arg>XK</arg>
<arg>YE</arg>
<arg>YT</arg>
<arg>ZA</arg>
<arg>ZM</arg>
<arg>ZW</arg>
<doc>Returns a list containing given items.</doc>
<status status="PASS" start="2024-06-10T03:17:01.546635" elapsed="0.000625"/>
</kw>
<kw name="List Should Contain Value" owner="Collections">
<msg time="2024-06-10T03:17:01.548249" level="INFO">False</msg>
<arg>${list_country}</arg>
<arg>${name_country}</arg>
<doc>Fails if the ``value`` is not found from ``list``.</doc>
<status status="PASS" start="2024-06-10T03:17:01.548047" elapsed="0.000236"/>
</kw>
<kw name="Run Keyword If" owner="BuiltIn">
<kw name="Should Be True" owner="BuiltIn">
<arg>${True}</arg>
<doc>Fails if the given condition is not true.</doc>
<status status="PASS" start="2024-06-10T03:17:01.549369" elapsed="0.000147"/>
</kw>
<arg>${json_data["results"][0]["location"]["coordinates"]["latitude"]} &gt;= -90 and ${json_data["results"][0]["location"]["coordinates"]["latitude"]} &lt;= 90</arg>
<arg>Should Be True</arg>
<arg>${True}</arg>
<doc>Runs the given keyword with the given arguments, if ``condition`` is true.</doc>
<status status="PASS" start="2024-06-10T03:17:01.548594" elapsed="0.001048"/>
</kw>
<kw name="Run Keyword If" owner="BuiltIn">
<kw name="Should Be True" owner="BuiltIn">
<arg>${True}</arg>
<doc>Fails if the given condition is not true.</doc>
<status status="PASS" start="2024-06-10T03:17:01.550518" elapsed="0.000137"/>
</kw>
<arg>${json_data["results"][0]["location"]["coordinates"]["longitude"]} &gt;= -180 and ${json_data["results"][0]["location"]["coordinates"]["longitude"]} &lt;= 180</arg>
<arg>Should Be True</arg>
<arg>${True}</arg>
<doc>Runs the given keyword with the given arguments, if ``condition`` is true.</doc>
<status status="PASS" start="2024-06-10T03:17:01.549834" elapsed="0.000944"/>
</kw>
<status status="PASS" start="2024-06-10T03:17:01.488036" elapsed="0.062868"/>
</kw>
<doc>Testa o conteúdo específico dos campos retornados pela API.</doc>
<tag>testeConteudo</tag>
<status status="PASS" start="2024-06-10T03:17:01.487576" elapsed="0.063468"/>
</test>
<status status="PASS" start="2024-06-10T03:17:00.335925" elapsed="1.216992"/>
</suite>
<status status="PASS" start="2024-06-10T03:17:00.322475" elapsed="1.235631"/>
</suite>
<statistics>
<total>
<stat pass="5" fail="0" skip="0">All Tests</stat>
</total>
<tag>
<stat pass="1" fail="0" skip="0">testeConteudo</stat>
<stat pass="1" fail="0" skip="0">testeEstruturaResposta</stat>
<stat pass="1" fail="0" skip="0">testeRequisicaoBasica</stat>
<stat pass="1" fail="0" skip="0">testeTiposDados</stat>
</tag>
<suite>
<stat pass="5" fail="0" skip="0" id="s1" name="Tests">Tests</stat>
<stat pass="5" fail="0" skip="0" id="s1-s1" name="Random-User-Test">Tests.Random-User-Test</stat>
</suite>
</statistics>
<errors>
</errors>
</robot>
