<?xml version="1.0" encoding="UTF-8"?>
<robot generator="Robot 7.0.1 (Python 3.12.4 on linux)" generated="2024-07-22T13:18:51.891483" rpa="false" schemaversion="5">
<suite id="s1" name="Tests" source="/home/runner/work/ApiRandomUser/ApiRandomUser/RamdonUser/tests">
<suite id="s1-s1" name="Random-User-Test" source="/home/runner/work/ApiRandomUser/ApiRandomUser/RamdonUser/tests/random-user-test.robot">
<test id="s1-s1-t1" name="Conectar" line="13">
<kw name="Conectar API" owner="random-user-service">
<kw name="Create Session" owner="RequestsLibrary">
<msg time="2024-07-22T13:18:52.292245" level="INFO">Creating Session using : alias=consultarAPI, url=https://randomuser.me/, headers={},                     cookies={}, auth=None, timeout=None, proxies=None, verify=False,                     debug=0 </msg>
<arg>consultarAPI</arg>
<arg>${URL}</arg>
<doc>Create Session: create a HTTP session to a server</doc>
<status status="PASS" start="2024-07-22T13:18:52.292038" elapsed="0.000404"/>
</kw>
<status status="PASS" start="2024-07-22T13:18:52.290919" elapsed="0.001897"/>
</kw>
<status status="PASS" start="2024-07-22T13:18:52.290342" elapsed="0.002669"/>
</test>
<test id="s1-s1-t2" name="Validar retorno 200 e JSON Válido" line="16">
<kw name="Teste de Requisicao Basica" owner="random-user-service">
<kw name="GET On Session" owner="RequestsLibrary">
<msg time="2024-07-22T13:18:52.408246" level="INFO">GET Request : url=https://randomuser.me/api 
 path_url=/api 
 headers={'User-Agent': 'python-requests/2.32.3', 'Accept-Encoding': 'gzip, deflate', 'Accept': '*/*', 'Connection': 'keep-alive'} 
 body=None 
 </msg>
<msg time="2024-07-22T13:18:52.408433" level="INFO">GET Response : url=https://randomuser.me/api 
 status=200, reason=OK 
 headers={'Date': 'Mon, 22 Jul 2024 13:18:52 GMT', 'Content-Type': 'application/json; charset=utf-8', 'Transfer-Encoding': 'chunked', 'Connection': 'keep-alive', 'X-Powered-By': 'Express', 'Access-Control-Allow-Origin': '*', 'Cache-Control': 'no-cache', 'ETag': 'W/"491-Rp3NMLnrcp7GEJR5E0L08KQBzI4"', 'Vary': 'Accept-Encoding', 'Content-Encoding': 'gzip', 'CF-Cache-Status': 'DYNAMIC', 'Report-To': '{"endpoints":[{"url":"https:\\/\\/a.nel.cloudflare.com\\/report\\/v4?s=mfPShsy9hycCKT%2BXJ9cAOWDktjiE6t%2FfWZvwdq%2BBj2hs2%2Bwg2%2FhZs%2BkdE9HsapE2yxURnvSYmZ8Y%2FWY4848RBS7rzOKpWtV7p7TfWmksfp%2F3CPC4eDiTq9PEbrURM7zu"}],"group":"cf-nel","max_age":604800}', 'NEL': '{"success_fraction":0,"report_to":"cf-nel","max_age":604800}', 'Server': 'cloudflare', 'CF-RAY': '8a73b8190962235b-SJC', 'alt-svc': 'h3=":443"; ma=86400'} 
 body={"results":[{"gender":"female","name":{"title":"Mrs","first":"Ruby","last":"Martin"},"location":{"street":{"number":4056,"name":"Kennedy Road"},"city":"Gisborne","state":"Marlborough","country":"New Zealand","postcode":24822,"coordinates":{"latitude":"52.8330","longitude":"28.9875"},"timezone":{"offset":"+3:00","description":"Baghdad, Riyadh, Moscow, St. Petersburg"}},"email":"ruby.martin@example.com","login":{"uuid":"d7696626-2369-4aa7-a5a3-772ec95462c0","username":"brownkoala519","password":"oakley","salt":"nAIQOBlv","md5":"b08859ae9baae5a42edea53f9ad16a44","sha1":"c97a7fbb94a85ed0b89fb698633351dd677a0763","sha256":"7009416752ef548025e2f4360e4d4fa5d95a923a650d9089a81ba09b26b73a39"},"dob":{"date":"1954-06-03T11:30:08.593Z","age":70},"registered":{"date":"2020-04-05T13:49:14.329Z","age":4},"phone":"(532)-417-0362","cell":"(613)-707-2394","id":{"name":"","value":null},"picture":{"large":"https://randomuser.me/api/portraits/women/73.jpg","medium":"https://randomuser.me/api/portraits/med/women/73.jpg","thumbnail":"https://randomuser.me/api/portraits/thumb/women/73.jpg"},"nat":"NZ"}],"info":{"seed":"df0028458e6f8f6c","results":1,"page":1,"version":"1.4"}} 
 </msg>
<msg time="2024-07-22T13:18:52.408530" level="INFO">/opt/hostedtoolcache/Python/3.12.4/x64/lib/python3.12/site-packages/urllib3/connectionpool.py:1099: InsecureRequestWarning: Unverified HTTPS request is being made to host 'randomuser.me'. Adding certificate verification is strongly advised. See: https://urllib3.readthedocs.io/en/latest/advanced-usage.html#tls-warnings
  warnings.warn(</msg>
<msg time="2024-07-22T13:18:52.408690" level="INFO">${response} = &lt;Response [200]&gt;</msg>
<var>${response}</var>
<arg>consultarAPI</arg>
<arg>/api</arg>
<doc>Sends a GET request on a previously created HTTP Session.</doc>
<status status="PASS" start="2024-07-22T13:18:52.295608" elapsed="0.113485"/>
</kw>
<kw name="Should Be Equal As Numbers" owner="BuiltIn">
<msg time="2024-07-22T13:18:52.410205" level="INFO">Argument types are:
&lt;class 'int'&gt;
&lt;class 'str'&gt;</msg>
<arg>${response.status_code}</arg>
<arg>200</arg>
<doc>Fails if objects are unequal after converting them to real numbers.</doc>
<status status="PASS" start="2024-07-22T13:18:52.409739" elapsed="0.000533"/>
</kw>
<kw name="Log" owner="BuiltIn">
<msg time="2024-07-22T13:18:52.410941" level="INFO">200</msg>
<arg>${response.status_code}</arg>
<doc>Logs the given message with the given level.</doc>
<status status="PASS" start="2024-07-22T13:18:52.410595" elapsed="0.000387"/>
</kw>
<kw name="Set Variable" owner="BuiltIn">
<msg time="2024-07-22T13:18:52.411780" level="INFO">${json_data} = {'results': [{'gender': 'female', 'name': {'title': 'Mrs', 'first': 'Ruby', 'last': 'Martin'}, 'location': {'street': {'number': 4056, 'name': 'Kennedy Road'}, 'city': 'Gisborne', 'state': 'Marlboroug...</msg>
<var>${json_data}</var>
<arg>${response.json()}</arg>
<doc>Returns the given values which can then be assigned to a variables.</doc>
<status status="PASS" start="2024-07-22T13:18:52.411280" elapsed="0.000540"/>
</kw>
<kw name="Dictionary Should Contain Key" owner="Collections">
<arg>${json_data}</arg>
<arg>results</arg>
<doc>Fails if ``key`` is not found from ``dictionary``.</doc>
<status status="PASS" start="2024-07-22T13:18:52.412262" elapsed="0.000420"/>
</kw>
<status status="PASS" start="2024-07-22T13:18:52.295362" elapsed="0.117491"/>
</kw>
<doc>Testa se a API responde corretamente e retorna um objeto JSON válido.</doc>
<tag>testeRequisicaoBasica</tag>
<status status="PASS" start="2024-07-22T13:18:52.294885" elapsed="0.118150"/>
</test>
<test id="s1-s1-t3" name="Validar estrutura de resposta" line="22">
<kw name="Teste de Estrutura de Resposta" owner="random-user-service">
<kw name="GET On Session" owner="RequestsLibrary">
<msg time="2024-07-22T13:18:52.528475" level="INFO">GET Request : url=https://randomuser.me/api 
 path_url=/api 
 headers={'User-Agent': 'python-requests/2.32.3', 'Accept-Encoding': 'gzip, deflate', 'Accept': '*/*', 'Connection': 'keep-alive'} 
 body=None 
 </msg>
<msg time="2024-07-22T13:18:52.528589" level="INFO">GET Response : url=https://randomuser.me/api 
 status=200, reason=OK 
 headers={'Date': 'Mon, 22 Jul 2024 13:18:52 GMT', 'Content-Type': 'application/json; charset=utf-8', 'Transfer-Encoding': 'chunked', 'Connection': 'keep-alive', 'X-Powered-By': 'Express', 'Access-Control-Allow-Origin': '*', 'Cache-Control': 'no-cache', 'ETag': 'W/"47b-VWzXBzrqZb2DYnPa+EmOGZPw8Ws"', 'Vary': 'Accept-Encoding', 'Content-Encoding': 'gzip', 'CF-Cache-Status': 'DYNAMIC', 'Report-To': '{"endpoints":[{"url":"https:\\/\\/a.nel.cloudflare.com\\/report\\/v4?s=lY5ZFZ8c5Z%2FZfKfhVhY06842K9%2BhlGZPyOdVxGfjFPswCLoGCIhld7q9cbQlR8j%2Fp%2F8nxOWLC5SQQaiOBdZWS3DIQ0uVIi0bDAItYzF7AwdisUfgmpzkX80%2B%2B2oWFcQG"}],"group":"cf-nel","max_age":604800}', 'NEL': '{"success_fraction":0,"report_to":"cf-nel","max_age":604800}', 'Server': 'cloudflare', 'CF-RAY': '8a73b81999b9235b-SJC', 'alt-svc': 'h3=":443"; ma=86400'} 
 body={"results":[{"gender":"male","name":{"title":"Mr","first":"Emil","last":"Koskinen"},"location":{"street":{"number":6863,"name":"Hermiankatu"},"city":"Kustavi","state":"Central Finland","country":"Finland","postcode":92093,"coordinates":{"latitude":"-26.9061","longitude":"-151.9497"},"timezone":{"offset":"-2:00","description":"Mid-Atlantic"}},"email":"emil.koskinen@example.com","login":{"uuid":"456a360e-f404-4b04-90b0-e6503943ea6b","username":"sadbear929","password":"383838","salt":"9sbqSbpJ","md5":"9aa3433d4b207ce29cb6921a30689512","sha1":"cdf9754abe39aa887d6f81de0f8107187ad0cb9e","sha256":"5f93c92609a8688c128eb92175ab2887ab79090bc9e6ccd1922aa7466ea5a645"},"dob":{"date":"1966-05-13T06:28:13.500Z","age":58},"registered":{"date":"2009-09-27T07:42:54.054Z","age":14},"phone":"03-621-864","cell":"047-507-37-08","id":{"name":"HETU","value":"NaNNA109undefined"},"picture":{"large":"https://randomuser.me/api/portraits/men/5.jpg","medium":"https://randomuser.me/api/portraits/med/men/5.jpg","thumbnail":"https://randomuser.me/api/portraits/thumb/men/5.jpg"},"nat":"FI"}],"info":{"seed":"512527ffdb573c82","results":1,"page":1,"version":"1.4"}} 
 </msg>
<msg time="2024-07-22T13:18:52.528730" level="INFO">/opt/hostedtoolcache/Python/3.12.4/x64/lib/python3.12/site-packages/urllib3/connectionpool.py:1099: InsecureRequestWarning: Unverified HTTPS request is being made to host 'randomuser.me'. Adding certificate verification is strongly advised. See: https://urllib3.readthedocs.io/en/latest/advanced-usage.html#tls-warnings
  warnings.warn(</msg>
<msg time="2024-07-22T13:18:52.528878" level="INFO">${response} = &lt;Response [200]&gt;</msg>
<var>${response}</var>
<arg>consultarAPI</arg>
<arg>/api</arg>
<doc>Sends a GET request on a previously created HTTP Session.</doc>
<status status="PASS" start="2024-07-22T13:18:52.416053" elapsed="0.112864"/>
</kw>
<kw name="Set Variable" owner="BuiltIn">
<msg time="2024-07-22T13:18:52.530218" level="INFO">${json_data} = {'results': [{'gender': 'male', 'name': {'title': 'Mr', 'first': 'Emil', 'last': 'Koskinen'}, 'location': {'street': {'number': 6863, 'name': 'Hermiankatu'}, 'city': 'Kustavi', 'state': 'Central Finla...</msg>
<var>${json_data}</var>
<arg>${response.json()}</arg>
<doc>Returns the given values which can then be assigned to a variables.</doc>
<status status="PASS" start="2024-07-22T13:18:52.529560" elapsed="0.000688"/>
</kw>
<kw name="Log" owner="BuiltIn">
<msg time="2024-07-22T13:18:52.530735" level="INFO">{'results': [{'gender': 'male', 'name': {'title': 'Mr', 'first': 'Emil', 'last': 'Koskinen'}, 'location': {'street': {'number': 6863, 'name': 'Hermiankatu'}, 'city': 'Kustavi', 'state': 'Central Finland', 'country': 'Finland', 'postcode': 92093, 'coordinates': {'latitude': '-26.9061', 'longitude': '-151.9497'}, 'timezone': {'offset': '-2:00', 'description': 'Mid-Atlantic'}}, 'email': 'emil.koskinen@example.com', 'login': {'uuid': '456a360e-f404-4b04-90b0-e6503943ea6b', 'username': 'sadbear929', 'password': '383838', 'salt': '9sbqSbpJ', 'md5': '9aa3433d4b207ce29cb6921a30689512', 'sha1': 'cdf9754abe39aa887d6f81de0f8107187ad0cb9e', 'sha256': '5f93c92609a8688c128eb92175ab2887ab79090bc9e6ccd1922aa7466ea5a645'}, 'dob': {'date': '1966-05-13T06:28:13.500Z', 'age': 58}, 'registered': {'date': '2009-09-27T07:42:54.054Z', 'age': 14}, 'phone': '03-621-864', 'cell': '047-507-37-08', 'id': {'name': 'HETU', 'value': 'NaNNA109undefined'}, 'picture': {'large': 'https://randomuser.me/api/portraits/men/5.jpg', 'medium': 'https://randomuser.me/api/portraits/med/men/5.jpg', 'thumbnail': 'https://randomuser.me/api/portraits/thumb/men/5.jpg'}, 'nat': 'FI'}], 'info': {'seed': '512527ffdb573c82', 'results': 1, 'page': 1, 'version': '1.4'}}</msg>
<arg>${json_data}</arg>
<doc>Logs the given message with the given level.</doc>
<status status="PASS" start="2024-07-22T13:18:52.530570" elapsed="0.000215"/>
</kw>
<kw name="Dictionary Should Contain Key" owner="Collections">
<arg>${json_data}</arg>
<arg>results</arg>
<doc>Fails if ``key`` is not found from ``dictionary``.</doc>
<status status="PASS" start="2024-07-22T13:18:52.531079" elapsed="0.000162"/>
</kw>
<kw name="Should Not Be Empty" owner="BuiltIn">
<msg time="2024-07-22T13:18:52.531548" level="INFO">Length is 2.</msg>
<arg>${json_data}</arg>
<doc>Verifies that the given item is not empty.</doc>
<status status="PASS" start="2024-07-22T13:18:52.531426" elapsed="0.000157"/>
</kw>
<kw name="Create List" owner="BuiltIn">
<msg time="2024-07-22T13:18:52.532062" level="INFO">${expected_keys} = ['gender', 'name', 'location', 'email', 'login']</msg>
<var>${expected_keys}</var>
<arg>gender</arg>
<arg>name</arg>
<arg>location</arg>
<arg>email</arg>
<arg>login</arg>
<doc>Returns a list containing given items.</doc>
<status status="PASS" start="2024-07-22T13:18:52.531874" elapsed="0.000213"/>
</kw>
<for flavor="IN">
<iter>
<kw name="Dictionary Should Contain Key" owner="Collections">
<arg>${json_data['results'][0]}</arg>
<arg>${key}</arg>
<doc>Fails if ``key`` is not found from ``dictionary``.</doc>
<status status="PASS" start="2024-07-22T13:18:52.532686" elapsed="0.000413"/>
</kw>
<kw name="Log" owner="BuiltIn">
<msg time="2024-07-22T13:18:52.533633" level="INFO">{'gender': 'male', 'name': {'title': 'Mr', 'first': 'Emil', 'last': 'Koskinen'}, 'location': {'street': {'number': 6863, 'name': 'Hermiankatu'}, 'city': 'Kustavi', 'state': 'Central Finland', 'country': 'Finland', 'postcode': 92093, 'coordinates': {'latitude': '-26.9061', 'longitude': '-151.9497'}, 'timezone': {'offset': '-2:00', 'description': 'Mid-Atlantic'}}, 'email': 'emil.koskinen@example.com', 'login': {'uuid': '456a360e-f404-4b04-90b0-e6503943ea6b', 'username': 'sadbear929', 'password': '383838', 'salt': '9sbqSbpJ', 'md5': '9aa3433d4b207ce29cb6921a30689512', 'sha1': 'cdf9754abe39aa887d6f81de0f8107187ad0cb9e', 'sha256': '5f93c92609a8688c128eb92175ab2887ab79090bc9e6ccd1922aa7466ea5a645'}, 'dob': {'date': '1966-05-13T06:28:13.500Z', 'age': 58}, 'registered': {'date': '2009-09-27T07:42:54.054Z', 'age': 14}, 'phone': '03-621-864', 'cell': '047-507-37-08', 'id': {'name': 'HETU', 'value': 'NaNNA109undefined'}, 'picture': {'large': 'https://randomuser.me/api/portraits/men/5.jpg', 'medium': 'https://randomuser.me/api/portraits/med/men/5.jpg', 'thumbnail': 'https://randomuser.me/api/portraits/thumb/men/5.jpg'}, 'nat': 'FI'}</msg>
<arg>${json_data['results'][0]}</arg>
<doc>Logs the given message with the given level.</doc>
<status status="PASS" start="2024-07-22T13:18:52.533283" elapsed="0.000397"/>
</kw>
<kw name="Log" owner="BuiltIn">
<msg time="2024-07-22T13:18:52.534115" level="INFO">gender</msg>
<arg>${key}</arg>
<doc>Logs the given message with the given level.</doc>
<status status="PASS" start="2024-07-22T13:18:52.533979" elapsed="0.000174"/>
</kw>
<var name="${key}">gender</var>
<status status="PASS" start="2024-07-22T13:18:52.532553" elapsed="0.001819"/>
</iter>
<iter>
<kw name="Dictionary Should Contain Key" owner="Collections">
<arg>${json_data['results'][0]}</arg>
<arg>${key}</arg>
<doc>Fails if ``key`` is not found from ``dictionary``.</doc>
<status status="PASS" start="2024-07-22T13:18:52.534671" elapsed="0.000383"/>
</kw>
<kw name="Log" owner="BuiltIn">
<msg time="2024-07-22T13:18:52.535593" level="INFO">{'gender': 'male', 'name': {'title': 'Mr', 'first': 'Emil', 'last': 'Koskinen'}, 'location': {'street': {'number': 6863, 'name': 'Hermiankatu'}, 'city': 'Kustavi', 'state': 'Central Finland', 'country': 'Finland', 'postcode': 92093, 'coordinates': {'latitude': '-26.9061', 'longitude': '-151.9497'}, 'timezone': {'offset': '-2:00', 'description': 'Mid-Atlantic'}}, 'email': 'emil.koskinen@example.com', 'login': {'uuid': '456a360e-f404-4b04-90b0-e6503943ea6b', 'username': 'sadbear929', 'password': '383838', 'salt': '9sbqSbpJ', 'md5': '9aa3433d4b207ce29cb6921a30689512', 'sha1': 'cdf9754abe39aa887d6f81de0f8107187ad0cb9e', 'sha256': '5f93c92609a8688c128eb92175ab2887ab79090bc9e6ccd1922aa7466ea5a645'}, 'dob': {'date': '1966-05-13T06:28:13.500Z', 'age': 58}, 'registered': {'date': '2009-09-27T07:42:54.054Z', 'age': 14}, 'phone': '03-621-864', 'cell': '047-507-37-08', 'id': {'name': 'HETU', 'value': 'NaNNA109undefined'}, 'picture': {'large': 'https://randomuser.me/api/portraits/men/5.jpg', 'medium': 'https://randomuser.me/api/portraits/med/men/5.jpg', 'thumbnail': 'https://randomuser.me/api/portraits/thumb/men/5.jpg'}, 'nat': 'FI'}</msg>
<arg>${json_data['results'][0]}</arg>
<doc>Logs the given message with the given level.</doc>
<status status="PASS" start="2024-07-22T13:18:52.535239" elapsed="0.000436"/>
</kw>
<kw name="Log" owner="BuiltIn">
<msg time="2024-07-22T13:18:52.536168" level="INFO">name</msg>
<arg>${key}</arg>
<doc>Logs the given message with the given level.</doc>
<status status="PASS" start="2024-07-22T13:18:52.536031" elapsed="0.000175"/>
</kw>
<var name="${key}">name</var>
<status status="PASS" start="2024-07-22T13:18:52.534557" elapsed="0.001876"/>
</iter>
<iter>
<kw name="Dictionary Should Contain Key" owner="Collections">
<arg>${json_data['results'][0]}</arg>
<arg>${key}</arg>
<doc>Fails if ``key`` is not found from ``dictionary``.</doc>
<status status="PASS" start="2024-07-22T13:18:52.536714" elapsed="0.000374"/>
</kw>
<kw name="Log" owner="BuiltIn">
<msg time="2024-07-22T13:18:52.537618" level="INFO">{'gender': 'male', 'name': {'title': 'Mr', 'first': 'Emil', 'last': 'Koskinen'}, 'location': {'street': {'number': 6863, 'name': 'Hermiankatu'}, 'city': 'Kustavi', 'state': 'Central Finland', 'country': 'Finland', 'postcode': 92093, 'coordinates': {'latitude': '-26.9061', 'longitude': '-151.9497'}, 'timezone': {'offset': '-2:00', 'description': 'Mid-Atlantic'}}, 'email': 'emil.koskinen@example.com', 'login': {'uuid': '456a360e-f404-4b04-90b0-e6503943ea6b', 'username': 'sadbear929', 'password': '383838', 'salt': '9sbqSbpJ', 'md5': '9aa3433d4b207ce29cb6921a30689512', 'sha1': 'cdf9754abe39aa887d6f81de0f8107187ad0cb9e', 'sha256': '5f93c92609a8688c128eb92175ab2887ab79090bc9e6ccd1922aa7466ea5a645'}, 'dob': {'date': '1966-05-13T06:28:13.500Z', 'age': 58}, 'registered': {'date': '2009-09-27T07:42:54.054Z', 'age': 14}, 'phone': '03-621-864', 'cell': '047-507-37-08', 'id': {'name': 'HETU', 'value': 'NaNNA109undefined'}, 'picture': {'large': 'https://randomuser.me/api/portraits/men/5.jpg', 'medium': 'https://randomuser.me/api/portraits/med/men/5.jpg', 'thumbnail': 'https://randomuser.me/api/portraits/thumb/men/5.jpg'}, 'nat': 'FI'}</msg>
<arg>${json_data['results'][0]}</arg>
<doc>Logs the given message with the given level.</doc>
<status status="PASS" start="2024-07-22T13:18:52.537276" elapsed="0.000391"/>
</kw>
<kw name="Log" owner="BuiltIn">
<msg time="2024-07-22T13:18:52.538079" level="INFO">location</msg>
<arg>${key}</arg>
<doc>Logs the given message with the given level.</doc>
<status status="PASS" start="2024-07-22T13:18:52.537955" elapsed="0.000160"/>
</kw>
<var name="${key}">location</var>
<status status="PASS" start="2024-07-22T13:18:52.536608" elapsed="0.001723"/>
</iter>
<iter>
<kw name="Dictionary Should Contain Key" owner="Collections">
<arg>${json_data['results'][0]}</arg>
<arg>${key}</arg>
<doc>Fails if ``key`` is not found from ``dictionary``.</doc>
<status status="PASS" start="2024-07-22T13:18:52.538605" elapsed="0.000380"/>
</kw>
<kw name="Log" owner="BuiltIn">
<msg time="2024-07-22T13:18:52.539648" level="INFO">{'gender': 'male', 'name': {'title': 'Mr', 'first': 'Emil', 'last': 'Koskinen'}, 'location': {'street': {'number': 6863, 'name': 'Hermiankatu'}, 'city': 'Kustavi', 'state': 'Central Finland', 'country': 'Finland', 'postcode': 92093, 'coordinates': {'latitude': '-26.9061', 'longitude': '-151.9497'}, 'timezone': {'offset': '-2:00', 'description': 'Mid-Atlantic'}}, 'email': 'emil.koskinen@example.com', 'login': {'uuid': '456a360e-f404-4b04-90b0-e6503943ea6b', 'username': 'sadbear929', 'password': '383838', 'salt': '9sbqSbpJ', 'md5': '9aa3433d4b207ce29cb6921a30689512', 'sha1': 'cdf9754abe39aa887d6f81de0f8107187ad0cb9e', 'sha256': '5f93c92609a8688c128eb92175ab2887ab79090bc9e6ccd1922aa7466ea5a645'}, 'dob': {'date': '1966-05-13T06:28:13.500Z', 'age': 58}, 'registered': {'date': '2009-09-27T07:42:54.054Z', 'age': 14}, 'phone': '03-621-864', 'cell': '047-507-37-08', 'id': {'name': 'HETU', 'value': 'NaNNA109undefined'}, 'picture': {'large': 'https://randomuser.me/api/portraits/men/5.jpg', 'medium': 'https://randomuser.me/api/portraits/med/men/5.jpg', 'thumbnail': 'https://randomuser.me/api/portraits/thumb/men/5.jpg'}, 'nat': 'FI'}</msg>
<arg>${json_data['results'][0]}</arg>
<doc>Logs the given message with the given level.</doc>
<status status="PASS" start="2024-07-22T13:18:52.539298" elapsed="0.000398"/>
</kw>
<kw name="Log" owner="BuiltIn">
<msg time="2024-07-22T13:18:52.540145" level="INFO">email</msg>
<arg>${key}</arg>
<doc>Logs the given message with the given level.</doc>
<status status="PASS" start="2024-07-22T13:18:52.540018" elapsed="0.000165"/>
</kw>
<var name="${key}">email</var>
<status status="PASS" start="2024-07-22T13:18:52.538499" elapsed="0.001898"/>
</iter>
<iter>
<kw name="Dictionary Should Contain Key" owner="Collections">
<arg>${json_data['results'][0]}</arg>
<arg>${key}</arg>
<doc>Fails if ``key`` is not found from ``dictionary``.</doc>
<status status="PASS" start="2024-07-22T13:18:52.540673" elapsed="0.000369"/>
</kw>
<kw name="Log" owner="BuiltIn">
<msg time="2024-07-22T13:18:52.541566" level="INFO">{'gender': 'male', 'name': {'title': 'Mr', 'first': 'Emil', 'last': 'Koskinen'}, 'location': {'street': {'number': 6863, 'name': 'Hermiankatu'}, 'city': 'Kustavi', 'state': 'Central Finland', 'country': 'Finland', 'postcode': 92093, 'coordinates': {'latitude': '-26.9061', 'longitude': '-151.9497'}, 'timezone': {'offset': '-2:00', 'description': 'Mid-Atlantic'}}, 'email': 'emil.koskinen@example.com', 'login': {'uuid': '456a360e-f404-4b04-90b0-e6503943ea6b', 'username': 'sadbear929', 'password': '383838', 'salt': '9sbqSbpJ', 'md5': '9aa3433d4b207ce29cb6921a30689512', 'sha1': 'cdf9754abe39aa887d6f81de0f8107187ad0cb9e', 'sha256': '5f93c92609a8688c128eb92175ab2887ab79090bc9e6ccd1922aa7466ea5a645'}, 'dob': {'date': '1966-05-13T06:28:13.500Z', 'age': 58}, 'registered': {'date': '2009-09-27T07:42:54.054Z', 'age': 14}, 'phone': '03-621-864', 'cell': '047-507-37-08', 'id': {'name': 'HETU', 'value': 'NaNNA109undefined'}, 'picture': {'large': 'https://randomuser.me/api/portraits/men/5.jpg', 'medium': 'https://randomuser.me/api/portraits/med/men/5.jpg', 'thumbnail': 'https://randomuser.me/api/portraits/thumb/men/5.jpg'}, 'nat': 'FI'}</msg>
<arg>${json_data['results'][0]}</arg>
<doc>Logs the given message with the given level.</doc>
<status status="PASS" start="2024-07-22T13:18:52.541220" elapsed="0.000395"/>
</kw>
<kw name="Log" owner="BuiltIn">
<msg time="2024-07-22T13:18:52.542026" level="INFO">login</msg>
<arg>${key}</arg>
<doc>Logs the given message with the given level.</doc>
<status status="PASS" start="2024-07-22T13:18:52.541903" elapsed="0.000159"/>
</kw>
<var name="${key}">login</var>
<status status="PASS" start="2024-07-22T13:18:52.540566" elapsed="0.001707"/>
</iter>
<var>${key}</var>
<value>@{expected_keys}</value>
<status status="PASS" start="2024-07-22T13:18:52.532353" elapsed="0.010038"/>
</for>
<kw name="Create List" owner="BuiltIn">
<msg time="2024-07-22T13:18:52.542719" level="INFO">${expected_keysTwo} = ['username', 'password']</msg>
<var>${expected_keysTwo}</var>
<arg>username</arg>
<arg>password</arg>
<doc>Returns a list containing given items.</doc>
<status status="PASS" start="2024-07-22T13:18:52.542578" elapsed="0.000165"/>
</kw>
<for flavor="IN">
<iter>
<kw name="Dictionary Should Contain Key" owner="Collections">
<arg>${json_data['results'][0]['login']}</arg>
<arg>${keyTwo}</arg>
<doc>Fails if ``key`` is not found from ``dictionary``.</doc>
<status status="PASS" start="2024-07-22T13:18:52.543259" elapsed="0.000377"/>
</kw>
<kw name="Dictionary Should Contain Key" owner="Collections">
<arg>${json_data['results'][0]['login']}</arg>
<arg>${keyTwo}</arg>
<doc>Fails if ``key`` is not found from ``dictionary``.</doc>
<status status="PASS" start="2024-07-22T13:18:52.543814" elapsed="0.000413"/>
</kw>
<kw name="Log" owner="BuiltIn">
<msg time="2024-07-22T13:18:52.544525" level="INFO">username</msg>
<arg>${keyTwo}</arg>
<doc>Logs the given message with the given level.</doc>
<status status="PASS" start="2024-07-22T13:18:52.544406" elapsed="0.000155"/>
</kw>
<var name="${keyTwo}">username</var>
<status status="PASS" start="2024-07-22T13:18:52.543156" elapsed="0.001619"/>
</iter>
<iter>
<kw name="Dictionary Should Contain Key" owner="Collections">
<arg>${json_data['results'][0]['login']}</arg>
<arg>${keyTwo}</arg>
<doc>Fails if ``key`` is not found from ``dictionary``.</doc>
<status status="PASS" start="2024-07-22T13:18:52.545051" elapsed="0.000372"/>
</kw>
<kw name="Dictionary Should Contain Key" owner="Collections">
<arg>${json_data['results'][0]['login']}</arg>
<arg>${keyTwo}</arg>
<doc>Fails if ``key`` is not found from ``dictionary``.</doc>
<status status="PASS" start="2024-07-22T13:18:52.545598" elapsed="0.000367"/>
</kw>
<kw name="Log" owner="BuiltIn">
<msg time="2024-07-22T13:18:52.546260" level="INFO">password</msg>
<arg>${keyTwo}</arg>
<doc>Logs the given message with the given level.</doc>
<status status="PASS" start="2024-07-22T13:18:52.546136" elapsed="0.000161"/>
</kw>
<var name="${keyTwo}">password</var>
<status status="PASS" start="2024-07-22T13:18:52.544940" elapsed="0.001574"/>
</iter>
<var>${keyTwo}</var>
<value>@{expected_keysTwo}</value>
<status status="PASS" start="2024-07-22T13:18:52.543003" elapsed="0.003639"/>
</for>
<status status="PASS" start="2024-07-22T13:18:52.415702" elapsed="0.131079"/>
</kw>
<doc>Testa a estrutura da resposta da API.</doc>
<tag>testeEstruturaResposta</tag>
<status status="PASS" start="2024-07-22T13:18:52.415050" elapsed="0.131892"/>
</test>
<test id="s1-s1-t4" name="Validar tipos de dados" line="28">
<kw name="Teste de Tipos de Dados" owner="random-user-service">
<kw name="GET On Session" owner="RequestsLibrary">
<msg time="2024-07-22T13:18:52.643604" level="INFO">GET Request : url=https://randomuser.me/api 
 path_url=/api 
 headers={'User-Agent': 'python-requests/2.32.3', 'Accept-Encoding': 'gzip, deflate', 'Accept': '*/*', 'Connection': 'keep-alive'} 
 body=None 
 </msg>
<msg time="2024-07-22T13:18:52.643719" level="INFO">GET Response : url=https://randomuser.me/api 
 status=200, reason=OK 
 headers={'Date': 'Mon, 22 Jul 2024 13:18:52 GMT', 'Content-Type': 'application/json; charset=utf-8', 'Transfer-Encoding': 'chunked', 'Connection': 'keep-alive', 'X-Powered-By': 'Express', 'Access-Control-Allow-Origin': '*', 'Cache-Control': 'no-cache', 'ETag': 'W/"47d-xx6o24XdyyluWpV08pmUA38zCT0"', 'Vary': 'Accept-Encoding', 'Content-Encoding': 'gzip', 'CF-Cache-Status': 'DYNAMIC', 'Report-To': '{"endpoints":[{"url":"https:\\/\\/a.nel.cloudflare.com\\/report\\/v4?s=0a7WkWSkDowTvpNVYmovpGJREhRKA0DHsPbv0cXDRpbVkF7kFuISNGRgxwR4SEcv3yGn4FUztmZ%2FcwhXYRdkPPLIPrfvqPvsKbUnPfAExFQw7gj0BpyV1oByU%2FAg37Se"}],"group":"cf-nel","max_age":604800}', 'NEL': '{"success_fraction":0,"report_to":"cf-nel","max_age":604800}', 'Server': 'cloudflare', 'CF-RAY': '8a73b81a7a36235b-SJC', 'alt-svc': 'h3=":443"; ma=86400'} 
 body={"results":[{"gender":"male","name":{"title":"Mr","first":"Dogan","last":"Haß"},"location":{"street":{"number":6124,"name":"Birkenstraße"},"city":"Usedom","state":"Hamburg","country":"Germany","postcode":77725,"coordinates":{"latitude":"-48.5580","longitude":"-149.7498"},"timezone":{"offset":"-8:00","description":"Pacific Time (US &amp; Canada)"}},"email":"dogan.hass@example.com","login":{"uuid":"34292e5c-71cf-4114-9418-27c7c9e17ced","username":"biglion254","password":"denise","salt":"BhW8fgrL","md5":"79ae62a1baf245d210d337ca93e54813","sha1":"4311cbdc51287b11d5093913c0e0c844e3f1e313","sha256":"f7c45f65a88659e85fcea77bffafa333a5722a44e3324d39ddde80ccf6a208d5"},"dob":{"date":"1970-03-24T00:30:31.206Z","age":54},"registered":{"date":"2018-05-10T04:54:02.054Z","age":6},"phone":"0759-1479829","cell":"0174-3613105","id":{"name":"SVNR","value":"65 230370 H 014"},"picture":{"large":"https://randomuser.me/api/portraits/men/45.jpg","medium":"https://randomuser.me/api/portraits/med/men/45.jpg","thumbnail":"https://randomuser.me/api/portraits/thumb/men/45.jpg"},"nat":"DE"}],"info":{"seed":"51b437a8488b10e9","results":1,"page":1,"version":"1.4"}} 
 </msg>
<msg time="2024-07-22T13:18:52.643810" level="INFO">/opt/hostedtoolcache/Python/3.12.4/x64/lib/python3.12/site-packages/urllib3/connectionpool.py:1099: InsecureRequestWarning: Unverified HTTPS request is being made to host 'randomuser.me'. Adding certificate verification is strongly advised. See: https://urllib3.readthedocs.io/en/latest/advanced-usage.html#tls-warnings
  warnings.warn(</msg>
<msg time="2024-07-22T13:18:52.643984" level="INFO">${response} = &lt;Response [200]&gt;</msg>
<var>${response}</var>
<arg>consultarAPI</arg>
<arg>/api</arg>
<doc>Sends a GET request on a previously created HTTP Session.</doc>
<status status="PASS" start="2024-07-22T13:18:52.549538" elapsed="0.094499"/>
</kw>
<kw name="Set Variable" owner="BuiltIn">
<msg time="2024-07-22T13:18:52.645440" level="INFO">${json_data} = {'results': [{'gender': 'male', 'name': {'title': 'Mr', 'first': 'Dogan', 'last': 'Haß'}, 'location': {'street': {'number': 6124, 'name': 'Birkenstraße'}, 'city': 'Usedom', 'state': 'Hamburg', 'countr...</msg>
<var>${json_data}</var>
<arg>${response.json()}</arg>
<doc>Returns the given values which can then be assigned to a variables.</doc>
<status status="PASS" start="2024-07-22T13:18:52.644694" elapsed="0.000793"/>
</kw>
<kw name="Log" owner="BuiltIn">
<msg time="2024-07-22T13:18:52.646207" level="INFO">{'results': [{'gender': 'male', 'name': {'title': 'Mr', 'first': 'Dogan', 'last': 'Haß'}, 'location': {'street': {'number': 6124, 'name': 'Birkenstraße'}, 'city': 'Usedom', 'state': 'Hamburg', 'country': 'Germany', 'postcode': 77725, 'coordinates': {'latitude': '-48.5580', 'longitude': '-149.7498'}, 'timezone': {'offset': '-8:00', 'description': 'Pacific Time (US &amp; Canada)'}}, 'email': 'dogan.hass@example.com', 'login': {'uuid': '34292e5c-71cf-4114-9418-27c7c9e17ced', 'username': 'biglion254', 'password': 'denise', 'salt': 'BhW8fgrL', 'md5': '79ae62a1baf245d210d337ca93e54813', 'sha1': '4311cbdc51287b11d5093913c0e0c844e3f1e313', 'sha256': 'f7c45f65a88659e85fcea77bffafa333a5722a44e3324d39ddde80ccf6a208d5'}, 'dob': {'date': '1970-03-24T00:30:31.206Z', 'age': 54}, 'registered': {'date': '2018-05-10T04:54:02.054Z', 'age': 6}, 'phone': '0759-1479829', 'cell': '0174-3613105', 'id': {'name': 'SVNR', 'value': '65 230370 H 014'}, 'picture': {'large': 'https://randomuser.me/api/portraits/men/45.jpg', 'medium': 'https://randomuser.me/api/portraits/med/men/45.jpg', 'thumbnail': 'https://randomuser.me/api/portraits/thumb/men/45.jpg'}, 'nat': 'DE'}], 'info': {'seed': '51b437a8488b10e9', 'results': 1, 'page': 1, 'version': '1.4'}}</msg>
<arg>${json_data}</arg>
<doc>Logs the given message with the given level.</doc>
<status status="PASS" start="2024-07-22T13:18:52.645960" elapsed="0.000336"/>
</kw>
<kw name="Should Be String" owner="String">
<arg>${json_data['results'][0]['gender']}</arg>
<doc>Fails if the given ``item`` is not a string.</doc>
<status status="PASS" start="2024-07-22T13:18:52.646725" elapsed="0.000576"/>
</kw>
<kw name="Should Match Regexp" owner="BuiltIn">
<arg>${json_data['results'][0]['email']}</arg>
<arg>^[a-zA-Z0-9._%+-]+@[a-zA-Z0-9.-]+\.[a-zA-Z]{2,}$</arg>
<doc>Fails if ``string`` does not match ``pattern`` as a regular expression.</doc>
<status status="PASS" start="2024-07-22T13:18:52.647601" elapsed="0.000867"/>
</kw>
<kw name="Should Match Regexp" owner="BuiltIn">
<arg>${json_data['results'][0]['dob']['date']}</arg>
<arg>\\d{4}-\\d{2}-\\d{2}T\\d{2}:\\d{2}:\\d{2}\\.\\d{3}Z</arg>
<doc>Fails if ``string`` does not match ``pattern`` as a regular expression.</doc>
<status status="PASS" start="2024-07-22T13:18:52.648835" elapsed="0.001018"/>
</kw>
<kw name="Should Match Regexp" owner="BuiltIn">
<arg>${json_data['results'][0]['registered']['date']}</arg>
<arg>\\d{4}-\\d{2}-\\d{2}T\\d{2}:\\d{2}:\\d{2}\\.\\d{3}Z</arg>
<doc>Fails if ``string`` does not match ``pattern`` as a regular expression.</doc>
<status status="PASS" start="2024-07-22T13:18:52.650176" elapsed="0.000620"/>
</kw>
<kw name="Should Match Regexp" owner="BuiltIn">
<arg>${json_data['results'][0]['picture']['large']}</arg>
<arg>^https?://.*\.(?:png|jpe?g|gif|bmp)$</arg>
<doc>Fails if ``string`` does not match ``pattern`` as a regular expression.</doc>
<status status="PASS" start="2024-07-22T13:18:52.651094" elapsed="0.000780"/>
</kw>
<kw name="Should Match Regexp" owner="BuiltIn">
<arg>${json_data['results'][0]['picture']['medium']}</arg>
<arg>^https?://.*\.(?:png|jpe?g|gif|bmp)$</arg>
<doc>Fails if ``string`` does not match ``pattern`` as a regular expression.</doc>
<status status="PASS" start="2024-07-22T13:18:52.652198" elapsed="0.000617"/>
</kw>
<kw name="Should Match Regexp" owner="BuiltIn">
<arg>${json_data['results'][0]['picture']['thumbnail']}</arg>
<arg>^https?://.*\.(?:png|jpe?g|gif|bmp)$</arg>
<doc>Fails if ``string`` does not match ``pattern`` as a regular expression.</doc>
<status status="PASS" start="2024-07-22T13:18:52.653119" elapsed="0.000577"/>
</kw>
<kw name="Log" owner="BuiltIn">
<msg time="2024-07-22T13:18:52.654547" level="INFO">{'large': 'https://randomuser.me/api/portraits/men/45.jpg', 'medium': 'https://randomuser.me/api/portraits/med/men/45.jpg', 'thumbnail': 'https://randomuser.me/api/portraits/thumb/men/45.jpg'}</msg>
<arg>${json_data['results'][0]['picture']}</arg>
<doc>Logs the given message with the given level.</doc>
<status status="PASS" start="2024-07-22T13:18:52.654011" elapsed="0.000602"/>
</kw>
<status status="PASS" start="2024-07-22T13:18:52.549310" elapsed="0.105688"/>
</kw>
<kw name="Teste de Tipos de Dados - Postcode" owner="random-user-service">
<kw name="GET On Session" owner="RequestsLibrary">
<msg time="2024-07-22T13:18:52.747926" level="INFO">GET Request : url=https://randomuser.me/api 
 path_url=/api 
 headers={'User-Agent': 'python-requests/2.32.3', 'Accept-Encoding': 'gzip, deflate', 'Accept': '*/*', 'Connection': 'keep-alive'} 
 body=None 
 </msg>
<msg time="2024-07-22T13:18:52.748050" level="INFO">GET Response : url=https://randomuser.me/api 
 status=200, reason=OK 
 headers={'Date': 'Mon, 22 Jul 2024 13:18:52 GMT', 'Content-Type': 'application/json; charset=utf-8', 'Transfer-Encoding': 'chunked', 'Connection': 'keep-alive', 'X-Powered-By': 'Express', 'Access-Control-Allow-Origin': '*', 'Cache-Control': 'no-cache', 'ETag': 'W/"4ae-SCo7j36aCaDkr25AKVIfwN5k6dg"', 'Vary': 'Accept-Encoding', 'Content-Encoding': 'gzip', 'CF-Cache-Status': 'DYNAMIC', 'Report-To': '{"endpoints":[{"url":"https:\\/\\/a.nel.cloudflare.com\\/report\\/v4?s=cXaILfnbBA4hbhkeg5xNcfPvzVSZNxxrO8u7z2Gcnx0EmwXokeXmpY1DiFi41O6kTxip6MKS1Wb0mKr8SKoOWX0ZBAYEwG3c9H5JLeJlPi6hxN5O%2F%2B%2FOKSlJCFSbkZty"}],"group":"cf-nel","max_age":604800}', 'NEL': '{"success_fraction":0,"report_to":"cf-nel","max_age":604800}', 'Server': 'cloudflare', 'CF-RAY': '8a73b81b1a9e235b-SJC', 'alt-svc': 'h3=":443"; ma=86400'} 
 body={"results":[{"gender":"female","name":{"title":"Mademoiselle","first":"Therese","last":"Fabre"},"location":{"street":{"number":1326,"name":"Rue Barrème"},"city":"Böckten","state":"Basel-Stadt","country":"Switzerland","postcode":9278,"coordinates":{"latitude":"-59.3805","longitude":"86.8437"},"timezone":{"offset":"+5:00","description":"Ekaterinburg, Islamabad, Karachi, Tashkent"}},"email":"therese.fabre@example.com","login":{"uuid":"e40b2612-b0b5-48e3-ba37-bf1e30ec7314","username":"heavypanda987","password":"chat","salt":"aRwH5nSO","md5":"bb3aabdfd36a6f72a129d2a803118aaa","sha1":"4a04cd8d1aa6bd03bd5296417b2e96e3238970f3","sha256":"873436fc3622345e228c8ed09eab46e42e74bee6795fa4abdcadd5ade328542a"},"dob":{"date":"1950-09-12T01:55:40.877Z","age":73},"registered":{"date":"2020-02-11T02:25:45.042Z","age":4},"phone":"078 410 30 42","cell":"076 827 05 53","id":{"name":"AVS","value":"756.5491.5686.33"},"picture":{"large":"https://randomuser.me/api/portraits/women/18.jpg","medium":"https://randomuser.me/api/portraits/med/women/18.jpg","thumbnail":"https://randomuser.me/api/portraits/thumb/women/18.jpg"},"nat":"CH"}],"info":{"seed":"70c790dcd2f17400","results":1,"page":1,"version":"1.4"}} 
 </msg>
<msg time="2024-07-22T13:18:52.748142" level="INFO">/opt/hostedtoolcache/Python/3.12.4/x64/lib/python3.12/site-packages/urllib3/connectionpool.py:1099: InsecureRequestWarning: Unverified HTTPS request is being made to host 'randomuser.me'. Adding certificate verification is strongly advised. See: https://urllib3.readthedocs.io/en/latest/advanced-usage.html#tls-warnings
  warnings.warn(</msg>
<msg time="2024-07-22T13:18:52.748276" level="INFO">${response} = &lt;Response [200]&gt;</msg>
<var>${response}</var>
<arg>consultarAPI</arg>
<arg>/api</arg>
<doc>Sends a GET request on a previously created HTTP Session.</doc>
<status status="PASS" start="2024-07-22T13:18:52.655754" elapsed="0.092550"/>
</kw>
<kw name="Set Variable" owner="BuiltIn">
<msg time="2024-07-22T13:18:52.749382" level="INFO">${json_data} = {'results': [{'gender': 'female', 'name': {'title': 'Mademoiselle', 'first': 'Therese', 'last': 'Fabre'}, 'location': {'street': {'number': 1326, 'name': 'Rue Barrème'}, 'city': 'Böckten', 'state': 'B...</msg>
<var>${json_data}</var>
<arg>${response.json()}</arg>
<doc>Returns the given values which can then be assigned to a variables.</doc>
<status status="PASS" start="2024-07-22T13:18:52.748858" elapsed="0.000555"/>
</kw>
<kw name="Log" owner="BuiltIn">
<msg time="2024-07-22T13:18:52.749890" level="INFO">{'results': [{'gender': 'female', 'name': {'title': 'Mademoiselle', 'first': 'Therese', 'last': 'Fabre'}, 'location': {'street': {'number': 1326, 'name': 'Rue Barrème'}, 'city': 'Böckten', 'state': 'Basel-Stadt', 'country': 'Switzerland', 'postcode': 9278, 'coordinates': {'latitude': '-59.3805', 'longitude': '86.8437'}, 'timezone': {'offset': '+5:00', 'description': 'Ekaterinburg, Islamabad, Karachi, Tashkent'}}, 'email': 'therese.fabre@example.com', 'login': {'uuid': 'e40b2612-b0b5-48e3-ba37-bf1e30ec7314', 'username': 'heavypanda987', 'password': 'chat', 'salt': 'aRwH5nSO', 'md5': 'bb3aabdfd36a6f72a129d2a803118aaa', 'sha1': '4a04cd8d1aa6bd03bd5296417b2e96e3238970f3', 'sha256': '873436fc3622345e228c8ed09eab46e42e74bee6795fa4abdcadd5ade328542a'}, 'dob': {'date': '1950-09-12T01:55:40.877Z', 'age': 73}, 'registered': {'date': '2020-02-11T02:25:45.042Z', 'age': 4}, 'phone': '078 410 30 42', 'cell': '076 827 05 53', 'id': {'name': 'AVS', 'value': '756.5491.5686.33'}, 'picture': {'large': 'https://randomuser.me/api/portraits/women/18.jpg', 'medium': 'https://randomuser.me/api/portraits/med/women/18.jpg', 'thumbnail': 'https://randomuser.me/api/portraits/thumb/women/18.jpg'}, 'nat': 'CH'}], 'info': {'seed': '70c790dcd2f17400', 'results': 1, 'page': 1, 'version': '1.4'}}</msg>
<arg>${json_data}</arg>
<doc>Logs the given message with the given level.</doc>
<status status="PASS" start="2024-07-22T13:18:52.749729" elapsed="0.000210"/>
</kw>
<kw name="Should Be Equal As Numbers" owner="BuiltIn">
<arg>${json_data['results'][0]['location']['postcode']}</arg>
<arg>${json_data['results'][0]['location']['postcode']}</arg>
<doc>Fails if objects are unequal after converting them to real numbers.</doc>
<status status="PASS" start="2024-07-22T13:18:52.750242" elapsed="0.000635"/>
</kw>
<kw name="Log" owner="BuiltIn">
<msg time="2024-07-22T13:18:52.751422" level="INFO">9278</msg>
<arg>${json_data['results'][0]['location']['postcode']}</arg>
<doc>Logs the given message with the given level.</doc>
<status status="PASS" start="2024-07-22T13:18:52.751076" elapsed="0.000388"/>
</kw>
<status status="PASS" start="2024-07-22T13:18:52.655371" elapsed="0.096390"/>
</kw>
<doc>Testa se os tipos de dados na resposta da API estão corretos.</doc>
<tag>testeTiposDados</tag>
<status status="PASS" start="2024-07-22T13:18:52.548740" elapsed="0.203231"/>
</test>
<test id="s1-s1-t5" name="Validar conteudo" line="35">
<kw name="Teste de Tipos de Conteudo" owner="random-user-service">
<kw name="GET On Session" owner="RequestsLibrary">
<msg time="2024-07-22T13:18:52.851436" level="INFO">GET Request : url=https://randomuser.me/api 
 path_url=/api 
 headers={'User-Agent': 'python-requests/2.32.3', 'Accept-Encoding': 'gzip, deflate', 'Accept': '*/*', 'Connection': 'keep-alive'} 
 body=None 
 </msg>
<msg time="2024-07-22T13:18:52.851526" level="INFO">GET Response : url=https://randomuser.me/api 
 status=200, reason=OK 
 headers={'Date': 'Mon, 22 Jul 2024 13:18:52 GMT', 'Content-Type': 'application/json; charset=utf-8', 'Transfer-Encoding': 'chunked', 'Connection': 'keep-alive', 'X-Powered-By': 'Express', 'Access-Control-Allow-Origin': '*', 'Cache-Control': 'no-cache', 'ETag': 'W/"48d-kH/16dUQXF++JoDlZCmzMOSAgOA"', 'Vary': 'Accept-Encoding', 'Content-Encoding': 'gzip', 'CF-Cache-Status': 'DYNAMIC', 'Report-To': '{"endpoints":[{"url":"https:\\/\\/a.nel.cloudflare.com\\/report\\/v4?s=9zMAFAHQVYK7yPEBohwiwwM5yPzGxrzVe3MiYqvj0pdxtxthZQ%2FkK84N8DfPCNoMsWIXteRnA3OBHzL%2F8Erdl9ys0sznMnhDpmWaBcNKhr01QTy3RqZo2HtBC1WkTaji"}],"group":"cf-nel","max_age":604800}', 'NEL': '{"success_fraction":0,"report_to":"cf-nel","max_age":604800}', 'Server': 'cloudflare', 'CF-RAY': '8a73b81bbb1a235b-SJC', 'alt-svc': 'h3=":443"; ma=86400'} 
 body={"results":[{"gender":"female","name":{"title":"Ms","first":"Irena","last":"Ebel"},"location":{"street":{"number":318,"name":"Parkstraße"},"city":"Wanzleben-Börde","state":"Berlin","country":"Germany","postcode":36962,"coordinates":{"latitude":"-50.6196","longitude":"0.2580"},"timezone":{"offset":"-8:00","description":"Pacific Time (US &amp; Canada)"}},"email":"irena.ebel@example.com","login":{"uuid":"72c20be2-4b62-443a-813f-555445b58fec","username":"yellowfrog406","password":"chinook","salt":"SxjqmNXe","md5":"d295dbd95d1604460d0f1b549c969ebb","sha1":"c56533053839f2f8027a9a36d3150a3650190985","sha256":"988160e841ab157d1eebc44024c5c682f559c96e23ff4f7e8a9289fc5cfe17c1"},"dob":{"date":"1965-11-04T14:25:24.893Z","age":58},"registered":{"date":"2007-04-22T19:45:29.947Z","age":17},"phone":"0373-5988357","cell":"0175-2250045","id":{"name":"SVNR","value":"23 041165 E 744"},"picture":{"large":"https://randomuser.me/api/portraits/women/24.jpg","medium":"https://randomuser.me/api/portraits/med/women/24.jpg","thumbnail":"https://randomuser.me/api/portraits/thumb/women/24.jpg"},"nat":"DE"}],"info":{"seed":"2b0cf8be11922245","results":1,"page":1,"version":"1.4"}} 
 </msg>
<msg time="2024-07-22T13:18:52.851601" level="INFO">/opt/hostedtoolcache/Python/3.12.4/x64/lib/python3.12/site-packages/urllib3/connectionpool.py:1099: InsecureRequestWarning: Unverified HTTPS request is being made to host 'randomuser.me'. Adding certificate verification is strongly advised. See: https://urllib3.readthedocs.io/en/latest/advanced-usage.html#tls-warnings
  warnings.warn(</msg>
<msg time="2024-07-22T13:18:52.851735" level="INFO">${response} = &lt;Response [200]&gt;</msg>
<var>${response}</var>
<arg>consultarAPI</arg>
<arg>/api</arg>
<doc>Sends a GET request on a previously created HTTP Session.</doc>
<status status="PASS" start="2024-07-22T13:18:52.754498" elapsed="0.097281"/>
</kw>
<kw name="Set Variable" owner="BuiltIn">
<msg time="2024-07-22T13:18:52.852783" level="INFO">${json_data} = {'results': [{'gender': 'female', 'name': {'title': 'Ms', 'first': 'Irena', 'last': 'Ebel'}, 'location': {'street': {'number': 318, 'name': 'Parkstraße'}, 'city': 'Wanzleben-Börde', 'state': 'Berlin',...</msg>
<var>${json_data}</var>
<arg>${response.json()}</arg>
<doc>Returns the given values which can then be assigned to a variables.</doc>
<status status="PASS" start="2024-07-22T13:18:52.852281" elapsed="0.000531"/>
</kw>
<kw name="Set Variable" owner="BuiltIn">
<msg time="2024-07-22T13:18:52.853510" level="INFO">${name_title} = Ms</msg>
<var>${name_title}</var>
<arg>${json_data["results"][0]["name"]["title"]}</arg>
<doc>Returns the given values which can then be assigned to a variables.</doc>
<status status="PASS" start="2024-07-22T13:18:52.853129" elapsed="0.000406"/>
</kw>
<kw name="Create List" owner="BuiltIn">
<msg time="2024-07-22T13:18:52.853975" level="INFO">${allowed_titles} = ['Mr', 'Ms', 'Miss', 'Mrs', 'Madame', 'Monsieur']</msg>
<var>${allowed_titles}</var>
<arg>Mr</arg>
<arg>Ms</arg>
<arg>Miss</arg>
<arg>Mrs</arg>
<arg>Madame</arg>
<arg>Monsieur</arg>
<doc>Returns a list containing given items.</doc>
<status status="PASS" start="2024-07-22T13:18:52.853829" elapsed="0.000170"/>
</kw>
<kw name="List Should Contain Value" owner="Collections">
<arg>${allowed_titles}</arg>
<arg>${name_title}</arg>
<doc>Fails if the ``value`` is not found from ``list``.</doc>
<status status="PASS" start="2024-07-22T13:18:52.854295" elapsed="0.000184"/>
</kw>
<kw name="Set Variable" owner="BuiltIn">
<msg time="2024-07-22T13:18:52.855026" level="INFO">${name_country} = DE</msg>
<var>${name_country}</var>
<arg>${json_data["results"][0]["nat"]}</arg>
<doc>Returns the given values which can then be assigned to a variables.</doc>
<status status="PASS" start="2024-07-22T13:18:52.854655" elapsed="0.000396"/>
</kw>
<kw name="Create List" owner="BuiltIn">
<msg time="2024-07-22T13:18:52.855950" level="INFO">${list_country} = ['AD', 'AE', 'AF', 'AG', 'AI', 'AL', 'AM', 'AO', 'AQ', 'AR', 'AS', 'AT', 'AU', 'AW', 'AX', 'AZ', 'BA', 'BB', 'BD', 'BE', 'BF', 'BG', 'BH', 'BI', 'BJ', 'BL', 'BM', 'BN', 'BO', 'BQ', 'BR', 'BS', 'BT', '...</msg>
<var>${list_country}</var>
<arg>AD</arg>
<arg>AE</arg>
<arg>AF</arg>
<arg>AG</arg>
<arg>AI</arg>
<arg>AL</arg>
<arg>AM</arg>
<arg>AO</arg>
<arg>AQ</arg>
<arg>AR</arg>
<arg>AS</arg>
<arg>AT</arg>
<arg>AU</arg>
<arg>AW</arg>
<arg>AX</arg>
<arg>AZ</arg>
<arg>BA</arg>
<arg>BB</arg>
<arg>BD</arg>
<arg>BE</arg>
<arg>BF</arg>
<arg>BG</arg>
<arg>BH</arg>
<arg>BI</arg>
<arg>BJ</arg>
<arg>BL</arg>
<arg>BM</arg>
<arg>BN</arg>
<arg>BO</arg>
<arg>BQ</arg>
<arg>BR</arg>
<arg>BS</arg>
<arg>BT</arg>
<arg>BV</arg>
<arg>BW</arg>
<arg>BY</arg>
<arg>BZ</arg>
<arg>CA</arg>
<arg>CC</arg>
<arg>CD</arg>
<arg>CF</arg>
<arg>CG</arg>
<arg>CH</arg>
<arg>CI</arg>
<arg>CK</arg>
<arg>CL</arg>
<arg>CM</arg>
<arg>CN</arg>
<arg>CO</arg>
<arg>CR</arg>
<arg>CU</arg>
<arg>CV</arg>
<arg>CW</arg>
<arg>CX</arg>
<arg>CY</arg>
<arg>CZ</arg>
<arg>DE</arg>
<arg>DJ</arg>
<arg>DK</arg>
<arg>DM</arg>
<arg>DO</arg>
<arg>DZ</arg>
<arg>EC</arg>
<arg>EE</arg>
<arg>EG</arg>
<arg>EH</arg>
<arg>ER</arg>
<arg>ES</arg>
<arg>ET</arg>
<arg>FI</arg>
<arg>FJ</arg>
<arg>FK</arg>
<arg>FM</arg>
<arg>FO</arg>
<arg>FR</arg>
<arg>GA</arg>
<arg>GB</arg>
<arg>GD</arg>
<arg>GE</arg>
<arg>GF</arg>
<arg>GG</arg>
<arg>GH</arg>
<arg>GI</arg>
<arg>GL</arg>
<arg>GM</arg>
<arg>GN</arg>
<arg>GP</arg>
<arg>GQ</arg>
<arg>GR</arg>
<arg>GS</arg>
<arg>GT</arg>
<arg>GU</arg>
<arg>GW</arg>
<arg>GY</arg>
<arg>HK</arg>
<arg>HM</arg>
<arg>HN</arg>
<arg>HR</arg>
<arg>HT</arg>
<arg>HU</arg>
<arg>ID</arg>
<arg>IE</arg>
<arg>IL</arg>
<arg>IM</arg>
<arg>IN</arg>
<arg>IO</arg>
<arg>IQ</arg>
<arg>IR</arg>
<arg>IS</arg>
<arg>IT</arg>
<arg>JE</arg>
<arg>JM</arg>
<arg>JO</arg>
<arg>JP</arg>
<arg>KE</arg>
<arg>KG</arg>
<arg>KH</arg>
<arg>KI</arg>
<arg>KM</arg>
<arg>KN</arg>
<arg>KP</arg>
<arg>KR</arg>
<arg>KW</arg>
<arg>KY</arg>
<arg>KZ</arg>
<arg>LA</arg>
<arg>LB</arg>
<arg>LC</arg>
<arg>LI</arg>
<arg>LK</arg>
<arg>LR</arg>
<arg>LS</arg>
<arg>LT</arg>
<arg>LU</arg>
<arg>LV</arg>
<arg>LY</arg>
<arg>MA</arg>
<arg>MC</arg>
<arg>MD</arg>
<arg>ME</arg>
<arg>MF</arg>
<arg>MG</arg>
<arg>MH</arg>
<arg>MK</arg>
<arg>ML</arg>
<arg>MM</arg>
<arg>MN</arg>
<arg>MO</arg>
<arg>MP</arg>
<arg>MQ</arg>
<arg>MR</arg>
<arg>MS</arg>
<arg>MT</arg>
<arg>MU</arg>
<arg>MV</arg>
<arg>MW</arg>
<arg>MX</arg>
<arg>MY</arg>
<arg>MZ</arg>
<arg>NA</arg>
<arg>NC</arg>
<arg>NE</arg>
<arg>NF</arg>
<arg>NG</arg>
<arg>NI</arg>
<arg>NL</arg>
<arg>NO</arg>
<arg>NP</arg>
<arg>NR</arg>
<arg>NU</arg>
<arg>NZ</arg>
<arg>OM</arg>
<arg>PA</arg>
<arg>PE</arg>
<arg>PF</arg>
<arg>PG</arg>
<arg>PH</arg>
<arg>PK</arg>
<arg>PL</arg>
<arg>PM</arg>
<arg>PN</arg>
<arg>PR</arg>
<arg>PS</arg>
<arg>PT</arg>
<arg>PW</arg>
<arg>PY</arg>
<arg>QA</arg>
<arg>RE</arg>
<arg>RO</arg>
<arg>RS</arg>
<arg>RU</arg>
<arg>RW</arg>
<arg>SA</arg>
<arg>SB</arg>
<arg>SC</arg>
<arg>SD</arg>
<arg>SE</arg>
<arg>SG</arg>
<arg>SH</arg>
<arg>SI</arg>
<arg>SJ</arg>
<arg>SK</arg>
<arg>SL</arg>
<arg>SM</arg>
<arg>SN</arg>
<arg>SO</arg>
<arg>SR</arg>
<arg>SS</arg>
<arg>ST</arg>
<arg>SV</arg>
<arg>SX</arg>
<arg>SY</arg>
<arg>SZ</arg>
<arg>TC</arg>
<arg>TD</arg>
<arg>TF</arg>
<arg>TG</arg>
<arg>TH</arg>
<arg>TJ</arg>
<arg>TK</arg>
<arg>TL</arg>
<arg>TM</arg>
<arg>TN</arg>
<arg>TO</arg>
<arg>TR</arg>
<arg>TT</arg>
<arg>TV</arg>
<arg>TW</arg>
<arg>TZ</arg>
<arg>UA</arg>
<arg>UG</arg>
<arg>UM</arg>
<arg>US</arg>
<arg>UY</arg>
<arg>UZ</arg>
<arg>VA</arg>
<arg>VC</arg>
<arg>VE</arg>
<arg>VG</arg>
<arg>VI</arg>
<arg>VN</arg>
<arg>VU</arg>
<arg>WF</arg>
<arg>WS</arg>
<arg>XK</arg>
<arg>YE</arg>
<arg>YT</arg>
<arg>ZA</arg>
<arg>ZM</arg>
<arg>ZW</arg>
<doc>Returns a list containing given items.</doc>
<status status="PASS" start="2024-07-22T13:18:52.855337" elapsed="0.000641"/>
</kw>
<kw name="List Should Contain Value" owner="Collections">
<arg>${list_country}</arg>
<arg>${name_country}</arg>
<doc>Fails if the ``value`` is not found from ``list``.</doc>
<status status="PASS" start="2024-07-22T13:18:52.856959" elapsed="0.000206"/>
</kw>
<kw name="Run Keyword If" owner="BuiltIn">
<kw name="Should Be True" owner="BuiltIn">
<arg>${True}</arg>
<doc>Fails if the given condition is not true.</doc>
<status status="PASS" start="2024-07-22T13:18:52.858108" elapsed="0.000142"/>
</kw>
<arg>${json_data["results"][0]["location"]["coordinates"]["latitude"]} &gt;= -90 and ${json_data["results"][0]["location"]["coordinates"]["latitude"]} &lt;= 90</arg>
<arg>Should Be True</arg>
<arg>${True}</arg>
<doc>Runs the given keyword with the given arguments, if ``condition`` is true.</doc>
<status status="PASS" start="2024-07-22T13:18:52.857362" elapsed="0.001011"/>
</kw>
<kw name="Run Keyword If" owner="BuiltIn">
<kw name="Should Be True" owner="BuiltIn">
<arg>${True}</arg>
<doc>Fails if the given condition is not true.</doc>
<status status="PASS" start="2024-07-22T13:18:52.859229" elapsed="0.000134"/>
</kw>
<arg>${json_data["results"][0]["location"]["coordinates"]["longitude"]} &gt;= -180 and ${json_data["results"][0]["location"]["coordinates"]["longitude"]} &lt;= 180</arg>
<arg>Should Be True</arg>
<arg>${True}</arg>
<doc>Runs the given keyword with the given arguments, if ``condition`` is true.</doc>
<status status="PASS" start="2024-07-22T13:18:52.858551" elapsed="0.000936"/>
</kw>
<status status="PASS" start="2024-07-22T13:18:52.754269" elapsed="0.105349"/>
</kw>
<doc>Testa o conteúdo específico dos campos retornados pela API.</doc>
<tag>testeConteudo</tag>
<status status="PASS" start="2024-07-22T13:18:52.753779" elapsed="0.106001"/>
</test>
<status status="PASS" start="2024-07-22T13:18:51.950265" elapsed="0.911543"/>
</suite>
<status status="PASS" start="2024-07-22T13:18:51.935873" elapsed="0.931021"/>
</suite>
<statistics>
<total>
<stat pass="5" fail="0" skip="0">All Tests</stat>
</total>
<tag>
<stat pass="1" fail="0" skip="0">testeConteudo</stat>
<stat pass="1" fail="0" skip="0">testeEstruturaResposta</stat>
<stat pass="1" fail="0" skip="0">testeRequisicaoBasica</stat>
<stat pass="1" fail="0" skip="0">testeTiposDados</stat>
</tag>
<suite>
<stat pass="5" fail="0" skip="0" id="s1" name="Tests">Tests</stat>
<stat pass="5" fail="0" skip="0" id="s1-s1" name="Random-User-Test">Tests.Random-User-Test</stat>
</suite>
</statistics>
<errors>
</errors>
</robot>
