<?xml version="1.0" encoding="UTF-8"?>
<robot generator="Robot 7.0.1 (Python 3.12.4 on linux)" generated="2024-07-10T01:07:51.373443" rpa="false" schemaversion="5">
<suite id="s1" name="Tests" source="/home/runner/work/ApiRandomUser/ApiRandomUser/RamdonUser/tests">
<suite id="s1-s1" name="Random-User-Test" source="/home/runner/work/ApiRandomUser/ApiRandomUser/RamdonUser/tests/random-user-test.robot">
<test id="s1-s1-t1" name="Conectar" line="13">
<kw name="Conectar API" owner="random-user-service">
<kw name="Create Session" owner="RequestsLibrary">
<msg time="2024-07-10T01:07:51.788645" level="INFO">Creating Session using : alias=consultarAPI, url=https://randomuser.me/, headers={},                     cookies={}, auth=None, timeout=None, proxies=None, verify=False,                     debug=0 </msg>
<arg>consultarAPI</arg>
<arg>${URL}</arg>
<doc>Create Session: create a HTTP session to a server</doc>
<status status="PASS" start="2024-07-10T01:07:51.788441" elapsed="0.000385"/>
</kw>
<status status="PASS" start="2024-07-10T01:07:51.787461" elapsed="0.001727"/>
</kw>
<status status="PASS" start="2024-07-10T01:07:51.786814" elapsed="0.002611"/>
</test>
<test id="s1-s1-t2" name="Validar retorno 200 e JSON Válido" line="16">
<kw name="Teste de Requisicao Basica" owner="random-user-service">
<kw name="GET On Session" owner="RequestsLibrary">
<msg time="2024-07-10T01:07:51.970123" level="INFO">GET Request : url=https://randomuser.me/api 
 path_url=/api 
 headers={'User-Agent': 'python-requests/2.32.3', 'Accept-Encoding': 'gzip, deflate', 'Accept': '*/*', 'Connection': 'keep-alive'} 
 body=None 
 </msg>
<msg time="2024-07-10T01:07:51.970282" level="INFO">GET Response : url=https://randomuser.me/api 
 status=200, reason=OK 
 headers={'Date': 'Wed, 10 Jul 2024 01:07:51 GMT', 'Content-Type': 'application/json; charset=utf-8', 'Transfer-Encoding': 'chunked', 'Connection': 'keep-alive', 'X-Powered-By': 'Express', 'Access-Control-Allow-Origin': '*', 'Cache-Control': 'no-cache', 'ETag': 'W/"480-j7+e40MONOUpjBcXy3B4SvpWxNc"', 'Vary': 'Accept-Encoding', 'Content-Encoding': 'gzip', 'CF-Cache-Status': 'DYNAMIC', 'Report-To': '{"endpoints":[{"url":"https:\\/\\/a.nel.cloudflare.com\\/report\\/v4?s=2uJTZ4P4QIv0seTwJeRprBnPpqDfMwcWAXNxxV0KWGZ%2FGz%2FUX%2BIHPwd3nCKwSek2yZXJFihdpEMIpr3TkM22vJV42MEKu7Dl8Ia4ubiTuYAQoXzxnV6Q2bjSlXnxq4Gh"}],"group":"cf-nel","max_age":604800}', 'NEL': '{"success_fraction":0,"report_to":"cf-nel","max_age":604800}', 'Server': 'cloudflare', 'CF-RAY': '8a0ca8c98b443824-IAD', 'alt-svc': 'h3=":443"; ma=86400'} 
 body={"results":[{"gender":"male","name":{"title":"Mr","first":"Zeljko","last":"Stahl"},"location":{"street":{"number":4696,"name":"Schulweg"},"city":"Sulingen","state":"Brandenburg","country":"Germany","postcode":89998,"coordinates":{"latitude":"-49.2899","longitude":"-154.8063"},"timezone":{"offset":"+6:00","description":"Almaty, Dhaka, Colombo"}},"email":"zeljko.stahl@example.com","login":{"uuid":"fdc7ed3e-cdc7-4317-bc3d-60f9db12d831","username":"brownsnake474","password":"rider","salt":"U2YDlfEm","md5":"56f20d3a918ae9d03af3b4b434460cb1","sha1":"18afbfa0217bd553da317666b7bdbcb009297400","sha256":"a18bbca20d1c239e951f81c06875ded9808fd68c62aa8ced2a2c4cc0460d166e"},"dob":{"date":"1946-11-18T09:05:17.909Z","age":77},"registered":{"date":"2021-04-24T12:40:42.983Z","age":3},"phone":"0870-1852169","cell":"0177-8469233","id":{"name":"SVNR","value":"68 181146 S 131"},"picture":{"large":"https://randomuser.me/api/portraits/men/62.jpg","medium":"https://randomuser.me/api/portraits/med/men/62.jpg","thumbnail":"https://randomuser.me/api/portraits/thumb/men/62.jpg"},"nat":"DE"}],"info":{"seed":"52c99a3991f6b5ff","results":1,"page":1,"version":"1.4"}} 
 </msg>
<msg time="2024-07-10T01:07:51.970369" level="INFO">/opt/hostedtoolcache/Python/3.12.4/x64/lib/python3.12/site-packages/urllib3/connectionpool.py:1099: InsecureRequestWarning: Unverified HTTPS request is being made to host 'randomuser.me'. Adding certificate verification is strongly advised. See: https://urllib3.readthedocs.io/en/latest/advanced-usage.html#tls-warnings
  warnings.warn(</msg>
<msg time="2024-07-10T01:07:51.970531" level="INFO">${response} = &lt;Response [200]&gt;</msg>
<var>${response}</var>
<arg>consultarAPI</arg>
<arg>/api</arg>
<doc>Sends a GET request on a previously created HTTP Session.</doc>
<status status="PASS" start="2024-07-10T01:07:51.792115" elapsed="0.178465"/>
</kw>
<kw name="Should Be Equal As Numbers" owner="BuiltIn">
<msg time="2024-07-10T01:07:51.971552" level="INFO">Argument types are:
&lt;class 'int'&gt;
&lt;class 'str'&gt;</msg>
<arg>${response.status_code}</arg>
<arg>200</arg>
<doc>Fails if objects are unequal after converting them to real numbers.</doc>
<status status="PASS" start="2024-07-10T01:07:51.971089" elapsed="0.000529"/>
</kw>
<kw name="Log" owner="BuiltIn">
<msg time="2024-07-10T01:07:51.972334" level="INFO">200</msg>
<arg>${response.status_code}</arg>
<doc>Logs the given message with the given level.</doc>
<status status="PASS" start="2024-07-10T01:07:51.971966" elapsed="0.000411"/>
</kw>
<kw name="Set Variable" owner="BuiltIn">
<msg time="2024-07-10T01:07:51.973130" level="INFO">${json_data} = {'results': [{'gender': 'male', 'name': {'title': 'Mr', 'first': 'Zeljko', 'last': 'Stahl'}, 'location': {'street': {'number': 4696, 'name': 'Schulweg'}, 'city': 'Sulingen', 'state': 'Brandenburg', 'c...</msg>
<var>${json_data}</var>
<arg>${response.json()}</arg>
<doc>Returns the given values which can then be assigned to a variables.</doc>
<status status="PASS" start="2024-07-10T01:07:51.972691" elapsed="0.000467"/>
</kw>
<kw name="Dictionary Should Contain Key" owner="Collections">
<arg>${json_data}</arg>
<arg>results</arg>
<doc>Fails if ``key`` is not found from ``dictionary``.</doc>
<status status="PASS" start="2024-07-10T01:07:51.973501" elapsed="0.000168"/>
</kw>
<status status="PASS" start="2024-07-10T01:07:51.791847" elapsed="0.181976"/>
</kw>
<doc>Testa se a API responde corretamente e retorna um objeto JSON válido.</doc>
<tag>testeRequisicaoBasica</tag>
<status status="PASS" start="2024-07-10T01:07:51.791290" elapsed="0.182718"/>
</test>
<test id="s1-s1-t3" name="Validar estrutura de resposta" line="22">
<kw name="Teste de Estrutura de Resposta" owner="random-user-service">
<kw name="GET On Session" owner="RequestsLibrary">
<msg time="2024-07-10T01:07:52.066515" level="INFO">GET Request : url=https://randomuser.me/api 
 path_url=/api 
 headers={'User-Agent': 'python-requests/2.32.3', 'Accept-Encoding': 'gzip, deflate', 'Accept': '*/*', 'Connection': 'keep-alive'} 
 body=None 
 </msg>
<msg time="2024-07-10T01:07:52.066613" level="INFO">GET Response : url=https://randomuser.me/api 
 status=200, reason=OK 
 headers={'Date': 'Wed, 10 Jul 2024 01:07:52 GMT', 'Content-Type': 'application/json; charset=utf-8', 'Transfer-Encoding': 'chunked', 'Connection': 'keep-alive', 'X-Powered-By': 'Express', 'Access-Control-Allow-Origin': '*', 'Cache-Control': 'no-cache', 'ETag': 'W/"4ae-deDpzfreygtlxO8DQq5RxByFrg4"', 'Vary': 'Accept-Encoding', 'Content-Encoding': 'gzip', 'CF-Cache-Status': 'DYNAMIC', 'Report-To': '{"endpoints":[{"url":"https:\\/\\/a.nel.cloudflare.com\\/report\\/v4?s=ioA31XC%2B5M7YujGAf6oPp3OW1s94i0rxl%2FWtIaHzcg%2FWC9fKWsLpGSsD04CQ8pKFUwUIQVfk1Lw53NCIChL3uQhKJ85q0kZhIwwWPTzWTGsaUDtCxQAl1ddnS1VBtqJL"}],"group":"cf-nel","max_age":604800}', 'NEL': '{"success_fraction":0,"report_to":"cf-nel","max_age":604800}', 'Server': 'cloudflare', 'CF-RAY': '8a0ca8c9db813824-IAD', 'alt-svc': 'h3=":443"; ma=86400'} 
 body={"results":[{"gender":"male","name":{"title":"Mr","first":"Noah","last":"Rousseau"},"location":{"street":{"number":3905,"name":"Place du 8 Février 1962"},"city":"Versailles","state":"Seine-et-Marne","country":"France","postcode":96357,"coordinates":{"latitude":"-16.4792","longitude":"-82.1897"},"timezone":{"offset":"+11:00","description":"Magadan, Solomon Islands, New Caledonia"}},"email":"noah.rousseau@example.com","login":{"uuid":"bef64fdf-02b0-4ae1-b525-0dd8c867a5ff","username":"blackgoose145","password":"fergie","salt":"ciQbQ3eT","md5":"67b73c7121e25acf62e723cfd5b02640","sha1":"79886964917d75e2f49612db13c267b5737702a2","sha256":"4b95937374455496160ebce41dc659ecabd148689136ff66ef7ff487dcdb04c0"},"dob":{"date":"1992-04-28T00:26:02.297Z","age":32},"registered":{"date":"2019-10-04T01:20:13.339Z","age":4},"phone":"04-54-46-39-91","cell":"06-43-88-84-93","id":{"name":"INSEE","value":"1920333252825 85"},"picture":{"large":"https://randomuser.me/api/portraits/men/56.jpg","medium":"https://randomuser.me/api/portraits/med/men/56.jpg","thumbnail":"https://randomuser.me/api/portraits/thumb/men/56.jpg"},"nat":"FR"}],"info":{"seed":"09f203bb7d34dad0","results":1,"page":1,"version":"1.4"}} 
 </msg>
<msg time="2024-07-10T01:07:52.066737" level="INFO">/opt/hostedtoolcache/Python/3.12.4/x64/lib/python3.12/site-packages/urllib3/connectionpool.py:1099: InsecureRequestWarning: Unverified HTTPS request is being made to host 'randomuser.me'. Adding certificate verification is strongly advised. See: https://urllib3.readthedocs.io/en/latest/advanced-usage.html#tls-warnings
  warnings.warn(</msg>
<msg time="2024-07-10T01:07:52.066883" level="INFO">${response} = &lt;Response [200]&gt;</msg>
<var>${response}</var>
<arg>consultarAPI</arg>
<arg>/api</arg>
<doc>Sends a GET request on a previously created HTTP Session.</doc>
<status status="PASS" start="2024-07-10T01:07:51.976756" elapsed="0.090170"/>
</kw>
<kw name="Set Variable" owner="BuiltIn">
<msg time="2024-07-10T01:07:52.067950" level="INFO">${json_data} = {'results': [{'gender': 'male', 'name': {'title': 'Mr', 'first': 'Noah', 'last': 'Rousseau'}, 'location': {'street': {'number': 3905, 'name': 'Place du 8 Février 1962'}, 'city': 'Versailles', 'state':...</msg>
<var>${json_data}</var>
<arg>${response.json()}</arg>
<doc>Returns the given values which can then be assigned to a variables.</doc>
<status status="PASS" start="2024-07-10T01:07:52.067413" elapsed="0.000568"/>
</kw>
<kw name="Log" owner="BuiltIn">
<msg time="2024-07-10T01:07:52.068495" level="INFO">{'results': [{'gender': 'male', 'name': {'title': 'Mr', 'first': 'Noah', 'last': 'Rousseau'}, 'location': {'street': {'number': 3905, 'name': 'Place du 8 Février 1962'}, 'city': 'Versailles', 'state': 'Seine-et-Marne', 'country': 'France', 'postcode': 96357, 'coordinates': {'latitude': '-16.4792', 'longitude': '-82.1897'}, 'timezone': {'offset': '+11:00', 'description': 'Magadan, Solomon Islands, New Caledonia'}}, 'email': 'noah.rousseau@example.com', 'login': {'uuid': 'bef64fdf-02b0-4ae1-b525-0dd8c867a5ff', 'username': 'blackgoose145', 'password': 'fergie', 'salt': 'ciQbQ3eT', 'md5': '67b73c7121e25acf62e723cfd5b02640', 'sha1': '79886964917d75e2f49612db13c267b5737702a2', 'sha256': '4b95937374455496160ebce41dc659ecabd148689136ff66ef7ff487dcdb04c0'}, 'dob': {'date': '1992-04-28T00:26:02.297Z', 'age': 32}, 'registered': {'date': '2019-10-04T01:20:13.339Z', 'age': 4}, 'phone': '04-54-46-39-91', 'cell': '06-43-88-84-93', 'id': {'name': 'INSEE', 'value': '1920333252825 85'}, 'picture': {'large': 'https://randomuser.me/api/portraits/men/56.jpg', 'medium': 'https://randomuser.me/api/portraits/med/men/56.jpg', 'thumbnail': 'https://randomuser.me/api/portraits/thumb/men/56.jpg'}, 'nat': 'FR'}], 'info': {'seed': '09f203bb7d34dad0', 'results': 1, 'page': 1, 'version': '1.4'}}</msg>
<arg>${json_data}</arg>
<doc>Logs the given message with the given level.</doc>
<status status="PASS" start="2024-07-10T01:07:52.068322" elapsed="0.000227"/>
</kw>
<kw name="Dictionary Should Contain Key" owner="Collections">
<arg>${json_data}</arg>
<arg>results</arg>
<doc>Fails if ``key`` is not found from ``dictionary``.</doc>
<status status="PASS" start="2024-07-10T01:07:52.068857" elapsed="0.000165"/>
</kw>
<kw name="Should Not Be Empty" owner="BuiltIn">
<msg time="2024-07-10T01:07:52.069384" level="INFO">Length is 2.</msg>
<arg>${json_data}</arg>
<doc>Verifies that the given item is not empty.</doc>
<status status="PASS" start="2024-07-10T01:07:52.069209" elapsed="0.000218"/>
</kw>
<kw name="Create List" owner="BuiltIn">
<msg time="2024-07-10T01:07:52.070045" level="INFO">${expected_keys} = ['gender', 'name', 'location', 'email', 'login']</msg>
<var>${expected_keys}</var>
<arg>gender</arg>
<arg>name</arg>
<arg>location</arg>
<arg>email</arg>
<arg>login</arg>
<doc>Returns a list containing given items.</doc>
<status status="PASS" start="2024-07-10T01:07:52.069732" elapsed="0.000340"/>
</kw>
<for flavor="IN">
<iter>
<kw name="Dictionary Should Contain Key" owner="Collections">
<arg>${json_data['results'][0]}</arg>
<arg>${key}</arg>
<doc>Fails if ``key`` is not found from ``dictionary``.</doc>
<status status="PASS" start="2024-07-10T01:07:52.070676" elapsed="0.000420"/>
</kw>
<kw name="Log" owner="BuiltIn">
<msg time="2024-07-10T01:07:52.071931" level="INFO">{'gender': 'male', 'name': {'title': 'Mr', 'first': 'Noah', 'last': 'Rousseau'}, 'location': {'street': {'number': 3905, 'name': 'Place du 8 Février 1962'}, 'city': 'Versailles', 'state': 'Seine-et-Marne', 'country': 'France', 'postcode': 96357, 'coordinates': {'latitude': '-16.4792', 'longitude': '-82.1897'}, 'timezone': {'offset': '+11:00', 'description': 'Magadan, Solomon Islands, New Caledonia'}}, 'email': 'noah.rousseau@example.com', 'login': {'uuid': 'bef64fdf-02b0-4ae1-b525-0dd8c867a5ff', 'username': 'blackgoose145', 'password': 'fergie', 'salt': 'ciQbQ3eT', 'md5': '67b73c7121e25acf62e723cfd5b02640', 'sha1': '79886964917d75e2f49612db13c267b5737702a2', 'sha256': '4b95937374455496160ebce41dc659ecabd148689136ff66ef7ff487dcdb04c0'}, 'dob': {'date': '1992-04-28T00:26:02.297Z', 'age': 32}, 'registered': {'date': '2019-10-04T01:20:13.339Z', 'age': 4}, 'phone': '04-54-46-39-91', 'cell': '06-43-88-84-93', 'id': {'name': 'INSEE', 'value': '1920333252825 85'}, 'picture': {'large': 'https://randomuser.me/api/portraits/men/56.jpg', 'medium': 'https://randomuser.me/api/portraits/med/men/56.jpg', 'thumbnail': 'https://randomuser.me/api/portraits/thumb/men/56.jpg'}, 'nat': 'FR'}</msg>
<arg>${json_data['results'][0]}</arg>
<doc>Logs the given message with the given level.</doc>
<status status="PASS" start="2024-07-10T01:07:52.071334" elapsed="0.000661"/>
</kw>
<kw name="Log" owner="BuiltIn">
<msg time="2024-07-10T01:07:52.072450" level="INFO">gender</msg>
<arg>${key}</arg>
<doc>Logs the given message with the given level.</doc>
<status status="PASS" start="2024-07-10T01:07:52.072317" elapsed="0.000172"/>
</kw>
<var name="${key}">gender</var>
<status status="PASS" start="2024-07-10T01:07:52.070549" elapsed="0.002161"/>
</iter>
<iter>
<kw name="Dictionary Should Contain Key" owner="Collections">
<arg>${json_data['results'][0]}</arg>
<arg>${key}</arg>
<doc>Fails if ``key`` is not found from ``dictionary``.</doc>
<status status="PASS" start="2024-07-10T01:07:52.073018" elapsed="0.000433"/>
</kw>
<kw name="Log" owner="BuiltIn">
<msg time="2024-07-10T01:07:52.074044" level="INFO">{'gender': 'male', 'name': {'title': 'Mr', 'first': 'Noah', 'last': 'Rousseau'}, 'location': {'street': {'number': 3905, 'name': 'Place du 8 Février 1962'}, 'city': 'Versailles', 'state': 'Seine-et-Marne', 'country': 'France', 'postcode': 96357, 'coordinates': {'latitude': '-16.4792', 'longitude': '-82.1897'}, 'timezone': {'offset': '+11:00', 'description': 'Magadan, Solomon Islands, New Caledonia'}}, 'email': 'noah.rousseau@example.com', 'login': {'uuid': 'bef64fdf-02b0-4ae1-b525-0dd8c867a5ff', 'username': 'blackgoose145', 'password': 'fergie', 'salt': 'ciQbQ3eT', 'md5': '67b73c7121e25acf62e723cfd5b02640', 'sha1': '79886964917d75e2f49612db13c267b5737702a2', 'sha256': '4b95937374455496160ebce41dc659ecabd148689136ff66ef7ff487dcdb04c0'}, 'dob': {'date': '1992-04-28T00:26:02.297Z', 'age': 32}, 'registered': {'date': '2019-10-04T01:20:13.339Z', 'age': 4}, 'phone': '04-54-46-39-91', 'cell': '06-43-88-84-93', 'id': {'name': 'INSEE', 'value': '1920333252825 85'}, 'picture': {'large': 'https://randomuser.me/api/portraits/men/56.jpg', 'medium': 'https://randomuser.me/api/portraits/med/men/56.jpg', 'thumbnail': 'https://randomuser.me/api/portraits/thumb/men/56.jpg'}, 'nat': 'FR'}</msg>
<arg>${json_data['results'][0]}</arg>
<doc>Logs the given message with the given level.</doc>
<status status="PASS" start="2024-07-10T01:07:52.073675" elapsed="0.000422"/>
</kw>
<kw name="Log" owner="BuiltIn">
<msg time="2024-07-10T01:07:52.074532" level="INFO">name</msg>
<arg>${key}</arg>
<doc>Logs the given message with the given level.</doc>
<status status="PASS" start="2024-07-10T01:07:52.074401" elapsed="0.000169"/>
</kw>
<var name="${key}">name</var>
<status status="PASS" start="2024-07-10T01:07:52.072902" elapsed="0.001885"/>
</iter>
<iter>
<kw name="Dictionary Should Contain Key" owner="Collections">
<arg>${json_data['results'][0]}</arg>
<arg>${key}</arg>
<doc>Fails if ``key`` is not found from ``dictionary``.</doc>
<status status="PASS" start="2024-07-10T01:07:52.075077" elapsed="0.000384"/>
</kw>
<kw name="Log" owner="BuiltIn">
<msg time="2024-07-10T01:07:52.076008" level="INFO">{'gender': 'male', 'name': {'title': 'Mr', 'first': 'Noah', 'last': 'Rousseau'}, 'location': {'street': {'number': 3905, 'name': 'Place du 8 Février 1962'}, 'city': 'Versailles', 'state': 'Seine-et-Marne', 'country': 'France', 'postcode': 96357, 'coordinates': {'latitude': '-16.4792', 'longitude': '-82.1897'}, 'timezone': {'offset': '+11:00', 'description': 'Magadan, Solomon Islands, New Caledonia'}}, 'email': 'noah.rousseau@example.com', 'login': {'uuid': 'bef64fdf-02b0-4ae1-b525-0dd8c867a5ff', 'username': 'blackgoose145', 'password': 'fergie', 'salt': 'ciQbQ3eT', 'md5': '67b73c7121e25acf62e723cfd5b02640', 'sha1': '79886964917d75e2f49612db13c267b5737702a2', 'sha256': '4b95937374455496160ebce41dc659ecabd148689136ff66ef7ff487dcdb04c0'}, 'dob': {'date': '1992-04-28T00:26:02.297Z', 'age': 32}, 'registered': {'date': '2019-10-04T01:20:13.339Z', 'age': 4}, 'phone': '04-54-46-39-91', 'cell': '06-43-88-84-93', 'id': {'name': 'INSEE', 'value': '1920333252825 85'}, 'picture': {'large': 'https://randomuser.me/api/portraits/men/56.jpg', 'medium': 'https://randomuser.me/api/portraits/med/men/56.jpg', 'thumbnail': 'https://randomuser.me/api/portraits/thumb/men/56.jpg'}, 'nat': 'FR'}</msg>
<arg>${json_data['results'][0]}</arg>
<doc>Logs the given message with the given level.</doc>
<status status="PASS" start="2024-07-10T01:07:52.075652" elapsed="0.000406"/>
</kw>
<kw name="Log" owner="BuiltIn">
<msg time="2024-07-10T01:07:52.076493" level="INFO">location</msg>
<arg>${key}</arg>
<doc>Logs the given message with the given level.</doc>
<status status="PASS" start="2024-07-10T01:07:52.076363" elapsed="0.000168"/>
</kw>
<var name="${key}">location</var>
<status status="PASS" start="2024-07-10T01:07:52.074968" elapsed="0.001787"/>
</iter>
<iter>
<kw name="Dictionary Should Contain Key" owner="Collections">
<arg>${json_data['results'][0]}</arg>
<arg>${key}</arg>
<doc>Fails if ``key`` is not found from ``dictionary``.</doc>
<status status="PASS" start="2024-07-10T01:07:52.077037" elapsed="0.000432"/>
</kw>
<kw name="Log" owner="BuiltIn">
<msg time="2024-07-10T01:07:52.078020" level="INFO">{'gender': 'male', 'name': {'title': 'Mr', 'first': 'Noah', 'last': 'Rousseau'}, 'location': {'street': {'number': 3905, 'name': 'Place du 8 Février 1962'}, 'city': 'Versailles', 'state': 'Seine-et-Marne', 'country': 'France', 'postcode': 96357, 'coordinates': {'latitude': '-16.4792', 'longitude': '-82.1897'}, 'timezone': {'offset': '+11:00', 'description': 'Magadan, Solomon Islands, New Caledonia'}}, 'email': 'noah.rousseau@example.com', 'login': {'uuid': 'bef64fdf-02b0-4ae1-b525-0dd8c867a5ff', 'username': 'blackgoose145', 'password': 'fergie', 'salt': 'ciQbQ3eT', 'md5': '67b73c7121e25acf62e723cfd5b02640', 'sha1': '79886964917d75e2f49612db13c267b5737702a2', 'sha256': '4b95937374455496160ebce41dc659ecabd148689136ff66ef7ff487dcdb04c0'}, 'dob': {'date': '1992-04-28T00:26:02.297Z', 'age': 32}, 'registered': {'date': '2019-10-04T01:20:13.339Z', 'age': 4}, 'phone': '04-54-46-39-91', 'cell': '06-43-88-84-93', 'id': {'name': 'INSEE', 'value': '1920333252825 85'}, 'picture': {'large': 'https://randomuser.me/api/portraits/men/56.jpg', 'medium': 'https://randomuser.me/api/portraits/med/men/56.jpg', 'thumbnail': 'https://randomuser.me/api/portraits/thumb/men/56.jpg'}, 'nat': 'FR'}</msg>
<arg>${json_data['results'][0]}</arg>
<doc>Logs the given message with the given level.</doc>
<status status="PASS" start="2024-07-10T01:07:52.077662" elapsed="0.000409"/>
</kw>
<kw name="Log" owner="BuiltIn">
<msg time="2024-07-10T01:07:52.078502" level="INFO">email</msg>
<arg>${key}</arg>
<doc>Logs the given message with the given level.</doc>
<status status="PASS" start="2024-07-10T01:07:52.078368" elapsed="0.000173"/>
</kw>
<var name="${key}">email</var>
<status status="PASS" start="2024-07-10T01:07:52.076928" elapsed="0.001833"/>
</iter>
<iter>
<kw name="Dictionary Should Contain Key" owner="Collections">
<arg>${json_data['results'][0]}</arg>
<arg>${key}</arg>
<doc>Fails if ``key`` is not found from ``dictionary``.</doc>
<status status="PASS" start="2024-07-10T01:07:52.079049" elapsed="0.000381"/>
</kw>
<kw name="Log" owner="BuiltIn">
<msg time="2024-07-10T01:07:52.079970" level="INFO">{'gender': 'male', 'name': {'title': 'Mr', 'first': 'Noah', 'last': 'Rousseau'}, 'location': {'street': {'number': 3905, 'name': 'Place du 8 Février 1962'}, 'city': 'Versailles', 'state': 'Seine-et-Marne', 'country': 'France', 'postcode': 96357, 'coordinates': {'latitude': '-16.4792', 'longitude': '-82.1897'}, 'timezone': {'offset': '+11:00', 'description': 'Magadan, Solomon Islands, New Caledonia'}}, 'email': 'noah.rousseau@example.com', 'login': {'uuid': 'bef64fdf-02b0-4ae1-b525-0dd8c867a5ff', 'username': 'blackgoose145', 'password': 'fergie', 'salt': 'ciQbQ3eT', 'md5': '67b73c7121e25acf62e723cfd5b02640', 'sha1': '79886964917d75e2f49612db13c267b5737702a2', 'sha256': '4b95937374455496160ebce41dc659ecabd148689136ff66ef7ff487dcdb04c0'}, 'dob': {'date': '1992-04-28T00:26:02.297Z', 'age': 32}, 'registered': {'date': '2019-10-04T01:20:13.339Z', 'age': 4}, 'phone': '04-54-46-39-91', 'cell': '06-43-88-84-93', 'id': {'name': 'INSEE', 'value': '1920333252825 85'}, 'picture': {'large': 'https://randomuser.me/api/portraits/men/56.jpg', 'medium': 'https://randomuser.me/api/portraits/med/men/56.jpg', 'thumbnail': 'https://randomuser.me/api/portraits/thumb/men/56.jpg'}, 'nat': 'FR'}</msg>
<arg>${json_data['results'][0]}</arg>
<doc>Logs the given message with the given level.</doc>
<status status="PASS" start="2024-07-10T01:07:52.079611" elapsed="0.000410"/>
</kw>
<kw name="Log" owner="BuiltIn">
<msg time="2024-07-10T01:07:52.080443" level="INFO">login</msg>
<arg>${key}</arg>
<doc>Logs the given message with the given level.</doc>
<status status="PASS" start="2024-07-10T01:07:52.080316" elapsed="0.000165"/>
</kw>
<var name="${key}">login</var>
<status status="PASS" start="2024-07-10T01:07:52.078935" elapsed="0.001763"/>
</iter>
<var>${key}</var>
<value>@{expected_keys}</value>
<status status="PASS" start="2024-07-10T01:07:52.070348" elapsed="0.010500"/>
</for>
<kw name="Create List" owner="BuiltIn">
<msg time="2024-07-10T01:07:52.081196" level="INFO">${expected_keysTwo} = ['username', 'password']</msg>
<var>${expected_keysTwo}</var>
<arg>username</arg>
<arg>password</arg>
<doc>Returns a list containing given items.</doc>
<status status="PASS" start="2024-07-10T01:07:52.081051" elapsed="0.000170"/>
</kw>
<for flavor="IN">
<iter>
<kw name="Dictionary Should Contain Key" owner="Collections">
<arg>${json_data['results'][0]['login']}</arg>
<arg>${keyTwo}</arg>
<doc>Fails if ``key`` is not found from ``dictionary``.</doc>
<status status="PASS" start="2024-07-10T01:07:52.081791" elapsed="0.000384"/>
</kw>
<kw name="Dictionary Should Contain Key" owner="Collections">
<arg>${json_data['results'][0]['login']}</arg>
<arg>${keyTwo}</arg>
<doc>Fails if ``key`` is not found from ``dictionary``.</doc>
<status status="PASS" start="2024-07-10T01:07:52.082355" elapsed="0.000372"/>
</kw>
<kw name="Log" owner="BuiltIn">
<msg time="2024-07-10T01:07:52.083039" level="INFO">username</msg>
<arg>${keyTwo}</arg>
<doc>Logs the given message with the given level.</doc>
<status status="PASS" start="2024-07-10T01:07:52.082915" elapsed="0.000162"/>
</kw>
<var name="${keyTwo}">username</var>
<status status="PASS" start="2024-07-10T01:07:52.081678" elapsed="0.001618"/>
</iter>
<iter>
<kw name="Dictionary Should Contain Key" owner="Collections">
<arg>${json_data['results'][0]['login']}</arg>
<arg>${keyTwo}</arg>
<doc>Fails if ``key`` is not found from ``dictionary``.</doc>
<status status="PASS" start="2024-07-10T01:07:52.083574" elapsed="0.000390"/>
</kw>
<kw name="Dictionary Should Contain Key" owner="Collections">
<arg>${json_data['results'][0]['login']}</arg>
<arg>${keyTwo}</arg>
<doc>Fails if ``key`` is not found from ``dictionary``.</doc>
<status status="PASS" start="2024-07-10T01:07:52.084144" elapsed="0.000366"/>
</kw>
<kw name="Log" owner="BuiltIn">
<msg time="2024-07-10T01:07:52.084809" level="INFO">password</msg>
<arg>${keyTwo}</arg>
<doc>Logs the given message with the given level.</doc>
<status status="PASS" start="2024-07-10T01:07:52.084688" elapsed="0.000164"/>
</kw>
<var name="${keyTwo}">password</var>
<status status="PASS" start="2024-07-10T01:07:52.083467" elapsed="0.001701"/>
</iter>
<var>${keyTwo}</var>
<value>@{expected_keysTwo}</value>
<status status="PASS" start="2024-07-10T01:07:52.081508" elapsed="0.003823"/>
</for>
<status status="PASS" start="2024-07-10T01:07:51.976513" elapsed="0.108974"/>
</kw>
<doc>Testa a estrutura da resposta da API.</doc>
<tag>testeEstruturaResposta</tag>
<status status="PASS" start="2024-07-10T01:07:51.975895" elapsed="0.109750"/>
</test>
<test id="s1-s1-t4" name="Validar tipos de dados" line="28">
<kw name="Teste de Tipos de Dados" owner="random-user-service">
<kw name="GET On Session" owner="RequestsLibrary">
<msg time="2024-07-10T01:07:52.167721" level="INFO">GET Request : url=https://randomuser.me/api 
 path_url=/api 
 headers={'User-Agent': 'python-requests/2.32.3', 'Accept-Encoding': 'gzip, deflate', 'Accept': '*/*', 'Connection': 'keep-alive'} 
 body=None 
 </msg>
<msg time="2024-07-10T01:07:52.167820" level="INFO">GET Response : url=https://randomuser.me/api 
 status=200, reason=OK 
 headers={'Date': 'Wed, 10 Jul 2024 01:07:52 GMT', 'Content-Type': 'application/json; charset=utf-8', 'Transfer-Encoding': 'chunked', 'Connection': 'keep-alive', 'X-Powered-By': 'Express', 'Access-Control-Allow-Origin': '*', 'Cache-Control': 'no-cache', 'ETag': 'W/"4a1-S5M9t13vJ8Xc0VXrTJTlo2mzIIM"', 'Vary': 'Accept-Encoding', 'Content-Encoding': 'gzip', 'CF-Cache-Status': 'DYNAMIC', 'Report-To': '{"endpoints":[{"url":"https:\\/\\/a.nel.cloudflare.com\\/report\\/v4?s=Aw4x5sAFOr1tdPu%2BGEYYZ1STGWpGZygKrF8e8KmtHKnE0zLFhUeq3lAc8bIgj7CVOHil%2Bq7qNDxXJ5OhW0qVobT2YuMp228V9dBXtze%2BwdoyYSM3LUIvKqIXHUPhux61"}],"group":"cf-nel","max_age":604800}', 'NEL': '{"success_fraction":0,"report_to":"cf-nel","max_age":604800}', 'Server': 'cloudflare', 'CF-RAY': '8a0ca8ca8c1d3824-IAD', 'alt-svc': 'h3=":443"; ma=86400'} 
 body={"results":[{"gender":"male","name":{"title":"Mr","first":"Stoymir","last":"Shatkovskiy"},"location":{"street":{"number":6788,"name":"Agrotehnikiv"},"city":"Kamin-Kashirskiy","state":"Avtonomna Respublika Krim","country":"Ukraine","postcode":67330,"coordinates":{"latitude":"75.3396","longitude":"-17.1378"},"timezone":{"offset":"-8:00","description":"Pacific Time (US &amp; Canada)"}},"email":"stoymir.shatkovskiy@example.com","login":{"uuid":"de2a060a-bfb2-43b2-a728-8e6f9410e3b5","username":"blackleopard575","password":"hudson","salt":"S8UimSh6","md5":"dc07430548807f65da7ee5fcb512a691","sha1":"ed8583242b0977a3e44b8f3d4e8b6fc1b9168e9b","sha256":"64956f3ec95308bc149e10098c6e49b2ae93db60c91f9817860643225dcb0501"},"dob":{"date":"1995-10-19T22:41:45.087Z","age":28},"registered":{"date":"2010-01-10T16:02:45.517Z","age":14},"phone":"(097) H00-8273","cell":"(067) P02-8645","id":{"name":"","value":null},"picture":{"large":"https://randomuser.me/api/portraits/men/98.jpg","medium":"https://randomuser.me/api/portraits/med/men/98.jpg","thumbnail":"https://randomuser.me/api/portraits/thumb/men/98.jpg"},"nat":"UA"}],"info":{"seed":"b363b266d6780628","results":1,"page":1,"version":"1.4"}} 
 </msg>
<msg time="2024-07-10T01:07:52.167890" level="INFO">/opt/hostedtoolcache/Python/3.12.4/x64/lib/python3.12/site-packages/urllib3/connectionpool.py:1099: InsecureRequestWarning: Unverified HTTPS request is being made to host 'randomuser.me'. Adding certificate verification is strongly advised. See: https://urllib3.readthedocs.io/en/latest/advanced-usage.html#tls-warnings
  warnings.warn(</msg>
<msg time="2024-07-10T01:07:52.168027" level="INFO">${response} = &lt;Response [200]&gt;</msg>
<var>${response}</var>
<arg>consultarAPI</arg>
<arg>/api</arg>
<doc>Sends a GET request on a previously created HTTP Session.</doc>
<status status="PASS" start="2024-07-10T01:07:52.088260" elapsed="0.079810"/>
</kw>
<kw name="Set Variable" owner="BuiltIn">
<msg time="2024-07-10T01:07:52.169111" level="INFO">${json_data} = {'results': [{'gender': 'male', 'name': {'title': 'Mr', 'first': 'Stoymir', 'last': 'Shatkovskiy'}, 'location': {'street': {'number': 6788, 'name': 'Agrotehnikiv'}, 'city': 'Kamin-Kashirskiy', 'state'...</msg>
<var>${json_data}</var>
<arg>${response.json()}</arg>
<doc>Returns the given values which can then be assigned to a variables.</doc>
<status status="PASS" start="2024-07-10T01:07:52.168580" elapsed="0.000561"/>
</kw>
<kw name="Log" owner="BuiltIn">
<msg time="2024-07-10T01:07:52.169720" level="INFO">{'results': [{'gender': 'male', 'name': {'title': 'Mr', 'first': 'Stoymir', 'last': 'Shatkovskiy'}, 'location': {'street': {'number': 6788, 'name': 'Agrotehnikiv'}, 'city': 'Kamin-Kashirskiy', 'state': 'Avtonomna Respublika Krim', 'country': 'Ukraine', 'postcode': 67330, 'coordinates': {'latitude': '75.3396', 'longitude': '-17.1378'}, 'timezone': {'offset': '-8:00', 'description': 'Pacific Time (US &amp; Canada)'}}, 'email': 'stoymir.shatkovskiy@example.com', 'login': {'uuid': 'de2a060a-bfb2-43b2-a728-8e6f9410e3b5', 'username': 'blackleopard575', 'password': 'hudson', 'salt': 'S8UimSh6', 'md5': 'dc07430548807f65da7ee5fcb512a691', 'sha1': 'ed8583242b0977a3e44b8f3d4e8b6fc1b9168e9b', 'sha256': '64956f3ec95308bc149e10098c6e49b2ae93db60c91f9817860643225dcb0501'}, 'dob': {'date': '1995-10-19T22:41:45.087Z', 'age': 28}, 'registered': {'date': '2010-01-10T16:02:45.517Z', 'age': 14}, 'phone': '(097) H00-8273', 'cell': '(067) P02-8645', 'id': {'name': '', 'value': None}, 'picture': {'large': 'https://randomuser.me/api/portraits/men/98.jpg', 'medium': 'https://randomuser.me/api/portraits/med/men/98.jpg', 'thumbnail': 'https://randomuser.me/api/portraits/thumb/men/98.jpg'}, 'nat': 'UA'}], 'info': {'seed': 'b363b266d6780628', 'results': 1, 'page': 1, 'version': '1.4'}}</msg>
<arg>${json_data}</arg>
<doc>Logs the given message with the given level.</doc>
<status status="PASS" start="2024-07-10T01:07:52.169546" elapsed="0.000227"/>
</kw>
<kw name="Should Be String" owner="String">
<arg>${json_data['results'][0]['gender']}</arg>
<doc>Fails if the given ``item`` is not a string.</doc>
<status status="PASS" start="2024-07-10T01:07:52.170125" elapsed="0.000390"/>
</kw>
<kw name="Should Match Regexp" owner="BuiltIn">
<arg>${json_data['results'][0]['email']}</arg>
<arg>^[a-zA-Z0-9._%+-]+@[a-zA-Z0-9.-]+\.[a-zA-Z]{2,}$</arg>
<doc>Fails if ``string`` does not match ``pattern`` as a regular expression.</doc>
<status status="PASS" start="2024-07-10T01:07:52.170714" elapsed="0.000539"/>
</kw>
<kw name="Should Match Regexp" owner="BuiltIn">
<arg>${json_data['results'][0]['dob']['date']}</arg>
<arg>\\d{4}-\\d{2}-\\d{2}T\\d{2}:\\d{2}:\\d{2}\\.\\d{3}Z</arg>
<doc>Fails if ``string`` does not match ``pattern`` as a regular expression.</doc>
<status status="PASS" start="2024-07-10T01:07:52.171453" elapsed="0.000509"/>
</kw>
<kw name="Should Match Regexp" owner="BuiltIn">
<arg>${json_data['results'][0]['registered']['date']}</arg>
<arg>\\d{4}-\\d{2}-\\d{2}T\\d{2}:\\d{2}:\\d{2}\\.\\d{3}Z</arg>
<doc>Fails if ``string`` does not match ``pattern`` as a regular expression.</doc>
<status status="PASS" start="2024-07-10T01:07:52.172155" elapsed="0.000378"/>
</kw>
<kw name="Should Match Regexp" owner="BuiltIn">
<arg>${json_data['results'][0]['picture']['large']}</arg>
<arg>^https?://.*\.(?:png|jpe?g|gif|bmp)$</arg>
<doc>Fails if ``string`` does not match ``pattern`` as a regular expression.</doc>
<status status="PASS" start="2024-07-10T01:07:52.172726" elapsed="0.000469"/>
</kw>
<kw name="Should Match Regexp" owner="BuiltIn">
<arg>${json_data['results'][0]['picture']['medium']}</arg>
<arg>^https?://.*\.(?:png|jpe?g|gif|bmp)$</arg>
<doc>Fails if ``string`` does not match ``pattern`` as a regular expression.</doc>
<status status="PASS" start="2024-07-10T01:07:52.173426" elapsed="0.000364"/>
</kw>
<kw name="Should Match Regexp" owner="BuiltIn">
<arg>${json_data['results'][0]['picture']['thumbnail']}</arg>
<arg>^https?://.*\.(?:png|jpe?g|gif|bmp)$</arg>
<doc>Fails if ``string`` does not match ``pattern`` as a regular expression.</doc>
<status status="PASS" start="2024-07-10T01:07:52.173976" elapsed="0.000350"/>
</kw>
<kw name="Log" owner="BuiltIn">
<msg time="2024-07-10T01:07:52.174848" level="INFO">{'large': 'https://randomuser.me/api/portraits/men/98.jpg', 'medium': 'https://randomuser.me/api/portraits/med/men/98.jpg', 'thumbnail': 'https://randomuser.me/api/portraits/thumb/men/98.jpg'}</msg>
<arg>${json_data['results'][0]['picture']}</arg>
<doc>Logs the given message with the given level.</doc>
<status status="PASS" start="2024-07-10T01:07:52.174513" elapsed="0.000379"/>
</kw>
<status status="PASS" start="2024-07-10T01:07:52.088029" elapsed="0.087130"/>
</kw>
<kw name="Teste de Tipos de Dados - Postcode" owner="random-user-service">
<kw name="GET On Session" owner="RequestsLibrary">
<msg time="2024-07-10T01:07:52.286983" level="INFO">GET Request : url=https://randomuser.me/api 
 path_url=/api 
 headers={'User-Agent': 'python-requests/2.32.3', 'Accept-Encoding': 'gzip, deflate', 'Accept': '*/*', 'Connection': 'keep-alive'} 
 body=None 
 </msg>
<msg time="2024-07-10T01:07:52.287130" level="INFO">GET Response : url=https://randomuser.me/api 
 status=200, reason=OK 
 headers={'Date': 'Wed, 10 Jul 2024 01:07:52 GMT', 'Content-Type': 'application/json; charset=utf-8', 'Transfer-Encoding': 'chunked', 'Connection': 'keep-alive', 'X-Powered-By': 'Express', 'Access-Control-Allow-Origin': '*', 'Cache-Control': 'no-cache', 'ETag': 'W/"49b-5Ik40NXjtNpdkXCOb6gcVsKI4ek"', 'Vary': 'Accept-Encoding', 'Content-Encoding': 'gzip', 'CF-Cache-Status': 'DYNAMIC', 'Report-To': '{"endpoints":[{"url":"https:\\/\\/a.nel.cloudflare.com\\/report\\/v4?s=VecQ2aBtXG1MtGiQXGgDewMczRIoAsqnZLYu7Pt3O83Bs3qIzrXBulklcx8OvMyppd8UjgjdK8%2BP21zRMqnCu5o06IKxtpT0TYVxB2E8QyslfwQafi0BH%2FvN5Np9b%2F1r"}],"group":"cf-nel","max_age":604800}', 'NEL': '{"success_fraction":0,"report_to":"cf-nel","max_age":604800}', 'Server': 'cloudflare', 'CF-RAY': '8a0ca8cb1ca33824-IAD', 'alt-svc': 'h3=":443"; ma=86400'} 
 body={"results":[{"gender":"male","name":{"title":"Monsieur","first":"Julian","last":"Blanc"},"location":{"street":{"number":9818,"name":"Rue Denfert-Rochereau"},"city":"Saint-Imier","state":"St. Gallen","country":"Switzerland","postcode":6563,"coordinates":{"latitude":"-58.9044","longitude":"-76.8418"},"timezone":{"offset":"+2:00","description":"Kaliningrad, South Africa"}},"email":"julian.blanc@example.com","login":{"uuid":"818facb2-41c6-45bd-bbde-e0ae936d1534","username":"tinytiger929","password":"radio","salt":"sgUywSZ9","md5":"82576731bcfca0aaed26affb834b03ab","sha1":"17ec7f011ade430aa48f93995bbd9bfc06c75c5c","sha256":"c32b0b2a49877c778ab6309d104853876fd99b8e546caa1d638f9b7862ebf10a"},"dob":{"date":"1946-06-11T22:35:19.560Z","age":78},"registered":{"date":"2015-02-13T10:40:00.955Z","age":9},"phone":"076 381 32 29","cell":"078 879 45 72","id":{"name":"AVS","value":"756.9738.7821.77"},"picture":{"large":"https://randomuser.me/api/portraits/men/91.jpg","medium":"https://randomuser.me/api/portraits/med/men/91.jpg","thumbnail":"https://randomuser.me/api/portraits/thumb/men/91.jpg"},"nat":"CH"}],"info":{"seed":"0ba523108a8a7f5b","results":1,"page":1,"version":"1.4"}} 
 </msg>
<msg time="2024-07-10T01:07:52.287241" level="INFO">/opt/hostedtoolcache/Python/3.12.4/x64/lib/python3.12/site-packages/urllib3/connectionpool.py:1099: InsecureRequestWarning: Unverified HTTPS request is being made to host 'randomuser.me'. Adding certificate verification is strongly advised. See: https://urllib3.readthedocs.io/en/latest/advanced-usage.html#tls-warnings
  warnings.warn(</msg>
<msg time="2024-07-10T01:07:52.287422" level="INFO">${response} = &lt;Response [200]&gt;</msg>
<var>${response}</var>
<arg>consultarAPI</arg>
<arg>/api</arg>
<doc>Sends a GET request on a previously created HTTP Session.</doc>
<status status="PASS" start="2024-07-10T01:07:52.175634" elapsed="0.111838"/>
</kw>
<kw name="Set Variable" owner="BuiltIn">
<msg time="2024-07-10T01:07:52.289034" level="INFO">${json_data} = {'results': [{'gender': 'male', 'name': {'title': 'Monsieur', 'first': 'Julian', 'last': 'Blanc'}, 'location': {'street': {'number': 9818, 'name': 'Rue Denfert-Rochereau'}, 'city': 'Saint-Imier', 'sta...</msg>
<var>${json_data}</var>
<arg>${response.json()}</arg>
<doc>Returns the given values which can then be assigned to a variables.</doc>
<status status="PASS" start="2024-07-10T01:07:52.288206" elapsed="0.000878"/>
</kw>
<kw name="Log" owner="BuiltIn">
<msg time="2024-07-10T01:07:52.289900" level="INFO">{'results': [{'gender': 'male', 'name': {'title': 'Monsieur', 'first': 'Julian', 'last': 'Blanc'}, 'location': {'street': {'number': 9818, 'name': 'Rue Denfert-Rochereau'}, 'city': 'Saint-Imier', 'state': 'St. Gallen', 'country': 'Switzerland', 'postcode': 6563, 'coordinates': {'latitude': '-58.9044', 'longitude': '-76.8418'}, 'timezone': {'offset': '+2:00', 'description': 'Kaliningrad, South Africa'}}, 'email': 'julian.blanc@example.com', 'login': {'uuid': '818facb2-41c6-45bd-bbde-e0ae936d1534', 'username': 'tinytiger929', 'password': 'radio', 'salt': 'sgUywSZ9', 'md5': '82576731bcfca0aaed26affb834b03ab', 'sha1': '17ec7f011ade430aa48f93995bbd9bfc06c75c5c', 'sha256': 'c32b0b2a49877c778ab6309d104853876fd99b8e546caa1d638f9b7862ebf10a'}, 'dob': {'date': '1946-06-11T22:35:19.560Z', 'age': 78}, 'registered': {'date': '2015-02-13T10:40:00.955Z', 'age': 9}, 'phone': '076 381 32 29', 'cell': '078 879 45 72', 'id': {'name': 'AVS', 'value': '756.9738.7821.77'}, 'picture': {'large': 'https://randomuser.me/api/portraits/men/91.jpg', 'medium': 'https://randomuser.me/api/portraits/med/men/91.jpg', 'thumbnail': 'https://randomuser.me/api/portraits/thumb/men/91.jpg'}, 'nat': 'CH'}], 'info': {'seed': '0ba523108a8a7f5b', 'results': 1, 'page': 1, 'version': '1.4'}}</msg>
<arg>${json_data}</arg>
<doc>Logs the given message with the given level.</doc>
<status status="PASS" start="2024-07-10T01:07:52.289650" elapsed="0.000340"/>
</kw>
<kw name="Should Be Equal As Numbers" owner="BuiltIn">
<arg>${json_data['results'][0]['location']['postcode']}</arg>
<arg>${json_data['results'][0]['location']['postcode']}</arg>
<doc>Fails if objects are unequal after converting them to real numbers.</doc>
<status status="PASS" start="2024-07-10T01:07:52.290476" elapsed="0.001094"/>
</kw>
<kw name="Log" owner="BuiltIn">
<msg time="2024-07-10T01:07:52.292753" level="INFO">6563</msg>
<arg>${json_data['results'][0]['location']['postcode']}</arg>
<doc>Logs the given message with the given level.</doc>
<status status="PASS" start="2024-07-10T01:07:52.291911" elapsed="0.000910"/>
</kw>
<status status="PASS" start="2024-07-10T01:07:52.175396" elapsed="0.117800"/>
</kw>
<doc>Testa se os tipos de dados na resposta da API estão corretos.</doc>
<tag>testeTiposDados</tag>
<status status="PASS" start="2024-07-10T01:07:52.087469" elapsed="0.206021"/>
</test>
<test id="s1-s1-t5" name="Validar conteudo" line="35">
<kw name="Teste de Tipos de Conteudo" owner="random-user-service">
<kw name="GET On Session" owner="RequestsLibrary">
<msg time="2024-07-10T01:07:52.369827" level="INFO">GET Request : url=https://randomuser.me/api 
 path_url=/api 
 headers={'User-Agent': 'python-requests/2.32.3', 'Accept-Encoding': 'gzip, deflate', 'Accept': '*/*', 'Connection': 'keep-alive'} 
 body=None 
 </msg>
<msg time="2024-07-10T01:07:52.369948" level="INFO">GET Response : url=https://randomuser.me/api 
 status=200, reason=OK 
 headers={'Date': 'Wed, 10 Jul 2024 01:07:52 GMT', 'Content-Type': 'application/json; charset=utf-8', 'Transfer-Encoding': 'chunked', 'Connection': 'keep-alive', 'X-Powered-By': 'Express', 'Access-Control-Allow-Origin': '*', 'Cache-Control': 'no-cache', 'ETag': 'W/"485-HCm3ExEcUEhBMJS8rSsTUODeX8I"', 'Vary': 'Accept-Encoding', 'Content-Encoding': 'gzip', 'CF-Cache-Status': 'DYNAMIC', 'Report-To': '{"endpoints":[{"url":"https:\\/\\/a.nel.cloudflare.com\\/report\\/v4?s=oXAQboB3Mtk%2BvL2a4bUNzfEIRnh%2B5eUBs0FEVTBzXIjCxWlpseUzZAayNrSJM1%2B4VcFst8FBnAJ7ixfST18wj1XtZ0hzn%2BpEzZW%2F5HYtHj0ALaGVjiHRoUmaIVLYQfL0"}],"group":"cf-nel","max_age":604800}', 'NEL': '{"success_fraction":0,"report_to":"cf-nel","max_age":604800}', 'Server': 'cloudflare', 'CF-RAY': '8a0ca8cbdd5b3824-IAD', 'alt-svc': 'h3=":443"; ma=86400'} 
 body={"results":[{"gender":"female","name":{"title":"Mrs","first":"مارال","last":"قاسمی"},"location":{"street":{"number":8797,"name":"آفریقا"},"city":"گلستان","state":"خوزستان","country":"Iran","postcode":57503,"coordinates":{"latitude":"17.0208","longitude":"61.7447"},"timezone":{"offset":"-11:00","description":"Midway Island, Samoa"}},"email":"mrl.qsmy@example.com","login":{"uuid":"9881e0f6-80b7-4fee-905a-ca8c2aa19f81","username":"purplerabbit676","password":"duncan","salt":"bRB836wc","md5":"a03c292cf042a8be2c7bf7589a4f2bfc","sha1":"6ecc7e1fd418761b6eeeeec8706fa3aa5eea3371","sha256":"54dc84780867affd11b3d6f815778329f2ab7e43f7ce200ece761502f0651501"},"dob":{"date":"1974-02-27T01:41:26.544Z","age":50},"registered":{"date":"2017-07-29T22:07:24.508Z","age":6},"phone":"066-16951665","cell":"0976-594-1371","id":{"name":"","value":null},"picture":{"large":"https://randomuser.me/api/portraits/women/14.jpg","medium":"https://randomuser.me/api/portraits/med/women/14.jpg","thumbnail":"https://randomuser.me/api/portraits/thumb/women/14.jpg"},"nat":"IR"}],"info":{"seed":"6436e5e63e7cc717","results":1,"page":1,"version":"1.4"}} 
 </msg>
<msg time="2024-07-10T01:07:52.370028" level="INFO">/opt/hostedtoolcache/Python/3.12.4/x64/lib/python3.12/site-packages/urllib3/connectionpool.py:1099: InsecureRequestWarning: Unverified HTTPS request is being made to host 'randomuser.me'. Adding certificate verification is strongly advised. See: https://urllib3.readthedocs.io/en/latest/advanced-usage.html#tls-warnings
  warnings.warn(</msg>
<msg time="2024-07-10T01:07:52.370149" level="INFO">${response} = &lt;Response [200]&gt;</msg>
<var>${response}</var>
<arg>consultarAPI</arg>
<arg>/api</arg>
<doc>Sends a GET request on a previously created HTTP Session.</doc>
<status status="PASS" start="2024-07-10T01:07:52.297756" elapsed="0.072433"/>
</kw>
<kw name="Set Variable" owner="BuiltIn">
<msg time="2024-07-10T01:07:52.371310" level="INFO">${json_data} = {'results': [{'gender': 'female', 'name': {'title': 'Mrs', 'first': 'مارال', 'last': 'قاسمی'}, 'location': {'street': {'number': 8797, 'name': 'آفریقا'}, 'city': 'گلستان', 'state': 'خوزستان', 'country...</msg>
<var>${json_data}</var>
<arg>${response.json()}</arg>
<doc>Returns the given values which can then be assigned to a variables.</doc>
<status status="PASS" start="2024-07-10T01:07:52.370732" elapsed="0.000611"/>
</kw>
<kw name="Set Variable" owner="BuiltIn">
<msg time="2024-07-10T01:07:52.372129" level="INFO">${name_title} = Mrs</msg>
<var>${name_title}</var>
<arg>${json_data["results"][0]["name"]["title"]}</arg>
<doc>Returns the given values which can then be assigned to a variables.</doc>
<status status="PASS" start="2024-07-10T01:07:52.371706" elapsed="0.000451"/>
</kw>
<kw name="Create List" owner="BuiltIn">
<msg time="2024-07-10T01:07:52.372636" level="INFO">${allowed_titles} = ['Mr', 'Ms', 'Miss', 'Mrs', 'Madame', 'Monsieur']</msg>
<var>${allowed_titles}</var>
<arg>Mr</arg>
<arg>Ms</arg>
<arg>Miss</arg>
<arg>Mrs</arg>
<arg>Madame</arg>
<arg>Monsieur</arg>
<doc>Returns a list containing given items.</doc>
<status status="PASS" start="2024-07-10T01:07:52.372479" elapsed="0.000182"/>
</kw>
<kw name="List Should Contain Value" owner="Collections">
<arg>${allowed_titles}</arg>
<arg>${name_title}</arg>
<doc>Fails if the ``value`` is not found from ``list``.</doc>
<status status="PASS" start="2024-07-10T01:07:52.372969" elapsed="0.000189"/>
</kw>
<kw name="Set Variable" owner="BuiltIn">
<msg time="2024-07-10T01:07:52.373765" level="INFO">${name_country} = IR</msg>
<var>${name_country}</var>
<arg>${json_data["results"][0]["nat"]}</arg>
<doc>Returns the given values which can then be assigned to a variables.</doc>
<status status="PASS" start="2024-07-10T01:07:52.373371" elapsed="0.000421"/>
</kw>
<kw name="Create List" owner="BuiltIn">
<msg time="2024-07-10T01:07:52.374694" level="INFO">${list_country} = ['AD', 'AE', 'AF', 'AG', 'AI', 'AL', 'AM', 'AO', 'AQ', 'AR', 'AS', 'AT', 'AU', 'AW', 'AX', 'AZ', 'BA', 'BB', 'BD', 'BE', 'BF', 'BG', 'BH', 'BI', 'BJ', 'BL', 'BM', 'BN', 'BO', 'BQ', 'BR', 'BS', 'BT', '...</msg>
<var>${list_country}</var>
<arg>AD</arg>
<arg>AE</arg>
<arg>AF</arg>
<arg>AG</arg>
<arg>AI</arg>
<arg>AL</arg>
<arg>AM</arg>
<arg>AO</arg>
<arg>AQ</arg>
<arg>AR</arg>
<arg>AS</arg>
<arg>AT</arg>
<arg>AU</arg>
<arg>AW</arg>
<arg>AX</arg>
<arg>AZ</arg>
<arg>BA</arg>
<arg>BB</arg>
<arg>BD</arg>
<arg>BE</arg>
<arg>BF</arg>
<arg>BG</arg>
<arg>BH</arg>
<arg>BI</arg>
<arg>BJ</arg>
<arg>BL</arg>
<arg>BM</arg>
<arg>BN</arg>
<arg>BO</arg>
<arg>BQ</arg>
<arg>BR</arg>
<arg>BS</arg>
<arg>BT</arg>
<arg>BV</arg>
<arg>BW</arg>
<arg>BY</arg>
<arg>BZ</arg>
<arg>CA</arg>
<arg>CC</arg>
<arg>CD</arg>
<arg>CF</arg>
<arg>CG</arg>
<arg>CH</arg>
<arg>CI</arg>
<arg>CK</arg>
<arg>CL</arg>
<arg>CM</arg>
<arg>CN</arg>
<arg>CO</arg>
<arg>CR</arg>
<arg>CU</arg>
<arg>CV</arg>
<arg>CW</arg>
<arg>CX</arg>
<arg>CY</arg>
<arg>CZ</arg>
<arg>DE</arg>
<arg>DJ</arg>
<arg>DK</arg>
<arg>DM</arg>
<arg>DO</arg>
<arg>DZ</arg>
<arg>EC</arg>
<arg>EE</arg>
<arg>EG</arg>
<arg>EH</arg>
<arg>ER</arg>
<arg>ES</arg>
<arg>ET</arg>
<arg>FI</arg>
<arg>FJ</arg>
<arg>FK</arg>
<arg>FM</arg>
<arg>FO</arg>
<arg>FR</arg>
<arg>GA</arg>
<arg>GB</arg>
<arg>GD</arg>
<arg>GE</arg>
<arg>GF</arg>
<arg>GG</arg>
<arg>GH</arg>
<arg>GI</arg>
<arg>GL</arg>
<arg>GM</arg>
<arg>GN</arg>
<arg>GP</arg>
<arg>GQ</arg>
<arg>GR</arg>
<arg>GS</arg>
<arg>GT</arg>
<arg>GU</arg>
<arg>GW</arg>
<arg>GY</arg>
<arg>HK</arg>
<arg>HM</arg>
<arg>HN</arg>
<arg>HR</arg>
<arg>HT</arg>
<arg>HU</arg>
<arg>ID</arg>
<arg>IE</arg>
<arg>IL</arg>
<arg>IM</arg>
<arg>IN</arg>
<arg>IO</arg>
<arg>IQ</arg>
<arg>IR</arg>
<arg>IS</arg>
<arg>IT</arg>
<arg>JE</arg>
<arg>JM</arg>
<arg>JO</arg>
<arg>JP</arg>
<arg>KE</arg>
<arg>KG</arg>
<arg>KH</arg>
<arg>KI</arg>
<arg>KM</arg>
<arg>KN</arg>
<arg>KP</arg>
<arg>KR</arg>
<arg>KW</arg>
<arg>KY</arg>
<arg>KZ</arg>
<arg>LA</arg>
<arg>LB</arg>
<arg>LC</arg>
<arg>LI</arg>
<arg>LK</arg>
<arg>LR</arg>
<arg>LS</arg>
<arg>LT</arg>
<arg>LU</arg>
<arg>LV</arg>
<arg>LY</arg>
<arg>MA</arg>
<arg>MC</arg>
<arg>MD</arg>
<arg>ME</arg>
<arg>MF</arg>
<arg>MG</arg>
<arg>MH</arg>
<arg>MK</arg>
<arg>ML</arg>
<arg>MM</arg>
<arg>MN</arg>
<arg>MO</arg>
<arg>MP</arg>
<arg>MQ</arg>
<arg>MR</arg>
<arg>MS</arg>
<arg>MT</arg>
<arg>MU</arg>
<arg>MV</arg>
<arg>MW</arg>
<arg>MX</arg>
<arg>MY</arg>
<arg>MZ</arg>
<arg>NA</arg>
<arg>NC</arg>
<arg>NE</arg>
<arg>NF</arg>
<arg>NG</arg>
<arg>NI</arg>
<arg>NL</arg>
<arg>NO</arg>
<arg>NP</arg>
<arg>NR</arg>
<arg>NU</arg>
<arg>NZ</arg>
<arg>OM</arg>
<arg>PA</arg>
<arg>PE</arg>
<arg>PF</arg>
<arg>PG</arg>
<arg>PH</arg>
<arg>PK</arg>
<arg>PL</arg>
<arg>PM</arg>
<arg>PN</arg>
<arg>PR</arg>
<arg>PS</arg>
<arg>PT</arg>
<arg>PW</arg>
<arg>PY</arg>
<arg>QA</arg>
<arg>RE</arg>
<arg>RO</arg>
<arg>RS</arg>
<arg>RU</arg>
<arg>RW</arg>
<arg>SA</arg>
<arg>SB</arg>
<arg>SC</arg>
<arg>SD</arg>
<arg>SE</arg>
<arg>SG</arg>
<arg>SH</arg>
<arg>SI</arg>
<arg>SJ</arg>
<arg>SK</arg>
<arg>SL</arg>
<arg>SM</arg>
<arg>SN</arg>
<arg>SO</arg>
<arg>SR</arg>
<arg>SS</arg>
<arg>ST</arg>
<arg>SV</arg>
<arg>SX</arg>
<arg>SY</arg>
<arg>SZ</arg>
<arg>TC</arg>
<arg>TD</arg>
<arg>TF</arg>
<arg>TG</arg>
<arg>TH</arg>
<arg>TJ</arg>
<arg>TK</arg>
<arg>TL</arg>
<arg>TM</arg>
<arg>TN</arg>
<arg>TO</arg>
<arg>TR</arg>
<arg>TT</arg>
<arg>TV</arg>
<arg>TW</arg>
<arg>TZ</arg>
<arg>UA</arg>
<arg>UG</arg>
<arg>UM</arg>
<arg>US</arg>
<arg>UY</arg>
<arg>UZ</arg>
<arg>VA</arg>
<arg>VC</arg>
<arg>VE</arg>
<arg>VG</arg>
<arg>VI</arg>
<arg>VN</arg>
<arg>VU</arg>
<arg>WF</arg>
<arg>WS</arg>
<arg>XK</arg>
<arg>YE</arg>
<arg>YT</arg>
<arg>ZA</arg>
<arg>ZM</arg>
<arg>ZW</arg>
<doc>Returns a list containing given items.</doc>
<status status="PASS" start="2024-07-10T01:07:52.374092" elapsed="0.000629"/>
</kw>
<kw name="List Should Contain Value" owner="Collections">
<arg>${list_country}</arg>
<arg>${name_country}</arg>
<doc>Fails if the ``value`` is not found from ``list``.</doc>
<status status="PASS" start="2024-07-10T01:07:52.375523" elapsed="0.000211"/>
</kw>
<kw name="Run Keyword If" owner="BuiltIn">
<kw name="Should Be True" owner="BuiltIn">
<arg>${True}</arg>
<doc>Fails if the given condition is not true.</doc>
<status status="PASS" start="2024-07-10T01:07:52.376687" elapsed="0.000143"/>
</kw>
<arg>${json_data["results"][0]["location"]["coordinates"]["latitude"]} &gt;= -90 and ${json_data["results"][0]["location"]["coordinates"]["latitude"]} &lt;= 90</arg>
<arg>Should Be True</arg>
<arg>${True}</arg>
<doc>Runs the given keyword with the given arguments, if ``condition`` is true.</doc>
<status status="PASS" start="2024-07-10T01:07:52.375931" elapsed="0.001027"/>
</kw>
<kw name="Run Keyword If" owner="BuiltIn">
<kw name="Should Be True" owner="BuiltIn">
<arg>${True}</arg>
<doc>Fails if the given condition is not true.</doc>
<status status="PASS" start="2024-07-10T01:07:52.377875" elapsed="0.000253"/>
</kw>
<arg>${json_data["results"][0]["location"]["coordinates"]["longitude"]} &gt;= -180 and ${json_data["results"][0]["location"]["coordinates"]["longitude"]} &lt;= 180</arg>
<arg>Should Be True</arg>
<arg>${True}</arg>
<doc>Runs the given keyword with the given arguments, if ``condition`` is true.</doc>
<status status="PASS" start="2024-07-10T01:07:52.377144" elapsed="0.001115"/>
</kw>
<status status="PASS" start="2024-07-10T01:07:52.297362" elapsed="0.081037"/>
</kw>
<doc>Testa o conteúdo específico dos campos retornados pela API.</doc>
<tag>testeConteudo</tag>
<status status="PASS" start="2024-07-10T01:07:52.296625" elapsed="0.081931"/>
</test>
<status status="PASS" start="2024-07-10T01:07:51.433267" elapsed="0.947356"/>
</suite>
<status status="PASS" start="2024-07-10T01:07:51.419062" elapsed="0.966796"/>
</suite>
<statistics>
<total>
<stat pass="5" fail="0" skip="0">All Tests</stat>
</total>
<tag>
<stat pass="1" fail="0" skip="0">testeConteudo</stat>
<stat pass="1" fail="0" skip="0">testeEstruturaResposta</stat>
<stat pass="1" fail="0" skip="0">testeRequisicaoBasica</stat>
<stat pass="1" fail="0" skip="0">testeTiposDados</stat>
</tag>
<suite>
<stat pass="5" fail="0" skip="0" id="s1" name="Tests">Tests</stat>
<stat pass="5" fail="0" skip="0" id="s1-s1" name="Random-User-Test">Tests.Random-User-Test</stat>
</suite>
</statistics>
<errors>
</errors>
</robot>
