<?xml version="1.0" encoding="UTF-8"?>
<robot generator="Robot 7.0 (Python 3.12.2 on linux)" generated="2024-04-13T10:11:43.233498" rpa="false" schemaversion="5">
<suite id="s1" name="Tests" source="/home/runner/work/DesafioQAItauRogerioJordao/DesafioQAItauRogerioJordao/RamdonUser/tests">
<suite id="s1-s1" name="Random-User-Test" source="/home/runner/work/DesafioQAItauRogerioJordao/DesafioQAItauRogerioJordao/RamdonUser/tests/random-user-test.robot">
<test id="s1-s1-t1" name="Conectar" line="13">
<kw name="Conectar API" owner="random-user-service">
<kw name="Create Session" owner="RequestsLibrary">
<msg time="2024-04-13T10:11:43.584103" level="INFO">Creating Session using : alias=consultarAPI, url=https://randomuser.me/, headers={},                     cookies={}, auth=None, timeout=None, proxies=None, verify=False,                     debug=0 </msg>
<arg>consultarAPI</arg>
<arg>${URL}</arg>
<doc>Create Session: create a HTTP session to a server</doc>
<status status="PASS" start="2024-04-13T10:11:43.583908" elapsed="0.000350"/>
</kw>
<status status="PASS" start="2024-04-13T10:11:43.582932" elapsed="0.001668"/>
</kw>
<status status="PASS" start="2024-04-13T10:11:43.582360" elapsed="0.002445"/>
</test>
<test id="s1-s1-t2" name="Validar retorno 200 e JSON Válido" line="16">
<kw name="Teste de Requisicao Basica" owner="random-user-service">
<kw name="GET On Session" owner="RequestsLibrary">
<msg time="2024-04-13T10:11:43.759479" level="INFO">GET Request : url=https://randomuser.me/api 
 path_url=/api 
 headers={'User-Agent': 'python-requests/2.31.0', 'Accept-Encoding': 'gzip, deflate', 'Accept': '*/*', 'Connection': 'keep-alive'} 
 body=None 
 </msg>
<msg time="2024-04-13T10:11:43.759586" level="INFO">GET Response : url=https://randomuser.me/api 
 status=200, reason=OK 
 headers={'Date': 'Sat, 13 Apr 2024 10:11:43 GMT', 'Content-Type': 'application/json; charset=utf-8', 'Transfer-Encoding': 'chunked', 'Connection': 'keep-alive', 'X-Powered-By': 'Express', 'Access-Control-Allow-Origin': '*', 'Cache-Control': 'no-cache', 'ETag': 'W/"49b-4UxrOvOkY/pq1aIAt31glLNK5s0"', 'Vary': 'Accept-Encoding', 'Content-Encoding': 'gzip', 'CF-Cache-Status': 'DYNAMIC', 'Report-To': '{"endpoints":[{"url":"https:\\/\\/a.nel.cloudflare.com\\/report\\/v4?s=oJZDkXNKAQZWqRIyvOKpZloisAv%2Bq0KGFIY55zshxBhlDk1BhAhURgnDg2hog5EIdzabARLzNfubbj37tDV%2BNGHSkacFpXqrN5j%2FoDIqw8gD58iCe%2F58aFzwpQ5domBZ"}],"group":"cf-nel","max_age":604800}', 'NEL': '{"success_fraction":0,"report_to":"cf-nel","max_age":604800}', 'Server': 'cloudflare', 'CF-RAY': '873aac764ce520b7-IAD', 'alt-svc': 'h3=":443"; ma=86400'} 
 body={"results":[{"gender":"male","name":{"title":"Mr","first":"Jackson","last":"Wilson"},"location":{"street":{"number":6763,"name":"Caversham Valley Road"},"city":"New Plymouth","state":"Manawatu-Wanganui","country":"New Zealand","postcode":35527,"coordinates":{"latitude":"47.3309","longitude":"-76.2486"},"timezone":{"offset":"+5:30","description":"Bombay, Calcutta, Madras, New Delhi"}},"email":"jackson.wilson@example.com","login":{"uuid":"7eba2954-1cf1-4063-8a78-a4a03f2d6da3","username":"heavyleopard669","password":"nang","salt":"gW8haynH","md5":"6663d227ebe05159d46c738474d65cff","sha1":"d8e1d074fd1d362b8a63e733e4ecbadc7ca800ed","sha256":"d524a460f935dbb7638e788aa6071d3c6c66dc4a3d90d655df193717ea139419"},"dob":{"date":"1962-02-24T18:46:16.248Z","age":62},"registered":{"date":"2015-04-23T22:25:20.675Z","age":8},"phone":"(191)-838-6246","cell":"(397)-669-3351","id":{"name":"","value":null},"picture":{"large":"https://randomuser.me/api/portraits/men/1.jpg","medium":"https://randomuser.me/api/portraits/med/men/1.jpg","thumbnail":"https://randomuser.me/api/portraits/thumb/men/1.jpg"},"nat":"NZ"}],"info":{"seed":"fa7f48a7ffcc9cb3","results":1,"page":1,"version":"1.4"}} 
 </msg>
<msg time="2024-04-13T10:11:43.759655" level="INFO">/opt/hostedtoolcache/Python/3.12.2/x64/lib/python3.12/site-packages/urllib3/connectionpool.py:1103: InsecureRequestWarning: Unverified HTTPS request is being made to host 'randomuser.me'. Adding certificate verification is strongly advised. See: https://urllib3.readthedocs.io/en/latest/advanced-usage.html#tls-warnings
  warnings.warn(</msg>
<msg time="2024-04-13T10:11:43.759763" level="INFO">${response} = &lt;Response [200]&gt;</msg>
<var>${response}</var>
<arg>consultarAPI</arg>
<arg>/api</arg>
<doc>Sends a GET request on a previously created HTTP Session.</doc>
<status status="PASS" start="2024-04-13T10:11:43.587491" elapsed="0.172307"/>
</kw>
<kw name="Should Be Equal As Numbers" owner="BuiltIn">
<msg time="2024-04-13T10:11:43.760663" level="INFO">Argument types are:
&lt;class 'int'&gt;
&lt;class 'str'&gt;</msg>
<arg>${response.status_code}</arg>
<arg>200</arg>
<doc>Fails if objects are unequal after converting them to real numbers.</doc>
<status status="PASS" start="2024-04-13T10:11:43.760246" elapsed="0.000481"/>
</kw>
<kw name="Log" owner="BuiltIn">
<msg time="2024-04-13T10:11:43.761475" level="INFO">200</msg>
<arg>${response.status_code}</arg>
<doc>Logs the given message with the given level.</doc>
<status status="PASS" start="2024-04-13T10:11:43.761053" elapsed="0.000467"/>
</kw>
<kw name="Set Variable" owner="BuiltIn">
<msg time="2024-04-13T10:11:43.762291" level="INFO">${json_data} = {'results': [{'gender': 'male', 'name': {'title': 'Mr', 'first': 'Jackson', 'last': 'Wilson'}, 'location': {'street': {'number': 6763, 'name': 'Caversham Valley Road'}, 'city': 'New Plymouth', 'state'...</msg>
<var>${json_data}</var>
<arg>${response.json()}</arg>
<doc>Returns the given values which can then be assigned to a variables.</doc>
<status status="PASS" start="2024-04-13T10:11:43.761852" elapsed="0.000467"/>
</kw>
<kw name="Dictionary Should Contain Key" owner="Collections">
<msg time="2024-04-13T10:11:43.762799" level="INFO">False</msg>
<arg>${json_data}</arg>
<arg>results</arg>
<doc>Fails if ``key`` is not found from ``dictionary``.</doc>
<status status="PASS" start="2024-04-13T10:11:43.762625" elapsed="0.000214"/>
</kw>
<status status="PASS" start="2024-04-13T10:11:43.587238" elapsed="0.175860"/>
</kw>
<doc>Testa se a API responde corretamente e retorna um objeto JSON válido.</doc>
<tag>testeRequisicaoBasica</tag>
<status status="PASS" start="2024-04-13T10:11:43.586711" elapsed="0.176565"/>
</test>
<test id="s1-s1-t3" name="Validar estrutura de resposta" line="22">
<kw name="Teste de Estrutura de Resposta" owner="random-user-service">
<kw name="GET On Session" owner="RequestsLibrary">
<msg time="2024-04-13T10:11:43.863700" level="INFO">GET Request : url=https://randomuser.me/api 
 path_url=/api 
 headers={'User-Agent': 'python-requests/2.31.0', 'Accept-Encoding': 'gzip, deflate', 'Accept': '*/*', 'Connection': 'keep-alive'} 
 body=None 
 </msg>
<msg time="2024-04-13T10:11:43.863765" level="INFO">GET Response : url=https://randomuser.me/api 
 status=200, reason=OK 
 headers={'Date': 'Sat, 13 Apr 2024 10:11:43 GMT', 'Content-Type': 'application/json; charset=utf-8', 'Transfer-Encoding': 'chunked', 'Connection': 'keep-alive', 'X-Powered-By': 'Express', 'Access-Control-Allow-Origin': '*', 'Cache-Control': 'no-cache', 'ETag': 'W/"4a5-g0jfX+to7D2X6ofsjoJq02dqBL4"', 'Vary': 'Accept-Encoding', 'Content-Encoding': 'gzip', 'CF-Cache-Status': 'DYNAMIC', 'Report-To': '{"endpoints":[{"url":"https:\\/\\/a.nel.cloudflare.com\\/report\\/v4?s=1RW%2BNzepdCOzo3IyBX4A7%2FL6Bl0sFVWKA9mliwJy5OSRtpGBy9qA6oveNTT6nL%2Fe8oh3EgT7BTPCeQ3CEfTHXFiJez%2BaWhF2yFx6GCqoDc6FcAKRQ7hmEb4CGIjBEY9M"}],"group":"cf-nel","max_age":604800}', 'NEL': '{"success_fraction":0,"report_to":"cf-nel","max_age":604800}', 'Server': 'cloudflare', 'CF-RAY': '873aac768d1a20b7-IAD', 'alt-svc': 'h3=":443"; ma=86400'} 
 body={"results":[{"gender":"female","name":{"title":"Mrs","first":"Ilona","last":"Kemppainen"},"location":{"street":{"number":8759,"name":"Pirkankatu"},"city":"Pornainen","state":"Kymenlaakso","country":"Finland","postcode":16490,"coordinates":{"latitude":"-23.2427","longitude":"77.4291"},"timezone":{"offset":"-4:00","description":"Atlantic Time (Canada), Caracas, La Paz"}},"email":"ilona.kemppainen@example.com","login":{"uuid":"6484e8a4-145c-451d-8fbb-cfc93f9350e6","username":"sadrabbit990","password":"redfox","salt":"suYvhZF9","md5":"63c08167cc1553e0792c179a4fce42f9","sha1":"a3c44eefc86b12ed49cff95823049180a4b5fc7d","sha256":"d02270408be8b5625801b7ec9ab23717579c5bfc7b1a5a0a732903fb618ba324"},"dob":{"date":"1990-07-29T08:13:12.764Z","age":33},"registered":{"date":"2013-09-15T18:52:15.708Z","age":10},"phone":"09-523-083","cell":"043-111-86-20","id":{"name":"HETU","value":"NaNNA988undefined"},"picture":{"large":"https://randomuser.me/api/portraits/women/19.jpg","medium":"https://randomuser.me/api/portraits/med/women/19.jpg","thumbnail":"https://randomuser.me/api/portraits/thumb/women/19.jpg"},"nat":"FI"}],"info":{"seed":"4b62b36973d44bb9","results":1,"page":1,"version":"1.4"}} 
 </msg>
<msg time="2024-04-13T10:11:43.863868" level="INFO">/opt/hostedtoolcache/Python/3.12.2/x64/lib/python3.12/site-packages/urllib3/connectionpool.py:1103: InsecureRequestWarning: Unverified HTTPS request is being made to host 'randomuser.me'. Adding certificate verification is strongly advised. See: https://urllib3.readthedocs.io/en/latest/advanced-usage.html#tls-warnings
  warnings.warn(</msg>
<msg time="2024-04-13T10:11:43.863964" level="INFO">${response} = &lt;Response [200]&gt;</msg>
<var>${response}</var>
<arg>consultarAPI</arg>
<arg>/api</arg>
<doc>Sends a GET request on a previously created HTTP Session.</doc>
<status status="PASS" start="2024-04-13T10:11:43.765962" elapsed="0.098042"/>
</kw>
<kw name="Set Variable" owner="BuiltIn">
<msg time="2024-04-13T10:11:43.864822" level="INFO">${json_data} = {'results': [{'gender': 'female', 'name': {'title': 'Mrs', 'first': 'Ilona', 'last': 'Kemppainen'}, 'location': {'street': {'number': 8759, 'name': 'Pirkankatu'}, 'city': 'Pornainen', 'state': 'Kymenl...</msg>
<var>${json_data}</var>
<arg>${response.json()}</arg>
<doc>Returns the given values which can then be assigned to a variables.</doc>
<status status="PASS" start="2024-04-13T10:11:43.864375" elapsed="0.000476"/>
</kw>
<kw name="Log" owner="BuiltIn">
<msg time="2024-04-13T10:11:43.865346" level="INFO">{'results': [{'gender': 'female', 'name': {'title': 'Mrs', 'first': 'Ilona', 'last': 'Kemppainen'}, 'location': {'street': {'number': 8759, 'name': 'Pirkankatu'}, 'city': 'Pornainen', 'state': 'Kymenlaakso', 'country': 'Finland', 'postcode': 16490, 'coordinates': {'latitude': '-23.2427', 'longitude': '77.4291'}, 'timezone': {'offset': '-4:00', 'description': 'Atlantic Time (Canada), Caracas, La Paz'}}, 'email': 'ilona.kemppainen@example.com', 'login': {'uuid': '6484e8a4-145c-451d-8fbb-cfc93f9350e6', 'username': 'sadrabbit990', 'password': 'redfox', 'salt': 'suYvhZF9', 'md5': '63c08167cc1553e0792c179a4fce42f9', 'sha1': 'a3c44eefc86b12ed49cff95823049180a4b5fc7d', 'sha256': 'd02270408be8b5625801b7ec9ab23717579c5bfc7b1a5a0a732903fb618ba324'}, 'dob': {'date': '1990-07-29T08:13:12.764Z', 'age': 33}, 'registered': {'date': '2013-09-15T18:52:15.708Z', 'age': 10}, 'phone': '09-523-083', 'cell': '043-111-86-20', 'id': {'name': 'HETU', 'value': 'NaNNA988undefined'}, 'picture': {'large': 'https://randomuser.me/api/portraits/women/19.jpg', 'medium': 'https://randomuser.me/api/portraits/med/women/19.jpg', 'thumbnail': 'https://randomuser.me/api/portraits/thumb/women/19.jpg'}, 'nat': 'FI'}], 'info': {'seed': '4b62b36973d44bb9', 'results': 1, 'page': 1, 'version': '1.4'}}</msg>
<arg>${json_data}</arg>
<doc>Logs the given message with the given level.</doc>
<status status="PASS" start="2024-04-13T10:11:43.865186" elapsed="0.000207"/>
</kw>
<kw name="Dictionary Should Contain Key" owner="Collections">
<msg time="2024-04-13T10:11:43.865848" level="INFO">False</msg>
<arg>${json_data}</arg>
<arg>results</arg>
<doc>Fails if ``key`` is not found from ``dictionary``.</doc>
<status status="PASS" start="2024-04-13T10:11:43.865692" elapsed="0.000194"/>
</kw>
<kw name="Should Not Be Empty" owner="BuiltIn">
<msg time="2024-04-13T10:11:43.866318" level="INFO">Length is 2.</msg>
<arg>${json_data}</arg>
<doc>Verifies that the given item is not empty.</doc>
<status status="PASS" start="2024-04-13T10:11:43.866183" elapsed="0.000174"/>
</kw>
<kw name="Create List" owner="BuiltIn">
<msg time="2024-04-13T10:11:43.866812" level="INFO">${expected_keys} = ['gender', 'name', 'location', 'email', 'login']</msg>
<var>${expected_keys}</var>
<arg>gender</arg>
<arg>name</arg>
<arg>location</arg>
<arg>email</arg>
<arg>login</arg>
<doc>Returns a list containing given items.</doc>
<status status="PASS" start="2024-04-13T10:11:43.866661" elapsed="0.000176"/>
</kw>
<for flavor="IN">
<iter>
<kw name="Dictionary Should Contain Key" owner="Collections">
<msg time="2024-04-13T10:11:43.867799" level="INFO">False</msg>
<arg>${json_data['results'][0]}</arg>
<arg>${key}</arg>
<doc>Fails if ``key`` is not found from ``dictionary``.</doc>
<status status="PASS" start="2024-04-13T10:11:43.867405" elapsed="0.000434"/>
</kw>
<kw name="Log" owner="BuiltIn">
<msg time="2024-04-13T10:11:43.868566" level="INFO">{'gender': 'female', 'name': {'title': 'Mrs', 'first': 'Ilona', 'last': 'Kemppainen'}, 'location': {'street': {'number': 8759, 'name': 'Pirkankatu'}, 'city': 'Pornainen', 'state': 'Kymenlaakso', 'country': 'Finland', 'postcode': 16490, 'coordinates': {'latitude': '-23.2427', 'longitude': '77.4291'}, 'timezone': {'offset': '-4:00', 'description': 'Atlantic Time (Canada), Caracas, La Paz'}}, 'email': 'ilona.kemppainen@example.com', 'login': {'uuid': '6484e8a4-145c-451d-8fbb-cfc93f9350e6', 'username': 'sadrabbit990', 'password': 'redfox', 'salt': 'suYvhZF9', 'md5': '63c08167cc1553e0792c179a4fce42f9', 'sha1': 'a3c44eefc86b12ed49cff95823049180a4b5fc7d', 'sha256': 'd02270408be8b5625801b7ec9ab23717579c5bfc7b1a5a0a732903fb618ba324'}, 'dob': {'date': '1990-07-29T08:13:12.764Z', 'age': 33}, 'registered': {'date': '2013-09-15T18:52:15.708Z', 'age': 10}, 'phone': '09-523-083', 'cell': '043-111-86-20', 'id': {'name': 'HETU', 'value': 'NaNNA988undefined'}, 'picture': {'large': 'https://randomuser.me/api/portraits/women/19.jpg', 'medium': 'https://randomuser.me/api/portraits/med/women/19.jpg', 'thumbnail': 'https://randomuser.me/api/portraits/thumb/women/19.jpg'}, 'nat': 'FI'}</msg>
<arg>${json_data['results'][0]}</arg>
<doc>Logs the given message with the given level.</doc>
<status status="PASS" start="2024-04-13T10:11:43.868165" elapsed="0.000451"/>
</kw>
<kw name="Log" owner="BuiltIn">
<msg time="2024-04-13T10:11:43.869078" level="INFO">gender</msg>
<arg>${key}</arg>
<doc>Logs the given message with the given level.</doc>
<status status="PASS" start="2024-04-13T10:11:43.868928" elapsed="0.000193"/>
</kw>
<var name="${key}">gender</var>
<status status="PASS" start="2024-04-13T10:11:43.867273" elapsed="0.002071"/>
</iter>
<iter>
<kw name="Dictionary Should Contain Key" owner="Collections">
<msg time="2024-04-13T10:11:43.870042" level="INFO">False</msg>
<arg>${json_data['results'][0]}</arg>
<arg>${key}</arg>
<doc>Fails if ``key`` is not found from ``dictionary``.</doc>
<status status="PASS" start="2024-04-13T10:11:43.869652" elapsed="0.000428"/>
</kw>
<kw name="Log" owner="BuiltIn">
<msg time="2024-04-13T10:11:43.870785" level="INFO">{'gender': 'female', 'name': {'title': 'Mrs', 'first': 'Ilona', 'last': 'Kemppainen'}, 'location': {'street': {'number': 8759, 'name': 'Pirkankatu'}, 'city': 'Pornainen', 'state': 'Kymenlaakso', 'country': 'Finland', 'postcode': 16490, 'coordinates': {'latitude': '-23.2427', 'longitude': '77.4291'}, 'timezone': {'offset': '-4:00', 'description': 'Atlantic Time (Canada), Caracas, La Paz'}}, 'email': 'ilona.kemppainen@example.com', 'login': {'uuid': '6484e8a4-145c-451d-8fbb-cfc93f9350e6', 'username': 'sadrabbit990', 'password': 'redfox', 'salt': 'suYvhZF9', 'md5': '63c08167cc1553e0792c179a4fce42f9', 'sha1': 'a3c44eefc86b12ed49cff95823049180a4b5fc7d', 'sha256': 'd02270408be8b5625801b7ec9ab23717579c5bfc7b1a5a0a732903fb618ba324'}, 'dob': {'date': '1990-07-29T08:13:12.764Z', 'age': 33}, 'registered': {'date': '2013-09-15T18:52:15.708Z', 'age': 10}, 'phone': '09-523-083', 'cell': '043-111-86-20', 'id': {'name': 'HETU', 'value': 'NaNNA988undefined'}, 'picture': {'large': 'https://randomuser.me/api/portraits/women/19.jpg', 'medium': 'https://randomuser.me/api/portraits/med/women/19.jpg', 'thumbnail': 'https://randomuser.me/api/portraits/thumb/women/19.jpg'}, 'nat': 'FI'}</msg>
<arg>${json_data['results'][0]}</arg>
<doc>Logs the given message with the given level.</doc>
<status status="PASS" start="2024-04-13T10:11:43.870422" elapsed="0.000412"/>
</kw>
<kw name="Log" owner="BuiltIn">
<msg time="2024-04-13T10:11:43.871271" level="INFO">name</msg>
<arg>${key}</arg>
<doc>Logs the given message with the given level.</doc>
<status status="PASS" start="2024-04-13T10:11:43.871139" elapsed="0.000170"/>
</kw>
<var name="${key}">name</var>
<status status="PASS" start="2024-04-13T10:11:43.869534" elapsed="0.001994"/>
</iter>
<iter>
<kw name="Dictionary Should Contain Key" owner="Collections">
<msg time="2024-04-13T10:11:43.872209" level="INFO">False</msg>
<arg>${json_data['results'][0]}</arg>
<arg>${key}</arg>
<doc>Fails if ``key`` is not found from ``dictionary``.</doc>
<status status="PASS" start="2024-04-13T10:11:43.871824" elapsed="0.000423"/>
</kw>
<kw name="Log" owner="BuiltIn">
<msg time="2024-04-13T10:11:43.872907" level="INFO">{'gender': 'female', 'name': {'title': 'Mrs', 'first': 'Ilona', 'last': 'Kemppainen'}, 'location': {'street': {'number': 8759, 'name': 'Pirkankatu'}, 'city': 'Pornainen', 'state': 'Kymenlaakso', 'country': 'Finland', 'postcode': 16490, 'coordinates': {'latitude': '-23.2427', 'longitude': '77.4291'}, 'timezone': {'offset': '-4:00', 'description': 'Atlantic Time (Canada), Caracas, La Paz'}}, 'email': 'ilona.kemppainen@example.com', 'login': {'uuid': '6484e8a4-145c-451d-8fbb-cfc93f9350e6', 'username': 'sadrabbit990', 'password': 'redfox', 'salt': 'suYvhZF9', 'md5': '63c08167cc1553e0792c179a4fce42f9', 'sha1': 'a3c44eefc86b12ed49cff95823049180a4b5fc7d', 'sha256': 'd02270408be8b5625801b7ec9ab23717579c5bfc7b1a5a0a732903fb618ba324'}, 'dob': {'date': '1990-07-29T08:13:12.764Z', 'age': 33}, 'registered': {'date': '2013-09-15T18:52:15.708Z', 'age': 10}, 'phone': '09-523-083', 'cell': '043-111-86-20', 'id': {'name': 'HETU', 'value': 'NaNNA988undefined'}, 'picture': {'large': 'https://randomuser.me/api/portraits/women/19.jpg', 'medium': 'https://randomuser.me/api/portraits/med/women/19.jpg', 'thumbnail': 'https://randomuser.me/api/portraits/thumb/women/19.jpg'}, 'nat': 'FI'}</msg>
<arg>${json_data['results'][0]}</arg>
<doc>Logs the given message with the given level.</doc>
<status status="PASS" start="2024-04-13T10:11:43.872548" elapsed="0.000411"/>
</kw>
<kw name="Log" owner="BuiltIn">
<msg time="2024-04-13T10:11:43.873403" level="INFO">location</msg>
<arg>${key}</arg>
<doc>Logs the given message with the given level.</doc>
<status status="PASS" start="2024-04-13T10:11:43.873275" elapsed="0.000166"/>
</kw>
<var name="${key}">location</var>
<status status="PASS" start="2024-04-13T10:11:43.871711" elapsed="0.001947"/>
</iter>
<iter>
<kw name="Dictionary Should Contain Key" owner="Collections">
<msg time="2024-04-13T10:11:43.874325" level="INFO">False</msg>
<arg>${json_data['results'][0]}</arg>
<arg>${key}</arg>
<doc>Fails if ``key`` is not found from ``dictionary``.</doc>
<status status="PASS" start="2024-04-13T10:11:43.873943" elapsed="0.000418"/>
</kw>
<kw name="Log" owner="BuiltIn">
<msg time="2024-04-13T10:11:43.875018" level="INFO">{'gender': 'female', 'name': {'title': 'Mrs', 'first': 'Ilona', 'last': 'Kemppainen'}, 'location': {'street': {'number': 8759, 'name': 'Pirkankatu'}, 'city': 'Pornainen', 'state': 'Kymenlaakso', 'country': 'Finland', 'postcode': 16490, 'coordinates': {'latitude': '-23.2427', 'longitude': '77.4291'}, 'timezone': {'offset': '-4:00', 'description': 'Atlantic Time (Canada), Caracas, La Paz'}}, 'email': 'ilona.kemppainen@example.com', 'login': {'uuid': '6484e8a4-145c-451d-8fbb-cfc93f9350e6', 'username': 'sadrabbit990', 'password': 'redfox', 'salt': 'suYvhZF9', 'md5': '63c08167cc1553e0792c179a4fce42f9', 'sha1': 'a3c44eefc86b12ed49cff95823049180a4b5fc7d', 'sha256': 'd02270408be8b5625801b7ec9ab23717579c5bfc7b1a5a0a732903fb618ba324'}, 'dob': {'date': '1990-07-29T08:13:12.764Z', 'age': 33}, 'registered': {'date': '2013-09-15T18:52:15.708Z', 'age': 10}, 'phone': '09-523-083', 'cell': '043-111-86-20', 'id': {'name': 'HETU', 'value': 'NaNNA988undefined'}, 'picture': {'large': 'https://randomuser.me/api/portraits/women/19.jpg', 'medium': 'https://randomuser.me/api/portraits/med/women/19.jpg', 'thumbnail': 'https://randomuser.me/api/portraits/thumb/women/19.jpg'}, 'nat': 'FI'}</msg>
<arg>${json_data['results'][0]}</arg>
<doc>Logs the given message with the given level.</doc>
<status status="PASS" start="2024-04-13T10:11:43.874661" elapsed="0.000404"/>
</kw>
<kw name="Log" owner="BuiltIn">
<msg time="2024-04-13T10:11:43.875496" level="INFO">email</msg>
<arg>${key}</arg>
<doc>Logs the given message with the given level.</doc>
<status status="PASS" start="2024-04-13T10:11:43.875365" elapsed="0.000169"/>
</kw>
<var name="${key}">email</var>
<status status="PASS" start="2024-04-13T10:11:43.873832" elapsed="0.001919"/>
</iter>
<iter>
<kw name="Dictionary Should Contain Key" owner="Collections">
<msg time="2024-04-13T10:11:43.876421" level="INFO">False</msg>
<arg>${json_data['results'][0]}</arg>
<arg>${key}</arg>
<doc>Fails if ``key`` is not found from ``dictionary``.</doc>
<status status="PASS" start="2024-04-13T10:11:43.876037" elapsed="0.000422"/>
</kw>
<kw name="Log" owner="BuiltIn">
<msg time="2024-04-13T10:11:43.877134" level="INFO">{'gender': 'female', 'name': {'title': 'Mrs', 'first': 'Ilona', 'last': 'Kemppainen'}, 'location': {'street': {'number': 8759, 'name': 'Pirkankatu'}, 'city': 'Pornainen', 'state': 'Kymenlaakso', 'country': 'Finland', 'postcode': 16490, 'coordinates': {'latitude': '-23.2427', 'longitude': '77.4291'}, 'timezone': {'offset': '-4:00', 'description': 'Atlantic Time (Canada), Caracas, La Paz'}}, 'email': 'ilona.kemppainen@example.com', 'login': {'uuid': '6484e8a4-145c-451d-8fbb-cfc93f9350e6', 'username': 'sadrabbit990', 'password': 'redfox', 'salt': 'suYvhZF9', 'md5': '63c08167cc1553e0792c179a4fce42f9', 'sha1': 'a3c44eefc86b12ed49cff95823049180a4b5fc7d', 'sha256': 'd02270408be8b5625801b7ec9ab23717579c5bfc7b1a5a0a732903fb618ba324'}, 'dob': {'date': '1990-07-29T08:13:12.764Z', 'age': 33}, 'registered': {'date': '2013-09-15T18:52:15.708Z', 'age': 10}, 'phone': '09-523-083', 'cell': '043-111-86-20', 'id': {'name': 'HETU', 'value': 'NaNNA988undefined'}, 'picture': {'large': 'https://randomuser.me/api/portraits/women/19.jpg', 'medium': 'https://randomuser.me/api/portraits/med/women/19.jpg', 'thumbnail': 'https://randomuser.me/api/portraits/thumb/women/19.jpg'}, 'nat': 'FI'}</msg>
<arg>${json_data['results'][0]}</arg>
<doc>Logs the given message with the given level.</doc>
<status status="PASS" start="2024-04-13T10:11:43.876753" elapsed="0.000429"/>
</kw>
<kw name="Log" owner="BuiltIn">
<msg time="2024-04-13T10:11:43.877621" level="INFO">login</msg>
<arg>${key}</arg>
<doc>Logs the given message with the given level.</doc>
<status status="PASS" start="2024-04-13T10:11:43.877490" elapsed="0.000200"/>
</kw>
<var name="${key}">login</var>
<status status="PASS" start="2024-04-13T10:11:43.875925" elapsed="0.001993"/>
</iter>
<var>${key}</var>
<value>@{expected_keys}</value>
<status status="PASS" start="2024-04-13T10:11:43.867093" elapsed="0.010949"/>
</for>
<kw name="Create List" owner="BuiltIn">
<msg time="2024-04-13T10:11:43.878372" level="INFO">${expected_keysTwo} = ['username', 'password']</msg>
<var>${expected_keysTwo}</var>
<arg>username</arg>
<arg>password</arg>
<doc>Returns a list containing given items.</doc>
<status status="PASS" start="2024-04-13T10:11:43.878236" elapsed="0.000160"/>
</kw>
<for flavor="IN">
<iter>
<kw name="Dictionary Should Contain Key" owner="Collections">
<msg time="2024-04-13T10:11:43.879398" level="INFO">False</msg>
<arg>${json_data['results'][0]['login']}</arg>
<arg>${keyTwo}</arg>
<doc>Fails if ``key`` is not found from ``dictionary``.</doc>
<status status="PASS" start="2024-04-13T10:11:43.879011" elapsed="0.000424"/>
</kw>
<kw name="Dictionary Should Contain Key" owner="Collections">
<msg time="2024-04-13T10:11:43.880111" level="INFO">False</msg>
<arg>${json_data['results'][0]['login']}</arg>
<arg>${keyTwo}</arg>
<doc>Fails if ``key`` is not found from ``dictionary``.</doc>
<status status="PASS" start="2024-04-13T10:11:43.879735" elapsed="0.000413"/>
</kw>
<kw name="Log" owner="BuiltIn">
<msg time="2024-04-13T10:11:43.880573" level="INFO">username</msg>
<arg>${keyTwo}</arg>
<doc>Logs the given message with the given level.</doc>
<status status="PASS" start="2024-04-13T10:11:43.880444" elapsed="0.000166"/>
</kw>
<var name="${keyTwo}">username</var>
<status status="PASS" start="2024-04-13T10:11:43.878896" elapsed="0.001929"/>
</iter>
<iter>
<kw name="Dictionary Should Contain Key" owner="Collections">
<msg time="2024-04-13T10:11:43.881517" level="INFO">False</msg>
<arg>${json_data['results'][0]['login']}</arg>
<arg>${keyTwo}</arg>
<doc>Fails if ``key`` is not found from ``dictionary``.</doc>
<status status="PASS" start="2024-04-13T10:11:43.881134" elapsed="0.000422"/>
</kw>
<kw name="Dictionary Should Contain Key" owner="Collections">
<msg time="2024-04-13T10:11:43.882236" level="INFO">False</msg>
<arg>${json_data['results'][0]['login']}</arg>
<arg>${keyTwo}</arg>
<doc>Fails if ``key`` is not found from ``dictionary``.</doc>
<status status="PASS" start="2024-04-13T10:11:43.881854" elapsed="0.000419"/>
</kw>
<kw name="Log" owner="BuiltIn">
<msg time="2024-04-13T10:11:43.882695" level="INFO">password</msg>
<arg>${keyTwo}</arg>
<doc>Logs the given message with the given level.</doc>
<status status="PASS" start="2024-04-13T10:11:43.882567" elapsed="0.000165"/>
</kw>
<var name="${keyTwo}">password</var>
<status status="PASS" start="2024-04-13T10:11:43.880999" elapsed="0.001948"/>
</iter>
<var>${keyTwo}</var>
<value>@{expected_keysTwo}</value>
<status status="PASS" start="2024-04-13T10:11:43.878634" elapsed="0.004434"/>
</for>
<status status="PASS" start="2024-04-13T10:11:43.765728" elapsed="0.117478"/>
</kw>
<doc>Testa a estrutura da resposta da API.</doc>
<tag>testeEstruturaResposta</tag>
<status status="PASS" start="2024-04-13T10:11:43.765106" elapsed="0.118252"/>
</test>
<test id="s1-s1-t4" name="Validar tipos de dados" line="28">
<kw name="Teste de Tipos de Dados" owner="random-user-service">
<kw name="GET On Session" owner="RequestsLibrary">
<msg time="2024-04-13T10:11:43.964501" level="INFO">GET Request : url=https://randomuser.me/api 
 path_url=/api 
 headers={'User-Agent': 'python-requests/2.31.0', 'Accept-Encoding': 'gzip, deflate', 'Accept': '*/*', 'Connection': 'keep-alive'} 
 body=None 
 </msg>
<msg time="2024-04-13T10:11:43.964585" level="INFO">GET Response : url=https://randomuser.me/api 
 status=200, reason=OK 
 headers={'Date': 'Sat, 13 Apr 2024 10:11:43 GMT', 'Content-Type': 'application/json; charset=utf-8', 'Transfer-Encoding': 'chunked', 'Connection': 'keep-alive', 'X-Powered-By': 'Express', 'Access-Control-Allow-Origin': '*', 'Cache-Control': 'no-cache', 'ETag': 'W/"479-Ht+Vn/v5IONj23MAcAaNUuu8F5I"', 'Vary': 'Accept-Encoding', 'Content-Encoding': 'gzip', 'CF-Cache-Status': 'DYNAMIC', 'Report-To': '{"endpoints":[{"url":"https:\\/\\/a.nel.cloudflare.com\\/report\\/v4?s=fGR4kjKDJRARQwWnUNuwYrPld9iOcsVn4AOsCROrhs9L1iJ2siW7%2BGtUIXOKHEhhJP0qi2vrvVDIGbmv6Y%2BqD5oh7wnnefpPw72snReQ7ILgY7Q9OtFiUnlHe93Fwafi"}],"group":"cf-nel","max_age":604800}', 'NEL': '{"success_fraction":0,"report_to":"cf-nel","max_age":604800}', 'Server': 'cloudflare', 'CF-RAY': '873aac774dc920b7-IAD', 'alt-svc': 'h3=":443"; ma=86400'} 
 body={"results":[{"gender":"male","name":{"title":"Mr","first":"August","last":"Rasmussen"},"location":{"street":{"number":7967,"name":"Havnevej"},"city":"Sønder Stenderup","state":"Danmark","country":"Denmark","postcode":27642,"coordinates":{"latitude":"-45.9169","longitude":"-26.7813"},"timezone":{"offset":"+9:30","description":"Adelaide, Darwin"}},"email":"august.rasmussen@example.com","login":{"uuid":"2eec4d13-a84b-4837-8084-11dc327cbd38","username":"orangefish172","password":"66666","salt":"NHqRIoEH","md5":"86df932da50f97ad138353fb9f00ff9c","sha1":"5c83a41e9d295ad085af8cca5bbbf22804cd83de","sha256":"e55ad1ae39d5c490335f41ddfbd2850f5164cf3ab1b368d10e9490b9200c3fc9"},"dob":{"date":"1948-04-27T08:18:55.368Z","age":75},"registered":{"date":"2019-04-18T09:32:03.890Z","age":4},"phone":"21477825","cell":"72109833","id":{"name":"CPR","value":"270448-6665"},"picture":{"large":"https://randomuser.me/api/portraits/men/79.jpg","medium":"https://randomuser.me/api/portraits/med/men/79.jpg","thumbnail":"https://randomuser.me/api/portraits/thumb/men/79.jpg"},"nat":"DK"}],"info":{"seed":"ae5c615153ffc67c","results":1,"page":1,"version":"1.4"}} 
 </msg>
<msg time="2024-04-13T10:11:43.964660" level="INFO">/opt/hostedtoolcache/Python/3.12.2/x64/lib/python3.12/site-packages/urllib3/connectionpool.py:1103: InsecureRequestWarning: Unverified HTTPS request is being made to host 'randomuser.me'. Adding certificate verification is strongly advised. See: https://urllib3.readthedocs.io/en/latest/advanced-usage.html#tls-warnings
  warnings.warn(</msg>
<msg time="2024-04-13T10:11:43.964772" level="INFO">${response} = &lt;Response [200]&gt;</msg>
<var>${response}</var>
<arg>consultarAPI</arg>
<arg>/api</arg>
<doc>Sends a GET request on a previously created HTTP Session.</doc>
<status status="PASS" start="2024-04-13T10:11:43.885773" elapsed="0.079039"/>
</kw>
<kw name="Set Variable" owner="BuiltIn">
<msg time="2024-04-13T10:11:43.965825" level="INFO">${json_data} = {'results': [{'gender': 'male', 'name': {'title': 'Mr', 'first': 'August', 'last': 'Rasmussen'}, 'location': {'street': {'number': 7967, 'name': 'Havnevej'}, 'city': 'Sønder Stenderup', 'state': 'Danm...</msg>
<var>${json_data}</var>
<arg>${response.json()}</arg>
<doc>Returns the given values which can then be assigned to a variables.</doc>
<status status="PASS" start="2024-04-13T10:11:43.965341" elapsed="0.000513"/>
</kw>
<kw name="Log" owner="BuiltIn">
<msg time="2024-04-13T10:11:43.966321" level="INFO">{'results': [{'gender': 'male', 'name': {'title': 'Mr', 'first': 'August', 'last': 'Rasmussen'}, 'location': {'street': {'number': 7967, 'name': 'Havnevej'}, 'city': 'Sønder Stenderup', 'state': 'Danmark', 'country': 'Denmark', 'postcode': 27642, 'coordinates': {'latitude': '-45.9169', 'longitude': '-26.7813'}, 'timezone': {'offset': '+9:30', 'description': 'Adelaide, Darwin'}}, 'email': 'august.rasmussen@example.com', 'login': {'uuid': '2eec4d13-a84b-4837-8084-11dc327cbd38', 'username': 'orangefish172', 'password': '66666', 'salt': 'NHqRIoEH', 'md5': '86df932da50f97ad138353fb9f00ff9c', 'sha1': '5c83a41e9d295ad085af8cca5bbbf22804cd83de', 'sha256': 'e55ad1ae39d5c490335f41ddfbd2850f5164cf3ab1b368d10e9490b9200c3fc9'}, 'dob': {'date': '1948-04-27T08:18:55.368Z', 'age': 75}, 'registered': {'date': '2019-04-18T09:32:03.890Z', 'age': 4}, 'phone': '21477825', 'cell': '72109833', 'id': {'name': 'CPR', 'value': '270448-6665'}, 'picture': {'large': 'https://randomuser.me/api/portraits/men/79.jpg', 'medium': 'https://randomuser.me/api/portraits/med/men/79.jpg', 'thumbnail': 'https://randomuser.me/api/portraits/thumb/men/79.jpg'}, 'nat': 'DK'}], 'info': {'seed': 'ae5c615153ffc67c', 'results': 1, 'page': 1, 'version': '1.4'}}</msg>
<arg>${json_data}</arg>
<doc>Logs the given message with the given level.</doc>
<status status="PASS" start="2024-04-13T10:11:43.966162" elapsed="0.000241"/>
</kw>
<kw name="Should Be String" owner="String">
<arg>${json_data['results'][0]['gender']}</arg>
<doc>Fails if the given ``item`` is not a string.</doc>
<status status="PASS" start="2024-04-13T10:11:43.966705" elapsed="0.000356"/>
</kw>
<kw name="Should Match Regexp" owner="BuiltIn">
<arg>${json_data['results'][0]['email']}</arg>
<arg>^[a-zA-Z0-9._%+-]+@[a-zA-Z0-9.-]+\.[a-zA-Z]{2,}$</arg>
<doc>Fails if ``string`` does not match ``pattern`` as a regular expression.</doc>
<status status="PASS" start="2024-04-13T10:11:43.967254" elapsed="0.000506"/>
</kw>
<kw name="Should Match Regexp" owner="BuiltIn">
<arg>${json_data['results'][0]['dob']['date']}</arg>
<arg>\\d{4}-\\d{2}-\\d{2}T\\d{2}:\\d{2}:\\d{2}\\.\\d{3}Z</arg>
<doc>Fails if ``string`` does not match ``pattern`` as a regular expression.</doc>
<status status="PASS" start="2024-04-13T10:11:43.967956" elapsed="0.000497"/>
</kw>
<kw name="Should Match Regexp" owner="BuiltIn">
<arg>${json_data['results'][0]['registered']['date']}</arg>
<arg>\\d{4}-\\d{2}-\\d{2}T\\d{2}:\\d{2}:\\d{2}\\.\\d{3}Z</arg>
<doc>Fails if ``string`` does not match ``pattern`` as a regular expression.</doc>
<status status="PASS" start="2024-04-13T10:11:43.968648" elapsed="0.000376"/>
</kw>
<kw name="Should Match Regexp" owner="BuiltIn">
<arg>${json_data['results'][0]['picture']['large']}</arg>
<arg>^https?://.*\.(?:png|jpe?g|gif|bmp)$</arg>
<doc>Fails if ``string`` does not match ``pattern`` as a regular expression.</doc>
<status status="PASS" start="2024-04-13T10:11:43.969250" elapsed="0.000463"/>
</kw>
<kw name="Should Match Regexp" owner="BuiltIn">
<arg>${json_data['results'][0]['picture']['medium']}</arg>
<arg>^https?://.*\.(?:png|jpe?g|gif|bmp)$</arg>
<doc>Fails if ``string`` does not match ``pattern`` as a regular expression.</doc>
<status status="PASS" start="2024-04-13T10:11:43.969903" elapsed="0.000362"/>
</kw>
<kw name="Should Match Regexp" owner="BuiltIn">
<arg>${json_data['results'][0]['picture']['thumbnail']}</arg>
<arg>^https?://.*\.(?:png|jpe?g|gif|bmp)$</arg>
<doc>Fails if ``string`` does not match ``pattern`` as a regular expression.</doc>
<status status="PASS" start="2024-04-13T10:11:43.970452" elapsed="0.000358"/>
</kw>
<kw name="Log" owner="BuiltIn">
<msg time="2024-04-13T10:11:43.971317" level="INFO">{'large': 'https://randomuser.me/api/portraits/men/79.jpg', 'medium': 'https://randomuser.me/api/portraits/med/men/79.jpg', 'thumbnail': 'https://randomuser.me/api/portraits/thumb/men/79.jpg'}</msg>
<arg>${json_data['results'][0]['picture']}</arg>
<doc>Logs the given message with the given level.</doc>
<status status="PASS" start="2024-04-13T10:11:43.970992" elapsed="0.000366"/>
</kw>
<status status="PASS" start="2024-04-13T10:11:43.885550" elapsed="0.086061"/>
</kw>
<kw name="Teste de Tipos de Dados - Postcode" owner="random-user-service">
<kw name="GET On Session" owner="RequestsLibrary">
<msg time="2024-04-13T10:11:44.067157" level="INFO">GET Request : url=https://randomuser.me/api 
 path_url=/api 
 headers={'User-Agent': 'python-requests/2.31.0', 'Accept-Encoding': 'gzip, deflate', 'Accept': '*/*', 'Connection': 'keep-alive'} 
 body=None 
 </msg>
<msg time="2024-04-13T10:11:44.067247" level="INFO">GET Response : url=https://randomuser.me/api 
 status=200, reason=OK 
 headers={'Date': 'Sat, 13 Apr 2024 10:11:44 GMT', 'Content-Type': 'application/json; charset=utf-8', 'Transfer-Encoding': 'chunked', 'Connection': 'keep-alive', 'X-Powered-By': 'Express', 'Access-Control-Allow-Origin': '*', 'Cache-Control': 'no-cache', 'ETag': 'W/"4aa-o5i1Pnz2PrMbqamZXCpks1XCkSw"', 'Vary': 'Accept-Encoding', 'Content-Encoding': 'gzip', 'CF-Cache-Status': 'DYNAMIC', 'Report-To': '{"endpoints":[{"url":"https:\\/\\/a.nel.cloudflare.com\\/report\\/v4?s=coKDejJ0ZaeNl2G9byVb2KEQudMfb8It9oNtQAnKKRcdbRlLMLnyZWL9foXi%2B1WMGLfay1HpoypYJhhcuhgdqq5w5nVAHeeS3ay7%2Fn8x%2BzQct0DmNdtkdd7jBNhDrJOT"}],"group":"cf-nel","max_age":604800}', 'NEL': '{"success_fraction":0,"report_to":"cf-nel","max_age":604800}', 'Server': 'cloudflare', 'CF-RAY': '873aac77de5420b7-IAD', 'alt-svc': 'h3=":443"; ma=86400'} 
 body={"results":[{"gender":"female","name":{"title":"Miss","first":"Leilane","last":"Monteiro"},"location":{"street":{"number":6406,"name":"Rua Santa Luzia "},"city":"Várzea Grande","state":"Bahia","country":"Brazil","postcode":97020,"coordinates":{"latitude":"-80.2450","longitude":"94.1253"},"timezone":{"offset":"-6:00","description":"Central Time (US &amp; Canada), Mexico City"}},"email":"leilane.monteiro@example.com","login":{"uuid":"8913aaf2-f746-41b1-ac60-af4879ff1af4","username":"angrymouse990","password":"here","salt":"EqxeThjX","md5":"978712cd9688bb8d65e42c5cf942ae4e","sha1":"9f4e361fb2f8ba59c8366e143fb5ed5b28fba55d","sha256":"b2d3462b390c0717ce2cb406562fcdc16e3082eb88c31ee4198dd0e5f22fb9aa"},"dob":{"date":"1960-04-28T03:10:08.922Z","age":63},"registered":{"date":"2012-05-25T16:40:05.803Z","age":11},"phone":"(59) 9069-3208","cell":"(45) 0511-4006","id":{"name":"CPF","value":"174.803.766-87"},"picture":{"large":"https://randomuser.me/api/portraits/women/46.jpg","medium":"https://randomuser.me/api/portraits/med/women/46.jpg","thumbnail":"https://randomuser.me/api/portraits/thumb/women/46.jpg"},"nat":"BR"}],"info":{"seed":"f5be921fdafe2d09","results":1,"page":1,"version":"1.4"}} 
 </msg>
<msg time="2024-04-13T10:11:44.067342" level="INFO">/opt/hostedtoolcache/Python/3.12.2/x64/lib/python3.12/site-packages/urllib3/connectionpool.py:1103: InsecureRequestWarning: Unverified HTTPS request is being made to host 'randomuser.me'. Adding certificate verification is strongly advised. See: https://urllib3.readthedocs.io/en/latest/advanced-usage.html#tls-warnings
  warnings.warn(</msg>
<msg time="2024-04-13T10:11:44.067465" level="INFO">${response} = &lt;Response [200]&gt;</msg>
<var>${response}</var>
<arg>consultarAPI</arg>
<arg>/api</arg>
<doc>Sends a GET request on a previously created HTTP Session.</doc>
<status status="PASS" start="2024-04-13T10:11:43.972051" elapsed="0.095469"/>
</kw>
<kw name="Set Variable" owner="BuiltIn">
<msg time="2024-04-13T10:11:44.068680" level="INFO">${json_data} = {'results': [{'gender': 'female', 'name': {'title': 'Miss', 'first': 'Leilane', 'last': 'Monteiro'}, 'location': {'street': {'number': 6406, 'name': 'Rua Santa Luzia '}, 'city': 'Várzea Grande', 'stat...</msg>
<var>${json_data}</var>
<arg>${response.json()}</arg>
<doc>Returns the given values which can then be assigned to a variables.</doc>
<status status="PASS" start="2024-04-13T10:11:44.068121" elapsed="0.000589"/>
</kw>
<kw name="Log" owner="BuiltIn">
<msg time="2024-04-13T10:11:44.069235" level="INFO">{'results': [{'gender': 'female', 'name': {'title': 'Miss', 'first': 'Leilane', 'last': 'Monteiro'}, 'location': {'street': {'number': 6406, 'name': 'Rua Santa Luzia '}, 'city': 'Várzea Grande', 'state': 'Bahia', 'country': 'Brazil', 'postcode': 97020, 'coordinates': {'latitude': '-80.2450', 'longitude': '94.1253'}, 'timezone': {'offset': '-6:00', 'description': 'Central Time (US &amp; Canada), Mexico City'}}, 'email': 'leilane.monteiro@example.com', 'login': {'uuid': '8913aaf2-f746-41b1-ac60-af4879ff1af4', 'username': 'angrymouse990', 'password': 'here', 'salt': 'EqxeThjX', 'md5': '978712cd9688bb8d65e42c5cf942ae4e', 'sha1': '9f4e361fb2f8ba59c8366e143fb5ed5b28fba55d', 'sha256': 'b2d3462b390c0717ce2cb406562fcdc16e3082eb88c31ee4198dd0e5f22fb9aa'}, 'dob': {'date': '1960-04-28T03:10:08.922Z', 'age': 63}, 'registered': {'date': '2012-05-25T16:40:05.803Z', 'age': 11}, 'phone': '(59) 9069-3208', 'cell': '(45) 0511-4006', 'id': {'name': 'CPF', 'value': '174.803.766-87'}, 'picture': {'large': 'https://randomuser.me/api/portraits/women/46.jpg', 'medium': 'https://randomuser.me/api/portraits/med/women/46.jpg', 'thumbnail': 'https://randomuser.me/api/portraits/thumb/women/46.jpg'}, 'nat': 'BR'}], 'info': {'seed': 'f5be921fdafe2d09', 'results': 1, 'page': 1, 'version': '1.4'}}</msg>
<arg>${json_data}</arg>
<doc>Logs the given message with the given level.</doc>
<status status="PASS" start="2024-04-13T10:11:44.069033" elapsed="0.000286"/>
</kw>
<kw name="Should Be Equal As Numbers" owner="BuiltIn">
<arg>${json_data['results'][0]['location']['postcode']}</arg>
<arg>${json_data['results'][0]['location']['postcode']}</arg>
<doc>Fails if objects are unequal after converting them to real numbers.</doc>
<status status="PASS" start="2024-04-13T10:11:44.069637" elapsed="0.000633"/>
</kw>
<kw name="Log" owner="BuiltIn">
<msg time="2024-04-13T10:11:44.070816" level="INFO">97020</msg>
<arg>${json_data['results'][0]['location']['postcode']}</arg>
<doc>Logs the given message with the given level.</doc>
<status status="PASS" start="2024-04-13T10:11:44.070470" elapsed="0.000388"/>
</kw>
<status status="PASS" start="2024-04-13T10:11:43.971823" elapsed="0.099293"/>
</kw>
<doc>Testa se os tipos de dados na resposta da API estão corretos.</doc>
<tag>testeTiposDados</tag>
<status status="PASS" start="2024-04-13T10:11:43.885122" elapsed="0.186160"/>
</test>
<test id="s1-s1-t5" name="Validar conteudo" line="35">
<kw name="Teste de Tipos de Conteudo" owner="random-user-service">
<kw name="GET On Session" owner="RequestsLibrary">
<msg time="2024-04-13T10:11:44.162033" level="INFO">GET Request : url=https://randomuser.me/api 
 path_url=/api 
 headers={'User-Agent': 'python-requests/2.31.0', 'Accept-Encoding': 'gzip, deflate', 'Accept': '*/*', 'Connection': 'keep-alive'} 
 body=None 
 </msg>
<msg time="2024-04-13T10:11:44.162116" level="INFO">GET Response : url=https://randomuser.me/api 
 status=200, reason=OK 
 headers={'Date': 'Sat, 13 Apr 2024 10:11:44 GMT', 'Content-Type': 'application/json; charset=utf-8', 'Transfer-Encoding': 'chunked', 'Connection': 'keep-alive', 'X-Powered-By': 'Express', 'Access-Control-Allow-Origin': '*', 'Cache-Control': 'no-cache', 'ETag': 'W/"49f-j1cbP4aXMcOgMFySOqBqSzC+OVU"', 'Vary': 'Accept-Encoding', 'Content-Encoding': 'gzip', 'CF-Cache-Status': 'DYNAMIC', 'Report-To': '{"endpoints":[{"url":"https:\\/\\/a.nel.cloudflare.com\\/report\\/v4?s=EdUvg6BYmxlhHWoWnSYy1UDWlvylf2dHe7DFTA2lFA28fNdf2kM26OpniSB%2FA%2BxzIPKtBsuCg0lg2LPbQlf%2FegzeHiJOTEGnpLFxrJ%2BRUHUulxNJeD0rFrh6bt%2FXMaWV"}],"group":"cf-nel","max_age":604800}', 'NEL': '{"success_fraction":0,"report_to":"cf-nel","max_age":604800}', 'Server': 'cloudflare', 'CF-RAY': '873aac787ed920b7-IAD', 'alt-svc': 'h3=":443"; ma=86400'} 
 body={"results":[{"gender":"male","name":{"title":"Mr","first":"Sudivoy","last":"Oliynichenko"},"location":{"street":{"number":9260,"name":"Dvinska"},"city":"Skvira","state":"Avtonomna Respublika Krim","country":"Ukraine","postcode":41479,"coordinates":{"latitude":"80.5940","longitude":"-32.7428"},"timezone":{"offset":"-4:00","description":"Atlantic Time (Canada), Caracas, La Paz"}},"email":"sudivoy.oliynichenko@example.com","login":{"uuid":"da4e4c05-8b22-43d7-8c4e-9c01f787c1a3","username":"crazytiger654","password":"rollin","salt":"FRjjn2Dr","md5":"f19a9c359a123cd319c75ded31388a48","sha1":"df09ffeea9a65f6aa228d44deb4f65deb6d9b1e3","sha256":"9bd5dd162527ee82637a60ccf212f4e1dd4bd16904ead10ece5e8c25ebf985ba"},"dob":{"date":"1987-05-11T21:18:29.180Z","age":36},"registered":{"date":"2003-05-02T20:07:57.172Z","age":20},"phone":"(099) M54-7062","cell":"(097) X16-8456","id":{"name":"","value":null},"picture":{"large":"https://randomuser.me/api/portraits/men/10.jpg","medium":"https://randomuser.me/api/portraits/med/men/10.jpg","thumbnail":"https://randomuser.me/api/portraits/thumb/men/10.jpg"},"nat":"UA"}],"info":{"seed":"368a63b5afca3f1e","results":1,"page":1,"version":"1.4"}} 
 </msg>
<msg time="2024-04-13T10:11:44.162191" level="INFO">/opt/hostedtoolcache/Python/3.12.2/x64/lib/python3.12/site-packages/urllib3/connectionpool.py:1103: InsecureRequestWarning: Unverified HTTPS request is being made to host 'randomuser.me'. Adding certificate verification is strongly advised. See: https://urllib3.readthedocs.io/en/latest/advanced-usage.html#tls-warnings
  warnings.warn(</msg>
<msg time="2024-04-13T10:11:44.162290" level="INFO">${response} = &lt;Response [200]&gt;</msg>
<var>${response}</var>
<arg>consultarAPI</arg>
<arg>/api</arg>
<doc>Sends a GET request on a previously created HTTP Session.</doc>
<status status="PASS" start="2024-04-13T10:11:44.073791" elapsed="0.088540"/>
</kw>
<kw name="Set Variable" owner="BuiltIn">
<msg time="2024-04-13T10:11:44.163383" level="INFO">${json_data} = {'results': [{'gender': 'male', 'name': {'title': 'Mr', 'first': 'Sudivoy', 'last': 'Oliynichenko'}, 'location': {'street': {'number': 9260, 'name': 'Dvinska'}, 'city': 'Skvira', 'state': 'Avtonomna R...</msg>
<var>${json_data}</var>
<arg>${response.json()}</arg>
<doc>Returns the given values which can then be assigned to a variables.</doc>
<status status="PASS" start="2024-04-13T10:11:44.162796" elapsed="0.000615"/>
</kw>
<kw name="Set Variable" owner="BuiltIn">
<msg time="2024-04-13T10:11:44.164104" level="INFO">${name_title} = Mr</msg>
<var>${name_title}</var>
<arg>${json_data["results"][0]["name"]["title"]}</arg>
<doc>Returns the given values which can then be assigned to a variables.</doc>
<status status="PASS" start="2024-04-13T10:11:44.163721" elapsed="0.000408"/>
</kw>
<kw name="Create List" owner="BuiltIn">
<msg time="2024-04-13T10:11:44.164577" level="INFO">${allowed_titles} = ['Mr', 'Ms', 'Miss', 'Mrs', 'Madame', 'Monsieur']</msg>
<var>${allowed_titles}</var>
<arg>Mr</arg>
<arg>Ms</arg>
<arg>Miss</arg>
<arg>Mrs</arg>
<arg>Madame</arg>
<arg>Monsieur</arg>
<doc>Returns a list containing given items.</doc>
<status status="PASS" start="2024-04-13T10:11:44.164427" elapsed="0.000174"/>
</kw>
<kw name="List Should Contain Value" owner="Collections">
<msg time="2024-04-13T10:11:44.165109" level="INFO">False</msg>
<arg>${allowed_titles}</arg>
<arg>${name_title}</arg>
<doc>Fails if the ``value`` is not found from ``list``.</doc>
<status status="PASS" start="2024-04-13T10:11:44.164906" elapsed="0.000245"/>
</kw>
<kw name="Set Variable" owner="BuiltIn">
<msg time="2024-04-13T10:11:44.165842" level="INFO">${name_country} = UA</msg>
<var>${name_country}</var>
<arg>${json_data["results"][0]["nat"]}</arg>
<doc>Returns the given values which can then be assigned to a variables.</doc>
<status status="PASS" start="2024-04-13T10:11:44.165457" elapsed="0.000410"/>
</kw>
<kw name="Create List" owner="BuiltIn">
<msg time="2024-04-13T10:11:44.166790" level="INFO">${list_country} = ['AD', 'AE', 'AF', 'AG', 'AI', 'AL', 'AM', 'AO', 'AQ', 'AR', 'AS', 'AT', 'AU', 'AW', 'AX', 'AZ', 'BA', 'BB', 'BD', 'BE', 'BF', 'BG', 'BH', 'BI', 'BJ', 'BL', 'BM', 'BN', 'BO', 'BQ', 'BR', 'BS', 'BT', '...</msg>
<var>${list_country}</var>
<arg>AD</arg>
<arg>AE</arg>
<arg>AF</arg>
<arg>AG</arg>
<arg>AI</arg>
<arg>AL</arg>
<arg>AM</arg>
<arg>AO</arg>
<arg>AQ</arg>
<arg>AR</arg>
<arg>AS</arg>
<arg>AT</arg>
<arg>AU</arg>
<arg>AW</arg>
<arg>AX</arg>
<arg>AZ</arg>
<arg>BA</arg>
<arg>BB</arg>
<arg>BD</arg>
<arg>BE</arg>
<arg>BF</arg>
<arg>BG</arg>
<arg>BH</arg>
<arg>BI</arg>
<arg>BJ</arg>
<arg>BL</arg>
<arg>BM</arg>
<arg>BN</arg>
<arg>BO</arg>
<arg>BQ</arg>
<arg>BR</arg>
<arg>BS</arg>
<arg>BT</arg>
<arg>BV</arg>
<arg>BW</arg>
<arg>BY</arg>
<arg>BZ</arg>
<arg>CA</arg>
<arg>CC</arg>
<arg>CD</arg>
<arg>CF</arg>
<arg>CG</arg>
<arg>CH</arg>
<arg>CI</arg>
<arg>CK</arg>
<arg>CL</arg>
<arg>CM</arg>
<arg>CN</arg>
<arg>CO</arg>
<arg>CR</arg>
<arg>CU</arg>
<arg>CV</arg>
<arg>CW</arg>
<arg>CX</arg>
<arg>CY</arg>
<arg>CZ</arg>
<arg>DE</arg>
<arg>DJ</arg>
<arg>DK</arg>
<arg>DM</arg>
<arg>DO</arg>
<arg>DZ</arg>
<arg>EC</arg>
<arg>EE</arg>
<arg>EG</arg>
<arg>EH</arg>
<arg>ER</arg>
<arg>ES</arg>
<arg>ET</arg>
<arg>FI</arg>
<arg>FJ</arg>
<arg>FK</arg>
<arg>FM</arg>
<arg>FO</arg>
<arg>FR</arg>
<arg>GA</arg>
<arg>GB</arg>
<arg>GD</arg>
<arg>GE</arg>
<arg>GF</arg>
<arg>GG</arg>
<arg>GH</arg>
<arg>GI</arg>
<arg>GL</arg>
<arg>GM</arg>
<arg>GN</arg>
<arg>GP</arg>
<arg>GQ</arg>
<arg>GR</arg>
<arg>GS</arg>
<arg>GT</arg>
<arg>GU</arg>
<arg>GW</arg>
<arg>GY</arg>
<arg>HK</arg>
<arg>HM</arg>
<arg>HN</arg>
<arg>HR</arg>
<arg>HT</arg>
<arg>HU</arg>
<arg>ID</arg>
<arg>IE</arg>
<arg>IL</arg>
<arg>IM</arg>
<arg>IN</arg>
<arg>IO</arg>
<arg>IQ</arg>
<arg>IR</arg>
<arg>IS</arg>
<arg>IT</arg>
<arg>JE</arg>
<arg>JM</arg>
<arg>JO</arg>
<arg>JP</arg>
<arg>KE</arg>
<arg>KG</arg>
<arg>KH</arg>
<arg>KI</arg>
<arg>KM</arg>
<arg>KN</arg>
<arg>KP</arg>
<arg>KR</arg>
<arg>KW</arg>
<arg>KY</arg>
<arg>KZ</arg>
<arg>LA</arg>
<arg>LB</arg>
<arg>LC</arg>
<arg>LI</arg>
<arg>LK</arg>
<arg>LR</arg>
<arg>LS</arg>
<arg>LT</arg>
<arg>LU</arg>
<arg>LV</arg>
<arg>LY</arg>
<arg>MA</arg>
<arg>MC</arg>
<arg>MD</arg>
<arg>ME</arg>
<arg>MF</arg>
<arg>MG</arg>
<arg>MH</arg>
<arg>MK</arg>
<arg>ML</arg>
<arg>MM</arg>
<arg>MN</arg>
<arg>MO</arg>
<arg>MP</arg>
<arg>MQ</arg>
<arg>MR</arg>
<arg>MS</arg>
<arg>MT</arg>
<arg>MU</arg>
<arg>MV</arg>
<arg>MW</arg>
<arg>MX</arg>
<arg>MY</arg>
<arg>MZ</arg>
<arg>NA</arg>
<arg>NC</arg>
<arg>NE</arg>
<arg>NF</arg>
<arg>NG</arg>
<arg>NI</arg>
<arg>NL</arg>
<arg>NO</arg>
<arg>NP</arg>
<arg>NR</arg>
<arg>NU</arg>
<arg>NZ</arg>
<arg>OM</arg>
<arg>PA</arg>
<arg>PE</arg>
<arg>PF</arg>
<arg>PG</arg>
<arg>PH</arg>
<arg>PK</arg>
<arg>PL</arg>
<arg>PM</arg>
<arg>PN</arg>
<arg>PR</arg>
<arg>PS</arg>
<arg>PT</arg>
<arg>PW</arg>
<arg>PY</arg>
<arg>QA</arg>
<arg>RE</arg>
<arg>RO</arg>
<arg>RS</arg>
<arg>RU</arg>
<arg>RW</arg>
<arg>SA</arg>
<arg>SB</arg>
<arg>SC</arg>
<arg>SD</arg>
<arg>SE</arg>
<arg>SG</arg>
<arg>SH</arg>
<arg>SI</arg>
<arg>SJ</arg>
<arg>SK</arg>
<arg>SL</arg>
<arg>SM</arg>
<arg>SN</arg>
<arg>SO</arg>
<arg>SR</arg>
<arg>SS</arg>
<arg>ST</arg>
<arg>SV</arg>
<arg>SX</arg>
<arg>SY</arg>
<arg>SZ</arg>
<arg>TC</arg>
<arg>TD</arg>
<arg>TF</arg>
<arg>TG</arg>
<arg>TH</arg>
<arg>TJ</arg>
<arg>TK</arg>
<arg>TL</arg>
<arg>TM</arg>
<arg>TN</arg>
<arg>TO</arg>
<arg>TR</arg>
<arg>TT</arg>
<arg>TV</arg>
<arg>TW</arg>
<arg>TZ</arg>
<arg>UA</arg>
<arg>UG</arg>
<arg>UM</arg>
<arg>US</arg>
<arg>UY</arg>
<arg>UZ</arg>
<arg>VA</arg>
<arg>VC</arg>
<arg>VE</arg>
<arg>VG</arg>
<arg>VI</arg>
<arg>VN</arg>
<arg>VU</arg>
<arg>WF</arg>
<arg>WS</arg>
<arg>XK</arg>
<arg>YE</arg>
<arg>YT</arg>
<arg>ZA</arg>
<arg>ZM</arg>
<arg>ZW</arg>
<doc>Returns a list containing given items.</doc>
<status status="PASS" start="2024-04-13T10:11:44.166189" elapsed="0.000627"/>
</kw>
<kw name="List Should Contain Value" owner="Collections">
<msg time="2024-04-13T10:11:44.167806" level="INFO">False</msg>
<arg>${list_country}</arg>
<arg>${name_country}</arg>
<doc>Fails if the ``value`` is not found from ``list``.</doc>
<status status="PASS" start="2024-04-13T10:11:44.167601" elapsed="0.000243"/>
</kw>
<kw name="Run Keyword If" owner="BuiltIn">
<kw name="Should Be True" owner="BuiltIn">
<arg>${True}</arg>
<doc>Fails if the given condition is not true.</doc>
<status status="PASS" start="2024-04-13T10:11:44.169031" elapsed="0.000191"/>
</kw>
<arg>${json_data["results"][0]["location"]["coordinates"]["latitude"]} &gt;= -90 and ${json_data["results"][0]["location"]["coordinates"]["latitude"]} &lt;= 90</arg>
<arg>Should Be True</arg>
<arg>${True}</arg>
<doc>Runs the given keyword with the given arguments, if ``condition`` is true.</doc>
<status status="PASS" start="2024-04-13T10:11:44.168155" elapsed="0.001200"/>
</kw>
<kw name="Run Keyword If" owner="BuiltIn">
<kw name="Should Be True" owner="BuiltIn">
<arg>${True}</arg>
<doc>Fails if the given condition is not true.</doc>
<status status="PASS" start="2024-04-13T10:11:44.170262" elapsed="0.000143"/>
</kw>
<arg>${json_data["results"][0]["location"]["coordinates"]["longitude"]} &gt;= -180 and ${json_data["results"][0]["location"]["coordinates"]["longitude"]} &lt;= 180</arg>
<arg>Should Be True</arg>
<arg>${True}</arg>
<doc>Runs the given keyword with the given arguments, if ``condition`` is true.</doc>
<status status="PASS" start="2024-04-13T10:11:44.169547" elapsed="0.000986"/>
</kw>
<status status="PASS" start="2024-04-13T10:11:44.073568" elapsed="0.097097"/>
</kw>
<doc>Testa o conteúdo específico dos campos retornados pela API.</doc>
<tag>testeConteudo</tag>
<status status="PASS" start="2024-04-13T10:11:44.073034" elapsed="0.097779"/>
</test>
<status status="PASS" start="2024-04-13T10:11:43.286155" elapsed="0.886610"/>
</suite>
<status status="PASS" start="2024-04-13T10:11:43.272138" elapsed="0.905980"/>
</suite>
<statistics>
<total>
<stat pass="5" fail="0" skip="0">All Tests</stat>
</total>
<tag>
<stat pass="1" fail="0" skip="0">testeConteudo</stat>
<stat pass="1" fail="0" skip="0">testeEstruturaResposta</stat>
<stat pass="1" fail="0" skip="0">testeRequisicaoBasica</stat>
<stat pass="1" fail="0" skip="0">testeTiposDados</stat>
</tag>
<suite>
<stat pass="5" fail="0" skip="0" id="s1" name="Tests">Tests</stat>
<stat pass="5" fail="0" skip="0" id="s1-s1" name="Random-User-Test">Tests.Random-User-Test</stat>
</suite>
</statistics>
<errors>
</errors>
</robot>
