<?xml version="1.0" encoding="UTF-8"?>
<robot generator="Robot 7.0 (Python 3.12.2 on linux)" generated="2024-03-28T05:14:52.705903" rpa="false" schemaversion="5">
<suite id="s1" name="Tests" source="/home/runner/work/DesafioQAItauRogerioJordao/DesafioQAItauRogerioJordao/RamdonUser/tests">
<suite id="s1-s1" name="Random-User-Test" source="/home/runner/work/DesafioQAItauRogerioJordao/DesafioQAItauRogerioJordao/RamdonUser/tests/random-user-test.robot">
<test id="s1-s1-t1" name="Conectar" line="13">
<kw name="Conectar API" owner="random-user-service">
<kw name="Create Session" owner="RequestsLibrary">
<msg time="2024-03-28T05:14:53.063626" level="INFO">Creating Session using : alias=consultarAPI, url=https://randomuser.me/, headers={},                     cookies={}, auth=None, timeout=None, proxies=None, verify=False,                     debug=0 </msg>
<arg>consultarAPI</arg>
<arg>${URL}</arg>
<doc>Create Session: create a HTTP session to a server</doc>
<status status="PASS" start="2024-03-28T05:14:53.063432" elapsed="0.000354"/>
</kw>
<status status="PASS" start="2024-03-28T05:14:53.062439" elapsed="0.001695"/>
</kw>
<status status="PASS" start="2024-03-28T05:14:53.061840" elapsed="0.002499"/>
</test>
<test id="s1-s1-t2" name="Validar retorno 200 e JSON Válido" line="16">
<kw name="Teste de Requisicao Basica" owner="random-user-service">
<kw name="GET On Session" owner="RequestsLibrary">
<msg time="2024-03-28T05:14:53.325551" level="INFO">GET Request : url=https://randomuser.me/api 
 path_url=/api 
 headers={'User-Agent': 'python-requests/2.31.0', 'Accept-Encoding': 'gzip, deflate', 'Accept': '*/*', 'Connection': 'keep-alive'} 
 body=None 
 </msg>
<msg time="2024-03-28T05:14:53.325681" level="INFO">GET Response : url=https://randomuser.me/api 
 status=200, reason=OK 
 headers={'Date': 'Thu, 28 Mar 2024 05:14:53 GMT', 'Content-Type': 'application/json; charset=utf-8', 'Transfer-Encoding': 'chunked', 'Connection': 'keep-alive', 'X-Powered-By': 'Express', 'Access-Control-Allow-Origin': '*', 'Cache-Control': 'no-cache', 'ETag': 'W/"48b-A0PwBChtaSMTl1PEOb0UYTx0D+8"', 'Vary': 'Accept-Encoding', 'Content-Encoding': 'gzip', 'CF-Cache-Status': 'DYNAMIC', 'Report-To': '{"endpoints":[{"url":"https:\\/\\/a.nel.cloudflare.com\\/report\\/v4?s=8ac74Wj%2F8ieFazr4xlFf28C6mo4UtaXm17aSsODDAtDl%2B0Qt2fjW9oF6YqIoojN76ttsW2Ye9XIhELbSSTxMyO%2F1d%2BJsP4CIU5uPSu7z4%2Bf88MbLQQ%2Fni%2FqwmV5EPOvP"}],"group":"cf-nel","max_age":604800}', 'NEL': '{"success_fraction":0,"report_to":"cf-nel","max_age":604800}', 'Server': 'cloudflare', 'CF-RAY': '86b523a29b987cfe-LAX', 'alt-svc': 'h3=":443"; ma=86400'} 
 body={"results":[{"gender":"female","name":{"title":"Mrs","first":"Aishwarya","last":"Shroff"},"location":{"street":{"number":1141,"name":"Marine Drive"},"city":"Chennai","state":"Telangana","country":"India","postcode":29870,"coordinates":{"latitude":"5.4826","longitude":"167.2421"},"timezone":{"offset":"+2:00","description":"Kaliningrad, South Africa"}},"email":"aishwarya.shroff@example.com","login":{"uuid":"0e98183e-3ecb-4198-a913-b7deba17716f","username":"brownpanda495","password":"andrea","salt":"5XUeLFNL","md5":"1468c4f00528747e4dc7a01a70328cf3","sha1":"82d0ac1ee03f5ea3ce065ed9d2411c51522a9bfe","sha256":"38c3f2cc6b8d1597c379622a58e20148a045851cb79d96c2981a76ed006e035a"},"dob":{"date":"1992-11-21T06:01:49.589Z","age":31},"registered":{"date":"2020-12-05T00:36:05.555Z","age":3},"phone":"8144049939","cell":"7373596595","id":{"name":"UIDAI","value":"902539341401"},"picture":{"large":"https://randomuser.me/api/portraits/women/69.jpg","medium":"https://randomuser.me/api/portraits/med/women/69.jpg","thumbnail":"https://randomuser.me/api/portraits/thumb/women/69.jpg"},"nat":"IN"}],"info":{"seed":"b48b72e2dbc9edd5","results":1,"page":1,"version":"1.4"}} 
 </msg>
<msg time="2024-03-28T05:14:53.325780" level="INFO">/opt/hostedtoolcache/Python/3.12.2/x64/lib/python3.12/site-packages/urllib3/connectionpool.py:1103: InsecureRequestWarning: Unverified HTTPS request is being made to host 'randomuser.me'. Adding certificate verification is strongly advised. See: https://urllib3.readthedocs.io/en/latest/advanced-usage.html#tls-warnings
  warnings.warn(</msg>
<msg time="2024-03-28T05:14:53.325880" level="INFO">${response} = &lt;Response [200]&gt;</msg>
<var>${response}</var>
<arg>consultarAPI</arg>
<arg>/api</arg>
<doc>Sends a GET request on a previously created HTTP Session.</doc>
<status status="PASS" start="2024-03-28T05:14:53.067112" elapsed="0.258806"/>
</kw>
<kw name="Should Be Equal As Numbers" owner="BuiltIn">
<msg time="2024-03-28T05:14:53.326735" level="INFO">Argument types are:
&lt;class 'int'&gt;
&lt;class 'str'&gt;</msg>
<arg>${response.status_code}</arg>
<arg>200</arg>
<doc>Fails if objects are unequal after converting them to real numbers.</doc>
<status status="PASS" start="2024-03-28T05:14:53.326333" elapsed="0.000466"/>
</kw>
<kw name="Log" owner="BuiltIn">
<msg time="2024-03-28T05:14:53.327479" level="INFO">200</msg>
<arg>${response.status_code}</arg>
<doc>Logs the given message with the given level.</doc>
<status status="PASS" start="2024-03-28T05:14:53.327120" elapsed="0.000403"/>
</kw>
<kw name="Set Variable" owner="BuiltIn">
<msg time="2024-03-28T05:14:53.328268" level="INFO">${json_data} = {'results': [{'gender': 'female', 'name': {'title': 'Mrs', 'first': 'Aishwarya', 'last': 'Shroff'}, 'location': {'street': {'number': 1141, 'name': 'Marine Drive'}, 'city': 'Chennai', 'state': 'Telang...</msg>
<var>${json_data}</var>
<arg>${response.json()}</arg>
<doc>Returns the given values which can then be assigned to a variables.</doc>
<status status="PASS" start="2024-03-28T05:14:53.327835" elapsed="0.000462"/>
</kw>
<kw name="Dictionary Should Contain Key" owner="Collections">
<msg time="2024-03-28T05:14:53.328766" level="INFO">False</msg>
<arg>${json_data}</arg>
<arg>results</arg>
<doc>Fails if ``key`` is not found from ``dictionary``.</doc>
<status status="PASS" start="2024-03-28T05:14:53.328600" elapsed="0.000205"/>
</kw>
<status status="PASS" start="2024-03-28T05:14:53.066861" elapsed="0.262197"/>
</kw>
<doc>Testa se a API responde corretamente e retorna um objeto JSON válido.</doc>
<tag>testeRequisicaoBasica</tag>
<status status="PASS" start="2024-03-28T05:14:53.066286" elapsed="0.262944"/>
</test>
<test id="s1-s1-t3" name="Validar estrutura de resposta" line="22">
<kw name="Teste de Estrutura de Resposta" owner="random-user-service">
<kw name="GET On Session" owner="RequestsLibrary">
<msg time="2024-03-28T05:14:53.430386" level="INFO">GET Request : url=https://randomuser.me/api 
 path_url=/api 
 headers={'User-Agent': 'python-requests/2.31.0', 'Accept-Encoding': 'gzip, deflate', 'Accept': '*/*', 'Connection': 'keep-alive'} 
 body=None 
 </msg>
<msg time="2024-03-28T05:14:53.430479" level="INFO">GET Response : url=https://randomuser.me/api 
 status=200, reason=OK 
 headers={'Date': 'Thu, 28 Mar 2024 05:14:53 GMT', 'Content-Type': 'application/json; charset=utf-8', 'Transfer-Encoding': 'chunked', 'Connection': 'keep-alive', 'X-Powered-By': 'Express', 'Access-Control-Allow-Origin': '*', 'Cache-Control': 'no-cache', 'ETag': 'W/"497-vI0t/QBn81kiiVueL7K1+Sr6DCg"', 'Vary': 'Accept-Encoding', 'Content-Encoding': 'gzip', 'CF-Cache-Status': 'DYNAMIC', 'Report-To': '{"endpoints":[{"url":"https:\\/\\/a.nel.cloudflare.com\\/report\\/v4?s=Heyc4HauwnCXzI9oqz3V7hL7ShlkCW8m30z%2B0kXC9BUHy4PlH2LHrm5p2wdPPF7IofmSw%2Fp19bpX6sTnWlLOHah70ahJ6b088gJxRcSd9zrD7eRqTIt3CjtKYbhqdMtn"}],"group":"cf-nel","max_age":604800}', 'NEL': '{"success_fraction":0,"report_to":"cf-nel","max_age":604800}', 'Server': 'cloudflare', 'CF-RAY': '86b523a35c817cfe-LAX', 'alt-svc': 'h3=":443"; ma=86400'} 
 body={"results":[{"gender":"female","name":{"title":"Mrs","first":"Gonca","last":"Tahincioğlu"},"location":{"street":{"number":740,"name":"Tunalı Hilmi Cd"},"city":"Artvin","state":"Bilecik","country":"Turkey","postcode":53569,"coordinates":{"latitude":"71.5712","longitude":"48.2689"},"timezone":{"offset":"+9:00","description":"Tokyo, Seoul, Osaka, Sapporo, Yakutsk"}},"email":"gonca.tahincioglu@example.com","login":{"uuid":"7c5e1a12-736f-4596-9270-9548ab34d807","username":"angrymeercat382","password":"janice","salt":"oy8uKy2j","md5":"26972e12c2361f37490b788bd72d4d66","sha1":"9b353e68dcdf3275a2b90fb9fc56f08010ef8ef4","sha256":"6a8cea7f281a33a5ad5ad627728c57ee05508f90c3ce4d68ea56b2881c7f376e"},"dob":{"date":"1962-04-16T12:08:22.165Z","age":61},"registered":{"date":"2012-09-27T03:19:52.162Z","age":11},"phone":"(612)-850-4784","cell":"(075)-882-6361","id":{"name":"","value":null},"picture":{"large":"https://randomuser.me/api/portraits/women/64.jpg","medium":"https://randomuser.me/api/portraits/med/women/64.jpg","thumbnail":"https://randomuser.me/api/portraits/thumb/women/64.jpg"},"nat":"TR"}],"info":{"seed":"d7e582ba559d1b18","results":1,"page":1,"version":"1.4"}} 
 </msg>
<msg time="2024-03-28T05:14:53.430623" level="INFO">/opt/hostedtoolcache/Python/3.12.2/x64/lib/python3.12/site-packages/urllib3/connectionpool.py:1103: InsecureRequestWarning: Unverified HTTPS request is being made to host 'randomuser.me'. Adding certificate verification is strongly advised. See: https://urllib3.readthedocs.io/en/latest/advanced-usage.html#tls-warnings
  warnings.warn(</msg>
<msg time="2024-03-28T05:14:53.430740" level="INFO">${response} = &lt;Response [200]&gt;</msg>
<var>${response}</var>
<arg>consultarAPI</arg>
<arg>/api</arg>
<doc>Sends a GET request on a previously created HTTP Session.</doc>
<status status="PASS" start="2024-03-28T05:14:53.332006" elapsed="0.098779"/>
</kw>
<kw name="Set Variable" owner="BuiltIn">
<msg time="2024-03-28T05:14:53.431702" level="INFO">${json_data} = {'results': [{'gender': 'female', 'name': {'title': 'Mrs', 'first': 'Gonca', 'last': 'Tahincioğlu'}, 'location': {'street': {'number': 740, 'name': 'Tunalı Hilmi Cd'}, 'city': 'Artvin', 'state': 'Bile...</msg>
<var>${json_data}</var>
<arg>${response.json()}</arg>
<doc>Returns the given values which can then be assigned to a variables.</doc>
<status status="PASS" start="2024-03-28T05:14:53.431221" elapsed="0.000512"/>
</kw>
<kw name="Log" owner="BuiltIn">
<msg time="2024-03-28T05:14:53.432217" level="INFO">{'results': [{'gender': 'female', 'name': {'title': 'Mrs', 'first': 'Gonca', 'last': 'Tahincioğlu'}, 'location': {'street': {'number': 740, 'name': 'Tunalı Hilmi Cd'}, 'city': 'Artvin', 'state': 'Bilecik', 'country': 'Turkey', 'postcode': 53569, 'coordinates': {'latitude': '71.5712', 'longitude': '48.2689'}, 'timezone': {'offset': '+9:00', 'description': 'Tokyo, Seoul, Osaka, Sapporo, Yakutsk'}}, 'email': 'gonca.tahincioglu@example.com', 'login': {'uuid': '7c5e1a12-736f-4596-9270-9548ab34d807', 'username': 'angrymeercat382', 'password': 'janice', 'salt': 'oy8uKy2j', 'md5': '26972e12c2361f37490b788bd72d4d66', 'sha1': '9b353e68dcdf3275a2b90fb9fc56f08010ef8ef4', 'sha256': '6a8cea7f281a33a5ad5ad627728c57ee05508f90c3ce4d68ea56b2881c7f376e'}, 'dob': {'date': '1962-04-16T12:08:22.165Z', 'age': 61}, 'registered': {'date': '2012-09-27T03:19:52.162Z', 'age': 11}, 'phone': '(612)-850-4784', 'cell': '(075)-882-6361', 'id': {'name': '', 'value': None}, 'picture': {'large': 'https://randomuser.me/api/portraits/women/64.jpg', 'medium': 'https://randomuser.me/api/portraits/med/women/64.jpg', 'thumbnail': 'https://randomuser.me/api/portraits/thumb/women/64.jpg'}, 'nat': 'TR'}], 'info': {'seed': 'd7e582ba559d1b18', 'results': 1, 'page': 1, 'version': '1.4'}}</msg>
<arg>${json_data}</arg>
<doc>Logs the given message with the given level.</doc>
<status status="PASS" start="2024-03-28T05:14:53.432052" elapsed="0.000216"/>
</kw>
<kw name="Dictionary Should Contain Key" owner="Collections">
<msg time="2024-03-28T05:14:53.432722" level="INFO">False</msg>
<arg>${json_data}</arg>
<arg>results</arg>
<doc>Fails if ``key`` is not found from ``dictionary``.</doc>
<status status="PASS" start="2024-03-28T05:14:53.432569" elapsed="0.000192"/>
</kw>
<kw name="Should Not Be Empty" owner="BuiltIn">
<msg time="2024-03-28T05:14:53.433197" level="INFO">Length is 2.</msg>
<arg>${json_data}</arg>
<doc>Verifies that the given item is not empty.</doc>
<status status="PASS" start="2024-03-28T05:14:53.433062" elapsed="0.000174"/>
</kw>
<kw name="Create List" owner="BuiltIn">
<msg time="2024-03-28T05:14:53.433726" level="INFO">${expected_keys} = ['gender', 'name', 'location', 'email', 'login']</msg>
<var>${expected_keys}</var>
<arg>gender</arg>
<arg>name</arg>
<arg>location</arg>
<arg>email</arg>
<arg>login</arg>
<doc>Returns a list containing given items.</doc>
<status status="PASS" start="2024-03-28T05:14:53.433572" elapsed="0.000180"/>
</kw>
<for flavor="IN">
<iter>
<kw name="Dictionary Should Contain Key" owner="Collections">
<msg time="2024-03-28T05:14:53.434731" level="INFO">False</msg>
<arg>${json_data['results'][0]}</arg>
<arg>${key}</arg>
<doc>Fails if ``key`` is not found from ``dictionary``.</doc>
<status status="PASS" start="2024-03-28T05:14:53.434319" elapsed="0.000452"/>
</kw>
<kw name="Log" owner="BuiltIn">
<msg time="2024-03-28T05:14:53.435454" level="INFO">{'gender': 'female', 'name': {'title': 'Mrs', 'first': 'Gonca', 'last': 'Tahincioğlu'}, 'location': {'street': {'number': 740, 'name': 'Tunalı Hilmi Cd'}, 'city': 'Artvin', 'state': 'Bilecik', 'country': 'Turkey', 'postcode': 53569, 'coordinates': {'latitude': '71.5712', 'longitude': '48.2689'}, 'timezone': {'offset': '+9:00', 'description': 'Tokyo, Seoul, Osaka, Sapporo, Yakutsk'}}, 'email': 'gonca.tahincioglu@example.com', 'login': {'uuid': '7c5e1a12-736f-4596-9270-9548ab34d807', 'username': 'angrymeercat382', 'password': 'janice', 'salt': 'oy8uKy2j', 'md5': '26972e12c2361f37490b788bd72d4d66', 'sha1': '9b353e68dcdf3275a2b90fb9fc56f08010ef8ef4', 'sha256': '6a8cea7f281a33a5ad5ad627728c57ee05508f90c3ce4d68ea56b2881c7f376e'}, 'dob': {'date': '1962-04-16T12:08:22.165Z', 'age': 61}, 'registered': {'date': '2012-09-27T03:19:52.162Z', 'age': 11}, 'phone': '(612)-850-4784', 'cell': '(075)-882-6361', 'id': {'name': '', 'value': None}, 'picture': {'large': 'https://randomuser.me/api/portraits/women/64.jpg', 'medium': 'https://randomuser.me/api/portraits/med/women/64.jpg', 'thumbnail': 'https://randomuser.me/api/portraits/thumb/women/64.jpg'}, 'nat': 'TR'}</msg>
<arg>${json_data['results'][0]}</arg>
<doc>Logs the given message with the given level.</doc>
<status status="PASS" start="2024-03-28T05:14:53.435083" elapsed="0.000429"/>
</kw>
<kw name="Log" owner="BuiltIn">
<msg time="2024-03-28T05:14:53.435956" level="INFO">gender</msg>
<arg>${key}</arg>
<doc>Logs the given message with the given level.</doc>
<status status="PASS" start="2024-03-28T05:14:53.435823" elapsed="0.000172"/>
</kw>
<var name="${key}">gender</var>
<status status="PASS" start="2024-03-28T05:14:53.434196" elapsed="0.002018"/>
</iter>
<iter>
<kw name="Dictionary Should Contain Key" owner="Collections">
<msg time="2024-03-28T05:14:53.436912" level="INFO">False</msg>
<arg>${json_data['results'][0]}</arg>
<arg>${key}</arg>
<doc>Fails if ``key`` is not found from ``dictionary``.</doc>
<status status="PASS" start="2024-03-28T05:14:53.436521" elapsed="0.000430"/>
</kw>
<kw name="Log" owner="BuiltIn">
<msg time="2024-03-28T05:14:53.437675" level="INFO">{'gender': 'female', 'name': {'title': 'Mrs', 'first': 'Gonca', 'last': 'Tahincioğlu'}, 'location': {'street': {'number': 740, 'name': 'Tunalı Hilmi Cd'}, 'city': 'Artvin', 'state': 'Bilecik', 'country': 'Turkey', 'postcode': 53569, 'coordinates': {'latitude': '71.5712', 'longitude': '48.2689'}, 'timezone': {'offset': '+9:00', 'description': 'Tokyo, Seoul, Osaka, Sapporo, Yakutsk'}}, 'email': 'gonca.tahincioglu@example.com', 'login': {'uuid': '7c5e1a12-736f-4596-9270-9548ab34d807', 'username': 'angrymeercat382', 'password': 'janice', 'salt': 'oy8uKy2j', 'md5': '26972e12c2361f37490b788bd72d4d66', 'sha1': '9b353e68dcdf3275a2b90fb9fc56f08010ef8ef4', 'sha256': '6a8cea7f281a33a5ad5ad627728c57ee05508f90c3ce4d68ea56b2881c7f376e'}, 'dob': {'date': '1962-04-16T12:08:22.165Z', 'age': 61}, 'registered': {'date': '2012-09-27T03:19:52.162Z', 'age': 11}, 'phone': '(612)-850-4784', 'cell': '(075)-882-6361', 'id': {'name': '', 'value': None}, 'picture': {'large': 'https://randomuser.me/api/portraits/women/64.jpg', 'medium': 'https://randomuser.me/api/portraits/med/women/64.jpg', 'thumbnail': 'https://randomuser.me/api/portraits/thumb/women/64.jpg'}, 'nat': 'TR'}</msg>
<arg>${json_data['results'][0]}</arg>
<doc>Logs the given message with the given level.</doc>
<status status="PASS" start="2024-03-28T05:14:53.437284" elapsed="0.000443"/>
</kw>
<kw name="Log" owner="BuiltIn">
<msg time="2024-03-28T05:14:53.438161" level="INFO">name</msg>
<arg>${key}</arg>
<doc>Logs the given message with the given level.</doc>
<status status="PASS" start="2024-03-28T05:14:53.438033" elapsed="0.000167"/>
</kw>
<var name="${key}">name</var>
<status status="PASS" start="2024-03-28T05:14:53.436405" elapsed="0.002013"/>
</iter>
<iter>
<kw name="Dictionary Should Contain Key" owner="Collections">
<msg time="2024-03-28T05:14:53.439097" level="INFO">False</msg>
<arg>${json_data['results'][0]}</arg>
<arg>${key}</arg>
<doc>Fails if ``key`` is not found from ``dictionary``.</doc>
<status status="PASS" start="2024-03-28T05:14:53.438716" elapsed="0.000419"/>
</kw>
<kw name="Log" owner="BuiltIn">
<msg time="2024-03-28T05:14:53.439806" level="INFO">{'gender': 'female', 'name': {'title': 'Mrs', 'first': 'Gonca', 'last': 'Tahincioğlu'}, 'location': {'street': {'number': 740, 'name': 'Tunalı Hilmi Cd'}, 'city': 'Artvin', 'state': 'Bilecik', 'country': 'Turkey', 'postcode': 53569, 'coordinates': {'latitude': '71.5712', 'longitude': '48.2689'}, 'timezone': {'offset': '+9:00', 'description': 'Tokyo, Seoul, Osaka, Sapporo, Yakutsk'}}, 'email': 'gonca.tahincioglu@example.com', 'login': {'uuid': '7c5e1a12-736f-4596-9270-9548ab34d807', 'username': 'angrymeercat382', 'password': 'janice', 'salt': 'oy8uKy2j', 'md5': '26972e12c2361f37490b788bd72d4d66', 'sha1': '9b353e68dcdf3275a2b90fb9fc56f08010ef8ef4', 'sha256': '6a8cea7f281a33a5ad5ad627728c57ee05508f90c3ce4d68ea56b2881c7f376e'}, 'dob': {'date': '1962-04-16T12:08:22.165Z', 'age': 61}, 'registered': {'date': '2012-09-27T03:19:52.162Z', 'age': 11}, 'phone': '(612)-850-4784', 'cell': '(075)-882-6361', 'id': {'name': '', 'value': None}, 'picture': {'large': 'https://randomuser.me/api/portraits/women/64.jpg', 'medium': 'https://randomuser.me/api/portraits/med/women/64.jpg', 'thumbnail': 'https://randomuser.me/api/portraits/thumb/women/64.jpg'}, 'nat': 'TR'}</msg>
<arg>${json_data['results'][0]}</arg>
<doc>Logs the given message with the given level.</doc>
<status status="PASS" start="2024-03-28T05:14:53.439439" elapsed="0.000421"/>
</kw>
<kw name="Log" owner="BuiltIn">
<msg time="2024-03-28T05:14:53.440288" level="INFO">location</msg>
<arg>${key}</arg>
<doc>Logs the given message with the given level.</doc>
<status status="PASS" start="2024-03-28T05:14:53.440160" elapsed="0.000167"/>
</kw>
<var name="${key}">location</var>
<status status="PASS" start="2024-03-28T05:14:53.438599" elapsed="0.001945"/>
</iter>
<iter>
<kw name="Dictionary Should Contain Key" owner="Collections">
<msg time="2024-03-28T05:14:53.441212" level="INFO">False</msg>
<arg>${json_data['results'][0]}</arg>
<arg>${key}</arg>
<doc>Fails if ``key`` is not found from ``dictionary``.</doc>
<status status="PASS" start="2024-03-28T05:14:53.440831" elapsed="0.000419"/>
</kw>
<kw name="Log" owner="BuiltIn">
<msg time="2024-03-28T05:14:53.441948" level="INFO">{'gender': 'female', 'name': {'title': 'Mrs', 'first': 'Gonca', 'last': 'Tahincioğlu'}, 'location': {'street': {'number': 740, 'name': 'Tunalı Hilmi Cd'}, 'city': 'Artvin', 'state': 'Bilecik', 'country': 'Turkey', 'postcode': 53569, 'coordinates': {'latitude': '71.5712', 'longitude': '48.2689'}, 'timezone': {'offset': '+9:00', 'description': 'Tokyo, Seoul, Osaka, Sapporo, Yakutsk'}}, 'email': 'gonca.tahincioglu@example.com', 'login': {'uuid': '7c5e1a12-736f-4596-9270-9548ab34d807', 'username': 'angrymeercat382', 'password': 'janice', 'salt': 'oy8uKy2j', 'md5': '26972e12c2361f37490b788bd72d4d66', 'sha1': '9b353e68dcdf3275a2b90fb9fc56f08010ef8ef4', 'sha256': '6a8cea7f281a33a5ad5ad627728c57ee05508f90c3ce4d68ea56b2881c7f376e'}, 'dob': {'date': '1962-04-16T12:08:22.165Z', 'age': 61}, 'registered': {'date': '2012-09-27T03:19:52.162Z', 'age': 11}, 'phone': '(612)-850-4784', 'cell': '(075)-882-6361', 'id': {'name': '', 'value': None}, 'picture': {'large': 'https://randomuser.me/api/portraits/women/64.jpg', 'medium': 'https://randomuser.me/api/portraits/med/women/64.jpg', 'thumbnail': 'https://randomuser.me/api/portraits/thumb/women/64.jpg'}, 'nat': 'TR'}</msg>
<arg>${json_data['results'][0]}</arg>
<doc>Logs the given message with the given level.</doc>
<status status="PASS" start="2024-03-28T05:14:53.441580" elapsed="0.000420"/>
</kw>
<kw name="Log" owner="BuiltIn">
<msg time="2024-03-28T05:14:53.442426" level="INFO">email</msg>
<arg>${key}</arg>
<doc>Logs the given message with the given level.</doc>
<status status="PASS" start="2024-03-28T05:14:53.442298" elapsed="0.000166"/>
</kw>
<var name="${key}">email</var>
<status status="PASS" start="2024-03-28T05:14:53.440719" elapsed="0.001959"/>
</iter>
<iter>
<kw name="Dictionary Should Contain Key" owner="Collections">
<msg time="2024-03-28T05:14:53.443358" level="INFO">False</msg>
<arg>${json_data['results'][0]}</arg>
<arg>${key}</arg>
<doc>Fails if ``key`` is not found from ``dictionary``.</doc>
<status status="PASS" start="2024-03-28T05:14:53.442969" elapsed="0.000426"/>
</kw>
<kw name="Log" owner="BuiltIn">
<msg time="2024-03-28T05:14:53.444056" level="INFO">{'gender': 'female', 'name': {'title': 'Mrs', 'first': 'Gonca', 'last': 'Tahincioğlu'}, 'location': {'street': {'number': 740, 'name': 'Tunalı Hilmi Cd'}, 'city': 'Artvin', 'state': 'Bilecik', 'country': 'Turkey', 'postcode': 53569, 'coordinates': {'latitude': '71.5712', 'longitude': '48.2689'}, 'timezone': {'offset': '+9:00', 'description': 'Tokyo, Seoul, Osaka, Sapporo, Yakutsk'}}, 'email': 'gonca.tahincioglu@example.com', 'login': {'uuid': '7c5e1a12-736f-4596-9270-9548ab34d807', 'username': 'angrymeercat382', 'password': 'janice', 'salt': 'oy8uKy2j', 'md5': '26972e12c2361f37490b788bd72d4d66', 'sha1': '9b353e68dcdf3275a2b90fb9fc56f08010ef8ef4', 'sha256': '6a8cea7f281a33a5ad5ad627728c57ee05508f90c3ce4d68ea56b2881c7f376e'}, 'dob': {'date': '1962-04-16T12:08:22.165Z', 'age': 61}, 'registered': {'date': '2012-09-27T03:19:52.162Z', 'age': 11}, 'phone': '(612)-850-4784', 'cell': '(075)-882-6361', 'id': {'name': '', 'value': None}, 'picture': {'large': 'https://randomuser.me/api/portraits/women/64.jpg', 'medium': 'https://randomuser.me/api/portraits/med/women/64.jpg', 'thumbnail': 'https://randomuser.me/api/portraits/thumb/women/64.jpg'}, 'nat': 'TR'}</msg>
<arg>${json_data['results'][0]}</arg>
<doc>Logs the given message with the given level.</doc>
<status status="PASS" start="2024-03-28T05:14:53.443692" elapsed="0.000413"/>
</kw>
<kw name="Log" owner="BuiltIn">
<msg time="2024-03-28T05:14:53.444526" level="INFO">login</msg>
<arg>${key}</arg>
<doc>Logs the given message with the given level.</doc>
<status status="PASS" start="2024-03-28T05:14:53.444399" elapsed="0.000270"/>
</kw>
<var name="${key}">login</var>
<status status="PASS" start="2024-03-28T05:14:53.442853" elapsed="0.002070"/>
</iter>
<var>${key}</var>
<value>@{expected_keys}</value>
<status status="PASS" start="2024-03-28T05:14:53.434015" elapsed="0.011040"/>
</for>
<kw name="Create List" owner="BuiltIn">
<msg time="2024-03-28T05:14:53.445417" level="INFO">${expected_keysTwo} = ['username', 'password']</msg>
<var>${expected_keysTwo}</var>
<arg>username</arg>
<arg>password</arg>
<doc>Returns a list containing given items.</doc>
<status status="PASS" start="2024-03-28T05:14:53.445251" elapsed="0.000194"/>
</kw>
<for flavor="IN">
<iter>
<kw name="Dictionary Should Contain Key" owner="Collections">
<msg time="2024-03-28T05:14:53.446359" level="INFO">False</msg>
<arg>${json_data['results'][0]['login']}</arg>
<arg>${keyTwo}</arg>
<doc>Fails if ``key`` is not found from ``dictionary``.</doc>
<status status="PASS" start="2024-03-28T05:14:53.445961" elapsed="0.000436"/>
</kw>
<kw name="Dictionary Should Contain Key" owner="Collections">
<msg time="2024-03-28T05:14:53.447072" level="INFO">False</msg>
<arg>${json_data['results'][0]['login']}</arg>
<arg>${keyTwo}</arg>
<doc>Fails if ``key`` is not found from ``dictionary``.</doc>
<status status="PASS" start="2024-03-28T05:14:53.446692" elapsed="0.000417"/>
</kw>
<kw name="Log" owner="BuiltIn">
<msg time="2024-03-28T05:14:53.447531" level="INFO">username</msg>
<arg>${keyTwo}</arg>
<doc>Logs the given message with the given level.</doc>
<status status="PASS" start="2024-03-28T05:14:53.447403" elapsed="0.000165"/>
</kw>
<var name="${keyTwo}">username</var>
<status status="PASS" start="2024-03-28T05:14:53.445850" elapsed="0.001932"/>
</iter>
<iter>
<kw name="Dictionary Should Contain Key" owner="Collections">
<msg time="2024-03-28T05:14:53.448443" level="INFO">False</msg>
<arg>${json_data['results'][0]['login']}</arg>
<arg>${keyTwo}</arg>
<doc>Fails if ``key`` is not found from ``dictionary``.</doc>
<status status="PASS" start="2024-03-28T05:14:53.448064" elapsed="0.000417"/>
</kw>
<kw name="Dictionary Should Contain Key" owner="Collections">
<msg time="2024-03-28T05:14:53.449153" level="INFO">False</msg>
<arg>${json_data['results'][0]['login']}</arg>
<arg>${keyTwo}</arg>
<doc>Fails if ``key`` is not found from ``dictionary``.</doc>
<status status="PASS" start="2024-03-28T05:14:53.448779" elapsed="0.000412"/>
</kw>
<kw name="Log" owner="BuiltIn">
<msg time="2024-03-28T05:14:53.449634" level="INFO">password</msg>
<arg>${keyTwo}</arg>
<doc>Logs the given message with the given level.</doc>
<status status="PASS" start="2024-03-28T05:14:53.449504" elapsed="0.000168"/>
</kw>
<var name="${keyTwo}">password</var>
<status status="PASS" start="2024-03-28T05:14:53.447956" elapsed="0.001936"/>
</iter>
<var>${keyTwo}</var>
<value>@{expected_keysTwo}</value>
<status status="PASS" start="2024-03-28T05:14:53.445697" elapsed="0.004319"/>
</for>
<status status="PASS" start="2024-03-28T05:14:53.331761" elapsed="0.118398"/>
</kw>
<doc>Testa a estrutura da resposta da API.</doc>
<tag>testeEstruturaResposta</tag>
<status status="PASS" start="2024-03-28T05:14:53.331136" elapsed="0.119179"/>
</test>
<test id="s1-s1-t4" name="Validar tipos de dados" line="28">
<kw name="Teste de Tipos de Dados" owner="random-user-service">
<kw name="GET On Session" owner="RequestsLibrary">
<msg time="2024-03-28T05:14:53.551533" level="INFO">GET Request : url=https://randomuser.me/api 
 path_url=/api 
 headers={'User-Agent': 'python-requests/2.31.0', 'Accept-Encoding': 'gzip, deflate', 'Accept': '*/*', 'Connection': 'keep-alive'} 
 body=None 
 </msg>
<msg time="2024-03-28T05:14:53.551618" level="INFO">GET Response : url=https://randomuser.me/api 
 status=200, reason=OK 
 headers={'Date': 'Thu, 28 Mar 2024 05:14:53 GMT', 'Content-Type': 'application/json; charset=utf-8', 'Transfer-Encoding': 'chunked', 'Connection': 'keep-alive', 'X-Powered-By': 'Express', 'Access-Control-Allow-Origin': '*', 'Cache-Control': 'no-cache', 'ETag': 'W/"491-CNGTBjmZuT2S2LVz3WaDwGES1JU"', 'Vary': 'Accept-Encoding', 'Content-Encoding': 'gzip', 'CF-Cache-Status': 'DYNAMIC', 'Report-To': '{"endpoints":[{"url":"https:\\/\\/a.nel.cloudflare.com\\/report\\/v4?s=xuzY20MCRkR0GHRrxUlzwEoKF7yFrOVF7%2B0QkR0H4K4z%2FA6yehLCJmgrjg%2BAa43uq9uPAv5Oms4oCtApx1dBIPXsmevXzHXlXjMKrXhsUKo1qqoduBl3q1Dlm77JkkjC"}],"group":"cf-nel","max_age":604800}', 'NEL': '{"success_fraction":0,"report_to":"cf-nel","max_age":604800}', 'Server': 'cloudflare', 'CF-RAY': '86b523a41d7b7cfe-LAX', 'alt-svc': 'h3=":443"; ma=86400'} 
 body={"results":[{"gender":"male","name":{"title":"Mr","first":"Jasão","last":"Novaes"},"location":{"street":{"number":2176,"name":"Rua Amazonas "},"city":"Nova Iguaçu","state":"Rio Grande do Sul","country":"Brazil","postcode":74101,"coordinates":{"latitude":"-75.2992","longitude":"-95.8318"},"timezone":{"offset":"-11:00","description":"Midway Island, Samoa"}},"email":"jasao.novaes@example.com","login":{"uuid":"8b0319cb-b8eb-4845-8649-35dd320b2ac6","username":"brownmouse312","password":"gremlin","salt":"RG6UFpwF","md5":"13f11b2a5cb6736464aaf4f4c6189d22","sha1":"c548d7e8af5fd09af9baa6ebc80ed446d1da1450","sha256":"bcaa154b70ac983fc95f288543a34827fa97b002ce2e68bb4bd8837c6bee8e00"},"dob":{"date":"1963-10-25T00:20:01.695Z","age":60},"registered":{"date":"2019-06-24T01:19:25.094Z","age":4},"phone":"(21) 0716-8358","cell":"(01) 8881-9902","id":{"name":"CPF","value":"060.611.320-69"},"picture":{"large":"https://randomuser.me/api/portraits/men/83.jpg","medium":"https://randomuser.me/api/portraits/med/men/83.jpg","thumbnail":"https://randomuser.me/api/portraits/thumb/men/83.jpg"},"nat":"BR"}],"info":{"seed":"2ecde79b8b053454","results":1,"page":1,"version":"1.4"}} 
 </msg>
<msg time="2024-03-28T05:14:53.551691" level="INFO">/opt/hostedtoolcache/Python/3.12.2/x64/lib/python3.12/site-packages/urllib3/connectionpool.py:1103: InsecureRequestWarning: Unverified HTTPS request is being made to host 'randomuser.me'. Adding certificate verification is strongly advised. See: https://urllib3.readthedocs.io/en/latest/advanced-usage.html#tls-warnings
  warnings.warn(</msg>
<msg time="2024-03-28T05:14:53.551827" level="INFO">${response} = &lt;Response [200]&gt;</msg>
<var>${response}</var>
<arg>consultarAPI</arg>
<arg>/api</arg>
<doc>Sends a GET request on a previously created HTTP Session.</doc>
<status status="PASS" start="2024-03-28T05:14:53.452891" elapsed="0.098994"/>
</kw>
<kw name="Set Variable" owner="BuiltIn">
<msg time="2024-03-28T05:14:53.552932" level="INFO">${json_data} = {'results': [{'gender': 'male', 'name': {'title': 'Mr', 'first': 'Jasão', 'last': 'Novaes'}, 'location': {'street': {'number': 2176, 'name': 'Rua Amazonas '}, 'city': 'Nova Iguaçu', 'state': 'Rio Gran...</msg>
<var>${json_data}</var>
<arg>${response.json()}</arg>
<doc>Returns the given values which can then be assigned to a variables.</doc>
<status status="PASS" start="2024-03-28T05:14:53.552383" elapsed="0.000579"/>
</kw>
<kw name="Log" owner="BuiltIn">
<msg time="2024-03-28T05:14:53.553464" level="INFO">{'results': [{'gender': 'male', 'name': {'title': 'Mr', 'first': 'Jasão', 'last': 'Novaes'}, 'location': {'street': {'number': 2176, 'name': 'Rua Amazonas '}, 'city': 'Nova Iguaçu', 'state': 'Rio Grande do Sul', 'country': 'Brazil', 'postcode': 74101, 'coordinates': {'latitude': '-75.2992', 'longitude': '-95.8318'}, 'timezone': {'offset': '-11:00', 'description': 'Midway Island, Samoa'}}, 'email': 'jasao.novaes@example.com', 'login': {'uuid': '8b0319cb-b8eb-4845-8649-35dd320b2ac6', 'username': 'brownmouse312', 'password': 'gremlin', 'salt': 'RG6UFpwF', 'md5': '13f11b2a5cb6736464aaf4f4c6189d22', 'sha1': 'c548d7e8af5fd09af9baa6ebc80ed446d1da1450', 'sha256': 'bcaa154b70ac983fc95f288543a34827fa97b002ce2e68bb4bd8837c6bee8e00'}, 'dob': {'date': '1963-10-25T00:20:01.695Z', 'age': 60}, 'registered': {'date': '2019-06-24T01:19:25.094Z', 'age': 4}, 'phone': '(21) 0716-8358', 'cell': '(01) 8881-9902', 'id': {'name': 'CPF', 'value': '060.611.320-69'}, 'picture': {'large': 'https://randomuser.me/api/portraits/men/83.jpg', 'medium': 'https://randomuser.me/api/portraits/med/men/83.jpg', 'thumbnail': 'https://randomuser.me/api/portraits/thumb/men/83.jpg'}, 'nat': 'BR'}], 'info': {'seed': '2ecde79b8b053454', 'results': 1, 'page': 1, 'version': '1.4'}}</msg>
<arg>${json_data}</arg>
<doc>Logs the given message with the given level.</doc>
<status status="PASS" start="2024-03-28T05:14:53.553274" elapsed="0.000275"/>
</kw>
<kw name="Should Be String" owner="String">
<arg>${json_data['results'][0]['gender']}</arg>
<doc>Fails if the given ``item`` is not a string.</doc>
<status status="PASS" start="2024-03-28T05:14:53.553857" elapsed="0.000362"/>
</kw>
<kw name="Should Match Regexp" owner="BuiltIn">
<arg>${json_data['results'][0]['email']}</arg>
<arg>^[a-zA-Z0-9._%+-]+@[a-zA-Z0-9.-]+\.[a-zA-Z]{2,}$</arg>
<doc>Fails if ``string`` does not match ``pattern`` as a regular expression.</doc>
<status status="PASS" start="2024-03-28T05:14:53.554413" elapsed="0.000503"/>
</kw>
<kw name="Should Match Regexp" owner="BuiltIn">
<arg>${json_data['results'][0]['dob']['date']}</arg>
<arg>\\d{4}-\\d{2}-\\d{2}T\\d{2}:\\d{2}:\\d{2}\\.\\d{3}Z</arg>
<doc>Fails if ``string`` does not match ``pattern`` as a regular expression.</doc>
<status status="PASS" start="2024-03-28T05:14:53.555115" elapsed="0.000486"/>
</kw>
<kw name="Should Match Regexp" owner="BuiltIn">
<arg>${json_data['results'][0]['registered']['date']}</arg>
<arg>\\d{4}-\\d{2}-\\d{2}T\\d{2}:\\d{2}:\\d{2}\\.\\d{3}Z</arg>
<doc>Fails if ``string`` does not match ``pattern`` as a regular expression.</doc>
<status status="PASS" start="2024-03-28T05:14:53.555794" elapsed="0.000370"/>
</kw>
<kw name="Should Match Regexp" owner="BuiltIn">
<arg>${json_data['results'][0]['picture']['large']}</arg>
<arg>^https?://.*\.(?:png|jpe?g|gif|bmp)$</arg>
<doc>Fails if ``string`` does not match ``pattern`` as a regular expression.</doc>
<status status="PASS" start="2024-03-28T05:14:53.556352" elapsed="0.000455"/>
</kw>
<kw name="Should Match Regexp" owner="BuiltIn">
<arg>${json_data['results'][0]['picture']['medium']}</arg>
<arg>^https?://.*\.(?:png|jpe?g|gif|bmp)$</arg>
<doc>Fails if ``string`` does not match ``pattern`` as a regular expression.</doc>
<status status="PASS" start="2024-03-28T05:14:53.557000" elapsed="0.000360"/>
</kw>
<kw name="Should Match Regexp" owner="BuiltIn">
<arg>${json_data['results'][0]['picture']['thumbnail']}</arg>
<arg>^https?://.*\.(?:png|jpe?g|gif|bmp)$</arg>
<doc>Fails if ``string`` does not match ``pattern`` as a regular expression.</doc>
<status status="PASS" start="2024-03-28T05:14:53.557583" elapsed="0.000361"/>
</kw>
<kw name="Log" owner="BuiltIn">
<msg time="2024-03-28T05:14:53.558455" level="INFO">{'large': 'https://randomuser.me/api/portraits/men/83.jpg', 'medium': 'https://randomuser.me/api/portraits/med/men/83.jpg', 'thumbnail': 'https://randomuser.me/api/portraits/thumb/men/83.jpg'}</msg>
<arg>${json_data['results'][0]['picture']}</arg>
<doc>Logs the given message with the given level.</doc>
<status status="PASS" start="2024-03-28T05:14:53.558127" elapsed="0.000376"/>
</kw>
<status status="PASS" start="2024-03-28T05:14:53.452664" elapsed="0.106097"/>
</kw>
<kw name="Teste de Tipos de Dados - Postcode" owner="random-user-service">
<kw name="GET On Session" owner="RequestsLibrary">
<msg time="2024-03-28T05:14:53.653210" level="INFO">GET Request : url=https://randomuser.me/api 
 path_url=/api 
 headers={'User-Agent': 'python-requests/2.31.0', 'Accept-Encoding': 'gzip, deflate', 'Accept': '*/*', 'Connection': 'keep-alive'} 
 body=None 
 </msg>
<msg time="2024-03-28T05:14:53.653298" level="INFO">GET Response : url=https://randomuser.me/api 
 status=200, reason=OK 
 headers={'Date': 'Thu, 28 Mar 2024 05:14:53 GMT', 'Content-Type': 'application/json; charset=utf-8', 'Transfer-Encoding': 'chunked', 'Connection': 'keep-alive', 'X-Powered-By': 'Express', 'Access-Control-Allow-Origin': '*', 'Cache-Control': 'no-cache', 'ETag': 'W/"47b-ta5Pl2qBxQZXSdtPdIYJsXzZfNk"', 'Vary': 'Accept-Encoding', 'Content-Encoding': 'gzip', 'CF-Cache-Status': 'DYNAMIC', 'Report-To': '{"endpoints":[{"url":"https:\\/\\/a.nel.cloudflare.com\\/report\\/v4?s=bjOdRnwiFPxMTgpqD%2FzKjUnq7rCYRo8BO27RzNokLP5L4oD3AAB99H9Tg93ZWEwnQb%2FxgwjIc0SBLeHNS%2Bp4C7z59i9yRuqmToy%2BPL36axTciSQPyyMoWoiwQo5C5VOD"}],"group":"cf-nel","max_age":604800}', 'NEL': '{"success_fraction":0,"report_to":"cf-nel","max_age":604800}', 'Server': 'cloudflare', 'CF-RAY': '86b523a4ce677cfe-LAX', 'alt-svc': 'h3=":443"; ma=86400'} 
 body={"results":[{"gender":"male","name":{"title":"Mr","first":"Célestin","last":"Joly"},"location":{"street":{"number":6350,"name":"Rue Abel"},"city":"Marseille","state":"Lozère","country":"France","postcode":33534,"coordinates":{"latitude":"-13.3062","longitude":"-116.4476"},"timezone":{"offset":"-9:00","description":"Alaska"}},"email":"celestin.joly@example.com","login":{"uuid":"272a5794-59df-4113-b498-41782d8ec219","username":"purpleleopard339","password":"cutlass","salt":"vMZ0hemp","md5":"2a39a16c26950724df2c93bb9f6f612d","sha1":"21465fd37fad075b09d1bb6f1c7ce9b7d10702fa","sha256":"75a7c0d27cb36fefe78a48ce444fca464c87b53b37cb50d6915d8fe07df34ba0"},"dob":{"date":"1949-02-28T02:10:37.242Z","age":75},"registered":{"date":"2011-09-16T03:37:04.686Z","age":12},"phone":"01-85-97-11-65","cell":"06-56-64-38-01","id":{"name":"INSEE","value":"1490172166742 84"},"picture":{"large":"https://randomuser.me/api/portraits/men/53.jpg","medium":"https://randomuser.me/api/portraits/med/men/53.jpg","thumbnail":"https://randomuser.me/api/portraits/thumb/men/53.jpg"},"nat":"FR"}],"info":{"seed":"fb168cdff76e4a11","results":1,"page":1,"version":"1.4"}} 
 </msg>
<msg time="2024-03-28T05:14:53.653370" level="INFO">/opt/hostedtoolcache/Python/3.12.2/x64/lib/python3.12/site-packages/urllib3/connectionpool.py:1103: InsecureRequestWarning: Unverified HTTPS request is being made to host 'randomuser.me'. Adding certificate verification is strongly advised. See: https://urllib3.readthedocs.io/en/latest/advanced-usage.html#tls-warnings
  warnings.warn(</msg>
<msg time="2024-03-28T05:14:53.653505" level="INFO">${response} = &lt;Response [200]&gt;</msg>
<var>${response}</var>
<arg>consultarAPI</arg>
<arg>/api</arg>
<doc>Sends a GET request on a previously created HTTP Session.</doc>
<status status="PASS" start="2024-03-28T05:14:53.559311" elapsed="0.094234"/>
</kw>
<kw name="Set Variable" owner="BuiltIn">
<msg time="2024-03-28T05:14:53.654551" level="INFO">${json_data} = {'results': [{'gender': 'male', 'name': {'title': 'Mr', 'first': 'Célestin', 'last': 'Joly'}, 'location': {'street': {'number': 6350, 'name': 'Rue Abel'}, 'city': 'Marseille', 'state': 'Lozère', 'coun...</msg>
<var>${json_data}</var>
<arg>${response.json()}</arg>
<doc>Returns the given values which can then be assigned to a variables.</doc>
<status status="PASS" start="2024-03-28T05:14:53.653992" elapsed="0.000589"/>
</kw>
<kw name="Log" owner="BuiltIn">
<msg time="2024-03-28T05:14:53.655041" level="INFO">{'results': [{'gender': 'male', 'name': {'title': 'Mr', 'first': 'Célestin', 'last': 'Joly'}, 'location': {'street': {'number': 6350, 'name': 'Rue Abel'}, 'city': 'Marseille', 'state': 'Lozère', 'country': 'France', 'postcode': 33534, 'coordinates': {'latitude': '-13.3062', 'longitude': '-116.4476'}, 'timezone': {'offset': '-9:00', 'description': 'Alaska'}}, 'email': 'celestin.joly@example.com', 'login': {'uuid': '272a5794-59df-4113-b498-41782d8ec219', 'username': 'purpleleopard339', 'password': 'cutlass', 'salt': 'vMZ0hemp', 'md5': '2a39a16c26950724df2c93bb9f6f612d', 'sha1': '21465fd37fad075b09d1bb6f1c7ce9b7d10702fa', 'sha256': '75a7c0d27cb36fefe78a48ce444fca464c87b53b37cb50d6915d8fe07df34ba0'}, 'dob': {'date': '1949-02-28T02:10:37.242Z', 'age': 75}, 'registered': {'date': '2011-09-16T03:37:04.686Z', 'age': 12}, 'phone': '01-85-97-11-65', 'cell': '06-56-64-38-01', 'id': {'name': 'INSEE', 'value': '1490172166742 84'}, 'picture': {'large': 'https://randomuser.me/api/portraits/men/53.jpg', 'medium': 'https://randomuser.me/api/portraits/med/men/53.jpg', 'thumbnail': 'https://randomuser.me/api/portraits/thumb/men/53.jpg'}, 'nat': 'FR'}], 'info': {'seed': 'fb168cdff76e4a11', 'results': 1, 'page': 1, 'version': '1.4'}}</msg>
<arg>${json_data}</arg>
<doc>Logs the given message with the given level.</doc>
<status status="PASS" start="2024-03-28T05:14:53.654888" elapsed="0.000231"/>
</kw>
<kw name="Should Be Equal As Numbers" owner="BuiltIn">
<arg>${json_data['results'][0]['location']['postcode']}</arg>
<arg>${json_data['results'][0]['location']['postcode']}</arg>
<doc>Fails if objects are unequal after converting them to real numbers.</doc>
<status status="PASS" start="2024-03-28T05:14:53.655422" elapsed="0.000618"/>
</kw>
<kw name="Log" owner="BuiltIn">
<msg time="2024-03-28T05:14:53.656567" level="INFO">33534</msg>
<arg>${json_data['results'][0]['location']['postcode']}</arg>
<doc>Logs the given message with the given level.</doc>
<status status="PASS" start="2024-03-28T05:14:53.656234" elapsed="0.000373"/>
</kw>
<status status="PASS" start="2024-03-28T05:14:53.558973" elapsed="0.097889"/>
</kw>
<doc>Testa se os tipos de dados na resposta da API estão corretos.</doc>
<tag>testeTiposDados</tag>
<status status="PASS" start="2024-03-28T05:14:53.452147" elapsed="0.204881"/>
</test>
<test id="s1-s1-t5" name="Validar conteudo" line="35">
<kw name="Teste de Tipos de Conteudo" owner="random-user-service">
<kw name="GET On Session" owner="RequestsLibrary">
<msg time="2024-03-28T05:14:53.757013" level="INFO">GET Request : url=https://randomuser.me/api 
 path_url=/api 
 headers={'User-Agent': 'python-requests/2.31.0', 'Accept-Encoding': 'gzip, deflate', 'Accept': '*/*', 'Connection': 'keep-alive'} 
 body=None 
 </msg>
<msg time="2024-03-28T05:14:53.757098" level="INFO">GET Response : url=https://randomuser.me/api 
 status=200, reason=OK 
 headers={'Date': 'Thu, 28 Mar 2024 05:14:53 GMT', 'Content-Type': 'application/json; charset=utf-8', 'Transfer-Encoding': 'chunked', 'Connection': 'keep-alive', 'X-Powered-By': 'Express', 'Access-Control-Allow-Origin': '*', 'Cache-Control': 'no-cache', 'ETag': 'W/"490-H1pKxVuJQBlPKNl4TLjYsk/eKyM"', 'Vary': 'Accept-Encoding', 'Content-Encoding': 'gzip', 'CF-Cache-Status': 'DYNAMIC', 'Report-To': '{"endpoints":[{"url":"https:\\/\\/a.nel.cloudflare.com\\/report\\/v4?s=Jkh1YILiNogje3wiGFSv7BHqMsFmyQzQsONFORT5eoU50spu7NKzNgvGdzwceuf4Sryu2FSl4ROovfNV88w4%2F9Wd8HbXJNUiARSM6h%2BIUXh0ozMFrJT0Vly7WCzrd30e"}],"group":"cf-nel","max_age":604800}', 'NEL': '{"success_fraction":0,"report_to":"cf-nel","max_age":604800}', 'Server': 'cloudflare', 'CF-RAY': '86b523a56f2c7cfe-LAX', 'alt-svc': 'h3=":443"; ma=86400'} 
 body={"results":[{"gender":"female","name":{"title":"Miss","first":"Eevi","last":"Kuusisto"},"location":{"street":{"number":4798,"name":"Hermiankatu"},"city":"Mikkeli","state":"Åland","country":"Finland","postcode":36498,"coordinates":{"latitude":"-25.6190","longitude":"96.3809"},"timezone":{"offset":"+4:00","description":"Abu Dhabi, Muscat, Baku, Tbilisi"}},"email":"eevi.kuusisto@example.com","login":{"uuid":"1629738f-47a5-4757-a98b-d15281fa402d","username":"sadswan205","password":"lback","salt":"BMxEuE5M","md5":"fb92177e76e4fa72b5d44dbff744d664","sha1":"e8a0bea320cc684293e81cbf92c2c13f02cecb54","sha256":"de02c05b5cf48f77cb820d789ccd0143160dc18aefebe162094bae61c21e4780"},"dob":{"date":"1962-08-12T12:09:05.680Z","age":61},"registered":{"date":"2005-07-29T01:49:29.804Z","age":18},"phone":"02-962-018","cell":"047-977-15-83","id":{"name":"HETU","value":"NaNNA692undefined"},"picture":{"large":"https://randomuser.me/api/portraits/women/50.jpg","medium":"https://randomuser.me/api/portraits/med/women/50.jpg","thumbnail":"https://randomuser.me/api/portraits/thumb/women/50.jpg"},"nat":"FI"}],"info":{"seed":"eeb5191aca84542f","results":1,"page":1,"version":"1.4"}} 
 </msg>
<msg time="2024-03-28T05:14:53.757172" level="INFO">/opt/hostedtoolcache/Python/3.12.2/x64/lib/python3.12/site-packages/urllib3/connectionpool.py:1103: InsecureRequestWarning: Unverified HTTPS request is being made to host 'randomuser.me'. Adding certificate verification is strongly advised. See: https://urllib3.readthedocs.io/en/latest/advanced-usage.html#tls-warnings
  warnings.warn(</msg>
<msg time="2024-03-28T05:14:53.757290" level="INFO">${response} = &lt;Response [200]&gt;</msg>
<var>${response}</var>
<arg>consultarAPI</arg>
<arg>/api</arg>
<doc>Sends a GET request on a previously created HTTP Session.</doc>
<status status="PASS" start="2024-03-28T05:14:53.659623" elapsed="0.097722"/>
</kw>
<kw name="Set Variable" owner="BuiltIn">
<msg time="2024-03-28T05:14:53.758425" level="INFO">${json_data} = {'results': [{'gender': 'female', 'name': {'title': 'Miss', 'first': 'Eevi', 'last': 'Kuusisto'}, 'location': {'street': {'number': 4798, 'name': 'Hermiankatu'}, 'city': 'Mikkeli', 'state': 'Åland', '...</msg>
<var>${json_data}</var>
<arg>${response.json()}</arg>
<doc>Returns the given values which can then be assigned to a variables.</doc>
<status status="PASS" start="2024-03-28T05:14:53.757865" elapsed="0.000589"/>
</kw>
<kw name="Set Variable" owner="BuiltIn">
<msg time="2024-03-28T05:14:53.759131" level="INFO">${name_title} = Miss</msg>
<var>${name_title}</var>
<arg>${json_data["results"][0]["name"]["title"]}</arg>
<doc>Returns the given values which can then be assigned to a variables.</doc>
<status status="PASS" start="2024-03-28T05:14:53.758758" elapsed="0.000398"/>
</kw>
<kw name="Create List" owner="BuiltIn">
<msg time="2024-03-28T05:14:53.759602" level="INFO">${allowed_titles} = ['Mr', 'Ms', 'Miss', 'Mrs', 'Madame', 'Monsieur']</msg>
<var>${allowed_titles}</var>
<arg>Mr</arg>
<arg>Ms</arg>
<arg>Miss</arg>
<arg>Mrs</arg>
<arg>Madame</arg>
<arg>Monsieur</arg>
<doc>Returns a list containing given items.</doc>
<status status="PASS" start="2024-03-28T05:14:53.759452" elapsed="0.000174"/>
</kw>
<kw name="List Should Contain Value" owner="Collections">
<msg time="2024-03-28T05:14:53.760105" level="INFO">False</msg>
<arg>${allowed_titles}</arg>
<arg>${name_title}</arg>
<doc>Fails if the ``value`` is not found from ``list``.</doc>
<status status="PASS" start="2024-03-28T05:14:53.759934" elapsed="0.000208"/>
</kw>
<kw name="Set Variable" owner="BuiltIn">
<msg time="2024-03-28T05:14:53.760797" level="INFO">${name_country} = FI</msg>
<var>${name_country}</var>
<arg>${json_data["results"][0]["nat"]}</arg>
<doc>Returns the given values which can then be assigned to a variables.</doc>
<status status="PASS" start="2024-03-28T05:14:53.760424" elapsed="0.000398"/>
</kw>
<kw name="Create List" owner="BuiltIn">
<msg time="2024-03-28T05:14:53.761756" level="INFO">${list_country} = ['AD', 'AE', 'AF', 'AG', 'AI', 'AL', 'AM', 'AO', 'AQ', 'AR', 'AS', 'AT', 'AU', 'AW', 'AX', 'AZ', 'BA', 'BB', 'BD', 'BE', 'BF', 'BG', 'BH', 'BI', 'BJ', 'BL', 'BM', 'BN', 'BO', 'BQ', 'BR', 'BS', 'BT', '...</msg>
<var>${list_country}</var>
<arg>AD</arg>
<arg>AE</arg>
<arg>AF</arg>
<arg>AG</arg>
<arg>AI</arg>
<arg>AL</arg>
<arg>AM</arg>
<arg>AO</arg>
<arg>AQ</arg>
<arg>AR</arg>
<arg>AS</arg>
<arg>AT</arg>
<arg>AU</arg>
<arg>AW</arg>
<arg>AX</arg>
<arg>AZ</arg>
<arg>BA</arg>
<arg>BB</arg>
<arg>BD</arg>
<arg>BE</arg>
<arg>BF</arg>
<arg>BG</arg>
<arg>BH</arg>
<arg>BI</arg>
<arg>BJ</arg>
<arg>BL</arg>
<arg>BM</arg>
<arg>BN</arg>
<arg>BO</arg>
<arg>BQ</arg>
<arg>BR</arg>
<arg>BS</arg>
<arg>BT</arg>
<arg>BV</arg>
<arg>BW</arg>
<arg>BY</arg>
<arg>BZ</arg>
<arg>CA</arg>
<arg>CC</arg>
<arg>CD</arg>
<arg>CF</arg>
<arg>CG</arg>
<arg>CH</arg>
<arg>CI</arg>
<arg>CK</arg>
<arg>CL</arg>
<arg>CM</arg>
<arg>CN</arg>
<arg>CO</arg>
<arg>CR</arg>
<arg>CU</arg>
<arg>CV</arg>
<arg>CW</arg>
<arg>CX</arg>
<arg>CY</arg>
<arg>CZ</arg>
<arg>DE</arg>
<arg>DJ</arg>
<arg>DK</arg>
<arg>DM</arg>
<arg>DO</arg>
<arg>DZ</arg>
<arg>EC</arg>
<arg>EE</arg>
<arg>EG</arg>
<arg>EH</arg>
<arg>ER</arg>
<arg>ES</arg>
<arg>ET</arg>
<arg>FI</arg>
<arg>FJ</arg>
<arg>FK</arg>
<arg>FM</arg>
<arg>FO</arg>
<arg>FR</arg>
<arg>GA</arg>
<arg>GB</arg>
<arg>GD</arg>
<arg>GE</arg>
<arg>GF</arg>
<arg>GG</arg>
<arg>GH</arg>
<arg>GI</arg>
<arg>GL</arg>
<arg>GM</arg>
<arg>GN</arg>
<arg>GP</arg>
<arg>GQ</arg>
<arg>GR</arg>
<arg>GS</arg>
<arg>GT</arg>
<arg>GU</arg>
<arg>GW</arg>
<arg>GY</arg>
<arg>HK</arg>
<arg>HM</arg>
<arg>HN</arg>
<arg>HR</arg>
<arg>HT</arg>
<arg>HU</arg>
<arg>ID</arg>
<arg>IE</arg>
<arg>IL</arg>
<arg>IM</arg>
<arg>IN</arg>
<arg>IO</arg>
<arg>IQ</arg>
<arg>IR</arg>
<arg>IS</arg>
<arg>IT</arg>
<arg>JE</arg>
<arg>JM</arg>
<arg>JO</arg>
<arg>JP</arg>
<arg>KE</arg>
<arg>KG</arg>
<arg>KH</arg>
<arg>KI</arg>
<arg>KM</arg>
<arg>KN</arg>
<arg>KP</arg>
<arg>KR</arg>
<arg>KW</arg>
<arg>KY</arg>
<arg>KZ</arg>
<arg>LA</arg>
<arg>LB</arg>
<arg>LC</arg>
<arg>LI</arg>
<arg>LK</arg>
<arg>LR</arg>
<arg>LS</arg>
<arg>LT</arg>
<arg>LU</arg>
<arg>LV</arg>
<arg>LY</arg>
<arg>MA</arg>
<arg>MC</arg>
<arg>MD</arg>
<arg>ME</arg>
<arg>MF</arg>
<arg>MG</arg>
<arg>MH</arg>
<arg>MK</arg>
<arg>ML</arg>
<arg>MM</arg>
<arg>MN</arg>
<arg>MO</arg>
<arg>MP</arg>
<arg>MQ</arg>
<arg>MR</arg>
<arg>MS</arg>
<arg>MT</arg>
<arg>MU</arg>
<arg>MV</arg>
<arg>MW</arg>
<arg>MX</arg>
<arg>MY</arg>
<arg>MZ</arg>
<arg>NA</arg>
<arg>NC</arg>
<arg>NE</arg>
<arg>NF</arg>
<arg>NG</arg>
<arg>NI</arg>
<arg>NL</arg>
<arg>NO</arg>
<arg>NP</arg>
<arg>NR</arg>
<arg>NU</arg>
<arg>NZ</arg>
<arg>OM</arg>
<arg>PA</arg>
<arg>PE</arg>
<arg>PF</arg>
<arg>PG</arg>
<arg>PH</arg>
<arg>PK</arg>
<arg>PL</arg>
<arg>PM</arg>
<arg>PN</arg>
<arg>PR</arg>
<arg>PS</arg>
<arg>PT</arg>
<arg>PW</arg>
<arg>PY</arg>
<arg>QA</arg>
<arg>RE</arg>
<arg>RO</arg>
<arg>RS</arg>
<arg>RU</arg>
<arg>RW</arg>
<arg>SA</arg>
<arg>SB</arg>
<arg>SC</arg>
<arg>SD</arg>
<arg>SE</arg>
<arg>SG</arg>
<arg>SH</arg>
<arg>SI</arg>
<arg>SJ</arg>
<arg>SK</arg>
<arg>SL</arg>
<arg>SM</arg>
<arg>SN</arg>
<arg>SO</arg>
<arg>SR</arg>
<arg>SS</arg>
<arg>ST</arg>
<arg>SV</arg>
<arg>SX</arg>
<arg>SY</arg>
<arg>SZ</arg>
<arg>TC</arg>
<arg>TD</arg>
<arg>TF</arg>
<arg>TG</arg>
<arg>TH</arg>
<arg>TJ</arg>
<arg>TK</arg>
<arg>TL</arg>
<arg>TM</arg>
<arg>TN</arg>
<arg>TO</arg>
<arg>TR</arg>
<arg>TT</arg>
<arg>TV</arg>
<arg>TW</arg>
<arg>TZ</arg>
<arg>UA</arg>
<arg>UG</arg>
<arg>UM</arg>
<arg>US</arg>
<arg>UY</arg>
<arg>UZ</arg>
<arg>VA</arg>
<arg>VC</arg>
<arg>VE</arg>
<arg>VG</arg>
<arg>VI</arg>
<arg>VN</arg>
<arg>VU</arg>
<arg>WF</arg>
<arg>WS</arg>
<arg>XK</arg>
<arg>YE</arg>
<arg>YT</arg>
<arg>ZA</arg>
<arg>ZM</arg>
<arg>ZW</arg>
<doc>Returns a list containing given items.</doc>
<status status="PASS" start="2024-03-28T05:14:53.761126" elapsed="0.000657"/>
</kw>
<kw name="List Should Contain Value" owner="Collections">
<msg time="2024-03-28T05:14:53.762890" level="INFO">False</msg>
<arg>${list_country}</arg>
<arg>${name_country}</arg>
<doc>Fails if the ``value`` is not found from ``list``.</doc>
<status status="PASS" start="2024-03-28T05:14:53.762687" elapsed="0.000241"/>
</kw>
<kw name="Run Keyword If" owner="BuiltIn">
<kw name="Should Be True" owner="BuiltIn">
<arg>${True}</arg>
<doc>Fails if the given condition is not true.</doc>
<status status="PASS" start="2024-03-28T05:14:53.763980" elapsed="0.000145"/>
</kw>
<arg>${json_data["results"][0]["location"]["coordinates"]["latitude"]} &gt;= -90 and ${json_data["results"][0]["location"]["coordinates"]["latitude"]} &lt;= 90</arg>
<arg>Should Be True</arg>
<arg>${True}</arg>
<doc>Runs the given keyword with the given arguments, if ``condition`` is true.</doc>
<status status="PASS" start="2024-03-28T05:14:53.763242" elapsed="0.001010"/>
</kw>
<kw name="Run Keyword If" owner="BuiltIn">
<kw name="Should Be True" owner="BuiltIn">
<arg>${True}</arg>
<doc>Fails if the given condition is not true.</doc>
<status status="PASS" start="2024-03-28T05:14:53.765120" elapsed="0.000139"/>
</kw>
<arg>${json_data["results"][0]["location"]["coordinates"]["longitude"]} &gt;= -180 and ${json_data["results"][0]["location"]["coordinates"]["longitude"]} &lt;= 180</arg>
<arg>Should Be True</arg>
<arg>${True}</arg>
<doc>Runs the given keyword with the given arguments, if ``condition`` is true.</doc>
<status status="PASS" start="2024-03-28T05:14:53.764436" elapsed="0.000947"/>
</kw>
<status status="PASS" start="2024-03-28T05:14:53.659390" elapsed="0.106147"/>
</kw>
<doc>Testa o conteúdo específico dos campos retornados pela API.</doc>
<tag>testeConteudo</tag>
<status status="PASS" start="2024-03-28T05:14:53.658860" elapsed="0.106818"/>
</test>
<status status="PASS" start="2024-03-28T05:14:52.758386" elapsed="1.009251"/>
</suite>
<status status="PASS" start="2024-03-28T05:14:52.744848" elapsed="1.028315"/>
</suite>
<statistics>
<total>
<stat pass="5" fail="0" skip="0">All Tests</stat>
</total>
<tag>
<stat pass="1" fail="0" skip="0">testeConteudo</stat>
<stat pass="1" fail="0" skip="0">testeEstruturaResposta</stat>
<stat pass="1" fail="0" skip="0">testeRequisicaoBasica</stat>
<stat pass="1" fail="0" skip="0">testeTiposDados</stat>
</tag>
<suite>
<stat pass="5" fail="0" skip="0" id="s1" name="Tests">Tests</stat>
<stat pass="5" fail="0" skip="0" id="s1-s1" name="Random-User-Test">Tests.Random-User-Test</stat>
</suite>
</statistics>
<errors>
</errors>
</robot>
