<?xml version="1.0" encoding="UTF-8"?>
<robot generator="Robot 7.0 (Python 3.12.3 on linux)" generated="2024-05-31T11:13:02.525635" rpa="false" schemaversion="5">
<suite id="s1" name="Tests" source="/home/runner/work/ApiRandomUser/ApiRandomUser/RamdonUser/tests">
<suite id="s1-s1" name="Random-User-Test" source="/home/runner/work/ApiRandomUser/ApiRandomUser/RamdonUser/tests/random-user-test.robot">
<test id="s1-s1-t1" name="Conectar" line="13">
<kw name="Conectar API" owner="random-user-service">
<kw name="Create Session" owner="RequestsLibrary">
<msg time="2024-05-31T11:13:02.953500" level="INFO">Creating Session using : alias=consultarAPI, url=https://randomuser.me/, headers={},                     cookies={}, auth=None, timeout=None, proxies=None, verify=False,                     debug=0 </msg>
<arg>consultarAPI</arg>
<arg>${URL}</arg>
<doc>Create Session: create a HTTP session to a server</doc>
<status status="PASS" start="2024-05-31T11:13:02.953265" elapsed="0.000437"/>
</kw>
<status status="PASS" start="2024-05-31T11:13:02.952193" elapsed="0.001880"/>
</kw>
<status status="PASS" start="2024-05-31T11:13:02.951614" elapsed="0.002654"/>
</test>
<test id="s1-s1-t2" name="Validar retorno 200 e JSON Válido" line="16">
<kw name="Teste de Requisicao Basica" owner="random-user-service">
<kw name="GET On Session" owner="RequestsLibrary">
<msg time="2024-05-31T11:13:03.136562" level="INFO">GET Request : url=https://randomuser.me/api 
 path_url=/api 
 headers={'User-Agent': 'python-requests/2.32.3', 'Accept-Encoding': 'gzip, deflate', 'Accept': '*/*', 'Connection': 'keep-alive'} 
 body=None 
 </msg>
<msg time="2024-05-31T11:13:03.136716" level="INFO">GET Response : url=https://randomuser.me/api 
 status=200, reason=OK 
 headers={'Date': 'Fri, 31 May 2024 11:13:03 GMT', 'Content-Type': 'application/json; charset=utf-8', 'Transfer-Encoding': 'chunked', 'Connection': 'keep-alive', 'X-Powered-By': 'Express', 'Access-Control-Allow-Origin': '*', 'Cache-Control': 'no-cache', 'ETag': 'W/"4a6-ZcQYeHzp5cIcxmXfjPQjZ73yy4U"', 'Vary': 'Accept-Encoding', 'Content-Encoding': 'gzip', 'CF-Cache-Status': 'DYNAMIC', 'Report-To': '{"endpoints":[{"url":"https:\\/\\/a.nel.cloudflare.com\\/report\\/v4?s=RfSy2TE%2FnO%2FtOz397eoGTXOD3uRWzbeddIxuNrXJe%2F8Lggzwv6vR7lUauz5BvNcqBwCRWYDT9GTGkGzanVOk1HAvBL7DmVOSc9LJxAcRfqU%2FdgxpMBXqATE0LC4T%2B6nk"}],"group":"cf-nel","max_age":604800}', 'NEL': '{"success_fraction":0,"report_to":"cf-nel","max_age":604800}', 'Server': 'cloudflare', 'CF-RAY': '88c6884a5e69122d-ORD', 'alt-svc': 'h3=":443"; ma=86400'} 
 body={"results":[{"gender":"female","name":{"title":"Ms","first":"Medine","last":"Kouwenhoven"},"location":{"street":{"number":2903,"name":"Gripkeshof"},"city":"Camerig","state":"Overijssel","country":"Netherlands","postcode":"1083 RO","coordinates":{"latitude":"31.2680","longitude":"57.3886"},"timezone":{"offset":"+5:30","description":"Bombay, Calcutta, Madras, New Delhi"}},"email":"medine.kouwenhoven@example.com","login":{"uuid":"a6ab4a2b-226f-4b2c-84e9-a6b4bd445edf","username":"organicostrich491","password":"uptown","salt":"ix8SiWGt","md5":"9a5ec37305d3ef8ac7a247a6f8b1ff2f","sha1":"f7c1ff27952f11d53798fd693a2577f646e967f4","sha256":"3f80119649a12db0ea81fb3b5edd4ab78a3fd0f33a98fc8102026729c22d4b04"},"dob":{"date":"1985-08-27T13:36:00.104Z","age":38},"registered":{"date":"2008-01-28T20:41:25.961Z","age":16},"phone":"(083) 2388931","cell":"(06) 39041987","id":{"name":"BSN","value":"63771048"},"picture":{"large":"https://randomuser.me/api/portraits/women/67.jpg","medium":"https://randomuser.me/api/portraits/med/women/67.jpg","thumbnail":"https://randomuser.me/api/portraits/thumb/women/67.jpg"},"nat":"NL"}],"info":{"seed":"b4e7981925aba1f9","results":1,"page":1,"version":"1.4"}} 
 </msg>
<msg time="2024-05-31T11:13:03.136811" level="INFO">/opt/hostedtoolcache/Python/3.12.3/x64/lib/python3.12/site-packages/urllib3/connectionpool.py:1103: InsecureRequestWarning: Unverified HTTPS request is being made to host 'randomuser.me'. Adding certificate verification is strongly advised. See: https://urllib3.readthedocs.io/en/latest/advanced-usage.html#tls-warnings
  warnings.warn(</msg>
<msg time="2024-05-31T11:13:03.136956" level="INFO">${response} = &lt;Response [200]&gt;</msg>
<var>${response}</var>
<arg>consultarAPI</arg>
<arg>/api</arg>
<doc>Sends a GET request on a previously created HTTP Session.</doc>
<status status="PASS" start="2024-05-31T11:13:02.956899" elapsed="0.180098"/>
</kw>
<kw name="Should Be Equal As Numbers" owner="BuiltIn">
<msg time="2024-05-31T11:13:03.138218" level="INFO">Argument types are:
&lt;class 'int'&gt;
&lt;class 'str'&gt;</msg>
<arg>${response.status_code}</arg>
<arg>200</arg>
<doc>Fails if objects are unequal after converting them to real numbers.</doc>
<status status="PASS" start="2024-05-31T11:13:03.137698" elapsed="0.000590"/>
</kw>
<kw name="Log" owner="BuiltIn">
<msg time="2024-05-31T11:13:03.139012" level="INFO">200</msg>
<arg>${response.status_code}</arg>
<doc>Logs the given message with the given level.</doc>
<status status="PASS" start="2024-05-31T11:13:03.138665" elapsed="0.000395"/>
</kw>
<kw name="Set Variable" owner="BuiltIn">
<msg time="2024-05-31T11:13:03.139810" level="INFO">${json_data} = {'results': [{'gender': 'female', 'name': {'title': 'Ms', 'first': 'Medine', 'last': 'Kouwenhoven'}, 'location': {'street': {'number': 2903, 'name': 'Gripkeshof'}, 'city': 'Camerig', 'state': 'Overijs...</msg>
<var>${json_data}</var>
<arg>${response.json()}</arg>
<doc>Returns the given values which can then be assigned to a variables.</doc>
<status status="PASS" start="2024-05-31T11:13:03.139373" elapsed="0.000466"/>
</kw>
<kw name="Dictionary Should Contain Key" owner="Collections">
<msg time="2024-05-31T11:13:03.140314" level="INFO">False</msg>
<arg>${json_data}</arg>
<arg>results</arg>
<doc>Fails if ``key`` is not found from ``dictionary``.</doc>
<status status="PASS" start="2024-05-31T11:13:03.140142" elapsed="0.000380"/>
</kw>
<status status="PASS" start="2024-05-31T11:13:02.956658" elapsed="0.184134"/>
</kw>
<doc>Testa se a API responde corretamente e retorna um objeto JSON válido.</doc>
<tag>testeRequisicaoBasica</tag>
<status status="PASS" start="2024-05-31T11:13:02.956211" elapsed="0.184763"/>
</test>
<test id="s1-s1-t3" name="Validar estrutura de resposta" line="22">
<kw name="Teste de Estrutura de Resposta" owner="random-user-service">
<kw name="GET On Session" owner="RequestsLibrary">
<msg time="2024-05-31T11:13:03.237310" level="INFO">GET Request : url=https://randomuser.me/api 
 path_url=/api 
 headers={'User-Agent': 'python-requests/2.32.3', 'Accept-Encoding': 'gzip, deflate', 'Accept': '*/*', 'Connection': 'keep-alive'} 
 body=None 
 </msg>
<msg time="2024-05-31T11:13:03.237433" level="INFO">GET Response : url=https://randomuser.me/api 
 status=200, reason=OK 
 headers={'Date': 'Fri, 31 May 2024 11:13:03 GMT', 'Content-Type': 'application/json; charset=utf-8', 'Transfer-Encoding': 'chunked', 'Connection': 'keep-alive', 'X-Powered-By': 'Express', 'Access-Control-Allow-Origin': '*', 'Cache-Control': 'no-cache', 'ETag': 'W/"4a9-PKfmJw3wO1Bk7PvoaAtcF8avzOI"', 'Vary': 'Accept-Encoding', 'Content-Encoding': 'gzip', 'CF-Cache-Status': 'DYNAMIC', 'Report-To': '{"endpoints":[{"url":"https:\\/\\/a.nel.cloudflare.com\\/report\\/v4?s=UG9fDA%2BVR%2BAWPT%2Fix0%2B8NbLpuOE8KxwYhNcUo8mniXC7ZqeL76FAfSe3H6eifAGDcZpLwsRVsoITyi3JkXlzdqzT4zUDz9KIGi9Dhp4tXasp3JDA632TK1KrnKHElCHP"}],"group":"cf-nel","max_age":604800}', 'NEL': '{"success_fraction":0,"report_to":"cf-nel","max_age":604800}', 'Server': 'cloudflare', 'CF-RAY': '88c6884aaea2122d-ORD', 'alt-svc': 'h3=":443"; ma=86400'} 
 body={"results":[{"gender":"female","name":{"title":"Mrs","first":"Maike","last":"Schenke"},"location":{"street":{"number":2754,"name":"Schützenstraße"},"city":"Creglingen","state":"Baden-Württemberg","country":"Germany","postcode":89796,"coordinates":{"latitude":"-55.6345","longitude":"162.3283"},"timezone":{"offset":"+4:00","description":"Abu Dhabi, Muscat, Baku, Tbilisi"}},"email":"maike.schenke@example.com","login":{"uuid":"ac894e20-e0c9-408d-8f69-3dfe979b672c","username":"organicduck836","password":"gregory","salt":"dYJcF1d7","md5":"a20aac7f98eccd24b6f24b14ab693d4e","sha1":"c981cfcc960a18d6fd467c18c36e0a2e4c6e4763","sha256":"7b483f18495cdf50431919bd7b5049ffabce5cedd7dfb196d56045dd287e8b42"},"dob":{"date":"2000-01-28T00:41:07.032Z","age":24},"registered":{"date":"2019-11-18T08:23:11.873Z","age":4},"phone":"0467-3417720","cell":"0170-7619625","id":{"name":"SVNR","value":"70 2701100 S 840"},"picture":{"large":"https://randomuser.me/api/portraits/women/55.jpg","medium":"https://randomuser.me/api/portraits/med/women/55.jpg","thumbnail":"https://randomuser.me/api/portraits/thumb/women/55.jpg"},"nat":"DE"}],"info":{"seed":"cd07e376100b806c","results":1,"page":1,"version":"1.4"}} 
 </msg>
<msg time="2024-05-31T11:13:03.237626" level="INFO">/opt/hostedtoolcache/Python/3.12.3/x64/lib/python3.12/site-packages/urllib3/connectionpool.py:1103: InsecureRequestWarning: Unverified HTTPS request is being made to host 'randomuser.me'. Adding certificate verification is strongly advised. See: https://urllib3.readthedocs.io/en/latest/advanced-usage.html#tls-warnings
  warnings.warn(</msg>
<msg time="2024-05-31T11:13:03.237759" level="INFO">${response} = &lt;Response [200]&gt;</msg>
<var>${response}</var>
<arg>consultarAPI</arg>
<arg>/api</arg>
<doc>Sends a GET request on a previously created HTTP Session.</doc>
<status status="PASS" start="2024-05-31T11:13:03.143752" elapsed="0.094048"/>
</kw>
<kw name="Set Variable" owner="BuiltIn">
<msg time="2024-05-31T11:13:03.239075" level="INFO">${json_data} = {'results': [{'gender': 'female', 'name': {'title': 'Mrs', 'first': 'Maike', 'last': 'Schenke'}, 'location': {'street': {'number': 2754, 'name': 'Schützenstraße'}, 'city': 'Creglingen', 'state': 'Bade...</msg>
<var>${json_data}</var>
<arg>${response.json()}</arg>
<doc>Returns the given values which can then be assigned to a variables.</doc>
<status status="PASS" start="2024-05-31T11:13:03.238473" elapsed="0.000632"/>
</kw>
<kw name="Log" owner="BuiltIn">
<msg time="2024-05-31T11:13:03.239588" level="INFO">{'results': [{'gender': 'female', 'name': {'title': 'Mrs', 'first': 'Maike', 'last': 'Schenke'}, 'location': {'street': {'number': 2754, 'name': 'Schützenstraße'}, 'city': 'Creglingen', 'state': 'Baden-Württemberg', 'country': 'Germany', 'postcode': 89796, 'coordinates': {'latitude': '-55.6345', 'longitude': '162.3283'}, 'timezone': {'offset': '+4:00', 'description': 'Abu Dhabi, Muscat, Baku, Tbilisi'}}, 'email': 'maike.schenke@example.com', 'login': {'uuid': 'ac894e20-e0c9-408d-8f69-3dfe979b672c', 'username': 'organicduck836', 'password': 'gregory', 'salt': 'dYJcF1d7', 'md5': 'a20aac7f98eccd24b6f24b14ab693d4e', 'sha1': 'c981cfcc960a18d6fd467c18c36e0a2e4c6e4763', 'sha256': '7b483f18495cdf50431919bd7b5049ffabce5cedd7dfb196d56045dd287e8b42'}, 'dob': {'date': '2000-01-28T00:41:07.032Z', 'age': 24}, 'registered': {'date': '2019-11-18T08:23:11.873Z', 'age': 4}, 'phone': '0467-3417720', 'cell': '0170-7619625', 'id': {'name': 'SVNR', 'value': '70 2701100 S 840'}, 'picture': {'large': 'https://randomuser.me/api/portraits/women/55.jpg', 'medium': 'https://randomuser.me/api/portraits/med/women/55.jpg', 'thumbnail': 'https://randomuser.me/api/portraits/thumb/women/55.jpg'}, 'nat': 'DE'}], 'info': {'seed': 'cd07e376100b806c', 'results': 1, 'page': 1, 'version': '1.4'}}</msg>
<arg>${json_data}</arg>
<doc>Logs the given message with the given level.</doc>
<status status="PASS" start="2024-05-31T11:13:03.239418" elapsed="0.000220"/>
</kw>
<kw name="Dictionary Should Contain Key" owner="Collections">
<msg time="2024-05-31T11:13:03.240094" level="INFO">False</msg>
<arg>${json_data}</arg>
<arg>results</arg>
<doc>Fails if ``key`` is not found from ``dictionary``.</doc>
<status status="PASS" start="2024-05-31T11:13:03.239938" elapsed="0.000192"/>
</kw>
<kw name="Should Not Be Empty" owner="BuiltIn">
<msg time="2024-05-31T11:13:03.240572" level="INFO">Length is 2.</msg>
<arg>${json_data}</arg>
<doc>Verifies that the given item is not empty.</doc>
<status status="PASS" start="2024-05-31T11:13:03.240433" elapsed="0.000178"/>
</kw>
<kw name="Create List" owner="BuiltIn">
<msg time="2024-05-31T11:13:03.241059" level="INFO">${expected_keys} = ['gender', 'name', 'location', 'email', 'login']</msg>
<var>${expected_keys}</var>
<arg>gender</arg>
<arg>name</arg>
<arg>location</arg>
<arg>email</arg>
<arg>login</arg>
<doc>Returns a list containing given items.</doc>
<status status="PASS" start="2024-05-31T11:13:03.240913" elapsed="0.000170"/>
</kw>
<for flavor="IN">
<iter>
<kw name="Dictionary Should Contain Key" owner="Collections">
<msg time="2024-05-31T11:13:03.242143" level="INFO">False</msg>
<arg>${json_data['results'][0]}</arg>
<arg>${key}</arg>
<doc>Fails if ``key`` is not found from ``dictionary``.</doc>
<status status="PASS" start="2024-05-31T11:13:03.241740" elapsed="0.000449"/>
</kw>
<kw name="Log" owner="BuiltIn">
<msg time="2024-05-31T11:13:03.242886" level="INFO">{'gender': 'female', 'name': {'title': 'Mrs', 'first': 'Maike', 'last': 'Schenke'}, 'location': {'street': {'number': 2754, 'name': 'Schützenstraße'}, 'city': 'Creglingen', 'state': 'Baden-Württemberg', 'country': 'Germany', 'postcode': 89796, 'coordinates': {'latitude': '-55.6345', 'longitude': '162.3283'}, 'timezone': {'offset': '+4:00', 'description': 'Abu Dhabi, Muscat, Baku, Tbilisi'}}, 'email': 'maike.schenke@example.com', 'login': {'uuid': 'ac894e20-e0c9-408d-8f69-3dfe979b672c', 'username': 'organicduck836', 'password': 'gregory', 'salt': 'dYJcF1d7', 'md5': 'a20aac7f98eccd24b6f24b14ab693d4e', 'sha1': 'c981cfcc960a18d6fd467c18c36e0a2e4c6e4763', 'sha256': '7b483f18495cdf50431919bd7b5049ffabce5cedd7dfb196d56045dd287e8b42'}, 'dob': {'date': '2000-01-28T00:41:07.032Z', 'age': 24}, 'registered': {'date': '2019-11-18T08:23:11.873Z', 'age': 4}, 'phone': '0467-3417720', 'cell': '0170-7619625', 'id': {'name': 'SVNR', 'value': '70 2701100 S 840'}, 'picture': {'large': 'https://randomuser.me/api/portraits/women/55.jpg', 'medium': 'https://randomuser.me/api/portraits/med/women/55.jpg', 'thumbnail': 'https://randomuser.me/api/portraits/thumb/women/55.jpg'}, 'nat': 'DE'}</msg>
<arg>${json_data['results'][0]}</arg>
<doc>Logs the given message with the given level.</doc>
<status status="PASS" start="2024-05-31T11:13:03.242512" elapsed="0.000426"/>
</kw>
<kw name="Log" owner="BuiltIn">
<msg time="2024-05-31T11:13:03.243381" level="INFO">gender</msg>
<arg>${key}</arg>
<doc>Logs the given message with the given level.</doc>
<status status="PASS" start="2024-05-31T11:13:03.243250" elapsed="0.000167"/>
</kw>
<var name="${key}">gender</var>
<status status="PASS" start="2024-05-31T11:13:03.241594" elapsed="0.002042"/>
</iter>
<iter>
<kw name="Dictionary Should Contain Key" owner="Collections">
<msg time="2024-05-31T11:13:03.244336" level="INFO">False</msg>
<arg>${json_data['results'][0]}</arg>
<arg>${key}</arg>
<doc>Fails if ``key`` is not found from ``dictionary``.</doc>
<status status="PASS" start="2024-05-31T11:13:03.243954" elapsed="0.000452"/>
</kw>
<kw name="Log" owner="BuiltIn">
<msg time="2024-05-31T11:13:03.245086" level="INFO">{'gender': 'female', 'name': {'title': 'Mrs', 'first': 'Maike', 'last': 'Schenke'}, 'location': {'street': {'number': 2754, 'name': 'Schützenstraße'}, 'city': 'Creglingen', 'state': 'Baden-Württemberg', 'country': 'Germany', 'postcode': 89796, 'coordinates': {'latitude': '-55.6345', 'longitude': '162.3283'}, 'timezone': {'offset': '+4:00', 'description': 'Abu Dhabi, Muscat, Baku, Tbilisi'}}, 'email': 'maike.schenke@example.com', 'login': {'uuid': 'ac894e20-e0c9-408d-8f69-3dfe979b672c', 'username': 'organicduck836', 'password': 'gregory', 'salt': 'dYJcF1d7', 'md5': 'a20aac7f98eccd24b6f24b14ab693d4e', 'sha1': 'c981cfcc960a18d6fd467c18c36e0a2e4c6e4763', 'sha256': '7b483f18495cdf50431919bd7b5049ffabce5cedd7dfb196d56045dd287e8b42'}, 'dob': {'date': '2000-01-28T00:41:07.032Z', 'age': 24}, 'registered': {'date': '2019-11-18T08:23:11.873Z', 'age': 4}, 'phone': '0467-3417720', 'cell': '0170-7619625', 'id': {'name': 'SVNR', 'value': '70 2701100 S 840'}, 'picture': {'large': 'https://randomuser.me/api/portraits/women/55.jpg', 'medium': 'https://randomuser.me/api/portraits/med/women/55.jpg', 'thumbnail': 'https://randomuser.me/api/portraits/thumb/women/55.jpg'}, 'nat': 'DE'}</msg>
<arg>${json_data['results'][0]}</arg>
<doc>Logs the given message with the given level.</doc>
<status status="PASS" start="2024-05-31T11:13:03.244728" elapsed="0.000408"/>
</kw>
<kw name="Log" owner="BuiltIn">
<msg time="2024-05-31T11:13:03.245585" level="INFO">name</msg>
<arg>${key}</arg>
<doc>Logs the given message with the given level.</doc>
<status status="PASS" start="2024-05-31T11:13:03.245428" elapsed="0.000195"/>
</kw>
<var name="${key}">name</var>
<status status="PASS" start="2024-05-31T11:13:03.243826" elapsed="0.002025"/>
</iter>
<iter>
<kw name="Dictionary Should Contain Key" owner="Collections">
<msg time="2024-05-31T11:13:03.246517" level="INFO">False</msg>
<arg>${json_data['results'][0]}</arg>
<arg>${key}</arg>
<doc>Fails if ``key`` is not found from ``dictionary``.</doc>
<status status="PASS" start="2024-05-31T11:13:03.246140" elapsed="0.000414"/>
</kw>
<kw name="Log" owner="BuiltIn">
<msg time="2024-05-31T11:13:03.247232" level="INFO">{'gender': 'female', 'name': {'title': 'Mrs', 'first': 'Maike', 'last': 'Schenke'}, 'location': {'street': {'number': 2754, 'name': 'Schützenstraße'}, 'city': 'Creglingen', 'state': 'Baden-Württemberg', 'country': 'Germany', 'postcode': 89796, 'coordinates': {'latitude': '-55.6345', 'longitude': '162.3283'}, 'timezone': {'offset': '+4:00', 'description': 'Abu Dhabi, Muscat, Baku, Tbilisi'}}, 'email': 'maike.schenke@example.com', 'login': {'uuid': 'ac894e20-e0c9-408d-8f69-3dfe979b672c', 'username': 'organicduck836', 'password': 'gregory', 'salt': 'dYJcF1d7', 'md5': 'a20aac7f98eccd24b6f24b14ab693d4e', 'sha1': 'c981cfcc960a18d6fd467c18c36e0a2e4c6e4763', 'sha256': '7b483f18495cdf50431919bd7b5049ffabce5cedd7dfb196d56045dd287e8b42'}, 'dob': {'date': '2000-01-28T00:41:07.032Z', 'age': 24}, 'registered': {'date': '2019-11-18T08:23:11.873Z', 'age': 4}, 'phone': '0467-3417720', 'cell': '0170-7619625', 'id': {'name': 'SVNR', 'value': '70 2701100 S 840'}, 'picture': {'large': 'https://randomuser.me/api/portraits/women/55.jpg', 'medium': 'https://randomuser.me/api/portraits/med/women/55.jpg', 'thumbnail': 'https://randomuser.me/api/portraits/thumb/women/55.jpg'}, 'nat': 'DE'}</msg>
<arg>${json_data['results'][0]}</arg>
<doc>Logs the given message with the given level.</doc>
<status status="PASS" start="2024-05-31T11:13:03.246865" elapsed="0.000426"/>
</kw>
<kw name="Log" owner="BuiltIn">
<msg time="2024-05-31T11:13:03.247712" level="INFO">location</msg>
<arg>${key}</arg>
<doc>Logs the given message with the given level.</doc>
<status status="PASS" start="2024-05-31T11:13:03.247588" elapsed="0.000160"/>
</kw>
<var name="${key}">location</var>
<status status="PASS" start="2024-05-31T11:13:03.246026" elapsed="0.001933"/>
</iter>
<iter>
<kw name="Dictionary Should Contain Key" owner="Collections">
<msg time="2024-05-31T11:13:03.248731" level="INFO">False</msg>
<arg>${json_data['results'][0]}</arg>
<arg>${key}</arg>
<doc>Fails if ``key`` is not found from ``dictionary``.</doc>
<status status="PASS" start="2024-05-31T11:13:03.248236" elapsed="0.000533"/>
</kw>
<kw name="Log" owner="BuiltIn">
<msg time="2024-05-31T11:13:03.249444" level="INFO">{'gender': 'female', 'name': {'title': 'Mrs', 'first': 'Maike', 'last': 'Schenke'}, 'location': {'street': {'number': 2754, 'name': 'Schützenstraße'}, 'city': 'Creglingen', 'state': 'Baden-Württemberg', 'country': 'Germany', 'postcode': 89796, 'coordinates': {'latitude': '-55.6345', 'longitude': '162.3283'}, 'timezone': {'offset': '+4:00', 'description': 'Abu Dhabi, Muscat, Baku, Tbilisi'}}, 'email': 'maike.schenke@example.com', 'login': {'uuid': 'ac894e20-e0c9-408d-8f69-3dfe979b672c', 'username': 'organicduck836', 'password': 'gregory', 'salt': 'dYJcF1d7', 'md5': 'a20aac7f98eccd24b6f24b14ab693d4e', 'sha1': 'c981cfcc960a18d6fd467c18c36e0a2e4c6e4763', 'sha256': '7b483f18495cdf50431919bd7b5049ffabce5cedd7dfb196d56045dd287e8b42'}, 'dob': {'date': '2000-01-28T00:41:07.032Z', 'age': 24}, 'registered': {'date': '2019-11-18T08:23:11.873Z', 'age': 4}, 'phone': '0467-3417720', 'cell': '0170-7619625', 'id': {'name': 'SVNR', 'value': '70 2701100 S 840'}, 'picture': {'large': 'https://randomuser.me/api/portraits/women/55.jpg', 'medium': 'https://randomuser.me/api/portraits/med/women/55.jpg', 'thumbnail': 'https://randomuser.me/api/portraits/thumb/women/55.jpg'}, 'nat': 'DE'}</msg>
<arg>${json_data['results'][0]}</arg>
<doc>Logs the given message with the given level.</doc>
<status status="PASS" start="2024-05-31T11:13:03.249086" elapsed="0.000439"/>
</kw>
<kw name="Log" owner="BuiltIn">
<msg time="2024-05-31T11:13:03.249961" level="INFO">email</msg>
<arg>${key}</arg>
<doc>Logs the given message with the given level.</doc>
<status status="PASS" start="2024-05-31T11:13:03.249832" elapsed="0.000166"/>
</kw>
<var name="${key}">email</var>
<status status="PASS" start="2024-05-31T11:13:03.248127" elapsed="0.002087"/>
</iter>
<iter>
<kw name="Dictionary Should Contain Key" owner="Collections">
<msg time="2024-05-31T11:13:03.250902" level="INFO">False</msg>
<arg>${json_data['results'][0]}</arg>
<arg>${key}</arg>
<doc>Fails if ``key`` is not found from ``dictionary``.</doc>
<status status="PASS" start="2024-05-31T11:13:03.250498" elapsed="0.000441"/>
</kw>
<kw name="Log" owner="BuiltIn">
<msg time="2024-05-31T11:13:03.251599" level="INFO">{'gender': 'female', 'name': {'title': 'Mrs', 'first': 'Maike', 'last': 'Schenke'}, 'location': {'street': {'number': 2754, 'name': 'Schützenstraße'}, 'city': 'Creglingen', 'state': 'Baden-Württemberg', 'country': 'Germany', 'postcode': 89796, 'coordinates': {'latitude': '-55.6345', 'longitude': '162.3283'}, 'timezone': {'offset': '+4:00', 'description': 'Abu Dhabi, Muscat, Baku, Tbilisi'}}, 'email': 'maike.schenke@example.com', 'login': {'uuid': 'ac894e20-e0c9-408d-8f69-3dfe979b672c', 'username': 'organicduck836', 'password': 'gregory', 'salt': 'dYJcF1d7', 'md5': 'a20aac7f98eccd24b6f24b14ab693d4e', 'sha1': 'c981cfcc960a18d6fd467c18c36e0a2e4c6e4763', 'sha256': '7b483f18495cdf50431919bd7b5049ffabce5cedd7dfb196d56045dd287e8b42'}, 'dob': {'date': '2000-01-28T00:41:07.032Z', 'age': 24}, 'registered': {'date': '2019-11-18T08:23:11.873Z', 'age': 4}, 'phone': '0467-3417720', 'cell': '0170-7619625', 'id': {'name': 'SVNR', 'value': '70 2701100 S 840'}, 'picture': {'large': 'https://randomuser.me/api/portraits/women/55.jpg', 'medium': 'https://randomuser.me/api/portraits/med/women/55.jpg', 'thumbnail': 'https://randomuser.me/api/portraits/thumb/women/55.jpg'}, 'nat': 'DE'}</msg>
<arg>${json_data['results'][0]}</arg>
<doc>Logs the given message with the given level.</doc>
<status status="PASS" start="2024-05-31T11:13:03.251245" elapsed="0.000403"/>
</kw>
<kw name="Log" owner="BuiltIn">
<msg time="2024-05-31T11:13:03.252069" level="INFO">login</msg>
<arg>${key}</arg>
<doc>Logs the given message with the given level.</doc>
<status status="PASS" start="2024-05-31T11:13:03.251943" elapsed="0.000194"/>
</kw>
<var name="${key}">login</var>
<status status="PASS" start="2024-05-31T11:13:03.250387" elapsed="0.001972"/>
</iter>
<var>${key}</var>
<value>@{expected_keys}</value>
<status status="PASS" start="2024-05-31T11:13:03.241347" elapsed="0.011131"/>
</for>
<kw name="Create List" owner="BuiltIn">
<msg time="2024-05-31T11:13:03.252812" level="INFO">${expected_keysTwo} = ['username', 'password']</msg>
<var>${expected_keysTwo}</var>
<arg>username</arg>
<arg>password</arg>
<doc>Returns a list containing given items.</doc>
<status status="PASS" start="2024-05-31T11:13:03.252674" elapsed="0.000161"/>
</kw>
<for flavor="IN">
<iter>
<kw name="Dictionary Should Contain Key" owner="Collections">
<msg time="2024-05-31T11:13:03.253804" level="INFO">False</msg>
<arg>${json_data['results'][0]['login']}</arg>
<arg>${keyTwo}</arg>
<doc>Fails if ``key`` is not found from ``dictionary``.</doc>
<status status="PASS" start="2024-05-31T11:13:03.253366" elapsed="0.000475"/>
</kw>
<kw name="Dictionary Should Contain Key" owner="Collections">
<msg time="2024-05-31T11:13:03.254514" level="INFO">False</msg>
<arg>${json_data['results'][0]['login']}</arg>
<arg>${keyTwo}</arg>
<doc>Fails if ``key`` is not found from ``dictionary``.</doc>
<status status="PASS" start="2024-05-31T11:13:03.254137" elapsed="0.000414"/>
</kw>
<kw name="Log" owner="BuiltIn">
<msg time="2024-05-31T11:13:03.254966" level="INFO">username</msg>
<arg>${keyTwo}</arg>
<doc>Logs the given message with the given level.</doc>
<status status="PASS" start="2024-05-31T11:13:03.254841" elapsed="0.000161"/>
</kw>
<var name="${keyTwo}">username</var>
<status status="PASS" start="2024-05-31T11:13:03.253257" elapsed="0.001957"/>
</iter>
<iter>
<kw name="Dictionary Should Contain Key" owner="Collections">
<msg time="2024-05-31T11:13:03.255875" level="INFO">False</msg>
<arg>${json_data['results'][0]['login']}</arg>
<arg>${keyTwo}</arg>
<doc>Fails if ``key`` is not found from ``dictionary``.</doc>
<status status="PASS" start="2024-05-31T11:13:03.255500" elapsed="0.000412"/>
</kw>
<kw name="Dictionary Should Contain Key" owner="Collections">
<msg time="2024-05-31T11:13:03.256581" level="INFO">False</msg>
<arg>${json_data['results'][0]['login']}</arg>
<arg>${keyTwo}</arg>
<doc>Fails if ``key`` is not found from ``dictionary``.</doc>
<status status="PASS" start="2024-05-31T11:13:03.256207" elapsed="0.000410"/>
</kw>
<kw name="Log" owner="BuiltIn">
<msg time="2024-05-31T11:13:03.257033" level="INFO">password</msg>
<arg>${keyTwo}</arg>
<doc>Logs the given message with the given level.</doc>
<status status="PASS" start="2024-05-31T11:13:03.256909" elapsed="0.000161"/>
</kw>
<var name="${keyTwo}">password</var>
<status status="PASS" start="2024-05-31T11:13:03.255392" elapsed="0.001891"/>
</iter>
<var>${keyTwo}</var>
<value>@{expected_keysTwo}</value>
<status status="PASS" start="2024-05-31T11:13:03.253102" elapsed="0.004301"/>
</for>
<status status="PASS" start="2024-05-31T11:13:03.143511" elapsed="0.114088"/>
</kw>
<doc>Testa a estrutura da resposta da API.</doc>
<tag>testeEstruturaResposta</tag>
<status status="PASS" start="2024-05-31T11:13:03.142871" elapsed="0.114887"/>
</test>
<test id="s1-s1-t4" name="Validar tipos de dados" line="28">
<kw name="Teste de Tipos de Dados" owner="random-user-service">
<kw name="GET On Session" owner="RequestsLibrary">
<msg time="2024-05-31T11:13:03.335348" level="INFO">GET Request : url=https://randomuser.me/api 
 path_url=/api 
 headers={'User-Agent': 'python-requests/2.32.3', 'Accept-Encoding': 'gzip, deflate', 'Accept': '*/*', 'Connection': 'keep-alive'} 
 body=None 
 </msg>
<msg time="2024-05-31T11:13:03.335462" level="INFO">GET Response : url=https://randomuser.me/api 
 status=200, reason=OK 
 headers={'Date': 'Fri, 31 May 2024 11:13:03 GMT', 'Content-Type': 'application/json; charset=utf-8', 'Transfer-Encoding': 'chunked', 'Connection': 'keep-alive', 'X-Powered-By': 'Express', 'Access-Control-Allow-Origin': '*', 'Cache-Control': 'no-cache', 'ETag': 'W/"48f-nLbfweVfNHLz+C9qbJMHptP49qw"', 'Vary': 'Accept-Encoding', 'Content-Encoding': 'gzip', 'CF-Cache-Status': 'DYNAMIC', 'Report-To': '{"endpoints":[{"url":"https:\\/\\/a.nel.cloudflare.com\\/report\\/v4?s=Tf%2B1iJs7lFLmg8A5%2FGHwiYX3Eq0htnSpu6CNyC30AEJ5j8fkkqY961jBXyPqkhRZZ09NnNdEf%2FrXl4fzyxOixhYZ0uM2uHsy5mkx8j%2Foa3qXT2UAJGo6jBxoaj9bfvyl"}],"group":"cf-nel","max_age":604800}', 'NEL': '{"success_fraction":0,"report_to":"cf-nel","max_age":604800}', 'Server': 'cloudflare', 'CF-RAY': '88c6884b6f11122d-ORD', 'alt-svc': 'h3=":443"; ma=86400'} 
 body={"results":[{"gender":"female","name":{"title":"Ms","first":"Pamela","last":"Burke"},"location":{"street":{"number":2037,"name":"Fincher Rd"},"city":"Maitland","state":"South Australia","country":"Australia","postcode":637,"coordinates":{"latitude":"-88.5386","longitude":"117.0281"},"timezone":{"offset":"-7:00","description":"Mountain Time (US &amp; Canada)"}},"email":"pamela.burke@example.com","login":{"uuid":"c1b23489-1ad6-4659-95ee-8e745aebfa68","username":"tinyleopard906","password":"travis1","salt":"M2zxwIxv","md5":"f238652bc098fe0c4dd31d4e8dad56f2","sha1":"2465f8f1c30e1eb2d76782b6f01629dad4e422f6","sha256":"7a6e0438df1a721c49346a1c2838ae246b5e994ec3ca9707ebc185e80be304cd"},"dob":{"date":"1971-03-10T19:20:43.965Z","age":53},"registered":{"date":"2007-12-13T10:25:08.095Z","age":16},"phone":"06-9796-4544","cell":"0468-864-671","id":{"name":"TFN","value":"860971002"},"picture":{"large":"https://randomuser.me/api/portraits/women/33.jpg","medium":"https://randomuser.me/api/portraits/med/women/33.jpg","thumbnail":"https://randomuser.me/api/portraits/thumb/women/33.jpg"},"nat":"AU"}],"info":{"seed":"bad6a7f5c1a8c7e6","results":1,"page":1,"version":"1.4"}} 
 </msg>
<msg time="2024-05-31T11:13:03.335552" level="INFO">/opt/hostedtoolcache/Python/3.12.3/x64/lib/python3.12/site-packages/urllib3/connectionpool.py:1103: InsecureRequestWarning: Unverified HTTPS request is being made to host 'randomuser.me'. Adding certificate verification is strongly advised. See: https://urllib3.readthedocs.io/en/latest/advanced-usage.html#tls-warnings
  warnings.warn(</msg>
<msg time="2024-05-31T11:13:03.335690" level="INFO">${response} = &lt;Response [200]&gt;</msg>
<var>${response}</var>
<arg>consultarAPI</arg>
<arg>/api</arg>
<doc>Sends a GET request on a previously created HTTP Session.</doc>
<status status="PASS" start="2024-05-31T11:13:03.260370" elapsed="0.075351"/>
</kw>
<kw name="Set Variable" owner="BuiltIn">
<msg time="2024-05-31T11:13:03.336819" level="INFO">${json_data} = {'results': [{'gender': 'female', 'name': {'title': 'Ms', 'first': 'Pamela', 'last': 'Burke'}, 'location': {'street': {'number': 2037, 'name': 'Fincher Rd'}, 'city': 'Maitland', 'state': 'South Austra...</msg>
<var>${json_data}</var>
<arg>${response.json()}</arg>
<doc>Returns the given values which can then be assigned to a variables.</doc>
<status status="PASS" start="2024-05-31T11:13:03.336275" elapsed="0.000573"/>
</kw>
<kw name="Log" owner="BuiltIn">
<msg time="2024-05-31T11:13:03.337323" level="INFO">{'results': [{'gender': 'female', 'name': {'title': 'Ms', 'first': 'Pamela', 'last': 'Burke'}, 'location': {'street': {'number': 2037, 'name': 'Fincher Rd'}, 'city': 'Maitland', 'state': 'South Australia', 'country': 'Australia', 'postcode': 637, 'coordinates': {'latitude': '-88.5386', 'longitude': '117.0281'}, 'timezone': {'offset': '-7:00', 'description': 'Mountain Time (US &amp; Canada)'}}, 'email': 'pamela.burke@example.com', 'login': {'uuid': 'c1b23489-1ad6-4659-95ee-8e745aebfa68', 'username': 'tinyleopard906', 'password': 'travis1', 'salt': 'M2zxwIxv', 'md5': 'f238652bc098fe0c4dd31d4e8dad56f2', 'sha1': '2465f8f1c30e1eb2d76782b6f01629dad4e422f6', 'sha256': '7a6e0438df1a721c49346a1c2838ae246b5e994ec3ca9707ebc185e80be304cd'}, 'dob': {'date': '1971-03-10T19:20:43.965Z', 'age': 53}, 'registered': {'date': '2007-12-13T10:25:08.095Z', 'age': 16}, 'phone': '06-9796-4544', 'cell': '0468-864-671', 'id': {'name': 'TFN', 'value': '860971002'}, 'picture': {'large': 'https://randomuser.me/api/portraits/women/33.jpg', 'medium': 'https://randomuser.me/api/portraits/med/women/33.jpg', 'thumbnail': 'https://randomuser.me/api/portraits/thumb/women/33.jpg'}, 'nat': 'AU'}], 'info': {'seed': 'bad6a7f5c1a8c7e6', 'results': 1, 'page': 1, 'version': '1.4'}}</msg>
<arg>${json_data}</arg>
<doc>Logs the given message with the given level.</doc>
<status status="PASS" start="2024-05-31T11:13:03.337160" elapsed="0.000253"/>
</kw>
<kw name="Should Be String" owner="String">
<arg>${json_data['results'][0]['gender']}</arg>
<doc>Fails if the given ``item`` is not a string.</doc>
<status status="PASS" start="2024-05-31T11:13:03.337771" elapsed="0.000364"/>
</kw>
<kw name="Should Match Regexp" owner="BuiltIn">
<arg>${json_data['results'][0]['email']}</arg>
<arg>^[a-zA-Z0-9._%+-]+@[a-zA-Z0-9.-]+\.[a-zA-Z]{2,}$</arg>
<doc>Fails if ``string`` does not match ``pattern`` as a regular expression.</doc>
<status status="PASS" start="2024-05-31T11:13:03.338327" elapsed="0.000683"/>
</kw>
<kw name="Should Match Regexp" owner="BuiltIn">
<arg>${json_data['results'][0]['dob']['date']}</arg>
<arg>\\d{4}-\\d{2}-\\d{2}T\\d{2}:\\d{2}:\\d{2}\\.\\d{3}Z</arg>
<doc>Fails if ``string`` does not match ``pattern`` as a regular expression.</doc>
<status status="PASS" start="2024-05-31T11:13:03.339208" elapsed="0.000486"/>
</kw>
<kw name="Should Match Regexp" owner="BuiltIn">
<arg>${json_data['results'][0]['registered']['date']}</arg>
<arg>\\d{4}-\\d{2}-\\d{2}T\\d{2}:\\d{2}:\\d{2}\\.\\d{3}Z</arg>
<doc>Fails if ``string`` does not match ``pattern`` as a regular expression.</doc>
<status status="PASS" start="2024-05-31T11:13:03.339887" elapsed="0.000365"/>
</kw>
<kw name="Should Match Regexp" owner="BuiltIn">
<arg>${json_data['results'][0]['picture']['large']}</arg>
<arg>^https?://.*\.(?:png|jpe?g|gif|bmp)$</arg>
<doc>Fails if ``string`` does not match ``pattern`` as a regular expression.</doc>
<status status="PASS" start="2024-05-31T11:13:03.340440" elapsed="0.000462"/>
</kw>
<kw name="Should Match Regexp" owner="BuiltIn">
<arg>${json_data['results'][0]['picture']['medium']}</arg>
<arg>^https?://.*\.(?:png|jpe?g|gif|bmp)$</arg>
<doc>Fails if ``string`` does not match ``pattern`` as a regular expression.</doc>
<status status="PASS" start="2024-05-31T11:13:03.341091" elapsed="0.000358"/>
</kw>
<kw name="Should Match Regexp" owner="BuiltIn">
<arg>${json_data['results'][0]['picture']['thumbnail']}</arg>
<arg>^https?://.*\.(?:png|jpe?g|gif|bmp)$</arg>
<doc>Fails if ``string`` does not match ``pattern`` as a regular expression.</doc>
<status status="PASS" start="2024-05-31T11:13:03.341671" elapsed="0.000352"/>
</kw>
<kw name="Log" owner="BuiltIn">
<msg time="2024-05-31T11:13:03.342524" level="INFO">{'large': 'https://randomuser.me/api/portraits/women/33.jpg', 'medium': 'https://randomuser.me/api/portraits/med/women/33.jpg', 'thumbnail': 'https://randomuser.me/api/portraits/thumb/women/33.jpg'}</msg>
<arg>${json_data['results'][0]['picture']}</arg>
<doc>Logs the given message with the given level.</doc>
<status status="PASS" start="2024-05-31T11:13:03.342203" elapsed="0.000362"/>
</kw>
<status status="PASS" start="2024-05-31T11:13:03.260112" elapsed="0.082711"/>
</kw>
<kw name="Teste de Tipos de Dados - Postcode" owner="random-user-service">
<kw name="GET On Session" owner="RequestsLibrary">
<msg time="2024-05-31T11:13:03.441221" level="INFO">GET Request : url=https://randomuser.me/api 
 path_url=/api 
 headers={'User-Agent': 'python-requests/2.32.3', 'Accept-Encoding': 'gzip, deflate', 'Accept': '*/*', 'Connection': 'keep-alive'} 
 body=None 
 </msg>
<msg time="2024-05-31T11:13:03.441322" level="INFO">GET Response : url=https://randomuser.me/api 
 status=200, reason=OK 
 headers={'Date': 'Fri, 31 May 2024 11:13:03 GMT', 'Content-Type': 'application/json; charset=utf-8', 'Transfer-Encoding': 'chunked', 'Connection': 'keep-alive', 'X-Powered-By': 'Express', 'Access-Control-Allow-Origin': '*', 'Cache-Control': 'no-cache', 'ETag': 'W/"486-8j1XSApmhkbOhZxR+KyktgEucpU"', 'Vary': 'Accept-Encoding', 'Content-Encoding': 'gzip', 'CF-Cache-Status': 'DYNAMIC', 'Report-To': '{"endpoints":[{"url":"https:\\/\\/a.nel.cloudflare.com\\/report\\/v4?s=FrtMu6LfVvniJ%2Fzb0x0BjDfeIjBhtqvuw5iM5e98xITbORYm9zl5D23u6RGxie26cSYTMdQPm4SZdMXuo%2FhrEZ7GWVCrvFY9ina8pZP9PrP%2BwZTcKDb4HL%2BLqgKAD16I"}],"group":"cf-nel","max_age":604800}', 'NEL': '{"success_fraction":0,"report_to":"cf-nel","max_age":604800}', 'Server': 'cloudflare', 'CF-RAY': '88c6884bef74122d-ORD', 'alt-svc': 'h3=":443"; ma=86400'} 
 body={"results":[{"gender":"female","name":{"title":"Ms","first":"Solène","last":"Berger"},"location":{"street":{"number":5754,"name":"Rue Laure-Diebold"},"city":"Dunkerque","state":"Landes","country":"France","postcode":84442,"coordinates":{"latitude":"-17.8164","longitude":"86.8126"},"timezone":{"offset":"-10:00","description":"Hawaii"}},"email":"solene.berger@example.com","login":{"uuid":"e0f19e58-d9fc-40f6-9fef-65bec82ec7f6","username":"yellowgoose396","password":"tardis","salt":"J7Wc8xe9","md5":"319d34a8d915d3bebe78a28b249e975b","sha1":"00e5c27d12c4f8a5ae26a626a50af238fedaaaf2","sha256":"b125137b5f0dd8b013ee2ad9df2ffbc0d9ec9d007075102106ca325261b5edda"},"dob":{"date":"1984-12-02T18:24:32.582Z","age":39},"registered":{"date":"2020-09-11T23:34:18.392Z","age":3},"phone":"03-18-74-93-38","cell":"06-49-99-64-47","id":{"name":"INSEE","value":"2841137043394 67"},"picture":{"large":"https://randomuser.me/api/portraits/women/75.jpg","medium":"https://randomuser.me/api/portraits/med/women/75.jpg","thumbnail":"https://randomuser.me/api/portraits/thumb/women/75.jpg"},"nat":"FR"}],"info":{"seed":"d6c7e205a845f044","results":1,"page":1,"version":"1.4"}} 
 </msg>
<msg time="2024-05-31T11:13:03.441394" level="INFO">/opt/hostedtoolcache/Python/3.12.3/x64/lib/python3.12/site-packages/urllib3/connectionpool.py:1103: InsecureRequestWarning: Unverified HTTPS request is being made to host 'randomuser.me'. Adding certificate verification is strongly advised. See: https://urllib3.readthedocs.io/en/latest/advanced-usage.html#tls-warnings
  warnings.warn(</msg>
<msg time="2024-05-31T11:13:03.441540" level="INFO">${response} = &lt;Response [200]&gt;</msg>
<var>${response}</var>
<arg>consultarAPI</arg>
<arg>/api</arg>
<doc>Sends a GET request on a previously created HTTP Session.</doc>
<status status="PASS" start="2024-05-31T11:13:03.343285" elapsed="0.098289"/>
</kw>
<kw name="Set Variable" owner="BuiltIn">
<msg time="2024-05-31T11:13:03.442631" level="INFO">${json_data} = {'results': [{'gender': 'female', 'name': {'title': 'Ms', 'first': 'Solène', 'last': 'Berger'}, 'location': {'street': {'number': 5754, 'name': 'Rue Laure-Diebold'}, 'city': 'Dunkerque', 'state': 'Lan...</msg>
<var>${json_data}</var>
<arg>${response.json()}</arg>
<doc>Returns the given values which can then be assigned to a variables.</doc>
<status status="PASS" start="2024-05-31T11:13:03.442104" elapsed="0.000557"/>
</kw>
<kw name="Log" owner="BuiltIn">
<msg time="2024-05-31T11:13:03.443137" level="INFO">{'results': [{'gender': 'female', 'name': {'title': 'Ms', 'first': 'Solène', 'last': 'Berger'}, 'location': {'street': {'number': 5754, 'name': 'Rue Laure-Diebold'}, 'city': 'Dunkerque', 'state': 'Landes', 'country': 'France', 'postcode': 84442, 'coordinates': {'latitude': '-17.8164', 'longitude': '86.8126'}, 'timezone': {'offset': '-10:00', 'description': 'Hawaii'}}, 'email': 'solene.berger@example.com', 'login': {'uuid': 'e0f19e58-d9fc-40f6-9fef-65bec82ec7f6', 'username': 'yellowgoose396', 'password': 'tardis', 'salt': 'J7Wc8xe9', 'md5': '319d34a8d915d3bebe78a28b249e975b', 'sha1': '00e5c27d12c4f8a5ae26a626a50af238fedaaaf2', 'sha256': 'b125137b5f0dd8b013ee2ad9df2ffbc0d9ec9d007075102106ca325261b5edda'}, 'dob': {'date': '1984-12-02T18:24:32.582Z', 'age': 39}, 'registered': {'date': '2020-09-11T23:34:18.392Z', 'age': 3}, 'phone': '03-18-74-93-38', 'cell': '06-49-99-64-47', 'id': {'name': 'INSEE', 'value': '2841137043394 67'}, 'picture': {'large': 'https://randomuser.me/api/portraits/women/75.jpg', 'medium': 'https://randomuser.me/api/portraits/med/women/75.jpg', 'thumbnail': 'https://randomuser.me/api/portraits/thumb/women/75.jpg'}, 'nat': 'FR'}], 'info': {'seed': 'd6c7e205a845f044', 'results': 1, 'page': 1, 'version': '1.4'}}</msg>
<arg>${json_data}</arg>
<doc>Logs the given message with the given level.</doc>
<status status="PASS" start="2024-05-31T11:13:03.442979" elapsed="0.000247"/>
</kw>
<kw name="Should Be Equal As Numbers" owner="BuiltIn">
<arg>${json_data['results'][0]['location']['postcode']}</arg>
<arg>${json_data['results'][0]['location']['postcode']}</arg>
<doc>Fails if objects are unequal after converting them to real numbers.</doc>
<status status="PASS" start="2024-05-31T11:13:03.443526" elapsed="0.000613"/>
</kw>
<kw name="Log" owner="BuiltIn">
<msg time="2024-05-31T11:13:03.444667" level="INFO">84442</msg>
<arg>${json_data['results'][0]['location']['postcode']}</arg>
<doc>Logs the given message with the given level.</doc>
<status status="PASS" start="2024-05-31T11:13:03.444336" elapsed="0.000371"/>
</kw>
<status status="PASS" start="2024-05-31T11:13:03.343053" elapsed="0.101910"/>
</kw>
<doc>Testa se os tipos de dados na resposta da API estão corretos.</doc>
<tag>testeTiposDados</tag>
<status status="PASS" start="2024-05-31T11:13:03.259516" elapsed="0.185623"/>
</test>
<test id="s1-s1-t5" name="Validar conteudo" line="35">
<kw name="Teste de Tipos de Conteudo" owner="random-user-service">
<kw name="GET On Session" owner="RequestsLibrary">
<msg time="2024-05-31T11:13:03.537474" level="INFO">GET Request : url=https://randomuser.me/api 
 path_url=/api 
 headers={'User-Agent': 'python-requests/2.32.3', 'Accept-Encoding': 'gzip, deflate', 'Accept': '*/*', 'Connection': 'keep-alive'} 
 body=None 
 </msg>
<msg time="2024-05-31T11:13:03.537581" level="INFO">GET Response : url=https://randomuser.me/api 
 status=200, reason=OK 
 headers={'Date': 'Fri, 31 May 2024 11:13:03 GMT', 'Content-Type': 'application/json; charset=utf-8', 'Transfer-Encoding': 'chunked', 'Connection': 'keep-alive', 'X-Powered-By': 'Express', 'Access-Control-Allow-Origin': '*', 'Cache-Control': 'no-cache', 'ETag': 'W/"485-jv7GcKtXPhsC8ogZqH1I+hF3gDA"', 'Vary': 'Accept-Encoding', 'Content-Encoding': 'gzip', 'CF-Cache-Status': 'DYNAMIC', 'Report-To': '{"endpoints":[{"url":"https:\\/\\/a.nel.cloudflare.com\\/report\\/v4?s=yl46p8fFZsNWtCaeYMzRaog9Nf3fpzQ9pAKlp1OpnlYJ%2BY%2FlVmYuiy2AgBap7tcY2nbA6FZuUy0LnA1FTe8iaLaFweSgItHYogTE94t3kGgeVplwqeY%2BANh9E0hjrlDU"}],"group":"cf-nel","max_age":604800}', 'NEL': '{"success_fraction":0,"report_to":"cf-nel","max_age":604800}', 'Server': 'cloudflare', 'CF-RAY': '88c6884c8fde122d-ORD', 'alt-svc': 'h3=":443"; ma=86400'} 
 body={"results":[{"gender":"male","name":{"title":"Mr","first":"Mamede","last":"da Rocha"},"location":{"street":{"number":9282,"name":"Rua São Francisco "},"city":"Atibaia","state":"Piauí","country":"Brazil","postcode":51759,"coordinates":{"latitude":"-76.1104","longitude":"-97.8939"},"timezone":{"offset":"-3:30","description":"Newfoundland"}},"email":"mamede.darocha@example.com","login":{"uuid":"a54eb1a7-02c2-441b-b309-6908998e07d4","username":"angrymeercat468","password":"chapman","salt":"ckVisfR7","md5":"08cba44e9729b7ebaf474d978d511a81","sha1":"1371b35d660c07209d5a6d117b15ca163ad3b6be","sha256":"96fe45974fc9f9b7ccbed3ea50a6ada90430874f31c798b3a03f8604e85c45a7"},"dob":{"date":"1978-07-29T09:59:07.141Z","age":45},"registered":{"date":"2002-08-12T04:07:56.259Z","age":21},"phone":"(55) 5904-8326","cell":"(24) 9056-0433","id":{"name":"CPF","value":"291.512.644-16"},"picture":{"large":"https://randomuser.me/api/portraits/men/52.jpg","medium":"https://randomuser.me/api/portraits/med/men/52.jpg","thumbnail":"https://randomuser.me/api/portraits/thumb/men/52.jpg"},"nat":"BR"}],"info":{"seed":"72a821f40d33f520","results":1,"page":1,"version":"1.4"}} 
 </msg>
<msg time="2024-05-31T11:13:03.537654" level="INFO">/opt/hostedtoolcache/Python/3.12.3/x64/lib/python3.12/site-packages/urllib3/connectionpool.py:1103: InsecureRequestWarning: Unverified HTTPS request is being made to host 'randomuser.me'. Adding certificate verification is strongly advised. See: https://urllib3.readthedocs.io/en/latest/advanced-usage.html#tls-warnings
  warnings.warn(</msg>
<msg time="2024-05-31T11:13:03.537778" level="INFO">${response} = &lt;Response [200]&gt;</msg>
<var>${response}</var>
<arg>consultarAPI</arg>
<arg>/api</arg>
<doc>Sends a GET request on a previously created HTTP Session.</doc>
<status status="PASS" start="2024-05-31T11:13:03.447674" elapsed="0.090137"/>
</kw>
<kw name="Set Variable" owner="BuiltIn">
<msg time="2024-05-31T11:13:03.538873" level="INFO">${json_data} = {'results': [{'gender': 'male', 'name': {'title': 'Mr', 'first': 'Mamede', 'last': 'da Rocha'}, 'location': {'street': {'number': 9282, 'name': 'Rua São Francisco '}, 'city': 'Atibaia', 'state': 'Piau...</msg>
<var>${json_data}</var>
<arg>${response.json()}</arg>
<doc>Returns the given values which can then be assigned to a variables.</doc>
<status status="PASS" start="2024-05-31T11:13:03.538364" elapsed="0.000537"/>
</kw>
<kw name="Set Variable" owner="BuiltIn">
<msg time="2024-05-31T11:13:03.539594" level="INFO">${name_title} = Mr</msg>
<var>${name_title}</var>
<arg>${json_data["results"][0]["name"]["title"]}</arg>
<doc>Returns the given values which can then be assigned to a variables.</doc>
<status status="PASS" start="2024-05-31T11:13:03.539214" elapsed="0.000405"/>
</kw>
<kw name="Create List" owner="BuiltIn">
<msg time="2024-05-31T11:13:03.540066" level="INFO">${allowed_titles} = ['Mr', 'Ms', 'Miss', 'Mrs', 'Madame', 'Monsieur']</msg>
<var>${allowed_titles}</var>
<arg>Mr</arg>
<arg>Ms</arg>
<arg>Miss</arg>
<arg>Mrs</arg>
<arg>Madame</arg>
<arg>Monsieur</arg>
<doc>Returns a list containing given items.</doc>
<status status="PASS" start="2024-05-31T11:13:03.539917" elapsed="0.000172"/>
</kw>
<kw name="List Should Contain Value" owner="Collections">
<msg time="2024-05-31T11:13:03.540574" level="INFO">False</msg>
<arg>${allowed_titles}</arg>
<arg>${name_title}</arg>
<doc>Fails if the ``value`` is not found from ``list``.</doc>
<status status="PASS" start="2024-05-31T11:13:03.540400" elapsed="0.000210"/>
</kw>
<kw name="Set Variable" owner="BuiltIn">
<msg time="2024-05-31T11:13:03.541492" level="INFO">${name_country} = BR</msg>
<var>${name_country}</var>
<arg>${json_data["results"][0]["nat"]}</arg>
<doc>Returns the given values which can then be assigned to a variables.</doc>
<status status="PASS" start="2024-05-31T11:13:03.540902" elapsed="0.000623"/>
</kw>
<kw name="Create List" owner="BuiltIn">
<msg time="2024-05-31T11:13:03.542450" level="INFO">${list_country} = ['AD', 'AE', 'AF', 'AG', 'AI', 'AL', 'AM', 'AO', 'AQ', 'AR', 'AS', 'AT', 'AU', 'AW', 'AX', 'AZ', 'BA', 'BB', 'BD', 'BE', 'BF', 'BG', 'BH', 'BI', 'BJ', 'BL', 'BM', 'BN', 'BO', 'BQ', 'BR', 'BS', 'BT', '...</msg>
<var>${list_country}</var>
<arg>AD</arg>
<arg>AE</arg>
<arg>AF</arg>
<arg>AG</arg>
<arg>AI</arg>
<arg>AL</arg>
<arg>AM</arg>
<arg>AO</arg>
<arg>AQ</arg>
<arg>AR</arg>
<arg>AS</arg>
<arg>AT</arg>
<arg>AU</arg>
<arg>AW</arg>
<arg>AX</arg>
<arg>AZ</arg>
<arg>BA</arg>
<arg>BB</arg>
<arg>BD</arg>
<arg>BE</arg>
<arg>BF</arg>
<arg>BG</arg>
<arg>BH</arg>
<arg>BI</arg>
<arg>BJ</arg>
<arg>BL</arg>
<arg>BM</arg>
<arg>BN</arg>
<arg>BO</arg>
<arg>BQ</arg>
<arg>BR</arg>
<arg>BS</arg>
<arg>BT</arg>
<arg>BV</arg>
<arg>BW</arg>
<arg>BY</arg>
<arg>BZ</arg>
<arg>CA</arg>
<arg>CC</arg>
<arg>CD</arg>
<arg>CF</arg>
<arg>CG</arg>
<arg>CH</arg>
<arg>CI</arg>
<arg>CK</arg>
<arg>CL</arg>
<arg>CM</arg>
<arg>CN</arg>
<arg>CO</arg>
<arg>CR</arg>
<arg>CU</arg>
<arg>CV</arg>
<arg>CW</arg>
<arg>CX</arg>
<arg>CY</arg>
<arg>CZ</arg>
<arg>DE</arg>
<arg>DJ</arg>
<arg>DK</arg>
<arg>DM</arg>
<arg>DO</arg>
<arg>DZ</arg>
<arg>EC</arg>
<arg>EE</arg>
<arg>EG</arg>
<arg>EH</arg>
<arg>ER</arg>
<arg>ES</arg>
<arg>ET</arg>
<arg>FI</arg>
<arg>FJ</arg>
<arg>FK</arg>
<arg>FM</arg>
<arg>FO</arg>
<arg>FR</arg>
<arg>GA</arg>
<arg>GB</arg>
<arg>GD</arg>
<arg>GE</arg>
<arg>GF</arg>
<arg>GG</arg>
<arg>GH</arg>
<arg>GI</arg>
<arg>GL</arg>
<arg>GM</arg>
<arg>GN</arg>
<arg>GP</arg>
<arg>GQ</arg>
<arg>GR</arg>
<arg>GS</arg>
<arg>GT</arg>
<arg>GU</arg>
<arg>GW</arg>
<arg>GY</arg>
<arg>HK</arg>
<arg>HM</arg>
<arg>HN</arg>
<arg>HR</arg>
<arg>HT</arg>
<arg>HU</arg>
<arg>ID</arg>
<arg>IE</arg>
<arg>IL</arg>
<arg>IM</arg>
<arg>IN</arg>
<arg>IO</arg>
<arg>IQ</arg>
<arg>IR</arg>
<arg>IS</arg>
<arg>IT</arg>
<arg>JE</arg>
<arg>JM</arg>
<arg>JO</arg>
<arg>JP</arg>
<arg>KE</arg>
<arg>KG</arg>
<arg>KH</arg>
<arg>KI</arg>
<arg>KM</arg>
<arg>KN</arg>
<arg>KP</arg>
<arg>KR</arg>
<arg>KW</arg>
<arg>KY</arg>
<arg>KZ</arg>
<arg>LA</arg>
<arg>LB</arg>
<arg>LC</arg>
<arg>LI</arg>
<arg>LK</arg>
<arg>LR</arg>
<arg>LS</arg>
<arg>LT</arg>
<arg>LU</arg>
<arg>LV</arg>
<arg>LY</arg>
<arg>MA</arg>
<arg>MC</arg>
<arg>MD</arg>
<arg>ME</arg>
<arg>MF</arg>
<arg>MG</arg>
<arg>MH</arg>
<arg>MK</arg>
<arg>ML</arg>
<arg>MM</arg>
<arg>MN</arg>
<arg>MO</arg>
<arg>MP</arg>
<arg>MQ</arg>
<arg>MR</arg>
<arg>MS</arg>
<arg>MT</arg>
<arg>MU</arg>
<arg>MV</arg>
<arg>MW</arg>
<arg>MX</arg>
<arg>MY</arg>
<arg>MZ</arg>
<arg>NA</arg>
<arg>NC</arg>
<arg>NE</arg>
<arg>NF</arg>
<arg>NG</arg>
<arg>NI</arg>
<arg>NL</arg>
<arg>NO</arg>
<arg>NP</arg>
<arg>NR</arg>
<arg>NU</arg>
<arg>NZ</arg>
<arg>OM</arg>
<arg>PA</arg>
<arg>PE</arg>
<arg>PF</arg>
<arg>PG</arg>
<arg>PH</arg>
<arg>PK</arg>
<arg>PL</arg>
<arg>PM</arg>
<arg>PN</arg>
<arg>PR</arg>
<arg>PS</arg>
<arg>PT</arg>
<arg>PW</arg>
<arg>PY</arg>
<arg>QA</arg>
<arg>RE</arg>
<arg>RO</arg>
<arg>RS</arg>
<arg>RU</arg>
<arg>RW</arg>
<arg>SA</arg>
<arg>SB</arg>
<arg>SC</arg>
<arg>SD</arg>
<arg>SE</arg>
<arg>SG</arg>
<arg>SH</arg>
<arg>SI</arg>
<arg>SJ</arg>
<arg>SK</arg>
<arg>SL</arg>
<arg>SM</arg>
<arg>SN</arg>
<arg>SO</arg>
<arg>SR</arg>
<arg>SS</arg>
<arg>ST</arg>
<arg>SV</arg>
<arg>SX</arg>
<arg>SY</arg>
<arg>SZ</arg>
<arg>TC</arg>
<arg>TD</arg>
<arg>TF</arg>
<arg>TG</arg>
<arg>TH</arg>
<arg>TJ</arg>
<arg>TK</arg>
<arg>TL</arg>
<arg>TM</arg>
<arg>TN</arg>
<arg>TO</arg>
<arg>TR</arg>
<arg>TT</arg>
<arg>TV</arg>
<arg>TW</arg>
<arg>TZ</arg>
<arg>UA</arg>
<arg>UG</arg>
<arg>UM</arg>
<arg>US</arg>
<arg>UY</arg>
<arg>UZ</arg>
<arg>VA</arg>
<arg>VC</arg>
<arg>VE</arg>
<arg>VG</arg>
<arg>VI</arg>
<arg>VN</arg>
<arg>VU</arg>
<arg>WF</arg>
<arg>WS</arg>
<arg>XK</arg>
<arg>YE</arg>
<arg>YT</arg>
<arg>ZA</arg>
<arg>ZM</arg>
<arg>ZW</arg>
<doc>Returns a list containing given items.</doc>
<status status="PASS" start="2024-05-31T11:13:03.541846" elapsed="0.000629"/>
</kw>
<kw name="List Should Contain Value" owner="Collections">
<msg time="2024-05-31T11:13:03.543471" level="INFO">False</msg>
<arg>${list_country}</arg>
<arg>${name_country}</arg>
<doc>Fails if the ``value`` is not found from ``list``.</doc>
<status status="PASS" start="2024-05-31T11:13:03.543257" elapsed="0.000249"/>
</kw>
<kw name="Run Keyword If" owner="BuiltIn">
<kw name="Should Be True" owner="BuiltIn">
<arg>${True}</arg>
<doc>Fails if the given condition is not true.</doc>
<status status="PASS" start="2024-05-31T11:13:03.544578" elapsed="0.000142"/>
</kw>
<arg>${json_data["results"][0]["location"]["coordinates"]["latitude"]} &gt;= -90 and ${json_data["results"][0]["location"]["coordinates"]["latitude"]} &lt;= 90</arg>
<arg>Should Be True</arg>
<arg>${True}</arg>
<doc>Runs the given keyword with the given arguments, if ``condition`` is true.</doc>
<status status="PASS" start="2024-05-31T11:13:03.543822" elapsed="0.001024"/>
</kw>
<kw name="Run Keyword If" owner="BuiltIn">
<kw name="Should Be True" owner="BuiltIn">
<arg>${True}</arg>
<doc>Fails if the given condition is not true.</doc>
<status status="PASS" start="2024-05-31T11:13:03.545793" elapsed="0.000138"/>
</kw>
<arg>${json_data["results"][0]["location"]["coordinates"]["longitude"]} &gt;= -180 and ${json_data["results"][0]["location"]["coordinates"]["longitude"]} &lt;= 180</arg>
<arg>Should Be True</arg>
<arg>${True}</arg>
<doc>Runs the given keyword with the given arguments, if ``condition`` is true.</doc>
<status status="PASS" start="2024-05-31T11:13:03.545037" elapsed="0.001019"/>
</kw>
<status status="PASS" start="2024-05-31T11:13:03.447436" elapsed="0.098752"/>
</kw>
<doc>Testa o conteúdo específico dos campos retornados pela API.</doc>
<tag>testeConteudo</tag>
<status status="PASS" start="2024-05-31T11:13:03.446940" elapsed="0.099401"/>
</test>
<status status="PASS" start="2024-05-31T11:13:02.585096" elapsed="0.963170"/>
</suite>
<status status="PASS" start="2024-05-31T11:13:02.571310" elapsed="0.982184"/>
</suite>
<statistics>
<total>
<stat pass="5" fail="0" skip="0">All Tests</stat>
</total>
<tag>
<stat pass="1" fail="0" skip="0">testeConteudo</stat>
<stat pass="1" fail="0" skip="0">testeEstruturaResposta</stat>
<stat pass="1" fail="0" skip="0">testeRequisicaoBasica</stat>
<stat pass="1" fail="0" skip="0">testeTiposDados</stat>
</tag>
<suite>
<stat pass="5" fail="0" skip="0" id="s1" name="Tests">Tests</stat>
<stat pass="5" fail="0" skip="0" id="s1-s1" name="Random-User-Test">Tests.Random-User-Test</stat>
</suite>
</statistics>
<errors>
</errors>
</robot>
