<?xml version="1.0" encoding="UTF-8"?>
<robot generator="Robot 7.0.1 (Python 3.12.4 on linux)" generated="2024-07-03T22:14:37.666246" rpa="false" schemaversion="5">
<suite id="s1" name="Tests" source="/home/runner/work/ApiRandomUser/ApiRandomUser/RamdonUser/tests">
<suite id="s1-s1" name="Random-User-Test" source="/home/runner/work/ApiRandomUser/ApiRandomUser/RamdonUser/tests/random-user-test.robot">
<test id="s1-s1-t1" name="Conectar" line="13">
<kw name="Conectar API" owner="random-user-service">
<kw name="Create Session" owner="RequestsLibrary">
<msg time="2024-07-03T22:14:38.063762" level="INFO">Creating Session using : alias=consultarAPI, url=https://randomuser.me/, headers={},                     cookies={}, auth=None, timeout=None, proxies=None, verify=False,                     debug=0 </msg>
<arg>consultarAPI</arg>
<arg>${URL}</arg>
<doc>Create Session: create a HTTP session to a server</doc>
<status status="PASS" start="2024-07-03T22:14:38.063554" elapsed="0.000380"/>
</kw>
<status status="PASS" start="2024-07-03T22:14:38.062625" elapsed="0.001685"/>
</kw>
<status status="PASS" start="2024-07-03T22:14:38.062041" elapsed="0.002457"/>
</test>
<test id="s1-s1-t2" name="Validar retorno 200 e JSON Válido" line="16">
<kw name="Teste de Requisicao Basica" owner="random-user-service">
<kw name="GET On Session" owner="RequestsLibrary">
<msg time="2024-07-03T22:14:38.192576" level="INFO">GET Request : url=https://randomuser.me/api 
 path_url=/api 
 headers={'User-Agent': 'python-requests/2.32.3', 'Accept-Encoding': 'gzip, deflate', 'Accept': '*/*', 'Connection': 'keep-alive'} 
 body=None 
 </msg>
<msg time="2024-07-03T22:14:38.192724" level="INFO">GET Response : url=https://randomuser.me/api 
 status=200, reason=OK 
 headers={'Date': 'Wed, 03 Jul 2024 22:14:38 GMT', 'Content-Type': 'application/json; charset=utf-8', 'Transfer-Encoding': 'chunked', 'Connection': 'keep-alive', 'X-Powered-By': 'Express', 'Access-Control-Allow-Origin': '*', 'Cache-Control': 'no-cache', 'ETag': 'W/"48e-eKe1qwwaQ1j2Aq8l5lwMXYPivt4"', 'Vary': 'Accept-Encoding', 'Content-Encoding': 'gzip', 'CF-Cache-Status': 'DYNAMIC', 'Report-To': '{"endpoints":[{"url":"https:\\/\\/a.nel.cloudflare.com\\/report\\/v4?s=WzlbLlpHo6X%2BxsqbDMq2IIt0aLWTLFgdz8eKXtAwX1C8w0FuiGcIraaF0ihZerwYbLq9h%2BxVetHGIlpf1fBpA%2FA8hukscPrs3ez%2BzqG7GfH6YtJYEHLcGQ3om5ItwojE"}],"group":"cf-nel","max_age":604800}', 'NEL': '{"success_fraction":0,"report_to":"cf-nel","max_age":604800}', 'Server': 'cloudflare', 'CF-RAY': '89da3ac81a2c156b-SJC', 'alt-svc': 'h3=":443"; ma=86400'} 
 body={"results":[{"gender":"female","name":{"title":"Mrs","first":"Prathiksha","last":"Saniel"},"location":{"street":{"number":2257,"name":"Old Jail Rd"},"city":"Kottayam","state":"Maharashtra","country":"India","postcode":46319,"coordinates":{"latitude":"9.0610","longitude":"154.7916"},"timezone":{"offset":"-8:00","description":"Pacific Time (US &amp; Canada)"}},"email":"prathiksha.saniel@example.com","login":{"uuid":"8ca23989-6b86-446c-95c0-93fb18c7692d","username":"angrymeercat280","password":"rodeo","salt":"TFAsAU2v","md5":"a7fa99f10d4ec7e31bb901f58f70d010","sha1":"b5c30d2becf01c291039ae0f89f57bfe82ffd62a","sha256":"6dda408141421c61001043bb7e2b24c2581709a47806ca6ce029dc56b3b015c8"},"dob":{"date":"1998-05-27T05:48:58.307Z","age":26},"registered":{"date":"2016-02-07T06:39:52.862Z","age":8},"phone":"8744518856","cell":"9357621684","id":{"name":"UIDAI","value":"052119173961"},"picture":{"large":"https://randomuser.me/api/portraits/women/9.jpg","medium":"https://randomuser.me/api/portraits/med/women/9.jpg","thumbnail":"https://randomuser.me/api/portraits/thumb/women/9.jpg"},"nat":"IN"}],"info":{"seed":"c867ae18412565cd","results":1,"page":1,"version":"1.4"}} 
 </msg>
<msg time="2024-07-03T22:14:38.192806" level="INFO">/opt/hostedtoolcache/Python/3.12.4/x64/lib/python3.12/site-packages/urllib3/connectionpool.py:1099: InsecureRequestWarning: Unverified HTTPS request is being made to host 'randomuser.me'. Adding certificate verification is strongly advised. See: https://urllib3.readthedocs.io/en/latest/advanced-usage.html#tls-warnings
  warnings.warn(</msg>
<msg time="2024-07-03T22:14:38.192950" level="INFO">${response} = &lt;Response [200]&gt;</msg>
<var>${response}</var>
<arg>consultarAPI</arg>
<arg>/api</arg>
<doc>Sends a GET request on a previously created HTTP Session.</doc>
<status status="PASS" start="2024-07-03T22:14:38.067101" elapsed="0.125891"/>
</kw>
<kw name="Should Be Equal As Numbers" owner="BuiltIn">
<msg time="2024-07-03T22:14:38.193968" level="INFO">Argument types are:
&lt;class 'int'&gt;
&lt;class 'str'&gt;</msg>
<arg>${response.status_code}</arg>
<arg>200</arg>
<doc>Fails if objects are unequal after converting them to real numbers.</doc>
<status status="PASS" start="2024-07-03T22:14:38.193505" elapsed="0.000531"/>
</kw>
<kw name="Log" owner="BuiltIn">
<msg time="2024-07-03T22:14:38.194720" level="INFO">200</msg>
<arg>${response.status_code}</arg>
<doc>Logs the given message with the given level.</doc>
<status status="PASS" start="2024-07-03T22:14:38.194359" elapsed="0.000406"/>
</kw>
<kw name="Set Variable" owner="BuiltIn">
<msg time="2024-07-03T22:14:38.195517" level="INFO">${json_data} = {'results': [{'gender': 'female', 'name': {'title': 'Mrs', 'first': 'Prathiksha', 'last': 'Saniel'}, 'location': {'street': {'number': 2257, 'name': 'Old Jail Rd'}, 'city': 'Kottayam', 'state': 'Mahar...</msg>
<var>${json_data}</var>
<arg>${response.json()}</arg>
<doc>Returns the given values which can then be assigned to a variables.</doc>
<status status="PASS" start="2024-07-03T22:14:38.195072" elapsed="0.000474"/>
</kw>
<kw name="Dictionary Should Contain Key" owner="Collections">
<arg>${json_data}</arg>
<arg>results</arg>
<doc>Fails if ``key`` is not found from ``dictionary``.</doc>
<status status="PASS" start="2024-07-03T22:14:38.195847" elapsed="0.000175"/>
</kw>
<status status="PASS" start="2024-07-03T22:14:38.066858" elapsed="0.129341"/>
</kw>
<doc>Testa se a API responde corretamente e retorna um objeto JSON válido.</doc>
<tag>testeRequisicaoBasica</tag>
<status status="PASS" start="2024-07-03T22:14:38.066346" elapsed="0.130035"/>
</test>
<test id="s1-s1-t3" name="Validar estrutura de resposta" line="22">
<kw name="Teste de Estrutura de Resposta" owner="random-user-service">
<kw name="GET On Session" owner="RequestsLibrary">
<msg time="2024-07-03T22:14:38.289035" level="INFO">GET Request : url=https://randomuser.me/api 
 path_url=/api 
 headers={'User-Agent': 'python-requests/2.32.3', 'Accept-Encoding': 'gzip, deflate', 'Accept': '*/*', 'Connection': 'keep-alive'} 
 body=None 
 </msg>
<msg time="2024-07-03T22:14:38.289103" level="INFO">GET Response : url=https://randomuser.me/api 
 status=200, reason=OK 
 headers={'Date': 'Wed, 03 Jul 2024 22:14:38 GMT', 'Content-Type': 'application/json; charset=utf-8', 'Transfer-Encoding': 'chunked', 'Connection': 'keep-alive', 'X-Powered-By': 'Express', 'Access-Control-Allow-Origin': '*', 'Cache-Control': 'no-cache', 'ETag': 'W/"483-w0tKDrUxrOxvef0FUGnaQ9YWhew"', 'Vary': 'Accept-Encoding', 'Content-Encoding': 'gzip', 'CF-Cache-Status': 'DYNAMIC', 'Report-To': '{"endpoints":[{"url":"https:\\/\\/a.nel.cloudflare.com\\/report\\/v4?s=GjOqqdzx2PkcYWIzA6FMfR32C%2FFuLY66UgG7JgqQRwYoDleQz6EZRUSjVZ6jjvULQZsXue8BrXni69pLMxNnZixCQ5%2Fq%2Bq0XBsRDHfcHJw3w%2FmdEQJ9iNql6pcVWdm0p"}],"group":"cf-nel","max_age":604800}', 'NEL': '{"success_fraction":0,"report_to":"cf-nel","max_age":604800}', 'Server': 'cloudflare', 'CF-RAY': '89da3ac8caa7156b-SJC', 'alt-svc': 'h3=":443"; ma=86400'} 
 body={"results":[{"gender":"male","name":{"title":"Mr","first":"Dominic","last":"Grewal"},"location":{"street":{"number":5201,"name":"20th Ave"},"city":"Alma","state":"Northwest Territories","country":"Canada","postcode":"X1R 8K9","coordinates":{"latitude":"-65.4940","longitude":"-9.6578"},"timezone":{"offset":"+6:00","description":"Almaty, Dhaka, Colombo"}},"email":"dominic.grewal@example.com","login":{"uuid":"46c8007d-47a2-4132-ae04-b9d0087945e7","username":"angryfrog720","password":"tommyboy","salt":"pCPjhpjj","md5":"f02565b718cb0f051fabec4dd156f355","sha1":"39c61ca96952775146f006d1094e470a5900d309","sha256":"44bbbdaf60789c1bc5fe0b8865d94ed4673407973e659ace8380865704e902b7"},"dob":{"date":"1979-10-08T02:54:40.802Z","age":44},"registered":{"date":"2019-01-09T19:19:52.159Z","age":5},"phone":"A54 P33-9499","cell":"S67 U21-0621","id":{"name":"SIN","value":"101876753"},"picture":{"large":"https://randomuser.me/api/portraits/men/3.jpg","medium":"https://randomuser.me/api/portraits/med/men/3.jpg","thumbnail":"https://randomuser.me/api/portraits/thumb/men/3.jpg"},"nat":"CA"}],"info":{"seed":"84f29e81e1f04f8d","results":1,"page":1,"version":"1.4"}} 
 </msg>
<msg time="2024-07-03T22:14:38.289199" level="INFO">/opt/hostedtoolcache/Python/3.12.4/x64/lib/python3.12/site-packages/urllib3/connectionpool.py:1099: InsecureRequestWarning: Unverified HTTPS request is being made to host 'randomuser.me'. Adding certificate verification is strongly advised. See: https://urllib3.readthedocs.io/en/latest/advanced-usage.html#tls-warnings
  warnings.warn(</msg>
<msg time="2024-07-03T22:14:38.289302" level="INFO">${response} = &lt;Response [200]&gt;</msg>
<var>${response}</var>
<arg>consultarAPI</arg>
<arg>/api</arg>
<doc>Sends a GET request on a previously created HTTP Session.</doc>
<status status="PASS" start="2024-07-03T22:14:38.198951" elapsed="0.090392"/>
</kw>
<kw name="Set Variable" owner="BuiltIn">
<msg time="2024-07-03T22:14:38.290353" level="INFO">${json_data} = {'results': [{'gender': 'male', 'name': {'title': 'Mr', 'first': 'Dominic', 'last': 'Grewal'}, 'location': {'street': {'number': 5201, 'name': '20th Ave'}, 'city': 'Alma', 'state': 'Northwest Territor...</msg>
<var>${json_data}</var>
<arg>${response.json()}</arg>
<doc>Returns the given values which can then be assigned to a variables.</doc>
<status status="PASS" start="2024-07-03T22:14:38.289789" elapsed="0.000593"/>
</kw>
<kw name="Log" owner="BuiltIn">
<msg time="2024-07-03T22:14:38.290835" level="INFO">{'results': [{'gender': 'male', 'name': {'title': 'Mr', 'first': 'Dominic', 'last': 'Grewal'}, 'location': {'street': {'number': 5201, 'name': '20th Ave'}, 'city': 'Alma', 'state': 'Northwest Territories', 'country': 'Canada', 'postcode': 'X1R 8K9', 'coordinates': {'latitude': '-65.4940', 'longitude': '-9.6578'}, 'timezone': {'offset': '+6:00', 'description': 'Almaty, Dhaka, Colombo'}}, 'email': 'dominic.grewal@example.com', 'login': {'uuid': '46c8007d-47a2-4132-ae04-b9d0087945e7', 'username': 'angryfrog720', 'password': 'tommyboy', 'salt': 'pCPjhpjj', 'md5': 'f02565b718cb0f051fabec4dd156f355', 'sha1': '39c61ca96952775146f006d1094e470a5900d309', 'sha256': '44bbbdaf60789c1bc5fe0b8865d94ed4673407973e659ace8380865704e902b7'}, 'dob': {'date': '1979-10-08T02:54:40.802Z', 'age': 44}, 'registered': {'date': '2019-01-09T19:19:52.159Z', 'age': 5}, 'phone': 'A54 P33-9499', 'cell': 'S67 U21-0621', 'id': {'name': 'SIN', 'value': '101876753'}, 'picture': {'large': 'https://randomuser.me/api/portraits/men/3.jpg', 'medium': 'https://randomuser.me/api/portraits/med/men/3.jpg', 'thumbnail': 'https://randomuser.me/api/portraits/thumb/men/3.jpg'}, 'nat': 'CA'}], 'info': {'seed': '84f29e81e1f04f8d', 'results': 1, 'page': 1, 'version': '1.4'}}</msg>
<arg>${json_data}</arg>
<doc>Logs the given message with the given level.</doc>
<status status="PASS" start="2024-07-03T22:14:38.290682" elapsed="0.000199"/>
</kw>
<kw name="Dictionary Should Contain Key" owner="Collections">
<arg>${json_data}</arg>
<arg>results</arg>
<doc>Fails if ``key`` is not found from ``dictionary``.</doc>
<status status="PASS" start="2024-07-03T22:14:38.291169" elapsed="0.000163"/>
</kw>
<kw name="Should Not Be Empty" owner="BuiltIn">
<msg time="2024-07-03T22:14:38.291639" level="INFO">Length is 2.</msg>
<arg>${json_data}</arg>
<doc>Verifies that the given item is not empty.</doc>
<status status="PASS" start="2024-07-03T22:14:38.291514" elapsed="0.000164"/>
</kw>
<kw name="Create List" owner="BuiltIn">
<msg time="2024-07-03T22:14:38.292161" level="INFO">${expected_keys} = ['gender', 'name', 'location', 'email', 'login']</msg>
<var>${expected_keys}</var>
<arg>gender</arg>
<arg>name</arg>
<arg>location</arg>
<arg>email</arg>
<arg>login</arg>
<doc>Returns a list containing given items.</doc>
<status status="PASS" start="2024-07-03T22:14:38.291966" elapsed="0.000223"/>
</kw>
<for flavor="IN">
<iter>
<kw name="Dictionary Should Contain Key" owner="Collections">
<arg>${json_data['results'][0]}</arg>
<arg>${key}</arg>
<doc>Fails if ``key`` is not found from ``dictionary``.</doc>
<status status="PASS" start="2024-07-03T22:14:38.292900" elapsed="0.000396"/>
</kw>
<kw name="Log" owner="BuiltIn">
<msg time="2024-07-03T22:14:38.293842" level="INFO">{'gender': 'male', 'name': {'title': 'Mr', 'first': 'Dominic', 'last': 'Grewal'}, 'location': {'street': {'number': 5201, 'name': '20th Ave'}, 'city': 'Alma', 'state': 'Northwest Territories', 'country': 'Canada', 'postcode': 'X1R 8K9', 'coordinates': {'latitude': '-65.4940', 'longitude': '-9.6578'}, 'timezone': {'offset': '+6:00', 'description': 'Almaty, Dhaka, Colombo'}}, 'email': 'dominic.grewal@example.com', 'login': {'uuid': '46c8007d-47a2-4132-ae04-b9d0087945e7', 'username': 'angryfrog720', 'password': 'tommyboy', 'salt': 'pCPjhpjj', 'md5': 'f02565b718cb0f051fabec4dd156f355', 'sha1': '39c61ca96952775146f006d1094e470a5900d309', 'sha256': '44bbbdaf60789c1bc5fe0b8865d94ed4673407973e659ace8380865704e902b7'}, 'dob': {'date': '1979-10-08T02:54:40.802Z', 'age': 44}, 'registered': {'date': '2019-01-09T19:19:52.159Z', 'age': 5}, 'phone': 'A54 P33-9499', 'cell': 'S67 U21-0621', 'id': {'name': 'SIN', 'value': '101876753'}, 'picture': {'large': 'https://randomuser.me/api/portraits/men/3.jpg', 'medium': 'https://randomuser.me/api/portraits/med/men/3.jpg', 'thumbnail': 'https://randomuser.me/api/portraits/thumb/men/3.jpg'}, 'nat': 'CA'}</msg>
<arg>${json_data['results'][0]}</arg>
<doc>Logs the given message with the given level.</doc>
<status status="PASS" start="2024-07-03T22:14:38.293483" elapsed="0.000408"/>
</kw>
<kw name="Log" owner="BuiltIn">
<msg time="2024-07-03T22:14:38.294309" level="INFO">gender</msg>
<arg>${key}</arg>
<doc>Logs the given message with the given level.</doc>
<status status="PASS" start="2024-07-03T22:14:38.294181" elapsed="0.000166"/>
</kw>
<var name="${key}">gender</var>
<status status="PASS" start="2024-07-03T22:14:38.292776" elapsed="0.001787"/>
</iter>
<iter>
<kw name="Dictionary Should Contain Key" owner="Collections">
<arg>${json_data['results'][0]}</arg>
<arg>${key}</arg>
<doc>Fails if ``key`` is not found from ``dictionary``.</doc>
<status status="PASS" start="2024-07-03T22:14:38.294863" elapsed="0.000384"/>
</kw>
<kw name="Log" owner="BuiltIn">
<msg time="2024-07-03T22:14:38.295782" level="INFO">{'gender': 'male', 'name': {'title': 'Mr', 'first': 'Dominic', 'last': 'Grewal'}, 'location': {'street': {'number': 5201, 'name': '20th Ave'}, 'city': 'Alma', 'state': 'Northwest Territories', 'country': 'Canada', 'postcode': 'X1R 8K9', 'coordinates': {'latitude': '-65.4940', 'longitude': '-9.6578'}, 'timezone': {'offset': '+6:00', 'description': 'Almaty, Dhaka, Colombo'}}, 'email': 'dominic.grewal@example.com', 'login': {'uuid': '46c8007d-47a2-4132-ae04-b9d0087945e7', 'username': 'angryfrog720', 'password': 'tommyboy', 'salt': 'pCPjhpjj', 'md5': 'f02565b718cb0f051fabec4dd156f355', 'sha1': '39c61ca96952775146f006d1094e470a5900d309', 'sha256': '44bbbdaf60789c1bc5fe0b8865d94ed4673407973e659ace8380865704e902b7'}, 'dob': {'date': '1979-10-08T02:54:40.802Z', 'age': 44}, 'registered': {'date': '2019-01-09T19:19:52.159Z', 'age': 5}, 'phone': 'A54 P33-9499', 'cell': 'S67 U21-0621', 'id': {'name': 'SIN', 'value': '101876753'}, 'picture': {'large': 'https://randomuser.me/api/portraits/men/3.jpg', 'medium': 'https://randomuser.me/api/portraits/med/men/3.jpg', 'thumbnail': 'https://randomuser.me/api/portraits/thumb/men/3.jpg'}, 'nat': 'CA'}</msg>
<arg>${json_data['results'][0]}</arg>
<doc>Logs the given message with the given level.</doc>
<status status="PASS" start="2024-07-03T22:14:38.295427" elapsed="0.000434"/>
</kw>
<kw name="Log" owner="BuiltIn">
<msg time="2024-07-03T22:14:38.296312" level="INFO">name</msg>
<arg>${key}</arg>
<doc>Logs the given message with the given level.</doc>
<status status="PASS" start="2024-07-03T22:14:38.296179" elapsed="0.000171"/>
</kw>
<var name="${key}">name</var>
<status status="PASS" start="2024-07-03T22:14:38.294747" elapsed="0.001819"/>
</iter>
<iter>
<kw name="Dictionary Should Contain Key" owner="Collections">
<arg>${json_data['results'][0]}</arg>
<arg>${key}</arg>
<doc>Fails if ``key`` is not found from ``dictionary``.</doc>
<status status="PASS" start="2024-07-03T22:14:38.296848" elapsed="0.000372"/>
</kw>
<kw name="Log" owner="BuiltIn">
<msg time="2024-07-03T22:14:38.297743" level="INFO">{'gender': 'male', 'name': {'title': 'Mr', 'first': 'Dominic', 'last': 'Grewal'}, 'location': {'street': {'number': 5201, 'name': '20th Ave'}, 'city': 'Alma', 'state': 'Northwest Territories', 'country': 'Canada', 'postcode': 'X1R 8K9', 'coordinates': {'latitude': '-65.4940', 'longitude': '-9.6578'}, 'timezone': {'offset': '+6:00', 'description': 'Almaty, Dhaka, Colombo'}}, 'email': 'dominic.grewal@example.com', 'login': {'uuid': '46c8007d-47a2-4132-ae04-b9d0087945e7', 'username': 'angryfrog720', 'password': 'tommyboy', 'salt': 'pCPjhpjj', 'md5': 'f02565b718cb0f051fabec4dd156f355', 'sha1': '39c61ca96952775146f006d1094e470a5900d309', 'sha256': '44bbbdaf60789c1bc5fe0b8865d94ed4673407973e659ace8380865704e902b7'}, 'dob': {'date': '1979-10-08T02:54:40.802Z', 'age': 44}, 'registered': {'date': '2019-01-09T19:19:52.159Z', 'age': 5}, 'phone': 'A54 P33-9499', 'cell': 'S67 U21-0621', 'id': {'name': 'SIN', 'value': '101876753'}, 'picture': {'large': 'https://randomuser.me/api/portraits/men/3.jpg', 'medium': 'https://randomuser.me/api/portraits/med/men/3.jpg', 'thumbnail': 'https://randomuser.me/api/portraits/thumb/men/3.jpg'}, 'nat': 'CA'}</msg>
<arg>${json_data['results'][0]}</arg>
<doc>Logs the given message with the given level.</doc>
<status status="PASS" start="2024-07-03T22:14:38.297399" elapsed="0.000392"/>
</kw>
<kw name="Log" owner="BuiltIn">
<msg time="2024-07-03T22:14:38.298212" level="INFO">location</msg>
<arg>${key}</arg>
<doc>Logs the given message with the given level.</doc>
<status status="PASS" start="2024-07-03T22:14:38.298085" elapsed="0.000164"/>
</kw>
<var name="${key}">location</var>
<status status="PASS" start="2024-07-03T22:14:38.296741" elapsed="0.001716"/>
</iter>
<iter>
<kw name="Dictionary Should Contain Key" owner="Collections">
<arg>${json_data['results'][0]}</arg>
<arg>${key}</arg>
<doc>Fails if ``key`` is not found from ``dictionary``.</doc>
<status status="PASS" start="2024-07-03T22:14:38.298731" elapsed="0.000375"/>
</kw>
<kw name="Log" owner="BuiltIn">
<msg time="2024-07-03T22:14:38.299625" level="INFO">{'gender': 'male', 'name': {'title': 'Mr', 'first': 'Dominic', 'last': 'Grewal'}, 'location': {'street': {'number': 5201, 'name': '20th Ave'}, 'city': 'Alma', 'state': 'Northwest Territories', 'country': 'Canada', 'postcode': 'X1R 8K9', 'coordinates': {'latitude': '-65.4940', 'longitude': '-9.6578'}, 'timezone': {'offset': '+6:00', 'description': 'Almaty, Dhaka, Colombo'}}, 'email': 'dominic.grewal@example.com', 'login': {'uuid': '46c8007d-47a2-4132-ae04-b9d0087945e7', 'username': 'angryfrog720', 'password': 'tommyboy', 'salt': 'pCPjhpjj', 'md5': 'f02565b718cb0f051fabec4dd156f355', 'sha1': '39c61ca96952775146f006d1094e470a5900d309', 'sha256': '44bbbdaf60789c1bc5fe0b8865d94ed4673407973e659ace8380865704e902b7'}, 'dob': {'date': '1979-10-08T02:54:40.802Z', 'age': 44}, 'registered': {'date': '2019-01-09T19:19:52.159Z', 'age': 5}, 'phone': 'A54 P33-9499', 'cell': 'S67 U21-0621', 'id': {'name': 'SIN', 'value': '101876753'}, 'picture': {'large': 'https://randomuser.me/api/portraits/men/3.jpg', 'medium': 'https://randomuser.me/api/portraits/med/men/3.jpg', 'thumbnail': 'https://randomuser.me/api/portraits/thumb/men/3.jpg'}, 'nat': 'CA'}</msg>
<arg>${json_data['results'][0]}</arg>
<doc>Logs the given message with the given level.</doc>
<status status="PASS" start="2024-07-03T22:14:38.299283" elapsed="0.000388"/>
</kw>
<kw name="Log" owner="BuiltIn">
<msg time="2024-07-03T22:14:38.300085" level="INFO">email</msg>
<arg>${key}</arg>
<doc>Logs the given message with the given level.</doc>
<status status="PASS" start="2024-07-03T22:14:38.299959" elapsed="0.000198"/>
</kw>
<var name="${key}">email</var>
<status status="PASS" start="2024-07-03T22:14:38.298625" elapsed="0.001759"/>
</iter>
<iter>
<kw name="Dictionary Should Contain Key" owner="Collections">
<arg>${json_data['results'][0]}</arg>
<arg>${key}</arg>
<doc>Fails if ``key`` is not found from ``dictionary``.</doc>
<status status="PASS" start="2024-07-03T22:14:38.300660" elapsed="0.000388"/>
</kw>
<kw name="Log" owner="BuiltIn">
<msg time="2024-07-03T22:14:38.301579" level="INFO">{'gender': 'male', 'name': {'title': 'Mr', 'first': 'Dominic', 'last': 'Grewal'}, 'location': {'street': {'number': 5201, 'name': '20th Ave'}, 'city': 'Alma', 'state': 'Northwest Territories', 'country': 'Canada', 'postcode': 'X1R 8K9', 'coordinates': {'latitude': '-65.4940', 'longitude': '-9.6578'}, 'timezone': {'offset': '+6:00', 'description': 'Almaty, Dhaka, Colombo'}}, 'email': 'dominic.grewal@example.com', 'login': {'uuid': '46c8007d-47a2-4132-ae04-b9d0087945e7', 'username': 'angryfrog720', 'password': 'tommyboy', 'salt': 'pCPjhpjj', 'md5': 'f02565b718cb0f051fabec4dd156f355', 'sha1': '39c61ca96952775146f006d1094e470a5900d309', 'sha256': '44bbbdaf60789c1bc5fe0b8865d94ed4673407973e659ace8380865704e902b7'}, 'dob': {'date': '1979-10-08T02:54:40.802Z', 'age': 44}, 'registered': {'date': '2019-01-09T19:19:52.159Z', 'age': 5}, 'phone': 'A54 P33-9499', 'cell': 'S67 U21-0621', 'id': {'name': 'SIN', 'value': '101876753'}, 'picture': {'large': 'https://randomuser.me/api/portraits/men/3.jpg', 'medium': 'https://randomuser.me/api/portraits/med/men/3.jpg', 'thumbnail': 'https://randomuser.me/api/portraits/thumb/men/3.jpg'}, 'nat': 'CA'}</msg>
<arg>${json_data['results'][0]}</arg>
<doc>Logs the given message with the given level.</doc>
<status status="PASS" start="2024-07-03T22:14:38.301225" elapsed="0.000401"/>
</kw>
<kw name="Log" owner="BuiltIn">
<msg time="2024-07-03T22:14:38.302040" level="INFO">login</msg>
<arg>${key}</arg>
<doc>Logs the given message with the given level.</doc>
<status status="PASS" start="2024-07-03T22:14:38.301915" elapsed="0.000163"/>
</kw>
<var name="${key}">login</var>
<status status="PASS" start="2024-07-03T22:14:38.300553" elapsed="0.001755"/>
</iter>
<var>${key}</var>
<value>@{expected_keys}</value>
<status status="PASS" start="2024-07-03T22:14:38.292591" elapsed="0.009837"/>
</for>
<kw name="Create List" owner="BuiltIn">
<msg time="2024-07-03T22:14:38.302747" level="INFO">${expected_keysTwo} = ['username', 'password']</msg>
<var>${expected_keysTwo}</var>
<arg>username</arg>
<arg>password</arg>
<doc>Returns a list containing given items.</doc>
<status status="PASS" start="2024-07-03T22:14:38.302614" elapsed="0.000157"/>
</kw>
<for flavor="IN">
<iter>
<kw name="Dictionary Should Contain Key" owner="Collections">
<arg>${json_data['results'][0]['login']}</arg>
<arg>${keyTwo}</arg>
<doc>Fails if ``key`` is not found from ``dictionary``.</doc>
<status status="PASS" start="2024-07-03T22:14:38.303290" elapsed="0.000376"/>
</kw>
<kw name="Dictionary Should Contain Key" owner="Collections">
<arg>${json_data['results'][0]['login']}</arg>
<arg>${keyTwo}</arg>
<doc>Fails if ``key`` is not found from ``dictionary``.</doc>
<status status="PASS" start="2024-07-03T22:14:38.303845" elapsed="0.000410"/>
</kw>
<kw name="Log" owner="BuiltIn">
<msg time="2024-07-03T22:14:38.304563" level="INFO">username</msg>
<arg>${keyTwo}</arg>
<doc>Logs the given message with the given level.</doc>
<status status="PASS" start="2024-07-03T22:14:38.304438" elapsed="0.000163"/>
</kw>
<var name="${keyTwo}">username</var>
<status status="PASS" start="2024-07-03T22:14:38.303183" elapsed="0.001634"/>
</iter>
<iter>
<kw name="Dictionary Should Contain Key" owner="Collections">
<arg>${json_data['results'][0]['login']}</arg>
<arg>${keyTwo}</arg>
<doc>Fails if ``key`` is not found from ``dictionary``.</doc>
<status status="PASS" start="2024-07-03T22:14:38.305102" elapsed="0.000376"/>
</kw>
<kw name="Dictionary Should Contain Key" owner="Collections">
<arg>${json_data['results'][0]['login']}</arg>
<arg>${keyTwo}</arg>
<doc>Fails if ``key`` is not found from ``dictionary``.</doc>
<status status="PASS" start="2024-07-03T22:14:38.305654" elapsed="0.000362"/>
</kw>
<kw name="Log" owner="BuiltIn">
<msg time="2024-07-03T22:14:38.306304" level="INFO">password</msg>
<arg>${keyTwo}</arg>
<doc>Logs the given message with the given level.</doc>
<status status="PASS" start="2024-07-03T22:14:38.306187" elapsed="0.000160"/>
</kw>
<var name="${keyTwo}">password</var>
<status status="PASS" start="2024-07-03T22:14:38.304997" elapsed="0.001566"/>
</iter>
<var>${keyTwo}</var>
<value>@{expected_keysTwo}</value>
<status status="PASS" start="2024-07-03T22:14:38.303032" elapsed="0.003650"/>
</for>
<status status="PASS" start="2024-07-03T22:14:38.198724" elapsed="0.108094"/>
</kw>
<doc>Testa a estrutura da resposta da API.</doc>
<tag>testeEstruturaResposta</tag>
<status status="PASS" start="2024-07-03T22:14:38.198218" elapsed="0.108745"/>
</test>
<test id="s1-s1-t4" name="Validar tipos de dados" line="28">
<kw name="Teste de Tipos de Dados" owner="random-user-service">
<kw name="GET On Session" owner="RequestsLibrary">
<msg time="2024-07-03T22:14:38.409632" level="INFO">GET Request : url=https://randomuser.me/api 
 path_url=/api 
 headers={'User-Agent': 'python-requests/2.32.3', 'Accept-Encoding': 'gzip, deflate', 'Accept': '*/*', 'Connection': 'keep-alive'} 
 body=None 
 </msg>
<msg time="2024-07-03T22:14:38.409696" level="INFO">GET Response : url=https://randomuser.me/api 
 status=200, reason=OK 
 headers={'Date': 'Wed, 03 Jul 2024 22:14:38 GMT', 'Content-Type': 'application/json; charset=utf-8', 'Transfer-Encoding': 'chunked', 'Connection': 'keep-alive', 'X-Powered-By': 'Express', 'Access-Control-Allow-Origin': '*', 'Cache-Control': 'no-cache', 'ETag': 'W/"494-4rQwLrern1k3X416fSz2siaSpWA"', 'Vary': 'Accept-Encoding', 'Content-Encoding': 'gzip', 'CF-Cache-Status': 'DYNAMIC', 'Report-To': '{"endpoints":[{"url":"https:\\/\\/a.nel.cloudflare.com\\/report\\/v4?s=eWDf8HD%2BfB8C1jzKXmc9dpfvqBpnoJrTuT%2BBl3bErbVC2k84bHh8PKzJ7zwltOWkWDryAaO%2Bo0QN2bUpUydXIZ1nlcDleoJVe7O9B9Y%2FMPM3lWbf6EEWDqnIROCJuaRM"}],"group":"cf-nel","max_age":604800}', 'NEL': '{"success_fraction":0,"report_to":"cf-nel","max_age":604800}', 'Server': 'cloudflare', 'CF-RAY': '89da3ac97b2f156b-SJC', 'alt-svc': 'h3=":443"; ma=86400'} 
 body={"results":[{"gender":"female","name":{"title":"Mrs","first":"Megan","last":"Campbell"},"location":{"street":{"number":9642,"name":"Duke St"},"city":"Delta","state":"New Brunswick","country":"Canada","postcode":"B0M 3A6","coordinates":{"latitude":"-67.6929","longitude":"4.6245"},"timezone":{"offset":"+10:00","description":"Eastern Australia, Guam, Vladivostok"}},"email":"megan.campbell@example.com","login":{"uuid":"c25ff643-cb10-4c89-adcd-8bec58b09e22","username":"tinylion728","password":"sausages","salt":"RedWILOY","md5":"fe4f54a44076f8f91954c799fea151a8","sha1":"ed44e0dc72d5e3c0b3913748045ff1be1b50e198","sha256":"6304a03f0f0d6df9c80be7eb37b692f76420c66cfb275b829de00ef6656d3490"},"dob":{"date":"1996-10-27T17:29:49.650Z","age":27},"registered":{"date":"2017-11-14T15:02:46.021Z","age":6},"phone":"N70 P91-1850","cell":"P55 M70-0539","id":{"name":"SIN","value":"088726252"},"picture":{"large":"https://randomuser.me/api/portraits/women/30.jpg","medium":"https://randomuser.me/api/portraits/med/women/30.jpg","thumbnail":"https://randomuser.me/api/portraits/thumb/women/30.jpg"},"nat":"CA"}],"info":{"seed":"0b257ed1d990aceb","results":1,"page":1,"version":"1.4"}} 
 </msg>
<msg time="2024-07-03T22:14:38.409752" level="INFO">/opt/hostedtoolcache/Python/3.12.4/x64/lib/python3.12/site-packages/urllib3/connectionpool.py:1099: InsecureRequestWarning: Unverified HTTPS request is being made to host 'randomuser.me'. Adding certificate verification is strongly advised. See: https://urllib3.readthedocs.io/en/latest/advanced-usage.html#tls-warnings
  warnings.warn(</msg>
<msg time="2024-07-03T22:14:38.409837" level="INFO">${response} = &lt;Response [200]&gt;</msg>
<var>${response}</var>
<arg>consultarAPI</arg>
<arg>/api</arg>
<doc>Sends a GET request on a previously created HTTP Session.</doc>
<status status="PASS" start="2024-07-03T22:14:38.309474" elapsed="0.100389"/>
</kw>
<kw name="Set Variable" owner="BuiltIn">
<msg time="2024-07-03T22:14:38.410751" level="INFO">${json_data} = {'results': [{'gender': 'female', 'name': {'title': 'Mrs', 'first': 'Megan', 'last': 'Campbell'}, 'location': {'street': {'number': 9642, 'name': 'Duke St'}, 'city': 'Delta', 'state': 'New Brunswick',...</msg>
<var>${json_data}</var>
<arg>${response.json()}</arg>
<doc>Returns the given values which can then be assigned to a variables.</doc>
<status status="PASS" start="2024-07-03T22:14:38.410305" elapsed="0.000480"/>
</kw>
<kw name="Log" owner="BuiltIn">
<msg time="2024-07-03T22:14:38.411245" level="INFO">{'results': [{'gender': 'female', 'name': {'title': 'Mrs', 'first': 'Megan', 'last': 'Campbell'}, 'location': {'street': {'number': 9642, 'name': 'Duke St'}, 'city': 'Delta', 'state': 'New Brunswick', 'country': 'Canada', 'postcode': 'B0M 3A6', 'coordinates': {'latitude': '-67.6929', 'longitude': '4.6245'}, 'timezone': {'offset': '+10:00', 'description': 'Eastern Australia, Guam, Vladivostok'}}, 'email': 'megan.campbell@example.com', 'login': {'uuid': 'c25ff643-cb10-4c89-adcd-8bec58b09e22', 'username': 'tinylion728', 'password': 'sausages', 'salt': 'RedWILOY', 'md5': 'fe4f54a44076f8f91954c799fea151a8', 'sha1': 'ed44e0dc72d5e3c0b3913748045ff1be1b50e198', 'sha256': '6304a03f0f0d6df9c80be7eb37b692f76420c66cfb275b829de00ef6656d3490'}, 'dob': {'date': '1996-10-27T17:29:49.650Z', 'age': 27}, 'registered': {'date': '2017-11-14T15:02:46.021Z', 'age': 6}, 'phone': 'N70 P91-1850', 'cell': 'P55 M70-0539', 'id': {'name': 'SIN', 'value': '088726252'}, 'picture': {'large': 'https://randomuser.me/api/portraits/women/30.jpg', 'medium': 'https://randomuser.me/api/portraits/med/women/30.jpg', 'thumbnail': 'https://randomuser.me/api/portraits/thumb/women/30.jpg'}, 'nat': 'CA'}], 'info': {'seed': '0b257ed1d990aceb', 'results': 1, 'page': 1, 'version': '1.4'}}</msg>
<arg>${json_data}</arg>
<doc>Logs the given message with the given level.</doc>
<status status="PASS" start="2024-07-03T22:14:38.411089" elapsed="0.000203"/>
</kw>
<kw name="Should Be String" owner="String">
<arg>${json_data['results'][0]['gender']}</arg>
<doc>Fails if the given ``item`` is not a string.</doc>
<status status="PASS" start="2024-07-03T22:14:38.411577" elapsed="0.000351"/>
</kw>
<kw name="Should Match Regexp" owner="BuiltIn">
<arg>${json_data['results'][0]['email']}</arg>
<arg>^[a-zA-Z0-9._%+-]+@[a-zA-Z0-9.-]+\.[a-zA-Z]{2,}$</arg>
<doc>Fails if ``string`` does not match ``pattern`` as a regular expression.</doc>
<status status="PASS" start="2024-07-03T22:14:38.412156" elapsed="0.000536"/>
</kw>
<kw name="Should Match Regexp" owner="BuiltIn">
<arg>${json_data['results'][0]['dob']['date']}</arg>
<arg>\\d{4}-\\d{2}-\\d{2}T\\d{2}:\\d{2}:\\d{2}\\.\\d{3}Z</arg>
<doc>Fails if ``string`` does not match ``pattern`` as a regular expression.</doc>
<status status="PASS" start="2024-07-03T22:14:38.412919" elapsed="0.000493"/>
</kw>
<kw name="Should Match Regexp" owner="BuiltIn">
<arg>${json_data['results'][0]['registered']['date']}</arg>
<arg>\\d{4}-\\d{2}-\\d{2}T\\d{2}:\\d{2}:\\d{2}\\.\\d{3}Z</arg>
<doc>Fails if ``string`` does not match ``pattern`` as a regular expression.</doc>
<status status="PASS" start="2024-07-03T22:14:38.413604" elapsed="0.000366"/>
</kw>
<kw name="Should Match Regexp" owner="BuiltIn">
<arg>${json_data['results'][0]['picture']['large']}</arg>
<arg>^https?://.*\.(?:png|jpe?g|gif|bmp)$</arg>
<doc>Fails if ``string`` does not match ``pattern`` as a regular expression.</doc>
<status status="PASS" start="2024-07-03T22:14:38.414154" elapsed="0.000463"/>
</kw>
<kw name="Should Match Regexp" owner="BuiltIn">
<arg>${json_data['results'][0]['picture']['medium']}</arg>
<arg>^https?://.*\.(?:png|jpe?g|gif|bmp)$</arg>
<doc>Fails if ``string`` does not match ``pattern`` as a regular expression.</doc>
<status status="PASS" start="2024-07-03T22:14:38.414804" elapsed="0.000351"/>
</kw>
<kw name="Should Match Regexp" owner="BuiltIn">
<arg>${json_data['results'][0]['picture']['thumbnail']}</arg>
<arg>^https?://.*\.(?:png|jpe?g|gif|bmp)$</arg>
<doc>Fails if ``string`` does not match ``pattern`` as a regular expression.</doc>
<status status="PASS" start="2024-07-03T22:14:38.415340" elapsed="0.000360"/>
</kw>
<kw name="Log" owner="BuiltIn">
<msg time="2024-07-03T22:14:38.416248" level="INFO">{'large': 'https://randomuser.me/api/portraits/women/30.jpg', 'medium': 'https://randomuser.me/api/portraits/med/women/30.jpg', 'thumbnail': 'https://randomuser.me/api/portraits/thumb/women/30.jpg'}</msg>
<arg>${json_data['results'][0]['picture']}</arg>
<doc>Logs the given message with the given level.</doc>
<status status="PASS" start="2024-07-03T22:14:38.415887" elapsed="0.000405"/>
</kw>
<status status="PASS" start="2024-07-03T22:14:38.309252" elapsed="0.107293"/>
</kw>
<kw name="Teste de Tipos de Dados - Postcode" owner="random-user-service">
<kw name="GET On Session" owner="RequestsLibrary">
<msg time="2024-07-03T22:14:38.505675" level="INFO">GET Request : url=https://randomuser.me/api 
 path_url=/api 
 headers={'User-Agent': 'python-requests/2.32.3', 'Accept-Encoding': 'gzip, deflate', 'Accept': '*/*', 'Connection': 'keep-alive'} 
 body=None 
 </msg>
<msg time="2024-07-03T22:14:38.505743" level="INFO">GET Response : url=https://randomuser.me/api 
 status=200, reason=OK 
 headers={'Date': 'Wed, 03 Jul 2024 22:14:38 GMT', 'Content-Type': 'application/json; charset=utf-8', 'Transfer-Encoding': 'chunked', 'Connection': 'keep-alive', 'X-Powered-By': 'Express', 'Access-Control-Allow-Origin': '*', 'Cache-Control': 'no-cache', 'ETag': 'W/"493-w9RC6Yur0zEKJoTq9fHUWLYCQkU"', 'Vary': 'Accept-Encoding', 'Content-Encoding': 'gzip', 'CF-Cache-Status': 'DYNAMIC', 'Report-To': '{"endpoints":[{"url":"https:\\/\\/a.nel.cloudflare.com\\/report\\/v4?s=XoOBJJ3zBI57JXcChvySudMWSZneM6fYBEYzQ9je6u5LseF3x6xOc86w1YbsAkNOoJmEJqVNiPP6xVEkaeTsFwSf7gLdW0UtQDvCtMxTygf2FZSvtqRtoETroxfmsmvW"}],"group":"cf-nel","max_age":604800}', 'NEL': '{"success_fraction":0,"report_to":"cf-nel","max_age":604800}', 'Server': 'cloudflare', 'CF-RAY': '89da3aca2bae156b-SJC', 'alt-svc': 'h3=":443"; ma=86400'} 
 body={"results":[{"gender":"female","name":{"title":"Ms","first":"Beatrisa","last":"Poloviy"},"location":{"street":{"number":8700,"name":"Snovska"},"city":"Mala Viska","state":"Ternopilska","country":"Ukraine","postcode":23664,"coordinates":{"latitude":"73.5483","longitude":"47.0035"},"timezone":{"offset":"+1:00","description":"Brussels, Copenhagen, Madrid, Paris"}},"email":"beatrisa.poloviy@example.com","login":{"uuid":"1bf7dd8c-28ac-4ee9-b614-7d29e4b68a8d","username":"crazyladybug836","password":"absolut","salt":"HPV45KEy","md5":"8159cc04597913dea03aa060692bdfae","sha1":"b584d0535276434c196a111e651f682b8b7cb7a6","sha256":"d22c456d8e5a47512073e7d06f39cd32fd7e0e55d07e9adb62d1014a5290ee54"},"dob":{"date":"1952-08-07T03:09:49.101Z","age":71},"registered":{"date":"2013-08-04T21:40:41.043Z","age":10},"phone":"(067) T45-6588","cell":"(067) O01-5235","id":{"name":"","value":null},"picture":{"large":"https://randomuser.me/api/portraits/women/88.jpg","medium":"https://randomuser.me/api/portraits/med/women/88.jpg","thumbnail":"https://randomuser.me/api/portraits/thumb/women/88.jpg"},"nat":"UA"}],"info":{"seed":"c3cbf5f357bb2dec","results":1,"page":1,"version":"1.4"}} 
 </msg>
<msg time="2024-07-03T22:14:38.505801" level="INFO">/opt/hostedtoolcache/Python/3.12.4/x64/lib/python3.12/site-packages/urllib3/connectionpool.py:1099: InsecureRequestWarning: Unverified HTTPS request is being made to host 'randomuser.me'. Adding certificate verification is strongly advised. See: https://urllib3.readthedocs.io/en/latest/advanced-usage.html#tls-warnings
  warnings.warn(</msg>
<msg time="2024-07-03T22:14:38.505898" level="INFO">${response} = &lt;Response [200]&gt;</msg>
<var>${response}</var>
<arg>consultarAPI</arg>
<arg>/api</arg>
<doc>Sends a GET request on a previously created HTTP Session.</doc>
<status status="PASS" start="2024-07-03T22:14:38.416970" elapsed="0.088968"/>
</kw>
<kw name="Set Variable" owner="BuiltIn">
<msg time="2024-07-03T22:14:38.507075" level="INFO">${json_data} = {'results': [{'gender': 'female', 'name': {'title': 'Ms', 'first': 'Beatrisa', 'last': 'Poloviy'}, 'location': {'street': {'number': 8700, 'name': 'Snovska'}, 'city': 'Mala Viska', 'state': 'Ternopils...</msg>
<var>${json_data}</var>
<arg>${response.json()}</arg>
<doc>Returns the given values which can then be assigned to a variables.</doc>
<status status="PASS" start="2024-07-03T22:14:38.506551" elapsed="0.000553"/>
</kw>
<kw name="Log" owner="BuiltIn">
<msg time="2024-07-03T22:14:38.507561" level="INFO">{'results': [{'gender': 'female', 'name': {'title': 'Ms', 'first': 'Beatrisa', 'last': 'Poloviy'}, 'location': {'street': {'number': 8700, 'name': 'Snovska'}, 'city': 'Mala Viska', 'state': 'Ternopilska', 'country': 'Ukraine', 'postcode': 23664, 'coordinates': {'latitude': '73.5483', 'longitude': '47.0035'}, 'timezone': {'offset': '+1:00', 'description': 'Brussels, Copenhagen, Madrid, Paris'}}, 'email': 'beatrisa.poloviy@example.com', 'login': {'uuid': '1bf7dd8c-28ac-4ee9-b614-7d29e4b68a8d', 'username': 'crazyladybug836', 'password': 'absolut', 'salt': 'HPV45KEy', 'md5': '8159cc04597913dea03aa060692bdfae', 'sha1': 'b584d0535276434c196a111e651f682b8b7cb7a6', 'sha256': 'd22c456d8e5a47512073e7d06f39cd32fd7e0e55d07e9adb62d1014a5290ee54'}, 'dob': {'date': '1952-08-07T03:09:49.101Z', 'age': 71}, 'registered': {'date': '2013-08-04T21:40:41.043Z', 'age': 10}, 'phone': '(067) T45-6588', 'cell': '(067) O01-5235', 'id': {'name': '', 'value': None}, 'picture': {'large': 'https://randomuser.me/api/portraits/women/88.jpg', 'medium': 'https://randomuser.me/api/portraits/med/women/88.jpg', 'thumbnail': 'https://randomuser.me/api/portraits/thumb/women/88.jpg'}, 'nat': 'UA'}], 'info': {'seed': 'c3cbf5f357bb2dec', 'results': 1, 'page': 1, 'version': '1.4'}}</msg>
<arg>${json_data}</arg>
<doc>Logs the given message with the given level.</doc>
<status status="PASS" start="2024-07-03T22:14:38.507408" elapsed="0.000199"/>
</kw>
<kw name="Should Be Equal As Numbers" owner="BuiltIn">
<arg>${json_data['results'][0]['location']['postcode']}</arg>
<arg>${json_data['results'][0]['location']['postcode']}</arg>
<doc>Fails if objects are unequal after converting them to real numbers.</doc>
<status status="PASS" start="2024-07-03T22:14:38.507900" elapsed="0.000667"/>
</kw>
<kw name="Log" owner="BuiltIn">
<msg time="2024-07-03T22:14:38.509096" level="INFO">23664</msg>
<arg>${json_data['results'][0]['location']['postcode']}</arg>
<doc>Logs the given message with the given level.</doc>
<status status="PASS" start="2024-07-03T22:14:38.508756" elapsed="0.000381"/>
</kw>
<status status="PASS" start="2024-07-03T22:14:38.416753" elapsed="0.092663"/>
</kw>
<doc>Testa se os tipos de dados na resposta da API estão corretos.</doc>
<tag>testeTiposDados</tag>
<status status="PASS" start="2024-07-03T22:14:38.308740" elapsed="0.200840"/>
</test>
<test id="s1-s1-t5" name="Validar conteudo" line="35">
<kw name="Teste de Tipos de Conteudo" owner="random-user-service">
<kw name="GET On Session" owner="RequestsLibrary">
<msg time="2024-07-03T22:14:38.610137" level="INFO">GET Request : url=https://randomuser.me/api 
 path_url=/api 
 headers={'User-Agent': 'python-requests/2.32.3', 'Accept-Encoding': 'gzip, deflate', 'Accept': '*/*', 'Connection': 'keep-alive'} 
 body=None 
 </msg>
<msg time="2024-07-03T22:14:38.610201" level="INFO">GET Response : url=https://randomuser.me/api 
 status=200, reason=OK 
 headers={'Date': 'Wed, 03 Jul 2024 22:14:38 GMT', 'Content-Type': 'application/json; charset=utf-8', 'Transfer-Encoding': 'chunked', 'Connection': 'keep-alive', 'X-Powered-By': 'Express', 'Access-Control-Allow-Origin': '*', 'Cache-Control': 'no-cache', 'ETag': 'W/"486-sU/8dIsc4wyIOzS7vvYdJ4ZbG1k"', 'Vary': 'Accept-Encoding', 'Content-Encoding': 'gzip', 'CF-Cache-Status': 'DYNAMIC', 'Report-To': '{"endpoints":[{"url":"https:\\/\\/a.nel.cloudflare.com\\/report\\/v4?s=Eh%2BrVFv42%2Bl%2FfiycKcVlplnljPe48S32El2cnf8ljhAPB2DIiqXM6KAZClOUVWfpmTvdIFDSdBX7tqlbFfJwSRt8aob53zzC3UWJ6SJvdBbeeAwWfb0J6zRhRyNizRo5"}],"group":"cf-nel","max_age":604800}', 'NEL': '{"success_fraction":0,"report_to":"cf-nel","max_age":604800}', 'Server': 'cloudflare', 'CF-RAY': '89da3acabc21156b-SJC', 'alt-svc': 'h3=":443"; ma=86400'} 
 body={"results":[{"gender":"male","name":{"title":"Mr","first":"Ludvik","last":"Riis"},"location":{"street":{"number":4705,"name":"Fredveien"},"city":"Kyrksæterøra","state":"Aust-Agder","country":"Norway","postcode":"6120","coordinates":{"latitude":"39.0111","longitude":"-165.9444"},"timezone":{"offset":"-7:00","description":"Mountain Time (US &amp; Canada)"}},"email":"ludvik.riis@example.com","login":{"uuid":"8a273615-087f-45b7-9401-6e8990e14a4e","username":"beautifulbutterfly476","password":"dolphins","salt":"aHC0vSEJ","md5":"0a25d60aaee2aecb772ca9817bee90ca","sha1":"33c683d579b6c5329b07b9a14ddbee41df39574e","sha256":"d84a6386286238fbd8757d144f0dfa30182b2e07e776184d89a469bb4526f621"},"dob":{"date":"1995-11-09T20:00:21.790Z","age":28},"registered":{"date":"2012-12-16T07:06:30.056Z","age":11},"phone":"60803629","cell":"42723906","id":{"name":"FN","value":"09119540574"},"picture":{"large":"https://randomuser.me/api/portraits/men/58.jpg","medium":"https://randomuser.me/api/portraits/med/men/58.jpg","thumbnail":"https://randomuser.me/api/portraits/thumb/men/58.jpg"},"nat":"NO"}],"info":{"seed":"0cbb53e9c1b93efa","results":1,"page":1,"version":"1.4"}} 
 </msg>
<msg time="2024-07-03T22:14:38.610272" level="INFO">/opt/hostedtoolcache/Python/3.12.4/x64/lib/python3.12/site-packages/urllib3/connectionpool.py:1099: InsecureRequestWarning: Unverified HTTPS request is being made to host 'randomuser.me'. Adding certificate verification is strongly advised. See: https://urllib3.readthedocs.io/en/latest/advanced-usage.html#tls-warnings
  warnings.warn(</msg>
<msg time="2024-07-03T22:14:38.610374" level="INFO">${response} = &lt;Response [200]&gt;</msg>
<var>${response}</var>
<arg>consultarAPI</arg>
<arg>/api</arg>
<doc>Sends a GET request on a previously created HTTP Session.</doc>
<status status="PASS" start="2024-07-03T22:14:38.512147" elapsed="0.098266"/>
</kw>
<kw name="Set Variable" owner="BuiltIn">
<msg time="2024-07-03T22:14:38.611415" level="INFO">${json_data} = {'results': [{'gender': 'male', 'name': {'title': 'Mr', 'first': 'Ludvik', 'last': 'Riis'}, 'location': {'street': {'number': 4705, 'name': 'Fredveien'}, 'city': 'Kyrksæterøra', 'state': 'Aust-Agder',...</msg>
<var>${json_data}</var>
<arg>${response.json()}</arg>
<doc>Returns the given values which can then be assigned to a variables.</doc>
<status status="PASS" start="2024-07-03T22:14:38.610848" elapsed="0.000597"/>
</kw>
<kw name="Set Variable" owner="BuiltIn">
<msg time="2024-07-03T22:14:38.612176" level="INFO">${name_title} = Mr</msg>
<var>${name_title}</var>
<arg>${json_data["results"][0]["name"]["title"]}</arg>
<doc>Returns the given values which can then be assigned to a variables.</doc>
<status status="PASS" start="2024-07-03T22:14:38.611749" elapsed="0.000455"/>
</kw>
<kw name="Create List" owner="BuiltIn">
<msg time="2024-07-03T22:14:38.612658" level="INFO">${allowed_titles} = ['Mr', 'Ms', 'Miss', 'Mrs', 'Madame', 'Monsieur']</msg>
<var>${allowed_titles}</var>
<arg>Mr</arg>
<arg>Ms</arg>
<arg>Miss</arg>
<arg>Mrs</arg>
<arg>Madame</arg>
<arg>Monsieur</arg>
<doc>Returns a list containing given items.</doc>
<status status="PASS" start="2024-07-03T22:14:38.612507" elapsed="0.000176"/>
</kw>
<kw name="List Should Contain Value" owner="Collections">
<arg>${allowed_titles}</arg>
<arg>${name_title}</arg>
<doc>Fails if the ``value`` is not found from ``list``.</doc>
<status status="PASS" start="2024-07-03T22:14:38.612978" elapsed="0.000175"/>
</kw>
<kw name="Set Variable" owner="BuiltIn">
<msg time="2024-07-03T22:14:38.613701" level="INFO">${name_country} = NO</msg>
<var>${name_country}</var>
<arg>${json_data["results"][0]["nat"]}</arg>
<doc>Returns the given values which can then be assigned to a variables.</doc>
<status status="PASS" start="2024-07-03T22:14:38.613329" elapsed="0.000398"/>
</kw>
<kw name="Create List" owner="BuiltIn">
<msg time="2024-07-03T22:14:38.614607" level="INFO">${list_country} = ['AD', 'AE', 'AF', 'AG', 'AI', 'AL', 'AM', 'AO', 'AQ', 'AR', 'AS', 'AT', 'AU', 'AW', 'AX', 'AZ', 'BA', 'BB', 'BD', 'BE', 'BF', 'BG', 'BH', 'BI', 'BJ', 'BL', 'BM', 'BN', 'BO', 'BQ', 'BR', 'BS', 'BT', '...</msg>
<var>${list_country}</var>
<arg>AD</arg>
<arg>AE</arg>
<arg>AF</arg>
<arg>AG</arg>
<arg>AI</arg>
<arg>AL</arg>
<arg>AM</arg>
<arg>AO</arg>
<arg>AQ</arg>
<arg>AR</arg>
<arg>AS</arg>
<arg>AT</arg>
<arg>AU</arg>
<arg>AW</arg>
<arg>AX</arg>
<arg>AZ</arg>
<arg>BA</arg>
<arg>BB</arg>
<arg>BD</arg>
<arg>BE</arg>
<arg>BF</arg>
<arg>BG</arg>
<arg>BH</arg>
<arg>BI</arg>
<arg>BJ</arg>
<arg>BL</arg>
<arg>BM</arg>
<arg>BN</arg>
<arg>BO</arg>
<arg>BQ</arg>
<arg>BR</arg>
<arg>BS</arg>
<arg>BT</arg>
<arg>BV</arg>
<arg>BW</arg>
<arg>BY</arg>
<arg>BZ</arg>
<arg>CA</arg>
<arg>CC</arg>
<arg>CD</arg>
<arg>CF</arg>
<arg>CG</arg>
<arg>CH</arg>
<arg>CI</arg>
<arg>CK</arg>
<arg>CL</arg>
<arg>CM</arg>
<arg>CN</arg>
<arg>CO</arg>
<arg>CR</arg>
<arg>CU</arg>
<arg>CV</arg>
<arg>CW</arg>
<arg>CX</arg>
<arg>CY</arg>
<arg>CZ</arg>
<arg>DE</arg>
<arg>DJ</arg>
<arg>DK</arg>
<arg>DM</arg>
<arg>DO</arg>
<arg>DZ</arg>
<arg>EC</arg>
<arg>EE</arg>
<arg>EG</arg>
<arg>EH</arg>
<arg>ER</arg>
<arg>ES</arg>
<arg>ET</arg>
<arg>FI</arg>
<arg>FJ</arg>
<arg>FK</arg>
<arg>FM</arg>
<arg>FO</arg>
<arg>FR</arg>
<arg>GA</arg>
<arg>GB</arg>
<arg>GD</arg>
<arg>GE</arg>
<arg>GF</arg>
<arg>GG</arg>
<arg>GH</arg>
<arg>GI</arg>
<arg>GL</arg>
<arg>GM</arg>
<arg>GN</arg>
<arg>GP</arg>
<arg>GQ</arg>
<arg>GR</arg>
<arg>GS</arg>
<arg>GT</arg>
<arg>GU</arg>
<arg>GW</arg>
<arg>GY</arg>
<arg>HK</arg>
<arg>HM</arg>
<arg>HN</arg>
<arg>HR</arg>
<arg>HT</arg>
<arg>HU</arg>
<arg>ID</arg>
<arg>IE</arg>
<arg>IL</arg>
<arg>IM</arg>
<arg>IN</arg>
<arg>IO</arg>
<arg>IQ</arg>
<arg>IR</arg>
<arg>IS</arg>
<arg>IT</arg>
<arg>JE</arg>
<arg>JM</arg>
<arg>JO</arg>
<arg>JP</arg>
<arg>KE</arg>
<arg>KG</arg>
<arg>KH</arg>
<arg>KI</arg>
<arg>KM</arg>
<arg>KN</arg>
<arg>KP</arg>
<arg>KR</arg>
<arg>KW</arg>
<arg>KY</arg>
<arg>KZ</arg>
<arg>LA</arg>
<arg>LB</arg>
<arg>LC</arg>
<arg>LI</arg>
<arg>LK</arg>
<arg>LR</arg>
<arg>LS</arg>
<arg>LT</arg>
<arg>LU</arg>
<arg>LV</arg>
<arg>LY</arg>
<arg>MA</arg>
<arg>MC</arg>
<arg>MD</arg>
<arg>ME</arg>
<arg>MF</arg>
<arg>MG</arg>
<arg>MH</arg>
<arg>MK</arg>
<arg>ML</arg>
<arg>MM</arg>
<arg>MN</arg>
<arg>MO</arg>
<arg>MP</arg>
<arg>MQ</arg>
<arg>MR</arg>
<arg>MS</arg>
<arg>MT</arg>
<arg>MU</arg>
<arg>MV</arg>
<arg>MW</arg>
<arg>MX</arg>
<arg>MY</arg>
<arg>MZ</arg>
<arg>NA</arg>
<arg>NC</arg>
<arg>NE</arg>
<arg>NF</arg>
<arg>NG</arg>
<arg>NI</arg>
<arg>NL</arg>
<arg>NO</arg>
<arg>NP</arg>
<arg>NR</arg>
<arg>NU</arg>
<arg>NZ</arg>
<arg>OM</arg>
<arg>PA</arg>
<arg>PE</arg>
<arg>PF</arg>
<arg>PG</arg>
<arg>PH</arg>
<arg>PK</arg>
<arg>PL</arg>
<arg>PM</arg>
<arg>PN</arg>
<arg>PR</arg>
<arg>PS</arg>
<arg>PT</arg>
<arg>PW</arg>
<arg>PY</arg>
<arg>QA</arg>
<arg>RE</arg>
<arg>RO</arg>
<arg>RS</arg>
<arg>RU</arg>
<arg>RW</arg>
<arg>SA</arg>
<arg>SB</arg>
<arg>SC</arg>
<arg>SD</arg>
<arg>SE</arg>
<arg>SG</arg>
<arg>SH</arg>
<arg>SI</arg>
<arg>SJ</arg>
<arg>SK</arg>
<arg>SL</arg>
<arg>SM</arg>
<arg>SN</arg>
<arg>SO</arg>
<arg>SR</arg>
<arg>SS</arg>
<arg>ST</arg>
<arg>SV</arg>
<arg>SX</arg>
<arg>SY</arg>
<arg>SZ</arg>
<arg>TC</arg>
<arg>TD</arg>
<arg>TF</arg>
<arg>TG</arg>
<arg>TH</arg>
<arg>TJ</arg>
<arg>TK</arg>
<arg>TL</arg>
<arg>TM</arg>
<arg>TN</arg>
<arg>TO</arg>
<arg>TR</arg>
<arg>TT</arg>
<arg>TV</arg>
<arg>TW</arg>
<arg>TZ</arg>
<arg>UA</arg>
<arg>UG</arg>
<arg>UM</arg>
<arg>US</arg>
<arg>UY</arg>
<arg>UZ</arg>
<arg>VA</arg>
<arg>VC</arg>
<arg>VE</arg>
<arg>VG</arg>
<arg>VI</arg>
<arg>VN</arg>
<arg>VU</arg>
<arg>WF</arg>
<arg>WS</arg>
<arg>XK</arg>
<arg>YE</arg>
<arg>YT</arg>
<arg>ZA</arg>
<arg>ZM</arg>
<arg>ZW</arg>
<doc>Returns a list containing given items.</doc>
<status status="PASS" start="2024-07-03T22:14:38.614020" elapsed="0.000613"/>
</kw>
<kw name="List Should Contain Value" owner="Collections">
<arg>${list_country}</arg>
<arg>${name_country}</arg>
<doc>Fails if the ``value`` is not found from ``list``.</doc>
<status status="PASS" start="2024-07-03T22:14:38.615414" elapsed="0.000204"/>
</kw>
<kw name="Run Keyword If" owner="BuiltIn">
<kw name="Should Be True" owner="BuiltIn">
<arg>${True}</arg>
<doc>Fails if the given condition is not true.</doc>
<status status="PASS" start="2024-07-03T22:14:38.616582" elapsed="0.000143"/>
</kw>
<arg>${json_data["results"][0]["location"]["coordinates"]["latitude"]} &gt;= -90 and ${json_data["results"][0]["location"]["coordinates"]["latitude"]} &lt;= 90</arg>
<arg>Should Be True</arg>
<arg>${True}</arg>
<doc>Runs the given keyword with the given arguments, if ``condition`` is true.</doc>
<status status="PASS" start="2024-07-03T22:14:38.615812" elapsed="0.001039"/>
</kw>
<kw name="Run Keyword If" owner="BuiltIn">
<kw name="Should Be True" owner="BuiltIn">
<arg>${True}</arg>
<doc>Fails if the given condition is not true.</doc>
<status status="PASS" start="2024-07-03T22:14:38.617718" elapsed="0.000138"/>
</kw>
<arg>${json_data["results"][0]["location"]["coordinates"]["longitude"]} &gt;= -180 and ${json_data["results"][0]["location"]["coordinates"]["longitude"]} &lt;= 180</arg>
<arg>Should Be True</arg>
<arg>${True}</arg>
<doc>Runs the given keyword with the given arguments, if ``condition`` is true.</doc>
<status status="PASS" start="2024-07-03T22:14:38.617032" elapsed="0.000945"/>
</kw>
<status status="PASS" start="2024-07-03T22:14:38.511753" elapsed="0.106354"/>
</kw>
<doc>Testa o conteúdo específico dos campos retornados pela API.</doc>
<tag>testeConteudo</tag>
<status status="PASS" start="2024-07-03T22:14:38.511321" elapsed="0.106929"/>
</test>
<status status="PASS" start="2024-07-03T22:14:37.732395" elapsed="0.887752"/>
</suite>
<status status="PASS" start="2024-07-03T22:14:37.718074" elapsed="0.907107"/>
</suite>
<statistics>
<total>
<stat pass="5" fail="0" skip="0">All Tests</stat>
</total>
<tag>
<stat pass="1" fail="0" skip="0">testeConteudo</stat>
<stat pass="1" fail="0" skip="0">testeEstruturaResposta</stat>
<stat pass="1" fail="0" skip="0">testeRequisicaoBasica</stat>
<stat pass="1" fail="0" skip="0">testeTiposDados</stat>
</tag>
<suite>
<stat pass="5" fail="0" skip="0" id="s1" name="Tests">Tests</stat>
<stat pass="5" fail="0" skip="0" id="s1-s1" name="Random-User-Test">Tests.Random-User-Test</stat>
</suite>
</statistics>
<errors>
</errors>
</robot>
