<?xml version="1.0" encoding="UTF-8"?>
<robot generator="Robot 7.0 (Python 3.12.3 on linux)" generated="2024-05-07T08:17:39.302301" rpa="false" schemaversion="5">
<suite id="s1" name="Tests" source="/home/runner/work/DesafioQAItauRogerioJordao/DesafioQAItauRogerioJordao/RamdonUser/tests">
<suite id="s1-s1" name="Random-User-Test" source="/home/runner/work/DesafioQAItauRogerioJordao/DesafioQAItauRogerioJordao/RamdonUser/tests/random-user-test.robot">
<test id="s1-s1-t1" name="Conectar" line="13">
<kw name="Conectar API" owner="random-user-service">
<kw name="Create Session" owner="RequestsLibrary">
<msg time="2024-05-07T08:17:39.665500" level="INFO">Creating Session using : alias=consultarAPI, url=https://randomuser.me/, headers={},                     cookies={}, auth=None, timeout=None, proxies=None, verify=False,                     debug=0 </msg>
<arg>consultarAPI</arg>
<arg>${URL}</arg>
<doc>Create Session: create a HTTP session to a server</doc>
<status status="PASS" start="2024-05-07T08:17:39.665299" elapsed="0.000381"/>
</kw>
<status status="PASS" start="2024-05-07T08:17:39.664254" elapsed="0.001784"/>
</kw>
<status status="PASS" start="2024-05-07T08:17:39.663658" elapsed="0.002572"/>
</test>
<test id="s1-s1-t2" name="Validar retorno 200 e JSON Válido" line="16">
<kw name="Teste de Requisicao Basica" owner="random-user-service">
<kw name="GET On Session" owner="RequestsLibrary">
<msg time="2024-05-07T08:17:39.736632" level="INFO">GET Request : url=https://randomuser.me/api 
 path_url=/api 
 headers={'User-Agent': 'python-requests/2.31.0', 'Accept-Encoding': 'gzip, deflate', 'Accept': '*/*', 'Connection': 'keep-alive'} 
 body=None 
 </msg>
<msg time="2024-05-07T08:17:39.736753" level="INFO">GET Response : url=https://randomuser.me/api 
 status=200, reason=OK 
 headers={'Date': 'Tue, 07 May 2024 08:17:39 GMT', 'Content-Type': 'application/json; charset=utf-8', 'Transfer-Encoding': 'chunked', 'Connection': 'keep-alive', 'X-Powered-By': 'Express', 'Access-Control-Allow-Origin': '*', 'Cache-Control': 'no-cache', 'ETag': 'W/"47a-Q1X2KcNb7eynUEdywzNSC1LADx4"', 'Vary': 'Accept-Encoding', 'Content-Encoding': 'gzip', 'CF-Cache-Status': 'DYNAMIC', 'Report-To': '{"endpoints":[{"url":"https:\\/\\/a.nel.cloudflare.com\\/report\\/v4?s=XU1sE4TECWDfwDhwYuJOG%2FdmwX8XgWRM9gFXCsYX6176tulVNilXvipY%2FYhe0L5XX8zg1LQRKKaH76V%2BiN%2BoBpKDZuVx1TK3YQZXjf8Jx9z24SNZvpAuw0%2FUFXlFPE7o"}],"group":"cf-nel","max_age":604800}', 'NEL': '{"success_fraction":0,"report_to":"cf-nel","max_age":604800}', 'Server': 'cloudflare', 'CF-RAY': '87ffc65f2f0b8197-IAD', 'alt-svc': 'h3=":443"; ma=86400'} 
 body={"results":[{"gender":"female","name":{"title":"Ms","first":"Kaitlin","last":"Campbell"},"location":{"street":{"number":1068,"name":"Highfield Road"},"city":"Balbriggan","state":"Wexford","country":"Ireland","postcode":77481,"coordinates":{"latitude":"3.4896","longitude":"174.4684"},"timezone":{"offset":"+4:30","description":"Kabul"}},"email":"kaitlin.campbell@example.com","login":{"uuid":"81ca150f-b83a-4720-80ca-4fd1eca66a2b","username":"purplefish980","password":"rubble","salt":"InNEibdb","md5":"aae939961484450fbf7f5fde5d3df820","sha1":"bd1d89aeeab51ef87d53dd5c8209aa6c8e879f60","sha256":"c3dc1dfad2909a0cc02518e35c7d4f261638a65cea4938ff673667078e709ca5"},"dob":{"date":"1990-10-28T18:53:17.723Z","age":33},"registered":{"date":"2003-07-11T18:43:21.136Z","age":20},"phone":"061-634-6173","cell":"081-673-6113","id":{"name":"PPS","value":"0607034T"},"picture":{"large":"https://randomuser.me/api/portraits/women/86.jpg","medium":"https://randomuser.me/api/portraits/med/women/86.jpg","thumbnail":"https://randomuser.me/api/portraits/thumb/women/86.jpg"},"nat":"IE"}],"info":{"seed":"8f985289b3ea20e4","results":1,"page":1,"version":"1.4"}} 
 </msg>
<msg time="2024-05-07T08:17:39.736830" level="INFO">/opt/hostedtoolcache/Python/3.12.3/x64/lib/python3.12/site-packages/urllib3/connectionpool.py:1103: InsecureRequestWarning: Unverified HTTPS request is being made to host 'randomuser.me'. Adding certificate verification is strongly advised. See: https://urllib3.readthedocs.io/en/latest/advanced-usage.html#tls-warnings
  warnings.warn(</msg>
<msg time="2024-05-07T08:17:39.736956" level="INFO">${response} = &lt;Response [200]&gt;</msg>
<var>${response}</var>
<arg>consultarAPI</arg>
<arg>/api</arg>
<doc>Sends a GET request on a previously created HTTP Session.</doc>
<status status="PASS" start="2024-05-07T08:17:39.668904" elapsed="0.068096"/>
</kw>
<kw name="Should Be Equal As Numbers" owner="BuiltIn">
<msg time="2024-05-07T08:17:39.738144" level="INFO">Argument types are:
&lt;class 'int'&gt;
&lt;class 'str'&gt;</msg>
<arg>${response.status_code}</arg>
<arg>200</arg>
<doc>Fails if objects are unequal after converting them to real numbers.</doc>
<status status="PASS" start="2024-05-07T08:17:39.737601" elapsed="0.000609"/>
</kw>
<kw name="Log" owner="BuiltIn">
<msg time="2024-05-07T08:17:39.738930" level="INFO">200</msg>
<arg>${response.status_code}</arg>
<doc>Logs the given message with the given level.</doc>
<status status="PASS" start="2024-05-07T08:17:39.738574" elapsed="0.000399"/>
</kw>
<kw name="Set Variable" owner="BuiltIn">
<msg time="2024-05-07T08:17:39.739741" level="INFO">${json_data} = {'results': [{'gender': 'female', 'name': {'title': 'Ms', 'first': 'Kaitlin', 'last': 'Campbell'}, 'location': {'street': {'number': 1068, 'name': 'Highfield Road'}, 'city': 'Balbriggan', 'state': 'We...</msg>
<var>${json_data}</var>
<arg>${response.json()}</arg>
<doc>Returns the given values which can then be assigned to a variables.</doc>
<status status="PASS" start="2024-05-07T08:17:39.739292" elapsed="0.000477"/>
</kw>
<kw name="Dictionary Should Contain Key" owner="Collections">
<msg time="2024-05-07T08:17:39.740241" level="INFO">False</msg>
<arg>${json_data}</arg>
<arg>results</arg>
<doc>Fails if ``key`` is not found from ``dictionary``.</doc>
<status status="PASS" start="2024-05-07T08:17:39.740069" elapsed="0.000215"/>
</kw>
<status status="PASS" start="2024-05-07T08:17:39.668648" elapsed="0.071900"/>
</kw>
<doc>Testa se a API responde corretamente e retorna um objeto JSON válido.</doc>
<tag>testeRequisicaoBasica</tag>
<status status="PASS" start="2024-05-07T08:17:39.668094" elapsed="0.072677"/>
</test>
<test id="s1-s1-t3" name="Validar estrutura de resposta" line="22">
<kw name="Teste de Estrutura de Resposta" owner="random-user-service">
<kw name="GET On Session" owner="RequestsLibrary">
<msg time="2024-05-07T08:17:39.838110" level="INFO">GET Request : url=https://randomuser.me/api 
 path_url=/api 
 headers={'User-Agent': 'python-requests/2.31.0', 'Accept-Encoding': 'gzip, deflate', 'Accept': '*/*', 'Connection': 'keep-alive'} 
 body=None 
 </msg>
<msg time="2024-05-07T08:17:39.838201" level="INFO">GET Response : url=https://randomuser.me/api 
 status=200, reason=OK 
 headers={'Date': 'Tue, 07 May 2024 08:17:39 GMT', 'Content-Type': 'application/json; charset=utf-8', 'Transfer-Encoding': 'chunked', 'Connection': 'keep-alive', 'X-Powered-By': 'Express', 'Access-Control-Allow-Origin': '*', 'Cache-Control': 'no-cache', 'ETag': 'W/"495-/LJ6gE+DAW55q+axvVU4rPP2Jus"', 'Vary': 'Accept-Encoding', 'Content-Encoding': 'gzip', 'CF-Cache-Status': 'DYNAMIC', 'Report-To': '{"endpoints":[{"url":"https:\\/\\/a.nel.cloudflare.com\\/report\\/v4?s=7P9P3XdcTl8F9upuZC0UF1juu%2B86%2Fu%2FbVrF7FLhIZVm8Y9fgCD6%2Bqppwho2NO4xFiqsGpOB8xxcEQKJN%2FImM4HwGGm76LCWESTb39FtiKg0Ga%2FhwXBGfUeIWAv9XQ3AV"}],"group":"cf-nel","max_age":604800}', 'NEL': '{"success_fraction":0,"report_to":"cf-nel","max_age":604800}', 'Server': 'cloudflare', 'CF-RAY': '87ffc65f6f6a8197-IAD', 'alt-svc': 'h3=":443"; ma=86400'} 
 body={"results":[{"gender":"male","name":{"title":"Mr","first":"Octavio","last":"Rolón"},"location":{"street":{"number":2555,"name":"Andador Coahuila de Zaragoza"},"city":"Aconchi","state":"Campeche","country":"Mexico","postcode":23447,"coordinates":{"latitude":"22.0993","longitude":"-2.0854"},"timezone":{"offset":"-12:00","description":"Eniwetok, Kwajalein"}},"email":"octavio.rolon@example.com","login":{"uuid":"bc040012-6807-47c4-9fde-b459852044ab","username":"ticklishtiger734","password":"vulcan","salt":"yGbEEVrh","md5":"f62ef98015a4a93b1eb413cb4ff72933","sha1":"05b9f7aadbb23e0750eedc5494d59d1a256c8865","sha256":"6b90729f79ffd3dc4ddf4e7b793a8a3b0a84f35b9f2937451b4e91dccced8cad"},"dob":{"date":"1961-03-03T06:46:42.880Z","age":63},"registered":{"date":"2009-08-15T23:40:57.803Z","age":14},"phone":"(653) 102 2679","cell":"(629) 353 1924","id":{"name":"NSS","value":"20 39 51 4085 0"},"picture":{"large":"https://randomuser.me/api/portraits/men/60.jpg","medium":"https://randomuser.me/api/portraits/med/men/60.jpg","thumbnail":"https://randomuser.me/api/portraits/thumb/men/60.jpg"},"nat":"MX"}],"info":{"seed":"35a61a28961bc8ba","results":1,"page":1,"version":"1.4"}} 
 </msg>
<msg time="2024-05-07T08:17:39.838335" level="INFO">/opt/hostedtoolcache/Python/3.12.3/x64/lib/python3.12/site-packages/urllib3/connectionpool.py:1103: InsecureRequestWarning: Unverified HTTPS request is being made to host 'randomuser.me'. Adding certificate verification is strongly advised. See: https://urllib3.readthedocs.io/en/latest/advanced-usage.html#tls-warnings
  warnings.warn(</msg>
<msg time="2024-05-07T08:17:39.838463" level="INFO">${response} = &lt;Response [200]&gt;</msg>
<var>${response}</var>
<arg>consultarAPI</arg>
<arg>/api</arg>
<doc>Sends a GET request on a previously created HTTP Session.</doc>
<status status="PASS" start="2024-05-07T08:17:39.743754" elapsed="0.094760"/>
</kw>
<kw name="Set Variable" owner="BuiltIn">
<msg time="2024-05-07T08:17:39.839414" level="INFO">${json_data} = {'results': [{'gender': 'male', 'name': {'title': 'Mr', 'first': 'Octavio', 'last': 'Rolón'}, 'location': {'street': {'number': 2555, 'name': 'Andador Coahuila de Zaragoza'}, 'city': 'Aconchi', 'state...</msg>
<var>${json_data}</var>
<arg>${response.json()}</arg>
<doc>Returns the given values which can then be assigned to a variables.</doc>
<status status="PASS" start="2024-05-07T08:17:39.838928" elapsed="0.000516"/>
</kw>
<kw name="Log" owner="BuiltIn">
<msg time="2024-05-07T08:17:39.839923" level="INFO">{'results': [{'gender': 'male', 'name': {'title': 'Mr', 'first': 'Octavio', 'last': 'Rolón'}, 'location': {'street': {'number': 2555, 'name': 'Andador Coahuila de Zaragoza'}, 'city': 'Aconchi', 'state': 'Campeche', 'country': 'Mexico', 'postcode': 23447, 'coordinates': {'latitude': '22.0993', 'longitude': '-2.0854'}, 'timezone': {'offset': '-12:00', 'description': 'Eniwetok, Kwajalein'}}, 'email': 'octavio.rolon@example.com', 'login': {'uuid': 'bc040012-6807-47c4-9fde-b459852044ab', 'username': 'ticklishtiger734', 'password': 'vulcan', 'salt': 'yGbEEVrh', 'md5': 'f62ef98015a4a93b1eb413cb4ff72933', 'sha1': '05b9f7aadbb23e0750eedc5494d59d1a256c8865', 'sha256': '6b90729f79ffd3dc4ddf4e7b793a8a3b0a84f35b9f2937451b4e91dccced8cad'}, 'dob': {'date': '1961-03-03T06:46:42.880Z', 'age': 63}, 'registered': {'date': '2009-08-15T23:40:57.803Z', 'age': 14}, 'phone': '(653) 102 2679', 'cell': '(629) 353 1924', 'id': {'name': 'NSS', 'value': '20 39 51 4085 0'}, 'picture': {'large': 'https://randomuser.me/api/portraits/men/60.jpg', 'medium': 'https://randomuser.me/api/portraits/med/men/60.jpg', 'thumbnail': 'https://randomuser.me/api/portraits/thumb/men/60.jpg'}, 'nat': 'MX'}], 'info': {'seed': '35a61a28961bc8ba', 'results': 1, 'page': 1, 'version': '1.4'}}</msg>
<arg>${json_data}</arg>
<doc>Logs the given message with the given level.</doc>
<status status="PASS" start="2024-05-07T08:17:39.839758" elapsed="0.000216"/>
</kw>
<kw name="Dictionary Should Contain Key" owner="Collections">
<msg time="2024-05-07T08:17:39.840430" level="INFO">False</msg>
<arg>${json_data}</arg>
<arg>results</arg>
<doc>Fails if ``key`` is not found from ``dictionary``.</doc>
<status status="PASS" start="2024-05-07T08:17:39.840270" elapsed="0.000198"/>
</kw>
<kw name="Should Not Be Empty" owner="BuiltIn">
<msg time="2024-05-07T08:17:39.840938" level="INFO">Length is 2.</msg>
<arg>${json_data}</arg>
<doc>Verifies that the given item is not empty.</doc>
<status status="PASS" start="2024-05-07T08:17:39.840806" elapsed="0.000307"/>
</kw>
<kw name="Create List" owner="BuiltIn">
<msg time="2024-05-07T08:17:39.841562" level="INFO">${expected_keys} = ['gender', 'name', 'location', 'email', 'login']</msg>
<var>${expected_keys}</var>
<arg>gender</arg>
<arg>name</arg>
<arg>location</arg>
<arg>email</arg>
<arg>login</arg>
<doc>Returns a list containing given items.</doc>
<status status="PASS" start="2024-05-07T08:17:39.841411" elapsed="0.000176"/>
</kw>
<for flavor="IN">
<iter>
<kw name="Dictionary Should Contain Key" owner="Collections">
<msg time="2024-05-07T08:17:39.842569" level="INFO">False</msg>
<arg>${json_data['results'][0]}</arg>
<arg>${key}</arg>
<doc>Fails if ``key`` is not found from ``dictionary``.</doc>
<status status="PASS" start="2024-05-07T08:17:39.842161" elapsed="0.000447"/>
</kw>
<kw name="Log" owner="BuiltIn">
<msg time="2024-05-07T08:17:39.843273" level="INFO">{'gender': 'male', 'name': {'title': 'Mr', 'first': 'Octavio', 'last': 'Rolón'}, 'location': {'street': {'number': 2555, 'name': 'Andador Coahuila de Zaragoza'}, 'city': 'Aconchi', 'state': 'Campeche', 'country': 'Mexico', 'postcode': 23447, 'coordinates': {'latitude': '22.0993', 'longitude': '-2.0854'}, 'timezone': {'offset': '-12:00', 'description': 'Eniwetok, Kwajalein'}}, 'email': 'octavio.rolon@example.com', 'login': {'uuid': 'bc040012-6807-47c4-9fde-b459852044ab', 'username': 'ticklishtiger734', 'password': 'vulcan', 'salt': 'yGbEEVrh', 'md5': 'f62ef98015a4a93b1eb413cb4ff72933', 'sha1': '05b9f7aadbb23e0750eedc5494d59d1a256c8865', 'sha256': '6b90729f79ffd3dc4ddf4e7b793a8a3b0a84f35b9f2937451b4e91dccced8cad'}, 'dob': {'date': '1961-03-03T06:46:42.880Z', 'age': 63}, 'registered': {'date': '2009-08-15T23:40:57.803Z', 'age': 14}, 'phone': '(653) 102 2679', 'cell': '(629) 353 1924', 'id': {'name': 'NSS', 'value': '20 39 51 4085 0'}, 'picture': {'large': 'https://randomuser.me/api/portraits/men/60.jpg', 'medium': 'https://randomuser.me/api/portraits/med/men/60.jpg', 'thumbnail': 'https://randomuser.me/api/portraits/thumb/men/60.jpg'}, 'nat': 'MX'}</msg>
<arg>${json_data['results'][0]}</arg>
<doc>Logs the given message with the given level.</doc>
<status status="PASS" start="2024-05-07T08:17:39.842907" elapsed="0.000416"/>
</kw>
<kw name="Log" owner="BuiltIn">
<msg time="2024-05-07T08:17:39.843761" level="INFO">gender</msg>
<arg>${key}</arg>
<doc>Logs the given message with the given level.</doc>
<status status="PASS" start="2024-05-07T08:17:39.843634" elapsed="0.000165"/>
</kw>
<var name="${key}">gender</var>
<status status="PASS" start="2024-05-07T08:17:39.842036" elapsed="0.001975"/>
</iter>
<iter>
<kw name="Dictionary Should Contain Key" owner="Collections">
<msg time="2024-05-07T08:17:39.844711" level="INFO">False</msg>
<arg>${json_data['results'][0]}</arg>
<arg>${key}</arg>
<doc>Fails if ``key`` is not found from ``dictionary``.</doc>
<status status="PASS" start="2024-05-07T08:17:39.844310" elapsed="0.000439"/>
</kw>
<kw name="Log" owner="BuiltIn">
<msg time="2024-05-07T08:17:39.845428" level="INFO">{'gender': 'male', 'name': {'title': 'Mr', 'first': 'Octavio', 'last': 'Rolón'}, 'location': {'street': {'number': 2555, 'name': 'Andador Coahuila de Zaragoza'}, 'city': 'Aconchi', 'state': 'Campeche', 'country': 'Mexico', 'postcode': 23447, 'coordinates': {'latitude': '22.0993', 'longitude': '-2.0854'}, 'timezone': {'offset': '-12:00', 'description': 'Eniwetok, Kwajalein'}}, 'email': 'octavio.rolon@example.com', 'login': {'uuid': 'bc040012-6807-47c4-9fde-b459852044ab', 'username': 'ticklishtiger734', 'password': 'vulcan', 'salt': 'yGbEEVrh', 'md5': 'f62ef98015a4a93b1eb413cb4ff72933', 'sha1': '05b9f7aadbb23e0750eedc5494d59d1a256c8865', 'sha256': '6b90729f79ffd3dc4ddf4e7b793a8a3b0a84f35b9f2937451b4e91dccced8cad'}, 'dob': {'date': '1961-03-03T06:46:42.880Z', 'age': 63}, 'registered': {'date': '2009-08-15T23:40:57.803Z', 'age': 14}, 'phone': '(653) 102 2679', 'cell': '(629) 353 1924', 'id': {'name': 'NSS', 'value': '20 39 51 4085 0'}, 'picture': {'large': 'https://randomuser.me/api/portraits/men/60.jpg', 'medium': 'https://randomuser.me/api/portraits/med/men/60.jpg', 'thumbnail': 'https://randomuser.me/api/portraits/thumb/men/60.jpg'}, 'nat': 'MX'}</msg>
<arg>${json_data['results'][0]}</arg>
<doc>Logs the given message with the given level.</doc>
<status status="PASS" start="2024-05-07T08:17:39.845068" elapsed="0.000408"/>
</kw>
<kw name="Log" owner="BuiltIn">
<msg time="2024-05-07T08:17:39.845896" level="INFO">name</msg>
<arg>${key}</arg>
<doc>Logs the given message with the given level.</doc>
<status status="PASS" start="2024-05-07T08:17:39.845772" elapsed="0.000160"/>
</kw>
<var name="${key}">name</var>
<status status="PASS" start="2024-05-07T08:17:39.844196" elapsed="0.001960"/>
</iter>
<iter>
<kw name="Dictionary Should Contain Key" owner="Collections">
<msg time="2024-05-07T08:17:39.846828" level="INFO">False</msg>
<arg>${json_data['results'][0]}</arg>
<arg>${key}</arg>
<doc>Fails if ``key`` is not found from ``dictionary``.</doc>
<status status="PASS" start="2024-05-07T08:17:39.846444" elapsed="0.000420"/>
</kw>
<kw name="Log" owner="BuiltIn">
<msg time="2024-05-07T08:17:39.847525" level="INFO">{'gender': 'male', 'name': {'title': 'Mr', 'first': 'Octavio', 'last': 'Rolón'}, 'location': {'street': {'number': 2555, 'name': 'Andador Coahuila de Zaragoza'}, 'city': 'Aconchi', 'state': 'Campeche', 'country': 'Mexico', 'postcode': 23447, 'coordinates': {'latitude': '22.0993', 'longitude': '-2.0854'}, 'timezone': {'offset': '-12:00', 'description': 'Eniwetok, Kwajalein'}}, 'email': 'octavio.rolon@example.com', 'login': {'uuid': 'bc040012-6807-47c4-9fde-b459852044ab', 'username': 'ticklishtiger734', 'password': 'vulcan', 'salt': 'yGbEEVrh', 'md5': 'f62ef98015a4a93b1eb413cb4ff72933', 'sha1': '05b9f7aadbb23e0750eedc5494d59d1a256c8865', 'sha256': '6b90729f79ffd3dc4ddf4e7b793a8a3b0a84f35b9f2937451b4e91dccced8cad'}, 'dob': {'date': '1961-03-03T06:46:42.880Z', 'age': 63}, 'registered': {'date': '2009-08-15T23:40:57.803Z', 'age': 14}, 'phone': '(653) 102 2679', 'cell': '(629) 353 1924', 'id': {'name': 'NSS', 'value': '20 39 51 4085 0'}, 'picture': {'large': 'https://randomuser.me/api/portraits/men/60.jpg', 'medium': 'https://randomuser.me/api/portraits/med/men/60.jpg', 'thumbnail': 'https://randomuser.me/api/portraits/thumb/men/60.jpg'}, 'nat': 'MX'}</msg>
<arg>${json_data['results'][0]}</arg>
<doc>Logs the given message with the given level.</doc>
<status status="PASS" start="2024-05-07T08:17:39.847169" elapsed="0.000404"/>
</kw>
<kw name="Log" owner="BuiltIn">
<msg time="2024-05-07T08:17:39.847986" level="INFO">location</msg>
<arg>${key}</arg>
<doc>Logs the given message with the given level.</doc>
<status status="PASS" start="2024-05-07T08:17:39.847864" elapsed="0.000159"/>
</kw>
<var name="${key}">location</var>
<status status="PASS" start="2024-05-07T08:17:39.846333" elapsed="0.001904"/>
</iter>
<iter>
<kw name="Dictionary Should Contain Key" owner="Collections">
<msg time="2024-05-07T08:17:39.848931" level="INFO">False</msg>
<arg>${json_data['results'][0]}</arg>
<arg>${key}</arg>
<doc>Fails if ``key`` is not found from ``dictionary``.</doc>
<status status="PASS" start="2024-05-07T08:17:39.848516" elapsed="0.000452"/>
</kw>
<kw name="Log" owner="BuiltIn">
<msg time="2024-05-07T08:17:39.849624" level="INFO">{'gender': 'male', 'name': {'title': 'Mr', 'first': 'Octavio', 'last': 'Rolón'}, 'location': {'street': {'number': 2555, 'name': 'Andador Coahuila de Zaragoza'}, 'city': 'Aconchi', 'state': 'Campeche', 'country': 'Mexico', 'postcode': 23447, 'coordinates': {'latitude': '22.0993', 'longitude': '-2.0854'}, 'timezone': {'offset': '-12:00', 'description': 'Eniwetok, Kwajalein'}}, 'email': 'octavio.rolon@example.com', 'login': {'uuid': 'bc040012-6807-47c4-9fde-b459852044ab', 'username': 'ticklishtiger734', 'password': 'vulcan', 'salt': 'yGbEEVrh', 'md5': 'f62ef98015a4a93b1eb413cb4ff72933', 'sha1': '05b9f7aadbb23e0750eedc5494d59d1a256c8865', 'sha256': '6b90729f79ffd3dc4ddf4e7b793a8a3b0a84f35b9f2937451b4e91dccced8cad'}, 'dob': {'date': '1961-03-03T06:46:42.880Z', 'age': 63}, 'registered': {'date': '2009-08-15T23:40:57.803Z', 'age': 14}, 'phone': '(653) 102 2679', 'cell': '(629) 353 1924', 'id': {'name': 'NSS', 'value': '20 39 51 4085 0'}, 'picture': {'large': 'https://randomuser.me/api/portraits/men/60.jpg', 'medium': 'https://randomuser.me/api/portraits/med/men/60.jpg', 'thumbnail': 'https://randomuser.me/api/portraits/thumb/men/60.jpg'}, 'nat': 'MX'}</msg>
<arg>${json_data['results'][0]}</arg>
<doc>Logs the given message with the given level.</doc>
<status status="PASS" start="2024-05-07T08:17:39.849265" elapsed="0.000410"/>
</kw>
<kw name="Log" owner="BuiltIn">
<msg time="2024-05-07T08:17:39.850095" level="INFO">email</msg>
<arg>${key}</arg>
<doc>Logs the given message with the given level.</doc>
<status status="PASS" start="2024-05-07T08:17:39.849970" elapsed="0.000161"/>
</kw>
<var name="${key}">email</var>
<status status="PASS" start="2024-05-07T08:17:39.848407" elapsed="0.001935"/>
</iter>
<iter>
<kw name="Dictionary Should Contain Key" owner="Collections">
<msg time="2024-05-07T08:17:39.851006" level="INFO">False</msg>
<arg>${json_data['results'][0]}</arg>
<arg>${key}</arg>
<doc>Fails if ``key`` is not found from ``dictionary``.</doc>
<status status="PASS" start="2024-05-07T08:17:39.850625" elapsed="0.000418"/>
</kw>
<kw name="Log" owner="BuiltIn">
<msg time="2024-05-07T08:17:39.851706" level="INFO">{'gender': 'male', 'name': {'title': 'Mr', 'first': 'Octavio', 'last': 'Rolón'}, 'location': {'street': {'number': 2555, 'name': 'Andador Coahuila de Zaragoza'}, 'city': 'Aconchi', 'state': 'Campeche', 'country': 'Mexico', 'postcode': 23447, 'coordinates': {'latitude': '22.0993', 'longitude': '-2.0854'}, 'timezone': {'offset': '-12:00', 'description': 'Eniwetok, Kwajalein'}}, 'email': 'octavio.rolon@example.com', 'login': {'uuid': 'bc040012-6807-47c4-9fde-b459852044ab', 'username': 'ticklishtiger734', 'password': 'vulcan', 'salt': 'yGbEEVrh', 'md5': 'f62ef98015a4a93b1eb413cb4ff72933', 'sha1': '05b9f7aadbb23e0750eedc5494d59d1a256c8865', 'sha256': '6b90729f79ffd3dc4ddf4e7b793a8a3b0a84f35b9f2937451b4e91dccced8cad'}, 'dob': {'date': '1961-03-03T06:46:42.880Z', 'age': 63}, 'registered': {'date': '2009-08-15T23:40:57.803Z', 'age': 14}, 'phone': '(653) 102 2679', 'cell': '(629) 353 1924', 'id': {'name': 'NSS', 'value': '20 39 51 4085 0'}, 'picture': {'large': 'https://randomuser.me/api/portraits/men/60.jpg', 'medium': 'https://randomuser.me/api/portraits/med/men/60.jpg', 'thumbnail': 'https://randomuser.me/api/portraits/thumb/men/60.jpg'}, 'nat': 'MX'}</msg>
<arg>${json_data['results'][0]}</arg>
<doc>Logs the given message with the given level.</doc>
<status status="PASS" start="2024-05-07T08:17:39.851345" elapsed="0.000410"/>
</kw>
<kw name="Log" owner="BuiltIn">
<msg time="2024-05-07T08:17:39.852178" level="INFO">login</msg>
<arg>${key}</arg>
<doc>Logs the given message with the given level.</doc>
<status status="PASS" start="2024-05-07T08:17:39.852053" elapsed="0.000162"/>
</kw>
<var name="${key}">login</var>
<status status="PASS" start="2024-05-07T08:17:39.850514" elapsed="0.001943"/>
</iter>
<var>${key}</var>
<value>@{expected_keys}</value>
<status status="PASS" start="2024-05-07T08:17:39.841848" elapsed="0.010744"/>
</for>
<kw name="Create List" owner="BuiltIn">
<msg time="2024-05-07T08:17:39.852946" level="INFO">${expected_keysTwo} = ['username', 'password']</msg>
<var>${expected_keysTwo}</var>
<arg>username</arg>
<arg>password</arg>
<doc>Returns a list containing given items.</doc>
<status status="PASS" start="2024-05-07T08:17:39.852811" elapsed="0.000158"/>
</kw>
<for flavor="IN">
<iter>
<kw name="Dictionary Should Contain Key" owner="Collections">
<msg time="2024-05-07T08:17:39.853860" level="INFO">False</msg>
<arg>${json_data['results'][0]['login']}</arg>
<arg>${keyTwo}</arg>
<doc>Fails if ``key`` is not found from ``dictionary``.</doc>
<status status="PASS" start="2024-05-07T08:17:39.853468" elapsed="0.000428"/>
</kw>
<kw name="Dictionary Should Contain Key" owner="Collections">
<msg time="2024-05-07T08:17:39.854567" level="INFO">False</msg>
<arg>${json_data['results'][0]['login']}</arg>
<arg>${keyTwo}</arg>
<doc>Fails if ``key`` is not found from ``dictionary``.</doc>
<status status="PASS" start="2024-05-07T08:17:39.854188" elapsed="0.000415"/>
</kw>
<kw name="Log" owner="BuiltIn">
<msg time="2024-05-07T08:17:39.855018" level="INFO">username</msg>
<arg>${keyTwo}</arg>
<doc>Logs the given message with the given level.</doc>
<status status="PASS" start="2024-05-07T08:17:39.854892" elapsed="0.000167"/>
</kw>
<var name="${keyTwo}">username</var>
<status status="PASS" start="2024-05-07T08:17:39.853359" elapsed="0.001914"/>
</iter>
<iter>
<kw name="Dictionary Should Contain Key" owner="Collections">
<msg time="2024-05-07T08:17:39.856015" level="INFO">False</msg>
<arg>${json_data['results'][0]['login']}</arg>
<arg>${keyTwo}</arg>
<doc>Fails if ``key`` is not found from ``dictionary``.</doc>
<status status="PASS" start="2024-05-07T08:17:39.855552" elapsed="0.000502"/>
</kw>
<kw name="Dictionary Should Contain Key" owner="Collections">
<msg time="2024-05-07T08:17:39.856747" level="INFO">False</msg>
<arg>${json_data['results'][0]['login']}</arg>
<arg>${keyTwo}</arg>
<doc>Fails if ``key`` is not found from ``dictionary``.</doc>
<status status="PASS" start="2024-05-07T08:17:39.856352" elapsed="0.000431"/>
</kw>
<kw name="Log" owner="BuiltIn">
<msg time="2024-05-07T08:17:39.857202" level="INFO">password</msg>
<arg>${keyTwo}</arg>
<doc>Logs the given message with the given level.</doc>
<status status="PASS" start="2024-05-07T08:17:39.857076" elapsed="0.000162"/>
</kw>
<var name="${keyTwo}">password</var>
<status status="PASS" start="2024-05-07T08:17:39.855443" elapsed="0.002007"/>
</iter>
<var>${keyTwo}</var>
<value>@{expected_keysTwo}</value>
<status status="PASS" start="2024-05-07T08:17:39.853205" elapsed="0.004372"/>
</for>
<status status="PASS" start="2024-05-07T08:17:39.743413" elapsed="0.114301"/>
</kw>
<doc>Testa a estrutura da resposta da API.</doc>
<tag>testeEstruturaResposta</tag>
<status status="PASS" start="2024-05-07T08:17:39.742621" elapsed="0.115243"/>
</test>
<test id="s1-s1-t4" name="Validar tipos de dados" line="28">
<kw name="Teste de Tipos de Dados" owner="random-user-service">
<kw name="GET On Session" owner="RequestsLibrary">
<msg time="2024-05-07T08:17:39.943536" level="INFO">GET Request : url=https://randomuser.me/api 
 path_url=/api 
 headers={'User-Agent': 'python-requests/2.31.0', 'Accept-Encoding': 'gzip, deflate', 'Accept': '*/*', 'Connection': 'keep-alive'} 
 body=None 
 </msg>
<msg time="2024-05-07T08:17:39.943600" level="INFO">GET Response : url=https://randomuser.me/api 
 status=200, reason=OK 
 headers={'Date': 'Tue, 07 May 2024 08:17:39 GMT', 'Content-Type': 'application/json; charset=utf-8', 'Transfer-Encoding': 'chunked', 'Connection': 'keep-alive', 'X-Powered-By': 'Express', 'Access-Control-Allow-Origin': '*', 'Cache-Control': 'no-cache', 'ETag': 'W/"488-1okOOLecN9NWKqAKNqHBxPj/T1I"', 'Vary': 'Accept-Encoding', 'Content-Encoding': 'gzip', 'CF-Cache-Status': 'DYNAMIC', 'Report-To': '{"endpoints":[{"url":"https:\\/\\/a.nel.cloudflare.com\\/report\\/v4?s=22vrV8ArkXFCmNRtOpDt7lbMNW01Pgv0fo%2Fmw2W%2B3oHedTopkG9UBRMuUHBg7Ux9jXu44aMfmscVGqH%2FOxGDIcCoAif3alIJHml%2BfSt84n6m6BrjCIP2u26VJP%2BCUw9G"}],"group":"cf-nel","max_age":604800}', 'NEL': '{"success_fraction":0,"report_to":"cf-nel","max_age":604800}', 'Server': 'cloudflare', 'CF-RAY': '87ffc66028138197-IAD', 'alt-svc': 'h3=":443"; ma=86400'} 
 body={"results":[{"gender":"female","name":{"title":"Miss","first":"Marina","last":"Arias"},"location":{"street":{"number":169,"name":"Calle de Alcalá"},"city":"Alicante","state":"Castilla la Mancha","country":"Spain","postcode":14186,"coordinates":{"latitude":"-32.7026","longitude":"83.5531"},"timezone":{"offset":"-2:00","description":"Mid-Atlantic"}},"email":"marina.arias@example.com","login":{"uuid":"a0160414-048c-4fd5-822f-84b976543575","username":"yellowleopard346","password":"bukkake","salt":"pHV81xFk","md5":"19c590f281904803774c1e83c3ddb777","sha1":"7ec0ecfbdcc7d07d73d1ebf46ccdc7027c2c3145","sha256":"93fdf4741f1e449e449be59fb2348813fc20e62087dadfb80efc253c915d42de"},"dob":{"date":"1985-02-28T10:26:36.754Z","age":39},"registered":{"date":"2014-01-27T04:41:21.693Z","age":10},"phone":"943-223-439","cell":"667-241-434","id":{"name":"DNI","value":"50031571-V"},"picture":{"large":"https://randomuser.me/api/portraits/women/45.jpg","medium":"https://randomuser.me/api/portraits/med/women/45.jpg","thumbnail":"https://randomuser.me/api/portraits/thumb/women/45.jpg"},"nat":"ES"}],"info":{"seed":"1b420d34a96ecdb1","results":1,"page":1,"version":"1.4"}} 
 </msg>
<msg time="2024-05-07T08:17:39.943661" level="INFO">/opt/hostedtoolcache/Python/3.12.3/x64/lib/python3.12/site-packages/urllib3/connectionpool.py:1103: InsecureRequestWarning: Unverified HTTPS request is being made to host 'randomuser.me'. Adding certificate verification is strongly advised. See: https://urllib3.readthedocs.io/en/latest/advanced-usage.html#tls-warnings
  warnings.warn(</msg>
<msg time="2024-05-07T08:17:39.943749" level="INFO">${response} = &lt;Response [200]&gt;</msg>
<var>${response}</var>
<arg>consultarAPI</arg>
<arg>/api</arg>
<doc>Sends a GET request on a previously created HTTP Session.</doc>
<status status="PASS" start="2024-05-07T08:17:39.860401" elapsed="0.083387"/>
</kw>
<kw name="Set Variable" owner="BuiltIn">
<msg time="2024-05-07T08:17:39.944948" level="INFO">${json_data} = {'results': [{'gender': 'female', 'name': {'title': 'Miss', 'first': 'Marina', 'last': 'Arias'}, 'location': {'street': {'number': 169, 'name': 'Calle de Alcalá'}, 'city': 'Alicante', 'state': 'Castil...</msg>
<var>${json_data}</var>
<arg>${response.json()}</arg>
<doc>Returns the given values which can then be assigned to a variables.</doc>
<status status="PASS" start="2024-05-07T08:17:39.944293" elapsed="0.000685"/>
</kw>
<kw name="Log" owner="BuiltIn">
<msg time="2024-05-07T08:17:39.945439" level="INFO">{'results': [{'gender': 'female', 'name': {'title': 'Miss', 'first': 'Marina', 'last': 'Arias'}, 'location': {'street': {'number': 169, 'name': 'Calle de Alcalá'}, 'city': 'Alicante', 'state': 'Castilla la Mancha', 'country': 'Spain', 'postcode': 14186, 'coordinates': {'latitude': '-32.7026', 'longitude': '83.5531'}, 'timezone': {'offset': '-2:00', 'description': 'Mid-Atlantic'}}, 'email': 'marina.arias@example.com', 'login': {'uuid': 'a0160414-048c-4fd5-822f-84b976543575', 'username': 'yellowleopard346', 'password': 'bukkake', 'salt': 'pHV81xFk', 'md5': '19c590f281904803774c1e83c3ddb777', 'sha1': '7ec0ecfbdcc7d07d73d1ebf46ccdc7027c2c3145', 'sha256': '93fdf4741f1e449e449be59fb2348813fc20e62087dadfb80efc253c915d42de'}, 'dob': {'date': '1985-02-28T10:26:36.754Z', 'age': 39}, 'registered': {'date': '2014-01-27T04:41:21.693Z', 'age': 10}, 'phone': '943-223-439', 'cell': '667-241-434', 'id': {'name': 'DNI', 'value': '50031571-V'}, 'picture': {'large': 'https://randomuser.me/api/portraits/women/45.jpg', 'medium': 'https://randomuser.me/api/portraits/med/women/45.jpg', 'thumbnail': 'https://randomuser.me/api/portraits/thumb/women/45.jpg'}, 'nat': 'ES'}], 'info': {'seed': '1b420d34a96ecdb1', 'results': 1, 'page': 1, 'version': '1.4'}}</msg>
<arg>${json_data}</arg>
<doc>Logs the given message with the given level.</doc>
<status status="PASS" start="2024-05-07T08:17:39.945287" elapsed="0.000232"/>
</kw>
<kw name="Should Be String" owner="String">
<arg>${json_data['results'][0]['gender']}</arg>
<doc>Fails if the given ``item`` is not a string.</doc>
<status status="PASS" start="2024-05-07T08:17:39.945818" elapsed="0.000362"/>
</kw>
<kw name="Should Match Regexp" owner="BuiltIn">
<arg>${json_data['results'][0]['email']}</arg>
<arg>^[a-zA-Z0-9._%+-]+@[a-zA-Z0-9.-]+\.[a-zA-Z]{2,}$</arg>
<doc>Fails if ``string`` does not match ``pattern`` as a regular expression.</doc>
<status status="PASS" start="2024-05-07T08:17:39.946392" elapsed="0.000501"/>
</kw>
<kw name="Should Match Regexp" owner="BuiltIn">
<arg>${json_data['results'][0]['dob']['date']}</arg>
<arg>\\d{4}-\\d{2}-\\d{2}T\\d{2}:\\d{2}:\\d{2}\\.\\d{3}Z</arg>
<doc>Fails if ``string`` does not match ``pattern`` as a regular expression.</doc>
<status status="PASS" start="2024-05-07T08:17:39.947087" elapsed="0.000504"/>
</kw>
<kw name="Should Match Regexp" owner="BuiltIn">
<arg>${json_data['results'][0]['registered']['date']}</arg>
<arg>\\d{4}-\\d{2}-\\d{2}T\\d{2}:\\d{2}:\\d{2}\\.\\d{3}Z</arg>
<doc>Fails if ``string`` does not match ``pattern`` as a regular expression.</doc>
<status status="PASS" start="2024-05-07T08:17:39.947787" elapsed="0.000359"/>
</kw>
<kw name="Should Match Regexp" owner="BuiltIn">
<arg>${json_data['results'][0]['picture']['large']}</arg>
<arg>^https?://.*\.(?:png|jpe?g|gif|bmp)$</arg>
<doc>Fails if ``string`` does not match ``pattern`` as a regular expression.</doc>
<status status="PASS" start="2024-05-07T08:17:39.948338" elapsed="0.000507"/>
</kw>
<kw name="Should Match Regexp" owner="BuiltIn">
<arg>${json_data['results'][0]['picture']['medium']}</arg>
<arg>^https?://.*\.(?:png|jpe?g|gif|bmp)$</arg>
<doc>Fails if ``string`` does not match ``pattern`` as a regular expression.</doc>
<status status="PASS" start="2024-05-07T08:17:39.949040" elapsed="0.000361"/>
</kw>
<kw name="Should Match Regexp" owner="BuiltIn">
<arg>${json_data['results'][0]['picture']['thumbnail']}</arg>
<arg>^https?://.*\.(?:png|jpe?g|gif|bmp)$</arg>
<doc>Fails if ``string`` does not match ``pattern`` as a regular expression.</doc>
<status status="PASS" start="2024-05-07T08:17:39.949593" elapsed="0.000347"/>
</kw>
<kw name="Log" owner="BuiltIn">
<msg time="2024-05-07T08:17:39.950444" level="INFO">{'large': 'https://randomuser.me/api/portraits/women/45.jpg', 'medium': 'https://randomuser.me/api/portraits/med/women/45.jpg', 'thumbnail': 'https://randomuser.me/api/portraits/thumb/women/45.jpg'}</msg>
<arg>${json_data['results'][0]['picture']}</arg>
<doc>Logs the given message with the given level.</doc>
<status status="PASS" start="2024-05-07T08:17:39.950121" elapsed="0.000364"/>
</kw>
<status status="PASS" start="2024-05-07T08:17:39.860176" elapsed="0.090560"/>
</kw>
<kw name="Teste de Tipos de Dados - Postcode" owner="random-user-service">
<kw name="GET On Session" owner="RequestsLibrary">
<msg time="2024-05-07T08:17:40.037781" level="INFO">GET Request : url=https://randomuser.me/api 
 path_url=/api 
 headers={'User-Agent': 'python-requests/2.31.0', 'Accept-Encoding': 'gzip, deflate', 'Accept': '*/*', 'Connection': 'keep-alive'} 
 body=None 
 </msg>
<msg time="2024-05-07T08:17:40.037862" level="INFO">GET Response : url=https://randomuser.me/api 
 status=200, reason=OK 
 headers={'Date': 'Tue, 07 May 2024 08:17:40 GMT', 'Content-Type': 'application/json; charset=utf-8', 'Transfer-Encoding': 'chunked', 'Connection': 'keep-alive', 'X-Powered-By': 'Express', 'Access-Control-Allow-Origin': '*', 'Cache-Control': 'no-cache', 'ETag': 'W/"4a1-4UuASfwsLTaF+AH06hxws8tKGTw"', 'Vary': 'Accept-Encoding', 'Content-Encoding': 'gzip', 'CF-Cache-Status': 'DYNAMIC', 'Report-To': '{"endpoints":[{"url":"https:\\/\\/a.nel.cloudflare.com\\/report\\/v4?s=w4lMHw35P4lHnJDgTcjsszD5BUDKiqP8ywuwrqK%2Fmh8umRQHFMvU3WTeceiorj1ZhN9wwZGQVlRAOKxDRFzxrKmH6J5twK4gyKaLZTS5cQFf8CyCAphORsFsikv6vZf7"}],"group":"cf-nel","max_age":604800}', 'NEL': '{"success_fraction":0,"report_to":"cf-nel","max_age":604800}', 'Server': 'cloudflare', 'CF-RAY': '87ffc660b88c8197-IAD', 'alt-svc': 'h3=":443"; ma=86400'} 
 body={"results":[{"gender":"male","name":{"title":"Mr","first":"Chris","last":"Gilbert"},"location":{"street":{"number":6570,"name":"Photinia Ave"},"city":"Bellevue","state":"South Dakota","country":"United States","postcode":46844,"coordinates":{"latitude":"84.0349","longitude":"-33.6902"},"timezone":{"offset":"0:00","description":"Western Europe Time, London, Lisbon, Casablanca"}},"email":"chris.gilbert@example.com","login":{"uuid":"247a91d6-a5d8-440d-a71c-283e1f460111","username":"bigrabbit238","password":"jean","salt":"Nu2IpcYz","md5":"b0f504763cb370b90d2d02a99670759d","sha1":"6c74fff66d53cffcc8126fbdc9e91c1ee54fc054","sha256":"fc90e5a81726bba472cb284855a28c6224ff5a5401f02d7215fab749c1398238"},"dob":{"date":"1973-08-18T17:37:16.702Z","age":50},"registered":{"date":"2006-03-30T09:51:29.695Z","age":18},"phone":"(292) 501-1012","cell":"(509) 436-7119","id":{"name":"SSN","value":"597-20-7546"},"picture":{"large":"https://randomuser.me/api/portraits/men/91.jpg","medium":"https://randomuser.me/api/portraits/med/men/91.jpg","thumbnail":"https://randomuser.me/api/portraits/thumb/men/91.jpg"},"nat":"US"}],"info":{"seed":"68ef8712e53763a9","results":1,"page":1,"version":"1.4"}} 
 </msg>
<msg time="2024-05-07T08:17:40.037934" level="INFO">/opt/hostedtoolcache/Python/3.12.3/x64/lib/python3.12/site-packages/urllib3/connectionpool.py:1103: InsecureRequestWarning: Unverified HTTPS request is being made to host 'randomuser.me'. Adding certificate verification is strongly advised. See: https://urllib3.readthedocs.io/en/latest/advanced-usage.html#tls-warnings
  warnings.warn(</msg>
<msg time="2024-05-07T08:17:40.038034" level="INFO">${response} = &lt;Response [200]&gt;</msg>
<var>${response}</var>
<arg>consultarAPI</arg>
<arg>/api</arg>
<doc>Sends a GET request on a previously created HTTP Session.</doc>
<status status="PASS" start="2024-05-07T08:17:39.951165" elapsed="0.086905"/>
</kw>
<kw name="Set Variable" owner="BuiltIn">
<msg time="2024-05-07T08:17:40.039207" level="INFO">${json_data} = {'results': [{'gender': 'male', 'name': {'title': 'Mr', 'first': 'Chris', 'last': 'Gilbert'}, 'location': {'street': {'number': 6570, 'name': 'Photinia Ave'}, 'city': 'Bellevue', 'state': 'South Dakot...</msg>
<var>${json_data}</var>
<arg>${response.json()}</arg>
<doc>Returns the given values which can then be assigned to a variables.</doc>
<status status="PASS" start="2024-05-07T08:17:40.038566" elapsed="0.000668"/>
</kw>
<kw name="Log" owner="BuiltIn">
<msg time="2024-05-07T08:17:40.039686" level="INFO">{'results': [{'gender': 'male', 'name': {'title': 'Mr', 'first': 'Chris', 'last': 'Gilbert'}, 'location': {'street': {'number': 6570, 'name': 'Photinia Ave'}, 'city': 'Bellevue', 'state': 'South Dakota', 'country': 'United States', 'postcode': 46844, 'coordinates': {'latitude': '84.0349', 'longitude': '-33.6902'}, 'timezone': {'offset': '0:00', 'description': 'Western Europe Time, London, Lisbon, Casablanca'}}, 'email': 'chris.gilbert@example.com', 'login': {'uuid': '247a91d6-a5d8-440d-a71c-283e1f460111', 'username': 'bigrabbit238', 'password': 'jean', 'salt': 'Nu2IpcYz', 'md5': 'b0f504763cb370b90d2d02a99670759d', 'sha1': '6c74fff66d53cffcc8126fbdc9e91c1ee54fc054', 'sha256': 'fc90e5a81726bba472cb284855a28c6224ff5a5401f02d7215fab749c1398238'}, 'dob': {'date': '1973-08-18T17:37:16.702Z', 'age': 50}, 'registered': {'date': '2006-03-30T09:51:29.695Z', 'age': 18}, 'phone': '(292) 501-1012', 'cell': '(509) 436-7119', 'id': {'name': 'SSN', 'value': '597-20-7546'}, 'picture': {'large': 'https://randomuser.me/api/portraits/men/91.jpg', 'medium': 'https://randomuser.me/api/portraits/med/men/91.jpg', 'thumbnail': 'https://randomuser.me/api/portraits/thumb/men/91.jpg'}, 'nat': 'US'}], 'info': {'seed': '68ef8712e53763a9', 'results': 1, 'page': 1, 'version': '1.4'}}</msg>
<arg>${json_data}</arg>
<doc>Logs the given message with the given level.</doc>
<status status="PASS" start="2024-05-07T08:17:40.039537" elapsed="0.000225"/>
</kw>
<kw name="Should Be Equal As Numbers" owner="BuiltIn">
<arg>${json_data['results'][0]['location']['postcode']}</arg>
<arg>${json_data['results'][0]['location']['postcode']}</arg>
<doc>Fails if objects are unequal after converting them to real numbers.</doc>
<status status="PASS" start="2024-05-07T08:17:40.040214" elapsed="0.000663"/>
</kw>
<kw name="Log" owner="BuiltIn">
<msg time="2024-05-07T08:17:40.041408" level="INFO">46844</msg>
<arg>${json_data['results'][0]['location']['postcode']}</arg>
<doc>Logs the given message with the given level.</doc>
<status status="PASS" start="2024-05-07T08:17:40.041076" elapsed="0.000371"/>
</kw>
<status status="PASS" start="2024-05-07T08:17:39.950949" elapsed="0.090746"/>
</kw>
<doc>Testa se os tipos de dados na resposta da API estão corretos.</doc>
<tag>testeTiposDados</tag>
<status status="PASS" start="2024-05-07T08:17:39.859620" elapsed="0.182235"/>
</test>
<test id="s1-s1-t5" name="Validar conteudo" line="35">
<kw name="Teste de Tipos de Conteudo" owner="random-user-service">
<kw name="GET On Session" owner="RequestsLibrary">
<msg time="2024-05-07T08:17:40.137181" level="INFO">GET Request : url=https://randomuser.me/api 
 path_url=/api 
 headers={'User-Agent': 'python-requests/2.31.0', 'Accept-Encoding': 'gzip, deflate', 'Accept': '*/*', 'Connection': 'keep-alive'} 
 body=None 
 </msg>
<msg time="2024-05-07T08:17:40.137274" level="INFO">GET Response : url=https://randomuser.me/api 
 status=200, reason=OK 
 headers={'Date': 'Tue, 07 May 2024 08:17:40 GMT', 'Content-Type': 'application/json; charset=utf-8', 'Transfer-Encoding': 'chunked', 'Connection': 'keep-alive', 'X-Powered-By': 'Express', 'Access-Control-Allow-Origin': '*', 'Cache-Control': 'no-cache', 'ETag': 'W/"49e-ufyFlmwTJHxMuVY0rhfftPehZOQ"', 'Vary': 'Accept-Encoding', 'Content-Encoding': 'gzip', 'CF-Cache-Status': 'DYNAMIC', 'Report-To': '{"endpoints":[{"url":"https:\\/\\/a.nel.cloudflare.com\\/report\\/v4?s=chdRoDSw3MgZ5qG7Tmky8Q7nu4Ysr4%2F6GICJpUcU6EthLyfayQwkcehOwyUcgQ2n%2FNTC%2FsWRjWlIY3x65X958vmNTusR6C0pkLkKCwjKHgCYX2kS4E3gkBVPDKXfaRRz"}],"group":"cf-nel","max_age":604800}', 'NEL': '{"success_fraction":0,"report_to":"cf-nel","max_age":604800}', 'Server': 'cloudflare', 'CF-RAY': '87ffc66148f98197-IAD', 'alt-svc': 'h3=":443"; ma=86400'} 
 body={"results":[{"gender":"male","name":{"title":"Mr","first":"Cristobal","last":"Uribe"},"location":{"street":{"number":9599,"name":"Diagonal Albania"},"city":"Temax","state":"San Luis Potosí","country":"Mexico","postcode":76074,"coordinates":{"latitude":"26.1807","longitude":"-129.1624"},"timezone":{"offset":"+4:00","description":"Abu Dhabi, Muscat, Baku, Tbilisi"}},"email":"cristobal.uribe@example.com","login":{"uuid":"3e9f8dbb-36ab-4528-9ff0-c6468e4a55e5","username":"yellowbear782","password":"wizard1","salt":"nxNSwjFt","md5":"40c5e6aef22d6197c97456a0cff1e787","sha1":"425cf3f321718d51f2de34c2b93af45c450480c9","sha256":"5c678c1529527ceeee38c9c7cd6318f81fa507316420c7dac77ce92b20239bb8"},"dob":{"date":"1966-07-22T23:46:12.120Z","age":57},"registered":{"date":"2007-09-16T05:19:03.099Z","age":16},"phone":"(658) 263 3831","cell":"(625) 824 1265","id":{"name":"NSS","value":"20 15 03 8417 0"},"picture":{"large":"https://randomuser.me/api/portraits/men/42.jpg","medium":"https://randomuser.me/api/portraits/med/men/42.jpg","thumbnail":"https://randomuser.me/api/portraits/thumb/men/42.jpg"},"nat":"MX"}],"info":{"seed":"80da6cac4d5b77c8","results":1,"page":1,"version":"1.4"}} 
 </msg>
<msg time="2024-05-07T08:17:40.137343" level="INFO">/opt/hostedtoolcache/Python/3.12.3/x64/lib/python3.12/site-packages/urllib3/connectionpool.py:1103: InsecureRequestWarning: Unverified HTTPS request is being made to host 'randomuser.me'. Adding certificate verification is strongly advised. See: https://urllib3.readthedocs.io/en/latest/advanced-usage.html#tls-warnings
  warnings.warn(</msg>
<msg time="2024-05-07T08:17:40.137447" level="INFO">${response} = &lt;Response [200]&gt;</msg>
<var>${response}</var>
<arg>consultarAPI</arg>
<arg>/api</arg>
<doc>Sends a GET request on a previously created HTTP Session.</doc>
<status status="PASS" start="2024-05-07T08:17:40.044338" elapsed="0.093149"/>
</kw>
<kw name="Set Variable" owner="BuiltIn">
<msg time="2024-05-07T08:17:40.138719" level="INFO">${json_data} = {'results': [{'gender': 'male', 'name': {'title': 'Mr', 'first': 'Cristobal', 'last': 'Uribe'}, 'location': {'street': {'number': 9599, 'name': 'Diagonal Albania'}, 'city': 'Temax', 'state': 'San Luis...</msg>
<var>${json_data}</var>
<arg>${response.json()}</arg>
<doc>Returns the given values which can then be assigned to a variables.</doc>
<status status="PASS" start="2024-05-07T08:17:40.138099" elapsed="0.000648"/>
</kw>
<kw name="Set Variable" owner="BuiltIn">
<msg time="2024-05-07T08:17:40.139450" level="INFO">${name_title} = Mr</msg>
<var>${name_title}</var>
<arg>${json_data["results"][0]["name"]["title"]}</arg>
<doc>Returns the given values which can then be assigned to a variables.</doc>
<status status="PASS" start="2024-05-07T08:17:40.139053" elapsed="0.000421"/>
</kw>
<kw name="Create List" owner="BuiltIn">
<msg time="2024-05-07T08:17:40.139920" level="INFO">${allowed_titles} = ['Mr', 'Ms', 'Miss', 'Mrs', 'Madame', 'Monsieur']</msg>
<var>${allowed_titles}</var>
<arg>Mr</arg>
<arg>Ms</arg>
<arg>Miss</arg>
<arg>Mrs</arg>
<arg>Madame</arg>
<arg>Monsieur</arg>
<doc>Returns a list containing given items.</doc>
<status status="PASS" start="2024-05-07T08:17:40.139774" elapsed="0.000169"/>
</kw>
<kw name="List Should Contain Value" owner="Collections">
<msg time="2024-05-07T08:17:40.140411" level="INFO">False</msg>
<arg>${allowed_titles}</arg>
<arg>${name_title}</arg>
<doc>Fails if the ``value`` is not found from ``list``.</doc>
<status status="PASS" start="2024-05-07T08:17:40.140241" elapsed="0.000213"/>
</kw>
<kw name="Set Variable" owner="BuiltIn">
<msg time="2024-05-07T08:17:40.141163" level="INFO">${name_country} = MX</msg>
<var>${name_country}</var>
<arg>${json_data["results"][0]["nat"]}</arg>
<doc>Returns the given values which can then be assigned to a variables.</doc>
<status status="PASS" start="2024-05-07T08:17:40.140786" elapsed="0.000402"/>
</kw>
<kw name="Create List" owner="BuiltIn">
<msg time="2024-05-07T08:17:40.142071" level="INFO">${list_country} = ['AD', 'AE', 'AF', 'AG', 'AI', 'AL', 'AM', 'AO', 'AQ', 'AR', 'AS', 'AT', 'AU', 'AW', 'AX', 'AZ', 'BA', 'BB', 'BD', 'BE', 'BF', 'BG', 'BH', 'BI', 'BJ', 'BL', 'BM', 'BN', 'BO', 'BQ', 'BR', 'BS', 'BT', '...</msg>
<var>${list_country}</var>
<arg>AD</arg>
<arg>AE</arg>
<arg>AF</arg>
<arg>AG</arg>
<arg>AI</arg>
<arg>AL</arg>
<arg>AM</arg>
<arg>AO</arg>
<arg>AQ</arg>
<arg>AR</arg>
<arg>AS</arg>
<arg>AT</arg>
<arg>AU</arg>
<arg>AW</arg>
<arg>AX</arg>
<arg>AZ</arg>
<arg>BA</arg>
<arg>BB</arg>
<arg>BD</arg>
<arg>BE</arg>
<arg>BF</arg>
<arg>BG</arg>
<arg>BH</arg>
<arg>BI</arg>
<arg>BJ</arg>
<arg>BL</arg>
<arg>BM</arg>
<arg>BN</arg>
<arg>BO</arg>
<arg>BQ</arg>
<arg>BR</arg>
<arg>BS</arg>
<arg>BT</arg>
<arg>BV</arg>
<arg>BW</arg>
<arg>BY</arg>
<arg>BZ</arg>
<arg>CA</arg>
<arg>CC</arg>
<arg>CD</arg>
<arg>CF</arg>
<arg>CG</arg>
<arg>CH</arg>
<arg>CI</arg>
<arg>CK</arg>
<arg>CL</arg>
<arg>CM</arg>
<arg>CN</arg>
<arg>CO</arg>
<arg>CR</arg>
<arg>CU</arg>
<arg>CV</arg>
<arg>CW</arg>
<arg>CX</arg>
<arg>CY</arg>
<arg>CZ</arg>
<arg>DE</arg>
<arg>DJ</arg>
<arg>DK</arg>
<arg>DM</arg>
<arg>DO</arg>
<arg>DZ</arg>
<arg>EC</arg>
<arg>EE</arg>
<arg>EG</arg>
<arg>EH</arg>
<arg>ER</arg>
<arg>ES</arg>
<arg>ET</arg>
<arg>FI</arg>
<arg>FJ</arg>
<arg>FK</arg>
<arg>FM</arg>
<arg>FO</arg>
<arg>FR</arg>
<arg>GA</arg>
<arg>GB</arg>
<arg>GD</arg>
<arg>GE</arg>
<arg>GF</arg>
<arg>GG</arg>
<arg>GH</arg>
<arg>GI</arg>
<arg>GL</arg>
<arg>GM</arg>
<arg>GN</arg>
<arg>GP</arg>
<arg>GQ</arg>
<arg>GR</arg>
<arg>GS</arg>
<arg>GT</arg>
<arg>GU</arg>
<arg>GW</arg>
<arg>GY</arg>
<arg>HK</arg>
<arg>HM</arg>
<arg>HN</arg>
<arg>HR</arg>
<arg>HT</arg>
<arg>HU</arg>
<arg>ID</arg>
<arg>IE</arg>
<arg>IL</arg>
<arg>IM</arg>
<arg>IN</arg>
<arg>IO</arg>
<arg>IQ</arg>
<arg>IR</arg>
<arg>IS</arg>
<arg>IT</arg>
<arg>JE</arg>
<arg>JM</arg>
<arg>JO</arg>
<arg>JP</arg>
<arg>KE</arg>
<arg>KG</arg>
<arg>KH</arg>
<arg>KI</arg>
<arg>KM</arg>
<arg>KN</arg>
<arg>KP</arg>
<arg>KR</arg>
<arg>KW</arg>
<arg>KY</arg>
<arg>KZ</arg>
<arg>LA</arg>
<arg>LB</arg>
<arg>LC</arg>
<arg>LI</arg>
<arg>LK</arg>
<arg>LR</arg>
<arg>LS</arg>
<arg>LT</arg>
<arg>LU</arg>
<arg>LV</arg>
<arg>LY</arg>
<arg>MA</arg>
<arg>MC</arg>
<arg>MD</arg>
<arg>ME</arg>
<arg>MF</arg>
<arg>MG</arg>
<arg>MH</arg>
<arg>MK</arg>
<arg>ML</arg>
<arg>MM</arg>
<arg>MN</arg>
<arg>MO</arg>
<arg>MP</arg>
<arg>MQ</arg>
<arg>MR</arg>
<arg>MS</arg>
<arg>MT</arg>
<arg>MU</arg>
<arg>MV</arg>
<arg>MW</arg>
<arg>MX</arg>
<arg>MY</arg>
<arg>MZ</arg>
<arg>NA</arg>
<arg>NC</arg>
<arg>NE</arg>
<arg>NF</arg>
<arg>NG</arg>
<arg>NI</arg>
<arg>NL</arg>
<arg>NO</arg>
<arg>NP</arg>
<arg>NR</arg>
<arg>NU</arg>
<arg>NZ</arg>
<arg>OM</arg>
<arg>PA</arg>
<arg>PE</arg>
<arg>PF</arg>
<arg>PG</arg>
<arg>PH</arg>
<arg>PK</arg>
<arg>PL</arg>
<arg>PM</arg>
<arg>PN</arg>
<arg>PR</arg>
<arg>PS</arg>
<arg>PT</arg>
<arg>PW</arg>
<arg>PY</arg>
<arg>QA</arg>
<arg>RE</arg>
<arg>RO</arg>
<arg>RS</arg>
<arg>RU</arg>
<arg>RW</arg>
<arg>SA</arg>
<arg>SB</arg>
<arg>SC</arg>
<arg>SD</arg>
<arg>SE</arg>
<arg>SG</arg>
<arg>SH</arg>
<arg>SI</arg>
<arg>SJ</arg>
<arg>SK</arg>
<arg>SL</arg>
<arg>SM</arg>
<arg>SN</arg>
<arg>SO</arg>
<arg>SR</arg>
<arg>SS</arg>
<arg>ST</arg>
<arg>SV</arg>
<arg>SX</arg>
<arg>SY</arg>
<arg>SZ</arg>
<arg>TC</arg>
<arg>TD</arg>
<arg>TF</arg>
<arg>TG</arg>
<arg>TH</arg>
<arg>TJ</arg>
<arg>TK</arg>
<arg>TL</arg>
<arg>TM</arg>
<arg>TN</arg>
<arg>TO</arg>
<arg>TR</arg>
<arg>TT</arg>
<arg>TV</arg>
<arg>TW</arg>
<arg>TZ</arg>
<arg>UA</arg>
<arg>UG</arg>
<arg>UM</arg>
<arg>US</arg>
<arg>UY</arg>
<arg>UZ</arg>
<arg>VA</arg>
<arg>VC</arg>
<arg>VE</arg>
<arg>VG</arg>
<arg>VI</arg>
<arg>VN</arg>
<arg>VU</arg>
<arg>WF</arg>
<arg>WS</arg>
<arg>XK</arg>
<arg>YE</arg>
<arg>YT</arg>
<arg>ZA</arg>
<arg>ZM</arg>
<arg>ZW</arg>
<doc>Returns a list containing given items.</doc>
<status status="PASS" start="2024-05-07T08:17:40.141487" elapsed="0.000609"/>
</kw>
<kw name="List Should Contain Value" owner="Collections">
<msg time="2024-05-07T08:17:40.143096" level="INFO">False</msg>
<arg>${list_country}</arg>
<arg>${name_country}</arg>
<doc>Fails if the ``value`` is not found from ``list``.</doc>
<status status="PASS" start="2024-05-07T08:17:40.142897" elapsed="0.000236"/>
</kw>
<kw name="Run Keyword If" owner="BuiltIn">
<kw name="Should Be True" owner="BuiltIn">
<arg>${True}</arg>
<doc>Fails if the given condition is not true.</doc>
<status status="PASS" start="2024-05-07T08:17:40.144206" elapsed="0.000249"/>
</kw>
<arg>${json_data["results"][0]["location"]["coordinates"]["latitude"]} &gt;= -90 and ${json_data["results"][0]["location"]["coordinates"]["latitude"]} &lt;= 90</arg>
<arg>Should Be True</arg>
<arg>${True}</arg>
<doc>Runs the given keyword with the given arguments, if ``condition`` is true.</doc>
<status status="PASS" start="2024-05-07T08:17:40.143442" elapsed="0.001151"/>
</kw>
<kw name="Run Keyword If" owner="BuiltIn">
<kw name="Should Be True" owner="BuiltIn">
<arg>${True}</arg>
<doc>Fails if the given condition is not true.</doc>
<status status="PASS" start="2024-05-07T08:17:40.145532" elapsed="0.000142"/>
</kw>
<arg>${json_data["results"][0]["location"]["coordinates"]["longitude"]} &gt;= -180 and ${json_data["results"][0]["location"]["coordinates"]["longitude"]} &lt;= 180</arg>
<arg>Should Be True</arg>
<arg>${True}</arg>
<doc>Runs the given keyword with the given arguments, if ``condition`` is true.</doc>
<status status="PASS" start="2024-05-07T08:17:40.144821" elapsed="0.000979"/>
</kw>
<status status="PASS" start="2024-05-07T08:17:40.044118" elapsed="0.101815"/>
</kw>
<doc>Testa o conteúdo específico dos campos retornados pela API.</doc>
<tag>testeConteudo</tag>
<status status="PASS" start="2024-05-07T08:17:40.043585" elapsed="0.102499"/>
</test>
<status status="PASS" start="2024-05-07T08:17:39.359909" elapsed="0.788193"/>
</suite>
<status status="PASS" start="2024-05-07T08:17:39.346159" elapsed="0.807200"/>
</suite>
<statistics>
<total>
<stat pass="5" fail="0" skip="0">All Tests</stat>
</total>
<tag>
<stat pass="1" fail="0" skip="0">testeConteudo</stat>
<stat pass="1" fail="0" skip="0">testeEstruturaResposta</stat>
<stat pass="1" fail="0" skip="0">testeRequisicaoBasica</stat>
<stat pass="1" fail="0" skip="0">testeTiposDados</stat>
</tag>
<suite>
<stat pass="5" fail="0" skip="0" id="s1" name="Tests">Tests</stat>
<stat pass="5" fail="0" skip="0" id="s1-s1" name="Random-User-Test">Tests.Random-User-Test</stat>
</suite>
</statistics>
<errors>
</errors>
</robot>
