<?xml version="1.0" encoding="UTF-8"?>
<robot generator="Robot 7.0.1 (Python 3.12.3 on linux)" generated="2024-06-15T16:18:31.867396" rpa="false" schemaversion="5">
<suite id="s1" name="Tests" source="/home/runner/work/ApiRandomUser/ApiRandomUser/RamdonUser/tests">
<suite id="s1-s1" name="Random-User-Test" source="/home/runner/work/ApiRandomUser/ApiRandomUser/RamdonUser/tests/random-user-test.robot">
<test id="s1-s1-t1" name="Conectar" line="13">
<kw name="Conectar API" owner="random-user-service">
<kw name="Create Session" owner="RequestsLibrary">
<msg time="2024-06-15T16:18:32.245012" level="INFO">Creating Session using : alias=consultarAPI, url=https://randomuser.me/, headers={},                     cookies={}, auth=None, timeout=None, proxies=None, verify=False,                     debug=0 </msg>
<arg>consultarAPI</arg>
<arg>${URL}</arg>
<doc>Create Session: create a HTTP session to a server</doc>
<status status="PASS" start="2024-06-15T16:18:32.244817" elapsed="0.000368"/>
</kw>
<status status="PASS" start="2024-06-15T16:18:32.243816" elapsed="0.001721"/>
</kw>
<status status="PASS" start="2024-06-15T16:18:32.243300" elapsed="0.002429"/>
</test>
<test id="s1-s1-t2" name="Validar retorno 200 e JSON Válido" line="16">
<kw name="Teste de Requisicao Basica" owner="random-user-service">
<kw name="GET On Session" owner="RequestsLibrary">
<msg time="2024-06-15T16:18:32.440391" level="INFO">GET Request : url=https://randomuser.me/api 
 path_url=/api 
 headers={'User-Agent': 'python-requests/2.32.3', 'Accept-Encoding': 'gzip, deflate', 'Accept': '*/*', 'Connection': 'keep-alive'} 
 body=None 
 </msg>
<msg time="2024-06-15T16:18:32.440538" level="INFO">GET Response : url=https://randomuser.me/api 
 status=200, reason=OK 
 headers={'Date': 'Sat, 15 Jun 2024 16:18:32 GMT', 'Content-Type': 'application/json; charset=utf-8', 'Transfer-Encoding': 'chunked', 'Connection': 'keep-alive', 'X-Powered-By': 'Express', 'Access-Control-Allow-Origin': '*', 'Cache-Control': 'no-cache', 'ETag': 'W/"466-tytmfA64bjI3Kw1WN50+mgvTjzw"', 'Vary': 'Accept-Encoding', 'Content-Encoding': 'gzip', 'CF-Cache-Status': 'DYNAMIC', 'Report-To': '{"endpoints":[{"url":"https:\\/\\/a.nel.cloudflare.com\\/report\\/v4?s=VcCxwVjM58lm%2FtcO%2FqRCU%2BAL6KH7avmr8tFLs2iERYTkVrUYuMYin3vhyybid09b7gua2tyEhgAIWh1nxMi1X5ERdLzXRwfmFFDyu7JGDToYwgz4bD%2BS5jzp2cPmR03g"}],"group":"cf-nel","max_age":604800}', 'NEL': '{"success_fraction":0,"report_to":"cf-nel","max_age":604800}', 'Server': 'cloudflare', 'CF-RAY': '8943e0687b5613ec-ORD', 'alt-svc': 'h3=":443"; ma=86400'} 
 body={"results":[{"gender":"male","name":{"title":"Mr","first":"Johan","last":"Johansen"},"location":{"street":{"number":3374,"name":"Kaj Munks Vej"},"city":"Lemvig","state":"Syddanmark","country":"Denmark","postcode":16048,"coordinates":{"latitude":"-42.5733","longitude":"-83.2819"},"timezone":{"offset":"-10:00","description":"Hawaii"}},"email":"johan.johansen@example.com","login":{"uuid":"641567f1-b250-4ceb-a8a4-7038e420c39c","username":"redfish517","password":"ling","salt":"UitbY5Rz","md5":"ac2e3ad99d93faeafdd5246387dbaf63","sha1":"3e27452fb01d0f870c1a46be6ace44452e73a46a","sha256":"7cc3d3f15f174e64b79730daaa75c326c6224f5e6e3e499810f5abeb1cdfddbf"},"dob":{"date":"1945-04-23T20:51:01.332Z","age":79},"registered":{"date":"2007-02-01T09:50:10.210Z","age":17},"phone":"82107157","cell":"81773385","id":{"name":"CPR","value":"230445-4904"},"picture":{"large":"https://randomuser.me/api/portraits/men/52.jpg","medium":"https://randomuser.me/api/portraits/med/men/52.jpg","thumbnail":"https://randomuser.me/api/portraits/thumb/men/52.jpg"},"nat":"DK"}],"info":{"seed":"d5ce3674a5bcaebd","results":1,"page":1,"version":"1.4"}} 
 </msg>
<msg time="2024-06-15T16:18:32.440632" level="INFO">/opt/hostedtoolcache/Python/3.12.3/x64/lib/python3.12/site-packages/urllib3/connectionpool.py:1103: InsecureRequestWarning: Unverified HTTPS request is being made to host 'randomuser.me'. Adding certificate verification is strongly advised. See: https://urllib3.readthedocs.io/en/latest/advanced-usage.html#tls-warnings
  warnings.warn(</msg>
<msg time="2024-06-15T16:18:32.440808" level="INFO">${response} = &lt;Response [200]&gt;</msg>
<var>${response}</var>
<arg>consultarAPI</arg>
<arg>/api</arg>
<doc>Sends a GET request on a previously created HTTP Session.</doc>
<status status="PASS" start="2024-06-15T16:18:32.248307" elapsed="0.192549"/>
</kw>
<kw name="Should Be Equal As Numbers" owner="BuiltIn">
<msg time="2024-06-15T16:18:32.441721" level="INFO">Argument types are:
&lt;class 'int'&gt;
&lt;class 'str'&gt;</msg>
<arg>${response.status_code}</arg>
<arg>200</arg>
<doc>Fails if objects are unequal after converting them to real numbers.</doc>
<status status="PASS" start="2024-06-15T16:18:32.441306" elapsed="0.000478"/>
</kw>
<kw name="Log" owner="BuiltIn">
<msg time="2024-06-15T16:18:32.442478" level="INFO">200</msg>
<arg>${response.status_code}</arg>
<doc>Logs the given message with the given level.</doc>
<status status="PASS" start="2024-06-15T16:18:32.442132" elapsed="0.000400"/>
</kw>
<kw name="Set Variable" owner="BuiltIn">
<msg time="2024-06-15T16:18:32.443298" level="INFO">${json_data} = {'results': [{'gender': 'male', 'name': {'title': 'Mr', 'first': 'Johan', 'last': 'Johansen'}, 'location': {'street': {'number': 3374, 'name': 'Kaj Munks Vej'}, 'city': 'Lemvig', 'state': 'Syddanmark'...</msg>
<var>${json_data}</var>
<arg>${response.json()}</arg>
<doc>Returns the given values which can then be assigned to a variables.</doc>
<status status="PASS" start="2024-06-15T16:18:32.442837" elapsed="0.000498"/>
</kw>
<kw name="Dictionary Should Contain Key" owner="Collections">
<arg>${json_data}</arg>
<arg>results</arg>
<doc>Fails if ``key`` is not found from ``dictionary``.</doc>
<status status="PASS" start="2024-06-15T16:18:32.443643" elapsed="0.000165"/>
</kw>
<status status="PASS" start="2024-06-15T16:18:32.248061" elapsed="0.195890"/>
</kw>
<doc>Testa se a API responde corretamente e retorna um objeto JSON válido.</doc>
<tag>testeRequisicaoBasica</tag>
<status status="PASS" start="2024-06-15T16:18:32.247593" elapsed="0.196526"/>
</test>
<test id="s1-s1-t3" name="Validar estrutura de resposta" line="22">
<kw name="Teste de Estrutura de Resposta" owner="random-user-service">
<kw name="GET On Session" owner="RequestsLibrary">
<msg time="2024-06-15T16:18:32.537701" level="INFO">GET Request : url=https://randomuser.me/api 
 path_url=/api 
 headers={'User-Agent': 'python-requests/2.32.3', 'Accept-Encoding': 'gzip, deflate', 'Accept': '*/*', 'Connection': 'keep-alive'} 
 body=None 
 </msg>
<msg time="2024-06-15T16:18:32.537789" level="INFO">GET Response : url=https://randomuser.me/api 
 status=200, reason=OK 
 headers={'Date': 'Sat, 15 Jun 2024 16:18:32 GMT', 'Content-Type': 'application/json; charset=utf-8', 'Transfer-Encoding': 'chunked', 'Connection': 'keep-alive', 'X-Powered-By': 'Express', 'Access-Control-Allow-Origin': '*', 'Cache-Control': 'no-cache', 'ETag': 'W/"490-Z0mJbuA75ASJNNnry3OkgmAwN98"', 'Vary': 'Accept-Encoding', 'Content-Encoding': 'gzip', 'CF-Cache-Status': 'DYNAMIC', 'Report-To': '{"endpoints":[{"url":"https:\\/\\/a.nel.cloudflare.com\\/report\\/v4?s=zczFg4vMoTf1UUDh7qfAgTtP58WG7spTk8%2B23TwKWenlui9EQjE1B0%2BZqT7l0wt7nYyOH5bNCKdrz6A%2FVSoFQd0utPS0NoP7xhSSM3scLpe8cqwpCoiW1RJQw8r%2FYsnR"}],"group":"cf-nel","max_age":604800}', 'NEL': '{"success_fraction":0,"report_to":"cf-nel","max_age":604800}', 'Server': 'cloudflare', 'CF-RAY': '8943e068cbb913ec-ORD', 'alt-svc': 'h3=":443"; ma=86400'} 
 body={"results":[{"gender":"female","name":{"title":"Miss","first":"Rosario","last":"Ocasio"},"location":{"street":{"number":7384,"name":"Circunvalación Sierra Leona"},"city":"Xpu-ha","state":"Oaxaca","country":"Mexico","postcode":11910,"coordinates":{"latitude":"25.5886","longitude":"128.6161"},"timezone":{"offset":"+4:30","description":"Kabul"}},"email":"rosario.ocasio@example.com","login":{"uuid":"d93ab6f9-01f7-489a-b1f9-779633137cd5","username":"organicladybug531","password":"warren","salt":"f0DFMPUh","md5":"b13789b64c9ed8e990da8e7e4e2efcc5","sha1":"5a9de23119a61eea03fb9921629a527c71f60d32","sha256":"f16f7eeefe24c30d0fee986bc06aa1f9c8625447c16ce8337fa07edc06464900"},"dob":{"date":"1980-01-10T03:34:45.823Z","age":44},"registered":{"date":"2010-07-19T04:31:42.276Z","age":13},"phone":"(620) 147 8386","cell":"(657) 173 1123","id":{"name":"NSS","value":"77 04 48 7658 7"},"picture":{"large":"https://randomuser.me/api/portraits/women/20.jpg","medium":"https://randomuser.me/api/portraits/med/women/20.jpg","thumbnail":"https://randomuser.me/api/portraits/thumb/women/20.jpg"},"nat":"MX"}],"info":{"seed":"a8590fec38c0d3ba","results":1,"page":1,"version":"1.4"}} 
 </msg>
<msg time="2024-06-15T16:18:32.537929" level="INFO">/opt/hostedtoolcache/Python/3.12.3/x64/lib/python3.12/site-packages/urllib3/connectionpool.py:1103: InsecureRequestWarning: Unverified HTTPS request is being made to host 'randomuser.me'. Adding certificate verification is strongly advised. See: https://urllib3.readthedocs.io/en/latest/advanced-usage.html#tls-warnings
  warnings.warn(</msg>
<msg time="2024-06-15T16:18:32.538055" level="INFO">${response} = &lt;Response [200]&gt;</msg>
<var>${response}</var>
<arg>consultarAPI</arg>
<arg>/api</arg>
<doc>Sends a GET request on a previously created HTTP Session.</doc>
<status status="PASS" start="2024-06-15T16:18:32.446789" elapsed="0.091310"/>
</kw>
<kw name="Set Variable" owner="BuiltIn">
<msg time="2024-06-15T16:18:32.538902" level="INFO">${json_data} = {'results': [{'gender': 'female', 'name': {'title': 'Miss', 'first': 'Rosario', 'last': 'Ocasio'}, 'location': {'street': {'number': 7384, 'name': 'Circunvalación Sierra Leona'}, 'city': 'Xpu-ha', 'st...</msg>
<var>${json_data}</var>
<arg>${response.json()}</arg>
<doc>Returns the given values which can then be assigned to a variables.</doc>
<status status="PASS" start="2024-06-15T16:18:32.538453" elapsed="0.000479"/>
</kw>
<kw name="Log" owner="BuiltIn">
<msg time="2024-06-15T16:18:32.539441" level="INFO">{'results': [{'gender': 'female', 'name': {'title': 'Miss', 'first': 'Rosario', 'last': 'Ocasio'}, 'location': {'street': {'number': 7384, 'name': 'Circunvalación Sierra Leona'}, 'city': 'Xpu-ha', 'state': 'Oaxaca', 'country': 'Mexico', 'postcode': 11910, 'coordinates': {'latitude': '25.5886', 'longitude': '128.6161'}, 'timezone': {'offset': '+4:30', 'description': 'Kabul'}}, 'email': 'rosario.ocasio@example.com', 'login': {'uuid': 'd93ab6f9-01f7-489a-b1f9-779633137cd5', 'username': 'organicladybug531', 'password': 'warren', 'salt': 'f0DFMPUh', 'md5': 'b13789b64c9ed8e990da8e7e4e2efcc5', 'sha1': '5a9de23119a61eea03fb9921629a527c71f60d32', 'sha256': 'f16f7eeefe24c30d0fee986bc06aa1f9c8625447c16ce8337fa07edc06464900'}, 'dob': {'date': '1980-01-10T03:34:45.823Z', 'age': 44}, 'registered': {'date': '2010-07-19T04:31:42.276Z', 'age': 13}, 'phone': '(620) 147 8386', 'cell': '(657) 173 1123', 'id': {'name': 'NSS', 'value': '77 04 48 7658 7'}, 'picture': {'large': 'https://randomuser.me/api/portraits/women/20.jpg', 'medium': 'https://randomuser.me/api/portraits/med/women/20.jpg', 'thumbnail': 'https://randomuser.me/api/portraits/thumb/women/20.jpg'}, 'nat': 'MX'}], 'info': {'seed': 'a8590fec38c0d3ba', 'results': 1, 'page': 1, 'version': '1.4'}}</msg>
<arg>${json_data}</arg>
<doc>Logs the given message with the given level.</doc>
<status status="PASS" start="2024-06-15T16:18:32.539233" elapsed="0.000256"/>
</kw>
<kw name="Dictionary Should Contain Key" owner="Collections">
<arg>${json_data}</arg>
<arg>results</arg>
<doc>Fails if ``key`` is not found from ``dictionary``.</doc>
<status status="PASS" start="2024-06-15T16:18:32.539781" elapsed="0.000150"/>
</kw>
<kw name="Should Not Be Empty" owner="BuiltIn">
<msg time="2024-06-15T16:18:32.540234" level="INFO">Length is 2.</msg>
<arg>${json_data}</arg>
<doc>Verifies that the given item is not empty.</doc>
<status status="PASS" start="2024-06-15T16:18:32.540112" elapsed="0.000159"/>
</kw>
<kw name="Create List" owner="BuiltIn">
<msg time="2024-06-15T16:18:32.540701" level="INFO">${expected_keys} = ['gender', 'name', 'location', 'email', 'login']</msg>
<var>${expected_keys}</var>
<arg>gender</arg>
<arg>name</arg>
<arg>location</arg>
<arg>email</arg>
<arg>login</arg>
<doc>Returns a list containing given items.</doc>
<status status="PASS" start="2024-06-15T16:18:32.540558" elapsed="0.000165"/>
</kw>
<for flavor="IN">
<iter>
<kw name="Dictionary Should Contain Key" owner="Collections">
<arg>${json_data['results'][0]}</arg>
<arg>${key}</arg>
<doc>Fails if ``key`` is not found from ``dictionary``.</doc>
<status status="PASS" start="2024-06-15T16:18:32.541277" elapsed="0.000398"/>
</kw>
<kw name="Log" owner="BuiltIn">
<msg time="2024-06-15T16:18:32.542226" level="INFO">{'gender': 'female', 'name': {'title': 'Miss', 'first': 'Rosario', 'last': 'Ocasio'}, 'location': {'street': {'number': 7384, 'name': 'Circunvalación Sierra Leona'}, 'city': 'Xpu-ha', 'state': 'Oaxaca', 'country': 'Mexico', 'postcode': 11910, 'coordinates': {'latitude': '25.5886', 'longitude': '128.6161'}, 'timezone': {'offset': '+4:30', 'description': 'Kabul'}}, 'email': 'rosario.ocasio@example.com', 'login': {'uuid': 'd93ab6f9-01f7-489a-b1f9-779633137cd5', 'username': 'organicladybug531', 'password': 'warren', 'salt': 'f0DFMPUh', 'md5': 'b13789b64c9ed8e990da8e7e4e2efcc5', 'sha1': '5a9de23119a61eea03fb9921629a527c71f60d32', 'sha256': 'f16f7eeefe24c30d0fee986bc06aa1f9c8625447c16ce8337fa07edc06464900'}, 'dob': {'date': '1980-01-10T03:34:45.823Z', 'age': 44}, 'registered': {'date': '2010-07-19T04:31:42.276Z', 'age': 13}, 'phone': '(620) 147 8386', 'cell': '(657) 173 1123', 'id': {'name': 'NSS', 'value': '77 04 48 7658 7'}, 'picture': {'large': 'https://randomuser.me/api/portraits/women/20.jpg', 'medium': 'https://randomuser.me/api/portraits/med/women/20.jpg', 'thumbnail': 'https://randomuser.me/api/portraits/thumb/women/20.jpg'}, 'nat': 'MX'}</msg>
<arg>${json_data['results'][0]}</arg>
<doc>Logs the given message with the given level.</doc>
<status status="PASS" start="2024-06-15T16:18:32.541865" elapsed="0.000420"/>
</kw>
<kw name="Log" owner="BuiltIn">
<msg time="2024-06-15T16:18:32.542708" level="INFO">gender</msg>
<arg>${key}</arg>
<doc>Logs the given message with the given level.</doc>
<status status="PASS" start="2024-06-15T16:18:32.542580" elapsed="0.000165"/>
</kw>
<var name="${key}">gender</var>
<status status="PASS" start="2024-06-15T16:18:32.541150" elapsed="0.001816"/>
</iter>
<iter>
<kw name="Dictionary Should Contain Key" owner="Collections">
<arg>${json_data['results'][0]}</arg>
<arg>${key}</arg>
<doc>Fails if ``key`` is not found from ``dictionary``.</doc>
<status status="PASS" start="2024-06-15T16:18:32.543285" elapsed="0.000399"/>
</kw>
<kw name="Log" owner="BuiltIn">
<msg time="2024-06-15T16:18:32.544212" level="INFO">{'gender': 'female', 'name': {'title': 'Miss', 'first': 'Rosario', 'last': 'Ocasio'}, 'location': {'street': {'number': 7384, 'name': 'Circunvalación Sierra Leona'}, 'city': 'Xpu-ha', 'state': 'Oaxaca', 'country': 'Mexico', 'postcode': 11910, 'coordinates': {'latitude': '25.5886', 'longitude': '128.6161'}, 'timezone': {'offset': '+4:30', 'description': 'Kabul'}}, 'email': 'rosario.ocasio@example.com', 'login': {'uuid': 'd93ab6f9-01f7-489a-b1f9-779633137cd5', 'username': 'organicladybug531', 'password': 'warren', 'salt': 'f0DFMPUh', 'md5': 'b13789b64c9ed8e990da8e7e4e2efcc5', 'sha1': '5a9de23119a61eea03fb9921629a527c71f60d32', 'sha256': 'f16f7eeefe24c30d0fee986bc06aa1f9c8625447c16ce8337fa07edc06464900'}, 'dob': {'date': '1980-01-10T03:34:45.823Z', 'age': 44}, 'registered': {'date': '2010-07-19T04:31:42.276Z', 'age': 13}, 'phone': '(620) 147 8386', 'cell': '(657) 173 1123', 'id': {'name': 'NSS', 'value': '77 04 48 7658 7'}, 'picture': {'large': 'https://randomuser.me/api/portraits/women/20.jpg', 'medium': 'https://randomuser.me/api/portraits/med/women/20.jpg', 'thumbnail': 'https://randomuser.me/api/portraits/thumb/women/20.jpg'}, 'nat': 'MX'}</msg>
<arg>${json_data['results'][0]}</arg>
<doc>Logs the given message with the given level.</doc>
<status status="PASS" start="2024-06-15T16:18:32.543865" elapsed="0.000430"/>
</kw>
<kw name="Log" owner="BuiltIn">
<msg time="2024-06-15T16:18:32.544730" level="INFO">name</msg>
<arg>${key}</arg>
<doc>Logs the given message with the given level.</doc>
<status status="PASS" start="2024-06-15T16:18:32.544597" elapsed="0.000172"/>
</kw>
<var name="${key}">name</var>
<status status="PASS" start="2024-06-15T16:18:32.543151" elapsed="0.001838"/>
</iter>
<iter>
<kw name="Dictionary Should Contain Key" owner="Collections">
<arg>${json_data['results'][0]}</arg>
<arg>${key}</arg>
<doc>Fails if ``key`` is not found from ``dictionary``.</doc>
<status status="PASS" start="2024-06-15T16:18:32.545276" elapsed="0.000381"/>
</kw>
<kw name="Log" owner="BuiltIn">
<msg time="2024-06-15T16:18:32.546200" level="INFO">{'gender': 'female', 'name': {'title': 'Miss', 'first': 'Rosario', 'last': 'Ocasio'}, 'location': {'street': {'number': 7384, 'name': 'Circunvalación Sierra Leona'}, 'city': 'Xpu-ha', 'state': 'Oaxaca', 'country': 'Mexico', 'postcode': 11910, 'coordinates': {'latitude': '25.5886', 'longitude': '128.6161'}, 'timezone': {'offset': '+4:30', 'description': 'Kabul'}}, 'email': 'rosario.ocasio@example.com', 'login': {'uuid': 'd93ab6f9-01f7-489a-b1f9-779633137cd5', 'username': 'organicladybug531', 'password': 'warren', 'salt': 'f0DFMPUh', 'md5': 'b13789b64c9ed8e990da8e7e4e2efcc5', 'sha1': '5a9de23119a61eea03fb9921629a527c71f60d32', 'sha256': 'f16f7eeefe24c30d0fee986bc06aa1f9c8625447c16ce8337fa07edc06464900'}, 'dob': {'date': '1980-01-10T03:34:45.823Z', 'age': 44}, 'registered': {'date': '2010-07-19T04:31:42.276Z', 'age': 13}, 'phone': '(620) 147 8386', 'cell': '(657) 173 1123', 'id': {'name': 'NSS', 'value': '77 04 48 7658 7'}, 'picture': {'large': 'https://randomuser.me/api/portraits/women/20.jpg', 'medium': 'https://randomuser.me/api/portraits/med/women/20.jpg', 'thumbnail': 'https://randomuser.me/api/portraits/thumb/women/20.jpg'}, 'nat': 'MX'}</msg>
<arg>${json_data['results'][0]}</arg>
<doc>Logs the given message with the given level.</doc>
<status status="PASS" start="2024-06-15T16:18:32.545846" elapsed="0.000413"/>
</kw>
<kw name="Log" owner="BuiltIn">
<msg time="2024-06-15T16:18:32.546678" level="INFO">location</msg>
<arg>${key}</arg>
<doc>Logs the given message with the given level.</doc>
<status status="PASS" start="2024-06-15T16:18:32.546554" elapsed="0.000161"/>
</kw>
<var name="${key}">location</var>
<status status="PASS" start="2024-06-15T16:18:32.545167" elapsed="0.001786"/>
</iter>
<iter>
<kw name="Dictionary Should Contain Key" owner="Collections">
<arg>${json_data['results'][0]}</arg>
<arg>${key}</arg>
<doc>Fails if ``key`` is not found from ``dictionary``.</doc>
<status status="PASS" start="2024-06-15T16:18:32.547241" elapsed="0.000416"/>
</kw>
<kw name="Log" owner="BuiltIn">
<msg time="2024-06-15T16:18:32.548268" level="INFO">{'gender': 'female', 'name': {'title': 'Miss', 'first': 'Rosario', 'last': 'Ocasio'}, 'location': {'street': {'number': 7384, 'name': 'Circunvalación Sierra Leona'}, 'city': 'Xpu-ha', 'state': 'Oaxaca', 'country': 'Mexico', 'postcode': 11910, 'coordinates': {'latitude': '25.5886', 'longitude': '128.6161'}, 'timezone': {'offset': '+4:30', 'description': 'Kabul'}}, 'email': 'rosario.ocasio@example.com', 'login': {'uuid': 'd93ab6f9-01f7-489a-b1f9-779633137cd5', 'username': 'organicladybug531', 'password': 'warren', 'salt': 'f0DFMPUh', 'md5': 'b13789b64c9ed8e990da8e7e4e2efcc5', 'sha1': '5a9de23119a61eea03fb9921629a527c71f60d32', 'sha256': 'f16f7eeefe24c30d0fee986bc06aa1f9c8625447c16ce8337fa07edc06464900'}, 'dob': {'date': '1980-01-10T03:34:45.823Z', 'age': 44}, 'registered': {'date': '2010-07-19T04:31:42.276Z', 'age': 13}, 'phone': '(620) 147 8386', 'cell': '(657) 173 1123', 'id': {'name': 'NSS', 'value': '77 04 48 7658 7'}, 'picture': {'large': 'https://randomuser.me/api/portraits/women/20.jpg', 'medium': 'https://randomuser.me/api/portraits/med/women/20.jpg', 'thumbnail': 'https://randomuser.me/api/portraits/thumb/women/20.jpg'}, 'nat': 'MX'}</msg>
<arg>${json_data['results'][0]}</arg>
<doc>Logs the given message with the given level.</doc>
<status status="PASS" start="2024-06-15T16:18:32.547851" elapsed="0.000477"/>
</kw>
<kw name="Log" owner="BuiltIn">
<msg time="2024-06-15T16:18:32.548752" level="INFO">email</msg>
<arg>${key}</arg>
<doc>Logs the given message with the given level.</doc>
<status status="PASS" start="2024-06-15T16:18:32.548626" elapsed="0.000163"/>
</kw>
<var name="${key}">email</var>
<status status="PASS" start="2024-06-15T16:18:32.547123" elapsed="0.001880"/>
</iter>
<iter>
<kw name="Dictionary Should Contain Key" owner="Collections">
<arg>${json_data['results'][0]}</arg>
<arg>${key}</arg>
<doc>Fails if ``key`` is not found from ``dictionary``.</doc>
<status status="PASS" start="2024-06-15T16:18:32.549281" elapsed="0.000375"/>
</kw>
<kw name="Log" owner="BuiltIn">
<msg time="2024-06-15T16:18:32.550179" level="INFO">{'gender': 'female', 'name': {'title': 'Miss', 'first': 'Rosario', 'last': 'Ocasio'}, 'location': {'street': {'number': 7384, 'name': 'Circunvalación Sierra Leona'}, 'city': 'Xpu-ha', 'state': 'Oaxaca', 'country': 'Mexico', 'postcode': 11910, 'coordinates': {'latitude': '25.5886', 'longitude': '128.6161'}, 'timezone': {'offset': '+4:30', 'description': 'Kabul'}}, 'email': 'rosario.ocasio@example.com', 'login': {'uuid': 'd93ab6f9-01f7-489a-b1f9-779633137cd5', 'username': 'organicladybug531', 'password': 'warren', 'salt': 'f0DFMPUh', 'md5': 'b13789b64c9ed8e990da8e7e4e2efcc5', 'sha1': '5a9de23119a61eea03fb9921629a527c71f60d32', 'sha256': 'f16f7eeefe24c30d0fee986bc06aa1f9c8625447c16ce8337fa07edc06464900'}, 'dob': {'date': '1980-01-10T03:34:45.823Z', 'age': 44}, 'registered': {'date': '2010-07-19T04:31:42.276Z', 'age': 13}, 'phone': '(620) 147 8386', 'cell': '(657) 173 1123', 'id': {'name': 'NSS', 'value': '77 04 48 7658 7'}, 'picture': {'large': 'https://randomuser.me/api/portraits/women/20.jpg', 'medium': 'https://randomuser.me/api/portraits/med/women/20.jpg', 'thumbnail': 'https://randomuser.me/api/portraits/thumb/women/20.jpg'}, 'nat': 'MX'}</msg>
<arg>${json_data['results'][0]}</arg>
<doc>Logs the given message with the given level.</doc>
<status status="PASS" start="2024-06-15T16:18:32.549833" elapsed="0.000395"/>
</kw>
<kw name="Log" owner="BuiltIn">
<msg time="2024-06-15T16:18:32.550750" level="INFO">login</msg>
<arg>${key}</arg>
<doc>Logs the given message with the given level.</doc>
<status status="PASS" start="2024-06-15T16:18:32.550516" elapsed="0.000271"/>
</kw>
<var name="${key}">login</var>
<status status="PASS" start="2024-06-15T16:18:32.549175" elapsed="0.001827"/>
</iter>
<var>${key}</var>
<value>@{expected_keys}</value>
<status status="PASS" start="2024-06-15T16:18:32.540973" elapsed="0.010149"/>
</for>
<kw name="Create List" owner="BuiltIn">
<msg time="2024-06-15T16:18:32.551463" level="INFO">${expected_keysTwo} = ['username', 'password']</msg>
<var>${expected_keysTwo}</var>
<arg>username</arg>
<arg>password</arg>
<doc>Returns a list containing given items.</doc>
<status status="PASS" start="2024-06-15T16:18:32.551329" elapsed="0.000185"/>
</kw>
<for flavor="IN">
<iter>
<kw name="Dictionary Should Contain Key" owner="Collections">
<arg>${json_data['results'][0]['login']}</arg>
<arg>${keyTwo}</arg>
<doc>Fails if ``key`` is not found from ``dictionary``.</doc>
<status status="PASS" start="2024-06-15T16:18:32.552009" elapsed="0.000375"/>
</kw>
<kw name="Dictionary Should Contain Key" owner="Collections">
<arg>${json_data['results'][0]['login']}</arg>
<arg>${keyTwo}</arg>
<doc>Fails if ``key`` is not found from ``dictionary``.</doc>
<status status="PASS" start="2024-06-15T16:18:32.552561" elapsed="0.000369"/>
</kw>
<kw name="Log" owner="BuiltIn">
<msg time="2024-06-15T16:18:32.553215" level="INFO">username</msg>
<arg>${keyTwo}</arg>
<doc>Logs the given message with the given level.</doc>
<status status="PASS" start="2024-06-15T16:18:32.553101" elapsed="0.000150"/>
</kw>
<var name="${keyTwo}">username</var>
<status status="PASS" start="2024-06-15T16:18:32.551904" elapsed="0.001562"/>
</iter>
<iter>
<kw name="Dictionary Should Contain Key" owner="Collections">
<arg>${json_data['results'][0]['login']}</arg>
<arg>${keyTwo}</arg>
<doc>Fails if ``key`` is not found from ``dictionary``.</doc>
<status status="PASS" start="2024-06-15T16:18:32.553745" elapsed="0.000369"/>
</kw>
<kw name="Dictionary Should Contain Key" owner="Collections">
<arg>${json_data['results'][0]['login']}</arg>
<arg>${keyTwo}</arg>
<doc>Fails if ``key`` is not found from ``dictionary``.</doc>
<status status="PASS" start="2024-06-15T16:18:32.554289" elapsed="0.000358"/>
</kw>
<kw name="Log" owner="BuiltIn">
<msg time="2024-06-15T16:18:32.554933" level="INFO">password</msg>
<arg>${keyTwo}</arg>
<doc>Logs the given message with the given level.</doc>
<status status="PASS" start="2024-06-15T16:18:32.554818" elapsed="0.000150"/>
</kw>
<var name="${keyTwo}">password</var>
<status status="PASS" start="2024-06-15T16:18:32.553641" elapsed="0.001542"/>
</iter>
<var>${keyTwo}</var>
<value>@{expected_keysTwo}</value>
<status status="PASS" start="2024-06-15T16:18:32.551756" elapsed="0.003588"/>
</for>
<status status="PASS" start="2024-06-15T16:18:32.446553" elapsed="0.108930"/>
</kw>
<doc>Testa a estrutura da resposta da API.</doc>
<tag>testeEstruturaResposta</tag>
<status status="PASS" start="2024-06-15T16:18:32.445916" elapsed="0.109714"/>
</test>
<test id="s1-s1-t4" name="Validar tipos de dados" line="28">
<kw name="Teste de Tipos de Dados" owner="random-user-service">
<kw name="GET On Session" owner="RequestsLibrary">
<msg time="2024-06-15T16:18:32.636687" level="INFO">GET Request : url=https://randomuser.me/api 
 path_url=/api 
 headers={'User-Agent': 'python-requests/2.32.3', 'Accept-Encoding': 'gzip, deflate', 'Accept': '*/*', 'Connection': 'keep-alive'} 
 body=None 
 </msg>
<msg time="2024-06-15T16:18:32.636751" level="INFO">GET Response : url=https://randomuser.me/api 
 status=200, reason=OK 
 headers={'Date': 'Sat, 15 Jun 2024 16:18:32 GMT', 'Content-Type': 'application/json; charset=utf-8', 'Transfer-Encoding': 'chunked', 'Connection': 'keep-alive', 'X-Powered-By': 'Express', 'Access-Control-Allow-Origin': '*', 'Cache-Control': 'no-cache', 'ETag': 'W/"492-HnZg+MRzE8tsQQPrc8tbP/oMUOA"', 'Vary': 'Accept-Encoding', 'Content-Encoding': 'gzip', 'CF-Cache-Status': 'DYNAMIC', 'Report-To': '{"endpoints":[{"url":"https:\\/\\/a.nel.cloudflare.com\\/report\\/v4?s=cvGdvGBRg7Qt2tFsnuFtAc1bx7gv5Hh5ZEWXteAg2tKQo9XnJoCjPxA%2FeEpih8TAlwVYU258U%2F8w2fjysV2Jz%2BWg5yjM5TMQssG4s9CvfRAzgQLzE2vllO3HtB9rF3J4"}],"group":"cf-nel","max_age":604800}', 'NEL': '{"success_fraction":0,"report_to":"cf-nel","max_age":604800}', 'Server': 'cloudflare', 'CF-RAY': '8943e0698c9f13ec-ORD', 'alt-svc': 'h3=":443"; ma=86400'} 
 body={"results":[{"gender":"male","name":{"title":"Mr","first":"Evan","last":"James"},"location":{"street":{"number":3467,"name":"Bollinger Rd"},"city":"Hialeah","state":"Minnesota","country":"United States","postcode":45730,"coordinates":{"latitude":"85.1888","longitude":"-40.4935"},"timezone":{"offset":"+11:00","description":"Magadan, Solomon Islands, New Caledonia"}},"email":"evan.james@example.com","login":{"uuid":"57f50676-74e1-46f5-97e2-5dba3c01d5c8","username":"tinydog385","password":"hurrican","salt":"Ep4gA8uu","md5":"0c73641917fe2a2521e3da911133f32d","sha1":"88cf1bb9eccd8421c3c36cc41844b54e0cd7f048","sha256":"2984692600f631e8dfbf2caf5abeefabea62bbc98987d0ea8dab5b9b53dfd9c5"},"dob":{"date":"1991-08-14T01:15:48.460Z","age":32},"registered":{"date":"2016-11-03T15:50:25.322Z","age":7},"phone":"(380) 283-8509","cell":"(953) 972-0057","id":{"name":"SSN","value":"732-53-5741"},"picture":{"large":"https://randomuser.me/api/portraits/men/67.jpg","medium":"https://randomuser.me/api/portraits/med/men/67.jpg","thumbnail":"https://randomuser.me/api/portraits/thumb/men/67.jpg"},"nat":"US"}],"info":{"seed":"de9e2f962bf8b4b7","results":1,"page":1,"version":"1.4"}} 
 </msg>
<msg time="2024-06-15T16:18:32.636808" level="INFO">/opt/hostedtoolcache/Python/3.12.3/x64/lib/python3.12/site-packages/urllib3/connectionpool.py:1103: InsecureRequestWarning: Unverified HTTPS request is being made to host 'randomuser.me'. Adding certificate verification is strongly advised. See: https://urllib3.readthedocs.io/en/latest/advanced-usage.html#tls-warnings
  warnings.warn(</msg>
<msg time="2024-06-15T16:18:32.636915" level="INFO">${response} = &lt;Response [200]&gt;</msg>
<var>${response}</var>
<arg>consultarAPI</arg>
<arg>/api</arg>
<doc>Sends a GET request on a previously created HTTP Session.</doc>
<status status="PASS" start="2024-06-15T16:18:32.557958" elapsed="0.078987"/>
</kw>
<kw name="Set Variable" owner="BuiltIn">
<msg time="2024-06-15T16:18:32.637729" level="INFO">${json_data} = {'results': [{'gender': 'male', 'name': {'title': 'Mr', 'first': 'Evan', 'last': 'James'}, 'location': {'street': {'number': 3467, 'name': 'Bollinger Rd'}, 'city': 'Hialeah', 'state': 'Minnesota', 'co...</msg>
<var>${json_data}</var>
<arg>${response.json()}</arg>
<doc>Returns the given values which can then be assigned to a variables.</doc>
<status status="PASS" start="2024-06-15T16:18:32.637287" elapsed="0.000472"/>
</kw>
<kw name="Log" owner="BuiltIn">
<msg time="2024-06-15T16:18:32.638213" level="INFO">{'results': [{'gender': 'male', 'name': {'title': 'Mr', 'first': 'Evan', 'last': 'James'}, 'location': {'street': {'number': 3467, 'name': 'Bollinger Rd'}, 'city': 'Hialeah', 'state': 'Minnesota', 'country': 'United States', 'postcode': 45730, 'coordinates': {'latitude': '85.1888', 'longitude': '-40.4935'}, 'timezone': {'offset': '+11:00', 'description': 'Magadan, Solomon Islands, New Caledonia'}}, 'email': 'evan.james@example.com', 'login': {'uuid': '57f50676-74e1-46f5-97e2-5dba3c01d5c8', 'username': 'tinydog385', 'password': 'hurrican', 'salt': 'Ep4gA8uu', 'md5': '0c73641917fe2a2521e3da911133f32d', 'sha1': '88cf1bb9eccd8421c3c36cc41844b54e0cd7f048', 'sha256': '2984692600f631e8dfbf2caf5abeefabea62bbc98987d0ea8dab5b9b53dfd9c5'}, 'dob': {'date': '1991-08-14T01:15:48.460Z', 'age': 32}, 'registered': {'date': '2016-11-03T15:50:25.322Z', 'age': 7}, 'phone': '(380) 283-8509', 'cell': '(953) 972-0057', 'id': {'name': 'SSN', 'value': '732-53-5741'}, 'picture': {'large': 'https://randomuser.me/api/portraits/men/67.jpg', 'medium': 'https://randomuser.me/api/portraits/med/men/67.jpg', 'thumbnail': 'https://randomuser.me/api/portraits/thumb/men/67.jpg'}, 'nat': 'US'}], 'info': {'seed': 'de9e2f962bf8b4b7', 'results': 1, 'page': 1, 'version': '1.4'}}</msg>
<arg>${json_data}</arg>
<doc>Logs the given message with the given level.</doc>
<status status="PASS" start="2024-06-15T16:18:32.638062" elapsed="0.000199"/>
</kw>
<kw name="Should Be String" owner="String">
<arg>${json_data['results'][0]['gender']}</arg>
<doc>Fails if the given ``item`` is not a string.</doc>
<status status="PASS" start="2024-06-15T16:18:32.638549" elapsed="0.000366"/>
</kw>
<kw name="Should Match Regexp" owner="BuiltIn">
<arg>${json_data['results'][0]['email']}</arg>
<arg>^[a-zA-Z0-9._%+-]+@[a-zA-Z0-9.-]+\.[a-zA-Z]{2,}$</arg>
<doc>Fails if ``string`` does not match ``pattern`` as a regular expression.</doc>
<status status="PASS" start="2024-06-15T16:18:32.639105" elapsed="0.000608"/>
</kw>
<kw name="Should Match Regexp" owner="BuiltIn">
<arg>${json_data['results'][0]['dob']['date']}</arg>
<arg>\\d{4}-\\d{2}-\\d{2}T\\d{2}:\\d{2}:\\d{2}\\.\\d{3}Z</arg>
<doc>Fails if ``string`` does not match ``pattern`` as a regular expression.</doc>
<status status="PASS" start="2024-06-15T16:18:32.639914" elapsed="0.000488"/>
</kw>
<kw name="Should Match Regexp" owner="BuiltIn">
<arg>${json_data['results'][0]['registered']['date']}</arg>
<arg>\\d{4}-\\d{2}-\\d{2}T\\d{2}:\\d{2}:\\d{2}\\.\\d{3}Z</arg>
<doc>Fails if ``string`` does not match ``pattern`` as a regular expression.</doc>
<status status="PASS" start="2024-06-15T16:18:32.640591" elapsed="0.000360"/>
</kw>
<kw name="Should Match Regexp" owner="BuiltIn">
<arg>${json_data['results'][0]['picture']['large']}</arg>
<arg>^https?://.*\.(?:png|jpe?g|gif|bmp)$</arg>
<doc>Fails if ``string`` does not match ``pattern`` as a regular expression.</doc>
<status status="PASS" start="2024-06-15T16:18:32.641136" elapsed="0.000453"/>
</kw>
<kw name="Should Match Regexp" owner="BuiltIn">
<arg>${json_data['results'][0]['picture']['medium']}</arg>
<arg>^https?://.*\.(?:png|jpe?g|gif|bmp)$</arg>
<doc>Fails if ``string`` does not match ``pattern`` as a regular expression.</doc>
<status status="PASS" start="2024-06-15T16:18:32.641780" elapsed="0.000355"/>
</kw>
<kw name="Should Match Regexp" owner="BuiltIn">
<arg>${json_data['results'][0]['picture']['thumbnail']}</arg>
<arg>^https?://.*\.(?:png|jpe?g|gif|bmp)$</arg>
<doc>Fails if ``string`` does not match ``pattern`` as a regular expression.</doc>
<status status="PASS" start="2024-06-15T16:18:32.642323" elapsed="0.000344"/>
</kw>
<kw name="Log" owner="BuiltIn">
<msg time="2024-06-15T16:18:32.643167" level="INFO">{'large': 'https://randomuser.me/api/portraits/men/67.jpg', 'medium': 'https://randomuser.me/api/portraits/med/men/67.jpg', 'thumbnail': 'https://randomuser.me/api/portraits/thumb/men/67.jpg'}</msg>
<arg>${json_data['results'][0]['picture']}</arg>
<doc>Logs the given message with the given level.</doc>
<status status="PASS" start="2024-06-15T16:18:32.642844" elapsed="0.000365"/>
</kw>
<status status="PASS" start="2024-06-15T16:18:32.557740" elapsed="0.085755"/>
</kw>
<kw name="Teste de Tipos de Dados - Postcode" owner="random-user-service">
<kw name="GET On Session" owner="RequestsLibrary">
<msg time="2024-06-15T16:18:32.755728" level="INFO">GET Request : url=https://randomuser.me/api 
 path_url=/api 
 headers={'User-Agent': 'python-requests/2.32.3', 'Accept-Encoding': 'gzip, deflate', 'Accept': '*/*', 'Connection': 'keep-alive'} 
 body=None 
 </msg>
<msg time="2024-06-15T16:18:32.755807" level="INFO">GET Response : url=https://randomuser.me/api 
 status=200, reason=OK 
 headers={'Date': 'Sat, 15 Jun 2024 16:18:32 GMT', 'Content-Type': 'application/json; charset=utf-8', 'Transfer-Encoding': 'chunked', 'Connection': 'keep-alive', 'X-Powered-By': 'Express', 'Access-Control-Allow-Origin': '*', 'Cache-Control': 'no-cache', 'ETag': 'W/"48c-swqm1dNuI/l925zh3TD93YRWMQM"', 'Vary': 'Accept-Encoding', 'Content-Encoding': 'gzip', 'CF-Cache-Status': 'DYNAMIC', 'Report-To': '{"endpoints":[{"url":"https:\\/\\/a.nel.cloudflare.com\\/report\\/v4?s=oDYv6Y1SaJKnnh1t5fMmpbH63gH7GKgCA3iFJj2ZLW6CNfdcy5YZzv9u44Yw%2BRqH7sNjqhJaPqhaQwbWhGECvPMkpE%2Fmqx%2B0DQ4lEbsXty0UYTV6kMk%2BQWM%2Fa3HP1B0l"}],"group":"cf-nel","max_age":604800}', 'NEL': '{"success_fraction":0,"report_to":"cf-nel","max_age":604800}', 'Server': 'cloudflare', 'CF-RAY': '8943e06a0d4613ec-ORD', 'alt-svc': 'h3=":443"; ma=86400'} 
 body={"results":[{"gender":"male","name":{"title":"Mr","first":"Matteo","last":"Blanc"},"location":{"street":{"number":9927,"name":"Rue du Château"},"city":"Colombes","state":"Yvelines","country":"France","postcode":79982,"coordinates":{"latitude":"-18.1724","longitude":"-161.2733"},"timezone":{"offset":"-7:00","description":"Mountain Time (US &amp; Canada)"}},"email":"matteo.blanc@example.com","login":{"uuid":"a13fc4fc-e5cb-4178-aea0-76777b3bc443","username":"redbird493","password":"uuuuu","salt":"6uURgDGl","md5":"cab4b5bb3aa967135acb646331bfb18b","sha1":"6c58c39678ce66d31b7f7604943017659e9fa8cb","sha256":"b9b07324ef211e75814af53726ff09b8ecf59dfcda6df7fb5f2bc6c57ba97467"},"dob":{"date":"1966-05-03T14:09:57.406Z","age":58},"registered":{"date":"2011-12-13T16:23:15.551Z","age":12},"phone":"03-72-77-22-27","cell":"06-43-63-43-66","id":{"name":"INSEE","value":"1660436275356 06"},"picture":{"large":"https://randomuser.me/api/portraits/men/45.jpg","medium":"https://randomuser.me/api/portraits/med/men/45.jpg","thumbnail":"https://randomuser.me/api/portraits/thumb/men/45.jpg"},"nat":"FR"}],"info":{"seed":"5f5d46802cc9b7c1","results":1,"page":1,"version":"1.4"}} 
 </msg>
<msg time="2024-06-15T16:18:32.755894" level="INFO">/opt/hostedtoolcache/Python/3.12.3/x64/lib/python3.12/site-packages/urllib3/connectionpool.py:1103: InsecureRequestWarning: Unverified HTTPS request is being made to host 'randomuser.me'. Adding certificate verification is strongly advised. See: https://urllib3.readthedocs.io/en/latest/advanced-usage.html#tls-warnings
  warnings.warn(</msg>
<msg time="2024-06-15T16:18:32.756023" level="INFO">${response} = &lt;Response [200]&gt;</msg>
<var>${response}</var>
<arg>consultarAPI</arg>
<arg>/api</arg>
<doc>Sends a GET request on a previously created HTTP Session.</doc>
<status status="PASS" start="2024-06-15T16:18:32.643926" elapsed="0.112150"/>
</kw>
<kw name="Set Variable" owner="BuiltIn">
<msg time="2024-06-15T16:18:32.756960" level="INFO">${json_data} = {'results': [{'gender': 'male', 'name': {'title': 'Mr', 'first': 'Matteo', 'last': 'Blanc'}, 'location': {'street': {'number': 9927, 'name': 'Rue du Château'}, 'city': 'Colombes', 'state': 'Yvelines',...</msg>
<var>${json_data}</var>
<arg>${response.json()}</arg>
<doc>Returns the given values which can then be assigned to a variables.</doc>
<status status="PASS" start="2024-06-15T16:18:32.756506" elapsed="0.000483"/>
</kw>
<kw name="Log" owner="BuiltIn">
<msg time="2024-06-15T16:18:32.757448" level="INFO">{'results': [{'gender': 'male', 'name': {'title': 'Mr', 'first': 'Matteo', 'last': 'Blanc'}, 'location': {'street': {'number': 9927, 'name': 'Rue du Château'}, 'city': 'Colombes', 'state': 'Yvelines', 'country': 'France', 'postcode': 79982, 'coordinates': {'latitude': '-18.1724', 'longitude': '-161.2733'}, 'timezone': {'offset': '-7:00', 'description': 'Mountain Time (US &amp; Canada)'}}, 'email': 'matteo.blanc@example.com', 'login': {'uuid': 'a13fc4fc-e5cb-4178-aea0-76777b3bc443', 'username': 'redbird493', 'password': 'uuuuu', 'salt': '6uURgDGl', 'md5': 'cab4b5bb3aa967135acb646331bfb18b', 'sha1': '6c58c39678ce66d31b7f7604943017659e9fa8cb', 'sha256': 'b9b07324ef211e75814af53726ff09b8ecf59dfcda6df7fb5f2bc6c57ba97467'}, 'dob': {'date': '1966-05-03T14:09:57.406Z', 'age': 58}, 'registered': {'date': '2011-12-13T16:23:15.551Z', 'age': 12}, 'phone': '03-72-77-22-27', 'cell': '06-43-63-43-66', 'id': {'name': 'INSEE', 'value': '1660436275356 06'}, 'picture': {'large': 'https://randomuser.me/api/portraits/men/45.jpg', 'medium': 'https://randomuser.me/api/portraits/med/men/45.jpg', 'thumbnail': 'https://randomuser.me/api/portraits/thumb/men/45.jpg'}, 'nat': 'FR'}], 'info': {'seed': '5f5d46802cc9b7c1', 'results': 1, 'page': 1, 'version': '1.4'}}</msg>
<arg>${json_data}</arg>
<doc>Logs the given message with the given level.</doc>
<status status="PASS" start="2024-06-15T16:18:32.757294" elapsed="0.000204"/>
</kw>
<kw name="Should Be Equal As Numbers" owner="BuiltIn">
<arg>${json_data['results'][0]['location']['postcode']}</arg>
<arg>${json_data['results'][0]['location']['postcode']}</arg>
<doc>Fails if objects are unequal after converting them to real numbers.</doc>
<status status="PASS" start="2024-06-15T16:18:32.757792" elapsed="0.000614"/>
</kw>
<kw name="Log" owner="BuiltIn">
<msg time="2024-06-15T16:18:32.758930" level="INFO">79982</msg>
<arg>${json_data['results'][0]['location']['postcode']}</arg>
<doc>Logs the given message with the given level.</doc>
<status status="PASS" start="2024-06-15T16:18:32.758596" elapsed="0.000407"/>
</kw>
<status status="PASS" start="2024-06-15T16:18:32.643703" elapsed="0.115582"/>
</kw>
<doc>Testa se os tipos de dados na resposta da API estão corretos.</doc>
<tag>testeTiposDados</tag>
<status status="PASS" start="2024-06-15T16:18:32.557335" elapsed="0.202130"/>
</test>
<test id="s1-s1-t5" name="Validar conteudo" line="35">
<kw name="Teste de Tipos de Conteudo" owner="random-user-service">
<kw name="GET On Session" owner="RequestsLibrary">
<msg time="2024-06-15T16:18:32.843966" level="INFO">GET Request : url=https://randomuser.me/api 
 path_url=/api 
 headers={'User-Agent': 'python-requests/2.32.3', 'Accept-Encoding': 'gzip, deflate', 'Accept': '*/*', 'Connection': 'keep-alive'} 
 body=None 
 </msg>
<msg time="2024-06-15T16:18:32.844054" level="INFO">GET Response : url=https://randomuser.me/api 
 status=200, reason=OK 
 headers={'Date': 'Sat, 15 Jun 2024 16:18:32 GMT', 'Content-Type': 'application/json; charset=utf-8', 'Transfer-Encoding': 'chunked', 'Connection': 'keep-alive', 'X-Powered-By': 'Express', 'Access-Control-Allow-Origin': '*', 'Cache-Control': 'no-cache', 'ETag': 'W/"482-lCIXdPhTFh8HMHg818urFH1MMXM"', 'Vary': 'Accept-Encoding', 'Content-Encoding': 'gzip', 'CF-Cache-Status': 'DYNAMIC', 'Report-To': '{"endpoints":[{"url":"https:\\/\\/a.nel.cloudflare.com\\/report\\/v4?s=vHGeyqP4lmn7XqIp2fzv0DkyD9OH1ylyOOk3iYM4Ao1OafUoFmnjno4EfQVeAl4D3nJuMcGuqyQxYJ0Z7PTrFSIQgQZlVoNcXthatI8mg%2BCFzXhMUEwn3UghYi7m9gh6"}],"group":"cf-nel","max_age":604800}', 'NEL': '{"success_fraction":0,"report_to":"cf-nel","max_age":604800}', 'Server': 'cloudflare', 'CF-RAY': '8943e06ace3213ec-ORD', 'alt-svc': 'h3=":443"; ma=86400'} 
 body={"results":[{"gender":"male","name":{"title":"Mr","first":"Babür","last":"Kunter"},"location":{"street":{"number":9316,"name":"Maçka Cd"},"city":"Aydın","state":"Kahramanmaraş","country":"Turkey","postcode":23676,"coordinates":{"latitude":"68.1017","longitude":"-42.0424"},"timezone":{"offset":"+4:00","description":"Abu Dhabi, Muscat, Baku, Tbilisi"}},"email":"babur.kunter@example.com","login":{"uuid":"199eb192-8ed2-4934-bbd5-6a2f5e2c7783","username":"ticklishgoose459","password":"pookey","salt":"G5YkJlq9","md5":"37d7e5970fd12deac92bc45abdbe176f","sha1":"6f04a22ee02ad24722a9653d3ce1c31fca3a52a2","sha256":"1bd77285654922873240d07d7dbd7363ed097428d1a2dbcbfa5f22e32ee1ca2c"},"dob":{"date":"1981-01-02T13:25:13.041Z","age":43},"registered":{"date":"2005-01-02T12:15:20.816Z","age":19},"phone":"(391)-744-5177","cell":"(045)-989-7087","id":{"name":"","value":null},"picture":{"large":"https://randomuser.me/api/portraits/men/96.jpg","medium":"https://randomuser.me/api/portraits/med/men/96.jpg","thumbnail":"https://randomuser.me/api/portraits/thumb/men/96.jpg"},"nat":"TR"}],"info":{"seed":"2f07a1b424e5aa36","results":1,"page":1,"version":"1.4"}} 
 </msg>
<msg time="2024-06-15T16:18:32.844132" level="INFO">/opt/hostedtoolcache/Python/3.12.3/x64/lib/python3.12/site-packages/urllib3/connectionpool.py:1103: InsecureRequestWarning: Unverified HTTPS request is being made to host 'randomuser.me'. Adding certificate verification is strongly advised. See: https://urllib3.readthedocs.io/en/latest/advanced-usage.html#tls-warnings
  warnings.warn(</msg>
<msg time="2024-06-15T16:18:32.844271" level="INFO">${response} = &lt;Response [200]&gt;</msg>
<var>${response}</var>
<arg>consultarAPI</arg>
<arg>/api</arg>
<doc>Sends a GET request on a previously created HTTP Session.</doc>
<status status="PASS" start="2024-06-15T16:18:32.761878" elapsed="0.082450"/>
</kw>
<kw name="Set Variable" owner="BuiltIn">
<msg time="2024-06-15T16:18:32.845202" level="INFO">${json_data} = {'results': [{'gender': 'male', 'name': {'title': 'Mr', 'first': 'Babür', 'last': 'Kunter'}, 'location': {'street': {'number': 9316, 'name': 'Maçka Cd'}, 'city': 'Aydın', 'state': 'Kahramanmaraş', 'co...</msg>
<var>${json_data}</var>
<arg>${response.json()}</arg>
<doc>Returns the given values which can then be assigned to a variables.</doc>
<status status="PASS" start="2024-06-15T16:18:32.844750" elapsed="0.000483"/>
</kw>
<kw name="Set Variable" owner="BuiltIn">
<msg time="2024-06-15T16:18:32.845905" level="INFO">${name_title} = Mr</msg>
<var>${name_title}</var>
<arg>${json_data["results"][0]["name"]["title"]}</arg>
<doc>Returns the given values which can then be assigned to a variables.</doc>
<status status="PASS" start="2024-06-15T16:18:32.845531" elapsed="0.000399"/>
</kw>
<kw name="Create List" owner="BuiltIn">
<msg time="2024-06-15T16:18:32.846377" level="INFO">${allowed_titles} = ['Mr', 'Ms', 'Miss', 'Mrs', 'Madame', 'Monsieur']</msg>
<var>${allowed_titles}</var>
<arg>Mr</arg>
<arg>Ms</arg>
<arg>Miss</arg>
<arg>Mrs</arg>
<arg>Madame</arg>
<arg>Monsieur</arg>
<doc>Returns a list containing given items.</doc>
<status status="PASS" start="2024-06-15T16:18:32.846230" elapsed="0.000170"/>
</kw>
<kw name="List Should Contain Value" owner="Collections">
<arg>${allowed_titles}</arg>
<arg>${name_title}</arg>
<doc>Fails if the ``value`` is not found from ``list``.</doc>
<status status="PASS" start="2024-06-15T16:18:32.846698" elapsed="0.000173"/>
</kw>
<kw name="Set Variable" owner="BuiltIn">
<msg time="2024-06-15T16:18:32.847451" level="INFO">${name_country} = TR</msg>
<var>${name_country}</var>
<arg>${json_data["results"][0]["nat"]}</arg>
<doc>Returns the given values which can then be assigned to a variables.</doc>
<status status="PASS" start="2024-06-15T16:18:32.847046" elapsed="0.000430"/>
</kw>
<kw name="Create List" owner="BuiltIn">
<msg time="2024-06-15T16:18:32.848356" level="INFO">${list_country} = ['AD', 'AE', 'AF', 'AG', 'AI', 'AL', 'AM', 'AO', 'AQ', 'AR', 'AS', 'AT', 'AU', 'AW', 'AX', 'AZ', 'BA', 'BB', 'BD', 'BE', 'BF', 'BG', 'BH', 'BI', 'BJ', 'BL', 'BM', 'BN', 'BO', 'BQ', 'BR', 'BS', 'BT', '...</msg>
<var>${list_country}</var>
<arg>AD</arg>
<arg>AE</arg>
<arg>AF</arg>
<arg>AG</arg>
<arg>AI</arg>
<arg>AL</arg>
<arg>AM</arg>
<arg>AO</arg>
<arg>AQ</arg>
<arg>AR</arg>
<arg>AS</arg>
<arg>AT</arg>
<arg>AU</arg>
<arg>AW</arg>
<arg>AX</arg>
<arg>AZ</arg>
<arg>BA</arg>
<arg>BB</arg>
<arg>BD</arg>
<arg>BE</arg>
<arg>BF</arg>
<arg>BG</arg>
<arg>BH</arg>
<arg>BI</arg>
<arg>BJ</arg>
<arg>BL</arg>
<arg>BM</arg>
<arg>BN</arg>
<arg>BO</arg>
<arg>BQ</arg>
<arg>BR</arg>
<arg>BS</arg>
<arg>BT</arg>
<arg>BV</arg>
<arg>BW</arg>
<arg>BY</arg>
<arg>BZ</arg>
<arg>CA</arg>
<arg>CC</arg>
<arg>CD</arg>
<arg>CF</arg>
<arg>CG</arg>
<arg>CH</arg>
<arg>CI</arg>
<arg>CK</arg>
<arg>CL</arg>
<arg>CM</arg>
<arg>CN</arg>
<arg>CO</arg>
<arg>CR</arg>
<arg>CU</arg>
<arg>CV</arg>
<arg>CW</arg>
<arg>CX</arg>
<arg>CY</arg>
<arg>CZ</arg>
<arg>DE</arg>
<arg>DJ</arg>
<arg>DK</arg>
<arg>DM</arg>
<arg>DO</arg>
<arg>DZ</arg>
<arg>EC</arg>
<arg>EE</arg>
<arg>EG</arg>
<arg>EH</arg>
<arg>ER</arg>
<arg>ES</arg>
<arg>ET</arg>
<arg>FI</arg>
<arg>FJ</arg>
<arg>FK</arg>
<arg>FM</arg>
<arg>FO</arg>
<arg>FR</arg>
<arg>GA</arg>
<arg>GB</arg>
<arg>GD</arg>
<arg>GE</arg>
<arg>GF</arg>
<arg>GG</arg>
<arg>GH</arg>
<arg>GI</arg>
<arg>GL</arg>
<arg>GM</arg>
<arg>GN</arg>
<arg>GP</arg>
<arg>GQ</arg>
<arg>GR</arg>
<arg>GS</arg>
<arg>GT</arg>
<arg>GU</arg>
<arg>GW</arg>
<arg>GY</arg>
<arg>HK</arg>
<arg>HM</arg>
<arg>HN</arg>
<arg>HR</arg>
<arg>HT</arg>
<arg>HU</arg>
<arg>ID</arg>
<arg>IE</arg>
<arg>IL</arg>
<arg>IM</arg>
<arg>IN</arg>
<arg>IO</arg>
<arg>IQ</arg>
<arg>IR</arg>
<arg>IS</arg>
<arg>IT</arg>
<arg>JE</arg>
<arg>JM</arg>
<arg>JO</arg>
<arg>JP</arg>
<arg>KE</arg>
<arg>KG</arg>
<arg>KH</arg>
<arg>KI</arg>
<arg>KM</arg>
<arg>KN</arg>
<arg>KP</arg>
<arg>KR</arg>
<arg>KW</arg>
<arg>KY</arg>
<arg>KZ</arg>
<arg>LA</arg>
<arg>LB</arg>
<arg>LC</arg>
<arg>LI</arg>
<arg>LK</arg>
<arg>LR</arg>
<arg>LS</arg>
<arg>LT</arg>
<arg>LU</arg>
<arg>LV</arg>
<arg>LY</arg>
<arg>MA</arg>
<arg>MC</arg>
<arg>MD</arg>
<arg>ME</arg>
<arg>MF</arg>
<arg>MG</arg>
<arg>MH</arg>
<arg>MK</arg>
<arg>ML</arg>
<arg>MM</arg>
<arg>MN</arg>
<arg>MO</arg>
<arg>MP</arg>
<arg>MQ</arg>
<arg>MR</arg>
<arg>MS</arg>
<arg>MT</arg>
<arg>MU</arg>
<arg>MV</arg>
<arg>MW</arg>
<arg>MX</arg>
<arg>MY</arg>
<arg>MZ</arg>
<arg>NA</arg>
<arg>NC</arg>
<arg>NE</arg>
<arg>NF</arg>
<arg>NG</arg>
<arg>NI</arg>
<arg>NL</arg>
<arg>NO</arg>
<arg>NP</arg>
<arg>NR</arg>
<arg>NU</arg>
<arg>NZ</arg>
<arg>OM</arg>
<arg>PA</arg>
<arg>PE</arg>
<arg>PF</arg>
<arg>PG</arg>
<arg>PH</arg>
<arg>PK</arg>
<arg>PL</arg>
<arg>PM</arg>
<arg>PN</arg>
<arg>PR</arg>
<arg>PS</arg>
<arg>PT</arg>
<arg>PW</arg>
<arg>PY</arg>
<arg>QA</arg>
<arg>RE</arg>
<arg>RO</arg>
<arg>RS</arg>
<arg>RU</arg>
<arg>RW</arg>
<arg>SA</arg>
<arg>SB</arg>
<arg>SC</arg>
<arg>SD</arg>
<arg>SE</arg>
<arg>SG</arg>
<arg>SH</arg>
<arg>SI</arg>
<arg>SJ</arg>
<arg>SK</arg>
<arg>SL</arg>
<arg>SM</arg>
<arg>SN</arg>
<arg>SO</arg>
<arg>SR</arg>
<arg>SS</arg>
<arg>ST</arg>
<arg>SV</arg>
<arg>SX</arg>
<arg>SY</arg>
<arg>SZ</arg>
<arg>TC</arg>
<arg>TD</arg>
<arg>TF</arg>
<arg>TG</arg>
<arg>TH</arg>
<arg>TJ</arg>
<arg>TK</arg>
<arg>TL</arg>
<arg>TM</arg>
<arg>TN</arg>
<arg>TO</arg>
<arg>TR</arg>
<arg>TT</arg>
<arg>TV</arg>
<arg>TW</arg>
<arg>TZ</arg>
<arg>UA</arg>
<arg>UG</arg>
<arg>UM</arg>
<arg>US</arg>
<arg>UY</arg>
<arg>UZ</arg>
<arg>VA</arg>
<arg>VC</arg>
<arg>VE</arg>
<arg>VG</arg>
<arg>VI</arg>
<arg>VN</arg>
<arg>VU</arg>
<arg>WF</arg>
<arg>WS</arg>
<arg>XK</arg>
<arg>YE</arg>
<arg>YT</arg>
<arg>ZA</arg>
<arg>ZM</arg>
<arg>ZW</arg>
<doc>Returns a list containing given items.</doc>
<status status="PASS" start="2024-06-15T16:18:32.847768" elapsed="0.000612"/>
</kw>
<kw name="List Should Contain Value" owner="Collections">
<arg>${list_country}</arg>
<arg>${name_country}</arg>
<doc>Fails if the ``value`` is not found from ``list``.</doc>
<status status="PASS" start="2024-06-15T16:18:32.849171" elapsed="0.000201"/>
</kw>
<kw name="Run Keyword If" owner="BuiltIn">
<kw name="Should Be True" owner="BuiltIn">
<arg>${True}</arg>
<doc>Fails if the given condition is not true.</doc>
<status status="PASS" start="2024-06-15T16:18:32.850407" elapsed="0.000139"/>
</kw>
<arg>${json_data["results"][0]["location"]["coordinates"]["latitude"]} &gt;= -90 and ${json_data["results"][0]["location"]["coordinates"]["latitude"]} &lt;= 90</arg>
<arg>Should Be True</arg>
<arg>${True}</arg>
<doc>Runs the given keyword with the given arguments, if ``condition`` is true.</doc>
<status status="PASS" start="2024-06-15T16:18:32.849575" elapsed="0.001096"/>
</kw>
<kw name="Run Keyword If" owner="BuiltIn">
<kw name="Should Be True" owner="BuiltIn">
<arg>${True}</arg>
<doc>Fails if the given condition is not true.</doc>
<status status="PASS" start="2024-06-15T16:18:32.851575" elapsed="0.000138"/>
</kw>
<arg>${json_data["results"][0]["location"]["coordinates"]["longitude"]} &gt;= -180 and ${json_data["results"][0]["location"]["coordinates"]["longitude"]} &lt;= 180</arg>
<arg>Should Be True</arg>
<arg>${True}</arg>
<doc>Runs the given keyword with the given arguments, if ``condition`` is true.</doc>
<status status="PASS" start="2024-06-15T16:18:32.850850" elapsed="0.000984"/>
</kw>
<status status="PASS" start="2024-06-15T16:18:32.761662" elapsed="0.090297"/>
</kw>
<doc>Testa o conteúdo específico dos campos retornados pela API.</doc>
<tag>testeConteudo</tag>
<status status="PASS" start="2024-06-15T16:18:32.761208" elapsed="0.090892"/>
</test>
<status status="PASS" start="2024-06-15T16:18:31.923977" elapsed="0.929991"/>
</suite>
<status status="PASS" start="2024-06-15T16:18:31.910805" elapsed="0.948145"/>
</suite>
<statistics>
<total>
<stat pass="5" fail="0" skip="0">All Tests</stat>
</total>
<tag>
<stat pass="1" fail="0" skip="0">testeConteudo</stat>
<stat pass="1" fail="0" skip="0">testeEstruturaResposta</stat>
<stat pass="1" fail="0" skip="0">testeRequisicaoBasica</stat>
<stat pass="1" fail="0" skip="0">testeTiposDados</stat>
</tag>
<suite>
<stat pass="5" fail="0" skip="0" id="s1" name="Tests">Tests</stat>
<stat pass="5" fail="0" skip="0" id="s1-s1" name="Random-User-Test">Tests.Random-User-Test</stat>
</suite>
</statistics>
<errors>
</errors>
</robot>
