<?xml version="1.0" encoding="UTF-8"?>
<robot generator="Robot 7.0 (Python 3.12.2 on linux)" generated="2024-03-29T16:16:56.557222" rpa="false" schemaversion="5">
<suite id="s1" name="Tests" source="/home/runner/work/DesafioQAItauRogerioJordao/DesafioQAItauRogerioJordao/RamdonUser/tests">
<suite id="s1-s1" name="Random-User-Test" source="/home/runner/work/DesafioQAItauRogerioJordao/DesafioQAItauRogerioJordao/RamdonUser/tests/random-user-test.robot">
<test id="s1-s1-t1" name="Conectar" line="13">
<kw name="Conectar API" owner="random-user-service">
<kw name="Create Session" owner="RequestsLibrary">
<msg time="2024-03-29T16:16:56.908082" level="INFO">Creating Session using : alias=consultarAPI, url=https://randomuser.me/, headers={},                     cookies={}, auth=None, timeout=None, proxies=None, verify=False,                     debug=0 </msg>
<arg>consultarAPI</arg>
<arg>${URL}</arg>
<doc>Create Session: create a HTTP session to a server</doc>
<status status="PASS" start="2024-03-29T16:16:56.907892" elapsed="0.000360"/>
</kw>
<status status="PASS" start="2024-03-29T16:16:56.906902" elapsed="0.001696"/>
</kw>
<status status="PASS" start="2024-03-29T16:16:56.906352" elapsed="0.002490"/>
</test>
<test id="s1-s1-t2" name="Validar retorno 200 e JSON Válido" line="16">
<kw name="Teste de Requisicao Basica" owner="random-user-service">
<kw name="GET On Session" owner="RequestsLibrary">
<msg time="2024-03-29T16:16:57.137373" level="INFO">GET Request : url=https://randomuser.me/api 
 path_url=/api 
 headers={'User-Agent': 'python-requests/2.31.0', 'Accept-Encoding': 'gzip, deflate', 'Accept': '*/*', 'Connection': 'keep-alive'} 
 body=None 
 </msg>
<msg time="2024-03-29T16:16:57.137525" level="INFO">GET Response : url=https://randomuser.me/api 
 status=200, reason=OK 
 headers={'Date': 'Fri, 29 Mar 2024 16:16:57 GMT', 'Content-Type': 'application/json; charset=utf-8', 'Transfer-Encoding': 'chunked', 'Connection': 'keep-alive', 'X-Powered-By': 'Express', 'Access-Control-Allow-Origin': '*', 'Cache-Control': 'no-cache', 'ETag': 'W/"490-mcVYxMtNn6EICvhvNSZLp7kDiCc"', 'Vary': 'Accept-Encoding', 'Content-Encoding': 'gzip', 'CF-Cache-Status': 'DYNAMIC', 'Report-To': '{"endpoints":[{"url":"https:\\/\\/a.nel.cloudflare.com\\/report\\/v4?s=sTV4zLvCVJoW1ylDQrv7OFZE3r8uVxF7X9pQrqLYO0fuTBnMQZQFgHpYT%2FbjLqNobeSZaJGOkw85Lk848c2yZguRYkBmBdEJKN6wDrnv%2FekWUq%2FTp6Q50E0yKY3fJ4fB"}],"group":"cf-nel","max_age":604800}', 'NEL': '{"success_fraction":0,"report_to":"cf-nel","max_age":604800}', 'Server': 'cloudflare', 'CF-RAY': '86c12ad499e1171e-SJC', 'alt-svc': 'h3=":443"; ma=86400'} 
 body={"results":[{"gender":"female","name":{"title":"Ms","first":"Olja","last":"Stanojević"},"location":{"street":{"number":5336,"name":"Stefana Radoslava "},"city":"Ražanj","state":"Srem","country":"Serbia","postcode":76655,"coordinates":{"latitude":"59.1223","longitude":"114.3118"},"timezone":{"offset":"-7:00","description":"Mountain Time (US &amp; Canada)"}},"email":"olja.stanojevic@example.com","login":{"uuid":"bce28dbd-b314-4f7f-b61f-8000fb125ff1","username":"whiteleopard118","password":"alexis","salt":"ler7D7Cx","md5":"01b6fb6f2fe76be7826b8f7e4dad2ff5","sha1":"67a2df7f761ccb9cb7cf4adc539d5a1451bdd58b","sha256":"4784463214b8eca45f87cccf6a4785f1514952e0c77b4f1b88e65790256b4d20"},"dob":{"date":"1947-01-25T02:54:09.183Z","age":77},"registered":{"date":"2003-02-21T22:59:24.486Z","age":21},"phone":"030-1399-056","cell":"062-6933-275","id":{"name":"SID","value":"503327568"},"picture":{"large":"https://randomuser.me/api/portraits/women/96.jpg","medium":"https://randomuser.me/api/portraits/med/women/96.jpg","thumbnail":"https://randomuser.me/api/portraits/thumb/women/96.jpg"},"nat":"RS"}],"info":{"seed":"633dba168dfd0dde","results":1,"page":1,"version":"1.4"}} 
 </msg>
<msg time="2024-03-29T16:16:57.137638" level="INFO">/opt/hostedtoolcache/Python/3.12.2/x64/lib/python3.12/site-packages/urllib3/connectionpool.py:1103: InsecureRequestWarning: Unverified HTTPS request is being made to host 'randomuser.me'. Adding certificate verification is strongly advised. See: https://urllib3.readthedocs.io/en/latest/advanced-usage.html#tls-warnings
  warnings.warn(</msg>
<msg time="2024-03-29T16:16:57.137792" level="INFO">${response} = &lt;Response [200]&gt;</msg>
<var>${response}</var>
<arg>consultarAPI</arg>
<arg>/api</arg>
<doc>Sends a GET request on a previously created HTTP Session.</doc>
<status status="PASS" start="2024-03-29T16:16:56.911526" elapsed="0.226307"/>
</kw>
<kw name="Should Be Equal As Numbers" owner="BuiltIn">
<msg time="2024-03-29T16:16:57.138979" level="INFO">Argument types are:
&lt;class 'int'&gt;
&lt;class 'str'&gt;</msg>
<arg>${response.status_code}</arg>
<arg>200</arg>
<doc>Fails if objects are unequal after converting them to real numbers.</doc>
<status status="PASS" start="2024-03-29T16:16:57.138506" elapsed="0.000539"/>
</kw>
<kw name="Log" owner="BuiltIn">
<msg time="2024-03-29T16:16:57.139727" level="INFO">200</msg>
<arg>${response.status_code}</arg>
<doc>Logs the given message with the given level.</doc>
<status status="PASS" start="2024-03-29T16:16:57.139372" elapsed="0.000399"/>
</kw>
<kw name="Set Variable" owner="BuiltIn">
<msg time="2024-03-29T16:16:57.140567" level="INFO">${json_data} = {'results': [{'gender': 'female', 'name': {'title': 'Ms', 'first': 'Olja', 'last': 'Stanojević'}, 'location': {'street': {'number': 5336, 'name': 'Stefana Radoslava '}, 'city': 'Ražanj', 'state': 'Sre...</msg>
<var>${json_data}</var>
<arg>${response.json()}</arg>
<doc>Returns the given values which can then be assigned to a variables.</doc>
<status status="PASS" start="2024-03-29T16:16:57.140109" elapsed="0.000489"/>
</kw>
<kw name="Dictionary Should Contain Key" owner="Collections">
<msg time="2024-03-29T16:16:57.141113" level="INFO">False</msg>
<arg>${json_data}</arg>
<arg>results</arg>
<doc>Fails if ``key`` is not found from ``dictionary``.</doc>
<status status="PASS" start="2024-03-29T16:16:57.140945" elapsed="0.000207"/>
</kw>
<status status="PASS" start="2024-03-29T16:16:56.911276" elapsed="0.230137"/>
</kw>
<doc>Testa se a API responde corretamente e retorna um objeto JSON válido.</doc>
<tag>testeRequisicaoBasica</tag>
<status status="PASS" start="2024-03-29T16:16:56.910686" elapsed="0.230917"/>
</test>
<test id="s1-s1-t3" name="Validar estrutura de resposta" line="22">
<kw name="Teste de Estrutura de Resposta" owner="random-user-service">
<kw name="GET On Session" owner="RequestsLibrary">
<msg time="2024-03-29T16:16:57.241044" level="INFO">GET Request : url=https://randomuser.me/api 
 path_url=/api 
 headers={'User-Agent': 'python-requests/2.31.0', 'Accept-Encoding': 'gzip, deflate', 'Accept': '*/*', 'Connection': 'keep-alive'} 
 body=None 
 </msg>
<msg time="2024-03-29T16:16:57.241135" level="INFO">GET Response : url=https://randomuser.me/api 
 status=200, reason=OK 
 headers={'Date': 'Fri, 29 Mar 2024 16:16:57 GMT', 'Content-Type': 'application/json; charset=utf-8', 'Transfer-Encoding': 'chunked', 'Connection': 'keep-alive', 'X-Powered-By': 'Express', 'Access-Control-Allow-Origin': '*', 'Cache-Control': 'no-cache', 'ETag': 'W/"4a8-D+omx2/0powA6ir+BsEIKBqQyDk"', 'Vary': 'Accept-Encoding', 'Content-Encoding': 'gzip', 'CF-Cache-Status': 'DYNAMIC', 'Report-To': '{"endpoints":[{"url":"https:\\/\\/a.nel.cloudflare.com\\/report\\/v4?s=gbjEIIiilq80GudrdtABuJViQOA0EcYMrWU35GzCIfnz0UyuwHJkkXpCbsM3usZVuoU8Qnc4sf%2BtudeiqjmntaVT5TZhVmQry%2BgZSb6DNoxEEKOrrnMw1OTh5dot9GwI"}],"group":"cf-nel","max_age":604800}', 'NEL': '{"success_fraction":0,"report_to":"cf-nel","max_age":604800}', 'Server': 'cloudflare', 'CF-RAY': '86c12ad52aea171e-SJC', 'alt-svc': 'h3=":443"; ma=86400'} 
 body={"results":[{"gender":"male","name":{"title":"Mr","first":"Franklin","last":"Peterson"},"location":{"street":{"number":2668,"name":"North Road"},"city":"Coventry","state":"Tyne and Wear","country":"United Kingdom","postcode":"T5 1RD","coordinates":{"latitude":"-12.0992","longitude":"-35.6489"},"timezone":{"offset":"+9:00","description":"Tokyo, Seoul, Osaka, Sapporo, Yakutsk"}},"email":"franklin.peterson@example.com","login":{"uuid":"5bd484ea-48d2-450e-9874-5afea65b63fa","username":"heavyelephant401","password":"ladies","salt":"sF1iwa5v","md5":"d13b94b856f33f16c5da5220583f26fa","sha1":"7587944895cc750847ec2484d5bb1f7f82d06a32","sha256":"a5a18d86caf303ca4a2dc625a6a461aec5774f3dcf54f1ff76afcfccbb667e30"},"dob":{"date":"1980-05-13T22:39:52.049Z","age":43},"registered":{"date":"2021-07-27T06:46:56.903Z","age":2},"phone":"019467 10877","cell":"07469 173832","id":{"name":"NINO","value":"ZC 35 87 29 K"},"picture":{"large":"https://randomuser.me/api/portraits/men/90.jpg","medium":"https://randomuser.me/api/portraits/med/men/90.jpg","thumbnail":"https://randomuser.me/api/portraits/thumb/men/90.jpg"},"nat":"GB"}],"info":{"seed":"28d2fe6fdd6cce20","results":1,"page":1,"version":"1.4"}} 
 </msg>
<msg time="2024-03-29T16:16:57.241266" level="INFO">/opt/hostedtoolcache/Python/3.12.2/x64/lib/python3.12/site-packages/urllib3/connectionpool.py:1103: InsecureRequestWarning: Unverified HTTPS request is being made to host 'randomuser.me'. Adding certificate verification is strongly advised. See: https://urllib3.readthedocs.io/en/latest/advanced-usage.html#tls-warnings
  warnings.warn(</msg>
<msg time="2024-03-29T16:16:57.241384" level="INFO">${response} = &lt;Response [200]&gt;</msg>
<var>${response}</var>
<arg>consultarAPI</arg>
<arg>/api</arg>
<doc>Sends a GET request on a previously created HTTP Session.</doc>
<status status="PASS" start="2024-03-29T16:16:57.144450" elapsed="0.096977"/>
</kw>
<kw name="Set Variable" owner="BuiltIn">
<msg time="2024-03-29T16:16:57.242426" level="INFO">${json_data} = {'results': [{'gender': 'male', 'name': {'title': 'Mr', 'first': 'Franklin', 'last': 'Peterson'}, 'location': {'street': {'number': 2668, 'name': 'North Road'}, 'city': 'Coventry', 'state': 'Tyne and ...</msg>
<var>${json_data}</var>
<arg>${response.json()}</arg>
<doc>Returns the given values which can then be assigned to a variables.</doc>
<status status="PASS" start="2024-03-29T16:16:57.241910" elapsed="0.000545"/>
</kw>
<kw name="Log" owner="BuiltIn">
<msg time="2024-03-29T16:16:57.242942" level="INFO">{'results': [{'gender': 'male', 'name': {'title': 'Mr', 'first': 'Franklin', 'last': 'Peterson'}, 'location': {'street': {'number': 2668, 'name': 'North Road'}, 'city': 'Coventry', 'state': 'Tyne and Wear', 'country': 'United Kingdom', 'postcode': 'T5 1RD', 'coordinates': {'latitude': '-12.0992', 'longitude': '-35.6489'}, 'timezone': {'offset': '+9:00', 'description': 'Tokyo, Seoul, Osaka, Sapporo, Yakutsk'}}, 'email': 'franklin.peterson@example.com', 'login': {'uuid': '5bd484ea-48d2-450e-9874-5afea65b63fa', 'username': 'heavyelephant401', 'password': 'ladies', 'salt': 'sF1iwa5v', 'md5': 'd13b94b856f33f16c5da5220583f26fa', 'sha1': '7587944895cc750847ec2484d5bb1f7f82d06a32', 'sha256': 'a5a18d86caf303ca4a2dc625a6a461aec5774f3dcf54f1ff76afcfccbb667e30'}, 'dob': {'date': '1980-05-13T22:39:52.049Z', 'age': 43}, 'registered': {'date': '2021-07-27T06:46:56.903Z', 'age': 2}, 'phone': '019467 10877', 'cell': '07469 173832', 'id': {'name': 'NINO', 'value': 'ZC 35 87 29 K'}, 'picture': {'large': 'https://randomuser.me/api/portraits/men/90.jpg', 'medium': 'https://randomuser.me/api/portraits/med/men/90.jpg', 'thumbnail': 'https://randomuser.me/api/portraits/thumb/men/90.jpg'}, 'nat': 'GB'}], 'info': {'seed': '28d2fe6fdd6cce20', 'results': 1, 'page': 1, 'version': '1.4'}}</msg>
<arg>${json_data}</arg>
<doc>Logs the given message with the given level.</doc>
<status status="PASS" start="2024-03-29T16:16:57.242777" elapsed="0.000214"/>
</kw>
<kw name="Dictionary Should Contain Key" owner="Collections">
<msg time="2024-03-29T16:16:57.243458" level="INFO">False</msg>
<arg>${json_data}</arg>
<arg>results</arg>
<doc>Fails if ``key`` is not found from ``dictionary``.</doc>
<status status="PASS" start="2024-03-29T16:16:57.243298" elapsed="0.000199"/>
</kw>
<kw name="Should Not Be Empty" owner="BuiltIn">
<msg time="2024-03-29T16:16:57.243934" level="INFO">Length is 2.</msg>
<arg>${json_data}</arg>
<doc>Verifies that the given item is not empty.</doc>
<status status="PASS" start="2024-03-29T16:16:57.243796" elapsed="0.000178"/>
</kw>
<kw name="Create List" owner="BuiltIn">
<msg time="2024-03-29T16:16:57.244439" level="INFO">${expected_keys} = ['gender', 'name', 'location', 'email', 'login']</msg>
<var>${expected_keys}</var>
<arg>gender</arg>
<arg>name</arg>
<arg>location</arg>
<arg>email</arg>
<arg>login</arg>
<doc>Returns a list containing given items.</doc>
<status status="PASS" start="2024-03-29T16:16:57.244273" elapsed="0.000191"/>
</kw>
<for flavor="IN">
<iter>
<kw name="Dictionary Should Contain Key" owner="Collections">
<msg time="2024-03-29T16:16:57.245506" level="INFO">False</msg>
<arg>${json_data['results'][0]}</arg>
<arg>${key}</arg>
<doc>Fails if ``key`` is not found from ``dictionary``.</doc>
<status status="PASS" start="2024-03-29T16:16:57.245097" elapsed="0.000450"/>
</kw>
<kw name="Log" owner="BuiltIn">
<msg time="2024-03-29T16:16:57.246234" level="INFO">{'gender': 'male', 'name': {'title': 'Mr', 'first': 'Franklin', 'last': 'Peterson'}, 'location': {'street': {'number': 2668, 'name': 'North Road'}, 'city': 'Coventry', 'state': 'Tyne and Wear', 'country': 'United Kingdom', 'postcode': 'T5 1RD', 'coordinates': {'latitude': '-12.0992', 'longitude': '-35.6489'}, 'timezone': {'offset': '+9:00', 'description': 'Tokyo, Seoul, Osaka, Sapporo, Yakutsk'}}, 'email': 'franklin.peterson@example.com', 'login': {'uuid': '5bd484ea-48d2-450e-9874-5afea65b63fa', 'username': 'heavyelephant401', 'password': 'ladies', 'salt': 'sF1iwa5v', 'md5': 'd13b94b856f33f16c5da5220583f26fa', 'sha1': '7587944895cc750847ec2484d5bb1f7f82d06a32', 'sha256': 'a5a18d86caf303ca4a2dc625a6a461aec5774f3dcf54f1ff76afcfccbb667e30'}, 'dob': {'date': '1980-05-13T22:39:52.049Z', 'age': 43}, 'registered': {'date': '2021-07-27T06:46:56.903Z', 'age': 2}, 'phone': '019467 10877', 'cell': '07469 173832', 'id': {'name': 'NINO', 'value': 'ZC 35 87 29 K'}, 'picture': {'large': 'https://randomuser.me/api/portraits/men/90.jpg', 'medium': 'https://randomuser.me/api/portraits/med/men/90.jpg', 'thumbnail': 'https://randomuser.me/api/portraits/thumb/men/90.jpg'}, 'nat': 'GB'}</msg>
<arg>${json_data['results'][0]}</arg>
<doc>Logs the given message with the given level.</doc>
<status status="PASS" start="2024-03-29T16:16:57.245857" elapsed="0.000432"/>
</kw>
<kw name="Log" owner="BuiltIn">
<msg time="2024-03-29T16:16:57.246741" level="INFO">gender</msg>
<arg>${key}</arg>
<doc>Logs the given message with the given level.</doc>
<status status="PASS" start="2024-03-29T16:16:57.246599" elapsed="0.000182"/>
</kw>
<var name="${key}">gender</var>
<status status="PASS" start="2024-03-29T16:16:57.244970" elapsed="0.002039"/>
</iter>
<iter>
<kw name="Dictionary Should Contain Key" owner="Collections">
<msg time="2024-03-29T16:16:57.247707" level="INFO">False</msg>
<arg>${json_data['results'][0]}</arg>
<arg>${key}</arg>
<doc>Fails if ``key`` is not found from ``dictionary``.</doc>
<status status="PASS" start="2024-03-29T16:16:57.247315" elapsed="0.000430"/>
</kw>
<kw name="Log" owner="BuiltIn">
<msg time="2024-03-29T16:16:57.248445" level="INFO">{'gender': 'male', 'name': {'title': 'Mr', 'first': 'Franklin', 'last': 'Peterson'}, 'location': {'street': {'number': 2668, 'name': 'North Road'}, 'city': 'Coventry', 'state': 'Tyne and Wear', 'country': 'United Kingdom', 'postcode': 'T5 1RD', 'coordinates': {'latitude': '-12.0992', 'longitude': '-35.6489'}, 'timezone': {'offset': '+9:00', 'description': 'Tokyo, Seoul, Osaka, Sapporo, Yakutsk'}}, 'email': 'franklin.peterson@example.com', 'login': {'uuid': '5bd484ea-48d2-450e-9874-5afea65b63fa', 'username': 'heavyelephant401', 'password': 'ladies', 'salt': 'sF1iwa5v', 'md5': 'd13b94b856f33f16c5da5220583f26fa', 'sha1': '7587944895cc750847ec2484d5bb1f7f82d06a32', 'sha256': 'a5a18d86caf303ca4a2dc625a6a461aec5774f3dcf54f1ff76afcfccbb667e30'}, 'dob': {'date': '1980-05-13T22:39:52.049Z', 'age': 43}, 'registered': {'date': '2021-07-27T06:46:56.903Z', 'age': 2}, 'phone': '019467 10877', 'cell': '07469 173832', 'id': {'name': 'NINO', 'value': 'ZC 35 87 29 K'}, 'picture': {'large': 'https://randomuser.me/api/portraits/men/90.jpg', 'medium': 'https://randomuser.me/api/portraits/med/men/90.jpg', 'thumbnail': 'https://randomuser.me/api/portraits/thumb/men/90.jpg'}, 'nat': 'GB'}</msg>
<arg>${json_data['results'][0]}</arg>
<doc>Logs the given message with the given level.</doc>
<status status="PASS" start="2024-03-29T16:16:57.248082" elapsed="0.000411"/>
</kw>
<kw name="Log" owner="BuiltIn">
<msg time="2024-03-29T16:16:57.248954" level="INFO">name</msg>
<arg>${key}</arg>
<doc>Logs the given message with the given level.</doc>
<status status="PASS" start="2024-03-29T16:16:57.248822" elapsed="0.000171"/>
</kw>
<var name="${key}">name</var>
<status status="PASS" start="2024-03-29T16:16:57.247199" elapsed="0.002017"/>
</iter>
<iter>
<kw name="Dictionary Should Contain Key" owner="Collections">
<msg time="2024-03-29T16:16:57.249890" level="INFO">False</msg>
<arg>${json_data['results'][0]}</arg>
<arg>${key}</arg>
<doc>Fails if ``key`` is not found from ``dictionary``.</doc>
<status status="PASS" start="2024-03-29T16:16:57.249508" elapsed="0.000420"/>
</kw>
<kw name="Log" owner="BuiltIn">
<msg time="2024-03-29T16:16:57.250592" level="INFO">{'gender': 'male', 'name': {'title': 'Mr', 'first': 'Franklin', 'last': 'Peterson'}, 'location': {'street': {'number': 2668, 'name': 'North Road'}, 'city': 'Coventry', 'state': 'Tyne and Wear', 'country': 'United Kingdom', 'postcode': 'T5 1RD', 'coordinates': {'latitude': '-12.0992', 'longitude': '-35.6489'}, 'timezone': {'offset': '+9:00', 'description': 'Tokyo, Seoul, Osaka, Sapporo, Yakutsk'}}, 'email': 'franklin.peterson@example.com', 'login': {'uuid': '5bd484ea-48d2-450e-9874-5afea65b63fa', 'username': 'heavyelephant401', 'password': 'ladies', 'salt': 'sF1iwa5v', 'md5': 'd13b94b856f33f16c5da5220583f26fa', 'sha1': '7587944895cc750847ec2484d5bb1f7f82d06a32', 'sha256': 'a5a18d86caf303ca4a2dc625a6a461aec5774f3dcf54f1ff76afcfccbb667e30'}, 'dob': {'date': '1980-05-13T22:39:52.049Z', 'age': 43}, 'registered': {'date': '2021-07-27T06:46:56.903Z', 'age': 2}, 'phone': '019467 10877', 'cell': '07469 173832', 'id': {'name': 'NINO', 'value': 'ZC 35 87 29 K'}, 'picture': {'large': 'https://randomuser.me/api/portraits/men/90.jpg', 'medium': 'https://randomuser.me/api/portraits/med/men/90.jpg', 'thumbnail': 'https://randomuser.me/api/portraits/thumb/men/90.jpg'}, 'nat': 'GB'}</msg>
<arg>${json_data['results'][0]}</arg>
<doc>Logs the given message with the given level.</doc>
<status status="PASS" start="2024-03-29T16:16:57.250231" elapsed="0.000413"/>
</kw>
<kw name="Log" owner="BuiltIn">
<msg time="2024-03-29T16:16:57.251069" level="INFO">location</msg>
<arg>${key}</arg>
<doc>Logs the given message with the given level.</doc>
<status status="PASS" start="2024-03-29T16:16:57.250942" elapsed="0.000165"/>
</kw>
<var name="${key}">location</var>
<status status="PASS" start="2024-03-29T16:16:57.249397" elapsed="0.001930"/>
</iter>
<iter>
<kw name="Dictionary Should Contain Key" owner="Collections">
<msg time="2024-03-29T16:16:57.252003" level="INFO">False</msg>
<arg>${json_data['results'][0]}</arg>
<arg>${key}</arg>
<doc>Fails if ``key`` is not found from ``dictionary``.</doc>
<status status="PASS" start="2024-03-29T16:16:57.251617" elapsed="0.000423"/>
</kw>
<kw name="Log" owner="BuiltIn">
<msg time="2024-03-29T16:16:57.252701" level="INFO">{'gender': 'male', 'name': {'title': 'Mr', 'first': 'Franklin', 'last': 'Peterson'}, 'location': {'street': {'number': 2668, 'name': 'North Road'}, 'city': 'Coventry', 'state': 'Tyne and Wear', 'country': 'United Kingdom', 'postcode': 'T5 1RD', 'coordinates': {'latitude': '-12.0992', 'longitude': '-35.6489'}, 'timezone': {'offset': '+9:00', 'description': 'Tokyo, Seoul, Osaka, Sapporo, Yakutsk'}}, 'email': 'franklin.peterson@example.com', 'login': {'uuid': '5bd484ea-48d2-450e-9874-5afea65b63fa', 'username': 'heavyelephant401', 'password': 'ladies', 'salt': 'sF1iwa5v', 'md5': 'd13b94b856f33f16c5da5220583f26fa', 'sha1': '7587944895cc750847ec2484d5bb1f7f82d06a32', 'sha256': 'a5a18d86caf303ca4a2dc625a6a461aec5774f3dcf54f1ff76afcfccbb667e30'}, 'dob': {'date': '1980-05-13T22:39:52.049Z', 'age': 43}, 'registered': {'date': '2021-07-27T06:46:56.903Z', 'age': 2}, 'phone': '019467 10877', 'cell': '07469 173832', 'id': {'name': 'NINO', 'value': 'ZC 35 87 29 K'}, 'picture': {'large': 'https://randomuser.me/api/portraits/men/90.jpg', 'medium': 'https://randomuser.me/api/portraits/med/men/90.jpg', 'thumbnail': 'https://randomuser.me/api/portraits/thumb/men/90.jpg'}, 'nat': 'GB'}</msg>
<arg>${json_data['results'][0]}</arg>
<doc>Logs the given message with the given level.</doc>
<status status="PASS" start="2024-03-29T16:16:57.252344" elapsed="0.000426"/>
</kw>
<kw name="Log" owner="BuiltIn">
<msg time="2024-03-29T16:16:57.253206" level="INFO">email</msg>
<arg>${key}</arg>
<doc>Logs the given message with the given level.</doc>
<status status="PASS" start="2024-03-29T16:16:57.253079" elapsed="0.000165"/>
</kw>
<var name="${key}">email</var>
<status status="PASS" start="2024-03-29T16:16:57.251502" elapsed="0.001959"/>
</iter>
<iter>
<kw name="Dictionary Should Contain Key" owner="Collections">
<msg time="2024-03-29T16:16:57.254153" level="INFO">False</msg>
<arg>${json_data['results'][0]}</arg>
<arg>${key}</arg>
<doc>Fails if ``key`` is not found from ``dictionary``.</doc>
<status status="PASS" start="2024-03-29T16:16:57.253763" elapsed="0.000428"/>
</kw>
<kw name="Log" owner="BuiltIn">
<msg time="2024-03-29T16:16:57.254853" level="INFO">{'gender': 'male', 'name': {'title': 'Mr', 'first': 'Franklin', 'last': 'Peterson'}, 'location': {'street': {'number': 2668, 'name': 'North Road'}, 'city': 'Coventry', 'state': 'Tyne and Wear', 'country': 'United Kingdom', 'postcode': 'T5 1RD', 'coordinates': {'latitude': '-12.0992', 'longitude': '-35.6489'}, 'timezone': {'offset': '+9:00', 'description': 'Tokyo, Seoul, Osaka, Sapporo, Yakutsk'}}, 'email': 'franklin.peterson@example.com', 'login': {'uuid': '5bd484ea-48d2-450e-9874-5afea65b63fa', 'username': 'heavyelephant401', 'password': 'ladies', 'salt': 'sF1iwa5v', 'md5': 'd13b94b856f33f16c5da5220583f26fa', 'sha1': '7587944895cc750847ec2484d5bb1f7f82d06a32', 'sha256': 'a5a18d86caf303ca4a2dc625a6a461aec5774f3dcf54f1ff76afcfccbb667e30'}, 'dob': {'date': '1980-05-13T22:39:52.049Z', 'age': 43}, 'registered': {'date': '2021-07-27T06:46:56.903Z', 'age': 2}, 'phone': '019467 10877', 'cell': '07469 173832', 'id': {'name': 'NINO', 'value': 'ZC 35 87 29 K'}, 'picture': {'large': 'https://randomuser.me/api/portraits/men/90.jpg', 'medium': 'https://randomuser.me/api/portraits/med/men/90.jpg', 'thumbnail': 'https://randomuser.me/api/portraits/thumb/men/90.jpg'}, 'nat': 'GB'}</msg>
<arg>${json_data['results'][0]}</arg>
<doc>Logs the given message with the given level.</doc>
<status status="PASS" start="2024-03-29T16:16:57.254488" elapsed="0.000412"/>
</kw>
<kw name="Log" owner="BuiltIn">
<msg time="2024-03-29T16:16:57.255322" level="INFO">login</msg>
<arg>${key}</arg>
<doc>Logs the given message with the given level.</doc>
<status status="PASS" start="2024-03-29T16:16:57.255194" elapsed="0.000302"/>
</kw>
<var name="${key}">login</var>
<status status="PASS" start="2024-03-29T16:16:57.253636" elapsed="0.002091"/>
</iter>
<var>${key}</var>
<value>@{expected_keys}</value>
<status status="PASS" start="2024-03-29T16:16:57.244754" elapsed="0.011098"/>
</for>
<kw name="Create List" owner="BuiltIn">
<msg time="2024-03-29T16:16:57.256186" level="INFO">${expected_keysTwo} = ['username', 'password']</msg>
<var>${expected_keysTwo}</var>
<arg>username</arg>
<arg>password</arg>
<doc>Returns a list containing given items.</doc>
<status status="PASS" start="2024-03-29T16:16:57.256048" elapsed="0.000162"/>
</kw>
<for flavor="IN">
<iter>
<kw name="Dictionary Should Contain Key" owner="Collections">
<msg time="2024-03-29T16:16:57.257142" level="INFO">False</msg>
<arg>${json_data['results'][0]['login']}</arg>
<arg>${keyTwo}</arg>
<doc>Fails if ``key`` is not found from ``dictionary``.</doc>
<status status="PASS" start="2024-03-29T16:16:57.256740" elapsed="0.000440"/>
</kw>
<kw name="Dictionary Should Contain Key" owner="Collections">
<msg time="2024-03-29T16:16:57.257867" level="INFO">False</msg>
<arg>${json_data['results'][0]['login']}</arg>
<arg>${keyTwo}</arg>
<doc>Fails if ``key`` is not found from ``dictionary``.</doc>
<status status="PASS" start="2024-03-29T16:16:57.257477" elapsed="0.000429"/>
</kw>
<kw name="Log" owner="BuiltIn">
<msg time="2024-03-29T16:16:57.258330" level="INFO">username</msg>
<arg>${keyTwo}</arg>
<doc>Logs the given message with the given level.</doc>
<status status="PASS" start="2024-03-29T16:16:57.258200" elapsed="0.000167"/>
</kw>
<var name="${keyTwo}">username</var>
<status status="PASS" start="2024-03-29T16:16:57.256602" elapsed="0.001981"/>
</iter>
<iter>
<kw name="Dictionary Should Contain Key" owner="Collections">
<msg time="2024-03-29T16:16:57.259244" level="INFO">False</msg>
<arg>${json_data['results'][0]['login']}</arg>
<arg>${keyTwo}</arg>
<doc>Fails if ``key`` is not found from ``dictionary``.</doc>
<status status="PASS" start="2024-03-29T16:16:57.258867" elapsed="0.000415"/>
</kw>
<kw name="Dictionary Should Contain Key" owner="Collections">
<msg time="2024-03-29T16:16:57.259965" level="INFO">False</msg>
<arg>${json_data['results'][0]['login']}</arg>
<arg>${keyTwo}</arg>
<doc>Fails if ``key`` is not found from ``dictionary``.</doc>
<status status="PASS" start="2024-03-29T16:16:57.259580" elapsed="0.000423"/>
</kw>
<kw name="Log" owner="BuiltIn">
<msg time="2024-03-29T16:16:57.260425" level="INFO">password</msg>
<arg>${keyTwo}</arg>
<doc>Logs the given message with the given level.</doc>
<status status="PASS" start="2024-03-29T16:16:57.260296" elapsed="0.000167"/>
</kw>
<var name="${keyTwo}">password</var>
<status status="PASS" start="2024-03-29T16:16:57.258756" elapsed="0.001927"/>
</iter>
<var>${keyTwo}</var>
<value>@{expected_keysTwo}</value>
<status status="PASS" start="2024-03-29T16:16:57.256449" elapsed="0.004395"/>
</for>
<status status="PASS" start="2024-03-29T16:16:57.144203" elapsed="0.116789"/>
</kw>
<doc>Testa a estrutura da resposta da API.</doc>
<tag>testeEstruturaResposta</tag>
<status status="PASS" start="2024-03-29T16:16:57.143444" elapsed="0.117717"/>
</test>
<test id="s1-s1-t4" name="Validar tipos de dados" line="28">
<kw name="Teste de Tipos de Dados" owner="random-user-service">
<kw name="GET On Session" owner="RequestsLibrary">
<msg time="2024-03-29T16:16:57.355966" level="INFO">GET Request : url=https://randomuser.me/api 
 path_url=/api 
 headers={'User-Agent': 'python-requests/2.31.0', 'Accept-Encoding': 'gzip, deflate', 'Accept': '*/*', 'Connection': 'keep-alive'} 
 body=None 
 </msg>
<msg time="2024-03-29T16:16:57.356061" level="INFO">GET Response : url=https://randomuser.me/api 
 status=200, reason=OK 
 headers={'Date': 'Fri, 29 Mar 2024 16:16:57 GMT', 'Content-Type': 'application/json; charset=utf-8', 'Transfer-Encoding': 'chunked', 'Connection': 'keep-alive', 'X-Powered-By': 'Express', 'Access-Control-Allow-Origin': '*', 'Cache-Control': 'no-cache', 'ETag': 'W/"471-R+yxShOnN0EnFqqOO5JqJkJTdVY"', 'Vary': 'Accept-Encoding', 'Content-Encoding': 'gzip', 'CF-Cache-Status': 'DYNAMIC', 'Report-To': '{"endpoints":[{"url":"https:\\/\\/a.nel.cloudflare.com\\/report\\/v4?s=iGSgx7u3KbRxZ%2F7urtcQHHwwwo1I8RHO5SEZtzwFpm8Zux3CrFp%2FkOnPUsEnoMJQe497TTFl11KesGx5K2akmWrcavzRFLzVhRz8WGDeEw6ZQire%2F5%2BlO18KRWBsaecL"}],"group":"cf-nel","max_age":604800}', 'NEL': '{"success_fraction":0,"report_to":"cf-nel","max_age":604800}', 'Server': 'cloudflare', 'CF-RAY': '86c12ad5ec13171e-SJC', 'alt-svc': 'h3=":443"; ma=86400'} 
 body={"results":[{"gender":"male","name":{"title":"Mr","first":"Özkan","last":"Akgül"},"location":{"street":{"number":5878,"name":"Necatibey Cd"},"city":"Zonguldak","state":"İzmir","country":"Turkey","postcode":66655,"coordinates":{"latitude":"70.2944","longitude":"-54.5037"},"timezone":{"offset":"+2:00","description":"Kaliningrad, South Africa"}},"email":"ozkan.akgul@example.com","login":{"uuid":"e1898d6a-3b51-4003-b402-cfdab5df003a","username":"angrydog789","password":"danny","salt":"mSveddom","md5":"cf52153fd980126172c9cb8b370a16bb","sha1":"5b49c58f7c9d0903d045f1f7fc8d735a6bdf1d75","sha256":"5cf486f56d43f24ce97c8634c7ca753bfeb5dc0ff2b7fff28101158840650843"},"dob":{"date":"1999-10-21T11:24:57.635Z","age":24},"registered":{"date":"2019-02-11T19:44:11.038Z","age":5},"phone":"(738)-900-2603","cell":"(410)-672-3379","id":{"name":"","value":null},"picture":{"large":"https://randomuser.me/api/portraits/men/67.jpg","medium":"https://randomuser.me/api/portraits/med/men/67.jpg","thumbnail":"https://randomuser.me/api/portraits/thumb/men/67.jpg"},"nat":"TR"}],"info":{"seed":"ae706034cf281492","results":1,"page":1,"version":"1.4"}} 
 </msg>
<msg time="2024-03-29T16:16:57.356132" level="INFO">/opt/hostedtoolcache/Python/3.12.2/x64/lib/python3.12/site-packages/urllib3/connectionpool.py:1103: InsecureRequestWarning: Unverified HTTPS request is being made to host 'randomuser.me'. Adding certificate verification is strongly advised. See: https://urllib3.readthedocs.io/en/latest/advanced-usage.html#tls-warnings
  warnings.warn(</msg>
<msg time="2024-03-29T16:16:57.356261" level="INFO">${response} = &lt;Response [200]&gt;</msg>
<var>${response}</var>
<arg>consultarAPI</arg>
<arg>/api</arg>
<doc>Sends a GET request on a previously created HTTP Session.</doc>
<status status="PASS" start="2024-03-29T16:16:57.263637" elapsed="0.092666"/>
</kw>
<kw name="Set Variable" owner="BuiltIn">
<msg time="2024-03-29T16:16:57.357404" level="INFO">${json_data} = {'results': [{'gender': 'male', 'name': {'title': 'Mr', 'first': 'Özkan', 'last': 'Akgül'}, 'location': {'street': {'number': 5878, 'name': 'Necatibey Cd'}, 'city': 'Zonguldak', 'state': 'İzmir', 'cou...</msg>
<var>${json_data}</var>
<arg>${response.json()}</arg>
<doc>Returns the given values which can then be assigned to a variables.</doc>
<status status="PASS" start="2024-03-29T16:16:57.356871" elapsed="0.000564"/>
</kw>
<kw name="Log" owner="BuiltIn">
<msg time="2024-03-29T16:16:57.357924" level="INFO">{'results': [{'gender': 'male', 'name': {'title': 'Mr', 'first': 'Özkan', 'last': 'Akgül'}, 'location': {'street': {'number': 5878, 'name': 'Necatibey Cd'}, 'city': 'Zonguldak', 'state': 'İzmir', 'country': 'Turkey', 'postcode': 66655, 'coordinates': {'latitude': '70.2944', 'longitude': '-54.5037'}, 'timezone': {'offset': '+2:00', 'description': 'Kaliningrad, South Africa'}}, 'email': 'ozkan.akgul@example.com', 'login': {'uuid': 'e1898d6a-3b51-4003-b402-cfdab5df003a', 'username': 'angrydog789', 'password': 'danny', 'salt': 'mSveddom', 'md5': 'cf52153fd980126172c9cb8b370a16bb', 'sha1': '5b49c58f7c9d0903d045f1f7fc8d735a6bdf1d75', 'sha256': '5cf486f56d43f24ce97c8634c7ca753bfeb5dc0ff2b7fff28101158840650843'}, 'dob': {'date': '1999-10-21T11:24:57.635Z', 'age': 24}, 'registered': {'date': '2019-02-11T19:44:11.038Z', 'age': 5}, 'phone': '(738)-900-2603', 'cell': '(410)-672-3379', 'id': {'name': '', 'value': None}, 'picture': {'large': 'https://randomuser.me/api/portraits/men/67.jpg', 'medium': 'https://randomuser.me/api/portraits/med/men/67.jpg', 'thumbnail': 'https://randomuser.me/api/portraits/thumb/men/67.jpg'}, 'nat': 'TR'}], 'info': {'seed': 'ae706034cf281492', 'results': 1, 'page': 1, 'version': '1.4'}}</msg>
<arg>${json_data}</arg>
<doc>Logs the given message with the given level.</doc>
<status status="PASS" start="2024-03-29T16:16:57.357759" elapsed="0.000259"/>
</kw>
<kw name="Should Be String" owner="String">
<arg>${json_data['results'][0]['gender']}</arg>
<doc>Fails if the given ``item`` is not a string.</doc>
<status status="PASS" start="2024-03-29T16:16:57.358330" elapsed="0.000372"/>
</kw>
<kw name="Should Match Regexp" owner="BuiltIn">
<arg>${json_data['results'][0]['email']}</arg>
<arg>^[a-zA-Z0-9._%+-]+@[a-zA-Z0-9.-]+\.[a-zA-Z]{2,}$</arg>
<doc>Fails if ``string`` does not match ``pattern`` as a regular expression.</doc>
<status status="PASS" start="2024-03-29T16:16:57.358901" elapsed="0.000529"/>
</kw>
<kw name="Should Match Regexp" owner="BuiltIn">
<arg>${json_data['results'][0]['dob']['date']}</arg>
<arg>\\d{4}-\\d{2}-\\d{2}T\\d{2}:\\d{2}:\\d{2}\\.\\d{3}Z</arg>
<doc>Fails if ``string`` does not match ``pattern`` as a regular expression.</doc>
<status status="PASS" start="2024-03-29T16:16:57.359630" elapsed="0.000502"/>
</kw>
<kw name="Should Match Regexp" owner="BuiltIn">
<arg>${json_data['results'][0]['registered']['date']}</arg>
<arg>\\d{4}-\\d{2}-\\d{2}T\\d{2}:\\d{2}:\\d{2}\\.\\d{3}Z</arg>
<doc>Fails if ``string`` does not match ``pattern`` as a regular expression.</doc>
<status status="PASS" start="2024-03-29T16:16:57.360330" elapsed="0.000376"/>
</kw>
<kw name="Should Match Regexp" owner="BuiltIn">
<arg>${json_data['results'][0]['picture']['large']}</arg>
<arg>^https?://.*\.(?:png|jpe?g|gif|bmp)$</arg>
<doc>Fails if ``string`` does not match ``pattern`` as a regular expression.</doc>
<status status="PASS" start="2024-03-29T16:16:57.360933" elapsed="0.000474"/>
</kw>
<kw name="Should Match Regexp" owner="BuiltIn">
<arg>${json_data['results'][0]['picture']['medium']}</arg>
<arg>^https?://.*\.(?:png|jpe?g|gif|bmp)$</arg>
<doc>Fails if ``string`` does not match ``pattern`` as a regular expression.</doc>
<status status="PASS" start="2024-03-29T16:16:57.361603" elapsed="0.000364"/>
</kw>
<kw name="Should Match Regexp" owner="BuiltIn">
<arg>${json_data['results'][0]['picture']['thumbnail']}</arg>
<arg>^https?://.*\.(?:png|jpe?g|gif|bmp)$</arg>
<doc>Fails if ``string`` does not match ``pattern`` as a regular expression.</doc>
<status status="PASS" start="2024-03-29T16:16:57.362161" elapsed="0.000358"/>
</kw>
<kw name="Log" owner="BuiltIn">
<msg time="2024-03-29T16:16:57.363026" level="INFO">{'large': 'https://randomuser.me/api/portraits/men/67.jpg', 'medium': 'https://randomuser.me/api/portraits/med/men/67.jpg', 'thumbnail': 'https://randomuser.me/api/portraits/thumb/men/67.jpg'}</msg>
<arg>${json_data['results'][0]['picture']}</arg>
<doc>Logs the given message with the given level.</doc>
<status status="PASS" start="2024-03-29T16:16:57.362703" elapsed="0.000370"/>
</kw>
<status status="PASS" start="2024-03-29T16:16:57.263406" elapsed="0.099928"/>
</kw>
<kw name="Teste de Tipos de Dados - Postcode" owner="random-user-service">
<kw name="GET On Session" owner="RequestsLibrary">
<msg time="2024-03-29T16:16:57.453868" level="INFO">GET Request : url=https://randomuser.me/api 
 path_url=/api 
 headers={'User-Agent': 'python-requests/2.31.0', 'Accept-Encoding': 'gzip, deflate', 'Accept': '*/*', 'Connection': 'keep-alive'} 
 body=None 
 </msg>
<msg time="2024-03-29T16:16:57.453945" level="INFO">GET Response : url=https://randomuser.me/api 
 status=200, reason=OK 
 headers={'Date': 'Fri, 29 Mar 2024 16:16:57 GMT', 'Content-Type': 'application/json; charset=utf-8', 'Transfer-Encoding': 'chunked', 'Connection': 'keep-alive', 'X-Powered-By': 'Express', 'Access-Control-Allow-Origin': '*', 'Cache-Control': 'no-cache', 'ETag': 'W/"4a5-rxPjOUJa7t9R82KrGycxe9g7EQI"', 'Vary': 'Accept-Encoding', 'Content-Encoding': 'gzip', 'CF-Cache-Status': 'DYNAMIC', 'Report-To': '{"endpoints":[{"url":"https:\\/\\/a.nel.cloudflare.com\\/report\\/v4?s=ecmLJaEFs5ym5ZcKkxZMqbiYZlPk%2FbacGD91l3SqBtvPxdPjB3yqg5k6eFv5f1HHGqUZuFXaRTm4d7FZL8fHBxryIcvcBu3hHMna1idVTJ5grZ8PEdYU1irDcfKtoMGA"}],"group":"cf-nel","max_age":604800}', 'NEL': '{"success_fraction":0,"report_to":"cf-nel","max_age":604800}', 'Server': 'cloudflare', 'CF-RAY': '86c12ad68cd5171e-SJC', 'alt-svc': 'h3=":443"; ma=86400'} 
 body={"results":[{"gender":"female","name":{"title":"Miss","first":"Madhumita","last":"Gamskar"},"location":{"street":{"number":7281,"name":"Sao Tome Old Quarter"},"city":"Eluru","state":"Kerala","country":"India","postcode":86863,"coordinates":{"latitude":"10.1973","longitude":"170.3097"},"timezone":{"offset":"-6:00","description":"Central Time (US &amp; Canada), Mexico City"}},"email":"madhumita.gamskar@example.com","login":{"uuid":"5433bd48-de7f-438d-a41e-a7f59fa279a4","username":"whiteostrich496","password":"a1234567","salt":"6D9oI2Oq","md5":"5c6fa414a9c75141fc9da183ff718e9a","sha1":"393eb031e24497fc6069e7f41dff1a5e1706f85b","sha256":"f93821d02906f3982b022f2372ccc64c75574a973a960612a7ac6f76bef2cfd2"},"dob":{"date":"2000-01-01T05:05:25.232Z","age":24},"registered":{"date":"2009-02-18T13:33:53.559Z","age":15},"phone":"9614662836","cell":"8437919590","id":{"name":"UIDAI","value":"692607676084"},"picture":{"large":"https://randomuser.me/api/portraits/women/56.jpg","medium":"https://randomuser.me/api/portraits/med/women/56.jpg","thumbnail":"https://randomuser.me/api/portraits/thumb/women/56.jpg"},"nat":"IN"}],"info":{"seed":"14f19e55853b2138","results":1,"page":1,"version":"1.4"}} 
 </msg>
<msg time="2024-03-29T16:16:57.454029" level="INFO">/opt/hostedtoolcache/Python/3.12.2/x64/lib/python3.12/site-packages/urllib3/connectionpool.py:1103: InsecureRequestWarning: Unverified HTTPS request is being made to host 'randomuser.me'. Adding certificate verification is strongly advised. See: https://urllib3.readthedocs.io/en/latest/advanced-usage.html#tls-warnings
  warnings.warn(</msg>
<msg time="2024-03-29T16:16:57.454140" level="INFO">${response} = &lt;Response [200]&gt;</msg>
<var>${response}</var>
<arg>consultarAPI</arg>
<arg>/api</arg>
<doc>Sends a GET request on a previously created HTTP Session.</doc>
<status status="PASS" start="2024-03-29T16:16:57.363952" elapsed="0.090231"/>
</kw>
<kw name="Set Variable" owner="BuiltIn">
<msg time="2024-03-29T16:16:57.455021" level="INFO">${json_data} = {'results': [{'gender': 'female', 'name': {'title': 'Miss', 'first': 'Madhumita', 'last': 'Gamskar'}, 'location': {'street': {'number': 7281, 'name': 'Sao Tome Old Quarter'}, 'city': 'Eluru', 'state':...</msg>
<var>${json_data}</var>
<arg>${response.json()}</arg>
<doc>Returns the given values which can then be assigned to a variables.</doc>
<status status="PASS" start="2024-03-29T16:16:57.454586" elapsed="0.000462"/>
</kw>
<kw name="Log" owner="BuiltIn">
<msg time="2024-03-29T16:16:57.455503" level="INFO">{'results': [{'gender': 'female', 'name': {'title': 'Miss', 'first': 'Madhumita', 'last': 'Gamskar'}, 'location': {'street': {'number': 7281, 'name': 'Sao Tome Old Quarter'}, 'city': 'Eluru', 'state': 'Kerala', 'country': 'India', 'postcode': 86863, 'coordinates': {'latitude': '10.1973', 'longitude': '170.3097'}, 'timezone': {'offset': '-6:00', 'description': 'Central Time (US &amp; Canada), Mexico City'}}, 'email': 'madhumita.gamskar@example.com', 'login': {'uuid': '5433bd48-de7f-438d-a41e-a7f59fa279a4', 'username': 'whiteostrich496', 'password': 'a1234567', 'salt': '6D9oI2Oq', 'md5': '5c6fa414a9c75141fc9da183ff718e9a', 'sha1': '393eb031e24497fc6069e7f41dff1a5e1706f85b', 'sha256': 'f93821d02906f3982b022f2372ccc64c75574a973a960612a7ac6f76bef2cfd2'}, 'dob': {'date': '2000-01-01T05:05:25.232Z', 'age': 24}, 'registered': {'date': '2009-02-18T13:33:53.559Z', 'age': 15}, 'phone': '9614662836', 'cell': '8437919590', 'id': {'name': 'UIDAI', 'value': '692607676084'}, 'picture': {'large': 'https://randomuser.me/api/portraits/women/56.jpg', 'medium': 'https://randomuser.me/api/portraits/med/women/56.jpg', 'thumbnail': 'https://randomuser.me/api/portraits/thumb/women/56.jpg'}, 'nat': 'IN'}], 'info': {'seed': '14f19e55853b2138', 'results': 1, 'page': 1, 'version': '1.4'}}</msg>
<arg>${json_data}</arg>
<doc>Logs the given message with the given level.</doc>
<status status="PASS" start="2024-03-29T16:16:57.455353" elapsed="0.000230"/>
</kw>
<kw name="Should Be Equal As Numbers" owner="BuiltIn">
<arg>${json_data['results'][0]['location']['postcode']}</arg>
<arg>${json_data['results'][0]['location']['postcode']}</arg>
<doc>Fails if objects are unequal after converting them to real numbers.</doc>
<status status="PASS" start="2024-03-29T16:16:57.455898" elapsed="0.000634"/>
</kw>
<kw name="Log" owner="BuiltIn">
<msg time="2024-03-29T16:16:57.457113" level="INFO">86863</msg>
<arg>${json_data['results'][0]['location']['postcode']}</arg>
<doc>Logs the given message with the given level.</doc>
<status status="PASS" start="2024-03-29T16:16:57.456761" elapsed="0.000393"/>
</kw>
<status status="PASS" start="2024-03-29T16:16:57.363567" elapsed="0.093845"/>
</kw>
<doc>Testa se os tipos de dados na resposta da API estão corretos.</doc>
<tag>testeTiposDados</tag>
<status status="PASS" start="2024-03-29T16:16:57.262923" elapsed="0.194658"/>
</test>
<test id="s1-s1-t5" name="Validar conteudo" line="35">
<kw name="Teste de Tipos de Conteudo" owner="random-user-service">
<kw name="GET On Session" owner="RequestsLibrary">
<msg time="2024-03-29T16:16:57.554416" level="INFO">GET Request : url=https://randomuser.me/api 
 path_url=/api 
 headers={'User-Agent': 'python-requests/2.31.0', 'Accept-Encoding': 'gzip, deflate', 'Accept': '*/*', 'Connection': 'keep-alive'} 
 body=None 
 </msg>
<msg time="2024-03-29T16:16:57.554502" level="INFO">GET Response : url=https://randomuser.me/api 
 status=200, reason=OK 
 headers={'Date': 'Fri, 29 Mar 2024 16:16:57 GMT', 'Content-Type': 'application/json; charset=utf-8', 'Transfer-Encoding': 'chunked', 'Connection': 'keep-alive', 'X-Powered-By': 'Express', 'Access-Control-Allow-Origin': '*', 'Cache-Control': 'no-cache', 'ETag': 'W/"48d-vNWgy6yuvK+bHwEvHD+WiJT8YDM"', 'Vary': 'Accept-Encoding', 'Content-Encoding': 'gzip', 'CF-Cache-Status': 'DYNAMIC', 'Report-To': '{"endpoints":[{"url":"https:\\/\\/a.nel.cloudflare.com\\/report\\/v4?s=HHljnoowqeMK99D6NtWm6pKhJbA9YsgRMB6r8pb1q3VZl3D8%2FNgxCh9zwe8eeR%2Fm%2FdmQAq7qiQpsVhL9663allfjLXtsAsBDVkl1BkODUEWuZ5rYbLjc4Bz5mDHYnGY7"}],"group":"cf-nel","max_age":604800}', 'NEL': '{"success_fraction":0,"report_to":"cf-nel","max_age":604800}', 'Server': 'cloudflare', 'CF-RAY': '86c12ad72da6171e-SJC', 'alt-svc': 'h3=":443"; ma=86400'} 
 body={"results":[{"gender":"female","name":{"title":"Mrs","first":"Marinde","last":"Van Stratum"},"location":{"street":{"number":7885,"name":"Kalverweidendijk"},"city":"Wijchen","state":"Utrecht","country":"Netherlands","postcode":"3526 SE","coordinates":{"latitude":"35.7120","longitude":"74.1898"},"timezone":{"offset":"-3:30","description":"Newfoundland"}},"email":"marinde.vanstratum@example.com","login":{"uuid":"9ea5cded-cbe7-48a8-b746-0621288edbec","username":"greenbear471","password":"cory","salt":"T5EINGUB","md5":"7f28cad25b677c158aed387e3968c99c","sha1":"fa94bff117cc0b525fb48d9645883baf74a7e98d","sha256":"063e51dabf0032cb7f0543ef05eb7ac422b9a226905f1b3944f6318e1886b364"},"dob":{"date":"1953-08-17T09:44:19.098Z","age":70},"registered":{"date":"2004-09-16T04:26:10.692Z","age":19},"phone":"(055) 8868746","cell":"(06) 00559630","id":{"name":"BSN","value":"94536505"},"picture":{"large":"https://randomuser.me/api/portraits/women/13.jpg","medium":"https://randomuser.me/api/portraits/med/women/13.jpg","thumbnail":"https://randomuser.me/api/portraits/thumb/women/13.jpg"},"nat":"NL"}],"info":{"seed":"6521d174723ce24e","results":1,"page":1,"version":"1.4"}} 
 </msg>
<msg time="2024-03-29T16:16:57.554569" level="INFO">/opt/hostedtoolcache/Python/3.12.2/x64/lib/python3.12/site-packages/urllib3/connectionpool.py:1103: InsecureRequestWarning: Unverified HTTPS request is being made to host 'randomuser.me'. Adding certificate verification is strongly advised. See: https://urllib3.readthedocs.io/en/latest/advanced-usage.html#tls-warnings
  warnings.warn(</msg>
<msg time="2024-03-29T16:16:57.554697" level="INFO">${response} = &lt;Response [200]&gt;</msg>
<var>${response}</var>
<arg>consultarAPI</arg>
<arg>/api</arg>
<doc>Sends a GET request on a previously created HTTP Session.</doc>
<status status="PASS" start="2024-03-29T16:16:57.460115" elapsed="0.094632"/>
</kw>
<kw name="Set Variable" owner="BuiltIn">
<msg time="2024-03-29T16:16:57.555847" level="INFO">${json_data} = {'results': [{'gender': 'female', 'name': {'title': 'Mrs', 'first': 'Marinde', 'last': 'Van Stratum'}, 'location': {'street': {'number': 7885, 'name': 'Kalverweidendijk'}, 'city': 'Wijchen', 'state': ...</msg>
<var>${json_data}</var>
<arg>${response.json()}</arg>
<doc>Returns the given values which can then be assigned to a variables.</doc>
<status status="PASS" start="2024-03-29T16:16:57.555301" elapsed="0.000574"/>
</kw>
<kw name="Set Variable" owner="BuiltIn">
<msg time="2024-03-29T16:16:57.556559" level="INFO">${name_title} = Mrs</msg>
<var>${name_title}</var>
<arg>${json_data["results"][0]["name"]["title"]}</arg>
<doc>Returns the given values which can then be assigned to a variables.</doc>
<status status="PASS" start="2024-03-29T16:16:57.556181" elapsed="0.000403"/>
</kw>
<kw name="Create List" owner="BuiltIn">
<msg time="2024-03-29T16:16:57.557086" level="INFO">${allowed_titles} = ['Mr', 'Ms', 'Miss', 'Mrs', 'Madame', 'Monsieur']</msg>
<var>${allowed_titles}</var>
<arg>Mr</arg>
<arg>Ms</arg>
<arg>Miss</arg>
<arg>Mrs</arg>
<arg>Madame</arg>
<arg>Monsieur</arg>
<doc>Returns a list containing given items.</doc>
<status status="PASS" start="2024-03-29T16:16:57.556933" elapsed="0.000177"/>
</kw>
<kw name="List Should Contain Value" owner="Collections">
<msg time="2024-03-29T16:16:57.557598" level="INFO">False</msg>
<arg>${allowed_titles}</arg>
<arg>${name_title}</arg>
<doc>Fails if the ``value`` is not found from ``list``.</doc>
<status status="PASS" start="2024-03-29T16:16:57.557417" elapsed="0.000217"/>
</kw>
<kw name="Set Variable" owner="BuiltIn">
<msg time="2024-03-29T16:16:57.558310" level="INFO">${name_country} = NL</msg>
<var>${name_country}</var>
<arg>${json_data["results"][0]["nat"]}</arg>
<doc>Returns the given values which can then be assigned to a variables.</doc>
<status status="PASS" start="2024-03-29T16:16:57.557934" elapsed="0.000400"/>
</kw>
<kw name="Create List" owner="BuiltIn">
<msg time="2024-03-29T16:16:57.559242" level="INFO">${list_country} = ['AD', 'AE', 'AF', 'AG', 'AI', 'AL', 'AM', 'AO', 'AQ', 'AR', 'AS', 'AT', 'AU', 'AW', 'AX', 'AZ', 'BA', 'BB', 'BD', 'BE', 'BF', 'BG', 'BH', 'BI', 'BJ', 'BL', 'BM', 'BN', 'BO', 'BQ', 'BR', 'BS', 'BT', '...</msg>
<var>${list_country}</var>
<arg>AD</arg>
<arg>AE</arg>
<arg>AF</arg>
<arg>AG</arg>
<arg>AI</arg>
<arg>AL</arg>
<arg>AM</arg>
<arg>AO</arg>
<arg>AQ</arg>
<arg>AR</arg>
<arg>AS</arg>
<arg>AT</arg>
<arg>AU</arg>
<arg>AW</arg>
<arg>AX</arg>
<arg>AZ</arg>
<arg>BA</arg>
<arg>BB</arg>
<arg>BD</arg>
<arg>BE</arg>
<arg>BF</arg>
<arg>BG</arg>
<arg>BH</arg>
<arg>BI</arg>
<arg>BJ</arg>
<arg>BL</arg>
<arg>BM</arg>
<arg>BN</arg>
<arg>BO</arg>
<arg>BQ</arg>
<arg>BR</arg>
<arg>BS</arg>
<arg>BT</arg>
<arg>BV</arg>
<arg>BW</arg>
<arg>BY</arg>
<arg>BZ</arg>
<arg>CA</arg>
<arg>CC</arg>
<arg>CD</arg>
<arg>CF</arg>
<arg>CG</arg>
<arg>CH</arg>
<arg>CI</arg>
<arg>CK</arg>
<arg>CL</arg>
<arg>CM</arg>
<arg>CN</arg>
<arg>CO</arg>
<arg>CR</arg>
<arg>CU</arg>
<arg>CV</arg>
<arg>CW</arg>
<arg>CX</arg>
<arg>CY</arg>
<arg>CZ</arg>
<arg>DE</arg>
<arg>DJ</arg>
<arg>DK</arg>
<arg>DM</arg>
<arg>DO</arg>
<arg>DZ</arg>
<arg>EC</arg>
<arg>EE</arg>
<arg>EG</arg>
<arg>EH</arg>
<arg>ER</arg>
<arg>ES</arg>
<arg>ET</arg>
<arg>FI</arg>
<arg>FJ</arg>
<arg>FK</arg>
<arg>FM</arg>
<arg>FO</arg>
<arg>FR</arg>
<arg>GA</arg>
<arg>GB</arg>
<arg>GD</arg>
<arg>GE</arg>
<arg>GF</arg>
<arg>GG</arg>
<arg>GH</arg>
<arg>GI</arg>
<arg>GL</arg>
<arg>GM</arg>
<arg>GN</arg>
<arg>GP</arg>
<arg>GQ</arg>
<arg>GR</arg>
<arg>GS</arg>
<arg>GT</arg>
<arg>GU</arg>
<arg>GW</arg>
<arg>GY</arg>
<arg>HK</arg>
<arg>HM</arg>
<arg>HN</arg>
<arg>HR</arg>
<arg>HT</arg>
<arg>HU</arg>
<arg>ID</arg>
<arg>IE</arg>
<arg>IL</arg>
<arg>IM</arg>
<arg>IN</arg>
<arg>IO</arg>
<arg>IQ</arg>
<arg>IR</arg>
<arg>IS</arg>
<arg>IT</arg>
<arg>JE</arg>
<arg>JM</arg>
<arg>JO</arg>
<arg>JP</arg>
<arg>KE</arg>
<arg>KG</arg>
<arg>KH</arg>
<arg>KI</arg>
<arg>KM</arg>
<arg>KN</arg>
<arg>KP</arg>
<arg>KR</arg>
<arg>KW</arg>
<arg>KY</arg>
<arg>KZ</arg>
<arg>LA</arg>
<arg>LB</arg>
<arg>LC</arg>
<arg>LI</arg>
<arg>LK</arg>
<arg>LR</arg>
<arg>LS</arg>
<arg>LT</arg>
<arg>LU</arg>
<arg>LV</arg>
<arg>LY</arg>
<arg>MA</arg>
<arg>MC</arg>
<arg>MD</arg>
<arg>ME</arg>
<arg>MF</arg>
<arg>MG</arg>
<arg>MH</arg>
<arg>MK</arg>
<arg>ML</arg>
<arg>MM</arg>
<arg>MN</arg>
<arg>MO</arg>
<arg>MP</arg>
<arg>MQ</arg>
<arg>MR</arg>
<arg>MS</arg>
<arg>MT</arg>
<arg>MU</arg>
<arg>MV</arg>
<arg>MW</arg>
<arg>MX</arg>
<arg>MY</arg>
<arg>MZ</arg>
<arg>NA</arg>
<arg>NC</arg>
<arg>NE</arg>
<arg>NF</arg>
<arg>NG</arg>
<arg>NI</arg>
<arg>NL</arg>
<arg>NO</arg>
<arg>NP</arg>
<arg>NR</arg>
<arg>NU</arg>
<arg>NZ</arg>
<arg>OM</arg>
<arg>PA</arg>
<arg>PE</arg>
<arg>PF</arg>
<arg>PG</arg>
<arg>PH</arg>
<arg>PK</arg>
<arg>PL</arg>
<arg>PM</arg>
<arg>PN</arg>
<arg>PR</arg>
<arg>PS</arg>
<arg>PT</arg>
<arg>PW</arg>
<arg>PY</arg>
<arg>QA</arg>
<arg>RE</arg>
<arg>RO</arg>
<arg>RS</arg>
<arg>RU</arg>
<arg>RW</arg>
<arg>SA</arg>
<arg>SB</arg>
<arg>SC</arg>
<arg>SD</arg>
<arg>SE</arg>
<arg>SG</arg>
<arg>SH</arg>
<arg>SI</arg>
<arg>SJ</arg>
<arg>SK</arg>
<arg>SL</arg>
<arg>SM</arg>
<arg>SN</arg>
<arg>SO</arg>
<arg>SR</arg>
<arg>SS</arg>
<arg>ST</arg>
<arg>SV</arg>
<arg>SX</arg>
<arg>SY</arg>
<arg>SZ</arg>
<arg>TC</arg>
<arg>TD</arg>
<arg>TF</arg>
<arg>TG</arg>
<arg>TH</arg>
<arg>TJ</arg>
<arg>TK</arg>
<arg>TL</arg>
<arg>TM</arg>
<arg>TN</arg>
<arg>TO</arg>
<arg>TR</arg>
<arg>TT</arg>
<arg>TV</arg>
<arg>TW</arg>
<arg>TZ</arg>
<arg>UA</arg>
<arg>UG</arg>
<arg>UM</arg>
<arg>US</arg>
<arg>UY</arg>
<arg>UZ</arg>
<arg>VA</arg>
<arg>VC</arg>
<arg>VE</arg>
<arg>VG</arg>
<arg>VI</arg>
<arg>VN</arg>
<arg>VU</arg>
<arg>WF</arg>
<arg>WS</arg>
<arg>XK</arg>
<arg>YE</arg>
<arg>YT</arg>
<arg>ZA</arg>
<arg>ZM</arg>
<arg>ZW</arg>
<doc>Returns a list containing given items.</doc>
<status status="PASS" start="2024-03-29T16:16:57.558643" elapsed="0.000625"/>
</kw>
<kw name="List Should Contain Value" owner="Collections">
<msg time="2024-03-29T16:16:57.560375" level="INFO">False</msg>
<arg>${list_country}</arg>
<arg>${name_country}</arg>
<doc>Fails if the ``value`` is not found from ``list``.</doc>
<status status="PASS" start="2024-03-29T16:16:57.560171" elapsed="0.000241"/>
</kw>
<kw name="Run Keyword If" owner="BuiltIn">
<kw name="Should Be True" owner="BuiltIn">
<arg>${True}</arg>
<doc>Fails if the given condition is not true.</doc>
<status status="PASS" start="2024-03-29T16:16:57.561513" elapsed="0.000148"/>
</kw>
<arg>${json_data["results"][0]["location"]["coordinates"]["latitude"]} &gt;= -90 and ${json_data["results"][0]["location"]["coordinates"]["latitude"]} &lt;= 90</arg>
<arg>Should Be True</arg>
<arg>${True}</arg>
<doc>Runs the given keyword with the given arguments, if ``condition`` is true.</doc>
<status status="PASS" start="2024-03-29T16:16:57.560744" elapsed="0.001045"/>
</kw>
<kw name="Run Keyword If" owner="BuiltIn">
<kw name="Should Be True" owner="BuiltIn">
<arg>${True}</arg>
<doc>Fails if the given condition is not true.</doc>
<status status="PASS" start="2024-03-29T16:16:57.562680" elapsed="0.000138"/>
</kw>
<arg>${json_data["results"][0]["location"]["coordinates"]["longitude"]} &gt;= -180 and ${json_data["results"][0]["location"]["coordinates"]["longitude"]} &lt;= 180</arg>
<arg>Should Be True</arg>
<arg>${True}</arg>
<doc>Runs the given keyword with the given arguments, if ``condition`` is true.</doc>
<status status="PASS" start="2024-03-29T16:16:57.561976" elapsed="0.000966"/>
</kw>
<status status="PASS" start="2024-03-29T16:16:57.459887" elapsed="0.103183"/>
</kw>
<doc>Testa o conteúdo específico dos campos retornados pela API.</doc>
<tag>testeConteudo</tag>
<status status="PASS" start="2024-03-29T16:16:57.459335" elapsed="0.103885"/>
</test>
<status status="PASS" start="2024-03-29T16:16:56.609739" elapsed="0.955443"/>
</suite>
<status status="PASS" start="2024-03-29T16:16:56.595694" elapsed="0.974861"/>
</suite>
<statistics>
<total>
<stat pass="5" fail="0" skip="0">All Tests</stat>
</total>
<tag>
<stat pass="1" fail="0" skip="0">testeConteudo</stat>
<stat pass="1" fail="0" skip="0">testeEstruturaResposta</stat>
<stat pass="1" fail="0" skip="0">testeRequisicaoBasica</stat>
<stat pass="1" fail="0" skip="0">testeTiposDados</stat>
</tag>
<suite>
<stat pass="5" fail="0" skip="0" id="s1" name="Tests">Tests</stat>
<stat pass="5" fail="0" skip="0" id="s1-s1" name="Random-User-Test">Tests.Random-User-Test</stat>
</suite>
</statistics>
<errors>
</errors>
</robot>
