<?xml version="1.0" encoding="UTF-8"?>
<robot generator="Robot 7.0.1 (Python 3.12.4 on linux)" generated="2024-07-01T07:15:24.247998" rpa="false" schemaversion="5">
<suite id="s1" name="Tests" source="/home/runner/work/ApiRandomUser/ApiRandomUser/RamdonUser/tests">
<suite id="s1-s1" name="Random-User-Test" source="/home/runner/work/ApiRandomUser/ApiRandomUser/RamdonUser/tests/random-user-test.robot">
<test id="s1-s1-t1" name="Conectar" line="13">
<kw name="Conectar API" owner="random-user-service">
<kw name="Create Session" owner="RequestsLibrary">
<msg time="2024-07-01T07:15:24.671707" level="INFO">Creating Session using : alias=consultarAPI, url=https://randomuser.me/, headers={},                     cookies={}, auth=None, timeout=None, proxies=None, verify=False,                     debug=0 </msg>
<arg>consultarAPI</arg>
<arg>${URL}</arg>
<doc>Create Session: create a HTTP session to a server</doc>
<status status="PASS" start="2024-07-01T07:15:24.671501" elapsed="0.000371"/>
</kw>
<status status="PASS" start="2024-07-01T07:15:24.670528" elapsed="0.001688"/>
</kw>
<status status="PASS" start="2024-07-01T07:15:24.669939" elapsed="0.002468"/>
</test>
<test id="s1-s1-t2" name="Validar retorno 200 e JSON Válido" line="16">
<kw name="Teste de Requisicao Basica" owner="random-user-service">
<kw name="GET On Session" owner="RequestsLibrary">
<msg time="2024-07-01T07:15:24.809089" level="INFO">GET Request : url=https://randomuser.me/api 
 path_url=/api 
 headers={'User-Agent': 'python-requests/2.32.3', 'Accept-Encoding': 'gzip, deflate', 'Accept': '*/*', 'Connection': 'keep-alive'} 
 body=None 
 </msg>
<msg time="2024-07-01T07:15:24.809220" level="INFO">GET Response : url=https://randomuser.me/api 
 status=200, reason=OK 
 headers={'Date': 'Mon, 01 Jul 2024 07:15:24 GMT', 'Content-Type': 'application/json; charset=utf-8', 'Transfer-Encoding': 'chunked', 'Connection': 'keep-alive', 'X-Powered-By': 'Express', 'Access-Control-Allow-Origin': '*', 'Cache-Control': 'no-cache', 'ETag': 'W/"49a-6EnMbwO/UAs7MQ8hpYiZ+7roEpA"', 'Vary': 'Accept-Encoding', 'Content-Encoding': 'gzip', 'CF-Cache-Status': 'DYNAMIC', 'Report-To': '{"endpoints":[{"url":"https:\\/\\/a.nel.cloudflare.com\\/report\\/v4?s=Am8SuRXPYesOSjvnJF7IoGWIA701fzq%2B5nKoWqetrlA3gofIjXxTe%2FK6bVscy1NllHgMu0ioOSR8ADZsCNZN%2FfgefQ828KNq4Tl7xkR6B%2BWnNC4hif46Bxscufg9Qk%2BL"}],"group":"cf-nel","max_age":604800}', 'NEL': '{"success_fraction":0,"report_to":"cf-nel","max_age":604800}', 'Server': 'cloudflare', 'CF-RAY': '89c49acf692b9459-SJC', 'alt-svc': 'h3=":443"; ma=86400'} 
 body={"results":[{"gender":"male","name":{"title":"Mr","first":"David","last":"Mackay"},"location":{"street":{"number":3210,"name":"22nd Ave"},"city":"Richmond","state":"British Columbia","country":"Canada","postcode":"H2V 6O9","coordinates":{"latitude":"-64.5423","longitude":"-144.1993"},"timezone":{"offset":"+5:00","description":"Ekaterinburg, Islamabad, Karachi, Tashkent"}},"email":"david.mackay@example.com","login":{"uuid":"49a50b20-b65e-480b-b7a6-15afad0d4c10","username":"purplegorilla192","password":"jubilee","salt":"Txu7FbRE","md5":"ff3c21d1a6c8124192824425df9355f0","sha1":"cfe17f3eb9024c4225daae560bcb63f6f3244733","sha256":"2f9591d5263d6e8e6930893fd38da415e2ce2b5ac83f930cb431e0c152cba742"},"dob":{"date":"1964-05-03T02:33:15.854Z","age":60},"registered":{"date":"2015-03-10T09:55:36.804Z","age":9},"phone":"Q80 V27-1082","cell":"F94 X27-2637","id":{"name":"SIN","value":"907124648"},"picture":{"large":"https://randomuser.me/api/portraits/men/99.jpg","medium":"https://randomuser.me/api/portraits/med/men/99.jpg","thumbnail":"https://randomuser.me/api/portraits/thumb/men/99.jpg"},"nat":"CA"}],"info":{"seed":"2018ab4e99447035","results":1,"page":1,"version":"1.4"}} 
 </msg>
<msg time="2024-07-01T07:15:24.809305" level="INFO">/opt/hostedtoolcache/Python/3.12.4/x64/lib/python3.12/site-packages/urllib3/connectionpool.py:1099: InsecureRequestWarning: Unverified HTTPS request is being made to host 'randomuser.me'. Adding certificate verification is strongly advised. See: https://urllib3.readthedocs.io/en/latest/advanced-usage.html#tls-warnings
  warnings.warn(</msg>
<msg time="2024-07-01T07:15:24.809467" level="INFO">${response} = &lt;Response [200]&gt;</msg>
<var>${response}</var>
<arg>consultarAPI</arg>
<arg>/api</arg>
<doc>Sends a GET request on a previously created HTTP Session.</doc>
<status status="PASS" start="2024-07-01T07:15:24.675031" elapsed="0.134482"/>
</kw>
<kw name="Should Be Equal As Numbers" owner="BuiltIn">
<msg time="2024-07-01T07:15:24.810349" level="INFO">Argument types are:
&lt;class 'int'&gt;
&lt;class 'str'&gt;</msg>
<arg>${response.status_code}</arg>
<arg>200</arg>
<doc>Fails if objects are unequal after converting them to real numbers.</doc>
<status status="PASS" start="2024-07-01T07:15:24.809929" elapsed="0.000485"/>
</kw>
<kw name="Log" owner="BuiltIn">
<msg time="2024-07-01T07:15:24.811084" level="INFO">200</msg>
<arg>${response.status_code}</arg>
<doc>Logs the given message with the given level.</doc>
<status status="PASS" start="2024-07-01T07:15:24.810733" elapsed="0.000438"/>
</kw>
<kw name="Set Variable" owner="BuiltIn">
<msg time="2024-07-01T07:15:24.811929" level="INFO">${json_data} = {'results': [{'gender': 'male', 'name': {'title': 'Mr', 'first': 'David', 'last': 'Mackay'}, 'location': {'street': {'number': 3210, 'name': '22nd Ave'}, 'city': 'Richmond', 'state': 'British Columbia...</msg>
<var>${json_data}</var>
<arg>${response.json()}</arg>
<doc>Returns the given values which can then be assigned to a variables.</doc>
<status status="PASS" start="2024-07-01T07:15:24.811490" elapsed="0.000468"/>
</kw>
<kw name="Dictionary Should Contain Key" owner="Collections">
<arg>${json_data}</arg>
<arg>results</arg>
<doc>Fails if ``key`` is not found from ``dictionary``.</doc>
<status status="PASS" start="2024-07-01T07:15:24.812259" elapsed="0.000165"/>
</kw>
<status status="PASS" start="2024-07-01T07:15:24.674779" elapsed="0.137795"/>
</kw>
<doc>Testa se a API responde corretamente e retorna um objeto JSON válido.</doc>
<tag>testeRequisicaoBasica</tag>
<status status="PASS" start="2024-07-01T07:15:24.674245" elapsed="0.138495"/>
</test>
<test id="s1-s1-t3" name="Validar estrutura de resposta" line="22">
<kw name="Teste de Estrutura de Resposta" owner="random-user-service">
<kw name="GET On Session" owner="RequestsLibrary">
<msg time="2024-07-01T07:15:24.914249" level="INFO">GET Request : url=https://randomuser.me/api 
 path_url=/api 
 headers={'User-Agent': 'python-requests/2.32.3', 'Accept-Encoding': 'gzip, deflate', 'Accept': '*/*', 'Connection': 'keep-alive'} 
 body=None 
 </msg>
<msg time="2024-07-01T07:15:24.914339" level="INFO">GET Response : url=https://randomuser.me/api 
 status=200, reason=OK 
 headers={'Date': 'Mon, 01 Jul 2024 07:15:24 GMT', 'Content-Type': 'application/json; charset=utf-8', 'Transfer-Encoding': 'chunked', 'Connection': 'keep-alive', 'X-Powered-By': 'Express', 'Access-Control-Allow-Origin': '*', 'Cache-Control': 'no-cache', 'ETag': 'W/"493-0hiC30JrBxN1WsEBrVgrzvUsJLQ"', 'Vary': 'Accept-Encoding', 'Content-Encoding': 'gzip', 'CF-Cache-Status': 'DYNAMIC', 'Report-To': '{"endpoints":[{"url":"https:\\/\\/a.nel.cloudflare.com\\/report\\/v4?s=shlrOdxpFc0tB90m8vBgpyZa0%2BgDo%2BJBJwtMGavCo6YXjXOLfG0EAjTtVaaOgPNqI9Nh%2FQ%2FAfJgebJOV%2FWZRzfCL5fbaXW%2BLYVjRbjuT%2BhX%2Fzh3TzCIGUc7DwkzD%2BAZ%2F"}],"group":"cf-nel","max_age":604800}', 'NEL': '{"success_fraction":0,"report_to":"cf-nel","max_age":604800}', 'Server': 'cloudflare', 'CF-RAY': '89c49ad0198d9459-SJC', 'alt-svc': 'h3=":443"; ma=86400'} 
 body={"results":[{"gender":"female","name":{"title":"Miss","first":"Sofia","last":"Wilson"},"location":{"street":{"number":7608,"name":"Brock Rd"},"city":"Cumberland","state":"Yukon","country":"Canada","postcode":"D6G 0M1","coordinates":{"latitude":"-72.7514","longitude":"121.3863"},"timezone":{"offset":"+5:00","description":"Ekaterinburg, Islamabad, Karachi, Tashkent"}},"email":"sofia.wilson@example.com","login":{"uuid":"ef3ac33f-c9b3-4460-b561-d290e816b05f","username":"bigsnake246","password":"heng","salt":"LUntAd0w","md5":"ddaf541d220a85f835ecd9c48a6579b6","sha1":"6c0e0226718538fd46109f2b84c10526a377b34d","sha256":"2774a0c5ff94b556b2ed8b3e2a57c95c619e9443ce553d3114e25379d6d9244e"},"dob":{"date":"1978-03-01T05:41:07.796Z","age":46},"registered":{"date":"2003-04-25T08:39:23.780Z","age":21},"phone":"N04 T03-9719","cell":"Z62 B49-9587","id":{"name":"SIN","value":"879060739"},"picture":{"large":"https://randomuser.me/api/portraits/women/90.jpg","medium":"https://randomuser.me/api/portraits/med/women/90.jpg","thumbnail":"https://randomuser.me/api/portraits/thumb/women/90.jpg"},"nat":"CA"}],"info":{"seed":"7f5d061e38b7b877","results":1,"page":1,"version":"1.4"}} 
 </msg>
<msg time="2024-07-01T07:15:24.914470" level="INFO">/opt/hostedtoolcache/Python/3.12.4/x64/lib/python3.12/site-packages/urllib3/connectionpool.py:1099: InsecureRequestWarning: Unverified HTTPS request is being made to host 'randomuser.me'. Adding certificate verification is strongly advised. See: https://urllib3.readthedocs.io/en/latest/advanced-usage.html#tls-warnings
  warnings.warn(</msg>
<msg time="2024-07-01T07:15:24.914621" level="INFO">${response} = &lt;Response [200]&gt;</msg>
<var>${response}</var>
<arg>consultarAPI</arg>
<arg>/api</arg>
<doc>Sends a GET request on a previously created HTTP Session.</doc>
<status status="PASS" start="2024-07-01T07:15:24.815673" elapsed="0.099007"/>
</kw>
<kw name="Set Variable" owner="BuiltIn">
<msg time="2024-07-01T07:15:24.915536" level="INFO">${json_data} = {'results': [{'gender': 'female', 'name': {'title': 'Miss', 'first': 'Sofia', 'last': 'Wilson'}, 'location': {'street': {'number': 7608, 'name': 'Brock Rd'}, 'city': 'Cumberland', 'state': 'Yukon', 'c...</msg>
<var>${json_data}</var>
<arg>${response.json()}</arg>
<doc>Returns the given values which can then be assigned to a variables.</doc>
<status status="PASS" start="2024-07-01T07:15:24.915033" elapsed="0.000532"/>
</kw>
<kw name="Log" owner="BuiltIn">
<msg time="2024-07-01T07:15:24.916025" level="INFO">{'results': [{'gender': 'female', 'name': {'title': 'Miss', 'first': 'Sofia', 'last': 'Wilson'}, 'location': {'street': {'number': 7608, 'name': 'Brock Rd'}, 'city': 'Cumberland', 'state': 'Yukon', 'country': 'Canada', 'postcode': 'D6G 0M1', 'coordinates': {'latitude': '-72.7514', 'longitude': '121.3863'}, 'timezone': {'offset': '+5:00', 'description': 'Ekaterinburg, Islamabad, Karachi, Tashkent'}}, 'email': 'sofia.wilson@example.com', 'login': {'uuid': 'ef3ac33f-c9b3-4460-b561-d290e816b05f', 'username': 'bigsnake246', 'password': 'heng', 'salt': 'LUntAd0w', 'md5': 'ddaf541d220a85f835ecd9c48a6579b6', 'sha1': '6c0e0226718538fd46109f2b84c10526a377b34d', 'sha256': '2774a0c5ff94b556b2ed8b3e2a57c95c619e9443ce553d3114e25379d6d9244e'}, 'dob': {'date': '1978-03-01T05:41:07.796Z', 'age': 46}, 'registered': {'date': '2003-04-25T08:39:23.780Z', 'age': 21}, 'phone': 'N04 T03-9719', 'cell': 'Z62 B49-9587', 'id': {'name': 'SIN', 'value': '879060739'}, 'picture': {'large': 'https://randomuser.me/api/portraits/women/90.jpg', 'medium': 'https://randomuser.me/api/portraits/med/women/90.jpg', 'thumbnail': 'https://randomuser.me/api/portraits/thumb/women/90.jpg'}, 'nat': 'CA'}], 'info': {'seed': '7f5d061e38b7b877', 'results': 1, 'page': 1, 'version': '1.4'}}</msg>
<arg>${json_data}</arg>
<doc>Logs the given message with the given level.</doc>
<status status="PASS" start="2024-07-01T07:15:24.915870" elapsed="0.000203"/>
</kw>
<kw name="Dictionary Should Contain Key" owner="Collections">
<arg>${json_data}</arg>
<arg>results</arg>
<doc>Fails if ``key`` is not found from ``dictionary``.</doc>
<status status="PASS" start="2024-07-01T07:15:24.916362" elapsed="0.000160"/>
</kw>
<kw name="Should Not Be Empty" owner="BuiltIn">
<msg time="2024-07-01T07:15:24.916837" level="INFO">Length is 2.</msg>
<arg>${json_data}</arg>
<doc>Verifies that the given item is not empty.</doc>
<status status="PASS" start="2024-07-01T07:15:24.916707" elapsed="0.000169"/>
</kw>
<kw name="Create List" owner="BuiltIn">
<msg time="2024-07-01T07:15:24.917325" level="INFO">${expected_keys} = ['gender', 'name', 'location', 'email', 'login']</msg>
<var>${expected_keys}</var>
<arg>gender</arg>
<arg>name</arg>
<arg>location</arg>
<arg>email</arg>
<arg>login</arg>
<doc>Returns a list containing given items.</doc>
<status status="PASS" start="2024-07-01T07:15:24.917171" elapsed="0.000179"/>
</kw>
<for flavor="IN">
<iter>
<kw name="Dictionary Should Contain Key" owner="Collections">
<arg>${json_data['results'][0]}</arg>
<arg>${key}</arg>
<doc>Fails if ``key`` is not found from ``dictionary``.</doc>
<status status="PASS" start="2024-07-01T07:15:24.918048" elapsed="0.000393"/>
</kw>
<kw name="Log" owner="BuiltIn">
<msg time="2024-07-01T07:15:24.919011" level="INFO">{'gender': 'female', 'name': {'title': 'Miss', 'first': 'Sofia', 'last': 'Wilson'}, 'location': {'street': {'number': 7608, 'name': 'Brock Rd'}, 'city': 'Cumberland', 'state': 'Yukon', 'country': 'Canada', 'postcode': 'D6G 0M1', 'coordinates': {'latitude': '-72.7514', 'longitude': '121.3863'}, 'timezone': {'offset': '+5:00', 'description': 'Ekaterinburg, Islamabad, Karachi, Tashkent'}}, 'email': 'sofia.wilson@example.com', 'login': {'uuid': 'ef3ac33f-c9b3-4460-b561-d290e816b05f', 'username': 'bigsnake246', 'password': 'heng', 'salt': 'LUntAd0w', 'md5': 'ddaf541d220a85f835ecd9c48a6579b6', 'sha1': '6c0e0226718538fd46109f2b84c10526a377b34d', 'sha256': '2774a0c5ff94b556b2ed8b3e2a57c95c619e9443ce553d3114e25379d6d9244e'}, 'dob': {'date': '1978-03-01T05:41:07.796Z', 'age': 46}, 'registered': {'date': '2003-04-25T08:39:23.780Z', 'age': 21}, 'phone': 'N04 T03-9719', 'cell': 'Z62 B49-9587', 'id': {'name': 'SIN', 'value': '879060739'}, 'picture': {'large': 'https://randomuser.me/api/portraits/women/90.jpg', 'medium': 'https://randomuser.me/api/portraits/med/women/90.jpg', 'thumbnail': 'https://randomuser.me/api/portraits/thumb/women/90.jpg'}, 'nat': 'CA'}</msg>
<arg>${json_data['results'][0]}</arg>
<doc>Logs the given message with the given level.</doc>
<status status="PASS" start="2024-07-01T07:15:24.918633" elapsed="0.000427"/>
</kw>
<kw name="Log" owner="BuiltIn">
<msg time="2024-07-01T07:15:24.919519" level="INFO">gender</msg>
<arg>${key}</arg>
<doc>Logs the given message with the given level.</doc>
<status status="PASS" start="2024-07-01T07:15:24.919390" elapsed="0.000168"/>
</kw>
<var name="${key}">gender</var>
<status status="PASS" start="2024-07-01T07:15:24.917924" elapsed="0.001853"/>
</iter>
<iter>
<kw name="Dictionary Should Contain Key" owner="Collections">
<arg>${json_data['results'][0]}</arg>
<arg>${key}</arg>
<doc>Fails if ``key`` is not found from ``dictionary``.</doc>
<status status="PASS" start="2024-07-01T07:15:24.920086" elapsed="0.000395"/>
</kw>
<kw name="Log" owner="BuiltIn">
<msg time="2024-07-01T07:15:24.921017" level="INFO">{'gender': 'female', 'name': {'title': 'Miss', 'first': 'Sofia', 'last': 'Wilson'}, 'location': {'street': {'number': 7608, 'name': 'Brock Rd'}, 'city': 'Cumberland', 'state': 'Yukon', 'country': 'Canada', 'postcode': 'D6G 0M1', 'coordinates': {'latitude': '-72.7514', 'longitude': '121.3863'}, 'timezone': {'offset': '+5:00', 'description': 'Ekaterinburg, Islamabad, Karachi, Tashkent'}}, 'email': 'sofia.wilson@example.com', 'login': {'uuid': 'ef3ac33f-c9b3-4460-b561-d290e816b05f', 'username': 'bigsnake246', 'password': 'heng', 'salt': 'LUntAd0w', 'md5': 'ddaf541d220a85f835ecd9c48a6579b6', 'sha1': '6c0e0226718538fd46109f2b84c10526a377b34d', 'sha256': '2774a0c5ff94b556b2ed8b3e2a57c95c619e9443ce553d3114e25379d6d9244e'}, 'dob': {'date': '1978-03-01T05:41:07.796Z', 'age': 46}, 'registered': {'date': '2003-04-25T08:39:23.780Z', 'age': 21}, 'phone': 'N04 T03-9719', 'cell': 'Z62 B49-9587', 'id': {'name': 'SIN', 'value': '879060739'}, 'picture': {'large': 'https://randomuser.me/api/portraits/women/90.jpg', 'medium': 'https://randomuser.me/api/portraits/med/women/90.jpg', 'thumbnail': 'https://randomuser.me/api/portraits/thumb/women/90.jpg'}, 'nat': 'CA'}</msg>
<arg>${json_data['results'][0]}</arg>
<doc>Logs the given message with the given level.</doc>
<status status="PASS" start="2024-07-01T07:15:24.920665" elapsed="0.000433"/>
</kw>
<kw name="Log" owner="BuiltIn">
<msg time="2024-07-01T07:15:24.921535" level="INFO">name</msg>
<arg>${key}</arg>
<doc>Logs the given message with the given level.</doc>
<status status="PASS" start="2024-07-01T07:15:24.921398" elapsed="0.000175"/>
</kw>
<var name="${key}">name</var>
<status status="PASS" start="2024-07-01T07:15:24.919972" elapsed="0.001817"/>
</iter>
<iter>
<kw name="Dictionary Should Contain Key" owner="Collections">
<arg>${json_data['results'][0]}</arg>
<arg>${key}</arg>
<doc>Fails if ``key`` is not found from ``dictionary``.</doc>
<status status="PASS" start="2024-07-01T07:15:24.922075" elapsed="0.000382"/>
</kw>
<kw name="Log" owner="BuiltIn">
<msg time="2024-07-01T07:15:24.922997" level="INFO">{'gender': 'female', 'name': {'title': 'Miss', 'first': 'Sofia', 'last': 'Wilson'}, 'location': {'street': {'number': 7608, 'name': 'Brock Rd'}, 'city': 'Cumberland', 'state': 'Yukon', 'country': 'Canada', 'postcode': 'D6G 0M1', 'coordinates': {'latitude': '-72.7514', 'longitude': '121.3863'}, 'timezone': {'offset': '+5:00', 'description': 'Ekaterinburg, Islamabad, Karachi, Tashkent'}}, 'email': 'sofia.wilson@example.com', 'login': {'uuid': 'ef3ac33f-c9b3-4460-b561-d290e816b05f', 'username': 'bigsnake246', 'password': 'heng', 'salt': 'LUntAd0w', 'md5': 'ddaf541d220a85f835ecd9c48a6579b6', 'sha1': '6c0e0226718538fd46109f2b84c10526a377b34d', 'sha256': '2774a0c5ff94b556b2ed8b3e2a57c95c619e9443ce553d3114e25379d6d9244e'}, 'dob': {'date': '1978-03-01T05:41:07.796Z', 'age': 46}, 'registered': {'date': '2003-04-25T08:39:23.780Z', 'age': 21}, 'phone': 'N04 T03-9719', 'cell': 'Z62 B49-9587', 'id': {'name': 'SIN', 'value': '879060739'}, 'picture': {'large': 'https://randomuser.me/api/portraits/women/90.jpg', 'medium': 'https://randomuser.me/api/portraits/med/women/90.jpg', 'thumbnail': 'https://randomuser.me/api/portraits/thumb/women/90.jpg'}, 'nat': 'CA'}</msg>
<arg>${json_data['results'][0]}</arg>
<doc>Logs the given message with the given level.</doc>
<status status="PASS" start="2024-07-01T07:15:24.922646" elapsed="0.000398"/>
</kw>
<kw name="Log" owner="BuiltIn">
<msg time="2024-07-01T07:15:24.923530" level="INFO">location</msg>
<arg>${key}</arg>
<doc>Logs the given message with the given level.</doc>
<status status="PASS" start="2024-07-01T07:15:24.923399" elapsed="0.000170"/>
</kw>
<var name="${key}">location</var>
<status status="PASS" start="2024-07-01T07:15:24.921967" elapsed="0.001821"/>
</iter>
<iter>
<kw name="Dictionary Should Contain Key" owner="Collections">
<arg>${json_data['results'][0]}</arg>
<arg>${key}</arg>
<doc>Fails if ``key`` is not found from ``dictionary``.</doc>
<status status="PASS" start="2024-07-01T07:15:24.924069" elapsed="0.000388"/>
</kw>
<kw name="Log" owner="BuiltIn">
<msg time="2024-07-01T07:15:24.924990" level="INFO">{'gender': 'female', 'name': {'title': 'Miss', 'first': 'Sofia', 'last': 'Wilson'}, 'location': {'street': {'number': 7608, 'name': 'Brock Rd'}, 'city': 'Cumberland', 'state': 'Yukon', 'country': 'Canada', 'postcode': 'D6G 0M1', 'coordinates': {'latitude': '-72.7514', 'longitude': '121.3863'}, 'timezone': {'offset': '+5:00', 'description': 'Ekaterinburg, Islamabad, Karachi, Tashkent'}}, 'email': 'sofia.wilson@example.com', 'login': {'uuid': 'ef3ac33f-c9b3-4460-b561-d290e816b05f', 'username': 'bigsnake246', 'password': 'heng', 'salt': 'LUntAd0w', 'md5': 'ddaf541d220a85f835ecd9c48a6579b6', 'sha1': '6c0e0226718538fd46109f2b84c10526a377b34d', 'sha256': '2774a0c5ff94b556b2ed8b3e2a57c95c619e9443ce553d3114e25379d6d9244e'}, 'dob': {'date': '1978-03-01T05:41:07.796Z', 'age': 46}, 'registered': {'date': '2003-04-25T08:39:23.780Z', 'age': 21}, 'phone': 'N04 T03-9719', 'cell': 'Z62 B49-9587', 'id': {'name': 'SIN', 'value': '879060739'}, 'picture': {'large': 'https://randomuser.me/api/portraits/women/90.jpg', 'medium': 'https://randomuser.me/api/portraits/med/women/90.jpg', 'thumbnail': 'https://randomuser.me/api/portraits/thumb/women/90.jpg'}, 'nat': 'CA'}</msg>
<arg>${json_data['results'][0]}</arg>
<doc>Logs the given message with the given level.</doc>
<status status="PASS" start="2024-07-01T07:15:24.924640" elapsed="0.000398"/>
</kw>
<kw name="Log" owner="BuiltIn">
<msg time="2024-07-01T07:15:24.925485" level="INFO">email</msg>
<arg>${key}</arg>
<doc>Logs the given message with the given level.</doc>
<status status="PASS" start="2024-07-01T07:15:24.925354" elapsed="0.000171"/>
</kw>
<var name="${key}">email</var>
<status status="PASS" start="2024-07-01T07:15:24.923961" elapsed="0.001781"/>
</iter>
<iter>
<kw name="Dictionary Should Contain Key" owner="Collections">
<arg>${json_data['results'][0]}</arg>
<arg>${key}</arg>
<doc>Fails if ``key`` is not found from ``dictionary``.</doc>
<status status="PASS" start="2024-07-01T07:15:24.926026" elapsed="0.000385"/>
</kw>
<kw name="Log" owner="BuiltIn">
<msg time="2024-07-01T07:15:24.926950" level="INFO">{'gender': 'female', 'name': {'title': 'Miss', 'first': 'Sofia', 'last': 'Wilson'}, 'location': {'street': {'number': 7608, 'name': 'Brock Rd'}, 'city': 'Cumberland', 'state': 'Yukon', 'country': 'Canada', 'postcode': 'D6G 0M1', 'coordinates': {'latitude': '-72.7514', 'longitude': '121.3863'}, 'timezone': {'offset': '+5:00', 'description': 'Ekaterinburg, Islamabad, Karachi, Tashkent'}}, 'email': 'sofia.wilson@example.com', 'login': {'uuid': 'ef3ac33f-c9b3-4460-b561-d290e816b05f', 'username': 'bigsnake246', 'password': 'heng', 'salt': 'LUntAd0w', 'md5': 'ddaf541d220a85f835ecd9c48a6579b6', 'sha1': '6c0e0226718538fd46109f2b84c10526a377b34d', 'sha256': '2774a0c5ff94b556b2ed8b3e2a57c95c619e9443ce553d3114e25379d6d9244e'}, 'dob': {'date': '1978-03-01T05:41:07.796Z', 'age': 46}, 'registered': {'date': '2003-04-25T08:39:23.780Z', 'age': 21}, 'phone': 'N04 T03-9719', 'cell': 'Z62 B49-9587', 'id': {'name': 'SIN', 'value': '879060739'}, 'picture': {'large': 'https://randomuser.me/api/portraits/women/90.jpg', 'medium': 'https://randomuser.me/api/portraits/med/women/90.jpg', 'thumbnail': 'https://randomuser.me/api/portraits/thumb/women/90.jpg'}, 'nat': 'CA'}</msg>
<arg>${json_data['results'][0]}</arg>
<doc>Logs the given message with the given level.</doc>
<status status="PASS" start="2024-07-01T07:15:24.926595" elapsed="0.000403"/>
</kw>
<kw name="Log" owner="BuiltIn">
<msg time="2024-07-01T07:15:24.927445" level="INFO">login</msg>
<arg>${key}</arg>
<doc>Logs the given message with the given level.</doc>
<status status="PASS" start="2024-07-01T07:15:24.927317" elapsed="0.000166"/>
</kw>
<var name="${key}">login</var>
<status status="PASS" start="2024-07-01T07:15:24.925913" elapsed="0.001796"/>
</iter>
<var>${key}</var>
<value>@{expected_keys}</value>
<status status="PASS" start="2024-07-01T07:15:24.917737" elapsed="0.010093"/>
</for>
<kw name="Create List" owner="BuiltIn">
<msg time="2024-07-01T07:15:24.928158" level="INFO">${expected_keysTwo} = ['username', 'password']</msg>
<var>${expected_keysTwo}</var>
<arg>username</arg>
<arg>password</arg>
<doc>Returns a list containing given items.</doc>
<status status="PASS" start="2024-07-01T07:15:24.928021" elapsed="0.000189"/>
</kw>
<for flavor="IN">
<iter>
<kw name="Dictionary Should Contain Key" owner="Collections">
<arg>${json_data['results'][0]['login']}</arg>
<arg>${keyTwo}</arg>
<doc>Fails if ``key`` is not found from ``dictionary``.</doc>
<status status="PASS" start="2024-07-01T07:15:24.928712" elapsed="0.000395"/>
</kw>
<kw name="Dictionary Should Contain Key" owner="Collections">
<arg>${json_data['results'][0]['login']}</arg>
<arg>${keyTwo}</arg>
<doc>Fails if ``key`` is not found from ``dictionary``.</doc>
<status status="PASS" start="2024-07-01T07:15:24.929286" elapsed="0.000385"/>
</kw>
<kw name="Log" owner="BuiltIn">
<msg time="2024-07-01T07:15:24.929992" level="INFO">username</msg>
<arg>${keyTwo}</arg>
<doc>Logs the given message with the given level.</doc>
<status status="PASS" start="2024-07-01T07:15:24.929864" elapsed="0.000167"/>
</kw>
<var name="${keyTwo}">username</var>
<status status="PASS" start="2024-07-01T07:15:24.928605" elapsed="0.001648"/>
</iter>
<iter>
<kw name="Dictionary Should Contain Key" owner="Collections">
<arg>${json_data['results'][0]['login']}</arg>
<arg>${keyTwo}</arg>
<doc>Fails if ``key`` is not found from ``dictionary``.</doc>
<status status="PASS" start="2024-07-01T07:15:24.930533" elapsed="0.000389"/>
</kw>
<kw name="Dictionary Should Contain Key" owner="Collections">
<arg>${json_data['results'][0]['login']}</arg>
<arg>${keyTwo}</arg>
<doc>Fails if ``key`` is not found from ``dictionary``.</doc>
<status status="PASS" start="2024-07-01T07:15:24.931100" elapsed="0.000425"/>
</kw>
<kw name="Log" owner="BuiltIn">
<msg time="2024-07-01T07:15:24.931828" level="INFO">password</msg>
<arg>${keyTwo}</arg>
<doc>Logs the given message with the given level.</doc>
<status status="PASS" start="2024-07-01T07:15:24.931706" elapsed="0.000165"/>
</kw>
<var name="${keyTwo}">password</var>
<status status="PASS" start="2024-07-01T07:15:24.930426" elapsed="0.001669"/>
</iter>
<var>${keyTwo}</var>
<value>@{expected_keysTwo}</value>
<status status="PASS" start="2024-07-01T07:15:24.928454" elapsed="0.003762"/>
</for>
<status status="PASS" start="2024-07-01T07:15:24.815339" elapsed="0.117015"/>
</kw>
<doc>Testa a estrutura da resposta da API.</doc>
<tag>testeEstruturaResposta</tag>
<status status="PASS" start="2024-07-01T07:15:24.814538" elapsed="0.117962"/>
</test>
<test id="s1-s1-t4" name="Validar tipos de dados" line="28">
<kw name="Teste de Tipos de Dados" owner="random-user-service">
<kw name="GET On Session" owner="RequestsLibrary">
<msg time="2024-07-01T07:15:25.050520" level="INFO">GET Request : url=https://randomuser.me/api 
 path_url=/api 
 headers={'User-Agent': 'python-requests/2.32.3', 'Accept-Encoding': 'gzip, deflate', 'Accept': '*/*', 'Connection': 'keep-alive'} 
 body=None 
 </msg>
<msg time="2024-07-01T07:15:25.050596" level="INFO">GET Response : url=https://randomuser.me/api 
 status=200, reason=OK 
 headers={'Date': 'Mon, 01 Jul 2024 07:15:25 GMT', 'Content-Type': 'application/json; charset=utf-8', 'Transfer-Encoding': 'chunked', 'Connection': 'keep-alive', 'X-Powered-By': 'Express', 'Access-Control-Allow-Origin': '*', 'Cache-Control': 'no-cache', 'ETag': 'W/"47e-iFOriydwf3kPPcRfrKh4WV1f53A"', 'Vary': 'Accept-Encoding', 'Content-Encoding': 'gzip', 'CF-Cache-Status': 'DYNAMIC', 'Report-To': '{"endpoints":[{"url":"https:\\/\\/a.nel.cloudflare.com\\/report\\/v4?s=KQc9ln94wggK1%2BPtY1iEoqWL%2Bic4RJFFoyG0Lfa0M2VcU0ZJcCMH0vKuyW9XKoe%2Fs2EXvZWhUL1otE%2Bq%2F1aZg%2BDMTIqGUjYTACjvauXixxmn04Og3dItQZnaGg461%2Fxm"}],"group":"cf-nel","max_age":604800}', 'NEL': '{"success_fraction":0,"report_to":"cf-nel","max_age":604800}', 'Server': 'cloudflare', 'CF-RAY': '89c49ad0d9fd9459-SJC', 'alt-svc': 'h3=":443"; ma=86400'} 
 body={"results":[{"gender":"male","name":{"title":"Mr","first":"Don","last":"Price"},"location":{"street":{"number":762,"name":"Woodland St"},"city":"Lewisville","state":"Missouri","country":"United States","postcode":41031,"coordinates":{"latitude":"89.9355","longitude":"-35.0349"},"timezone":{"offset":"-12:00","description":"Eniwetok, Kwajalein"}},"email":"don.price@example.com","login":{"uuid":"4b01f775-b240-4c96-afa9-d93e5970be10","username":"redmeercat832","password":"verona","salt":"RisaVKzl","md5":"d699c1cdd61735d28fa25061859ef2bb","sha1":"ae7887b1c4d420a62577709602d57a8a9d7f37b7","sha256":"ba2415fdd65dacae928ab226adb2aac47630f17e39b8e785378046aebcc277ea"},"dob":{"date":"1979-11-18T21:50:13.891Z","age":44},"registered":{"date":"2006-04-27T10:11:31.026Z","age":18},"phone":"(464) 278-0022","cell":"(212) 613-6930","id":{"name":"SSN","value":"691-25-9069"},"picture":{"large":"https://randomuser.me/api/portraits/men/90.jpg","medium":"https://randomuser.me/api/portraits/med/men/90.jpg","thumbnail":"https://randomuser.me/api/portraits/thumb/men/90.jpg"},"nat":"US"}],"info":{"seed":"af23b046b80433a1","results":1,"page":1,"version":"1.4"}} 
 </msg>
<msg time="2024-07-01T07:15:25.050663" level="INFO">/opt/hostedtoolcache/Python/3.12.4/x64/lib/python3.12/site-packages/urllib3/connectionpool.py:1099: InsecureRequestWarning: Unverified HTTPS request is being made to host 'randomuser.me'. Adding certificate verification is strongly advised. See: https://urllib3.readthedocs.io/en/latest/advanced-usage.html#tls-warnings
  warnings.warn(</msg>
<msg time="2024-07-01T07:15:25.050783" level="INFO">${response} = &lt;Response [200]&gt;</msg>
<var>${response}</var>
<arg>consultarAPI</arg>
<arg>/api</arg>
<doc>Sends a GET request on a previously created HTTP Session.</doc>
<status status="PASS" start="2024-07-01T07:15:24.935087" elapsed="0.115745"/>
</kw>
<kw name="Set Variable" owner="BuiltIn">
<msg time="2024-07-01T07:15:25.051893" level="INFO">${json_data} = {'results': [{'gender': 'male', 'name': {'title': 'Mr', 'first': 'Don', 'last': 'Price'}, 'location': {'street': {'number': 762, 'name': 'Woodland St'}, 'city': 'Lewisville', 'state': 'Missouri', 'cou...</msg>
<var>${json_data}</var>
<arg>${response.json()}</arg>
<doc>Returns the given values which can then be assigned to a variables.</doc>
<status status="PASS" start="2024-07-01T07:15:25.051308" elapsed="0.000614"/>
</kw>
<kw name="Log" owner="BuiltIn">
<msg time="2024-07-01T07:15:25.052378" level="INFO">{'results': [{'gender': 'male', 'name': {'title': 'Mr', 'first': 'Don', 'last': 'Price'}, 'location': {'street': {'number': 762, 'name': 'Woodland St'}, 'city': 'Lewisville', 'state': 'Missouri', 'country': 'United States', 'postcode': 41031, 'coordinates': {'latitude': '89.9355', 'longitude': '-35.0349'}, 'timezone': {'offset': '-12:00', 'description': 'Eniwetok, Kwajalein'}}, 'email': 'don.price@example.com', 'login': {'uuid': '4b01f775-b240-4c96-afa9-d93e5970be10', 'username': 'redmeercat832', 'password': 'verona', 'salt': 'RisaVKzl', 'md5': 'd699c1cdd61735d28fa25061859ef2bb', 'sha1': 'ae7887b1c4d420a62577709602d57a8a9d7f37b7', 'sha256': 'ba2415fdd65dacae928ab226adb2aac47630f17e39b8e785378046aebcc277ea'}, 'dob': {'date': '1979-11-18T21:50:13.891Z', 'age': 44}, 'registered': {'date': '2006-04-27T10:11:31.026Z', 'age': 18}, 'phone': '(464) 278-0022', 'cell': '(212) 613-6930', 'id': {'name': 'SSN', 'value': '691-25-9069'}, 'picture': {'large': 'https://randomuser.me/api/portraits/men/90.jpg', 'medium': 'https://randomuser.me/api/portraits/med/men/90.jpg', 'thumbnail': 'https://randomuser.me/api/portraits/thumb/men/90.jpg'}, 'nat': 'US'}], 'info': {'seed': 'af23b046b80433a1', 'results': 1, 'page': 1, 'version': '1.4'}}</msg>
<arg>${json_data}</arg>
<doc>Logs the given message with the given level.</doc>
<status status="PASS" start="2024-07-01T07:15:25.052226" elapsed="0.000198"/>
</kw>
<kw name="Should Be String" owner="String">
<arg>${json_data['results'][0]['gender']}</arg>
<doc>Fails if the given ``item`` is not a string.</doc>
<status status="PASS" start="2024-07-01T07:15:25.052710" elapsed="0.000355"/>
</kw>
<kw name="Should Match Regexp" owner="BuiltIn">
<arg>${json_data['results'][0]['email']}</arg>
<arg>^[a-zA-Z0-9._%+-]+@[a-zA-Z0-9.-]+\.[a-zA-Z]{2,}$</arg>
<doc>Fails if ``string`` does not match ``pattern`` as a regular expression.</doc>
<status status="PASS" start="2024-07-01T07:15:25.053248" elapsed="0.000505"/>
</kw>
<kw name="Should Match Regexp" owner="BuiltIn">
<arg>${json_data['results'][0]['dob']['date']}</arg>
<arg>\\d{4}-\\d{2}-\\d{2}T\\d{2}:\\d{2}:\\d{2}\\.\\d{3}Z</arg>
<doc>Fails if ``string`` does not match ``pattern`` as a regular expression.</doc>
<status status="PASS" start="2024-07-01T07:15:25.053976" elapsed="0.000475"/>
</kw>
<kw name="Should Match Regexp" owner="BuiltIn">
<arg>${json_data['results'][0]['registered']['date']}</arg>
<arg>\\d{4}-\\d{2}-\\d{2}T\\d{2}:\\d{2}:\\d{2}\\.\\d{3}Z</arg>
<doc>Fails if ``string`` does not match ``pattern`` as a regular expression.</doc>
<status status="PASS" start="2024-07-01T07:15:25.054636" elapsed="0.000358"/>
</kw>
<kw name="Should Match Regexp" owner="BuiltIn">
<arg>${json_data['results'][0]['picture']['large']}</arg>
<arg>^https?://.*\.(?:png|jpe?g|gif|bmp)$</arg>
<doc>Fails if ``string`` does not match ``pattern`` as a regular expression.</doc>
<status status="PASS" start="2024-07-01T07:15:25.055208" elapsed="0.000452"/>
</kw>
<kw name="Should Match Regexp" owner="BuiltIn">
<arg>${json_data['results'][0]['picture']['medium']}</arg>
<arg>^https?://.*\.(?:png|jpe?g|gif|bmp)$</arg>
<doc>Fails if ``string`` does not match ``pattern`` as a regular expression.</doc>
<status status="PASS" start="2024-07-01T07:15:25.055844" elapsed="0.000351"/>
</kw>
<kw name="Should Match Regexp" owner="BuiltIn">
<arg>${json_data['results'][0]['picture']['thumbnail']}</arg>
<arg>^https?://.*\.(?:png|jpe?g|gif|bmp)$</arg>
<doc>Fails if ``string`` does not match ``pattern`` as a regular expression.</doc>
<status status="PASS" start="2024-07-01T07:15:25.056373" elapsed="0.000341"/>
</kw>
<kw name="Log" owner="BuiltIn">
<msg time="2024-07-01T07:15:25.057218" level="INFO">{'large': 'https://randomuser.me/api/portraits/men/90.jpg', 'medium': 'https://randomuser.me/api/portraits/med/men/90.jpg', 'thumbnail': 'https://randomuser.me/api/portraits/thumb/men/90.jpg'}</msg>
<arg>${json_data['results'][0]['picture']}</arg>
<doc>Logs the given message with the given level.</doc>
<status status="PASS" start="2024-07-01T07:15:25.056895" elapsed="0.000364"/>
</kw>
<status status="PASS" start="2024-07-01T07:15:24.934856" elapsed="0.122650"/>
</kw>
<kw name="Teste de Tipos de Dados - Postcode" owner="random-user-service">
<kw name="GET On Session" owner="RequestsLibrary">
<msg time="2024-07-01T07:15:25.144345" level="INFO">GET Request : url=https://randomuser.me/api 
 path_url=/api 
 headers={'User-Agent': 'python-requests/2.32.3', 'Accept-Encoding': 'gzip, deflate', 'Accept': '*/*', 'Connection': 'keep-alive'} 
 body=None 
 </msg>
<msg time="2024-07-01T07:15:25.144430" level="INFO">GET Response : url=https://randomuser.me/api 
 status=200, reason=OK 
 headers={'Date': 'Mon, 01 Jul 2024 07:15:25 GMT', 'Content-Type': 'application/json; charset=utf-8', 'Transfer-Encoding': 'chunked', 'Connection': 'keep-alive', 'X-Powered-By': 'Express', 'Access-Control-Allow-Origin': '*', 'Cache-Control': 'no-cache', 'ETag': 'W/"485-Ei6v3rBIoczLCieN9YhbqdHdEXM"', 'Vary': 'Accept-Encoding', 'Content-Encoding': 'gzip', 'CF-Cache-Status': 'DYNAMIC', 'Report-To': '{"endpoints":[{"url":"https:\\/\\/a.nel.cloudflare.com\\/report\\/v4?s=GZE3JwjZfyfBn%2BThESC%2FbNQREDS4ITJp9IOTOiwEqj6gsvBgawYLLvSK%2F7OIllI3lHIb9UTvJ95Aj1bNUMhHbhdUpZDnPehinPpX3WKGSpZX%2B3CH%2BxQF10R0yellahNr"}],"group":"cf-nel","max_age":604800}', 'NEL': '{"success_fraction":0,"report_to":"cf-nel","max_age":604800}', 'Server': 'cloudflare', 'CF-RAY': '89c49ad1aacc9459-SJC', 'alt-svc': 'h3=":443"; ma=86400'} 
 body={"results":[{"gender":"female","name":{"title":"Mrs","first":"Kaća","last":"Kralj"},"location":{"street":{"number":9926,"name":"Ðure Nikolića"},"city":"Lapovo","state":"Kosovska Mitrovica","country":"Serbia","postcode":33586,"coordinates":{"latitude":"56.2165","longitude":"51.5091"},"timezone":{"offset":"-11:00","description":"Midway Island, Samoa"}},"email":"kaca.kralj@example.com","login":{"uuid":"6550f364-4f61-4d7e-a0e8-51f45c7f767a","username":"lazyfrog196","password":"tiger","salt":"0ye3E6Nb","md5":"d63f97b97962700aaaff37271787c577","sha1":"718c78deb8fbd8b8f6f455465f88fec9a2cac64a","sha256":"7f6fdd36cae39db219eb1f3389010eefdb788c95f5f0f72bc0f2e738af6b2d70"},"dob":{"date":"2001-02-25T03:02:42.995Z","age":23},"registered":{"date":"2007-06-24T04:41:58.858Z","age":17},"phone":"034-9444-655","cell":"068-7694-692","id":{"name":"SID","value":"288176572"},"picture":{"large":"https://randomuser.me/api/portraits/women/31.jpg","medium":"https://randomuser.me/api/portraits/med/women/31.jpg","thumbnail":"https://randomuser.me/api/portraits/thumb/women/31.jpg"},"nat":"RS"}],"info":{"seed":"8d2d2eb2cd12d1ed","results":1,"page":1,"version":"1.4"}} 
 </msg>
<msg time="2024-07-01T07:15:25.144508" level="INFO">/opt/hostedtoolcache/Python/3.12.4/x64/lib/python3.12/site-packages/urllib3/connectionpool.py:1099: InsecureRequestWarning: Unverified HTTPS request is being made to host 'randomuser.me'. Adding certificate verification is strongly advised. See: https://urllib3.readthedocs.io/en/latest/advanced-usage.html#tls-warnings
  warnings.warn(</msg>
<msg time="2024-07-01T07:15:25.144637" level="INFO">${response} = &lt;Response [200]&gt;</msg>
<var>${response}</var>
<arg>consultarAPI</arg>
<arg>/api</arg>
<doc>Sends a GET request on a previously created HTTP Session.</doc>
<status status="PASS" start="2024-07-01T07:15:25.057935" elapsed="0.086756"/>
</kw>
<kw name="Set Variable" owner="BuiltIn">
<msg time="2024-07-01T07:15:25.145811" level="INFO">${json_data} = {'results': [{'gender': 'female', 'name': {'title': 'Mrs', 'first': 'Kaća', 'last': 'Kralj'}, 'location': {'street': {'number': 9926, 'name': 'Ðure Nikolića'}, 'city': 'Lapovo', 'state': 'Kosovska Mit...</msg>
<var>${json_data}</var>
<arg>${response.json()}</arg>
<doc>Returns the given values which can then be assigned to a variables.</doc>
<status status="PASS" start="2024-07-01T07:15:25.145240" elapsed="0.000601"/>
</kw>
<kw name="Log" owner="BuiltIn">
<msg time="2024-07-01T07:15:25.146310" level="INFO">{'results': [{'gender': 'female', 'name': {'title': 'Mrs', 'first': 'Kaća', 'last': 'Kralj'}, 'location': {'street': {'number': 9926, 'name': 'Ðure Nikolića'}, 'city': 'Lapovo', 'state': 'Kosovska Mitrovica', 'country': 'Serbia', 'postcode': 33586, 'coordinates': {'latitude': '56.2165', 'longitude': '51.5091'}, 'timezone': {'offset': '-11:00', 'description': 'Midway Island, Samoa'}}, 'email': 'kaca.kralj@example.com', 'login': {'uuid': '6550f364-4f61-4d7e-a0e8-51f45c7f767a', 'username': 'lazyfrog196', 'password': 'tiger', 'salt': '0ye3E6Nb', 'md5': 'd63f97b97962700aaaff37271787c577', 'sha1': '718c78deb8fbd8b8f6f455465f88fec9a2cac64a', 'sha256': '7f6fdd36cae39db219eb1f3389010eefdb788c95f5f0f72bc0f2e738af6b2d70'}, 'dob': {'date': '2001-02-25T03:02:42.995Z', 'age': 23}, 'registered': {'date': '2007-06-24T04:41:58.858Z', 'age': 17}, 'phone': '034-9444-655', 'cell': '068-7694-692', 'id': {'name': 'SID', 'value': '288176572'}, 'picture': {'large': 'https://randomuser.me/api/portraits/women/31.jpg', 'medium': 'https://randomuser.me/api/portraits/med/women/31.jpg', 'thumbnail': 'https://randomuser.me/api/portraits/thumb/women/31.jpg'}, 'nat': 'RS'}], 'info': {'seed': '8d2d2eb2cd12d1ed', 'results': 1, 'page': 1, 'version': '1.4'}}</msg>
<arg>${json_data}</arg>
<doc>Logs the given message with the given level.</doc>
<status status="PASS" start="2024-07-01T07:15:25.146148" elapsed="0.000213"/>
</kw>
<kw name="Should Be Equal As Numbers" owner="BuiltIn">
<arg>${json_data['results'][0]['location']['postcode']}</arg>
<arg>${json_data['results'][0]['location']['postcode']}</arg>
<doc>Fails if objects are unequal after converting them to real numbers.</doc>
<status status="PASS" start="2024-07-01T07:15:25.146648" elapsed="0.000667"/>
</kw>
<kw name="Log" owner="BuiltIn">
<msg time="2024-07-01T07:15:25.147837" level="INFO">33586</msg>
<arg>${json_data['results'][0]['location']['postcode']}</arg>
<doc>Logs the given message with the given level.</doc>
<status status="PASS" start="2024-07-01T07:15:25.147503" elapsed="0.000375"/>
</kw>
<status status="PASS" start="2024-07-01T07:15:25.057719" elapsed="0.090431"/>
</kw>
<doc>Testa se os tipos de dados na resposta da API estão corretos.</doc>
<tag>testeTiposDados</tag>
<status status="PASS" start="2024-07-01T07:15:24.934226" elapsed="0.214078"/>
</test>
<test id="s1-s1-t5" name="Validar conteudo" line="35">
<kw name="Teste de Tipos de Conteudo" owner="random-user-service">
<kw name="GET On Session" owner="RequestsLibrary">
<msg time="2024-07-01T07:15:25.241834" level="INFO">GET Request : url=https://randomuser.me/api 
 path_url=/api 
 headers={'User-Agent': 'python-requests/2.32.3', 'Accept-Encoding': 'gzip, deflate', 'Accept': '*/*', 'Connection': 'keep-alive'} 
 body=None 
 </msg>
<msg time="2024-07-01T07:15:25.241917" level="INFO">GET Response : url=https://randomuser.me/api 
 status=200, reason=OK 
 headers={'Date': 'Mon, 01 Jul 2024 07:15:25 GMT', 'Content-Type': 'application/json; charset=utf-8', 'Transfer-Encoding': 'chunked', 'Connection': 'keep-alive', 'X-Powered-By': 'Express', 'Access-Control-Allow-Origin': '*', 'Cache-Control': 'no-cache', 'ETag': 'W/"47b-xII0GOqkCe0ATY76Ed+agdBmQxU"', 'Vary': 'Accept-Encoding', 'Content-Encoding': 'gzip', 'CF-Cache-Status': 'DYNAMIC', 'Report-To': '{"endpoints":[{"url":"https:\\/\\/a.nel.cloudflare.com\\/report\\/v4?s=OTIQOigGlLGzZfblw2nlQp0tR2aSdVgFWzaeOeiyBBIMtKIat9wOlNBEjpRMVyJbz6BB%2F1%2BeEUKTjPtoC%2FsHwsYY9QUGBiQ5G2nLeaFBymL8xe1uvdqZGLVZwoPfsK2Y"}],"group":"cf-nel","max_age":604800}', 'NEL': '{"success_fraction":0,"report_to":"cf-nel","max_age":604800}', 'Server': 'cloudflare', 'CF-RAY': '89c49ad23b0e9459-SJC', 'alt-svc': 'h3=":443"; ma=86400'} 
 body={"results":[{"gender":"male","name":{"title":"Mr","first":"Alfred","last":"Russell"},"location":{"street":{"number":1615,"name":"Rochestown Road"},"city":"Sligo","state":"Donegal","country":"Ireland","postcode":41226,"coordinates":{"latitude":"0.8894","longitude":"-39.0344"},"timezone":{"offset":"-7:00","description":"Mountain Time (US &amp; Canada)"}},"email":"alfred.russell@example.com","login":{"uuid":"0c32bd25-b0ad-44db-ad14-7600867d57ac","username":"bigfrog506","password":"smokey1","salt":"SdP2pZSN","md5":"91b08c459a8a0a811b532d8cbefe38fa","sha1":"d572e5408cd0c93a3ab13884a57614b52028a404","sha256":"e8505c8f68dbf4535638e77928846ca8e212caaec34428fcf4700a14e9bc7442"},"dob":{"date":"1967-08-31T07:08:25.873Z","age":56},"registered":{"date":"2002-12-27T04:57:47.548Z","age":21},"phone":"041-448-3467","cell":"081-615-4840","id":{"name":"PPS","value":"1935642T"},"picture":{"large":"https://randomuser.me/api/portraits/men/2.jpg","medium":"https://randomuser.me/api/portraits/med/men/2.jpg","thumbnail":"https://randomuser.me/api/portraits/thumb/men/2.jpg"},"nat":"IE"}],"info":{"seed":"f3aaec3cb3171315","results":1,"page":1,"version":"1.4"}} 
 </msg>
<msg time="2024-07-01T07:15:25.242008" level="INFO">/opt/hostedtoolcache/Python/3.12.4/x64/lib/python3.12/site-packages/urllib3/connectionpool.py:1099: InsecureRequestWarning: Unverified HTTPS request is being made to host 'randomuser.me'. Adding certificate verification is strongly advised. See: https://urllib3.readthedocs.io/en/latest/advanced-usage.html#tls-warnings
  warnings.warn(</msg>
<msg time="2024-07-01T07:15:25.242138" level="INFO">${response} = &lt;Response [200]&gt;</msg>
<var>${response}</var>
<arg>consultarAPI</arg>
<arg>/api</arg>
<doc>Sends a GET request on a previously created HTTP Session.</doc>
<status status="PASS" start="2024-07-01T07:15:25.150840" elapsed="0.091353"/>
</kw>
<kw name="Set Variable" owner="BuiltIn">
<msg time="2024-07-01T07:15:25.243243" level="INFO">${json_data} = {'results': [{'gender': 'male', 'name': {'title': 'Mr', 'first': 'Alfred', 'last': 'Russell'}, 'location': {'street': {'number': 1615, 'name': 'Rochestown Road'}, 'city': 'Sligo', 'state': 'Donegal', ...</msg>
<var>${json_data}</var>
<arg>${response.json()}</arg>
<doc>Returns the given values which can then be assigned to a variables.</doc>
<status status="PASS" start="2024-07-01T07:15:25.242651" elapsed="0.000621"/>
</kw>
<kw name="Set Variable" owner="BuiltIn">
<msg time="2024-07-01T07:15:25.243959" level="INFO">${name_title} = Mr</msg>
<var>${name_title}</var>
<arg>${json_data["results"][0]["name"]["title"]}</arg>
<doc>Returns the given values which can then be assigned to a variables.</doc>
<status status="PASS" start="2024-07-01T07:15:25.243584" elapsed="0.000399"/>
</kw>
<kw name="Create List" owner="BuiltIn">
<msg time="2024-07-01T07:15:25.244419" level="INFO">${allowed_titles} = ['Mr', 'Ms', 'Miss', 'Mrs', 'Madame', 'Monsieur']</msg>
<var>${allowed_titles}</var>
<arg>Mr</arg>
<arg>Ms</arg>
<arg>Miss</arg>
<arg>Mrs</arg>
<arg>Madame</arg>
<arg>Monsieur</arg>
<doc>Returns a list containing given items.</doc>
<status status="PASS" start="2024-07-01T07:15:25.244272" elapsed="0.000170"/>
</kw>
<kw name="List Should Contain Value" owner="Collections">
<arg>${allowed_titles}</arg>
<arg>${name_title}</arg>
<doc>Fails if the ``value`` is not found from ``list``.</doc>
<status status="PASS" start="2024-07-01T07:15:25.244734" elapsed="0.000172"/>
</kw>
<kw name="Set Variable" owner="BuiltIn">
<msg time="2024-07-01T07:15:25.245445" level="INFO">${name_country} = IE</msg>
<var>${name_country}</var>
<arg>${json_data["results"][0]["nat"]}</arg>
<doc>Returns the given values which can then be assigned to a variables.</doc>
<status status="PASS" start="2024-07-01T07:15:25.245084" elapsed="0.000386"/>
</kw>
<kw name="Create List" owner="BuiltIn">
<msg time="2024-07-01T07:15:25.246361" level="INFO">${list_country} = ['AD', 'AE', 'AF', 'AG', 'AI', 'AL', 'AM', 'AO', 'AQ', 'AR', 'AS', 'AT', 'AU', 'AW', 'AX', 'AZ', 'BA', 'BB', 'BD', 'BE', 'BF', 'BG', 'BH', 'BI', 'BJ', 'BL', 'BM', 'BN', 'BO', 'BQ', 'BR', 'BS', 'BT', '...</msg>
<var>${list_country}</var>
<arg>AD</arg>
<arg>AE</arg>
<arg>AF</arg>
<arg>AG</arg>
<arg>AI</arg>
<arg>AL</arg>
<arg>AM</arg>
<arg>AO</arg>
<arg>AQ</arg>
<arg>AR</arg>
<arg>AS</arg>
<arg>AT</arg>
<arg>AU</arg>
<arg>AW</arg>
<arg>AX</arg>
<arg>AZ</arg>
<arg>BA</arg>
<arg>BB</arg>
<arg>BD</arg>
<arg>BE</arg>
<arg>BF</arg>
<arg>BG</arg>
<arg>BH</arg>
<arg>BI</arg>
<arg>BJ</arg>
<arg>BL</arg>
<arg>BM</arg>
<arg>BN</arg>
<arg>BO</arg>
<arg>BQ</arg>
<arg>BR</arg>
<arg>BS</arg>
<arg>BT</arg>
<arg>BV</arg>
<arg>BW</arg>
<arg>BY</arg>
<arg>BZ</arg>
<arg>CA</arg>
<arg>CC</arg>
<arg>CD</arg>
<arg>CF</arg>
<arg>CG</arg>
<arg>CH</arg>
<arg>CI</arg>
<arg>CK</arg>
<arg>CL</arg>
<arg>CM</arg>
<arg>CN</arg>
<arg>CO</arg>
<arg>CR</arg>
<arg>CU</arg>
<arg>CV</arg>
<arg>CW</arg>
<arg>CX</arg>
<arg>CY</arg>
<arg>CZ</arg>
<arg>DE</arg>
<arg>DJ</arg>
<arg>DK</arg>
<arg>DM</arg>
<arg>DO</arg>
<arg>DZ</arg>
<arg>EC</arg>
<arg>EE</arg>
<arg>EG</arg>
<arg>EH</arg>
<arg>ER</arg>
<arg>ES</arg>
<arg>ET</arg>
<arg>FI</arg>
<arg>FJ</arg>
<arg>FK</arg>
<arg>FM</arg>
<arg>FO</arg>
<arg>FR</arg>
<arg>GA</arg>
<arg>GB</arg>
<arg>GD</arg>
<arg>GE</arg>
<arg>GF</arg>
<arg>GG</arg>
<arg>GH</arg>
<arg>GI</arg>
<arg>GL</arg>
<arg>GM</arg>
<arg>GN</arg>
<arg>GP</arg>
<arg>GQ</arg>
<arg>GR</arg>
<arg>GS</arg>
<arg>GT</arg>
<arg>GU</arg>
<arg>GW</arg>
<arg>GY</arg>
<arg>HK</arg>
<arg>HM</arg>
<arg>HN</arg>
<arg>HR</arg>
<arg>HT</arg>
<arg>HU</arg>
<arg>ID</arg>
<arg>IE</arg>
<arg>IL</arg>
<arg>IM</arg>
<arg>IN</arg>
<arg>IO</arg>
<arg>IQ</arg>
<arg>IR</arg>
<arg>IS</arg>
<arg>IT</arg>
<arg>JE</arg>
<arg>JM</arg>
<arg>JO</arg>
<arg>JP</arg>
<arg>KE</arg>
<arg>KG</arg>
<arg>KH</arg>
<arg>KI</arg>
<arg>KM</arg>
<arg>KN</arg>
<arg>KP</arg>
<arg>KR</arg>
<arg>KW</arg>
<arg>KY</arg>
<arg>KZ</arg>
<arg>LA</arg>
<arg>LB</arg>
<arg>LC</arg>
<arg>LI</arg>
<arg>LK</arg>
<arg>LR</arg>
<arg>LS</arg>
<arg>LT</arg>
<arg>LU</arg>
<arg>LV</arg>
<arg>LY</arg>
<arg>MA</arg>
<arg>MC</arg>
<arg>MD</arg>
<arg>ME</arg>
<arg>MF</arg>
<arg>MG</arg>
<arg>MH</arg>
<arg>MK</arg>
<arg>ML</arg>
<arg>MM</arg>
<arg>MN</arg>
<arg>MO</arg>
<arg>MP</arg>
<arg>MQ</arg>
<arg>MR</arg>
<arg>MS</arg>
<arg>MT</arg>
<arg>MU</arg>
<arg>MV</arg>
<arg>MW</arg>
<arg>MX</arg>
<arg>MY</arg>
<arg>MZ</arg>
<arg>NA</arg>
<arg>NC</arg>
<arg>NE</arg>
<arg>NF</arg>
<arg>NG</arg>
<arg>NI</arg>
<arg>NL</arg>
<arg>NO</arg>
<arg>NP</arg>
<arg>NR</arg>
<arg>NU</arg>
<arg>NZ</arg>
<arg>OM</arg>
<arg>PA</arg>
<arg>PE</arg>
<arg>PF</arg>
<arg>PG</arg>
<arg>PH</arg>
<arg>PK</arg>
<arg>PL</arg>
<arg>PM</arg>
<arg>PN</arg>
<arg>PR</arg>
<arg>PS</arg>
<arg>PT</arg>
<arg>PW</arg>
<arg>PY</arg>
<arg>QA</arg>
<arg>RE</arg>
<arg>RO</arg>
<arg>RS</arg>
<arg>RU</arg>
<arg>RW</arg>
<arg>SA</arg>
<arg>SB</arg>
<arg>SC</arg>
<arg>SD</arg>
<arg>SE</arg>
<arg>SG</arg>
<arg>SH</arg>
<arg>SI</arg>
<arg>SJ</arg>
<arg>SK</arg>
<arg>SL</arg>
<arg>SM</arg>
<arg>SN</arg>
<arg>SO</arg>
<arg>SR</arg>
<arg>SS</arg>
<arg>ST</arg>
<arg>SV</arg>
<arg>SX</arg>
<arg>SY</arg>
<arg>SZ</arg>
<arg>TC</arg>
<arg>TD</arg>
<arg>TF</arg>
<arg>TG</arg>
<arg>TH</arg>
<arg>TJ</arg>
<arg>TK</arg>
<arg>TL</arg>
<arg>TM</arg>
<arg>TN</arg>
<arg>TO</arg>
<arg>TR</arg>
<arg>TT</arg>
<arg>TV</arg>
<arg>TW</arg>
<arg>TZ</arg>
<arg>UA</arg>
<arg>UG</arg>
<arg>UM</arg>
<arg>US</arg>
<arg>UY</arg>
<arg>UZ</arg>
<arg>VA</arg>
<arg>VC</arg>
<arg>VE</arg>
<arg>VG</arg>
<arg>VI</arg>
<arg>VN</arg>
<arg>VU</arg>
<arg>WF</arg>
<arg>WS</arg>
<arg>XK</arg>
<arg>YE</arg>
<arg>YT</arg>
<arg>ZA</arg>
<arg>ZM</arg>
<arg>ZW</arg>
<doc>Returns a list containing given items.</doc>
<status status="PASS" start="2024-07-01T07:15:25.245757" elapsed="0.000629"/>
</kw>
<kw name="List Should Contain Value" owner="Collections">
<arg>${list_country}</arg>
<arg>${name_country}</arg>
<doc>Fails if the ``value`` is not found from ``list``.</doc>
<status status="PASS" start="2024-07-01T07:15:25.247199" elapsed="0.000205"/>
</kw>
<kw name="Run Keyword If" owner="BuiltIn">
<kw name="Should Be True" owner="BuiltIn">
<arg>${True}</arg>
<doc>Fails if the given condition is not true.</doc>
<status status="PASS" start="2024-07-01T07:15:25.248326" elapsed="0.000138"/>
</kw>
<arg>${json_data["results"][0]["location"]["coordinates"]["latitude"]} &gt;= -90 and ${json_data["results"][0]["location"]["coordinates"]["latitude"]} &lt;= 90</arg>
<arg>Should Be True</arg>
<arg>${True}</arg>
<doc>Runs the given keyword with the given arguments, if ``condition`` is true.</doc>
<status status="PASS" start="2024-07-01T07:15:25.247598" elapsed="0.000988"/>
</kw>
<kw name="Run Keyword If" owner="BuiltIn">
<kw name="Should Be True" owner="BuiltIn">
<arg>${True}</arg>
<doc>Fails if the given condition is not true.</doc>
<status status="PASS" start="2024-07-01T07:15:25.249438" elapsed="0.000132"/>
</kw>
<arg>${json_data["results"][0]["location"]["coordinates"]["longitude"]} &gt;= -180 and ${json_data["results"][0]["location"]["coordinates"]["longitude"]} &lt;= 180</arg>
<arg>Should Be True</arg>
<arg>${True}</arg>
<doc>Runs the given keyword with the given arguments, if ``condition`` is true.</doc>
<status status="PASS" start="2024-07-01T07:15:25.248761" elapsed="0.000929"/>
</kw>
<status status="PASS" start="2024-07-01T07:15:25.150500" elapsed="0.099312"/>
</kw>
<doc>Testa o conteúdo específico dos campos retornados pela API.</doc>
<tag>testeConteudo</tag>
<status status="PASS" start="2024-07-01T07:15:25.150014" elapsed="0.099937"/>
</test>
<status status="PASS" start="2024-07-01T07:15:24.306127" elapsed="0.945801"/>
</suite>
<status status="PASS" start="2024-07-01T07:15:24.291864" elapsed="0.965190"/>
</suite>
<statistics>
<total>
<stat pass="5" fail="0" skip="0">All Tests</stat>
</total>
<tag>
<stat pass="1" fail="0" skip="0">testeConteudo</stat>
<stat pass="1" fail="0" skip="0">testeEstruturaResposta</stat>
<stat pass="1" fail="0" skip="0">testeRequisicaoBasica</stat>
<stat pass="1" fail="0" skip="0">testeTiposDados</stat>
</tag>
<suite>
<stat pass="5" fail="0" skip="0" id="s1" name="Tests">Tests</stat>
<stat pass="5" fail="0" skip="0" id="s1-s1" name="Random-User-Test">Tests.Random-User-Test</stat>
</suite>
</statistics>
<errors>
</errors>
</robot>
