<?xml version="1.0" encoding="UTF-8"?>
<robot generator="Robot 7.0 (Python 3.12.3 on linux)" generated="2024-06-03T22:14:54.289701" rpa="false" schemaversion="5">
<suite id="s1" name="Tests" source="/home/runner/work/ApiRandomUser/ApiRandomUser/RamdonUser/tests">
<suite id="s1-s1" name="Random-User-Test" source="/home/runner/work/ApiRandomUser/ApiRandomUser/RamdonUser/tests/random-user-test.robot">
<test id="s1-s1-t1" name="Conectar" line="13">
<kw name="Conectar API" owner="random-user-service">
<kw name="Create Session" owner="RequestsLibrary">
<msg time="2024-06-03T22:14:54.694213" level="INFO">Creating Session using : alias=consultarAPI, url=https://randomuser.me/, headers={},                     cookies={}, auth=None, timeout=None, proxies=None, verify=False,                     debug=0 </msg>
<arg>consultarAPI</arg>
<arg>${URL}</arg>
<doc>Create Session: create a HTTP session to a server</doc>
<status status="PASS" start="2024-06-03T22:14:54.693997" elapsed="0.000403"/>
</kw>
<status status="PASS" start="2024-06-03T22:14:54.692852" elapsed="0.001920"/>
</kw>
<status status="PASS" start="2024-06-03T22:14:54.692276" elapsed="0.002691"/>
</test>
<test id="s1-s1-t2" name="Validar retorno 200 e JSON Válido" line="16">
<kw name="Teste de Requisicao Basica" owner="random-user-service">
<kw name="GET On Session" owner="RequestsLibrary">
<msg time="2024-06-03T22:14:54.814651" level="INFO">GET Request : url=https://randomuser.me/api 
 path_url=/api 
 headers={'User-Agent': 'python-requests/2.32.3', 'Accept-Encoding': 'gzip, deflate', 'Accept': '*/*', 'Connection': 'keep-alive'} 
 body=None 
 </msg>
<msg time="2024-06-03T22:14:54.814820" level="INFO">GET Response : url=https://randomuser.me/api 
 status=200, reason=OK 
 headers={'Date': 'Mon, 03 Jun 2024 22:14:54 GMT', 'Content-Type': 'application/json; charset=utf-8', 'Transfer-Encoding': 'chunked', 'Connection': 'keep-alive', 'X-Powered-By': 'Express', 'Access-Control-Allow-Origin': '*', 'Cache-Control': 'no-cache', 'ETag': 'W/"4a3-oRuIMlsEU6YdzJC/Zcy9XD6HNpo"', 'Vary': 'Accept-Encoding', 'Content-Encoding': 'gzip', 'CF-Cache-Status': 'DYNAMIC', 'Report-To': '{"endpoints":[{"url":"https:\\/\\/a.nel.cloudflare.com\\/report\\/v4?s=EOSGOfQWIeA%2B3dRYOTxsd4mWVucmBsZeOB3hPqNgqJTSwbKbXnfKD2egxBtVKlYNP7xUYkx7AnAM36HpBv7a7lmQCv9gLLkptT0XfANoG9fO8RVuux3j1A2IwfVwM7zE"}],"group":"cf-nel","max_age":604800}', 'NEL': '{"success_fraction":0,"report_to":"cf-nel","max_age":604800}', 'Server': 'cloudflare', 'CF-RAY': '88e309f009f2f941-SJC', 'alt-svc': 'h3=":443"; ma=86400'} 
 body={"results":[{"gender":"female","name":{"title":"Mrs","first":"Alexandra","last":"Leroy"},"location":{"street":{"number":3980,"name":"Rue Bossuet"},"city":"Bordeaux","state":"Haute-Loire","country":"France","postcode":90260,"coordinates":{"latitude":"-17.2626","longitude":"79.4615"},"timezone":{"offset":"-5:00","description":"Eastern Time (US &amp; Canada), Bogota, Lima"}},"email":"alexandra.leroy@example.com","login":{"uuid":"09846626-ec4b-4526-b9e8-6b8a1ec7ca1c","username":"lazygoose772","password":"terry","salt":"WsTwiyQL","md5":"32c188d305a4a1da41caa795f4743b93","sha1":"0a9769cb9fbac496b70dae4531eb749f98b641eb","sha256":"0251556a5fae2ac035b49b451cb53215426c02c32525a444371c0dff1b9dafa7"},"dob":{"date":"1974-04-10T12:20:13.864Z","age":50},"registered":{"date":"2015-11-08T18:34:19.927Z","age":8},"phone":"05-74-76-07-60","cell":"06-75-68-44-52","id":{"name":"INSEE","value":"2740366035584 84"},"picture":{"large":"https://randomuser.me/api/portraits/women/6.jpg","medium":"https://randomuser.me/api/portraits/med/women/6.jpg","thumbnail":"https://randomuser.me/api/portraits/thumb/women/6.jpg"},"nat":"FR"}],"info":{"seed":"810e7356879f0c9e","results":1,"page":1,"version":"1.4"}} 
 </msg>
<msg time="2024-06-03T22:14:54.814912" level="INFO">/opt/hostedtoolcache/Python/3.12.3/x64/lib/python3.12/site-packages/urllib3/connectionpool.py:1103: InsecureRequestWarning: Unverified HTTPS request is being made to host 'randomuser.me'. Adding certificate verification is strongly advised. See: https://urllib3.readthedocs.io/en/latest/advanced-usage.html#tls-warnings
  warnings.warn(</msg>
<msg time="2024-06-03T22:14:54.815071" level="INFO">${response} = &lt;Response [200]&gt;</msg>
<var>${response}</var>
<arg>consultarAPI</arg>
<arg>/api</arg>
<doc>Sends a GET request on a previously created HTTP Session.</doc>
<status status="PASS" start="2024-06-03T22:14:54.697600" elapsed="0.117513"/>
</kw>
<kw name="Should Be Equal As Numbers" owner="BuiltIn">
<msg time="2024-06-03T22:14:54.816334" level="INFO">Argument types are:
&lt;class 'int'&gt;
&lt;class 'str'&gt;</msg>
<arg>${response.status_code}</arg>
<arg>200</arg>
<doc>Fails if objects are unequal after converting them to real numbers.</doc>
<status status="PASS" start="2024-06-03T22:14:54.815820" elapsed="0.000582"/>
</kw>
<kw name="Log" owner="BuiltIn">
<msg time="2024-06-03T22:14:54.817101" level="INFO">200</msg>
<arg>${response.status_code}</arg>
<doc>Logs the given message with the given level.</doc>
<status status="PASS" start="2024-06-03T22:14:54.816755" elapsed="0.000395"/>
</kw>
<kw name="Set Variable" owner="BuiltIn">
<msg time="2024-06-03T22:14:54.817935" level="INFO">${json_data} = {'results': [{'gender': 'female', 'name': {'title': 'Mrs', 'first': 'Alexandra', 'last': 'Leroy'}, 'location': {'street': {'number': 3980, 'name': 'Rue Bossuet'}, 'city': 'Bordeaux', 'state': 'Haute-L...</msg>
<var>${json_data}</var>
<arg>${response.json()}</arg>
<doc>Returns the given values which can then be assigned to a variables.</doc>
<status status="PASS" start="2024-06-03T22:14:54.817498" elapsed="0.000468"/>
</kw>
<kw name="Dictionary Should Contain Key" owner="Collections">
<msg time="2024-06-03T22:14:54.818448" level="INFO">False</msg>
<arg>${json_data}</arg>
<arg>results</arg>
<doc>Fails if ``key`` is not found from ``dictionary``.</doc>
<status status="PASS" start="2024-06-03T22:14:54.818271" elapsed="0.000391"/>
</kw>
<status status="PASS" start="2024-06-03T22:14:54.697351" elapsed="0.121587"/>
</kw>
<doc>Testa se a API responde corretamente e retorna um objeto JSON válido.</doc>
<tag>testeRequisicaoBasica</tag>
<status status="PASS" start="2024-06-03T22:14:54.696860" elapsed="0.122268"/>
</test>
<test id="s1-s1-t3" name="Validar estrutura de resposta" line="22">
<kw name="Teste de Estrutura de Resposta" owner="random-user-service">
<kw name="GET On Session" owner="RequestsLibrary">
<msg time="2024-06-03T22:14:54.909552" level="INFO">GET Request : url=https://randomuser.me/api 
 path_url=/api 
 headers={'User-Agent': 'python-requests/2.32.3', 'Accept-Encoding': 'gzip, deflate', 'Accept': '*/*', 'Connection': 'keep-alive'} 
 body=None 
 </msg>
<msg time="2024-06-03T22:14:54.909673" level="INFO">GET Response : url=https://randomuser.me/api 
 status=200, reason=OK 
 headers={'Date': 'Mon, 03 Jun 2024 22:14:54 GMT', 'Content-Type': 'application/json; charset=utf-8', 'Transfer-Encoding': 'chunked', 'Connection': 'keep-alive', 'X-Powered-By': 'Express', 'Access-Control-Allow-Origin': '*', 'Cache-Control': 'no-cache', 'ETag': 'W/"46d-W6pdILSkqvgTGS0vbL5CbnPiLTI"', 'Vary': 'Accept-Encoding', 'Content-Encoding': 'gzip', 'CF-Cache-Status': 'DYNAMIC', 'Report-To': '{"endpoints":[{"url":"https:\\/\\/a.nel.cloudflare.com\\/report\\/v4?s=8D9iL3hgW5fN2WYGorYqOQLxMBJjfdV1W4hP0MsctE%2BsglUai0PENwMfazq%2BrRZ6DXeWX991o4AxBffFQalxrGRb43ASZXMN1PTHKzMsPcE2vDaNVo%2FzRA3E%2FkCt557o"}],"group":"cf-nel","max_age":604800}', 'NEL': '{"success_fraction":0,"report_to":"cf-nel","max_age":604800}', 'Server': 'cloudflare', 'CF-RAY': '88e309f0aa87f941-SJC', 'alt-svc': 'h3=":443"; ma=86400'} 
 body={"results":[{"gender":"male","name":{"title":"Mr","first":"Austin","last":"Reyes"},"location":{"street":{"number":1668,"name":"West Street"},"city":"Edenderry","state":"Cavan","country":"Ireland","postcode":73527,"coordinates":{"latitude":"2.5520","longitude":"-127.3213"},"timezone":{"offset":"-2:00","description":"Mid-Atlantic"}},"email":"austin.reyes@example.com","login":{"uuid":"1c62e50b-b52c-4386-b3ba-fc977c345a78","username":"silverostrich972","password":"cable","salt":"SwjXoIyD","md5":"2f6a81f74298e652acf97601b363dd93","sha1":"c5bb0d66f76a5984bc4e4a79b4fe6bdf07a80c52","sha256":"e5bedc9760081853cb9c7f8f6e579f52067dd989fa0a23a31dd12b3603568a2c"},"dob":{"date":"1990-03-06T17:47:34.508Z","age":34},"registered":{"date":"2014-10-14T00:48:41.205Z","age":9},"phone":"041-722-3645","cell":"081-797-9261","id":{"name":"PPS","value":"6515293T"},"picture":{"large":"https://randomuser.me/api/portraits/men/44.jpg","medium":"https://randomuser.me/api/portraits/med/men/44.jpg","thumbnail":"https://randomuser.me/api/portraits/thumb/men/44.jpg"},"nat":"IE"}],"info":{"seed":"c20fbeec95eb6e9b","results":1,"page":1,"version":"1.4"}} 
 </msg>
<msg time="2024-06-03T22:14:54.909810" level="INFO">/opt/hostedtoolcache/Python/3.12.3/x64/lib/python3.12/site-packages/urllib3/connectionpool.py:1103: InsecureRequestWarning: Unverified HTTPS request is being made to host 'randomuser.me'. Adding certificate verification is strongly advised. See: https://urllib3.readthedocs.io/en/latest/advanced-usage.html#tls-warnings
  warnings.warn(</msg>
<msg time="2024-06-03T22:14:54.909952" level="INFO">${response} = &lt;Response [200]&gt;</msg>
<var>${response}</var>
<arg>consultarAPI</arg>
<arg>/api</arg>
<doc>Sends a GET request on a previously created HTTP Session.</doc>
<status status="PASS" start="2024-06-03T22:14:54.821883" elapsed="0.088110"/>
</kw>
<kw name="Set Variable" owner="BuiltIn">
<msg time="2024-06-03T22:14:54.911247" level="INFO">${json_data} = {'results': [{'gender': 'male', 'name': {'title': 'Mr', 'first': 'Austin', 'last': 'Reyes'}, 'location': {'street': {'number': 1668, 'name': 'West Street'}, 'city': 'Edenderry', 'state': 'Cavan', 'cou...</msg>
<var>${json_data}</var>
<arg>${response.json()}</arg>
<doc>Returns the given values which can then be assigned to a variables.</doc>
<status status="PASS" start="2024-06-03T22:14:54.910658" elapsed="0.000619"/>
</kw>
<kw name="Log" owner="BuiltIn">
<msg time="2024-06-03T22:14:54.911756" level="INFO">{'results': [{'gender': 'male', 'name': {'title': 'Mr', 'first': 'Austin', 'last': 'Reyes'}, 'location': {'street': {'number': 1668, 'name': 'West Street'}, 'city': 'Edenderry', 'state': 'Cavan', 'country': 'Ireland', 'postcode': 73527, 'coordinates': {'latitude': '2.5520', 'longitude': '-127.3213'}, 'timezone': {'offset': '-2:00', 'description': 'Mid-Atlantic'}}, 'email': 'austin.reyes@example.com', 'login': {'uuid': '1c62e50b-b52c-4386-b3ba-fc977c345a78', 'username': 'silverostrich972', 'password': 'cable', 'salt': 'SwjXoIyD', 'md5': '2f6a81f74298e652acf97601b363dd93', 'sha1': 'c5bb0d66f76a5984bc4e4a79b4fe6bdf07a80c52', 'sha256': 'e5bedc9760081853cb9c7f8f6e579f52067dd989fa0a23a31dd12b3603568a2c'}, 'dob': {'date': '1990-03-06T17:47:34.508Z', 'age': 34}, 'registered': {'date': '2014-10-14T00:48:41.205Z', 'age': 9}, 'phone': '041-722-3645', 'cell': '081-797-9261', 'id': {'name': 'PPS', 'value': '6515293T'}, 'picture': {'large': 'https://randomuser.me/api/portraits/men/44.jpg', 'medium': 'https://randomuser.me/api/portraits/med/men/44.jpg', 'thumbnail': 'https://randomuser.me/api/portraits/thumb/men/44.jpg'}, 'nat': 'IE'}], 'info': {'seed': 'c20fbeec95eb6e9b', 'results': 1, 'page': 1, 'version': '1.4'}}</msg>
<arg>${json_data}</arg>
<doc>Logs the given message with the given level.</doc>
<status status="PASS" start="2024-06-03T22:14:54.911595" elapsed="0.000211"/>
</kw>
<kw name="Dictionary Should Contain Key" owner="Collections">
<msg time="2024-06-03T22:14:54.912258" level="INFO">False</msg>
<arg>${json_data}</arg>
<arg>results</arg>
<doc>Fails if ``key`` is not found from ``dictionary``.</doc>
<status status="PASS" start="2024-06-03T22:14:54.912101" elapsed="0.000194"/>
</kw>
<kw name="Should Not Be Empty" owner="BuiltIn">
<msg time="2024-06-03T22:14:54.912728" level="INFO">Length is 2.</msg>
<arg>${json_data}</arg>
<doc>Verifies that the given item is not empty.</doc>
<status status="PASS" start="2024-06-03T22:14:54.912595" elapsed="0.000171"/>
</kw>
<kw name="Create List" owner="BuiltIn">
<msg time="2024-06-03T22:14:54.913213" level="INFO">${expected_keys} = ['gender', 'name', 'location', 'email', 'login']</msg>
<var>${expected_keys}</var>
<arg>gender</arg>
<arg>name</arg>
<arg>location</arg>
<arg>email</arg>
<arg>login</arg>
<doc>Returns a list containing given items.</doc>
<status status="PASS" start="2024-06-03T22:14:54.913059" elapsed="0.000178"/>
</kw>
<for flavor="IN">
<iter>
<kw name="Dictionary Should Contain Key" owner="Collections">
<msg time="2024-06-03T22:14:54.914276" level="INFO">False</msg>
<arg>${json_data['results'][0]}</arg>
<arg>${key}</arg>
<doc>Fails if ``key`` is not found from ``dictionary``.</doc>
<status status="PASS" start="2024-06-03T22:14:54.913870" elapsed="0.000455"/>
</kw>
<kw name="Log" owner="BuiltIn">
<msg time="2024-06-03T22:14:54.914999" level="INFO">{'gender': 'male', 'name': {'title': 'Mr', 'first': 'Austin', 'last': 'Reyes'}, 'location': {'street': {'number': 1668, 'name': 'West Street'}, 'city': 'Edenderry', 'state': 'Cavan', 'country': 'Ireland', 'postcode': 73527, 'coordinates': {'latitude': '2.5520', 'longitude': '-127.3213'}, 'timezone': {'offset': '-2:00', 'description': 'Mid-Atlantic'}}, 'email': 'austin.reyes@example.com', 'login': {'uuid': '1c62e50b-b52c-4386-b3ba-fc977c345a78', 'username': 'silverostrich972', 'password': 'cable', 'salt': 'SwjXoIyD', 'md5': '2f6a81f74298e652acf97601b363dd93', 'sha1': 'c5bb0d66f76a5984bc4e4a79b4fe6bdf07a80c52', 'sha256': 'e5bedc9760081853cb9c7f8f6e579f52067dd989fa0a23a31dd12b3603568a2c'}, 'dob': {'date': '1990-03-06T17:47:34.508Z', 'age': 34}, 'registered': {'date': '2014-10-14T00:48:41.205Z', 'age': 9}, 'phone': '041-722-3645', 'cell': '081-797-9261', 'id': {'name': 'PPS', 'value': '6515293T'}, 'picture': {'large': 'https://randomuser.me/api/portraits/men/44.jpg', 'medium': 'https://randomuser.me/api/portraits/med/men/44.jpg', 'thumbnail': 'https://randomuser.me/api/portraits/thumb/men/44.jpg'}, 'nat': 'IE'}</msg>
<arg>${json_data['results'][0]}</arg>
<doc>Logs the given message with the given level.</doc>
<status status="PASS" start="2024-06-03T22:14:54.914630" elapsed="0.000419"/>
</kw>
<kw name="Log" owner="BuiltIn">
<msg time="2024-06-03T22:14:54.915484" level="INFO">gender</msg>
<arg>${key}</arg>
<doc>Logs the given message with the given level.</doc>
<status status="PASS" start="2024-06-03T22:14:54.915353" elapsed="0.000169"/>
</kw>
<var name="${key}">gender</var>
<status status="PASS" start="2024-06-03T22:14:54.913739" elapsed="0.002009"/>
</iter>
<iter>
<kw name="Dictionary Should Contain Key" owner="Collections">
<msg time="2024-06-03T22:14:54.916448" level="INFO">False</msg>
<arg>${json_data['results'][0]}</arg>
<arg>${key}</arg>
<doc>Fails if ``key`` is not found from ``dictionary``.</doc>
<status status="PASS" start="2024-06-03T22:14:54.916059" elapsed="0.000426"/>
</kw>
<kw name="Log" owner="BuiltIn">
<msg time="2024-06-03T22:14:54.917195" level="INFO">{'gender': 'male', 'name': {'title': 'Mr', 'first': 'Austin', 'last': 'Reyes'}, 'location': {'street': {'number': 1668, 'name': 'West Street'}, 'city': 'Edenderry', 'state': 'Cavan', 'country': 'Ireland', 'postcode': 73527, 'coordinates': {'latitude': '2.5520', 'longitude': '-127.3213'}, 'timezone': {'offset': '-2:00', 'description': 'Mid-Atlantic'}}, 'email': 'austin.reyes@example.com', 'login': {'uuid': '1c62e50b-b52c-4386-b3ba-fc977c345a78', 'username': 'silverostrich972', 'password': 'cable', 'salt': 'SwjXoIyD', 'md5': '2f6a81f74298e652acf97601b363dd93', 'sha1': 'c5bb0d66f76a5984bc4e4a79b4fe6bdf07a80c52', 'sha256': 'e5bedc9760081853cb9c7f8f6e579f52067dd989fa0a23a31dd12b3603568a2c'}, 'dob': {'date': '1990-03-06T17:47:34.508Z', 'age': 34}, 'registered': {'date': '2014-10-14T00:48:41.205Z', 'age': 9}, 'phone': '041-722-3645', 'cell': '081-797-9261', 'id': {'name': 'PPS', 'value': '6515293T'}, 'picture': {'large': 'https://randomuser.me/api/portraits/men/44.jpg', 'medium': 'https://randomuser.me/api/portraits/med/men/44.jpg', 'thumbnail': 'https://randomuser.me/api/portraits/thumb/men/44.jpg'}, 'nat': 'IE'}</msg>
<arg>${json_data['results'][0]}</arg>
<doc>Logs the given message with the given level.</doc>
<status status="PASS" start="2024-06-03T22:14:54.916815" elapsed="0.000431"/>
</kw>
<kw name="Log" owner="BuiltIn">
<msg time="2024-06-03T22:14:54.917718" level="INFO">name</msg>
<arg>${key}</arg>
<doc>Logs the given message with the given level.</doc>
<status status="PASS" start="2024-06-03T22:14:54.917582" elapsed="0.000175"/>
</kw>
<var name="${key}">name</var>
<status status="PASS" start="2024-06-03T22:14:54.915943" elapsed="0.002033"/>
</iter>
<iter>
<kw name="Dictionary Should Contain Key" owner="Collections">
<msg time="2024-06-03T22:14:54.918649" level="INFO">False</msg>
<arg>${json_data['results'][0]}</arg>
<arg>${key}</arg>
<doc>Fails if ``key`` is not found from ``dictionary``.</doc>
<status status="PASS" start="2024-06-03T22:14:54.918270" elapsed="0.000418"/>
</kw>
<kw name="Log" owner="BuiltIn">
<msg time="2024-06-03T22:14:54.919355" level="INFO">{'gender': 'male', 'name': {'title': 'Mr', 'first': 'Austin', 'last': 'Reyes'}, 'location': {'street': {'number': 1668, 'name': 'West Street'}, 'city': 'Edenderry', 'state': 'Cavan', 'country': 'Ireland', 'postcode': 73527, 'coordinates': {'latitude': '2.5520', 'longitude': '-127.3213'}, 'timezone': {'offset': '-2:00', 'description': 'Mid-Atlantic'}}, 'email': 'austin.reyes@example.com', 'login': {'uuid': '1c62e50b-b52c-4386-b3ba-fc977c345a78', 'username': 'silverostrich972', 'password': 'cable', 'salt': 'SwjXoIyD', 'md5': '2f6a81f74298e652acf97601b363dd93', 'sha1': 'c5bb0d66f76a5984bc4e4a79b4fe6bdf07a80c52', 'sha256': 'e5bedc9760081853cb9c7f8f6e579f52067dd989fa0a23a31dd12b3603568a2c'}, 'dob': {'date': '1990-03-06T17:47:34.508Z', 'age': 34}, 'registered': {'date': '2014-10-14T00:48:41.205Z', 'age': 9}, 'phone': '041-722-3645', 'cell': '081-797-9261', 'id': {'name': 'PPS', 'value': '6515293T'}, 'picture': {'large': 'https://randomuser.me/api/portraits/men/44.jpg', 'medium': 'https://randomuser.me/api/portraits/med/men/44.jpg', 'thumbnail': 'https://randomuser.me/api/portraits/thumb/men/44.jpg'}, 'nat': 'IE'}</msg>
<arg>${json_data['results'][0]}</arg>
<doc>Logs the given message with the given level.</doc>
<status status="PASS" start="2024-06-03T22:14:54.918996" elapsed="0.000409"/>
</kw>
<kw name="Log" owner="BuiltIn">
<msg time="2024-06-03T22:14:54.919835" level="INFO">location</msg>
<arg>${key}</arg>
<doc>Logs the given message with the given level.</doc>
<status status="PASS" start="2024-06-03T22:14:54.919707" elapsed="0.000169"/>
</kw>
<var name="${key}">location</var>
<status status="PASS" start="2024-06-03T22:14:54.918155" elapsed="0.001936"/>
</iter>
<iter>
<kw name="Dictionary Should Contain Key" owner="Collections">
<msg time="2024-06-03T22:14:54.920890" level="INFO">False</msg>
<arg>${json_data['results'][0]}</arg>
<arg>${key}</arg>
<doc>Fails if ``key`` is not found from ``dictionary``.</doc>
<status status="PASS" start="2024-06-03T22:14:54.920379" elapsed="0.000550"/>
</kw>
<kw name="Log" owner="BuiltIn">
<msg time="2024-06-03T22:14:54.921628" level="INFO">{'gender': 'male', 'name': {'title': 'Mr', 'first': 'Austin', 'last': 'Reyes'}, 'location': {'street': {'number': 1668, 'name': 'West Street'}, 'city': 'Edenderry', 'state': 'Cavan', 'country': 'Ireland', 'postcode': 73527, 'coordinates': {'latitude': '2.5520', 'longitude': '-127.3213'}, 'timezone': {'offset': '-2:00', 'description': 'Mid-Atlantic'}}, 'email': 'austin.reyes@example.com', 'login': {'uuid': '1c62e50b-b52c-4386-b3ba-fc977c345a78', 'username': 'silverostrich972', 'password': 'cable', 'salt': 'SwjXoIyD', 'md5': '2f6a81f74298e652acf97601b363dd93', 'sha1': 'c5bb0d66f76a5984bc4e4a79b4fe6bdf07a80c52', 'sha256': 'e5bedc9760081853cb9c7f8f6e579f52067dd989fa0a23a31dd12b3603568a2c'}, 'dob': {'date': '1990-03-06T17:47:34.508Z', 'age': 34}, 'registered': {'date': '2014-10-14T00:48:41.205Z', 'age': 9}, 'phone': '041-722-3645', 'cell': '081-797-9261', 'id': {'name': 'PPS', 'value': '6515293T'}, 'picture': {'large': 'https://randomuser.me/api/portraits/men/44.jpg', 'medium': 'https://randomuser.me/api/portraits/med/men/44.jpg', 'thumbnail': 'https://randomuser.me/api/portraits/thumb/men/44.jpg'}, 'nat': 'IE'}</msg>
<arg>${json_data['results'][0]}</arg>
<doc>Logs the given message with the given level.</doc>
<status status="PASS" start="2024-06-03T22:14:54.921234" elapsed="0.000443"/>
</kw>
<kw name="Log" owner="BuiltIn">
<msg time="2024-06-03T22:14:54.922111" level="INFO">email</msg>
<arg>${key}</arg>
<doc>Logs the given message with the given level.</doc>
<status status="PASS" start="2024-06-03T22:14:54.921980" elapsed="0.000169"/>
</kw>
<var name="${key}">email</var>
<status status="PASS" start="2024-06-03T22:14:54.920266" elapsed="0.002103"/>
</iter>
<iter>
<kw name="Dictionary Should Contain Key" owner="Collections">
<msg time="2024-06-03T22:14:54.923048" level="INFO">False</msg>
<arg>${json_data['results'][0]}</arg>
<arg>${key}</arg>
<doc>Fails if ``key`` is not found from ``dictionary``.</doc>
<status status="PASS" start="2024-06-03T22:14:54.922661" elapsed="0.000425"/>
</kw>
<kw name="Log" owner="BuiltIn">
<msg time="2024-06-03T22:14:54.923742" level="INFO">{'gender': 'male', 'name': {'title': 'Mr', 'first': 'Austin', 'last': 'Reyes'}, 'location': {'street': {'number': 1668, 'name': 'West Street'}, 'city': 'Edenderry', 'state': 'Cavan', 'country': 'Ireland', 'postcode': 73527, 'coordinates': {'latitude': '2.5520', 'longitude': '-127.3213'}, 'timezone': {'offset': '-2:00', 'description': 'Mid-Atlantic'}}, 'email': 'austin.reyes@example.com', 'login': {'uuid': '1c62e50b-b52c-4386-b3ba-fc977c345a78', 'username': 'silverostrich972', 'password': 'cable', 'salt': 'SwjXoIyD', 'md5': '2f6a81f74298e652acf97601b363dd93', 'sha1': 'c5bb0d66f76a5984bc4e4a79b4fe6bdf07a80c52', 'sha256': 'e5bedc9760081853cb9c7f8f6e579f52067dd989fa0a23a31dd12b3603568a2c'}, 'dob': {'date': '1990-03-06T17:47:34.508Z', 'age': 34}, 'registered': {'date': '2014-10-14T00:48:41.205Z', 'age': 9}, 'phone': '041-722-3645', 'cell': '081-797-9261', 'id': {'name': 'PPS', 'value': '6515293T'}, 'picture': {'large': 'https://randomuser.me/api/portraits/men/44.jpg', 'medium': 'https://randomuser.me/api/portraits/med/men/44.jpg', 'thumbnail': 'https://randomuser.me/api/portraits/thumb/men/44.jpg'}, 'nat': 'IE'}</msg>
<arg>${json_data['results'][0]}</arg>
<doc>Logs the given message with the given level.</doc>
<status status="PASS" start="2024-06-03T22:14:54.923386" elapsed="0.000406"/>
</kw>
<kw name="Log" owner="BuiltIn">
<msg time="2024-06-03T22:14:54.924216" level="INFO">login</msg>
<arg>${key}</arg>
<doc>Logs the given message with the given level.</doc>
<status status="PASS" start="2024-06-03T22:14:54.924087" elapsed="0.000166"/>
</kw>
<var name="${key}">login</var>
<status status="PASS" start="2024-06-03T22:14:54.922547" elapsed="0.001924"/>
</iter>
<var>${key}</var>
<value>@{expected_keys}</value>
<status status="PASS" start="2024-06-03T22:14:54.913538" elapsed="0.011054"/>
</for>
<kw name="Create List" owner="BuiltIn">
<msg time="2024-06-03T22:14:54.924959" level="INFO">${expected_keysTwo} = ['username', 'password']</msg>
<var>${expected_keysTwo}</var>
<arg>username</arg>
<arg>password</arg>
<doc>Returns a list containing given items.</doc>
<status status="PASS" start="2024-06-03T22:14:54.924819" elapsed="0.000164"/>
</kw>
<for flavor="IN">
<iter>
<kw name="Dictionary Should Contain Key" owner="Collections">
<msg time="2024-06-03T22:14:54.925924" level="INFO">False</msg>
<arg>${json_data['results'][0]['login']}</arg>
<arg>${keyTwo}</arg>
<doc>Fails if ``key`` is not found from ``dictionary``.</doc>
<status status="PASS" start="2024-06-03T22:14:54.925533" elapsed="0.000429"/>
</kw>
<kw name="Dictionary Should Contain Key" owner="Collections">
<msg time="2024-06-03T22:14:54.926639" level="INFO">False</msg>
<arg>${json_data['results'][0]['login']}</arg>
<arg>${keyTwo}</arg>
<doc>Fails if ``key`` is not found from ``dictionary``.</doc>
<status status="PASS" start="2024-06-03T22:14:54.926259" elapsed="0.000417"/>
</kw>
<kw name="Log" owner="BuiltIn">
<msg time="2024-06-03T22:14:54.927108" level="INFO">username</msg>
<arg>${keyTwo}</arg>
<doc>Logs the given message with the given level.</doc>
<status status="PASS" start="2024-06-03T22:14:54.926971" elapsed="0.000175"/>
</kw>
<var name="${keyTwo}">username</var>
<status status="PASS" start="2024-06-03T22:14:54.925411" elapsed="0.001957"/>
</iter>
<iter>
<kw name="Dictionary Should Contain Key" owner="Collections">
<msg time="2024-06-03T22:14:54.928038" level="INFO">False</msg>
<arg>${json_data['results'][0]['login']}</arg>
<arg>${keyTwo}</arg>
<doc>Fails if ``key`` is not found from ``dictionary``.</doc>
<status status="PASS" start="2024-06-03T22:14:54.927652" elapsed="0.000423"/>
</kw>
<kw name="Dictionary Should Contain Key" owner="Collections">
<msg time="2024-06-03T22:14:54.928750" level="INFO">False</msg>
<arg>${json_data['results'][0]['login']}</arg>
<arg>${keyTwo}</arg>
<doc>Fails if ``key`` is not found from ``dictionary``.</doc>
<status status="PASS" start="2024-06-03T22:14:54.928371" elapsed="0.000416"/>
</kw>
<kw name="Log" owner="BuiltIn">
<msg time="2024-06-03T22:14:54.929211" level="INFO">password</msg>
<arg>${keyTwo}</arg>
<doc>Logs the given message with the given level.</doc>
<status status="PASS" start="2024-06-03T22:14:54.929082" elapsed="0.000166"/>
</kw>
<var name="${keyTwo}">password</var>
<status status="PASS" start="2024-06-03T22:14:54.927542" elapsed="0.001957"/>
</iter>
<var>${keyTwo}</var>
<value>@{expected_keysTwo}</value>
<status status="PASS" start="2024-06-03T22:14:54.925223" elapsed="0.004399"/>
</for>
<status status="PASS" start="2024-06-03T22:14:54.821635" elapsed="0.108130"/>
</kw>
<doc>Testa a estrutura da resposta da API.</doc>
<tag>testeEstruturaResposta</tag>
<status status="PASS" start="2024-06-03T22:14:54.820979" elapsed="0.108950"/>
</test>
<test id="s1-s1-t4" name="Validar tipos de dados" line="28">
<kw name="Teste de Tipos de Dados" owner="random-user-service">
<kw name="GET On Session" owner="RequestsLibrary">
<msg time="2024-06-03T22:14:55.023307" level="INFO">GET Request : url=https://randomuser.me/api 
 path_url=/api 
 headers={'User-Agent': 'python-requests/2.32.3', 'Accept-Encoding': 'gzip, deflate', 'Accept': '*/*', 'Connection': 'keep-alive'} 
 body=None 
 </msg>
<msg time="2024-06-03T22:14:55.023396" level="INFO">GET Response : url=https://randomuser.me/api 
 status=200, reason=OK 
 headers={'Date': 'Mon, 03 Jun 2024 22:14:55 GMT', 'Content-Type': 'application/json; charset=utf-8', 'Transfer-Encoding': 'chunked', 'Connection': 'keep-alive', 'X-Powered-By': 'Express', 'Access-Control-Allow-Origin': '*', 'Cache-Control': 'no-cache', 'ETag': 'W/"47a-uDTkbfFKEDaNHy8P6a8pOUzUI/E"', 'Vary': 'Accept-Encoding', 'Content-Encoding': 'gzip', 'CF-Cache-Status': 'DYNAMIC', 'Report-To': '{"endpoints":[{"url":"https:\\/\\/a.nel.cloudflare.com\\/report\\/v4?s=EhJKeHoA29%2BaZOlkfpNxVsWtmN22rqQrLSz454oRJ7xF82vi7ZFxabBi3smNdA0Xz3GqDjJRrG7GGsH4586OlBCe9ekdBB3E565A7Jm%2Fd1tUBxAFR6c44ubJ7BjjlZ5L"}],"group":"cf-nel","max_age":604800}', 'NEL': '{"success_fraction":0,"report_to":"cf-nel","max_age":604800}', 'Server': 'cloudflare', 'CF-RAY': '88e309f15b53f941-SJC', 'alt-svc': 'h3=":443"; ma=86400'} 
 body={"results":[{"gender":"male","name":{"title":"Mr","first":"Friedrich","last":"Hund"},"location":{"street":{"number":3466,"name":"Birkenstraße"},"city":"Oberriexingen","state":"Hamburg","country":"Germany","postcode":52193,"coordinates":{"latitude":"-51.6324","longitude":"-56.8447"},"timezone":{"offset":"-10:00","description":"Hawaii"}},"email":"friedrich.hund@example.com","login":{"uuid":"45151a57-50cd-4309-acba-b148b498b1c2","username":"sadostrich750","password":"ryan","salt":"tbWYobKO","md5":"b0f4fa68224c6a6e0243c005ba578b21","sha1":"6d492d704a8751fe63d892070f0aa07ffff00c8b","sha256":"b2e7b599481be5873f2aeab50998b68a8186f9b2bad9138131d67d49485fb623"},"dob":{"date":"1951-02-15T23:23:45.453Z","age":73},"registered":{"date":"2007-06-10T13:20:20.258Z","age":16},"phone":"0726-5717159","cell":"0176-2812639","id":{"name":"SVNR","value":"09 150251 H 289"},"picture":{"large":"https://randomuser.me/api/portraits/men/53.jpg","medium":"https://randomuser.me/api/portraits/med/men/53.jpg","thumbnail":"https://randomuser.me/api/portraits/thumb/men/53.jpg"},"nat":"DE"}],"info":{"seed":"7d70e59786fce126","results":1,"page":1,"version":"1.4"}} 
 </msg>
<msg time="2024-06-03T22:14:55.023474" level="INFO">/opt/hostedtoolcache/Python/3.12.3/x64/lib/python3.12/site-packages/urllib3/connectionpool.py:1103: InsecureRequestWarning: Unverified HTTPS request is being made to host 'randomuser.me'. Adding certificate verification is strongly advised. See: https://urllib3.readthedocs.io/en/latest/advanced-usage.html#tls-warnings
  warnings.warn(</msg>
<msg time="2024-06-03T22:14:55.023596" level="INFO">${response} = &lt;Response [200]&gt;</msg>
<var>${response}</var>
<arg>consultarAPI</arg>
<arg>/api</arg>
<doc>Sends a GET request on a previously created HTTP Session.</doc>
<status status="PASS" start="2024-06-03T22:14:54.932529" elapsed="0.091116"/>
</kw>
<kw name="Set Variable" owner="BuiltIn">
<msg time="2024-06-03T22:14:55.024858" level="INFO">${json_data} = {'results': [{'gender': 'male', 'name': {'title': 'Mr', 'first': 'Friedrich', 'last': 'Hund'}, 'location': {'street': {'number': 3466, 'name': 'Birkenstraße'}, 'city': 'Oberriexingen', 'state': 'Hambu...</msg>
<var>${json_data}</var>
<arg>${response.json()}</arg>
<doc>Returns the given values which can then be assigned to a variables.</doc>
<status status="PASS" start="2024-06-03T22:14:55.024224" elapsed="0.000664"/>
</kw>
<kw name="Log" owner="BuiltIn">
<msg time="2024-06-03T22:14:55.025422" level="INFO">{'results': [{'gender': 'male', 'name': {'title': 'Mr', 'first': 'Friedrich', 'last': 'Hund'}, 'location': {'street': {'number': 3466, 'name': 'Birkenstraße'}, 'city': 'Oberriexingen', 'state': 'Hamburg', 'country': 'Germany', 'postcode': 52193, 'coordinates': {'latitude': '-51.6324', 'longitude': '-56.8447'}, 'timezone': {'offset': '-10:00', 'description': 'Hawaii'}}, 'email': 'friedrich.hund@example.com', 'login': {'uuid': '45151a57-50cd-4309-acba-b148b498b1c2', 'username': 'sadostrich750', 'password': 'ryan', 'salt': 'tbWYobKO', 'md5': 'b0f4fa68224c6a6e0243c005ba578b21', 'sha1': '6d492d704a8751fe63d892070f0aa07ffff00c8b', 'sha256': 'b2e7b599481be5873f2aeab50998b68a8186f9b2bad9138131d67d49485fb623'}, 'dob': {'date': '1951-02-15T23:23:45.453Z', 'age': 73}, 'registered': {'date': '2007-06-10T13:20:20.258Z', 'age': 16}, 'phone': '0726-5717159', 'cell': '0176-2812639', 'id': {'name': 'SVNR', 'value': '09 150251 H 289'}, 'picture': {'large': 'https://randomuser.me/api/portraits/men/53.jpg', 'medium': 'https://randomuser.me/api/portraits/med/men/53.jpg', 'thumbnail': 'https://randomuser.me/api/portraits/thumb/men/53.jpg'}, 'nat': 'DE'}], 'info': {'seed': '7d70e59786fce126', 'results': 1, 'page': 1, 'version': '1.4'}}</msg>
<arg>${json_data}</arg>
<doc>Logs the given message with the given level.</doc>
<status status="PASS" start="2024-06-03T22:14:55.025224" elapsed="0.000251"/>
</kw>
<kw name="Should Be String" owner="String">
<arg>${json_data['results'][0]['gender']}</arg>
<doc>Fails if the given ``item`` is not a string.</doc>
<status status="PASS" start="2024-06-03T22:14:55.025821" elapsed="0.000367"/>
</kw>
<kw name="Should Match Regexp" owner="BuiltIn">
<arg>${json_data['results'][0]['email']}</arg>
<arg>^[a-zA-Z0-9._%+-]+@[a-zA-Z0-9.-]+\.[a-zA-Z]{2,}$</arg>
<doc>Fails if ``string`` does not match ``pattern`` as a regular expression.</doc>
<status status="PASS" start="2024-06-03T22:14:55.026405" elapsed="0.000657"/>
</kw>
<kw name="Should Match Regexp" owner="BuiltIn">
<arg>${json_data['results'][0]['dob']['date']}</arg>
<arg>\\d{4}-\\d{2}-\\d{2}T\\d{2}:\\d{2}:\\d{2}\\.\\d{3}Z</arg>
<doc>Fails if ``string`` does not match ``pattern`` as a regular expression.</doc>
<status status="PASS" start="2024-06-03T22:14:55.027262" elapsed="0.000492"/>
</kw>
<kw name="Should Match Regexp" owner="BuiltIn">
<arg>${json_data['results'][0]['registered']['date']}</arg>
<arg>\\d{4}-\\d{2}-\\d{2}T\\d{2}:\\d{2}:\\d{2}\\.\\d{3}Z</arg>
<doc>Fails if ``string`` does not match ``pattern`` as a regular expression.</doc>
<status status="PASS" start="2024-06-03T22:14:55.027951" elapsed="0.000368"/>
</kw>
<kw name="Should Match Regexp" owner="BuiltIn">
<arg>${json_data['results'][0]['picture']['large']}</arg>
<arg>^https?://.*\.(?:png|jpe?g|gif|bmp)$</arg>
<doc>Fails if ``string`` does not match ``pattern`` as a regular expression.</doc>
<status status="PASS" start="2024-06-03T22:14:55.028506" elapsed="0.000459"/>
</kw>
<kw name="Should Match Regexp" owner="BuiltIn">
<arg>${json_data['results'][0]['picture']['medium']}</arg>
<arg>^https?://.*\.(?:png|jpe?g|gif|bmp)$</arg>
<doc>Fails if ``string`` does not match ``pattern`` as a regular expression.</doc>
<status status="PASS" start="2024-06-03T22:14:55.029156" elapsed="0.000413"/>
</kw>
<kw name="Should Match Regexp" owner="BuiltIn">
<arg>${json_data['results'][0]['picture']['thumbnail']}</arg>
<arg>^https?://.*\.(?:png|jpe?g|gif|bmp)$</arg>
<doc>Fails if ``string`` does not match ``pattern`` as a regular expression.</doc>
<status status="PASS" start="2024-06-03T22:14:55.029764" elapsed="0.000354"/>
</kw>
<kw name="Log" owner="BuiltIn">
<msg time="2024-06-03T22:14:55.030627" level="INFO">{'large': 'https://randomuser.me/api/portraits/men/53.jpg', 'medium': 'https://randomuser.me/api/portraits/med/men/53.jpg', 'thumbnail': 'https://randomuser.me/api/portraits/thumb/men/53.jpg'}</msg>
<arg>${json_data['results'][0]['picture']}</arg>
<doc>Logs the given message with the given level.</doc>
<status status="PASS" start="2024-06-03T22:14:55.030305" elapsed="0.000364"/>
</kw>
<status status="PASS" start="2024-06-03T22:14:54.932292" elapsed="0.098632"/>
</kw>
<kw name="Teste de Tipos de Dados - Postcode" owner="random-user-service">
<kw name="GET On Session" owner="RequestsLibrary">
<msg time="2024-06-03T22:14:55.122873" level="INFO">GET Request : url=https://randomuser.me/api 
 path_url=/api 
 headers={'User-Agent': 'python-requests/2.32.3', 'Accept-Encoding': 'gzip, deflate', 'Accept': '*/*', 'Connection': 'keep-alive'} 
 body=None 
 </msg>
<msg time="2024-06-03T22:14:55.122974" level="INFO">GET Response : url=https://randomuser.me/api 
 status=200, reason=OK 
 headers={'Date': 'Mon, 03 Jun 2024 22:14:55 GMT', 'Content-Type': 'application/json; charset=utf-8', 'Transfer-Encoding': 'chunked', 'Connection': 'keep-alive', 'X-Powered-By': 'Express', 'Access-Control-Allow-Origin': '*', 'Cache-Control': 'no-cache', 'ETag': 'W/"49a-ylEmPTKTzS7YUjYdXUnDpwY6010"', 'Vary': 'Accept-Encoding', 'Content-Encoding': 'gzip', 'CF-Cache-Status': 'DYNAMIC', 'Report-To': '{"endpoints":[{"url":"https:\\/\\/a.nel.cloudflare.com\\/report\\/v4?s=KzgERNqLBL8SJXivrly6HXkOAJx4ts5WtzmSzYTmozrDhvCaHuyIpIRVzcL2QMdKCPWSyV%2Fj9eAiqMvksl%2Bj%2B%2FBwidiTOBGgtAzX767nLMrBgjdq7k7J%2FaBjUnIZcG9o"}],"group":"cf-nel","max_age":604800}', 'NEL': '{"success_fraction":0,"report_to":"cf-nel","max_age":604800}', 'Server': 'cloudflare', 'CF-RAY': '88e309f1fbe5f941-SJC', 'alt-svc': 'h3=":443"; ma=86400'} 
 body={"results":[{"gender":"female","name":{"title":"Miss","first":"Anneli","last":"Reiser"},"location":{"street":{"number":8782,"name":"Birkenstraße"},"city":"Eutin","state":"Niedersachsen","country":"Germany","postcode":18393,"coordinates":{"latitude":"-55.3170","longitude":"103.0310"},"timezone":{"offset":"+1:00","description":"Brussels, Copenhagen, Madrid, Paris"}},"email":"anneli.reiser@example.com","login":{"uuid":"1b17e238-158f-4a01-89c7-44cdc2cff52e","username":"lazyfish353","password":"sales","salt":"vG7OdftM","md5":"002807418be9ef122d6c2deb834fe529","sha1":"5a7bfd8d0018d85175dd58c28ac42d90dc418b70","sha256":"81d50cc54f573e69f0ed88c81438e1107749b17ad9e3ccef33d2ac7a6aa391c5"},"dob":{"date":"1988-03-13T01:09:02.851Z","age":36},"registered":{"date":"2018-12-27T07:27:40.008Z","age":5},"phone":"0179-9319350","cell":"0179-4011691","id":{"name":"SVNR","value":"25 120388 R 682"},"picture":{"large":"https://randomuser.me/api/portraits/women/76.jpg","medium":"https://randomuser.me/api/portraits/med/women/76.jpg","thumbnail":"https://randomuser.me/api/portraits/thumb/women/76.jpg"},"nat":"DE"}],"info":{"seed":"6cef4e57a1f83fe4","results":1,"page":1,"version":"1.4"}} 
 </msg>
<msg time="2024-06-03T22:14:55.123057" level="INFO">/opt/hostedtoolcache/Python/3.12.3/x64/lib/python3.12/site-packages/urllib3/connectionpool.py:1103: InsecureRequestWarning: Unverified HTTPS request is being made to host 'randomuser.me'. Adding certificate verification is strongly advised. See: https://urllib3.readthedocs.io/en/latest/advanced-usage.html#tls-warnings
  warnings.warn(</msg>
<msg time="2024-06-03T22:14:55.123185" level="INFO">${response} = &lt;Response [200]&gt;</msg>
<var>${response}</var>
<arg>consultarAPI</arg>
<arg>/api</arg>
<doc>Sends a GET request on a previously created HTTP Session.</doc>
<status status="PASS" start="2024-06-03T22:14:55.031371" elapsed="0.091858"/>
</kw>
<kw name="Set Variable" owner="BuiltIn">
<msg time="2024-06-03T22:14:55.124458" level="INFO">${json_data} = {'results': [{'gender': 'female', 'name': {'title': 'Miss', 'first': 'Anneli', 'last': 'Reiser'}, 'location': {'street': {'number': 8782, 'name': 'Birkenstraße'}, 'city': 'Eutin', 'state': 'Niedersach...</msg>
<var>${json_data}</var>
<arg>${response.json()}</arg>
<doc>Returns the given values which can then be assigned to a variables.</doc>
<status status="PASS" start="2024-06-03T22:14:55.123848" elapsed="0.000639"/>
</kw>
<kw name="Log" owner="BuiltIn">
<msg time="2024-06-03T22:14:55.124959" level="INFO">{'results': [{'gender': 'female', 'name': {'title': 'Miss', 'first': 'Anneli', 'last': 'Reiser'}, 'location': {'street': {'number': 8782, 'name': 'Birkenstraße'}, 'city': 'Eutin', 'state': 'Niedersachsen', 'country': 'Germany', 'postcode': 18393, 'coordinates': {'latitude': '-55.3170', 'longitude': '103.0310'}, 'timezone': {'offset': '+1:00', 'description': 'Brussels, Copenhagen, Madrid, Paris'}}, 'email': 'anneli.reiser@example.com', 'login': {'uuid': '1b17e238-158f-4a01-89c7-44cdc2cff52e', 'username': 'lazyfish353', 'password': 'sales', 'salt': 'vG7OdftM', 'md5': '002807418be9ef122d6c2deb834fe529', 'sha1': '5a7bfd8d0018d85175dd58c28ac42d90dc418b70', 'sha256': '81d50cc54f573e69f0ed88c81438e1107749b17ad9e3ccef33d2ac7a6aa391c5'}, 'dob': {'date': '1988-03-13T01:09:02.851Z', 'age': 36}, 'registered': {'date': '2018-12-27T07:27:40.008Z', 'age': 5}, 'phone': '0179-9319350', 'cell': '0179-4011691', 'id': {'name': 'SVNR', 'value': '25 120388 R 682'}, 'picture': {'large': 'https://randomuser.me/api/portraits/women/76.jpg', 'medium': 'https://randomuser.me/api/portraits/med/women/76.jpg', 'thumbnail': 'https://randomuser.me/api/portraits/thumb/women/76.jpg'}, 'nat': 'DE'}], 'info': {'seed': '6cef4e57a1f83fe4', 'results': 1, 'page': 1, 'version': '1.4'}}</msg>
<arg>${json_data}</arg>
<doc>Logs the given message with the given level.</doc>
<status status="PASS" start="2024-06-03T22:14:55.124801" elapsed="0.000209"/>
</kw>
<kw name="Should Be Equal As Numbers" owner="BuiltIn">
<arg>${json_data['results'][0]['location']['postcode']}</arg>
<arg>${json_data['results'][0]['location']['postcode']}</arg>
<doc>Fails if objects are unequal after converting them to real numbers.</doc>
<status status="PASS" start="2024-06-03T22:14:55.125310" elapsed="0.000681"/>
</kw>
<kw name="Log" owner="BuiltIn">
<msg time="2024-06-03T22:14:55.126579" level="INFO">18393</msg>
<arg>${json_data['results'][0]['location']['postcode']}</arg>
<doc>Logs the given message with the given level.</doc>
<status status="PASS" start="2024-06-03T22:14:55.126234" elapsed="0.000388"/>
</kw>
<status status="PASS" start="2024-06-03T22:14:55.031144" elapsed="0.095738"/>
</kw>
<doc>Testa se os tipos de dados na resposta da API estão corretos.</doc>
<tag>testeTiposDados</tag>
<status status="PASS" start="2024-06-03T22:14:54.931702" elapsed="0.195352"/>
</test>
<test id="s1-s1-t5" name="Validar conteudo" line="35">
<kw name="Teste de Tipos de Conteudo" owner="random-user-service">
<kw name="GET On Session" owner="RequestsLibrary">
<msg time="2024-06-03T22:14:55.227185" level="INFO">GET Request : url=https://randomuser.me/api 
 path_url=/api 
 headers={'User-Agent': 'python-requests/2.32.3', 'Accept-Encoding': 'gzip, deflate', 'Accept': '*/*', 'Connection': 'keep-alive'} 
 body=None 
 </msg>
<msg time="2024-06-03T22:14:55.227270" level="INFO">GET Response : url=https://randomuser.me/api 
 status=200, reason=OK 
 headers={'Date': 'Mon, 03 Jun 2024 22:14:55 GMT', 'Content-Type': 'application/json; charset=utf-8', 'Transfer-Encoding': 'chunked', 'Connection': 'keep-alive', 'X-Powered-By': 'Express', 'Access-Control-Allow-Origin': '*', 'Cache-Control': 'no-cache', 'ETag': 'W/"47f-C9MclHlKyzZHMa2pfDnkG+cP4b0"', 'Vary': 'Accept-Encoding', 'Content-Encoding': 'gzip', 'CF-Cache-Status': 'DYNAMIC', 'Report-To': '{"endpoints":[{"url":"https:\\/\\/a.nel.cloudflare.com\\/report\\/v4?s=gU1H4aOZL8KtmXe5BnhJZ5xMONDu4Lj6iGOzo3dCnGGquV09brr2gQn2xQjvQmFz%2BYOrj%2BY0ZggYQy%2BlyQgNhUOtFxQ7y4xg7gMzX%2BJWkqUco2Lc%2BgQ6%2BWlDMgMl4eVZ"}],"group":"cf-nel","max_age":604800}', 'NEL': '{"success_fraction":0,"report_to":"cf-nel","max_age":604800}', 'Server': 'cloudflare', 'CF-RAY': '88e309f29c73f941-SJC', 'alt-svc': 'h3=":443"; ma=86400'} 
 body={"results":[{"gender":"female","name":{"title":"Ms","first":"Zoe","last":"Moreno"},"location":{"street":{"number":9796,"name":"Forest Ln"},"city":"Bundaberg","state":"Tasmania","country":"Australia","postcode":5367,"coordinates":{"latitude":"-83.0718","longitude":"147.4155"},"timezone":{"offset":"-1:00","description":"Azores, Cape Verde Islands"}},"email":"zoe.moreno@example.com","login":{"uuid":"f9c6f43a-d274-4d96-8277-2c05147249fc","username":"lazycat795","password":"jacobs","salt":"lCt2LAHk","md5":"e90e529696c89f2e681b473a9dd6d454","sha1":"c567a0e21d7f2bc4b89b83901bc8403e06f49a26","sha256":"ada99afb041980eed8a656da14715beb1e2aab0ebbc42d90b27fae8b77d86d8f"},"dob":{"date":"1947-10-27T07:07:16.174Z","age":76},"registered":{"date":"2009-07-01T02:45:21.944Z","age":14},"phone":"03-4125-9739","cell":"0495-413-666","id":{"name":"TFN","value":"113127624"},"picture":{"large":"https://randomuser.me/api/portraits/women/10.jpg","medium":"https://randomuser.me/api/portraits/med/women/10.jpg","thumbnail":"https://randomuser.me/api/portraits/thumb/women/10.jpg"},"nat":"AU"}],"info":{"seed":"530301ca55778fac","results":1,"page":1,"version":"1.4"}} 
 </msg>
<msg time="2024-06-03T22:14:55.227338" level="INFO">/opt/hostedtoolcache/Python/3.12.3/x64/lib/python3.12/site-packages/urllib3/connectionpool.py:1103: InsecureRequestWarning: Unverified HTTPS request is being made to host 'randomuser.me'. Adding certificate verification is strongly advised. See: https://urllib3.readthedocs.io/en/latest/advanced-usage.html#tls-warnings
  warnings.warn(</msg>
<msg time="2024-06-03T22:14:55.227459" level="INFO">${response} = &lt;Response [200]&gt;</msg>
<var>${response}</var>
<arg>consultarAPI</arg>
<arg>/api</arg>
<doc>Sends a GET request on a previously created HTTP Session.</doc>
<status status="PASS" start="2024-06-03T22:14:55.129659" elapsed="0.097841"/>
</kw>
<kw name="Set Variable" owner="BuiltIn">
<msg time="2024-06-03T22:14:55.228657" level="INFO">${json_data} = {'results': [{'gender': 'female', 'name': {'title': 'Ms', 'first': 'Zoe', 'last': 'Moreno'}, 'location': {'street': {'number': 9796, 'name': 'Forest Ln'}, 'city': 'Bundaberg', 'state': 'Tasmania', 'co...</msg>
<var>${json_data}</var>
<arg>${response.json()}</arg>
<doc>Returns the given values which can then be assigned to a variables.</doc>
<status status="PASS" start="2024-06-03T22:14:55.228080" elapsed="0.000606"/>
</kw>
<kw name="Set Variable" owner="BuiltIn">
<msg time="2024-06-03T22:14:55.229409" level="INFO">${name_title} = Ms</msg>
<var>${name_title}</var>
<arg>${json_data["results"][0]["name"]["title"]}</arg>
<doc>Returns the given values which can then be assigned to a variables.</doc>
<status status="PASS" start="2024-06-03T22:14:55.228991" elapsed="0.000444"/>
</kw>
<kw name="Create List" owner="BuiltIn">
<msg time="2024-06-03T22:14:55.229890" level="INFO">${allowed_titles} = ['Mr', 'Ms', 'Miss', 'Mrs', 'Madame', 'Monsieur']</msg>
<var>${allowed_titles}</var>
<arg>Mr</arg>
<arg>Ms</arg>
<arg>Miss</arg>
<arg>Mrs</arg>
<arg>Madame</arg>
<arg>Monsieur</arg>
<doc>Returns a list containing given items.</doc>
<status status="PASS" start="2024-06-03T22:14:55.229740" elapsed="0.000174"/>
</kw>
<kw name="List Should Contain Value" owner="Collections">
<msg time="2024-06-03T22:14:55.230400" level="INFO">False</msg>
<arg>${allowed_titles}</arg>
<arg>${name_title}</arg>
<doc>Fails if the ``value`` is not found from ``list``.</doc>
<status status="PASS" start="2024-06-03T22:14:55.230222" elapsed="0.000221"/>
</kw>
<kw name="Set Variable" owner="BuiltIn">
<msg time="2024-06-03T22:14:55.231305" level="INFO">${name_country} = AU</msg>
<var>${name_country}</var>
<arg>${json_data["results"][0]["nat"]}</arg>
<doc>Returns the given values which can then be assigned to a variables.</doc>
<status status="PASS" start="2024-06-03T22:14:55.230739" elapsed="0.000591"/>
</kw>
<kw name="Create List" owner="BuiltIn">
<msg time="2024-06-03T22:14:55.232237" level="INFO">${list_country} = ['AD', 'AE', 'AF', 'AG', 'AI', 'AL', 'AM', 'AO', 'AQ', 'AR', 'AS', 'AT', 'AU', 'AW', 'AX', 'AZ', 'BA', 'BB', 'BD', 'BE', 'BF', 'BG', 'BH', 'BI', 'BJ', 'BL', 'BM', 'BN', 'BO', 'BQ', 'BR', 'BS', 'BT', '...</msg>
<var>${list_country}</var>
<arg>AD</arg>
<arg>AE</arg>
<arg>AF</arg>
<arg>AG</arg>
<arg>AI</arg>
<arg>AL</arg>
<arg>AM</arg>
<arg>AO</arg>
<arg>AQ</arg>
<arg>AR</arg>
<arg>AS</arg>
<arg>AT</arg>
<arg>AU</arg>
<arg>AW</arg>
<arg>AX</arg>
<arg>AZ</arg>
<arg>BA</arg>
<arg>BB</arg>
<arg>BD</arg>
<arg>BE</arg>
<arg>BF</arg>
<arg>BG</arg>
<arg>BH</arg>
<arg>BI</arg>
<arg>BJ</arg>
<arg>BL</arg>
<arg>BM</arg>
<arg>BN</arg>
<arg>BO</arg>
<arg>BQ</arg>
<arg>BR</arg>
<arg>BS</arg>
<arg>BT</arg>
<arg>BV</arg>
<arg>BW</arg>
<arg>BY</arg>
<arg>BZ</arg>
<arg>CA</arg>
<arg>CC</arg>
<arg>CD</arg>
<arg>CF</arg>
<arg>CG</arg>
<arg>CH</arg>
<arg>CI</arg>
<arg>CK</arg>
<arg>CL</arg>
<arg>CM</arg>
<arg>CN</arg>
<arg>CO</arg>
<arg>CR</arg>
<arg>CU</arg>
<arg>CV</arg>
<arg>CW</arg>
<arg>CX</arg>
<arg>CY</arg>
<arg>CZ</arg>
<arg>DE</arg>
<arg>DJ</arg>
<arg>DK</arg>
<arg>DM</arg>
<arg>DO</arg>
<arg>DZ</arg>
<arg>EC</arg>
<arg>EE</arg>
<arg>EG</arg>
<arg>EH</arg>
<arg>ER</arg>
<arg>ES</arg>
<arg>ET</arg>
<arg>FI</arg>
<arg>FJ</arg>
<arg>FK</arg>
<arg>FM</arg>
<arg>FO</arg>
<arg>FR</arg>
<arg>GA</arg>
<arg>GB</arg>
<arg>GD</arg>
<arg>GE</arg>
<arg>GF</arg>
<arg>GG</arg>
<arg>GH</arg>
<arg>GI</arg>
<arg>GL</arg>
<arg>GM</arg>
<arg>GN</arg>
<arg>GP</arg>
<arg>GQ</arg>
<arg>GR</arg>
<arg>GS</arg>
<arg>GT</arg>
<arg>GU</arg>
<arg>GW</arg>
<arg>GY</arg>
<arg>HK</arg>
<arg>HM</arg>
<arg>HN</arg>
<arg>HR</arg>
<arg>HT</arg>
<arg>HU</arg>
<arg>ID</arg>
<arg>IE</arg>
<arg>IL</arg>
<arg>IM</arg>
<arg>IN</arg>
<arg>IO</arg>
<arg>IQ</arg>
<arg>IR</arg>
<arg>IS</arg>
<arg>IT</arg>
<arg>JE</arg>
<arg>JM</arg>
<arg>JO</arg>
<arg>JP</arg>
<arg>KE</arg>
<arg>KG</arg>
<arg>KH</arg>
<arg>KI</arg>
<arg>KM</arg>
<arg>KN</arg>
<arg>KP</arg>
<arg>KR</arg>
<arg>KW</arg>
<arg>KY</arg>
<arg>KZ</arg>
<arg>LA</arg>
<arg>LB</arg>
<arg>LC</arg>
<arg>LI</arg>
<arg>LK</arg>
<arg>LR</arg>
<arg>LS</arg>
<arg>LT</arg>
<arg>LU</arg>
<arg>LV</arg>
<arg>LY</arg>
<arg>MA</arg>
<arg>MC</arg>
<arg>MD</arg>
<arg>ME</arg>
<arg>MF</arg>
<arg>MG</arg>
<arg>MH</arg>
<arg>MK</arg>
<arg>ML</arg>
<arg>MM</arg>
<arg>MN</arg>
<arg>MO</arg>
<arg>MP</arg>
<arg>MQ</arg>
<arg>MR</arg>
<arg>MS</arg>
<arg>MT</arg>
<arg>MU</arg>
<arg>MV</arg>
<arg>MW</arg>
<arg>MX</arg>
<arg>MY</arg>
<arg>MZ</arg>
<arg>NA</arg>
<arg>NC</arg>
<arg>NE</arg>
<arg>NF</arg>
<arg>NG</arg>
<arg>NI</arg>
<arg>NL</arg>
<arg>NO</arg>
<arg>NP</arg>
<arg>NR</arg>
<arg>NU</arg>
<arg>NZ</arg>
<arg>OM</arg>
<arg>PA</arg>
<arg>PE</arg>
<arg>PF</arg>
<arg>PG</arg>
<arg>PH</arg>
<arg>PK</arg>
<arg>PL</arg>
<arg>PM</arg>
<arg>PN</arg>
<arg>PR</arg>
<arg>PS</arg>
<arg>PT</arg>
<arg>PW</arg>
<arg>PY</arg>
<arg>QA</arg>
<arg>RE</arg>
<arg>RO</arg>
<arg>RS</arg>
<arg>RU</arg>
<arg>RW</arg>
<arg>SA</arg>
<arg>SB</arg>
<arg>SC</arg>
<arg>SD</arg>
<arg>SE</arg>
<arg>SG</arg>
<arg>SH</arg>
<arg>SI</arg>
<arg>SJ</arg>
<arg>SK</arg>
<arg>SL</arg>
<arg>SM</arg>
<arg>SN</arg>
<arg>SO</arg>
<arg>SR</arg>
<arg>SS</arg>
<arg>ST</arg>
<arg>SV</arg>
<arg>SX</arg>
<arg>SY</arg>
<arg>SZ</arg>
<arg>TC</arg>
<arg>TD</arg>
<arg>TF</arg>
<arg>TG</arg>
<arg>TH</arg>
<arg>TJ</arg>
<arg>TK</arg>
<arg>TL</arg>
<arg>TM</arg>
<arg>TN</arg>
<arg>TO</arg>
<arg>TR</arg>
<arg>TT</arg>
<arg>TV</arg>
<arg>TW</arg>
<arg>TZ</arg>
<arg>UA</arg>
<arg>UG</arg>
<arg>UM</arg>
<arg>US</arg>
<arg>UY</arg>
<arg>UZ</arg>
<arg>VA</arg>
<arg>VC</arg>
<arg>VE</arg>
<arg>VG</arg>
<arg>VI</arg>
<arg>VN</arg>
<arg>VU</arg>
<arg>WF</arg>
<arg>WS</arg>
<arg>XK</arg>
<arg>YE</arg>
<arg>YT</arg>
<arg>ZA</arg>
<arg>ZM</arg>
<arg>ZW</arg>
<doc>Returns a list containing given items.</doc>
<status status="PASS" start="2024-06-03T22:14:55.231636" elapsed="0.000627"/>
</kw>
<kw name="List Should Contain Value" owner="Collections">
<msg time="2024-06-03T22:14:55.233246" level="INFO">False</msg>
<arg>${list_country}</arg>
<arg>${name_country}</arg>
<doc>Fails if the ``value`` is not found from ``list``.</doc>
<status status="PASS" start="2024-06-03T22:14:55.233046" elapsed="0.000237"/>
</kw>
<kw name="Run Keyword If" owner="BuiltIn">
<kw name="Should Be True" owner="BuiltIn">
<arg>${True}</arg>
<doc>Fails if the given condition is not true.</doc>
<status status="PASS" start="2024-06-03T22:14:55.234402" elapsed="0.000143"/>
</kw>
<arg>${json_data["results"][0]["location"]["coordinates"]["latitude"]} &gt;= -90 and ${json_data["results"][0]["location"]["coordinates"]["latitude"]} &lt;= 90</arg>
<arg>Should Be True</arg>
<arg>${True}</arg>
<doc>Runs the given keyword with the given arguments, if ``condition`` is true.</doc>
<status status="PASS" start="2024-06-03T22:14:55.233655" elapsed="0.001015"/>
</kw>
<kw name="Run Keyword If" owner="BuiltIn">
<kw name="Should Be True" owner="BuiltIn">
<arg>${True}</arg>
<doc>Fails if the given condition is not true.</doc>
<status status="PASS" start="2024-06-03T22:14:55.235553" elapsed="0.000138"/>
</kw>
<arg>${json_data["results"][0]["location"]["coordinates"]["longitude"]} &gt;= -180 and ${json_data["results"][0]["location"]["coordinates"]["longitude"]} &lt;= 180</arg>
<arg>Should Be True</arg>
<arg>${True}</arg>
<doc>Runs the given keyword with the given arguments, if ``condition`` is true.</doc>
<status status="PASS" start="2024-06-03T22:14:55.234854" elapsed="0.000960"/>
</kw>
<status status="PASS" start="2024-06-03T22:14:55.129424" elapsed="0.106518"/>
</kw>
<doc>Testa o conteúdo específico dos campos retornados pela API.</doc>
<tag>testeConteudo</tag>
<status status="PASS" start="2024-06-03T22:14:55.128843" elapsed="0.107250"/>
</test>
<status status="PASS" start="2024-06-03T22:14:54.348904" elapsed="0.889205"/>
</suite>
<status status="PASS" start="2024-06-03T22:14:54.335127" elapsed="0.908203"/>
</suite>
<statistics>
<total>
<stat pass="5" fail="0" skip="0">All Tests</stat>
</total>
<tag>
<stat pass="1" fail="0" skip="0">testeConteudo</stat>
<stat pass="1" fail="0" skip="0">testeEstruturaResposta</stat>
<stat pass="1" fail="0" skip="0">testeRequisicaoBasica</stat>
<stat pass="1" fail="0" skip="0">testeTiposDados</stat>
</tag>
<suite>
<stat pass="5" fail="0" skip="0" id="s1" name="Tests">Tests</stat>
<stat pass="5" fail="0" skip="0" id="s1-s1" name="Random-User-Test">Tests.Random-User-Test</stat>
</suite>
</statistics>
<errors>
</errors>
</robot>
