<?xml version="1.0" encoding="UTF-8"?>
<robot generator="Robot 7.0.1 (Python 3.12.4 on linux)" generated="2024-07-14T10:17:02.149725" rpa="false" schemaversion="5">
<suite id="s1" name="Tests" source="/home/runner/work/ApiRandomUser/ApiRandomUser/RamdonUser/tests">
<suite id="s1-s1" name="Random-User-Test" source="/home/runner/work/ApiRandomUser/ApiRandomUser/RamdonUser/tests/random-user-test.robot">
<test id="s1-s1-t1" name="Conectar" line="13">
<kw name="Conectar API" owner="random-user-service">
<kw name="Create Session" owner="RequestsLibrary">
<msg time="2024-07-14T10:17:02.540332" level="INFO">Creating Session using : alias=consultarAPI, url=https://randomuser.me/, headers={},                     cookies={}, auth=None, timeout=None, proxies=None, verify=False,                     debug=0 </msg>
<arg>consultarAPI</arg>
<arg>${URL}</arg>
<doc>Create Session: create a HTTP session to a server</doc>
<status status="PASS" start="2024-07-14T10:17:02.540115" elapsed="0.000399"/>
</kw>
<status status="PASS" start="2024-07-14T10:17:02.539022" elapsed="0.001864"/>
</kw>
<status status="PASS" start="2024-07-14T10:17:02.538406" elapsed="0.002672"/>
</test>
<test id="s1-s1-t2" name="Validar retorno 200 e JSON Válido" line="16">
<kw name="Teste de Requisicao Basica" owner="random-user-service">
<kw name="GET On Session" owner="RequestsLibrary">
<msg time="2024-07-14T10:17:02.661998" level="INFO">GET Request : url=https://randomuser.me/api 
 path_url=/api 
 headers={'User-Agent': 'python-requests/2.32.3', 'Accept-Encoding': 'gzip, deflate', 'Accept': '*/*', 'Connection': 'keep-alive'} 
 body=None 
 </msg>
<msg time="2024-07-14T10:17:02.662168" level="INFO">GET Response : url=https://randomuser.me/api 
 status=200, reason=OK 
 headers={'Date': 'Sun, 14 Jul 2024 10:17:02 GMT', 'Content-Type': 'application/json; charset=utf-8', 'Transfer-Encoding': 'chunked', 'Connection': 'keep-alive', 'X-Powered-By': 'Express', 'Access-Control-Allow-Origin': '*', 'Cache-Control': 'no-cache', 'ETag': 'W/"49b-+oEOWLfHHz31WyIJvW07PrB1qto"', 'Vary': 'Accept-Encoding', 'Content-Encoding': 'gzip', 'CF-Cache-Status': 'DYNAMIC', 'Report-To': '{"endpoints":[{"url":"https:\\/\\/a.nel.cloudflare.com\\/report\\/v4?s=vwgxqPd%2Bp6gylDDysqQiqGyiVR%2Bg4TPLRStHwOrw%2FDvNcpxSH1nrnCBV6BQ19Y8owXU%2BRL81JSKLpuTMhyxqDI6BWgNBjrJBl%2B0yo9IzFE3jm%2FMyV2knxcoCAutZQpWf"}],"group":"cf-nel","max_age":604800}', 'NEL': '{"success_fraction":0,"report_to":"cf-nel","max_age":604800}', 'Server': 'cloudflare', 'CF-RAY': '8a30c2bf1b4c964a-SJC', 'alt-svc': 'h3=":443"; ma=86400'} 
 body={"results":[{"gender":"male","name":{"title":"Mr","first":"Abeer","last":"Jain"},"location":{"street":{"number":7307,"name":"Dwaraka Nagar"},"city":"Mehsana","state":"Andaman and Nicobar Islands","country":"India","postcode":77001,"coordinates":{"latitude":"10.4995","longitude":"-12.4523"},"timezone":{"offset":"-5:00","description":"Eastern Time (US &amp; Canada), Bogota, Lima"}},"email":"abeer.jain@example.com","login":{"uuid":"053b490b-e500-4ab7-a0a1-1327aa0d1500","username":"purplecat204","password":"87654321","salt":"3wacPUEk","md5":"281dee0a01f71fcc3745b7de4aff7eb7","sha1":"85d58e694c76f338e67e9ac84ec396d8ae411387","sha256":"d3cb1a5d7bbf38356888f82e5fa29cbdd8c9a992c698905f02e3df8c4208a465"},"dob":{"date":"1958-05-03T00:58:47.042Z","age":66},"registered":{"date":"2005-08-06T11:27:32.541Z","age":18},"phone":"8608030082","cell":"7627485201","id":{"name":"UIDAI","value":"385522958903"},"picture":{"large":"https://randomuser.me/api/portraits/men/48.jpg","medium":"https://randomuser.me/api/portraits/med/men/48.jpg","thumbnail":"https://randomuser.me/api/portraits/thumb/men/48.jpg"},"nat":"IN"}],"info":{"seed":"90bdcb05bbb9c80b","results":1,"page":1,"version":"1.4"}} 
 </msg>
<msg time="2024-07-14T10:17:02.662267" level="INFO">/opt/hostedtoolcache/Python/3.12.4/x64/lib/python3.12/site-packages/urllib3/connectionpool.py:1099: InsecureRequestWarning: Unverified HTTPS request is being made to host 'randomuser.me'. Adding certificate verification is strongly advised. See: https://urllib3.readthedocs.io/en/latest/advanced-usage.html#tls-warnings
  warnings.warn(</msg>
<msg time="2024-07-14T10:17:02.662425" level="INFO">${response} = &lt;Response [200]&gt;</msg>
<var>${response}</var>
<arg>consultarAPI</arg>
<arg>/api</arg>
<doc>Sends a GET request on a previously created HTTP Session.</doc>
<status status="PASS" start="2024-07-14T10:17:02.543744" elapsed="0.118726"/>
</kw>
<kw name="Should Be Equal As Numbers" owner="BuiltIn">
<msg time="2024-07-14T10:17:02.663655" level="INFO">Argument types are:
&lt;class 'int'&gt;
&lt;class 'str'&gt;</msg>
<arg>${response.status_code}</arg>
<arg>200</arg>
<doc>Fails if objects are unequal after converting them to real numbers.</doc>
<status status="PASS" start="2024-07-14T10:17:02.663161" elapsed="0.000564"/>
</kw>
<kw name="Log" owner="BuiltIn">
<msg time="2024-07-14T10:17:02.664460" level="INFO">200</msg>
<arg>${response.status_code}</arg>
<doc>Logs the given message with the given level.</doc>
<status status="PASS" start="2024-07-14T10:17:02.664096" elapsed="0.000408"/>
</kw>
<kw name="Set Variable" owner="BuiltIn">
<msg time="2024-07-14T10:17:02.665256" level="INFO">${json_data} = {'results': [{'gender': 'male', 'name': {'title': 'Mr', 'first': 'Abeer', 'last': 'Jain'}, 'location': {'street': {'number': 7307, 'name': 'Dwaraka Nagar'}, 'city': 'Mehsana', 'state': 'Andaman and Ni...</msg>
<var>${json_data}</var>
<arg>${response.json()}</arg>
<doc>Returns the given values which can then be assigned to a variables.</doc>
<status status="PASS" start="2024-07-14T10:17:02.664818" elapsed="0.000466"/>
</kw>
<kw name="Dictionary Should Contain Key" owner="Collections">
<arg>${json_data}</arg>
<arg>results</arg>
<doc>Fails if ``key`` is not found from ``dictionary``.</doc>
<status status="PASS" start="2024-07-14T10:17:02.665587" elapsed="0.000171"/>
</kw>
<status status="PASS" start="2024-07-14T10:17:02.543488" elapsed="0.122429"/>
</kw>
<doc>Testa se a API responde corretamente e retorna um objeto JSON válido.</doc>
<tag>testeRequisicaoBasica</tag>
<status status="PASS" start="2024-07-14T10:17:02.542942" elapsed="0.123158"/>
</test>
<test id="s1-s1-t3" name="Validar estrutura de resposta" line="22">
<kw name="Teste de Estrutura de Resposta" owner="random-user-service">
<kw name="GET On Session" owner="RequestsLibrary">
<msg time="2024-07-14T10:17:02.758288" level="INFO">GET Request : url=https://randomuser.me/api 
 path_url=/api 
 headers={'User-Agent': 'python-requests/2.32.3', 'Accept-Encoding': 'gzip, deflate', 'Accept': '*/*', 'Connection': 'keep-alive'} 
 body=None 
 </msg>
<msg time="2024-07-14T10:17:02.758397" level="INFO">GET Response : url=https://randomuser.me/api 
 status=200, reason=OK 
 headers={'Date': 'Sun, 14 Jul 2024 10:17:02 GMT', 'Content-Type': 'application/json; charset=utf-8', 'Transfer-Encoding': 'chunked', 'Connection': 'keep-alive', 'X-Powered-By': 'Express', 'Access-Control-Allow-Origin': '*', 'Cache-Control': 'no-cache', 'ETag': 'W/"49a-ynZNlqEj7SLUBZb2tWBVoJr9tuY"', 'Vary': 'Accept-Encoding', 'Content-Encoding': 'gzip', 'CF-Cache-Status': 'DYNAMIC', 'Report-To': '{"endpoints":[{"url":"https:\\/\\/a.nel.cloudflare.com\\/report\\/v4?s=AIP8n5%2BAcKo1WLLuOQaO5NezS7VHy6ZM6ySKa%2FFjpVseyQ6XnPdwKKq2wCezRJqDfMIZqS6X%2BCazxlT6gcy7ZTdwCFi5CS02eLxkB1wemOTmsuW7iFydfihGLKZaCECF"}],"group":"cf-nel","max_age":604800}', 'NEL': '{"success_fraction":0,"report_to":"cf-nel","max_age":604800}', 'Server': 'cloudflare', 'CF-RAY': '8a30c2bfbb9f964a-SJC', 'alt-svc': 'h3=":443"; ma=86400'} 
 body={"results":[{"gender":"male","name":{"title":"Mr","first":"Diego","last":"Michel"},"location":{"street":{"number":1765,"name":"Rue Desaix"},"city":"Rueil-Malmaison","state":"Lot","country":"France","postcode":56018,"coordinates":{"latitude":"-15.7252","longitude":"-59.3077"},"timezone":{"offset":"+3:00","description":"Baghdad, Riyadh, Moscow, St. Petersburg"}},"email":"diego.michel@example.com","login":{"uuid":"3b82bc98-ae5e-4492-bcdc-0a17b10627e7","username":"smallpeacock155","password":"rocky1","salt":"N3u3rLl9","md5":"f5acd4cadfd9368445dac414c8e67907","sha1":"e08e8d4ff21955528e0440999d084456de4c757d","sha256":"a8cf0bdf6fa6eb641e13a4a90257cd766623f2b030d4b8e7624c0a227be6e468"},"dob":{"date":"1983-03-05T21:13:43.224Z","age":41},"registered":{"date":"2003-10-08T02:08:21.864Z","age":20},"phone":"04-00-31-49-46","cell":"06-89-53-71-10","id":{"name":"INSEE","value":"1830283364918 72"},"picture":{"large":"https://randomuser.me/api/portraits/men/44.jpg","medium":"https://randomuser.me/api/portraits/med/men/44.jpg","thumbnail":"https://randomuser.me/api/portraits/thumb/men/44.jpg"},"nat":"FR"}],"info":{"seed":"2f7103cd2dd08a4d","results":1,"page":1,"version":"1.4"}} 
 </msg>
<msg time="2024-07-14T10:17:02.758532" level="INFO">/opt/hostedtoolcache/Python/3.12.4/x64/lib/python3.12/site-packages/urllib3/connectionpool.py:1099: InsecureRequestWarning: Unverified HTTPS request is being made to host 'randomuser.me'. Adding certificate verification is strongly advised. See: https://urllib3.readthedocs.io/en/latest/advanced-usage.html#tls-warnings
  warnings.warn(</msg>
<msg time="2024-07-14T10:17:02.758660" level="INFO">${response} = &lt;Response [200]&gt;</msg>
<var>${response}</var>
<arg>consultarAPI</arg>
<arg>/api</arg>
<doc>Sends a GET request on a previously created HTTP Session.</doc>
<status status="PASS" start="2024-07-14T10:17:02.668864" elapsed="0.089829"/>
</kw>
<kw name="Set Variable" owner="BuiltIn">
<msg time="2024-07-14T10:17:02.759822" level="INFO">${json_data} = {'results': [{'gender': 'male', 'name': {'title': 'Mr', 'first': 'Diego', 'last': 'Michel'}, 'location': {'street': {'number': 1765, 'name': 'Rue Desaix'}, 'city': 'Rueil-Malmaison', 'state': 'Lot', '...</msg>
<var>${json_data}</var>
<arg>${response.json()}</arg>
<doc>Returns the given values which can then be assigned to a variables.</doc>
<status status="PASS" start="2024-07-14T10:17:02.759286" elapsed="0.000566"/>
</kw>
<kw name="Log" owner="BuiltIn">
<msg time="2024-07-14T10:17:02.760371" level="INFO">{'results': [{'gender': 'male', 'name': {'title': 'Mr', 'first': 'Diego', 'last': 'Michel'}, 'location': {'street': {'number': 1765, 'name': 'Rue Desaix'}, 'city': 'Rueil-Malmaison', 'state': 'Lot', 'country': 'France', 'postcode': 56018, 'coordinates': {'latitude': '-15.7252', 'longitude': '-59.3077'}, 'timezone': {'offset': '+3:00', 'description': 'Baghdad, Riyadh, Moscow, St. Petersburg'}}, 'email': 'diego.michel@example.com', 'login': {'uuid': '3b82bc98-ae5e-4492-bcdc-0a17b10627e7', 'username': 'smallpeacock155', 'password': 'rocky1', 'salt': 'N3u3rLl9', 'md5': 'f5acd4cadfd9368445dac414c8e67907', 'sha1': 'e08e8d4ff21955528e0440999d084456de4c757d', 'sha256': 'a8cf0bdf6fa6eb641e13a4a90257cd766623f2b030d4b8e7624c0a227be6e468'}, 'dob': {'date': '1983-03-05T21:13:43.224Z', 'age': 41}, 'registered': {'date': '2003-10-08T02:08:21.864Z', 'age': 20}, 'phone': '04-00-31-49-46', 'cell': '06-89-53-71-10', 'id': {'name': 'INSEE', 'value': '1830283364918 72'}, 'picture': {'large': 'https://randomuser.me/api/portraits/men/44.jpg', 'medium': 'https://randomuser.me/api/portraits/med/men/44.jpg', 'thumbnail': 'https://randomuser.me/api/portraits/thumb/men/44.jpg'}, 'nat': 'FR'}], 'info': {'seed': '2f7103cd2dd08a4d', 'results': 1, 'page': 1, 'version': '1.4'}}</msg>
<arg>${json_data}</arg>
<doc>Logs the given message with the given level.</doc>
<status status="PASS" start="2024-07-14T10:17:02.760202" elapsed="0.000219"/>
</kw>
<kw name="Dictionary Should Contain Key" owner="Collections">
<arg>${json_data}</arg>
<arg>results</arg>
<doc>Fails if ``key`` is not found from ``dictionary``.</doc>
<status status="PASS" start="2024-07-14T10:17:02.760724" elapsed="0.000163"/>
</kw>
<kw name="Should Not Be Empty" owner="BuiltIn">
<msg time="2024-07-14T10:17:02.761214" level="INFO">Length is 2.</msg>
<arg>${json_data}</arg>
<doc>Verifies that the given item is not empty.</doc>
<status status="PASS" start="2024-07-14T10:17:02.761081" elapsed="0.000172"/>
</kw>
<kw name="Create List" owner="BuiltIn">
<msg time="2024-07-14T10:17:02.761863" level="INFO">${expected_keys} = ['gender', 'name', 'location', 'email', 'login']</msg>
<var>${expected_keys}</var>
<arg>gender</arg>
<arg>name</arg>
<arg>location</arg>
<arg>email</arg>
<arg>login</arg>
<doc>Returns a list containing given items.</doc>
<status status="PASS" start="2024-07-14T10:17:02.761546" elapsed="0.000342"/>
</kw>
<for flavor="IN">
<iter>
<kw name="Dictionary Should Contain Key" owner="Collections">
<arg>${json_data['results'][0]}</arg>
<arg>${key}</arg>
<doc>Fails if ``key`` is not found from ``dictionary``.</doc>
<status status="PASS" start="2024-07-14T10:17:02.762493" elapsed="0.000425"/>
</kw>
<kw name="Log" owner="BuiltIn">
<msg time="2024-07-14T10:17:02.763500" level="INFO">{'gender': 'male', 'name': {'title': 'Mr', 'first': 'Diego', 'last': 'Michel'}, 'location': {'street': {'number': 1765, 'name': 'Rue Desaix'}, 'city': 'Rueil-Malmaison', 'state': 'Lot', 'country': 'France', 'postcode': 56018, 'coordinates': {'latitude': '-15.7252', 'longitude': '-59.3077'}, 'timezone': {'offset': '+3:00', 'description': 'Baghdad, Riyadh, Moscow, St. Petersburg'}}, 'email': 'diego.michel@example.com', 'login': {'uuid': '3b82bc98-ae5e-4492-bcdc-0a17b10627e7', 'username': 'smallpeacock155', 'password': 'rocky1', 'salt': 'N3u3rLl9', 'md5': 'f5acd4cadfd9368445dac414c8e67907', 'sha1': 'e08e8d4ff21955528e0440999d084456de4c757d', 'sha256': 'a8cf0bdf6fa6eb641e13a4a90257cd766623f2b030d4b8e7624c0a227be6e468'}, 'dob': {'date': '1983-03-05T21:13:43.224Z', 'age': 41}, 'registered': {'date': '2003-10-08T02:08:21.864Z', 'age': 20}, 'phone': '04-00-31-49-46', 'cell': '06-89-53-71-10', 'id': {'name': 'INSEE', 'value': '1830283364918 72'}, 'picture': {'large': 'https://randomuser.me/api/portraits/men/44.jpg', 'medium': 'https://randomuser.me/api/portraits/med/men/44.jpg', 'thumbnail': 'https://randomuser.me/api/portraits/thumb/men/44.jpg'}, 'nat': 'FR'}</msg>
<arg>${json_data['results'][0]}</arg>
<doc>Logs the given message with the given level.</doc>
<status status="PASS" start="2024-07-14T10:17:02.763130" elapsed="0.000420"/>
</kw>
<kw name="Log" owner="BuiltIn">
<msg time="2024-07-14T10:17:02.763981" level="INFO">gender</msg>
<arg>${key}</arg>
<doc>Logs the given message with the given level.</doc>
<status status="PASS" start="2024-07-14T10:17:02.763853" elapsed="0.000166"/>
</kw>
<var name="${key}">gender</var>
<status status="PASS" start="2024-07-14T10:17:02.762368" elapsed="0.001870"/>
</iter>
<iter>
<kw name="Dictionary Should Contain Key" owner="Collections">
<arg>${json_data['results'][0]}</arg>
<arg>${key}</arg>
<doc>Fails if ``key`` is not found from ``dictionary``.</doc>
<status status="PASS" start="2024-07-14T10:17:02.764538" elapsed="0.000389"/>
</kw>
<kw name="Log" owner="BuiltIn">
<msg time="2024-07-14T10:17:02.765461" level="INFO">{'gender': 'male', 'name': {'title': 'Mr', 'first': 'Diego', 'last': 'Michel'}, 'location': {'street': {'number': 1765, 'name': 'Rue Desaix'}, 'city': 'Rueil-Malmaison', 'state': 'Lot', 'country': 'France', 'postcode': 56018, 'coordinates': {'latitude': '-15.7252', 'longitude': '-59.3077'}, 'timezone': {'offset': '+3:00', 'description': 'Baghdad, Riyadh, Moscow, St. Petersburg'}}, 'email': 'diego.michel@example.com', 'login': {'uuid': '3b82bc98-ae5e-4492-bcdc-0a17b10627e7', 'username': 'smallpeacock155', 'password': 'rocky1', 'salt': 'N3u3rLl9', 'md5': 'f5acd4cadfd9368445dac414c8e67907', 'sha1': 'e08e8d4ff21955528e0440999d084456de4c757d', 'sha256': 'a8cf0bdf6fa6eb641e13a4a90257cd766623f2b030d4b8e7624c0a227be6e468'}, 'dob': {'date': '1983-03-05T21:13:43.224Z', 'age': 41}, 'registered': {'date': '2003-10-08T02:08:21.864Z', 'age': 20}, 'phone': '04-00-31-49-46', 'cell': '06-89-53-71-10', 'id': {'name': 'INSEE', 'value': '1830283364918 72'}, 'picture': {'large': 'https://randomuser.me/api/portraits/men/44.jpg', 'medium': 'https://randomuser.me/api/portraits/med/men/44.jpg', 'thumbnail': 'https://randomuser.me/api/portraits/thumb/men/44.jpg'}, 'nat': 'FR'}</msg>
<arg>${json_data['results'][0]}</arg>
<doc>Logs the given message with the given level.</doc>
<status status="PASS" start="2024-07-14T10:17:02.765112" elapsed="0.000432"/>
</kw>
<kw name="Log" owner="BuiltIn">
<msg time="2024-07-14T10:17:02.765974" level="INFO">name</msg>
<arg>${key}</arg>
<doc>Logs the given message with the given level.</doc>
<status status="PASS" start="2024-07-14T10:17:02.765845" elapsed="0.000167"/>
</kw>
<var name="${key}">name</var>
<status status="PASS" start="2024-07-14T10:17:02.764426" elapsed="0.001803"/>
</iter>
<iter>
<kw name="Dictionary Should Contain Key" owner="Collections">
<arg>${json_data['results'][0]}</arg>
<arg>${key}</arg>
<doc>Fails if ``key`` is not found from ``dictionary``.</doc>
<status status="PASS" start="2024-07-14T10:17:02.766521" elapsed="0.000380"/>
</kw>
<kw name="Log" owner="BuiltIn">
<msg time="2024-07-14T10:17:02.767497" level="INFO">{'gender': 'male', 'name': {'title': 'Mr', 'first': 'Diego', 'last': 'Michel'}, 'location': {'street': {'number': 1765, 'name': 'Rue Desaix'}, 'city': 'Rueil-Malmaison', 'state': 'Lot', 'country': 'France', 'postcode': 56018, 'coordinates': {'latitude': '-15.7252', 'longitude': '-59.3077'}, 'timezone': {'offset': '+3:00', 'description': 'Baghdad, Riyadh, Moscow, St. Petersburg'}}, 'email': 'diego.michel@example.com', 'login': {'uuid': '3b82bc98-ae5e-4492-bcdc-0a17b10627e7', 'username': 'smallpeacock155', 'password': 'rocky1', 'salt': 'N3u3rLl9', 'md5': 'f5acd4cadfd9368445dac414c8e67907', 'sha1': 'e08e8d4ff21955528e0440999d084456de4c757d', 'sha256': 'a8cf0bdf6fa6eb641e13a4a90257cd766623f2b030d4b8e7624c0a227be6e468'}, 'dob': {'date': '1983-03-05T21:13:43.224Z', 'age': 41}, 'registered': {'date': '2003-10-08T02:08:21.864Z', 'age': 20}, 'phone': '04-00-31-49-46', 'cell': '06-89-53-71-10', 'id': {'name': 'INSEE', 'value': '1830283364918 72'}, 'picture': {'large': 'https://randomuser.me/api/portraits/men/44.jpg', 'medium': 'https://randomuser.me/api/portraits/med/men/44.jpg', 'thumbnail': 'https://randomuser.me/api/portraits/thumb/men/44.jpg'}, 'nat': 'FR'}</msg>
<arg>${json_data['results'][0]}</arg>
<doc>Logs the given message with the given level.</doc>
<status status="PASS" start="2024-07-14T10:17:02.767122" elapsed="0.000425"/>
</kw>
<kw name="Log" owner="BuiltIn">
<msg time="2024-07-14T10:17:02.767973" level="INFO">location</msg>
<arg>${key}</arg>
<doc>Logs the given message with the given level.</doc>
<status status="PASS" start="2024-07-14T10:17:02.767845" elapsed="0.000166"/>
</kw>
<var name="${key}">location</var>
<status status="PASS" start="2024-07-14T10:17:02.766414" elapsed="0.001812"/>
</iter>
<iter>
<kw name="Dictionary Should Contain Key" owner="Collections">
<arg>${json_data['results'][0]}</arg>
<arg>${key}</arg>
<doc>Fails if ``key`` is not found from ``dictionary``.</doc>
<status status="PASS" start="2024-07-14T10:17:02.768504" elapsed="0.000389"/>
</kw>
<kw name="Log" owner="BuiltIn">
<msg time="2024-07-14T10:17:02.769426" level="INFO">{'gender': 'male', 'name': {'title': 'Mr', 'first': 'Diego', 'last': 'Michel'}, 'location': {'street': {'number': 1765, 'name': 'Rue Desaix'}, 'city': 'Rueil-Malmaison', 'state': 'Lot', 'country': 'France', 'postcode': 56018, 'coordinates': {'latitude': '-15.7252', 'longitude': '-59.3077'}, 'timezone': {'offset': '+3:00', 'description': 'Baghdad, Riyadh, Moscow, St. Petersburg'}}, 'email': 'diego.michel@example.com', 'login': {'uuid': '3b82bc98-ae5e-4492-bcdc-0a17b10627e7', 'username': 'smallpeacock155', 'password': 'rocky1', 'salt': 'N3u3rLl9', 'md5': 'f5acd4cadfd9368445dac414c8e67907', 'sha1': 'e08e8d4ff21955528e0440999d084456de4c757d', 'sha256': 'a8cf0bdf6fa6eb641e13a4a90257cd766623f2b030d4b8e7624c0a227be6e468'}, 'dob': {'date': '1983-03-05T21:13:43.224Z', 'age': 41}, 'registered': {'date': '2003-10-08T02:08:21.864Z', 'age': 20}, 'phone': '04-00-31-49-46', 'cell': '06-89-53-71-10', 'id': {'name': 'INSEE', 'value': '1830283364918 72'}, 'picture': {'large': 'https://randomuser.me/api/portraits/men/44.jpg', 'medium': 'https://randomuser.me/api/portraits/med/men/44.jpg', 'thumbnail': 'https://randomuser.me/api/portraits/thumb/men/44.jpg'}, 'nat': 'FR'}</msg>
<arg>${json_data['results'][0]}</arg>
<doc>Logs the given message with the given level.</doc>
<status status="PASS" start="2024-07-14T10:17:02.769080" elapsed="0.000403"/>
</kw>
<kw name="Log" owner="BuiltIn">
<msg time="2024-07-14T10:17:02.769902" level="INFO">email</msg>
<arg>${key}</arg>
<doc>Logs the given message with the given level.</doc>
<status status="PASS" start="2024-07-14T10:17:02.769772" elapsed="0.000168"/>
</kw>
<var name="${key}">email</var>
<status status="PASS" start="2024-07-14T10:17:02.768397" elapsed="0.001762"/>
</iter>
<iter>
<kw name="Dictionary Should Contain Key" owner="Collections">
<arg>${json_data['results'][0]}</arg>
<arg>${key}</arg>
<doc>Fails if ``key`` is not found from ``dictionary``.</doc>
<status status="PASS" start="2024-07-14T10:17:02.770440" elapsed="0.000384"/>
</kw>
<kw name="Log" owner="BuiltIn">
<msg time="2024-07-14T10:17:02.771390" level="INFO">{'gender': 'male', 'name': {'title': 'Mr', 'first': 'Diego', 'last': 'Michel'}, 'location': {'street': {'number': 1765, 'name': 'Rue Desaix'}, 'city': 'Rueil-Malmaison', 'state': 'Lot', 'country': 'France', 'postcode': 56018, 'coordinates': {'latitude': '-15.7252', 'longitude': '-59.3077'}, 'timezone': {'offset': '+3:00', 'description': 'Baghdad, Riyadh, Moscow, St. Petersburg'}}, 'email': 'diego.michel@example.com', 'login': {'uuid': '3b82bc98-ae5e-4492-bcdc-0a17b10627e7', 'username': 'smallpeacock155', 'password': 'rocky1', 'salt': 'N3u3rLl9', 'md5': 'f5acd4cadfd9368445dac414c8e67907', 'sha1': 'e08e8d4ff21955528e0440999d084456de4c757d', 'sha256': 'a8cf0bdf6fa6eb641e13a4a90257cd766623f2b030d4b8e7624c0a227be6e468'}, 'dob': {'date': '1983-03-05T21:13:43.224Z', 'age': 41}, 'registered': {'date': '2003-10-08T02:08:21.864Z', 'age': 20}, 'phone': '04-00-31-49-46', 'cell': '06-89-53-71-10', 'id': {'name': 'INSEE', 'value': '1830283364918 72'}, 'picture': {'large': 'https://randomuser.me/api/portraits/men/44.jpg', 'medium': 'https://randomuser.me/api/portraits/med/men/44.jpg', 'thumbnail': 'https://randomuser.me/api/portraits/thumb/men/44.jpg'}, 'nat': 'FR'}</msg>
<arg>${json_data['results'][0]}</arg>
<doc>Logs the given message with the given level.</doc>
<status status="PASS" start="2024-07-14T10:17:02.771006" elapsed="0.000433"/>
</kw>
<kw name="Log" owner="BuiltIn">
<msg time="2024-07-14T10:17:02.771862" level="INFO">login</msg>
<arg>${key}</arg>
<doc>Logs the given message with the given level.</doc>
<status status="PASS" start="2024-07-14T10:17:02.771736" elapsed="0.000163"/>
</kw>
<var name="${key}">login</var>
<status status="PASS" start="2024-07-14T10:17:02.770328" elapsed="0.001785"/>
</iter>
<var>${key}</var>
<value>@{expected_keys}</value>
<status status="PASS" start="2024-07-14T10:17:02.762167" elapsed="0.010069"/>
</for>
<kw name="Create List" owner="BuiltIn">
<msg time="2024-07-14T10:17:02.772599" level="INFO">${expected_keysTwo} = ['username', 'password']</msg>
<var>${expected_keysTwo}</var>
<arg>username</arg>
<arg>password</arg>
<doc>Returns a list containing given items.</doc>
<status status="PASS" start="2024-07-14T10:17:02.772427" elapsed="0.000197"/>
</kw>
<for flavor="IN">
<iter>
<kw name="Dictionary Should Contain Key" owner="Collections">
<arg>${json_data['results'][0]['login']}</arg>
<arg>${keyTwo}</arg>
<doc>Fails if ``key`` is not found from ``dictionary``.</doc>
<status status="PASS" start="2024-07-14T10:17:02.773123" elapsed="0.000386"/>
</kw>
<kw name="Dictionary Should Contain Key" owner="Collections">
<arg>${json_data['results'][0]['login']}</arg>
<arg>${keyTwo}</arg>
<doc>Fails if ``key`` is not found from ``dictionary``.</doc>
<status status="PASS" start="2024-07-14T10:17:02.773688" elapsed="0.000375"/>
</kw>
<kw name="Log" owner="BuiltIn">
<msg time="2024-07-14T10:17:02.774365" level="INFO">username</msg>
<arg>${keyTwo}</arg>
<doc>Logs the given message with the given level.</doc>
<status status="PASS" start="2024-07-14T10:17:02.774245" elapsed="0.000158"/>
</kw>
<var name="${keyTwo}">username</var>
<status status="PASS" start="2024-07-14T10:17:02.773018" elapsed="0.001605"/>
</iter>
<iter>
<kw name="Dictionary Should Contain Key" owner="Collections">
<arg>${json_data['results'][0]['login']}</arg>
<arg>${keyTwo}</arg>
<doc>Fails if ``key`` is not found from ``dictionary``.</doc>
<status status="PASS" start="2024-07-14T10:17:02.774896" elapsed="0.000428"/>
</kw>
<kw name="Dictionary Should Contain Key" owner="Collections">
<arg>${json_data['results'][0]['login']}</arg>
<arg>${keyTwo}</arg>
<doc>Fails if ``key`` is not found from ``dictionary``.</doc>
<status status="PASS" start="2024-07-14T10:17:02.775503" elapsed="0.000367"/>
</kw>
<kw name="Log" owner="BuiltIn">
<msg time="2024-07-14T10:17:02.776165" level="INFO">password</msg>
<arg>${keyTwo}</arg>
<doc>Logs the given message with the given level.</doc>
<status status="PASS" start="2024-07-14T10:17:02.776046" elapsed="0.000161"/>
</kw>
<var name="${keyTwo}">password</var>
<status status="PASS" start="2024-07-14T10:17:02.774792" elapsed="0.001727"/>
</iter>
<var>${keyTwo}</var>
<value>@{expected_keysTwo}</value>
<status status="PASS" start="2024-07-14T10:17:02.772865" elapsed="0.003774"/>
</for>
<status status="PASS" start="2024-07-14T10:17:02.668626" elapsed="0.108155"/>
</kw>
<doc>Testa a estrutura da resposta da API.</doc>
<tag>testeEstruturaResposta</tag>
<status status="PASS" start="2024-07-14T10:17:02.668019" elapsed="0.108918"/>
</test>
<test id="s1-s1-t4" name="Validar tipos de dados" line="28">
<kw name="Teste de Tipos de Dados" owner="random-user-service">
<kw name="GET On Session" owner="RequestsLibrary">
<msg time="2024-07-14T10:17:02.866021" level="INFO">GET Request : url=https://randomuser.me/api 
 path_url=/api 
 headers={'User-Agent': 'python-requests/2.32.3', 'Accept-Encoding': 'gzip, deflate', 'Accept': '*/*', 'Connection': 'keep-alive'} 
 body=None 
 </msg>
<msg time="2024-07-14T10:17:02.866119" level="INFO">GET Response : url=https://randomuser.me/api 
 status=200, reason=OK 
 headers={'Date': 'Sun, 14 Jul 2024 10:17:02 GMT', 'Content-Type': 'application/json; charset=utf-8', 'Transfer-Encoding': 'chunked', 'Connection': 'keep-alive', 'X-Powered-By': 'Express', 'Access-Control-Allow-Origin': '*', 'Cache-Control': 'no-cache', 'ETag': 'W/"47c-CZXCGTvx4wOX5T/1r9KTikMpKzA"', 'Vary': 'Accept-Encoding', 'Content-Encoding': 'gzip', 'CF-Cache-Status': 'DYNAMIC', 'Report-To': '{"endpoints":[{"url":"https:\\/\\/a.nel.cloudflare.com\\/report\\/v4?s=zQHCxi2cEboXee2Hje5rrF3XUC2wovWRcuctnewTc0psRe1tbX90KKdUHciKy1mno28bUWjDRDnKnOcO3BqefSIGQUO4D7aWgReUC3Jn7t%2FFcEg%2BuGSpoMlPgktcWUPX"}],"group":"cf-nel","max_age":604800}', 'NEL': '{"success_fraction":0,"report_to":"cf-nel","max_age":604800}', 'Server': 'cloudflare', 'CF-RAY': '8a30c2c06c47964a-SJC', 'alt-svc': 'h3=":443"; ma=86400'} 
 body={"results":[{"gender":"male","name":{"title":"Mr","first":"Adam","last":"Singh"},"location":{"street":{"number":184,"name":"Elgin St"},"city":"Alma","state":"British Columbia","country":"Canada","postcode":"N9N 3B6","coordinates":{"latitude":"-71.6451","longitude":"-88.5506"},"timezone":{"offset":"-8:00","description":"Pacific Time (US &amp; Canada)"}},"email":"adam.singh@example.com","login":{"uuid":"0d20702f-6ede-4129-a79b-eabbc2e45c43","username":"organicpanda916","password":"june","salt":"A326fkKy","md5":"21d987308eaa4daf9a80f01def9b6027","sha1":"495a0620d8e43bb558e0bc794f8afd97fd70c3e8","sha256":"7a614ea6ce65d661f81ae22c040a8528e19a30831d1a6c9b7832aa58cfd4a6e9"},"dob":{"date":"1982-08-19T00:14:08.189Z","age":41},"registered":{"date":"2016-10-07T16:11:21.944Z","age":7},"phone":"U19 H37-2258","cell":"M07 A01-9348","id":{"name":"SIN","value":"428699169"},"picture":{"large":"https://randomuser.me/api/portraits/men/69.jpg","medium":"https://randomuser.me/api/portraits/med/men/69.jpg","thumbnail":"https://randomuser.me/api/portraits/thumb/men/69.jpg"},"nat":"CA"}],"info":{"seed":"4c8461f6acf39a23","results":1,"page":1,"version":"1.4"}} 
 </msg>
<msg time="2024-07-14T10:17:02.866201" level="INFO">/opt/hostedtoolcache/Python/3.12.4/x64/lib/python3.12/site-packages/urllib3/connectionpool.py:1099: InsecureRequestWarning: Unverified HTTPS request is being made to host 'randomuser.me'. Adding certificate verification is strongly advised. See: https://urllib3.readthedocs.io/en/latest/advanced-usage.html#tls-warnings
  warnings.warn(</msg>
<msg time="2024-07-14T10:17:02.866343" level="INFO">${response} = &lt;Response [200]&gt;</msg>
<var>${response}</var>
<arg>consultarAPI</arg>
<arg>/api</arg>
<doc>Sends a GET request on a previously created HTTP Session.</doc>
<status status="PASS" start="2024-07-14T10:17:02.779515" elapsed="0.086878"/>
</kw>
<kw name="Set Variable" owner="BuiltIn">
<msg time="2024-07-14T10:17:02.867582" level="INFO">${json_data} = {'results': [{'gender': 'male', 'name': {'title': 'Mr', 'first': 'Adam', 'last': 'Singh'}, 'location': {'street': {'number': 184, 'name': 'Elgin St'}, 'city': 'Alma', 'state': 'British Columbia', 'cou...</msg>
<var>${json_data}</var>
<arg>${response.json()}</arg>
<doc>Returns the given values which can then be assigned to a variables.</doc>
<status status="PASS" start="2024-07-14T10:17:02.866995" elapsed="0.000617"/>
</kw>
<kw name="Log" owner="BuiltIn">
<msg time="2024-07-14T10:17:02.868107" level="INFO">{'results': [{'gender': 'male', 'name': {'title': 'Mr', 'first': 'Adam', 'last': 'Singh'}, 'location': {'street': {'number': 184, 'name': 'Elgin St'}, 'city': 'Alma', 'state': 'British Columbia', 'country': 'Canada', 'postcode': 'N9N 3B6', 'coordinates': {'latitude': '-71.6451', 'longitude': '-88.5506'}, 'timezone': {'offset': '-8:00', 'description': 'Pacific Time (US &amp; Canada)'}}, 'email': 'adam.singh@example.com', 'login': {'uuid': '0d20702f-6ede-4129-a79b-eabbc2e45c43', 'username': 'organicpanda916', 'password': 'june', 'salt': 'A326fkKy', 'md5': '21d987308eaa4daf9a80f01def9b6027', 'sha1': '495a0620d8e43bb558e0bc794f8afd97fd70c3e8', 'sha256': '7a614ea6ce65d661f81ae22c040a8528e19a30831d1a6c9b7832aa58cfd4a6e9'}, 'dob': {'date': '1982-08-19T00:14:08.189Z', 'age': 41}, 'registered': {'date': '2016-10-07T16:11:21.944Z', 'age': 7}, 'phone': 'U19 H37-2258', 'cell': 'M07 A01-9348', 'id': {'name': 'SIN', 'value': '428699169'}, 'picture': {'large': 'https://randomuser.me/api/portraits/men/69.jpg', 'medium': 'https://randomuser.me/api/portraits/med/men/69.jpg', 'thumbnail': 'https://randomuser.me/api/portraits/thumb/men/69.jpg'}, 'nat': 'CA'}], 'info': {'seed': '4c8461f6acf39a23', 'results': 1, 'page': 1, 'version': '1.4'}}</msg>
<arg>${json_data}</arg>
<doc>Logs the given message with the given level.</doc>
<status status="PASS" start="2024-07-14T10:17:02.867945" elapsed="0.000212"/>
</kw>
<kw name="Should Be String" owner="String">
<arg>${json_data['results'][0]['gender']}</arg>
<doc>Fails if the given ``item`` is not a string.</doc>
<status status="PASS" start="2024-07-14T10:17:02.868455" elapsed="0.000370"/>
</kw>
<kw name="Should Match Regexp" owner="BuiltIn">
<arg>${json_data['results'][0]['email']}</arg>
<arg>^[a-zA-Z0-9._%+-]+@[a-zA-Z0-9.-]+\.[a-zA-Z]{2,}$</arg>
<doc>Fails if ``string`` does not match ``pattern`` as a regular expression.</doc>
<status status="PASS" start="2024-07-14T10:17:02.869014" elapsed="0.000561"/>
</kw>
<kw name="Should Match Regexp" owner="BuiltIn">
<arg>${json_data['results'][0]['dob']['date']}</arg>
<arg>\\d{4}-\\d{2}-\\d{2}T\\d{2}:\\d{2}:\\d{2}\\.\\d{3}Z</arg>
<doc>Fails if ``string`` does not match ``pattern`` as a regular expression.</doc>
<status status="PASS" start="2024-07-14T10:17:02.869772" elapsed="0.000481"/>
</kw>
<kw name="Should Match Regexp" owner="BuiltIn">
<arg>${json_data['results'][0]['registered']['date']}</arg>
<arg>\\d{4}-\\d{2}-\\d{2}T\\d{2}:\\d{2}:\\d{2}\\.\\d{3}Z</arg>
<doc>Fails if ``string`` does not match ``pattern`` as a regular expression.</doc>
<status status="PASS" start="2024-07-14T10:17:02.870441" elapsed="0.000383"/>
</kw>
<kw name="Should Match Regexp" owner="BuiltIn">
<arg>${json_data['results'][0]['picture']['large']}</arg>
<arg>^https?://.*\.(?:png|jpe?g|gif|bmp)$</arg>
<doc>Fails if ``string`` does not match ``pattern`` as a regular expression.</doc>
<status status="PASS" start="2024-07-14T10:17:02.871006" elapsed="0.000493"/>
</kw>
<kw name="Should Match Regexp" owner="BuiltIn">
<arg>${json_data['results'][0]['picture']['medium']}</arg>
<arg>^https?://.*\.(?:png|jpe?g|gif|bmp)$</arg>
<doc>Fails if ``string`` does not match ``pattern`` as a regular expression.</doc>
<status status="PASS" start="2024-07-14T10:17:02.871684" elapsed="0.000348"/>
</kw>
<kw name="Should Match Regexp" owner="BuiltIn">
<arg>${json_data['results'][0]['picture']['thumbnail']}</arg>
<arg>^https?://.*\.(?:png|jpe?g|gif|bmp)$</arg>
<doc>Fails if ``string`` does not match ``pattern`` as a regular expression.</doc>
<status status="PASS" start="2024-07-14T10:17:02.872210" elapsed="0.000357"/>
</kw>
<kw name="Log" owner="BuiltIn">
<msg time="2024-07-14T10:17:02.873078" level="INFO">{'large': 'https://randomuser.me/api/portraits/men/69.jpg', 'medium': 'https://randomuser.me/api/portraits/med/men/69.jpg', 'thumbnail': 'https://randomuser.me/api/portraits/thumb/men/69.jpg'}</msg>
<arg>${json_data['results'][0]['picture']}</arg>
<doc>Logs the given message with the given level.</doc>
<status status="PASS" start="2024-07-14T10:17:02.872749" elapsed="0.000372"/>
</kw>
<status status="PASS" start="2024-07-14T10:17:02.779287" elapsed="0.094093"/>
</kw>
<kw name="Teste de Tipos de Dados - Postcode" owner="random-user-service">
<kw name="GET On Session" owner="RequestsLibrary">
<msg time="2024-07-14T10:17:02.967745" level="INFO">GET Request : url=https://randomuser.me/api 
 path_url=/api 
 headers={'User-Agent': 'python-requests/2.32.3', 'Accept-Encoding': 'gzip, deflate', 'Accept': '*/*', 'Connection': 'keep-alive'} 
 body=None 
 </msg>
<msg time="2024-07-14T10:17:02.967817" level="INFO">GET Response : url=https://randomuser.me/api 
 status=200, reason=OK 
 headers={'Date': 'Sun, 14 Jul 2024 10:17:02 GMT', 'Content-Type': 'application/json; charset=utf-8', 'Transfer-Encoding': 'chunked', 'Connection': 'keep-alive', 'X-Powered-By': 'Express', 'Access-Control-Allow-Origin': '*', 'Cache-Control': 'no-cache', 'ETag': 'W/"499-GNwe38T9CqArm/7JzK55xKGRVBA"', 'Vary': 'Accept-Encoding', 'Content-Encoding': 'gzip', 'CF-Cache-Status': 'DYNAMIC', 'Report-To': '{"endpoints":[{"url":"https:\\/\\/a.nel.cloudflare.com\\/report\\/v4?s=lOJYLz0959qzhruD23wXH8Rx%2BHMmOwk%2FiQvkomm7rDFWClhiM3b4YpOtgaJCHJhkLqyhFZ%2BZEoNto5CnDOyEeHw5sxMnx192%2FJki2UltpBa%2FeCSlZz4JsmAKo5XDFLE2"}],"group":"cf-nel","max_age":604800}', 'NEL': '{"success_fraction":0,"report_to":"cf-nel","max_age":604800}', 'Server': 'cloudflare', 'CF-RAY': '8a30c2c0fc8f964a-SJC', 'alt-svc': 'h3=":443"; ma=86400'} 
 body={"results":[{"gender":"female","name":{"title":"Miss","first":"Pallavi","last":"Shukla"},"location":{"street":{"number":6453,"name":"Bandstand Promenade"},"city":"Bharatpur","state":"Jammu and Kashmir","country":"India","postcode":18188,"coordinates":{"latitude":"4.7788","longitude":"132.6410"},"timezone":{"offset":"-8:00","description":"Pacific Time (US &amp; Canada)"}},"email":"pallavi.shukla@example.com","login":{"uuid":"8e32a026-1688-4211-86fc-371ec5aeecb7","username":"silverdog496","password":"yahooo","salt":"zGFjehGz","md5":"0ea501bc7dca679cd6cfb402e37d86b8","sha1":"2ae9f156816cdc896dfc37f294e1589ce134eeec","sha256":"e000777a6b8859fe524898acd0ceb7d18ab2cad7c359844ac6ca73bf07cb24f0"},"dob":{"date":"1948-06-03T16:32:36.974Z","age":76},"registered":{"date":"2020-02-26T10:18:45.779Z","age":4},"phone":"7699774693","cell":"7800514255","id":{"name":"UIDAI","value":"010437111325"},"picture":{"large":"https://randomuser.me/api/portraits/women/77.jpg","medium":"https://randomuser.me/api/portraits/med/women/77.jpg","thumbnail":"https://randomuser.me/api/portraits/thumb/women/77.jpg"},"nat":"IN"}],"info":{"seed":"c56f28e1b292d0d1","results":1,"page":1,"version":"1.4"}} 
 </msg>
<msg time="2024-07-14T10:17:02.967877" level="INFO">/opt/hostedtoolcache/Python/3.12.4/x64/lib/python3.12/site-packages/urllib3/connectionpool.py:1099: InsecureRequestWarning: Unverified HTTPS request is being made to host 'randomuser.me'. Adding certificate verification is strongly advised. See: https://urllib3.readthedocs.io/en/latest/advanced-usage.html#tls-warnings
  warnings.warn(</msg>
<msg time="2024-07-14T10:17:02.967968" level="INFO">${response} = &lt;Response [200]&gt;</msg>
<var>${response}</var>
<arg>consultarAPI</arg>
<arg>/api</arg>
<doc>Sends a GET request on a previously created HTTP Session.</doc>
<status status="PASS" start="2024-07-14T10:17:02.873831" elapsed="0.094178"/>
</kw>
<kw name="Set Variable" owner="BuiltIn">
<msg time="2024-07-14T10:17:02.969047" level="INFO">${json_data} = {'results': [{'gender': 'female', 'name': {'title': 'Miss', 'first': 'Pallavi', 'last': 'Shukla'}, 'location': {'street': {'number': 6453, 'name': 'Bandstand Promenade'}, 'city': 'Bharatpur', 'state':...</msg>
<var>${json_data}</var>
<arg>${response.json()}</arg>
<doc>Returns the given values which can then be assigned to a variables.</doc>
<status status="PASS" start="2024-07-14T10:17:02.968471" elapsed="0.000605"/>
</kw>
<kw name="Log" owner="BuiltIn">
<msg time="2024-07-14T10:17:02.969542" level="INFO">{'results': [{'gender': 'female', 'name': {'title': 'Miss', 'first': 'Pallavi', 'last': 'Shukla'}, 'location': {'street': {'number': 6453, 'name': 'Bandstand Promenade'}, 'city': 'Bharatpur', 'state': 'Jammu and Kashmir', 'country': 'India', 'postcode': 18188, 'coordinates': {'latitude': '4.7788', 'longitude': '132.6410'}, 'timezone': {'offset': '-8:00', 'description': 'Pacific Time (US &amp; Canada)'}}, 'email': 'pallavi.shukla@example.com', 'login': {'uuid': '8e32a026-1688-4211-86fc-371ec5aeecb7', 'username': 'silverdog496', 'password': 'yahooo', 'salt': 'zGFjehGz', 'md5': '0ea501bc7dca679cd6cfb402e37d86b8', 'sha1': '2ae9f156816cdc896dfc37f294e1589ce134eeec', 'sha256': 'e000777a6b8859fe524898acd0ceb7d18ab2cad7c359844ac6ca73bf07cb24f0'}, 'dob': {'date': '1948-06-03T16:32:36.974Z', 'age': 76}, 'registered': {'date': '2020-02-26T10:18:45.779Z', 'age': 4}, 'phone': '7699774693', 'cell': '7800514255', 'id': {'name': 'UIDAI', 'value': '010437111325'}, 'picture': {'large': 'https://randomuser.me/api/portraits/women/77.jpg', 'medium': 'https://randomuser.me/api/portraits/med/women/77.jpg', 'thumbnail': 'https://randomuser.me/api/portraits/thumb/women/77.jpg'}, 'nat': 'IN'}], 'info': {'seed': 'c56f28e1b292d0d1', 'results': 1, 'page': 1, 'version': '1.4'}}</msg>
<arg>${json_data}</arg>
<doc>Logs the given message with the given level.</doc>
<status status="PASS" start="2024-07-14T10:17:02.969387" elapsed="0.000203"/>
</kw>
<kw name="Should Be Equal As Numbers" owner="BuiltIn">
<arg>${json_data['results'][0]['location']['postcode']}</arg>
<arg>${json_data['results'][0]['location']['postcode']}</arg>
<doc>Fails if objects are unequal after converting them to real numbers.</doc>
<status status="PASS" start="2024-07-14T10:17:02.969881" elapsed="0.000625"/>
</kw>
<kw name="Log" owner="BuiltIn">
<msg time="2024-07-14T10:17:02.971213" level="INFO">18188</msg>
<arg>${json_data['results'][0]['location']['postcode']}</arg>
<doc>Logs the given message with the given level.</doc>
<status status="PASS" start="2024-07-14T10:17:02.970696" elapsed="0.000592"/>
</kw>
<status status="PASS" start="2024-07-14T10:17:02.873605" elapsed="0.097952"/>
</kw>
<doc>Testa se os tipos de dados na resposta da API estão corretos.</doc>
<tag>testeTiposDados</tag>
<status status="PASS" start="2024-07-14T10:17:02.778717" elapsed="0.193007"/>
</test>
<test id="s1-s1-t5" name="Validar conteudo" line="35">
<kw name="Teste de Tipos de Conteudo" owner="random-user-service">
<kw name="GET On Session" owner="RequestsLibrary">
<msg time="2024-07-14T10:17:03.073897" level="INFO">GET Request : url=https://randomuser.me/api 
 path_url=/api 
 headers={'User-Agent': 'python-requests/2.32.3', 'Accept-Encoding': 'gzip, deflate', 'Accept': '*/*', 'Connection': 'keep-alive'} 
 body=None 
 </msg>
<msg time="2024-07-14T10:17:03.073985" level="INFO">GET Response : url=https://randomuser.me/api 
 status=200, reason=OK 
 headers={'Date': 'Sun, 14 Jul 2024 10:17:03 GMT', 'Content-Type': 'application/json; charset=utf-8', 'Transfer-Encoding': 'chunked', 'Connection': 'keep-alive', 'X-Powered-By': 'Express', 'Access-Control-Allow-Origin': '*', 'Cache-Control': 'no-cache', 'ETag': 'W/"48b-j5b48VtidWVREYt/X9l3QShZgXY"', 'Vary': 'Accept-Encoding', 'Content-Encoding': 'gzip', 'CF-Cache-Status': 'DYNAMIC', 'Report-To': '{"endpoints":[{"url":"https:\\/\\/a.nel.cloudflare.com\\/report\\/v4?s=QVAL5Bt8gHXq4bE4PE%2FZnHeD%2B6xzGpgicaYEEHHqskC5tSWWwi%2F5Ynq3Er3lK7Z33UpQ9MPNYi9UZLU8kv5L6uGuUkhEBMoTGvKtlYpVKxTMqydsIvlCnDSCJG09piqc"}],"group":"cf-nel","max_age":604800}', 'NEL': '{"success_fraction":0,"report_to":"cf-nel","max_age":604800}', 'Server': 'cloudflare', 'CF-RAY': '8a30c2c19cd8964a-SJC', 'alt-svc': 'h3=":443"; ma=86400'} 
 body={"results":[{"gender":"male","name":{"title":"Mr","first":"Gustav","last":"Eidissen"},"location":{"street":{"number":4998,"name":"Løkkeveien"},"city":"Øyslebø","state":"Hordaland","country":"Norway","postcode":"9455","coordinates":{"latitude":"40.4618","longitude":"-106.2260"},"timezone":{"offset":"+11:00","description":"Magadan, Solomon Islands, New Caledonia"}},"email":"gustav.eidissen@example.com","login":{"uuid":"52f78f5c-542e-45d8-b519-78707d868b42","username":"bigmeercat508","password":"flyfish","salt":"tri4w2I0","md5":"9d7516243eae8f7dddbc77ba27fc3f8a","sha1":"383f86f370ecb9d67fbac8a92df60ce0a26b45d9","sha256":"4c851a859ff64b71711f12e0826ee09282c4f637f985d2886fa1893e50f57843"},"dob":{"date":"1973-03-04T04:17:54.571Z","age":51},"registered":{"date":"2011-10-27T08:48:48.769Z","age":12},"phone":"58535721","cell":"97364230","id":{"name":"FN","value":"04037340532"},"picture":{"large":"https://randomuser.me/api/portraits/men/2.jpg","medium":"https://randomuser.me/api/portraits/med/men/2.jpg","thumbnail":"https://randomuser.me/api/portraits/thumb/men/2.jpg"},"nat":"NO"}],"info":{"seed":"f2d9887d5984dcc3","results":1,"page":1,"version":"1.4"}} 
 </msg>
<msg time="2024-07-14T10:17:03.074052" level="INFO">/opt/hostedtoolcache/Python/3.12.4/x64/lib/python3.12/site-packages/urllib3/connectionpool.py:1099: InsecureRequestWarning: Unverified HTTPS request is being made to host 'randomuser.me'. Adding certificate verification is strongly advised. See: https://urllib3.readthedocs.io/en/latest/advanced-usage.html#tls-warnings
  warnings.warn(</msg>
<msg time="2024-07-14T10:17:03.074148" level="INFO">${response} = &lt;Response [200]&gt;</msg>
<var>${response}</var>
<arg>consultarAPI</arg>
<arg>/api</arg>
<doc>Sends a GET request on a previously created HTTP Session.</doc>
<status status="PASS" start="2024-07-14T10:17:02.974233" elapsed="0.099959"/>
</kw>
<kw name="Set Variable" owner="BuiltIn">
<msg time="2024-07-14T10:17:03.075370" level="INFO">${json_data} = {'results': [{'gender': 'male', 'name': {'title': 'Mr', 'first': 'Gustav', 'last': 'Eidissen'}, 'location': {'street': {'number': 4998, 'name': 'Løkkeveien'}, 'city': 'Øyslebø', 'state': 'Hordaland', ...</msg>
<var>${json_data}</var>
<arg>${response.json()}</arg>
<doc>Returns the given values which can then be assigned to a variables.</doc>
<status status="PASS" start="2024-07-14T10:17:03.074714" elapsed="0.000687"/>
</kw>
<kw name="Set Variable" owner="BuiltIn">
<msg time="2024-07-14T10:17:03.076107" level="INFO">${name_title} = Mr</msg>
<var>${name_title}</var>
<arg>${json_data["results"][0]["name"]["title"]}</arg>
<doc>Returns the given values which can then be assigned to a variables.</doc>
<status status="PASS" start="2024-07-14T10:17:03.075716" elapsed="0.000418"/>
</kw>
<kw name="Create List" owner="BuiltIn">
<msg time="2024-07-14T10:17:03.076589" level="INFO">${allowed_titles} = ['Mr', 'Ms', 'Miss', 'Mrs', 'Madame', 'Monsieur']</msg>
<var>${allowed_titles}</var>
<arg>Mr</arg>
<arg>Ms</arg>
<arg>Miss</arg>
<arg>Mrs</arg>
<arg>Madame</arg>
<arg>Monsieur</arg>
<doc>Returns a list containing given items.</doc>
<status status="PASS" start="2024-07-14T10:17:03.076438" elapsed="0.000176"/>
</kw>
<kw name="List Should Contain Value" owner="Collections">
<arg>${allowed_titles}</arg>
<arg>${name_title}</arg>
<doc>Fails if the ``value`` is not found from ``list``.</doc>
<status status="PASS" start="2024-07-14T10:17:03.076922" elapsed="0.000179"/>
</kw>
<kw name="Set Variable" owner="BuiltIn">
<msg time="2024-07-14T10:17:03.077653" level="INFO">${name_country} = NO</msg>
<var>${name_country}</var>
<arg>${json_data["results"][0]["nat"]}</arg>
<doc>Returns the given values which can then be assigned to a variables.</doc>
<status status="PASS" start="2024-07-14T10:17:03.077285" elapsed="0.000393"/>
</kw>
<kw name="Create List" owner="BuiltIn">
<msg time="2024-07-14T10:17:03.078561" level="INFO">${list_country} = ['AD', 'AE', 'AF', 'AG', 'AI', 'AL', 'AM', 'AO', 'AQ', 'AR', 'AS', 'AT', 'AU', 'AW', 'AX', 'AZ', 'BA', 'BB', 'BD', 'BE', 'BF', 'BG', 'BH', 'BI', 'BJ', 'BL', 'BM', 'BN', 'BO', 'BQ', 'BR', 'BS', 'BT', '...</msg>
<var>${list_country}</var>
<arg>AD</arg>
<arg>AE</arg>
<arg>AF</arg>
<arg>AG</arg>
<arg>AI</arg>
<arg>AL</arg>
<arg>AM</arg>
<arg>AO</arg>
<arg>AQ</arg>
<arg>AR</arg>
<arg>AS</arg>
<arg>AT</arg>
<arg>AU</arg>
<arg>AW</arg>
<arg>AX</arg>
<arg>AZ</arg>
<arg>BA</arg>
<arg>BB</arg>
<arg>BD</arg>
<arg>BE</arg>
<arg>BF</arg>
<arg>BG</arg>
<arg>BH</arg>
<arg>BI</arg>
<arg>BJ</arg>
<arg>BL</arg>
<arg>BM</arg>
<arg>BN</arg>
<arg>BO</arg>
<arg>BQ</arg>
<arg>BR</arg>
<arg>BS</arg>
<arg>BT</arg>
<arg>BV</arg>
<arg>BW</arg>
<arg>BY</arg>
<arg>BZ</arg>
<arg>CA</arg>
<arg>CC</arg>
<arg>CD</arg>
<arg>CF</arg>
<arg>CG</arg>
<arg>CH</arg>
<arg>CI</arg>
<arg>CK</arg>
<arg>CL</arg>
<arg>CM</arg>
<arg>CN</arg>
<arg>CO</arg>
<arg>CR</arg>
<arg>CU</arg>
<arg>CV</arg>
<arg>CW</arg>
<arg>CX</arg>
<arg>CY</arg>
<arg>CZ</arg>
<arg>DE</arg>
<arg>DJ</arg>
<arg>DK</arg>
<arg>DM</arg>
<arg>DO</arg>
<arg>DZ</arg>
<arg>EC</arg>
<arg>EE</arg>
<arg>EG</arg>
<arg>EH</arg>
<arg>ER</arg>
<arg>ES</arg>
<arg>ET</arg>
<arg>FI</arg>
<arg>FJ</arg>
<arg>FK</arg>
<arg>FM</arg>
<arg>FO</arg>
<arg>FR</arg>
<arg>GA</arg>
<arg>GB</arg>
<arg>GD</arg>
<arg>GE</arg>
<arg>GF</arg>
<arg>GG</arg>
<arg>GH</arg>
<arg>GI</arg>
<arg>GL</arg>
<arg>GM</arg>
<arg>GN</arg>
<arg>GP</arg>
<arg>GQ</arg>
<arg>GR</arg>
<arg>GS</arg>
<arg>GT</arg>
<arg>GU</arg>
<arg>GW</arg>
<arg>GY</arg>
<arg>HK</arg>
<arg>HM</arg>
<arg>HN</arg>
<arg>HR</arg>
<arg>HT</arg>
<arg>HU</arg>
<arg>ID</arg>
<arg>IE</arg>
<arg>IL</arg>
<arg>IM</arg>
<arg>IN</arg>
<arg>IO</arg>
<arg>IQ</arg>
<arg>IR</arg>
<arg>IS</arg>
<arg>IT</arg>
<arg>JE</arg>
<arg>JM</arg>
<arg>JO</arg>
<arg>JP</arg>
<arg>KE</arg>
<arg>KG</arg>
<arg>KH</arg>
<arg>KI</arg>
<arg>KM</arg>
<arg>KN</arg>
<arg>KP</arg>
<arg>KR</arg>
<arg>KW</arg>
<arg>KY</arg>
<arg>KZ</arg>
<arg>LA</arg>
<arg>LB</arg>
<arg>LC</arg>
<arg>LI</arg>
<arg>LK</arg>
<arg>LR</arg>
<arg>LS</arg>
<arg>LT</arg>
<arg>LU</arg>
<arg>LV</arg>
<arg>LY</arg>
<arg>MA</arg>
<arg>MC</arg>
<arg>MD</arg>
<arg>ME</arg>
<arg>MF</arg>
<arg>MG</arg>
<arg>MH</arg>
<arg>MK</arg>
<arg>ML</arg>
<arg>MM</arg>
<arg>MN</arg>
<arg>MO</arg>
<arg>MP</arg>
<arg>MQ</arg>
<arg>MR</arg>
<arg>MS</arg>
<arg>MT</arg>
<arg>MU</arg>
<arg>MV</arg>
<arg>MW</arg>
<arg>MX</arg>
<arg>MY</arg>
<arg>MZ</arg>
<arg>NA</arg>
<arg>NC</arg>
<arg>NE</arg>
<arg>NF</arg>
<arg>NG</arg>
<arg>NI</arg>
<arg>NL</arg>
<arg>NO</arg>
<arg>NP</arg>
<arg>NR</arg>
<arg>NU</arg>
<arg>NZ</arg>
<arg>OM</arg>
<arg>PA</arg>
<arg>PE</arg>
<arg>PF</arg>
<arg>PG</arg>
<arg>PH</arg>
<arg>PK</arg>
<arg>PL</arg>
<arg>PM</arg>
<arg>PN</arg>
<arg>PR</arg>
<arg>PS</arg>
<arg>PT</arg>
<arg>PW</arg>
<arg>PY</arg>
<arg>QA</arg>
<arg>RE</arg>
<arg>RO</arg>
<arg>RS</arg>
<arg>RU</arg>
<arg>RW</arg>
<arg>SA</arg>
<arg>SB</arg>
<arg>SC</arg>
<arg>SD</arg>
<arg>SE</arg>
<arg>SG</arg>
<arg>SH</arg>
<arg>SI</arg>
<arg>SJ</arg>
<arg>SK</arg>
<arg>SL</arg>
<arg>SM</arg>
<arg>SN</arg>
<arg>SO</arg>
<arg>SR</arg>
<arg>SS</arg>
<arg>ST</arg>
<arg>SV</arg>
<arg>SX</arg>
<arg>SY</arg>
<arg>SZ</arg>
<arg>TC</arg>
<arg>TD</arg>
<arg>TF</arg>
<arg>TG</arg>
<arg>TH</arg>
<arg>TJ</arg>
<arg>TK</arg>
<arg>TL</arg>
<arg>TM</arg>
<arg>TN</arg>
<arg>TO</arg>
<arg>TR</arg>
<arg>TT</arg>
<arg>TV</arg>
<arg>TW</arg>
<arg>TZ</arg>
<arg>UA</arg>
<arg>UG</arg>
<arg>UM</arg>
<arg>US</arg>
<arg>UY</arg>
<arg>UZ</arg>
<arg>VA</arg>
<arg>VC</arg>
<arg>VE</arg>
<arg>VG</arg>
<arg>VI</arg>
<arg>VN</arg>
<arg>VU</arg>
<arg>WF</arg>
<arg>WS</arg>
<arg>XK</arg>
<arg>YE</arg>
<arg>YT</arg>
<arg>ZA</arg>
<arg>ZM</arg>
<arg>ZW</arg>
<doc>Returns a list containing given items.</doc>
<status status="PASS" start="2024-07-14T10:17:03.077968" elapsed="0.000618"/>
</kw>
<kw name="List Should Contain Value" owner="Collections">
<arg>${list_country}</arg>
<arg>${name_country}</arg>
<doc>Fails if the ``value`` is not found from ``list``.</doc>
<status status="PASS" start="2024-07-14T10:17:03.079417" elapsed="0.000208"/>
</kw>
<kw name="Run Keyword If" owner="BuiltIn">
<kw name="Should Be True" owner="BuiltIn">
<arg>${True}</arg>
<doc>Fails if the given condition is not true.</doc>
<status status="PASS" start="2024-07-14T10:17:03.080554" elapsed="0.000142"/>
</kw>
<arg>${json_data["results"][0]["location"]["coordinates"]["latitude"]} &gt;= -90 and ${json_data["results"][0]["location"]["coordinates"]["latitude"]} &lt;= 90</arg>
<arg>Should Be True</arg>
<arg>${True}</arg>
<doc>Runs the given keyword with the given arguments, if ``condition`` is true.</doc>
<status status="PASS" start="2024-07-14T10:17:03.079821" elapsed="0.001003"/>
</kw>
<kw name="Run Keyword If" owner="BuiltIn">
<kw name="Should Be True" owner="BuiltIn">
<arg>${True}</arg>
<doc>Fails if the given condition is not true.</doc>
<status status="PASS" start="2024-07-14T10:17:03.081709" elapsed="0.000245"/>
</kw>
<arg>${json_data["results"][0]["location"]["coordinates"]["longitude"]} &gt;= -180 and ${json_data["results"][0]["location"]["coordinates"]["longitude"]} &lt;= 180</arg>
<arg>Should Be True</arg>
<arg>${True}</arg>
<doc>Runs the given keyword with the given arguments, if ``condition`` is true.</doc>
<status status="PASS" start="2024-07-14T10:17:03.081006" elapsed="0.001079"/>
</kw>
<status status="PASS" start="2024-07-14T10:17:02.974012" elapsed="0.108207"/>
</kw>
<doc>Testa o conteúdo específico dos campos retornados pela API.</doc>
<tag>testeConteudo</tag>
<status status="PASS" start="2024-07-14T10:17:02.973479" elapsed="0.108893"/>
</test>
<status status="PASS" start="2024-07-14T10:17:02.208614" elapsed="0.875817"/>
</suite>
<status status="PASS" start="2024-07-14T10:17:02.194198" elapsed="0.895278"/>
</suite>
<statistics>
<total>
<stat pass="5" fail="0" skip="0">All Tests</stat>
</total>
<tag>
<stat pass="1" fail="0" skip="0">testeConteudo</stat>
<stat pass="1" fail="0" skip="0">testeEstruturaResposta</stat>
<stat pass="1" fail="0" skip="0">testeRequisicaoBasica</stat>
<stat pass="1" fail="0" skip="0">testeTiposDados</stat>
</tag>
<suite>
<stat pass="5" fail="0" skip="0" id="s1" name="Tests">Tests</stat>
<stat pass="5" fail="0" skip="0" id="s1-s1" name="Random-User-Test">Tests.Random-User-Test</stat>
</suite>
</statistics>
<errors>
</errors>
</robot>
