<?xml version="1.0" encoding="UTF-8"?>
<robot generator="Robot 7.0.1 (Python 3.12.4 on linux)" generated="2024-08-09T02:36:14.995994" rpa="false" schemaversion="5">
<suite id="s1" name="Tests" source="/home/runner/work/ApiRandomUser/ApiRandomUser/RamdonUser/tests">
<suite id="s1-s1" name="Random-User-Test" source="/home/runner/work/ApiRandomUser/ApiRandomUser/RamdonUser/tests/random-user-test.robot">
<test id="s1-s1-t1" name="Conectar" line="13">
<kw name="Conectar API" owner="random-user-service">
<kw name="Create Session" owner="RequestsLibrary">
<msg time="2024-08-09T02:36:15.396218" level="INFO">Creating Session using : alias=consultarAPI, url=https://randomuser.me/, headers={},                     cookies={}, auth=None, timeout=None, proxies=None, verify=False,                     debug=0 </msg>
<arg>consultarAPI</arg>
<arg>${URL}</arg>
<doc>Create Session: create a HTTP session to a server</doc>
<status status="PASS" start="2024-08-09T02:36:15.395985" elapsed="0.000409"/>
</kw>
<status status="PASS" start="2024-08-09T02:36:15.394929" elapsed="0.001829"/>
</kw>
<status status="PASS" start="2024-08-09T02:36:15.394375" elapsed="0.002580"/>
</test>
<test id="s1-s1-t2" name="Validar retorno 200 e JSON Válido" line="16">
<kw name="Teste de Requisicao Basica" owner="random-user-service">
<kw name="GET On Session" owner="RequestsLibrary">
<msg time="2024-08-09T02:36:15.617840" level="INFO">GET Request : url=https://randomuser.me/api 
 path_url=/api 
 headers={'User-Agent': 'python-requests/2.32.3', 'Accept-Encoding': 'gzip, deflate', 'Accept': '*/*', 'Connection': 'keep-alive'} 
 body=None 
 </msg>
<msg time="2024-08-09T02:36:15.618029" level="INFO">GET Response : url=https://randomuser.me/api 
 status=200, reason=OK 
 headers={'Date': 'Fri, 09 Aug 2024 02:36:15 GMT', 'Content-Type': 'application/json; charset=utf-8', 'Transfer-Encoding': 'chunked', 'Connection': 'keep-alive', 'X-Powered-By': 'Express', 'Access-Control-Allow-Origin': '*', 'Cache-Control': 'no-cache', 'ETag': 'W/"486-BUBIRjbJtsf/CTpSO/szJmKO8iw"', 'Vary': 'Accept-Encoding', 'Content-Encoding': 'gzip', 'CF-Cache-Status': 'DYNAMIC', 'Report-To': '{"endpoints":[{"url":"https:\\/\\/a.nel.cloudflare.com\\/report\\/v4?s=eQHWYDsLOOpy6qk5FY27zTk%2FRv7tuSBpJiKnyNssUvLneR7k0DZ07wnSwSuoipyWzdmGo9PGupI77%2BKZQs7gVPYzdRZzpeXW98GohZX5x4vNXT6LnDNX2r41kuKztbKX"}],"group":"cf-nel","max_age":604800}', 'NEL': '{"success_fraction":0,"report_to":"cf-nel","max_age":604800}', 'Server': 'cloudflare', 'CF-RAY': '8b045b850991fae7-SJC', 'alt-svc': 'h3=":443"; ma=86400'} 
 body={"results":[{"gender":"male","name":{"title":"Mr","first":"Soren","last":"Perrin"},"location":{"street":{"number":4104,"name":"Rue Abel-Hovelacque"},"city":"Saint-Denis","state":"Haute-Saône","country":"France","postcode":92875,"coordinates":{"latitude":"-20.9818","longitude":"-68.9446"},"timezone":{"offset":"+3:30","description":"Tehran"}},"email":"soren.perrin@example.com","login":{"uuid":"ec965c6e-a0a8-48a4-b251-4c998027498c","username":"greenbird355","password":"benjamin","salt":"MaOFFMsS","md5":"264af7993a00be0b33554c2fe909b4a5","sha1":"300106bedf91a01daa1a18fa28c515fd8b64ad74","sha256":"79a17e58ad852dc78e7984973651ea9054fe35494ade22788b02ffc5724f166b"},"dob":{"date":"1990-01-15T08:19:58.562Z","age":34},"registered":{"date":"2013-10-16T12:48:18.534Z","age":10},"phone":"03-01-42-65-87","cell":"06-11-05-45-55","id":{"name":"INSEE","value":"1900023810807 76"},"picture":{"large":"https://randomuser.me/api/portraits/men/62.jpg","medium":"https://randomuser.me/api/portraits/med/men/62.jpg","thumbnail":"https://randomuser.me/api/portraits/thumb/men/62.jpg"},"nat":"FR"}],"info":{"seed":"d163fe6edcd765b4","results":1,"page":1,"version":"1.4"}} 
 </msg>
<msg time="2024-08-09T02:36:15.618114" level="INFO">/opt/hostedtoolcache/Python/3.12.4/x64/lib/python3.12/site-packages/urllib3/connectionpool.py:1099: InsecureRequestWarning: Unverified HTTPS request is being made to host 'randomuser.me'. Adding certificate verification is strongly advised. See: https://urllib3.readthedocs.io/en/latest/advanced-usage.html#tls-warnings
  warnings.warn(</msg>
<msg time="2024-08-09T02:36:15.618272" level="INFO">${response} = &lt;Response [200]&gt;</msg>
<var>${response}</var>
<arg>consultarAPI</arg>
<arg>/api</arg>
<doc>Sends a GET request on a previously created HTTP Session.</doc>
<status status="PASS" start="2024-08-09T02:36:15.399576" elapsed="0.218739"/>
</kw>
<kw name="Should Be Equal As Numbers" owner="BuiltIn">
<msg time="2024-08-09T02:36:15.619476" level="INFO">Argument types are:
&lt;class 'int'&gt;
&lt;class 'str'&gt;</msg>
<arg>${response.status_code}</arg>
<arg>200</arg>
<doc>Fails if objects are unequal after converting them to real numbers.</doc>
<status status="PASS" start="2024-08-09T02:36:15.618980" elapsed="0.000564"/>
</kw>
<kw name="Log" owner="BuiltIn">
<msg time="2024-08-09T02:36:15.620302" level="INFO">200</msg>
<arg>${response.status_code}</arg>
<doc>Logs the given message with the given level.</doc>
<status status="PASS" start="2024-08-09T02:36:15.619886" elapsed="0.000462"/>
</kw>
<kw name="Set Variable" owner="BuiltIn">
<msg time="2024-08-09T02:36:15.621115" level="INFO">${json_data} = {'results': [{'gender': 'male', 'name': {'title': 'Mr', 'first': 'Soren', 'last': 'Perrin'}, 'location': {'street': {'number': 4104, 'name': 'Rue Abel-Hovelacque'}, 'city': 'Saint-Denis', 'state': 'Ha...</msg>
<var>${json_data}</var>
<arg>${response.json()}</arg>
<doc>Returns the given values which can then be assigned to a variables.</doc>
<status status="PASS" start="2024-08-09T02:36:15.620665" elapsed="0.000479"/>
</kw>
<kw name="Dictionary Should Contain Key" owner="Collections">
<arg>${json_data}</arg>
<arg>results</arg>
<doc>Fails if ``key`` is not found from ``dictionary``.</doc>
<status status="PASS" start="2024-08-09T02:36:15.621456" elapsed="0.000345"/>
</kw>
<status status="PASS" start="2024-08-09T02:36:15.399327" elapsed="0.222634"/>
</kw>
<doc>Testa se a API responde corretamente e retorna um objeto JSON válido.</doc>
<tag>testeRequisicaoBasica</tag>
<status status="PASS" start="2024-08-09T02:36:15.398857" elapsed="0.223281"/>
</test>
<test id="s1-s1-t3" name="Validar estrutura de resposta" line="22">
<kw name="Teste de Estrutura de Resposta" owner="random-user-service">
<kw name="GET On Session" owner="RequestsLibrary">
<msg time="2024-08-09T02:36:15.715250" level="INFO">GET Request : url=https://randomuser.me/api 
 path_url=/api 
 headers={'User-Agent': 'python-requests/2.32.3', 'Accept-Encoding': 'gzip, deflate', 'Accept': '*/*', 'Connection': 'keep-alive'} 
 body=None 
 </msg>
<msg time="2024-08-09T02:36:15.715330" level="INFO">GET Response : url=https://randomuser.me/api 
 status=200, reason=OK 
 headers={'Date': 'Fri, 09 Aug 2024 02:36:15 GMT', 'Content-Type': 'application/json; charset=utf-8', 'Transfer-Encoding': 'chunked', 'Connection': 'keep-alive', 'X-Powered-By': 'Express', 'Access-Control-Allow-Origin': '*', 'Cache-Control': 'no-cache', 'ETag': 'W/"4a6-a54ewi/RkS1gGXKMJpTM5rKh8H4"', 'Vary': 'Accept-Encoding', 'Content-Encoding': 'gzip', 'CF-Cache-Status': 'DYNAMIC', 'Report-To': '{"endpoints":[{"url":"https:\\/\\/a.nel.cloudflare.com\\/report\\/v4?s=igJdQ5MS%2FtCMjWAqbMjIcVdrxF5u4T09zttDyLI9u%2BH58qYYEA44dHB95ivpEcyxoeS4toOWckWRoRFyJbev8z5SsBGzyaggyLavCImbsjEdt4oxpFilEGI%2B2neDcgiI"}],"group":"cf-nel","max_age":604800}', 'NEL': '{"success_fraction":0,"report_to":"cf-nel","max_age":604800}', 'Server': 'cloudflare', 'CF-RAY': '8b045b85a9fdfae7-SJC', 'alt-svc': 'h3=":443"; ma=86400'} 
 body={"results":[{"gender":"female","name":{"title":"Miss","first":"Lena","last":"Lawrence"},"location":{"street":{"number":613,"name":"Lone Wolf Trail"},"city":"Springfield","state":"Alabama","country":"United States","postcode":99385,"coordinates":{"latitude":"86.3877","longitude":"52.2135"},"timezone":{"offset":"+10:00","description":"Eastern Australia, Guam, Vladivostok"}},"email":"lena.lawrence@example.com","login":{"uuid":"985f07d0-f923-43b2-9530-ed11d50a9bd7","username":"angrytiger834","password":"charlott","salt":"KiolRkKv","md5":"0dbca5221158496931b48fab57151e27","sha1":"871012f52dd8fa4edd9df658eee95cc5c8ce3dc8","sha256":"21167cba1efd3a8a8cbe2f8fe5976c3aef20dab1a85eff3ca5428ab4b6fc2ffa"},"dob":{"date":"1948-04-28T00:43:17.941Z","age":76},"registered":{"date":"2003-10-28T11:26:05.280Z","age":20},"phone":"(406) 668-4584","cell":"(824) 740-0390","id":{"name":"SSN","value":"415-18-4736"},"picture":{"large":"https://randomuser.me/api/portraits/women/80.jpg","medium":"https://randomuser.me/api/portraits/med/women/80.jpg","thumbnail":"https://randomuser.me/api/portraits/thumb/women/80.jpg"},"nat":"US"}],"info":{"seed":"2bf756f0477f217b","results":1,"page":1,"version":"1.4"}} 
 </msg>
<msg time="2024-08-09T02:36:15.715433" level="INFO">/opt/hostedtoolcache/Python/3.12.4/x64/lib/python3.12/site-packages/urllib3/connectionpool.py:1099: InsecureRequestWarning: Unverified HTTPS request is being made to host 'randomuser.me'. Adding certificate verification is strongly advised. See: https://urllib3.readthedocs.io/en/latest/advanced-usage.html#tls-warnings
  warnings.warn(</msg>
<msg time="2024-08-09T02:36:15.715553" level="INFO">${response} = &lt;Response [200]&gt;</msg>
<var>${response}</var>
<arg>consultarAPI</arg>
<arg>/api</arg>
<doc>Sends a GET request on a previously created HTTP Session.</doc>
<status status="PASS" start="2024-08-09T02:36:15.624844" elapsed="0.090750"/>
</kw>
<kw name="Set Variable" owner="BuiltIn">
<msg time="2024-08-09T02:36:15.716654" level="INFO">${json_data} = {'results': [{'gender': 'female', 'name': {'title': 'Miss', 'first': 'Lena', 'last': 'Lawrence'}, 'location': {'street': {'number': 613, 'name': 'Lone Wolf Trail'}, 'city': 'Springfield', 'state': 'Al...</msg>
<var>${json_data}</var>
<arg>${response.json()}</arg>
<doc>Returns the given values which can then be assigned to a variables.</doc>
<status status="PASS" start="2024-08-09T02:36:15.716100" elapsed="0.000584"/>
</kw>
<kw name="Log" owner="BuiltIn">
<msg time="2024-08-09T02:36:15.717162" level="INFO">{'results': [{'gender': 'female', 'name': {'title': 'Miss', 'first': 'Lena', 'last': 'Lawrence'}, 'location': {'street': {'number': 613, 'name': 'Lone Wolf Trail'}, 'city': 'Springfield', 'state': 'Alabama', 'country': 'United States', 'postcode': 99385, 'coordinates': {'latitude': '86.3877', 'longitude': '52.2135'}, 'timezone': {'offset': '+10:00', 'description': 'Eastern Australia, Guam, Vladivostok'}}, 'email': 'lena.lawrence@example.com', 'login': {'uuid': '985f07d0-f923-43b2-9530-ed11d50a9bd7', 'username': 'angrytiger834', 'password': 'charlott', 'salt': 'KiolRkKv', 'md5': '0dbca5221158496931b48fab57151e27', 'sha1': '871012f52dd8fa4edd9df658eee95cc5c8ce3dc8', 'sha256': '21167cba1efd3a8a8cbe2f8fe5976c3aef20dab1a85eff3ca5428ab4b6fc2ffa'}, 'dob': {'date': '1948-04-28T00:43:17.941Z', 'age': 76}, 'registered': {'date': '2003-10-28T11:26:05.280Z', 'age': 20}, 'phone': '(406) 668-4584', 'cell': '(824) 740-0390', 'id': {'name': 'SSN', 'value': '415-18-4736'}, 'picture': {'large': 'https://randomuser.me/api/portraits/women/80.jpg', 'medium': 'https://randomuser.me/api/portraits/med/women/80.jpg', 'thumbnail': 'https://randomuser.me/api/portraits/thumb/women/80.jpg'}, 'nat': 'US'}], 'info': {'seed': '2bf756f0477f217b', 'results': 1, 'page': 1, 'version': '1.4'}}</msg>
<arg>${json_data}</arg>
<doc>Logs the given message with the given level.</doc>
<status status="PASS" start="2024-08-09T02:36:15.717001" elapsed="0.000208"/>
</kw>
<kw name="Dictionary Should Contain Key" owner="Collections">
<arg>${json_data}</arg>
<arg>results</arg>
<doc>Fails if ``key`` is not found from ``dictionary``.</doc>
<status status="PASS" start="2024-08-09T02:36:15.717502" elapsed="0.000165"/>
</kw>
<kw name="Should Not Be Empty" owner="BuiltIn">
<msg time="2024-08-09T02:36:15.717978" level="INFO">Length is 2.</msg>
<arg>${json_data}</arg>
<doc>Verifies that the given item is not empty.</doc>
<status status="PASS" start="2024-08-09T02:36:15.717850" elapsed="0.000167"/>
</kw>
<kw name="Create List" owner="BuiltIn">
<msg time="2024-08-09T02:36:15.718466" level="INFO">${expected_keys} = ['gender', 'name', 'location', 'email', 'login']</msg>
<var>${expected_keys}</var>
<arg>gender</arg>
<arg>name</arg>
<arg>location</arg>
<arg>email</arg>
<arg>login</arg>
<doc>Returns a list containing given items.</doc>
<status status="PASS" start="2024-08-09T02:36:15.718315" elapsed="0.000176"/>
</kw>
<for flavor="IN">
<iter>
<kw name="Dictionary Should Contain Key" owner="Collections">
<arg>${json_data['results'][0]}</arg>
<arg>${key}</arg>
<doc>Fails if ``key`` is not found from ``dictionary``.</doc>
<status status="PASS" start="2024-08-09T02:36:15.719082" elapsed="0.000416"/>
</kw>
<kw name="Log" owner="BuiltIn">
<msg time="2024-08-09T02:36:15.720093" level="INFO">{'gender': 'female', 'name': {'title': 'Miss', 'first': 'Lena', 'last': 'Lawrence'}, 'location': {'street': {'number': 613, 'name': 'Lone Wolf Trail'}, 'city': 'Springfield', 'state': 'Alabama', 'country': 'United States', 'postcode': 99385, 'coordinates': {'latitude': '86.3877', 'longitude': '52.2135'}, 'timezone': {'offset': '+10:00', 'description': 'Eastern Australia, Guam, Vladivostok'}}, 'email': 'lena.lawrence@example.com', 'login': {'uuid': '985f07d0-f923-43b2-9530-ed11d50a9bd7', 'username': 'angrytiger834', 'password': 'charlott', 'salt': 'KiolRkKv', 'md5': '0dbca5221158496931b48fab57151e27', 'sha1': '871012f52dd8fa4edd9df658eee95cc5c8ce3dc8', 'sha256': '21167cba1efd3a8a8cbe2f8fe5976c3aef20dab1a85eff3ca5428ab4b6fc2ffa'}, 'dob': {'date': '1948-04-28T00:43:17.941Z', 'age': 76}, 'registered': {'date': '2003-10-28T11:26:05.280Z', 'age': 20}, 'phone': '(406) 668-4584', 'cell': '(824) 740-0390', 'id': {'name': 'SSN', 'value': '415-18-4736'}, 'picture': {'large': 'https://randomuser.me/api/portraits/women/80.jpg', 'medium': 'https://randomuser.me/api/portraits/med/women/80.jpg', 'thumbnail': 'https://randomuser.me/api/portraits/thumb/women/80.jpg'}, 'nat': 'US'}</msg>
<arg>${json_data['results'][0]}</arg>
<doc>Logs the given message with the given level.</doc>
<status status="PASS" start="2024-08-09T02:36:15.719691" elapsed="0.000458"/>
</kw>
<kw name="Log" owner="BuiltIn">
<msg time="2024-08-09T02:36:15.720588" level="INFO">gender</msg>
<arg>${key}</arg>
<doc>Logs the given message with the given level.</doc>
<status status="PASS" start="2024-08-09T02:36:15.720454" elapsed="0.000173"/>
</kw>
<var name="${key}">gender</var>
<status status="PASS" start="2024-08-09T02:36:15.718954" elapsed="0.001895"/>
</iter>
<iter>
<kw name="Dictionary Should Contain Key" owner="Collections">
<arg>${json_data['results'][0]}</arg>
<arg>${key}</arg>
<doc>Fails if ``key`` is not found from ``dictionary``.</doc>
<status status="PASS" start="2024-08-09T02:36:15.721173" elapsed="0.000398"/>
</kw>
<kw name="Log" owner="BuiltIn">
<msg time="2024-08-09T02:36:15.722310" level="INFO">{'gender': 'female', 'name': {'title': 'Miss', 'first': 'Lena', 'last': 'Lawrence'}, 'location': {'street': {'number': 613, 'name': 'Lone Wolf Trail'}, 'city': 'Springfield', 'state': 'Alabama', 'country': 'United States', 'postcode': 99385, 'coordinates': {'latitude': '86.3877', 'longitude': '52.2135'}, 'timezone': {'offset': '+10:00', 'description': 'Eastern Australia, Guam, Vladivostok'}}, 'email': 'lena.lawrence@example.com', 'login': {'uuid': '985f07d0-f923-43b2-9530-ed11d50a9bd7', 'username': 'angrytiger834', 'password': 'charlott', 'salt': 'KiolRkKv', 'md5': '0dbca5221158496931b48fab57151e27', 'sha1': '871012f52dd8fa4edd9df658eee95cc5c8ce3dc8', 'sha256': '21167cba1efd3a8a8cbe2f8fe5976c3aef20dab1a85eff3ca5428ab4b6fc2ffa'}, 'dob': {'date': '1948-04-28T00:43:17.941Z', 'age': 76}, 'registered': {'date': '2003-10-28T11:26:05.280Z', 'age': 20}, 'phone': '(406) 668-4584', 'cell': '(824) 740-0390', 'id': {'name': 'SSN', 'value': '415-18-4736'}, 'picture': {'large': 'https://randomuser.me/api/portraits/women/80.jpg', 'medium': 'https://randomuser.me/api/portraits/med/women/80.jpg', 'thumbnail': 'https://randomuser.me/api/portraits/thumb/women/80.jpg'}, 'nat': 'US'}</msg>
<arg>${json_data['results'][0]}</arg>
<doc>Logs the given message with the given level.</doc>
<status status="PASS" start="2024-08-09T02:36:15.721758" elapsed="0.000605"/>
</kw>
<kw name="Log" owner="BuiltIn">
<msg time="2024-08-09T02:36:15.722808" level="INFO">name</msg>
<arg>${key}</arg>
<doc>Logs the given message with the given level.</doc>
<status status="PASS" start="2024-08-09T02:36:15.722675" elapsed="0.000172"/>
</kw>
<var name="${key}">name</var>
<status status="PASS" start="2024-08-09T02:36:15.721043" elapsed="0.002023"/>
</iter>
<iter>
<kw name="Dictionary Should Contain Key" owner="Collections">
<arg>${json_data['results'][0]}</arg>
<arg>${key}</arg>
<doc>Fails if ``key`` is not found from ``dictionary``.</doc>
<status status="PASS" start="2024-08-09T02:36:15.723356" elapsed="0.000389"/>
</kw>
<kw name="Log" owner="BuiltIn">
<msg time="2024-08-09T02:36:15.724323" level="INFO">{'gender': 'female', 'name': {'title': 'Miss', 'first': 'Lena', 'last': 'Lawrence'}, 'location': {'street': {'number': 613, 'name': 'Lone Wolf Trail'}, 'city': 'Springfield', 'state': 'Alabama', 'country': 'United States', 'postcode': 99385, 'coordinates': {'latitude': '86.3877', 'longitude': '52.2135'}, 'timezone': {'offset': '+10:00', 'description': 'Eastern Australia, Guam, Vladivostok'}}, 'email': 'lena.lawrence@example.com', 'login': {'uuid': '985f07d0-f923-43b2-9530-ed11d50a9bd7', 'username': 'angrytiger834', 'password': 'charlott', 'salt': 'KiolRkKv', 'md5': '0dbca5221158496931b48fab57151e27', 'sha1': '871012f52dd8fa4edd9df658eee95cc5c8ce3dc8', 'sha256': '21167cba1efd3a8a8cbe2f8fe5976c3aef20dab1a85eff3ca5428ab4b6fc2ffa'}, 'dob': {'date': '1948-04-28T00:43:17.941Z', 'age': 76}, 'registered': {'date': '2003-10-28T11:26:05.280Z', 'age': 20}, 'phone': '(406) 668-4584', 'cell': '(824) 740-0390', 'id': {'name': 'SSN', 'value': '415-18-4736'}, 'picture': {'large': 'https://randomuser.me/api/portraits/women/80.jpg', 'medium': 'https://randomuser.me/api/portraits/med/women/80.jpg', 'thumbnail': 'https://randomuser.me/api/portraits/thumb/women/80.jpg'}, 'nat': 'US'}</msg>
<arg>${json_data['results'][0]}</arg>
<doc>Logs the given message with the given level.</doc>
<status status="PASS" start="2024-08-09T02:36:15.723929" elapsed="0.000444"/>
</kw>
<kw name="Log" owner="BuiltIn">
<msg time="2024-08-09T02:36:15.724818" level="INFO">location</msg>
<arg>${key}</arg>
<doc>Logs the given message with the given level.</doc>
<status status="PASS" start="2024-08-09T02:36:15.724681" elapsed="0.000176"/>
</kw>
<var name="${key}">location</var>
<status status="PASS" start="2024-08-09T02:36:15.723246" elapsed="0.001832"/>
</iter>
<iter>
<kw name="Dictionary Should Contain Key" owner="Collections">
<arg>${json_data['results'][0]}</arg>
<arg>${key}</arg>
<doc>Fails if ``key`` is not found from ``dictionary``.</doc>
<status status="PASS" start="2024-08-09T02:36:15.725362" elapsed="0.000389"/>
</kw>
<kw name="Log" owner="BuiltIn">
<msg time="2024-08-09T02:36:15.726401" level="INFO">{'gender': 'female', 'name': {'title': 'Miss', 'first': 'Lena', 'last': 'Lawrence'}, 'location': {'street': {'number': 613, 'name': 'Lone Wolf Trail'}, 'city': 'Springfield', 'state': 'Alabama', 'country': 'United States', 'postcode': 99385, 'coordinates': {'latitude': '86.3877', 'longitude': '52.2135'}, 'timezone': {'offset': '+10:00', 'description': 'Eastern Australia, Guam, Vladivostok'}}, 'email': 'lena.lawrence@example.com', 'login': {'uuid': '985f07d0-f923-43b2-9530-ed11d50a9bd7', 'username': 'angrytiger834', 'password': 'charlott', 'salt': 'KiolRkKv', 'md5': '0dbca5221158496931b48fab57151e27', 'sha1': '871012f52dd8fa4edd9df658eee95cc5c8ce3dc8', 'sha256': '21167cba1efd3a8a8cbe2f8fe5976c3aef20dab1a85eff3ca5428ab4b6fc2ffa'}, 'dob': {'date': '1948-04-28T00:43:17.941Z', 'age': 76}, 'registered': {'date': '2003-10-28T11:26:05.280Z', 'age': 20}, 'phone': '(406) 668-4584', 'cell': '(824) 740-0390', 'id': {'name': 'SSN', 'value': '415-18-4736'}, 'picture': {'large': 'https://randomuser.me/api/portraits/women/80.jpg', 'medium': 'https://randomuser.me/api/portraits/med/women/80.jpg', 'thumbnail': 'https://randomuser.me/api/portraits/thumb/women/80.jpg'}, 'nat': 'US'}</msg>
<arg>${json_data['results'][0]}</arg>
<doc>Logs the given message with the given level.</doc>
<status status="PASS" start="2024-08-09T02:36:15.726048" elapsed="0.000402"/>
</kw>
<kw name="Log" owner="BuiltIn">
<msg time="2024-08-09T02:36:15.726877" level="INFO">email</msg>
<arg>${key}</arg>
<doc>Logs the given message with the given level.</doc>
<status status="PASS" start="2024-08-09T02:36:15.726747" elapsed="0.000169"/>
</kw>
<var name="${key}">email</var>
<status status="PASS" start="2024-08-09T02:36:15.725253" elapsed="0.001882"/>
</iter>
<iter>
<kw name="Dictionary Should Contain Key" owner="Collections">
<arg>${json_data['results'][0]}</arg>
<arg>${key}</arg>
<doc>Fails if ``key`` is not found from ``dictionary``.</doc>
<status status="PASS" start="2024-08-09T02:36:15.727424" elapsed="0.000381"/>
</kw>
<kw name="Log" owner="BuiltIn">
<msg time="2024-08-09T02:36:15.728382" level="INFO">{'gender': 'female', 'name': {'title': 'Miss', 'first': 'Lena', 'last': 'Lawrence'}, 'location': {'street': {'number': 613, 'name': 'Lone Wolf Trail'}, 'city': 'Springfield', 'state': 'Alabama', 'country': 'United States', 'postcode': 99385, 'coordinates': {'latitude': '86.3877', 'longitude': '52.2135'}, 'timezone': {'offset': '+10:00', 'description': 'Eastern Australia, Guam, Vladivostok'}}, 'email': 'lena.lawrence@example.com', 'login': {'uuid': '985f07d0-f923-43b2-9530-ed11d50a9bd7', 'username': 'angrytiger834', 'password': 'charlott', 'salt': 'KiolRkKv', 'md5': '0dbca5221158496931b48fab57151e27', 'sha1': '871012f52dd8fa4edd9df658eee95cc5c8ce3dc8', 'sha256': '21167cba1efd3a8a8cbe2f8fe5976c3aef20dab1a85eff3ca5428ab4b6fc2ffa'}, 'dob': {'date': '1948-04-28T00:43:17.941Z', 'age': 76}, 'registered': {'date': '2003-10-28T11:26:05.280Z', 'age': 20}, 'phone': '(406) 668-4584', 'cell': '(824) 740-0390', 'id': {'name': 'SSN', 'value': '415-18-4736'}, 'picture': {'large': 'https://randomuser.me/api/portraits/women/80.jpg', 'medium': 'https://randomuser.me/api/portraits/med/women/80.jpg', 'thumbnail': 'https://randomuser.me/api/portraits/thumb/women/80.jpg'}, 'nat': 'US'}</msg>
<arg>${json_data['results'][0]}</arg>
<doc>Logs the given message with the given level.</doc>
<status status="PASS" start="2024-08-09T02:36:15.727988" elapsed="0.000443"/>
</kw>
<kw name="Log" owner="BuiltIn">
<msg time="2024-08-09T02:36:15.728856" level="INFO">login</msg>
<arg>${key}</arg>
<doc>Logs the given message with the given level.</doc>
<status status="PASS" start="2024-08-09T02:36:15.728727" elapsed="0.000167"/>
</kw>
<var name="${key}">login</var>
<status status="PASS" start="2024-08-09T02:36:15.727315" elapsed="0.001796"/>
</iter>
<var>${key}</var>
<value>@{expected_keys}</value>
<status status="PASS" start="2024-08-09T02:36:15.718756" elapsed="0.010475"/>
</for>
<kw name="Create List" owner="BuiltIn">
<msg time="2024-08-09T02:36:15.729593" level="INFO">${expected_keysTwo} = ['username', 'password']</msg>
<var>${expected_keysTwo}</var>
<arg>username</arg>
<arg>password</arg>
<doc>Returns a list containing given items.</doc>
<status status="PASS" start="2024-08-09T02:36:15.729451" elapsed="0.000168"/>
</kw>
<for flavor="IN">
<iter>
<kw name="Dictionary Should Contain Key" owner="Collections">
<arg>${json_data['results'][0]['login']}</arg>
<arg>${keyTwo}</arg>
<doc>Fails if ``key`` is not found from ``dictionary``.</doc>
<status status="PASS" start="2024-08-09T02:36:15.730124" elapsed="0.000387"/>
</kw>
<kw name="Dictionary Should Contain Key" owner="Collections">
<arg>${json_data['results'][0]['login']}</arg>
<arg>${keyTwo}</arg>
<doc>Fails if ``key`` is not found from ``dictionary``.</doc>
<status status="PASS" start="2024-08-09T02:36:15.730691" elapsed="0.000378"/>
</kw>
<kw name="Log" owner="BuiltIn">
<msg time="2024-08-09T02:36:15.731373" level="INFO">username</msg>
<arg>${keyTwo}</arg>
<doc>Logs the given message with the given level.</doc>
<status status="PASS" start="2024-08-09T02:36:15.731250" elapsed="0.000162"/>
</kw>
<var name="${keyTwo}">username</var>
<status status="PASS" start="2024-08-09T02:36:15.730015" elapsed="0.001618"/>
</iter>
<iter>
<kw name="Dictionary Should Contain Key" owner="Collections">
<arg>${json_data['results'][0]['login']}</arg>
<arg>${keyTwo}</arg>
<doc>Fails if ``key`` is not found from ``dictionary``.</doc>
<status status="PASS" start="2024-08-09T02:36:15.731912" elapsed="0.000430"/>
</kw>
<kw name="Dictionary Should Contain Key" owner="Collections">
<arg>${json_data['results'][0]['login']}</arg>
<arg>${keyTwo}</arg>
<doc>Fails if ``key`` is not found from ``dictionary``.</doc>
<status status="PASS" start="2024-08-09T02:36:15.732526" elapsed="0.000380"/>
</kw>
<kw name="Log" owner="BuiltIn">
<msg time="2024-08-09T02:36:15.733209" level="INFO">password</msg>
<arg>${keyTwo}</arg>
<doc>Logs the given message with the given level.</doc>
<status status="PASS" start="2024-08-09T02:36:15.733086" elapsed="0.000161"/>
</kw>
<var name="${keyTwo}">password</var>
<status status="PASS" start="2024-08-09T02:36:15.731805" elapsed="0.001664"/>
</iter>
<var>${keyTwo}</var>
<value>@{expected_keysTwo}</value>
<status status="PASS" start="2024-08-09T02:36:15.729859" elapsed="0.003731"/>
</for>
<status status="PASS" start="2024-08-09T02:36:15.624607" elapsed="0.109127"/>
</kw>
<doc>Testa a estrutura da resposta da API.</doc>
<tag>testeEstruturaResposta</tag>
<status status="PASS" start="2024-08-09T02:36:15.623973" elapsed="0.109915"/>
</test>
<test id="s1-s1-t4" name="Validar tipos de dados" line="28">
<kw name="Teste de Tipos de Dados" owner="random-user-service">
<kw name="GET On Session" owner="RequestsLibrary">
<msg time="2024-08-09T02:36:15.820329" level="INFO">GET Request : url=https://randomuser.me/api 
 path_url=/api 
 headers={'User-Agent': 'python-requests/2.32.3', 'Accept-Encoding': 'gzip, deflate', 'Accept': '*/*', 'Connection': 'keep-alive'} 
 body=None 
 </msg>
<msg time="2024-08-09T02:36:15.820395" level="INFO">GET Response : url=https://randomuser.me/api 
 status=200, reason=OK 
 headers={'Date': 'Fri, 09 Aug 2024 02:36:15 GMT', 'Content-Type': 'application/json; charset=utf-8', 'Transfer-Encoding': 'chunked', 'Connection': 'keep-alive', 'X-Powered-By': 'Express', 'Access-Control-Allow-Origin': '*', 'Cache-Control': 'no-cache', 'ETag': 'W/"48c-Wc8tEC5Ba3GID9x2T2ytUVlF0/s"', 'Vary': 'Accept-Encoding', 'Content-Encoding': 'gzip', 'CF-Cache-Status': 'DYNAMIC', 'Report-To': '{"endpoints":[{"url":"https:\\/\\/a.nel.cloudflare.com\\/report\\/v4?s=slwRmq49DPLGClwML%2BzAntH45g822teJiBcAvX47AY2SgU3pqdXlEE7KparS8tuF%2BmfD7JgfS17omvKEXxrJlOWEDkJ1cXimM2GELZYkDGEoEmZmDitMi5J7I6h2MLsU"}],"group":"cf-nel","max_age":604800}', 'NEL': '{"success_fraction":0,"report_to":"cf-nel","max_age":604800}', 'Server': 'cloudflare', 'CF-RAY': '8b045b865a80fae7-SJC', 'alt-svc': 'h3=":443"; ma=86400'} 
 body={"results":[{"gender":"male","name":{"title":"Mr","first":"Hans-Dieter","last":"Guth"},"location":{"street":{"number":4470,"name":"Gartenstraße"},"city":"Neustadt In Sachsen","state":"Hessen","country":"Germany","postcode":66175,"coordinates":{"latitude":"-52.9072","longitude":"-127.3763"},"timezone":{"offset":"-3:30","description":"Newfoundland"}},"email":"hans-dieter.guth@example.com","login":{"uuid":"54475969-858a-4b42-8f4d-06ee0aa7ad13","username":"brownswan147","password":"wolverine","salt":"FtFPRrlG","md5":"861ae850f28e6fe2beac5a470b929702","sha1":"cecdb9e67e17f3130abea69b9a612835a7208e75","sha256":"ed2efa28e9f78e0f1b8e5ba384f1f41f011b79556cbdf91de251d189c1449535"},"dob":{"date":"1967-06-02T16:17:05.049Z","age":57},"registered":{"date":"2020-04-06T00:17:02.400Z","age":4},"phone":"0066-4680215","cell":"0177-2226099","id":{"name":"SVNR","value":"15 020667 G 015"},"picture":{"large":"https://randomuser.me/api/portraits/men/91.jpg","medium":"https://randomuser.me/api/portraits/med/men/91.jpg","thumbnail":"https://randomuser.me/api/portraits/thumb/men/91.jpg"},"nat":"DE"}],"info":{"seed":"8ec1eecceab70b1e","results":1,"page":1,"version":"1.4"}} 
 </msg>
<msg time="2024-08-09T02:36:15.820477" level="INFO">/opt/hostedtoolcache/Python/3.12.4/x64/lib/python3.12/site-packages/urllib3/connectionpool.py:1099: InsecureRequestWarning: Unverified HTTPS request is being made to host 'randomuser.me'. Adding certificate verification is strongly advised. See: https://urllib3.readthedocs.io/en/latest/advanced-usage.html#tls-warnings
  warnings.warn(</msg>
<msg time="2024-08-09T02:36:15.820578" level="INFO">${response} = &lt;Response [200]&gt;</msg>
<var>${response}</var>
<arg>consultarAPI</arg>
<arg>/api</arg>
<doc>Sends a GET request on a previously created HTTP Session.</doc>
<status status="PASS" start="2024-08-09T02:36:15.736516" elapsed="0.084099"/>
</kw>
<kw name="Set Variable" owner="BuiltIn">
<msg time="2024-08-09T02:36:15.821439" level="INFO">${json_data} = {'results': [{'gender': 'male', 'name': {'title': 'Mr', 'first': 'Hans-Dieter', 'last': 'Guth'}, 'location': {'street': {'number': 4470, 'name': 'Gartenstraße'}, 'city': 'Neustadt In Sachsen', 'state'...</msg>
<var>${json_data}</var>
<arg>${response.json()}</arg>
<doc>Returns the given values which can then be assigned to a variables.</doc>
<status status="PASS" start="2024-08-09T02:36:15.820976" elapsed="0.000493"/>
</kw>
<kw name="Log" owner="BuiltIn">
<msg time="2024-08-09T02:36:15.821937" level="INFO">{'results': [{'gender': 'male', 'name': {'title': 'Mr', 'first': 'Hans-Dieter', 'last': 'Guth'}, 'location': {'street': {'number': 4470, 'name': 'Gartenstraße'}, 'city': 'Neustadt In Sachsen', 'state': 'Hessen', 'country': 'Germany', 'postcode': 66175, 'coordinates': {'latitude': '-52.9072', 'longitude': '-127.3763'}, 'timezone': {'offset': '-3:30', 'description': 'Newfoundland'}}, 'email': 'hans-dieter.guth@example.com', 'login': {'uuid': '54475969-858a-4b42-8f4d-06ee0aa7ad13', 'username': 'brownswan147', 'password': 'wolverine', 'salt': 'FtFPRrlG', 'md5': '861ae850f28e6fe2beac5a470b929702', 'sha1': 'cecdb9e67e17f3130abea69b9a612835a7208e75', 'sha256': 'ed2efa28e9f78e0f1b8e5ba384f1f41f011b79556cbdf91de251d189c1449535'}, 'dob': {'date': '1967-06-02T16:17:05.049Z', 'age': 57}, 'registered': {'date': '2020-04-06T00:17:02.400Z', 'age': 4}, 'phone': '0066-4680215', 'cell': '0177-2226099', 'id': {'name': 'SVNR', 'value': '15 020667 G 015'}, 'picture': {'large': 'https://randomuser.me/api/portraits/men/91.jpg', 'medium': 'https://randomuser.me/api/portraits/med/men/91.jpg', 'thumbnail': 'https://randomuser.me/api/portraits/thumb/men/91.jpg'}, 'nat': 'DE'}], 'info': {'seed': '8ec1eecceab70b1e', 'results': 1, 'page': 1, 'version': '1.4'}}</msg>
<arg>${json_data}</arg>
<doc>Logs the given message with the given level.</doc>
<status status="PASS" start="2024-08-09T02:36:15.821778" elapsed="0.000209"/>
</kw>
<kw name="Should Be String" owner="String">
<arg>${json_data['results'][0]['gender']}</arg>
<doc>Fails if the given ``item`` is not a string.</doc>
<status status="PASS" start="2024-08-09T02:36:15.822294" elapsed="0.000364"/>
</kw>
<kw name="Should Match Regexp" owner="BuiltIn">
<arg>${json_data['results'][0]['email']}</arg>
<arg>^[a-zA-Z0-9._%+-]+@[a-zA-Z0-9.-]+\.[a-zA-Z]{2,}$</arg>
<doc>Fails if ``string`` does not match ``pattern`` as a regular expression.</doc>
<status status="PASS" start="2024-08-09T02:36:15.822886" elapsed="0.000524"/>
</kw>
<kw name="Should Match Regexp" owner="BuiltIn">
<arg>${json_data['results'][0]['dob']['date']}</arg>
<arg>\\d{4}-\\d{2}-\\d{2}T\\d{2}:\\d{2}:\\d{2}\\.\\d{3}Z</arg>
<doc>Fails if ``string`` does not match ``pattern`` as a regular expression.</doc>
<status status="PASS" start="2024-08-09T02:36:15.823607" elapsed="0.000668"/>
</kw>
<kw name="Should Match Regexp" owner="BuiltIn">
<arg>${json_data['results'][0]['registered']['date']}</arg>
<arg>\\d{4}-\\d{2}-\\d{2}T\\d{2}:\\d{2}:\\d{2}\\.\\d{3}Z</arg>
<doc>Fails if ``string`` does not match ``pattern`` as a regular expression.</doc>
<status status="PASS" start="2024-08-09T02:36:15.824479" elapsed="0.000387"/>
</kw>
<kw name="Should Match Regexp" owner="BuiltIn">
<arg>${json_data['results'][0]['picture']['large']}</arg>
<arg>^https?://.*\.(?:png|jpe?g|gif|bmp)$</arg>
<doc>Fails if ``string`` does not match ``pattern`` as a regular expression.</doc>
<status status="PASS" start="2024-08-09T02:36:15.825057" elapsed="0.000473"/>
</kw>
<kw name="Should Match Regexp" owner="BuiltIn">
<arg>${json_data['results'][0]['picture']['medium']}</arg>
<arg>^https?://.*\.(?:png|jpe?g|gif|bmp)$</arg>
<doc>Fails if ``string`` does not match ``pattern`` as a regular expression.</doc>
<status status="PASS" start="2024-08-09T02:36:15.825721" elapsed="0.000370"/>
</kw>
<kw name="Should Match Regexp" owner="BuiltIn">
<arg>${json_data['results'][0]['picture']['thumbnail']}</arg>
<arg>^https?://.*\.(?:png|jpe?g|gif|bmp)$</arg>
<doc>Fails if ``string`` does not match ``pattern`` as a regular expression.</doc>
<status status="PASS" start="2024-08-09T02:36:15.826284" elapsed="0.000359"/>
</kw>
<kw name="Log" owner="BuiltIn">
<msg time="2024-08-09T02:36:15.827154" level="INFO">{'large': 'https://randomuser.me/api/portraits/men/91.jpg', 'medium': 'https://randomuser.me/api/portraits/med/men/91.jpg', 'thumbnail': 'https://randomuser.me/api/portraits/thumb/men/91.jpg'}</msg>
<arg>${json_data['results'][0]['picture']}</arg>
<doc>Logs the given message with the given level.</doc>
<status status="PASS" start="2024-08-09T02:36:15.826828" elapsed="0.000370"/>
</kw>
<status status="PASS" start="2024-08-09T02:36:15.736281" elapsed="0.091173"/>
</kw>
<kw name="Teste de Tipos de Dados - Postcode" owner="random-user-service">
<kw name="GET On Session" owner="RequestsLibrary">
<msg time="2024-08-09T02:36:15.929884" level="INFO">GET Request : url=https://randomuser.me/api 
 path_url=/api 
 headers={'User-Agent': 'python-requests/2.32.3', 'Accept-Encoding': 'gzip, deflate', 'Accept': '*/*', 'Connection': 'keep-alive'} 
 body=None 
 </msg>
<msg time="2024-08-09T02:36:15.929968" level="INFO">GET Response : url=https://randomuser.me/api 
 status=200, reason=OK 
 headers={'Date': 'Fri, 09 Aug 2024 02:36:15 GMT', 'Content-Type': 'application/json; charset=utf-8', 'Transfer-Encoding': 'chunked', 'Connection': 'keep-alive', 'X-Powered-By': 'Express', 'Access-Control-Allow-Origin': '*', 'Cache-Control': 'no-cache', 'ETag': 'W/"497-PfNRReyO9ey3L3QjRBhYm0fpHV4"', 'Vary': 'Accept-Encoding', 'Content-Encoding': 'gzip', 'CF-Cache-Status': 'DYNAMIC', 'Report-To': '{"endpoints":[{"url":"https:\\/\\/a.nel.cloudflare.com\\/report\\/v4?s=QJtS6k73T1dNi1smCk7B7BQ7McLdfsf9O%2F3zvnCi7WVUuYqM2L2LazUUvKlDrFd17D30gynvxMOgrzNRrdwby8DtHNSp%2BMwPZ3N266rWQjVq1sC1P0kXNyNcHYfZR3CC"}],"group":"cf-nel","max_age":604800}', 'NEL': '{"success_fraction":0,"report_to":"cf-nel","max_age":604800}', 'Server': 'cloudflare', 'CF-RAY': '8b045b86fb05fae7-SJC', 'alt-svc': 'h3=":443"; ma=86400'} 
 body={"results":[{"gender":"female","name":{"title":"Miss","first":"Ceyhan","last":"Bayındır"},"location":{"street":{"number":790,"name":"Atatürk Sk"},"city":"Batman","state":"Zonguldak","country":"Turkey","postcode":88962,"coordinates":{"latitude":"65.7761","longitude":"81.5828"},"timezone":{"offset":"-6:00","description":"Central Time (US &amp; Canada), Mexico City"}},"email":"ceyhan.bayindir@example.com","login":{"uuid":"334310ed-ef2d-4cae-8211-8c8d30feea68","username":"beautifulleopard785","password":"anders","salt":"8j2WP4Uh","md5":"2113c3b106ef972363e801ac8d07c0e8","sha1":"c5447143f9a1829ffb181a11c290760943ea5a6d","sha256":"92e8bbae87d7b2e0899c28f78635b3f19e4170ba6adc63f7c739380870f5c858"},"dob":{"date":"1975-11-03T09:10:21.014Z","age":48},"registered":{"date":"2019-03-21T21:01:36.252Z","age":5},"phone":"(098)-864-5964","cell":"(815)-963-8675","id":{"name":"","value":null},"picture":{"large":"https://randomuser.me/api/portraits/women/20.jpg","medium":"https://randomuser.me/api/portraits/med/women/20.jpg","thumbnail":"https://randomuser.me/api/portraits/thumb/women/20.jpg"},"nat":"TR"}],"info":{"seed":"934d1bb6618f1c49","results":1,"page":1,"version":"1.4"}} 
 </msg>
<msg time="2024-08-09T02:36:15.930047" level="INFO">/opt/hostedtoolcache/Python/3.12.4/x64/lib/python3.12/site-packages/urllib3/connectionpool.py:1099: InsecureRequestWarning: Unverified HTTPS request is being made to host 'randomuser.me'. Adding certificate verification is strongly advised. See: https://urllib3.readthedocs.io/en/latest/advanced-usage.html#tls-warnings
  warnings.warn(</msg>
<msg time="2024-08-09T02:36:15.930163" level="INFO">${response} = &lt;Response [200]&gt;</msg>
<var>${response}</var>
<arg>consultarAPI</arg>
<arg>/api</arg>
<doc>Sends a GET request on a previously created HTTP Session.</doc>
<status status="PASS" start="2024-08-09T02:36:15.827895" elapsed="0.102312"/>
</kw>
<kw name="Set Variable" owner="BuiltIn">
<msg time="2024-08-09T02:36:15.931226" level="INFO">${json_data} = {'results': [{'gender': 'female', 'name': {'title': 'Miss', 'first': 'Ceyhan', 'last': 'Bayındır'}, 'location': {'street': {'number': 790, 'name': 'Atatürk Sk'}, 'city': 'Batman', 'state': 'Zonguldak'...</msg>
<var>${json_data}</var>
<arg>${response.json()}</arg>
<doc>Returns the given values which can then be assigned to a variables.</doc>
<status status="PASS" start="2024-08-09T02:36:15.930738" elapsed="0.000519"/>
</kw>
<kw name="Log" owner="BuiltIn">
<msg time="2024-08-09T02:36:15.931742" level="INFO">{'results': [{'gender': 'female', 'name': {'title': 'Miss', 'first': 'Ceyhan', 'last': 'Bayındır'}, 'location': {'street': {'number': 790, 'name': 'Atatürk Sk'}, 'city': 'Batman', 'state': 'Zonguldak', 'country': 'Turkey', 'postcode': 88962, 'coordinates': {'latitude': '65.7761', 'longitude': '81.5828'}, 'timezone': {'offset': '-6:00', 'description': 'Central Time (US &amp; Canada), Mexico City'}}, 'email': 'ceyhan.bayindir@example.com', 'login': {'uuid': '334310ed-ef2d-4cae-8211-8c8d30feea68', 'username': 'beautifulleopard785', 'password': 'anders', 'salt': '8j2WP4Uh', 'md5': '2113c3b106ef972363e801ac8d07c0e8', 'sha1': 'c5447143f9a1829ffb181a11c290760943ea5a6d', 'sha256': '92e8bbae87d7b2e0899c28f78635b3f19e4170ba6adc63f7c739380870f5c858'}, 'dob': {'date': '1975-11-03T09:10:21.014Z', 'age': 48}, 'registered': {'date': '2019-03-21T21:01:36.252Z', 'age': 5}, 'phone': '(098)-864-5964', 'cell': '(815)-963-8675', 'id': {'name': '', 'value': None}, 'picture': {'large': 'https://randomuser.me/api/portraits/women/20.jpg', 'medium': 'https://randomuser.me/api/portraits/med/women/20.jpg', 'thumbnail': 'https://randomuser.me/api/portraits/thumb/women/20.jpg'}, 'nat': 'TR'}], 'info': {'seed': '934d1bb6618f1c49', 'results': 1, 'page': 1, 'version': '1.4'}}</msg>
<arg>${json_data}</arg>
<doc>Logs the given message with the given level.</doc>
<status status="PASS" start="2024-08-09T02:36:15.931573" elapsed="0.000223"/>
</kw>
<kw name="Should Be Equal As Numbers" owner="BuiltIn">
<arg>${json_data['results'][0]['location']['postcode']}</arg>
<arg>${json_data['results'][0]['location']['postcode']}</arg>
<doc>Fails if objects are unequal after converting them to real numbers.</doc>
<status status="PASS" start="2024-08-09T02:36:15.932155" elapsed="0.000653"/>
</kw>
<kw name="Log" owner="BuiltIn">
<msg time="2024-08-09T02:36:15.933385" level="INFO">88962</msg>
<arg>${json_data['results'][0]['location']['postcode']}</arg>
<doc>Logs the given message with the given level.</doc>
<status status="PASS" start="2024-08-09T02:36:15.933035" elapsed="0.000392"/>
</kw>
<status status="PASS" start="2024-08-09T02:36:15.827675" elapsed="0.106009"/>
</kw>
<doc>Testa se os tipos de dados na resposta da API estão corretos.</doc>
<tag>testeTiposDados</tag>
<status status="PASS" start="2024-08-09T02:36:15.735708" elapsed="0.198144"/>
</test>
<test id="s1-s1-t5" name="Validar conteudo" line="35">
<kw name="Teste de Tipos de Conteudo" owner="random-user-service">
<kw name="GET On Session" owner="RequestsLibrary">
<msg time="2024-08-09T02:36:16.023657" level="INFO">GET Request : url=https://randomuser.me/api 
 path_url=/api 
 headers={'User-Agent': 'python-requests/2.32.3', 'Accept-Encoding': 'gzip, deflate', 'Accept': '*/*', 'Connection': 'keep-alive'} 
 body=None 
 </msg>
<msg time="2024-08-09T02:36:16.023746" level="INFO">GET Response : url=https://randomuser.me/api 
 status=200, reason=OK 
 headers={'Date': 'Fri, 09 Aug 2024 02:36:16 GMT', 'Content-Type': 'application/json; charset=utf-8', 'Transfer-Encoding': 'chunked', 'Connection': 'keep-alive', 'X-Powered-By': 'Express', 'Access-Control-Allow-Origin': '*', 'Cache-Control': 'no-cache', 'ETag': 'W/"475-N4Tq7OsS2MeqxKFyr4edZfxLTxw"', 'Vary': 'Accept-Encoding', 'Content-Encoding': 'gzip', 'CF-Cache-Status': 'DYNAMIC', 'Report-To': '{"endpoints":[{"url":"https:\\/\\/a.nel.cloudflare.com\\/report\\/v4?s=ZqO%2FggdrWAhruHW1yijOnVTn14xcSmc2aLQd8RjbDB%2BgXn4OyxKFKkhwbaPIo%2FjSyQNQbgCHTyn1TctUI7UQk9N%2BTEfQlL%2BTfXZJ1NRsQKkjnYuOcqhXmzYenKkn0uwG"}],"group":"cf-nel","max_age":604800}', 'NEL': '{"success_fraction":0,"report_to":"cf-nel","max_age":604800}', 'Server': 'cloudflare', 'CF-RAY': '8b045b879b9efae7-SJC', 'alt-svc': 'h3=":443"; ma=86400'} 
 body={"results":[{"gender":"female","name":{"title":"Mrs","first":"Ana","last":"Rodriguez"},"location":{"street":{"number":898,"name":"Saddle Dr"},"city":"Tucson","state":"Florida","country":"United States","postcode":36435,"coordinates":{"latitude":"86.6531","longitude":"83.2739"},"timezone":{"offset":"+4:30","description":"Kabul"}},"email":"ana.rodriguez@example.com","login":{"uuid":"0c7a1be2-49f6-438e-89c4-11e36e296010","username":"crazybird202","password":"sail","salt":"J7ymH3HL","md5":"3487c74dd6e9d87cb4ada112396b32f1","sha1":"565334c84caaebb52f22d8c5d1e6d9a79be8a6a9","sha256":"312731ea4556eba466a14e07b9804893e115c27b77ac362a771648ecbb02871e"},"dob":{"date":"1997-09-28T13:20:22.231Z","age":26},"registered":{"date":"2006-10-27T06:05:08.853Z","age":17},"phone":"(916) 501-0923","cell":"(768) 810-8558","id":{"name":"SSN","value":"035-68-2590"},"picture":{"large":"https://randomuser.me/api/portraits/women/39.jpg","medium":"https://randomuser.me/api/portraits/med/women/39.jpg","thumbnail":"https://randomuser.me/api/portraits/thumb/women/39.jpg"},"nat":"US"}],"info":{"seed":"ee242f51f91780c1","results":1,"page":1,"version":"1.4"}} 
 </msg>
<msg time="2024-08-09T02:36:16.023820" level="INFO">/opt/hostedtoolcache/Python/3.12.4/x64/lib/python3.12/site-packages/urllib3/connectionpool.py:1099: InsecureRequestWarning: Unverified HTTPS request is being made to host 'randomuser.me'. Adding certificate verification is strongly advised. See: https://urllib3.readthedocs.io/en/latest/advanced-usage.html#tls-warnings
  warnings.warn(</msg>
<msg time="2024-08-09T02:36:16.023916" level="INFO">${response} = &lt;Response [200]&gt;</msg>
<var>${response}</var>
<arg>consultarAPI</arg>
<arg>/api</arg>
<doc>Sends a GET request on a previously created HTTP Session.</doc>
<status status="PASS" start="2024-08-09T02:36:15.936398" elapsed="0.087561"/>
</kw>
<kw name="Set Variable" owner="BuiltIn">
<msg time="2024-08-09T02:36:16.025053" level="INFO">${json_data} = {'results': [{'gender': 'female', 'name': {'title': 'Mrs', 'first': 'Ana', 'last': 'Rodriguez'}, 'location': {'street': {'number': 898, 'name': 'Saddle Dr'}, 'city': 'Tucson', 'state': 'Florida', 'cou...</msg>
<var>${json_data}</var>
<arg>${response.json()}</arg>
<doc>Returns the given values which can then be assigned to a variables.</doc>
<status status="PASS" start="2024-08-09T02:36:16.024476" elapsed="0.000606"/>
</kw>
<kw name="Set Variable" owner="BuiltIn">
<msg time="2024-08-09T02:36:16.025779" level="INFO">${name_title} = Mrs</msg>
<var>${name_title}</var>
<arg>${json_data["results"][0]["name"]["title"]}</arg>
<doc>Returns the given values which can then be assigned to a variables.</doc>
<status status="PASS" start="2024-08-09T02:36:16.025393" elapsed="0.000413"/>
</kw>
<kw name="Create List" owner="BuiltIn">
<msg time="2024-08-09T02:36:16.026262" level="INFO">${allowed_titles} = ['Mr', 'Ms', 'Miss', 'Mrs', 'Madame', 'Monsieur']</msg>
<var>${allowed_titles}</var>
<arg>Mr</arg>
<arg>Ms</arg>
<arg>Miss</arg>
<arg>Mrs</arg>
<arg>Madame</arg>
<arg>Monsieur</arg>
<doc>Returns a list containing given items.</doc>
<status status="PASS" start="2024-08-09T02:36:16.026109" elapsed="0.000181"/>
</kw>
<kw name="List Should Contain Value" owner="Collections">
<arg>${allowed_titles}</arg>
<arg>${name_title}</arg>
<doc>Fails if the ``value`` is not found from ``list``.</doc>
<status status="PASS" start="2024-08-09T02:36:16.026593" elapsed="0.000187"/>
</kw>
<kw name="Set Variable" owner="BuiltIn">
<msg time="2024-08-09T02:36:16.027347" level="INFO">${name_country} = US</msg>
<var>${name_country}</var>
<arg>${json_data["results"][0]["nat"]}</arg>
<doc>Returns the given values which can then be assigned to a variables.</doc>
<status status="PASS" start="2024-08-09T02:36:16.026967" elapsed="0.000406"/>
</kw>
<kw name="Create List" owner="BuiltIn">
<msg time="2024-08-09T02:36:16.028321" level="INFO">${list_country} = ['AD', 'AE', 'AF', 'AG', 'AI', 'AL', 'AM', 'AO', 'AQ', 'AR', 'AS', 'AT', 'AU', 'AW', 'AX', 'AZ', 'BA', 'BB', 'BD', 'BE', 'BF', 'BG', 'BH', 'BI', 'BJ', 'BL', 'BM', 'BN', 'BO', 'BQ', 'BR', 'BS', 'BT', '...</msg>
<var>${list_country}</var>
<arg>AD</arg>
<arg>AE</arg>
<arg>AF</arg>
<arg>AG</arg>
<arg>AI</arg>
<arg>AL</arg>
<arg>AM</arg>
<arg>AO</arg>
<arg>AQ</arg>
<arg>AR</arg>
<arg>AS</arg>
<arg>AT</arg>
<arg>AU</arg>
<arg>AW</arg>
<arg>AX</arg>
<arg>AZ</arg>
<arg>BA</arg>
<arg>BB</arg>
<arg>BD</arg>
<arg>BE</arg>
<arg>BF</arg>
<arg>BG</arg>
<arg>BH</arg>
<arg>BI</arg>
<arg>BJ</arg>
<arg>BL</arg>
<arg>BM</arg>
<arg>BN</arg>
<arg>BO</arg>
<arg>BQ</arg>
<arg>BR</arg>
<arg>BS</arg>
<arg>BT</arg>
<arg>BV</arg>
<arg>BW</arg>
<arg>BY</arg>
<arg>BZ</arg>
<arg>CA</arg>
<arg>CC</arg>
<arg>CD</arg>
<arg>CF</arg>
<arg>CG</arg>
<arg>CH</arg>
<arg>CI</arg>
<arg>CK</arg>
<arg>CL</arg>
<arg>CM</arg>
<arg>CN</arg>
<arg>CO</arg>
<arg>CR</arg>
<arg>CU</arg>
<arg>CV</arg>
<arg>CW</arg>
<arg>CX</arg>
<arg>CY</arg>
<arg>CZ</arg>
<arg>DE</arg>
<arg>DJ</arg>
<arg>DK</arg>
<arg>DM</arg>
<arg>DO</arg>
<arg>DZ</arg>
<arg>EC</arg>
<arg>EE</arg>
<arg>EG</arg>
<arg>EH</arg>
<arg>ER</arg>
<arg>ES</arg>
<arg>ET</arg>
<arg>FI</arg>
<arg>FJ</arg>
<arg>FK</arg>
<arg>FM</arg>
<arg>FO</arg>
<arg>FR</arg>
<arg>GA</arg>
<arg>GB</arg>
<arg>GD</arg>
<arg>GE</arg>
<arg>GF</arg>
<arg>GG</arg>
<arg>GH</arg>
<arg>GI</arg>
<arg>GL</arg>
<arg>GM</arg>
<arg>GN</arg>
<arg>GP</arg>
<arg>GQ</arg>
<arg>GR</arg>
<arg>GS</arg>
<arg>GT</arg>
<arg>GU</arg>
<arg>GW</arg>
<arg>GY</arg>
<arg>HK</arg>
<arg>HM</arg>
<arg>HN</arg>
<arg>HR</arg>
<arg>HT</arg>
<arg>HU</arg>
<arg>ID</arg>
<arg>IE</arg>
<arg>IL</arg>
<arg>IM</arg>
<arg>IN</arg>
<arg>IO</arg>
<arg>IQ</arg>
<arg>IR</arg>
<arg>IS</arg>
<arg>IT</arg>
<arg>JE</arg>
<arg>JM</arg>
<arg>JO</arg>
<arg>JP</arg>
<arg>KE</arg>
<arg>KG</arg>
<arg>KH</arg>
<arg>KI</arg>
<arg>KM</arg>
<arg>KN</arg>
<arg>KP</arg>
<arg>KR</arg>
<arg>KW</arg>
<arg>KY</arg>
<arg>KZ</arg>
<arg>LA</arg>
<arg>LB</arg>
<arg>LC</arg>
<arg>LI</arg>
<arg>LK</arg>
<arg>LR</arg>
<arg>LS</arg>
<arg>LT</arg>
<arg>LU</arg>
<arg>LV</arg>
<arg>LY</arg>
<arg>MA</arg>
<arg>MC</arg>
<arg>MD</arg>
<arg>ME</arg>
<arg>MF</arg>
<arg>MG</arg>
<arg>MH</arg>
<arg>MK</arg>
<arg>ML</arg>
<arg>MM</arg>
<arg>MN</arg>
<arg>MO</arg>
<arg>MP</arg>
<arg>MQ</arg>
<arg>MR</arg>
<arg>MS</arg>
<arg>MT</arg>
<arg>MU</arg>
<arg>MV</arg>
<arg>MW</arg>
<arg>MX</arg>
<arg>MY</arg>
<arg>MZ</arg>
<arg>NA</arg>
<arg>NC</arg>
<arg>NE</arg>
<arg>NF</arg>
<arg>NG</arg>
<arg>NI</arg>
<arg>NL</arg>
<arg>NO</arg>
<arg>NP</arg>
<arg>NR</arg>
<arg>NU</arg>
<arg>NZ</arg>
<arg>OM</arg>
<arg>PA</arg>
<arg>PE</arg>
<arg>PF</arg>
<arg>PG</arg>
<arg>PH</arg>
<arg>PK</arg>
<arg>PL</arg>
<arg>PM</arg>
<arg>PN</arg>
<arg>PR</arg>
<arg>PS</arg>
<arg>PT</arg>
<arg>PW</arg>
<arg>PY</arg>
<arg>QA</arg>
<arg>RE</arg>
<arg>RO</arg>
<arg>RS</arg>
<arg>RU</arg>
<arg>RW</arg>
<arg>SA</arg>
<arg>SB</arg>
<arg>SC</arg>
<arg>SD</arg>
<arg>SE</arg>
<arg>SG</arg>
<arg>SH</arg>
<arg>SI</arg>
<arg>SJ</arg>
<arg>SK</arg>
<arg>SL</arg>
<arg>SM</arg>
<arg>SN</arg>
<arg>SO</arg>
<arg>SR</arg>
<arg>SS</arg>
<arg>ST</arg>
<arg>SV</arg>
<arg>SX</arg>
<arg>SY</arg>
<arg>SZ</arg>
<arg>TC</arg>
<arg>TD</arg>
<arg>TF</arg>
<arg>TG</arg>
<arg>TH</arg>
<arg>TJ</arg>
<arg>TK</arg>
<arg>TL</arg>
<arg>TM</arg>
<arg>TN</arg>
<arg>TO</arg>
<arg>TR</arg>
<arg>TT</arg>
<arg>TV</arg>
<arg>TW</arg>
<arg>TZ</arg>
<arg>UA</arg>
<arg>UG</arg>
<arg>UM</arg>
<arg>US</arg>
<arg>UY</arg>
<arg>UZ</arg>
<arg>VA</arg>
<arg>VC</arg>
<arg>VE</arg>
<arg>VG</arg>
<arg>VI</arg>
<arg>VN</arg>
<arg>VU</arg>
<arg>WF</arg>
<arg>WS</arg>
<arg>XK</arg>
<arg>YE</arg>
<arg>YT</arg>
<arg>ZA</arg>
<arg>ZM</arg>
<arg>ZW</arg>
<doc>Returns a list containing given items.</doc>
<status status="PASS" start="2024-08-09T02:36:16.027669" elapsed="0.000680"/>
</kw>
<kw name="List Should Contain Value" owner="Collections">
<arg>${list_country}</arg>
<arg>${name_country}</arg>
<doc>Fails if the ``value`` is not found from ``list``.</doc>
<status status="PASS" start="2024-08-09T02:36:16.029306" elapsed="0.000216"/>
</kw>
<kw name="Run Keyword If" owner="BuiltIn">
<kw name="Should Be True" owner="BuiltIn">
<arg>${True}</arg>
<doc>Fails if the given condition is not true.</doc>
<status status="PASS" start="2024-08-09T02:36:16.030470" elapsed="0.000144"/>
</kw>
<arg>${json_data["results"][0]["location"]["coordinates"]["latitude"]} &gt;= -90 and ${json_data["results"][0]["location"]["coordinates"]["latitude"]} &lt;= 90</arg>
<arg>Should Be True</arg>
<arg>${True}</arg>
<doc>Runs the given keyword with the given arguments, if ``condition`` is true.</doc>
<status status="PASS" start="2024-08-09T02:36:16.029722" elapsed="0.001018"/>
</kw>
<kw name="Run Keyword If" owner="BuiltIn">
<kw name="Should Be True" owner="BuiltIn">
<arg>${True}</arg>
<doc>Fails if the given condition is not true.</doc>
<status status="PASS" start="2024-08-09T02:36:16.031623" elapsed="0.000138"/>
</kw>
<arg>${json_data["results"][0]["location"]["coordinates"]["longitude"]} &gt;= -180 and ${json_data["results"][0]["location"]["coordinates"]["longitude"]} &lt;= 180</arg>
<arg>Should Be True</arg>
<arg>${True}</arg>
<doc>Runs the given keyword with the given arguments, if ``condition`` is true.</doc>
<status status="PASS" start="2024-08-09T02:36:16.030922" elapsed="0.000963"/>
</kw>
<status status="PASS" start="2024-08-09T02:36:15.936167" elapsed="0.095847"/>
</kw>
<doc>Testa o conteúdo específico dos campos retornados pela API.</doc>
<tag>testeConteudo</tag>
<status status="PASS" start="2024-08-09T02:36:15.935607" elapsed="0.096587"/>
</test>
<status status="PASS" start="2024-08-09T02:36:15.055925" elapsed="0.978269"/>
</suite>
<status status="PASS" start="2024-08-09T02:36:15.041397" elapsed="0.997962"/>
</suite>
<statistics>
<total>
<stat pass="5" fail="0" skip="0">All Tests</stat>
</total>
<tag>
<stat pass="1" fail="0" skip="0">testeConteudo</stat>
<stat pass="1" fail="0" skip="0">testeEstruturaResposta</stat>
<stat pass="1" fail="0" skip="0">testeRequisicaoBasica</stat>
<stat pass="1" fail="0" skip="0">testeTiposDados</stat>
</tag>
<suite>
<stat pass="5" fail="0" skip="0" id="s1" name="Tests">Tests</stat>
<stat pass="5" fail="0" skip="0" id="s1-s1" name="Random-User-Test">Tests.Random-User-Test</stat>
</suite>
</statistics>
<errors>
</errors>
</robot>
