<?xml version="1.0" encoding="UTF-8"?>
<robot generator="Robot 7.0 (Python 3.12.3 on linux)" generated="2024-05-14T09:15:45.044223" rpa="false" schemaversion="5">
<suite id="s1" name="Tests" source="/home/runner/work/DesafioQAItauRogerioJordao/DesafioQAItauRogerioJordao/RamdonUser/tests">
<suite id="s1-s1" name="Random-User-Test" source="/home/runner/work/DesafioQAItauRogerioJordao/DesafioQAItauRogerioJordao/RamdonUser/tests/random-user-test.robot">
<test id="s1-s1-t1" name="Conectar" line="13">
<kw name="Conectar API" owner="random-user-service">
<kw name="Create Session" owner="RequestsLibrary">
<msg time="2024-05-14T09:15:45.408277" level="INFO">Creating Session using : alias=consultarAPI, url=https://randomuser.me/, headers={},                     cookies={}, auth=None, timeout=None, proxies=None, verify=False,                     debug=0 </msg>
<arg>consultarAPI</arg>
<arg>${URL}</arg>
<doc>Create Session: create a HTTP session to a server</doc>
<status status="PASS" start="2024-05-14T09:15:45.408073" elapsed="0.000387"/>
</kw>
<status status="PASS" start="2024-05-14T09:15:45.407119" elapsed="0.001702"/>
</kw>
<status status="PASS" start="2024-05-14T09:15:45.406545" elapsed="0.002469"/>
</test>
<test id="s1-s1-t2" name="Validar retorno 200 e JSON Válido" line="16">
<kw name="Teste de Requisicao Basica" owner="random-user-service">
<kw name="GET On Session" owner="RequestsLibrary">
<msg time="2024-05-14T09:15:45.581851" level="INFO">GET Request : url=https://randomuser.me/api 
 path_url=/api 
 headers={'User-Agent': 'python-requests/2.31.0', 'Accept-Encoding': 'gzip, deflate', 'Accept': '*/*', 'Connection': 'keep-alive'} 
 body=None 
 </msg>
<msg time="2024-05-14T09:15:45.582009" level="INFO">GET Response : url=https://randomuser.me/api 
 status=200, reason=OK 
 headers={'Date': 'Tue, 14 May 2024 09:15:45 GMT', 'Content-Type': 'application/json; charset=utf-8', 'Transfer-Encoding': 'chunked', 'Connection': 'keep-alive', 'X-Powered-By': 'Express', 'Access-Control-Allow-Origin': '*', 'Cache-Control': 'no-cache', 'ETag': 'W/"490-628NBl212DHUszSiYYd2gVVnuT8"', 'Vary': 'Accept-Encoding', 'Content-Encoding': 'gzip', 'CF-Cache-Status': 'DYNAMIC', 'Report-To': '{"endpoints":[{"url":"https:\\/\\/a.nel.cloudflare.com\\/report\\/v4?s=j6WRMpF5WXOruvfM16Bjz1dNfnIFjOQhEtafgdkB9TKLay3BoS8gSfhOdTk7Qv%2FzARLy%2FWyr1t3xQ1lCVpkj3UPWtIf1ciAqLnAYRa3WAzqm9av%2FDVXigQAQClC0QNJP"}],"group":"cf-nel","max_age":604800}', 'NEL': '{"success_fraction":0,"report_to":"cf-nel","max_age":604800}', 'Server': 'cloudflare', 'CF-RAY': '8839c919bc6d5997-IAD', 'alt-svc': 'h3=":443"; ma=86400'} 
 body={"results":[{"gender":"female","name":{"title":"Miss","first":"Lycke","last":"Stranden"},"location":{"street":{"number":3029,"name":"Sondrevegen"},"city":"Vassøy","state":"Nordland","country":"Norway","postcode":"5536","coordinates":{"latitude":"41.5464","longitude":"84.9426"},"timezone":{"offset":"+1:00","description":"Brussels, Copenhagen, Madrid, Paris"}},"email":"lycke.stranden@example.com","login":{"uuid":"9d174ce7-d518-4948-9a52-172fda19e458","username":"blackbutterfly493","password":"florida1","salt":"tfFLpFKP","md5":"b182d325461f790cfb1dc90d8b631e9a","sha1":"e40efa003c6d5a2f6e77d86cac875b9be264ac86","sha256":"a970b10badbe67d3c44d05100021931523e2555e18701912c2bfe5c08fb0e33c"},"dob":{"date":"1953-11-13T00:52:28.027Z","age":70},"registered":{"date":"2021-07-16T21:41:23.373Z","age":2},"phone":"71593356","cell":"96166672","id":{"name":"FN","value":"13115319668"},"picture":{"large":"https://randomuser.me/api/portraits/women/81.jpg","medium":"https://randomuser.me/api/portraits/med/women/81.jpg","thumbnail":"https://randomuser.me/api/portraits/thumb/women/81.jpg"},"nat":"NO"}],"info":{"seed":"bbb6763103ec6c42","results":1,"page":1,"version":"1.4"}} 
 </msg>
<msg time="2024-05-14T09:15:45.582093" level="INFO">/opt/hostedtoolcache/Python/3.12.3/x64/lib/python3.12/site-packages/urllib3/connectionpool.py:1103: InsecureRequestWarning: Unverified HTTPS request is being made to host 'randomuser.me'. Adding certificate verification is strongly advised. See: https://urllib3.readthedocs.io/en/latest/advanced-usage.html#tls-warnings
  warnings.warn(</msg>
<msg time="2024-05-14T09:15:45.582253" level="INFO">${response} = &lt;Response [200]&gt;</msg>
<var>${response}</var>
<arg>consultarAPI</arg>
<arg>/api</arg>
<doc>Sends a GET request on a previously created HTTP Session.</doc>
<status status="PASS" start="2024-05-14T09:15:45.411613" elapsed="0.170679"/>
</kw>
<kw name="Should Be Equal As Numbers" owner="BuiltIn">
<msg time="2024-05-14T09:15:45.583291" level="INFO">Argument types are:
&lt;class 'int'&gt;
&lt;class 'str'&gt;</msg>
<arg>${response.status_code}</arg>
<arg>200</arg>
<doc>Fails if objects are unequal after converting them to real numbers.</doc>
<status status="PASS" start="2024-05-14T09:15:45.582834" elapsed="0.000522"/>
</kw>
<kw name="Log" owner="BuiltIn">
<msg time="2024-05-14T09:15:45.584061" level="INFO">200</msg>
<arg>${response.status_code}</arg>
<doc>Logs the given message with the given level.</doc>
<status status="PASS" start="2024-05-14T09:15:45.583708" elapsed="0.000395"/>
</kw>
<kw name="Set Variable" owner="BuiltIn">
<msg time="2024-05-14T09:15:45.584846" level="INFO">${json_data} = {'results': [{'gender': 'female', 'name': {'title': 'Miss', 'first': 'Lycke', 'last': 'Stranden'}, 'location': {'street': {'number': 3029, 'name': 'Sondrevegen'}, 'city': 'Vassøy', 'state': 'Nordland'...</msg>
<var>${json_data}</var>
<arg>${response.json()}</arg>
<doc>Returns the given values which can then be assigned to a variables.</doc>
<status status="PASS" start="2024-05-14T09:15:45.584407" elapsed="0.000469"/>
</kw>
<kw name="Dictionary Should Contain Key" owner="Collections">
<msg time="2024-05-14T09:15:45.585376" level="INFO">False</msg>
<arg>${json_data}</arg>
<arg>results</arg>
<doc>Fails if ``key`` is not found from ``dictionary``.</doc>
<status status="PASS" start="2024-05-14T09:15:45.585181" elapsed="0.000237"/>
</kw>
<status status="PASS" start="2024-05-14T09:15:45.411369" elapsed="0.174307"/>
</kw>
<doc>Testa se a API responde corretamente e retorna um objeto JSON válido.</doc>
<tag>testeRequisicaoBasica</tag>
<status status="PASS" start="2024-05-14T09:15:45.410900" elapsed="0.174964"/>
</test>
<test id="s1-s1-t3" name="Validar estrutura de resposta" line="22">
<kw name="Teste de Estrutura de Resposta" owner="random-user-service">
<kw name="GET On Session" owner="RequestsLibrary">
<msg time="2024-05-14T09:15:45.681129" level="INFO">GET Request : url=https://randomuser.me/api 
 path_url=/api 
 headers={'User-Agent': 'python-requests/2.31.0', 'Accept-Encoding': 'gzip, deflate', 'Accept': '*/*', 'Connection': 'keep-alive'} 
 body=None 
 </msg>
<msg time="2024-05-14T09:15:45.681203" level="INFO">GET Response : url=https://randomuser.me/api 
 status=200, reason=OK 
 headers={'Date': 'Tue, 14 May 2024 09:15:45 GMT', 'Content-Type': 'application/json; charset=utf-8', 'Transfer-Encoding': 'chunked', 'Connection': 'keep-alive', 'X-Powered-By': 'Express', 'Access-Control-Allow-Origin': '*', 'Cache-Control': 'no-cache', 'ETag': 'W/"491-JmKoozb9bOyoMrauU36JWStRtX0"', 'Vary': 'Accept-Encoding', 'Content-Encoding': 'gzip', 'CF-Cache-Status': 'DYNAMIC', 'Report-To': '{"endpoints":[{"url":"https:\\/\\/a.nel.cloudflare.com\\/report\\/v4?s=1rnwkoL%2F18ATeN3psRPzwskN4K%2F7LbNVd55%2BJL6CcG56Sia8RN4Mq5oLxUcBORS3pVIr4LosW7TTHaSYRBGZp%2Fmrr1OpgJHWO88lYRbxMBw90uliaSbIVIDh%2FVXcGlob"}],"group":"cf-nel","max_age":604800}', 'NEL': '{"success_fraction":0,"report_to":"cf-nel","max_age":604800}', 'Server': 'cloudflare', 'CF-RAY': '8839c919fc835997-IAD', 'alt-svc': 'h3=":443"; ma=86400'} 
 body={"results":[{"gender":"female","name":{"title":"Miss","first":"Solomiya","last":"Luk'yanec"},"location":{"street":{"number":2773,"name":"Centralna ploshcha"},"city":"Sokal","state":"Zhitomirska","country":"Ukraine","postcode":40332,"coordinates":{"latitude":"74.0510","longitude":"51.6607"},"timezone":{"offset":"-8:00","description":"Pacific Time (US &amp; Canada)"}},"email":"solomiya.luk'yanec@example.com","login":{"uuid":"d8124fd3-5fba-4c77-9be3-110fbb1c5adb","username":"brownbird167","password":"trojan","salt":"0TPXCBgR","md5":"a9a1294791678cb1da7f91cf36260fef","sha1":"54b2d90cae5f3f93e9d1daea19a96f275bf35316","sha256":"4eef0d747e6347dbe89c0011720282f053bec183cb80bc728985645867992ff8"},"dob":{"date":"1947-07-05T06:39:02.593Z","age":76},"registered":{"date":"2022-03-22T11:48:28.206Z","age":2},"phone":"(097) C73-6874","cell":"(096) F84-8607","id":{"name":"","value":null},"picture":{"large":"https://randomuser.me/api/portraits/women/69.jpg","medium":"https://randomuser.me/api/portraits/med/women/69.jpg","thumbnail":"https://randomuser.me/api/portraits/thumb/women/69.jpg"},"nat":"UA"}],"info":{"seed":"4895abb9c18bee18","results":1,"page":1,"version":"1.4"}} 
 </msg>
<msg time="2024-05-14T09:15:45.681330" level="INFO">/opt/hostedtoolcache/Python/3.12.3/x64/lib/python3.12/site-packages/urllib3/connectionpool.py:1103: InsecureRequestWarning: Unverified HTTPS request is being made to host 'randomuser.me'. Adding certificate verification is strongly advised. See: https://urllib3.readthedocs.io/en/latest/advanced-usage.html#tls-warnings
  warnings.warn(</msg>
<msg time="2024-05-14T09:15:45.681445" level="INFO">${response} = &lt;Response [200]&gt;</msg>
<var>${response}</var>
<arg>consultarAPI</arg>
<arg>/api</arg>
<doc>Sends a GET request on a previously created HTTP Session.</doc>
<status status="PASS" start="2024-05-14T09:15:45.588568" elapsed="0.092919"/>
</kw>
<kw name="Set Variable" owner="BuiltIn">
<msg time="2024-05-14T09:15:45.682328" level="INFO">${json_data} = {'results': [{'gender': 'female', 'name': {'title': 'Miss', 'first': 'Solomiya', 'last': "Luk'yanec"}, 'location': {'street': {'number': 2773, 'name': 'Centralna ploshcha'}, 'city': 'Sokal', 'state': ...</msg>
<var>${json_data}</var>
<arg>${response.json()}</arg>
<doc>Returns the given values which can then be assigned to a variables.</doc>
<status status="PASS" start="2024-05-14T09:15:45.681859" elapsed="0.000503"/>
</kw>
<kw name="Log" owner="BuiltIn">
<msg time="2024-05-14T09:15:45.682844" level="INFO">{'results': [{'gender': 'female', 'name': {'title': 'Miss', 'first': 'Solomiya', 'last': "Luk'yanec"}, 'location': {'street': {'number': 2773, 'name': 'Centralna ploshcha'}, 'city': 'Sokal', 'state': 'Zhitomirska', 'country': 'Ukraine', 'postcode': 40332, 'coordinates': {'latitude': '74.0510', 'longitude': '51.6607'}, 'timezone': {'offset': '-8:00', 'description': 'Pacific Time (US &amp; Canada)'}}, 'email': "solomiya.luk'yanec@example.com", 'login': {'uuid': 'd8124fd3-5fba-4c77-9be3-110fbb1c5adb', 'username': 'brownbird167', 'password': 'trojan', 'salt': '0TPXCBgR', 'md5': 'a9a1294791678cb1da7f91cf36260fef', 'sha1': '54b2d90cae5f3f93e9d1daea19a96f275bf35316', 'sha256': '4eef0d747e6347dbe89c0011720282f053bec183cb80bc728985645867992ff8'}, 'dob': {'date': '1947-07-05T06:39:02.593Z', 'age': 76}, 'registered': {'date': '2022-03-22T11:48:28.206Z', 'age': 2}, 'phone': '(097) C73-6874', 'cell': '(096) F84-8607', 'id': {'name': '', 'value': None}, 'picture': {'large': 'https://randomuser.me/api/portraits/women/69.jpg', 'medium': 'https://randomuser.me/api/portraits/med/women/69.jpg', 'thumbnail': 'https://randomuser.me/api/portraits/thumb/women/69.jpg'}, 'nat': 'UA'}], 'info': {'seed': '4895abb9c18bee18', 'results': 1, 'page': 1, 'version': '1.4'}}</msg>
<arg>${json_data}</arg>
<doc>Logs the given message with the given level.</doc>
<status status="PASS" start="2024-05-14T09:15:45.682671" elapsed="0.000223"/>
</kw>
<kw name="Dictionary Should Contain Key" owner="Collections">
<msg time="2024-05-14T09:15:45.683343" level="INFO">False</msg>
<arg>${json_data}</arg>
<arg>results</arg>
<doc>Fails if ``key`` is not found from ``dictionary``.</doc>
<status status="PASS" start="2024-05-14T09:15:45.683187" elapsed="0.000192"/>
</kw>
<kw name="Should Not Be Empty" owner="BuiltIn">
<msg time="2024-05-14T09:15:45.683800" level="INFO">Length is 2.</msg>
<arg>${json_data}</arg>
<doc>Verifies that the given item is not empty.</doc>
<status status="PASS" start="2024-05-14T09:15:45.683666" elapsed="0.000309"/>
</kw>
<kw name="Create List" owner="BuiltIn">
<msg time="2024-05-14T09:15:45.684420" level="INFO">${expected_keys} = ['gender', 'name', 'location', 'email', 'login']</msg>
<var>${expected_keys}</var>
<arg>gender</arg>
<arg>name</arg>
<arg>location</arg>
<arg>email</arg>
<arg>login</arg>
<doc>Returns a list containing given items.</doc>
<status status="PASS" start="2024-05-14T09:15:45.684266" elapsed="0.000178"/>
</kw>
<for flavor="IN">
<iter>
<kw name="Dictionary Should Contain Key" owner="Collections">
<msg time="2024-05-14T09:15:45.685447" level="INFO">False</msg>
<arg>${json_data['results'][0]}</arg>
<arg>${key}</arg>
<doc>Fails if ``key`` is not found from ``dictionary``.</doc>
<status status="PASS" start="2024-05-14T09:15:45.685012" elapsed="0.000474"/>
</kw>
<kw name="Log" owner="BuiltIn">
<msg time="2024-05-14T09:15:45.686146" level="INFO">{'gender': 'female', 'name': {'title': 'Miss', 'first': 'Solomiya', 'last': "Luk'yanec"}, 'location': {'street': {'number': 2773, 'name': 'Centralna ploshcha'}, 'city': 'Sokal', 'state': 'Zhitomirska', 'country': 'Ukraine', 'postcode': 40332, 'coordinates': {'latitude': '74.0510', 'longitude': '51.6607'}, 'timezone': {'offset': '-8:00', 'description': 'Pacific Time (US &amp; Canada)'}}, 'email': "solomiya.luk'yanec@example.com", 'login': {'uuid': 'd8124fd3-5fba-4c77-9be3-110fbb1c5adb', 'username': 'brownbird167', 'password': 'trojan', 'salt': '0TPXCBgR', 'md5': 'a9a1294791678cb1da7f91cf36260fef', 'sha1': '54b2d90cae5f3f93e9d1daea19a96f275bf35316', 'sha256': '4eef0d747e6347dbe89c0011720282f053bec183cb80bc728985645867992ff8'}, 'dob': {'date': '1947-07-05T06:39:02.593Z', 'age': 76}, 'registered': {'date': '2022-03-22T11:48:28.206Z', 'age': 2}, 'phone': '(097) C73-6874', 'cell': '(096) F84-8607', 'id': {'name': '', 'value': None}, 'picture': {'large': 'https://randomuser.me/api/portraits/women/69.jpg', 'medium': 'https://randomuser.me/api/portraits/med/women/69.jpg', 'thumbnail': 'https://randomuser.me/api/portraits/thumb/women/69.jpg'}, 'nat': 'UA'}</msg>
<arg>${json_data['results'][0]}</arg>
<doc>Logs the given message with the given level.</doc>
<status status="PASS" start="2024-05-14T09:15:45.685781" elapsed="0.000415"/>
</kw>
<kw name="Log" owner="BuiltIn">
<msg time="2024-05-14T09:15:45.686619" level="INFO">gender</msg>
<arg>${key}</arg>
<doc>Logs the given message with the given level.</doc>
<status status="PASS" start="2024-05-14T09:15:45.686492" elapsed="0.000164"/>
</kw>
<var name="${key}">gender</var>
<status status="PASS" start="2024-05-14T09:15:45.684888" elapsed="0.001983"/>
</iter>
<iter>
<kw name="Dictionary Should Contain Key" owner="Collections">
<msg time="2024-05-14T09:15:45.687556" level="INFO">False</msg>
<arg>${json_data['results'][0]}</arg>
<arg>${key}</arg>
<doc>Fails if ``key`` is not found from ``dictionary``.</doc>
<status status="PASS" start="2024-05-14T09:15:45.687176" elapsed="0.000417"/>
</kw>
<kw name="Log" owner="BuiltIn">
<msg time="2024-05-14T09:15:45.688271" level="INFO">{'gender': 'female', 'name': {'title': 'Miss', 'first': 'Solomiya', 'last': "Luk'yanec"}, 'location': {'street': {'number': 2773, 'name': 'Centralna ploshcha'}, 'city': 'Sokal', 'state': 'Zhitomirska', 'country': 'Ukraine', 'postcode': 40332, 'coordinates': {'latitude': '74.0510', 'longitude': '51.6607'}, 'timezone': {'offset': '-8:00', 'description': 'Pacific Time (US &amp; Canada)'}}, 'email': "solomiya.luk'yanec@example.com", 'login': {'uuid': 'd8124fd3-5fba-4c77-9be3-110fbb1c5adb', 'username': 'brownbird167', 'password': 'trojan', 'salt': '0TPXCBgR', 'md5': 'a9a1294791678cb1da7f91cf36260fef', 'sha1': '54b2d90cae5f3f93e9d1daea19a96f275bf35316', 'sha256': '4eef0d747e6347dbe89c0011720282f053bec183cb80bc728985645867992ff8'}, 'dob': {'date': '1947-07-05T06:39:02.593Z', 'age': 76}, 'registered': {'date': '2022-03-22T11:48:28.206Z', 'age': 2}, 'phone': '(097) C73-6874', 'cell': '(096) F84-8607', 'id': {'name': '', 'value': None}, 'picture': {'large': 'https://randomuser.me/api/portraits/women/69.jpg', 'medium': 'https://randomuser.me/api/portraits/med/women/69.jpg', 'thumbnail': 'https://randomuser.me/api/portraits/thumb/women/69.jpg'}, 'nat': 'UA'}</msg>
<arg>${json_data['results'][0]}</arg>
<doc>Logs the given message with the given level.</doc>
<status status="PASS" start="2024-05-14T09:15:45.687909" elapsed="0.000418"/>
</kw>
<kw name="Log" owner="BuiltIn">
<msg time="2024-05-14T09:15:45.688750" level="INFO">name</msg>
<arg>${key}</arg>
<doc>Logs the given message with the given level.</doc>
<status status="PASS" start="2024-05-14T09:15:45.688624" elapsed="0.000163"/>
</kw>
<var name="${key}">name</var>
<status status="PASS" start="2024-05-14T09:15:45.687055" elapsed="0.001949"/>
</iter>
<iter>
<kw name="Dictionary Should Contain Key" owner="Collections">
<msg time="2024-05-14T09:15:45.689696" level="INFO">False</msg>
<arg>${json_data['results'][0]}</arg>
<arg>${key}</arg>
<doc>Fails if ``key`` is not found from ``dictionary``.</doc>
<status status="PASS" start="2024-05-14T09:15:45.689311" elapsed="0.000421"/>
</kw>
<kw name="Log" owner="BuiltIn">
<msg time="2024-05-14T09:15:45.690384" level="INFO">{'gender': 'female', 'name': {'title': 'Miss', 'first': 'Solomiya', 'last': "Luk'yanec"}, 'location': {'street': {'number': 2773, 'name': 'Centralna ploshcha'}, 'city': 'Sokal', 'state': 'Zhitomirska', 'country': 'Ukraine', 'postcode': 40332, 'coordinates': {'latitude': '74.0510', 'longitude': '51.6607'}, 'timezone': {'offset': '-8:00', 'description': 'Pacific Time (US &amp; Canada)'}}, 'email': "solomiya.luk'yanec@example.com", 'login': {'uuid': 'd8124fd3-5fba-4c77-9be3-110fbb1c5adb', 'username': 'brownbird167', 'password': 'trojan', 'salt': '0TPXCBgR', 'md5': 'a9a1294791678cb1da7f91cf36260fef', 'sha1': '54b2d90cae5f3f93e9d1daea19a96f275bf35316', 'sha256': '4eef0d747e6347dbe89c0011720282f053bec183cb80bc728985645867992ff8'}, 'dob': {'date': '1947-07-05T06:39:02.593Z', 'age': 76}, 'registered': {'date': '2022-03-22T11:48:28.206Z', 'age': 2}, 'phone': '(097) C73-6874', 'cell': '(096) F84-8607', 'id': {'name': '', 'value': None}, 'picture': {'large': 'https://randomuser.me/api/portraits/women/69.jpg', 'medium': 'https://randomuser.me/api/portraits/med/women/69.jpg', 'thumbnail': 'https://randomuser.me/api/portraits/thumb/women/69.jpg'}, 'nat': 'UA'}</msg>
<arg>${json_data['results'][0]}</arg>
<doc>Logs the given message with the given level.</doc>
<status status="PASS" start="2024-05-14T09:15:45.690027" elapsed="0.000405"/>
</kw>
<kw name="Log" owner="BuiltIn">
<msg time="2024-05-14T09:15:45.690850" level="INFO">location</msg>
<arg>${key}</arg>
<doc>Logs the given message with the given level.</doc>
<status status="PASS" start="2024-05-14T09:15:45.690724" elapsed="0.000163"/>
</kw>
<var name="${key}">location</var>
<status status="PASS" start="2024-05-14T09:15:45.689180" elapsed="0.001918"/>
</iter>
<iter>
<kw name="Dictionary Should Contain Key" owner="Collections">
<msg time="2024-05-14T09:15:45.691767" level="INFO">False</msg>
<arg>${json_data['results'][0]}</arg>
<arg>${key}</arg>
<doc>Fails if ``key`` is not found from ``dictionary``.</doc>
<status status="PASS" start="2024-05-14T09:15:45.691380" elapsed="0.000423"/>
</kw>
<kw name="Log" owner="BuiltIn">
<msg time="2024-05-14T09:15:45.692456" level="INFO">{'gender': 'female', 'name': {'title': 'Miss', 'first': 'Solomiya', 'last': "Luk'yanec"}, 'location': {'street': {'number': 2773, 'name': 'Centralna ploshcha'}, 'city': 'Sokal', 'state': 'Zhitomirska', 'country': 'Ukraine', 'postcode': 40332, 'coordinates': {'latitude': '74.0510', 'longitude': '51.6607'}, 'timezone': {'offset': '-8:00', 'description': 'Pacific Time (US &amp; Canada)'}}, 'email': "solomiya.luk'yanec@example.com", 'login': {'uuid': 'd8124fd3-5fba-4c77-9be3-110fbb1c5adb', 'username': 'brownbird167', 'password': 'trojan', 'salt': '0TPXCBgR', 'md5': 'a9a1294791678cb1da7f91cf36260fef', 'sha1': '54b2d90cae5f3f93e9d1daea19a96f275bf35316', 'sha256': '4eef0d747e6347dbe89c0011720282f053bec183cb80bc728985645867992ff8'}, 'dob': {'date': '1947-07-05T06:39:02.593Z', 'age': 76}, 'registered': {'date': '2022-03-22T11:48:28.206Z', 'age': 2}, 'phone': '(097) C73-6874', 'cell': '(096) F84-8607', 'id': {'name': '', 'value': None}, 'picture': {'large': 'https://randomuser.me/api/portraits/women/69.jpg', 'medium': 'https://randomuser.me/api/portraits/med/women/69.jpg', 'thumbnail': 'https://randomuser.me/api/portraits/thumb/women/69.jpg'}, 'nat': 'UA'}</msg>
<arg>${json_data['results'][0]}</arg>
<doc>Logs the given message with the given level.</doc>
<status status="PASS" start="2024-05-14T09:15:45.692099" elapsed="0.000405"/>
</kw>
<kw name="Log" owner="BuiltIn">
<msg time="2024-05-14T09:15:45.692919" level="INFO">email</msg>
<arg>${key}</arg>
<doc>Logs the given message with the given level.</doc>
<status status="PASS" start="2024-05-14T09:15:45.692793" elapsed="0.000163"/>
</kw>
<var name="${key}">email</var>
<status status="PASS" start="2024-05-14T09:15:45.691271" elapsed="0.001896"/>
</iter>
<iter>
<kw name="Dictionary Should Contain Key" owner="Collections">
<msg time="2024-05-14T09:15:45.693879" level="INFO">False</msg>
<arg>${json_data['results'][0]}</arg>
<arg>${key}</arg>
<doc>Fails if ``key`` is not found from ``dictionary``.</doc>
<status status="PASS" start="2024-05-14T09:15:45.693494" elapsed="0.000422"/>
</kw>
<kw name="Log" owner="BuiltIn">
<msg time="2024-05-14T09:15:45.694577" level="INFO">{'gender': 'female', 'name': {'title': 'Miss', 'first': 'Solomiya', 'last': "Luk'yanec"}, 'location': {'street': {'number': 2773, 'name': 'Centralna ploshcha'}, 'city': 'Sokal', 'state': 'Zhitomirska', 'country': 'Ukraine', 'postcode': 40332, 'coordinates': {'latitude': '74.0510', 'longitude': '51.6607'}, 'timezone': {'offset': '-8:00', 'description': 'Pacific Time (US &amp; Canada)'}}, 'email': "solomiya.luk'yanec@example.com", 'login': {'uuid': 'd8124fd3-5fba-4c77-9be3-110fbb1c5adb', 'username': 'brownbird167', 'password': 'trojan', 'salt': '0TPXCBgR', 'md5': 'a9a1294791678cb1da7f91cf36260fef', 'sha1': '54b2d90cae5f3f93e9d1daea19a96f275bf35316', 'sha256': '4eef0d747e6347dbe89c0011720282f053bec183cb80bc728985645867992ff8'}, 'dob': {'date': '1947-07-05T06:39:02.593Z', 'age': 76}, 'registered': {'date': '2022-03-22T11:48:28.206Z', 'age': 2}, 'phone': '(097) C73-6874', 'cell': '(096) F84-8607', 'id': {'name': '', 'value': None}, 'picture': {'large': 'https://randomuser.me/api/portraits/women/69.jpg', 'medium': 'https://randomuser.me/api/portraits/med/women/69.jpg', 'thumbnail': 'https://randomuser.me/api/portraits/thumb/women/69.jpg'}, 'nat': 'UA'}</msg>
<arg>${json_data['results'][0]}</arg>
<doc>Logs the given message with the given level.</doc>
<status status="PASS" start="2024-05-14T09:15:45.694212" elapsed="0.000413"/>
</kw>
<kw name="Log" owner="BuiltIn">
<msg time="2024-05-14T09:15:45.695053" level="INFO">login</msg>
<arg>${key}</arg>
<doc>Logs the given message with the given level.</doc>
<status status="PASS" start="2024-05-14T09:15:45.694926" elapsed="0.000164"/>
</kw>
<var name="${key}">login</var>
<status status="PASS" start="2024-05-14T09:15:45.693381" elapsed="0.001949"/>
</iter>
<var>${key}</var>
<value>@{expected_keys}</value>
<status status="PASS" start="2024-05-14T09:15:45.684701" elapsed="0.010754"/>
</for>
<kw name="Create List" owner="BuiltIn">
<msg time="2024-05-14T09:15:45.695780" level="INFO">${expected_keysTwo} = ['username', 'password']</msg>
<var>${expected_keysTwo}</var>
<arg>username</arg>
<arg>password</arg>
<doc>Returns a list containing given items.</doc>
<status status="PASS" start="2024-05-14T09:15:45.695644" elapsed="0.000160"/>
</kw>
<for flavor="IN">
<iter>
<kw name="Dictionary Should Contain Key" owner="Collections">
<msg time="2024-05-14T09:15:45.696693" level="INFO">False</msg>
<arg>${json_data['results'][0]['login']}</arg>
<arg>${keyTwo}</arg>
<doc>Fails if ``key`` is not found from ``dictionary``.</doc>
<status status="PASS" start="2024-05-14T09:15:45.696308" elapsed="0.000422"/>
</kw>
<kw name="Dictionary Should Contain Key" owner="Collections">
<msg time="2024-05-14T09:15:45.697431" level="INFO">False</msg>
<arg>${json_data['results'][0]['login']}</arg>
<arg>${keyTwo}</arg>
<doc>Fails if ``key`` is not found from ``dictionary``.</doc>
<status status="PASS" start="2024-05-14T09:15:45.697023" elapsed="0.000445"/>
</kw>
<kw name="Log" owner="BuiltIn">
<msg time="2024-05-14T09:15:45.697901" level="INFO">username</msg>
<arg>${keyTwo}</arg>
<doc>Logs the given message with the given level.</doc>
<status status="PASS" start="2024-05-14T09:15:45.697757" elapsed="0.000188"/>
</kw>
<var name="${keyTwo}">username</var>
<status status="PASS" start="2024-05-14T09:15:45.696193" elapsed="0.001981"/>
</iter>
<iter>
<kw name="Dictionary Should Contain Key" owner="Collections">
<msg time="2024-05-14T09:15:45.698921" level="INFO">False</msg>
<arg>${json_data['results'][0]['login']}</arg>
<arg>${keyTwo}</arg>
<doc>Fails if ``key`` is not found from ``dictionary``.</doc>
<status status="PASS" start="2024-05-14T09:15:45.698461" elapsed="0.000499"/>
</kw>
<kw name="Dictionary Should Contain Key" owner="Collections">
<msg time="2024-05-14T09:15:45.699641" level="INFO">False</msg>
<arg>${json_data['results'][0]['login']}</arg>
<arg>${keyTwo}</arg>
<doc>Fails if ``key`` is not found from ``dictionary``.</doc>
<status status="PASS" start="2024-05-14T09:15:45.699255" elapsed="0.000422"/>
</kw>
<kw name="Log" owner="BuiltIn">
<msg time="2024-05-14T09:15:45.700090" level="INFO">password</msg>
<arg>${keyTwo}</arg>
<doc>Logs the given message with the given level.</doc>
<status status="PASS" start="2024-05-14T09:15:45.699964" elapsed="0.000162"/>
</kw>
<var name="${keyTwo}">password</var>
<status status="PASS" start="2024-05-14T09:15:45.698350" elapsed="0.001986"/>
</iter>
<var>${keyTwo}</var>
<value>@{expected_keysTwo}</value>
<status status="PASS" start="2024-05-14T09:15:45.696042" elapsed="0.004413"/>
</for>
<status status="PASS" start="2024-05-14T09:15:45.588331" elapsed="0.112260"/>
</kw>
<doc>Testa a estrutura da resposta da API.</doc>
<tag>testeEstruturaResposta</tag>
<status status="PASS" start="2024-05-14T09:15:45.587695" elapsed="0.113046"/>
</test>
<test id="s1-s1-t4" name="Validar tipos de dados" line="28">
<kw name="Teste de Tipos de Dados" owner="random-user-service">
<kw name="GET On Session" owner="RequestsLibrary">
<msg time="2024-05-14T09:15:45.778978" level="INFO">GET Request : url=https://randomuser.me/api 
 path_url=/api 
 headers={'User-Agent': 'python-requests/2.31.0', 'Accept-Encoding': 'gzip, deflate', 'Accept': '*/*', 'Connection': 'keep-alive'} 
 body=None 
 </msg>
<msg time="2024-05-14T09:15:45.779057" level="INFO">GET Response : url=https://randomuser.me/api 
 status=200, reason=OK 
 headers={'Date': 'Tue, 14 May 2024 09:15:45 GMT', 'Content-Type': 'application/json; charset=utf-8', 'Transfer-Encoding': 'chunked', 'Connection': 'keep-alive', 'X-Powered-By': 'Express', 'Access-Control-Allow-Origin': '*', 'Cache-Control': 'no-cache', 'ETag': 'W/"47e-bkLlx34LZs+ZU8EYFyXoaZwuHxE"', 'Vary': 'Accept-Encoding', 'Content-Encoding': 'gzip', 'CF-Cache-Status': 'DYNAMIC', 'Report-To': '{"endpoints":[{"url":"https:\\/\\/a.nel.cloudflare.com\\/report\\/v4?s=NmLlCM9%2Blt3T4NQPVxbXHlHtSjy01FO7IiJLsrJwJsI7m8mPORbNzzoPDY8nxOxow1TIaGtIwlFCHruSE80mnmEBjhEGV0OKaPGMOxBdopAmvc6rSdkL1bl1gyW90QKr"}],"group":"cf-nel","max_age":604800}', 'NEL': '{"success_fraction":0,"report_to":"cf-nel","max_age":604800}', 'Server': 'cloudflare', 'CF-RAY': '8839c91aacd25997-IAD', 'alt-svc': 'h3=":443"; ma=86400'} 
 body={"results":[{"gender":"female","name":{"title":"Ms","first":"Sedef","last":"Velioğlu"},"location":{"street":{"number":4350,"name":"Şehitler Cd"},"city":"Erzincan","state":"Mardin","country":"Turkey","postcode":22020,"coordinates":{"latitude":"64.8110","longitude":"56.0512"},"timezone":{"offset":"+7:00","description":"Bangkok, Hanoi, Jakarta"}},"email":"sedef.velioglu@example.com","login":{"uuid":"edfd6549-2c02-42d7-bd72-809ed389b63a","username":"blacklion112","password":"johndeer","salt":"Wajl2EB1","md5":"452ad3f4c0d16bf5410c7d6268a8d22a","sha1":"c21f8ab6fc11a5ec978d1e29216ea3c7fd0aaa79","sha256":"b6affa1c3e20f3fe63ba37f7bb649859c5b90221580b7bc9e53fc381c56751bd"},"dob":{"date":"1978-03-31T17:01:44.912Z","age":46},"registered":{"date":"2021-01-30T19:55:12.116Z","age":3},"phone":"(155)-742-6241","cell":"(044)-979-0271","id":{"name":"","value":null},"picture":{"large":"https://randomuser.me/api/portraits/women/83.jpg","medium":"https://randomuser.me/api/portraits/med/women/83.jpg","thumbnail":"https://randomuser.me/api/portraits/thumb/women/83.jpg"},"nat":"TR"}],"info":{"seed":"ec230038ed690478","results":1,"page":1,"version":"1.4"}} 
 </msg>
<msg time="2024-05-14T09:15:45.779132" level="INFO">/opt/hostedtoolcache/Python/3.12.3/x64/lib/python3.12/site-packages/urllib3/connectionpool.py:1103: InsecureRequestWarning: Unverified HTTPS request is being made to host 'randomuser.me'. Adding certificate verification is strongly advised. See: https://urllib3.readthedocs.io/en/latest/advanced-usage.html#tls-warnings
  warnings.warn(</msg>
<msg time="2024-05-14T09:15:45.779259" level="INFO">${response} = &lt;Response [200]&gt;</msg>
<var>${response}</var>
<arg>consultarAPI</arg>
<arg>/api</arg>
<doc>Sends a GET request on a previously created HTTP Session.</doc>
<status status="PASS" start="2024-05-14T09:15:45.703333" elapsed="0.075972"/>
</kw>
<kw name="Set Variable" owner="BuiltIn">
<msg time="2024-05-14T09:15:45.780129" level="INFO">${json_data} = {'results': [{'gender': 'female', 'name': {'title': 'Ms', 'first': 'Sedef', 'last': 'Velioğlu'}, 'location': {'street': {'number': 4350, 'name': 'Şehitler Cd'}, 'city': 'Erzincan', 'state': 'Mardin', ...</msg>
<var>${json_data}</var>
<arg>${response.json()}</arg>
<doc>Returns the given values which can then be assigned to a variables.</doc>
<status status="PASS" start="2024-05-14T09:15:45.779675" elapsed="0.000484"/>
</kw>
<kw name="Log" owner="BuiltIn">
<msg time="2024-05-14T09:15:45.780625" level="INFO">{'results': [{'gender': 'female', 'name': {'title': 'Ms', 'first': 'Sedef', 'last': 'Velioğlu'}, 'location': {'street': {'number': 4350, 'name': 'Şehitler Cd'}, 'city': 'Erzincan', 'state': 'Mardin', 'country': 'Turkey', 'postcode': 22020, 'coordinates': {'latitude': '64.8110', 'longitude': '56.0512'}, 'timezone': {'offset': '+7:00', 'description': 'Bangkok, Hanoi, Jakarta'}}, 'email': 'sedef.velioglu@example.com', 'login': {'uuid': 'edfd6549-2c02-42d7-bd72-809ed389b63a', 'username': 'blacklion112', 'password': 'johndeer', 'salt': 'Wajl2EB1', 'md5': '452ad3f4c0d16bf5410c7d6268a8d22a', 'sha1': 'c21f8ab6fc11a5ec978d1e29216ea3c7fd0aaa79', 'sha256': 'b6affa1c3e20f3fe63ba37f7bb649859c5b90221580b7bc9e53fc381c56751bd'}, 'dob': {'date': '1978-03-31T17:01:44.912Z', 'age': 46}, 'registered': {'date': '2021-01-30T19:55:12.116Z', 'age': 3}, 'phone': '(155)-742-6241', 'cell': '(044)-979-0271', 'id': {'name': '', 'value': None}, 'picture': {'large': 'https://randomuser.me/api/portraits/women/83.jpg', 'medium': 'https://randomuser.me/api/portraits/med/women/83.jpg', 'thumbnail': 'https://randomuser.me/api/portraits/thumb/women/83.jpg'}, 'nat': 'TR'}], 'info': {'seed': 'ec230038ed690478', 'results': 1, 'page': 1, 'version': '1.4'}}</msg>
<arg>${json_data}</arg>
<doc>Logs the given message with the given level.</doc>
<status status="PASS" start="2024-05-14T09:15:45.780464" elapsed="0.000244"/>
</kw>
<kw name="Should Be String" owner="String">
<arg>${json_data['results'][0]['gender']}</arg>
<doc>Fails if the given ``item`` is not a string.</doc>
<status status="PASS" start="2024-05-14T09:15:45.781008" elapsed="0.000409"/>
</kw>
<kw name="Should Match Regexp" owner="BuiltIn">
<arg>${json_data['results'][0]['email']}</arg>
<arg>^[a-zA-Z0-9._%+-]+@[a-zA-Z0-9.-]+\.[a-zA-Z]{2,}$</arg>
<doc>Fails if ``string`` does not match ``pattern`` as a regular expression.</doc>
<status status="PASS" start="2024-05-14T09:15:45.781611" elapsed="0.000512"/>
</kw>
<kw name="Should Match Regexp" owner="BuiltIn">
<arg>${json_data['results'][0]['dob']['date']}</arg>
<arg>\\d{4}-\\d{2}-\\d{2}T\\d{2}:\\d{2}:\\d{2}\\.\\d{3}Z</arg>
<doc>Fails if ``string`` does not match ``pattern`` as a regular expression.</doc>
<status status="PASS" start="2024-05-14T09:15:45.782317" elapsed="0.000526"/>
</kw>
<kw name="Should Match Regexp" owner="BuiltIn">
<arg>${json_data['results'][0]['registered']['date']}</arg>
<arg>\\d{4}-\\d{2}-\\d{2}T\\d{2}:\\d{2}:\\d{2}\\.\\d{3}Z</arg>
<doc>Fails if ``string`` does not match ``pattern`` as a regular expression.</doc>
<status status="PASS" start="2024-05-14T09:15:45.783037" elapsed="0.000368"/>
</kw>
<kw name="Should Match Regexp" owner="BuiltIn">
<arg>${json_data['results'][0]['picture']['large']}</arg>
<arg>^https?://.*\.(?:png|jpe?g|gif|bmp)$</arg>
<doc>Fails if ``string`` does not match ``pattern`` as a regular expression.</doc>
<status status="PASS" start="2024-05-14T09:15:45.783597" elapsed="0.000470"/>
</kw>
<kw name="Should Match Regexp" owner="BuiltIn">
<arg>${json_data['results'][0]['picture']['medium']}</arg>
<arg>^https?://.*\.(?:png|jpe?g|gif|bmp)$</arg>
<doc>Fails if ``string`` does not match ``pattern`` as a regular expression.</doc>
<status status="PASS" start="2024-05-14T09:15:45.784254" elapsed="0.000355"/>
</kw>
<kw name="Should Match Regexp" owner="BuiltIn">
<arg>${json_data['results'][0]['picture']['thumbnail']}</arg>
<arg>^https?://.*\.(?:png|jpe?g|gif|bmp)$</arg>
<doc>Fails if ``string`` does not match ``pattern`` as a regular expression.</doc>
<status status="PASS" start="2024-05-14T09:15:45.784796" elapsed="0.000347"/>
</kw>
<kw name="Log" owner="BuiltIn">
<msg time="2024-05-14T09:15:45.785666" level="INFO">{'large': 'https://randomuser.me/api/portraits/women/83.jpg', 'medium': 'https://randomuser.me/api/portraits/med/women/83.jpg', 'thumbnail': 'https://randomuser.me/api/portraits/thumb/women/83.jpg'}</msg>
<arg>${json_data['results'][0]['picture']}</arg>
<doc>Logs the given message with the given level.</doc>
<status status="PASS" start="2024-05-14T09:15:45.785342" elapsed="0.000364"/>
</kw>
<status status="PASS" start="2024-05-14T09:15:45.703105" elapsed="0.082851"/>
</kw>
<kw name="Teste de Tipos de Dados - Postcode" owner="random-user-service">
<kw name="GET On Session" owner="RequestsLibrary">
<msg time="2024-05-14T09:15:45.892348" level="INFO">GET Request : url=https://randomuser.me/api 
 path_url=/api 
 headers={'User-Agent': 'python-requests/2.31.0', 'Accept-Encoding': 'gzip, deflate', 'Accept': '*/*', 'Connection': 'keep-alive'} 
 body=None 
 </msg>
<msg time="2024-05-14T09:15:45.892428" level="INFO">GET Response : url=https://randomuser.me/api 
 status=200, reason=OK 
 headers={'Date': 'Tue, 14 May 2024 09:15:45 GMT', 'Content-Type': 'application/json; charset=utf-8', 'Transfer-Encoding': 'chunked', 'Connection': 'keep-alive', 'X-Powered-By': 'Express', 'Access-Control-Allow-Origin': '*', 'Cache-Control': 'no-cache', 'ETag': 'W/"487-5fGftgwOfBsqrFQsMxK8Djs67ew"', 'Vary': 'Accept-Encoding', 'Content-Encoding': 'gzip', 'CF-Cache-Status': 'DYNAMIC', 'Report-To': '{"endpoints":[{"url":"https:\\/\\/a.nel.cloudflare.com\\/report\\/v4?s=gB%2BOHA2UyCakECL4ascnGEa6neu%2FXCaEqnGlex0jw6x%2FODTDjO1501YCkElBKHOOovcIOopBrMhVHqVI2eM2OJCu7xPE3%2By8XUvkdP7Tq6tB60Bk1jowNwVndMZrtifj"}],"group":"cf-nel","max_age":604800}', 'NEL': '{"success_fraction":0,"report_to":"cf-nel","max_age":604800}', 'Server': 'cloudflare', 'CF-RAY': '8839c91b2d135997-IAD', 'alt-svc': 'h3=":443"; ma=86400'} 
 body={"results":[{"gender":"female","name":{"title":"Miss","first":"Clara","last":"Christensen"},"location":{"street":{"number":7131,"name":"Vibevænget"},"city":"Vesterborg","state":"Midtjylland","country":"Denmark","postcode":29316,"coordinates":{"latitude":"-42.7336","longitude":"3.9467"},"timezone":{"offset":"-11:00","description":"Midway Island, Samoa"}},"email":"clara.christensen@example.com","login":{"uuid":"3140bfe6-3858-41d5-83f2-564e63100bef","username":"biggoose469","password":"velvet","salt":"HtFe1vXm","md5":"d5fb9035e43a1147762eaa47d9ccad2c","sha1":"5d62108e150dfd4cf54f14776b3df845e14cefb4","sha256":"fdcd7dbce7a7e7c7cb3bca55bbf0e93ee9cc3bb35759bc72377bd1118f1cc53a"},"dob":{"date":"1961-12-25T04:49:04.590Z","age":62},"registered":{"date":"2020-12-28T03:33:28.221Z","age":3},"phone":"21007994","cell":"97907997","id":{"name":"CPR","value":"241261-8383"},"picture":{"large":"https://randomuser.me/api/portraits/women/38.jpg","medium":"https://randomuser.me/api/portraits/med/women/38.jpg","thumbnail":"https://randomuser.me/api/portraits/thumb/women/38.jpg"},"nat":"DK"}],"info":{"seed":"34d1f0de435d2ebb","results":1,"page":1,"version":"1.4"}} 
 </msg>
<msg time="2024-05-14T09:15:45.892499" level="INFO">/opt/hostedtoolcache/Python/3.12.3/x64/lib/python3.12/site-packages/urllib3/connectionpool.py:1103: InsecureRequestWarning: Unverified HTTPS request is being made to host 'randomuser.me'. Adding certificate verification is strongly advised. See: https://urllib3.readthedocs.io/en/latest/advanced-usage.html#tls-warnings
  warnings.warn(</msg>
<msg time="2024-05-14T09:15:45.892619" level="INFO">${response} = &lt;Response [200]&gt;</msg>
<var>${response}</var>
<arg>consultarAPI</arg>
<arg>/api</arg>
<doc>Sends a GET request on a previously created HTTP Session.</doc>
<status status="PASS" start="2024-05-14T09:15:45.786383" elapsed="0.106275"/>
</kw>
<kw name="Set Variable" owner="BuiltIn">
<msg time="2024-05-14T09:15:45.893527" level="INFO">${json_data} = {'results': [{'gender': 'female', 'name': {'title': 'Miss', 'first': 'Clara', 'last': 'Christensen'}, 'location': {'street': {'number': 7131, 'name': 'Vibevænget'}, 'city': 'Vesterborg', 'state': 'Mid...</msg>
<var>${json_data}</var>
<arg>${response.json()}</arg>
<doc>Returns the given values which can then be assigned to a variables.</doc>
<status status="PASS" start="2024-05-14T09:15:45.893010" elapsed="0.000546"/>
</kw>
<kw name="Log" owner="BuiltIn">
<msg time="2024-05-14T09:15:45.894028" level="INFO">{'results': [{'gender': 'female', 'name': {'title': 'Miss', 'first': 'Clara', 'last': 'Christensen'}, 'location': {'street': {'number': 7131, 'name': 'Vibevænget'}, 'city': 'Vesterborg', 'state': 'Midtjylland', 'country': 'Denmark', 'postcode': 29316, 'coordinates': {'latitude': '-42.7336', 'longitude': '3.9467'}, 'timezone': {'offset': '-11:00', 'description': 'Midway Island, Samoa'}}, 'email': 'clara.christensen@example.com', 'login': {'uuid': '3140bfe6-3858-41d5-83f2-564e63100bef', 'username': 'biggoose469', 'password': 'velvet', 'salt': 'HtFe1vXm', 'md5': 'd5fb9035e43a1147762eaa47d9ccad2c', 'sha1': '5d62108e150dfd4cf54f14776b3df845e14cefb4', 'sha256': 'fdcd7dbce7a7e7c7cb3bca55bbf0e93ee9cc3bb35759bc72377bd1118f1cc53a'}, 'dob': {'date': '1961-12-25T04:49:04.590Z', 'age': 62}, 'registered': {'date': '2020-12-28T03:33:28.221Z', 'age': 3}, 'phone': '21007994', 'cell': '97907997', 'id': {'name': 'CPR', 'value': '241261-8383'}, 'picture': {'large': 'https://randomuser.me/api/portraits/women/38.jpg', 'medium': 'https://randomuser.me/api/portraits/med/women/38.jpg', 'thumbnail': 'https://randomuser.me/api/portraits/thumb/women/38.jpg'}, 'nat': 'DK'}], 'info': {'seed': '34d1f0de435d2ebb', 'results': 1, 'page': 1, 'version': '1.4'}}</msg>
<arg>${json_data}</arg>
<doc>Logs the given message with the given level.</doc>
<status status="PASS" start="2024-05-14T09:15:45.893869" elapsed="0.000239"/>
</kw>
<kw name="Should Be Equal As Numbers" owner="BuiltIn">
<arg>${json_data['results'][0]['location']['postcode']}</arg>
<arg>${json_data['results'][0]['location']['postcode']}</arg>
<doc>Fails if objects are unequal after converting them to real numbers.</doc>
<status status="PASS" start="2024-05-14T09:15:45.894543" elapsed="0.000624"/>
</kw>
<kw name="Log" owner="BuiltIn">
<msg time="2024-05-14T09:15:45.895702" level="INFO">29316</msg>
<arg>${json_data['results'][0]['location']['postcode']}</arg>
<doc>Logs the given message with the given level.</doc>
<status status="PASS" start="2024-05-14T09:15:45.895362" elapsed="0.000380"/>
</kw>
<status status="PASS" start="2024-05-14T09:15:45.786168" elapsed="0.109823"/>
</kw>
<doc>Testa se os tipos de dados na resposta da API estão corretos.</doc>
<tag>testeTiposDados</tag>
<status status="PASS" start="2024-05-14T09:15:45.702543" elapsed="0.193607"/>
</test>
<test id="s1-s1-t5" name="Validar conteudo" line="35">
<kw name="Teste de Tipos de Conteudo" owner="random-user-service">
<kw name="GET On Session" owner="RequestsLibrary">
<msg time="2024-05-14T09:15:45.983687" level="INFO">GET Request : url=https://randomuser.me/api 
 path_url=/api 
 headers={'User-Agent': 'python-requests/2.31.0', 'Accept-Encoding': 'gzip, deflate', 'Accept': '*/*', 'Connection': 'keep-alive'} 
 body=None 
 </msg>
<msg time="2024-05-14T09:15:45.983753" level="INFO">GET Response : url=https://randomuser.me/api 
 status=200, reason=OK 
 headers={'Date': 'Tue, 14 May 2024 09:15:45 GMT', 'Content-Type': 'application/json; charset=utf-8', 'Transfer-Encoding': 'chunked', 'Connection': 'keep-alive', 'X-Powered-By': 'Express', 'Access-Control-Allow-Origin': '*', 'Cache-Control': 'no-cache', 'ETag': 'W/"47b-LUVU3lN+44OtM5Y/mELK7pB3ykA"', 'Vary': 'Accept-Encoding', 'Content-Encoding': 'gzip', 'CF-Cache-Status': 'DYNAMIC', 'Report-To': '{"endpoints":[{"url":"https:\\/\\/a.nel.cloudflare.com\\/report\\/v4?s=gycI8Bxsbtwvy3%2FKS3aWFArg5aqdYba5D89CYkw2s%2BIwA0Nlnj1zSaPRYslscyLTvQ9m7hO1CvKAcLe5wPeaThb7h5nYnWGuP1RgmgKSt2Y2bE9GpGpewZKz%2F%2B9IuvVE"}],"group":"cf-nel","max_age":604800}', 'NEL': '{"success_fraction":0,"report_to":"cf-nel","max_age":604800}', 'Server': 'cloudflare', 'CF-RAY': '8839c91bed5d5997-IAD', 'alt-svc': 'h3=":443"; ma=86400'} 
 body={"results":[{"gender":"female","name":{"title":"Mrs","first":"Freya","last":"Lundekvam"},"location":{"street":{"number":4587,"name":"Trasoppterrassen"},"city":"Haga","state":"Oslo","country":"Norway","postcode":"2212","coordinates":{"latitude":"44.6715","longitude":"91.6988"},"timezone":{"offset":"+7:00","description":"Bangkok, Hanoi, Jakarta"}},"email":"freya.lundekvam@example.com","login":{"uuid":"588d7e39-e158-4100-8211-d5aef9c886f2","username":"bigsnake411","password":"banana","salt":"etGdddUj","md5":"c4847adabcb3a63130fee37ce944391c","sha1":"d0c47412fcb2ff228f1cb1713b165c707ab7393b","sha256":"0dd5f3f048a0583b69adcd27014da6123b097b2044c63102c4a2ef8b70adac4c"},"dob":{"date":"1981-11-28T13:42:43.870Z","age":42},"registered":{"date":"2020-07-24T05:17:10.823Z","age":3},"phone":"67554918","cell":"94743681","id":{"name":"FN","value":"28118140232"},"picture":{"large":"https://randomuser.me/api/portraits/women/93.jpg","medium":"https://randomuser.me/api/portraits/med/women/93.jpg","thumbnail":"https://randomuser.me/api/portraits/thumb/women/93.jpg"},"nat":"NO"}],"info":{"seed":"c3e2aef04b8bd236","results":1,"page":1,"version":"1.4"}} 
 </msg>
<msg time="2024-05-14T09:15:45.983809" level="INFO">/opt/hostedtoolcache/Python/3.12.3/x64/lib/python3.12/site-packages/urllib3/connectionpool.py:1103: InsecureRequestWarning: Unverified HTTPS request is being made to host 'randomuser.me'. Adding certificate verification is strongly advised. See: https://urllib3.readthedocs.io/en/latest/advanced-usage.html#tls-warnings
  warnings.warn(</msg>
<msg time="2024-05-14T09:15:45.983913" level="INFO">${response} = &lt;Response [200]&gt;</msg>
<var>${response}</var>
<arg>consultarAPI</arg>
<arg>/api</arg>
<doc>Sends a GET request on a previously created HTTP Session.</doc>
<status status="PASS" start="2024-05-14T09:15:45.898672" elapsed="0.085283"/>
</kw>
<kw name="Set Variable" owner="BuiltIn">
<msg time="2024-05-14T09:15:45.984828" level="INFO">${json_data} = {'results': [{'gender': 'female', 'name': {'title': 'Mrs', 'first': 'Freya', 'last': 'Lundekvam'}, 'location': {'street': {'number': 4587, 'name': 'Trasoppterrassen'}, 'city': 'Haga', 'state': 'Oslo',...</msg>
<var>${json_data}</var>
<arg>${response.json()}</arg>
<doc>Returns the given values which can then be assigned to a variables.</doc>
<status status="PASS" start="2024-05-14T09:15:45.984384" elapsed="0.000471"/>
</kw>
<kw name="Set Variable" owner="BuiltIn">
<msg time="2024-05-14T09:15:45.985587" level="INFO">${name_title} = Mrs</msg>
<var>${name_title}</var>
<arg>${json_data["results"][0]["name"]["title"]}</arg>
<doc>Returns the given values which can then be assigned to a variables.</doc>
<status status="PASS" start="2024-05-14T09:15:45.985154" elapsed="0.000458"/>
</kw>
<kw name="Create List" owner="BuiltIn">
<msg time="2024-05-14T09:15:45.986061" level="INFO">${allowed_titles} = ['Mr', 'Ms', 'Miss', 'Mrs', 'Madame', 'Monsieur']</msg>
<var>${allowed_titles}</var>
<arg>Mr</arg>
<arg>Ms</arg>
<arg>Miss</arg>
<arg>Mrs</arg>
<arg>Madame</arg>
<arg>Monsieur</arg>
<doc>Returns a list containing given items.</doc>
<status status="PASS" start="2024-05-14T09:15:45.985912" elapsed="0.000174"/>
</kw>
<kw name="List Should Contain Value" owner="Collections">
<msg time="2024-05-14T09:15:45.986553" level="INFO">False</msg>
<arg>${allowed_titles}</arg>
<arg>${name_title}</arg>
<doc>Fails if the ``value`` is not found from ``list``.</doc>
<status status="PASS" start="2024-05-14T09:15:45.986383" elapsed="0.000207"/>
</kw>
<kw name="Set Variable" owner="BuiltIn">
<msg time="2024-05-14T09:15:45.987259" level="INFO">${name_country} = NO</msg>
<var>${name_country}</var>
<arg>${json_data["results"][0]["nat"]}</arg>
<doc>Returns the given values which can then be assigned to a variables.</doc>
<status status="PASS" start="2024-05-14T09:15:45.986880" elapsed="0.000404"/>
</kw>
<kw name="Create List" owner="BuiltIn">
<msg time="2024-05-14T09:15:45.988168" level="INFO">${list_country} = ['AD', 'AE', 'AF', 'AG', 'AI', 'AL', 'AM', 'AO', 'AQ', 'AR', 'AS', 'AT', 'AU', 'AW', 'AX', 'AZ', 'BA', 'BB', 'BD', 'BE', 'BF', 'BG', 'BH', 'BI', 'BJ', 'BL', 'BM', 'BN', 'BO', 'BQ', 'BR', 'BS', 'BT', '...</msg>
<var>${list_country}</var>
<arg>AD</arg>
<arg>AE</arg>
<arg>AF</arg>
<arg>AG</arg>
<arg>AI</arg>
<arg>AL</arg>
<arg>AM</arg>
<arg>AO</arg>
<arg>AQ</arg>
<arg>AR</arg>
<arg>AS</arg>
<arg>AT</arg>
<arg>AU</arg>
<arg>AW</arg>
<arg>AX</arg>
<arg>AZ</arg>
<arg>BA</arg>
<arg>BB</arg>
<arg>BD</arg>
<arg>BE</arg>
<arg>BF</arg>
<arg>BG</arg>
<arg>BH</arg>
<arg>BI</arg>
<arg>BJ</arg>
<arg>BL</arg>
<arg>BM</arg>
<arg>BN</arg>
<arg>BO</arg>
<arg>BQ</arg>
<arg>BR</arg>
<arg>BS</arg>
<arg>BT</arg>
<arg>BV</arg>
<arg>BW</arg>
<arg>BY</arg>
<arg>BZ</arg>
<arg>CA</arg>
<arg>CC</arg>
<arg>CD</arg>
<arg>CF</arg>
<arg>CG</arg>
<arg>CH</arg>
<arg>CI</arg>
<arg>CK</arg>
<arg>CL</arg>
<arg>CM</arg>
<arg>CN</arg>
<arg>CO</arg>
<arg>CR</arg>
<arg>CU</arg>
<arg>CV</arg>
<arg>CW</arg>
<arg>CX</arg>
<arg>CY</arg>
<arg>CZ</arg>
<arg>DE</arg>
<arg>DJ</arg>
<arg>DK</arg>
<arg>DM</arg>
<arg>DO</arg>
<arg>DZ</arg>
<arg>EC</arg>
<arg>EE</arg>
<arg>EG</arg>
<arg>EH</arg>
<arg>ER</arg>
<arg>ES</arg>
<arg>ET</arg>
<arg>FI</arg>
<arg>FJ</arg>
<arg>FK</arg>
<arg>FM</arg>
<arg>FO</arg>
<arg>FR</arg>
<arg>GA</arg>
<arg>GB</arg>
<arg>GD</arg>
<arg>GE</arg>
<arg>GF</arg>
<arg>GG</arg>
<arg>GH</arg>
<arg>GI</arg>
<arg>GL</arg>
<arg>GM</arg>
<arg>GN</arg>
<arg>GP</arg>
<arg>GQ</arg>
<arg>GR</arg>
<arg>GS</arg>
<arg>GT</arg>
<arg>GU</arg>
<arg>GW</arg>
<arg>GY</arg>
<arg>HK</arg>
<arg>HM</arg>
<arg>HN</arg>
<arg>HR</arg>
<arg>HT</arg>
<arg>HU</arg>
<arg>ID</arg>
<arg>IE</arg>
<arg>IL</arg>
<arg>IM</arg>
<arg>IN</arg>
<arg>IO</arg>
<arg>IQ</arg>
<arg>IR</arg>
<arg>IS</arg>
<arg>IT</arg>
<arg>JE</arg>
<arg>JM</arg>
<arg>JO</arg>
<arg>JP</arg>
<arg>KE</arg>
<arg>KG</arg>
<arg>KH</arg>
<arg>KI</arg>
<arg>KM</arg>
<arg>KN</arg>
<arg>KP</arg>
<arg>KR</arg>
<arg>KW</arg>
<arg>KY</arg>
<arg>KZ</arg>
<arg>LA</arg>
<arg>LB</arg>
<arg>LC</arg>
<arg>LI</arg>
<arg>LK</arg>
<arg>LR</arg>
<arg>LS</arg>
<arg>LT</arg>
<arg>LU</arg>
<arg>LV</arg>
<arg>LY</arg>
<arg>MA</arg>
<arg>MC</arg>
<arg>MD</arg>
<arg>ME</arg>
<arg>MF</arg>
<arg>MG</arg>
<arg>MH</arg>
<arg>MK</arg>
<arg>ML</arg>
<arg>MM</arg>
<arg>MN</arg>
<arg>MO</arg>
<arg>MP</arg>
<arg>MQ</arg>
<arg>MR</arg>
<arg>MS</arg>
<arg>MT</arg>
<arg>MU</arg>
<arg>MV</arg>
<arg>MW</arg>
<arg>MX</arg>
<arg>MY</arg>
<arg>MZ</arg>
<arg>NA</arg>
<arg>NC</arg>
<arg>NE</arg>
<arg>NF</arg>
<arg>NG</arg>
<arg>NI</arg>
<arg>NL</arg>
<arg>NO</arg>
<arg>NP</arg>
<arg>NR</arg>
<arg>NU</arg>
<arg>NZ</arg>
<arg>OM</arg>
<arg>PA</arg>
<arg>PE</arg>
<arg>PF</arg>
<arg>PG</arg>
<arg>PH</arg>
<arg>PK</arg>
<arg>PL</arg>
<arg>PM</arg>
<arg>PN</arg>
<arg>PR</arg>
<arg>PS</arg>
<arg>PT</arg>
<arg>PW</arg>
<arg>PY</arg>
<arg>QA</arg>
<arg>RE</arg>
<arg>RO</arg>
<arg>RS</arg>
<arg>RU</arg>
<arg>RW</arg>
<arg>SA</arg>
<arg>SB</arg>
<arg>SC</arg>
<arg>SD</arg>
<arg>SE</arg>
<arg>SG</arg>
<arg>SH</arg>
<arg>SI</arg>
<arg>SJ</arg>
<arg>SK</arg>
<arg>SL</arg>
<arg>SM</arg>
<arg>SN</arg>
<arg>SO</arg>
<arg>SR</arg>
<arg>SS</arg>
<arg>ST</arg>
<arg>SV</arg>
<arg>SX</arg>
<arg>SY</arg>
<arg>SZ</arg>
<arg>TC</arg>
<arg>TD</arg>
<arg>TF</arg>
<arg>TG</arg>
<arg>TH</arg>
<arg>TJ</arg>
<arg>TK</arg>
<arg>TL</arg>
<arg>TM</arg>
<arg>TN</arg>
<arg>TO</arg>
<arg>TR</arg>
<arg>TT</arg>
<arg>TV</arg>
<arg>TW</arg>
<arg>TZ</arg>
<arg>UA</arg>
<arg>UG</arg>
<arg>UM</arg>
<arg>US</arg>
<arg>UY</arg>
<arg>UZ</arg>
<arg>VA</arg>
<arg>VC</arg>
<arg>VE</arg>
<arg>VG</arg>
<arg>VI</arg>
<arg>VN</arg>
<arg>VU</arg>
<arg>WF</arg>
<arg>WS</arg>
<arg>XK</arg>
<arg>YE</arg>
<arg>YT</arg>
<arg>ZA</arg>
<arg>ZM</arg>
<arg>ZW</arg>
<doc>Returns a list containing given items.</doc>
<status status="PASS" start="2024-05-14T09:15:45.987582" elapsed="0.000612"/>
</kw>
<kw name="List Should Contain Value" owner="Collections">
<msg time="2024-05-14T09:15:45.989186" level="INFO">False</msg>
<arg>${list_country}</arg>
<arg>${name_country}</arg>
<doc>Fails if the ``value`` is not found from ``list``.</doc>
<status status="PASS" start="2024-05-14T09:15:45.988985" elapsed="0.000237"/>
</kw>
<kw name="Run Keyword If" owner="BuiltIn">
<kw name="Should Be True" owner="BuiltIn">
<arg>${True}</arg>
<doc>Fails if the given condition is not true.</doc>
<status status="PASS" start="2024-05-14T09:15:45.990317" elapsed="0.000251"/>
</kw>
<arg>${json_data["results"][0]["location"]["coordinates"]["latitude"]} &gt;= -90 and ${json_data["results"][0]["location"]["coordinates"]["latitude"]} &lt;= 90</arg>
<arg>Should Be True</arg>
<arg>${True}</arg>
<doc>Runs the given keyword with the given arguments, if ``condition`` is true.</doc>
<status status="PASS" start="2024-05-14T09:15:45.989566" elapsed="0.001135"/>
</kw>
<kw name="Run Keyword If" owner="BuiltIn">
<kw name="Should Be True" owner="BuiltIn">
<arg>${True}</arg>
<doc>Fails if the given condition is not true.</doc>
<status status="PASS" start="2024-05-14T09:15:45.991613" elapsed="0.000139"/>
</kw>
<arg>${json_data["results"][0]["location"]["coordinates"]["longitude"]} &gt;= -180 and ${json_data["results"][0]["location"]["coordinates"]["longitude"]} &lt;= 180</arg>
<arg>Should Be True</arg>
<arg>${True}</arg>
<doc>Runs the given keyword with the given arguments, if ``condition`` is true.</doc>
<status status="PASS" start="2024-05-14T09:15:45.990889" elapsed="0.000986"/>
</kw>
<status status="PASS" start="2024-05-14T09:15:45.898450" elapsed="0.093554"/>
</kw>
<doc>Testa o conteúdo específico dos campos retornados pela API.</doc>
<tag>testeConteudo</tag>
<status status="PASS" start="2024-05-14T09:15:45.897916" elapsed="0.094228"/>
</test>
<status status="PASS" start="2024-05-14T09:15:45.102887" elapsed="0.891267"/>
</suite>
<status status="PASS" start="2024-05-14T09:15:45.088278" elapsed="0.911022"/>
</suite>
<statistics>
<total>
<stat pass="5" fail="0" skip="0">All Tests</stat>
</total>
<tag>
<stat pass="1" fail="0" skip="0">testeConteudo</stat>
<stat pass="1" fail="0" skip="0">testeEstruturaResposta</stat>
<stat pass="1" fail="0" skip="0">testeRequisicaoBasica</stat>
<stat pass="1" fail="0" skip="0">testeTiposDados</stat>
</tag>
<suite>
<stat pass="5" fail="0" skip="0" id="s1" name="Tests">Tests</stat>
<stat pass="5" fail="0" skip="0" id="s1-s1" name="Random-User-Test">Tests.Random-User-Test</stat>
</suite>
</statistics>
<errors>
</errors>
</robot>
