<?xml version="1.0" encoding="UTF-8"?>
<robot generator="Robot 7.0.1 (Python 3.12.4 on linux)" generated="2024-08-05T07:15:14.430669" rpa="false" schemaversion="5">
<suite id="s1" name="Tests" source="/home/runner/work/ApiRandomUser/ApiRandomUser/RamdonUser/tests">
<suite id="s1-s1" name="Random-User-Test" source="/home/runner/work/ApiRandomUser/ApiRandomUser/RamdonUser/tests/random-user-test.robot">
<test id="s1-s1-t1" name="Conectar" line="13">
<kw name="Conectar API" owner="random-user-service">
<kw name="Create Session" owner="RequestsLibrary">
<msg time="2024-08-05T07:15:14.862856" level="INFO">Creating Session using : alias=consultarAPI, url=https://randomuser.me/, headers={},                     cookies={}, auth=None, timeout=None, proxies=None, verify=False,                     debug=0 </msg>
<arg>consultarAPI</arg>
<arg>${URL}</arg>
<doc>Create Session: create a HTTP session to a server</doc>
<status status="PASS" start="2024-08-05T07:15:14.862655" elapsed="0.000381"/>
</kw>
<status status="PASS" start="2024-08-05T07:15:14.861583" elapsed="0.001817"/>
</kw>
<status status="PASS" start="2024-08-05T07:15:14.861032" elapsed="0.002562"/>
</test>
<test id="s1-s1-t2" name="Validar retorno 200 e JSON Válido" line="16">
<kw name="Teste de Requisicao Basica" owner="random-user-service">
<kw name="GET On Session" owner="RequestsLibrary">
<msg time="2024-08-05T07:15:14.997443" level="INFO">GET Request : url=https://randomuser.me/api 
 path_url=/api 
 headers={'User-Agent': 'python-requests/2.32.3', 'Accept-Encoding': 'gzip, deflate', 'Accept': '*/*', 'Connection': 'keep-alive'} 
 body=None 
 </msg>
<msg time="2024-08-05T07:15:14.997622" level="INFO">GET Response : url=https://randomuser.me/api 
 status=200, reason=OK 
 headers={'Date': 'Mon, 05 Aug 2024 07:15:14 GMT', 'Content-Type': 'application/json; charset=utf-8', 'Transfer-Encoding': 'chunked', 'Connection': 'keep-alive', 'X-Powered-By': 'Express', 'Access-Control-Allow-Origin': '*', 'Cache-Control': 'no-cache', 'ETag': 'W/"495-BJ7P9n+pIR2nQSrio9dUC/pM7G8"', 'Vary': 'Accept-Encoding', 'Content-Encoding': 'gzip', 'CF-Cache-Status': 'DYNAMIC', 'Report-To': '{"endpoints":[{"url":"https:\\/\\/a.nel.cloudflare.com\\/report\\/v4?s=oWvKZ5I1Re1JtSAPT5WoXELcoC4MSTrv0sqpGO7MnwlAKZd5y7kDUgMVirVaH6VZ3L9moFE0JUz9sn5TTn3ptybJhH86jIeiQzXb8rTS0w6GX6eFRY9kAs%2BLsyg8VdM%2F"}],"group":"cf-nel","max_age":604800}', 'NEL': '{"success_fraction":0,"report_to":"cf-nel","max_age":604800}', 'Server': 'cloudflare', 'CF-RAY': '8ae4feb2196a23a9-SJC', 'alt-svc': 'h3=":443"; ma=86400'} 
 body={"results":[{"gender":"male","name":{"title":"Mr","first":"Auguste","last":"Gaillard"},"location":{"street":{"number":6639,"name":"Grande Rue"},"city":"Lille","state":"Calvados","country":"France","postcode":84615,"coordinates":{"latitude":"-14.8886","longitude":"-160.9350"},"timezone":{"offset":"-3:00","description":"Brazil, Buenos Aires, Georgetown"}},"email":"auguste.gaillard@example.com","login":{"uuid":"155a262d-bba6-499a-a4c8-6587bd39290e","username":"smalllion473","password":"darkman","salt":"TUMAKMP6","md5":"b5f82e21b2e11d6fbad2fe12034000a2","sha1":"8bae8e961a52e2bee5dfda72c258450155aefbde","sha256":"bbf58a4ba040cbca4826471f9efcd0ec068bedf8984d4f000a2a8f2c7951fcdd"},"dob":{"date":"1963-01-29T19:36:46.337Z","age":61},"registered":{"date":"2012-07-28T04:08:05.055Z","age":12},"phone":"04-82-61-60-98","cell":"06-52-94-63-73","id":{"name":"INSEE","value":"1630088195072 11"},"picture":{"large":"https://randomuser.me/api/portraits/men/45.jpg","medium":"https://randomuser.me/api/portraits/med/men/45.jpg","thumbnail":"https://randomuser.me/api/portraits/thumb/men/45.jpg"},"nat":"FR"}],"info":{"seed":"e7a2bbba2553259b","results":1,"page":1,"version":"1.4"}} 
 </msg>
<msg time="2024-08-05T07:15:14.997711" level="INFO">/opt/hostedtoolcache/Python/3.12.4/x64/lib/python3.12/site-packages/urllib3/connectionpool.py:1099: InsecureRequestWarning: Unverified HTTPS request is being made to host 'randomuser.me'. Adding certificate verification is strongly advised. See: https://urllib3.readthedocs.io/en/latest/advanced-usage.html#tls-warnings
  warnings.warn(</msg>
<msg time="2024-08-05T07:15:14.997861" level="INFO">${response} = &lt;Response [200]&gt;</msg>
<var>${response}</var>
<arg>consultarAPI</arg>
<arg>/api</arg>
<doc>Sends a GET request on a previously created HTTP Session.</doc>
<status status="PASS" start="2024-08-05T07:15:14.866144" elapsed="0.131759"/>
</kw>
<kw name="Should Be Equal As Numbers" owner="BuiltIn">
<msg time="2024-08-05T07:15:14.998955" level="INFO">Argument types are:
&lt;class 'int'&gt;
&lt;class 'str'&gt;</msg>
<arg>${response.status_code}</arg>
<arg>200</arg>
<doc>Fails if objects are unequal after converting them to real numbers.</doc>
<status status="PASS" start="2024-08-05T07:15:14.998447" elapsed="0.000575"/>
</kw>
<kw name="Log" owner="BuiltIn">
<msg time="2024-08-05T07:15:14.999771" level="INFO">200</msg>
<arg>${response.status_code}</arg>
<doc>Logs the given message with the given level.</doc>
<status status="PASS" start="2024-08-05T07:15:14.999389" elapsed="0.000426"/>
</kw>
<kw name="Set Variable" owner="BuiltIn">
<msg time="2024-08-05T07:15:15.000610" level="INFO">${json_data} = {'results': [{'gender': 'male', 'name': {'title': 'Mr', 'first': 'Auguste', 'last': 'Gaillard'}, 'location': {'street': {'number': 6639, 'name': 'Grande Rue'}, 'city': 'Lille', 'state': 'Calvados', 'c...</msg>
<var>${json_data}</var>
<arg>${response.json()}</arg>
<doc>Returns the given values which can then be assigned to a variables.</doc>
<status status="PASS" start="2024-08-05T07:15:15.000153" elapsed="0.000485"/>
</kw>
<kw name="Dictionary Should Contain Key" owner="Collections">
<arg>${json_data}</arg>
<arg>results</arg>
<doc>Fails if ``key`` is not found from ``dictionary``.</doc>
<status status="PASS" start="2024-08-05T07:15:15.000953" elapsed="0.000340"/>
</kw>
<status status="PASS" start="2024-08-05T07:15:14.865901" elapsed="0.135551"/>
</kw>
<doc>Testa se a API responde corretamente e retorna um objeto JSON válido.</doc>
<tag>testeRequisicaoBasica</tag>
<status status="PASS" start="2024-08-05T07:15:14.865441" elapsed="0.136189"/>
</test>
<test id="s1-s1-t3" name="Validar estrutura de resposta" line="22">
<kw name="Teste de Estrutura de Resposta" owner="random-user-service">
<kw name="GET On Session" owner="RequestsLibrary">
<msg time="2024-08-05T07:15:15.111061" level="INFO">GET Request : url=https://randomuser.me/api 
 path_url=/api 
 headers={'User-Agent': 'python-requests/2.32.3', 'Accept-Encoding': 'gzip, deflate', 'Accept': '*/*', 'Connection': 'keep-alive'} 
 body=None 
 </msg>
<msg time="2024-08-05T07:15:15.111167" level="INFO">GET Response : url=https://randomuser.me/api 
 status=200, reason=OK 
 headers={'Date': 'Mon, 05 Aug 2024 07:15:15 GMT', 'Content-Type': 'application/json; charset=utf-8', 'Transfer-Encoding': 'chunked', 'Connection': 'keep-alive', 'X-Powered-By': 'Express', 'Access-Control-Allow-Origin': '*', 'Cache-Control': 'no-cache', 'ETag': 'W/"46e-PbxVK+IY3d/wuWfvwQweLEf3eUU"', 'Vary': 'Accept-Encoding', 'Content-Encoding': 'gzip', 'CF-Cache-Status': 'DYNAMIC', 'Report-To': '{"endpoints":[{"url":"https:\\/\\/a.nel.cloudflare.com\\/report\\/v4?s=%2FJqAkVc0EzMDM2fg6d4xHOI1ie6L882OzS%2FFDlkqUu539Fu6XGqjjg0BAGGEjHEEG1QMqKxCneiroDQxRS1o%2Bq0826F%2BPAxi1cDGCvL6t2ThmB%2BtYYbzPBzI5giW7JPW"}],"group":"cf-nel","max_age":604800}', 'NEL': '{"success_fraction":0,"report_to":"cf-nel","max_age":604800}', 'Server': 'cloudflare', 'CF-RAY': '8ae4feb2c9eb23a9-SJC', 'alt-svc': 'h3=":443"; ma=86400'} 
 body={"results":[{"gender":"female","name":{"title":"Mrs","first":"Delphine","last":"Lam"},"location":{"street":{"number":3794,"name":"3rd St"},"city":"Selkirk","state":"Québec","country":"Canada","postcode":"F9Y 8O0","coordinates":{"latitude":"-68.5064","longitude":"6.4228"},"timezone":{"offset":"+4:30","description":"Kabul"}},"email":"delphine.lam@example.com","login":{"uuid":"577a61bd-e38e-49ca-b505-81b55baf3b3d","username":"greenleopard184","password":"898989","salt":"oF5KWQ9w","md5":"0fe291731bc85d4d491f1f4b4a58521c","sha1":"4ea18df9d722c595f143bd957327dfd541180435","sha256":"e2b6f2d6ace5edc27dcb91b7078a15cea53f5641ec90fbf173f7bee7904a6df9"},"dob":{"date":"1983-12-03T19:58:28.262Z","age":40},"registered":{"date":"2008-10-31T14:44:08.267Z","age":15},"phone":"T69 G72-8369","cell":"E13 J29-5699","id":{"name":"SIN","value":"349941963"},"picture":{"large":"https://randomuser.me/api/portraits/women/30.jpg","medium":"https://randomuser.me/api/portraits/med/women/30.jpg","thumbnail":"https://randomuser.me/api/portraits/thumb/women/30.jpg"},"nat":"CA"}],"info":{"seed":"03b957fa351803aa","results":1,"page":1,"version":"1.4"}} 
 </msg>
<msg time="2024-08-05T07:15:15.111296" level="INFO">/opt/hostedtoolcache/Python/3.12.4/x64/lib/python3.12/site-packages/urllib3/connectionpool.py:1099: InsecureRequestWarning: Unverified HTTPS request is being made to host 'randomuser.me'. Adding certificate verification is strongly advised. See: https://urllib3.readthedocs.io/en/latest/advanced-usage.html#tls-warnings
  warnings.warn(</msg>
<msg time="2024-08-05T07:15:15.111429" level="INFO">${response} = &lt;Response [200]&gt;</msg>
<var>${response}</var>
<arg>consultarAPI</arg>
<arg>/api</arg>
<doc>Sends a GET request on a previously created HTTP Session.</doc>
<status status="PASS" start="2024-08-05T07:15:15.004269" elapsed="0.107201"/>
</kw>
<kw name="Set Variable" owner="BuiltIn">
<msg time="2024-08-05T07:15:15.112506" level="INFO">${json_data} = {'results': [{'gender': 'female', 'name': {'title': 'Mrs', 'first': 'Delphine', 'last': 'Lam'}, 'location': {'street': {'number': 3794, 'name': '3rd St'}, 'city': 'Selkirk', 'state': 'Québec', 'countr...</msg>
<var>${json_data}</var>
<arg>${response.json()}</arg>
<doc>Returns the given values which can then be assigned to a variables.</doc>
<status status="PASS" start="2024-08-05T07:15:15.111968" elapsed="0.000568"/>
</kw>
<kw name="Log" owner="BuiltIn">
<msg time="2024-08-05T07:15:15.113012" level="INFO">{'results': [{'gender': 'female', 'name': {'title': 'Mrs', 'first': 'Delphine', 'last': 'Lam'}, 'location': {'street': {'number': 3794, 'name': '3rd St'}, 'city': 'Selkirk', 'state': 'Québec', 'country': 'Canada', 'postcode': 'F9Y 8O0', 'coordinates': {'latitude': '-68.5064', 'longitude': '6.4228'}, 'timezone': {'offset': '+4:30', 'description': 'Kabul'}}, 'email': 'delphine.lam@example.com', 'login': {'uuid': '577a61bd-e38e-49ca-b505-81b55baf3b3d', 'username': 'greenleopard184', 'password': '898989', 'salt': 'oF5KWQ9w', 'md5': '0fe291731bc85d4d491f1f4b4a58521c', 'sha1': '4ea18df9d722c595f143bd957327dfd541180435', 'sha256': 'e2b6f2d6ace5edc27dcb91b7078a15cea53f5641ec90fbf173f7bee7904a6df9'}, 'dob': {'date': '1983-12-03T19:58:28.262Z', 'age': 40}, 'registered': {'date': '2008-10-31T14:44:08.267Z', 'age': 15}, 'phone': 'T69 G72-8369', 'cell': 'E13 J29-5699', 'id': {'name': 'SIN', 'value': '349941963'}, 'picture': {'large': 'https://randomuser.me/api/portraits/women/30.jpg', 'medium': 'https://randomuser.me/api/portraits/med/women/30.jpg', 'thumbnail': 'https://randomuser.me/api/portraits/thumb/women/30.jpg'}, 'nat': 'CA'}], 'info': {'seed': '03b957fa351803aa', 'results': 1, 'page': 1, 'version': '1.4'}}</msg>
<arg>${json_data}</arg>
<doc>Logs the given message with the given level.</doc>
<status status="PASS" start="2024-08-05T07:15:15.112845" elapsed="0.000216"/>
</kw>
<kw name="Dictionary Should Contain Key" owner="Collections">
<arg>${json_data}</arg>
<arg>results</arg>
<doc>Fails if ``key`` is not found from ``dictionary``.</doc>
<status status="PASS" start="2024-08-05T07:15:15.113356" elapsed="0.000172"/>
</kw>
<kw name="Should Not Be Empty" owner="BuiltIn">
<msg time="2024-08-05T07:15:15.113842" level="INFO">Length is 2.</msg>
<arg>${json_data}</arg>
<doc>Verifies that the given item is not empty.</doc>
<status status="PASS" start="2024-08-05T07:15:15.113715" elapsed="0.000164"/>
</kw>
<kw name="Create List" owner="BuiltIn">
<msg time="2024-08-05T07:15:15.114316" level="INFO">${expected_keys} = ['gender', 'name', 'location', 'email', 'login']</msg>
<var>${expected_keys}</var>
<arg>gender</arg>
<arg>name</arg>
<arg>location</arg>
<arg>email</arg>
<arg>login</arg>
<doc>Returns a list containing given items.</doc>
<status status="PASS" start="2024-08-05T07:15:15.114167" elapsed="0.000173"/>
</kw>
<for flavor="IN">
<iter>
<kw name="Dictionary Should Contain Key" owner="Collections">
<arg>${json_data['results'][0]}</arg>
<arg>${key}</arg>
<doc>Fails if ``key`` is not found from ``dictionary``.</doc>
<status status="PASS" start="2024-08-05T07:15:15.114979" elapsed="0.000413"/>
</kw>
<kw name="Log" owner="BuiltIn">
<msg time="2024-08-05T07:15:15.115948" level="INFO">{'gender': 'female', 'name': {'title': 'Mrs', 'first': 'Delphine', 'last': 'Lam'}, 'location': {'street': {'number': 3794, 'name': '3rd St'}, 'city': 'Selkirk', 'state': 'Québec', 'country': 'Canada', 'postcode': 'F9Y 8O0', 'coordinates': {'latitude': '-68.5064', 'longitude': '6.4228'}, 'timezone': {'offset': '+4:30', 'description': 'Kabul'}}, 'email': 'delphine.lam@example.com', 'login': {'uuid': '577a61bd-e38e-49ca-b505-81b55baf3b3d', 'username': 'greenleopard184', 'password': '898989', 'salt': 'oF5KWQ9w', 'md5': '0fe291731bc85d4d491f1f4b4a58521c', 'sha1': '4ea18df9d722c595f143bd957327dfd541180435', 'sha256': 'e2b6f2d6ace5edc27dcb91b7078a15cea53f5641ec90fbf173f7bee7904a6df9'}, 'dob': {'date': '1983-12-03T19:58:28.262Z', 'age': 40}, 'registered': {'date': '2008-10-31T14:44:08.267Z', 'age': 15}, 'phone': 'T69 G72-8369', 'cell': 'E13 J29-5699', 'id': {'name': 'SIN', 'value': '349941963'}, 'picture': {'large': 'https://randomuser.me/api/portraits/women/30.jpg', 'medium': 'https://randomuser.me/api/portraits/med/women/30.jpg', 'thumbnail': 'https://randomuser.me/api/portraits/thumb/women/30.jpg'}, 'nat': 'CA'}</msg>
<arg>${json_data['results'][0]}</arg>
<doc>Logs the given message with the given level.</doc>
<status status="PASS" start="2024-08-05T07:15:15.115586" elapsed="0.000423"/>
</kw>
<kw name="Log" owner="BuiltIn">
<msg time="2024-08-05T07:15:15.116447" level="INFO">gender</msg>
<arg>${key}</arg>
<doc>Logs the given message with the given level.</doc>
<status status="PASS" start="2024-08-05T07:15:15.116315" elapsed="0.000171"/>
</kw>
<var name="${key}">gender</var>
<status status="PASS" start="2024-08-05T07:15:15.114844" elapsed="0.001865"/>
</iter>
<iter>
<kw name="Dictionary Should Contain Key" owner="Collections">
<arg>${json_data['results'][0]}</arg>
<arg>${key}</arg>
<doc>Fails if ``key`` is not found from ``dictionary``.</doc>
<status status="PASS" start="2024-08-05T07:15:15.117014" elapsed="0.000410"/>
</kw>
<kw name="Log" owner="BuiltIn">
<msg time="2024-08-05T07:15:15.117976" level="INFO">{'gender': 'female', 'name': {'title': 'Mrs', 'first': 'Delphine', 'last': 'Lam'}, 'location': {'street': {'number': 3794, 'name': '3rd St'}, 'city': 'Selkirk', 'state': 'Québec', 'country': 'Canada', 'postcode': 'F9Y 8O0', 'coordinates': {'latitude': '-68.5064', 'longitude': '6.4228'}, 'timezone': {'offset': '+4:30', 'description': 'Kabul'}}, 'email': 'delphine.lam@example.com', 'login': {'uuid': '577a61bd-e38e-49ca-b505-81b55baf3b3d', 'username': 'greenleopard184', 'password': '898989', 'salt': 'oF5KWQ9w', 'md5': '0fe291731bc85d4d491f1f4b4a58521c', 'sha1': '4ea18df9d722c595f143bd957327dfd541180435', 'sha256': 'e2b6f2d6ace5edc27dcb91b7078a15cea53f5641ec90fbf173f7bee7904a6df9'}, 'dob': {'date': '1983-12-03T19:58:28.262Z', 'age': 40}, 'registered': {'date': '2008-10-31T14:44:08.267Z', 'age': 15}, 'phone': 'T69 G72-8369', 'cell': 'E13 J29-5699', 'id': {'name': 'SIN', 'value': '349941963'}, 'picture': {'large': 'https://randomuser.me/api/portraits/women/30.jpg', 'medium': 'https://randomuser.me/api/portraits/med/women/30.jpg', 'thumbnail': 'https://randomuser.me/api/portraits/thumb/women/30.jpg'}, 'nat': 'CA'}</msg>
<arg>${json_data['results'][0]}</arg>
<doc>Logs the given message with the given level.</doc>
<status status="PASS" start="2024-08-05T07:15:15.117612" elapsed="0.000454"/>
</kw>
<kw name="Log" owner="BuiltIn">
<msg time="2024-08-05T07:15:15.118498" level="INFO">name</msg>
<arg>${key}</arg>
<doc>Logs the given message with the given level.</doc>
<status status="PASS" start="2024-08-05T07:15:15.118368" elapsed="0.000190"/>
</kw>
<var name="${key}">name</var>
<status status="PASS" start="2024-08-05T07:15:15.116898" elapsed="0.001886"/>
</iter>
<iter>
<kw name="Dictionary Should Contain Key" owner="Collections">
<arg>${json_data['results'][0]}</arg>
<arg>${key}</arg>
<doc>Fails if ``key`` is not found from ``dictionary``.</doc>
<status status="PASS" start="2024-08-05T07:15:15.119072" elapsed="0.000383"/>
</kw>
<kw name="Log" owner="BuiltIn">
<msg time="2024-08-05T07:15:15.119995" level="INFO">{'gender': 'female', 'name': {'title': 'Mrs', 'first': 'Delphine', 'last': 'Lam'}, 'location': {'street': {'number': 3794, 'name': '3rd St'}, 'city': 'Selkirk', 'state': 'Québec', 'country': 'Canada', 'postcode': 'F9Y 8O0', 'coordinates': {'latitude': '-68.5064', 'longitude': '6.4228'}, 'timezone': {'offset': '+4:30', 'description': 'Kabul'}}, 'email': 'delphine.lam@example.com', 'login': {'uuid': '577a61bd-e38e-49ca-b505-81b55baf3b3d', 'username': 'greenleopard184', 'password': '898989', 'salt': 'oF5KWQ9w', 'md5': '0fe291731bc85d4d491f1f4b4a58521c', 'sha1': '4ea18df9d722c595f143bd957327dfd541180435', 'sha256': 'e2b6f2d6ace5edc27dcb91b7078a15cea53f5641ec90fbf173f7bee7904a6df9'}, 'dob': {'date': '1983-12-03T19:58:28.262Z', 'age': 40}, 'registered': {'date': '2008-10-31T14:44:08.267Z', 'age': 15}, 'phone': 'T69 G72-8369', 'cell': 'E13 J29-5699', 'id': {'name': 'SIN', 'value': '349941963'}, 'picture': {'large': 'https://randomuser.me/api/portraits/women/30.jpg', 'medium': 'https://randomuser.me/api/portraits/med/women/30.jpg', 'thumbnail': 'https://randomuser.me/api/portraits/thumb/women/30.jpg'}, 'nat': 'CA'}</msg>
<arg>${json_data['results'][0]}</arg>
<doc>Logs the given message with the given level.</doc>
<status status="PASS" start="2024-08-05T07:15:15.119639" elapsed="0.000406"/>
</kw>
<kw name="Log" owner="BuiltIn">
<msg time="2024-08-05T07:15:15.120479" level="INFO">location</msg>
<arg>${key}</arg>
<doc>Logs the given message with the given level.</doc>
<status status="PASS" start="2024-08-05T07:15:15.120349" elapsed="0.000168"/>
</kw>
<var name="${key}">location</var>
<status status="PASS" start="2024-08-05T07:15:15.118962" elapsed="0.001783"/>
</iter>
<iter>
<kw name="Dictionary Should Contain Key" owner="Collections">
<arg>${json_data['results'][0]}</arg>
<arg>${key}</arg>
<doc>Fails if ``key`` is not found from ``dictionary``.</doc>
<status status="PASS" start="2024-08-05T07:15:15.121027" elapsed="0.000378"/>
</kw>
<kw name="Log" owner="BuiltIn">
<msg time="2024-08-05T07:15:15.122065" level="INFO">{'gender': 'female', 'name': {'title': 'Mrs', 'first': 'Delphine', 'last': 'Lam'}, 'location': {'street': {'number': 3794, 'name': '3rd St'}, 'city': 'Selkirk', 'state': 'Québec', 'country': 'Canada', 'postcode': 'F9Y 8O0', 'coordinates': {'latitude': '-68.5064', 'longitude': '6.4228'}, 'timezone': {'offset': '+4:30', 'description': 'Kabul'}}, 'email': 'delphine.lam@example.com', 'login': {'uuid': '577a61bd-e38e-49ca-b505-81b55baf3b3d', 'username': 'greenleopard184', 'password': '898989', 'salt': 'oF5KWQ9w', 'md5': '0fe291731bc85d4d491f1f4b4a58521c', 'sha1': '4ea18df9d722c595f143bd957327dfd541180435', 'sha256': 'e2b6f2d6ace5edc27dcb91b7078a15cea53f5641ec90fbf173f7bee7904a6df9'}, 'dob': {'date': '1983-12-03T19:58:28.262Z', 'age': 40}, 'registered': {'date': '2008-10-31T14:44:08.267Z', 'age': 15}, 'phone': 'T69 G72-8369', 'cell': 'E13 J29-5699', 'id': {'name': 'SIN', 'value': '349941963'}, 'picture': {'large': 'https://randomuser.me/api/portraits/women/30.jpg', 'medium': 'https://randomuser.me/api/portraits/med/women/30.jpg', 'thumbnail': 'https://randomuser.me/api/portraits/thumb/women/30.jpg'}, 'nat': 'CA'}</msg>
<arg>${json_data['results'][0]}</arg>
<doc>Logs the given message with the given level.</doc>
<status status="PASS" start="2024-08-05T07:15:15.121707" elapsed="0.000416"/>
</kw>
<kw name="Log" owner="BuiltIn">
<msg time="2024-08-05T07:15:15.122573" level="INFO">email</msg>
<arg>${key}</arg>
<doc>Logs the given message with the given level.</doc>
<status status="PASS" start="2024-08-05T07:15:15.122423" elapsed="0.000190"/>
</kw>
<var name="${key}">email</var>
<status status="PASS" start="2024-08-05T07:15:15.120918" elapsed="0.001915"/>
</iter>
<iter>
<kw name="Dictionary Should Contain Key" owner="Collections">
<arg>${json_data['results'][0]}</arg>
<arg>${key}</arg>
<doc>Fails if ``key`` is not found from ``dictionary``.</doc>
<status status="PASS" start="2024-08-05T07:15:15.123120" elapsed="0.000377"/>
</kw>
<kw name="Log" owner="BuiltIn">
<msg time="2024-08-05T07:15:15.124035" level="INFO">{'gender': 'female', 'name': {'title': 'Mrs', 'first': 'Delphine', 'last': 'Lam'}, 'location': {'street': {'number': 3794, 'name': '3rd St'}, 'city': 'Selkirk', 'state': 'Québec', 'country': 'Canada', 'postcode': 'F9Y 8O0', 'coordinates': {'latitude': '-68.5064', 'longitude': '6.4228'}, 'timezone': {'offset': '+4:30', 'description': 'Kabul'}}, 'email': 'delphine.lam@example.com', 'login': {'uuid': '577a61bd-e38e-49ca-b505-81b55baf3b3d', 'username': 'greenleopard184', 'password': '898989', 'salt': 'oF5KWQ9w', 'md5': '0fe291731bc85d4d491f1f4b4a58521c', 'sha1': '4ea18df9d722c595f143bd957327dfd541180435', 'sha256': 'e2b6f2d6ace5edc27dcb91b7078a15cea53f5641ec90fbf173f7bee7904a6df9'}, 'dob': {'date': '1983-12-03T19:58:28.262Z', 'age': 40}, 'registered': {'date': '2008-10-31T14:44:08.267Z', 'age': 15}, 'phone': 'T69 G72-8369', 'cell': 'E13 J29-5699', 'id': {'name': 'SIN', 'value': '349941963'}, 'picture': {'large': 'https://randomuser.me/api/portraits/women/30.jpg', 'medium': 'https://randomuser.me/api/portraits/med/women/30.jpg', 'thumbnail': 'https://randomuser.me/api/portraits/thumb/women/30.jpg'}, 'nat': 'CA'}</msg>
<arg>${json_data['results'][0]}</arg>
<doc>Logs the given message with the given level.</doc>
<status status="PASS" start="2024-08-05T07:15:15.123679" elapsed="0.000405"/>
</kw>
<kw name="Log" owner="BuiltIn">
<msg time="2024-08-05T07:15:15.124505" level="INFO">login</msg>
<arg>${key}</arg>
<doc>Logs the given message with the given level.</doc>
<status status="PASS" start="2024-08-05T07:15:15.124378" elapsed="0.000165"/>
</kw>
<var name="${key}">login</var>
<status status="PASS" start="2024-08-05T07:15:15.123010" elapsed="0.001747"/>
</iter>
<var>${key}</var>
<value>@{expected_keys}</value>
<status status="PASS" start="2024-08-05T07:15:15.114628" elapsed="0.010250"/>
</for>
<kw name="Create List" owner="BuiltIn">
<msg time="2024-08-05T07:15:15.125199" level="INFO">${expected_keysTwo} = ['username', 'password']</msg>
<var>${expected_keysTwo}</var>
<arg>username</arg>
<arg>password</arg>
<doc>Returns a list containing given items.</doc>
<status status="PASS" start="2024-08-05T07:15:15.125066" elapsed="0.000157"/>
</kw>
<for flavor="IN">
<iter>
<kw name="Dictionary Should Contain Key" owner="Collections">
<arg>${json_data['results'][0]['login']}</arg>
<arg>${keyTwo}</arg>
<doc>Fails if ``key`` is not found from ``dictionary``.</doc>
<status status="PASS" start="2024-08-05T07:15:15.125747" elapsed="0.000388"/>
</kw>
<kw name="Dictionary Should Contain Key" owner="Collections">
<arg>${json_data['results'][0]['login']}</arg>
<arg>${keyTwo}</arg>
<doc>Fails if ``key`` is not found from ``dictionary``.</doc>
<status status="PASS" start="2024-08-05T07:15:15.126316" elapsed="0.000405"/>
</kw>
<kw name="Log" owner="BuiltIn">
<msg time="2024-08-05T07:15:15.127018" level="INFO">username</msg>
<arg>${keyTwo}</arg>
<doc>Logs the given message with the given level.</doc>
<status status="PASS" start="2024-08-05T07:15:15.126898" elapsed="0.000157"/>
</kw>
<var name="${keyTwo}">username</var>
<status status="PASS" start="2024-08-05T07:15:15.125639" elapsed="0.001634"/>
</iter>
<iter>
<kw name="Dictionary Should Contain Key" owner="Collections">
<arg>${json_data['results'][0]['login']}</arg>
<arg>${keyTwo}</arg>
<doc>Fails if ``key`` is not found from ``dictionary``.</doc>
<status status="PASS" start="2024-08-05T07:15:15.127556" elapsed="0.000384"/>
</kw>
<kw name="Dictionary Should Contain Key" owner="Collections">
<arg>${json_data['results'][0]['login']}</arg>
<arg>${keyTwo}</arg>
<doc>Fails if ``key`` is not found from ``dictionary``.</doc>
<status status="PASS" start="2024-08-05T07:15:15.128118" elapsed="0.000372"/>
</kw>
<kw name="Log" owner="BuiltIn">
<msg time="2024-08-05T07:15:15.128787" level="INFO">password</msg>
<arg>${keyTwo}</arg>
<doc>Logs the given message with the given level.</doc>
<status status="PASS" start="2024-08-05T07:15:15.128667" elapsed="0.000157"/>
</kw>
<var name="${keyTwo}">password</var>
<status status="PASS" start="2024-08-05T07:15:15.127451" elapsed="0.001618"/>
</iter>
<var>${keyTwo}</var>
<value>@{expected_keysTwo}</value>
<status status="PASS" start="2024-08-05T07:15:15.125483" elapsed="0.003708"/>
</for>
<status status="PASS" start="2024-08-05T07:15:15.004027" elapsed="0.125332"/>
</kw>
<doc>Testa a estrutura da resposta da API.</doc>
<tag>testeEstruturaResposta</tag>
<status status="PASS" start="2024-08-05T07:15:15.003504" elapsed="0.126014"/>
</test>
<test id="s1-s1-t4" name="Validar tipos de dados" line="28">
<kw name="Teste de Tipos de Dados" owner="random-user-service">
<kw name="GET On Session" owner="RequestsLibrary">
<msg time="2024-08-05T07:15:15.225942" level="INFO">GET Request : url=https://randomuser.me/api 
 path_url=/api 
 headers={'User-Agent': 'python-requests/2.32.3', 'Accept-Encoding': 'gzip, deflate', 'Accept': '*/*', 'Connection': 'keep-alive'} 
 body=None 
 </msg>
<msg time="2024-08-05T07:15:15.226050" level="INFO">GET Response : url=https://randomuser.me/api 
 status=200, reason=OK 
 headers={'Date': 'Mon, 05 Aug 2024 07:15:15 GMT', 'Content-Type': 'application/json; charset=utf-8', 'Transfer-Encoding': 'chunked', 'Connection': 'keep-alive', 'X-Powered-By': 'Express', 'Access-Control-Allow-Origin': '*', 'Cache-Control': 'no-cache', 'ETag': 'W/"490-cabD+me/YoGYvsU9WmTmEKJuNJU"', 'Vary': 'Accept-Encoding', 'Content-Encoding': 'gzip', 'CF-Cache-Status': 'DYNAMIC', 'Report-To': '{"endpoints":[{"url":"https:\\/\\/a.nel.cloudflare.com\\/report\\/v4?s=wJcLnGYAeC6zxAb17%2BX54ocM77mYjjhisYy5ptCRY4Q%2FrDMFmCPl5Z5AiPCpexylSucmlciAUYQV4pyA1Ui%2Bj0pBqyj%2BTB3DiWt4O8nONtO1wsmj5TEUW6Mk1d2iPFj0"}],"group":"cf-nel","max_age":604800}', 'NEL': '{"success_fraction":0,"report_to":"cf-nel","max_age":604800}', 'Server': 'cloudflare', 'CF-RAY': '8ae4feb39a9323a9-SJC', 'alt-svc': 'h3=":443"; ma=86400'} 
 body={"results":[{"gender":"male","name":{"title":"Mr","first":"Allen","last":"Johnson"},"location":{"street":{"number":4271,"name":"West Street"},"city":"Carrick-on-Suir","state":"Leitrim","country":"Ireland","postcode":46543,"coordinates":{"latitude":"2.5448","longitude":"-170.4729"},"timezone":{"offset":"+3:00","description":"Baghdad, Riyadh, Moscow, St. Petersburg"}},"email":"allen.johnson@example.com","login":{"uuid":"0786e286-dc60-4f6a-8dac-3b5c6685d878","username":"redrabbit318","password":"static","salt":"2Yzc8zPa","md5":"61be390dc1acb49b5e400a081ccf0699","sha1":"8f4ae7254eb8d490b3558a714200d66e49af5d83","sha256":"d8608a92f1436321999dd7a0e558a973bdc40f48916995d80c640fec7db11c20"},"dob":{"date":"1985-11-21T10:15:26.887Z","age":38},"registered":{"date":"2008-08-30T05:48:37.315Z","age":15},"phone":"031-353-8545","cell":"081-954-6345","id":{"name":"PPS","value":"5190267T"},"picture":{"large":"https://randomuser.me/api/portraits/men/79.jpg","medium":"https://randomuser.me/api/portraits/med/men/79.jpg","thumbnail":"https://randomuser.me/api/portraits/thumb/men/79.jpg"},"nat":"IE"}],"info":{"seed":"3a2d424b5be97978","results":1,"page":1,"version":"1.4"}} 
 </msg>
<msg time="2024-08-05T07:15:15.226127" level="INFO">/opt/hostedtoolcache/Python/3.12.4/x64/lib/python3.12/site-packages/urllib3/connectionpool.py:1099: InsecureRequestWarning: Unverified HTTPS request is being made to host 'randomuser.me'. Adding certificate verification is strongly advised. See: https://urllib3.readthedocs.io/en/latest/advanced-usage.html#tls-warnings
  warnings.warn(</msg>
<msg time="2024-08-05T07:15:15.226239" level="INFO">${response} = &lt;Response [200]&gt;</msg>
<var>${response}</var>
<arg>consultarAPI</arg>
<arg>/api</arg>
<doc>Sends a GET request on a previously created HTTP Session.</doc>
<status status="PASS" start="2024-08-05T07:15:15.132018" elapsed="0.094259"/>
</kw>
<kw name="Set Variable" owner="BuiltIn">
<msg time="2024-08-05T07:15:15.227356" level="INFO">${json_data} = {'results': [{'gender': 'male', 'name': {'title': 'Mr', 'first': 'Allen', 'last': 'Johnson'}, 'location': {'street': {'number': 4271, 'name': 'West Street'}, 'city': 'Carrick-on-Suir', 'state': 'Leitr...</msg>
<var>${json_data}</var>
<arg>${response.json()}</arg>
<doc>Returns the given values which can then be assigned to a variables.</doc>
<status status="PASS" start="2024-08-05T07:15:15.226824" elapsed="0.000560"/>
</kw>
<kw name="Log" owner="BuiltIn">
<msg time="2024-08-05T07:15:15.227891" level="INFO">{'results': [{'gender': 'male', 'name': {'title': 'Mr', 'first': 'Allen', 'last': 'Johnson'}, 'location': {'street': {'number': 4271, 'name': 'West Street'}, 'city': 'Carrick-on-Suir', 'state': 'Leitrim', 'country': 'Ireland', 'postcode': 46543, 'coordinates': {'latitude': '2.5448', 'longitude': '-170.4729'}, 'timezone': {'offset': '+3:00', 'description': 'Baghdad, Riyadh, Moscow, St. Petersburg'}}, 'email': 'allen.johnson@example.com', 'login': {'uuid': '0786e286-dc60-4f6a-8dac-3b5c6685d878', 'username': 'redrabbit318', 'password': 'static', 'salt': '2Yzc8zPa', 'md5': '61be390dc1acb49b5e400a081ccf0699', 'sha1': '8f4ae7254eb8d490b3558a714200d66e49af5d83', 'sha256': 'd8608a92f1436321999dd7a0e558a973bdc40f48916995d80c640fec7db11c20'}, 'dob': {'date': '1985-11-21T10:15:26.887Z', 'age': 38}, 'registered': {'date': '2008-08-30T05:48:37.315Z', 'age': 15}, 'phone': '031-353-8545', 'cell': '081-954-6345', 'id': {'name': 'PPS', 'value': '5190267T'}, 'picture': {'large': 'https://randomuser.me/api/portraits/men/79.jpg', 'medium': 'https://randomuser.me/api/portraits/med/men/79.jpg', 'thumbnail': 'https://randomuser.me/api/portraits/thumb/men/79.jpg'}, 'nat': 'IE'}], 'info': {'seed': '3a2d424b5be97978', 'results': 1, 'page': 1, 'version': '1.4'}}</msg>
<arg>${json_data}</arg>
<doc>Logs the given message with the given level.</doc>
<status status="PASS" start="2024-08-05T07:15:15.227728" elapsed="0.000211"/>
</kw>
<kw name="Should Be String" owner="String">
<arg>${json_data['results'][0]['gender']}</arg>
<doc>Fails if the given ``item`` is not a string.</doc>
<status status="PASS" start="2024-08-05T07:15:15.228243" elapsed="0.000381"/>
</kw>
<kw name="Should Match Regexp" owner="BuiltIn">
<arg>${json_data['results'][0]['email']}</arg>
<arg>^[a-zA-Z0-9._%+-]+@[a-zA-Z0-9.-]+\.[a-zA-Z]{2,}$</arg>
<doc>Fails if ``string`` does not match ``pattern`` as a regular expression.</doc>
<status status="PASS" start="2024-08-05T07:15:15.228836" elapsed="0.000527"/>
</kw>
<kw name="Should Match Regexp" owner="BuiltIn">
<arg>${json_data['results'][0]['dob']['date']}</arg>
<arg>\\d{4}-\\d{2}-\\d{2}T\\d{2}:\\d{2}:\\d{2}\\.\\d{3}Z</arg>
<doc>Fails if ``string`` does not match ``pattern`` as a regular expression.</doc>
<status status="PASS" start="2024-08-05T07:15:15.229601" elapsed="0.000652"/>
</kw>
<kw name="Should Match Regexp" owner="BuiltIn">
<arg>${json_data['results'][0]['registered']['date']}</arg>
<arg>\\d{4}-\\d{2}-\\d{2}T\\d{2}:\\d{2}:\\d{2}\\.\\d{3}Z</arg>
<doc>Fails if ``string`` does not match ``pattern`` as a regular expression.</doc>
<status status="PASS" start="2024-08-05T07:15:15.230549" elapsed="0.000406"/>
</kw>
<kw name="Should Match Regexp" owner="BuiltIn">
<arg>${json_data['results'][0]['picture']['large']}</arg>
<arg>^https?://.*\.(?:png|jpe?g|gif|bmp)$</arg>
<doc>Fails if ``string`` does not match ``pattern`` as a regular expression.</doc>
<status status="PASS" start="2024-08-05T07:15:15.231144" elapsed="0.000464"/>
</kw>
<kw name="Should Match Regexp" owner="BuiltIn">
<arg>${json_data['results'][0]['picture']['medium']}</arg>
<arg>^https?://.*\.(?:png|jpe?g|gif|bmp)$</arg>
<doc>Fails if ``string`` does not match ``pattern`` as a regular expression.</doc>
<status status="PASS" start="2024-08-05T07:15:15.231795" elapsed="0.000356"/>
</kw>
<kw name="Should Match Regexp" owner="BuiltIn">
<arg>${json_data['results'][0]['picture']['thumbnail']}</arg>
<arg>^https?://.*\.(?:png|jpe?g|gif|bmp)$</arg>
<doc>Fails if ``string`` does not match ``pattern`` as a regular expression.</doc>
<status status="PASS" start="2024-08-05T07:15:15.232340" elapsed="0.000349"/>
</kw>
<kw name="Log" owner="BuiltIn">
<msg time="2024-08-05T07:15:15.233190" level="INFO">{'large': 'https://randomuser.me/api/portraits/men/79.jpg', 'medium': 'https://randomuser.me/api/portraits/med/men/79.jpg', 'thumbnail': 'https://randomuser.me/api/portraits/thumb/men/79.jpg'}</msg>
<arg>${json_data['results'][0]['picture']}</arg>
<doc>Logs the given message with the given level.</doc>
<status status="PASS" start="2024-08-05T07:15:15.232867" elapsed="0.000365"/>
</kw>
<status status="PASS" start="2024-08-05T07:15:15.131792" elapsed="0.101705"/>
</kw>
<kw name="Teste de Tipos de Dados - Postcode" owner="random-user-service">
<kw name="GET On Session" owner="RequestsLibrary">
<msg time="2024-08-05T07:15:15.338571" level="INFO">GET Request : url=https://randomuser.me/api 
 path_url=/api 
 headers={'User-Agent': 'python-requests/2.32.3', 'Accept-Encoding': 'gzip, deflate', 'Accept': '*/*', 'Connection': 'keep-alive'} 
 body=None 
 </msg>
<msg time="2024-08-05T07:15:15.338724" level="INFO">GET Response : url=https://randomuser.me/api 
 status=200, reason=OK 
 headers={'Date': 'Mon, 05 Aug 2024 07:15:15 GMT', 'Content-Type': 'application/json; charset=utf-8', 'Transfer-Encoding': 'chunked', 'Connection': 'keep-alive', 'X-Powered-By': 'Express', 'Access-Control-Allow-Origin': '*', 'Cache-Control': 'no-cache', 'ETag': 'W/"4aa-yYtdj8wymfhd5DEQZ0jVOc/WFzY"', 'Vary': 'Accept-Encoding', 'Content-Encoding': 'gzip', 'CF-Cache-Status': 'DYNAMIC', 'Report-To': '{"endpoints":[{"url":"https:\\/\\/a.nel.cloudflare.com\\/report\\/v4?s=CDKKz7QI%2BpswfsYqZftPMMIVUndhHNQZaH6lvsaEZG7pbtGm3R40p5LE2SHx2yJT96Qij9Vm8tkq%2FboITZOOikryc6FdXwKEMyLlPytqKCRK43oTwmVDwleM1dS53lmu"}],"group":"cf-nel","max_age":604800}', 'NEL': '{"success_fraction":0,"report_to":"cf-nel","max_age":604800}', 'Server': 'cloudflare', 'CF-RAY': '8ae4feb43b3723a9-SJC', 'alt-svc': 'h3=":443"; ma=86400'} 
 body={"results":[{"gender":"male","name":{"title":"Mr","first":"Väinö","last":"Kumpula"},"location":{"street":{"number":4858,"name":"Korkeavuorenkatu"},"city":"Tohmajärvi","state":"Central Ostrobothnia","country":"Finland","postcode":94162,"coordinates":{"latitude":"-21.7897","longitude":"-67.0525"},"timezone":{"offset":"-4:00","description":"Atlantic Time (Canada), Caracas, La Paz"}},"email":"vaino.kumpula@example.com","login":{"uuid":"f6475e1e-afde-423c-9c4e-c0f90c6c0755","username":"crazytiger812","password":"shower","salt":"N0Z6imUf","md5":"3b17ea0965937ec0e140d121b59bec5d","sha1":"2fcae8128c70944145cbfb91520d5b5a4e56978c","sha256":"ed2f5794737ba3729033bc9f0f76c0523e5171e28cb144ed25a84ecf4688eefc"},"dob":{"date":"1945-06-17T20:29:18.134Z","age":79},"registered":{"date":"2021-05-13T15:17:51.507Z","age":3},"phone":"02-748-043","cell":"043-127-70-85","id":{"name":"HETU","value":"NaNNA025undefined"},"picture":{"large":"https://randomuser.me/api/portraits/men/59.jpg","medium":"https://randomuser.me/api/portraits/med/men/59.jpg","thumbnail":"https://randomuser.me/api/portraits/thumb/men/59.jpg"},"nat":"FI"}],"info":{"seed":"f0a4db0436ab6c5d","results":1,"page":1,"version":"1.4"}} 
 </msg>
<msg time="2024-08-05T07:15:15.338844" level="INFO">/opt/hostedtoolcache/Python/3.12.4/x64/lib/python3.12/site-packages/urllib3/connectionpool.py:1099: InsecureRequestWarning: Unverified HTTPS request is being made to host 'randomuser.me'. Adding certificate verification is strongly advised. See: https://urllib3.readthedocs.io/en/latest/advanced-usage.html#tls-warnings
  warnings.warn(</msg>
<msg time="2024-08-05T07:15:15.339019" level="INFO">${response} = &lt;Response [200]&gt;</msg>
<var>${response}</var>
<arg>consultarAPI</arg>
<arg>/api</arg>
<doc>Sends a GET request on a previously created HTTP Session.</doc>
<status status="PASS" start="2024-08-05T07:15:15.233957" elapsed="0.105108"/>
</kw>
<kw name="Set Variable" owner="BuiltIn">
<msg time="2024-08-05T07:15:15.340469" level="INFO">${json_data} = {'results': [{'gender': 'male', 'name': {'title': 'Mr', 'first': 'Väinö', 'last': 'Kumpula'}, 'location': {'street': {'number': 4858, 'name': 'Korkeavuorenkatu'}, 'city': 'Tohmajärvi', 'state': 'Centr...</msg>
<var>${json_data}</var>
<arg>${response.json()}</arg>
<doc>Returns the given values which can then be assigned to a variables.</doc>
<status status="PASS" start="2024-08-05T07:15:15.339740" elapsed="0.000773"/>
</kw>
<kw name="Log" owner="BuiltIn">
<msg time="2024-08-05T07:15:15.341170" level="INFO">{'results': [{'gender': 'male', 'name': {'title': 'Mr', 'first': 'Väinö', 'last': 'Kumpula'}, 'location': {'street': {'number': 4858, 'name': 'Korkeavuorenkatu'}, 'city': 'Tohmajärvi', 'state': 'Central Ostrobothnia', 'country': 'Finland', 'postcode': 94162, 'coordinates': {'latitude': '-21.7897', 'longitude': '-67.0525'}, 'timezone': {'offset': '-4:00', 'description': 'Atlantic Time (Canada), Caracas, La Paz'}}, 'email': 'vaino.kumpula@example.com', 'login': {'uuid': 'f6475e1e-afde-423c-9c4e-c0f90c6c0755', 'username': 'crazytiger812', 'password': 'shower', 'salt': 'N0Z6imUf', 'md5': '3b17ea0965937ec0e140d121b59bec5d', 'sha1': '2fcae8128c70944145cbfb91520d5b5a4e56978c', 'sha256': 'ed2f5794737ba3729033bc9f0f76c0523e5171e28cb144ed25a84ecf4688eefc'}, 'dob': {'date': '1945-06-17T20:29:18.134Z', 'age': 79}, 'registered': {'date': '2021-05-13T15:17:51.507Z', 'age': 3}, 'phone': '02-748-043', 'cell': '043-127-70-85', 'id': {'name': 'HETU', 'value': 'NaNNA025undefined'}, 'picture': {'large': 'https://randomuser.me/api/portraits/men/59.jpg', 'medium': 'https://randomuser.me/api/portraits/med/men/59.jpg', 'thumbnail': 'https://randomuser.me/api/portraits/thumb/men/59.jpg'}, 'nat': 'FI'}], 'info': {'seed': 'f0a4db0436ab6c5d', 'results': 1, 'page': 1, 'version': '1.4'}}</msg>
<arg>${json_data}</arg>
<doc>Logs the given message with the given level.</doc>
<status status="PASS" start="2024-08-05T07:15:15.340929" elapsed="0.000325"/>
</kw>
<kw name="Should Be Equal As Numbers" owner="BuiltIn">
<arg>${json_data['results'][0]['location']['postcode']}</arg>
<arg>${json_data['results'][0]['location']['postcode']}</arg>
<doc>Fails if objects are unequal after converting them to real numbers.</doc>
<status status="PASS" start="2024-08-05T07:15:15.341699" elapsed="0.000994"/>
</kw>
<kw name="Log" owner="BuiltIn">
<msg time="2024-08-05T07:15:15.343504" level="INFO">94162</msg>
<arg>${json_data['results'][0]['location']['postcode']}</arg>
<doc>Logs the given message with the given level.</doc>
<status status="PASS" start="2024-08-05T07:15:15.342979" elapsed="0.000584"/>
</kw>
<status status="PASS" start="2024-08-05T07:15:15.233726" elapsed="0.110230"/>
</kw>
<doc>Testa se os tipos de dados na resposta da API estão corretos.</doc>
<tag>testeTiposDados</tag>
<status status="PASS" start="2024-08-05T07:15:15.131330" elapsed="0.212896"/>
</test>
<test id="s1-s1-t5" name="Validar conteudo" line="35">
<kw name="Teste de Tipos de Conteudo" owner="random-user-service">
<kw name="GET On Session" owner="RequestsLibrary">
<msg time="2024-08-05T07:15:15.436667" level="INFO">GET Request : url=https://randomuser.me/api 
 path_url=/api 
 headers={'User-Agent': 'python-requests/2.32.3', 'Accept-Encoding': 'gzip, deflate', 'Accept': '*/*', 'Connection': 'keep-alive'} 
 body=None 
 </msg>
<msg time="2024-08-05T07:15:15.436767" level="INFO">GET Response : url=https://randomuser.me/api 
 status=200, reason=OK 
 headers={'Date': 'Mon, 05 Aug 2024 07:15:15 GMT', 'Content-Type': 'application/json; charset=utf-8', 'Transfer-Encoding': 'chunked', 'Connection': 'keep-alive', 'X-Powered-By': 'Express', 'Access-Control-Allow-Origin': '*', 'Cache-Control': 'no-cache', 'ETag': 'W/"485-mZVczb799iIj9rIvOyzER4/jF4w"', 'Vary': 'Accept-Encoding', 'Content-Encoding': 'gzip', 'CF-Cache-Status': 'DYNAMIC', 'Report-To': '{"endpoints":[{"url":"https:\\/\\/a.nel.cloudflare.com\\/report\\/v4?s=zIGkIFJ67Tpb6N42swvCHOp2DcngmsDT87mbbTB5Cn7mPOac7rNN02v5nqPuCz8DJrv1npyn%2Bpg7eVN%2BmSpT5ywbIaXPGEQ%2FKz9wagqc4UzGOJJ93anzmjE7%2F1vg0Iqs"}],"group":"cf-nel","max_age":604800}', 'NEL': '{"success_fraction":0,"report_to":"cf-nel","max_age":604800}', 'Server': 'cloudflare', 'CF-RAY': '8ae4feb4fbec23a9-SJC', 'alt-svc': 'h3=":443"; ma=86400'} 
 body={"results":[{"gender":"female","name":{"title":"Miss","first":"Nikoline","last":"Haarr"},"location":{"street":{"number":448,"name":"Kvartsveien"},"city":"Svorkmo","state":"Møre og Romsdal","country":"Norway","postcode":"4843","coordinates":{"latitude":"39.6180","longitude":"31.9870"},"timezone":{"offset":"-12:00","description":"Eniwetok, Kwajalein"}},"email":"nikoline.haarr@example.com","login":{"uuid":"b64007d6-a93d-4479-b3ef-b3c2b4373687","username":"whitepanda293","password":"tottenha","salt":"LlZqBKUl","md5":"1fd4d81cb54cb1d6c1ea42d46b587345","sha1":"1b72f0bcc6a5ff0894dd9724ba37fbfc02dc6a7a","sha256":"2d410ebe4637c23b368eb3f21dbc8937a245e19c6df45f070ee813f119ad3f38"},"dob":{"date":"1990-09-28T11:35:23.370Z","age":33},"registered":{"date":"2004-10-25T06:32:07.156Z","age":19},"phone":"32423540","cell":"44880671","id":{"name":"FN","value":"28099017483"},"picture":{"large":"https://randomuser.me/api/portraits/women/69.jpg","medium":"https://randomuser.me/api/portraits/med/women/69.jpg","thumbnail":"https://randomuser.me/api/portraits/thumb/women/69.jpg"},"nat":"NO"}],"info":{"seed":"3ff80d00ccdcbf8b","results":1,"page":1,"version":"1.4"}} 
 </msg>
<msg time="2024-08-05T07:15:15.436839" level="INFO">/opt/hostedtoolcache/Python/3.12.4/x64/lib/python3.12/site-packages/urllib3/connectionpool.py:1099: InsecureRequestWarning: Unverified HTTPS request is being made to host 'randomuser.me'. Adding certificate verification is strongly advised. See: https://urllib3.readthedocs.io/en/latest/advanced-usage.html#tls-warnings
  warnings.warn(</msg>
<msg time="2024-08-05T07:15:15.436957" level="INFO">${response} = &lt;Response [200]&gt;</msg>
<var>${response}</var>
<arg>consultarAPI</arg>
<arg>/api</arg>
<doc>Sends a GET request on a previously created HTTP Session.</doc>
<status status="PASS" start="2024-08-05T07:15:15.348332" elapsed="0.088653"/>
</kw>
<kw name="Set Variable" owner="BuiltIn">
<msg time="2024-08-05T07:15:15.438085" level="INFO">${json_data} = {'results': [{'gender': 'female', 'name': {'title': 'Miss', 'first': 'Nikoline', 'last': 'Haarr'}, 'location': {'street': {'number': 448, 'name': 'Kvartsveien'}, 'city': 'Svorkmo', 'state': 'Møre og R...</msg>
<var>${json_data}</var>
<arg>${response.json()}</arg>
<doc>Returns the given values which can then be assigned to a variables.</doc>
<status status="PASS" start="2024-08-05T07:15:15.437542" elapsed="0.000575"/>
</kw>
<kw name="Set Variable" owner="BuiltIn">
<msg time="2024-08-05T07:15:15.438858" level="INFO">${name_title} = Miss</msg>
<var>${name_title}</var>
<arg>${json_data["results"][0]["name"]["title"]}</arg>
<doc>Returns the given values which can then be assigned to a variables.</doc>
<status status="PASS" start="2024-08-05T07:15:15.438429" elapsed="0.000457"/>
</kw>
<kw name="Create List" owner="BuiltIn">
<msg time="2024-08-05T07:15:15.439346" level="INFO">${allowed_titles} = ['Mr', 'Ms', 'Miss', 'Mrs', 'Madame', 'Monsieur']</msg>
<var>${allowed_titles}</var>
<arg>Mr</arg>
<arg>Ms</arg>
<arg>Miss</arg>
<arg>Mrs</arg>
<arg>Madame</arg>
<arg>Monsieur</arg>
<doc>Returns a list containing given items.</doc>
<status status="PASS" start="2024-08-05T07:15:15.439189" elapsed="0.000182"/>
</kw>
<kw name="List Should Contain Value" owner="Collections">
<arg>${allowed_titles}</arg>
<arg>${name_title}</arg>
<doc>Fails if the ``value`` is not found from ``list``.</doc>
<status status="PASS" start="2024-08-05T07:15:15.439676" elapsed="0.000195"/>
</kw>
<kw name="Set Variable" owner="BuiltIn">
<msg time="2024-08-05T07:15:15.440437" level="INFO">${name_country} = NO</msg>
<var>${name_country}</var>
<arg>${json_data["results"][0]["nat"]}</arg>
<doc>Returns the given values which can then be assigned to a variables.</doc>
<status status="PASS" start="2024-08-05T07:15:15.440058" elapsed="0.000405"/>
</kw>
<kw name="Create List" owner="BuiltIn">
<msg time="2024-08-05T07:15:15.441364" level="INFO">${list_country} = ['AD', 'AE', 'AF', 'AG', 'AI', 'AL', 'AM', 'AO', 'AQ', 'AR', 'AS', 'AT', 'AU', 'AW', 'AX', 'AZ', 'BA', 'BB', 'BD', 'BE', 'BF', 'BG', 'BH', 'BI', 'BJ', 'BL', 'BM', 'BN', 'BO', 'BQ', 'BR', 'BS', 'BT', '...</msg>
<var>${list_country}</var>
<arg>AD</arg>
<arg>AE</arg>
<arg>AF</arg>
<arg>AG</arg>
<arg>AI</arg>
<arg>AL</arg>
<arg>AM</arg>
<arg>AO</arg>
<arg>AQ</arg>
<arg>AR</arg>
<arg>AS</arg>
<arg>AT</arg>
<arg>AU</arg>
<arg>AW</arg>
<arg>AX</arg>
<arg>AZ</arg>
<arg>BA</arg>
<arg>BB</arg>
<arg>BD</arg>
<arg>BE</arg>
<arg>BF</arg>
<arg>BG</arg>
<arg>BH</arg>
<arg>BI</arg>
<arg>BJ</arg>
<arg>BL</arg>
<arg>BM</arg>
<arg>BN</arg>
<arg>BO</arg>
<arg>BQ</arg>
<arg>BR</arg>
<arg>BS</arg>
<arg>BT</arg>
<arg>BV</arg>
<arg>BW</arg>
<arg>BY</arg>
<arg>BZ</arg>
<arg>CA</arg>
<arg>CC</arg>
<arg>CD</arg>
<arg>CF</arg>
<arg>CG</arg>
<arg>CH</arg>
<arg>CI</arg>
<arg>CK</arg>
<arg>CL</arg>
<arg>CM</arg>
<arg>CN</arg>
<arg>CO</arg>
<arg>CR</arg>
<arg>CU</arg>
<arg>CV</arg>
<arg>CW</arg>
<arg>CX</arg>
<arg>CY</arg>
<arg>CZ</arg>
<arg>DE</arg>
<arg>DJ</arg>
<arg>DK</arg>
<arg>DM</arg>
<arg>DO</arg>
<arg>DZ</arg>
<arg>EC</arg>
<arg>EE</arg>
<arg>EG</arg>
<arg>EH</arg>
<arg>ER</arg>
<arg>ES</arg>
<arg>ET</arg>
<arg>FI</arg>
<arg>FJ</arg>
<arg>FK</arg>
<arg>FM</arg>
<arg>FO</arg>
<arg>FR</arg>
<arg>GA</arg>
<arg>GB</arg>
<arg>GD</arg>
<arg>GE</arg>
<arg>GF</arg>
<arg>GG</arg>
<arg>GH</arg>
<arg>GI</arg>
<arg>GL</arg>
<arg>GM</arg>
<arg>GN</arg>
<arg>GP</arg>
<arg>GQ</arg>
<arg>GR</arg>
<arg>GS</arg>
<arg>GT</arg>
<arg>GU</arg>
<arg>GW</arg>
<arg>GY</arg>
<arg>HK</arg>
<arg>HM</arg>
<arg>HN</arg>
<arg>HR</arg>
<arg>HT</arg>
<arg>HU</arg>
<arg>ID</arg>
<arg>IE</arg>
<arg>IL</arg>
<arg>IM</arg>
<arg>IN</arg>
<arg>IO</arg>
<arg>IQ</arg>
<arg>IR</arg>
<arg>IS</arg>
<arg>IT</arg>
<arg>JE</arg>
<arg>JM</arg>
<arg>JO</arg>
<arg>JP</arg>
<arg>KE</arg>
<arg>KG</arg>
<arg>KH</arg>
<arg>KI</arg>
<arg>KM</arg>
<arg>KN</arg>
<arg>KP</arg>
<arg>KR</arg>
<arg>KW</arg>
<arg>KY</arg>
<arg>KZ</arg>
<arg>LA</arg>
<arg>LB</arg>
<arg>LC</arg>
<arg>LI</arg>
<arg>LK</arg>
<arg>LR</arg>
<arg>LS</arg>
<arg>LT</arg>
<arg>LU</arg>
<arg>LV</arg>
<arg>LY</arg>
<arg>MA</arg>
<arg>MC</arg>
<arg>MD</arg>
<arg>ME</arg>
<arg>MF</arg>
<arg>MG</arg>
<arg>MH</arg>
<arg>MK</arg>
<arg>ML</arg>
<arg>MM</arg>
<arg>MN</arg>
<arg>MO</arg>
<arg>MP</arg>
<arg>MQ</arg>
<arg>MR</arg>
<arg>MS</arg>
<arg>MT</arg>
<arg>MU</arg>
<arg>MV</arg>
<arg>MW</arg>
<arg>MX</arg>
<arg>MY</arg>
<arg>MZ</arg>
<arg>NA</arg>
<arg>NC</arg>
<arg>NE</arg>
<arg>NF</arg>
<arg>NG</arg>
<arg>NI</arg>
<arg>NL</arg>
<arg>NO</arg>
<arg>NP</arg>
<arg>NR</arg>
<arg>NU</arg>
<arg>NZ</arg>
<arg>OM</arg>
<arg>PA</arg>
<arg>PE</arg>
<arg>PF</arg>
<arg>PG</arg>
<arg>PH</arg>
<arg>PK</arg>
<arg>PL</arg>
<arg>PM</arg>
<arg>PN</arg>
<arg>PR</arg>
<arg>PS</arg>
<arg>PT</arg>
<arg>PW</arg>
<arg>PY</arg>
<arg>QA</arg>
<arg>RE</arg>
<arg>RO</arg>
<arg>RS</arg>
<arg>RU</arg>
<arg>RW</arg>
<arg>SA</arg>
<arg>SB</arg>
<arg>SC</arg>
<arg>SD</arg>
<arg>SE</arg>
<arg>SG</arg>
<arg>SH</arg>
<arg>SI</arg>
<arg>SJ</arg>
<arg>SK</arg>
<arg>SL</arg>
<arg>SM</arg>
<arg>SN</arg>
<arg>SO</arg>
<arg>SR</arg>
<arg>SS</arg>
<arg>ST</arg>
<arg>SV</arg>
<arg>SX</arg>
<arg>SY</arg>
<arg>SZ</arg>
<arg>TC</arg>
<arg>TD</arg>
<arg>TF</arg>
<arg>TG</arg>
<arg>TH</arg>
<arg>TJ</arg>
<arg>TK</arg>
<arg>TL</arg>
<arg>TM</arg>
<arg>TN</arg>
<arg>TO</arg>
<arg>TR</arg>
<arg>TT</arg>
<arg>TV</arg>
<arg>TW</arg>
<arg>TZ</arg>
<arg>UA</arg>
<arg>UG</arg>
<arg>UM</arg>
<arg>US</arg>
<arg>UY</arg>
<arg>UZ</arg>
<arg>VA</arg>
<arg>VC</arg>
<arg>VE</arg>
<arg>VG</arg>
<arg>VI</arg>
<arg>VN</arg>
<arg>VU</arg>
<arg>WF</arg>
<arg>WS</arg>
<arg>XK</arg>
<arg>YE</arg>
<arg>YT</arg>
<arg>ZA</arg>
<arg>ZM</arg>
<arg>ZW</arg>
<doc>Returns a list containing given items.</doc>
<status status="PASS" start="2024-08-05T07:15:15.440759" elapsed="0.000632"/>
</kw>
<kw name="List Should Contain Value" owner="Collections">
<arg>${list_country}</arg>
<arg>${name_country}</arg>
<doc>Fails if the ``value`` is not found from ``list``.</doc>
<status status="PASS" start="2024-08-05T07:15:15.442374" elapsed="0.000238"/>
</kw>
<kw name="Run Keyword If" owner="BuiltIn">
<kw name="Should Be True" owner="BuiltIn">
<arg>${True}</arg>
<doc>Fails if the given condition is not true.</doc>
<status status="PASS" start="2024-08-05T07:15:15.443579" elapsed="0.000144"/>
</kw>
<arg>${json_data["results"][0]["location"]["coordinates"]["latitude"]} &gt;= -90 and ${json_data["results"][0]["location"]["coordinates"]["latitude"]} &lt;= 90</arg>
<arg>Should Be True</arg>
<arg>${True}</arg>
<doc>Runs the given keyword with the given arguments, if ``condition`` is true.</doc>
<status status="PASS" start="2024-08-05T07:15:15.442822" elapsed="0.001027"/>
</kw>
<kw name="Run Keyword If" owner="BuiltIn">
<kw name="Should Be True" owner="BuiltIn">
<arg>${True}</arg>
<doc>Fails if the given condition is not true.</doc>
<status status="PASS" start="2024-08-05T07:15:15.444723" elapsed="0.000138"/>
</kw>
<arg>${json_data["results"][0]["location"]["coordinates"]["longitude"]} &gt;= -180 and ${json_data["results"][0]["location"]["coordinates"]["longitude"]} &lt;= 180</arg>
<arg>Should Be True</arg>
<arg>${True}</arg>
<doc>Runs the given keyword with the given arguments, if ``condition`` is true.</doc>
<status status="PASS" start="2024-08-05T07:15:15.444031" elapsed="0.000955"/>
</kw>
<status status="PASS" start="2024-08-05T07:15:15.347974" elapsed="0.097156"/>
</kw>
<doc>Testa o conteúdo específico dos campos retornados pela API.</doc>
<tag>testeConteudo</tag>
<status status="PASS" start="2024-08-05T07:15:15.347272" elapsed="0.098013"/>
</test>
<status status="PASS" start="2024-08-05T07:15:14.492192" elapsed="0.955066"/>
</suite>
<status status="PASS" start="2024-08-05T07:15:14.477327" elapsed="0.974981"/>
</suite>
<statistics>
<total>
<stat pass="5" fail="0" skip="0">All Tests</stat>
</total>
<tag>
<stat pass="1" fail="0" skip="0">testeConteudo</stat>
<stat pass="1" fail="0" skip="0">testeEstruturaResposta</stat>
<stat pass="1" fail="0" skip="0">testeRequisicaoBasica</stat>
<stat pass="1" fail="0" skip="0">testeTiposDados</stat>
</tag>
<suite>
<stat pass="5" fail="0" skip="0" id="s1" name="Tests">Tests</stat>
<stat pass="5" fail="0" skip="0" id="s1-s1" name="Random-User-Test">Tests.Random-User-Test</stat>
</suite>
</statistics>
<errors>
</errors>
</robot>
