<?xml version="1.0" encoding="UTF-8"?>
<robot generator="Robot 7.0.1 (Python 3.12.4 on linux)" generated="2024-07-13T15:14:40.992860" rpa="false" schemaversion="5">
<suite id="s1" name="Tests" source="/home/runner/work/ApiRandomUser/ApiRandomUser/RamdonUser/tests">
<suite id="s1-s1" name="Random-User-Test" source="/home/runner/work/ApiRandomUser/ApiRandomUser/RamdonUser/tests/random-user-test.robot">
<test id="s1-s1-t1" name="Conectar" line="13">
<kw name="Conectar API" owner="random-user-service">
<kw name="Create Session" owner="RequestsLibrary">
<msg time="2024-07-13T15:14:41.394564" level="INFO">Creating Session using : alias=consultarAPI, url=https://randomuser.me/, headers={},                     cookies={}, auth=None, timeout=None, proxies=None, verify=False,                     debug=0 </msg>
<arg>consultarAPI</arg>
<arg>${URL}</arg>
<doc>Create Session: create a HTTP session to a server</doc>
<status status="PASS" start="2024-07-13T15:14:41.394356" elapsed="0.000398"/>
</kw>
<status status="PASS" start="2024-07-13T15:14:41.393339" elapsed="0.001802"/>
</kw>
<status status="PASS" start="2024-07-13T15:14:41.392661" elapsed="0.002669"/>
</test>
<test id="s1-s1-t2" name="Validar retorno 200 e JSON Válido" line="16">
<kw name="Teste de Requisicao Basica" owner="random-user-service">
<kw name="GET On Session" owner="RequestsLibrary">
<msg time="2024-07-13T15:14:41.612007" level="INFO">GET Request : url=https://randomuser.me/api 
 path_url=/api 
 headers={'User-Agent': 'python-requests/2.32.3', 'Accept-Encoding': 'gzip, deflate', 'Accept': '*/*', 'Connection': 'keep-alive'} 
 body=None 
 </msg>
<msg time="2024-07-13T15:14:41.612155" level="INFO">GET Response : url=https://randomuser.me/api 
 status=200, reason=OK 
 headers={'Date': 'Sat, 13 Jul 2024 15:14:41 GMT', 'Content-Type': 'application/json; charset=utf-8', 'Transfer-Encoding': 'chunked', 'Connection': 'keep-alive', 'X-Powered-By': 'Express', 'Access-Control-Allow-Origin': '*', 'Cache-Control': 'no-cache', 'ETag': 'W/"47f-eL1U6xt+82DwtcaiTC8yT6hwpKM"', 'Vary': 'Accept-Encoding', 'Content-Encoding': 'gzip', 'CF-Cache-Status': 'DYNAMIC', 'Report-To': '{"endpoints":[{"url":"https:\\/\\/a.nel.cloudflare.com\\/report\\/v4?s=vbhesiww6JpFyE9t%2BuohUFLDBBRxFrxmFXYKXbtKnoVAVfFpnx1%2F4zWf7VWCwIg7FH%2FEsksFnsqBlYsiKN2mNX%2F5Ajrw6Qg1pbSJ5uW7lRhd%2BKnPjirS8JA36tg8qeAp"}],"group":"cf-nel","max_age":604800}', 'NEL': '{"success_fraction":0,"report_to":"cf-nel","max_age":604800}', 'Server': 'cloudflare', 'CF-RAY': '8a2a3961e99972ef-IAD', 'alt-svc': 'h3=":443"; ma=86400'} 
 body={"results":[{"gender":"male","name":{"title":"Mr","first":"Alfred","last":"Jensen"},"location":{"street":{"number":9597,"name":"Stationsvej"},"city":"København Ø","state":"Sjælland","country":"Denmark","postcode":71402,"coordinates":{"latitude":"-42.2057","longitude":"-17.4879"},"timezone":{"offset":"-8:00","description":"Pacific Time (US &amp; Canada)"}},"email":"alfred.jensen@example.com","login":{"uuid":"032fc7ca-b8af-42ad-81d2-32ac63dc5fba","username":"smalldog302","password":"access14","salt":"QHO8iN2W","md5":"c121090c6319029daa4582e014317d18","sha1":"79e1ccbb89a8453c9f8189f78c56406ce0042a11","sha256":"0ec05d5a714691efaabdd4b0d57d386c8eeba044daa0097366b6818748ba0216"},"dob":{"date":"1954-03-07T01:09:26.870Z","age":70},"registered":{"date":"2015-02-07T23:58:25.232Z","age":9},"phone":"42883976","cell":"50173879","id":{"name":"CPR","value":"060354-9416"},"picture":{"large":"https://randomuser.me/api/portraits/men/78.jpg","medium":"https://randomuser.me/api/portraits/med/men/78.jpg","thumbnail":"https://randomuser.me/api/portraits/thumb/men/78.jpg"},"nat":"DK"}],"info":{"seed":"d6fbc8c5dac2ab77","results":1,"page":1,"version":"1.4"}} 
 </msg>
<msg time="2024-07-13T15:14:41.612241" level="INFO">/opt/hostedtoolcache/Python/3.12.4/x64/lib/python3.12/site-packages/urllib3/connectionpool.py:1099: InsecureRequestWarning: Unverified HTTPS request is being made to host 'randomuser.me'. Adding certificate verification is strongly advised. See: https://urllib3.readthedocs.io/en/latest/advanced-usage.html#tls-warnings
  warnings.warn(</msg>
<msg time="2024-07-13T15:14:41.612380" level="INFO">${response} = &lt;Response [200]&gt;</msg>
<var>${response}</var>
<arg>consultarAPI</arg>
<arg>/api</arg>
<doc>Sends a GET request on a previously created HTTP Session.</doc>
<status status="PASS" start="2024-07-13T15:14:41.397883" elapsed="0.214541"/>
</kw>
<kw name="Should Be Equal As Numbers" owner="BuiltIn">
<msg time="2024-07-13T15:14:41.613400" level="INFO">Argument types are:
&lt;class 'int'&gt;
&lt;class 'str'&gt;</msg>
<arg>${response.status_code}</arg>
<arg>200</arg>
<doc>Fails if objects are unequal after converting them to real numbers.</doc>
<status status="PASS" start="2024-07-13T15:14:41.612943" elapsed="0.000522"/>
</kw>
<kw name="Log" owner="BuiltIn">
<msg time="2024-07-13T15:14:41.614131" level="INFO">200</msg>
<arg>${response.status_code}</arg>
<doc>Logs the given message with the given level.</doc>
<status status="PASS" start="2024-07-13T15:14:41.613780" elapsed="0.000395"/>
</kw>
<kw name="Set Variable" owner="BuiltIn">
<msg time="2024-07-13T15:14:41.614959" level="INFO">${json_data} = {'results': [{'gender': 'male', 'name': {'title': 'Mr', 'first': 'Alfred', 'last': 'Jensen'}, 'location': {'street': {'number': 9597, 'name': 'Stationsvej'}, 'city': 'København Ø', 'state': 'Sjælland'...</msg>
<var>${json_data}</var>
<arg>${response.json()}</arg>
<doc>Returns the given values which can then be assigned to a variables.</doc>
<status status="PASS" start="2024-07-13T15:14:41.614477" elapsed="0.000514"/>
</kw>
<kw name="Dictionary Should Contain Key" owner="Collections">
<arg>${json_data}</arg>
<arg>results</arg>
<doc>Fails if ``key`` is not found from ``dictionary``.</doc>
<status status="PASS" start="2024-07-13T15:14:41.615293" elapsed="0.000162"/>
</kw>
<status status="PASS" start="2024-07-13T15:14:41.397638" elapsed="0.217965"/>
</kw>
<doc>Testa se a API responde corretamente e retorna um objeto JSON válido.</doc>
<tag>testeRequisicaoBasica</tag>
<status status="PASS" start="2024-07-13T15:14:41.397182" elapsed="0.218598"/>
</test>
<test id="s1-s1-t3" name="Validar estrutura de resposta" line="22">
<kw name="Teste de Estrutura de Resposta" owner="random-user-service">
<kw name="GET On Session" owner="RequestsLibrary">
<msg time="2024-07-13T15:14:41.987594" level="INFO">GET Request : url=https://randomuser.me/api 
 path_url=/api 
 headers={'User-Agent': 'python-requests/2.32.3', 'Accept-Encoding': 'gzip, deflate', 'Accept': '*/*', 'Connection': 'keep-alive'} 
 body=None 
 </msg>
<msg time="2024-07-13T15:14:41.987690" level="INFO">GET Response : url=https://randomuser.me/api 
 status=200, reason=OK 
 headers={'Date': 'Sat, 13 Jul 2024 15:14:41 GMT', 'Content-Type': 'application/json; charset=utf-8', 'Transfer-Encoding': 'chunked', 'Connection': 'keep-alive', 'X-Powered-By': 'Express', 'Access-Control-Allow-Origin': '*', 'Cache-Control': 'no-cache', 'ETag': 'W/"481-oQFmzTbuE5Ewu7zMGu3miLbVfd8"', 'Vary': 'Accept-Encoding', 'Content-Encoding': 'gzip', 'CF-Cache-Status': 'DYNAMIC', 'Report-To': '{"endpoints":[{"url":"https:\\/\\/a.nel.cloudflare.com\\/report\\/v4?s=7N2VqsSYmTkMk5gac1qS67EcqI85KtbkU5WgIZGuW0cAQrsVBBlqoVd%2FumK8J44OAdOjD9vmt5T0n%2FAipWPAeU99a9Enx7N0%2BDo%2Fo1K6fiAFli6YHr6w9tW5pNjcNKw6"}],"group":"cf-nel","max_age":604800}', 'NEL': '{"success_fraction":0,"report_to":"cf-nel","max_age":604800}', 'Server': 'cloudflare', 'CF-RAY': '8a2a396219e072ef-IAD', 'alt-svc': 'h3=":443"; ma=86400'} 
 body={"results":[{"gender":"male","name":{"title":"Mr","first":"Philip","last":"Caldwell"},"location":{"street":{"number":6253,"name":"Spring St"},"city":"Brisbane","state":"Australian Capital Territory","country":"Australia","postcode":1076,"coordinates":{"latitude":"-84.2967","longitude":"-117.9307"},"timezone":{"offset":"+5:45","description":"Kathmandu"}},"email":"philip.caldwell@example.com","login":{"uuid":"c1bac20b-7df5-45ed-a3dd-670188146445","username":"tinyswan481","password":"champ","salt":"C27ww51y","md5":"d2e4472d51e231f726cff9c78809709a","sha1":"af740c89f8fb3816928c71df055c3a8c5d8801f2","sha256":"c239a205bf497d8eae7cca161a4eb2173cd0edca2470102ddf34d07924fd0362"},"dob":{"date":"1969-11-01T09:22:16.866Z","age":54},"registered":{"date":"2003-06-05T02:38:41.371Z","age":21},"phone":"05-5123-2230","cell":"0435-805-948","id":{"name":"TFN","value":"889773609"},"picture":{"large":"https://randomuser.me/api/portraits/men/6.jpg","medium":"https://randomuser.me/api/portraits/med/men/6.jpg","thumbnail":"https://randomuser.me/api/portraits/thumb/men/6.jpg"},"nat":"AU"}],"info":{"seed":"f5c67aba5b7cc676","results":1,"page":1,"version":"1.4"}} 
 </msg>
<msg time="2024-07-13T15:14:41.987813" level="INFO">/opt/hostedtoolcache/Python/3.12.4/x64/lib/python3.12/site-packages/urllib3/connectionpool.py:1099: InsecureRequestWarning: Unverified HTTPS request is being made to host 'randomuser.me'. Adding certificate verification is strongly advised. See: https://urllib3.readthedocs.io/en/latest/advanced-usage.html#tls-warnings
  warnings.warn(</msg>
<msg time="2024-07-13T15:14:41.987935" level="INFO">${response} = &lt;Response [200]&gt;</msg>
<var>${response}</var>
<arg>consultarAPI</arg>
<arg>/api</arg>
<doc>Sends a GET request on a previously created HTTP Session.</doc>
<status status="PASS" start="2024-07-13T15:14:41.618360" elapsed="0.369617"/>
</kw>
<kw name="Set Variable" owner="BuiltIn">
<msg time="2024-07-13T15:14:41.989009" level="INFO">${json_data} = {'results': [{'gender': 'male', 'name': {'title': 'Mr', 'first': 'Philip', 'last': 'Caldwell'}, 'location': {'street': {'number': 6253, 'name': 'Spring St'}, 'city': 'Brisbane', 'state': 'Australian C...</msg>
<var>${json_data}</var>
<arg>${response.json()}</arg>
<doc>Returns the given values which can then be assigned to a variables.</doc>
<status status="PASS" start="2024-07-13T15:14:41.988489" elapsed="0.000549"/>
</kw>
<kw name="Log" owner="BuiltIn">
<msg time="2024-07-13T15:14:41.989504" level="INFO">{'results': [{'gender': 'male', 'name': {'title': 'Mr', 'first': 'Philip', 'last': 'Caldwell'}, 'location': {'street': {'number': 6253, 'name': 'Spring St'}, 'city': 'Brisbane', 'state': 'Australian Capital Territory', 'country': 'Australia', 'postcode': 1076, 'coordinates': {'latitude': '-84.2967', 'longitude': '-117.9307'}, 'timezone': {'offset': '+5:45', 'description': 'Kathmandu'}}, 'email': 'philip.caldwell@example.com', 'login': {'uuid': 'c1bac20b-7df5-45ed-a3dd-670188146445', 'username': 'tinyswan481', 'password': 'champ', 'salt': 'C27ww51y', 'md5': 'd2e4472d51e231f726cff9c78809709a', 'sha1': 'af740c89f8fb3816928c71df055c3a8c5d8801f2', 'sha256': 'c239a205bf497d8eae7cca161a4eb2173cd0edca2470102ddf34d07924fd0362'}, 'dob': {'date': '1969-11-01T09:22:16.866Z', 'age': 54}, 'registered': {'date': '2003-06-05T02:38:41.371Z', 'age': 21}, 'phone': '05-5123-2230', 'cell': '0435-805-948', 'id': {'name': 'TFN', 'value': '889773609'}, 'picture': {'large': 'https://randomuser.me/api/portraits/men/6.jpg', 'medium': 'https://randomuser.me/api/portraits/med/men/6.jpg', 'thumbnail': 'https://randomuser.me/api/portraits/thumb/men/6.jpg'}, 'nat': 'AU'}], 'info': {'seed': 'f5c67aba5b7cc676', 'results': 1, 'page': 1, 'version': '1.4'}}</msg>
<arg>${json_data}</arg>
<doc>Logs the given message with the given level.</doc>
<status status="PASS" start="2024-07-13T15:14:41.989347" elapsed="0.000204"/>
</kw>
<kw name="Dictionary Should Contain Key" owner="Collections">
<arg>${json_data}</arg>
<arg>results</arg>
<doc>Fails if ``key`` is not found from ``dictionary``.</doc>
<status status="PASS" start="2024-07-13T15:14:41.989835" elapsed="0.000156"/>
</kw>
<kw name="Should Not Be Empty" owner="BuiltIn">
<msg time="2024-07-13T15:14:41.990296" level="INFO">Length is 2.</msg>
<arg>${json_data}</arg>
<doc>Verifies that the given item is not empty.</doc>
<status status="PASS" start="2024-07-13T15:14:41.990169" elapsed="0.000168"/>
</kw>
<kw name="Create List" owner="BuiltIn">
<msg time="2024-07-13T15:14:41.990988" level="INFO">${expected_keys} = ['gender', 'name', 'location', 'email', 'login']</msg>
<var>${expected_keys}</var>
<arg>gender</arg>
<arg>name</arg>
<arg>location</arg>
<arg>email</arg>
<arg>login</arg>
<doc>Returns a list containing given items.</doc>
<status status="PASS" start="2024-07-13T15:14:41.990659" elapsed="0.000362"/>
</kw>
<for flavor="IN">
<iter>
<kw name="Dictionary Should Contain Key" owner="Collections">
<arg>${json_data['results'][0]}</arg>
<arg>${key}</arg>
<doc>Fails if ``key`` is not found from ``dictionary``.</doc>
<status status="PASS" start="2024-07-13T15:14:41.991602" elapsed="0.000395"/>
</kw>
<kw name="Log" owner="BuiltIn">
<msg time="2024-07-13T15:14:41.992528" level="INFO">{'gender': 'male', 'name': {'title': 'Mr', 'first': 'Philip', 'last': 'Caldwell'}, 'location': {'street': {'number': 6253, 'name': 'Spring St'}, 'city': 'Brisbane', 'state': 'Australian Capital Territory', 'country': 'Australia', 'postcode': 1076, 'coordinates': {'latitude': '-84.2967', 'longitude': '-117.9307'}, 'timezone': {'offset': '+5:45', 'description': 'Kathmandu'}}, 'email': 'philip.caldwell@example.com', 'login': {'uuid': 'c1bac20b-7df5-45ed-a3dd-670188146445', 'username': 'tinyswan481', 'password': 'champ', 'salt': 'C27ww51y', 'md5': 'd2e4472d51e231f726cff9c78809709a', 'sha1': 'af740c89f8fb3816928c71df055c3a8c5d8801f2', 'sha256': 'c239a205bf497d8eae7cca161a4eb2173cd0edca2470102ddf34d07924fd0362'}, 'dob': {'date': '1969-11-01T09:22:16.866Z', 'age': 54}, 'registered': {'date': '2003-06-05T02:38:41.371Z', 'age': 21}, 'phone': '05-5123-2230', 'cell': '0435-805-948', 'id': {'name': 'TFN', 'value': '889773609'}, 'picture': {'large': 'https://randomuser.me/api/portraits/men/6.jpg', 'medium': 'https://randomuser.me/api/portraits/med/men/6.jpg', 'thumbnail': 'https://randomuser.me/api/portraits/thumb/men/6.jpg'}, 'nat': 'AU'}</msg>
<arg>${json_data['results'][0]}</arg>
<doc>Logs the given message with the given level.</doc>
<status status="PASS" start="2024-07-13T15:14:41.992178" elapsed="0.000396"/>
</kw>
<kw name="Log" owner="BuiltIn">
<msg time="2024-07-13T15:14:41.992992" level="INFO">gender</msg>
<arg>${key}</arg>
<doc>Logs the given message with the given level.</doc>
<status status="PASS" start="2024-07-13T15:14:41.992866" elapsed="0.000163"/>
</kw>
<var name="${key}">gender</var>
<status status="PASS" start="2024-07-13T15:14:41.991477" elapsed="0.001765"/>
</iter>
<iter>
<kw name="Dictionary Should Contain Key" owner="Collections">
<arg>${json_data['results'][0]}</arg>
<arg>${key}</arg>
<doc>Fails if ``key`` is not found from ``dictionary``.</doc>
<status status="PASS" start="2024-07-13T15:14:41.993541" elapsed="0.000381"/>
</kw>
<kw name="Log" owner="BuiltIn">
<msg time="2024-07-13T15:14:41.994446" level="INFO">{'gender': 'male', 'name': {'title': 'Mr', 'first': 'Philip', 'last': 'Caldwell'}, 'location': {'street': {'number': 6253, 'name': 'Spring St'}, 'city': 'Brisbane', 'state': 'Australian Capital Territory', 'country': 'Australia', 'postcode': 1076, 'coordinates': {'latitude': '-84.2967', 'longitude': '-117.9307'}, 'timezone': {'offset': '+5:45', 'description': 'Kathmandu'}}, 'email': 'philip.caldwell@example.com', 'login': {'uuid': 'c1bac20b-7df5-45ed-a3dd-670188146445', 'username': 'tinyswan481', 'password': 'champ', 'salt': 'C27ww51y', 'md5': 'd2e4472d51e231f726cff9c78809709a', 'sha1': 'af740c89f8fb3816928c71df055c3a8c5d8801f2', 'sha256': 'c239a205bf497d8eae7cca161a4eb2173cd0edca2470102ddf34d07924fd0362'}, 'dob': {'date': '1969-11-01T09:22:16.866Z', 'age': 54}, 'registered': {'date': '2003-06-05T02:38:41.371Z', 'age': 21}, 'phone': '05-5123-2230', 'cell': '0435-805-948', 'id': {'name': 'TFN', 'value': '889773609'}, 'picture': {'large': 'https://randomuser.me/api/portraits/men/6.jpg', 'medium': 'https://randomuser.me/api/portraits/med/men/6.jpg', 'thumbnail': 'https://randomuser.me/api/portraits/thumb/men/6.jpg'}, 'nat': 'AU'}</msg>
<arg>${json_data['results'][0]}</arg>
<doc>Logs the given message with the given level.</doc>
<status status="PASS" start="2024-07-13T15:14:41.994100" elapsed="0.000429"/>
</kw>
<kw name="Log" owner="BuiltIn">
<msg time="2024-07-13T15:14:41.994971" level="INFO">name</msg>
<arg>${key}</arg>
<doc>Logs the given message with the given level.</doc>
<status status="PASS" start="2024-07-13T15:14:41.994825" elapsed="0.000184"/>
</kw>
<var name="${key}">name</var>
<status status="PASS" start="2024-07-13T15:14:41.993431" elapsed="0.001795"/>
</iter>
<iter>
<kw name="Dictionary Should Contain Key" owner="Collections">
<arg>${json_data['results'][0]}</arg>
<arg>${key}</arg>
<doc>Fails if ``key`` is not found from ``dictionary``.</doc>
<status status="PASS" start="2024-07-13T15:14:41.995504" elapsed="0.000367"/>
</kw>
<kw name="Log" owner="BuiltIn">
<msg time="2024-07-13T15:14:41.996386" level="INFO">{'gender': 'male', 'name': {'title': 'Mr', 'first': 'Philip', 'last': 'Caldwell'}, 'location': {'street': {'number': 6253, 'name': 'Spring St'}, 'city': 'Brisbane', 'state': 'Australian Capital Territory', 'country': 'Australia', 'postcode': 1076, 'coordinates': {'latitude': '-84.2967', 'longitude': '-117.9307'}, 'timezone': {'offset': '+5:45', 'description': 'Kathmandu'}}, 'email': 'philip.caldwell@example.com', 'login': {'uuid': 'c1bac20b-7df5-45ed-a3dd-670188146445', 'username': 'tinyswan481', 'password': 'champ', 'salt': 'C27ww51y', 'md5': 'd2e4472d51e231f726cff9c78809709a', 'sha1': 'af740c89f8fb3816928c71df055c3a8c5d8801f2', 'sha256': 'c239a205bf497d8eae7cca161a4eb2173cd0edca2470102ddf34d07924fd0362'}, 'dob': {'date': '1969-11-01T09:22:16.866Z', 'age': 54}, 'registered': {'date': '2003-06-05T02:38:41.371Z', 'age': 21}, 'phone': '05-5123-2230', 'cell': '0435-805-948', 'id': {'name': 'TFN', 'value': '889773609'}, 'picture': {'large': 'https://randomuser.me/api/portraits/men/6.jpg', 'medium': 'https://randomuser.me/api/portraits/med/men/6.jpg', 'thumbnail': 'https://randomuser.me/api/portraits/thumb/men/6.jpg'}, 'nat': 'AU'}</msg>
<arg>${json_data['results'][0]}</arg>
<doc>Logs the given message with the given level.</doc>
<status status="PASS" start="2024-07-13T15:14:41.996048" elapsed="0.000386"/>
</kw>
<kw name="Log" owner="BuiltIn">
<msg time="2024-07-13T15:14:41.996851" level="INFO">location</msg>
<arg>${key}</arg>
<doc>Logs the given message with the given level.</doc>
<status status="PASS" start="2024-07-13T15:14:41.996726" elapsed="0.000161"/>
</kw>
<var name="${key}">location</var>
<status status="PASS" start="2024-07-13T15:14:41.995398" elapsed="0.001705"/>
</iter>
<iter>
<kw name="Dictionary Should Contain Key" owner="Collections">
<arg>${json_data['results'][0]}</arg>
<arg>${key}</arg>
<doc>Fails if ``key`` is not found from ``dictionary``.</doc>
<status status="PASS" start="2024-07-13T15:14:41.997376" elapsed="0.000377"/>
</kw>
<kw name="Log" owner="BuiltIn">
<msg time="2024-07-13T15:14:41.998276" level="INFO">{'gender': 'male', 'name': {'title': 'Mr', 'first': 'Philip', 'last': 'Caldwell'}, 'location': {'street': {'number': 6253, 'name': 'Spring St'}, 'city': 'Brisbane', 'state': 'Australian Capital Territory', 'country': 'Australia', 'postcode': 1076, 'coordinates': {'latitude': '-84.2967', 'longitude': '-117.9307'}, 'timezone': {'offset': '+5:45', 'description': 'Kathmandu'}}, 'email': 'philip.caldwell@example.com', 'login': {'uuid': 'c1bac20b-7df5-45ed-a3dd-670188146445', 'username': 'tinyswan481', 'password': 'champ', 'salt': 'C27ww51y', 'md5': 'd2e4472d51e231f726cff9c78809709a', 'sha1': 'af740c89f8fb3816928c71df055c3a8c5d8801f2', 'sha256': 'c239a205bf497d8eae7cca161a4eb2173cd0edca2470102ddf34d07924fd0362'}, 'dob': {'date': '1969-11-01T09:22:16.866Z', 'age': 54}, 'registered': {'date': '2003-06-05T02:38:41.371Z', 'age': 21}, 'phone': '05-5123-2230', 'cell': '0435-805-948', 'id': {'name': 'TFN', 'value': '889773609'}, 'picture': {'large': 'https://randomuser.me/api/portraits/men/6.jpg', 'medium': 'https://randomuser.me/api/portraits/med/men/6.jpg', 'thumbnail': 'https://randomuser.me/api/portraits/thumb/men/6.jpg'}, 'nat': 'AU'}</msg>
<arg>${json_data['results'][0]}</arg>
<doc>Logs the given message with the given level.</doc>
<status status="PASS" start="2024-07-13T15:14:41.997936" elapsed="0.000388"/>
</kw>
<kw name="Log" owner="BuiltIn">
<msg time="2024-07-13T15:14:41.998734" level="INFO">email</msg>
<arg>${key}</arg>
<doc>Logs the given message with the given level.</doc>
<status status="PASS" start="2024-07-13T15:14:41.998612" elapsed="0.000159"/>
</kw>
<var name="${key}">email</var>
<status status="PASS" start="2024-07-13T15:14:41.997270" elapsed="0.001747"/>
</iter>
<iter>
<kw name="Dictionary Should Contain Key" owner="Collections">
<arg>${json_data['results'][0]}</arg>
<arg>${key}</arg>
<doc>Fails if ``key`` is not found from ``dictionary``.</doc>
<status status="PASS" start="2024-07-13T15:14:41.999296" elapsed="0.000374"/>
</kw>
<kw name="Log" owner="BuiltIn">
<msg time="2024-07-13T15:14:42.000196" level="INFO">{'gender': 'male', 'name': {'title': 'Mr', 'first': 'Philip', 'last': 'Caldwell'}, 'location': {'street': {'number': 6253, 'name': 'Spring St'}, 'city': 'Brisbane', 'state': 'Australian Capital Territory', 'country': 'Australia', 'postcode': 1076, 'coordinates': {'latitude': '-84.2967', 'longitude': '-117.9307'}, 'timezone': {'offset': '+5:45', 'description': 'Kathmandu'}}, 'email': 'philip.caldwell@example.com', 'login': {'uuid': 'c1bac20b-7df5-45ed-a3dd-670188146445', 'username': 'tinyswan481', 'password': 'champ', 'salt': 'C27ww51y', 'md5': 'd2e4472d51e231f726cff9c78809709a', 'sha1': 'af740c89f8fb3816928c71df055c3a8c5d8801f2', 'sha256': 'c239a205bf497d8eae7cca161a4eb2173cd0edca2470102ddf34d07924fd0362'}, 'dob': {'date': '1969-11-01T09:22:16.866Z', 'age': 54}, 'registered': {'date': '2003-06-05T02:38:41.371Z', 'age': 21}, 'phone': '05-5123-2230', 'cell': '0435-805-948', 'id': {'name': 'TFN', 'value': '889773609'}, 'picture': {'large': 'https://randomuser.me/api/portraits/men/6.jpg', 'medium': 'https://randomuser.me/api/portraits/med/men/6.jpg', 'thumbnail': 'https://randomuser.me/api/portraits/thumb/men/6.jpg'}, 'nat': 'AU'}</msg>
<arg>${json_data['results'][0]}</arg>
<doc>Logs the given message with the given level.</doc>
<status status="PASS" start="2024-07-13T15:14:41.999848" elapsed="0.000395"/>
</kw>
<kw name="Log" owner="BuiltIn">
<msg time="2024-07-13T15:14:42.000654" level="INFO">login</msg>
<arg>${key}</arg>
<doc>Logs the given message with the given level.</doc>
<status status="PASS" start="2024-07-13T15:14:42.000529" elapsed="0.000162"/>
</kw>
<var name="${key}">login</var>
<status status="PASS" start="2024-07-13T15:14:41.999186" elapsed="0.001716"/>
</iter>
<var>${key}</var>
<value>@{expected_keys}</value>
<status status="PASS" start="2024-07-13T15:14:41.991288" elapsed="0.009735"/>
</for>
<kw name="Create List" owner="BuiltIn">
<msg time="2024-07-13T15:14:42.001344" level="INFO">${expected_keysTwo} = ['username', 'password']</msg>
<var>${expected_keysTwo}</var>
<arg>username</arg>
<arg>password</arg>
<doc>Returns a list containing given items.</doc>
<status status="PASS" start="2024-07-13T15:14:42.001215" elapsed="0.000154"/>
</kw>
<for flavor="IN">
<iter>
<kw name="Dictionary Should Contain Key" owner="Collections">
<arg>${json_data['results'][0]['login']}</arg>
<arg>${keyTwo}</arg>
<doc>Fails if ``key`` is not found from ``dictionary``.</doc>
<status status="PASS" start="2024-07-13T15:14:42.001887" elapsed="0.000373"/>
</kw>
<kw name="Dictionary Should Contain Key" owner="Collections">
<arg>${json_data['results'][0]['login']}</arg>
<arg>${keyTwo}</arg>
<doc>Fails if ``key`` is not found from ``dictionary``.</doc>
<status status="PASS" start="2024-07-13T15:14:42.002439" elapsed="0.000368"/>
</kw>
<kw name="Log" owner="BuiltIn">
<msg time="2024-07-13T15:14:42.003157" level="INFO">username</msg>
<arg>${keyTwo}</arg>
<doc>Logs the given message with the given level.</doc>
<status status="PASS" start="2024-07-13T15:14:42.003024" elapsed="0.000169"/>
</kw>
<var name="${keyTwo}">username</var>
<status status="PASS" start="2024-07-13T15:14:42.001781" elapsed="0.001634"/>
</iter>
<iter>
<kw name="Dictionary Should Contain Key" owner="Collections">
<arg>${json_data['results'][0]['login']}</arg>
<arg>${keyTwo}</arg>
<doc>Fails if ``key`` is not found from ``dictionary``.</doc>
<status status="PASS" start="2024-07-13T15:14:42.003690" elapsed="0.000382"/>
</kw>
<kw name="Dictionary Should Contain Key" owner="Collections">
<arg>${json_data['results'][0]['login']}</arg>
<arg>${keyTwo}</arg>
<doc>Fails if ``key`` is not found from ``dictionary``.</doc>
<status status="PASS" start="2024-07-13T15:14:42.004247" elapsed="0.000359"/>
</kw>
<kw name="Log" owner="BuiltIn">
<msg time="2024-07-13T15:14:42.004891" level="INFO">password</msg>
<arg>${keyTwo}</arg>
<doc>Logs the given message with the given level.</doc>
<status status="PASS" start="2024-07-13T15:14:42.004776" elapsed="0.000150"/>
</kw>
<var name="${keyTwo}">password</var>
<status status="PASS" start="2024-07-13T15:14:42.003585" elapsed="0.001644"/>
</iter>
<var>${keyTwo}</var>
<value>@{expected_keysTwo}</value>
<status status="PASS" start="2024-07-13T15:14:42.001627" elapsed="0.003720"/>
</for>
<status status="PASS" start="2024-07-13T15:14:41.618123" elapsed="0.387361"/>
</kw>
<doc>Testa a estrutura da resposta da API.</doc>
<tag>testeEstruturaResposta</tag>
<status status="PASS" start="2024-07-13T15:14:41.617615" elapsed="0.388020"/>
</test>
<test id="s1-s1-t4" name="Validar tipos de dados" line="28">
<kw name="Teste de Tipos de Dados" owner="random-user-service">
<kw name="GET On Session" owner="RequestsLibrary">
<msg time="2024-07-13T15:14:42.088331" level="INFO">GET Request : url=https://randomuser.me/api 
 path_url=/api 
 headers={'User-Agent': 'python-requests/2.32.3', 'Accept-Encoding': 'gzip, deflate', 'Accept': '*/*', 'Connection': 'keep-alive'} 
 body=None 
 </msg>
<msg time="2024-07-13T15:14:42.088425" level="INFO">GET Response : url=https://randomuser.me/api 
 status=200, reason=OK 
 headers={'Date': 'Sat, 13 Jul 2024 15:14:42 GMT', 'Content-Type': 'application/json; charset=utf-8', 'Transfer-Encoding': 'chunked', 'Connection': 'keep-alive', 'X-Powered-By': 'Express', 'Access-Control-Allow-Origin': '*', 'Cache-Control': 'no-cache', 'ETag': 'W/"49a-CFAybCE3bTSw47+lLTtkKsL0mV0"', 'Vary': 'Accept-Encoding', 'Content-Encoding': 'gzip', 'CF-Cache-Status': 'DYNAMIC', 'Report-To': '{"endpoints":[{"url":"https:\\/\\/a.nel.cloudflare.com\\/report\\/v4?s=m6wpVHoV2R%2FlLu%2Fz21xvuqOdOEcY7g02xDQkshcxrbkOao4dYmbcfUpnP2aBruK%2BAeOEn2JalnfHdqwPkwvbh3OaXlMoBDDW7KcMaFA4vpsG8CU0sDiApy1umvdvxwGd"}],"group":"cf-nel","max_age":604800}', 'NEL': '{"success_fraction":0,"report_to":"cf-nel","max_age":604800}', 'Server': 'cloudflare', 'CF-RAY': '8a2a39648d8e72ef-IAD', 'alt-svc': 'h3=":443"; ma=86400'} 
 body={"results":[{"gender":"female","name":{"title":"Ms","first":"Féline","last":"Zeldenrust"},"location":{"street":{"number":4482,"name":"Bosmuiszoom"},"city":"Doornenburg","state":"Gelderland","country":"Netherlands","postcode":"6270 IU","coordinates":{"latitude":"35.7285","longitude":"37.3140"},"timezone":{"offset":"-1:00","description":"Azores, Cape Verde Islands"}},"email":"feline.zeldenrust@example.com","login":{"uuid":"4ff67324-4068-4214-8d0e-f7b37b43fbc8","username":"tinyzebra549","password":"5252","salt":"czGjfqcY","md5":"fe39d07ee0dc371cc37b545d9e7e594d","sha1":"e1ddbf52777079cbc20e75639cb7298d0e0bbde0","sha256":"9302430e1690d56d91580be58b84b03ce285c8d48eec8a23bdc72b261addd0eb"},"dob":{"date":"1987-03-04T00:55:20.557Z","age":37},"registered":{"date":"2006-03-18T16:11:32.180Z","age":18},"phone":"(0314) 493859","cell":"(06) 83073002","id":{"name":"BSN","value":"11810398"},"picture":{"large":"https://randomuser.me/api/portraits/women/43.jpg","medium":"https://randomuser.me/api/portraits/med/women/43.jpg","thumbnail":"https://randomuser.me/api/portraits/thumb/women/43.jpg"},"nat":"NL"}],"info":{"seed":"ea7173a7a86c1607","results":1,"page":1,"version":"1.4"}} 
 </msg>
<msg time="2024-07-13T15:14:42.088502" level="INFO">/opt/hostedtoolcache/Python/3.12.4/x64/lib/python3.12/site-packages/urllib3/connectionpool.py:1099: InsecureRequestWarning: Unverified HTTPS request is being made to host 'randomuser.me'. Adding certificate verification is strongly advised. See: https://urllib3.readthedocs.io/en/latest/advanced-usage.html#tls-warnings
  warnings.warn(</msg>
<msg time="2024-07-13T15:14:42.088614" level="INFO">${response} = &lt;Response [200]&gt;</msg>
<var>${response}</var>
<arg>consultarAPI</arg>
<arg>/api</arg>
<doc>Sends a GET request on a previously created HTTP Session.</doc>
<status status="PASS" start="2024-07-13T15:14:42.008212" elapsed="0.080442"/>
</kw>
<kw name="Set Variable" owner="BuiltIn">
<msg time="2024-07-13T15:14:42.089802" level="INFO">${json_data} = {'results': [{'gender': 'female', 'name': {'title': 'Ms', 'first': 'Féline', 'last': 'Zeldenrust'}, 'location': {'street': {'number': 4482, 'name': 'Bosmuiszoom'}, 'city': 'Doornenburg', 'state': 'Gel...</msg>
<var>${json_data}</var>
<arg>${response.json()}</arg>
<doc>Returns the given values which can then be assigned to a variables.</doc>
<status status="PASS" start="2024-07-13T15:14:42.089190" elapsed="0.000642"/>
</kw>
<kw name="Log" owner="BuiltIn">
<msg time="2024-07-13T15:14:42.090296" level="INFO">{'results': [{'gender': 'female', 'name': {'title': 'Ms', 'first': 'Féline', 'last': 'Zeldenrust'}, 'location': {'street': {'number': 4482, 'name': 'Bosmuiszoom'}, 'city': 'Doornenburg', 'state': 'Gelderland', 'country': 'Netherlands', 'postcode': '6270 IU', 'coordinates': {'latitude': '35.7285', 'longitude': '37.3140'}, 'timezone': {'offset': '-1:00', 'description': 'Azores, Cape Verde Islands'}}, 'email': 'feline.zeldenrust@example.com', 'login': {'uuid': '4ff67324-4068-4214-8d0e-f7b37b43fbc8', 'username': 'tinyzebra549', 'password': '5252', 'salt': 'czGjfqcY', 'md5': 'fe39d07ee0dc371cc37b545d9e7e594d', 'sha1': 'e1ddbf52777079cbc20e75639cb7298d0e0bbde0', 'sha256': '9302430e1690d56d91580be58b84b03ce285c8d48eec8a23bdc72b261addd0eb'}, 'dob': {'date': '1987-03-04T00:55:20.557Z', 'age': 37}, 'registered': {'date': '2006-03-18T16:11:32.180Z', 'age': 18}, 'phone': '(0314) 493859', 'cell': '(06) 83073002', 'id': {'name': 'BSN', 'value': '11810398'}, 'picture': {'large': 'https://randomuser.me/api/portraits/women/43.jpg', 'medium': 'https://randomuser.me/api/portraits/med/women/43.jpg', 'thumbnail': 'https://randomuser.me/api/portraits/thumb/women/43.jpg'}, 'nat': 'NL'}], 'info': {'seed': 'ea7173a7a86c1607', 'results': 1, 'page': 1, 'version': '1.4'}}</msg>
<arg>${json_data}</arg>
<doc>Logs the given message with the given level.</doc>
<status status="PASS" start="2024-07-13T15:14:42.090135" elapsed="0.000212"/>
</kw>
<kw name="Should Be String" owner="String">
<arg>${json_data['results'][0]['gender']}</arg>
<doc>Fails if the given ``item`` is not a string.</doc>
<status status="PASS" start="2024-07-13T15:14:42.090645" elapsed="0.000402"/>
</kw>
<kw name="Should Match Regexp" owner="BuiltIn">
<arg>${json_data['results'][0]['email']}</arg>
<arg>^[a-zA-Z0-9._%+-]+@[a-zA-Z0-9.-]+\.[a-zA-Z]{2,}$</arg>
<doc>Fails if ``string`` does not match ``pattern`` as a regular expression.</doc>
<status status="PASS" start="2024-07-13T15:14:42.091235" elapsed="0.000514"/>
</kw>
<kw name="Should Match Regexp" owner="BuiltIn">
<arg>${json_data['results'][0]['dob']['date']}</arg>
<arg>\\d{4}-\\d{2}-\\d{2}T\\d{2}:\\d{2}:\\d{2}\\.\\d{3}Z</arg>
<doc>Fails if ``string`` does not match ``pattern`` as a regular expression.</doc>
<status status="PASS" start="2024-07-13T15:14:42.091986" elapsed="0.000484"/>
</kw>
<kw name="Should Match Regexp" owner="BuiltIn">
<arg>${json_data['results'][0]['registered']['date']}</arg>
<arg>\\d{4}-\\d{2}-\\d{2}T\\d{2}:\\d{2}:\\d{2}\\.\\d{3}Z</arg>
<doc>Fails if ``string`` does not match ``pattern`` as a regular expression.</doc>
<status status="PASS" start="2024-07-13T15:14:42.092659" elapsed="0.000364"/>
</kw>
<kw name="Should Match Regexp" owner="BuiltIn">
<arg>${json_data['results'][0]['picture']['large']}</arg>
<arg>^https?://.*\.(?:png|jpe?g|gif|bmp)$</arg>
<doc>Fails if ``string`` does not match ``pattern`` as a regular expression.</doc>
<status status="PASS" start="2024-07-13T15:14:42.093205" elapsed="0.000448"/>
</kw>
<kw name="Should Match Regexp" owner="BuiltIn">
<arg>${json_data['results'][0]['picture']['medium']}</arg>
<arg>^https?://.*\.(?:png|jpe?g|gif|bmp)$</arg>
<doc>Fails if ``string`` does not match ``pattern`` as a regular expression.</doc>
<status status="PASS" start="2024-07-13T15:14:42.093837" elapsed="0.000345"/>
</kw>
<kw name="Should Match Regexp" owner="BuiltIn">
<arg>${json_data['results'][0]['picture']['thumbnail']}</arg>
<arg>^https?://.*\.(?:png|jpe?g|gif|bmp)$</arg>
<doc>Fails if ``string`` does not match ``pattern`` as a regular expression.</doc>
<status status="PASS" start="2024-07-13T15:14:42.094373" elapsed="0.000349"/>
</kw>
<kw name="Log" owner="BuiltIn">
<msg time="2024-07-13T15:14:42.095271" level="INFO">{'large': 'https://randomuser.me/api/portraits/women/43.jpg', 'medium': 'https://randomuser.me/api/portraits/med/women/43.jpg', 'thumbnail': 'https://randomuser.me/api/portraits/thumb/women/43.jpg'}</msg>
<arg>${json_data['results'][0]['picture']}</arg>
<doc>Logs the given message with the given level.</doc>
<status status="PASS" start="2024-07-13T15:14:42.094929" elapsed="0.000385"/>
</kw>
<status status="PASS" start="2024-07-13T15:14:42.007989" elapsed="0.087580"/>
</kw>
<kw name="Teste de Tipos de Dados - Postcode" owner="random-user-service">
<kw name="GET On Session" owner="RequestsLibrary">
<msg time="2024-07-13T15:14:42.158682" level="INFO">GET Request : url=https://randomuser.me/api 
 path_url=/api 
 headers={'User-Agent': 'python-requests/2.32.3', 'Accept-Encoding': 'gzip, deflate', 'Accept': '*/*', 'Connection': 'keep-alive'} 
 body=None 
 </msg>
<msg time="2024-07-13T15:14:42.158755" level="INFO">GET Response : url=https://randomuser.me/api 
 status=200, reason=OK 
 headers={'Date': 'Sat, 13 Jul 2024 15:14:42 GMT', 'Content-Type': 'application/json; charset=utf-8', 'Transfer-Encoding': 'chunked', 'Connection': 'keep-alive', 'X-Powered-By': 'Express', 'Access-Control-Allow-Origin': '*', 'Cache-Control': 'no-cache', 'ETag': 'W/"483-aDRFNpe2K8VWw1AdBdf9Y+DH19Y"', 'Vary': 'Accept-Encoding', 'Content-Encoding': 'gzip', 'CF-Cache-Status': 'DYNAMIC', 'Report-To': '{"endpoints":[{"url":"https:\\/\\/a.nel.cloudflare.com\\/report\\/v4?s=R7I41VBGVJBxmXyPWwB9kG107Z6djafRISgLqxiDfp8Mld%2FTVJxhxXdt97U1M53XQ6qxG0LZVsGUOBayizvtDym%2FqahykFC3kuvO4O7iF5lFZ7ZrC9c3lonaQsAEQaLq"}],"group":"cf-nel","max_age":604800}', 'NEL': '{"success_fraction":0,"report_to":"cf-nel","max_age":604800}', 'Server': 'cloudflare', 'CF-RAY': '8a2a39651e5e72ef-IAD', 'alt-svc': 'h3=":443"; ma=86400'} 
 body={"results":[{"gender":"male","name":{"title":"Mr","first":"Roger","last":"Green"},"location":{"street":{"number":2483,"name":"North Road"},"city":"Skerries","state":"Clare","country":"Ireland","postcode":60616,"coordinates":{"latitude":"-0.2268","longitude":"-179.2122"},"timezone":{"offset":"+8:00","description":"Beijing, Perth, Singapore, Hong Kong"}},"email":"roger.green@example.com","login":{"uuid":"d5d37d18-deef-4571-9af8-50b26a117f40","username":"whiteleopard389","password":"olemiss","salt":"1468tEee","md5":"24d146b8061e19236086ce7074e4c46e","sha1":"06b508a082cc3ac2464b28071e693bf3135509b1","sha256":"450b6897e2f582ec6e01e63a067f11b83bb77af399909b54db1ada934434c68c"},"dob":{"date":"1944-12-04T16:31:21.483Z","age":79},"registered":{"date":"2017-01-23T11:49:50.390Z","age":7},"phone":"031-610-4920","cell":"081-770-5526","id":{"name":"PPS","value":"3356472T"},"picture":{"large":"https://randomuser.me/api/portraits/men/15.jpg","medium":"https://randomuser.me/api/portraits/med/men/15.jpg","thumbnail":"https://randomuser.me/api/portraits/thumb/men/15.jpg"},"nat":"IE"}],"info":{"seed":"71f3bd8e4735b3a7","results":1,"page":1,"version":"1.4"}} 
 </msg>
<msg time="2024-07-13T15:14:42.158817" level="INFO">/opt/hostedtoolcache/Python/3.12.4/x64/lib/python3.12/site-packages/urllib3/connectionpool.py:1099: InsecureRequestWarning: Unverified HTTPS request is being made to host 'randomuser.me'. Adding certificate verification is strongly advised. See: https://urllib3.readthedocs.io/en/latest/advanced-usage.html#tls-warnings
  warnings.warn(</msg>
<msg time="2024-07-13T15:14:42.158928" level="INFO">${response} = &lt;Response [200]&gt;</msg>
<var>${response}</var>
<arg>consultarAPI</arg>
<arg>/api</arg>
<doc>Sends a GET request on a previously created HTTP Session.</doc>
<status status="PASS" start="2024-07-13T15:14:42.096016" elapsed="0.062954"/>
</kw>
<kw name="Set Variable" owner="BuiltIn">
<msg time="2024-07-13T15:14:42.159998" level="INFO">${json_data} = {'results': [{'gender': 'male', 'name': {'title': 'Mr', 'first': 'Roger', 'last': 'Green'}, 'location': {'street': {'number': 2483, 'name': 'North Road'}, 'city': 'Skerries', 'state': 'Clare', 'countr...</msg>
<var>${json_data}</var>
<arg>${response.json()}</arg>
<doc>Returns the given values which can then be assigned to a variables.</doc>
<status status="PASS" start="2024-07-13T15:14:42.159420" elapsed="0.000607"/>
</kw>
<kw name="Log" owner="BuiltIn">
<msg time="2024-07-13T15:14:42.160476" level="INFO">{'results': [{'gender': 'male', 'name': {'title': 'Mr', 'first': 'Roger', 'last': 'Green'}, 'location': {'street': {'number': 2483, 'name': 'North Road'}, 'city': 'Skerries', 'state': 'Clare', 'country': 'Ireland', 'postcode': 60616, 'coordinates': {'latitude': '-0.2268', 'longitude': '-179.2122'}, 'timezone': {'offset': '+8:00', 'description': 'Beijing, Perth, Singapore, Hong Kong'}}, 'email': 'roger.green@example.com', 'login': {'uuid': 'd5d37d18-deef-4571-9af8-50b26a117f40', 'username': 'whiteleopard389', 'password': 'olemiss', 'salt': '1468tEee', 'md5': '24d146b8061e19236086ce7074e4c46e', 'sha1': '06b508a082cc3ac2464b28071e693bf3135509b1', 'sha256': '450b6897e2f582ec6e01e63a067f11b83bb77af399909b54db1ada934434c68c'}, 'dob': {'date': '1944-12-04T16:31:21.483Z', 'age': 79}, 'registered': {'date': '2017-01-23T11:49:50.390Z', 'age': 7}, 'phone': '031-610-4920', 'cell': '081-770-5526', 'id': {'name': 'PPS', 'value': '3356472T'}, 'picture': {'large': 'https://randomuser.me/api/portraits/men/15.jpg', 'medium': 'https://randomuser.me/api/portraits/med/men/15.jpg', 'thumbnail': 'https://randomuser.me/api/portraits/thumb/men/15.jpg'}, 'nat': 'IE'}], 'info': {'seed': '71f3bd8e4735b3a7', 'results': 1, 'page': 1, 'version': '1.4'}}</msg>
<arg>${json_data}</arg>
<doc>Logs the given message with the given level.</doc>
<status status="PASS" start="2024-07-13T15:14:42.160327" elapsed="0.000196"/>
</kw>
<kw name="Should Be Equal As Numbers" owner="BuiltIn">
<arg>${json_data['results'][0]['location']['postcode']}</arg>
<arg>${json_data['results'][0]['location']['postcode']}</arg>
<doc>Fails if objects are unequal after converting them to real numbers.</doc>
<status status="PASS" start="2024-07-13T15:14:42.160836" elapsed="0.000626"/>
</kw>
<kw name="Log" owner="BuiltIn">
<msg time="2024-07-13T15:14:42.162125" level="INFO">60616</msg>
<arg>${json_data['results'][0]['location']['postcode']}</arg>
<doc>Logs the given message with the given level.</doc>
<status status="PASS" start="2024-07-13T15:14:42.161655" elapsed="0.000510"/>
</kw>
<status status="PASS" start="2024-07-13T15:14:42.095790" elapsed="0.066649"/>
</kw>
<doc>Testa se os tipos de dados na resposta da API estão corretos.</doc>
<tag>testeTiposDados</tag>
<status status="PASS" start="2024-07-13T15:14:42.007437" elapsed="0.155168"/>
</test>
<test id="s1-s1-t5" name="Validar conteudo" line="35">
<kw name="Teste de Tipos de Conteudo" owner="random-user-service">
<kw name="GET On Session" owner="RequestsLibrary">
<msg time="2024-07-13T15:14:42.255802" level="INFO">GET Request : url=https://randomuser.me/api 
 path_url=/api 
 headers={'User-Agent': 'python-requests/2.32.3', 'Accept-Encoding': 'gzip, deflate', 'Accept': '*/*', 'Connection': 'keep-alive'} 
 body=None 
 </msg>
<msg time="2024-07-13T15:14:42.255891" level="INFO">GET Response : url=https://randomuser.me/api 
 status=200, reason=OK 
 headers={'Date': 'Sat, 13 Jul 2024 15:14:42 GMT', 'Content-Type': 'application/json; charset=utf-8', 'Transfer-Encoding': 'chunked', 'Connection': 'keep-alive', 'X-Powered-By': 'Express', 'Access-Control-Allow-Origin': '*', 'Cache-Control': 'no-cache', 'ETag': 'W/"484-OMzA+mkNhHGBDDtgDCNkczEsCCQ"', 'Vary': 'Accept-Encoding', 'Content-Encoding': 'gzip', 'CF-Cache-Status': 'DYNAMIC', 'Report-To': '{"endpoints":[{"url":"https:\\/\\/a.nel.cloudflare.com\\/report\\/v4?s=j1HyJq8q0Iq%2BRFTx91ZE%2B4NT5P4wlwQjtsNFmDpi%2FZI%2FcGhf1fNS%2BvqCG5%2FdjCN0Vmn8VWMOljxwllzOgRgtxLFDfX5zgKphzLiAUPQk1h%2BfD5JDKhmD9Z%2BZ6O5oZ54t"}],"group":"cf-nel","max_age":604800}', 'NEL': '{"success_fraction":0,"report_to":"cf-nel","max_age":604800}', 'Server': 'cloudflare', 'CF-RAY': '8a2a39658f0772ef-IAD', 'alt-svc': 'h3=":443"; ma=86400'} 
 body={"results":[{"gender":"male","name":{"title":"Mr","first":"Idavide","last":"Alves"},"location":{"street":{"number":2691,"name":"Rua Primeiro de Maio "},"city":"Arapongas","state":"Minas Gerais","country":"Brazil","postcode":82595,"coordinates":{"latitude":"-73.0797","longitude":"-4.5872"},"timezone":{"offset":"-10:00","description":"Hawaii"}},"email":"idavide.alves@example.com","login":{"uuid":"7014807c-ddf4-4ea1-98fc-4b32ea943e42","username":"yellowrabbit373","password":"linda","salt":"YZ9q4OfK","md5":"6196bf3b65738be1d04e30431d57b788","sha1":"4f2a05fd7736fca179eb00145d35545cb41af9c4","sha256":"1f1e15bc928fb353618c34bd1efad96beba8885042afb8c2b04b8ef7581232c5"},"dob":{"date":"1984-01-07T14:13:46.138Z","age":40},"registered":{"date":"2006-08-21T11:13:35.400Z","age":17},"phone":"(86) 5229-2155","cell":"(38) 1962-5486","id":{"name":"CPF","value":"984.185.343-75"},"picture":{"large":"https://randomuser.me/api/portraits/men/16.jpg","medium":"https://randomuser.me/api/portraits/med/men/16.jpg","thumbnail":"https://randomuser.me/api/portraits/thumb/men/16.jpg"},"nat":"BR"}],"info":{"seed":"7137543f4285a508","results":1,"page":1,"version":"1.4"}} 
 </msg>
<msg time="2024-07-13T15:14:42.255954" level="INFO">/opt/hostedtoolcache/Python/3.12.4/x64/lib/python3.12/site-packages/urllib3/connectionpool.py:1099: InsecureRequestWarning: Unverified HTTPS request is being made to host 'randomuser.me'. Adding certificate verification is strongly advised. See: https://urllib3.readthedocs.io/en/latest/advanced-usage.html#tls-warnings
  warnings.warn(</msg>
<msg time="2024-07-13T15:14:42.256061" level="INFO">${response} = &lt;Response [200]&gt;</msg>
<var>${response}</var>
<arg>consultarAPI</arg>
<arg>/api</arg>
<doc>Sends a GET request on a previously created HTTP Session.</doc>
<status status="PASS" start="2024-07-13T15:14:42.165156" elapsed="0.090944"/>
</kw>
<kw name="Set Variable" owner="BuiltIn">
<msg time="2024-07-13T15:14:42.257162" level="INFO">${json_data} = {'results': [{'gender': 'male', 'name': {'title': 'Mr', 'first': 'Idavide', 'last': 'Alves'}, 'location': {'street': {'number': 2691, 'name': 'Rua Primeiro de Maio '}, 'city': 'Arapongas', 'state': 'M...</msg>
<var>${json_data}</var>
<arg>${response.json()}</arg>
<doc>Returns the given values which can then be assigned to a variables.</doc>
<status status="PASS" start="2024-07-13T15:14:42.256611" elapsed="0.000581"/>
</kw>
<kw name="Set Variable" owner="BuiltIn">
<msg time="2024-07-13T15:14:42.257873" level="INFO">${name_title} = Mr</msg>
<var>${name_title}</var>
<arg>${json_data["results"][0]["name"]["title"]}</arg>
<doc>Returns the given values which can then be assigned to a variables.</doc>
<status status="PASS" start="2024-07-13T15:14:42.257495" elapsed="0.000403"/>
</kw>
<kw name="Create List" owner="BuiltIn">
<msg time="2024-07-13T15:14:42.258353" level="INFO">${allowed_titles} = ['Mr', 'Ms', 'Miss', 'Mrs', 'Madame', 'Monsieur']</msg>
<var>${allowed_titles}</var>
<arg>Mr</arg>
<arg>Ms</arg>
<arg>Miss</arg>
<arg>Mrs</arg>
<arg>Madame</arg>
<arg>Monsieur</arg>
<doc>Returns a list containing given items.</doc>
<status status="PASS" start="2024-07-13T15:14:42.258196" elapsed="0.000181"/>
</kw>
<kw name="List Should Contain Value" owner="Collections">
<arg>${allowed_titles}</arg>
<arg>${name_title}</arg>
<doc>Fails if the ``value`` is not found from ``list``.</doc>
<status status="PASS" start="2024-07-13T15:14:42.258676" elapsed="0.000180"/>
</kw>
<kw name="Set Variable" owner="BuiltIn">
<msg time="2024-07-13T15:14:42.259451" level="INFO">${name_country} = BR</msg>
<var>${name_country}</var>
<arg>${json_data["results"][0]["nat"]}</arg>
<doc>Returns the given values which can then be assigned to a variables.</doc>
<status status="PASS" start="2024-07-13T15:14:42.259080" elapsed="0.000396"/>
</kw>
<kw name="Create List" owner="BuiltIn">
<msg time="2024-07-13T15:14:42.260354" level="INFO">${list_country} = ['AD', 'AE', 'AF', 'AG', 'AI', 'AL', 'AM', 'AO', 'AQ', 'AR', 'AS', 'AT', 'AU', 'AW', 'AX', 'AZ', 'BA', 'BB', 'BD', 'BE', 'BF', 'BG', 'BH', 'BI', 'BJ', 'BL', 'BM', 'BN', 'BO', 'BQ', 'BR', 'BS', 'BT', '...</msg>
<var>${list_country}</var>
<arg>AD</arg>
<arg>AE</arg>
<arg>AF</arg>
<arg>AG</arg>
<arg>AI</arg>
<arg>AL</arg>
<arg>AM</arg>
<arg>AO</arg>
<arg>AQ</arg>
<arg>AR</arg>
<arg>AS</arg>
<arg>AT</arg>
<arg>AU</arg>
<arg>AW</arg>
<arg>AX</arg>
<arg>AZ</arg>
<arg>BA</arg>
<arg>BB</arg>
<arg>BD</arg>
<arg>BE</arg>
<arg>BF</arg>
<arg>BG</arg>
<arg>BH</arg>
<arg>BI</arg>
<arg>BJ</arg>
<arg>BL</arg>
<arg>BM</arg>
<arg>BN</arg>
<arg>BO</arg>
<arg>BQ</arg>
<arg>BR</arg>
<arg>BS</arg>
<arg>BT</arg>
<arg>BV</arg>
<arg>BW</arg>
<arg>BY</arg>
<arg>BZ</arg>
<arg>CA</arg>
<arg>CC</arg>
<arg>CD</arg>
<arg>CF</arg>
<arg>CG</arg>
<arg>CH</arg>
<arg>CI</arg>
<arg>CK</arg>
<arg>CL</arg>
<arg>CM</arg>
<arg>CN</arg>
<arg>CO</arg>
<arg>CR</arg>
<arg>CU</arg>
<arg>CV</arg>
<arg>CW</arg>
<arg>CX</arg>
<arg>CY</arg>
<arg>CZ</arg>
<arg>DE</arg>
<arg>DJ</arg>
<arg>DK</arg>
<arg>DM</arg>
<arg>DO</arg>
<arg>DZ</arg>
<arg>EC</arg>
<arg>EE</arg>
<arg>EG</arg>
<arg>EH</arg>
<arg>ER</arg>
<arg>ES</arg>
<arg>ET</arg>
<arg>FI</arg>
<arg>FJ</arg>
<arg>FK</arg>
<arg>FM</arg>
<arg>FO</arg>
<arg>FR</arg>
<arg>GA</arg>
<arg>GB</arg>
<arg>GD</arg>
<arg>GE</arg>
<arg>GF</arg>
<arg>GG</arg>
<arg>GH</arg>
<arg>GI</arg>
<arg>GL</arg>
<arg>GM</arg>
<arg>GN</arg>
<arg>GP</arg>
<arg>GQ</arg>
<arg>GR</arg>
<arg>GS</arg>
<arg>GT</arg>
<arg>GU</arg>
<arg>GW</arg>
<arg>GY</arg>
<arg>HK</arg>
<arg>HM</arg>
<arg>HN</arg>
<arg>HR</arg>
<arg>HT</arg>
<arg>HU</arg>
<arg>ID</arg>
<arg>IE</arg>
<arg>IL</arg>
<arg>IM</arg>
<arg>IN</arg>
<arg>IO</arg>
<arg>IQ</arg>
<arg>IR</arg>
<arg>IS</arg>
<arg>IT</arg>
<arg>JE</arg>
<arg>JM</arg>
<arg>JO</arg>
<arg>JP</arg>
<arg>KE</arg>
<arg>KG</arg>
<arg>KH</arg>
<arg>KI</arg>
<arg>KM</arg>
<arg>KN</arg>
<arg>KP</arg>
<arg>KR</arg>
<arg>KW</arg>
<arg>KY</arg>
<arg>KZ</arg>
<arg>LA</arg>
<arg>LB</arg>
<arg>LC</arg>
<arg>LI</arg>
<arg>LK</arg>
<arg>LR</arg>
<arg>LS</arg>
<arg>LT</arg>
<arg>LU</arg>
<arg>LV</arg>
<arg>LY</arg>
<arg>MA</arg>
<arg>MC</arg>
<arg>MD</arg>
<arg>ME</arg>
<arg>MF</arg>
<arg>MG</arg>
<arg>MH</arg>
<arg>MK</arg>
<arg>ML</arg>
<arg>MM</arg>
<arg>MN</arg>
<arg>MO</arg>
<arg>MP</arg>
<arg>MQ</arg>
<arg>MR</arg>
<arg>MS</arg>
<arg>MT</arg>
<arg>MU</arg>
<arg>MV</arg>
<arg>MW</arg>
<arg>MX</arg>
<arg>MY</arg>
<arg>MZ</arg>
<arg>NA</arg>
<arg>NC</arg>
<arg>NE</arg>
<arg>NF</arg>
<arg>NG</arg>
<arg>NI</arg>
<arg>NL</arg>
<arg>NO</arg>
<arg>NP</arg>
<arg>NR</arg>
<arg>NU</arg>
<arg>NZ</arg>
<arg>OM</arg>
<arg>PA</arg>
<arg>PE</arg>
<arg>PF</arg>
<arg>PG</arg>
<arg>PH</arg>
<arg>PK</arg>
<arg>PL</arg>
<arg>PM</arg>
<arg>PN</arg>
<arg>PR</arg>
<arg>PS</arg>
<arg>PT</arg>
<arg>PW</arg>
<arg>PY</arg>
<arg>QA</arg>
<arg>RE</arg>
<arg>RO</arg>
<arg>RS</arg>
<arg>RU</arg>
<arg>RW</arg>
<arg>SA</arg>
<arg>SB</arg>
<arg>SC</arg>
<arg>SD</arg>
<arg>SE</arg>
<arg>SG</arg>
<arg>SH</arg>
<arg>SI</arg>
<arg>SJ</arg>
<arg>SK</arg>
<arg>SL</arg>
<arg>SM</arg>
<arg>SN</arg>
<arg>SO</arg>
<arg>SR</arg>
<arg>SS</arg>
<arg>ST</arg>
<arg>SV</arg>
<arg>SX</arg>
<arg>SY</arg>
<arg>SZ</arg>
<arg>TC</arg>
<arg>TD</arg>
<arg>TF</arg>
<arg>TG</arg>
<arg>TH</arg>
<arg>TJ</arg>
<arg>TK</arg>
<arg>TL</arg>
<arg>TM</arg>
<arg>TN</arg>
<arg>TO</arg>
<arg>TR</arg>
<arg>TT</arg>
<arg>TV</arg>
<arg>TW</arg>
<arg>TZ</arg>
<arg>UA</arg>
<arg>UG</arg>
<arg>UM</arg>
<arg>US</arg>
<arg>UY</arg>
<arg>UZ</arg>
<arg>VA</arg>
<arg>VC</arg>
<arg>VE</arg>
<arg>VG</arg>
<arg>VI</arg>
<arg>VN</arg>
<arg>VU</arg>
<arg>WF</arg>
<arg>WS</arg>
<arg>XK</arg>
<arg>YE</arg>
<arg>YT</arg>
<arg>ZA</arg>
<arg>ZM</arg>
<arg>ZW</arg>
<doc>Returns a list containing given items.</doc>
<status status="PASS" start="2024-07-13T15:14:42.259767" elapsed="0.000613"/>
</kw>
<kw name="List Should Contain Value" owner="Collections">
<arg>${list_country}</arg>
<arg>${name_country}</arg>
<doc>Fails if the ``value`` is not found from ``list``.</doc>
<status status="PASS" start="2024-07-13T15:14:42.261269" elapsed="0.000206"/>
</kw>
<kw name="Run Keyword If" owner="BuiltIn">
<kw name="Should Be True" owner="BuiltIn">
<arg>${True}</arg>
<doc>Fails if the given condition is not true.</doc>
<status status="PASS" start="2024-07-13T15:14:42.262411" elapsed="0.000141"/>
</kw>
<arg>${json_data["results"][0]["location"]["coordinates"]["latitude"]} &gt;= -90 and ${json_data["results"][0]["location"]["coordinates"]["latitude"]} &lt;= 90</arg>
<arg>Should Be True</arg>
<arg>${True}</arg>
<doc>Runs the given keyword with the given arguments, if ``condition`` is true.</doc>
<status status="PASS" start="2024-07-13T15:14:42.261667" elapsed="0.001020"/>
</kw>
<kw name="Run Keyword If" owner="BuiltIn">
<kw name="Should Be True" owner="BuiltIn">
<arg>${True}</arg>
<doc>Fails if the given condition is not true.</doc>
<status status="PASS" start="2024-07-13T15:14:42.263590" elapsed="0.000237"/>
</kw>
<arg>${json_data["results"][0]["location"]["coordinates"]["longitude"]} &gt;= -180 and ${json_data["results"][0]["location"]["coordinates"]["longitude"]} &lt;= 180</arg>
<arg>Should Be True</arg>
<arg>${True}</arg>
<doc>Runs the given keyword with the given arguments, if ``condition`` is true.</doc>
<status status="PASS" start="2024-07-13T15:14:42.262866" elapsed="0.001091"/>
</kw>
<status status="PASS" start="2024-07-13T15:14:42.164938" elapsed="0.099151"/>
</kw>
<doc>Testa o conteúdo específico dos campos retornados pela API.</doc>
<tag>testeConteudo</tag>
<status status="PASS" start="2024-07-13T15:14:42.164427" elapsed="0.099811"/>
</test>
<status status="PASS" start="2024-07-13T15:14:41.051522" elapsed="1.214697"/>
</suite>
<status status="PASS" start="2024-07-13T15:14:41.037051" elapsed="1.234347"/>
</suite>
<statistics>
<total>
<stat pass="5" fail="0" skip="0">All Tests</stat>
</total>
<tag>
<stat pass="1" fail="0" skip="0">testeConteudo</stat>
<stat pass="1" fail="0" skip="0">testeEstruturaResposta</stat>
<stat pass="1" fail="0" skip="0">testeRequisicaoBasica</stat>
<stat pass="1" fail="0" skip="0">testeTiposDados</stat>
</tag>
<suite>
<stat pass="5" fail="0" skip="0" id="s1" name="Tests">Tests</stat>
<stat pass="5" fail="0" skip="0" id="s1-s1" name="Random-User-Test">Tests.Random-User-Test</stat>
</suite>
</statistics>
<errors>
</errors>
</robot>
