<?xml version="1.0" encoding="UTF-8"?>
<robot generator="Robot 7.0 (Python 3.12.2 on linux)" generated="2024-03-24T11:10:44.032687" rpa="false" schemaversion="5">
<suite id="s1" name="Tests" source="/home/runner/work/DesafioQAItauRogerioJordao/DesafioQAItauRogerioJordao/RamdonUser/tests">
<suite id="s1-s1" name="Random-User-Test" source="/home/runner/work/DesafioQAItauRogerioJordao/DesafioQAItauRogerioJordao/RamdonUser/tests/random-user-test.robot">
<test id="s1-s1-t1" name="Conectar" line="13">
<kw name="Conectar API" owner="random-user-service">
<kw name="Create Session" owner="RequestsLibrary">
<msg time="2024-03-24T11:10:44.378959" level="INFO">Creating Session using : alias=consultarAPI, url=https://randomuser.me/, headers={},                     cookies={}, auth=None, timeout=None, proxies=None, verify=False,                     debug=0 </msg>
<arg>consultarAPI</arg>
<arg>${URL}</arg>
<doc>Create Session: create a HTTP session to a server</doc>
<status status="PASS" start="2024-03-24T11:10:44.378762" elapsed="0.000363"/>
</kw>
<status status="PASS" start="2024-03-24T11:10:44.377726" elapsed="0.001751"/>
</kw>
<status status="PASS" start="2024-03-24T11:10:44.377152" elapsed="0.002530"/>
</test>
<test id="s1-s1-t2" name="Validar retorno 200 e JSON Válido" line="16">
<kw name="Teste de Requisicao Basica" owner="random-user-service">
<kw name="GET On Session" owner="RequestsLibrary">
<msg time="2024-03-24T11:10:44.657261" level="INFO">GET Request : url=https://randomuser.me/api 
 path_url=/api 
 headers={'User-Agent': 'python-requests/2.31.0', 'Accept-Encoding': 'gzip, deflate', 'Accept': '*/*', 'Connection': 'keep-alive'} 
 body=None 
 </msg>
<msg time="2024-03-24T11:10:44.657386" level="INFO">GET Response : url=https://randomuser.me/api 
 status=200, reason=OK 
 headers={'Date': 'Sun, 24 Mar 2024 11:10:44 GMT', 'Content-Type': 'application/json; charset=utf-8', 'Transfer-Encoding': 'chunked', 'Connection': 'keep-alive', 'X-Powered-By': 'Express', 'Access-Control-Allow-Origin': '*', 'Cache-Control': 'no-cache', 'ETag': 'W/"479-8swqWKknUuqQJgcPQPUk+wmTxjI"', 'Vary': 'Accept-Encoding', 'Content-Encoding': 'gzip', 'CF-Cache-Status': 'DYNAMIC', 'Report-To': '{"endpoints":[{"url":"https:\\/\\/a.nel.cloudflare.com\\/report\\/v4?s=oLL4HnQ84Q1xa%2BISZehYGz6kpKrwkCrN2tfgsfmrZfsagipM76FugsIYHtuU9%2BsAyV%2BfOcRTosnuMXQGkBD2DCAfoZNYE4akMVtr%2Bv2zzg3aQokedwgcXqPd65bRc9a0"}],"group":"cf-nel","max_age":604800}', 'NEL': '{"success_fraction":0,"report_to":"cf-nel","max_age":604800}', 'Server': 'cloudflare', 'CF-RAY': '86963768787d0d24-LAX', 'alt-svc': 'h3=":443"; ma=86400'} 
 body={"results":[{"gender":"female","name":{"title":"Miss","first":"Anny","last":"Osmani"},"location":{"street":{"number":174,"name":"Kirkehaugsveien"},"city":"Hauge","state":"Vest-Agder","country":"Norway","postcode":"9170","coordinates":{"latitude":"40.8420","longitude":"40.1725"},"timezone":{"offset":"-11:00","description":"Midway Island, Samoa"}},"email":"anny.osmani@example.com","login":{"uuid":"1a40064f-943c-4de8-aef5-f8fd6f8a4a5c","username":"goldenzebra574","password":"young","salt":"spX24Fy3","md5":"5b763b3c0a72dfbd0b1585fd8028343a","sha1":"0ea62f363fd12b77f2d8ec8a5d7ebb1e2058858d","sha256":"eced8e34f01838273da3f53ea9eda76304093f61b09e1098bfe6322f4d5fbbee"},"dob":{"date":"2000-07-29T14:14:50.641Z","age":23},"registered":{"date":"2019-09-23T06:14:08.229Z","age":4},"phone":"85626373","cell":"96385611","id":{"name":"FN","value":"29070082037"},"picture":{"large":"https://randomuser.me/api/portraits/women/41.jpg","medium":"https://randomuser.me/api/portraits/med/women/41.jpg","thumbnail":"https://randomuser.me/api/portraits/thumb/women/41.jpg"},"nat":"NO"}],"info":{"seed":"4ebb84f999585ec7","results":1,"page":1,"version":"1.4"}} 
 </msg>
<msg time="2024-03-24T11:10:44.657491" level="INFO">/opt/hostedtoolcache/Python/3.12.2/x64/lib/python3.12/site-packages/urllib3/connectionpool.py:1103: InsecureRequestWarning: Unverified HTTPS request is being made to host 'randomuser.me'. Adding certificate verification is strongly advised. See: https://urllib3.readthedocs.io/en/latest/advanced-usage.html#tls-warnings
  warnings.warn(</msg>
<msg time="2024-03-24T11:10:44.657624" level="INFO">${response} = &lt;Response [200]&gt;</msg>
<var>${response}</var>
<arg>consultarAPI</arg>
<arg>/api</arg>
<doc>Sends a GET request on a previously created HTTP Session.</doc>
<status status="PASS" start="2024-03-24T11:10:44.382331" elapsed="0.275339"/>
</kw>
<kw name="Should Be Equal As Numbers" owner="BuiltIn">
<msg time="2024-03-24T11:10:44.658521" level="INFO">Argument types are:
&lt;class 'int'&gt;
&lt;class 'str'&gt;</msg>
<arg>${response.status_code}</arg>
<arg>200</arg>
<doc>Fails if objects are unequal after converting them to real numbers.</doc>
<status status="PASS" start="2024-03-24T11:10:44.658101" elapsed="0.000483"/>
</kw>
<kw name="Log" owner="BuiltIn">
<msg time="2024-03-24T11:10:44.659272" level="INFO">200</msg>
<arg>${response.status_code}</arg>
<doc>Logs the given message with the given level.</doc>
<status status="PASS" start="2024-03-24T11:10:44.658908" elapsed="0.000408"/>
</kw>
<kw name="Set Variable" owner="BuiltIn">
<msg time="2024-03-24T11:10:44.660095" level="INFO">${json_data} = {'results': [{'gender': 'female', 'name': {'title': 'Miss', 'first': 'Anny', 'last': 'Osmani'}, 'location': {'street': {'number': 174, 'name': 'Kirkehaugsveien'}, 'city': 'Hauge', 'state': 'Vest-Agder...</msg>
<var>${json_data}</var>
<arg>${response.json()}</arg>
<doc>Returns the given values which can then be assigned to a variables.</doc>
<status status="PASS" start="2024-03-24T11:10:44.659646" elapsed="0.000478"/>
</kw>
<kw name="Dictionary Should Contain Key" owner="Collections">
<msg time="2024-03-24T11:10:44.660596" level="INFO">False</msg>
<arg>${json_data}</arg>
<arg>results</arg>
<doc>Fails if ``key`` is not found from ``dictionary``.</doc>
<status status="PASS" start="2024-03-24T11:10:44.660428" elapsed="0.000208"/>
</kw>
<status status="PASS" start="2024-03-24T11:10:44.382078" elapsed="0.278813"/>
</kw>
<doc>Testa se a API responde corretamente e retorna um objeto JSON válido.</doc>
<tag>testeRequisicaoBasica</tag>
<status status="PASS" start="2024-03-24T11:10:44.381528" elapsed="0.279544"/>
</test>
<test id="s1-s1-t3" name="Validar estrutura de resposta" line="22">
<kw name="Teste de Estrutura de Resposta" owner="random-user-service">
<kw name="GET On Session" owner="RequestsLibrary">
<msg time="2024-03-24T11:10:44.756482" level="INFO">GET Request : url=https://randomuser.me/api 
 path_url=/api 
 headers={'User-Agent': 'python-requests/2.31.0', 'Accept-Encoding': 'gzip, deflate', 'Accept': '*/*', 'Connection': 'keep-alive'} 
 body=None 
 </msg>
<msg time="2024-03-24T11:10:44.756569" level="INFO">GET Response : url=https://randomuser.me/api 
 status=200, reason=OK 
 headers={'Date': 'Sun, 24 Mar 2024 11:10:44 GMT', 'Content-Type': 'application/json; charset=utf-8', 'Transfer-Encoding': 'chunked', 'Connection': 'keep-alive', 'X-Powered-By': 'Express', 'Access-Control-Allow-Origin': '*', 'Cache-Control': 'no-cache', 'ETag': 'W/"478-PTJ0882HvdgILoQ+S9L55aX42ms"', 'Vary': 'Accept-Encoding', 'Content-Encoding': 'gzip', 'CF-Cache-Status': 'DYNAMIC', 'Report-To': '{"endpoints":[{"url":"https:\\/\\/a.nel.cloudflare.com\\/report\\/v4?s=rXf9LL8fmcvWXKrQ7t5uhPxDSkVmeU199eZyWFbXNsRxK%2BKrAz23YQoEUzo9ZMMm%2BnCVNPrCKn4EFqNpp5VmGyl5RAAJVShg0qaVMAb%2Bg91F2y5srANgC9C1k5PWxXzw"}],"group":"cf-nel","max_age":604800}', 'NEL': '{"success_fraction":0,"report_to":"cf-nel","max_age":604800}', 'Server': 'cloudflare', 'CF-RAY': '8696376928da0d24-LAX', 'alt-svc': 'h3=":443"; ma=86400'} 
 body={"results":[{"gender":"female","name":{"title":"Miss","first":"Cathriona","last":"Steward"},"location":{"street":{"number":657,"name":"Tara Street"},"city":"New Ross","state":"Donegal","country":"Ireland","postcode":58807,"coordinates":{"latitude":"-0.5856","longitude":"10.7240"},"timezone":{"offset":"+4:30","description":"Kabul"}},"email":"cathriona.steward@example.com","login":{"uuid":"3e5a1db2-80bf-47aa-8b00-bc200807bb3e","username":"angrypeacock818","password":"426hemi","salt":"cT8DOOWS","md5":"37dbfa6a2ab9b6d11453ed23597629d4","sha1":"c0d6e5d9de08dbfa16c573d2ae204a6985b72c27","sha256":"a919d4bf6c21d492552d6ecf3e0d70a517ae30a13e7f890ac22f96c90369f891"},"dob":{"date":"1955-03-28T04:38:12.333Z","age":68},"registered":{"date":"2003-02-27T11:02:27.302Z","age":21},"phone":"041-046-7286","cell":"081-771-2363","id":{"name":"PPS","value":"2290541T"},"picture":{"large":"https://randomuser.me/api/portraits/women/3.jpg","medium":"https://randomuser.me/api/portraits/med/women/3.jpg","thumbnail":"https://randomuser.me/api/portraits/thumb/women/3.jpg"},"nat":"IE"}],"info":{"seed":"08d967db6512fe74","results":1,"page":1,"version":"1.4"}} 
 </msg>
<msg time="2024-03-24T11:10:44.756699" level="INFO">/opt/hostedtoolcache/Python/3.12.2/x64/lib/python3.12/site-packages/urllib3/connectionpool.py:1103: InsecureRequestWarning: Unverified HTTPS request is being made to host 'randomuser.me'. Adding certificate verification is strongly advised. See: https://urllib3.readthedocs.io/en/latest/advanced-usage.html#tls-warnings
  warnings.warn(</msg>
<msg time="2024-03-24T11:10:44.756810" level="INFO">${response} = &lt;Response [200]&gt;</msg>
<var>${response}</var>
<arg>consultarAPI</arg>
<arg>/api</arg>
<doc>Sends a GET request on a previously created HTTP Session.</doc>
<status status="PASS" start="2024-03-24T11:10:44.663814" elapsed="0.093039"/>
</kw>
<kw name="Set Variable" owner="BuiltIn">
<msg time="2024-03-24T11:10:44.757654" level="INFO">${json_data} = {'results': [{'gender': 'female', 'name': {'title': 'Miss', 'first': 'Cathriona', 'last': 'Steward'}, 'location': {'street': {'number': 657, 'name': 'Tara Street'}, 'city': 'New Ross', 'state': 'Doneg...</msg>
<var>${json_data}</var>
<arg>${response.json()}</arg>
<doc>Returns the given values which can then be assigned to a variables.</doc>
<status status="PASS" start="2024-03-24T11:10:44.757218" elapsed="0.000464"/>
</kw>
<kw name="Log" owner="BuiltIn">
<msg time="2024-03-24T11:10:44.758191" level="INFO">{'results': [{'gender': 'female', 'name': {'title': 'Miss', 'first': 'Cathriona', 'last': 'Steward'}, 'location': {'street': {'number': 657, 'name': 'Tara Street'}, 'city': 'New Ross', 'state': 'Donegal', 'country': 'Ireland', 'postcode': 58807, 'coordinates': {'latitude': '-0.5856', 'longitude': '10.7240'}, 'timezone': {'offset': '+4:30', 'description': 'Kabul'}}, 'email': 'cathriona.steward@example.com', 'login': {'uuid': '3e5a1db2-80bf-47aa-8b00-bc200807bb3e', 'username': 'angrypeacock818', 'password': '426hemi', 'salt': 'cT8DOOWS', 'md5': '37dbfa6a2ab9b6d11453ed23597629d4', 'sha1': 'c0d6e5d9de08dbfa16c573d2ae204a6985b72c27', 'sha256': 'a919d4bf6c21d492552d6ecf3e0d70a517ae30a13e7f890ac22f96c90369f891'}, 'dob': {'date': '1955-03-28T04:38:12.333Z', 'age': 68}, 'registered': {'date': '2003-02-27T11:02:27.302Z', 'age': 21}, 'phone': '041-046-7286', 'cell': '081-771-2363', 'id': {'name': 'PPS', 'value': '2290541T'}, 'picture': {'large': 'https://randomuser.me/api/portraits/women/3.jpg', 'medium': 'https://randomuser.me/api/portraits/med/women/3.jpg', 'thumbnail': 'https://randomuser.me/api/portraits/thumb/women/3.jpg'}, 'nat': 'IE'}], 'info': {'seed': '08d967db6512fe74', 'results': 1, 'page': 1, 'version': '1.4'}}</msg>
<arg>${json_data}</arg>
<doc>Logs the given message with the given level.</doc>
<status status="PASS" start="2024-03-24T11:10:44.758034" elapsed="0.000203"/>
</kw>
<kw name="Dictionary Should Contain Key" owner="Collections">
<msg time="2024-03-24T11:10:44.758682" level="INFO">False</msg>
<arg>${json_data}</arg>
<arg>results</arg>
<doc>Fails if ``key`` is not found from ``dictionary``.</doc>
<status status="PASS" start="2024-03-24T11:10:44.758533" elapsed="0.000186"/>
</kw>
<kw name="Should Not Be Empty" owner="BuiltIn">
<msg time="2024-03-24T11:10:44.759147" level="INFO">Length is 2.</msg>
<arg>${json_data}</arg>
<doc>Verifies that the given item is not empty.</doc>
<status status="PASS" start="2024-03-24T11:10:44.759019" elapsed="0.000164"/>
</kw>
<kw name="Create List" owner="BuiltIn">
<msg time="2024-03-24T11:10:44.759619" level="INFO">${expected_keys} = ['gender', 'name', 'location', 'email', 'login']</msg>
<var>${expected_keys}</var>
<arg>gender</arg>
<arg>name</arg>
<arg>location</arg>
<arg>email</arg>
<arg>login</arg>
<doc>Returns a list containing given items.</doc>
<status status="PASS" start="2024-03-24T11:10:44.759467" elapsed="0.000176"/>
</kw>
<for flavor="IN">
<iter>
<kw name="Dictionary Should Contain Key" owner="Collections">
<msg time="2024-03-24T11:10:44.760593" level="INFO">False</msg>
<arg>${json_data['results'][0]}</arg>
<arg>${key}</arg>
<doc>Fails if ``key`` is not found from ``dictionary``.</doc>
<status status="PASS" start="2024-03-24T11:10:44.760191" elapsed="0.000441"/>
</kw>
<kw name="Log" owner="BuiltIn">
<msg time="2024-03-24T11:10:44.761306" level="INFO">{'gender': 'female', 'name': {'title': 'Miss', 'first': 'Cathriona', 'last': 'Steward'}, 'location': {'street': {'number': 657, 'name': 'Tara Street'}, 'city': 'New Ross', 'state': 'Donegal', 'country': 'Ireland', 'postcode': 58807, 'coordinates': {'latitude': '-0.5856', 'longitude': '10.7240'}, 'timezone': {'offset': '+4:30', 'description': 'Kabul'}}, 'email': 'cathriona.steward@example.com', 'login': {'uuid': '3e5a1db2-80bf-47aa-8b00-bc200807bb3e', 'username': 'angrypeacock818', 'password': '426hemi', 'salt': 'cT8DOOWS', 'md5': '37dbfa6a2ab9b6d11453ed23597629d4', 'sha1': 'c0d6e5d9de08dbfa16c573d2ae204a6985b72c27', 'sha256': 'a919d4bf6c21d492552d6ecf3e0d70a517ae30a13e7f890ac22f96c90369f891'}, 'dob': {'date': '1955-03-28T04:38:12.333Z', 'age': 68}, 'registered': {'date': '2003-02-27T11:02:27.302Z', 'age': 21}, 'phone': '041-046-7286', 'cell': '081-771-2363', 'id': {'name': 'PPS', 'value': '2290541T'}, 'picture': {'large': 'https://randomuser.me/api/portraits/women/3.jpg', 'medium': 'https://randomuser.me/api/portraits/med/women/3.jpg', 'thumbnail': 'https://randomuser.me/api/portraits/thumb/women/3.jpg'}, 'nat': 'IE'}</msg>
<arg>${json_data['results'][0]}</arg>
<doc>Logs the given message with the given level.</doc>
<status status="PASS" start="2024-03-24T11:10:44.760939" elapsed="0.000422"/>
</kw>
<kw name="Log" owner="BuiltIn">
<msg time="2024-03-24T11:10:44.761794" level="INFO">gender</msg>
<arg>${key}</arg>
<doc>Logs the given message with the given level.</doc>
<status status="PASS" start="2024-03-24T11:10:44.761663" elapsed="0.000191"/>
</kw>
<var name="${key}">gender</var>
<status status="PASS" start="2024-03-24T11:10:44.760069" elapsed="0.002019"/>
</iter>
<iter>
<kw name="Dictionary Should Contain Key" owner="Collections">
<msg time="2024-03-24T11:10:44.762770" level="INFO">False</msg>
<arg>${json_data['results'][0]}</arg>
<arg>${key}</arg>
<doc>Fails if ``key`` is not found from ``dictionary``.</doc>
<status status="PASS" start="2024-03-24T11:10:44.762395" elapsed="0.000413"/>
</kw>
<kw name="Log" owner="BuiltIn">
<msg time="2024-03-24T11:10:44.763493" level="INFO">{'gender': 'female', 'name': {'title': 'Miss', 'first': 'Cathriona', 'last': 'Steward'}, 'location': {'street': {'number': 657, 'name': 'Tara Street'}, 'city': 'New Ross', 'state': 'Donegal', 'country': 'Ireland', 'postcode': 58807, 'coordinates': {'latitude': '-0.5856', 'longitude': '10.7240'}, 'timezone': {'offset': '+4:30', 'description': 'Kabul'}}, 'email': 'cathriona.steward@example.com', 'login': {'uuid': '3e5a1db2-80bf-47aa-8b00-bc200807bb3e', 'username': 'angrypeacock818', 'password': '426hemi', 'salt': 'cT8DOOWS', 'md5': '37dbfa6a2ab9b6d11453ed23597629d4', 'sha1': 'c0d6e5d9de08dbfa16c573d2ae204a6985b72c27', 'sha256': 'a919d4bf6c21d492552d6ecf3e0d70a517ae30a13e7f890ac22f96c90369f891'}, 'dob': {'date': '1955-03-28T04:38:12.333Z', 'age': 68}, 'registered': {'date': '2003-02-27T11:02:27.302Z', 'age': 21}, 'phone': '041-046-7286', 'cell': '081-771-2363', 'id': {'name': 'PPS', 'value': '2290541T'}, 'picture': {'large': 'https://randomuser.me/api/portraits/women/3.jpg', 'medium': 'https://randomuser.me/api/portraits/med/women/3.jpg', 'thumbnail': 'https://randomuser.me/api/portraits/thumb/women/3.jpg'}, 'nat': 'IE'}</msg>
<arg>${json_data['results'][0]}</arg>
<doc>Logs the given message with the given level.</doc>
<status status="PASS" start="2024-03-24T11:10:44.763134" elapsed="0.000406"/>
</kw>
<kw name="Log" owner="BuiltIn">
<msg time="2024-03-24T11:10:44.763967" level="INFO">name</msg>
<arg>${key}</arg>
<doc>Logs the given message with the given level.</doc>
<status status="PASS" start="2024-03-24T11:10:44.763839" elapsed="0.000165"/>
</kw>
<var name="${key}">name</var>
<status status="PASS" start="2024-03-24T11:10:44.762280" elapsed="0.001939"/>
</iter>
<iter>
<kw name="Dictionary Should Contain Key" owner="Collections">
<msg time="2024-03-24T11:10:44.764888" level="INFO">False</msg>
<arg>${json_data['results'][0]}</arg>
<arg>${key}</arg>
<doc>Fails if ``key`` is not found from ``dictionary``.</doc>
<status status="PASS" start="2024-03-24T11:10:44.764509" elapsed="0.000417"/>
</kw>
<kw name="Log" owner="BuiltIn">
<msg time="2024-03-24T11:10:44.765585" level="INFO">{'gender': 'female', 'name': {'title': 'Miss', 'first': 'Cathriona', 'last': 'Steward'}, 'location': {'street': {'number': 657, 'name': 'Tara Street'}, 'city': 'New Ross', 'state': 'Donegal', 'country': 'Ireland', 'postcode': 58807, 'coordinates': {'latitude': '-0.5856', 'longitude': '10.7240'}, 'timezone': {'offset': '+4:30', 'description': 'Kabul'}}, 'email': 'cathriona.steward@example.com', 'login': {'uuid': '3e5a1db2-80bf-47aa-8b00-bc200807bb3e', 'username': 'angrypeacock818', 'password': '426hemi', 'salt': 'cT8DOOWS', 'md5': '37dbfa6a2ab9b6d11453ed23597629d4', 'sha1': 'c0d6e5d9de08dbfa16c573d2ae204a6985b72c27', 'sha256': 'a919d4bf6c21d492552d6ecf3e0d70a517ae30a13e7f890ac22f96c90369f891'}, 'dob': {'date': '1955-03-28T04:38:12.333Z', 'age': 68}, 'registered': {'date': '2003-02-27T11:02:27.302Z', 'age': 21}, 'phone': '041-046-7286', 'cell': '081-771-2363', 'id': {'name': 'PPS', 'value': '2290541T'}, 'picture': {'large': 'https://randomuser.me/api/portraits/women/3.jpg', 'medium': 'https://randomuser.me/api/portraits/med/women/3.jpg', 'thumbnail': 'https://randomuser.me/api/portraits/thumb/women/3.jpg'}, 'nat': 'IE'}</msg>
<arg>${json_data['results'][0]}</arg>
<doc>Logs the given message with the given level.</doc>
<status status="PASS" start="2024-03-24T11:10:44.765224" elapsed="0.000413"/>
</kw>
<kw name="Log" owner="BuiltIn">
<msg time="2024-03-24T11:10:44.766094" level="INFO">location</msg>
<arg>${key}</arg>
<doc>Logs the given message with the given level.</doc>
<status status="PASS" start="2024-03-24T11:10:44.765965" elapsed="0.000167"/>
</kw>
<var name="${key}">location</var>
<status status="PASS" start="2024-03-24T11:10:44.764399" elapsed="0.001949"/>
</iter>
<iter>
<kw name="Dictionary Should Contain Key" owner="Collections">
<msg time="2024-03-24T11:10:44.767002" level="INFO">False</msg>
<arg>${json_data['results'][0]}</arg>
<arg>${key}</arg>
<doc>Fails if ``key`` is not found from ``dictionary``.</doc>
<status status="PASS" start="2024-03-24T11:10:44.766630" elapsed="0.000410"/>
</kw>
<kw name="Log" owner="BuiltIn">
<msg time="2024-03-24T11:10:44.767699" level="INFO">{'gender': 'female', 'name': {'title': 'Miss', 'first': 'Cathriona', 'last': 'Steward'}, 'location': {'street': {'number': 657, 'name': 'Tara Street'}, 'city': 'New Ross', 'state': 'Donegal', 'country': 'Ireland', 'postcode': 58807, 'coordinates': {'latitude': '-0.5856', 'longitude': '10.7240'}, 'timezone': {'offset': '+4:30', 'description': 'Kabul'}}, 'email': 'cathriona.steward@example.com', 'login': {'uuid': '3e5a1db2-80bf-47aa-8b00-bc200807bb3e', 'username': 'angrypeacock818', 'password': '426hemi', 'salt': 'cT8DOOWS', 'md5': '37dbfa6a2ab9b6d11453ed23597629d4', 'sha1': 'c0d6e5d9de08dbfa16c573d2ae204a6985b72c27', 'sha256': 'a919d4bf6c21d492552d6ecf3e0d70a517ae30a13e7f890ac22f96c90369f891'}, 'dob': {'date': '1955-03-28T04:38:12.333Z', 'age': 68}, 'registered': {'date': '2003-02-27T11:02:27.302Z', 'age': 21}, 'phone': '041-046-7286', 'cell': '081-771-2363', 'id': {'name': 'PPS', 'value': '2290541T'}, 'picture': {'large': 'https://randomuser.me/api/portraits/women/3.jpg', 'medium': 'https://randomuser.me/api/portraits/med/women/3.jpg', 'thumbnail': 'https://randomuser.me/api/portraits/thumb/women/3.jpg'}, 'nat': 'IE'}</msg>
<arg>${json_data['results'][0]}</arg>
<doc>Logs the given message with the given level.</doc>
<status status="PASS" start="2024-03-24T11:10:44.767339" elapsed="0.000406"/>
</kw>
<kw name="Log" owner="BuiltIn">
<msg time="2024-03-24T11:10:44.768164" level="INFO">email</msg>
<arg>${key}</arg>
<doc>Logs the given message with the given level.</doc>
<status status="PASS" start="2024-03-24T11:10:44.768039" elapsed="0.000161"/>
</kw>
<var name="${key}">email</var>
<status status="PASS" start="2024-03-24T11:10:44.766520" elapsed="0.001893"/>
</iter>
<iter>
<kw name="Dictionary Should Contain Key" owner="Collections">
<msg time="2024-03-24T11:10:44.769072" level="INFO">False</msg>
<arg>${json_data['results'][0]}</arg>
<arg>${key}</arg>
<doc>Fails if ``key`` is not found from ``dictionary``.</doc>
<status status="PASS" start="2024-03-24T11:10:44.768693" elapsed="0.000417"/>
</kw>
<kw name="Log" owner="BuiltIn">
<msg time="2024-03-24T11:10:44.769757" level="INFO">{'gender': 'female', 'name': {'title': 'Miss', 'first': 'Cathriona', 'last': 'Steward'}, 'location': {'street': {'number': 657, 'name': 'Tara Street'}, 'city': 'New Ross', 'state': 'Donegal', 'country': 'Ireland', 'postcode': 58807, 'coordinates': {'latitude': '-0.5856', 'longitude': '10.7240'}, 'timezone': {'offset': '+4:30', 'description': 'Kabul'}}, 'email': 'cathriona.steward@example.com', 'login': {'uuid': '3e5a1db2-80bf-47aa-8b00-bc200807bb3e', 'username': 'angrypeacock818', 'password': '426hemi', 'salt': 'cT8DOOWS', 'md5': '37dbfa6a2ab9b6d11453ed23597629d4', 'sha1': 'c0d6e5d9de08dbfa16c573d2ae204a6985b72c27', 'sha256': 'a919d4bf6c21d492552d6ecf3e0d70a517ae30a13e7f890ac22f96c90369f891'}, 'dob': {'date': '1955-03-28T04:38:12.333Z', 'age': 68}, 'registered': {'date': '2003-02-27T11:02:27.302Z', 'age': 21}, 'phone': '041-046-7286', 'cell': '081-771-2363', 'id': {'name': 'PPS', 'value': '2290541T'}, 'picture': {'large': 'https://randomuser.me/api/portraits/women/3.jpg', 'medium': 'https://randomuser.me/api/portraits/med/women/3.jpg', 'thumbnail': 'https://randomuser.me/api/portraits/thumb/women/3.jpg'}, 'nat': 'IE'}</msg>
<arg>${json_data['results'][0]}</arg>
<doc>Logs the given message with the given level.</doc>
<status status="PASS" start="2024-03-24T11:10:44.769401" elapsed="0.000403"/>
</kw>
<kw name="Log" owner="BuiltIn">
<msg time="2024-03-24T11:10:44.770253" level="INFO">login</msg>
<arg>${key}</arg>
<doc>Logs the given message with the given level.</doc>
<status status="PASS" start="2024-03-24T11:10:44.770127" elapsed="0.000268"/>
</kw>
<var name="${key}">login</var>
<status status="PASS" start="2024-03-24T11:10:44.768584" elapsed="0.002045"/>
</iter>
<var>${key}</var>
<value>@{expected_keys}</value>
<status status="PASS" start="2024-03-24T11:10:44.759896" elapsed="0.010882"/>
</for>
<kw name="Create List" owner="BuiltIn">
<msg time="2024-03-24T11:10:44.771118" level="INFO">${expected_keysTwo} = ['username', 'password']</msg>
<var>${expected_keysTwo}</var>
<arg>username</arg>
<arg>password</arg>
<doc>Returns a list containing given items.</doc>
<status status="PASS" start="2024-03-24T11:10:44.770981" elapsed="0.000161"/>
</kw>
<for flavor="IN">
<iter>
<kw name="Dictionary Should Contain Key" owner="Collections">
<msg time="2024-03-24T11:10:44.772022" level="INFO">False</msg>
<arg>${json_data['results'][0]['login']}</arg>
<arg>${keyTwo}</arg>
<doc>Fails if ``key`` is not found from ``dictionary``.</doc>
<status status="PASS" start="2024-03-24T11:10:44.771641" elapsed="0.000418"/>
</kw>
<kw name="Dictionary Should Contain Key" owner="Collections">
<msg time="2024-03-24T11:10:44.772737" level="INFO">False</msg>
<arg>${json_data['results'][0]['login']}</arg>
<arg>${keyTwo}</arg>
<doc>Fails if ``key`` is not found from ``dictionary``.</doc>
<status status="PASS" start="2024-03-24T11:10:44.772361" elapsed="0.000413"/>
</kw>
<kw name="Log" owner="BuiltIn">
<msg time="2024-03-24T11:10:44.773197" level="INFO">username</msg>
<arg>${keyTwo}</arg>
<doc>Logs the given message with the given level.</doc>
<status status="PASS" start="2024-03-24T11:10:44.773069" elapsed="0.000165"/>
</kw>
<var name="${keyTwo}">username</var>
<status status="PASS" start="2024-03-24T11:10:44.771530" elapsed="0.001916"/>
</iter>
<iter>
<kw name="Dictionary Should Contain Key" owner="Collections">
<msg time="2024-03-24T11:10:44.774144" level="INFO">False</msg>
<arg>${json_data['results'][0]['login']}</arg>
<arg>${keyTwo}</arg>
<doc>Fails if ``key`` is not found from ``dictionary``.</doc>
<status status="PASS" start="2024-03-24T11:10:44.773725" elapsed="0.000457"/>
</kw>
<kw name="Dictionary Should Contain Key" owner="Collections">
<msg time="2024-03-24T11:10:44.774854" level="INFO">False</msg>
<arg>${json_data['results'][0]['login']}</arg>
<arg>${keyTwo}</arg>
<doc>Fails if ``key`` is not found from ``dictionary``.</doc>
<status status="PASS" start="2024-03-24T11:10:44.774473" elapsed="0.000419"/>
</kw>
<kw name="Log" owner="BuiltIn">
<msg time="2024-03-24T11:10:44.775309" level="INFO">password</msg>
<arg>${keyTwo}</arg>
<doc>Logs the given message with the given level.</doc>
<status status="PASS" start="2024-03-24T11:10:44.775182" elapsed="0.000165"/>
</kw>
<var name="${keyTwo}">password</var>
<status status="PASS" start="2024-03-24T11:10:44.773617" elapsed="0.001944"/>
</iter>
<var>${keyTwo}</var>
<value>@{expected_keysTwo}</value>
<status status="PASS" start="2024-03-24T11:10:44.771378" elapsed="0.004303"/>
</for>
<status status="PASS" start="2024-03-24T11:10:44.663581" elapsed="0.112240"/>
</kw>
<doc>Testa a estrutura da resposta da API.</doc>
<tag>testeEstruturaResposta</tag>
<status status="PASS" start="2024-03-24T11:10:44.662973" elapsed="0.112998"/>
</test>
<test id="s1-s1-t4" name="Validar tipos de dados" line="28">
<kw name="Teste de Tipos de Dados" owner="random-user-service">
<kw name="GET On Session" owner="RequestsLibrary">
<msg time="2024-03-24T11:10:45.073681" level="INFO">GET Request : url=https://randomuser.me/api 
 path_url=/api 
 headers={'User-Agent': 'python-requests/2.31.0', 'Accept-Encoding': 'gzip, deflate', 'Accept': '*/*', 'Connection': 'keep-alive'} 
 body=None 
 </msg>
<msg time="2024-03-24T11:10:45.073765" level="INFO">GET Response : url=https://randomuser.me/api 
 status=200, reason=OK 
 headers={'Date': 'Sun, 24 Mar 2024 11:10:45 GMT', 'Content-Type': 'application/json; charset=utf-8', 'Transfer-Encoding': 'chunked', 'Connection': 'keep-alive', 'X-Powered-By': 'Express', 'Access-Control-Allow-Origin': '*', 'Cache-Control': 'no-cache', 'ETag': 'W/"496-7qaVlGhgXbswUlGCT61VCShDF9o"', 'Vary': 'Accept-Encoding', 'Content-Encoding': 'gzip', 'CF-Cache-Status': 'DYNAMIC', 'Report-To': '{"endpoints":[{"url":"https:\\/\\/a.nel.cloudflare.com\\/report\\/v4?s=NbwAZQn6wSrqC%2FAnC%2Brvkc7ay%2BLY67aYlKiq5Itb1AjyzRIG5%2B5lPk0P4Tl%2BcStdZRauteYV%2BxT6iXBTgdi2WthkMH73jvAuiBFgSEml69HErfZu%2BP2Ao3sQ0hBjlZbJ"}],"group":"cf-nel","max_age":604800}', 'NEL': '{"success_fraction":0,"report_to":"cf-nel","max_age":604800}', 'Server': 'cloudflare', 'CF-RAY': '86963769e93d0d24-LAX', 'alt-svc': 'h3=":443"; ma=86400'} 
 body={"results":[{"gender":"male","name":{"title":"Mr","first":"Craig","last":"Simmons"},"location":{"street":{"number":5072,"name":"Miller Ave"},"city":"Albury","state":"Northern Territory","country":"Australia","postcode":8153,"coordinates":{"latitude":"-84.8679","longitude":"-5.3712"},"timezone":{"offset":"-5:00","description":"Eastern Time (US &amp; Canada), Bogota, Lima"}},"email":"craig.simmons@example.com","login":{"uuid":"3d488051-2f7e-440c-af5b-e7c30e9c64cb","username":"greenpeacock904","password":"warren","salt":"l9D3rbWN","md5":"90872bbf0b0fdc4c6bd9e62663432e6a","sha1":"0b6d0f42b4a1ab409c643f44595371458c956481","sha256":"4559b32d2c27c6bc685042a1b71d2098c65a3efb75c95e6ceeb751cc5c111fae"},"dob":{"date":"1970-08-18T05:01:49.396Z","age":53},"registered":{"date":"2017-12-02T17:50:29.177Z","age":6},"phone":"00-9584-2861","cell":"0449-656-612","id":{"name":"TFN","value":"588089259"},"picture":{"large":"https://randomuser.me/api/portraits/men/24.jpg","medium":"https://randomuser.me/api/portraits/med/men/24.jpg","thumbnail":"https://randomuser.me/api/portraits/thumb/men/24.jpg"},"nat":"AU"}],"info":{"seed":"362dee6aaa48f497","results":1,"page":1,"version":"1.4"}} 
 </msg>
<msg time="2024-03-24T11:10:45.073884" level="INFO">/opt/hostedtoolcache/Python/3.12.2/x64/lib/python3.12/site-packages/urllib3/connectionpool.py:1103: InsecureRequestWarning: Unverified HTTPS request is being made to host 'randomuser.me'. Adding certificate verification is strongly advised. See: https://urllib3.readthedocs.io/en/latest/advanced-usage.html#tls-warnings
  warnings.warn(</msg>
<msg time="2024-03-24T11:10:45.074003" level="INFO">${response} = &lt;Response [200]&gt;</msg>
<var>${response}</var>
<arg>consultarAPI</arg>
<arg>/api</arg>
<doc>Sends a GET request on a previously created HTTP Session.</doc>
<status status="PASS" start="2024-03-24T11:10:44.778352" elapsed="0.295693"/>
</kw>
<kw name="Set Variable" owner="BuiltIn">
<msg time="2024-03-24T11:10:45.074939" level="INFO">${json_data} = {'results': [{'gender': 'male', 'name': {'title': 'Mr', 'first': 'Craig', 'last': 'Simmons'}, 'location': {'street': {'number': 5072, 'name': 'Miller Ave'}, 'city': 'Albury', 'state': 'Northern Territ...</msg>
<var>${json_data}</var>
<arg>${response.json()}</arg>
<doc>Returns the given values which can then be assigned to a variables.</doc>
<status status="PASS" start="2024-03-24T11:10:45.074475" elapsed="0.000492"/>
</kw>
<kw name="Log" owner="BuiltIn">
<msg time="2024-03-24T11:10:45.075426" level="INFO">{'results': [{'gender': 'male', 'name': {'title': 'Mr', 'first': 'Craig', 'last': 'Simmons'}, 'location': {'street': {'number': 5072, 'name': 'Miller Ave'}, 'city': 'Albury', 'state': 'Northern Territory', 'country': 'Australia', 'postcode': 8153, 'coordinates': {'latitude': '-84.8679', 'longitude': '-5.3712'}, 'timezone': {'offset': '-5:00', 'description': 'Eastern Time (US &amp; Canada), Bogota, Lima'}}, 'email': 'craig.simmons@example.com', 'login': {'uuid': '3d488051-2f7e-440c-af5b-e7c30e9c64cb', 'username': 'greenpeacock904', 'password': 'warren', 'salt': 'l9D3rbWN', 'md5': '90872bbf0b0fdc4c6bd9e62663432e6a', 'sha1': '0b6d0f42b4a1ab409c643f44595371458c956481', 'sha256': '4559b32d2c27c6bc685042a1b71d2098c65a3efb75c95e6ceeb751cc5c111fae'}, 'dob': {'date': '1970-08-18T05:01:49.396Z', 'age': 53}, 'registered': {'date': '2017-12-02T17:50:29.177Z', 'age': 6}, 'phone': '00-9584-2861', 'cell': '0449-656-612', 'id': {'name': 'TFN', 'value': '588089259'}, 'picture': {'large': 'https://randomuser.me/api/portraits/men/24.jpg', 'medium': 'https://randomuser.me/api/portraits/med/men/24.jpg', 'thumbnail': 'https://randomuser.me/api/portraits/thumb/men/24.jpg'}, 'nat': 'AU'}], 'info': {'seed': '362dee6aaa48f497', 'results': 1, 'page': 1, 'version': '1.4'}}</msg>
<arg>${json_data}</arg>
<doc>Logs the given message with the given level.</doc>
<status status="PASS" start="2024-03-24T11:10:45.075273" elapsed="0.000233"/>
</kw>
<kw name="Should Be String" owner="String">
<arg>${json_data['results'][0]['gender']}</arg>
<doc>Fails if the given ``item`` is not a string.</doc>
<status status="PASS" start="2024-03-24T11:10:45.075806" elapsed="0.000351"/>
</kw>
<kw name="Should Match Regexp" owner="BuiltIn">
<arg>${json_data['results'][0]['email']}</arg>
<arg>^[a-zA-Z0-9._%+-]+@[a-zA-Z0-9.-]+\.[a-zA-Z]{2,}$</arg>
<doc>Fails if ``string`` does not match ``pattern`` as a regular expression.</doc>
<status status="PASS" start="2024-03-24T11:10:45.076346" elapsed="0.000497"/>
</kw>
<kw name="Should Match Regexp" owner="BuiltIn">
<arg>${json_data['results'][0]['dob']['date']}</arg>
<arg>\\d{4}-\\d{2}-\\d{2}T\\d{2}:\\d{2}:\\d{2}\\.\\d{3}Z</arg>
<doc>Fails if ``string`` does not match ``pattern`` as a regular expression.</doc>
<status status="PASS" start="2024-03-24T11:10:45.077036" elapsed="0.000473"/>
</kw>
<kw name="Should Match Regexp" owner="BuiltIn">
<arg>${json_data['results'][0]['registered']['date']}</arg>
<arg>\\d{4}-\\d{2}-\\d{2}T\\d{2}:\\d{2}:\\d{2}\\.\\d{3}Z</arg>
<doc>Fails if ``string`` does not match ``pattern`` as a regular expression.</doc>
<status status="PASS" start="2024-03-24T11:10:45.077698" elapsed="0.000415"/>
</kw>
<kw name="Should Match Regexp" owner="BuiltIn">
<arg>${json_data['results'][0]['picture']['large']}</arg>
<arg>^https?://.*\.(?:png|jpe?g|gif|bmp)$</arg>
<doc>Fails if ``string`` does not match ``pattern`` as a regular expression.</doc>
<status status="PASS" start="2024-03-24T11:10:45.078301" elapsed="0.000460"/>
</kw>
<kw name="Should Match Regexp" owner="BuiltIn">
<arg>${json_data['results'][0]['picture']['medium']}</arg>
<arg>^https?://.*\.(?:png|jpe?g|gif|bmp)$</arg>
<doc>Fails if ``string`` does not match ``pattern`` as a regular expression.</doc>
<status status="PASS" start="2024-03-24T11:10:45.078948" elapsed="0.000358"/>
</kw>
<kw name="Should Match Regexp" owner="BuiltIn">
<arg>${json_data['results'][0]['picture']['thumbnail']}</arg>
<arg>^https?://.*\.(?:png|jpe?g|gif|bmp)$</arg>
<doc>Fails if ``string`` does not match ``pattern`` as a regular expression.</doc>
<status status="PASS" start="2024-03-24T11:10:45.079489" elapsed="0.000345"/>
</kw>
<kw name="Log" owner="BuiltIn">
<msg time="2024-03-24T11:10:45.080345" level="INFO">{'large': 'https://randomuser.me/api/portraits/men/24.jpg', 'medium': 'https://randomuser.me/api/portraits/med/men/24.jpg', 'thumbnail': 'https://randomuser.me/api/portraits/thumb/men/24.jpg'}</msg>
<arg>${json_data['results'][0]['picture']}</arg>
<doc>Logs the given message with the given level.</doc>
<status status="PASS" start="2024-03-24T11:10:45.080012" elapsed="0.000380"/>
</kw>
<status status="PASS" start="2024-03-24T11:10:44.778133" elapsed="0.302510"/>
</kw>
<kw name="Teste de Tipos de Dados - Postcode" owner="random-user-service">
<kw name="GET On Session" owner="RequestsLibrary">
<msg time="2024-03-24T11:10:45.175535" level="INFO">GET Request : url=https://randomuser.me/api 
 path_url=/api 
 headers={'User-Agent': 'python-requests/2.31.0', 'Accept-Encoding': 'gzip, deflate', 'Accept': '*/*', 'Connection': 'keep-alive'} 
 body=None 
 </msg>
<msg time="2024-03-24T11:10:45.175598" level="INFO">GET Response : url=https://randomuser.me/api 
 status=200, reason=OK 
 headers={'Date': 'Sun, 24 Mar 2024 11:10:45 GMT', 'Content-Type': 'application/json; charset=utf-8', 'Transfer-Encoding': 'chunked', 'Connection': 'keep-alive', 'X-Powered-By': 'Express', 'Access-Control-Allow-Origin': '*', 'Cache-Control': 'no-cache', 'ETag': 'W/"481-Ft+YjfOwfdwHpJCPBTdUlSBLNFQ"', 'Vary': 'Accept-Encoding', 'Content-Encoding': 'gzip', 'CF-Cache-Status': 'DYNAMIC', 'Report-To': '{"endpoints":[{"url":"https:\\/\\/a.nel.cloudflare.com\\/report\\/v4?s=3K12qakBroK21dmSg%2BL93Lh%2FUlOqEnq1hxDEc9cNTLR1yE7TAUd7qcIh8JsEu1nXgw3cIxXfck1QqAbhjTwxzVK7emIVDIT9actC%2BLm2jNh4ttf4scfAhur20y4yl7%2B9"}],"group":"cf-nel","max_age":604800}', 'NEL': '{"success_fraction":0,"report_to":"cf-nel","max_age":604800}', 'Server': 'cloudflare', 'CF-RAY': '8696376bca4d0d24-LAX', 'alt-svc': 'h3=":443"; ma=86400'} 
 body={"results":[{"gender":"male","name":{"title":"Mr","first":"Vedat","last":"Dizdar"},"location":{"street":{"number":4757,"name":"Kushimoto Sk"},"city":"Erzurum","state":"Isparta","country":"Turkey","postcode":86535,"coordinates":{"latitude":"67.9844","longitude":"-130.3993"},"timezone":{"offset":"-4:00","description":"Atlantic Time (Canada), Caracas, La Paz"}},"email":"vedat.dizdar@example.com","login":{"uuid":"f447346d-65dd-45e3-b763-221617b25f2e","username":"greenduck250","password":"homer","salt":"xwZZt3nl","md5":"f971cf676bf4742624fc357d8465e60d","sha1":"94af2ce9e42a4033e368a12ea6de6abfb474f1a4","sha256":"ea2928add2a2874168aaa6d13ea890bde185f4206f807272daa9baa115cfe5c2"},"dob":{"date":"1952-12-15T05:36:24.450Z","age":71},"registered":{"date":"2003-08-24T08:59:41.898Z","age":20},"phone":"(047)-139-1990","cell":"(868)-199-5731","id":{"name":"","value":null},"picture":{"large":"https://randomuser.me/api/portraits/men/37.jpg","medium":"https://randomuser.me/api/portraits/med/men/37.jpg","thumbnail":"https://randomuser.me/api/portraits/thumb/men/37.jpg"},"nat":"TR"}],"info":{"seed":"606220dc05eddffe","results":1,"page":1,"version":"1.4"}} 
 </msg>
<msg time="2024-03-24T11:10:45.175660" level="INFO">/opt/hostedtoolcache/Python/3.12.2/x64/lib/python3.12/site-packages/urllib3/connectionpool.py:1103: InsecureRequestWarning: Unverified HTTPS request is being made to host 'randomuser.me'. Adding certificate verification is strongly advised. See: https://urllib3.readthedocs.io/en/latest/advanced-usage.html#tls-warnings
  warnings.warn(</msg>
<msg time="2024-03-24T11:10:45.175764" level="INFO">${response} = &lt;Response [200]&gt;</msg>
<var>${response}</var>
<arg>consultarAPI</arg>
<arg>/api</arg>
<doc>Sends a GET request on a previously created HTTP Session.</doc>
<status status="PASS" start="2024-03-24T11:10:45.081202" elapsed="0.094603"/>
</kw>
<kw name="Set Variable" owner="BuiltIn">
<msg time="2024-03-24T11:10:45.176629" level="INFO">${json_data} = {'results': [{'gender': 'male', 'name': {'title': 'Mr', 'first': 'Vedat', 'last': 'Dizdar'}, 'location': {'street': {'number': 4757, 'name': 'Kushimoto Sk'}, 'city': 'Erzurum', 'state': 'Isparta', 'co...</msg>
<var>${json_data}</var>
<arg>${response.json()}</arg>
<doc>Returns the given values which can then be assigned to a variables.</doc>
<status status="PASS" start="2024-03-24T11:10:45.176194" elapsed="0.000463"/>
</kw>
<kw name="Log" owner="BuiltIn">
<msg time="2024-03-24T11:10:45.177107" level="INFO">{'results': [{'gender': 'male', 'name': {'title': 'Mr', 'first': 'Vedat', 'last': 'Dizdar'}, 'location': {'street': {'number': 4757, 'name': 'Kushimoto Sk'}, 'city': 'Erzurum', 'state': 'Isparta', 'country': 'Turkey', 'postcode': 86535, 'coordinates': {'latitude': '67.9844', 'longitude': '-130.3993'}, 'timezone': {'offset': '-4:00', 'description': 'Atlantic Time (Canada), Caracas, La Paz'}}, 'email': 'vedat.dizdar@example.com', 'login': {'uuid': 'f447346d-65dd-45e3-b763-221617b25f2e', 'username': 'greenduck250', 'password': 'homer', 'salt': 'xwZZt3nl', 'md5': 'f971cf676bf4742624fc357d8465e60d', 'sha1': '94af2ce9e42a4033e368a12ea6de6abfb474f1a4', 'sha256': 'ea2928add2a2874168aaa6d13ea890bde185f4206f807272daa9baa115cfe5c2'}, 'dob': {'date': '1952-12-15T05:36:24.450Z', 'age': 71}, 'registered': {'date': '2003-08-24T08:59:41.898Z', 'age': 20}, 'phone': '(047)-139-1990', 'cell': '(868)-199-5731', 'id': {'name': '', 'value': None}, 'picture': {'large': 'https://randomuser.me/api/portraits/men/37.jpg', 'medium': 'https://randomuser.me/api/portraits/med/men/37.jpg', 'thumbnail': 'https://randomuser.me/api/portraits/thumb/men/37.jpg'}, 'nat': 'TR'}], 'info': {'seed': '606220dc05eddffe', 'results': 1, 'page': 1, 'version': '1.4'}}</msg>
<arg>${json_data}</arg>
<doc>Logs the given message with the given level.</doc>
<status status="PASS" start="2024-03-24T11:10:45.176956" elapsed="0.000226"/>
</kw>
<kw name="Should Be Equal As Numbers" owner="BuiltIn">
<arg>${json_data['results'][0]['location']['postcode']}</arg>
<arg>${json_data['results'][0]['location']['postcode']}</arg>
<doc>Fails if objects are unequal after converting them to real numbers.</doc>
<status status="PASS" start="2024-03-24T11:10:45.177477" elapsed="0.000678"/>
</kw>
<kw name="Log" owner="BuiltIn">
<msg time="2024-03-24T11:10:45.178686" level="INFO">86535</msg>
<arg>${json_data['results'][0]['location']['postcode']}</arg>
<doc>Logs the given message with the given level.</doc>
<status status="PASS" start="2024-03-24T11:10:45.178348" elapsed="0.000378"/>
</kw>
<status status="PASS" start="2024-03-24T11:10:45.080858" elapsed="0.098119"/>
</kw>
<doc>Testa se os tipos de dados na resposta da API estão corretos.</doc>
<tag>testeTiposDados</tag>
<status status="PASS" start="2024-03-24T11:10:44.777668" elapsed="0.401467"/>
</test>
<test id="s1-s1-t5" name="Validar conteudo" line="35">
<kw name="Teste de Tipos de Conteudo" owner="random-user-service">
<kw name="GET On Session" owner="RequestsLibrary">
<msg time="2024-03-24T11:10:45.284227" level="INFO">GET Request : url=https://randomuser.me/api 
 path_url=/api 
 headers={'User-Agent': 'python-requests/2.31.0', 'Accept-Encoding': 'gzip, deflate', 'Accept': '*/*', 'Connection': 'keep-alive'} 
 body=None 
 </msg>
<msg time="2024-03-24T11:10:45.284313" level="INFO">GET Response : url=https://randomuser.me/api 
 status=200, reason=OK 
 headers={'Date': 'Sun, 24 Mar 2024 11:10:45 GMT', 'Content-Type': 'application/json; charset=utf-8', 'Transfer-Encoding': 'chunked', 'Connection': 'keep-alive', 'X-Powered-By': 'Express', 'Access-Control-Allow-Origin': '*', 'Cache-Control': 'no-cache', 'ETag': 'W/"47d-ObAUvSWM7BElDX2Y/0NnX4QKf6g"', 'Vary': 'Accept-Encoding', 'Content-Encoding': 'gzip', 'CF-Cache-Status': 'DYNAMIC', 'Report-To': '{"endpoints":[{"url":"https:\\/\\/a.nel.cloudflare.com\\/report\\/v4?s=NZwaGaU0Ul7XXjFki%2FynELp3Pc9%2BVWVr0lf3bYKtG1FpYD1INy%2BsD721pVQqIngZUuUPpNlwgmuMneUtabWMQEO2CIEAqL4UR93cz7ZWZRURZqmPTGOmPfq81m%2Bio1SC"}],"group":"cf-nel","max_age":604800}', 'NEL': '{"success_fraction":0,"report_to":"cf-nel","max_age":604800}', 'Server': 'cloudflare', 'CF-RAY': '8696376c6a950d24-LAX', 'alt-svc': 'h3=":443"; ma=86400'} 
 body={"results":[{"gender":"male","name":{"title":"Mr","first":"Oskari","last":"Heinonen"},"location":{"street":{"number":5686,"name":"Visiokatu"},"city":"Vieremä","state":"Southern Savonia","country":"Finland","postcode":40707,"coordinates":{"latitude":"-24.3305","longitude":"-114.6428"},"timezone":{"offset":"+3:30","description":"Tehran"}},"email":"oskari.heinonen@example.com","login":{"uuid":"b299ffd5-ee16-49d0-84e9-78c60a4c8a87","username":"tinylion527","password":"crystal","salt":"65eyK2cF","md5":"ec7bacf5265e55606d1d9cedb1645c5d","sha1":"ddf1a9c27f962a9f5a54d73ee8eaa7d4b56e5c6c","sha256":"0f92ea3f059f62bb2de2b496c997a9d809f1e885584ef2c7b00a7a8f510b3a8f"},"dob":{"date":"1974-06-17T14:14:52.766Z","age":49},"registered":{"date":"2017-12-28T17:02:51.091Z","age":6},"phone":"02-627-565","cell":"044-970-70-30","id":{"name":"HETU","value":"NaNNA395undefined"},"picture":{"large":"https://randomuser.me/api/portraits/men/41.jpg","medium":"https://randomuser.me/api/portraits/med/men/41.jpg","thumbnail":"https://randomuser.me/api/portraits/thumb/men/41.jpg"},"nat":"FI"}],"info":{"seed":"d9a8bd1d618159fd","results":1,"page":1,"version":"1.4"}} 
 </msg>
<msg time="2024-03-24T11:10:45.284385" level="INFO">/opt/hostedtoolcache/Python/3.12.2/x64/lib/python3.12/site-packages/urllib3/connectionpool.py:1103: InsecureRequestWarning: Unverified HTTPS request is being made to host 'randomuser.me'. Adding certificate verification is strongly advised. See: https://urllib3.readthedocs.io/en/latest/advanced-usage.html#tls-warnings
  warnings.warn(</msg>
<msg time="2024-03-24T11:10:45.284496" level="INFO">${response} = &lt;Response [200]&gt;</msg>
<var>${response}</var>
<arg>consultarAPI</arg>
<arg>/api</arg>
<doc>Sends a GET request on a previously created HTTP Session.</doc>
<status status="PASS" start="2024-03-24T11:10:45.181462" elapsed="0.103075"/>
</kw>
<kw name="Set Variable" owner="BuiltIn">
<msg time="2024-03-24T11:10:45.285408" level="INFO">${json_data} = {'results': [{'gender': 'male', 'name': {'title': 'Mr', 'first': 'Oskari', 'last': 'Heinonen'}, 'location': {'street': {'number': 5686, 'name': 'Visiokatu'}, 'city': 'Vieremä', 'state': 'Southern Savo...</msg>
<var>${json_data}</var>
<arg>${response.json()}</arg>
<doc>Returns the given values which can then be assigned to a variables.</doc>
<status status="PASS" start="2024-03-24T11:10:45.284961" elapsed="0.000475"/>
</kw>
<kw name="Set Variable" owner="BuiltIn">
<msg time="2024-03-24T11:10:45.286183" level="INFO">${name_title} = Mr</msg>
<var>${name_title}</var>
<arg>${json_data["results"][0]["name"]["title"]}</arg>
<doc>Returns the given values which can then be assigned to a variables.</doc>
<status status="PASS" start="2024-03-24T11:10:45.285738" elapsed="0.000471"/>
</kw>
<kw name="Create List" owner="BuiltIn">
<msg time="2024-03-24T11:10:45.286663" level="INFO">${allowed_titles} = ['Mr', 'Ms', 'Miss', 'Mrs', 'Madame', 'Monsieur']</msg>
<var>${allowed_titles}</var>
<arg>Mr</arg>
<arg>Ms</arg>
<arg>Miss</arg>
<arg>Mrs</arg>
<arg>Madame</arg>
<arg>Monsieur</arg>
<doc>Returns a list containing given items.</doc>
<status status="PASS" start="2024-03-24T11:10:45.286513" elapsed="0.000174"/>
</kw>
<kw name="List Should Contain Value" owner="Collections">
<msg time="2024-03-24T11:10:45.287162" level="INFO">False</msg>
<arg>${allowed_titles}</arg>
<arg>${name_title}</arg>
<doc>Fails if the ``value`` is not found from ``list``.</doc>
<status status="PASS" start="2024-03-24T11:10:45.286989" elapsed="0.000209"/>
</kw>
<kw name="Set Variable" owner="BuiltIn">
<msg time="2024-03-24T11:10:45.287865" level="INFO">${name_country} = FI</msg>
<var>${name_country}</var>
<arg>${json_data["results"][0]["nat"]}</arg>
<doc>Returns the given values which can then be assigned to a variables.</doc>
<status status="PASS" start="2024-03-24T11:10:45.287487" elapsed="0.000403"/>
</kw>
<kw name="Create List" owner="BuiltIn">
<msg time="2024-03-24T11:10:45.288795" level="INFO">${list_country} = ['AD', 'AE', 'AF', 'AG', 'AI', 'AL', 'AM', 'AO', 'AQ', 'AR', 'AS', 'AT', 'AU', 'AW', 'AX', 'AZ', 'BA', 'BB', 'BD', 'BE', 'BF', 'BG', 'BH', 'BI', 'BJ', 'BL', 'BM', 'BN', 'BO', 'BQ', 'BR', 'BS', 'BT', '...</msg>
<var>${list_country}</var>
<arg>AD</arg>
<arg>AE</arg>
<arg>AF</arg>
<arg>AG</arg>
<arg>AI</arg>
<arg>AL</arg>
<arg>AM</arg>
<arg>AO</arg>
<arg>AQ</arg>
<arg>AR</arg>
<arg>AS</arg>
<arg>AT</arg>
<arg>AU</arg>
<arg>AW</arg>
<arg>AX</arg>
<arg>AZ</arg>
<arg>BA</arg>
<arg>BB</arg>
<arg>BD</arg>
<arg>BE</arg>
<arg>BF</arg>
<arg>BG</arg>
<arg>BH</arg>
<arg>BI</arg>
<arg>BJ</arg>
<arg>BL</arg>
<arg>BM</arg>
<arg>BN</arg>
<arg>BO</arg>
<arg>BQ</arg>
<arg>BR</arg>
<arg>BS</arg>
<arg>BT</arg>
<arg>BV</arg>
<arg>BW</arg>
<arg>BY</arg>
<arg>BZ</arg>
<arg>CA</arg>
<arg>CC</arg>
<arg>CD</arg>
<arg>CF</arg>
<arg>CG</arg>
<arg>CH</arg>
<arg>CI</arg>
<arg>CK</arg>
<arg>CL</arg>
<arg>CM</arg>
<arg>CN</arg>
<arg>CO</arg>
<arg>CR</arg>
<arg>CU</arg>
<arg>CV</arg>
<arg>CW</arg>
<arg>CX</arg>
<arg>CY</arg>
<arg>CZ</arg>
<arg>DE</arg>
<arg>DJ</arg>
<arg>DK</arg>
<arg>DM</arg>
<arg>DO</arg>
<arg>DZ</arg>
<arg>EC</arg>
<arg>EE</arg>
<arg>EG</arg>
<arg>EH</arg>
<arg>ER</arg>
<arg>ES</arg>
<arg>ET</arg>
<arg>FI</arg>
<arg>FJ</arg>
<arg>FK</arg>
<arg>FM</arg>
<arg>FO</arg>
<arg>FR</arg>
<arg>GA</arg>
<arg>GB</arg>
<arg>GD</arg>
<arg>GE</arg>
<arg>GF</arg>
<arg>GG</arg>
<arg>GH</arg>
<arg>GI</arg>
<arg>GL</arg>
<arg>GM</arg>
<arg>GN</arg>
<arg>GP</arg>
<arg>GQ</arg>
<arg>GR</arg>
<arg>GS</arg>
<arg>GT</arg>
<arg>GU</arg>
<arg>GW</arg>
<arg>GY</arg>
<arg>HK</arg>
<arg>HM</arg>
<arg>HN</arg>
<arg>HR</arg>
<arg>HT</arg>
<arg>HU</arg>
<arg>ID</arg>
<arg>IE</arg>
<arg>IL</arg>
<arg>IM</arg>
<arg>IN</arg>
<arg>IO</arg>
<arg>IQ</arg>
<arg>IR</arg>
<arg>IS</arg>
<arg>IT</arg>
<arg>JE</arg>
<arg>JM</arg>
<arg>JO</arg>
<arg>JP</arg>
<arg>KE</arg>
<arg>KG</arg>
<arg>KH</arg>
<arg>KI</arg>
<arg>KM</arg>
<arg>KN</arg>
<arg>KP</arg>
<arg>KR</arg>
<arg>KW</arg>
<arg>KY</arg>
<arg>KZ</arg>
<arg>LA</arg>
<arg>LB</arg>
<arg>LC</arg>
<arg>LI</arg>
<arg>LK</arg>
<arg>LR</arg>
<arg>LS</arg>
<arg>LT</arg>
<arg>LU</arg>
<arg>LV</arg>
<arg>LY</arg>
<arg>MA</arg>
<arg>MC</arg>
<arg>MD</arg>
<arg>ME</arg>
<arg>MF</arg>
<arg>MG</arg>
<arg>MH</arg>
<arg>MK</arg>
<arg>ML</arg>
<arg>MM</arg>
<arg>MN</arg>
<arg>MO</arg>
<arg>MP</arg>
<arg>MQ</arg>
<arg>MR</arg>
<arg>MS</arg>
<arg>MT</arg>
<arg>MU</arg>
<arg>MV</arg>
<arg>MW</arg>
<arg>MX</arg>
<arg>MY</arg>
<arg>MZ</arg>
<arg>NA</arg>
<arg>NC</arg>
<arg>NE</arg>
<arg>NF</arg>
<arg>NG</arg>
<arg>NI</arg>
<arg>NL</arg>
<arg>NO</arg>
<arg>NP</arg>
<arg>NR</arg>
<arg>NU</arg>
<arg>NZ</arg>
<arg>OM</arg>
<arg>PA</arg>
<arg>PE</arg>
<arg>PF</arg>
<arg>PG</arg>
<arg>PH</arg>
<arg>PK</arg>
<arg>PL</arg>
<arg>PM</arg>
<arg>PN</arg>
<arg>PR</arg>
<arg>PS</arg>
<arg>PT</arg>
<arg>PW</arg>
<arg>PY</arg>
<arg>QA</arg>
<arg>RE</arg>
<arg>RO</arg>
<arg>RS</arg>
<arg>RU</arg>
<arg>RW</arg>
<arg>SA</arg>
<arg>SB</arg>
<arg>SC</arg>
<arg>SD</arg>
<arg>SE</arg>
<arg>SG</arg>
<arg>SH</arg>
<arg>SI</arg>
<arg>SJ</arg>
<arg>SK</arg>
<arg>SL</arg>
<arg>SM</arg>
<arg>SN</arg>
<arg>SO</arg>
<arg>SR</arg>
<arg>SS</arg>
<arg>ST</arg>
<arg>SV</arg>
<arg>SX</arg>
<arg>SY</arg>
<arg>SZ</arg>
<arg>TC</arg>
<arg>TD</arg>
<arg>TF</arg>
<arg>TG</arg>
<arg>TH</arg>
<arg>TJ</arg>
<arg>TK</arg>
<arg>TL</arg>
<arg>TM</arg>
<arg>TN</arg>
<arg>TO</arg>
<arg>TR</arg>
<arg>TT</arg>
<arg>TV</arg>
<arg>TW</arg>
<arg>TZ</arg>
<arg>UA</arg>
<arg>UG</arg>
<arg>UM</arg>
<arg>US</arg>
<arg>UY</arg>
<arg>UZ</arg>
<arg>VA</arg>
<arg>VC</arg>
<arg>VE</arg>
<arg>VG</arg>
<arg>VI</arg>
<arg>VN</arg>
<arg>VU</arg>
<arg>WF</arg>
<arg>WS</arg>
<arg>XK</arg>
<arg>YE</arg>
<arg>YT</arg>
<arg>ZA</arg>
<arg>ZM</arg>
<arg>ZW</arg>
<doc>Returns a list containing given items.</doc>
<status status="PASS" start="2024-03-24T11:10:45.288201" elapsed="0.000619"/>
</kw>
<kw name="List Should Contain Value" owner="Collections">
<msg time="2024-03-24T11:10:45.289937" level="INFO">False</msg>
<arg>${list_country}</arg>
<arg>${name_country}</arg>
<doc>Fails if the ``value`` is not found from ``list``.</doc>
<status status="PASS" start="2024-03-24T11:10:45.289713" elapsed="0.000262"/>
</kw>
<kw name="Run Keyword If" owner="BuiltIn">
<kw name="Should Be True" owner="BuiltIn">
<arg>${True}</arg>
<doc>Fails if the given condition is not true.</doc>
<status status="PASS" start="2024-03-24T11:10:45.291045" elapsed="0.000145"/>
</kw>
<arg>${json_data["results"][0]["location"]["coordinates"]["latitude"]} &gt;= -90 and ${json_data["results"][0]["location"]["coordinates"]["latitude"]} &lt;= 90</arg>
<arg>Should Be True</arg>
<arg>${True}</arg>
<doc>Runs the given keyword with the given arguments, if ``condition`` is true.</doc>
<status status="PASS" start="2024-03-24T11:10:45.290290" elapsed="0.001029"/>
</kw>
<kw name="Run Keyword If" owner="BuiltIn">
<kw name="Should Be True" owner="BuiltIn">
<arg>${True}</arg>
<doc>Fails if the given condition is not true.</doc>
<status status="PASS" start="2024-03-24T11:10:45.292211" elapsed="0.000138"/>
</kw>
<arg>${json_data["results"][0]["location"]["coordinates"]["longitude"]} &gt;= -180 and ${json_data["results"][0]["location"]["coordinates"]["longitude"]} &lt;= 180</arg>
<arg>Should Be True</arg>
<arg>${True}</arg>
<doc>Runs the given keyword with the given arguments, if ``condition`` is true.</doc>
<status status="PASS" start="2024-03-24T11:10:45.291504" elapsed="0.000969"/>
</kw>
<status status="PASS" start="2024-03-24T11:10:45.181242" elapsed="0.111362"/>
</kw>
<doc>Testa o conteúdo específico dos campos retornados pela API.</doc>
<tag>testeConteudo</tag>
<status status="PASS" start="2024-03-24T11:10:45.180816" elapsed="0.111933"/>
</test>
<status status="PASS" start="2024-03-24T11:10:44.084559" elapsed="1.210133"/>
</suite>
<status status="PASS" start="2024-03-24T11:10:44.071074" elapsed="1.228891"/>
</suite>
<statistics>
<total>
<stat pass="5" fail="0" skip="0">All Tests</stat>
</total>
<tag>
<stat pass="1" fail="0" skip="0">testeConteudo</stat>
<stat pass="1" fail="0" skip="0">testeEstruturaResposta</stat>
<stat pass="1" fail="0" skip="0">testeRequisicaoBasica</stat>
<stat pass="1" fail="0" skip="0">testeTiposDados</stat>
</tag>
<suite>
<stat pass="5" fail="0" skip="0" id="s1" name="Tests">Tests</stat>
<stat pass="5" fail="0" skip="0" id="s1-s1" name="Random-User-Test">Tests.Random-User-Test</stat>
</suite>
</statistics>
<errors>
</errors>
</robot>
