<?xml version="1.0" encoding="UTF-8"?>
<robot generator="Robot 7.0 (Python 3.12.3 on linux)" generated="2024-04-22T11:11:36.734599" rpa="false" schemaversion="5">
<suite id="s1" name="Tests" source="/home/runner/work/DesafioQAItauRogerioJordao/DesafioQAItauRogerioJordao/RamdonUser/tests">
<suite id="s1-s1" name="Random-User-Test" source="/home/runner/work/DesafioQAItauRogerioJordao/DesafioQAItauRogerioJordao/RamdonUser/tests/random-user-test.robot">
<test id="s1-s1-t1" name="Conectar" line="13">
<kw name="Conectar API" owner="random-user-service">
<kw name="Create Session" owner="RequestsLibrary">
<msg time="2024-04-22T11:11:37.092533" level="INFO">Creating Session using : alias=consultarAPI, url=https://randomuser.me/, headers={},                     cookies={}, auth=None, timeout=None, proxies=None, verify=False,                     debug=0 </msg>
<arg>consultarAPI</arg>
<arg>${URL}</arg>
<doc>Create Session: create a HTTP session to a server</doc>
<status status="PASS" start="2024-04-22T11:11:37.092338" elapsed="0.000368"/>
</kw>
<status status="PASS" start="2024-04-22T11:11:37.091406" elapsed="0.001653"/>
</kw>
<status status="PASS" start="2024-04-22T11:11:37.090862" elapsed="0.002389"/>
</test>
<test id="s1-s1-t2" name="Validar retorno 200 e JSON Válido" line="16">
<kw name="Teste de Requisicao Basica" owner="random-user-service">
<kw name="GET On Session" owner="RequestsLibrary">
<msg time="2024-04-22T11:11:37.877293" level="INFO">GET Request : url=https://randomuser.me/api 
 path_url=/api 
 headers={'User-Agent': 'python-requests/2.31.0', 'Accept-Encoding': 'gzip, deflate', 'Accept': '*/*', 'Connection': 'keep-alive'} 
 body=None 
 </msg>
<msg time="2024-04-22T11:11:37.877455" level="INFO">GET Response : url=https://randomuser.me/api 
 status=200, reason=OK 
 headers={'Date': 'Mon, 22 Apr 2024 11:11:37 GMT', 'Content-Type': 'application/json; charset=utf-8', 'Transfer-Encoding': 'chunked', 'Connection': 'keep-alive', 'X-Powered-By': 'Express', 'Access-Control-Allow-Origin': '*', 'Cache-Control': 'no-cache', 'ETag': 'W/"47f-ZFfM1P6mwcE5xz2sroVmKyfD+no"', 'Vary': 'Accept-Encoding', 'Content-Encoding': 'gzip', 'CF-Cache-Status': 'DYNAMIC', 'Report-To': '{"endpoints":[{"url":"https:\\/\\/a.nel.cloudflare.com\\/report\\/v4?s=k9%2FZ8Yq4FaYjgQjLa05aXr0zXLf86jZyFBjfbKTaJkWmGUVJzmVVF5JkvfK134wFMagW3FJARRoblduO3nAYq2pskflqC65ZwRxeT9vkcgnQBAzOYF7mY2sSp6VmB6zE"}],"group":"cf-nel","max_age":604800}', 'NEL': '{"success_fraction":0,"report_to":"cf-nel","max_age":604800}', 'Server': 'cloudflare', 'CF-RAY': '87852c91bade578e-IAD', 'alt-svc': 'h3=":443"; ma=86400'} 
 body={"results":[{"gender":"female","name":{"title":"Mrs","first":"Melania","last":"Trajković"},"location":{"street":{"number":5993,"name":"Radoševačka"},"city":"Kuršumlija","state":"Pirot","country":"Serbia","postcode":39511,"coordinates":{"latitude":"56.8725","longitude":"78.3375"},"timezone":{"offset":"+5:45","description":"Kathmandu"}},"email":"melania.trajkovic@example.com","login":{"uuid":"8d9b9b68-5602-4d7b-b0f1-4753d26fab9c","username":"bigfish522","password":"wildbill","salt":"AalZDUCa","md5":"eecaedd56a372c1981db69c8aa75eb73","sha1":"7beca1e8e19e560c9e5fe5b328f2a62c40d7dbbe","sha256":"12c809378879482f343c568ed96b13dede5aafd93c4611e7a9efc54b5782cbd7"},"dob":{"date":"1962-09-28T00:30:03.279Z","age":61},"registered":{"date":"2006-08-13T01:24:33.470Z","age":17},"phone":"014-9675-780","cell":"065-1453-792","id":{"name":"SID","value":"788756829"},"picture":{"large":"https://randomuser.me/api/portraits/women/84.jpg","medium":"https://randomuser.me/api/portraits/med/women/84.jpg","thumbnail":"https://randomuser.me/api/portraits/thumb/women/84.jpg"},"nat":"RS"}],"info":{"seed":"b1fc3089ec24a837","results":1,"page":1,"version":"1.4"}} 
 </msg>
<msg time="2024-04-22T11:11:37.877537" level="INFO">/opt/hostedtoolcache/Python/3.12.3/x64/lib/python3.12/site-packages/urllib3/connectionpool.py:1103: InsecureRequestWarning: Unverified HTTPS request is being made to host 'randomuser.me'. Adding certificate verification is strongly advised. See: https://urllib3.readthedocs.io/en/latest/advanced-usage.html#tls-warnings
  warnings.warn(</msg>
<msg time="2024-04-22T11:11:37.877681" level="INFO">${response} = &lt;Response [200]&gt;</msg>
<var>${response}</var>
<arg>consultarAPI</arg>
<arg>/api</arg>
<doc>Sends a GET request on a previously created HTTP Session.</doc>
<status status="PASS" start="2024-04-22T11:11:37.095900" elapsed="0.781822"/>
</kw>
<kw name="Should Be Equal As Numbers" owner="BuiltIn">
<msg time="2024-04-22T11:11:37.878764" level="INFO">Argument types are:
&lt;class 'int'&gt;
&lt;class 'str'&gt;</msg>
<arg>${response.status_code}</arg>
<arg>200</arg>
<doc>Fails if objects are unequal after converting them to real numbers.</doc>
<status status="PASS" start="2024-04-22T11:11:37.878299" elapsed="0.000539"/>
</kw>
<kw name="Log" owner="BuiltIn">
<msg time="2024-04-22T11:11:37.879548" level="INFO">200</msg>
<arg>${response.status_code}</arg>
<doc>Logs the given message with the given level.</doc>
<status status="PASS" start="2024-04-22T11:11:37.879196" elapsed="0.000394"/>
</kw>
<kw name="Set Variable" owner="BuiltIn">
<msg time="2024-04-22T11:11:37.880342" level="INFO">${json_data} = {'results': [{'gender': 'female', 'name': {'title': 'Mrs', 'first': 'Melania', 'last': 'Trajković'}, 'location': {'street': {'number': 5993, 'name': 'Radoševačka'}, 'city': 'Kuršumlija', 'state': 'Pir...</msg>
<var>${json_data}</var>
<arg>${response.json()}</arg>
<doc>Returns the given values which can then be assigned to a variables.</doc>
<status status="PASS" start="2024-04-22T11:11:37.879895" elapsed="0.000476"/>
</kw>
<kw name="Dictionary Should Contain Key" owner="Collections">
<msg time="2024-04-22T11:11:37.880838" level="INFO">False</msg>
<arg>${json_data}</arg>
<arg>results</arg>
<doc>Fails if ``key`` is not found from ``dictionary``.</doc>
<status status="PASS" start="2024-04-22T11:11:37.880673" elapsed="0.000203"/>
</kw>
<status status="PASS" start="2024-04-22T11:11:37.095651" elapsed="0.785504"/>
</kw>
<doc>Testa se a API responde corretamente e retorna um objeto JSON válido.</doc>
<tag>testeRequisicaoBasica</tag>
<status status="PASS" start="2024-04-22T11:11:37.095175" elapsed="0.786171"/>
</test>
<test id="s1-s1-t3" name="Validar estrutura de resposta" line="22">
<kw name="Teste de Estrutura de Resposta" owner="random-user-service">
<kw name="GET On Session" owner="RequestsLibrary">
<msg time="2024-04-22T11:11:38.053194" level="INFO">GET Request : url=https://randomuser.me/api 
 path_url=/api 
 headers={'User-Agent': 'python-requests/2.31.0', 'Accept-Encoding': 'gzip, deflate', 'Accept': '*/*', 'Connection': 'keep-alive'} 
 body=None 
 </msg>
<msg time="2024-04-22T11:11:38.053286" level="INFO">GET Response : url=https://randomuser.me/api 
 status=200, reason=OK 
 headers={'Date': 'Mon, 22 Apr 2024 11:11:38 GMT', 'Content-Type': 'application/json; charset=utf-8', 'Transfer-Encoding': 'chunked', 'Connection': 'keep-alive', 'X-Powered-By': 'Express', 'Access-Control-Allow-Origin': '*', 'Cache-Control': 'no-cache', 'ETag': 'W/"48b-yLGz8QLIqfLpJnNvNnh++0SFJfU"', 'Vary': 'Accept-Encoding', 'Content-Encoding': 'gzip', 'CF-Cache-Status': 'DYNAMIC', 'Report-To': '{"endpoints":[{"url":"https:\\/\\/a.nel.cloudflare.com\\/report\\/v4?s=wq2BcchRWWakDwHz9VFseHJvAfKtU7gqhqUqU2vXl4a%2FqZfHJ7RZdSZCoJcDMvzu7qUN4AnyY3iYu1ACk7hFwY88bKpQDmd%2FKkyPYNhu1MSvxwAjO81Qx%2B02NxCB0wCv"}],"group":"cf-nel","max_age":604800}', 'NEL': '{"success_fraction":0,"report_to":"cf-nel","max_age":604800}', 'Server': 'cloudflare', 'CF-RAY': '87852c95cf2f578e-IAD', 'alt-svc': 'h3=":443"; ma=86400'} 
 body={"results":[{"gender":"male","name":{"title":"Mr","first":"Djoko","last":"Pištalo"},"location":{"street":{"number":5815,"name":"Biluška"},"city":"Babušnica","state":"Pčinja","country":"Serbia","postcode":62495,"coordinates":{"latitude":"60.4259","longitude":"-168.5174"},"timezone":{"offset":"+5:30","description":"Bombay, Calcutta, Madras, New Delhi"}},"email":"djoko.pistalo@example.com","login":{"uuid":"38b910a9-ccaf-490a-9304-63171df59de1","username":"beautifulfish460","password":"clipper","salt":"UVM7JcOL","md5":"92d8916082beb2c267027fe7c6be2abc","sha1":"0ac9f81087aaf7259a72bf8af102f4856a6e328e","sha256":"9256481d413ffa4ce8141d9ab7718595d21223e55a899fcfbaf656b56fa2b213"},"dob":{"date":"1955-06-10T20:11:34.881Z","age":68},"registered":{"date":"2004-08-18T15:38:33.178Z","age":19},"phone":"018-9358-913","cell":"066-5224-860","id":{"name":"SID","value":"544700200"},"picture":{"large":"https://randomuser.me/api/portraits/men/47.jpg","medium":"https://randomuser.me/api/portraits/med/men/47.jpg","thumbnail":"https://randomuser.me/api/portraits/thumb/men/47.jpg"},"nat":"RS"}],"info":{"seed":"547c57d6a3e9d53b","results":1,"page":1,"version":"1.4"}} 
 </msg>
<msg time="2024-04-22T11:11:38.053416" level="INFO">/opt/hostedtoolcache/Python/3.12.3/x64/lib/python3.12/site-packages/urllib3/connectionpool.py:1103: InsecureRequestWarning: Unverified HTTPS request is being made to host 'randomuser.me'. Adding certificate verification is strongly advised. See: https://urllib3.readthedocs.io/en/latest/advanced-usage.html#tls-warnings
  warnings.warn(</msg>
<msg time="2024-04-22T11:11:38.053546" level="INFO">${response} = &lt;Response [200]&gt;</msg>
<var>${response}</var>
<arg>consultarAPI</arg>
<arg>/api</arg>
<doc>Sends a GET request on a previously created HTTP Session.</doc>
<status status="PASS" start="2024-04-22T11:11:37.883987" elapsed="0.169608"/>
</kw>
<kw name="Set Variable" owner="BuiltIn">
<msg time="2024-04-22T11:11:38.054778" level="INFO">${json_data} = {'results': [{'gender': 'male', 'name': {'title': 'Mr', 'first': 'Djoko', 'last': 'Pištalo'}, 'location': {'street': {'number': 5815, 'name': 'Biluška'}, 'city': 'Babušnica', 'state': 'Pčinja', 'count...</msg>
<var>${json_data}</var>
<arg>${response.json()}</arg>
<doc>Returns the given values which can then be assigned to a variables.</doc>
<status status="PASS" start="2024-04-22T11:11:38.054148" elapsed="0.000660"/>
</kw>
<kw name="Log" owner="BuiltIn">
<msg time="2024-04-22T11:11:38.055282" level="INFO">{'results': [{'gender': 'male', 'name': {'title': 'Mr', 'first': 'Djoko', 'last': 'Pištalo'}, 'location': {'street': {'number': 5815, 'name': 'Biluška'}, 'city': 'Babušnica', 'state': 'Pčinja', 'country': 'Serbia', 'postcode': 62495, 'coordinates': {'latitude': '60.4259', 'longitude': '-168.5174'}, 'timezone': {'offset': '+5:30', 'description': 'Bombay, Calcutta, Madras, New Delhi'}}, 'email': 'djoko.pistalo@example.com', 'login': {'uuid': '38b910a9-ccaf-490a-9304-63171df59de1', 'username': 'beautifulfish460', 'password': 'clipper', 'salt': 'UVM7JcOL', 'md5': '92d8916082beb2c267027fe7c6be2abc', 'sha1': '0ac9f81087aaf7259a72bf8af102f4856a6e328e', 'sha256': '9256481d413ffa4ce8141d9ab7718595d21223e55a899fcfbaf656b56fa2b213'}, 'dob': {'date': '1955-06-10T20:11:34.881Z', 'age': 68}, 'registered': {'date': '2004-08-18T15:38:33.178Z', 'age': 19}, 'phone': '018-9358-913', 'cell': '066-5224-860', 'id': {'name': 'SID', 'value': '544700200'}, 'picture': {'large': 'https://randomuser.me/api/portraits/men/47.jpg', 'medium': 'https://randomuser.me/api/portraits/med/men/47.jpg', 'thumbnail': 'https://randomuser.me/api/portraits/thumb/men/47.jpg'}, 'nat': 'RS'}], 'info': {'seed': '547c57d6a3e9d53b', 'results': 1, 'page': 1, 'version': '1.4'}}</msg>
<arg>${json_data}</arg>
<doc>Logs the given message with the given level.</doc>
<status status="PASS" start="2024-04-22T11:11:38.055120" elapsed="0.000212"/>
</kw>
<kw name="Dictionary Should Contain Key" owner="Collections">
<msg time="2024-04-22T11:11:38.055788" level="INFO">False</msg>
<arg>${json_data}</arg>
<arg>results</arg>
<doc>Fails if ``key`` is not found from ``dictionary``.</doc>
<status status="PASS" start="2024-04-22T11:11:38.055633" elapsed="0.000191"/>
</kw>
<kw name="Should Not Be Empty" owner="BuiltIn">
<msg time="2024-04-22T11:11:38.056242" level="INFO">Length is 2.</msg>
<arg>${json_data}</arg>
<doc>Verifies that the given item is not empty.</doc>
<status status="PASS" start="2024-04-22T11:11:38.056112" elapsed="0.000168"/>
</kw>
<kw name="Create List" owner="BuiltIn">
<msg time="2024-04-22T11:11:38.056856" level="INFO">${expected_keys} = ['gender', 'name', 'location', 'email', 'login']</msg>
<var>${expected_keys}</var>
<arg>gender</arg>
<arg>name</arg>
<arg>location</arg>
<arg>email</arg>
<arg>login</arg>
<doc>Returns a list containing given items.</doc>
<status status="PASS" start="2024-04-22T11:11:38.056562" elapsed="0.000319"/>
</kw>
<for flavor="IN">
<iter>
<kw name="Dictionary Should Contain Key" owner="Collections">
<msg time="2024-04-22T11:11:38.057852" level="INFO">False</msg>
<arg>${json_data['results'][0]}</arg>
<arg>${key}</arg>
<doc>Fails if ``key`` is not found from ``dictionary``.</doc>
<status status="PASS" start="2024-04-22T11:11:38.057453" elapsed="0.000437"/>
</kw>
<kw name="Log" owner="BuiltIn">
<msg time="2024-04-22T11:11:38.058591" level="INFO">{'gender': 'male', 'name': {'title': 'Mr', 'first': 'Djoko', 'last': 'Pištalo'}, 'location': {'street': {'number': 5815, 'name': 'Biluška'}, 'city': 'Babušnica', 'state': 'Pčinja', 'country': 'Serbia', 'postcode': 62495, 'coordinates': {'latitude': '60.4259', 'longitude': '-168.5174'}, 'timezone': {'offset': '+5:30', 'description': 'Bombay, Calcutta, Madras, New Delhi'}}, 'email': 'djoko.pistalo@example.com', 'login': {'uuid': '38b910a9-ccaf-490a-9304-63171df59de1', 'username': 'beautifulfish460', 'password': 'clipper', 'salt': 'UVM7JcOL', 'md5': '92d8916082beb2c267027fe7c6be2abc', 'sha1': '0ac9f81087aaf7259a72bf8af102f4856a6e328e', 'sha256': '9256481d413ffa4ce8141d9ab7718595d21223e55a899fcfbaf656b56fa2b213'}, 'dob': {'date': '1955-06-10T20:11:34.881Z', 'age': 68}, 'registered': {'date': '2004-08-18T15:38:33.178Z', 'age': 19}, 'phone': '018-9358-913', 'cell': '066-5224-860', 'id': {'name': 'SID', 'value': '544700200'}, 'picture': {'large': 'https://randomuser.me/api/portraits/men/47.jpg', 'medium': 'https://randomuser.me/api/portraits/med/men/47.jpg', 'thumbnail': 'https://randomuser.me/api/portraits/thumb/men/47.jpg'}, 'nat': 'RS'}</msg>
<arg>${json_data['results'][0]}</arg>
<doc>Logs the given message with the given level.</doc>
<status status="PASS" start="2024-04-22T11:11:38.058216" elapsed="0.000425"/>
</kw>
<kw name="Log" owner="BuiltIn">
<msg time="2024-04-22T11:11:38.059069" level="INFO">gender</msg>
<arg>${key}</arg>
<doc>Logs the given message with the given level.</doc>
<status status="PASS" start="2024-04-22T11:11:38.058943" elapsed="0.000163"/>
</kw>
<var name="${key}">gender</var>
<status status="PASS" start="2024-04-22T11:11:38.057330" elapsed="0.001989"/>
</iter>
<iter>
<kw name="Dictionary Should Contain Key" owner="Collections">
<msg time="2024-04-22T11:11:38.060013" level="INFO">False</msg>
<arg>${json_data['results'][0]}</arg>
<arg>${key}</arg>
<doc>Fails if ``key`` is not found from ``dictionary``.</doc>
<status status="PASS" start="2024-04-22T11:11:38.059616" elapsed="0.000434"/>
</kw>
<kw name="Log" owner="BuiltIn">
<msg time="2024-04-22T11:11:38.060743" level="INFO">{'gender': 'male', 'name': {'title': 'Mr', 'first': 'Djoko', 'last': 'Pištalo'}, 'location': {'street': {'number': 5815, 'name': 'Biluška'}, 'city': 'Babušnica', 'state': 'Pčinja', 'country': 'Serbia', 'postcode': 62495, 'coordinates': {'latitude': '60.4259', 'longitude': '-168.5174'}, 'timezone': {'offset': '+5:30', 'description': 'Bombay, Calcutta, Madras, New Delhi'}}, 'email': 'djoko.pistalo@example.com', 'login': {'uuid': '38b910a9-ccaf-490a-9304-63171df59de1', 'username': 'beautifulfish460', 'password': 'clipper', 'salt': 'UVM7JcOL', 'md5': '92d8916082beb2c267027fe7c6be2abc', 'sha1': '0ac9f81087aaf7259a72bf8af102f4856a6e328e', 'sha256': '9256481d413ffa4ce8141d9ab7718595d21223e55a899fcfbaf656b56fa2b213'}, 'dob': {'date': '1955-06-10T20:11:34.881Z', 'age': 68}, 'registered': {'date': '2004-08-18T15:38:33.178Z', 'age': 19}, 'phone': '018-9358-913', 'cell': '066-5224-860', 'id': {'name': 'SID', 'value': '544700200'}, 'picture': {'large': 'https://randomuser.me/api/portraits/men/47.jpg', 'medium': 'https://randomuser.me/api/portraits/med/men/47.jpg', 'thumbnail': 'https://randomuser.me/api/portraits/thumb/men/47.jpg'}, 'nat': 'RS'}</msg>
<arg>${json_data['results'][0]}</arg>
<doc>Logs the given message with the given level.</doc>
<status status="PASS" start="2024-04-22T11:11:38.060377" elapsed="0.000418"/>
</kw>
<kw name="Log" owner="BuiltIn">
<msg time="2024-04-22T11:11:38.061218" level="INFO">name</msg>
<arg>${key}</arg>
<doc>Logs the given message with the given level.</doc>
<status status="PASS" start="2024-04-22T11:11:38.061091" elapsed="0.000163"/>
</kw>
<var name="${key}">name</var>
<status status="PASS" start="2024-04-22T11:11:38.059502" elapsed="0.001966"/>
</iter>
<iter>
<kw name="Dictionary Should Contain Key" owner="Collections">
<msg time="2024-04-22T11:11:38.062139" level="INFO">False</msg>
<arg>${json_data['results'][0]}</arg>
<arg>${key}</arg>
<doc>Fails if ``key`` is not found from ``dictionary``.</doc>
<status status="PASS" start="2024-04-22T11:11:38.061756" elapsed="0.000441"/>
</kw>
<kw name="Log" owner="BuiltIn">
<msg time="2024-04-22T11:11:38.062872" level="INFO">{'gender': 'male', 'name': {'title': 'Mr', 'first': 'Djoko', 'last': 'Pištalo'}, 'location': {'street': {'number': 5815, 'name': 'Biluška'}, 'city': 'Babušnica', 'state': 'Pčinja', 'country': 'Serbia', 'postcode': 62495, 'coordinates': {'latitude': '60.4259', 'longitude': '-168.5174'}, 'timezone': {'offset': '+5:30', 'description': 'Bombay, Calcutta, Madras, New Delhi'}}, 'email': 'djoko.pistalo@example.com', 'login': {'uuid': '38b910a9-ccaf-490a-9304-63171df59de1', 'username': 'beautifulfish460', 'password': 'clipper', 'salt': 'UVM7JcOL', 'md5': '92d8916082beb2c267027fe7c6be2abc', 'sha1': '0ac9f81087aaf7259a72bf8af102f4856a6e328e', 'sha256': '9256481d413ffa4ce8141d9ab7718595d21223e55a899fcfbaf656b56fa2b213'}, 'dob': {'date': '1955-06-10T20:11:34.881Z', 'age': 68}, 'registered': {'date': '2004-08-18T15:38:33.178Z', 'age': 19}, 'phone': '018-9358-913', 'cell': '066-5224-860', 'id': {'name': 'SID', 'value': '544700200'}, 'picture': {'large': 'https://randomuser.me/api/portraits/men/47.jpg', 'medium': 'https://randomuser.me/api/portraits/med/men/47.jpg', 'thumbnail': 'https://randomuser.me/api/portraits/thumb/men/47.jpg'}, 'nat': 'RS'}</msg>
<arg>${json_data['results'][0]}</arg>
<doc>Logs the given message with the given level.</doc>
<status status="PASS" start="2024-04-22T11:11:38.062509" elapsed="0.000413"/>
</kw>
<kw name="Log" owner="BuiltIn">
<msg time="2024-04-22T11:11:38.063340" level="INFO">location</msg>
<arg>${key}</arg>
<doc>Logs the given message with the given level.</doc>
<status status="PASS" start="2024-04-22T11:11:38.063215" elapsed="0.000163"/>
</kw>
<var name="${key}">location</var>
<status status="PASS" start="2024-04-22T11:11:38.061644" elapsed="0.001949"/>
</iter>
<iter>
<kw name="Dictionary Should Contain Key" owner="Collections">
<msg time="2024-04-22T11:11:38.064258" level="INFO">False</msg>
<arg>${json_data['results'][0]}</arg>
<arg>${key}</arg>
<doc>Fails if ``key`` is not found from ``dictionary``.</doc>
<status status="PASS" start="2024-04-22T11:11:38.063876" elapsed="0.000418"/>
</kw>
<kw name="Log" owner="BuiltIn">
<msg time="2024-04-22T11:11:38.064951" level="INFO">{'gender': 'male', 'name': {'title': 'Mr', 'first': 'Djoko', 'last': 'Pištalo'}, 'location': {'street': {'number': 5815, 'name': 'Biluška'}, 'city': 'Babušnica', 'state': 'Pčinja', 'country': 'Serbia', 'postcode': 62495, 'coordinates': {'latitude': '60.4259', 'longitude': '-168.5174'}, 'timezone': {'offset': '+5:30', 'description': 'Bombay, Calcutta, Madras, New Delhi'}}, 'email': 'djoko.pistalo@example.com', 'login': {'uuid': '38b910a9-ccaf-490a-9304-63171df59de1', 'username': 'beautifulfish460', 'password': 'clipper', 'salt': 'UVM7JcOL', 'md5': '92d8916082beb2c267027fe7c6be2abc', 'sha1': '0ac9f81087aaf7259a72bf8af102f4856a6e328e', 'sha256': '9256481d413ffa4ce8141d9ab7718595d21223e55a899fcfbaf656b56fa2b213'}, 'dob': {'date': '1955-06-10T20:11:34.881Z', 'age': 68}, 'registered': {'date': '2004-08-18T15:38:33.178Z', 'age': 19}, 'phone': '018-9358-913', 'cell': '066-5224-860', 'id': {'name': 'SID', 'value': '544700200'}, 'picture': {'large': 'https://randomuser.me/api/portraits/men/47.jpg', 'medium': 'https://randomuser.me/api/portraits/med/men/47.jpg', 'thumbnail': 'https://randomuser.me/api/portraits/thumb/men/47.jpg'}, 'nat': 'RS'}</msg>
<arg>${json_data['results'][0]}</arg>
<doc>Logs the given message with the given level.</doc>
<status status="PASS" start="2024-04-22T11:11:38.064590" elapsed="0.000411"/>
</kw>
<kw name="Log" owner="BuiltIn">
<msg time="2024-04-22T11:11:38.065423" level="INFO">email</msg>
<arg>${key}</arg>
<doc>Logs the given message with the given level.</doc>
<status status="PASS" start="2024-04-22T11:11:38.065297" elapsed="0.000163"/>
</kw>
<var name="${key}">email</var>
<status status="PASS" start="2024-04-22T11:11:38.063767" elapsed="0.001921"/>
</iter>
<iter>
<kw name="Dictionary Should Contain Key" owner="Collections">
<msg time="2024-04-22T11:11:38.066388" level="INFO">False</msg>
<arg>${json_data['results'][0]}</arg>
<arg>${key}</arg>
<doc>Fails if ``key`` is not found from ``dictionary``.</doc>
<status status="PASS" start="2024-04-22T11:11:38.065972" elapsed="0.000453"/>
</kw>
<kw name="Log" owner="BuiltIn">
<msg time="2024-04-22T11:11:38.067087" level="INFO">{'gender': 'male', 'name': {'title': 'Mr', 'first': 'Djoko', 'last': 'Pištalo'}, 'location': {'street': {'number': 5815, 'name': 'Biluška'}, 'city': 'Babušnica', 'state': 'Pčinja', 'country': 'Serbia', 'postcode': 62495, 'coordinates': {'latitude': '60.4259', 'longitude': '-168.5174'}, 'timezone': {'offset': '+5:30', 'description': 'Bombay, Calcutta, Madras, New Delhi'}}, 'email': 'djoko.pistalo@example.com', 'login': {'uuid': '38b910a9-ccaf-490a-9304-63171df59de1', 'username': 'beautifulfish460', 'password': 'clipper', 'salt': 'UVM7JcOL', 'md5': '92d8916082beb2c267027fe7c6be2abc', 'sha1': '0ac9f81087aaf7259a72bf8af102f4856a6e328e', 'sha256': '9256481d413ffa4ce8141d9ab7718595d21223e55a899fcfbaf656b56fa2b213'}, 'dob': {'date': '1955-06-10T20:11:34.881Z', 'age': 68}, 'registered': {'date': '2004-08-18T15:38:33.178Z', 'age': 19}, 'phone': '018-9358-913', 'cell': '066-5224-860', 'id': {'name': 'SID', 'value': '544700200'}, 'picture': {'large': 'https://randomuser.me/api/portraits/men/47.jpg', 'medium': 'https://randomuser.me/api/portraits/med/men/47.jpg', 'thumbnail': 'https://randomuser.me/api/portraits/thumb/men/47.jpg'}, 'nat': 'RS'}</msg>
<arg>${json_data['results'][0]}</arg>
<doc>Logs the given message with the given level.</doc>
<status status="PASS" start="2024-04-22T11:11:38.066719" elapsed="0.000417"/>
</kw>
<kw name="Log" owner="BuiltIn">
<msg time="2024-04-22T11:11:38.067558" level="INFO">login</msg>
<arg>${key}</arg>
<doc>Logs the given message with the given level.</doc>
<status status="PASS" start="2024-04-22T11:11:38.067434" elapsed="0.000162"/>
</kw>
<var name="${key}">login</var>
<status status="PASS" start="2024-04-22T11:11:38.065860" elapsed="0.001974"/>
</iter>
<var>${key}</var>
<value>@{expected_keys}</value>
<status status="PASS" start="2024-04-22T11:11:38.057143" elapsed="0.010817"/>
</for>
<kw name="Create List" owner="BuiltIn">
<msg time="2024-04-22T11:11:38.068287" level="INFO">${expected_keysTwo} = ['username', 'password']</msg>
<var>${expected_keysTwo}</var>
<arg>username</arg>
<arg>password</arg>
<doc>Returns a list containing given items.</doc>
<status status="PASS" start="2024-04-22T11:11:38.068151" elapsed="0.000159"/>
</kw>
<for flavor="IN">
<iter>
<kw name="Dictionary Should Contain Key" owner="Collections">
<msg time="2024-04-22T11:11:38.069185" level="INFO">False</msg>
<arg>${json_data['results'][0]['login']}</arg>
<arg>${keyTwo}</arg>
<doc>Fails if ``key`` is not found from ``dictionary``.</doc>
<status status="PASS" start="2024-04-22T11:11:38.068801" elapsed="0.000421"/>
</kw>
<kw name="Dictionary Should Contain Key" owner="Collections">
<msg time="2024-04-22T11:11:38.069896" level="INFO">False</msg>
<arg>${json_data['results'][0]['login']}</arg>
<arg>${keyTwo}</arg>
<doc>Fails if ``key`` is not found from ``dictionary``.</doc>
<status status="PASS" start="2024-04-22T11:11:38.069513" elapsed="0.000419"/>
</kw>
<kw name="Log" owner="BuiltIn">
<msg time="2024-04-22T11:11:38.070380" level="INFO">username</msg>
<arg>${keyTwo}</arg>
<doc>Logs the given message with the given level.</doc>
<status status="PASS" start="2024-04-22T11:11:38.070241" elapsed="0.000181"/>
</kw>
<var name="${keyTwo}">username</var>
<status status="PASS" start="2024-04-22T11:11:38.068692" elapsed="0.001946"/>
</iter>
<iter>
<kw name="Dictionary Should Contain Key" owner="Collections">
<msg time="2024-04-22T11:11:38.071301" level="INFO">False</msg>
<arg>${json_data['results'][0]['login']}</arg>
<arg>${keyTwo}</arg>
<doc>Fails if ``key`` is not found from ``dictionary``.</doc>
<status status="PASS" start="2024-04-22T11:11:38.070918" elapsed="0.000425"/>
</kw>
<kw name="Dictionary Should Contain Key" owner="Collections">
<msg time="2024-04-22T11:11:38.072086" level="INFO">False</msg>
<arg>${json_data['results'][0]['login']}</arg>
<arg>${keyTwo}</arg>
<doc>Fails if ``key`` is not found from ``dictionary``.</doc>
<status status="PASS" start="2024-04-22T11:11:38.071631" elapsed="0.000494"/>
</kw>
<kw name="Log" owner="BuiltIn">
<msg time="2024-04-22T11:11:38.072546" level="INFO">password</msg>
<arg>${keyTwo}</arg>
<doc>Logs the given message with the given level.</doc>
<status status="PASS" start="2024-04-22T11:11:38.072420" elapsed="0.000164"/>
</kw>
<var name="${keyTwo}">password</var>
<status status="PASS" start="2024-04-22T11:11:38.070808" elapsed="0.001991"/>
</iter>
<var>${keyTwo}</var>
<value>@{expected_keysTwo}</value>
<status status="PASS" start="2024-04-22T11:11:38.068543" elapsed="0.004377"/>
</for>
<status status="PASS" start="2024-04-22T11:11:37.883750" elapsed="0.189307"/>
</kw>
<doc>Testa a estrutura da resposta da API.</doc>
<tag>testeEstruturaResposta</tag>
<status status="PASS" start="2024-04-22T11:11:37.883212" elapsed="0.189997"/>
</test>
<test id="s1-s1-t4" name="Validar tipos de dados" line="28">
<kw name="Teste de Tipos de Dados" owner="random-user-service">
<kw name="GET On Session" owner="RequestsLibrary">
<msg time="2024-04-22T11:11:38.137079" level="INFO">GET Request : url=https://randomuser.me/api 
 path_url=/api 
 headers={'User-Agent': 'python-requests/2.31.0', 'Accept-Encoding': 'gzip, deflate', 'Accept': '*/*', 'Connection': 'keep-alive'} 
 body=None 
 </msg>
<msg time="2024-04-22T11:11:38.137156" level="INFO">GET Response : url=https://randomuser.me/api 
 status=200, reason=OK 
 headers={'Date': 'Mon, 22 Apr 2024 11:11:38 GMT', 'Content-Type': 'application/json; charset=utf-8', 'Transfer-Encoding': 'chunked', 'Connection': 'keep-alive', 'X-Powered-By': 'Express', 'Access-Control-Allow-Origin': '*', 'Cache-Control': 'no-cache', 'ETag': 'W/"482-2oKZN3wpOl8yOQLve4RZIKcJMCw"', 'Vary': 'Accept-Encoding', 'Content-Encoding': 'gzip', 'CF-Cache-Status': 'DYNAMIC', 'Report-To': '{"endpoints":[{"url":"https:\\/\\/a.nel.cloudflare.com\\/report\\/v4?s=4LIY2RfQSnNmJuy3USFNHIlggvU6RGwL43ygyVHH820uXAQehDNvNxaypVmUFD77fJ2o7UH7pN0M4KaMBIGkpVGPfMBRQnfvNnP2Wzoz4eD5HA%2FIjvVCvkdY6zR9ckHj"}],"group":"cf-nel","max_age":604800}', 'NEL': '{"success_fraction":0,"report_to":"cf-nel","max_age":604800}', 'Server': 'cloudflare', 'CF-RAY': '87852c96f869578e-IAD', 'alt-svc': 'h3=":443"; ma=86400'} 
 body={"results":[{"gender":"male","name":{"title":"Mr","first":"Helmuth","last":"Henze"},"location":{"street":{"number":5960,"name":"Fasanenweg"},"city":"Bad Waldsee","state":"Hessen","country":"Germany","postcode":11777,"coordinates":{"latitude":"-51.5074","longitude":"-3.3234"},"timezone":{"offset":"-8:00","description":"Pacific Time (US &amp; Canada)"}},"email":"helmuth.henze@example.com","login":{"uuid":"75294160-fb82-4ce1-b373-a341702e7489","username":"heavyduck671","password":"chiefs","salt":"0RHjX3eo","md5":"50e760d79a47c18c5e4c3897bf4af29d","sha1":"b09ad65979eed9cff5f121f271481a96e06294d2","sha256":"4ab295109a0cee79c545cc334c749fc32c93afb21ba0396e19ac301e552683dd"},"dob":{"date":"1958-01-25T17:41:40.409Z","age":66},"registered":{"date":"2008-04-13T19:13:13.822Z","age":16},"phone":"0401-8425577","cell":"0170-3997288","id":{"name":"SVNR","value":"52 250158 H 068"},"picture":{"large":"https://randomuser.me/api/portraits/men/6.jpg","medium":"https://randomuser.me/api/portraits/med/men/6.jpg","thumbnail":"https://randomuser.me/api/portraits/thumb/men/6.jpg"},"nat":"DE"}],"info":{"seed":"66fddbaeb8a18623","results":1,"page":1,"version":"1.4"}} 
 </msg>
<msg time="2024-04-22T11:11:38.137228" level="INFO">/opt/hostedtoolcache/Python/3.12.3/x64/lib/python3.12/site-packages/urllib3/connectionpool.py:1103: InsecureRequestWarning: Unverified HTTPS request is being made to host 'randomuser.me'. Adding certificate verification is strongly advised. See: https://urllib3.readthedocs.io/en/latest/advanced-usage.html#tls-warnings
  warnings.warn(</msg>
<msg time="2024-04-22T11:11:38.137330" level="INFO">${response} = &lt;Response [200]&gt;</msg>
<var>${response}</var>
<arg>consultarAPI</arg>
<arg>/api</arg>
<doc>Sends a GET request on a previously created HTTP Session.</doc>
<status status="PASS" start="2024-04-22T11:11:38.075732" elapsed="0.061635"/>
</kw>
<kw name="Set Variable" owner="BuiltIn">
<msg time="2024-04-22T11:11:38.138327" level="INFO">${json_data} = {'results': [{'gender': 'male', 'name': {'title': 'Mr', 'first': 'Helmuth', 'last': 'Henze'}, 'location': {'street': {'number': 5960, 'name': 'Fasanenweg'}, 'city': 'Bad Waldsee', 'state': 'Hessen', '...</msg>
<var>${json_data}</var>
<arg>${response.json()}</arg>
<doc>Returns the given values which can then be assigned to a variables.</doc>
<status status="PASS" start="2024-04-22T11:11:38.137834" elapsed="0.000522"/>
</kw>
<kw name="Log" owner="BuiltIn">
<msg time="2024-04-22T11:11:38.138813" level="INFO">{'results': [{'gender': 'male', 'name': {'title': 'Mr', 'first': 'Helmuth', 'last': 'Henze'}, 'location': {'street': {'number': 5960, 'name': 'Fasanenweg'}, 'city': 'Bad Waldsee', 'state': 'Hessen', 'country': 'Germany', 'postcode': 11777, 'coordinates': {'latitude': '-51.5074', 'longitude': '-3.3234'}, 'timezone': {'offset': '-8:00', 'description': 'Pacific Time (US &amp; Canada)'}}, 'email': 'helmuth.henze@example.com', 'login': {'uuid': '75294160-fb82-4ce1-b373-a341702e7489', 'username': 'heavyduck671', 'password': 'chiefs', 'salt': '0RHjX3eo', 'md5': '50e760d79a47c18c5e4c3897bf4af29d', 'sha1': 'b09ad65979eed9cff5f121f271481a96e06294d2', 'sha256': '4ab295109a0cee79c545cc334c749fc32c93afb21ba0396e19ac301e552683dd'}, 'dob': {'date': '1958-01-25T17:41:40.409Z', 'age': 66}, 'registered': {'date': '2008-04-13T19:13:13.822Z', 'age': 16}, 'phone': '0401-8425577', 'cell': '0170-3997288', 'id': {'name': 'SVNR', 'value': '52 250158 H 068'}, 'picture': {'large': 'https://randomuser.me/api/portraits/men/6.jpg', 'medium': 'https://randomuser.me/api/portraits/med/men/6.jpg', 'thumbnail': 'https://randomuser.me/api/portraits/thumb/men/6.jpg'}, 'nat': 'DE'}], 'info': {'seed': '66fddbaeb8a18623', 'results': 1, 'page': 1, 'version': '1.4'}}</msg>
<arg>${json_data}</arg>
<doc>Logs the given message with the given level.</doc>
<status status="PASS" start="2024-04-22T11:11:38.138661" elapsed="0.000233"/>
</kw>
<kw name="Should Be String" owner="String">
<arg>${json_data['results'][0]['gender']}</arg>
<doc>Fails if the given ``item`` is not a string.</doc>
<status status="PASS" start="2024-04-22T11:11:38.139193" elapsed="0.000356"/>
</kw>
<kw name="Should Match Regexp" owner="BuiltIn">
<arg>${json_data['results'][0]['email']}</arg>
<arg>^[a-zA-Z0-9._%+-]+@[a-zA-Z0-9.-]+\.[a-zA-Z]{2,}$</arg>
<doc>Fails if ``string`` does not match ``pattern`` as a regular expression.</doc>
<status status="PASS" start="2024-04-22T11:11:38.139740" elapsed="0.000509"/>
</kw>
<kw name="Should Match Regexp" owner="BuiltIn">
<arg>${json_data['results'][0]['dob']['date']}</arg>
<arg>\\d{4}-\\d{2}-\\d{2}T\\d{2}:\\d{2}:\\d{2}\\.\\d{3}Z</arg>
<doc>Fails if ``string`` does not match ``pattern`` as a regular expression.</doc>
<status status="PASS" start="2024-04-22T11:11:38.140444" elapsed="0.000520"/>
</kw>
<kw name="Should Match Regexp" owner="BuiltIn">
<arg>${json_data['results'][0]['registered']['date']}</arg>
<arg>\\d{4}-\\d{2}-\\d{2}T\\d{2}:\\d{2}:\\d{2}\\.\\d{3}Z</arg>
<doc>Fails if ``string`` does not match ``pattern`` as a regular expression.</doc>
<status status="PASS" start="2024-04-22T11:11:38.141165" elapsed="0.000389"/>
</kw>
<kw name="Should Match Regexp" owner="BuiltIn">
<arg>${json_data['results'][0]['picture']['large']}</arg>
<arg>^https?://.*\.(?:png|jpe?g|gif|bmp)$</arg>
<doc>Fails if ``string`` does not match ``pattern`` as a regular expression.</doc>
<status status="PASS" start="2024-04-22T11:11:38.141769" elapsed="0.000483"/>
</kw>
<kw name="Should Match Regexp" owner="BuiltIn">
<arg>${json_data['results'][0]['picture']['medium']}</arg>
<arg>^https?://.*\.(?:png|jpe?g|gif|bmp)$</arg>
<doc>Fails if ``string`` does not match ``pattern`` as a regular expression.</doc>
<status status="PASS" start="2024-04-22T11:11:38.142449" elapsed="0.000365"/>
</kw>
<kw name="Should Match Regexp" owner="BuiltIn">
<arg>${json_data['results'][0]['picture']['thumbnail']}</arg>
<arg>^https?://.*\.(?:png|jpe?g|gif|bmp)$</arg>
<doc>Fails if ``string`` does not match ``pattern`` as a regular expression.</doc>
<status status="PASS" start="2024-04-22T11:11:38.143006" elapsed="0.000354"/>
</kw>
<kw name="Log" owner="BuiltIn">
<msg time="2024-04-22T11:11:38.143856" level="INFO">{'large': 'https://randomuser.me/api/portraits/men/6.jpg', 'medium': 'https://randomuser.me/api/portraits/med/men/6.jpg', 'thumbnail': 'https://randomuser.me/api/portraits/thumb/men/6.jpg'}</msg>
<arg>${json_data['results'][0]['picture']}</arg>
<doc>Logs the given message with the given level.</doc>
<status status="PASS" start="2024-04-22T11:11:38.143536" elapsed="0.000361"/>
</kw>
<status status="PASS" start="2024-04-22T11:11:38.075507" elapsed="0.068642"/>
</kw>
<kw name="Teste de Tipos de Dados - Postcode" owner="random-user-service">
<kw name="GET On Session" owner="RequestsLibrary">
<msg time="2024-04-22T11:11:38.226026" level="INFO">GET Request : url=https://randomuser.me/api 
 path_url=/api 
 headers={'User-Agent': 'python-requests/2.31.0', 'Accept-Encoding': 'gzip, deflate', 'Accept': '*/*', 'Connection': 'keep-alive'} 
 body=None 
 </msg>
<msg time="2024-04-22T11:11:38.226096" level="INFO">GET Response : url=https://randomuser.me/api 
 status=200, reason=OK 
 headers={'Date': 'Mon, 22 Apr 2024 11:11:38 GMT', 'Content-Type': 'application/json; charset=utf-8', 'Transfer-Encoding': 'chunked', 'Connection': 'keep-alive', 'X-Powered-By': 'Express', 'Access-Control-Allow-Origin': '*', 'Cache-Control': 'no-cache', 'ETag': 'W/"475-TIiKtIhYaCka1BVf3ci6BpQpr+I"', 'Vary': 'Accept-Encoding', 'Content-Encoding': 'gzip', 'CF-Cache-Status': 'DYNAMIC', 'Report-To': '{"endpoints":[{"url":"https:\\/\\/a.nel.cloudflare.com\\/report\\/v4?s=ESjLGlnz84e2hwFFjBd%2B4QMnkMocg5f2qEzgh7O4N8DVmqhtUkohQToTPwUHGwZLvPzmEmhupxQp%2FcJfjo%2BB6ZCrmuaOlR6LMHPzDgAF8CCb7hohPyMRdbs9eUgiEAVw"}],"group":"cf-nel","max_age":604800}', 'NEL': '{"success_fraction":0,"report_to":"cf-nel","max_age":604800}', 'Server': 'cloudflare', 'CF-RAY': '87852c9768b1578e-IAD', 'alt-svc': 'h3=":443"; ma=86400'} 
 body={"results":[{"gender":"male","name":{"title":"Mr","first":"Davut","last":"Erginsoy"},"location":{"street":{"number":1720,"name":"Bağdat Cd"},"city":"Gaziantep","state":"Sivas","country":"Turkey","postcode":82292,"coordinates":{"latitude":"69.7560","longitude":"-61.4418"},"timezone":{"offset":"-11:00","description":"Midway Island, Samoa"}},"email":"davut.erginsoy@example.com","login":{"uuid":"4602d5bc-f19d-47fb-93f3-5bbddf03f519","username":"yellowelephant422","password":"collie","salt":"7gL2E7Q3","md5":"4879a5d0843b1bb55aed8adc5c0cae13","sha1":"540d0f1b912a31fe1ba9d849142079382a5b9ab1","sha256":"1407d5a87511bde8c16dc2e3775e3346ff5772ea271c4801d0bc49c74b84c480"},"dob":{"date":"1984-12-29T22:05:58.674Z","age":39},"registered":{"date":"2016-08-11T02:11:56.330Z","age":7},"phone":"(890)-193-0577","cell":"(079)-715-0866","id":{"name":"","value":null},"picture":{"large":"https://randomuser.me/api/portraits/men/83.jpg","medium":"https://randomuser.me/api/portraits/med/men/83.jpg","thumbnail":"https://randomuser.me/api/portraits/thumb/men/83.jpg"},"nat":"TR"}],"info":{"seed":"40ea0eca61346862","results":1,"page":1,"version":"1.4"}} 
 </msg>
<msg time="2024-04-22T11:11:38.226156" level="INFO">/opt/hostedtoolcache/Python/3.12.3/x64/lib/python3.12/site-packages/urllib3/connectionpool.py:1103: InsecureRequestWarning: Unverified HTTPS request is being made to host 'randomuser.me'. Adding certificate verification is strongly advised. See: https://urllib3.readthedocs.io/en/latest/advanced-usage.html#tls-warnings
  warnings.warn(</msg>
<msg time="2024-04-22T11:11:38.226276" level="INFO">${response} = &lt;Response [200]&gt;</msg>
<var>${response}</var>
<arg>consultarAPI</arg>
<arg>/api</arg>
<doc>Sends a GET request on a previously created HTTP Session.</doc>
<status status="PASS" start="2024-04-22T11:11:38.144605" elapsed="0.081710"/>
</kw>
<kw name="Set Variable" owner="BuiltIn">
<msg time="2024-04-22T11:11:38.227415" level="INFO">${json_data} = {'results': [{'gender': 'male', 'name': {'title': 'Mr', 'first': 'Davut', 'last': 'Erginsoy'}, 'location': {'street': {'number': 1720, 'name': 'Bağdat Cd'}, 'city': 'Gaziantep', 'state': 'Sivas', 'cou...</msg>
<var>${json_data}</var>
<arg>${response.json()}</arg>
<doc>Returns the given values which can then be assigned to a variables.</doc>
<status status="PASS" start="2024-04-22T11:11:38.226814" elapsed="0.000632"/>
</kw>
<kw name="Log" owner="BuiltIn">
<msg time="2024-04-22T11:11:38.227916" level="INFO">{'results': [{'gender': 'male', 'name': {'title': 'Mr', 'first': 'Davut', 'last': 'Erginsoy'}, 'location': {'street': {'number': 1720, 'name': 'Bağdat Cd'}, 'city': 'Gaziantep', 'state': 'Sivas', 'country': 'Turkey', 'postcode': 82292, 'coordinates': {'latitude': '69.7560', 'longitude': '-61.4418'}, 'timezone': {'offset': '-11:00', 'description': 'Midway Island, Samoa'}}, 'email': 'davut.erginsoy@example.com', 'login': {'uuid': '4602d5bc-f19d-47fb-93f3-5bbddf03f519', 'username': 'yellowelephant422', 'password': 'collie', 'salt': '7gL2E7Q3', 'md5': '4879a5d0843b1bb55aed8adc5c0cae13', 'sha1': '540d0f1b912a31fe1ba9d849142079382a5b9ab1', 'sha256': '1407d5a87511bde8c16dc2e3775e3346ff5772ea271c4801d0bc49c74b84c480'}, 'dob': {'date': '1984-12-29T22:05:58.674Z', 'age': 39}, 'registered': {'date': '2016-08-11T02:11:56.330Z', 'age': 7}, 'phone': '(890)-193-0577', 'cell': '(079)-715-0866', 'id': {'name': '', 'value': None}, 'picture': {'large': 'https://randomuser.me/api/portraits/men/83.jpg', 'medium': 'https://randomuser.me/api/portraits/med/men/83.jpg', 'thumbnail': 'https://randomuser.me/api/portraits/thumb/men/83.jpg'}, 'nat': 'TR'}], 'info': {'seed': '40ea0eca61346862', 'results': 1, 'page': 1, 'version': '1.4'}}</msg>
<arg>${json_data}</arg>
<doc>Logs the given message with the given level.</doc>
<status status="PASS" start="2024-04-22T11:11:38.227758" elapsed="0.000239"/>
</kw>
<kw name="Should Be Equal As Numbers" owner="BuiltIn">
<arg>${json_data['results'][0]['location']['postcode']}</arg>
<arg>${json_data['results'][0]['location']['postcode']}</arg>
<doc>Fails if objects are unequal after converting them to real numbers.</doc>
<status status="PASS" start="2024-04-22T11:11:38.228298" elapsed="0.000752"/>
</kw>
<kw name="Log" owner="BuiltIn">
<msg time="2024-04-22T11:11:38.229579" level="INFO">82292</msg>
<arg>${json_data['results'][0]['location']['postcode']}</arg>
<doc>Logs the given message with the given level.</doc>
<status status="PASS" start="2024-04-22T11:11:38.229243" elapsed="0.000376"/>
</kw>
<status status="PASS" start="2024-04-22T11:11:38.144365" elapsed="0.085502"/>
</kw>
<doc>Testa se os tipos de dados na resposta da API estão corretos.</doc>
<tag>testeTiposDados</tag>
<status status="PASS" start="2024-04-22T11:11:38.075036" elapsed="0.154992"/>
</test>
<test id="s1-s1-t5" name="Validar conteudo" line="35">
<kw name="Teste de Tipos de Conteudo" owner="random-user-service">
<kw name="GET On Session" owner="RequestsLibrary">
<msg time="2024-04-22T11:11:38.319838" level="INFO">GET Request : url=https://randomuser.me/api 
 path_url=/api 
 headers={'User-Agent': 'python-requests/2.31.0', 'Accept-Encoding': 'gzip, deflate', 'Accept': '*/*', 'Connection': 'keep-alive'} 
 body=None 
 </msg>
<msg time="2024-04-22T11:11:38.319917" level="INFO">GET Response : url=https://randomuser.me/api 
 status=200, reason=OK 
 headers={'Date': 'Mon, 22 Apr 2024 11:11:38 GMT', 'Content-Type': 'application/json; charset=utf-8', 'Transfer-Encoding': 'chunked', 'Connection': 'keep-alive', 'X-Powered-By': 'Express', 'Access-Control-Allow-Origin': '*', 'Cache-Control': 'no-cache', 'ETag': 'W/"488-/F2hh4d7D9gDqeQMWDwFEZkVxV4"', 'Vary': 'Accept-Encoding', 'Content-Encoding': 'gzip', 'CF-Cache-Status': 'DYNAMIC', 'Report-To': '{"endpoints":[{"url":"https:\\/\\/a.nel.cloudflare.com\\/report\\/v4?s=R5yDAkXLjWoz%2B4xbV20QG9SIulI1I%2Bz7vUoq0vdH7Q5m1OjNug9vrYAm5kp2xHjbw2s0iaRKzGZB%2F8sLcTRSoVeybrQvYnH9aJn5IiO2RFgS%2FFO%2F8Azxwu4N0gnlWOf0"}],"group":"cf-nel","max_age":604800}', 'NEL': '{"success_fraction":0,"report_to":"cf-nel","max_age":604800}', 'Server': 'cloudflare', 'CF-RAY': '87852c97f8fe578e-IAD', 'alt-svc': 'h3=":443"; ma=86400'} 
 body={"results":[{"gender":"female","name":{"title":"Miss","first":"Liva","last":"Larsen"},"location":{"street":{"number":6086,"name":"Plantagevej"},"city":"Rønnede","state":"Danmark","country":"Denmark","postcode":76877,"coordinates":{"latitude":"-41.8556","longitude":"151.6925"},"timezone":{"offset":"-4:00","description":"Atlantic Time (Canada), Caracas, La Paz"}},"email":"liva.larsen@example.com","login":{"uuid":"87049ab1-b77a-4884-a270-fa151df70fa5","username":"angryzebra713","password":"honda","salt":"BDNFHrkk","md5":"f1ccd9ae5dc93227ef84cdd6208d5a7f","sha1":"13b18d2755a577b54fca78ae43a722a0d47ea348","sha256":"89f7b9f741286ea7cfeea0523caf3039e49440eac181de108b1e14e9f24e9491"},"dob":{"date":"1949-04-09T02:19:10.587Z","age":75},"registered":{"date":"2009-01-05T02:32:11.376Z","age":15},"phone":"89409634","cell":"28836124","id":{"name":"CPR","value":"080449-3765"},"picture":{"large":"https://randomuser.me/api/portraits/women/7.jpg","medium":"https://randomuser.me/api/portraits/med/women/7.jpg","thumbnail":"https://randomuser.me/api/portraits/thumb/women/7.jpg"},"nat":"DK"}],"info":{"seed":"07b13e9af8d8bf81","results":1,"page":1,"version":"1.4"}} 
 </msg>
<msg time="2024-04-22T11:11:38.319992" level="INFO">/opt/hostedtoolcache/Python/3.12.3/x64/lib/python3.12/site-packages/urllib3/connectionpool.py:1103: InsecureRequestWarning: Unverified HTTPS request is being made to host 'randomuser.me'. Adding certificate verification is strongly advised. See: https://urllib3.readthedocs.io/en/latest/advanced-usage.html#tls-warnings
  warnings.warn(</msg>
<msg time="2024-04-22T11:11:38.320103" level="INFO">${response} = &lt;Response [200]&gt;</msg>
<var>${response}</var>
<arg>consultarAPI</arg>
<arg>/api</arg>
<doc>Sends a GET request on a previously created HTTP Session.</doc>
<status status="PASS" start="2024-04-22T11:11:38.232513" elapsed="0.087640"/>
</kw>
<kw name="Set Variable" owner="BuiltIn">
<msg time="2024-04-22T11:11:38.321273" level="INFO">${json_data} = {'results': [{'gender': 'female', 'name': {'title': 'Miss', 'first': 'Liva', 'last': 'Larsen'}, 'location': {'street': {'number': 6086, 'name': 'Plantagevej'}, 'city': 'Rønnede', 'state': 'Danmark', '...</msg>
<var>${json_data}</var>
<arg>${response.json()}</arg>
<doc>Returns the given values which can then be assigned to a variables.</doc>
<status status="PASS" start="2024-04-22T11:11:38.320657" elapsed="0.000645"/>
</kw>
<kw name="Set Variable" owner="BuiltIn">
<msg time="2024-04-22T11:11:38.321990" level="INFO">${name_title} = Miss</msg>
<var>${name_title}</var>
<arg>${json_data["results"][0]["name"]["title"]}</arg>
<doc>Returns the given values which can then be assigned to a variables.</doc>
<status status="PASS" start="2024-04-22T11:11:38.321610" elapsed="0.000404"/>
</kw>
<kw name="Create List" owner="BuiltIn">
<msg time="2024-04-22T11:11:38.322505" level="INFO">${allowed_titles} = ['Mr', 'Ms', 'Miss', 'Mrs', 'Madame', 'Monsieur']</msg>
<var>${allowed_titles}</var>
<arg>Mr</arg>
<arg>Ms</arg>
<arg>Miss</arg>
<arg>Mrs</arg>
<arg>Madame</arg>
<arg>Monsieur</arg>
<doc>Returns a list containing given items.</doc>
<status status="PASS" start="2024-04-22T11:11:38.322355" elapsed="0.000173"/>
</kw>
<kw name="List Should Contain Value" owner="Collections">
<msg time="2024-04-22T11:11:38.323000" level="INFO">False</msg>
<arg>${allowed_titles}</arg>
<arg>${name_title}</arg>
<doc>Fails if the ``value`` is not found from ``list``.</doc>
<status status="PASS" start="2024-04-22T11:11:38.322826" elapsed="0.000210"/>
</kw>
<kw name="Set Variable" owner="BuiltIn">
<msg time="2024-04-22T11:11:38.323713" level="INFO">${name_country} = DK</msg>
<var>${name_country}</var>
<arg>${json_data["results"][0]["nat"]}</arg>
<doc>Returns the given values which can then be assigned to a variables.</doc>
<status status="PASS" start="2024-04-22T11:11:38.323331" elapsed="0.000407"/>
</kw>
<kw name="Create List" owner="BuiltIn">
<msg time="2024-04-22T11:11:38.324625" level="INFO">${list_country} = ['AD', 'AE', 'AF', 'AG', 'AI', 'AL', 'AM', 'AO', 'AQ', 'AR', 'AS', 'AT', 'AU', 'AW', 'AX', 'AZ', 'BA', 'BB', 'BD', 'BE', 'BF', 'BG', 'BH', 'BI', 'BJ', 'BL', 'BM', 'BN', 'BO', 'BQ', 'BR', 'BS', 'BT', '...</msg>
<var>${list_country}</var>
<arg>AD</arg>
<arg>AE</arg>
<arg>AF</arg>
<arg>AG</arg>
<arg>AI</arg>
<arg>AL</arg>
<arg>AM</arg>
<arg>AO</arg>
<arg>AQ</arg>
<arg>AR</arg>
<arg>AS</arg>
<arg>AT</arg>
<arg>AU</arg>
<arg>AW</arg>
<arg>AX</arg>
<arg>AZ</arg>
<arg>BA</arg>
<arg>BB</arg>
<arg>BD</arg>
<arg>BE</arg>
<arg>BF</arg>
<arg>BG</arg>
<arg>BH</arg>
<arg>BI</arg>
<arg>BJ</arg>
<arg>BL</arg>
<arg>BM</arg>
<arg>BN</arg>
<arg>BO</arg>
<arg>BQ</arg>
<arg>BR</arg>
<arg>BS</arg>
<arg>BT</arg>
<arg>BV</arg>
<arg>BW</arg>
<arg>BY</arg>
<arg>BZ</arg>
<arg>CA</arg>
<arg>CC</arg>
<arg>CD</arg>
<arg>CF</arg>
<arg>CG</arg>
<arg>CH</arg>
<arg>CI</arg>
<arg>CK</arg>
<arg>CL</arg>
<arg>CM</arg>
<arg>CN</arg>
<arg>CO</arg>
<arg>CR</arg>
<arg>CU</arg>
<arg>CV</arg>
<arg>CW</arg>
<arg>CX</arg>
<arg>CY</arg>
<arg>CZ</arg>
<arg>DE</arg>
<arg>DJ</arg>
<arg>DK</arg>
<arg>DM</arg>
<arg>DO</arg>
<arg>DZ</arg>
<arg>EC</arg>
<arg>EE</arg>
<arg>EG</arg>
<arg>EH</arg>
<arg>ER</arg>
<arg>ES</arg>
<arg>ET</arg>
<arg>FI</arg>
<arg>FJ</arg>
<arg>FK</arg>
<arg>FM</arg>
<arg>FO</arg>
<arg>FR</arg>
<arg>GA</arg>
<arg>GB</arg>
<arg>GD</arg>
<arg>GE</arg>
<arg>GF</arg>
<arg>GG</arg>
<arg>GH</arg>
<arg>GI</arg>
<arg>GL</arg>
<arg>GM</arg>
<arg>GN</arg>
<arg>GP</arg>
<arg>GQ</arg>
<arg>GR</arg>
<arg>GS</arg>
<arg>GT</arg>
<arg>GU</arg>
<arg>GW</arg>
<arg>GY</arg>
<arg>HK</arg>
<arg>HM</arg>
<arg>HN</arg>
<arg>HR</arg>
<arg>HT</arg>
<arg>HU</arg>
<arg>ID</arg>
<arg>IE</arg>
<arg>IL</arg>
<arg>IM</arg>
<arg>IN</arg>
<arg>IO</arg>
<arg>IQ</arg>
<arg>IR</arg>
<arg>IS</arg>
<arg>IT</arg>
<arg>JE</arg>
<arg>JM</arg>
<arg>JO</arg>
<arg>JP</arg>
<arg>KE</arg>
<arg>KG</arg>
<arg>KH</arg>
<arg>KI</arg>
<arg>KM</arg>
<arg>KN</arg>
<arg>KP</arg>
<arg>KR</arg>
<arg>KW</arg>
<arg>KY</arg>
<arg>KZ</arg>
<arg>LA</arg>
<arg>LB</arg>
<arg>LC</arg>
<arg>LI</arg>
<arg>LK</arg>
<arg>LR</arg>
<arg>LS</arg>
<arg>LT</arg>
<arg>LU</arg>
<arg>LV</arg>
<arg>LY</arg>
<arg>MA</arg>
<arg>MC</arg>
<arg>MD</arg>
<arg>ME</arg>
<arg>MF</arg>
<arg>MG</arg>
<arg>MH</arg>
<arg>MK</arg>
<arg>ML</arg>
<arg>MM</arg>
<arg>MN</arg>
<arg>MO</arg>
<arg>MP</arg>
<arg>MQ</arg>
<arg>MR</arg>
<arg>MS</arg>
<arg>MT</arg>
<arg>MU</arg>
<arg>MV</arg>
<arg>MW</arg>
<arg>MX</arg>
<arg>MY</arg>
<arg>MZ</arg>
<arg>NA</arg>
<arg>NC</arg>
<arg>NE</arg>
<arg>NF</arg>
<arg>NG</arg>
<arg>NI</arg>
<arg>NL</arg>
<arg>NO</arg>
<arg>NP</arg>
<arg>NR</arg>
<arg>NU</arg>
<arg>NZ</arg>
<arg>OM</arg>
<arg>PA</arg>
<arg>PE</arg>
<arg>PF</arg>
<arg>PG</arg>
<arg>PH</arg>
<arg>PK</arg>
<arg>PL</arg>
<arg>PM</arg>
<arg>PN</arg>
<arg>PR</arg>
<arg>PS</arg>
<arg>PT</arg>
<arg>PW</arg>
<arg>PY</arg>
<arg>QA</arg>
<arg>RE</arg>
<arg>RO</arg>
<arg>RS</arg>
<arg>RU</arg>
<arg>RW</arg>
<arg>SA</arg>
<arg>SB</arg>
<arg>SC</arg>
<arg>SD</arg>
<arg>SE</arg>
<arg>SG</arg>
<arg>SH</arg>
<arg>SI</arg>
<arg>SJ</arg>
<arg>SK</arg>
<arg>SL</arg>
<arg>SM</arg>
<arg>SN</arg>
<arg>SO</arg>
<arg>SR</arg>
<arg>SS</arg>
<arg>ST</arg>
<arg>SV</arg>
<arg>SX</arg>
<arg>SY</arg>
<arg>SZ</arg>
<arg>TC</arg>
<arg>TD</arg>
<arg>TF</arg>
<arg>TG</arg>
<arg>TH</arg>
<arg>TJ</arg>
<arg>TK</arg>
<arg>TL</arg>
<arg>TM</arg>
<arg>TN</arg>
<arg>TO</arg>
<arg>TR</arg>
<arg>TT</arg>
<arg>TV</arg>
<arg>TW</arg>
<arg>TZ</arg>
<arg>UA</arg>
<arg>UG</arg>
<arg>UM</arg>
<arg>US</arg>
<arg>UY</arg>
<arg>UZ</arg>
<arg>VA</arg>
<arg>VC</arg>
<arg>VE</arg>
<arg>VG</arg>
<arg>VI</arg>
<arg>VN</arg>
<arg>VU</arg>
<arg>WF</arg>
<arg>WS</arg>
<arg>XK</arg>
<arg>YE</arg>
<arg>YT</arg>
<arg>ZA</arg>
<arg>ZM</arg>
<arg>ZW</arg>
<doc>Returns a list containing given items.</doc>
<status status="PASS" start="2024-04-22T11:11:38.324039" elapsed="0.000611"/>
</kw>
<kw name="List Should Contain Value" owner="Collections">
<msg time="2024-04-22T11:11:38.325638" level="INFO">False</msg>
<arg>${list_country}</arg>
<arg>${name_country}</arg>
<doc>Fails if the ``value`` is not found from ``list``.</doc>
<status status="PASS" start="2024-04-22T11:11:38.325439" elapsed="0.000235"/>
</kw>
<kw name="Run Keyword If" owner="BuiltIn">
<kw name="Should Be True" owner="BuiltIn">
<arg>${True}</arg>
<doc>Fails if the given condition is not true.</doc>
<status status="PASS" start="2024-04-22T11:11:38.326769" elapsed="0.000143"/>
</kw>
<arg>${json_data["results"][0]["location"]["coordinates"]["latitude"]} &gt;= -90 and ${json_data["results"][0]["location"]["coordinates"]["latitude"]} &lt;= 90</arg>
<arg>Should Be True</arg>
<arg>${True}</arg>
<doc>Runs the given keyword with the given arguments, if ``condition`` is true.</doc>
<status status="PASS" start="2024-04-22T11:11:38.325981" elapsed="0.001055"/>
</kw>
<kw name="Run Keyword If" owner="BuiltIn">
<kw name="Should Be True" owner="BuiltIn">
<arg>${True}</arg>
<doc>Fails if the given condition is not true.</doc>
<status status="PASS" start="2024-04-22T11:11:38.327918" elapsed="0.000245"/>
</kw>
<arg>${json_data["results"][0]["location"]["coordinates"]["longitude"]} &gt;= -180 and ${json_data["results"][0]["location"]["coordinates"]["longitude"]} &lt;= 180</arg>
<arg>Should Be True</arg>
<arg>${True}</arg>
<doc>Runs the given keyword with the given arguments, if ``condition`` is true.</doc>
<status status="PASS" start="2024-04-22T11:11:38.327220" elapsed="0.001069"/>
</kw>
<status status="PASS" start="2024-04-22T11:11:38.232261" elapsed="0.096156"/>
</kw>
<doc>Testa o conteúdo específico dos campos retornados pela API.</doc>
<tag>testeConteudo</tag>
<status status="PASS" start="2024-04-22T11:11:38.231815" elapsed="0.096746"/>
</test>
<status status="PASS" start="2024-04-22T11:11:36.791789" elapsed="1.538694"/>
</suite>
<status status="PASS" start="2024-04-22T11:11:36.778334" elapsed="1.557253"/>
</suite>
<statistics>
<total>
<stat pass="5" fail="0" skip="0">All Tests</stat>
</total>
<tag>
<stat pass="1" fail="0" skip="0">testeConteudo</stat>
<stat pass="1" fail="0" skip="0">testeEstruturaResposta</stat>
<stat pass="1" fail="0" skip="0">testeRequisicaoBasica</stat>
<stat pass="1" fail="0" skip="0">testeTiposDados</stat>
</tag>
<suite>
<stat pass="5" fail="0" skip="0" id="s1" name="Tests">Tests</stat>
<stat pass="5" fail="0" skip="0" id="s1-s1" name="Random-User-Test">Tests.Random-User-Test</stat>
</suite>
</statistics>
<errors>
</errors>
</robot>
