<?xml version="1.0" encoding="UTF-8"?>
<robot generator="Robot 7.0 (Python 3.12.3 on linux)" generated="2024-05-30T03:16:29.399610" rpa="false" schemaversion="5">
<suite id="s1" name="Tests" source="/home/runner/work/ApiRandomUser/ApiRandomUser/RamdonUser/tests">
<suite id="s1-s1" name="Random-User-Test" source="/home/runner/work/ApiRandomUser/ApiRandomUser/RamdonUser/tests/random-user-test.robot">
<test id="s1-s1-t1" name="Conectar" line="13">
<kw name="Conectar API" owner="random-user-service">
<kw name="Create Session" owner="RequestsLibrary">
<msg time="2024-05-30T03:16:29.851702" level="INFO">Creating Session using : alias=consultarAPI, url=https://randomuser.me/, headers={},                     cookies={}, auth=None, timeout=None, proxies=None, verify=False,                     debug=0 </msg>
<arg>consultarAPI</arg>
<arg>${URL}</arg>
<doc>Create Session: create a HTTP session to a server</doc>
<status status="PASS" start="2024-05-30T03:16:29.851395" elapsed="0.000555"/>
</kw>
<status status="PASS" start="2024-05-30T03:16:29.850088" elapsed="0.002352"/>
</kw>
<status status="PASS" start="2024-05-30T03:16:29.849408" elapsed="0.003273"/>
</test>
<test id="s1-s1-t2" name="Validar retorno 200 e JSON Válido" line="16">
<kw name="Teste de Requisicao Basica" owner="random-user-service">
<kw name="GET On Session" owner="RequestsLibrary">
<msg time="2024-05-30T03:16:30.300797" level="INFO">GET Request : url=https://randomuser.me/api 
 path_url=/api 
 headers={'User-Agent': 'python-requests/2.32.3', 'Accept-Encoding': 'gzip, deflate', 'Accept': '*/*', 'Connection': 'keep-alive'} 
 body=None 
 </msg>
<msg time="2024-05-30T03:16:30.300975" level="INFO">GET Response : url=https://randomuser.me/api 
 status=200, reason=OK 
 headers={'Date': 'Thu, 30 May 2024 03:16:30 GMT', 'Content-Type': 'application/json; charset=utf-8', 'Transfer-Encoding': 'chunked', 'Connection': 'keep-alive', 'X-Powered-By': 'Express', 'Access-Control-Allow-Origin': '*', 'Cache-Control': 'no-cache', 'ETag': 'W/"47f-9CiNffN++NBamXp7RVCNj2PtDuc"', 'Vary': 'Accept-Encoding', 'Content-Encoding': 'gzip', 'CF-Cache-Status': 'DYNAMIC', 'Report-To': '{"endpoints":[{"url":"https:\\/\\/a.nel.cloudflare.com\\/report\\/v4?s=HIjEklP%2FLryomCGAFgT2grQJHoj3NE%2BfwvPDxHUTpy1dQtq3mIOEyJ7YP5FpDATaviSeIhstzNQZQGaelUxBmLpjTcT%2BlvE9itkk0yiFXjDP7WhoqF%2BJdZYSImmc2eNm"}],"group":"cf-nel","max_age":604800}', 'NEL': '{"success_fraction":0,"report_to":"cf-nel","max_age":604800}', 'Server': 'cloudflare', 'CF-RAY': '88bb90d7bde1238d-SJC', 'alt-svc': 'h3=":443"; ma=86400'} 
 body={"results":[{"gender":"female","name":{"title":"Ms","first":"Nathalie","last":"Kjær"},"location":{"street":{"number":6042,"name":"Linjebakken"},"city":"Sommarøy","state":"Sør-Trøndelag","country":"Norway","postcode":"0573","coordinates":{"latitude":"46.5345","longitude":"152.7340"},"timezone":{"offset":"+9:30","description":"Adelaide, Darwin"}},"email":"nathalie.kjaer@example.com","login":{"uuid":"b6de98cb-c3ee-4d25-9262-5500a93629ab","username":"blackgoose411","password":"ghost","salt":"o642ithj","md5":"308a74360f51caf617d2b6bb9f4967f3","sha1":"a3c551c1eab03cba57f4ff231a01e75628b0f22b","sha256":"6c064cf4539e4c1f725b726fff92ef286c1ac343c238c985ebd0be4e986e7904"},"dob":{"date":"1946-08-16T03:17:41.828Z","age":77},"registered":{"date":"2002-12-06T23:29:20.299Z","age":21},"phone":"62415661","cell":"48983993","id":{"name":"FN","value":"16084629654"},"picture":{"large":"https://randomuser.me/api/portraits/women/66.jpg","medium":"https://randomuser.me/api/portraits/med/women/66.jpg","thumbnail":"https://randomuser.me/api/portraits/thumb/women/66.jpg"},"nat":"NO"}],"info":{"seed":"3cd72b448678c645","results":1,"page":1,"version":"1.4"}} 
 </msg>
<msg time="2024-05-30T03:16:30.301077" level="INFO">/opt/hostedtoolcache/Python/3.12.3/x64/lib/python3.12/site-packages/urllib3/connectionpool.py:1103: InsecureRequestWarning: Unverified HTTPS request is being made to host 'randomuser.me'. Adding certificate verification is strongly advised. See: https://urllib3.readthedocs.io/en/latest/advanced-usage.html#tls-warnings
  warnings.warn(</msg>
<msg time="2024-05-30T03:16:30.301231" level="INFO">${response} = &lt;Response [200]&gt;</msg>
<var>${response}</var>
<arg>consultarAPI</arg>
<arg>/api</arg>
<doc>Sends a GET request on a previously created HTTP Session.</doc>
<status status="PASS" start="2024-05-30T03:16:29.855543" elapsed="0.445763"/>
</kw>
<kw name="Should Be Equal As Numbers" owner="BuiltIn">
<msg time="2024-05-30T03:16:30.302433" level="INFO">Argument types are:
&lt;class 'int'&gt;
&lt;class 'str'&gt;</msg>
<arg>${response.status_code}</arg>
<arg>200</arg>
<doc>Fails if objects are unequal after converting them to real numbers.</doc>
<status status="PASS" start="2024-05-30T03:16:30.301960" elapsed="0.000538"/>
</kw>
<kw name="Log" owner="BuiltIn">
<msg time="2024-05-30T03:16:30.303198" level="INFO">200</msg>
<arg>${response.status_code}</arg>
<doc>Logs the given message with the given level.</doc>
<status status="PASS" start="2024-05-30T03:16:30.302847" elapsed="0.000398"/>
</kw>
<kw name="Set Variable" owner="BuiltIn">
<msg time="2024-05-30T03:16:30.303989" level="INFO">${json_data} = {'results': [{'gender': 'female', 'name': {'title': 'Ms', 'first': 'Nathalie', 'last': 'Kjær'}, 'location': {'street': {'number': 6042, 'name': 'Linjebakken'}, 'city': 'Sommarøy', 'state': 'Sør-Trønde...</msg>
<var>${json_data}</var>
<arg>${response.json()}</arg>
<doc>Returns the given values which can then be assigned to a variables.</doc>
<status status="PASS" start="2024-05-30T03:16:30.303550" elapsed="0.000468"/>
</kw>
<kw name="Dictionary Should Contain Key" owner="Collections">
<msg time="2024-05-30T03:16:30.304536" level="INFO">False</msg>
<arg>${json_data}</arg>
<arg>results</arg>
<doc>Fails if ``key`` is not found from ``dictionary``.</doc>
<status status="PASS" start="2024-05-30T03:16:30.304354" elapsed="0.000221"/>
</kw>
<status status="PASS" start="2024-05-30T03:16:29.855246" elapsed="0.449593"/>
</kw>
<doc>Testa se a API responde corretamente e retorna um objeto JSON válido.</doc>
<tag>testeRequisicaoBasica</tag>
<status status="PASS" start="2024-05-30T03:16:29.854707" elapsed="0.450321"/>
</test>
<test id="s1-s1-t3" name="Validar estrutura de resposta" line="22">
<kw name="Teste de Estrutura de Resposta" owner="random-user-service">
<kw name="GET On Session" owner="RequestsLibrary">
<msg time="2024-05-30T03:16:30.390980" level="INFO">GET Request : url=https://randomuser.me/api 
 path_url=/api 
 headers={'User-Agent': 'python-requests/2.32.3', 'Accept-Encoding': 'gzip, deflate', 'Accept': '*/*', 'Connection': 'keep-alive'} 
 body=None 
 </msg>
<msg time="2024-05-30T03:16:30.391094" level="INFO">GET Response : url=https://randomuser.me/api 
 status=200, reason=OK 
 headers={'Date': 'Thu, 30 May 2024 03:16:30 GMT', 'Content-Type': 'application/json; charset=utf-8', 'Transfer-Encoding': 'chunked', 'Connection': 'keep-alive', 'X-Powered-By': 'Express', 'Access-Control-Allow-Origin': '*', 'Cache-Control': 'no-cache', 'ETag': 'W/"49e-FwD0I1D2FstihVmYFI5eSLN+dwg"', 'Vary': 'Accept-Encoding', 'Content-Encoding': 'gzip', 'CF-Cache-Status': 'DYNAMIC', 'Report-To': '{"endpoints":[{"url":"https:\\/\\/a.nel.cloudflare.com\\/report\\/v4?s=%2F0cuuwZvX8gxIKjb7WHA7XXamL8qJDjRN6HqHqGSNs8FJZNkMhca1jscC9Fx2GBVrmQM%2F4adhziq9ddk3RQaah2WabYA4yOnpDVImNA%2FMBjK4rOjBueZY0PB1zJXY%2Fhm"}],"group":"cf-nel","max_age":604800}', 'NEL': '{"success_fraction":0,"report_to":"cf-nel","max_age":604800}', 'Server': 'cloudflare', 'CF-RAY': '88bb90d97f99238d-SJC', 'alt-svc': 'h3=":443"; ma=86400'} 
 body={"results":[{"gender":"male","name":{"title":"Mr","first":"Maurice","last":"Obrien"},"location":{"street":{"number":3341,"name":"Avondale Ave"},"city":"Springfield","state":"Arizona","country":"United States","postcode":90871,"coordinates":{"latitude":"86.7965","longitude":"-107.7308"},"timezone":{"offset":"+9:00","description":"Tokyo, Seoul, Osaka, Sapporo, Yakutsk"}},"email":"maurice.obrien@example.com","login":{"uuid":"bae50d0e-08df-4653-9b67-ca13d2100419","username":"greenladybug828","password":"poopoo","salt":"bF27xuo2","md5":"5351a202b6d655f838bb6ef461841070","sha1":"569e74b1ec95fcd470a02f280e572a9961b93b2d","sha256":"700ea8a773b5a6e4f74ca3b7437f0735af7e42dc7652e6ada6b759135e2075d6"},"dob":{"date":"1980-05-10T09:01:19.412Z","age":44},"registered":{"date":"2003-11-01T10:00:11.926Z","age":20},"phone":"(810) 202-0660","cell":"(546) 550-6046","id":{"name":"SSN","value":"128-14-9505"},"picture":{"large":"https://randomuser.me/api/portraits/men/20.jpg","medium":"https://randomuser.me/api/portraits/med/men/20.jpg","thumbnail":"https://randomuser.me/api/portraits/thumb/men/20.jpg"},"nat":"US"}],"info":{"seed":"6e43fa5f59252b5c","results":1,"page":1,"version":"1.4"}} 
 </msg>
<msg time="2024-05-30T03:16:30.391242" level="INFO">/opt/hostedtoolcache/Python/3.12.3/x64/lib/python3.12/site-packages/urllib3/connectionpool.py:1103: InsecureRequestWarning: Unverified HTTPS request is being made to host 'randomuser.me'. Adding certificate verification is strongly advised. See: https://urllib3.readthedocs.io/en/latest/advanced-usage.html#tls-warnings
  warnings.warn(</msg>
<msg time="2024-05-30T03:16:30.391380" level="INFO">${response} = &lt;Response [200]&gt;</msg>
<var>${response}</var>
<arg>consultarAPI</arg>
<arg>/api</arg>
<doc>Sends a GET request on a previously created HTTP Session.</doc>
<status status="PASS" start="2024-05-30T03:16:30.307758" elapsed="0.083662"/>
</kw>
<kw name="Set Variable" owner="BuiltIn">
<msg time="2024-05-30T03:16:30.392635" level="INFO">${json_data} = {'results': [{'gender': 'male', 'name': {'title': 'Mr', 'first': 'Maurice', 'last': 'Obrien'}, 'location': {'street': {'number': 3341, 'name': 'Avondale Ave'}, 'city': 'Springfield', 'state': 'Arizona...</msg>
<var>${json_data}</var>
<arg>${response.json()}</arg>
<doc>Returns the given values which can then be assigned to a variables.</doc>
<status status="PASS" start="2024-05-30T03:16:30.392045" elapsed="0.000619"/>
</kw>
<kw name="Log" owner="BuiltIn">
<msg time="2024-05-30T03:16:30.393130" level="INFO">{'results': [{'gender': 'male', 'name': {'title': 'Mr', 'first': 'Maurice', 'last': 'Obrien'}, 'location': {'street': {'number': 3341, 'name': 'Avondale Ave'}, 'city': 'Springfield', 'state': 'Arizona', 'country': 'United States', 'postcode': 90871, 'coordinates': {'latitude': '86.7965', 'longitude': '-107.7308'}, 'timezone': {'offset': '+9:00', 'description': 'Tokyo, Seoul, Osaka, Sapporo, Yakutsk'}}, 'email': 'maurice.obrien@example.com', 'login': {'uuid': 'bae50d0e-08df-4653-9b67-ca13d2100419', 'username': 'greenladybug828', 'password': 'poopoo', 'salt': 'bF27xuo2', 'md5': '5351a202b6d655f838bb6ef461841070', 'sha1': '569e74b1ec95fcd470a02f280e572a9961b93b2d', 'sha256': '700ea8a773b5a6e4f74ca3b7437f0735af7e42dc7652e6ada6b759135e2075d6'}, 'dob': {'date': '1980-05-10T09:01:19.412Z', 'age': 44}, 'registered': {'date': '2003-11-01T10:00:11.926Z', 'age': 20}, 'phone': '(810) 202-0660', 'cell': '(546) 550-6046', 'id': {'name': 'SSN', 'value': '128-14-9505'}, 'picture': {'large': 'https://randomuser.me/api/portraits/men/20.jpg', 'medium': 'https://randomuser.me/api/portraits/med/men/20.jpg', 'thumbnail': 'https://randomuser.me/api/portraits/thumb/men/20.jpg'}, 'nat': 'US'}], 'info': {'seed': '6e43fa5f59252b5c', 'results': 1, 'page': 1, 'version': '1.4'}}</msg>
<arg>${json_data}</arg>
<doc>Logs the given message with the given level.</doc>
<status status="PASS" start="2024-05-30T03:16:30.392973" elapsed="0.000208"/>
</kw>
<kw name="Dictionary Should Contain Key" owner="Collections">
<msg time="2024-05-30T03:16:30.393629" level="INFO">False</msg>
<arg>${json_data}</arg>
<arg>results</arg>
<doc>Fails if ``key`` is not found from ``dictionary``.</doc>
<status status="PASS" start="2024-05-30T03:16:30.393474" elapsed="0.000191"/>
</kw>
<kw name="Should Not Be Empty" owner="BuiltIn">
<msg time="2024-05-30T03:16:30.394085" level="INFO">Length is 2.</msg>
<arg>${json_data}</arg>
<doc>Verifies that the given item is not empty.</doc>
<status status="PASS" start="2024-05-30T03:16:30.393952" elapsed="0.000170"/>
</kw>
<kw name="Create List" owner="BuiltIn">
<msg time="2024-05-30T03:16:30.394718" level="INFO">${expected_keys} = ['gender', 'name', 'location', 'email', 'login']</msg>
<var>${expected_keys}</var>
<arg>gender</arg>
<arg>name</arg>
<arg>location</arg>
<arg>email</arg>
<arg>login</arg>
<doc>Returns a list containing given items.</doc>
<status status="PASS" start="2024-05-30T03:16:30.394410" elapsed="0.000333"/>
</kw>
<for flavor="IN">
<iter>
<kw name="Dictionary Should Contain Key" owner="Collections">
<msg time="2024-05-30T03:16:30.395707" level="INFO">False</msg>
<arg>${json_data['results'][0]}</arg>
<arg>${key}</arg>
<doc>Fails if ``key`` is not found from ``dictionary``.</doc>
<status status="PASS" start="2024-05-30T03:16:30.395324" elapsed="0.000420"/>
</kw>
<kw name="Log" owner="BuiltIn">
<msg time="2024-05-30T03:16:30.396445" level="INFO">{'gender': 'male', 'name': {'title': 'Mr', 'first': 'Maurice', 'last': 'Obrien'}, 'location': {'street': {'number': 3341, 'name': 'Avondale Ave'}, 'city': 'Springfield', 'state': 'Arizona', 'country': 'United States', 'postcode': 90871, 'coordinates': {'latitude': '86.7965', 'longitude': '-107.7308'}, 'timezone': {'offset': '+9:00', 'description': 'Tokyo, Seoul, Osaka, Sapporo, Yakutsk'}}, 'email': 'maurice.obrien@example.com', 'login': {'uuid': 'bae50d0e-08df-4653-9b67-ca13d2100419', 'username': 'greenladybug828', 'password': 'poopoo', 'salt': 'bF27xuo2', 'md5': '5351a202b6d655f838bb6ef461841070', 'sha1': '569e74b1ec95fcd470a02f280e572a9961b93b2d', 'sha256': '700ea8a773b5a6e4f74ca3b7437f0735af7e42dc7652e6ada6b759135e2075d6'}, 'dob': {'date': '1980-05-10T09:01:19.412Z', 'age': 44}, 'registered': {'date': '2003-11-01T10:00:11.926Z', 'age': 20}, 'phone': '(810) 202-0660', 'cell': '(546) 550-6046', 'id': {'name': 'SSN', 'value': '128-14-9505'}, 'picture': {'large': 'https://randomuser.me/api/portraits/men/20.jpg', 'medium': 'https://randomuser.me/api/portraits/med/men/20.jpg', 'thumbnail': 'https://randomuser.me/api/portraits/thumb/men/20.jpg'}, 'nat': 'US'}</msg>
<arg>${json_data['results'][0]}</arg>
<doc>Logs the given message with the given level.</doc>
<status status="PASS" start="2024-05-30T03:16:30.396048" elapsed="0.000455"/>
</kw>
<kw name="Log" owner="BuiltIn">
<msg time="2024-05-30T03:16:30.396922" level="INFO">gender</msg>
<arg>${key}</arg>
<doc>Logs the given message with the given level.</doc>
<status status="PASS" start="2024-05-30T03:16:30.396795" elapsed="0.000165"/>
</kw>
<var name="${key}">gender</var>
<status status="PASS" start="2024-05-30T03:16:30.395199" elapsed="0.001975"/>
</iter>
<iter>
<kw name="Dictionary Should Contain Key" owner="Collections">
<msg time="2024-05-30T03:16:30.397854" level="INFO">False</msg>
<arg>${json_data['results'][0]}</arg>
<arg>${key}</arg>
<doc>Fails if ``key`` is not found from ``dictionary``.</doc>
<status status="PASS" start="2024-05-30T03:16:30.397472" elapsed="0.000419"/>
</kw>
<kw name="Log" owner="BuiltIn">
<msg time="2024-05-30T03:16:30.398559" level="INFO">{'gender': 'male', 'name': {'title': 'Mr', 'first': 'Maurice', 'last': 'Obrien'}, 'location': {'street': {'number': 3341, 'name': 'Avondale Ave'}, 'city': 'Springfield', 'state': 'Arizona', 'country': 'United States', 'postcode': 90871, 'coordinates': {'latitude': '86.7965', 'longitude': '-107.7308'}, 'timezone': {'offset': '+9:00', 'description': 'Tokyo, Seoul, Osaka, Sapporo, Yakutsk'}}, 'email': 'maurice.obrien@example.com', 'login': {'uuid': 'bae50d0e-08df-4653-9b67-ca13d2100419', 'username': 'greenladybug828', 'password': 'poopoo', 'salt': 'bF27xuo2', 'md5': '5351a202b6d655f838bb6ef461841070', 'sha1': '569e74b1ec95fcd470a02f280e572a9961b93b2d', 'sha256': '700ea8a773b5a6e4f74ca3b7437f0735af7e42dc7652e6ada6b759135e2075d6'}, 'dob': {'date': '1980-05-10T09:01:19.412Z', 'age': 44}, 'registered': {'date': '2003-11-01T10:00:11.926Z', 'age': 20}, 'phone': '(810) 202-0660', 'cell': '(546) 550-6046', 'id': {'name': 'SSN', 'value': '128-14-9505'}, 'picture': {'large': 'https://randomuser.me/api/portraits/men/20.jpg', 'medium': 'https://randomuser.me/api/portraits/med/men/20.jpg', 'thumbnail': 'https://randomuser.me/api/portraits/thumb/men/20.jpg'}, 'nat': 'US'}</msg>
<arg>${json_data['results'][0]}</arg>
<doc>Logs the given message with the given level.</doc>
<status status="PASS" start="2024-05-30T03:16:30.398206" elapsed="0.000400"/>
</kw>
<kw name="Log" owner="BuiltIn">
<msg time="2024-05-30T03:16:30.399025" level="INFO">name</msg>
<arg>${key}</arg>
<doc>Logs the given message with the given level.</doc>
<status status="PASS" start="2024-05-30T03:16:30.398900" elapsed="0.000161"/>
</kw>
<var name="${key}">name</var>
<status status="PASS" start="2024-05-30T03:16:30.397359" elapsed="0.001913"/>
</iter>
<iter>
<kw name="Dictionary Should Contain Key" owner="Collections">
<msg time="2024-05-30T03:16:30.399932" level="INFO">False</msg>
<arg>${json_data['results'][0]}</arg>
<arg>${key}</arg>
<doc>Fails if ``key`` is not found from ``dictionary``.</doc>
<status status="PASS" start="2024-05-30T03:16:30.399559" elapsed="0.000409"/>
</kw>
<kw name="Log" owner="BuiltIn">
<msg time="2024-05-30T03:16:30.400648" level="INFO">{'gender': 'male', 'name': {'title': 'Mr', 'first': 'Maurice', 'last': 'Obrien'}, 'location': {'street': {'number': 3341, 'name': 'Avondale Ave'}, 'city': 'Springfield', 'state': 'Arizona', 'country': 'United States', 'postcode': 90871, 'coordinates': {'latitude': '86.7965', 'longitude': '-107.7308'}, 'timezone': {'offset': '+9:00', 'description': 'Tokyo, Seoul, Osaka, Sapporo, Yakutsk'}}, 'email': 'maurice.obrien@example.com', 'login': {'uuid': 'bae50d0e-08df-4653-9b67-ca13d2100419', 'username': 'greenladybug828', 'password': 'poopoo', 'salt': 'bF27xuo2', 'md5': '5351a202b6d655f838bb6ef461841070', 'sha1': '569e74b1ec95fcd470a02f280e572a9961b93b2d', 'sha256': '700ea8a773b5a6e4f74ca3b7437f0735af7e42dc7652e6ada6b759135e2075d6'}, 'dob': {'date': '1980-05-10T09:01:19.412Z', 'age': 44}, 'registered': {'date': '2003-11-01T10:00:11.926Z', 'age': 20}, 'phone': '(810) 202-0660', 'cell': '(546) 550-6046', 'id': {'name': 'SSN', 'value': '128-14-9505'}, 'picture': {'large': 'https://randomuser.me/api/portraits/men/20.jpg', 'medium': 'https://randomuser.me/api/portraits/med/men/20.jpg', 'thumbnail': 'https://randomuser.me/api/portraits/thumb/men/20.jpg'}, 'nat': 'US'}</msg>
<arg>${json_data['results'][0]}</arg>
<doc>Logs the given message with the given level.</doc>
<status status="PASS" start="2024-05-30T03:16:30.400282" elapsed="0.000415"/>
</kw>
<kw name="Log" owner="BuiltIn">
<msg time="2024-05-30T03:16:30.401124" level="INFO">location</msg>
<arg>${key}</arg>
<doc>Logs the given message with the given level.</doc>
<status status="PASS" start="2024-05-30T03:16:30.400999" elapsed="0.000162"/>
</kw>
<var name="${key}">location</var>
<status status="PASS" start="2024-05-30T03:16:30.399450" elapsed="0.001923"/>
</iter>
<iter>
<kw name="Dictionary Should Contain Key" owner="Collections">
<msg time="2024-05-30T03:16:30.402039" level="INFO">False</msg>
<arg>${json_data['results'][0]}</arg>
<arg>${key}</arg>
<doc>Fails if ``key`` is not found from ``dictionary``.</doc>
<status status="PASS" start="2024-05-30T03:16:30.401661" elapsed="0.000415"/>
</kw>
<kw name="Log" owner="BuiltIn">
<msg time="2024-05-30T03:16:30.402723" level="INFO">{'gender': 'male', 'name': {'title': 'Mr', 'first': 'Maurice', 'last': 'Obrien'}, 'location': {'street': {'number': 3341, 'name': 'Avondale Ave'}, 'city': 'Springfield', 'state': 'Arizona', 'country': 'United States', 'postcode': 90871, 'coordinates': {'latitude': '86.7965', 'longitude': '-107.7308'}, 'timezone': {'offset': '+9:00', 'description': 'Tokyo, Seoul, Osaka, Sapporo, Yakutsk'}}, 'email': 'maurice.obrien@example.com', 'login': {'uuid': 'bae50d0e-08df-4653-9b67-ca13d2100419', 'username': 'greenladybug828', 'password': 'poopoo', 'salt': 'bF27xuo2', 'md5': '5351a202b6d655f838bb6ef461841070', 'sha1': '569e74b1ec95fcd470a02f280e572a9961b93b2d', 'sha256': '700ea8a773b5a6e4f74ca3b7437f0735af7e42dc7652e6ada6b759135e2075d6'}, 'dob': {'date': '1980-05-10T09:01:19.412Z', 'age': 44}, 'registered': {'date': '2003-11-01T10:00:11.926Z', 'age': 20}, 'phone': '(810) 202-0660', 'cell': '(546) 550-6046', 'id': {'name': 'SSN', 'value': '128-14-9505'}, 'picture': {'large': 'https://randomuser.me/api/portraits/men/20.jpg', 'medium': 'https://randomuser.me/api/portraits/med/men/20.jpg', 'thumbnail': 'https://randomuser.me/api/portraits/thumb/men/20.jpg'}, 'nat': 'US'}</msg>
<arg>${json_data['results'][0]}</arg>
<doc>Logs the given message with the given level.</doc>
<status status="PASS" start="2024-05-30T03:16:30.402367" elapsed="0.000404"/>
</kw>
<kw name="Log" owner="BuiltIn">
<msg time="2024-05-30T03:16:30.403184" level="INFO">email</msg>
<arg>${key}</arg>
<doc>Logs the given message with the given level.</doc>
<status status="PASS" start="2024-05-30T03:16:30.403059" elapsed="0.000163"/>
</kw>
<var name="${key}">email</var>
<status status="PASS" start="2024-05-30T03:16:30.401544" elapsed="0.001888"/>
</iter>
<iter>
<kw name="Dictionary Should Contain Key" owner="Collections">
<msg time="2024-05-30T03:16:30.404092" level="INFO">False</msg>
<arg>${json_data['results'][0]}</arg>
<arg>${key}</arg>
<doc>Fails if ``key`` is not found from ``dictionary``.</doc>
<status status="PASS" start="2024-05-30T03:16:30.403711" elapsed="0.000418"/>
</kw>
<kw name="Log" owner="BuiltIn">
<msg time="2024-05-30T03:16:30.404812" level="INFO">{'gender': 'male', 'name': {'title': 'Mr', 'first': 'Maurice', 'last': 'Obrien'}, 'location': {'street': {'number': 3341, 'name': 'Avondale Ave'}, 'city': 'Springfield', 'state': 'Arizona', 'country': 'United States', 'postcode': 90871, 'coordinates': {'latitude': '86.7965', 'longitude': '-107.7308'}, 'timezone': {'offset': '+9:00', 'description': 'Tokyo, Seoul, Osaka, Sapporo, Yakutsk'}}, 'email': 'maurice.obrien@example.com', 'login': {'uuid': 'bae50d0e-08df-4653-9b67-ca13d2100419', 'username': 'greenladybug828', 'password': 'poopoo', 'salt': 'bF27xuo2', 'md5': '5351a202b6d655f838bb6ef461841070', 'sha1': '569e74b1ec95fcd470a02f280e572a9961b93b2d', 'sha256': '700ea8a773b5a6e4f74ca3b7437f0735af7e42dc7652e6ada6b759135e2075d6'}, 'dob': {'date': '1980-05-10T09:01:19.412Z', 'age': 44}, 'registered': {'date': '2003-11-01T10:00:11.926Z', 'age': 20}, 'phone': '(810) 202-0660', 'cell': '(546) 550-6046', 'id': {'name': 'SSN', 'value': '128-14-9505'}, 'picture': {'large': 'https://randomuser.me/api/portraits/men/20.jpg', 'medium': 'https://randomuser.me/api/portraits/med/men/20.jpg', 'thumbnail': 'https://randomuser.me/api/portraits/thumb/men/20.jpg'}, 'nat': 'US'}</msg>
<arg>${json_data['results'][0]}</arg>
<doc>Logs the given message with the given level.</doc>
<status status="PASS" start="2024-05-30T03:16:30.404453" elapsed="0.000408"/>
</kw>
<kw name="Log" owner="BuiltIn">
<msg time="2024-05-30T03:16:30.405278" level="INFO">login</msg>
<arg>${key}</arg>
<doc>Logs the given message with the given level.</doc>
<status status="PASS" start="2024-05-30T03:16:30.405151" elapsed="0.000163"/>
</kw>
<var name="${key}">login</var>
<status status="PASS" start="2024-05-30T03:16:30.403602" elapsed="0.001955"/>
</iter>
<var>${key}</var>
<value>@{expected_keys}</value>
<status status="PASS" start="2024-05-30T03:16:30.395006" elapsed="0.010675"/>
</for>
<kw name="Create List" owner="BuiltIn">
<msg time="2024-05-30T03:16:30.406024" level="INFO">${expected_keysTwo} = ['username', 'password']</msg>
<var>${expected_keysTwo}</var>
<arg>username</arg>
<arg>password</arg>
<doc>Returns a list containing given items.</doc>
<status status="PASS" start="2024-05-30T03:16:30.405875" elapsed="0.000173"/>
</kw>
<for flavor="IN">
<iter>
<kw name="Dictionary Should Contain Key" owner="Collections">
<msg time="2024-05-30T03:16:30.406935" level="INFO">False</msg>
<arg>${json_data['results'][0]['login']}</arg>
<arg>${keyTwo}</arg>
<doc>Fails if ``key`` is not found from ``dictionary``.</doc>
<status status="PASS" start="2024-05-30T03:16:30.406544" elapsed="0.000428"/>
</kw>
<kw name="Dictionary Should Contain Key" owner="Collections">
<msg time="2024-05-30T03:16:30.407642" level="INFO">False</msg>
<arg>${json_data['results'][0]['login']}</arg>
<arg>${keyTwo}</arg>
<doc>Fails if ``key`` is not found from ``dictionary``.</doc>
<status status="PASS" start="2024-05-30T03:16:30.407263" elapsed="0.000416"/>
</kw>
<kw name="Log" owner="BuiltIn">
<msg time="2024-05-30T03:16:30.408091" level="INFO">username</msg>
<arg>${keyTwo}</arg>
<doc>Logs the given message with the given level.</doc>
<status status="PASS" start="2024-05-30T03:16:30.407969" elapsed="0.000159"/>
</kw>
<var name="${keyTwo}">username</var>
<status status="PASS" start="2024-05-30T03:16:30.406437" elapsed="0.001943"/>
</iter>
<iter>
<kw name="Dictionary Should Contain Key" owner="Collections">
<msg time="2024-05-30T03:16:30.409029" level="INFO">False</msg>
<arg>${json_data['results'][0]['login']}</arg>
<arg>${keyTwo}</arg>
<doc>Fails if ``key`` is not found from ``dictionary``.</doc>
<status status="PASS" start="2024-05-30T03:16:30.408662" elapsed="0.000403"/>
</kw>
<kw name="Dictionary Should Contain Key" owner="Collections">
<msg time="2024-05-30T03:16:30.409811" level="INFO">False</msg>
<arg>${json_data['results'][0]['login']}</arg>
<arg>${keyTwo}</arg>
<doc>Fails if ``key`` is not found from ``dictionary``.</doc>
<status status="PASS" start="2024-05-30T03:16:30.409356" elapsed="0.000494"/>
</kw>
<kw name="Log" owner="BuiltIn">
<msg time="2024-05-30T03:16:30.410270" level="INFO">password</msg>
<arg>${keyTwo}</arg>
<doc>Logs the given message with the given level.</doc>
<status status="PASS" start="2024-05-30T03:16:30.410144" elapsed="0.000162"/>
</kw>
<var name="${keyTwo}">password</var>
<status status="PASS" start="2024-05-30T03:16:30.408548" elapsed="0.001971"/>
</iter>
<var>${keyTwo}</var>
<value>@{expected_keysTwo}</value>
<status status="PASS" start="2024-05-30T03:16:30.406285" elapsed="0.004354"/>
</for>
<status status="PASS" start="2024-05-30T03:16:30.307519" elapsed="0.103263"/>
</kw>
<doc>Testa a estrutura da resposta da API.</doc>
<tag>testeEstruturaResposta</tag>
<status status="PASS" start="2024-05-30T03:16:30.306902" elapsed="0.104039"/>
</test>
<test id="s1-s1-t4" name="Validar tipos de dados" line="28">
<kw name="Teste de Tipos de Dados" owner="random-user-service">
<kw name="GET On Session" owner="RequestsLibrary">
<msg time="2024-05-30T03:16:30.509125" level="INFO">GET Request : url=https://randomuser.me/api 
 path_url=/api 
 headers={'User-Agent': 'python-requests/2.32.3', 'Accept-Encoding': 'gzip, deflate', 'Accept': '*/*', 'Connection': 'keep-alive'} 
 body=None 
 </msg>
<msg time="2024-05-30T03:16:30.509234" level="INFO">GET Response : url=https://randomuser.me/api 
 status=200, reason=OK 
 headers={'Date': 'Thu, 30 May 2024 03:16:30 GMT', 'Content-Type': 'application/json; charset=utf-8', 'Transfer-Encoding': 'chunked', 'Connection': 'keep-alive', 'X-Powered-By': 'Express', 'Access-Control-Allow-Origin': '*', 'Cache-Control': 'no-cache', 'ETag': 'W/"4aa-+oPpdk3iAG9gl2F5/X9EcZvWqn0"', 'Vary': 'Accept-Encoding', 'Content-Encoding': 'gzip', 'CF-Cache-Status': 'DYNAMIC', 'Report-To': '{"endpoints":[{"url":"https:\\/\\/a.nel.cloudflare.com\\/report\\/v4?s=mZNx6Kf3SwWpMAPbVpt4F1EsrUgYbroJHwF2XHIJvCE680StoCG6crnOW6MTw2W5aFhlfS2UTjPntTz4JBT3vRRoKZfjxFZwuFp20DB3oa361QzNroLajTaWjwh5kuNh"}],"group":"cf-nel","max_age":604800}', 'NEL': '{"success_fraction":0,"report_to":"cf-nel","max_age":604800}', 'Server': 'cloudflare', 'CF-RAY': '88bb90da1877238d-SJC', 'alt-svc': 'h3=":443"; ma=86400'} 
 body={"results":[{"gender":"female","name":{"title":"Ms","first":"Eléa","last":"Faure"},"location":{"street":{"number":6834,"name":"Rue du Bât-D'Argent"},"city":"Roubaix","state":"Alpes-Maritimes","country":"France","postcode":70090,"coordinates":{"latitude":"-17.8848","longitude":"105.2699"},"timezone":{"offset":"+3:00","description":"Baghdad, Riyadh, Moscow, St. Petersburg"}},"email":"elea.faure@example.com","login":{"uuid":"44c8acc0-af40-47a9-a9ac-fa8ccf9153d2","username":"smallzebra689","password":"pepsi1","salt":"9qdDPJ6L","md5":"69f9f9135a3990a1edbb0ce12d06a69e","sha1":"7fb8698732f41a7fcc11cceaa4584ecb2cc88a46","sha256":"daa66fa44fe05ce227a17b64f7ac90d7c55a03c921dafe61d2c4f8019f80c916"},"dob":{"date":"1974-09-26T23:15:48.513Z","age":49},"registered":{"date":"2018-02-14T21:04:17.182Z","age":6},"phone":"05-60-31-81-94","cell":"06-04-25-22-61","id":{"name":"INSEE","value":"2740829082635 90"},"picture":{"large":"https://randomuser.me/api/portraits/women/78.jpg","medium":"https://randomuser.me/api/portraits/med/women/78.jpg","thumbnail":"https://randomuser.me/api/portraits/thumb/women/78.jpg"},"nat":"FR"}],"info":{"seed":"cc78a340b7c6210c","results":1,"page":1,"version":"1.4"}} 
 </msg>
<msg time="2024-05-30T03:16:30.509320" level="INFO">/opt/hostedtoolcache/Python/3.12.3/x64/lib/python3.12/site-packages/urllib3/connectionpool.py:1103: InsecureRequestWarning: Unverified HTTPS request is being made to host 'randomuser.me'. Adding certificate verification is strongly advised. See: https://urllib3.readthedocs.io/en/latest/advanced-usage.html#tls-warnings
  warnings.warn(</msg>
<msg time="2024-05-30T03:16:30.509454" level="INFO">${response} = &lt;Response [200]&gt;</msg>
<var>${response}</var>
<arg>consultarAPI</arg>
<arg>/api</arg>
<doc>Sends a GET request on a previously created HTTP Session.</doc>
<status status="PASS" start="2024-05-30T03:16:30.413572" elapsed="0.095928"/>
</kw>
<kw name="Set Variable" owner="BuiltIn">
<msg time="2024-05-30T03:16:30.510569" level="INFO">${json_data} = {'results': [{'gender': 'female', 'name': {'title': 'Ms', 'first': 'Eléa', 'last': 'Faure'}, 'location': {'street': {'number': 6834, 'name': "Rue du Bât-D'Argent"}, 'city': 'Roubaix', 'state': 'Alpes-...</msg>
<var>${json_data}</var>
<arg>${response.json()}</arg>
<doc>Returns the given values which can then be assigned to a variables.</doc>
<status status="PASS" start="2024-05-30T03:16:30.510030" elapsed="0.000570"/>
</kw>
<kw name="Log" owner="BuiltIn">
<msg time="2024-05-30T03:16:30.511070" level="INFO">{'results': [{'gender': 'female', 'name': {'title': 'Ms', 'first': 'Eléa', 'last': 'Faure'}, 'location': {'street': {'number': 6834, 'name': "Rue du Bât-D'Argent"}, 'city': 'Roubaix', 'state': 'Alpes-Maritimes', 'country': 'France', 'postcode': 70090, 'coordinates': {'latitude': '-17.8848', 'longitude': '105.2699'}, 'timezone': {'offset': '+3:00', 'description': 'Baghdad, Riyadh, Moscow, St. Petersburg'}}, 'email': 'elea.faure@example.com', 'login': {'uuid': '44c8acc0-af40-47a9-a9ac-fa8ccf9153d2', 'username': 'smallzebra689', 'password': 'pepsi1', 'salt': '9qdDPJ6L', 'md5': '69f9f9135a3990a1edbb0ce12d06a69e', 'sha1': '7fb8698732f41a7fcc11cceaa4584ecb2cc88a46', 'sha256': 'daa66fa44fe05ce227a17b64f7ac90d7c55a03c921dafe61d2c4f8019f80c916'}, 'dob': {'date': '1974-09-26T23:15:48.513Z', 'age': 49}, 'registered': {'date': '2018-02-14T21:04:17.182Z', 'age': 6}, 'phone': '05-60-31-81-94', 'cell': '06-04-25-22-61', 'id': {'name': 'INSEE', 'value': '2740829082635 90'}, 'picture': {'large': 'https://randomuser.me/api/portraits/women/78.jpg', 'medium': 'https://randomuser.me/api/portraits/med/women/78.jpg', 'thumbnail': 'https://randomuser.me/api/portraits/thumb/women/78.jpg'}, 'nat': 'FR'}], 'info': {'seed': 'cc78a340b7c6210c', 'results': 1, 'page': 1, 'version': '1.4'}}</msg>
<arg>${json_data}</arg>
<doc>Logs the given message with the given level.</doc>
<status status="PASS" start="2024-05-30T03:16:30.510910" elapsed="0.000246"/>
</kw>
<kw name="Should Be String" owner="String">
<arg>${json_data['results'][0]['gender']}</arg>
<doc>Fails if the given ``item`` is not a string.</doc>
<status status="PASS" start="2024-05-30T03:16:30.511457" elapsed="0.000369"/>
</kw>
<kw name="Should Match Regexp" owner="BuiltIn">
<arg>${json_data['results'][0]['email']}</arg>
<arg>^[a-zA-Z0-9._%+-]+@[a-zA-Z0-9.-]+\.[a-zA-Z]{2,}$</arg>
<doc>Fails if ``string`` does not match ``pattern`` as a regular expression.</doc>
<status status="PASS" start="2024-05-30T03:16:30.512019" elapsed="0.000573"/>
</kw>
<kw name="Should Match Regexp" owner="BuiltIn">
<arg>${json_data['results'][0]['dob']['date']}</arg>
<arg>\\d{4}-\\d{2}-\\d{2}T\\d{2}:\\d{2}:\\d{2}\\.\\d{3}Z</arg>
<doc>Fails if ``string`` does not match ``pattern`` as a regular expression.</doc>
<status status="PASS" start="2024-05-30T03:16:30.512789" elapsed="0.000494"/>
</kw>
<kw name="Should Match Regexp" owner="BuiltIn">
<arg>${json_data['results'][0]['registered']['date']}</arg>
<arg>\\d{4}-\\d{2}-\\d{2}T\\d{2}:\\d{2}:\\d{2}\\.\\d{3}Z</arg>
<doc>Fails if ``string`` does not match ``pattern`` as a regular expression.</doc>
<status status="PASS" start="2024-05-30T03:16:30.513474" elapsed="0.000363"/>
</kw>
<kw name="Should Match Regexp" owner="BuiltIn">
<arg>${json_data['results'][0]['picture']['large']}</arg>
<arg>^https?://.*\.(?:png|jpe?g|gif|bmp)$</arg>
<doc>Fails if ``string`` does not match ``pattern`` as a regular expression.</doc>
<status status="PASS" start="2024-05-30T03:16:30.514023" elapsed="0.000462"/>
</kw>
<kw name="Should Match Regexp" owner="BuiltIn">
<arg>${json_data['results'][0]['picture']['medium']}</arg>
<arg>^https?://.*\.(?:png|jpe?g|gif|bmp)$</arg>
<doc>Fails if ``string`` does not match ``pattern`` as a regular expression.</doc>
<status status="PASS" start="2024-05-30T03:16:30.514674" elapsed="0.000347"/>
</kw>
<kw name="Should Match Regexp" owner="BuiltIn">
<arg>${json_data['results'][0]['picture']['thumbnail']}</arg>
<arg>^https?://.*\.(?:png|jpe?g|gif|bmp)$</arg>
<doc>Fails if ``string`` does not match ``pattern`` as a regular expression.</doc>
<status status="PASS" start="2024-05-30T03:16:30.515206" elapsed="0.000348"/>
</kw>
<kw name="Log" owner="BuiltIn">
<msg time="2024-05-30T03:16:30.516064" level="INFO">{'large': 'https://randomuser.me/api/portraits/women/78.jpg', 'medium': 'https://randomuser.me/api/portraits/med/women/78.jpg', 'thumbnail': 'https://randomuser.me/api/portraits/thumb/women/78.jpg'}</msg>
<arg>${json_data['results'][0]['picture']}</arg>
<doc>Logs the given message with the given level.</doc>
<status status="PASS" start="2024-05-30T03:16:30.515741" elapsed="0.000365"/>
</kw>
<status status="PASS" start="2024-05-30T03:16:30.413336" elapsed="0.103056"/>
</kw>
<kw name="Teste de Tipos de Dados - Postcode" owner="random-user-service">
<kw name="GET On Session" owner="RequestsLibrary">
<msg time="2024-05-30T03:16:30.605156" level="INFO">GET Request : url=https://randomuser.me/api 
 path_url=/api 
 headers={'User-Agent': 'python-requests/2.32.3', 'Accept-Encoding': 'gzip, deflate', 'Accept': '*/*', 'Connection': 'keep-alive'} 
 body=None 
 </msg>
<msg time="2024-05-30T03:16:30.605264" level="INFO">GET Response : url=https://randomuser.me/api 
 status=200, reason=OK 
 headers={'Date': 'Thu, 30 May 2024 03:16:30 GMT', 'Content-Type': 'application/json; charset=utf-8', 'Transfer-Encoding': 'chunked', 'Connection': 'keep-alive', 'X-Powered-By': 'Express', 'Access-Control-Allow-Origin': '*', 'Cache-Control': 'no-cache', 'ETag': 'W/"489-ZfWgbzJwnK0LMrIeIcV9+dn5gDs"', 'Vary': 'Accept-Encoding', 'Content-Encoding': 'gzip', 'CF-Cache-Status': 'DYNAMIC', 'Report-To': '{"endpoints":[{"url":"https:\\/\\/a.nel.cloudflare.com\\/report\\/v4?s=2ZeXtyVICbwM63pNPquYVrTQGTv%2Fr5llTiv%2FBQ4Ay8WBJlOw%2BWltn7a8C6pMW5OEQBeVI9pgpOOoN%2FAa%2BpKrY2x8tJHvll6V%2F9wS9jbZfnjNPOW4VFuVEhOOorA2O%2BZJ"}],"group":"cf-nel","max_age":604800}', 'NEL': '{"success_fraction":0,"report_to":"cf-nel","max_age":604800}', 'Server': 'cloudflare', 'CF-RAY': '88bb90dac8f6238d-SJC', 'alt-svc': 'h3=":443"; ma=86400'} 
 body={"results":[{"gender":"female","name":{"title":"Ms","first":"Peyton","last":"Robinson"},"location":{"street":{"number":5901,"name":"Northgate"},"city":"Lower Hutt","state":"Tasman","country":"New Zealand","postcode":34393,"coordinates":{"latitude":"50.7355","longitude":"87.8912"},"timezone":{"offset":"+2:00","description":"Kaliningrad, South Africa"}},"email":"peyton.robinson@example.com","login":{"uuid":"c9e8996c-44a3-410b-a169-4ee7983aee55","username":"purpleelephant890","password":"harley","salt":"qPnfaROe","md5":"b00e6f67d0a44e8dc60280a428a160da","sha1":"7da16f95cd2b75649dfaa1cfba4ef04898993d77","sha256":"80a0479d9f195555a00cdb97d275492da51d436a0a99089e7044cf382ca4f19b"},"dob":{"date":"1997-07-14T18:50:10.772Z","age":26},"registered":{"date":"2011-11-27T06:49:38.814Z","age":12},"phone":"(526)-993-3408","cell":"(130)-296-4776","id":{"name":"","value":null},"picture":{"large":"https://randomuser.me/api/portraits/women/56.jpg","medium":"https://randomuser.me/api/portraits/med/women/56.jpg","thumbnail":"https://randomuser.me/api/portraits/thumb/women/56.jpg"},"nat":"NZ"}],"info":{"seed":"1f90720f01d7bea9","results":1,"page":1,"version":"1.4"}} 
 </msg>
<msg time="2024-05-30T03:16:30.605343" level="INFO">/opt/hostedtoolcache/Python/3.12.3/x64/lib/python3.12/site-packages/urllib3/connectionpool.py:1103: InsecureRequestWarning: Unverified HTTPS request is being made to host 'randomuser.me'. Adding certificate verification is strongly advised. See: https://urllib3.readthedocs.io/en/latest/advanced-usage.html#tls-warnings
  warnings.warn(</msg>
<msg time="2024-05-30T03:16:30.605477" level="INFO">${response} = &lt;Response [200]&gt;</msg>
<var>${response}</var>
<arg>consultarAPI</arg>
<arg>/api</arg>
<doc>Sends a GET request on a previously created HTTP Session.</doc>
<status status="PASS" start="2024-05-30T03:16:30.516851" elapsed="0.088664"/>
</kw>
<kw name="Set Variable" owner="BuiltIn">
<msg time="2024-05-30T03:16:30.606599" level="INFO">${json_data} = {'results': [{'gender': 'female', 'name': {'title': 'Ms', 'first': 'Peyton', 'last': 'Robinson'}, 'location': {'street': {'number': 5901, 'name': 'Northgate'}, 'city': 'Lower Hutt', 'state': 'Tasman',...</msg>
<var>${json_data}</var>
<arg>${response.json()}</arg>
<doc>Returns the given values which can then be assigned to a variables.</doc>
<status status="PASS" start="2024-05-30T03:16:30.606070" elapsed="0.000558"/>
</kw>
<kw name="Log" owner="BuiltIn">
<msg time="2024-05-30T03:16:30.607098" level="INFO">{'results': [{'gender': 'female', 'name': {'title': 'Ms', 'first': 'Peyton', 'last': 'Robinson'}, 'location': {'street': {'number': 5901, 'name': 'Northgate'}, 'city': 'Lower Hutt', 'state': 'Tasman', 'country': 'New Zealand', 'postcode': 34393, 'coordinates': {'latitude': '50.7355', 'longitude': '87.8912'}, 'timezone': {'offset': '+2:00', 'description': 'Kaliningrad, South Africa'}}, 'email': 'peyton.robinson@example.com', 'login': {'uuid': 'c9e8996c-44a3-410b-a169-4ee7983aee55', 'username': 'purpleelephant890', 'password': 'harley', 'salt': 'qPnfaROe', 'md5': 'b00e6f67d0a44e8dc60280a428a160da', 'sha1': '7da16f95cd2b75649dfaa1cfba4ef04898993d77', 'sha256': '80a0479d9f195555a00cdb97d275492da51d436a0a99089e7044cf382ca4f19b'}, 'dob': {'date': '1997-07-14T18:50:10.772Z', 'age': 26}, 'registered': {'date': '2011-11-27T06:49:38.814Z', 'age': 12}, 'phone': '(526)-993-3408', 'cell': '(130)-296-4776', 'id': {'name': '', 'value': None}, 'picture': {'large': 'https://randomuser.me/api/portraits/women/56.jpg', 'medium': 'https://randomuser.me/api/portraits/med/women/56.jpg', 'thumbnail': 'https://randomuser.me/api/portraits/thumb/women/56.jpg'}, 'nat': 'NZ'}], 'info': {'seed': '1f90720f01d7bea9', 'results': 1, 'page': 1, 'version': '1.4'}}</msg>
<arg>${json_data}</arg>
<doc>Logs the given message with the given level.</doc>
<status status="PASS" start="2024-05-30T03:16:30.606943" elapsed="0.000238"/>
</kw>
<kw name="Should Be Equal As Numbers" owner="BuiltIn">
<arg>${json_data['results'][0]['location']['postcode']}</arg>
<arg>${json_data['results'][0]['location']['postcode']}</arg>
<doc>Fails if objects are unequal after converting them to real numbers.</doc>
<status status="PASS" start="2024-05-30T03:16:30.607490" elapsed="0.000829"/>
</kw>
<kw name="Log" owner="BuiltIn">
<msg time="2024-05-30T03:16:30.608870" level="INFO">34393</msg>
<arg>${json_data['results'][0]['location']['postcode']}</arg>
<doc>Logs the given message with the given level.</doc>
<status status="PASS" start="2024-05-30T03:16:30.608524" elapsed="0.000387"/>
</kw>
<status status="PASS" start="2024-05-30T03:16:30.516621" elapsed="0.092545"/>
</kw>
<doc>Testa se os tipos de dados na resposta da API estão corretos.</doc>
<tag>testeTiposDados</tag>
<status status="PASS" start="2024-05-30T03:16:30.412750" elapsed="0.196581"/>
</test>
<test id="s1-s1-t5" name="Validar conteudo" line="35">
<kw name="Teste de Tipos de Conteudo" owner="random-user-service">
<kw name="GET On Session" owner="RequestsLibrary">
<msg time="2024-05-30T03:16:30.707668" level="INFO">GET Request : url=https://randomuser.me/api 
 path_url=/api 
 headers={'User-Agent': 'python-requests/2.32.3', 'Accept-Encoding': 'gzip, deflate', 'Accept': '*/*', 'Connection': 'keep-alive'} 
 body=None 
 </msg>
<msg time="2024-05-30T03:16:30.707781" level="INFO">GET Response : url=https://randomuser.me/api 
 status=200, reason=OK 
 headers={'Date': 'Thu, 30 May 2024 03:16:30 GMT', 'Content-Type': 'application/json; charset=utf-8', 'Transfer-Encoding': 'chunked', 'Connection': 'keep-alive', 'X-Powered-By': 'Express', 'Access-Control-Allow-Origin': '*', 'Cache-Control': 'no-cache', 'ETag': 'W/"46c-bAbZPd6w2UdzSFf2WFjXiIQVOs0"', 'Vary': 'Accept-Encoding', 'Content-Encoding': 'gzip', 'CF-Cache-Status': 'DYNAMIC', 'Report-To': '{"endpoints":[{"url":"https:\\/\\/a.nel.cloudflare.com\\/report\\/v4?s=gDO2kSMrlDtB%2FmHMx%2F6782xLH84NlrE8NraAdtC7xbyrJZloClgodOWkXkrQ3o6pyZOyuw4nQWN6tR8pgI8Tmmlas9I3GSjz1QAIij0EX3j%2Bovm9bSUCiDd0IsDXWkGW"}],"group":"cf-nel","max_age":604800}', 'NEL': '{"success_fraction":0,"report_to":"cf-nel","max_age":604800}', 'Server': 'cloudflare', 'CF-RAY': '88bb90db5990238d-SJC', 'alt-svc': 'h3=":443"; ma=86400'} 
 body={"results":[{"gender":"female","name":{"title":"Ms","first":"Barb","last":"Ryan"},"location":{"street":{"number":8468,"name":"Alexander Road"},"city":"Wicklow","state":"Roscommon","country":"Ireland","postcode":76129,"coordinates":{"latitude":"1.7241","longitude":"15.7458"},"timezone":{"offset":"+4:30","description":"Kabul"}},"email":"barb.ryan@example.com","login":{"uuid":"2caad0fb-bd20-4af7-bb3d-042870b45fbc","username":"ticklishbird360","password":"clancy","salt":"1jbN0D8T","md5":"128c0911817a86028529cc47521b662b","sha1":"14872d2ddfa6719841aeaf8b42e3ce546b06b6db","sha256":"0b13b0b57365c14b0c3e219fee518e4e5e2dc0d726a5e0ee4425ee78ea5e2e96"},"dob":{"date":"1953-08-30T07:57:04.223Z","age":70},"registered":{"date":"2012-10-27T06:36:50.884Z","age":11},"phone":"011-723-9776","cell":"081-311-1052","id":{"name":"PPS","value":"9815693T"},"picture":{"large":"https://randomuser.me/api/portraits/women/43.jpg","medium":"https://randomuser.me/api/portraits/med/women/43.jpg","thumbnail":"https://randomuser.me/api/portraits/thumb/women/43.jpg"},"nat":"IE"}],"info":{"seed":"9de73aab6618117d","results":1,"page":1,"version":"1.4"}} 
 </msg>
<msg time="2024-05-30T03:16:30.707860" level="INFO">/opt/hostedtoolcache/Python/3.12.3/x64/lib/python3.12/site-packages/urllib3/connectionpool.py:1103: InsecureRequestWarning: Unverified HTTPS request is being made to host 'randomuser.me'. Adding certificate verification is strongly advised. See: https://urllib3.readthedocs.io/en/latest/advanced-usage.html#tls-warnings
  warnings.warn(</msg>
<msg time="2024-05-30T03:16:30.707981" level="INFO">${response} = &lt;Response [200]&gt;</msg>
<var>${response}</var>
<arg>consultarAPI</arg>
<arg>/api</arg>
<doc>Sends a GET request on a previously created HTTP Session.</doc>
<status status="PASS" start="2024-05-30T03:16:30.611787" elapsed="0.096224"/>
</kw>
<kw name="Set Variable" owner="BuiltIn">
<msg time="2024-05-30T03:16:30.709096" level="INFO">${json_data} = {'results': [{'gender': 'female', 'name': {'title': 'Ms', 'first': 'Barb', 'last': 'Ryan'}, 'location': {'street': {'number': 8468, 'name': 'Alexander Road'}, 'city': 'Wicklow', 'state': 'Roscommon', ...</msg>
<var>${json_data}</var>
<arg>${response.json()}</arg>
<doc>Returns the given values which can then be assigned to a variables.</doc>
<status status="PASS" start="2024-05-30T03:16:30.708580" elapsed="0.000544"/>
</kw>
<kw name="Set Variable" owner="BuiltIn">
<msg time="2024-05-30T03:16:30.709806" level="INFO">${name_title} = Ms</msg>
<var>${name_title}</var>
<arg>${json_data["results"][0]["name"]["title"]}</arg>
<doc>Returns the given values which can then be assigned to a variables.</doc>
<status status="PASS" start="2024-05-30T03:16:30.709431" elapsed="0.000401"/>
</kw>
<kw name="Create List" owner="BuiltIn">
<msg time="2024-05-30T03:16:30.710284" level="INFO">${allowed_titles} = ['Mr', 'Ms', 'Miss', 'Mrs', 'Madame', 'Monsieur']</msg>
<var>${allowed_titles}</var>
<arg>Mr</arg>
<arg>Ms</arg>
<arg>Miss</arg>
<arg>Mrs</arg>
<arg>Madame</arg>
<arg>Monsieur</arg>
<doc>Returns a list containing given items.</doc>
<status status="PASS" start="2024-05-30T03:16:30.710136" elapsed="0.000172"/>
</kw>
<kw name="List Should Contain Value" owner="Collections">
<msg time="2024-05-30T03:16:30.710786" level="INFO">False</msg>
<arg>${allowed_titles}</arg>
<arg>${name_title}</arg>
<doc>Fails if the ``value`` is not found from ``list``.</doc>
<status status="PASS" start="2024-05-30T03:16:30.710609" elapsed="0.000213"/>
</kw>
<kw name="Set Variable" owner="BuiltIn">
<msg time="2024-05-30T03:16:30.711478" level="INFO">${name_country} = IE</msg>
<var>${name_country}</var>
<arg>${json_data["results"][0]["nat"]}</arg>
<doc>Returns the given values which can then be assigned to a variables.</doc>
<status status="PASS" start="2024-05-30T03:16:30.711103" elapsed="0.000401"/>
</kw>
<kw name="Create List" owner="BuiltIn">
<msg time="2024-05-30T03:16:30.712454" level="INFO">${list_country} = ['AD', 'AE', 'AF', 'AG', 'AI', 'AL', 'AM', 'AO', 'AQ', 'AR', 'AS', 'AT', 'AU', 'AW', 'AX', 'AZ', 'BA', 'BB', 'BD', 'BE', 'BF', 'BG', 'BH', 'BI', 'BJ', 'BL', 'BM', 'BN', 'BO', 'BQ', 'BR', 'BS', 'BT', '...</msg>
<var>${list_country}</var>
<arg>AD</arg>
<arg>AE</arg>
<arg>AF</arg>
<arg>AG</arg>
<arg>AI</arg>
<arg>AL</arg>
<arg>AM</arg>
<arg>AO</arg>
<arg>AQ</arg>
<arg>AR</arg>
<arg>AS</arg>
<arg>AT</arg>
<arg>AU</arg>
<arg>AW</arg>
<arg>AX</arg>
<arg>AZ</arg>
<arg>BA</arg>
<arg>BB</arg>
<arg>BD</arg>
<arg>BE</arg>
<arg>BF</arg>
<arg>BG</arg>
<arg>BH</arg>
<arg>BI</arg>
<arg>BJ</arg>
<arg>BL</arg>
<arg>BM</arg>
<arg>BN</arg>
<arg>BO</arg>
<arg>BQ</arg>
<arg>BR</arg>
<arg>BS</arg>
<arg>BT</arg>
<arg>BV</arg>
<arg>BW</arg>
<arg>BY</arg>
<arg>BZ</arg>
<arg>CA</arg>
<arg>CC</arg>
<arg>CD</arg>
<arg>CF</arg>
<arg>CG</arg>
<arg>CH</arg>
<arg>CI</arg>
<arg>CK</arg>
<arg>CL</arg>
<arg>CM</arg>
<arg>CN</arg>
<arg>CO</arg>
<arg>CR</arg>
<arg>CU</arg>
<arg>CV</arg>
<arg>CW</arg>
<arg>CX</arg>
<arg>CY</arg>
<arg>CZ</arg>
<arg>DE</arg>
<arg>DJ</arg>
<arg>DK</arg>
<arg>DM</arg>
<arg>DO</arg>
<arg>DZ</arg>
<arg>EC</arg>
<arg>EE</arg>
<arg>EG</arg>
<arg>EH</arg>
<arg>ER</arg>
<arg>ES</arg>
<arg>ET</arg>
<arg>FI</arg>
<arg>FJ</arg>
<arg>FK</arg>
<arg>FM</arg>
<arg>FO</arg>
<arg>FR</arg>
<arg>GA</arg>
<arg>GB</arg>
<arg>GD</arg>
<arg>GE</arg>
<arg>GF</arg>
<arg>GG</arg>
<arg>GH</arg>
<arg>GI</arg>
<arg>GL</arg>
<arg>GM</arg>
<arg>GN</arg>
<arg>GP</arg>
<arg>GQ</arg>
<arg>GR</arg>
<arg>GS</arg>
<arg>GT</arg>
<arg>GU</arg>
<arg>GW</arg>
<arg>GY</arg>
<arg>HK</arg>
<arg>HM</arg>
<arg>HN</arg>
<arg>HR</arg>
<arg>HT</arg>
<arg>HU</arg>
<arg>ID</arg>
<arg>IE</arg>
<arg>IL</arg>
<arg>IM</arg>
<arg>IN</arg>
<arg>IO</arg>
<arg>IQ</arg>
<arg>IR</arg>
<arg>IS</arg>
<arg>IT</arg>
<arg>JE</arg>
<arg>JM</arg>
<arg>JO</arg>
<arg>JP</arg>
<arg>KE</arg>
<arg>KG</arg>
<arg>KH</arg>
<arg>KI</arg>
<arg>KM</arg>
<arg>KN</arg>
<arg>KP</arg>
<arg>KR</arg>
<arg>KW</arg>
<arg>KY</arg>
<arg>KZ</arg>
<arg>LA</arg>
<arg>LB</arg>
<arg>LC</arg>
<arg>LI</arg>
<arg>LK</arg>
<arg>LR</arg>
<arg>LS</arg>
<arg>LT</arg>
<arg>LU</arg>
<arg>LV</arg>
<arg>LY</arg>
<arg>MA</arg>
<arg>MC</arg>
<arg>MD</arg>
<arg>ME</arg>
<arg>MF</arg>
<arg>MG</arg>
<arg>MH</arg>
<arg>MK</arg>
<arg>ML</arg>
<arg>MM</arg>
<arg>MN</arg>
<arg>MO</arg>
<arg>MP</arg>
<arg>MQ</arg>
<arg>MR</arg>
<arg>MS</arg>
<arg>MT</arg>
<arg>MU</arg>
<arg>MV</arg>
<arg>MW</arg>
<arg>MX</arg>
<arg>MY</arg>
<arg>MZ</arg>
<arg>NA</arg>
<arg>NC</arg>
<arg>NE</arg>
<arg>NF</arg>
<arg>NG</arg>
<arg>NI</arg>
<arg>NL</arg>
<arg>NO</arg>
<arg>NP</arg>
<arg>NR</arg>
<arg>NU</arg>
<arg>NZ</arg>
<arg>OM</arg>
<arg>PA</arg>
<arg>PE</arg>
<arg>PF</arg>
<arg>PG</arg>
<arg>PH</arg>
<arg>PK</arg>
<arg>PL</arg>
<arg>PM</arg>
<arg>PN</arg>
<arg>PR</arg>
<arg>PS</arg>
<arg>PT</arg>
<arg>PW</arg>
<arg>PY</arg>
<arg>QA</arg>
<arg>RE</arg>
<arg>RO</arg>
<arg>RS</arg>
<arg>RU</arg>
<arg>RW</arg>
<arg>SA</arg>
<arg>SB</arg>
<arg>SC</arg>
<arg>SD</arg>
<arg>SE</arg>
<arg>SG</arg>
<arg>SH</arg>
<arg>SI</arg>
<arg>SJ</arg>
<arg>SK</arg>
<arg>SL</arg>
<arg>SM</arg>
<arg>SN</arg>
<arg>SO</arg>
<arg>SR</arg>
<arg>SS</arg>
<arg>ST</arg>
<arg>SV</arg>
<arg>SX</arg>
<arg>SY</arg>
<arg>SZ</arg>
<arg>TC</arg>
<arg>TD</arg>
<arg>TF</arg>
<arg>TG</arg>
<arg>TH</arg>
<arg>TJ</arg>
<arg>TK</arg>
<arg>TL</arg>
<arg>TM</arg>
<arg>TN</arg>
<arg>TO</arg>
<arg>TR</arg>
<arg>TT</arg>
<arg>TV</arg>
<arg>TW</arg>
<arg>TZ</arg>
<arg>UA</arg>
<arg>UG</arg>
<arg>UM</arg>
<arg>US</arg>
<arg>UY</arg>
<arg>UZ</arg>
<arg>VA</arg>
<arg>VC</arg>
<arg>VE</arg>
<arg>VG</arg>
<arg>VI</arg>
<arg>VN</arg>
<arg>VU</arg>
<arg>WF</arg>
<arg>WS</arg>
<arg>XK</arg>
<arg>YE</arg>
<arg>YT</arg>
<arg>ZA</arg>
<arg>ZM</arg>
<arg>ZW</arg>
<doc>Returns a list containing given items.</doc>
<status status="PASS" start="2024-05-30T03:16:30.711803" elapsed="0.000678"/>
</kw>
<kw name="List Should Contain Value" owner="Collections">
<msg time="2024-05-30T03:16:30.713482" level="INFO">False</msg>
<arg>${list_country}</arg>
<arg>${name_country}</arg>
<doc>Fails if the ``value`` is not found from ``list``.</doc>
<status status="PASS" start="2024-05-30T03:16:30.713272" elapsed="0.000247"/>
</kw>
<kw name="Run Keyword If" owner="BuiltIn">
<kw name="Should Be True" owner="BuiltIn">
<arg>${True}</arg>
<doc>Fails if the given condition is not true.</doc>
<status status="PASS" start="2024-05-30T03:16:30.714566" elapsed="0.000144"/>
</kw>
<arg>${json_data["results"][0]["location"]["coordinates"]["latitude"]} &gt;= -90 and ${json_data["results"][0]["location"]["coordinates"]["latitude"]} &lt;= 90</arg>
<arg>Should Be True</arg>
<arg>${True}</arg>
<doc>Runs the given keyword with the given arguments, if ``condition`` is true.</doc>
<status status="PASS" start="2024-05-30T03:16:30.713826" elapsed="0.001009"/>
</kw>
<kw name="Run Keyword If" owner="BuiltIn">
<kw name="Should Be True" owner="BuiltIn">
<arg>${True}</arg>
<doc>Fails if the given condition is not true.</doc>
<status status="PASS" start="2024-05-30T03:16:30.715709" elapsed="0.000273"/>
</kw>
<arg>${json_data["results"][0]["location"]["coordinates"]["longitude"]} &gt;= -180 and ${json_data["results"][0]["location"]["coordinates"]["longitude"]} &lt;= 180</arg>
<arg>Should Be True</arg>
<arg>${True}</arg>
<doc>Runs the given keyword with the given arguments, if ``condition`` is true.</doc>
<status status="PASS" start="2024-05-30T03:16:30.715018" elapsed="0.001089"/>
</kw>
<status status="PASS" start="2024-05-30T03:16:30.611559" elapsed="0.104703"/>
</kw>
<doc>Testa o conteúdo específico dos campos retornados pela API.</doc>
<tag>testeConteudo</tag>
<status status="PASS" start="2024-05-30T03:16:30.611088" elapsed="0.105335"/>
</test>
<status status="PASS" start="2024-05-30T03:16:29.471760" elapsed="1.246620"/>
</suite>
<status status="PASS" start="2024-05-30T03:16:29.452785" elapsed="1.270769"/>
</suite>
<statistics>
<total>
<stat pass="5" fail="0" skip="0">All Tests</stat>
</total>
<tag>
<stat pass="1" fail="0" skip="0">testeConteudo</stat>
<stat pass="1" fail="0" skip="0">testeEstruturaResposta</stat>
<stat pass="1" fail="0" skip="0">testeRequisicaoBasica</stat>
<stat pass="1" fail="0" skip="0">testeTiposDados</stat>
</tag>
<suite>
<stat pass="5" fail="0" skip="0" id="s1" name="Tests">Tests</stat>
<stat pass="5" fail="0" skip="0" id="s1-s1" name="Random-User-Test">Tests.Random-User-Test</stat>
</suite>
</statistics>
<errors>
</errors>
</robot>
