<?xml version="1.0" encoding="UTF-8"?>
<robot generator="Robot 7.0 (Python 3.12.3 on linux)" generated="2024-04-26T08:17:48.294339" rpa="false" schemaversion="5">
<suite id="s1" name="Tests" source="/home/runner/work/DesafioQAItauRogerioJordao/DesafioQAItauRogerioJordao/RamdonUser/tests">
<suite id="s1-s1" name="Random-User-Test" source="/home/runner/work/DesafioQAItauRogerioJordao/DesafioQAItauRogerioJordao/RamdonUser/tests/random-user-test.robot">
<test id="s1-s1-t1" name="Conectar" line="13">
<kw name="Conectar API" owner="random-user-service">
<kw name="Create Session" owner="RequestsLibrary">
<msg time="2024-04-26T08:17:48.699640" level="INFO">Creating Session using : alias=consultarAPI, url=https://randomuser.me/, headers={},                     cookies={}, auth=None, timeout=None, proxies=None, verify=False,                     debug=0 </msg>
<arg>consultarAPI</arg>
<arg>${URL}</arg>
<doc>Create Session: create a HTTP session to a server</doc>
<status status="PASS" start="2024-04-26T08:17:48.699427" elapsed="0.000406"/>
</kw>
<status status="PASS" start="2024-04-26T08:17:48.698388" elapsed="0.001831"/>
</kw>
<status status="PASS" start="2024-04-26T08:17:48.697716" elapsed="0.002717"/>
</test>
<test id="s1-s1-t2" name="Validar retorno 200 e JSON Válido" line="16">
<kw name="Teste de Requisicao Basica" owner="random-user-service">
<kw name="GET On Session" owner="RequestsLibrary">
<msg time="2024-04-26T08:17:48.984164" level="INFO">GET Request : url=https://randomuser.me/api 
 path_url=/api 
 headers={'User-Agent': 'python-requests/2.31.0', 'Accept-Encoding': 'gzip, deflate', 'Accept': '*/*', 'Connection': 'keep-alive'} 
 body=None 
 </msg>
<msg time="2024-04-26T08:17:48.984349" level="INFO">GET Response : url=https://randomuser.me/api 
 status=200, reason=OK 
 headers={'Date': 'Fri, 26 Apr 2024 08:17:48 GMT', 'Content-Type': 'application/json; charset=utf-8', 'Transfer-Encoding': 'chunked', 'Connection': 'keep-alive', 'X-Powered-By': 'Express', 'Access-Control-Allow-Origin': '*', 'Cache-Control': 'no-cache', 'ETag': 'W/"481-mZ8En4BC56fuoaD6VAr6H3zenw0"', 'Vary': 'Accept-Encoding', 'Content-Encoding': 'gzip', 'CF-Cache-Status': 'DYNAMIC', 'Report-To': '{"endpoints":[{"url":"https:\\/\\/a.nel.cloudflare.com\\/report\\/v4?s=aJ%2F6uxFt3%2BRSPXRSe76yW9wulyVm32QrToAmWPXKYqCF9CmQ0pPmvRAGQ7YU8%2F3iVdr8bGWP%2F%2FVyo%2BdRg2YkiuJGKm2kNlDzHCRap4CcNFhCVDvzsqjU16Xvev6RERar"}],"group":"cf-nel","max_age":604800}', 'NEL': '{"success_fraction":0,"report_to":"cf-nel","max_age":604800}', 'Server': 'cloudflare', 'CF-RAY': '87a523789cdc7c35-LAX', 'alt-svc': 'h3=":443"; ma=86400'} 
 body={"results":[{"gender":"female","name":{"title":"Mrs","first":"Hivrya","last":"Novakivskiy"},"location":{"street":{"number":6081,"name":"Staromostova ploshcha"},"city":"Balta","state":"Chernivecka","country":"Ukraine","postcode":43142,"coordinates":{"latitude":"79.4306","longitude":"99.6037"},"timezone":{"offset":"-2:00","description":"Mid-Atlantic"}},"email":"hivrya.novakivskiy@example.com","login":{"uuid":"e9969d0f-548b-4213-ab0a-12c60c82cb78","username":"purplecat251","password":"7894","salt":"rGSjfm6T","md5":"6815ea5530e40c181ae57afadc7e4c49","sha1":"362c6e1a651ac1aed8ea0cf505a93ea7b010a4f6","sha256":"ab7d792ad39bff5c0e26d049d4c63cbf9202002b4d807d1e6b77b7c1f52888c2"},"dob":{"date":"1989-05-22T20:28:52.183Z","age":34},"registered":{"date":"2010-01-05T16:35:15.009Z","age":14},"phone":"(098) N17-7453","cell":"(066) J09-7952","id":{"name":"","value":null},"picture":{"large":"https://randomuser.me/api/portraits/women/1.jpg","medium":"https://randomuser.me/api/portraits/med/women/1.jpg","thumbnail":"https://randomuser.me/api/portraits/thumb/women/1.jpg"},"nat":"UA"}],"info":{"seed":"60cd40d5f69c7bde","results":1,"page":1,"version":"1.4"}} 
 </msg>
<msg time="2024-04-26T08:17:48.984506" level="INFO">/opt/hostedtoolcache/Python/3.12.3/x64/lib/python3.12/site-packages/urllib3/connectionpool.py:1103: InsecureRequestWarning: Unverified HTTPS request is being made to host 'randomuser.me'. Adding certificate verification is strongly advised. See: https://urllib3.readthedocs.io/en/latest/advanced-usage.html#tls-warnings
  warnings.warn(</msg>
<msg time="2024-04-26T08:17:48.984728" level="INFO">${response} = &lt;Response [200]&gt;</msg>
<var>${response}</var>
<arg>consultarAPI</arg>
<arg>/api</arg>
<doc>Sends a GET request on a previously created HTTP Session.</doc>
<status status="PASS" start="2024-04-26T08:17:48.703445" elapsed="0.281364"/>
</kw>
<kw name="Should Be Equal As Numbers" owner="BuiltIn">
<msg time="2024-04-26T08:17:48.986258" level="INFO">Argument types are:
&lt;class 'int'&gt;
&lt;class 'str'&gt;</msg>
<arg>${response.status_code}</arg>
<arg>200</arg>
<doc>Fails if objects are unequal after converting them to real numbers.</doc>
<status status="PASS" start="2024-04-26T08:17:48.985616" elapsed="0.000733"/>
</kw>
<kw name="Log" owner="BuiltIn">
<msg time="2024-04-26T08:17:48.987399" level="INFO">200</msg>
<arg>${response.status_code}</arg>
<doc>Logs the given message with the given level.</doc>
<status status="PASS" start="2024-04-26T08:17:48.986842" elapsed="0.000620"/>
</kw>
<kw name="Set Variable" owner="BuiltIn">
<msg time="2024-04-26T08:17:48.988629" level="INFO">${json_data} = {'results': [{'gender': 'female', 'name': {'title': 'Mrs', 'first': 'Hivrya', 'last': 'Novakivskiy'}, 'location': {'street': {'number': 6081, 'name': 'Staromostova ploshcha'}, 'city': 'Balta', 'state'...</msg>
<var>${json_data}</var>
<arg>${response.json()}</arg>
<doc>Returns the given values which can then be assigned to a variables.</doc>
<status status="PASS" start="2024-04-26T08:17:48.987901" elapsed="0.000765"/>
</kw>
<kw name="Dictionary Should Contain Key" owner="Collections">
<msg time="2024-04-26T08:17:48.989257" level="INFO">False</msg>
<arg>${json_data}</arg>
<arg>results</arg>
<doc>Fails if ``key`` is not found from ``dictionary``.</doc>
<status status="PASS" start="2024-04-26T08:17:48.989050" elapsed="0.000256"/>
</kw>
<status status="PASS" start="2024-04-26T08:17:48.703178" elapsed="0.286456"/>
</kw>
<doc>Testa se a API responde corretamente e retorna um objeto JSON válido.</doc>
<tag>testeRequisicaoBasica</tag>
<status status="PASS" start="2024-04-26T08:17:48.702594" elapsed="0.287264"/>
</test>
<test id="s1-s1-t3" name="Validar estrutura de resposta" line="22">
<kw name="Teste de Estrutura de Resposta" owner="random-user-service">
<kw name="GET On Session" owner="RequestsLibrary">
<msg time="2024-04-26T08:17:49.088259" level="INFO">GET Request : url=https://randomuser.me/api 
 path_url=/api 
 headers={'User-Agent': 'python-requests/2.31.0', 'Accept-Encoding': 'gzip, deflate', 'Accept': '*/*', 'Connection': 'keep-alive'} 
 body=None 
 </msg>
<msg time="2024-04-26T08:17:49.088341" level="INFO">GET Response : url=https://randomuser.me/api 
 status=200, reason=OK 
 headers={'Date': 'Fri, 26 Apr 2024 08:17:49 GMT', 'Content-Type': 'application/json; charset=utf-8', 'Transfer-Encoding': 'chunked', 'Connection': 'keep-alive', 'X-Powered-By': 'Express', 'Access-Control-Allow-Origin': '*', 'Cache-Control': 'no-cache', 'ETag': 'W/"496-6AJeQ/YdvqXejNZtvVtfWLzZVEI"', 'Vary': 'Accept-Encoding', 'Content-Encoding': 'gzip', 'CF-Cache-Status': 'DYNAMIC', 'Report-To': '{"endpoints":[{"url":"https:\\/\\/a.nel.cloudflare.com\\/report\\/v4?s=v2qS9zGLz4sjmz6GGTgjrIWfvLWTa3LpeUzAI2MkYlPtual53oJpKLAC4lXQFl6N5B6GSArK06RHs6mCZaubMeWLkYx5gDml0KEsrKcGqNynq78bgXPYvg9mKh99ZFv7"}],"group":"cf-nel","max_age":604800}', 'NEL': '{"success_fraction":0,"report_to":"cf-nel","max_age":604800}', 'Server': 'cloudflare', 'CF-RAY': '87a523793d357c35-LAX', 'alt-svc': 'h3=":443"; ma=86400'} 
 body={"results":[{"gender":"male","name":{"title":"Mr","first":"Leo","last":"Paavola"},"location":{"street":{"number":9457,"name":"Aleksanterinkatu"},"city":"Mikkeli","state":"South Karelia","country":"Finland","postcode":29018,"coordinates":{"latitude":"-26.4071","longitude":"-42.9332"},"timezone":{"offset":"+4:00","description":"Abu Dhabi, Muscat, Baku, Tbilisi"}},"email":"leo.paavola@example.com","login":{"uuid":"8a9f08b3-7d08-4f45-bd06-c826de47feea","username":"angrygorilla783","password":"sisters","salt":"D2aH0swo","md5":"f2568e4b68914d8cbc217597a7c42406","sha1":"64df5c67c24e4566cda12231446a4c7746e78913","sha256":"92a1f69af1c3dbbabcb093ca799244edcf935f258bc23dace5992986caa1fc4f"},"dob":{"date":"1974-07-07T21:09:10.503Z","age":49},"registered":{"date":"2005-06-26T20:53:43.783Z","age":18},"phone":"08-824-998","cell":"046-704-57-78","id":{"name":"HETU","value":"NaNNA617undefined"},"picture":{"large":"https://randomuser.me/api/portraits/men/41.jpg","medium":"https://randomuser.me/api/portraits/med/men/41.jpg","thumbnail":"https://randomuser.me/api/portraits/thumb/men/41.jpg"},"nat":"FI"}],"info":{"seed":"def166a68af9d7f3","results":1,"page":1,"version":"1.4"}} 
 </msg>
<msg time="2024-04-26T08:17:49.088460" level="INFO">/opt/hostedtoolcache/Python/3.12.3/x64/lib/python3.12/site-packages/urllib3/connectionpool.py:1103: InsecureRequestWarning: Unverified HTTPS request is being made to host 'randomuser.me'. Adding certificate verification is strongly advised. See: https://urllib3.readthedocs.io/en/latest/advanced-usage.html#tls-warnings
  warnings.warn(</msg>
<msg time="2024-04-26T08:17:49.088606" level="INFO">${response} = &lt;Response [200]&gt;</msg>
<var>${response}</var>
<arg>consultarAPI</arg>
<arg>/api</arg>
<doc>Sends a GET request on a previously created HTTP Session.</doc>
<status status="PASS" start="2024-04-26T08:17:48.993249" elapsed="0.095401"/>
</kw>
<kw name="Set Variable" owner="BuiltIn">
<msg time="2024-04-26T08:17:49.089645" level="INFO">${json_data} = {'results': [{'gender': 'male', 'name': {'title': 'Mr', 'first': 'Leo', 'last': 'Paavola'}, 'location': {'street': {'number': 9457, 'name': 'Aleksanterinkatu'}, 'city': 'Mikkeli', 'state': 'South Kare...</msg>
<var>${json_data}</var>
<arg>${response.json()}</arg>
<doc>Returns the given values which can then be assigned to a variables.</doc>
<status status="PASS" start="2024-04-26T08:17:49.089095" elapsed="0.000583"/>
</kw>
<kw name="Log" owner="BuiltIn">
<msg time="2024-04-26T08:17:49.090203" level="INFO">{'results': [{'gender': 'male', 'name': {'title': 'Mr', 'first': 'Leo', 'last': 'Paavola'}, 'location': {'street': {'number': 9457, 'name': 'Aleksanterinkatu'}, 'city': 'Mikkeli', 'state': 'South Karelia', 'country': 'Finland', 'postcode': 29018, 'coordinates': {'latitude': '-26.4071', 'longitude': '-42.9332'}, 'timezone': {'offset': '+4:00', 'description': 'Abu Dhabi, Muscat, Baku, Tbilisi'}}, 'email': 'leo.paavola@example.com', 'login': {'uuid': '8a9f08b3-7d08-4f45-bd06-c826de47feea', 'username': 'angrygorilla783', 'password': 'sisters', 'salt': 'D2aH0swo', 'md5': 'f2568e4b68914d8cbc217597a7c42406', 'sha1': '64df5c67c24e4566cda12231446a4c7746e78913', 'sha256': '92a1f69af1c3dbbabcb093ca799244edcf935f258bc23dace5992986caa1fc4f'}, 'dob': {'date': '1974-07-07T21:09:10.503Z', 'age': 49}, 'registered': {'date': '2005-06-26T20:53:43.783Z', 'age': 18}, 'phone': '08-824-998', 'cell': '046-704-57-78', 'id': {'name': 'HETU', 'value': 'NaNNA617undefined'}, 'picture': {'large': 'https://randomuser.me/api/portraits/men/41.jpg', 'medium': 'https://randomuser.me/api/portraits/med/men/41.jpg', 'thumbnail': 'https://randomuser.me/api/portraits/thumb/men/41.jpg'}, 'nat': 'FI'}], 'info': {'seed': 'def166a68af9d7f3', 'results': 1, 'page': 1, 'version': '1.4'}}</msg>
<arg>${json_data}</arg>
<doc>Logs the given message with the given level.</doc>
<status status="PASS" start="2024-04-26T08:17:49.090027" elapsed="0.000233"/>
</kw>
<kw name="Dictionary Should Contain Key" owner="Collections">
<msg time="2024-04-26T08:17:49.090770" level="INFO">False</msg>
<arg>${json_data}</arg>
<arg>results</arg>
<doc>Fails if ``key`` is not found from ``dictionary``.</doc>
<status status="PASS" start="2024-04-26T08:17:49.090596" elapsed="0.000216"/>
</kw>
<kw name="Should Not Be Empty" owner="BuiltIn">
<msg time="2024-04-26T08:17:49.091291" level="INFO">Length is 2.</msg>
<arg>${json_data}</arg>
<doc>Verifies that the given item is not empty.</doc>
<status status="PASS" start="2024-04-26T08:17:49.091142" elapsed="0.000194"/>
</kw>
<kw name="Create List" owner="BuiltIn">
<msg time="2024-04-26T08:17:49.091984" level="INFO">${expected_keys} = ['gender', 'name', 'location', 'email', 'login']</msg>
<var>${expected_keys}</var>
<arg>gender</arg>
<arg>name</arg>
<arg>location</arg>
<arg>email</arg>
<arg>login</arg>
<doc>Returns a list containing given items.</doc>
<status status="PASS" start="2024-04-26T08:17:49.091667" elapsed="0.000345"/>
</kw>
<for flavor="IN">
<iter>
<kw name="Dictionary Should Contain Key" owner="Collections">
<msg time="2024-04-26T08:17:49.093153" level="INFO">False</msg>
<arg>${json_data['results'][0]}</arg>
<arg>${key}</arg>
<doc>Fails if ``key`` is not found from ``dictionary``.</doc>
<status status="PASS" start="2024-04-26T08:17:49.092705" elapsed="0.000492"/>
</kw>
<kw name="Log" owner="BuiltIn">
<msg time="2024-04-26T08:17:49.093950" level="INFO">{'gender': 'male', 'name': {'title': 'Mr', 'first': 'Leo', 'last': 'Paavola'}, 'location': {'street': {'number': 9457, 'name': 'Aleksanterinkatu'}, 'city': 'Mikkeli', 'state': 'South Karelia', 'country': 'Finland', 'postcode': 29018, 'coordinates': {'latitude': '-26.4071', 'longitude': '-42.9332'}, 'timezone': {'offset': '+4:00', 'description': 'Abu Dhabi, Muscat, Baku, Tbilisi'}}, 'email': 'leo.paavola@example.com', 'login': {'uuid': '8a9f08b3-7d08-4f45-bd06-c826de47feea', 'username': 'angrygorilla783', 'password': 'sisters', 'salt': 'D2aH0swo', 'md5': 'f2568e4b68914d8cbc217597a7c42406', 'sha1': '64df5c67c24e4566cda12231446a4c7746e78913', 'sha256': '92a1f69af1c3dbbabcb093ca799244edcf935f258bc23dace5992986caa1fc4f'}, 'dob': {'date': '1974-07-07T21:09:10.503Z', 'age': 49}, 'registered': {'date': '2005-06-26T20:53:43.783Z', 'age': 18}, 'phone': '08-824-998', 'cell': '046-704-57-78', 'id': {'name': 'HETU', 'value': 'NaNNA617undefined'}, 'picture': {'large': 'https://randomuser.me/api/portraits/men/41.jpg', 'medium': 'https://randomuser.me/api/portraits/med/men/41.jpg', 'thumbnail': 'https://randomuser.me/api/portraits/thumb/men/41.jpg'}, 'nat': 'FI'}</msg>
<arg>${json_data['results'][0]}</arg>
<doc>Logs the given message with the given level.</doc>
<status status="PASS" start="2024-04-26T08:17:49.093544" elapsed="0.000460"/>
</kw>
<kw name="Log" owner="BuiltIn">
<msg time="2024-04-26T08:17:49.094477" level="INFO">gender</msg>
<arg>${key}</arg>
<doc>Logs the given message with the given level.</doc>
<status status="PASS" start="2024-04-26T08:17:49.094334" elapsed="0.000185"/>
</kw>
<var name="${key}">gender</var>
<status status="PASS" start="2024-04-26T08:17:49.092549" elapsed="0.002208"/>
</iter>
<iter>
<kw name="Dictionary Should Contain Key" owner="Collections">
<msg time="2024-04-26T08:17:49.095529" level="INFO">False</msg>
<arg>${json_data['results'][0]}</arg>
<arg>${key}</arg>
<doc>Fails if ``key`` is not found from ``dictionary``.</doc>
<status status="PASS" start="2024-04-26T08:17:49.095093" elapsed="0.000478"/>
</kw>
<kw name="Log" owner="BuiltIn">
<msg time="2024-04-26T08:17:49.096335" level="INFO">{'gender': 'male', 'name': {'title': 'Mr', 'first': 'Leo', 'last': 'Paavola'}, 'location': {'street': {'number': 9457, 'name': 'Aleksanterinkatu'}, 'city': 'Mikkeli', 'state': 'South Karelia', 'country': 'Finland', 'postcode': 29018, 'coordinates': {'latitude': '-26.4071', 'longitude': '-42.9332'}, 'timezone': {'offset': '+4:00', 'description': 'Abu Dhabi, Muscat, Baku, Tbilisi'}}, 'email': 'leo.paavola@example.com', 'login': {'uuid': '8a9f08b3-7d08-4f45-bd06-c826de47feea', 'username': 'angrygorilla783', 'password': 'sisters', 'salt': 'D2aH0swo', 'md5': 'f2568e4b68914d8cbc217597a7c42406', 'sha1': '64df5c67c24e4566cda12231446a4c7746e78913', 'sha256': '92a1f69af1c3dbbabcb093ca799244edcf935f258bc23dace5992986caa1fc4f'}, 'dob': {'date': '1974-07-07T21:09:10.503Z', 'age': 49}, 'registered': {'date': '2005-06-26T20:53:43.783Z', 'age': 18}, 'phone': '08-824-998', 'cell': '046-704-57-78', 'id': {'name': 'HETU', 'value': 'NaNNA617undefined'}, 'picture': {'large': 'https://randomuser.me/api/portraits/men/41.jpg', 'medium': 'https://randomuser.me/api/portraits/med/men/41.jpg', 'thumbnail': 'https://randomuser.me/api/portraits/thumb/men/41.jpg'}, 'nat': 'FI'}</msg>
<arg>${json_data['results'][0]}</arg>
<doc>Logs the given message with the given level.</doc>
<status status="PASS" start="2024-04-26T08:17:49.095933" elapsed="0.000456"/>
</kw>
<kw name="Log" owner="BuiltIn">
<msg time="2024-04-26T08:17:49.096898" level="INFO">name</msg>
<arg>${key}</arg>
<doc>Logs the given message with the given level.</doc>
<status status="PASS" start="2024-04-26T08:17:49.096755" elapsed="0.000185"/>
</kw>
<var name="${key}">name</var>
<status status="PASS" start="2024-04-26T08:17:49.094965" elapsed="0.002212"/>
</iter>
<iter>
<kw name="Dictionary Should Contain Key" owner="Collections">
<msg time="2024-04-26T08:17:49.097937" level="INFO">False</msg>
<arg>${json_data['results'][0]}</arg>
<arg>${key}</arg>
<doc>Fails if ``key`` is not found from ``dictionary``.</doc>
<status status="PASS" start="2024-04-26T08:17:49.097505" elapsed="0.000474"/>
</kw>
<kw name="Log" owner="BuiltIn">
<msg time="2024-04-26T08:17:49.098713" level="INFO">{'gender': 'male', 'name': {'title': 'Mr', 'first': 'Leo', 'last': 'Paavola'}, 'location': {'street': {'number': 9457, 'name': 'Aleksanterinkatu'}, 'city': 'Mikkeli', 'state': 'South Karelia', 'country': 'Finland', 'postcode': 29018, 'coordinates': {'latitude': '-26.4071', 'longitude': '-42.9332'}, 'timezone': {'offset': '+4:00', 'description': 'Abu Dhabi, Muscat, Baku, Tbilisi'}}, 'email': 'leo.paavola@example.com', 'login': {'uuid': '8a9f08b3-7d08-4f45-bd06-c826de47feea', 'username': 'angrygorilla783', 'password': 'sisters', 'salt': 'D2aH0swo', 'md5': 'f2568e4b68914d8cbc217597a7c42406', 'sha1': '64df5c67c24e4566cda12231446a4c7746e78913', 'sha256': '92a1f69af1c3dbbabcb093ca799244edcf935f258bc23dace5992986caa1fc4f'}, 'dob': {'date': '1974-07-07T21:09:10.503Z', 'age': 49}, 'registered': {'date': '2005-06-26T20:53:43.783Z', 'age': 18}, 'phone': '08-824-998', 'cell': '046-704-57-78', 'id': {'name': 'HETU', 'value': 'NaNNA617undefined'}, 'picture': {'large': 'https://randomuser.me/api/portraits/men/41.jpg', 'medium': 'https://randomuser.me/api/portraits/med/men/41.jpg', 'thumbnail': 'https://randomuser.me/api/portraits/thumb/men/41.jpg'}, 'nat': 'FI'}</msg>
<arg>${json_data['results'][0]}</arg>
<doc>Logs the given message with the given level.</doc>
<status status="PASS" start="2024-04-26T08:17:49.098310" elapsed="0.000458"/>
</kw>
<kw name="Log" owner="BuiltIn">
<msg time="2024-04-26T08:17:49.099232" level="INFO">location</msg>
<arg>${key}</arg>
<doc>Logs the given message with the given level.</doc>
<status status="PASS" start="2024-04-26T08:17:49.099094" elapsed="0.000180"/>
</kw>
<var name="${key}">location</var>
<status status="PASS" start="2024-04-26T08:17:49.097379" elapsed="0.002135"/>
</iter>
<iter>
<kw name="Dictionary Should Contain Key" owner="Collections">
<msg time="2024-04-26T08:17:49.100270" level="INFO">False</msg>
<arg>${json_data['results'][0]}</arg>
<arg>${key}</arg>
<doc>Fails if ``key`` is not found from ``dictionary``.</doc>
<status status="PASS" start="2024-04-26T08:17:49.099831" elapsed="0.000480"/>
</kw>
<kw name="Log" owner="BuiltIn">
<msg time="2024-04-26T08:17:49.101078" level="INFO">{'gender': 'male', 'name': {'title': 'Mr', 'first': 'Leo', 'last': 'Paavola'}, 'location': {'street': {'number': 9457, 'name': 'Aleksanterinkatu'}, 'city': 'Mikkeli', 'state': 'South Karelia', 'country': 'Finland', 'postcode': 29018, 'coordinates': {'latitude': '-26.4071', 'longitude': '-42.9332'}, 'timezone': {'offset': '+4:00', 'description': 'Abu Dhabi, Muscat, Baku, Tbilisi'}}, 'email': 'leo.paavola@example.com', 'login': {'uuid': '8a9f08b3-7d08-4f45-bd06-c826de47feea', 'username': 'angrygorilla783', 'password': 'sisters', 'salt': 'D2aH0swo', 'md5': 'f2568e4b68914d8cbc217597a7c42406', 'sha1': '64df5c67c24e4566cda12231446a4c7746e78913', 'sha256': '92a1f69af1c3dbbabcb093ca799244edcf935f258bc23dace5992986caa1fc4f'}, 'dob': {'date': '1974-07-07T21:09:10.503Z', 'age': 49}, 'registered': {'date': '2005-06-26T20:53:43.783Z', 'age': 18}, 'phone': '08-824-998', 'cell': '046-704-57-78', 'id': {'name': 'HETU', 'value': 'NaNNA617undefined'}, 'picture': {'large': 'https://randomuser.me/api/portraits/men/41.jpg', 'medium': 'https://randomuser.me/api/portraits/med/men/41.jpg', 'thumbnail': 'https://randomuser.me/api/portraits/thumb/men/41.jpg'}, 'nat': 'FI'}</msg>
<arg>${json_data['results'][0]}</arg>
<doc>Logs the given message with the given level.</doc>
<status status="PASS" start="2024-04-26T08:17:49.100672" elapsed="0.000461"/>
</kw>
<kw name="Log" owner="BuiltIn">
<msg time="2024-04-26T08:17:49.101597" level="INFO">email</msg>
<arg>${key}</arg>
<doc>Logs the given message with the given level.</doc>
<status status="PASS" start="2024-04-26T08:17:49.101458" elapsed="0.000181"/>
</kw>
<var name="${key}">email</var>
<status status="PASS" start="2024-04-26T08:17:49.099706" elapsed="0.002176"/>
</iter>
<iter>
<kw name="Dictionary Should Contain Key" owner="Collections">
<msg time="2024-04-26T08:17:49.102625" level="INFO">False</msg>
<arg>${json_data['results'][0]}</arg>
<arg>${key}</arg>
<doc>Fails if ``key`` is not found from ``dictionary``.</doc>
<status status="PASS" start="2024-04-26T08:17:49.102197" elapsed="0.000470"/>
</kw>
<kw name="Log" owner="BuiltIn">
<msg time="2024-04-26T08:17:49.103415" level="INFO">{'gender': 'male', 'name': {'title': 'Mr', 'first': 'Leo', 'last': 'Paavola'}, 'location': {'street': {'number': 9457, 'name': 'Aleksanterinkatu'}, 'city': 'Mikkeli', 'state': 'South Karelia', 'country': 'Finland', 'postcode': 29018, 'coordinates': {'latitude': '-26.4071', 'longitude': '-42.9332'}, 'timezone': {'offset': '+4:00', 'description': 'Abu Dhabi, Muscat, Baku, Tbilisi'}}, 'email': 'leo.paavola@example.com', 'login': {'uuid': '8a9f08b3-7d08-4f45-bd06-c826de47feea', 'username': 'angrygorilla783', 'password': 'sisters', 'salt': 'D2aH0swo', 'md5': 'f2568e4b68914d8cbc217597a7c42406', 'sha1': '64df5c67c24e4566cda12231446a4c7746e78913', 'sha256': '92a1f69af1c3dbbabcb093ca799244edcf935f258bc23dace5992986caa1fc4f'}, 'dob': {'date': '1974-07-07T21:09:10.503Z', 'age': 49}, 'registered': {'date': '2005-06-26T20:53:43.783Z', 'age': 18}, 'phone': '08-824-998', 'cell': '046-704-57-78', 'id': {'name': 'HETU', 'value': 'NaNNA617undefined'}, 'picture': {'large': 'https://randomuser.me/api/portraits/men/41.jpg', 'medium': 'https://randomuser.me/api/portraits/med/men/41.jpg', 'thumbnail': 'https://randomuser.me/api/portraits/thumb/men/41.jpg'}, 'nat': 'FI'}</msg>
<arg>${json_data['results'][0]}</arg>
<doc>Logs the given message with the given level.</doc>
<status status="PASS" start="2024-04-26T08:17:49.103001" elapsed="0.000468"/>
</kw>
<kw name="Log" owner="BuiltIn">
<msg time="2024-04-26T08:17:49.103941" level="INFO">login</msg>
<arg>${key}</arg>
<doc>Logs the given message with the given level.</doc>
<status status="PASS" start="2024-04-26T08:17:49.103801" elapsed="0.000182"/>
</kw>
<var name="${key}">login</var>
<status status="PASS" start="2024-04-26T08:17:49.102074" elapsed="0.002175"/>
</iter>
<var>${key}</var>
<value>@{expected_keys}</value>
<status status="PASS" start="2024-04-26T08:17:49.092313" elapsed="0.012076"/>
</for>
<kw name="Create List" owner="BuiltIn">
<msg time="2024-04-26T08:17:49.104798" level="INFO">${expected_keysTwo} = ['username', 'password']</msg>
<var>${expected_keysTwo}</var>
<arg>username</arg>
<arg>password</arg>
<doc>Returns a list containing given items.</doc>
<status status="PASS" start="2024-04-26T08:17:49.104646" elapsed="0.000178"/>
</kw>
<for flavor="IN">
<iter>
<kw name="Dictionary Should Contain Key" owner="Collections">
<msg time="2024-04-26T08:17:49.105819" level="INFO">False</msg>
<arg>${json_data['results'][0]['login']}</arg>
<arg>${keyTwo}</arg>
<doc>Fails if ``key`` is not found from ``dictionary``.</doc>
<status status="PASS" start="2024-04-26T08:17:49.105380" elapsed="0.000480"/>
</kw>
<kw name="Dictionary Should Contain Key" owner="Collections">
<msg time="2024-04-26T08:17:49.106606" level="INFO">False</msg>
<arg>${json_data['results'][0]['login']}</arg>
<arg>${keyTwo}</arg>
<doc>Fails if ``key`` is not found from ``dictionary``.</doc>
<status status="PASS" start="2024-04-26T08:17:49.106182" elapsed="0.000465"/>
</kw>
<kw name="Log" owner="BuiltIn">
<msg time="2024-04-26T08:17:49.107110" level="INFO">username</msg>
<arg>${keyTwo}</arg>
<doc>Logs the given message with the given level.</doc>
<status status="PASS" start="2024-04-26T08:17:49.106970" elapsed="0.000188"/>
</kw>
<var name="${keyTwo}">username</var>
<status status="PASS" start="2024-04-26T08:17:49.105259" elapsed="0.002136"/>
</iter>
<iter>
<kw name="Dictionary Should Contain Key" owner="Collections">
<msg time="2024-04-26T08:17:49.108128" level="INFO">False</msg>
<arg>${json_data['results'][0]['login']}</arg>
<arg>${keyTwo}</arg>
<doc>Fails if ``key`` is not found from ``dictionary``.</doc>
<status status="PASS" start="2024-04-26T08:17:49.107705" elapsed="0.000471"/>
</kw>
<kw name="Dictionary Should Contain Key" owner="Collections">
<msg time="2024-04-26T08:17:49.109059" level="INFO">False</msg>
<arg>${json_data['results'][0]['login']}</arg>
<arg>${keyTwo}</arg>
<doc>Fails if ``key`` is not found from ``dictionary``.</doc>
<status status="PASS" start="2024-04-26T08:17:49.108527" elapsed="0.000575"/>
</kw>
<kw name="Log" owner="BuiltIn">
<msg time="2024-04-26T08:17:49.109577" level="INFO">password</msg>
<arg>${keyTwo}</arg>
<doc>Logs the given message with the given level.</doc>
<status status="PASS" start="2024-04-26T08:17:49.109435" elapsed="0.000184"/>
</kw>
<var name="${keyTwo}">password</var>
<status status="PASS" start="2024-04-26T08:17:49.107585" elapsed="0.002274"/>
</iter>
<var>${keyTwo}</var>
<value>@{expected_keysTwo}</value>
<status status="PASS" start="2024-04-26T08:17:49.105090" elapsed="0.004904"/>
</for>
<status status="PASS" start="2024-04-26T08:17:48.992963" elapsed="0.117188"/>
</kw>
<doc>Testa a estrutura da resposta da API.</doc>
<tag>testeEstruturaResposta</tag>
<status status="PASS" start="2024-04-26T08:17:48.992338" elapsed="0.117983"/>
</test>
<test id="s1-s1-t4" name="Validar tipos de dados" line="28">
<kw name="Teste de Tipos de Dados" owner="random-user-service">
<kw name="GET On Session" owner="RequestsLibrary">
<msg time="2024-04-26T08:17:49.217137" level="INFO">GET Request : url=https://randomuser.me/api 
 path_url=/api 
 headers={'User-Agent': 'python-requests/2.31.0', 'Accept-Encoding': 'gzip, deflate', 'Accept': '*/*', 'Connection': 'keep-alive'} 
 body=None 
 </msg>
<msg time="2024-04-26T08:17:49.217237" level="INFO">GET Response : url=https://randomuser.me/api 
 status=200, reason=OK 
 headers={'Date': 'Fri, 26 Apr 2024 08:17:49 GMT', 'Content-Type': 'application/json; charset=utf-8', 'Transfer-Encoding': 'chunked', 'Connection': 'keep-alive', 'X-Powered-By': 'Express', 'Access-Control-Allow-Origin': '*', 'Cache-Control': 'no-cache', 'ETag': 'W/"478-zEMDQSYRf1G6SEsjwM9hAPva3mM"', 'Vary': 'Accept-Encoding', 'Content-Encoding': 'gzip', 'CF-Cache-Status': 'DYNAMIC', 'Report-To': '{"endpoints":[{"url":"https:\\/\\/a.nel.cloudflare.com\\/report\\/v4?s=dDfpA2GwmmlfQNO5SD5yE%2B5t1kMwUTC1VSpdaZE8xraYFXxcDzigIva3KlzpRxrmpt1N4Mfr%2Bg5G93K9Zug0zoQYpJE1%2Br02F7N7AbaRioB3M8hIMMhguU88j4X2%2FMWa"}],"group":"cf-nel","max_age":604800}', 'NEL': '{"success_fraction":0,"report_to":"cf-nel","max_age":604800}', 'Server': 'cloudflare', 'CF-RAY': '87a52379fdc37c35-LAX', 'alt-svc': 'h3=":443"; ma=86400'} 
 body={"results":[{"gender":"male","name":{"title":"Mr","first":"Harrison","last":"Lewis"},"location":{"street":{"number":2638,"name":"Te Rapa Road"},"city":"Wellington","state":"Gisborne","country":"New Zealand","postcode":60876,"coordinates":{"latitude":"48.9053","longitude":"-86.2023"},"timezone":{"offset":"+9:30","description":"Adelaide, Darwin"}},"email":"harrison.lewis@example.com","login":{"uuid":"67e4de39-255c-4e7a-9aa8-41741548fba3","username":"redleopard349","password":"pepsi1","salt":"iwuY6DNg","md5":"7d3d89ae3f237dbba220018bccab45c2","sha1":"3507f316c06e1a72176884fae86b7dea456070f6","sha256":"8bf0e509936b6db9f78e71cf04f0643d85a1f21a6a94dd8a8daee7ef5502a510"},"dob":{"date":"1950-02-13T01:23:56.886Z","age":74},"registered":{"date":"2011-02-02T16:59:26.433Z","age":13},"phone":"(132)-596-6211","cell":"(727)-510-6653","id":{"name":"","value":null},"picture":{"large":"https://randomuser.me/api/portraits/men/26.jpg","medium":"https://randomuser.me/api/portraits/med/men/26.jpg","thumbnail":"https://randomuser.me/api/portraits/thumb/men/26.jpg"},"nat":"NZ"}],"info":{"seed":"2033f308b6ec7188","results":1,"page":1,"version":"1.4"}} 
 </msg>
<msg time="2024-04-26T08:17:49.217328" level="INFO">/opt/hostedtoolcache/Python/3.12.3/x64/lib/python3.12/site-packages/urllib3/connectionpool.py:1103: InsecureRequestWarning: Unverified HTTPS request is being made to host 'randomuser.me'. Adding certificate verification is strongly advised. See: https://urllib3.readthedocs.io/en/latest/advanced-usage.html#tls-warnings
  warnings.warn(</msg>
<msg time="2024-04-26T08:17:49.217450" level="INFO">${response} = &lt;Response [200]&gt;</msg>
<var>${response}</var>
<arg>consultarAPI</arg>
<arg>/api</arg>
<doc>Sends a GET request on a previously created HTTP Session.</doc>
<status status="PASS" start="2024-04-26T08:17:49.113191" elapsed="0.104314"/>
</kw>
<kw name="Set Variable" owner="BuiltIn">
<msg time="2024-04-26T08:17:49.218729" level="INFO">${json_data} = {'results': [{'gender': 'male', 'name': {'title': 'Mr', 'first': 'Harrison', 'last': 'Lewis'}, 'location': {'street': {'number': 2638, 'name': 'Te Rapa Road'}, 'city': 'Wellington', 'state': 'Gisborne...</msg>
<var>${json_data}</var>
<arg>${response.json()}</arg>
<doc>Returns the given values which can then be assigned to a variables.</doc>
<status status="PASS" start="2024-04-26T08:17:49.218073" elapsed="0.000692"/>
</kw>
<kw name="Log" owner="BuiltIn">
<msg time="2024-04-26T08:17:49.219321" level="INFO">{'results': [{'gender': 'male', 'name': {'title': 'Mr', 'first': 'Harrison', 'last': 'Lewis'}, 'location': {'street': {'number': 2638, 'name': 'Te Rapa Road'}, 'city': 'Wellington', 'state': 'Gisborne', 'country': 'New Zealand', 'postcode': 60876, 'coordinates': {'latitude': '48.9053', 'longitude': '-86.2023'}, 'timezone': {'offset': '+9:30', 'description': 'Adelaide, Darwin'}}, 'email': 'harrison.lewis@example.com', 'login': {'uuid': '67e4de39-255c-4e7a-9aa8-41741548fba3', 'username': 'redleopard349', 'password': 'pepsi1', 'salt': 'iwuY6DNg', 'md5': '7d3d89ae3f237dbba220018bccab45c2', 'sha1': '3507f316c06e1a72176884fae86b7dea456070f6', 'sha256': '8bf0e509936b6db9f78e71cf04f0643d85a1f21a6a94dd8a8daee7ef5502a510'}, 'dob': {'date': '1950-02-13T01:23:56.886Z', 'age': 74}, 'registered': {'date': '2011-02-02T16:59:26.433Z', 'age': 13}, 'phone': '(132)-596-6211', 'cell': '(727)-510-6653', 'id': {'name': '', 'value': None}, 'picture': {'large': 'https://randomuser.me/api/portraits/men/26.jpg', 'medium': 'https://randomuser.me/api/portraits/med/men/26.jpg', 'thumbnail': 'https://randomuser.me/api/portraits/thumb/men/26.jpg'}, 'nat': 'NZ'}], 'info': {'seed': '2033f308b6ec7188', 'results': 1, 'page': 1, 'version': '1.4'}}</msg>
<arg>${json_data}</arg>
<doc>Logs the given message with the given level.</doc>
<status status="PASS" start="2024-04-26T08:17:49.219144" elapsed="0.000273"/>
</kw>
<kw name="Should Be String" owner="String">
<arg>${json_data['results'][0]['gender']}</arg>
<doc>Fails if the given ``item`` is not a string.</doc>
<status status="PASS" start="2024-04-26T08:17:49.219767" elapsed="0.000436"/>
</kw>
<kw name="Should Match Regexp" owner="BuiltIn">
<arg>${json_data['results'][0]['email']}</arg>
<arg>^[a-zA-Z0-9._%+-]+@[a-zA-Z0-9.-]+\.[a-zA-Z]{2,}$</arg>
<doc>Fails if ``string`` does not match ``pattern`` as a regular expression.</doc>
<status status="PASS" start="2024-04-26T08:17:49.220423" elapsed="0.000640"/>
</kw>
<kw name="Should Match Regexp" owner="BuiltIn">
<arg>${json_data['results'][0]['dob']['date']}</arg>
<arg>\\d{4}-\\d{2}-\\d{2}T\\d{2}:\\d{2}:\\d{2}\\.\\d{3}Z</arg>
<doc>Fails if ``string`` does not match ``pattern`` as a regular expression.</doc>
<status status="PASS" start="2024-04-26T08:17:49.221286" elapsed="0.000570"/>
</kw>
<kw name="Should Match Regexp" owner="BuiltIn">
<arg>${json_data['results'][0]['registered']['date']}</arg>
<arg>\\d{4}-\\d{2}-\\d{2}T\\d{2}:\\d{2}:\\d{2}\\.\\d{3}Z</arg>
<doc>Fails if ``string`` does not match ``pattern`` as a regular expression.</doc>
<status status="PASS" start="2024-04-26T08:17:49.222070" elapsed="0.000461"/>
</kw>
<kw name="Should Match Regexp" owner="BuiltIn">
<arg>${json_data['results'][0]['picture']['large']}</arg>
<arg>^https?://.*\.(?:png|jpe?g|gif|bmp)$</arg>
<doc>Fails if ``string`` does not match ``pattern`` as a regular expression.</doc>
<status status="PASS" start="2024-04-26T08:17:49.222780" elapsed="0.000598"/>
</kw>
<kw name="Should Match Regexp" owner="BuiltIn">
<arg>${json_data['results'][0]['picture']['medium']}</arg>
<arg>^https?://.*\.(?:png|jpe?g|gif|bmp)$</arg>
<doc>Fails if ``string`` does not match ``pattern`` as a regular expression.</doc>
<status status="PASS" start="2024-04-26T08:17:49.223602" elapsed="0.000419"/>
</kw>
<kw name="Should Match Regexp" owner="BuiltIn">
<arg>${json_data['results'][0]['picture']['thumbnail']}</arg>
<arg>^https?://.*\.(?:png|jpe?g|gif|bmp)$</arg>
<doc>Fails if ``string`` does not match ``pattern`` as a regular expression.</doc>
<status status="PASS" start="2024-04-26T08:17:49.224241" elapsed="0.000445"/>
</kw>
<kw name="Log" owner="BuiltIn">
<msg time="2024-04-26T08:17:49.225281" level="INFO">{'large': 'https://randomuser.me/api/portraits/men/26.jpg', 'medium': 'https://randomuser.me/api/portraits/med/men/26.jpg', 'thumbnail': 'https://randomuser.me/api/portraits/thumb/men/26.jpg'}</msg>
<arg>${json_data['results'][0]['picture']}</arg>
<doc>Logs the given message with the given level.</doc>
<status status="PASS" start="2024-04-26T08:17:49.224904" elapsed="0.000425"/>
</kw>
<status status="PASS" start="2024-04-26T08:17:49.112927" elapsed="0.112697"/>
</kw>
<kw name="Teste de Tipos de Dados - Postcode" owner="random-user-service">
<kw name="GET On Session" owner="RequestsLibrary">
<msg time="2024-04-26T08:17:49.321742" level="INFO">GET Request : url=https://randomuser.me/api 
 path_url=/api 
 headers={'User-Agent': 'python-requests/2.31.0', 'Accept-Encoding': 'gzip, deflate', 'Accept': '*/*', 'Connection': 'keep-alive'} 
 body=None 
 </msg>
<msg time="2024-04-26T08:17:49.321880" level="INFO">GET Response : url=https://randomuser.me/api 
 status=200, reason=OK 
 headers={'Date': 'Fri, 26 Apr 2024 08:17:49 GMT', 'Content-Type': 'application/json; charset=utf-8', 'Transfer-Encoding': 'chunked', 'Connection': 'keep-alive', 'X-Powered-By': 'Express', 'Access-Control-Allow-Origin': '*', 'Cache-Control': 'no-cache', 'ETag': 'W/"4bd-iruQKfbVinNZkgexwpkIDiLT4T0"', 'Vary': 'Accept-Encoding', 'Content-Encoding': 'gzip', 'CF-Cache-Status': 'DYNAMIC', 'Report-To': '{"endpoints":[{"url":"https:\\/\\/a.nel.cloudflare.com\\/report\\/v4?s=e2DMvs6ws1bnunfHqdgkRHHG3%2Bz9j7YIp4QVhmt6eqAsXC4zQkhGDEMUmyj7GTWVKTo8ZXVqWUqfzvfVKAUq1DdoRmkS19H1XRCP93t3udBmFLmCZpWRegemchmrd0FX"}],"group":"cf-nel","max_age":604800}', 'NEL': '{"success_fraction":0,"report_to":"cf-nel","max_age":604800}', 'Server': 'cloudflare', 'CF-RAY': '87a5237aae347c35-LAX', 'alt-svc': 'h3=":443"; ma=86400'} 
 body={"results":[{"gender":"female","name":{"title":"Miss","first":"Nelly","last":"Palomo"},"location":{"street":{"number":2928,"name":"Diagonal Reino Unido de Gran Bretaña e Irlanda del Norte"},"city":"Luvianos","state":"Guerrero","country":"Mexico","postcode":14683,"coordinates":{"latitude":"21.4857","longitude":"92.8449"},"timezone":{"offset":"-8:00","description":"Pacific Time (US &amp; Canada)"}},"email":"nelly.palomo@example.com","login":{"uuid":"ca424976-06b4-473f-8b72-df48ad1fbc3e","username":"blacksnake954","password":"homerj","salt":"xQrDn0cQ","md5":"a681a2e22f6fbd5b9f72d3432c01eee0","sha1":"327e504b54d61e2da9a19906af96df2a66034d62","sha256":"b2559805ec1658e89ef80a3c9f71b31952d977afc3d1b26c751170704c77a8c5"},"dob":{"date":"1961-09-14T01:34:42.389Z","age":62},"registered":{"date":"2012-09-24T18:15:53.282Z","age":11},"phone":"(681) 977 2908","cell":"(610) 556 2844","id":{"name":"NSS","value":"39 60 24 2579 1"},"picture":{"large":"https://randomuser.me/api/portraits/women/63.jpg","medium":"https://randomuser.me/api/portraits/med/women/63.jpg","thumbnail":"https://randomuser.me/api/portraits/thumb/women/63.jpg"},"nat":"MX"}],"info":{"seed":"d3751963d0322bc2","results":1,"page":1,"version":"1.4"}} 
 </msg>
<msg time="2024-04-26T08:17:49.322021" level="INFO">/opt/hostedtoolcache/Python/3.12.3/x64/lib/python3.12/site-packages/urllib3/connectionpool.py:1103: InsecureRequestWarning: Unverified HTTPS request is being made to host 'randomuser.me'. Adding certificate verification is strongly advised. See: https://urllib3.readthedocs.io/en/latest/advanced-usage.html#tls-warnings
  warnings.warn(</msg>
<msg time="2024-04-26T08:17:49.322191" level="INFO">${response} = &lt;Response [200]&gt;</msg>
<var>${response}</var>
<arg>consultarAPI</arg>
<arg>/api</arg>
<doc>Sends a GET request on a previously created HTTP Session.</doc>
<status status="PASS" start="2024-04-26T08:17:49.226127" elapsed="0.096139"/>
</kw>
<kw name="Set Variable" owner="BuiltIn">
<msg time="2024-04-26T08:17:49.323676" level="INFO">${json_data} = {'results': [{'gender': 'female', 'name': {'title': 'Miss', 'first': 'Nelly', 'last': 'Palomo'}, 'location': {'street': {'number': 2928, 'name': 'Diagonal Reino Unido de Gran Bretaña e Irlanda del Nor...</msg>
<var>${json_data}</var>
<arg>${response.json()}</arg>
<doc>Returns the given values which can then be assigned to a variables.</doc>
<status status="PASS" start="2024-04-26T08:17:49.322898" elapsed="0.000821"/>
</kw>
<kw name="Log" owner="BuiltIn">
<msg time="2024-04-26T08:17:49.324388" level="INFO">{'results': [{'gender': 'female', 'name': {'title': 'Miss', 'first': 'Nelly', 'last': 'Palomo'}, 'location': {'street': {'number': 2928, 'name': 'Diagonal Reino Unido de Gran Bretaña e Irlanda del Norte'}, 'city': 'Luvianos', 'state': 'Guerrero', 'country': 'Mexico', 'postcode': 14683, 'coordinates': {'latitude': '21.4857', 'longitude': '92.8449'}, 'timezone': {'offset': '-8:00', 'description': 'Pacific Time (US &amp; Canada)'}}, 'email': 'nelly.palomo@example.com', 'login': {'uuid': 'ca424976-06b4-473f-8b72-df48ad1fbc3e', 'username': 'blacksnake954', 'password': 'homerj', 'salt': 'xQrDn0cQ', 'md5': 'a681a2e22f6fbd5b9f72d3432c01eee0', 'sha1': '327e504b54d61e2da9a19906af96df2a66034d62', 'sha256': 'b2559805ec1658e89ef80a3c9f71b31952d977afc3d1b26c751170704c77a8c5'}, 'dob': {'date': '1961-09-14T01:34:42.389Z', 'age': 62}, 'registered': {'date': '2012-09-24T18:15:53.282Z', 'age': 11}, 'phone': '(681) 977 2908', 'cell': '(610) 556 2844', 'id': {'name': 'NSS', 'value': '39 60 24 2579 1'}, 'picture': {'large': 'https://randomuser.me/api/portraits/women/63.jpg', 'medium': 'https://randomuser.me/api/portraits/med/women/63.jpg', 'thumbnail': 'https://randomuser.me/api/portraits/thumb/women/63.jpg'}, 'nat': 'MX'}], 'info': {'seed': 'd3751963d0322bc2', 'results': 1, 'page': 1, 'version': '1.4'}}</msg>
<arg>${json_data}</arg>
<doc>Logs the given message with the given level.</doc>
<status status="PASS" start="2024-04-26T08:17:49.324158" elapsed="0.000413"/>
</kw>
<kw name="Should Be Equal As Numbers" owner="BuiltIn">
<arg>${json_data['results'][0]['location']['postcode']}</arg>
<arg>${json_data['results'][0]['location']['postcode']}</arg>
<doc>Fails if objects are unequal after converting them to real numbers.</doc>
<status status="PASS" start="2024-04-26T08:17:49.325025" elapsed="0.001074"/>
</kw>
<kw name="Log" owner="BuiltIn">
<msg time="2024-04-26T08:17:49.326822" level="INFO">14683</msg>
<arg>${json_data['results'][0]['location']['postcode']}</arg>
<doc>Logs the given message with the given level.</doc>
<status status="PASS" start="2024-04-26T08:17:49.326360" elapsed="0.000514"/>
</kw>
<status status="PASS" start="2024-04-26T08:17:49.225869" elapsed="0.101311"/>
</kw>
<doc>Testa se os tipos de dados na resposta da API estão corretos.</doc>
<tag>testeTiposDados</tag>
<status status="PASS" start="2024-04-26T08:17:49.112356" elapsed="0.215030"/>
</test>
<test id="s1-s1-t5" name="Validar conteudo" line="35">
<kw name="Teste de Tipos de Conteudo" owner="random-user-service">
<kw name="GET On Session" owner="RequestsLibrary">
<msg time="2024-04-26T08:17:49.425026" level="INFO">GET Request : url=https://randomuser.me/api 
 path_url=/api 
 headers={'User-Agent': 'python-requests/2.31.0', 'Accept-Encoding': 'gzip, deflate', 'Accept': '*/*', 'Connection': 'keep-alive'} 
 body=None 
 </msg>
<msg time="2024-04-26T08:17:49.425172" level="INFO">GET Response : url=https://randomuser.me/api 
 status=200, reason=OK 
 headers={'Date': 'Fri, 26 Apr 2024 08:17:49 GMT', 'Content-Type': 'application/json; charset=utf-8', 'Transfer-Encoding': 'chunked', 'Connection': 'keep-alive', 'X-Powered-By': 'Express', 'Access-Control-Allow-Origin': '*', 'Cache-Control': 'no-cache', 'ETag': 'W/"49f-dlJUVR+Tir3YNL8aL8FnPv3PnJc"', 'Vary': 'Accept-Encoding', 'Content-Encoding': 'gzip', 'CF-Cache-Status': 'DYNAMIC', 'Report-To': '{"endpoints":[{"url":"https:\\/\\/a.nel.cloudflare.com\\/report\\/v4?s=GUZKSyLlEmIA%2FPdKIFQfuewa2%2BgfMqVS%2BCXa4%2BGJgN07px0LQC4cYocUHj6sWmWuotgvDxK9rUeobpjfN%2FmSeAvQMa3Y8BMTnyGK%2Fnd8soJGmX7FCgbaL29YlpqGH3yA"}],"group":"cf-nel","max_age":604800}', 'NEL': '{"success_fraction":0,"report_to":"cf-nel","max_age":604800}', 'Server': 'cloudflare', 'CF-RAY': '87a5237b5e9a7c35-LAX', 'alt-svc': 'h3=":443"; ma=86400'} 
 body={"results":[{"gender":"female","name":{"title":"Ms","first":"Josca","last":"Goedhart"},"location":{"street":{"number":9584,"name":"Eikesingel"},"city":"Boornzwaag","state":"Drenthe","country":"Netherlands","postcode":"5356 RB","coordinates":{"latitude":"35.7721","longitude":"86.8852"},"timezone":{"offset":"+11:00","description":"Magadan, Solomon Islands, New Caledonia"}},"email":"josca.goedhart@example.com","login":{"uuid":"73dff710-8e82-419c-991c-bd44086051d9","username":"silverpanda854","password":"absolute","salt":"3GheKVtM","md5":"1647f910efe8d952b59d4354c4ae283d","sha1":"830e4b3ab7b3466ddca2486bbb503f27f57e8033","sha256":"cf42ddcbb495a432a1f7d246207ff396e54799d38566e43e39c682bd9f6e60c1"},"dob":{"date":"1961-04-28T04:44:29.486Z","age":62},"registered":{"date":"2007-07-26T11:29:59.103Z","age":16},"phone":"(0440) 618590","cell":"(06) 52086830","id":{"name":"BSN","value":"27097666"},"picture":{"large":"https://randomuser.me/api/portraits/women/1.jpg","medium":"https://randomuser.me/api/portraits/med/women/1.jpg","thumbnail":"https://randomuser.me/api/portraits/thumb/women/1.jpg"},"nat":"NL"}],"info":{"seed":"23580ee79e0995f5","results":1,"page":1,"version":"1.4"}} 
 </msg>
<msg time="2024-04-26T08:17:49.425304" level="INFO">/opt/hostedtoolcache/Python/3.12.3/x64/lib/python3.12/site-packages/urllib3/connectionpool.py:1103: InsecureRequestWarning: Unverified HTTPS request is being made to host 'randomuser.me'. Adding certificate verification is strongly advised. See: https://urllib3.readthedocs.io/en/latest/advanced-usage.html#tls-warnings
  warnings.warn(</msg>
<msg time="2024-04-26T08:17:49.425474" level="INFO">${response} = &lt;Response [200]&gt;</msg>
<var>${response}</var>
<arg>consultarAPI</arg>
<arg>/api</arg>
<doc>Sends a GET request on a previously created HTTP Session.</doc>
<status status="PASS" start="2024-04-26T08:17:49.330746" elapsed="0.094802"/>
</kw>
<kw name="Set Variable" owner="BuiltIn">
<msg time="2024-04-26T08:17:49.427002" level="INFO">${json_data} = {'results': [{'gender': 'female', 'name': {'title': 'Ms', 'first': 'Josca', 'last': 'Goedhart'}, 'location': {'street': {'number': 9584, 'name': 'Eikesingel'}, 'city': 'Boornzwaag', 'state': 'Drenthe'...</msg>
<var>${json_data}</var>
<arg>${response.json()}</arg>
<doc>Returns the given values which can then be assigned to a variables.</doc>
<status status="PASS" start="2024-04-26T08:17:49.426248" elapsed="0.000796"/>
</kw>
<kw name="Set Variable" owner="BuiltIn">
<msg time="2024-04-26T08:17:49.428501" level="INFO">${name_title} = Ms</msg>
<var>${name_title}</var>
<arg>${json_data["results"][0]["name"]["title"]}</arg>
<doc>Returns the given values which can then be assigned to a variables.</doc>
<status status="PASS" start="2024-04-26T08:17:49.427596" elapsed="0.000957"/>
</kw>
<kw name="Create List" owner="BuiltIn">
<msg time="2024-04-26T08:17:49.429237" level="INFO">${allowed_titles} = ['Mr', 'Ms', 'Miss', 'Mrs', 'Madame', 'Monsieur']</msg>
<var>${allowed_titles}</var>
<arg>Mr</arg>
<arg>Ms</arg>
<arg>Miss</arg>
<arg>Mrs</arg>
<arg>Madame</arg>
<arg>Monsieur</arg>
<doc>Returns a list containing given items.</doc>
<status status="PASS" start="2024-04-26T08:17:49.428992" elapsed="0.000289"/>
</kw>
<kw name="List Should Contain Value" owner="Collections">
<msg time="2024-04-26T08:17:49.430112" level="INFO">False</msg>
<arg>${allowed_titles}</arg>
<arg>${name_title}</arg>
<doc>Fails if the ``value`` is not found from ``list``.</doc>
<status status="PASS" start="2024-04-26T08:17:49.429814" elapsed="0.000363"/>
</kw>
<kw name="Set Variable" owner="BuiltIn">
<msg time="2024-04-26T08:17:49.431348" level="INFO">${name_country} = NL</msg>
<var>${name_country}</var>
<arg>${json_data["results"][0]["nat"]}</arg>
<doc>Returns the given values which can then be assigned to a variables.</doc>
<status status="PASS" start="2024-04-26T08:17:49.430667" elapsed="0.000721"/>
</kw>
<kw name="Create List" owner="BuiltIn">
<msg time="2024-04-26T08:17:49.432681" level="INFO">${list_country} = ['AD', 'AE', 'AF', 'AG', 'AI', 'AL', 'AM', 'AO', 'AQ', 'AR', 'AS', 'AT', 'AU', 'AW', 'AX', 'AZ', 'BA', 'BB', 'BD', 'BE', 'BF', 'BG', 'BH', 'BI', 'BJ', 'BL', 'BM', 'BN', 'BO', 'BQ', 'BR', 'BS', 'BT', '...</msg>
<var>${list_country}</var>
<arg>AD</arg>
<arg>AE</arg>
<arg>AF</arg>
<arg>AG</arg>
<arg>AI</arg>
<arg>AL</arg>
<arg>AM</arg>
<arg>AO</arg>
<arg>AQ</arg>
<arg>AR</arg>
<arg>AS</arg>
<arg>AT</arg>
<arg>AU</arg>
<arg>AW</arg>
<arg>AX</arg>
<arg>AZ</arg>
<arg>BA</arg>
<arg>BB</arg>
<arg>BD</arg>
<arg>BE</arg>
<arg>BF</arg>
<arg>BG</arg>
<arg>BH</arg>
<arg>BI</arg>
<arg>BJ</arg>
<arg>BL</arg>
<arg>BM</arg>
<arg>BN</arg>
<arg>BO</arg>
<arg>BQ</arg>
<arg>BR</arg>
<arg>BS</arg>
<arg>BT</arg>
<arg>BV</arg>
<arg>BW</arg>
<arg>BY</arg>
<arg>BZ</arg>
<arg>CA</arg>
<arg>CC</arg>
<arg>CD</arg>
<arg>CF</arg>
<arg>CG</arg>
<arg>CH</arg>
<arg>CI</arg>
<arg>CK</arg>
<arg>CL</arg>
<arg>CM</arg>
<arg>CN</arg>
<arg>CO</arg>
<arg>CR</arg>
<arg>CU</arg>
<arg>CV</arg>
<arg>CW</arg>
<arg>CX</arg>
<arg>CY</arg>
<arg>CZ</arg>
<arg>DE</arg>
<arg>DJ</arg>
<arg>DK</arg>
<arg>DM</arg>
<arg>DO</arg>
<arg>DZ</arg>
<arg>EC</arg>
<arg>EE</arg>
<arg>EG</arg>
<arg>EH</arg>
<arg>ER</arg>
<arg>ES</arg>
<arg>ET</arg>
<arg>FI</arg>
<arg>FJ</arg>
<arg>FK</arg>
<arg>FM</arg>
<arg>FO</arg>
<arg>FR</arg>
<arg>GA</arg>
<arg>GB</arg>
<arg>GD</arg>
<arg>GE</arg>
<arg>GF</arg>
<arg>GG</arg>
<arg>GH</arg>
<arg>GI</arg>
<arg>GL</arg>
<arg>GM</arg>
<arg>GN</arg>
<arg>GP</arg>
<arg>GQ</arg>
<arg>GR</arg>
<arg>GS</arg>
<arg>GT</arg>
<arg>GU</arg>
<arg>GW</arg>
<arg>GY</arg>
<arg>HK</arg>
<arg>HM</arg>
<arg>HN</arg>
<arg>HR</arg>
<arg>HT</arg>
<arg>HU</arg>
<arg>ID</arg>
<arg>IE</arg>
<arg>IL</arg>
<arg>IM</arg>
<arg>IN</arg>
<arg>IO</arg>
<arg>IQ</arg>
<arg>IR</arg>
<arg>IS</arg>
<arg>IT</arg>
<arg>JE</arg>
<arg>JM</arg>
<arg>JO</arg>
<arg>JP</arg>
<arg>KE</arg>
<arg>KG</arg>
<arg>KH</arg>
<arg>KI</arg>
<arg>KM</arg>
<arg>KN</arg>
<arg>KP</arg>
<arg>KR</arg>
<arg>KW</arg>
<arg>KY</arg>
<arg>KZ</arg>
<arg>LA</arg>
<arg>LB</arg>
<arg>LC</arg>
<arg>LI</arg>
<arg>LK</arg>
<arg>LR</arg>
<arg>LS</arg>
<arg>LT</arg>
<arg>LU</arg>
<arg>LV</arg>
<arg>LY</arg>
<arg>MA</arg>
<arg>MC</arg>
<arg>MD</arg>
<arg>ME</arg>
<arg>MF</arg>
<arg>MG</arg>
<arg>MH</arg>
<arg>MK</arg>
<arg>ML</arg>
<arg>MM</arg>
<arg>MN</arg>
<arg>MO</arg>
<arg>MP</arg>
<arg>MQ</arg>
<arg>MR</arg>
<arg>MS</arg>
<arg>MT</arg>
<arg>MU</arg>
<arg>MV</arg>
<arg>MW</arg>
<arg>MX</arg>
<arg>MY</arg>
<arg>MZ</arg>
<arg>NA</arg>
<arg>NC</arg>
<arg>NE</arg>
<arg>NF</arg>
<arg>NG</arg>
<arg>NI</arg>
<arg>NL</arg>
<arg>NO</arg>
<arg>NP</arg>
<arg>NR</arg>
<arg>NU</arg>
<arg>NZ</arg>
<arg>OM</arg>
<arg>PA</arg>
<arg>PE</arg>
<arg>PF</arg>
<arg>PG</arg>
<arg>PH</arg>
<arg>PK</arg>
<arg>PL</arg>
<arg>PM</arg>
<arg>PN</arg>
<arg>PR</arg>
<arg>PS</arg>
<arg>PT</arg>
<arg>PW</arg>
<arg>PY</arg>
<arg>QA</arg>
<arg>RE</arg>
<arg>RO</arg>
<arg>RS</arg>
<arg>RU</arg>
<arg>RW</arg>
<arg>SA</arg>
<arg>SB</arg>
<arg>SC</arg>
<arg>SD</arg>
<arg>SE</arg>
<arg>SG</arg>
<arg>SH</arg>
<arg>SI</arg>
<arg>SJ</arg>
<arg>SK</arg>
<arg>SL</arg>
<arg>SM</arg>
<arg>SN</arg>
<arg>SO</arg>
<arg>SR</arg>
<arg>SS</arg>
<arg>ST</arg>
<arg>SV</arg>
<arg>SX</arg>
<arg>SY</arg>
<arg>SZ</arg>
<arg>TC</arg>
<arg>TD</arg>
<arg>TF</arg>
<arg>TG</arg>
<arg>TH</arg>
<arg>TJ</arg>
<arg>TK</arg>
<arg>TL</arg>
<arg>TM</arg>
<arg>TN</arg>
<arg>TO</arg>
<arg>TR</arg>
<arg>TT</arg>
<arg>TV</arg>
<arg>TW</arg>
<arg>TZ</arg>
<arg>UA</arg>
<arg>UG</arg>
<arg>UM</arg>
<arg>US</arg>
<arg>UY</arg>
<arg>UZ</arg>
<arg>VA</arg>
<arg>VC</arg>
<arg>VE</arg>
<arg>VG</arg>
<arg>VI</arg>
<arg>VN</arg>
<arg>VU</arg>
<arg>WF</arg>
<arg>WS</arg>
<arg>XK</arg>
<arg>YE</arg>
<arg>YT</arg>
<arg>ZA</arg>
<arg>ZM</arg>
<arg>ZW</arg>
<doc>Returns a list containing given items.</doc>
<status status="PASS" start="2024-04-26T08:17:49.431849" elapsed="0.000862"/>
</kw>
<kw name="List Should Contain Value" owner="Collections">
<msg time="2024-04-26T08:17:49.433924" level="INFO">False</msg>
<arg>${list_country}</arg>
<arg>${name_country}</arg>
<doc>Fails if the ``value`` is not found from ``list``.</doc>
<status status="PASS" start="2024-04-26T08:17:49.433683" elapsed="0.000283"/>
</kw>
<kw name="Run Keyword If" owner="BuiltIn">
<kw name="Should Be True" owner="BuiltIn">
<arg>${True}</arg>
<doc>Fails if the given condition is not true.</doc>
<status status="PASS" start="2024-04-26T08:17:49.435212" elapsed="0.000160"/>
</kw>
<arg>${json_data["results"][0]["location"]["coordinates"]["latitude"]} &gt;= -90 and ${json_data["results"][0]["location"]["coordinates"]["latitude"]} &lt;= 90</arg>
<arg>Should Be True</arg>
<arg>${True}</arg>
<doc>Runs the given keyword with the given arguments, if ``condition`` is true.</doc>
<status status="PASS" start="2024-04-26T08:17:49.434320" elapsed="0.001193"/>
</kw>
<kw name="Run Keyword If" owner="BuiltIn">
<kw name="Should Be True" owner="BuiltIn">
<arg>${True}</arg>
<doc>Fails if the given condition is not true.</doc>
<status status="PASS" start="2024-04-26T08:17:49.436578" elapsed="0.000289"/>
</kw>
<arg>${json_data["results"][0]["location"]["coordinates"]["longitude"]} &gt;= -180 and ${json_data["results"][0]["location"]["coordinates"]["longitude"]} &lt;= 180</arg>
<arg>Should Be True</arg>
<arg>${True}</arg>
<doc>Runs the given keyword with the given arguments, if ``condition`` is true.</doc>
<status status="PASS" start="2024-04-26T08:17:49.435726" elapsed="0.001284"/>
</kw>
<status status="PASS" start="2024-04-26T08:17:49.330487" elapsed="0.106672"/>
</kw>
<doc>Testa o conteúdo específico dos campos retornados pela API.</doc>
<tag>testeConteudo</tag>
<status status="PASS" start="2024-04-26T08:17:49.329938" elapsed="0.107390"/>
</test>
<status status="PASS" start="2024-04-26T08:17:48.360227" elapsed="1.079409"/>
</suite>
<status status="PASS" start="2024-04-26T08:17:48.345066" elapsed="1.101288"/>
</suite>
<statistics>
<total>
<stat pass="5" fail="0" skip="0">All Tests</stat>
</total>
<tag>
<stat pass="1" fail="0" skip="0">testeConteudo</stat>
<stat pass="1" fail="0" skip="0">testeEstruturaResposta</stat>
<stat pass="1" fail="0" skip="0">testeRequisicaoBasica</stat>
<stat pass="1" fail="0" skip="0">testeTiposDados</stat>
</tag>
<suite>
<stat pass="5" fail="0" skip="0" id="s1" name="Tests">Tests</stat>
<stat pass="5" fail="0" skip="0" id="s1-s1" name="Random-User-Test">Tests.Random-User-Test</stat>
</suite>
</statistics>
<errors>
</errors>
</robot>
