<?xml version="1.0" encoding="UTF-8"?>
<robot generator="Robot 7.0 (Python 3.12.3 on linux)" generated="2024-04-19T16:18:49.459483" rpa="false" schemaversion="5">
<suite id="s1" name="Tests" source="/home/runner/work/DesafioQAItauRogerioJordao/DesafioQAItauRogerioJordao/RamdonUser/tests">
<suite id="s1-s1" name="Random-User-Test" source="/home/runner/work/DesafioQAItauRogerioJordao/DesafioQAItauRogerioJordao/RamdonUser/tests/random-user-test.robot">
<test id="s1-s1-t1" name="Conectar" line="13">
<kw name="Conectar API" owner="random-user-service">
<kw name="Create Session" owner="RequestsLibrary">
<msg time="2024-04-19T16:18:49.827679" level="INFO">Creating Session using : alias=consultarAPI, url=https://randomuser.me/, headers={},                     cookies={}, auth=None, timeout=None, proxies=None, verify=False,                     debug=0 </msg>
<arg>consultarAPI</arg>
<arg>${URL}</arg>
<doc>Create Session: create a HTTP session to a server</doc>
<status status="PASS" start="2024-04-19T16:18:49.827477" elapsed="0.000380"/>
</kw>
<status status="PASS" start="2024-04-19T16:18:49.826465" elapsed="0.001751"/>
</kw>
<status status="PASS" start="2024-04-19T16:18:49.825915" elapsed="0.002493"/>
</test>
<test id="s1-s1-t2" name="Validar retorno 200 e JSON Válido" line="16">
<kw name="Teste de Requisicao Basica" owner="random-user-service">
<kw name="GET On Session" owner="RequestsLibrary">
<msg time="2024-04-19T16:18:49.969065" level="INFO">GET Request : url=https://randomuser.me/api 
 path_url=/api 
 headers={'User-Agent': 'python-requests/2.31.0', 'Accept-Encoding': 'gzip, deflate', 'Accept': '*/*', 'Connection': 'keep-alive'} 
 body=None 
 </msg>
<msg time="2024-04-19T16:18:49.969224" level="INFO">GET Response : url=https://randomuser.me/api 
 status=200, reason=OK 
 headers={'Date': 'Fri, 19 Apr 2024 16:18:49 GMT', 'Content-Type': 'application/json; charset=utf-8', 'Transfer-Encoding': 'chunked', 'Connection': 'keep-alive', 'X-Powered-By': 'Express', 'Access-Control-Allow-Origin': '*', 'Cache-Control': 'no-cache', 'ETag': 'W/"4ab-r9EFSS5++8N7CS2xSpBiYyk17/M"', 'Vary': 'Accept-Encoding', 'Content-Encoding': 'gzip', 'CF-Cache-Status': 'DYNAMIC', 'Report-To': '{"endpoints":[{"url":"https:\\/\\/a.nel.cloudflare.com\\/report\\/v4?s=%2FE9J8zB2I6dCPLzHXT6tNhGGta%2F64Xrl6YzE%2FfObKU%2Fbi2CkzFoCEFrDPkd4EtwZZbNAb1oMOo%2FwMcNf3eZtk7N0baTiCktiuy66H1GFlvvu3Om%2BLaAwXz3Ysht5VXAT"}],"group":"cf-nel","max_age":604800}', 'NEL': '{"success_fraction":0,"report_to":"cf-nel","max_age":604800}', 'Server': 'cloudflare', 'CF-RAY': '876e3675a9d40231-ORD', 'alt-svc': 'h3=":443"; ma=86400'} 
 body={"results":[{"gender":"male","name":{"title":"Mr","first":"Custódio","last":"Almeida"},"location":{"street":{"number":1258,"name":"Rua Santos Dumont "},"city":"Valinhos","state":"Minas Gerais","country":"Brazil","postcode":12453,"coordinates":{"latitude":"-76.5748","longitude":"-19.2209"},"timezone":{"offset":"-5:00","description":"Eastern Time (US &amp; Canada), Bogota, Lima"}},"email":"custodio.almeida@example.com","login":{"uuid":"3042bf70-b86c-473d-875c-58f9e58a6230","username":"goldenpeacock404","password":"jackpot","salt":"THAWBp2q","md5":"9c25062b2beef1cc1f9d27a96c422fa5","sha1":"57c01b047749cfcef9e6da72de9af89b93cf7b4d","sha256":"065352bb73ffe6e68a27d064c0f326c667be5349520a8c0640f5940dbabda729"},"dob":{"date":"1975-08-10T00:25:50.182Z","age":48},"registered":{"date":"2022-01-22T21:29:34.413Z","age":2},"phone":"(93) 5641-2087","cell":"(53) 5330-7716","id":{"name":"CPF","value":"689.100.125-51"},"picture":{"large":"https://randomuser.me/api/portraits/men/58.jpg","medium":"https://randomuser.me/api/portraits/med/men/58.jpg","thumbnail":"https://randomuser.me/api/portraits/thumb/men/58.jpg"},"nat":"BR"}],"info":{"seed":"695d091a13639868","results":1,"page":1,"version":"1.4"}} 
 </msg>
<msg time="2024-04-19T16:18:49.969317" level="INFO">/opt/hostedtoolcache/Python/3.12.3/x64/lib/python3.12/site-packages/urllib3/connectionpool.py:1103: InsecureRequestWarning: Unverified HTTPS request is being made to host 'randomuser.me'. Adding certificate verification is strongly advised. See: https://urllib3.readthedocs.io/en/latest/advanced-usage.html#tls-warnings
  warnings.warn(</msg>
<msg time="2024-04-19T16:18:49.969470" level="INFO">${response} = &lt;Response [200]&gt;</msg>
<var>${response}</var>
<arg>consultarAPI</arg>
<arg>/api</arg>
<doc>Sends a GET request on a previously created HTTP Session.</doc>
<status status="PASS" start="2024-04-19T16:18:49.831014" elapsed="0.138499"/>
</kw>
<kw name="Should Be Equal As Numbers" owner="BuiltIn">
<msg time="2024-04-19T16:18:49.970547" level="INFO">Argument types are:
&lt;class 'int'&gt;
&lt;class 'str'&gt;</msg>
<arg>${response.status_code}</arg>
<arg>200</arg>
<doc>Fails if objects are unequal after converting them to real numbers.</doc>
<status status="PASS" start="2024-04-19T16:18:49.970079" elapsed="0.000535"/>
</kw>
<kw name="Log" owner="BuiltIn">
<msg time="2024-04-19T16:18:49.971385" level="INFO">200</msg>
<arg>${response.status_code}</arg>
<doc>Logs the given message with the given level.</doc>
<status status="PASS" start="2024-04-19T16:18:49.971017" elapsed="0.000411"/>
</kw>
<kw name="Set Variable" owner="BuiltIn">
<msg time="2024-04-19T16:18:49.972194" level="INFO">${json_data} = {'results': [{'gender': 'male', 'name': {'title': 'Mr', 'first': 'Custódio', 'last': 'Almeida'}, 'location': {'street': {'number': 1258, 'name': 'Rua Santos Dumont '}, 'city': 'Valinhos', 'state': 'Mi...</msg>
<var>${json_data}</var>
<arg>${response.json()}</arg>
<doc>Returns the given values which can then be assigned to a variables.</doc>
<status status="PASS" start="2024-04-19T16:18:49.971739" elapsed="0.000484"/>
</kw>
<kw name="Dictionary Should Contain Key" owner="Collections">
<msg time="2024-04-19T16:18:49.972711" level="INFO">False</msg>
<arg>${json_data}</arg>
<arg>results</arg>
<doc>Fails if ``key`` is not found from ``dictionary``.</doc>
<status status="PASS" start="2024-04-19T16:18:49.972536" elapsed="0.000216"/>
</kw>
<status status="PASS" start="2024-04-19T16:18:49.830721" elapsed="0.142293"/>
</kw>
<doc>Testa se a API responde corretamente e retorna um objeto JSON válido.</doc>
<tag>testeRequisicaoBasica</tag>
<status status="PASS" start="2024-04-19T16:18:49.830259" elapsed="0.142944"/>
</test>
<test id="s1-s1-t3" name="Validar estrutura de resposta" line="22">
<kw name="Teste de Estrutura de Resposta" owner="random-user-service">
<kw name="GET On Session" owner="RequestsLibrary">
<msg time="2024-04-19T16:18:50.057746" level="INFO">GET Request : url=https://randomuser.me/api 
 path_url=/api 
 headers={'User-Agent': 'python-requests/2.31.0', 'Accept-Encoding': 'gzip, deflate', 'Accept': '*/*', 'Connection': 'keep-alive'} 
 body=None 
 </msg>
<msg time="2024-04-19T16:18:50.057859" level="INFO">GET Response : url=https://randomuser.me/api 
 status=200, reason=OK 
 headers={'Date': 'Fri, 19 Apr 2024 16:18:50 GMT', 'Content-Type': 'application/json; charset=utf-8', 'Transfer-Encoding': 'chunked', 'Connection': 'keep-alive', 'X-Powered-By': 'Express', 'Access-Control-Allow-Origin': '*', 'Cache-Control': 'no-cache', 'ETag': 'W/"46c-MSRD7PtdnoWWFBXESsgMC5MiM0o"', 'Vary': 'Accept-Encoding', 'Content-Encoding': 'gzip', 'CF-Cache-Status': 'DYNAMIC', 'Report-To': '{"endpoints":[{"url":"https:\\/\\/a.nel.cloudflare.com\\/report\\/v4?s=CE%2BkRqYwV%2B4NeVO7ArQa2lHv%2BCxVg72UUKczvXWztnoqFdKuYYNNgc9XAJBFdoeRU4QaDU0DKKfD3TnhjMRg%2BTrlyfHJchX0kb7eKWLzHNNjxjwGjPofZNExJ3x2pgxs"}],"group":"cf-nel","max_age":604800}', 'NEL': '{"success_fraction":0,"report_to":"cf-nel","max_age":604800}', 'Server': 'cloudflare', 'CF-RAY': '876e36765b3a0231-ORD', 'alt-svc': 'h3=":443"; ma=86400'} 
 body={"results":[{"gender":"male","name":{"title":"Mr","first":"Ivica","last":"Mihajlović"},"location":{"street":{"number":7195,"name":"Kotlinska"},"city":"Kragujevac","state":"Nišava","country":"Serbia","postcode":80662,"coordinates":{"latitude":"60.9115","longitude":"-103.7269"},"timezone":{"offset":"+4:30","description":"Kabul"}},"email":"ivica.mihajlovic@example.com","login":{"uuid":"56ab656c-74c0-4f92-a263-f1cb99e914db","username":"happyduck967","password":"bert","salt":"CrWd9Jk6","md5":"2d3bc164e8a3a16d8ddc1197cb9cb4fd","sha1":"3033a811d7d9d4450b8faacd404de91b6bdc2e33","sha256":"86b058826319d56f92c71aabec6aa81edcfa12700455efcc343aad3bae41c2a7"},"dob":{"date":"1948-11-16T14:51:16.705Z","age":75},"registered":{"date":"2017-12-24T10:34:06.077Z","age":6},"phone":"025-9612-873","cell":"060-2912-221","id":{"name":"SID","value":"574351398"},"picture":{"large":"https://randomuser.me/api/portraits/men/71.jpg","medium":"https://randomuser.me/api/portraits/med/men/71.jpg","thumbnail":"https://randomuser.me/api/portraits/thumb/men/71.jpg"},"nat":"RS"}],"info":{"seed":"714327d664d0c804","results":1,"page":1,"version":"1.4"}} 
 </msg>
<msg time="2024-04-19T16:18:50.058007" level="INFO">/opt/hostedtoolcache/Python/3.12.3/x64/lib/python3.12/site-packages/urllib3/connectionpool.py:1103: InsecureRequestWarning: Unverified HTTPS request is being made to host 'randomuser.me'. Adding certificate verification is strongly advised. See: https://urllib3.readthedocs.io/en/latest/advanced-usage.html#tls-warnings
  warnings.warn(</msg>
<msg time="2024-04-19T16:18:50.058129" level="INFO">${response} = &lt;Response [200]&gt;</msg>
<var>${response}</var>
<arg>consultarAPI</arg>
<arg>/api</arg>
<doc>Sends a GET request on a previously created HTTP Session.</doc>
<status status="PASS" start="2024-04-19T16:18:49.975830" elapsed="0.082334"/>
</kw>
<kw name="Set Variable" owner="BuiltIn">
<msg time="2024-04-19T16:18:50.059275" level="INFO">${json_data} = {'results': [{'gender': 'male', 'name': {'title': 'Mr', 'first': 'Ivica', 'last': 'Mihajlović'}, 'location': {'street': {'number': 7195, 'name': 'Kotlinska'}, 'city': 'Kragujevac', 'state': 'Nišava', ...</msg>
<var>${json_data}</var>
<arg>${response.json()}</arg>
<doc>Returns the given values which can then be assigned to a variables.</doc>
<status status="PASS" start="2024-04-19T16:18:50.058686" elapsed="0.000621"/>
</kw>
<kw name="Log" owner="BuiltIn">
<msg time="2024-04-19T16:18:50.059786" level="INFO">{'results': [{'gender': 'male', 'name': {'title': 'Mr', 'first': 'Ivica', 'last': 'Mihajlović'}, 'location': {'street': {'number': 7195, 'name': 'Kotlinska'}, 'city': 'Kragujevac', 'state': 'Nišava', 'country': 'Serbia', 'postcode': 80662, 'coordinates': {'latitude': '60.9115', 'longitude': '-103.7269'}, 'timezone': {'offset': '+4:30', 'description': 'Kabul'}}, 'email': 'ivica.mihajlovic@example.com', 'login': {'uuid': '56ab656c-74c0-4f92-a263-f1cb99e914db', 'username': 'happyduck967', 'password': 'bert', 'salt': 'CrWd9Jk6', 'md5': '2d3bc164e8a3a16d8ddc1197cb9cb4fd', 'sha1': '3033a811d7d9d4450b8faacd404de91b6bdc2e33', 'sha256': '86b058826319d56f92c71aabec6aa81edcfa12700455efcc343aad3bae41c2a7'}, 'dob': {'date': '1948-11-16T14:51:16.705Z', 'age': 75}, 'registered': {'date': '2017-12-24T10:34:06.077Z', 'age': 6}, 'phone': '025-9612-873', 'cell': '060-2912-221', 'id': {'name': 'SID', 'value': '574351398'}, 'picture': {'large': 'https://randomuser.me/api/portraits/men/71.jpg', 'medium': 'https://randomuser.me/api/portraits/med/men/71.jpg', 'thumbnail': 'https://randomuser.me/api/portraits/thumb/men/71.jpg'}, 'nat': 'RS'}], 'info': {'seed': '714327d664d0c804', 'results': 1, 'page': 1, 'version': '1.4'}}</msg>
<arg>${json_data}</arg>
<doc>Logs the given message with the given level.</doc>
<status status="PASS" start="2024-04-19T16:18:50.059620" elapsed="0.000219"/>
</kw>
<kw name="Dictionary Should Contain Key" owner="Collections">
<msg time="2024-04-19T16:18:50.060302" level="INFO">False</msg>
<arg>${json_data}</arg>
<arg>results</arg>
<doc>Fails if ``key`` is not found from ``dictionary``.</doc>
<status status="PASS" start="2024-04-19T16:18:50.060137" elapsed="0.000203"/>
</kw>
<kw name="Should Not Be Empty" owner="BuiltIn">
<msg time="2024-04-19T16:18:50.060763" level="INFO">Length is 2.</msg>
<arg>${json_data}</arg>
<doc>Verifies that the given item is not empty.</doc>
<status status="PASS" start="2024-04-19T16:18:50.060632" elapsed="0.000340"/>
</kw>
<kw name="Create List" owner="BuiltIn">
<msg time="2024-04-19T16:18:50.061421" level="INFO">${expected_keys} = ['gender', 'name', 'location', 'email', 'login']</msg>
<var>${expected_keys}</var>
<arg>gender</arg>
<arg>name</arg>
<arg>location</arg>
<arg>email</arg>
<arg>login</arg>
<doc>Returns a list containing given items.</doc>
<status status="PASS" start="2024-04-19T16:18:50.061270" elapsed="0.000175"/>
</kw>
<for flavor="IN">
<iter>
<kw name="Dictionary Should Contain Key" owner="Collections">
<msg time="2024-04-19T16:18:50.062433" level="INFO">False</msg>
<arg>${json_data['results'][0]}</arg>
<arg>${key}</arg>
<doc>Fails if ``key`` is not found from ``dictionary``.</doc>
<status status="PASS" start="2024-04-19T16:18:50.062029" elapsed="0.000443"/>
</kw>
<kw name="Log" owner="BuiltIn">
<msg time="2024-04-19T16:18:50.063163" level="INFO">{'gender': 'male', 'name': {'title': 'Mr', 'first': 'Ivica', 'last': 'Mihajlović'}, 'location': {'street': {'number': 7195, 'name': 'Kotlinska'}, 'city': 'Kragujevac', 'state': 'Nišava', 'country': 'Serbia', 'postcode': 80662, 'coordinates': {'latitude': '60.9115', 'longitude': '-103.7269'}, 'timezone': {'offset': '+4:30', 'description': 'Kabul'}}, 'email': 'ivica.mihajlovic@example.com', 'login': {'uuid': '56ab656c-74c0-4f92-a263-f1cb99e914db', 'username': 'happyduck967', 'password': 'bert', 'salt': 'CrWd9Jk6', 'md5': '2d3bc164e8a3a16d8ddc1197cb9cb4fd', 'sha1': '3033a811d7d9d4450b8faacd404de91b6bdc2e33', 'sha256': '86b058826319d56f92c71aabec6aa81edcfa12700455efcc343aad3bae41c2a7'}, 'dob': {'date': '1948-11-16T14:51:16.705Z', 'age': 75}, 'registered': {'date': '2017-12-24T10:34:06.077Z', 'age': 6}, 'phone': '025-9612-873', 'cell': '060-2912-221', 'id': {'name': 'SID', 'value': '574351398'}, 'picture': {'large': 'https://randomuser.me/api/portraits/men/71.jpg', 'medium': 'https://randomuser.me/api/portraits/med/men/71.jpg', 'thumbnail': 'https://randomuser.me/api/portraits/thumb/men/71.jpg'}, 'nat': 'RS'}</msg>
<arg>${json_data['results'][0]}</arg>
<doc>Logs the given message with the given level.</doc>
<status status="PASS" start="2024-04-19T16:18:50.062770" elapsed="0.000445"/>
</kw>
<kw name="Log" owner="BuiltIn">
<msg time="2024-04-19T16:18:50.063636" level="INFO">gender</msg>
<arg>${key}</arg>
<doc>Logs the given message with the given level.</doc>
<status status="PASS" start="2024-04-19T16:18:50.063510" elapsed="0.000164"/>
</kw>
<var name="${key}">gender</var>
<status status="PASS" start="2024-04-19T16:18:50.061898" elapsed="0.001990"/>
</iter>
<iter>
<kw name="Dictionary Should Contain Key" owner="Collections">
<msg time="2024-04-19T16:18:50.064581" level="INFO">False</msg>
<arg>${json_data['results'][0]}</arg>
<arg>${key}</arg>
<doc>Fails if ``key`` is not found from ``dictionary``.</doc>
<status status="PASS" start="2024-04-19T16:18:50.064188" elapsed="0.000431"/>
</kw>
<kw name="Log" owner="BuiltIn">
<msg time="2024-04-19T16:18:50.065321" level="INFO">{'gender': 'male', 'name': {'title': 'Mr', 'first': 'Ivica', 'last': 'Mihajlović'}, 'location': {'street': {'number': 7195, 'name': 'Kotlinska'}, 'city': 'Kragujevac', 'state': 'Nišava', 'country': 'Serbia', 'postcode': 80662, 'coordinates': {'latitude': '60.9115', 'longitude': '-103.7269'}, 'timezone': {'offset': '+4:30', 'description': 'Kabul'}}, 'email': 'ivica.mihajlovic@example.com', 'login': {'uuid': '56ab656c-74c0-4f92-a263-f1cb99e914db', 'username': 'happyduck967', 'password': 'bert', 'salt': 'CrWd9Jk6', 'md5': '2d3bc164e8a3a16d8ddc1197cb9cb4fd', 'sha1': '3033a811d7d9d4450b8faacd404de91b6bdc2e33', 'sha256': '86b058826319d56f92c71aabec6aa81edcfa12700455efcc343aad3bae41c2a7'}, 'dob': {'date': '1948-11-16T14:51:16.705Z', 'age': 75}, 'registered': {'date': '2017-12-24T10:34:06.077Z', 'age': 6}, 'phone': '025-9612-873', 'cell': '060-2912-221', 'id': {'name': 'SID', 'value': '574351398'}, 'picture': {'large': 'https://randomuser.me/api/portraits/men/71.jpg', 'medium': 'https://randomuser.me/api/portraits/med/men/71.jpg', 'thumbnail': 'https://randomuser.me/api/portraits/thumb/men/71.jpg'}, 'nat': 'RS'}</msg>
<arg>${json_data['results'][0]}</arg>
<doc>Logs the given message with the given level.</doc>
<status status="PASS" start="2024-04-19T16:18:50.064947" elapsed="0.000426"/>
</kw>
<kw name="Log" owner="BuiltIn">
<msg time="2024-04-19T16:18:50.065803" level="INFO">name</msg>
<arg>${key}</arg>
<doc>Logs the given message with the given level.</doc>
<status status="PASS" start="2024-04-19T16:18:50.065676" elapsed="0.000165"/>
</kw>
<var name="${key}">name</var>
<status status="PASS" start="2024-04-19T16:18:50.064074" elapsed="0.001981"/>
</iter>
<iter>
<kw name="Dictionary Should Contain Key" owner="Collections">
<msg time="2024-04-19T16:18:50.066730" level="INFO">False</msg>
<arg>${json_data['results'][0]}</arg>
<arg>${key}</arg>
<doc>Fails if ``key`` is not found from ``dictionary``.</doc>
<status status="PASS" start="2024-04-19T16:18:50.066346" elapsed="0.000422"/>
</kw>
<kw name="Log" owner="BuiltIn">
<msg time="2024-04-19T16:18:50.067485" level="INFO">{'gender': 'male', 'name': {'title': 'Mr', 'first': 'Ivica', 'last': 'Mihajlović'}, 'location': {'street': {'number': 7195, 'name': 'Kotlinska'}, 'city': 'Kragujevac', 'state': 'Nišava', 'country': 'Serbia', 'postcode': 80662, 'coordinates': {'latitude': '60.9115', 'longitude': '-103.7269'}, 'timezone': {'offset': '+4:30', 'description': 'Kabul'}}, 'email': 'ivica.mihajlovic@example.com', 'login': {'uuid': '56ab656c-74c0-4f92-a263-f1cb99e914db', 'username': 'happyduck967', 'password': 'bert', 'salt': 'CrWd9Jk6', 'md5': '2d3bc164e8a3a16d8ddc1197cb9cb4fd', 'sha1': '3033a811d7d9d4450b8faacd404de91b6bdc2e33', 'sha256': '86b058826319d56f92c71aabec6aa81edcfa12700455efcc343aad3bae41c2a7'}, 'dob': {'date': '1948-11-16T14:51:16.705Z', 'age': 75}, 'registered': {'date': '2017-12-24T10:34:06.077Z', 'age': 6}, 'phone': '025-9612-873', 'cell': '060-2912-221', 'id': {'name': 'SID', 'value': '574351398'}, 'picture': {'large': 'https://randomuser.me/api/portraits/men/71.jpg', 'medium': 'https://randomuser.me/api/portraits/med/men/71.jpg', 'thumbnail': 'https://randomuser.me/api/portraits/thumb/men/71.jpg'}, 'nat': 'RS'}</msg>
<arg>${json_data['results'][0]}</arg>
<doc>Logs the given message with the given level.</doc>
<status status="PASS" start="2024-04-19T16:18:50.067113" elapsed="0.000424"/>
</kw>
<kw name="Log" owner="BuiltIn">
<msg time="2024-04-19T16:18:50.067965" level="INFO">location</msg>
<arg>${key}</arg>
<doc>Logs the given message with the given level.</doc>
<status status="PASS" start="2024-04-19T16:18:50.067839" elapsed="0.000165"/>
</kw>
<var name="${key}">location</var>
<status status="PASS" start="2024-04-19T16:18:50.066234" elapsed="0.001983"/>
</iter>
<iter>
<kw name="Dictionary Should Contain Key" owner="Collections">
<msg time="2024-04-19T16:18:50.068895" level="INFO">False</msg>
<arg>${json_data['results'][0]}</arg>
<arg>${key}</arg>
<doc>Fails if ``key`` is not found from ``dictionary``.</doc>
<status status="PASS" start="2024-04-19T16:18:50.068506" elapsed="0.000427"/>
</kw>
<kw name="Log" owner="BuiltIn">
<msg time="2024-04-19T16:18:50.069598" level="INFO">{'gender': 'male', 'name': {'title': 'Mr', 'first': 'Ivica', 'last': 'Mihajlović'}, 'location': {'street': {'number': 7195, 'name': 'Kotlinska'}, 'city': 'Kragujevac', 'state': 'Nišava', 'country': 'Serbia', 'postcode': 80662, 'coordinates': {'latitude': '60.9115', 'longitude': '-103.7269'}, 'timezone': {'offset': '+4:30', 'description': 'Kabul'}}, 'email': 'ivica.mihajlovic@example.com', 'login': {'uuid': '56ab656c-74c0-4f92-a263-f1cb99e914db', 'username': 'happyduck967', 'password': 'bert', 'salt': 'CrWd9Jk6', 'md5': '2d3bc164e8a3a16d8ddc1197cb9cb4fd', 'sha1': '3033a811d7d9d4450b8faacd404de91b6bdc2e33', 'sha256': '86b058826319d56f92c71aabec6aa81edcfa12700455efcc343aad3bae41c2a7'}, 'dob': {'date': '1948-11-16T14:51:16.705Z', 'age': 75}, 'registered': {'date': '2017-12-24T10:34:06.077Z', 'age': 6}, 'phone': '025-9612-873', 'cell': '060-2912-221', 'id': {'name': 'SID', 'value': '574351398'}, 'picture': {'large': 'https://randomuser.me/api/portraits/men/71.jpg', 'medium': 'https://randomuser.me/api/portraits/med/men/71.jpg', 'thumbnail': 'https://randomuser.me/api/portraits/thumb/men/71.jpg'}, 'nat': 'RS'}</msg>
<arg>${json_data['results'][0]}</arg>
<doc>Logs the given message with the given level.</doc>
<status status="PASS" start="2024-04-19T16:18:50.069234" elapsed="0.000417"/>
</kw>
<kw name="Log" owner="BuiltIn">
<msg time="2024-04-19T16:18:50.070072" level="INFO">email</msg>
<arg>${key}</arg>
<doc>Logs the given message with the given level.</doc>
<status status="PASS" start="2024-04-19T16:18:50.069945" elapsed="0.000164"/>
</kw>
<var name="${key}">email</var>
<status status="PASS" start="2024-04-19T16:18:50.068394" elapsed="0.001925"/>
</iter>
<iter>
<kw name="Dictionary Should Contain Key" owner="Collections">
<msg time="2024-04-19T16:18:50.071037" level="INFO">False</msg>
<arg>${json_data['results'][0]}</arg>
<arg>${key}</arg>
<doc>Fails if ``key`` is not found from ``dictionary``.</doc>
<status status="PASS" start="2024-04-19T16:18:50.070601" elapsed="0.000477"/>
</kw>
<kw name="Log" owner="BuiltIn">
<msg time="2024-04-19T16:18:50.071749" level="INFO">{'gender': 'male', 'name': {'title': 'Mr', 'first': 'Ivica', 'last': 'Mihajlović'}, 'location': {'street': {'number': 7195, 'name': 'Kotlinska'}, 'city': 'Kragujevac', 'state': 'Nišava', 'country': 'Serbia', 'postcode': 80662, 'coordinates': {'latitude': '60.9115', 'longitude': '-103.7269'}, 'timezone': {'offset': '+4:30', 'description': 'Kabul'}}, 'email': 'ivica.mihajlovic@example.com', 'login': {'uuid': '56ab656c-74c0-4f92-a263-f1cb99e914db', 'username': 'happyduck967', 'password': 'bert', 'salt': 'CrWd9Jk6', 'md5': '2d3bc164e8a3a16d8ddc1197cb9cb4fd', 'sha1': '3033a811d7d9d4450b8faacd404de91b6bdc2e33', 'sha256': '86b058826319d56f92c71aabec6aa81edcfa12700455efcc343aad3bae41c2a7'}, 'dob': {'date': '1948-11-16T14:51:16.705Z', 'age': 75}, 'registered': {'date': '2017-12-24T10:34:06.077Z', 'age': 6}, 'phone': '025-9612-873', 'cell': '060-2912-221', 'id': {'name': 'SID', 'value': '574351398'}, 'picture': {'large': 'https://randomuser.me/api/portraits/men/71.jpg', 'medium': 'https://randomuser.me/api/portraits/med/men/71.jpg', 'thumbnail': 'https://randomuser.me/api/portraits/thumb/men/71.jpg'}, 'nat': 'RS'}</msg>
<arg>${json_data['results'][0]}</arg>
<doc>Logs the given message with the given level.</doc>
<status status="PASS" start="2024-04-19T16:18:50.071376" elapsed="0.000425"/>
</kw>
<kw name="Log" owner="BuiltIn">
<msg time="2024-04-19T16:18:50.072222" level="INFO">login</msg>
<arg>${key}</arg>
<doc>Logs the given message with the given level.</doc>
<status status="PASS" start="2024-04-19T16:18:50.072096" elapsed="0.000165"/>
</kw>
<var name="${key}">login</var>
<status status="PASS" start="2024-04-19T16:18:50.070491" elapsed="0.001989"/>
</iter>
<var>${key}</var>
<value>@{expected_keys}</value>
<status status="PASS" start="2024-04-19T16:18:50.061702" elapsed="0.010897"/>
</for>
<kw name="Create List" owner="BuiltIn">
<msg time="2024-04-19T16:18:50.072964" level="INFO">${expected_keysTwo} = ['username', 'password']</msg>
<var>${expected_keysTwo}</var>
<arg>username</arg>
<arg>password</arg>
<doc>Returns a list containing given items.</doc>
<status status="PASS" start="2024-04-19T16:18:50.072824" elapsed="0.000164"/>
</kw>
<for flavor="IN">
<iter>
<kw name="Dictionary Should Contain Key" owner="Collections">
<msg time="2024-04-19T16:18:50.073893" level="INFO">False</msg>
<arg>${json_data['results'][0]['login']}</arg>
<arg>${keyTwo}</arg>
<doc>Fails if ``key`` is not found from ``dictionary``.</doc>
<status status="PASS" start="2024-04-19T16:18:50.073504" elapsed="0.000428"/>
</kw>
<kw name="Dictionary Should Contain Key" owner="Collections">
<msg time="2024-04-19T16:18:50.074605" level="INFO">False</msg>
<arg>${json_data['results'][0]['login']}</arg>
<arg>${keyTwo}</arg>
<doc>Fails if ``key`` is not found from ``dictionary``.</doc>
<status status="PASS" start="2024-04-19T16:18:50.074223" elapsed="0.000421"/>
</kw>
<kw name="Log" owner="BuiltIn">
<msg time="2024-04-19T16:18:50.075096" level="INFO">username</msg>
<arg>${keyTwo}</arg>
<doc>Logs the given message with the given level.</doc>
<status status="PASS" start="2024-04-19T16:18:50.074957" elapsed="0.000181"/>
</kw>
<var name="${keyTwo}">username</var>
<status status="PASS" start="2024-04-19T16:18:50.073395" elapsed="0.001959"/>
</iter>
<iter>
<kw name="Dictionary Should Contain Key" owner="Collections">
<msg time="2024-04-19T16:18:50.076102" level="INFO">False</msg>
<arg>${json_data['results'][0]['login']}</arg>
<arg>${keyTwo}</arg>
<doc>Fails if ``key`` is not found from ``dictionary``.</doc>
<status status="PASS" start="2024-04-19T16:18:50.075634" elapsed="0.000513"/>
</kw>
<kw name="Dictionary Should Contain Key" owner="Collections">
<msg time="2024-04-19T16:18:50.076819" level="INFO">False</msg>
<arg>${json_data['results'][0]['login']}</arg>
<arg>${keyTwo}</arg>
<doc>Fails if ``key`` is not found from ``dictionary``.</doc>
<status status="PASS" start="2024-04-19T16:18:50.076443" elapsed="0.000413"/>
</kw>
<kw name="Log" owner="BuiltIn">
<msg time="2024-04-19T16:18:50.077273" level="INFO">password</msg>
<arg>${keyTwo}</arg>
<doc>Logs the given message with the given level.</doc>
<status status="PASS" start="2024-04-19T16:18:50.077148" elapsed="0.000163"/>
</kw>
<var name="${keyTwo}">password</var>
<status status="PASS" start="2024-04-19T16:18:50.075524" elapsed="0.002001"/>
</iter>
<var>${keyTwo}</var>
<value>@{expected_keysTwo}</value>
<status status="PASS" start="2024-04-19T16:18:50.073239" elapsed="0.004407"/>
</for>
<status status="PASS" start="2024-04-19T16:18:49.975587" elapsed="0.102202"/>
</kw>
<doc>Testa a estrutura da resposta da API.</doc>
<tag>testeEstruturaResposta</tag>
<status status="PASS" start="2024-04-19T16:18:49.975054" elapsed="0.102894"/>
</test>
<test id="s1-s1-t4" name="Validar tipos de dados" line="28">
<kw name="Teste de Tipos de Dados" owner="random-user-service">
<kw name="GET On Session" owner="RequestsLibrary">
<msg time="2024-04-19T16:18:50.153119" level="INFO">GET Request : url=https://randomuser.me/api 
 path_url=/api 
 headers={'User-Agent': 'python-requests/2.31.0', 'Accept-Encoding': 'gzip, deflate', 'Accept': '*/*', 'Connection': 'keep-alive'} 
 body=None 
 </msg>
<msg time="2024-04-19T16:18:50.153208" level="INFO">GET Response : url=https://randomuser.me/api 
 status=200, reason=OK 
 headers={'Date': 'Fri, 19 Apr 2024 16:18:50 GMT', 'Content-Type': 'application/json; charset=utf-8', 'Transfer-Encoding': 'chunked', 'Connection': 'keep-alive', 'X-Powered-By': 'Express', 'Access-Control-Allow-Origin': '*', 'Cache-Control': 'no-cache', 'ETag': 'W/"49e-KWW8kDY2RSuXPDipaJRWggNvSI0"', 'Vary': 'Accept-Encoding', 'Content-Encoding': 'gzip', 'CF-Cache-Status': 'DYNAMIC', 'Report-To': '{"endpoints":[{"url":"https:\\/\\/a.nel.cloudflare.com\\/report\\/v4?s=Z3HAwSaVP9rLewz6T8NaJBmBxzSaabfEf52o%2B9L6wcpLjip0r%2F7A7tjRuJdR4qLUV7mgiSwmi%2Bwtb3Fb1XES5T0pH5CQtSGzs3Aenf9c0G6uyLfytFV68O3ZIKJchLS3"}],"group":"cf-nel","max_age":604800}', 'NEL': '{"success_fraction":0,"report_to":"cf-nel","max_age":604800}', 'Server': 'cloudflare', 'CF-RAY': '876e36770ccb0231-ORD', 'alt-svc': 'h3=":443"; ma=86400'} 
 body={"results":[{"gender":"female","name":{"title":"Mrs","first":"بهاره","last":"نجاتی"},"location":{"street":{"number":3842,"name":"جمهوری اسلامی"},"city":"بیرجند","state":"مرکزی","country":"Iran","postcode":47453,"coordinates":{"latitude":"20.7734","longitude":"176.1270"},"timezone":{"offset":"+3:00","description":"Baghdad, Riyadh, Moscow, St. Petersburg"}},"email":"bhrh.njty@example.com","login":{"uuid":"4b88634a-6db0-456b-ad0b-e720d41d5e4a","username":"sadwolf540","password":"878787","salt":"1RcwAT42","md5":"27373905f9c2a63548aae5e41cf70114","sha1":"55240bbea65336df0e0047efc9625e376fa0738b","sha256":"ac8cf10e5d7e2c8d69db2d3ac0d3fd542bd442c0133107f1e8da69900dc2d9bd"},"dob":{"date":"1953-02-18T21:31:03.415Z","age":71},"registered":{"date":"2002-04-06T09:08:02.943Z","age":22},"phone":"021-83926486","cell":"0991-977-1153","id":{"name":"","value":null},"picture":{"large":"https://randomuser.me/api/portraits/women/83.jpg","medium":"https://randomuser.me/api/portraits/med/women/83.jpg","thumbnail":"https://randomuser.me/api/portraits/thumb/women/83.jpg"},"nat":"IR"}],"info":{"seed":"9f0d8a7a3391048d","results":1,"page":1,"version":"1.4"}} 
 </msg>
<msg time="2024-04-19T16:18:50.153271" level="INFO">/opt/hostedtoolcache/Python/3.12.3/x64/lib/python3.12/site-packages/urllib3/connectionpool.py:1103: InsecureRequestWarning: Unverified HTTPS request is being made to host 'randomuser.me'. Adding certificate verification is strongly advised. See: https://urllib3.readthedocs.io/en/latest/advanced-usage.html#tls-warnings
  warnings.warn(</msg>
<msg time="2024-04-19T16:18:50.153360" level="INFO">${response} = &lt;Response [200]&gt;</msg>
<var>${response}</var>
<arg>consultarAPI</arg>
<arg>/api</arg>
<doc>Sends a GET request on a previously created HTTP Session.</doc>
<status status="PASS" start="2024-04-19T16:18:50.080490" elapsed="0.072899"/>
</kw>
<kw name="Set Variable" owner="BuiltIn">
<msg time="2024-04-19T16:18:50.154283" level="INFO">${json_data} = {'results': [{'gender': 'female', 'name': {'title': 'Mrs', 'first': 'بهاره', 'last': 'نجاتی'}, 'location': {'street': {'number': 3842, 'name': 'جمهوری اسلامی'}, 'city': 'بیرجند', 'state': 'مرکزی', 'co...</msg>
<var>${json_data}</var>
<arg>${response.json()}</arg>
<doc>Returns the given values which can then be assigned to a variables.</doc>
<status status="PASS" start="2024-04-19T16:18:50.153797" elapsed="0.000516"/>
</kw>
<kw name="Log" owner="BuiltIn">
<msg time="2024-04-19T16:18:50.154780" level="INFO">{'results': [{'gender': 'female', 'name': {'title': 'Mrs', 'first': 'بهاره', 'last': 'نجاتی'}, 'location': {'street': {'number': 3842, 'name': 'جمهوری اسلامی'}, 'city': 'بیرجند', 'state': 'مرکزی', 'country': 'Iran', 'postcode': 47453, 'coordinates': {'latitude': '20.7734', 'longitude': '176.1270'}, 'timezone': {'offset': '+3:00', 'description': 'Baghdad, Riyadh, Moscow, St. Petersburg'}}, 'email': 'bhrh.njty@example.com', 'login': {'uuid': '4b88634a-6db0-456b-ad0b-e720d41d5e4a', 'username': 'sadwolf540', 'password': '878787', 'salt': '1RcwAT42', 'md5': '27373905f9c2a63548aae5e41cf70114', 'sha1': '55240bbea65336df0e0047efc9625e376fa0738b', 'sha256': 'ac8cf10e5d7e2c8d69db2d3ac0d3fd542bd442c0133107f1e8da69900dc2d9bd'}, 'dob': {'date': '1953-02-18T21:31:03.415Z', 'age': 71}, 'registered': {'date': '2002-04-06T09:08:02.943Z', 'age': 22}, 'phone': '021-83926486', 'cell': '0991-977-1153', 'id': {'name': '', 'value': None}, 'picture': {'large': 'https://randomuser.me/api/portraits/women/83.jpg', 'medium': 'https://randomuser.me/api/portraits/med/women/83.jpg', 'thumbnail': 'https://randomuser.me/api/portraits/thumb/women/83.jpg'}, 'nat': 'IR'}], 'info': {'seed': '9f0d8a7a3391048d', 'results': 1, 'page': 1, 'version': '1.4'}}</msg>
<arg>${json_data}</arg>
<doc>Logs the given message with the given level.</doc>
<status status="PASS" start="2024-04-19T16:18:50.154624" elapsed="0.000241"/>
</kw>
<kw name="Should Be String" owner="String">
<arg>${json_data['results'][0]['gender']}</arg>
<doc>Fails if the given ``item`` is not a string.</doc>
<status status="PASS" start="2024-04-19T16:18:50.155228" elapsed="0.000360"/>
</kw>
<kw name="Should Match Regexp" owner="BuiltIn">
<arg>${json_data['results'][0]['email']}</arg>
<arg>^[a-zA-Z0-9._%+-]+@[a-zA-Z0-9.-]+\.[a-zA-Z]{2,}$</arg>
<doc>Fails if ``string`` does not match ``pattern`` as a regular expression.</doc>
<status status="PASS" start="2024-04-19T16:18:50.155782" elapsed="0.000507"/>
</kw>
<kw name="Should Match Regexp" owner="BuiltIn">
<arg>${json_data['results'][0]['dob']['date']}</arg>
<arg>\\d{4}-\\d{2}-\\d{2}T\\d{2}:\\d{2}:\\d{2}\\.\\d{3}Z</arg>
<doc>Fails if ``string`` does not match ``pattern`` as a regular expression.</doc>
<status status="PASS" start="2024-04-19T16:18:50.156485" elapsed="0.000478"/>
</kw>
<kw name="Should Match Regexp" owner="BuiltIn">
<arg>${json_data['results'][0]['registered']['date']}</arg>
<arg>\\d{4}-\\d{2}-\\d{2}T\\d{2}:\\d{2}:\\d{2}\\.\\d{3}Z</arg>
<doc>Fails if ``string`` does not match ``pattern`` as a regular expression.</doc>
<status status="PASS" start="2024-04-19T16:18:50.157153" elapsed="0.000368"/>
</kw>
<kw name="Should Match Regexp" owner="BuiltIn">
<arg>${json_data['results'][0]['picture']['large']}</arg>
<arg>^https?://.*\.(?:png|jpe?g|gif|bmp)$</arg>
<doc>Fails if ``string`` does not match ``pattern`` as a regular expression.</doc>
<status status="PASS" start="2024-04-19T16:18:50.157712" elapsed="0.000452"/>
</kw>
<kw name="Should Match Regexp" owner="BuiltIn">
<arg>${json_data['results'][0]['picture']['medium']}</arg>
<arg>^https?://.*\.(?:png|jpe?g|gif|bmp)$</arg>
<doc>Fails if ``string`` does not match ``pattern`` as a regular expression.</doc>
<status status="PASS" start="2024-04-19T16:18:50.158351" elapsed="0.000353"/>
</kw>
<kw name="Should Match Regexp" owner="BuiltIn">
<arg>${json_data['results'][0]['picture']['thumbnail']}</arg>
<arg>^https?://.*\.(?:png|jpe?g|gif|bmp)$</arg>
<doc>Fails if ``string`` does not match ``pattern`` as a regular expression.</doc>
<status status="PASS" start="2024-04-19T16:18:50.158893" elapsed="0.000391"/>
</kw>
<kw name="Log" owner="BuiltIn">
<msg time="2024-04-19T16:18:50.159794" level="INFO">{'large': 'https://randomuser.me/api/portraits/women/83.jpg', 'medium': 'https://randomuser.me/api/portraits/med/women/83.jpg', 'thumbnail': 'https://randomuser.me/api/portraits/thumb/women/83.jpg'}</msg>
<arg>${json_data['results'][0]['picture']}</arg>
<doc>Logs the given message with the given level.</doc>
<status status="PASS" start="2024-04-19T16:18:50.159465" elapsed="0.000371"/>
</kw>
<status status="PASS" start="2024-04-19T16:18:50.080261" elapsed="0.079828"/>
</kw>
<kw name="Teste de Tipos de Dados - Postcode" owner="random-user-service">
<kw name="GET On Session" owner="RequestsLibrary">
<msg time="2024-04-19T16:18:50.252024" level="INFO">GET Request : url=https://randomuser.me/api 
 path_url=/api 
 headers={'User-Agent': 'python-requests/2.31.0', 'Accept-Encoding': 'gzip, deflate', 'Accept': '*/*', 'Connection': 'keep-alive'} 
 body=None 
 </msg>
<msg time="2024-04-19T16:18:50.252131" level="INFO">GET Response : url=https://randomuser.me/api 
 status=200, reason=OK 
 headers={'Date': 'Fri, 19 Apr 2024 16:18:50 GMT', 'Content-Type': 'application/json; charset=utf-8', 'Transfer-Encoding': 'chunked', 'Connection': 'keep-alive', 'X-Powered-By': 'Express', 'Access-Control-Allow-Origin': '*', 'Cache-Control': 'no-cache', 'ETag': 'W/"496-vBIwByFMxT/QvvMuTZDUVSg40F0"', 'Vary': 'Accept-Encoding', 'Content-Encoding': 'gzip', 'CF-Cache-Status': 'DYNAMIC', 'Report-To': '{"endpoints":[{"url":"https:\\/\\/a.nel.cloudflare.com\\/report\\/v4?s=2owKXIC0FWLwLq86XNDSp59uO5fbdjAiOmIDwLvGdfJrRoYuC0rJ1mua4mSvxNCz8yFPCfDK4iAz4ALFRQFMBbd2S3Q7myFkbY9BEv%2Fw6mdEsfZIETOp0OEN%2B3crwNA8"}],"group":"cf-nel","max_age":604800}', 'NEL': '{"success_fraction":0,"report_to":"cf-nel","max_age":604800}', 'Server': 'cloudflare', 'CF-RAY': '876e36778d960231-ORD', 'alt-svc': 'h3=":443"; ma=86400'} 
 body={"results":[{"gender":"male","name":{"title":"Mr","first":"سهیل","last":"نكو نظر"},"location":{"street":{"number":1706,"name":"شهید عباس افضلی"},"city":"زاهدان","state":"ایلام","country":"Iran","postcode":75874,"coordinates":{"latitude":"14.0546","longitude":"-11.5791"},"timezone":{"offset":"+4:00","description":"Abu Dhabi, Muscat, Baku, Tbilisi"}},"email":"shyl.nkwnzr@example.com","login":{"uuid":"7b92773b-ff38-4095-a93f-24ae5f030feb","username":"brownzebra251","password":"mellow","salt":"79mGbJuz","md5":"eaf5b2443a8b92e689c38ee7d2afbb2d","sha1":"409f83b49de51796c8742897977a77f20661c0a0","sha256":"18d2ca4fa83075b00d493df7aeaf3cad6591b167cb6177fc4f4f21a4080ea23a"},"dob":{"date":"1960-10-07T10:12:06.856Z","age":63},"registered":{"date":"2014-12-19T10:19:55.570Z","age":9},"phone":"039-02099661","cell":"0905-264-7305","id":{"name":"","value":null},"picture":{"large":"https://randomuser.me/api/portraits/men/92.jpg","medium":"https://randomuser.me/api/portraits/med/men/92.jpg","thumbnail":"https://randomuser.me/api/portraits/thumb/men/92.jpg"},"nat":"IR"}],"info":{"seed":"7bb00fc862710a8f","results":1,"page":1,"version":"1.4"}} 
 </msg>
<msg time="2024-04-19T16:18:50.252216" level="INFO">/opt/hostedtoolcache/Python/3.12.3/x64/lib/python3.12/site-packages/urllib3/connectionpool.py:1103: InsecureRequestWarning: Unverified HTTPS request is being made to host 'randomuser.me'. Adding certificate verification is strongly advised. See: https://urllib3.readthedocs.io/en/latest/advanced-usage.html#tls-warnings
  warnings.warn(</msg>
<msg time="2024-04-19T16:18:50.252348" level="INFO">${response} = &lt;Response [200]&gt;</msg>
<var>${response}</var>
<arg>consultarAPI</arg>
<arg>/api</arg>
<doc>Sends a GET request on a previously created HTTP Session.</doc>
<status status="PASS" start="2024-04-19T16:18:50.160536" elapsed="0.091861"/>
</kw>
<kw name="Set Variable" owner="BuiltIn">
<msg time="2024-04-19T16:18:50.253493" level="INFO">${json_data} = {'results': [{'gender': 'male', 'name': {'title': 'Mr', 'first': 'سهیل', 'last': 'نكو نظر'}, 'location': {'street': {'number': 1706, 'name': 'شهید عباس افضلی'}, 'city': 'زاهدان', 'state': 'ایلام', 'co...</msg>
<var>${json_data}</var>
<arg>${response.json()}</arg>
<doc>Returns the given values which can then be assigned to a variables.</doc>
<status status="PASS" start="2024-04-19T16:18:50.252953" elapsed="0.000572"/>
</kw>
<kw name="Log" owner="BuiltIn">
<msg time="2024-04-19T16:18:50.254011" level="INFO">{'results': [{'gender': 'male', 'name': {'title': 'Mr', 'first': 'سهیل', 'last': 'نكو نظر'}, 'location': {'street': {'number': 1706, 'name': 'شهید عباس افضلی'}, 'city': 'زاهدان', 'state': 'ایلام', 'country': 'Iran', 'postcode': 75874, 'coordinates': {'latitude': '14.0546', 'longitude': '-11.5791'}, 'timezone': {'offset': '+4:00', 'description': 'Abu Dhabi, Muscat, Baku, Tbilisi'}}, 'email': 'shyl.nkwnzr@example.com', 'login': {'uuid': '7b92773b-ff38-4095-a93f-24ae5f030feb', 'username': 'brownzebra251', 'password': 'mellow', 'salt': '79mGbJuz', 'md5': 'eaf5b2443a8b92e689c38ee7d2afbb2d', 'sha1': '409f83b49de51796c8742897977a77f20661c0a0', 'sha256': '18d2ca4fa83075b00d493df7aeaf3cad6591b167cb6177fc4f4f21a4080ea23a'}, 'dob': {'date': '1960-10-07T10:12:06.856Z', 'age': 63}, 'registered': {'date': '2014-12-19T10:19:55.570Z', 'age': 9}, 'phone': '039-02099661', 'cell': '0905-264-7305', 'id': {'name': '', 'value': None}, 'picture': {'large': 'https://randomuser.me/api/portraits/men/92.jpg', 'medium': 'https://randomuser.me/api/portraits/med/men/92.jpg', 'thumbnail': 'https://randomuser.me/api/portraits/thumb/men/92.jpg'}, 'nat': 'IR'}], 'info': {'seed': '7bb00fc862710a8f', 'results': 1, 'page': 1, 'version': '1.4'}}</msg>
<arg>${json_data}</arg>
<doc>Logs the given message with the given level.</doc>
<status status="PASS" start="2024-04-19T16:18:50.253846" elapsed="0.000251"/>
</kw>
<kw name="Should Be Equal As Numbers" owner="BuiltIn">
<arg>${json_data['results'][0]['location']['postcode']}</arg>
<arg>${json_data['results'][0]['location']['postcode']}</arg>
<doc>Fails if objects are unequal after converting them to real numbers.</doc>
<status status="PASS" start="2024-04-19T16:18:50.254588" elapsed="0.000685"/>
</kw>
<kw name="Log" owner="BuiltIn">
<msg time="2024-04-19T16:18:50.255810" level="INFO">75874</msg>
<arg>${json_data['results'][0]['location']['postcode']}</arg>
<doc>Logs the given message with the given level.</doc>
<status status="PASS" start="2024-04-19T16:18:50.255472" elapsed="0.000379"/>
</kw>
<status status="PASS" start="2024-04-19T16:18:50.160308" elapsed="0.095799"/>
</kw>
<doc>Testa se os tipos de dados na resposta da API estão corretos.</doc>
<tag>testeTiposDados</tag>
<status status="PASS" start="2024-04-19T16:18:50.079796" elapsed="0.176483"/>
</test>
<test id="s1-s1-t5" name="Validar conteudo" line="35">
<kw name="Teste de Tipos de Conteudo" owner="random-user-service">
<kw name="GET On Session" owner="RequestsLibrary">
<msg time="2024-04-19T16:18:50.364202" level="INFO">GET Request : url=https://randomuser.me/api 
 path_url=/api 
 headers={'User-Agent': 'python-requests/2.31.0', 'Accept-Encoding': 'gzip, deflate', 'Accept': '*/*', 'Connection': 'keep-alive'} 
 body=None 
 </msg>
<msg time="2024-04-19T16:18:50.364300" level="INFO">GET Response : url=https://randomuser.me/api 
 status=200, reason=OK 
 headers={'Date': 'Fri, 19 Apr 2024 16:18:50 GMT', 'Content-Type': 'application/json; charset=utf-8', 'Transfer-Encoding': 'chunked', 'Connection': 'keep-alive', 'X-Powered-By': 'Express', 'Access-Control-Allow-Origin': '*', 'Cache-Control': 'no-cache', 'ETag': 'W/"47e-VfJSpaDnNDuW8bgMKsjT2uM+Q7M"', 'Vary': 'Accept-Encoding', 'Content-Encoding': 'gzip', 'CF-Cache-Status': 'DYNAMIC', 'Report-To': '{"endpoints":[{"url":"https:\\/\\/a.nel.cloudflare.com\\/report\\/v4?s=%2B2p1vEuFVpBoh3sRFn48rR55xSEw3pJ5CYJL7sVDOHdyO%2Bk9lF%2Fc57ZGgAvMuIlVGaYyV5swmviBPMDUTBEq3eXeD4sUKJ25DcsNgsIplGpripgPuCJjagFqifRjzhoe"}],"group":"cf-nel","max_age":604800}', 'NEL': '{"success_fraction":0,"report_to":"cf-nel","max_age":604800}', 'Server': 'cloudflare', 'CF-RAY': '876e36782ec40231-ORD', 'alt-svc': 'h3=":443"; ma=86400'} 
 body={"results":[{"gender":"male","name":{"title":"Mr","first":"Valdemar","last":"Pedersen"},"location":{"street":{"number":6542,"name":"Gammel Kirkevej"},"city":"Lundby","state":"Sjælland","country":"Denmark","postcode":18704,"coordinates":{"latitude":"-39.8620","longitude":"-55.9247"},"timezone":{"offset":"+6:00","description":"Almaty, Dhaka, Colombo"}},"email":"valdemar.pedersen@example.com","login":{"uuid":"ebca37a1-ed37-4b99-ad4d-40f651bf8894","username":"crazysnake362","password":"spot","salt":"51oCUJK5","md5":"d423d012102b0790abf25d7ea30b9d19","sha1":"827bda390422f1aba3a096ac2e3ec78853c81efc","sha256":"e80b4f054f6f2368195d70ae0148bd2a514fcb93db1f071eed0fe66649e9605b"},"dob":{"date":"1946-08-30T16:37:03.821Z","age":77},"registered":{"date":"2021-03-13T17:53:15.784Z","age":3},"phone":"30795562","cell":"11348300","id":{"name":"CPR","value":"300846-2274"},"picture":{"large":"https://randomuser.me/api/portraits/men/41.jpg","medium":"https://randomuser.me/api/portraits/med/men/41.jpg","thumbnail":"https://randomuser.me/api/portraits/thumb/men/41.jpg"},"nat":"DK"}],"info":{"seed":"7b462c00ca56c48f","results":1,"page":1,"version":"1.4"}} 
 </msg>
<msg time="2024-04-19T16:18:50.364378" level="INFO">/opt/hostedtoolcache/Python/3.12.3/x64/lib/python3.12/site-packages/urllib3/connectionpool.py:1103: InsecureRequestWarning: Unverified HTTPS request is being made to host 'randomuser.me'. Adding certificate verification is strongly advised. See: https://urllib3.readthedocs.io/en/latest/advanced-usage.html#tls-warnings
  warnings.warn(</msg>
<msg time="2024-04-19T16:18:50.364505" level="INFO">${response} = &lt;Response [200]&gt;</msg>
<var>${response}</var>
<arg>consultarAPI</arg>
<arg>/api</arg>
<doc>Sends a GET request on a previously created HTTP Session.</doc>
<status status="PASS" start="2024-04-19T16:18:50.258783" elapsed="0.105773"/>
</kw>
<kw name="Set Variable" owner="BuiltIn">
<msg time="2024-04-19T16:18:50.365658" level="INFO">${json_data} = {'results': [{'gender': 'male', 'name': {'title': 'Mr', 'first': 'Valdemar', 'last': 'Pedersen'}, 'location': {'street': {'number': 6542, 'name': 'Gammel Kirkevej'}, 'city': 'Lundby', 'state': 'Sjælla...</msg>
<var>${json_data}</var>
<arg>${response.json()}</arg>
<doc>Returns the given values which can then be assigned to a variables.</doc>
<status status="PASS" start="2024-04-19T16:18:50.365128" elapsed="0.000559"/>
</kw>
<kw name="Set Variable" owner="BuiltIn">
<msg time="2024-04-19T16:18:50.366377" level="INFO">${name_title} = Mr</msg>
<var>${name_title}</var>
<arg>${json_data["results"][0]["name"]["title"]}</arg>
<doc>Returns the given values which can then be assigned to a variables.</doc>
<status status="PASS" start="2024-04-19T16:18:50.365993" elapsed="0.000409"/>
</kw>
<kw name="Create List" owner="BuiltIn">
<msg time="2024-04-19T16:18:50.366844" level="INFO">${allowed_titles} = ['Mr', 'Ms', 'Miss', 'Mrs', 'Madame', 'Monsieur']</msg>
<var>${allowed_titles}</var>
<arg>Mr</arg>
<arg>Ms</arg>
<arg>Miss</arg>
<arg>Mrs</arg>
<arg>Madame</arg>
<arg>Monsieur</arg>
<doc>Returns a list containing given items.</doc>
<status status="PASS" start="2024-04-19T16:18:50.366696" elapsed="0.000172"/>
</kw>
<kw name="List Should Contain Value" owner="Collections">
<msg time="2024-04-19T16:18:50.367405" level="INFO">False</msg>
<arg>${allowed_titles}</arg>
<arg>${name_title}</arg>
<doc>Fails if the ``value`` is not found from ``list``.</doc>
<status status="PASS" start="2024-04-19T16:18:50.367229" elapsed="0.000212"/>
</kw>
<kw name="Set Variable" owner="BuiltIn">
<msg time="2024-04-19T16:18:50.368111" level="INFO">${name_country} = DK</msg>
<var>${name_country}</var>
<arg>${json_data["results"][0]["nat"]}</arg>
<doc>Returns the given values which can then be assigned to a variables.</doc>
<status status="PASS" start="2024-04-19T16:18:50.367730" elapsed="0.000406"/>
</kw>
<kw name="Create List" owner="BuiltIn">
<msg time="2024-04-19T16:18:50.369012" level="INFO">${list_country} = ['AD', 'AE', 'AF', 'AG', 'AI', 'AL', 'AM', 'AO', 'AQ', 'AR', 'AS', 'AT', 'AU', 'AW', 'AX', 'AZ', 'BA', 'BB', 'BD', 'BE', 'BF', 'BG', 'BH', 'BI', 'BJ', 'BL', 'BM', 'BN', 'BO', 'BQ', 'BR', 'BS', 'BT', '...</msg>
<var>${list_country}</var>
<arg>AD</arg>
<arg>AE</arg>
<arg>AF</arg>
<arg>AG</arg>
<arg>AI</arg>
<arg>AL</arg>
<arg>AM</arg>
<arg>AO</arg>
<arg>AQ</arg>
<arg>AR</arg>
<arg>AS</arg>
<arg>AT</arg>
<arg>AU</arg>
<arg>AW</arg>
<arg>AX</arg>
<arg>AZ</arg>
<arg>BA</arg>
<arg>BB</arg>
<arg>BD</arg>
<arg>BE</arg>
<arg>BF</arg>
<arg>BG</arg>
<arg>BH</arg>
<arg>BI</arg>
<arg>BJ</arg>
<arg>BL</arg>
<arg>BM</arg>
<arg>BN</arg>
<arg>BO</arg>
<arg>BQ</arg>
<arg>BR</arg>
<arg>BS</arg>
<arg>BT</arg>
<arg>BV</arg>
<arg>BW</arg>
<arg>BY</arg>
<arg>BZ</arg>
<arg>CA</arg>
<arg>CC</arg>
<arg>CD</arg>
<arg>CF</arg>
<arg>CG</arg>
<arg>CH</arg>
<arg>CI</arg>
<arg>CK</arg>
<arg>CL</arg>
<arg>CM</arg>
<arg>CN</arg>
<arg>CO</arg>
<arg>CR</arg>
<arg>CU</arg>
<arg>CV</arg>
<arg>CW</arg>
<arg>CX</arg>
<arg>CY</arg>
<arg>CZ</arg>
<arg>DE</arg>
<arg>DJ</arg>
<arg>DK</arg>
<arg>DM</arg>
<arg>DO</arg>
<arg>DZ</arg>
<arg>EC</arg>
<arg>EE</arg>
<arg>EG</arg>
<arg>EH</arg>
<arg>ER</arg>
<arg>ES</arg>
<arg>ET</arg>
<arg>FI</arg>
<arg>FJ</arg>
<arg>FK</arg>
<arg>FM</arg>
<arg>FO</arg>
<arg>FR</arg>
<arg>GA</arg>
<arg>GB</arg>
<arg>GD</arg>
<arg>GE</arg>
<arg>GF</arg>
<arg>GG</arg>
<arg>GH</arg>
<arg>GI</arg>
<arg>GL</arg>
<arg>GM</arg>
<arg>GN</arg>
<arg>GP</arg>
<arg>GQ</arg>
<arg>GR</arg>
<arg>GS</arg>
<arg>GT</arg>
<arg>GU</arg>
<arg>GW</arg>
<arg>GY</arg>
<arg>HK</arg>
<arg>HM</arg>
<arg>HN</arg>
<arg>HR</arg>
<arg>HT</arg>
<arg>HU</arg>
<arg>ID</arg>
<arg>IE</arg>
<arg>IL</arg>
<arg>IM</arg>
<arg>IN</arg>
<arg>IO</arg>
<arg>IQ</arg>
<arg>IR</arg>
<arg>IS</arg>
<arg>IT</arg>
<arg>JE</arg>
<arg>JM</arg>
<arg>JO</arg>
<arg>JP</arg>
<arg>KE</arg>
<arg>KG</arg>
<arg>KH</arg>
<arg>KI</arg>
<arg>KM</arg>
<arg>KN</arg>
<arg>KP</arg>
<arg>KR</arg>
<arg>KW</arg>
<arg>KY</arg>
<arg>KZ</arg>
<arg>LA</arg>
<arg>LB</arg>
<arg>LC</arg>
<arg>LI</arg>
<arg>LK</arg>
<arg>LR</arg>
<arg>LS</arg>
<arg>LT</arg>
<arg>LU</arg>
<arg>LV</arg>
<arg>LY</arg>
<arg>MA</arg>
<arg>MC</arg>
<arg>MD</arg>
<arg>ME</arg>
<arg>MF</arg>
<arg>MG</arg>
<arg>MH</arg>
<arg>MK</arg>
<arg>ML</arg>
<arg>MM</arg>
<arg>MN</arg>
<arg>MO</arg>
<arg>MP</arg>
<arg>MQ</arg>
<arg>MR</arg>
<arg>MS</arg>
<arg>MT</arg>
<arg>MU</arg>
<arg>MV</arg>
<arg>MW</arg>
<arg>MX</arg>
<arg>MY</arg>
<arg>MZ</arg>
<arg>NA</arg>
<arg>NC</arg>
<arg>NE</arg>
<arg>NF</arg>
<arg>NG</arg>
<arg>NI</arg>
<arg>NL</arg>
<arg>NO</arg>
<arg>NP</arg>
<arg>NR</arg>
<arg>NU</arg>
<arg>NZ</arg>
<arg>OM</arg>
<arg>PA</arg>
<arg>PE</arg>
<arg>PF</arg>
<arg>PG</arg>
<arg>PH</arg>
<arg>PK</arg>
<arg>PL</arg>
<arg>PM</arg>
<arg>PN</arg>
<arg>PR</arg>
<arg>PS</arg>
<arg>PT</arg>
<arg>PW</arg>
<arg>PY</arg>
<arg>QA</arg>
<arg>RE</arg>
<arg>RO</arg>
<arg>RS</arg>
<arg>RU</arg>
<arg>RW</arg>
<arg>SA</arg>
<arg>SB</arg>
<arg>SC</arg>
<arg>SD</arg>
<arg>SE</arg>
<arg>SG</arg>
<arg>SH</arg>
<arg>SI</arg>
<arg>SJ</arg>
<arg>SK</arg>
<arg>SL</arg>
<arg>SM</arg>
<arg>SN</arg>
<arg>SO</arg>
<arg>SR</arg>
<arg>SS</arg>
<arg>ST</arg>
<arg>SV</arg>
<arg>SX</arg>
<arg>SY</arg>
<arg>SZ</arg>
<arg>TC</arg>
<arg>TD</arg>
<arg>TF</arg>
<arg>TG</arg>
<arg>TH</arg>
<arg>TJ</arg>
<arg>TK</arg>
<arg>TL</arg>
<arg>TM</arg>
<arg>TN</arg>
<arg>TO</arg>
<arg>TR</arg>
<arg>TT</arg>
<arg>TV</arg>
<arg>TW</arg>
<arg>TZ</arg>
<arg>UA</arg>
<arg>UG</arg>
<arg>UM</arg>
<arg>US</arg>
<arg>UY</arg>
<arg>UZ</arg>
<arg>VA</arg>
<arg>VC</arg>
<arg>VE</arg>
<arg>VG</arg>
<arg>VI</arg>
<arg>VN</arg>
<arg>VU</arg>
<arg>WF</arg>
<arg>WS</arg>
<arg>XK</arg>
<arg>YE</arg>
<arg>YT</arg>
<arg>ZA</arg>
<arg>ZM</arg>
<arg>ZW</arg>
<doc>Returns a list containing given items.</doc>
<status status="PASS" start="2024-04-19T16:18:50.368433" elapsed="0.000604"/>
</kw>
<kw name="List Should Contain Value" owner="Collections">
<msg time="2024-04-19T16:18:50.370022" level="INFO">False</msg>
<arg>${list_country}</arg>
<arg>${name_country}</arg>
<doc>Fails if the ``value`` is not found from ``list``.</doc>
<status status="PASS" start="2024-04-19T16:18:50.369823" elapsed="0.000235"/>
</kw>
<kw name="Run Keyword If" owner="BuiltIn">
<kw name="Should Be True" owner="BuiltIn">
<arg>${True}</arg>
<doc>Fails if the given condition is not true.</doc>
<status status="PASS" start="2024-04-19T16:18:50.371142" elapsed="0.000252"/>
</kw>
<arg>${json_data["results"][0]["location"]["coordinates"]["latitude"]} &gt;= -90 and ${json_data["results"][0]["location"]["coordinates"]["latitude"]} &lt;= 90</arg>
<arg>Should Be True</arg>
<arg>${True}</arg>
<doc>Runs the given keyword with the given arguments, if ``condition`` is true.</doc>
<status status="PASS" start="2024-04-19T16:18:50.370366" elapsed="0.001159"/>
</kw>
<kw name="Run Keyword If" owner="BuiltIn">
<kw name="Should Be True" owner="BuiltIn">
<arg>${True}</arg>
<doc>Fails if the given condition is not true.</doc>
<status status="PASS" start="2024-04-19T16:18:50.372427" elapsed="0.000140"/>
</kw>
<arg>${json_data["results"][0]["location"]["coordinates"]["longitude"]} &gt;= -180 and ${json_data["results"][0]["location"]["coordinates"]["longitude"]} &lt;= 180</arg>
<arg>Should Be True</arg>
<arg>${True}</arg>
<doc>Runs the given keyword with the given arguments, if ``condition`` is true.</doc>
<status status="PASS" start="2024-04-19T16:18:50.371713" elapsed="0.000977"/>
</kw>
<status status="PASS" start="2024-04-19T16:18:50.258551" elapsed="0.114269"/>
</kw>
<doc>Testa o conteúdo específico dos campos retornados pela API.</doc>
<tag>testeConteudo</tag>
<status status="PASS" start="2024-04-19T16:18:50.258055" elapsed="0.114916"/>
</test>
<status status="PASS" start="2024-04-19T16:18:49.517315" elapsed="0.857577"/>
</suite>
<status status="PASS" start="2024-04-19T16:18:49.503669" elapsed="0.876331"/>
</suite>
<statistics>
<total>
<stat pass="5" fail="0" skip="0">All Tests</stat>
</total>
<tag>
<stat pass="1" fail="0" skip="0">testeConteudo</stat>
<stat pass="1" fail="0" skip="0">testeEstruturaResposta</stat>
<stat pass="1" fail="0" skip="0">testeRequisicaoBasica</stat>
<stat pass="1" fail="0" skip="0">testeTiposDados</stat>
</tag>
<suite>
<stat pass="5" fail="0" skip="0" id="s1" name="Tests">Tests</stat>
<stat pass="5" fail="0" skip="0" id="s1-s1" name="Random-User-Test">Tests.Random-User-Test</stat>
</suite>
</statistics>
<errors>
</errors>
</robot>
