<?xml version="1.0" encoding="UTF-8"?>
<robot generator="Robot 7.0.1 (Python 3.12.4 on linux)" generated="2024-07-14T15:22:40.127668" rpa="false" schemaversion="5">
<suite id="s1" name="Tests" source="/home/runner/work/ApiRandomUser/ApiRandomUser/RamdonUser/tests">
<suite id="s1-s1" name="Random-User-Test" source="/home/runner/work/ApiRandomUser/ApiRandomUser/RamdonUser/tests/random-user-test.robot">
<test id="s1-s1-t1" name="Conectar" line="13">
<kw name="Conectar API" owner="random-user-service">
<kw name="Create Session" owner="RequestsLibrary">
<msg time="2024-07-14T15:22:40.518665" level="INFO">Creating Session using : alias=consultarAPI, url=https://randomuser.me/, headers={},                     cookies={}, auth=None, timeout=None, proxies=None, verify=False,                     debug=0 </msg>
<arg>consultarAPI</arg>
<arg>${URL}</arg>
<doc>Create Session: create a HTTP session to a server</doc>
<status status="PASS" start="2024-07-14T15:22:40.518459" elapsed="0.000394"/>
</kw>
<status status="PASS" start="2024-07-14T15:22:40.517478" elapsed="0.001740"/>
</kw>
<status status="PASS" start="2024-07-14T15:22:40.516848" elapsed="0.002564"/>
</test>
<test id="s1-s1-t2" name="Validar retorno 200 e JSON Válido" line="16">
<kw name="Teste de Requisicao Basica" owner="random-user-service">
<kw name="GET On Session" owner="RequestsLibrary">
<msg time="2024-07-14T15:22:40.743194" level="INFO">GET Request : url=https://randomuser.me/api 
 path_url=/api 
 headers={'User-Agent': 'python-requests/2.32.3', 'Accept-Encoding': 'gzip, deflate', 'Accept': '*/*', 'Connection': 'keep-alive'} 
 body=None 
 </msg>
<msg time="2024-07-14T15:22:40.743366" level="INFO">GET Response : url=https://randomuser.me/api 
 status=200, reason=OK 
 headers={'Date': 'Sun, 14 Jul 2024 15:22:40 GMT', 'Content-Type': 'application/json; charset=utf-8', 'Transfer-Encoding': 'chunked', 'Connection': 'keep-alive', 'X-Powered-By': 'Express', 'Access-Control-Allow-Origin': '*', 'Cache-Control': 'no-cache', 'ETag': 'W/"497-EBE9ejbhEmK4JBT3YpveJVm+1Zw"', 'Vary': 'Accept-Encoding', 'Content-Encoding': 'gzip', 'CF-Cache-Status': 'DYNAMIC', 'Report-To': '{"endpoints":[{"url":"https:\\/\\/a.nel.cloudflare.com\\/report\\/v4?s=vG4k5vSz7cw%2B%2FTeBZjsbjqn4V7KSjIXYuJaiRdifz%2FpDdZ2%2F0QcfE5uYFnzooSjp91%2FmJkEPlCMGemR9RWx1HPVmOkQ3M9Im4iuglAa%2BCURl0uV53f1%2BidUf4x4plt5H"}],"group":"cf-nel","max_age":604800}', 'NEL': '{"success_fraction":0,"report_to":"cf-nel","max_age":604800}', 'Server': 'cloudflare', 'CF-RAY': '8a3282747b6f058b-IAD', 'alt-svc': 'h3=":443"; ma=86400'} 
 body={"results":[{"gender":"female","name":{"title":"Ms","first":"Clara","last":"Vidal"},"location":{"street":{"number":4185,"name":"Calle de Arganzuela"},"city":"Barcelona","state":"Aragón","country":"Spain","postcode":97263,"coordinates":{"latitude":"-35.9073","longitude":"94.7454"},"timezone":{"offset":"-5:00","description":"Eastern Time (US &amp; Canada), Bogota, Lima"}},"email":"clara.vidal@example.com","login":{"uuid":"3fb36410-f430-401f-aece-89255597dfe1","username":"whitelion628","password":"serenity","salt":"pobde7z6","md5":"576c475dea5655344f658aa6c7756e90","sha1":"ec568e03c346d48debfb68f4ab3db912617caab8","sha256":"66880e4af624f11fa3f863d923e36f152609138d3e48214a94f4229e4b677d6c"},"dob":{"date":"1954-05-13T19:31:06.480Z","age":70},"registered":{"date":"2008-12-14T05:50:14.887Z","age":15},"phone":"935-489-914","cell":"687-561-603","id":{"name":"DNI","value":"39672565-N"},"picture":{"large":"https://randomuser.me/api/portraits/women/32.jpg","medium":"https://randomuser.me/api/portraits/med/women/32.jpg","thumbnail":"https://randomuser.me/api/portraits/thumb/women/32.jpg"},"nat":"ES"}],"info":{"seed":"77c1569b04a10862","results":1,"page":1,"version":"1.4"}} 
 </msg>
<msg time="2024-07-14T15:22:40.743466" level="INFO">/opt/hostedtoolcache/Python/3.12.4/x64/lib/python3.12/site-packages/urllib3/connectionpool.py:1099: InsecureRequestWarning: Unverified HTTPS request is being made to host 'randomuser.me'. Adding certificate verification is strongly advised. See: https://urllib3.readthedocs.io/en/latest/advanced-usage.html#tls-warnings
  warnings.warn(</msg>
<msg time="2024-07-14T15:22:40.743625" level="INFO">${response} = &lt;Response [200]&gt;</msg>
<var>${response}</var>
<arg>consultarAPI</arg>
<arg>/api</arg>
<doc>Sends a GET request on a previously created HTTP Session.</doc>
<status status="PASS" start="2024-07-14T15:22:40.522175" elapsed="0.221494"/>
</kw>
<kw name="Should Be Equal As Numbers" owner="BuiltIn">
<msg time="2024-07-14T15:22:40.744686" level="INFO">Argument types are:
&lt;class 'int'&gt;
&lt;class 'str'&gt;</msg>
<arg>${response.status_code}</arg>
<arg>200</arg>
<doc>Fails if objects are unequal after converting them to real numbers.</doc>
<status status="PASS" start="2024-07-14T15:22:40.744209" elapsed="0.000544"/>
</kw>
<kw name="Log" owner="BuiltIn">
<msg time="2024-07-14T15:22:40.745460" level="INFO">200</msg>
<arg>${response.status_code}</arg>
<doc>Logs the given message with the given level.</doc>
<status status="PASS" start="2024-07-14T15:22:40.745108" elapsed="0.000395"/>
</kw>
<kw name="Set Variable" owner="BuiltIn">
<msg time="2024-07-14T15:22:40.746256" level="INFO">${json_data} = {'results': [{'gender': 'female', 'name': {'title': 'Ms', 'first': 'Clara', 'last': 'Vidal'}, 'location': {'street': {'number': 4185, 'name': 'Calle de Arganzuela'}, 'city': 'Barcelona', 'state': 'Ara...</msg>
<var>${json_data}</var>
<arg>${response.json()}</arg>
<doc>Returns the given values which can then be assigned to a variables.</doc>
<status status="PASS" start="2024-07-14T15:22:40.745812" elapsed="0.000474"/>
</kw>
<kw name="Dictionary Should Contain Key" owner="Collections">
<arg>${json_data}</arg>
<arg>results</arg>
<doc>Fails if ``key`` is not found from ``dictionary``.</doc>
<status status="PASS" start="2024-07-14T15:22:40.746588" elapsed="0.000166"/>
</kw>
<status status="PASS" start="2024-07-14T15:22:40.521926" elapsed="0.224992"/>
</kw>
<doc>Testa se a API responde corretamente e retorna um objeto JSON válido.</doc>
<tag>testeRequisicaoBasica</tag>
<status status="PASS" start="2024-07-14T15:22:40.521351" elapsed="0.225833"/>
</test>
<test id="s1-s1-t3" name="Validar estrutura de resposta" line="22">
<kw name="Teste de Estrutura de Resposta" owner="random-user-service">
<kw name="GET On Session" owner="RequestsLibrary">
<msg time="2024-07-14T15:22:40.855089" level="INFO">GET Request : url=https://randomuser.me/api 
 path_url=/api 
 headers={'User-Agent': 'python-requests/2.32.3', 'Accept-Encoding': 'gzip, deflate', 'Accept': '*/*', 'Connection': 'keep-alive'} 
 body=None 
 </msg>
<msg time="2024-07-14T15:22:40.855194" level="INFO">GET Response : url=https://randomuser.me/api 
 status=200, reason=OK 
 headers={'Date': 'Sun, 14 Jul 2024 15:22:40 GMT', 'Content-Type': 'application/json; charset=utf-8', 'Transfer-Encoding': 'chunked', 'Connection': 'keep-alive', 'X-Powered-By': 'Express', 'Access-Control-Allow-Origin': '*', 'Cache-Control': 'no-cache', 'ETag': 'W/"46e-yyLbD34fYzSEA8q8gStPtOxXavk"', 'Vary': 'Accept-Encoding', 'Content-Encoding': 'gzip', 'CF-Cache-Status': 'DYNAMIC', 'Report-To': '{"endpoints":[{"url":"https:\\/\\/a.nel.cloudflare.com\\/report\\/v4?s=2vhQIYH0Y%2FwmJBSYP%2F3%2FrTcLJwoCt0b8iDGoUmaFdaW6sG3fgbuw2dWHe4I87Ygk1Q8fyNwuUxSakYoS41HY56Ba5sJ0WRJ%2FOs5AWNTt4qwZry%2BUwm8qKbdIyBDOQK3d"}],"group":"cf-nel","max_age":604800}', 'NEL': '{"success_fraction":0,"report_to":"cf-nel","max_age":604800}', 'Server': 'cloudflare', 'CF-RAY': '8a328274bbb7058b-IAD', 'alt-svc': 'h3=":443"; ma=86400'} 
 body={"results":[{"gender":"male","name":{"title":"Mr","first":"Tormod","last":"Høyvik"},"location":{"street":{"number":3288,"name":"Etterstadsletta"},"city":"Kvithammer","state":"Trøndelag","country":"Norway","postcode":"5970","coordinates":{"latitude":"46.1899","longitude":"-58.9028"},"timezone":{"offset":"-9:00","description":"Alaska"}},"email":"tormod.hoyvik@example.com","login":{"uuid":"e61536d9-20fc-493e-bdeb-db01f38470d7","username":"tinypanda885","password":"srinivas","salt":"la8VKn37","md5":"b01c4f4e044ce8cc95e280baf1e3e372","sha1":"4df6b6d40925756d567975d26ec495d664ba5544","sha256":"a81455401fe4927baf096a145f7f0373a826bf07c0e86d441daf68aa5472db8e"},"dob":{"date":"1984-08-03T06:37:57.579Z","age":39},"registered":{"date":"2003-02-10T05:33:32.344Z","age":21},"phone":"82524084","cell":"48078292","id":{"name":"FN","value":"03088435183"},"picture":{"large":"https://randomuser.me/api/portraits/men/10.jpg","medium":"https://randomuser.me/api/portraits/med/men/10.jpg","thumbnail":"https://randomuser.me/api/portraits/thumb/men/10.jpg"},"nat":"NO"}],"info":{"seed":"a803488a19823960","results":1,"page":1,"version":"1.4"}} 
 </msg>
<msg time="2024-07-14T15:22:40.855323" level="INFO">/opt/hostedtoolcache/Python/3.12.4/x64/lib/python3.12/site-packages/urllib3/connectionpool.py:1099: InsecureRequestWarning: Unverified HTTPS request is being made to host 'randomuser.me'. Adding certificate verification is strongly advised. See: https://urllib3.readthedocs.io/en/latest/advanced-usage.html#tls-warnings
  warnings.warn(</msg>
<msg time="2024-07-14T15:22:40.855450" level="INFO">${response} = &lt;Response [200]&gt;</msg>
<var>${response}</var>
<arg>consultarAPI</arg>
<arg>/api</arg>
<doc>Sends a GET request on a previously created HTTP Session.</doc>
<status status="PASS" start="2024-07-14T15:22:40.751755" elapsed="0.103737"/>
</kw>
<kw name="Set Variable" owner="BuiltIn">
<msg time="2024-07-14T15:22:40.856579" level="INFO">${json_data} = {'results': [{'gender': 'male', 'name': {'title': 'Mr', 'first': 'Tormod', 'last': 'Høyvik'}, 'location': {'street': {'number': 3288, 'name': 'Etterstadsletta'}, 'city': 'Kvithammer', 'state': 'Trønde...</msg>
<var>${json_data}</var>
<arg>${response.json()}</arg>
<doc>Returns the given values which can then be assigned to a variables.</doc>
<status status="PASS" start="2024-07-14T15:22:40.856048" elapsed="0.000564"/>
</kw>
<kw name="Log" owner="BuiltIn">
<msg time="2024-07-14T15:22:40.857126" level="INFO">{'results': [{'gender': 'male', 'name': {'title': 'Mr', 'first': 'Tormod', 'last': 'Høyvik'}, 'location': {'street': {'number': 3288, 'name': 'Etterstadsletta'}, 'city': 'Kvithammer', 'state': 'Trøndelag', 'country': 'Norway', 'postcode': '5970', 'coordinates': {'latitude': '46.1899', 'longitude': '-58.9028'}, 'timezone': {'offset': '-9:00', 'description': 'Alaska'}}, 'email': 'tormod.hoyvik@example.com', 'login': {'uuid': 'e61536d9-20fc-493e-bdeb-db01f38470d7', 'username': 'tinypanda885', 'password': 'srinivas', 'salt': 'la8VKn37', 'md5': 'b01c4f4e044ce8cc95e280baf1e3e372', 'sha1': '4df6b6d40925756d567975d26ec495d664ba5544', 'sha256': 'a81455401fe4927baf096a145f7f0373a826bf07c0e86d441daf68aa5472db8e'}, 'dob': {'date': '1984-08-03T06:37:57.579Z', 'age': 39}, 'registered': {'date': '2003-02-10T05:33:32.344Z', 'age': 21}, 'phone': '82524084', 'cell': '48078292', 'id': {'name': 'FN', 'value': '03088435183'}, 'picture': {'large': 'https://randomuser.me/api/portraits/men/10.jpg', 'medium': 'https://randomuser.me/api/portraits/med/men/10.jpg', 'thumbnail': 'https://randomuser.me/api/portraits/thumb/men/10.jpg'}, 'nat': 'NO'}], 'info': {'seed': 'a803488a19823960', 'results': 1, 'page': 1, 'version': '1.4'}}</msg>
<arg>${json_data}</arg>
<doc>Logs the given message with the given level.</doc>
<status status="PASS" start="2024-07-14T15:22:40.856961" elapsed="0.000216"/>
</kw>
<kw name="Dictionary Should Contain Key" owner="Collections">
<arg>${json_data}</arg>
<arg>results</arg>
<doc>Fails if ``key`` is not found from ``dictionary``.</doc>
<status status="PASS" start="2024-07-14T15:22:40.857477" elapsed="0.000174"/>
</kw>
<kw name="Should Not Be Empty" owner="BuiltIn">
<msg time="2024-07-14T15:22:40.857979" level="INFO">Length is 2.</msg>
<arg>${json_data}</arg>
<doc>Verifies that the given item is not empty.</doc>
<status status="PASS" start="2024-07-14T15:22:40.857852" elapsed="0.000167"/>
</kw>
<kw name="Create List" owner="BuiltIn">
<msg time="2024-07-14T15:22:40.858466" level="INFO">${expected_keys} = ['gender', 'name', 'location', 'email', 'login']</msg>
<var>${expected_keys}</var>
<arg>gender</arg>
<arg>name</arg>
<arg>location</arg>
<arg>email</arg>
<arg>login</arg>
<doc>Returns a list containing given items.</doc>
<status status="PASS" start="2024-07-14T15:22:40.858315" elapsed="0.000176"/>
</kw>
<for flavor="IN">
<iter>
<kw name="Dictionary Should Contain Key" owner="Collections">
<arg>${json_data['results'][0]}</arg>
<arg>${key}</arg>
<doc>Fails if ``key`` is not found from ``dictionary``.</doc>
<status status="PASS" start="2024-07-14T15:22:40.859251" elapsed="0.000408"/>
</kw>
<kw name="Log" owner="BuiltIn">
<msg time="2024-07-14T15:22:40.860222" level="INFO">{'gender': 'male', 'name': {'title': 'Mr', 'first': 'Tormod', 'last': 'Høyvik'}, 'location': {'street': {'number': 3288, 'name': 'Etterstadsletta'}, 'city': 'Kvithammer', 'state': 'Trøndelag', 'country': 'Norway', 'postcode': '5970', 'coordinates': {'latitude': '46.1899', 'longitude': '-58.9028'}, 'timezone': {'offset': '-9:00', 'description': 'Alaska'}}, 'email': 'tormod.hoyvik@example.com', 'login': {'uuid': 'e61536d9-20fc-493e-bdeb-db01f38470d7', 'username': 'tinypanda885', 'password': 'srinivas', 'salt': 'la8VKn37', 'md5': 'b01c4f4e044ce8cc95e280baf1e3e372', 'sha1': '4df6b6d40925756d567975d26ec495d664ba5544', 'sha256': 'a81455401fe4927baf096a145f7f0373a826bf07c0e86d441daf68aa5472db8e'}, 'dob': {'date': '1984-08-03T06:37:57.579Z', 'age': 39}, 'registered': {'date': '2003-02-10T05:33:32.344Z', 'age': 21}, 'phone': '82524084', 'cell': '48078292', 'id': {'name': 'FN', 'value': '03088435183'}, 'picture': {'large': 'https://randomuser.me/api/portraits/men/10.jpg', 'medium': 'https://randomuser.me/api/portraits/med/men/10.jpg', 'thumbnail': 'https://randomuser.me/api/portraits/thumb/men/10.jpg'}, 'nat': 'NO'}</msg>
<arg>${json_data['results'][0]}</arg>
<doc>Logs the given message with the given level.</doc>
<status status="PASS" start="2024-07-14T15:22:40.859852" elapsed="0.000421"/>
</kw>
<kw name="Log" owner="BuiltIn">
<msg time="2024-07-14T15:22:40.860705" level="INFO">gender</msg>
<arg>${key}</arg>
<doc>Logs the given message with the given level.</doc>
<status status="PASS" start="2024-07-14T15:22:40.860575" elapsed="0.000168"/>
</kw>
<var name="${key}">gender</var>
<status status="PASS" start="2024-07-14T15:22:40.859124" elapsed="0.001875"/>
</iter>
<iter>
<kw name="Dictionary Should Contain Key" owner="Collections">
<arg>${json_data['results'][0]}</arg>
<arg>${key}</arg>
<doc>Fails if ``key`` is not found from ``dictionary``.</doc>
<status status="PASS" start="2024-07-14T15:22:40.861302" elapsed="0.000396"/>
</kw>
<kw name="Log" owner="BuiltIn">
<msg time="2024-07-14T15:22:40.862242" level="INFO">{'gender': 'male', 'name': {'title': 'Mr', 'first': 'Tormod', 'last': 'Høyvik'}, 'location': {'street': {'number': 3288, 'name': 'Etterstadsletta'}, 'city': 'Kvithammer', 'state': 'Trøndelag', 'country': 'Norway', 'postcode': '5970', 'coordinates': {'latitude': '46.1899', 'longitude': '-58.9028'}, 'timezone': {'offset': '-9:00', 'description': 'Alaska'}}, 'email': 'tormod.hoyvik@example.com', 'login': {'uuid': 'e61536d9-20fc-493e-bdeb-db01f38470d7', 'username': 'tinypanda885', 'password': 'srinivas', 'salt': 'la8VKn37', 'md5': 'b01c4f4e044ce8cc95e280baf1e3e372', 'sha1': '4df6b6d40925756d567975d26ec495d664ba5544', 'sha256': 'a81455401fe4927baf096a145f7f0373a826bf07c0e86d441daf68aa5472db8e'}, 'dob': {'date': '1984-08-03T06:37:57.579Z', 'age': 39}, 'registered': {'date': '2003-02-10T05:33:32.344Z', 'age': 21}, 'phone': '82524084', 'cell': '48078292', 'id': {'name': 'FN', 'value': '03088435183'}, 'picture': {'large': 'https://randomuser.me/api/portraits/men/10.jpg', 'medium': 'https://randomuser.me/api/portraits/med/men/10.jpg', 'thumbnail': 'https://randomuser.me/api/portraits/thumb/men/10.jpg'}, 'nat': 'NO'}</msg>
<arg>${json_data['results'][0]}</arg>
<doc>Logs the given message with the given level.</doc>
<status status="PASS" start="2024-07-14T15:22:40.861886" elapsed="0.000448"/>
</kw>
<kw name="Log" owner="BuiltIn">
<msg time="2024-07-14T15:22:40.862764" level="INFO">name</msg>
<arg>${key}</arg>
<doc>Logs the given message with the given level.</doc>
<status status="PASS" start="2024-07-14T15:22:40.862636" elapsed="0.000167"/>
</kw>
<var name="${key}">name</var>
<status status="PASS" start="2024-07-14T15:22:40.861187" elapsed="0.001831"/>
</iter>
<iter>
<kw name="Dictionary Should Contain Key" owner="Collections">
<arg>${json_data['results'][0]}</arg>
<arg>${key}</arg>
<doc>Fails if ``key`` is not found from ``dictionary``.</doc>
<status status="PASS" start="2024-07-14T15:22:40.863303" elapsed="0.000390"/>
</kw>
<kw name="Log" owner="BuiltIn">
<msg time="2024-07-14T15:22:40.864230" level="INFO">{'gender': 'male', 'name': {'title': 'Mr', 'first': 'Tormod', 'last': 'Høyvik'}, 'location': {'street': {'number': 3288, 'name': 'Etterstadsletta'}, 'city': 'Kvithammer', 'state': 'Trøndelag', 'country': 'Norway', 'postcode': '5970', 'coordinates': {'latitude': '46.1899', 'longitude': '-58.9028'}, 'timezone': {'offset': '-9:00', 'description': 'Alaska'}}, 'email': 'tormod.hoyvik@example.com', 'login': {'uuid': 'e61536d9-20fc-493e-bdeb-db01f38470d7', 'username': 'tinypanda885', 'password': 'srinivas', 'salt': 'la8VKn37', 'md5': 'b01c4f4e044ce8cc95e280baf1e3e372', 'sha1': '4df6b6d40925756d567975d26ec495d664ba5544', 'sha256': 'a81455401fe4927baf096a145f7f0373a826bf07c0e86d441daf68aa5472db8e'}, 'dob': {'date': '1984-08-03T06:37:57.579Z', 'age': 39}, 'registered': {'date': '2003-02-10T05:33:32.344Z', 'age': 21}, 'phone': '82524084', 'cell': '48078292', 'id': {'name': 'FN', 'value': '03088435183'}, 'picture': {'large': 'https://randomuser.me/api/portraits/men/10.jpg', 'medium': 'https://randomuser.me/api/portraits/med/men/10.jpg', 'thumbnail': 'https://randomuser.me/api/portraits/thumb/men/10.jpg'}, 'nat': 'NO'}</msg>
<arg>${json_data['results'][0]}</arg>
<doc>Logs the given message with the given level.</doc>
<status status="PASS" start="2024-07-14T15:22:40.863876" elapsed="0.000404"/>
</kw>
<kw name="Log" owner="BuiltIn">
<msg time="2024-07-14T15:22:40.864709" level="INFO">location</msg>
<arg>${key}</arg>
<doc>Logs the given message with the given level.</doc>
<status status="PASS" start="2024-07-14T15:22:40.864583" elapsed="0.000164"/>
</kw>
<var name="${key}">location</var>
<status status="PASS" start="2024-07-14T15:22:40.863196" elapsed="0.001818"/>
</iter>
<iter>
<kw name="Dictionary Should Contain Key" owner="Collections">
<arg>${json_data['results'][0]}</arg>
<arg>${key}</arg>
<doc>Fails if ``key`` is not found from ``dictionary``.</doc>
<status status="PASS" start="2024-07-14T15:22:40.865296" elapsed="0.000387"/>
</kw>
<kw name="Log" owner="BuiltIn">
<msg time="2024-07-14T15:22:40.866233" level="INFO">{'gender': 'male', 'name': {'title': 'Mr', 'first': 'Tormod', 'last': 'Høyvik'}, 'location': {'street': {'number': 3288, 'name': 'Etterstadsletta'}, 'city': 'Kvithammer', 'state': 'Trøndelag', 'country': 'Norway', 'postcode': '5970', 'coordinates': {'latitude': '46.1899', 'longitude': '-58.9028'}, 'timezone': {'offset': '-9:00', 'description': 'Alaska'}}, 'email': 'tormod.hoyvik@example.com', 'login': {'uuid': 'e61536d9-20fc-493e-bdeb-db01f38470d7', 'username': 'tinypanda885', 'password': 'srinivas', 'salt': 'la8VKn37', 'md5': 'b01c4f4e044ce8cc95e280baf1e3e372', 'sha1': '4df6b6d40925756d567975d26ec495d664ba5544', 'sha256': 'a81455401fe4927baf096a145f7f0373a826bf07c0e86d441daf68aa5472db8e'}, 'dob': {'date': '1984-08-03T06:37:57.579Z', 'age': 39}, 'registered': {'date': '2003-02-10T05:33:32.344Z', 'age': 21}, 'phone': '82524084', 'cell': '48078292', 'id': {'name': 'FN', 'value': '03088435183'}, 'picture': {'large': 'https://randomuser.me/api/portraits/men/10.jpg', 'medium': 'https://randomuser.me/api/portraits/med/men/10.jpg', 'thumbnail': 'https://randomuser.me/api/portraits/thumb/men/10.jpg'}, 'nat': 'NO'}</msg>
<arg>${json_data['results'][0]}</arg>
<doc>Logs the given message with the given level.</doc>
<status status="PASS" start="2024-07-14T15:22:40.865876" elapsed="0.000406"/>
</kw>
<kw name="Log" owner="BuiltIn">
<msg time="2024-07-14T15:22:40.866705" level="INFO">email</msg>
<arg>${key}</arg>
<doc>Logs the given message with the given level.</doc>
<status status="PASS" start="2024-07-14T15:22:40.866579" elapsed="0.000165"/>
</kw>
<var name="${key}">email</var>
<status status="PASS" start="2024-07-14T15:22:40.865188" elapsed="0.001774"/>
</iter>
<iter>
<kw name="Dictionary Should Contain Key" owner="Collections">
<arg>${json_data['results'][0]}</arg>
<arg>${key}</arg>
<doc>Fails if ``key`` is not found from ``dictionary``.</doc>
<status status="PASS" start="2024-07-14T15:22:40.867251" elapsed="0.000397"/>
</kw>
<kw name="Log" owner="BuiltIn">
<msg time="2024-07-14T15:22:40.868186" level="INFO">{'gender': 'male', 'name': {'title': 'Mr', 'first': 'Tormod', 'last': 'Høyvik'}, 'location': {'street': {'number': 3288, 'name': 'Etterstadsletta'}, 'city': 'Kvithammer', 'state': 'Trøndelag', 'country': 'Norway', 'postcode': '5970', 'coordinates': {'latitude': '46.1899', 'longitude': '-58.9028'}, 'timezone': {'offset': '-9:00', 'description': 'Alaska'}}, 'email': 'tormod.hoyvik@example.com', 'login': {'uuid': 'e61536d9-20fc-493e-bdeb-db01f38470d7', 'username': 'tinypanda885', 'password': 'srinivas', 'salt': 'la8VKn37', 'md5': 'b01c4f4e044ce8cc95e280baf1e3e372', 'sha1': '4df6b6d40925756d567975d26ec495d664ba5544', 'sha256': 'a81455401fe4927baf096a145f7f0373a826bf07c0e86d441daf68aa5472db8e'}, 'dob': {'date': '1984-08-03T06:37:57.579Z', 'age': 39}, 'registered': {'date': '2003-02-10T05:33:32.344Z', 'age': 21}, 'phone': '82524084', 'cell': '48078292', 'id': {'name': 'FN', 'value': '03088435183'}, 'picture': {'large': 'https://randomuser.me/api/portraits/men/10.jpg', 'medium': 'https://randomuser.me/api/portraits/med/men/10.jpg', 'thumbnail': 'https://randomuser.me/api/portraits/thumb/men/10.jpg'}, 'nat': 'NO'}</msg>
<arg>${json_data['results'][0]}</arg>
<doc>Logs the given message with the given level.</doc>
<status status="PASS" start="2024-07-14T15:22:40.867832" elapsed="0.000405"/>
</kw>
<kw name="Log" owner="BuiltIn">
<msg time="2024-07-14T15:22:40.868665" level="INFO">login</msg>
<arg>${key}</arg>
<doc>Logs the given message with the given level.</doc>
<status status="PASS" start="2024-07-14T15:22:40.868539" elapsed="0.000164"/>
</kw>
<var name="${key}">login</var>
<status status="PASS" start="2024-07-14T15:22:40.867138" elapsed="0.001819"/>
</iter>
<var>${key}</var>
<value>@{expected_keys}</value>
<status status="PASS" start="2024-07-14T15:22:40.858924" elapsed="0.010159"/>
</for>
<kw name="Create List" owner="BuiltIn">
<msg time="2024-07-14T15:22:40.869412" level="INFO">${expected_keysTwo} = ['username', 'password']</msg>
<var>${expected_keysTwo}</var>
<arg>username</arg>
<arg>password</arg>
<doc>Returns a list containing given items.</doc>
<status status="PASS" start="2024-07-14T15:22:40.869277" elapsed="0.000158"/>
</kw>
<for flavor="IN">
<iter>
<kw name="Dictionary Should Contain Key" owner="Collections">
<arg>${json_data['results'][0]['login']}</arg>
<arg>${keyTwo}</arg>
<doc>Fails if ``key`` is not found from ``dictionary``.</doc>
<status status="PASS" start="2024-07-14T15:22:40.869962" elapsed="0.000386"/>
</kw>
<kw name="Dictionary Should Contain Key" owner="Collections">
<arg>${json_data['results'][0]['login']}</arg>
<arg>${keyTwo}</arg>
<doc>Fails if ``key`` is not found from ``dictionary``.</doc>
<status status="PASS" start="2024-07-14T15:22:40.870530" elapsed="0.000380"/>
</kw>
<kw name="Log" owner="BuiltIn">
<msg time="2024-07-14T15:22:40.871219" level="INFO">username</msg>
<arg>${keyTwo}</arg>
<doc>Logs the given message with the given level.</doc>
<status status="PASS" start="2024-07-14T15:22:40.871097" elapsed="0.000160"/>
</kw>
<var name="${keyTwo}">username</var>
<status status="PASS" start="2024-07-14T15:22:40.869853" elapsed="0.001630"/>
</iter>
<iter>
<kw name="Dictionary Should Contain Key" owner="Collections">
<arg>${json_data['results'][0]['login']}</arg>
<arg>${keyTwo}</arg>
<doc>Fails if ``key`` is not found from ``dictionary``.</doc>
<status status="PASS" start="2024-07-14T15:22:40.871769" elapsed="0.000384"/>
</kw>
<kw name="Dictionary Should Contain Key" owner="Collections">
<arg>${json_data['results'][0]['login']}</arg>
<arg>${keyTwo}</arg>
<doc>Fails if ``key`` is not found from ``dictionary``.</doc>
<status status="PASS" start="2024-07-14T15:22:40.872342" elapsed="0.000372"/>
</kw>
<kw name="Log" owner="BuiltIn">
<msg time="2024-07-14T15:22:40.873052" level="INFO">password</msg>
<arg>${keyTwo}</arg>
<doc>Logs the given message with the given level.</doc>
<status status="PASS" start="2024-07-14T15:22:40.872932" elapsed="0.000163"/>
</kw>
<var name="${keyTwo}">password</var>
<status status="PASS" start="2024-07-14T15:22:40.871661" elapsed="0.001656"/>
</iter>
<var>${keyTwo}</var>
<value>@{expected_keysTwo}</value>
<status status="PASS" start="2024-07-14T15:22:40.869698" elapsed="0.003739"/>
</for>
<status status="PASS" start="2024-07-14T15:22:40.751404" elapsed="0.122177"/>
</kw>
<doc>Testa a estrutura da resposta da API.</doc>
<tag>testeEstruturaResposta</tag>
<status status="PASS" start="2024-07-14T15:22:40.750570" elapsed="0.123181"/>
</test>
<test id="s1-s1-t4" name="Validar tipos de dados" line="28">
<kw name="Teste de Tipos de Dados" owner="random-user-service">
<kw name="GET On Session" owner="RequestsLibrary">
<msg time="2024-07-14T15:22:40.964266" level="INFO">GET Request : url=https://randomuser.me/api 
 path_url=/api 
 headers={'User-Agent': 'python-requests/2.32.3', 'Accept-Encoding': 'gzip, deflate', 'Accept': '*/*', 'Connection': 'keep-alive'} 
 body=None 
 </msg>
<msg time="2024-07-14T15:22:40.964359" level="INFO">GET Response : url=https://randomuser.me/api 
 status=200, reason=OK 
 headers={'Date': 'Sun, 14 Jul 2024 15:22:40 GMT', 'Content-Type': 'application/json; charset=utf-8', 'Transfer-Encoding': 'chunked', 'Connection': 'keep-alive', 'X-Powered-By': 'Express', 'Access-Control-Allow-Origin': '*', 'Cache-Control': 'no-cache', 'ETag': 'W/"487-lZ8XRXVB9qAAFkpxzMcoiDP0vYY"', 'Vary': 'Accept-Encoding', 'Content-Encoding': 'gzip', 'CF-Cache-Status': 'DYNAMIC', 'Report-To': '{"endpoints":[{"url":"https:\\/\\/a.nel.cloudflare.com\\/report\\/v4?s=FPGMk15pPO0mIRfQ9LvtWK64vRjLrYZ8Mptts5FeI2NMzJ87Kw8GF8xyL7n0zxgnB7u6LR8WAnzAn%2FpWoMVVs4BzHn1sJihN2wTmA%2FRzjQYZkKif7u1Mngc2LXUJDeNq"}],"group":"cf-nel","max_age":604800}', 'NEL': '{"success_fraction":0,"report_to":"cf-nel","max_age":604800}', 'Server': 'cloudflare', 'CF-RAY': '8a3282758c7f058b-IAD', 'alt-svc': 'h3=":443"; ma=86400'} 
 body={"results":[{"gender":"male","name":{"title":"Mr","first":"Paul","last":"Mckinney"},"location":{"street":{"number":4620,"name":"Lone Wolf Trail"},"city":"Geelong","state":"Northern Territory","country":"Australia","postcode":1054,"coordinates":{"latitude":"-86.7519","longitude":"-77.9880"},"timezone":{"offset":"-11:00","description":"Midway Island, Samoa"}},"email":"paul.mckinney@example.com","login":{"uuid":"c9077659-e0ab-4917-adb7-df54dd0f4b95","username":"sadkoala847","password":"skyler","salt":"5cPSJeBA","md5":"c4a53d096b25748753da931e732967da","sha1":"46c26e13c6e0aacc8937b6bcb78986c72d48b195","sha256":"d33a9092b7cc931ff390de769b1c310b1cd78130d4791401662c3cd05f70ee19"},"dob":{"date":"1998-05-21T20:07:42.073Z","age":26},"registered":{"date":"2009-08-06T10:42:02.438Z","age":14},"phone":"08-8092-7539","cell":"0425-169-724","id":{"name":"TFN","value":"884807457"},"picture":{"large":"https://randomuser.me/api/portraits/men/29.jpg","medium":"https://randomuser.me/api/portraits/med/men/29.jpg","thumbnail":"https://randomuser.me/api/portraits/thumb/men/29.jpg"},"nat":"AU"}],"info":{"seed":"062c0145a12f8dec","results":1,"page":1,"version":"1.4"}} 
 </msg>
<msg time="2024-07-14T15:22:40.964437" level="INFO">/opt/hostedtoolcache/Python/3.12.4/x64/lib/python3.12/site-packages/urllib3/connectionpool.py:1099: InsecureRequestWarning: Unverified HTTPS request is being made to host 'randomuser.me'. Adding certificate verification is strongly advised. See: https://urllib3.readthedocs.io/en/latest/advanced-usage.html#tls-warnings
  warnings.warn(</msg>
<msg time="2024-07-14T15:22:40.964554" level="INFO">${response} = &lt;Response [200]&gt;</msg>
<var>${response}</var>
<arg>consultarAPI</arg>
<arg>/api</arg>
<doc>Sends a GET request on a previously created HTTP Session.</doc>
<status status="PASS" start="2024-07-14T15:22:40.876316" elapsed="0.088293"/>
</kw>
<kw name="Set Variable" owner="BuiltIn">
<msg time="2024-07-14T15:22:40.965648" level="INFO">${json_data} = {'results': [{'gender': 'male', 'name': {'title': 'Mr', 'first': 'Paul', 'last': 'Mckinney'}, 'location': {'street': {'number': 4620, 'name': 'Lone Wolf Trail'}, 'city': 'Geelong', 'state': 'Northern ...</msg>
<var>${json_data}</var>
<arg>${response.json()}</arg>
<doc>Returns the given values which can then be assigned to a variables.</doc>
<status status="PASS" start="2024-07-14T15:22:40.965151" elapsed="0.000526"/>
</kw>
<kw name="Log" owner="BuiltIn">
<msg time="2024-07-14T15:22:40.966143" level="INFO">{'results': [{'gender': 'male', 'name': {'title': 'Mr', 'first': 'Paul', 'last': 'Mckinney'}, 'location': {'street': {'number': 4620, 'name': 'Lone Wolf Trail'}, 'city': 'Geelong', 'state': 'Northern Territory', 'country': 'Australia', 'postcode': 1054, 'coordinates': {'latitude': '-86.7519', 'longitude': '-77.9880'}, 'timezone': {'offset': '-11:00', 'description': 'Midway Island, Samoa'}}, 'email': 'paul.mckinney@example.com', 'login': {'uuid': 'c9077659-e0ab-4917-adb7-df54dd0f4b95', 'username': 'sadkoala847', 'password': 'skyler', 'salt': '5cPSJeBA', 'md5': 'c4a53d096b25748753da931e732967da', 'sha1': '46c26e13c6e0aacc8937b6bcb78986c72d48b195', 'sha256': 'd33a9092b7cc931ff390de769b1c310b1cd78130d4791401662c3cd05f70ee19'}, 'dob': {'date': '1998-05-21T20:07:42.073Z', 'age': 26}, 'registered': {'date': '2009-08-06T10:42:02.438Z', 'age': 14}, 'phone': '08-8092-7539', 'cell': '0425-169-724', 'id': {'name': 'TFN', 'value': '884807457'}, 'picture': {'large': 'https://randomuser.me/api/portraits/men/29.jpg', 'medium': 'https://randomuser.me/api/portraits/med/men/29.jpg', 'thumbnail': 'https://randomuser.me/api/portraits/thumb/men/29.jpg'}, 'nat': 'AU'}], 'info': {'seed': '062c0145a12f8dec', 'results': 1, 'page': 1, 'version': '1.4'}}</msg>
<arg>${json_data}</arg>
<doc>Logs the given message with the given level.</doc>
<status status="PASS" start="2024-07-14T15:22:40.965983" elapsed="0.000207"/>
</kw>
<kw name="Should Be String" owner="String">
<arg>${json_data['results'][0]['gender']}</arg>
<doc>Fails if the given ``item`` is not a string.</doc>
<status status="PASS" start="2024-07-14T15:22:40.966481" elapsed="0.000364"/>
</kw>
<kw name="Should Match Regexp" owner="BuiltIn">
<arg>${json_data['results'][0]['email']}</arg>
<arg>^[a-zA-Z0-9._%+-]+@[a-zA-Z0-9.-]+\.[a-zA-Z]{2,}$</arg>
<doc>Fails if ``string`` does not match ``pattern`` as a regular expression.</doc>
<status status="PASS" start="2024-07-14T15:22:40.967035" elapsed="0.000525"/>
</kw>
<kw name="Should Match Regexp" owner="BuiltIn">
<arg>${json_data['results'][0]['dob']['date']}</arg>
<arg>\\d{4}-\\d{2}-\\d{2}T\\d{2}:\\d{2}:\\d{2}\\.\\d{3}Z</arg>
<doc>Fails if ``string`` does not match ``pattern`` as a regular expression.</doc>
<status status="PASS" start="2024-07-14T15:22:40.967789" elapsed="0.000490"/>
</kw>
<kw name="Should Match Regexp" owner="BuiltIn">
<arg>${json_data['results'][0]['registered']['date']}</arg>
<arg>\\d{4}-\\d{2}-\\d{2}T\\d{2}:\\d{2}:\\d{2}\\.\\d{3}Z</arg>
<doc>Fails if ``string`` does not match ``pattern`` as a regular expression.</doc>
<status status="PASS" start="2024-07-14T15:22:40.968471" elapsed="0.000401"/>
</kw>
<kw name="Should Match Regexp" owner="BuiltIn">
<arg>${json_data['results'][0]['picture']['large']}</arg>
<arg>^https?://.*\.(?:png|jpe?g|gif|bmp)$</arg>
<doc>Fails if ``string`` does not match ``pattern`` as a regular expression.</doc>
<status status="PASS" start="2024-07-14T15:22:40.969069" elapsed="0.000466"/>
</kw>
<kw name="Should Match Regexp" owner="BuiltIn">
<arg>${json_data['results'][0]['picture']['medium']}</arg>
<arg>^https?://.*\.(?:png|jpe?g|gif|bmp)$</arg>
<doc>Fails if ``string`` does not match ``pattern`` as a regular expression.</doc>
<status status="PASS" start="2024-07-14T15:22:40.969722" elapsed="0.000352"/>
</kw>
<kw name="Should Match Regexp" owner="BuiltIn">
<arg>${json_data['results'][0]['picture']['thumbnail']}</arg>
<arg>^https?://.*\.(?:png|jpe?g|gif|bmp)$</arg>
<doc>Fails if ``string`` does not match ``pattern`` as a regular expression.</doc>
<status status="PASS" start="2024-07-14T15:22:40.970260" elapsed="0.000348"/>
</kw>
<kw name="Log" owner="BuiltIn">
<msg time="2024-07-14T15:22:40.971127" level="INFO">{'large': 'https://randomuser.me/api/portraits/men/29.jpg', 'medium': 'https://randomuser.me/api/portraits/med/men/29.jpg', 'thumbnail': 'https://randomuser.me/api/portraits/thumb/men/29.jpg'}</msg>
<arg>${json_data['results'][0]['picture']}</arg>
<doc>Logs the given message with the given level.</doc>
<status status="PASS" start="2024-07-14T15:22:40.970791" elapsed="0.000380"/>
</kw>
<status status="PASS" start="2024-07-14T15:22:40.876088" elapsed="0.095351"/>
</kw>
<kw name="Teste de Tipos de Dados - Postcode" owner="random-user-service">
<kw name="GET On Session" owner="RequestsLibrary">
<msg time="2024-07-14T15:22:41.048365" level="INFO">GET Request : url=https://randomuser.me/api 
 path_url=/api 
 headers={'User-Agent': 'python-requests/2.32.3', 'Accept-Encoding': 'gzip, deflate', 'Accept': '*/*', 'Connection': 'keep-alive'} 
 body=None 
 </msg>
<msg time="2024-07-14T15:22:41.048463" level="INFO">GET Response : url=https://randomuser.me/api 
 status=200, reason=OK 
 headers={'Date': 'Sun, 14 Jul 2024 15:22:41 GMT', 'Content-Type': 'application/json; charset=utf-8', 'Transfer-Encoding': 'chunked', 'Connection': 'keep-alive', 'X-Powered-By': 'Express', 'Access-Control-Allow-Origin': '*', 'Cache-Control': 'no-cache', 'ETag': 'W/"48a-nWLPaq7oAYbcu8lQufHrSl3VCv4"', 'Vary': 'Accept-Encoding', 'Content-Encoding': 'gzip', 'CF-Cache-Status': 'DYNAMIC', 'Report-To': '{"endpoints":[{"url":"https:\\/\\/a.nel.cloudflare.com\\/report\\/v4?s=Ucew0jNQGxKz2IhPb4lQW0ZAjbmFuhgBn5vty96g9PeVHp%2B%2BTRNFRHowqnFxpEVPOIrHatT74R9g%2Bwk1RUGl0zENEGgWabDmMO79hSvdg3iR%2BNwGA9Xu50YRAzi%2F2mCP"}],"group":"cf-nel","max_age":604800}', 'NEL': '{"success_fraction":0,"report_to":"cf-nel","max_age":604800}', 'Server': 'cloudflare', 'CF-RAY': '8a3282761d01058b-IAD', 'alt-svc': 'h3=":443"; ma=86400'} 
 body={"results":[{"gender":"male","name":{"title":"Mr","first":"Sebastian","last":"Jensen"},"location":{"street":{"number":1667,"name":"Marsvej"},"city":"V.Skerninge","state":"Midtjylland","country":"Denmark","postcode":11991,"coordinates":{"latitude":"-43.3950","longitude":"-27.4467"},"timezone":{"offset":"+4:00","description":"Abu Dhabi, Muscat, Baku, Tbilisi"}},"email":"sebastian.jensen@example.com","login":{"uuid":"d3a28e70-1c51-498d-af43-1cf58e58a869","username":"brownelephant165","password":"weller","salt":"hYuhIGZ3","md5":"eb126fe639f74148ddb4c411f9cb1a36","sha1":"ff9a7055b789005c3059fa20be8a7c8a543cb164","sha256":"20ef8cac74b26bd1ecc4eac8c43fef9825235681c232db770a0405ef6d73dbce"},"dob":{"date":"1987-07-30T11:33:53.178Z","age":36},"registered":{"date":"2021-04-09T22:01:31.811Z","age":3},"phone":"58356545","cell":"59848167","id":{"name":"CPR","value":"300787-1894"},"picture":{"large":"https://randomuser.me/api/portraits/men/36.jpg","medium":"https://randomuser.me/api/portraits/med/men/36.jpg","thumbnail":"https://randomuser.me/api/portraits/thumb/men/36.jpg"},"nat":"DK"}],"info":{"seed":"b88081b190ecb38c","results":1,"page":1,"version":"1.4"}} 
 </msg>
<msg time="2024-07-14T15:22:41.048532" level="INFO">/opt/hostedtoolcache/Python/3.12.4/x64/lib/python3.12/site-packages/urllib3/connectionpool.py:1099: InsecureRequestWarning: Unverified HTTPS request is being made to host 'randomuser.me'. Adding certificate verification is strongly advised. See: https://urllib3.readthedocs.io/en/latest/advanced-usage.html#tls-warnings
  warnings.warn(</msg>
<msg time="2024-07-14T15:22:41.048651" level="INFO">${response} = &lt;Response [200]&gt;</msg>
<var>${response}</var>
<arg>consultarAPI</arg>
<arg>/api</arg>
<doc>Sends a GET request on a previously created HTTP Session.</doc>
<status status="PASS" start="2024-07-14T15:22:40.971901" elapsed="0.076788"/>
</kw>
<kw name="Set Variable" owner="BuiltIn">
<msg time="2024-07-14T15:22:41.049758" level="INFO">${json_data} = {'results': [{'gender': 'male', 'name': {'title': 'Mr', 'first': 'Sebastian', 'last': 'Jensen'}, 'location': {'street': {'number': 1667, 'name': 'Marsvej'}, 'city': 'V.Skerninge', 'state': 'Midtjyllan...</msg>
<var>${json_data}</var>
<arg>${response.json()}</arg>
<doc>Returns the given values which can then be assigned to a variables.</doc>
<status status="PASS" start="2024-07-14T15:22:41.049247" elapsed="0.000541"/>
</kw>
<kw name="Log" owner="BuiltIn">
<msg time="2024-07-14T15:22:41.050253" level="INFO">{'results': [{'gender': 'male', 'name': {'title': 'Mr', 'first': 'Sebastian', 'last': 'Jensen'}, 'location': {'street': {'number': 1667, 'name': 'Marsvej'}, 'city': 'V.Skerninge', 'state': 'Midtjylland', 'country': 'Denmark', 'postcode': 11991, 'coordinates': {'latitude': '-43.3950', 'longitude': '-27.4467'}, 'timezone': {'offset': '+4:00', 'description': 'Abu Dhabi, Muscat, Baku, Tbilisi'}}, 'email': 'sebastian.jensen@example.com', 'login': {'uuid': 'd3a28e70-1c51-498d-af43-1cf58e58a869', 'username': 'brownelephant165', 'password': 'weller', 'salt': 'hYuhIGZ3', 'md5': 'eb126fe639f74148ddb4c411f9cb1a36', 'sha1': 'ff9a7055b789005c3059fa20be8a7c8a543cb164', 'sha256': '20ef8cac74b26bd1ecc4eac8c43fef9825235681c232db770a0405ef6d73dbce'}, 'dob': {'date': '1987-07-30T11:33:53.178Z', 'age': 36}, 'registered': {'date': '2021-04-09T22:01:31.811Z', 'age': 3}, 'phone': '58356545', 'cell': '59848167', 'id': {'name': 'CPR', 'value': '300787-1894'}, 'picture': {'large': 'https://randomuser.me/api/portraits/men/36.jpg', 'medium': 'https://randomuser.me/api/portraits/med/men/36.jpg', 'thumbnail': 'https://randomuser.me/api/portraits/thumb/men/36.jpg'}, 'nat': 'DK'}], 'info': {'seed': 'b88081b190ecb38c', 'results': 1, 'page': 1, 'version': '1.4'}}</msg>
<arg>${json_data}</arg>
<doc>Logs the given message with the given level.</doc>
<status status="PASS" start="2024-07-14T15:22:41.050095" elapsed="0.000207"/>
</kw>
<kw name="Should Be Equal As Numbers" owner="BuiltIn">
<arg>${json_data['results'][0]['location']['postcode']}</arg>
<arg>${json_data['results'][0]['location']['postcode']}</arg>
<doc>Fails if objects are unequal after converting them to real numbers.</doc>
<status status="PASS" start="2024-07-14T15:22:41.050602" elapsed="0.000626"/>
</kw>
<kw name="Log" owner="BuiltIn">
<msg time="2024-07-14T15:22:41.051760" level="INFO">11991</msg>
<arg>${json_data['results'][0]['location']['postcode']}</arg>
<doc>Logs the given message with the given level.</doc>
<status status="PASS" start="2024-07-14T15:22:41.051424" elapsed="0.000378"/>
</kw>
<status status="PASS" start="2024-07-14T15:22:40.971672" elapsed="0.080389"/>
</kw>
<doc>Testa se os tipos de dados na resposta da API estão corretos.</doc>
<tag>testeTiposDados</tag>
<status status="PASS" start="2024-07-14T15:22:40.875520" elapsed="0.176757"/>
</test>
<test id="s1-s1-t5" name="Validar conteudo" line="35">
<kw name="Teste de Tipos de Conteudo" owner="random-user-service">
<kw name="GET On Session" owner="RequestsLibrary">
<msg time="2024-07-14T15:22:41.150774" level="INFO">GET Request : url=https://randomuser.me/api 
 path_url=/api 
 headers={'User-Agent': 'python-requests/2.32.3', 'Accept-Encoding': 'gzip, deflate', 'Accept': '*/*', 'Connection': 'keep-alive'} 
 body=None 
 </msg>
<msg time="2024-07-14T15:22:41.150883" level="INFO">GET Response : url=https://randomuser.me/api 
 status=200, reason=OK 
 headers={'Date': 'Sun, 14 Jul 2024 15:22:41 GMT', 'Content-Type': 'application/json; charset=utf-8', 'Transfer-Encoding': 'chunked', 'Connection': 'keep-alive', 'X-Powered-By': 'Express', 'Access-Control-Allow-Origin': '*', 'Cache-Control': 'no-cache', 'ETag': 'W/"491-FXSqm7CYzVx1tH+eHO1FoHae2Bg"', 'Vary': 'Accept-Encoding', 'Content-Encoding': 'gzip', 'CF-Cache-Status': 'DYNAMIC', 'Report-To': '{"endpoints":[{"url":"https:\\/\\/a.nel.cloudflare.com\\/report\\/v4?s=%2Bo%2BJBq7w8Z8pCosw6UxrZ2MkoQjATCOSz9DBKYlQ93E4QQW9pHdlHDWqYTkfrKDtmRRIkNo245zioH3I1FkNKm0yAZzi60TH6YHKvzi%2FjgV3Z6s%2FsQV1VXZ5D2qcB65g"}],"group":"cf-nel","max_age":604800}', 'NEL': '{"success_fraction":0,"report_to":"cf-nel","max_age":604800}', 'Server': 'cloudflare', 'CF-RAY': '8a328276ad91058b-IAD', 'alt-svc': 'h3=":443"; ma=86400'} 
 body={"results":[{"gender":"male","name":{"title":"Mr","first":"Elliott","last":"Michelsen"},"location":{"street":{"number":3263,"name":"Sørumgata"},"city":"Verningen","state":"Nord-Trøndelag","country":"Norway","postcode":"4859","coordinates":{"latitude":"38.9200","longitude":"-3.3901"},"timezone":{"offset":"-3:00","description":"Brazil, Buenos Aires, Georgetown"}},"email":"elliott.michelsen@example.com","login":{"uuid":"3855de7b-dda8-42c4-a131-35681e175702","username":"brownbutterfly283","password":"bbbbbb1","salt":"21QGiWsN","md5":"7518e9e4cd8a36b1d603273facc6a614","sha1":"9f076b0289665e79ab6238358509528416176186","sha256":"fe9ad302701b1ccfa14fb79316f135d8e404085c310596f53335067b31bb9c79"},"dob":{"date":"1963-07-07T18:22:29.279Z","age":61},"registered":{"date":"2010-04-22T20:16:48.382Z","age":14},"phone":"29143401","cell":"49536126","id":{"name":"FN","value":"07076318527"},"picture":{"large":"https://randomuser.me/api/portraits/men/52.jpg","medium":"https://randomuser.me/api/portraits/med/men/52.jpg","thumbnail":"https://randomuser.me/api/portraits/thumb/men/52.jpg"},"nat":"NO"}],"info":{"seed":"a915a18cb3bd7c1d","results":1,"page":1,"version":"1.4"}} 
 </msg>
<msg time="2024-07-14T15:22:41.150984" level="INFO">/opt/hostedtoolcache/Python/3.12.4/x64/lib/python3.12/site-packages/urllib3/connectionpool.py:1099: InsecureRequestWarning: Unverified HTTPS request is being made to host 'randomuser.me'. Adding certificate verification is strongly advised. See: https://urllib3.readthedocs.io/en/latest/advanced-usage.html#tls-warnings
  warnings.warn(</msg>
<msg time="2024-07-14T15:22:41.151122" level="INFO">${response} = &lt;Response [200]&gt;</msg>
<var>${response}</var>
<arg>consultarAPI</arg>
<arg>/api</arg>
<doc>Sends a GET request on a previously created HTTP Session.</doc>
<status status="PASS" start="2024-07-14T15:22:41.055080" elapsed="0.096092"/>
</kw>
<kw name="Set Variable" owner="BuiltIn">
<msg time="2024-07-14T15:22:41.152241" level="INFO">${json_data} = {'results': [{'gender': 'male', 'name': {'title': 'Mr', 'first': 'Elliott', 'last': 'Michelsen'}, 'location': {'street': {'number': 3263, 'name': 'Sørumgata'}, 'city': 'Verningen', 'state': 'Nord-Trøn...</msg>
<var>${json_data}</var>
<arg>${response.json()}</arg>
<doc>Returns the given values which can then be assigned to a variables.</doc>
<status status="PASS" start="2024-07-14T15:22:41.151730" elapsed="0.000540"/>
</kw>
<kw name="Set Variable" owner="BuiltIn">
<msg time="2024-07-14T15:22:41.152992" level="INFO">${name_title} = Mr</msg>
<var>${name_title}</var>
<arg>${json_data["results"][0]["name"]["title"]}</arg>
<doc>Returns the given values which can then be assigned to a variables.</doc>
<status status="PASS" start="2024-07-14T15:22:41.152576" elapsed="0.000441"/>
</kw>
<kw name="Create List" owner="BuiltIn">
<msg time="2024-07-14T15:22:41.153464" level="INFO">${allowed_titles} = ['Mr', 'Ms', 'Miss', 'Mrs', 'Madame', 'Monsieur']</msg>
<var>${allowed_titles}</var>
<arg>Mr</arg>
<arg>Ms</arg>
<arg>Miss</arg>
<arg>Mrs</arg>
<arg>Madame</arg>
<arg>Monsieur</arg>
<doc>Returns a list containing given items.</doc>
<status status="PASS" start="2024-07-14T15:22:41.153315" elapsed="0.000173"/>
</kw>
<kw name="List Should Contain Value" owner="Collections">
<arg>${allowed_titles}</arg>
<arg>${name_title}</arg>
<doc>Fails if the ``value`` is not found from ``list``.</doc>
<status status="PASS" start="2024-07-14T15:22:41.153784" elapsed="0.000177"/>
</kw>
<kw name="Set Variable" owner="BuiltIn">
<msg time="2024-07-14T15:22:41.154503" level="INFO">${name_country} = NO</msg>
<var>${name_country}</var>
<arg>${json_data["results"][0]["nat"]}</arg>
<doc>Returns the given values which can then be assigned to a variables.</doc>
<status status="PASS" start="2024-07-14T15:22:41.154141" elapsed="0.000387"/>
</kw>
<kw name="Create List" owner="BuiltIn">
<msg time="2024-07-14T15:22:41.155412" level="INFO">${list_country} = ['AD', 'AE', 'AF', 'AG', 'AI', 'AL', 'AM', 'AO', 'AQ', 'AR', 'AS', 'AT', 'AU', 'AW', 'AX', 'AZ', 'BA', 'BB', 'BD', 'BE', 'BF', 'BG', 'BH', 'BI', 'BJ', 'BL', 'BM', 'BN', 'BO', 'BQ', 'BR', 'BS', 'BT', '...</msg>
<var>${list_country}</var>
<arg>AD</arg>
<arg>AE</arg>
<arg>AF</arg>
<arg>AG</arg>
<arg>AI</arg>
<arg>AL</arg>
<arg>AM</arg>
<arg>AO</arg>
<arg>AQ</arg>
<arg>AR</arg>
<arg>AS</arg>
<arg>AT</arg>
<arg>AU</arg>
<arg>AW</arg>
<arg>AX</arg>
<arg>AZ</arg>
<arg>BA</arg>
<arg>BB</arg>
<arg>BD</arg>
<arg>BE</arg>
<arg>BF</arg>
<arg>BG</arg>
<arg>BH</arg>
<arg>BI</arg>
<arg>BJ</arg>
<arg>BL</arg>
<arg>BM</arg>
<arg>BN</arg>
<arg>BO</arg>
<arg>BQ</arg>
<arg>BR</arg>
<arg>BS</arg>
<arg>BT</arg>
<arg>BV</arg>
<arg>BW</arg>
<arg>BY</arg>
<arg>BZ</arg>
<arg>CA</arg>
<arg>CC</arg>
<arg>CD</arg>
<arg>CF</arg>
<arg>CG</arg>
<arg>CH</arg>
<arg>CI</arg>
<arg>CK</arg>
<arg>CL</arg>
<arg>CM</arg>
<arg>CN</arg>
<arg>CO</arg>
<arg>CR</arg>
<arg>CU</arg>
<arg>CV</arg>
<arg>CW</arg>
<arg>CX</arg>
<arg>CY</arg>
<arg>CZ</arg>
<arg>DE</arg>
<arg>DJ</arg>
<arg>DK</arg>
<arg>DM</arg>
<arg>DO</arg>
<arg>DZ</arg>
<arg>EC</arg>
<arg>EE</arg>
<arg>EG</arg>
<arg>EH</arg>
<arg>ER</arg>
<arg>ES</arg>
<arg>ET</arg>
<arg>FI</arg>
<arg>FJ</arg>
<arg>FK</arg>
<arg>FM</arg>
<arg>FO</arg>
<arg>FR</arg>
<arg>GA</arg>
<arg>GB</arg>
<arg>GD</arg>
<arg>GE</arg>
<arg>GF</arg>
<arg>GG</arg>
<arg>GH</arg>
<arg>GI</arg>
<arg>GL</arg>
<arg>GM</arg>
<arg>GN</arg>
<arg>GP</arg>
<arg>GQ</arg>
<arg>GR</arg>
<arg>GS</arg>
<arg>GT</arg>
<arg>GU</arg>
<arg>GW</arg>
<arg>GY</arg>
<arg>HK</arg>
<arg>HM</arg>
<arg>HN</arg>
<arg>HR</arg>
<arg>HT</arg>
<arg>HU</arg>
<arg>ID</arg>
<arg>IE</arg>
<arg>IL</arg>
<arg>IM</arg>
<arg>IN</arg>
<arg>IO</arg>
<arg>IQ</arg>
<arg>IR</arg>
<arg>IS</arg>
<arg>IT</arg>
<arg>JE</arg>
<arg>JM</arg>
<arg>JO</arg>
<arg>JP</arg>
<arg>KE</arg>
<arg>KG</arg>
<arg>KH</arg>
<arg>KI</arg>
<arg>KM</arg>
<arg>KN</arg>
<arg>KP</arg>
<arg>KR</arg>
<arg>KW</arg>
<arg>KY</arg>
<arg>KZ</arg>
<arg>LA</arg>
<arg>LB</arg>
<arg>LC</arg>
<arg>LI</arg>
<arg>LK</arg>
<arg>LR</arg>
<arg>LS</arg>
<arg>LT</arg>
<arg>LU</arg>
<arg>LV</arg>
<arg>LY</arg>
<arg>MA</arg>
<arg>MC</arg>
<arg>MD</arg>
<arg>ME</arg>
<arg>MF</arg>
<arg>MG</arg>
<arg>MH</arg>
<arg>MK</arg>
<arg>ML</arg>
<arg>MM</arg>
<arg>MN</arg>
<arg>MO</arg>
<arg>MP</arg>
<arg>MQ</arg>
<arg>MR</arg>
<arg>MS</arg>
<arg>MT</arg>
<arg>MU</arg>
<arg>MV</arg>
<arg>MW</arg>
<arg>MX</arg>
<arg>MY</arg>
<arg>MZ</arg>
<arg>NA</arg>
<arg>NC</arg>
<arg>NE</arg>
<arg>NF</arg>
<arg>NG</arg>
<arg>NI</arg>
<arg>NL</arg>
<arg>NO</arg>
<arg>NP</arg>
<arg>NR</arg>
<arg>NU</arg>
<arg>NZ</arg>
<arg>OM</arg>
<arg>PA</arg>
<arg>PE</arg>
<arg>PF</arg>
<arg>PG</arg>
<arg>PH</arg>
<arg>PK</arg>
<arg>PL</arg>
<arg>PM</arg>
<arg>PN</arg>
<arg>PR</arg>
<arg>PS</arg>
<arg>PT</arg>
<arg>PW</arg>
<arg>PY</arg>
<arg>QA</arg>
<arg>RE</arg>
<arg>RO</arg>
<arg>RS</arg>
<arg>RU</arg>
<arg>RW</arg>
<arg>SA</arg>
<arg>SB</arg>
<arg>SC</arg>
<arg>SD</arg>
<arg>SE</arg>
<arg>SG</arg>
<arg>SH</arg>
<arg>SI</arg>
<arg>SJ</arg>
<arg>SK</arg>
<arg>SL</arg>
<arg>SM</arg>
<arg>SN</arg>
<arg>SO</arg>
<arg>SR</arg>
<arg>SS</arg>
<arg>ST</arg>
<arg>SV</arg>
<arg>SX</arg>
<arg>SY</arg>
<arg>SZ</arg>
<arg>TC</arg>
<arg>TD</arg>
<arg>TF</arg>
<arg>TG</arg>
<arg>TH</arg>
<arg>TJ</arg>
<arg>TK</arg>
<arg>TL</arg>
<arg>TM</arg>
<arg>TN</arg>
<arg>TO</arg>
<arg>TR</arg>
<arg>TT</arg>
<arg>TV</arg>
<arg>TW</arg>
<arg>TZ</arg>
<arg>UA</arg>
<arg>UG</arg>
<arg>UM</arg>
<arg>US</arg>
<arg>UY</arg>
<arg>UZ</arg>
<arg>VA</arg>
<arg>VC</arg>
<arg>VE</arg>
<arg>VG</arg>
<arg>VI</arg>
<arg>VN</arg>
<arg>VU</arg>
<arg>WF</arg>
<arg>WS</arg>
<arg>XK</arg>
<arg>YE</arg>
<arg>YT</arg>
<arg>ZA</arg>
<arg>ZM</arg>
<arg>ZW</arg>
<doc>Returns a list containing given items.</doc>
<status status="PASS" start="2024-07-14T15:22:41.154821" elapsed="0.000617"/>
</kw>
<kw name="List Should Contain Value" owner="Collections">
<arg>${list_country}</arg>
<arg>${name_country}</arg>
<doc>Fails if the ``value`` is not found from ``list``.</doc>
<status status="PASS" start="2024-07-14T15:22:41.156232" elapsed="0.000206"/>
</kw>
<kw name="Run Keyword If" owner="BuiltIn">
<kw name="Should Be True" owner="BuiltIn">
<arg>${True}</arg>
<doc>Fails if the given condition is not true.</doc>
<status status="PASS" start="2024-07-14T15:22:41.157417" elapsed="0.000143"/>
</kw>
<arg>${json_data["results"][0]["location"]["coordinates"]["latitude"]} &gt;= -90 and ${json_data["results"][0]["location"]["coordinates"]["latitude"]} &lt;= 90</arg>
<arg>Should Be True</arg>
<arg>${True}</arg>
<doc>Runs the given keyword with the given arguments, if ``condition`` is true.</doc>
<status status="PASS" start="2024-07-14T15:22:41.156644" elapsed="0.001042"/>
</kw>
<kw name="Run Keyword If" owner="BuiltIn">
<kw name="Should Be True" owner="BuiltIn">
<arg>${True}</arg>
<doc>Fails if the given condition is not true.</doc>
<status status="PASS" start="2024-07-14T15:22:41.158557" elapsed="0.000137"/>
</kw>
<arg>${json_data["results"][0]["location"]["coordinates"]["longitude"]} &gt;= -180 and ${json_data["results"][0]["location"]["coordinates"]["longitude"]} &lt;= 180</arg>
<arg>Should Be True</arg>
<arg>${True}</arg>
<doc>Runs the given keyword with the given arguments, if ``condition`` is true.</doc>
<status status="PASS" start="2024-07-14T15:22:41.157866" elapsed="0.000951"/>
</kw>
<status status="PASS" start="2024-07-14T15:22:41.054678" elapsed="0.104271"/>
</kw>
<doc>Testa o conteúdo específico dos campos retornados pela API.</doc>
<tag>testeConteudo</tag>
<status status="PASS" start="2024-07-14T15:22:41.054122" elapsed="0.104983"/>
</test>
<status status="PASS" start="2024-07-14T15:22:40.186205" elapsed="0.974875"/>
</suite>
<status status="PASS" start="2024-07-14T15:22:40.171797" elapsed="0.994355"/>
</suite>
<statistics>
<total>
<stat pass="5" fail="0" skip="0">All Tests</stat>
</total>
<tag>
<stat pass="1" fail="0" skip="0">testeConteudo</stat>
<stat pass="1" fail="0" skip="0">testeEstruturaResposta</stat>
<stat pass="1" fail="0" skip="0">testeRequisicaoBasica</stat>
<stat pass="1" fail="0" skip="0">testeTiposDados</stat>
</tag>
<suite>
<stat pass="5" fail="0" skip="0" id="s1" name="Tests">Tests</stat>
<stat pass="5" fail="0" skip="0" id="s1-s1" name="Random-User-Test">Tests.Random-User-Test</stat>
</suite>
</statistics>
<errors>
</errors>
</robot>
