<?xml version="1.0" encoding="UTF-8"?>
<robot generator="Robot 7.0 (Python 3.12.3 on linux)" generated="2024-04-29T06:19:26.765187" rpa="false" schemaversion="5">
<suite id="s1" name="Tests" source="/home/runner/work/DesafioQAItauRogerioJordao/DesafioQAItauRogerioJordao/RamdonUser/tests">
<suite id="s1-s1" name="Random-User-Test" source="/home/runner/work/DesafioQAItauRogerioJordao/DesafioQAItauRogerioJordao/RamdonUser/tests/random-user-test.robot">
<test id="s1-s1-t1" name="Conectar" line="13">
<kw name="Conectar API" owner="random-user-service">
<kw name="Create Session" owner="RequestsLibrary">
<msg time="2024-04-29T06:19:27.141385" level="INFO">Creating Session using : alias=consultarAPI, url=https://randomuser.me/, headers={},                     cookies={}, auth=None, timeout=None, proxies=None, verify=False,                     debug=0 </msg>
<arg>consultarAPI</arg>
<arg>${URL}</arg>
<doc>Create Session: create a HTTP session to a server</doc>
<status status="PASS" start="2024-04-29T06:19:27.141179" elapsed="0.000395"/>
</kw>
<status status="PASS" start="2024-04-29T06:19:27.140182" elapsed="0.001756"/>
</kw>
<status status="PASS" start="2024-04-29T06:19:27.139606" elapsed="0.002527"/>
</test>
<test id="s1-s1-t2" name="Validar retorno 200 e JSON Válido" line="16">
<kw name="Teste de Requisicao Basica" owner="random-user-service">
<kw name="GET On Session" owner="RequestsLibrary">
<msg time="2024-04-29T06:19:27.227575" level="INFO">GET Request : url=https://randomuser.me/api 
 path_url=/api 
 headers={'User-Agent': 'python-requests/2.31.0', 'Accept-Encoding': 'gzip, deflate', 'Accept': '*/*', 'Connection': 'keep-alive'} 
 body=None 
 </msg>
<msg time="2024-04-29T06:19:27.227708" level="INFO">GET Response : url=https://randomuser.me/api 
 status=200, reason=OK 
 headers={'Date': 'Mon, 29 Apr 2024 06:19:27 GMT', 'Content-Type': 'application/json; charset=utf-8', 'Transfer-Encoding': 'chunked', 'Connection': 'keep-alive', 'X-Powered-By': 'Express', 'Access-Control-Allow-Origin': '*', 'Cache-Control': 'no-cache', 'ETag': 'W/"4af-l65AeUjSJ1e/j8IdJ0zKm4tTIGw"', 'Vary': 'Accept-Encoding', 'Content-Encoding': 'gzip', 'CF-Cache-Status': 'DYNAMIC', 'Report-To': '{"endpoints":[{"url":"https:\\/\\/a.nel.cloudflare.com\\/report\\/v4?s=j9s%2BjOKYzWdPMGKyKJFwxOtjUfc0KPfCwKRmyR9s86J8lWGBKP5tCQeI7E1OYa5rdjzR5j2aCjnnbT01M8bu9mkb5Gp0yojdZW2xuCIXUquvwY4wtYbNOVAydc4Vm83b"}],"group":"cf-nel","max_age":604800}', 'NEL': '{"success_fraction":0,"report_to":"cf-nel","max_age":604800}', 'Server': 'cloudflare', 'CF-RAY': '87bd2e36f8bd0840-IAD', 'alt-svc': 'h3=":443"; ma=86400'} 
 body={"results":[{"gender":"female","name":{"title":"Mrs","first":"Noelia","last":"Vela"},"location":{"street":{"number":505,"name":"Peatonal Arreola"},"city":"Villa Mariano Matamoros","state":"Jalisco","country":"Mexico","postcode":52430,"coordinates":{"latitude":"26.5936","longitude":"139.3870"},"timezone":{"offset":"+11:00","description":"Magadan, Solomon Islands, New Caledonia"}},"email":"noelia.vela@example.com","login":{"uuid":"cf7f0bf7-70fd-4845-8cc0-f1ababf78100","username":"beautifulwolf181","password":"saturn","salt":"c8YHsxFV","md5":"5d8b31f384229c9838cffb477665c54c","sha1":"3570541044cabad47845d1e45e00a802349615f6","sha256":"34b932f932cd4a82b2f289932e7684fca1e63fe1ce687a4baf39fff15bb4aedc"},"dob":{"date":"1983-03-22T07:06:24.537Z","age":41},"registered":{"date":"2016-09-14T03:02:15.018Z","age":7},"phone":"(679) 450 0018","cell":"(620) 833 2855","id":{"name":"NSS","value":"53 75 73 7153 1"},"picture":{"large":"https://randomuser.me/api/portraits/women/65.jpg","medium":"https://randomuser.me/api/portraits/med/women/65.jpg","thumbnail":"https://randomuser.me/api/portraits/thumb/women/65.jpg"},"nat":"MX"}],"info":{"seed":"8d6acad2adbda1b9","results":1,"page":1,"version":"1.4"}} 
 </msg>
<msg time="2024-04-29T06:19:27.227787" level="INFO">/opt/hostedtoolcache/Python/3.12.3/x64/lib/python3.12/site-packages/urllib3/connectionpool.py:1103: InsecureRequestWarning: Unverified HTTPS request is being made to host 'randomuser.me'. Adding certificate verification is strongly advised. See: https://urllib3.readthedocs.io/en/latest/advanced-usage.html#tls-warnings
  warnings.warn(</msg>
<msg time="2024-04-29T06:19:27.227921" level="INFO">${response} = &lt;Response [200]&gt;</msg>
<var>${response}</var>
<arg>consultarAPI</arg>
<arg>/api</arg>
<doc>Sends a GET request on a previously created HTTP Session.</doc>
<status status="PASS" start="2024-04-29T06:19:27.145039" elapsed="0.082923"/>
</kw>
<kw name="Should Be Equal As Numbers" owner="BuiltIn">
<msg time="2024-04-29T06:19:27.228870" level="INFO">Argument types are:
&lt;class 'int'&gt;
&lt;class 'str'&gt;</msg>
<arg>${response.status_code}</arg>
<arg>200</arg>
<doc>Fails if objects are unequal after converting them to real numbers.</doc>
<status status="PASS" start="2024-04-29T06:19:27.228432" elapsed="0.000502"/>
</kw>
<kw name="Log" owner="BuiltIn">
<msg time="2024-04-29T06:19:27.229632" level="INFO">200</msg>
<arg>${response.status_code}</arg>
<doc>Logs the given message with the given level.</doc>
<status status="PASS" start="2024-04-29T06:19:27.229276" elapsed="0.000399"/>
</kw>
<kw name="Set Variable" owner="BuiltIn">
<msg time="2024-04-29T06:19:27.230425" level="INFO">${json_data} = {'results': [{'gender': 'female', 'name': {'title': 'Mrs', 'first': 'Noelia', 'last': 'Vela'}, 'location': {'street': {'number': 505, 'name': 'Peatonal Arreola'}, 'city': 'Villa Mariano Matamoros', 's...</msg>
<var>${json_data}</var>
<arg>${response.json()}</arg>
<doc>Returns the given values which can then be assigned to a variables.</doc>
<status status="PASS" start="2024-04-29T06:19:27.229980" elapsed="0.000474"/>
</kw>
<kw name="Dictionary Should Contain Key" owner="Collections">
<msg time="2024-04-29T06:19:27.230928" level="INFO">False</msg>
<arg>${json_data}</arg>
<arg>results</arg>
<doc>Fails if ``key`` is not found from ``dictionary``.</doc>
<status status="PASS" start="2024-04-29T06:19:27.230758" elapsed="0.000210"/>
</kw>
<status status="PASS" start="2024-04-29T06:19:27.144793" elapsed="0.086437"/>
</kw>
<doc>Testa se a API responde corretamente e retorna um objeto JSON válido.</doc>
<tag>testeRequisicaoBasica</tag>
<status status="PASS" start="2024-04-29T06:19:27.144327" elapsed="0.087085"/>
</test>
<test id="s1-s1-t3" name="Validar estrutura de resposta" line="22">
<kw name="Teste de Estrutura de Resposta" owner="random-user-service">
<kw name="GET On Session" owner="RequestsLibrary">
<msg time="2024-04-29T06:19:27.326555" level="INFO">GET Request : url=https://randomuser.me/api 
 path_url=/api 
 headers={'User-Agent': 'python-requests/2.31.0', 'Accept-Encoding': 'gzip, deflate', 'Accept': '*/*', 'Connection': 'keep-alive'} 
 body=None 
 </msg>
<msg time="2024-04-29T06:19:27.326653" level="INFO">GET Response : url=https://randomuser.me/api 
 status=200, reason=OK 
 headers={'Date': 'Mon, 29 Apr 2024 06:19:27 GMT', 'Content-Type': 'application/json; charset=utf-8', 'Transfer-Encoding': 'chunked', 'Connection': 'keep-alive', 'X-Powered-By': 'Express', 'Access-Control-Allow-Origin': '*', 'Cache-Control': 'no-cache', 'ETag': 'W/"47f-W0Lrkgf20RkdekAcxMS4ATGQ7d4"', 'Vary': 'Accept-Encoding', 'Content-Encoding': 'gzip', 'CF-Cache-Status': 'DYNAMIC', 'Report-To': '{"endpoints":[{"url":"https:\\/\\/a.nel.cloudflare.com\\/report\\/v4?s=NUxuXjN0uNyV8ijEpJbXt0%2Bo0dBUA2kcq3877gLYlBqh%2BVGhk%2FFPPZD%2FaZIMed4MD1PaWIahSn16TNYQBR3VkZ4%2FWtfeDdTPJWtdzxsPfjJX8926tzhRf9NFDHHauzbs"}],"group":"cf-nel","max_age":604800}', 'NEL': '{"success_fraction":0,"report_to":"cf-nel","max_age":604800}', 'Server': 'cloudflare', 'CF-RAY': '87bd2e3738fe0840-IAD', 'alt-svc': 'h3=":443"; ma=86400'} 
 body={"results":[{"gender":"male","name":{"title":"Mr","first":"Arthur","last":"Mckinney"},"location":{"street":{"number":3897,"name":"Chester Road"},"city":"Leeds","state":"County Antrim","country":"United Kingdom","postcode":"ZF18 5RB","coordinates":{"latitude":"-9.5527","longitude":"-24.4300"},"timezone":{"offset":"-9:00","description":"Alaska"}},"email":"arthur.mckinney@example.com","login":{"uuid":"1916162f-4076-456f-b3b2-5c99e5705ddb","username":"sadcat420","password":"cococo","salt":"raDyuy0E","md5":"d1aa1c04cbe1ef88489fff83d8387093","sha1":"ca52187282e66051e5a34144a127d678399306ed","sha256":"bae01b2569293e11c28788592624774f1e37b488fc05e3d097668ce1d6446608"},"dob":{"date":"1988-03-22T08:59:06.010Z","age":36},"registered":{"date":"2013-12-20T16:12:57.250Z","age":10},"phone":"019467 19326","cell":"07693 817212","id":{"name":"NINO","value":"AT 43 67 64 N"},"picture":{"large":"https://randomuser.me/api/portraits/men/59.jpg","medium":"https://randomuser.me/api/portraits/med/men/59.jpg","thumbnail":"https://randomuser.me/api/portraits/thumb/men/59.jpg"},"nat":"GB"}],"info":{"seed":"031d48453eab2b20","results":1,"page":1,"version":"1.4"}} 
 </msg>
<msg time="2024-04-29T06:19:27.326798" level="INFO">/opt/hostedtoolcache/Python/3.12.3/x64/lib/python3.12/site-packages/urllib3/connectionpool.py:1103: InsecureRequestWarning: Unverified HTTPS request is being made to host 'randomuser.me'. Adding certificate verification is strongly advised. See: https://urllib3.readthedocs.io/en/latest/advanced-usage.html#tls-warnings
  warnings.warn(</msg>
<msg time="2024-04-29T06:19:27.326927" level="INFO">${response} = &lt;Response [200]&gt;</msg>
<var>${response}</var>
<arg>consultarAPI</arg>
<arg>/api</arg>
<doc>Sends a GET request on a previously created HTTP Session.</doc>
<status status="PASS" start="2024-04-29T06:19:27.234044" elapsed="0.092920"/>
</kw>
<kw name="Set Variable" owner="BuiltIn">
<msg time="2024-04-29T06:19:27.328126" level="INFO">${json_data} = {'results': [{'gender': 'male', 'name': {'title': 'Mr', 'first': 'Arthur', 'last': 'Mckinney'}, 'location': {'street': {'number': 3897, 'name': 'Chester Road'}, 'city': 'Leeds', 'state': 'County Antri...</msg>
<var>${json_data}</var>
<arg>${response.json()}</arg>
<doc>Returns the given values which can then be assigned to a variables.</doc>
<status status="PASS" start="2024-04-29T06:19:27.327429" elapsed="0.000737"/>
</kw>
<kw name="Log" owner="BuiltIn">
<msg time="2024-04-29T06:19:27.328814" level="INFO">{'results': [{'gender': 'male', 'name': {'title': 'Mr', 'first': 'Arthur', 'last': 'Mckinney'}, 'location': {'street': {'number': 3897, 'name': 'Chester Road'}, 'city': 'Leeds', 'state': 'County Antrim', 'country': 'United Kingdom', 'postcode': 'ZF18 5RB', 'coordinates': {'latitude': '-9.5527', 'longitude': '-24.4300'}, 'timezone': {'offset': '-9:00', 'description': 'Alaska'}}, 'email': 'arthur.mckinney@example.com', 'login': {'uuid': '1916162f-4076-456f-b3b2-5c99e5705ddb', 'username': 'sadcat420', 'password': 'cococo', 'salt': 'raDyuy0E', 'md5': 'd1aa1c04cbe1ef88489fff83d8387093', 'sha1': 'ca52187282e66051e5a34144a127d678399306ed', 'sha256': 'bae01b2569293e11c28788592624774f1e37b488fc05e3d097668ce1d6446608'}, 'dob': {'date': '1988-03-22T08:59:06.010Z', 'age': 36}, 'registered': {'date': '2013-12-20T16:12:57.250Z', 'age': 10}, 'phone': '019467 19326', 'cell': '07693 817212', 'id': {'name': 'NINO', 'value': 'AT 43 67 64 N'}, 'picture': {'large': 'https://randomuser.me/api/portraits/men/59.jpg', 'medium': 'https://randomuser.me/api/portraits/med/men/59.jpg', 'thumbnail': 'https://randomuser.me/api/portraits/thumb/men/59.jpg'}, 'nat': 'GB'}], 'info': {'seed': '031d48453eab2b20', 'results': 1, 'page': 1, 'version': '1.4'}}</msg>
<arg>${json_data}</arg>
<doc>Logs the given message with the given level.</doc>
<status status="PASS" start="2024-04-29T06:19:27.328592" elapsed="0.000301"/>
</kw>
<kw name="Dictionary Should Contain Key" owner="Collections">
<msg time="2024-04-29T06:19:27.329609" level="INFO">False</msg>
<arg>${json_data}</arg>
<arg>results</arg>
<doc>Fails if ``key`` is not found from ``dictionary``.</doc>
<status status="PASS" start="2024-04-29T06:19:27.329370" elapsed="0.000299"/>
</kw>
<kw name="Should Not Be Empty" owner="BuiltIn">
<msg time="2024-04-29T06:19:27.330359" level="INFO">Length is 2.</msg>
<arg>${json_data}</arg>
<doc>Verifies that the given item is not empty.</doc>
<status status="PASS" start="2024-04-29T06:19:27.330146" elapsed="0.000285"/>
</kw>
<kw name="Create List" owner="BuiltIn">
<msg time="2024-04-29T06:19:27.331347" level="INFO">${expected_keys} = ['gender', 'name', 'location', 'email', 'login']</msg>
<var>${expected_keys}</var>
<arg>gender</arg>
<arg>name</arg>
<arg>location</arg>
<arg>email</arg>
<arg>login</arg>
<doc>Returns a list containing given items.</doc>
<status status="PASS" start="2024-04-29T06:19:27.330910" elapsed="0.000481"/>
</kw>
<for flavor="IN">
<iter>
<kw name="Dictionary Should Contain Key" owner="Collections">
<msg time="2024-04-29T06:19:27.332872" level="INFO">False</msg>
<arg>${json_data['results'][0]}</arg>
<arg>${key}</arg>
<doc>Fails if ``key`` is not found from ``dictionary``.</doc>
<status status="PASS" start="2024-04-29T06:19:27.332257" elapsed="0.000680"/>
</kw>
<kw name="Log" owner="BuiltIn">
<msg time="2024-04-29T06:19:27.334053" level="INFO">{'gender': 'male', 'name': {'title': 'Mr', 'first': 'Arthur', 'last': 'Mckinney'}, 'location': {'street': {'number': 3897, 'name': 'Chester Road'}, 'city': 'Leeds', 'state': 'County Antrim', 'country': 'United Kingdom', 'postcode': 'ZF18 5RB', 'coordinates': {'latitude': '-9.5527', 'longitude': '-24.4300'}, 'timezone': {'offset': '-9:00', 'description': 'Alaska'}}, 'email': 'arthur.mckinney@example.com', 'login': {'uuid': '1916162f-4076-456f-b3b2-5c99e5705ddb', 'username': 'sadcat420', 'password': 'cococo', 'salt': 'raDyuy0E', 'md5': 'd1aa1c04cbe1ef88489fff83d8387093', 'sha1': 'ca52187282e66051e5a34144a127d678399306ed', 'sha256': 'bae01b2569293e11c28788592624774f1e37b488fc05e3d097668ce1d6446608'}, 'dob': {'date': '1988-03-22T08:59:06.010Z', 'age': 36}, 'registered': {'date': '2013-12-20T16:12:57.250Z', 'age': 10}, 'phone': '019467 19326', 'cell': '07693 817212', 'id': {'name': 'NINO', 'value': 'AT 43 67 64 N'}, 'picture': {'large': 'https://randomuser.me/api/portraits/men/59.jpg', 'medium': 'https://randomuser.me/api/portraits/med/men/59.jpg', 'thumbnail': 'https://randomuser.me/api/portraits/thumb/men/59.jpg'}, 'nat': 'GB'}</msg>
<arg>${json_data['results'][0]}</arg>
<doc>Logs the given message with the given level.</doc>
<status status="PASS" start="2024-04-29T06:19:27.333424" elapsed="0.000702"/>
</kw>
<kw name="Log" owner="BuiltIn">
<msg time="2024-04-29T06:19:27.334739" level="INFO">gender</msg>
<arg>${key}</arg>
<doc>Logs the given message with the given level.</doc>
<status status="PASS" start="2024-04-29T06:19:27.334553" elapsed="0.000244"/>
</kw>
<var name="${key}">gender</var>
<status status="PASS" start="2024-04-29T06:19:27.332072" elapsed="0.003034"/>
</iter>
<iter>
<kw name="Dictionary Should Contain Key" owner="Collections">
<msg time="2024-04-29T06:19:27.336251" level="INFO">False</msg>
<arg>${json_data['results'][0]}</arg>
<arg>${key}</arg>
<doc>Fails if ``key`` is not found from ``dictionary``.</doc>
<status status="PASS" start="2024-04-29T06:19:27.335596" elapsed="0.000720"/>
</kw>
<kw name="Log" owner="BuiltIn">
<msg time="2024-04-29T06:19:27.337496" level="INFO">{'gender': 'male', 'name': {'title': 'Mr', 'first': 'Arthur', 'last': 'Mckinney'}, 'location': {'street': {'number': 3897, 'name': 'Chester Road'}, 'city': 'Leeds', 'state': 'County Antrim', 'country': 'United Kingdom', 'postcode': 'ZF18 5RB', 'coordinates': {'latitude': '-9.5527', 'longitude': '-24.4300'}, 'timezone': {'offset': '-9:00', 'description': 'Alaska'}}, 'email': 'arthur.mckinney@example.com', 'login': {'uuid': '1916162f-4076-456f-b3b2-5c99e5705ddb', 'username': 'sadcat420', 'password': 'cococo', 'salt': 'raDyuy0E', 'md5': 'd1aa1c04cbe1ef88489fff83d8387093', 'sha1': 'ca52187282e66051e5a34144a127d678399306ed', 'sha256': 'bae01b2569293e11c28788592624774f1e37b488fc05e3d097668ce1d6446608'}, 'dob': {'date': '1988-03-22T08:59:06.010Z', 'age': 36}, 'registered': {'date': '2013-12-20T16:12:57.250Z', 'age': 10}, 'phone': '019467 19326', 'cell': '07693 817212', 'id': {'name': 'NINO', 'value': 'AT 43 67 64 N'}, 'picture': {'large': 'https://randomuser.me/api/portraits/men/59.jpg', 'medium': 'https://randomuser.me/api/portraits/med/men/59.jpg', 'thumbnail': 'https://randomuser.me/api/portraits/thumb/men/59.jpg'}, 'nat': 'GB'}</msg>
<arg>${json_data['results'][0]}</arg>
<doc>Logs the given message with the given level.</doc>
<status status="PASS" start="2024-04-29T06:19:27.336850" elapsed="0.000733"/>
</kw>
<kw name="Log" owner="BuiltIn">
<msg time="2024-04-29T06:19:27.338280" level="INFO">name</msg>
<arg>${key}</arg>
<doc>Logs the given message with the given level.</doc>
<status status="PASS" start="2024-04-29T06:19:27.338070" elapsed="0.000278"/>
</kw>
<var name="${key}">name</var>
<status status="PASS" start="2024-04-29T06:19:27.335386" elapsed="0.003296"/>
</iter>
<iter>
<kw name="Dictionary Should Contain Key" owner="Collections">
<msg time="2024-04-29T06:19:27.339740" level="INFO">False</msg>
<arg>${json_data['results'][0]}</arg>
<arg>${key}</arg>
<doc>Fails if ``key`` is not found from ``dictionary``.</doc>
<status status="PASS" start="2024-04-29T06:19:27.339113" elapsed="0.000685"/>
</kw>
<kw name="Log" owner="BuiltIn">
<msg time="2024-04-29T06:19:27.340791" level="INFO">{'gender': 'male', 'name': {'title': 'Mr', 'first': 'Arthur', 'last': 'Mckinney'}, 'location': {'street': {'number': 3897, 'name': 'Chester Road'}, 'city': 'Leeds', 'state': 'County Antrim', 'country': 'United Kingdom', 'postcode': 'ZF18 5RB', 'coordinates': {'latitude': '-9.5527', 'longitude': '-24.4300'}, 'timezone': {'offset': '-9:00', 'description': 'Alaska'}}, 'email': 'arthur.mckinney@example.com', 'login': {'uuid': '1916162f-4076-456f-b3b2-5c99e5705ddb', 'username': 'sadcat420', 'password': 'cococo', 'salt': 'raDyuy0E', 'md5': 'd1aa1c04cbe1ef88489fff83d8387093', 'sha1': 'ca52187282e66051e5a34144a127d678399306ed', 'sha256': 'bae01b2569293e11c28788592624774f1e37b488fc05e3d097668ce1d6446608'}, 'dob': {'date': '1988-03-22T08:59:06.010Z', 'age': 36}, 'registered': {'date': '2013-12-20T16:12:57.250Z', 'age': 10}, 'phone': '019467 19326', 'cell': '07693 817212', 'id': {'name': 'NINO', 'value': 'AT 43 67 64 N'}, 'picture': {'large': 'https://randomuser.me/api/portraits/men/59.jpg', 'medium': 'https://randomuser.me/api/portraits/med/men/59.jpg', 'thumbnail': 'https://randomuser.me/api/portraits/thumb/men/59.jpg'}, 'nat': 'GB'}</msg>
<arg>${json_data['results'][0]}</arg>
<doc>Logs the given message with the given level.</doc>
<status status="PASS" start="2024-04-29T06:19:27.340226" elapsed="0.000639"/>
</kw>
<kw name="Log" owner="BuiltIn">
<msg time="2024-04-29T06:19:27.341315" level="INFO">location</msg>
<arg>${key}</arg>
<doc>Logs the given message with the given level.</doc>
<status status="PASS" start="2024-04-29T06:19:27.341181" elapsed="0.000174"/>
</kw>
<var name="${key}">location</var>
<status status="PASS" start="2024-04-29T06:19:27.338951" elapsed="0.002627"/>
</iter>
<iter>
<kw name="Dictionary Should Contain Key" owner="Collections">
<msg time="2024-04-29T06:19:27.342271" level="INFO">False</msg>
<arg>${json_data['results'][0]}</arg>
<arg>${key}</arg>
<doc>Fails if ``key`` is not found from ``dictionary``.</doc>
<status status="PASS" start="2024-04-29T06:19:27.341873" elapsed="0.000436"/>
</kw>
<kw name="Log" owner="BuiltIn">
<msg time="2024-04-29T06:19:27.342975" level="INFO">{'gender': 'male', 'name': {'title': 'Mr', 'first': 'Arthur', 'last': 'Mckinney'}, 'location': {'street': {'number': 3897, 'name': 'Chester Road'}, 'city': 'Leeds', 'state': 'County Antrim', 'country': 'United Kingdom', 'postcode': 'ZF18 5RB', 'coordinates': {'latitude': '-9.5527', 'longitude': '-24.4300'}, 'timezone': {'offset': '-9:00', 'description': 'Alaska'}}, 'email': 'arthur.mckinney@example.com', 'login': {'uuid': '1916162f-4076-456f-b3b2-5c99e5705ddb', 'username': 'sadcat420', 'password': 'cococo', 'salt': 'raDyuy0E', 'md5': 'd1aa1c04cbe1ef88489fff83d8387093', 'sha1': 'ca52187282e66051e5a34144a127d678399306ed', 'sha256': 'bae01b2569293e11c28788592624774f1e37b488fc05e3d097668ce1d6446608'}, 'dob': {'date': '1988-03-22T08:59:06.010Z', 'age': 36}, 'registered': {'date': '2013-12-20T16:12:57.250Z', 'age': 10}, 'phone': '019467 19326', 'cell': '07693 817212', 'id': {'name': 'NINO', 'value': 'AT 43 67 64 N'}, 'picture': {'large': 'https://randomuser.me/api/portraits/men/59.jpg', 'medium': 'https://randomuser.me/api/portraits/med/men/59.jpg', 'thumbnail': 'https://randomuser.me/api/portraits/thumb/men/59.jpg'}, 'nat': 'GB'}</msg>
<arg>${json_data['results'][0]}</arg>
<doc>Logs the given message with the given level.</doc>
<status status="PASS" start="2024-04-29T06:19:27.342613" elapsed="0.000411"/>
</kw>
<kw name="Log" owner="BuiltIn">
<msg time="2024-04-29T06:19:27.343447" level="INFO">email</msg>
<arg>${key}</arg>
<doc>Logs the given message with the given level.</doc>
<status status="PASS" start="2024-04-29T06:19:27.343319" elapsed="0.000197"/>
</kw>
<var name="${key}">email</var>
<status status="PASS" start="2024-04-29T06:19:27.341759" elapsed="0.001987"/>
</iter>
<iter>
<kw name="Dictionary Should Contain Key" owner="Collections">
<msg time="2024-04-29T06:19:27.344425" level="INFO">False</msg>
<arg>${json_data['results'][0]}</arg>
<arg>${key}</arg>
<doc>Fails if ``key`` is not found from ``dictionary``.</doc>
<status status="PASS" start="2024-04-29T06:19:27.344033" elapsed="0.000430"/>
</kw>
<kw name="Log" owner="BuiltIn">
<msg time="2024-04-29T06:19:27.345131" level="INFO">{'gender': 'male', 'name': {'title': 'Mr', 'first': 'Arthur', 'last': 'Mckinney'}, 'location': {'street': {'number': 3897, 'name': 'Chester Road'}, 'city': 'Leeds', 'state': 'County Antrim', 'country': 'United Kingdom', 'postcode': 'ZF18 5RB', 'coordinates': {'latitude': '-9.5527', 'longitude': '-24.4300'}, 'timezone': {'offset': '-9:00', 'description': 'Alaska'}}, 'email': 'arthur.mckinney@example.com', 'login': {'uuid': '1916162f-4076-456f-b3b2-5c99e5705ddb', 'username': 'sadcat420', 'password': 'cococo', 'salt': 'raDyuy0E', 'md5': 'd1aa1c04cbe1ef88489fff83d8387093', 'sha1': 'ca52187282e66051e5a34144a127d678399306ed', 'sha256': 'bae01b2569293e11c28788592624774f1e37b488fc05e3d097668ce1d6446608'}, 'dob': {'date': '1988-03-22T08:59:06.010Z', 'age': 36}, 'registered': {'date': '2013-12-20T16:12:57.250Z', 'age': 10}, 'phone': '019467 19326', 'cell': '07693 817212', 'id': {'name': 'NINO', 'value': 'AT 43 67 64 N'}, 'picture': {'large': 'https://randomuser.me/api/portraits/men/59.jpg', 'medium': 'https://randomuser.me/api/portraits/med/men/59.jpg', 'thumbnail': 'https://randomuser.me/api/portraits/thumb/men/59.jpg'}, 'nat': 'GB'}</msg>
<arg>${json_data['results'][0]}</arg>
<doc>Logs the given message with the given level.</doc>
<status status="PASS" start="2024-04-29T06:19:27.344765" elapsed="0.000417"/>
</kw>
<kw name="Log" owner="BuiltIn">
<msg time="2024-04-29T06:19:27.345599" level="INFO">login</msg>
<arg>${key}</arg>
<doc>Logs the given message with the given level.</doc>
<status status="PASS" start="2024-04-29T06:19:27.345473" elapsed="0.000164"/>
</kw>
<var name="${key}">login</var>
<status status="PASS" start="2024-04-29T06:19:27.343921" elapsed="0.001930"/>
</iter>
<var>${key}</var>
<value>@{expected_keys}</value>
<status status="PASS" start="2024-04-29T06:19:27.331810" elapsed="0.014186"/>
</for>
<kw name="Create List" owner="BuiltIn">
<msg time="2024-04-29T06:19:27.346338" level="INFO">${expected_keysTwo} = ['username', 'password']</msg>
<var>${expected_keysTwo}</var>
<arg>username</arg>
<arg>password</arg>
<doc>Returns a list containing given items.</doc>
<status status="PASS" start="2024-04-29T06:19:27.346199" elapsed="0.000162"/>
</kw>
<for flavor="IN">
<iter>
<kw name="Dictionary Should Contain Key" owner="Collections">
<msg time="2024-04-29T06:19:27.347251" level="INFO">False</msg>
<arg>${json_data['results'][0]['login']}</arg>
<arg>${keyTwo}</arg>
<doc>Fails if ``key`` is not found from ``dictionary``.</doc>
<status status="PASS" start="2024-04-29T06:19:27.346861" elapsed="0.000427"/>
</kw>
<kw name="Dictionary Should Contain Key" owner="Collections">
<msg time="2024-04-29T06:19:27.348009" level="INFO">False</msg>
<arg>${json_data['results'][0]['login']}</arg>
<arg>${keyTwo}</arg>
<doc>Fails if ``key`` is not found from ``dictionary``.</doc>
<status status="PASS" start="2024-04-29T06:19:27.347613" elapsed="0.000434"/>
</kw>
<kw name="Log" owner="BuiltIn">
<msg time="2024-04-29T06:19:27.348467" level="INFO">username</msg>
<arg>${keyTwo}</arg>
<doc>Logs the given message with the given level.</doc>
<status status="PASS" start="2024-04-29T06:19:27.348340" elapsed="0.000170"/>
</kw>
<var name="${keyTwo}">username</var>
<status status="PASS" start="2024-04-29T06:19:27.346750" elapsed="0.001974"/>
</iter>
<iter>
<kw name="Dictionary Should Contain Key" owner="Collections">
<msg time="2024-04-29T06:19:27.349389" level="INFO">False</msg>
<arg>${json_data['results'][0]['login']}</arg>
<arg>${keyTwo}</arg>
<doc>Fails if ``key`` is not found from ``dictionary``.</doc>
<status status="PASS" start="2024-04-29T06:19:27.349012" elapsed="0.000419"/>
</kw>
<kw name="Dictionary Should Contain Key" owner="Collections">
<msg time="2024-04-29T06:19:27.350186" level="INFO">False</msg>
<arg>${json_data['results'][0]['login']}</arg>
<arg>${keyTwo}</arg>
<doc>Fails if ``key`` is not found from ``dictionary``.</doc>
<status status="PASS" start="2024-04-29T06:19:27.349723" elapsed="0.000501"/>
</kw>
<kw name="Log" owner="BuiltIn">
<msg time="2024-04-29T06:19:27.350655" level="INFO">password</msg>
<arg>${keyTwo}</arg>
<doc>Logs the given message with the given level.</doc>
<status status="PASS" start="2024-04-29T06:19:27.350525" elapsed="0.000167"/>
</kw>
<var name="${keyTwo}">password</var>
<status status="PASS" start="2024-04-29T06:19:27.348896" elapsed="0.002013"/>
</iter>
<var>${keyTwo}</var>
<value>@{expected_keysTwo}</value>
<status status="PASS" start="2024-04-29T06:19:27.346598" elapsed="0.004433"/>
</for>
<status status="PASS" start="2024-04-29T06:19:27.233804" elapsed="0.117365"/>
</kw>
<doc>Testa a estrutura da resposta da API.</doc>
<tag>testeEstruturaResposta</tag>
<status status="PASS" start="2024-04-29T06:19:27.233303" elapsed="0.118014"/>
</test>
<test id="s1-s1-t4" name="Validar tipos de dados" line="28">
<kw name="Teste de Tipos de Dados" owner="random-user-service">
<kw name="GET On Session" owner="RequestsLibrary">
<msg time="2024-04-29T06:19:27.449622" level="INFO">GET Request : url=https://randomuser.me/api 
 path_url=/api 
 headers={'User-Agent': 'python-requests/2.31.0', 'Accept-Encoding': 'gzip, deflate', 'Accept': '*/*', 'Connection': 'keep-alive'} 
 body=None 
 </msg>
<msg time="2024-04-29T06:19:27.449695" level="INFO">GET Response : url=https://randomuser.me/api 
 status=200, reason=OK 
 headers={'Date': 'Mon, 29 Apr 2024 06:19:27 GMT', 'Content-Type': 'application/json; charset=utf-8', 'Transfer-Encoding': 'chunked', 'Connection': 'keep-alive', 'X-Powered-By': 'Express', 'Access-Control-Allow-Origin': '*', 'Cache-Control': 'no-cache', 'ETag': 'W/"494-uVTvIoPuYrJC4HnUZw2iwlYIFCQ"', 'Vary': 'Accept-Encoding', 'Content-Encoding': 'gzip', 'CF-Cache-Status': 'DYNAMIC', 'Report-To': '{"endpoints":[{"url":"https:\\/\\/a.nel.cloudflare.com\\/report\\/v4?s=ns0Gj9yYctzddLGmOvj9sVGoHwPFa6Bz6dCm56y3gdfPBxW0syMI43l6TBV2fPUAVdcECXUWtMZNX6YtEI1HDnvMscalBNm7rnyNMq%2BOccGVwTyCGfHYgqun%2B5pf8rnx"}],"group":"cf-nel","max_age":604800}', 'NEL': '{"success_fraction":0,"report_to":"cf-nel","max_age":604800}', 'Server': 'cloudflare', 'CF-RAY': '87bd2e37f9900840-IAD', 'alt-svc': 'h3=":443"; ma=86400'} 
 body={"results":[{"gender":"female","name":{"title":"Madame","first":"Karina","last":"Jean"},"location":{"street":{"number":1565,"name":"Quai Charles-De-Gaulle"},"city":"Remaufens","state":"Genève","country":"Switzerland","postcode":7444,"coordinates":{"latitude":"-61.7554","longitude":"58.1194"},"timezone":{"offset":"+9:30","description":"Adelaide, Darwin"}},"email":"karina.jean@example.com","login":{"uuid":"870e24b4-2861-4528-9b28-6a9adab5bfb0","username":"lazygorilla700","password":"boytoy","salt":"HyeujIgT","md5":"d21ea4848fd93264d07d045a25ba2c88","sha1":"95f7233286c6f8e31980c956b4aecee3a5b257da","sha256":"62f29d3f7bb8b82ed37667ea3a535335ae31af927a108a14bddb198e43e64f04"},"dob":{"date":"1979-04-02T04:30:01.854Z","age":45},"registered":{"date":"2014-12-14T01:07:37.728Z","age":9},"phone":"076 697 02 96","cell":"079 321 68 11","id":{"name":"AVS","value":"756.0863.0920.75"},"picture":{"large":"https://randomuser.me/api/portraits/women/84.jpg","medium":"https://randomuser.me/api/portraits/med/women/84.jpg","thumbnail":"https://randomuser.me/api/portraits/thumb/women/84.jpg"},"nat":"CH"}],"info":{"seed":"432ab7fcce8f0c1d","results":1,"page":1,"version":"1.4"}} 
 </msg>
<msg time="2024-04-29T06:19:27.449756" level="INFO">/opt/hostedtoolcache/Python/3.12.3/x64/lib/python3.12/site-packages/urllib3/connectionpool.py:1103: InsecureRequestWarning: Unverified HTTPS request is being made to host 'randomuser.me'. Adding certificate verification is strongly advised. See: https://urllib3.readthedocs.io/en/latest/advanced-usage.html#tls-warnings
  warnings.warn(</msg>
<msg time="2024-04-29T06:19:27.449846" level="INFO">${response} = &lt;Response [200]&gt;</msg>
<var>${response}</var>
<arg>consultarAPI</arg>
<arg>/api</arg>
<doc>Sends a GET request on a previously created HTTP Session.</doc>
<status status="PASS" start="2024-04-29T06:19:27.353742" elapsed="0.096135"/>
</kw>
<kw name="Set Variable" owner="BuiltIn">
<msg time="2024-04-29T06:19:27.450734" level="INFO">${json_data} = {'results': [{'gender': 'female', 'name': {'title': 'Madame', 'first': 'Karina', 'last': 'Jean'}, 'location': {'street': {'number': 1565, 'name': 'Quai Charles-De-Gaulle'}, 'city': 'Remaufens', 'state...</msg>
<var>${json_data}</var>
<arg>${response.json()}</arg>
<doc>Returns the given values which can then be assigned to a variables.</doc>
<status status="PASS" start="2024-04-29T06:19:27.450263" elapsed="0.000499"/>
</kw>
<kw name="Log" owner="BuiltIn">
<msg time="2024-04-29T06:19:27.451219" level="INFO">{'results': [{'gender': 'female', 'name': {'title': 'Madame', 'first': 'Karina', 'last': 'Jean'}, 'location': {'street': {'number': 1565, 'name': 'Quai Charles-De-Gaulle'}, 'city': 'Remaufens', 'state': 'Genève', 'country': 'Switzerland', 'postcode': 7444, 'coordinates': {'latitude': '-61.7554', 'longitude': '58.1194'}, 'timezone': {'offset': '+9:30', 'description': 'Adelaide, Darwin'}}, 'email': 'karina.jean@example.com', 'login': {'uuid': '870e24b4-2861-4528-9b28-6a9adab5bfb0', 'username': 'lazygorilla700', 'password': 'boytoy', 'salt': 'HyeujIgT', 'md5': 'd21ea4848fd93264d07d045a25ba2c88', 'sha1': '95f7233286c6f8e31980c956b4aecee3a5b257da', 'sha256': '62f29d3f7bb8b82ed37667ea3a535335ae31af927a108a14bddb198e43e64f04'}, 'dob': {'date': '1979-04-02T04:30:01.854Z', 'age': 45}, 'registered': {'date': '2014-12-14T01:07:37.728Z', 'age': 9}, 'phone': '076 697 02 96', 'cell': '079 321 68 11', 'id': {'name': 'AVS', 'value': '756.0863.0920.75'}, 'picture': {'large': 'https://randomuser.me/api/portraits/women/84.jpg', 'medium': 'https://randomuser.me/api/portraits/med/women/84.jpg', 'thumbnail': 'https://randomuser.me/api/portraits/thumb/women/84.jpg'}, 'nat': 'CH'}], 'info': {'seed': '432ab7fcce8f0c1d', 'results': 1, 'page': 1, 'version': '1.4'}}</msg>
<arg>${json_data}</arg>
<doc>Logs the given message with the given level.</doc>
<status status="PASS" start="2024-04-29T06:19:27.451064" elapsed="0.000235"/>
</kw>
<kw name="Should Be String" owner="String">
<arg>${json_data['results'][0]['gender']}</arg>
<doc>Fails if the given ``item`` is not a string.</doc>
<status status="PASS" start="2024-04-29T06:19:27.451642" elapsed="0.000361"/>
</kw>
<kw name="Should Match Regexp" owner="BuiltIn">
<arg>${json_data['results'][0]['email']}</arg>
<arg>^[a-zA-Z0-9._%+-]+@[a-zA-Z0-9.-]+\.[a-zA-Z]{2,}$</arg>
<doc>Fails if ``string`` does not match ``pattern`` as a regular expression.</doc>
<status status="PASS" start="2024-04-29T06:19:27.452196" elapsed="0.000515"/>
</kw>
<kw name="Should Match Regexp" owner="BuiltIn">
<arg>${json_data['results'][0]['dob']['date']}</arg>
<arg>\\d{4}-\\d{2}-\\d{2}T\\d{2}:\\d{2}:\\d{2}\\.\\d{3}Z</arg>
<doc>Fails if ``string`` does not match ``pattern`` as a regular expression.</doc>
<status status="PASS" start="2024-04-29T06:19:27.452906" elapsed="0.000483"/>
</kw>
<kw name="Should Match Regexp" owner="BuiltIn">
<arg>${json_data['results'][0]['registered']['date']}</arg>
<arg>\\d{4}-\\d{2}-\\d{2}T\\d{2}:\\d{2}:\\d{2}\\.\\d{3}Z</arg>
<doc>Fails if ``string`` does not match ``pattern`` as a regular expression.</doc>
<status status="PASS" start="2024-04-29T06:19:27.453580" elapsed="0.000362"/>
</kw>
<kw name="Should Match Regexp" owner="BuiltIn">
<arg>${json_data['results'][0]['picture']['large']}</arg>
<arg>^https?://.*\.(?:png|jpe?g|gif|bmp)$</arg>
<doc>Fails if ``string`` does not match ``pattern`` as a regular expression.</doc>
<status status="PASS" start="2024-04-29T06:19:27.454127" elapsed="0.000460"/>
</kw>
<kw name="Should Match Regexp" owner="BuiltIn">
<arg>${json_data['results'][0]['picture']['medium']}</arg>
<arg>^https?://.*\.(?:png|jpe?g|gif|bmp)$</arg>
<doc>Fails if ``string`` does not match ``pattern`` as a regular expression.</doc>
<status status="PASS" start="2024-04-29T06:19:27.454783" elapsed="0.000360"/>
</kw>
<kw name="Should Match Regexp" owner="BuiltIn">
<arg>${json_data['results'][0]['picture']['thumbnail']}</arg>
<arg>^https?://.*\.(?:png|jpe?g|gif|bmp)$</arg>
<doc>Fails if ``string`` does not match ``pattern`` as a regular expression.</doc>
<status status="PASS" start="2024-04-29T06:19:27.455332" elapsed="0.000374"/>
</kw>
<kw name="Log" owner="BuiltIn">
<msg time="2024-04-29T06:19:27.456210" level="INFO">{'large': 'https://randomuser.me/api/portraits/women/84.jpg', 'medium': 'https://randomuser.me/api/portraits/med/women/84.jpg', 'thumbnail': 'https://randomuser.me/api/portraits/thumb/women/84.jpg'}</msg>
<arg>${json_data['results'][0]['picture']}</arg>
<doc>Logs the given message with the given level.</doc>
<status status="PASS" start="2024-04-29T06:19:27.455888" elapsed="0.000364"/>
</kw>
<status status="PASS" start="2024-04-29T06:19:27.353514" elapsed="0.102987"/>
</kw>
<kw name="Teste de Tipos de Dados - Postcode" owner="random-user-service">
<kw name="GET On Session" owner="RequestsLibrary">
<msg time="2024-04-29T06:19:27.538616" level="INFO">GET Request : url=https://randomuser.me/api 
 path_url=/api 
 headers={'User-Agent': 'python-requests/2.31.0', 'Accept-Encoding': 'gzip, deflate', 'Accept': '*/*', 'Connection': 'keep-alive'} 
 body=None 
 </msg>
<msg time="2024-04-29T06:19:27.538690" level="INFO">GET Response : url=https://randomuser.me/api 
 status=200, reason=OK 
 headers={'Date': 'Mon, 29 Apr 2024 06:19:27 GMT', 'Content-Type': 'application/json; charset=utf-8', 'Transfer-Encoding': 'chunked', 'Connection': 'keep-alive', 'X-Powered-By': 'Express', 'Access-Control-Allow-Origin': '*', 'Cache-Control': 'no-cache', 'ETag': 'W/"49e-W81Rmd4p6zkkEEuLZcRmPq00cek"', 'Vary': 'Accept-Encoding', 'Content-Encoding': 'gzip', 'CF-Cache-Status': 'DYNAMIC', 'Report-To': '{"endpoints":[{"url":"https:\\/\\/a.nel.cloudflare.com\\/report\\/v4?s=Mp%2BZj%2B%2BBnX1S44u24gG9FcP6mOV9ilg3Y5ZVkGkrmOvpOKtbqwLuxi%2BeeEXBrpc9ZZmfs6xtq6X45UPOC161m72AUClB1ElQmlxA12SID7SYJbEFXltyCiD8LNIOagIj"}],"group":"cf-nel","max_age":604800}', 'NEL': '{"success_fraction":0,"report_to":"cf-nel","max_age":604800}', 'Server': 'cloudflare', 'CF-RAY': '87bd2e38aa1d0840-IAD', 'alt-svc': 'h3=":443"; ma=86400'} 
 body={"results":[{"gender":"female","name":{"title":"Miss","first":"Abigail","last":"White"},"location":{"street":{"number":5612,"name":"Portobello Road"},"city":"Whanganui","state":"Marlborough","country":"New Zealand","postcode":14765,"coordinates":{"latitude":"53.8944","longitude":"137.8053"},"timezone":{"offset":"+11:00","description":"Magadan, Solomon Islands, New Caledonia"}},"email":"abigail.white@example.com","login":{"uuid":"0d0f8ae6-0e8c-4923-ba12-dae5b5cab501","username":"blackswan664","password":"baberuth","salt":"6GULhoDQ","md5":"5951888695f68c5b563cfcdeb7d4412f","sha1":"655189c8e4b03bcfa2d609a606a905cbcafa06b1","sha256":"c56054187e9bdf772936dfcb17941be0e42f181dd7effdbbc427efa9538584ff"},"dob":{"date":"1995-03-30T15:10:18.244Z","age":29},"registered":{"date":"2008-08-27T23:48:44.459Z","age":15},"phone":"(386)-730-0353","cell":"(294)-747-2995","id":{"name":"","value":null},"picture":{"large":"https://randomuser.me/api/portraits/women/70.jpg","medium":"https://randomuser.me/api/portraits/med/women/70.jpg","thumbnail":"https://randomuser.me/api/portraits/thumb/women/70.jpg"},"nat":"NZ"}],"info":{"seed":"8d6d2e1bb4adaf0b","results":1,"page":1,"version":"1.4"}} 
 </msg>
<msg time="2024-04-29T06:19:27.538761" level="INFO">/opt/hostedtoolcache/Python/3.12.3/x64/lib/python3.12/site-packages/urllib3/connectionpool.py:1103: InsecureRequestWarning: Unverified HTTPS request is being made to host 'randomuser.me'. Adding certificate verification is strongly advised. See: https://urllib3.readthedocs.io/en/latest/advanced-usage.html#tls-warnings
  warnings.warn(</msg>
<msg time="2024-04-29T06:19:27.538854" level="INFO">${response} = &lt;Response [200]&gt;</msg>
<var>${response}</var>
<arg>consultarAPI</arg>
<arg>/api</arg>
<doc>Sends a GET request on a previously created HTTP Session.</doc>
<status status="PASS" start="2024-04-29T06:19:27.456943" elapsed="0.081939"/>
</kw>
<kw name="Set Variable" owner="BuiltIn">
<msg time="2024-04-29T06:19:27.539735" level="INFO">${json_data} = {'results': [{'gender': 'female', 'name': {'title': 'Miss', 'first': 'Abigail', 'last': 'White'}, 'location': {'street': {'number': 5612, 'name': 'Portobello Road'}, 'city': 'Whanganui', 'state': 'Mar...</msg>
<var>${json_data}</var>
<arg>${response.json()}</arg>
<doc>Returns the given values which can then be assigned to a variables.</doc>
<status status="PASS" start="2024-04-29T06:19:27.539250" elapsed="0.000513"/>
</kw>
<kw name="Log" owner="BuiltIn">
<msg time="2024-04-29T06:19:27.540216" level="INFO">{'results': [{'gender': 'female', 'name': {'title': 'Miss', 'first': 'Abigail', 'last': 'White'}, 'location': {'street': {'number': 5612, 'name': 'Portobello Road'}, 'city': 'Whanganui', 'state': 'Marlborough', 'country': 'New Zealand', 'postcode': 14765, 'coordinates': {'latitude': '53.8944', 'longitude': '137.8053'}, 'timezone': {'offset': '+11:00', 'description': 'Magadan, Solomon Islands, New Caledonia'}}, 'email': 'abigail.white@example.com', 'login': {'uuid': '0d0f8ae6-0e8c-4923-ba12-dae5b5cab501', 'username': 'blackswan664', 'password': 'baberuth', 'salt': '6GULhoDQ', 'md5': '5951888695f68c5b563cfcdeb7d4412f', 'sha1': '655189c8e4b03bcfa2d609a606a905cbcafa06b1', 'sha256': 'c56054187e9bdf772936dfcb17941be0e42f181dd7effdbbc427efa9538584ff'}, 'dob': {'date': '1995-03-30T15:10:18.244Z', 'age': 29}, 'registered': {'date': '2008-08-27T23:48:44.459Z', 'age': 15}, 'phone': '(386)-730-0353', 'cell': '(294)-747-2995', 'id': {'name': '', 'value': None}, 'picture': {'large': 'https://randomuser.me/api/portraits/women/70.jpg', 'medium': 'https://randomuser.me/api/portraits/med/women/70.jpg', 'thumbnail': 'https://randomuser.me/api/portraits/thumb/women/70.jpg'}, 'nat': 'NZ'}], 'info': {'seed': '8d6d2e1bb4adaf0b', 'results': 1, 'page': 1, 'version': '1.4'}}</msg>
<arg>${json_data}</arg>
<doc>Logs the given message with the given level.</doc>
<status status="PASS" start="2024-04-29T06:19:27.540066" elapsed="0.000226"/>
</kw>
<kw name="Should Be Equal As Numbers" owner="BuiltIn">
<arg>${json_data['results'][0]['location']['postcode']}</arg>
<arg>${json_data['results'][0]['location']['postcode']}</arg>
<doc>Fails if objects are unequal after converting them to real numbers.</doc>
<status status="PASS" start="2024-04-29T06:19:27.540591" elapsed="0.000753"/>
</kw>
<kw name="Log" owner="BuiltIn">
<msg time="2024-04-29T06:19:27.541878" level="INFO">14765</msg>
<arg>${json_data['results'][0]['location']['postcode']}</arg>
<doc>Logs the given message with the given level.</doc>
<status status="PASS" start="2024-04-29T06:19:27.541540" elapsed="0.000377"/>
</kw>
<status status="PASS" start="2024-04-29T06:19:27.456715" elapsed="0.085451"/>
</kw>
<doc>Testa se os tipos de dados na resposta da API estão corretos.</doc>
<tag>testeTiposDados</tag>
<status status="PASS" start="2024-04-29T06:19:27.353096" elapsed="0.189255"/>
</test>
<test id="s1-s1-t5" name="Validar conteudo" line="35">
<kw name="Teste de Tipos de Conteudo" owner="random-user-service">
<kw name="GET On Session" owner="RequestsLibrary">
<msg time="2024-04-29T06:19:27.625608" level="INFO">GET Request : url=https://randomuser.me/api 
 path_url=/api 
 headers={'User-Agent': 'python-requests/2.31.0', 'Accept-Encoding': 'gzip, deflate', 'Accept': '*/*', 'Connection': 'keep-alive'} 
 body=None 
 </msg>
<msg time="2024-04-29T06:19:27.625684" level="INFO">GET Response : url=https://randomuser.me/api 
 status=200, reason=OK 
 headers={'Date': 'Mon, 29 Apr 2024 06:19:27 GMT', 'Content-Type': 'application/json; charset=utf-8', 'Transfer-Encoding': 'chunked', 'Connection': 'keep-alive', 'X-Powered-By': 'Express', 'Access-Control-Allow-Origin': '*', 'Cache-Control': 'no-cache', 'ETag': 'W/"4a9-N4cg62NvOxJFGlsiocVkrWuJrGg"', 'Vary': 'Accept-Encoding', 'Content-Encoding': 'gzip', 'CF-Cache-Status': 'DYNAMIC', 'Report-To': '{"endpoints":[{"url":"https:\\/\\/a.nel.cloudflare.com\\/report\\/v4?s=VBEBt2UGNVoOm9xUYDF8YKOVsy0V7odHiMvQDR6DhUR3ub2oqZ9sQ8gC0%2Fuz8bMigVHXJZiv%2Bl0ex0ITo4HMuNnyB7meu6TLt6gvcrsg%2BVFJYxn%2F1CHNFAIAJt%2Fmn70w"}],"group":"cf-nel","max_age":604800}', 'NEL': '{"success_fraction":0,"report_to":"cf-nel","max_age":604800}', 'Server': 'cloudflare', 'CF-RAY': '87bd2e392a800840-IAD', 'alt-svc': 'h3=":443"; ma=86400'} 
 body={"results":[{"gender":"female","name":{"title":"Ms","first":"Darlene","last":"Dixon"},"location":{"street":{"number":569,"name":"Thornridge Cir"},"city":"Santa Maria","state":"Minnesota","country":"United States","postcode":50050,"coordinates":{"latitude":"87.4241","longitude":"107.1217"},"timezone":{"offset":"-6:00","description":"Central Time (US &amp; Canada), Mexico City"}},"email":"darlene.dixon@example.com","login":{"uuid":"33f30dc7-74e7-4040-8870-a3f91588fd52","username":"beautifulostrich280","password":"jackal","salt":"q6EaqbGH","md5":"2b151399193dc3de5b12890782b27f56","sha1":"9109a5a3f81685b972c3ed5e2131fb2b89e20413","sha256":"9de9f463c62726a70c5ad6501dd379554d41c060d410ceabdd07443daae70bca"},"dob":{"date":"1999-10-13T08:34:36.722Z","age":24},"registered":{"date":"2013-08-12T11:42:45.928Z","age":10},"phone":"(455) 983-1447","cell":"(935) 958-0916","id":{"name":"SSN","value":"250-33-7023"},"picture":{"large":"https://randomuser.me/api/portraits/women/7.jpg","medium":"https://randomuser.me/api/portraits/med/women/7.jpg","thumbnail":"https://randomuser.me/api/portraits/thumb/women/7.jpg"},"nat":"US"}],"info":{"seed":"53f8be673c97c452","results":1,"page":1,"version":"1.4"}} 
 </msg>
<msg time="2024-04-29T06:19:27.625753" level="INFO">/opt/hostedtoolcache/Python/3.12.3/x64/lib/python3.12/site-packages/urllib3/connectionpool.py:1103: InsecureRequestWarning: Unverified HTTPS request is being made to host 'randomuser.me'. Adding certificate verification is strongly advised. See: https://urllib3.readthedocs.io/en/latest/advanced-usage.html#tls-warnings
  warnings.warn(</msg>
<msg time="2024-04-29T06:19:27.625852" level="INFO">${response} = &lt;Response [200]&gt;</msg>
<var>${response}</var>
<arg>consultarAPI</arg>
<arg>/api</arg>
<doc>Sends a GET request on a previously created HTTP Session.</doc>
<status status="PASS" start="2024-04-29T06:19:27.544877" elapsed="0.081012"/>
</kw>
<kw name="Set Variable" owner="BuiltIn">
<msg time="2024-04-29T06:19:27.626716" level="INFO">${json_data} = {'results': [{'gender': 'female', 'name': {'title': 'Ms', 'first': 'Darlene', 'last': 'Dixon'}, 'location': {'street': {'number': 569, 'name': 'Thornridge Cir'}, 'city': 'Santa Maria', 'state': 'Minne...</msg>
<var>${json_data}</var>
<arg>${response.json()}</arg>
<doc>Returns the given values which can then be assigned to a variables.</doc>
<status status="PASS" start="2024-04-29T06:19:27.626285" elapsed="0.000459"/>
</kw>
<kw name="Set Variable" owner="BuiltIn">
<msg time="2024-04-29T06:19:27.627426" level="INFO">${name_title} = Ms</msg>
<var>${name_title}</var>
<arg>${json_data["results"][0]["name"]["title"]}</arg>
<doc>Returns the given values which can then be assigned to a variables.</doc>
<status status="PASS" start="2024-04-29T06:19:27.627043" elapsed="0.000408"/>
</kw>
<kw name="Create List" owner="BuiltIn">
<msg time="2024-04-29T06:19:27.627935" level="INFO">${allowed_titles} = ['Mr', 'Ms', 'Miss', 'Mrs', 'Madame', 'Monsieur']</msg>
<var>${allowed_titles}</var>
<arg>Mr</arg>
<arg>Ms</arg>
<arg>Miss</arg>
<arg>Mrs</arg>
<arg>Madame</arg>
<arg>Monsieur</arg>
<doc>Returns a list containing given items.</doc>
<status status="PASS" start="2024-04-29T06:19:27.627782" elapsed="0.000177"/>
</kw>
<kw name="List Should Contain Value" owner="Collections">
<msg time="2024-04-29T06:19:27.628424" level="INFO">False</msg>
<arg>${allowed_titles}</arg>
<arg>${name_title}</arg>
<doc>Fails if the ``value`` is not found from ``list``.</doc>
<status status="PASS" start="2024-04-29T06:19:27.628254" elapsed="0.000205"/>
</kw>
<kw name="Set Variable" owner="BuiltIn">
<msg time="2024-04-29T06:19:27.629165" level="INFO">${name_country} = US</msg>
<var>${name_country}</var>
<arg>${json_data["results"][0]["nat"]}</arg>
<doc>Returns the given values which can then be assigned to a variables.</doc>
<status status="PASS" start="2024-04-29T06:19:27.628776" elapsed="0.000414"/>
</kw>
<kw name="Create List" owner="BuiltIn">
<msg time="2024-04-29T06:19:27.630075" level="INFO">${list_country} = ['AD', 'AE', 'AF', 'AG', 'AI', 'AL', 'AM', 'AO', 'AQ', 'AR', 'AS', 'AT', 'AU', 'AW', 'AX', 'AZ', 'BA', 'BB', 'BD', 'BE', 'BF', 'BG', 'BH', 'BI', 'BJ', 'BL', 'BM', 'BN', 'BO', 'BQ', 'BR', 'BS', 'BT', '...</msg>
<var>${list_country}</var>
<arg>AD</arg>
<arg>AE</arg>
<arg>AF</arg>
<arg>AG</arg>
<arg>AI</arg>
<arg>AL</arg>
<arg>AM</arg>
<arg>AO</arg>
<arg>AQ</arg>
<arg>AR</arg>
<arg>AS</arg>
<arg>AT</arg>
<arg>AU</arg>
<arg>AW</arg>
<arg>AX</arg>
<arg>AZ</arg>
<arg>BA</arg>
<arg>BB</arg>
<arg>BD</arg>
<arg>BE</arg>
<arg>BF</arg>
<arg>BG</arg>
<arg>BH</arg>
<arg>BI</arg>
<arg>BJ</arg>
<arg>BL</arg>
<arg>BM</arg>
<arg>BN</arg>
<arg>BO</arg>
<arg>BQ</arg>
<arg>BR</arg>
<arg>BS</arg>
<arg>BT</arg>
<arg>BV</arg>
<arg>BW</arg>
<arg>BY</arg>
<arg>BZ</arg>
<arg>CA</arg>
<arg>CC</arg>
<arg>CD</arg>
<arg>CF</arg>
<arg>CG</arg>
<arg>CH</arg>
<arg>CI</arg>
<arg>CK</arg>
<arg>CL</arg>
<arg>CM</arg>
<arg>CN</arg>
<arg>CO</arg>
<arg>CR</arg>
<arg>CU</arg>
<arg>CV</arg>
<arg>CW</arg>
<arg>CX</arg>
<arg>CY</arg>
<arg>CZ</arg>
<arg>DE</arg>
<arg>DJ</arg>
<arg>DK</arg>
<arg>DM</arg>
<arg>DO</arg>
<arg>DZ</arg>
<arg>EC</arg>
<arg>EE</arg>
<arg>EG</arg>
<arg>EH</arg>
<arg>ER</arg>
<arg>ES</arg>
<arg>ET</arg>
<arg>FI</arg>
<arg>FJ</arg>
<arg>FK</arg>
<arg>FM</arg>
<arg>FO</arg>
<arg>FR</arg>
<arg>GA</arg>
<arg>GB</arg>
<arg>GD</arg>
<arg>GE</arg>
<arg>GF</arg>
<arg>GG</arg>
<arg>GH</arg>
<arg>GI</arg>
<arg>GL</arg>
<arg>GM</arg>
<arg>GN</arg>
<arg>GP</arg>
<arg>GQ</arg>
<arg>GR</arg>
<arg>GS</arg>
<arg>GT</arg>
<arg>GU</arg>
<arg>GW</arg>
<arg>GY</arg>
<arg>HK</arg>
<arg>HM</arg>
<arg>HN</arg>
<arg>HR</arg>
<arg>HT</arg>
<arg>HU</arg>
<arg>ID</arg>
<arg>IE</arg>
<arg>IL</arg>
<arg>IM</arg>
<arg>IN</arg>
<arg>IO</arg>
<arg>IQ</arg>
<arg>IR</arg>
<arg>IS</arg>
<arg>IT</arg>
<arg>JE</arg>
<arg>JM</arg>
<arg>JO</arg>
<arg>JP</arg>
<arg>KE</arg>
<arg>KG</arg>
<arg>KH</arg>
<arg>KI</arg>
<arg>KM</arg>
<arg>KN</arg>
<arg>KP</arg>
<arg>KR</arg>
<arg>KW</arg>
<arg>KY</arg>
<arg>KZ</arg>
<arg>LA</arg>
<arg>LB</arg>
<arg>LC</arg>
<arg>LI</arg>
<arg>LK</arg>
<arg>LR</arg>
<arg>LS</arg>
<arg>LT</arg>
<arg>LU</arg>
<arg>LV</arg>
<arg>LY</arg>
<arg>MA</arg>
<arg>MC</arg>
<arg>MD</arg>
<arg>ME</arg>
<arg>MF</arg>
<arg>MG</arg>
<arg>MH</arg>
<arg>MK</arg>
<arg>ML</arg>
<arg>MM</arg>
<arg>MN</arg>
<arg>MO</arg>
<arg>MP</arg>
<arg>MQ</arg>
<arg>MR</arg>
<arg>MS</arg>
<arg>MT</arg>
<arg>MU</arg>
<arg>MV</arg>
<arg>MW</arg>
<arg>MX</arg>
<arg>MY</arg>
<arg>MZ</arg>
<arg>NA</arg>
<arg>NC</arg>
<arg>NE</arg>
<arg>NF</arg>
<arg>NG</arg>
<arg>NI</arg>
<arg>NL</arg>
<arg>NO</arg>
<arg>NP</arg>
<arg>NR</arg>
<arg>NU</arg>
<arg>NZ</arg>
<arg>OM</arg>
<arg>PA</arg>
<arg>PE</arg>
<arg>PF</arg>
<arg>PG</arg>
<arg>PH</arg>
<arg>PK</arg>
<arg>PL</arg>
<arg>PM</arg>
<arg>PN</arg>
<arg>PR</arg>
<arg>PS</arg>
<arg>PT</arg>
<arg>PW</arg>
<arg>PY</arg>
<arg>QA</arg>
<arg>RE</arg>
<arg>RO</arg>
<arg>RS</arg>
<arg>RU</arg>
<arg>RW</arg>
<arg>SA</arg>
<arg>SB</arg>
<arg>SC</arg>
<arg>SD</arg>
<arg>SE</arg>
<arg>SG</arg>
<arg>SH</arg>
<arg>SI</arg>
<arg>SJ</arg>
<arg>SK</arg>
<arg>SL</arg>
<arg>SM</arg>
<arg>SN</arg>
<arg>SO</arg>
<arg>SR</arg>
<arg>SS</arg>
<arg>ST</arg>
<arg>SV</arg>
<arg>SX</arg>
<arg>SY</arg>
<arg>SZ</arg>
<arg>TC</arg>
<arg>TD</arg>
<arg>TF</arg>
<arg>TG</arg>
<arg>TH</arg>
<arg>TJ</arg>
<arg>TK</arg>
<arg>TL</arg>
<arg>TM</arg>
<arg>TN</arg>
<arg>TO</arg>
<arg>TR</arg>
<arg>TT</arg>
<arg>TV</arg>
<arg>TW</arg>
<arg>TZ</arg>
<arg>UA</arg>
<arg>UG</arg>
<arg>UM</arg>
<arg>US</arg>
<arg>UY</arg>
<arg>UZ</arg>
<arg>VA</arg>
<arg>VC</arg>
<arg>VE</arg>
<arg>VG</arg>
<arg>VI</arg>
<arg>VN</arg>
<arg>VU</arg>
<arg>WF</arg>
<arg>WS</arg>
<arg>XK</arg>
<arg>YE</arg>
<arg>YT</arg>
<arg>ZA</arg>
<arg>ZM</arg>
<arg>ZW</arg>
<doc>Returns a list containing given items.</doc>
<status status="PASS" start="2024-04-29T06:19:27.629487" elapsed="0.000613"/>
</kw>
<kw name="List Should Contain Value" owner="Collections">
<msg time="2024-04-29T06:19:27.631080" level="INFO">False</msg>
<arg>${list_country}</arg>
<arg>${name_country}</arg>
<doc>Fails if the ``value`` is not found from ``list``.</doc>
<status status="PASS" start="2024-04-29T06:19:27.630880" elapsed="0.000241"/>
</kw>
<kw name="Run Keyword If" owner="BuiltIn">
<kw name="Should Be True" owner="BuiltIn">
<arg>${True}</arg>
<doc>Fails if the given condition is not true.</doc>
<status status="PASS" start="2024-04-29T06:19:27.632192" elapsed="0.000143"/>
</kw>
<arg>${json_data["results"][0]["location"]["coordinates"]["latitude"]} &gt;= -90 and ${json_data["results"][0]["location"]["coordinates"]["latitude"]} &lt;= 90</arg>
<arg>Should Be True</arg>
<arg>${True}</arg>
<doc>Runs the given keyword with the given arguments, if ``condition`` is true.</doc>
<status status="PASS" start="2024-04-29T06:19:27.631425" elapsed="0.001033"/>
</kw>
<kw name="Run Keyword If" owner="BuiltIn">
<kw name="Should Be True" owner="BuiltIn">
<arg>${True}</arg>
<doc>Fails if the given condition is not true.</doc>
<status status="PASS" start="2024-04-29T06:19:27.633336" elapsed="0.000239"/>
</kw>
<arg>${json_data["results"][0]["location"]["coordinates"]["longitude"]} &gt;= -180 and ${json_data["results"][0]["location"]["coordinates"]["longitude"]} &lt;= 180</arg>
<arg>Should Be True</arg>
<arg>${True}</arg>
<doc>Runs the given keyword with the given arguments, if ``condition`` is true.</doc>
<status status="PASS" start="2024-04-29T06:19:27.632640" elapsed="0.001060"/>
</kw>
<status status="PASS" start="2024-04-29T06:19:27.544658" elapsed="0.089170"/>
</kw>
<doc>Testa o conteúdo específico dos campos retornados pela API.</doc>
<tag>testeConteudo</tag>
<status status="PASS" start="2024-04-29T06:19:27.544156" elapsed="0.089812"/>
</test>
<status status="PASS" start="2024-04-29T06:19:26.821980" elapsed="0.813915"/>
</suite>
<status status="PASS" start="2024-04-29T06:19:26.808536" elapsed="0.832383"/>
</suite>
<statistics>
<total>
<stat pass="5" fail="0" skip="0">All Tests</stat>
</total>
<tag>
<stat pass="1" fail="0" skip="0">testeConteudo</stat>
<stat pass="1" fail="0" skip="0">testeEstruturaResposta</stat>
<stat pass="1" fail="0" skip="0">testeRequisicaoBasica</stat>
<stat pass="1" fail="0" skip="0">testeTiposDados</stat>
</tag>
<suite>
<stat pass="5" fail="0" skip="0" id="s1" name="Tests">Tests</stat>
<stat pass="5" fail="0" skip="0" id="s1-s1" name="Random-User-Test">Tests.Random-User-Test</stat>
</suite>
</statistics>
<errors>
</errors>
</robot>
