<?xml version="1.0" encoding="UTF-8"?>
<robot generator="Robot 7.0 (Python 3.12.2 on linux)" generated="2024-03-26T00:58:42.465091" rpa="false" schemaversion="5">
<suite id="s1" name="Tests" source="/home/runner/work/DesafioQAItauRogerioJordao/DesafioQAItauRogerioJordao/RamdonUser/tests">
<suite id="s1-s1" name="Random-User-Test" source="/home/runner/work/DesafioQAItauRogerioJordao/DesafioQAItauRogerioJordao/RamdonUser/tests/random-user-test.robot">
<test id="s1-s1-t1" name="Conectar" line="13">
<kw name="Conectar API" owner="random-user-service">
<kw name="Create Session" owner="RequestsLibrary">
<msg time="2024-03-26T00:58:42.894053" level="INFO">Creating Session using : alias=consultarAPI, url=https://randomuser.me/, headers={},                     cookies={}, auth=None, timeout=None, proxies=None, verify=False,                     debug=0 </msg>
<arg>consultarAPI</arg>
<arg>${URL}</arg>
<doc>Create Session: create a HTTP session to a server</doc>
<status status="PASS" start="2024-03-26T00:58:42.893756" elapsed="0.000537"/>
</kw>
<status status="PASS" start="2024-03-26T00:58:42.892416" elapsed="0.002389"/>
</kw>
<status status="PASS" start="2024-03-26T00:58:42.891708" elapsed="0.003314"/>
</test>
<test id="s1-s1-t2" name="Validar retorno 200 e JSON Válido" line="16">
<kw name="Teste de Requisicao Basica" owner="random-user-service">
<kw name="GET On Session" owner="RequestsLibrary">
<msg time="2024-03-26T00:58:43.157781" level="INFO">GET Request : url=https://randomuser.me/api 
 path_url=/api 
 headers={'User-Agent': 'python-requests/2.31.0', 'Accept-Encoding': 'gzip, deflate', 'Accept': '*/*', 'Connection': 'keep-alive'} 
 body=None 
 </msg>
<msg time="2024-03-26T00:58:43.157954" level="INFO">GET Response : url=https://randomuser.me/api 
 status=200, reason=OK 
 headers={'Date': 'Tue, 26 Mar 2024 00:58:43 GMT', 'Content-Type': 'application/json; charset=utf-8', 'Transfer-Encoding': 'chunked', 'Connection': 'keep-alive', 'X-Powered-By': 'Express', 'Access-Control-Allow-Origin': '*', 'Cache-Control': 'no-cache', 'ETag': 'W/"48d-r+uGrBOt5RwM1G2eXJm4+pr7IsU"', 'Vary': 'Accept-Encoding', 'Content-Encoding': 'gzip', 'CF-Cache-Status': 'DYNAMIC', 'Report-To': '{"endpoints":[{"url":"https:\\/\\/a.nel.cloudflare.com\\/report\\/v4?s=f%2FJjrPv3VqPyqS%2B0P1B7FOxBAzw1NoYfr6ylEYk9ikqcGdV5fW44kjG6NzMga2Abwb4U1QAyZ9v32J6ojTWYOtmXwjPM3kYdJC5Ef4GMZYFJBoLoT38egs3cqQGpmNQl"}],"group":"cf-nel","max_age":604800}', 'NEL': '{"success_fraction":0,"report_to":"cf-nel","max_age":604800}', 'Server': 'cloudflare', 'CF-RAY': '86a331a33f64981e-SJC', 'alt-svc': 'h3=":443"; ma=86400'} 
 body={"results":[{"gender":"male","name":{"title":"Mr","first":"Marcus","last":"Barrett"},"location":{"street":{"number":5077,"name":"E Center St"},"city":"Darwin","state":"Queensland","country":"Australia","postcode":7093,"coordinates":{"latitude":"-88.0370","longitude":"-30.4030"},"timezone":{"offset":"+8:00","description":"Beijing, Perth, Singapore, Hong Kong"}},"email":"marcus.barrett@example.com","login":{"uuid":"a0d8257f-7151-42c8-9305-96d45d6d1f9b","username":"beautifulfrog656","password":"card","salt":"BeuehXIh","md5":"a30b2c489146cf1c93a17bf83fc6466d","sha1":"64e1925556673ae8b3166da3fb5e4c66cce6f1ac","sha256":"d1557b7fcaa2d28024727ec8e5c150ffc6dba7de937103487041cc7b82c6bcef"},"dob":{"date":"1966-06-14T21:02:38.641Z","age":57},"registered":{"date":"2018-08-27T00:05:43.460Z","age":5},"phone":"03-8481-9578","cell":"0432-008-218","id":{"name":"TFN","value":"872568417"},"picture":{"large":"https://randomuser.me/api/portraits/men/30.jpg","medium":"https://randomuser.me/api/portraits/med/men/30.jpg","thumbnail":"https://randomuser.me/api/portraits/thumb/men/30.jpg"},"nat":"AU"}],"info":{"seed":"809fd6bad9c0cd11","results":1,"page":1,"version":"1.4"}} 
 </msg>
<msg time="2024-03-26T00:58:43.158070" level="INFO">/opt/hostedtoolcache/Python/3.12.2/x64/lib/python3.12/site-packages/urllib3/connectionpool.py:1103: InsecureRequestWarning: Unverified HTTPS request is being made to host 'randomuser.me'. Adding certificate verification is strongly advised. See: https://urllib3.readthedocs.io/en/latest/advanced-usage.html#tls-warnings
  warnings.warn(</msg>
<msg time="2024-03-26T00:58:43.158250" level="INFO">${response} = &lt;Response [200]&gt;</msg>
<var>${response}</var>
<arg>consultarAPI</arg>
<arg>/api</arg>
<doc>Sends a GET request on a previously created HTTP Session.</doc>
<status status="PASS" start="2024-03-26T00:58:42.897851" elapsed="0.260444"/>
</kw>
<kw name="Should Be Equal As Numbers" owner="BuiltIn">
<msg time="2024-03-26T00:58:43.159575" level="INFO">Argument types are:
&lt;class 'int'&gt;
&lt;class 'str'&gt;</msg>
<arg>${response.status_code}</arg>
<arg>200</arg>
<doc>Fails if objects are unequal after converting them to real numbers.</doc>
<status status="PASS" start="2024-03-26T00:58:43.159071" elapsed="0.000575"/>
</kw>
<kw name="Log" owner="BuiltIn">
<msg time="2024-03-26T00:58:43.160349" level="INFO">200</msg>
<arg>${response.status_code}</arg>
<doc>Logs the given message with the given level.</doc>
<status status="PASS" start="2024-03-26T00:58:43.159979" elapsed="0.000415"/>
</kw>
<kw name="Set Variable" owner="BuiltIn">
<msg time="2024-03-26T00:58:43.161184" level="INFO">${json_data} = {'results': [{'gender': 'male', 'name': {'title': 'Mr', 'first': 'Marcus', 'last': 'Barrett'}, 'location': {'street': {'number': 5077, 'name': 'E Center St'}, 'city': 'Darwin', 'state': 'Queensland', ...</msg>
<var>${json_data}</var>
<arg>${response.json()}</arg>
<doc>Returns the given values which can then be assigned to a variables.</doc>
<status status="PASS" start="2024-03-26T00:58:43.160731" elapsed="0.000482"/>
</kw>
<kw name="Dictionary Should Contain Key" owner="Collections">
<msg time="2024-03-26T00:58:43.161738" level="INFO">False</msg>
<arg>${json_data}</arg>
<arg>results</arg>
<doc>Fails if ``key`` is not found from ``dictionary``.</doc>
<status status="PASS" start="2024-03-26T00:58:43.161559" elapsed="0.000222"/>
</kw>
<status status="PASS" start="2024-03-26T00:58:42.897575" elapsed="0.264477"/>
</kw>
<doc>Testa se a API responde corretamente e retorna um objeto JSON válido.</doc>
<tag>testeRequisicaoBasica</tag>
<status status="PASS" start="2024-03-26T00:58:42.896929" elapsed="0.265328"/>
</test>
<test id="s1-s1-t3" name="Validar estrutura de resposta" line="22">
<kw name="Teste de Estrutura de Resposta" owner="random-user-service">
<kw name="GET On Session" owner="RequestsLibrary">
<msg time="2024-03-26T00:58:43.255957" level="INFO">GET Request : url=https://randomuser.me/api 
 path_url=/api 
 headers={'User-Agent': 'python-requests/2.31.0', 'Accept-Encoding': 'gzip, deflate', 'Accept': '*/*', 'Connection': 'keep-alive'} 
 body=None 
 </msg>
<msg time="2024-03-26T00:58:43.256070" level="INFO">GET Response : url=https://randomuser.me/api 
 status=200, reason=OK 
 headers={'Date': 'Tue, 26 Mar 2024 00:58:43 GMT', 'Content-Type': 'application/json; charset=utf-8', 'Transfer-Encoding': 'chunked', 'Connection': 'keep-alive', 'X-Powered-By': 'Express', 'Access-Control-Allow-Origin': '*', 'Cache-Control': 'no-cache', 'ETag': 'W/"4a5-tGhgZ7uxatSqi54Lk0Gy38qTqJo"', 'Vary': 'Accept-Encoding', 'Content-Encoding': 'gzip', 'CF-Cache-Status': 'DYNAMIC', 'Report-To': '{"endpoints":[{"url":"https:\\/\\/a.nel.cloudflare.com\\/report\\/v4?s=PESnGDOoH%2BPsG0y3TwEsNKlv%2FEVggZ1Lg1gJJy0vTuAAfggfOa%2BfUfMEIwnuU2AX7%2BzObMSgVUVMxiIcwmzplOU2LAr4f2NkiPg6HEqwPezzdjLg1yHwCuI2MdcFESuA"}],"group":"cf-nel","max_age":604800}', 'NEL': '{"success_fraction":0,"report_to":"cf-nel","max_age":604800}', 'Server': 'cloudflare', 'CF-RAY': '86a331a3cfc3981e-SJC', 'alt-svc': 'h3=":443"; ma=86400'} 
 body={"results":[{"gender":"male","name":{"title":"Mr","first":"Nazario","last":"Llamas"},"location":{"street":{"number":7407,"name":"Viaducto Quintana Roo"},"city":"General Enrique Estrada","state":"Baja California","country":"Mexico","postcode":95868,"coordinates":{"latitude":"28.2024","longitude":"-97.3056"},"timezone":{"offset":"+7:00","description":"Bangkok, Hanoi, Jakarta"}},"email":"nazario.llamas@example.com","login":{"uuid":"b7cbf50f-90cd-4330-8d34-8487bd995c96","username":"bluefish596","password":"squirt","salt":"LdV2olbI","md5":"8774055a47abeba8be7d13c5252a8ffc","sha1":"4e60ad12db680d5b3d15de29cab04d5565b3edd6","sha256":"9521cb1734498969a4646bc7bdd25ce315636af61dc90314785a20f615852492"},"dob":{"date":"1962-05-13T15:08:26.570Z","age":61},"registered":{"date":"2012-12-31T04:39:36.030Z","age":11},"phone":"(668) 663 7632","cell":"(665) 783 5587","id":{"name":"NSS","value":"33 14 07 7223 0"},"picture":{"large":"https://randomuser.me/api/portraits/men/47.jpg","medium":"https://randomuser.me/api/portraits/med/men/47.jpg","thumbnail":"https://randomuser.me/api/portraits/thumb/men/47.jpg"},"nat":"MX"}],"info":{"seed":"ddc95ed03c2013ae","results":1,"page":1,"version":"1.4"}} 
 </msg>
<msg time="2024-03-26T00:58:43.256225" level="INFO">/opt/hostedtoolcache/Python/3.12.2/x64/lib/python3.12/site-packages/urllib3/connectionpool.py:1103: InsecureRequestWarning: Unverified HTTPS request is being made to host 'randomuser.me'. Adding certificate verification is strongly advised. See: https://urllib3.readthedocs.io/en/latest/advanced-usage.html#tls-warnings
  warnings.warn(</msg>
<msg time="2024-03-26T00:58:43.256364" level="INFO">${response} = &lt;Response [200]&gt;</msg>
<var>${response}</var>
<arg>consultarAPI</arg>
<arg>/api</arg>
<doc>Sends a GET request on a previously created HTTP Session.</doc>
<status status="PASS" start="2024-03-26T00:58:43.165577" elapsed="0.090829"/>
</kw>
<kw name="Set Variable" owner="BuiltIn">
<msg time="2024-03-26T00:58:43.257686" level="INFO">${json_data} = {'results': [{'gender': 'male', 'name': {'title': 'Mr', 'first': 'Nazario', 'last': 'Llamas'}, 'location': {'street': {'number': 7407, 'name': 'Viaducto Quintana Roo'}, 'city': 'General Enrique Estrad...</msg>
<var>${json_data}</var>
<arg>${response.json()}</arg>
<doc>Returns the given values which can then be assigned to a variables.</doc>
<status status="PASS" start="2024-03-26T00:58:43.257082" elapsed="0.000634"/>
</kw>
<kw name="Log" owner="BuiltIn">
<msg time="2024-03-26T00:58:43.258246" level="INFO">{'results': [{'gender': 'male', 'name': {'title': 'Mr', 'first': 'Nazario', 'last': 'Llamas'}, 'location': {'street': {'number': 7407, 'name': 'Viaducto Quintana Roo'}, 'city': 'General Enrique Estrada', 'state': 'Baja California', 'country': 'Mexico', 'postcode': 95868, 'coordinates': {'latitude': '28.2024', 'longitude': '-97.3056'}, 'timezone': {'offset': '+7:00', 'description': 'Bangkok, Hanoi, Jakarta'}}, 'email': 'nazario.llamas@example.com', 'login': {'uuid': 'b7cbf50f-90cd-4330-8d34-8487bd995c96', 'username': 'bluefish596', 'password': 'squirt', 'salt': 'LdV2olbI', 'md5': '8774055a47abeba8be7d13c5252a8ffc', 'sha1': '4e60ad12db680d5b3d15de29cab04d5565b3edd6', 'sha256': '9521cb1734498969a4646bc7bdd25ce315636af61dc90314785a20f615852492'}, 'dob': {'date': '1962-05-13T15:08:26.570Z', 'age': 61}, 'registered': {'date': '2012-12-31T04:39:36.030Z', 'age': 11}, 'phone': '(668) 663 7632', 'cell': '(665) 783 5587', 'id': {'name': 'NSS', 'value': '33 14 07 7223 0'}, 'picture': {'large': 'https://randomuser.me/api/portraits/men/47.jpg', 'medium': 'https://randomuser.me/api/portraits/med/men/47.jpg', 'thumbnail': 'https://randomuser.me/api/portraits/thumb/men/47.jpg'}, 'nat': 'MX'}], 'info': {'seed': 'ddc95ed03c2013ae', 'results': 1, 'page': 1, 'version': '1.4'}}</msg>
<arg>${json_data}</arg>
<doc>Logs the given message with the given level.</doc>
<status status="PASS" start="2024-03-26T00:58:43.258071" elapsed="0.000226"/>
</kw>
<kw name="Dictionary Should Contain Key" owner="Collections">
<msg time="2024-03-26T00:58:43.258841" level="INFO">False</msg>
<arg>${json_data}</arg>
<arg>results</arg>
<doc>Fails if ``key`` is not found from ``dictionary``.</doc>
<status status="PASS" start="2024-03-26T00:58:43.258603" elapsed="0.000302"/>
</kw>
<kw name="Should Not Be Empty" owner="BuiltIn">
<msg time="2024-03-26T00:58:43.259401" level="INFO">Length is 2.</msg>
<arg>${json_data}</arg>
<doc>Verifies that the given item is not empty.</doc>
<status status="PASS" start="2024-03-26T00:58:43.259253" elapsed="0.000191"/>
</kw>
<kw name="Create List" owner="BuiltIn">
<msg time="2024-03-26T00:58:43.259942" level="INFO">${expected_keys} = ['gender', 'name', 'location', 'email', 'login']</msg>
<var>${expected_keys}</var>
<arg>gender</arg>
<arg>name</arg>
<arg>location</arg>
<arg>email</arg>
<arg>login</arg>
<doc>Returns a list containing given items.</doc>
<status status="PASS" start="2024-03-26T00:58:43.259763" elapsed="0.000206"/>
</kw>
<for flavor="IN">
<iter>
<kw name="Dictionary Should Contain Key" owner="Collections">
<msg time="2024-03-26T00:58:43.261196" level="INFO">False</msg>
<arg>${json_data['results'][0]}</arg>
<arg>${key}</arg>
<doc>Fails if ``key`` is not found from ``dictionary``.</doc>
<status status="PASS" start="2024-03-26T00:58:43.260660" elapsed="0.000589"/>
</kw>
<kw name="Log" owner="BuiltIn">
<msg time="2024-03-26T00:58:43.262212" level="INFO">{'gender': 'male', 'name': {'title': 'Mr', 'first': 'Nazario', 'last': 'Llamas'}, 'location': {'street': {'number': 7407, 'name': 'Viaducto Quintana Roo'}, 'city': 'General Enrique Estrada', 'state': 'Baja California', 'country': 'Mexico', 'postcode': 95868, 'coordinates': {'latitude': '28.2024', 'longitude': '-97.3056'}, 'timezone': {'offset': '+7:00', 'description': 'Bangkok, Hanoi, Jakarta'}}, 'email': 'nazario.llamas@example.com', 'login': {'uuid': 'b7cbf50f-90cd-4330-8d34-8487bd995c96', 'username': 'bluefish596', 'password': 'squirt', 'salt': 'LdV2olbI', 'md5': '8774055a47abeba8be7d13c5252a8ffc', 'sha1': '4e60ad12db680d5b3d15de29cab04d5565b3edd6', 'sha256': '9521cb1734498969a4646bc7bdd25ce315636af61dc90314785a20f615852492'}, 'dob': {'date': '1962-05-13T15:08:26.570Z', 'age': 61}, 'registered': {'date': '2012-12-31T04:39:36.030Z', 'age': 11}, 'phone': '(668) 663 7632', 'cell': '(665) 783 5587', 'id': {'name': 'NSS', 'value': '33 14 07 7223 0'}, 'picture': {'large': 'https://randomuser.me/api/portraits/men/47.jpg', 'medium': 'https://randomuser.me/api/portraits/med/men/47.jpg', 'thumbnail': 'https://randomuser.me/api/portraits/thumb/men/47.jpg'}, 'nat': 'MX'}</msg>
<arg>${json_data['results'][0]}</arg>
<doc>Logs the given message with the given level.</doc>
<status status="PASS" start="2024-03-26T00:58:43.261722" elapsed="0.000552"/>
</kw>
<kw name="Log" owner="BuiltIn">
<msg time="2024-03-26T00:58:43.262826" level="INFO">gender</msg>
<arg>${key}</arg>
<doc>Logs the given message with the given level.</doc>
<status status="PASS" start="2024-03-26T00:58:43.262609" elapsed="0.000269"/>
</kw>
<var name="${key}">gender</var>
<status status="PASS" start="2024-03-26T00:58:43.260506" elapsed="0.002643"/>
</iter>
<iter>
<kw name="Dictionary Should Contain Key" owner="Collections">
<msg time="2024-03-26T00:58:43.264115" level="INFO">False</msg>
<arg>${json_data['results'][0]}</arg>
<arg>${key}</arg>
<doc>Fails if ``key`` is not found from ``dictionary``.</doc>
<status status="PASS" start="2024-03-26T00:58:43.263567" elapsed="0.000590"/>
</kw>
<kw name="Log" owner="BuiltIn">
<msg time="2024-03-26T00:58:43.265131" level="INFO">{'gender': 'male', 'name': {'title': 'Mr', 'first': 'Nazario', 'last': 'Llamas'}, 'location': {'street': {'number': 7407, 'name': 'Viaducto Quintana Roo'}, 'city': 'General Enrique Estrada', 'state': 'Baja California', 'country': 'Mexico', 'postcode': 95868, 'coordinates': {'latitude': '28.2024', 'longitude': '-97.3056'}, 'timezone': {'offset': '+7:00', 'description': 'Bangkok, Hanoi, Jakarta'}}, 'email': 'nazario.llamas@example.com', 'login': {'uuid': 'b7cbf50f-90cd-4330-8d34-8487bd995c96', 'username': 'bluefish596', 'password': 'squirt', 'salt': 'LdV2olbI', 'md5': '8774055a47abeba8be7d13c5252a8ffc', 'sha1': '4e60ad12db680d5b3d15de29cab04d5565b3edd6', 'sha256': '9521cb1734498969a4646bc7bdd25ce315636af61dc90314785a20f615852492'}, 'dob': {'date': '1962-05-13T15:08:26.570Z', 'age': 61}, 'registered': {'date': '2012-12-31T04:39:36.030Z', 'age': 11}, 'phone': '(668) 663 7632', 'cell': '(665) 783 5587', 'id': {'name': 'NSS', 'value': '33 14 07 7223 0'}, 'picture': {'large': 'https://randomuser.me/api/portraits/men/47.jpg', 'medium': 'https://randomuser.me/api/portraits/med/men/47.jpg', 'thumbnail': 'https://randomuser.me/api/portraits/thumb/men/47.jpg'}, 'nat': 'MX'}</msg>
<arg>${json_data['results'][0]}</arg>
<doc>Logs the given message with the given level.</doc>
<status status="PASS" start="2024-03-26T00:58:43.264647" elapsed="0.000541"/>
</kw>
<kw name="Log" owner="BuiltIn">
<msg time="2024-03-26T00:58:43.265754" level="INFO">name</msg>
<arg>${key}</arg>
<doc>Logs the given message with the given level.</doc>
<status status="PASS" start="2024-03-26T00:58:43.265580" elapsed="0.000257"/>
</kw>
<var name="${key}">name</var>
<status status="PASS" start="2024-03-26T00:58:43.263414" elapsed="0.002736"/>
</iter>
<iter>
<kw name="Dictionary Should Contain Key" owner="Collections">
<msg time="2024-03-26T00:58:43.267056" level="INFO">False</msg>
<arg>${json_data['results'][0]}</arg>
<arg>${key}</arg>
<doc>Fails if ``key`` is not found from ``dictionary``.</doc>
<status status="PASS" start="2024-03-26T00:58:43.266533" elapsed="0.000564"/>
</kw>
<kw name="Log" owner="BuiltIn">
<msg time="2024-03-26T00:58:43.267804" level="INFO">{'gender': 'male', 'name': {'title': 'Mr', 'first': 'Nazario', 'last': 'Llamas'}, 'location': {'street': {'number': 7407, 'name': 'Viaducto Quintana Roo'}, 'city': 'General Enrique Estrada', 'state': 'Baja California', 'country': 'Mexico', 'postcode': 95868, 'coordinates': {'latitude': '28.2024', 'longitude': '-97.3056'}, 'timezone': {'offset': '+7:00', 'description': 'Bangkok, Hanoi, Jakarta'}}, 'email': 'nazario.llamas@example.com', 'login': {'uuid': 'b7cbf50f-90cd-4330-8d34-8487bd995c96', 'username': 'bluefish596', 'password': 'squirt', 'salt': 'LdV2olbI', 'md5': '8774055a47abeba8be7d13c5252a8ffc', 'sha1': '4e60ad12db680d5b3d15de29cab04d5565b3edd6', 'sha256': '9521cb1734498969a4646bc7bdd25ce315636af61dc90314785a20f615852492'}, 'dob': {'date': '1962-05-13T15:08:26.570Z', 'age': 61}, 'registered': {'date': '2012-12-31T04:39:36.030Z', 'age': 11}, 'phone': '(668) 663 7632', 'cell': '(665) 783 5587', 'id': {'name': 'NSS', 'value': '33 14 07 7223 0'}, 'picture': {'large': 'https://randomuser.me/api/portraits/men/47.jpg', 'medium': 'https://randomuser.me/api/portraits/med/men/47.jpg', 'thumbnail': 'https://randomuser.me/api/portraits/thumb/men/47.jpg'}, 'nat': 'MX'}</msg>
<arg>${json_data['results'][0]}</arg>
<doc>Logs the given message with the given level.</doc>
<status status="PASS" start="2024-03-26T00:58:43.267424" elapsed="0.000433"/>
</kw>
<kw name="Log" owner="BuiltIn">
<msg time="2024-03-26T00:58:43.268282" level="INFO">location</msg>
<arg>${key}</arg>
<doc>Logs the given message with the given level.</doc>
<status status="PASS" start="2024-03-26T00:58:43.268154" elapsed="0.000166"/>
</kw>
<var name="${key}">location</var>
<status status="PASS" start="2024-03-26T00:58:43.266393" elapsed="0.002143"/>
</iter>
<iter>
<kw name="Dictionary Should Contain Key" owner="Collections">
<msg time="2024-03-26T00:58:43.269209" level="INFO">False</msg>
<arg>${json_data['results'][0]}</arg>
<arg>${key}</arg>
<doc>Fails if ``key`` is not found from ``dictionary``.</doc>
<status status="PASS" start="2024-03-26T00:58:43.268832" elapsed="0.000415"/>
</kw>
<kw name="Log" owner="BuiltIn">
<msg time="2024-03-26T00:58:43.269894" level="INFO">{'gender': 'male', 'name': {'title': 'Mr', 'first': 'Nazario', 'last': 'Llamas'}, 'location': {'street': {'number': 7407, 'name': 'Viaducto Quintana Roo'}, 'city': 'General Enrique Estrada', 'state': 'Baja California', 'country': 'Mexico', 'postcode': 95868, 'coordinates': {'latitude': '28.2024', 'longitude': '-97.3056'}, 'timezone': {'offset': '+7:00', 'description': 'Bangkok, Hanoi, Jakarta'}}, 'email': 'nazario.llamas@example.com', 'login': {'uuid': 'b7cbf50f-90cd-4330-8d34-8487bd995c96', 'username': 'bluefish596', 'password': 'squirt', 'salt': 'LdV2olbI', 'md5': '8774055a47abeba8be7d13c5252a8ffc', 'sha1': '4e60ad12db680d5b3d15de29cab04d5565b3edd6', 'sha256': '9521cb1734498969a4646bc7bdd25ce315636af61dc90314785a20f615852492'}, 'dob': {'date': '1962-05-13T15:08:26.570Z', 'age': 61}, 'registered': {'date': '2012-12-31T04:39:36.030Z', 'age': 11}, 'phone': '(668) 663 7632', 'cell': '(665) 783 5587', 'id': {'name': 'NSS', 'value': '33 14 07 7223 0'}, 'picture': {'large': 'https://randomuser.me/api/portraits/men/47.jpg', 'medium': 'https://randomuser.me/api/portraits/med/men/47.jpg', 'thumbnail': 'https://randomuser.me/api/portraits/thumb/men/47.jpg'}, 'nat': 'MX'}</msg>
<arg>${json_data['results'][0]}</arg>
<doc>Logs the given message with the given level.</doc>
<status status="PASS" start="2024-03-26T00:58:43.269544" elapsed="0.000397"/>
</kw>
<kw name="Log" owner="BuiltIn">
<msg time="2024-03-26T00:58:43.270356" level="INFO">email</msg>
<arg>${key}</arg>
<doc>Logs the given message with the given level.</doc>
<status status="PASS" start="2024-03-26T00:58:43.270230" elapsed="0.000164"/>
</kw>
<var name="${key}">email</var>
<status status="PASS" start="2024-03-26T00:58:43.268719" elapsed="0.001885"/>
</iter>
<iter>
<kw name="Dictionary Should Contain Key" owner="Collections">
<msg time="2024-03-26T00:58:43.271352" level="INFO">False</msg>
<arg>${json_data['results'][0]}</arg>
<arg>${key}</arg>
<doc>Fails if ``key`` is not found from ``dictionary``.</doc>
<status status="PASS" start="2024-03-26T00:58:43.270965" elapsed="0.000424"/>
</kw>
<kw name="Log" owner="BuiltIn">
<msg time="2024-03-26T00:58:43.272045" level="INFO">{'gender': 'male', 'name': {'title': 'Mr', 'first': 'Nazario', 'last': 'Llamas'}, 'location': {'street': {'number': 7407, 'name': 'Viaducto Quintana Roo'}, 'city': 'General Enrique Estrada', 'state': 'Baja California', 'country': 'Mexico', 'postcode': 95868, 'coordinates': {'latitude': '28.2024', 'longitude': '-97.3056'}, 'timezone': {'offset': '+7:00', 'description': 'Bangkok, Hanoi, Jakarta'}}, 'email': 'nazario.llamas@example.com', 'login': {'uuid': 'b7cbf50f-90cd-4330-8d34-8487bd995c96', 'username': 'bluefish596', 'password': 'squirt', 'salt': 'LdV2olbI', 'md5': '8774055a47abeba8be7d13c5252a8ffc', 'sha1': '4e60ad12db680d5b3d15de29cab04d5565b3edd6', 'sha256': '9521cb1734498969a4646bc7bdd25ce315636af61dc90314785a20f615852492'}, 'dob': {'date': '1962-05-13T15:08:26.570Z', 'age': 61}, 'registered': {'date': '2012-12-31T04:39:36.030Z', 'age': 11}, 'phone': '(668) 663 7632', 'cell': '(665) 783 5587', 'id': {'name': 'NSS', 'value': '33 14 07 7223 0'}, 'picture': {'large': 'https://randomuser.me/api/portraits/men/47.jpg', 'medium': 'https://randomuser.me/api/portraits/med/men/47.jpg', 'thumbnail': 'https://randomuser.me/api/portraits/thumb/men/47.jpg'}, 'nat': 'MX'}</msg>
<arg>${json_data['results'][0]}</arg>
<doc>Logs the given message with the given level.</doc>
<status status="PASS" start="2024-03-26T00:58:43.271684" elapsed="0.000408"/>
</kw>
<kw name="Log" owner="BuiltIn">
<msg time="2024-03-26T00:58:43.272508" level="INFO">login</msg>
<arg>${key}</arg>
<doc>Logs the given message with the given level.</doc>
<status status="PASS" start="2024-03-26T00:58:43.272384" elapsed="0.000347"/>
</kw>
<var name="${key}">login</var>
<status status="PASS" start="2024-03-26T00:58:43.270829" elapsed="0.002128"/>
</iter>
<var>${key}</var>
<value>@{expected_keys}</value>
<status status="PASS" start="2024-03-26T00:58:43.260270" elapsed="0.012811"/>
</for>
<kw name="Create List" owner="BuiltIn">
<msg time="2024-03-26T00:58:43.273426" level="INFO">${expected_keysTwo} = ['username', 'password']</msg>
<var>${expected_keysTwo}</var>
<arg>username</arg>
<arg>password</arg>
<doc>Returns a list containing given items.</doc>
<status status="PASS" start="2024-03-26T00:58:43.273286" elapsed="0.000164"/>
</kw>
<for flavor="IN">
<iter>
<kw name="Dictionary Should Contain Key" owner="Collections">
<msg time="2024-03-26T00:58:43.274340" level="INFO">False</msg>
<arg>${json_data['results'][0]['login']}</arg>
<arg>${keyTwo}</arg>
<doc>Fails if ``key`` is not found from ``dictionary``.</doc>
<status status="PASS" start="2024-03-26T00:58:43.273959" elapsed="0.000420"/>
</kw>
<kw name="Dictionary Should Contain Key" owner="Collections">
<msg time="2024-03-26T00:58:43.275101" level="INFO">False</msg>
<arg>${json_data['results'][0]['login']}</arg>
<arg>${keyTwo}</arg>
<doc>Fails if ``key`` is not found from ``dictionary``.</doc>
<status status="PASS" start="2024-03-26T00:58:43.274708" elapsed="0.000433"/>
</kw>
<kw name="Log" owner="BuiltIn">
<msg time="2024-03-26T00:58:43.275567" level="INFO">username</msg>
<arg>${keyTwo}</arg>
<doc>Logs the given message with the given level.</doc>
<status status="PASS" start="2024-03-26T00:58:43.275436" elapsed="0.000169"/>
</kw>
<var name="${keyTwo}">username</var>
<status status="PASS" start="2024-03-26T00:58:43.273851" elapsed="0.001976"/>
</iter>
<iter>
<kw name="Dictionary Should Contain Key" owner="Collections">
<msg time="2024-03-26T00:58:43.276488" level="INFO">False</msg>
<arg>${json_data['results'][0]['login']}</arg>
<arg>${keyTwo}</arg>
<doc>Fails if ``key`` is not found from ``dictionary``.</doc>
<status status="PASS" start="2024-03-26T00:58:43.276111" elapsed="0.000415"/>
</kw>
<kw name="Dictionary Should Contain Key" owner="Collections">
<msg time="2024-03-26T00:58:43.277205" level="INFO">False</msg>
<arg>${json_data['results'][0]['login']}</arg>
<arg>${keyTwo}</arg>
<doc>Fails if ``key`` is not found from ``dictionary``.</doc>
<status status="PASS" start="2024-03-26T00:58:43.276820" elapsed="0.000423"/>
</kw>
<kw name="Log" owner="BuiltIn">
<msg time="2024-03-26T00:58:43.277665" level="INFO">password</msg>
<arg>${keyTwo}</arg>
<doc>Logs the given message with the given level.</doc>
<status status="PASS" start="2024-03-26T00:58:43.277538" elapsed="0.000165"/>
</kw>
<var name="${keyTwo}">password</var>
<status status="PASS" start="2024-03-26T00:58:43.276002" elapsed="0.001916"/>
</iter>
<var>${keyTwo}</var>
<value>@{expected_keysTwo}</value>
<status status="PASS" start="2024-03-26T00:58:43.273693" elapsed="0.004350"/>
</for>
<status status="PASS" start="2024-03-26T00:58:43.165285" elapsed="0.112929"/>
</kw>
<doc>Testa a estrutura da resposta da API.</doc>
<tag>testeEstruturaResposta</tag>
<status status="PASS" start="2024-03-26T00:58:43.164373" elapsed="0.114040"/>
</test>
<test id="s1-s1-t4" name="Validar tipos de dados" line="28">
<kw name="Teste de Tipos de Dados" owner="random-user-service">
<kw name="GET On Session" owner="RequestsLibrary">
<msg time="2024-03-26T00:58:43.371558" level="INFO">GET Request : url=https://randomuser.me/api 
 path_url=/api 
 headers={'User-Agent': 'python-requests/2.31.0', 'Accept-Encoding': 'gzip, deflate', 'Accept': '*/*', 'Connection': 'keep-alive'} 
 body=None 
 </msg>
<msg time="2024-03-26T00:58:43.371663" level="INFO">GET Response : url=https://randomuser.me/api 
 status=200, reason=OK 
 headers={'Date': 'Tue, 26 Mar 2024 00:58:43 GMT', 'Content-Type': 'application/json; charset=utf-8', 'Transfer-Encoding': 'chunked', 'Connection': 'keep-alive', 'X-Powered-By': 'Express', 'Access-Control-Allow-Origin': '*', 'Cache-Control': 'no-cache', 'ETag': 'W/"474-31hkFU/AeYt6LDsN/Wlj/wHBGuk"', 'Vary': 'Accept-Encoding', 'Content-Encoding': 'gzip', 'CF-Cache-Status': 'DYNAMIC', 'Report-To': '{"endpoints":[{"url":"https:\\/\\/a.nel.cloudflare.com\\/report\\/v4?s=AqmJrHAL%2Bd20%2B77IC8EcZxhrTLiXgiEmYq40KnvQI2RbyWNE8iUZb00S6Z380DfD6j6owyO6SZWJoGLciB2KbqyDhdd%2FhJ5XzvPmb5tLT9doQIzIUCjIFP3hRMVDSY97"}],"group":"cf-nel","max_age":604800}', 'NEL': '{"success_fraction":0,"report_to":"cf-nel","max_age":604800}', 'Server': 'cloudflare', 'CF-RAY': '86a331a48829981e-SJC', 'alt-svc': 'h3=":443"; ma=86400'} 
 body={"results":[{"gender":"female","name":{"title":"Miss","first":"Maya","last":"Østebø"},"location":{"street":{"number":5305,"name":"Nordåsveien"},"city":"Haugsbygda","state":"Aust-Agder","country":"Norway","postcode":"4688","coordinates":{"latitude":"46.5570","longitude":"35.6029"},"timezone":{"offset":"-3:30","description":"Newfoundland"}},"email":"maya.ostebo@example.com","login":{"uuid":"af058941-cc0d-45ae-9a26-a4d1955a4bfc","username":"happymouse372","password":"best","salt":"WbZvN6fP","md5":"4033928ef5b744aa2944e666ec19d1b4","sha1":"e817e22c5e4c9c7804ac193364cf06ec7cfff58b","sha256":"c68fa70ace4b2afbee036096eb10854a57bd69622a6879e3afe2668bb712decf"},"dob":{"date":"1992-08-31T00:25:23.073Z","age":31},"registered":{"date":"2004-09-17T10:34:57.085Z","age":19},"phone":"53627974","cell":"97360924","id":{"name":"FN","value":"31089209814"},"picture":{"large":"https://randomuser.me/api/portraits/women/58.jpg","medium":"https://randomuser.me/api/portraits/med/women/58.jpg","thumbnail":"https://randomuser.me/api/portraits/thumb/women/58.jpg"},"nat":"NO"}],"info":{"seed":"898c8f635368cb52","results":1,"page":1,"version":"1.4"}} 
 </msg>
<msg time="2024-03-26T00:58:43.371738" level="INFO">/opt/hostedtoolcache/Python/3.12.2/x64/lib/python3.12/site-packages/urllib3/connectionpool.py:1103: InsecureRequestWarning: Unverified HTTPS request is being made to host 'randomuser.me'. Adding certificate verification is strongly advised. See: https://urllib3.readthedocs.io/en/latest/advanced-usage.html#tls-warnings
  warnings.warn(</msg>
<msg time="2024-03-26T00:58:43.371870" level="INFO">${response} = &lt;Response [200]&gt;</msg>
<var>${response}</var>
<arg>consultarAPI</arg>
<arg>/api</arg>
<doc>Sends a GET request on a previously created HTTP Session.</doc>
<status status="PASS" start="2024-03-26T00:58:43.281097" elapsed="0.090815"/>
</kw>
<kw name="Set Variable" owner="BuiltIn">
<msg time="2024-03-26T00:58:43.373165" level="INFO">${json_data} = {'results': [{'gender': 'female', 'name': {'title': 'Miss', 'first': 'Maya', 'last': 'Østebø'}, 'location': {'street': {'number': 5305, 'name': 'Nordåsveien'}, 'city': 'Haugsbygda', 'state': 'Aust-Agd...</msg>
<var>${json_data}</var>
<arg>${response.json()}</arg>
<doc>Returns the given values which can then be assigned to a variables.</doc>
<status status="PASS" start="2024-03-26T00:58:43.372578" elapsed="0.000618"/>
</kw>
<kw name="Log" owner="BuiltIn">
<msg time="2024-03-26T00:58:43.373699" level="INFO">{'results': [{'gender': 'female', 'name': {'title': 'Miss', 'first': 'Maya', 'last': 'Østebø'}, 'location': {'street': {'number': 5305, 'name': 'Nordåsveien'}, 'city': 'Haugsbygda', 'state': 'Aust-Agder', 'country': 'Norway', 'postcode': '4688', 'coordinates': {'latitude': '46.5570', 'longitude': '35.6029'}, 'timezone': {'offset': '-3:30', 'description': 'Newfoundland'}}, 'email': 'maya.ostebo@example.com', 'login': {'uuid': 'af058941-cc0d-45ae-9a26-a4d1955a4bfc', 'username': 'happymouse372', 'password': 'best', 'salt': 'WbZvN6fP', 'md5': '4033928ef5b744aa2944e666ec19d1b4', 'sha1': 'e817e22c5e4c9c7804ac193364cf06ec7cfff58b', 'sha256': 'c68fa70ace4b2afbee036096eb10854a57bd69622a6879e3afe2668bb712decf'}, 'dob': {'date': '1992-08-31T00:25:23.073Z', 'age': 31}, 'registered': {'date': '2004-09-17T10:34:57.085Z', 'age': 19}, 'phone': '53627974', 'cell': '97360924', 'id': {'name': 'FN', 'value': '31089209814'}, 'picture': {'large': 'https://randomuser.me/api/portraits/women/58.jpg', 'medium': 'https://randomuser.me/api/portraits/med/women/58.jpg', 'thumbnail': 'https://randomuser.me/api/portraits/thumb/women/58.jpg'}, 'nat': 'NO'}], 'info': {'seed': '898c8f635368cb52', 'results': 1, 'page': 1, 'version': '1.4'}}</msg>
<arg>${json_data}</arg>
<doc>Logs the given message with the given level.</doc>
<status status="PASS" start="2024-03-26T00:58:43.373521" elapsed="0.000279"/>
</kw>
<kw name="Should Be String" owner="String">
<arg>${json_data['results'][0]['gender']}</arg>
<doc>Fails if the given ``item`` is not a string.</doc>
<status status="PASS" start="2024-03-26T00:58:43.374114" elapsed="0.000384"/>
</kw>
<kw name="Should Match Regexp" owner="BuiltIn">
<arg>${json_data['results'][0]['email']}</arg>
<arg>^[a-zA-Z0-9._%+-]+@[a-zA-Z0-9.-]+\.[a-zA-Z]{2,}$</arg>
<doc>Fails if ``string`` does not match ``pattern`` as a regular expression.</doc>
<status status="PASS" start="2024-03-26T00:58:43.374746" elapsed="0.000546"/>
</kw>
<kw name="Should Match Regexp" owner="BuiltIn">
<arg>${json_data['results'][0]['dob']['date']}</arg>
<arg>\\d{4}-\\d{2}-\\d{2}T\\d{2}:\\d{2}:\\d{2}\\.\\d{3}Z</arg>
<doc>Fails if ``string`` does not match ``pattern`` as a regular expression.</doc>
<status status="PASS" start="2024-03-26T00:58:43.375503" elapsed="0.000581"/>
</kw>
<kw name="Should Match Regexp" owner="BuiltIn">
<arg>${json_data['results'][0]['registered']['date']}</arg>
<arg>\\d{4}-\\d{2}-\\d{2}T\\d{2}:\\d{2}:\\d{2}\\.\\d{3}Z</arg>
<doc>Fails if ``string`` does not match ``pattern`` as a regular expression.</doc>
<status status="PASS" start="2024-03-26T00:58:43.376300" elapsed="0.000396"/>
</kw>
<kw name="Should Match Regexp" owner="BuiltIn">
<arg>${json_data['results'][0]['picture']['large']}</arg>
<arg>^https?://.*\.(?:png|jpe?g|gif|bmp)$</arg>
<doc>Fails if ``string`` does not match ``pattern`` as a regular expression.</doc>
<status status="PASS" start="2024-03-26T00:58:43.376890" elapsed="0.000484"/>
</kw>
<kw name="Should Match Regexp" owner="BuiltIn">
<arg>${json_data['results'][0]['picture']['medium']}</arg>
<arg>^https?://.*\.(?:png|jpe?g|gif|bmp)$</arg>
<doc>Fails if ``string`` does not match ``pattern`` as a regular expression.</doc>
<status status="PASS" start="2024-03-26T00:58:43.377568" elapsed="0.000367"/>
</kw>
<kw name="Should Match Regexp" owner="BuiltIn">
<arg>${json_data['results'][0]['picture']['thumbnail']}</arg>
<arg>^https?://.*\.(?:png|jpe?g|gif|bmp)$</arg>
<doc>Fails if ``string`` does not match ``pattern`` as a regular expression.</doc>
<status status="PASS" start="2024-03-26T00:58:43.378127" elapsed="0.000352"/>
</kw>
<kw name="Log" owner="BuiltIn">
<msg time="2024-03-26T00:58:43.379059" level="INFO">{'large': 'https://randomuser.me/api/portraits/women/58.jpg', 'medium': 'https://randomuser.me/api/portraits/med/women/58.jpg', 'thumbnail': 'https://randomuser.me/api/portraits/thumb/women/58.jpg'}</msg>
<arg>${json_data['results'][0]['picture']}</arg>
<doc>Logs the given message with the given level.</doc>
<status status="PASS" start="2024-03-26T00:58:43.378702" elapsed="0.000406"/>
</kw>
<status status="PASS" start="2024-03-26T00:58:43.280851" elapsed="0.098592"/>
</kw>
<kw name="Teste de Tipos de Dados - Postcode" owner="random-user-service">
<kw name="GET On Session" owner="RequestsLibrary">
<msg time="2024-03-26T00:58:43.470029" level="INFO">GET Request : url=https://randomuser.me/api 
 path_url=/api 
 headers={'User-Agent': 'python-requests/2.31.0', 'Accept-Encoding': 'gzip, deflate', 'Accept': '*/*', 'Connection': 'keep-alive'} 
 body=None 
 </msg>
<msg time="2024-03-26T00:58:43.470149" level="INFO">GET Response : url=https://randomuser.me/api 
 status=200, reason=OK 
 headers={'Date': 'Tue, 26 Mar 2024 00:58:43 GMT', 'Content-Type': 'application/json; charset=utf-8', 'Transfer-Encoding': 'chunked', 'Connection': 'keep-alive', 'X-Powered-By': 'Express', 'Access-Control-Allow-Origin': '*', 'Cache-Control': 'no-cache', 'ETag': 'W/"48d-pZoGayTwr/WpDlL4KzBo+S/ovqU"', 'Vary': 'Accept-Encoding', 'Content-Encoding': 'gzip', 'CF-Cache-Status': 'DYNAMIC', 'Report-To': '{"endpoints":[{"url":"https:\\/\\/a.nel.cloudflare.com\\/report\\/v4?s=%2FLVSsSu1TlJdYPVWsgMU3AMlOLzgt3P1ZLZ%2FRdSHSJBZ%2B2EIpnO%2Bg7vVyJMn77bAcn28ZLNBm7hSfH8AugnWJTW2Yr52ftiwrrsUQ9t9N0eWyUrM9CZk10RZpKdvi1mf"}],"group":"cf-nel","max_age":604800}', 'NEL': '{"success_fraction":0,"report_to":"cf-nel","max_age":604800}', 'Server': 'cloudflare', 'CF-RAY': '86a331a5287d981e-SJC', 'alt-svc': 'h3=":443"; ma=86400'} 
 body={"results":[{"gender":"male","name":{"title":"Mr","first":"Rasmus","last":"Christensen"},"location":{"street":{"number":2710,"name":"Dyrehavevej"},"city":"Nørrebro","state":"Midtjylland","country":"Denmark","postcode":66330,"coordinates":{"latitude":"-40.7202","longitude":"-60.0709"},"timezone":{"offset":"-3:00","description":"Brazil, Buenos Aires, Georgetown"}},"email":"rasmus.christensen@example.com","login":{"uuid":"c154296a-c0cf-4dc1-bc9b-eaf868180cb2","username":"purplepanda941","password":"rusty","salt":"WcV81YeR","md5":"276159bbadc719ef64eb8df51af8adc4","sha1":"679be53bd1ce4832c9d5d419e2d7555735011ef8","sha256":"96a5b27709805cbd88bc235beacdca56487badc8c8397ec411e004c7547303e1"},"dob":{"date":"1980-06-05T15:20:25.691Z","age":43},"registered":{"date":"2021-07-27T02:57:35.399Z","age":2},"phone":"45050771","cell":"08939519","id":{"name":"CPR","value":"050680-4701"},"picture":{"large":"https://randomuser.me/api/portraits/men/52.jpg","medium":"https://randomuser.me/api/portraits/med/men/52.jpg","thumbnail":"https://randomuser.me/api/portraits/thumb/men/52.jpg"},"nat":"DK"}],"info":{"seed":"3484475da901cd14","results":1,"page":1,"version":"1.4"}} 
 </msg>
<msg time="2024-03-26T00:58:43.470256" level="INFO">/opt/hostedtoolcache/Python/3.12.2/x64/lib/python3.12/site-packages/urllib3/connectionpool.py:1103: InsecureRequestWarning: Unverified HTTPS request is being made to host 'randomuser.me'. Adding certificate verification is strongly advised. See: https://urllib3.readthedocs.io/en/latest/advanced-usage.html#tls-warnings
  warnings.warn(</msg>
<msg time="2024-03-26T00:58:43.470409" level="INFO">${response} = &lt;Response [200]&gt;</msg>
<var>${response}</var>
<arg>consultarAPI</arg>
<arg>/api</arg>
<doc>Sends a GET request on a previously created HTTP Session.</doc>
<status status="PASS" start="2024-03-26T00:58:43.380136" elapsed="0.090319"/>
</kw>
<kw name="Set Variable" owner="BuiltIn">
<msg time="2024-03-26T00:58:43.471764" level="INFO">${json_data} = {'results': [{'gender': 'male', 'name': {'title': 'Mr', 'first': 'Rasmus', 'last': 'Christensen'}, 'location': {'street': {'number': 2710, 'name': 'Dyrehavevej'}, 'city': 'Nørrebro', 'state': 'Midtjyl...</msg>
<var>${json_data}</var>
<arg>${response.json()}</arg>
<doc>Returns the given values which can then be assigned to a variables.</doc>
<status status="PASS" start="2024-03-26T00:58:43.471171" elapsed="0.000624"/>
</kw>
<kw name="Log" owner="BuiltIn">
<msg time="2024-03-26T00:58:43.472286" level="INFO">{'results': [{'gender': 'male', 'name': {'title': 'Mr', 'first': 'Rasmus', 'last': 'Christensen'}, 'location': {'street': {'number': 2710, 'name': 'Dyrehavevej'}, 'city': 'Nørrebro', 'state': 'Midtjylland', 'country': 'Denmark', 'postcode': 66330, 'coordinates': {'latitude': '-40.7202', 'longitude': '-60.0709'}, 'timezone': {'offset': '-3:00', 'description': 'Brazil, Buenos Aires, Georgetown'}}, 'email': 'rasmus.christensen@example.com', 'login': {'uuid': 'c154296a-c0cf-4dc1-bc9b-eaf868180cb2', 'username': 'purplepanda941', 'password': 'rusty', 'salt': 'WcV81YeR', 'md5': '276159bbadc719ef64eb8df51af8adc4', 'sha1': '679be53bd1ce4832c9d5d419e2d7555735011ef8', 'sha256': '96a5b27709805cbd88bc235beacdca56487badc8c8397ec411e004c7547303e1'}, 'dob': {'date': '1980-06-05T15:20:25.691Z', 'age': 43}, 'registered': {'date': '2021-07-27T02:57:35.399Z', 'age': 2}, 'phone': '45050771', 'cell': '08939519', 'id': {'name': 'CPR', 'value': '050680-4701'}, 'picture': {'large': 'https://randomuser.me/api/portraits/men/52.jpg', 'medium': 'https://randomuser.me/api/portraits/med/men/52.jpg', 'thumbnail': 'https://randomuser.me/api/portraits/thumb/men/52.jpg'}, 'nat': 'DK'}], 'info': {'seed': '3484475da901cd14', 'results': 1, 'page': 1, 'version': '1.4'}}</msg>
<arg>${json_data}</arg>
<doc>Logs the given message with the given level.</doc>
<status status="PASS" start="2024-03-26T00:58:43.472113" elapsed="0.000260"/>
</kw>
<kw name="Should Be Equal As Numbers" owner="BuiltIn">
<arg>${json_data['results'][0]['location']['postcode']}</arg>
<arg>${json_data['results'][0]['location']['postcode']}</arg>
<doc>Fails if objects are unequal after converting them to real numbers.</doc>
<status status="PASS" start="2024-03-26T00:58:43.472701" elapsed="0.000659"/>
</kw>
<kw name="Log" owner="BuiltIn">
<msg time="2024-03-26T00:58:43.473907" level="INFO">66330</msg>
<arg>${json_data['results'][0]['location']['postcode']}</arg>
<doc>Logs the given message with the given level.</doc>
<status status="PASS" start="2024-03-26T00:58:43.473565" elapsed="0.000385"/>
</kw>
<status status="PASS" start="2024-03-26T00:58:43.379693" elapsed="0.094523"/>
</kw>
<doc>Testa se os tipos de dados na resposta da API estão corretos.</doc>
<tag>testeTiposDados</tag>
<status status="PASS" start="2024-03-26T00:58:43.280246" elapsed="0.194152"/>
</test>
<test id="s1-s1-t5" name="Validar conteudo" line="35">
<kw name="Teste de Tipos de Conteudo" owner="random-user-service">
<kw name="GET On Session" owner="RequestsLibrary">
<msg time="2024-03-26T00:58:43.565663" level="INFO">GET Request : url=https://randomuser.me/api 
 path_url=/api 
 headers={'User-Agent': 'python-requests/2.31.0', 'Accept-Encoding': 'gzip, deflate', 'Accept': '*/*', 'Connection': 'keep-alive'} 
 body=None 
 </msg>
<msg time="2024-03-26T00:58:43.565767" level="INFO">GET Response : url=https://randomuser.me/api 
 status=200, reason=OK 
 headers={'Date': 'Tue, 26 Mar 2024 00:58:43 GMT', 'Content-Type': 'application/json; charset=utf-8', 'Transfer-Encoding': 'chunked', 'Connection': 'keep-alive', 'X-Powered-By': 'Express', 'Access-Control-Allow-Origin': '*', 'Cache-Control': 'no-cache', 'ETag': 'W/"4a1-u4Qyt61QDuZTHOx2g4rS5QauJZM"', 'Vary': 'Accept-Encoding', 'Content-Encoding': 'gzip', 'CF-Cache-Status': 'DYNAMIC', 'Report-To': '{"endpoints":[{"url":"https:\\/\\/a.nel.cloudflare.com\\/report\\/v4?s=tKY%2Fo3SZpfMtBt%2FBMajhOmeWiLVqKaQvo4i5g5MoDbh60IR5KqbJcPaHu%2B4fd0N7F2q6H5wZCpSwIwNK5UZUZCnYLWkwIzQ3VkjjX6vi0EukQ8Z%2FNj8ILSYEqcKQ4Syl"}],"group":"cf-nel","max_age":604800}', 'NEL': '{"success_fraction":0,"report_to":"cf-nel","max_age":604800}', 'Server': 'cloudflare', 'CF-RAY': '86a331a5b8ef981e-SJC', 'alt-svc': 'h3=":443"; ma=86400'} 
 body={"results":[{"gender":"male","name":{"title":"Mr","first":"Juan Carlos","last":"Vergara"},"location":{"street":{"number":3216,"name":"Pasaje Batista"},"city":"Kilometro 30","state":"Guanajuato","country":"Mexico","postcode":81498,"coordinates":{"latitude":"27.9837","longitude":"-158.0768"},"timezone":{"offset":"-3:00","description":"Brazil, Buenos Aires, Georgetown"}},"email":"juancarlos.vergara@example.com","login":{"uuid":"9f55a65c-0760-4ddd-a222-325279985806","username":"blackcat276","password":"bollox","salt":"dEzb2Y34","md5":"491bb851415bd8e3dd3948d03f7a43c0","sha1":"9597d5f03192b2688b70e13573a4d9c5881d332d","sha256":"d6ce1a625ab7a15975df57773e38ba27e2248356dbb9382fa93d770ba8a43d83"},"dob":{"date":"1953-02-01T23:51:40.321Z","age":71},"registered":{"date":"2008-11-14T10:16:03.608Z","age":15},"phone":"(645) 653 5049","cell":"(696) 240 2274","id":{"name":"NSS","value":"30 62 94 2304 0"},"picture":{"large":"https://randomuser.me/api/portraits/men/15.jpg","medium":"https://randomuser.me/api/portraits/med/men/15.jpg","thumbnail":"https://randomuser.me/api/portraits/thumb/men/15.jpg"},"nat":"MX"}],"info":{"seed":"dc80405ad6b43184","results":1,"page":1,"version":"1.4"}} 
 </msg>
<msg time="2024-03-26T00:58:43.565842" level="INFO">/opt/hostedtoolcache/Python/3.12.2/x64/lib/python3.12/site-packages/urllib3/connectionpool.py:1103: InsecureRequestWarning: Unverified HTTPS request is being made to host 'randomuser.me'. Adding certificate verification is strongly advised. See: https://urllib3.readthedocs.io/en/latest/advanced-usage.html#tls-warnings
  warnings.warn(</msg>
<msg time="2024-03-26T00:58:43.565971" level="INFO">${response} = &lt;Response [200]&gt;</msg>
<var>${response}</var>
<arg>consultarAPI</arg>
<arg>/api</arg>
<doc>Sends a GET request on a previously created HTTP Session.</doc>
<status status="PASS" start="2024-03-26T00:58:43.477134" elapsed="0.088880"/>
</kw>
<kw name="Set Variable" owner="BuiltIn">
<msg time="2024-03-26T00:58:43.567355" level="INFO">${json_data} = {'results': [{'gender': 'male', 'name': {'title': 'Mr', 'first': 'Juan Carlos', 'last': 'Vergara'}, 'location': {'street': {'number': 3216, 'name': 'Pasaje Batista'}, 'city': 'Kilometro 30', 'state': ...</msg>
<var>${json_data}</var>
<arg>${response.json()}</arg>
<doc>Returns the given values which can then be assigned to a variables.</doc>
<status status="PASS" start="2024-03-26T00:58:43.566775" elapsed="0.000613"/>
</kw>
<kw name="Set Variable" owner="BuiltIn">
<msg time="2024-03-26T00:58:43.568272" level="INFO">${name_title} = Mr</msg>
<var>${name_title}</var>
<arg>${json_data["results"][0]["name"]["title"]}</arg>
<doc>Returns the given values which can then be assigned to a variables.</doc>
<status status="PASS" start="2024-03-26T00:58:43.567796" elapsed="0.000505"/>
</kw>
<kw name="Create List" owner="BuiltIn">
<msg time="2024-03-26T00:58:43.568804" level="INFO">${allowed_titles} = ['Mr', 'Ms', 'Miss', 'Mrs', 'Madame', 'Monsieur']</msg>
<var>${allowed_titles}</var>
<arg>Mr</arg>
<arg>Ms</arg>
<arg>Miss</arg>
<arg>Mrs</arg>
<arg>Madame</arg>
<arg>Monsieur</arg>
<doc>Returns a list containing given items.</doc>
<status status="PASS" start="2024-03-26T00:58:43.568644" elapsed="0.000186"/>
</kw>
<kw name="List Should Contain Value" owner="Collections">
<msg time="2024-03-26T00:58:43.569328" level="INFO">False</msg>
<arg>${allowed_titles}</arg>
<arg>${name_title}</arg>
<doc>Fails if the ``value`` is not found from ``list``.</doc>
<status status="PASS" start="2024-03-26T00:58:43.569143" elapsed="0.000224"/>
</kw>
<kw name="Set Variable" owner="BuiltIn">
<msg time="2024-03-26T00:58:43.570052" level="INFO">${name_country} = MX</msg>
<var>${name_country}</var>
<arg>${json_data["results"][0]["nat"]}</arg>
<doc>Returns the given values which can then be assigned to a variables.</doc>
<status status="PASS" start="2024-03-26T00:58:43.569673" elapsed="0.000405"/>
</kw>
<kw name="Create List" owner="BuiltIn">
<msg time="2024-03-26T00:58:43.571037" level="INFO">${list_country} = ['AD', 'AE', 'AF', 'AG', 'AI', 'AL', 'AM', 'AO', 'AQ', 'AR', 'AS', 'AT', 'AU', 'AW', 'AX', 'AZ', 'BA', 'BB', 'BD', 'BE', 'BF', 'BG', 'BH', 'BI', 'BJ', 'BL', 'BM', 'BN', 'BO', 'BQ', 'BR', 'BS', 'BT', '...</msg>
<var>${list_country}</var>
<arg>AD</arg>
<arg>AE</arg>
<arg>AF</arg>
<arg>AG</arg>
<arg>AI</arg>
<arg>AL</arg>
<arg>AM</arg>
<arg>AO</arg>
<arg>AQ</arg>
<arg>AR</arg>
<arg>AS</arg>
<arg>AT</arg>
<arg>AU</arg>
<arg>AW</arg>
<arg>AX</arg>
<arg>AZ</arg>
<arg>BA</arg>
<arg>BB</arg>
<arg>BD</arg>
<arg>BE</arg>
<arg>BF</arg>
<arg>BG</arg>
<arg>BH</arg>
<arg>BI</arg>
<arg>BJ</arg>
<arg>BL</arg>
<arg>BM</arg>
<arg>BN</arg>
<arg>BO</arg>
<arg>BQ</arg>
<arg>BR</arg>
<arg>BS</arg>
<arg>BT</arg>
<arg>BV</arg>
<arg>BW</arg>
<arg>BY</arg>
<arg>BZ</arg>
<arg>CA</arg>
<arg>CC</arg>
<arg>CD</arg>
<arg>CF</arg>
<arg>CG</arg>
<arg>CH</arg>
<arg>CI</arg>
<arg>CK</arg>
<arg>CL</arg>
<arg>CM</arg>
<arg>CN</arg>
<arg>CO</arg>
<arg>CR</arg>
<arg>CU</arg>
<arg>CV</arg>
<arg>CW</arg>
<arg>CX</arg>
<arg>CY</arg>
<arg>CZ</arg>
<arg>DE</arg>
<arg>DJ</arg>
<arg>DK</arg>
<arg>DM</arg>
<arg>DO</arg>
<arg>DZ</arg>
<arg>EC</arg>
<arg>EE</arg>
<arg>EG</arg>
<arg>EH</arg>
<arg>ER</arg>
<arg>ES</arg>
<arg>ET</arg>
<arg>FI</arg>
<arg>FJ</arg>
<arg>FK</arg>
<arg>FM</arg>
<arg>FO</arg>
<arg>FR</arg>
<arg>GA</arg>
<arg>GB</arg>
<arg>GD</arg>
<arg>GE</arg>
<arg>GF</arg>
<arg>GG</arg>
<arg>GH</arg>
<arg>GI</arg>
<arg>GL</arg>
<arg>GM</arg>
<arg>GN</arg>
<arg>GP</arg>
<arg>GQ</arg>
<arg>GR</arg>
<arg>GS</arg>
<arg>GT</arg>
<arg>GU</arg>
<arg>GW</arg>
<arg>GY</arg>
<arg>HK</arg>
<arg>HM</arg>
<arg>HN</arg>
<arg>HR</arg>
<arg>HT</arg>
<arg>HU</arg>
<arg>ID</arg>
<arg>IE</arg>
<arg>IL</arg>
<arg>IM</arg>
<arg>IN</arg>
<arg>IO</arg>
<arg>IQ</arg>
<arg>IR</arg>
<arg>IS</arg>
<arg>IT</arg>
<arg>JE</arg>
<arg>JM</arg>
<arg>JO</arg>
<arg>JP</arg>
<arg>KE</arg>
<arg>KG</arg>
<arg>KH</arg>
<arg>KI</arg>
<arg>KM</arg>
<arg>KN</arg>
<arg>KP</arg>
<arg>KR</arg>
<arg>KW</arg>
<arg>KY</arg>
<arg>KZ</arg>
<arg>LA</arg>
<arg>LB</arg>
<arg>LC</arg>
<arg>LI</arg>
<arg>LK</arg>
<arg>LR</arg>
<arg>LS</arg>
<arg>LT</arg>
<arg>LU</arg>
<arg>LV</arg>
<arg>LY</arg>
<arg>MA</arg>
<arg>MC</arg>
<arg>MD</arg>
<arg>ME</arg>
<arg>MF</arg>
<arg>MG</arg>
<arg>MH</arg>
<arg>MK</arg>
<arg>ML</arg>
<arg>MM</arg>
<arg>MN</arg>
<arg>MO</arg>
<arg>MP</arg>
<arg>MQ</arg>
<arg>MR</arg>
<arg>MS</arg>
<arg>MT</arg>
<arg>MU</arg>
<arg>MV</arg>
<arg>MW</arg>
<arg>MX</arg>
<arg>MY</arg>
<arg>MZ</arg>
<arg>NA</arg>
<arg>NC</arg>
<arg>NE</arg>
<arg>NF</arg>
<arg>NG</arg>
<arg>NI</arg>
<arg>NL</arg>
<arg>NO</arg>
<arg>NP</arg>
<arg>NR</arg>
<arg>NU</arg>
<arg>NZ</arg>
<arg>OM</arg>
<arg>PA</arg>
<arg>PE</arg>
<arg>PF</arg>
<arg>PG</arg>
<arg>PH</arg>
<arg>PK</arg>
<arg>PL</arg>
<arg>PM</arg>
<arg>PN</arg>
<arg>PR</arg>
<arg>PS</arg>
<arg>PT</arg>
<arg>PW</arg>
<arg>PY</arg>
<arg>QA</arg>
<arg>RE</arg>
<arg>RO</arg>
<arg>RS</arg>
<arg>RU</arg>
<arg>RW</arg>
<arg>SA</arg>
<arg>SB</arg>
<arg>SC</arg>
<arg>SD</arg>
<arg>SE</arg>
<arg>SG</arg>
<arg>SH</arg>
<arg>SI</arg>
<arg>SJ</arg>
<arg>SK</arg>
<arg>SL</arg>
<arg>SM</arg>
<arg>SN</arg>
<arg>SO</arg>
<arg>SR</arg>
<arg>SS</arg>
<arg>ST</arg>
<arg>SV</arg>
<arg>SX</arg>
<arg>SY</arg>
<arg>SZ</arg>
<arg>TC</arg>
<arg>TD</arg>
<arg>TF</arg>
<arg>TG</arg>
<arg>TH</arg>
<arg>TJ</arg>
<arg>TK</arg>
<arg>TL</arg>
<arg>TM</arg>
<arg>TN</arg>
<arg>TO</arg>
<arg>TR</arg>
<arg>TT</arg>
<arg>TV</arg>
<arg>TW</arg>
<arg>TZ</arg>
<arg>UA</arg>
<arg>UG</arg>
<arg>UM</arg>
<arg>US</arg>
<arg>UY</arg>
<arg>UZ</arg>
<arg>VA</arg>
<arg>VC</arg>
<arg>VE</arg>
<arg>VG</arg>
<arg>VI</arg>
<arg>VN</arg>
<arg>VU</arg>
<arg>WF</arg>
<arg>WS</arg>
<arg>XK</arg>
<arg>YE</arg>
<arg>YT</arg>
<arg>ZA</arg>
<arg>ZM</arg>
<arg>ZW</arg>
<doc>Returns a list containing given items.</doc>
<status status="PASS" start="2024-03-26T00:58:43.570396" elapsed="0.000669"/>
</kw>
<kw name="List Should Contain Value" owner="Collections">
<msg time="2024-03-26T00:58:43.572226" level="INFO">False</msg>
<arg>${list_country}</arg>
<arg>${name_country}</arg>
<doc>Fails if the ``value`` is not found from ``list``.</doc>
<status status="PASS" start="2024-03-26T00:58:43.572018" elapsed="0.000247"/>
</kw>
<kw name="Run Keyword If" owner="BuiltIn">
<kw name="Should Be True" owner="BuiltIn">
<arg>${True}</arg>
<doc>Fails if the given condition is not true.</doc>
<status status="PASS" start="2024-03-26T00:58:43.573380" elapsed="0.000150"/>
</kw>
<arg>${json_data["results"][0]["location"]["coordinates"]["latitude"]} &gt;= -90 and ${json_data["results"][0]["location"]["coordinates"]["latitude"]} &lt;= 90</arg>
<arg>Should Be True</arg>
<arg>${True}</arg>
<doc>Runs the given keyword with the given arguments, if ``condition`` is true.</doc>
<status status="PASS" start="2024-03-26T00:58:43.572586" elapsed="0.001076"/>
</kw>
<kw name="Run Keyword If" owner="BuiltIn">
<kw name="Should Be True" owner="BuiltIn">
<arg>${True}</arg>
<doc>Fails if the given condition is not true.</doc>
<status status="PASS" start="2024-03-26T00:58:43.574566" elapsed="0.000174"/>
</kw>
<arg>${json_data["results"][0]["location"]["coordinates"]["longitude"]} &gt;= -180 and ${json_data["results"][0]["location"]["coordinates"]["longitude"]} &lt;= 180</arg>
<arg>Should Be True</arg>
<arg>${True}</arg>
<doc>Runs the given keyword with the given arguments, if ``condition`` is true.</doc>
<status status="PASS" start="2024-03-26T00:58:43.573853" elapsed="0.001030"/>
</kw>
<status status="PASS" start="2024-03-26T00:58:43.476864" elapsed="0.098157"/>
</kw>
<doc>Testa o conteúdo específico dos campos retornados pela API.</doc>
<tag>testeConteudo</tag>
<status status="PASS" start="2024-03-26T00:58:43.476250" elapsed="0.098933"/>
</test>
<status status="PASS" start="2024-03-26T00:58:42.536145" elapsed="1.041110"/>
</suite>
<status status="PASS" start="2024-03-26T00:58:42.518362" elapsed="1.064866"/>
</suite>
<statistics>
<total>
<stat pass="5" fail="0" skip="0">All Tests</stat>
</total>
<tag>
<stat pass="1" fail="0" skip="0">testeConteudo</stat>
<stat pass="1" fail="0" skip="0">testeEstruturaResposta</stat>
<stat pass="1" fail="0" skip="0">testeRequisicaoBasica</stat>
<stat pass="1" fail="0" skip="0">testeTiposDados</stat>
</tag>
<suite>
<stat pass="5" fail="0" skip="0" id="s1" name="Tests">Tests</stat>
<stat pass="5" fail="0" skip="0" id="s1-s1" name="Random-User-Test">Tests.Random-User-Test</stat>
</suite>
</statistics>
<errors>
</errors>
</robot>
