<?xml version="1.0" encoding="UTF-8"?>
<robot generator="Robot 7.0 (Python 3.12.3 on linux)" generated="2024-05-10T16:19:00.976944" rpa="false" schemaversion="5">
<suite id="s1" name="Tests" source="/home/runner/work/DesafioQAItauRogerioJordao/DesafioQAItauRogerioJordao/RamdonUser/tests">
<suite id="s1-s1" name="Random-User-Test" source="/home/runner/work/DesafioQAItauRogerioJordao/DesafioQAItauRogerioJordao/RamdonUser/tests/random-user-test.robot">
<test id="s1-s1-t1" name="Conectar" line="13">
<kw name="Conectar API" owner="random-user-service">
<kw name="Create Session" owner="RequestsLibrary">
<msg time="2024-05-10T16:19:01.339397" level="INFO">Creating Session using : alias=consultarAPI, url=https://randomuser.me/, headers={},                     cookies={}, auth=None, timeout=None, proxies=None, verify=False,                     debug=0 </msg>
<arg>consultarAPI</arg>
<arg>${URL}</arg>
<doc>Create Session: create a HTTP session to a server</doc>
<status status="PASS" start="2024-05-10T16:19:01.339197" elapsed="0.000373"/>
</kw>
<status status="PASS" start="2024-05-10T16:19:01.338253" elapsed="0.001664"/>
</kw>
<status status="PASS" start="2024-05-10T16:19:01.337709" elapsed="0.002401"/>
</test>
<test id="s1-s1-t2" name="Validar retorno 200 e JSON Válido" line="16">
<kw name="Teste de Requisicao Basica" owner="random-user-service">
<kw name="GET On Session" owner="RequestsLibrary">
<msg time="2024-05-10T16:19:01.440642" level="INFO">GET Request : url=https://randomuser.me/api 
 path_url=/api 
 headers={'User-Agent': 'python-requests/2.31.0', 'Accept-Encoding': 'gzip, deflate', 'Accept': '*/*', 'Connection': 'keep-alive'} 
 body=None 
 </msg>
<msg time="2024-05-10T16:19:01.440782" level="INFO">GET Response : url=https://randomuser.me/api 
 status=200, reason=OK 
 headers={'Date': 'Fri, 10 May 2024 16:19:01 GMT', 'Content-Type': 'application/json; charset=utf-8', 'Transfer-Encoding': 'chunked', 'Connection': 'keep-alive', 'X-Powered-By': 'Express', 'Access-Control-Allow-Origin': '*', 'Cache-Control': 'no-cache', 'ETag': 'W/"49c-j8tbnZDclbdIHYJ7dseWEKUNJ9k"', 'Vary': 'Accept-Encoding', 'Content-Encoding': 'gzip', 'CF-Cache-Status': 'DYNAMIC', 'Report-To': '{"endpoints":[{"url":"https:\\/\\/a.nel.cloudflare.com\\/report\\/v4?s=pc1ZQFHmPN%2FxTrHVO37TjcB3hgKVj%2FkZmihpa54u97l%2F%2B3PByTL%2BWlmSubjl0FsNVvJn1PuY2EdzjqU1iCpTrsE3cppbj6IlIRJuLK4xJCwFXgrdILGGEscSON2XKvQO"}],"group":"cf-nel","max_age":604800}', 'NEL': '{"success_fraction":0,"report_to":"cf-nel","max_age":604800}', 'Server': 'cloudflare', 'CF-RAY': '881b3f9dabfb6170-ORD', 'alt-svc': 'h3=":443"; ma=86400'} 
 body={"results":[{"gender":"female","name":{"title":"Miss","first":"Isla","last":"Ollila"},"location":{"street":{"number":5531,"name":"Pirkankatu"},"city":"Evijärvi","state":"Northern Savonia","country":"Finland","postcode":85372,"coordinates":{"latitude":"-29.0065","longitude":"104.5641"},"timezone":{"offset":"-3:00","description":"Brazil, Buenos Aires, Georgetown"}},"email":"isla.ollila@example.com","login":{"uuid":"6a058907-d7a1-440e-88a9-fb99695e61b6","username":"organiczebra728","password":"open","salt":"CNgsc4GI","md5":"dc67d81e42d15195d7605fad9d79859b","sha1":"0b5a6c7d5c04a9fc0538dbfd9b1480c4eb7ec94b","sha256":"873a6fff499c778585dba93a4e1d034abd32137cf6a3653d6386b18ad05fbceb"},"dob":{"date":"1979-10-12T19:26:51.354Z","age":44},"registered":{"date":"2014-02-25T17:22:34.349Z","age":10},"phone":"06-393-173","cell":"042-189-59-04","id":{"name":"HETU","value":"NaNNA144undefined"},"picture":{"large":"https://randomuser.me/api/portraits/women/41.jpg","medium":"https://randomuser.me/api/portraits/med/women/41.jpg","thumbnail":"https://randomuser.me/api/portraits/thumb/women/41.jpg"},"nat":"FI"}],"info":{"seed":"9cd8a232e47e4d38","results":1,"page":1,"version":"1.4"}} 
 </msg>
<msg time="2024-05-10T16:19:01.440878" level="INFO">/opt/hostedtoolcache/Python/3.12.3/x64/lib/python3.12/site-packages/urllib3/connectionpool.py:1103: InsecureRequestWarning: Unverified HTTPS request is being made to host 'randomuser.me'. Adding certificate verification is strongly advised. See: https://urllib3.readthedocs.io/en/latest/advanced-usage.html#tls-warnings
  warnings.warn(</msg>
<msg time="2024-05-10T16:19:01.441038" level="INFO">${response} = &lt;Response [200]&gt;</msg>
<var>${response}</var>
<arg>consultarAPI</arg>
<arg>/api</arg>
<doc>Sends a GET request on a previously created HTTP Session.</doc>
<status status="PASS" start="2024-05-10T16:19:01.342703" elapsed="0.098390"/>
</kw>
<kw name="Should Be Equal As Numbers" owner="BuiltIn">
<msg time="2024-05-10T16:19:01.441957" level="INFO">Argument types are:
&lt;class 'int'&gt;
&lt;class 'str'&gt;</msg>
<arg>${response.status_code}</arg>
<arg>200</arg>
<doc>Fails if objects are unequal after converting them to real numbers.</doc>
<status status="PASS" start="2024-05-10T16:19:01.441521" elapsed="0.000501"/>
</kw>
<kw name="Log" owner="BuiltIn">
<msg time="2024-05-10T16:19:01.442734" level="INFO">200</msg>
<arg>${response.status_code}</arg>
<doc>Logs the given message with the given level.</doc>
<status status="PASS" start="2024-05-10T16:19:01.442372" elapsed="0.000405"/>
</kw>
<kw name="Set Variable" owner="BuiltIn">
<msg time="2024-05-10T16:19:01.443532" level="INFO">${json_data} = {'results': [{'gender': 'female', 'name': {'title': 'Miss', 'first': 'Isla', 'last': 'Ollila'}, 'location': {'street': {'number': 5531, 'name': 'Pirkankatu'}, 'city': 'Evijärvi', 'state': 'Northern Sa...</msg>
<var>${json_data}</var>
<arg>${response.json()}</arg>
<doc>Returns the given values which can then be assigned to a variables.</doc>
<status status="PASS" start="2024-05-10T16:19:01.443086" elapsed="0.000475"/>
</kw>
<kw name="Dictionary Should Contain Key" owner="Collections">
<msg time="2024-05-10T16:19:01.444029" level="INFO">False</msg>
<arg>${json_data}</arg>
<arg>results</arg>
<doc>Fails if ``key`` is not found from ``dictionary``.</doc>
<status status="PASS" start="2024-05-10T16:19:01.443865" elapsed="0.000202"/>
</kw>
<status status="PASS" start="2024-05-10T16:19:01.342458" elapsed="0.101856"/>
</kw>
<doc>Testa se a API responde corretamente e retorna um objeto JSON válido.</doc>
<tag>testeRequisicaoBasica</tag>
<status status="PASS" start="2024-05-10T16:19:01.341991" elapsed="0.102498"/>
</test>
<test id="s1-s1-t3" name="Validar estrutura de resposta" line="22">
<kw name="Teste de Estrutura de Resposta" owner="random-user-service">
<kw name="GET On Session" owner="RequestsLibrary">
<msg time="2024-05-10T16:19:01.576420" level="INFO">GET Request : url=https://randomuser.me/api 
 path_url=/api 
 headers={'User-Agent': 'python-requests/2.31.0', 'Accept-Encoding': 'gzip, deflate', 'Accept': '*/*', 'Connection': 'keep-alive'} 
 body=None 
 </msg>
<msg time="2024-05-10T16:19:01.576494" level="INFO">GET Response : url=https://randomuser.me/api 
 status=200, reason=OK 
 headers={'Date': 'Fri, 10 May 2024 16:19:01 GMT', 'Content-Type': 'application/json; charset=utf-8', 'Transfer-Encoding': 'chunked', 'Connection': 'keep-alive', 'X-Powered-By': 'Express', 'Access-Control-Allow-Origin': '*', 'Cache-Control': 'no-cache', 'ETag': 'W/"47e-tOh8QDHwEpKcJcVKcTV/GPZM81k"', 'Vary': 'Accept-Encoding', 'Content-Encoding': 'gzip', 'CF-Cache-Status': 'DYNAMIC', 'Report-To': '{"endpoints":[{"url":"https:\\/\\/a.nel.cloudflare.com\\/report\\/v4?s=L9z4DOeLShVajphKLBE7OB8d5lKbz2umo%2BH%2F%2F7xChg5dF7KBl%2FNDI77xNwPJxBZDabu%2BDPwyjzttnO9mD6LzhQdq4gV8Dp%2FZqeH6lSQH%2BtTZZcHT7U75jClmHV82rgLk"}],"group":"cf-nel","max_age":604800}', 'NEL': '{"success_fraction":0,"report_to":"cf-nel","max_age":604800}', 'Server': 'cloudflare', 'CF-RAY': '881b3f9e0cc46170-ORD', 'alt-svc': 'h3=":443"; ma=86400'} 
 body={"results":[{"gender":"female","name":{"title":"Mrs","first":"Rose","last":"Ambrose"},"location":{"street":{"number":6913,"name":"College Ave"},"city":"Lafontaine","state":"Manitoba","country":"Canada","postcode":"J2J 7J1","coordinates":{"latitude":"-67.3400","longitude":"15.0024"},"timezone":{"offset":"-2:00","description":"Mid-Atlantic"}},"email":"rose.ambrose@example.com","login":{"uuid":"e0a5b482-ff64-4e7e-99fc-7cf73df5a924","username":"silverkoala812","password":"webber","salt":"7yr3B3tM","md5":"1caed22cc5ad9298e5613f9f2200779e","sha1":"c5f4ff42e66528260ff5fce6d64dfdc8f0c494b3","sha256":"681e1922481e9da983fb136d77c2f7c142b715f3ee38fc2d9236baf6de106448"},"dob":{"date":"1999-09-08T11:22:50.702Z","age":24},"registered":{"date":"2011-09-25T13:36:10.322Z","age":12},"phone":"V93 R51-2629","cell":"D70 P05-6445","id":{"name":"SIN","value":"589539865"},"picture":{"large":"https://randomuser.me/api/portraits/women/20.jpg","medium":"https://randomuser.me/api/portraits/med/women/20.jpg","thumbnail":"https://randomuser.me/api/portraits/thumb/women/20.jpg"},"nat":"CA"}],"info":{"seed":"86e0d23855d8f494","results":1,"page":1,"version":"1.4"}} 
 </msg>
<msg time="2024-05-10T16:19:01.576627" level="INFO">/opt/hostedtoolcache/Python/3.12.3/x64/lib/python3.12/site-packages/urllib3/connectionpool.py:1103: InsecureRequestWarning: Unverified HTTPS request is being made to host 'randomuser.me'. Adding certificate verification is strongly advised. See: https://urllib3.readthedocs.io/en/latest/advanced-usage.html#tls-warnings
  warnings.warn(</msg>
<msg time="2024-05-10T16:19:01.576749" level="INFO">${response} = &lt;Response [200]&gt;</msg>
<var>${response}</var>
<arg>consultarAPI</arg>
<arg>/api</arg>
<doc>Sends a GET request on a previously created HTTP Session.</doc>
<status status="PASS" start="2024-05-10T16:19:01.447068" elapsed="0.129721"/>
</kw>
<kw name="Set Variable" owner="BuiltIn">
<msg time="2024-05-10T16:19:01.577653" level="INFO">${json_data} = {'results': [{'gender': 'female', 'name': {'title': 'Mrs', 'first': 'Rose', 'last': 'Ambrose'}, 'location': {'street': {'number': 6913, 'name': 'College Ave'}, 'city': 'Lafontaine', 'state': 'Manitoba...</msg>
<var>${json_data}</var>
<arg>${response.json()}</arg>
<doc>Returns the given values which can then be assigned to a variables.</doc>
<status status="PASS" start="2024-05-10T16:19:01.577173" elapsed="0.000509"/>
</kw>
<kw name="Log" owner="BuiltIn">
<msg time="2024-05-10T16:19:01.578151" level="INFO">{'results': [{'gender': 'female', 'name': {'title': 'Mrs', 'first': 'Rose', 'last': 'Ambrose'}, 'location': {'street': {'number': 6913, 'name': 'College Ave'}, 'city': 'Lafontaine', 'state': 'Manitoba', 'country': 'Canada', 'postcode': 'J2J 7J1', 'coordinates': {'latitude': '-67.3400', 'longitude': '15.0024'}, 'timezone': {'offset': '-2:00', 'description': 'Mid-Atlantic'}}, 'email': 'rose.ambrose@example.com', 'login': {'uuid': 'e0a5b482-ff64-4e7e-99fc-7cf73df5a924', 'username': 'silverkoala812', 'password': 'webber', 'salt': '7yr3B3tM', 'md5': '1caed22cc5ad9298e5613f9f2200779e', 'sha1': 'c5f4ff42e66528260ff5fce6d64dfdc8f0c494b3', 'sha256': '681e1922481e9da983fb136d77c2f7c142b715f3ee38fc2d9236baf6de106448'}, 'dob': {'date': '1999-09-08T11:22:50.702Z', 'age': 24}, 'registered': {'date': '2011-09-25T13:36:10.322Z', 'age': 12}, 'phone': 'V93 R51-2629', 'cell': 'D70 P05-6445', 'id': {'name': 'SIN', 'value': '589539865'}, 'picture': {'large': 'https://randomuser.me/api/portraits/women/20.jpg', 'medium': 'https://randomuser.me/api/portraits/med/women/20.jpg', 'thumbnail': 'https://randomuser.me/api/portraits/thumb/women/20.jpg'}, 'nat': 'CA'}], 'info': {'seed': '86e0d23855d8f494', 'results': 1, 'page': 1, 'version': '1.4'}}</msg>
<arg>${json_data}</arg>
<doc>Logs the given message with the given level.</doc>
<status status="PASS" start="2024-05-10T16:19:01.577991" elapsed="0.000209"/>
</kw>
<kw name="Dictionary Should Contain Key" owner="Collections">
<msg time="2024-05-10T16:19:01.578651" level="INFO">False</msg>
<arg>${json_data}</arg>
<arg>results</arg>
<doc>Fails if ``key`` is not found from ``dictionary``.</doc>
<status status="PASS" start="2024-05-10T16:19:01.578498" elapsed="0.000196"/>
</kw>
<kw name="Should Not Be Empty" owner="BuiltIn">
<msg time="2024-05-10T16:19:01.579119" level="INFO">Length is 2.</msg>
<arg>${json_data}</arg>
<doc>Verifies that the given item is not empty.</doc>
<status status="PASS" start="2024-05-10T16:19:01.578988" elapsed="0.000169"/>
</kw>
<kw name="Create List" owner="BuiltIn">
<msg time="2024-05-10T16:19:01.579742" level="INFO">${expected_keys} = ['gender', 'name', 'location', 'email', 'login']</msg>
<var>${expected_keys}</var>
<arg>gender</arg>
<arg>name</arg>
<arg>location</arg>
<arg>email</arg>
<arg>login</arg>
<doc>Returns a list containing given items.</doc>
<status status="PASS" start="2024-05-10T16:19:01.579454" elapsed="0.000313"/>
</kw>
<for flavor="IN">
<iter>
<kw name="Dictionary Should Contain Key" owner="Collections">
<msg time="2024-05-10T16:19:01.580789" level="INFO">False</msg>
<arg>${json_data['results'][0]}</arg>
<arg>${key}</arg>
<doc>Fails if ``key`` is not found from ``dictionary``.</doc>
<status status="PASS" start="2024-05-10T16:19:01.580350" elapsed="0.000477"/>
</kw>
<kw name="Log" owner="BuiltIn">
<msg time="2024-05-10T16:19:01.581487" level="INFO">{'gender': 'female', 'name': {'title': 'Mrs', 'first': 'Rose', 'last': 'Ambrose'}, 'location': {'street': {'number': 6913, 'name': 'College Ave'}, 'city': 'Lafontaine', 'state': 'Manitoba', 'country': 'Canada', 'postcode': 'J2J 7J1', 'coordinates': {'latitude': '-67.3400', 'longitude': '15.0024'}, 'timezone': {'offset': '-2:00', 'description': 'Mid-Atlantic'}}, 'email': 'rose.ambrose@example.com', 'login': {'uuid': 'e0a5b482-ff64-4e7e-99fc-7cf73df5a924', 'username': 'silverkoala812', 'password': 'webber', 'salt': '7yr3B3tM', 'md5': '1caed22cc5ad9298e5613f9f2200779e', 'sha1': 'c5f4ff42e66528260ff5fce6d64dfdc8f0c494b3', 'sha256': '681e1922481e9da983fb136d77c2f7c142b715f3ee38fc2d9236baf6de106448'}, 'dob': {'date': '1999-09-08T11:22:50.702Z', 'age': 24}, 'registered': {'date': '2011-09-25T13:36:10.322Z', 'age': 12}, 'phone': 'V93 R51-2629', 'cell': 'D70 P05-6445', 'id': {'name': 'SIN', 'value': '589539865'}, 'picture': {'large': 'https://randomuser.me/api/portraits/women/20.jpg', 'medium': 'https://randomuser.me/api/portraits/med/women/20.jpg', 'thumbnail': 'https://randomuser.me/api/portraits/thumb/women/20.jpg'}, 'nat': 'CA'}</msg>
<arg>${json_data['results'][0]}</arg>
<doc>Logs the given message with the given level.</doc>
<status status="PASS" start="2024-05-10T16:19:01.581125" elapsed="0.000409"/>
</kw>
<kw name="Log" owner="BuiltIn">
<msg time="2024-05-10T16:19:01.581964" level="INFO">gender</msg>
<arg>${key}</arg>
<doc>Logs the given message with the given level.</doc>
<status status="PASS" start="2024-05-10T16:19:01.581838" elapsed="0.000163"/>
</kw>
<var name="${key}">gender</var>
<status status="PASS" start="2024-05-10T16:19:01.580223" elapsed="0.001990"/>
</iter>
<iter>
<kw name="Dictionary Should Contain Key" owner="Collections">
<msg time="2024-05-10T16:19:01.582906" level="INFO">False</msg>
<arg>${json_data['results'][0]}</arg>
<arg>${key}</arg>
<doc>Fails if ``key`` is not found from ``dictionary``.</doc>
<status status="PASS" start="2024-05-10T16:19:01.582516" elapsed="0.000428"/>
</kw>
<kw name="Log" owner="BuiltIn">
<msg time="2024-05-10T16:19:01.583658" level="INFO">{'gender': 'female', 'name': {'title': 'Mrs', 'first': 'Rose', 'last': 'Ambrose'}, 'location': {'street': {'number': 6913, 'name': 'College Ave'}, 'city': 'Lafontaine', 'state': 'Manitoba', 'country': 'Canada', 'postcode': 'J2J 7J1', 'coordinates': {'latitude': '-67.3400', 'longitude': '15.0024'}, 'timezone': {'offset': '-2:00', 'description': 'Mid-Atlantic'}}, 'email': 'rose.ambrose@example.com', 'login': {'uuid': 'e0a5b482-ff64-4e7e-99fc-7cf73df5a924', 'username': 'silverkoala812', 'password': 'webber', 'salt': '7yr3B3tM', 'md5': '1caed22cc5ad9298e5613f9f2200779e', 'sha1': 'c5f4ff42e66528260ff5fce6d64dfdc8f0c494b3', 'sha256': '681e1922481e9da983fb136d77c2f7c142b715f3ee38fc2d9236baf6de106448'}, 'dob': {'date': '1999-09-08T11:22:50.702Z', 'age': 24}, 'registered': {'date': '2011-09-25T13:36:10.322Z', 'age': 12}, 'phone': 'V93 R51-2629', 'cell': 'D70 P05-6445', 'id': {'name': 'SIN', 'value': '589539865'}, 'picture': {'large': 'https://randomuser.me/api/portraits/women/20.jpg', 'medium': 'https://randomuser.me/api/portraits/med/women/20.jpg', 'thumbnail': 'https://randomuser.me/api/portraits/thumb/women/20.jpg'}, 'nat': 'CA'}</msg>
<arg>${json_data['results'][0]}</arg>
<doc>Logs the given message with the given level.</doc>
<status status="PASS" start="2024-05-10T16:19:01.583267" elapsed="0.000475"/>
</kw>
<kw name="Log" owner="BuiltIn">
<msg time="2024-05-10T16:19:01.584332" level="INFO">name</msg>
<arg>${key}</arg>
<doc>Logs the given message with the given level.</doc>
<status status="PASS" start="2024-05-10T16:19:01.584167" elapsed="0.000205"/>
</kw>
<var name="${key}">name</var>
<status status="PASS" start="2024-05-10T16:19:01.582401" elapsed="0.002224"/>
</iter>
<iter>
<kw name="Dictionary Should Contain Key" owner="Collections">
<msg time="2024-05-10T16:19:01.585312" level="INFO">False</msg>
<arg>${json_data['results'][0]}</arg>
<arg>${key}</arg>
<doc>Fails if ``key`` is not found from ``dictionary``.</doc>
<status status="PASS" start="2024-05-10T16:19:01.584924" elapsed="0.000425"/>
</kw>
<kw name="Log" owner="BuiltIn">
<msg time="2024-05-10T16:19:01.586008" level="INFO">{'gender': 'female', 'name': {'title': 'Mrs', 'first': 'Rose', 'last': 'Ambrose'}, 'location': {'street': {'number': 6913, 'name': 'College Ave'}, 'city': 'Lafontaine', 'state': 'Manitoba', 'country': 'Canada', 'postcode': 'J2J 7J1', 'coordinates': {'latitude': '-67.3400', 'longitude': '15.0024'}, 'timezone': {'offset': '-2:00', 'description': 'Mid-Atlantic'}}, 'email': 'rose.ambrose@example.com', 'login': {'uuid': 'e0a5b482-ff64-4e7e-99fc-7cf73df5a924', 'username': 'silverkoala812', 'password': 'webber', 'salt': '7yr3B3tM', 'md5': '1caed22cc5ad9298e5613f9f2200779e', 'sha1': 'c5f4ff42e66528260ff5fce6d64dfdc8f0c494b3', 'sha256': '681e1922481e9da983fb136d77c2f7c142b715f3ee38fc2d9236baf6de106448'}, 'dob': {'date': '1999-09-08T11:22:50.702Z', 'age': 24}, 'registered': {'date': '2011-09-25T13:36:10.322Z', 'age': 12}, 'phone': 'V93 R51-2629', 'cell': 'D70 P05-6445', 'id': {'name': 'SIN', 'value': '589539865'}, 'picture': {'large': 'https://randomuser.me/api/portraits/women/20.jpg', 'medium': 'https://randomuser.me/api/portraits/med/women/20.jpg', 'thumbnail': 'https://randomuser.me/api/portraits/thumb/women/20.jpg'}, 'nat': 'CA'}</msg>
<arg>${json_data['results'][0]}</arg>
<doc>Logs the given message with the given level.</doc>
<status status="PASS" start="2024-05-10T16:19:01.585647" elapsed="0.000408"/>
</kw>
<kw name="Log" owner="BuiltIn">
<msg time="2024-05-10T16:19:01.586475" level="INFO">location</msg>
<arg>${key}</arg>
<doc>Logs the given message with the given level.</doc>
<status status="PASS" start="2024-05-10T16:19:01.586351" elapsed="0.000161"/>
</kw>
<var name="${key}">location</var>
<status status="PASS" start="2024-05-10T16:19:01.584810" elapsed="0.001914"/>
</iter>
<iter>
<kw name="Dictionary Should Contain Key" owner="Collections">
<msg time="2024-05-10T16:19:01.587384" level="INFO">False</msg>
<arg>${json_data['results'][0]}</arg>
<arg>${key}</arg>
<doc>Fails if ``key`` is not found from ``dictionary``.</doc>
<status status="PASS" start="2024-05-10T16:19:01.587005" elapsed="0.000416"/>
</kw>
<kw name="Log" owner="BuiltIn">
<msg time="2024-05-10T16:19:01.588074" level="INFO">{'gender': 'female', 'name': {'title': 'Mrs', 'first': 'Rose', 'last': 'Ambrose'}, 'location': {'street': {'number': 6913, 'name': 'College Ave'}, 'city': 'Lafontaine', 'state': 'Manitoba', 'country': 'Canada', 'postcode': 'J2J 7J1', 'coordinates': {'latitude': '-67.3400', 'longitude': '15.0024'}, 'timezone': {'offset': '-2:00', 'description': 'Mid-Atlantic'}}, 'email': 'rose.ambrose@example.com', 'login': {'uuid': 'e0a5b482-ff64-4e7e-99fc-7cf73df5a924', 'username': 'silverkoala812', 'password': 'webber', 'salt': '7yr3B3tM', 'md5': '1caed22cc5ad9298e5613f9f2200779e', 'sha1': 'c5f4ff42e66528260ff5fce6d64dfdc8f0c494b3', 'sha256': '681e1922481e9da983fb136d77c2f7c142b715f3ee38fc2d9236baf6de106448'}, 'dob': {'date': '1999-09-08T11:22:50.702Z', 'age': 24}, 'registered': {'date': '2011-09-25T13:36:10.322Z', 'age': 12}, 'phone': 'V93 R51-2629', 'cell': 'D70 P05-6445', 'id': {'name': 'SIN', 'value': '589539865'}, 'picture': {'large': 'https://randomuser.me/api/portraits/women/20.jpg', 'medium': 'https://randomuser.me/api/portraits/med/women/20.jpg', 'thumbnail': 'https://randomuser.me/api/portraits/thumb/women/20.jpg'}, 'nat': 'CA'}</msg>
<arg>${json_data['results'][0]}</arg>
<doc>Logs the given message with the given level.</doc>
<status status="PASS" start="2024-05-10T16:19:01.587716" elapsed="0.000404"/>
</kw>
<kw name="Log" owner="BuiltIn">
<msg time="2024-05-10T16:19:01.588537" level="INFO">email</msg>
<arg>${key}</arg>
<doc>Logs the given message with the given level.</doc>
<status status="PASS" start="2024-05-10T16:19:01.588413" elapsed="0.000198"/>
</kw>
<var name="${key}">email</var>
<status status="PASS" start="2024-05-10T16:19:01.586896" elapsed="0.001939"/>
</iter>
<iter>
<kw name="Dictionary Should Contain Key" owner="Collections">
<msg time="2024-05-10T16:19:01.589512" level="INFO">False</msg>
<arg>${json_data['results'][0]}</arg>
<arg>${key}</arg>
<doc>Fails if ``key`` is not found from ``dictionary``.</doc>
<status status="PASS" start="2024-05-10T16:19:01.589125" elapsed="0.000423"/>
</kw>
<kw name="Log" owner="BuiltIn">
<msg time="2024-05-10T16:19:01.590198" level="INFO">{'gender': 'female', 'name': {'title': 'Mrs', 'first': 'Rose', 'last': 'Ambrose'}, 'location': {'street': {'number': 6913, 'name': 'College Ave'}, 'city': 'Lafontaine', 'state': 'Manitoba', 'country': 'Canada', 'postcode': 'J2J 7J1', 'coordinates': {'latitude': '-67.3400', 'longitude': '15.0024'}, 'timezone': {'offset': '-2:00', 'description': 'Mid-Atlantic'}}, 'email': 'rose.ambrose@example.com', 'login': {'uuid': 'e0a5b482-ff64-4e7e-99fc-7cf73df5a924', 'username': 'silverkoala812', 'password': 'webber', 'salt': '7yr3B3tM', 'md5': '1caed22cc5ad9298e5613f9f2200779e', 'sha1': 'c5f4ff42e66528260ff5fce6d64dfdc8f0c494b3', 'sha256': '681e1922481e9da983fb136d77c2f7c142b715f3ee38fc2d9236baf6de106448'}, 'dob': {'date': '1999-09-08T11:22:50.702Z', 'age': 24}, 'registered': {'date': '2011-09-25T13:36:10.322Z', 'age': 12}, 'phone': 'V93 R51-2629', 'cell': 'D70 P05-6445', 'id': {'name': 'SIN', 'value': '589539865'}, 'picture': {'large': 'https://randomuser.me/api/portraits/women/20.jpg', 'medium': 'https://randomuser.me/api/portraits/med/women/20.jpg', 'thumbnail': 'https://randomuser.me/api/portraits/thumb/women/20.jpg'}, 'nat': 'CA'}</msg>
<arg>${json_data['results'][0]}</arg>
<doc>Logs the given message with the given level.</doc>
<status status="PASS" start="2024-05-10T16:19:01.589838" elapsed="0.000406"/>
</kw>
<kw name="Log" owner="BuiltIn">
<msg time="2024-05-10T16:19:01.590666" level="INFO">login</msg>
<arg>${key}</arg>
<doc>Logs the given message with the given level.</doc>
<status status="PASS" start="2024-05-10T16:19:01.590540" elapsed="0.000163"/>
</kw>
<var name="${key}">login</var>
<status status="PASS" start="2024-05-10T16:19:01.589006" elapsed="0.001907"/>
</iter>
<var>${key}</var>
<value>@{expected_keys}</value>
<status status="PASS" start="2024-05-10T16:19:01.580033" elapsed="0.011025"/>
</for>
<kw name="Create List" owner="BuiltIn">
<msg time="2024-05-10T16:19:01.591399" level="INFO">${expected_keysTwo} = ['username', 'password']</msg>
<var>${expected_keysTwo}</var>
<arg>username</arg>
<arg>password</arg>
<doc>Returns a list containing given items.</doc>
<status status="PASS" start="2024-05-10T16:19:01.591261" elapsed="0.000161"/>
</kw>
<for flavor="IN">
<iter>
<kw name="Dictionary Should Contain Key" owner="Collections">
<msg time="2024-05-10T16:19:01.592313" level="INFO">False</msg>
<arg>${json_data['results'][0]['login']}</arg>
<arg>${keyTwo}</arg>
<doc>Fails if ``key`` is not found from ``dictionary``.</doc>
<status status="PASS" start="2024-05-10T16:19:01.591922" elapsed="0.000429"/>
</kw>
<kw name="Dictionary Should Contain Key" owner="Collections">
<msg time="2024-05-10T16:19:01.593070" level="INFO">False</msg>
<arg>${json_data['results'][0]['login']}</arg>
<arg>${keyTwo}</arg>
<doc>Fails if ``key`` is not found from ``dictionary``.</doc>
<status status="PASS" start="2024-05-10T16:19:01.592678" elapsed="0.000428"/>
</kw>
<kw name="Log" owner="BuiltIn">
<msg time="2024-05-10T16:19:01.593520" level="INFO">username</msg>
<arg>${keyTwo}</arg>
<doc>Logs the given message with the given level.</doc>
<status status="PASS" start="2024-05-10T16:19:01.593395" elapsed="0.000167"/>
</kw>
<var name="${keyTwo}">username</var>
<status status="PASS" start="2024-05-10T16:19:01.591813" elapsed="0.001961"/>
</iter>
<iter>
<kw name="Dictionary Should Contain Key" owner="Collections">
<msg time="2024-05-10T16:19:01.594435" level="INFO">False</msg>
<arg>${json_data['results'][0]['login']}</arg>
<arg>${keyTwo}</arg>
<doc>Fails if ``key`` is not found from ``dictionary``.</doc>
<status status="PASS" start="2024-05-10T16:19:01.594052" elapsed="0.000420"/>
</kw>
<kw name="Dictionary Should Contain Key" owner="Collections">
<msg time="2024-05-10T16:19:01.595217" level="INFO">False</msg>
<arg>${json_data['results'][0]['login']}</arg>
<arg>${keyTwo}</arg>
<doc>Fails if ``key`` is not found from ``dictionary``.</doc>
<status status="PASS" start="2024-05-10T16:19:01.594758" elapsed="0.000497"/>
</kw>
<kw name="Log" owner="BuiltIn">
<msg time="2024-05-10T16:19:01.595675" level="INFO">password</msg>
<arg>${keyTwo}</arg>
<doc>Logs the given message with the given level.</doc>
<status status="PASS" start="2024-05-10T16:19:01.595548" elapsed="0.000163"/>
</kw>
<var name="${keyTwo}">password</var>
<status status="PASS" start="2024-05-10T16:19:01.593943" elapsed="0.001982"/>
</iter>
<var>${keyTwo}</var>
<value>@{expected_keysTwo}</value>
<status status="PASS" start="2024-05-10T16:19:01.591656" elapsed="0.004388"/>
</for>
<status status="PASS" start="2024-05-10T16:19:01.446839" elapsed="0.149344"/>
</kw>
<doc>Testa a estrutura da resposta da API.</doc>
<tag>testeEstruturaResposta</tag>
<status status="PASS" start="2024-05-10T16:19:01.446350" elapsed="0.149989"/>
</test>
<test id="s1-s1-t4" name="Validar tipos de dados" line="28">
<kw name="Teste de Tipos de Dados" owner="random-user-service">
<kw name="GET On Session" owner="RequestsLibrary">
<msg time="2024-05-10T16:19:01.678778" level="INFO">GET Request : url=https://randomuser.me/api 
 path_url=/api 
 headers={'User-Agent': 'python-requests/2.31.0', 'Accept-Encoding': 'gzip, deflate', 'Accept': '*/*', 'Connection': 'keep-alive'} 
 body=None 
 </msg>
<msg time="2024-05-10T16:19:01.678862" level="INFO">GET Response : url=https://randomuser.me/api 
 status=200, reason=OK 
 headers={'Date': 'Fri, 10 May 2024 16:19:01 GMT', 'Content-Type': 'application/json; charset=utf-8', 'Transfer-Encoding': 'chunked', 'Connection': 'keep-alive', 'X-Powered-By': 'Express', 'Access-Control-Allow-Origin': '*', 'Cache-Control': 'no-cache', 'ETag': 'W/"4a0-VIucB+2r8TaHRu4mu44R2it21/k"', 'Vary': 'Accept-Encoding', 'Content-Encoding': 'gzip', 'CF-Cache-Status': 'DYNAMIC', 'Report-To': '{"endpoints":[{"url":"https:\\/\\/a.nel.cloudflare.com\\/report\\/v4?s=Kyd2SZ069J7s%2B0X95y%2BM51sB90e0jw6n5FdMS9218ibP3M2TiZBC%2F3bReKT0rnmuNgRQvi6CatIvCwuuhKhNmKLmTfDYVoWrchfJGldafjpH0HQRPeO7SUQjrnHkidZa"}],"group":"cf-nel","max_age":604800}', 'NEL': '{"success_fraction":0,"report_to":"cf-nel","max_age":604800}', 'Server': 'cloudflare', 'CF-RAY': '881b3f9f0e4f6170-ORD', 'alt-svc': 'h3=":443"; ma=86400'} 
 body={"results":[{"gender":"female","name":{"title":"Mrs","first":"Prajna","last":"Gupta"},"location":{"street":{"number":1192,"name":"Chimanlal Girdharlal Rd"},"city":"Muzaffarnagar","state":"Uttarakhand","country":"India","postcode":88912,"coordinates":{"latitude":"8.6101","longitude":"70.3824"},"timezone":{"offset":"-4:00","description":"Atlantic Time (Canada), Caracas, La Paz"}},"email":"prajna.gupta@example.com","login":{"uuid":"85a412af-e43f-47b1-a106-f8cafb493fb6","username":"happywolf595","password":"5656","salt":"ro9DRf3e","md5":"a0809c844787f1f389f2cf7745495472","sha1":"09b17c21849686477eaef588c6419ed1db345bd5","sha256":"aff31e9895760c7671b844b7c394f83fc5e4af1d414cffeaff4d50291a7689b0"},"dob":{"date":"1990-07-31T04:35:17.345Z","age":33},"registered":{"date":"2015-04-06T08:57:12.229Z","age":9},"phone":"9252974647","cell":"8286315483","id":{"name":"UIDAI","value":"962366964760"},"picture":{"large":"https://randomuser.me/api/portraits/women/96.jpg","medium":"https://randomuser.me/api/portraits/med/women/96.jpg","thumbnail":"https://randomuser.me/api/portraits/thumb/women/96.jpg"},"nat":"IN"}],"info":{"seed":"bcc55cd0051d0ea1","results":1,"page":1,"version":"1.4"}} 
 </msg>
<msg time="2024-05-10T16:19:01.678937" level="INFO">/opt/hostedtoolcache/Python/3.12.3/x64/lib/python3.12/site-packages/urllib3/connectionpool.py:1103: InsecureRequestWarning: Unverified HTTPS request is being made to host 'randomuser.me'. Adding certificate verification is strongly advised. See: https://urllib3.readthedocs.io/en/latest/advanced-usage.html#tls-warnings
  warnings.warn(</msg>
<msg time="2024-05-10T16:19:01.679077" level="INFO">${response} = &lt;Response [200]&gt;</msg>
<var>${response}</var>
<arg>consultarAPI</arg>
<arg>/api</arg>
<doc>Sends a GET request on a previously created HTTP Session.</doc>
<status status="PASS" start="2024-05-10T16:19:01.598946" elapsed="0.080187"/>
</kw>
<kw name="Set Variable" owner="BuiltIn">
<msg time="2024-05-10T16:19:01.680051" level="INFO">${json_data} = {'results': [{'gender': 'female', 'name': {'title': 'Mrs', 'first': 'Prajna', 'last': 'Gupta'}, 'location': {'street': {'number': 1192, 'name': 'Chimanlal Girdharlal Rd'}, 'city': 'Muzaffarnagar', 'st...</msg>
<var>${json_data}</var>
<arg>${response.json()}</arg>
<doc>Returns the given values which can then be assigned to a variables.</doc>
<status status="PASS" start="2024-05-10T16:19:01.679596" elapsed="0.000483"/>
</kw>
<kw name="Log" owner="BuiltIn">
<msg time="2024-05-10T16:19:01.680527" level="INFO">{'results': [{'gender': 'female', 'name': {'title': 'Mrs', 'first': 'Prajna', 'last': 'Gupta'}, 'location': {'street': {'number': 1192, 'name': 'Chimanlal Girdharlal Rd'}, 'city': 'Muzaffarnagar', 'state': 'Uttarakhand', 'country': 'India', 'postcode': 88912, 'coordinates': {'latitude': '8.6101', 'longitude': '70.3824'}, 'timezone': {'offset': '-4:00', 'description': 'Atlantic Time (Canada), Caracas, La Paz'}}, 'email': 'prajna.gupta@example.com', 'login': {'uuid': '85a412af-e43f-47b1-a106-f8cafb493fb6', 'username': 'happywolf595', 'password': '5656', 'salt': 'ro9DRf3e', 'md5': 'a0809c844787f1f389f2cf7745495472', 'sha1': '09b17c21849686477eaef588c6419ed1db345bd5', 'sha256': 'aff31e9895760c7671b844b7c394f83fc5e4af1d414cffeaff4d50291a7689b0'}, 'dob': {'date': '1990-07-31T04:35:17.345Z', 'age': 33}, 'registered': {'date': '2015-04-06T08:57:12.229Z', 'age': 9}, 'phone': '9252974647', 'cell': '8286315483', 'id': {'name': 'UIDAI', 'value': '962366964760'}, 'picture': {'large': 'https://randomuser.me/api/portraits/women/96.jpg', 'medium': 'https://randomuser.me/api/portraits/med/women/96.jpg', 'thumbnail': 'https://randomuser.me/api/portraits/thumb/women/96.jpg'}, 'nat': 'IN'}], 'info': {'seed': 'bcc55cd0051d0ea1', 'results': 1, 'page': 1, 'version': '1.4'}}</msg>
<arg>${json_data}</arg>
<doc>Logs the given message with the given level.</doc>
<status status="PASS" start="2024-05-10T16:19:01.680378" elapsed="0.000266"/>
</kw>
<kw name="Should Be String" owner="String">
<arg>${json_data['results'][0]['gender']}</arg>
<doc>Fails if the given ``item`` is not a string.</doc>
<status status="PASS" start="2024-05-10T16:19:01.680941" elapsed="0.000361"/>
</kw>
<kw name="Should Match Regexp" owner="BuiltIn">
<arg>${json_data['results'][0]['email']}</arg>
<arg>^[a-zA-Z0-9._%+-]+@[a-zA-Z0-9.-]+\.[a-zA-Z]{2,}$</arg>
<doc>Fails if ``string`` does not match ``pattern`` as a regular expression.</doc>
<status status="PASS" start="2024-05-10T16:19:01.681489" elapsed="0.000507"/>
</kw>
<kw name="Should Match Regexp" owner="BuiltIn">
<arg>${json_data['results'][0]['dob']['date']}</arg>
<arg>\\d{4}-\\d{2}-\\d{2}T\\d{2}:\\d{2}:\\d{2}\\.\\d{3}Z</arg>
<doc>Fails if ``string`` does not match ``pattern`` as a regular expression.</doc>
<status status="PASS" start="2024-05-10T16:19:01.682188" elapsed="0.000493"/>
</kw>
<kw name="Should Match Regexp" owner="BuiltIn">
<arg>${json_data['results'][0]['registered']['date']}</arg>
<arg>\\d{4}-\\d{2}-\\d{2}T\\d{2}:\\d{2}:\\d{2}\\.\\d{3}Z</arg>
<doc>Fails if ``string`` does not match ``pattern`` as a regular expression.</doc>
<status status="PASS" start="2024-05-10T16:19:01.682872" elapsed="0.000368"/>
</kw>
<kw name="Should Match Regexp" owner="BuiltIn">
<arg>${json_data['results'][0]['picture']['large']}</arg>
<arg>^https?://.*\.(?:png|jpe?g|gif|bmp)$</arg>
<doc>Fails if ``string`` does not match ``pattern`` as a regular expression.</doc>
<status status="PASS" start="2024-05-10T16:19:01.683425" elapsed="0.000459"/>
</kw>
<kw name="Should Match Regexp" owner="BuiltIn">
<arg>${json_data['results'][0]['picture']['medium']}</arg>
<arg>^https?://.*\.(?:png|jpe?g|gif|bmp)$</arg>
<doc>Fails if ``string`` does not match ``pattern`` as a regular expression.</doc>
<status status="PASS" start="2024-05-10T16:19:01.684070" elapsed="0.000354"/>
</kw>
<kw name="Should Match Regexp" owner="BuiltIn">
<arg>${json_data['results'][0]['picture']['thumbnail']}</arg>
<arg>^https?://.*\.(?:png|jpe?g|gif|bmp)$</arg>
<doc>Fails if ``string`` does not match ``pattern`` as a regular expression.</doc>
<status status="PASS" start="2024-05-10T16:19:01.684631" elapsed="0.000358"/>
</kw>
<kw name="Log" owner="BuiltIn">
<msg time="2024-05-10T16:19:01.685482" level="INFO">{'large': 'https://randomuser.me/api/portraits/women/96.jpg', 'medium': 'https://randomuser.me/api/portraits/med/women/96.jpg', 'thumbnail': 'https://randomuser.me/api/portraits/thumb/women/96.jpg'}</msg>
<arg>${json_data['results'][0]['picture']}</arg>
<doc>Logs the given message with the given level.</doc>
<status status="PASS" start="2024-05-10T16:19:01.685166" elapsed="0.000356"/>
</kw>
<status status="PASS" start="2024-05-10T16:19:01.598720" elapsed="0.087051"/>
</kw>
<kw name="Teste de Tipos de Dados - Postcode" owner="random-user-service">
<kw name="GET On Session" owner="RequestsLibrary">
<msg time="2024-05-10T16:19:01.761973" level="INFO">GET Request : url=https://randomuser.me/api 
 path_url=/api 
 headers={'User-Agent': 'python-requests/2.31.0', 'Accept-Encoding': 'gzip, deflate', 'Accept': '*/*', 'Connection': 'keep-alive'} 
 body=None 
 </msg>
<msg time="2024-05-10T16:19:01.762056" level="INFO">GET Response : url=https://randomuser.me/api 
 status=200, reason=OK 
 headers={'Date': 'Fri, 10 May 2024 16:19:01 GMT', 'Content-Type': 'application/json; charset=utf-8', 'Transfer-Encoding': 'chunked', 'Connection': 'keep-alive', 'X-Powered-By': 'Express', 'Access-Control-Allow-Origin': '*', 'Cache-Control': 'no-cache', 'ETag': 'W/"49c-HB+TLYSlb2nEjX39hoMZhO0yymk"', 'Vary': 'Accept-Encoding', 'Content-Encoding': 'gzip', 'CF-Cache-Status': 'DYNAMIC', 'Report-To': '{"endpoints":[{"url":"https:\\/\\/a.nel.cloudflare.com\\/report\\/v4?s=ISqfLQVm%2FZN9Q0PNIFYMto4GXb4dqvk9vEvfV1HCVUOXMO1fFw3PnJDQtczVslJM94ym4P19P1xSmwKZExRdlV6KGQ3N9t%2F19fGnANlDgjEaqikAos3iYEJ9PyVLZdq2"}],"group":"cf-nel","max_age":604800}', 'NEL': '{"success_fraction":0,"report_to":"cf-nel","max_age":604800}', 'Server': 'cloudflare', 'CF-RAY': '881b3f9f8f066170-ORD', 'alt-svc': 'h3=":443"; ma=86400'} 
 body={"results":[{"gender":"male","name":{"title":"Mr","first":"Ingo","last":"Abt"},"location":{"street":{"number":9744,"name":"Kapellenweg"},"city":"Bitterfeld-Wolfen","state":"Brandenburg","country":"Germany","postcode":81235,"coordinates":{"latitude":"-54.0605","longitude":"-160.6069"},"timezone":{"offset":"+5:00","description":"Ekaterinburg, Islamabad, Karachi, Tashkent"}},"email":"ingo.abt@example.com","login":{"uuid":"70bf713c-4a00-432f-8b0e-4627d101d81d","username":"beautifulwolf347","password":"picks","salt":"rNdclk7r","md5":"a9778c100dc6b79504cf0c1b86945183","sha1":"b9016897e5a31290023594cf132fc452466cfcf0","sha256":"4ef097e3de25a30f9e37539fa7d2fd8ee561a1416c218d8a5b0b0701ee7d5e7f"},"dob":{"date":"1967-12-10T18:01:06.054Z","age":56},"registered":{"date":"2005-04-04T21:34:20.830Z","age":19},"phone":"0800-0850887","cell":"0173-0659449","id":{"name":"SVNR","value":"09 101267 A 220"},"picture":{"large":"https://randomuser.me/api/portraits/men/44.jpg","medium":"https://randomuser.me/api/portraits/med/men/44.jpg","thumbnail":"https://randomuser.me/api/portraits/thumb/men/44.jpg"},"nat":"DE"}],"info":{"seed":"511779d0470ffdd0","results":1,"page":1,"version":"1.4"}} 
 </msg>
<msg time="2024-05-10T16:19:01.762125" level="INFO">/opt/hostedtoolcache/Python/3.12.3/x64/lib/python3.12/site-packages/urllib3/connectionpool.py:1103: InsecureRequestWarning: Unverified HTTPS request is being made to host 'randomuser.me'. Adding certificate verification is strongly advised. See: https://urllib3.readthedocs.io/en/latest/advanced-usage.html#tls-warnings
  warnings.warn(</msg>
<msg time="2024-05-10T16:19:01.762259" level="INFO">${response} = &lt;Response [200]&gt;</msg>
<var>${response}</var>
<arg>consultarAPI</arg>
<arg>/api</arg>
<doc>Sends a GET request on a previously created HTTP Session.</doc>
<status status="PASS" start="2024-05-10T16:19:01.686208" elapsed="0.076102"/>
</kw>
<kw name="Set Variable" owner="BuiltIn">
<msg time="2024-05-10T16:19:01.763305" level="INFO">${json_data} = {'results': [{'gender': 'male', 'name': {'title': 'Mr', 'first': 'Ingo', 'last': 'Abt'}, 'location': {'street': {'number': 9744, 'name': 'Kapellenweg'}, 'city': 'Bitterfeld-Wolfen', 'state': 'Brandenb...</msg>
<var>${json_data}</var>
<arg>${response.json()}</arg>
<doc>Returns the given values which can then be assigned to a variables.</doc>
<status status="PASS" start="2024-05-10T16:19:01.762742" elapsed="0.000596"/>
</kw>
<kw name="Log" owner="BuiltIn">
<msg time="2024-05-10T16:19:01.763798" level="INFO">{'results': [{'gender': 'male', 'name': {'title': 'Mr', 'first': 'Ingo', 'last': 'Abt'}, 'location': {'street': {'number': 9744, 'name': 'Kapellenweg'}, 'city': 'Bitterfeld-Wolfen', 'state': 'Brandenburg', 'country': 'Germany', 'postcode': 81235, 'coordinates': {'latitude': '-54.0605', 'longitude': '-160.6069'}, 'timezone': {'offset': '+5:00', 'description': 'Ekaterinburg, Islamabad, Karachi, Tashkent'}}, 'email': 'ingo.abt@example.com', 'login': {'uuid': '70bf713c-4a00-432f-8b0e-4627d101d81d', 'username': 'beautifulwolf347', 'password': 'picks', 'salt': 'rNdclk7r', 'md5': 'a9778c100dc6b79504cf0c1b86945183', 'sha1': 'b9016897e5a31290023594cf132fc452466cfcf0', 'sha256': '4ef097e3de25a30f9e37539fa7d2fd8ee561a1416c218d8a5b0b0701ee7d5e7f'}, 'dob': {'date': '1967-12-10T18:01:06.054Z', 'age': 56}, 'registered': {'date': '2005-04-04T21:34:20.830Z', 'age': 19}, 'phone': '0800-0850887', 'cell': '0173-0659449', 'id': {'name': 'SVNR', 'value': '09 101267 A 220'}, 'picture': {'large': 'https://randomuser.me/api/portraits/men/44.jpg', 'medium': 'https://randomuser.me/api/portraits/med/men/44.jpg', 'thumbnail': 'https://randomuser.me/api/portraits/thumb/men/44.jpg'}, 'nat': 'DE'}], 'info': {'seed': '511779d0470ffdd0', 'results': 1, 'page': 1, 'version': '1.4'}}</msg>
<arg>${json_data}</arg>
<doc>Logs the given message with the given level.</doc>
<status status="PASS" start="2024-05-10T16:19:01.763646" elapsed="0.000230"/>
</kw>
<kw name="Should Be Equal As Numbers" owner="BuiltIn">
<arg>${json_data['results'][0]['location']['postcode']}</arg>
<arg>${json_data['results'][0]['location']['postcode']}</arg>
<doc>Fails if objects are unequal after converting them to real numbers.</doc>
<status status="PASS" start="2024-05-10T16:19:01.764169" elapsed="0.000799"/>
</kw>
<kw name="Log" owner="BuiltIn">
<msg time="2024-05-10T16:19:01.765494" level="INFO">81235</msg>
<arg>${json_data['results'][0]['location']['postcode']}</arg>
<doc>Logs the given message with the given level.</doc>
<status status="PASS" start="2024-05-10T16:19:01.765160" elapsed="0.000373"/>
</kw>
<status status="PASS" start="2024-05-10T16:19:01.685987" elapsed="0.079795"/>
</kw>
<doc>Testa se os tipos de dados na resposta da API estão corretos.</doc>
<tag>testeTiposDados</tag>
<status status="PASS" start="2024-05-10T16:19:01.598186" elapsed="0.167760"/>
</test>
<test id="s1-s1-t5" name="Validar conteudo" line="35">
<kw name="Teste de Tipos de Conteudo" owner="random-user-service">
<kw name="GET On Session" owner="RequestsLibrary">
<msg time="2024-05-10T16:19:01.872058" level="INFO">GET Request : url=https://randomuser.me/api 
 path_url=/api 
 headers={'User-Agent': 'python-requests/2.31.0', 'Accept-Encoding': 'gzip, deflate', 'Accept': '*/*', 'Connection': 'keep-alive'} 
 body=None 
 </msg>
<msg time="2024-05-10T16:19:01.872124" level="INFO">GET Response : url=https://randomuser.me/api 
 status=200, reason=OK 
 headers={'Date': 'Fri, 10 May 2024 16:19:01 GMT', 'Content-Type': 'application/json; charset=utf-8', 'Transfer-Encoding': 'chunked', 'Connection': 'keep-alive', 'X-Powered-By': 'Express', 'Access-Control-Allow-Origin': '*', 'Cache-Control': 'no-cache', 'ETag': 'W/"4a0-Qk8+9mqXnEUelwUSCNGR22892X4"', 'Vary': 'Accept-Encoding', 'Content-Encoding': 'gzip', 'CF-Cache-Status': 'DYNAMIC', 'Report-To': '{"endpoints":[{"url":"https:\\/\\/a.nel.cloudflare.com\\/report\\/v4?s=z8dhxMGRUygsWqGrNsOdOSCkmP1TkNm52P7Q1eLMID9gYgney2jpj%2FO%2B8Gc5lVuvWyxVe4PpH%2BxVihTDgjEYWyBqOBYS%2FXdF4kklPSIeW9h1SXBoAEXOLRTLuvhlEiKJ"}],"group":"cf-nel","max_age":604800}', 'NEL': '{"success_fraction":0,"report_to":"cf-nel","max_age":604800}', 'Server': 'cloudflare', 'CF-RAY': '881b3fa01fa86170-ORD', 'alt-svc': 'h3=":443"; ma=86400'} 
 body={"results":[{"gender":"female","name":{"title":"Ms","first":"Amelia","last":"Dumont"},"location":{"street":{"number":7595,"name":"Avenue de la République"},"city":"Nantes","state":"Mayotte","country":"France","postcode":27245,"coordinates":{"latitude":"-14.6936","longitude":"0.4065"},"timezone":{"offset":"+9:00","description":"Tokyo, Seoul, Osaka, Sapporo, Yakutsk"}},"email":"amelia.dumont@example.com","login":{"uuid":"13cec09a-3357-4ce0-af12-f3a419d93539","username":"bigzebra295","password":"asia","salt":"nuCX5az8","md5":"1832b1da0c1f0c0fa15876c53983bb77","sha1":"897a42292d1a69f188fd567c1ba062072adca8c1","sha256":"50bc28af19e2c862329aa8b30b2fc871deb2ab4325e2c213e4c1f57b9e23c8fb"},"dob":{"date":"1983-01-22T01:18:25.930Z","age":41},"registered":{"date":"2007-12-22T05:42:53.549Z","age":16},"phone":"03-86-13-26-84","cell":"06-07-86-67-80","id":{"name":"INSEE","value":"2830017243750 41"},"picture":{"large":"https://randomuser.me/api/portraits/women/9.jpg","medium":"https://randomuser.me/api/portraits/med/women/9.jpg","thumbnail":"https://randomuser.me/api/portraits/thumb/women/9.jpg"},"nat":"FR"}],"info":{"seed":"c1d8d0a0eacbf1ee","results":1,"page":1,"version":"1.4"}} 
 </msg>
<msg time="2024-05-10T16:19:01.872184" level="INFO">/opt/hostedtoolcache/Python/3.12.3/x64/lib/python3.12/site-packages/urllib3/connectionpool.py:1103: InsecureRequestWarning: Unverified HTTPS request is being made to host 'randomuser.me'. Adding certificate verification is strongly advised. See: https://urllib3.readthedocs.io/en/latest/advanced-usage.html#tls-warnings
  warnings.warn(</msg>
<msg time="2024-05-10T16:19:01.872290" level="INFO">${response} = &lt;Response [200]&gt;</msg>
<var>${response}</var>
<arg>consultarAPI</arg>
<arg>/api</arg>
<doc>Sends a GET request on a previously created HTTP Session.</doc>
<status status="PASS" start="2024-05-10T16:19:01.768445" elapsed="0.103883"/>
</kw>
<kw name="Set Variable" owner="BuiltIn">
<msg time="2024-05-10T16:19:01.873176" level="INFO">${json_data} = {'results': [{'gender': 'female', 'name': {'title': 'Ms', 'first': 'Amelia', 'last': 'Dumont'}, 'location': {'street': {'number': 7595, 'name': 'Avenue de la République'}, 'city': 'Nantes', 'state': '...</msg>
<var>${json_data}</var>
<arg>${response.json()}</arg>
<doc>Returns the given values which can then be assigned to a variables.</doc>
<status status="PASS" start="2024-05-10T16:19:01.872718" elapsed="0.000487"/>
</kw>
<kw name="Set Variable" owner="BuiltIn">
<msg time="2024-05-10T16:19:01.873883" level="INFO">${name_title} = Ms</msg>
<var>${name_title}</var>
<arg>${json_data["results"][0]["name"]["title"]}</arg>
<doc>Returns the given values which can then be assigned to a variables.</doc>
<status status="PASS" start="2024-05-10T16:19:01.873505" elapsed="0.000402"/>
</kw>
<kw name="Create List" owner="BuiltIn">
<msg time="2024-05-10T16:19:01.874351" level="INFO">${allowed_titles} = ['Mr', 'Ms', 'Miss', 'Mrs', 'Madame', 'Monsieur']</msg>
<var>${allowed_titles}</var>
<arg>Mr</arg>
<arg>Ms</arg>
<arg>Miss</arg>
<arg>Mrs</arg>
<arg>Madame</arg>
<arg>Monsieur</arg>
<doc>Returns a list containing given items.</doc>
<status status="PASS" start="2024-05-10T16:19:01.874204" elapsed="0.000171"/>
</kw>
<kw name="List Should Contain Value" owner="Collections">
<msg time="2024-05-10T16:19:01.874840" level="INFO">False</msg>
<arg>${allowed_titles}</arg>
<arg>${name_title}</arg>
<doc>Fails if the ``value`` is not found from ``list``.</doc>
<status status="PASS" start="2024-05-10T16:19:01.874669" elapsed="0.000208"/>
</kw>
<kw name="Set Variable" owner="BuiltIn">
<msg time="2024-05-10T16:19:01.875550" level="INFO">${name_country} = FR</msg>
<var>${name_country}</var>
<arg>${json_data["results"][0]["nat"]}</arg>
<doc>Returns the given values which can then be assigned to a variables.</doc>
<status status="PASS" start="2024-05-10T16:19:01.875166" elapsed="0.000409"/>
</kw>
<kw name="Create List" owner="BuiltIn">
<msg time="2024-05-10T16:19:01.876462" level="INFO">${list_country} = ['AD', 'AE', 'AF', 'AG', 'AI', 'AL', 'AM', 'AO', 'AQ', 'AR', 'AS', 'AT', 'AU', 'AW', 'AX', 'AZ', 'BA', 'BB', 'BD', 'BE', 'BF', 'BG', 'BH', 'BI', 'BJ', 'BL', 'BM', 'BN', 'BO', 'BQ', 'BR', 'BS', 'BT', '...</msg>
<var>${list_country}</var>
<arg>AD</arg>
<arg>AE</arg>
<arg>AF</arg>
<arg>AG</arg>
<arg>AI</arg>
<arg>AL</arg>
<arg>AM</arg>
<arg>AO</arg>
<arg>AQ</arg>
<arg>AR</arg>
<arg>AS</arg>
<arg>AT</arg>
<arg>AU</arg>
<arg>AW</arg>
<arg>AX</arg>
<arg>AZ</arg>
<arg>BA</arg>
<arg>BB</arg>
<arg>BD</arg>
<arg>BE</arg>
<arg>BF</arg>
<arg>BG</arg>
<arg>BH</arg>
<arg>BI</arg>
<arg>BJ</arg>
<arg>BL</arg>
<arg>BM</arg>
<arg>BN</arg>
<arg>BO</arg>
<arg>BQ</arg>
<arg>BR</arg>
<arg>BS</arg>
<arg>BT</arg>
<arg>BV</arg>
<arg>BW</arg>
<arg>BY</arg>
<arg>BZ</arg>
<arg>CA</arg>
<arg>CC</arg>
<arg>CD</arg>
<arg>CF</arg>
<arg>CG</arg>
<arg>CH</arg>
<arg>CI</arg>
<arg>CK</arg>
<arg>CL</arg>
<arg>CM</arg>
<arg>CN</arg>
<arg>CO</arg>
<arg>CR</arg>
<arg>CU</arg>
<arg>CV</arg>
<arg>CW</arg>
<arg>CX</arg>
<arg>CY</arg>
<arg>CZ</arg>
<arg>DE</arg>
<arg>DJ</arg>
<arg>DK</arg>
<arg>DM</arg>
<arg>DO</arg>
<arg>DZ</arg>
<arg>EC</arg>
<arg>EE</arg>
<arg>EG</arg>
<arg>EH</arg>
<arg>ER</arg>
<arg>ES</arg>
<arg>ET</arg>
<arg>FI</arg>
<arg>FJ</arg>
<arg>FK</arg>
<arg>FM</arg>
<arg>FO</arg>
<arg>FR</arg>
<arg>GA</arg>
<arg>GB</arg>
<arg>GD</arg>
<arg>GE</arg>
<arg>GF</arg>
<arg>GG</arg>
<arg>GH</arg>
<arg>GI</arg>
<arg>GL</arg>
<arg>GM</arg>
<arg>GN</arg>
<arg>GP</arg>
<arg>GQ</arg>
<arg>GR</arg>
<arg>GS</arg>
<arg>GT</arg>
<arg>GU</arg>
<arg>GW</arg>
<arg>GY</arg>
<arg>HK</arg>
<arg>HM</arg>
<arg>HN</arg>
<arg>HR</arg>
<arg>HT</arg>
<arg>HU</arg>
<arg>ID</arg>
<arg>IE</arg>
<arg>IL</arg>
<arg>IM</arg>
<arg>IN</arg>
<arg>IO</arg>
<arg>IQ</arg>
<arg>IR</arg>
<arg>IS</arg>
<arg>IT</arg>
<arg>JE</arg>
<arg>JM</arg>
<arg>JO</arg>
<arg>JP</arg>
<arg>KE</arg>
<arg>KG</arg>
<arg>KH</arg>
<arg>KI</arg>
<arg>KM</arg>
<arg>KN</arg>
<arg>KP</arg>
<arg>KR</arg>
<arg>KW</arg>
<arg>KY</arg>
<arg>KZ</arg>
<arg>LA</arg>
<arg>LB</arg>
<arg>LC</arg>
<arg>LI</arg>
<arg>LK</arg>
<arg>LR</arg>
<arg>LS</arg>
<arg>LT</arg>
<arg>LU</arg>
<arg>LV</arg>
<arg>LY</arg>
<arg>MA</arg>
<arg>MC</arg>
<arg>MD</arg>
<arg>ME</arg>
<arg>MF</arg>
<arg>MG</arg>
<arg>MH</arg>
<arg>MK</arg>
<arg>ML</arg>
<arg>MM</arg>
<arg>MN</arg>
<arg>MO</arg>
<arg>MP</arg>
<arg>MQ</arg>
<arg>MR</arg>
<arg>MS</arg>
<arg>MT</arg>
<arg>MU</arg>
<arg>MV</arg>
<arg>MW</arg>
<arg>MX</arg>
<arg>MY</arg>
<arg>MZ</arg>
<arg>NA</arg>
<arg>NC</arg>
<arg>NE</arg>
<arg>NF</arg>
<arg>NG</arg>
<arg>NI</arg>
<arg>NL</arg>
<arg>NO</arg>
<arg>NP</arg>
<arg>NR</arg>
<arg>NU</arg>
<arg>NZ</arg>
<arg>OM</arg>
<arg>PA</arg>
<arg>PE</arg>
<arg>PF</arg>
<arg>PG</arg>
<arg>PH</arg>
<arg>PK</arg>
<arg>PL</arg>
<arg>PM</arg>
<arg>PN</arg>
<arg>PR</arg>
<arg>PS</arg>
<arg>PT</arg>
<arg>PW</arg>
<arg>PY</arg>
<arg>QA</arg>
<arg>RE</arg>
<arg>RO</arg>
<arg>RS</arg>
<arg>RU</arg>
<arg>RW</arg>
<arg>SA</arg>
<arg>SB</arg>
<arg>SC</arg>
<arg>SD</arg>
<arg>SE</arg>
<arg>SG</arg>
<arg>SH</arg>
<arg>SI</arg>
<arg>SJ</arg>
<arg>SK</arg>
<arg>SL</arg>
<arg>SM</arg>
<arg>SN</arg>
<arg>SO</arg>
<arg>SR</arg>
<arg>SS</arg>
<arg>ST</arg>
<arg>SV</arg>
<arg>SX</arg>
<arg>SY</arg>
<arg>SZ</arg>
<arg>TC</arg>
<arg>TD</arg>
<arg>TF</arg>
<arg>TG</arg>
<arg>TH</arg>
<arg>TJ</arg>
<arg>TK</arg>
<arg>TL</arg>
<arg>TM</arg>
<arg>TN</arg>
<arg>TO</arg>
<arg>TR</arg>
<arg>TT</arg>
<arg>TV</arg>
<arg>TW</arg>
<arg>TZ</arg>
<arg>UA</arg>
<arg>UG</arg>
<arg>UM</arg>
<arg>US</arg>
<arg>UY</arg>
<arg>UZ</arg>
<arg>VA</arg>
<arg>VC</arg>
<arg>VE</arg>
<arg>VG</arg>
<arg>VI</arg>
<arg>VN</arg>
<arg>VU</arg>
<arg>WF</arg>
<arg>WS</arg>
<arg>XK</arg>
<arg>YE</arg>
<arg>YT</arg>
<arg>ZA</arg>
<arg>ZM</arg>
<arg>ZW</arg>
<doc>Returns a list containing given items.</doc>
<status status="PASS" start="2024-05-10T16:19:01.875872" elapsed="0.000615"/>
</kw>
<kw name="List Should Contain Value" owner="Collections">
<msg time="2024-05-10T16:19:01.877514" level="INFO">False</msg>
<arg>${list_country}</arg>
<arg>${name_country}</arg>
<doc>Fails if the ``value`` is not found from ``list``.</doc>
<status status="PASS" start="2024-05-10T16:19:01.877319" elapsed="0.000232"/>
</kw>
<kw name="Run Keyword If" owner="BuiltIn">
<kw name="Should Be True" owner="BuiltIn">
<arg>${True}</arg>
<doc>Fails if the given condition is not true.</doc>
<status status="PASS" start="2024-05-10T16:19:01.878603" elapsed="0.000141"/>
</kw>
<arg>${json_data["results"][0]["location"]["coordinates"]["latitude"]} &gt;= -90 and ${json_data["results"][0]["location"]["coordinates"]["latitude"]} &lt;= 90</arg>
<arg>Should Be True</arg>
<arg>${True}</arg>
<doc>Runs the given keyword with the given arguments, if ``condition`` is true.</doc>
<status status="PASS" start="2024-05-10T16:19:01.877860" elapsed="0.001008"/>
</kw>
<kw name="Run Keyword If" owner="BuiltIn">
<kw name="Should Be True" owner="BuiltIn">
<arg>${True}</arg>
<doc>Fails if the given condition is not true.</doc>
<status status="PASS" start="2024-05-10T16:19:01.879731" elapsed="0.000238"/>
</kw>
<arg>${json_data["results"][0]["location"]["coordinates"]["longitude"]} &gt;= -180 and ${json_data["results"][0]["location"]["coordinates"]["longitude"]} &lt;= 180</arg>
<arg>Should Be True</arg>
<arg>${True}</arg>
<doc>Runs the given keyword with the given arguments, if ``condition`` is true.</doc>
<status status="PASS" start="2024-05-10T16:19:01.879050" elapsed="0.001042"/>
</kw>
<status status="PASS" start="2024-05-10T16:19:01.768221" elapsed="0.111999"/>
</kw>
<doc>Testa o conteúdo específico dos campos retornados pela API.</doc>
<tag>testeConteudo</tag>
<status status="PASS" start="2024-05-10T16:19:01.767712" elapsed="0.112653"/>
</test>
<status status="PASS" start="2024-05-10T16:19:01.035058" elapsed="0.847232"/>
</suite>
<status status="PASS" start="2024-05-10T16:19:01.021369" elapsed="0.866161"/>
</suite>
<statistics>
<total>
<stat pass="5" fail="0" skip="0">All Tests</stat>
</total>
<tag>
<stat pass="1" fail="0" skip="0">testeConteudo</stat>
<stat pass="1" fail="0" skip="0">testeEstruturaResposta</stat>
<stat pass="1" fail="0" skip="0">testeRequisicaoBasica</stat>
<stat pass="1" fail="0" skip="0">testeTiposDados</stat>
</tag>
<suite>
<stat pass="5" fail="0" skip="0" id="s1" name="Tests">Tests</stat>
<stat pass="5" fail="0" skip="0" id="s1-s1" name="Random-User-Test">Tests.Random-User-Test</stat>
</suite>
</statistics>
<errors>
</errors>
</robot>
