<?xml version="1.0" encoding="UTF-8"?>
<robot generator="Robot 7.0.1 (Python 3.12.4 on linux)" generated="2024-07-31T04:14:59.089931" rpa="false" schemaversion="5">
<suite id="s1" name="Tests" source="/home/runner/work/ApiRandomUser/ApiRandomUser/RamdonUser/tests">
<suite id="s1-s1" name="Random-User-Test" source="/home/runner/work/ApiRandomUser/ApiRandomUser/RamdonUser/tests/random-user-test.robot">
<test id="s1-s1-t1" name="Conectar" line="13">
<kw name="Conectar API" owner="random-user-service">
<kw name="Create Session" owner="RequestsLibrary">
<msg time="2024-07-31T04:14:59.474888" level="INFO">Creating Session using : alias=consultarAPI, url=https://randomuser.me/, headers={},                     cookies={}, auth=None, timeout=None, proxies=None, verify=False,                     debug=0 </msg>
<arg>consultarAPI</arg>
<arg>${URL}</arg>
<doc>Create Session: create a HTTP session to a server</doc>
<status status="PASS" start="2024-07-31T04:14:59.474692" elapsed="0.000360"/>
</kw>
<status status="PASS" start="2024-07-31T04:14:59.473680" elapsed="0.001711"/>
</kw>
<status status="PASS" start="2024-07-31T04:14:59.473194" elapsed="0.002388"/>
</test>
<test id="s1-s1-t2" name="Validar retorno 200 e JSON Válido" line="16">
<kw name="Teste de Requisicao Basica" owner="random-user-service">
<kw name="GET On Session" owner="RequestsLibrary">
<msg time="2024-07-31T04:14:59.606518" level="INFO">GET Request : url=https://randomuser.me/api 
 path_url=/api 
 headers={'User-Agent': 'python-requests/2.32.3', 'Accept-Encoding': 'gzip, deflate', 'Accept': '*/*', 'Connection': 'keep-alive'} 
 body=None 
 </msg>
<msg time="2024-07-31T04:14:59.606617" level="INFO">GET Response : url=https://randomuser.me/api 
 status=200, reason=OK 
 headers={'Date': 'Wed, 31 Jul 2024 04:14:59 GMT', 'Content-Type': 'application/json; charset=utf-8', 'Transfer-Encoding': 'chunked', 'Connection': 'keep-alive', 'X-Powered-By': 'Express', 'Access-Control-Allow-Origin': '*', 'Cache-Control': 'no-cache', 'ETag': 'W/"48e-3BKeEnwtCjus2ruE54ZItYa93wM"', 'Vary': 'Accept-Encoding', 'Content-Encoding': 'gzip', 'CF-Cache-Status': 'DYNAMIC', 'Report-To': '{"endpoints":[{"url":"https:\\/\\/a.nel.cloudflare.com\\/report\\/v4?s=3bB7O6cZwh8rp2dPVCIKFTR%2BPGwSe2QSzI9RPQ9f7RkMjWEr2cMk7MlimgVO88Q6ZifqCTcdpgWyVfnlayatYy4RGMsQzphA7b66qdI9jWEbRuNX4QucJnBy0FnE4r1K"}],"group":"cf-nel","max_age":604800}', 'NEL': '{"success_fraction":0,"report_to":"cf-nel","max_age":604800}', 'Server': 'cloudflare', 'CF-RAY': '8abac3c5ec7bce3c-SJC', 'alt-svc': 'h3=":443"; ma=86400'} 
 body={"results":[{"gender":"female","name":{"title":"Mrs","first":"Nicole","last":"Bråten"},"location":{"street":{"number":8682,"name":"Brynsveien"},"city":"Velde","state":"Rogaland","country":"Norway","postcode":"1303","coordinates":{"latitude":"44.0067","longitude":"85.1417"},"timezone":{"offset":"+11:00","description":"Magadan, Solomon Islands, New Caledonia"}},"email":"nicole.braten@example.com","login":{"uuid":"b18fd1ea-8d1f-4e4c-8b80-2344a02479f1","username":"beautifuldog272","password":"kennedy","salt":"Zg94rVXS","md5":"96e637ba93f56d928080712e490e5d62","sha1":"c5e9452dad3fe2daf612d734cfd79caed160f5c2","sha256":"355ab93c630f5395398c095e3730a4514235d5071c28b02a4ec38ea87c245135"},"dob":{"date":"1959-07-07T10:51:30.446Z","age":65},"registered":{"date":"2008-06-04T11:25:04.702Z","age":16},"phone":"21245909","cell":"43124617","id":{"name":"FN","value":"07075938297"},"picture":{"large":"https://randomuser.me/api/portraits/women/64.jpg","medium":"https://randomuser.me/api/portraits/med/women/64.jpg","thumbnail":"https://randomuser.me/api/portraits/thumb/women/64.jpg"},"nat":"NO"}],"info":{"seed":"5ab649df25800f1c","results":1,"page":1,"version":"1.4"}} 
 </msg>
<msg time="2024-07-31T04:14:59.606685" level="INFO">/opt/hostedtoolcache/Python/3.12.4/x64/lib/python3.12/site-packages/urllib3/connectionpool.py:1099: InsecureRequestWarning: Unverified HTTPS request is being made to host 'randomuser.me'. Adding certificate verification is strongly advised. See: https://urllib3.readthedocs.io/en/latest/advanced-usage.html#tls-warnings
  warnings.warn(</msg>
<msg time="2024-07-31T04:14:59.606805" level="INFO">${response} = &lt;Response [200]&gt;</msg>
<var>${response}</var>
<arg>consultarAPI</arg>
<arg>/api</arg>
<doc>Sends a GET request on a previously created HTTP Session.</doc>
<status status="PASS" start="2024-07-31T04:14:59.478212" elapsed="0.128635"/>
</kw>
<kw name="Should Be Equal As Numbers" owner="BuiltIn">
<msg time="2024-07-31T04:14:59.607626" level="INFO">Argument types are:
&lt;class 'int'&gt;
&lt;class 'str'&gt;</msg>
<arg>${response.status_code}</arg>
<arg>200</arg>
<doc>Fails if objects are unequal after converting them to real numbers.</doc>
<status status="PASS" start="2024-07-31T04:14:59.607226" elapsed="0.000461"/>
</kw>
<kw name="Log" owner="BuiltIn">
<msg time="2024-07-31T04:14:59.608355" level="INFO">200</msg>
<arg>${response.status_code}</arg>
<doc>Logs the given message with the given level.</doc>
<status status="PASS" start="2024-07-31T04:14:59.608001" elapsed="0.000396"/>
</kw>
<kw name="Set Variable" owner="BuiltIn">
<msg time="2024-07-31T04:14:59.609143" level="INFO">${json_data} = {'results': [{'gender': 'female', 'name': {'title': 'Mrs', 'first': 'Nicole', 'last': 'Bråten'}, 'location': {'street': {'number': 8682, 'name': 'Brynsveien'}, 'city': 'Velde', 'state': 'Rogaland', 'c...</msg>
<var>${json_data}</var>
<arg>${response.json()}</arg>
<doc>Returns the given values which can then be assigned to a variables.</doc>
<status status="PASS" start="2024-07-31T04:14:59.608702" elapsed="0.000470"/>
</kw>
<kw name="Dictionary Should Contain Key" owner="Collections">
<arg>${json_data}</arg>
<arg>results</arg>
<doc>Fails if ``key`` is not found from ``dictionary``.</doc>
<status status="PASS" start="2024-07-31T04:14:59.609477" elapsed="0.000285"/>
</kw>
<status status="PASS" start="2024-07-31T04:14:59.477938" elapsed="0.131971"/>
</kw>
<doc>Testa se a API responde corretamente e retorna um objeto JSON válido.</doc>
<tag>testeRequisicaoBasica</tag>
<status status="PASS" start="2024-07-31T04:14:59.477404" elapsed="0.132712"/>
</test>
<test id="s1-s1-t3" name="Validar estrutura de resposta" line="22">
<kw name="Teste de Estrutura de Resposta" owner="random-user-service">
<kw name="GET On Session" owner="RequestsLibrary">
<msg time="2024-07-31T04:14:59.707348" level="INFO">GET Request : url=https://randomuser.me/api 
 path_url=/api 
 headers={'User-Agent': 'python-requests/2.32.3', 'Accept-Encoding': 'gzip, deflate', 'Accept': '*/*', 'Connection': 'keep-alive'} 
 body=None 
 </msg>
<msg time="2024-07-31T04:14:59.707434" level="INFO">GET Response : url=https://randomuser.me/api 
 status=200, reason=OK 
 headers={'Date': 'Wed, 31 Jul 2024 04:14:59 GMT', 'Content-Type': 'application/json; charset=utf-8', 'Transfer-Encoding': 'chunked', 'Connection': 'keep-alive', 'X-Powered-By': 'Express', 'Access-Control-Allow-Origin': '*', 'Cache-Control': 'no-cache', 'ETag': 'W/"4a2-wn1c+GKKo+89dSkU9pk/ISbuPx4"', 'Vary': 'Accept-Encoding', 'Content-Encoding': 'gzip', 'CF-Cache-Status': 'DYNAMIC', 'Report-To': '{"endpoints":[{"url":"https:\\/\\/a.nel.cloudflare.com\\/report\\/v4?s=sQo0dv8hs21KDxMR4e0Awy4nZfb0Hrv1AehsYqouCuqu6wyEs8WdBRqHJX5bfdwFb7UbTLif70Uz0WAPG16xMhmkzYP6odwEZCZQoimmWO3gQlchdZnn8PvUv0Zwb7Cr"}],"group":"cf-nel","max_age":604800}', 'NEL': '{"success_fraction":0,"report_to":"cf-nel","max_age":604800}', 'Server': 'cloudflare', 'CF-RAY': '8abac3c69d17ce3c-SJC', 'alt-svc': 'h3=":443"; ma=86400'} 
 body={"results":[{"gender":"female","name":{"title":"Ms","first":"Corina","last":"Szymanski"},"location":{"street":{"number":5071,"name":"Mühlenweg"},"city":"Kusel","state":"Berlin","country":"Germany","postcode":41736,"coordinates":{"latitude":"-48.3285","longitude":"159.9945"},"timezone":{"offset":"-5:00","description":"Eastern Time (US &amp; Canada), Bogota, Lima"}},"email":"corina.szymanski@example.com","login":{"uuid":"3ec48b72-5d0c-43ab-802d-a421c3ffcd50","username":"ticklishmouse356","password":"blackdog","salt":"YaWpQSGa","md5":"33d5d79ef4569eed793066374b42155f","sha1":"40e0f24b0848015a47fd8448ae93ebddb713bee5","sha256":"2e6ace5c7758b1e18ff90979e6f55d7b71886f2e4f1d0264224803c96993049d"},"dob":{"date":"1953-04-24T12:57:05.592Z","age":71},"registered":{"date":"2003-08-28T15:45:30.906Z","age":20},"phone":"0199-7830764","cell":"0177-6275416","id":{"name":"SVNR","value":"89 240453 S 675"},"picture":{"large":"https://randomuser.me/api/portraits/women/74.jpg","medium":"https://randomuser.me/api/portraits/med/women/74.jpg","thumbnail":"https://randomuser.me/api/portraits/thumb/women/74.jpg"},"nat":"DE"}],"info":{"seed":"12d102036a63873c","results":1,"page":1,"version":"1.4"}} 
 </msg>
<msg time="2024-07-31T04:14:59.707559" level="INFO">/opt/hostedtoolcache/Python/3.12.4/x64/lib/python3.12/site-packages/urllib3/connectionpool.py:1099: InsecureRequestWarning: Unverified HTTPS request is being made to host 'randomuser.me'. Adding certificate verification is strongly advised. See: https://urllib3.readthedocs.io/en/latest/advanced-usage.html#tls-warnings
  warnings.warn(</msg>
<msg time="2024-07-31T04:14:59.707677" level="INFO">${response} = &lt;Response [200]&gt;</msg>
<var>${response}</var>
<arg>consultarAPI</arg>
<arg>/api</arg>
<doc>Sends a GET request on a previously created HTTP Session.</doc>
<status status="PASS" start="2024-07-31T04:14:59.612797" elapsed="0.094913"/>
</kw>
<kw name="Set Variable" owner="BuiltIn">
<msg time="2024-07-31T04:14:59.708546" level="INFO">${json_data} = {'results': [{'gender': 'female', 'name': {'title': 'Ms', 'first': 'Corina', 'last': 'Szymanski'}, 'location': {'street': {'number': 5071, 'name': 'Mühlenweg'}, 'city': 'Kusel', 'state': 'Berlin', 'co...</msg>
<var>${json_data}</var>
<arg>${response.json()}</arg>
<doc>Returns the given values which can then be assigned to a variables.</doc>
<status status="PASS" start="2024-07-31T04:14:59.708087" elapsed="0.000489"/>
</kw>
<kw name="Log" owner="BuiltIn">
<msg time="2024-07-31T04:14:59.709041" level="INFO">{'results': [{'gender': 'female', 'name': {'title': 'Ms', 'first': 'Corina', 'last': 'Szymanski'}, 'location': {'street': {'number': 5071, 'name': 'Mühlenweg'}, 'city': 'Kusel', 'state': 'Berlin', 'country': 'Germany', 'postcode': 41736, 'coordinates': {'latitude': '-48.3285', 'longitude': '159.9945'}, 'timezone': {'offset': '-5:00', 'description': 'Eastern Time (US &amp; Canada), Bogota, Lima'}}, 'email': 'corina.szymanski@example.com', 'login': {'uuid': '3ec48b72-5d0c-43ab-802d-a421c3ffcd50', 'username': 'ticklishmouse356', 'password': 'blackdog', 'salt': 'YaWpQSGa', 'md5': '33d5d79ef4569eed793066374b42155f', 'sha1': '40e0f24b0848015a47fd8448ae93ebddb713bee5', 'sha256': '2e6ace5c7758b1e18ff90979e6f55d7b71886f2e4f1d0264224803c96993049d'}, 'dob': {'date': '1953-04-24T12:57:05.592Z', 'age': 71}, 'registered': {'date': '2003-08-28T15:45:30.906Z', 'age': 20}, 'phone': '0199-7830764', 'cell': '0177-6275416', 'id': {'name': 'SVNR', 'value': '89 240453 S 675'}, 'picture': {'large': 'https://randomuser.me/api/portraits/women/74.jpg', 'medium': 'https://randomuser.me/api/portraits/med/women/74.jpg', 'thumbnail': 'https://randomuser.me/api/portraits/thumb/women/74.jpg'}, 'nat': 'DE'}], 'info': {'seed': '12d102036a63873c', 'results': 1, 'page': 1, 'version': '1.4'}}</msg>
<arg>${json_data}</arg>
<doc>Logs the given message with the given level.</doc>
<status status="PASS" start="2024-07-31T04:14:59.708878" elapsed="0.000226"/>
</kw>
<kw name="Dictionary Should Contain Key" owner="Collections">
<arg>${json_data}</arg>
<arg>results</arg>
<doc>Fails if ``key`` is not found from ``dictionary``.</doc>
<status status="PASS" start="2024-07-31T04:14:59.709400" elapsed="0.000158"/>
</kw>
<kw name="Should Not Be Empty" owner="BuiltIn">
<msg time="2024-07-31T04:14:59.709872" level="INFO">Length is 2.</msg>
<arg>${json_data}</arg>
<doc>Verifies that the given item is not empty.</doc>
<status status="PASS" start="2024-07-31T04:14:59.709744" elapsed="0.000166"/>
</kw>
<kw name="Create List" owner="BuiltIn">
<msg time="2024-07-31T04:14:59.710409" level="INFO">${expected_keys} = ['gender', 'name', 'location', 'email', 'login']</msg>
<var>${expected_keys}</var>
<arg>gender</arg>
<arg>name</arg>
<arg>location</arg>
<arg>email</arg>
<arg>login</arg>
<doc>Returns a list containing given items.</doc>
<status status="PASS" start="2024-07-31T04:14:59.710250" elapsed="0.000184"/>
</kw>
<for flavor="IN">
<iter>
<kw name="Dictionary Should Contain Key" owner="Collections">
<arg>${json_data['results'][0]}</arg>
<arg>${key}</arg>
<doc>Fails if ``key`` is not found from ``dictionary``.</doc>
<status status="PASS" start="2024-07-31T04:14:59.710988" elapsed="0.000411"/>
</kw>
<kw name="Log" owner="BuiltIn">
<msg time="2024-07-31T04:14:59.711951" level="INFO">{'gender': 'female', 'name': {'title': 'Ms', 'first': 'Corina', 'last': 'Szymanski'}, 'location': {'street': {'number': 5071, 'name': 'Mühlenweg'}, 'city': 'Kusel', 'state': 'Berlin', 'country': 'Germany', 'postcode': 41736, 'coordinates': {'latitude': '-48.3285', 'longitude': '159.9945'}, 'timezone': {'offset': '-5:00', 'description': 'Eastern Time (US &amp; Canada), Bogota, Lima'}}, 'email': 'corina.szymanski@example.com', 'login': {'uuid': '3ec48b72-5d0c-43ab-802d-a421c3ffcd50', 'username': 'ticklishmouse356', 'password': 'blackdog', 'salt': 'YaWpQSGa', 'md5': '33d5d79ef4569eed793066374b42155f', 'sha1': '40e0f24b0848015a47fd8448ae93ebddb713bee5', 'sha256': '2e6ace5c7758b1e18ff90979e6f55d7b71886f2e4f1d0264224803c96993049d'}, 'dob': {'date': '1953-04-24T12:57:05.592Z', 'age': 71}, 'registered': {'date': '2003-08-28T15:45:30.906Z', 'age': 20}, 'phone': '0199-7830764', 'cell': '0177-6275416', 'id': {'name': 'SVNR', 'value': '89 240453 S 675'}, 'picture': {'large': 'https://randomuser.me/api/portraits/women/74.jpg', 'medium': 'https://randomuser.me/api/portraits/med/women/74.jpg', 'thumbnail': 'https://randomuser.me/api/portraits/thumb/women/74.jpg'}, 'nat': 'DE'}</msg>
<arg>${json_data['results'][0]}</arg>
<doc>Logs the given message with the given level.</doc>
<status status="PASS" start="2024-07-31T04:14:59.711586" elapsed="0.000419"/>
</kw>
<kw name="Log" owner="BuiltIn">
<msg time="2024-07-31T04:14:59.712434" level="INFO">gender</msg>
<arg>${key}</arg>
<doc>Logs the given message with the given level.</doc>
<status status="PASS" start="2024-07-31T04:14:59.712305" elapsed="0.000167"/>
</kw>
<var name="${key}">gender</var>
<status status="PASS" start="2024-07-31T04:14:59.710862" elapsed="0.001829"/>
</iter>
<iter>
<kw name="Dictionary Should Contain Key" owner="Collections">
<arg>${json_data['results'][0]}</arg>
<arg>${key}</arg>
<doc>Fails if ``key`` is not found from ``dictionary``.</doc>
<status status="PASS" start="2024-07-31T04:14:59.712984" elapsed="0.000384"/>
</kw>
<kw name="Log" owner="BuiltIn">
<msg time="2024-07-31T04:14:59.713945" level="INFO">{'gender': 'female', 'name': {'title': 'Ms', 'first': 'Corina', 'last': 'Szymanski'}, 'location': {'street': {'number': 5071, 'name': 'Mühlenweg'}, 'city': 'Kusel', 'state': 'Berlin', 'country': 'Germany', 'postcode': 41736, 'coordinates': {'latitude': '-48.3285', 'longitude': '159.9945'}, 'timezone': {'offset': '-5:00', 'description': 'Eastern Time (US &amp; Canada), Bogota, Lima'}}, 'email': 'corina.szymanski@example.com', 'login': {'uuid': '3ec48b72-5d0c-43ab-802d-a421c3ffcd50', 'username': 'ticklishmouse356', 'password': 'blackdog', 'salt': 'YaWpQSGa', 'md5': '33d5d79ef4569eed793066374b42155f', 'sha1': '40e0f24b0848015a47fd8448ae93ebddb713bee5', 'sha256': '2e6ace5c7758b1e18ff90979e6f55d7b71886f2e4f1d0264224803c96993049d'}, 'dob': {'date': '1953-04-24T12:57:05.592Z', 'age': 71}, 'registered': {'date': '2003-08-28T15:45:30.906Z', 'age': 20}, 'phone': '0199-7830764', 'cell': '0177-6275416', 'id': {'name': 'SVNR', 'value': '89 240453 S 675'}, 'picture': {'large': 'https://randomuser.me/api/portraits/women/74.jpg', 'medium': 'https://randomuser.me/api/portraits/med/women/74.jpg', 'thumbnail': 'https://randomuser.me/api/portraits/thumb/women/74.jpg'}, 'nat': 'DE'}</msg>
<arg>${json_data['results'][0]}</arg>
<doc>Logs the given message with the given level.</doc>
<status status="PASS" start="2024-07-31T04:14:59.713549" elapsed="0.000468"/>
</kw>
<kw name="Log" owner="BuiltIn">
<msg time="2024-07-31T04:14:59.714452" level="INFO">name</msg>
<arg>${key}</arg>
<doc>Logs the given message with the given level.</doc>
<status status="PASS" start="2024-07-31T04:14:59.714325" elapsed="0.000166"/>
</kw>
<var name="${key}">name</var>
<status status="PASS" start="2024-07-31T04:14:59.712873" elapsed="0.001838"/>
</iter>
<iter>
<kw name="Dictionary Should Contain Key" owner="Collections">
<arg>${json_data['results'][0]}</arg>
<arg>${key}</arg>
<doc>Fails if ``key`` is not found from ``dictionary``.</doc>
<status status="PASS" start="2024-07-31T04:14:59.714995" elapsed="0.000384"/>
</kw>
<kw name="Log" owner="BuiltIn">
<msg time="2024-07-31T04:14:59.715919" level="INFO">{'gender': 'female', 'name': {'title': 'Ms', 'first': 'Corina', 'last': 'Szymanski'}, 'location': {'street': {'number': 5071, 'name': 'Mühlenweg'}, 'city': 'Kusel', 'state': 'Berlin', 'country': 'Germany', 'postcode': 41736, 'coordinates': {'latitude': '-48.3285', 'longitude': '159.9945'}, 'timezone': {'offset': '-5:00', 'description': 'Eastern Time (US &amp; Canada), Bogota, Lima'}}, 'email': 'corina.szymanski@example.com', 'login': {'uuid': '3ec48b72-5d0c-43ab-802d-a421c3ffcd50', 'username': 'ticklishmouse356', 'password': 'blackdog', 'salt': 'YaWpQSGa', 'md5': '33d5d79ef4569eed793066374b42155f', 'sha1': '40e0f24b0848015a47fd8448ae93ebddb713bee5', 'sha256': '2e6ace5c7758b1e18ff90979e6f55d7b71886f2e4f1d0264224803c96993049d'}, 'dob': {'date': '1953-04-24T12:57:05.592Z', 'age': 71}, 'registered': {'date': '2003-08-28T15:45:30.906Z', 'age': 20}, 'phone': '0199-7830764', 'cell': '0177-6275416', 'id': {'name': 'SVNR', 'value': '89 240453 S 675'}, 'picture': {'large': 'https://randomuser.me/api/portraits/women/74.jpg', 'medium': 'https://randomuser.me/api/portraits/med/women/74.jpg', 'thumbnail': 'https://randomuser.me/api/portraits/thumb/women/74.jpg'}, 'nat': 'DE'}</msg>
<arg>${json_data['results'][0]}</arg>
<doc>Logs the given message with the given level.</doc>
<status status="PASS" start="2024-07-31T04:14:59.715567" elapsed="0.000404"/>
</kw>
<kw name="Log" owner="BuiltIn">
<msg time="2024-07-31T04:14:59.716393" level="INFO">location</msg>
<arg>${key}</arg>
<doc>Logs the given message with the given level.</doc>
<status status="PASS" start="2024-07-31T04:14:59.716267" elapsed="0.000163"/>
</kw>
<var name="${key}">location</var>
<status status="PASS" start="2024-07-31T04:14:59.714887" elapsed="0.001760"/>
</iter>
<iter>
<kw name="Dictionary Should Contain Key" owner="Collections">
<arg>${json_data['results'][0]}</arg>
<arg>${key}</arg>
<doc>Fails if ``key`` is not found from ``dictionary``.</doc>
<status status="PASS" start="2024-07-31T04:14:59.716925" elapsed="0.000383"/>
</kw>
<kw name="Log" owner="BuiltIn">
<msg time="2024-07-31T04:14:59.717956" level="INFO">{'gender': 'female', 'name': {'title': 'Ms', 'first': 'Corina', 'last': 'Szymanski'}, 'location': {'street': {'number': 5071, 'name': 'Mühlenweg'}, 'city': 'Kusel', 'state': 'Berlin', 'country': 'Germany', 'postcode': 41736, 'coordinates': {'latitude': '-48.3285', 'longitude': '159.9945'}, 'timezone': {'offset': '-5:00', 'description': 'Eastern Time (US &amp; Canada), Bogota, Lima'}}, 'email': 'corina.szymanski@example.com', 'login': {'uuid': '3ec48b72-5d0c-43ab-802d-a421c3ffcd50', 'username': 'ticklishmouse356', 'password': 'blackdog', 'salt': 'YaWpQSGa', 'md5': '33d5d79ef4569eed793066374b42155f', 'sha1': '40e0f24b0848015a47fd8448ae93ebddb713bee5', 'sha256': '2e6ace5c7758b1e18ff90979e6f55d7b71886f2e4f1d0264224803c96993049d'}, 'dob': {'date': '1953-04-24T12:57:05.592Z', 'age': 71}, 'registered': {'date': '2003-08-28T15:45:30.906Z', 'age': 20}, 'phone': '0199-7830764', 'cell': '0177-6275416', 'id': {'name': 'SVNR', 'value': '89 240453 S 675'}, 'picture': {'large': 'https://randomuser.me/api/portraits/women/74.jpg', 'medium': 'https://randomuser.me/api/portraits/med/women/74.jpg', 'thumbnail': 'https://randomuser.me/api/portraits/thumb/women/74.jpg'}, 'nat': 'DE'}</msg>
<arg>${json_data['results'][0]}</arg>
<doc>Logs the given message with the given level.</doc>
<status status="PASS" start="2024-07-31T04:14:59.717599" elapsed="0.000451"/>
</kw>
<kw name="Log" owner="BuiltIn">
<msg time="2024-07-31T04:14:59.718490" level="INFO">email</msg>
<arg>${key}</arg>
<doc>Logs the given message with the given level.</doc>
<status status="PASS" start="2024-07-31T04:14:59.718361" elapsed="0.000168"/>
</kw>
<var name="${key}">email</var>
<status status="PASS" start="2024-07-31T04:14:59.716817" elapsed="0.001928"/>
</iter>
<iter>
<kw name="Dictionary Should Contain Key" owner="Collections">
<arg>${json_data['results'][0]}</arg>
<arg>${key}</arg>
<doc>Fails if ``key`` is not found from ``dictionary``.</doc>
<status status="PASS" start="2024-07-31T04:14:59.719025" elapsed="0.000377"/>
</kw>
<kw name="Log" owner="BuiltIn">
<msg time="2024-07-31T04:14:59.719932" level="INFO">{'gender': 'female', 'name': {'title': 'Ms', 'first': 'Corina', 'last': 'Szymanski'}, 'location': {'street': {'number': 5071, 'name': 'Mühlenweg'}, 'city': 'Kusel', 'state': 'Berlin', 'country': 'Germany', 'postcode': 41736, 'coordinates': {'latitude': '-48.3285', 'longitude': '159.9945'}, 'timezone': {'offset': '-5:00', 'description': 'Eastern Time (US &amp; Canada), Bogota, Lima'}}, 'email': 'corina.szymanski@example.com', 'login': {'uuid': '3ec48b72-5d0c-43ab-802d-a421c3ffcd50', 'username': 'ticklishmouse356', 'password': 'blackdog', 'salt': 'YaWpQSGa', 'md5': '33d5d79ef4569eed793066374b42155f', 'sha1': '40e0f24b0848015a47fd8448ae93ebddb713bee5', 'sha256': '2e6ace5c7758b1e18ff90979e6f55d7b71886f2e4f1d0264224803c96993049d'}, 'dob': {'date': '1953-04-24T12:57:05.592Z', 'age': 71}, 'registered': {'date': '2003-08-28T15:45:30.906Z', 'age': 20}, 'phone': '0199-7830764', 'cell': '0177-6275416', 'id': {'name': 'SVNR', 'value': '89 240453 S 675'}, 'picture': {'large': 'https://randomuser.me/api/portraits/women/74.jpg', 'medium': 'https://randomuser.me/api/portraits/med/women/74.jpg', 'thumbnail': 'https://randomuser.me/api/portraits/thumb/women/74.jpg'}, 'nat': 'DE'}</msg>
<arg>${json_data['results'][0]}</arg>
<doc>Logs the given message with the given level.</doc>
<status status="PASS" start="2024-07-31T04:14:59.719583" elapsed="0.000400"/>
</kw>
<kw name="Log" owner="BuiltIn">
<msg time="2024-07-31T04:14:59.720400" level="INFO">login</msg>
<arg>${key}</arg>
<doc>Logs the given message with the given level.</doc>
<status status="PASS" start="2024-07-31T04:14:59.720273" elapsed="0.000163"/>
</kw>
<var name="${key}">login</var>
<status status="PASS" start="2024-07-31T04:14:59.718917" elapsed="0.001731"/>
</iter>
<var>${key}</var>
<value>@{expected_keys}</value>
<status status="PASS" start="2024-07-31T04:14:59.710690" elapsed="0.010143"/>
</for>
<kw name="Create List" owner="BuiltIn">
<msg time="2024-07-31T04:14:59.721256" level="INFO">${expected_keysTwo} = ['username', 'password']</msg>
<var>${expected_keysTwo}</var>
<arg>username</arg>
<arg>password</arg>
<doc>Returns a list containing given items.</doc>
<status status="PASS" start="2024-07-31T04:14:59.721110" elapsed="0.000170"/>
</kw>
<for flavor="IN">
<iter>
<kw name="Dictionary Should Contain Key" owner="Collections">
<arg>${json_data['results'][0]['login']}</arg>
<arg>${keyTwo}</arg>
<doc>Fails if ``key`` is not found from ``dictionary``.</doc>
<status status="PASS" start="2024-07-31T04:14:59.721809" elapsed="0.000410"/>
</kw>
<kw name="Dictionary Should Contain Key" owner="Collections">
<arg>${json_data['results'][0]['login']}</arg>
<arg>${keyTwo}</arg>
<doc>Fails if ``key`` is not found from ``dictionary``.</doc>
<status status="PASS" start="2024-07-31T04:14:59.722399" elapsed="0.000379"/>
</kw>
<kw name="Log" owner="BuiltIn">
<msg time="2024-07-31T04:14:59.723073" level="INFO">username</msg>
<arg>${keyTwo}</arg>
<doc>Logs the given message with the given level.</doc>
<status status="PASS" start="2024-07-31T04:14:59.722955" elapsed="0.000155"/>
</kw>
<var name="${keyTwo}">username</var>
<status status="PASS" start="2024-07-31T04:14:59.721700" elapsed="0.001630"/>
</iter>
<iter>
<kw name="Dictionary Should Contain Key" owner="Collections">
<arg>${json_data['results'][0]['login']}</arg>
<arg>${keyTwo}</arg>
<doc>Fails if ``key`` is not found from ``dictionary``.</doc>
<status status="PASS" start="2024-07-31T04:14:59.723612" elapsed="0.000585"/>
</kw>
<kw name="Dictionary Should Contain Key" owner="Collections">
<arg>${json_data['results'][0]['login']}</arg>
<arg>${keyTwo}</arg>
<doc>Fails if ``key`` is not found from ``dictionary``.</doc>
<status status="PASS" start="2024-07-31T04:14:59.724514" elapsed="0.000633"/>
</kw>
<kw name="Log" owner="BuiltIn">
<msg time="2024-07-31T04:14:59.725628" level="INFO">password</msg>
<arg>${keyTwo}</arg>
<doc>Logs the given message with the given level.</doc>
<status status="PASS" start="2024-07-31T04:14:59.725429" elapsed="0.000270"/>
</kw>
<var name="${keyTwo}">password</var>
<status status="PASS" start="2024-07-31T04:14:59.723501" elapsed="0.002572"/>
</iter>
<var>${keyTwo}</var>
<value>@{expected_keysTwo}</value>
<status status="PASS" start="2024-07-31T04:14:59.721531" elapsed="0.004748"/>
</for>
<status status="PASS" start="2024-07-31T04:14:59.612564" elapsed="0.113965"/>
</kw>
<doc>Testa a estrutura da resposta da API.</doc>
<tag>testeEstruturaResposta</tag>
<status status="PASS" start="2024-07-31T04:14:59.611911" elapsed="0.114886"/>
</test>
<test id="s1-s1-t4" name="Validar tipos de dados" line="28">
<kw name="Teste de Tipos de Dados" owner="random-user-service">
<kw name="GET On Session" owner="RequestsLibrary">
<msg time="2024-07-31T04:14:59.827758" level="INFO">GET Request : url=https://randomuser.me/api 
 path_url=/api 
 headers={'User-Agent': 'python-requests/2.32.3', 'Accept-Encoding': 'gzip, deflate', 'Accept': '*/*', 'Connection': 'keep-alive'} 
 body=None 
 </msg>
<msg time="2024-07-31T04:14:59.827842" level="INFO">GET Response : url=https://randomuser.me/api 
 status=200, reason=OK 
 headers={'Date': 'Wed, 31 Jul 2024 04:14:59 GMT', 'Content-Type': 'application/json; charset=utf-8', 'Transfer-Encoding': 'chunked', 'Connection': 'keep-alive', 'X-Powered-By': 'Express', 'Access-Control-Allow-Origin': '*', 'Cache-Control': 'no-cache', 'ETag': 'W/"4b5-fpb/YG04m0+Vrs65ieiCiHRV8Vo"', 'Vary': 'Accept-Encoding', 'Content-Encoding': 'gzip', 'CF-Cache-Status': 'DYNAMIC', 'Report-To': '{"endpoints":[{"url":"https:\\/\\/a.nel.cloudflare.com\\/report\\/v4?s=Z4PDFgKAvucO%2FTrbHcDmepYpSFFhIaVW8I%2BM%2Ftun%2BZEuJM390FNKjfaVuyq2IvLQTAiydzLtlcQRwE3JS0Clpyn5tB2V81OZM2Jyh%2BRk06NSyoBgbi6cMosFtTPJtvzS"}],"group":"cf-nel","max_age":604800}', 'NEL': '{"success_fraction":0,"report_to":"cf-nel","max_age":604800}', 'Server': 'cloudflare', 'CF-RAY': '8abac3c75de4ce3c-SJC', 'alt-svc': 'h3=":443"; ma=86400'} 
 body={"results":[{"gender":"female","name":{"title":"Ms","first":"Ava","last":"Francois"},"location":{"street":{"number":7873,"name":"Avenue Tony-Garnier"},"city":"Champigny-sur-Marne","state":"Eure-et-Loir","country":"France","postcode":52789,"coordinates":{"latitude":"-16.5755","longitude":"79.0829"},"timezone":{"offset":"-5:00","description":"Eastern Time (US &amp; Canada), Bogota, Lima"}},"email":"ava.francois@example.com","login":{"uuid":"25f3c134-7f33-410a-8a4d-0558a6d29559","username":"smallbird437","password":"crusty","salt":"9pmgdOdP","md5":"c594dc6d46a4566fde973fc5c8324411","sha1":"69756b7f11bbdb39ca95d04c3e5459c09c9986fe","sha256":"63cfd9c2babfe9facccc8ae2bc673ccbbf16a5bacabd5b40be02096a9c6b2191"},"dob":{"date":"1962-09-29T02:44:42.128Z","age":61},"registered":{"date":"2013-03-13T12:46:50.200Z","age":11},"phone":"03-81-53-35-29","cell":"06-10-12-02-48","id":{"name":"INSEE","value":"2620858645231 93"},"picture":{"large":"https://randomuser.me/api/portraits/women/61.jpg","medium":"https://randomuser.me/api/portraits/med/women/61.jpg","thumbnail":"https://randomuser.me/api/portraits/thumb/women/61.jpg"},"nat":"FR"}],"info":{"seed":"c67a364fb27c23e4","results":1,"page":1,"version":"1.4"}} 
 </msg>
<msg time="2024-07-31T04:14:59.827915" level="INFO">/opt/hostedtoolcache/Python/3.12.4/x64/lib/python3.12/site-packages/urllib3/connectionpool.py:1099: InsecureRequestWarning: Unverified HTTPS request is being made to host 'randomuser.me'. Adding certificate verification is strongly advised. See: https://urllib3.readthedocs.io/en/latest/advanced-usage.html#tls-warnings
  warnings.warn(</msg>
<msg time="2024-07-31T04:14:59.828004" level="INFO">${response} = &lt;Response [200]&gt;</msg>
<var>${response}</var>
<arg>consultarAPI</arg>
<arg>/api</arg>
<doc>Sends a GET request on a previously created HTTP Session.</doc>
<status status="PASS" start="2024-07-31T04:14:59.730919" elapsed="0.097127"/>
</kw>
<kw name="Set Variable" owner="BuiltIn">
<msg time="2024-07-31T04:14:59.828986" level="INFO">${json_data} = {'results': [{'gender': 'female', 'name': {'title': 'Ms', 'first': 'Ava', 'last': 'Francois'}, 'location': {'street': {'number': 7873, 'name': 'Avenue Tony-Garnier'}, 'city': 'Champigny-sur-Marne', 's...</msg>
<var>${json_data}</var>
<arg>${response.json()}</arg>
<doc>Returns the given values which can then be assigned to a variables.</doc>
<status status="PASS" start="2024-07-31T04:14:59.828495" elapsed="0.000521"/>
</kw>
<kw name="Log" owner="BuiltIn">
<msg time="2024-07-31T04:14:59.829488" level="INFO">{'results': [{'gender': 'female', 'name': {'title': 'Ms', 'first': 'Ava', 'last': 'Francois'}, 'location': {'street': {'number': 7873, 'name': 'Avenue Tony-Garnier'}, 'city': 'Champigny-sur-Marne', 'state': 'Eure-et-Loir', 'country': 'France', 'postcode': 52789, 'coordinates': {'latitude': '-16.5755', 'longitude': '79.0829'}, 'timezone': {'offset': '-5:00', 'description': 'Eastern Time (US &amp; Canada), Bogota, Lima'}}, 'email': 'ava.francois@example.com', 'login': {'uuid': '25f3c134-7f33-410a-8a4d-0558a6d29559', 'username': 'smallbird437', 'password': 'crusty', 'salt': '9pmgdOdP', 'md5': 'c594dc6d46a4566fde973fc5c8324411', 'sha1': '69756b7f11bbdb39ca95d04c3e5459c09c9986fe', 'sha256': '63cfd9c2babfe9facccc8ae2bc673ccbbf16a5bacabd5b40be02096a9c6b2191'}, 'dob': {'date': '1962-09-29T02:44:42.128Z', 'age': 61}, 'registered': {'date': '2013-03-13T12:46:50.200Z', 'age': 11}, 'phone': '03-81-53-35-29', 'cell': '06-10-12-02-48', 'id': {'name': 'INSEE', 'value': '2620858645231 93'}, 'picture': {'large': 'https://randomuser.me/api/portraits/women/61.jpg', 'medium': 'https://randomuser.me/api/portraits/med/women/61.jpg', 'thumbnail': 'https://randomuser.me/api/portraits/thumb/women/61.jpg'}, 'nat': 'FR'}], 'info': {'seed': 'c67a364fb27c23e4', 'results': 1, 'page': 1, 'version': '1.4'}}</msg>
<arg>${json_data}</arg>
<doc>Logs the given message with the given level.</doc>
<status status="PASS" start="2024-07-31T04:14:59.829327" elapsed="0.000211"/>
</kw>
<kw name="Should Be String" owner="String">
<arg>${json_data['results'][0]['gender']}</arg>
<doc>Fails if the given ``item`` is not a string.</doc>
<status status="PASS" start="2024-07-31T04:14:59.829834" elapsed="0.000416"/>
</kw>
<kw name="Should Match Regexp" owner="BuiltIn">
<arg>${json_data['results'][0]['email']}</arg>
<arg>^[a-zA-Z0-9._%+-]+@[a-zA-Z0-9.-]+\.[a-zA-Z]{2,}$</arg>
<doc>Fails if ``string`` does not match ``pattern`` as a regular expression.</doc>
<status status="PASS" start="2024-07-31T04:14:59.830476" elapsed="0.000511"/>
</kw>
<kw name="Should Match Regexp" owner="BuiltIn">
<arg>${json_data['results'][0]['dob']['date']}</arg>
<arg>\\d{4}-\\d{2}-\\d{2}T\\d{2}:\\d{2}:\\d{2}\\.\\d{3}Z</arg>
<doc>Fails if ``string`` does not match ``pattern`` as a regular expression.</doc>
<status status="PASS" start="2024-07-31T04:14:59.831186" elapsed="0.000604"/>
</kw>
<kw name="Should Match Regexp" owner="BuiltIn">
<arg>${json_data['results'][0]['registered']['date']}</arg>
<arg>\\d{4}-\\d{2}-\\d{2}T\\d{2}:\\d{2}:\\d{2}\\.\\d{3}Z</arg>
<doc>Fails if ``string`` does not match ``pattern`` as a regular expression.</doc>
<status status="PASS" start="2024-07-31T04:14:59.831987" elapsed="0.000372"/>
</kw>
<kw name="Should Match Regexp" owner="BuiltIn">
<arg>${json_data['results'][0]['picture']['large']}</arg>
<arg>^https?://.*\.(?:png|jpe?g|gif|bmp)$</arg>
<doc>Fails if ``string`` does not match ``pattern`` as a regular expression.</doc>
<status status="PASS" start="2024-07-31T04:14:59.832545" elapsed="0.000456"/>
</kw>
<kw name="Should Match Regexp" owner="BuiltIn">
<arg>${json_data['results'][0]['picture']['medium']}</arg>
<arg>^https?://.*\.(?:png|jpe?g|gif|bmp)$</arg>
<doc>Fails if ``string`` does not match ``pattern`` as a regular expression.</doc>
<status status="PASS" start="2024-07-31T04:14:59.833191" elapsed="0.000355"/>
</kw>
<kw name="Should Match Regexp" owner="BuiltIn">
<arg>${json_data['results'][0]['picture']['thumbnail']}</arg>
<arg>^https?://.*\.(?:png|jpe?g|gif|bmp)$</arg>
<doc>Fails if ``string`` does not match ``pattern`` as a regular expression.</doc>
<status status="PASS" start="2024-07-31T04:14:59.833731" elapsed="0.000380"/>
</kw>
<kw name="Log" owner="BuiltIn">
<msg time="2024-07-31T04:14:59.834619" level="INFO">{'large': 'https://randomuser.me/api/portraits/women/61.jpg', 'medium': 'https://randomuser.me/api/portraits/med/women/61.jpg', 'thumbnail': 'https://randomuser.me/api/portraits/thumb/women/61.jpg'}</msg>
<arg>${json_data['results'][0]['picture']}</arg>
<doc>Logs the given message with the given level.</doc>
<status status="PASS" start="2024-07-31T04:14:59.834295" elapsed="0.000367"/>
</kw>
<status status="PASS" start="2024-07-31T04:14:59.730571" elapsed="0.104345"/>
</kw>
<kw name="Teste de Tipos de Dados - Postcode" owner="random-user-service">
<kw name="GET On Session" owner="RequestsLibrary">
<msg time="2024-07-31T04:14:59.960730" level="INFO">GET Request : url=https://randomuser.me/api 
 path_url=/api 
 headers={'User-Agent': 'python-requests/2.32.3', 'Accept-Encoding': 'gzip, deflate', 'Accept': '*/*', 'Connection': 'keep-alive'} 
 body=None 
 </msg>
<msg time="2024-07-31T04:14:59.960815" level="INFO">GET Response : url=https://randomuser.me/api 
 status=200, reason=OK 
 headers={'Date': 'Wed, 31 Jul 2024 04:14:59 GMT', 'Content-Type': 'application/json; charset=utf-8', 'Transfer-Encoding': 'chunked', 'Connection': 'keep-alive', 'X-Powered-By': 'Express', 'Access-Control-Allow-Origin': '*', 'Cache-Control': 'no-cache', 'ETag': 'W/"462-wLOAYTaRTDHeG5XLbiUiN0pdmeg"', 'Vary': 'Accept-Encoding', 'Content-Encoding': 'gzip', 'CF-Cache-Status': 'DYNAMIC', 'Report-To': '{"endpoints":[{"url":"https:\\/\\/a.nel.cloudflare.com\\/report\\/v4?s=uzG%2B6p%2BPUjAhwmdycDlOITJmaVgaRWqYmVVf8IDLXqa8HECV09bw0mBBuBI0JDBkkk5bRBrAnMEcvxFBAy417C6sYdV7z6DFq8HBcvA5tvMp5ckSJE8V5W1JWXvn3l1n"}],"group":"cf-nel","max_age":604800}', 'NEL': '{"success_fraction":0,"report_to":"cf-nel","max_age":604800}', 'Server': 'cloudflare', 'CF-RAY': '8abac3c7fe77ce3c-SJC', 'alt-svc': 'h3=":443"; ma=86400'} 
 body={"results":[{"gender":"male","name":{"title":"Mr","first":"Eli","last":"Chen"},"location":{"street":{"number":1754,"name":"Ahuriri Bypass"},"city":"Masterton","state":"Otago","country":"New Zealand","postcode":38335,"coordinates":{"latitude":"47.1771","longitude":"-140.9735"},"timezone":{"offset":"+3:30","description":"Tehran"}},"email":"eli.chen@example.com","login":{"uuid":"40920795-a4b9-4183-a6c1-61a6514a3667","username":"silverbird441","password":"hamilton","salt":"NtTLgFni","md5":"28df0a699ea98ceae09fb6aff76120f6","sha1":"7aea553d88394c0db2b2bb5ede3bf5bbbaf4d0ac","sha256":"364fc92c260cf5593267e4a508da37fadd9f424400b8182accaf2a68c49c80aa"},"dob":{"date":"1949-07-01T10:53:11.885Z","age":75},"registered":{"date":"2015-11-06T10:21:16.721Z","age":8},"phone":"(312)-624-4457","cell":"(060)-760-0044","id":{"name":"","value":null},"picture":{"large":"https://randomuser.me/api/portraits/men/43.jpg","medium":"https://randomuser.me/api/portraits/med/men/43.jpg","thumbnail":"https://randomuser.me/api/portraits/thumb/men/43.jpg"},"nat":"NZ"}],"info":{"seed":"1266ac3a13a25463","results":1,"page":1,"version":"1.4"}} 
 </msg>
<msg time="2024-07-31T04:14:59.960886" level="INFO">/opt/hostedtoolcache/Python/3.12.4/x64/lib/python3.12/site-packages/urllib3/connectionpool.py:1099: InsecureRequestWarning: Unverified HTTPS request is being made to host 'randomuser.me'. Adding certificate verification is strongly advised. See: https://urllib3.readthedocs.io/en/latest/advanced-usage.html#tls-warnings
  warnings.warn(</msg>
<msg time="2024-07-31T04:14:59.961004" level="INFO">${response} = &lt;Response [200]&gt;</msg>
<var>${response}</var>
<arg>consultarAPI</arg>
<arg>/api</arg>
<doc>Sends a GET request on a previously created HTTP Session.</doc>
<status status="PASS" start="2024-07-31T04:14:59.835335" elapsed="0.125724"/>
</kw>
<kw name="Set Variable" owner="BuiltIn">
<msg time="2024-07-31T04:14:59.962052" level="INFO">${json_data} = {'results': [{'gender': 'male', 'name': {'title': 'Mr', 'first': 'Eli', 'last': 'Chen'}, 'location': {'street': {'number': 1754, 'name': 'Ahuriri Bypass'}, 'city': 'Masterton', 'state': 'Otago', 'coun...</msg>
<var>${json_data}</var>
<arg>${response.json()}</arg>
<doc>Returns the given values which can then be assigned to a variables.</doc>
<status status="PASS" start="2024-07-31T04:14:59.961531" elapsed="0.000553"/>
</kw>
<kw name="Log" owner="BuiltIn">
<msg time="2024-07-31T04:14:59.962552" level="INFO">{'results': [{'gender': 'male', 'name': {'title': 'Mr', 'first': 'Eli', 'last': 'Chen'}, 'location': {'street': {'number': 1754, 'name': 'Ahuriri Bypass'}, 'city': 'Masterton', 'state': 'Otago', 'country': 'New Zealand', 'postcode': 38335, 'coordinates': {'latitude': '47.1771', 'longitude': '-140.9735'}, 'timezone': {'offset': '+3:30', 'description': 'Tehran'}}, 'email': 'eli.chen@example.com', 'login': {'uuid': '40920795-a4b9-4183-a6c1-61a6514a3667', 'username': 'silverbird441', 'password': 'hamilton', 'salt': 'NtTLgFni', 'md5': '28df0a699ea98ceae09fb6aff76120f6', 'sha1': '7aea553d88394c0db2b2bb5ede3bf5bbbaf4d0ac', 'sha256': '364fc92c260cf5593267e4a508da37fadd9f424400b8182accaf2a68c49c80aa'}, 'dob': {'date': '1949-07-01T10:53:11.885Z', 'age': 75}, 'registered': {'date': '2015-11-06T10:21:16.721Z', 'age': 8}, 'phone': '(312)-624-4457', 'cell': '(060)-760-0044', 'id': {'name': '', 'value': None}, 'picture': {'large': 'https://randomuser.me/api/portraits/men/43.jpg', 'medium': 'https://randomuser.me/api/portraits/med/men/43.jpg', 'thumbnail': 'https://randomuser.me/api/portraits/thumb/men/43.jpg'}, 'nat': 'NZ'}], 'info': {'seed': '1266ac3a13a25463', 'results': 1, 'page': 1, 'version': '1.4'}}</msg>
<arg>${json_data}</arg>
<doc>Logs the given message with the given level.</doc>
<status status="PASS" start="2024-07-31T04:14:59.962397" elapsed="0.000202"/>
</kw>
<kw name="Should Be Equal As Numbers" owner="BuiltIn">
<arg>${json_data['results'][0]['location']['postcode']}</arg>
<arg>${json_data['results'][0]['location']['postcode']}</arg>
<doc>Fails if objects are unequal after converting them to real numbers.</doc>
<status status="PASS" start="2024-07-31T04:14:59.962900" elapsed="0.000631"/>
</kw>
<kw name="Log" owner="BuiltIn">
<msg time="2024-07-31T04:14:59.964103" level="INFO">38335</msg>
<arg>${json_data['results'][0]['location']['postcode']}</arg>
<doc>Logs the given message with the given level.</doc>
<status status="PASS" start="2024-07-31T04:14:59.963757" elapsed="0.000389"/>
</kw>
<status status="PASS" start="2024-07-31T04:14:59.835121" elapsed="0.129282"/>
</kw>
<doc>Testa se os tipos de dados na resposta da API estão corretos.</doc>
<tag>testeTiposDados</tag>
<status status="PASS" start="2024-07-31T04:14:59.729895" elapsed="0.234669"/>
</test>
<test id="s1-s1-t5" name="Validar conteudo" line="35">
<kw name="Teste de Tipos de Conteudo" owner="random-user-service">
<kw name="GET On Session" owner="RequestsLibrary">
<msg time="2024-07-31T04:15:00.066439" level="INFO">GET Request : url=https://randomuser.me/api 
 path_url=/api 
 headers={'User-Agent': 'python-requests/2.32.3', 'Accept-Encoding': 'gzip, deflate', 'Accept': '*/*', 'Connection': 'keep-alive'} 
 body=None 
 </msg>
<msg time="2024-07-31T04:15:00.066501" level="INFO">GET Response : url=https://randomuser.me/api 
 status=200, reason=OK 
 headers={'Date': 'Wed, 31 Jul 2024 04:15:00 GMT', 'Content-Type': 'application/json; charset=utf-8', 'Transfer-Encoding': 'chunked', 'Connection': 'keep-alive', 'X-Powered-By': 'Express', 'Access-Control-Allow-Origin': '*', 'Cache-Control': 'no-cache', 'ETag': 'W/"48d-711kngcvPZ1k4G5piYEetlRlPOY"', 'Vary': 'Accept-Encoding', 'Content-Encoding': 'gzip', 'CF-Cache-Status': 'DYNAMIC', 'Report-To': '{"endpoints":[{"url":"https:\\/\\/a.nel.cloudflare.com\\/report\\/v4?s=NW0kRlmTQZpJD49Yhm1YOMe56XN%2Bnq%2FqQH55e0xBXcbt1mWjKhiMVDoKFy8%2Fo225DZVFnMUcvWa8n%2FkUFnEcM%2Bmgb8tKq5%2BNwDID%2FkSf6XUn7Ol9q2FI9OO1DGQesH8Z"}],"group":"cf-nel","max_age":604800}', 'NEL': '{"success_fraction":0,"report_to":"cf-nel","max_age":604800}', 'Server': 'cloudflare', 'CF-RAY': '8abac3c8df33ce3c-SJC', 'alt-svc': 'h3=":443"; ma=86400'} 
 body={"results":[{"gender":"female","name":{"title":"Ms","first":"Rut","last":"Grushevskiy"},"location":{"street":{"number":4117,"name":"Respublikanska"},"city":"Kicman","state":"Kiyivska","country":"Ukraine","postcode":76895,"coordinates":{"latitude":"79.7767","longitude":"135.5496"},"timezone":{"offset":"+5:30","description":"Bombay, Calcutta, Madras, New Delhi"}},"email":"rut.grushevskiy@example.com","login":{"uuid":"c3eb6c66-b1c8-4403-85f7-888d22752cd5","username":"lazyleopard565","password":"zhei","salt":"fVIrcndv","md5":"35bc7803307889edd267a713d85138e5","sha1":"159d7cb52c56d6ae62fc66a9595e9905f6b806de","sha256":"f552ac330c714ed7e91712c99c19dad94654d06e77c5d6fa231e636220ae98a0"},"dob":{"date":"1976-02-08T06:46:46.025Z","age":48},"registered":{"date":"2019-10-15T06:42:16.335Z","age":4},"phone":"(066) M31-7833","cell":"(099) P58-1657","id":{"name":"","value":null},"picture":{"large":"https://randomuser.me/api/portraits/women/12.jpg","medium":"https://randomuser.me/api/portraits/med/women/12.jpg","thumbnail":"https://randomuser.me/api/portraits/thumb/women/12.jpg"},"nat":"UA"}],"info":{"seed":"8e037645621d0520","results":1,"page":1,"version":"1.4"}} 
 </msg>
<msg time="2024-07-31T04:15:00.066554" level="INFO">/opt/hostedtoolcache/Python/3.12.4/x64/lib/python3.12/site-packages/urllib3/connectionpool.py:1099: InsecureRequestWarning: Unverified HTTPS request is being made to host 'randomuser.me'. Adding certificate verification is strongly advised. See: https://urllib3.readthedocs.io/en/latest/advanced-usage.html#tls-warnings
  warnings.warn(</msg>
<msg time="2024-07-31T04:15:00.066649" level="INFO">${response} = &lt;Response [200]&gt;</msg>
<var>${response}</var>
<arg>consultarAPI</arg>
<arg>/api</arg>
<doc>Sends a GET request on a previously created HTTP Session.</doc>
<status status="PASS" start="2024-07-31T04:14:59.967007" elapsed="0.099681"/>
</kw>
<kw name="Set Variable" owner="BuiltIn">
<msg time="2024-07-31T04:15:00.067598" level="INFO">${json_data} = {'results': [{'gender': 'female', 'name': {'title': 'Ms', 'first': 'Rut', 'last': 'Grushevskiy'}, 'location': {'street': {'number': 4117, 'name': 'Respublikanska'}, 'city': 'Kicman', 'state': 'Kiyivsk...</msg>
<var>${json_data}</var>
<arg>${response.json()}</arg>
<doc>Returns the given values which can then be assigned to a variables.</doc>
<status status="PASS" start="2024-07-31T04:15:00.067110" elapsed="0.000517"/>
</kw>
<kw name="Set Variable" owner="BuiltIn">
<msg time="2024-07-31T04:15:00.068317" level="INFO">${name_title} = Ms</msg>
<var>${name_title}</var>
<arg>${json_data["results"][0]["name"]["title"]}</arg>
<doc>Returns the given values which can then be assigned to a variables.</doc>
<status status="PASS" start="2024-07-31T04:15:00.067932" elapsed="0.000411"/>
</kw>
<kw name="Create List" owner="BuiltIn">
<msg time="2024-07-31T04:15:00.068788" level="INFO">${allowed_titles} = ['Mr', 'Ms', 'Miss', 'Mrs', 'Madame', 'Monsieur']</msg>
<var>${allowed_titles}</var>
<arg>Mr</arg>
<arg>Ms</arg>
<arg>Miss</arg>
<arg>Mrs</arg>
<arg>Madame</arg>
<arg>Monsieur</arg>
<doc>Returns a list containing given items.</doc>
<status status="PASS" start="2024-07-31T04:15:00.068639" elapsed="0.000174"/>
</kw>
<kw name="List Should Contain Value" owner="Collections">
<arg>${allowed_titles}</arg>
<arg>${name_title}</arg>
<doc>Fails if the ``value`` is not found from ``list``.</doc>
<status status="PASS" start="2024-07-31T04:15:00.069114" elapsed="0.000172"/>
</kw>
<kw name="Set Variable" owner="BuiltIn">
<msg time="2024-07-31T04:15:00.069840" level="INFO">${name_country} = UA</msg>
<var>${name_country}</var>
<arg>${json_data["results"][0]["nat"]}</arg>
<doc>Returns the given values which can then be assigned to a variables.</doc>
<status status="PASS" start="2024-07-31T04:15:00.069471" elapsed="0.000394"/>
</kw>
<kw name="Create List" owner="BuiltIn">
<msg time="2024-07-31T04:15:00.070777" level="INFO">${list_country} = ['AD', 'AE', 'AF', 'AG', 'AI', 'AL', 'AM', 'AO', 'AQ', 'AR', 'AS', 'AT', 'AU', 'AW', 'AX', 'AZ', 'BA', 'BB', 'BD', 'BE', 'BF', 'BG', 'BH', 'BI', 'BJ', 'BL', 'BM', 'BN', 'BO', 'BQ', 'BR', 'BS', 'BT', '...</msg>
<var>${list_country}</var>
<arg>AD</arg>
<arg>AE</arg>
<arg>AF</arg>
<arg>AG</arg>
<arg>AI</arg>
<arg>AL</arg>
<arg>AM</arg>
<arg>AO</arg>
<arg>AQ</arg>
<arg>AR</arg>
<arg>AS</arg>
<arg>AT</arg>
<arg>AU</arg>
<arg>AW</arg>
<arg>AX</arg>
<arg>AZ</arg>
<arg>BA</arg>
<arg>BB</arg>
<arg>BD</arg>
<arg>BE</arg>
<arg>BF</arg>
<arg>BG</arg>
<arg>BH</arg>
<arg>BI</arg>
<arg>BJ</arg>
<arg>BL</arg>
<arg>BM</arg>
<arg>BN</arg>
<arg>BO</arg>
<arg>BQ</arg>
<arg>BR</arg>
<arg>BS</arg>
<arg>BT</arg>
<arg>BV</arg>
<arg>BW</arg>
<arg>BY</arg>
<arg>BZ</arg>
<arg>CA</arg>
<arg>CC</arg>
<arg>CD</arg>
<arg>CF</arg>
<arg>CG</arg>
<arg>CH</arg>
<arg>CI</arg>
<arg>CK</arg>
<arg>CL</arg>
<arg>CM</arg>
<arg>CN</arg>
<arg>CO</arg>
<arg>CR</arg>
<arg>CU</arg>
<arg>CV</arg>
<arg>CW</arg>
<arg>CX</arg>
<arg>CY</arg>
<arg>CZ</arg>
<arg>DE</arg>
<arg>DJ</arg>
<arg>DK</arg>
<arg>DM</arg>
<arg>DO</arg>
<arg>DZ</arg>
<arg>EC</arg>
<arg>EE</arg>
<arg>EG</arg>
<arg>EH</arg>
<arg>ER</arg>
<arg>ES</arg>
<arg>ET</arg>
<arg>FI</arg>
<arg>FJ</arg>
<arg>FK</arg>
<arg>FM</arg>
<arg>FO</arg>
<arg>FR</arg>
<arg>GA</arg>
<arg>GB</arg>
<arg>GD</arg>
<arg>GE</arg>
<arg>GF</arg>
<arg>GG</arg>
<arg>GH</arg>
<arg>GI</arg>
<arg>GL</arg>
<arg>GM</arg>
<arg>GN</arg>
<arg>GP</arg>
<arg>GQ</arg>
<arg>GR</arg>
<arg>GS</arg>
<arg>GT</arg>
<arg>GU</arg>
<arg>GW</arg>
<arg>GY</arg>
<arg>HK</arg>
<arg>HM</arg>
<arg>HN</arg>
<arg>HR</arg>
<arg>HT</arg>
<arg>HU</arg>
<arg>ID</arg>
<arg>IE</arg>
<arg>IL</arg>
<arg>IM</arg>
<arg>IN</arg>
<arg>IO</arg>
<arg>IQ</arg>
<arg>IR</arg>
<arg>IS</arg>
<arg>IT</arg>
<arg>JE</arg>
<arg>JM</arg>
<arg>JO</arg>
<arg>JP</arg>
<arg>KE</arg>
<arg>KG</arg>
<arg>KH</arg>
<arg>KI</arg>
<arg>KM</arg>
<arg>KN</arg>
<arg>KP</arg>
<arg>KR</arg>
<arg>KW</arg>
<arg>KY</arg>
<arg>KZ</arg>
<arg>LA</arg>
<arg>LB</arg>
<arg>LC</arg>
<arg>LI</arg>
<arg>LK</arg>
<arg>LR</arg>
<arg>LS</arg>
<arg>LT</arg>
<arg>LU</arg>
<arg>LV</arg>
<arg>LY</arg>
<arg>MA</arg>
<arg>MC</arg>
<arg>MD</arg>
<arg>ME</arg>
<arg>MF</arg>
<arg>MG</arg>
<arg>MH</arg>
<arg>MK</arg>
<arg>ML</arg>
<arg>MM</arg>
<arg>MN</arg>
<arg>MO</arg>
<arg>MP</arg>
<arg>MQ</arg>
<arg>MR</arg>
<arg>MS</arg>
<arg>MT</arg>
<arg>MU</arg>
<arg>MV</arg>
<arg>MW</arg>
<arg>MX</arg>
<arg>MY</arg>
<arg>MZ</arg>
<arg>NA</arg>
<arg>NC</arg>
<arg>NE</arg>
<arg>NF</arg>
<arg>NG</arg>
<arg>NI</arg>
<arg>NL</arg>
<arg>NO</arg>
<arg>NP</arg>
<arg>NR</arg>
<arg>NU</arg>
<arg>NZ</arg>
<arg>OM</arg>
<arg>PA</arg>
<arg>PE</arg>
<arg>PF</arg>
<arg>PG</arg>
<arg>PH</arg>
<arg>PK</arg>
<arg>PL</arg>
<arg>PM</arg>
<arg>PN</arg>
<arg>PR</arg>
<arg>PS</arg>
<arg>PT</arg>
<arg>PW</arg>
<arg>PY</arg>
<arg>QA</arg>
<arg>RE</arg>
<arg>RO</arg>
<arg>RS</arg>
<arg>RU</arg>
<arg>RW</arg>
<arg>SA</arg>
<arg>SB</arg>
<arg>SC</arg>
<arg>SD</arg>
<arg>SE</arg>
<arg>SG</arg>
<arg>SH</arg>
<arg>SI</arg>
<arg>SJ</arg>
<arg>SK</arg>
<arg>SL</arg>
<arg>SM</arg>
<arg>SN</arg>
<arg>SO</arg>
<arg>SR</arg>
<arg>SS</arg>
<arg>ST</arg>
<arg>SV</arg>
<arg>SX</arg>
<arg>SY</arg>
<arg>SZ</arg>
<arg>TC</arg>
<arg>TD</arg>
<arg>TF</arg>
<arg>TG</arg>
<arg>TH</arg>
<arg>TJ</arg>
<arg>TK</arg>
<arg>TL</arg>
<arg>TM</arg>
<arg>TN</arg>
<arg>TO</arg>
<arg>TR</arg>
<arg>TT</arg>
<arg>TV</arg>
<arg>TW</arg>
<arg>TZ</arg>
<arg>UA</arg>
<arg>UG</arg>
<arg>UM</arg>
<arg>US</arg>
<arg>UY</arg>
<arg>UZ</arg>
<arg>VA</arg>
<arg>VC</arg>
<arg>VE</arg>
<arg>VG</arg>
<arg>VI</arg>
<arg>VN</arg>
<arg>VU</arg>
<arg>WF</arg>
<arg>WS</arg>
<arg>XK</arg>
<arg>YE</arg>
<arg>YT</arg>
<arg>ZA</arg>
<arg>ZM</arg>
<arg>ZW</arg>
<doc>Returns a list containing given items.</doc>
<status status="PASS" start="2024-07-31T04:15:00.070188" elapsed="0.000615"/>
</kw>
<kw name="List Should Contain Value" owner="Collections">
<arg>${list_country}</arg>
<arg>${name_country}</arg>
<doc>Fails if the ``value`` is not found from ``list``.</doc>
<status status="PASS" start="2024-07-31T04:15:00.071730" elapsed="0.000207"/>
</kw>
<kw name="Run Keyword If" owner="BuiltIn">
<kw name="Should Be True" owner="BuiltIn">
<arg>${True}</arg>
<doc>Fails if the given condition is not true.</doc>
<status status="PASS" start="2024-07-31T04:15:00.072875" elapsed="0.000140"/>
</kw>
<arg>${json_data["results"][0]["location"]["coordinates"]["latitude"]} &gt;= -90 and ${json_data["results"][0]["location"]["coordinates"]["latitude"]} &lt;= 90</arg>
<arg>Should Be True</arg>
<arg>${True}</arg>
<doc>Runs the given keyword with the given arguments, if ``condition`` is true.</doc>
<status status="PASS" start="2024-07-31T04:15:00.072136" elapsed="0.001005"/>
</kw>
<kw name="Run Keyword If" owner="BuiltIn">
<kw name="Should Be True" owner="BuiltIn">
<arg>${True}</arg>
<doc>Fails if the given condition is not true.</doc>
<status status="PASS" start="2024-07-31T04:15:00.074037" elapsed="0.000144"/>
</kw>
<arg>${json_data["results"][0]["location"]["coordinates"]["longitude"]} &gt;= -180 and ${json_data["results"][0]["location"]["coordinates"]["longitude"]} &lt;= 180</arg>
<arg>Should Be True</arg>
<arg>${True}</arg>
<doc>Runs the given keyword with the given arguments, if ``condition`` is true.</doc>
<status status="PASS" start="2024-07-31T04:15:00.073321" elapsed="0.000985"/>
</kw>
<status status="PASS" start="2024-07-31T04:14:59.966789" elapsed="0.107656"/>
</kw>
<doc>Testa o conteúdo específico dos campos retornados pela API.</doc>
<tag>testeConteudo</tag>
<status status="PASS" start="2024-07-31T04:14:59.966326" elapsed="0.108261"/>
</test>
<status status="PASS" start="2024-07-31T04:14:59.147738" elapsed="0.928697"/>
</suite>
<status status="PASS" start="2024-07-31T04:14:59.133311" elapsed="0.948106"/>
</suite>
<statistics>
<total>
<stat pass="5" fail="0" skip="0">All Tests</stat>
</total>
<tag>
<stat pass="1" fail="0" skip="0">testeConteudo</stat>
<stat pass="1" fail="0" skip="0">testeEstruturaResposta</stat>
<stat pass="1" fail="0" skip="0">testeRequisicaoBasica</stat>
<stat pass="1" fail="0" skip="0">testeTiposDados</stat>
</tag>
<suite>
<stat pass="5" fail="0" skip="0" id="s1" name="Tests">Tests</stat>
<stat pass="5" fail="0" skip="0" id="s1-s1" name="Random-User-Test">Tests.Random-User-Test</stat>
</suite>
</statistics>
<errors>
</errors>
</robot>
