<?xml version="1.0" encoding="UTF-8"?>
<robot generator="Robot 7.0 (Python 3.12.3 on linux)" generated="2024-05-06T11:11:47.055758" rpa="false" schemaversion="5">
<suite id="s1" name="Tests" source="/home/runner/work/DesafioQAItauRogerioJordao/DesafioQAItauRogerioJordao/RamdonUser/tests">
<suite id="s1-s1" name="Random-User-Test" source="/home/runner/work/DesafioQAItauRogerioJordao/DesafioQAItauRogerioJordao/RamdonUser/tests/random-user-test.robot">
<test id="s1-s1-t1" name="Conectar" line="13">
<kw name="Conectar API" owner="random-user-service">
<kw name="Create Session" owner="RequestsLibrary">
<msg time="2024-05-06T11:11:47.415146" level="INFO">Creating Session using : alias=consultarAPI, url=https://randomuser.me/, headers={},                     cookies={}, auth=None, timeout=None, proxies=None, verify=False,                     debug=0 </msg>
<arg>consultarAPI</arg>
<arg>${URL}</arg>
<doc>Create Session: create a HTTP session to a server</doc>
<status status="PASS" start="2024-05-06T11:11:47.414930" elapsed="0.000379"/>
</kw>
<status status="PASS" start="2024-05-06T11:11:47.414026" elapsed="0.001623"/>
</kw>
<status status="PASS" start="2024-05-06T11:11:47.413512" elapsed="0.002327"/>
</test>
<test id="s1-s1-t2" name="Validar retorno 200 e JSON Válido" line="16">
<kw name="Teste de Requisicao Basica" owner="random-user-service">
<kw name="GET On Session" owner="RequestsLibrary">
<msg time="2024-05-06T11:11:47.632341" level="INFO">GET Request : url=https://randomuser.me/api 
 path_url=/api 
 headers={'User-Agent': 'python-requests/2.31.0', 'Accept-Encoding': 'gzip, deflate', 'Accept': '*/*', 'Connection': 'keep-alive'} 
 body=None 
 </msg>
<msg time="2024-05-06T11:11:47.632491" level="INFO">GET Response : url=https://randomuser.me/api 
 status=200, reason=OK 
 headers={'Date': 'Mon, 06 May 2024 11:11:47 GMT', 'Content-Type': 'application/json; charset=utf-8', 'Transfer-Encoding': 'chunked', 'Connection': 'keep-alive', 'X-Powered-By': 'Express', 'Access-Control-Allow-Origin': '*', 'Cache-Control': 'no-cache', 'ETag': 'W/"484-uFKMDMHkgeNog9Mb8shBqqauogU"', 'Vary': 'Accept-Encoding', 'Content-Encoding': 'gzip', 'CF-Cache-Status': 'DYNAMIC', 'Report-To': '{"endpoints":[{"url":"https:\\/\\/a.nel.cloudflare.com\\/report\\/v4?s=6zGto0T5sBDNXiQ80SLDdWQOXMmQp4gBemL8ga9tnwKxzwEmeC2vQljHkWaq20uqt0hOX8Q9fl0yKTGxJXtAoHu%2FWlwGuS3xoCXb3T%2BevQGkEJPkrbSOuSXJRGRL%2BkVr"}],"group":"cf-nel","max_age":604800}', 'NEL': '{"success_fraction":0,"report_to":"cf-nel","max_age":604800}', 'Server': 'cloudflare', 'CF-RAY': '87f8881188447faa-IAD', 'alt-svc': 'h3=":443"; ma=86400'} 
 body={"results":[{"gender":"male","name":{"title":"Mr","first":"Philip","last":"Poulsen"},"location":{"street":{"number":7917,"name":"Smedegade"},"city":"Vipperød","state":"Nordjylland","country":"Denmark","postcode":51659,"coordinates":{"latitude":"-44.1257","longitude":"-61.8470"},"timezone":{"offset":"-3:00","description":"Brazil, Buenos Aires, Georgetown"}},"email":"philip.poulsen@example.com","login":{"uuid":"cd5ccf87-87ed-418b-8935-4a9cb2077722","username":"browngoose347","password":"mirror","salt":"ID62gGTt","md5":"3f10f313948b7d1dbde045e3b3b094d4","sha1":"c3418e3fb6056359a431b140325cc1dd8312e9b6","sha256":"36614c4478666b78ea749def0d51b3a85873343bf368444e06b6dc859349ef1b"},"dob":{"date":"1983-07-28T07:25:18.558Z","age":40},"registered":{"date":"2014-05-04T08:27:15.376Z","age":10},"phone":"71044411","cell":"23227250","id":{"name":"CPR","value":"280783-8739"},"picture":{"large":"https://randomuser.me/api/portraits/men/80.jpg","medium":"https://randomuser.me/api/portraits/med/men/80.jpg","thumbnail":"https://randomuser.me/api/portraits/thumb/men/80.jpg"},"nat":"DK"}],"info":{"seed":"79ca4562ddfc3830","results":1,"page":1,"version":"1.4"}} 
 </msg>
<msg time="2024-05-06T11:11:47.632596" level="INFO">/opt/hostedtoolcache/Python/3.12.3/x64/lib/python3.12/site-packages/urllib3/connectionpool.py:1103: InsecureRequestWarning: Unverified HTTPS request is being made to host 'randomuser.me'. Adding certificate verification is strongly advised. See: https://urllib3.readthedocs.io/en/latest/advanced-usage.html#tls-warnings
  warnings.warn(</msg>
<msg time="2024-05-06T11:11:47.632823" level="INFO">${response} = &lt;Response [200]&gt;</msg>
<var>${response}</var>
<arg>consultarAPI</arg>
<arg>/api</arg>
<doc>Sends a GET request on a previously created HTTP Session.</doc>
<status status="PASS" start="2024-05-06T11:11:47.418411" elapsed="0.214454"/>
</kw>
<kw name="Should Be Equal As Numbers" owner="BuiltIn">
<msg time="2024-05-06T11:11:47.634165" level="INFO">Argument types are:
&lt;class 'int'&gt;
&lt;class 'str'&gt;</msg>
<arg>${response.status_code}</arg>
<arg>200</arg>
<doc>Fails if objects are unequal after converting them to real numbers.</doc>
<status status="PASS" start="2024-05-06T11:11:47.633549" elapsed="0.000683"/>
</kw>
<kw name="Log" owner="BuiltIn">
<msg time="2024-05-06T11:11:47.634945" level="INFO">200</msg>
<arg>${response.status_code}</arg>
<doc>Logs the given message with the given level.</doc>
<status status="PASS" start="2024-05-06T11:11:47.634588" elapsed="0.000434"/>
</kw>
<kw name="Set Variable" owner="BuiltIn">
<msg time="2024-05-06T11:11:47.635783" level="INFO">${json_data} = {'results': [{'gender': 'male', 'name': {'title': 'Mr', 'first': 'Philip', 'last': 'Poulsen'}, 'location': {'street': {'number': 7917, 'name': 'Smedegade'}, 'city': 'Vipperød', 'state': 'Nordjylland',...</msg>
<var>${json_data}</var>
<arg>${response.json()}</arg>
<doc>Returns the given values which can then be assigned to a variables.</doc>
<status status="PASS" start="2024-05-06T11:11:47.635339" elapsed="0.000474"/>
</kw>
<kw name="Dictionary Should Contain Key" owner="Collections">
<msg time="2024-05-06T11:11:47.636295" level="INFO">False</msg>
<arg>${json_data}</arg>
<arg>results</arg>
<doc>Fails if ``key`` is not found from ``dictionary``.</doc>
<status status="PASS" start="2024-05-06T11:11:47.636123" elapsed="0.000213"/>
</kw>
<status status="PASS" start="2024-05-06T11:11:47.418172" elapsed="0.218423"/>
</kw>
<doc>Testa se a API responde corretamente e retorna um objeto JSON válido.</doc>
<tag>testeRequisicaoBasica</tag>
<status status="PASS" start="2024-05-06T11:11:47.417717" elapsed="0.219062"/>
</test>
<test id="s1-s1-t3" name="Validar estrutura de resposta" line="22">
<kw name="Teste de Estrutura de Resposta" owner="random-user-service">
<kw name="GET On Session" owner="RequestsLibrary">
<msg time="2024-05-06T11:11:47.672484" level="INFO">GET Request : url=https://randomuser.me/api 
 path_url=/api 
 headers={'User-Agent': 'python-requests/2.31.0', 'Accept-Encoding': 'gzip, deflate', 'Accept': '*/*', 'Connection': 'keep-alive'} 
 body=None 
 </msg>
<msg time="2024-05-06T11:11:47.672561" level="INFO">GET Response : url=https://randomuser.me/api 
 status=200, reason=OK 
 headers={'Date': 'Mon, 06 May 2024 11:11:47 GMT', 'Content-Type': 'application/json; charset=utf-8', 'Transfer-Encoding': 'chunked', 'Connection': 'keep-alive', 'X-Powered-By': 'Express', 'Access-Control-Allow-Origin': '*', 'Cache-Control': 'no-cache', 'ETag': 'W/"4ab-0Ga++BCKAg6hx4dQqhkGGkuGxlQ"', 'Vary': 'Accept-Encoding', 'Content-Encoding': 'gzip', 'CF-Cache-Status': 'DYNAMIC', 'Report-To': '{"endpoints":[{"url":"https:\\/\\/a.nel.cloudflare.com\\/report\\/v4?s=Gtrvu%2FSrabXEFUUQFOzcnCZQnPkGNyq%2B%2BiZgrpe4lr%2Fma%2FWsjYGRrz1BPjTz3Z%2BoZyViuEDwVlEMSYpuJgt1P%2B7WF3qzXKAcAhQsH6SCBQ%2Ft%2B3E0CFM%2BxMtxg6NfAB3H"}],"group":"cf-nel","max_age":604800}', 'NEL': '{"success_fraction":0,"report_to":"cf-nel","max_age":604800}', 'Server': 'cloudflare', 'CF-RAY': '87f88812c9bd7faa-IAD', 'alt-svc': 'h3=":443"; ma=86400'} 
 body={"results":[{"gender":"female","name":{"title":"Miss","first":"Francis","last":"Goosens"},"location":{"street":{"number":8021,"name":"Irissenstraat"},"city":"Nieuw Scheemda","state":"Drenthe","country":"Netherlands","postcode":"8019 TN","coordinates":{"latitude":"35.4744","longitude":"83.1433"},"timezone":{"offset":"-5:00","description":"Eastern Time (US &amp; Canada), Bogota, Lima"}},"email":"francis.goosens@example.com","login":{"uuid":"4324cc90-2c72-4548-8053-56f1d8e40148","username":"brownfrog464","password":"fernando","salt":"WBitpIWd","md5":"023f3167adc85c103d0dac65f08c1c9d","sha1":"5437d22c64150e998fc04927c5a456ed5859f2c6","sha256":"0b8d9a4df0bb37baf53b5973bfa0f5dbcd626b74616cf374616ecafa71c2b4fc"},"dob":{"date":"2000-12-01T03:17:12.164Z","age":23},"registered":{"date":"2004-07-24T02:50:23.062Z","age":19},"phone":"(0295) 855643","cell":"(06) 88204419","id":{"name":"BSN","value":"64882634"},"picture":{"large":"https://randomuser.me/api/portraits/women/78.jpg","medium":"https://randomuser.me/api/portraits/med/women/78.jpg","thumbnail":"https://randomuser.me/api/portraits/thumb/women/78.jpg"},"nat":"NL"}],"info":{"seed":"a8e006ac8678f88a","results":1,"page":1,"version":"1.4"}} 
 </msg>
<msg time="2024-05-06T11:11:47.672668" level="INFO">/opt/hostedtoolcache/Python/3.12.3/x64/lib/python3.12/site-packages/urllib3/connectionpool.py:1103: InsecureRequestWarning: Unverified HTTPS request is being made to host 'randomuser.me'. Adding certificate verification is strongly advised. See: https://urllib3.readthedocs.io/en/latest/advanced-usage.html#tls-warnings
  warnings.warn(</msg>
<msg time="2024-05-06T11:11:47.672774" level="INFO">${response} = &lt;Response [200]&gt;</msg>
<var>${response}</var>
<arg>consultarAPI</arg>
<arg>/api</arg>
<doc>Sends a GET request on a previously created HTTP Session.</doc>
<status status="PASS" start="2024-05-06T11:11:47.639415" elapsed="0.033398"/>
</kw>
<kw name="Set Variable" owner="BuiltIn">
<msg time="2024-05-06T11:11:47.673691" level="INFO">${json_data} = {'results': [{'gender': 'female', 'name': {'title': 'Miss', 'first': 'Francis', 'last': 'Goosens'}, 'location': {'street': {'number': 8021, 'name': 'Irissenstraat'}, 'city': 'Nieuw Scheemda', 'state':...</msg>
<var>${json_data}</var>
<arg>${response.json()}</arg>
<doc>Returns the given values which can then be assigned to a variables.</doc>
<status status="PASS" start="2024-05-06T11:11:47.673219" elapsed="0.000501"/>
</kw>
<kw name="Log" owner="BuiltIn">
<msg time="2024-05-06T11:11:47.674182" level="INFO">{'results': [{'gender': 'female', 'name': {'title': 'Miss', 'first': 'Francis', 'last': 'Goosens'}, 'location': {'street': {'number': 8021, 'name': 'Irissenstraat'}, 'city': 'Nieuw Scheemda', 'state': 'Drenthe', 'country': 'Netherlands', 'postcode': '8019 TN', 'coordinates': {'latitude': '35.4744', 'longitude': '83.1433'}, 'timezone': {'offset': '-5:00', 'description': 'Eastern Time (US &amp; Canada), Bogota, Lima'}}, 'email': 'francis.goosens@example.com', 'login': {'uuid': '4324cc90-2c72-4548-8053-56f1d8e40148', 'username': 'brownfrog464', 'password': 'fernando', 'salt': 'WBitpIWd', 'md5': '023f3167adc85c103d0dac65f08c1c9d', 'sha1': '5437d22c64150e998fc04927c5a456ed5859f2c6', 'sha256': '0b8d9a4df0bb37baf53b5973bfa0f5dbcd626b74616cf374616ecafa71c2b4fc'}, 'dob': {'date': '2000-12-01T03:17:12.164Z', 'age': 23}, 'registered': {'date': '2004-07-24T02:50:23.062Z', 'age': 19}, 'phone': '(0295) 855643', 'cell': '(06) 88204419', 'id': {'name': 'BSN', 'value': '64882634'}, 'picture': {'large': 'https://randomuser.me/api/portraits/women/78.jpg', 'medium': 'https://randomuser.me/api/portraits/med/women/78.jpg', 'thumbnail': 'https://randomuser.me/api/portraits/thumb/women/78.jpg'}, 'nat': 'NL'}], 'info': {'seed': 'a8e006ac8678f88a', 'results': 1, 'page': 1, 'version': '1.4'}}</msg>
<arg>${json_data}</arg>
<doc>Logs the given message with the given level.</doc>
<status status="PASS" start="2024-05-06T11:11:47.674024" elapsed="0.000208"/>
</kw>
<kw name="Dictionary Should Contain Key" owner="Collections">
<msg time="2024-05-06T11:11:47.674698" level="INFO">False</msg>
<arg>${json_data}</arg>
<arg>results</arg>
<doc>Fails if ``key`` is not found from ``dictionary``.</doc>
<status status="PASS" start="2024-05-06T11:11:47.674528" elapsed="0.000208"/>
</kw>
<kw name="Should Not Be Empty" owner="BuiltIn">
<msg time="2024-05-06T11:11:47.675206" level="INFO">Length is 2.</msg>
<arg>${json_data}</arg>
<doc>Verifies that the given item is not empty.</doc>
<status status="PASS" start="2024-05-06T11:11:47.675061" elapsed="0.000336"/>
</kw>
<kw name="Create List" owner="BuiltIn">
<msg time="2024-05-06T11:11:47.675926" level="INFO">${expected_keys} = ['gender', 'name', 'location', 'email', 'login']</msg>
<var>${expected_keys}</var>
<arg>gender</arg>
<arg>name</arg>
<arg>location</arg>
<arg>email</arg>
<arg>login</arg>
<doc>Returns a list containing given items.</doc>
<status status="PASS" start="2024-05-06T11:11:47.675740" elapsed="0.000211"/>
</kw>
<for flavor="IN">
<iter>
<kw name="Dictionary Should Contain Key" owner="Collections">
<msg time="2024-05-06T11:11:47.676939" level="INFO">False</msg>
<arg>${json_data['results'][0]}</arg>
<arg>${key}</arg>
<doc>Fails if ``key`` is not found from ``dictionary``.</doc>
<status status="PASS" start="2024-05-06T11:11:47.676531" elapsed="0.000447"/>
</kw>
<kw name="Log" owner="BuiltIn">
<msg time="2024-05-06T11:11:47.677647" level="INFO">{'gender': 'female', 'name': {'title': 'Miss', 'first': 'Francis', 'last': 'Goosens'}, 'location': {'street': {'number': 8021, 'name': 'Irissenstraat'}, 'city': 'Nieuw Scheemda', 'state': 'Drenthe', 'country': 'Netherlands', 'postcode': '8019 TN', 'coordinates': {'latitude': '35.4744', 'longitude': '83.1433'}, 'timezone': {'offset': '-5:00', 'description': 'Eastern Time (US &amp; Canada), Bogota, Lima'}}, 'email': 'francis.goosens@example.com', 'login': {'uuid': '4324cc90-2c72-4548-8053-56f1d8e40148', 'username': 'brownfrog464', 'password': 'fernando', 'salt': 'WBitpIWd', 'md5': '023f3167adc85c103d0dac65f08c1c9d', 'sha1': '5437d22c64150e998fc04927c5a456ed5859f2c6', 'sha256': '0b8d9a4df0bb37baf53b5973bfa0f5dbcd626b74616cf374616ecafa71c2b4fc'}, 'dob': {'date': '2000-12-01T03:17:12.164Z', 'age': 23}, 'registered': {'date': '2004-07-24T02:50:23.062Z', 'age': 19}, 'phone': '(0295) 855643', 'cell': '(06) 88204419', 'id': {'name': 'BSN', 'value': '64882634'}, 'picture': {'large': 'https://randomuser.me/api/portraits/women/78.jpg', 'medium': 'https://randomuser.me/api/portraits/med/women/78.jpg', 'thumbnail': 'https://randomuser.me/api/portraits/thumb/women/78.jpg'}, 'nat': 'NL'}</msg>
<arg>${json_data['results'][0]}</arg>
<doc>Logs the given message with the given level.</doc>
<status status="PASS" start="2024-05-06T11:11:47.677280" elapsed="0.000417"/>
</kw>
<kw name="Log" owner="BuiltIn">
<msg time="2024-05-06T11:11:47.678128" level="INFO">gender</msg>
<arg>${key}</arg>
<doc>Logs the given message with the given level.</doc>
<status status="PASS" start="2024-05-06T11:11:47.678000" elapsed="0.000166"/>
</kw>
<var name="${key}">gender</var>
<status status="PASS" start="2024-05-06T11:11:47.676406" elapsed="0.001976"/>
</iter>
<iter>
<kw name="Dictionary Should Contain Key" owner="Collections">
<msg time="2024-05-06T11:11:47.679118" level="INFO">False</msg>
<arg>${json_data['results'][0]}</arg>
<arg>${key}</arg>
<doc>Fails if ``key`` is not found from ``dictionary``.</doc>
<status status="PASS" start="2024-05-06T11:11:47.678690" elapsed="0.000499"/>
</kw>
<kw name="Log" owner="BuiltIn">
<msg time="2024-05-06T11:11:47.679851" level="INFO">{'gender': 'female', 'name': {'title': 'Miss', 'first': 'Francis', 'last': 'Goosens'}, 'location': {'street': {'number': 8021, 'name': 'Irissenstraat'}, 'city': 'Nieuw Scheemda', 'state': 'Drenthe', 'country': 'Netherlands', 'postcode': '8019 TN', 'coordinates': {'latitude': '35.4744', 'longitude': '83.1433'}, 'timezone': {'offset': '-5:00', 'description': 'Eastern Time (US &amp; Canada), Bogota, Lima'}}, 'email': 'francis.goosens@example.com', 'login': {'uuid': '4324cc90-2c72-4548-8053-56f1d8e40148', 'username': 'brownfrog464', 'password': 'fernando', 'salt': 'WBitpIWd', 'md5': '023f3167adc85c103d0dac65f08c1c9d', 'sha1': '5437d22c64150e998fc04927c5a456ed5859f2c6', 'sha256': '0b8d9a4df0bb37baf53b5973bfa0f5dbcd626b74616cf374616ecafa71c2b4fc'}, 'dob': {'date': '2000-12-01T03:17:12.164Z', 'age': 23}, 'registered': {'date': '2004-07-24T02:50:23.062Z', 'age': 19}, 'phone': '(0295) 855643', 'cell': '(06) 88204419', 'id': {'name': 'BSN', 'value': '64882634'}, 'picture': {'large': 'https://randomuser.me/api/portraits/women/78.jpg', 'medium': 'https://randomuser.me/api/portraits/med/women/78.jpg', 'thumbnail': 'https://randomuser.me/api/portraits/thumb/women/78.jpg'}, 'nat': 'NL'}</msg>
<arg>${json_data['results'][0]}</arg>
<doc>Logs the given message with the given level.</doc>
<status status="PASS" start="2024-05-06T11:11:47.679493" elapsed="0.000408"/>
</kw>
<kw name="Log" owner="BuiltIn">
<msg time="2024-05-06T11:11:47.680324" level="INFO">name</msg>
<arg>${key}</arg>
<doc>Logs the given message with the given level.</doc>
<status status="PASS" start="2024-05-06T11:11:47.680196" elapsed="0.000166"/>
</kw>
<var name="${key}">name</var>
<status status="PASS" start="2024-05-06T11:11:47.678574" elapsed="0.002005"/>
</iter>
<iter>
<kw name="Dictionary Should Contain Key" owner="Collections">
<msg time="2024-05-06T11:11:47.681258" level="INFO">False</msg>
<arg>${json_data['results'][0]}</arg>
<arg>${key}</arg>
<doc>Fails if ``key`` is not found from ``dictionary``.</doc>
<status status="PASS" start="2024-05-06T11:11:47.680874" elapsed="0.000422"/>
</kw>
<kw name="Log" owner="BuiltIn">
<msg time="2024-05-06T11:11:47.681953" level="INFO">{'gender': 'female', 'name': {'title': 'Miss', 'first': 'Francis', 'last': 'Goosens'}, 'location': {'street': {'number': 8021, 'name': 'Irissenstraat'}, 'city': 'Nieuw Scheemda', 'state': 'Drenthe', 'country': 'Netherlands', 'postcode': '8019 TN', 'coordinates': {'latitude': '35.4744', 'longitude': '83.1433'}, 'timezone': {'offset': '-5:00', 'description': 'Eastern Time (US &amp; Canada), Bogota, Lima'}}, 'email': 'francis.goosens@example.com', 'login': {'uuid': '4324cc90-2c72-4548-8053-56f1d8e40148', 'username': 'brownfrog464', 'password': 'fernando', 'salt': 'WBitpIWd', 'md5': '023f3167adc85c103d0dac65f08c1c9d', 'sha1': '5437d22c64150e998fc04927c5a456ed5859f2c6', 'sha256': '0b8d9a4df0bb37baf53b5973bfa0f5dbcd626b74616cf374616ecafa71c2b4fc'}, 'dob': {'date': '2000-12-01T03:17:12.164Z', 'age': 23}, 'registered': {'date': '2004-07-24T02:50:23.062Z', 'age': 19}, 'phone': '(0295) 855643', 'cell': '(06) 88204419', 'id': {'name': 'BSN', 'value': '64882634'}, 'picture': {'large': 'https://randomuser.me/api/portraits/women/78.jpg', 'medium': 'https://randomuser.me/api/portraits/med/women/78.jpg', 'thumbnail': 'https://randomuser.me/api/portraits/thumb/women/78.jpg'}, 'nat': 'NL'}</msg>
<arg>${json_data['results'][0]}</arg>
<doc>Logs the given message with the given level.</doc>
<status status="PASS" start="2024-05-06T11:11:47.681596" elapsed="0.000406"/>
</kw>
<kw name="Log" owner="BuiltIn">
<msg time="2024-05-06T11:11:47.682429" level="INFO">location</msg>
<arg>${key}</arg>
<doc>Logs the given message with the given level.</doc>
<status status="PASS" start="2024-05-06T11:11:47.682302" elapsed="0.000165"/>
</kw>
<var name="${key}">location</var>
<status status="PASS" start="2024-05-06T11:11:47.680761" elapsed="0.001920"/>
</iter>
<iter>
<kw name="Dictionary Should Contain Key" owner="Collections">
<msg time="2024-05-06T11:11:47.683390" level="INFO">False</msg>
<arg>${json_data['results'][0]}</arg>
<arg>${key}</arg>
<doc>Fails if ``key`` is not found from ``dictionary``.</doc>
<status status="PASS" start="2024-05-06T11:11:47.682965" elapsed="0.000462"/>
</kw>
<kw name="Log" owner="BuiltIn">
<msg time="2024-05-06T11:11:47.684089" level="INFO">{'gender': 'female', 'name': {'title': 'Miss', 'first': 'Francis', 'last': 'Goosens'}, 'location': {'street': {'number': 8021, 'name': 'Irissenstraat'}, 'city': 'Nieuw Scheemda', 'state': 'Drenthe', 'country': 'Netherlands', 'postcode': '8019 TN', 'coordinates': {'latitude': '35.4744', 'longitude': '83.1433'}, 'timezone': {'offset': '-5:00', 'description': 'Eastern Time (US &amp; Canada), Bogota, Lima'}}, 'email': 'francis.goosens@example.com', 'login': {'uuid': '4324cc90-2c72-4548-8053-56f1d8e40148', 'username': 'brownfrog464', 'password': 'fernando', 'salt': 'WBitpIWd', 'md5': '023f3167adc85c103d0dac65f08c1c9d', 'sha1': '5437d22c64150e998fc04927c5a456ed5859f2c6', 'sha256': '0b8d9a4df0bb37baf53b5973bfa0f5dbcd626b74616cf374616ecafa71c2b4fc'}, 'dob': {'date': '2000-12-01T03:17:12.164Z', 'age': 23}, 'registered': {'date': '2004-07-24T02:50:23.062Z', 'age': 19}, 'phone': '(0295) 855643', 'cell': '(06) 88204419', 'id': {'name': 'BSN', 'value': '64882634'}, 'picture': {'large': 'https://randomuser.me/api/portraits/women/78.jpg', 'medium': 'https://randomuser.me/api/portraits/med/women/78.jpg', 'thumbnail': 'https://randomuser.me/api/portraits/thumb/women/78.jpg'}, 'nat': 'NL'}</msg>
<arg>${json_data['results'][0]}</arg>
<doc>Logs the given message with the given level.</doc>
<status status="PASS" start="2024-05-06T11:11:47.683729" elapsed="0.000410"/>
</kw>
<kw name="Log" owner="BuiltIn">
<msg time="2024-05-06T11:11:47.684563" level="INFO">email</msg>
<arg>${key}</arg>
<doc>Logs the given message with the given level.</doc>
<status status="PASS" start="2024-05-06T11:11:47.684436" elapsed="0.000163"/>
</kw>
<var name="${key}">email</var>
<status status="PASS" start="2024-05-06T11:11:47.682855" elapsed="0.001956"/>
</iter>
<iter>
<kw name="Dictionary Should Contain Key" owner="Collections">
<msg time="2024-05-06T11:11:47.685474" level="INFO">False</msg>
<arg>${json_data['results'][0]}</arg>
<arg>${key}</arg>
<doc>Fails if ``key`` is not found from ``dictionary``.</doc>
<status status="PASS" start="2024-05-06T11:11:47.685095" elapsed="0.000417"/>
</kw>
<kw name="Log" owner="BuiltIn">
<msg time="2024-05-06T11:11:47.686173" level="INFO">{'gender': 'female', 'name': {'title': 'Miss', 'first': 'Francis', 'last': 'Goosens'}, 'location': {'street': {'number': 8021, 'name': 'Irissenstraat'}, 'city': 'Nieuw Scheemda', 'state': 'Drenthe', 'country': 'Netherlands', 'postcode': '8019 TN', 'coordinates': {'latitude': '35.4744', 'longitude': '83.1433'}, 'timezone': {'offset': '-5:00', 'description': 'Eastern Time (US &amp; Canada), Bogota, Lima'}}, 'email': 'francis.goosens@example.com', 'login': {'uuid': '4324cc90-2c72-4548-8053-56f1d8e40148', 'username': 'brownfrog464', 'password': 'fernando', 'salt': 'WBitpIWd', 'md5': '023f3167adc85c103d0dac65f08c1c9d', 'sha1': '5437d22c64150e998fc04927c5a456ed5859f2c6', 'sha256': '0b8d9a4df0bb37baf53b5973bfa0f5dbcd626b74616cf374616ecafa71c2b4fc'}, 'dob': {'date': '2000-12-01T03:17:12.164Z', 'age': 23}, 'registered': {'date': '2004-07-24T02:50:23.062Z', 'age': 19}, 'phone': '(0295) 855643', 'cell': '(06) 88204419', 'id': {'name': 'BSN', 'value': '64882634'}, 'picture': {'large': 'https://randomuser.me/api/portraits/women/78.jpg', 'medium': 'https://randomuser.me/api/portraits/med/women/78.jpg', 'thumbnail': 'https://randomuser.me/api/portraits/thumb/women/78.jpg'}, 'nat': 'NL'}</msg>
<arg>${json_data['results'][0]}</arg>
<doc>Logs the given message with the given level.</doc>
<status status="PASS" start="2024-05-06T11:11:47.685808" elapsed="0.000414"/>
</kw>
<kw name="Log" owner="BuiltIn">
<msg time="2024-05-06T11:11:47.686676" level="INFO">login</msg>
<arg>${key}</arg>
<doc>Logs the given message with the given level.</doc>
<status status="PASS" start="2024-05-06T11:11:47.686545" elapsed="0.000169"/>
</kw>
<var name="${key}">login</var>
<status status="PASS" start="2024-05-06T11:11:47.684985" elapsed="0.001950"/>
</iter>
<var>${key}</var>
<value>@{expected_keys}</value>
<status status="PASS" start="2024-05-06T11:11:47.676218" elapsed="0.010877"/>
</for>
<kw name="Create List" owner="BuiltIn">
<msg time="2024-05-06T11:11:47.687461" level="INFO">${expected_keysTwo} = ['username', 'password']</msg>
<var>${expected_keysTwo}</var>
<arg>username</arg>
<arg>password</arg>
<doc>Returns a list containing given items.</doc>
<status status="PASS" start="2024-05-06T11:11:47.687293" elapsed="0.000195"/>
</kw>
<for flavor="IN">
<iter>
<kw name="Dictionary Should Contain Key" owner="Collections">
<msg time="2024-05-06T11:11:47.688430" level="INFO">False</msg>
<arg>${json_data['results'][0]['login']}</arg>
<arg>${keyTwo}</arg>
<doc>Fails if ``key`` is not found from ``dictionary``.</doc>
<status status="PASS" start="2024-05-06T11:11:47.688010" elapsed="0.000459"/>
</kw>
<kw name="Dictionary Should Contain Key" owner="Collections">
<msg time="2024-05-06T11:11:47.689152" level="INFO">False</msg>
<arg>${json_data['results'][0]['login']}</arg>
<arg>${keyTwo}</arg>
<doc>Fails if ``key`` is not found from ``dictionary``.</doc>
<status status="PASS" start="2024-05-06T11:11:47.688766" elapsed="0.000425"/>
</kw>
<kw name="Log" owner="BuiltIn">
<msg time="2024-05-06T11:11:47.689611" level="INFO">username</msg>
<arg>${keyTwo}</arg>
<doc>Logs the given message with the given level.</doc>
<status status="PASS" start="2024-05-06T11:11:47.689484" elapsed="0.000170"/>
</kw>
<var name="${keyTwo}">username</var>
<status status="PASS" start="2024-05-06T11:11:47.687889" elapsed="0.001979"/>
</iter>
<iter>
<kw name="Dictionary Should Contain Key" owner="Collections">
<msg time="2024-05-06T11:11:47.690620" level="INFO">False</msg>
<arg>${json_data['results'][0]['login']}</arg>
<arg>${keyTwo}</arg>
<doc>Fails if ``key`` is not found from ``dictionary``.</doc>
<status status="PASS" start="2024-05-06T11:11:47.690157" elapsed="0.000504"/>
</kw>
<kw name="Dictionary Should Contain Key" owner="Collections">
<msg time="2024-05-06T11:11:47.691373" level="INFO">False</msg>
<arg>${json_data['results'][0]['login']}</arg>
<arg>${keyTwo}</arg>
<doc>Fails if ``key`` is not found from ``dictionary``.</doc>
<status status="PASS" start="2024-05-06T11:11:47.690959" elapsed="0.000452"/>
</kw>
<kw name="Log" owner="BuiltIn">
<msg time="2024-05-06T11:11:47.691834" level="INFO">password</msg>
<arg>${keyTwo}</arg>
<doc>Logs the given message with the given level.</doc>
<status status="PASS" start="2024-05-06T11:11:47.691708" elapsed="0.000165"/>
</kw>
<var name="${keyTwo}">password</var>
<status status="PASS" start="2024-05-06T11:11:47.690041" elapsed="0.002047"/>
</iter>
<var>${keyTwo}</var>
<value>@{expected_keysTwo}</value>
<status status="PASS" start="2024-05-06T11:11:47.687728" elapsed="0.004484"/>
</for>
<status status="PASS" start="2024-05-06T11:11:47.639176" elapsed="0.053185"/>
</kw>
<doc>Testa a estrutura da resposta da API.</doc>
<tag>testeEstruturaResposta</tag>
<status status="PASS" start="2024-05-06T11:11:47.638631" elapsed="0.053911"/>
</test>
<test id="s1-s1-t4" name="Validar tipos de dados" line="28">
<kw name="Teste de Tipos de Dados" owner="random-user-service">
<kw name="GET On Session" owner="RequestsLibrary">
<msg time="2024-05-06T11:11:47.769241" level="INFO">GET Request : url=https://randomuser.me/api 
 path_url=/api 
 headers={'User-Agent': 'python-requests/2.31.0', 'Accept-Encoding': 'gzip, deflate', 'Accept': '*/*', 'Connection': 'keep-alive'} 
 body=None 
 </msg>
<msg time="2024-05-06T11:11:47.769323" level="INFO">GET Response : url=https://randomuser.me/api 
 status=200, reason=OK 
 headers={'Date': 'Mon, 06 May 2024 11:11:47 GMT', 'Content-Type': 'application/json; charset=utf-8', 'Transfer-Encoding': 'chunked', 'Connection': 'keep-alive', 'X-Powered-By': 'Express', 'Access-Control-Allow-Origin': '*', 'Cache-Control': 'no-cache', 'ETag': 'W/"497-JGF6W0OkSm3gSTWmQDFruapDjuY"', 'Vary': 'Accept-Encoding', 'Content-Encoding': 'gzip', 'CF-Cache-Status': 'DYNAMIC', 'Report-To': '{"endpoints":[{"url":"https:\\/\\/a.nel.cloudflare.com\\/report\\/v4?s=r4BAmfYPEqOR1jTXF88b6J4UwEp4ZVaNCqxmbXka3%2BCubXZHUIqu9%2BorJ%2BU0rj3tj8sZS7SFtIl4a1BO5TEDpIzNLO9SRPR%2Ffx%2BdY9%2BMbSokrnDSF2I7F9e0OVhr99ln"}],"group":"cf-nel","max_age":604800}', 'NEL': '{"success_fraction":0,"report_to":"cf-nel","max_age":604800}', 'Server': 'cloudflare', 'CF-RAY': '87f888131a197faa-IAD', 'alt-svc': 'h3=":443"; ma=86400'} 
 body={"results":[{"gender":"male","name":{"title":"Mr","first":"Desimir","last":"Lazović"},"location":{"street":{"number":3252,"name":"Jevrema Nešića"},"city":"Žabari","state":"North Banat","country":"Serbia","postcode":31356,"coordinates":{"latitude":"55.7788","longitude":"-104.1917"},"timezone":{"offset":"+8:00","description":"Beijing, Perth, Singapore, Hong Kong"}},"email":"desimir.lazovic@example.com","login":{"uuid":"25d55f63-fb8c-4efe-939c-5ca7e48e0ac5","username":"organicrabbit394","password":"camaro","salt":"8UIW305J","md5":"c61c7355f89fb8e44559509fba7bdb5f","sha1":"9ae9f5d5c2fe4053f138798326ed91d967940e9e","sha256":"160dac751f745db07ebf878470e77f30043c132c2725be5d6a67677018bd0df6"},"dob":{"date":"1988-04-08T07:56:54.760Z","age":36},"registered":{"date":"2015-03-26T07:13:26.652Z","age":9},"phone":"032-5906-838","cell":"062-8743-564","id":{"name":"SID","value":"426624921"},"picture":{"large":"https://randomuser.me/api/portraits/men/48.jpg","medium":"https://randomuser.me/api/portraits/med/men/48.jpg","thumbnail":"https://randomuser.me/api/portraits/thumb/men/48.jpg"},"nat":"RS"}],"info":{"seed":"097b2cdf99770763","results":1,"page":1,"version":"1.4"}} 
 </msg>
<msg time="2024-05-06T11:11:47.769428" level="INFO">/opt/hostedtoolcache/Python/3.12.3/x64/lib/python3.12/site-packages/urllib3/connectionpool.py:1103: InsecureRequestWarning: Unverified HTTPS request is being made to host 'randomuser.me'. Adding certificate verification is strongly advised. See: https://urllib3.readthedocs.io/en/latest/advanced-usage.html#tls-warnings
  warnings.warn(</msg>
<msg time="2024-05-06T11:11:47.769541" level="INFO">${response} = &lt;Response [200]&gt;</msg>
<var>${response}</var>
<arg>consultarAPI</arg>
<arg>/api</arg>
<doc>Sends a GET request on a previously created HTTP Session.</doc>
<status status="PASS" start="2024-05-06T11:11:47.695199" elapsed="0.074383"/>
</kw>
<kw name="Set Variable" owner="BuiltIn">
<msg time="2024-05-06T11:11:47.770610" level="INFO">${json_data} = {'results': [{'gender': 'male', 'name': {'title': 'Mr', 'first': 'Desimir', 'last': 'Lazović'}, 'location': {'street': {'number': 3252, 'name': 'Jevrema Nešića'}, 'city': 'Žabari', 'state': 'North Ban...</msg>
<var>${json_data}</var>
<arg>${response.json()}</arg>
<doc>Returns the given values which can then be assigned to a variables.</doc>
<status status="PASS" start="2024-05-06T11:11:47.770034" elapsed="0.000607"/>
</kw>
<kw name="Log" owner="BuiltIn">
<msg time="2024-05-06T11:11:47.771148" level="INFO">{'results': [{'gender': 'male', 'name': {'title': 'Mr', 'first': 'Desimir', 'last': 'Lazović'}, 'location': {'street': {'number': 3252, 'name': 'Jevrema Nešića'}, 'city': 'Žabari', 'state': 'North Banat', 'country': 'Serbia', 'postcode': 31356, 'coordinates': {'latitude': '55.7788', 'longitude': '-104.1917'}, 'timezone': {'offset': '+8:00', 'description': 'Beijing, Perth, Singapore, Hong Kong'}}, 'email': 'desimir.lazovic@example.com', 'login': {'uuid': '25d55f63-fb8c-4efe-939c-5ca7e48e0ac5', 'username': 'organicrabbit394', 'password': 'camaro', 'salt': '8UIW305J', 'md5': 'c61c7355f89fb8e44559509fba7bdb5f', 'sha1': '9ae9f5d5c2fe4053f138798326ed91d967940e9e', 'sha256': '160dac751f745db07ebf878470e77f30043c132c2725be5d6a67677018bd0df6'}, 'dob': {'date': '1988-04-08T07:56:54.760Z', 'age': 36}, 'registered': {'date': '2015-03-26T07:13:26.652Z', 'age': 9}, 'phone': '032-5906-838', 'cell': '062-8743-564', 'id': {'name': 'SID', 'value': '426624921'}, 'picture': {'large': 'https://randomuser.me/api/portraits/men/48.jpg', 'medium': 'https://randomuser.me/api/portraits/med/men/48.jpg', 'thumbnail': 'https://randomuser.me/api/portraits/thumb/men/48.jpg'}, 'nat': 'RS'}], 'info': {'seed': '097b2cdf99770763', 'results': 1, 'page': 1, 'version': '1.4'}}</msg>
<arg>${json_data}</arg>
<doc>Logs the given message with the given level.</doc>
<status status="PASS" start="2024-05-06T11:11:47.770953" elapsed="0.000282"/>
</kw>
<kw name="Should Be String" owner="String">
<arg>${json_data['results'][0]['gender']}</arg>
<doc>Fails if the given ``item`` is not a string.</doc>
<status status="PASS" start="2024-05-06T11:11:47.771546" elapsed="0.000366"/>
</kw>
<kw name="Should Match Regexp" owner="BuiltIn">
<arg>${json_data['results'][0]['email']}</arg>
<arg>^[a-zA-Z0-9._%+-]+@[a-zA-Z0-9.-]+\.[a-zA-Z]{2,}$</arg>
<doc>Fails if ``string`` does not match ``pattern`` as a regular expression.</doc>
<status status="PASS" start="2024-05-06T11:11:47.772106" elapsed="0.000512"/>
</kw>
<kw name="Should Match Regexp" owner="BuiltIn">
<arg>${json_data['results'][0]['dob']['date']}</arg>
<arg>\\d{4}-\\d{2}-\\d{2}T\\d{2}:\\d{2}:\\d{2}\\.\\d{3}Z</arg>
<doc>Fails if ``string`` does not match ``pattern`` as a regular expression.</doc>
<status status="PASS" start="2024-05-06T11:11:47.772812" elapsed="0.000488"/>
</kw>
<kw name="Should Match Regexp" owner="BuiltIn">
<arg>${json_data['results'][0]['registered']['date']}</arg>
<arg>\\d{4}-\\d{2}-\\d{2}T\\d{2}:\\d{2}:\\d{2}\\.\\d{3}Z</arg>
<doc>Fails if ``string`` does not match ``pattern`` as a regular expression.</doc>
<status status="PASS" start="2024-05-06T11:11:47.773491" elapsed="0.000384"/>
</kw>
<kw name="Should Match Regexp" owner="BuiltIn">
<arg>${json_data['results'][0]['picture']['large']}</arg>
<arg>^https?://.*\.(?:png|jpe?g|gif|bmp)$</arg>
<doc>Fails if ``string`` does not match ``pattern`` as a regular expression.</doc>
<status status="PASS" start="2024-05-06T11:11:47.774085" elapsed="0.000472"/>
</kw>
<kw name="Should Match Regexp" owner="BuiltIn">
<arg>${json_data['results'][0]['picture']['medium']}</arg>
<arg>^https?://.*\.(?:png|jpe?g|gif|bmp)$</arg>
<doc>Fails if ``string`` does not match ``pattern`` as a regular expression.</doc>
<status status="PASS" start="2024-05-06T11:11:47.774746" elapsed="0.000388"/>
</kw>
<kw name="Should Match Regexp" owner="BuiltIn">
<arg>${json_data['results'][0]['picture']['thumbnail']}</arg>
<arg>^https?://.*\.(?:png|jpe?g|gif|bmp)$</arg>
<doc>Fails if ``string`` does not match ``pattern`` as a regular expression.</doc>
<status status="PASS" start="2024-05-06T11:11:47.775330" elapsed="0.000350"/>
</kw>
<kw name="Log" owner="BuiltIn">
<msg time="2024-05-06T11:11:47.776180" level="INFO">{'large': 'https://randomuser.me/api/portraits/men/48.jpg', 'medium': 'https://randomuser.me/api/portraits/med/men/48.jpg', 'thumbnail': 'https://randomuser.me/api/portraits/thumb/men/48.jpg'}</msg>
<arg>${json_data['results'][0]['picture']}</arg>
<doc>Logs the given message with the given level.</doc>
<status status="PASS" start="2024-05-06T11:11:47.775859" elapsed="0.000363"/>
</kw>
<status status="PASS" start="2024-05-06T11:11:47.694921" elapsed="0.081551"/>
</kw>
<kw name="Teste de Tipos de Dados - Postcode" owner="random-user-service">
<kw name="GET On Session" owner="RequestsLibrary">
<msg time="2024-05-06T11:11:47.892933" level="INFO">GET Request : url=https://randomuser.me/api 
 path_url=/api 
 headers={'User-Agent': 'python-requests/2.31.0', 'Accept-Encoding': 'gzip, deflate', 'Accept': '*/*', 'Connection': 'keep-alive'} 
 body=None 
 </msg>
<msg time="2024-05-06T11:11:47.893013" level="INFO">GET Response : url=https://randomuser.me/api 
 status=200, reason=OK 
 headers={'Date': 'Mon, 06 May 2024 11:11:47 GMT', 'Content-Type': 'application/json; charset=utf-8', 'Transfer-Encoding': 'chunked', 'Connection': 'keep-alive', 'X-Powered-By': 'Express', 'Access-Control-Allow-Origin': '*', 'Cache-Control': 'no-cache', 'ETag': 'W/"487-hWYecHxuhT6oh2PWLz11/ESsPNU"', 'Vary': 'Accept-Encoding', 'Content-Encoding': 'gzip', 'CF-Cache-Status': 'DYNAMIC', 'Report-To': '{"endpoints":[{"url":"https:\\/\\/a.nel.cloudflare.com\\/report\\/v4?s=s6YundDJD9ha3%2F1bng0yp%2Fsxcc3joxthQdH%2Fp5SR%2BTpk%2BQoy4JRFGm8pUiOmTbzRwTimGWFLBLrkYu5tv2AmvtYw%2BeVQd61WJSDte%2BceB4dWIjUP75VGQ%2F8UbnGZvQlK"}],"group":"cf-nel","max_age":604800}', 'NEL': '{"success_fraction":0,"report_to":"cf-nel","max_age":604800}', 'Server': 'cloudflare', 'CF-RAY': '87f888139aab7faa-IAD', 'alt-svc': 'h3=":443"; ma=86400'} 
 body={"results":[{"gender":"male","name":{"title":"Mr","first":"Kelly","last":"Walker"},"location":{"street":{"number":6587,"name":"New Street"},"city":"Ballina","state":"Monaghan","country":"Ireland","postcode":38146,"coordinates":{"latitude":"0.3082","longitude":"-70.1326"},"timezone":{"offset":"+9:00","description":"Tokyo, Seoul, Osaka, Sapporo, Yakutsk"}},"email":"kelly.walker@example.com","login":{"uuid":"9eea71a5-0721-4f2e-8358-6b46ad8d2f4a","username":"goldenleopard459","password":"chilli","salt":"aCjf8j5b","md5":"1fa023c72570c48e99f54852ed7d5f41","sha1":"c806784b00cd66918bd956ece4a3cf88ef307188","sha256":"0194d4c870b77a240185718bb0dce9df945c415695cb0b4749c5c986077dce73"},"dob":{"date":"1985-12-26T17:39:52.821Z","age":38},"registered":{"date":"2008-01-17T17:25:09.207Z","age":16},"phone":"051-858-1926","cell":"081-822-8475","id":{"name":"PPS","value":"7516866T"},"picture":{"large":"https://randomuser.me/api/portraits/men/39.jpg","medium":"https://randomuser.me/api/portraits/med/men/39.jpg","thumbnail":"https://randomuser.me/api/portraits/thumb/men/39.jpg"},"nat":"IE"}],"info":{"seed":"32a44e9eeb32e9f8","results":1,"page":1,"version":"1.4"}} 
 </msg>
<msg time="2024-05-06T11:11:47.893080" level="INFO">/opt/hostedtoolcache/Python/3.12.3/x64/lib/python3.12/site-packages/urllib3/connectionpool.py:1103: InsecureRequestWarning: Unverified HTTPS request is being made to host 'randomuser.me'. Adding certificate verification is strongly advised. See: https://urllib3.readthedocs.io/en/latest/advanced-usage.html#tls-warnings
  warnings.warn(</msg>
<msg time="2024-05-06T11:11:47.893197" level="INFO">${response} = &lt;Response [200]&gt;</msg>
<var>${response}</var>
<arg>consultarAPI</arg>
<arg>/api</arg>
<doc>Sends a GET request on a previously created HTTP Session.</doc>
<status status="PASS" start="2024-05-06T11:11:47.776907" elapsed="0.116335"/>
</kw>
<kw name="Set Variable" owner="BuiltIn">
<msg time="2024-05-06T11:11:47.894173" level="INFO">${json_data} = {'results': [{'gender': 'male', 'name': {'title': 'Mr', 'first': 'Kelly', 'last': 'Walker'}, 'location': {'street': {'number': 6587, 'name': 'New Street'}, 'city': 'Ballina', 'state': 'Monaghan', 'cou...</msg>
<var>${json_data}</var>
<arg>${response.json()}</arg>
<doc>Returns the given values which can then be assigned to a variables.</doc>
<status status="PASS" start="2024-05-06T11:11:47.893702" elapsed="0.000498"/>
</kw>
<kw name="Log" owner="BuiltIn">
<msg time="2024-05-06T11:11:47.894651" level="INFO">{'results': [{'gender': 'male', 'name': {'title': 'Mr', 'first': 'Kelly', 'last': 'Walker'}, 'location': {'street': {'number': 6587, 'name': 'New Street'}, 'city': 'Ballina', 'state': 'Monaghan', 'country': 'Ireland', 'postcode': 38146, 'coordinates': {'latitude': '0.3082', 'longitude': '-70.1326'}, 'timezone': {'offset': '+9:00', 'description': 'Tokyo, Seoul, Osaka, Sapporo, Yakutsk'}}, 'email': 'kelly.walker@example.com', 'login': {'uuid': '9eea71a5-0721-4f2e-8358-6b46ad8d2f4a', 'username': 'goldenleopard459', 'password': 'chilli', 'salt': 'aCjf8j5b', 'md5': '1fa023c72570c48e99f54852ed7d5f41', 'sha1': 'c806784b00cd66918bd956ece4a3cf88ef307188', 'sha256': '0194d4c870b77a240185718bb0dce9df945c415695cb0b4749c5c986077dce73'}, 'dob': {'date': '1985-12-26T17:39:52.821Z', 'age': 38}, 'registered': {'date': '2008-01-17T17:25:09.207Z', 'age': 16}, 'phone': '051-858-1926', 'cell': '081-822-8475', 'id': {'name': 'PPS', 'value': '7516866T'}, 'picture': {'large': 'https://randomuser.me/api/portraits/men/39.jpg', 'medium': 'https://randomuser.me/api/portraits/med/men/39.jpg', 'thumbnail': 'https://randomuser.me/api/portraits/thumb/men/39.jpg'}, 'nat': 'IE'}], 'info': {'seed': '32a44e9eeb32e9f8', 'results': 1, 'page': 1, 'version': '1.4'}}</msg>
<arg>${json_data}</arg>
<doc>Logs the given message with the given level.</doc>
<status status="PASS" start="2024-05-06T11:11:47.894499" elapsed="0.000230"/>
</kw>
<kw name="Should Be Equal As Numbers" owner="BuiltIn">
<arg>${json_data['results'][0]['location']['postcode']}</arg>
<arg>${json_data['results'][0]['location']['postcode']}</arg>
<doc>Fails if objects are unequal after converting them to real numbers.</doc>
<status status="PASS" start="2024-05-06T11:11:47.895211" elapsed="0.000627"/>
</kw>
<kw name="Log" owner="BuiltIn">
<msg time="2024-05-06T11:11:47.896464" level="INFO">38146</msg>
<arg>${json_data['results'][0]['location']['postcode']}</arg>
<doc>Logs the given message with the given level.</doc>
<status status="PASS" start="2024-05-06T11:11:47.896050" elapsed="0.000461"/>
</kw>
<status status="PASS" start="2024-05-06T11:11:47.776687" elapsed="0.120121"/>
</kw>
<doc>Testa se os tipos de dados na resposta da API estão corretos.</doc>
<tag>testeTiposDados</tag>
<status status="PASS" start="2024-05-06T11:11:47.694292" elapsed="0.202715"/>
</test>
<test id="s1-s1-t5" name="Validar conteudo" line="35">
<kw name="Teste de Tipos de Conteudo" owner="random-user-service">
<kw name="GET On Session" owner="RequestsLibrary">
<msg time="2024-05-06T11:11:47.971752" level="INFO">GET Request : url=https://randomuser.me/api 
 path_url=/api 
 headers={'User-Agent': 'python-requests/2.31.0', 'Accept-Encoding': 'gzip, deflate', 'Accept': '*/*', 'Connection': 'keep-alive'} 
 body=None 
 </msg>
<msg time="2024-05-06T11:11:47.971831" level="INFO">GET Response : url=https://randomuser.me/api 
 status=200, reason=OK 
 headers={'Date': 'Mon, 06 May 2024 11:11:47 GMT', 'Content-Type': 'application/json; charset=utf-8', 'Transfer-Encoding': 'chunked', 'Connection': 'keep-alive', 'X-Powered-By': 'Express', 'Access-Control-Allow-Origin': '*', 'Cache-Control': 'no-cache', 'ETag': 'W/"494-SgR4CVj/s7anaPMUJyZSmlCxvWE"', 'Vary': 'Accept-Encoding', 'Content-Encoding': 'gzip', 'CF-Cache-Status': 'DYNAMIC', 'Report-To': '{"endpoints":[{"url":"https:\\/\\/a.nel.cloudflare.com\\/report\\/v4?s=lf%2F5cFMclcA2EUAYQZ0%2FXvRejN6lu6AZAuTq4RSX6HdAAHYMxshQJZjVkRxh3O9mXxrucLynSwG%2F8bHnrJFC32QT7%2F8GjRPZHZjMsELYLSvQS8FpeTxia8wMY25TqRh%2B"}],"group":"cf-nel","max_age":604800}', 'NEL': '{"success_fraction":0,"report_to":"cf-nel","max_age":604800}', 'Server': 'cloudflare', 'CF-RAY': '87f888146b787faa-IAD', 'alt-svc': 'h3=":443"; ma=86400'} 
 body={"results":[{"gender":"female","name":{"title":"Miss","first":"Kitty","last":"Koeleman"},"location":{"street":{"number":7314,"name":"Joseph Scaligerstraat"},"city":"Breedenbroek","state":"Limburg","country":"Netherlands","postcode":"9771 FG","coordinates":{"latitude":"35.0744","longitude":"68.9409"},"timezone":{"offset":"+9:30","description":"Adelaide, Darwin"}},"email":"kitty.koeleman@example.com","login":{"uuid":"863ebd16-0037-46c5-8d0b-e770124421f4","username":"silverwolf525","password":"4200","salt":"cmDyXwYZ","md5":"8ba02c44b32e586938d6239b548957b2","sha1":"d541ba81bc75cf21bdb2ea00081044f2ae37bff5","sha256":"e5ebbe316086c1cd56741ba60fb15d0c098202c1b42d3527a2b3e5e3e2d6f3c6"},"dob":{"date":"1971-11-10T13:29:38.560Z","age":52},"registered":{"date":"2002-11-03T01:57:59.256Z","age":21},"phone":"(0339) 715346","cell":"(06) 72888394","id":{"name":"BSN","value":"62743038"},"picture":{"large":"https://randomuser.me/api/portraits/women/10.jpg","medium":"https://randomuser.me/api/portraits/med/women/10.jpg","thumbnail":"https://randomuser.me/api/portraits/thumb/women/10.jpg"},"nat":"NL"}],"info":{"seed":"5a94be64fe89c2d4","results":1,"page":1,"version":"1.4"}} 
 </msg>
<msg time="2024-05-06T11:11:47.971898" level="INFO">/opt/hostedtoolcache/Python/3.12.3/x64/lib/python3.12/site-packages/urllib3/connectionpool.py:1103: InsecureRequestWarning: Unverified HTTPS request is being made to host 'randomuser.me'. Adding certificate verification is strongly advised. See: https://urllib3.readthedocs.io/en/latest/advanced-usage.html#tls-warnings
  warnings.warn(</msg>
<msg time="2024-05-06T11:11:47.971999" level="INFO">${response} = &lt;Response [200]&gt;</msg>
<var>${response}</var>
<arg>consultarAPI</arg>
<arg>/api</arg>
<doc>Sends a GET request on a previously created HTTP Session.</doc>
<status status="PASS" start="2024-05-06T11:11:47.899842" elapsed="0.072196"/>
</kw>
<kw name="Set Variable" owner="BuiltIn">
<msg time="2024-05-06T11:11:47.973024" level="INFO">${json_data} = {'results': [{'gender': 'female', 'name': {'title': 'Miss', 'first': 'Kitty', 'last': 'Koeleman'}, 'location': {'street': {'number': 7314, 'name': 'Joseph Scaligerstraat'}, 'city': 'Breedenbroek', 'st...</msg>
<var>${json_data}</var>
<arg>${response.json()}</arg>
<doc>Returns the given values which can then be assigned to a variables.</doc>
<status status="PASS" start="2024-05-06T11:11:47.972492" elapsed="0.000560"/>
</kw>
<kw name="Set Variable" owner="BuiltIn">
<msg time="2024-05-06T11:11:47.973740" level="INFO">${name_title} = Miss</msg>
<var>${name_title}</var>
<arg>${json_data["results"][0]["name"]["title"]}</arg>
<doc>Returns the given values which can then be assigned to a variables.</doc>
<status status="PASS" start="2024-05-06T11:11:47.973360" elapsed="0.000405"/>
</kw>
<kw name="Create List" owner="BuiltIn">
<msg time="2024-05-06T11:11:47.974215" level="INFO">${allowed_titles} = ['Mr', 'Ms', 'Miss', 'Mrs', 'Madame', 'Monsieur']</msg>
<var>${allowed_titles}</var>
<arg>Mr</arg>
<arg>Ms</arg>
<arg>Miss</arg>
<arg>Mrs</arg>
<arg>Madame</arg>
<arg>Monsieur</arg>
<doc>Returns a list containing given items.</doc>
<status status="PASS" start="2024-05-06T11:11:47.974069" elapsed="0.000170"/>
</kw>
<kw name="List Should Contain Value" owner="Collections">
<msg time="2024-05-06T11:11:47.974711" level="INFO">False</msg>
<arg>${allowed_titles}</arg>
<arg>${name_title}</arg>
<doc>Fails if the ``value`` is not found from ``list``.</doc>
<status status="PASS" start="2024-05-06T11:11:47.974540" elapsed="0.000208"/>
</kw>
<kw name="Set Variable" owner="BuiltIn">
<msg time="2024-05-06T11:11:47.975463" level="INFO">${name_country} = NL</msg>
<var>${name_country}</var>
<arg>${json_data["results"][0]["nat"]}</arg>
<doc>Returns the given values which can then be assigned to a variables.</doc>
<status status="PASS" start="2024-05-06T11:11:47.975081" elapsed="0.000407"/>
</kw>
<kw name="Create List" owner="BuiltIn">
<msg time="2024-05-06T11:11:47.976370" level="INFO">${list_country} = ['AD', 'AE', 'AF', 'AG', 'AI', 'AL', 'AM', 'AO', 'AQ', 'AR', 'AS', 'AT', 'AU', 'AW', 'AX', 'AZ', 'BA', 'BB', 'BD', 'BE', 'BF', 'BG', 'BH', 'BI', 'BJ', 'BL', 'BM', 'BN', 'BO', 'BQ', 'BR', 'BS', 'BT', '...</msg>
<var>${list_country}</var>
<arg>AD</arg>
<arg>AE</arg>
<arg>AF</arg>
<arg>AG</arg>
<arg>AI</arg>
<arg>AL</arg>
<arg>AM</arg>
<arg>AO</arg>
<arg>AQ</arg>
<arg>AR</arg>
<arg>AS</arg>
<arg>AT</arg>
<arg>AU</arg>
<arg>AW</arg>
<arg>AX</arg>
<arg>AZ</arg>
<arg>BA</arg>
<arg>BB</arg>
<arg>BD</arg>
<arg>BE</arg>
<arg>BF</arg>
<arg>BG</arg>
<arg>BH</arg>
<arg>BI</arg>
<arg>BJ</arg>
<arg>BL</arg>
<arg>BM</arg>
<arg>BN</arg>
<arg>BO</arg>
<arg>BQ</arg>
<arg>BR</arg>
<arg>BS</arg>
<arg>BT</arg>
<arg>BV</arg>
<arg>BW</arg>
<arg>BY</arg>
<arg>BZ</arg>
<arg>CA</arg>
<arg>CC</arg>
<arg>CD</arg>
<arg>CF</arg>
<arg>CG</arg>
<arg>CH</arg>
<arg>CI</arg>
<arg>CK</arg>
<arg>CL</arg>
<arg>CM</arg>
<arg>CN</arg>
<arg>CO</arg>
<arg>CR</arg>
<arg>CU</arg>
<arg>CV</arg>
<arg>CW</arg>
<arg>CX</arg>
<arg>CY</arg>
<arg>CZ</arg>
<arg>DE</arg>
<arg>DJ</arg>
<arg>DK</arg>
<arg>DM</arg>
<arg>DO</arg>
<arg>DZ</arg>
<arg>EC</arg>
<arg>EE</arg>
<arg>EG</arg>
<arg>EH</arg>
<arg>ER</arg>
<arg>ES</arg>
<arg>ET</arg>
<arg>FI</arg>
<arg>FJ</arg>
<arg>FK</arg>
<arg>FM</arg>
<arg>FO</arg>
<arg>FR</arg>
<arg>GA</arg>
<arg>GB</arg>
<arg>GD</arg>
<arg>GE</arg>
<arg>GF</arg>
<arg>GG</arg>
<arg>GH</arg>
<arg>GI</arg>
<arg>GL</arg>
<arg>GM</arg>
<arg>GN</arg>
<arg>GP</arg>
<arg>GQ</arg>
<arg>GR</arg>
<arg>GS</arg>
<arg>GT</arg>
<arg>GU</arg>
<arg>GW</arg>
<arg>GY</arg>
<arg>HK</arg>
<arg>HM</arg>
<arg>HN</arg>
<arg>HR</arg>
<arg>HT</arg>
<arg>HU</arg>
<arg>ID</arg>
<arg>IE</arg>
<arg>IL</arg>
<arg>IM</arg>
<arg>IN</arg>
<arg>IO</arg>
<arg>IQ</arg>
<arg>IR</arg>
<arg>IS</arg>
<arg>IT</arg>
<arg>JE</arg>
<arg>JM</arg>
<arg>JO</arg>
<arg>JP</arg>
<arg>KE</arg>
<arg>KG</arg>
<arg>KH</arg>
<arg>KI</arg>
<arg>KM</arg>
<arg>KN</arg>
<arg>KP</arg>
<arg>KR</arg>
<arg>KW</arg>
<arg>KY</arg>
<arg>KZ</arg>
<arg>LA</arg>
<arg>LB</arg>
<arg>LC</arg>
<arg>LI</arg>
<arg>LK</arg>
<arg>LR</arg>
<arg>LS</arg>
<arg>LT</arg>
<arg>LU</arg>
<arg>LV</arg>
<arg>LY</arg>
<arg>MA</arg>
<arg>MC</arg>
<arg>MD</arg>
<arg>ME</arg>
<arg>MF</arg>
<arg>MG</arg>
<arg>MH</arg>
<arg>MK</arg>
<arg>ML</arg>
<arg>MM</arg>
<arg>MN</arg>
<arg>MO</arg>
<arg>MP</arg>
<arg>MQ</arg>
<arg>MR</arg>
<arg>MS</arg>
<arg>MT</arg>
<arg>MU</arg>
<arg>MV</arg>
<arg>MW</arg>
<arg>MX</arg>
<arg>MY</arg>
<arg>MZ</arg>
<arg>NA</arg>
<arg>NC</arg>
<arg>NE</arg>
<arg>NF</arg>
<arg>NG</arg>
<arg>NI</arg>
<arg>NL</arg>
<arg>NO</arg>
<arg>NP</arg>
<arg>NR</arg>
<arg>NU</arg>
<arg>NZ</arg>
<arg>OM</arg>
<arg>PA</arg>
<arg>PE</arg>
<arg>PF</arg>
<arg>PG</arg>
<arg>PH</arg>
<arg>PK</arg>
<arg>PL</arg>
<arg>PM</arg>
<arg>PN</arg>
<arg>PR</arg>
<arg>PS</arg>
<arg>PT</arg>
<arg>PW</arg>
<arg>PY</arg>
<arg>QA</arg>
<arg>RE</arg>
<arg>RO</arg>
<arg>RS</arg>
<arg>RU</arg>
<arg>RW</arg>
<arg>SA</arg>
<arg>SB</arg>
<arg>SC</arg>
<arg>SD</arg>
<arg>SE</arg>
<arg>SG</arg>
<arg>SH</arg>
<arg>SI</arg>
<arg>SJ</arg>
<arg>SK</arg>
<arg>SL</arg>
<arg>SM</arg>
<arg>SN</arg>
<arg>SO</arg>
<arg>SR</arg>
<arg>SS</arg>
<arg>ST</arg>
<arg>SV</arg>
<arg>SX</arg>
<arg>SY</arg>
<arg>SZ</arg>
<arg>TC</arg>
<arg>TD</arg>
<arg>TF</arg>
<arg>TG</arg>
<arg>TH</arg>
<arg>TJ</arg>
<arg>TK</arg>
<arg>TL</arg>
<arg>TM</arg>
<arg>TN</arg>
<arg>TO</arg>
<arg>TR</arg>
<arg>TT</arg>
<arg>TV</arg>
<arg>TW</arg>
<arg>TZ</arg>
<arg>UA</arg>
<arg>UG</arg>
<arg>UM</arg>
<arg>US</arg>
<arg>UY</arg>
<arg>UZ</arg>
<arg>VA</arg>
<arg>VC</arg>
<arg>VE</arg>
<arg>VG</arg>
<arg>VI</arg>
<arg>VN</arg>
<arg>VU</arg>
<arg>WF</arg>
<arg>WS</arg>
<arg>XK</arg>
<arg>YE</arg>
<arg>YT</arg>
<arg>ZA</arg>
<arg>ZM</arg>
<arg>ZW</arg>
<doc>Returns a list containing given items.</doc>
<status status="PASS" start="2024-05-06T11:11:47.975790" elapsed="0.000606"/>
</kw>
<kw name="List Should Contain Value" owner="Collections">
<msg time="2024-05-06T11:11:47.977386" level="INFO">False</msg>
<arg>${list_country}</arg>
<arg>${name_country}</arg>
<doc>Fails if the ``value`` is not found from ``list``.</doc>
<status status="PASS" start="2024-05-06T11:11:47.977187" elapsed="0.000235"/>
</kw>
<kw name="Run Keyword If" owner="BuiltIn">
<kw name="Should Be True" owner="BuiltIn">
<arg>${True}</arg>
<doc>Fails if the given condition is not true.</doc>
<status status="PASS" start="2024-05-06T11:11:47.978469" elapsed="0.000240"/>
</kw>
<arg>${json_data["results"][0]["location"]["coordinates"]["latitude"]} &gt;= -90 and ${json_data["results"][0]["location"]["coordinates"]["latitude"]} &lt;= 90</arg>
<arg>Should Be True</arg>
<arg>${True}</arg>
<doc>Runs the given keyword with the given arguments, if ``condition`` is true.</doc>
<status status="PASS" start="2024-05-06T11:11:47.977729" elapsed="0.001111"/>
</kw>
<kw name="Run Keyword If" owner="BuiltIn">
<kw name="Should Be True" owner="BuiltIn">
<arg>${True}</arg>
<doc>Fails if the given condition is not true.</doc>
<status status="PASS" start="2024-05-06T11:11:47.979756" elapsed="0.000137"/>
</kw>
<arg>${json_data["results"][0]["location"]["coordinates"]["longitude"]} &gt;= -180 and ${json_data["results"][0]["location"]["coordinates"]["longitude"]} &lt;= 180</arg>
<arg>Should Be True</arg>
<arg>${True}</arg>
<doc>Runs the given keyword with the given arguments, if ``condition`` is true.</doc>
<status status="PASS" start="2024-05-06T11:11:47.979052" elapsed="0.000963"/>
</kw>
<status status="PASS" start="2024-05-06T11:11:47.899463" elapsed="0.080680"/>
</kw>
<doc>Testa o conteúdo específico dos campos retornados pela API.</doc>
<tag>testeConteudo</tag>
<status status="PASS" start="2024-05-06T11:11:47.898778" elapsed="0.081507"/>
</test>
<status status="PASS" start="2024-05-06T11:11:47.113091" elapsed="0.869089"/>
</suite>
<status status="PASS" start="2024-05-06T11:11:47.099493" elapsed="0.887782"/>
</suite>
<statistics>
<total>
<stat pass="5" fail="0" skip="0">All Tests</stat>
</total>
<tag>
<stat pass="1" fail="0" skip="0">testeConteudo</stat>
<stat pass="1" fail="0" skip="0">testeEstruturaResposta</stat>
<stat pass="1" fail="0" skip="0">testeRequisicaoBasica</stat>
<stat pass="1" fail="0" skip="0">testeTiposDados</stat>
</tag>
<suite>
<stat pass="5" fail="0" skip="0" id="s1" name="Tests">Tests</stat>
<stat pass="5" fail="0" skip="0" id="s1-s1" name="Random-User-Test">Tests.Random-User-Test</stat>
</suite>
</statistics>
<errors>
</errors>
</robot>
