<?xml version="1.0" encoding="UTF-8"?>
<robot generator="Robot 7.0 (Python 3.12.3 on linux)" generated="2024-05-07T18:18:43.967904" rpa="false" schemaversion="5">
<suite id="s1" name="Tests" source="/home/runner/work/DesafioQAItauRogerioJordao/DesafioQAItauRogerioJordao/RamdonUser/tests">
<suite id="s1-s1" name="Random-User-Test" source="/home/runner/work/DesafioQAItauRogerioJordao/DesafioQAItauRogerioJordao/RamdonUser/tests/random-user-test.robot">
<test id="s1-s1-t1" name="Conectar" line="13">
<kw name="Conectar API" owner="random-user-service">
<kw name="Create Session" owner="RequestsLibrary">
<msg time="2024-05-07T18:18:44.353243" level="INFO">Creating Session using : alias=consultarAPI, url=https://randomuser.me/, headers={},                     cookies={}, auth=None, timeout=None, proxies=None, verify=False,                     debug=0 </msg>
<arg>consultarAPI</arg>
<arg>${URL}</arg>
<doc>Create Session: create a HTTP session to a server</doc>
<status status="PASS" start="2024-05-07T18:18:44.352978" elapsed="0.000502"/>
</kw>
<status status="PASS" start="2024-05-07T18:18:44.351576" elapsed="0.002347"/>
</kw>
<status status="PASS" start="2024-05-07T18:18:44.350997" elapsed="0.003180"/>
</test>
<test id="s1-s1-t2" name="Validar retorno 200 e JSON Válido" line="16">
<kw name="Teste de Requisicao Basica" owner="random-user-service">
<kw name="GET On Session" owner="RequestsLibrary">
<msg time="2024-05-07T18:18:44.505231" level="INFO">GET Request : url=https://randomuser.me/api 
 path_url=/api 
 headers={'User-Agent': 'python-requests/2.31.0', 'Accept-Encoding': 'gzip, deflate', 'Accept': '*/*', 'Connection': 'keep-alive'} 
 body=None 
 </msg>
<msg time="2024-05-07T18:18:44.505387" level="INFO">GET Response : url=https://randomuser.me/api 
 status=200, reason=OK 
 headers={'Date': 'Tue, 07 May 2024 18:18:44 GMT', 'Content-Type': 'application/json; charset=utf-8', 'Transfer-Encoding': 'chunked', 'Connection': 'keep-alive', 'X-Powered-By': 'Express', 'Access-Control-Allow-Origin': '*', 'Cache-Control': 'no-cache', 'ETag': 'W/"47b-5KdF6Nh6kbjNrLb5fgfeV7b8N34"', 'Vary': 'Accept-Encoding', 'Content-Encoding': 'gzip', 'CF-Cache-Status': 'DYNAMIC', 'Report-To': '{"endpoints":[{"url":"https:\\/\\/a.nel.cloudflare.com\\/report\\/v4?s=68k0cHbp3V7WJmd%2B%2BrVlHwPh3qP9k80kjyNIN%2FPaiJBcTaY3J%2F779I0QikwnvhRLn4maq%2BnhKIKbfa0AeDUavOXHcxM5spyLsqYmGSCfK2CGG66731zyOjZR9C75iFfd"}],"group":"cf-nel","max_age":604800}', 'NEL': '{"success_fraction":0,"report_to":"cf-nel","max_age":604800}', 'Server': 'cloudflare', 'CF-RAY': '880336db98a3dbd1-LAX', 'alt-svc': 'h3=":443"; ma=86400'} 
 body={"results":[{"gender":"male","name":{"title":"Mr","first":"Jeet","last":"Rajesh"},"location":{"street":{"number":4816,"name":"Carter Rd Promenade"},"city":"Tadipatri","state":"Rajasthan","country":"India","postcode":11658,"coordinates":{"latitude":"9.9658","longitude":"-146.4880"},"timezone":{"offset":"+9:30","description":"Adelaide, Darwin"}},"email":"jeet.rajesh@example.com","login":{"uuid":"8be72ec0-2bd2-41fb-b706-8274a73e22cb","username":"angrygorilla586","password":"jared","salt":"iS1lf0TS","md5":"299dbf63ac1da7a319dcf6fa66da5659","sha1":"e2abd987a4a81edc4d59c68329769b26af3ee722","sha256":"6707ad5b98f0d369434c6e48cf79160058bd58465bffb860cb59a26e362a7420"},"dob":{"date":"1953-09-09T06:12:03.880Z","age":70},"registered":{"date":"2011-11-25T14:57:54.482Z","age":12},"phone":"8428117696","cell":"7988374974","id":{"name":"UIDAI","value":"587581611488"},"picture":{"large":"https://randomuser.me/api/portraits/men/25.jpg","medium":"https://randomuser.me/api/portraits/med/men/25.jpg","thumbnail":"https://randomuser.me/api/portraits/thumb/men/25.jpg"},"nat":"IN"}],"info":{"seed":"ec93af69da083a97","results":1,"page":1,"version":"1.4"}} 
 </msg>
<msg time="2024-05-07T18:18:44.505470" level="INFO">/opt/hostedtoolcache/Python/3.12.3/x64/lib/python3.12/site-packages/urllib3/connectionpool.py:1103: InsecureRequestWarning: Unverified HTTPS request is being made to host 'randomuser.me'. Adding certificate verification is strongly advised. See: https://urllib3.readthedocs.io/en/latest/advanced-usage.html#tls-warnings
  warnings.warn(</msg>
<msg time="2024-05-07T18:18:44.505642" level="INFO">${response} = &lt;Response [200]&gt;</msg>
<var>${response}</var>
<arg>consultarAPI</arg>
<arg>/api</arg>
<doc>Sends a GET request on a previously created HTTP Session.</doc>
<status status="PASS" start="2024-05-07T18:18:44.357057" elapsed="0.148624"/>
</kw>
<kw name="Should Be Equal As Numbers" owner="BuiltIn">
<msg time="2024-05-07T18:18:44.506834" level="INFO">Argument types are:
&lt;class 'int'&gt;
&lt;class 'str'&gt;</msg>
<arg>${response.status_code}</arg>
<arg>200</arg>
<doc>Fails if objects are unequal after converting them to real numbers.</doc>
<status status="PASS" start="2024-05-07T18:18:44.506356" elapsed="0.000544"/>
</kw>
<kw name="Log" owner="BuiltIn">
<msg time="2024-05-07T18:18:44.507607" level="INFO">200</msg>
<arg>${response.status_code}</arg>
<doc>Logs the given message with the given level.</doc>
<status status="PASS" start="2024-05-07T18:18:44.507246" elapsed="0.000405"/>
</kw>
<kw name="Set Variable" owner="BuiltIn">
<msg time="2024-05-07T18:18:44.508402" level="INFO">${json_data} = {'results': [{'gender': 'male', 'name': {'title': 'Mr', 'first': 'Jeet', 'last': 'Rajesh'}, 'location': {'street': {'number': 4816, 'name': 'Carter Rd Promenade'}, 'city': 'Tadipatri', 'state': 'Rajas...</msg>
<var>${json_data}</var>
<arg>${response.json()}</arg>
<doc>Returns the given values which can then be assigned to a variables.</doc>
<status status="PASS" start="2024-05-07T18:18:44.507957" elapsed="0.000473"/>
</kw>
<kw name="Dictionary Should Contain Key" owner="Collections">
<msg time="2024-05-07T18:18:44.508935" level="INFO">False</msg>
<arg>${json_data}</arg>
<arg>results</arg>
<doc>Fails if ``key`` is not found from ``dictionary``.</doc>
<status status="PASS" start="2024-05-07T18:18:44.508761" elapsed="0.000214"/>
</kw>
<status status="PASS" start="2024-05-07T18:18:44.356803" elapsed="0.152428"/>
</kw>
<doc>Testa se a API responde corretamente e retorna um objeto JSON válido.</doc>
<tag>testeRequisicaoBasica</tag>
<status status="PASS" start="2024-05-07T18:18:44.356303" elapsed="0.153112"/>
</test>
<test id="s1-s1-t3" name="Validar estrutura de resposta" line="22">
<kw name="Teste de Estrutura de Resposta" owner="random-user-service">
<kw name="GET On Session" owner="RequestsLibrary">
<msg time="2024-05-07T18:18:44.748554" level="INFO">GET Request : url=https://randomuser.me/api 
 path_url=/api 
 headers={'User-Agent': 'python-requests/2.31.0', 'Accept-Encoding': 'gzip, deflate', 'Accept': '*/*', 'Connection': 'keep-alive'} 
 body=None 
 </msg>
<msg time="2024-05-07T18:18:44.748656" level="INFO">GET Response : url=https://randomuser.me/api 
 status=200, reason=OK 
 headers={'Date': 'Tue, 07 May 2024 18:18:44 GMT', 'Content-Type': 'application/json; charset=utf-8', 'Transfer-Encoding': 'chunked', 'Connection': 'keep-alive', 'X-Powered-By': 'Express', 'Access-Control-Allow-Origin': '*', 'Cache-Control': 'no-cache', 'ETag': 'W/"4ab-bBps4lXJ+xR/yOw7OE0vSpwVPWg"', 'Vary': 'Accept-Encoding', 'Content-Encoding': 'gzip', 'CF-Cache-Status': 'DYNAMIC', 'Report-To': '{"endpoints":[{"url":"https:\\/\\/a.nel.cloudflare.com\\/report\\/v4?s=WPyaAdjOd7wS%2FUmHAJ40hcNOTrzaakLv0LIrn%2BrO9GyRr%2Fz8Txz1vDfUSLuGpDDpcxwA12KNyv6JXwRRhi2C48%2F0r87%2FjC00%2BUN%2B5veXkchApKI1JUMZM0ge94%2BEQ2yX"}],"group":"cf-nel","max_age":604800}', 'NEL': '{"success_fraction":0,"report_to":"cf-nel","max_age":604800}', 'Server': 'cloudflare', 'CF-RAY': '880336dc395cdbd1-LAX', 'alt-svc': 'h3=":443"; ma=86400'} 
 body={"results":[{"gender":"female","name":{"title":"Madame","first":"Ronja","last":"Riviere"},"location":{"street":{"number":2135,"name":"Avenue Paul Eluard"},"city":"Ried-Brig","state":"Glarus","country":"Switzerland","postcode":3785,"coordinates":{"latitude":"-61.8665","longitude":"23.2337"},"timezone":{"offset":"+11:00","description":"Magadan, Solomon Islands, New Caledonia"}},"email":"ronja.riviere@example.com","login":{"uuid":"dd5f31b4-4a13-4c5f-840a-ff6f6c4fec8f","username":"purplezebra994","password":"030303","salt":"OenXv8Ur","md5":"212c535e55876e1e58e501457c41787b","sha1":"ec98afa6767775375f721253595f0f16c96d402a","sha256":"a074d26ffa35f52d23200cbc6b715d99f6e7559dcb917f76943b139c5053070d"},"dob":{"date":"1967-03-30T09:04:00.030Z","age":57},"registered":{"date":"2021-03-04T18:13:19.700Z","age":3},"phone":"079 875 95 06","cell":"077 002 89 43","id":{"name":"AVS","value":"756.7222.5201.89"},"picture":{"large":"https://randomuser.me/api/portraits/women/39.jpg","medium":"https://randomuser.me/api/portraits/med/women/39.jpg","thumbnail":"https://randomuser.me/api/portraits/thumb/women/39.jpg"},"nat":"CH"}],"info":{"seed":"64873b2f2a5367bc","results":1,"page":1,"version":"1.4"}} 
 </msg>
<msg time="2024-05-07T18:18:44.748829" level="INFO">/opt/hostedtoolcache/Python/3.12.3/x64/lib/python3.12/site-packages/urllib3/connectionpool.py:1103: InsecureRequestWarning: Unverified HTTPS request is being made to host 'randomuser.me'. Adding certificate verification is strongly advised. See: https://urllib3.readthedocs.io/en/latest/advanced-usage.html#tls-warnings
  warnings.warn(</msg>
<msg time="2024-05-07T18:18:44.748978" level="INFO">${response} = &lt;Response [200]&gt;</msg>
<var>${response}</var>
<arg>consultarAPI</arg>
<arg>/api</arg>
<doc>Sends a GET request on a previously created HTTP Session.</doc>
<status status="PASS" start="2024-05-07T18:18:44.512032" elapsed="0.236987"/>
</kw>
<kw name="Set Variable" owner="BuiltIn">
<msg time="2024-05-07T18:18:44.750088" level="INFO">${json_data} = {'results': [{'gender': 'female', 'name': {'title': 'Madame', 'first': 'Ronja', 'last': 'Riviere'}, 'location': {'street': {'number': 2135, 'name': 'Avenue Paul Eluard'}, 'city': 'Ried-Brig', 'state':...</msg>
<var>${json_data}</var>
<arg>${response.json()}</arg>
<doc>Returns the given values which can then be assigned to a variables.</doc>
<status status="PASS" start="2024-05-07T18:18:44.749564" elapsed="0.000552"/>
</kw>
<kw name="Log" owner="BuiltIn">
<msg time="2024-05-07T18:18:44.750582" level="INFO">{'results': [{'gender': 'female', 'name': {'title': 'Madame', 'first': 'Ronja', 'last': 'Riviere'}, 'location': {'street': {'number': 2135, 'name': 'Avenue Paul Eluard'}, 'city': 'Ried-Brig', 'state': 'Glarus', 'country': 'Switzerland', 'postcode': 3785, 'coordinates': {'latitude': '-61.8665', 'longitude': '23.2337'}, 'timezone': {'offset': '+11:00', 'description': 'Magadan, Solomon Islands, New Caledonia'}}, 'email': 'ronja.riviere@example.com', 'login': {'uuid': 'dd5f31b4-4a13-4c5f-840a-ff6f6c4fec8f', 'username': 'purplezebra994', 'password': '030303', 'salt': 'OenXv8Ur', 'md5': '212c535e55876e1e58e501457c41787b', 'sha1': 'ec98afa6767775375f721253595f0f16c96d402a', 'sha256': 'a074d26ffa35f52d23200cbc6b715d99f6e7559dcb917f76943b139c5053070d'}, 'dob': {'date': '1967-03-30T09:04:00.030Z', 'age': 57}, 'registered': {'date': '2021-03-04T18:13:19.700Z', 'age': 3}, 'phone': '079 875 95 06', 'cell': '077 002 89 43', 'id': {'name': 'AVS', 'value': '756.7222.5201.89'}, 'picture': {'large': 'https://randomuser.me/api/portraits/women/39.jpg', 'medium': 'https://randomuser.me/api/portraits/med/women/39.jpg', 'thumbnail': 'https://randomuser.me/api/portraits/thumb/women/39.jpg'}, 'nat': 'CH'}], 'info': {'seed': '64873b2f2a5367bc', 'results': 1, 'page': 1, 'version': '1.4'}}</msg>
<arg>${json_data}</arg>
<doc>Logs the given message with the given level.</doc>
<status status="PASS" start="2024-05-07T18:18:44.750421" elapsed="0.000212"/>
</kw>
<kw name="Dictionary Should Contain Key" owner="Collections">
<msg time="2024-05-07T18:18:44.751088" level="INFO">False</msg>
<arg>${json_data}</arg>
<arg>results</arg>
<doc>Fails if ``key`` is not found from ``dictionary``.</doc>
<status status="PASS" start="2024-05-07T18:18:44.750933" elapsed="0.000191"/>
</kw>
<kw name="Should Not Be Empty" owner="BuiltIn">
<msg time="2024-05-07T18:18:44.751550" level="INFO">Length is 2.</msg>
<arg>${json_data}</arg>
<doc>Verifies that the given item is not empty.</doc>
<status status="PASS" start="2024-05-07T18:18:44.751415" elapsed="0.000172"/>
</kw>
<kw name="Create List" owner="BuiltIn">
<msg time="2024-05-07T18:18:44.752197" level="INFO">${expected_keys} = ['gender', 'name', 'location', 'email', 'login']</msg>
<var>${expected_keys}</var>
<arg>gender</arg>
<arg>name</arg>
<arg>location</arg>
<arg>email</arg>
<arg>login</arg>
<doc>Returns a list containing given items.</doc>
<status status="PASS" start="2024-05-07T18:18:44.751871" elapsed="0.000352"/>
</kw>
<for flavor="IN">
<iter>
<kw name="Dictionary Should Contain Key" owner="Collections">
<msg time="2024-05-07T18:18:44.753265" level="INFO">False</msg>
<arg>${json_data['results'][0]}</arg>
<arg>${key}</arg>
<doc>Fails if ``key`` is not found from ``dictionary``.</doc>
<status status="PASS" start="2024-05-07T18:18:44.752862" elapsed="0.000441"/>
</kw>
<kw name="Log" owner="BuiltIn">
<msg time="2024-05-07T18:18:44.753963" level="INFO">{'gender': 'female', 'name': {'title': 'Madame', 'first': 'Ronja', 'last': 'Riviere'}, 'location': {'street': {'number': 2135, 'name': 'Avenue Paul Eluard'}, 'city': 'Ried-Brig', 'state': 'Glarus', 'country': 'Switzerland', 'postcode': 3785, 'coordinates': {'latitude': '-61.8665', 'longitude': '23.2337'}, 'timezone': {'offset': '+11:00', 'description': 'Magadan, Solomon Islands, New Caledonia'}}, 'email': 'ronja.riviere@example.com', 'login': {'uuid': 'dd5f31b4-4a13-4c5f-840a-ff6f6c4fec8f', 'username': 'purplezebra994', 'password': '030303', 'salt': 'OenXv8Ur', 'md5': '212c535e55876e1e58e501457c41787b', 'sha1': 'ec98afa6767775375f721253595f0f16c96d402a', 'sha256': 'a074d26ffa35f52d23200cbc6b715d99f6e7559dcb917f76943b139c5053070d'}, 'dob': {'date': '1967-03-30T09:04:00.030Z', 'age': 57}, 'registered': {'date': '2021-03-04T18:13:19.700Z', 'age': 3}, 'phone': '079 875 95 06', 'cell': '077 002 89 43', 'id': {'name': 'AVS', 'value': '756.7222.5201.89'}, 'picture': {'large': 'https://randomuser.me/api/portraits/women/39.jpg', 'medium': 'https://randomuser.me/api/portraits/med/women/39.jpg', 'thumbnail': 'https://randomuser.me/api/portraits/thumb/women/39.jpg'}, 'nat': 'CH'}</msg>
<arg>${json_data['results'][0]}</arg>
<doc>Logs the given message with the given level.</doc>
<status status="PASS" start="2024-05-07T18:18:44.753597" elapsed="0.000413"/>
</kw>
<kw name="Log" owner="BuiltIn">
<msg time="2024-05-07T18:18:44.754483" level="INFO">gender</msg>
<arg>${key}</arg>
<doc>Logs the given message with the given level.</doc>
<status status="PASS" start="2024-05-07T18:18:44.754349" elapsed="0.000172"/>
</kw>
<var name="${key}">gender</var>
<status status="PASS" start="2024-05-07T18:18:44.752717" elapsed="0.002014"/>
</iter>
<iter>
<kw name="Dictionary Should Contain Key" owner="Collections">
<msg time="2024-05-07T18:18:44.755425" level="INFO">False</msg>
<arg>${json_data['results'][0]}</arg>
<arg>${key}</arg>
<doc>Fails if ``key`` is not found from ``dictionary``.</doc>
<status status="PASS" start="2024-05-07T18:18:44.755043" elapsed="0.000455"/>
</kw>
<kw name="Log" owner="BuiltIn">
<msg time="2024-05-07T18:18:44.756165" level="INFO">{'gender': 'female', 'name': {'title': 'Madame', 'first': 'Ronja', 'last': 'Riviere'}, 'location': {'street': {'number': 2135, 'name': 'Avenue Paul Eluard'}, 'city': 'Ried-Brig', 'state': 'Glarus', 'country': 'Switzerland', 'postcode': 3785, 'coordinates': {'latitude': '-61.8665', 'longitude': '23.2337'}, 'timezone': {'offset': '+11:00', 'description': 'Magadan, Solomon Islands, New Caledonia'}}, 'email': 'ronja.riviere@example.com', 'login': {'uuid': 'dd5f31b4-4a13-4c5f-840a-ff6f6c4fec8f', 'username': 'purplezebra994', 'password': '030303', 'salt': 'OenXv8Ur', 'md5': '212c535e55876e1e58e501457c41787b', 'sha1': 'ec98afa6767775375f721253595f0f16c96d402a', 'sha256': 'a074d26ffa35f52d23200cbc6b715d99f6e7559dcb917f76943b139c5053070d'}, 'dob': {'date': '1967-03-30T09:04:00.030Z', 'age': 57}, 'registered': {'date': '2021-03-04T18:13:19.700Z', 'age': 3}, 'phone': '079 875 95 06', 'cell': '077 002 89 43', 'id': {'name': 'AVS', 'value': '756.7222.5201.89'}, 'picture': {'large': 'https://randomuser.me/api/portraits/women/39.jpg', 'medium': 'https://randomuser.me/api/portraits/med/women/39.jpg', 'thumbnail': 'https://randomuser.me/api/portraits/thumb/women/39.jpg'}, 'nat': 'CH'}</msg>
<arg>${json_data['results'][0]}</arg>
<doc>Logs the given message with the given level.</doc>
<status status="PASS" start="2024-05-07T18:18:44.755810" elapsed="0.000403"/>
</kw>
<kw name="Log" owner="BuiltIn">
<msg time="2024-05-07T18:18:44.756625" level="INFO">name</msg>
<arg>${key}</arg>
<doc>Logs the given message with the given level.</doc>
<status status="PASS" start="2024-05-07T18:18:44.756500" elapsed="0.000162"/>
</kw>
<var name="${key}">name</var>
<status status="PASS" start="2024-05-07T18:18:44.754924" elapsed="0.001980"/>
</iter>
<iter>
<kw name="Dictionary Should Contain Key" owner="Collections">
<msg time="2024-05-07T18:18:44.757577" level="INFO">False</msg>
<arg>${json_data['results'][0]}</arg>
<arg>${key}</arg>
<doc>Fails if ``key`` is not found from ``dictionary``.</doc>
<status status="PASS" start="2024-05-07T18:18:44.757194" elapsed="0.000420"/>
</kw>
<kw name="Log" owner="BuiltIn">
<msg time="2024-05-07T18:18:44.758264" level="INFO">{'gender': 'female', 'name': {'title': 'Madame', 'first': 'Ronja', 'last': 'Riviere'}, 'location': {'street': {'number': 2135, 'name': 'Avenue Paul Eluard'}, 'city': 'Ried-Brig', 'state': 'Glarus', 'country': 'Switzerland', 'postcode': 3785, 'coordinates': {'latitude': '-61.8665', 'longitude': '23.2337'}, 'timezone': {'offset': '+11:00', 'description': 'Magadan, Solomon Islands, New Caledonia'}}, 'email': 'ronja.riviere@example.com', 'login': {'uuid': 'dd5f31b4-4a13-4c5f-840a-ff6f6c4fec8f', 'username': 'purplezebra994', 'password': '030303', 'salt': 'OenXv8Ur', 'md5': '212c535e55876e1e58e501457c41787b', 'sha1': 'ec98afa6767775375f721253595f0f16c96d402a', 'sha256': 'a074d26ffa35f52d23200cbc6b715d99f6e7559dcb917f76943b139c5053070d'}, 'dob': {'date': '1967-03-30T09:04:00.030Z', 'age': 57}, 'registered': {'date': '2021-03-04T18:13:19.700Z', 'age': 3}, 'phone': '079 875 95 06', 'cell': '077 002 89 43', 'id': {'name': 'AVS', 'value': '756.7222.5201.89'}, 'picture': {'large': 'https://randomuser.me/api/portraits/women/39.jpg', 'medium': 'https://randomuser.me/api/portraits/med/women/39.jpg', 'thumbnail': 'https://randomuser.me/api/portraits/thumb/women/39.jpg'}, 'nat': 'CH'}</msg>
<arg>${json_data['results'][0]}</arg>
<doc>Logs the given message with the given level.</doc>
<status status="PASS" start="2024-05-07T18:18:44.757910" elapsed="0.000400"/>
</kw>
<kw name="Log" owner="BuiltIn">
<msg time="2024-05-07T18:18:44.758721" level="INFO">location</msg>
<arg>${key}</arg>
<doc>Logs the given message with the given level.</doc>
<status status="PASS" start="2024-05-07T18:18:44.758597" elapsed="0.000162"/>
</kw>
<var name="${key}">location</var>
<status status="PASS" start="2024-05-07T18:18:44.757083" elapsed="0.001886"/>
</iter>
<iter>
<kw name="Dictionary Should Contain Key" owner="Collections">
<msg time="2024-05-07T18:18:44.759633" level="INFO">False</msg>
<arg>${json_data['results'][0]}</arg>
<arg>${key}</arg>
<doc>Fails if ``key`` is not found from ``dictionary``.</doc>
<status status="PASS" start="2024-05-07T18:18:44.759253" elapsed="0.000416"/>
</kw>
<kw name="Log" owner="BuiltIn">
<msg time="2024-05-07T18:18:44.760319" level="INFO">{'gender': 'female', 'name': {'title': 'Madame', 'first': 'Ronja', 'last': 'Riviere'}, 'location': {'street': {'number': 2135, 'name': 'Avenue Paul Eluard'}, 'city': 'Ried-Brig', 'state': 'Glarus', 'country': 'Switzerland', 'postcode': 3785, 'coordinates': {'latitude': '-61.8665', 'longitude': '23.2337'}, 'timezone': {'offset': '+11:00', 'description': 'Magadan, Solomon Islands, New Caledonia'}}, 'email': 'ronja.riviere@example.com', 'login': {'uuid': 'dd5f31b4-4a13-4c5f-840a-ff6f6c4fec8f', 'username': 'purplezebra994', 'password': '030303', 'salt': 'OenXv8Ur', 'md5': '212c535e55876e1e58e501457c41787b', 'sha1': 'ec98afa6767775375f721253595f0f16c96d402a', 'sha256': 'a074d26ffa35f52d23200cbc6b715d99f6e7559dcb917f76943b139c5053070d'}, 'dob': {'date': '1967-03-30T09:04:00.030Z', 'age': 57}, 'registered': {'date': '2021-03-04T18:13:19.700Z', 'age': 3}, 'phone': '079 875 95 06', 'cell': '077 002 89 43', 'id': {'name': 'AVS', 'value': '756.7222.5201.89'}, 'picture': {'large': 'https://randomuser.me/api/portraits/women/39.jpg', 'medium': 'https://randomuser.me/api/portraits/med/women/39.jpg', 'thumbnail': 'https://randomuser.me/api/portraits/thumb/women/39.jpg'}, 'nat': 'CH'}</msg>
<arg>${json_data['results'][0]}</arg>
<doc>Logs the given message with the given level.</doc>
<status status="PASS" start="2024-05-07T18:18:44.759963" elapsed="0.000402"/>
</kw>
<kw name="Log" owner="BuiltIn">
<msg time="2024-05-07T18:18:44.760822" level="INFO">email</msg>
<arg>${key}</arg>
<doc>Logs the given message with the given level.</doc>
<status status="PASS" start="2024-05-07T18:18:44.760650" elapsed="0.000211"/>
</kw>
<var name="${key}">email</var>
<status status="PASS" start="2024-05-07T18:18:44.759144" elapsed="0.001945"/>
</iter>
<iter>
<kw name="Dictionary Should Contain Key" owner="Collections">
<msg time="2024-05-07T18:18:44.761756" level="INFO">False</msg>
<arg>${json_data['results'][0]}</arg>
<arg>${key}</arg>
<doc>Fails if ``key`` is not found from ``dictionary``.</doc>
<status status="PASS" start="2024-05-07T18:18:44.761369" elapsed="0.000423"/>
</kw>
<kw name="Log" owner="BuiltIn">
<msg time="2024-05-07T18:18:44.762443" level="INFO">{'gender': 'female', 'name': {'title': 'Madame', 'first': 'Ronja', 'last': 'Riviere'}, 'location': {'street': {'number': 2135, 'name': 'Avenue Paul Eluard'}, 'city': 'Ried-Brig', 'state': 'Glarus', 'country': 'Switzerland', 'postcode': 3785, 'coordinates': {'latitude': '-61.8665', 'longitude': '23.2337'}, 'timezone': {'offset': '+11:00', 'description': 'Magadan, Solomon Islands, New Caledonia'}}, 'email': 'ronja.riviere@example.com', 'login': {'uuid': 'dd5f31b4-4a13-4c5f-840a-ff6f6c4fec8f', 'username': 'purplezebra994', 'password': '030303', 'salt': 'OenXv8Ur', 'md5': '212c535e55876e1e58e501457c41787b', 'sha1': 'ec98afa6767775375f721253595f0f16c96d402a', 'sha256': 'a074d26ffa35f52d23200cbc6b715d99f6e7559dcb917f76943b139c5053070d'}, 'dob': {'date': '1967-03-30T09:04:00.030Z', 'age': 57}, 'registered': {'date': '2021-03-04T18:13:19.700Z', 'age': 3}, 'phone': '079 875 95 06', 'cell': '077 002 89 43', 'id': {'name': 'AVS', 'value': '756.7222.5201.89'}, 'picture': {'large': 'https://randomuser.me/api/portraits/women/39.jpg', 'medium': 'https://randomuser.me/api/portraits/med/women/39.jpg', 'thumbnail': 'https://randomuser.me/api/portraits/thumb/women/39.jpg'}, 'nat': 'CH'}</msg>
<arg>${json_data['results'][0]}</arg>
<doc>Logs the given message with the given level.</doc>
<status status="PASS" start="2024-05-07T18:18:44.762078" elapsed="0.000412"/>
</kw>
<kw name="Log" owner="BuiltIn">
<msg time="2024-05-07T18:18:44.762934" level="INFO">login</msg>
<arg>${key}</arg>
<doc>Logs the given message with the given level.</doc>
<status status="PASS" start="2024-05-07T18:18:44.762806" elapsed="0.000165"/>
</kw>
<var name="${key}">login</var>
<status status="PASS" start="2024-05-07T18:18:44.761260" elapsed="0.001924"/>
</iter>
<var>${key}</var>
<value>@{expected_keys}</value>
<status status="PASS" start="2024-05-07T18:18:44.752496" elapsed="0.010810"/>
</for>
<kw name="Create List" owner="BuiltIn">
<msg time="2024-05-07T18:18:44.763636" level="INFO">${expected_keysTwo} = ['username', 'password']</msg>
<var>${expected_keysTwo}</var>
<arg>username</arg>
<arg>password</arg>
<doc>Returns a list containing given items.</doc>
<status status="PASS" start="2024-05-07T18:18:44.763499" elapsed="0.000160"/>
</kw>
<for flavor="IN">
<iter>
<kw name="Dictionary Should Contain Key" owner="Collections">
<msg time="2024-05-07T18:18:44.764556" level="INFO">False</msg>
<arg>${json_data['results'][0]['login']}</arg>
<arg>${keyTwo}</arg>
<doc>Fails if ``key`` is not found from ``dictionary``.</doc>
<status status="PASS" start="2024-05-07T18:18:44.764160" elapsed="0.000434"/>
</kw>
<kw name="Dictionary Should Contain Key" owner="Collections">
<msg time="2024-05-07T18:18:44.765302" level="INFO">False</msg>
<arg>${json_data['results'][0]['login']}</arg>
<arg>${keyTwo}</arg>
<doc>Fails if ``key`` is not found from ``dictionary``.</doc>
<status status="PASS" start="2024-05-07T18:18:44.764921" elapsed="0.000418"/>
</kw>
<kw name="Log" owner="BuiltIn">
<msg time="2024-05-07T18:18:44.765761" level="INFO">username</msg>
<arg>${keyTwo}</arg>
<doc>Logs the given message with the given level.</doc>
<status status="PASS" start="2024-05-07T18:18:44.765634" elapsed="0.000170"/>
</kw>
<var name="${keyTwo}">username</var>
<status status="PASS" start="2024-05-07T18:18:44.764051" elapsed="0.001966"/>
</iter>
<iter>
<kw name="Dictionary Should Contain Key" owner="Collections">
<msg time="2024-05-07T18:18:44.766695" level="INFO">False</msg>
<arg>${json_data['results'][0]['login']}</arg>
<arg>${keyTwo}</arg>
<doc>Fails if ``key`` is not found from ``dictionary``.</doc>
<status status="PASS" start="2024-05-07T18:18:44.766305" elapsed="0.000427"/>
</kw>
<kw name="Dictionary Should Contain Key" owner="Collections">
<msg time="2024-05-07T18:18:44.767491" level="INFO">False</msg>
<arg>${json_data['results'][0]['login']}</arg>
<arg>${keyTwo}</arg>
<doc>Fails if ``key`` is not found from ``dictionary``.</doc>
<status status="PASS" start="2024-05-07T18:18:44.767023" elapsed="0.000507"/>
</kw>
<kw name="Log" owner="BuiltIn">
<msg time="2024-05-07T18:18:44.767951" level="INFO">password</msg>
<arg>${keyTwo}</arg>
<doc>Logs the given message with the given level.</doc>
<status status="PASS" start="2024-05-07T18:18:44.767823" elapsed="0.000166"/>
</kw>
<var name="${keyTwo}">password</var>
<status status="PASS" start="2024-05-07T18:18:44.766191" elapsed="0.002012"/>
</iter>
<var>${keyTwo}</var>
<value>@{expected_keysTwo}</value>
<status status="PASS" start="2024-05-07T18:18:44.763895" elapsed="0.004429"/>
</for>
<status status="PASS" start="2024-05-07T18:18:44.511793" elapsed="0.256673"/>
</kw>
<doc>Testa a estrutura da resposta da API.</doc>
<tag>testeEstruturaResposta</tag>
<status status="PASS" start="2024-05-07T18:18:44.511266" elapsed="0.257361"/>
</test>
<test id="s1-s1-t4" name="Validar tipos de dados" line="28">
<kw name="Teste de Tipos de Dados" owner="random-user-service">
<kw name="GET On Session" owner="RequestsLibrary">
<msg time="2024-05-07T18:18:44.883914" level="INFO">GET Request : url=https://randomuser.me/api 
 path_url=/api 
 headers={'User-Agent': 'python-requests/2.31.0', 'Accept-Encoding': 'gzip, deflate', 'Accept': '*/*', 'Connection': 'keep-alive'} 
 body=None 
 </msg>
<msg time="2024-05-07T18:18:44.884026" level="INFO">GET Response : url=https://randomuser.me/api 
 status=200, reason=OK 
 headers={'Date': 'Tue, 07 May 2024 18:18:44 GMT', 'Content-Type': 'application/json; charset=utf-8', 'Transfer-Encoding': 'chunked', 'Connection': 'keep-alive', 'X-Powered-By': 'Express', 'Access-Control-Allow-Origin': '*', 'Cache-Control': 'no-cache', 'ETag': 'W/"481-tj0YQLyNoMPV5EbYcfTVlGDL1lI"', 'Vary': 'Accept-Encoding', 'Content-Encoding': 'gzip', 'CF-Cache-Status': 'DYNAMIC', 'Report-To': '{"endpoints":[{"url":"https:\\/\\/a.nel.cloudflare.com\\/report\\/v4?s=GjuErJ9mIs6ImVjmDwhlCD%2BaCL7Y5O7i%2B%2BYwtwzW5Gqt2NnyrdxcyKBf5w9KiRScxUUsbuFUvYwC3wgAim0GNK85p9%2BDRTK34xryYwiUZxRbp4lrduxnyOKQgIl66c25"}],"group":"cf-nel","max_age":604800}', 'NEL': '{"success_fraction":0,"report_to":"cf-nel","max_age":604800}', 'Server': 'cloudflare', 'CF-RAY': '880336dddb58dbd1-LAX', 'alt-svc': 'h3=":443"; ma=86400'} 
 body={"results":[{"gender":"female","name":{"title":"Mrs","first":"Iman","last":"Øvsthus"},"location":{"street":{"number":99,"name":"Solbakkeveien"},"city":"Småland","state":"Hordaland","country":"Norway","postcode":"4507","coordinates":{"latitude":"39.5938","longitude":"121.9922"},"timezone":{"offset":"-8:00","description":"Pacific Time (US &amp; Canada)"}},"email":"iman.ovsthus@example.com","login":{"uuid":"6f620cb5-7c66-43e0-8cb4-0551efdef2ea","username":"crazybear420","password":"pimping","salt":"WzAn5dUU","md5":"6bc39d07efee1694caee5a7535b4135b","sha1":"34dec435ebd99942f73b6855d757b96dbb435872","sha256":"31f3f462109d535226534a90c237e702c4cc2c9c52ddf07ff47dab203eff8c51"},"dob":{"date":"1964-01-15T01:13:55.088Z","age":60},"registered":{"date":"2003-07-31T02:44:35.898Z","age":20},"phone":"88891960","cell":"40489296","id":{"name":"FN","value":"15016422026"},"picture":{"large":"https://randomuser.me/api/portraits/women/85.jpg","medium":"https://randomuser.me/api/portraits/med/women/85.jpg","thumbnail":"https://randomuser.me/api/portraits/thumb/women/85.jpg"},"nat":"NO"}],"info":{"seed":"1cdf3fbecdf28086","results":1,"page":1,"version":"1.4"}} 
 </msg>
<msg time="2024-05-07T18:18:44.884110" level="INFO">/opt/hostedtoolcache/Python/3.12.3/x64/lib/python3.12/site-packages/urllib3/connectionpool.py:1103: InsecureRequestWarning: Unverified HTTPS request is being made to host 'randomuser.me'. Adding certificate verification is strongly advised. See: https://urllib3.readthedocs.io/en/latest/advanced-usage.html#tls-warnings
  warnings.warn(</msg>
<msg time="2024-05-07T18:18:44.884234" level="INFO">${response} = &lt;Response [200]&gt;</msg>
<var>${response}</var>
<arg>consultarAPI</arg>
<arg>/api</arg>
<doc>Sends a GET request on a previously created HTTP Session.</doc>
<status status="PASS" start="2024-05-07T18:18:44.771225" elapsed="0.113041"/>
</kw>
<kw name="Set Variable" owner="BuiltIn">
<msg time="2024-05-07T18:18:44.885439" level="INFO">${json_data} = {'results': [{'gender': 'female', 'name': {'title': 'Mrs', 'first': 'Iman', 'last': 'Øvsthus'}, 'location': {'street': {'number': 99, 'name': 'Solbakkeveien'}, 'city': 'Småland', 'state': 'Hordaland',...</msg>
<var>${json_data}</var>
<arg>${response.json()}</arg>
<doc>Returns the given values which can then be assigned to a variables.</doc>
<status status="PASS" start="2024-05-07T18:18:44.884870" elapsed="0.000599"/>
</kw>
<kw name="Log" owner="BuiltIn">
<msg time="2024-05-07T18:18:44.886019" level="INFO">{'results': [{'gender': 'female', 'name': {'title': 'Mrs', 'first': 'Iman', 'last': 'Øvsthus'}, 'location': {'street': {'number': 99, 'name': 'Solbakkeveien'}, 'city': 'Småland', 'state': 'Hordaland', 'country': 'Norway', 'postcode': '4507', 'coordinates': {'latitude': '39.5938', 'longitude': '121.9922'}, 'timezone': {'offset': '-8:00', 'description': 'Pacific Time (US &amp; Canada)'}}, 'email': 'iman.ovsthus@example.com', 'login': {'uuid': '6f620cb5-7c66-43e0-8cb4-0551efdef2ea', 'username': 'crazybear420', 'password': 'pimping', 'salt': 'WzAn5dUU', 'md5': '6bc39d07efee1694caee5a7535b4135b', 'sha1': '34dec435ebd99942f73b6855d757b96dbb435872', 'sha256': '31f3f462109d535226534a90c237e702c4cc2c9c52ddf07ff47dab203eff8c51'}, 'dob': {'date': '1964-01-15T01:13:55.088Z', 'age': 60}, 'registered': {'date': '2003-07-31T02:44:35.898Z', 'age': 20}, 'phone': '88891960', 'cell': '40489296', 'id': {'name': 'FN', 'value': '15016422026'}, 'picture': {'large': 'https://randomuser.me/api/portraits/women/85.jpg', 'medium': 'https://randomuser.me/api/portraits/med/women/85.jpg', 'thumbnail': 'https://randomuser.me/api/portraits/thumb/women/85.jpg'}, 'nat': 'NO'}], 'info': {'seed': '1cdf3fbecdf28086', 'results': 1, 'page': 1, 'version': '1.4'}}</msg>
<arg>${json_data}</arg>
<doc>Logs the given message with the given level.</doc>
<status status="PASS" start="2024-05-07T18:18:44.885843" elapsed="0.000269"/>
</kw>
<kw name="Should Be String" owner="String">
<arg>${json_data['results'][0]['gender']}</arg>
<doc>Fails if the given ``item`` is not a string.</doc>
<status status="PASS" start="2024-05-07T18:18:44.886440" elapsed="0.000396"/>
</kw>
<kw name="Should Match Regexp" owner="BuiltIn">
<arg>${json_data['results'][0]['email']}</arg>
<arg>^[a-zA-Z0-9._%+-]+@[a-zA-Z0-9.-]+\.[a-zA-Z]{2,}$</arg>
<doc>Fails if ``string`` does not match ``pattern`` as a regular expression.</doc>
<status status="PASS" start="2024-05-07T18:18:44.887038" elapsed="0.000531"/>
</kw>
<kw name="Should Match Regexp" owner="BuiltIn">
<arg>${json_data['results'][0]['dob']['date']}</arg>
<arg>\\d{4}-\\d{2}-\\d{2}T\\d{2}:\\d{2}:\\d{2}\\.\\d{3}Z</arg>
<doc>Fails if ``string`` does not match ``pattern`` as a regular expression.</doc>
<status status="PASS" start="2024-05-07T18:18:44.887770" elapsed="0.000509"/>
</kw>
<kw name="Should Match Regexp" owner="BuiltIn">
<arg>${json_data['results'][0]['registered']['date']}</arg>
<arg>\\d{4}-\\d{2}-\\d{2}T\\d{2}:\\d{2}:\\d{2}\\.\\d{3}Z</arg>
<doc>Fails if ``string`` does not match ``pattern`` as a regular expression.</doc>
<status status="PASS" start="2024-05-07T18:18:44.888475" elapsed="0.000416"/>
</kw>
<kw name="Should Match Regexp" owner="BuiltIn">
<arg>${json_data['results'][0]['picture']['large']}</arg>
<arg>^https?://.*\.(?:png|jpe?g|gif|bmp)$</arg>
<doc>Fails if ``string`` does not match ``pattern`` as a regular expression.</doc>
<status status="PASS" start="2024-05-07T18:18:44.889086" elapsed="0.000470"/>
</kw>
<kw name="Should Match Regexp" owner="BuiltIn">
<arg>${json_data['results'][0]['picture']['medium']}</arg>
<arg>^https?://.*\.(?:png|jpe?g|gif|bmp)$</arg>
<doc>Fails if ``string`` does not match ``pattern`` as a regular expression.</doc>
<status status="PASS" start="2024-05-07T18:18:44.889748" elapsed="0.000370"/>
</kw>
<kw name="Should Match Regexp" owner="BuiltIn">
<arg>${json_data['results'][0]['picture']['thumbnail']}</arg>
<arg>^https?://.*\.(?:png|jpe?g|gif|bmp)$</arg>
<doc>Fails if ``string`` does not match ``pattern`` as a regular expression.</doc>
<status status="PASS" start="2024-05-07T18:18:44.890313" elapsed="0.000355"/>
</kw>
<kw name="Log" owner="BuiltIn">
<msg time="2024-05-07T18:18:44.891176" level="INFO">{'large': 'https://randomuser.me/api/portraits/women/85.jpg', 'medium': 'https://randomuser.me/api/portraits/med/women/85.jpg', 'thumbnail': 'https://randomuser.me/api/portraits/thumb/women/85.jpg'}</msg>
<arg>${json_data['results'][0]['picture']}</arg>
<doc>Logs the given message with the given level.</doc>
<status status="PASS" start="2024-05-07T18:18:44.890852" elapsed="0.000366"/>
</kw>
<status status="PASS" start="2024-05-07T18:18:44.770997" elapsed="0.120484"/>
</kw>
<kw name="Teste de Tipos de Dados - Postcode" owner="random-user-service">
<kw name="GET On Session" owner="RequestsLibrary">
<msg time="2024-05-07T18:18:45.100983" level="INFO">GET Request : url=https://randomuser.me/api 
 path_url=/api 
 headers={'User-Agent': 'python-requests/2.31.0', 'Accept-Encoding': 'gzip, deflate', 'Accept': '*/*', 'Connection': 'keep-alive'} 
 body=None 
 </msg>
<msg time="2024-05-07T18:18:45.101090" level="INFO">GET Response : url=https://randomuser.me/api 
 status=200, reason=OK 
 headers={'Date': 'Tue, 07 May 2024 18:18:45 GMT', 'Content-Type': 'application/json; charset=utf-8', 'Transfer-Encoding': 'chunked', 'Connection': 'keep-alive', 'X-Powered-By': 'Express', 'Access-Control-Allow-Origin': '*', 'Cache-Control': 'no-cache', 'ETag': 'W/"496-qSsFW6ZNxeXviRsai6hBifCE8+4"', 'Vary': 'Accept-Encoding', 'Content-Encoding': 'gzip', 'CF-Cache-Status': 'DYNAMIC', 'Report-To': '{"endpoints":[{"url":"https:\\/\\/a.nel.cloudflare.com\\/report\\/v4?s=ZZ51ZSuuKYSiHIXWOkeEx%2BpQrur%2Bzp%2F82mLcscpMX35Mq07e20%2BEsmF3E0IC3l%2FUB1WirWj6VDJO1ztrhvZhKbpgb%2Ff7uzTadOP8Xab%2BnsM2RWCPTsd20i%2FP2JPi8y76"}],"group":"cf-nel","max_age":604800}', 'NEL': '{"success_fraction":0,"report_to":"cf-nel","max_age":604800}', 'Server': 'cloudflare', 'CF-RAY': '880336de9c10dbd1-LAX', 'alt-svc': 'h3=":443"; ma=86400'} 
 body={"results":[{"gender":"female","name":{"title":"Ms","first":"Lisa","last":"Coleman"},"location":{"street":{"number":3694,"name":"The Green"},"city":"Killarney","state":"Cavan","country":"Ireland","postcode":81675,"coordinates":{"latitude":"3.1642","longitude":"141.7689"},"timezone":{"offset":"0:00","description":"Western Europe Time, London, Lisbon, Casablanca"}},"email":"lisa.coleman@example.com","login":{"uuid":"a2f75e70-cef4-4c9d-866d-7f5404919c65","username":"ticklishladybug996","password":"glacier","salt":"30rVK1Xy","md5":"56541770b3f491ab5581ba34dff1ca69","sha1":"ed54ce69ea026caa6d5a22579515980cc28c9ed0","sha256":"691d2d2ace78b771a2d7755b27e1d3a22b5f64f6f5eb3a2ff94558ca13a1bfa5"},"dob":{"date":"1963-12-06T11:19:13.386Z","age":60},"registered":{"date":"2008-01-20T05:29:20.792Z","age":16},"phone":"031-506-8435","cell":"081-796-2464","id":{"name":"PPS","value":"3168613T"},"picture":{"large":"https://randomuser.me/api/portraits/women/0.jpg","medium":"https://randomuser.me/api/portraits/med/women/0.jpg","thumbnail":"https://randomuser.me/api/portraits/thumb/women/0.jpg"},"nat":"IE"}],"info":{"seed":"ec42da9b6d9acdbb","results":1,"page":1,"version":"1.4"}} 
 </msg>
<msg time="2024-05-07T18:18:45.101162" level="INFO">/opt/hostedtoolcache/Python/3.12.3/x64/lib/python3.12/site-packages/urllib3/connectionpool.py:1103: InsecureRequestWarning: Unverified HTTPS request is being made to host 'randomuser.me'. Adding certificate verification is strongly advised. See: https://urllib3.readthedocs.io/en/latest/advanced-usage.html#tls-warnings
  warnings.warn(</msg>
<msg time="2024-05-07T18:18:45.101282" level="INFO">${response} = &lt;Response [200]&gt;</msg>
<var>${response}</var>
<arg>consultarAPI</arg>
<arg>/api</arg>
<doc>Sends a GET request on a previously created HTTP Session.</doc>
<status status="PASS" start="2024-05-07T18:18:44.891957" elapsed="0.209357"/>
</kw>
<kw name="Set Variable" owner="BuiltIn">
<msg time="2024-05-07T18:18:45.102365" level="INFO">${json_data} = {'results': [{'gender': 'female', 'name': {'title': 'Ms', 'first': 'Lisa', 'last': 'Coleman'}, 'location': {'street': {'number': 3694, 'name': 'The Green'}, 'city': 'Killarney', 'state': 'Cavan', 'cou...</msg>
<var>${json_data}</var>
<arg>${response.json()}</arg>
<doc>Returns the given values which can then be assigned to a variables.</doc>
<status status="PASS" start="2024-05-07T18:18:45.101844" elapsed="0.000549"/>
</kw>
<kw name="Log" owner="BuiltIn">
<msg time="2024-05-07T18:18:45.102852" level="INFO">{'results': [{'gender': 'female', 'name': {'title': 'Ms', 'first': 'Lisa', 'last': 'Coleman'}, 'location': {'street': {'number': 3694, 'name': 'The Green'}, 'city': 'Killarney', 'state': 'Cavan', 'country': 'Ireland', 'postcode': 81675, 'coordinates': {'latitude': '3.1642', 'longitude': '141.7689'}, 'timezone': {'offset': '0:00', 'description': 'Western Europe Time, London, Lisbon, Casablanca'}}, 'email': 'lisa.coleman@example.com', 'login': {'uuid': 'a2f75e70-cef4-4c9d-866d-7f5404919c65', 'username': 'ticklishladybug996', 'password': 'glacier', 'salt': '30rVK1Xy', 'md5': '56541770b3f491ab5581ba34dff1ca69', 'sha1': 'ed54ce69ea026caa6d5a22579515980cc28c9ed0', 'sha256': '691d2d2ace78b771a2d7755b27e1d3a22b5f64f6f5eb3a2ff94558ca13a1bfa5'}, 'dob': {'date': '1963-12-06T11:19:13.386Z', 'age': 60}, 'registered': {'date': '2008-01-20T05:29:20.792Z', 'age': 16}, 'phone': '031-506-8435', 'cell': '081-796-2464', 'id': {'name': 'PPS', 'value': '3168613T'}, 'picture': {'large': 'https://randomuser.me/api/portraits/women/0.jpg', 'medium': 'https://randomuser.me/api/portraits/med/women/0.jpg', 'thumbnail': 'https://randomuser.me/api/portraits/thumb/women/0.jpg'}, 'nat': 'IE'}], 'info': {'seed': 'ec42da9b6d9acdbb', 'results': 1, 'page': 1, 'version': '1.4'}}</msg>
<arg>${json_data}</arg>
<doc>Logs the given message with the given level.</doc>
<status status="PASS" start="2024-05-07T18:18:45.102696" elapsed="0.000240"/>
</kw>
<kw name="Should Be Equal As Numbers" owner="BuiltIn">
<arg>${json_data['results'][0]['location']['postcode']}</arg>
<arg>${json_data['results'][0]['location']['postcode']}</arg>
<doc>Fails if objects are unequal after converting them to real numbers.</doc>
<status status="PASS" start="2024-05-07T18:18:45.103233" elapsed="0.000802"/>
</kw>
<kw name="Log" owner="BuiltIn">
<msg time="2024-05-07T18:18:45.104565" level="INFO">81675</msg>
<arg>${json_data['results'][0]['location']['postcode']}</arg>
<doc>Logs the given message with the given level.</doc>
<status status="PASS" start="2024-05-07T18:18:45.104229" elapsed="0.000376"/>
</kw>
<status status="PASS" start="2024-05-07T18:18:44.891721" elapsed="0.213188"/>
</kw>
<doc>Testa se os tipos de dados na resposta da API estão corretos.</doc>
<tag>testeTiposDados</tag>
<status status="PASS" start="2024-05-07T18:18:44.770487" elapsed="0.334589"/>
</test>
<test id="s1-s1-t5" name="Validar conteudo" line="35">
<kw name="Teste de Tipos de Conteudo" owner="random-user-service">
<kw name="GET On Session" owner="RequestsLibrary">
<msg time="2024-05-07T18:18:45.217174" level="INFO">GET Request : url=https://randomuser.me/api 
 path_url=/api 
 headers={'User-Agent': 'python-requests/2.31.0', 'Accept-Encoding': 'gzip, deflate', 'Accept': '*/*', 'Connection': 'keep-alive'} 
 body=None 
 </msg>
<msg time="2024-05-07T18:18:45.217288" level="INFO">GET Response : url=https://randomuser.me/api 
 status=200, reason=OK 
 headers={'Date': 'Tue, 07 May 2024 18:18:45 GMT', 'Content-Type': 'application/json; charset=utf-8', 'Transfer-Encoding': 'chunked', 'Connection': 'keep-alive', 'X-Powered-By': 'Express', 'Access-Control-Allow-Origin': '*', 'Cache-Control': 'no-cache', 'ETag': 'W/"487-ScpANzYjvirPsvegZci4cJ+cr3M"', 'Vary': 'Accept-Encoding', 'Content-Encoding': 'gzip', 'CF-Cache-Status': 'DYNAMIC', 'Report-To': '{"endpoints":[{"url":"https:\\/\\/a.nel.cloudflare.com\\/report\\/v4?s=JpvnsA%2FioQCzL2KPkOpKCL2%2BaxmTB4bd1P2Nft%2BlCiZTes65VoY6QQDKAe6dQEONQRkignBb2H%2BgrGOJ8S9ahVihuAo7TbAsNsZyVOY4TIV9%2FsIrAPCvyhXkB%2BIXGsWr"}],"group":"cf-nel","max_age":604800}', 'NEL': '{"success_fraction":0,"report_to":"cf-nel","max_age":604800}', 'Server': 'cloudflare', 'CF-RAY': '880336dffdb7dbd1-LAX', 'alt-svc': 'h3=":443"; ma=86400'} 
 body={"results":[{"gender":"female","name":{"title":"Ms","first":"Adriana","last":"Ortiz"},"location":{"street":{"number":3752,"name":"Calle Mota"},"city":"Pontevedra","state":"Cataluña","country":"Spain","postcode":44359,"coordinates":{"latitude":"-30.6075","longitude":"26.2734"},"timezone":{"offset":"-3:00","description":"Brazil, Buenos Aires, Georgetown"}},"email":"adriana.ortiz@example.com","login":{"uuid":"0ae56eb6-6bbe-4fad-b4d9-049e145fb134","username":"organicbear336","password":"slow","salt":"QR67N1Br","md5":"adcb18c2da975466e5e8d7d3a9deea46","sha1":"17bca1e1b5eddd5c840d2c049f177c58be13ca89","sha256":"9c28d78391f5905626089b73e0d8a6708f4a55858d17e059ad59ff8a4c517de2"},"dob":{"date":"1978-12-29T17:44:21.778Z","age":45},"registered":{"date":"2020-07-01T15:20:40.150Z","age":3},"phone":"923-971-128","cell":"611-851-999","id":{"name":"DNI","value":"24559939-G"},"picture":{"large":"https://randomuser.me/api/portraits/women/6.jpg","medium":"https://randomuser.me/api/portraits/med/women/6.jpg","thumbnail":"https://randomuser.me/api/portraits/thumb/women/6.jpg"},"nat":"ES"}],"info":{"seed":"8e49e776e7d4b94a","results":1,"page":1,"version":"1.4"}} 
 </msg>
<msg time="2024-05-07T18:18:45.217364" level="INFO">/opt/hostedtoolcache/Python/3.12.3/x64/lib/python3.12/site-packages/urllib3/connectionpool.py:1103: InsecureRequestWarning: Unverified HTTPS request is being made to host 'randomuser.me'. Adding certificate verification is strongly advised. See: https://urllib3.readthedocs.io/en/latest/advanced-usage.html#tls-warnings
  warnings.warn(</msg>
<msg time="2024-05-07T18:18:45.217485" level="INFO">${response} = &lt;Response [200]&gt;</msg>
<var>${response}</var>
<arg>consultarAPI</arg>
<arg>/api</arg>
<doc>Sends a GET request on a previously created HTTP Session.</doc>
<status status="PASS" start="2024-05-07T18:18:45.107931" elapsed="0.109588"/>
</kw>
<kw name="Set Variable" owner="BuiltIn">
<msg time="2024-05-07T18:18:45.218583" level="INFO">${json_data} = {'results': [{'gender': 'female', 'name': {'title': 'Ms', 'first': 'Adriana', 'last': 'Ortiz'}, 'location': {'street': {'number': 3752, 'name': 'Calle Mota'}, 'city': 'Pontevedra', 'state': 'Cataluña'...</msg>
<var>${json_data}</var>
<arg>${response.json()}</arg>
<doc>Returns the given values which can then be assigned to a variables.</doc>
<status status="PASS" start="2024-05-07T18:18:45.218054" elapsed="0.000559"/>
</kw>
<kw name="Set Variable" owner="BuiltIn">
<msg time="2024-05-07T18:18:45.219310" level="INFO">${name_title} = Ms</msg>
<var>${name_title}</var>
<arg>${json_data["results"][0]["name"]["title"]}</arg>
<doc>Returns the given values which can then be assigned to a variables.</doc>
<status status="PASS" start="2024-05-07T18:18:45.218920" elapsed="0.000415"/>
</kw>
<kw name="Create List" owner="BuiltIn">
<msg time="2024-05-07T18:18:45.219779" level="INFO">${allowed_titles} = ['Mr', 'Ms', 'Miss', 'Mrs', 'Madame', 'Monsieur']</msg>
<var>${allowed_titles}</var>
<arg>Mr</arg>
<arg>Ms</arg>
<arg>Miss</arg>
<arg>Mrs</arg>
<arg>Madame</arg>
<arg>Monsieur</arg>
<doc>Returns a list containing given items.</doc>
<status status="PASS" start="2024-05-07T18:18:45.219632" elapsed="0.000171"/>
</kw>
<kw name="List Should Contain Value" owner="Collections">
<msg time="2024-05-07T18:18:45.220273" level="INFO">False</msg>
<arg>${allowed_titles}</arg>
<arg>${name_title}</arg>
<doc>Fails if the ``value`` is not found from ``list``.</doc>
<status status="PASS" start="2024-05-07T18:18:45.220098" elapsed="0.000212"/>
</kw>
<kw name="Set Variable" owner="BuiltIn">
<msg time="2024-05-07T18:18:45.221025" level="INFO">${name_country} = ES</msg>
<var>${name_country}</var>
<arg>${json_data["results"][0]["nat"]}</arg>
<doc>Returns the given values which can then be assigned to a variables.</doc>
<status status="PASS" start="2024-05-07T18:18:45.220596" elapsed="0.000454"/>
</kw>
<kw name="Create List" owner="BuiltIn">
<msg time="2024-05-07T18:18:45.221937" level="INFO">${list_country} = ['AD', 'AE', 'AF', 'AG', 'AI', 'AL', 'AM', 'AO', 'AQ', 'AR', 'AS', 'AT', 'AU', 'AW', 'AX', 'AZ', 'BA', 'BB', 'BD', 'BE', 'BF', 'BG', 'BH', 'BI', 'BJ', 'BL', 'BM', 'BN', 'BO', 'BQ', 'BR', 'BS', 'BT', '...</msg>
<var>${list_country}</var>
<arg>AD</arg>
<arg>AE</arg>
<arg>AF</arg>
<arg>AG</arg>
<arg>AI</arg>
<arg>AL</arg>
<arg>AM</arg>
<arg>AO</arg>
<arg>AQ</arg>
<arg>AR</arg>
<arg>AS</arg>
<arg>AT</arg>
<arg>AU</arg>
<arg>AW</arg>
<arg>AX</arg>
<arg>AZ</arg>
<arg>BA</arg>
<arg>BB</arg>
<arg>BD</arg>
<arg>BE</arg>
<arg>BF</arg>
<arg>BG</arg>
<arg>BH</arg>
<arg>BI</arg>
<arg>BJ</arg>
<arg>BL</arg>
<arg>BM</arg>
<arg>BN</arg>
<arg>BO</arg>
<arg>BQ</arg>
<arg>BR</arg>
<arg>BS</arg>
<arg>BT</arg>
<arg>BV</arg>
<arg>BW</arg>
<arg>BY</arg>
<arg>BZ</arg>
<arg>CA</arg>
<arg>CC</arg>
<arg>CD</arg>
<arg>CF</arg>
<arg>CG</arg>
<arg>CH</arg>
<arg>CI</arg>
<arg>CK</arg>
<arg>CL</arg>
<arg>CM</arg>
<arg>CN</arg>
<arg>CO</arg>
<arg>CR</arg>
<arg>CU</arg>
<arg>CV</arg>
<arg>CW</arg>
<arg>CX</arg>
<arg>CY</arg>
<arg>CZ</arg>
<arg>DE</arg>
<arg>DJ</arg>
<arg>DK</arg>
<arg>DM</arg>
<arg>DO</arg>
<arg>DZ</arg>
<arg>EC</arg>
<arg>EE</arg>
<arg>EG</arg>
<arg>EH</arg>
<arg>ER</arg>
<arg>ES</arg>
<arg>ET</arg>
<arg>FI</arg>
<arg>FJ</arg>
<arg>FK</arg>
<arg>FM</arg>
<arg>FO</arg>
<arg>FR</arg>
<arg>GA</arg>
<arg>GB</arg>
<arg>GD</arg>
<arg>GE</arg>
<arg>GF</arg>
<arg>GG</arg>
<arg>GH</arg>
<arg>GI</arg>
<arg>GL</arg>
<arg>GM</arg>
<arg>GN</arg>
<arg>GP</arg>
<arg>GQ</arg>
<arg>GR</arg>
<arg>GS</arg>
<arg>GT</arg>
<arg>GU</arg>
<arg>GW</arg>
<arg>GY</arg>
<arg>HK</arg>
<arg>HM</arg>
<arg>HN</arg>
<arg>HR</arg>
<arg>HT</arg>
<arg>HU</arg>
<arg>ID</arg>
<arg>IE</arg>
<arg>IL</arg>
<arg>IM</arg>
<arg>IN</arg>
<arg>IO</arg>
<arg>IQ</arg>
<arg>IR</arg>
<arg>IS</arg>
<arg>IT</arg>
<arg>JE</arg>
<arg>JM</arg>
<arg>JO</arg>
<arg>JP</arg>
<arg>KE</arg>
<arg>KG</arg>
<arg>KH</arg>
<arg>KI</arg>
<arg>KM</arg>
<arg>KN</arg>
<arg>KP</arg>
<arg>KR</arg>
<arg>KW</arg>
<arg>KY</arg>
<arg>KZ</arg>
<arg>LA</arg>
<arg>LB</arg>
<arg>LC</arg>
<arg>LI</arg>
<arg>LK</arg>
<arg>LR</arg>
<arg>LS</arg>
<arg>LT</arg>
<arg>LU</arg>
<arg>LV</arg>
<arg>LY</arg>
<arg>MA</arg>
<arg>MC</arg>
<arg>MD</arg>
<arg>ME</arg>
<arg>MF</arg>
<arg>MG</arg>
<arg>MH</arg>
<arg>MK</arg>
<arg>ML</arg>
<arg>MM</arg>
<arg>MN</arg>
<arg>MO</arg>
<arg>MP</arg>
<arg>MQ</arg>
<arg>MR</arg>
<arg>MS</arg>
<arg>MT</arg>
<arg>MU</arg>
<arg>MV</arg>
<arg>MW</arg>
<arg>MX</arg>
<arg>MY</arg>
<arg>MZ</arg>
<arg>NA</arg>
<arg>NC</arg>
<arg>NE</arg>
<arg>NF</arg>
<arg>NG</arg>
<arg>NI</arg>
<arg>NL</arg>
<arg>NO</arg>
<arg>NP</arg>
<arg>NR</arg>
<arg>NU</arg>
<arg>NZ</arg>
<arg>OM</arg>
<arg>PA</arg>
<arg>PE</arg>
<arg>PF</arg>
<arg>PG</arg>
<arg>PH</arg>
<arg>PK</arg>
<arg>PL</arg>
<arg>PM</arg>
<arg>PN</arg>
<arg>PR</arg>
<arg>PS</arg>
<arg>PT</arg>
<arg>PW</arg>
<arg>PY</arg>
<arg>QA</arg>
<arg>RE</arg>
<arg>RO</arg>
<arg>RS</arg>
<arg>RU</arg>
<arg>RW</arg>
<arg>SA</arg>
<arg>SB</arg>
<arg>SC</arg>
<arg>SD</arg>
<arg>SE</arg>
<arg>SG</arg>
<arg>SH</arg>
<arg>SI</arg>
<arg>SJ</arg>
<arg>SK</arg>
<arg>SL</arg>
<arg>SM</arg>
<arg>SN</arg>
<arg>SO</arg>
<arg>SR</arg>
<arg>SS</arg>
<arg>ST</arg>
<arg>SV</arg>
<arg>SX</arg>
<arg>SY</arg>
<arg>SZ</arg>
<arg>TC</arg>
<arg>TD</arg>
<arg>TF</arg>
<arg>TG</arg>
<arg>TH</arg>
<arg>TJ</arg>
<arg>TK</arg>
<arg>TL</arg>
<arg>TM</arg>
<arg>TN</arg>
<arg>TO</arg>
<arg>TR</arg>
<arg>TT</arg>
<arg>TV</arg>
<arg>TW</arg>
<arg>TZ</arg>
<arg>UA</arg>
<arg>UG</arg>
<arg>UM</arg>
<arg>US</arg>
<arg>UY</arg>
<arg>UZ</arg>
<arg>VA</arg>
<arg>VC</arg>
<arg>VE</arg>
<arg>VG</arg>
<arg>VI</arg>
<arg>VN</arg>
<arg>VU</arg>
<arg>WF</arg>
<arg>WS</arg>
<arg>XK</arg>
<arg>YE</arg>
<arg>YT</arg>
<arg>ZA</arg>
<arg>ZM</arg>
<arg>ZW</arg>
<doc>Returns a list containing given items.</doc>
<status status="PASS" start="2024-05-07T18:18:45.221355" elapsed="0.000607"/>
</kw>
<kw name="List Should Contain Value" owner="Collections">
<msg time="2024-05-07T18:18:45.222948" level="INFO">False</msg>
<arg>${list_country}</arg>
<arg>${name_country}</arg>
<doc>Fails if the ``value`` is not found from ``list``.</doc>
<status status="PASS" start="2024-05-07T18:18:45.222749" elapsed="0.000236"/>
</kw>
<kw name="Run Keyword If" owner="BuiltIn">
<kw name="Should Be True" owner="BuiltIn">
<arg>${True}</arg>
<doc>Fails if the given condition is not true.</doc>
<status status="PASS" start="2024-05-07T18:18:45.224049" elapsed="0.000143"/>
</kw>
<arg>${json_data["results"][0]["location"]["coordinates"]["latitude"]} &gt;= -90 and ${json_data["results"][0]["location"]["coordinates"]["latitude"]} &lt;= 90</arg>
<arg>Should Be True</arg>
<arg>${True}</arg>
<doc>Runs the given keyword with the given arguments, if ``condition`` is true.</doc>
<status status="PASS" start="2024-05-07T18:18:45.223295" elapsed="0.001022"/>
</kw>
<kw name="Run Keyword If" owner="BuiltIn">
<kw name="Should Be True" owner="BuiltIn">
<arg>${True}</arg>
<doc>Fails if the given condition is not true.</doc>
<status status="PASS" start="2024-05-07T18:18:45.225236" elapsed="0.000262"/>
</kw>
<arg>${json_data["results"][0]["location"]["coordinates"]["longitude"]} &gt;= -180 and ${json_data["results"][0]["location"]["coordinates"]["longitude"]} &lt;= 180</arg>
<arg>Should Be True</arg>
<arg>${True}</arg>
<doc>Runs the given keyword with the given arguments, if ``condition`` is true.</doc>
<status status="PASS" start="2024-05-07T18:18:45.224503" elapsed="0.001122"/>
</kw>
<status status="PASS" start="2024-05-07T18:18:45.107553" elapsed="0.118203"/>
</kw>
<doc>Testa o conteúdo específico dos campos retornados pela API.</doc>
<tag>testeConteudo</tag>
<status status="PASS" start="2024-05-07T18:18:45.106868" elapsed="0.119039"/>
</test>
<status status="PASS" start="2024-05-07T18:18:44.026838" elapsed="1.201014"/>
</suite>
<status status="PASS" start="2024-05-07T18:18:44.013137" elapsed="1.219881"/>
</suite>
<statistics>
<total>
<stat pass="5" fail="0" skip="0">All Tests</stat>
</total>
<tag>
<stat pass="1" fail="0" skip="0">testeConteudo</stat>
<stat pass="1" fail="0" skip="0">testeEstruturaResposta</stat>
<stat pass="1" fail="0" skip="0">testeRequisicaoBasica</stat>
<stat pass="1" fail="0" skip="0">testeTiposDados</stat>
</tag>
<suite>
<stat pass="5" fail="0" skip="0" id="s1" name="Tests">Tests</stat>
<stat pass="5" fail="0" skip="0" id="s1-s1" name="Random-User-Test">Tests.Random-User-Test</stat>
</suite>
</statistics>
<errors>
</errors>
</robot>
