<?xml version="1.0" encoding="UTF-8"?>
<robot generator="Robot 7.0 (Python 3.12.3 on linux)" generated="2024-05-22T05:15:32.105396" rpa="false" schemaversion="5">
<suite id="s1" name="Tests" source="/home/runner/work/DesafioQAItauRogerioJordao/DesafioQAItauRogerioJordao/RamdonUser/tests">
<suite id="s1-s1" name="Random-User-Test" source="/home/runner/work/DesafioQAItauRogerioJordao/DesafioQAItauRogerioJordao/RamdonUser/tests/random-user-test.robot">
<test id="s1-s1-t1" name="Conectar" line="13">
<kw name="Conectar API" owner="random-user-service">
<kw name="Create Session" owner="RequestsLibrary">
<msg time="2024-05-22T05:15:32.484021" level="INFO">Creating Session using : alias=consultarAPI, url=https://randomuser.me/, headers={},                     cookies={}, auth=None, timeout=None, proxies=None, verify=False,                     debug=0 </msg>
<arg>consultarAPI</arg>
<arg>${URL}</arg>
<doc>Create Session: create a HTTP session to a server</doc>
<status status="PASS" start="2024-05-22T05:15:32.483821" elapsed="0.000363"/>
</kw>
<status status="PASS" start="2024-05-22T05:15:32.482790" elapsed="0.001738"/>
</kw>
<status status="PASS" start="2024-05-22T05:15:32.482281" elapsed="0.002442"/>
</test>
<test id="s1-s1-t2" name="Validar retorno 200 e JSON Válido" line="16">
<kw name="Teste de Requisicao Basica" owner="random-user-service">
<kw name="GET On Session" owner="RequestsLibrary">
<msg time="2024-05-22T05:15:32.731591" level="INFO">GET Request : url=https://randomuser.me/api 
 path_url=/api 
 headers={'User-Agent': 'python-requests/2.32.2', 'Accept-Encoding': 'gzip, deflate', 'Accept': '*/*', 'Connection': 'keep-alive'} 
 body=None 
 </msg>
<msg time="2024-05-22T05:15:32.731787" level="INFO">GET Response : url=https://randomuser.me/api 
 status=200, reason=OK 
 headers={'Date': 'Wed, 22 May 2024 05:15:32 GMT', 'Content-Type': 'application/json; charset=utf-8', 'Transfer-Encoding': 'chunked', 'Connection': 'keep-alive', 'X-Powered-By': 'Express', 'Access-Control-Allow-Origin': '*', 'Cache-Control': 'no-cache', 'ETag': 'W/"495-jlkb1ALLOhyfxbHIQimN11fcDf8"', 'Vary': 'Accept-Encoding', 'Content-Encoding': 'gzip', 'CF-Cache-Status': 'DYNAMIC', 'Report-To': '{"endpoints":[{"url":"https:\\/\\/a.nel.cloudflare.com\\/report\\/v4?s=RgDx7el3VnEzcExLX1jXsQkNLjMsQSVQytntSxP5BuSjidc3vZrhtw7GfdtXQh6Qf6lxYx9nomessRNEYDIqH6ItqQrhq0HYIRBtOCBtdUoqMOhN0nVVcDYOdLWUZ5SD"}],"group":"cf-nel","max_age":604800}', 'NEL': '{"success_fraction":0,"report_to":"cf-nel","max_age":604800}', 'Server': 'cloudflare', 'CF-RAY': '887a54395d66224f-ORD', 'alt-svc': 'h3=":443"; ma=86400'} 
 body={"results":[{"gender":"female","name":{"title":"Miss","first":"عسل","last":"احمدی"},"location":{"street":{"number":6031,"name":"پارک لاله"},"city":"کرمان","state":"مازندران","country":"Iran","postcode":17046,"coordinates":{"latitude":"21.1866","longitude":"27.4530"},"timezone":{"offset":"-5:00","description":"Eastern Time (US &amp; Canada), Bogota, Lima"}},"email":"aasl.hmdy@example.com","login":{"uuid":"80449eea-117a-4792-8b43-eb100bb978aa","username":"bluetiger774","password":"dante","salt":"hBPBKjrT","md5":"a7cdac246a737899f8ddeda37ae6f791","sha1":"92205babb5b8ecbce1ccc7013eb33d2b1144e8d1","sha256":"6f3bb1aa8438dfe35c62aff0c0568265969354479fc1d2df0a918a09d9375472"},"dob":{"date":"1949-06-10T03:38:46.958Z","age":74},"registered":{"date":"2003-04-12T08:33:00.452Z","age":21},"phone":"077-54566741","cell":"0926-840-7634","id":{"name":"","value":null},"picture":{"large":"https://randomuser.me/api/portraits/women/0.jpg","medium":"https://randomuser.me/api/portraits/med/women/0.jpg","thumbnail":"https://randomuser.me/api/portraits/thumb/women/0.jpg"},"nat":"IR"}],"info":{"seed":"f830737369aa6ace","results":1,"page":1,"version":"1.4"}} 
 </msg>
<msg time="2024-05-22T05:15:32.731909" level="INFO">/opt/hostedtoolcache/Python/3.12.3/x64/lib/python3.12/site-packages/urllib3/connectionpool.py:1103: InsecureRequestWarning: Unverified HTTPS request is being made to host 'randomuser.me'. Adding certificate verification is strongly advised. See: https://urllib3.readthedocs.io/en/latest/advanced-usage.html#tls-warnings
  warnings.warn(</msg>
<msg time="2024-05-22T05:15:32.732063" level="INFO">${response} = &lt;Response [200]&gt;</msg>
<var>${response}</var>
<arg>consultarAPI</arg>
<arg>/api</arg>
<doc>Sends a GET request on a previously created HTTP Session.</doc>
<status status="PASS" start="2024-05-22T05:15:32.487404" elapsed="0.244703"/>
</kw>
<kw name="Should Be Equal As Numbers" owner="BuiltIn">
<msg time="2024-05-22T05:15:32.733035" level="INFO">Argument types are:
&lt;class 'int'&gt;
&lt;class 'str'&gt;</msg>
<arg>${response.status_code}</arg>
<arg>200</arg>
<doc>Fails if objects are unequal after converting them to real numbers.</doc>
<status status="PASS" start="2024-05-22T05:15:32.732614" elapsed="0.000485"/>
</kw>
<kw name="Log" owner="BuiltIn">
<msg time="2024-05-22T05:15:32.733779" level="INFO">200</msg>
<arg>${response.status_code}</arg>
<doc>Logs the given message with the given level.</doc>
<status status="PASS" start="2024-05-22T05:15:32.733434" elapsed="0.000391"/>
</kw>
<kw name="Set Variable" owner="BuiltIn">
<msg time="2024-05-22T05:15:32.734569" level="INFO">${json_data} = {'results': [{'gender': 'female', 'name': {'title': 'Miss', 'first': 'عسل', 'last': 'احمدی'}, 'location': {'street': {'number': 6031, 'name': 'پارک لاله'}, 'city': 'کرمان', 'state': 'مازندران', 'count...</msg>
<var>${json_data}</var>
<arg>${response.json()}</arg>
<doc>Returns the given values which can then be assigned to a variables.</doc>
<status status="PASS" start="2024-05-22T05:15:32.734135" elapsed="0.000463"/>
</kw>
<kw name="Dictionary Should Contain Key" owner="Collections">
<msg time="2024-05-22T05:15:32.735074" level="INFO">False</msg>
<arg>${json_data}</arg>
<arg>results</arg>
<doc>Fails if ``key`` is not found from ``dictionary``.</doc>
<status status="PASS" start="2024-05-22T05:15:32.734900" elapsed="0.000354"/>
</kw>
<status status="PASS" start="2024-05-22T05:15:32.487144" elapsed="0.248366"/>
</kw>
<doc>Testa se a API responde corretamente e retorna um objeto JSON válido.</doc>
<tag>testeRequisicaoBasica</tag>
<status status="PASS" start="2024-05-22T05:15:32.486630" elapsed="0.249049"/>
</test>
<test id="s1-s1-t3" name="Validar estrutura de resposta" line="22">
<kw name="Teste de Estrutura de Resposta" owner="random-user-service">
<kw name="GET On Session" owner="RequestsLibrary">
<msg time="2024-05-22T05:15:33.136794" level="INFO">GET Request : url=https://randomuser.me/api 
 path_url=/api 
 headers={'User-Agent': 'python-requests/2.32.2', 'Accept-Encoding': 'gzip, deflate', 'Accept': '*/*', 'Connection': 'keep-alive'} 
 body=None 
 </msg>
<msg time="2024-05-22T05:15:33.136883" level="INFO">GET Response : url=https://randomuser.me/api 
 status=200, reason=OK 
 headers={'Date': 'Wed, 22 May 2024 05:15:33 GMT', 'Content-Type': 'application/json; charset=utf-8', 'Transfer-Encoding': 'chunked', 'Connection': 'keep-alive', 'X-Powered-By': 'Express', 'Access-Control-Allow-Origin': '*', 'Cache-Control': 'no-cache', 'ETag': 'W/"493-2tDye94zh5HJSNPdMqBnK+iY2Ac"', 'Vary': 'Accept-Encoding', 'Content-Encoding': 'gzip', 'CF-Cache-Status': 'DYNAMIC', 'Report-To': '{"endpoints":[{"url":"https:\\/\\/a.nel.cloudflare.com\\/report\\/v4?s=e4L407lme9FocG777cwb2cGUafWi2gHF8SFT3617rQKtTZ41RcuA82R62EUDlSRPvfJjheIJNOqVCRIkZzvj6loTYcEjVDMcXGzw0N0O7H7HbMwkfQJmLsuOjrhQ914e"}],"group":"cf-nel","max_age":604800}', 'NEL': '{"success_fraction":0,"report_to":"cf-nel","max_age":604800}', 'Server': 'cloudflare', 'CF-RAY': '887a5439adb7224f-ORD', 'alt-svc': 'h3=":443"; ma=86400'} 
 body={"results":[{"gender":"female","name":{"title":"Ms","first":"Nyncke","last":"Brinks"},"location":{"street":{"number":5617,"name":"Hammerdal"},"city":"Sas van Gent","state":"Overijssel","country":"Netherlands","postcode":"4309 BB","coordinates":{"latitude":"36.3090","longitude":"3.4636"},"timezone":{"offset":"-1:00","description":"Azores, Cape Verde Islands"}},"email":"nyncke.brinks@example.com","login":{"uuid":"b1e68abb-cfe8-4690-98ce-07d6e6567d22","username":"whitebird507","password":"screamer","salt":"86FAKatH","md5":"a2c88416a150f4eb4d0a8e5ae23faa6e","sha1":"a37bf2654d0af39171e255a664ad10fc536307e4","sha256":"77cc6e3c436f7dcf73fd14e6dded0f2b49cb3d4bd8d04a527e4626b9a9ca2443"},"dob":{"date":"1994-04-12T21:34:11.755Z","age":30},"registered":{"date":"2010-04-30T05:37:02.405Z","age":14},"phone":"(033) 3481115","cell":"(06) 71332377","id":{"name":"BSN","value":"59311064"},"picture":{"large":"https://randomuser.me/api/portraits/women/86.jpg","medium":"https://randomuser.me/api/portraits/med/women/86.jpg","thumbnail":"https://randomuser.me/api/portraits/thumb/women/86.jpg"},"nat":"NL"}],"info":{"seed":"8241ebbfb9d9601d","results":1,"page":1,"version":"1.4"}} 
 </msg>
<msg time="2024-05-22T05:15:33.137005" level="INFO">/opt/hostedtoolcache/Python/3.12.3/x64/lib/python3.12/site-packages/urllib3/connectionpool.py:1103: InsecureRequestWarning: Unverified HTTPS request is being made to host 'randomuser.me'. Adding certificate verification is strongly advised. See: https://urllib3.readthedocs.io/en/latest/advanced-usage.html#tls-warnings
  warnings.warn(</msg>
<msg time="2024-05-22T05:15:33.137147" level="INFO">${response} = &lt;Response [200]&gt;</msg>
<var>${response}</var>
<arg>consultarAPI</arg>
<arg>/api</arg>
<doc>Sends a GET request on a previously created HTTP Session.</doc>
<status status="PASS" start="2024-05-22T05:15:32.738199" elapsed="0.398999"/>
</kw>
<kw name="Set Variable" owner="BuiltIn">
<msg time="2024-05-22T05:15:33.138219" level="INFO">${json_data} = {'results': [{'gender': 'female', 'name': {'title': 'Ms', 'first': 'Nyncke', 'last': 'Brinks'}, 'location': {'street': {'number': 5617, 'name': 'Hammerdal'}, 'city': 'Sas van Gent', 'state': 'Overijss...</msg>
<var>${json_data}</var>
<arg>${response.json()}</arg>
<doc>Returns the given values which can then be assigned to a variables.</doc>
<status status="PASS" start="2024-05-22T05:15:33.137674" elapsed="0.000573"/>
</kw>
<kw name="Log" owner="BuiltIn">
<msg time="2024-05-22T05:15:33.138705" level="INFO">{'results': [{'gender': 'female', 'name': {'title': 'Ms', 'first': 'Nyncke', 'last': 'Brinks'}, 'location': {'street': {'number': 5617, 'name': 'Hammerdal'}, 'city': 'Sas van Gent', 'state': 'Overijssel', 'country': 'Netherlands', 'postcode': '4309 BB', 'coordinates': {'latitude': '36.3090', 'longitude': '3.4636'}, 'timezone': {'offset': '-1:00', 'description': 'Azores, Cape Verde Islands'}}, 'email': 'nyncke.brinks@example.com', 'login': {'uuid': 'b1e68abb-cfe8-4690-98ce-07d6e6567d22', 'username': 'whitebird507', 'password': 'screamer', 'salt': '86FAKatH', 'md5': 'a2c88416a150f4eb4d0a8e5ae23faa6e', 'sha1': 'a37bf2654d0af39171e255a664ad10fc536307e4', 'sha256': '77cc6e3c436f7dcf73fd14e6dded0f2b49cb3d4bd8d04a527e4626b9a9ca2443'}, 'dob': {'date': '1994-04-12T21:34:11.755Z', 'age': 30}, 'registered': {'date': '2010-04-30T05:37:02.405Z', 'age': 14}, 'phone': '(033) 3481115', 'cell': '(06) 71332377', 'id': {'name': 'BSN', 'value': '59311064'}, 'picture': {'large': 'https://randomuser.me/api/portraits/women/86.jpg', 'medium': 'https://randomuser.me/api/portraits/med/women/86.jpg', 'thumbnail': 'https://randomuser.me/api/portraits/thumb/women/86.jpg'}, 'nat': 'NL'}], 'info': {'seed': '8241ebbfb9d9601d', 'results': 1, 'page': 1, 'version': '1.4'}}</msg>
<arg>${json_data}</arg>
<doc>Logs the given message with the given level.</doc>
<status status="PASS" start="2024-05-22T05:15:33.138552" elapsed="0.000198"/>
</kw>
<kw name="Dictionary Should Contain Key" owner="Collections">
<msg time="2024-05-22T05:15:33.139191" level="INFO">False</msg>
<arg>${json_data}</arg>
<arg>results</arg>
<doc>Fails if ``key`` is not found from ``dictionary``.</doc>
<status status="PASS" start="2024-05-22T05:15:33.139041" elapsed="0.000185"/>
</kw>
<kw name="Should Not Be Empty" owner="BuiltIn">
<msg time="2024-05-22T05:15:33.139646" level="INFO">Length is 2.</msg>
<arg>${json_data}</arg>
<doc>Verifies that the given item is not empty.</doc>
<status status="PASS" start="2024-05-22T05:15:33.139516" elapsed="0.000166"/>
</kw>
<kw name="Create List" owner="BuiltIn">
<msg time="2024-05-22T05:15:33.140169" level="INFO">${expected_keys} = ['gender', 'name', 'location', 'email', 'login']</msg>
<var>${expected_keys}</var>
<arg>gender</arg>
<arg>name</arg>
<arg>location</arg>
<arg>email</arg>
<arg>login</arg>
<doc>Returns a list containing given items.</doc>
<status status="PASS" start="2024-05-22T05:15:33.140019" elapsed="0.000174"/>
</kw>
<for flavor="IN">
<iter>
<kw name="Dictionary Should Contain Key" owner="Collections">
<msg time="2024-05-22T05:15:33.141161" level="INFO">False</msg>
<arg>${json_data['results'][0]}</arg>
<arg>${key}</arg>
<doc>Fails if ``key`` is not found from ``dictionary``.</doc>
<status status="PASS" start="2024-05-22T05:15:33.140766" elapsed="0.000437"/>
</kw>
<kw name="Log" owner="BuiltIn">
<msg time="2024-05-22T05:15:33.141856" level="INFO">{'gender': 'female', 'name': {'title': 'Ms', 'first': 'Nyncke', 'last': 'Brinks'}, 'location': {'street': {'number': 5617, 'name': 'Hammerdal'}, 'city': 'Sas van Gent', 'state': 'Overijssel', 'country': 'Netherlands', 'postcode': '4309 BB', 'coordinates': {'latitude': '36.3090', 'longitude': '3.4636'}, 'timezone': {'offset': '-1:00', 'description': 'Azores, Cape Verde Islands'}}, 'email': 'nyncke.brinks@example.com', 'login': {'uuid': 'b1e68abb-cfe8-4690-98ce-07d6e6567d22', 'username': 'whitebird507', 'password': 'screamer', 'salt': '86FAKatH', 'md5': 'a2c88416a150f4eb4d0a8e5ae23faa6e', 'sha1': 'a37bf2654d0af39171e255a664ad10fc536307e4', 'sha256': '77cc6e3c436f7dcf73fd14e6dded0f2b49cb3d4bd8d04a527e4626b9a9ca2443'}, 'dob': {'date': '1994-04-12T21:34:11.755Z', 'age': 30}, 'registered': {'date': '2010-04-30T05:37:02.405Z', 'age': 14}, 'phone': '(033) 3481115', 'cell': '(06) 71332377', 'id': {'name': 'BSN', 'value': '59311064'}, 'picture': {'large': 'https://randomuser.me/api/portraits/women/86.jpg', 'medium': 'https://randomuser.me/api/portraits/med/women/86.jpg', 'thumbnail': 'https://randomuser.me/api/portraits/thumb/women/86.jpg'}, 'nat': 'NL'}</msg>
<arg>${json_data['results'][0]}</arg>
<doc>Logs the given message with the given level.</doc>
<status status="PASS" start="2024-05-22T05:15:33.141496" elapsed="0.000407"/>
</kw>
<kw name="Log" owner="BuiltIn">
<msg time="2024-05-22T05:15:33.142319" level="INFO">gender</msg>
<arg>${key}</arg>
<doc>Logs the given message with the given level.</doc>
<status status="PASS" start="2024-05-22T05:15:33.142194" elapsed="0.000161"/>
</kw>
<var name="${key}">gender</var>
<status status="PASS" start="2024-05-22T05:15:33.140638" elapsed="0.001927"/>
</iter>
<iter>
<kw name="Dictionary Should Contain Key" owner="Collections">
<msg time="2024-05-22T05:15:33.143287" level="INFO">False</msg>
<arg>${json_data['results'][0]}</arg>
<arg>${key}</arg>
<doc>Fails if ``key`` is not found from ``dictionary``.</doc>
<status status="PASS" start="2024-05-22T05:15:33.142888" elapsed="0.000435"/>
</kw>
<kw name="Log" owner="BuiltIn">
<msg time="2024-05-22T05:15:33.144026" level="INFO">{'gender': 'female', 'name': {'title': 'Ms', 'first': 'Nyncke', 'last': 'Brinks'}, 'location': {'street': {'number': 5617, 'name': 'Hammerdal'}, 'city': 'Sas van Gent', 'state': 'Overijssel', 'country': 'Netherlands', 'postcode': '4309 BB', 'coordinates': {'latitude': '36.3090', 'longitude': '3.4636'}, 'timezone': {'offset': '-1:00', 'description': 'Azores, Cape Verde Islands'}}, 'email': 'nyncke.brinks@example.com', 'login': {'uuid': 'b1e68abb-cfe8-4690-98ce-07d6e6567d22', 'username': 'whitebird507', 'password': 'screamer', 'salt': '86FAKatH', 'md5': 'a2c88416a150f4eb4d0a8e5ae23faa6e', 'sha1': 'a37bf2654d0af39171e255a664ad10fc536307e4', 'sha256': '77cc6e3c436f7dcf73fd14e6dded0f2b49cb3d4bd8d04a527e4626b9a9ca2443'}, 'dob': {'date': '1994-04-12T21:34:11.755Z', 'age': 30}, 'registered': {'date': '2010-04-30T05:37:02.405Z', 'age': 14}, 'phone': '(033) 3481115', 'cell': '(06) 71332377', 'id': {'name': 'BSN', 'value': '59311064'}, 'picture': {'large': 'https://randomuser.me/api/portraits/women/86.jpg', 'medium': 'https://randomuser.me/api/portraits/med/women/86.jpg', 'thumbnail': 'https://randomuser.me/api/portraits/thumb/women/86.jpg'}, 'nat': 'NL'}</msg>
<arg>${json_data['results'][0]}</arg>
<doc>Logs the given message with the given level.</doc>
<status status="PASS" start="2024-05-22T05:15:33.143641" elapsed="0.000432"/>
</kw>
<kw name="Log" owner="BuiltIn">
<msg time="2024-05-22T05:15:33.144496" level="INFO">name</msg>
<arg>${key}</arg>
<doc>Logs the given message with the given level.</doc>
<status status="PASS" start="2024-05-22T05:15:33.144369" elapsed="0.000163"/>
</kw>
<var name="${key}">name</var>
<status status="PASS" start="2024-05-22T05:15:33.142752" elapsed="0.001997"/>
</iter>
<iter>
<kw name="Dictionary Should Contain Key" owner="Collections">
<msg time="2024-05-22T05:15:33.145424" level="INFO">False</msg>
<arg>${json_data['results'][0]}</arg>
<arg>${key}</arg>
<doc>Fails if ``key`` is not found from ``dictionary``.</doc>
<status status="PASS" start="2024-05-22T05:15:33.145047" elapsed="0.000414"/>
</kw>
<kw name="Log" owner="BuiltIn">
<msg time="2024-05-22T05:15:33.146119" level="INFO">{'gender': 'female', 'name': {'title': 'Ms', 'first': 'Nyncke', 'last': 'Brinks'}, 'location': {'street': {'number': 5617, 'name': 'Hammerdal'}, 'city': 'Sas van Gent', 'state': 'Overijssel', 'country': 'Netherlands', 'postcode': '4309 BB', 'coordinates': {'latitude': '36.3090', 'longitude': '3.4636'}, 'timezone': {'offset': '-1:00', 'description': 'Azores, Cape Verde Islands'}}, 'email': 'nyncke.brinks@example.com', 'login': {'uuid': 'b1e68abb-cfe8-4690-98ce-07d6e6567d22', 'username': 'whitebird507', 'password': 'screamer', 'salt': '86FAKatH', 'md5': 'a2c88416a150f4eb4d0a8e5ae23faa6e', 'sha1': 'a37bf2654d0af39171e255a664ad10fc536307e4', 'sha256': '77cc6e3c436f7dcf73fd14e6dded0f2b49cb3d4bd8d04a527e4626b9a9ca2443'}, 'dob': {'date': '1994-04-12T21:34:11.755Z', 'age': 30}, 'registered': {'date': '2010-04-30T05:37:02.405Z', 'age': 14}, 'phone': '(033) 3481115', 'cell': '(06) 71332377', 'id': {'name': 'BSN', 'value': '59311064'}, 'picture': {'large': 'https://randomuser.me/api/portraits/women/86.jpg', 'medium': 'https://randomuser.me/api/portraits/med/women/86.jpg', 'thumbnail': 'https://randomuser.me/api/portraits/thumb/women/86.jpg'}, 'nat': 'NL'}</msg>
<arg>${json_data['results'][0]}</arg>
<doc>Logs the given message with the given level.</doc>
<status status="PASS" start="2024-05-22T05:15:33.145756" elapsed="0.000410"/>
</kw>
<kw name="Log" owner="BuiltIn">
<msg time="2024-05-22T05:15:33.146587" level="INFO">location</msg>
<arg>${key}</arg>
<doc>Logs the given message with the given level.</doc>
<status status="PASS" start="2024-05-22T05:15:33.146459" elapsed="0.000165"/>
</kw>
<var name="${key}">location</var>
<status status="PASS" start="2024-05-22T05:15:33.144931" elapsed="0.001911"/>
</iter>
<iter>
<kw name="Dictionary Should Contain Key" owner="Collections">
<msg time="2024-05-22T05:15:33.147611" level="INFO">False</msg>
<arg>${json_data['results'][0]}</arg>
<arg>${key}</arg>
<doc>Fails if ``key`` is not found from ``dictionary``.</doc>
<status status="PASS" start="2024-05-22T05:15:33.147123" elapsed="0.000526"/>
</kw>
<kw name="Log" owner="BuiltIn">
<msg time="2024-05-22T05:15:33.148339" level="INFO">{'gender': 'female', 'name': {'title': 'Ms', 'first': 'Nyncke', 'last': 'Brinks'}, 'location': {'street': {'number': 5617, 'name': 'Hammerdal'}, 'city': 'Sas van Gent', 'state': 'Overijssel', 'country': 'Netherlands', 'postcode': '4309 BB', 'coordinates': {'latitude': '36.3090', 'longitude': '3.4636'}, 'timezone': {'offset': '-1:00', 'description': 'Azores, Cape Verde Islands'}}, 'email': 'nyncke.brinks@example.com', 'login': {'uuid': 'b1e68abb-cfe8-4690-98ce-07d6e6567d22', 'username': 'whitebird507', 'password': 'screamer', 'salt': '86FAKatH', 'md5': 'a2c88416a150f4eb4d0a8e5ae23faa6e', 'sha1': 'a37bf2654d0af39171e255a664ad10fc536307e4', 'sha256': '77cc6e3c436f7dcf73fd14e6dded0f2b49cb3d4bd8d04a527e4626b9a9ca2443'}, 'dob': {'date': '1994-04-12T21:34:11.755Z', 'age': 30}, 'registered': {'date': '2010-04-30T05:37:02.405Z', 'age': 14}, 'phone': '(033) 3481115', 'cell': '(06) 71332377', 'id': {'name': 'BSN', 'value': '59311064'}, 'picture': {'large': 'https://randomuser.me/api/portraits/women/86.jpg', 'medium': 'https://randomuser.me/api/portraits/med/women/86.jpg', 'thumbnail': 'https://randomuser.me/api/portraits/thumb/women/86.jpg'}, 'nat': 'NL'}</msg>
<arg>${json_data['results'][0]}</arg>
<doc>Logs the given message with the given level.</doc>
<status status="PASS" start="2024-05-22T05:15:33.147983" elapsed="0.000404"/>
</kw>
<kw name="Log" owner="BuiltIn">
<msg time="2024-05-22T05:15:33.148812" level="INFO">email</msg>
<arg>${key}</arg>
<doc>Logs the given message with the given level.</doc>
<status status="PASS" start="2024-05-22T05:15:33.148685" elapsed="0.000163"/>
</kw>
<var name="${key}">email</var>
<status status="PASS" start="2024-05-22T05:15:33.147012" elapsed="0.002048"/>
</iter>
<iter>
<kw name="Dictionary Should Contain Key" owner="Collections">
<msg time="2024-05-22T05:15:33.149723" level="INFO">False</msg>
<arg>${json_data['results'][0]}</arg>
<arg>${key}</arg>
<doc>Fails if ``key`` is not found from ``dictionary``.</doc>
<status status="PASS" start="2024-05-22T05:15:33.149345" elapsed="0.000414"/>
</kw>
<kw name="Log" owner="BuiltIn">
<msg time="2024-05-22T05:15:33.150410" level="INFO">{'gender': 'female', 'name': {'title': 'Ms', 'first': 'Nyncke', 'last': 'Brinks'}, 'location': {'street': {'number': 5617, 'name': 'Hammerdal'}, 'city': 'Sas van Gent', 'state': 'Overijssel', 'country': 'Netherlands', 'postcode': '4309 BB', 'coordinates': {'latitude': '36.3090', 'longitude': '3.4636'}, 'timezone': {'offset': '-1:00', 'description': 'Azores, Cape Verde Islands'}}, 'email': 'nyncke.brinks@example.com', 'login': {'uuid': 'b1e68abb-cfe8-4690-98ce-07d6e6567d22', 'username': 'whitebird507', 'password': 'screamer', 'salt': '86FAKatH', 'md5': 'a2c88416a150f4eb4d0a8e5ae23faa6e', 'sha1': 'a37bf2654d0af39171e255a664ad10fc536307e4', 'sha256': '77cc6e3c436f7dcf73fd14e6dded0f2b49cb3d4bd8d04a527e4626b9a9ca2443'}, 'dob': {'date': '1994-04-12T21:34:11.755Z', 'age': 30}, 'registered': {'date': '2010-04-30T05:37:02.405Z', 'age': 14}, 'phone': '(033) 3481115', 'cell': '(06) 71332377', 'id': {'name': 'BSN', 'value': '59311064'}, 'picture': {'large': 'https://randomuser.me/api/portraits/women/86.jpg', 'medium': 'https://randomuser.me/api/portraits/med/women/86.jpg', 'thumbnail': 'https://randomuser.me/api/portraits/thumb/women/86.jpg'}, 'nat': 'NL'}</msg>
<arg>${json_data['results'][0]}</arg>
<doc>Logs the given message with the given level.</doc>
<status status="PASS" start="2024-05-22T05:15:33.150057" elapsed="0.000409"/>
</kw>
<kw name="Log" owner="BuiltIn">
<msg time="2024-05-22T05:15:33.150881" level="INFO">login</msg>
<arg>${key}</arg>
<doc>Logs the given message with the given level.</doc>
<status status="PASS" start="2024-05-22T05:15:33.150754" elapsed="0.000163"/>
</kw>
<var name="${key}">login</var>
<status status="PASS" start="2024-05-22T05:15:33.149233" elapsed="0.001922"/>
</iter>
<var>${key}</var>
<value>@{expected_keys}</value>
<status status="PASS" start="2024-05-22T05:15:33.140457" elapsed="0.010822"/>
</for>
<kw name="Create List" owner="BuiltIn">
<msg time="2024-05-22T05:15:33.151602" level="INFO">${expected_keysTwo} = ['username', 'password']</msg>
<var>${expected_keysTwo}</var>
<arg>username</arg>
<arg>password</arg>
<doc>Returns a list containing given items.</doc>
<status status="PASS" start="2024-05-22T05:15:33.151468" elapsed="0.000158"/>
</kw>
<for flavor="IN">
<iter>
<kw name="Dictionary Should Contain Key" owner="Collections">
<msg time="2024-05-22T05:15:33.152521" level="INFO">False</msg>
<arg>${json_data['results'][0]['login']}</arg>
<arg>${keyTwo}</arg>
<doc>Fails if ``key`` is not found from ``dictionary``.</doc>
<status status="PASS" start="2024-05-22T05:15:33.152141" elapsed="0.000415"/>
</kw>
<kw name="Dictionary Should Contain Key" owner="Collections">
<msg time="2024-05-22T05:15:33.153244" level="INFO">False</msg>
<arg>${json_data['results'][0]['login']}</arg>
<arg>${keyTwo}</arg>
<doc>Fails if ``key`` is not found from ``dictionary``.</doc>
<status status="PASS" start="2024-05-22T05:15:33.152861" elapsed="0.000418"/>
</kw>
<kw name="Log" owner="BuiltIn">
<msg time="2024-05-22T05:15:33.153693" level="INFO">username</msg>
<arg>${keyTwo}</arg>
<doc>Logs the given message with the given level.</doc>
<status status="PASS" start="2024-05-22T05:15:33.153568" elapsed="0.000161"/>
</kw>
<var name="${keyTwo}">username</var>
<status status="PASS" start="2024-05-22T05:15:33.152032" elapsed="0.001909"/>
</iter>
<iter>
<kw name="Dictionary Should Contain Key" owner="Collections">
<msg time="2024-05-22T05:15:33.154596" level="INFO">False</msg>
<arg>${json_data['results'][0]['login']}</arg>
<arg>${keyTwo}</arg>
<doc>Fails if ``key`` is not found from ``dictionary``.</doc>
<status status="PASS" start="2024-05-22T05:15:33.154217" elapsed="0.000416"/>
</kw>
<kw name="Dictionary Should Contain Key" owner="Collections">
<msg time="2024-05-22T05:15:33.155294" level="INFO">False</msg>
<arg>${json_data['results'][0]['login']}</arg>
<arg>${keyTwo}</arg>
<doc>Fails if ``key`` is not found from ``dictionary``.</doc>
<status status="PASS" start="2024-05-22T05:15:33.154925" elapsed="0.000405"/>
</kw>
<kw name="Log" owner="BuiltIn">
<msg time="2024-05-22T05:15:33.155766" level="INFO">password</msg>
<arg>${keyTwo}</arg>
<doc>Logs the given message with the given level.</doc>
<status status="PASS" start="2024-05-22T05:15:33.155620" elapsed="0.000184"/>
</kw>
<var name="${keyTwo}">password</var>
<status status="PASS" start="2024-05-22T05:15:33.154107" elapsed="0.001925"/>
</iter>
<var>${keyTwo}</var>
<value>@{expected_keysTwo}</value>
<status status="PASS" start="2024-05-22T05:15:33.151882" elapsed="0.004270"/>
</for>
<status status="PASS" start="2024-05-22T05:15:32.737966" elapsed="0.418321"/>
</kw>
<doc>Testa a estrutura da resposta da API.</doc>
<tag>testeEstruturaResposta</tag>
<status status="PASS" start="2024-05-22T05:15:32.737513" elapsed="0.418921"/>
</test>
<test id="s1-s1-t4" name="Validar tipos de dados" line="28">
<kw name="Teste de Tipos de Dados" owner="random-user-service">
<kw name="GET On Session" owner="RequestsLibrary">
<msg time="2024-05-22T05:15:33.217008" level="INFO">GET Request : url=https://randomuser.me/api 
 path_url=/api 
 headers={'User-Agent': 'python-requests/2.32.2', 'Accept-Encoding': 'gzip, deflate', 'Accept': '*/*', 'Connection': 'keep-alive'} 
 body=None 
 </msg>
<msg time="2024-05-22T05:15:33.217093" level="INFO">GET Response : url=https://randomuser.me/api 
 status=200, reason=OK 
 headers={'Date': 'Wed, 22 May 2024 05:15:33 GMT', 'Content-Type': 'application/json; charset=utf-8', 'Transfer-Encoding': 'chunked', 'Connection': 'keep-alive', 'X-Powered-By': 'Express', 'Access-Control-Allow-Origin': '*', 'Cache-Control': 'no-cache', 'ETag': 'W/"4a1-HgjHOCicgyu9WKgl4k1oNq3BHYk"', 'Vary': 'Accept-Encoding', 'Content-Encoding': 'gzip', 'CF-Cache-Status': 'DYNAMIC', 'Report-To': '{"endpoints":[{"url":"https:\\/\\/a.nel.cloudflare.com\\/report\\/v4?s=NCn9%2F9GpOmACut2J3oUKIfx7X2v0MajOYCfZ02XNbF5pZhh9rO5eZbIEHgUBs8rdOHzV08Z65ULq8feXhjwgNLZobbWIOfhUg%2F7VkIUQwyY%2BGx0Pdya96KjNX%2Frv7IHX"}],"group":"cf-nel","max_age":604800}', 'NEL': '{"success_fraction":0,"report_to":"cf-nel","max_age":604800}', 'Server': 'cloudflare', 'CF-RAY': '887a543c48e4224f-ORD', 'alt-svc': 'h3=":443"; ma=86400'} 
 body={"results":[{"gender":"male","name":{"title":"Monsieur","first":"Ramadan","last":"Guillot"},"location":{"street":{"number":7447,"name":"Place de L'Abbé-Georges-Hénocque"},"city":"Ederswiler","state":"Uri","country":"Switzerland","postcode":5332,"coordinates":{"latitude":"-61.7355","longitude":"-123.5842"},"timezone":{"offset":"+9:30","description":"Adelaide, Darwin"}},"email":"ramadan.guillot@example.com","login":{"uuid":"c6eb33dc-973e-4972-b995-f1e27ca48fcf","username":"organicfrog960","password":"mantle","salt":"KCo4LEiB","md5":"ed5b7748078102f3888830f3823e5dda","sha1":"bc31ac1068cad26d59958df7927322279a7d4da9","sha256":"78ce3a2775dd6832a1a5764d968653be09b4a1646a3a0fce5afb5166a4cf06b8"},"dob":{"date":"1948-10-11T04:16:46.602Z","age":75},"registered":{"date":"2020-04-20T23:12:01.704Z","age":4},"phone":"078 635 97 91","cell":"075 100 68 08","id":{"name":"AVS","value":"756.5450.7162.41"},"picture":{"large":"https://randomuser.me/api/portraits/men/15.jpg","medium":"https://randomuser.me/api/portraits/med/men/15.jpg","thumbnail":"https://randomuser.me/api/portraits/thumb/men/15.jpg"},"nat":"CH"}],"info":{"seed":"138b97d2918dea93","results":1,"page":1,"version":"1.4"}} 
 </msg>
<msg time="2024-05-22T05:15:33.217170" level="INFO">/opt/hostedtoolcache/Python/3.12.3/x64/lib/python3.12/site-packages/urllib3/connectionpool.py:1103: InsecureRequestWarning: Unverified HTTPS request is being made to host 'randomuser.me'. Adding certificate verification is strongly advised. See: https://urllib3.readthedocs.io/en/latest/advanced-usage.html#tls-warnings
  warnings.warn(</msg>
<msg time="2024-05-22T05:15:33.217286" level="INFO">${response} = &lt;Response [200]&gt;</msg>
<var>${response}</var>
<arg>consultarAPI</arg>
<arg>/api</arg>
<doc>Sends a GET request on a previously created HTTP Session.</doc>
<status status="PASS" start="2024-05-22T05:15:33.158941" elapsed="0.058399"/>
</kw>
<kw name="Set Variable" owner="BuiltIn">
<msg time="2024-05-22T05:15:33.218377" level="INFO">${json_data} = {'results': [{'gender': 'male', 'name': {'title': 'Monsieur', 'first': 'Ramadan', 'last': 'Guillot'}, 'location': {'street': {'number': 7447, 'name': "Place de L'Abbé-Georges-Hénocque"}, 'city': 'Eder...</msg>
<var>${json_data}</var>
<arg>${response.json()}</arg>
<doc>Returns the given values which can then be assigned to a variables.</doc>
<status status="PASS" start="2024-05-22T05:15:33.217823" elapsed="0.000584"/>
</kw>
<kw name="Log" owner="BuiltIn">
<msg time="2024-05-22T05:15:33.218874" level="INFO">{'results': [{'gender': 'male', 'name': {'title': 'Monsieur', 'first': 'Ramadan', 'last': 'Guillot'}, 'location': {'street': {'number': 7447, 'name': "Place de L'Abbé-Georges-Hénocque"}, 'city': 'Ederswiler', 'state': 'Uri', 'country': 'Switzerland', 'postcode': 5332, 'coordinates': {'latitude': '-61.7355', 'longitude': '-123.5842'}, 'timezone': {'offset': '+9:30', 'description': 'Adelaide, Darwin'}}, 'email': 'ramadan.guillot@example.com', 'login': {'uuid': 'c6eb33dc-973e-4972-b995-f1e27ca48fcf', 'username': 'organicfrog960', 'password': 'mantle', 'salt': 'KCo4LEiB', 'md5': 'ed5b7748078102f3888830f3823e5dda', 'sha1': 'bc31ac1068cad26d59958df7927322279a7d4da9', 'sha256': '78ce3a2775dd6832a1a5764d968653be09b4a1646a3a0fce5afb5166a4cf06b8'}, 'dob': {'date': '1948-10-11T04:16:46.602Z', 'age': 75}, 'registered': {'date': '2020-04-20T23:12:01.704Z', 'age': 4}, 'phone': '078 635 97 91', 'cell': '075 100 68 08', 'id': {'name': 'AVS', 'value': '756.5450.7162.41'}, 'picture': {'large': 'https://randomuser.me/api/portraits/men/15.jpg', 'medium': 'https://randomuser.me/api/portraits/med/men/15.jpg', 'thumbnail': 'https://randomuser.me/api/portraits/thumb/men/15.jpg'}, 'nat': 'CH'}], 'info': {'seed': '138b97d2918dea93', 'results': 1, 'page': 1, 'version': '1.4'}}</msg>
<arg>${json_data}</arg>
<doc>Logs the given message with the given level.</doc>
<status status="PASS" start="2024-05-22T05:15:33.218718" elapsed="0.000236"/>
</kw>
<kw name="Should Be String" owner="String">
<arg>${json_data['results'][0]['gender']}</arg>
<doc>Fails if the given ``item`` is not a string.</doc>
<status status="PASS" start="2024-05-22T05:15:33.219293" elapsed="0.000367"/>
</kw>
<kw name="Should Match Regexp" owner="BuiltIn">
<arg>${json_data['results'][0]['email']}</arg>
<arg>^[a-zA-Z0-9._%+-]+@[a-zA-Z0-9.-]+\.[a-zA-Z]{2,}$</arg>
<doc>Fails if ``string`` does not match ``pattern`` as a regular expression.</doc>
<status status="PASS" start="2024-05-22T05:15:33.219909" elapsed="0.000631"/>
</kw>
<kw name="Should Match Regexp" owner="BuiltIn">
<arg>${json_data['results'][0]['dob']['date']}</arg>
<arg>\\d{4}-\\d{2}-\\d{2}T\\d{2}:\\d{2}:\\d{2}\\.\\d{3}Z</arg>
<doc>Fails if ``string`` does not match ``pattern`` as a regular expression.</doc>
<status status="PASS" start="2024-05-22T05:15:33.220741" elapsed="0.000486"/>
</kw>
<kw name="Should Match Regexp" owner="BuiltIn">
<arg>${json_data['results'][0]['registered']['date']}</arg>
<arg>\\d{4}-\\d{2}-\\d{2}T\\d{2}:\\d{2}:\\d{2}\\.\\d{3}Z</arg>
<doc>Fails if ``string`` does not match ``pattern`` as a regular expression.</doc>
<status status="PASS" start="2024-05-22T05:15:33.221423" elapsed="0.000372"/>
</kw>
<kw name="Should Match Regexp" owner="BuiltIn">
<arg>${json_data['results'][0]['picture']['large']}</arg>
<arg>^https?://.*\.(?:png|jpe?g|gif|bmp)$</arg>
<doc>Fails if ``string`` does not match ``pattern`` as a regular expression.</doc>
<status status="PASS" start="2024-05-22T05:15:33.221986" elapsed="0.000456"/>
</kw>
<kw name="Should Match Regexp" owner="BuiltIn">
<arg>${json_data['results'][0]['picture']['medium']}</arg>
<arg>^https?://.*\.(?:png|jpe?g|gif|bmp)$</arg>
<doc>Fails if ``string`` does not match ``pattern`` as a regular expression.</doc>
<status status="PASS" start="2024-05-22T05:15:33.222633" elapsed="0.000351"/>
</kw>
<kw name="Should Match Regexp" owner="BuiltIn">
<arg>${json_data['results'][0]['picture']['thumbnail']}</arg>
<arg>^https?://.*\.(?:png|jpe?g|gif|bmp)$</arg>
<doc>Fails if ``string`` does not match ``pattern`` as a regular expression.</doc>
<status status="PASS" start="2024-05-22T05:15:33.223171" elapsed="0.000348"/>
</kw>
<kw name="Log" owner="BuiltIn">
<msg time="2024-05-22T05:15:33.224051" level="INFO">{'large': 'https://randomuser.me/api/portraits/men/15.jpg', 'medium': 'https://randomuser.me/api/portraits/med/men/15.jpg', 'thumbnail': 'https://randomuser.me/api/portraits/thumb/men/15.jpg'}</msg>
<arg>${json_data['results'][0]['picture']}</arg>
<doc>Logs the given message with the given level.</doc>
<status status="PASS" start="2024-05-22T05:15:33.223699" elapsed="0.000394"/>
</kw>
<status status="PASS" start="2024-05-22T05:15:33.158713" elapsed="0.065631"/>
</kw>
<kw name="Teste de Tipos de Dados - Postcode" owner="random-user-service">
<kw name="GET On Session" owner="RequestsLibrary">
<msg time="2024-05-22T05:15:33.302648" level="INFO">GET Request : url=https://randomuser.me/api 
 path_url=/api 
 headers={'User-Agent': 'python-requests/2.32.2', 'Accept-Encoding': 'gzip, deflate', 'Accept': '*/*', 'Connection': 'keep-alive'} 
 body=None 
 </msg>
<msg time="2024-05-22T05:15:33.302710" level="INFO">GET Response : url=https://randomuser.me/api 
 status=200, reason=OK 
 headers={'Date': 'Wed, 22 May 2024 05:15:33 GMT', 'Content-Type': 'application/json; charset=utf-8', 'Transfer-Encoding': 'chunked', 'Connection': 'keep-alive', 'X-Powered-By': 'Express', 'Access-Control-Allow-Origin': '*', 'Cache-Control': 'no-cache', 'ETag': 'W/"49e-SHF5aWR4k1TCHny0fOnwWsv/8LA"', 'Vary': 'Accept-Encoding', 'Content-Encoding': 'gzip', 'CF-Cache-Status': 'DYNAMIC', 'Report-To': '{"endpoints":[{"url":"https:\\/\\/a.nel.cloudflare.com\\/report\\/v4?s=iaB0PzwNy%2FgUa0xU5vG6bNxONE2s%2BDob%2FPOiY9c3NcVVgoik4l%2F77GS6V0b6XWfTI4MmQRh1YXUMbVDTXNiZfAFMl7yLLX4GPtvDnbj%2FlhkjAQKSpgKtE%2BYhGpRQta2O"}],"group":"cf-nel","max_age":604800}', 'NEL': '{"success_fraction":0,"report_to":"cf-nel","max_age":604800}', 'Server': 'cloudflare', 'CF-RAY': '887a543ca950224f-ORD', 'alt-svc': 'h3=":443"; ma=86400'} 
 body={"results":[{"gender":"female","name":{"title":"Mademoiselle","first":"Julie","last":"Dufour"},"location":{"street":{"number":515,"name":"Rue Paul-Duvivier"},"city":"Churwalden","state":"Schaffhausen","country":"Switzerland","postcode":9742,"coordinates":{"latitude":"-59.9310","longitude":"113.3379"},"timezone":{"offset":"+9:30","description":"Adelaide, Darwin"}},"email":"julie.dufour@example.com","login":{"uuid":"73ee0f29-a73e-4480-8f40-84f297ff347e","username":"angryleopard364","password":"cupoi","salt":"Cm5rHap8","md5":"deb27abe31af1b1d02b39f10544970c7","sha1":"3602893512298363414456d6ef3cf9cb3e94a5d6","sha256":"48547ac7b670313a11ab619d822a1f686766f556579e017596abb106f05f6a92"},"dob":{"date":"2000-11-06T07:32:22.649Z","age":23},"registered":{"date":"2005-10-29T05:32:27.615Z","age":18},"phone":"079 124 85 20","cell":"078 579 22 34","id":{"name":"AVS","value":"756.8025.9154.19"},"picture":{"large":"https://randomuser.me/api/portraits/women/59.jpg","medium":"https://randomuser.me/api/portraits/med/women/59.jpg","thumbnail":"https://randomuser.me/api/portraits/thumb/women/59.jpg"},"nat":"CH"}],"info":{"seed":"11f8b6cb157855f9","results":1,"page":1,"version":"1.4"}} 
 </msg>
<msg time="2024-05-22T05:15:33.302763" level="INFO">/opt/hostedtoolcache/Python/3.12.3/x64/lib/python3.12/site-packages/urllib3/connectionpool.py:1103: InsecureRequestWarning: Unverified HTTPS request is being made to host 'randomuser.me'. Adding certificate verification is strongly advised. See: https://urllib3.readthedocs.io/en/latest/advanced-usage.html#tls-warnings
  warnings.warn(</msg>
<msg time="2024-05-22T05:15:33.302849" level="INFO">${response} = &lt;Response [200]&gt;</msg>
<var>${response}</var>
<arg>consultarAPI</arg>
<arg>/api</arg>
<doc>Sends a GET request on a previously created HTTP Session.</doc>
<status status="PASS" start="2024-05-22T05:15:33.224762" elapsed="0.078128"/>
</kw>
<kw name="Set Variable" owner="BuiltIn">
<msg time="2024-05-22T05:15:33.303910" level="INFO">${json_data} = {'results': [{'gender': 'female', 'name': {'title': 'Mademoiselle', 'first': 'Julie', 'last': 'Dufour'}, 'location': {'street': {'number': 515, 'name': 'Rue Paul-Duvivier'}, 'city': 'Churwalden', 'sta...</msg>
<var>${json_data}</var>
<arg>${response.json()}</arg>
<doc>Returns the given values which can then be assigned to a variables.</doc>
<status status="PASS" start="2024-05-22T05:15:33.303327" elapsed="0.000616"/>
</kw>
<kw name="Log" owner="BuiltIn">
<msg time="2024-05-22T05:15:33.304411" level="INFO">{'results': [{'gender': 'female', 'name': {'title': 'Mademoiselle', 'first': 'Julie', 'last': 'Dufour'}, 'location': {'street': {'number': 515, 'name': 'Rue Paul-Duvivier'}, 'city': 'Churwalden', 'state': 'Schaffhausen', 'country': 'Switzerland', 'postcode': 9742, 'coordinates': {'latitude': '-59.9310', 'longitude': '113.3379'}, 'timezone': {'offset': '+9:30', 'description': 'Adelaide, Darwin'}}, 'email': 'julie.dufour@example.com', 'login': {'uuid': '73ee0f29-a73e-4480-8f40-84f297ff347e', 'username': 'angryleopard364', 'password': 'cupoi', 'salt': 'Cm5rHap8', 'md5': 'deb27abe31af1b1d02b39f10544970c7', 'sha1': '3602893512298363414456d6ef3cf9cb3e94a5d6', 'sha256': '48547ac7b670313a11ab619d822a1f686766f556579e017596abb106f05f6a92'}, 'dob': {'date': '2000-11-06T07:32:22.649Z', 'age': 23}, 'registered': {'date': '2005-10-29T05:32:27.615Z', 'age': 18}, 'phone': '079 124 85 20', 'cell': '078 579 22 34', 'id': {'name': 'AVS', 'value': '756.8025.9154.19'}, 'picture': {'large': 'https://randomuser.me/api/portraits/women/59.jpg', 'medium': 'https://randomuser.me/api/portraits/med/women/59.jpg', 'thumbnail': 'https://randomuser.me/api/portraits/thumb/women/59.jpg'}, 'nat': 'CH'}], 'info': {'seed': '11f8b6cb157855f9', 'results': 1, 'page': 1, 'version': '1.4'}}</msg>
<arg>${json_data}</arg>
<doc>Logs the given message with the given level.</doc>
<status status="PASS" start="2024-05-22T05:15:33.304256" elapsed="0.000232"/>
</kw>
<kw name="Should Be Equal As Numbers" owner="BuiltIn">
<arg>${json_data['results'][0]['location']['postcode']}</arg>
<arg>${json_data['results'][0]['location']['postcode']}</arg>
<doc>Fails if objects are unequal after converting them to real numbers.</doc>
<status status="PASS" start="2024-05-22T05:15:33.304793" elapsed="0.000620"/>
</kw>
<kw name="Log" owner="BuiltIn">
<msg time="2024-05-22T05:15:33.305947" level="INFO">9742</msg>
<arg>${json_data['results'][0]['location']['postcode']}</arg>
<doc>Logs the given message with the given level.</doc>
<status status="PASS" start="2024-05-22T05:15:33.305605" elapsed="0.000384"/>
</kw>
<status status="PASS" start="2024-05-22T05:15:33.224549" elapsed="0.081694"/>
</kw>
<doc>Testa se os tipos de dados na resposta da API estão corretos.</doc>
<tag>testeTiposDados</tag>
<status status="PASS" start="2024-05-22T05:15:33.158165" elapsed="0.148234"/>
</test>
<test id="s1-s1-t5" name="Validar conteudo" line="35">
<kw name="Teste de Tipos de Conteudo" owner="random-user-service">
<kw name="GET On Session" owner="RequestsLibrary">
<msg time="2024-05-22T05:15:33.404828" level="INFO">GET Request : url=https://randomuser.me/api 
 path_url=/api 
 headers={'User-Agent': 'python-requests/2.32.2', 'Accept-Encoding': 'gzip, deflate', 'Accept': '*/*', 'Connection': 'keep-alive'} 
 body=None 
 </msg>
<msg time="2024-05-22T05:15:33.404891" level="INFO">GET Response : url=https://randomuser.me/api 
 status=200, reason=OK 
 headers={'Date': 'Wed, 22 May 2024 05:15:33 GMT', 'Content-Type': 'application/json; charset=utf-8', 'Transfer-Encoding': 'chunked', 'Connection': 'keep-alive', 'X-Powered-By': 'Express', 'Access-Control-Allow-Origin': '*', 'Cache-Control': 'no-cache', 'ETag': 'W/"4a3-29IKE30qeGasr3ggst+LEF2hNM0"', 'Vary': 'Accept-Encoding', 'Content-Encoding': 'gzip', 'CF-Cache-Status': 'DYNAMIC', 'Report-To': '{"endpoints":[{"url":"https:\\/\\/a.nel.cloudflare.com\\/report\\/v4?s=Q0rtTE8oMsdCqxGCQwNteJI4cl6jgh01nAR5MiYJIkVovKj32tOSHA0rU7KF6tahMgpRMRwoFMXDEnUIU%2BJJRJ2TzXBcyuK8mibHsQm6lxpScoG21ige3E8KfyzbPvDA"}],"group":"cf-nel","max_age":604800}', 'NEL': '{"success_fraction":0,"report_to":"cf-nel","max_age":604800}', 'Server': 'cloudflare', 'CF-RAY': '887a543d39e5224f-ORD', 'alt-svc': 'h3=":443"; ma=86400'} 
 body={"results":[{"gender":"male","name":{"title":"Mr","first":"Gregorio","last":"Reyes"},"location":{"street":{"number":7285,"name":"Avenida de Castilla"},"city":"Vigo","state":"Comunidad de Madrid","country":"Spain","postcode":34480,"coordinates":{"latitude":"-38.1332","longitude":"-15.9466"},"timezone":{"offset":"+5:00","description":"Ekaterinburg, Islamabad, Karachi, Tashkent"}},"email":"gregorio.reyes@example.com","login":{"uuid":"6cab1f74-16a3-4ce9-9d0d-f207780b9bd1","username":"beautifulsnake984","password":"suzanne","salt":"dxQoW4LL","md5":"d195ff9fe94910984387be560cfa73ca","sha1":"08f88dd87f7a9ad5a6c02bc733f241e060210b0d","sha256":"86ea37ad3c69da1f5ab301620b1d21a340ee34249984450e1fb4cd7e109037cd"},"dob":{"date":"1954-06-21T02:53:38.733Z","age":69},"registered":{"date":"2003-05-29T08:04:32.582Z","age":20},"phone":"945-075-681","cell":"657-564-376","id":{"name":"DNI","value":"71778317-L"},"picture":{"large":"https://randomuser.me/api/portraits/men/47.jpg","medium":"https://randomuser.me/api/portraits/med/men/47.jpg","thumbnail":"https://randomuser.me/api/portraits/thumb/men/47.jpg"},"nat":"ES"}],"info":{"seed":"9363b65881049be5","results":1,"page":1,"version":"1.4"}} 
 </msg>
<msg time="2024-05-22T05:15:33.404944" level="INFO">/opt/hostedtoolcache/Python/3.12.3/x64/lib/python3.12/site-packages/urllib3/connectionpool.py:1103: InsecureRequestWarning: Unverified HTTPS request is being made to host 'randomuser.me'. Adding certificate verification is strongly advised. See: https://urllib3.readthedocs.io/en/latest/advanced-usage.html#tls-warnings
  warnings.warn(</msg>
<msg time="2024-05-22T05:15:33.405031" level="INFO">${response} = &lt;Response [200]&gt;</msg>
<var>${response}</var>
<arg>consultarAPI</arg>
<arg>/api</arg>
<doc>Sends a GET request on a previously created HTTP Session.</doc>
<status status="PASS" start="2024-05-22T05:15:33.308898" elapsed="0.096171"/>
</kw>
<kw name="Set Variable" owner="BuiltIn">
<msg time="2024-05-22T05:15:33.406047" level="INFO">${json_data} = {'results': [{'gender': 'male', 'name': {'title': 'Mr', 'first': 'Gregorio', 'last': 'Reyes'}, 'location': {'street': {'number': 7285, 'name': 'Avenida de Castilla'}, 'city': 'Vigo', 'state': 'Comunid...</msg>
<var>${json_data}</var>
<arg>${response.json()}</arg>
<doc>Returns the given values which can then be assigned to a variables.</doc>
<status status="PASS" start="2024-05-22T05:15:33.405508" elapsed="0.000567"/>
</kw>
<kw name="Set Variable" owner="BuiltIn">
<msg time="2024-05-22T05:15:33.406757" level="INFO">${name_title} = Mr</msg>
<var>${name_title}</var>
<arg>${json_data["results"][0]["name"]["title"]}</arg>
<doc>Returns the given values which can then be assigned to a variables.</doc>
<status status="PASS" start="2024-05-22T05:15:33.406376" elapsed="0.000406"/>
</kw>
<kw name="Create List" owner="BuiltIn">
<msg time="2024-05-22T05:15:33.407233" level="INFO">${allowed_titles} = ['Mr', 'Ms', 'Miss', 'Mrs', 'Madame', 'Monsieur']</msg>
<var>${allowed_titles}</var>
<arg>Mr</arg>
<arg>Ms</arg>
<arg>Miss</arg>
<arg>Mrs</arg>
<arg>Madame</arg>
<arg>Monsieur</arg>
<doc>Returns a list containing given items.</doc>
<status status="PASS" start="2024-05-22T05:15:33.407087" elapsed="0.000170"/>
</kw>
<kw name="List Should Contain Value" owner="Collections">
<msg time="2024-05-22T05:15:33.407760" level="INFO">False</msg>
<arg>${allowed_titles}</arg>
<arg>${name_title}</arg>
<doc>Fails if the ``value`` is not found from ``list``.</doc>
<status status="PASS" start="2024-05-22T05:15:33.407554" elapsed="0.000248"/>
</kw>
<kw name="Set Variable" owner="BuiltIn">
<msg time="2024-05-22T05:15:33.408615" level="INFO">${name_country} = ES</msg>
<var>${name_country}</var>
<arg>${json_data["results"][0]["nat"]}</arg>
<doc>Returns the given values which can then be assigned to a variables.</doc>
<status status="PASS" start="2024-05-22T05:15:33.408110" elapsed="0.000530"/>
</kw>
<kw name="Create List" owner="BuiltIn">
<msg time="2024-05-22T05:15:33.409545" level="INFO">${list_country} = ['AD', 'AE', 'AF', 'AG', 'AI', 'AL', 'AM', 'AO', 'AQ', 'AR', 'AS', 'AT', 'AU', 'AW', 'AX', 'AZ', 'BA', 'BB', 'BD', 'BE', 'BF', 'BG', 'BH', 'BI', 'BJ', 'BL', 'BM', 'BN', 'BO', 'BQ', 'BR', 'BS', 'BT', '...</msg>
<var>${list_country}</var>
<arg>AD</arg>
<arg>AE</arg>
<arg>AF</arg>
<arg>AG</arg>
<arg>AI</arg>
<arg>AL</arg>
<arg>AM</arg>
<arg>AO</arg>
<arg>AQ</arg>
<arg>AR</arg>
<arg>AS</arg>
<arg>AT</arg>
<arg>AU</arg>
<arg>AW</arg>
<arg>AX</arg>
<arg>AZ</arg>
<arg>BA</arg>
<arg>BB</arg>
<arg>BD</arg>
<arg>BE</arg>
<arg>BF</arg>
<arg>BG</arg>
<arg>BH</arg>
<arg>BI</arg>
<arg>BJ</arg>
<arg>BL</arg>
<arg>BM</arg>
<arg>BN</arg>
<arg>BO</arg>
<arg>BQ</arg>
<arg>BR</arg>
<arg>BS</arg>
<arg>BT</arg>
<arg>BV</arg>
<arg>BW</arg>
<arg>BY</arg>
<arg>BZ</arg>
<arg>CA</arg>
<arg>CC</arg>
<arg>CD</arg>
<arg>CF</arg>
<arg>CG</arg>
<arg>CH</arg>
<arg>CI</arg>
<arg>CK</arg>
<arg>CL</arg>
<arg>CM</arg>
<arg>CN</arg>
<arg>CO</arg>
<arg>CR</arg>
<arg>CU</arg>
<arg>CV</arg>
<arg>CW</arg>
<arg>CX</arg>
<arg>CY</arg>
<arg>CZ</arg>
<arg>DE</arg>
<arg>DJ</arg>
<arg>DK</arg>
<arg>DM</arg>
<arg>DO</arg>
<arg>DZ</arg>
<arg>EC</arg>
<arg>EE</arg>
<arg>EG</arg>
<arg>EH</arg>
<arg>ER</arg>
<arg>ES</arg>
<arg>ET</arg>
<arg>FI</arg>
<arg>FJ</arg>
<arg>FK</arg>
<arg>FM</arg>
<arg>FO</arg>
<arg>FR</arg>
<arg>GA</arg>
<arg>GB</arg>
<arg>GD</arg>
<arg>GE</arg>
<arg>GF</arg>
<arg>GG</arg>
<arg>GH</arg>
<arg>GI</arg>
<arg>GL</arg>
<arg>GM</arg>
<arg>GN</arg>
<arg>GP</arg>
<arg>GQ</arg>
<arg>GR</arg>
<arg>GS</arg>
<arg>GT</arg>
<arg>GU</arg>
<arg>GW</arg>
<arg>GY</arg>
<arg>HK</arg>
<arg>HM</arg>
<arg>HN</arg>
<arg>HR</arg>
<arg>HT</arg>
<arg>HU</arg>
<arg>ID</arg>
<arg>IE</arg>
<arg>IL</arg>
<arg>IM</arg>
<arg>IN</arg>
<arg>IO</arg>
<arg>IQ</arg>
<arg>IR</arg>
<arg>IS</arg>
<arg>IT</arg>
<arg>JE</arg>
<arg>JM</arg>
<arg>JO</arg>
<arg>JP</arg>
<arg>KE</arg>
<arg>KG</arg>
<arg>KH</arg>
<arg>KI</arg>
<arg>KM</arg>
<arg>KN</arg>
<arg>KP</arg>
<arg>KR</arg>
<arg>KW</arg>
<arg>KY</arg>
<arg>KZ</arg>
<arg>LA</arg>
<arg>LB</arg>
<arg>LC</arg>
<arg>LI</arg>
<arg>LK</arg>
<arg>LR</arg>
<arg>LS</arg>
<arg>LT</arg>
<arg>LU</arg>
<arg>LV</arg>
<arg>LY</arg>
<arg>MA</arg>
<arg>MC</arg>
<arg>MD</arg>
<arg>ME</arg>
<arg>MF</arg>
<arg>MG</arg>
<arg>MH</arg>
<arg>MK</arg>
<arg>ML</arg>
<arg>MM</arg>
<arg>MN</arg>
<arg>MO</arg>
<arg>MP</arg>
<arg>MQ</arg>
<arg>MR</arg>
<arg>MS</arg>
<arg>MT</arg>
<arg>MU</arg>
<arg>MV</arg>
<arg>MW</arg>
<arg>MX</arg>
<arg>MY</arg>
<arg>MZ</arg>
<arg>NA</arg>
<arg>NC</arg>
<arg>NE</arg>
<arg>NF</arg>
<arg>NG</arg>
<arg>NI</arg>
<arg>NL</arg>
<arg>NO</arg>
<arg>NP</arg>
<arg>NR</arg>
<arg>NU</arg>
<arg>NZ</arg>
<arg>OM</arg>
<arg>PA</arg>
<arg>PE</arg>
<arg>PF</arg>
<arg>PG</arg>
<arg>PH</arg>
<arg>PK</arg>
<arg>PL</arg>
<arg>PM</arg>
<arg>PN</arg>
<arg>PR</arg>
<arg>PS</arg>
<arg>PT</arg>
<arg>PW</arg>
<arg>PY</arg>
<arg>QA</arg>
<arg>RE</arg>
<arg>RO</arg>
<arg>RS</arg>
<arg>RU</arg>
<arg>RW</arg>
<arg>SA</arg>
<arg>SB</arg>
<arg>SC</arg>
<arg>SD</arg>
<arg>SE</arg>
<arg>SG</arg>
<arg>SH</arg>
<arg>SI</arg>
<arg>SJ</arg>
<arg>SK</arg>
<arg>SL</arg>
<arg>SM</arg>
<arg>SN</arg>
<arg>SO</arg>
<arg>SR</arg>
<arg>SS</arg>
<arg>ST</arg>
<arg>SV</arg>
<arg>SX</arg>
<arg>SY</arg>
<arg>SZ</arg>
<arg>TC</arg>
<arg>TD</arg>
<arg>TF</arg>
<arg>TG</arg>
<arg>TH</arg>
<arg>TJ</arg>
<arg>TK</arg>
<arg>TL</arg>
<arg>TM</arg>
<arg>TN</arg>
<arg>TO</arg>
<arg>TR</arg>
<arg>TT</arg>
<arg>TV</arg>
<arg>TW</arg>
<arg>TZ</arg>
<arg>UA</arg>
<arg>UG</arg>
<arg>UM</arg>
<arg>US</arg>
<arg>UY</arg>
<arg>UZ</arg>
<arg>VA</arg>
<arg>VC</arg>
<arg>VE</arg>
<arg>VG</arg>
<arg>VI</arg>
<arg>VN</arg>
<arg>VU</arg>
<arg>WF</arg>
<arg>WS</arg>
<arg>XK</arg>
<arg>YE</arg>
<arg>YT</arg>
<arg>ZA</arg>
<arg>ZM</arg>
<arg>ZW</arg>
<doc>Returns a list containing given items.</doc>
<status status="PASS" start="2024-05-22T05:15:33.408947" elapsed="0.000623"/>
</kw>
<kw name="List Should Contain Value" owner="Collections">
<msg time="2024-05-22T05:15:33.410553" level="INFO">False</msg>
<arg>${list_country}</arg>
<arg>${name_country}</arg>
<doc>Fails if the ``value`` is not found from ``list``.</doc>
<status status="PASS" start="2024-05-22T05:15:33.410352" elapsed="0.000237"/>
</kw>
<kw name="Run Keyword If" owner="BuiltIn">
<kw name="Should Be True" owner="BuiltIn">
<arg>${True}</arg>
<doc>Fails if the given condition is not true.</doc>
<status status="PASS" start="2024-05-22T05:15:33.411650" elapsed="0.000172"/>
</kw>
<arg>${json_data["results"][0]["location"]["coordinates"]["latitude"]} &gt;= -90 and ${json_data["results"][0]["location"]["coordinates"]["latitude"]} &lt;= 90</arg>
<arg>Should Be True</arg>
<arg>${True}</arg>
<doc>Runs the given keyword with the given arguments, if ``condition`` is true.</doc>
<status status="PASS" start="2024-05-22T05:15:33.410895" elapsed="0.001057"/>
</kw>
<kw name="Run Keyword If" owner="BuiltIn">
<kw name="Should Be True" owner="BuiltIn">
<arg>${True}</arg>
<doc>Fails if the given condition is not true.</doc>
<status status="PASS" start="2024-05-22T05:15:33.412838" elapsed="0.000138"/>
</kw>
<arg>${json_data["results"][0]["location"]["coordinates"]["longitude"]} &gt;= -180 and ${json_data["results"][0]["location"]["coordinates"]["longitude"]} &lt;= 180</arg>
<arg>Should Be True</arg>
<arg>${True}</arg>
<doc>Runs the given keyword with the given arguments, if ``condition`` is true.</doc>
<status status="PASS" start="2024-05-22T05:15:33.412138" elapsed="0.000962"/>
</kw>
<status status="PASS" start="2024-05-22T05:15:33.308675" elapsed="0.104553"/>
</kw>
<doc>Testa o conteúdo específico dos campos retornados pela API.</doc>
<tag>testeConteudo</tag>
<status status="PASS" start="2024-05-22T05:15:33.308177" elapsed="0.105191"/>
</test>
<status status="PASS" start="2024-05-22T05:15:32.162234" elapsed="1.253036"/>
</suite>
<status status="PASS" start="2024-05-22T05:15:32.148847" elapsed="1.271559"/>
</suite>
<statistics>
<total>
<stat pass="5" fail="0" skip="0">All Tests</stat>
</total>
<tag>
<stat pass="1" fail="0" skip="0">testeConteudo</stat>
<stat pass="1" fail="0" skip="0">testeEstruturaResposta</stat>
<stat pass="1" fail="0" skip="0">testeRequisicaoBasica</stat>
<stat pass="1" fail="0" skip="0">testeTiposDados</stat>
</tag>
<suite>
<stat pass="5" fail="0" skip="0" id="s1" name="Tests">Tests</stat>
<stat pass="5" fail="0" skip="0" id="s1-s1" name="Random-User-Test">Tests.Random-User-Test</stat>
</suite>
</statistics>
<errors>
</errors>
</robot>
