<?xml version="1.0" encoding="UTF-8"?>
<robot generator="Robot 7.0 (Python 3.12.2 on linux)" generated="2024-03-28T09:14:27.101633" rpa="false" schemaversion="5">
<suite id="s1" name="Tests" source="/home/runner/work/DesafioQAItauRogerioJordao/DesafioQAItauRogerioJordao/RamdonUser/tests">
<suite id="s1-s1" name="Random-User-Test" source="/home/runner/work/DesafioQAItauRogerioJordao/DesafioQAItauRogerioJordao/RamdonUser/tests/random-user-test.robot">
<test id="s1-s1-t1" name="Conectar" line="13">
<kw name="Conectar API" owner="random-user-service">
<kw name="Create Session" owner="RequestsLibrary">
<msg time="2024-03-28T09:14:27.475467" level="INFO">Creating Session using : alias=consultarAPI, url=https://randomuser.me/, headers={},                     cookies={}, auth=None, timeout=None, proxies=None, verify=False,                     debug=0 </msg>
<arg>consultarAPI</arg>
<arg>${URL}</arg>
<doc>Create Session: create a HTTP session to a server</doc>
<status status="PASS" start="2024-03-28T09:14:27.475232" elapsed="0.000423"/>
</kw>
<status status="PASS" start="2024-03-28T09:14:27.474151" elapsed="0.001876"/>
</kw>
<status status="PASS" start="2024-03-28T09:14:27.473583" elapsed="0.002650"/>
</test>
<test id="s1-s1-t2" name="Validar retorno 200 e JSON Válido" line="16">
<kw name="Teste de Requisicao Basica" owner="random-user-service">
<kw name="GET On Session" owner="RequestsLibrary">
<msg time="2024-03-28T09:14:27.714625" level="INFO">GET Request : url=https://randomuser.me/api 
 path_url=/api 
 headers={'User-Agent': 'python-requests/2.31.0', 'Accept-Encoding': 'gzip, deflate', 'Accept': '*/*', 'Connection': 'keep-alive'} 
 body=None 
 </msg>
<msg time="2024-03-28T09:14:27.714793" level="INFO">GET Response : url=https://randomuser.me/api 
 status=200, reason=OK 
 headers={'Date': 'Thu, 28 Mar 2024 09:14:27 GMT', 'Content-Type': 'application/json; charset=utf-8', 'Transfer-Encoding': 'chunked', 'Connection': 'keep-alive', 'X-Powered-By': 'Express', 'Access-Control-Allow-Origin': '*', 'Cache-Control': 'no-cache', 'ETag': 'W/"4a4-7zPeE1qvlAKph/nyi7kmhT4VseU"', 'Vary': 'Accept-Encoding', 'Content-Encoding': 'gzip', 'CF-Cache-Status': 'DYNAMIC', 'Report-To': '{"endpoints":[{"url":"https:\\/\\/a.nel.cloudflare.com\\/report\\/v4?s=F0QHuEvEYoqtJeF3I9Yvp67gsMF7%2FCeu1DAdhks7n13vRFzS9jtoKGU0w%2F3gpNotP1oKhsmXDR3YfGowH8lNzOChsjiS9MfNjCkuT%2FIY9Cizd%2FnTRS6YSgfRJqxepeVK"}],"group":"cf-nel","max_age":604800}', 'NEL': '{"success_fraction":0,"report_to":"cf-nel","max_age":604800}', 'Server': 'cloudflare', 'CF-RAY': '86b68292dc4110b3-ORD', 'alt-svc': 'h3=":443"; ma=86400'} 
 body={"results":[{"gender":"female","name":{"title":"Miss","first":"Ana Luisa","last":"Orta"},"location":{"street":{"number":3177,"name":"Calle Armenia"},"city":"Uspero (Reynosa)","state":"Quintana Roo","country":"Mexico","postcode":44850,"coordinates":{"latitude":"27.7462","longitude":"72.7045"},"timezone":{"offset":"-8:00","description":"Pacific Time (US &amp; Canada)"}},"email":"analuisa.orta@example.com","login":{"uuid":"1a1252eb-6c6e-458c-a887-6103da0e8766","username":"heavygorilla171","password":"macaroni","salt":"Wy3vIVjF","md5":"38cc5bf1d6c2073df4b6298793e40304","sha1":"94c8124bc9d498e2bd8a98269fceec868d52b24f","sha256":"8c40837a3965019b11250d8a7850768d14ac98fb8b868f7190cdac6b42b4a0e6"},"dob":{"date":"1945-06-10T05:31:43.060Z","age":78},"registered":{"date":"2006-06-15T22:42:15.444Z","age":17},"phone":"(660) 954 3418","cell":"(624) 588 0319","id":{"name":"NSS","value":"00 53 28 8458 9"},"picture":{"large":"https://randomuser.me/api/portraits/women/82.jpg","medium":"https://randomuser.me/api/portraits/med/women/82.jpg","thumbnail":"https://randomuser.me/api/portraits/thumb/women/82.jpg"},"nat":"MX"}],"info":{"seed":"00de0a218683b636","results":1,"page":1,"version":"1.4"}} 
 </msg>
<msg time="2024-03-28T09:14:27.714924" level="INFO">/opt/hostedtoolcache/Python/3.12.2/x64/lib/python3.12/site-packages/urllib3/connectionpool.py:1103: InsecureRequestWarning: Unverified HTTPS request is being made to host 'randomuser.me'. Adding certificate verification is strongly advised. See: https://urllib3.readthedocs.io/en/latest/advanced-usage.html#tls-warnings
  warnings.warn(</msg>
<msg time="2024-03-28T09:14:27.715104" level="INFO">${response} = &lt;Response [200]&gt;</msg>
<var>${response}</var>
<arg>consultarAPI</arg>
<arg>/api</arg>
<doc>Sends a GET request on a previously created HTTP Session.</doc>
<status status="PASS" start="2024-03-28T09:14:27.478780" elapsed="0.236370"/>
</kw>
<kw name="Should Be Equal As Numbers" owner="BuiltIn">
<msg time="2024-03-28T09:14:27.716161" level="INFO">Argument types are:
&lt;class 'int'&gt;
&lt;class 'str'&gt;</msg>
<arg>${response.status_code}</arg>
<arg>200</arg>
<doc>Fails if objects are unequal after converting them to real numbers.</doc>
<status status="PASS" start="2024-03-28T09:14:27.715691" elapsed="0.000534"/>
</kw>
<kw name="Log" owner="BuiltIn">
<msg time="2024-03-28T09:14:27.716901" level="INFO">200</msg>
<arg>${response.status_code}</arg>
<doc>Logs the given message with the given level.</doc>
<status status="PASS" start="2024-03-28T09:14:27.716542" elapsed="0.000401"/>
</kw>
<kw name="Set Variable" owner="BuiltIn">
<msg time="2024-03-28T09:14:27.717711" level="INFO">${json_data} = {'results': [{'gender': 'female', 'name': {'title': 'Miss', 'first': 'Ana Luisa', 'last': 'Orta'}, 'location': {'street': {'number': 3177, 'name': 'Calle Armenia'}, 'city': 'Uspero (Reynosa)', 'state'...</msg>
<var>${json_data}</var>
<arg>${response.json()}</arg>
<doc>Returns the given values which can then be assigned to a variables.</doc>
<status status="PASS" start="2024-03-28T09:14:27.717274" elapsed="0.000465"/>
</kw>
<kw name="Dictionary Should Contain Key" owner="Collections">
<msg time="2024-03-28T09:14:27.718217" level="INFO">False</msg>
<arg>${json_data}</arg>
<arg>results</arg>
<doc>Fails if ``key`` is not found from ``dictionary``.</doc>
<status status="PASS" start="2024-03-28T09:14:27.718050" elapsed="0.000213"/>
</kw>
<status status="PASS" start="2024-03-28T09:14:27.478528" elapsed="0.239994"/>
</kw>
<doc>Testa se a API responde corretamente e retorna um objeto JSON válido.</doc>
<tag>testeRequisicaoBasica</tag>
<status status="PASS" start="2024-03-28T09:14:27.478056" elapsed="0.240655"/>
</test>
<test id="s1-s1-t3" name="Validar estrutura de resposta" line="22">
<kw name="Teste de Estrutura de Resposta" owner="random-user-service">
<kw name="GET On Session" owner="RequestsLibrary">
<msg time="2024-03-28T09:14:27.800883" level="INFO">GET Request : url=https://randomuser.me/api 
 path_url=/api 
 headers={'User-Agent': 'python-requests/2.31.0', 'Accept-Encoding': 'gzip, deflate', 'Accept': '*/*', 'Connection': 'keep-alive'} 
 body=None 
 </msg>
<msg time="2024-03-28T09:14:27.800982" level="INFO">GET Response : url=https://randomuser.me/api 
 status=200, reason=OK 
 headers={'Date': 'Thu, 28 Mar 2024 09:14:27 GMT', 'Content-Type': 'application/json; charset=utf-8', 'Transfer-Encoding': 'chunked', 'Connection': 'keep-alive', 'X-Powered-By': 'Express', 'Access-Control-Allow-Origin': '*', 'Cache-Control': 'no-cache', 'ETag': 'W/"49f-a1mtrsa8YMe8HXGbapSn5o2S2eA"', 'Vary': 'Accept-Encoding', 'Content-Encoding': 'gzip', 'CF-Cache-Status': 'DYNAMIC', 'Report-To': '{"endpoints":[{"url":"https:\\/\\/a.nel.cloudflare.com\\/report\\/v4?s=aXFnmwo%2BmXDTTeN%2FEXMY5hG%2B2XX%2Bvx%2FN9PbFSGBuSr16TTA7n%2FPk%2BDOtOIYQYPKsSVCsnWF5H1G%2BaDy9IARGj47h3F5whkQBd6Ff936ldHBxe%2B3ymGRkNa5%2BXpV9JGSV"}],"group":"cf-nel","max_age":604800}', 'NEL': '{"success_fraction":0,"report_to":"cf-nel","max_age":604800}', 'Server': 'cloudflare', 'CF-RAY': '86b682933c8610b3-ORD', 'alt-svc': 'h3=":443"; ma=86400'} 
 body={"results":[{"gender":"male","name":{"title":"Mr","first":"Dylan","last":"Grewal"},"location":{"street":{"number":7231,"name":"St. Lawrence Ave"},"city":"Maitland","state":"Newfoundland and Labrador","country":"Canada","postcode":"N9Y 0R8","coordinates":{"latitude":"-64.8995","longitude":"-133.4475"},"timezone":{"offset":"-3:00","description":"Brazil, Buenos Aires, Georgetown"}},"email":"dylan.grewal@example.com","login":{"uuid":"465bd952-3913-4589-8e87-6e9686ed8954","username":"orangekoala442","password":"turnip","salt":"lJeowGKp","md5":"e0f96d33c17c3636e550cfa121ac6242","sha1":"5b00870c2ccca7d5fd10ff1f71cdfa5726d27534","sha256":"9bef15e6e8d982c67628890ba24d78e92da3dca11f473ffb3ba342f6176aaadc"},"dob":{"date":"1994-07-28T21:00:15.675Z","age":29},"registered":{"date":"2013-10-28T23:24:35.384Z","age":10},"phone":"N48 V55-3317","cell":"T95 N94-9103","id":{"name":"SIN","value":"211158928"},"picture":{"large":"https://randomuser.me/api/portraits/men/37.jpg","medium":"https://randomuser.me/api/portraits/med/men/37.jpg","thumbnail":"https://randomuser.me/api/portraits/thumb/men/37.jpg"},"nat":"CA"}],"info":{"seed":"4ce05628dda9ec29","results":1,"page":1,"version":"1.4"}} 
 </msg>
<msg time="2024-03-28T09:14:27.801132" level="INFO">/opt/hostedtoolcache/Python/3.12.2/x64/lib/python3.12/site-packages/urllib3/connectionpool.py:1103: InsecureRequestWarning: Unverified HTTPS request is being made to host 'randomuser.me'. Adding certificate verification is strongly advised. See: https://urllib3.readthedocs.io/en/latest/advanced-usage.html#tls-warnings
  warnings.warn(</msg>
<msg time="2024-03-28T09:14:27.801271" level="INFO">${response} = &lt;Response [200]&gt;</msg>
<var>${response}</var>
<arg>consultarAPI</arg>
<arg>/api</arg>
<doc>Sends a GET request on a previously created HTTP Session.</doc>
<status status="PASS" start="2024-03-28T09:14:27.721902" elapsed="0.079413"/>
</kw>
<kw name="Set Variable" owner="BuiltIn">
<msg time="2024-03-28T09:14:27.802255" level="INFO">${json_data} = {'results': [{'gender': 'male', 'name': {'title': 'Mr', 'first': 'Dylan', 'last': 'Grewal'}, 'location': {'street': {'number': 7231, 'name': 'St. Lawrence Ave'}, 'city': 'Maitland', 'state': 'Newfound...</msg>
<var>${json_data}</var>
<arg>${response.json()}</arg>
<doc>Returns the given values which can then be assigned to a variables.</doc>
<status status="PASS" start="2024-03-28T09:14:27.801758" elapsed="0.000526"/>
</kw>
<kw name="Log" owner="BuiltIn">
<msg time="2024-03-28T09:14:27.802753" level="INFO">{'results': [{'gender': 'male', 'name': {'title': 'Mr', 'first': 'Dylan', 'last': 'Grewal'}, 'location': {'street': {'number': 7231, 'name': 'St. Lawrence Ave'}, 'city': 'Maitland', 'state': 'Newfoundland and Labrador', 'country': 'Canada', 'postcode': 'N9Y 0R8', 'coordinates': {'latitude': '-64.8995', 'longitude': '-133.4475'}, 'timezone': {'offset': '-3:00', 'description': 'Brazil, Buenos Aires, Georgetown'}}, 'email': 'dylan.grewal@example.com', 'login': {'uuid': '465bd952-3913-4589-8e87-6e9686ed8954', 'username': 'orangekoala442', 'password': 'turnip', 'salt': 'lJeowGKp', 'md5': 'e0f96d33c17c3636e550cfa121ac6242', 'sha1': '5b00870c2ccca7d5fd10ff1f71cdfa5726d27534', 'sha256': '9bef15e6e8d982c67628890ba24d78e92da3dca11f473ffb3ba342f6176aaadc'}, 'dob': {'date': '1994-07-28T21:00:15.675Z', 'age': 29}, 'registered': {'date': '2013-10-28T23:24:35.384Z', 'age': 10}, 'phone': 'N48 V55-3317', 'cell': 'T95 N94-9103', 'id': {'name': 'SIN', 'value': '211158928'}, 'picture': {'large': 'https://randomuser.me/api/portraits/men/37.jpg', 'medium': 'https://randomuser.me/api/portraits/med/men/37.jpg', 'thumbnail': 'https://randomuser.me/api/portraits/thumb/men/37.jpg'}, 'nat': 'CA'}], 'info': {'seed': '4ce05628dda9ec29', 'results': 1, 'page': 1, 'version': '1.4'}}</msg>
<arg>${json_data}</arg>
<doc>Logs the given message with the given level.</doc>
<status status="PASS" start="2024-03-28T09:14:27.802594" elapsed="0.000206"/>
</kw>
<kw name="Dictionary Should Contain Key" owner="Collections">
<msg time="2024-03-28T09:14:27.803251" level="INFO">False</msg>
<arg>${json_data}</arg>
<arg>results</arg>
<doc>Fails if ``key`` is not found from ``dictionary``.</doc>
<status status="PASS" start="2024-03-28T09:14:27.803097" elapsed="0.000190"/>
</kw>
<kw name="Should Not Be Empty" owner="BuiltIn">
<msg time="2024-03-28T09:14:27.803777" level="INFO">Length is 2.</msg>
<arg>${json_data}</arg>
<doc>Verifies that the given item is not empty.</doc>
<status status="PASS" start="2024-03-28T09:14:27.803643" elapsed="0.000173"/>
</kw>
<kw name="Create List" owner="BuiltIn">
<msg time="2024-03-28T09:14:27.804259" level="INFO">${expected_keys} = ['gender', 'name', 'location', 'email', 'login']</msg>
<var>${expected_keys}</var>
<arg>gender</arg>
<arg>name</arg>
<arg>location</arg>
<arg>email</arg>
<arg>login</arg>
<doc>Returns a list containing given items.</doc>
<status status="PASS" start="2024-03-28T09:14:27.804108" elapsed="0.000176"/>
</kw>
<for flavor="IN">
<iter>
<kw name="Dictionary Should Contain Key" owner="Collections">
<msg time="2024-03-28T09:14:27.805288" level="INFO">False</msg>
<arg>${json_data['results'][0]}</arg>
<arg>${key}</arg>
<doc>Fails if ``key`` is not found from ``dictionary``.</doc>
<status status="PASS" start="2024-03-28T09:14:27.804875" elapsed="0.000453"/>
</kw>
<kw name="Log" owner="BuiltIn">
<msg time="2024-03-28T09:14:27.806000" level="INFO">{'gender': 'male', 'name': {'title': 'Mr', 'first': 'Dylan', 'last': 'Grewal'}, 'location': {'street': {'number': 7231, 'name': 'St. Lawrence Ave'}, 'city': 'Maitland', 'state': 'Newfoundland and Labrador', 'country': 'Canada', 'postcode': 'N9Y 0R8', 'coordinates': {'latitude': '-64.8995', 'longitude': '-133.4475'}, 'timezone': {'offset': '-3:00', 'description': 'Brazil, Buenos Aires, Georgetown'}}, 'email': 'dylan.grewal@example.com', 'login': {'uuid': '465bd952-3913-4589-8e87-6e9686ed8954', 'username': 'orangekoala442', 'password': 'turnip', 'salt': 'lJeowGKp', 'md5': 'e0f96d33c17c3636e550cfa121ac6242', 'sha1': '5b00870c2ccca7d5fd10ff1f71cdfa5726d27534', 'sha256': '9bef15e6e8d982c67628890ba24d78e92da3dca11f473ffb3ba342f6176aaadc'}, 'dob': {'date': '1994-07-28T21:00:15.675Z', 'age': 29}, 'registered': {'date': '2013-10-28T23:24:35.384Z', 'age': 10}, 'phone': 'N48 V55-3317', 'cell': 'T95 N94-9103', 'id': {'name': 'SIN', 'value': '211158928'}, 'picture': {'large': 'https://randomuser.me/api/portraits/men/37.jpg', 'medium': 'https://randomuser.me/api/portraits/med/men/37.jpg', 'thumbnail': 'https://randomuser.me/api/portraits/thumb/men/37.jpg'}, 'nat': 'CA'}</msg>
<arg>${json_data['results'][0]}</arg>
<doc>Logs the given message with the given level.</doc>
<status status="PASS" start="2024-03-28T09:14:27.805632" elapsed="0.000422"/>
</kw>
<kw name="Log" owner="BuiltIn">
<msg time="2024-03-28T09:14:27.806488" level="INFO">gender</msg>
<arg>${key}</arg>
<doc>Logs the given message with the given level.</doc>
<status status="PASS" start="2024-03-28T09:14:27.806357" elapsed="0.000169"/>
</kw>
<var name="${key}">gender</var>
<status status="PASS" start="2024-03-28T09:14:27.804752" elapsed="0.001993"/>
</iter>
<iter>
<kw name="Dictionary Should Contain Key" owner="Collections">
<msg time="2024-03-28T09:14:27.807476" level="INFO">False</msg>
<arg>${json_data['results'][0]}</arg>
<arg>${key}</arg>
<doc>Fails if ``key`` is not found from ``dictionary``.</doc>
<status status="PASS" start="2024-03-28T09:14:27.807059" elapsed="0.000464"/>
</kw>
<kw name="Log" owner="BuiltIn">
<msg time="2024-03-28T09:14:27.808207" level="INFO">{'gender': 'male', 'name': {'title': 'Mr', 'first': 'Dylan', 'last': 'Grewal'}, 'location': {'street': {'number': 7231, 'name': 'St. Lawrence Ave'}, 'city': 'Maitland', 'state': 'Newfoundland and Labrador', 'country': 'Canada', 'postcode': 'N9Y 0R8', 'coordinates': {'latitude': '-64.8995', 'longitude': '-133.4475'}, 'timezone': {'offset': '-3:00', 'description': 'Brazil, Buenos Aires, Georgetown'}}, 'email': 'dylan.grewal@example.com', 'login': {'uuid': '465bd952-3913-4589-8e87-6e9686ed8954', 'username': 'orangekoala442', 'password': 'turnip', 'salt': 'lJeowGKp', 'md5': 'e0f96d33c17c3636e550cfa121ac6242', 'sha1': '5b00870c2ccca7d5fd10ff1f71cdfa5726d27534', 'sha256': '9bef15e6e8d982c67628890ba24d78e92da3dca11f473ffb3ba342f6176aaadc'}, 'dob': {'date': '1994-07-28T21:00:15.675Z', 'age': 29}, 'registered': {'date': '2013-10-28T23:24:35.384Z', 'age': 10}, 'phone': 'N48 V55-3317', 'cell': 'T95 N94-9103', 'id': {'name': 'SIN', 'value': '211158928'}, 'picture': {'large': 'https://randomuser.me/api/portraits/men/37.jpg', 'medium': 'https://randomuser.me/api/portraits/med/men/37.jpg', 'thumbnail': 'https://randomuser.me/api/portraits/thumb/men/37.jpg'}, 'nat': 'CA'}</msg>
<arg>${json_data['results'][0]}</arg>
<doc>Logs the given message with the given level.</doc>
<status status="PASS" start="2024-03-28T09:14:27.807849" elapsed="0.000405"/>
</kw>
<kw name="Log" owner="BuiltIn">
<msg time="2024-03-28T09:14:27.808676" level="INFO">name</msg>
<arg>${key}</arg>
<doc>Logs the given message with the given level.</doc>
<status status="PASS" start="2024-03-28T09:14:27.808548" elapsed="0.000166"/>
</kw>
<var name="${key}">name</var>
<status status="PASS" start="2024-03-28T09:14:27.806933" elapsed="0.001995"/>
</iter>
<iter>
<kw name="Dictionary Should Contain Key" owner="Collections">
<msg time="2024-03-28T09:14:27.809599" level="INFO">False</msg>
<arg>${json_data['results'][0]}</arg>
<arg>${key}</arg>
<doc>Fails if ``key`` is not found from ``dictionary``.</doc>
<status status="PASS" start="2024-03-28T09:14:27.809219" elapsed="0.000416"/>
</kw>
<kw name="Log" owner="BuiltIn">
<msg time="2024-03-28T09:14:27.810291" level="INFO">{'gender': 'male', 'name': {'title': 'Mr', 'first': 'Dylan', 'last': 'Grewal'}, 'location': {'street': {'number': 7231, 'name': 'St. Lawrence Ave'}, 'city': 'Maitland', 'state': 'Newfoundland and Labrador', 'country': 'Canada', 'postcode': 'N9Y 0R8', 'coordinates': {'latitude': '-64.8995', 'longitude': '-133.4475'}, 'timezone': {'offset': '-3:00', 'description': 'Brazil, Buenos Aires, Georgetown'}}, 'email': 'dylan.grewal@example.com', 'login': {'uuid': '465bd952-3913-4589-8e87-6e9686ed8954', 'username': 'orangekoala442', 'password': 'turnip', 'salt': 'lJeowGKp', 'md5': 'e0f96d33c17c3636e550cfa121ac6242', 'sha1': '5b00870c2ccca7d5fd10ff1f71cdfa5726d27534', 'sha256': '9bef15e6e8d982c67628890ba24d78e92da3dca11f473ffb3ba342f6176aaadc'}, 'dob': {'date': '1994-07-28T21:00:15.675Z', 'age': 29}, 'registered': {'date': '2013-10-28T23:24:35.384Z', 'age': 10}, 'phone': 'N48 V55-3317', 'cell': 'T95 N94-9103', 'id': {'name': 'SIN', 'value': '211158928'}, 'picture': {'large': 'https://randomuser.me/api/portraits/men/37.jpg', 'medium': 'https://randomuser.me/api/portraits/med/men/37.jpg', 'thumbnail': 'https://randomuser.me/api/portraits/thumb/men/37.jpg'}, 'nat': 'CA'}</msg>
<arg>${json_data['results'][0]}</arg>
<doc>Logs the given message with the given level.</doc>
<status status="PASS" start="2024-03-28T09:14:27.809933" elapsed="0.000410"/>
</kw>
<kw name="Log" owner="BuiltIn">
<msg time="2024-03-28T09:14:27.810761" level="INFO">location</msg>
<arg>${key}</arg>
<doc>Logs the given message with the given level.</doc>
<status status="PASS" start="2024-03-28T09:14:27.810636" elapsed="0.000162"/>
</kw>
<var name="${key}">location</var>
<status status="PASS" start="2024-03-28T09:14:27.809107" elapsed="0.001906"/>
</iter>
<iter>
<kw name="Dictionary Should Contain Key" owner="Collections">
<msg time="2024-03-28T09:14:27.811712" level="INFO">False</msg>
<arg>${json_data['results'][0]}</arg>
<arg>${key}</arg>
<doc>Fails if ``key`` is not found from ``dictionary``.</doc>
<status status="PASS" start="2024-03-28T09:14:27.811315" elapsed="0.000433"/>
</kw>
<kw name="Log" owner="BuiltIn">
<msg time="2024-03-28T09:14:27.812414" level="INFO">{'gender': 'male', 'name': {'title': 'Mr', 'first': 'Dylan', 'last': 'Grewal'}, 'location': {'street': {'number': 7231, 'name': 'St. Lawrence Ave'}, 'city': 'Maitland', 'state': 'Newfoundland and Labrador', 'country': 'Canada', 'postcode': 'N9Y 0R8', 'coordinates': {'latitude': '-64.8995', 'longitude': '-133.4475'}, 'timezone': {'offset': '-3:00', 'description': 'Brazil, Buenos Aires, Georgetown'}}, 'email': 'dylan.grewal@example.com', 'login': {'uuid': '465bd952-3913-4589-8e87-6e9686ed8954', 'username': 'orangekoala442', 'password': 'turnip', 'salt': 'lJeowGKp', 'md5': 'e0f96d33c17c3636e550cfa121ac6242', 'sha1': '5b00870c2ccca7d5fd10ff1f71cdfa5726d27534', 'sha256': '9bef15e6e8d982c67628890ba24d78e92da3dca11f473ffb3ba342f6176aaadc'}, 'dob': {'date': '1994-07-28T21:00:15.675Z', 'age': 29}, 'registered': {'date': '2013-10-28T23:24:35.384Z', 'age': 10}, 'phone': 'N48 V55-3317', 'cell': 'T95 N94-9103', 'id': {'name': 'SIN', 'value': '211158928'}, 'picture': {'large': 'https://randomuser.me/api/portraits/men/37.jpg', 'medium': 'https://randomuser.me/api/portraits/med/men/37.jpg', 'thumbnail': 'https://randomuser.me/api/portraits/thumb/men/37.jpg'}, 'nat': 'CA'}</msg>
<arg>${json_data['results'][0]}</arg>
<doc>Logs the given message with the given level.</doc>
<status status="PASS" start="2024-03-28T09:14:27.812048" elapsed="0.000412"/>
</kw>
<kw name="Log" owner="BuiltIn">
<msg time="2024-03-28T09:14:27.812875" level="INFO">email</msg>
<arg>${key}</arg>
<doc>Logs the given message with the given level.</doc>
<status status="PASS" start="2024-03-28T09:14:27.812750" elapsed="0.000162"/>
</kw>
<var name="${key}">email</var>
<status status="PASS" start="2024-03-28T09:14:27.811185" elapsed="0.001939"/>
</iter>
<iter>
<kw name="Dictionary Should Contain Key" owner="Collections">
<msg time="2024-03-28T09:14:27.813781" level="INFO">False</msg>
<arg>${json_data['results'][0]}</arg>
<arg>${key}</arg>
<doc>Fails if ``key`` is not found from ``dictionary``.</doc>
<status status="PASS" start="2024-03-28T09:14:27.813407" elapsed="0.000411"/>
</kw>
<kw name="Log" owner="BuiltIn">
<msg time="2024-03-28T09:14:27.814469" level="INFO">{'gender': 'male', 'name': {'title': 'Mr', 'first': 'Dylan', 'last': 'Grewal'}, 'location': {'street': {'number': 7231, 'name': 'St. Lawrence Ave'}, 'city': 'Maitland', 'state': 'Newfoundland and Labrador', 'country': 'Canada', 'postcode': 'N9Y 0R8', 'coordinates': {'latitude': '-64.8995', 'longitude': '-133.4475'}, 'timezone': {'offset': '-3:00', 'description': 'Brazil, Buenos Aires, Georgetown'}}, 'email': 'dylan.grewal@example.com', 'login': {'uuid': '465bd952-3913-4589-8e87-6e9686ed8954', 'username': 'orangekoala442', 'password': 'turnip', 'salt': 'lJeowGKp', 'md5': 'e0f96d33c17c3636e550cfa121ac6242', 'sha1': '5b00870c2ccca7d5fd10ff1f71cdfa5726d27534', 'sha256': '9bef15e6e8d982c67628890ba24d78e92da3dca11f473ffb3ba342f6176aaadc'}, 'dob': {'date': '1994-07-28T21:00:15.675Z', 'age': 29}, 'registered': {'date': '2013-10-28T23:24:35.384Z', 'age': 10}, 'phone': 'N48 V55-3317', 'cell': 'T95 N94-9103', 'id': {'name': 'SIN', 'value': '211158928'}, 'picture': {'large': 'https://randomuser.me/api/portraits/men/37.jpg', 'medium': 'https://randomuser.me/api/portraits/med/men/37.jpg', 'thumbnail': 'https://randomuser.me/api/portraits/thumb/men/37.jpg'}, 'nat': 'CA'}</msg>
<arg>${json_data['results'][0]}</arg>
<doc>Logs the given message with the given level.</doc>
<status status="PASS" start="2024-03-28T09:14:27.814108" elapsed="0.000408"/>
</kw>
<kw name="Log" owner="BuiltIn">
<msg time="2024-03-28T09:14:27.814932" level="INFO">login</msg>
<arg>${key}</arg>
<doc>Logs the given message with the given level.</doc>
<status status="PASS" start="2024-03-28T09:14:27.814806" elapsed="0.000266"/>
</kw>
<var name="${key}">login</var>
<status status="PASS" start="2024-03-28T09:14:27.813297" elapsed="0.002049"/>
</iter>
<var>${key}</var>
<value>@{expected_keys}</value>
<status status="PASS" start="2024-03-28T09:14:27.804559" elapsed="0.010915"/>
</for>
<kw name="Create List" owner="BuiltIn">
<msg time="2024-03-28T09:14:27.815817" level="INFO">${expected_keysTwo} = ['username', 'password']</msg>
<var>${expected_keysTwo}</var>
<arg>username</arg>
<arg>password</arg>
<doc>Returns a list containing given items.</doc>
<status status="PASS" start="2024-03-28T09:14:27.815679" elapsed="0.000161"/>
</kw>
<for flavor="IN">
<iter>
<kw name="Dictionary Should Contain Key" owner="Collections">
<msg time="2024-03-28T09:14:27.816723" level="INFO">False</msg>
<arg>${json_data['results'][0]['login']}</arg>
<arg>${keyTwo}</arg>
<doc>Fails if ``key`` is not found from ``dictionary``.</doc>
<status status="PASS" start="2024-03-28T09:14:27.816340" elapsed="0.000421"/>
</kw>
<kw name="Dictionary Should Contain Key" owner="Collections">
<msg time="2024-03-28T09:14:27.817431" level="INFO">False</msg>
<arg>${json_data['results'][0]['login']}</arg>
<arg>${keyTwo}</arg>
<doc>Fails if ``key`` is not found from ``dictionary``.</doc>
<status status="PASS" start="2024-03-28T09:14:27.817058" elapsed="0.000409"/>
</kw>
<kw name="Log" owner="BuiltIn">
<msg time="2024-03-28T09:14:27.817884" level="INFO">username</msg>
<arg>${keyTwo}</arg>
<doc>Logs the given message with the given level.</doc>
<status status="PASS" start="2024-03-28T09:14:27.817758" elapsed="0.000162"/>
</kw>
<var name="${keyTwo}">username</var>
<status status="PASS" start="2024-03-28T09:14:27.816229" elapsed="0.001903"/>
</iter>
<iter>
<kw name="Dictionary Should Contain Key" owner="Collections">
<msg time="2024-03-28T09:14:27.818789" level="INFO">False</msg>
<arg>${json_data['results'][0]['login']}</arg>
<arg>${keyTwo}</arg>
<doc>Fails if ``key`` is not found from ``dictionary``.</doc>
<status status="PASS" start="2024-03-28T09:14:27.818413" elapsed="0.000413"/>
</kw>
<kw name="Dictionary Should Contain Key" owner="Collections">
<msg time="2024-03-28T09:14:27.819542" level="INFO">False</msg>
<arg>${json_data['results'][0]['login']}</arg>
<arg>${keyTwo}</arg>
<doc>Fails if ``key`` is not found from ``dictionary``.</doc>
<status status="PASS" start="2024-03-28T09:14:27.819117" elapsed="0.000462"/>
</kw>
<kw name="Log" owner="BuiltIn">
<msg time="2024-03-28T09:14:27.820002" level="INFO">password</msg>
<arg>${keyTwo}</arg>
<doc>Logs the given message with the given level.</doc>
<status status="PASS" start="2024-03-28T09:14:27.819874" elapsed="0.000165"/>
</kw>
<var name="${keyTwo}">password</var>
<status status="PASS" start="2024-03-28T09:14:27.818304" elapsed="0.001951"/>
</iter>
<var>${keyTwo}</var>
<value>@{expected_keysTwo}</value>
<status status="PASS" start="2024-03-28T09:14:27.816077" elapsed="0.004303"/>
</for>
<status status="PASS" start="2024-03-28T09:14:27.721563" elapsed="0.098960"/>
</kw>
<doc>Testa a estrutura da resposta da API.</doc>
<tag>testeEstruturaResposta</tag>
<status status="PASS" start="2024-03-28T09:14:27.720608" elapsed="0.100078"/>
</test>
<test id="s1-s1-t4" name="Validar tipos de dados" line="28">
<kw name="Teste de Tipos de Dados" owner="random-user-service">
<kw name="GET On Session" owner="RequestsLibrary">
<msg time="2024-03-28T09:14:27.913236" level="INFO">GET Request : url=https://randomuser.me/api 
 path_url=/api 
 headers={'User-Agent': 'python-requests/2.31.0', 'Accept-Encoding': 'gzip, deflate', 'Accept': '*/*', 'Connection': 'keep-alive'} 
 body=None 
 </msg>
<msg time="2024-03-28T09:14:27.913342" level="INFO">GET Response : url=https://randomuser.me/api 
 status=200, reason=OK 
 headers={'Date': 'Thu, 28 Mar 2024 09:14:27 GMT', 'Content-Type': 'application/json; charset=utf-8', 'Transfer-Encoding': 'chunked', 'Connection': 'keep-alive', 'X-Powered-By': 'Express', 'Access-Control-Allow-Origin': '*', 'Cache-Control': 'no-cache', 'ETag': 'W/"4a8-bxbwMg5bt4eTnzq02UucVBO8mmo"', 'Vary': 'Accept-Encoding', 'Content-Encoding': 'gzip', 'CF-Cache-Status': 'DYNAMIC', 'Report-To': '{"endpoints":[{"url":"https:\\/\\/a.nel.cloudflare.com\\/report\\/v4?s=aD4vtiOr2GWQ3LZABR0F6Zel2gAH1xc7genQ8WnoqJjAq5qUqYmGg40DSx0g5IDhLyLJJ83Qg8LqhtFrbXsQYmjcTA34xNwhQ%2B1%2FSzDJzBeqZ9kRUNeTAbP0IHUqm3mM"}],"group":"cf-nel","max_age":604800}', 'NEL': '{"success_fraction":0,"report_to":"cf-nel","max_age":604800}', 'Server': 'cloudflare', 'CF-RAY': '86b68293ed4910b3-ORD', 'alt-svc': 'h3=":443"; ma=86400'} 
 body={"results":[{"gender":"female","name":{"title":"Ms","first":"Jeannette","last":"Rauch"},"location":{"street":{"number":7063,"name":"Talstraße"},"city":"Meersburg","state":"Nordrhein-Westfalen","country":"Germany","postcode":77887,"coordinates":{"latitude":"-53.1979","longitude":"155.3037"},"timezone":{"offset":"+5:30","description":"Bombay, Calcutta, Madras, New Delhi"}},"email":"jeannette.rauch@example.com","login":{"uuid":"8adbbe89-ca29-4d7f-ae49-b3d3092075d0","username":"purpleostrich316","password":"denmark","salt":"NiL1D0M5","md5":"578d879eb52b9c31fa87af5ecbcc491d","sha1":"42ddab43f92503d8d6ef3e73c6fcba2ed2467181","sha256":"13487cd621e336844587bbd8b7001508ea6d51658ee870e84068be62528719e4"},"dob":{"date":"1991-12-21T12:01:43.876Z","age":32},"registered":{"date":"2006-10-30T21:05:52.231Z","age":17},"phone":"0510-4380476","cell":"0170-0929157","id":{"name":"SVNR","value":"55 211291 R 701"},"picture":{"large":"https://randomuser.me/api/portraits/women/4.jpg","medium":"https://randomuser.me/api/portraits/med/women/4.jpg","thumbnail":"https://randomuser.me/api/portraits/thumb/women/4.jpg"},"nat":"DE"}],"info":{"seed":"402fccd3785fac8c","results":1,"page":1,"version":"1.4"}} 
 </msg>
<msg time="2024-03-28T09:14:27.913425" level="INFO">/opt/hostedtoolcache/Python/3.12.2/x64/lib/python3.12/site-packages/urllib3/connectionpool.py:1103: InsecureRequestWarning: Unverified HTTPS request is being made to host 'randomuser.me'. Adding certificate verification is strongly advised. See: https://urllib3.readthedocs.io/en/latest/advanced-usage.html#tls-warnings
  warnings.warn(</msg>
<msg time="2024-03-28T09:14:27.913555" level="INFO">${response} = &lt;Response [200]&gt;</msg>
<var>${response}</var>
<arg>consultarAPI</arg>
<arg>/api</arg>
<doc>Sends a GET request on a previously created HTTP Session.</doc>
<status status="PASS" start="2024-03-28T09:14:27.823179" elapsed="0.090415"/>
</kw>
<kw name="Set Variable" owner="BuiltIn">
<msg time="2024-03-28T09:14:27.914610" level="INFO">${json_data} = {'results': [{'gender': 'female', 'name': {'title': 'Ms', 'first': 'Jeannette', 'last': 'Rauch'}, 'location': {'street': {'number': 7063, 'name': 'Talstraße'}, 'city': 'Meersburg', 'state': 'Nordrhein...</msg>
<var>${json_data}</var>
<arg>${response.json()}</arg>
<doc>Returns the given values which can then be assigned to a variables.</doc>
<status status="PASS" start="2024-03-28T09:14:27.914099" elapsed="0.000541"/>
</kw>
<kw name="Log" owner="BuiltIn">
<msg time="2024-03-28T09:14:27.915151" level="INFO">{'results': [{'gender': 'female', 'name': {'title': 'Ms', 'first': 'Jeannette', 'last': 'Rauch'}, 'location': {'street': {'number': 7063, 'name': 'Talstraße'}, 'city': 'Meersburg', 'state': 'Nordrhein-Westfalen', 'country': 'Germany', 'postcode': 77887, 'coordinates': {'latitude': '-53.1979', 'longitude': '155.3037'}, 'timezone': {'offset': '+5:30', 'description': 'Bombay, Calcutta, Madras, New Delhi'}}, 'email': 'jeannette.rauch@example.com', 'login': {'uuid': '8adbbe89-ca29-4d7f-ae49-b3d3092075d0', 'username': 'purpleostrich316', 'password': 'denmark', 'salt': 'NiL1D0M5', 'md5': '578d879eb52b9c31fa87af5ecbcc491d', 'sha1': '42ddab43f92503d8d6ef3e73c6fcba2ed2467181', 'sha256': '13487cd621e336844587bbd8b7001508ea6d51658ee870e84068be62528719e4'}, 'dob': {'date': '1991-12-21T12:01:43.876Z', 'age': 32}, 'registered': {'date': '2006-10-30T21:05:52.231Z', 'age': 17}, 'phone': '0510-4380476', 'cell': '0170-0929157', 'id': {'name': 'SVNR', 'value': '55 211291 R 701'}, 'picture': {'large': 'https://randomuser.me/api/portraits/women/4.jpg', 'medium': 'https://randomuser.me/api/portraits/med/women/4.jpg', 'thumbnail': 'https://randomuser.me/api/portraits/thumb/women/4.jpg'}, 'nat': 'DE'}], 'info': {'seed': '402fccd3785fac8c', 'results': 1, 'page': 1, 'version': '1.4'}}</msg>
<arg>${json_data}</arg>
<doc>Logs the given message with the given level.</doc>
<status status="PASS" start="2024-03-28T09:14:27.914985" elapsed="0.000251"/>
</kw>
<kw name="Should Be String" owner="String">
<arg>${json_data['results'][0]['gender']}</arg>
<doc>Fails if the given ``item`` is not a string.</doc>
<status status="PASS" start="2024-03-28T09:14:27.915612" elapsed="0.000375"/>
</kw>
<kw name="Should Match Regexp" owner="BuiltIn">
<arg>${json_data['results'][0]['email']}</arg>
<arg>^[a-zA-Z0-9._%+-]+@[a-zA-Z0-9.-]+\.[a-zA-Z]{2,}$</arg>
<doc>Fails if ``string`` does not match ``pattern`` as a regular expression.</doc>
<status status="PASS" start="2024-03-28T09:14:27.916184" elapsed="0.000525"/>
</kw>
<kw name="Should Match Regexp" owner="BuiltIn">
<arg>${json_data['results'][0]['dob']['date']}</arg>
<arg>\\d{4}-\\d{2}-\\d{2}T\\d{2}:\\d{2}:\\d{2}\\.\\d{3}Z</arg>
<doc>Fails if ``string`` does not match ``pattern`` as a regular expression.</doc>
<status status="PASS" start="2024-03-28T09:14:27.916908" elapsed="0.000487"/>
</kw>
<kw name="Should Match Regexp" owner="BuiltIn">
<arg>${json_data['results'][0]['registered']['date']}</arg>
<arg>\\d{4}-\\d{2}-\\d{2}T\\d{2}:\\d{2}:\\d{2}\\.\\d{3}Z</arg>
<doc>Fails if ``string`` does not match ``pattern`` as a regular expression.</doc>
<status status="PASS" start="2024-03-28T09:14:27.917589" elapsed="0.000367"/>
</kw>
<kw name="Should Match Regexp" owner="BuiltIn">
<arg>${json_data['results'][0]['picture']['large']}</arg>
<arg>^https?://.*\.(?:png|jpe?g|gif|bmp)$</arg>
<doc>Fails if ``string`` does not match ``pattern`` as a regular expression.</doc>
<status status="PASS" start="2024-03-28T09:14:27.918143" elapsed="0.000455"/>
</kw>
<kw name="Should Match Regexp" owner="BuiltIn">
<arg>${json_data['results'][0]['picture']['medium']}</arg>
<arg>^https?://.*\.(?:png|jpe?g|gif|bmp)$</arg>
<doc>Fails if ``string`` does not match ``pattern`` as a regular expression.</doc>
<status status="PASS" start="2024-03-28T09:14:27.918788" elapsed="0.000360"/>
</kw>
<kw name="Should Match Regexp" owner="BuiltIn">
<arg>${json_data['results'][0]['picture']['thumbnail']}</arg>
<arg>^https?://.*\.(?:png|jpe?g|gif|bmp)$</arg>
<doc>Fails if ``string`` does not match ``pattern`` as a regular expression.</doc>
<status status="PASS" start="2024-03-28T09:14:27.919353" elapsed="0.000356"/>
</kw>
<kw name="Log" owner="BuiltIn">
<msg time="2024-03-28T09:14:27.920217" level="INFO">{'large': 'https://randomuser.me/api/portraits/women/4.jpg', 'medium': 'https://randomuser.me/api/portraits/med/women/4.jpg', 'thumbnail': 'https://randomuser.me/api/portraits/thumb/women/4.jpg'}</msg>
<arg>${json_data['results'][0]['picture']}</arg>
<doc>Logs the given message with the given level.</doc>
<status status="PASS" start="2024-03-28T09:14:27.919889" elapsed="0.000375"/>
</kw>
<status status="PASS" start="2024-03-28T09:14:27.822931" elapsed="0.097589"/>
</kw>
<kw name="Teste de Tipos de Dados - Postcode" owner="random-user-service">
<kw name="GET On Session" owner="RequestsLibrary">
<msg time="2024-03-28T09:14:27.999126" level="INFO">GET Request : url=https://randomuser.me/api 
 path_url=/api 
 headers={'User-Agent': 'python-requests/2.31.0', 'Accept-Encoding': 'gzip, deflate', 'Accept': '*/*', 'Connection': 'keep-alive'} 
 body=None 
 </msg>
<msg time="2024-03-28T09:14:27.999205" level="INFO">GET Response : url=https://randomuser.me/api 
 status=200, reason=OK 
 headers={'Date': 'Thu, 28 Mar 2024 09:14:27 GMT', 'Content-Type': 'application/json; charset=utf-8', 'Transfer-Encoding': 'chunked', 'Connection': 'keep-alive', 'X-Powered-By': 'Express', 'Access-Control-Allow-Origin': '*', 'Cache-Control': 'no-cache', 'ETag': 'W/"472-qjJe3fjKf/+13muIlGiwrQeoFRE"', 'Vary': 'Accept-Encoding', 'Content-Encoding': 'gzip', 'CF-Cache-Status': 'DYNAMIC', 'Report-To': '{"endpoints":[{"url":"https:\\/\\/a.nel.cloudflare.com\\/report\\/v4?s=PYg7zOJgJllVBjrhoEsxR1FZywoWeocyiz%2Fyu%2F5vGSx1fCejbCw7vLc29G79P6%2FBGVnCPHUkqJXGVjOIRpg2MBmqIb2%2B7oNwlyRip%2By6iy4urJvYcZoy6nYeIBbWOWOB"}],"group":"cf-nel","max_age":604800}', 'NEL': '{"success_fraction":0,"report_to":"cf-nel","max_age":604800}', 'Server': 'cloudflare', 'CF-RAY': '86b682947da310b3-ORD', 'alt-svc': 'h3=":443"; ma=86400'} 
 body={"results":[{"gender":"male","name":{"title":"Mr","first":"Valdemar","last":"Andersen"},"location":{"street":{"number":5521,"name":"Jasminvej"},"city":"Ulsted, Hals","state":"Danmark","country":"Denmark","postcode":30766,"coordinates":{"latitude":"-39.0960","longitude":"-141.5949"},"timezone":{"offset":"-9:00","description":"Alaska"}},"email":"valdemar.andersen@example.com","login":{"uuid":"e0186e03-f4ea-4c81-b98b-b0bf71c99de5","username":"orangepeacock773","password":"motley","salt":"8q6OVIgo","md5":"cdd34a28209dc6bf3f965cac4fa9c60a","sha1":"4b553bf60370440d9b050036ef77dff205331846","sha256":"fd8d39f6e1fa2b60a2da81bc6f0ab7d3594ead596ae3ccd3cf136d5c16dad2dd"},"dob":{"date":"1944-12-25T06:13:35.388Z","age":79},"registered":{"date":"2017-01-26T05:09:24.654Z","age":7},"phone":"40855893","cell":"14295403","id":{"name":"CPR","value":"251244-8662"},"picture":{"large":"https://randomuser.me/api/portraits/men/99.jpg","medium":"https://randomuser.me/api/portraits/med/men/99.jpg","thumbnail":"https://randomuser.me/api/portraits/thumb/men/99.jpg"},"nat":"DK"}],"info":{"seed":"2bea29a8dc9b977c","results":1,"page":1,"version":"1.4"}} 
 </msg>
<msg time="2024-03-28T09:14:27.999286" level="INFO">/opt/hostedtoolcache/Python/3.12.2/x64/lib/python3.12/site-packages/urllib3/connectionpool.py:1103: InsecureRequestWarning: Unverified HTTPS request is being made to host 'randomuser.me'. Adding certificate verification is strongly advised. See: https://urllib3.readthedocs.io/en/latest/advanced-usage.html#tls-warnings
  warnings.warn(</msg>
<msg time="2024-03-28T09:14:27.999432" level="INFO">${response} = &lt;Response [200]&gt;</msg>
<var>${response}</var>
<arg>consultarAPI</arg>
<arg>/api</arg>
<doc>Sends a GET request on a previously created HTTP Session.</doc>
<status status="PASS" start="2024-03-28T09:14:27.921119" elapsed="0.078362"/>
</kw>
<kw name="Set Variable" owner="BuiltIn">
<msg time="2024-03-28T09:14:28.000497" level="INFO">${json_data} = {'results': [{'gender': 'male', 'name': {'title': 'Mr', 'first': 'Valdemar', 'last': 'Andersen'}, 'location': {'street': {'number': 5521, 'name': 'Jasminvej'}, 'city': 'Ulsted, Hals', 'state': 'Danmar...</msg>
<var>${json_data}</var>
<arg>${response.json()}</arg>
<doc>Returns the given values which can then be assigned to a variables.</doc>
<status status="PASS" start="2024-03-28T09:14:27.999936" elapsed="0.000590"/>
</kw>
<kw name="Log" owner="BuiltIn">
<msg time="2024-03-28T09:14:28.000983" level="INFO">{'results': [{'gender': 'male', 'name': {'title': 'Mr', 'first': 'Valdemar', 'last': 'Andersen'}, 'location': {'street': {'number': 5521, 'name': 'Jasminvej'}, 'city': 'Ulsted, Hals', 'state': 'Danmark', 'country': 'Denmark', 'postcode': 30766, 'coordinates': {'latitude': '-39.0960', 'longitude': '-141.5949'}, 'timezone': {'offset': '-9:00', 'description': 'Alaska'}}, 'email': 'valdemar.andersen@example.com', 'login': {'uuid': 'e0186e03-f4ea-4c81-b98b-b0bf71c99de5', 'username': 'orangepeacock773', 'password': 'motley', 'salt': '8q6OVIgo', 'md5': 'cdd34a28209dc6bf3f965cac4fa9c60a', 'sha1': '4b553bf60370440d9b050036ef77dff205331846', 'sha256': 'fd8d39f6e1fa2b60a2da81bc6f0ab7d3594ead596ae3ccd3cf136d5c16dad2dd'}, 'dob': {'date': '1944-12-25T06:13:35.388Z', 'age': 79}, 'registered': {'date': '2017-01-26T05:09:24.654Z', 'age': 7}, 'phone': '40855893', 'cell': '14295403', 'id': {'name': 'CPR', 'value': '251244-8662'}, 'picture': {'large': 'https://randomuser.me/api/portraits/men/99.jpg', 'medium': 'https://randomuser.me/api/portraits/med/men/99.jpg', 'thumbnail': 'https://randomuser.me/api/portraits/thumb/men/99.jpg'}, 'nat': 'DK'}], 'info': {'seed': '2bea29a8dc9b977c', 'results': 1, 'page': 1, 'version': '1.4'}}</msg>
<arg>${json_data}</arg>
<doc>Logs the given message with the given level.</doc>
<status status="PASS" start="2024-03-28T09:14:28.000831" elapsed="0.000228"/>
</kw>
<kw name="Should Be Equal As Numbers" owner="BuiltIn">
<arg>${json_data['results'][0]['location']['postcode']}</arg>
<arg>${json_data['results'][0]['location']['postcode']}</arg>
<doc>Fails if objects are unequal after converting them to real numbers.</doc>
<status status="PASS" start="2024-03-28T09:14:28.001359" elapsed="0.000621"/>
</kw>
<kw name="Log" owner="BuiltIn">
<msg time="2024-03-28T09:14:28.002503" level="INFO">30766</msg>
<arg>${json_data['results'][0]['location']['postcode']}</arg>
<doc>Logs the given message with the given level.</doc>
<status status="PASS" start="2024-03-28T09:14:28.002172" elapsed="0.000371"/>
</kw>
<status status="PASS" start="2024-03-28T09:14:27.920748" elapsed="0.082061"/>
</kw>
<doc>Testa se os tipos de dados na resposta da API estão corretos.</doc>
<tag>testeTiposDados</tag>
<status status="PASS" start="2024-03-28T09:14:27.822449" elapsed="0.180545"/>
</test>
<test id="s1-s1-t5" name="Validar conteudo" line="35">
<kw name="Teste de Tipos de Conteudo" owner="random-user-service">
<kw name="GET On Session" owner="RequestsLibrary">
<msg time="2024-03-28T09:14:28.106574" level="INFO">GET Request : url=https://randomuser.me/api 
 path_url=/api 
 headers={'User-Agent': 'python-requests/2.31.0', 'Accept-Encoding': 'gzip, deflate', 'Accept': '*/*', 'Connection': 'keep-alive'} 
 body=None 
 </msg>
<msg time="2024-03-28T09:14:28.106656" level="INFO">GET Response : url=https://randomuser.me/api 
 status=200, reason=OK 
 headers={'Date': 'Thu, 28 Mar 2024 09:14:28 GMT', 'Content-Type': 'application/json; charset=utf-8', 'Transfer-Encoding': 'chunked', 'Connection': 'keep-alive', 'X-Powered-By': 'Express', 'Access-Control-Allow-Origin': '*', 'Cache-Control': 'no-cache', 'ETag': 'W/"4a9-0ZR0S7NRTFbW7B2wczSABHHs1SE"', 'Vary': 'Accept-Encoding', 'Content-Encoding': 'gzip', 'CF-Cache-Status': 'DYNAMIC', 'Report-To': '{"endpoints":[{"url":"https:\\/\\/a.nel.cloudflare.com\\/report\\/v4?s=0xpyeK2YgbS4uYWa2pbVtv6qXKtO4icvf3rDGQfFuyF52MU18Eu6Pa7MADOID%2FNpGW8HbB6lW83mGizKtqD3jnpIg8kToSXX%2BYeh%2F3S7%2FpQqFPflNumof3vH%2B66iW%2FGz"}],"group":"cf-nel","max_age":604800}', 'NEL': '{"success_fraction":0,"report_to":"cf-nel","max_age":604800}', 'Server': 'cloudflare', 'CF-RAY': '86b682950dfa10b3-ORD', 'alt-svc': 'h3=":443"; ma=86400'} 
 body={"results":[{"gender":"male","name":{"title":"Mr","first":"Miguel","last":"Cuellar"},"location":{"street":{"number":1900,"name":"Periférico Nuevo León"},"city":"El Descanso","state":"Campeche","country":"Mexico","postcode":23212,"coordinates":{"latitude":"26.3980","longitude":"-47.8195"},"timezone":{"offset":"+5:00","description":"Ekaterinburg, Islamabad, Karachi, Tashkent"}},"email":"miguel.cuellar@example.com","login":{"uuid":"b4a3c412-69e1-4915-b04f-24734e1f6606","username":"crazyzebra248","password":"147147","salt":"yK6fMgwQ","md5":"7f073573469036b5d7ba0271656628f0","sha1":"b8e8567b5222020ea0e9784b62afa6eae4fbb10a","sha256":"3a0d4d8448725913a689447cda96c6e2d66075bc490951542979ab3944b93f73"},"dob":{"date":"1961-07-26T17:13:49.753Z","age":62},"registered":{"date":"2011-08-29T15:11:11.561Z","age":12},"phone":"(628) 193 4049","cell":"(617) 762 9432","id":{"name":"NSS","value":"01 51 02 0906 0"},"picture":{"large":"https://randomuser.me/api/portraits/men/20.jpg","medium":"https://randomuser.me/api/portraits/med/men/20.jpg","thumbnail":"https://randomuser.me/api/portraits/thumb/men/20.jpg"},"nat":"MX"}],"info":{"seed":"9ee51ba1858431a7","results":1,"page":1,"version":"1.4"}} 
 </msg>
<msg time="2024-03-28T09:14:28.106728" level="INFO">/opt/hostedtoolcache/Python/3.12.2/x64/lib/python3.12/site-packages/urllib3/connectionpool.py:1103: InsecureRequestWarning: Unverified HTTPS request is being made to host 'randomuser.me'. Adding certificate verification is strongly advised. See: https://urllib3.readthedocs.io/en/latest/advanced-usage.html#tls-warnings
  warnings.warn(</msg>
<msg time="2024-03-28T09:14:28.106819" level="INFO">${response} = &lt;Response [200]&gt;</msg>
<var>${response}</var>
<arg>consultarAPI</arg>
<arg>/api</arg>
<doc>Sends a GET request on a previously created HTTP Session.</doc>
<status status="PASS" start="2024-03-28T09:14:28.005841" elapsed="0.101012"/>
</kw>
<kw name="Set Variable" owner="BuiltIn">
<msg time="2024-03-28T09:14:28.107726" level="INFO">${json_data} = {'results': [{'gender': 'male', 'name': {'title': 'Mr', 'first': 'Miguel', 'last': 'Cuellar'}, 'location': {'street': {'number': 1900, 'name': 'Periférico Nuevo León'}, 'city': 'El Descanso', 'state':...</msg>
<var>${json_data}</var>
<arg>${response.json()}</arg>
<doc>Returns the given values which can then be assigned to a variables.</doc>
<status status="PASS" start="2024-03-28T09:14:28.107234" elapsed="0.000522"/>
</kw>
<kw name="Set Variable" owner="BuiltIn">
<msg time="2024-03-28T09:14:28.108448" level="INFO">${name_title} = Mr</msg>
<var>${name_title}</var>
<arg>${json_data["results"][0]["name"]["title"]}</arg>
<doc>Returns the given values which can then be assigned to a variables.</doc>
<status status="PASS" start="2024-03-28T09:14:28.108064" elapsed="0.000409"/>
</kw>
<kw name="Create List" owner="BuiltIn">
<msg time="2024-03-28T09:14:28.108919" level="INFO">${allowed_titles} = ['Mr', 'Ms', 'Miss', 'Mrs', 'Madame', 'Monsieur']</msg>
<var>${allowed_titles}</var>
<arg>Mr</arg>
<arg>Ms</arg>
<arg>Miss</arg>
<arg>Mrs</arg>
<arg>Madame</arg>
<arg>Monsieur</arg>
<doc>Returns a list containing given items.</doc>
<status status="PASS" start="2024-03-28T09:14:28.108771" elapsed="0.000172"/>
</kw>
<kw name="List Should Contain Value" owner="Collections">
<msg time="2024-03-28T09:14:28.109424" level="INFO">False</msg>
<arg>${allowed_titles}</arg>
<arg>${name_title}</arg>
<doc>Fails if the ``value`` is not found from ``list``.</doc>
<status status="PASS" start="2024-03-28T09:14:28.109250" elapsed="0.000210"/>
</kw>
<kw name="Set Variable" owner="BuiltIn">
<msg time="2024-03-28T09:14:28.110125" level="INFO">${name_country} = MX</msg>
<var>${name_country}</var>
<arg>${json_data["results"][0]["nat"]}</arg>
<doc>Returns the given values which can then be assigned to a variables.</doc>
<status status="PASS" start="2024-03-28T09:14:28.109756" elapsed="0.000395"/>
</kw>
<kw name="Create List" owner="BuiltIn">
<msg time="2024-03-28T09:14:28.111058" level="INFO">${list_country} = ['AD', 'AE', 'AF', 'AG', 'AI', 'AL', 'AM', 'AO', 'AQ', 'AR', 'AS', 'AT', 'AU', 'AW', 'AX', 'AZ', 'BA', 'BB', 'BD', 'BE', 'BF', 'BG', 'BH', 'BI', 'BJ', 'BL', 'BM', 'BN', 'BO', 'BQ', 'BR', 'BS', 'BT', '...</msg>
<var>${list_country}</var>
<arg>AD</arg>
<arg>AE</arg>
<arg>AF</arg>
<arg>AG</arg>
<arg>AI</arg>
<arg>AL</arg>
<arg>AM</arg>
<arg>AO</arg>
<arg>AQ</arg>
<arg>AR</arg>
<arg>AS</arg>
<arg>AT</arg>
<arg>AU</arg>
<arg>AW</arg>
<arg>AX</arg>
<arg>AZ</arg>
<arg>BA</arg>
<arg>BB</arg>
<arg>BD</arg>
<arg>BE</arg>
<arg>BF</arg>
<arg>BG</arg>
<arg>BH</arg>
<arg>BI</arg>
<arg>BJ</arg>
<arg>BL</arg>
<arg>BM</arg>
<arg>BN</arg>
<arg>BO</arg>
<arg>BQ</arg>
<arg>BR</arg>
<arg>BS</arg>
<arg>BT</arg>
<arg>BV</arg>
<arg>BW</arg>
<arg>BY</arg>
<arg>BZ</arg>
<arg>CA</arg>
<arg>CC</arg>
<arg>CD</arg>
<arg>CF</arg>
<arg>CG</arg>
<arg>CH</arg>
<arg>CI</arg>
<arg>CK</arg>
<arg>CL</arg>
<arg>CM</arg>
<arg>CN</arg>
<arg>CO</arg>
<arg>CR</arg>
<arg>CU</arg>
<arg>CV</arg>
<arg>CW</arg>
<arg>CX</arg>
<arg>CY</arg>
<arg>CZ</arg>
<arg>DE</arg>
<arg>DJ</arg>
<arg>DK</arg>
<arg>DM</arg>
<arg>DO</arg>
<arg>DZ</arg>
<arg>EC</arg>
<arg>EE</arg>
<arg>EG</arg>
<arg>EH</arg>
<arg>ER</arg>
<arg>ES</arg>
<arg>ET</arg>
<arg>FI</arg>
<arg>FJ</arg>
<arg>FK</arg>
<arg>FM</arg>
<arg>FO</arg>
<arg>FR</arg>
<arg>GA</arg>
<arg>GB</arg>
<arg>GD</arg>
<arg>GE</arg>
<arg>GF</arg>
<arg>GG</arg>
<arg>GH</arg>
<arg>GI</arg>
<arg>GL</arg>
<arg>GM</arg>
<arg>GN</arg>
<arg>GP</arg>
<arg>GQ</arg>
<arg>GR</arg>
<arg>GS</arg>
<arg>GT</arg>
<arg>GU</arg>
<arg>GW</arg>
<arg>GY</arg>
<arg>HK</arg>
<arg>HM</arg>
<arg>HN</arg>
<arg>HR</arg>
<arg>HT</arg>
<arg>HU</arg>
<arg>ID</arg>
<arg>IE</arg>
<arg>IL</arg>
<arg>IM</arg>
<arg>IN</arg>
<arg>IO</arg>
<arg>IQ</arg>
<arg>IR</arg>
<arg>IS</arg>
<arg>IT</arg>
<arg>JE</arg>
<arg>JM</arg>
<arg>JO</arg>
<arg>JP</arg>
<arg>KE</arg>
<arg>KG</arg>
<arg>KH</arg>
<arg>KI</arg>
<arg>KM</arg>
<arg>KN</arg>
<arg>KP</arg>
<arg>KR</arg>
<arg>KW</arg>
<arg>KY</arg>
<arg>KZ</arg>
<arg>LA</arg>
<arg>LB</arg>
<arg>LC</arg>
<arg>LI</arg>
<arg>LK</arg>
<arg>LR</arg>
<arg>LS</arg>
<arg>LT</arg>
<arg>LU</arg>
<arg>LV</arg>
<arg>LY</arg>
<arg>MA</arg>
<arg>MC</arg>
<arg>MD</arg>
<arg>ME</arg>
<arg>MF</arg>
<arg>MG</arg>
<arg>MH</arg>
<arg>MK</arg>
<arg>ML</arg>
<arg>MM</arg>
<arg>MN</arg>
<arg>MO</arg>
<arg>MP</arg>
<arg>MQ</arg>
<arg>MR</arg>
<arg>MS</arg>
<arg>MT</arg>
<arg>MU</arg>
<arg>MV</arg>
<arg>MW</arg>
<arg>MX</arg>
<arg>MY</arg>
<arg>MZ</arg>
<arg>NA</arg>
<arg>NC</arg>
<arg>NE</arg>
<arg>NF</arg>
<arg>NG</arg>
<arg>NI</arg>
<arg>NL</arg>
<arg>NO</arg>
<arg>NP</arg>
<arg>NR</arg>
<arg>NU</arg>
<arg>NZ</arg>
<arg>OM</arg>
<arg>PA</arg>
<arg>PE</arg>
<arg>PF</arg>
<arg>PG</arg>
<arg>PH</arg>
<arg>PK</arg>
<arg>PL</arg>
<arg>PM</arg>
<arg>PN</arg>
<arg>PR</arg>
<arg>PS</arg>
<arg>PT</arg>
<arg>PW</arg>
<arg>PY</arg>
<arg>QA</arg>
<arg>RE</arg>
<arg>RO</arg>
<arg>RS</arg>
<arg>RU</arg>
<arg>RW</arg>
<arg>SA</arg>
<arg>SB</arg>
<arg>SC</arg>
<arg>SD</arg>
<arg>SE</arg>
<arg>SG</arg>
<arg>SH</arg>
<arg>SI</arg>
<arg>SJ</arg>
<arg>SK</arg>
<arg>SL</arg>
<arg>SM</arg>
<arg>SN</arg>
<arg>SO</arg>
<arg>SR</arg>
<arg>SS</arg>
<arg>ST</arg>
<arg>SV</arg>
<arg>SX</arg>
<arg>SY</arg>
<arg>SZ</arg>
<arg>TC</arg>
<arg>TD</arg>
<arg>TF</arg>
<arg>TG</arg>
<arg>TH</arg>
<arg>TJ</arg>
<arg>TK</arg>
<arg>TL</arg>
<arg>TM</arg>
<arg>TN</arg>
<arg>TO</arg>
<arg>TR</arg>
<arg>TT</arg>
<arg>TV</arg>
<arg>TW</arg>
<arg>TZ</arg>
<arg>UA</arg>
<arg>UG</arg>
<arg>UM</arg>
<arg>US</arg>
<arg>UY</arg>
<arg>UZ</arg>
<arg>VA</arg>
<arg>VC</arg>
<arg>VE</arg>
<arg>VG</arg>
<arg>VI</arg>
<arg>VN</arg>
<arg>VU</arg>
<arg>WF</arg>
<arg>WS</arg>
<arg>XK</arg>
<arg>YE</arg>
<arg>YT</arg>
<arg>ZA</arg>
<arg>ZM</arg>
<arg>ZW</arg>
<doc>Returns a list containing given items.</doc>
<status status="PASS" start="2024-03-28T09:14:28.110456" elapsed="0.000627"/>
</kw>
<kw name="List Should Contain Value" owner="Collections">
<msg time="2024-03-28T09:14:28.112218" level="INFO">False</msg>
<arg>${list_country}</arg>
<arg>${name_country}</arg>
<doc>Fails if the ``value`` is not found from ``list``.</doc>
<status status="PASS" start="2024-03-28T09:14:28.112012" elapsed="0.000244"/>
</kw>
<kw name="Run Keyword If" owner="BuiltIn">
<kw name="Should Be True" owner="BuiltIn">
<arg>${True}</arg>
<doc>Fails if the given condition is not true.</doc>
<status status="PASS" start="2024-03-28T09:14:28.113325" elapsed="0.000145"/>
</kw>
<arg>${json_data["results"][0]["location"]["coordinates"]["latitude"]} &gt;= -90 and ${json_data["results"][0]["location"]["coordinates"]["latitude"]} &lt;= 90</arg>
<arg>Should Be True</arg>
<arg>${True}</arg>
<doc>Runs the given keyword with the given arguments, if ``condition`` is true.</doc>
<status status="PASS" start="2024-03-28T09:14:28.112569" elapsed="0.001029"/>
</kw>
<kw name="Run Keyword If" owner="BuiltIn">
<kw name="Should Be True" owner="BuiltIn">
<arg>${True}</arg>
<doc>Fails if the given condition is not true.</doc>
<status status="PASS" start="2024-03-28T09:14:28.114487" elapsed="0.000138"/>
</kw>
<arg>${json_data["results"][0]["location"]["coordinates"]["longitude"]} &gt;= -180 and ${json_data["results"][0]["location"]["coordinates"]["longitude"]} &lt;= 180</arg>
<arg>Should Be True</arg>
<arg>${True}</arg>
<doc>Runs the given keyword with the given arguments, if ``condition`` is true.</doc>
<status status="PASS" start="2024-03-28T09:14:28.113785" elapsed="0.000964"/>
</kw>
<status status="PASS" start="2024-03-28T09:14:28.005469" elapsed="0.109415"/>
</kw>
<doc>Testa o conteúdo específico dos campos retornados pela API.</doc>
<tag>testeConteudo</tag>
<status status="PASS" start="2024-03-28T09:14:28.004795" elapsed="0.110246"/>
</test>
<status status="PASS" start="2024-03-28T09:14:27.153858" elapsed="0.963190"/>
</suite>
<status status="PASS" start="2024-03-28T09:14:27.140205" elapsed="0.982249"/>
</suite>
<statistics>
<total>
<stat pass="5" fail="0" skip="0">All Tests</stat>
</total>
<tag>
<stat pass="1" fail="0" skip="0">testeConteudo</stat>
<stat pass="1" fail="0" skip="0">testeEstruturaResposta</stat>
<stat pass="1" fail="0" skip="0">testeRequisicaoBasica</stat>
<stat pass="1" fail="0" skip="0">testeTiposDados</stat>
</tag>
<suite>
<stat pass="5" fail="0" skip="0" id="s1" name="Tests">Tests</stat>
<stat pass="5" fail="0" skip="0" id="s1-s1" name="Random-User-Test">Tests.Random-User-Test</stat>
</suite>
</statistics>
<errors>
</errors>
</robot>
