<?xml version="1.0" encoding="UTF-8"?>
<robot generator="Robot 7.0 (Python 3.12.3 on linux)" generated="2024-05-06T02:28:08.274109" rpa="false" schemaversion="5">
<suite id="s1" name="Tests" source="/home/runner/work/DesafioQAItauRogerioJordao/DesafioQAItauRogerioJordao/RamdonUser/tests">
<suite id="s1-s1" name="Random-User-Test" source="/home/runner/work/DesafioQAItauRogerioJordao/DesafioQAItauRogerioJordao/RamdonUser/tests/random-user-test.robot">
<test id="s1-s1-t1" name="Conectar" line="13">
<kw name="Conectar API" owner="random-user-service">
<kw name="Create Session" owner="RequestsLibrary">
<msg time="2024-05-06T02:28:08.663237" level="INFO">Creating Session using : alias=consultarAPI, url=https://randomuser.me/, headers={},                     cookies={}, auth=None, timeout=None, proxies=None, verify=False,                     debug=0 </msg>
<arg>consultarAPI</arg>
<arg>${URL}</arg>
<doc>Create Session: create a HTTP session to a server</doc>
<status status="PASS" start="2024-05-06T02:28:08.663013" elapsed="0.000469"/>
</kw>
<status status="PASS" start="2024-05-06T02:28:08.661974" elapsed="0.001914"/>
</kw>
<status status="PASS" start="2024-05-06T02:28:08.661344" elapsed="0.002748"/>
</test>
<test id="s1-s1-t2" name="Validar retorno 200 e JSON Válido" line="16">
<kw name="Teste de Requisicao Basica" owner="random-user-service">
<kw name="GET On Session" owner="RequestsLibrary">
<msg time="2024-05-06T02:28:08.743290" level="INFO">GET Request : url=https://randomuser.me/api 
 path_url=/api 
 headers={'User-Agent': 'python-requests/2.31.0', 'Accept-Encoding': 'gzip, deflate', 'Accept': '*/*', 'Connection': 'keep-alive'} 
 body=None 
 </msg>
<msg time="2024-05-06T02:28:08.743497" level="INFO">GET Response : url=https://randomuser.me/api 
 status=200, reason=OK 
 headers={'Date': 'Mon, 06 May 2024 02:28:08 GMT', 'Content-Type': 'application/json; charset=utf-8', 'Transfer-Encoding': 'chunked', 'Connection': 'keep-alive', 'X-Powered-By': 'Express', 'Access-Control-Allow-Origin': '*', 'Cache-Control': 'no-cache', 'ETag': 'W/"48a-AkvvQ8r4dguv7laAy168lVnGQcI"', 'Vary': 'Accept-Encoding', 'Content-Encoding': 'gzip', 'CF-Cache-Status': 'DYNAMIC', 'Report-To': '{"endpoints":[{"url":"https:\\/\\/a.nel.cloudflare.com\\/report\\/v4?s=opq5elKisDEgyzfi28pdFUFXhols2zQEJts8JT3oNLFgueikhku54ZyAlepIvyBvALRKU6Uy4Qv6%2BWARzfuNX1tCmUj5qTMXTakJ%2B1nQEWfd%2FQFqDcJ%2F61A%2FVOC%2BotlU"}],"group":"cf-nel","max_age":604800}', 'NEL': '{"success_fraction":0,"report_to":"cf-nel","max_age":604800}', 'Server': 'cloudflare', 'CF-RAY': '87f589026d2f9c19-IAD', 'alt-svc': 'h3=":443"; ma=86400'} 
 body={"results":[{"gender":"male","name":{"title":"Mr","first":"Fatih","last":"Nalbantoğlu"},"location":{"street":{"number":9744,"name":"Vatan Cd"},"city":"Hakkâri","state":"Mardin","country":"Turkey","postcode":37944,"coordinates":{"latitude":"65.7783","longitude":"-170.6595"},"timezone":{"offset":"+11:00","description":"Magadan, Solomon Islands, New Caledonia"}},"email":"fatih.nalbantoglu@example.com","login":{"uuid":"6afff594-1b9a-4022-b682-41c2d2e94d4a","username":"orangecat344","password":"gobears","salt":"fQKNciio","md5":"1ee2659da6166726912f6871c1283d32","sha1":"dfbdea5a447d07cb3dd87e0d39c75979dac6c4bb","sha256":"3b658c48e9b347a43185345d73206ad1bd2d3a218b83423b6d9bc587ead5a115"},"dob":{"date":"1951-04-07T01:44:20.094Z","age":73},"registered":{"date":"2018-07-26T07:31:17.111Z","age":5},"phone":"(818)-628-3609","cell":"(573)-840-4873","id":{"name":"","value":null},"picture":{"large":"https://randomuser.me/api/portraits/men/16.jpg","medium":"https://randomuser.me/api/portraits/med/men/16.jpg","thumbnail":"https://randomuser.me/api/portraits/thumb/men/16.jpg"},"nat":"TR"}],"info":{"seed":"3f30cb9327aacc23","results":1,"page":1,"version":"1.4"}} 
 </msg>
<msg time="2024-05-06T02:28:08.743598" level="INFO">/opt/hostedtoolcache/Python/3.12.3/x64/lib/python3.12/site-packages/urllib3/connectionpool.py:1103: InsecureRequestWarning: Unverified HTTPS request is being made to host 'randomuser.me'. Adding certificate verification is strongly advised. See: https://urllib3.readthedocs.io/en/latest/advanced-usage.html#tls-warnings
  warnings.warn(</msg>
<msg time="2024-05-06T02:28:08.743762" level="INFO">${response} = &lt;Response [200]&gt;</msg>
<var>${response}</var>
<arg>consultarAPI</arg>
<arg>/api</arg>
<doc>Sends a GET request on a previously created HTTP Session.</doc>
<status status="PASS" start="2024-05-06T02:28:08.666769" elapsed="0.077061"/>
</kw>
<kw name="Should Be Equal As Numbers" owner="BuiltIn">
<msg time="2024-05-06T02:28:08.745088" level="INFO">Argument types are:
&lt;class 'int'&gt;
&lt;class 'str'&gt;</msg>
<arg>${response.status_code}</arg>
<arg>200</arg>
<doc>Fails if objects are unequal after converting them to real numbers.</doc>
<status status="PASS" start="2024-05-06T02:28:08.744592" elapsed="0.000568"/>
</kw>
<kw name="Log" owner="BuiltIn">
<msg time="2024-05-06T02:28:08.745965" level="INFO">200</msg>
<arg>${response.status_code}</arg>
<doc>Logs the given message with the given level.</doc>
<status status="PASS" start="2024-05-06T02:28:08.745548" elapsed="0.000465"/>
</kw>
<kw name="Set Variable" owner="BuiltIn">
<msg time="2024-05-06T02:28:08.746836" level="INFO">${json_data} = {'results': [{'gender': 'male', 'name': {'title': 'Mr', 'first': 'Fatih', 'last': 'Nalbantoğlu'}, 'location': {'street': {'number': 9744, 'name': 'Vatan Cd'}, 'city': 'Hakkâri', 'state': 'Mardin', 'co...</msg>
<var>${json_data}</var>
<arg>${response.json()}</arg>
<doc>Returns the given values which can then be assigned to a variables.</doc>
<status status="PASS" start="2024-05-06T02:28:08.746357" elapsed="0.000510"/>
</kw>
<kw name="Dictionary Should Contain Key" owner="Collections">
<msg time="2024-05-06T02:28:08.747441" level="INFO">False</msg>
<arg>${json_data}</arg>
<arg>results</arg>
<doc>Fails if ``key`` is not found from ``dictionary``.</doc>
<status status="PASS" start="2024-05-06T02:28:08.747201" elapsed="0.000289"/>
</kw>
<status status="PASS" start="2024-05-06T02:28:08.666508" elapsed="0.081266"/>
</kw>
<doc>Testa se a API responde corretamente e retorna um objeto JSON válido.</doc>
<tag>testeRequisicaoBasica</tag>
<status status="PASS" start="2024-05-06T02:28:08.666003" elapsed="0.081964"/>
</test>
<test id="s1-s1-t3" name="Validar estrutura de resposta" line="22">
<kw name="Teste de Estrutura de Resposta" owner="random-user-service">
<kw name="GET On Session" owner="RequestsLibrary">
<msg time="2024-05-06T02:28:08.861166" level="INFO">GET Request : url=https://randomuser.me/api 
 path_url=/api 
 headers={'User-Agent': 'python-requests/2.31.0', 'Accept-Encoding': 'gzip, deflate', 'Accept': '*/*', 'Connection': 'keep-alive'} 
 body=None 
 </msg>
<msg time="2024-05-06T02:28:08.861278" level="INFO">GET Response : url=https://randomuser.me/api 
 status=200, reason=OK 
 headers={'Date': 'Mon, 06 May 2024 02:28:08 GMT', 'Content-Type': 'application/json; charset=utf-8', 'Transfer-Encoding': 'chunked', 'Connection': 'keep-alive', 'X-Powered-By': 'Express', 'Access-Control-Allow-Origin': '*', 'Cache-Control': 'no-cache', 'ETag': 'W/"481-43389r48nrkDUccIf+TBRsvEr9I"', 'Vary': 'Accept-Encoding', 'Content-Encoding': 'gzip', 'CF-Cache-Status': 'DYNAMIC', 'Report-To': '{"endpoints":[{"url":"https:\\/\\/a.nel.cloudflare.com\\/report\\/v4?s=hDs7sTTQTmCeDu0A3Ke4mFHLS8F5x0eKP8VB0Wq1AyanLwA0Vu0Ppwr5Ucw%2B5CqYEHpgy6KOmX9gD6PwPi2HxF8Ozk9D9i%2B9qE39zX%2FpoObhi7FYje4bVpfDJPWho6dZ"}],"group":"cf-nel","max_age":604800}', 'NEL': '{"success_fraction":0,"report_to":"cf-nel","max_age":604800}', 'Server': 'cloudflare', 'CF-RAY': '87f58902bd7c9c19-IAD', 'alt-svc': 'h3=":443"; ma=86400'} 
 body={"results":[{"gender":"female","name":{"title":"Miss","first":"غزل","last":"احمدی"},"location":{"street":{"number":336,"name":"ایران"},"city":"سبزوار","state":"خراسان شمالی","country":"Iran","postcode":31831,"coordinates":{"latitude":"14.2641","longitude":"119.2670"},"timezone":{"offset":"+5:45","description":"Kathmandu"}},"email":"gzl.hmdy@example.com","login":{"uuid":"803b0285-3303-454d-a100-403021443b97","username":"beautifulfish114","password":"12345678","salt":"lbovtZye","md5":"e5073a4447da91cc3e62dd00664bc7a4","sha1":"32a98b3b3031eb4fe8212079a5a823bc63bb4a03","sha256":"b1cedcde1518b2b780d603189f0128e5d6f66aec4aea49772d02300701647da7"},"dob":{"date":"1955-09-19T09:00:58.583Z","age":68},"registered":{"date":"2002-10-07T01:02:58.604Z","age":21},"phone":"003-22764079","cell":"0982-036-3077","id":{"name":"","value":null},"picture":{"large":"https://randomuser.me/api/portraits/women/16.jpg","medium":"https://randomuser.me/api/portraits/med/women/16.jpg","thumbnail":"https://randomuser.me/api/portraits/thumb/women/16.jpg"},"nat":"IR"}],"info":{"seed":"a48e5ccf9e95b245","results":1,"page":1,"version":"1.4"}} 
 </msg>
<msg time="2024-05-06T02:28:08.861415" level="INFO">/opt/hostedtoolcache/Python/3.12.3/x64/lib/python3.12/site-packages/urllib3/connectionpool.py:1103: InsecureRequestWarning: Unverified HTTPS request is being made to host 'randomuser.me'. Adding certificate verification is strongly advised. See: https://urllib3.readthedocs.io/en/latest/advanced-usage.html#tls-warnings
  warnings.warn(</msg>
<msg time="2024-05-06T02:28:08.861558" level="INFO">${response} = &lt;Response [200]&gt;</msg>
<var>${response}</var>
<arg>consultarAPI</arg>
<arg>/api</arg>
<doc>Sends a GET request on a previously created HTTP Session.</doc>
<status status="PASS" start="2024-05-06T02:28:08.750806" elapsed="0.110798"/>
</kw>
<kw name="Set Variable" owner="BuiltIn">
<msg time="2024-05-06T02:28:08.862871" level="INFO">${json_data} = {'results': [{'gender': 'female', 'name': {'title': 'Miss', 'first': 'غزل', 'last': 'احمدی'}, 'location': {'street': {'number': 336, 'name': 'ایران'}, 'city': 'سبزوار', 'state': 'خراسان شمالی', 'count...</msg>
<var>${json_data}</var>
<arg>${response.json()}</arg>
<doc>Returns the given values which can then be assigned to a variables.</doc>
<status status="PASS" start="2024-05-06T02:28:08.862262" elapsed="0.000642"/>
</kw>
<kw name="Log" owner="BuiltIn">
<msg time="2024-05-06T02:28:08.863539" level="INFO">{'results': [{'gender': 'female', 'name': {'title': 'Miss', 'first': 'غزل', 'last': 'احمدی'}, 'location': {'street': {'number': 336, 'name': 'ایران'}, 'city': 'سبزوار', 'state': 'خراسان شمالی', 'country': 'Iran', 'postcode': 31831, 'coordinates': {'latitude': '14.2641', 'longitude': '119.2670'}, 'timezone': {'offset': '+5:45', 'description': 'Kathmandu'}}, 'email': 'gzl.hmdy@example.com', 'login': {'uuid': '803b0285-3303-454d-a100-403021443b97', 'username': 'beautifulfish114', 'password': '12345678', 'salt': 'lbovtZye', 'md5': 'e5073a4447da91cc3e62dd00664bc7a4', 'sha1': '32a98b3b3031eb4fe8212079a5a823bc63bb4a03', 'sha256': 'b1cedcde1518b2b780d603189f0128e5d6f66aec4aea49772d02300701647da7'}, 'dob': {'date': '1955-09-19T09:00:58.583Z', 'age': 68}, 'registered': {'date': '2002-10-07T01:02:58.604Z', 'age': 21}, 'phone': '003-22764079', 'cell': '0982-036-3077', 'id': {'name': '', 'value': None}, 'picture': {'large': 'https://randomuser.me/api/portraits/women/16.jpg', 'medium': 'https://randomuser.me/api/portraits/med/women/16.jpg', 'thumbnail': 'https://randomuser.me/api/portraits/thumb/women/16.jpg'}, 'nat': 'IR'}], 'info': {'seed': 'a48e5ccf9e95b245', 'results': 1, 'page': 1, 'version': '1.4'}}</msg>
<arg>${json_data}</arg>
<doc>Logs the given message with the given level.</doc>
<status status="PASS" start="2024-05-06T02:28:08.863301" elapsed="0.000295"/>
</kw>
<kw name="Dictionary Should Contain Key" owner="Collections">
<msg time="2024-05-06T02:28:08.864129" level="INFO">False</msg>
<arg>${json_data}</arg>
<arg>results</arg>
<doc>Fails if ``key`` is not found from ``dictionary``.</doc>
<status status="PASS" start="2024-05-06T02:28:08.863948" elapsed="0.000221"/>
</kw>
<kw name="Should Not Be Empty" owner="BuiltIn">
<msg time="2024-05-06T02:28:08.864634" level="INFO">Length is 2.</msg>
<arg>${json_data}</arg>
<doc>Verifies that the given item is not empty.</doc>
<status status="PASS" start="2024-05-06T02:28:08.864489" elapsed="0.000360"/>
</kw>
<kw name="Create List" owner="BuiltIn">
<msg time="2024-05-06T02:28:08.865331" level="INFO">${expected_keys} = ['gender', 'name', 'location', 'email', 'login']</msg>
<var>${expected_keys}</var>
<arg>gender</arg>
<arg>name</arg>
<arg>location</arg>
<arg>email</arg>
<arg>login</arg>
<doc>Returns a list containing given items.</doc>
<status status="PASS" start="2024-05-06T02:28:08.865166" elapsed="0.000190"/>
</kw>
<for flavor="IN">
<iter>
<kw name="Dictionary Should Contain Key" owner="Collections">
<msg time="2024-05-06T02:28:08.866421" level="INFO">False</msg>
<arg>${json_data['results'][0]}</arg>
<arg>${key}</arg>
<doc>Fails if ``key`` is not found from ``dictionary``.</doc>
<status status="PASS" start="2024-05-06T02:28:08.865979" elapsed="0.000484"/>
</kw>
<kw name="Log" owner="BuiltIn">
<msg time="2024-05-06T02:28:08.867151" level="INFO">{'gender': 'female', 'name': {'title': 'Miss', 'first': 'غزل', 'last': 'احمدی'}, 'location': {'street': {'number': 336, 'name': 'ایران'}, 'city': 'سبزوار', 'state': 'خراسان شمالی', 'country': 'Iran', 'postcode': 31831, 'coordinates': {'latitude': '14.2641', 'longitude': '119.2670'}, 'timezone': {'offset': '+5:45', 'description': 'Kathmandu'}}, 'email': 'gzl.hmdy@example.com', 'login': {'uuid': '803b0285-3303-454d-a100-403021443b97', 'username': 'beautifulfish114', 'password': '12345678', 'salt': 'lbovtZye', 'md5': 'e5073a4447da91cc3e62dd00664bc7a4', 'sha1': '32a98b3b3031eb4fe8212079a5a823bc63bb4a03', 'sha256': 'b1cedcde1518b2b780d603189f0128e5d6f66aec4aea49772d02300701647da7'}, 'dob': {'date': '1955-09-19T09:00:58.583Z', 'age': 68}, 'registered': {'date': '2002-10-07T01:02:58.604Z', 'age': 21}, 'phone': '003-22764079', 'cell': '0982-036-3077', 'id': {'name': '', 'value': None}, 'picture': {'large': 'https://randomuser.me/api/portraits/women/16.jpg', 'medium': 'https://randomuser.me/api/portraits/med/women/16.jpg', 'thumbnail': 'https://randomuser.me/api/portraits/thumb/women/16.jpg'}, 'nat': 'IR'}</msg>
<arg>${json_data['results'][0]}</arg>
<doc>Logs the given message with the given level.</doc>
<status status="PASS" start="2024-05-06T02:28:08.866769" elapsed="0.000433"/>
</kw>
<kw name="Log" owner="BuiltIn">
<msg time="2024-05-06T02:28:08.867707" level="INFO">gender</msg>
<arg>${key}</arg>
<doc>Logs the given message with the given level.</doc>
<status status="PASS" start="2024-05-06T02:28:08.867567" elapsed="0.000180"/>
</kw>
<var name="${key}">gender</var>
<status status="PASS" start="2024-05-06T02:28:08.865843" elapsed="0.002125"/>
</iter>
<iter>
<kw name="Dictionary Should Contain Key" owner="Collections">
<msg time="2024-05-06T02:28:08.868708" level="INFO">False</msg>
<arg>${json_data['results'][0]}</arg>
<arg>${key}</arg>
<doc>Fails if ``key`` is not found from ``dictionary``.</doc>
<status status="PASS" start="2024-05-06T02:28:08.868294" elapsed="0.000455"/>
</kw>
<kw name="Log" owner="BuiltIn">
<msg time="2024-05-06T02:28:08.869455" level="INFO">{'gender': 'female', 'name': {'title': 'Miss', 'first': 'غزل', 'last': 'احمدی'}, 'location': {'street': {'number': 336, 'name': 'ایران'}, 'city': 'سبزوار', 'state': 'خراسان شمالی', 'country': 'Iran', 'postcode': 31831, 'coordinates': {'latitude': '14.2641', 'longitude': '119.2670'}, 'timezone': {'offset': '+5:45', 'description': 'Kathmandu'}}, 'email': 'gzl.hmdy@example.com', 'login': {'uuid': '803b0285-3303-454d-a100-403021443b97', 'username': 'beautifulfish114', 'password': '12345678', 'salt': 'lbovtZye', 'md5': 'e5073a4447da91cc3e62dd00664bc7a4', 'sha1': '32a98b3b3031eb4fe8212079a5a823bc63bb4a03', 'sha256': 'b1cedcde1518b2b780d603189f0128e5d6f66aec4aea49772d02300701647da7'}, 'dob': {'date': '1955-09-19T09:00:58.583Z', 'age': 68}, 'registered': {'date': '2002-10-07T01:02:58.604Z', 'age': 21}, 'phone': '003-22764079', 'cell': '0982-036-3077', 'id': {'name': '', 'value': None}, 'picture': {'large': 'https://randomuser.me/api/portraits/women/16.jpg', 'medium': 'https://randomuser.me/api/portraits/med/women/16.jpg', 'thumbnail': 'https://randomuser.me/api/portraits/thumb/women/16.jpg'}, 'nat': 'IR'}</msg>
<arg>${json_data['results'][0]}</arg>
<doc>Logs the given message with the given level.</doc>
<status status="PASS" start="2024-05-06T02:28:08.869078" elapsed="0.000427"/>
</kw>
<kw name="Log" owner="BuiltIn">
<msg time="2024-05-06T02:28:08.869928" level="INFO">name</msg>
<arg>${key}</arg>
<doc>Logs the given message with the given level.</doc>
<status status="PASS" start="2024-05-06T02:28:08.869801" elapsed="0.000165"/>
</kw>
<var name="${key}">name</var>
<status status="PASS" start="2024-05-06T02:28:08.868173" elapsed="0.002014"/>
</iter>
<iter>
<kw name="Dictionary Should Contain Key" owner="Collections">
<msg time="2024-05-06T02:28:08.870887" level="INFO">False</msg>
<arg>${json_data['results'][0]}</arg>
<arg>${key}</arg>
<doc>Fails if ``key`` is not found from ``dictionary``.</doc>
<status status="PASS" start="2024-05-06T02:28:08.870499" elapsed="0.000428"/>
</kw>
<kw name="Log" owner="BuiltIn">
<msg time="2024-05-06T02:28:08.871716" level="INFO">{'gender': 'female', 'name': {'title': 'Miss', 'first': 'غزل', 'last': 'احمدی'}, 'location': {'street': {'number': 336, 'name': 'ایران'}, 'city': 'سبزوار', 'state': 'خراسان شمالی', 'country': 'Iran', 'postcode': 31831, 'coordinates': {'latitude': '14.2641', 'longitude': '119.2670'}, 'timezone': {'offset': '+5:45', 'description': 'Kathmandu'}}, 'email': 'gzl.hmdy@example.com', 'login': {'uuid': '803b0285-3303-454d-a100-403021443b97', 'username': 'beautifulfish114', 'password': '12345678', 'salt': 'lbovtZye', 'md5': 'e5073a4447da91cc3e62dd00664bc7a4', 'sha1': '32a98b3b3031eb4fe8212079a5a823bc63bb4a03', 'sha256': 'b1cedcde1518b2b780d603189f0128e5d6f66aec4aea49772d02300701647da7'}, 'dob': {'date': '1955-09-19T09:00:58.583Z', 'age': 68}, 'registered': {'date': '2002-10-07T01:02:58.604Z', 'age': 21}, 'phone': '003-22764079', 'cell': '0982-036-3077', 'id': {'name': '', 'value': None}, 'picture': {'large': 'https://randomuser.me/api/portraits/women/16.jpg', 'medium': 'https://randomuser.me/api/portraits/med/women/16.jpg', 'thumbnail': 'https://randomuser.me/api/portraits/thumb/women/16.jpg'}, 'nat': 'IR'}</msg>
<arg>${json_data['results'][0]}</arg>
<doc>Logs the given message with the given level.</doc>
<status status="PASS" start="2024-05-06T02:28:08.871248" elapsed="0.000523"/>
</kw>
<kw name="Log" owner="BuiltIn">
<msg time="2024-05-06T02:28:08.872224" level="INFO">location</msg>
<arg>${key}</arg>
<doc>Logs the given message with the given level.</doc>
<status status="PASS" start="2024-05-06T02:28:08.872078" elapsed="0.000186"/>
</kw>
<var name="${key}">location</var>
<status status="PASS" start="2024-05-06T02:28:08.870375" elapsed="0.002106"/>
</iter>
<iter>
<kw name="Dictionary Should Contain Key" owner="Collections">
<msg time="2024-05-06T02:28:08.873176" level="INFO">False</msg>
<arg>${json_data['results'][0]}</arg>
<arg>${key}</arg>
<doc>Fails if ``key`` is not found from ``dictionary``.</doc>
<status status="PASS" start="2024-05-06T02:28:08.872773" elapsed="0.000442"/>
</kw>
<kw name="Log" owner="BuiltIn">
<msg time="2024-05-06T02:28:08.873891" level="INFO">{'gender': 'female', 'name': {'title': 'Miss', 'first': 'غزل', 'last': 'احمدی'}, 'location': {'street': {'number': 336, 'name': 'ایران'}, 'city': 'سبزوار', 'state': 'خراسان شمالی', 'country': 'Iran', 'postcode': 31831, 'coordinates': {'latitude': '14.2641', 'longitude': '119.2670'}, 'timezone': {'offset': '+5:45', 'description': 'Kathmandu'}}, 'email': 'gzl.hmdy@example.com', 'login': {'uuid': '803b0285-3303-454d-a100-403021443b97', 'username': 'beautifulfish114', 'password': '12345678', 'salt': 'lbovtZye', 'md5': 'e5073a4447da91cc3e62dd00664bc7a4', 'sha1': '32a98b3b3031eb4fe8212079a5a823bc63bb4a03', 'sha256': 'b1cedcde1518b2b780d603189f0128e5d6f66aec4aea49772d02300701647da7'}, 'dob': {'date': '1955-09-19T09:00:58.583Z', 'age': 68}, 'registered': {'date': '2002-10-07T01:02:58.604Z', 'age': 21}, 'phone': '003-22764079', 'cell': '0982-036-3077', 'id': {'name': '', 'value': None}, 'picture': {'large': 'https://randomuser.me/api/portraits/women/16.jpg', 'medium': 'https://randomuser.me/api/portraits/med/women/16.jpg', 'thumbnail': 'https://randomuser.me/api/portraits/thumb/women/16.jpg'}, 'nat': 'IR'}</msg>
<arg>${json_data['results'][0]}</arg>
<doc>Logs the given message with the given level.</doc>
<status status="PASS" start="2024-05-06T02:28:08.873522" elapsed="0.000420"/>
</kw>
<kw name="Log" owner="BuiltIn">
<msg time="2024-05-06T02:28:08.874388" level="INFO">email</msg>
<arg>${key}</arg>
<doc>Logs the given message with the given level.</doc>
<status status="PASS" start="2024-05-06T02:28:08.874261" elapsed="0.000165"/>
</kw>
<var name="${key}">email</var>
<status status="PASS" start="2024-05-06T02:28:08.872661" elapsed="0.001977"/>
</iter>
<iter>
<kw name="Dictionary Should Contain Key" owner="Collections">
<msg time="2024-05-06T02:28:08.875333" level="INFO">False</msg>
<arg>${json_data['results'][0]}</arg>
<arg>${key}</arg>
<doc>Fails if ``key`` is not found from ``dictionary``.</doc>
<status status="PASS" start="2024-05-06T02:28:08.874926" elapsed="0.000447"/>
</kw>
<kw name="Log" owner="BuiltIn">
<msg time="2024-05-06T02:28:08.876118" level="INFO">{'gender': 'female', 'name': {'title': 'Miss', 'first': 'غزل', 'last': 'احمدی'}, 'location': {'street': {'number': 336, 'name': 'ایران'}, 'city': 'سبزوار', 'state': 'خراسان شمالی', 'country': 'Iran', 'postcode': 31831, 'coordinates': {'latitude': '14.2641', 'longitude': '119.2670'}, 'timezone': {'offset': '+5:45', 'description': 'Kathmandu'}}, 'email': 'gzl.hmdy@example.com', 'login': {'uuid': '803b0285-3303-454d-a100-403021443b97', 'username': 'beautifulfish114', 'password': '12345678', 'salt': 'lbovtZye', 'md5': 'e5073a4447da91cc3e62dd00664bc7a4', 'sha1': '32a98b3b3031eb4fe8212079a5a823bc63bb4a03', 'sha256': 'b1cedcde1518b2b780d603189f0128e5d6f66aec4aea49772d02300701647da7'}, 'dob': {'date': '1955-09-19T09:00:58.583Z', 'age': 68}, 'registered': {'date': '2002-10-07T01:02:58.604Z', 'age': 21}, 'phone': '003-22764079', 'cell': '0982-036-3077', 'id': {'name': '', 'value': None}, 'picture': {'large': 'https://randomuser.me/api/portraits/women/16.jpg', 'medium': 'https://randomuser.me/api/portraits/med/women/16.jpg', 'thumbnail': 'https://randomuser.me/api/portraits/thumb/women/16.jpg'}, 'nat': 'IR'}</msg>
<arg>${json_data['results'][0]}</arg>
<doc>Logs the given message with the given level.</doc>
<status status="PASS" start="2024-05-06T02:28:08.875740" elapsed="0.000428"/>
</kw>
<kw name="Log" owner="BuiltIn">
<msg time="2024-05-06T02:28:08.876597" level="INFO">login</msg>
<arg>${key}</arg>
<doc>Logs the given message with the given level.</doc>
<status status="PASS" start="2024-05-06T02:28:08.876470" elapsed="0.000165"/>
</kw>
<var name="${key}">login</var>
<status status="PASS" start="2024-05-06T02:28:08.874815" elapsed="0.002046"/>
</iter>
<var>${key}</var>
<value>@{expected_keys}</value>
<status status="PASS" start="2024-05-06T02:28:08.865632" elapsed="0.011387"/>
</for>
<kw name="Create List" owner="BuiltIn">
<msg time="2024-05-06T02:28:08.877369" level="INFO">${expected_keysTwo} = ['username', 'password']</msg>
<var>${expected_keysTwo}</var>
<arg>username</arg>
<arg>password</arg>
<doc>Returns a list containing given items.</doc>
<status status="PASS" start="2024-05-06T02:28:08.877229" elapsed="0.000164"/>
</kw>
<for flavor="IN">
<iter>
<kw name="Dictionary Should Contain Key" owner="Collections">
<msg time="2024-05-06T02:28:08.878295" level="INFO">False</msg>
<arg>${json_data['results'][0]['login']}</arg>
<arg>${keyTwo}</arg>
<doc>Fails if ``key`` is not found from ``dictionary``.</doc>
<status status="PASS" start="2024-05-06T02:28:08.877908" elapsed="0.000425"/>
</kw>
<kw name="Dictionary Should Contain Key" owner="Collections">
<msg time="2024-05-06T02:28:08.879018" level="INFO">False</msg>
<arg>${json_data['results'][0]['login']}</arg>
<arg>${keyTwo}</arg>
<doc>Fails if ``key`` is not found from ``dictionary``.</doc>
<status status="PASS" start="2024-05-06T02:28:08.878625" elapsed="0.000431"/>
</kw>
<kw name="Log" owner="BuiltIn">
<msg time="2024-05-06T02:28:08.879504" level="INFO">username</msg>
<arg>${keyTwo}</arg>
<doc>Logs the given message with the given level.</doc>
<status status="PASS" start="2024-05-06T02:28:08.879342" elapsed="0.000208"/>
</kw>
<var name="${keyTwo}">username</var>
<status status="PASS" start="2024-05-06T02:28:08.877797" elapsed="0.001973"/>
</iter>
<iter>
<kw name="Dictionary Should Contain Key" owner="Collections">
<msg time="2024-05-06T02:28:08.880543" level="INFO">False</msg>
<arg>${json_data['results'][0]['login']}</arg>
<arg>${keyTwo}</arg>
<doc>Fails if ``key`` is not found from ``dictionary``.</doc>
<status status="PASS" start="2024-05-06T02:28:08.880059" elapsed="0.000524"/>
</kw>
<kw name="Dictionary Should Contain Key" owner="Collections">
<msg time="2024-05-06T02:28:08.881257" level="INFO">False</msg>
<arg>${json_data['results'][0]['login']}</arg>
<arg>${keyTwo}</arg>
<doc>Fails if ``key`` is not found from ``dictionary``.</doc>
<status status="PASS" start="2024-05-06T02:28:08.880879" elapsed="0.000416"/>
</kw>
<kw name="Log" owner="BuiltIn">
<msg time="2024-05-06T02:28:08.881709" level="INFO">password</msg>
<arg>${keyTwo}</arg>
<doc>Logs the given message with the given level.</doc>
<status status="PASS" start="2024-05-06T02:28:08.881585" elapsed="0.000162"/>
</kw>
<var name="${keyTwo}">password</var>
<status status="PASS" start="2024-05-06T02:28:08.879948" elapsed="0.002013"/>
</iter>
<var>${keyTwo}</var>
<value>@{expected_keysTwo}</value>
<status status="PASS" start="2024-05-06T02:28:08.877633" elapsed="0.004449"/>
</for>
<status status="PASS" start="2024-05-06T02:28:08.750538" elapsed="0.131691"/>
</kw>
<doc>Testa a estrutura da resposta da API.</doc>
<tag>testeEstruturaResposta</tag>
<status status="PASS" start="2024-05-06T02:28:08.749883" elapsed="0.132510"/>
</test>
<test id="s1-s1-t4" name="Validar tipos de dados" line="28">
<kw name="Teste de Tipos de Dados" owner="random-user-service">
<kw name="GET On Session" owner="RequestsLibrary">
<msg time="2024-05-06T02:28:08.941258" level="INFO">GET Request : url=https://randomuser.me/api 
 path_url=/api 
 headers={'User-Agent': 'python-requests/2.31.0', 'Accept-Encoding': 'gzip, deflate', 'Accept': '*/*', 'Connection': 'keep-alive'} 
 body=None 
 </msg>
<msg time="2024-05-06T02:28:08.941383" level="INFO">GET Response : url=https://randomuser.me/api 
 status=200, reason=OK 
 headers={'Date': 'Mon, 06 May 2024 02:28:08 GMT', 'Content-Type': 'application/json; charset=utf-8', 'Transfer-Encoding': 'chunked', 'Connection': 'keep-alive', 'X-Powered-By': 'Express', 'Access-Control-Allow-Origin': '*', 'Cache-Control': 'no-cache', 'ETag': 'W/"4a6-ZtJ/6Z2w1j2IGWIZ6+9/raikGvA"', 'Vary': 'Accept-Encoding', 'Content-Encoding': 'gzip', 'CF-Cache-Status': 'DYNAMIC', 'Report-To': '{"endpoints":[{"url":"https:\\/\\/a.nel.cloudflare.com\\/report\\/v4?s=S2%2BzjF4RyE1dYz%2FexD8rBMyBRpWcsqCefnmtgCndCs0nduHCyxXosMkaTqJsSkfn6OAFmSs25dVzBiNNdNwJbqmaz7ooqvK1nc0edLoPaTEWQpB577hAYBCgwPuU62TN"}],"group":"cf-nel","max_age":604800}', 'NEL': '{"success_fraction":0,"report_to":"cf-nel","max_age":604800}', 'Server': 'cloudflare', 'CF-RAY': '87f589038e819c19-IAD', 'alt-svc': 'h3=":443"; ma=86400'} 
 body={"results":[{"gender":"male","name":{"title":"Mr","first":"Samuel","last":"Kyllo"},"location":{"street":{"number":929,"name":"Hermiankatu"},"city":"Isokyrö","state":"Southern Ostrobothnia","country":"Finland","postcode":96589,"coordinates":{"latitude":"-26.0705","longitude":"-34.5605"},"timezone":{"offset":"0:00","description":"Western Europe Time, London, Lisbon, Casablanca"}},"email":"samuel.kyllo@example.com","login":{"uuid":"d67132cf-7ff3-48a3-a770-de1472ed0f71","username":"heavybird854","password":"hogtied","salt":"B89pFOoQ","md5":"8c536a8bffb0828dfb68440464ffe3af","sha1":"269f7bd1301d3a487bbc578e1a84239d34ed975f","sha256":"1559a75b01fe1361069cbbc663ca2d669751932bfcda1cdeaec8bd774cfc4028"},"dob":{"date":"1997-03-08T05:10:36.856Z","age":27},"registered":{"date":"2003-12-12T11:12:55.360Z","age":20},"phone":"05-188-094","cell":"041-998-08-57","id":{"name":"HETU","value":"NaNNA787undefined"},"picture":{"large":"https://randomuser.me/api/portraits/men/29.jpg","medium":"https://randomuser.me/api/portraits/med/men/29.jpg","thumbnail":"https://randomuser.me/api/portraits/thumb/men/29.jpg"},"nat":"FI"}],"info":{"seed":"20959ac1520f55ff","results":1,"page":1,"version":"1.4"}} 
 </msg>
<msg time="2024-05-06T02:28:08.941469" level="INFO">/opt/hostedtoolcache/Python/3.12.3/x64/lib/python3.12/site-packages/urllib3/connectionpool.py:1103: InsecureRequestWarning: Unverified HTTPS request is being made to host 'randomuser.me'. Adding certificate verification is strongly advised. See: https://urllib3.readthedocs.io/en/latest/advanced-usage.html#tls-warnings
  warnings.warn(</msg>
<msg time="2024-05-06T02:28:08.941607" level="INFO">${response} = &lt;Response [200]&gt;</msg>
<var>${response}</var>
<arg>consultarAPI</arg>
<arg>/api</arg>
<doc>Sends a GET request on a previously created HTTP Session.</doc>
<status status="PASS" start="2024-05-06T02:28:08.885104" elapsed="0.056545"/>
</kw>
<kw name="Set Variable" owner="BuiltIn">
<msg time="2024-05-06T02:28:08.942909" level="INFO">${json_data} = {'results': [{'gender': 'male', 'name': {'title': 'Mr', 'first': 'Samuel', 'last': 'Kyllo'}, 'location': {'street': {'number': 929, 'name': 'Hermiankatu'}, 'city': 'Isokyrö', 'state': 'Southern Ostrob...</msg>
<var>${json_data}</var>
<arg>${response.json()}</arg>
<doc>Returns the given values which can then be assigned to a variables.</doc>
<status status="PASS" start="2024-05-06T02:28:08.942330" elapsed="0.000609"/>
</kw>
<kw name="Log" owner="BuiltIn">
<msg time="2024-05-06T02:28:08.943572" level="INFO">{'results': [{'gender': 'male', 'name': {'title': 'Mr', 'first': 'Samuel', 'last': 'Kyllo'}, 'location': {'street': {'number': 929, 'name': 'Hermiankatu'}, 'city': 'Isokyrö', 'state': 'Southern Ostrobothnia', 'country': 'Finland', 'postcode': 96589, 'coordinates': {'latitude': '-26.0705', 'longitude': '-34.5605'}, 'timezone': {'offset': '0:00', 'description': 'Western Europe Time, London, Lisbon, Casablanca'}}, 'email': 'samuel.kyllo@example.com', 'login': {'uuid': 'd67132cf-7ff3-48a3-a770-de1472ed0f71', 'username': 'heavybird854', 'password': 'hogtied', 'salt': 'B89pFOoQ', 'md5': '8c536a8bffb0828dfb68440464ffe3af', 'sha1': '269f7bd1301d3a487bbc578e1a84239d34ed975f', 'sha256': '1559a75b01fe1361069cbbc663ca2d669751932bfcda1cdeaec8bd774cfc4028'}, 'dob': {'date': '1997-03-08T05:10:36.856Z', 'age': 27}, 'registered': {'date': '2003-12-12T11:12:55.360Z', 'age': 20}, 'phone': '05-188-094', 'cell': '041-998-08-57', 'id': {'name': 'HETU', 'value': 'NaNNA787undefined'}, 'picture': {'large': 'https://randomuser.me/api/portraits/men/29.jpg', 'medium': 'https://randomuser.me/api/portraits/med/men/29.jpg', 'thumbnail': 'https://randomuser.me/api/portraits/thumb/men/29.jpg'}, 'nat': 'FI'}], 'info': {'seed': '20959ac1520f55ff', 'results': 1, 'page': 1, 'version': '1.4'}}</msg>
<arg>${json_data}</arg>
<doc>Logs the given message with the given level.</doc>
<status status="PASS" start="2024-05-06T02:28:08.943330" elapsed="0.000338"/>
</kw>
<kw name="Should Be String" owner="String">
<arg>${json_data['results'][0]['gender']}</arg>
<doc>Fails if the given ``item`` is not a string.</doc>
<status status="PASS" start="2024-05-06T02:28:08.944033" elapsed="0.000422"/>
</kw>
<kw name="Should Match Regexp" owner="BuiltIn">
<arg>${json_data['results'][0]['email']}</arg>
<arg>^[a-zA-Z0-9._%+-]+@[a-zA-Z0-9.-]+\.[a-zA-Z]{2,}$</arg>
<doc>Fails if ``string`` does not match ``pattern`` as a regular expression.</doc>
<status status="PASS" start="2024-05-06T02:28:08.944675" elapsed="0.000551"/>
</kw>
<kw name="Should Match Regexp" owner="BuiltIn">
<arg>${json_data['results'][0]['dob']['date']}</arg>
<arg>\\d{4}-\\d{2}-\\d{2}T\\d{2}:\\d{2}:\\d{2}\\.\\d{3}Z</arg>
<doc>Fails if ``string`` does not match ``pattern`` as a regular expression.</doc>
<status status="PASS" start="2024-05-06T02:28:08.945442" elapsed="0.000534"/>
</kw>
<kw name="Should Match Regexp" owner="BuiltIn">
<arg>${json_data['results'][0]['registered']['date']}</arg>
<arg>\\d{4}-\\d{2}-\\d{2}T\\d{2}:\\d{2}:\\d{2}\\.\\d{3}Z</arg>
<doc>Fails if ``string`` does not match ``pattern`` as a regular expression.</doc>
<status status="PASS" start="2024-05-06T02:28:08.946196" elapsed="0.000394"/>
</kw>
<kw name="Should Match Regexp" owner="BuiltIn">
<arg>${json_data['results'][0]['picture']['large']}</arg>
<arg>^https?://.*\.(?:png|jpe?g|gif|bmp)$</arg>
<doc>Fails if ``string`` does not match ``pattern`` as a regular expression.</doc>
<status status="PASS" start="2024-05-06T02:28:08.946810" elapsed="0.000497"/>
</kw>
<kw name="Should Match Regexp" owner="BuiltIn">
<arg>${json_data['results'][0]['picture']['medium']}</arg>
<arg>^https?://.*\.(?:png|jpe?g|gif|bmp)$</arg>
<doc>Fails if ``string`` does not match ``pattern`` as a regular expression.</doc>
<status status="PASS" start="2024-05-06T02:28:08.947551" elapsed="0.000393"/>
</kw>
<kw name="Should Match Regexp" owner="BuiltIn">
<arg>${json_data['results'][0]['picture']['thumbnail']}</arg>
<arg>^https?://.*\.(?:png|jpe?g|gif|bmp)$</arg>
<doc>Fails if ``string`` does not match ``pattern`` as a regular expression.</doc>
<status status="PASS" start="2024-05-06T02:28:08.948148" elapsed="0.000379"/>
</kw>
<kw name="Log" owner="BuiltIn">
<msg time="2024-05-06T02:28:08.949092" level="INFO">{'large': 'https://randomuser.me/api/portraits/men/29.jpg', 'medium': 'https://randomuser.me/api/portraits/med/men/29.jpg', 'thumbnail': 'https://randomuser.me/api/portraits/thumb/men/29.jpg'}</msg>
<arg>${json_data['results'][0]['picture']}</arg>
<doc>Logs the given message with the given level.</doc>
<status status="PASS" start="2024-05-06T02:28:08.948744" elapsed="0.000391"/>
</kw>
<status status="PASS" start="2024-05-06T02:28:08.884859" elapsed="0.064592"/>
</kw>
<kw name="Teste de Tipos de Dados - Postcode" owner="random-user-service">
<kw name="GET On Session" owner="RequestsLibrary">
<msg time="2024-05-06T02:28:09.061353" level="INFO">GET Request : url=https://randomuser.me/api 
 path_url=/api 
 headers={'User-Agent': 'python-requests/2.31.0', 'Accept-Encoding': 'gzip, deflate', 'Accept': '*/*', 'Connection': 'keep-alive'} 
 body=None 
 </msg>
<msg time="2024-05-06T02:28:09.061456" level="INFO">GET Response : url=https://randomuser.me/api 
 status=200, reason=OK 
 headers={'Date': 'Mon, 06 May 2024 02:28:09 GMT', 'Content-Type': 'application/json; charset=utf-8', 'Transfer-Encoding': 'chunked', 'Connection': 'keep-alive', 'X-Powered-By': 'Express', 'Access-Control-Allow-Origin': '*', 'Cache-Control': 'no-cache', 'ETag': 'W/"4b8-Tlm2LrvrrzHjEvuJm+YXu7tJm2U"', 'Vary': 'Accept-Encoding', 'Content-Encoding': 'gzip', 'CF-Cache-Status': 'DYNAMIC', 'Report-To': '{"endpoints":[{"url":"https:\\/\\/a.nel.cloudflare.com\\/report\\/v4?s=fYJYDr8iKsUqDeZWfhhSMSdzCKEcjbB0Iez2uc9%2BkDCy72T%2FCV9Eup8r7tJj5jFwV91LtmJDWHaTf9lQgdhNljGPIa8IemUk5zoLj6d8PvVKqDPJMGnyKbXd7Y%2Bbs2Ws"}],"group":"cf-nel","max_age":604800}', 'NEL': '{"success_fraction":0,"report_to":"cf-nel","max_age":604800}', 'Server': 'cloudflare', 'CF-RAY': '87f58903fefb9c19-IAD', 'alt-svc': 'h3=":443"; ma=86400'} 
 body={"results":[{"gender":"female","name":{"title":"Mrs","first":"Marine","last":"Roussel"},"location":{"street":{"number":2320,"name":"Rue de L'Abbé-Rousselot"},"city":"Le Havre","state":"Bouches-du-Rhône","country":"France","postcode":87867,"coordinates":{"latitude":"-19.9178","longitude":"117.8409"},"timezone":{"offset":"-4:00","description":"Atlantic Time (Canada), Caracas, La Paz"}},"email":"marine.roussel@example.com","login":{"uuid":"be843961-d29a-4265-99a9-03ed0fc9483a","username":"organicbear273","password":"mustang","salt":"lLPlAtMJ","md5":"9baeb4a5077f5fb8ef2591396b38d6b3","sha1":"8fea025dd1254cb65491549e0a98fb7bc383b03d","sha256":"b23e8bf16277678a73632f2a4c59f09ea648d8b458a9956ef6728660bcde110d"},"dob":{"date":"1995-11-26T20:03:09.262Z","age":28},"registered":{"date":"2019-07-28T21:38:27.016Z","age":4},"phone":"05-75-35-26-94","cell":"06-50-30-48-57","id":{"name":"INSEE","value":"2951037270529 36"},"picture":{"large":"https://randomuser.me/api/portraits/women/5.jpg","medium":"https://randomuser.me/api/portraits/med/women/5.jpg","thumbnail":"https://randomuser.me/api/portraits/thumb/women/5.jpg"},"nat":"FR"}],"info":{"seed":"15d12ed44f4d4406","results":1,"page":1,"version":"1.4"}} 
 </msg>
<msg time="2024-05-06T02:28:09.061538" level="INFO">/opt/hostedtoolcache/Python/3.12.3/x64/lib/python3.12/site-packages/urllib3/connectionpool.py:1103: InsecureRequestWarning: Unverified HTTPS request is being made to host 'randomuser.me'. Adding certificate verification is strongly advised. See: https://urllib3.readthedocs.io/en/latest/advanced-usage.html#tls-warnings
  warnings.warn(</msg>
<msg time="2024-05-06T02:28:09.061682" level="INFO">${response} = &lt;Response [200]&gt;</msg>
<var>${response}</var>
<arg>consultarAPI</arg>
<arg>/api</arg>
<doc>Sends a GET request on a previously created HTTP Session.</doc>
<status status="PASS" start="2024-05-06T02:28:08.949946" elapsed="0.111777"/>
</kw>
<kw name="Set Variable" owner="BuiltIn">
<msg time="2024-05-06T02:28:09.062956" level="INFO">${json_data} = {'results': [{'gender': 'female', 'name': {'title': 'Mrs', 'first': 'Marine', 'last': 'Roussel'}, 'location': {'street': {'number': 2320, 'name': "Rue de L'Abbé-Rousselot"}, 'city': 'Le Havre', 'state...</msg>
<var>${json_data}</var>
<arg>${response.json()}</arg>
<doc>Returns the given values which can then be assigned to a variables.</doc>
<status status="PASS" start="2024-05-06T02:28:09.062376" elapsed="0.000610"/>
</kw>
<kw name="Log" owner="BuiltIn">
<msg time="2024-05-06T02:28:09.063598" level="INFO">{'results': [{'gender': 'female', 'name': {'title': 'Mrs', 'first': 'Marine', 'last': 'Roussel'}, 'location': {'street': {'number': 2320, 'name': "Rue de L'Abbé-Rousselot"}, 'city': 'Le Havre', 'state': 'Bouches-du-Rhône', 'country': 'France', 'postcode': 87867, 'coordinates': {'latitude': '-19.9178', 'longitude': '117.8409'}, 'timezone': {'offset': '-4:00', 'description': 'Atlantic Time (Canada), Caracas, La Paz'}}, 'email': 'marine.roussel@example.com', 'login': {'uuid': 'be843961-d29a-4265-99a9-03ed0fc9483a', 'username': 'organicbear273', 'password': 'mustang', 'salt': 'lLPlAtMJ', 'md5': '9baeb4a5077f5fb8ef2591396b38d6b3', 'sha1': '8fea025dd1254cb65491549e0a98fb7bc383b03d', 'sha256': 'b23e8bf16277678a73632f2a4c59f09ea648d8b458a9956ef6728660bcde110d'}, 'dob': {'date': '1995-11-26T20:03:09.262Z', 'age': 28}, 'registered': {'date': '2019-07-28T21:38:27.016Z', 'age': 4}, 'phone': '05-75-35-26-94', 'cell': '06-50-30-48-57', 'id': {'name': 'INSEE', 'value': '2951037270529 36'}, 'picture': {'large': 'https://randomuser.me/api/portraits/women/5.jpg', 'medium': 'https://randomuser.me/api/portraits/med/women/5.jpg', 'thumbnail': 'https://randomuser.me/api/portraits/thumb/women/5.jpg'}, 'nat': 'FR'}], 'info': {'seed': '15d12ed44f4d4406', 'results': 1, 'page': 1, 'version': '1.4'}}</msg>
<arg>${json_data}</arg>
<doc>Logs the given message with the given level.</doc>
<status status="PASS" start="2024-05-06T02:28:09.063368" elapsed="0.000321"/>
</kw>
<kw name="Should Be Equal As Numbers" owner="BuiltIn">
<arg>${json_data['results'][0]['location']['postcode']}</arg>
<arg>${json_data['results'][0]['location']['postcode']}</arg>
<doc>Fails if objects are unequal after converting them to real numbers.</doc>
<status status="PASS" start="2024-05-06T02:28:09.064240" elapsed="0.000669"/>
</kw>
<kw name="Log" owner="BuiltIn">
<msg time="2024-05-06T02:28:09.065473" level="INFO">87867</msg>
<arg>${json_data['results'][0]['location']['postcode']}</arg>
<doc>Logs the given message with the given level.</doc>
<status status="PASS" start="2024-05-06T02:28:09.065122" elapsed="0.000393"/>
</kw>
<status status="PASS" start="2024-05-06T02:28:08.949696" elapsed="0.116100"/>
</kw>
<doc>Testa se os tipos de dados na resposta da API estão corretos.</doc>
<tag>testeTiposDados</tag>
<status status="PASS" start="2024-05-06T02:28:08.884253" elapsed="0.181726"/>
</test>
<test id="s1-s1-t5" name="Validar conteudo" line="35">
<kw name="Teste de Tipos de Conteudo" owner="random-user-service">
<kw name="GET On Session" owner="RequestsLibrary">
<msg time="2024-05-06T02:28:09.152511" level="INFO">GET Request : url=https://randomuser.me/api 
 path_url=/api 
 headers={'User-Agent': 'python-requests/2.31.0', 'Accept-Encoding': 'gzip, deflate', 'Accept': '*/*', 'Connection': 'keep-alive'} 
 body=None 
 </msg>
<msg time="2024-05-06T02:28:09.152628" level="INFO">GET Response : url=https://randomuser.me/api 
 status=200, reason=OK 
 headers={'Date': 'Mon, 06 May 2024 02:28:09 GMT', 'Content-Type': 'application/json; charset=utf-8', 'Transfer-Encoding': 'chunked', 'Connection': 'keep-alive', 'X-Powered-By': 'Express', 'Access-Control-Allow-Origin': '*', 'Cache-Control': 'no-cache', 'ETag': 'W/"4af-u4fP49RUHUo4Zviz5KDsdDzmLso"', 'Vary': 'Accept-Encoding', 'Content-Encoding': 'gzip', 'CF-Cache-Status': 'DYNAMIC', 'Report-To': '{"endpoints":[{"url":"https:\\/\\/a.nel.cloudflare.com\\/report\\/v4?s=1KJ5Ur61dsdkFis6Eac0at5BZZMjfmPbIX1L1znPEpab1OlY14veyubha%2F3VxEOdmaW6e5UF%2FwOqWJEFYdG0973cp52AxCkUHd9aeFY5KeHHnAKxw59f4cONqOzUxvHu"}],"group":"cf-nel","max_age":604800}', 'NEL': '{"success_fraction":0,"report_to":"cf-nel","max_age":604800}', 'Server': 'cloudflare', 'CF-RAY': '87f58904bfc99c19-IAD', 'alt-svc': 'h3=":443"; ma=86400'} 
 body={"results":[{"gender":"female","name":{"title":"Ms","first":"Gracia","last":"Bliekendaal"},"location":{"street":{"number":234,"name":"De Vuurdoorn"},"city":"Peperga","state":"Friesland","country":"Netherlands","postcode":"6006 PW","coordinates":{"latitude":"38.0825","longitude":"133.4698"},"timezone":{"offset":"0:00","description":"Western Europe Time, London, Lisbon, Casablanca"}},"email":"gracia.bliekendaal@example.com","login":{"uuid":"50b706a3-a6dc-44dd-a57a-c7f262685ba4","username":"redrabbit532","password":"jordan23","salt":"y2Ws31Qw","md5":"d0f083938c6882223d7f45af11e02088","sha1":"6b6e6d5ee0a935c644ad38a707973024c092b3d2","sha256":"a0f52c82814c7ef6660177bd064d6564a80d6c804bbf1439de324fb04b7a928a"},"dob":{"date":"1998-03-27T10:10:32.958Z","age":26},"registered":{"date":"2004-11-12T14:18:23.524Z","age":19},"phone":"(014) 5376399","cell":"(06) 43573151","id":{"name":"BSN","value":"75411794"},"picture":{"large":"https://randomuser.me/api/portraits/women/38.jpg","medium":"https://randomuser.me/api/portraits/med/women/38.jpg","thumbnail":"https://randomuser.me/api/portraits/thumb/women/38.jpg"},"nat":"NL"}],"info":{"seed":"8f921541b0ed7adb","results":1,"page":1,"version":"1.4"}} 
 </msg>
<msg time="2024-05-06T02:28:09.152712" level="INFO">/opt/hostedtoolcache/Python/3.12.3/x64/lib/python3.12/site-packages/urllib3/connectionpool.py:1103: InsecureRequestWarning: Unverified HTTPS request is being made to host 'randomuser.me'. Adding certificate verification is strongly advised. See: https://urllib3.readthedocs.io/en/latest/advanced-usage.html#tls-warnings
  warnings.warn(</msg>
<msg time="2024-05-06T02:28:09.152837" level="INFO">${response} = &lt;Response [200]&gt;</msg>
<var>${response}</var>
<arg>consultarAPI</arg>
<arg>/api</arg>
<doc>Sends a GET request on a previously created HTTP Session.</doc>
<status status="PASS" start="2024-05-06T02:28:09.068654" elapsed="0.084224"/>
</kw>
<kw name="Set Variable" owner="BuiltIn">
<msg time="2024-05-06T02:28:09.154130" level="INFO">${json_data} = {'results': [{'gender': 'female', 'name': {'title': 'Ms', 'first': 'Gracia', 'last': 'Bliekendaal'}, 'location': {'street': {'number': 234, 'name': 'De Vuurdoorn'}, 'city': 'Peperga', 'state': 'Friesl...</msg>
<var>${json_data}</var>
<arg>${response.json()}</arg>
<doc>Returns the given values which can then be assigned to a variables.</doc>
<status status="PASS" start="2024-05-06T02:28:09.153541" elapsed="0.000619"/>
</kw>
<kw name="Set Variable" owner="BuiltIn">
<msg time="2024-05-06T02:28:09.154966" level="INFO">${name_title} = Ms</msg>
<var>${name_title}</var>
<arg>${json_data["results"][0]["name"]["title"]}</arg>
<doc>Returns the given values which can then be assigned to a variables.</doc>
<status status="PASS" start="2024-05-06T02:28:09.154535" elapsed="0.000456"/>
</kw>
<kw name="Create List" owner="BuiltIn">
<msg time="2024-05-06T02:28:09.155545" level="INFO">${allowed_titles} = ['Mr', 'Ms', 'Miss', 'Mrs', 'Madame', 'Monsieur']</msg>
<var>${allowed_titles}</var>
<arg>Mr</arg>
<arg>Ms</arg>
<arg>Miss</arg>
<arg>Mrs</arg>
<arg>Madame</arg>
<arg>Monsieur</arg>
<doc>Returns a list containing given items.</doc>
<status status="PASS" start="2024-05-06T02:28:09.155327" elapsed="0.000246"/>
</kw>
<kw name="List Should Contain Value" owner="Collections">
<msg time="2024-05-06T02:28:09.156093" level="INFO">False</msg>
<arg>${allowed_titles}</arg>
<arg>${name_title}</arg>
<doc>Fails if the ``value`` is not found from ``list``.</doc>
<status status="PASS" start="2024-05-06T02:28:09.155906" elapsed="0.000227"/>
</kw>
<kw name="Set Variable" owner="BuiltIn">
<msg time="2024-05-06T02:28:09.156838" level="INFO">${name_country} = NL</msg>
<var>${name_country}</var>
<arg>${json_data["results"][0]["nat"]}</arg>
<doc>Returns the given values which can then be assigned to a variables.</doc>
<status status="PASS" start="2024-05-06T02:28:09.156440" elapsed="0.000424"/>
</kw>
<kw name="Create List" owner="BuiltIn">
<msg time="2024-05-06T02:28:09.157766" level="INFO">${list_country} = ['AD', 'AE', 'AF', 'AG', 'AI', 'AL', 'AM', 'AO', 'AQ', 'AR', 'AS', 'AT', 'AU', 'AW', 'AX', 'AZ', 'BA', 'BB', 'BD', 'BE', 'BF', 'BG', 'BH', 'BI', 'BJ', 'BL', 'BM', 'BN', 'BO', 'BQ', 'BR', 'BS', 'BT', '...</msg>
<var>${list_country}</var>
<arg>AD</arg>
<arg>AE</arg>
<arg>AF</arg>
<arg>AG</arg>
<arg>AI</arg>
<arg>AL</arg>
<arg>AM</arg>
<arg>AO</arg>
<arg>AQ</arg>
<arg>AR</arg>
<arg>AS</arg>
<arg>AT</arg>
<arg>AU</arg>
<arg>AW</arg>
<arg>AX</arg>
<arg>AZ</arg>
<arg>BA</arg>
<arg>BB</arg>
<arg>BD</arg>
<arg>BE</arg>
<arg>BF</arg>
<arg>BG</arg>
<arg>BH</arg>
<arg>BI</arg>
<arg>BJ</arg>
<arg>BL</arg>
<arg>BM</arg>
<arg>BN</arg>
<arg>BO</arg>
<arg>BQ</arg>
<arg>BR</arg>
<arg>BS</arg>
<arg>BT</arg>
<arg>BV</arg>
<arg>BW</arg>
<arg>BY</arg>
<arg>BZ</arg>
<arg>CA</arg>
<arg>CC</arg>
<arg>CD</arg>
<arg>CF</arg>
<arg>CG</arg>
<arg>CH</arg>
<arg>CI</arg>
<arg>CK</arg>
<arg>CL</arg>
<arg>CM</arg>
<arg>CN</arg>
<arg>CO</arg>
<arg>CR</arg>
<arg>CU</arg>
<arg>CV</arg>
<arg>CW</arg>
<arg>CX</arg>
<arg>CY</arg>
<arg>CZ</arg>
<arg>DE</arg>
<arg>DJ</arg>
<arg>DK</arg>
<arg>DM</arg>
<arg>DO</arg>
<arg>DZ</arg>
<arg>EC</arg>
<arg>EE</arg>
<arg>EG</arg>
<arg>EH</arg>
<arg>ER</arg>
<arg>ES</arg>
<arg>ET</arg>
<arg>FI</arg>
<arg>FJ</arg>
<arg>FK</arg>
<arg>FM</arg>
<arg>FO</arg>
<arg>FR</arg>
<arg>GA</arg>
<arg>GB</arg>
<arg>GD</arg>
<arg>GE</arg>
<arg>GF</arg>
<arg>GG</arg>
<arg>GH</arg>
<arg>GI</arg>
<arg>GL</arg>
<arg>GM</arg>
<arg>GN</arg>
<arg>GP</arg>
<arg>GQ</arg>
<arg>GR</arg>
<arg>GS</arg>
<arg>GT</arg>
<arg>GU</arg>
<arg>GW</arg>
<arg>GY</arg>
<arg>HK</arg>
<arg>HM</arg>
<arg>HN</arg>
<arg>HR</arg>
<arg>HT</arg>
<arg>HU</arg>
<arg>ID</arg>
<arg>IE</arg>
<arg>IL</arg>
<arg>IM</arg>
<arg>IN</arg>
<arg>IO</arg>
<arg>IQ</arg>
<arg>IR</arg>
<arg>IS</arg>
<arg>IT</arg>
<arg>JE</arg>
<arg>JM</arg>
<arg>JO</arg>
<arg>JP</arg>
<arg>KE</arg>
<arg>KG</arg>
<arg>KH</arg>
<arg>KI</arg>
<arg>KM</arg>
<arg>KN</arg>
<arg>KP</arg>
<arg>KR</arg>
<arg>KW</arg>
<arg>KY</arg>
<arg>KZ</arg>
<arg>LA</arg>
<arg>LB</arg>
<arg>LC</arg>
<arg>LI</arg>
<arg>LK</arg>
<arg>LR</arg>
<arg>LS</arg>
<arg>LT</arg>
<arg>LU</arg>
<arg>LV</arg>
<arg>LY</arg>
<arg>MA</arg>
<arg>MC</arg>
<arg>MD</arg>
<arg>ME</arg>
<arg>MF</arg>
<arg>MG</arg>
<arg>MH</arg>
<arg>MK</arg>
<arg>ML</arg>
<arg>MM</arg>
<arg>MN</arg>
<arg>MO</arg>
<arg>MP</arg>
<arg>MQ</arg>
<arg>MR</arg>
<arg>MS</arg>
<arg>MT</arg>
<arg>MU</arg>
<arg>MV</arg>
<arg>MW</arg>
<arg>MX</arg>
<arg>MY</arg>
<arg>MZ</arg>
<arg>NA</arg>
<arg>NC</arg>
<arg>NE</arg>
<arg>NF</arg>
<arg>NG</arg>
<arg>NI</arg>
<arg>NL</arg>
<arg>NO</arg>
<arg>NP</arg>
<arg>NR</arg>
<arg>NU</arg>
<arg>NZ</arg>
<arg>OM</arg>
<arg>PA</arg>
<arg>PE</arg>
<arg>PF</arg>
<arg>PG</arg>
<arg>PH</arg>
<arg>PK</arg>
<arg>PL</arg>
<arg>PM</arg>
<arg>PN</arg>
<arg>PR</arg>
<arg>PS</arg>
<arg>PT</arg>
<arg>PW</arg>
<arg>PY</arg>
<arg>QA</arg>
<arg>RE</arg>
<arg>RO</arg>
<arg>RS</arg>
<arg>RU</arg>
<arg>RW</arg>
<arg>SA</arg>
<arg>SB</arg>
<arg>SC</arg>
<arg>SD</arg>
<arg>SE</arg>
<arg>SG</arg>
<arg>SH</arg>
<arg>SI</arg>
<arg>SJ</arg>
<arg>SK</arg>
<arg>SL</arg>
<arg>SM</arg>
<arg>SN</arg>
<arg>SO</arg>
<arg>SR</arg>
<arg>SS</arg>
<arg>ST</arg>
<arg>SV</arg>
<arg>SX</arg>
<arg>SY</arg>
<arg>SZ</arg>
<arg>TC</arg>
<arg>TD</arg>
<arg>TF</arg>
<arg>TG</arg>
<arg>TH</arg>
<arg>TJ</arg>
<arg>TK</arg>
<arg>TL</arg>
<arg>TM</arg>
<arg>TN</arg>
<arg>TO</arg>
<arg>TR</arg>
<arg>TT</arg>
<arg>TV</arg>
<arg>TW</arg>
<arg>TZ</arg>
<arg>UA</arg>
<arg>UG</arg>
<arg>UM</arg>
<arg>US</arg>
<arg>UY</arg>
<arg>UZ</arg>
<arg>VA</arg>
<arg>VC</arg>
<arg>VE</arg>
<arg>VG</arg>
<arg>VI</arg>
<arg>VN</arg>
<arg>VU</arg>
<arg>WF</arg>
<arg>WS</arg>
<arg>XK</arg>
<arg>YE</arg>
<arg>YT</arg>
<arg>ZA</arg>
<arg>ZM</arg>
<arg>ZW</arg>
<doc>Returns a list containing given items.</doc>
<status status="PASS" start="2024-05-06T02:28:09.157175" elapsed="0.000617"/>
</kw>
<kw name="List Should Contain Value" owner="Collections">
<msg time="2024-05-06T02:28:09.158814" level="INFO">False</msg>
<arg>${list_country}</arg>
<arg>${name_country}</arg>
<doc>Fails if the ``value`` is not found from ``list``.</doc>
<status status="PASS" start="2024-05-06T02:28:09.158602" elapsed="0.000250"/>
</kw>
<kw name="Run Keyword If" owner="BuiltIn">
<kw name="Should Be True" owner="BuiltIn">
<arg>${True}</arg>
<doc>Fails if the given condition is not true.</doc>
<status status="PASS" start="2024-05-06T02:28:09.160000" elapsed="0.000287"/>
</kw>
<arg>${json_data["results"][0]["location"]["coordinates"]["latitude"]} &gt;= -90 and ${json_data["results"][0]["location"]["coordinates"]["latitude"]} &lt;= 90</arg>
<arg>Should Be True</arg>
<arg>${True}</arg>
<doc>Runs the given keyword with the given arguments, if ``condition`` is true.</doc>
<status status="PASS" start="2024-05-06T02:28:09.159171" elapsed="0.001253"/>
</kw>
<kw name="Run Keyword If" owner="BuiltIn">
<kw name="Should Be True" owner="BuiltIn">
<arg>${True}</arg>
<doc>Fails if the given condition is not true.</doc>
<status status="PASS" start="2024-05-06T02:28:09.161347" elapsed="0.000143"/>
</kw>
<arg>${json_data["results"][0]["location"]["coordinates"]["longitude"]} &gt;= -180 and ${json_data["results"][0]["location"]["coordinates"]["longitude"]} &lt;= 180</arg>
<arg>Should Be True</arg>
<arg>${True}</arg>
<doc>Runs the given keyword with the given arguments, if ``condition`` is true.</doc>
<status status="PASS" start="2024-05-06T02:28:09.160616" elapsed="0.001000"/>
</kw>
<status status="PASS" start="2024-05-06T02:28:09.068399" elapsed="0.093355"/>
</kw>
<doc>Testa o conteúdo específico dos campos retornados pela API.</doc>
<tag>testeConteudo</tag>
<status status="PASS" start="2024-05-06T02:28:09.067830" elapsed="0.094085"/>
</test>
<status status="PASS" start="2024-05-06T02:28:08.335166" elapsed="0.828855"/>
</suite>
<status status="PASS" start="2024-05-06T02:28:08.321095" elapsed="0.848411"/>
</suite>
<statistics>
<total>
<stat pass="5" fail="0" skip="0">All Tests</stat>
</total>
<tag>
<stat pass="1" fail="0" skip="0">testeConteudo</stat>
<stat pass="1" fail="0" skip="0">testeEstruturaResposta</stat>
<stat pass="1" fail="0" skip="0">testeRequisicaoBasica</stat>
<stat pass="1" fail="0" skip="0">testeTiposDados</stat>
</tag>
<suite>
<stat pass="5" fail="0" skip="0" id="s1" name="Tests">Tests</stat>
<stat pass="5" fail="0" skip="0" id="s1-s1" name="Random-User-Test">Tests.Random-User-Test</stat>
</suite>
</statistics>
<errors>
</errors>
</robot>
