<?xml version="1.0" encoding="UTF-8"?>
<robot generator="Robot 7.0 (Python 3.12.2 on linux)" generated="2024-03-29T06:17:19.681171" rpa="false" schemaversion="5">
<suite id="s1" name="Tests" source="/home/runner/work/DesafioQAItauRogerioJordao/DesafioQAItauRogerioJordao/RamdonUser/tests">
<suite id="s1-s1" name="Random-User-Test" source="/home/runner/work/DesafioQAItauRogerioJordao/DesafioQAItauRogerioJordao/RamdonUser/tests/random-user-test.robot">
<test id="s1-s1-t1" name="Conectar" line="13">
<kw name="Conectar API" owner="random-user-service">
<kw name="Create Session" owner="RequestsLibrary">
<msg time="2024-03-29T06:17:20.066905" level="INFO">Creating Session using : alias=consultarAPI, url=https://randomuser.me/, headers={},                     cookies={}, auth=None, timeout=None, proxies=None, verify=False,                     debug=0 </msg>
<arg>consultarAPI</arg>
<arg>${URL}</arg>
<doc>Create Session: create a HTTP session to a server</doc>
<status status="PASS" start="2024-03-29T06:17:20.066682" elapsed="0.000418"/>
</kw>
<status status="PASS" start="2024-03-29T06:17:20.065544" elapsed="0.001980"/>
</kw>
<status status="PASS" start="2024-03-29T06:17:20.064740" elapsed="0.003011"/>
</test>
<test id="s1-s1-t2" name="Validar retorno 200 e JSON Válido" line="16">
<kw name="Teste de Requisicao Basica" owner="random-user-service">
<kw name="GET On Session" owner="RequestsLibrary">
<msg time="2024-03-29T06:17:20.144417" level="INFO">GET Request : url=https://randomuser.me/api 
 path_url=/api 
 headers={'User-Agent': 'python-requests/2.31.0', 'Accept-Encoding': 'gzip, deflate', 'Accept': '*/*', 'Connection': 'keep-alive'} 
 body=None 
 </msg>
<msg time="2024-03-29T06:17:20.144586" level="INFO">GET Response : url=https://randomuser.me/api 
 status=200, reason=OK 
 headers={'Date': 'Fri, 29 Mar 2024 06:17:20 GMT', 'Content-Type': 'application/json; charset=utf-8', 'Transfer-Encoding': 'chunked', 'Connection': 'keep-alive', 'X-Powered-By': 'Express', 'Access-Control-Allow-Origin': '*', 'Cache-Control': 'no-cache', 'ETag': 'W/"486-cTaWnMAsSd85fwmdHv4O8pYsfGQ"', 'Vary': 'Accept-Encoding', 'Content-Encoding': 'gzip', 'CF-Cache-Status': 'DYNAMIC', 'Report-To': '{"endpoints":[{"url":"https:\\/\\/a.nel.cloudflare.com\\/report\\/v4?s=liiOhuw0a9s5yAqHrprQSy12fuFODHAua3T9Brcj8W9Jvb4uy%2F%2FP%2FtzCe9AK8Kxjes8ungjpxd2MnbEk1%2BSV5tncMvtvyLQ1tyhKR4RsIYmqRMlDuI8gidZR57tJOw5a"}],"group":"cf-nel","max_age":604800}', 'NEL': '{"success_fraction":0,"report_to":"cf-nel","max_age":604800}', 'Server': 'cloudflare', 'CF-RAY': '86bdbc7cac396159-ORD', 'alt-svc': 'h3=":443"; ma=86400'} 
 body={"results":[{"gender":"female","name":{"title":"Miss","first":"Delphine","last":"Gill"},"location":{"street":{"number":7926,"name":"York St"},"city":"Inwood","state":"Nova Scotia","country":"Canada","postcode":"V9R 4B6","coordinates":{"latitude":"-67.1601","longitude":"86.7324"},"timezone":{"offset":"-1:00","description":"Azores, Cape Verde Islands"}},"email":"delphine.gill@example.com","login":{"uuid":"5546cf78-13fa-45d3-89bb-9806c93b67cb","username":"sadmouse604","password":"picks","salt":"m0Nw2mYK","md5":"7904f3e76a3281763365fa9dbfffbd59","sha1":"e3918eacaf2fadc13263c18350ff8bde3a179aa0","sha256":"05792236007c5bbfe2c5595873fbe5ab5c2e01b254a7eeef979dfa0ba0f8cb79"},"dob":{"date":"1945-01-23T00:50:03.592Z","age":79},"registered":{"date":"2010-10-29T12:32:42.414Z","age":13},"phone":"Q26 L47-7748","cell":"S45 R87-6417","id":{"name":"SIN","value":"698226750"},"picture":{"large":"https://randomuser.me/api/portraits/women/76.jpg","medium":"https://randomuser.me/api/portraits/med/women/76.jpg","thumbnail":"https://randomuser.me/api/portraits/thumb/women/76.jpg"},"nat":"CA"}],"info":{"seed":"acf61fdab5186af3","results":1,"page":1,"version":"1.4"}} 
 </msg>
<msg time="2024-03-29T06:17:20.144701" level="INFO">/opt/hostedtoolcache/Python/3.12.2/x64/lib/python3.12/site-packages/urllib3/connectionpool.py:1103: InsecureRequestWarning: Unverified HTTPS request is being made to host 'randomuser.me'. Adding certificate verification is strongly advised. See: https://urllib3.readthedocs.io/en/latest/advanced-usage.html#tls-warnings
  warnings.warn(</msg>
<msg time="2024-03-29T06:17:20.144873" level="INFO">${response} = &lt;Response [200]&gt;</msg>
<var>${response}</var>
<arg>consultarAPI</arg>
<arg>/api</arg>
<doc>Sends a GET request on a previously created HTTP Session.</doc>
<status status="PASS" start="2024-03-29T06:17:20.070455" elapsed="0.074463"/>
</kw>
<kw name="Should Be Equal As Numbers" owner="BuiltIn">
<msg time="2024-03-29T06:17:20.146119" level="INFO">Argument types are:
&lt;class 'int'&gt;
&lt;class 'str'&gt;</msg>
<arg>${response.status_code}</arg>
<arg>200</arg>
<doc>Fails if objects are unequal after converting them to real numbers.</doc>
<status status="PASS" start="2024-03-29T06:17:20.145609" elapsed="0.000580"/>
</kw>
<kw name="Log" owner="BuiltIn">
<msg time="2024-03-29T06:17:20.146932" level="INFO">200</msg>
<arg>${response.status_code}</arg>
<doc>Logs the given message with the given level.</doc>
<status status="PASS" start="2024-03-29T06:17:20.146549" elapsed="0.000429"/>
</kw>
<kw name="Set Variable" owner="BuiltIn">
<msg time="2024-03-29T06:17:20.147800" level="INFO">${json_data} = {'results': [{'gender': 'female', 'name': {'title': 'Miss', 'first': 'Delphine', 'last': 'Gill'}, 'location': {'street': {'number': 7926, 'name': 'York St'}, 'city': 'Inwood', 'state': 'Nova Scotia', ...</msg>
<var>${json_data}</var>
<arg>${response.json()}</arg>
<doc>Returns the given values which can then be assigned to a variables.</doc>
<status status="PASS" start="2024-03-29T06:17:20.147305" elapsed="0.000524"/>
</kw>
<kw name="Dictionary Should Contain Key" owner="Collections">
<msg time="2024-03-29T06:17:20.148314" level="INFO">False</msg>
<arg>${json_data}</arg>
<arg>results</arg>
<doc>Fails if ``key`` is not found from ``dictionary``.</doc>
<status status="PASS" start="2024-03-29T06:17:20.148139" elapsed="0.000216"/>
</kw>
<status status="PASS" start="2024-03-29T06:17:20.070186" elapsed="0.078434"/>
</kw>
<doc>Testa se a API responde corretamente e retorna um objeto JSON válido.</doc>
<tag>testeRequisicaoBasica</tag>
<status status="PASS" start="2024-03-29T06:17:20.069700" elapsed="0.079118"/>
</test>
<test id="s1-s1-t3" name="Validar estrutura de resposta" line="22">
<kw name="Teste de Estrutura de Resposta" owner="random-user-service">
<kw name="GET On Session" owner="RequestsLibrary">
<msg time="2024-03-29T06:17:20.242577" level="INFO">GET Request : url=https://randomuser.me/api 
 path_url=/api 
 headers={'User-Agent': 'python-requests/2.31.0', 'Accept-Encoding': 'gzip, deflate', 'Accept': '*/*', 'Connection': 'keep-alive'} 
 body=None 
 </msg>
<msg time="2024-03-29T06:17:20.242672" level="INFO">GET Response : url=https://randomuser.me/api 
 status=200, reason=OK 
 headers={'Date': 'Fri, 29 Mar 2024 06:17:20 GMT', 'Content-Type': 'application/json; charset=utf-8', 'Transfer-Encoding': 'chunked', 'Connection': 'keep-alive', 'X-Powered-By': 'Express', 'Access-Control-Allow-Origin': '*', 'Cache-Control': 'no-cache', 'ETag': 'W/"48d-fTCZtZYRbeRA7WyEwq9z2DuuQ48"', 'Vary': 'Accept-Encoding', 'Content-Encoding': 'gzip', 'CF-Cache-Status': 'DYNAMIC', 'Report-To': '{"endpoints":[{"url":"https:\\/\\/a.nel.cloudflare.com\\/report\\/v4?s=iD93pn5yfiZMsaUa3YXKKIiINL63CRRjDh%2FkDaZvDRBpqe6WBfi6ZgFqPjVn%2F%2BPs7g7FYsVMHupiTZ1cjw%2BBYKINAcO8cxjC1zaskNEU63RlkZLzekCvXqIYeeCfwY1Y"}],"group":"cf-nel","max_age":604800}', 'NEL': '{"success_fraction":0,"report_to":"cf-nel","max_age":604800}', 'Server': 'cloudflare', 'CF-RAY': '86bdbc7cec5a6159-ORD', 'alt-svc': 'h3=":443"; ma=86400'} 
 body={"results":[{"gender":"male","name":{"title":"Mr","first":"Clyde","last":"Howard"},"location":{"street":{"number":3667,"name":"The Green"},"city":"City of London","state":"Merseyside","country":"United Kingdom","postcode":"VS0 5PN","coordinates":{"latitude":"-8.0997","longitude":"-45.7468"},"timezone":{"offset":"-12:00","description":"Eniwetok, Kwajalein"}},"email":"clyde.howard@example.com","login":{"uuid":"2605e3a3-5ad6-42ce-925f-22084cfd7a25","username":"greenwolf243","password":"bobdylan","salt":"wQ2ziW6Y","md5":"4d08fd46255618ba695077f160faf756","sha1":"edf3268b8204a853966547f0f3d37add661aeea2","sha256":"66b420c263acab5e5696f4b26441e2cf32643fe57050909b6c87444d01cd7716"},"dob":{"date":"1952-02-18T22:21:49.483Z","age":72},"registered":{"date":"2003-02-07T03:31:49.044Z","age":21},"phone":"01389 84613","cell":"07359 890360","id":{"name":"NINO","value":"BY 11 85 82 T"},"picture":{"large":"https://randomuser.me/api/portraits/men/50.jpg","medium":"https://randomuser.me/api/portraits/med/men/50.jpg","thumbnail":"https://randomuser.me/api/portraits/thumb/men/50.jpg"},"nat":"GB"}],"info":{"seed":"3cdce7e54f0198e7","results":1,"page":1,"version":"1.4"}} 
 </msg>
<msg time="2024-03-29T06:17:20.242811" level="INFO">/opt/hostedtoolcache/Python/3.12.2/x64/lib/python3.12/site-packages/urllib3/connectionpool.py:1103: InsecureRequestWarning: Unverified HTTPS request is being made to host 'randomuser.me'. Adding certificate verification is strongly advised. See: https://urllib3.readthedocs.io/en/latest/advanced-usage.html#tls-warnings
  warnings.warn(</msg>
<msg time="2024-03-29T06:17:20.242925" level="INFO">${response} = &lt;Response [200]&gt;</msg>
<var>${response}</var>
<arg>consultarAPI</arg>
<arg>/api</arg>
<doc>Sends a GET request on a previously created HTTP Session.</doc>
<status status="PASS" start="2024-03-29T06:17:20.151773" elapsed="0.091194"/>
</kw>
<kw name="Set Variable" owner="BuiltIn">
<msg time="2024-03-29T06:17:20.244156" level="INFO">${json_data} = {'results': [{'gender': 'male', 'name': {'title': 'Mr', 'first': 'Clyde', 'last': 'Howard'}, 'location': {'street': {'number': 3667, 'name': 'The Green'}, 'city': 'City of London', 'state': 'Merseysid...</msg>
<var>${json_data}</var>
<arg>${response.json()}</arg>
<doc>Returns the given values which can then be assigned to a variables.</doc>
<status status="PASS" start="2024-03-29T06:17:20.243550" elapsed="0.000635"/>
</kw>
<kw name="Log" owner="BuiltIn">
<msg time="2024-03-29T06:17:20.244688" level="INFO">{'results': [{'gender': 'male', 'name': {'title': 'Mr', 'first': 'Clyde', 'last': 'Howard'}, 'location': {'street': {'number': 3667, 'name': 'The Green'}, 'city': 'City of London', 'state': 'Merseyside', 'country': 'United Kingdom', 'postcode': 'VS0 5PN', 'coordinates': {'latitude': '-8.0997', 'longitude': '-45.7468'}, 'timezone': {'offset': '-12:00', 'description': 'Eniwetok, Kwajalein'}}, 'email': 'clyde.howard@example.com', 'login': {'uuid': '2605e3a3-5ad6-42ce-925f-22084cfd7a25', 'username': 'greenwolf243', 'password': 'bobdylan', 'salt': 'wQ2ziW6Y', 'md5': '4d08fd46255618ba695077f160faf756', 'sha1': 'edf3268b8204a853966547f0f3d37add661aeea2', 'sha256': '66b420c263acab5e5696f4b26441e2cf32643fe57050909b6c87444d01cd7716'}, 'dob': {'date': '1952-02-18T22:21:49.483Z', 'age': 72}, 'registered': {'date': '2003-02-07T03:31:49.044Z', 'age': 21}, 'phone': '01389 84613', 'cell': '07359 890360', 'id': {'name': 'NINO', 'value': 'BY 11 85 82 T'}, 'picture': {'large': 'https://randomuser.me/api/portraits/men/50.jpg', 'medium': 'https://randomuser.me/api/portraits/med/men/50.jpg', 'thumbnail': 'https://randomuser.me/api/portraits/thumb/men/50.jpg'}, 'nat': 'GB'}], 'info': {'seed': '3cdce7e54f0198e7', 'results': 1, 'page': 1, 'version': '1.4'}}</msg>
<arg>${json_data}</arg>
<doc>Logs the given message with the given level.</doc>
<status status="PASS" start="2024-03-29T06:17:20.244521" elapsed="0.000216"/>
</kw>
<kw name="Dictionary Should Contain Key" owner="Collections">
<msg time="2024-03-29T06:17:20.245201" level="INFO">False</msg>
<arg>${json_data}</arg>
<arg>results</arg>
<doc>Fails if ``key`` is not found from ``dictionary``.</doc>
<status status="PASS" start="2024-03-29T06:17:20.245046" elapsed="0.000192"/>
</kw>
<kw name="Should Not Be Empty" owner="BuiltIn">
<msg time="2024-03-29T06:17:20.245677" level="INFO">Length is 2.</msg>
<arg>${json_data}</arg>
<doc>Verifies that the given item is not empty.</doc>
<status status="PASS" start="2024-03-29T06:17:20.245532" elapsed="0.000185"/>
</kw>
<kw name="Create List" owner="BuiltIn">
<msg time="2024-03-29T06:17:20.246168" level="INFO">${expected_keys} = ['gender', 'name', 'location', 'email', 'login']</msg>
<var>${expected_keys}</var>
<arg>gender</arg>
<arg>name</arg>
<arg>location</arg>
<arg>email</arg>
<arg>login</arg>
<doc>Returns a list containing given items.</doc>
<status status="PASS" start="2024-03-29T06:17:20.246016" elapsed="0.000176"/>
</kw>
<for flavor="IN">
<iter>
<kw name="Dictionary Should Contain Key" owner="Collections">
<msg time="2024-03-29T06:17:20.247195" level="INFO">False</msg>
<arg>${json_data['results'][0]}</arg>
<arg>${key}</arg>
<doc>Fails if ``key`` is not found from ``dictionary``.</doc>
<status status="PASS" start="2024-03-29T06:17:20.246793" elapsed="0.000442"/>
</kw>
<kw name="Log" owner="BuiltIn">
<msg time="2024-03-29T06:17:20.247961" level="INFO">{'gender': 'male', 'name': {'title': 'Mr', 'first': 'Clyde', 'last': 'Howard'}, 'location': {'street': {'number': 3667, 'name': 'The Green'}, 'city': 'City of London', 'state': 'Merseyside', 'country': 'United Kingdom', 'postcode': 'VS0 5PN', 'coordinates': {'latitude': '-8.0997', 'longitude': '-45.7468'}, 'timezone': {'offset': '-12:00', 'description': 'Eniwetok, Kwajalein'}}, 'email': 'clyde.howard@example.com', 'login': {'uuid': '2605e3a3-5ad6-42ce-925f-22084cfd7a25', 'username': 'greenwolf243', 'password': 'bobdylan', 'salt': 'wQ2ziW6Y', 'md5': '4d08fd46255618ba695077f160faf756', 'sha1': 'edf3268b8204a853966547f0f3d37add661aeea2', 'sha256': '66b420c263acab5e5696f4b26441e2cf32643fe57050909b6c87444d01cd7716'}, 'dob': {'date': '1952-02-18T22:21:49.483Z', 'age': 72}, 'registered': {'date': '2003-02-07T03:31:49.044Z', 'age': 21}, 'phone': '01389 84613', 'cell': '07359 890360', 'id': {'name': 'NINO', 'value': 'BY 11 85 82 T'}, 'picture': {'large': 'https://randomuser.me/api/portraits/men/50.jpg', 'medium': 'https://randomuser.me/api/portraits/med/men/50.jpg', 'thumbnail': 'https://randomuser.me/api/portraits/thumb/men/50.jpg'}, 'nat': 'GB'}</msg>
<arg>${json_data['results'][0]}</arg>
<doc>Logs the given message with the given level.</doc>
<status status="PASS" start="2024-03-29T06:17:20.247576" elapsed="0.000439"/>
</kw>
<kw name="Log" owner="BuiltIn">
<msg time="2024-03-29T06:17:20.248455" level="INFO">gender</msg>
<arg>${key}</arg>
<doc>Logs the given message with the given level.</doc>
<status status="PASS" start="2024-03-29T06:17:20.248322" elapsed="0.000172"/>
</kw>
<var name="${key}">gender</var>
<status status="PASS" start="2024-03-29T06:17:20.246660" elapsed="0.002059"/>
</iter>
<iter>
<kw name="Dictionary Should Contain Key" owner="Collections">
<msg time="2024-03-29T06:17:20.249412" level="INFO">False</msg>
<arg>${json_data['results'][0]}</arg>
<arg>${key}</arg>
<doc>Fails if ``key`` is not found from ``dictionary``.</doc>
<status status="PASS" start="2024-03-29T06:17:20.249027" elapsed="0.000424"/>
</kw>
<kw name="Log" owner="BuiltIn">
<msg time="2024-03-29T06:17:20.250153" level="INFO">{'gender': 'male', 'name': {'title': 'Mr', 'first': 'Clyde', 'last': 'Howard'}, 'location': {'street': {'number': 3667, 'name': 'The Green'}, 'city': 'City of London', 'state': 'Merseyside', 'country': 'United Kingdom', 'postcode': 'VS0 5PN', 'coordinates': {'latitude': '-8.0997', 'longitude': '-45.7468'}, 'timezone': {'offset': '-12:00', 'description': 'Eniwetok, Kwajalein'}}, 'email': 'clyde.howard@example.com', 'login': {'uuid': '2605e3a3-5ad6-42ce-925f-22084cfd7a25', 'username': 'greenwolf243', 'password': 'bobdylan', 'salt': 'wQ2ziW6Y', 'md5': '4d08fd46255618ba695077f160faf756', 'sha1': 'edf3268b8204a853966547f0f3d37add661aeea2', 'sha256': '66b420c263acab5e5696f4b26441e2cf32643fe57050909b6c87444d01cd7716'}, 'dob': {'date': '1952-02-18T22:21:49.483Z', 'age': 72}, 'registered': {'date': '2003-02-07T03:31:49.044Z', 'age': 21}, 'phone': '01389 84613', 'cell': '07359 890360', 'id': {'name': 'NINO', 'value': 'BY 11 85 82 T'}, 'picture': {'large': 'https://randomuser.me/api/portraits/men/50.jpg', 'medium': 'https://randomuser.me/api/portraits/med/men/50.jpg', 'thumbnail': 'https://randomuser.me/api/portraits/thumb/men/50.jpg'}, 'nat': 'GB'}</msg>
<arg>${json_data['results'][0]}</arg>
<doc>Logs the given message with the given level.</doc>
<status status="PASS" start="2024-03-29T06:17:20.249788" elapsed="0.000414"/>
</kw>
<kw name="Log" owner="BuiltIn">
<msg time="2024-03-29T06:17:20.250634" level="INFO">name</msg>
<arg>${key}</arg>
<doc>Logs the given message with the given level.</doc>
<status status="PASS" start="2024-03-29T06:17:20.250503" elapsed="0.000168"/>
</kw>
<var name="${key}">name</var>
<status status="PASS" start="2024-03-29T06:17:20.248911" elapsed="0.001979"/>
</iter>
<iter>
<kw name="Dictionary Should Contain Key" owner="Collections">
<msg time="2024-03-29T06:17:20.251595" level="INFO">False</msg>
<arg>${json_data['results'][0]}</arg>
<arg>${key}</arg>
<doc>Fails if ``key`` is not found from ``dictionary``.</doc>
<status status="PASS" start="2024-03-29T06:17:20.251188" elapsed="0.000446"/>
</kw>
<kw name="Log" owner="BuiltIn">
<msg time="2024-03-29T06:17:20.252314" level="INFO">{'gender': 'male', 'name': {'title': 'Mr', 'first': 'Clyde', 'last': 'Howard'}, 'location': {'street': {'number': 3667, 'name': 'The Green'}, 'city': 'City of London', 'state': 'Merseyside', 'country': 'United Kingdom', 'postcode': 'VS0 5PN', 'coordinates': {'latitude': '-8.0997', 'longitude': '-45.7468'}, 'timezone': {'offset': '-12:00', 'description': 'Eniwetok, Kwajalein'}}, 'email': 'clyde.howard@example.com', 'login': {'uuid': '2605e3a3-5ad6-42ce-925f-22084cfd7a25', 'username': 'greenwolf243', 'password': 'bobdylan', 'salt': 'wQ2ziW6Y', 'md5': '4d08fd46255618ba695077f160faf756', 'sha1': 'edf3268b8204a853966547f0f3d37add661aeea2', 'sha256': '66b420c263acab5e5696f4b26441e2cf32643fe57050909b6c87444d01cd7716'}, 'dob': {'date': '1952-02-18T22:21:49.483Z', 'age': 72}, 'registered': {'date': '2003-02-07T03:31:49.044Z', 'age': 21}, 'phone': '01389 84613', 'cell': '07359 890360', 'id': {'name': 'NINO', 'value': 'BY 11 85 82 T'}, 'picture': {'large': 'https://randomuser.me/api/portraits/men/50.jpg', 'medium': 'https://randomuser.me/api/portraits/med/men/50.jpg', 'thumbnail': 'https://randomuser.me/api/portraits/thumb/men/50.jpg'}, 'nat': 'GB'}</msg>
<arg>${json_data['results'][0]}</arg>
<doc>Logs the given message with the given level.</doc>
<status status="PASS" start="2024-03-29T06:17:20.251951" elapsed="0.000416"/>
</kw>
<kw name="Log" owner="BuiltIn">
<msg time="2024-03-29T06:17:20.252792" level="INFO">location</msg>
<arg>${key}</arg>
<doc>Logs the given message with the given level.</doc>
<status status="PASS" start="2024-03-29T06:17:20.252663" elapsed="0.000168"/>
</kw>
<var name="${key}">location</var>
<status status="PASS" start="2024-03-29T06:17:20.251074" elapsed="0.001976"/>
</iter>
<iter>
<kw name="Dictionary Should Contain Key" owner="Collections">
<msg time="2024-03-29T06:17:20.253720" level="INFO">False</msg>
<arg>${json_data['results'][0]}</arg>
<arg>${key}</arg>
<doc>Fails if ``key`` is not found from ``dictionary``.</doc>
<status status="PASS" start="2024-03-29T06:17:20.253336" elapsed="0.000422"/>
</kw>
<kw name="Log" owner="BuiltIn">
<msg time="2024-03-29T06:17:20.254415" level="INFO">{'gender': 'male', 'name': {'title': 'Mr', 'first': 'Clyde', 'last': 'Howard'}, 'location': {'street': {'number': 3667, 'name': 'The Green'}, 'city': 'City of London', 'state': 'Merseyside', 'country': 'United Kingdom', 'postcode': 'VS0 5PN', 'coordinates': {'latitude': '-8.0997', 'longitude': '-45.7468'}, 'timezone': {'offset': '-12:00', 'description': 'Eniwetok, Kwajalein'}}, 'email': 'clyde.howard@example.com', 'login': {'uuid': '2605e3a3-5ad6-42ce-925f-22084cfd7a25', 'username': 'greenwolf243', 'password': 'bobdylan', 'salt': 'wQ2ziW6Y', 'md5': '4d08fd46255618ba695077f160faf756', 'sha1': 'edf3268b8204a853966547f0f3d37add661aeea2', 'sha256': '66b420c263acab5e5696f4b26441e2cf32643fe57050909b6c87444d01cd7716'}, 'dob': {'date': '1952-02-18T22:21:49.483Z', 'age': 72}, 'registered': {'date': '2003-02-07T03:31:49.044Z', 'age': 21}, 'phone': '01389 84613', 'cell': '07359 890360', 'id': {'name': 'NINO', 'value': 'BY 11 85 82 T'}, 'picture': {'large': 'https://randomuser.me/api/portraits/men/50.jpg', 'medium': 'https://randomuser.me/api/portraits/med/men/50.jpg', 'thumbnail': 'https://randomuser.me/api/portraits/thumb/men/50.jpg'}, 'nat': 'GB'}</msg>
<arg>${json_data['results'][0]}</arg>
<doc>Logs the given message with the given level.</doc>
<status status="PASS" start="2024-03-29T06:17:20.254060" elapsed="0.000404"/>
</kw>
<kw name="Log" owner="BuiltIn">
<msg time="2024-03-29T06:17:20.254892" level="INFO">email</msg>
<arg>${key}</arg>
<doc>Logs the given message with the given level.</doc>
<status status="PASS" start="2024-03-29T06:17:20.254765" elapsed="0.000165"/>
</kw>
<var name="${key}">email</var>
<status status="PASS" start="2024-03-29T06:17:20.253224" elapsed="0.001922"/>
</iter>
<iter>
<kw name="Dictionary Should Contain Key" owner="Collections">
<msg time="2024-03-29T06:17:20.255881" level="INFO">False</msg>
<arg>${json_data['results'][0]}</arg>
<arg>${key}</arg>
<doc>Fails if ``key`` is not found from ``dictionary``.</doc>
<status status="PASS" start="2024-03-29T06:17:20.255439" elapsed="0.000480"/>
</kw>
<kw name="Log" owner="BuiltIn">
<msg time="2024-03-29T06:17:20.256583" level="INFO">{'gender': 'male', 'name': {'title': 'Mr', 'first': 'Clyde', 'last': 'Howard'}, 'location': {'street': {'number': 3667, 'name': 'The Green'}, 'city': 'City of London', 'state': 'Merseyside', 'country': 'United Kingdom', 'postcode': 'VS0 5PN', 'coordinates': {'latitude': '-8.0997', 'longitude': '-45.7468'}, 'timezone': {'offset': '-12:00', 'description': 'Eniwetok, Kwajalein'}}, 'email': 'clyde.howard@example.com', 'login': {'uuid': '2605e3a3-5ad6-42ce-925f-22084cfd7a25', 'username': 'greenwolf243', 'password': 'bobdylan', 'salt': 'wQ2ziW6Y', 'md5': '4d08fd46255618ba695077f160faf756', 'sha1': 'edf3268b8204a853966547f0f3d37add661aeea2', 'sha256': '66b420c263acab5e5696f4b26441e2cf32643fe57050909b6c87444d01cd7716'}, 'dob': {'date': '1952-02-18T22:21:49.483Z', 'age': 72}, 'registered': {'date': '2003-02-07T03:31:49.044Z', 'age': 21}, 'phone': '01389 84613', 'cell': '07359 890360', 'id': {'name': 'NINO', 'value': 'BY 11 85 82 T'}, 'picture': {'large': 'https://randomuser.me/api/portraits/men/50.jpg', 'medium': 'https://randomuser.me/api/portraits/med/men/50.jpg', 'thumbnail': 'https://randomuser.me/api/portraits/thumb/men/50.jpg'}, 'nat': 'GB'}</msg>
<arg>${json_data['results'][0]}</arg>
<doc>Logs the given message with the given level.</doc>
<status status="PASS" start="2024-03-29T06:17:20.256218" elapsed="0.000413"/>
</kw>
<kw name="Log" owner="BuiltIn">
<msg time="2024-03-29T06:17:20.257060" level="INFO">login</msg>
<arg>${key}</arg>
<doc>Logs the given message with the given level.</doc>
<status status="PASS" start="2024-03-29T06:17:20.256931" elapsed="0.000281"/>
</kw>
<var name="${key}">login</var>
<status status="PASS" start="2024-03-29T06:17:20.255322" elapsed="0.002142"/>
</iter>
<var>${key}</var>
<value>@{expected_keys}</value>
<status status="PASS" start="2024-03-29T06:17:20.246464" elapsed="0.011131"/>
</for>
<kw name="Create List" owner="BuiltIn">
<msg time="2024-03-29T06:17:20.257930" level="INFO">${expected_keysTwo} = ['username', 'password']</msg>
<var>${expected_keysTwo}</var>
<arg>username</arg>
<arg>password</arg>
<doc>Returns a list containing given items.</doc>
<status status="PASS" start="2024-03-29T06:17:20.257791" elapsed="0.000163"/>
</kw>
<for flavor="IN">
<iter>
<kw name="Dictionary Should Contain Key" owner="Collections">
<msg time="2024-03-29T06:17:20.258848" level="INFO">False</msg>
<arg>${json_data['results'][0]['login']}</arg>
<arg>${keyTwo}</arg>
<doc>Fails if ``key`` is not found from ``dictionary``.</doc>
<status status="PASS" start="2024-03-29T06:17:20.258459" elapsed="0.000427"/>
</kw>
<kw name="Dictionary Should Contain Key" owner="Collections">
<msg time="2024-03-29T06:17:20.259598" level="INFO">False</msg>
<arg>${json_data['results'][0]['login']}</arg>
<arg>${keyTwo}</arg>
<doc>Fails if ``key`` is not found from ``dictionary``.</doc>
<status status="PASS" start="2024-03-29T06:17:20.259185" elapsed="0.000462"/>
</kw>
<kw name="Log" owner="BuiltIn">
<msg time="2024-03-29T06:17:20.260077" level="INFO">username</msg>
<arg>${keyTwo}</arg>
<doc>Logs the given message with the given level.</doc>
<status status="PASS" start="2024-03-29T06:17:20.259945" elapsed="0.000170"/>
</kw>
<var name="${keyTwo}">username</var>
<status status="PASS" start="2024-03-29T06:17:20.258347" elapsed="0.001982"/>
</iter>
<iter>
<kw name="Dictionary Should Contain Key" owner="Collections">
<msg time="2024-03-29T06:17:20.260994" level="INFO">False</msg>
<arg>${json_data['results'][0]['login']}</arg>
<arg>${keyTwo}</arg>
<doc>Fails if ``key`` is not found from ``dictionary``.</doc>
<status status="PASS" start="2024-03-29T06:17:20.260614" elapsed="0.000419"/>
</kw>
<kw name="Dictionary Should Contain Key" owner="Collections">
<msg time="2024-03-29T06:17:20.261710" level="INFO">False</msg>
<arg>${json_data['results'][0]['login']}</arg>
<arg>${keyTwo}</arg>
<doc>Fails if ``key`` is not found from ``dictionary``.</doc>
<status status="PASS" start="2024-03-29T06:17:20.261326" elapsed="0.000421"/>
</kw>
<kw name="Log" owner="BuiltIn">
<msg time="2024-03-29T06:17:20.262170" level="INFO">password</msg>
<arg>${keyTwo}</arg>
<doc>Logs the given message with the given level.</doc>
<status status="PASS" start="2024-03-29T06:17:20.262040" elapsed="0.000168"/>
</kw>
<var name="${keyTwo}">password</var>
<status status="PASS" start="2024-03-29T06:17:20.260503" elapsed="0.001923"/>
</iter>
<var>${keyTwo}</var>
<value>@{expected_keysTwo}</value>
<status status="PASS" start="2024-03-29T06:17:20.258192" elapsed="0.004357"/>
</for>
<status status="PASS" start="2024-03-29T06:17:20.151494" elapsed="0.111200"/>
</kw>
<doc>Testa a estrutura da resposta da API.</doc>
<tag>testeEstruturaResposta</tag>
<status status="PASS" start="2024-03-29T06:17:20.150701" elapsed="0.112159"/>
</test>
<test id="s1-s1-t4" name="Validar tipos de dados" line="28">
<kw name="Teste de Tipos de Dados" owner="random-user-service">
<kw name="GET On Session" owner="RequestsLibrary">
<msg time="2024-03-29T06:17:20.344692" level="INFO">GET Request : url=https://randomuser.me/api 
 path_url=/api 
 headers={'User-Agent': 'python-requests/2.31.0', 'Accept-Encoding': 'gzip, deflate', 'Accept': '*/*', 'Connection': 'keep-alive'} 
 body=None 
 </msg>
<msg time="2024-03-29T06:17:20.344802" level="INFO">GET Response : url=https://randomuser.me/api 
 status=200, reason=OK 
 headers={'Date': 'Fri, 29 Mar 2024 06:17:20 GMT', 'Content-Type': 'application/json; charset=utf-8', 'Transfer-Encoding': 'chunked', 'Connection': 'keep-alive', 'X-Powered-By': 'Express', 'Access-Control-Allow-Origin': '*', 'Cache-Control': 'no-cache', 'ETag': 'W/"4a7-N79w6XOoqjz+WImKhDOGuvUsqvQ"', 'Vary': 'Accept-Encoding', 'Content-Encoding': 'gzip', 'CF-Cache-Status': 'DYNAMIC', 'Report-To': '{"endpoints":[{"url":"https:\\/\\/a.nel.cloudflare.com\\/report\\/v4?s=SIxRnZp5yiUaSa3bL1bKZjUSVguCDJOcTbM9Gav3K%2BO%2BmwHJviTYTSyl34CVJT7oYOE%2Bo08NLe2%2FVeTtx2v2g7h3tOTm7F5GZTxbnenqPwYtfN6jRQyHg%2BAz4aYUnlBL"}],"group":"cf-nel","max_age":604800}', 'NEL': '{"success_fraction":0,"report_to":"cf-nel","max_age":604800}', 'Server': 'cloudflare', 'CF-RAY': '86bdbc7dacba6159-ORD', 'alt-svc': 'h3=":443"; ma=86400'} 
 body={"results":[{"gender":"female","name":{"title":"Mrs","first":"Lilja","last":"Hokkanen"},"location":{"street":{"number":6244,"name":"Hermiankatu"},"city":"Paltamo","state":"Päijät-Häme","country":"Finland","postcode":80538,"coordinates":{"latitude":"-26.7763","longitude":"65.1518"},"timezone":{"offset":"+5:00","description":"Ekaterinburg, Islamabad, Karachi, Tashkent"}},"email":"lilja.hokkanen@example.com","login":{"uuid":"726b939a-c553-4371-98c4-2b1643eb4c01","username":"crazydog734","password":"richard1","salt":"uwnmDgeF","md5":"d6772607326bcd195c4612a0884e729f","sha1":"74765dfa27f47717079c0b85ba16c417b27cf408","sha256":"a318664ea474f5e27018ef75b2136802b65ee5f93c8dfa9a9af190b293435ece"},"dob":{"date":"1948-09-21T16:37:25.114Z","age":75},"registered":{"date":"2010-08-06T12:41:29.081Z","age":13},"phone":"03-872-701","cell":"048-132-35-14","id":{"name":"HETU","value":"NaNNA798undefined"},"picture":{"large":"https://randomuser.me/api/portraits/women/26.jpg","medium":"https://randomuser.me/api/portraits/med/women/26.jpg","thumbnail":"https://randomuser.me/api/portraits/thumb/women/26.jpg"},"nat":"FI"}],"info":{"seed":"eb8ccb50f7621e29","results":1,"page":1,"version":"1.4"}} 
 </msg>
<msg time="2024-03-29T06:17:20.344877" level="INFO">/opt/hostedtoolcache/Python/3.12.2/x64/lib/python3.12/site-packages/urllib3/connectionpool.py:1103: InsecureRequestWarning: Unverified HTTPS request is being made to host 'randomuser.me'. Adding certificate verification is strongly advised. See: https://urllib3.readthedocs.io/en/latest/advanced-usage.html#tls-warnings
  warnings.warn(</msg>
<msg time="2024-03-29T06:17:20.345020" level="INFO">${response} = &lt;Response [200]&gt;</msg>
<var>${response}</var>
<arg>consultarAPI</arg>
<arg>/api</arg>
<doc>Sends a GET request on a previously created HTTP Session.</doc>
<status status="PASS" start="2024-03-29T06:17:20.265827" elapsed="0.079235"/>
</kw>
<kw name="Set Variable" owner="BuiltIn">
<msg time="2024-03-29T06:17:20.346371" level="INFO">${json_data} = {'results': [{'gender': 'female', 'name': {'title': 'Mrs', 'first': 'Lilja', 'last': 'Hokkanen'}, 'location': {'street': {'number': 6244, 'name': 'Hermiankatu'}, 'city': 'Paltamo', 'state': 'Päijät-Hä...</msg>
<var>${json_data}</var>
<arg>${response.json()}</arg>
<doc>Returns the given values which can then be assigned to a variables.</doc>
<status status="PASS" start="2024-03-29T06:17:20.345757" elapsed="0.000646"/>
</kw>
<kw name="Log" owner="BuiltIn">
<msg time="2024-03-29T06:17:20.346944" level="INFO">{'results': [{'gender': 'female', 'name': {'title': 'Mrs', 'first': 'Lilja', 'last': 'Hokkanen'}, 'location': {'street': {'number': 6244, 'name': 'Hermiankatu'}, 'city': 'Paltamo', 'state': 'Päijät-Häme', 'country': 'Finland', 'postcode': 80538, 'coordinates': {'latitude': '-26.7763', 'longitude': '65.1518'}, 'timezone': {'offset': '+5:00', 'description': 'Ekaterinburg, Islamabad, Karachi, Tashkent'}}, 'email': 'lilja.hokkanen@example.com', 'login': {'uuid': '726b939a-c553-4371-98c4-2b1643eb4c01', 'username': 'crazydog734', 'password': 'richard1', 'salt': 'uwnmDgeF', 'md5': 'd6772607326bcd195c4612a0884e729f', 'sha1': '74765dfa27f47717079c0b85ba16c417b27cf408', 'sha256': 'a318664ea474f5e27018ef75b2136802b65ee5f93c8dfa9a9af190b293435ece'}, 'dob': {'date': '1948-09-21T16:37:25.114Z', 'age': 75}, 'registered': {'date': '2010-08-06T12:41:29.081Z', 'age': 13}, 'phone': '03-872-701', 'cell': '048-132-35-14', 'id': {'name': 'HETU', 'value': 'NaNNA798undefined'}, 'picture': {'large': 'https://randomuser.me/api/portraits/women/26.jpg', 'medium': 'https://randomuser.me/api/portraits/med/women/26.jpg', 'thumbnail': 'https://randomuser.me/api/portraits/thumb/women/26.jpg'}, 'nat': 'FI'}], 'info': {'seed': 'eb8ccb50f7621e29', 'results': 1, 'page': 1, 'version': '1.4'}}</msg>
<arg>${json_data}</arg>
<doc>Logs the given message with the given level.</doc>
<status status="PASS" start="2024-03-29T06:17:20.346774" elapsed="0.000264"/>
</kw>
<kw name="Should Be String" owner="String">
<arg>${json_data['results'][0]['gender']}</arg>
<doc>Fails if the given ``item`` is not a string.</doc>
<status status="PASS" start="2024-03-29T06:17:20.347359" elapsed="0.000418"/>
</kw>
<kw name="Should Match Regexp" owner="BuiltIn">
<arg>${json_data['results'][0]['email']}</arg>
<arg>^[a-zA-Z0-9._%+-]+@[a-zA-Z0-9.-]+\.[a-zA-Z]{2,}$</arg>
<doc>Fails if ``string`` does not match ``pattern`` as a regular expression.</doc>
<status status="PASS" start="2024-03-29T06:17:20.347981" elapsed="0.000542"/>
</kw>
<kw name="Should Match Regexp" owner="BuiltIn">
<arg>${json_data['results'][0]['dob']['date']}</arg>
<arg>\\d{4}-\\d{2}-\\d{2}T\\d{2}:\\d{2}:\\d{2}\\.\\d{3}Z</arg>
<doc>Fails if ``string`` does not match ``pattern`` as a regular expression.</doc>
<status status="PASS" start="2024-03-29T06:17:20.348725" elapsed="0.000495"/>
</kw>
<kw name="Should Match Regexp" owner="BuiltIn">
<arg>${json_data['results'][0]['registered']['date']}</arg>
<arg>\\d{4}-\\d{2}-\\d{2}T\\d{2}:\\d{2}:\\d{2}\\.\\d{3}Z</arg>
<doc>Fails if ``string`` does not match ``pattern`` as a regular expression.</doc>
<status status="PASS" start="2024-03-29T06:17:20.349414" elapsed="0.000372"/>
</kw>
<kw name="Should Match Regexp" owner="BuiltIn">
<arg>${json_data['results'][0]['picture']['large']}</arg>
<arg>^https?://.*\.(?:png|jpe?g|gif|bmp)$</arg>
<doc>Fails if ``string`` does not match ``pattern`` as a regular expression.</doc>
<status status="PASS" start="2024-03-29T06:17:20.349977" elapsed="0.000468"/>
</kw>
<kw name="Should Match Regexp" owner="BuiltIn">
<arg>${json_data['results'][0]['picture']['medium']}</arg>
<arg>^https?://.*\.(?:png|jpe?g|gif|bmp)$</arg>
<doc>Fails if ``string`` does not match ``pattern`` as a regular expression.</doc>
<status status="PASS" start="2024-03-29T06:17:20.350638" elapsed="0.000361"/>
</kw>
<kw name="Should Match Regexp" owner="BuiltIn">
<arg>${json_data['results'][0]['picture']['thumbnail']}</arg>
<arg>^https?://.*\.(?:png|jpe?g|gif|bmp)$</arg>
<doc>Fails if ``string`` does not match ``pattern`` as a regular expression.</doc>
<status status="PASS" start="2024-03-29T06:17:20.351186" elapsed="0.000375"/>
</kw>
<kw name="Log" owner="BuiltIn">
<msg time="2024-03-29T06:17:20.352084" level="INFO">{'large': 'https://randomuser.me/api/portraits/women/26.jpg', 'medium': 'https://randomuser.me/api/portraits/med/women/26.jpg', 'thumbnail': 'https://randomuser.me/api/portraits/thumb/women/26.jpg'}</msg>
<arg>${json_data['results'][0]['picture']}</arg>
<doc>Logs the given message with the given level.</doc>
<status status="PASS" start="2024-03-29T06:17:20.351748" elapsed="0.000386"/>
</kw>
<status status="PASS" start="2024-03-29T06:17:20.265440" elapsed="0.086956"/>
</kw>
<kw name="Teste de Tipos de Dados - Postcode" owner="random-user-service">
<kw name="GET On Session" owner="RequestsLibrary">
<msg time="2024-03-29T06:17:20.451614" level="INFO">GET Request : url=https://randomuser.me/api 
 path_url=/api 
 headers={'User-Agent': 'python-requests/2.31.0', 'Accept-Encoding': 'gzip, deflate', 'Accept': '*/*', 'Connection': 'keep-alive'} 
 body=None 
 </msg>
<msg time="2024-03-29T06:17:20.451735" level="INFO">GET Response : url=https://randomuser.me/api 
 status=200, reason=OK 
 headers={'Date': 'Fri, 29 Mar 2024 06:17:20 GMT', 'Content-Type': 'application/json; charset=utf-8', 'Transfer-Encoding': 'chunked', 'Connection': 'keep-alive', 'X-Powered-By': 'Express', 'Access-Control-Allow-Origin': '*', 'Cache-Control': 'no-cache', 'ETag': 'W/"499-YQjVFHZTTf5+/W9I8q0JWYRWM4c"', 'Vary': 'Accept-Encoding', 'Content-Encoding': 'gzip', 'CF-Cache-Status': 'DYNAMIC', 'Report-To': '{"endpoints":[{"url":"https:\\/\\/a.nel.cloudflare.com\\/report\\/v4?s=EyrVYcny1yY107piT38pBBbs2vHhyV7rdfr6jW%2B4gNRbPzX%2FhRh4LQvB%2BOFyw%2F9Ff3nyORmPoNsX5WsTJ0w3HvMhIMEedP8O4egSjVZvf9392B4V%2Fy7L9kPhFy%2FMVBWA"}],"group":"cf-nel","max_age":604800}', 'NEL': '{"success_fraction":0,"report_to":"cf-nel","max_age":604800}', 'Server': 'cloudflare', 'CF-RAY': '86bdbc7e3d036159-ORD', 'alt-svc': 'h3=":443"; ma=86400'} 
 body={"results":[{"gender":"male","name":{"title":"Mr","first":"Divyesh","last":"Dawangave"},"location":{"street":{"number":7130,"name":"Colaba Causeway"},"city":"Gulbarga","state":"Meghalaya","country":"India","postcode":58984,"coordinates":{"latitude":"4.9640","longitude":"-102.7611"},"timezone":{"offset":"+11:00","description":"Magadan, Solomon Islands, New Caledonia"}},"email":"divyesh.dawangave@example.com","login":{"uuid":"53fb35a8-f77f-4035-8a70-1d050785e47f","username":"heavybird194","password":"peaches","salt":"0CB8bowb","md5":"a52cbeac7fa701244a8158ab331d1a5e","sha1":"6ff4454430654b6a183e907c2e8b68b64f43642d","sha256":"702c2110c6c48088e7e479d65b1c49707c43f8980126100441ca90550f38f649"},"dob":{"date":"1990-10-29T08:25:46.553Z","age":33},"registered":{"date":"2003-03-25T16:58:19.662Z","age":21},"phone":"7453924993","cell":"7798761048","id":{"name":"UIDAI","value":"792023217327"},"picture":{"large":"https://randomuser.me/api/portraits/men/36.jpg","medium":"https://randomuser.me/api/portraits/med/men/36.jpg","thumbnail":"https://randomuser.me/api/portraits/thumb/men/36.jpg"},"nat":"IN"}],"info":{"seed":"3eb8a0bff8ccc942","results":1,"page":1,"version":"1.4"}} 
 </msg>
<msg time="2024-03-29T06:17:20.451842" level="INFO">/opt/hostedtoolcache/Python/3.12.2/x64/lib/python3.12/site-packages/urllib3/connectionpool.py:1103: InsecureRequestWarning: Unverified HTTPS request is being made to host 'randomuser.me'. Adding certificate verification is strongly advised. See: https://urllib3.readthedocs.io/en/latest/advanced-usage.html#tls-warnings
  warnings.warn(</msg>
<msg time="2024-03-29T06:17:20.451992" level="INFO">${response} = &lt;Response [200]&gt;</msg>
<var>${response}</var>
<arg>consultarAPI</arg>
<arg>/api</arg>
<doc>Sends a GET request on a previously created HTTP Session.</doc>
<status status="PASS" start="2024-03-29T06:17:20.353030" elapsed="0.099014"/>
</kw>
<kw name="Set Variable" owner="BuiltIn">
<msg time="2024-03-29T06:17:20.453271" level="INFO">${json_data} = {'results': [{'gender': 'male', 'name': {'title': 'Mr', 'first': 'Divyesh', 'last': 'Dawangave'}, 'location': {'street': {'number': 7130, 'name': 'Colaba Causeway'}, 'city': 'Gulbarga', 'state': 'Megh...</msg>
<var>${json_data}</var>
<arg>${response.json()}</arg>
<doc>Returns the given values which can then be assigned to a variables.</doc>
<status status="PASS" start="2024-03-29T06:17:20.452693" elapsed="0.000609"/>
</kw>
<kw name="Log" owner="BuiltIn">
<msg time="2024-03-29T06:17:20.453821" level="INFO">{'results': [{'gender': 'male', 'name': {'title': 'Mr', 'first': 'Divyesh', 'last': 'Dawangave'}, 'location': {'street': {'number': 7130, 'name': 'Colaba Causeway'}, 'city': 'Gulbarga', 'state': 'Meghalaya', 'country': 'India', 'postcode': 58984, 'coordinates': {'latitude': '4.9640', 'longitude': '-102.7611'}, 'timezone': {'offset': '+11:00', 'description': 'Magadan, Solomon Islands, New Caledonia'}}, 'email': 'divyesh.dawangave@example.com', 'login': {'uuid': '53fb35a8-f77f-4035-8a70-1d050785e47f', 'username': 'heavybird194', 'password': 'peaches', 'salt': '0CB8bowb', 'md5': 'a52cbeac7fa701244a8158ab331d1a5e', 'sha1': '6ff4454430654b6a183e907c2e8b68b64f43642d', 'sha256': '702c2110c6c48088e7e479d65b1c49707c43f8980126100441ca90550f38f649'}, 'dob': {'date': '1990-10-29T08:25:46.553Z', 'age': 33}, 'registered': {'date': '2003-03-25T16:58:19.662Z', 'age': 21}, 'phone': '7453924993', 'cell': '7798761048', 'id': {'name': 'UIDAI', 'value': '792023217327'}, 'picture': {'large': 'https://randomuser.me/api/portraits/men/36.jpg', 'medium': 'https://randomuser.me/api/portraits/med/men/36.jpg', 'thumbnail': 'https://randomuser.me/api/portraits/thumb/men/36.jpg'}, 'nat': 'IN'}], 'info': {'seed': '3eb8a0bff8ccc942', 'results': 1, 'page': 1, 'version': '1.4'}}</msg>
<arg>${json_data}</arg>
<doc>Logs the given message with the given level.</doc>
<status status="PASS" start="2024-03-29T06:17:20.453653" elapsed="0.000251"/>
</kw>
<kw name="Should Be Equal As Numbers" owner="BuiltIn">
<arg>${json_data['results'][0]['location']['postcode']}</arg>
<arg>${json_data['results'][0]['location']['postcode']}</arg>
<doc>Fails if objects are unequal after converting them to real numbers.</doc>
<status status="PASS" start="2024-03-29T06:17:20.454219" elapsed="0.000653"/>
</kw>
<kw name="Log" owner="BuiltIn">
<msg time="2024-03-29T06:17:20.455408" level="INFO">58984</msg>
<arg>${json_data['results'][0]['location']['postcode']}</arg>
<doc>Logs the given message with the given level.</doc>
<status status="PASS" start="2024-03-29T06:17:20.455069" elapsed="0.000380"/>
</kw>
<status status="PASS" start="2024-03-29T06:17:20.352633" elapsed="0.103133"/>
</kw>
<doc>Testa se os tipos de dados na resposta da API estão corretos.</doc>
<tag>testeTiposDados</tag>
<status status="PASS" start="2024-03-29T06:17:20.264708" elapsed="0.191236"/>
</test>
<test id="s1-s1-t5" name="Validar conteudo" line="35">
<kw name="Teste de Tipos de Conteudo" owner="random-user-service">
<kw name="GET On Session" owner="RequestsLibrary">
<msg time="2024-03-29T06:17:20.549264" level="INFO">GET Request : url=https://randomuser.me/api 
 path_url=/api 
 headers={'User-Agent': 'python-requests/2.31.0', 'Accept-Encoding': 'gzip, deflate', 'Accept': '*/*', 'Connection': 'keep-alive'} 
 body=None 
 </msg>
<msg time="2024-03-29T06:17:20.549360" level="INFO">GET Response : url=https://randomuser.me/api 
 status=200, reason=OK 
 headers={'Date': 'Fri, 29 Mar 2024 06:17:20 GMT', 'Content-Type': 'application/json; charset=utf-8', 'Transfer-Encoding': 'chunked', 'Connection': 'keep-alive', 'X-Powered-By': 'Express', 'Access-Control-Allow-Origin': '*', 'Cache-Control': 'no-cache', 'ETag': 'W/"493-oYGUlFSvlGVdXud2a2gVQcI9Bi0"', 'Vary': 'Accept-Encoding', 'Content-Encoding': 'gzip', 'CF-Cache-Status': 'DYNAMIC', 'Report-To': '{"endpoints":[{"url":"https:\\/\\/a.nel.cloudflare.com\\/report\\/v4?s=%2FrL0M1JZDnWcN6Efz%2FKustqsms3TNZTML82pVnl5gs8nBQU6W7pPrpSc1edzxB0smqWeOh81OvqzZ1%2BS58GaiBVTosduMsSBSemNZY6rp0NaTpy242RzR2%2BTJWIEvgyQ"}],"group":"cf-nel","max_age":604800}', 'NEL': '{"success_fraction":0,"report_to":"cf-nel","max_age":604800}', 'Server': 'cloudflare', 'CF-RAY': '86bdbc7edd8a6159-ORD', 'alt-svc': 'h3=":443"; ma=86400'} 
 body={"results":[{"gender":"female","name":{"title":"Ms","first":"Brooke","last":"Lynch"},"location":{"street":{"number":7774,"name":"Church Lane"},"city":"Bangor","state":"Clwyd","country":"United Kingdom","postcode":"YR43 0ZN","coordinates":{"latitude":"-7.7321","longitude":"43.4517"},"timezone":{"offset":"+2:00","description":"Kaliningrad, South Africa"}},"email":"brooke.lynch@example.com","login":{"uuid":"28c8c202-f66c-4a20-a409-1c8677a8757c","username":"organicbutterfly796","password":"1701","salt":"yzVOiaMs","md5":"efba0642902c5718b5750c762b2678be","sha1":"2402e252ffd417f74c42e1dfd2d75309143d324a","sha256":"d5df2201b109f14bbb13ade6038381adeecd0f807301c51bae116bbbf0f516f6"},"dob":{"date":"1975-08-05T02:27:40.131Z","age":48},"registered":{"date":"2010-12-23T23:27:44.308Z","age":13},"phone":"016973 50796","cell":"07043 913805","id":{"name":"NINO","value":"YG 46 47 42 G"},"picture":{"large":"https://randomuser.me/api/portraits/women/46.jpg","medium":"https://randomuser.me/api/portraits/med/women/46.jpg","thumbnail":"https://randomuser.me/api/portraits/thumb/women/46.jpg"},"nat":"GB"}],"info":{"seed":"9141d6b438c734db","results":1,"page":1,"version":"1.4"}} 
 </msg>
<msg time="2024-03-29T06:17:20.549423" level="INFO">/opt/hostedtoolcache/Python/3.12.2/x64/lib/python3.12/site-packages/urllib3/connectionpool.py:1103: InsecureRequestWarning: Unverified HTTPS request is being made to host 'randomuser.me'. Adding certificate verification is strongly advised. See: https://urllib3.readthedocs.io/en/latest/advanced-usage.html#tls-warnings
  warnings.warn(</msg>
<msg time="2024-03-29T06:17:20.549532" level="INFO">${response} = &lt;Response [200]&gt;</msg>
<var>${response}</var>
<arg>consultarAPI</arg>
<arg>/api</arg>
<doc>Sends a GET request on a previously created HTTP Session.</doc>
<status status="PASS" start="2024-03-29T06:17:20.458590" elapsed="0.090982"/>
</kw>
<kw name="Set Variable" owner="BuiltIn">
<msg time="2024-03-29T06:17:20.550562" level="INFO">${json_data} = {'results': [{'gender': 'female', 'name': {'title': 'Ms', 'first': 'Brooke', 'last': 'Lynch'}, 'location': {'street': {'number': 7774, 'name': 'Church Lane'}, 'city': 'Bangor', 'state': 'Clwyd', 'coun...</msg>
<var>${json_data}</var>
<arg>${response.json()}</arg>
<doc>Returns the given values which can then be assigned to a variables.</doc>
<status status="PASS" start="2024-03-29T06:17:20.550052" elapsed="0.000538"/>
</kw>
<kw name="Set Variable" owner="BuiltIn">
<msg time="2024-03-29T06:17:20.551294" level="INFO">${name_title} = Ms</msg>
<var>${name_title}</var>
<arg>${json_data["results"][0]["name"]["title"]}</arg>
<doc>Returns the given values which can then be assigned to a variables.</doc>
<status status="PASS" start="2024-03-29T06:17:20.550905" elapsed="0.000414"/>
</kw>
<kw name="Create List" owner="BuiltIn">
<msg time="2024-03-29T06:17:20.551816" level="INFO">${allowed_titles} = ['Mr', 'Ms', 'Miss', 'Mrs', 'Madame', 'Monsieur']</msg>
<var>${allowed_titles}</var>
<arg>Mr</arg>
<arg>Ms</arg>
<arg>Miss</arg>
<arg>Mrs</arg>
<arg>Madame</arg>
<arg>Monsieur</arg>
<doc>Returns a list containing given items.</doc>
<status status="PASS" start="2024-03-29T06:17:20.551661" elapsed="0.000180"/>
</kw>
<kw name="List Should Contain Value" owner="Collections">
<msg time="2024-03-29T06:17:20.552332" level="INFO">False</msg>
<arg>${allowed_titles}</arg>
<arg>${name_title}</arg>
<doc>Fails if the ``value`` is not found from ``list``.</doc>
<status status="PASS" start="2024-03-29T06:17:20.552153" elapsed="0.000217"/>
</kw>
<kw name="Set Variable" owner="BuiltIn">
<msg time="2024-03-29T06:17:20.553047" level="INFO">${name_country} = GB</msg>
<var>${name_country}</var>
<arg>${json_data["results"][0]["nat"]}</arg>
<doc>Returns the given values which can then be assigned to a variables.</doc>
<status status="PASS" start="2024-03-29T06:17:20.552661" elapsed="0.000412"/>
</kw>
<kw name="Create List" owner="BuiltIn">
<msg time="2024-03-29T06:17:20.553989" level="INFO">${list_country} = ['AD', 'AE', 'AF', 'AG', 'AI', 'AL', 'AM', 'AO', 'AQ', 'AR', 'AS', 'AT', 'AU', 'AW', 'AX', 'AZ', 'BA', 'BB', 'BD', 'BE', 'BF', 'BG', 'BH', 'BI', 'BJ', 'BL', 'BM', 'BN', 'BO', 'BQ', 'BR', 'BS', 'BT', '...</msg>
<var>${list_country}</var>
<arg>AD</arg>
<arg>AE</arg>
<arg>AF</arg>
<arg>AG</arg>
<arg>AI</arg>
<arg>AL</arg>
<arg>AM</arg>
<arg>AO</arg>
<arg>AQ</arg>
<arg>AR</arg>
<arg>AS</arg>
<arg>AT</arg>
<arg>AU</arg>
<arg>AW</arg>
<arg>AX</arg>
<arg>AZ</arg>
<arg>BA</arg>
<arg>BB</arg>
<arg>BD</arg>
<arg>BE</arg>
<arg>BF</arg>
<arg>BG</arg>
<arg>BH</arg>
<arg>BI</arg>
<arg>BJ</arg>
<arg>BL</arg>
<arg>BM</arg>
<arg>BN</arg>
<arg>BO</arg>
<arg>BQ</arg>
<arg>BR</arg>
<arg>BS</arg>
<arg>BT</arg>
<arg>BV</arg>
<arg>BW</arg>
<arg>BY</arg>
<arg>BZ</arg>
<arg>CA</arg>
<arg>CC</arg>
<arg>CD</arg>
<arg>CF</arg>
<arg>CG</arg>
<arg>CH</arg>
<arg>CI</arg>
<arg>CK</arg>
<arg>CL</arg>
<arg>CM</arg>
<arg>CN</arg>
<arg>CO</arg>
<arg>CR</arg>
<arg>CU</arg>
<arg>CV</arg>
<arg>CW</arg>
<arg>CX</arg>
<arg>CY</arg>
<arg>CZ</arg>
<arg>DE</arg>
<arg>DJ</arg>
<arg>DK</arg>
<arg>DM</arg>
<arg>DO</arg>
<arg>DZ</arg>
<arg>EC</arg>
<arg>EE</arg>
<arg>EG</arg>
<arg>EH</arg>
<arg>ER</arg>
<arg>ES</arg>
<arg>ET</arg>
<arg>FI</arg>
<arg>FJ</arg>
<arg>FK</arg>
<arg>FM</arg>
<arg>FO</arg>
<arg>FR</arg>
<arg>GA</arg>
<arg>GB</arg>
<arg>GD</arg>
<arg>GE</arg>
<arg>GF</arg>
<arg>GG</arg>
<arg>GH</arg>
<arg>GI</arg>
<arg>GL</arg>
<arg>GM</arg>
<arg>GN</arg>
<arg>GP</arg>
<arg>GQ</arg>
<arg>GR</arg>
<arg>GS</arg>
<arg>GT</arg>
<arg>GU</arg>
<arg>GW</arg>
<arg>GY</arg>
<arg>HK</arg>
<arg>HM</arg>
<arg>HN</arg>
<arg>HR</arg>
<arg>HT</arg>
<arg>HU</arg>
<arg>ID</arg>
<arg>IE</arg>
<arg>IL</arg>
<arg>IM</arg>
<arg>IN</arg>
<arg>IO</arg>
<arg>IQ</arg>
<arg>IR</arg>
<arg>IS</arg>
<arg>IT</arg>
<arg>JE</arg>
<arg>JM</arg>
<arg>JO</arg>
<arg>JP</arg>
<arg>KE</arg>
<arg>KG</arg>
<arg>KH</arg>
<arg>KI</arg>
<arg>KM</arg>
<arg>KN</arg>
<arg>KP</arg>
<arg>KR</arg>
<arg>KW</arg>
<arg>KY</arg>
<arg>KZ</arg>
<arg>LA</arg>
<arg>LB</arg>
<arg>LC</arg>
<arg>LI</arg>
<arg>LK</arg>
<arg>LR</arg>
<arg>LS</arg>
<arg>LT</arg>
<arg>LU</arg>
<arg>LV</arg>
<arg>LY</arg>
<arg>MA</arg>
<arg>MC</arg>
<arg>MD</arg>
<arg>ME</arg>
<arg>MF</arg>
<arg>MG</arg>
<arg>MH</arg>
<arg>MK</arg>
<arg>ML</arg>
<arg>MM</arg>
<arg>MN</arg>
<arg>MO</arg>
<arg>MP</arg>
<arg>MQ</arg>
<arg>MR</arg>
<arg>MS</arg>
<arg>MT</arg>
<arg>MU</arg>
<arg>MV</arg>
<arg>MW</arg>
<arg>MX</arg>
<arg>MY</arg>
<arg>MZ</arg>
<arg>NA</arg>
<arg>NC</arg>
<arg>NE</arg>
<arg>NF</arg>
<arg>NG</arg>
<arg>NI</arg>
<arg>NL</arg>
<arg>NO</arg>
<arg>NP</arg>
<arg>NR</arg>
<arg>NU</arg>
<arg>NZ</arg>
<arg>OM</arg>
<arg>PA</arg>
<arg>PE</arg>
<arg>PF</arg>
<arg>PG</arg>
<arg>PH</arg>
<arg>PK</arg>
<arg>PL</arg>
<arg>PM</arg>
<arg>PN</arg>
<arg>PR</arg>
<arg>PS</arg>
<arg>PT</arg>
<arg>PW</arg>
<arg>PY</arg>
<arg>QA</arg>
<arg>RE</arg>
<arg>RO</arg>
<arg>RS</arg>
<arg>RU</arg>
<arg>RW</arg>
<arg>SA</arg>
<arg>SB</arg>
<arg>SC</arg>
<arg>SD</arg>
<arg>SE</arg>
<arg>SG</arg>
<arg>SH</arg>
<arg>SI</arg>
<arg>SJ</arg>
<arg>SK</arg>
<arg>SL</arg>
<arg>SM</arg>
<arg>SN</arg>
<arg>SO</arg>
<arg>SR</arg>
<arg>SS</arg>
<arg>ST</arg>
<arg>SV</arg>
<arg>SX</arg>
<arg>SY</arg>
<arg>SZ</arg>
<arg>TC</arg>
<arg>TD</arg>
<arg>TF</arg>
<arg>TG</arg>
<arg>TH</arg>
<arg>TJ</arg>
<arg>TK</arg>
<arg>TL</arg>
<arg>TM</arg>
<arg>TN</arg>
<arg>TO</arg>
<arg>TR</arg>
<arg>TT</arg>
<arg>TV</arg>
<arg>TW</arg>
<arg>TZ</arg>
<arg>UA</arg>
<arg>UG</arg>
<arg>UM</arg>
<arg>US</arg>
<arg>UY</arg>
<arg>UZ</arg>
<arg>VA</arg>
<arg>VC</arg>
<arg>VE</arg>
<arg>VG</arg>
<arg>VI</arg>
<arg>VN</arg>
<arg>VU</arg>
<arg>WF</arg>
<arg>WS</arg>
<arg>XK</arg>
<arg>YE</arg>
<arg>YT</arg>
<arg>ZA</arg>
<arg>ZM</arg>
<arg>ZW</arg>
<doc>Returns a list containing given items.</doc>
<status status="PASS" start="2024-03-29T06:17:20.553384" elapsed="0.000630"/>
</kw>
<kw name="List Should Contain Value" owner="Collections">
<msg time="2024-03-29T06:17:20.555143" level="INFO">False</msg>
<arg>${list_country}</arg>
<arg>${name_country}</arg>
<doc>Fails if the ``value`` is not found from ``list``.</doc>
<status status="PASS" start="2024-03-29T06:17:20.554937" elapsed="0.000244"/>
</kw>
<kw name="Run Keyword If" owner="BuiltIn">
<kw name="Should Be True" owner="BuiltIn">
<arg>${True}</arg>
<doc>Fails if the given condition is not true.</doc>
<status status="PASS" start="2024-03-29T06:17:20.556293" elapsed="0.000147"/>
</kw>
<arg>${json_data["results"][0]["location"]["coordinates"]["latitude"]} &gt;= -90 and ${json_data["results"][0]["location"]["coordinates"]["latitude"]} &lt;= 90</arg>
<arg>Should Be True</arg>
<arg>${True}</arg>
<doc>Runs the given keyword with the given arguments, if ``condition`` is true.</doc>
<status status="PASS" start="2024-03-29T06:17:20.555520" elapsed="0.001049"/>
</kw>
<kw name="Run Keyword If" owner="BuiltIn">
<kw name="Should Be True" owner="BuiltIn">
<arg>${True}</arg>
<doc>Fails if the given condition is not true.</doc>
<status status="PASS" start="2024-03-29T06:17:20.557477" elapsed="0.000141"/>
</kw>
<arg>${json_data["results"][0]["location"]["coordinates"]["longitude"]} &gt;= -180 and ${json_data["results"][0]["location"]["coordinates"]["longitude"]} &lt;= 180</arg>
<arg>Should Be True</arg>
<arg>${True}</arg>
<doc>Runs the given keyword with the given arguments, if ``condition`` is true.</doc>
<status status="PASS" start="2024-03-29T06:17:20.556756" elapsed="0.000987"/>
</kw>
<status status="PASS" start="2024-03-29T06:17:20.458345" elapsed="0.099534"/>
</kw>
<doc>Testa o conteúdo específico dos campos retornados pela API.</doc>
<tag>testeConteudo</tag>
<status status="PASS" start="2024-03-29T06:17:20.457790" elapsed="0.100244"/>
</test>
<status status="PASS" start="2024-03-29T06:17:19.734430" elapsed="0.825623"/>
</suite>
<status status="PASS" start="2024-03-29T06:17:19.720619" elapsed="0.844841"/>
</suite>
<statistics>
<total>
<stat pass="5" fail="0" skip="0">All Tests</stat>
</total>
<tag>
<stat pass="1" fail="0" skip="0">testeConteudo</stat>
<stat pass="1" fail="0" skip="0">testeEstruturaResposta</stat>
<stat pass="1" fail="0" skip="0">testeRequisicaoBasica</stat>
<stat pass="1" fail="0" skip="0">testeTiposDados</stat>
</tag>
<suite>
<stat pass="5" fail="0" skip="0" id="s1" name="Tests">Tests</stat>
<stat pass="5" fail="0" skip="0" id="s1-s1" name="Random-User-Test">Tests.Random-User-Test</stat>
</suite>
</statistics>
<errors>
</errors>
</robot>
