<?xml version="1.0" encoding="UTF-8"?>
<robot generator="Robot 7.0 (Python 3.12.2 on linux)" generated="2024-03-30T16:16:56.414512" rpa="false" schemaversion="5">
<suite id="s1" name="Tests" source="/home/runner/work/DesafioQAItauRogerioJordao/DesafioQAItauRogerioJordao/RamdonUser/tests">
<suite id="s1-s1" name="Random-User-Test" source="/home/runner/work/DesafioQAItauRogerioJordao/DesafioQAItauRogerioJordao/RamdonUser/tests/random-user-test.robot">
<test id="s1-s1-t1" name="Conectar" line="13">
<kw name="Conectar API" owner="random-user-service">
<kw name="Create Session" owner="RequestsLibrary">
<msg time="2024-03-30T16:16:56.771569" level="INFO">Creating Session using : alias=consultarAPI, url=https://randomuser.me/, headers={},                     cookies={}, auth=None, timeout=None, proxies=None, verify=False,                     debug=0 </msg>
<arg>consultarAPI</arg>
<arg>${URL}</arg>
<doc>Create Session: create a HTTP session to a server</doc>
<status status="PASS" start="2024-03-30T16:16:56.771336" elapsed="0.000429"/>
</kw>
<status status="PASS" start="2024-03-30T16:16:56.770274" elapsed="0.001865"/>
</kw>
<status status="PASS" start="2024-03-30T16:16:56.769707" elapsed="0.002637"/>
</test>
<test id="s1-s1-t2" name="Validar retorno 200 e JSON Válido" line="16">
<kw name="Teste de Requisicao Basica" owner="random-user-service">
<kw name="GET On Session" owner="RequestsLibrary">
<msg time="2024-03-30T16:16:56.864099" level="INFO">GET Request : url=https://randomuser.me/api 
 path_url=/api 
 headers={'User-Agent': 'python-requests/2.31.0', 'Accept-Encoding': 'gzip, deflate', 'Accept': '*/*', 'Connection': 'keep-alive'} 
 body=None 
 </msg>
<msg time="2024-03-30T16:16:56.864250" level="INFO">GET Response : url=https://randomuser.me/api 
 status=200, reason=OK 
 headers={'Date': 'Sat, 30 Mar 2024 16:16:56 GMT', 'Content-Type': 'application/json; charset=utf-8', 'Transfer-Encoding': 'chunked', 'Connection': 'keep-alive', 'X-Powered-By': 'Express', 'Access-Control-Allow-Origin': '*', 'Cache-Control': 'no-cache', 'ETag': 'W/"4a4-H5zriEm4kqkqIk9fT5yRyN80H0M"', 'Vary': 'Accept-Encoding', 'Content-Encoding': 'gzip', 'CF-Cache-Status': 'DYNAMIC', 'Report-To': '{"endpoints":[{"url":"https:\\/\\/a.nel.cloudflare.com\\/report\\/v4?s=lEzWp5xlRtNZzPjd3%2FIqYdXOZ7mHzxLzLQyJZQn%2BQToWBnJxAW2HVBMnVrlDSZFL9VxdD%2F7%2BmOTPgC3%2Fo6jiGg%2FpOb%2BnBdWH2yuSrHpCQY1FOW%2FGRg444igees1yHrbh"}],"group":"cf-nel","max_age":604800}', 'NEL': '{"success_fraction":0,"report_to":"cf-nel","max_age":604800}', 'Server': 'cloudflare', 'CF-RAY': '86c968330ecc39a0-IAD', 'alt-svc': 'h3=":443"; ma=86400'} 
 body={"results":[{"gender":"female","name":{"title":"Miss","first":"Lea","last":"Novak"},"location":{"street":{"number":4757,"name":"Pine Rd"},"city":"Enterprise","state":"Prince Edward Island","country":"Canada","postcode":"B5A 8J0","coordinates":{"latitude":"-68.6763","longitude":"146.0681"},"timezone":{"offset":"0:00","description":"Western Europe Time, London, Lisbon, Casablanca"}},"email":"lea.novak@example.com","login":{"uuid":"ab477c4b-dad0-4a46-a6d0-a4a75ad2eabb","username":"angryostrich329","password":"sushi","salt":"N2bNpy5y","md5":"52e002d6bc4df61703ba4eaed1dd4ebb","sha1":"bbbba0a27577ed52cf7e7bda9886e982da19ba8a","sha256":"0fb105e2a878b02d7e7af63e404c08cb6401e6fbd05e30545db3e4cec57e28ec"},"dob":{"date":"1981-07-01T22:51:54.751Z","age":42},"registered":{"date":"2011-09-01T18:27:54.029Z","age":12},"phone":"Q81 Y67-7030","cell":"O78 T79-6988","id":{"name":"SIN","value":"170380703"},"picture":{"large":"https://randomuser.me/api/portraits/women/34.jpg","medium":"https://randomuser.me/api/portraits/med/women/34.jpg","thumbnail":"https://randomuser.me/api/portraits/thumb/women/34.jpg"},"nat":"CA"}],"info":{"seed":"9c5ea24d2f634b56","results":1,"page":1,"version":"1.4"}} 
 </msg>
<msg time="2024-03-30T16:16:56.864356" level="INFO">/opt/hostedtoolcache/Python/3.12.2/x64/lib/python3.12/site-packages/urllib3/connectionpool.py:1103: InsecureRequestWarning: Unverified HTTPS request is being made to host 'randomuser.me'. Adding certificate verification is strongly advised. See: https://urllib3.readthedocs.io/en/latest/advanced-usage.html#tls-warnings
  warnings.warn(</msg>
<msg time="2024-03-30T16:16:56.864508" level="INFO">${response} = &lt;Response [200]&gt;</msg>
<var>${response}</var>
<arg>consultarAPI</arg>
<arg>/api</arg>
<doc>Sends a GET request on a previously created HTTP Session.</doc>
<status status="PASS" start="2024-03-30T16:16:56.774998" elapsed="0.089554"/>
</kw>
<kw name="Should Be Equal As Numbers" owner="BuiltIn">
<msg time="2024-03-30T16:16:56.865731" level="INFO">Argument types are:
&lt;class 'int'&gt;
&lt;class 'str'&gt;</msg>
<arg>${response.status_code}</arg>
<arg>200</arg>
<doc>Fails if objects are unequal after converting them to real numbers.</doc>
<status status="PASS" start="2024-03-30T16:16:56.865235" elapsed="0.000564"/>
</kw>
<kw name="Log" owner="BuiltIn">
<msg time="2024-03-30T16:16:56.866494" level="INFO">200</msg>
<arg>${response.status_code}</arg>
<doc>Logs the given message with the given level.</doc>
<status status="PASS" start="2024-03-30T16:16:56.866130" elapsed="0.000409"/>
</kw>
<kw name="Set Variable" owner="BuiltIn">
<msg time="2024-03-30T16:16:56.867309" level="INFO">${json_data} = {'results': [{'gender': 'female', 'name': {'title': 'Miss', 'first': 'Lea', 'last': 'Novak'}, 'location': {'street': {'number': 4757, 'name': 'Pine Rd'}, 'city': 'Enterprise', 'state': 'Prince Edward ...</msg>
<var>${json_data}</var>
<arg>${response.json()}</arg>
<doc>Returns the given values which can then be assigned to a variables.</doc>
<status status="PASS" start="2024-03-30T16:16:56.866855" elapsed="0.000484"/>
</kw>
<kw name="Dictionary Should Contain Key" owner="Collections">
<msg time="2024-03-30T16:16:56.867872" level="INFO">False</msg>
<arg>${json_data}</arg>
<arg>results</arg>
<doc>Fails if ``key`` is not found from ``dictionary``.</doc>
<status status="PASS" start="2024-03-30T16:16:56.867686" elapsed="0.000227"/>
</kw>
<status status="PASS" start="2024-03-30T16:16:56.774744" elapsed="0.093440"/>
</kw>
<doc>Testa se a API responde corretamente e retorna um objeto JSON válido.</doc>
<tag>testeRequisicaoBasica</tag>
<status status="PASS" start="2024-03-30T16:16:56.774201" elapsed="0.094180"/>
</test>
<test id="s1-s1-t3" name="Validar estrutura de resposta" line="22">
<kw name="Teste de Estrutura de Resposta" owner="random-user-service">
<kw name="GET On Session" owner="RequestsLibrary">
<msg time="2024-03-30T16:16:56.964919" level="INFO">GET Request : url=https://randomuser.me/api 
 path_url=/api 
 headers={'User-Agent': 'python-requests/2.31.0', 'Accept-Encoding': 'gzip, deflate', 'Accept': '*/*', 'Connection': 'keep-alive'} 
 body=None 
 </msg>
<msg time="2024-03-30T16:16:56.965025" level="INFO">GET Response : url=https://randomuser.me/api 
 status=200, reason=OK 
 headers={'Date': 'Sat, 30 Mar 2024 16:16:56 GMT', 'Content-Type': 'application/json; charset=utf-8', 'Transfer-Encoding': 'chunked', 'Connection': 'keep-alive', 'X-Powered-By': 'Express', 'Access-Control-Allow-Origin': '*', 'Cache-Control': 'no-cache', 'ETag': 'W/"475-5u12F9gQlV0urjhS1/lww85oJec"', 'Vary': 'Accept-Encoding', 'Content-Encoding': 'gzip', 'CF-Cache-Status': 'DYNAMIC', 'Report-To': '{"endpoints":[{"url":"https:\\/\\/a.nel.cloudflare.com\\/report\\/v4?s=RWkBLrE1Fn7SV0tBa8EUPr3X3V%2FHE1sW2pcdUqje6df8Ua3M1I9mmULoStWIk9XsGF8NyrAgmNK8Hw3McM6tgGpGuTFxf0XFV6g1pOrr1hoGtdD%2FRN7meuaGZZTF0%2BqW"}],"group":"cf-nel","max_age":604800}', 'NEL': '{"success_fraction":0,"report_to":"cf-nel","max_age":604800}', 'Server': 'cloudflare', 'CF-RAY': '86c968337f5939a0-IAD', 'alt-svc': 'h3=":443"; ma=86400'} 
 body={"results":[{"gender":"male","name":{"title":"Mr","first":"Dalibor","last":"Katić"},"location":{"street":{"number":2451,"name":"Mitrofana Hilandarca "},"city":"Kragujevac","state":"Rasina","country":"Serbia","postcode":47894,"coordinates":{"latitude":"56.9024","longitude":"-7.1732"},"timezone":{"offset":"-10:00","description":"Hawaii"}},"email":"dalibor.katic@example.com","login":{"uuid":"241395b6-8ea2-47f2-94b1-c841fa77176b","username":"sadbutterfly799","password":"dabears","salt":"H3QkD8iu","md5":"e7966eef9c8e698b7eb166ae143b9d8e","sha1":"31e82da7ecd51055726b81a5912233912ca0f13e","sha256":"da7be69ee7d33f8adc2876d394b4575e917f6b0f67a77120062218975a49197b"},"dob":{"date":"1975-02-22T03:42:00.109Z","age":49},"registered":{"date":"2007-04-23T02:33:10.165Z","age":16},"phone":"036-4414-367","cell":"061-8491-186","id":{"name":"SID","value":"961196462"},"picture":{"large":"https://randomuser.me/api/portraits/men/8.jpg","medium":"https://randomuser.me/api/portraits/med/men/8.jpg","thumbnail":"https://randomuser.me/api/portraits/thumb/men/8.jpg"},"nat":"RS"}],"info":{"seed":"f43601e66b4f5ae2","results":1,"page":1,"version":"1.4"}} 
 </msg>
<msg time="2024-03-30T16:16:56.965179" level="INFO">/opt/hostedtoolcache/Python/3.12.2/x64/lib/python3.12/site-packages/urllib3/connectionpool.py:1103: InsecureRequestWarning: Unverified HTTPS request is being made to host 'randomuser.me'. Adding certificate verification is strongly advised. See: https://urllib3.readthedocs.io/en/latest/advanced-usage.html#tls-warnings
  warnings.warn(</msg>
<msg time="2024-03-30T16:16:56.965319" level="INFO">${response} = &lt;Response [200]&gt;</msg>
<var>${response}</var>
<arg>consultarAPI</arg>
<arg>/api</arg>
<doc>Sends a GET request on a previously created HTTP Session.</doc>
<status status="PASS" start="2024-03-30T16:16:56.871189" elapsed="0.094171"/>
</kw>
<kw name="Set Variable" owner="BuiltIn">
<msg time="2024-03-30T16:16:56.966589" level="INFO">${json_data} = {'results': [{'gender': 'male', 'name': {'title': 'Mr', 'first': 'Dalibor', 'last': 'Katić'}, 'location': {'street': {'number': 2451, 'name': 'Mitrofana Hilandarca '}, 'city': 'Kragujevac', 'state': '...</msg>
<var>${json_data}</var>
<arg>${response.json()}</arg>
<doc>Returns the given values which can then be assigned to a variables.</doc>
<status status="PASS" start="2024-03-30T16:16:56.965996" elapsed="0.000625"/>
</kw>
<kw name="Log" owner="BuiltIn">
<msg time="2024-03-30T16:16:56.967121" level="INFO">{'results': [{'gender': 'male', 'name': {'title': 'Mr', 'first': 'Dalibor', 'last': 'Katić'}, 'location': {'street': {'number': 2451, 'name': 'Mitrofana Hilandarca '}, 'city': 'Kragujevac', 'state': 'Rasina', 'country': 'Serbia', 'postcode': 47894, 'coordinates': {'latitude': '56.9024', 'longitude': '-7.1732'}, 'timezone': {'offset': '-10:00', 'description': 'Hawaii'}}, 'email': 'dalibor.katic@example.com', 'login': {'uuid': '241395b6-8ea2-47f2-94b1-c841fa77176b', 'username': 'sadbutterfly799', 'password': 'dabears', 'salt': 'H3QkD8iu', 'md5': 'e7966eef9c8e698b7eb166ae143b9d8e', 'sha1': '31e82da7ecd51055726b81a5912233912ca0f13e', 'sha256': 'da7be69ee7d33f8adc2876d394b4575e917f6b0f67a77120062218975a49197b'}, 'dob': {'date': '1975-02-22T03:42:00.109Z', 'age': 49}, 'registered': {'date': '2007-04-23T02:33:10.165Z', 'age': 16}, 'phone': '036-4414-367', 'cell': '061-8491-186', 'id': {'name': 'SID', 'value': '961196462'}, 'picture': {'large': 'https://randomuser.me/api/portraits/men/8.jpg', 'medium': 'https://randomuser.me/api/portraits/med/men/8.jpg', 'thumbnail': 'https://randomuser.me/api/portraits/thumb/men/8.jpg'}, 'nat': 'RS'}], 'info': {'seed': 'f43601e66b4f5ae2', 'results': 1, 'page': 1, 'version': '1.4'}}</msg>
<arg>${json_data}</arg>
<doc>Logs the given message with the given level.</doc>
<status status="PASS" start="2024-03-30T16:16:56.966950" elapsed="0.000224"/>
</kw>
<kw name="Dictionary Should Contain Key" owner="Collections">
<msg time="2024-03-30T16:16:56.967697" level="INFO">False</msg>
<arg>${json_data}</arg>
<arg>results</arg>
<doc>Fails if ``key`` is not found from ``dictionary``.</doc>
<status status="PASS" start="2024-03-30T16:16:56.967486" elapsed="0.000250"/>
</kw>
<kw name="Should Not Be Empty" owner="BuiltIn">
<msg time="2024-03-30T16:16:56.968194" level="INFO">Length is 2.</msg>
<arg>${json_data}</arg>
<doc>Verifies that the given item is not empty.</doc>
<status status="PASS" start="2024-03-30T16:16:56.968047" elapsed="0.000185"/>
</kw>
<kw name="Create List" owner="BuiltIn">
<msg time="2024-03-30T16:16:56.968692" level="INFO">${expected_keys} = ['gender', 'name', 'location', 'email', 'login']</msg>
<var>${expected_keys}</var>
<arg>gender</arg>
<arg>name</arg>
<arg>location</arg>
<arg>email</arg>
<arg>login</arg>
<doc>Returns a list containing given items.</doc>
<status status="PASS" start="2024-03-30T16:16:56.968533" elapsed="0.000183"/>
</kw>
<for flavor="IN">
<iter>
<kw name="Dictionary Should Contain Key" owner="Collections">
<msg time="2024-03-30T16:16:56.969730" level="INFO">False</msg>
<arg>${json_data['results'][0]}</arg>
<arg>${key}</arg>
<doc>Fails if ``key`` is not found from ``dictionary``.</doc>
<status status="PASS" start="2024-03-30T16:16:56.969311" elapsed="0.000458"/>
</kw>
<kw name="Log" owner="BuiltIn">
<msg time="2024-03-30T16:16:56.970458" level="INFO">{'gender': 'male', 'name': {'title': 'Mr', 'first': 'Dalibor', 'last': 'Katić'}, 'location': {'street': {'number': 2451, 'name': 'Mitrofana Hilandarca '}, 'city': 'Kragujevac', 'state': 'Rasina', 'country': 'Serbia', 'postcode': 47894, 'coordinates': {'latitude': '56.9024', 'longitude': '-7.1732'}, 'timezone': {'offset': '-10:00', 'description': 'Hawaii'}}, 'email': 'dalibor.katic@example.com', 'login': {'uuid': '241395b6-8ea2-47f2-94b1-c841fa77176b', 'username': 'sadbutterfly799', 'password': 'dabears', 'salt': 'H3QkD8iu', 'md5': 'e7966eef9c8e698b7eb166ae143b9d8e', 'sha1': '31e82da7ecd51055726b81a5912233912ca0f13e', 'sha256': 'da7be69ee7d33f8adc2876d394b4575e917f6b0f67a77120062218975a49197b'}, 'dob': {'date': '1975-02-22T03:42:00.109Z', 'age': 49}, 'registered': {'date': '2007-04-23T02:33:10.165Z', 'age': 16}, 'phone': '036-4414-367', 'cell': '061-8491-186', 'id': {'name': 'SID', 'value': '961196462'}, 'picture': {'large': 'https://randomuser.me/api/portraits/men/8.jpg', 'medium': 'https://randomuser.me/api/portraits/med/men/8.jpg', 'thumbnail': 'https://randomuser.me/api/portraits/thumb/men/8.jpg'}, 'nat': 'RS'}</msg>
<arg>${json_data['results'][0]}</arg>
<doc>Logs the given message with the given level.</doc>
<status status="PASS" start="2024-03-30T16:16:56.970080" elapsed="0.000436"/>
</kw>
<kw name="Log" owner="BuiltIn">
<msg time="2024-03-30T16:16:56.970962" level="INFO">gender</msg>
<arg>${key}</arg>
<doc>Logs the given message with the given level.</doc>
<status status="PASS" start="2024-03-30T16:16:56.970827" elapsed="0.000175"/>
</kw>
<var name="${key}">gender</var>
<status status="PASS" start="2024-03-30T16:16:56.969184" elapsed="0.002049"/>
</iter>
<iter>
<kw name="Dictionary Should Contain Key" owner="Collections">
<msg time="2024-03-30T16:16:56.972003" level="INFO">False</msg>
<arg>${json_data['results'][0]}</arg>
<arg>${key}</arg>
<doc>Fails if ``key`` is not found from ``dictionary``.</doc>
<status status="PASS" start="2024-03-30T16:16:56.971592" elapsed="0.000449"/>
</kw>
<kw name="Log" owner="BuiltIn">
<msg time="2024-03-30T16:16:56.972748" level="INFO">{'gender': 'male', 'name': {'title': 'Mr', 'first': 'Dalibor', 'last': 'Katić'}, 'location': {'street': {'number': 2451, 'name': 'Mitrofana Hilandarca '}, 'city': 'Kragujevac', 'state': 'Rasina', 'country': 'Serbia', 'postcode': 47894, 'coordinates': {'latitude': '56.9024', 'longitude': '-7.1732'}, 'timezone': {'offset': '-10:00', 'description': 'Hawaii'}}, 'email': 'dalibor.katic@example.com', 'login': {'uuid': '241395b6-8ea2-47f2-94b1-c841fa77176b', 'username': 'sadbutterfly799', 'password': 'dabears', 'salt': 'H3QkD8iu', 'md5': 'e7966eef9c8e698b7eb166ae143b9d8e', 'sha1': '31e82da7ecd51055726b81a5912233912ca0f13e', 'sha256': 'da7be69ee7d33f8adc2876d394b4575e917f6b0f67a77120062218975a49197b'}, 'dob': {'date': '1975-02-22T03:42:00.109Z', 'age': 49}, 'registered': {'date': '2007-04-23T02:33:10.165Z', 'age': 16}, 'phone': '036-4414-367', 'cell': '061-8491-186', 'id': {'name': 'SID', 'value': '961196462'}, 'picture': {'large': 'https://randomuser.me/api/portraits/men/8.jpg', 'medium': 'https://randomuser.me/api/portraits/med/men/8.jpg', 'thumbnail': 'https://randomuser.me/api/portraits/thumb/men/8.jpg'}, 'nat': 'RS'}</msg>
<arg>${json_data['results'][0]}</arg>
<doc>Logs the given message with the given level.</doc>
<status status="PASS" start="2024-03-30T16:16:56.972379" elapsed="0.000420"/>
</kw>
<kw name="Log" owner="BuiltIn">
<msg time="2024-03-30T16:16:56.973245" level="INFO">name</msg>
<arg>${key}</arg>
<doc>Logs the given message with the given level.</doc>
<status status="PASS" start="2024-03-30T16:16:56.973113" elapsed="0.000170"/>
</kw>
<var name="${key}">name</var>
<status status="PASS" start="2024-03-30T16:16:56.971427" elapsed="0.002076"/>
</iter>
<iter>
<kw name="Dictionary Should Contain Key" owner="Collections">
<msg time="2024-03-30T16:16:56.974273" level="INFO">False</msg>
<arg>${json_data['results'][0]}</arg>
<arg>${key}</arg>
<doc>Fails if ``key`` is not found from ``dictionary``.</doc>
<status status="PASS" start="2024-03-30T16:16:56.973841" elapsed="0.000471"/>
</kw>
<kw name="Log" owner="BuiltIn">
<msg time="2024-03-30T16:16:56.974989" level="INFO">{'gender': 'male', 'name': {'title': 'Mr', 'first': 'Dalibor', 'last': 'Katić'}, 'location': {'street': {'number': 2451, 'name': 'Mitrofana Hilandarca '}, 'city': 'Kragujevac', 'state': 'Rasina', 'country': 'Serbia', 'postcode': 47894, 'coordinates': {'latitude': '56.9024', 'longitude': '-7.1732'}, 'timezone': {'offset': '-10:00', 'description': 'Hawaii'}}, 'email': 'dalibor.katic@example.com', 'login': {'uuid': '241395b6-8ea2-47f2-94b1-c841fa77176b', 'username': 'sadbutterfly799', 'password': 'dabears', 'salt': 'H3QkD8iu', 'md5': 'e7966eef9c8e698b7eb166ae143b9d8e', 'sha1': '31e82da7ecd51055726b81a5912233912ca0f13e', 'sha256': 'da7be69ee7d33f8adc2876d394b4575e917f6b0f67a77120062218975a49197b'}, 'dob': {'date': '1975-02-22T03:42:00.109Z', 'age': 49}, 'registered': {'date': '2007-04-23T02:33:10.165Z', 'age': 16}, 'phone': '036-4414-367', 'cell': '061-8491-186', 'id': {'name': 'SID', 'value': '961196462'}, 'picture': {'large': 'https://randomuser.me/api/portraits/men/8.jpg', 'medium': 'https://randomuser.me/api/portraits/med/men/8.jpg', 'thumbnail': 'https://randomuser.me/api/portraits/thumb/men/8.jpg'}, 'nat': 'RS'}</msg>
<arg>${json_data['results'][0]}</arg>
<doc>Logs the given message with the given level.</doc>
<status status="PASS" start="2024-03-30T16:16:56.974621" elapsed="0.000424"/>
</kw>
<kw name="Log" owner="BuiltIn">
<msg time="2024-03-30T16:16:56.975483" level="INFO">location</msg>
<arg>${key}</arg>
<doc>Logs the given message with the given level.</doc>
<status status="PASS" start="2024-03-30T16:16:56.975354" elapsed="0.000168"/>
</kw>
<var name="${key}">location</var>
<status status="PASS" start="2024-03-30T16:16:56.973724" elapsed="0.002061"/>
</iter>
<iter>
<kw name="Dictionary Should Contain Key" owner="Collections">
<msg time="2024-03-30T16:16:56.976465" level="INFO">False</msg>
<arg>${json_data['results'][0]}</arg>
<arg>${key}</arg>
<doc>Fails if ``key`` is not found from ``dictionary``.</doc>
<status status="PASS" start="2024-03-30T16:16:56.976077" elapsed="0.000425"/>
</kw>
<kw name="Log" owner="BuiltIn">
<msg time="2024-03-30T16:16:56.977179" level="INFO">{'gender': 'male', 'name': {'title': 'Mr', 'first': 'Dalibor', 'last': 'Katić'}, 'location': {'street': {'number': 2451, 'name': 'Mitrofana Hilandarca '}, 'city': 'Kragujevac', 'state': 'Rasina', 'country': 'Serbia', 'postcode': 47894, 'coordinates': {'latitude': '56.9024', 'longitude': '-7.1732'}, 'timezone': {'offset': '-10:00', 'description': 'Hawaii'}}, 'email': 'dalibor.katic@example.com', 'login': {'uuid': '241395b6-8ea2-47f2-94b1-c841fa77176b', 'username': 'sadbutterfly799', 'password': 'dabears', 'salt': 'H3QkD8iu', 'md5': 'e7966eef9c8e698b7eb166ae143b9d8e', 'sha1': '31e82da7ecd51055726b81a5912233912ca0f13e', 'sha256': 'da7be69ee7d33f8adc2876d394b4575e917f6b0f67a77120062218975a49197b'}, 'dob': {'date': '1975-02-22T03:42:00.109Z', 'age': 49}, 'registered': {'date': '2007-04-23T02:33:10.165Z', 'age': 16}, 'phone': '036-4414-367', 'cell': '061-8491-186', 'id': {'name': 'SID', 'value': '961196462'}, 'picture': {'large': 'https://randomuser.me/api/portraits/men/8.jpg', 'medium': 'https://randomuser.me/api/portraits/med/men/8.jpg', 'thumbnail': 'https://randomuser.me/api/portraits/thumb/men/8.jpg'}, 'nat': 'RS'}</msg>
<arg>${json_data['results'][0]}</arg>
<doc>Logs the given message with the given level.</doc>
<status status="PASS" start="2024-03-30T16:16:56.976809" elapsed="0.000421"/>
</kw>
<kw name="Log" owner="BuiltIn">
<msg time="2024-03-30T16:16:56.977659" level="INFO">email</msg>
<arg>${key}</arg>
<doc>Logs the given message with the given level.</doc>
<status status="PASS" start="2024-03-30T16:16:56.977532" elapsed="0.000166"/>
</kw>
<var name="${key}">email</var>
<status status="PASS" start="2024-03-30T16:16:56.975963" elapsed="0.001951"/>
</iter>
<iter>
<kw name="Dictionary Should Contain Key" owner="Collections">
<msg time="2024-03-30T16:16:56.978602" level="INFO">False</msg>
<arg>${json_data['results'][0]}</arg>
<arg>${key}</arg>
<doc>Fails if ``key`` is not found from ``dictionary``.</doc>
<status status="PASS" start="2024-03-30T16:16:56.978199" elapsed="0.000440"/>
</kw>
<kw name="Log" owner="BuiltIn">
<msg time="2024-03-30T16:16:56.979299" level="INFO">{'gender': 'male', 'name': {'title': 'Mr', 'first': 'Dalibor', 'last': 'Katić'}, 'location': {'street': {'number': 2451, 'name': 'Mitrofana Hilandarca '}, 'city': 'Kragujevac', 'state': 'Rasina', 'country': 'Serbia', 'postcode': 47894, 'coordinates': {'latitude': '56.9024', 'longitude': '-7.1732'}, 'timezone': {'offset': '-10:00', 'description': 'Hawaii'}}, 'email': 'dalibor.katic@example.com', 'login': {'uuid': '241395b6-8ea2-47f2-94b1-c841fa77176b', 'username': 'sadbutterfly799', 'password': 'dabears', 'salt': 'H3QkD8iu', 'md5': 'e7966eef9c8e698b7eb166ae143b9d8e', 'sha1': '31e82da7ecd51055726b81a5912233912ca0f13e', 'sha256': 'da7be69ee7d33f8adc2876d394b4575e917f6b0f67a77120062218975a49197b'}, 'dob': {'date': '1975-02-22T03:42:00.109Z', 'age': 49}, 'registered': {'date': '2007-04-23T02:33:10.165Z', 'age': 16}, 'phone': '036-4414-367', 'cell': '061-8491-186', 'id': {'name': 'SID', 'value': '961196462'}, 'picture': {'large': 'https://randomuser.me/api/portraits/men/8.jpg', 'medium': 'https://randomuser.me/api/portraits/med/men/8.jpg', 'thumbnail': 'https://randomuser.me/api/portraits/thumb/men/8.jpg'}, 'nat': 'RS'}</msg>
<arg>${json_data['results'][0]}</arg>
<doc>Logs the given message with the given level.</doc>
<status status="PASS" start="2024-03-30T16:16:56.978937" elapsed="0.000411"/>
</kw>
<kw name="Log" owner="BuiltIn">
<msg time="2024-03-30T16:16:56.979811" level="INFO">login</msg>
<arg>${key}</arg>
<doc>Logs the given message with the given level.</doc>
<status status="PASS" start="2024-03-30T16:16:56.979681" elapsed="0.000276"/>
</kw>
<var name="${key}">login</var>
<status status="PASS" start="2024-03-30T16:16:56.978088" elapsed="0.002103"/>
</iter>
<var>${key}</var>
<value>@{expected_keys}</value>
<status status="PASS" start="2024-03-30T16:16:56.968982" elapsed="0.011333"/>
</for>
<kw name="Create List" owner="BuiltIn">
<msg time="2024-03-30T16:16:56.980684" level="INFO">${expected_keysTwo} = ['username', 'password']</msg>
<var>${expected_keysTwo}</var>
<arg>username</arg>
<arg>password</arg>
<doc>Returns a list containing given items.</doc>
<status status="PASS" start="2024-03-30T16:16:56.980544" elapsed="0.000164"/>
</kw>
<for flavor="IN">
<iter>
<kw name="Dictionary Should Contain Key" owner="Collections">
<msg time="2024-03-30T16:16:56.981608" level="INFO">False</msg>
<arg>${json_data['results'][0]['login']}</arg>
<arg>${keyTwo}</arg>
<doc>Fails if ``key`` is not found from ``dictionary``.</doc>
<status status="PASS" start="2024-03-30T16:16:56.981217" elapsed="0.000429"/>
</kw>
<kw name="Dictionary Should Contain Key" owner="Collections">
<msg time="2024-03-30T16:16:56.982330" level="INFO">False</msg>
<arg>${json_data['results'][0]['login']}</arg>
<arg>${keyTwo}</arg>
<doc>Fails if ``key`` is not found from ``dictionary``.</doc>
<status status="PASS" start="2024-03-30T16:16:56.981948" elapsed="0.000420"/>
</kw>
<kw name="Log" owner="BuiltIn">
<msg time="2024-03-30T16:16:56.982801" level="INFO">username</msg>
<arg>${keyTwo}</arg>
<doc>Logs the given message with the given level.</doc>
<status status="PASS" start="2024-03-30T16:16:56.982671" elapsed="0.000167"/>
</kw>
<var name="${keyTwo}">username</var>
<status status="PASS" start="2024-03-30T16:16:56.981105" elapsed="0.001960"/>
</iter>
<iter>
<kw name="Dictionary Should Contain Key" owner="Collections">
<msg time="2024-03-30T16:16:56.983782" level="INFO">False</msg>
<arg>${json_data['results'][0]['login']}</arg>
<arg>${keyTwo}</arg>
<doc>Fails if ``key`` is not found from ``dictionary``.</doc>
<status status="PASS" start="2024-03-30T16:16:56.983354" elapsed="0.000467"/>
</kw>
<kw name="Dictionary Should Contain Key" owner="Collections">
<msg time="2024-03-30T16:16:56.984505" level="INFO">False</msg>
<arg>${json_data['results'][0]['login']}</arg>
<arg>${keyTwo}</arg>
<doc>Fails if ``key`` is not found from ``dictionary``.</doc>
<status status="PASS" start="2024-03-30T16:16:56.984121" elapsed="0.000422"/>
</kw>
<kw name="Log" owner="BuiltIn">
<msg time="2024-03-30T16:16:56.984967" level="INFO">password</msg>
<arg>${keyTwo}</arg>
<doc>Logs the given message with the given level.</doc>
<status status="PASS" start="2024-03-30T16:16:56.984837" elapsed="0.000168"/>
</kw>
<var name="${keyTwo}">password</var>
<status status="PASS" start="2024-03-30T16:16:56.983240" elapsed="0.001982"/>
</iter>
<var>${keyTwo}</var>
<value>@{expected_keysTwo}</value>
<status status="PASS" start="2024-03-30T16:16:56.980951" elapsed="0.004394"/>
</for>
<status status="PASS" start="2024-03-30T16:16:56.870948" elapsed="0.114541"/>
</kw>
<doc>Testa a estrutura da resposta da API.</doc>
<tag>testeEstruturaResposta</tag>
<status status="PASS" start="2024-03-30T16:16:56.870272" elapsed="0.115383"/>
</test>
<test id="s1-s1-t4" name="Validar tipos de dados" line="28">
<kw name="Teste de Tipos de Dados" owner="random-user-service">
<kw name="GET On Session" owner="RequestsLibrary">
<msg time="2024-03-30T16:16:57.056700" level="INFO">GET Request : url=https://randomuser.me/api 
 path_url=/api 
 headers={'User-Agent': 'python-requests/2.31.0', 'Accept-Encoding': 'gzip, deflate', 'Accept': '*/*', 'Connection': 'keep-alive'} 
 body=None 
 </msg>
<msg time="2024-03-30T16:16:57.056797" level="INFO">GET Response : url=https://randomuser.me/api 
 status=200, reason=OK 
 headers={'Date': 'Sat, 30 Mar 2024 16:16:57 GMT', 'Content-Type': 'application/json; charset=utf-8', 'Transfer-Encoding': 'chunked', 'Connection': 'keep-alive', 'X-Powered-By': 'Express', 'Access-Control-Allow-Origin': '*', 'Cache-Control': 'no-cache', 'ETag': 'W/"490-1Otk714TOfjFsNBaQilzAH0K04Y"', 'Vary': 'Accept-Encoding', 'Content-Encoding': 'gzip', 'CF-Cache-Status': 'DYNAMIC', 'Report-To': '{"endpoints":[{"url":"https:\\/\\/a.nel.cloudflare.com\\/report\\/v4?s=LRF4yKiwFNkzznOTFQKmYtkLeGA9%2Bqs1irBb8y%2BT3F47z6UyxQpUunzlfiBL1vXZsaCfeOO982MVvHGAkhOk1t0puer9Q7R0aXhrnmh0x22pDBlqTK6%2BL6VHPdCZ7KV2"}],"group":"cf-nel","max_age":604800}', 'NEL': '{"success_fraction":0,"report_to":"cf-nel","max_age":604800}', 'Server': 'cloudflare', 'CF-RAY': '86c96834285839a0-IAD', 'alt-svc': 'h3=":443"; ma=86400'} 
 body={"results":[{"gender":"male","name":{"title":"Mr","first":"Samu","last":"Manni"},"location":{"street":{"number":7346,"name":"Reijolankatu"},"city":"Oulunsalo","state":"Finland Proper","country":"Finland","postcode":48983,"coordinates":{"latitude":"-25.1767","longitude":"-131.2359"},"timezone":{"offset":"+1:00","description":"Brussels, Copenhagen, Madrid, Paris"}},"email":"samu.manni@example.com","login":{"uuid":"d97ba926-16db-49d2-b97f-81c4a679df49","username":"lazyzebra586","password":"mets","salt":"fy1SMYjD","md5":"7e6b662f3637fdc2057ba1ddbf366351","sha1":"55b78e882b79e4a1ac11999186301ac7ebb1d7a6","sha256":"6fd8f298444b02ffc0935c14cae0142edb5d4fdee1dcd3042cb489fee8356a6c"},"dob":{"date":"1950-11-22T09:14:37.275Z","age":73},"registered":{"date":"2017-08-27T19:46:51.392Z","age":6},"phone":"07-346-892","cell":"045-680-60-58","id":{"name":"HETU","value":"NaNNA725undefined"},"picture":{"large":"https://randomuser.me/api/portraits/men/28.jpg","medium":"https://randomuser.me/api/portraits/med/men/28.jpg","thumbnail":"https://randomuser.me/api/portraits/thumb/men/28.jpg"},"nat":"FI"}],"info":{"seed":"8cc9b0db51479c5e","results":1,"page":1,"version":"1.4"}} 
 </msg>
<msg time="2024-03-30T16:16:57.056893" level="INFO">/opt/hostedtoolcache/Python/3.12.2/x64/lib/python3.12/site-packages/urllib3/connectionpool.py:1103: InsecureRequestWarning: Unverified HTTPS request is being made to host 'randomuser.me'. Adding certificate verification is strongly advised. See: https://urllib3.readthedocs.io/en/latest/advanced-usage.html#tls-warnings
  warnings.warn(</msg>
<msg time="2024-03-30T16:16:57.057027" level="INFO">${response} = &lt;Response [200]&gt;</msg>
<var>${response}</var>
<arg>consultarAPI</arg>
<arg>/api</arg>
<doc>Sends a GET request on a previously created HTTP Session.</doc>
<status status="PASS" start="2024-03-30T16:16:56.988194" elapsed="0.068882"/>
</kw>
<kw name="Set Variable" owner="BuiltIn">
<msg time="2024-03-30T16:16:57.058186" level="INFO">${json_data} = {'results': [{'gender': 'male', 'name': {'title': 'Mr', 'first': 'Samu', 'last': 'Manni'}, 'location': {'street': {'number': 7346, 'name': 'Reijolankatu'}, 'city': 'Oulunsalo', 'state': 'Finland Prope...</msg>
<var>${json_data}</var>
<arg>${response.json()}</arg>
<doc>Returns the given values which can then be assigned to a variables.</doc>
<status status="PASS" start="2024-03-30T16:16:57.057609" elapsed="0.000605"/>
</kw>
<kw name="Log" owner="BuiltIn">
<msg time="2024-03-30T16:16:57.058700" level="INFO">{'results': [{'gender': 'male', 'name': {'title': 'Mr', 'first': 'Samu', 'last': 'Manni'}, 'location': {'street': {'number': 7346, 'name': 'Reijolankatu'}, 'city': 'Oulunsalo', 'state': 'Finland Proper', 'country': 'Finland', 'postcode': 48983, 'coordinates': {'latitude': '-25.1767', 'longitude': '-131.2359'}, 'timezone': {'offset': '+1:00', 'description': 'Brussels, Copenhagen, Madrid, Paris'}}, 'email': 'samu.manni@example.com', 'login': {'uuid': 'd97ba926-16db-49d2-b97f-81c4a679df49', 'username': 'lazyzebra586', 'password': 'mets', 'salt': 'fy1SMYjD', 'md5': '7e6b662f3637fdc2057ba1ddbf366351', 'sha1': '55b78e882b79e4a1ac11999186301ac7ebb1d7a6', 'sha256': '6fd8f298444b02ffc0935c14cae0142edb5d4fdee1dcd3042cb489fee8356a6c'}, 'dob': {'date': '1950-11-22T09:14:37.275Z', 'age': 73}, 'registered': {'date': '2017-08-27T19:46:51.392Z', 'age': 6}, 'phone': '07-346-892', 'cell': '045-680-60-58', 'id': {'name': 'HETU', 'value': 'NaNNA725undefined'}, 'picture': {'large': 'https://randomuser.me/api/portraits/men/28.jpg', 'medium': 'https://randomuser.me/api/portraits/med/men/28.jpg', 'thumbnail': 'https://randomuser.me/api/portraits/thumb/men/28.jpg'}, 'nat': 'FI'}], 'info': {'seed': '8cc9b0db51479c5e', 'results': 1, 'page': 1, 'version': '1.4'}}</msg>
<arg>${json_data}</arg>
<doc>Logs the given message with the given level.</doc>
<status status="PASS" start="2024-03-30T16:16:57.058541" elapsed="0.000207"/>
</kw>
<kw name="Should Be String" owner="String">
<arg>${json_data['results'][0]['gender']}</arg>
<doc>Fails if the given ``item`` is not a string.</doc>
<status status="PASS" start="2024-03-30T16:16:57.059079" elapsed="0.000367"/>
</kw>
<kw name="Should Match Regexp" owner="BuiltIn">
<arg>${json_data['results'][0]['email']}</arg>
<arg>^[a-zA-Z0-9._%+-]+@[a-zA-Z0-9.-]+\.[a-zA-Z]{2,}$</arg>
<doc>Fails if ``string`` does not match ``pattern`` as a regular expression.</doc>
<status status="PASS" start="2024-03-30T16:16:57.059683" elapsed="0.000557"/>
</kw>
<kw name="Should Match Regexp" owner="BuiltIn">
<arg>${json_data['results'][0]['dob']['date']}</arg>
<arg>\\d{4}-\\d{2}-\\d{2}T\\d{2}:\\d{2}:\\d{2}\\.\\d{3}Z</arg>
<doc>Fails if ``string`` does not match ``pattern`` as a regular expression.</doc>
<status status="PASS" start="2024-03-30T16:16:57.060442" elapsed="0.000500"/>
</kw>
<kw name="Should Match Regexp" owner="BuiltIn">
<arg>${json_data['results'][0]['registered']['date']}</arg>
<arg>\\d{4}-\\d{2}-\\d{2}T\\d{2}:\\d{2}:\\d{2}\\.\\d{3}Z</arg>
<doc>Fails if ``string`` does not match ``pattern`` as a regular expression.</doc>
<status status="PASS" start="2024-03-30T16:16:57.061137" elapsed="0.000380"/>
</kw>
<kw name="Should Match Regexp" owner="BuiltIn">
<arg>${json_data['results'][0]['picture']['large']}</arg>
<arg>^https?://.*\.(?:png|jpe?g|gif|bmp)$</arg>
<doc>Fails if ``string`` does not match ``pattern`` as a regular expression.</doc>
<status status="PASS" start="2024-03-30T16:16:57.061708" elapsed="0.000469"/>
</kw>
<kw name="Should Match Regexp" owner="BuiltIn">
<arg>${json_data['results'][0]['picture']['medium']}</arg>
<arg>^https?://.*\.(?:png|jpe?g|gif|bmp)$</arg>
<doc>Fails if ``string`` does not match ``pattern`` as a regular expression.</doc>
<status status="PASS" start="2024-03-30T16:16:57.062366" elapsed="0.000364"/>
</kw>
<kw name="Should Match Regexp" owner="BuiltIn">
<arg>${json_data['results'][0]['picture']['thumbnail']}</arg>
<arg>^https?://.*\.(?:png|jpe?g|gif|bmp)$</arg>
<doc>Fails if ``string`` does not match ``pattern`` as a regular expression.</doc>
<status status="PASS" start="2024-03-30T16:16:57.062919" elapsed="0.000347"/>
</kw>
<kw name="Log" owner="BuiltIn">
<msg time="2024-03-30T16:16:57.063793" level="INFO">{'large': 'https://randomuser.me/api/portraits/men/28.jpg', 'medium': 'https://randomuser.me/api/portraits/med/men/28.jpg', 'thumbnail': 'https://randomuser.me/api/portraits/thumb/men/28.jpg'}</msg>
<arg>${json_data['results'][0]['picture']}</arg>
<doc>Logs the given message with the given level.</doc>
<status status="PASS" start="2024-03-30T16:16:57.063446" elapsed="0.000393"/>
</kw>
<status status="PASS" start="2024-03-30T16:16:56.987961" elapsed="0.076138"/>
</kw>
<kw name="Teste de Tipos de Dados - Postcode" owner="random-user-service">
<kw name="GET On Session" owner="RequestsLibrary">
<msg time="2024-03-30T16:16:57.156769" level="INFO">GET Request : url=https://randomuser.me/api 
 path_url=/api 
 headers={'User-Agent': 'python-requests/2.31.0', 'Accept-Encoding': 'gzip, deflate', 'Accept': '*/*', 'Connection': 'keep-alive'} 
 body=None 
 </msg>
<msg time="2024-03-30T16:16:57.156875" level="INFO">GET Response : url=https://randomuser.me/api 
 status=200, reason=OK 
 headers={'Date': 'Sat, 30 Mar 2024 16:16:57 GMT', 'Content-Type': 'application/json; charset=utf-8', 'Transfer-Encoding': 'chunked', 'Connection': 'keep-alive', 'X-Powered-By': 'Express', 'Access-Control-Allow-Origin': '*', 'Cache-Control': 'no-cache', 'ETag': 'W/"46f-gIucfWC/S9KA+nxIHl53FgB36YQ"', 'Vary': 'Accept-Encoding', 'Content-Encoding': 'gzip', 'CF-Cache-Status': 'DYNAMIC', 'Report-To': '{"endpoints":[{"url":"https:\\/\\/a.nel.cloudflare.com\\/report\\/v4?s=Uza%2FbTiRWGL8PMLF3x9nGnLgtFPMw8WHcCqEm2XXX6jwijrT059qb4S404VNyqQX7jtcbdmWDbFTxdE7Cm8kN9iAnRnVJ9GpdReHP5khCce4Dm%2FCZ8s5Y4rFVpcCWtcT"}],"group":"cf-nel","max_age":604800}', 'NEL': '{"success_fraction":0,"report_to":"cf-nel","max_age":604800}', 'Server': 'cloudflare', 'CF-RAY': '86c96834a8d239a0-IAD', 'alt-svc': 'h3=":443"; ma=86400'} 
 body={"results":[{"gender":"male","name":{"title":"Mr","first":"Efe","last":"Erbulak"},"location":{"street":{"number":3722,"name":"Filistin Cd"},"city":"Giresun","state":"Malatya","country":"Turkey","postcode":22873,"coordinates":{"latitude":"70.7337","longitude":"-47.1254"},"timezone":{"offset":"-12:00","description":"Eniwetok, Kwajalein"}},"email":"efe.erbulak@example.com","login":{"uuid":"45059582-e83f-414b-bfc7-d4dbed91046b","username":"smallladybug882","password":"vikings1","salt":"4Fo8erUp","md5":"ea0c5d20ba277adc501d55430d48526a","sha1":"a65ef3bbe2309da0fc32851ef59c36c6f67ecff2","sha256":"7dd600e7b45e09f491ad4ee6a7419a90ffab01e1ff488a816a09f847d80a2fd5"},"dob":{"date":"1959-03-10T06:51:18.166Z","age":65},"registered":{"date":"2019-08-22T23:03:33.533Z","age":4},"phone":"(986)-002-4755","cell":"(539)-757-0759","id":{"name":"","value":null},"picture":{"large":"https://randomuser.me/api/portraits/men/74.jpg","medium":"https://randomuser.me/api/portraits/med/men/74.jpg","thumbnail":"https://randomuser.me/api/portraits/thumb/men/74.jpg"},"nat":"TR"}],"info":{"seed":"0426a75875b3701e","results":1,"page":1,"version":"1.4"}} 
 </msg>
<msg time="2024-03-30T16:16:57.156971" level="INFO">/opt/hostedtoolcache/Python/3.12.2/x64/lib/python3.12/site-packages/urllib3/connectionpool.py:1103: InsecureRequestWarning: Unverified HTTPS request is being made to host 'randomuser.me'. Adding certificate verification is strongly advised. See: https://urllib3.readthedocs.io/en/latest/advanced-usage.html#tls-warnings
  warnings.warn(</msg>
<msg time="2024-03-30T16:16:57.157115" level="INFO">${response} = &lt;Response [200]&gt;</msg>
<var>${response}</var>
<arg>consultarAPI</arg>
<arg>/api</arg>
<doc>Sends a GET request on a previously created HTTP Session.</doc>
<status status="PASS" start="2024-03-30T16:16:57.064689" elapsed="0.092477"/>
</kw>
<kw name="Set Variable" owner="BuiltIn">
<msg time="2024-03-30T16:16:57.158372" level="INFO">${json_data} = {'results': [{'gender': 'male', 'name': {'title': 'Mr', 'first': 'Efe', 'last': 'Erbulak'}, 'location': {'street': {'number': 3722, 'name': 'Filistin Cd'}, 'city': 'Giresun', 'state': 'Malatya', 'coun...</msg>
<var>${json_data}</var>
<arg>${response.json()}</arg>
<doc>Returns the given values which can then be assigned to a variables.</doc>
<status status="PASS" start="2024-03-30T16:16:57.157820" elapsed="0.000581"/>
</kw>
<kw name="Log" owner="BuiltIn">
<msg time="2024-03-30T16:16:57.159085" level="INFO">{'results': [{'gender': 'male', 'name': {'title': 'Mr', 'first': 'Efe', 'last': 'Erbulak'}, 'location': {'street': {'number': 3722, 'name': 'Filistin Cd'}, 'city': 'Giresun', 'state': 'Malatya', 'country': 'Turkey', 'postcode': 22873, 'coordinates': {'latitude': '70.7337', 'longitude': '-47.1254'}, 'timezone': {'offset': '-12:00', 'description': 'Eniwetok, Kwajalein'}}, 'email': 'efe.erbulak@example.com', 'login': {'uuid': '45059582-e83f-414b-bfc7-d4dbed91046b', 'username': 'smallladybug882', 'password': 'vikings1', 'salt': '4Fo8erUp', 'md5': 'ea0c5d20ba277adc501d55430d48526a', 'sha1': 'a65ef3bbe2309da0fc32851ef59c36c6f67ecff2', 'sha256': '7dd600e7b45e09f491ad4ee6a7419a90ffab01e1ff488a816a09f847d80a2fd5'}, 'dob': {'date': '1959-03-10T06:51:18.166Z', 'age': 65}, 'registered': {'date': '2019-08-22T23:03:33.533Z', 'age': 4}, 'phone': '(986)-002-4755', 'cell': '(539)-757-0759', 'id': {'name': '', 'value': None}, 'picture': {'large': 'https://randomuser.me/api/portraits/men/74.jpg', 'medium': 'https://randomuser.me/api/portraits/med/men/74.jpg', 'thumbnail': 'https://randomuser.me/api/portraits/thumb/men/74.jpg'}, 'nat': 'TR'}], 'info': {'seed': '0426a75875b3701e', 'results': 1, 'page': 1, 'version': '1.4'}}</msg>
<arg>${json_data}</arg>
<doc>Logs the given message with the given level.</doc>
<status status="PASS" start="2024-03-30T16:16:57.158843" elapsed="0.000324"/>
</kw>
<kw name="Should Be Equal As Numbers" owner="BuiltIn">
<arg>${json_data['results'][0]['location']['postcode']}</arg>
<arg>${json_data['results'][0]['location']['postcode']}</arg>
<doc>Fails if objects are unequal after converting them to real numbers.</doc>
<status status="PASS" start="2024-03-30T16:16:57.159665" elapsed="0.000760"/>
</kw>
<kw name="Log" owner="BuiltIn">
<msg time="2024-03-30T16:16:57.161018" level="INFO">22873</msg>
<arg>${json_data['results'][0]['location']['postcode']}</arg>
<doc>Logs the given message with the given level.</doc>
<status status="PASS" start="2024-03-30T16:16:57.160671" elapsed="0.000389"/>
</kw>
<status status="PASS" start="2024-03-30T16:16:57.064321" elapsed="0.097010"/>
</kw>
<doc>Testa se os tipos de dados na resposta da API estão corretos.</doc>
<tag>testeTiposDados</tag>
<status status="PASS" start="2024-03-30T16:16:56.987453" elapsed="0.174057"/>
</test>
<test id="s1-s1-t5" name="Validar conteudo" line="35">
<kw name="Teste de Tipos de Conteudo" owner="random-user-service">
<kw name="GET On Session" owner="RequestsLibrary">
<msg time="2024-03-30T16:16:57.256564" level="INFO">GET Request : url=https://randomuser.me/api 
 path_url=/api 
 headers={'User-Agent': 'python-requests/2.31.0', 'Accept-Encoding': 'gzip, deflate', 'Accept': '*/*', 'Connection': 'keep-alive'} 
 body=None 
 </msg>
<msg time="2024-03-30T16:16:57.256667" level="INFO">GET Response : url=https://randomuser.me/api 
 status=200, reason=OK 
 headers={'Date': 'Sat, 30 Mar 2024 16:16:57 GMT', 'Content-Type': 'application/json; charset=utf-8', 'Transfer-Encoding': 'chunked', 'Connection': 'keep-alive', 'X-Powered-By': 'Express', 'Access-Control-Allow-Origin': '*', 'Cache-Control': 'no-cache', 'ETag': 'W/"499-mIgHglvpWBP32ZENGVAi10X07XI"', 'Vary': 'Accept-Encoding', 'Content-Encoding': 'gzip', 'CF-Cache-Status': 'DYNAMIC', 'Report-To': '{"endpoints":[{"url":"https:\\/\\/a.nel.cloudflare.com\\/report\\/v4?s=kkaf520TwT6PUGa0VfFPwLv4j0xXlMSOudFsRDv4ntcQX%2FjHQErMErVnzZocESFFZieykIHgvV1Ipg%2Fb1iYGOff15ZiDiLyq1d4DTTkXvHKZcIKr1nbww9v2Vl5PEbC3"}],"group":"cf-nel","max_age":604800}', 'NEL': '{"success_fraction":0,"report_to":"cf-nel","max_age":604800}', 'Server': 'cloudflare', 'CF-RAY': '86c96835497539a0-IAD', 'alt-svc': 'h3=":443"; ma=86400'} 
 body={"results":[{"gender":"male","name":{"title":"Mr","first":"Maurice","last":"Daniel"},"location":{"street":{"number":3292,"name":"Waldweg"},"city":"Heiligenhafen","state":"Niedersachsen","country":"Germany","postcode":86699,"coordinates":{"latitude":"-53.5942","longitude":"-17.6537"},"timezone":{"offset":"+5:30","description":"Bombay, Calcutta, Madras, New Delhi"}},"email":"maurice.daniel@example.com","login":{"uuid":"a1b5f58d-db7a-4a1b-8aa8-651ea4959592","username":"redleopard466","password":"nicolas","salt":"1SBNPfSG","md5":"96ce5b3844229cc7ee074bc36dd4ae9a","sha1":"9375ecdebe1f1f1b42b666cb7f122fc6f126b441","sha256":"a1e36d0d752b70528455bea6b46c066adb5978fa753fa31bf2f80f611b697f0b"},"dob":{"date":"1962-10-25T16:16:26.248Z","age":61},"registered":{"date":"2004-01-15T02:32:55.507Z","age":20},"phone":"0636-3635130","cell":"0174-9114475","id":{"name":"SVNR","value":"77 251062 D 323"},"picture":{"large":"https://randomuser.me/api/portraits/men/93.jpg","medium":"https://randomuser.me/api/portraits/med/men/93.jpg","thumbnail":"https://randomuser.me/api/portraits/thumb/men/93.jpg"},"nat":"DE"}],"info":{"seed":"15710890856be44b","results":1,"page":1,"version":"1.4"}} 
 </msg>
<msg time="2024-03-30T16:16:57.256736" level="INFO">/opt/hostedtoolcache/Python/3.12.2/x64/lib/python3.12/site-packages/urllib3/connectionpool.py:1103: InsecureRequestWarning: Unverified HTTPS request is being made to host 'randomuser.me'. Adding certificate verification is strongly advised. See: https://urllib3.readthedocs.io/en/latest/advanced-usage.html#tls-warnings
  warnings.warn(</msg>
<msg time="2024-03-30T16:16:57.256858" level="INFO">${response} = &lt;Response [200]&gt;</msg>
<var>${response}</var>
<arg>consultarAPI</arg>
<arg>/api</arg>
<doc>Sends a GET request on a previously created HTTP Session.</doc>
<status status="PASS" start="2024-03-30T16:16:57.164030" elapsed="0.092871"/>
</kw>
<kw name="Set Variable" owner="BuiltIn">
<msg time="2024-03-30T16:16:57.258007" level="INFO">${json_data} = {'results': [{'gender': 'male', 'name': {'title': 'Mr', 'first': 'Maurice', 'last': 'Daniel'}, 'location': {'street': {'number': 3292, 'name': 'Waldweg'}, 'city': 'Heiligenhafen', 'state': 'Niedersach...</msg>
<var>${json_data}</var>
<arg>${response.json()}</arg>
<doc>Returns the given values which can then be assigned to a variables.</doc>
<status status="PASS" start="2024-03-30T16:16:57.257461" elapsed="0.000576"/>
</kw>
<kw name="Set Variable" owner="BuiltIn">
<msg time="2024-03-30T16:16:57.258818" level="INFO">${name_title} = Mr</msg>
<var>${name_title}</var>
<arg>${json_data["results"][0]["name"]["title"]}</arg>
<doc>Returns the given values which can then be assigned to a variables.</doc>
<status status="PASS" start="2024-03-30T16:16:57.258396" elapsed="0.000448"/>
</kw>
<kw name="Create List" owner="BuiltIn">
<msg time="2024-03-30T16:16:57.259378" level="INFO">${allowed_titles} = ['Mr', 'Ms', 'Miss', 'Mrs', 'Madame', 'Monsieur']</msg>
<var>${allowed_titles}</var>
<arg>Mr</arg>
<arg>Ms</arg>
<arg>Miss</arg>
<arg>Mrs</arg>
<arg>Madame</arg>
<arg>Monsieur</arg>
<doc>Returns a list containing given items.</doc>
<status status="PASS" start="2024-03-30T16:16:57.259193" elapsed="0.000213"/>
</kw>
<kw name="List Should Contain Value" owner="Collections">
<msg time="2024-03-30T16:16:57.259952" level="INFO">False</msg>
<arg>${allowed_titles}</arg>
<arg>${name_title}</arg>
<doc>Fails if the ``value`` is not found from ``list``.</doc>
<status status="PASS" start="2024-03-30T16:16:57.259764" elapsed="0.000227"/>
</kw>
<kw name="Set Variable" owner="BuiltIn">
<msg time="2024-03-30T16:16:57.260691" level="INFO">${name_country} = DE</msg>
<var>${name_country}</var>
<arg>${json_data["results"][0]["nat"]}</arg>
<doc>Returns the given values which can then be assigned to a variables.</doc>
<status status="PASS" start="2024-03-30T16:16:57.260293" elapsed="0.000424"/>
</kw>
<kw name="Create List" owner="BuiltIn">
<msg time="2024-03-30T16:16:57.261663" level="INFO">${list_country} = ['AD', 'AE', 'AF', 'AG', 'AI', 'AL', 'AM', 'AO', 'AQ', 'AR', 'AS', 'AT', 'AU', 'AW', 'AX', 'AZ', 'BA', 'BB', 'BD', 'BE', 'BF', 'BG', 'BH', 'BI', 'BJ', 'BL', 'BM', 'BN', 'BO', 'BQ', 'BR', 'BS', 'BT', '...</msg>
<var>${list_country}</var>
<arg>AD</arg>
<arg>AE</arg>
<arg>AF</arg>
<arg>AG</arg>
<arg>AI</arg>
<arg>AL</arg>
<arg>AM</arg>
<arg>AO</arg>
<arg>AQ</arg>
<arg>AR</arg>
<arg>AS</arg>
<arg>AT</arg>
<arg>AU</arg>
<arg>AW</arg>
<arg>AX</arg>
<arg>AZ</arg>
<arg>BA</arg>
<arg>BB</arg>
<arg>BD</arg>
<arg>BE</arg>
<arg>BF</arg>
<arg>BG</arg>
<arg>BH</arg>
<arg>BI</arg>
<arg>BJ</arg>
<arg>BL</arg>
<arg>BM</arg>
<arg>BN</arg>
<arg>BO</arg>
<arg>BQ</arg>
<arg>BR</arg>
<arg>BS</arg>
<arg>BT</arg>
<arg>BV</arg>
<arg>BW</arg>
<arg>BY</arg>
<arg>BZ</arg>
<arg>CA</arg>
<arg>CC</arg>
<arg>CD</arg>
<arg>CF</arg>
<arg>CG</arg>
<arg>CH</arg>
<arg>CI</arg>
<arg>CK</arg>
<arg>CL</arg>
<arg>CM</arg>
<arg>CN</arg>
<arg>CO</arg>
<arg>CR</arg>
<arg>CU</arg>
<arg>CV</arg>
<arg>CW</arg>
<arg>CX</arg>
<arg>CY</arg>
<arg>CZ</arg>
<arg>DE</arg>
<arg>DJ</arg>
<arg>DK</arg>
<arg>DM</arg>
<arg>DO</arg>
<arg>DZ</arg>
<arg>EC</arg>
<arg>EE</arg>
<arg>EG</arg>
<arg>EH</arg>
<arg>ER</arg>
<arg>ES</arg>
<arg>ET</arg>
<arg>FI</arg>
<arg>FJ</arg>
<arg>FK</arg>
<arg>FM</arg>
<arg>FO</arg>
<arg>FR</arg>
<arg>GA</arg>
<arg>GB</arg>
<arg>GD</arg>
<arg>GE</arg>
<arg>GF</arg>
<arg>GG</arg>
<arg>GH</arg>
<arg>GI</arg>
<arg>GL</arg>
<arg>GM</arg>
<arg>GN</arg>
<arg>GP</arg>
<arg>GQ</arg>
<arg>GR</arg>
<arg>GS</arg>
<arg>GT</arg>
<arg>GU</arg>
<arg>GW</arg>
<arg>GY</arg>
<arg>HK</arg>
<arg>HM</arg>
<arg>HN</arg>
<arg>HR</arg>
<arg>HT</arg>
<arg>HU</arg>
<arg>ID</arg>
<arg>IE</arg>
<arg>IL</arg>
<arg>IM</arg>
<arg>IN</arg>
<arg>IO</arg>
<arg>IQ</arg>
<arg>IR</arg>
<arg>IS</arg>
<arg>IT</arg>
<arg>JE</arg>
<arg>JM</arg>
<arg>JO</arg>
<arg>JP</arg>
<arg>KE</arg>
<arg>KG</arg>
<arg>KH</arg>
<arg>KI</arg>
<arg>KM</arg>
<arg>KN</arg>
<arg>KP</arg>
<arg>KR</arg>
<arg>KW</arg>
<arg>KY</arg>
<arg>KZ</arg>
<arg>LA</arg>
<arg>LB</arg>
<arg>LC</arg>
<arg>LI</arg>
<arg>LK</arg>
<arg>LR</arg>
<arg>LS</arg>
<arg>LT</arg>
<arg>LU</arg>
<arg>LV</arg>
<arg>LY</arg>
<arg>MA</arg>
<arg>MC</arg>
<arg>MD</arg>
<arg>ME</arg>
<arg>MF</arg>
<arg>MG</arg>
<arg>MH</arg>
<arg>MK</arg>
<arg>ML</arg>
<arg>MM</arg>
<arg>MN</arg>
<arg>MO</arg>
<arg>MP</arg>
<arg>MQ</arg>
<arg>MR</arg>
<arg>MS</arg>
<arg>MT</arg>
<arg>MU</arg>
<arg>MV</arg>
<arg>MW</arg>
<arg>MX</arg>
<arg>MY</arg>
<arg>MZ</arg>
<arg>NA</arg>
<arg>NC</arg>
<arg>NE</arg>
<arg>NF</arg>
<arg>NG</arg>
<arg>NI</arg>
<arg>NL</arg>
<arg>NO</arg>
<arg>NP</arg>
<arg>NR</arg>
<arg>NU</arg>
<arg>NZ</arg>
<arg>OM</arg>
<arg>PA</arg>
<arg>PE</arg>
<arg>PF</arg>
<arg>PG</arg>
<arg>PH</arg>
<arg>PK</arg>
<arg>PL</arg>
<arg>PM</arg>
<arg>PN</arg>
<arg>PR</arg>
<arg>PS</arg>
<arg>PT</arg>
<arg>PW</arg>
<arg>PY</arg>
<arg>QA</arg>
<arg>RE</arg>
<arg>RO</arg>
<arg>RS</arg>
<arg>RU</arg>
<arg>RW</arg>
<arg>SA</arg>
<arg>SB</arg>
<arg>SC</arg>
<arg>SD</arg>
<arg>SE</arg>
<arg>SG</arg>
<arg>SH</arg>
<arg>SI</arg>
<arg>SJ</arg>
<arg>SK</arg>
<arg>SL</arg>
<arg>SM</arg>
<arg>SN</arg>
<arg>SO</arg>
<arg>SR</arg>
<arg>SS</arg>
<arg>ST</arg>
<arg>SV</arg>
<arg>SX</arg>
<arg>SY</arg>
<arg>SZ</arg>
<arg>TC</arg>
<arg>TD</arg>
<arg>TF</arg>
<arg>TG</arg>
<arg>TH</arg>
<arg>TJ</arg>
<arg>TK</arg>
<arg>TL</arg>
<arg>TM</arg>
<arg>TN</arg>
<arg>TO</arg>
<arg>TR</arg>
<arg>TT</arg>
<arg>TV</arg>
<arg>TW</arg>
<arg>TZ</arg>
<arg>UA</arg>
<arg>UG</arg>
<arg>UM</arg>
<arg>US</arg>
<arg>UY</arg>
<arg>UZ</arg>
<arg>VA</arg>
<arg>VC</arg>
<arg>VE</arg>
<arg>VG</arg>
<arg>VI</arg>
<arg>VN</arg>
<arg>VU</arg>
<arg>WF</arg>
<arg>WS</arg>
<arg>XK</arg>
<arg>YE</arg>
<arg>YT</arg>
<arg>ZA</arg>
<arg>ZM</arg>
<arg>ZW</arg>
<doc>Returns a list containing given items.</doc>
<status status="PASS" start="2024-03-30T16:16:57.261036" elapsed="0.000653"/>
</kw>
<kw name="List Should Contain Value" owner="Collections">
<msg time="2024-03-30T16:16:57.262836" level="INFO">False</msg>
<arg>${list_country}</arg>
<arg>${name_country}</arg>
<doc>Fails if the ``value`` is not found from ``list``.</doc>
<status status="PASS" start="2024-03-30T16:16:57.262625" elapsed="0.000250"/>
</kw>
<kw name="Run Keyword If" owner="BuiltIn">
<kw name="Should Be True" owner="BuiltIn">
<arg>${True}</arg>
<doc>Fails if the given condition is not true.</doc>
<status status="PASS" start="2024-03-30T16:16:57.264017" elapsed="0.000149"/>
</kw>
<arg>${json_data["results"][0]["location"]["coordinates"]["latitude"]} &gt;= -90 and ${json_data["results"][0]["location"]["coordinates"]["latitude"]} &lt;= 90</arg>
<arg>Should Be True</arg>
<arg>${True}</arg>
<doc>Runs the given keyword with the given arguments, if ``condition`` is true.</doc>
<status status="PASS" start="2024-03-30T16:16:57.263206" elapsed="0.001091"/>
</kw>
<kw name="Run Keyword If" owner="BuiltIn">
<kw name="Should Be True" owner="BuiltIn">
<arg>${True}</arg>
<doc>Fails if the given condition is not true.</doc>
<status status="PASS" start="2024-03-30T16:16:57.265199" elapsed="0.000142"/>
</kw>
<arg>${json_data["results"][0]["location"]["coordinates"]["longitude"]} &gt;= -180 and ${json_data["results"][0]["location"]["coordinates"]["longitude"]} &lt;= 180</arg>
<arg>Should Be True</arg>
<arg>${True}</arg>
<doc>Runs the given keyword with the given arguments, if ``condition`` is true.</doc>
<status status="PASS" start="2024-03-30T16:16:57.264486" elapsed="0.000986"/>
</kw>
<status status="PASS" start="2024-03-30T16:16:57.163793" elapsed="0.101815"/>
</kw>
<doc>Testa o conteúdo específico dos campos retornados pela API.</doc>
<tag>testeConteudo</tag>
<status status="PASS" start="2024-03-30T16:16:57.163295" elapsed="0.102475"/>
</test>
<status status="PASS" start="2024-03-30T16:16:56.468023" elapsed="0.799721"/>
</suite>
<status status="PASS" start="2024-03-30T16:16:56.454139" elapsed="0.818964"/>
</suite>
<statistics>
<total>
<stat pass="5" fail="0" skip="0">All Tests</stat>
</total>
<tag>
<stat pass="1" fail="0" skip="0">testeConteudo</stat>
<stat pass="1" fail="0" skip="0">testeEstruturaResposta</stat>
<stat pass="1" fail="0" skip="0">testeRequisicaoBasica</stat>
<stat pass="1" fail="0" skip="0">testeTiposDados</stat>
</tag>
<suite>
<stat pass="5" fail="0" skip="0" id="s1" name="Tests">Tests</stat>
<stat pass="5" fail="0" skip="0" id="s1-s1" name="Random-User-Test">Tests.Random-User-Test</stat>
</suite>
</statistics>
<errors>
</errors>
</robot>
