<?xml version="1.0" encoding="UTF-8"?>
<robot generator="Robot 7.0.1 (Python 3.12.3 on linux)" generated="2024-06-17T19:12:01.541547" rpa="false" schemaversion="5">
<suite id="s1" name="Tests" source="/home/runner/work/ApiRandomUser/ApiRandomUser/RamdonUser/tests">
<suite id="s1-s1" name="Random-User-Test" source="/home/runner/work/ApiRandomUser/ApiRandomUser/RamdonUser/tests/random-user-test.robot">
<test id="s1-s1-t1" name="Conectar" line="13">
<kw name="Conectar API" owner="random-user-service">
<kw name="Create Session" owner="RequestsLibrary">
<msg time="2024-06-17T19:12:01.943145" level="INFO">Creating Session using : alias=consultarAPI, url=https://randomuser.me/, headers={},                     cookies={}, auth=None, timeout=None, proxies=None, verify=False,                     debug=0 </msg>
<arg>consultarAPI</arg>
<arg>${URL}</arg>
<doc>Create Session: create a HTTP session to a server</doc>
<status status="PASS" start="2024-06-17T19:12:01.942942" elapsed="0.000392"/>
</kw>
<status status="PASS" start="2024-06-17T19:12:01.941960" elapsed="0.001763"/>
</kw>
<status status="PASS" start="2024-06-17T19:12:01.941353" elapsed="0.002563"/>
</test>
<test id="s1-s1-t2" name="Validar retorno 200 e JSON Válido" line="16">
<kw name="Teste de Requisicao Basica" owner="random-user-service">
<kw name="GET On Session" owner="RequestsLibrary">
<msg time="2024-06-17T19:12:02.074807" level="INFO">GET Request : url=https://randomuser.me/api 
 path_url=/api 
 headers={'User-Agent': 'python-requests/2.32.3', 'Accept-Encoding': 'gzip, deflate', 'Accept': '*/*', 'Connection': 'keep-alive'} 
 body=None 
 </msg>
<msg time="2024-06-17T19:12:02.074979" level="INFO">GET Response : url=https://randomuser.me/api 
 status=200, reason=OK 
 headers={'Date': 'Mon, 17 Jun 2024 19:12:02 GMT', 'Content-Type': 'application/json; charset=utf-8', 'Transfer-Encoding': 'chunked', 'Connection': 'keep-alive', 'X-Powered-By': 'Express', 'Access-Control-Allow-Origin': '*', 'Cache-Control': 'no-cache', 'ETag': 'W/"494-5wmsb+8MijlNk7uIELi07y9LW/0"', 'Vary': 'Accept-Encoding', 'Content-Encoding': 'gzip', 'CF-Cache-Status': 'DYNAMIC', 'Report-To': '{"endpoints":[{"url":"https:\\/\\/a.nel.cloudflare.com\\/report\\/v4?s=COeugnHQ83XP6UlycdablcUGNEr0JGaczhTJFEZmFqXpW2SnDCGloYf7w7BM468UgdwxUMBaF%2BzU8B3xVhvDQ6sw8tXVfV8X%2F9aOOyyoRGcOAeptwR8EKWOgJubw2EO6"}],"group":"cf-nel","max_age":604800}', 'NEL': '{"success_fraction":0,"report_to":"cf-nel","max_age":604800}', 'Server': 'cloudflare', 'CF-RAY': '8955594c5c1f9658-SJC', 'alt-svc': 'h3=":443"; ma=86400'} 
 body={"results":[{"gender":"male","name":{"title":"Mr","first":"Theo","last":"Thompson"},"location":{"street":{"number":985,"name":"Devonport Road"},"city":"Wellington","state":"Manawatu-Wanganui","country":"New Zealand","postcode":56666,"coordinates":{"latitude":"51.1803","longitude":"-24.4534"},"timezone":{"offset":"-6:00","description":"Central Time (US &amp; Canada), Mexico City"}},"email":"theo.thompson@example.com","login":{"uuid":"eb313e58-a9bb-47a7-ae6a-a7fca928d887","username":"happymouse705","password":"true","salt":"NMRRENCy","md5":"6c1a78f76b309243907400bb80388124","sha1":"40aed2a8a79763961960f2ae725ef1fe40cc0f22","sha256":"571bc9fd4a1c032a7e422ac17ea93080d604a57753528ba52fc471e1d8ec922b"},"dob":{"date":"1970-05-09T07:55:37.089Z","age":54},"registered":{"date":"2021-12-30T19:42:52.100Z","age":2},"phone":"(661)-585-5461","cell":"(740)-530-4252","id":{"name":"","value":null},"picture":{"large":"https://randomuser.me/api/portraits/men/81.jpg","medium":"https://randomuser.me/api/portraits/med/men/81.jpg","thumbnail":"https://randomuser.me/api/portraits/thumb/men/81.jpg"},"nat":"NZ"}],"info":{"seed":"a712c36a061da223","results":1,"page":1,"version":"1.4"}} 
 </msg>
<msg time="2024-06-17T19:12:02.075086" level="INFO">/opt/hostedtoolcache/Python/3.12.3/x64/lib/python3.12/site-packages/urllib3/connectionpool.py:1099: InsecureRequestWarning: Unverified HTTPS request is being made to host 'randomuser.me'. Adding certificate verification is strongly advised. See: https://urllib3.readthedocs.io/en/latest/advanced-usage.html#tls-warnings
  warnings.warn(</msg>
<msg time="2024-06-17T19:12:02.075261" level="INFO">${response} = &lt;Response [200]&gt;</msg>
<var>${response}</var>
<arg>consultarAPI</arg>
<arg>/api</arg>
<doc>Sends a GET request on a previously created HTTP Session.</doc>
<status status="PASS" start="2024-06-17T19:12:01.946584" elapsed="0.128722"/>
</kw>
<kw name="Should Be Equal As Numbers" owner="BuiltIn">
<msg time="2024-06-17T19:12:02.076475" level="INFO">Argument types are:
&lt;class 'int'&gt;
&lt;class 'str'&gt;</msg>
<arg>${response.status_code}</arg>
<arg>200</arg>
<doc>Fails if objects are unequal after converting them to real numbers.</doc>
<status status="PASS" start="2024-06-17T19:12:02.075978" elapsed="0.000563"/>
</kw>
<kw name="Log" owner="BuiltIn">
<msg time="2024-06-17T19:12:02.077227" level="INFO">200</msg>
<arg>${response.status_code}</arg>
<doc>Logs the given message with the given level.</doc>
<status status="PASS" start="2024-06-17T19:12:02.076882" elapsed="0.000387"/>
</kw>
<kw name="Set Variable" owner="BuiltIn">
<msg time="2024-06-17T19:12:02.078003" level="INFO">${json_data} = {'results': [{'gender': 'male', 'name': {'title': 'Mr', 'first': 'Theo', 'last': 'Thompson'}, 'location': {'street': {'number': 985, 'name': 'Devonport Road'}, 'city': 'Wellington', 'state': 'Manawatu...</msg>
<var>${json_data}</var>
<arg>${response.json()}</arg>
<doc>Returns the given values which can then be assigned to a variables.</doc>
<status status="PASS" start="2024-06-17T19:12:02.077577" elapsed="0.000454"/>
</kw>
<kw name="Dictionary Should Contain Key" owner="Collections">
<arg>${json_data}</arg>
<arg>results</arg>
<doc>Fails if ``key`` is not found from ``dictionary``.</doc>
<status status="PASS" start="2024-06-17T19:12:02.078330" elapsed="0.000161"/>
</kw>
<status status="PASS" start="2024-06-17T19:12:01.946341" elapsed="0.132308"/>
</kw>
<doc>Testa se a API responde corretamente e retorna um objeto JSON válido.</doc>
<tag>testeRequisicaoBasica</tag>
<status status="PASS" start="2024-06-17T19:12:01.945780" elapsed="0.133046"/>
</test>
<test id="s1-s1-t3" name="Validar estrutura de resposta" line="22">
<kw name="Teste de Estrutura de Resposta" owner="random-user-service">
<kw name="GET On Session" owner="RequestsLibrary">
<msg time="2024-06-17T19:12:02.165624" level="INFO">GET Request : url=https://randomuser.me/api 
 path_url=/api 
 headers={'User-Agent': 'python-requests/2.32.3', 'Accept-Encoding': 'gzip, deflate', 'Accept': '*/*', 'Connection': 'keep-alive'} 
 body=None 
 </msg>
<msg time="2024-06-17T19:12:02.165739" level="INFO">GET Response : url=https://randomuser.me/api 
 status=200, reason=OK 
 headers={'Date': 'Mon, 17 Jun 2024 19:12:02 GMT', 'Content-Type': 'application/json; charset=utf-8', 'Transfer-Encoding': 'chunked', 'Connection': 'keep-alive', 'X-Powered-By': 'Express', 'Access-Control-Allow-Origin': '*', 'Cache-Control': 'no-cache', 'ETag': 'W/"486-9p1jC34VfmJYuApN/D1zkq7EyAw"', 'Vary': 'Accept-Encoding', 'Content-Encoding': 'gzip', 'CF-Cache-Status': 'DYNAMIC', 'Report-To': '{"endpoints":[{"url":"https:\\/\\/a.nel.cloudflare.com\\/report\\/v4?s=gTO4YR8fVjKNS34Alm2rzTxxP77Pt7%2FDX85mCIyOQtur8NpjSHRHlceuv1Fdh0ot%2FbQOQ9899dRuSuC%2F3N9kouiwv5VxNIvQyi84t3sHaSQ69dW9VeqyHoaZQXVnFZyL"}],"group":"cf-nel","max_age":604800}', 'NEL': '{"success_fraction":0,"report_to":"cf-nel","max_age":604800}', 'Server': 'cloudflare', 'CF-RAY': '8955594d0ca29658-SJC', 'alt-svc': 'h3=":443"; ma=86400'} 
 body={"results":[{"gender":"male","name":{"title":"Mr","first":"Frank","last":"Schanke"},"location":{"street":{"number":8644,"name":"Holmboes gate"},"city":"Straumen","state":"Buskerud","country":"Norway","postcode":"9775","coordinates":{"latitude":"39.4932","longitude":"-31.6509"},"timezone":{"offset":"+9:00","description":"Tokyo, Seoul, Osaka, Sapporo, Yakutsk"}},"email":"frank.schanke@example.com","login":{"uuid":"4bed5c2f-2b27-4d7c-b79f-c92aa79d9254","username":"purplewolf812","password":"inferno","salt":"jTiC2BW8","md5":"98aab490a09f08887e2b92a474ac74c7","sha1":"3b2ba77af967b741c5f3ef155bc07402302d15b6","sha256":"7fa0d87dbbd4452c130b17687e39f24dfc4bf2fb1148f975e46d06bc05c97447"},"dob":{"date":"1976-10-23T10:54:04.974Z","age":47},"registered":{"date":"2004-12-20T16:35:12.851Z","age":19},"phone":"64586132","cell":"46286371","id":{"name":"FN","value":"23107632786"},"picture":{"large":"https://randomuser.me/api/portraits/men/67.jpg","medium":"https://randomuser.me/api/portraits/med/men/67.jpg","thumbnail":"https://randomuser.me/api/portraits/thumb/men/67.jpg"},"nat":"NO"}],"info":{"seed":"a89ea1622cdd8b0b","results":1,"page":1,"version":"1.4"}} 
 </msg>
<msg time="2024-06-17T19:12:02.165881" level="INFO">/opt/hostedtoolcache/Python/3.12.3/x64/lib/python3.12/site-packages/urllib3/connectionpool.py:1099: InsecureRequestWarning: Unverified HTTPS request is being made to host 'randomuser.me'. Adding certificate verification is strongly advised. See: https://urllib3.readthedocs.io/en/latest/advanced-usage.html#tls-warnings
  warnings.warn(</msg>
<msg time="2024-06-17T19:12:02.166010" level="INFO">${response} = &lt;Response [200]&gt;</msg>
<var>${response}</var>
<arg>consultarAPI</arg>
<arg>/api</arg>
<doc>Sends a GET request on a previously created HTTP Session.</doc>
<status status="PASS" start="2024-06-17T19:12:02.081565" elapsed="0.084490"/>
</kw>
<kw name="Set Variable" owner="BuiltIn">
<msg time="2024-06-17T19:12:02.167256" level="INFO">${json_data} = {'results': [{'gender': 'male', 'name': {'title': 'Mr', 'first': 'Frank', 'last': 'Schanke'}, 'location': {'street': {'number': 8644, 'name': 'Holmboes gate'}, 'city': 'Straumen', 'state': 'Buskerud',...</msg>
<var>${json_data}</var>
<arg>${response.json()}</arg>
<doc>Returns the given values which can then be assigned to a variables.</doc>
<status status="PASS" start="2024-06-17T19:12:02.166686" elapsed="0.000599"/>
</kw>
<kw name="Log" owner="BuiltIn">
<msg time="2024-06-17T19:12:02.167826" level="INFO">{'results': [{'gender': 'male', 'name': {'title': 'Mr', 'first': 'Frank', 'last': 'Schanke'}, 'location': {'street': {'number': 8644, 'name': 'Holmboes gate'}, 'city': 'Straumen', 'state': 'Buskerud', 'country': 'Norway', 'postcode': '9775', 'coordinates': {'latitude': '39.4932', 'longitude': '-31.6509'}, 'timezone': {'offset': '+9:00', 'description': 'Tokyo, Seoul, Osaka, Sapporo, Yakutsk'}}, 'email': 'frank.schanke@example.com', 'login': {'uuid': '4bed5c2f-2b27-4d7c-b79f-c92aa79d9254', 'username': 'purplewolf812', 'password': 'inferno', 'salt': 'jTiC2BW8', 'md5': '98aab490a09f08887e2b92a474ac74c7', 'sha1': '3b2ba77af967b741c5f3ef155bc07402302d15b6', 'sha256': '7fa0d87dbbd4452c130b17687e39f24dfc4bf2fb1148f975e46d06bc05c97447'}, 'dob': {'date': '1976-10-23T10:54:04.974Z', 'age': 47}, 'registered': {'date': '2004-12-20T16:35:12.851Z', 'age': 19}, 'phone': '64586132', 'cell': '46286371', 'id': {'name': 'FN', 'value': '23107632786'}, 'picture': {'large': 'https://randomuser.me/api/portraits/men/67.jpg', 'medium': 'https://randomuser.me/api/portraits/med/men/67.jpg', 'thumbnail': 'https://randomuser.me/api/portraits/thumb/men/67.jpg'}, 'nat': 'NO'}], 'info': {'seed': 'a89ea1622cdd8b0b', 'results': 1, 'page': 1, 'version': '1.4'}}</msg>
<arg>${json_data}</arg>
<doc>Logs the given message with the given level.</doc>
<status status="PASS" start="2024-06-17T19:12:02.167656" elapsed="0.000222"/>
</kw>
<kw name="Dictionary Should Contain Key" owner="Collections">
<arg>${json_data}</arg>
<arg>results</arg>
<doc>Fails if ``key`` is not found from ``dictionary``.</doc>
<status status="PASS" start="2024-06-17T19:12:02.168176" elapsed="0.000159"/>
</kw>
<kw name="Should Not Be Empty" owner="BuiltIn">
<msg time="2024-06-17T19:12:02.168654" level="INFO">Length is 2.</msg>
<arg>${json_data}</arg>
<doc>Verifies that the given item is not empty.</doc>
<status status="PASS" start="2024-06-17T19:12:02.168520" elapsed="0.000176"/>
</kw>
<kw name="Create List" owner="BuiltIn">
<msg time="2024-06-17T19:12:02.169130" level="INFO">${expected_keys} = ['gender', 'name', 'location', 'email', 'login']</msg>
<var>${expected_keys}</var>
<arg>gender</arg>
<arg>name</arg>
<arg>location</arg>
<arg>email</arg>
<arg>login</arg>
<doc>Returns a list containing given items.</doc>
<status status="PASS" start="2024-06-17T19:12:02.168985" elapsed="0.000169"/>
</kw>
<for flavor="IN">
<iter>
<kw name="Dictionary Should Contain Key" owner="Collections">
<arg>${json_data['results'][0]}</arg>
<arg>${key}</arg>
<doc>Fails if ``key`` is not found from ``dictionary``.</doc>
<status status="PASS" start="2024-06-17T19:12:02.169905" elapsed="0.000401"/>
</kw>
<kw name="Log" owner="BuiltIn">
<msg time="2024-06-17T19:12:02.170850" level="INFO">{'gender': 'male', 'name': {'title': 'Mr', 'first': 'Frank', 'last': 'Schanke'}, 'location': {'street': {'number': 8644, 'name': 'Holmboes gate'}, 'city': 'Straumen', 'state': 'Buskerud', 'country': 'Norway', 'postcode': '9775', 'coordinates': {'latitude': '39.4932', 'longitude': '-31.6509'}, 'timezone': {'offset': '+9:00', 'description': 'Tokyo, Seoul, Osaka, Sapporo, Yakutsk'}}, 'email': 'frank.schanke@example.com', 'login': {'uuid': '4bed5c2f-2b27-4d7c-b79f-c92aa79d9254', 'username': 'purplewolf812', 'password': 'inferno', 'salt': 'jTiC2BW8', 'md5': '98aab490a09f08887e2b92a474ac74c7', 'sha1': '3b2ba77af967b741c5f3ef155bc07402302d15b6', 'sha256': '7fa0d87dbbd4452c130b17687e39f24dfc4bf2fb1148f975e46d06bc05c97447'}, 'dob': {'date': '1976-10-23T10:54:04.974Z', 'age': 47}, 'registered': {'date': '2004-12-20T16:35:12.851Z', 'age': 19}, 'phone': '64586132', 'cell': '46286371', 'id': {'name': 'FN', 'value': '23107632786'}, 'picture': {'large': 'https://randomuser.me/api/portraits/men/67.jpg', 'medium': 'https://randomuser.me/api/portraits/med/men/67.jpg', 'thumbnail': 'https://randomuser.me/api/portraits/thumb/men/67.jpg'}, 'nat': 'NO'}</msg>
<arg>${json_data['results'][0]}</arg>
<doc>Logs the given message with the given level.</doc>
<status status="PASS" start="2024-06-17T19:12:02.170493" elapsed="0.000406"/>
</kw>
<kw name="Log" owner="BuiltIn">
<msg time="2024-06-17T19:12:02.171321" level="INFO">gender</msg>
<arg>${key}</arg>
<doc>Logs the given message with the given level.</doc>
<status status="PASS" start="2024-06-17T19:12:02.171195" elapsed="0.000164"/>
</kw>
<var name="${key}">gender</var>
<status status="PASS" start="2024-06-17T19:12:02.169774" elapsed="0.001827"/>
</iter>
<iter>
<kw name="Dictionary Should Contain Key" owner="Collections">
<arg>${json_data['results'][0]}</arg>
<arg>${key}</arg>
<doc>Fails if ``key`` is not found from ``dictionary``.</doc>
<status status="PASS" start="2024-06-17T19:12:02.171902" elapsed="0.000384"/>
</kw>
<kw name="Log" owner="BuiltIn">
<msg time="2024-06-17T19:12:02.172815" level="INFO">{'gender': 'male', 'name': {'title': 'Mr', 'first': 'Frank', 'last': 'Schanke'}, 'location': {'street': {'number': 8644, 'name': 'Holmboes gate'}, 'city': 'Straumen', 'state': 'Buskerud', 'country': 'Norway', 'postcode': '9775', 'coordinates': {'latitude': '39.4932', 'longitude': '-31.6509'}, 'timezone': {'offset': '+9:00', 'description': 'Tokyo, Seoul, Osaka, Sapporo, Yakutsk'}}, 'email': 'frank.schanke@example.com', 'login': {'uuid': '4bed5c2f-2b27-4d7c-b79f-c92aa79d9254', 'username': 'purplewolf812', 'password': 'inferno', 'salt': 'jTiC2BW8', 'md5': '98aab490a09f08887e2b92a474ac74c7', 'sha1': '3b2ba77af967b741c5f3ef155bc07402302d15b6', 'sha256': '7fa0d87dbbd4452c130b17687e39f24dfc4bf2fb1148f975e46d06bc05c97447'}, 'dob': {'date': '1976-10-23T10:54:04.974Z', 'age': 47}, 'registered': {'date': '2004-12-20T16:35:12.851Z', 'age': 19}, 'phone': '64586132', 'cell': '46286371', 'id': {'name': 'FN', 'value': '23107632786'}, 'picture': {'large': 'https://randomuser.me/api/portraits/men/67.jpg', 'medium': 'https://randomuser.me/api/portraits/med/men/67.jpg', 'thumbnail': 'https://randomuser.me/api/portraits/thumb/men/67.jpg'}, 'nat': 'NO'}</msg>
<arg>${json_data['results'][0]}</arg>
<doc>Logs the given message with the given level.</doc>
<status status="PASS" start="2024-06-17T19:12:02.172472" elapsed="0.000424"/>
</kw>
<kw name="Log" owner="BuiltIn">
<msg time="2024-06-17T19:12:02.173322" level="INFO">name</msg>
<arg>${key}</arg>
<doc>Logs the given message with the given level.</doc>
<status status="PASS" start="2024-06-17T19:12:02.173194" elapsed="0.000166"/>
</kw>
<var name="${key}">name</var>
<status status="PASS" start="2024-06-17T19:12:02.171788" elapsed="0.001787"/>
</iter>
<iter>
<kw name="Dictionary Should Contain Key" owner="Collections">
<arg>${json_data['results'][0]}</arg>
<arg>${key}</arg>
<doc>Fails if ``key`` is not found from ``dictionary``.</doc>
<status status="PASS" start="2024-06-17T19:12:02.173858" elapsed="0.000371"/>
</kw>
<kw name="Log" owner="BuiltIn">
<msg time="2024-06-17T19:12:02.174759" level="INFO">{'gender': 'male', 'name': {'title': 'Mr', 'first': 'Frank', 'last': 'Schanke'}, 'location': {'street': {'number': 8644, 'name': 'Holmboes gate'}, 'city': 'Straumen', 'state': 'Buskerud', 'country': 'Norway', 'postcode': '9775', 'coordinates': {'latitude': '39.4932', 'longitude': '-31.6509'}, 'timezone': {'offset': '+9:00', 'description': 'Tokyo, Seoul, Osaka, Sapporo, Yakutsk'}}, 'email': 'frank.schanke@example.com', 'login': {'uuid': '4bed5c2f-2b27-4d7c-b79f-c92aa79d9254', 'username': 'purplewolf812', 'password': 'inferno', 'salt': 'jTiC2BW8', 'md5': '98aab490a09f08887e2b92a474ac74c7', 'sha1': '3b2ba77af967b741c5f3ef155bc07402302d15b6', 'sha256': '7fa0d87dbbd4452c130b17687e39f24dfc4bf2fb1148f975e46d06bc05c97447'}, 'dob': {'date': '1976-10-23T10:54:04.974Z', 'age': 47}, 'registered': {'date': '2004-12-20T16:35:12.851Z', 'age': 19}, 'phone': '64586132', 'cell': '46286371', 'id': {'name': 'FN', 'value': '23107632786'}, 'picture': {'large': 'https://randomuser.me/api/portraits/men/67.jpg', 'medium': 'https://randomuser.me/api/portraits/med/men/67.jpg', 'thumbnail': 'https://randomuser.me/api/portraits/thumb/men/67.jpg'}, 'nat': 'NO'}</msg>
<arg>${json_data['results'][0]}</arg>
<doc>Logs the given message with the given level.</doc>
<status status="PASS" start="2024-06-17T19:12:02.174420" elapsed="0.000395"/>
</kw>
<kw name="Log" owner="BuiltIn">
<msg time="2024-06-17T19:12:02.175230" level="INFO">location</msg>
<arg>${key}</arg>
<doc>Logs the given message with the given level.</doc>
<status status="PASS" start="2024-06-17T19:12:02.175105" elapsed="0.000162"/>
</kw>
<var name="${key}">location</var>
<status status="PASS" start="2024-06-17T19:12:02.173751" elapsed="0.001768"/>
</iter>
<iter>
<kw name="Dictionary Should Contain Key" owner="Collections">
<arg>${json_data['results'][0]}</arg>
<arg>${key}</arg>
<doc>Fails if ``key`` is not found from ``dictionary``.</doc>
<status status="PASS" start="2024-06-17T19:12:02.175805" elapsed="0.000380"/>
</kw>
<kw name="Log" owner="BuiltIn">
<msg time="2024-06-17T19:12:02.176721" level="INFO">{'gender': 'male', 'name': {'title': 'Mr', 'first': 'Frank', 'last': 'Schanke'}, 'location': {'street': {'number': 8644, 'name': 'Holmboes gate'}, 'city': 'Straumen', 'state': 'Buskerud', 'country': 'Norway', 'postcode': '9775', 'coordinates': {'latitude': '39.4932', 'longitude': '-31.6509'}, 'timezone': {'offset': '+9:00', 'description': 'Tokyo, Seoul, Osaka, Sapporo, Yakutsk'}}, 'email': 'frank.schanke@example.com', 'login': {'uuid': '4bed5c2f-2b27-4d7c-b79f-c92aa79d9254', 'username': 'purplewolf812', 'password': 'inferno', 'salt': 'jTiC2BW8', 'md5': '98aab490a09f08887e2b92a474ac74c7', 'sha1': '3b2ba77af967b741c5f3ef155bc07402302d15b6', 'sha256': '7fa0d87dbbd4452c130b17687e39f24dfc4bf2fb1148f975e46d06bc05c97447'}, 'dob': {'date': '1976-10-23T10:54:04.974Z', 'age': 47}, 'registered': {'date': '2004-12-20T16:35:12.851Z', 'age': 19}, 'phone': '64586132', 'cell': '46286371', 'id': {'name': 'FN', 'value': '23107632786'}, 'picture': {'large': 'https://randomuser.me/api/portraits/men/67.jpg', 'medium': 'https://randomuser.me/api/portraits/med/men/67.jpg', 'thumbnail': 'https://randomuser.me/api/portraits/thumb/men/67.jpg'}, 'nat': 'NO'}</msg>
<arg>${json_data['results'][0]}</arg>
<doc>Logs the given message with the given level.</doc>
<status status="PASS" start="2024-06-17T19:12:02.176371" elapsed="0.000397"/>
</kw>
<kw name="Log" owner="BuiltIn">
<msg time="2024-06-17T19:12:02.177185" level="INFO">email</msg>
<arg>${key}</arg>
<doc>Logs the given message with the given level.</doc>
<status status="PASS" start="2024-06-17T19:12:02.177059" elapsed="0.000163"/>
</kw>
<var name="${key}">email</var>
<status status="PASS" start="2024-06-17T19:12:02.175696" elapsed="0.001739"/>
</iter>
<iter>
<kw name="Dictionary Should Contain Key" owner="Collections">
<arg>${json_data['results'][0]}</arg>
<arg>${key}</arg>
<doc>Fails if ``key`` is not found from ``dictionary``.</doc>
<status status="PASS" start="2024-06-17T19:12:02.177710" elapsed="0.000385"/>
</kw>
<kw name="Log" owner="BuiltIn">
<msg time="2024-06-17T19:12:02.178629" level="INFO">{'gender': 'male', 'name': {'title': 'Mr', 'first': 'Frank', 'last': 'Schanke'}, 'location': {'street': {'number': 8644, 'name': 'Holmboes gate'}, 'city': 'Straumen', 'state': 'Buskerud', 'country': 'Norway', 'postcode': '9775', 'coordinates': {'latitude': '39.4932', 'longitude': '-31.6509'}, 'timezone': {'offset': '+9:00', 'description': 'Tokyo, Seoul, Osaka, Sapporo, Yakutsk'}}, 'email': 'frank.schanke@example.com', 'login': {'uuid': '4bed5c2f-2b27-4d7c-b79f-c92aa79d9254', 'username': 'purplewolf812', 'password': 'inferno', 'salt': 'jTiC2BW8', 'md5': '98aab490a09f08887e2b92a474ac74c7', 'sha1': '3b2ba77af967b741c5f3ef155bc07402302d15b6', 'sha256': '7fa0d87dbbd4452c130b17687e39f24dfc4bf2fb1148f975e46d06bc05c97447'}, 'dob': {'date': '1976-10-23T10:54:04.974Z', 'age': 47}, 'registered': {'date': '2004-12-20T16:35:12.851Z', 'age': 19}, 'phone': '64586132', 'cell': '46286371', 'id': {'name': 'FN', 'value': '23107632786'}, 'picture': {'large': 'https://randomuser.me/api/portraits/men/67.jpg', 'medium': 'https://randomuser.me/api/portraits/med/men/67.jpg', 'thumbnail': 'https://randomuser.me/api/portraits/thumb/men/67.jpg'}, 'nat': 'NO'}</msg>
<arg>${json_data['results'][0]}</arg>
<doc>Logs the given message with the given level.</doc>
<status status="PASS" start="2024-06-17T19:12:02.178279" elapsed="0.000407"/>
</kw>
<kw name="Log" owner="BuiltIn">
<msg time="2024-06-17T19:12:02.179098" level="INFO">login</msg>
<arg>${key}</arg>
<doc>Logs the given message with the given level.</doc>
<status status="PASS" start="2024-06-17T19:12:02.178974" elapsed="0.000160"/>
</kw>
<var name="${key}">login</var>
<status status="PASS" start="2024-06-17T19:12:02.177603" elapsed="0.001742"/>
</iter>
<var>${key}</var>
<value>@{expected_keys}</value>
<status status="PASS" start="2024-06-17T19:12:02.169579" elapsed="0.009910"/>
</for>
<kw name="Create List" owner="BuiltIn">
<msg time="2024-06-17T19:12:02.179815" level="INFO">${expected_keysTwo} = ['username', 'password']</msg>
<var>${expected_keysTwo}</var>
<arg>username</arg>
<arg>password</arg>
<doc>Returns a list containing given items.</doc>
<status status="PASS" start="2024-06-17T19:12:02.179677" elapsed="0.000162"/>
</kw>
<for flavor="IN">
<iter>
<kw name="Dictionary Should Contain Key" owner="Collections">
<arg>${json_data['results'][0]['login']}</arg>
<arg>${keyTwo}</arg>
<doc>Fails if ``key`` is not found from ``dictionary``.</doc>
<status status="PASS" start="2024-06-17T19:12:02.180354" elapsed="0.000375"/>
</kw>
<kw name="Dictionary Should Contain Key" owner="Collections">
<arg>${json_data['results'][0]['login']}</arg>
<arg>${keyTwo}</arg>
<doc>Fails if ``key`` is not found from ``dictionary``.</doc>
<status status="PASS" start="2024-06-17T19:12:02.180909" elapsed="0.000385"/>
</kw>
<kw name="Log" owner="BuiltIn">
<msg time="2024-06-17T19:12:02.181598" level="INFO">username</msg>
<arg>${keyTwo}</arg>
<doc>Logs the given message with the given level.</doc>
<status status="PASS" start="2024-06-17T19:12:02.181481" elapsed="0.000158"/>
</kw>
<var name="${keyTwo}">username</var>
<status status="PASS" start="2024-06-17T19:12:02.180249" elapsed="0.001620"/>
</iter>
<iter>
<kw name="Dictionary Should Contain Key" owner="Collections">
<arg>${json_data['results'][0]['login']}</arg>
<arg>${keyTwo}</arg>
<doc>Fails if ``key`` is not found from ``dictionary``.</doc>
<status status="PASS" start="2024-06-17T19:12:02.182142" elapsed="0.000374"/>
</kw>
<kw name="Dictionary Should Contain Key" owner="Collections">
<arg>${json_data['results'][0]['login']}</arg>
<arg>${keyTwo}</arg>
<doc>Fails if ``key`` is not found from ``dictionary``.</doc>
<status status="PASS" start="2024-06-17T19:12:02.182693" elapsed="0.000364"/>
</kw>
<kw name="Log" owner="BuiltIn">
<msg time="2024-06-17T19:12:02.183350" level="INFO">password</msg>
<arg>${keyTwo}</arg>
<doc>Logs the given message with the given level.</doc>
<status status="PASS" start="2024-06-17T19:12:02.183232" elapsed="0.000194"/>
</kw>
<var name="${keyTwo}">password</var>
<status status="PASS" start="2024-06-17T19:12:02.182037" elapsed="0.001618"/>
</iter>
<var>${keyTwo}</var>
<value>@{expected_keysTwo}</value>
<status status="PASS" start="2024-06-17T19:12:02.180099" elapsed="0.003676"/>
</for>
<status status="PASS" start="2024-06-17T19:12:02.081326" elapsed="0.102590"/>
</kw>
<doc>Testa a estrutura da resposta da API.</doc>
<tag>testeEstruturaResposta</tag>
<status status="PASS" start="2024-06-17T19:12:02.080727" elapsed="0.103345"/>
</test>
<test id="s1-s1-t4" name="Validar tipos de dados" line="28">
<kw name="Teste de Tipos de Dados" owner="random-user-service">
<kw name="GET On Session" owner="RequestsLibrary">
<msg time="2024-06-17T19:12:02.294163" level="INFO">GET Request : url=https://randomuser.me/api 
 path_url=/api 
 headers={'User-Agent': 'python-requests/2.32.3', 'Accept-Encoding': 'gzip, deflate', 'Accept': '*/*', 'Connection': 'keep-alive'} 
 body=None 
 </msg>
<msg time="2024-06-17T19:12:02.294261" level="INFO">GET Response : url=https://randomuser.me/api 
 status=200, reason=OK 
 headers={'Date': 'Mon, 17 Jun 2024 19:12:02 GMT', 'Content-Type': 'application/json; charset=utf-8', 'Transfer-Encoding': 'chunked', 'Connection': 'keep-alive', 'X-Powered-By': 'Express', 'Access-Control-Allow-Origin': '*', 'Cache-Control': 'no-cache', 'ETag': 'W/"4a2-4Aa4rTJzo4Ko9equ330iNYKCNCg"', 'Vary': 'Accept-Encoding', 'Content-Encoding': 'gzip', 'CF-Cache-Status': 'DYNAMIC', 'Report-To': '{"endpoints":[{"url":"https:\\/\\/a.nel.cloudflare.com\\/report\\/v4?s=P9udooTQQqZoXTJLN8%2F2ouv%2BzcUzzjix6z%2BeyPXcTkTvsHU1v1n3iIAySwxAvShFxQK8jWHocFBUhVrIa2vKMkhCeTiF22dO8a4FVjSSiMW5POoGvu9nP%2FlTS%2BZ8ngSV"}],"group":"cf-nel","max_age":604800}', 'NEL': '{"success_fraction":0,"report_to":"cf-nel","max_age":604800}', 'Server': 'cloudflare', 'CF-RAY': '8955594dad299658-SJC', 'alt-svc': 'h3=":443"; ma=86400'} 
 body={"results":[{"gender":"female","name":{"title":"Mrs","first":"Sabrina","last":"Sundal"},"location":{"street":{"number":1126,"name":"Messepromenaden"},"city":"Ranemsletta","state":"Sør-Trøndelag","country":"Norway","postcode":"0155","coordinates":{"latitude":"44.0753","longitude":"128.3943"},"timezone":{"offset":"+3:00","description":"Baghdad, Riyadh, Moscow, St. Petersburg"}},"email":"sabrina.sundal@example.com","login":{"uuid":"cd98189b-4700-4506-9490-3294a62a20b6","username":"beautifulduck253","password":"momsuck","salt":"Dadtaywp","md5":"501b5362a918e9731b517b70f4fdeedf","sha1":"b7d8b366e7f6a65efeb7ddf6b439bf4dd4cdb6e7","sha256":"37239fb6f7a82a1ecb21be6f84ed995e5798c8ca449882e15faa42515b2e7f1e"},"dob":{"date":"1976-09-12T06:24:40.945Z","age":47},"registered":{"date":"2008-05-09T04:25:04.363Z","age":16},"phone":"51610744","cell":"99985320","id":{"name":"FN","value":"12097614642"},"picture":{"large":"https://randomuser.me/api/portraits/women/65.jpg","medium":"https://randomuser.me/api/portraits/med/women/65.jpg","thumbnail":"https://randomuser.me/api/portraits/thumb/women/65.jpg"},"nat":"NO"}],"info":{"seed":"ae670ae4a78e4ff9","results":1,"page":1,"version":"1.4"}} 
 </msg>
<msg time="2024-06-17T19:12:02.294335" level="INFO">/opt/hostedtoolcache/Python/3.12.3/x64/lib/python3.12/site-packages/urllib3/connectionpool.py:1099: InsecureRequestWarning: Unverified HTTPS request is being made to host 'randomuser.me'. Adding certificate verification is strongly advised. See: https://urllib3.readthedocs.io/en/latest/advanced-usage.html#tls-warnings
  warnings.warn(</msg>
<msg time="2024-06-17T19:12:02.294456" level="INFO">${response} = &lt;Response [200]&gt;</msg>
<var>${response}</var>
<arg>consultarAPI</arg>
<arg>/api</arg>
<doc>Sends a GET request on a previously created HTTP Session.</doc>
<status status="PASS" start="2024-06-17T19:12:02.186715" elapsed="0.107782"/>
</kw>
<kw name="Set Variable" owner="BuiltIn">
<msg time="2024-06-17T19:12:02.295760" level="INFO">${json_data} = {'results': [{'gender': 'female', 'name': {'title': 'Mrs', 'first': 'Sabrina', 'last': 'Sundal'}, 'location': {'street': {'number': 1126, 'name': 'Messepromenaden'}, 'city': 'Ranemsletta', 'state': 'S...</msg>
<var>${json_data}</var>
<arg>${response.json()}</arg>
<doc>Returns the given values which can then be assigned to a variables.</doc>
<status status="PASS" start="2024-06-17T19:12:02.295139" elapsed="0.000650"/>
</kw>
<kw name="Log" owner="BuiltIn">
<msg time="2024-06-17T19:12:02.296328" level="INFO">{'results': [{'gender': 'female', 'name': {'title': 'Mrs', 'first': 'Sabrina', 'last': 'Sundal'}, 'location': {'street': {'number': 1126, 'name': 'Messepromenaden'}, 'city': 'Ranemsletta', 'state': 'Sør-Trøndelag', 'country': 'Norway', 'postcode': '0155', 'coordinates': {'latitude': '44.0753', 'longitude': '128.3943'}, 'timezone': {'offset': '+3:00', 'description': 'Baghdad, Riyadh, Moscow, St. Petersburg'}}, 'email': 'sabrina.sundal@example.com', 'login': {'uuid': 'cd98189b-4700-4506-9490-3294a62a20b6', 'username': 'beautifulduck253', 'password': 'momsuck', 'salt': 'Dadtaywp', 'md5': '501b5362a918e9731b517b70f4fdeedf', 'sha1': 'b7d8b366e7f6a65efeb7ddf6b439bf4dd4cdb6e7', 'sha256': '37239fb6f7a82a1ecb21be6f84ed995e5798c8ca449882e15faa42515b2e7f1e'}, 'dob': {'date': '1976-09-12T06:24:40.945Z', 'age': 47}, 'registered': {'date': '2008-05-09T04:25:04.363Z', 'age': 16}, 'phone': '51610744', 'cell': '99985320', 'id': {'name': 'FN', 'value': '12097614642'}, 'picture': {'large': 'https://randomuser.me/api/portraits/women/65.jpg', 'medium': 'https://randomuser.me/api/portraits/med/women/65.jpg', 'thumbnail': 'https://randomuser.me/api/portraits/thumb/women/65.jpg'}, 'nat': 'NO'}], 'info': {'seed': 'ae670ae4a78e4ff9', 'results': 1, 'page': 1, 'version': '1.4'}}</msg>
<arg>${json_data}</arg>
<doc>Logs the given message with the given level.</doc>
<status status="PASS" start="2024-06-17T19:12:02.296150" elapsed="0.000230"/>
</kw>
<kw name="Should Be String" owner="String">
<arg>${json_data['results'][0]['gender']}</arg>
<doc>Fails if the given ``item`` is not a string.</doc>
<status status="PASS" start="2024-06-17T19:12:02.296699" elapsed="0.000397"/>
</kw>
<kw name="Should Match Regexp" owner="BuiltIn">
<arg>${json_data['results'][0]['email']}</arg>
<arg>^[a-zA-Z0-9._%+-]+@[a-zA-Z0-9.-]+\.[a-zA-Z]{2,}$</arg>
<doc>Fails if ``string`` does not match ``pattern`` as a regular expression.</doc>
<status status="PASS" start="2024-06-17T19:12:02.297299" elapsed="0.000539"/>
</kw>
<kw name="Should Match Regexp" owner="BuiltIn">
<arg>${json_data['results'][0]['dob']['date']}</arg>
<arg>\\d{4}-\\d{2}-\\d{2}T\\d{2}:\\d{2}:\\d{2}\\.\\d{3}Z</arg>
<doc>Fails if ``string`` does not match ``pattern`` as a regular expression.</doc>
<status status="PASS" start="2024-06-17T19:12:02.298082" elapsed="0.000528"/>
</kw>
<kw name="Should Match Regexp" owner="BuiltIn">
<arg>${json_data['results'][0]['registered']['date']}</arg>
<arg>\\d{4}-\\d{2}-\\d{2}T\\d{2}:\\d{2}:\\d{2}\\.\\d{3}Z</arg>
<doc>Fails if ``string`` does not match ``pattern`` as a regular expression.</doc>
<status status="PASS" start="2024-06-17T19:12:02.298813" elapsed="0.000382"/>
</kw>
<kw name="Should Match Regexp" owner="BuiltIn">
<arg>${json_data['results'][0]['picture']['large']}</arg>
<arg>^https?://.*\.(?:png|jpe?g|gif|bmp)$</arg>
<doc>Fails if ``string`` does not match ``pattern`` as a regular expression.</doc>
<status status="PASS" start="2024-06-17T19:12:02.299416" elapsed="0.000486"/>
</kw>
<kw name="Should Match Regexp" owner="BuiltIn">
<arg>${json_data['results'][0]['picture']['medium']}</arg>
<arg>^https?://.*\.(?:png|jpe?g|gif|bmp)$</arg>
<doc>Fails if ``string`` does not match ``pattern`` as a regular expression.</doc>
<status status="PASS" start="2024-06-17T19:12:02.300101" elapsed="0.000373"/>
</kw>
<kw name="Should Match Regexp" owner="BuiltIn">
<arg>${json_data['results'][0]['picture']['thumbnail']}</arg>
<arg>^https?://.*\.(?:png|jpe?g|gif|bmp)$</arg>
<doc>Fails if ``string`` does not match ``pattern`` as a regular expression.</doc>
<status status="PASS" start="2024-06-17T19:12:02.300665" elapsed="0.000358"/>
</kw>
<kw name="Log" owner="BuiltIn">
<msg time="2024-06-17T19:12:02.301564" level="INFO">{'large': 'https://randomuser.me/api/portraits/women/65.jpg', 'medium': 'https://randomuser.me/api/portraits/med/women/65.jpg', 'thumbnail': 'https://randomuser.me/api/portraits/thumb/women/65.jpg'}</msg>
<arg>${json_data['results'][0]['picture']}</arg>
<doc>Logs the given message with the given level.</doc>
<status status="PASS" start="2024-06-17T19:12:02.301217" elapsed="0.000391"/>
</kw>
<status status="PASS" start="2024-06-17T19:12:02.186484" elapsed="0.115392"/>
</kw>
<kw name="Teste de Tipos de Dados - Postcode" owner="random-user-service">
<kw name="GET On Session" owner="RequestsLibrary">
<msg time="2024-06-17T19:12:02.396884" level="INFO">GET Request : url=https://randomuser.me/api 
 path_url=/api 
 headers={'User-Agent': 'python-requests/2.32.3', 'Accept-Encoding': 'gzip, deflate', 'Accept': '*/*', 'Connection': 'keep-alive'} 
 body=None 
 </msg>
<msg time="2024-06-17T19:12:02.396978" level="INFO">GET Response : url=https://randomuser.me/api 
 status=200, reason=OK 
 headers={'Date': 'Mon, 17 Jun 2024 19:12:02 GMT', 'Content-Type': 'application/json; charset=utf-8', 'Transfer-Encoding': 'chunked', 'Connection': 'keep-alive', 'X-Powered-By': 'Express', 'Access-Control-Allow-Origin': '*', 'Cache-Control': 'no-cache', 'ETag': 'W/"491-DAKbL/DPv2kluXo510hLiju4HJE"', 'Vary': 'Accept-Encoding', 'Content-Encoding': 'gzip', 'CF-Cache-Status': 'DYNAMIC', 'Report-To': '{"endpoints":[{"url":"https:\\/\\/a.nel.cloudflare.com\\/report\\/v4?s=uBC1CRHCtkuamSyTQbRTlLzeIBVboVtgDcWSX8miF0l7j6ilaPBjv8GyMsRrHKJxhTn0MBtZ6bKa3iZkehv1cY4XOmmPvVZXiLwJhEoA2xLlyTv8DpPx%2B3tfPVeCCi9f"}],"group":"cf-nel","max_age":604800}', 'NEL': '{"success_fraction":0,"report_to":"cf-nel","max_age":604800}', 'Server': 'cloudflare', 'CF-RAY': '8955594e6da99658-SJC', 'alt-svc': 'h3=":443"; ma=86400'} 
 body={"results":[{"gender":"male","name":{"title":"Mr","first":"Batur","last":"Özdoğan"},"location":{"street":{"number":4043,"name":"Doktorlar Cd"},"city":"Kahramanmaraş","state":"Çanakkale","country":"Turkey","postcode":98408,"coordinates":{"latitude":"67.3594","longitude":"-168.6304"},"timezone":{"offset":"-6:00","description":"Central Time (US &amp; Canada), Mexico City"}},"email":"batur.ozdogan@example.com","login":{"uuid":"1f36293f-3a52-4109-8fcf-f8c972e702dd","username":"silverwolf992","password":"wallace","salt":"pOvjebLr","md5":"1a320427865942b25ea5812913492e63","sha1":"bcaea6d5401fcc9cb585bd20eecc9e6bdb396b20","sha256":"b3f72e4ac2bcb3a18867d20642875f8c8643cb6f97387458ea871f46ee4c3a9e"},"dob":{"date":"1975-06-22T01:40:29.739Z","age":48},"registered":{"date":"2017-06-10T10:56:47.582Z","age":7},"phone":"(418)-401-8875","cell":"(957)-698-9766","id":{"name":"","value":null},"picture":{"large":"https://randomuser.me/api/portraits/men/62.jpg","medium":"https://randomuser.me/api/portraits/med/men/62.jpg","thumbnail":"https://randomuser.me/api/portraits/thumb/men/62.jpg"},"nat":"TR"}],"info":{"seed":"a45949208338049e","results":1,"page":1,"version":"1.4"}} 
 </msg>
<msg time="2024-06-17T19:12:02.397054" level="INFO">/opt/hostedtoolcache/Python/3.12.3/x64/lib/python3.12/site-packages/urllib3/connectionpool.py:1099: InsecureRequestWarning: Unverified HTTPS request is being made to host 'randomuser.me'. Adding certificate verification is strongly advised. See: https://urllib3.readthedocs.io/en/latest/advanced-usage.html#tls-warnings
  warnings.warn(</msg>
<msg time="2024-06-17T19:12:02.397179" level="INFO">${response} = &lt;Response [200]&gt;</msg>
<var>${response}</var>
<arg>consultarAPI</arg>
<arg>/api</arg>
<doc>Sends a GET request on a previously created HTTP Session.</doc>
<status status="PASS" start="2024-06-17T19:12:02.302356" elapsed="0.094863"/>
</kw>
<kw name="Set Variable" owner="BuiltIn">
<msg time="2024-06-17T19:12:02.398398" level="INFO">${json_data} = {'results': [{'gender': 'male', 'name': {'title': 'Mr', 'first': 'Batur', 'last': 'Özdoğan'}, 'location': {'street': {'number': 4043, 'name': 'Doktorlar Cd'}, 'city': 'Kahramanmaraş', 'state': 'Çanakk...</msg>
<var>${json_data}</var>
<arg>${response.json()}</arg>
<doc>Returns the given values which can then be assigned to a variables.</doc>
<status status="PASS" start="2024-06-17T19:12:02.397813" elapsed="0.000617"/>
</kw>
<kw name="Log" owner="BuiltIn">
<msg time="2024-06-17T19:12:02.398955" level="INFO">{'results': [{'gender': 'male', 'name': {'title': 'Mr', 'first': 'Batur', 'last': 'Özdoğan'}, 'location': {'street': {'number': 4043, 'name': 'Doktorlar Cd'}, 'city': 'Kahramanmaraş', 'state': 'Çanakkale', 'country': 'Turkey', 'postcode': 98408, 'coordinates': {'latitude': '67.3594', 'longitude': '-168.6304'}, 'timezone': {'offset': '-6:00', 'description': 'Central Time (US &amp; Canada), Mexico City'}}, 'email': 'batur.ozdogan@example.com', 'login': {'uuid': '1f36293f-3a52-4109-8fcf-f8c972e702dd', 'username': 'silverwolf992', 'password': 'wallace', 'salt': 'pOvjebLr', 'md5': '1a320427865942b25ea5812913492e63', 'sha1': 'bcaea6d5401fcc9cb585bd20eecc9e6bdb396b20', 'sha256': 'b3f72e4ac2bcb3a18867d20642875f8c8643cb6f97387458ea871f46ee4c3a9e'}, 'dob': {'date': '1975-06-22T01:40:29.739Z', 'age': 48}, 'registered': {'date': '2017-06-10T10:56:47.582Z', 'age': 7}, 'phone': '(418)-401-8875', 'cell': '(957)-698-9766', 'id': {'name': '', 'value': None}, 'picture': {'large': 'https://randomuser.me/api/portraits/men/62.jpg', 'medium': 'https://randomuser.me/api/portraits/med/men/62.jpg', 'thumbnail': 'https://randomuser.me/api/portraits/thumb/men/62.jpg'}, 'nat': 'TR'}], 'info': {'seed': 'a45949208338049e', 'results': 1, 'page': 1, 'version': '1.4'}}</msg>
<arg>${json_data}</arg>
<doc>Logs the given message with the given level.</doc>
<status status="PASS" start="2024-06-17T19:12:02.398780" elapsed="0.000230"/>
</kw>
<kw name="Should Be Equal As Numbers" owner="BuiltIn">
<arg>${json_data['results'][0]['location']['postcode']}</arg>
<arg>${json_data['results'][0]['location']['postcode']}</arg>
<doc>Fails if objects are unequal after converting them to real numbers.</doc>
<status status="PASS" start="2024-06-17T19:12:02.399404" elapsed="0.000674"/>
</kw>
<kw name="Log" owner="BuiltIn">
<msg time="2024-06-17T19:12:02.400624" level="INFO">98408</msg>
<arg>${json_data['results'][0]['location']['postcode']}</arg>
<doc>Logs the given message with the given level.</doc>
<status status="PASS" start="2024-06-17T19:12:02.400283" elapsed="0.000381"/>
</kw>
<status status="PASS" start="2024-06-17T19:12:02.302113" elapsed="0.098841"/>
</kw>
<doc>Testa se os tipos de dados na resposta da API estão corretos.</doc>
<tag>testeTiposDados</tag>
<status status="PASS" start="2024-06-17T19:12:02.185827" elapsed="0.215303"/>
</test>
<test id="s1-s1-t5" name="Validar conteudo" line="35">
<kw name="Teste de Tipos de Conteudo" owner="random-user-service">
<kw name="GET On Session" owner="RequestsLibrary">
<msg time="2024-06-17T19:12:02.487954" level="INFO">GET Request : url=https://randomuser.me/api 
 path_url=/api 
 headers={'User-Agent': 'python-requests/2.32.3', 'Accept-Encoding': 'gzip, deflate', 'Accept': '*/*', 'Connection': 'keep-alive'} 
 body=None 
 </msg>
<msg time="2024-06-17T19:12:02.488064" level="INFO">GET Response : url=https://randomuser.me/api 
 status=200, reason=OK 
 headers={'Date': 'Mon, 17 Jun 2024 19:12:02 GMT', 'Content-Type': 'application/json; charset=utf-8', 'Transfer-Encoding': 'chunked', 'Connection': 'keep-alive', 'X-Powered-By': 'Express', 'Access-Control-Allow-Origin': '*', 'Cache-Control': 'no-cache', 'ETag': 'W/"47c-RzRFCuNG7NQravRz30VU05U7XdA"', 'Vary': 'Accept-Encoding', 'Content-Encoding': 'gzip', 'CF-Cache-Status': 'DYNAMIC', 'Report-To': '{"endpoints":[{"url":"https:\\/\\/a.nel.cloudflare.com\\/report\\/v4?s=VtN8HX6xxBpaX4F92iBEhZsZuXZgyF4%2BWD7Ar%2BmtLsqtzNaI3v3NaJFAtEq2SLO3PH18mf%2FiTpWcPk%2F5Mbqr%2F2sVb1uxssen0%2B0MuJ%2BAA1FGkY3m86GNkQnMBsjGizG7"}],"group":"cf-nel","max_age":604800}', 'NEL': '{"success_fraction":0,"report_to":"cf-nel","max_age":604800}', 'Server': 'cloudflare', 'CF-RAY': '8955594f0e0d9658-SJC', 'alt-svc': 'h3=":443"; ma=86400'} 
 body={"results":[{"gender":"male","name":{"title":"Mr","first":"Marcus","last":"Olsen"},"location":{"street":{"number":1566,"name":"Kløvervænget"},"city":"Askeby","state":"Midtjylland","country":"Denmark","postcode":91417,"coordinates":{"latitude":"-40.1095","longitude":"-140.4857"},"timezone":{"offset":"+2:00","description":"Kaliningrad, South Africa"}},"email":"marcus.olsen@example.com","login":{"uuid":"8a82615e-cbcd-4efe-b18e-04c2eb32046d","username":"lazytiger143","password":"anaconda","salt":"WTU1407p","md5":"eb86adf3ef13c74b854e09d5fd39c414","sha1":"d9a79e23c7553cb2f9fb41409ce534ba2c7c6be1","sha256":"bca1a37cf811a5f64062dc152835c6287c4bd68c844ca8db085b3ce653b08c66"},"dob":{"date":"1960-08-20T05:48:02.849Z","age":63},"registered":{"date":"2017-12-29T22:05:46.927Z","age":6},"phone":"86210238","cell":"58998996","id":{"name":"CPR","value":"200860-8674"},"picture":{"large":"https://randomuser.me/api/portraits/men/13.jpg","medium":"https://randomuser.me/api/portraits/med/men/13.jpg","thumbnail":"https://randomuser.me/api/portraits/thumb/men/13.jpg"},"nat":"DK"}],"info":{"seed":"1d24308ae9d5d3fb","results":1,"page":1,"version":"1.4"}} 
 </msg>
<msg time="2024-06-17T19:12:02.488170" level="INFO">/opt/hostedtoolcache/Python/3.12.3/x64/lib/python3.12/site-packages/urllib3/connectionpool.py:1099: InsecureRequestWarning: Unverified HTTPS request is being made to host 'randomuser.me'. Adding certificate verification is strongly advised. See: https://urllib3.readthedocs.io/en/latest/advanced-usage.html#tls-warnings
  warnings.warn(</msg>
<msg time="2024-06-17T19:12:02.488317" level="INFO">${response} = &lt;Response [200]&gt;</msg>
<var>${response}</var>
<arg>consultarAPI</arg>
<arg>/api</arg>
<doc>Sends a GET request on a previously created HTTP Session.</doc>
<status status="PASS" start="2024-06-17T19:12:02.403881" elapsed="0.084486"/>
</kw>
<kw name="Set Variable" owner="BuiltIn">
<msg time="2024-06-17T19:12:02.489564" level="INFO">${json_data} = {'results': [{'gender': 'male', 'name': {'title': 'Mr', 'first': 'Marcus', 'last': 'Olsen'}, 'location': {'street': {'number': 1566, 'name': 'Kløvervænget'}, 'city': 'Askeby', 'state': 'Midtjylland', ...</msg>
<var>${json_data}</var>
<arg>${response.json()}</arg>
<doc>Returns the given values which can then be assigned to a variables.</doc>
<status status="PASS" start="2024-06-17T19:12:02.488996" elapsed="0.000598"/>
</kw>
<kw name="Set Variable" owner="BuiltIn">
<msg time="2024-06-17T19:12:02.490348" level="INFO">${name_title} = Mr</msg>
<var>${name_title}</var>
<arg>${json_data["results"][0]["name"]["title"]}</arg>
<doc>Returns the given values which can then be assigned to a variables.</doc>
<status status="PASS" start="2024-06-17T19:12:02.489949" elapsed="0.000425"/>
</kw>
<kw name="Create List" owner="BuiltIn">
<msg time="2024-06-17T19:12:02.490854" level="INFO">${allowed_titles} = ['Mr', 'Ms', 'Miss', 'Mrs', 'Madame', 'Monsieur']</msg>
<var>${allowed_titles}</var>
<arg>Mr</arg>
<arg>Ms</arg>
<arg>Miss</arg>
<arg>Mrs</arg>
<arg>Madame</arg>
<arg>Monsieur</arg>
<doc>Returns a list containing given items.</doc>
<status status="PASS" start="2024-06-17T19:12:02.490701" elapsed="0.000184"/>
</kw>
<kw name="List Should Contain Value" owner="Collections">
<arg>${allowed_titles}</arg>
<arg>${name_title}</arg>
<doc>Fails if the ``value`` is not found from ``list``.</doc>
<status status="PASS" start="2024-06-17T19:12:02.491188" elapsed="0.000220"/>
</kw>
<kw name="Set Variable" owner="BuiltIn">
<msg time="2024-06-17T19:12:02.492020" level="INFO">${name_country} = DK</msg>
<var>${name_country}</var>
<arg>${json_data["results"][0]["nat"]}</arg>
<doc>Returns the given values which can then be assigned to a variables.</doc>
<status status="PASS" start="2024-06-17T19:12:02.491621" elapsed="0.000426"/>
</kw>
<kw name="Create List" owner="BuiltIn">
<msg time="2024-06-17T19:12:02.492975" level="INFO">${list_country} = ['AD', 'AE', 'AF', 'AG', 'AI', 'AL', 'AM', 'AO', 'AQ', 'AR', 'AS', 'AT', 'AU', 'AW', 'AX', 'AZ', 'BA', 'BB', 'BD', 'BE', 'BF', 'BG', 'BH', 'BI', 'BJ', 'BL', 'BM', 'BN', 'BO', 'BQ', 'BR', 'BS', 'BT', '...</msg>
<var>${list_country}</var>
<arg>AD</arg>
<arg>AE</arg>
<arg>AF</arg>
<arg>AG</arg>
<arg>AI</arg>
<arg>AL</arg>
<arg>AM</arg>
<arg>AO</arg>
<arg>AQ</arg>
<arg>AR</arg>
<arg>AS</arg>
<arg>AT</arg>
<arg>AU</arg>
<arg>AW</arg>
<arg>AX</arg>
<arg>AZ</arg>
<arg>BA</arg>
<arg>BB</arg>
<arg>BD</arg>
<arg>BE</arg>
<arg>BF</arg>
<arg>BG</arg>
<arg>BH</arg>
<arg>BI</arg>
<arg>BJ</arg>
<arg>BL</arg>
<arg>BM</arg>
<arg>BN</arg>
<arg>BO</arg>
<arg>BQ</arg>
<arg>BR</arg>
<arg>BS</arg>
<arg>BT</arg>
<arg>BV</arg>
<arg>BW</arg>
<arg>BY</arg>
<arg>BZ</arg>
<arg>CA</arg>
<arg>CC</arg>
<arg>CD</arg>
<arg>CF</arg>
<arg>CG</arg>
<arg>CH</arg>
<arg>CI</arg>
<arg>CK</arg>
<arg>CL</arg>
<arg>CM</arg>
<arg>CN</arg>
<arg>CO</arg>
<arg>CR</arg>
<arg>CU</arg>
<arg>CV</arg>
<arg>CW</arg>
<arg>CX</arg>
<arg>CY</arg>
<arg>CZ</arg>
<arg>DE</arg>
<arg>DJ</arg>
<arg>DK</arg>
<arg>DM</arg>
<arg>DO</arg>
<arg>DZ</arg>
<arg>EC</arg>
<arg>EE</arg>
<arg>EG</arg>
<arg>EH</arg>
<arg>ER</arg>
<arg>ES</arg>
<arg>ET</arg>
<arg>FI</arg>
<arg>FJ</arg>
<arg>FK</arg>
<arg>FM</arg>
<arg>FO</arg>
<arg>FR</arg>
<arg>GA</arg>
<arg>GB</arg>
<arg>GD</arg>
<arg>GE</arg>
<arg>GF</arg>
<arg>GG</arg>
<arg>GH</arg>
<arg>GI</arg>
<arg>GL</arg>
<arg>GM</arg>
<arg>GN</arg>
<arg>GP</arg>
<arg>GQ</arg>
<arg>GR</arg>
<arg>GS</arg>
<arg>GT</arg>
<arg>GU</arg>
<arg>GW</arg>
<arg>GY</arg>
<arg>HK</arg>
<arg>HM</arg>
<arg>HN</arg>
<arg>HR</arg>
<arg>HT</arg>
<arg>HU</arg>
<arg>ID</arg>
<arg>IE</arg>
<arg>IL</arg>
<arg>IM</arg>
<arg>IN</arg>
<arg>IO</arg>
<arg>IQ</arg>
<arg>IR</arg>
<arg>IS</arg>
<arg>IT</arg>
<arg>JE</arg>
<arg>JM</arg>
<arg>JO</arg>
<arg>JP</arg>
<arg>KE</arg>
<arg>KG</arg>
<arg>KH</arg>
<arg>KI</arg>
<arg>KM</arg>
<arg>KN</arg>
<arg>KP</arg>
<arg>KR</arg>
<arg>KW</arg>
<arg>KY</arg>
<arg>KZ</arg>
<arg>LA</arg>
<arg>LB</arg>
<arg>LC</arg>
<arg>LI</arg>
<arg>LK</arg>
<arg>LR</arg>
<arg>LS</arg>
<arg>LT</arg>
<arg>LU</arg>
<arg>LV</arg>
<arg>LY</arg>
<arg>MA</arg>
<arg>MC</arg>
<arg>MD</arg>
<arg>ME</arg>
<arg>MF</arg>
<arg>MG</arg>
<arg>MH</arg>
<arg>MK</arg>
<arg>ML</arg>
<arg>MM</arg>
<arg>MN</arg>
<arg>MO</arg>
<arg>MP</arg>
<arg>MQ</arg>
<arg>MR</arg>
<arg>MS</arg>
<arg>MT</arg>
<arg>MU</arg>
<arg>MV</arg>
<arg>MW</arg>
<arg>MX</arg>
<arg>MY</arg>
<arg>MZ</arg>
<arg>NA</arg>
<arg>NC</arg>
<arg>NE</arg>
<arg>NF</arg>
<arg>NG</arg>
<arg>NI</arg>
<arg>NL</arg>
<arg>NO</arg>
<arg>NP</arg>
<arg>NR</arg>
<arg>NU</arg>
<arg>NZ</arg>
<arg>OM</arg>
<arg>PA</arg>
<arg>PE</arg>
<arg>PF</arg>
<arg>PG</arg>
<arg>PH</arg>
<arg>PK</arg>
<arg>PL</arg>
<arg>PM</arg>
<arg>PN</arg>
<arg>PR</arg>
<arg>PS</arg>
<arg>PT</arg>
<arg>PW</arg>
<arg>PY</arg>
<arg>QA</arg>
<arg>RE</arg>
<arg>RO</arg>
<arg>RS</arg>
<arg>RU</arg>
<arg>RW</arg>
<arg>SA</arg>
<arg>SB</arg>
<arg>SC</arg>
<arg>SD</arg>
<arg>SE</arg>
<arg>SG</arg>
<arg>SH</arg>
<arg>SI</arg>
<arg>SJ</arg>
<arg>SK</arg>
<arg>SL</arg>
<arg>SM</arg>
<arg>SN</arg>
<arg>SO</arg>
<arg>SR</arg>
<arg>SS</arg>
<arg>ST</arg>
<arg>SV</arg>
<arg>SX</arg>
<arg>SY</arg>
<arg>SZ</arg>
<arg>TC</arg>
<arg>TD</arg>
<arg>TF</arg>
<arg>TG</arg>
<arg>TH</arg>
<arg>TJ</arg>
<arg>TK</arg>
<arg>TL</arg>
<arg>TM</arg>
<arg>TN</arg>
<arg>TO</arg>
<arg>TR</arg>
<arg>TT</arg>
<arg>TV</arg>
<arg>TW</arg>
<arg>TZ</arg>
<arg>UA</arg>
<arg>UG</arg>
<arg>UM</arg>
<arg>US</arg>
<arg>UY</arg>
<arg>UZ</arg>
<arg>VA</arg>
<arg>VC</arg>
<arg>VE</arg>
<arg>VG</arg>
<arg>VI</arg>
<arg>VN</arg>
<arg>VU</arg>
<arg>WF</arg>
<arg>WS</arg>
<arg>XK</arg>
<arg>YE</arg>
<arg>YT</arg>
<arg>ZA</arg>
<arg>ZM</arg>
<arg>ZW</arg>
<doc>Returns a list containing given items.</doc>
<status status="PASS" start="2024-06-17T19:12:02.492360" elapsed="0.000642"/>
</kw>
<kw name="List Should Contain Value" owner="Collections">
<arg>${list_country}</arg>
<arg>${name_country}</arg>
<doc>Fails if the ``value`` is not found from ``list``.</doc>
<status status="PASS" start="2024-06-17T19:12:02.493825" elapsed="0.000218"/>
</kw>
<kw name="Run Keyword If" owner="BuiltIn">
<kw name="Should Be True" owner="BuiltIn">
<arg>${True}</arg>
<doc>Fails if the given condition is not true.</doc>
<status status="PASS" start="2024-06-17T19:12:02.495023" elapsed="0.000150"/>
</kw>
<arg>${json_data["results"][0]["location"]["coordinates"]["latitude"]} &gt;= -90 and ${json_data["results"][0]["location"]["coordinates"]["latitude"]} &lt;= 90</arg>
<arg>Should Be True</arg>
<arg>${True}</arg>
<doc>Runs the given keyword with the given arguments, if ``condition`` is true.</doc>
<status status="PASS" start="2024-06-17T19:12:02.494253" elapsed="0.001055"/>
</kw>
<kw name="Run Keyword If" owner="BuiltIn">
<kw name="Should Be True" owner="BuiltIn">
<arg>${True}</arg>
<doc>Fails if the given condition is not true.</doc>
<status status="PASS" start="2024-06-17T19:12:02.496267" elapsed="0.000145"/>
</kw>
<arg>${json_data["results"][0]["location"]["coordinates"]["longitude"]} &gt;= -180 and ${json_data["results"][0]["location"]["coordinates"]["longitude"]} &lt;= 180</arg>
<arg>Should Be True</arg>
<arg>${True}</arg>
<doc>Runs the given keyword with the given arguments, if ``condition`` is true.</doc>
<status status="PASS" start="2024-06-17T19:12:02.495544" elapsed="0.001000"/>
</kw>
<status status="PASS" start="2024-06-17T19:12:02.403470" elapsed="0.093219"/>
</kw>
<doc>Testa o conteúdo específico dos campos retornados pela API.</doc>
<tag>testeConteudo</tag>
<status status="PASS" start="2024-06-17T19:12:02.402918" elapsed="0.093939"/>
</test>
<status status="PASS" start="2024-06-17T19:12:01.602954" elapsed="0.895971"/>
</suite>
<status status="PASS" start="2024-06-17T19:12:01.588390" elapsed="0.916043"/>
</suite>
<statistics>
<total>
<stat pass="5" fail="0" skip="0">All Tests</stat>
</total>
<tag>
<stat pass="1" fail="0" skip="0">testeConteudo</stat>
<stat pass="1" fail="0" skip="0">testeEstruturaResposta</stat>
<stat pass="1" fail="0" skip="0">testeRequisicaoBasica</stat>
<stat pass="1" fail="0" skip="0">testeTiposDados</stat>
</tag>
<suite>
<stat pass="5" fail="0" skip="0" id="s1" name="Tests">Tests</stat>
<stat pass="5" fail="0" skip="0" id="s1-s1" name="Random-User-Test">Tests.Random-User-Test</stat>
</suite>
</statistics>
<errors>
</errors>
</robot>
