<?xml version="1.0" encoding="UTF-8"?>
<robot generator="Robot 7.0.1 (Python 3.12.4 on linux)" generated="2024-07-17T06:21:38.600926" rpa="false" schemaversion="5">
<suite id="s1" name="Tests" source="/home/runner/work/ApiRandomUser/ApiRandomUser/RamdonUser/tests">
<suite id="s1-s1" name="Random-User-Test" source="/home/runner/work/ApiRandomUser/ApiRandomUser/RamdonUser/tests/random-user-test.robot">
<test id="s1-s1-t1" name="Conectar" line="13">
<kw name="Conectar API" owner="random-user-service">
<kw name="Create Session" owner="RequestsLibrary">
<msg time="2024-07-17T06:21:39.026897" level="INFO">Creating Session using : alias=consultarAPI, url=https://randomuser.me/, headers={},                     cookies={}, auth=None, timeout=None, proxies=None, verify=False,                     debug=0 </msg>
<arg>consultarAPI</arg>
<arg>${URL}</arg>
<doc>Create Session: create a HTTP session to a server</doc>
<status status="PASS" start="2024-07-17T06:21:39.026681" elapsed="0.000415"/>
</kw>
<status status="PASS" start="2024-07-17T06:21:39.025668" elapsed="0.001842"/>
</kw>
<status status="PASS" start="2024-07-17T06:21:39.024899" elapsed="0.002808"/>
</test>
<test id="s1-s1-t2" name="Validar retorno 200 e JSON Válido" line="16">
<kw name="Teste de Requisicao Basica" owner="random-user-service">
<kw name="GET On Session" owner="RequestsLibrary">
<msg time="2024-07-17T06:21:39.278668" level="INFO">GET Request : url=https://randomuser.me/api 
 path_url=/api 
 headers={'User-Agent': 'python-requests/2.32.3', 'Accept-Encoding': 'gzip, deflate', 'Accept': '*/*', 'Connection': 'keep-alive'} 
 body=None 
 </msg>
<msg time="2024-07-17T06:21:39.278825" level="INFO">GET Response : url=https://randomuser.me/api 
 status=200, reason=OK 
 headers={'Date': 'Wed, 17 Jul 2024 06:21:39 GMT', 'Content-Type': 'application/json; charset=utf-8', 'Transfer-Encoding': 'chunked', 'Connection': 'keep-alive', 'X-Powered-By': 'Express', 'Access-Control-Allow-Origin': '*', 'Cache-Control': 'no-cache', 'ETag': 'W/"4a5-20RU28CdJJB6AdvhreOcavOgJos"', 'Vary': 'Accept-Encoding', 'Content-Encoding': 'gzip', 'CF-Cache-Status': 'DYNAMIC', 'Report-To': '{"endpoints":[{"url":"https:\\/\\/a.nel.cloudflare.com\\/report\\/v4?s=T%2FWMvYu24W6EMqbR5guLqbe50Jtk8S6wDAFyb1Q4u8uqQvaBNfq73XDQ31jTzpbxtMwisJZmGZLQzmJC3FTOXcCx48YTM1duO%2Btd4k2niIAZEt1oA%2F8N3Yx6FTu89KO7"}],"group":"cf-nel","max_age":604800}', 'NEL': '{"success_fraction":0,"report_to":"cf-nel","max_age":604800}', 'Server': 'cloudflare', 'CF-RAY': '8a4822103c182956-ORD', 'alt-svc': 'h3=":443"; ma=86400'} 
 body={"results":[{"gender":"male","name":{"title":"Mr","first":"سهیل","last":"سهيلي راد"},"location":{"street":{"number":8420,"name":"برادران سلیمانی"},"city":"زاهدان","state":"کردستان","country":"Iran","postcode":76039,"coordinates":{"latitude":"16.8230","longitude":"-71.4544"},"timezone":{"offset":"+4:00","description":"Abu Dhabi, Muscat, Baku, Tbilisi"}},"email":"shyl.shylyrd@example.com","login":{"uuid":"75ad27cb-d25f-416b-a2d6-c3e81c103d5e","username":"ticklishgorilla808","password":"bryan1","salt":"Zkw0ezT3","md5":"b2dbc125e737ed748a49b468ed691c54","sha1":"c1e17f0449aaf2b12333cc6a34dce48d9069a904","sha256":"81e5a03345dcf9f24d1b36a33a4c9db0c15f67b6c9819205cb3b8aa37455f009"},"dob":{"date":"1957-02-24T08:06:21.624Z","age":67},"registered":{"date":"2020-08-20T00:49:15.945Z","age":3},"phone":"007-00283961","cell":"0979-453-9298","id":{"name":"","value":null},"picture":{"large":"https://randomuser.me/api/portraits/men/56.jpg","medium":"https://randomuser.me/api/portraits/med/men/56.jpg","thumbnail":"https://randomuser.me/api/portraits/thumb/men/56.jpg"},"nat":"IR"}],"info":{"seed":"a1a204be3a00554c","results":1,"page":1,"version":"1.4"}} 
 </msg>
<msg time="2024-07-17T06:21:39.278917" level="INFO">/opt/hostedtoolcache/Python/3.12.4/x64/lib/python3.12/site-packages/urllib3/connectionpool.py:1099: InsecureRequestWarning: Unverified HTTPS request is being made to host 'randomuser.me'. Adding certificate verification is strongly advised. See: https://urllib3.readthedocs.io/en/latest/advanced-usage.html#tls-warnings
  warnings.warn(</msg>
<msg time="2024-07-17T06:21:39.279066" level="INFO">${response} = &lt;Response [200]&gt;</msg>
<var>${response}</var>
<arg>consultarAPI</arg>
<arg>/api</arg>
<doc>Sends a GET request on a previously created HTTP Session.</doc>
<status status="PASS" start="2024-07-17T06:21:39.030297" elapsed="0.248813"/>
</kw>
<kw name="Should Be Equal As Numbers" owner="BuiltIn">
<msg time="2024-07-17T06:21:39.280190" level="INFO">Argument types are:
&lt;class 'int'&gt;
&lt;class 'str'&gt;</msg>
<arg>${response.status_code}</arg>
<arg>200</arg>
<doc>Fails if objects are unequal after converting them to real numbers.</doc>
<status status="PASS" start="2024-07-17T06:21:39.279689" elapsed="0.000569"/>
</kw>
<kw name="Log" owner="BuiltIn">
<msg time="2024-07-17T06:21:39.280941" level="INFO">200</msg>
<arg>${response.status_code}</arg>
<doc>Logs the given message with the given level.</doc>
<status status="PASS" start="2024-07-17T06:21:39.280585" elapsed="0.000400"/>
</kw>
<kw name="Set Variable" owner="BuiltIn">
<msg time="2024-07-17T06:21:39.281747" level="INFO">${json_data} = {'results': [{'gender': 'male', 'name': {'title': 'Mr', 'first': 'سهیل', 'last': 'سهيلي راد'}, 'location': {'street': {'number': 8420, 'name': 'برادران سلیمانی'}, 'city': 'زاهدان', 'state': 'کردستان',...</msg>
<var>${json_data}</var>
<arg>${response.json()}</arg>
<doc>Returns the given values which can then be assigned to a variables.</doc>
<status status="PASS" start="2024-07-17T06:21:39.281292" elapsed="0.000487"/>
</kw>
<kw name="Dictionary Should Contain Key" owner="Collections">
<arg>${json_data}</arg>
<arg>results</arg>
<doc>Fails if ``key`` is not found from ``dictionary``.</doc>
<status status="PASS" start="2024-07-17T06:21:39.282081" elapsed="0.000176"/>
</kw>
<status status="PASS" start="2024-07-17T06:21:39.030046" elapsed="0.252378"/>
</kw>
<doc>Testa se a API responde corretamente e retorna um objeto JSON válido.</doc>
<tag>testeRequisicaoBasica</tag>
<status status="PASS" start="2024-07-17T06:21:39.029593" elapsed="0.253020"/>
</test>
<test id="s1-s1-t3" name="Validar estrutura de resposta" line="22">
<kw name="Teste de Estrutura de Resposta" owner="random-user-service">
<kw name="GET On Session" owner="RequestsLibrary">
<msg time="2024-07-17T06:21:39.378800" level="INFO">GET Request : url=https://randomuser.me/api 
 path_url=/api 
 headers={'User-Agent': 'python-requests/2.32.3', 'Accept-Encoding': 'gzip, deflate', 'Accept': '*/*', 'Connection': 'keep-alive'} 
 body=None 
 </msg>
<msg time="2024-07-17T06:21:39.378904" level="INFO">GET Response : url=https://randomuser.me/api 
 status=200, reason=OK 
 headers={'Date': 'Wed, 17 Jul 2024 06:21:39 GMT', 'Content-Type': 'application/json; charset=utf-8', 'Transfer-Encoding': 'chunked', 'Connection': 'keep-alive', 'X-Powered-By': 'Express', 'Access-Control-Allow-Origin': '*', 'Cache-Control': 'no-cache', 'ETag': 'W/"47e-pqy/vVYVsKNsoHe8nKMNfwA/oCg"', 'Vary': 'Accept-Encoding', 'Content-Encoding': 'gzip', 'CF-Cache-Status': 'DYNAMIC', 'Report-To': '{"endpoints":[{"url":"https:\\/\\/a.nel.cloudflare.com\\/report\\/v4?s=GEeD0DpSMkif3T85%2FfCxPbsdPhGjA0wojpCrlQ9onK4WXzmzDYyoRnaZPVMqK88Bo4Uxn9nxhtFKYh0gMd8DiUufcY%2FFCKkT1dEq1Alc4xfL9dpqPPI8WB5hxLrU26OE"}],"group":"cf-nel","max_age":604800}', 'NEL': '{"success_fraction":0,"report_to":"cf-nel","max_age":604800}', 'Server': 'cloudflare', 'CF-RAY': '8a4822109c422956-ORD', 'alt-svc': 'h3=":443"; ma=86400'} 
 body={"results":[{"gender":"male","name":{"title":"Mr","first":"Jonathan","last":"Johansen"},"location":{"street":{"number":4051,"name":"Stadionvej"},"city":"Sønder Stenderup","state":"Nordjylland","country":"Denmark","postcode":28632,"coordinates":{"latitude":"-45.8455","longitude":"-105.4843"},"timezone":{"offset":"-3:30","description":"Newfoundland"}},"email":"jonathan.johansen@example.com","login":{"uuid":"7456cd93-be0f-405f-924d-65c467d063d1","username":"crazysnake445","password":"burns","salt":"R4a9dw9d","md5":"9a25e5ae8482825b8f5a46df72ad84aa","sha1":"a6911cccafafb97b09c04753ac4bf8a87e260791","sha256":"8e42e6298318bcf15edd6e5bc5153deb2480dd5067bfe3b740b6cf2aab667870"},"dob":{"date":"1963-06-24T01:24:14.818Z","age":61},"registered":{"date":"2018-06-02T22:04:00.063Z","age":6},"phone":"34804281","cell":"55350329","id":{"name":"CPR","value":"230663-9591"},"picture":{"large":"https://randomuser.me/api/portraits/men/26.jpg","medium":"https://randomuser.me/api/portraits/med/men/26.jpg","thumbnail":"https://randomuser.me/api/portraits/thumb/men/26.jpg"},"nat":"DK"}],"info":{"seed":"830d659ef570b66f","results":1,"page":1,"version":"1.4"}} 
 </msg>
<msg time="2024-07-17T06:21:39.379044" level="INFO">/opt/hostedtoolcache/Python/3.12.4/x64/lib/python3.12/site-packages/urllib3/connectionpool.py:1099: InsecureRequestWarning: Unverified HTTPS request is being made to host 'randomuser.me'. Adding certificate verification is strongly advised. See: https://urllib3.readthedocs.io/en/latest/advanced-usage.html#tls-warnings
  warnings.warn(</msg>
<msg time="2024-07-17T06:21:39.379191" level="INFO">${response} = &lt;Response [200]&gt;</msg>
<var>${response}</var>
<arg>consultarAPI</arg>
<arg>/api</arg>
<doc>Sends a GET request on a previously created HTTP Session.</doc>
<status status="PASS" start="2024-07-17T06:21:39.285295" elapsed="0.093928"/>
</kw>
<kw name="Set Variable" owner="BuiltIn">
<msg time="2024-07-17T06:21:39.380295" level="INFO">${json_data} = {'results': [{'gender': 'male', 'name': {'title': 'Mr', 'first': 'Jonathan', 'last': 'Johansen'}, 'location': {'street': {'number': 4051, 'name': 'Stadionvej'}, 'city': 'Sønder Stenderup', 'state': 'N...</msg>
<var>${json_data}</var>
<arg>${response.json()}</arg>
<doc>Returns the given values which can then be assigned to a variables.</doc>
<status status="PASS" start="2024-07-17T06:21:39.379770" elapsed="0.000557"/>
</kw>
<kw name="Log" owner="BuiltIn">
<msg time="2024-07-17T06:21:39.380803" level="INFO">{'results': [{'gender': 'male', 'name': {'title': 'Mr', 'first': 'Jonathan', 'last': 'Johansen'}, 'location': {'street': {'number': 4051, 'name': 'Stadionvej'}, 'city': 'Sønder Stenderup', 'state': 'Nordjylland', 'country': 'Denmark', 'postcode': 28632, 'coordinates': {'latitude': '-45.8455', 'longitude': '-105.4843'}, 'timezone': {'offset': '-3:30', 'description': 'Newfoundland'}}, 'email': 'jonathan.johansen@example.com', 'login': {'uuid': '7456cd93-be0f-405f-924d-65c467d063d1', 'username': 'crazysnake445', 'password': 'burns', 'salt': 'R4a9dw9d', 'md5': '9a25e5ae8482825b8f5a46df72ad84aa', 'sha1': 'a6911cccafafb97b09c04753ac4bf8a87e260791', 'sha256': '8e42e6298318bcf15edd6e5bc5153deb2480dd5067bfe3b740b6cf2aab667870'}, 'dob': {'date': '1963-06-24T01:24:14.818Z', 'age': 61}, 'registered': {'date': '2018-06-02T22:04:00.063Z', 'age': 6}, 'phone': '34804281', 'cell': '55350329', 'id': {'name': 'CPR', 'value': '230663-9591'}, 'picture': {'large': 'https://randomuser.me/api/portraits/men/26.jpg', 'medium': 'https://randomuser.me/api/portraits/med/men/26.jpg', 'thumbnail': 'https://randomuser.me/api/portraits/thumb/men/26.jpg'}, 'nat': 'DK'}], 'info': {'seed': '830d659ef570b66f', 'results': 1, 'page': 1, 'version': '1.4'}}</msg>
<arg>${json_data}</arg>
<doc>Logs the given message with the given level.</doc>
<status status="PASS" start="2024-07-17T06:21:39.380640" elapsed="0.000212"/>
</kw>
<kw name="Dictionary Should Contain Key" owner="Collections">
<arg>${json_data}</arg>
<arg>results</arg>
<doc>Fails if ``key`` is not found from ``dictionary``.</doc>
<status status="PASS" start="2024-07-17T06:21:39.381139" elapsed="0.000156"/>
</kw>
<kw name="Should Not Be Empty" owner="BuiltIn">
<msg time="2024-07-17T06:21:39.381618" level="INFO">Length is 2.</msg>
<arg>${json_data}</arg>
<doc>Verifies that the given item is not empty.</doc>
<status status="PASS" start="2024-07-17T06:21:39.381476" elapsed="0.000181"/>
</kw>
<kw name="Create List" owner="BuiltIn">
<msg time="2024-07-17T06:21:39.382256" level="INFO">${expected_keys} = ['gender', 'name', 'location', 'email', 'login']</msg>
<var>${expected_keys}</var>
<arg>gender</arg>
<arg>name</arg>
<arg>location</arg>
<arg>email</arg>
<arg>login</arg>
<doc>Returns a list containing given items.</doc>
<status status="PASS" start="2024-07-17T06:21:39.381949" elapsed="0.000332"/>
</kw>
<for flavor="IN">
<iter>
<kw name="Dictionary Should Contain Key" owner="Collections">
<arg>${json_data['results'][0]}</arg>
<arg>${key}</arg>
<doc>Fails if ``key`` is not found from ``dictionary``.</doc>
<status status="PASS" start="2024-07-17T06:21:39.382871" elapsed="0.000435"/>
</kw>
<kw name="Log" owner="BuiltIn">
<msg time="2024-07-17T06:21:39.383906" level="INFO">{'gender': 'male', 'name': {'title': 'Mr', 'first': 'Jonathan', 'last': 'Johansen'}, 'location': {'street': {'number': 4051, 'name': 'Stadionvej'}, 'city': 'Sønder Stenderup', 'state': 'Nordjylland', 'country': 'Denmark', 'postcode': 28632, 'coordinates': {'latitude': '-45.8455', 'longitude': '-105.4843'}, 'timezone': {'offset': '-3:30', 'description': 'Newfoundland'}}, 'email': 'jonathan.johansen@example.com', 'login': {'uuid': '7456cd93-be0f-405f-924d-65c467d063d1', 'username': 'crazysnake445', 'password': 'burns', 'salt': 'R4a9dw9d', 'md5': '9a25e5ae8482825b8f5a46df72ad84aa', 'sha1': 'a6911cccafafb97b09c04753ac4bf8a87e260791', 'sha256': '8e42e6298318bcf15edd6e5bc5153deb2480dd5067bfe3b740b6cf2aab667870'}, 'dob': {'date': '1963-06-24T01:24:14.818Z', 'age': 61}, 'registered': {'date': '2018-06-02T22:04:00.063Z', 'age': 6}, 'phone': '34804281', 'cell': '55350329', 'id': {'name': 'CPR', 'value': '230663-9591'}, 'picture': {'large': 'https://randomuser.me/api/portraits/men/26.jpg', 'medium': 'https://randomuser.me/api/portraits/med/men/26.jpg', 'thumbnail': 'https://randomuser.me/api/portraits/thumb/men/26.jpg'}, 'nat': 'DK'}</msg>
<arg>${json_data['results'][0]}</arg>
<doc>Logs the given message with the given level.</doc>
<status status="PASS" start="2024-07-17T06:21:39.383492" elapsed="0.000464"/>
</kw>
<kw name="Log" owner="BuiltIn">
<msg time="2024-07-17T06:21:39.384387" level="INFO">gender</msg>
<arg>${key}</arg>
<doc>Logs the given message with the given level.</doc>
<status status="PASS" start="2024-07-17T06:21:39.384258" elapsed="0.000166"/>
</kw>
<var name="${key}">gender</var>
<status status="PASS" start="2024-07-17T06:21:39.382749" elapsed="0.001892"/>
</iter>
<iter>
<kw name="Dictionary Should Contain Key" owner="Collections">
<arg>${json_data['results'][0]}</arg>
<arg>${key}</arg>
<doc>Fails if ``key`` is not found from ``dictionary``.</doc>
<status status="PASS" start="2024-07-17T06:21:39.384939" elapsed="0.000387"/>
</kw>
<kw name="Log" owner="BuiltIn">
<msg time="2024-07-17T06:21:39.385858" level="INFO">{'gender': 'male', 'name': {'title': 'Mr', 'first': 'Jonathan', 'last': 'Johansen'}, 'location': {'street': {'number': 4051, 'name': 'Stadionvej'}, 'city': 'Sønder Stenderup', 'state': 'Nordjylland', 'country': 'Denmark', 'postcode': 28632, 'coordinates': {'latitude': '-45.8455', 'longitude': '-105.4843'}, 'timezone': {'offset': '-3:30', 'description': 'Newfoundland'}}, 'email': 'jonathan.johansen@example.com', 'login': {'uuid': '7456cd93-be0f-405f-924d-65c467d063d1', 'username': 'crazysnake445', 'password': 'burns', 'salt': 'R4a9dw9d', 'md5': '9a25e5ae8482825b8f5a46df72ad84aa', 'sha1': 'a6911cccafafb97b09c04753ac4bf8a87e260791', 'sha256': '8e42e6298318bcf15edd6e5bc5153deb2480dd5067bfe3b740b6cf2aab667870'}, 'dob': {'date': '1963-06-24T01:24:14.818Z', 'age': 61}, 'registered': {'date': '2018-06-02T22:04:00.063Z', 'age': 6}, 'phone': '34804281', 'cell': '55350329', 'id': {'name': 'CPR', 'value': '230663-9591'}, 'picture': {'large': 'https://randomuser.me/api/portraits/men/26.jpg', 'medium': 'https://randomuser.me/api/portraits/med/men/26.jpg', 'thumbnail': 'https://randomuser.me/api/portraits/thumb/men/26.jpg'}, 'nat': 'DK'}</msg>
<arg>${json_data['results'][0]}</arg>
<doc>Logs the given message with the given level.</doc>
<status status="PASS" start="2024-07-17T06:21:39.385509" elapsed="0.000430"/>
</kw>
<kw name="Log" owner="BuiltIn">
<msg time="2024-07-17T06:21:39.386374" level="INFO">name</msg>
<arg>${key}</arg>
<doc>Logs the given message with the given level.</doc>
<status status="PASS" start="2024-07-17T06:21:39.386245" elapsed="0.000167"/>
</kw>
<var name="${key}">name</var>
<status status="PASS" start="2024-07-17T06:21:39.384828" elapsed="0.001808"/>
</iter>
<iter>
<kw name="Dictionary Should Contain Key" owner="Collections">
<arg>${json_data['results'][0]}</arg>
<arg>${key}</arg>
<doc>Fails if ``key`` is not found from ``dictionary``.</doc>
<status status="PASS" start="2024-07-17T06:21:39.386931" elapsed="0.000413"/>
</kw>
<kw name="Log" owner="BuiltIn">
<msg time="2024-07-17T06:21:39.387878" level="INFO">{'gender': 'male', 'name': {'title': 'Mr', 'first': 'Jonathan', 'last': 'Johansen'}, 'location': {'street': {'number': 4051, 'name': 'Stadionvej'}, 'city': 'Sønder Stenderup', 'state': 'Nordjylland', 'country': 'Denmark', 'postcode': 28632, 'coordinates': {'latitude': '-45.8455', 'longitude': '-105.4843'}, 'timezone': {'offset': '-3:30', 'description': 'Newfoundland'}}, 'email': 'jonathan.johansen@example.com', 'login': {'uuid': '7456cd93-be0f-405f-924d-65c467d063d1', 'username': 'crazysnake445', 'password': 'burns', 'salt': 'R4a9dw9d', 'md5': '9a25e5ae8482825b8f5a46df72ad84aa', 'sha1': 'a6911cccafafb97b09c04753ac4bf8a87e260791', 'sha256': '8e42e6298318bcf15edd6e5bc5153deb2480dd5067bfe3b740b6cf2aab667870'}, 'dob': {'date': '1963-06-24T01:24:14.818Z', 'age': 61}, 'registered': {'date': '2018-06-02T22:04:00.063Z', 'age': 6}, 'phone': '34804281', 'cell': '55350329', 'id': {'name': 'CPR', 'value': '230663-9591'}, 'picture': {'large': 'https://randomuser.me/api/portraits/men/26.jpg', 'medium': 'https://randomuser.me/api/portraits/med/men/26.jpg', 'thumbnail': 'https://randomuser.me/api/portraits/thumb/men/26.jpg'}, 'nat': 'DK'}</msg>
<arg>${json_data['results'][0]}</arg>
<doc>Logs the given message with the given level.</doc>
<status status="PASS" start="2024-07-17T06:21:39.387527" elapsed="0.000399"/>
</kw>
<kw name="Log" owner="BuiltIn">
<msg time="2024-07-17T06:21:39.388352" level="INFO">location</msg>
<arg>${key}</arg>
<doc>Logs the given message with the given level.</doc>
<status status="PASS" start="2024-07-17T06:21:39.388224" elapsed="0.000165"/>
</kw>
<var name="${key}">location</var>
<status status="PASS" start="2024-07-17T06:21:39.386822" elapsed="0.001786"/>
</iter>
<iter>
<kw name="Dictionary Should Contain Key" owner="Collections">
<arg>${json_data['results'][0]}</arg>
<arg>${key}</arg>
<doc>Fails if ``key`` is not found from ``dictionary``.</doc>
<status status="PASS" start="2024-07-17T06:21:39.388886" elapsed="0.000387"/>
</kw>
<kw name="Log" owner="BuiltIn">
<msg time="2024-07-17T06:21:39.389809" level="INFO">{'gender': 'male', 'name': {'title': 'Mr', 'first': 'Jonathan', 'last': 'Johansen'}, 'location': {'street': {'number': 4051, 'name': 'Stadionvej'}, 'city': 'Sønder Stenderup', 'state': 'Nordjylland', 'country': 'Denmark', 'postcode': 28632, 'coordinates': {'latitude': '-45.8455', 'longitude': '-105.4843'}, 'timezone': {'offset': '-3:30', 'description': 'Newfoundland'}}, 'email': 'jonathan.johansen@example.com', 'login': {'uuid': '7456cd93-be0f-405f-924d-65c467d063d1', 'username': 'crazysnake445', 'password': 'burns', 'salt': 'R4a9dw9d', 'md5': '9a25e5ae8482825b8f5a46df72ad84aa', 'sha1': 'a6911cccafafb97b09c04753ac4bf8a87e260791', 'sha256': '8e42e6298318bcf15edd6e5bc5153deb2480dd5067bfe3b740b6cf2aab667870'}, 'dob': {'date': '1963-06-24T01:24:14.818Z', 'age': 61}, 'registered': {'date': '2018-06-02T22:04:00.063Z', 'age': 6}, 'phone': '34804281', 'cell': '55350329', 'id': {'name': 'CPR', 'value': '230663-9591'}, 'picture': {'large': 'https://randomuser.me/api/portraits/men/26.jpg', 'medium': 'https://randomuser.me/api/portraits/med/men/26.jpg', 'thumbnail': 'https://randomuser.me/api/portraits/thumb/men/26.jpg'}, 'nat': 'DK'}</msg>
<arg>${json_data['results'][0]}</arg>
<doc>Logs the given message with the given level.</doc>
<status status="PASS" start="2024-07-17T06:21:39.389458" elapsed="0.000402"/>
</kw>
<kw name="Log" owner="BuiltIn">
<msg time="2024-07-17T06:21:39.390292" level="INFO">email</msg>
<arg>${key}</arg>
<doc>Logs the given message with the given level.</doc>
<status status="PASS" start="2024-07-17T06:21:39.390159" elapsed="0.000172"/>
</kw>
<var name="${key}">email</var>
<status status="PASS" start="2024-07-17T06:21:39.388780" elapsed="0.001766"/>
</iter>
<iter>
<kw name="Dictionary Should Contain Key" owner="Collections">
<arg>${json_data['results'][0]}</arg>
<arg>${key}</arg>
<doc>Fails if ``key`` is not found from ``dictionary``.</doc>
<status status="PASS" start="2024-07-17T06:21:39.390833" elapsed="0.000410"/>
</kw>
<kw name="Log" owner="BuiltIn">
<msg time="2024-07-17T06:21:39.391790" level="INFO">{'gender': 'male', 'name': {'title': 'Mr', 'first': 'Jonathan', 'last': 'Johansen'}, 'location': {'street': {'number': 4051, 'name': 'Stadionvej'}, 'city': 'Sønder Stenderup', 'state': 'Nordjylland', 'country': 'Denmark', 'postcode': 28632, 'coordinates': {'latitude': '-45.8455', 'longitude': '-105.4843'}, 'timezone': {'offset': '-3:30', 'description': 'Newfoundland'}}, 'email': 'jonathan.johansen@example.com', 'login': {'uuid': '7456cd93-be0f-405f-924d-65c467d063d1', 'username': 'crazysnake445', 'password': 'burns', 'salt': 'R4a9dw9d', 'md5': '9a25e5ae8482825b8f5a46df72ad84aa', 'sha1': 'a6911cccafafb97b09c04753ac4bf8a87e260791', 'sha256': '8e42e6298318bcf15edd6e5bc5153deb2480dd5067bfe3b740b6cf2aab667870'}, 'dob': {'date': '1963-06-24T01:24:14.818Z', 'age': 61}, 'registered': {'date': '2018-06-02T22:04:00.063Z', 'age': 6}, 'phone': '34804281', 'cell': '55350329', 'id': {'name': 'CPR', 'value': '230663-9591'}, 'picture': {'large': 'https://randomuser.me/api/portraits/men/26.jpg', 'medium': 'https://randomuser.me/api/portraits/med/men/26.jpg', 'thumbnail': 'https://randomuser.me/api/portraits/thumb/men/26.jpg'}, 'nat': 'DK'}</msg>
<arg>${json_data['results'][0]}</arg>
<doc>Logs the given message with the given level.</doc>
<status status="PASS" start="2024-07-17T06:21:39.391438" elapsed="0.000402"/>
</kw>
<kw name="Log" owner="BuiltIn">
<msg time="2024-07-17T06:21:39.392267" level="INFO">login</msg>
<arg>${key}</arg>
<doc>Logs the given message with the given level.</doc>
<status status="PASS" start="2024-07-17T06:21:39.392136" elapsed="0.000170"/>
</kw>
<var name="${key}">login</var>
<status status="PASS" start="2024-07-17T06:21:39.390719" elapsed="0.001806"/>
</iter>
<var>${key}</var>
<value>@{expected_keys}</value>
<status status="PASS" start="2024-07-17T06:21:39.382547" elapsed="0.010103"/>
</for>
<kw name="Create List" owner="BuiltIn">
<msg time="2024-07-17T06:21:39.392986" level="INFO">${expected_keysTwo} = ['username', 'password']</msg>
<var>${expected_keysTwo}</var>
<arg>username</arg>
<arg>password</arg>
<doc>Returns a list containing given items.</doc>
<status status="PASS" start="2024-07-17T06:21:39.392843" elapsed="0.000169"/>
</kw>
<for flavor="IN">
<iter>
<kw name="Dictionary Should Contain Key" owner="Collections">
<arg>${json_data['results'][0]['login']}</arg>
<arg>${keyTwo}</arg>
<doc>Fails if ``key`` is not found from ``dictionary``.</doc>
<status status="PASS" start="2024-07-17T06:21:39.393549" elapsed="0.000384"/>
</kw>
<kw name="Dictionary Should Contain Key" owner="Collections">
<arg>${json_data['results'][0]['login']}</arg>
<arg>${keyTwo}</arg>
<doc>Fails if ``key`` is not found from ``dictionary``.</doc>
<status status="PASS" start="2024-07-17T06:21:39.394115" elapsed="0.000380"/>
</kw>
<kw name="Log" owner="BuiltIn">
<msg time="2024-07-17T06:21:39.394804" level="INFO">username</msg>
<arg>${keyTwo}</arg>
<doc>Logs the given message with the given level.</doc>
<status status="PASS" start="2024-07-17T06:21:39.394680" elapsed="0.000163"/>
</kw>
<var name="${keyTwo}">username</var>
<status status="PASS" start="2024-07-17T06:21:39.393442" elapsed="0.001625"/>
</iter>
<iter>
<kw name="Dictionary Should Contain Key" owner="Collections">
<arg>${json_data['results'][0]['login']}</arg>
<arg>${keyTwo}</arg>
<doc>Fails if ``key`` is not found from ``dictionary``.</doc>
<status status="PASS" start="2024-07-17T06:21:39.395385" elapsed="0.000390"/>
</kw>
<kw name="Dictionary Should Contain Key" owner="Collections">
<arg>${json_data['results'][0]['login']}</arg>
<arg>${keyTwo}</arg>
<doc>Fails if ``key`` is not found from ``dictionary``.</doc>
<status status="PASS" start="2024-07-17T06:21:39.395955" elapsed="0.000366"/>
</kw>
<kw name="Log" owner="BuiltIn">
<msg time="2024-07-17T06:21:39.396615" level="INFO">password</msg>
<arg>${keyTwo}</arg>
<doc>Logs the given message with the given level.</doc>
<status status="PASS" start="2024-07-17T06:21:39.396497" elapsed="0.000166"/>
</kw>
<var name="${keyTwo}">password</var>
<status status="PASS" start="2024-07-17T06:21:39.395272" elapsed="0.001708"/>
</iter>
<var>${keyTwo}</var>
<value>@{expected_keysTwo}</value>
<status status="PASS" start="2024-07-17T06:21:39.393283" elapsed="0.003821"/>
</for>
<status status="PASS" start="2024-07-17T06:21:39.285051" elapsed="0.112199"/>
</kw>
<doc>Testa a estrutura da resposta da API.</doc>
<tag>testeEstruturaResposta</tag>
<status status="PASS" start="2024-07-17T06:21:39.284532" elapsed="0.112879"/>
</test>
<test id="s1-s1-t4" name="Validar tipos de dados" line="28">
<kw name="Teste de Tipos de Dados" owner="random-user-service">
<kw name="GET On Session" owner="RequestsLibrary">
<msg time="2024-07-17T06:21:39.486129" level="INFO">GET Request : url=https://randomuser.me/api 
 path_url=/api 
 headers={'User-Agent': 'python-requests/2.32.3', 'Accept-Encoding': 'gzip, deflate', 'Accept': '*/*', 'Connection': 'keep-alive'} 
 body=None 
 </msg>
<msg time="2024-07-17T06:21:39.486230" level="INFO">GET Response : url=https://randomuser.me/api 
 status=200, reason=OK 
 headers={'Date': 'Wed, 17 Jul 2024 06:21:39 GMT', 'Content-Type': 'application/json; charset=utf-8', 'Transfer-Encoding': 'chunked', 'Connection': 'keep-alive', 'X-Powered-By': 'Express', 'Access-Control-Allow-Origin': '*', 'Cache-Control': 'no-cache', 'ETag': 'W/"491-sncNJn5IUuV/6wkQyB48ROqcZKY"', 'Vary': 'Accept-Encoding', 'Content-Encoding': 'gzip', 'CF-Cache-Status': 'DYNAMIC', 'Report-To': '{"endpoints":[{"url":"https:\\/\\/a.nel.cloudflare.com\\/report\\/v4?s=Yr7q6K%2Foyqv94AmtLxwD7JXGKGbsgQesADoM%2BgBRCowtrpxBBIeXh91jXl3BFCu%2BeTp%2F8591c4qD%2BYOJyJYbrBGp0gl%2Bk1Gt8p8Mq4haSjyMXcx8Cr0EmiT4phrbWy70"}],"group":"cf-nel","max_age":604800}', 'NEL': '{"success_fraction":0,"report_to":"cf-nel","max_age":604800}', 'Server': 'cloudflare', 'CF-RAY': '8a4822114caf2956-ORD', 'alt-svc': 'h3=":443"; ma=86400'} 
 body={"results":[{"gender":"male","name":{"title":"Mr","first":"Aleksi","last":"Aho"},"location":{"street":{"number":5953,"name":"Tehtaankatu"},"city":"Lempäälä","state":"Central Finland","country":"Finland","postcode":74965,"coordinates":{"latitude":"-21.9601","longitude":"-9.3862"},"timezone":{"offset":"+1:00","description":"Brussels, Copenhagen, Madrid, Paris"}},"email":"aleksi.aho@example.com","login":{"uuid":"1079e70b-c92f-4730-9438-b416a47640ce","username":"bluelion774","password":"daffy","salt":"UKk7Doc1","md5":"53d7b78bcce28d968698cedb9e7c33f1","sha1":"67d51998801a334934700bc0699692e3984636c1","sha256":"f6b67b9f913b585ec0ca7fe22815c6726e005320052b3be41e46ca26b8caa90d"},"dob":{"date":"1960-03-25T12:02:18.832Z","age":64},"registered":{"date":"2004-02-19T10:08:40.661Z","age":20},"phone":"07-243-207","cell":"049-689-63-12","id":{"name":"HETU","value":"NaNNA375undefined"},"picture":{"large":"https://randomuser.me/api/portraits/men/39.jpg","medium":"https://randomuser.me/api/portraits/med/men/39.jpg","thumbnail":"https://randomuser.me/api/portraits/thumb/men/39.jpg"},"nat":"FI"}],"info":{"seed":"e55acc849c163b41","results":1,"page":1,"version":"1.4"}} 
 </msg>
<msg time="2024-07-17T06:21:39.486303" level="INFO">/opt/hostedtoolcache/Python/3.12.4/x64/lib/python3.12/site-packages/urllib3/connectionpool.py:1099: InsecureRequestWarning: Unverified HTTPS request is being made to host 'randomuser.me'. Adding certificate verification is strongly advised. See: https://urllib3.readthedocs.io/en/latest/advanced-usage.html#tls-warnings
  warnings.warn(</msg>
<msg time="2024-07-17T06:21:39.486421" level="INFO">${response} = &lt;Response [200]&gt;</msg>
<var>${response}</var>
<arg>consultarAPI</arg>
<arg>/api</arg>
<doc>Sends a GET request on a previously created HTTP Session.</doc>
<status status="PASS" start="2024-07-17T06:21:39.399902" elapsed="0.086546"/>
</kw>
<kw name="Set Variable" owner="BuiltIn">
<msg time="2024-07-17T06:21:39.487569" level="INFO">${json_data} = {'results': [{'gender': 'male', 'name': {'title': 'Mr', 'first': 'Aleksi', 'last': 'Aho'}, 'location': {'street': {'number': 5953, 'name': 'Tehtaankatu'}, 'city': 'Lempäälä', 'state': 'Central Finland...</msg>
<var>${json_data}</var>
<arg>${response.json()}</arg>
<doc>Returns the given values which can then be assigned to a variables.</doc>
<status status="PASS" start="2024-07-17T06:21:39.486999" elapsed="0.000600"/>
</kw>
<kw name="Log" owner="BuiltIn">
<msg time="2024-07-17T06:21:39.488083" level="INFO">{'results': [{'gender': 'male', 'name': {'title': 'Mr', 'first': 'Aleksi', 'last': 'Aho'}, 'location': {'street': {'number': 5953, 'name': 'Tehtaankatu'}, 'city': 'Lempäälä', 'state': 'Central Finland', 'country': 'Finland', 'postcode': 74965, 'coordinates': {'latitude': '-21.9601', 'longitude': '-9.3862'}, 'timezone': {'offset': '+1:00', 'description': 'Brussels, Copenhagen, Madrid, Paris'}}, 'email': 'aleksi.aho@example.com', 'login': {'uuid': '1079e70b-c92f-4730-9438-b416a47640ce', 'username': 'bluelion774', 'password': 'daffy', 'salt': 'UKk7Doc1', 'md5': '53d7b78bcce28d968698cedb9e7c33f1', 'sha1': '67d51998801a334934700bc0699692e3984636c1', 'sha256': 'f6b67b9f913b585ec0ca7fe22815c6726e005320052b3be41e46ca26b8caa90d'}, 'dob': {'date': '1960-03-25T12:02:18.832Z', 'age': 64}, 'registered': {'date': '2004-02-19T10:08:40.661Z', 'age': 20}, 'phone': '07-243-207', 'cell': '049-689-63-12', 'id': {'name': 'HETU', 'value': 'NaNNA375undefined'}, 'picture': {'large': 'https://randomuser.me/api/portraits/men/39.jpg', 'medium': 'https://randomuser.me/api/portraits/med/men/39.jpg', 'thumbnail': 'https://randomuser.me/api/portraits/thumb/men/39.jpg'}, 'nat': 'FI'}], 'info': {'seed': 'e55acc849c163b41', 'results': 1, 'page': 1, 'version': '1.4'}}</msg>
<arg>${json_data}</arg>
<doc>Logs the given message with the given level.</doc>
<status status="PASS" start="2024-07-17T06:21:39.487922" elapsed="0.000213"/>
</kw>
<kw name="Should Be String" owner="String">
<arg>${json_data['results'][0]['gender']}</arg>
<doc>Fails if the given ``item`` is not a string.</doc>
<status status="PASS" start="2024-07-17T06:21:39.488429" elapsed="0.000364"/>
</kw>
<kw name="Should Match Regexp" owner="BuiltIn">
<arg>${json_data['results'][0]['email']}</arg>
<arg>^[a-zA-Z0-9._%+-]+@[a-zA-Z0-9.-]+\.[a-zA-Z]{2,}$</arg>
<doc>Fails if ``string`` does not match ``pattern`` as a regular expression.</doc>
<status status="PASS" start="2024-07-17T06:21:39.488981" elapsed="0.000520"/>
</kw>
<kw name="Should Match Regexp" owner="BuiltIn">
<arg>${json_data['results'][0]['dob']['date']}</arg>
<arg>\\d{4}-\\d{2}-\\d{2}T\\d{2}:\\d{2}:\\d{2}\\.\\d{3}Z</arg>
<doc>Fails if ``string`` does not match ``pattern`` as a regular expression.</doc>
<status status="PASS" start="2024-07-17T06:21:39.489739" elapsed="0.000490"/>
</kw>
<kw name="Should Match Regexp" owner="BuiltIn">
<arg>${json_data['results'][0]['registered']['date']}</arg>
<arg>\\d{4}-\\d{2}-\\d{2}T\\d{2}:\\d{2}:\\d{2}\\.\\d{3}Z</arg>
<doc>Fails if ``string`` does not match ``pattern`` as a regular expression.</doc>
<status status="PASS" start="2024-07-17T06:21:39.490423" elapsed="0.000368"/>
</kw>
<kw name="Should Match Regexp" owner="BuiltIn">
<arg>${json_data['results'][0]['picture']['large']}</arg>
<arg>^https?://.*\.(?:png|jpe?g|gif|bmp)$</arg>
<doc>Fails if ``string`` does not match ``pattern`` as a regular expression.</doc>
<status status="PASS" start="2024-07-17T06:21:39.490978" elapsed="0.000546"/>
</kw>
<kw name="Should Match Regexp" owner="BuiltIn">
<arg>${json_data['results'][0]['picture']['medium']}</arg>
<arg>^https?://.*\.(?:png|jpe?g|gif|bmp)$</arg>
<doc>Fails if ``string`` does not match ``pattern`` as a regular expression.</doc>
<status status="PASS" start="2024-07-17T06:21:39.491721" elapsed="0.000356"/>
</kw>
<kw name="Should Match Regexp" owner="BuiltIn">
<arg>${json_data['results'][0]['picture']['thumbnail']}</arg>
<arg>^https?://.*\.(?:png|jpe?g|gif|bmp)$</arg>
<doc>Fails if ``string`` does not match ``pattern`` as a regular expression.</doc>
<status status="PASS" start="2024-07-17T06:21:39.492266" elapsed="0.000360"/>
</kw>
<kw name="Log" owner="BuiltIn">
<msg time="2024-07-17T06:21:39.493153" level="INFO">{'large': 'https://randomuser.me/api/portraits/men/39.jpg', 'medium': 'https://randomuser.me/api/portraits/med/men/39.jpg', 'thumbnail': 'https://randomuser.me/api/portraits/thumb/men/39.jpg'}</msg>
<arg>${json_data['results'][0]['picture']}</arg>
<doc>Logs the given message with the given level.</doc>
<status status="PASS" start="2024-07-17T06:21:39.492814" elapsed="0.000383"/>
</kw>
<status status="PASS" start="2024-07-17T06:21:39.399675" elapsed="0.093784"/>
</kw>
<kw name="Teste de Tipos de Dados - Postcode" owner="random-user-service">
<kw name="GET On Session" owner="RequestsLibrary">
<msg time="2024-07-17T06:21:39.570182" level="INFO">GET Request : url=https://randomuser.me/api 
 path_url=/api 
 headers={'User-Agent': 'python-requests/2.32.3', 'Accept-Encoding': 'gzip, deflate', 'Accept': '*/*', 'Connection': 'keep-alive'} 
 body=None 
 </msg>
<msg time="2024-07-17T06:21:39.570275" level="INFO">GET Response : url=https://randomuser.me/api 
 status=200, reason=OK 
 headers={'Date': 'Wed, 17 Jul 2024 06:21:39 GMT', 'Content-Type': 'application/json; charset=utf-8', 'Transfer-Encoding': 'chunked', 'Connection': 'keep-alive', 'X-Powered-By': 'Express', 'Access-Control-Allow-Origin': '*', 'Cache-Control': 'no-cache', 'ETag': 'W/"487-bQXIYz4aNtPvlvrJsQNV+dipV1o"', 'Vary': 'Accept-Encoding', 'Content-Encoding': 'gzip', 'CF-Cache-Status': 'DYNAMIC', 'Report-To': '{"endpoints":[{"url":"https:\\/\\/a.nel.cloudflare.com\\/report\\/v4?s=TkrS4UZVbo1rzPJAUlViyFONOmGbevswDVZVdNGIglwbaAqC5LQyej3%2Bnw2x8hBGPyVn8N8Hft5WMwIffnpCFS5Ue1X6Cxd9%2BCvXV6SqJBWvq3mHg1gGt5O8P3917MNs"}],"group":"cf-nel","max_age":604800}', 'NEL': '{"success_fraction":0,"report_to":"cf-nel","max_age":604800}', 'Server': 'cloudflare', 'CF-RAY': '8a482211ecf42956-ORD', 'alt-svc': 'h3=":443"; ma=86400'} 
 body={"results":[{"gender":"female","name":{"title":"Mrs","first":"Priska","last":"Stebelskiy"},"location":{"street":{"number":628,"name":"Chichibabina"},"city":"Bila Cerkva","state":"Vinnicka","country":"Ukraine","postcode":52248,"coordinates":{"latitude":"78.0017","longitude":"48.4782"},"timezone":{"offset":"-12:00","description":"Eniwetok, Kwajalein"}},"email":"priska.stebelskiy@example.com","login":{"uuid":"aca01f11-7d0c-436d-80cf-b39dbf04c220","username":"yellowpanda313","password":"samsung","salt":"2bVpzZdc","md5":"c43baa7299dbf04ccbae921efb707caf","sha1":"d2208a34db14dfb8f0c42a9614b6f3e213d08b41","sha256":"b8cd1e93944ded927f0de679f697c3f45da460d76aa4f451efb097195c6cea0d"},"dob":{"date":"1977-07-10T06:30:27.766Z","age":47},"registered":{"date":"2019-05-11T21:06:55.432Z","age":5},"phone":"(099) A27-1106","cell":"(066) E48-0958","id":{"name":"","value":null},"picture":{"large":"https://randomuser.me/api/portraits/women/68.jpg","medium":"https://randomuser.me/api/portraits/med/women/68.jpg","thumbnail":"https://randomuser.me/api/portraits/thumb/women/68.jpg"},"nat":"UA"}],"info":{"seed":"c107b3c264152d54","results":1,"page":1,"version":"1.4"}} 
 </msg>
<msg time="2024-07-17T06:21:39.570344" level="INFO">/opt/hostedtoolcache/Python/3.12.4/x64/lib/python3.12/site-packages/urllib3/connectionpool.py:1099: InsecureRequestWarning: Unverified HTTPS request is being made to host 'randomuser.me'. Adding certificate verification is strongly advised. See: https://urllib3.readthedocs.io/en/latest/advanced-usage.html#tls-warnings
  warnings.warn(</msg>
<msg time="2024-07-17T06:21:39.570457" level="INFO">${response} = &lt;Response [200]&gt;</msg>
<var>${response}</var>
<arg>consultarAPI</arg>
<arg>/api</arg>
<doc>Sends a GET request on a previously created HTTP Session.</doc>
<status status="PASS" start="2024-07-17T06:21:39.493931" elapsed="0.076557"/>
</kw>
<kw name="Set Variable" owner="BuiltIn">
<msg time="2024-07-17T06:21:39.571544" level="INFO">${json_data} = {'results': [{'gender': 'female', 'name': {'title': 'Mrs', 'first': 'Priska', 'last': 'Stebelskiy'}, 'location': {'street': {'number': 628, 'name': 'Chichibabina'}, 'city': 'Bila Cerkva', 'state': 'Vi...</msg>
<var>${json_data}</var>
<arg>${response.json()}</arg>
<doc>Returns the given values which can then be assigned to a variables.</doc>
<status status="PASS" start="2024-07-17T06:21:39.571008" elapsed="0.000564"/>
</kw>
<kw name="Log" owner="BuiltIn">
<msg time="2024-07-17T06:21:39.572045" level="INFO">{'results': [{'gender': 'female', 'name': {'title': 'Mrs', 'first': 'Priska', 'last': 'Stebelskiy'}, 'location': {'street': {'number': 628, 'name': 'Chichibabina'}, 'city': 'Bila Cerkva', 'state': 'Vinnicka', 'country': 'Ukraine', 'postcode': 52248, 'coordinates': {'latitude': '78.0017', 'longitude': '48.4782'}, 'timezone': {'offset': '-12:00', 'description': 'Eniwetok, Kwajalein'}}, 'email': 'priska.stebelskiy@example.com', 'login': {'uuid': 'aca01f11-7d0c-436d-80cf-b39dbf04c220', 'username': 'yellowpanda313', 'password': 'samsung', 'salt': '2bVpzZdc', 'md5': 'c43baa7299dbf04ccbae921efb707caf', 'sha1': 'd2208a34db14dfb8f0c42a9614b6f3e213d08b41', 'sha256': 'b8cd1e93944ded927f0de679f697c3f45da460d76aa4f451efb097195c6cea0d'}, 'dob': {'date': '1977-07-10T06:30:27.766Z', 'age': 47}, 'registered': {'date': '2019-05-11T21:06:55.432Z', 'age': 5}, 'phone': '(099) A27-1106', 'cell': '(066) E48-0958', 'id': {'name': '', 'value': None}, 'picture': {'large': 'https://randomuser.me/api/portraits/women/68.jpg', 'medium': 'https://randomuser.me/api/portraits/med/women/68.jpg', 'thumbnail': 'https://randomuser.me/api/portraits/thumb/women/68.jpg'}, 'nat': 'UA'}], 'info': {'seed': 'c107b3c264152d54', 'results': 1, 'page': 1, 'version': '1.4'}}</msg>
<arg>${json_data}</arg>
<doc>Logs the given message with the given level.</doc>
<status status="PASS" start="2024-07-17T06:21:39.571888" elapsed="0.000204"/>
</kw>
<kw name="Should Be Equal As Numbers" owner="BuiltIn">
<arg>${json_data['results'][0]['location']['postcode']}</arg>
<arg>${json_data['results'][0]['location']['postcode']}</arg>
<doc>Fails if objects are unequal after converting them to real numbers.</doc>
<status status="PASS" start="2024-07-17T06:21:39.572389" elapsed="0.000628"/>
</kw>
<kw name="Log" owner="BuiltIn">
<msg time="2024-07-17T06:21:39.573724" level="INFO">52248</msg>
<arg>${json_data['results'][0]['location']['postcode']}</arg>
<doc>Logs the given message with the given level.</doc>
<status status="PASS" start="2024-07-17T06:21:39.573208" elapsed="0.000559"/>
</kw>
<status status="PASS" start="2024-07-17T06:21:39.493698" elapsed="0.080361"/>
</kw>
<doc>Testa se os tipos de dados na resposta da API estão corretos.</doc>
<tag>testeTiposDados</tag>
<status status="PASS" start="2024-07-17T06:21:39.399198" elapsed="0.175034"/>
</test>
<test id="s1-s1-t5" name="Validar conteudo" line="35">
<kw name="Teste de Tipos de Conteudo" owner="random-user-service">
<kw name="GET On Session" owner="RequestsLibrary">
<msg time="2024-07-17T06:21:39.668389" level="INFO">GET Request : url=https://randomuser.me/api 
 path_url=/api 
 headers={'User-Agent': 'python-requests/2.32.3', 'Accept-Encoding': 'gzip, deflate', 'Accept': '*/*', 'Connection': 'keep-alive'} 
 body=None 
 </msg>
<msg time="2024-07-17T06:21:39.668487" level="INFO">GET Response : url=https://randomuser.me/api 
 status=200, reason=OK 
 headers={'Date': 'Wed, 17 Jul 2024 06:21:39 GMT', 'Content-Type': 'application/json; charset=utf-8', 'Transfer-Encoding': 'chunked', 'Connection': 'keep-alive', 'X-Powered-By': 'Express', 'Access-Control-Allow-Origin': '*', 'Cache-Control': 'no-cache', 'ETag': 'W/"486-ctYK6zkWiJtgRxZkQoBA3RDBbeM"', 'Vary': 'Accept-Encoding', 'Content-Encoding': 'gzip', 'CF-Cache-Status': 'DYNAMIC', 'Report-To': '{"endpoints":[{"url":"https:\\/\\/a.nel.cloudflare.com\\/report\\/v4?s=CsFyntmm4sW9Fq8eaaFuTACeyHqu%2B3RadW3XBh9hnrLJgb2eYxjBOYr6CLZZpOL7DnIOOe4xAihhVI3entYkoB2B4iaJhM8rdSyB6qhXwbYSWhCD%2FYGgT7GVY05mgXjr"}],"group":"cf-nel","max_age":604800}', 'NEL': '{"success_fraction":0,"report_to":"cf-nel","max_age":604800}', 'Server': 'cloudflare', 'CF-RAY': '8a4822126d352956-ORD', 'alt-svc': 'h3=":443"; ma=86400'} 
 body={"results":[{"gender":"male","name":{"title":"Mr","first":"Horoshko","last":"Govera"},"location":{"street":{"number":9106,"name":"Lanzheronivskiy uzviz"},"city":"Druzhba","state":"Mikolayivska","country":"Ukraine","postcode":20829,"coordinates":{"latitude":"77.4290","longitude":"-74.6007"},"timezone":{"offset":"-11:00","description":"Midway Island, Samoa"}},"email":"horoshko.govera@example.com","login":{"uuid":"e30eb491-8e33-42e3-9cc8-ef275f128a5d","username":"silverlion906","password":"romance","salt":"I6nmk6o1","md5":"b744003b09c38f36625b87f8f60dea63","sha1":"3d3d74ef31f0ad7d065ba2a6d5149c2d31e7005d","sha256":"42327a1128440ab43c88d0f1156d28d262aafe1f4c119e66a8fe9040b01f6fc6"},"dob":{"date":"2000-10-26T18:12:52.816Z","age":23},"registered":{"date":"2005-02-22T10:53:20.406Z","age":19},"phone":"(068) Z11-5638","cell":"(068) P01-9213","id":{"name":"","value":null},"picture":{"large":"https://randomuser.me/api/portraits/men/46.jpg","medium":"https://randomuser.me/api/portraits/med/men/46.jpg","thumbnail":"https://randomuser.me/api/portraits/thumb/men/46.jpg"},"nat":"UA"}],"info":{"seed":"2301384a5e8305a2","results":1,"page":1,"version":"1.4"}} 
 </msg>
<msg time="2024-07-17T06:21:39.668556" level="INFO">/opt/hostedtoolcache/Python/3.12.4/x64/lib/python3.12/site-packages/urllib3/connectionpool.py:1099: InsecureRequestWarning: Unverified HTTPS request is being made to host 'randomuser.me'. Adding certificate verification is strongly advised. See: https://urllib3.readthedocs.io/en/latest/advanced-usage.html#tls-warnings
  warnings.warn(</msg>
<msg time="2024-07-17T06:21:39.668675" level="INFO">${response} = &lt;Response [200]&gt;</msg>
<var>${response}</var>
<arg>consultarAPI</arg>
<arg>/api</arg>
<doc>Sends a GET request on a previously created HTTP Session.</doc>
<status status="PASS" start="2024-07-17T06:21:39.576780" elapsed="0.091935"/>
</kw>
<kw name="Set Variable" owner="BuiltIn">
<msg time="2024-07-17T06:21:39.669754" level="INFO">${json_data} = {'results': [{'gender': 'male', 'name': {'title': 'Mr', 'first': 'Horoshko', 'last': 'Govera'}, 'location': {'street': {'number': 9106, 'name': 'Lanzheronivskiy uzviz'}, 'city': 'Druzhba', 'state': 'M...</msg>
<var>${json_data}</var>
<arg>${response.json()}</arg>
<doc>Returns the given values which can then be assigned to a variables.</doc>
<status status="PASS" start="2024-07-17T06:21:39.669237" elapsed="0.000546"/>
</kw>
<kw name="Set Variable" owner="BuiltIn">
<msg time="2024-07-17T06:21:39.670498" level="INFO">${name_title} = Mr</msg>
<var>${name_title}</var>
<arg>${json_data["results"][0]["name"]["title"]}</arg>
<doc>Returns the given values which can then be assigned to a variables.</doc>
<status status="PASS" start="2024-07-17T06:21:39.670106" elapsed="0.000418"/>
</kw>
<kw name="Create List" owner="BuiltIn">
<msg time="2024-07-17T06:21:39.670967" level="INFO">${allowed_titles} = ['Mr', 'Ms', 'Miss', 'Mrs', 'Madame', 'Monsieur']</msg>
<var>${allowed_titles}</var>
<arg>Mr</arg>
<arg>Ms</arg>
<arg>Miss</arg>
<arg>Mrs</arg>
<arg>Madame</arg>
<arg>Monsieur</arg>
<doc>Returns a list containing given items.</doc>
<status status="PASS" start="2024-07-17T06:21:39.670818" elapsed="0.000174"/>
</kw>
<kw name="List Should Contain Value" owner="Collections">
<arg>${allowed_titles}</arg>
<arg>${name_title}</arg>
<doc>Fails if the ``value`` is not found from ``list``.</doc>
<status status="PASS" start="2024-07-17T06:21:39.671338" elapsed="0.000182"/>
</kw>
<kw name="Set Variable" owner="BuiltIn">
<msg time="2024-07-17T06:21:39.672064" level="INFO">${name_country} = UA</msg>
<var>${name_country}</var>
<arg>${json_data["results"][0]["nat"]}</arg>
<doc>Returns the given values which can then be assigned to a variables.</doc>
<status status="PASS" start="2024-07-17T06:21:39.671701" elapsed="0.000389"/>
</kw>
<kw name="Create List" owner="BuiltIn">
<msg time="2024-07-17T06:21:39.672972" level="INFO">${list_country} = ['AD', 'AE', 'AF', 'AG', 'AI', 'AL', 'AM', 'AO', 'AQ', 'AR', 'AS', 'AT', 'AU', 'AW', 'AX', 'AZ', 'BA', 'BB', 'BD', 'BE', 'BF', 'BG', 'BH', 'BI', 'BJ', 'BL', 'BM', 'BN', 'BO', 'BQ', 'BR', 'BS', 'BT', '...</msg>
<var>${list_country}</var>
<arg>AD</arg>
<arg>AE</arg>
<arg>AF</arg>
<arg>AG</arg>
<arg>AI</arg>
<arg>AL</arg>
<arg>AM</arg>
<arg>AO</arg>
<arg>AQ</arg>
<arg>AR</arg>
<arg>AS</arg>
<arg>AT</arg>
<arg>AU</arg>
<arg>AW</arg>
<arg>AX</arg>
<arg>AZ</arg>
<arg>BA</arg>
<arg>BB</arg>
<arg>BD</arg>
<arg>BE</arg>
<arg>BF</arg>
<arg>BG</arg>
<arg>BH</arg>
<arg>BI</arg>
<arg>BJ</arg>
<arg>BL</arg>
<arg>BM</arg>
<arg>BN</arg>
<arg>BO</arg>
<arg>BQ</arg>
<arg>BR</arg>
<arg>BS</arg>
<arg>BT</arg>
<arg>BV</arg>
<arg>BW</arg>
<arg>BY</arg>
<arg>BZ</arg>
<arg>CA</arg>
<arg>CC</arg>
<arg>CD</arg>
<arg>CF</arg>
<arg>CG</arg>
<arg>CH</arg>
<arg>CI</arg>
<arg>CK</arg>
<arg>CL</arg>
<arg>CM</arg>
<arg>CN</arg>
<arg>CO</arg>
<arg>CR</arg>
<arg>CU</arg>
<arg>CV</arg>
<arg>CW</arg>
<arg>CX</arg>
<arg>CY</arg>
<arg>CZ</arg>
<arg>DE</arg>
<arg>DJ</arg>
<arg>DK</arg>
<arg>DM</arg>
<arg>DO</arg>
<arg>DZ</arg>
<arg>EC</arg>
<arg>EE</arg>
<arg>EG</arg>
<arg>EH</arg>
<arg>ER</arg>
<arg>ES</arg>
<arg>ET</arg>
<arg>FI</arg>
<arg>FJ</arg>
<arg>FK</arg>
<arg>FM</arg>
<arg>FO</arg>
<arg>FR</arg>
<arg>GA</arg>
<arg>GB</arg>
<arg>GD</arg>
<arg>GE</arg>
<arg>GF</arg>
<arg>GG</arg>
<arg>GH</arg>
<arg>GI</arg>
<arg>GL</arg>
<arg>GM</arg>
<arg>GN</arg>
<arg>GP</arg>
<arg>GQ</arg>
<arg>GR</arg>
<arg>GS</arg>
<arg>GT</arg>
<arg>GU</arg>
<arg>GW</arg>
<arg>GY</arg>
<arg>HK</arg>
<arg>HM</arg>
<arg>HN</arg>
<arg>HR</arg>
<arg>HT</arg>
<arg>HU</arg>
<arg>ID</arg>
<arg>IE</arg>
<arg>IL</arg>
<arg>IM</arg>
<arg>IN</arg>
<arg>IO</arg>
<arg>IQ</arg>
<arg>IR</arg>
<arg>IS</arg>
<arg>IT</arg>
<arg>JE</arg>
<arg>JM</arg>
<arg>JO</arg>
<arg>JP</arg>
<arg>KE</arg>
<arg>KG</arg>
<arg>KH</arg>
<arg>KI</arg>
<arg>KM</arg>
<arg>KN</arg>
<arg>KP</arg>
<arg>KR</arg>
<arg>KW</arg>
<arg>KY</arg>
<arg>KZ</arg>
<arg>LA</arg>
<arg>LB</arg>
<arg>LC</arg>
<arg>LI</arg>
<arg>LK</arg>
<arg>LR</arg>
<arg>LS</arg>
<arg>LT</arg>
<arg>LU</arg>
<arg>LV</arg>
<arg>LY</arg>
<arg>MA</arg>
<arg>MC</arg>
<arg>MD</arg>
<arg>ME</arg>
<arg>MF</arg>
<arg>MG</arg>
<arg>MH</arg>
<arg>MK</arg>
<arg>ML</arg>
<arg>MM</arg>
<arg>MN</arg>
<arg>MO</arg>
<arg>MP</arg>
<arg>MQ</arg>
<arg>MR</arg>
<arg>MS</arg>
<arg>MT</arg>
<arg>MU</arg>
<arg>MV</arg>
<arg>MW</arg>
<arg>MX</arg>
<arg>MY</arg>
<arg>MZ</arg>
<arg>NA</arg>
<arg>NC</arg>
<arg>NE</arg>
<arg>NF</arg>
<arg>NG</arg>
<arg>NI</arg>
<arg>NL</arg>
<arg>NO</arg>
<arg>NP</arg>
<arg>NR</arg>
<arg>NU</arg>
<arg>NZ</arg>
<arg>OM</arg>
<arg>PA</arg>
<arg>PE</arg>
<arg>PF</arg>
<arg>PG</arg>
<arg>PH</arg>
<arg>PK</arg>
<arg>PL</arg>
<arg>PM</arg>
<arg>PN</arg>
<arg>PR</arg>
<arg>PS</arg>
<arg>PT</arg>
<arg>PW</arg>
<arg>PY</arg>
<arg>QA</arg>
<arg>RE</arg>
<arg>RO</arg>
<arg>RS</arg>
<arg>RU</arg>
<arg>RW</arg>
<arg>SA</arg>
<arg>SB</arg>
<arg>SC</arg>
<arg>SD</arg>
<arg>SE</arg>
<arg>SG</arg>
<arg>SH</arg>
<arg>SI</arg>
<arg>SJ</arg>
<arg>SK</arg>
<arg>SL</arg>
<arg>SM</arg>
<arg>SN</arg>
<arg>SO</arg>
<arg>SR</arg>
<arg>SS</arg>
<arg>ST</arg>
<arg>SV</arg>
<arg>SX</arg>
<arg>SY</arg>
<arg>SZ</arg>
<arg>TC</arg>
<arg>TD</arg>
<arg>TF</arg>
<arg>TG</arg>
<arg>TH</arg>
<arg>TJ</arg>
<arg>TK</arg>
<arg>TL</arg>
<arg>TM</arg>
<arg>TN</arg>
<arg>TO</arg>
<arg>TR</arg>
<arg>TT</arg>
<arg>TV</arg>
<arg>TW</arg>
<arg>TZ</arg>
<arg>UA</arg>
<arg>UG</arg>
<arg>UM</arg>
<arg>US</arg>
<arg>UY</arg>
<arg>UZ</arg>
<arg>VA</arg>
<arg>VC</arg>
<arg>VE</arg>
<arg>VG</arg>
<arg>VI</arg>
<arg>VN</arg>
<arg>VU</arg>
<arg>WF</arg>
<arg>WS</arg>
<arg>XK</arg>
<arg>YE</arg>
<arg>YT</arg>
<arg>ZA</arg>
<arg>ZM</arg>
<arg>ZW</arg>
<doc>Returns a list containing given items.</doc>
<status status="PASS" start="2024-07-17T06:21:39.672382" elapsed="0.000616"/>
</kw>
<kw name="List Should Contain Value" owner="Collections">
<arg>${list_country}</arg>
<arg>${name_country}</arg>
<doc>Fails if the ``value`` is not found from ``list``.</doc>
<status status="PASS" start="2024-07-17T06:21:39.673786" elapsed="0.000204"/>
</kw>
<kw name="Run Keyword If" owner="BuiltIn">
<kw name="Should Be True" owner="BuiltIn">
<arg>${True}</arg>
<doc>Fails if the given condition is not true.</doc>
<status status="PASS" start="2024-07-17T06:21:39.674925" elapsed="0.000142"/>
</kw>
<arg>${json_data["results"][0]["location"]["coordinates"]["latitude"]} &gt;= -90 and ${json_data["results"][0]["location"]["coordinates"]["latitude"]} &lt;= 90</arg>
<arg>Should Be True</arg>
<arg>${True}</arg>
<doc>Runs the given keyword with the given arguments, if ``condition`` is true.</doc>
<status status="PASS" start="2024-07-17T06:21:39.674184" elapsed="0.001030"/>
</kw>
<kw name="Run Keyword If" owner="BuiltIn">
<kw name="Should Be True" owner="BuiltIn">
<arg>${True}</arg>
<doc>Fails if the given condition is not true.</doc>
<status status="PASS" start="2024-07-17T06:21:39.676110" elapsed="0.000243"/>
</kw>
<arg>${json_data["results"][0]["location"]["coordinates"]["longitude"]} &gt;= -180 and ${json_data["results"][0]["location"]["coordinates"]["longitude"]} &lt;= 180</arg>
<arg>Should Be True</arg>
<arg>${True}</arg>
<doc>Runs the given keyword with the given arguments, if ``condition`` is true.</doc>
<status status="PASS" start="2024-07-17T06:21:39.675402" elapsed="0.001079"/>
</kw>
<status status="PASS" start="2024-07-17T06:21:39.576556" elapsed="0.100063"/>
</kw>
<doc>Testa o conteúdo específico dos campos retornados pela API.</doc>
<tag>testeConteudo</tag>
<status status="PASS" start="2024-07-17T06:21:39.576072" elapsed="0.100701"/>
</test>
<status status="PASS" start="2024-07-17T06:21:38.661999" elapsed="1.016756"/>
</suite>
<status status="PASS" start="2024-07-17T06:21:38.647257" elapsed="1.036568"/>
</suite>
<statistics>
<total>
<stat pass="5" fail="0" skip="0">All Tests</stat>
</total>
<tag>
<stat pass="1" fail="0" skip="0">testeConteudo</stat>
<stat pass="1" fail="0" skip="0">testeEstruturaResposta</stat>
<stat pass="1" fail="0" skip="0">testeRequisicaoBasica</stat>
<stat pass="1" fail="0" skip="0">testeTiposDados</stat>
</tag>
<suite>
<stat pass="5" fail="0" skip="0" id="s1" name="Tests">Tests</stat>
<stat pass="5" fail="0" skip="0" id="s1-s1" name="Random-User-Test">Tests.Random-User-Test</stat>
</suite>
</statistics>
<errors>
</errors>
</robot>
