<?xml version="1.0" encoding="UTF-8"?>
<robot generator="Robot 7.0.1 (Python 3.12.4 on linux)" generated="2024-07-25T17:13:29.760728" rpa="false" schemaversion="5">
<suite id="s1" name="Tests" source="/home/runner/work/ApiRandomUser/ApiRandomUser/RamdonUser/tests">
<suite id="s1-s1" name="Random-User-Test" source="/home/runner/work/ApiRandomUser/ApiRandomUser/RamdonUser/tests/random-user-test.robot">
<test id="s1-s1-t1" name="Conectar" line="13">
<kw name="Conectar API" owner="random-user-service">
<kw name="Create Session" owner="RequestsLibrary">
<msg time="2024-07-25T17:13:30.163226" level="INFO">Creating Session using : alias=consultarAPI, url=https://randomuser.me/, headers={},                     cookies={}, auth=None, timeout=None, proxies=None, verify=False,                     debug=0 </msg>
<arg>consultarAPI</arg>
<arg>${URL}</arg>
<doc>Create Session: create a HTTP session to a server</doc>
<status status="PASS" start="2024-07-25T17:13:30.163003" elapsed="0.000432"/>
</kw>
<status status="PASS" start="2024-07-25T17:13:30.161941" elapsed="0.001864"/>
</kw>
<status status="PASS" start="2024-07-25T17:13:30.161282" elapsed="0.002720"/>
</test>
<test id="s1-s1-t2" name="Validar retorno 200 e JSON Válido" line="16">
<kw name="Teste de Requisicao Basica" owner="random-user-service">
<kw name="GET On Session" owner="RequestsLibrary">
<msg time="2024-07-25T17:13:30.496164" level="INFO">GET Request : url=https://randomuser.me/api 
 path_url=/api 
 headers={'User-Agent': 'python-requests/2.32.3', 'Accept-Encoding': 'gzip, deflate', 'Accept': '*/*', 'Connection': 'keep-alive'} 
 body=None 
 </msg>
<msg time="2024-07-25T17:13:30.496324" level="INFO">GET Response : url=https://randomuser.me/api 
 status=200, reason=OK 
 headers={'Date': 'Thu, 25 Jul 2024 17:13:30 GMT', 'Content-Type': 'application/json; charset=utf-8', 'Transfer-Encoding': 'chunked', 'Connection': 'keep-alive', 'X-Powered-By': 'Express', 'Access-Control-Allow-Origin': '*', 'Cache-Control': 'no-cache', 'ETag': 'W/"491-JoouNBs2Cw7qd+21ZQSoqGJE6SY"', 'Vary': 'Accept-Encoding', 'Content-Encoding': 'gzip', 'CF-Cache-Status': 'DYNAMIC', 'Report-To': '{"endpoints":[{"url":"https:\\/\\/a.nel.cloudflare.com\\/report\\/v4?s=2HD4PrGgxG%2BwwIuk6B3aSbcscJkF66HJmtI1fLsmrodja2W9IyIkNudk1WB4jP%2B%2BxG9VgfGAQXq%2BGQX5fuMrN89xh3zXfa7VcwNQlJaQHWT5kmSC5xvMXYLFMyC84dMx"}],"group":"cf-nel","max_age":604800}', 'NEL': '{"success_fraction":0,"report_to":"cf-nel","max_age":604800}', 'Server': 'cloudflare', 'CF-RAY': '8a8dc7ec9ded159e-SJC', 'alt-svc': 'h3=":443"; ma=86400'} 
 body={"results":[{"gender":"female","name":{"title":"Mrs","first":"Alexis","last":"Brown"},"location":{"street":{"number":9405,"name":"Dieppe Ave"},"city":"Summerside","state":"Québec","country":"Canada","postcode":"Y3C 2E8","coordinates":{"latitude":"-66.6928","longitude":"123.8055"},"timezone":{"offset":"+4:00","description":"Abu Dhabi, Muscat, Baku, Tbilisi"}},"email":"alexis.brown@example.com","login":{"uuid":"0289f5dc-80e5-4add-89f4-38089d7e086b","username":"brownduck559","password":"vvvvvvvv","salt":"a5vN3YXM","md5":"270f19e73d01bdd4d80770b1197c7819","sha1":"e0a0725eebe564844241c4d6832e1b1834db075d","sha256":"a3ecc0005755ccfb6c999dc55319df66e4a3a6414749456f84857d13979fc364"},"dob":{"date":"1947-04-24T04:35:39.413Z","age":77},"registered":{"date":"2012-11-13T10:38:59.307Z","age":11},"phone":"W49 A54-6666","cell":"Y72 V64-3969","id":{"name":"SIN","value":"595277005"},"picture":{"large":"https://randomuser.me/api/portraits/women/59.jpg","medium":"https://randomuser.me/api/portraits/med/women/59.jpg","thumbnail":"https://randomuser.me/api/portraits/thumb/women/59.jpg"},"nat":"CA"}],"info":{"seed":"7c8af61c21a86125","results":1,"page":1,"version":"1.4"}} 
 </msg>
<msg time="2024-07-25T17:13:30.496410" level="INFO">/opt/hostedtoolcache/Python/3.12.4/x64/lib/python3.12/site-packages/urllib3/connectionpool.py:1099: InsecureRequestWarning: Unverified HTTPS request is being made to host 'randomuser.me'. Adding certificate verification is strongly advised. See: https://urllib3.readthedocs.io/en/latest/advanced-usage.html#tls-warnings
  warnings.warn(</msg>
<msg time="2024-07-25T17:13:30.496558" level="INFO">${response} = &lt;Response [200]&gt;</msg>
<var>${response}</var>
<arg>consultarAPI</arg>
<arg>/api</arg>
<doc>Sends a GET request on a previously created HTTP Session.</doc>
<status status="PASS" start="2024-07-25T17:13:30.166685" elapsed="0.329915"/>
</kw>
<kw name="Should Be Equal As Numbers" owner="BuiltIn">
<msg time="2024-07-25T17:13:30.497804" level="INFO">Argument types are:
&lt;class 'int'&gt;
&lt;class 'str'&gt;</msg>
<arg>${response.status_code}</arg>
<arg>200</arg>
<doc>Fails if objects are unequal after converting them to real numbers.</doc>
<status status="PASS" start="2024-07-25T17:13:30.497286" elapsed="0.000582"/>
</kw>
<kw name="Log" owner="BuiltIn">
<msg time="2024-07-25T17:13:30.498536" level="INFO">200</msg>
<arg>${response.status_code}</arg>
<doc>Logs the given message with the given level.</doc>
<status status="PASS" start="2024-07-25T17:13:30.498187" elapsed="0.000396"/>
</kw>
<kw name="Set Variable" owner="BuiltIn">
<msg time="2024-07-25T17:13:30.499370" level="INFO">${json_data} = {'results': [{'gender': 'female', 'name': {'title': 'Mrs', 'first': 'Alexis', 'last': 'Brown'}, 'location': {'street': {'number': 9405, 'name': 'Dieppe Ave'}, 'city': 'Summerside', 'state': 'Québec', ...</msg>
<var>${json_data}</var>
<arg>${response.json()}</arg>
<doc>Returns the given values which can then be assigned to a variables.</doc>
<status status="PASS" start="2024-07-25T17:13:30.498887" elapsed="0.000513"/>
</kw>
<kw name="Dictionary Should Contain Key" owner="Collections">
<arg>${json_data}</arg>
<arg>results</arg>
<doc>Fails if ``key`` is not found from ``dictionary``.</doc>
<status status="PASS" start="2024-07-25T17:13:30.499708" elapsed="0.000326"/>
</kw>
<status status="PASS" start="2024-07-25T17:13:30.166442" elapsed="0.333748"/>
</kw>
<doc>Testa se a API responde corretamente e retorna um objeto JSON válido.</doc>
<tag>testeRequisicaoBasica</tag>
<status status="PASS" start="2024-07-25T17:13:30.165879" elapsed="0.334485"/>
</test>
<test id="s1-s1-t3" name="Validar estrutura de resposta" line="22">
<kw name="Teste de Estrutura de Resposta" owner="random-user-service">
<kw name="GET On Session" owner="RequestsLibrary">
<msg time="2024-07-25T17:13:30.597107" level="INFO">GET Request : url=https://randomuser.me/api 
 path_url=/api 
 headers={'User-Agent': 'python-requests/2.32.3', 'Accept-Encoding': 'gzip, deflate', 'Accept': '*/*', 'Connection': 'keep-alive'} 
 body=None 
 </msg>
<msg time="2024-07-25T17:13:30.597217" level="INFO">GET Response : url=https://randomuser.me/api 
 status=200, reason=OK 
 headers={'Date': 'Thu, 25 Jul 2024 17:13:30 GMT', 'Content-Type': 'application/json; charset=utf-8', 'Transfer-Encoding': 'chunked', 'Connection': 'keep-alive', 'X-Powered-By': 'Express', 'Access-Control-Allow-Origin': '*', 'Cache-Control': 'no-cache', 'ETag': 'W/"495-sAb6zXKHaqJuw6k3Ju/Q5Z87S7U"', 'Vary': 'Accept-Encoding', 'Content-Encoding': 'gzip', 'CF-Cache-Status': 'DYNAMIC', 'Report-To': '{"endpoints":[{"url":"https:\\/\\/a.nel.cloudflare.com\\/report\\/v4?s=kSpKE651gHzHJI0fhTMcDTBwrcq%2FQRt5RtbHbE6s8pSe59R0IEIDPl8mMdhn%2BqEhRZzHQSJq5ijeQtId%2FXOlc3iP9MaFKgATI36FXbIBm%2BrxY7HwmP4YGuFe9VpS5%2F%2FZ"}],"group":"cf-nel","max_age":604800}', 'NEL': '{"success_fraction":0,"report_to":"cf-nel","max_age":604800}', 'Server': 'cloudflare', 'CF-RAY': '8a8dc7edaecb159e-SJC', 'alt-svc': 'h3=":443"; ma=86400'} 
 body={"results":[{"gender":"male","name":{"title":"Mr","first":"Andre","last":"Rice"},"location":{"street":{"number":2296,"name":"The Avenue"},"city":"Ballybofey-Stranorlar","state":"Sligo","country":"Ireland","postcode":47007,"coordinates":{"latitude":"3.7700","longitude":"-34.7944"},"timezone":{"offset":"0:00","description":"Western Europe Time, London, Lisbon, Casablanca"}},"email":"andre.rice@example.com","login":{"uuid":"0c73d1c6-e1f8-4911-b0c7-0a42c1dc1c49","username":"silverladybug105","password":"1976","salt":"4e7FLgfE","md5":"eb2df6e05f77c4f1f1b4f168db6ddaa5","sha1":"0eec5793dd9b54c3aaffe7b9930b5ade94d8236e","sha256":"21226759e79d1aa3af682c9bb28408f53dce5d9d92b71a0eda39006e373da232"},"dob":{"date":"1980-07-14T16:12:50.934Z","age":44},"registered":{"date":"2007-07-06T21:46:20.438Z","age":17},"phone":"061-187-0725","cell":"081-191-1850","id":{"name":"PPS","value":"2591831T"},"picture":{"large":"https://randomuser.me/api/portraits/men/15.jpg","medium":"https://randomuser.me/api/portraits/med/men/15.jpg","thumbnail":"https://randomuser.me/api/portraits/thumb/men/15.jpg"},"nat":"IE"}],"info":{"seed":"5b75ab5513d52df0","results":1,"page":1,"version":"1.4"}} 
 </msg>
<msg time="2024-07-25T17:13:30.597363" level="INFO">/opt/hostedtoolcache/Python/3.12.4/x64/lib/python3.12/site-packages/urllib3/connectionpool.py:1099: InsecureRequestWarning: Unverified HTTPS request is being made to host 'randomuser.me'. Adding certificate verification is strongly advised. See: https://urllib3.readthedocs.io/en/latest/advanced-usage.html#tls-warnings
  warnings.warn(</msg>
<msg time="2024-07-25T17:13:30.597488" level="INFO">${response} = &lt;Response [200]&gt;</msg>
<var>${response}</var>
<arg>consultarAPI</arg>
<arg>/api</arg>
<doc>Sends a GET request on a previously created HTTP Session.</doc>
<status status="PASS" start="2024-07-25T17:13:30.503026" elapsed="0.094503"/>
</kw>
<kw name="Set Variable" owner="BuiltIn">
<msg time="2024-07-25T17:13:30.598712" level="INFO">${json_data} = {'results': [{'gender': 'male', 'name': {'title': 'Mr', 'first': 'Andre', 'last': 'Rice'}, 'location': {'street': {'number': 2296, 'name': 'The Avenue'}, 'city': 'Ballybofey-Stranorlar', 'state': 'Sli...</msg>
<var>${json_data}</var>
<arg>${response.json()}</arg>
<doc>Returns the given values which can then be assigned to a variables.</doc>
<status status="PASS" start="2024-07-25T17:13:30.598123" elapsed="0.000618"/>
</kw>
<kw name="Log" owner="BuiltIn">
<msg time="2024-07-25T17:13:30.599253" level="INFO">{'results': [{'gender': 'male', 'name': {'title': 'Mr', 'first': 'Andre', 'last': 'Rice'}, 'location': {'street': {'number': 2296, 'name': 'The Avenue'}, 'city': 'Ballybofey-Stranorlar', 'state': 'Sligo', 'country': 'Ireland', 'postcode': 47007, 'coordinates': {'latitude': '3.7700', 'longitude': '-34.7944'}, 'timezone': {'offset': '0:00', 'description': 'Western Europe Time, London, Lisbon, Casablanca'}}, 'email': 'andre.rice@example.com', 'login': {'uuid': '0c73d1c6-e1f8-4911-b0c7-0a42c1dc1c49', 'username': 'silverladybug105', 'password': '1976', 'salt': '4e7FLgfE', 'md5': 'eb2df6e05f77c4f1f1b4f168db6ddaa5', 'sha1': '0eec5793dd9b54c3aaffe7b9930b5ade94d8236e', 'sha256': '21226759e79d1aa3af682c9bb28408f53dce5d9d92b71a0eda39006e373da232'}, 'dob': {'date': '1980-07-14T16:12:50.934Z', 'age': 44}, 'registered': {'date': '2007-07-06T21:46:20.438Z', 'age': 17}, 'phone': '061-187-0725', 'cell': '081-191-1850', 'id': {'name': 'PPS', 'value': '2591831T'}, 'picture': {'large': 'https://randomuser.me/api/portraits/men/15.jpg', 'medium': 'https://randomuser.me/api/portraits/med/men/15.jpg', 'thumbnail': 'https://randomuser.me/api/portraits/thumb/men/15.jpg'}, 'nat': 'IE'}], 'info': {'seed': '5b75ab5513d52df0', 'results': 1, 'page': 1, 'version': '1.4'}}</msg>
<arg>${json_data}</arg>
<doc>Logs the given message with the given level.</doc>
<status status="PASS" start="2024-07-25T17:13:30.599049" elapsed="0.000259"/>
</kw>
<kw name="Dictionary Should Contain Key" owner="Collections">
<arg>${json_data}</arg>
<arg>results</arg>
<doc>Fails if ``key`` is not found from ``dictionary``.</doc>
<status status="PASS" start="2024-07-25T17:13:30.599608" elapsed="0.000165"/>
</kw>
<kw name="Should Not Be Empty" owner="BuiltIn">
<msg time="2024-07-25T17:13:30.600091" level="INFO">Length is 2.</msg>
<arg>${json_data}</arg>
<doc>Verifies that the given item is not empty.</doc>
<status status="PASS" start="2024-07-25T17:13:30.599963" elapsed="0.000166"/>
</kw>
<kw name="Create List" owner="BuiltIn">
<msg time="2024-07-25T17:13:30.600561" level="INFO">${expected_keys} = ['gender', 'name', 'location', 'email', 'login']</msg>
<var>${expected_keys}</var>
<arg>gender</arg>
<arg>name</arg>
<arg>location</arg>
<arg>email</arg>
<arg>login</arg>
<doc>Returns a list containing given items.</doc>
<status status="PASS" start="2024-07-25T17:13:30.600413" elapsed="0.000172"/>
</kw>
<for flavor="IN">
<iter>
<kw name="Dictionary Should Contain Key" owner="Collections">
<arg>${json_data['results'][0]}</arg>
<arg>${key}</arg>
<doc>Fails if ``key`` is not found from ``dictionary``.</doc>
<status status="PASS" start="2024-07-25T17:13:30.601190" elapsed="0.000398"/>
</kw>
<kw name="Log" owner="BuiltIn">
<msg time="2024-07-25T17:13:30.602126" level="INFO">{'gender': 'male', 'name': {'title': 'Mr', 'first': 'Andre', 'last': 'Rice'}, 'location': {'street': {'number': 2296, 'name': 'The Avenue'}, 'city': 'Ballybofey-Stranorlar', 'state': 'Sligo', 'country': 'Ireland', 'postcode': 47007, 'coordinates': {'latitude': '3.7700', 'longitude': '-34.7944'}, 'timezone': {'offset': '0:00', 'description': 'Western Europe Time, London, Lisbon, Casablanca'}}, 'email': 'andre.rice@example.com', 'login': {'uuid': '0c73d1c6-e1f8-4911-b0c7-0a42c1dc1c49', 'username': 'silverladybug105', 'password': '1976', 'salt': '4e7FLgfE', 'md5': 'eb2df6e05f77c4f1f1b4f168db6ddaa5', 'sha1': '0eec5793dd9b54c3aaffe7b9930b5ade94d8236e', 'sha256': '21226759e79d1aa3af682c9bb28408f53dce5d9d92b71a0eda39006e373da232'}, 'dob': {'date': '1980-07-14T16:12:50.934Z', 'age': 44}, 'registered': {'date': '2007-07-06T21:46:20.438Z', 'age': 17}, 'phone': '061-187-0725', 'cell': '081-191-1850', 'id': {'name': 'PPS', 'value': '2591831T'}, 'picture': {'large': 'https://randomuser.me/api/portraits/men/15.jpg', 'medium': 'https://randomuser.me/api/portraits/med/men/15.jpg', 'thumbnail': 'https://randomuser.me/api/portraits/thumb/men/15.jpg'}, 'nat': 'IE'}</msg>
<arg>${json_data['results'][0]}</arg>
<doc>Logs the given message with the given level.</doc>
<status status="PASS" start="2024-07-25T17:13:30.601770" elapsed="0.000402"/>
</kw>
<kw name="Log" owner="BuiltIn">
<msg time="2024-07-25T17:13:30.602601" level="INFO">gender</msg>
<arg>${key}</arg>
<doc>Logs the given message with the given level.</doc>
<status status="PASS" start="2024-07-25T17:13:30.602473" elapsed="0.000166"/>
</kw>
<var name="${key}">gender</var>
<status status="PASS" start="2024-07-25T17:13:30.601064" elapsed="0.001792"/>
</iter>
<iter>
<kw name="Dictionary Should Contain Key" owner="Collections">
<arg>${json_data['results'][0]}</arg>
<arg>${key}</arg>
<doc>Fails if ``key`` is not found from ``dictionary``.</doc>
<status status="PASS" start="2024-07-25T17:13:30.603146" elapsed="0.000411"/>
</kw>
<kw name="Log" owner="BuiltIn">
<msg time="2024-07-25T17:13:30.604089" level="INFO">{'gender': 'male', 'name': {'title': 'Mr', 'first': 'Andre', 'last': 'Rice'}, 'location': {'street': {'number': 2296, 'name': 'The Avenue'}, 'city': 'Ballybofey-Stranorlar', 'state': 'Sligo', 'country': 'Ireland', 'postcode': 47007, 'coordinates': {'latitude': '3.7700', 'longitude': '-34.7944'}, 'timezone': {'offset': '0:00', 'description': 'Western Europe Time, London, Lisbon, Casablanca'}}, 'email': 'andre.rice@example.com', 'login': {'uuid': '0c73d1c6-e1f8-4911-b0c7-0a42c1dc1c49', 'username': 'silverladybug105', 'password': '1976', 'salt': '4e7FLgfE', 'md5': 'eb2df6e05f77c4f1f1b4f168db6ddaa5', 'sha1': '0eec5793dd9b54c3aaffe7b9930b5ade94d8236e', 'sha256': '21226759e79d1aa3af682c9bb28408f53dce5d9d92b71a0eda39006e373da232'}, 'dob': {'date': '1980-07-14T16:12:50.934Z', 'age': 44}, 'registered': {'date': '2007-07-06T21:46:20.438Z', 'age': 17}, 'phone': '061-187-0725', 'cell': '081-191-1850', 'id': {'name': 'PPS', 'value': '2591831T'}, 'picture': {'large': 'https://randomuser.me/api/portraits/men/15.jpg', 'medium': 'https://randomuser.me/api/portraits/med/men/15.jpg', 'thumbnail': 'https://randomuser.me/api/portraits/thumb/men/15.jpg'}, 'nat': 'IE'}</msg>
<arg>${json_data['results'][0]}</arg>
<doc>Logs the given message with the given level.</doc>
<status status="PASS" start="2024-07-25T17:13:30.603738" elapsed="0.000430"/>
</kw>
<kw name="Log" owner="BuiltIn">
<msg time="2024-07-25T17:13:30.604592" level="INFO">name</msg>
<arg>${key}</arg>
<doc>Logs the given message with the given level.</doc>
<status status="PASS" start="2024-07-25T17:13:30.604464" elapsed="0.000166"/>
</kw>
<var name="${key}">name</var>
<status status="PASS" start="2024-07-25T17:13:30.603036" elapsed="0.001809"/>
</iter>
<iter>
<kw name="Dictionary Should Contain Key" owner="Collections">
<arg>${json_data['results'][0]}</arg>
<arg>${key}</arg>
<doc>Fails if ``key`` is not found from ``dictionary``.</doc>
<status status="PASS" start="2024-07-25T17:13:30.605125" elapsed="0.000382"/>
</kw>
<kw name="Log" owner="BuiltIn">
<msg time="2024-07-25T17:13:30.606035" level="INFO">{'gender': 'male', 'name': {'title': 'Mr', 'first': 'Andre', 'last': 'Rice'}, 'location': {'street': {'number': 2296, 'name': 'The Avenue'}, 'city': 'Ballybofey-Stranorlar', 'state': 'Sligo', 'country': 'Ireland', 'postcode': 47007, 'coordinates': {'latitude': '3.7700', 'longitude': '-34.7944'}, 'timezone': {'offset': '0:00', 'description': 'Western Europe Time, London, Lisbon, Casablanca'}}, 'email': 'andre.rice@example.com', 'login': {'uuid': '0c73d1c6-e1f8-4911-b0c7-0a42c1dc1c49', 'username': 'silverladybug105', 'password': '1976', 'salt': '4e7FLgfE', 'md5': 'eb2df6e05f77c4f1f1b4f168db6ddaa5', 'sha1': '0eec5793dd9b54c3aaffe7b9930b5ade94d8236e', 'sha256': '21226759e79d1aa3af682c9bb28408f53dce5d9d92b71a0eda39006e373da232'}, 'dob': {'date': '1980-07-14T16:12:50.934Z', 'age': 44}, 'registered': {'date': '2007-07-06T21:46:20.438Z', 'age': 17}, 'phone': '061-187-0725', 'cell': '081-191-1850', 'id': {'name': 'PPS', 'value': '2591831T'}, 'picture': {'large': 'https://randomuser.me/api/portraits/men/15.jpg', 'medium': 'https://randomuser.me/api/portraits/med/men/15.jpg', 'thumbnail': 'https://randomuser.me/api/portraits/thumb/men/15.jpg'}, 'nat': 'IE'}</msg>
<arg>${json_data['results'][0]}</arg>
<doc>Logs the given message with the given level.</doc>
<status status="PASS" start="2024-07-25T17:13:30.605692" elapsed="0.000389"/>
</kw>
<kw name="Log" owner="BuiltIn">
<msg time="2024-07-25T17:13:30.606504" level="INFO">location</msg>
<arg>${key}</arg>
<doc>Logs the given message with the given level.</doc>
<status status="PASS" start="2024-07-25T17:13:30.606374" elapsed="0.000167"/>
</kw>
<var name="${key}">location</var>
<status status="PASS" start="2024-07-25T17:13:30.605018" elapsed="0.001735"/>
</iter>
<iter>
<kw name="Dictionary Should Contain Key" owner="Collections">
<arg>${json_data['results'][0]}</arg>
<arg>${key}</arg>
<doc>Fails if ``key`` is not found from ``dictionary``.</doc>
<status status="PASS" start="2024-07-25T17:13:30.607027" elapsed="0.000415"/>
</kw>
<kw name="Log" owner="BuiltIn">
<msg time="2024-07-25T17:13:30.608096" level="INFO">{'gender': 'male', 'name': {'title': 'Mr', 'first': 'Andre', 'last': 'Rice'}, 'location': {'street': {'number': 2296, 'name': 'The Avenue'}, 'city': 'Ballybofey-Stranorlar', 'state': 'Sligo', 'country': 'Ireland', 'postcode': 47007, 'coordinates': {'latitude': '3.7700', 'longitude': '-34.7944'}, 'timezone': {'offset': '0:00', 'description': 'Western Europe Time, London, Lisbon, Casablanca'}}, 'email': 'andre.rice@example.com', 'login': {'uuid': '0c73d1c6-e1f8-4911-b0c7-0a42c1dc1c49', 'username': 'silverladybug105', 'password': '1976', 'salt': '4e7FLgfE', 'md5': 'eb2df6e05f77c4f1f1b4f168db6ddaa5', 'sha1': '0eec5793dd9b54c3aaffe7b9930b5ade94d8236e', 'sha256': '21226759e79d1aa3af682c9bb28408f53dce5d9d92b71a0eda39006e373da232'}, 'dob': {'date': '1980-07-14T16:12:50.934Z', 'age': 44}, 'registered': {'date': '2007-07-06T21:46:20.438Z', 'age': 17}, 'phone': '061-187-0725', 'cell': '081-191-1850', 'id': {'name': 'PPS', 'value': '2591831T'}, 'picture': {'large': 'https://randomuser.me/api/portraits/men/15.jpg', 'medium': 'https://randomuser.me/api/portraits/med/men/15.jpg', 'thumbnail': 'https://randomuser.me/api/portraits/thumb/men/15.jpg'}, 'nat': 'IE'}</msg>
<arg>${json_data['results'][0]}</arg>
<doc>Logs the given message with the given level.</doc>
<status status="PASS" start="2024-07-25T17:13:30.607746" elapsed="0.000397"/>
</kw>
<kw name="Log" owner="BuiltIn">
<msg time="2024-07-25T17:13:30.608565" level="INFO">email</msg>
<arg>${key}</arg>
<doc>Logs the given message with the given level.</doc>
<status status="PASS" start="2024-07-25T17:13:30.608435" elapsed="0.000169"/>
</kw>
<var name="${key}">email</var>
<status status="PASS" start="2024-07-25T17:13:30.606921" elapsed="0.001898"/>
</iter>
<iter>
<kw name="Dictionary Should Contain Key" owner="Collections">
<arg>${json_data['results'][0]}</arg>
<arg>${key}</arg>
<doc>Fails if ``key`` is not found from ``dictionary``.</doc>
<status status="PASS" start="2024-07-25T17:13:30.609098" elapsed="0.000382"/>
</kw>
<kw name="Log" owner="BuiltIn">
<msg time="2024-07-25T17:13:30.610020" level="INFO">{'gender': 'male', 'name': {'title': 'Mr', 'first': 'Andre', 'last': 'Rice'}, 'location': {'street': {'number': 2296, 'name': 'The Avenue'}, 'city': 'Ballybofey-Stranorlar', 'state': 'Sligo', 'country': 'Ireland', 'postcode': 47007, 'coordinates': {'latitude': '3.7700', 'longitude': '-34.7944'}, 'timezone': {'offset': '0:00', 'description': 'Western Europe Time, London, Lisbon, Casablanca'}}, 'email': 'andre.rice@example.com', 'login': {'uuid': '0c73d1c6-e1f8-4911-b0c7-0a42c1dc1c49', 'username': 'silverladybug105', 'password': '1976', 'salt': '4e7FLgfE', 'md5': 'eb2df6e05f77c4f1f1b4f168db6ddaa5', 'sha1': '0eec5793dd9b54c3aaffe7b9930b5ade94d8236e', 'sha256': '21226759e79d1aa3af682c9bb28408f53dce5d9d92b71a0eda39006e373da232'}, 'dob': {'date': '1980-07-14T16:12:50.934Z', 'age': 44}, 'registered': {'date': '2007-07-06T21:46:20.438Z', 'age': 17}, 'phone': '061-187-0725', 'cell': '081-191-1850', 'id': {'name': 'PPS', 'value': '2591831T'}, 'picture': {'large': 'https://randomuser.me/api/portraits/men/15.jpg', 'medium': 'https://randomuser.me/api/portraits/med/men/15.jpg', 'thumbnail': 'https://randomuser.me/api/portraits/thumb/men/15.jpg'}, 'nat': 'IE'}</msg>
<arg>${json_data['results'][0]}</arg>
<doc>Logs the given message with the given level.</doc>
<status status="PASS" start="2024-07-25T17:13:30.609658" elapsed="0.000408"/>
</kw>
<kw name="Log" owner="BuiltIn">
<msg time="2024-07-25T17:13:30.610484" level="INFO">login</msg>
<arg>${key}</arg>
<doc>Logs the given message with the given level.</doc>
<status status="PASS" start="2024-07-25T17:13:30.610357" elapsed="0.000163"/>
</kw>
<var name="${key}">login</var>
<status status="PASS" start="2024-07-25T17:13:30.608990" elapsed="0.001742"/>
</iter>
<var>${key}</var>
<value>@{expected_keys}</value>
<status status="PASS" start="2024-07-25T17:13:30.600878" elapsed="0.009973"/>
</for>
<kw name="Create List" owner="BuiltIn">
<msg time="2024-07-25T17:13:30.611167" level="INFO">${expected_keysTwo} = ['username', 'password']</msg>
<var>${expected_keysTwo}</var>
<arg>username</arg>
<arg>password</arg>
<doc>Returns a list containing given items.</doc>
<status status="PASS" start="2024-07-25T17:13:30.611034" elapsed="0.000209"/>
</kw>
<for flavor="IN">
<iter>
<kw name="Dictionary Should Contain Key" owner="Collections">
<arg>${json_data['results'][0]['login']}</arg>
<arg>${keyTwo}</arg>
<doc>Fails if ``key`` is not found from ``dictionary``.</doc>
<status status="PASS" start="2024-07-25T17:13:30.611752" elapsed="0.000380"/>
</kw>
<kw name="Dictionary Should Contain Key" owner="Collections">
<arg>${json_data['results'][0]['login']}</arg>
<arg>${keyTwo}</arg>
<doc>Fails if ``key`` is not found from ``dictionary``.</doc>
<status status="PASS" start="2024-07-25T17:13:30.612319" elapsed="0.000368"/>
</kw>
<kw name="Log" owner="BuiltIn">
<msg time="2024-07-25T17:13:30.612980" level="INFO">username</msg>
<arg>${keyTwo}</arg>
<doc>Logs the given message with the given level.</doc>
<status status="PASS" start="2024-07-25T17:13:30.612862" elapsed="0.000154"/>
</kw>
<var name="${keyTwo}">username</var>
<status status="PASS" start="2024-07-25T17:13:30.611646" elapsed="0.001588"/>
</iter>
<iter>
<kw name="Dictionary Should Contain Key" owner="Collections">
<arg>${json_data['results'][0]['login']}</arg>
<arg>${keyTwo}</arg>
<doc>Fails if ``key`` is not found from ``dictionary``.</doc>
<status status="PASS" start="2024-07-25T17:13:30.613517" elapsed="0.000380"/>
</kw>
<kw name="Dictionary Should Contain Key" owner="Collections">
<arg>${json_data['results'][0]['login']}</arg>
<arg>${keyTwo}</arg>
<doc>Fails if ``key`` is not found from ``dictionary``.</doc>
<status status="PASS" start="2024-07-25T17:13:30.614074" elapsed="0.000367"/>
</kw>
<kw name="Log" owner="BuiltIn">
<msg time="2024-07-25T17:13:30.614741" level="INFO">password</msg>
<arg>${keyTwo}</arg>
<doc>Logs the given message with the given level.</doc>
<status status="PASS" start="2024-07-25T17:13:30.614615" elapsed="0.000162"/>
</kw>
<var name="${keyTwo}">password</var>
<status status="PASS" start="2024-07-25T17:13:30.613405" elapsed="0.001593"/>
</iter>
<var>${keyTwo}</var>
<value>@{expected_keysTwo}</value>
<status status="PASS" start="2024-07-25T17:13:30.611494" elapsed="0.003626"/>
</for>
<status status="PASS" start="2024-07-25T17:13:30.502793" elapsed="0.112509"/>
</kw>
<doc>Testa a estrutura da resposta da API.</doc>
<tag>testeEstruturaResposta</tag>
<status status="PASS" start="2024-07-25T17:13:30.502188" elapsed="0.113273"/>
</test>
<test id="s1-s1-t4" name="Validar tipos de dados" line="28">
<kw name="Teste de Tipos de Dados" owner="random-user-service">
<kw name="GET On Session" owner="RequestsLibrary">
<msg time="2024-07-25T17:13:30.716371" level="INFO">GET Request : url=https://randomuser.me/api 
 path_url=/api 
 headers={'User-Agent': 'python-requests/2.32.3', 'Accept-Encoding': 'gzip, deflate', 'Accept': '*/*', 'Connection': 'keep-alive'} 
 body=None 
 </msg>
<msg time="2024-07-25T17:13:30.716487" level="INFO">GET Response : url=https://randomuser.me/api 
 status=200, reason=OK 
 headers={'Date': 'Thu, 25 Jul 2024 17:13:30 GMT', 'Content-Type': 'application/json; charset=utf-8', 'Transfer-Encoding': 'chunked', 'Connection': 'keep-alive', 'X-Powered-By': 'Express', 'Access-Control-Allow-Origin': '*', 'Cache-Control': 'no-cache', 'ETag': 'W/"48f-TmiQyCTxniWNAvadRLqw8eGtKDY"', 'Vary': 'Accept-Encoding', 'Content-Encoding': 'gzip', 'CF-Cache-Status': 'DYNAMIC', 'Report-To': '{"endpoints":[{"url":"https:\\/\\/a.nel.cloudflare.com\\/report\\/v4?s=1yfl7NRvVziaFAzaVVcElfOIctYq6bJe37Ei24JyA0QcpObJBlcp0ECgGZufyRBVYX4Z58%2FPq0GiHAV%2BsFY2gwMB5nJSj%2BgDJOqN1ZP%2Fu9RjqSKpLvwY59nnbG7D6qxF"}],"group":"cf-nel","max_age":604800}', 'NEL': '{"success_fraction":0,"report_to":"cf-nel","max_age":604800}', 'Server': 'cloudflare', 'CF-RAY': '8a8dc7ee5f7b159e-SJC', 'alt-svc': 'h3=":443"; ma=86400'} 
 body={"results":[{"gender":"male","name":{"title":"Mr","first":"میلاد","last":"مرادی"},"location":{"street":{"number":7474,"name":"دماوند"},"city":"کرمان","state":"خوزستان","country":"Iran","postcode":34503,"coordinates":{"latitude":"14.4376","longitude":"-68.9672"},"timezone":{"offset":"-5:00","description":"Eastern Time (US &amp; Canada), Bogota, Lima"}},"email":"myld.mrdy@example.com","login":{"uuid":"ea4b4e54-88c7-4e44-933e-dd37a1d159fb","username":"bluetiger864","password":"cartman1","salt":"IGUC6ps3","md5":"107773199401c3b99a15577b2cf18a2d","sha1":"4ae42b06eebac53575e891fccd93fba00c095773","sha256":"8e182c16ff6cdabbab49ba2efe7c05f4fee8244a68d4e34578340658f624ec8c"},"dob":{"date":"1993-05-20T02:50:12.308Z","age":31},"registered":{"date":"2006-06-01T01:14:13.496Z","age":18},"phone":"060-81359768","cell":"0910-844-4148","id":{"name":"","value":null},"picture":{"large":"https://randomuser.me/api/portraits/men/45.jpg","medium":"https://randomuser.me/api/portraits/med/men/45.jpg","thumbnail":"https://randomuser.me/api/portraits/thumb/men/45.jpg"},"nat":"IR"}],"info":{"seed":"794e5573d6bae7fc","results":1,"page":1,"version":"1.4"}} 
 </msg>
<msg time="2024-07-25T17:13:30.716577" level="INFO">/opt/hostedtoolcache/Python/3.12.4/x64/lib/python3.12/site-packages/urllib3/connectionpool.py:1099: InsecureRequestWarning: Unverified HTTPS request is being made to host 'randomuser.me'. Adding certificate verification is strongly advised. See: https://urllib3.readthedocs.io/en/latest/advanced-usage.html#tls-warnings
  warnings.warn(</msg>
<msg time="2024-07-25T17:13:30.716709" level="INFO">${response} = &lt;Response [200]&gt;</msg>
<var>${response}</var>
<arg>consultarAPI</arg>
<arg>/api</arg>
<doc>Sends a GET request on a previously created HTTP Session.</doc>
<status status="PASS" start="2024-07-25T17:13:30.617968" elapsed="0.098782"/>
</kw>
<kw name="Set Variable" owner="BuiltIn">
<msg time="2024-07-25T17:13:30.717985" level="INFO">${json_data} = {'results': [{'gender': 'male', 'name': {'title': 'Mr', 'first': 'میلاد', 'last': 'مرادی'}, 'location': {'street': {'number': 7474, 'name': 'دماوند'}, 'city': 'کرمان', 'state': 'خوزستان', 'country': '...</msg>
<var>${json_data}</var>
<arg>${response.json()}</arg>
<doc>Returns the given values which can then be assigned to a variables.</doc>
<status status="PASS" start="2024-07-25T17:13:30.717402" elapsed="0.000620"/>
</kw>
<kw name="Log" owner="BuiltIn">
<msg time="2024-07-25T17:13:30.718501" level="INFO">{'results': [{'gender': 'male', 'name': {'title': 'Mr', 'first': 'میلاد', 'last': 'مرادی'}, 'location': {'street': {'number': 7474, 'name': 'دماوند'}, 'city': 'کرمان', 'state': 'خوزستان', 'country': 'Iran', 'postcode': 34503, 'coordinates': {'latitude': '14.4376', 'longitude': '-68.9672'}, 'timezone': {'offset': '-5:00', 'description': 'Eastern Time (US &amp; Canada), Bogota, Lima'}}, 'email': 'myld.mrdy@example.com', 'login': {'uuid': 'ea4b4e54-88c7-4e44-933e-dd37a1d159fb', 'username': 'bluetiger864', 'password': 'cartman1', 'salt': 'IGUC6ps3', 'md5': '107773199401c3b99a15577b2cf18a2d', 'sha1': '4ae42b06eebac53575e891fccd93fba00c095773', 'sha256': '8e182c16ff6cdabbab49ba2efe7c05f4fee8244a68d4e34578340658f624ec8c'}, 'dob': {'date': '1993-05-20T02:50:12.308Z', 'age': 31}, 'registered': {'date': '2006-06-01T01:14:13.496Z', 'age': 18}, 'phone': '060-81359768', 'cell': '0910-844-4148', 'id': {'name': '', 'value': None}, 'picture': {'large': 'https://randomuser.me/api/portraits/men/45.jpg', 'medium': 'https://randomuser.me/api/portraits/med/men/45.jpg', 'thumbnail': 'https://randomuser.me/api/portraits/thumb/men/45.jpg'}, 'nat': 'IR'}], 'info': {'seed': '794e5573d6bae7fc', 'results': 1, 'page': 1, 'version': '1.4'}}</msg>
<arg>${json_data}</arg>
<doc>Logs the given message with the given level.</doc>
<status status="PASS" start="2024-07-25T17:13:30.718338" elapsed="0.000220"/>
</kw>
<kw name="Should Be String" owner="String">
<arg>${json_data['results'][0]['gender']}</arg>
<doc>Fails if the given ``item`` is not a string.</doc>
<status status="PASS" start="2024-07-25T17:13:30.718854" elapsed="0.000411"/>
</kw>
<kw name="Should Match Regexp" owner="BuiltIn">
<arg>${json_data['results'][0]['email']}</arg>
<arg>^[a-zA-Z0-9._%+-]+@[a-zA-Z0-9.-]+\.[a-zA-Z]{2,}$</arg>
<doc>Fails if ``string`` does not match ``pattern`` as a regular expression.</doc>
<status status="PASS" start="2024-07-25T17:13:30.719469" elapsed="0.000571"/>
</kw>
<kw name="Should Match Regexp" owner="BuiltIn">
<arg>${json_data['results'][0]['dob']['date']}</arg>
<arg>\\d{4}-\\d{2}-\\d{2}T\\d{2}:\\d{2}:\\d{2}\\.\\d{3}Z</arg>
<doc>Fails if ``string`` does not match ``pattern`` as a regular expression.</doc>
<status status="PASS" start="2024-07-25T17:13:30.720232" elapsed="0.000630"/>
</kw>
<kw name="Should Match Regexp" owner="BuiltIn">
<arg>${json_data['results'][0]['registered']['date']}</arg>
<arg>\\d{4}-\\d{2}-\\d{2}T\\d{2}:\\d{2}:\\d{2}\\.\\d{3}Z</arg>
<doc>Fails if ``string`` does not match ``pattern`` as a regular expression.</doc>
<status status="PASS" start="2024-07-25T17:13:30.721063" elapsed="0.000375"/>
</kw>
<kw name="Should Match Regexp" owner="BuiltIn">
<arg>${json_data['results'][0]['picture']['large']}</arg>
<arg>^https?://.*\.(?:png|jpe?g|gif|bmp)$</arg>
<doc>Fails if ``string`` does not match ``pattern`` as a regular expression.</doc>
<status status="PASS" start="2024-07-25T17:13:30.721628" elapsed="0.000461"/>
</kw>
<kw name="Should Match Regexp" owner="BuiltIn">
<arg>${json_data['results'][0]['picture']['medium']}</arg>
<arg>^https?://.*\.(?:png|jpe?g|gif|bmp)$</arg>
<doc>Fails if ``string`` does not match ``pattern`` as a regular expression.</doc>
<status status="PASS" start="2024-07-25T17:13:30.722278" elapsed="0.000357"/>
</kw>
<kw name="Should Match Regexp" owner="BuiltIn">
<arg>${json_data['results'][0]['picture']['thumbnail']}</arg>
<arg>^https?://.*\.(?:png|jpe?g|gif|bmp)$</arg>
<doc>Fails if ``string`` does not match ``pattern`` as a regular expression.</doc>
<status status="PASS" start="2024-07-25T17:13:30.722817" elapsed="0.000350"/>
</kw>
<kw name="Log" owner="BuiltIn">
<msg time="2024-07-25T17:13:30.723710" level="INFO">{'large': 'https://randomuser.me/api/portraits/men/45.jpg', 'medium': 'https://randomuser.me/api/portraits/med/men/45.jpg', 'thumbnail': 'https://randomuser.me/api/portraits/thumb/men/45.jpg'}</msg>
<arg>${json_data['results'][0]['picture']}</arg>
<doc>Logs the given message with the given level.</doc>
<status status="PASS" start="2024-07-25T17:13:30.723381" elapsed="0.000373"/>
</kw>
<status status="PASS" start="2024-07-25T17:13:30.617745" elapsed="0.106270"/>
</kw>
<kw name="Teste de Tipos de Dados - Postcode" owner="random-user-service">
<kw name="GET On Session" owner="RequestsLibrary">
<msg time="2024-07-25T17:13:30.825762" level="INFO">GET Request : url=https://randomuser.me/api 
 path_url=/api 
 headers={'User-Agent': 'python-requests/2.32.3', 'Accept-Encoding': 'gzip, deflate', 'Accept': '*/*', 'Connection': 'keep-alive'} 
 body=None 
 </msg>
<msg time="2024-07-25T17:13:30.825867" level="INFO">GET Response : url=https://randomuser.me/api 
 status=200, reason=OK 
 headers={'Date': 'Thu, 25 Jul 2024 17:13:30 GMT', 'Content-Type': 'application/json; charset=utf-8', 'Transfer-Encoding': 'chunked', 'Connection': 'keep-alive', 'X-Powered-By': 'Express', 'Access-Control-Allow-Origin': '*', 'Cache-Control': 'no-cache', 'ETag': 'W/"480-hmJlNnaHN/lykOnJf85l2R4uYoo"', 'Vary': 'Accept-Encoding', 'Content-Encoding': 'gzip', 'CF-Cache-Status': 'DYNAMIC', 'Report-To': '{"endpoints":[{"url":"https:\\/\\/a.nel.cloudflare.com\\/report\\/v4?s=SaTIgbHyLBBzcv2Vu5BQzOXI2zGFd1XUeDJJDQo6d6WBJfpRfA0SYOcgaF3J09jks0GNbwSjYi6ZUy4Hv3w13C6IGguYOHFEWh9JbmhjTQEu2d70Neu9L0va8%2BInwinA"}],"group":"cf-nel","max_age":604800}', 'NEL': '{"success_fraction":0,"report_to":"cf-nel","max_age":604800}', 'Server': 'cloudflare', 'CF-RAY': '8a8dc7ef0816159e-SJC', 'alt-svc': 'h3=":443"; ma=86400'} 
 body={"results":[{"gender":"male","name":{"title":"Mr","first":"Sebastião","last":"Alves"},"location":{"street":{"number":1843,"name":"Rua Carlos Gomes"},"city":"Cachoeirinha","state":"Pernambuco","country":"Brazil","postcode":91316,"coordinates":{"latitude":"-73.2767","longitude":"-167.9704"},"timezone":{"offset":"+3:30","description":"Tehran"}},"email":"sebastiao.alves@example.com","login":{"uuid":"d09222ae-3214-46fc-96bd-fe126a6debd1","username":"sadswan960","password":"gang","salt":"ohfqB7UM","md5":"2e832ca016b74cc1301a403363d5cff1","sha1":"f50842860dfd731bbc0985ad132c22f54f3fcbce","sha256":"114a06f0e3b49d69480f96eb400a771ac6c83953ed2f84750bb8a043d3ce4862"},"dob":{"date":"1997-08-06T23:45:48.055Z","age":26},"registered":{"date":"2003-12-30T10:53:09.264Z","age":20},"phone":"(46) 4897-8070","cell":"(32) 3167-6161","id":{"name":"CPF","value":"953.284.073-95"},"picture":{"large":"https://randomuser.me/api/portraits/men/18.jpg","medium":"https://randomuser.me/api/portraits/med/men/18.jpg","thumbnail":"https://randomuser.me/api/portraits/thumb/men/18.jpg"},"nat":"BR"}],"info":{"seed":"2aee038aa79505cf","results":1,"page":1,"version":"1.4"}} 
 </msg>
<msg time="2024-07-25T17:13:30.825942" level="INFO">/opt/hostedtoolcache/Python/3.12.4/x64/lib/python3.12/site-packages/urllib3/connectionpool.py:1099: InsecureRequestWarning: Unverified HTTPS request is being made to host 'randomuser.me'. Adding certificate verification is strongly advised. See: https://urllib3.readthedocs.io/en/latest/advanced-usage.html#tls-warnings
  warnings.warn(</msg>
<msg time="2024-07-25T17:13:30.826063" level="INFO">${response} = &lt;Response [200]&gt;</msg>
<var>${response}</var>
<arg>consultarAPI</arg>
<arg>/api</arg>
<doc>Sends a GET request on a previously created HTTP Session.</doc>
<status status="PASS" start="2024-07-25T17:13:30.724471" elapsed="0.101632"/>
</kw>
<kw name="Set Variable" owner="BuiltIn">
<msg time="2024-07-25T17:13:30.827438" level="INFO">${json_data} = {'results': [{'gender': 'male', 'name': {'title': 'Mr', 'first': 'Sebastião', 'last': 'Alves'}, 'location': {'street': {'number': 1843, 'name': 'Rua Carlos Gomes'}, 'city': 'Cachoeirinha', 'state': 'P...</msg>
<var>${json_data}</var>
<arg>${response.json()}</arg>
<doc>Returns the given values which can then be assigned to a variables.</doc>
<status status="PASS" start="2024-07-25T17:13:30.826775" elapsed="0.000694"/>
</kw>
<kw name="Log" owner="BuiltIn">
<msg time="2024-07-25T17:13:30.827952" level="INFO">{'results': [{'gender': 'male', 'name': {'title': 'Mr', 'first': 'Sebastião', 'last': 'Alves'}, 'location': {'street': {'number': 1843, 'name': 'Rua Carlos Gomes'}, 'city': 'Cachoeirinha', 'state': 'Pernambuco', 'country': 'Brazil', 'postcode': 91316, 'coordinates': {'latitude': '-73.2767', 'longitude': '-167.9704'}, 'timezone': {'offset': '+3:30', 'description': 'Tehran'}}, 'email': 'sebastiao.alves@example.com', 'login': {'uuid': 'd09222ae-3214-46fc-96bd-fe126a6debd1', 'username': 'sadswan960', 'password': 'gang', 'salt': 'ohfqB7UM', 'md5': '2e832ca016b74cc1301a403363d5cff1', 'sha1': 'f50842860dfd731bbc0985ad132c22f54f3fcbce', 'sha256': '114a06f0e3b49d69480f96eb400a771ac6c83953ed2f84750bb8a043d3ce4862'}, 'dob': {'date': '1997-08-06T23:45:48.055Z', 'age': 26}, 'registered': {'date': '2003-12-30T10:53:09.264Z', 'age': 20}, 'phone': '(46) 4897-8070', 'cell': '(32) 3167-6161', 'id': {'name': 'CPF', 'value': '953.284.073-95'}, 'picture': {'large': 'https://randomuser.me/api/portraits/men/18.jpg', 'medium': 'https://randomuser.me/api/portraits/med/men/18.jpg', 'thumbnail': 'https://randomuser.me/api/portraits/thumb/men/18.jpg'}, 'nat': 'BR'}], 'info': {'seed': '2aee038aa79505cf', 'results': 1, 'page': 1, 'version': '1.4'}}</msg>
<arg>${json_data}</arg>
<doc>Logs the given message with the given level.</doc>
<status status="PASS" start="2024-07-25T17:13:30.827789" elapsed="0.000212"/>
</kw>
<kw name="Should Be Equal As Numbers" owner="BuiltIn">
<arg>${json_data['results'][0]['location']['postcode']}</arg>
<arg>${json_data['results'][0]['location']['postcode']}</arg>
<doc>Fails if objects are unequal after converting them to real numbers.</doc>
<status status="PASS" start="2024-07-25T17:13:30.828294" elapsed="0.000629"/>
</kw>
<kw name="Log" owner="BuiltIn">
<msg time="2024-07-25T17:13:30.829444" level="INFO">91316</msg>
<arg>${json_data['results'][0]['location']['postcode']}</arg>
<doc>Logs the given message with the given level.</doc>
<status status="PASS" start="2024-07-25T17:13:30.829114" elapsed="0.000372"/>
</kw>
<status status="PASS" start="2024-07-25T17:13:30.724243" elapsed="0.105530"/>
</kw>
<doc>Testa se os tipos de dados na resposta da API estão corretos.</doc>
<tag>testeTiposDados</tag>
<status status="PASS" start="2024-07-25T17:13:30.617194" elapsed="0.212753"/>
</test>
<test id="s1-s1-t5" name="Validar conteudo" line="35">
<kw name="Teste de Tipos de Conteudo" owner="random-user-service">
<kw name="GET On Session" owner="RequestsLibrary">
<msg time="2024-07-25T17:13:30.920681" level="INFO">GET Request : url=https://randomuser.me/api 
 path_url=/api 
 headers={'User-Agent': 'python-requests/2.32.3', 'Accept-Encoding': 'gzip, deflate', 'Accept': '*/*', 'Connection': 'keep-alive'} 
 body=None 
 </msg>
<msg time="2024-07-25T17:13:30.920771" level="INFO">GET Response : url=https://randomuser.me/api 
 status=200, reason=OK 
 headers={'Date': 'Thu, 25 Jul 2024 17:13:30 GMT', 'Content-Type': 'application/json; charset=utf-8', 'Transfer-Encoding': 'chunked', 'Connection': 'keep-alive', 'X-Powered-By': 'Express', 'Access-Control-Allow-Origin': '*', 'Cache-Control': 'no-cache', 'ETag': 'W/"487-CXhTQ+14sA0W3w5TNiwUmJGBD0s"', 'Vary': 'Accept-Encoding', 'Content-Encoding': 'gzip', 'CF-Cache-Status': 'DYNAMIC', 'Report-To': '{"endpoints":[{"url":"https:\\/\\/a.nel.cloudflare.com\\/report\\/v4?s=UOsFbbMmVfwTM3ldSB0jGiyqaXMmrKuD0rmEmbJfBXJ3phC9RTZh8KF8865vlCWO845mykPCNTC2nBHFLDPSI29KLPqgxKlGsnWoNwkH1wJvQQVgrmanmjhlFhL07sJi"}],"group":"cf-nel","max_age":604800}', 'NEL': '{"success_fraction":0,"report_to":"cf-nel","max_age":604800}', 'Server': 'cloudflare', 'CF-RAY': '8a8dc7efb8d2159e-SJC', 'alt-svc': 'h3=":443"; ma=86400'} 
 body={"results":[{"gender":"female","name":{"title":"Ms","first":"Camille","last":"Rey"},"location":{"street":{"number":2725,"name":"Avenue Goerges Clémenceau"},"city":"Marseille","state":"Mayotte","country":"France","postcode":26186,"coordinates":{"latitude":"-20.4497","longitude":"169.9489"},"timezone":{"offset":"+3:30","description":"Tehran"}},"email":"camille.rey@example.com","login":{"uuid":"2db9417a-2c61-449d-aa93-97626ba76019","username":"bluelion521","password":"mang","salt":"WzfsJ1jM","md5":"32ec6ce4bdb8d03f62feff662d949725","sha1":"ae39bd2f7c60e86f4c64ad271d30039d39a14a07","sha256":"7f9e02f73f506097005c11ff49b1ad0528a18bac8caf5922132cf332df256ffa"},"dob":{"date":"1966-01-09T00:14:47.361Z","age":58},"registered":{"date":"2005-06-30T16:31:50.312Z","age":19},"phone":"04-64-40-15-49","cell":"06-61-85-83-50","id":{"name":"INSEE","value":"2660098605915 78"},"picture":{"large":"https://randomuser.me/api/portraits/women/40.jpg","medium":"https://randomuser.me/api/portraits/med/women/40.jpg","thumbnail":"https://randomuser.me/api/portraits/thumb/women/40.jpg"},"nat":"FR"}],"info":{"seed":"93f0aa74abf23466","results":1,"page":1,"version":"1.4"}} 
 </msg>
<msg time="2024-07-25T17:13:30.920856" level="INFO">/opt/hostedtoolcache/Python/3.12.4/x64/lib/python3.12/site-packages/urllib3/connectionpool.py:1099: InsecureRequestWarning: Unverified HTTPS request is being made to host 'randomuser.me'. Adding certificate verification is strongly advised. See: https://urllib3.readthedocs.io/en/latest/advanced-usage.html#tls-warnings
  warnings.warn(</msg>
<msg time="2024-07-25T17:13:30.920979" level="INFO">${response} = &lt;Response [200]&gt;</msg>
<var>${response}</var>
<arg>consultarAPI</arg>
<arg>/api</arg>
<doc>Sends a GET request on a previously created HTTP Session.</doc>
<status status="PASS" start="2024-07-25T17:13:30.832571" elapsed="0.088449"/>
</kw>
<kw name="Set Variable" owner="BuiltIn">
<msg time="2024-07-25T17:13:30.922276" level="INFO">${json_data} = {'results': [{'gender': 'female', 'name': {'title': 'Ms', 'first': 'Camille', 'last': 'Rey'}, 'location': {'street': {'number': 2725, 'name': 'Avenue Goerges Clémenceau'}, 'city': 'Marseille', 'state'...</msg>
<var>${json_data}</var>
<arg>${response.json()}</arg>
<doc>Returns the given values which can then be assigned to a variables.</doc>
<status status="PASS" start="2024-07-25T17:13:30.921597" elapsed="0.000710"/>
</kw>
<kw name="Set Variable" owner="BuiltIn">
<msg time="2024-07-25T17:13:30.923036" level="INFO">${name_title} = Ms</msg>
<var>${name_title}</var>
<arg>${json_data["results"][0]["name"]["title"]}</arg>
<doc>Returns the given values which can then be assigned to a variables.</doc>
<status status="PASS" start="2024-07-25T17:13:30.922630" elapsed="0.000433"/>
</kw>
<kw name="Create List" owner="BuiltIn">
<msg time="2024-07-25T17:13:30.923586" level="INFO">${allowed_titles} = ['Mr', 'Ms', 'Miss', 'Mrs', 'Madame', 'Monsieur']</msg>
<var>${allowed_titles}</var>
<arg>Mr</arg>
<arg>Ms</arg>
<arg>Miss</arg>
<arg>Mrs</arg>
<arg>Madame</arg>
<arg>Monsieur</arg>
<doc>Returns a list containing given items.</doc>
<status status="PASS" start="2024-07-25T17:13:30.923425" elapsed="0.000187"/>
</kw>
<kw name="List Should Contain Value" owner="Collections">
<arg>${allowed_titles}</arg>
<arg>${name_title}</arg>
<doc>Fails if the ``value`` is not found from ``list``.</doc>
<status status="PASS" start="2024-07-25T17:13:30.923930" elapsed="0.000201"/>
</kw>
<kw name="Set Variable" owner="BuiltIn">
<msg time="2024-07-25T17:13:30.924728" level="INFO">${name_country} = FR</msg>
<var>${name_country}</var>
<arg>${json_data["results"][0]["nat"]}</arg>
<doc>Returns the given values which can then be assigned to a variables.</doc>
<status status="PASS" start="2024-07-25T17:13:30.924330" elapsed="0.000425"/>
</kw>
<kw name="Create List" owner="BuiltIn">
<msg time="2024-07-25T17:13:30.925674" level="INFO">${list_country} = ['AD', 'AE', 'AF', 'AG', 'AI', 'AL', 'AM', 'AO', 'AQ', 'AR', 'AS', 'AT', 'AU', 'AW', 'AX', 'AZ', 'BA', 'BB', 'BD', 'BE', 'BF', 'BG', 'BH', 'BI', 'BJ', 'BL', 'BM', 'BN', 'BO', 'BQ', 'BR', 'BS', 'BT', '...</msg>
<var>${list_country}</var>
<arg>AD</arg>
<arg>AE</arg>
<arg>AF</arg>
<arg>AG</arg>
<arg>AI</arg>
<arg>AL</arg>
<arg>AM</arg>
<arg>AO</arg>
<arg>AQ</arg>
<arg>AR</arg>
<arg>AS</arg>
<arg>AT</arg>
<arg>AU</arg>
<arg>AW</arg>
<arg>AX</arg>
<arg>AZ</arg>
<arg>BA</arg>
<arg>BB</arg>
<arg>BD</arg>
<arg>BE</arg>
<arg>BF</arg>
<arg>BG</arg>
<arg>BH</arg>
<arg>BI</arg>
<arg>BJ</arg>
<arg>BL</arg>
<arg>BM</arg>
<arg>BN</arg>
<arg>BO</arg>
<arg>BQ</arg>
<arg>BR</arg>
<arg>BS</arg>
<arg>BT</arg>
<arg>BV</arg>
<arg>BW</arg>
<arg>BY</arg>
<arg>BZ</arg>
<arg>CA</arg>
<arg>CC</arg>
<arg>CD</arg>
<arg>CF</arg>
<arg>CG</arg>
<arg>CH</arg>
<arg>CI</arg>
<arg>CK</arg>
<arg>CL</arg>
<arg>CM</arg>
<arg>CN</arg>
<arg>CO</arg>
<arg>CR</arg>
<arg>CU</arg>
<arg>CV</arg>
<arg>CW</arg>
<arg>CX</arg>
<arg>CY</arg>
<arg>CZ</arg>
<arg>DE</arg>
<arg>DJ</arg>
<arg>DK</arg>
<arg>DM</arg>
<arg>DO</arg>
<arg>DZ</arg>
<arg>EC</arg>
<arg>EE</arg>
<arg>EG</arg>
<arg>EH</arg>
<arg>ER</arg>
<arg>ES</arg>
<arg>ET</arg>
<arg>FI</arg>
<arg>FJ</arg>
<arg>FK</arg>
<arg>FM</arg>
<arg>FO</arg>
<arg>FR</arg>
<arg>GA</arg>
<arg>GB</arg>
<arg>GD</arg>
<arg>GE</arg>
<arg>GF</arg>
<arg>GG</arg>
<arg>GH</arg>
<arg>GI</arg>
<arg>GL</arg>
<arg>GM</arg>
<arg>GN</arg>
<arg>GP</arg>
<arg>GQ</arg>
<arg>GR</arg>
<arg>GS</arg>
<arg>GT</arg>
<arg>GU</arg>
<arg>GW</arg>
<arg>GY</arg>
<arg>HK</arg>
<arg>HM</arg>
<arg>HN</arg>
<arg>HR</arg>
<arg>HT</arg>
<arg>HU</arg>
<arg>ID</arg>
<arg>IE</arg>
<arg>IL</arg>
<arg>IM</arg>
<arg>IN</arg>
<arg>IO</arg>
<arg>IQ</arg>
<arg>IR</arg>
<arg>IS</arg>
<arg>IT</arg>
<arg>JE</arg>
<arg>JM</arg>
<arg>JO</arg>
<arg>JP</arg>
<arg>KE</arg>
<arg>KG</arg>
<arg>KH</arg>
<arg>KI</arg>
<arg>KM</arg>
<arg>KN</arg>
<arg>KP</arg>
<arg>KR</arg>
<arg>KW</arg>
<arg>KY</arg>
<arg>KZ</arg>
<arg>LA</arg>
<arg>LB</arg>
<arg>LC</arg>
<arg>LI</arg>
<arg>LK</arg>
<arg>LR</arg>
<arg>LS</arg>
<arg>LT</arg>
<arg>LU</arg>
<arg>LV</arg>
<arg>LY</arg>
<arg>MA</arg>
<arg>MC</arg>
<arg>MD</arg>
<arg>ME</arg>
<arg>MF</arg>
<arg>MG</arg>
<arg>MH</arg>
<arg>MK</arg>
<arg>ML</arg>
<arg>MM</arg>
<arg>MN</arg>
<arg>MO</arg>
<arg>MP</arg>
<arg>MQ</arg>
<arg>MR</arg>
<arg>MS</arg>
<arg>MT</arg>
<arg>MU</arg>
<arg>MV</arg>
<arg>MW</arg>
<arg>MX</arg>
<arg>MY</arg>
<arg>MZ</arg>
<arg>NA</arg>
<arg>NC</arg>
<arg>NE</arg>
<arg>NF</arg>
<arg>NG</arg>
<arg>NI</arg>
<arg>NL</arg>
<arg>NO</arg>
<arg>NP</arg>
<arg>NR</arg>
<arg>NU</arg>
<arg>NZ</arg>
<arg>OM</arg>
<arg>PA</arg>
<arg>PE</arg>
<arg>PF</arg>
<arg>PG</arg>
<arg>PH</arg>
<arg>PK</arg>
<arg>PL</arg>
<arg>PM</arg>
<arg>PN</arg>
<arg>PR</arg>
<arg>PS</arg>
<arg>PT</arg>
<arg>PW</arg>
<arg>PY</arg>
<arg>QA</arg>
<arg>RE</arg>
<arg>RO</arg>
<arg>RS</arg>
<arg>RU</arg>
<arg>RW</arg>
<arg>SA</arg>
<arg>SB</arg>
<arg>SC</arg>
<arg>SD</arg>
<arg>SE</arg>
<arg>SG</arg>
<arg>SH</arg>
<arg>SI</arg>
<arg>SJ</arg>
<arg>SK</arg>
<arg>SL</arg>
<arg>SM</arg>
<arg>SN</arg>
<arg>SO</arg>
<arg>SR</arg>
<arg>SS</arg>
<arg>ST</arg>
<arg>SV</arg>
<arg>SX</arg>
<arg>SY</arg>
<arg>SZ</arg>
<arg>TC</arg>
<arg>TD</arg>
<arg>TF</arg>
<arg>TG</arg>
<arg>TH</arg>
<arg>TJ</arg>
<arg>TK</arg>
<arg>TL</arg>
<arg>TM</arg>
<arg>TN</arg>
<arg>TO</arg>
<arg>TR</arg>
<arg>TT</arg>
<arg>TV</arg>
<arg>TW</arg>
<arg>TZ</arg>
<arg>UA</arg>
<arg>UG</arg>
<arg>UM</arg>
<arg>US</arg>
<arg>UY</arg>
<arg>UZ</arg>
<arg>VA</arg>
<arg>VC</arg>
<arg>VE</arg>
<arg>VG</arg>
<arg>VI</arg>
<arg>VN</arg>
<arg>VU</arg>
<arg>WF</arg>
<arg>WS</arg>
<arg>XK</arg>
<arg>YE</arg>
<arg>YT</arg>
<arg>ZA</arg>
<arg>ZM</arg>
<arg>ZW</arg>
<doc>Returns a list containing given items.</doc>
<status status="PASS" start="2024-07-25T17:13:30.925061" elapsed="0.000640"/>
</kw>
<kw name="List Should Contain Value" owner="Collections">
<arg>${list_country}</arg>
<arg>${name_country}</arg>
<doc>Fails if the ``value`` is not found from ``list``.</doc>
<status status="PASS" start="2024-07-25T17:13:30.926690" elapsed="0.000221"/>
</kw>
<kw name="Run Keyword If" owner="BuiltIn">
<kw name="Should Be True" owner="BuiltIn">
<arg>${True}</arg>
<doc>Fails if the given condition is not true.</doc>
<status status="PASS" start="2024-07-25T17:13:30.927933" elapsed="0.000152"/>
</kw>
<arg>${json_data["results"][0]["location"]["coordinates"]["latitude"]} &gt;= -90 and ${json_data["results"][0]["location"]["coordinates"]["latitude"]} &lt;= 90</arg>
<arg>Should Be True</arg>
<arg>${True}</arg>
<doc>Runs the given keyword with the given arguments, if ``condition`` is true.</doc>
<status status="PASS" start="2024-07-25T17:13:30.927123" elapsed="0.001095"/>
</kw>
<kw name="Run Keyword If" owner="BuiltIn">
<kw name="Should Be True" owner="BuiltIn">
<arg>${True}</arg>
<doc>Fails if the given condition is not true.</doc>
<status status="PASS" start="2024-07-25T17:13:30.929137" elapsed="0.000144"/>
</kw>
<arg>${json_data["results"][0]["location"]["coordinates"]["longitude"]} &gt;= -180 and ${json_data["results"][0]["location"]["coordinates"]["longitude"]} &lt;= 180</arg>
<arg>Should Be True</arg>
<arg>${True}</arg>
<doc>Runs the given keyword with the given arguments, if ``condition`` is true.</doc>
<status status="PASS" start="2024-07-25T17:13:30.928411" elapsed="0.001004"/>
</kw>
<status status="PASS" start="2024-07-25T17:13:30.832346" elapsed="0.097210"/>
</kw>
<doc>Testa o conteúdo específico dos campos retornados pela API.</doc>
<tag>testeConteudo</tag>
<status status="PASS" start="2024-07-25T17:13:30.831807" elapsed="0.097911"/>
</test>
<status status="PASS" start="2024-07-25T17:13:29.821525" elapsed="1.110297"/>
</suite>
<status status="PASS" start="2024-07-25T17:13:29.805993" elapsed="1.131145"/>
</suite>
<statistics>
<total>
<stat pass="5" fail="0" skip="0">All Tests</stat>
</total>
<tag>
<stat pass="1" fail="0" skip="0">testeConteudo</stat>
<stat pass="1" fail="0" skip="0">testeEstruturaResposta</stat>
<stat pass="1" fail="0" skip="0">testeRequisicaoBasica</stat>
<stat pass="1" fail="0" skip="0">testeTiposDados</stat>
</tag>
<suite>
<stat pass="5" fail="0" skip="0" id="s1" name="Tests">Tests</stat>
<stat pass="5" fail="0" skip="0" id="s1-s1" name="Random-User-Test">Tests.Random-User-Test</stat>
</suite>
</statistics>
<errors>
</errors>
</robot>
