<?xml version="1.0" encoding="UTF-8"?>
<robot generator="Robot 7.0.1 (Python 3.12.4 on linux)" generated="2024-07-24T07:14:41.818503" rpa="false" schemaversion="5">
<suite id="s1" name="Tests" source="/home/runner/work/ApiRandomUser/ApiRandomUser/RamdonUser/tests">
<suite id="s1-s1" name="Random-User-Test" source="/home/runner/work/ApiRandomUser/ApiRandomUser/RamdonUser/tests/random-user-test.robot">
<test id="s1-s1-t1" name="Conectar" line="13">
<kw name="Conectar API" owner="random-user-service">
<kw name="Create Session" owner="RequestsLibrary">
<msg time="2024-07-24T07:14:42.217933" level="INFO">Creating Session using : alias=consultarAPI, url=https://randomuser.me/, headers={},                     cookies={}, auth=None, timeout=None, proxies=None, verify=False,                     debug=0 </msg>
<arg>consultarAPI</arg>
<arg>${URL}</arg>
<doc>Create Session: create a HTTP session to a server</doc>
<status status="PASS" start="2024-07-24T07:14:42.217739" elapsed="0.000378"/>
</kw>
<status status="PASS" start="2024-07-24T07:14:42.216690" elapsed="0.001783"/>
</kw>
<status status="PASS" start="2024-07-24T07:14:42.216163" elapsed="0.002502"/>
</test>
<test id="s1-s1-t2" name="Validar retorno 200 e JSON Válido" line="16">
<kw name="Teste de Requisicao Basica" owner="random-user-service">
<kw name="GET On Session" owner="RequestsLibrary">
<msg time="2024-07-24T07:14:42.416748" level="INFO">GET Request : url=https://randomuser.me/api 
 path_url=/api 
 headers={'User-Agent': 'python-requests/2.32.3', 'Accept-Encoding': 'gzip, deflate', 'Accept': '*/*', 'Connection': 'keep-alive'} 
 body=None 
 </msg>
<msg time="2024-07-24T07:14:42.416912" level="INFO">GET Response : url=https://randomuser.me/api 
 status=200, reason=OK 
 headers={'Date': 'Wed, 24 Jul 2024 07:14:42 GMT', 'Content-Type': 'application/json; charset=utf-8', 'Transfer-Encoding': 'chunked', 'Connection': 'keep-alive', 'X-Powered-By': 'Express', 'Access-Control-Allow-Origin': '*', 'Cache-Control': 'no-cache', 'ETag': 'W/"478-q4Pjrl4s+aCB3I/CeNwiflsuy2M"', 'Vary': 'Accept-Encoding', 'Content-Encoding': 'gzip', 'CF-Cache-Status': 'DYNAMIC', 'Report-To': '{"endpoints":[{"url":"https:\\/\\/a.nel.cloudflare.com\\/report\\/v4?s=NnzEPnwrcnAzyO295YVzcDKPr4bPtqq5lympptxbzSDMAyEd3mGvwmkxM6OujhLr4O1rn6E%2BE38bHh0Gacku5eFDFD0matkvbzrpFZEz9WIl4O87PkqxwakB4kO6EQVC"}],"group":"cf-nel","max_age":604800}', 'NEL': '{"success_fraction":0,"report_to":"cf-nel","max_age":604800}', 'Server': 'cloudflare', 'CF-RAY': '8a821d661ce4066c-IAD', 'alt-svc': 'h3=":443"; ma=86400'} 
 body={"results":[{"gender":"male","name":{"title":"Mr","first":"Arnav","last":"Anchan"},"location":{"street":{"number":312,"name":"Swargate"},"city":"Mirzapur","state":"Telangana","country":"India","postcode":87909,"coordinates":{"latitude":"7.1593","longitude":"-101.4638"},"timezone":{"offset":"-11:00","description":"Midway Island, Samoa"}},"email":"arnav.anchan@example.com","login":{"uuid":"2000e9ed-a710-4f56-9071-2ff5cfba96f5","username":"heavybutterfly230","password":"1234567","salt":"OEga9wz2","md5":"db2e4f555deb0381aac16d5be5a4ab65","sha1":"798bfe3f6230f2ff9f55a1fa552331afa286077e","sha256":"56a1c9e67c1bbe0e271105a2543a64ba0bb2f4552148d7c7dfa6ee0d66353e4c"},"dob":{"date":"1998-12-11T06:06:37.668Z","age":25},"registered":{"date":"2022-02-19T16:13:34.431Z","age":2},"phone":"9976549393","cell":"8940219219","id":{"name":"UIDAI","value":"992529190878"},"picture":{"large":"https://randomuser.me/api/portraits/men/33.jpg","medium":"https://randomuser.me/api/portraits/med/men/33.jpg","thumbnail":"https://randomuser.me/api/portraits/thumb/men/33.jpg"},"nat":"IN"}],"info":{"seed":"f8e9938615db1693","results":1,"page":1,"version":"1.4"}} 
 </msg>
<msg time="2024-07-24T07:14:42.417006" level="INFO">/opt/hostedtoolcache/Python/3.12.4/x64/lib/python3.12/site-packages/urllib3/connectionpool.py:1099: InsecureRequestWarning: Unverified HTTPS request is being made to host 'randomuser.me'. Adding certificate verification is strongly advised. See: https://urllib3.readthedocs.io/en/latest/advanced-usage.html#tls-warnings
  warnings.warn(</msg>
<msg time="2024-07-24T07:14:42.417159" level="INFO">${response} = &lt;Response [200]&gt;</msg>
<var>${response}</var>
<arg>consultarAPI</arg>
<arg>/api</arg>
<doc>Sends a GET request on a previously created HTTP Session.</doc>
<status status="PASS" start="2024-07-24T07:14:42.221297" elapsed="0.195907"/>
</kw>
<kw name="Should Be Equal As Numbers" owner="BuiltIn">
<msg time="2024-07-24T07:14:42.418405" level="INFO">Argument types are:
&lt;class 'int'&gt;
&lt;class 'str'&gt;</msg>
<arg>${response.status_code}</arg>
<arg>200</arg>
<doc>Fails if objects are unequal after converting them to real numbers.</doc>
<status status="PASS" start="2024-07-24T07:14:42.417847" elapsed="0.000623"/>
</kw>
<kw name="Log" owner="BuiltIn">
<msg time="2024-07-24T07:14:42.419129" level="INFO">200</msg>
<arg>${response.status_code}</arg>
<doc>Logs the given message with the given level.</doc>
<status status="PASS" start="2024-07-24T07:14:42.418782" elapsed="0.000388"/>
</kw>
<kw name="Set Variable" owner="BuiltIn">
<msg time="2024-07-24T07:14:42.419939" level="INFO">${json_data} = {'results': [{'gender': 'male', 'name': {'title': 'Mr', 'first': 'Arnav', 'last': 'Anchan'}, 'location': {'street': {'number': 312, 'name': 'Swargate'}, 'city': 'Mirzapur', 'state': 'Telangana', 'coun...</msg>
<var>${json_data}</var>
<arg>${response.json()}</arg>
<doc>Returns the given values which can then be assigned to a variables.</doc>
<status status="PASS" start="2024-07-24T07:14:42.419470" elapsed="0.000496"/>
</kw>
<kw name="Dictionary Should Contain Key" owner="Collections">
<arg>${json_data}</arg>
<arg>results</arg>
<doc>Fails if ``key`` is not found from ``dictionary``.</doc>
<status status="PASS" start="2024-07-24T07:14:42.420274" elapsed="0.000309"/>
</kw>
<status status="PASS" start="2024-07-24T07:14:42.221047" elapsed="0.199684"/>
</kw>
<doc>Testa se a API responde corretamente e retorna um objeto JSON válido.</doc>
<tag>testeRequisicaoBasica</tag>
<status status="PASS" start="2024-07-24T07:14:42.220574" elapsed="0.200324"/>
</test>
<test id="s1-s1-t3" name="Validar estrutura de resposta" line="22">
<kw name="Teste de Estrutura de Resposta" owner="random-user-service">
<kw name="GET On Session" owner="RequestsLibrary">
<msg time="2024-07-24T07:14:42.460260" level="INFO">GET Request : url=https://randomuser.me/api 
 path_url=/api 
 headers={'User-Agent': 'python-requests/2.32.3', 'Accept-Encoding': 'gzip, deflate', 'Accept': '*/*', 'Connection': 'keep-alive'} 
 body=None 
 </msg>
<msg time="2024-07-24T07:14:42.460324" level="INFO">GET Response : url=https://randomuser.me/api 
 status=200, reason=OK 
 headers={'Date': 'Wed, 24 Jul 2024 07:14:42 GMT', 'Content-Type': 'application/json; charset=utf-8', 'Transfer-Encoding': 'chunked', 'Connection': 'keep-alive', 'X-Powered-By': 'Express', 'Access-Control-Allow-Origin': '*', 'Cache-Control': 'no-cache', 'ETag': 'W/"499-3aRHUFE2Whtv/DTMB3VDZ3g0tvM"', 'Vary': 'Accept-Encoding', 'Content-Encoding': 'gzip', 'CF-Cache-Status': 'DYNAMIC', 'Report-To': '{"endpoints":[{"url":"https:\\/\\/a.nel.cloudflare.com\\/report\\/v4?s=eIxMISAmlLXFuZj0Gnl22daQsC3MsS3BV7I1FZeGBdQqDyDCzJ16qTi0%2F%2BZCJImGAE6W0SKoHfPnx00Q9yH4q4wMHjkhttD3Tn5VBEhv%2BPKOvxcDIyIFkiJ4X7aSIWLE"}],"group":"cf-nel","max_age":604800}', 'NEL': '{"success_fraction":0,"report_to":"cf-nel","max_age":604800}', 'Server': 'cloudflare', 'CF-RAY': '8a821d672d92066c-IAD', 'alt-svc': 'h3=":443"; ma=86400'} 
 body={"results":[{"gender":"female","name":{"title":"Ms","first":"Bella","last":"Thomas"},"location":{"street":{"number":5918,"name":"Wai-Iti Road"},"city":"Wellington","state":"Waikato","country":"New Zealand","postcode":97265,"coordinates":{"latitude":"52.6194","longitude":"59.3244"},"timezone":{"offset":"+5:00","description":"Ekaterinburg, Islamabad, Karachi, Tashkent"}},"email":"bella.thomas@example.com","login":{"uuid":"2bca9eed-f3c1-446e-acb1-78c8182e5242","username":"beautifulladybug589","password":"pictuers","salt":"mVhrz4jY","md5":"e8b1ff7544d700f2f02b48b2234506c1","sha1":"1b30090f9a6b6f2965883eb86bd464b8786dfbae","sha256":"61a2cddd2ca740e6cf333bf60e624db9a2e6edfbd897e04a3299a58dfc89d4a8"},"dob":{"date":"1987-05-15T11:10:07.066Z","age":37},"registered":{"date":"2012-10-15T15:08:39.078Z","age":11},"phone":"(519)-312-1395","cell":"(331)-470-4520","id":{"name":"","value":null},"picture":{"large":"https://randomuser.me/api/portraits/women/9.jpg","medium":"https://randomuser.me/api/portraits/med/women/9.jpg","thumbnail":"https://randomuser.me/api/portraits/thumb/women/9.jpg"},"nat":"NZ"}],"info":{"seed":"df71a4aa7a29ec0a","results":1,"page":1,"version":"1.4"}} 
 </msg>
<msg time="2024-07-24T07:14:42.460422" level="INFO">/opt/hostedtoolcache/Python/3.12.4/x64/lib/python3.12/site-packages/urllib3/connectionpool.py:1099: InsecureRequestWarning: Unverified HTTPS request is being made to host 'randomuser.me'. Adding certificate verification is strongly advised. See: https://urllib3.readthedocs.io/en/latest/advanced-usage.html#tls-warnings
  warnings.warn(</msg>
<msg time="2024-07-24T07:14:42.460526" level="INFO">${response} = &lt;Response [200]&gt;</msg>
<var>${response}</var>
<arg>consultarAPI</arg>
<arg>/api</arg>
<doc>Sends a GET request on a previously created HTTP Session.</doc>
<status status="PASS" start="2024-07-24T07:14:42.423492" elapsed="0.037076"/>
</kw>
<kw name="Set Variable" owner="BuiltIn">
<msg time="2024-07-24T07:14:42.461627" level="INFO">${json_data} = {'results': [{'gender': 'female', 'name': {'title': 'Ms', 'first': 'Bella', 'last': 'Thomas'}, 'location': {'street': {'number': 5918, 'name': 'Wai-Iti Road'}, 'city': 'Wellington', 'state': 'Waikato'...</msg>
<var>${json_data}</var>
<arg>${response.json()}</arg>
<doc>Returns the given values which can then be assigned to a variables.</doc>
<status status="PASS" start="2024-07-24T07:14:42.461037" elapsed="0.000620"/>
</kw>
<kw name="Log" owner="BuiltIn">
<msg time="2024-07-24T07:14:42.462127" level="INFO">{'results': [{'gender': 'female', 'name': {'title': 'Ms', 'first': 'Bella', 'last': 'Thomas'}, 'location': {'street': {'number': 5918, 'name': 'Wai-Iti Road'}, 'city': 'Wellington', 'state': 'Waikato', 'country': 'New Zealand', 'postcode': 97265, 'coordinates': {'latitude': '52.6194', 'longitude': '59.3244'}, 'timezone': {'offset': '+5:00', 'description': 'Ekaterinburg, Islamabad, Karachi, Tashkent'}}, 'email': 'bella.thomas@example.com', 'login': {'uuid': '2bca9eed-f3c1-446e-acb1-78c8182e5242', 'username': 'beautifulladybug589', 'password': 'pictuers', 'salt': 'mVhrz4jY', 'md5': 'e8b1ff7544d700f2f02b48b2234506c1', 'sha1': '1b30090f9a6b6f2965883eb86bd464b8786dfbae', 'sha256': '61a2cddd2ca740e6cf333bf60e624db9a2e6edfbd897e04a3299a58dfc89d4a8'}, 'dob': {'date': '1987-05-15T11:10:07.066Z', 'age': 37}, 'registered': {'date': '2012-10-15T15:08:39.078Z', 'age': 11}, 'phone': '(519)-312-1395', 'cell': '(331)-470-4520', 'id': {'name': '', 'value': None}, 'picture': {'large': 'https://randomuser.me/api/portraits/women/9.jpg', 'medium': 'https://randomuser.me/api/portraits/med/women/9.jpg', 'thumbnail': 'https://randomuser.me/api/portraits/thumb/women/9.jpg'}, 'nat': 'NZ'}], 'info': {'seed': 'df71a4aa7a29ec0a', 'results': 1, 'page': 1, 'version': '1.4'}}</msg>
<arg>${json_data}</arg>
<doc>Logs the given message with the given level.</doc>
<status status="PASS" start="2024-07-24T07:14:42.461965" elapsed="0.000212"/>
</kw>
<kw name="Dictionary Should Contain Key" owner="Collections">
<arg>${json_data}</arg>
<arg>results</arg>
<doc>Fails if ``key`` is not found from ``dictionary``.</doc>
<status status="PASS" start="2024-07-24T07:14:42.462467" elapsed="0.000157"/>
</kw>
<kw name="Should Not Be Empty" owner="BuiltIn">
<msg time="2024-07-24T07:14:42.462933" level="INFO">Length is 2.</msg>
<arg>${json_data}</arg>
<doc>Verifies that the given item is not empty.</doc>
<status status="PASS" start="2024-07-24T07:14:42.462806" elapsed="0.000166"/>
</kw>
<kw name="Create List" owner="BuiltIn">
<msg time="2024-07-24T07:14:42.463409" level="INFO">${expected_keys} = ['gender', 'name', 'location', 'email', 'login']</msg>
<var>${expected_keys}</var>
<arg>gender</arg>
<arg>name</arg>
<arg>location</arg>
<arg>email</arg>
<arg>login</arg>
<doc>Returns a list containing given items.</doc>
<status status="PASS" start="2024-07-24T07:14:42.463262" elapsed="0.000171"/>
</kw>
<for flavor="IN">
<iter>
<kw name="Dictionary Should Contain Key" owner="Collections">
<arg>${json_data['results'][0]}</arg>
<arg>${key}</arg>
<doc>Fails if ``key`` is not found from ``dictionary``.</doc>
<status status="PASS" start="2024-07-24T07:14:42.464039" elapsed="0.000402"/>
</kw>
<kw name="Log" owner="BuiltIn">
<msg time="2024-07-24T07:14:42.464985" level="INFO">{'gender': 'female', 'name': {'title': 'Ms', 'first': 'Bella', 'last': 'Thomas'}, 'location': {'street': {'number': 5918, 'name': 'Wai-Iti Road'}, 'city': 'Wellington', 'state': 'Waikato', 'country': 'New Zealand', 'postcode': 97265, 'coordinates': {'latitude': '52.6194', 'longitude': '59.3244'}, 'timezone': {'offset': '+5:00', 'description': 'Ekaterinburg, Islamabad, Karachi, Tashkent'}}, 'email': 'bella.thomas@example.com', 'login': {'uuid': '2bca9eed-f3c1-446e-acb1-78c8182e5242', 'username': 'beautifulladybug589', 'password': 'pictuers', 'salt': 'mVhrz4jY', 'md5': 'e8b1ff7544d700f2f02b48b2234506c1', 'sha1': '1b30090f9a6b6f2965883eb86bd464b8786dfbae', 'sha256': '61a2cddd2ca740e6cf333bf60e624db9a2e6edfbd897e04a3299a58dfc89d4a8'}, 'dob': {'date': '1987-05-15T11:10:07.066Z', 'age': 37}, 'registered': {'date': '2012-10-15T15:08:39.078Z', 'age': 11}, 'phone': '(519)-312-1395', 'cell': '(331)-470-4520', 'id': {'name': '', 'value': None}, 'picture': {'large': 'https://randomuser.me/api/portraits/women/9.jpg', 'medium': 'https://randomuser.me/api/portraits/med/women/9.jpg', 'thumbnail': 'https://randomuser.me/api/portraits/thumb/women/9.jpg'}, 'nat': 'NZ'}</msg>
<arg>${json_data['results'][0]}</arg>
<doc>Logs the given message with the given level.</doc>
<status status="PASS" start="2024-07-24T07:14:42.464627" elapsed="0.000409"/>
</kw>
<kw name="Log" owner="BuiltIn">
<msg time="2024-07-24T07:14:42.465468" level="INFO">gender</msg>
<arg>${key}</arg>
<doc>Logs the given message with the given level.</doc>
<status status="PASS" start="2024-07-24T07:14:42.465339" elapsed="0.000167"/>
</kw>
<var name="${key}">gender</var>
<status status="PASS" start="2024-07-24T07:14:42.463911" elapsed="0.001813"/>
</iter>
<iter>
<kw name="Dictionary Should Contain Key" owner="Collections">
<arg>${json_data['results'][0]}</arg>
<arg>${key}</arg>
<doc>Fails if ``key`` is not found from ``dictionary``.</doc>
<status status="PASS" start="2024-07-24T07:14:42.466017" elapsed="0.000384"/>
</kw>
<kw name="Log" owner="BuiltIn">
<msg time="2024-07-24T07:14:42.466938" level="INFO">{'gender': 'female', 'name': {'title': 'Ms', 'first': 'Bella', 'last': 'Thomas'}, 'location': {'street': {'number': 5918, 'name': 'Wai-Iti Road'}, 'city': 'Wellington', 'state': 'Waikato', 'country': 'New Zealand', 'postcode': 97265, 'coordinates': {'latitude': '52.6194', 'longitude': '59.3244'}, 'timezone': {'offset': '+5:00', 'description': 'Ekaterinburg, Islamabad, Karachi, Tashkent'}}, 'email': 'bella.thomas@example.com', 'login': {'uuid': '2bca9eed-f3c1-446e-acb1-78c8182e5242', 'username': 'beautifulladybug589', 'password': 'pictuers', 'salt': 'mVhrz4jY', 'md5': 'e8b1ff7544d700f2f02b48b2234506c1', 'sha1': '1b30090f9a6b6f2965883eb86bd464b8786dfbae', 'sha256': '61a2cddd2ca740e6cf333bf60e624db9a2e6edfbd897e04a3299a58dfc89d4a8'}, 'dob': {'date': '1987-05-15T11:10:07.066Z', 'age': 37}, 'registered': {'date': '2012-10-15T15:08:39.078Z', 'age': 11}, 'phone': '(519)-312-1395', 'cell': '(331)-470-4520', 'id': {'name': '', 'value': None}, 'picture': {'large': 'https://randomuser.me/api/portraits/women/9.jpg', 'medium': 'https://randomuser.me/api/portraits/med/women/9.jpg', 'thumbnail': 'https://randomuser.me/api/portraits/thumb/women/9.jpg'}, 'nat': 'NZ'}</msg>
<arg>${json_data['results'][0]}</arg>
<doc>Logs the given message with the given level.</doc>
<status status="PASS" start="2024-07-24T07:14:42.466582" elapsed="0.000439"/>
</kw>
<kw name="Log" owner="BuiltIn">
<msg time="2024-07-24T07:14:42.467450" level="INFO">name</msg>
<arg>${key}</arg>
<doc>Logs the given message with the given level.</doc>
<status status="PASS" start="2024-07-24T07:14:42.467322" elapsed="0.000165"/>
</kw>
<var name="${key}">name</var>
<status status="PASS" start="2024-07-24T07:14:42.465906" elapsed="0.001795"/>
</iter>
<iter>
<kw name="Dictionary Should Contain Key" owner="Collections">
<arg>${json_data['results'][0]}</arg>
<arg>${key}</arg>
<doc>Fails if ``key`` is not found from ``dictionary``.</doc>
<status status="PASS" start="2024-07-24T07:14:42.468019" elapsed="0.000377"/>
</kw>
<kw name="Log" owner="BuiltIn">
<msg time="2024-07-24T07:14:42.468934" level="INFO">{'gender': 'female', 'name': {'title': 'Ms', 'first': 'Bella', 'last': 'Thomas'}, 'location': {'street': {'number': 5918, 'name': 'Wai-Iti Road'}, 'city': 'Wellington', 'state': 'Waikato', 'country': 'New Zealand', 'postcode': 97265, 'coordinates': {'latitude': '52.6194', 'longitude': '59.3244'}, 'timezone': {'offset': '+5:00', 'description': 'Ekaterinburg, Islamabad, Karachi, Tashkent'}}, 'email': 'bella.thomas@example.com', 'login': {'uuid': '2bca9eed-f3c1-446e-acb1-78c8182e5242', 'username': 'beautifulladybug589', 'password': 'pictuers', 'salt': 'mVhrz4jY', 'md5': 'e8b1ff7544d700f2f02b48b2234506c1', 'sha1': '1b30090f9a6b6f2965883eb86bd464b8786dfbae', 'sha256': '61a2cddd2ca740e6cf333bf60e624db9a2e6edfbd897e04a3299a58dfc89d4a8'}, 'dob': {'date': '1987-05-15T11:10:07.066Z', 'age': 37}, 'registered': {'date': '2012-10-15T15:08:39.078Z', 'age': 11}, 'phone': '(519)-312-1395', 'cell': '(331)-470-4520', 'id': {'name': '', 'value': None}, 'picture': {'large': 'https://randomuser.me/api/portraits/women/9.jpg', 'medium': 'https://randomuser.me/api/portraits/med/women/9.jpg', 'thumbnail': 'https://randomuser.me/api/portraits/thumb/women/9.jpg'}, 'nat': 'NZ'}</msg>
<arg>${json_data['results'][0]}</arg>
<doc>Logs the given message with the given level.</doc>
<status status="PASS" start="2024-07-24T07:14:42.468585" elapsed="0.000398"/>
</kw>
<kw name="Log" owner="BuiltIn">
<msg time="2024-07-24T07:14:42.469406" level="INFO">location</msg>
<arg>${key}</arg>
<doc>Logs the given message with the given level.</doc>
<status status="PASS" start="2024-07-24T07:14:42.469279" elapsed="0.000163"/>
</kw>
<var name="${key}">location</var>
<status status="PASS" start="2024-07-24T07:14:42.467910" elapsed="0.001745"/>
</iter>
<iter>
<kw name="Dictionary Should Contain Key" owner="Collections">
<arg>${json_data['results'][0]}</arg>
<arg>${key}</arg>
<doc>Fails if ``key`` is not found from ``dictionary``.</doc>
<status status="PASS" start="2024-07-24T07:14:42.469929" elapsed="0.000380"/>
</kw>
<kw name="Log" owner="BuiltIn">
<msg time="2024-07-24T07:14:42.470953" level="INFO">{'gender': 'female', 'name': {'title': 'Ms', 'first': 'Bella', 'last': 'Thomas'}, 'location': {'street': {'number': 5918, 'name': 'Wai-Iti Road'}, 'city': 'Wellington', 'state': 'Waikato', 'country': 'New Zealand', 'postcode': 97265, 'coordinates': {'latitude': '52.6194', 'longitude': '59.3244'}, 'timezone': {'offset': '+5:00', 'description': 'Ekaterinburg, Islamabad, Karachi, Tashkent'}}, 'email': 'bella.thomas@example.com', 'login': {'uuid': '2bca9eed-f3c1-446e-acb1-78c8182e5242', 'username': 'beautifulladybug589', 'password': 'pictuers', 'salt': 'mVhrz4jY', 'md5': 'e8b1ff7544d700f2f02b48b2234506c1', 'sha1': '1b30090f9a6b6f2965883eb86bd464b8786dfbae', 'sha256': '61a2cddd2ca740e6cf333bf60e624db9a2e6edfbd897e04a3299a58dfc89d4a8'}, 'dob': {'date': '1987-05-15T11:10:07.066Z', 'age': 37}, 'registered': {'date': '2012-10-15T15:08:39.078Z', 'age': 11}, 'phone': '(519)-312-1395', 'cell': '(331)-470-4520', 'id': {'name': '', 'value': None}, 'picture': {'large': 'https://randomuser.me/api/portraits/women/9.jpg', 'medium': 'https://randomuser.me/api/portraits/med/women/9.jpg', 'thumbnail': 'https://randomuser.me/api/portraits/thumb/women/9.jpg'}, 'nat': 'NZ'}</msg>
<arg>${json_data['results'][0]}</arg>
<doc>Logs the given message with the given level.</doc>
<status status="PASS" start="2024-07-24T07:14:42.470601" elapsed="0.000401"/>
</kw>
<kw name="Log" owner="BuiltIn">
<msg time="2024-07-24T07:14:42.471426" level="INFO">email</msg>
<arg>${key}</arg>
<doc>Logs the given message with the given level.</doc>
<status status="PASS" start="2024-07-24T07:14:42.471298" elapsed="0.000165"/>
</kw>
<var name="${key}">email</var>
<status status="PASS" start="2024-07-24T07:14:42.469823" elapsed="0.001853"/>
</iter>
<iter>
<kw name="Dictionary Should Contain Key" owner="Collections">
<arg>${json_data['results'][0]}</arg>
<arg>${key}</arg>
<doc>Fails if ``key`` is not found from ``dictionary``.</doc>
<status status="PASS" start="2024-07-24T07:14:42.471994" elapsed="0.000372"/>
</kw>
<kw name="Log" owner="BuiltIn">
<msg time="2024-07-24T07:14:42.472886" level="INFO">{'gender': 'female', 'name': {'title': 'Ms', 'first': 'Bella', 'last': 'Thomas'}, 'location': {'street': {'number': 5918, 'name': 'Wai-Iti Road'}, 'city': 'Wellington', 'state': 'Waikato', 'country': 'New Zealand', 'postcode': 97265, 'coordinates': {'latitude': '52.6194', 'longitude': '59.3244'}, 'timezone': {'offset': '+5:00', 'description': 'Ekaterinburg, Islamabad, Karachi, Tashkent'}}, 'email': 'bella.thomas@example.com', 'login': {'uuid': '2bca9eed-f3c1-446e-acb1-78c8182e5242', 'username': 'beautifulladybug589', 'password': 'pictuers', 'salt': 'mVhrz4jY', 'md5': 'e8b1ff7544d700f2f02b48b2234506c1', 'sha1': '1b30090f9a6b6f2965883eb86bd464b8786dfbae', 'sha256': '61a2cddd2ca740e6cf333bf60e624db9a2e6edfbd897e04a3299a58dfc89d4a8'}, 'dob': {'date': '1987-05-15T11:10:07.066Z', 'age': 37}, 'registered': {'date': '2012-10-15T15:08:39.078Z', 'age': 11}, 'phone': '(519)-312-1395', 'cell': '(331)-470-4520', 'id': {'name': '', 'value': None}, 'picture': {'large': 'https://randomuser.me/api/portraits/women/9.jpg', 'medium': 'https://randomuser.me/api/portraits/med/women/9.jpg', 'thumbnail': 'https://randomuser.me/api/portraits/thumb/women/9.jpg'}, 'nat': 'NZ'}</msg>
<arg>${json_data['results'][0]}</arg>
<doc>Logs the given message with the given level.</doc>
<status status="PASS" start="2024-07-24T07:14:42.472544" elapsed="0.000389"/>
</kw>
<kw name="Log" owner="BuiltIn">
<msg time="2024-07-24T07:14:42.473347" level="INFO">login</msg>
<arg>${key}</arg>
<doc>Logs the given message with the given level.</doc>
<status status="PASS" start="2024-07-24T07:14:42.473222" elapsed="0.000162"/>
</kw>
<var name="${key}">login</var>
<status status="PASS" start="2024-07-24T07:14:42.471882" elapsed="0.001713"/>
</iter>
<var>${key}</var>
<value>@{expected_keys}</value>
<status status="PASS" start="2024-07-24T07:14:42.463689" elapsed="0.010026"/>
</for>
<kw name="Create List" owner="BuiltIn">
<msg time="2024-07-24T07:14:42.474064" level="INFO">${expected_keysTwo} = ['username', 'password']</msg>
<var>${expected_keysTwo}</var>
<arg>username</arg>
<arg>password</arg>
<doc>Returns a list containing given items.</doc>
<status status="PASS" start="2024-07-24T07:14:42.473899" elapsed="0.000189"/>
</kw>
<for flavor="IN">
<iter>
<kw name="Dictionary Should Contain Key" owner="Collections">
<arg>${json_data['results'][0]['login']}</arg>
<arg>${keyTwo}</arg>
<doc>Fails if ``key`` is not found from ``dictionary``.</doc>
<status status="PASS" start="2024-07-24T07:14:42.474580" elapsed="0.000373"/>
</kw>
<kw name="Dictionary Should Contain Key" owner="Collections">
<arg>${json_data['results'][0]['login']}</arg>
<arg>${keyTwo}</arg>
<doc>Fails if ``key`` is not found from ``dictionary``.</doc>
<status status="PASS" start="2024-07-24T07:14:42.475138" elapsed="0.000371"/>
</kw>
<kw name="Log" owner="BuiltIn">
<msg time="2024-07-24T07:14:42.475839" level="INFO">username</msg>
<arg>${keyTwo}</arg>
<doc>Logs the given message with the given level.</doc>
<status status="PASS" start="2024-07-24T07:14:42.475683" elapsed="0.000206"/>
</kw>
<var name="${keyTwo}">username</var>
<status status="PASS" start="2024-07-24T07:14:42.474472" elapsed="0.001638"/>
</iter>
<iter>
<kw name="Dictionary Should Contain Key" owner="Collections">
<arg>${json_data['results'][0]['login']}</arg>
<arg>${keyTwo}</arg>
<doc>Fails if ``key`` is not found from ``dictionary``.</doc>
<status status="PASS" start="2024-07-24T07:14:42.476390" elapsed="0.000378"/>
</kw>
<kw name="Dictionary Should Contain Key" owner="Collections">
<arg>${json_data['results'][0]['login']}</arg>
<arg>${keyTwo}</arg>
<doc>Fails if ``key`` is not found from ``dictionary``.</doc>
<status status="PASS" start="2024-07-24T07:14:42.476942" elapsed="0.000370"/>
</kw>
<kw name="Log" owner="BuiltIn">
<msg time="2024-07-24T07:14:42.477611" level="INFO">password</msg>
<arg>${keyTwo}</arg>
<doc>Logs the given message with the given level.</doc>
<status status="PASS" start="2024-07-24T07:14:42.477487" elapsed="0.000161"/>
</kw>
<var name="${keyTwo}">password</var>
<status status="PASS" start="2024-07-24T07:14:42.476279" elapsed="0.001583"/>
</iter>
<var>${keyTwo}</var>
<value>@{expected_keysTwo}</value>
<status status="PASS" start="2024-07-24T07:14:42.474323" elapsed="0.003656"/>
</for>
<status status="PASS" start="2024-07-24T07:14:42.423266" elapsed="0.054848"/>
</kw>
<doc>Testa a estrutura da resposta da API.</doc>
<tag>testeEstruturaResposta</tag>
<status status="PASS" start="2024-07-24T07:14:42.422693" elapsed="0.055565"/>
</test>
<test id="s1-s1-t4" name="Validar tipos de dados" line="28">
<kw name="Teste de Tipos de Dados" owner="random-user-service">
<kw name="GET On Session" owner="RequestsLibrary">
<msg time="2024-07-24T07:14:42.559035" level="INFO">GET Request : url=https://randomuser.me/api 
 path_url=/api 
 headers={'User-Agent': 'python-requests/2.32.3', 'Accept-Encoding': 'gzip, deflate', 'Accept': '*/*', 'Connection': 'keep-alive'} 
 body=None 
 </msg>
<msg time="2024-07-24T07:14:42.559109" level="INFO">GET Response : url=https://randomuser.me/api 
 status=200, reason=OK 
 headers={'Date': 'Wed, 24 Jul 2024 07:14:42 GMT', 'Content-Type': 'application/json; charset=utf-8', 'Transfer-Encoding': 'chunked', 'Connection': 'keep-alive', 'X-Powered-By': 'Express', 'Access-Control-Allow-Origin': '*', 'Cache-Control': 'no-cache', 'ETag': 'W/"48d-UM7lV8D3CXklHZ2UJBhaaa99wlg"', 'Vary': 'Accept-Encoding', 'Content-Encoding': 'gzip', 'CF-Cache-Status': 'DYNAMIC', 'Report-To': '{"endpoints":[{"url":"https:\\/\\/a.nel.cloudflare.com\\/report\\/v4?s=Rpo4K%2FeYPU19SyiSUIQUd%2BuMhuApm6ya0Eut6PSzcplmHUZ4PYxs5rcNyb1GpTFV7ImV7UJGLJOZrDtuKAhuyhSRqJKDCLpeRTjIxSh%2FyiNssBXK6U9S%2F5sR5EDNaQK0"}],"group":"cf-nel","max_age":604800}', 'NEL': '{"success_fraction":0,"report_to":"cf-nel","max_age":604800}', 'Server': 'cloudflare', 'CF-RAY': '8a821d678dc3066c-IAD', 'alt-svc': 'h3=":443"; ma=86400'} 
 body={"results":[{"gender":"male","name":{"title":"Mr","first":"Otto","last":"Hannula"},"location":{"street":{"number":235,"name":"Mechelininkatu"},"city":"Pielavesi","state":"Tavastia Proper","country":"Finland","postcode":48420,"coordinates":{"latitude":"-22.7773","longitude":"-102.8653"},"timezone":{"offset":"-12:00","description":"Eniwetok, Kwajalein"}},"email":"otto.hannula@example.com","login":{"uuid":"c1006ae6-9d84-4a09-9677-39649298f3af","username":"heavyladybug314","password":"hallie","salt":"M2GqPcKe","md5":"b4024ff294f56c0757751b99937c1cc3","sha1":"d55aa673d0569fabf4047571c5972a7ca1484b49","sha256":"f21605a5960ec0580c36e72ffc1348394deb0c4cbed3e157388fd35d9fe9f860"},"dob":{"date":"1978-12-17T08:26:14.390Z","age":45},"registered":{"date":"2010-01-13T09:34:54.286Z","age":14},"phone":"06-155-926","cell":"049-054-40-62","id":{"name":"HETU","value":"NaNNA539undefined"},"picture":{"large":"https://randomuser.me/api/portraits/men/28.jpg","medium":"https://randomuser.me/api/portraits/med/men/28.jpg","thumbnail":"https://randomuser.me/api/portraits/thumb/men/28.jpg"},"nat":"FI"}],"info":{"seed":"e59c2f1b5742bdd4","results":1,"page":1,"version":"1.4"}} 
 </msg>
<msg time="2024-07-24T07:14:42.559180" level="INFO">/opt/hostedtoolcache/Python/3.12.4/x64/lib/python3.12/site-packages/urllib3/connectionpool.py:1099: InsecureRequestWarning: Unverified HTTPS request is being made to host 'randomuser.me'. Adding certificate verification is strongly advised. See: https://urllib3.readthedocs.io/en/latest/advanced-usage.html#tls-warnings
  warnings.warn(</msg>
<msg time="2024-07-24T07:14:42.559282" level="INFO">${response} = &lt;Response [200]&gt;</msg>
<var>${response}</var>
<arg>consultarAPI</arg>
<arg>/api</arg>
<doc>Sends a GET request on a previously created HTTP Session.</doc>
<status status="PASS" start="2024-07-24T07:14:42.480708" elapsed="0.078626"/>
</kw>
<kw name="Set Variable" owner="BuiltIn">
<msg time="2024-07-24T07:14:42.560491" level="INFO">${json_data} = {'results': [{'gender': 'male', 'name': {'title': 'Mr', 'first': 'Otto', 'last': 'Hannula'}, 'location': {'street': {'number': 235, 'name': 'Mechelininkatu'}, 'city': 'Pielavesi', 'state': 'Tavastia P...</msg>
<var>${json_data}</var>
<arg>${response.json()}</arg>
<doc>Returns the given values which can then be assigned to a variables.</doc>
<status status="PASS" start="2024-07-24T07:14:42.559867" elapsed="0.000653"/>
</kw>
<kw name="Log" owner="BuiltIn">
<msg time="2024-07-24T07:14:42.560990" level="INFO">{'results': [{'gender': 'male', 'name': {'title': 'Mr', 'first': 'Otto', 'last': 'Hannula'}, 'location': {'street': {'number': 235, 'name': 'Mechelininkatu'}, 'city': 'Pielavesi', 'state': 'Tavastia Proper', 'country': 'Finland', 'postcode': 48420, 'coordinates': {'latitude': '-22.7773', 'longitude': '-102.8653'}, 'timezone': {'offset': '-12:00', 'description': 'Eniwetok, Kwajalein'}}, 'email': 'otto.hannula@example.com', 'login': {'uuid': 'c1006ae6-9d84-4a09-9677-39649298f3af', 'username': 'heavyladybug314', 'password': 'hallie', 'salt': 'M2GqPcKe', 'md5': 'b4024ff294f56c0757751b99937c1cc3', 'sha1': 'd55aa673d0569fabf4047571c5972a7ca1484b49', 'sha256': 'f21605a5960ec0580c36e72ffc1348394deb0c4cbed3e157388fd35d9fe9f860'}, 'dob': {'date': '1978-12-17T08:26:14.390Z', 'age': 45}, 'registered': {'date': '2010-01-13T09:34:54.286Z', 'age': 14}, 'phone': '06-155-926', 'cell': '049-054-40-62', 'id': {'name': 'HETU', 'value': 'NaNNA539undefined'}, 'picture': {'large': 'https://randomuser.me/api/portraits/men/28.jpg', 'medium': 'https://randomuser.me/api/portraits/med/men/28.jpg', 'thumbnail': 'https://randomuser.me/api/portraits/thumb/men/28.jpg'}, 'nat': 'FI'}], 'info': {'seed': 'e59c2f1b5742bdd4', 'results': 1, 'page': 1, 'version': '1.4'}}</msg>
<arg>${json_data}</arg>
<doc>Logs the given message with the given level.</doc>
<status status="PASS" start="2024-07-24T07:14:42.560824" elapsed="0.000217"/>
</kw>
<kw name="Should Be String" owner="String">
<arg>${json_data['results'][0]['gender']}</arg>
<doc>Fails if the given ``item`` is not a string.</doc>
<status status="PASS" start="2024-07-24T07:14:42.561335" elapsed="0.000366"/>
</kw>
<kw name="Should Match Regexp" owner="BuiltIn">
<arg>${json_data['results'][0]['email']}</arg>
<arg>^[a-zA-Z0-9._%+-]+@[a-zA-Z0-9.-]+\.[a-zA-Z]{2,}$</arg>
<doc>Fails if ``string`` does not match ``pattern`` as a regular expression.</doc>
<status status="PASS" start="2024-07-24T07:14:42.561887" elapsed="0.000514"/>
</kw>
<kw name="Should Match Regexp" owner="BuiltIn">
<arg>${json_data['results'][0]['dob']['date']}</arg>
<arg>\\d{4}-\\d{2}-\\d{2}T\\d{2}:\\d{2}:\\d{2}\\.\\d{3}Z</arg>
<doc>Fails if ``string`` does not match ``pattern`` as a regular expression.</doc>
<status status="PASS" start="2024-07-24T07:14:42.562624" elapsed="0.000592"/>
</kw>
<kw name="Should Match Regexp" owner="BuiltIn">
<arg>${json_data['results'][0]['registered']['date']}</arg>
<arg>\\d{4}-\\d{2}-\\d{2}T\\d{2}:\\d{2}:\\d{2}\\.\\d{3}Z</arg>
<doc>Fails if ``string`` does not match ``pattern`` as a regular expression.</doc>
<status status="PASS" start="2024-07-24T07:14:42.563407" elapsed="0.000400"/>
</kw>
<kw name="Should Match Regexp" owner="BuiltIn">
<arg>${json_data['results'][0]['picture']['large']}</arg>
<arg>^https?://.*\.(?:png|jpe?g|gif|bmp)$</arg>
<doc>Fails if ``string`` does not match ``pattern`` as a regular expression.</doc>
<status status="PASS" start="2024-07-24T07:14:42.564002" elapsed="0.000458"/>
</kw>
<kw name="Should Match Regexp" owner="BuiltIn">
<arg>${json_data['results'][0]['picture']['medium']}</arg>
<arg>^https?://.*\.(?:png|jpe?g|gif|bmp)$</arg>
<doc>Fails if ``string`` does not match ``pattern`` as a regular expression.</doc>
<status status="PASS" start="2024-07-24T07:14:42.564645" elapsed="0.000344"/>
</kw>
<kw name="Should Match Regexp" owner="BuiltIn">
<arg>${json_data['results'][0]['picture']['thumbnail']}</arg>
<arg>^https?://.*\.(?:png|jpe?g|gif|bmp)$</arg>
<doc>Fails if ``string`` does not match ``pattern`` as a regular expression.</doc>
<status status="PASS" start="2024-07-24T07:14:42.565168" elapsed="0.000345"/>
</kw>
<kw name="Log" owner="BuiltIn">
<msg time="2024-07-24T07:14:42.566008" level="INFO">{'large': 'https://randomuser.me/api/portraits/men/28.jpg', 'medium': 'https://randomuser.me/api/portraits/med/men/28.jpg', 'thumbnail': 'https://randomuser.me/api/portraits/thumb/men/28.jpg'}</msg>
<arg>${json_data['results'][0]['picture']}</arg>
<doc>Logs the given message with the given level.</doc>
<status status="PASS" start="2024-07-24T07:14:42.565690" elapsed="0.000360"/>
</kw>
<status status="PASS" start="2024-07-24T07:14:42.480497" elapsed="0.085801"/>
</kw>
<kw name="Teste de Tipos de Dados - Postcode" owner="random-user-service">
<kw name="GET On Session" owner="RequestsLibrary">
<msg time="2024-07-24T07:14:42.661654" level="INFO">GET Request : url=https://randomuser.me/api 
 path_url=/api 
 headers={'User-Agent': 'python-requests/2.32.3', 'Accept-Encoding': 'gzip, deflate', 'Accept': '*/*', 'Connection': 'keep-alive'} 
 body=None 
 </msg>
<msg time="2024-07-24T07:14:42.661717" level="INFO">GET Response : url=https://randomuser.me/api 
 status=200, reason=OK 
 headers={'Date': 'Wed, 24 Jul 2024 07:14:42 GMT', 'Content-Type': 'application/json; charset=utf-8', 'Transfer-Encoding': 'chunked', 'Connection': 'keep-alive', 'X-Powered-By': 'Express', 'Access-Control-Allow-Origin': '*', 'Cache-Control': 'no-cache', 'ETag': 'W/"49f-oUDTn7UGNNB0EaEexWX7l3cjUIQ"', 'Vary': 'Accept-Encoding', 'Content-Encoding': 'gzip', 'CF-Cache-Status': 'DYNAMIC', 'Report-To': '{"endpoints":[{"url":"https:\\/\\/a.nel.cloudflare.com\\/report\\/v4?s=b225Q0mjEQlIE6cCzRmv%2FNgliXhZZwmnG2Otk3aVV5h6CSDgmLnpjbHDAw%2F%2Fg%2FpoI8OeMGz2iE6StVCdAnRUO59hXjMx4ANyShHWZzPRVZTjMiJ45O9YWcXXB6eUGzfT"}],"group":"cf-nel","max_age":604800}', 'NEL': '{"success_fraction":0,"report_to":"cf-nel","max_age":604800}', 'Server': 'cloudflare', 'CF-RAY': '8a821d680e2c066c-IAD', 'alt-svc': 'h3=":443"; ma=86400'} 
 body={"results":[{"gender":"male","name":{"title":"Mr","first":"Edouard","last":"Rodriguez"},"location":{"street":{"number":6218,"name":"Rue Bataille"},"city":"Saint-Pierre","state":"Seine-et-Marne","country":"France","postcode":25406,"coordinates":{"latitude":"-18.4767","longitude":"-94.2198"},"timezone":{"offset":"+4:00","description":"Abu Dhabi, Muscat, Baku, Tbilisi"}},"email":"edouard.rodriguez@example.com","login":{"uuid":"3e996dd2-27d5-4936-a5ef-7c804ebcb9d3","username":"tinywolf495","password":"dummy","salt":"iD1vMoAB","md5":"7a4af2ce9ffd6e786928b8ba6235e1fa","sha1":"28e54e5dabc7298123f265c3e3bd67a61c452f65","sha256":"f21e443ae940499169308ed8a91dc266d4f9bc57e6fd9a218779c65712bfde51"},"dob":{"date":"1988-08-15T03:55:35.043Z","age":35},"registered":{"date":"2012-07-17T11:22:01.197Z","age":12},"phone":"02-97-77-68-24","cell":"06-37-42-94-08","id":{"name":"INSEE","value":"1880772677817 33"},"picture":{"large":"https://randomuser.me/api/portraits/men/2.jpg","medium":"https://randomuser.me/api/portraits/med/men/2.jpg","thumbnail":"https://randomuser.me/api/portraits/thumb/men/2.jpg"},"nat":"FR"}],"info":{"seed":"a195d9a2d2817602","results":1,"page":1,"version":"1.4"}} 
 </msg>
<msg time="2024-07-24T07:14:42.661775" level="INFO">/opt/hostedtoolcache/Python/3.12.4/x64/lib/python3.12/site-packages/urllib3/connectionpool.py:1099: InsecureRequestWarning: Unverified HTTPS request is being made to host 'randomuser.me'. Adding certificate verification is strongly advised. See: https://urllib3.readthedocs.io/en/latest/advanced-usage.html#tls-warnings
  warnings.warn(</msg>
<msg time="2024-07-24T07:14:42.661859" level="INFO">${response} = &lt;Response [200]&gt;</msg>
<var>${response}</var>
<arg>consultarAPI</arg>
<arg>/api</arg>
<doc>Sends a GET request on a previously created HTTP Session.</doc>
<status status="PASS" start="2024-07-24T07:14:42.566716" elapsed="0.095182"/>
</kw>
<kw name="Set Variable" owner="BuiltIn">
<msg time="2024-07-24T07:14:42.663031" level="INFO">${json_data} = {'results': [{'gender': 'male', 'name': {'title': 'Mr', 'first': 'Edouard', 'last': 'Rodriguez'}, 'location': {'street': {'number': 6218, 'name': 'Rue Bataille'}, 'city': 'Saint-Pierre', 'state': 'Sei...</msg>
<var>${json_data}</var>
<arg>${response.json()}</arg>
<doc>Returns the given values which can then be assigned to a variables.</doc>
<status status="PASS" start="2024-07-24T07:14:42.662398" elapsed="0.000662"/>
</kw>
<kw name="Log" owner="BuiltIn">
<msg time="2024-07-24T07:14:42.663516" level="INFO">{'results': [{'gender': 'male', 'name': {'title': 'Mr', 'first': 'Edouard', 'last': 'Rodriguez'}, 'location': {'street': {'number': 6218, 'name': 'Rue Bataille'}, 'city': 'Saint-Pierre', 'state': 'Seine-et-Marne', 'country': 'France', 'postcode': 25406, 'coordinates': {'latitude': '-18.4767', 'longitude': '-94.2198'}, 'timezone': {'offset': '+4:00', 'description': 'Abu Dhabi, Muscat, Baku, Tbilisi'}}, 'email': 'edouard.rodriguez@example.com', 'login': {'uuid': '3e996dd2-27d5-4936-a5ef-7c804ebcb9d3', 'username': 'tinywolf495', 'password': 'dummy', 'salt': 'iD1vMoAB', 'md5': '7a4af2ce9ffd6e786928b8ba6235e1fa', 'sha1': '28e54e5dabc7298123f265c3e3bd67a61c452f65', 'sha256': 'f21e443ae940499169308ed8a91dc266d4f9bc57e6fd9a218779c65712bfde51'}, 'dob': {'date': '1988-08-15T03:55:35.043Z', 'age': 35}, 'registered': {'date': '2012-07-17T11:22:01.197Z', 'age': 12}, 'phone': '02-97-77-68-24', 'cell': '06-37-42-94-08', 'id': {'name': 'INSEE', 'value': '1880772677817 33'}, 'picture': {'large': 'https://randomuser.me/api/portraits/men/2.jpg', 'medium': 'https://randomuser.me/api/portraits/med/men/2.jpg', 'thumbnail': 'https://randomuser.me/api/portraits/thumb/men/2.jpg'}, 'nat': 'FR'}], 'info': {'seed': 'a195d9a2d2817602', 'results': 1, 'page': 1, 'version': '1.4'}}</msg>
<arg>${json_data}</arg>
<doc>Logs the given message with the given level.</doc>
<status status="PASS" start="2024-07-24T07:14:42.663360" elapsed="0.000203"/>
</kw>
<kw name="Should Be Equal As Numbers" owner="BuiltIn">
<arg>${json_data['results'][0]['location']['postcode']}</arg>
<arg>${json_data['results'][0]['location']['postcode']}</arg>
<doc>Fails if objects are unequal after converting them to real numbers.</doc>
<status status="PASS" start="2024-07-24T07:14:42.663895" elapsed="0.000616"/>
</kw>
<kw name="Log" owner="BuiltIn">
<msg time="2024-07-24T07:14:42.665032" level="INFO">25406</msg>
<arg>${json_data['results'][0]['location']['postcode']}</arg>
<doc>Logs the given message with the given level.</doc>
<status status="PASS" start="2024-07-24T07:14:42.664702" elapsed="0.000402"/>
</kw>
<status status="PASS" start="2024-07-24T07:14:42.566500" elapsed="0.098864"/>
</kw>
<doc>Testa se os tipos de dados na resposta da API estão corretos.</doc>
<tag>testeTiposDados</tag>
<status status="PASS" start="2024-07-24T07:14:42.479995" elapsed="0.185522"/>
</test>
<test id="s1-s1-t5" name="Validar conteudo" line="35">
<kw name="Teste de Tipos de Conteudo" owner="random-user-service">
<kw name="GET On Session" owner="RequestsLibrary">
<msg time="2024-07-24T07:14:42.762655" level="INFO">GET Request : url=https://randomuser.me/api 
 path_url=/api 
 headers={'User-Agent': 'python-requests/2.32.3', 'Accept-Encoding': 'gzip, deflate', 'Accept': '*/*', 'Connection': 'keep-alive'} 
 body=None 
 </msg>
<msg time="2024-07-24T07:14:42.762737" level="INFO">GET Response : url=https://randomuser.me/api 
 status=200, reason=OK 
 headers={'Date': 'Wed, 24 Jul 2024 07:14:42 GMT', 'Content-Type': 'application/json; charset=utf-8', 'Transfer-Encoding': 'chunked', 'Connection': 'keep-alive', 'X-Powered-By': 'Express', 'Access-Control-Allow-Origin': '*', 'Cache-Control': 'no-cache', 'ETag': 'W/"487-kOYaX8ho0vsLtz2LbBHq5teR6Uw"', 'Vary': 'Accept-Encoding', 'Content-Encoding': 'gzip', 'CF-Cache-Status': 'DYNAMIC', 'Report-To': '{"endpoints":[{"url":"https:\\/\\/a.nel.cloudflare.com\\/report\\/v4?s=OyUOVF0wyLLAJSMtG02Z2ZEP%2F6OF2Xm9o%2FmMARnWS0EaMO67hYRaT0ThObVyEuEi5XL8kTkpxX9MWit58F2lbWDpc%2FBDm8YzYv4cyKUYfnb5y%2FDDyFzArnqXhrKjMmrp"}],"group":"cf-nel","max_age":604800}', 'NEL': '{"success_fraction":0,"report_to":"cf-nel","max_age":604800}', 'Server': 'cloudflare', 'CF-RAY': '8a821d68be97066c-IAD', 'alt-svc': 'h3=":443"; ma=86400'} 
 body={"results":[{"gender":"male","name":{"title":"Mr","first":"Gauthier","last":"Rolland"},"location":{"street":{"number":8994,"name":"Rue Jean-Baldassini"},"city":"Rouen","state":"Savoie","country":"France","postcode":41221,"coordinates":{"latitude":"-14.8543","longitude":"-179.3656"},"timezone":{"offset":"+5:45","description":"Kathmandu"}},"email":"gauthier.rolland@example.com","login":{"uuid":"5ebeecd5-aee4-4cfa-a39a-1479368ae68b","username":"organicmouse167","password":"carrot","salt":"P43rV8OP","md5":"23cee7c3bd123dfe933b0b5f8e0df360","sha1":"0996106f1518d74c5600405c5a77601ab1e4a05f","sha256":"7f71efe8c8639765c571104da329a5429684e92eda0b7d7769fd462648b2cd3c"},"dob":{"date":"1961-09-17T15:46:15.872Z","age":62},"registered":{"date":"2012-04-11T10:27:32.362Z","age":12},"phone":"01-45-69-45-74","cell":"06-76-62-88-73","id":{"name":"INSEE","value":"1610827394302 49"},"picture":{"large":"https://randomuser.me/api/portraits/men/62.jpg","medium":"https://randomuser.me/api/portraits/med/men/62.jpg","thumbnail":"https://randomuser.me/api/portraits/thumb/men/62.jpg"},"nat":"FR"}],"info":{"seed":"e42b1c4fa1acdfea","results":1,"page":1,"version":"1.4"}} 
 </msg>
<msg time="2024-07-24T07:14:42.762807" level="INFO">/opt/hostedtoolcache/Python/3.12.4/x64/lib/python3.12/site-packages/urllib3/connectionpool.py:1099: InsecureRequestWarning: Unverified HTTPS request is being made to host 'randomuser.me'. Adding certificate verification is strongly advised. See: https://urllib3.readthedocs.io/en/latest/advanced-usage.html#tls-warnings
  warnings.warn(</msg>
<msg time="2024-07-24T07:14:42.762897" level="INFO">${response} = &lt;Response [200]&gt;</msg>
<var>${response}</var>
<arg>consultarAPI</arg>
<arg>/api</arg>
<doc>Sends a GET request on a previously created HTTP Session.</doc>
<status status="PASS" start="2024-07-24T07:14:42.667971" elapsed="0.094956"/>
</kw>
<kw name="Set Variable" owner="BuiltIn">
<msg time="2024-07-24T07:14:42.763835" level="INFO">${json_data} = {'results': [{'gender': 'male', 'name': {'title': 'Mr', 'first': 'Gauthier', 'last': 'Rolland'}, 'location': {'street': {'number': 8994, 'name': 'Rue Jean-Baldassini'}, 'city': 'Rouen', 'state': 'Savo...</msg>
<var>${json_data}</var>
<arg>${response.json()}</arg>
<doc>Returns the given values which can then be assigned to a variables.</doc>
<status status="PASS" start="2024-07-24T07:14:42.763330" elapsed="0.000540"/>
</kw>
<kw name="Set Variable" owner="BuiltIn">
<msg time="2024-07-24T07:14:42.764557" level="INFO">${name_title} = Mr</msg>
<var>${name_title}</var>
<arg>${json_data["results"][0]["name"]["title"]}</arg>
<doc>Returns the given values which can then be assigned to a variables.</doc>
<status status="PASS" start="2024-07-24T07:14:42.764175" elapsed="0.000408"/>
</kw>
<kw name="Create List" owner="BuiltIn">
<msg time="2024-07-24T07:14:42.765015" level="INFO">${allowed_titles} = ['Mr', 'Ms', 'Miss', 'Mrs', 'Madame', 'Monsieur']</msg>
<var>${allowed_titles}</var>
<arg>Mr</arg>
<arg>Ms</arg>
<arg>Miss</arg>
<arg>Mrs</arg>
<arg>Madame</arg>
<arg>Monsieur</arg>
<doc>Returns a list containing given items.</doc>
<status status="PASS" start="2024-07-24T07:14:42.764871" elapsed="0.000168"/>
</kw>
<kw name="List Should Contain Value" owner="Collections">
<arg>${allowed_titles}</arg>
<arg>${name_title}</arg>
<doc>Fails if the ``value`` is not found from ``list``.</doc>
<status status="PASS" start="2024-07-24T07:14:42.765332" elapsed="0.000175"/>
</kw>
<kw name="Set Variable" owner="BuiltIn">
<msg time="2024-07-24T07:14:42.766051" level="INFO">${name_country} = FR</msg>
<var>${name_country}</var>
<arg>${json_data["results"][0]["nat"]}</arg>
<doc>Returns the given values which can then be assigned to a variables.</doc>
<status status="PASS" start="2024-07-24T07:14:42.765687" elapsed="0.000389"/>
</kw>
<kw name="Create List" owner="BuiltIn">
<msg time="2024-07-24T07:14:42.766943" level="INFO">${list_country} = ['AD', 'AE', 'AF', 'AG', 'AI', 'AL', 'AM', 'AO', 'AQ', 'AR', 'AS', 'AT', 'AU', 'AW', 'AX', 'AZ', 'BA', 'BB', 'BD', 'BE', 'BF', 'BG', 'BH', 'BI', 'BJ', 'BL', 'BM', 'BN', 'BO', 'BQ', 'BR', 'BS', 'BT', '...</msg>
<var>${list_country}</var>
<arg>AD</arg>
<arg>AE</arg>
<arg>AF</arg>
<arg>AG</arg>
<arg>AI</arg>
<arg>AL</arg>
<arg>AM</arg>
<arg>AO</arg>
<arg>AQ</arg>
<arg>AR</arg>
<arg>AS</arg>
<arg>AT</arg>
<arg>AU</arg>
<arg>AW</arg>
<arg>AX</arg>
<arg>AZ</arg>
<arg>BA</arg>
<arg>BB</arg>
<arg>BD</arg>
<arg>BE</arg>
<arg>BF</arg>
<arg>BG</arg>
<arg>BH</arg>
<arg>BI</arg>
<arg>BJ</arg>
<arg>BL</arg>
<arg>BM</arg>
<arg>BN</arg>
<arg>BO</arg>
<arg>BQ</arg>
<arg>BR</arg>
<arg>BS</arg>
<arg>BT</arg>
<arg>BV</arg>
<arg>BW</arg>
<arg>BY</arg>
<arg>BZ</arg>
<arg>CA</arg>
<arg>CC</arg>
<arg>CD</arg>
<arg>CF</arg>
<arg>CG</arg>
<arg>CH</arg>
<arg>CI</arg>
<arg>CK</arg>
<arg>CL</arg>
<arg>CM</arg>
<arg>CN</arg>
<arg>CO</arg>
<arg>CR</arg>
<arg>CU</arg>
<arg>CV</arg>
<arg>CW</arg>
<arg>CX</arg>
<arg>CY</arg>
<arg>CZ</arg>
<arg>DE</arg>
<arg>DJ</arg>
<arg>DK</arg>
<arg>DM</arg>
<arg>DO</arg>
<arg>DZ</arg>
<arg>EC</arg>
<arg>EE</arg>
<arg>EG</arg>
<arg>EH</arg>
<arg>ER</arg>
<arg>ES</arg>
<arg>ET</arg>
<arg>FI</arg>
<arg>FJ</arg>
<arg>FK</arg>
<arg>FM</arg>
<arg>FO</arg>
<arg>FR</arg>
<arg>GA</arg>
<arg>GB</arg>
<arg>GD</arg>
<arg>GE</arg>
<arg>GF</arg>
<arg>GG</arg>
<arg>GH</arg>
<arg>GI</arg>
<arg>GL</arg>
<arg>GM</arg>
<arg>GN</arg>
<arg>GP</arg>
<arg>GQ</arg>
<arg>GR</arg>
<arg>GS</arg>
<arg>GT</arg>
<arg>GU</arg>
<arg>GW</arg>
<arg>GY</arg>
<arg>HK</arg>
<arg>HM</arg>
<arg>HN</arg>
<arg>HR</arg>
<arg>HT</arg>
<arg>HU</arg>
<arg>ID</arg>
<arg>IE</arg>
<arg>IL</arg>
<arg>IM</arg>
<arg>IN</arg>
<arg>IO</arg>
<arg>IQ</arg>
<arg>IR</arg>
<arg>IS</arg>
<arg>IT</arg>
<arg>JE</arg>
<arg>JM</arg>
<arg>JO</arg>
<arg>JP</arg>
<arg>KE</arg>
<arg>KG</arg>
<arg>KH</arg>
<arg>KI</arg>
<arg>KM</arg>
<arg>KN</arg>
<arg>KP</arg>
<arg>KR</arg>
<arg>KW</arg>
<arg>KY</arg>
<arg>KZ</arg>
<arg>LA</arg>
<arg>LB</arg>
<arg>LC</arg>
<arg>LI</arg>
<arg>LK</arg>
<arg>LR</arg>
<arg>LS</arg>
<arg>LT</arg>
<arg>LU</arg>
<arg>LV</arg>
<arg>LY</arg>
<arg>MA</arg>
<arg>MC</arg>
<arg>MD</arg>
<arg>ME</arg>
<arg>MF</arg>
<arg>MG</arg>
<arg>MH</arg>
<arg>MK</arg>
<arg>ML</arg>
<arg>MM</arg>
<arg>MN</arg>
<arg>MO</arg>
<arg>MP</arg>
<arg>MQ</arg>
<arg>MR</arg>
<arg>MS</arg>
<arg>MT</arg>
<arg>MU</arg>
<arg>MV</arg>
<arg>MW</arg>
<arg>MX</arg>
<arg>MY</arg>
<arg>MZ</arg>
<arg>NA</arg>
<arg>NC</arg>
<arg>NE</arg>
<arg>NF</arg>
<arg>NG</arg>
<arg>NI</arg>
<arg>NL</arg>
<arg>NO</arg>
<arg>NP</arg>
<arg>NR</arg>
<arg>NU</arg>
<arg>NZ</arg>
<arg>OM</arg>
<arg>PA</arg>
<arg>PE</arg>
<arg>PF</arg>
<arg>PG</arg>
<arg>PH</arg>
<arg>PK</arg>
<arg>PL</arg>
<arg>PM</arg>
<arg>PN</arg>
<arg>PR</arg>
<arg>PS</arg>
<arg>PT</arg>
<arg>PW</arg>
<arg>PY</arg>
<arg>QA</arg>
<arg>RE</arg>
<arg>RO</arg>
<arg>RS</arg>
<arg>RU</arg>
<arg>RW</arg>
<arg>SA</arg>
<arg>SB</arg>
<arg>SC</arg>
<arg>SD</arg>
<arg>SE</arg>
<arg>SG</arg>
<arg>SH</arg>
<arg>SI</arg>
<arg>SJ</arg>
<arg>SK</arg>
<arg>SL</arg>
<arg>SM</arg>
<arg>SN</arg>
<arg>SO</arg>
<arg>SR</arg>
<arg>SS</arg>
<arg>ST</arg>
<arg>SV</arg>
<arg>SX</arg>
<arg>SY</arg>
<arg>SZ</arg>
<arg>TC</arg>
<arg>TD</arg>
<arg>TF</arg>
<arg>TG</arg>
<arg>TH</arg>
<arg>TJ</arg>
<arg>TK</arg>
<arg>TL</arg>
<arg>TM</arg>
<arg>TN</arg>
<arg>TO</arg>
<arg>TR</arg>
<arg>TT</arg>
<arg>TV</arg>
<arg>TW</arg>
<arg>TZ</arg>
<arg>UA</arg>
<arg>UG</arg>
<arg>UM</arg>
<arg>US</arg>
<arg>UY</arg>
<arg>UZ</arg>
<arg>VA</arg>
<arg>VC</arg>
<arg>VE</arg>
<arg>VG</arg>
<arg>VI</arg>
<arg>VN</arg>
<arg>VU</arg>
<arg>WF</arg>
<arg>WS</arg>
<arg>XK</arg>
<arg>YE</arg>
<arg>YT</arg>
<arg>ZA</arg>
<arg>ZM</arg>
<arg>ZW</arg>
<doc>Returns a list containing given items.</doc>
<status status="PASS" start="2024-07-24T07:14:42.766358" elapsed="0.000610"/>
</kw>
<kw name="List Should Contain Value" owner="Collections">
<arg>${list_country}</arg>
<arg>${name_country}</arg>
<doc>Fails if the ``value`` is not found from ``list``.</doc>
<status status="PASS" start="2024-07-24T07:14:42.767914" elapsed="0.000205"/>
</kw>
<kw name="Run Keyword If" owner="BuiltIn">
<kw name="Should Be True" owner="BuiltIn">
<arg>${True}</arg>
<doc>Fails if the given condition is not true.</doc>
<status status="PASS" start="2024-07-24T07:14:42.769064" elapsed="0.000139"/>
</kw>
<arg>${json_data["results"][0]["location"]["coordinates"]["latitude"]} &gt;= -90 and ${json_data["results"][0]["location"]["coordinates"]["latitude"]} &lt;= 90</arg>
<arg>Should Be True</arg>
<arg>${True}</arg>
<doc>Runs the given keyword with the given arguments, if ``condition`` is true.</doc>
<status status="PASS" start="2024-07-24T07:14:42.768319" elapsed="0.001008"/>
</kw>
<kw name="Run Keyword If" owner="BuiltIn">
<kw name="Should Be True" owner="BuiltIn">
<arg>${True}</arg>
<doc>Fails if the given condition is not true.</doc>
<status status="PASS" start="2024-07-24T07:14:42.770187" elapsed="0.000135"/>
</kw>
<arg>${json_data["results"][0]["location"]["coordinates"]["longitude"]} &gt;= -180 and ${json_data["results"][0]["location"]["coordinates"]["longitude"]} &lt;= 180</arg>
<arg>Should Be True</arg>
<arg>${True}</arg>
<doc>Runs the given keyword with the given arguments, if ``condition`` is true.</doc>
<status status="PASS" start="2024-07-24T07:14:42.769506" elapsed="0.000937"/>
</kw>
<status status="PASS" start="2024-07-24T07:14:42.667751" elapsed="0.102818"/>
</kw>
<doc>Testa o conteúdo específico dos campos retornados pela API.</doc>
<tag>testeConteudo</tag>
<status status="PASS" start="2024-07-24T07:14:42.667208" elapsed="0.103502"/>
</test>
<status status="PASS" start="2024-07-24T07:14:41.877235" elapsed="0.895387"/>
</suite>
<status status="PASS" start="2024-07-24T07:14:41.862989" elapsed="0.914509"/>
</suite>
<statistics>
<total>
<stat pass="5" fail="0" skip="0">All Tests</stat>
</total>
<tag>
<stat pass="1" fail="0" skip="0">testeConteudo</stat>
<stat pass="1" fail="0" skip="0">testeEstruturaResposta</stat>
<stat pass="1" fail="0" skip="0">testeRequisicaoBasica</stat>
<stat pass="1" fail="0" skip="0">testeTiposDados</stat>
</tag>
<suite>
<stat pass="5" fail="0" skip="0" id="s1" name="Tests">Tests</stat>
<stat pass="5" fail="0" skip="0" id="s1-s1" name="Random-User-Test">Tests.Random-User-Test</stat>
</suite>
</statistics>
<errors>
</errors>
</robot>
