<?xml version="1.0" encoding="UTF-8"?>
<robot generator="Robot 7.0 (Python 3.12.3 on linux)" generated="2024-05-19T12:25:31.692231" rpa="false" schemaversion="5">
<suite id="s1" name="Tests" source="/home/runner/work/DesafioQAItauRogerioJordao/DesafioQAItauRogerioJordao/RamdonUser/tests">
<suite id="s1-s1" name="Random-User-Test" source="/home/runner/work/DesafioQAItauRogerioJordao/DesafioQAItauRogerioJordao/RamdonUser/tests/random-user-test.robot">
<test id="s1-s1-t1" name="Conectar" line="13">
<kw name="Conectar API" owner="random-user-service">
<kw name="Create Session" owner="RequestsLibrary">
<msg time="2024-05-19T12:25:32.079226" level="INFO">Creating Session using : alias=consultarAPI, url=https://randomuser.me/, headers={},                     cookies={}, auth=None, timeout=None, proxies=None, verify=False,                     debug=0 </msg>
<arg>consultarAPI</arg>
<arg>${URL}</arg>
<doc>Create Session: create a HTTP session to a server</doc>
<status status="PASS" start="2024-05-19T12:25:32.078991" elapsed="0.000456"/>
</kw>
<status status="PASS" start="2024-05-19T12:25:32.077900" elapsed="0.002004"/>
</kw>
<status status="PASS" start="2024-05-19T12:25:32.077248" elapsed="0.002894"/>
</test>
<test id="s1-s1-t2" name="Validar retorno 200 e JSON Válido" line="16">
<kw name="Teste de Requisicao Basica" owner="random-user-service">
<kw name="GET On Session" owner="RequestsLibrary">
<msg time="2024-05-19T12:25:32.153967" level="INFO">GET Request : url=https://randomuser.me/api 
 path_url=/api 
 headers={'User-Agent': 'python-requests/2.31.0', 'Accept-Encoding': 'gzip, deflate', 'Accept': '*/*', 'Connection': 'keep-alive'} 
 body=None 
 </msg>
<msg time="2024-05-19T12:25:32.154126" level="INFO">GET Response : url=https://randomuser.me/api 
 status=200, reason=OK 
 headers={'Date': 'Sun, 19 May 2024 12:25:32 GMT', 'Content-Type': 'application/json; charset=utf-8', 'Transfer-Encoding': 'chunked', 'Connection': 'keep-alive', 'X-Powered-By': 'Express', 'Access-Control-Allow-Origin': '*', 'Cache-Control': 'no-cache', 'ETag': 'W/"47d-ied/1x2L5bVOb3V2+oeTBlLmiBg"', 'Vary': 'Accept-Encoding', 'Content-Encoding': 'gzip', 'CF-Cache-Status': 'DYNAMIC', 'Report-To': '{"endpoints":[{"url":"https:\\/\\/a.nel.cloudflare.com\\/report\\/v4?s=HpTCIoIflur5k4MufOfUgpWj3y3m90QwSN6d%2B1x959fQ9iLdFIuvmpGzYRH0zgwCNHCZpQX2gZ0GR%2FxbygjktkQltGl8KMMVluL6YvXkouTgXiVJvuvVWTILgFvYtWir"}],"group":"cf-nel","max_age":604800}', 'NEL': '{"success_fraction":0,"report_to":"cf-nel","max_age":604800}', 'Server': 'cloudflare', 'CF-RAY': '886411f7ad509c5e-IAD', 'alt-svc': 'h3=":443"; ma=86400'} 
 body={"results":[{"gender":"male","name":{"title":"Mr","first":"Pat","last":"Richards"},"location":{"street":{"number":6030,"name":"Park Avenue"},"city":"Aberdeen","state":"County Antrim","country":"United Kingdom","postcode":"X81 4DN","coordinates":{"latitude":"-9.4097","longitude":"-37.1806"},"timezone":{"offset":"-10:00","description":"Hawaii"}},"email":"pat.richards@example.com","login":{"uuid":"bc19902c-e05e-433d-ab72-5736874bc4cb","username":"heavydog431","password":"reeves","salt":"5bx6lm2j","md5":"432d877431501d090a95f549d5141272","sha1":"05222963d2d29c768d045be92886e74330e2d079","sha256":"ac191599f47fa8649d4eab5759a2299a0cc2813b04f25eeb1b7bc15a592cea39"},"dob":{"date":"1971-10-21T05:57:34.735Z","age":52},"registered":{"date":"2006-08-24T10:06:09.688Z","age":17},"phone":"01588 011657","cell":"07594 771314","id":{"name":"NINO","value":"WX 42 64 70 B"},"picture":{"large":"https://randomuser.me/api/portraits/men/40.jpg","medium":"https://randomuser.me/api/portraits/med/men/40.jpg","thumbnail":"https://randomuser.me/api/portraits/thumb/men/40.jpg"},"nat":"GB"}],"info":{"seed":"3e9115ad605218ec","results":1,"page":1,"version":"1.4"}} 
 </msg>
<msg time="2024-05-19T12:25:32.154210" level="INFO">/opt/hostedtoolcache/Python/3.12.3/x64/lib/python3.12/site-packages/urllib3/connectionpool.py:1103: InsecureRequestWarning: Unverified HTTPS request is being made to host 'randomuser.me'. Adding certificate verification is strongly advised. See: https://urllib3.readthedocs.io/en/latest/advanced-usage.html#tls-warnings
  warnings.warn(</msg>
<msg time="2024-05-19T12:25:32.154360" level="INFO">${response} = &lt;Response [200]&gt;</msg>
<var>${response}</var>
<arg>consultarAPI</arg>
<arg>/api</arg>
<doc>Sends a GET request on a previously created HTTP Session.</doc>
<status status="PASS" start="2024-05-19T12:25:32.082874" elapsed="0.071529"/>
</kw>
<kw name="Should Be Equal As Numbers" owner="BuiltIn">
<msg time="2024-05-19T12:25:32.155625" level="INFO">Argument types are:
&lt;class 'int'&gt;
&lt;class 'str'&gt;</msg>
<arg>${response.status_code}</arg>
<arg>200</arg>
<doc>Fails if objects are unequal after converting them to real numbers.</doc>
<status status="PASS" start="2024-05-19T12:25:32.155092" elapsed="0.000604"/>
</kw>
<kw name="Log" owner="BuiltIn">
<msg time="2024-05-19T12:25:32.156456" level="INFO">200</msg>
<arg>${response.status_code}</arg>
<doc>Logs the given message with the given level.</doc>
<status status="PASS" start="2024-05-19T12:25:32.156084" elapsed="0.000416"/>
</kw>
<kw name="Set Variable" owner="BuiltIn">
<msg time="2024-05-19T12:25:32.157267" level="INFO">${json_data} = {'results': [{'gender': 'male', 'name': {'title': 'Mr', 'first': 'Pat', 'last': 'Richards'}, 'location': {'street': {'number': 6030, 'name': 'Park Avenue'}, 'city': 'Aberdeen', 'state': 'County Antrim...</msg>
<var>${json_data}</var>
<arg>${response.json()}</arg>
<doc>Returns the given values which can then be assigned to a variables.</doc>
<status status="PASS" start="2024-05-19T12:25:32.156824" elapsed="0.000473"/>
</kw>
<kw name="Dictionary Should Contain Key" owner="Collections">
<msg time="2024-05-19T12:25:32.157779" level="INFO">False</msg>
<arg>${json_data}</arg>
<arg>results</arg>
<doc>Fails if ``key`` is not found from ``dictionary``.</doc>
<status status="PASS" start="2024-05-19T12:25:32.157604" elapsed="0.000215"/>
</kw>
<status status="PASS" start="2024-05-19T12:25:32.082608" elapsed="0.075475"/>
</kw>
<doc>Testa se a API responde corretamente e retorna um objeto JSON válido.</doc>
<tag>testeRequisicaoBasica</tag>
<status status="PASS" start="2024-05-19T12:25:32.082101" elapsed="0.076173"/>
</test>
<test id="s1-s1-t3" name="Validar estrutura de resposta" line="22">
<kw name="Teste de Estrutura de Resposta" owner="random-user-service">
<kw name="GET On Session" owner="RequestsLibrary">
<msg time="2024-05-19T12:25:32.234747" level="INFO">GET Request : url=https://randomuser.me/api 
 path_url=/api 
 headers={'User-Agent': 'python-requests/2.31.0', 'Accept-Encoding': 'gzip, deflate', 'Accept': '*/*', 'Connection': 'keep-alive'} 
 body=None 
 </msg>
<msg time="2024-05-19T12:25:32.234869" level="INFO">GET Response : url=https://randomuser.me/api 
 status=200, reason=OK 
 headers={'Date': 'Sun, 19 May 2024 12:25:32 GMT', 'Content-Type': 'application/json; charset=utf-8', 'Transfer-Encoding': 'chunked', 'Connection': 'keep-alive', 'X-Powered-By': 'Express', 'Access-Control-Allow-Origin': '*', 'Cache-Control': 'no-cache', 'ETag': 'W/"49b-67HMFgdJxGAfAre9AKxAbMRu6O0"', 'Vary': 'Accept-Encoding', 'Content-Encoding': 'gzip', 'CF-Cache-Status': 'DYNAMIC', 'Report-To': '{"endpoints":[{"url":"https:\\/\\/a.nel.cloudflare.com\\/report\\/v4?s=EA9tgGl8JndfAuhKGqm3v7OqKxZHHg45D%2BP5EWLZUMit6POXX7%2FtU9l9ijq1kTIYOC6%2BcXXLtmBQX6s7E4cpeqX4ugKOzhBZOKgqcshirxXgNJAuS8NwIS7ATsK2GKvQ"}],"group":"cf-nel","max_age":604800}', 'NEL': '{"success_fraction":0,"report_to":"cf-nel","max_age":604800}', 'Server': 'cloudflare', 'CF-RAY': '886411f80db09c5e-IAD', 'alt-svc': 'h3=":443"; ma=86400'} 
 body={"results":[{"gender":"male","name":{"title":"Mr","first":"محمدپارسا","last":"موسوی"},"location":{"street":{"number":8843,"name":"15 خرداد"},"city":"کرمان","state":"سیستان و بلوچستان","country":"Iran","postcode":39761,"coordinates":{"latitude":"21.2059","longitude":"-112.2766"},"timezone":{"offset":"-11:00","description":"Midway Island, Samoa"}},"email":"mhmdprs.mwswy@example.com","login":{"uuid":"da0e0e75-1010-4b38-94aa-f25c9dd6d315","username":"redostrich976","password":"crunch","salt":"fafbQoFg","md5":"cb2d198bd6469d2737d1668209f39ff2","sha1":"9e3aba5f507ee705eabec9163b7e744b8685f4f3","sha256":"ab04eb1258466c8735dafcc3ec154f5e14623db6bd94f68ad4a5b1ad18427300"},"dob":{"date":"1955-01-28T06:30:00.865Z","age":69},"registered":{"date":"2008-07-10T17:19:16.843Z","age":15},"phone":"068-84821300","cell":"0991-664-6946","id":{"name":"","value":null},"picture":{"large":"https://randomuser.me/api/portraits/men/75.jpg","medium":"https://randomuser.me/api/portraits/med/men/75.jpg","thumbnail":"https://randomuser.me/api/portraits/thumb/men/75.jpg"},"nat":"IR"}],"info":{"seed":"1d96dafbdef345d8","results":1,"page":1,"version":"1.4"}} 
 </msg>
<msg time="2024-05-19T12:25:32.235027" level="INFO">/opt/hostedtoolcache/Python/3.12.3/x64/lib/python3.12/site-packages/urllib3/connectionpool.py:1103: InsecureRequestWarning: Unverified HTTPS request is being made to host 'randomuser.me'. Adding certificate verification is strongly advised. See: https://urllib3.readthedocs.io/en/latest/advanced-usage.html#tls-warnings
  warnings.warn(</msg>
<msg time="2024-05-19T12:25:32.235187" level="INFO">${response} = &lt;Response [200]&gt;</msg>
<var>${response}</var>
<arg>consultarAPI</arg>
<arg>/api</arg>
<doc>Sends a GET request on a previously created HTTP Session.</doc>
<status status="PASS" start="2024-05-19T12:25:32.161071" elapsed="0.074168"/>
</kw>
<kw name="Set Variable" owner="BuiltIn">
<msg time="2024-05-19T12:25:32.236686" level="INFO">${json_data} = {'results': [{'gender': 'male', 'name': {'title': 'Mr', 'first': 'محمدپارسا', 'last': 'موسوی'}, 'location': {'street': {'number': 8843, 'name': '15 خرداد'}, 'city': 'کرمان', 'state': 'سیستان و بلوچستا...</msg>
<var>${json_data}</var>
<arg>${response.json()}</arg>
<doc>Returns the given values which can then be assigned to a variables.</doc>
<status status="PASS" start="2024-05-19T12:25:32.236019" elapsed="0.000699"/>
</kw>
<kw name="Log" owner="BuiltIn">
<msg time="2024-05-19T12:25:32.237292" level="INFO">{'results': [{'gender': 'male', 'name': {'title': 'Mr', 'first': 'محمدپارسا', 'last': 'موسوی'}, 'location': {'street': {'number': 8843, 'name': '15 خرداد'}, 'city': 'کرمان', 'state': 'سیستان و بلوچستان', 'country': 'Iran', 'postcode': 39761, 'coordinates': {'latitude': '21.2059', 'longitude': '-112.2766'}, 'timezone': {'offset': '-11:00', 'description': 'Midway Island, Samoa'}}, 'email': 'mhmdprs.mwswy@example.com', 'login': {'uuid': 'da0e0e75-1010-4b38-94aa-f25c9dd6d315', 'username': 'redostrich976', 'password': 'crunch', 'salt': 'fafbQoFg', 'md5': 'cb2d198bd6469d2737d1668209f39ff2', 'sha1': '9e3aba5f507ee705eabec9163b7e744b8685f4f3', 'sha256': 'ab04eb1258466c8735dafcc3ec154f5e14623db6bd94f68ad4a5b1ad18427300'}, 'dob': {'date': '1955-01-28T06:30:00.865Z', 'age': 69}, 'registered': {'date': '2008-07-10T17:19:16.843Z', 'age': 15}, 'phone': '068-84821300', 'cell': '0991-664-6946', 'id': {'name': '', 'value': None}, 'picture': {'large': 'https://randomuser.me/api/portraits/men/75.jpg', 'medium': 'https://randomuser.me/api/portraits/med/men/75.jpg', 'thumbnail': 'https://randomuser.me/api/portraits/thumb/men/75.jpg'}, 'nat': 'IR'}], 'info': {'seed': '1d96dafbdef345d8', 'results': 1, 'page': 1, 'version': '1.4'}}</msg>
<arg>${json_data}</arg>
<doc>Logs the given message with the given level.</doc>
<status status="PASS" start="2024-05-19T12:25:32.237104" elapsed="0.000249"/>
</kw>
<kw name="Dictionary Should Contain Key" owner="Collections">
<msg time="2024-05-19T12:25:32.237892" level="INFO">False</msg>
<arg>${json_data}</arg>
<arg>results</arg>
<doc>Fails if ``key`` is not found from ``dictionary``.</doc>
<status status="PASS" start="2024-05-19T12:25:32.237710" elapsed="0.000221"/>
</kw>
<kw name="Should Not Be Empty" owner="BuiltIn">
<msg time="2024-05-19T12:25:32.238396" level="INFO">Length is 2.</msg>
<arg>${json_data}</arg>
<doc>Verifies that the given item is not empty.</doc>
<status status="PASS" start="2024-05-19T12:25:32.238250" elapsed="0.000368"/>
</kw>
<kw name="Create List" owner="BuiltIn">
<msg time="2024-05-19T12:25:32.239096" level="INFO">${expected_keys} = ['gender', 'name', 'location', 'email', 'login']</msg>
<var>${expected_keys}</var>
<arg>gender</arg>
<arg>name</arg>
<arg>location</arg>
<arg>email</arg>
<arg>login</arg>
<doc>Returns a list containing given items.</doc>
<status status="PASS" start="2024-05-19T12:25:32.238933" elapsed="0.000187"/>
</kw>
<for flavor="IN">
<iter>
<kw name="Dictionary Should Contain Key" owner="Collections">
<msg time="2024-05-19T12:25:32.240200" level="INFO">False</msg>
<arg>${json_data['results'][0]}</arg>
<arg>${key}</arg>
<doc>Fails if ``key`` is not found from ``dictionary``.</doc>
<status status="PASS" start="2024-05-19T12:25:32.239766" elapsed="0.000473"/>
</kw>
<kw name="Log" owner="BuiltIn">
<msg time="2024-05-19T12:25:32.240939" level="INFO">{'gender': 'male', 'name': {'title': 'Mr', 'first': 'محمدپارسا', 'last': 'موسوی'}, 'location': {'street': {'number': 8843, 'name': '15 خرداد'}, 'city': 'کرمان', 'state': 'سیستان و بلوچستان', 'country': 'Iran', 'postcode': 39761, 'coordinates': {'latitude': '21.2059', 'longitude': '-112.2766'}, 'timezone': {'offset': '-11:00', 'description': 'Midway Island, Samoa'}}, 'email': 'mhmdprs.mwswy@example.com', 'login': {'uuid': 'da0e0e75-1010-4b38-94aa-f25c9dd6d315', 'username': 'redostrich976', 'password': 'crunch', 'salt': 'fafbQoFg', 'md5': 'cb2d198bd6469d2737d1668209f39ff2', 'sha1': '9e3aba5f507ee705eabec9163b7e744b8685f4f3', 'sha256': 'ab04eb1258466c8735dafcc3ec154f5e14623db6bd94f68ad4a5b1ad18427300'}, 'dob': {'date': '1955-01-28T06:30:00.865Z', 'age': 69}, 'registered': {'date': '2008-07-10T17:19:16.843Z', 'age': 15}, 'phone': '068-84821300', 'cell': '0991-664-6946', 'id': {'name': '', 'value': None}, 'picture': {'large': 'https://randomuser.me/api/portraits/men/75.jpg', 'medium': 'https://randomuser.me/api/portraits/med/men/75.jpg', 'thumbnail': 'https://randomuser.me/api/portraits/thumb/men/75.jpg'}, 'nat': 'IR'}</msg>
<arg>${json_data['results'][0]}</arg>
<doc>Logs the given message with the given level.</doc>
<status status="PASS" start="2024-05-19T12:25:32.240550" elapsed="0.000442"/>
</kw>
<kw name="Log" owner="BuiltIn">
<msg time="2024-05-19T12:25:32.241429" level="INFO">gender</msg>
<arg>${key}</arg>
<doc>Logs the given message with the given level.</doc>
<status status="PASS" start="2024-05-19T12:25:32.241299" elapsed="0.000168"/>
</kw>
<var name="${key}">gender</var>
<status status="PASS" start="2024-05-19T12:25:32.239629" elapsed="0.002054"/>
</iter>
<iter>
<kw name="Dictionary Should Contain Key" owner="Collections">
<msg time="2024-05-19T12:25:32.242388" level="INFO">False</msg>
<arg>${json_data['results'][0]}</arg>
<arg>${key}</arg>
<doc>Fails if ``key`` is not found from ``dictionary``.</doc>
<status status="PASS" start="2024-05-19T12:25:32.241999" elapsed="0.000428"/>
</kw>
<kw name="Log" owner="BuiltIn">
<msg time="2024-05-19T12:25:32.243138" level="INFO">{'gender': 'male', 'name': {'title': 'Mr', 'first': 'محمدپارسا', 'last': 'موسوی'}, 'location': {'street': {'number': 8843, 'name': '15 خرداد'}, 'city': 'کرمان', 'state': 'سیستان و بلوچستان', 'country': 'Iran', 'postcode': 39761, 'coordinates': {'latitude': '21.2059', 'longitude': '-112.2766'}, 'timezone': {'offset': '-11:00', 'description': 'Midway Island, Samoa'}}, 'email': 'mhmdprs.mwswy@example.com', 'login': {'uuid': 'da0e0e75-1010-4b38-94aa-f25c9dd6d315', 'username': 'redostrich976', 'password': 'crunch', 'salt': 'fafbQoFg', 'md5': 'cb2d198bd6469d2737d1668209f39ff2', 'sha1': '9e3aba5f507ee705eabec9163b7e744b8685f4f3', 'sha256': 'ab04eb1258466c8735dafcc3ec154f5e14623db6bd94f68ad4a5b1ad18427300'}, 'dob': {'date': '1955-01-28T06:30:00.865Z', 'age': 69}, 'registered': {'date': '2008-07-10T17:19:16.843Z', 'age': 15}, 'phone': '068-84821300', 'cell': '0991-664-6946', 'id': {'name': '', 'value': None}, 'picture': {'large': 'https://randomuser.me/api/portraits/men/75.jpg', 'medium': 'https://randomuser.me/api/portraits/med/men/75.jpg', 'thumbnail': 'https://randomuser.me/api/portraits/thumb/men/75.jpg'}, 'nat': 'IR'}</msg>
<arg>${json_data['results'][0]}</arg>
<doc>Logs the given message with the given level.</doc>
<status status="PASS" start="2024-05-19T12:25:32.242759" elapsed="0.000432"/>
</kw>
<kw name="Log" owner="BuiltIn">
<msg time="2024-05-19T12:25:32.243661" level="INFO">name</msg>
<arg>${key}</arg>
<doc>Logs the given message with the given level.</doc>
<status status="PASS" start="2024-05-19T12:25:32.243525" elapsed="0.000174"/>
</kw>
<var name="${key}">name</var>
<status status="PASS" start="2024-05-19T12:25:32.241878" elapsed="0.002041"/>
</iter>
<iter>
<kw name="Dictionary Should Contain Key" owner="Collections">
<msg time="2024-05-19T12:25:32.244607" level="INFO">False</msg>
<arg>${json_data['results'][0]}</arg>
<arg>${key}</arg>
<doc>Fails if ``key`` is not found from ``dictionary``.</doc>
<status status="PASS" start="2024-05-19T12:25:32.244218" elapsed="0.000428"/>
</kw>
<kw name="Log" owner="BuiltIn">
<msg time="2024-05-19T12:25:32.245324" level="INFO">{'gender': 'male', 'name': {'title': 'Mr', 'first': 'محمدپارسا', 'last': 'موسوی'}, 'location': {'street': {'number': 8843, 'name': '15 خرداد'}, 'city': 'کرمان', 'state': 'سیستان و بلوچستان', 'country': 'Iran', 'postcode': 39761, 'coordinates': {'latitude': '21.2059', 'longitude': '-112.2766'}, 'timezone': {'offset': '-11:00', 'description': 'Midway Island, Samoa'}}, 'email': 'mhmdprs.mwswy@example.com', 'login': {'uuid': 'da0e0e75-1010-4b38-94aa-f25c9dd6d315', 'username': 'redostrich976', 'password': 'crunch', 'salt': 'fafbQoFg', 'md5': 'cb2d198bd6469d2737d1668209f39ff2', 'sha1': '9e3aba5f507ee705eabec9163b7e744b8685f4f3', 'sha256': 'ab04eb1258466c8735dafcc3ec154f5e14623db6bd94f68ad4a5b1ad18427300'}, 'dob': {'date': '1955-01-28T06:30:00.865Z', 'age': 69}, 'registered': {'date': '2008-07-10T17:19:16.843Z', 'age': 15}, 'phone': '068-84821300', 'cell': '0991-664-6946', 'id': {'name': '', 'value': None}, 'picture': {'large': 'https://randomuser.me/api/portraits/men/75.jpg', 'medium': 'https://randomuser.me/api/portraits/med/men/75.jpg', 'thumbnail': 'https://randomuser.me/api/portraits/thumb/men/75.jpg'}, 'nat': 'IR'}</msg>
<arg>${json_data['results'][0]}</arg>
<doc>Logs the given message with the given level.</doc>
<status status="PASS" start="2024-05-19T12:25:32.244955" elapsed="0.000421"/>
</kw>
<kw name="Log" owner="BuiltIn">
<msg time="2024-05-19T12:25:32.245797" level="INFO">location</msg>
<arg>${key}</arg>
<doc>Logs the given message with the given level.</doc>
<status status="PASS" start="2024-05-19T12:25:32.245671" elapsed="0.000163"/>
</kw>
<var name="${key}">location</var>
<status status="PASS" start="2024-05-19T12:25:32.244104" elapsed="0.001946"/>
</iter>
<iter>
<kw name="Dictionary Should Contain Key" owner="Collections">
<msg time="2024-05-19T12:25:32.246723" level="INFO">False</msg>
<arg>${json_data['results'][0]}</arg>
<arg>${key}</arg>
<doc>Fails if ``key`` is not found from ``dictionary``.</doc>
<status status="PASS" start="2024-05-19T12:25:32.246338" elapsed="0.000422"/>
</kw>
<kw name="Log" owner="BuiltIn">
<msg time="2024-05-19T12:25:32.247433" level="INFO">{'gender': 'male', 'name': {'title': 'Mr', 'first': 'محمدپارسا', 'last': 'موسوی'}, 'location': {'street': {'number': 8843, 'name': '15 خرداد'}, 'city': 'کرمان', 'state': 'سیستان و بلوچستان', 'country': 'Iran', 'postcode': 39761, 'coordinates': {'latitude': '21.2059', 'longitude': '-112.2766'}, 'timezone': {'offset': '-11:00', 'description': 'Midway Island, Samoa'}}, 'email': 'mhmdprs.mwswy@example.com', 'login': {'uuid': 'da0e0e75-1010-4b38-94aa-f25c9dd6d315', 'username': 'redostrich976', 'password': 'crunch', 'salt': 'fafbQoFg', 'md5': 'cb2d198bd6469d2737d1668209f39ff2', 'sha1': '9e3aba5f507ee705eabec9163b7e744b8685f4f3', 'sha256': 'ab04eb1258466c8735dafcc3ec154f5e14623db6bd94f68ad4a5b1ad18427300'}, 'dob': {'date': '1955-01-28T06:30:00.865Z', 'age': 69}, 'registered': {'date': '2008-07-10T17:19:16.843Z', 'age': 15}, 'phone': '068-84821300', 'cell': '0991-664-6946', 'id': {'name': '', 'value': None}, 'picture': {'large': 'https://randomuser.me/api/portraits/men/75.jpg', 'medium': 'https://randomuser.me/api/portraits/med/men/75.jpg', 'thumbnail': 'https://randomuser.me/api/portraits/thumb/men/75.jpg'}, 'nat': 'IR'}</msg>
<arg>${json_data['results'][0]}</arg>
<doc>Logs the given message with the given level.</doc>
<status status="PASS" start="2024-05-19T12:25:32.247068" elapsed="0.000460"/>
</kw>
<kw name="Log" owner="BuiltIn">
<msg time="2024-05-19T12:25:32.247962" level="INFO">email</msg>
<arg>${key}</arg>
<doc>Logs the given message with the given level.</doc>
<status status="PASS" start="2024-05-19T12:25:32.247835" elapsed="0.000164"/>
</kw>
<var name="${key}">email</var>
<status status="PASS" start="2024-05-19T12:25:32.246226" elapsed="0.001985"/>
</iter>
<iter>
<kw name="Dictionary Should Contain Key" owner="Collections">
<msg time="2024-05-19T12:25:32.248889" level="INFO">False</msg>
<arg>${json_data['results'][0]}</arg>
<arg>${key}</arg>
<doc>Fails if ``key`` is not found from ``dictionary``.</doc>
<status status="PASS" start="2024-05-19T12:25:32.248503" elapsed="0.000425"/>
</kw>
<kw name="Log" owner="BuiltIn">
<msg time="2024-05-19T12:25:32.249593" level="INFO">{'gender': 'male', 'name': {'title': 'Mr', 'first': 'محمدپارسا', 'last': 'موسوی'}, 'location': {'street': {'number': 8843, 'name': '15 خرداد'}, 'city': 'کرمان', 'state': 'سیستان و بلوچستان', 'country': 'Iran', 'postcode': 39761, 'coordinates': {'latitude': '21.2059', 'longitude': '-112.2766'}, 'timezone': {'offset': '-11:00', 'description': 'Midway Island, Samoa'}}, 'email': 'mhmdprs.mwswy@example.com', 'login': {'uuid': 'da0e0e75-1010-4b38-94aa-f25c9dd6d315', 'username': 'redostrich976', 'password': 'crunch', 'salt': 'fafbQoFg', 'md5': 'cb2d198bd6469d2737d1668209f39ff2', 'sha1': '9e3aba5f507ee705eabec9163b7e744b8685f4f3', 'sha256': 'ab04eb1258466c8735dafcc3ec154f5e14623db6bd94f68ad4a5b1ad18427300'}, 'dob': {'date': '1955-01-28T06:30:00.865Z', 'age': 69}, 'registered': {'date': '2008-07-10T17:19:16.843Z', 'age': 15}, 'phone': '068-84821300', 'cell': '0991-664-6946', 'id': {'name': '', 'value': None}, 'picture': {'large': 'https://randomuser.me/api/portraits/men/75.jpg', 'medium': 'https://randomuser.me/api/portraits/med/men/75.jpg', 'thumbnail': 'https://randomuser.me/api/portraits/thumb/men/75.jpg'}, 'nat': 'IR'}</msg>
<arg>${json_data['results'][0]}</arg>
<doc>Logs the given message with the given level.</doc>
<status status="PASS" start="2024-05-19T12:25:32.249223" elapsed="0.000422"/>
</kw>
<kw name="Log" owner="BuiltIn">
<msg time="2024-05-19T12:25:32.250071" level="INFO">login</msg>
<arg>${key}</arg>
<doc>Logs the given message with the given level.</doc>
<status status="PASS" start="2024-05-19T12:25:32.249945" elapsed="0.000163"/>
</kw>
<var name="${key}">login</var>
<status status="PASS" start="2024-05-19T12:25:32.248383" elapsed="0.002022"/>
</iter>
<var>${key}</var>
<value>@{expected_keys}</value>
<status status="PASS" start="2024-05-19T12:25:32.239389" elapsed="0.011147"/>
</for>
<kw name="Create List" owner="BuiltIn">
<msg time="2024-05-19T12:25:32.250888" level="INFO">${expected_keysTwo} = ['username', 'password']</msg>
<var>${expected_keysTwo}</var>
<arg>username</arg>
<arg>password</arg>
<doc>Returns a list containing given items.</doc>
<status status="PASS" start="2024-05-19T12:25:32.250746" elapsed="0.000167"/>
</kw>
<for flavor="IN">
<iter>
<kw name="Dictionary Should Contain Key" owner="Collections">
<msg time="2024-05-19T12:25:32.251837" level="INFO">False</msg>
<arg>${json_data['results'][0]['login']}</arg>
<arg>${keyTwo}</arg>
<doc>Fails if ``key`` is not found from ``dictionary``.</doc>
<status status="PASS" start="2024-05-19T12:25:32.251422" elapsed="0.000452"/>
</kw>
<kw name="Dictionary Should Contain Key" owner="Collections">
<msg time="2024-05-19T12:25:32.252559" level="INFO">False</msg>
<arg>${json_data['results'][0]['login']}</arg>
<arg>${keyTwo}</arg>
<doc>Fails if ``key`` is not found from ``dictionary``.</doc>
<status status="PASS" start="2024-05-19T12:25:32.252176" elapsed="0.000421"/>
</kw>
<kw name="Log" owner="BuiltIn">
<msg time="2024-05-19T12:25:32.253022" level="INFO">username</msg>
<arg>${keyTwo}</arg>
<doc>Logs the given message with the given level.</doc>
<status status="PASS" start="2024-05-19T12:25:32.252895" elapsed="0.000171"/>
</kw>
<var name="${keyTwo}">username</var>
<status status="PASS" start="2024-05-19T12:25:32.251312" elapsed="0.001975"/>
</iter>
<iter>
<kw name="Dictionary Should Contain Key" owner="Collections">
<msg time="2024-05-19T12:25:32.254040" level="INFO">False</msg>
<arg>${json_data['results'][0]['login']}</arg>
<arg>${keyTwo}</arg>
<doc>Fails if ``key`` is not found from ``dictionary``.</doc>
<status status="PASS" start="2024-05-19T12:25:32.253576" elapsed="0.000503"/>
</kw>
<kw name="Dictionary Should Contain Key" owner="Collections">
<msg time="2024-05-19T12:25:32.254799" level="INFO">False</msg>
<arg>${json_data['results'][0]['login']}</arg>
<arg>${keyTwo}</arg>
<doc>Fails if ``key`` is not found from ``dictionary``.</doc>
<status status="PASS" start="2024-05-19T12:25:32.254399" elapsed="0.000438"/>
</kw>
<kw name="Log" owner="BuiltIn">
<msg time="2024-05-19T12:25:32.255281" level="INFO">password</msg>
<arg>${keyTwo}</arg>
<doc>Logs the given message with the given level.</doc>
<status status="PASS" start="2024-05-19T12:25:32.255152" elapsed="0.000169"/>
</kw>
<var name="${keyTwo}">password</var>
<status status="PASS" start="2024-05-19T12:25:32.253459" elapsed="0.002142"/>
</iter>
<var>${keyTwo}</var>
<value>@{expected_keysTwo}</value>
<status status="PASS" start="2024-05-19T12:25:32.251156" elapsed="0.004574"/>
</for>
<status status="PASS" start="2024-05-19T12:25:32.160820" elapsed="0.095060"/>
</kw>
<doc>Testa a estrutura da resposta da API.</doc>
<tag>testeEstruturaResposta</tag>
<status status="PASS" start="2024-05-19T12:25:32.160173" elapsed="0.095873"/>
</test>
<test id="s1-s1-t4" name="Validar tipos de dados" line="28">
<kw name="Teste de Tipos de Dados" owner="random-user-service">
<kw name="GET On Session" owner="RequestsLibrary">
<msg time="2024-05-19T12:25:32.339233" level="INFO">GET Request : url=https://randomuser.me/api 
 path_url=/api 
 headers={'User-Agent': 'python-requests/2.31.0', 'Accept-Encoding': 'gzip, deflate', 'Accept': '*/*', 'Connection': 'keep-alive'} 
 body=None 
 </msg>
<msg time="2024-05-19T12:25:32.339336" level="INFO">GET Response : url=https://randomuser.me/api 
 status=200, reason=OK 
 headers={'Date': 'Sun, 19 May 2024 12:25:32 GMT', 'Content-Type': 'application/json; charset=utf-8', 'Transfer-Encoding': 'chunked', 'Connection': 'keep-alive', 'X-Powered-By': 'Express', 'Access-Control-Allow-Origin': '*', 'Cache-Control': 'no-cache', 'ETag': 'W/"49d-r1EnCWBxQ3xAnJ+TaU0XWTABGd8"', 'Vary': 'Accept-Encoding', 'Content-Encoding': 'gzip', 'CF-Cache-Status': 'DYNAMIC', 'Report-To': '{"endpoints":[{"url":"https:\\/\\/a.nel.cloudflare.com\\/report\\/v4?s=FdqsTSenc%2BnmG9PD8BkwRiDbn9tS4MQXT5iAvJsZ4bMaz3A1lBo9u64w7a4u%2Fn6uIYvm8ZdNa7ANTR7Lt8oBYh4VCZdjgn%2FfZiyCSfb3W%2FMcMSfo1pIdRgKDTYWInDP3"}],"group":"cf-nel","max_age":604800}', 'NEL': '{"success_fraction":0,"report_to":"cf-nel","max_age":604800}', 'Server': 'cloudflare', 'CF-RAY': '886411f89e739c5e-IAD', 'alt-svc': 'h3=":443"; ma=86400'} 
 body={"results":[{"gender":"male","name":{"title":"Mr","first":"Raymond","last":"Fleming"},"location":{"street":{"number":1122,"name":"Sunset St"},"city":"Boston","state":"West Virginia","country":"United States","postcode":66980,"coordinates":{"latitude":"87.2207","longitude":"-58.6782"},"timezone":{"offset":"-4:00","description":"Atlantic Time (Canada), Caracas, La Paz"}},"email":"raymond.fleming@example.com","login":{"uuid":"c441c1fa-c668-4365-83bc-42b6616a752e","username":"sadrabbit353","password":"capslock","salt":"VyAHnywW","md5":"26375afe2b68949bd2867834e957363f","sha1":"792a54111092721cd09be8bb317c7e0fc73850ff","sha256":"a7a140bb537b6627779ca404ac0ba427601d8dea746b88521e24b3a05e21e19d"},"dob":{"date":"1951-10-11T13:54:10.351Z","age":72},"registered":{"date":"2016-06-08T14:41:40.110Z","age":7},"phone":"(504) 743-1997","cell":"(357) 546-4904","id":{"name":"SSN","value":"406-02-4385"},"picture":{"large":"https://randomuser.me/api/portraits/men/40.jpg","medium":"https://randomuser.me/api/portraits/med/men/40.jpg","thumbnail":"https://randomuser.me/api/portraits/thumb/men/40.jpg"},"nat":"US"}],"info":{"seed":"dc0e26afc3eeda7b","results":1,"page":1,"version":"1.4"}} 
 </msg>
<msg time="2024-05-19T12:25:32.339413" level="INFO">/opt/hostedtoolcache/Python/3.12.3/x64/lib/python3.12/site-packages/urllib3/connectionpool.py:1103: InsecureRequestWarning: Unverified HTTPS request is being made to host 'randomuser.me'. Adding certificate verification is strongly advised. See: https://urllib3.readthedocs.io/en/latest/advanced-usage.html#tls-warnings
  warnings.warn(</msg>
<msg time="2024-05-19T12:25:32.339579" level="INFO">${response} = &lt;Response [200]&gt;</msg>
<var>${response}</var>
<arg>consultarAPI</arg>
<arg>/api</arg>
<doc>Sends a GET request on a previously created HTTP Session.</doc>
<status status="PASS" start="2024-05-19T12:25:32.258643" elapsed="0.080982"/>
</kw>
<kw name="Set Variable" owner="BuiltIn">
<msg time="2024-05-19T12:25:32.340887" level="INFO">${json_data} = {'results': [{'gender': 'male', 'name': {'title': 'Mr', 'first': 'Raymond', 'last': 'Fleming'}, 'location': {'street': {'number': 1122, 'name': 'Sunset St'}, 'city': 'Boston', 'state': 'West Virginia'...</msg>
<var>${json_data}</var>
<arg>${response.json()}</arg>
<doc>Returns the given values which can then be assigned to a variables.</doc>
<status status="PASS" start="2024-05-19T12:25:32.340297" elapsed="0.000621"/>
</kw>
<kw name="Log" owner="BuiltIn">
<msg time="2024-05-19T12:25:32.341482" level="INFO">{'results': [{'gender': 'male', 'name': {'title': 'Mr', 'first': 'Raymond', 'last': 'Fleming'}, 'location': {'street': {'number': 1122, 'name': 'Sunset St'}, 'city': 'Boston', 'state': 'West Virginia', 'country': 'United States', 'postcode': 66980, 'coordinates': {'latitude': '87.2207', 'longitude': '-58.6782'}, 'timezone': {'offset': '-4:00', 'description': 'Atlantic Time (Canada), Caracas, La Paz'}}, 'email': 'raymond.fleming@example.com', 'login': {'uuid': 'c441c1fa-c668-4365-83bc-42b6616a752e', 'username': 'sadrabbit353', 'password': 'capslock', 'salt': 'VyAHnywW', 'md5': '26375afe2b68949bd2867834e957363f', 'sha1': '792a54111092721cd09be8bb317c7e0fc73850ff', 'sha256': 'a7a140bb537b6627779ca404ac0ba427601d8dea746b88521e24b3a05e21e19d'}, 'dob': {'date': '1951-10-11T13:54:10.351Z', 'age': 72}, 'registered': {'date': '2016-06-08T14:41:40.110Z', 'age': 7}, 'phone': '(504) 743-1997', 'cell': '(357) 546-4904', 'id': {'name': 'SSN', 'value': '406-02-4385'}, 'picture': {'large': 'https://randomuser.me/api/portraits/men/40.jpg', 'medium': 'https://randomuser.me/api/portraits/med/men/40.jpg', 'thumbnail': 'https://randomuser.me/api/portraits/thumb/men/40.jpg'}, 'nat': 'US'}], 'info': {'seed': 'dc0e26afc3eeda7b', 'results': 1, 'page': 1, 'version': '1.4'}}</msg>
<arg>${json_data}</arg>
<doc>Logs the given message with the given level.</doc>
<status status="PASS" start="2024-05-19T12:25:32.341299" elapsed="0.000271"/>
</kw>
<kw name="Should Be String" owner="String">
<arg>${json_data['results'][0]['gender']}</arg>
<doc>Fails if the given ``item`` is not a string.</doc>
<status status="PASS" start="2024-05-19T12:25:32.341893" elapsed="0.000402"/>
</kw>
<kw name="Should Match Regexp" owner="BuiltIn">
<arg>${json_data['results'][0]['email']}</arg>
<arg>^[a-zA-Z0-9._%+-]+@[a-zA-Z0-9.-]+\.[a-zA-Z]{2,}$</arg>
<doc>Fails if ``string`` does not match ``pattern`` as a regular expression.</doc>
<status status="PASS" start="2024-05-19T12:25:32.342506" elapsed="0.000535"/>
</kw>
<kw name="Should Match Regexp" owner="BuiltIn">
<arg>${json_data['results'][0]['dob']['date']}</arg>
<arg>\\d{4}-\\d{2}-\\d{2}T\\d{2}:\\d{2}:\\d{2}\\.\\d{3}Z</arg>
<doc>Fails if ``string`` does not match ``pattern`` as a regular expression.</doc>
<status status="PASS" start="2024-05-19T12:25:32.343254" elapsed="0.000536"/>
</kw>
<kw name="Should Match Regexp" owner="BuiltIn">
<arg>${json_data['results'][0]['registered']['date']}</arg>
<arg>\\d{4}-\\d{2}-\\d{2}T\\d{2}:\\d{2}:\\d{2}\\.\\d{3}Z</arg>
<doc>Fails if ``string`` does not match ``pattern`` as a regular expression.</doc>
<status status="PASS" start="2024-05-19T12:25:32.343991" elapsed="0.000376"/>
</kw>
<kw name="Should Match Regexp" owner="BuiltIn">
<arg>${json_data['results'][0]['picture']['large']}</arg>
<arg>^https?://.*\.(?:png|jpe?g|gif|bmp)$</arg>
<doc>Fails if ``string`` does not match ``pattern`` as a regular expression.</doc>
<status status="PASS" start="2024-05-19T12:25:32.344566" elapsed="0.000469"/>
</kw>
<kw name="Should Match Regexp" owner="BuiltIn">
<arg>${json_data['results'][0]['picture']['medium']}</arg>
<arg>^https?://.*\.(?:png|jpe?g|gif|bmp)$</arg>
<doc>Fails if ``string`` does not match ``pattern`` as a regular expression.</doc>
<status status="PASS" start="2024-05-19T12:25:32.345230" elapsed="0.000357"/>
</kw>
<kw name="Should Match Regexp" owner="BuiltIn">
<arg>${json_data['results'][0]['picture']['thumbnail']}</arg>
<arg>^https?://.*\.(?:png|jpe?g|gif|bmp)$</arg>
<doc>Fails if ``string`` does not match ``pattern`` as a regular expression.</doc>
<status status="PASS" start="2024-05-19T12:25:32.345781" elapsed="0.000351"/>
</kw>
<kw name="Log" owner="BuiltIn">
<msg time="2024-05-19T12:25:32.346652" level="INFO">{'large': 'https://randomuser.me/api/portraits/men/40.jpg', 'medium': 'https://randomuser.me/api/portraits/med/men/40.jpg', 'thumbnail': 'https://randomuser.me/api/portraits/thumb/men/40.jpg'}</msg>
<arg>${json_data['results'][0]['picture']}</arg>
<doc>Logs the given message with the given level.</doc>
<status status="PASS" start="2024-05-19T12:25:32.346319" elapsed="0.000376"/>
</kw>
<status status="PASS" start="2024-05-19T12:25:32.258406" elapsed="0.088570"/>
</kw>
<kw name="Teste de Tipos de Dados - Postcode" owner="random-user-service">
<kw name="GET On Session" owner="RequestsLibrary">
<msg time="2024-05-19T12:25:32.433149" level="INFO">GET Request : url=https://randomuser.me/api 
 path_url=/api 
 headers={'User-Agent': 'python-requests/2.31.0', 'Accept-Encoding': 'gzip, deflate', 'Accept': '*/*', 'Connection': 'keep-alive'} 
 body=None 
 </msg>
<msg time="2024-05-19T12:25:32.433263" level="INFO">GET Response : url=https://randomuser.me/api 
 status=200, reason=OK 
 headers={'Date': 'Sun, 19 May 2024 12:25:32 GMT', 'Content-Type': 'application/json; charset=utf-8', 'Transfer-Encoding': 'chunked', 'Connection': 'keep-alive', 'X-Powered-By': 'Express', 'Access-Control-Allow-Origin': '*', 'Cache-Control': 'no-cache', 'ETag': 'W/"493-draJaZWSqiBpmLUmvc5poYrTHFk"', 'Vary': 'Accept-Encoding', 'Content-Encoding': 'gzip', 'CF-Cache-Status': 'DYNAMIC', 'Report-To': '{"endpoints":[{"url":"https:\\/\\/a.nel.cloudflare.com\\/report\\/v4?s=8spXtoETOsmX70iNaBW%2BMMx6HtLbXzn%2FphcRRmf06hqYcO%2BE1x2lW3o2tsSL7y52IUzGCtaOHrakXHun12QTaCCaSjChSARi%2FcAXgS7pPJGYA1AOrPa%2BmrWZUsiQz5%2Fg"}],"group":"cf-nel","max_age":604800}', 'NEL': '{"success_fraction":0,"report_to":"cf-nel","max_age":604800}', 'Server': 'cloudflare', 'CF-RAY': '886411f92ef49c5e-IAD', 'alt-svc': 'h3=":443"; ma=86400'} 
 body={"results":[{"gender":"male","name":{"title":"Monsieur","first":"Ludovic","last":"Fontai"},"location":{"street":{"number":2538,"name":"Rue Desaix"},"city":"Bretigny-sur-Morrens","state":"St. Gallen","country":"Switzerland","postcode":8792,"coordinates":{"latitude":"-56.6820","longitude":"-97.6856"},"timezone":{"offset":"-3:30","description":"Newfoundland"}},"email":"ludovic.fontai@example.com","login":{"uuid":"9454b1bd-499a-48e2-9daf-f60fd271e0b8","username":"redzebra958","password":"slipknot","salt":"qIMPF3l2","md5":"82eda04aa4a9e576b10aa8e0a3915c47","sha1":"ec2cb54a45f50cb89296cc45281a3d8130b76a17","sha256":"0f8588fe508afeec9fe5dadcf0d7640a3e65089199b88a39378cd22031008072"},"dob":{"date":"1969-06-03T08:14:16.435Z","age":54},"registered":{"date":"2003-01-20T10:18:02.480Z","age":21},"phone":"075 419 07 56","cell":"077 514 42 06","id":{"name":"AVS","value":"756.7205.4585.40"},"picture":{"large":"https://randomuser.me/api/portraits/men/99.jpg","medium":"https://randomuser.me/api/portraits/med/men/99.jpg","thumbnail":"https://randomuser.me/api/portraits/thumb/men/99.jpg"},"nat":"CH"}],"info":{"seed":"46472217c4789f64","results":1,"page":1,"version":"1.4"}} 
 </msg>
<msg time="2024-05-19T12:25:32.433349" level="INFO">/opt/hostedtoolcache/Python/3.12.3/x64/lib/python3.12/site-packages/urllib3/connectionpool.py:1103: InsecureRequestWarning: Unverified HTTPS request is being made to host 'randomuser.me'. Adding certificate verification is strongly advised. See: https://urllib3.readthedocs.io/en/latest/advanced-usage.html#tls-warnings
  warnings.warn(</msg>
<msg time="2024-05-19T12:25:32.433480" level="INFO">${response} = &lt;Response [200]&gt;</msg>
<var>${response}</var>
<arg>consultarAPI</arg>
<arg>/api</arg>
<doc>Sends a GET request on a previously created HTTP Session.</doc>
<status status="PASS" start="2024-05-19T12:25:32.347510" elapsed="0.086015"/>
</kw>
<kw name="Set Variable" owner="BuiltIn">
<msg time="2024-05-19T12:25:32.434821" level="INFO">${json_data} = {'results': [{'gender': 'male', 'name': {'title': 'Monsieur', 'first': 'Ludovic', 'last': 'Fontai'}, 'location': {'street': {'number': 2538, 'name': 'Rue Desaix'}, 'city': 'Bretigny-sur-Morrens', 'sta...</msg>
<var>${json_data}</var>
<arg>${response.json()}</arg>
<doc>Returns the given values which can then be assigned to a variables.</doc>
<status status="PASS" start="2024-05-19T12:25:32.434204" elapsed="0.000647"/>
</kw>
<kw name="Log" owner="BuiltIn">
<msg time="2024-05-19T12:25:32.435377" level="INFO">{'results': [{'gender': 'male', 'name': {'title': 'Monsieur', 'first': 'Ludovic', 'last': 'Fontai'}, 'location': {'street': {'number': 2538, 'name': 'Rue Desaix'}, 'city': 'Bretigny-sur-Morrens', 'state': 'St. Gallen', 'country': 'Switzerland', 'postcode': 8792, 'coordinates': {'latitude': '-56.6820', 'longitude': '-97.6856'}, 'timezone': {'offset': '-3:30', 'description': 'Newfoundland'}}, 'email': 'ludovic.fontai@example.com', 'login': {'uuid': '9454b1bd-499a-48e2-9daf-f60fd271e0b8', 'username': 'redzebra958', 'password': 'slipknot', 'salt': 'qIMPF3l2', 'md5': '82eda04aa4a9e576b10aa8e0a3915c47', 'sha1': 'ec2cb54a45f50cb89296cc45281a3d8130b76a17', 'sha256': '0f8588fe508afeec9fe5dadcf0d7640a3e65089199b88a39378cd22031008072'}, 'dob': {'date': '1969-06-03T08:14:16.435Z', 'age': 54}, 'registered': {'date': '2003-01-20T10:18:02.480Z', 'age': 21}, 'phone': '075 419 07 56', 'cell': '077 514 42 06', 'id': {'name': 'AVS', 'value': '756.7205.4585.40'}, 'picture': {'large': 'https://randomuser.me/api/portraits/men/99.jpg', 'medium': 'https://randomuser.me/api/portraits/med/men/99.jpg', 'thumbnail': 'https://randomuser.me/api/portraits/thumb/men/99.jpg'}, 'nat': 'CH'}], 'info': {'seed': '46472217c4789f64', 'results': 1, 'page': 1, 'version': '1.4'}}</msg>
<arg>${json_data}</arg>
<doc>Logs the given message with the given level.</doc>
<status status="PASS" start="2024-05-19T12:25:32.435208" elapsed="0.000255"/>
</kw>
<kw name="Should Be Equal As Numbers" owner="BuiltIn">
<arg>${json_data['results'][0]['location']['postcode']}</arg>
<arg>${json_data['results'][0]['location']['postcode']}</arg>
<doc>Fails if objects are unequal after converting them to real numbers.</doc>
<status status="PASS" start="2024-05-19T12:25:32.436040" elapsed="0.000652"/>
</kw>
<kw name="Log" owner="BuiltIn">
<msg time="2024-05-19T12:25:32.437235" level="INFO">8792</msg>
<arg>${json_data['results'][0]['location']['postcode']}</arg>
<doc>Logs the given message with the given level.</doc>
<status status="PASS" start="2024-05-19T12:25:32.436893" elapsed="0.000383"/>
</kw>
<status status="PASS" start="2024-05-19T12:25:32.347237" elapsed="0.090305"/>
</kw>
<doc>Testa se os tipos de dados na resposta da API estão corretos.</doc>
<tag>testeTiposDados</tag>
<status status="PASS" start="2024-05-19T12:25:32.257836" elapsed="0.179882"/>
</test>
<test id="s1-s1-t5" name="Validar conteudo" line="35">
<kw name="Teste de Tipos de Conteudo" owner="random-user-service">
<kw name="GET On Session" owner="RequestsLibrary">
<msg time="2024-05-19T12:25:32.538917" level="INFO">GET Request : url=https://randomuser.me/api 
 path_url=/api 
 headers={'User-Agent': 'python-requests/2.31.0', 'Accept-Encoding': 'gzip, deflate', 'Accept': '*/*', 'Connection': 'keep-alive'} 
 body=None 
 </msg>
<msg time="2024-05-19T12:25:32.539028" level="INFO">GET Response : url=https://randomuser.me/api 
 status=200, reason=OK 
 headers={'Date': 'Sun, 19 May 2024 12:25:32 GMT', 'Content-Type': 'application/json; charset=utf-8', 'Transfer-Encoding': 'chunked', 'Connection': 'keep-alive', 'X-Powered-By': 'Express', 'Access-Control-Allow-Origin': '*', 'Cache-Control': 'no-cache', 'ETag': 'W/"47d-9zH+Oi/BI8bXlKjPyI2utoCYQqg"', 'Vary': 'Accept-Encoding', 'Content-Encoding': 'gzip', 'CF-Cache-Status': 'DYNAMIC', 'Report-To': '{"endpoints":[{"url":"https:\\/\\/a.nel.cloudflare.com\\/report\\/v4?s=ngVuU4YWn6Hj2fFDRc3Al08isaGlY0VciendoVQl1g9CK6XSg76STa4DOCbjU5J2JQ6oeNvCwTm1zor0H638sebnsdZHU3vmMxuCP9eaS%2Bkb3pXec%2F33GuYJ2lnBR%2FkQ"}],"group":"cf-nel","max_age":604800}', 'NEL': '{"success_fraction":0,"report_to":"cf-nel","max_age":604800}', 'Server': 'cloudflare', 'CF-RAY': '886411f9cf7b9c5e-IAD', 'alt-svc': 'h3=":443"; ma=86400'} 
 body={"results":[{"gender":"male","name":{"title":"Mr","first":"Sebastian","last":"Rasmussen"},"location":{"street":{"number":6945,"name":"Arendalsvej"},"city":"Bælum","state":"Nordjylland","country":"Denmark","postcode":51978,"coordinates":{"latitude":"-46.1444","longitude":"-148.3167"},"timezone":{"offset":"-2:00","description":"Mid-Atlantic"}},"email":"sebastian.rasmussen@example.com","login":{"uuid":"cd6b0297-2dc0-4ffc-8ff7-fdc34317a06e","username":"yellowladybug981","password":"wrestle","salt":"jYWa09WI","md5":"1b5ff863e89b3616fecbfb060f330793","sha1":"9e6798e8d13b75296c3611ad81f1a61aaff706df","sha256":"ae7afa1b645f443edeaca573486cb549046f89601c157680db7931f1dee4cb59"},"dob":{"date":"1992-08-16T16:10:01.962Z","age":31},"registered":{"date":"2018-06-10T18:39:26.452Z","age":5},"phone":"32046038","cell":"11744432","id":{"name":"CPR","value":"160892-3081"},"picture":{"large":"https://randomuser.me/api/portraits/men/20.jpg","medium":"https://randomuser.me/api/portraits/med/men/20.jpg","thumbnail":"https://randomuser.me/api/portraits/thumb/men/20.jpg"},"nat":"DK"}],"info":{"seed":"85852ff6ea748908","results":1,"page":1,"version":"1.4"}} 
 </msg>
<msg time="2024-05-19T12:25:32.539115" level="INFO">/opt/hostedtoolcache/Python/3.12.3/x64/lib/python3.12/site-packages/urllib3/connectionpool.py:1103: InsecureRequestWarning: Unverified HTTPS request is being made to host 'randomuser.me'. Adding certificate verification is strongly advised. See: https://urllib3.readthedocs.io/en/latest/advanced-usage.html#tls-warnings
  warnings.warn(</msg>
<msg time="2024-05-19T12:25:32.539269" level="INFO">${response} = &lt;Response [200]&gt;</msg>
<var>${response}</var>
<arg>consultarAPI</arg>
<arg>/api</arg>
<doc>Sends a GET request on a previously created HTTP Session.</doc>
<status status="PASS" start="2024-05-19T12:25:32.440261" elapsed="0.099055"/>
</kw>
<kw name="Set Variable" owner="BuiltIn">
<msg time="2024-05-19T12:25:32.540593" level="INFO">${json_data} = {'results': [{'gender': 'male', 'name': {'title': 'Mr', 'first': 'Sebastian', 'last': 'Rasmussen'}, 'location': {'street': {'number': 6945, 'name': 'Arendalsvej'}, 'city': 'Bælum', 'state': 'Nordjylla...</msg>
<var>${json_data}</var>
<arg>${response.json()}</arg>
<doc>Returns the given values which can then be assigned to a variables.</doc>
<status status="PASS" start="2024-05-19T12:25:32.540017" elapsed="0.000606"/>
</kw>
<kw name="Set Variable" owner="BuiltIn">
<msg time="2024-05-19T12:25:32.541321" level="INFO">${name_title} = Mr</msg>
<var>${name_title}</var>
<arg>${json_data["results"][0]["name"]["title"]}</arg>
<doc>Returns the given values which can then be assigned to a variables.</doc>
<status status="PASS" start="2024-05-19T12:25:32.540937" elapsed="0.000410"/>
</kw>
<kw name="Create List" owner="BuiltIn">
<msg time="2024-05-19T12:25:32.541792" level="INFO">${allowed_titles} = ['Mr', 'Ms', 'Miss', 'Mrs', 'Madame', 'Monsieur']</msg>
<var>${allowed_titles}</var>
<arg>Mr</arg>
<arg>Ms</arg>
<arg>Miss</arg>
<arg>Mrs</arg>
<arg>Madame</arg>
<arg>Monsieur</arg>
<doc>Returns a list containing given items.</doc>
<status status="PASS" start="2024-05-19T12:25:32.541647" elapsed="0.000169"/>
</kw>
<kw name="List Should Contain Value" owner="Collections">
<msg time="2024-05-19T12:25:32.542291" level="INFO">False</msg>
<arg>${allowed_titles}</arg>
<arg>${name_title}</arg>
<doc>Fails if the ``value`` is not found from ``list``.</doc>
<status status="PASS" start="2024-05-19T12:25:32.542114" elapsed="0.000213"/>
</kw>
<kw name="Set Variable" owner="BuiltIn">
<msg time="2024-05-19T12:25:32.543000" level="INFO">${name_country} = DK</msg>
<var>${name_country}</var>
<arg>${json_data["results"][0]["nat"]}</arg>
<doc>Returns the given values which can then be assigned to a variables.</doc>
<status status="PASS" start="2024-05-19T12:25:32.542620" elapsed="0.000406"/>
</kw>
<kw name="Create List" owner="BuiltIn">
<msg time="2024-05-19T12:25:32.543971" level="INFO">${list_country} = ['AD', 'AE', 'AF', 'AG', 'AI', 'AL', 'AM', 'AO', 'AQ', 'AR', 'AS', 'AT', 'AU', 'AW', 'AX', 'AZ', 'BA', 'BB', 'BD', 'BE', 'BF', 'BG', 'BH', 'BI', 'BJ', 'BL', 'BM', 'BN', 'BO', 'BQ', 'BR', 'BS', 'BT', '...</msg>
<var>${list_country}</var>
<arg>AD</arg>
<arg>AE</arg>
<arg>AF</arg>
<arg>AG</arg>
<arg>AI</arg>
<arg>AL</arg>
<arg>AM</arg>
<arg>AO</arg>
<arg>AQ</arg>
<arg>AR</arg>
<arg>AS</arg>
<arg>AT</arg>
<arg>AU</arg>
<arg>AW</arg>
<arg>AX</arg>
<arg>AZ</arg>
<arg>BA</arg>
<arg>BB</arg>
<arg>BD</arg>
<arg>BE</arg>
<arg>BF</arg>
<arg>BG</arg>
<arg>BH</arg>
<arg>BI</arg>
<arg>BJ</arg>
<arg>BL</arg>
<arg>BM</arg>
<arg>BN</arg>
<arg>BO</arg>
<arg>BQ</arg>
<arg>BR</arg>
<arg>BS</arg>
<arg>BT</arg>
<arg>BV</arg>
<arg>BW</arg>
<arg>BY</arg>
<arg>BZ</arg>
<arg>CA</arg>
<arg>CC</arg>
<arg>CD</arg>
<arg>CF</arg>
<arg>CG</arg>
<arg>CH</arg>
<arg>CI</arg>
<arg>CK</arg>
<arg>CL</arg>
<arg>CM</arg>
<arg>CN</arg>
<arg>CO</arg>
<arg>CR</arg>
<arg>CU</arg>
<arg>CV</arg>
<arg>CW</arg>
<arg>CX</arg>
<arg>CY</arg>
<arg>CZ</arg>
<arg>DE</arg>
<arg>DJ</arg>
<arg>DK</arg>
<arg>DM</arg>
<arg>DO</arg>
<arg>DZ</arg>
<arg>EC</arg>
<arg>EE</arg>
<arg>EG</arg>
<arg>EH</arg>
<arg>ER</arg>
<arg>ES</arg>
<arg>ET</arg>
<arg>FI</arg>
<arg>FJ</arg>
<arg>FK</arg>
<arg>FM</arg>
<arg>FO</arg>
<arg>FR</arg>
<arg>GA</arg>
<arg>GB</arg>
<arg>GD</arg>
<arg>GE</arg>
<arg>GF</arg>
<arg>GG</arg>
<arg>GH</arg>
<arg>GI</arg>
<arg>GL</arg>
<arg>GM</arg>
<arg>GN</arg>
<arg>GP</arg>
<arg>GQ</arg>
<arg>GR</arg>
<arg>GS</arg>
<arg>GT</arg>
<arg>GU</arg>
<arg>GW</arg>
<arg>GY</arg>
<arg>HK</arg>
<arg>HM</arg>
<arg>HN</arg>
<arg>HR</arg>
<arg>HT</arg>
<arg>HU</arg>
<arg>ID</arg>
<arg>IE</arg>
<arg>IL</arg>
<arg>IM</arg>
<arg>IN</arg>
<arg>IO</arg>
<arg>IQ</arg>
<arg>IR</arg>
<arg>IS</arg>
<arg>IT</arg>
<arg>JE</arg>
<arg>JM</arg>
<arg>JO</arg>
<arg>JP</arg>
<arg>KE</arg>
<arg>KG</arg>
<arg>KH</arg>
<arg>KI</arg>
<arg>KM</arg>
<arg>KN</arg>
<arg>KP</arg>
<arg>KR</arg>
<arg>KW</arg>
<arg>KY</arg>
<arg>KZ</arg>
<arg>LA</arg>
<arg>LB</arg>
<arg>LC</arg>
<arg>LI</arg>
<arg>LK</arg>
<arg>LR</arg>
<arg>LS</arg>
<arg>LT</arg>
<arg>LU</arg>
<arg>LV</arg>
<arg>LY</arg>
<arg>MA</arg>
<arg>MC</arg>
<arg>MD</arg>
<arg>ME</arg>
<arg>MF</arg>
<arg>MG</arg>
<arg>MH</arg>
<arg>MK</arg>
<arg>ML</arg>
<arg>MM</arg>
<arg>MN</arg>
<arg>MO</arg>
<arg>MP</arg>
<arg>MQ</arg>
<arg>MR</arg>
<arg>MS</arg>
<arg>MT</arg>
<arg>MU</arg>
<arg>MV</arg>
<arg>MW</arg>
<arg>MX</arg>
<arg>MY</arg>
<arg>MZ</arg>
<arg>NA</arg>
<arg>NC</arg>
<arg>NE</arg>
<arg>NF</arg>
<arg>NG</arg>
<arg>NI</arg>
<arg>NL</arg>
<arg>NO</arg>
<arg>NP</arg>
<arg>NR</arg>
<arg>NU</arg>
<arg>NZ</arg>
<arg>OM</arg>
<arg>PA</arg>
<arg>PE</arg>
<arg>PF</arg>
<arg>PG</arg>
<arg>PH</arg>
<arg>PK</arg>
<arg>PL</arg>
<arg>PM</arg>
<arg>PN</arg>
<arg>PR</arg>
<arg>PS</arg>
<arg>PT</arg>
<arg>PW</arg>
<arg>PY</arg>
<arg>QA</arg>
<arg>RE</arg>
<arg>RO</arg>
<arg>RS</arg>
<arg>RU</arg>
<arg>RW</arg>
<arg>SA</arg>
<arg>SB</arg>
<arg>SC</arg>
<arg>SD</arg>
<arg>SE</arg>
<arg>SG</arg>
<arg>SH</arg>
<arg>SI</arg>
<arg>SJ</arg>
<arg>SK</arg>
<arg>SL</arg>
<arg>SM</arg>
<arg>SN</arg>
<arg>SO</arg>
<arg>SR</arg>
<arg>SS</arg>
<arg>ST</arg>
<arg>SV</arg>
<arg>SX</arg>
<arg>SY</arg>
<arg>SZ</arg>
<arg>TC</arg>
<arg>TD</arg>
<arg>TF</arg>
<arg>TG</arg>
<arg>TH</arg>
<arg>TJ</arg>
<arg>TK</arg>
<arg>TL</arg>
<arg>TM</arg>
<arg>TN</arg>
<arg>TO</arg>
<arg>TR</arg>
<arg>TT</arg>
<arg>TV</arg>
<arg>TW</arg>
<arg>TZ</arg>
<arg>UA</arg>
<arg>UG</arg>
<arg>UM</arg>
<arg>US</arg>
<arg>UY</arg>
<arg>UZ</arg>
<arg>VA</arg>
<arg>VC</arg>
<arg>VE</arg>
<arg>VG</arg>
<arg>VI</arg>
<arg>VN</arg>
<arg>VU</arg>
<arg>WF</arg>
<arg>WS</arg>
<arg>XK</arg>
<arg>YE</arg>
<arg>YT</arg>
<arg>ZA</arg>
<arg>ZM</arg>
<arg>ZW</arg>
<doc>Returns a list containing given items.</doc>
<status status="PASS" start="2024-05-19T12:25:32.543325" elapsed="0.000673"/>
</kw>
<kw name="List Should Contain Value" owner="Collections">
<msg time="2024-05-19T12:25:32.544990" level="INFO">False</msg>
<arg>${list_country}</arg>
<arg>${name_country}</arg>
<doc>Fails if the ``value`` is not found from ``list``.</doc>
<status status="PASS" start="2024-05-19T12:25:32.544789" elapsed="0.000237"/>
</kw>
<kw name="Run Keyword If" owner="BuiltIn">
<kw name="Should Be True" owner="BuiltIn">
<arg>${True}</arg>
<doc>Fails if the given condition is not true.</doc>
<status status="PASS" start="2024-05-19T12:25:32.546101" elapsed="0.000260"/>
</kw>
<arg>${json_data["results"][0]["location"]["coordinates"]["latitude"]} &gt;= -90 and ${json_data["results"][0]["location"]["coordinates"]["latitude"]} &lt;= 90</arg>
<arg>Should Be True</arg>
<arg>${True}</arg>
<doc>Runs the given keyword with the given arguments, if ``condition`` is true.</doc>
<status status="PASS" start="2024-05-19T12:25:32.545338" elapsed="0.001157"/>
</kw>
<kw name="Run Keyword If" owner="BuiltIn">
<kw name="Should Be True" owner="BuiltIn">
<arg>${True}</arg>
<doc>Fails if the given condition is not true.</doc>
<status status="PASS" start="2024-05-19T12:25:32.547379" elapsed="0.000171"/>
</kw>
<arg>${json_data["results"][0]["location"]["coordinates"]["longitude"]} &gt;= -180 and ${json_data["results"][0]["location"]["coordinates"]["longitude"]} &lt;= 180</arg>
<arg>Should Be True</arg>
<arg>${True}</arg>
<doc>Runs the given keyword with the given arguments, if ``condition`` is true.</doc>
<status status="PASS" start="2024-05-19T12:25:32.546683" elapsed="0.000998"/>
</kw>
<status status="PASS" start="2024-05-19T12:25:32.440028" elapsed="0.107788"/>
</kw>
<doc>Testa o conteúdo específico dos campos retornados pela API.</doc>
<tag>testeConteudo</tag>
<status status="PASS" start="2024-05-19T12:25:32.439462" elapsed="0.108507"/>
</test>
<status status="PASS" start="2024-05-19T12:25:31.766870" elapsed="0.783068"/>
</suite>
<status status="PASS" start="2024-05-19T12:25:31.753002" elapsed="0.802113"/>
</suite>
<statistics>
<total>
<stat pass="5" fail="0" skip="0">All Tests</stat>
</total>
<tag>
<stat pass="1" fail="0" skip="0">testeConteudo</stat>
<stat pass="1" fail="0" skip="0">testeEstruturaResposta</stat>
<stat pass="1" fail="0" skip="0">testeRequisicaoBasica</stat>
<stat pass="1" fail="0" skip="0">testeTiposDados</stat>
</tag>
<suite>
<stat pass="5" fail="0" skip="0" id="s1" name="Tests">Tests</stat>
<stat pass="5" fail="0" skip="0" id="s1-s1" name="Random-User-Test">Tests.Random-User-Test</stat>
</suite>
</statistics>
<errors>
</errors>
</robot>
