<?xml version="1.0" encoding="UTF-8"?>
<robot generator="Robot 7.0.1 (Python 3.12.4 on linux)" generated="2024-06-20T03:16:19.603246" rpa="false" schemaversion="5">
<suite id="s1" name="Tests" source="/home/runner/work/ApiRandomUser/ApiRandomUser/RamdonUser/tests">
<suite id="s1-s1" name="Random-User-Test" source="/home/runner/work/ApiRandomUser/ApiRandomUser/RamdonUser/tests/random-user-test.robot">
<test id="s1-s1-t1" name="Conectar" line="13">
<kw name="Conectar API" owner="random-user-service">
<kw name="Create Session" owner="RequestsLibrary">
<msg time="2024-06-20T03:16:20.000700" level="INFO">Creating Session using : alias=consultarAPI, url=https://randomuser.me/, headers={},                     cookies={}, auth=None, timeout=None, proxies=None, verify=False,                     debug=0 </msg>
<arg>consultarAPI</arg>
<arg>${URL}</arg>
<doc>Create Session: create a HTTP session to a server</doc>
<status status="PASS" start="2024-06-20T03:16:20.000496" elapsed="0.000374"/>
</kw>
<status status="PASS" start="2024-06-20T03:16:19.999529" elapsed="0.001703"/>
</kw>
<status status="PASS" start="2024-06-20T03:16:19.998969" elapsed="0.002456"/>
</test>
<test id="s1-s1-t2" name="Validar retorno 200 e JSON Válido" line="16">
<kw name="Teste de Requisicao Basica" owner="random-user-service">
<kw name="GET On Session" owner="RequestsLibrary">
<msg time="2024-06-20T03:16:20.098264" level="INFO">GET Request : url=https://randomuser.me/api 
 path_url=/api 
 headers={'User-Agent': 'python-requests/2.32.3', 'Accept-Encoding': 'gzip, deflate', 'Accept': '*/*', 'Connection': 'keep-alive'} 
 body=None 
 </msg>
<msg time="2024-06-20T03:16:20.098434" level="INFO">GET Response : url=https://randomuser.me/api 
 status=200, reason=OK 
 headers={'Date': 'Thu, 20 Jun 2024 03:16:20 GMT', 'Content-Type': 'application/json; charset=utf-8', 'Transfer-Encoding': 'chunked', 'Connection': 'keep-alive', 'X-Powered-By': 'Express', 'Access-Control-Allow-Origin': '*', 'Cache-Control': 'no-cache', 'ETag': 'W/"474-r/8lbPZAz+fKV0iGa1KHHuXfflY"', 'Vary': 'Accept-Encoding', 'Content-Encoding': 'gzip', 'CF-Cache-Status': 'DYNAMIC', 'Report-To': '{"endpoints":[{"url":"https:\\/\\/a.nel.cloudflare.com\\/report\\/v4?s=FqxyhnDAP4ytcvNQZeXVsoPHlyk%2BD929lMhh%2FrMMv8kmAbPrx55zxcEeBYa5X1w7RApLxLWb4QuSKsdw%2BdxsgFZFijjhkT47od8O61ksU%2Ba5yjpY1izIoiCeTVnIG%2FGA"}],"group":"cf-nel","max_age":604800}', 'NEL': '{"success_fraction":0,"report_to":"cf-nel","max_age":604800}', 'Server': 'cloudflare', 'CF-RAY': '896899795d403ae4-IAD', 'alt-svc': 'h3=":443"; ma=86400'} 
 body={"results":[{"gender":"male","name":{"title":"Mr","first":"Eino","last":"Niva"},"location":{"street":{"number":4084,"name":"Hämeenkatu"},"city":"Rautjärvi","state":"Tavastia Proper","country":"Finland","postcode":97500,"coordinates":{"latitude":"-24.2411","longitude":"-88.1749"},"timezone":{"offset":"-9:00","description":"Alaska"}},"email":"eino.niva@example.com","login":{"uuid":"4a263bef-8736-4a5d-b06e-8a60d98793ab","username":"happytiger600","password":"13131313","salt":"FEpyQw2T","md5":"8c2ca0694ac5d8b6bac4827461cf4bd2","sha1":"2989ef893aa1313e42f6d229998e0957a8308cfe","sha256":"b463780f6b3a0cfe23f7288a91c53680d9f1430b2843583c2363ffe98a59f2fb"},"dob":{"date":"1981-01-30T01:19:24.616Z","age":43},"registered":{"date":"2010-04-02T02:02:03.566Z","age":14},"phone":"08-554-516","cell":"047-487-66-81","id":{"name":"HETU","value":"NaNNA183undefined"},"picture":{"large":"https://randomuser.me/api/portraits/men/2.jpg","medium":"https://randomuser.me/api/portraits/med/men/2.jpg","thumbnail":"https://randomuser.me/api/portraits/thumb/men/2.jpg"},"nat":"FI"}],"info":{"seed":"765e0e28487d44f6","results":1,"page":1,"version":"1.4"}} 
 </msg>
<msg time="2024-06-20T03:16:20.098529" level="INFO">/opt/hostedtoolcache/Python/3.12.4/x64/lib/python3.12/site-packages/urllib3/connectionpool.py:1099: InsecureRequestWarning: Unverified HTTPS request is being made to host 'randomuser.me'. Adding certificate verification is strongly advised. See: https://urllib3.readthedocs.io/en/latest/advanced-usage.html#tls-warnings
  warnings.warn(</msg>
<msg time="2024-06-20T03:16:20.098708" level="INFO">${response} = &lt;Response [200]&gt;</msg>
<var>${response}</var>
<arg>consultarAPI</arg>
<arg>/api</arg>
<doc>Sends a GET request on a previously created HTTP Session.</doc>
<status status="PASS" start="2024-06-20T03:16:20.004010" elapsed="0.094752"/>
</kw>
<kw name="Should Be Equal As Numbers" owner="BuiltIn">
<msg time="2024-06-20T03:16:20.099803" level="INFO">Argument types are:
&lt;class 'int'&gt;
&lt;class 'str'&gt;</msg>
<arg>${response.status_code}</arg>
<arg>200</arg>
<doc>Fails if objects are unequal after converting them to real numbers.</doc>
<status status="PASS" start="2024-06-20T03:16:20.099299" elapsed="0.000571"/>
</kw>
<kw name="Log" owner="BuiltIn">
<msg time="2024-06-20T03:16:20.100529" level="INFO">200</msg>
<arg>${response.status_code}</arg>
<doc>Logs the given message with the given level.</doc>
<status status="PASS" start="2024-06-20T03:16:20.100186" elapsed="0.000384"/>
</kw>
<kw name="Set Variable" owner="BuiltIn">
<msg time="2024-06-20T03:16:20.101298" level="INFO">${json_data} = {'results': [{'gender': 'male', 'name': {'title': 'Mr', 'first': 'Eino', 'last': 'Niva'}, 'location': {'street': {'number': 4084, 'name': 'Hämeenkatu'}, 'city': 'Rautjärvi', 'state': 'Tavastia Proper'...</msg>
<var>${json_data}</var>
<arg>${response.json()}</arg>
<doc>Returns the given values which can then be assigned to a variables.</doc>
<status status="PASS" start="2024-06-20T03:16:20.100869" elapsed="0.000458"/>
</kw>
<kw name="Dictionary Should Contain Key" owner="Collections">
<arg>${json_data}</arg>
<arg>results</arg>
<doc>Fails if ``key`` is not found from ``dictionary``.</doc>
<status status="PASS" start="2024-06-20T03:16:20.101622" elapsed="0.000164"/>
</kw>
<status status="PASS" start="2024-06-20T03:16:20.003771" elapsed="0.098159"/>
</kw>
<doc>Testa se a API responde corretamente e retorna um objeto JSON válido.</doc>
<tag>testeRequisicaoBasica</tag>
<status status="PASS" start="2024-06-20T03:16:20.003326" elapsed="0.098766"/>
</test>
<test id="s1-s1-t3" name="Validar estrutura de resposta" line="22">
<kw name="Teste de Estrutura de Resposta" owner="random-user-service">
<kw name="GET On Session" owner="RequestsLibrary">
<msg time="2024-06-20T03:16:20.196570" level="INFO">GET Request : url=https://randomuser.me/api 
 path_url=/api 
 headers={'User-Agent': 'python-requests/2.32.3', 'Accept-Encoding': 'gzip, deflate', 'Accept': '*/*', 'Connection': 'keep-alive'} 
 body=None 
 </msg>
<msg time="2024-06-20T03:16:20.196703" level="INFO">GET Response : url=https://randomuser.me/api 
 status=200, reason=OK 
 headers={'Date': 'Thu, 20 Jun 2024 03:16:20 GMT', 'Content-Type': 'application/json; charset=utf-8', 'Transfer-Encoding': 'chunked', 'Connection': 'keep-alive', 'X-Powered-By': 'Express', 'Access-Control-Allow-Origin': '*', 'Cache-Control': 'no-cache', 'ETag': 'W/"4a6-+mY96AGJqaKFgElJa5tdTjtBbcE"', 'Vary': 'Accept-Encoding', 'Content-Encoding': 'gzip', 'CF-Cache-Status': 'DYNAMIC', 'Report-To': '{"endpoints":[{"url":"https:\\/\\/a.nel.cloudflare.com\\/report\\/v4?s=4rfbZ6G%2BY10f76YRBUfmUwgJODq%2BtJZtpi81pDUs93AG0Tw5%2FuB%2BgGvfrxhLoRq%2B4VKp2ivPrdwciSnGOJgKOOAPteiQxeaEweXSMUg8gxnO6pe7nsJvRokLpwGr99FY"}],"group":"cf-nel","max_age":604800}', 'NEL': '{"success_fraction":0,"report_to":"cf-nel","max_age":604800}', 'Server': 'cloudflare', 'CF-RAY': '89689979adb53ae4-IAD', 'alt-svc': 'h3=":443"; ma=86400'} 
 body={"results":[{"gender":"male","name":{"title":"Mr","first":"Movchan","last":"Stadnichenko"},"location":{"street":{"number":7767,"name":"Cherepanovskiy provulok"},"city":"Kostyantinivka","state":"Zakarpatska","country":"Ukraine","postcode":61168,"coordinates":{"latitude":"73.9714","longitude":"-90.8267"},"timezone":{"offset":"+11:00","description":"Magadan, Solomon Islands, New Caledonia"}},"email":"movchan.stadnichenko@example.com","login":{"uuid":"9cfcf749-ee93-4c97-ad03-cb110401c332","username":"angryduck802","password":"simone","salt":"56JlWJCi","md5":"7079d8576b0108e0a2d44c7cc137a838","sha1":"7cda549f7d1d896a634f3c3ac427e1558c348854","sha256":"ae26e430c60f30050e77671f9de5832237f9ed7e098ec1577d6cd58a441cabf8"},"dob":{"date":"1984-03-07T19:32:21.082Z","age":40},"registered":{"date":"2004-07-03T02:11:23.426Z","age":19},"phone":"(066) G00-7121","cell":"(099) Y01-3811","id":{"name":"","value":null},"picture":{"large":"https://randomuser.me/api/portraits/men/9.jpg","medium":"https://randomuser.me/api/portraits/med/men/9.jpg","thumbnail":"https://randomuser.me/api/portraits/thumb/men/9.jpg"},"nat":"UA"}],"info":{"seed":"8b5fd8ae0439a2e0","results":1,"page":1,"version":"1.4"}} 
 </msg>
<msg time="2024-06-20T03:16:20.196893" level="INFO">/opt/hostedtoolcache/Python/3.12.4/x64/lib/python3.12/site-packages/urllib3/connectionpool.py:1099: InsecureRequestWarning: Unverified HTTPS request is being made to host 'randomuser.me'. Adding certificate verification is strongly advised. See: https://urllib3.readthedocs.io/en/latest/advanced-usage.html#tls-warnings
  warnings.warn(</msg>
<msg time="2024-06-20T03:16:20.197049" level="INFO">${response} = &lt;Response [200]&gt;</msg>
<var>${response}</var>
<arg>consultarAPI</arg>
<arg>/api</arg>
<doc>Sends a GET request on a previously created HTTP Session.</doc>
<status status="PASS" start="2024-06-20T03:16:20.105048" elapsed="0.092045"/>
</kw>
<kw name="Set Variable" owner="BuiltIn">
<msg time="2024-06-20T03:16:20.198070" level="INFO">${json_data} = {'results': [{'gender': 'male', 'name': {'title': 'Mr', 'first': 'Movchan', 'last': 'Stadnichenko'}, 'location': {'street': {'number': 7767, 'name': 'Cherepanovskiy provulok'}, 'city': 'Kostyantinivka...</msg>
<var>${json_data}</var>
<arg>${response.json()}</arg>
<doc>Returns the given values which can then be assigned to a variables.</doc>
<status status="PASS" start="2024-06-20T03:16:20.197581" elapsed="0.000518"/>
</kw>
<kw name="Log" owner="BuiltIn">
<msg time="2024-06-20T03:16:20.198569" level="INFO">{'results': [{'gender': 'male', 'name': {'title': 'Mr', 'first': 'Movchan', 'last': 'Stadnichenko'}, 'location': {'street': {'number': 7767, 'name': 'Cherepanovskiy provulok'}, 'city': 'Kostyantinivka', 'state': 'Zakarpatska', 'country': 'Ukraine', 'postcode': 61168, 'coordinates': {'latitude': '73.9714', 'longitude': '-90.8267'}, 'timezone': {'offset': '+11:00', 'description': 'Magadan, Solomon Islands, New Caledonia'}}, 'email': 'movchan.stadnichenko@example.com', 'login': {'uuid': '9cfcf749-ee93-4c97-ad03-cb110401c332', 'username': 'angryduck802', 'password': 'simone', 'salt': '56JlWJCi', 'md5': '7079d8576b0108e0a2d44c7cc137a838', 'sha1': '7cda549f7d1d896a634f3c3ac427e1558c348854', 'sha256': 'ae26e430c60f30050e77671f9de5832237f9ed7e098ec1577d6cd58a441cabf8'}, 'dob': {'date': '1984-03-07T19:32:21.082Z', 'age': 40}, 'registered': {'date': '2004-07-03T02:11:23.426Z', 'age': 19}, 'phone': '(066) G00-7121', 'cell': '(099) Y01-3811', 'id': {'name': '', 'value': None}, 'picture': {'large': 'https://randomuser.me/api/portraits/men/9.jpg', 'medium': 'https://randomuser.me/api/portraits/med/men/9.jpg', 'thumbnail': 'https://randomuser.me/api/portraits/thumb/men/9.jpg'}, 'nat': 'UA'}], 'info': {'seed': '8b5fd8ae0439a2e0', 'results': 1, 'page': 1, 'version': '1.4'}}</msg>
<arg>${json_data}</arg>
<doc>Logs the given message with the given level.</doc>
<status status="PASS" start="2024-06-20T03:16:20.198412" elapsed="0.000206"/>
</kw>
<kw name="Dictionary Should Contain Key" owner="Collections">
<arg>${json_data}</arg>
<arg>results</arg>
<doc>Fails if ``key`` is not found from ``dictionary``.</doc>
<status status="PASS" start="2024-06-20T03:16:20.198948" elapsed="0.000163"/>
</kw>
<kw name="Should Not Be Empty" owner="BuiltIn">
<msg time="2024-06-20T03:16:20.199437" level="INFO">Length is 2.</msg>
<arg>${json_data}</arg>
<doc>Verifies that the given item is not empty.</doc>
<status status="PASS" start="2024-06-20T03:16:20.199296" elapsed="0.000178"/>
</kw>
<kw name="Create List" owner="BuiltIn">
<msg time="2024-06-20T03:16:20.200060" level="INFO">${expected_keys} = ['gender', 'name', 'location', 'email', 'login']</msg>
<var>${expected_keys}</var>
<arg>gender</arg>
<arg>name</arg>
<arg>location</arg>
<arg>email</arg>
<arg>login</arg>
<doc>Returns a list containing given items.</doc>
<status status="PASS" start="2024-06-20T03:16:20.199770" elapsed="0.000316"/>
</kw>
<for flavor="IN">
<iter>
<kw name="Dictionary Should Contain Key" owner="Collections">
<arg>${json_data['results'][0]}</arg>
<arg>${key}</arg>
<doc>Fails if ``key`` is not found from ``dictionary``.</doc>
<status status="PASS" start="2024-06-20T03:16:20.200666" elapsed="0.000405"/>
</kw>
<kw name="Log" owner="BuiltIn">
<msg time="2024-06-20T03:16:20.201617" level="INFO">{'gender': 'male', 'name': {'title': 'Mr', 'first': 'Movchan', 'last': 'Stadnichenko'}, 'location': {'street': {'number': 7767, 'name': 'Cherepanovskiy provulok'}, 'city': 'Kostyantinivka', 'state': 'Zakarpatska', 'country': 'Ukraine', 'postcode': 61168, 'coordinates': {'latitude': '73.9714', 'longitude': '-90.8267'}, 'timezone': {'offset': '+11:00', 'description': 'Magadan, Solomon Islands, New Caledonia'}}, 'email': 'movchan.stadnichenko@example.com', 'login': {'uuid': '9cfcf749-ee93-4c97-ad03-cb110401c332', 'username': 'angryduck802', 'password': 'simone', 'salt': '56JlWJCi', 'md5': '7079d8576b0108e0a2d44c7cc137a838', 'sha1': '7cda549f7d1d896a634f3c3ac427e1558c348854', 'sha256': 'ae26e430c60f30050e77671f9de5832237f9ed7e098ec1577d6cd58a441cabf8'}, 'dob': {'date': '1984-03-07T19:32:21.082Z', 'age': 40}, 'registered': {'date': '2004-07-03T02:11:23.426Z', 'age': 19}, 'phone': '(066) G00-7121', 'cell': '(099) Y01-3811', 'id': {'name': '', 'value': None}, 'picture': {'large': 'https://randomuser.me/api/portraits/men/9.jpg', 'medium': 'https://randomuser.me/api/portraits/med/men/9.jpg', 'thumbnail': 'https://randomuser.me/api/portraits/thumb/men/9.jpg'}, 'nat': 'UA'}</msg>
<arg>${json_data['results'][0]}</arg>
<doc>Logs the given message with the given level.</doc>
<status status="PASS" start="2024-06-20T03:16:20.201260" elapsed="0.000405"/>
</kw>
<kw name="Log" owner="BuiltIn">
<msg time="2024-06-20T03:16:20.202089" level="INFO">gender</msg>
<arg>${key}</arg>
<doc>Logs the given message with the given level.</doc>
<status status="PASS" start="2024-06-20T03:16:20.201962" elapsed="0.000165"/>
</kw>
<var name="${key}">gender</var>
<status status="PASS" start="2024-06-20T03:16:20.200544" elapsed="0.001803"/>
</iter>
<iter>
<kw name="Dictionary Should Contain Key" owner="Collections">
<arg>${json_data['results'][0]}</arg>
<arg>${key}</arg>
<doc>Fails if ``key`` is not found from ``dictionary``.</doc>
<status status="PASS" start="2024-06-20T03:16:20.202643" elapsed="0.000425"/>
</kw>
<kw name="Log" owner="BuiltIn">
<msg time="2024-06-20T03:16:20.203645" level="INFO">{'gender': 'male', 'name': {'title': 'Mr', 'first': 'Movchan', 'last': 'Stadnichenko'}, 'location': {'street': {'number': 7767, 'name': 'Cherepanovskiy provulok'}, 'city': 'Kostyantinivka', 'state': 'Zakarpatska', 'country': 'Ukraine', 'postcode': 61168, 'coordinates': {'latitude': '73.9714', 'longitude': '-90.8267'}, 'timezone': {'offset': '+11:00', 'description': 'Magadan, Solomon Islands, New Caledonia'}}, 'email': 'movchan.stadnichenko@example.com', 'login': {'uuid': '9cfcf749-ee93-4c97-ad03-cb110401c332', 'username': 'angryduck802', 'password': 'simone', 'salt': '56JlWJCi', 'md5': '7079d8576b0108e0a2d44c7cc137a838', 'sha1': '7cda549f7d1d896a634f3c3ac427e1558c348854', 'sha256': 'ae26e430c60f30050e77671f9de5832237f9ed7e098ec1577d6cd58a441cabf8'}, 'dob': {'date': '1984-03-07T19:32:21.082Z', 'age': 40}, 'registered': {'date': '2004-07-03T02:11:23.426Z', 'age': 19}, 'phone': '(066) G00-7121', 'cell': '(099) Y01-3811', 'id': {'name': '', 'value': None}, 'picture': {'large': 'https://randomuser.me/api/portraits/men/9.jpg', 'medium': 'https://randomuser.me/api/portraits/med/men/9.jpg', 'thumbnail': 'https://randomuser.me/api/portraits/thumb/men/9.jpg'}, 'nat': 'UA'}</msg>
<arg>${json_data['results'][0]}</arg>
<doc>Logs the given message with the given level.</doc>
<status status="PASS" start="2024-06-20T03:16:20.203287" elapsed="0.000416"/>
</kw>
<kw name="Log" owner="BuiltIn">
<msg time="2024-06-20T03:16:20.204126" level="INFO">name</msg>
<arg>${key}</arg>
<doc>Logs the given message with the given level.</doc>
<status status="PASS" start="2024-06-20T03:16:20.204001" elapsed="0.000163"/>
</kw>
<var name="${key}">name</var>
<status status="PASS" start="2024-06-20T03:16:20.202531" elapsed="0.001846"/>
</iter>
<iter>
<kw name="Dictionary Should Contain Key" owner="Collections">
<arg>${json_data['results'][0]}</arg>
<arg>${key}</arg>
<doc>Fails if ``key`` is not found from ``dictionary``.</doc>
<status status="PASS" start="2024-06-20T03:16:20.204659" elapsed="0.000397"/>
</kw>
<kw name="Log" owner="BuiltIn">
<msg time="2024-06-20T03:16:20.205583" level="INFO">{'gender': 'male', 'name': {'title': 'Mr', 'first': 'Movchan', 'last': 'Stadnichenko'}, 'location': {'street': {'number': 7767, 'name': 'Cherepanovskiy provulok'}, 'city': 'Kostyantinivka', 'state': 'Zakarpatska', 'country': 'Ukraine', 'postcode': 61168, 'coordinates': {'latitude': '73.9714', 'longitude': '-90.8267'}, 'timezone': {'offset': '+11:00', 'description': 'Magadan, Solomon Islands, New Caledonia'}}, 'email': 'movchan.stadnichenko@example.com', 'login': {'uuid': '9cfcf749-ee93-4c97-ad03-cb110401c332', 'username': 'angryduck802', 'password': 'simone', 'salt': '56JlWJCi', 'md5': '7079d8576b0108e0a2d44c7cc137a838', 'sha1': '7cda549f7d1d896a634f3c3ac427e1558c348854', 'sha256': 'ae26e430c60f30050e77671f9de5832237f9ed7e098ec1577d6cd58a441cabf8'}, 'dob': {'date': '1984-03-07T19:32:21.082Z', 'age': 40}, 'registered': {'date': '2004-07-03T02:11:23.426Z', 'age': 19}, 'phone': '(066) G00-7121', 'cell': '(099) Y01-3811', 'id': {'name': '', 'value': None}, 'picture': {'large': 'https://randomuser.me/api/portraits/men/9.jpg', 'medium': 'https://randomuser.me/api/portraits/med/men/9.jpg', 'thumbnail': 'https://randomuser.me/api/portraits/thumb/men/9.jpg'}, 'nat': 'UA'}</msg>
<arg>${json_data['results'][0]}</arg>
<doc>Logs the given message with the given level.</doc>
<status status="PASS" start="2024-06-20T03:16:20.205236" elapsed="0.000395"/>
</kw>
<kw name="Log" owner="BuiltIn">
<msg time="2024-06-20T03:16:20.206045" level="INFO">location</msg>
<arg>${key}</arg>
<doc>Logs the given message with the given level.</doc>
<status status="PASS" start="2024-06-20T03:16:20.205920" elapsed="0.000161"/>
</kw>
<var name="${key}">location</var>
<status status="PASS" start="2024-06-20T03:16:20.204553" elapsed="0.001740"/>
</iter>
<iter>
<kw name="Dictionary Should Contain Key" owner="Collections">
<arg>${json_data['results'][0]}</arg>
<arg>${key}</arg>
<doc>Fails if ``key`` is not found from ``dictionary``.</doc>
<status status="PASS" start="2024-06-20T03:16:20.206572" elapsed="0.000425"/>
</kw>
<kw name="Log" owner="BuiltIn">
<msg time="2024-06-20T03:16:20.207540" level="INFO">{'gender': 'male', 'name': {'title': 'Mr', 'first': 'Movchan', 'last': 'Stadnichenko'}, 'location': {'street': {'number': 7767, 'name': 'Cherepanovskiy provulok'}, 'city': 'Kostyantinivka', 'state': 'Zakarpatska', 'country': 'Ukraine', 'postcode': 61168, 'coordinates': {'latitude': '73.9714', 'longitude': '-90.8267'}, 'timezone': {'offset': '+11:00', 'description': 'Magadan, Solomon Islands, New Caledonia'}}, 'email': 'movchan.stadnichenko@example.com', 'login': {'uuid': '9cfcf749-ee93-4c97-ad03-cb110401c332', 'username': 'angryduck802', 'password': 'simone', 'salt': '56JlWJCi', 'md5': '7079d8576b0108e0a2d44c7cc137a838', 'sha1': '7cda549f7d1d896a634f3c3ac427e1558c348854', 'sha256': 'ae26e430c60f30050e77671f9de5832237f9ed7e098ec1577d6cd58a441cabf8'}, 'dob': {'date': '1984-03-07T19:32:21.082Z', 'age': 40}, 'registered': {'date': '2004-07-03T02:11:23.426Z', 'age': 19}, 'phone': '(066) G00-7121', 'cell': '(099) Y01-3811', 'id': {'name': '', 'value': None}, 'picture': {'large': 'https://randomuser.me/api/portraits/men/9.jpg', 'medium': 'https://randomuser.me/api/portraits/med/men/9.jpg', 'thumbnail': 'https://randomuser.me/api/portraits/thumb/men/9.jpg'}, 'nat': 'UA'}</msg>
<arg>${json_data['results'][0]}</arg>
<doc>Logs the given message with the given level.</doc>
<status status="PASS" start="2024-06-20T03:16:20.207187" elapsed="0.000405"/>
</kw>
<kw name="Log" owner="BuiltIn">
<msg time="2024-06-20T03:16:20.208007" level="INFO">email</msg>
<arg>${key}</arg>
<doc>Logs the given message with the given level.</doc>
<status status="PASS" start="2024-06-20T03:16:20.207883" elapsed="0.000162"/>
</kw>
<var name="${key}">email</var>
<status status="PASS" start="2024-06-20T03:16:20.206467" elapsed="0.001788"/>
</iter>
<iter>
<kw name="Dictionary Should Contain Key" owner="Collections">
<arg>${json_data['results'][0]}</arg>
<arg>${key}</arg>
<doc>Fails if ``key`` is not found from ``dictionary``.</doc>
<status status="PASS" start="2024-06-20T03:16:20.208531" elapsed="0.000437"/>
</kw>
<kw name="Log" owner="BuiltIn">
<msg time="2024-06-20T03:16:20.209508" level="INFO">{'gender': 'male', 'name': {'title': 'Mr', 'first': 'Movchan', 'last': 'Stadnichenko'}, 'location': {'street': {'number': 7767, 'name': 'Cherepanovskiy provulok'}, 'city': 'Kostyantinivka', 'state': 'Zakarpatska', 'country': 'Ukraine', 'postcode': 61168, 'coordinates': {'latitude': '73.9714', 'longitude': '-90.8267'}, 'timezone': {'offset': '+11:00', 'description': 'Magadan, Solomon Islands, New Caledonia'}}, 'email': 'movchan.stadnichenko@example.com', 'login': {'uuid': '9cfcf749-ee93-4c97-ad03-cb110401c332', 'username': 'angryduck802', 'password': 'simone', 'salt': '56JlWJCi', 'md5': '7079d8576b0108e0a2d44c7cc137a838', 'sha1': '7cda549f7d1d896a634f3c3ac427e1558c348854', 'sha256': 'ae26e430c60f30050e77671f9de5832237f9ed7e098ec1577d6cd58a441cabf8'}, 'dob': {'date': '1984-03-07T19:32:21.082Z', 'age': 40}, 'registered': {'date': '2004-07-03T02:11:23.426Z', 'age': 19}, 'phone': '(066) G00-7121', 'cell': '(099) Y01-3811', 'id': {'name': '', 'value': None}, 'picture': {'large': 'https://randomuser.me/api/portraits/men/9.jpg', 'medium': 'https://randomuser.me/api/portraits/med/men/9.jpg', 'thumbnail': 'https://randomuser.me/api/portraits/thumb/men/9.jpg'}, 'nat': 'UA'}</msg>
<arg>${json_data['results'][0]}</arg>
<doc>Logs the given message with the given level.</doc>
<status status="PASS" start="2024-06-20T03:16:20.209153" elapsed="0.000401"/>
</kw>
<kw name="Log" owner="BuiltIn">
<msg time="2024-06-20T03:16:20.209972" level="INFO">login</msg>
<arg>${key}</arg>
<doc>Logs the given message with the given level.</doc>
<status status="PASS" start="2024-06-20T03:16:20.209847" elapsed="0.000162"/>
</kw>
<var name="${key}">login</var>
<status status="PASS" start="2024-06-20T03:16:20.208426" elapsed="0.001795"/>
</iter>
<var>${key}</var>
<value>@{expected_keys}</value>
<status status="PASS" start="2024-06-20T03:16:20.200351" elapsed="0.009988"/>
</for>
<kw name="Create List" owner="BuiltIn">
<msg time="2024-06-20T03:16:20.210735" level="INFO">${expected_keysTwo} = ['username', 'password']</msg>
<var>${expected_keysTwo}</var>
<arg>username</arg>
<arg>password</arg>
<doc>Returns a list containing given items.</doc>
<status status="PASS" start="2024-06-20T03:16:20.210560" elapsed="0.000201"/>
</kw>
<for flavor="IN">
<iter>
<kw name="Dictionary Should Contain Key" owner="Collections">
<arg>${json_data['results'][0]['login']}</arg>
<arg>${keyTwo}</arg>
<doc>Fails if ``key`` is not found from ``dictionary``.</doc>
<status status="PASS" start="2024-06-20T03:16:20.211261" elapsed="0.000378"/>
</kw>
<kw name="Dictionary Should Contain Key" owner="Collections">
<arg>${json_data['results'][0]['login']}</arg>
<arg>${keyTwo}</arg>
<doc>Fails if ``key`` is not found from ``dictionary``.</doc>
<status status="PASS" start="2024-06-20T03:16:20.211822" elapsed="0.000386"/>
</kw>
<kw name="Log" owner="BuiltIn">
<msg time="2024-06-20T03:16:20.212515" level="INFO">username</msg>
<arg>${keyTwo}</arg>
<doc>Logs the given message with the given level.</doc>
<status status="PASS" start="2024-06-20T03:16:20.212395" elapsed="0.000156"/>
</kw>
<var name="${keyTwo}">username</var>
<status status="PASS" start="2024-06-20T03:16:20.211155" elapsed="0.001618"/>
</iter>
<iter>
<kw name="Dictionary Should Contain Key" owner="Collections">
<arg>${json_data['results'][0]['login']}</arg>
<arg>${keyTwo}</arg>
<doc>Fails if ``key`` is not found from ``dictionary``.</doc>
<status status="PASS" start="2024-06-20T03:16:20.213050" elapsed="0.000382"/>
</kw>
<kw name="Dictionary Should Contain Key" owner="Collections">
<arg>${json_data['results'][0]['login']}</arg>
<arg>${keyTwo}</arg>
<doc>Fails if ``key`` is not found from ``dictionary``.</doc>
<status status="PASS" start="2024-06-20T03:16:20.213606" elapsed="0.000374"/>
</kw>
<kw name="Log" owner="BuiltIn">
<msg time="2024-06-20T03:16:20.214269" level="INFO">password</msg>
<arg>${keyTwo}</arg>
<doc>Logs the given message with the given level.</doc>
<status status="PASS" start="2024-06-20T03:16:20.214154" elapsed="0.000151"/>
</kw>
<var name="${keyTwo}">password</var>
<status status="PASS" start="2024-06-20T03:16:20.212940" elapsed="0.001675"/>
</iter>
<var>${keyTwo}</var>
<value>@{expected_keysTwo}</value>
<status status="PASS" start="2024-06-20T03:16:20.211002" elapsed="0.003762"/>
</for>
<status status="PASS" start="2024-06-20T03:16:20.104691" elapsed="0.110212"/>
</kw>
<doc>Testa a estrutura da resposta da API.</doc>
<tag>testeEstruturaResposta</tag>
<status status="PASS" start="2024-06-20T03:16:20.103986" elapsed="0.111078"/>
</test>
<test id="s1-s1-t4" name="Validar tipos de dados" line="28">
<kw name="Teste de Tipos de Dados" owner="random-user-service">
<kw name="GET On Session" owner="RequestsLibrary">
<msg time="2024-06-20T03:16:20.310919" level="INFO">GET Request : url=https://randomuser.me/api 
 path_url=/api 
 headers={'User-Agent': 'python-requests/2.32.3', 'Accept-Encoding': 'gzip, deflate', 'Accept': '*/*', 'Connection': 'keep-alive'} 
 body=None 
 </msg>
<msg time="2024-06-20T03:16:20.311022" level="INFO">GET Response : url=https://randomuser.me/api 
 status=200, reason=OK 
 headers={'Date': 'Thu, 20 Jun 2024 03:16:20 GMT', 'Content-Type': 'application/json; charset=utf-8', 'Transfer-Encoding': 'chunked', 'Connection': 'keep-alive', 'X-Powered-By': 'Express', 'Access-Control-Allow-Origin': '*', 'Cache-Control': 'no-cache', 'ETag': 'W/"490-HxRjR7e0roep0WnM4eLlR2MS03g"', 'Vary': 'Accept-Encoding', 'Content-Encoding': 'gzip', 'CF-Cache-Status': 'DYNAMIC', 'Report-To': '{"endpoints":[{"url":"https:\\/\\/a.nel.cloudflare.com\\/report\\/v4?s=n%2BYJtf4u1jQLQHlvlSNX260JFsmsn3iwXlKwzWlKIu2tR0WC8dmkWnusRXs9EbUX9ml4vD52y2z%2F8b4TrdMuFmI%2BPe2TzQFe8e%2FtLdP8gko6DTzmOm2FqUHVfNYGs0p0"}],"group":"cf-nel","max_age":604800}', 'NEL': '{"success_fraction":0,"report_to":"cf-nel","max_age":604800}', 'Server': 'cloudflare', 'CF-RAY': '8968997a6e813ae4-IAD', 'alt-svc': 'h3=":443"; ma=86400'} 
 body={"results":[{"gender":"female","name":{"title":"Ms","first":"Julia","last":"Jutila"},"location":{"street":{"number":465,"name":"Hämeenkatu"},"city":"Luhanka","state":"Uusimaa","country":"Finland","postcode":92817,"coordinates":{"latitude":"-22.9072","longitude":"64.9096"},"timezone":{"offset":"+5:30","description":"Bombay, Calcutta, Madras, New Delhi"}},"email":"julia.jutila@example.com","login":{"uuid":"63fb037e-e0c4-4bbf-82b8-5530d3a2a0a5","username":"lazyfrog392","password":"picks","salt":"aUqSS0Ui","md5":"31bc312ed4126ea1a751f772800ff397","sha1":"64a418b0d4c2739149993ee8402b2017160471a0","sha256":"5e02e4da327b11dad6021db0494ec07f7fd7cb6520a2166920f2cf1e413b6dab"},"dob":{"date":"1956-06-04T10:14:47.373Z","age":68},"registered":{"date":"2002-08-03T17:53:36.276Z","age":21},"phone":"03-616-063","cell":"045-682-68-84","id":{"name":"HETU","value":"NaNNA280undefined"},"picture":{"large":"https://randomuser.me/api/portraits/women/80.jpg","medium":"https://randomuser.me/api/portraits/med/women/80.jpg","thumbnail":"https://randomuser.me/api/portraits/thumb/women/80.jpg"},"nat":"FI"}],"info":{"seed":"891df4bbd0998739","results":1,"page":1,"version":"1.4"}} 
 </msg>
<msg time="2024-06-20T03:16:20.311105" level="INFO">/opt/hostedtoolcache/Python/3.12.4/x64/lib/python3.12/site-packages/urllib3/connectionpool.py:1099: InsecureRequestWarning: Unverified HTTPS request is being made to host 'randomuser.me'. Adding certificate verification is strongly advised. See: https://urllib3.readthedocs.io/en/latest/advanced-usage.html#tls-warnings
  warnings.warn(</msg>
<msg time="2024-06-20T03:16:20.311223" level="INFO">${response} = &lt;Response [200]&gt;</msg>
<var>${response}</var>
<arg>consultarAPI</arg>
<arg>/api</arg>
<doc>Sends a GET request on a previously created HTTP Session.</doc>
<status status="PASS" start="2024-06-20T03:16:20.217495" elapsed="0.093769"/>
</kw>
<kw name="Set Variable" owner="BuiltIn">
<msg time="2024-06-20T03:16:20.312465" level="INFO">${json_data} = {'results': [{'gender': 'female', 'name': {'title': 'Ms', 'first': 'Julia', 'last': 'Jutila'}, 'location': {'street': {'number': 465, 'name': 'Hämeenkatu'}, 'city': 'Luhanka', 'state': 'Uusimaa', 'cou...</msg>
<var>${json_data}</var>
<arg>${response.json()}</arg>
<doc>Returns the given values which can then be assigned to a variables.</doc>
<status status="PASS" start="2024-06-20T03:16:20.311864" elapsed="0.000631"/>
</kw>
<kw name="Log" owner="BuiltIn">
<msg time="2024-06-20T03:16:20.312964" level="INFO">{'results': [{'gender': 'female', 'name': {'title': 'Ms', 'first': 'Julia', 'last': 'Jutila'}, 'location': {'street': {'number': 465, 'name': 'Hämeenkatu'}, 'city': 'Luhanka', 'state': 'Uusimaa', 'country': 'Finland', 'postcode': 92817, 'coordinates': {'latitude': '-22.9072', 'longitude': '64.9096'}, 'timezone': {'offset': '+5:30', 'description': 'Bombay, Calcutta, Madras, New Delhi'}}, 'email': 'julia.jutila@example.com', 'login': {'uuid': '63fb037e-e0c4-4bbf-82b8-5530d3a2a0a5', 'username': 'lazyfrog392', 'password': 'picks', 'salt': 'aUqSS0Ui', 'md5': '31bc312ed4126ea1a751f772800ff397', 'sha1': '64a418b0d4c2739149993ee8402b2017160471a0', 'sha256': '5e02e4da327b11dad6021db0494ec07f7fd7cb6520a2166920f2cf1e413b6dab'}, 'dob': {'date': '1956-06-04T10:14:47.373Z', 'age': 68}, 'registered': {'date': '2002-08-03T17:53:36.276Z', 'age': 21}, 'phone': '03-616-063', 'cell': '045-682-68-84', 'id': {'name': 'HETU', 'value': 'NaNNA280undefined'}, 'picture': {'large': 'https://randomuser.me/api/portraits/women/80.jpg', 'medium': 'https://randomuser.me/api/portraits/med/women/80.jpg', 'thumbnail': 'https://randomuser.me/api/portraits/thumb/women/80.jpg'}, 'nat': 'FI'}], 'info': {'seed': '891df4bbd0998739', 'results': 1, 'page': 1, 'version': '1.4'}}</msg>
<arg>${json_data}</arg>
<doc>Logs the given message with the given level.</doc>
<status status="PASS" start="2024-06-20T03:16:20.312802" elapsed="0.000211"/>
</kw>
<kw name="Should Be String" owner="String">
<arg>${json_data['results'][0]['gender']}</arg>
<doc>Fails if the given ``item`` is not a string.</doc>
<status status="PASS" start="2024-06-20T03:16:20.313303" elapsed="0.000370"/>
</kw>
<kw name="Should Match Regexp" owner="BuiltIn">
<arg>${json_data['results'][0]['email']}</arg>
<arg>^[a-zA-Z0-9._%+-]+@[a-zA-Z0-9.-]+\.[a-zA-Z]{2,}$</arg>
<doc>Fails if ``string`` does not match ``pattern`` as a regular expression.</doc>
<status status="PASS" start="2024-06-20T03:16:20.313909" elapsed="0.000518"/>
</kw>
<kw name="Should Match Regexp" owner="BuiltIn">
<arg>${json_data['results'][0]['dob']['date']}</arg>
<arg>\\d{4}-\\d{2}-\\d{2}T\\d{2}:\\d{2}:\\d{2}\\.\\d{3}Z</arg>
<doc>Fails if ``string`` does not match ``pattern`` as a regular expression.</doc>
<status status="PASS" start="2024-06-20T03:16:20.314619" elapsed="0.000528"/>
</kw>
<kw name="Should Match Regexp" owner="BuiltIn">
<arg>${json_data['results'][0]['registered']['date']}</arg>
<arg>\\d{4}-\\d{2}-\\d{2}T\\d{2}:\\d{2}:\\d{2}\\.\\d{3}Z</arg>
<doc>Fails if ``string`` does not match ``pattern`` as a regular expression.</doc>
<status status="PASS" start="2024-06-20T03:16:20.315338" elapsed="0.000365"/>
</kw>
<kw name="Should Match Regexp" owner="BuiltIn">
<arg>${json_data['results'][0]['picture']['large']}</arg>
<arg>^https?://.*\.(?:png|jpe?g|gif|bmp)$</arg>
<doc>Fails if ``string`` does not match ``pattern`` as a regular expression.</doc>
<status status="PASS" start="2024-06-20T03:16:20.315888" elapsed="0.000457"/>
</kw>
<kw name="Should Match Regexp" owner="BuiltIn">
<arg>${json_data['results'][0]['picture']['medium']}</arg>
<arg>^https?://.*\.(?:png|jpe?g|gif|bmp)$</arg>
<doc>Fails if ``string`` does not match ``pattern`` as a regular expression.</doc>
<status status="PASS" start="2024-06-20T03:16:20.316532" elapsed="0.000353"/>
</kw>
<kw name="Should Match Regexp" owner="BuiltIn">
<arg>${json_data['results'][0]['picture']['thumbnail']}</arg>
<arg>^https?://.*\.(?:png|jpe?g|gif|bmp)$</arg>
<doc>Fails if ``string`` does not match ``pattern`` as a regular expression.</doc>
<status status="PASS" start="2024-06-20T03:16:20.317064" elapsed="0.000357"/>
</kw>
<kw name="Log" owner="BuiltIn">
<msg time="2024-06-20T03:16:20.317929" level="INFO">{'large': 'https://randomuser.me/api/portraits/women/80.jpg', 'medium': 'https://randomuser.me/api/portraits/med/women/80.jpg', 'thumbnail': 'https://randomuser.me/api/portraits/thumb/women/80.jpg'}</msg>
<arg>${json_data['results'][0]['picture']}</arg>
<doc>Logs the given message with the given level.</doc>
<status status="PASS" start="2024-06-20T03:16:20.317601" elapsed="0.000370"/>
</kw>
<status status="PASS" start="2024-06-20T03:16:20.217277" elapsed="0.100954"/>
</kw>
<kw name="Teste de Tipos de Dados - Postcode" owner="random-user-service">
<kw name="GET On Session" owner="RequestsLibrary">
<msg time="2024-06-20T03:16:20.397689" level="INFO">GET Request : url=https://randomuser.me/api 
 path_url=/api 
 headers={'User-Agent': 'python-requests/2.32.3', 'Accept-Encoding': 'gzip, deflate', 'Accept': '*/*', 'Connection': 'keep-alive'} 
 body=None 
 </msg>
<msg time="2024-06-20T03:16:20.397797" level="INFO">GET Response : url=https://randomuser.me/api 
 status=200, reason=OK 
 headers={'Date': 'Thu, 20 Jun 2024 03:16:20 GMT', 'Content-Type': 'application/json; charset=utf-8', 'Transfer-Encoding': 'chunked', 'Connection': 'keep-alive', 'X-Powered-By': 'Express', 'Access-Control-Allow-Origin': '*', 'Cache-Control': 'no-cache', 'ETag': 'W/"492-5xPiiwy0H8LR82XA+NX+wJoViYE"', 'Vary': 'Accept-Encoding', 'Content-Encoding': 'gzip', 'CF-Cache-Status': 'DYNAMIC', 'Report-To': '{"endpoints":[{"url":"https:\\/\\/a.nel.cloudflare.com\\/report\\/v4?s=%2FGKE7ZGEGE8cLPLAbZtOVGD97Z%2BU1Yhanr3ZZ4%2BVNsslRMQNmhjLfDWEF%2FL%2Fx3zhyObX5uB7NtK0FucAzxp%2BUfZJX1j6f9LwiNJFHfrp28oUs0X4IVqeTlNE6O3egF8D"}],"group":"cf-nel","max_age":604800}', 'NEL': '{"success_fraction":0,"report_to":"cf-nel","max_age":604800}', 'Server': 'cloudflare', 'CF-RAY': '8968997b0f3f3ae4-IAD', 'alt-svc': 'h3=":443"; ma=86400'} 
 body={"results":[{"gender":"male","name":{"title":"Mr","first":"Cristóbal","last":"Campos"},"location":{"street":{"number":3725,"name":"Calle Covadonga"},"city":"Gandía","state":"Canarias","country":"Spain","postcode":97455,"coordinates":{"latitude":"-33.3994","longitude":"-155.6784"},"timezone":{"offset":"+8:00","description":"Beijing, Perth, Singapore, Hong Kong"}},"email":"cristobal.campos@example.com","login":{"uuid":"31d5342f-5c11-4e2a-b34f-904ca0ac45c2","username":"crazyzebra662","password":"catman","salt":"vVfe4iOl","md5":"4b691ab3ffbb3b3284fc2159fbd5745f","sha1":"772196ff203f9950feedb976434819e3a8cdde74","sha256":"fe1c0ab8fbfa8157631d6dd07ba920f994185b4202e7151377077e933446dd39"},"dob":{"date":"1947-12-06T13:04:04.316Z","age":76},"registered":{"date":"2007-09-13T12:13:48.438Z","age":16},"phone":"960-672-371","cell":"607-306-224","id":{"name":"DNI","value":"35305222-P"},"picture":{"large":"https://randomuser.me/api/portraits/men/78.jpg","medium":"https://randomuser.me/api/portraits/med/men/78.jpg","thumbnail":"https://randomuser.me/api/portraits/thumb/men/78.jpg"},"nat":"ES"}],"info":{"seed":"903dc21c5f05d014","results":1,"page":1,"version":"1.4"}} 
 </msg>
<msg time="2024-06-20T03:16:20.397879" level="INFO">/opt/hostedtoolcache/Python/3.12.4/x64/lib/python3.12/site-packages/urllib3/connectionpool.py:1099: InsecureRequestWarning: Unverified HTTPS request is being made to host 'randomuser.me'. Adding certificate verification is strongly advised. See: https://urllib3.readthedocs.io/en/latest/advanced-usage.html#tls-warnings
  warnings.warn(</msg>
<msg time="2024-06-20T03:16:20.398023" level="INFO">${response} = &lt;Response [200]&gt;</msg>
<var>${response}</var>
<arg>consultarAPI</arg>
<arg>/api</arg>
<doc>Sends a GET request on a previously created HTTP Session.</doc>
<status status="PASS" start="2024-06-20T03:16:20.318713" elapsed="0.079359"/>
</kw>
<kw name="Set Variable" owner="BuiltIn">
<msg time="2024-06-20T03:16:20.399321" level="INFO">${json_data} = {'results': [{'gender': 'male', 'name': {'title': 'Mr', 'first': 'Cristóbal', 'last': 'Campos'}, 'location': {'street': {'number': 3725, 'name': 'Calle Covadonga'}, 'city': 'Gandía', 'state': 'Canaria...</msg>
<var>${json_data}</var>
<arg>${response.json()}</arg>
<doc>Returns the given values which can then be assigned to a variables.</doc>
<status status="PASS" start="2024-06-20T03:16:20.398740" elapsed="0.000610"/>
</kw>
<kw name="Log" owner="BuiltIn">
<msg time="2024-06-20T03:16:20.399822" level="INFO">{'results': [{'gender': 'male', 'name': {'title': 'Mr', 'first': 'Cristóbal', 'last': 'Campos'}, 'location': {'street': {'number': 3725, 'name': 'Calle Covadonga'}, 'city': 'Gandía', 'state': 'Canarias', 'country': 'Spain', 'postcode': 97455, 'coordinates': {'latitude': '-33.3994', 'longitude': '-155.6784'}, 'timezone': {'offset': '+8:00', 'description': 'Beijing, Perth, Singapore, Hong Kong'}}, 'email': 'cristobal.campos@example.com', 'login': {'uuid': '31d5342f-5c11-4e2a-b34f-904ca0ac45c2', 'username': 'crazyzebra662', 'password': 'catman', 'salt': 'vVfe4iOl', 'md5': '4b691ab3ffbb3b3284fc2159fbd5745f', 'sha1': '772196ff203f9950feedb976434819e3a8cdde74', 'sha256': 'fe1c0ab8fbfa8157631d6dd07ba920f994185b4202e7151377077e933446dd39'}, 'dob': {'date': '1947-12-06T13:04:04.316Z', 'age': 76}, 'registered': {'date': '2007-09-13T12:13:48.438Z', 'age': 16}, 'phone': '960-672-371', 'cell': '607-306-224', 'id': {'name': 'DNI', 'value': '35305222-P'}, 'picture': {'large': 'https://randomuser.me/api/portraits/men/78.jpg', 'medium': 'https://randomuser.me/api/portraits/med/men/78.jpg', 'thumbnail': 'https://randomuser.me/api/portraits/thumb/men/78.jpg'}, 'nat': 'ES'}], 'info': {'seed': '903dc21c5f05d014', 'results': 1, 'page': 1, 'version': '1.4'}}</msg>
<arg>${json_data}</arg>
<doc>Logs the given message with the given level.</doc>
<status status="PASS" start="2024-06-20T03:16:20.399663" elapsed="0.000209"/>
</kw>
<kw name="Should Be Equal As Numbers" owner="BuiltIn">
<arg>${json_data['results'][0]['location']['postcode']}</arg>
<arg>${json_data['results'][0]['location']['postcode']}</arg>
<doc>Fails if objects are unequal after converting them to real numbers.</doc>
<status status="PASS" start="2024-06-20T03:16:20.400169" elapsed="0.000625"/>
</kw>
<kw name="Log" owner="BuiltIn">
<msg time="2024-06-20T03:16:20.401525" level="INFO">97455</msg>
<arg>${json_data['results'][0]['location']['postcode']}</arg>
<doc>Logs the given message with the given level.</doc>
<status status="PASS" start="2024-06-20T03:16:20.401018" elapsed="0.000548"/>
</kw>
<status status="PASS" start="2024-06-20T03:16:20.318455" elapsed="0.083370"/>
</kw>
<doc>Testa se os tipos de dados na resposta da API estão corretos.</doc>
<tag>testeTiposDados</tag>
<status status="PASS" start="2024-06-20T03:16:20.216853" elapsed="0.185146"/>
</test>
<test id="s1-s1-t5" name="Validar conteudo" line="35">
<kw name="Teste de Tipos de Conteudo" owner="random-user-service">
<kw name="GET On Session" owner="RequestsLibrary">
<msg time="2024-06-20T03:16:20.503237" level="INFO">GET Request : url=https://randomuser.me/api 
 path_url=/api 
 headers={'User-Agent': 'python-requests/2.32.3', 'Accept-Encoding': 'gzip, deflate', 'Accept': '*/*', 'Connection': 'keep-alive'} 
 body=None 
 </msg>
<msg time="2024-06-20T03:16:20.503340" level="INFO">GET Response : url=https://randomuser.me/api 
 status=200, reason=OK 
 headers={'Date': 'Thu, 20 Jun 2024 03:16:20 GMT', 'Content-Type': 'application/json; charset=utf-8', 'Transfer-Encoding': 'chunked', 'Connection': 'keep-alive', 'X-Powered-By': 'Express', 'Access-Control-Allow-Origin': '*', 'Cache-Control': 'no-cache', 'ETag': 'W/"481-55tVHe1sUvDPVLAT7AvdoXyL1u0"', 'Vary': 'Accept-Encoding', 'Content-Encoding': 'gzip', 'CF-Cache-Status': 'DYNAMIC', 'Report-To': '{"endpoints":[{"url":"https:\\/\\/a.nel.cloudflare.com\\/report\\/v4?s=DxN%2BuHWo5dq8gx2kvs7kpoZPpuErBQlfLE%2FFhwtiDVU%2FZBA4iL33YroGvQdwg4kKvhdPr16S4Of7X6uoYzt7R1VZIowy5YYoDKJm5A699oZVa1udiXlfe%2FO0m1f4UJXr"}],"group":"cf-nel","max_age":604800}', 'NEL': '{"success_fraction":0,"report_to":"cf-nel","max_age":604800}', 'Server': 'cloudflare', 'CF-RAY': '8968997b8fe93ae4-IAD', 'alt-svc': 'h3=":443"; ma=86400'} 
 body={"results":[{"gender":"male","name":{"title":"Mr","first":"كيان","last":"سالاری"},"location":{"street":{"number":2239,"name":"شیخ فضل الله نوری"},"city":"گلستان","state":"کردستان","country":"Iran","postcode":38957,"coordinates":{"latitude":"20.1388","longitude":"-99.7519"},"timezone":{"offset":"-9:00","description":"Alaska"}},"email":"kyn.slry@example.com","login":{"uuid":"a4138fc5-dcd4-45da-af98-f62e73d3a099","username":"organiclion955","password":"young1","salt":"1VYtx1Qy","md5":"e5eed8a6aa89a35dbcc8674dc1fc1148","sha1":"606caccc01d235ef98bbf5c9ef7d0bc9e33dd061","sha256":"adfbc59c5fd517989390f3ef1ce35903d3b83694371e4fddbfe534ed3353ea46"},"dob":{"date":"1967-01-13T22:56:45.405Z","age":57},"registered":{"date":"2005-02-01T01:09:49.780Z","age":19},"phone":"042-82605501","cell":"0969-299-6853","id":{"name":"","value":null},"picture":{"large":"https://randomuser.me/api/portraits/men/93.jpg","medium":"https://randomuser.me/api/portraits/med/men/93.jpg","thumbnail":"https://randomuser.me/api/portraits/thumb/men/93.jpg"},"nat":"IR"}],"info":{"seed":"ecba1024175eb593","results":1,"page":1,"version":"1.4"}} 
 </msg>
<msg time="2024-06-20T03:16:20.503425" level="INFO">/opt/hostedtoolcache/Python/3.12.4/x64/lib/python3.12/site-packages/urllib3/connectionpool.py:1099: InsecureRequestWarning: Unverified HTTPS request is being made to host 'randomuser.me'. Adding certificate verification is strongly advised. See: https://urllib3.readthedocs.io/en/latest/advanced-usage.html#tls-warnings
  warnings.warn(</msg>
<msg time="2024-06-20T03:16:20.503558" level="INFO">${response} = &lt;Response [200]&gt;</msg>
<var>${response}</var>
<arg>consultarAPI</arg>
<arg>/api</arg>
<doc>Sends a GET request on a previously created HTTP Session.</doc>
<status status="PASS" start="2024-06-20T03:16:20.404591" elapsed="0.099005"/>
</kw>
<kw name="Set Variable" owner="BuiltIn">
<msg time="2024-06-20T03:16:20.504667" level="INFO">${json_data} = {'results': [{'gender': 'male', 'name': {'title': 'Mr', 'first': 'كيان', 'last': 'سالاری'}, 'location': {'street': {'number': 2239, 'name': 'شیخ فضل الله نوری'}, 'city': 'گلستان', 'state': 'کردستان', ...</msg>
<var>${json_data}</var>
<arg>${response.json()}</arg>
<doc>Returns the given values which can then be assigned to a variables.</doc>
<status status="PASS" start="2024-06-20T03:16:20.504117" elapsed="0.000581"/>
</kw>
<kw name="Set Variable" owner="BuiltIn">
<msg time="2024-06-20T03:16:20.505385" level="INFO">${name_title} = Mr</msg>
<var>${name_title}</var>
<arg>${json_data["results"][0]["name"]["title"]}</arg>
<doc>Returns the given values which can then be assigned to a variables.</doc>
<status status="PASS" start="2024-06-20T03:16:20.505002" elapsed="0.000409"/>
</kw>
<kw name="Create List" owner="BuiltIn">
<msg time="2024-06-20T03:16:20.505850" level="INFO">${allowed_titles} = ['Mr', 'Ms', 'Miss', 'Mrs', 'Madame', 'Monsieur']</msg>
<var>${allowed_titles}</var>
<arg>Mr</arg>
<arg>Ms</arg>
<arg>Miss</arg>
<arg>Mrs</arg>
<arg>Madame</arg>
<arg>Monsieur</arg>
<doc>Returns a list containing given items.</doc>
<status status="PASS" start="2024-06-20T03:16:20.505702" elapsed="0.000173"/>
</kw>
<kw name="List Should Contain Value" owner="Collections">
<arg>${allowed_titles}</arg>
<arg>${name_title}</arg>
<doc>Fails if the ``value`` is not found from ``list``.</doc>
<status status="PASS" start="2024-06-20T03:16:20.506180" elapsed="0.000173"/>
</kw>
<kw name="Set Variable" owner="BuiltIn">
<msg time="2024-06-20T03:16:20.506928" level="INFO">${name_country} = IR</msg>
<var>${name_country}</var>
<arg>${json_data["results"][0]["nat"]}</arg>
<doc>Returns the given values which can then be assigned to a variables.</doc>
<status status="PASS" start="2024-06-20T03:16:20.506530" elapsed="0.000424"/>
</kw>
<kw name="Create List" owner="BuiltIn">
<msg time="2024-06-20T03:16:20.507833" level="INFO">${list_country} = ['AD', 'AE', 'AF', 'AG', 'AI', 'AL', 'AM', 'AO', 'AQ', 'AR', 'AS', 'AT', 'AU', 'AW', 'AX', 'AZ', 'BA', 'BB', 'BD', 'BE', 'BF', 'BG', 'BH', 'BI', 'BJ', 'BL', 'BM', 'BN', 'BO', 'BQ', 'BR', 'BS', 'BT', '...</msg>
<var>${list_country}</var>
<arg>AD</arg>
<arg>AE</arg>
<arg>AF</arg>
<arg>AG</arg>
<arg>AI</arg>
<arg>AL</arg>
<arg>AM</arg>
<arg>AO</arg>
<arg>AQ</arg>
<arg>AR</arg>
<arg>AS</arg>
<arg>AT</arg>
<arg>AU</arg>
<arg>AW</arg>
<arg>AX</arg>
<arg>AZ</arg>
<arg>BA</arg>
<arg>BB</arg>
<arg>BD</arg>
<arg>BE</arg>
<arg>BF</arg>
<arg>BG</arg>
<arg>BH</arg>
<arg>BI</arg>
<arg>BJ</arg>
<arg>BL</arg>
<arg>BM</arg>
<arg>BN</arg>
<arg>BO</arg>
<arg>BQ</arg>
<arg>BR</arg>
<arg>BS</arg>
<arg>BT</arg>
<arg>BV</arg>
<arg>BW</arg>
<arg>BY</arg>
<arg>BZ</arg>
<arg>CA</arg>
<arg>CC</arg>
<arg>CD</arg>
<arg>CF</arg>
<arg>CG</arg>
<arg>CH</arg>
<arg>CI</arg>
<arg>CK</arg>
<arg>CL</arg>
<arg>CM</arg>
<arg>CN</arg>
<arg>CO</arg>
<arg>CR</arg>
<arg>CU</arg>
<arg>CV</arg>
<arg>CW</arg>
<arg>CX</arg>
<arg>CY</arg>
<arg>CZ</arg>
<arg>DE</arg>
<arg>DJ</arg>
<arg>DK</arg>
<arg>DM</arg>
<arg>DO</arg>
<arg>DZ</arg>
<arg>EC</arg>
<arg>EE</arg>
<arg>EG</arg>
<arg>EH</arg>
<arg>ER</arg>
<arg>ES</arg>
<arg>ET</arg>
<arg>FI</arg>
<arg>FJ</arg>
<arg>FK</arg>
<arg>FM</arg>
<arg>FO</arg>
<arg>FR</arg>
<arg>GA</arg>
<arg>GB</arg>
<arg>GD</arg>
<arg>GE</arg>
<arg>GF</arg>
<arg>GG</arg>
<arg>GH</arg>
<arg>GI</arg>
<arg>GL</arg>
<arg>GM</arg>
<arg>GN</arg>
<arg>GP</arg>
<arg>GQ</arg>
<arg>GR</arg>
<arg>GS</arg>
<arg>GT</arg>
<arg>GU</arg>
<arg>GW</arg>
<arg>GY</arg>
<arg>HK</arg>
<arg>HM</arg>
<arg>HN</arg>
<arg>HR</arg>
<arg>HT</arg>
<arg>HU</arg>
<arg>ID</arg>
<arg>IE</arg>
<arg>IL</arg>
<arg>IM</arg>
<arg>IN</arg>
<arg>IO</arg>
<arg>IQ</arg>
<arg>IR</arg>
<arg>IS</arg>
<arg>IT</arg>
<arg>JE</arg>
<arg>JM</arg>
<arg>JO</arg>
<arg>JP</arg>
<arg>KE</arg>
<arg>KG</arg>
<arg>KH</arg>
<arg>KI</arg>
<arg>KM</arg>
<arg>KN</arg>
<arg>KP</arg>
<arg>KR</arg>
<arg>KW</arg>
<arg>KY</arg>
<arg>KZ</arg>
<arg>LA</arg>
<arg>LB</arg>
<arg>LC</arg>
<arg>LI</arg>
<arg>LK</arg>
<arg>LR</arg>
<arg>LS</arg>
<arg>LT</arg>
<arg>LU</arg>
<arg>LV</arg>
<arg>LY</arg>
<arg>MA</arg>
<arg>MC</arg>
<arg>MD</arg>
<arg>ME</arg>
<arg>MF</arg>
<arg>MG</arg>
<arg>MH</arg>
<arg>MK</arg>
<arg>ML</arg>
<arg>MM</arg>
<arg>MN</arg>
<arg>MO</arg>
<arg>MP</arg>
<arg>MQ</arg>
<arg>MR</arg>
<arg>MS</arg>
<arg>MT</arg>
<arg>MU</arg>
<arg>MV</arg>
<arg>MW</arg>
<arg>MX</arg>
<arg>MY</arg>
<arg>MZ</arg>
<arg>NA</arg>
<arg>NC</arg>
<arg>NE</arg>
<arg>NF</arg>
<arg>NG</arg>
<arg>NI</arg>
<arg>NL</arg>
<arg>NO</arg>
<arg>NP</arg>
<arg>NR</arg>
<arg>NU</arg>
<arg>NZ</arg>
<arg>OM</arg>
<arg>PA</arg>
<arg>PE</arg>
<arg>PF</arg>
<arg>PG</arg>
<arg>PH</arg>
<arg>PK</arg>
<arg>PL</arg>
<arg>PM</arg>
<arg>PN</arg>
<arg>PR</arg>
<arg>PS</arg>
<arg>PT</arg>
<arg>PW</arg>
<arg>PY</arg>
<arg>QA</arg>
<arg>RE</arg>
<arg>RO</arg>
<arg>RS</arg>
<arg>RU</arg>
<arg>RW</arg>
<arg>SA</arg>
<arg>SB</arg>
<arg>SC</arg>
<arg>SD</arg>
<arg>SE</arg>
<arg>SG</arg>
<arg>SH</arg>
<arg>SI</arg>
<arg>SJ</arg>
<arg>SK</arg>
<arg>SL</arg>
<arg>SM</arg>
<arg>SN</arg>
<arg>SO</arg>
<arg>SR</arg>
<arg>SS</arg>
<arg>ST</arg>
<arg>SV</arg>
<arg>SX</arg>
<arg>SY</arg>
<arg>SZ</arg>
<arg>TC</arg>
<arg>TD</arg>
<arg>TF</arg>
<arg>TG</arg>
<arg>TH</arg>
<arg>TJ</arg>
<arg>TK</arg>
<arg>TL</arg>
<arg>TM</arg>
<arg>TN</arg>
<arg>TO</arg>
<arg>TR</arg>
<arg>TT</arg>
<arg>TV</arg>
<arg>TW</arg>
<arg>TZ</arg>
<arg>UA</arg>
<arg>UG</arg>
<arg>UM</arg>
<arg>US</arg>
<arg>UY</arg>
<arg>UZ</arg>
<arg>VA</arg>
<arg>VC</arg>
<arg>VE</arg>
<arg>VG</arg>
<arg>VI</arg>
<arg>VN</arg>
<arg>VU</arg>
<arg>WF</arg>
<arg>WS</arg>
<arg>XK</arg>
<arg>YE</arg>
<arg>YT</arg>
<arg>ZA</arg>
<arg>ZM</arg>
<arg>ZW</arg>
<doc>Returns a list containing given items.</doc>
<status status="PASS" start="2024-06-20T03:16:20.507240" elapsed="0.000618"/>
</kw>
<kw name="List Should Contain Value" owner="Collections">
<arg>${list_country}</arg>
<arg>${name_country}</arg>
<doc>Fails if the ``value`` is not found from ``list``.</doc>
<status status="PASS" start="2024-06-20T03:16:20.508664" elapsed="0.000199"/>
</kw>
<kw name="Run Keyword If" owner="BuiltIn">
<kw name="Should Be True" owner="BuiltIn">
<arg>${True}</arg>
<doc>Fails if the given condition is not true.</doc>
<status status="PASS" start="2024-06-20T03:16:20.509803" elapsed="0.000139"/>
</kw>
<arg>${json_data["results"][0]["location"]["coordinates"]["latitude"]} &gt;= -90 and ${json_data["results"][0]["location"]["coordinates"]["latitude"]} &lt;= 90</arg>
<arg>Should Be True</arg>
<arg>${True}</arg>
<doc>Runs the given keyword with the given arguments, if ``condition`` is true.</doc>
<status status="PASS" start="2024-06-20T03:16:20.509064" elapsed="0.001003"/>
</kw>
<kw name="Run Keyword If" owner="BuiltIn">
<kw name="Should Be True" owner="BuiltIn">
<arg>${True}</arg>
<doc>Fails if the given condition is not true.</doc>
<status status="PASS" start="2024-06-20T03:16:20.510980" elapsed="0.000237"/>
</kw>
<arg>${json_data["results"][0]["location"]["coordinates"]["longitude"]} &gt;= -180 and ${json_data["results"][0]["location"]["coordinates"]["longitude"]} &lt;= 180</arg>
<arg>Should Be True</arg>
<arg>${True}</arg>
<doc>Runs the given keyword with the given arguments, if ``condition`` is true.</doc>
<status status="PASS" start="2024-06-20T03:16:20.510249" elapsed="0.001095"/>
</kw>
<status status="PASS" start="2024-06-20T03:16:20.404367" elapsed="0.107108"/>
</kw>
<doc>Testa o conteúdo específico dos campos retornados pela API.</doc>
<tag>testeConteudo</tag>
<status status="PASS" start="2024-06-20T03:16:20.403829" elapsed="0.107799"/>
</test>
<status status="PASS" start="2024-06-20T03:16:19.661536" elapsed="0.852095"/>
</suite>
<status status="PASS" start="2024-06-20T03:16:19.647309" elapsed="0.871417"/>
</suite>
<statistics>
<total>
<stat pass="5" fail="0" skip="0">All Tests</stat>
</total>
<tag>
<stat pass="1" fail="0" skip="0">testeConteudo</stat>
<stat pass="1" fail="0" skip="0">testeEstruturaResposta</stat>
<stat pass="1" fail="0" skip="0">testeRequisicaoBasica</stat>
<stat pass="1" fail="0" skip="0">testeTiposDados</stat>
</tag>
<suite>
<stat pass="5" fail="0" skip="0" id="s1" name="Tests">Tests</stat>
<stat pass="5" fail="0" skip="0" id="s1-s1" name="Random-User-Test">Tests.Random-User-Test</stat>
</suite>
</statistics>
<errors>
</errors>
</robot>
