<?xml version="1.0" encoding="UTF-8"?>
<robot generator="Robot 7.0 (Python 3.12.2 on linux)" generated="2024-04-06T12:23:14.434493" rpa="false" schemaversion="5">
<suite id="s1" name="Tests" source="/home/runner/work/DesafioQAItauRogerioJordao/DesafioQAItauRogerioJordao/RamdonUser/tests">
<suite id="s1-s1" name="Random-User-Test" source="/home/runner/work/DesafioQAItauRogerioJordao/DesafioQAItauRogerioJordao/RamdonUser/tests/random-user-test.robot">
<test id="s1-s1-t1" name="Conectar" line="13">
<kw name="Conectar API" owner="random-user-service">
<kw name="Create Session" owner="RequestsLibrary">
<msg time="2024-04-06T12:23:14.784069" level="INFO">Creating Session using : alias=consultarAPI, url=https://randomuser.me/, headers={},                     cookies={}, auth=None, timeout=None, proxies=None, verify=False,                     debug=0 </msg>
<arg>consultarAPI</arg>
<arg>${URL}</arg>
<doc>Create Session: create a HTTP session to a server</doc>
<status status="PASS" start="2024-04-06T12:23:14.783872" elapsed="0.000354"/>
</kw>
<status status="PASS" start="2024-04-06T12:23:14.782886" elapsed="0.001690"/>
</kw>
<status status="PASS" start="2024-04-06T12:23:14.782288" elapsed="0.002502"/>
</test>
<test id="s1-s1-t2" name="Validar retorno 200 e JSON Válido" line="16">
<kw name="Teste de Requisicao Basica" owner="random-user-service">
<kw name="GET On Session" owner="RequestsLibrary">
<msg time="2024-04-06T12:23:15.206182" level="INFO">GET Request : url=https://randomuser.me/api 
 path_url=/api 
 headers={'User-Agent': 'python-requests/2.31.0', 'Accept-Encoding': 'gzip, deflate', 'Accept': '*/*', 'Connection': 'keep-alive'} 
 body=None 
 </msg>
<msg time="2024-04-06T12:23:15.206324" level="INFO">GET Response : url=https://randomuser.me/api 
 status=200, reason=OK 
 headers={'Date': 'Sat, 06 Apr 2024 12:23:15 GMT', 'Content-Type': 'application/json; charset=utf-8', 'Transfer-Encoding': 'chunked', 'Connection': 'keep-alive', 'X-Powered-By': 'Express', 'Access-Control-Allow-Origin': '*', 'Cache-Control': 'no-cache', 'ETag': 'W/"49b-QJOJ1/TTe5btmrcl1OFBpeNWdx0"', 'Vary': 'Accept-Encoding', 'Content-Encoding': 'gzip', 'CF-Cache-Status': 'DYNAMIC', 'Report-To': '{"endpoints":[{"url":"https:\\/\\/a.nel.cloudflare.com\\/report\\/v4?s=qmExGL8xz%2FG1KS5HFQwIpcV4BfQ5N10B3t9D6VcKSowytCGGODl6Qh%2BosAUG6IuWAYC3%2FSw%2B2%2FsQd84Plhw83eoZzDUsEDvSx0fXm3GCCwbWIusTCAqLzrSmi1ZXR4ja"}],"group":"cf-nel","max_age":604800}', 'NEL': '{"success_fraction":0,"report_to":"cf-nel","max_age":604800}', 'Server': 'cloudflare', 'CF-RAY': '8701bf7dab9c0125-ORD', 'alt-svc': 'h3=":443"; ma=86400'} 
 body={"results":[{"gender":"female","name":{"title":"Ms","first":"Iwona","last":"Mayer"},"location":{"street":{"number":8498,"name":"Schulweg"},"city":"Bad Elster","state":"Baden-Württemberg","country":"Germany","postcode":72680,"coordinates":{"latitude":"-50.5823","longitude":"102.2262"},"timezone":{"offset":"+1:00","description":"Brussels, Copenhagen, Madrid, Paris"}},"email":"iwona.mayer@example.com","login":{"uuid":"79c7dd00-bd59-4972-a34a-c01a8b8cc516","username":"redrabbit101","password":"deedee","salt":"1wLLBlQn","md5":"87ab33f13bf9d1c2ebf7e21915557954","sha1":"63fb73cf69f4574dc9039a87197fdaf7fdf3d051","sha256":"bace6baf40a99f0366e25d3020055331a7b172aa136be4c10000a73f7ba3d7a9"},"dob":{"date":"1951-02-27T08:16:15.371Z","age":73},"registered":{"date":"2015-11-12T14:28:26.265Z","age":8},"phone":"0758-7304417","cell":"0174-2104002","id":{"name":"SVNR","value":"24 270251 M 555"},"picture":{"large":"https://randomuser.me/api/portraits/women/51.jpg","medium":"https://randomuser.me/api/portraits/med/women/51.jpg","thumbnail":"https://randomuser.me/api/portraits/thumb/women/51.jpg"},"nat":"DE"}],"info":{"seed":"b1f835bbbc9448dd","results":1,"page":1,"version":"1.4"}} 
 </msg>
<msg time="2024-04-06T12:23:15.206431" level="INFO">/opt/hostedtoolcache/Python/3.12.2/x64/lib/python3.12/site-packages/urllib3/connectionpool.py:1103: InsecureRequestWarning: Unverified HTTPS request is being made to host 'randomuser.me'. Adding certificate verification is strongly advised. See: https://urllib3.readthedocs.io/en/latest/advanced-usage.html#tls-warnings
  warnings.warn(</msg>
<msg time="2024-04-06T12:23:15.206584" level="INFO">${response} = &lt;Response [200]&gt;</msg>
<var>${response}</var>
<arg>consultarAPI</arg>
<arg>/api</arg>
<doc>Sends a GET request on a previously created HTTP Session.</doc>
<status status="PASS" start="2024-04-06T12:23:14.787478" elapsed="0.419149"/>
</kw>
<kw name="Should Be Equal As Numbers" owner="BuiltIn">
<msg time="2024-04-06T12:23:15.207553" level="INFO">Argument types are:
&lt;class 'int'&gt;
&lt;class 'str'&gt;</msg>
<arg>${response.status_code}</arg>
<arg>200</arg>
<doc>Fails if objects are unequal after converting them to real numbers.</doc>
<status status="PASS" start="2024-04-06T12:23:15.207109" elapsed="0.000511"/>
</kw>
<kw name="Log" owner="BuiltIn">
<msg time="2024-04-06T12:23:15.208288" level="INFO">200</msg>
<arg>${response.status_code}</arg>
<doc>Logs the given message with the given level.</doc>
<status status="PASS" start="2024-04-06T12:23:15.207938" elapsed="0.000392"/>
</kw>
<kw name="Set Variable" owner="BuiltIn">
<msg time="2024-04-06T12:23:15.209102" level="INFO">${json_data} = {'results': [{'gender': 'female', 'name': {'title': 'Ms', 'first': 'Iwona', 'last': 'Mayer'}, 'location': {'street': {'number': 8498, 'name': 'Schulweg'}, 'city': 'Bad Elster', 'state': 'Baden-Württem...</msg>
<var>${json_data}</var>
<arg>${response.json()}</arg>
<doc>Returns the given values which can then be assigned to a variables.</doc>
<status status="PASS" start="2024-04-06T12:23:15.208650" elapsed="0.000481"/>
</kw>
<kw name="Dictionary Should Contain Key" owner="Collections">
<msg time="2024-04-06T12:23:15.209640" level="INFO">False</msg>
<arg>${json_data}</arg>
<arg>results</arg>
<doc>Fails if ``key`` is not found from ``dictionary``.</doc>
<status status="PASS" start="2024-04-06T12:23:15.209471" elapsed="0.000207"/>
</kw>
<status status="PASS" start="2024-04-06T12:23:14.787223" elapsed="0.422717"/>
</kw>
<doc>Testa se a API responde corretamente e retorna um objeto JSON válido.</doc>
<tag>testeRequisicaoBasica</tag>
<status status="PASS" start="2024-04-06T12:23:14.786661" elapsed="0.423466"/>
</test>
<test id="s1-s1-t3" name="Validar estrutura de resposta" line="22">
<kw name="Teste de Estrutura de Resposta" owner="random-user-service">
<kw name="GET On Session" owner="RequestsLibrary">
<msg time="2024-04-06T12:23:15.253434" level="INFO">GET Request : url=https://randomuser.me/api 
 path_url=/api 
 headers={'User-Agent': 'python-requests/2.31.0', 'Accept-Encoding': 'gzip, deflate', 'Accept': '*/*', 'Connection': 'keep-alive'} 
 body=None 
 </msg>
<msg time="2024-04-06T12:23:15.253539" level="INFO">GET Response : url=https://randomuser.me/api 
 status=200, reason=OK 
 headers={'Date': 'Sat, 06 Apr 2024 12:23:15 GMT', 'Content-Type': 'application/json; charset=utf-8', 'Transfer-Encoding': 'chunked', 'Connection': 'keep-alive', 'X-Powered-By': 'Express', 'Access-Control-Allow-Origin': '*', 'Cache-Control': 'no-cache', 'ETag': 'W/"467-wjkqQM+lraOl9euqxBD1Lmi5LMQ"', 'Vary': 'Accept-Encoding', 'Content-Encoding': 'gzip', 'CF-Cache-Status': 'DYNAMIC', 'Report-To': '{"endpoints":[{"url":"https:\\/\\/a.nel.cloudflare.com\\/report\\/v4?s=Sm7Cpcplj6pJQX7F5Qod4zm0MckUFmwiqk0v3OD3r15QGXdLZTNQMfG7w1n1ZQSiginrw7FGXKNjYs9VKKrQ%2FUtbuP%2BK4e9oMguGVMH7SFZXxmr%2F177ybakIf%2FpjeSDS"}],"group":"cf-nel","max_age":604800}', 'NEL': '{"success_fraction":0,"report_to":"cf-nel","max_age":604800}', 'Server': 'cloudflare', 'CF-RAY': '8701bf801e220125-ORD', 'alt-svc': 'h3=":443"; ma=86400'} 
 body={"results":[{"gender":"male","name":{"title":"Mr","first":"Benjamin","last":"Roy"},"location":{"street":{"number":4955,"name":"Cedar St"},"city":"Cadillac","state":"Québec","country":"Canada","postcode":"U3P 8L2","coordinates":{"latitude":"-69.2700","longitude":"-98.3953"},"timezone":{"offset":"+3:30","description":"Tehran"}},"email":"benjamin.roy@example.com","login":{"uuid":"2c9731cf-d9cf-4edb-9200-341eaa1ae964","username":"angrybear296","password":"boxer","salt":"ZLW061T2","md5":"40e71dc8c2cf92a3a2dcfeb9ec3e4058","sha1":"9f448121634a44c4538139443be537f5e33c69af","sha256":"21cb278dcacae348064c2a74a18ca1b827656f5a59cfdc0b58b1277e952868aa"},"dob":{"date":"1958-11-17T17:51:08.252Z","age":65},"registered":{"date":"2003-07-24T04:53:21.231Z","age":20},"phone":"R60 R96-3211","cell":"O59 Z92-8106","id":{"name":"SIN","value":"173874728"},"picture":{"large":"https://randomuser.me/api/portraits/men/87.jpg","medium":"https://randomuser.me/api/portraits/med/men/87.jpg","thumbnail":"https://randomuser.me/api/portraits/thumb/men/87.jpg"},"nat":"CA"}],"info":{"seed":"081671bce1ee0dd1","results":1,"page":1,"version":"1.4"}} 
 </msg>
<msg time="2024-04-06T12:23:15.253695" level="INFO">/opt/hostedtoolcache/Python/3.12.2/x64/lib/python3.12/site-packages/urllib3/connectionpool.py:1103: InsecureRequestWarning: Unverified HTTPS request is being made to host 'randomuser.me'. Adding certificate verification is strongly advised. See: https://urllib3.readthedocs.io/en/latest/advanced-usage.html#tls-warnings
  warnings.warn(</msg>
<msg time="2024-04-06T12:23:15.253831" level="INFO">${response} = &lt;Response [200]&gt;</msg>
<var>${response}</var>
<arg>consultarAPI</arg>
<arg>/api</arg>
<doc>Sends a GET request on a previously created HTTP Session.</doc>
<status status="PASS" start="2024-04-06T12:23:15.212930" elapsed="0.040945"/>
</kw>
<kw name="Set Variable" owner="BuiltIn">
<msg time="2024-04-06T12:23:15.255108" level="INFO">${json_data} = {'results': [{'gender': 'male', 'name': {'title': 'Mr', 'first': 'Benjamin', 'last': 'Roy'}, 'location': {'street': {'number': 4955, 'name': 'Cedar St'}, 'city': 'Cadillac', 'state': 'Québec', 'countr...</msg>
<var>${json_data}</var>
<arg>${response.json()}</arg>
<doc>Returns the given values which can then be assigned to a variables.</doc>
<status status="PASS" start="2024-04-06T12:23:15.254421" elapsed="0.000730"/>
</kw>
<kw name="Log" owner="BuiltIn">
<msg time="2024-04-06T12:23:15.255874" level="INFO">{'results': [{'gender': 'male', 'name': {'title': 'Mr', 'first': 'Benjamin', 'last': 'Roy'}, 'location': {'street': {'number': 4955, 'name': 'Cedar St'}, 'city': 'Cadillac', 'state': 'Québec', 'country': 'Canada', 'postcode': 'U3P 8L2', 'coordinates': {'latitude': '-69.2700', 'longitude': '-98.3953'}, 'timezone': {'offset': '+3:30', 'description': 'Tehran'}}, 'email': 'benjamin.roy@example.com', 'login': {'uuid': '2c9731cf-d9cf-4edb-9200-341eaa1ae964', 'username': 'angrybear296', 'password': 'boxer', 'salt': 'ZLW061T2', 'md5': '40e71dc8c2cf92a3a2dcfeb9ec3e4058', 'sha1': '9f448121634a44c4538139443be537f5e33c69af', 'sha256': '21cb278dcacae348064c2a74a18ca1b827656f5a59cfdc0b58b1277e952868aa'}, 'dob': {'date': '1958-11-17T17:51:08.252Z', 'age': 65}, 'registered': {'date': '2003-07-24T04:53:21.231Z', 'age': 20}, 'phone': 'R60 R96-3211', 'cell': 'O59 Z92-8106', 'id': {'name': 'SIN', 'value': '173874728'}, 'picture': {'large': 'https://randomuser.me/api/portraits/men/87.jpg', 'medium': 'https://randomuser.me/api/portraits/med/men/87.jpg', 'thumbnail': 'https://randomuser.me/api/portraits/thumb/men/87.jpg'}, 'nat': 'CA'}], 'info': {'seed': '081671bce1ee0dd1', 'results': 1, 'page': 1, 'version': '1.4'}}</msg>
<arg>${json_data}</arg>
<doc>Logs the given message with the given level.</doc>
<status status="PASS" start="2024-04-06T12:23:15.255612" elapsed="0.000349"/>
</kw>
<kw name="Dictionary Should Contain Key" owner="Collections">
<msg time="2024-04-06T12:23:15.256651" level="INFO">False</msg>
<arg>${json_data}</arg>
<arg>results</arg>
<doc>Fails if ``key`` is not found from ``dictionary``.</doc>
<status status="PASS" start="2024-04-06T12:23:15.256419" elapsed="0.000300"/>
</kw>
<kw name="Should Not Be Empty" owner="BuiltIn">
<msg time="2024-04-06T12:23:15.257432" level="INFO">Length is 2.</msg>
<arg>${json_data}</arg>
<doc>Verifies that the given item is not empty.</doc>
<status status="PASS" start="2024-04-06T12:23:15.257186" elapsed="0.000318"/>
</kw>
<kw name="Create List" owner="BuiltIn">
<msg time="2024-04-06T12:23:15.258229" level="INFO">${expected_keys} = ['gender', 'name', 'location', 'email', 'login']</msg>
<var>${expected_keys}</var>
<arg>gender</arg>
<arg>name</arg>
<arg>location</arg>
<arg>email</arg>
<arg>login</arg>
<doc>Returns a list containing given items.</doc>
<status status="PASS" start="2024-04-06T12:23:15.257990" elapsed="0.000280"/>
</kw>
<for flavor="IN">
<iter>
<kw name="Dictionary Should Contain Key" owner="Collections">
<msg time="2024-04-06T12:23:15.259778" level="INFO">False</msg>
<arg>${json_data['results'][0]}</arg>
<arg>${key}</arg>
<doc>Fails if ``key`` is not found from ``dictionary``.</doc>
<status status="PASS" start="2024-04-06T12:23:15.259135" elapsed="0.000713"/>
</kw>
<kw name="Log" owner="BuiltIn">
<msg time="2024-04-06T12:23:15.260966" level="INFO">{'gender': 'male', 'name': {'title': 'Mr', 'first': 'Benjamin', 'last': 'Roy'}, 'location': {'street': {'number': 4955, 'name': 'Cedar St'}, 'city': 'Cadillac', 'state': 'Québec', 'country': 'Canada', 'postcode': 'U3P 8L2', 'coordinates': {'latitude': '-69.2700', 'longitude': '-98.3953'}, 'timezone': {'offset': '+3:30', 'description': 'Tehran'}}, 'email': 'benjamin.roy@example.com', 'login': {'uuid': '2c9731cf-d9cf-4edb-9200-341eaa1ae964', 'username': 'angrybear296', 'password': 'boxer', 'salt': 'ZLW061T2', 'md5': '40e71dc8c2cf92a3a2dcfeb9ec3e4058', 'sha1': '9f448121634a44c4538139443be537f5e33c69af', 'sha256': '21cb278dcacae348064c2a74a18ca1b827656f5a59cfdc0b58b1277e952868aa'}, 'dob': {'date': '1958-11-17T17:51:08.252Z', 'age': 65}, 'registered': {'date': '2003-07-24T04:53:21.231Z', 'age': 20}, 'phone': 'R60 R96-3211', 'cell': 'O59 Z92-8106', 'id': {'name': 'SIN', 'value': '173874728'}, 'picture': {'large': 'https://randomuser.me/api/portraits/men/87.jpg', 'medium': 'https://randomuser.me/api/portraits/med/men/87.jpg', 'thumbnail': 'https://randomuser.me/api/portraits/thumb/men/87.jpg'}, 'nat': 'CA'}</msg>
<arg>${json_data['results'][0]}</arg>
<doc>Logs the given message with the given level.</doc>
<status status="PASS" start="2024-04-06T12:23:15.260333" elapsed="0.000716"/>
</kw>
<kw name="Log" owner="BuiltIn">
<msg time="2024-04-06T12:23:15.261740" level="INFO">gender</msg>
<arg>${key}</arg>
<doc>Logs the given message with the given level.</doc>
<status status="PASS" start="2024-04-06T12:23:15.261536" elapsed="0.000251"/>
</kw>
<var name="${key}">gender</var>
<status status="PASS" start="2024-04-06T12:23:15.258949" elapsed="0.003085"/>
</iter>
<iter>
<kw name="Dictionary Should Contain Key" owner="Collections">
<msg time="2024-04-06T12:23:15.262761" level="INFO">False</msg>
<arg>${json_data['results'][0]}</arg>
<arg>${key}</arg>
<doc>Fails if ``key`` is not found from ``dictionary``.</doc>
<status status="PASS" start="2024-04-06T12:23:15.262350" elapsed="0.000452"/>
</kw>
<kw name="Log" owner="BuiltIn">
<msg time="2024-04-06T12:23:15.263525" level="INFO">{'gender': 'male', 'name': {'title': 'Mr', 'first': 'Benjamin', 'last': 'Roy'}, 'location': {'street': {'number': 4955, 'name': 'Cedar St'}, 'city': 'Cadillac', 'state': 'Québec', 'country': 'Canada', 'postcode': 'U3P 8L2', 'coordinates': {'latitude': '-69.2700', 'longitude': '-98.3953'}, 'timezone': {'offset': '+3:30', 'description': 'Tehran'}}, 'email': 'benjamin.roy@example.com', 'login': {'uuid': '2c9731cf-d9cf-4edb-9200-341eaa1ae964', 'username': 'angrybear296', 'password': 'boxer', 'salt': 'ZLW061T2', 'md5': '40e71dc8c2cf92a3a2dcfeb9ec3e4058', 'sha1': '9f448121634a44c4538139443be537f5e33c69af', 'sha256': '21cb278dcacae348064c2a74a18ca1b827656f5a59cfdc0b58b1277e952868aa'}, 'dob': {'date': '1958-11-17T17:51:08.252Z', 'age': 65}, 'registered': {'date': '2003-07-24T04:53:21.231Z', 'age': 20}, 'phone': 'R60 R96-3211', 'cell': 'O59 Z92-8106', 'id': {'name': 'SIN', 'value': '173874728'}, 'picture': {'large': 'https://randomuser.me/api/portraits/men/87.jpg', 'medium': 'https://randomuser.me/api/portraits/med/men/87.jpg', 'thumbnail': 'https://randomuser.me/api/portraits/thumb/men/87.jpg'}, 'nat': 'CA'}</msg>
<arg>${json_data['results'][0]}</arg>
<doc>Logs the given message with the given level.</doc>
<status status="PASS" start="2024-04-06T12:23:15.263145" elapsed="0.000431"/>
</kw>
<kw name="Log" owner="BuiltIn">
<msg time="2024-04-06T12:23:15.264022" level="INFO">name</msg>
<arg>${key}</arg>
<doc>Logs the given message with the given level.</doc>
<status status="PASS" start="2024-04-06T12:23:15.263887" elapsed="0.000173"/>
</kw>
<var name="${key}">name</var>
<status status="PASS" start="2024-04-06T12:23:15.262231" elapsed="0.002054"/>
</iter>
<iter>
<kw name="Dictionary Should Contain Key" owner="Collections">
<msg time="2024-04-06T12:23:15.264967" level="INFO">False</msg>
<arg>${json_data['results'][0]}</arg>
<arg>${key}</arg>
<doc>Fails if ``key`` is not found from ``dictionary``.</doc>
<status status="PASS" start="2024-04-06T12:23:15.264582" elapsed="0.000424"/>
</kw>
<kw name="Log" owner="BuiltIn">
<msg time="2024-04-06T12:23:15.265714" level="INFO">{'gender': 'male', 'name': {'title': 'Mr', 'first': 'Benjamin', 'last': 'Roy'}, 'location': {'street': {'number': 4955, 'name': 'Cedar St'}, 'city': 'Cadillac', 'state': 'Québec', 'country': 'Canada', 'postcode': 'U3P 8L2', 'coordinates': {'latitude': '-69.2700', 'longitude': '-98.3953'}, 'timezone': {'offset': '+3:30', 'description': 'Tehran'}}, 'email': 'benjamin.roy@example.com', 'login': {'uuid': '2c9731cf-d9cf-4edb-9200-341eaa1ae964', 'username': 'angrybear296', 'password': 'boxer', 'salt': 'ZLW061T2', 'md5': '40e71dc8c2cf92a3a2dcfeb9ec3e4058', 'sha1': '9f448121634a44c4538139443be537f5e33c69af', 'sha256': '21cb278dcacae348064c2a74a18ca1b827656f5a59cfdc0b58b1277e952868aa'}, 'dob': {'date': '1958-11-17T17:51:08.252Z', 'age': 65}, 'registered': {'date': '2003-07-24T04:53:21.231Z', 'age': 20}, 'phone': 'R60 R96-3211', 'cell': 'O59 Z92-8106', 'id': {'name': 'SIN', 'value': '173874728'}, 'picture': {'large': 'https://randomuser.me/api/portraits/men/87.jpg', 'medium': 'https://randomuser.me/api/portraits/med/men/87.jpg', 'thumbnail': 'https://randomuser.me/api/portraits/thumb/men/87.jpg'}, 'nat': 'CA'}</msg>
<arg>${json_data['results'][0]}</arg>
<doc>Logs the given message with the given level.</doc>
<status status="PASS" start="2024-04-06T12:23:15.265315" elapsed="0.000454"/>
</kw>
<kw name="Log" owner="BuiltIn">
<msg time="2024-04-06T12:23:15.266208" level="INFO">location</msg>
<arg>${key}</arg>
<doc>Logs the given message with the given level.</doc>
<status status="PASS" start="2024-04-06T12:23:15.266076" elapsed="0.000171"/>
</kw>
<var name="${key}">location</var>
<status status="PASS" start="2024-04-06T12:23:15.264467" elapsed="0.002000"/>
</iter>
<iter>
<kw name="Dictionary Should Contain Key" owner="Collections">
<msg time="2024-04-06T12:23:15.267142" level="INFO">False</msg>
<arg>${json_data['results'][0]}</arg>
<arg>${key}</arg>
<doc>Fails if ``key`` is not found from ``dictionary``.</doc>
<status status="PASS" start="2024-04-06T12:23:15.266755" elapsed="0.000425"/>
</kw>
<kw name="Log" owner="BuiltIn">
<msg time="2024-04-06T12:23:15.267854" level="INFO">{'gender': 'male', 'name': {'title': 'Mr', 'first': 'Benjamin', 'last': 'Roy'}, 'location': {'street': {'number': 4955, 'name': 'Cedar St'}, 'city': 'Cadillac', 'state': 'Québec', 'country': 'Canada', 'postcode': 'U3P 8L2', 'coordinates': {'latitude': '-69.2700', 'longitude': '-98.3953'}, 'timezone': {'offset': '+3:30', 'description': 'Tehran'}}, 'email': 'benjamin.roy@example.com', 'login': {'uuid': '2c9731cf-d9cf-4edb-9200-341eaa1ae964', 'username': 'angrybear296', 'password': 'boxer', 'salt': 'ZLW061T2', 'md5': '40e71dc8c2cf92a3a2dcfeb9ec3e4058', 'sha1': '9f448121634a44c4538139443be537f5e33c69af', 'sha256': '21cb278dcacae348064c2a74a18ca1b827656f5a59cfdc0b58b1277e952868aa'}, 'dob': {'date': '1958-11-17T17:51:08.252Z', 'age': 65}, 'registered': {'date': '2003-07-24T04:53:21.231Z', 'age': 20}, 'phone': 'R60 R96-3211', 'cell': 'O59 Z92-8106', 'id': {'name': 'SIN', 'value': '173874728'}, 'picture': {'large': 'https://randomuser.me/api/portraits/men/87.jpg', 'medium': 'https://randomuser.me/api/portraits/med/men/87.jpg', 'thumbnail': 'https://randomuser.me/api/portraits/thumb/men/87.jpg'}, 'nat': 'CA'}</msg>
<arg>${json_data['results'][0]}</arg>
<doc>Logs the given message with the given level.</doc>
<status status="PASS" start="2024-04-06T12:23:15.267484" elapsed="0.000420"/>
</kw>
<kw name="Log" owner="BuiltIn">
<msg time="2024-04-06T12:23:15.268331" level="INFO">email</msg>
<arg>${key}</arg>
<doc>Logs the given message with the given level.</doc>
<status status="PASS" start="2024-04-06T12:23:15.268203" elapsed="0.000167"/>
</kw>
<var name="${key}">email</var>
<status status="PASS" start="2024-04-06T12:23:15.266644" elapsed="0.001952"/>
</iter>
<iter>
<kw name="Dictionary Should Contain Key" owner="Collections">
<msg time="2024-04-06T12:23:15.269278" level="INFO">False</msg>
<arg>${json_data['results'][0]}</arg>
<arg>${key}</arg>
<doc>Fails if ``key`` is not found from ``dictionary``.</doc>
<status status="PASS" start="2024-04-06T12:23:15.268888" elapsed="0.000428"/>
</kw>
<kw name="Log" owner="BuiltIn">
<msg time="2024-04-06T12:23:15.270021" level="INFO">{'gender': 'male', 'name': {'title': 'Mr', 'first': 'Benjamin', 'last': 'Roy'}, 'location': {'street': {'number': 4955, 'name': 'Cedar St'}, 'city': 'Cadillac', 'state': 'Québec', 'country': 'Canada', 'postcode': 'U3P 8L2', 'coordinates': {'latitude': '-69.2700', 'longitude': '-98.3953'}, 'timezone': {'offset': '+3:30', 'description': 'Tehran'}}, 'email': 'benjamin.roy@example.com', 'login': {'uuid': '2c9731cf-d9cf-4edb-9200-341eaa1ae964', 'username': 'angrybear296', 'password': 'boxer', 'salt': 'ZLW061T2', 'md5': '40e71dc8c2cf92a3a2dcfeb9ec3e4058', 'sha1': '9f448121634a44c4538139443be537f5e33c69af', 'sha256': '21cb278dcacae348064c2a74a18ca1b827656f5a59cfdc0b58b1277e952868aa'}, 'dob': {'date': '1958-11-17T17:51:08.252Z', 'age': 65}, 'registered': {'date': '2003-07-24T04:53:21.231Z', 'age': 20}, 'phone': 'R60 R96-3211', 'cell': 'O59 Z92-8106', 'id': {'name': 'SIN', 'value': '173874728'}, 'picture': {'large': 'https://randomuser.me/api/portraits/men/87.jpg', 'medium': 'https://randomuser.me/api/portraits/med/men/87.jpg', 'thumbnail': 'https://randomuser.me/api/portraits/thumb/men/87.jpg'}, 'nat': 'CA'}</msg>
<arg>${json_data['results'][0]}</arg>
<doc>Logs the given message with the given level.</doc>
<status status="PASS" start="2024-04-06T12:23:15.269652" elapsed="0.000418"/>
</kw>
<kw name="Log" owner="BuiltIn">
<msg time="2024-04-06T12:23:15.270503" level="INFO">login</msg>
<arg>${key}</arg>
<doc>Logs the given message with the given level.</doc>
<status status="PASS" start="2024-04-06T12:23:15.270375" elapsed="0.000268"/>
</kw>
<var name="${key}">login</var>
<status status="PASS" start="2024-04-06T12:23:15.268770" elapsed="0.002103"/>
</iter>
<var>${key}</var>
<value>@{expected_keys}</value>
<status status="PASS" start="2024-04-06T12:23:15.258675" elapsed="0.012325"/>
</for>
<kw name="Create List" owner="BuiltIn">
<msg time="2024-04-06T12:23:15.271382" level="INFO">${expected_keysTwo} = ['username', 'password']</msg>
<var>${expected_keysTwo}</var>
<arg>username</arg>
<arg>password</arg>
<doc>Returns a list containing given items.</doc>
<status status="PASS" start="2024-04-06T12:23:15.271195" elapsed="0.000210"/>
</kw>
<for flavor="IN">
<iter>
<kw name="Dictionary Should Contain Key" owner="Collections">
<msg time="2024-04-06T12:23:15.272290" level="INFO">False</msg>
<arg>${json_data['results'][0]['login']}</arg>
<arg>${keyTwo}</arg>
<doc>Fails if ``key`` is not found from ``dictionary``.</doc>
<status status="PASS" start="2024-04-06T12:23:15.271910" elapsed="0.000418"/>
</kw>
<kw name="Dictionary Should Contain Key" owner="Collections">
<msg time="2024-04-06T12:23:15.273017" level="INFO">False</msg>
<arg>${json_data['results'][0]['login']}</arg>
<arg>${keyTwo}</arg>
<doc>Fails if ``key`` is not found from ``dictionary``.</doc>
<status status="PASS" start="2024-04-06T12:23:15.272626" elapsed="0.000429"/>
</kw>
<kw name="Log" owner="BuiltIn">
<msg time="2024-04-06T12:23:15.273523" level="INFO">username</msg>
<arg>${keyTwo}</arg>
<doc>Logs the given message with the given level.</doc>
<status status="PASS" start="2024-04-06T12:23:15.273354" elapsed="0.000208"/>
</kw>
<var name="${keyTwo}">username</var>
<status status="PASS" start="2024-04-06T12:23:15.271798" elapsed="0.001987"/>
</iter>
<iter>
<kw name="Dictionary Should Contain Key" owner="Collections">
<msg time="2024-04-06T12:23:15.274454" level="INFO">False</msg>
<arg>${json_data['results'][0]['login']}</arg>
<arg>${keyTwo}</arg>
<doc>Fails if ``key`` is not found from ``dictionary``.</doc>
<status status="PASS" start="2024-04-06T12:23:15.274072" elapsed="0.000421"/>
</kw>
<kw name="Dictionary Should Contain Key" owner="Collections">
<msg time="2024-04-06T12:23:15.275228" level="INFO">False</msg>
<arg>${json_data['results'][0]['login']}</arg>
<arg>${keyTwo}</arg>
<doc>Fails if ``key`` is not found from ``dictionary``.</doc>
<status status="PASS" start="2024-04-06T12:23:15.274813" elapsed="0.000454"/>
</kw>
<kw name="Log" owner="BuiltIn">
<msg time="2024-04-06T12:23:15.275707" level="INFO">password</msg>
<arg>${keyTwo}</arg>
<doc>Logs the given message with the given level.</doc>
<status status="PASS" start="2024-04-06T12:23:15.275577" elapsed="0.000169"/>
</kw>
<var name="${keyTwo}">password</var>
<status status="PASS" start="2024-04-06T12:23:15.273961" elapsed="0.002003"/>
</iter>
<var>${keyTwo}</var>
<value>@{expected_keysTwo}</value>
<status status="PASS" start="2024-04-06T12:23:15.271647" elapsed="0.004441"/>
</for>
<status status="PASS" start="2024-04-06T12:23:15.212692" elapsed="0.063537"/>
</kw>
<doc>Testa a estrutura da resposta da API.</doc>
<tag>testeEstruturaResposta</tag>
<status status="PASS" start="2024-04-06T12:23:15.211961" elapsed="0.064424"/>
</test>
<test id="s1-s1-t4" name="Validar tipos de dados" line="28">
<kw name="Teste de Tipos de Dados" owner="random-user-service">
<kw name="GET On Session" owner="RequestsLibrary">
<msg time="2024-04-06T12:23:15.351659" level="INFO">GET Request : url=https://randomuser.me/api 
 path_url=/api 
 headers={'User-Agent': 'python-requests/2.31.0', 'Accept-Encoding': 'gzip, deflate', 'Accept': '*/*', 'Connection': 'keep-alive'} 
 body=None 
 </msg>
<msg time="2024-04-06T12:23:15.351744" level="INFO">GET Response : url=https://randomuser.me/api 
 status=200, reason=OK 
 headers={'Date': 'Sat, 06 Apr 2024 12:23:15 GMT', 'Content-Type': 'application/json; charset=utf-8', 'Transfer-Encoding': 'chunked', 'Connection': 'keep-alive', 'X-Powered-By': 'Express', 'Access-Control-Allow-Origin': '*', 'Cache-Control': 'no-cache', 'ETag': 'W/"4b1-24PkoXRNGh10vDg4fV46hS4JYdc"', 'Vary': 'Accept-Encoding', 'Content-Encoding': 'gzip', 'CF-Cache-Status': 'DYNAMIC', 'Report-To': '{"endpoints":[{"url":"https:\\/\\/a.nel.cloudflare.com\\/report\\/v4?s=anr1jp7lVJRBFuR6u4QbGzD7KCp6RQDncjWADkgy%2FRukwHK%2BCzjbPCdtL495LYlnii96iu2XuQcmWr2tsTwb%2F1Kw%2FomOAThrKmLTDGNcXYNG9hifSWvfJJQ1h%2B0p9KSh"}],"group":"cf-nel","max_age":604800}', 'NEL': '{"success_fraction":0,"report_to":"cf-nel","max_age":604800}', 'Server': 'cloudflare', 'CF-RAY': '8701bf807ebb0125-ORD', 'alt-svc': 'h3=":443"; ma=86400'} 
 body={"results":[{"gender":"female","name":{"title":"Ms","first":"Victoire","last":"Bourgeois"},"location":{"street":{"number":2385,"name":"Rue Dubois"},"city":"Angers","state":"Charente-Maritime","country":"France","postcode":39678,"coordinates":{"latitude":"-15.5002","longitude":"106.8016"},"timezone":{"offset":"-6:00","description":"Central Time (US &amp; Canada), Mexico City"}},"email":"victoire.bourgeois@example.com","login":{"uuid":"f1f33d02-5eb1-4e7d-8d44-c6d7a1d6f8ec","username":"crazypeacock477","password":"dale","salt":"6Tf6B1V2","md5":"a59d1fd6b14f710ad175a803b4366349","sha1":"b40b84aaf7435d19e4d17fa0aec8eeda31a9369e","sha256":"c314f385af52ec69193b4c77feaf1dc1f1dde8217d770353cfb4c83873bcbc9a"},"dob":{"date":"1993-08-25T00:56:38.846Z","age":30},"registered":{"date":"2011-12-10T00:52:04.017Z","age":12},"phone":"01-84-95-97-65","cell":"06-16-85-77-88","id":{"name":"INSEE","value":"2930742129744 86"},"picture":{"large":"https://randomuser.me/api/portraits/women/64.jpg","medium":"https://randomuser.me/api/portraits/med/women/64.jpg","thumbnail":"https://randomuser.me/api/portraits/thumb/women/64.jpg"},"nat":"FR"}],"info":{"seed":"7442e5933ceeae37","results":1,"page":1,"version":"1.4"}} 
 </msg>
<msg time="2024-04-06T12:23:15.351820" level="INFO">/opt/hostedtoolcache/Python/3.12.2/x64/lib/python3.12/site-packages/urllib3/connectionpool.py:1103: InsecureRequestWarning: Unverified HTTPS request is being made to host 'randomuser.me'. Adding certificate verification is strongly advised. See: https://urllib3.readthedocs.io/en/latest/advanced-usage.html#tls-warnings
  warnings.warn(</msg>
<msg time="2024-04-06T12:23:15.351933" level="INFO">${response} = &lt;Response [200]&gt;</msg>
<var>${response}</var>
<arg>consultarAPI</arg>
<arg>/api</arg>
<doc>Sends a GET request on a previously created HTTP Session.</doc>
<status status="PASS" start="2024-04-06T12:23:15.278858" elapsed="0.073119"/>
</kw>
<kw name="Set Variable" owner="BuiltIn">
<msg time="2024-04-06T12:23:15.352889" level="INFO">${json_data} = {'results': [{'gender': 'female', 'name': {'title': 'Ms', 'first': 'Victoire', 'last': 'Bourgeois'}, 'location': {'street': {'number': 2385, 'name': 'Rue Dubois'}, 'city': 'Angers', 'state': 'Charente...</msg>
<var>${json_data}</var>
<arg>${response.json()}</arg>
<doc>Returns the given values which can then be assigned to a variables.</doc>
<status status="PASS" start="2024-04-06T12:23:15.352419" elapsed="0.000499"/>
</kw>
<kw name="Log" owner="BuiltIn">
<msg time="2024-04-06T12:23:15.353421" level="INFO">{'results': [{'gender': 'female', 'name': {'title': 'Ms', 'first': 'Victoire', 'last': 'Bourgeois'}, 'location': {'street': {'number': 2385, 'name': 'Rue Dubois'}, 'city': 'Angers', 'state': 'Charente-Maritime', 'country': 'France', 'postcode': 39678, 'coordinates': {'latitude': '-15.5002', 'longitude': '106.8016'}, 'timezone': {'offset': '-6:00', 'description': 'Central Time (US &amp; Canada), Mexico City'}}, 'email': 'victoire.bourgeois@example.com', 'login': {'uuid': 'f1f33d02-5eb1-4e7d-8d44-c6d7a1d6f8ec', 'username': 'crazypeacock477', 'password': 'dale', 'salt': '6Tf6B1V2', 'md5': 'a59d1fd6b14f710ad175a803b4366349', 'sha1': 'b40b84aaf7435d19e4d17fa0aec8eeda31a9369e', 'sha256': 'c314f385af52ec69193b4c77feaf1dc1f1dde8217d770353cfb4c83873bcbc9a'}, 'dob': {'date': '1993-08-25T00:56:38.846Z', 'age': 30}, 'registered': {'date': '2011-12-10T00:52:04.017Z', 'age': 12}, 'phone': '01-84-95-97-65', 'cell': '06-16-85-77-88', 'id': {'name': 'INSEE', 'value': '2930742129744 86'}, 'picture': {'large': 'https://randomuser.me/api/portraits/women/64.jpg', 'medium': 'https://randomuser.me/api/portraits/med/women/64.jpg', 'thumbnail': 'https://randomuser.me/api/portraits/thumb/women/64.jpg'}, 'nat': 'FR'}], 'info': {'seed': '7442e5933ceeae37', 'results': 1, 'page': 1, 'version': '1.4'}}</msg>
<arg>${json_data}</arg>
<doc>Logs the given message with the given level.</doc>
<status status="PASS" start="2024-04-06T12:23:15.353234" elapsed="0.000241"/>
</kw>
<kw name="Should Be String" owner="String">
<arg>${json_data['results'][0]['gender']}</arg>
<doc>Fails if the given ``item`` is not a string.</doc>
<status status="PASS" start="2024-04-06T12:23:15.353812" elapsed="0.000373"/>
</kw>
<kw name="Should Match Regexp" owner="BuiltIn">
<arg>${json_data['results'][0]['email']}</arg>
<arg>^[a-zA-Z0-9._%+-]+@[a-zA-Z0-9.-]+\.[a-zA-Z]{2,}$</arg>
<doc>Fails if ``string`` does not match ``pattern`` as a regular expression.</doc>
<status status="PASS" start="2024-04-06T12:23:15.354384" elapsed="0.000523"/>
</kw>
<kw name="Should Match Regexp" owner="BuiltIn">
<arg>${json_data['results'][0]['dob']['date']}</arg>
<arg>\\d{4}-\\d{2}-\\d{2}T\\d{2}:\\d{2}:\\d{2}\\.\\d{3}Z</arg>
<doc>Fails if ``string`` does not match ``pattern`` as a regular expression.</doc>
<status status="PASS" start="2024-04-06T12:23:15.355109" elapsed="0.000504"/>
</kw>
<kw name="Should Match Regexp" owner="BuiltIn">
<arg>${json_data['results'][0]['registered']['date']}</arg>
<arg>\\d{4}-\\d{2}-\\d{2}T\\d{2}:\\d{2}:\\d{2}\\.\\d{3}Z</arg>
<doc>Fails if ``string`` does not match ``pattern`` as a regular expression.</doc>
<status status="PASS" start="2024-04-06T12:23:15.355812" elapsed="0.000378"/>
</kw>
<kw name="Should Match Regexp" owner="BuiltIn">
<arg>${json_data['results'][0]['picture']['large']}</arg>
<arg>^https?://.*\.(?:png|jpe?g|gif|bmp)$</arg>
<doc>Fails if ``string`` does not match ``pattern`` as a regular expression.</doc>
<status status="PASS" start="2024-04-06T12:23:15.356382" elapsed="0.000460"/>
</kw>
<kw name="Should Match Regexp" owner="BuiltIn">
<arg>${json_data['results'][0]['picture']['medium']}</arg>
<arg>^https?://.*\.(?:png|jpe?g|gif|bmp)$</arg>
<doc>Fails if ``string`` does not match ``pattern`` as a regular expression.</doc>
<status status="PASS" start="2024-04-06T12:23:15.357043" elapsed="0.000379"/>
</kw>
<kw name="Should Match Regexp" owner="BuiltIn">
<arg>${json_data['results'][0]['picture']['thumbnail']}</arg>
<arg>^https?://.*\.(?:png|jpe?g|gif|bmp)$</arg>
<doc>Fails if ``string`` does not match ``pattern`` as a regular expression.</doc>
<status status="PASS" start="2024-04-06T12:23:15.357617" elapsed="0.000368"/>
</kw>
<kw name="Log" owner="BuiltIn">
<msg time="2024-04-06T12:23:15.358532" level="INFO">{'large': 'https://randomuser.me/api/portraits/women/64.jpg', 'medium': 'https://randomuser.me/api/portraits/med/women/64.jpg', 'thumbnail': 'https://randomuser.me/api/portraits/thumb/women/64.jpg'}</msg>
<arg>${json_data['results'][0]['picture']}</arg>
<doc>Logs the given message with the given level.</doc>
<status status="PASS" start="2024-04-06T12:23:15.358171" elapsed="0.000415"/>
</kw>
<status status="PASS" start="2024-04-06T12:23:15.278628" elapsed="0.080215"/>
</kw>
<kw name="Teste de Tipos de Dados - Postcode" owner="random-user-service">
<kw name="GET On Session" owner="RequestsLibrary">
<msg time="2024-04-06T12:23:15.455902" level="INFO">GET Request : url=https://randomuser.me/api 
 path_url=/api 
 headers={'User-Agent': 'python-requests/2.31.0', 'Accept-Encoding': 'gzip, deflate', 'Accept': '*/*', 'Connection': 'keep-alive'} 
 body=None 
 </msg>
<msg time="2024-04-06T12:23:15.455999" level="INFO">GET Response : url=https://randomuser.me/api 
 status=200, reason=OK 
 headers={'Date': 'Sat, 06 Apr 2024 12:23:15 GMT', 'Content-Type': 'application/json; charset=utf-8', 'Transfer-Encoding': 'chunked', 'Connection': 'keep-alive', 'X-Powered-By': 'Express', 'Access-Control-Allow-Origin': '*', 'Cache-Control': 'no-cache', 'ETag': 'W/"487-SKvSeA88ftdO2jL7nh6CuoGxIdA"', 'Vary': 'Accept-Encoding', 'Content-Encoding': 'gzip', 'CF-Cache-Status': 'DYNAMIC', 'Report-To': '{"endpoints":[{"url":"https:\\/\\/a.nel.cloudflare.com\\/report\\/v4?s=ukS2n0cuSRljU9CEIvrHy80XpwHXkx%2FmyRb6CnbFVoriBZvt6jzCGZBb4Zg1K%2BX7e6NWoNbIA3tgkNuvJuo3pKxCpfT0EmR%2FDCf3F%2BGMLMXJEgdtNcAdd7pDDVTo1T6f"}],"group":"cf-nel","max_age":604800}', 'NEL': '{"success_fraction":0,"report_to":"cf-nel","max_age":604800}', 'Server': 'cloudflare', 'CF-RAY': '8701bf80ff340125-ORD', 'alt-svc': 'h3=":443"; ma=86400'} 
 body={"results":[{"gender":"male","name":{"title":"Mr","first":"Arsen","last":"Koshoviy"},"location":{"street":{"number":6658,"name":"Provulok Panasa Mirnogo"},"city":"Dolinska","state":"Kiyivska","country":"Ukraine","postcode":28541,"coordinates":{"latitude":"80.7134","longitude":"-161.7337"},"timezone":{"offset":"-8:00","description":"Pacific Time (US &amp; Canada)"}},"email":"arsen.koshoviy@example.com","login":{"uuid":"072aa463-7174-4f0a-a1a3-0d5f3b5c4e1a","username":"purpleduck133","password":"anime","salt":"CgEp9aNi","md5":"4a7a22820228aa343036ec7bfc46da1c","sha1":"d0f76df29da3cf2c7736bf26b21d83cb5be48d0b","sha256":"90bbef0ea92a588965e823f777907a533dab01fa4cbc148879fe46fa829550fa"},"dob":{"date":"1994-01-29T09:52:20.483Z","age":30},"registered":{"date":"2009-02-24T13:54:45.111Z","age":15},"phone":"(067) T38-2906","cell":"(096) F17-1289","id":{"name":"","value":null},"picture":{"large":"https://randomuser.me/api/portraits/men/94.jpg","medium":"https://randomuser.me/api/portraits/med/men/94.jpg","thumbnail":"https://randomuser.me/api/portraits/thumb/men/94.jpg"},"nat":"UA"}],"info":{"seed":"a09697d7410e21b3","results":1,"page":1,"version":"1.4"}} 
 </msg>
<msg time="2024-04-06T12:23:15.456087" level="INFO">/opt/hostedtoolcache/Python/3.12.2/x64/lib/python3.12/site-packages/urllib3/connectionpool.py:1103: InsecureRequestWarning: Unverified HTTPS request is being made to host 'randomuser.me'. Adding certificate verification is strongly advised. See: https://urllib3.readthedocs.io/en/latest/advanced-usage.html#tls-warnings
  warnings.warn(</msg>
<msg time="2024-04-06T12:23:15.456210" level="INFO">${response} = &lt;Response [200]&gt;</msg>
<var>${response}</var>
<arg>consultarAPI</arg>
<arg>/api</arg>
<doc>Sends a GET request on a previously created HTTP Session.</doc>
<status status="PASS" start="2024-04-06T12:23:15.359419" elapsed="0.096828"/>
</kw>
<kw name="Set Variable" owner="BuiltIn">
<msg time="2024-04-06T12:23:15.457039" level="INFO">${json_data} = {'results': [{'gender': 'male', 'name': {'title': 'Mr', 'first': 'Arsen', 'last': 'Koshoviy'}, 'location': {'street': {'number': 6658, 'name': 'Provulok Panasa Mirnogo'}, 'city': 'Dolinska', 'state': ...</msg>
<var>${json_data}</var>
<arg>${response.json()}</arg>
<doc>Returns the given values which can then be assigned to a variables.</doc>
<status status="PASS" start="2024-04-06T12:23:15.456612" elapsed="0.000454"/>
</kw>
<kw name="Log" owner="BuiltIn">
<msg time="2024-04-06T12:23:15.457570" level="INFO">{'results': [{'gender': 'male', 'name': {'title': 'Mr', 'first': 'Arsen', 'last': 'Koshoviy'}, 'location': {'street': {'number': 6658, 'name': 'Provulok Panasa Mirnogo'}, 'city': 'Dolinska', 'state': 'Kiyivska', 'country': 'Ukraine', 'postcode': 28541, 'coordinates': {'latitude': '80.7134', 'longitude': '-161.7337'}, 'timezone': {'offset': '-8:00', 'description': 'Pacific Time (US &amp; Canada)'}}, 'email': 'arsen.koshoviy@example.com', 'login': {'uuid': '072aa463-7174-4f0a-a1a3-0d5f3b5c4e1a', 'username': 'purpleduck133', 'password': 'anime', 'salt': 'CgEp9aNi', 'md5': '4a7a22820228aa343036ec7bfc46da1c', 'sha1': 'd0f76df29da3cf2c7736bf26b21d83cb5be48d0b', 'sha256': '90bbef0ea92a588965e823f777907a533dab01fa4cbc148879fe46fa829550fa'}, 'dob': {'date': '1994-01-29T09:52:20.483Z', 'age': 30}, 'registered': {'date': '2009-02-24T13:54:45.111Z', 'age': 15}, 'phone': '(067) T38-2906', 'cell': '(096) F17-1289', 'id': {'name': '', 'value': None}, 'picture': {'large': 'https://randomuser.me/api/portraits/men/94.jpg', 'medium': 'https://randomuser.me/api/portraits/med/men/94.jpg', 'thumbnail': 'https://randomuser.me/api/portraits/thumb/men/94.jpg'}, 'nat': 'UA'}], 'info': {'seed': 'a09697d7410e21b3', 'results': 1, 'page': 1, 'version': '1.4'}}</msg>
<arg>${json_data}</arg>
<doc>Logs the given message with the given level.</doc>
<status status="PASS" start="2024-04-06T12:23:15.457400" elapsed="0.000218"/>
</kw>
<kw name="Should Be Equal As Numbers" owner="BuiltIn">
<arg>${json_data['results'][0]['location']['postcode']}</arg>
<arg>${json_data['results'][0]['location']['postcode']}</arg>
<doc>Fails if objects are unequal after converting them to real numbers.</doc>
<status status="PASS" start="2024-04-06T12:23:15.457917" elapsed="0.000657"/>
</kw>
<kw name="Log" owner="BuiltIn">
<msg time="2024-04-06T12:23:15.459117" level="INFO">28541</msg>
<arg>${json_data['results'][0]['location']['postcode']}</arg>
<doc>Logs the given message with the given level.</doc>
<status status="PASS" start="2024-04-06T12:23:15.458769" elapsed="0.000389"/>
</kw>
<status status="PASS" start="2024-04-06T12:23:15.359060" elapsed="0.100352"/>
</kw>
<doc>Testa se os tipos de dados na resposta da API estão corretos.</doc>
<tag>testeTiposDados</tag>
<status status="PASS" start="2024-04-06T12:23:15.278194" elapsed="0.181376"/>
</test>
<test id="s1-s1-t5" name="Validar conteudo" line="35">
<kw name="Teste de Tipos de Conteudo" owner="random-user-service">
<kw name="GET On Session" owner="RequestsLibrary">
<msg time="2024-04-06T12:23:15.553760" level="INFO">GET Request : url=https://randomuser.me/api 
 path_url=/api 
 headers={'User-Agent': 'python-requests/2.31.0', 'Accept-Encoding': 'gzip, deflate', 'Accept': '*/*', 'Connection': 'keep-alive'} 
 body=None 
 </msg>
<msg time="2024-04-06T12:23:15.553853" level="INFO">GET Response : url=https://randomuser.me/api 
 status=200, reason=OK 
 headers={'Date': 'Sat, 06 Apr 2024 12:23:15 GMT', 'Content-Type': 'application/json; charset=utf-8', 'Transfer-Encoding': 'chunked', 'Connection': 'keep-alive', 'X-Powered-By': 'Express', 'Access-Control-Allow-Origin': '*', 'Cache-Control': 'no-cache', 'ETag': 'W/"499-3Ua/60Ue5PnBoUNniakchhOWaQ8"', 'Vary': 'Accept-Encoding', 'Content-Encoding': 'gzip', 'CF-Cache-Status': 'DYNAMIC', 'Report-To': '{"endpoints":[{"url":"https:\\/\\/a.nel.cloudflare.com\\/report\\/v4?s=MQbgkHmtVOJqfC%2FpXA4q41F0AQI48hvktMTec2gBYU5PJ4b3K79fyiaelaxWkEzsTCzish2%2Fw9Xgh1SWcSJXmeaCZ2%2BZTdR4sqdZPr3YBFii1YeuT8MFHMv%2BltH%2B%2Ff%2FI"}],"group":"cf-nel","max_age":604800}', 'NEL': '{"success_fraction":0,"report_to":"cf-nel","max_age":604800}', 'Server': 'cloudflare', 'CF-RAY': '8701bf81afca0125-ORD', 'alt-svc': 'h3=":443"; ma=86400'} 
 body={"results":[{"gender":"male","name":{"title":"Mr","first":"آرش","last":"زارعی"},"location":{"street":{"number":3046,"name":"شهید آقاسرمدیان"},"city":"اهواز","state":"سمنان","country":"Iran","postcode":41306,"coordinates":{"latitude":"13.1505","longitude":"-53.8551"},"timezone":{"offset":"+10:00","description":"Eastern Australia, Guam, Vladivostok"}},"email":"arsh.zraay@example.com","login":{"uuid":"14f46275-ae3a-4b05-9978-0a7dc2917df4","username":"heavyleopard119","password":"marlboro","salt":"O4oQTdvx","md5":"40cd400f6c5d774da47690a126b4a93f","sha1":"f6db491972429a13c4d4cbfe11eaa3fd3cc94e0f","sha256":"a20145df9297b5244ae7d29a3bb3d23e916130b8f1833454bb6e8628d42d8ab4"},"dob":{"date":"1980-04-14T02:03:50.347Z","age":43},"registered":{"date":"2012-04-10T07:17:10.020Z","age":11},"phone":"071-61489299","cell":"0997-609-5664","id":{"name":"","value":null},"picture":{"large":"https://randomuser.me/api/portraits/men/83.jpg","medium":"https://randomuser.me/api/portraits/med/men/83.jpg","thumbnail":"https://randomuser.me/api/portraits/thumb/men/83.jpg"},"nat":"IR"}],"info":{"seed":"5d1b3b21c8e3db15","results":1,"page":1,"version":"1.4"}} 
 </msg>
<msg time="2024-04-06T12:23:15.553937" level="INFO">/opt/hostedtoolcache/Python/3.12.2/x64/lib/python3.12/site-packages/urllib3/connectionpool.py:1103: InsecureRequestWarning: Unverified HTTPS request is being made to host 'randomuser.me'. Adding certificate verification is strongly advised. See: https://urllib3.readthedocs.io/en/latest/advanced-usage.html#tls-warnings
  warnings.warn(</msg>
<msg time="2024-04-06T12:23:15.554050" level="INFO">${response} = &lt;Response [200]&gt;</msg>
<var>${response}</var>
<arg>consultarAPI</arg>
<arg>/api</arg>
<doc>Sends a GET request on a previously created HTTP Session.</doc>
<status status="PASS" start="2024-04-06T12:23:15.462333" elapsed="0.091756"/>
</kw>
<kw name="Set Variable" owner="BuiltIn">
<msg time="2024-04-06T12:23:15.555072" level="INFO">${json_data} = {'results': [{'gender': 'male', 'name': {'title': 'Mr', 'first': 'آرش', 'last': 'زارعی'}, 'location': {'street': {'number': 3046, 'name': 'شهید آقاسرمدیان'}, 'city': 'اهواز', 'state': 'سمنان', 'countr...</msg>
<var>${json_data}</var>
<arg>${response.json()}</arg>
<doc>Returns the given values which can then be assigned to a variables.</doc>
<status status="PASS" start="2024-04-06T12:23:15.554589" elapsed="0.000514"/>
</kw>
<kw name="Set Variable" owner="BuiltIn">
<msg time="2024-04-06T12:23:15.555804" level="INFO">${name_title} = Mr</msg>
<var>${name_title}</var>
<arg>${json_data["results"][0]["name"]["title"]}</arg>
<doc>Returns the given values which can then be assigned to a variables.</doc>
<status status="PASS" start="2024-04-06T12:23:15.555418" elapsed="0.000411"/>
</kw>
<kw name="Create List" owner="BuiltIn">
<msg time="2024-04-06T12:23:15.556287" level="INFO">${allowed_titles} = ['Mr', 'Ms', 'Miss', 'Mrs', 'Madame', 'Monsieur']</msg>
<var>${allowed_titles}</var>
<arg>Mr</arg>
<arg>Ms</arg>
<arg>Miss</arg>
<arg>Mrs</arg>
<arg>Madame</arg>
<arg>Monsieur</arg>
<doc>Returns a list containing given items.</doc>
<status status="PASS" start="2024-04-06T12:23:15.556134" elapsed="0.000177"/>
</kw>
<kw name="List Should Contain Value" owner="Collections">
<msg time="2024-04-06T12:23:15.556792" level="INFO">False</msg>
<arg>${allowed_titles}</arg>
<arg>${name_title}</arg>
<doc>Fails if the ``value`` is not found from ``list``.</doc>
<status status="PASS" start="2024-04-06T12:23:15.556614" elapsed="0.000215"/>
</kw>
<kw name="Set Variable" owner="BuiltIn">
<msg time="2024-04-06T12:23:15.557551" level="INFO">${name_country} = IR</msg>
<var>${name_country}</var>
<arg>${json_data["results"][0]["nat"]}</arg>
<doc>Returns the given values which can then be assigned to a variables.</doc>
<status status="PASS" start="2024-04-06T12:23:15.557122" elapsed="0.000455"/>
</kw>
<kw name="Create List" owner="BuiltIn">
<msg time="2024-04-06T12:23:15.558507" level="INFO">${list_country} = ['AD', 'AE', 'AF', 'AG', 'AI', 'AL', 'AM', 'AO', 'AQ', 'AR', 'AS', 'AT', 'AU', 'AW', 'AX', 'AZ', 'BA', 'BB', 'BD', 'BE', 'BF', 'BG', 'BH', 'BI', 'BJ', 'BL', 'BM', 'BN', 'BO', 'BQ', 'BR', 'BS', 'BT', '...</msg>
<var>${list_country}</var>
<arg>AD</arg>
<arg>AE</arg>
<arg>AF</arg>
<arg>AG</arg>
<arg>AI</arg>
<arg>AL</arg>
<arg>AM</arg>
<arg>AO</arg>
<arg>AQ</arg>
<arg>AR</arg>
<arg>AS</arg>
<arg>AT</arg>
<arg>AU</arg>
<arg>AW</arg>
<arg>AX</arg>
<arg>AZ</arg>
<arg>BA</arg>
<arg>BB</arg>
<arg>BD</arg>
<arg>BE</arg>
<arg>BF</arg>
<arg>BG</arg>
<arg>BH</arg>
<arg>BI</arg>
<arg>BJ</arg>
<arg>BL</arg>
<arg>BM</arg>
<arg>BN</arg>
<arg>BO</arg>
<arg>BQ</arg>
<arg>BR</arg>
<arg>BS</arg>
<arg>BT</arg>
<arg>BV</arg>
<arg>BW</arg>
<arg>BY</arg>
<arg>BZ</arg>
<arg>CA</arg>
<arg>CC</arg>
<arg>CD</arg>
<arg>CF</arg>
<arg>CG</arg>
<arg>CH</arg>
<arg>CI</arg>
<arg>CK</arg>
<arg>CL</arg>
<arg>CM</arg>
<arg>CN</arg>
<arg>CO</arg>
<arg>CR</arg>
<arg>CU</arg>
<arg>CV</arg>
<arg>CW</arg>
<arg>CX</arg>
<arg>CY</arg>
<arg>CZ</arg>
<arg>DE</arg>
<arg>DJ</arg>
<arg>DK</arg>
<arg>DM</arg>
<arg>DO</arg>
<arg>DZ</arg>
<arg>EC</arg>
<arg>EE</arg>
<arg>EG</arg>
<arg>EH</arg>
<arg>ER</arg>
<arg>ES</arg>
<arg>ET</arg>
<arg>FI</arg>
<arg>FJ</arg>
<arg>FK</arg>
<arg>FM</arg>
<arg>FO</arg>
<arg>FR</arg>
<arg>GA</arg>
<arg>GB</arg>
<arg>GD</arg>
<arg>GE</arg>
<arg>GF</arg>
<arg>GG</arg>
<arg>GH</arg>
<arg>GI</arg>
<arg>GL</arg>
<arg>GM</arg>
<arg>GN</arg>
<arg>GP</arg>
<arg>GQ</arg>
<arg>GR</arg>
<arg>GS</arg>
<arg>GT</arg>
<arg>GU</arg>
<arg>GW</arg>
<arg>GY</arg>
<arg>HK</arg>
<arg>HM</arg>
<arg>HN</arg>
<arg>HR</arg>
<arg>HT</arg>
<arg>HU</arg>
<arg>ID</arg>
<arg>IE</arg>
<arg>IL</arg>
<arg>IM</arg>
<arg>IN</arg>
<arg>IO</arg>
<arg>IQ</arg>
<arg>IR</arg>
<arg>IS</arg>
<arg>IT</arg>
<arg>JE</arg>
<arg>JM</arg>
<arg>JO</arg>
<arg>JP</arg>
<arg>KE</arg>
<arg>KG</arg>
<arg>KH</arg>
<arg>KI</arg>
<arg>KM</arg>
<arg>KN</arg>
<arg>KP</arg>
<arg>KR</arg>
<arg>KW</arg>
<arg>KY</arg>
<arg>KZ</arg>
<arg>LA</arg>
<arg>LB</arg>
<arg>LC</arg>
<arg>LI</arg>
<arg>LK</arg>
<arg>LR</arg>
<arg>LS</arg>
<arg>LT</arg>
<arg>LU</arg>
<arg>LV</arg>
<arg>LY</arg>
<arg>MA</arg>
<arg>MC</arg>
<arg>MD</arg>
<arg>ME</arg>
<arg>MF</arg>
<arg>MG</arg>
<arg>MH</arg>
<arg>MK</arg>
<arg>ML</arg>
<arg>MM</arg>
<arg>MN</arg>
<arg>MO</arg>
<arg>MP</arg>
<arg>MQ</arg>
<arg>MR</arg>
<arg>MS</arg>
<arg>MT</arg>
<arg>MU</arg>
<arg>MV</arg>
<arg>MW</arg>
<arg>MX</arg>
<arg>MY</arg>
<arg>MZ</arg>
<arg>NA</arg>
<arg>NC</arg>
<arg>NE</arg>
<arg>NF</arg>
<arg>NG</arg>
<arg>NI</arg>
<arg>NL</arg>
<arg>NO</arg>
<arg>NP</arg>
<arg>NR</arg>
<arg>NU</arg>
<arg>NZ</arg>
<arg>OM</arg>
<arg>PA</arg>
<arg>PE</arg>
<arg>PF</arg>
<arg>PG</arg>
<arg>PH</arg>
<arg>PK</arg>
<arg>PL</arg>
<arg>PM</arg>
<arg>PN</arg>
<arg>PR</arg>
<arg>PS</arg>
<arg>PT</arg>
<arg>PW</arg>
<arg>PY</arg>
<arg>QA</arg>
<arg>RE</arg>
<arg>RO</arg>
<arg>RS</arg>
<arg>RU</arg>
<arg>RW</arg>
<arg>SA</arg>
<arg>SB</arg>
<arg>SC</arg>
<arg>SD</arg>
<arg>SE</arg>
<arg>SG</arg>
<arg>SH</arg>
<arg>SI</arg>
<arg>SJ</arg>
<arg>SK</arg>
<arg>SL</arg>
<arg>SM</arg>
<arg>SN</arg>
<arg>SO</arg>
<arg>SR</arg>
<arg>SS</arg>
<arg>ST</arg>
<arg>SV</arg>
<arg>SX</arg>
<arg>SY</arg>
<arg>SZ</arg>
<arg>TC</arg>
<arg>TD</arg>
<arg>TF</arg>
<arg>TG</arg>
<arg>TH</arg>
<arg>TJ</arg>
<arg>TK</arg>
<arg>TL</arg>
<arg>TM</arg>
<arg>TN</arg>
<arg>TO</arg>
<arg>TR</arg>
<arg>TT</arg>
<arg>TV</arg>
<arg>TW</arg>
<arg>TZ</arg>
<arg>UA</arg>
<arg>UG</arg>
<arg>UM</arg>
<arg>US</arg>
<arg>UY</arg>
<arg>UZ</arg>
<arg>VA</arg>
<arg>VC</arg>
<arg>VE</arg>
<arg>VG</arg>
<arg>VI</arg>
<arg>VN</arg>
<arg>VU</arg>
<arg>WF</arg>
<arg>WS</arg>
<arg>XK</arg>
<arg>YE</arg>
<arg>YT</arg>
<arg>ZA</arg>
<arg>ZM</arg>
<arg>ZW</arg>
<doc>Returns a list containing given items.</doc>
<status status="PASS" start="2024-04-06T12:23:15.557892" elapsed="0.000641"/>
</kw>
<kw name="List Should Contain Value" owner="Collections">
<msg time="2024-04-06T12:23:15.559651" level="INFO">False</msg>
<arg>${list_country}</arg>
<arg>${name_country}</arg>
<doc>Fails if the ``value`` is not found from ``list``.</doc>
<status status="PASS" start="2024-04-06T12:23:15.559445" elapsed="0.000244"/>
</kw>
<kw name="Run Keyword If" owner="BuiltIn">
<kw name="Should Be True" owner="BuiltIn">
<arg>${True}</arg>
<doc>Fails if the given condition is not true.</doc>
<status status="PASS" start="2024-04-06T12:23:15.560762" elapsed="0.000145"/>
</kw>
<arg>${json_data["results"][0]["location"]["coordinates"]["latitude"]} &gt;= -90 and ${json_data["results"][0]["location"]["coordinates"]["latitude"]} &lt;= 90</arg>
<arg>Should Be True</arg>
<arg>${True}</arg>
<doc>Runs the given keyword with the given arguments, if ``condition`` is true.</doc>
<status status="PASS" start="2024-04-06T12:23:15.560003" elapsed="0.001033"/>
</kw>
<kw name="Run Keyword If" owner="BuiltIn">
<kw name="Should Be True" owner="BuiltIn">
<arg>${True}</arg>
<doc>Fails if the given condition is not true.</doc>
<status status="PASS" start="2024-04-06T12:23:15.561960" elapsed="0.000141"/>
</kw>
<arg>${json_data["results"][0]["location"]["coordinates"]["longitude"]} &gt;= -180 and ${json_data["results"][0]["location"]["coordinates"]["longitude"]} &lt;= 180</arg>
<arg>Should Be True</arg>
<arg>${True}</arg>
<doc>Runs the given keyword with the given arguments, if ``condition`` is true.</doc>
<status status="PASS" start="2024-04-06T12:23:15.561225" elapsed="0.001002"/>
</kw>
<status status="PASS" start="2024-04-06T12:23:15.461963" elapsed="0.100393"/>
</kw>
<doc>Testa o conteúdo específico dos campos retornados pela API.</doc>
<tag>testeConteudo</tag>
<status status="PASS" start="2024-04-06T12:23:15.461284" elapsed="0.101223"/>
</test>
<status status="PASS" start="2024-04-06T12:23:14.487802" elapsed="1.076604"/>
</suite>
<status status="PASS" start="2024-04-06T12:23:14.473880" elapsed="1.095876"/>
</suite>
<statistics>
<total>
<stat pass="5" fail="0" skip="0">All Tests</stat>
</total>
<tag>
<stat pass="1" fail="0" skip="0">testeConteudo</stat>
<stat pass="1" fail="0" skip="0">testeEstruturaResposta</stat>
<stat pass="1" fail="0" skip="0">testeRequisicaoBasica</stat>
<stat pass="1" fail="0" skip="0">testeTiposDados</stat>
</tag>
<suite>
<stat pass="5" fail="0" skip="0" id="s1" name="Tests">Tests</stat>
<stat pass="5" fail="0" skip="0" id="s1-s1" name="Random-User-Test">Tests.Random-User-Test</stat>
</suite>
</statistics>
<errors>
</errors>
</robot>
