<?xml version="1.0" encoding="UTF-8"?>
<robot generator="Robot 7.0.1 (Python 3.12.4 on linux)" generated="2024-07-23T20:16:10.583657" rpa="false" schemaversion="5">
<suite id="s1" name="Tests" source="/home/runner/work/ApiRandomUser/ApiRandomUser/RamdonUser/tests">
<suite id="s1-s1" name="Random-User-Test" source="/home/runner/work/ApiRandomUser/ApiRandomUser/RamdonUser/tests/random-user-test.robot">
<test id="s1-s1-t1" name="Conectar" line="13">
<kw name="Conectar API" owner="random-user-service">
<kw name="Create Session" owner="RequestsLibrary">
<msg time="2024-07-23T20:16:10.994088" level="INFO">Creating Session using : alias=consultarAPI, url=https://randomuser.me/, headers={},                     cookies={}, auth=None, timeout=None, proxies=None, verify=False,                     debug=0 </msg>
<arg>consultarAPI</arg>
<arg>${URL}</arg>
<doc>Create Session: create a HTTP session to a server</doc>
<status status="PASS" start="2024-07-23T20:16:10.993883" elapsed="0.000405"/>
</kw>
<status status="PASS" start="2024-07-23T20:16:10.992789" elapsed="0.001866"/>
</kw>
<status status="PASS" start="2024-07-23T20:16:10.992223" elapsed="0.002626"/>
</test>
<test id="s1-s1-t2" name="Validar retorno 200 e JSON Válido" line="16">
<kw name="Teste de Requisicao Basica" owner="random-user-service">
<kw name="GET On Session" owner="RequestsLibrary">
<msg time="2024-07-23T20:16:11.191050" level="INFO">GET Request : url=https://randomuser.me/api 
 path_url=/api 
 headers={'User-Agent': 'python-requests/2.32.3', 'Accept-Encoding': 'gzip, deflate', 'Accept': '*/*', 'Connection': 'keep-alive'} 
 body=None 
 </msg>
<msg time="2024-07-23T20:16:11.191230" level="INFO">GET Response : url=https://randomuser.me/api 
 status=200, reason=OK 
 headers={'Date': 'Tue, 23 Jul 2024 20:16:11 GMT', 'Content-Type': 'application/json; charset=utf-8', 'Transfer-Encoding': 'chunked', 'Connection': 'keep-alive', 'X-Powered-By': 'Express', 'Access-Control-Allow-Origin': '*', 'Cache-Control': 'no-cache', 'ETag': 'W/"48f-5Kpt+Ab5GwjGMxS0gHe0rptMp5s"', 'Vary': 'Accept-Encoding', 'Content-Encoding': 'gzip', 'CF-Cache-Status': 'DYNAMIC', 'Report-To': '{"endpoints":[{"url":"https:\\/\\/a.nel.cloudflare.com\\/report\\/v4?s=XnIQvRoPn%2FgA3n4V8D5Nki4eISevuUDQ0aaZxLw9xk8vw00n1IjfBDTL3KWae9FCqKOXFSH8fBd8fCv1P2YQ1MxuRzyWEx7ewMx0bdhNh7VVaaLDy5146aGH7hkJNbLU"}],"group":"cf-nel","max_age":604800}', 'NEL': '{"success_fraction":0,"report_to":"cf-nel","max_age":604800}', 'Server': 'cloudflare', 'CF-RAY': '8a7e58c5af55802d-IAD', 'alt-svc': 'h3=":443"; ma=86400'} 
 body={"results":[{"gender":"male","name":{"title":"Mr","first":"Patricio","last":"Gamez"},"location":{"street":{"number":1392,"name":"Peatonal Jalisco"},"city":"San Mateo Ayecac","state":"Guanajuato","country":"Mexico","postcode":79165,"coordinates":{"latitude":"27.3971","longitude":"-6.1135"},"timezone":{"offset":"+7:00","description":"Bangkok, Hanoi, Jakarta"}},"email":"patricio.gamez@example.com","login":{"uuid":"c5d2bb5c-7d48-4366-a8b5-ef10e3235f55","username":"sadgoose918","password":"kelly","salt":"E2sHnAyP","md5":"0fe102276e6357b7b4769e8c1b7de317","sha1":"644a749f3d75f61792c95a66e5831da280d321e2","sha256":"e5bb4f2ac64190a19bd02562e220af3ed32a8a642312b2846bd5aa06a5f28487"},"dob":{"date":"1999-09-17T19:45:23.014Z","age":24},"registered":{"date":"2003-11-28T19:29:18.376Z","age":20},"phone":"(682) 123 9339","cell":"(647) 389 4924","id":{"name":"NSS","value":"94 33 07 0409 0"},"picture":{"large":"https://randomuser.me/api/portraits/men/6.jpg","medium":"https://randomuser.me/api/portraits/med/men/6.jpg","thumbnail":"https://randomuser.me/api/portraits/thumb/men/6.jpg"},"nat":"MX"}],"info":{"seed":"911c4fb07f6bfd2c","results":1,"page":1,"version":"1.4"}} 
 </msg>
<msg time="2024-07-23T20:16:11.191320" level="INFO">/opt/hostedtoolcache/Python/3.12.4/x64/lib/python3.12/site-packages/urllib3/connectionpool.py:1099: InsecureRequestWarning: Unverified HTTPS request is being made to host 'randomuser.me'. Adding certificate verification is strongly advised. See: https://urllib3.readthedocs.io/en/latest/advanced-usage.html#tls-warnings
  warnings.warn(</msg>
<msg time="2024-07-23T20:16:11.191459" level="INFO">${response} = &lt;Response [200]&gt;</msg>
<var>${response}</var>
<arg>consultarAPI</arg>
<arg>/api</arg>
<doc>Sends a GET request on a previously created HTTP Session.</doc>
<status status="PASS" start="2024-07-23T20:16:10.997425" elapsed="0.194075"/>
</kw>
<kw name="Should Be Equal As Numbers" owner="BuiltIn">
<msg time="2024-07-23T20:16:11.192545" level="INFO">Argument types are:
&lt;class 'int'&gt;
&lt;class 'str'&gt;</msg>
<arg>${response.status_code}</arg>
<arg>200</arg>
<doc>Fails if objects are unequal after converting them to real numbers.</doc>
<status status="PASS" start="2024-07-23T20:16:11.192074" elapsed="0.000539"/>
</kw>
<kw name="Log" owner="BuiltIn">
<msg time="2024-07-23T20:16:11.193347" level="INFO">200</msg>
<arg>${response.status_code}</arg>
<doc>Logs the given message with the given level.</doc>
<status status="PASS" start="2024-07-23T20:16:11.192977" elapsed="0.000413"/>
</kw>
<kw name="Set Variable" owner="BuiltIn">
<msg time="2024-07-23T20:16:11.194148" level="INFO">${json_data} = {'results': [{'gender': 'male', 'name': {'title': 'Mr', 'first': 'Patricio', 'last': 'Gamez'}, 'location': {'street': {'number': 1392, 'name': 'Peatonal Jalisco'}, 'city': 'San Mateo Ayecac', 'state':...</msg>
<var>${json_data}</var>
<arg>${response.json()}</arg>
<doc>Returns the given values which can then be assigned to a variables.</doc>
<status status="PASS" start="2024-07-23T20:16:11.193699" elapsed="0.000478"/>
</kw>
<kw name="Dictionary Should Contain Key" owner="Collections">
<arg>${json_data}</arg>
<arg>results</arg>
<doc>Fails if ``key`` is not found from ``dictionary``.</doc>
<status status="PASS" start="2024-07-23T20:16:11.194482" elapsed="0.000334"/>
</kw>
<status status="PASS" start="2024-07-23T20:16:10.997177" elapsed="0.197795"/>
</kw>
<doc>Testa se a API responde corretamente e retorna um objeto JSON válido.</doc>
<tag>testeRequisicaoBasica</tag>
<status status="PASS" start="2024-07-23T20:16:10.996697" elapsed="0.198455"/>
</test>
<test id="s1-s1-t3" name="Validar estrutura de resposta" line="22">
<kw name="Teste de Estrutura de Resposta" owner="random-user-service">
<kw name="GET On Session" owner="RequestsLibrary">
<msg time="2024-07-23T20:16:11.284665" level="INFO">GET Request : url=https://randomuser.me/api 
 path_url=/api 
 headers={'User-Agent': 'python-requests/2.32.3', 'Accept-Encoding': 'gzip, deflate', 'Accept': '*/*', 'Connection': 'keep-alive'} 
 body=None 
 </msg>
<msg time="2024-07-23T20:16:11.284766" level="INFO">GET Response : url=https://randomuser.me/api 
 status=200, reason=OK 
 headers={'Date': 'Tue, 23 Jul 2024 20:16:11 GMT', 'Content-Type': 'application/json; charset=utf-8', 'Transfer-Encoding': 'chunked', 'Connection': 'keep-alive', 'X-Powered-By': 'Express', 'Access-Control-Allow-Origin': '*', 'Cache-Control': 'no-cache', 'ETag': 'W/"4b5-D6dtpA+byLBGdoUroPkIwbZUE3I"', 'Vary': 'Accept-Encoding', 'Content-Encoding': 'gzip', 'CF-Cache-Status': 'DYNAMIC', 'Report-To': '{"endpoints":[{"url":"https:\\/\\/a.nel.cloudflare.com\\/report\\/v4?s=uNxUhYGqp6Yp1AiFRzPnKXSDiT2J2E8rWvB34eUTCF7gucsva1FV9zXOkRHJcHauQnfbhLyWM9JJVY9d7kdZHAUUz6IDec4vKiFHp6jbHI6Ue1doXsne6agDQC1ExURS"}],"group":"cf-nel","max_age":604800}', 'NEL': '{"success_fraction":0,"report_to":"cf-nel","max_age":604800}', 'Server': 'cloudflare', 'CF-RAY': '8a7e58c60fff802d-IAD', 'alt-svc': 'h3=":443"; ma=86400'} 
 body={"results":[{"gender":"female","name":{"title":"Ms","first":"Naomi","last":"Gregory"},"location":{"street":{"number":5960,"name":"Lakeview St"},"city":"Australian Capital Territory","state":"Northern Territory","country":"Australia","postcode":9377,"coordinates":{"latitude":"-85.1166","longitude":"98.2475"},"timezone":{"offset":"-6:00","description":"Central Time (US &amp; Canada), Mexico City"}},"email":"naomi.gregory@example.com","login":{"uuid":"b5b39715-f99d-4563-9748-8a4a3a92bb42","username":"lazyleopard694","password":"concorde","salt":"KJ2uyoYB","md5":"0fb69b517c700dea51521a23d55cdc8b","sha1":"f9556e5771704b6c657381779b2d8fc94ad45bfc","sha256":"fbf00113767616da95c335e1387b64ca19de2280235b97cde03f98cfd039c5a5"},"dob":{"date":"1960-07-13T11:34:44.492Z","age":64},"registered":{"date":"2015-08-25T15:13:54.111Z","age":8},"phone":"06-5176-2199","cell":"0443-202-753","id":{"name":"TFN","value":"121170964"},"picture":{"large":"https://randomuser.me/api/portraits/women/19.jpg","medium":"https://randomuser.me/api/portraits/med/women/19.jpg","thumbnail":"https://randomuser.me/api/portraits/thumb/women/19.jpg"},"nat":"AU"}],"info":{"seed":"60a6f06cbf63570d","results":1,"page":1,"version":"1.4"}} 
 </msg>
<msg time="2024-07-23T20:16:11.284927" level="INFO">/opt/hostedtoolcache/Python/3.12.4/x64/lib/python3.12/site-packages/urllib3/connectionpool.py:1099: InsecureRequestWarning: Unverified HTTPS request is being made to host 'randomuser.me'. Adding certificate verification is strongly advised. See: https://urllib3.readthedocs.io/en/latest/advanced-usage.html#tls-warnings
  warnings.warn(</msg>
<msg time="2024-07-23T20:16:11.285064" level="INFO">${response} = &lt;Response [200]&gt;</msg>
<var>${response}</var>
<arg>consultarAPI</arg>
<arg>/api</arg>
<doc>Sends a GET request on a previously created HTTP Session.</doc>
<status status="PASS" start="2024-07-23T20:16:11.197841" elapsed="0.087265"/>
</kw>
<kw name="Set Variable" owner="BuiltIn">
<msg time="2024-07-23T20:16:11.286333" level="INFO">${json_data} = {'results': [{'gender': 'female', 'name': {'title': 'Ms', 'first': 'Naomi', 'last': 'Gregory'}, 'location': {'street': {'number': 5960, 'name': 'Lakeview St'}, 'city': 'Australian Capital Territory', ...</msg>
<var>${json_data}</var>
<arg>${response.json()}</arg>
<doc>Returns the given values which can then be assigned to a variables.</doc>
<status status="PASS" start="2024-07-23T20:16:11.285743" elapsed="0.000620"/>
</kw>
<kw name="Log" owner="BuiltIn">
<msg time="2024-07-23T20:16:11.286855" level="INFO">{'results': [{'gender': 'female', 'name': {'title': 'Ms', 'first': 'Naomi', 'last': 'Gregory'}, 'location': {'street': {'number': 5960, 'name': 'Lakeview St'}, 'city': 'Australian Capital Territory', 'state': 'Northern Territory', 'country': 'Australia', 'postcode': 9377, 'coordinates': {'latitude': '-85.1166', 'longitude': '98.2475'}, 'timezone': {'offset': '-6:00', 'description': 'Central Time (US &amp; Canada), Mexico City'}}, 'email': 'naomi.gregory@example.com', 'login': {'uuid': 'b5b39715-f99d-4563-9748-8a4a3a92bb42', 'username': 'lazyleopard694', 'password': 'concorde', 'salt': 'KJ2uyoYB', 'md5': '0fb69b517c700dea51521a23d55cdc8b', 'sha1': 'f9556e5771704b6c657381779b2d8fc94ad45bfc', 'sha256': 'fbf00113767616da95c335e1387b64ca19de2280235b97cde03f98cfd039c5a5'}, 'dob': {'date': '1960-07-13T11:34:44.492Z', 'age': 64}, 'registered': {'date': '2015-08-25T15:13:54.111Z', 'age': 8}, 'phone': '06-5176-2199', 'cell': '0443-202-753', 'id': {'name': 'TFN', 'value': '121170964'}, 'picture': {'large': 'https://randomuser.me/api/portraits/women/19.jpg', 'medium': 'https://randomuser.me/api/portraits/med/women/19.jpg', 'thumbnail': 'https://randomuser.me/api/portraits/thumb/women/19.jpg'}, 'nat': 'AU'}], 'info': {'seed': '60a6f06cbf63570d', 'results': 1, 'page': 1, 'version': '1.4'}}</msg>
<arg>${json_data}</arg>
<doc>Logs the given message with the given level.</doc>
<status status="PASS" start="2024-07-23T20:16:11.286680" elapsed="0.000226"/>
</kw>
<kw name="Dictionary Should Contain Key" owner="Collections">
<arg>${json_data}</arg>
<arg>results</arg>
<doc>Fails if ``key`` is not found from ``dictionary``.</doc>
<status status="PASS" start="2024-07-23T20:16:11.287213" elapsed="0.000163"/>
</kw>
<kw name="Should Not Be Empty" owner="BuiltIn">
<msg time="2024-07-23T20:16:11.287692" level="INFO">Length is 2.</msg>
<arg>${json_data}</arg>
<doc>Verifies that the given item is not empty.</doc>
<status status="PASS" start="2024-07-23T20:16:11.287563" elapsed="0.000167"/>
</kw>
<kw name="Create List" owner="BuiltIn">
<msg time="2024-07-23T20:16:11.288180" level="INFO">${expected_keys} = ['gender', 'name', 'location', 'email', 'login']</msg>
<var>${expected_keys}</var>
<arg>gender</arg>
<arg>name</arg>
<arg>location</arg>
<arg>email</arg>
<arg>login</arg>
<doc>Returns a list containing given items.</doc>
<status status="PASS" start="2024-07-23T20:16:11.288026" elapsed="0.000178"/>
</kw>
<for flavor="IN">
<iter>
<kw name="Dictionary Should Contain Key" owner="Collections">
<arg>${json_data['results'][0]}</arg>
<arg>${key}</arg>
<doc>Fails if ``key`` is not found from ``dictionary``.</doc>
<status status="PASS" start="2024-07-23T20:16:11.288788" elapsed="0.000454"/>
</kw>
<kw name="Log" owner="BuiltIn">
<msg time="2024-07-23T20:16:11.289787" level="INFO">{'gender': 'female', 'name': {'title': 'Ms', 'first': 'Naomi', 'last': 'Gregory'}, 'location': {'street': {'number': 5960, 'name': 'Lakeview St'}, 'city': 'Australian Capital Territory', 'state': 'Northern Territory', 'country': 'Australia', 'postcode': 9377, 'coordinates': {'latitude': '-85.1166', 'longitude': '98.2475'}, 'timezone': {'offset': '-6:00', 'description': 'Central Time (US &amp; Canada), Mexico City'}}, 'email': 'naomi.gregory@example.com', 'login': {'uuid': 'b5b39715-f99d-4563-9748-8a4a3a92bb42', 'username': 'lazyleopard694', 'password': 'concorde', 'salt': 'KJ2uyoYB', 'md5': '0fb69b517c700dea51521a23d55cdc8b', 'sha1': 'f9556e5771704b6c657381779b2d8fc94ad45bfc', 'sha256': 'fbf00113767616da95c335e1387b64ca19de2280235b97cde03f98cfd039c5a5'}, 'dob': {'date': '1960-07-13T11:34:44.492Z', 'age': 64}, 'registered': {'date': '2015-08-25T15:13:54.111Z', 'age': 8}, 'phone': '06-5176-2199', 'cell': '0443-202-753', 'id': {'name': 'TFN', 'value': '121170964'}, 'picture': {'large': 'https://randomuser.me/api/portraits/women/19.jpg', 'medium': 'https://randomuser.me/api/portraits/med/women/19.jpg', 'thumbnail': 'https://randomuser.me/api/portraits/thumb/women/19.jpg'}, 'nat': 'AU'}</msg>
<arg>${json_data['results'][0]}</arg>
<doc>Logs the given message with the given level.</doc>
<status status="PASS" start="2024-07-23T20:16:11.289431" elapsed="0.000407"/>
</kw>
<kw name="Log" owner="BuiltIn">
<msg time="2024-07-23T20:16:11.290270" level="INFO">gender</msg>
<arg>${key}</arg>
<doc>Logs the given message with the given level.</doc>
<status status="PASS" start="2024-07-23T20:16:11.290139" elapsed="0.000168"/>
</kw>
<var name="${key}">gender</var>
<status status="PASS" start="2024-07-23T20:16:11.288659" elapsed="0.001866"/>
</iter>
<iter>
<kw name="Dictionary Should Contain Key" owner="Collections">
<arg>${json_data['results'][0]}</arg>
<arg>${key}</arg>
<doc>Fails if ``key`` is not found from ``dictionary``.</doc>
<status status="PASS" start="2024-07-23T20:16:11.290821" elapsed="0.000385"/>
</kw>
<kw name="Log" owner="BuiltIn">
<msg time="2024-07-23T20:16:11.291786" level="INFO">{'gender': 'female', 'name': {'title': 'Ms', 'first': 'Naomi', 'last': 'Gregory'}, 'location': {'street': {'number': 5960, 'name': 'Lakeview St'}, 'city': 'Australian Capital Territory', 'state': 'Northern Territory', 'country': 'Australia', 'postcode': 9377, 'coordinates': {'latitude': '-85.1166', 'longitude': '98.2475'}, 'timezone': {'offset': '-6:00', 'description': 'Central Time (US &amp; Canada), Mexico City'}}, 'email': 'naomi.gregory@example.com', 'login': {'uuid': 'b5b39715-f99d-4563-9748-8a4a3a92bb42', 'username': 'lazyleopard694', 'password': 'concorde', 'salt': 'KJ2uyoYB', 'md5': '0fb69b517c700dea51521a23d55cdc8b', 'sha1': 'f9556e5771704b6c657381779b2d8fc94ad45bfc', 'sha256': 'fbf00113767616da95c335e1387b64ca19de2280235b97cde03f98cfd039c5a5'}, 'dob': {'date': '1960-07-13T11:34:44.492Z', 'age': 64}, 'registered': {'date': '2015-08-25T15:13:54.111Z', 'age': 8}, 'phone': '06-5176-2199', 'cell': '0443-202-753', 'id': {'name': 'TFN', 'value': '121170964'}, 'picture': {'large': 'https://randomuser.me/api/portraits/women/19.jpg', 'medium': 'https://randomuser.me/api/portraits/med/women/19.jpg', 'thumbnail': 'https://randomuser.me/api/portraits/thumb/women/19.jpg'}, 'nat': 'AU'}</msg>
<arg>${json_data['results'][0]}</arg>
<doc>Logs the given message with the given level.</doc>
<status status="PASS" start="2024-07-23T20:16:11.291423" elapsed="0.000413"/>
</kw>
<kw name="Log" owner="BuiltIn">
<msg time="2024-07-23T20:16:11.292258" level="INFO">name</msg>
<arg>${key}</arg>
<doc>Logs the given message with the given level.</doc>
<status status="PASS" start="2024-07-23T20:16:11.292129" elapsed="0.000167"/>
</kw>
<var name="${key}">name</var>
<status status="PASS" start="2024-07-23T20:16:11.290709" elapsed="0.001804"/>
</iter>
<iter>
<kw name="Dictionary Should Contain Key" owner="Collections">
<arg>${json_data['results'][0]}</arg>
<arg>${key}</arg>
<doc>Fails if ``key`` is not found from ``dictionary``.</doc>
<status status="PASS" start="2024-07-23T20:16:11.292798" elapsed="0.000410"/>
</kw>
<kw name="Log" owner="BuiltIn">
<msg time="2024-07-23T20:16:11.293744" level="INFO">{'gender': 'female', 'name': {'title': 'Ms', 'first': 'Naomi', 'last': 'Gregory'}, 'location': {'street': {'number': 5960, 'name': 'Lakeview St'}, 'city': 'Australian Capital Territory', 'state': 'Northern Territory', 'country': 'Australia', 'postcode': 9377, 'coordinates': {'latitude': '-85.1166', 'longitude': '98.2475'}, 'timezone': {'offset': '-6:00', 'description': 'Central Time (US &amp; Canada), Mexico City'}}, 'email': 'naomi.gregory@example.com', 'login': {'uuid': 'b5b39715-f99d-4563-9748-8a4a3a92bb42', 'username': 'lazyleopard694', 'password': 'concorde', 'salt': 'KJ2uyoYB', 'md5': '0fb69b517c700dea51521a23d55cdc8b', 'sha1': 'f9556e5771704b6c657381779b2d8fc94ad45bfc', 'sha256': 'fbf00113767616da95c335e1387b64ca19de2280235b97cde03f98cfd039c5a5'}, 'dob': {'date': '1960-07-13T11:34:44.492Z', 'age': 64}, 'registered': {'date': '2015-08-25T15:13:54.111Z', 'age': 8}, 'phone': '06-5176-2199', 'cell': '0443-202-753', 'id': {'name': 'TFN', 'value': '121170964'}, 'picture': {'large': 'https://randomuser.me/api/portraits/women/19.jpg', 'medium': 'https://randomuser.me/api/portraits/med/women/19.jpg', 'thumbnail': 'https://randomuser.me/api/portraits/thumb/women/19.jpg'}, 'nat': 'AU'}</msg>
<arg>${json_data['results'][0]}</arg>
<doc>Logs the given message with the given level.</doc>
<status status="PASS" start="2024-07-23T20:16:11.293398" elapsed="0.000394"/>
</kw>
<kw name="Log" owner="BuiltIn">
<msg time="2024-07-23T20:16:11.294214" level="INFO">location</msg>
<arg>${key}</arg>
<doc>Logs the given message with the given level.</doc>
<status status="PASS" start="2024-07-23T20:16:11.294087" elapsed="0.000163"/>
</kw>
<var name="${key}">location</var>
<status status="PASS" start="2024-07-23T20:16:11.292690" elapsed="0.001775"/>
</iter>
<iter>
<kw name="Dictionary Should Contain Key" owner="Collections">
<arg>${json_data['results'][0]}</arg>
<arg>${key}</arg>
<doc>Fails if ``key`` is not found from ``dictionary``.</doc>
<status status="PASS" start="2024-07-23T20:16:11.294744" elapsed="0.000387"/>
</kw>
<kw name="Log" owner="BuiltIn">
<msg time="2024-07-23T20:16:11.295796" level="INFO">{'gender': 'female', 'name': {'title': 'Ms', 'first': 'Naomi', 'last': 'Gregory'}, 'location': {'street': {'number': 5960, 'name': 'Lakeview St'}, 'city': 'Australian Capital Territory', 'state': 'Northern Territory', 'country': 'Australia', 'postcode': 9377, 'coordinates': {'latitude': '-85.1166', 'longitude': '98.2475'}, 'timezone': {'offset': '-6:00', 'description': 'Central Time (US &amp; Canada), Mexico City'}}, 'email': 'naomi.gregory@example.com', 'login': {'uuid': 'b5b39715-f99d-4563-9748-8a4a3a92bb42', 'username': 'lazyleopard694', 'password': 'concorde', 'salt': 'KJ2uyoYB', 'md5': '0fb69b517c700dea51521a23d55cdc8b', 'sha1': 'f9556e5771704b6c657381779b2d8fc94ad45bfc', 'sha256': 'fbf00113767616da95c335e1387b64ca19de2280235b97cde03f98cfd039c5a5'}, 'dob': {'date': '1960-07-13T11:34:44.492Z', 'age': 64}, 'registered': {'date': '2015-08-25T15:13:54.111Z', 'age': 8}, 'phone': '06-5176-2199', 'cell': '0443-202-753', 'id': {'name': 'TFN', 'value': '121170964'}, 'picture': {'large': 'https://randomuser.me/api/portraits/women/19.jpg', 'medium': 'https://randomuser.me/api/portraits/med/women/19.jpg', 'thumbnail': 'https://randomuser.me/api/portraits/thumb/women/19.jpg'}, 'nat': 'AU'}</msg>
<arg>${json_data['results'][0]}</arg>
<doc>Logs the given message with the given level.</doc>
<status status="PASS" start="2024-07-23T20:16:11.295439" elapsed="0.000405"/>
</kw>
<kw name="Log" owner="BuiltIn">
<msg time="2024-07-23T20:16:11.296269" level="INFO">email</msg>
<arg>${key}</arg>
<doc>Logs the given message with the given level.</doc>
<status status="PASS" start="2024-07-23T20:16:11.296140" elapsed="0.000168"/>
</kw>
<var name="${key}">email</var>
<status status="PASS" start="2024-07-23T20:16:11.294637" elapsed="0.001884"/>
</iter>
<iter>
<kw name="Dictionary Should Contain Key" owner="Collections">
<arg>${json_data['results'][0]}</arg>
<arg>${key}</arg>
<doc>Fails if ``key`` is not found from ``dictionary``.</doc>
<status status="PASS" start="2024-07-23T20:16:11.296812" elapsed="0.000418"/>
</kw>
<kw name="Log" owner="BuiltIn">
<msg time="2024-07-23T20:16:11.297762" level="INFO">{'gender': 'female', 'name': {'title': 'Ms', 'first': 'Naomi', 'last': 'Gregory'}, 'location': {'street': {'number': 5960, 'name': 'Lakeview St'}, 'city': 'Australian Capital Territory', 'state': 'Northern Territory', 'country': 'Australia', 'postcode': 9377, 'coordinates': {'latitude': '-85.1166', 'longitude': '98.2475'}, 'timezone': {'offset': '-6:00', 'description': 'Central Time (US &amp; Canada), Mexico City'}}, 'email': 'naomi.gregory@example.com', 'login': {'uuid': 'b5b39715-f99d-4563-9748-8a4a3a92bb42', 'username': 'lazyleopard694', 'password': 'concorde', 'salt': 'KJ2uyoYB', 'md5': '0fb69b517c700dea51521a23d55cdc8b', 'sha1': 'f9556e5771704b6c657381779b2d8fc94ad45bfc', 'sha256': 'fbf00113767616da95c335e1387b64ca19de2280235b97cde03f98cfd039c5a5'}, 'dob': {'date': '1960-07-13T11:34:44.492Z', 'age': 64}, 'registered': {'date': '2015-08-25T15:13:54.111Z', 'age': 8}, 'phone': '06-5176-2199', 'cell': '0443-202-753', 'id': {'name': 'TFN', 'value': '121170964'}, 'picture': {'large': 'https://randomuser.me/api/portraits/women/19.jpg', 'medium': 'https://randomuser.me/api/portraits/med/women/19.jpg', 'thumbnail': 'https://randomuser.me/api/portraits/thumb/women/19.jpg'}, 'nat': 'AU'}</msg>
<arg>${json_data['results'][0]}</arg>
<doc>Logs the given message with the given level.</doc>
<status status="PASS" start="2024-07-23T20:16:11.297414" elapsed="0.000397"/>
</kw>
<kw name="Log" owner="BuiltIn">
<msg time="2024-07-23T20:16:11.298230" level="INFO">login</msg>
<arg>${key}</arg>
<doc>Logs the given message with the given level.</doc>
<status status="PASS" start="2024-07-23T20:16:11.298103" elapsed="0.000164"/>
</kw>
<var name="${key}">login</var>
<status status="PASS" start="2024-07-23T20:16:11.296694" elapsed="0.001786"/>
</iter>
<var>${key}</var>
<value>@{expected_keys}</value>
<status status="PASS" start="2024-07-23T20:16:11.288465" elapsed="0.010162"/>
</for>
<kw name="Create List" owner="BuiltIn">
<msg time="2024-07-23T20:16:11.298961" level="INFO">${expected_keysTwo} = ['username', 'password']</msg>
<var>${expected_keysTwo}</var>
<arg>username</arg>
<arg>password</arg>
<doc>Returns a list containing given items.</doc>
<status status="PASS" start="2024-07-23T20:16:11.298825" elapsed="0.000160"/>
</kw>
<for flavor="IN">
<iter>
<kw name="Dictionary Should Contain Key" owner="Collections">
<arg>${json_data['results'][0]['login']}</arg>
<arg>${keyTwo}</arg>
<doc>Fails if ``key`` is not found from ``dictionary``.</doc>
<status status="PASS" start="2024-07-23T20:16:11.299481" elapsed="0.000380"/>
</kw>
<kw name="Dictionary Should Contain Key" owner="Collections">
<arg>${json_data['results'][0]['login']}</arg>
<arg>${keyTwo}</arg>
<doc>Fails if ``key`` is not found from ``dictionary``.</doc>
<status status="PASS" start="2024-07-23T20:16:11.300041" elapsed="0.000381"/>
</kw>
<kw name="Log" owner="BuiltIn">
<msg time="2024-07-23T20:16:11.300725" level="INFO">username</msg>
<arg>${keyTwo}</arg>
<doc>Logs the given message with the given level.</doc>
<status status="PASS" start="2024-07-23T20:16:11.300603" elapsed="0.000161"/>
</kw>
<var name="${keyTwo}">username</var>
<status status="PASS" start="2024-07-23T20:16:11.299371" elapsed="0.001641"/>
</iter>
<iter>
<kw name="Dictionary Should Contain Key" owner="Collections">
<arg>${json_data['results'][0]['login']}</arg>
<arg>${keyTwo}</arg>
<doc>Fails if ``key`` is not found from ``dictionary``.</doc>
<status status="PASS" start="2024-07-23T20:16:11.301295" elapsed="0.000376"/>
</kw>
<kw name="Dictionary Should Contain Key" owner="Collections">
<arg>${json_data['results'][0]['login']}</arg>
<arg>${keyTwo}</arg>
<doc>Fails if ``key`` is not found from ``dictionary``.</doc>
<status status="PASS" start="2024-07-23T20:16:11.301861" elapsed="0.000377"/>
</kw>
<kw name="Log" owner="BuiltIn">
<msg time="2024-07-23T20:16:11.302538" level="INFO">password</msg>
<arg>${keyTwo}</arg>
<doc>Logs the given message with the given level.</doc>
<status status="PASS" start="2024-07-23T20:16:11.302414" elapsed="0.000163"/>
</kw>
<var name="${keyTwo}">password</var>
<status status="PASS" start="2024-07-23T20:16:11.301185" elapsed="0.001612"/>
</iter>
<var>${keyTwo}</var>
<value>@{expected_keysTwo}</value>
<status status="PASS" start="2024-07-23T20:16:11.299219" elapsed="0.003697"/>
</for>
<status status="PASS" start="2024-07-23T20:16:11.197597" elapsed="0.105473"/>
</kw>
<doc>Testa a estrutura da resposta da API.</doc>
<tag>testeEstruturaResposta</tag>
<status status="PASS" start="2024-07-23T20:16:11.197000" elapsed="0.106227"/>
</test>
<test id="s1-s1-t4" name="Validar tipos de dados" line="28">
<kw name="Teste de Tipos de Dados" owner="random-user-service">
<kw name="GET On Session" owner="RequestsLibrary">
<msg time="2024-07-23T20:16:11.388963" level="INFO">GET Request : url=https://randomuser.me/api 
 path_url=/api 
 headers={'User-Agent': 'python-requests/2.32.3', 'Accept-Encoding': 'gzip, deflate', 'Accept': '*/*', 'Connection': 'keep-alive'} 
 body=None 
 </msg>
<msg time="2024-07-23T20:16:11.389067" level="INFO">GET Response : url=https://randomuser.me/api 
 status=200, reason=OK 
 headers={'Date': 'Tue, 23 Jul 2024 20:16:11 GMT', 'Content-Type': 'application/json; charset=utf-8', 'Transfer-Encoding': 'chunked', 'Connection': 'keep-alive', 'X-Powered-By': 'Express', 'Access-Control-Allow-Origin': '*', 'Cache-Control': 'no-cache', 'ETag': 'W/"47e-ACrpMcNBb+DLN6vjWemLp+yFUEE"', 'Vary': 'Accept-Encoding', 'Content-Encoding': 'gzip', 'CF-Cache-Status': 'DYNAMIC', 'Report-To': '{"endpoints":[{"url":"https:\\/\\/a.nel.cloudflare.com\\/report\\/v4?s=V3VzLCc%2BGzcsn4SexrxSWDW%2Bo%2FiO54BdCOOkupaJC%2FH2dYjzl6BhSgZHFvm5KrRE1BmGHdFntqR49CiGO36PEuaBupjNtOV1nR%2FR%2FEdcbbDUXIKbvNvMPyqi7YaTjLjJ"}],"group":"cf-nel","max_age":604800}', 'NEL': '{"success_fraction":0,"report_to":"cf-nel","max_age":604800}', 'Server': 'cloudflare', 'CF-RAY': '8a7e58c6a8ca802d-IAD', 'alt-svc': 'h3=":443"; ma=86400'} 
 body={"results":[{"gender":"male","name":{"title":"Mr","first":"ایلیا","last":"محمدخان"},"location":{"street":{"number":8476,"name":"کمیل"},"city":"خمینی‌شهر","state":"قزوین","country":"Iran","postcode":75135,"coordinates":{"latitude":"14.4692","longitude":"-19.4444"},"timezone":{"offset":"-12:00","description":"Eniwetok, Kwajalein"}},"email":"yly.mhmdkhn@example.com","login":{"uuid":"390df68b-830b-4717-ad70-b31a8f0f34ed","username":"heavybear731","password":"sony","salt":"InaQDfEj","md5":"18176ed86a223fa9996a825c73a7e0a6","sha1":"bd4056d78256162727127f1e366cec91e089e1c8","sha256":"cf2ddb97a82c8ea9604a8b6b0ff2ab0acae7a8d16ab845209de30f76c56febc6"},"dob":{"date":"1956-07-28T19:07:07.859Z","age":67},"registered":{"date":"2003-07-17T03:26:26.420Z","age":21},"phone":"059-09129886","cell":"0947-345-1125","id":{"name":"","value":null},"picture":{"large":"https://randomuser.me/api/portraits/men/65.jpg","medium":"https://randomuser.me/api/portraits/med/men/65.jpg","thumbnail":"https://randomuser.me/api/portraits/thumb/men/65.jpg"},"nat":"IR"}],"info":{"seed":"548bce9b2d6724b8","results":1,"page":1,"version":"1.4"}} 
 </msg>
<msg time="2024-07-23T20:16:11.389143" level="INFO">/opt/hostedtoolcache/Python/3.12.4/x64/lib/python3.12/site-packages/urllib3/connectionpool.py:1099: InsecureRequestWarning: Unverified HTTPS request is being made to host 'randomuser.me'. Adding certificate verification is strongly advised. See: https://urllib3.readthedocs.io/en/latest/advanced-usage.html#tls-warnings
  warnings.warn(</msg>
<msg time="2024-07-23T20:16:11.389278" level="INFO">${response} = &lt;Response [200]&gt;</msg>
<var>${response}</var>
<arg>consultarAPI</arg>
<arg>/api</arg>
<doc>Sends a GET request on a previously created HTTP Session.</doc>
<status status="PASS" start="2024-07-23T20:16:11.305842" elapsed="0.083477"/>
</kw>
<kw name="Set Variable" owner="BuiltIn">
<msg time="2024-07-23T20:16:11.390686" level="INFO">${json_data} = {'results': [{'gender': 'male', 'name': {'title': 'Mr', 'first': 'ایلیا', 'last': 'محمدخان'}, 'location': {'street': {'number': 8476, 'name': 'کمیل'}, 'city': 'خمینی\u200cشهر', 'state': 'قزوین', 'coun...</msg>
<var>${json_data}</var>
<arg>${response.json()}</arg>
<doc>Returns the given values which can then be assigned to a variables.</doc>
<status status="PASS" start="2024-07-23T20:16:11.389966" elapsed="0.000754"/>
</kw>
<kw name="Log" owner="BuiltIn">
<msg time="2024-07-23T20:16:11.391203" level="INFO">{'results': [{'gender': 'male', 'name': {'title': 'Mr', 'first': 'ایلیا', 'last': 'محمدخان'}, 'location': {'street': {'number': 8476, 'name': 'کمیل'}, 'city': 'خمینی\u200cشهر', 'state': 'قزوین', 'country': 'Iran', 'postcode': 75135, 'coordinates': {'latitude': '14.4692', 'longitude': '-19.4444'}, 'timezone': {'offset': '-12:00', 'description': 'Eniwetok, Kwajalein'}}, 'email': 'yly.mhmdkhn@example.com', 'login': {'uuid': '390df68b-830b-4717-ad70-b31a8f0f34ed', 'username': 'heavybear731', 'password': 'sony', 'salt': 'InaQDfEj', 'md5': '18176ed86a223fa9996a825c73a7e0a6', 'sha1': 'bd4056d78256162727127f1e366cec91e089e1c8', 'sha256': 'cf2ddb97a82c8ea9604a8b6b0ff2ab0acae7a8d16ab845209de30f76c56febc6'}, 'dob': {'date': '1956-07-28T19:07:07.859Z', 'age': 67}, 'registered': {'date': '2003-07-17T03:26:26.420Z', 'age': 21}, 'phone': '059-09129886', 'cell': '0947-345-1125', 'id': {'name': '', 'value': None}, 'picture': {'large': 'https://randomuser.me/api/portraits/men/65.jpg', 'medium': 'https://randomuser.me/api/portraits/med/men/65.jpg', 'thumbnail': 'https://randomuser.me/api/portraits/thumb/men/65.jpg'}, 'nat': 'IR'}], 'info': {'seed': '548bce9b2d6724b8', 'results': 1, 'page': 1, 'version': '1.4'}}</msg>
<arg>${json_data}</arg>
<doc>Logs the given message with the given level.</doc>
<status status="PASS" start="2024-07-23T20:16:11.391038" elapsed="0.000216"/>
</kw>
<kw name="Should Be String" owner="String">
<arg>${json_data['results'][0]['gender']}</arg>
<doc>Fails if the given ``item`` is not a string.</doc>
<status status="PASS" start="2024-07-23T20:16:11.391547" elapsed="0.000414"/>
</kw>
<kw name="Should Match Regexp" owner="BuiltIn">
<arg>${json_data['results'][0]['email']}</arg>
<arg>^[a-zA-Z0-9._%+-]+@[a-zA-Z0-9.-]+\.[a-zA-Z]{2,}$</arg>
<doc>Fails if ``string`` does not match ``pattern`` as a regular expression.</doc>
<status status="PASS" start="2024-07-23T20:16:11.392152" elapsed="0.000519"/>
</kw>
<kw name="Should Match Regexp" owner="BuiltIn">
<arg>${json_data['results'][0]['dob']['date']}</arg>
<arg>\\d{4}-\\d{2}-\\d{2}T\\d{2}:\\d{2}:\\d{2}\\.\\d{3}Z</arg>
<doc>Fails if ``string`` does not match ``pattern`` as a regular expression.</doc>
<status status="PASS" start="2024-07-23T20:16:11.392865" elapsed="0.000664"/>
</kw>
<kw name="Should Match Regexp" owner="BuiltIn">
<arg>${json_data['results'][0]['registered']['date']}</arg>
<arg>\\d{4}-\\d{2}-\\d{2}T\\d{2}:\\d{2}:\\d{2}\\.\\d{3}Z</arg>
<doc>Fails if ``string`` does not match ``pattern`` as a regular expression.</doc>
<status status="PASS" start="2024-07-23T20:16:11.393727" elapsed="0.000371"/>
</kw>
<kw name="Should Match Regexp" owner="BuiltIn">
<arg>${json_data['results'][0]['picture']['large']}</arg>
<arg>^https?://.*\.(?:png|jpe?g|gif|bmp)$</arg>
<doc>Fails if ``string`` does not match ``pattern`` as a regular expression.</doc>
<status status="PASS" start="2024-07-23T20:16:11.394285" elapsed="0.000455"/>
</kw>
<kw name="Should Match Regexp" owner="BuiltIn">
<arg>${json_data['results'][0]['picture']['medium']}</arg>
<arg>^https?://.*\.(?:png|jpe?g|gif|bmp)$</arg>
<doc>Fails if ``string`` does not match ``pattern`` as a regular expression.</doc>
<status status="PASS" start="2024-07-23T20:16:11.394927" elapsed="0.000356"/>
</kw>
<kw name="Should Match Regexp" owner="BuiltIn">
<arg>${json_data['results'][0]['picture']['thumbnail']}</arg>
<arg>^https?://.*\.(?:png|jpe?g|gif|bmp)$</arg>
<doc>Fails if ``string`` does not match ``pattern`` as a regular expression.</doc>
<status status="PASS" start="2024-07-23T20:16:11.395480" elapsed="0.000347"/>
</kw>
<kw name="Log" owner="BuiltIn">
<msg time="2024-07-23T20:16:11.396334" level="INFO">{'large': 'https://randomuser.me/api/portraits/men/65.jpg', 'medium': 'https://randomuser.me/api/portraits/med/men/65.jpg', 'thumbnail': 'https://randomuser.me/api/portraits/thumb/men/65.jpg'}</msg>
<arg>${json_data['results'][0]['picture']}</arg>
<doc>Logs the given message with the given level.</doc>
<status status="PASS" start="2024-07-23T20:16:11.396005" elapsed="0.000372"/>
</kw>
<status status="PASS" start="2024-07-23T20:16:11.305609" elapsed="0.091030"/>
</kw>
<kw name="Teste de Tipos de Dados - Postcode" owner="random-user-service">
<kw name="GET On Session" owner="RequestsLibrary">
<msg time="2024-07-23T20:16:11.478161" level="INFO">GET Request : url=https://randomuser.me/api 
 path_url=/api 
 headers={'User-Agent': 'python-requests/2.32.3', 'Accept-Encoding': 'gzip, deflate', 'Accept': '*/*', 'Connection': 'keep-alive'} 
 body=None 
 </msg>
<msg time="2024-07-23T20:16:11.478263" level="INFO">GET Response : url=https://randomuser.me/api 
 status=200, reason=OK 
 headers={'Date': 'Tue, 23 Jul 2024 20:16:11 GMT', 'Content-Type': 'application/json; charset=utf-8', 'Transfer-Encoding': 'chunked', 'Connection': 'keep-alive', 'X-Powered-By': 'Express', 'Access-Control-Allow-Origin': '*', 'Cache-Control': 'no-cache', 'ETag': 'W/"48d-4YZWfQh1E7XeFTBJKX4/sLvCjtw"', 'Vary': 'Accept-Encoding', 'Content-Encoding': 'gzip', 'CF-Cache-Status': 'DYNAMIC', 'Report-To': '{"endpoints":[{"url":"https:\\/\\/a.nel.cloudflare.com\\/report\\/v4?s=atg6ryKrmM6dmPLHSt8cQFLDFWsRhM6nyKUj06CPzrNVoH1Bv1c9y3mk3e%2FM6H0QWmIYbrWebrP75S4XMIdGvmktec%2FBJg%2BBPImyJE2jHMoaNlHcHicKnoBcaCs2EDSR"}],"group":"cf-nel","max_age":604800}', 'NEL': '{"success_fraction":0,"report_to":"cf-nel","max_age":604800}', 'Server': 'cloudflare', 'CF-RAY': '8a7e58c7496f802d-IAD', 'alt-svc': 'h3=":443"; ma=86400'} 
 body={"results":[{"gender":"female","name":{"title":"Miss","first":"Shanaya","last":"Chavare"},"location":{"street":{"number":2520,"name":"Naiduthota"},"city":"Meerut","state":"Rajasthan","country":"India","postcode":84169,"coordinates":{"latitude":"9.7264","longitude":"48.1239"},"timezone":{"offset":"-3:00","description":"Brazil, Buenos Aires, Georgetown"}},"email":"shanaya.chavare@example.com","login":{"uuid":"b335499c-d98a-4407-80ae-39d9ba7b8099","username":"tinyelephant630","password":"over","salt":"JFNscEsb","md5":"c6d2c58d8f900b7deabbdd5cf480d1c2","sha1":"1d00696e738232f5c5d090ca6680daa93599ff81","sha256":"80dbf53aff2850f7890b1205b5a2ff4f40169f6545430bf2dac2272de1a02966"},"dob":{"date":"1991-03-16T06:31:42.141Z","age":33},"registered":{"date":"2014-10-19T08:29:46.879Z","age":9},"phone":"8475056468","cell":"9467538959","id":{"name":"UIDAI","value":"465759894068"},"picture":{"large":"https://randomuser.me/api/portraits/women/72.jpg","medium":"https://randomuser.me/api/portraits/med/women/72.jpg","thumbnail":"https://randomuser.me/api/portraits/thumb/women/72.jpg"},"nat":"IN"}],"info":{"seed":"9c6e89ea1347d777","results":1,"page":1,"version":"1.4"}} 
 </msg>
<msg time="2024-07-23T20:16:11.478334" level="INFO">/opt/hostedtoolcache/Python/3.12.4/x64/lib/python3.12/site-packages/urllib3/connectionpool.py:1099: InsecureRequestWarning: Unverified HTTPS request is being made to host 'randomuser.me'. Adding certificate verification is strongly advised. See: https://urllib3.readthedocs.io/en/latest/advanced-usage.html#tls-warnings
  warnings.warn(</msg>
<msg time="2024-07-23T20:16:11.478475" level="INFO">${response} = &lt;Response [200]&gt;</msg>
<var>${response}</var>
<arg>consultarAPI</arg>
<arg>/api</arg>
<doc>Sends a GET request on a previously created HTTP Session.</doc>
<status status="PASS" start="2024-07-23T20:16:11.397148" elapsed="0.081366"/>
</kw>
<kw name="Set Variable" owner="BuiltIn">
<msg time="2024-07-23T20:16:11.479550" level="INFO">${json_data} = {'results': [{'gender': 'female', 'name': {'title': 'Miss', 'first': 'Shanaya', 'last': 'Chavare'}, 'location': {'street': {'number': 2520, 'name': 'Naiduthota'}, 'city': 'Meerut', 'state': 'Rajasthan...</msg>
<var>${json_data}</var>
<arg>${response.json()}</arg>
<doc>Returns the given values which can then be assigned to a variables.</doc>
<status status="PASS" start="2024-07-23T20:16:11.479034" elapsed="0.000545"/>
</kw>
<kw name="Log" owner="BuiltIn">
<msg time="2024-07-23T20:16:11.480061" level="INFO">{'results': [{'gender': 'female', 'name': {'title': 'Miss', 'first': 'Shanaya', 'last': 'Chavare'}, 'location': {'street': {'number': 2520, 'name': 'Naiduthota'}, 'city': 'Meerut', 'state': 'Rajasthan', 'country': 'India', 'postcode': 84169, 'coordinates': {'latitude': '9.7264', 'longitude': '48.1239'}, 'timezone': {'offset': '-3:00', 'description': 'Brazil, Buenos Aires, Georgetown'}}, 'email': 'shanaya.chavare@example.com', 'login': {'uuid': 'b335499c-d98a-4407-80ae-39d9ba7b8099', 'username': 'tinyelephant630', 'password': 'over', 'salt': 'JFNscEsb', 'md5': 'c6d2c58d8f900b7deabbdd5cf480d1c2', 'sha1': '1d00696e738232f5c5d090ca6680daa93599ff81', 'sha256': '80dbf53aff2850f7890b1205b5a2ff4f40169f6545430bf2dac2272de1a02966'}, 'dob': {'date': '1991-03-16T06:31:42.141Z', 'age': 33}, 'registered': {'date': '2014-10-19T08:29:46.879Z', 'age': 9}, 'phone': '8475056468', 'cell': '9467538959', 'id': {'name': 'UIDAI', 'value': '465759894068'}, 'picture': {'large': 'https://randomuser.me/api/portraits/women/72.jpg', 'medium': 'https://randomuser.me/api/portraits/med/women/72.jpg', 'thumbnail': 'https://randomuser.me/api/portraits/thumb/women/72.jpg'}, 'nat': 'IN'}], 'info': {'seed': '9c6e89ea1347d777', 'results': 1, 'page': 1, 'version': '1.4'}}</msg>
<arg>${json_data}</arg>
<doc>Logs the given message with the given level.</doc>
<status status="PASS" start="2024-07-23T20:16:11.479900" elapsed="0.000206"/>
</kw>
<kw name="Should Be Equal As Numbers" owner="BuiltIn">
<arg>${json_data['results'][0]['location']['postcode']}</arg>
<arg>${json_data['results'][0]['location']['postcode']}</arg>
<doc>Fails if objects are unequal after converting them to real numbers.</doc>
<status status="PASS" start="2024-07-23T20:16:11.480434" elapsed="0.000675"/>
</kw>
<kw name="Log" owner="BuiltIn">
<msg time="2024-07-23T20:16:11.481678" level="INFO">84169</msg>
<arg>${json_data['results'][0]['location']['postcode']}</arg>
<doc>Logs the given message with the given level.</doc>
<status status="PASS" start="2024-07-23T20:16:11.481337" elapsed="0.000382"/>
</kw>
<status status="PASS" start="2024-07-23T20:16:11.396868" elapsed="0.085111"/>
</kw>
<doc>Testa se os tipos de dados na resposta da API estão corretos.</doc>
<tag>testeTiposDados</tag>
<status status="PASS" start="2024-07-23T20:16:11.305022" elapsed="0.177128"/>
</test>
<test id="s1-s1-t5" name="Validar conteudo" line="35">
<kw name="Teste de Tipos de Conteudo" owner="random-user-service">
<kw name="GET On Session" owner="RequestsLibrary">
<msg time="2024-07-23T20:16:11.586844" level="INFO">GET Request : url=https://randomuser.me/api 
 path_url=/api 
 headers={'User-Agent': 'python-requests/2.32.3', 'Accept-Encoding': 'gzip, deflate', 'Accept': '*/*', 'Connection': 'keep-alive'} 
 body=None 
 </msg>
<msg time="2024-07-23T20:16:11.586941" level="INFO">GET Response : url=https://randomuser.me/api 
 status=200, reason=OK 
 headers={'Date': 'Tue, 23 Jul 2024 20:16:11 GMT', 'Content-Type': 'application/json; charset=utf-8', 'Transfer-Encoding': 'chunked', 'Connection': 'keep-alive', 'X-Powered-By': 'Express', 'Access-Control-Allow-Origin': '*', 'Cache-Control': 'no-cache', 'ETag': 'W/"483-behR8fBe/voF6K/VWnbgSRdMfBo"', 'Vary': 'Accept-Encoding', 'Content-Encoding': 'gzip', 'CF-Cache-Status': 'DYNAMIC', 'Report-To': '{"endpoints":[{"url":"https:\\/\\/a.nel.cloudflare.com\\/report\\/v4?s=swNamZ8AMFZ7bjHHahyocg%2Bn42u7Rc2b9mw9QHXj3o%2FhxCkWUPMtJgGYZw1QVOeQmx2mYisB7BSQw0OMx3y4926E3%2FR8zQz38xOTFLWi5Gzb4rTw1c0LRQrMSrF5wQOY"}],"group":"cf-nel","max_age":604800}', 'NEL': '{"success_fraction":0,"report_to":"cf-nel","max_age":604800}', 'Server': 'cloudflare', 'CF-RAY': '8a7e58c7ca12802d-IAD', 'alt-svc': 'h3=":443"; ma=86400'} 
 body={"results":[{"gender":"male","name":{"title":"Mr","first":"Hudson","last":"Barnaby"},"location":{"street":{"number":9388,"name":"Oak St"},"city":"Victoria","state":"Yukon","country":"Canada","postcode":"T2J 5J9","coordinates":{"latitude":"-64.5256","longitude":"-83.2327"},"timezone":{"offset":"-3:00","description":"Brazil, Buenos Aires, Georgetown"}},"email":"hudson.barnaby@example.com","login":{"uuid":"615faef5-63cf-44a8-940b-6f7c560dcf93","username":"angrypanda451","password":"denali","salt":"ApW9qOG2","md5":"5755b90810c1752bd16376a7467e2185","sha1":"cb43133af7b4638ba9b68d21e5616c4603e86885","sha256":"4ac8448dfbc232f99f51ccd787d44c5579be5ad15acce9e8837b7a17f257876a"},"dob":{"date":"2001-02-16T05:34:12.286Z","age":23},"registered":{"date":"2012-02-02T05:33:47.512Z","age":12},"phone":"J40 V79-5293","cell":"D96 R65-3292","id":{"name":"SIN","value":"628438988"},"picture":{"large":"https://randomuser.me/api/portraits/men/78.jpg","medium":"https://randomuser.me/api/portraits/med/men/78.jpg","thumbnail":"https://randomuser.me/api/portraits/thumb/men/78.jpg"},"nat":"CA"}],"info":{"seed":"f45a9ee86a0054be","results":1,"page":1,"version":"1.4"}} 
 </msg>
<msg time="2024-07-23T20:16:11.587034" level="INFO">/opt/hostedtoolcache/Python/3.12.4/x64/lib/python3.12/site-packages/urllib3/connectionpool.py:1099: InsecureRequestWarning: Unverified HTTPS request is being made to host 'randomuser.me'. Adding certificate verification is strongly advised. See: https://urllib3.readthedocs.io/en/latest/advanced-usage.html#tls-warnings
  warnings.warn(</msg>
<msg time="2024-07-23T20:16:11.587181" level="INFO">${response} = &lt;Response [200]&gt;</msg>
<var>${response}</var>
<arg>consultarAPI</arg>
<arg>/api</arg>
<doc>Sends a GET request on a previously created HTTP Session.</doc>
<status status="PASS" start="2024-07-23T20:16:11.484597" elapsed="0.102622"/>
</kw>
<kw name="Set Variable" owner="BuiltIn">
<msg time="2024-07-23T20:16:11.588483" level="INFO">${json_data} = {'results': [{'gender': 'male', 'name': {'title': 'Mr', 'first': 'Hudson', 'last': 'Barnaby'}, 'location': {'street': {'number': 9388, 'name': 'Oak St'}, 'city': 'Victoria', 'state': 'Yukon', 'country...</msg>
<var>${json_data}</var>
<arg>${response.json()}</arg>
<doc>Returns the given values which can then be assigned to a variables.</doc>
<status status="PASS" start="2024-07-23T20:16:11.587865" elapsed="0.000648"/>
</kw>
<kw name="Set Variable" owner="BuiltIn">
<msg time="2024-07-23T20:16:11.589260" level="INFO">${name_title} = Mr</msg>
<var>${name_title}</var>
<arg>${json_data["results"][0]["name"]["title"]}</arg>
<doc>Returns the given values which can then be assigned to a variables.</doc>
<status status="PASS" start="2024-07-23T20:16:11.588824" elapsed="0.000463"/>
</kw>
<kw name="Create List" owner="BuiltIn">
<msg time="2024-07-23T20:16:11.589741" level="INFO">${allowed_titles} = ['Mr', 'Ms', 'Miss', 'Mrs', 'Madame', 'Monsieur']</msg>
<var>${allowed_titles}</var>
<arg>Mr</arg>
<arg>Ms</arg>
<arg>Miss</arg>
<arg>Mrs</arg>
<arg>Madame</arg>
<arg>Monsieur</arg>
<doc>Returns a list containing given items.</doc>
<status status="PASS" start="2024-07-23T20:16:11.589589" elapsed="0.000176"/>
</kw>
<kw name="List Should Contain Value" owner="Collections">
<arg>${allowed_titles}</arg>
<arg>${name_title}</arg>
<doc>Fails if the ``value`` is not found from ``list``.</doc>
<status status="PASS" start="2024-07-23T20:16:11.590069" elapsed="0.000185"/>
</kw>
<kw name="Set Variable" owner="BuiltIn">
<msg time="2024-07-23T20:16:11.590824" level="INFO">${name_country} = CA</msg>
<var>${name_country}</var>
<arg>${json_data["results"][0]["nat"]}</arg>
<doc>Returns the given values which can then be assigned to a variables.</doc>
<status status="PASS" start="2024-07-23T20:16:11.590453" elapsed="0.000396"/>
</kw>
<kw name="Create List" owner="BuiltIn">
<msg time="2024-07-23T20:16:11.591741" level="INFO">${list_country} = ['AD', 'AE', 'AF', 'AG', 'AI', 'AL', 'AM', 'AO', 'AQ', 'AR', 'AS', 'AT', 'AU', 'AW', 'AX', 'AZ', 'BA', 'BB', 'BD', 'BE', 'BF', 'BG', 'BH', 'BI', 'BJ', 'BL', 'BM', 'BN', 'BO', 'BQ', 'BR', 'BS', 'BT', '...</msg>
<var>${list_country}</var>
<arg>AD</arg>
<arg>AE</arg>
<arg>AF</arg>
<arg>AG</arg>
<arg>AI</arg>
<arg>AL</arg>
<arg>AM</arg>
<arg>AO</arg>
<arg>AQ</arg>
<arg>AR</arg>
<arg>AS</arg>
<arg>AT</arg>
<arg>AU</arg>
<arg>AW</arg>
<arg>AX</arg>
<arg>AZ</arg>
<arg>BA</arg>
<arg>BB</arg>
<arg>BD</arg>
<arg>BE</arg>
<arg>BF</arg>
<arg>BG</arg>
<arg>BH</arg>
<arg>BI</arg>
<arg>BJ</arg>
<arg>BL</arg>
<arg>BM</arg>
<arg>BN</arg>
<arg>BO</arg>
<arg>BQ</arg>
<arg>BR</arg>
<arg>BS</arg>
<arg>BT</arg>
<arg>BV</arg>
<arg>BW</arg>
<arg>BY</arg>
<arg>BZ</arg>
<arg>CA</arg>
<arg>CC</arg>
<arg>CD</arg>
<arg>CF</arg>
<arg>CG</arg>
<arg>CH</arg>
<arg>CI</arg>
<arg>CK</arg>
<arg>CL</arg>
<arg>CM</arg>
<arg>CN</arg>
<arg>CO</arg>
<arg>CR</arg>
<arg>CU</arg>
<arg>CV</arg>
<arg>CW</arg>
<arg>CX</arg>
<arg>CY</arg>
<arg>CZ</arg>
<arg>DE</arg>
<arg>DJ</arg>
<arg>DK</arg>
<arg>DM</arg>
<arg>DO</arg>
<arg>DZ</arg>
<arg>EC</arg>
<arg>EE</arg>
<arg>EG</arg>
<arg>EH</arg>
<arg>ER</arg>
<arg>ES</arg>
<arg>ET</arg>
<arg>FI</arg>
<arg>FJ</arg>
<arg>FK</arg>
<arg>FM</arg>
<arg>FO</arg>
<arg>FR</arg>
<arg>GA</arg>
<arg>GB</arg>
<arg>GD</arg>
<arg>GE</arg>
<arg>GF</arg>
<arg>GG</arg>
<arg>GH</arg>
<arg>GI</arg>
<arg>GL</arg>
<arg>GM</arg>
<arg>GN</arg>
<arg>GP</arg>
<arg>GQ</arg>
<arg>GR</arg>
<arg>GS</arg>
<arg>GT</arg>
<arg>GU</arg>
<arg>GW</arg>
<arg>GY</arg>
<arg>HK</arg>
<arg>HM</arg>
<arg>HN</arg>
<arg>HR</arg>
<arg>HT</arg>
<arg>HU</arg>
<arg>ID</arg>
<arg>IE</arg>
<arg>IL</arg>
<arg>IM</arg>
<arg>IN</arg>
<arg>IO</arg>
<arg>IQ</arg>
<arg>IR</arg>
<arg>IS</arg>
<arg>IT</arg>
<arg>JE</arg>
<arg>JM</arg>
<arg>JO</arg>
<arg>JP</arg>
<arg>KE</arg>
<arg>KG</arg>
<arg>KH</arg>
<arg>KI</arg>
<arg>KM</arg>
<arg>KN</arg>
<arg>KP</arg>
<arg>KR</arg>
<arg>KW</arg>
<arg>KY</arg>
<arg>KZ</arg>
<arg>LA</arg>
<arg>LB</arg>
<arg>LC</arg>
<arg>LI</arg>
<arg>LK</arg>
<arg>LR</arg>
<arg>LS</arg>
<arg>LT</arg>
<arg>LU</arg>
<arg>LV</arg>
<arg>LY</arg>
<arg>MA</arg>
<arg>MC</arg>
<arg>MD</arg>
<arg>ME</arg>
<arg>MF</arg>
<arg>MG</arg>
<arg>MH</arg>
<arg>MK</arg>
<arg>ML</arg>
<arg>MM</arg>
<arg>MN</arg>
<arg>MO</arg>
<arg>MP</arg>
<arg>MQ</arg>
<arg>MR</arg>
<arg>MS</arg>
<arg>MT</arg>
<arg>MU</arg>
<arg>MV</arg>
<arg>MW</arg>
<arg>MX</arg>
<arg>MY</arg>
<arg>MZ</arg>
<arg>NA</arg>
<arg>NC</arg>
<arg>NE</arg>
<arg>NF</arg>
<arg>NG</arg>
<arg>NI</arg>
<arg>NL</arg>
<arg>NO</arg>
<arg>NP</arg>
<arg>NR</arg>
<arg>NU</arg>
<arg>NZ</arg>
<arg>OM</arg>
<arg>PA</arg>
<arg>PE</arg>
<arg>PF</arg>
<arg>PG</arg>
<arg>PH</arg>
<arg>PK</arg>
<arg>PL</arg>
<arg>PM</arg>
<arg>PN</arg>
<arg>PR</arg>
<arg>PS</arg>
<arg>PT</arg>
<arg>PW</arg>
<arg>PY</arg>
<arg>QA</arg>
<arg>RE</arg>
<arg>RO</arg>
<arg>RS</arg>
<arg>RU</arg>
<arg>RW</arg>
<arg>SA</arg>
<arg>SB</arg>
<arg>SC</arg>
<arg>SD</arg>
<arg>SE</arg>
<arg>SG</arg>
<arg>SH</arg>
<arg>SI</arg>
<arg>SJ</arg>
<arg>SK</arg>
<arg>SL</arg>
<arg>SM</arg>
<arg>SN</arg>
<arg>SO</arg>
<arg>SR</arg>
<arg>SS</arg>
<arg>ST</arg>
<arg>SV</arg>
<arg>SX</arg>
<arg>SY</arg>
<arg>SZ</arg>
<arg>TC</arg>
<arg>TD</arg>
<arg>TF</arg>
<arg>TG</arg>
<arg>TH</arg>
<arg>TJ</arg>
<arg>TK</arg>
<arg>TL</arg>
<arg>TM</arg>
<arg>TN</arg>
<arg>TO</arg>
<arg>TR</arg>
<arg>TT</arg>
<arg>TV</arg>
<arg>TW</arg>
<arg>TZ</arg>
<arg>UA</arg>
<arg>UG</arg>
<arg>UM</arg>
<arg>US</arg>
<arg>UY</arg>
<arg>UZ</arg>
<arg>VA</arg>
<arg>VC</arg>
<arg>VE</arg>
<arg>VG</arg>
<arg>VI</arg>
<arg>VN</arg>
<arg>VU</arg>
<arg>WF</arg>
<arg>WS</arg>
<arg>XK</arg>
<arg>YE</arg>
<arg>YT</arg>
<arg>ZA</arg>
<arg>ZM</arg>
<arg>ZW</arg>
<doc>Returns a list containing given items.</doc>
<status status="PASS" start="2024-07-23T20:16:11.591139" elapsed="0.000628"/>
</kw>
<kw name="List Should Contain Value" owner="Collections">
<arg>${list_country}</arg>
<arg>${name_country}</arg>
<doc>Fails if the ``value`` is not found from ``list``.</doc>
<status status="PASS" start="2024-07-23T20:16:11.592744" elapsed="0.000249"/>
</kw>
<kw name="Run Keyword If" owner="BuiltIn">
<kw name="Should Be True" owner="BuiltIn">
<arg>${True}</arg>
<doc>Fails if the given condition is not true.</doc>
<status status="PASS" start="2024-07-23T20:16:11.593958" elapsed="0.000144"/>
</kw>
<arg>${json_data["results"][0]["location"]["coordinates"]["latitude"]} &gt;= -90 and ${json_data["results"][0]["location"]["coordinates"]["latitude"]} &lt;= 90</arg>
<arg>Should Be True</arg>
<arg>${True}</arg>
<doc>Runs the given keyword with the given arguments, if ``condition`` is true.</doc>
<status status="PASS" start="2024-07-23T20:16:11.593203" elapsed="0.001026"/>
</kw>
<kw name="Run Keyword If" owner="BuiltIn">
<kw name="Should Be True" owner="BuiltIn">
<arg>${True}</arg>
<doc>Fails if the given condition is not true.</doc>
<status status="PASS" start="2024-07-23T20:16:11.595098" elapsed="0.000137"/>
</kw>
<arg>${json_data["results"][0]["location"]["coordinates"]["longitude"]} &gt;= -180 and ${json_data["results"][0]["location"]["coordinates"]["longitude"]} &lt;= 180</arg>
<arg>Should Be True</arg>
<arg>${True}</arg>
<doc>Runs the given keyword with the given arguments, if ``condition`` is true.</doc>
<status status="PASS" start="2024-07-23T20:16:11.594410" elapsed="0.000948"/>
</kw>
<status status="PASS" start="2024-07-23T20:16:11.484370" elapsed="0.111118"/>
</kw>
<doc>Testa o conteúdo específico dos campos retornados pela API.</doc>
<tag>testeConteudo</tag>
<status status="PASS" start="2024-07-23T20:16:11.483908" elapsed="0.111732"/>
</test>
<status status="PASS" start="2024-07-23T20:16:10.647018" elapsed="0.950590"/>
</suite>
<status status="PASS" start="2024-07-23T20:16:10.632353" elapsed="0.970376"/>
</suite>
<statistics>
<total>
<stat pass="5" fail="0" skip="0">All Tests</stat>
</total>
<tag>
<stat pass="1" fail="0" skip="0">testeConteudo</stat>
<stat pass="1" fail="0" skip="0">testeEstruturaResposta</stat>
<stat pass="1" fail="0" skip="0">testeRequisicaoBasica</stat>
<stat pass="1" fail="0" skip="0">testeTiposDados</stat>
</tag>
<suite>
<stat pass="5" fail="0" skip="0" id="s1" name="Tests">Tests</stat>
<stat pass="5" fail="0" skip="0" id="s1-s1" name="Random-User-Test">Tests.Random-User-Test</stat>
</suite>
</statistics>
<errors>
</errors>
</robot>
