<?xml version="1.0" encoding="UTF-8"?>
<robot generator="Robot 7.0.1 (Python 3.12.4 on linux)" generated="2024-06-26T12:29:59.955544" rpa="false" schemaversion="5">
<suite id="s1" name="Tests" source="/home/runner/work/ApiRandomUser/ApiRandomUser/RamdonUser/tests">
<suite id="s1-s1" name="Random-User-Test" source="/home/runner/work/ApiRandomUser/ApiRandomUser/RamdonUser/tests/random-user-test.robot">
<test id="s1-s1-t1" name="Conectar" line="13">
<kw name="Conectar API" owner="random-user-service">
<kw name="Create Session" owner="RequestsLibrary">
<msg time="2024-06-26T12:30:00.348231" level="INFO">Creating Session using : alias=consultarAPI, url=https://randomuser.me/, headers={},                     cookies={}, auth=None, timeout=None, proxies=None, verify=False,                     debug=0 </msg>
<arg>consultarAPI</arg>
<arg>${URL}</arg>
<doc>Create Session: create a HTTP session to a server</doc>
<status status="PASS" start="2024-06-26T12:30:00.348038" elapsed="0.000403"/>
</kw>
<status status="PASS" start="2024-06-26T12:30:00.347102" elapsed="0.001699"/>
</kw>
<status status="PASS" start="2024-06-26T12:30:00.346491" elapsed="0.002500"/>
</test>
<test id="s1-s1-t2" name="Validar retorno 200 e JSON Válido" line="16">
<kw name="Teste de Requisicao Basica" owner="random-user-service">
<kw name="GET On Session" owner="RequestsLibrary">
<msg time="2024-06-26T12:30:00.650614" level="INFO">GET Request : url=https://randomuser.me/api 
 path_url=/api 
 headers={'User-Agent': 'python-requests/2.32.3', 'Accept-Encoding': 'gzip, deflate', 'Accept': '*/*', 'Connection': 'keep-alive'} 
 body=None 
 </msg>
<msg time="2024-06-26T12:30:00.650762" level="INFO">GET Response : url=https://randomuser.me/api 
 status=200, reason=OK 
 headers={'Date': 'Wed, 26 Jun 2024 12:30:00 GMT', 'Content-Type': 'application/json; charset=utf-8', 'Transfer-Encoding': 'chunked', 'Connection': 'keep-alive', 'X-Powered-By': 'Express', 'Access-Control-Allow-Origin': '*', 'Cache-Control': 'no-cache', 'ETag': 'W/"492-mtkhDNnGyxvQzHZbFHjoM7i7cgE"', 'Vary': 'Accept-Encoding', 'Content-Encoding': 'gzip', 'CF-Cache-Status': 'DYNAMIC', 'Report-To': '{"endpoints":[{"url":"https:\\/\\/a.nel.cloudflare.com\\/report\\/v4?s=jebflsVca2VAOA8Eag38EIgtW8bUsVPYdqO%2B5G6deTSrhbflQv6L9uRzYUg66Mp%2B9%2BisUPqR6rOw97S5cyvpOGhSRf%2F3TPlAII8wuvrdV6Y7k6qOZv2C0IypvNR4WcXk"}],"group":"cf-nel","max_age":604800}', 'NEL': '{"success_fraction":0,"report_to":"cf-nel","max_age":604800}', 'Server': 'cloudflare', 'CF-RAY': '899d34c46d832513-SJC', 'alt-svc': 'h3=":443"; ma=86400'} 
 body={"results":[{"gender":"female","name":{"title":"Ms","first":"Irene","last":"Søderholm"},"location":{"street":{"number":3091,"name":"Gamle Leirdals vei"},"city":"Svene","state":"Trøndelag","country":"Norway","postcode":"7247","coordinates":{"latitude":"43.5434","longitude":"75.8063"},"timezone":{"offset":"+1:00","description":"Brussels, Copenhagen, Madrid, Paris"}},"email":"irene.soderholm@example.com","login":{"uuid":"6df743ce-3900-402f-a64b-e558dbb62de9","username":"sadwolf404","password":"cristina","salt":"Kbbbk9yz","md5":"00c091d4074b4d6d541c5fbf300814ca","sha1":"39144a5ffeaebd2ec66014de7db1cea70b0106f8","sha256":"bc5bcc18737665b104c598a743fc94e1f2112fbf5321f4811992b16800b3df1b"},"dob":{"date":"1965-07-19T07:29:11.908Z","age":58},"registered":{"date":"2013-01-06T22:07:06.828Z","age":11},"phone":"77318968","cell":"93479689","id":{"name":"FN","value":"19076540643"},"picture":{"large":"https://randomuser.me/api/portraits/women/80.jpg","medium":"https://randomuser.me/api/portraits/med/women/80.jpg","thumbnail":"https://randomuser.me/api/portraits/thumb/women/80.jpg"},"nat":"NO"}],"info":{"seed":"6c1b63ff8d9b1950","results":1,"page":1,"version":"1.4"}} 
 </msg>
<msg time="2024-06-26T12:30:00.650878" level="INFO">/opt/hostedtoolcache/Python/3.12.4/x64/lib/python3.12/site-packages/urllib3/connectionpool.py:1099: InsecureRequestWarning: Unverified HTTPS request is being made to host 'randomuser.me'. Adding certificate verification is strongly advised. See: https://urllib3.readthedocs.io/en/latest/advanced-usage.html#tls-warnings
  warnings.warn(</msg>
<msg time="2024-06-26T12:30:00.651030" level="INFO">${response} = &lt;Response [200]&gt;</msg>
<var>${response}</var>
<arg>consultarAPI</arg>
<arg>/api</arg>
<doc>Sends a GET request on a previously created HTTP Session.</doc>
<status status="PASS" start="2024-06-26T12:30:00.351599" elapsed="0.299474"/>
</kw>
<kw name="Should Be Equal As Numbers" owner="BuiltIn">
<msg time="2024-06-26T12:30:00.652269" level="INFO">Argument types are:
&lt;class 'int'&gt;
&lt;class 'str'&gt;</msg>
<arg>${response.status_code}</arg>
<arg>200</arg>
<doc>Fails if objects are unequal after converting them to real numbers.</doc>
<status status="PASS" start="2024-06-26T12:30:00.651756" elapsed="0.000577"/>
</kw>
<kw name="Log" owner="BuiltIn">
<msg time="2024-06-26T12:30:00.653043" level="INFO">200</msg>
<arg>${response.status_code}</arg>
<doc>Logs the given message with the given level.</doc>
<status status="PASS" start="2024-06-26T12:30:00.652692" elapsed="0.000393"/>
</kw>
<kw name="Set Variable" owner="BuiltIn">
<msg time="2024-06-26T12:30:00.653818" level="INFO">${json_data} = {'results': [{'gender': 'female', 'name': {'title': 'Ms', 'first': 'Irene', 'last': 'Søderholm'}, 'location': {'street': {'number': 3091, 'name': 'Gamle Leirdals vei'}, 'city': 'Svene', 'state': 'Trøn...</msg>
<var>${json_data}</var>
<arg>${response.json()}</arg>
<doc>Returns the given values which can then be assigned to a variables.</doc>
<status status="PASS" start="2024-06-26T12:30:00.653384" elapsed="0.000464"/>
</kw>
<kw name="Dictionary Should Contain Key" owner="Collections">
<arg>${json_data}</arg>
<arg>results</arg>
<doc>Fails if ``key`` is not found from ``dictionary``.</doc>
<status status="PASS" start="2024-06-26T12:30:00.654146" elapsed="0.000161"/>
</kw>
<status status="PASS" start="2024-06-26T12:30:00.351362" elapsed="0.303094"/>
</kw>
<doc>Testa se a API responde corretamente e retorna um objeto JSON válido.</doc>
<tag>testeRequisicaoBasica</tag>
<status status="PASS" start="2024-06-26T12:30:00.350823" elapsed="0.303807"/>
</test>
<test id="s1-s1-t3" name="Validar estrutura de resposta" line="22">
<kw name="Teste de Estrutura de Resposta" owner="random-user-service">
<kw name="GET On Session" owner="RequestsLibrary">
<msg time="2024-06-26T12:30:00.957761" level="INFO">GET Request : url=https://randomuser.me/api 
 path_url=/api 
 headers={'User-Agent': 'python-requests/2.32.3', 'Accept-Encoding': 'gzip, deflate', 'Accept': '*/*', 'Connection': 'keep-alive'} 
 body=None 
 </msg>
<msg time="2024-06-26T12:30:00.957882" level="INFO">GET Response : url=https://randomuser.me/api 
 status=200, reason=OK 
 headers={'Date': 'Wed, 26 Jun 2024 12:30:00 GMT', 'Content-Type': 'application/json; charset=utf-8', 'Transfer-Encoding': 'chunked', 'Connection': 'keep-alive', 'X-Powered-By': 'Express', 'Access-Control-Allow-Origin': '*', 'Cache-Control': 'no-cache', 'ETag': 'W/"494-EVnEB+eKqit8QVJQZIfb/CmIrFU"', 'Vary': 'Accept-Encoding', 'Content-Encoding': 'gzip', 'CF-Cache-Status': 'DYNAMIC', 'Report-To': '{"endpoints":[{"url":"https:\\/\\/a.nel.cloudflare.com\\/report\\/v4?s=K6%2FnU%2BzD6dwgUN%2FTQMCCdSG6bCp%2Bl9C2sS7rvSrYJeY%2Fw%2B8gCsbtTOSvmQ%2BMCLxYhvHROr9tpV2WRfxBCucaagjpvUoKD1EHoalOi6YgdNRiFQJfGeOs5yErobsGRMuj"}],"group":"cf-nel","max_age":604800}', 'NEL': '{"success_fraction":0,"report_to":"cf-nel","max_age":604800}', 'Server': 'cloudflare', 'CF-RAY': '899d34c62ed42513-SJC', 'alt-svc': 'h3=":443"; ma=86400'} 
 body={"results":[{"gender":"male","name":{"title":"Mr","first":"William","last":"Rasmussen"},"location":{"street":{"number":7922,"name":"Lærkevej"},"city":"Aalborg S.Ø.","state":"Midtjylland","country":"Denmark","postcode":63908,"coordinates":{"latitude":"-44.4711","longitude":"-159.2149"},"timezone":{"offset":"+4:00","description":"Abu Dhabi, Muscat, Baku, Tbilisi"}},"email":"william.rasmussen@example.com","login":{"uuid":"fe9c8079-719f-4702-b20e-e2abdd2ee07e","username":"beautifultiger918","password":"budlight","salt":"BeK8CaiD","md5":"3b46e8d0c205e0cb95f4090306174c28","sha1":"d802f2d34405ee21712320d113438ef391a2e2a1","sha256":"c608a3ef78bf0bf97146c4e7b890714b6767a6ca630ae0cc41e0ee1eee398d7d"},"dob":{"date":"1954-01-27T18:53:06.733Z","age":70},"registered":{"date":"2015-04-30T16:46:41.321Z","age":9},"phone":"88199049","cell":"41536056","id":{"name":"CPR","value":"270154-7194"},"picture":{"large":"https://randomuser.me/api/portraits/men/71.jpg","medium":"https://randomuser.me/api/portraits/med/men/71.jpg","thumbnail":"https://randomuser.me/api/portraits/thumb/men/71.jpg"},"nat":"DK"}],"info":{"seed":"cfdc94910d15ceaa","results":1,"page":1,"version":"1.4"}} 
 </msg>
<msg time="2024-06-26T12:30:00.958038" level="INFO">/opt/hostedtoolcache/Python/3.12.4/x64/lib/python3.12/site-packages/urllib3/connectionpool.py:1099: InsecureRequestWarning: Unverified HTTPS request is being made to host 'randomuser.me'. Adding certificate verification is strongly advised. See: https://urllib3.readthedocs.io/en/latest/advanced-usage.html#tls-warnings
  warnings.warn(</msg>
<msg time="2024-06-26T12:30:00.958176" level="INFO">${response} = &lt;Response [200]&gt;</msg>
<var>${response}</var>
<arg>consultarAPI</arg>
<arg>/api</arg>
<doc>Sends a GET request on a previously created HTTP Session.</doc>
<status status="PASS" start="2024-06-26T12:30:00.657298" elapsed="0.300922"/>
</kw>
<kw name="Set Variable" owner="BuiltIn">
<msg time="2024-06-26T12:30:00.959541" level="INFO">${json_data} = {'results': [{'gender': 'male', 'name': {'title': 'Mr', 'first': 'William', 'last': 'Rasmussen'}, 'location': {'street': {'number': 7922, 'name': 'Lærkevej'}, 'city': 'Aalborg S.Ø.', 'state': 'Midtjyl...</msg>
<var>${json_data}</var>
<arg>${response.json()}</arg>
<doc>Returns the given values which can then be assigned to a variables.</doc>
<status status="PASS" start="2024-06-26T12:30:00.958905" elapsed="0.000667"/>
</kw>
<kw name="Log" owner="BuiltIn">
<msg time="2024-06-26T12:30:00.960057" level="INFO">{'results': [{'gender': 'male', 'name': {'title': 'Mr', 'first': 'William', 'last': 'Rasmussen'}, 'location': {'street': {'number': 7922, 'name': 'Lærkevej'}, 'city': 'Aalborg S.Ø.', 'state': 'Midtjylland', 'country': 'Denmark', 'postcode': 63908, 'coordinates': {'latitude': '-44.4711', 'longitude': '-159.2149'}, 'timezone': {'offset': '+4:00', 'description': 'Abu Dhabi, Muscat, Baku, Tbilisi'}}, 'email': 'william.rasmussen@example.com', 'login': {'uuid': 'fe9c8079-719f-4702-b20e-e2abdd2ee07e', 'username': 'beautifultiger918', 'password': 'budlight', 'salt': 'BeK8CaiD', 'md5': '3b46e8d0c205e0cb95f4090306174c28', 'sha1': 'd802f2d34405ee21712320d113438ef391a2e2a1', 'sha256': 'c608a3ef78bf0bf97146c4e7b890714b6767a6ca630ae0cc41e0ee1eee398d7d'}, 'dob': {'date': '1954-01-27T18:53:06.733Z', 'age': 70}, 'registered': {'date': '2015-04-30T16:46:41.321Z', 'age': 9}, 'phone': '88199049', 'cell': '41536056', 'id': {'name': 'CPR', 'value': '270154-7194'}, 'picture': {'large': 'https://randomuser.me/api/portraits/men/71.jpg', 'medium': 'https://randomuser.me/api/portraits/med/men/71.jpg', 'thumbnail': 'https://randomuser.me/api/portraits/thumb/men/71.jpg'}, 'nat': 'DK'}], 'info': {'seed': 'cfdc94910d15ceaa', 'results': 1, 'page': 1, 'version': '1.4'}}</msg>
<arg>${json_data}</arg>
<doc>Logs the given message with the given level.</doc>
<status status="PASS" start="2024-06-26T12:30:00.959891" elapsed="0.000217"/>
</kw>
<kw name="Dictionary Should Contain Key" owner="Collections">
<arg>${json_data}</arg>
<arg>results</arg>
<doc>Fails if ``key`` is not found from ``dictionary``.</doc>
<status status="PASS" start="2024-06-26T12:30:00.960401" elapsed="0.000207"/>
</kw>
<kw name="Should Not Be Empty" owner="BuiltIn">
<msg time="2024-06-26T12:30:00.960931" level="INFO">Length is 2.</msg>
<arg>${json_data}</arg>
<doc>Verifies that the given item is not empty.</doc>
<status status="PASS" start="2024-06-26T12:30:00.960796" elapsed="0.000175"/>
</kw>
<kw name="Create List" owner="BuiltIn">
<msg time="2024-06-26T12:30:00.961427" level="INFO">${expected_keys} = ['gender', 'name', 'location', 'email', 'login']</msg>
<var>${expected_keys}</var>
<arg>gender</arg>
<arg>name</arg>
<arg>location</arg>
<arg>email</arg>
<arg>login</arg>
<doc>Returns a list containing given items.</doc>
<status status="PASS" start="2024-06-26T12:30:00.961267" elapsed="0.000185"/>
</kw>
<for flavor="IN">
<iter>
<kw name="Dictionary Should Contain Key" owner="Collections">
<arg>${json_data['results'][0]}</arg>
<arg>${key}</arg>
<doc>Fails if ``key`` is not found from ``dictionary``.</doc>
<status status="PASS" start="2024-06-26T12:30:00.962197" elapsed="0.000411"/>
</kw>
<kw name="Log" owner="BuiltIn">
<msg time="2024-06-26T12:30:00.963162" level="INFO">{'gender': 'male', 'name': {'title': 'Mr', 'first': 'William', 'last': 'Rasmussen'}, 'location': {'street': {'number': 7922, 'name': 'Lærkevej'}, 'city': 'Aalborg S.Ø.', 'state': 'Midtjylland', 'country': 'Denmark', 'postcode': 63908, 'coordinates': {'latitude': '-44.4711', 'longitude': '-159.2149'}, 'timezone': {'offset': '+4:00', 'description': 'Abu Dhabi, Muscat, Baku, Tbilisi'}}, 'email': 'william.rasmussen@example.com', 'login': {'uuid': 'fe9c8079-719f-4702-b20e-e2abdd2ee07e', 'username': 'beautifultiger918', 'password': 'budlight', 'salt': 'BeK8CaiD', 'md5': '3b46e8d0c205e0cb95f4090306174c28', 'sha1': 'd802f2d34405ee21712320d113438ef391a2e2a1', 'sha256': 'c608a3ef78bf0bf97146c4e7b890714b6767a6ca630ae0cc41e0ee1eee398d7d'}, 'dob': {'date': '1954-01-27T18:53:06.733Z', 'age': 70}, 'registered': {'date': '2015-04-30T16:46:41.321Z', 'age': 9}, 'phone': '88199049', 'cell': '41536056', 'id': {'name': 'CPR', 'value': '270154-7194'}, 'picture': {'large': 'https://randomuser.me/api/portraits/men/71.jpg', 'medium': 'https://randomuser.me/api/portraits/med/men/71.jpg', 'thumbnail': 'https://randomuser.me/api/portraits/thumb/men/71.jpg'}, 'nat': 'DK'}</msg>
<arg>${json_data['results'][0]}</arg>
<doc>Logs the given message with the given level.</doc>
<status status="PASS" start="2024-06-26T12:30:00.962802" elapsed="0.000412"/>
</kw>
<kw name="Log" owner="BuiltIn">
<msg time="2024-06-26T12:30:00.963644" level="INFO">gender</msg>
<arg>${key}</arg>
<doc>Logs the given message with the given level.</doc>
<status status="PASS" start="2024-06-26T12:30:00.963514" elapsed="0.000169"/>
</kw>
<var name="${key}">gender</var>
<status status="PASS" start="2024-06-26T12:30:00.962073" elapsed="0.001825"/>
</iter>
<iter>
<kw name="Dictionary Should Contain Key" owner="Collections">
<arg>${json_data['results'][0]}</arg>
<arg>${key}</arg>
<doc>Fails if ``key`` is not found from ``dictionary``.</doc>
<status status="PASS" start="2024-06-26T12:30:00.964206" elapsed="0.000430"/>
</kw>
<kw name="Log" owner="BuiltIn">
<msg time="2024-06-26T12:30:00.965176" level="INFO">{'gender': 'male', 'name': {'title': 'Mr', 'first': 'William', 'last': 'Rasmussen'}, 'location': {'street': {'number': 7922, 'name': 'Lærkevej'}, 'city': 'Aalborg S.Ø.', 'state': 'Midtjylland', 'country': 'Denmark', 'postcode': 63908, 'coordinates': {'latitude': '-44.4711', 'longitude': '-159.2149'}, 'timezone': {'offset': '+4:00', 'description': 'Abu Dhabi, Muscat, Baku, Tbilisi'}}, 'email': 'william.rasmussen@example.com', 'login': {'uuid': 'fe9c8079-719f-4702-b20e-e2abdd2ee07e', 'username': 'beautifultiger918', 'password': 'budlight', 'salt': 'BeK8CaiD', 'md5': '3b46e8d0c205e0cb95f4090306174c28', 'sha1': 'd802f2d34405ee21712320d113438ef391a2e2a1', 'sha256': 'c608a3ef78bf0bf97146c4e7b890714b6767a6ca630ae0cc41e0ee1eee398d7d'}, 'dob': {'date': '1954-01-27T18:53:06.733Z', 'age': 70}, 'registered': {'date': '2015-04-30T16:46:41.321Z', 'age': 9}, 'phone': '88199049', 'cell': '41536056', 'id': {'name': 'CPR', 'value': '270154-7194'}, 'picture': {'large': 'https://randomuser.me/api/portraits/men/71.jpg', 'medium': 'https://randomuser.me/api/portraits/med/men/71.jpg', 'thumbnail': 'https://randomuser.me/api/portraits/thumb/men/71.jpg'}, 'nat': 'DK'}</msg>
<arg>${json_data['results'][0]}</arg>
<doc>Logs the given message with the given level.</doc>
<status status="PASS" start="2024-06-26T12:30:00.964821" elapsed="0.000438"/>
</kw>
<kw name="Log" owner="BuiltIn">
<msg time="2024-06-26T12:30:00.965689" level="INFO">name</msg>
<arg>${key}</arg>
<doc>Logs the given message with the given level.</doc>
<status status="PASS" start="2024-06-26T12:30:00.965560" elapsed="0.000168"/>
</kw>
<var name="${key}">name</var>
<status status="PASS" start="2024-06-26T12:30:00.964093" elapsed="0.001852"/>
</iter>
<iter>
<kw name="Dictionary Should Contain Key" owner="Collections">
<arg>${json_data['results'][0]}</arg>
<arg>${key}</arg>
<doc>Fails if ``key`` is not found from ``dictionary``.</doc>
<status status="PASS" start="2024-06-26T12:30:00.966228" elapsed="0.000383"/>
</kw>
<kw name="Log" owner="BuiltIn">
<msg time="2024-06-26T12:30:00.967145" level="INFO">{'gender': 'male', 'name': {'title': 'Mr', 'first': 'William', 'last': 'Rasmussen'}, 'location': {'street': {'number': 7922, 'name': 'Lærkevej'}, 'city': 'Aalborg S.Ø.', 'state': 'Midtjylland', 'country': 'Denmark', 'postcode': 63908, 'coordinates': {'latitude': '-44.4711', 'longitude': '-159.2149'}, 'timezone': {'offset': '+4:00', 'description': 'Abu Dhabi, Muscat, Baku, Tbilisi'}}, 'email': 'william.rasmussen@example.com', 'login': {'uuid': 'fe9c8079-719f-4702-b20e-e2abdd2ee07e', 'username': 'beautifultiger918', 'password': 'budlight', 'salt': 'BeK8CaiD', 'md5': '3b46e8d0c205e0cb95f4090306174c28', 'sha1': 'd802f2d34405ee21712320d113438ef391a2e2a1', 'sha256': 'c608a3ef78bf0bf97146c4e7b890714b6767a6ca630ae0cc41e0ee1eee398d7d'}, 'dob': {'date': '1954-01-27T18:53:06.733Z', 'age': 70}, 'registered': {'date': '2015-04-30T16:46:41.321Z', 'age': 9}, 'phone': '88199049', 'cell': '41536056', 'id': {'name': 'CPR', 'value': '270154-7194'}, 'picture': {'large': 'https://randomuser.me/api/portraits/men/71.jpg', 'medium': 'https://randomuser.me/api/portraits/med/men/71.jpg', 'thumbnail': 'https://randomuser.me/api/portraits/thumb/men/71.jpg'}, 'nat': 'DK'}</msg>
<arg>${json_data['results'][0]}</arg>
<doc>Logs the given message with the given level.</doc>
<status status="PASS" start="2024-06-26T12:30:00.966794" elapsed="0.000402"/>
</kw>
<kw name="Log" owner="BuiltIn">
<msg time="2024-06-26T12:30:00.967632" level="INFO">location</msg>
<arg>${key}</arg>
<doc>Logs the given message with the given level.</doc>
<status status="PASS" start="2024-06-26T12:30:00.967504" elapsed="0.000167"/>
</kw>
<var name="${key}">location</var>
<status status="PASS" start="2024-06-26T12:30:00.966120" elapsed="0.001786"/>
</iter>
<iter>
<kw name="Dictionary Should Contain Key" owner="Collections">
<arg>${json_data['results'][0]}</arg>
<arg>${key}</arg>
<doc>Fails if ``key`` is not found from ``dictionary``.</doc>
<status status="PASS" start="2024-06-26T12:30:00.968202" elapsed="0.000466"/>
</kw>
<kw name="Log" owner="BuiltIn">
<msg time="2024-06-26T12:30:00.969216" level="INFO">{'gender': 'male', 'name': {'title': 'Mr', 'first': 'William', 'last': 'Rasmussen'}, 'location': {'street': {'number': 7922, 'name': 'Lærkevej'}, 'city': 'Aalborg S.Ø.', 'state': 'Midtjylland', 'country': 'Denmark', 'postcode': 63908, 'coordinates': {'latitude': '-44.4711', 'longitude': '-159.2149'}, 'timezone': {'offset': '+4:00', 'description': 'Abu Dhabi, Muscat, Baku, Tbilisi'}}, 'email': 'william.rasmussen@example.com', 'login': {'uuid': 'fe9c8079-719f-4702-b20e-e2abdd2ee07e', 'username': 'beautifultiger918', 'password': 'budlight', 'salt': 'BeK8CaiD', 'md5': '3b46e8d0c205e0cb95f4090306174c28', 'sha1': 'd802f2d34405ee21712320d113438ef391a2e2a1', 'sha256': 'c608a3ef78bf0bf97146c4e7b890714b6767a6ca630ae0cc41e0ee1eee398d7d'}, 'dob': {'date': '1954-01-27T18:53:06.733Z', 'age': 70}, 'registered': {'date': '2015-04-30T16:46:41.321Z', 'age': 9}, 'phone': '88199049', 'cell': '41536056', 'id': {'name': 'CPR', 'value': '270154-7194'}, 'picture': {'large': 'https://randomuser.me/api/portraits/men/71.jpg', 'medium': 'https://randomuser.me/api/portraits/med/men/71.jpg', 'thumbnail': 'https://randomuser.me/api/portraits/thumb/men/71.jpg'}, 'nat': 'DK'}</msg>
<arg>${json_data['results'][0]}</arg>
<doc>Logs the given message with the given level.</doc>
<status status="PASS" start="2024-06-26T12:30:00.968858" elapsed="0.000409"/>
</kw>
<kw name="Log" owner="BuiltIn">
<msg time="2024-06-26T12:30:00.969694" level="INFO">email</msg>
<arg>${key}</arg>
<doc>Logs the given message with the given level.</doc>
<status status="PASS" start="2024-06-26T12:30:00.969566" elapsed="0.000169"/>
</kw>
<var name="${key}">email</var>
<status status="PASS" start="2024-06-26T12:30:00.968079" elapsed="0.001872"/>
</iter>
<iter>
<kw name="Dictionary Should Contain Key" owner="Collections">
<arg>${json_data['results'][0]}</arg>
<arg>${key}</arg>
<doc>Fails if ``key`` is not found from ``dictionary``.</doc>
<status status="PASS" start="2024-06-26T12:30:00.970237" elapsed="0.000390"/>
</kw>
<kw name="Log" owner="BuiltIn">
<msg time="2024-06-26T12:30:00.971180" level="INFO">{'gender': 'male', 'name': {'title': 'Mr', 'first': 'William', 'last': 'Rasmussen'}, 'location': {'street': {'number': 7922, 'name': 'Lærkevej'}, 'city': 'Aalborg S.Ø.', 'state': 'Midtjylland', 'country': 'Denmark', 'postcode': 63908, 'coordinates': {'latitude': '-44.4711', 'longitude': '-159.2149'}, 'timezone': {'offset': '+4:00', 'description': 'Abu Dhabi, Muscat, Baku, Tbilisi'}}, 'email': 'william.rasmussen@example.com', 'login': {'uuid': 'fe9c8079-719f-4702-b20e-e2abdd2ee07e', 'username': 'beautifultiger918', 'password': 'budlight', 'salt': 'BeK8CaiD', 'md5': '3b46e8d0c205e0cb95f4090306174c28', 'sha1': 'd802f2d34405ee21712320d113438ef391a2e2a1', 'sha256': 'c608a3ef78bf0bf97146c4e7b890714b6767a6ca630ae0cc41e0ee1eee398d7d'}, 'dob': {'date': '1954-01-27T18:53:06.733Z', 'age': 70}, 'registered': {'date': '2015-04-30T16:46:41.321Z', 'age': 9}, 'phone': '88199049', 'cell': '41536056', 'id': {'name': 'CPR', 'value': '270154-7194'}, 'picture': {'large': 'https://randomuser.me/api/portraits/men/71.jpg', 'medium': 'https://randomuser.me/api/portraits/med/men/71.jpg', 'thumbnail': 'https://randomuser.me/api/portraits/thumb/men/71.jpg'}, 'nat': 'DK'}</msg>
<arg>${json_data['results'][0]}</arg>
<doc>Logs the given message with the given level.</doc>
<status status="PASS" start="2024-06-26T12:30:00.970818" elapsed="0.000411"/>
</kw>
<kw name="Log" owner="BuiltIn">
<msg time="2024-06-26T12:30:00.971657" level="INFO">login</msg>
<arg>${key}</arg>
<doc>Logs the given message with the given level.</doc>
<status status="PASS" start="2024-06-26T12:30:00.971521" elapsed="0.000175"/>
</kw>
<var name="${key}">login</var>
<status status="PASS" start="2024-06-26T12:30:00.970131" elapsed="0.001781"/>
</iter>
<var>${key}</var>
<value>@{expected_keys}</value>
<status status="PASS" start="2024-06-26T12:30:00.961876" elapsed="0.010157"/>
</for>
<kw name="Create List" owner="BuiltIn">
<msg time="2024-06-26T12:30:00.972359" level="INFO">${expected_keysTwo} = ['username', 'password']</msg>
<var>${expected_keysTwo}</var>
<arg>username</arg>
<arg>password</arg>
<doc>Returns a list containing given items.</doc>
<status status="PASS" start="2024-06-26T12:30:00.972219" elapsed="0.000192"/>
</kw>
<for flavor="IN">
<iter>
<kw name="Dictionary Should Contain Key" owner="Collections">
<arg>${json_data['results'][0]['login']}</arg>
<arg>${keyTwo}</arg>
<doc>Fails if ``key`` is not found from ``dictionary``.</doc>
<status status="PASS" start="2024-06-26T12:30:00.972954" elapsed="0.000399"/>
</kw>
<kw name="Dictionary Should Contain Key" owner="Collections">
<arg>${json_data['results'][0]['login']}</arg>
<arg>${keyTwo}</arg>
<doc>Fails if ``key`` is not found from ``dictionary``.</doc>
<status status="PASS" start="2024-06-26T12:30:00.973533" elapsed="0.000377"/>
</kw>
<kw name="Log" owner="BuiltIn">
<msg time="2024-06-26T12:30:00.974208" level="INFO">username</msg>
<arg>${keyTwo}</arg>
<doc>Logs the given message with the given level.</doc>
<status status="PASS" start="2024-06-26T12:30:00.974088" elapsed="0.000157"/>
</kw>
<var name="${keyTwo}">username</var>
<status status="PASS" start="2024-06-26T12:30:00.972848" elapsed="0.001615"/>
</iter>
<iter>
<kw name="Dictionary Should Contain Key" owner="Collections">
<arg>${json_data['results'][0]['login']}</arg>
<arg>${keyTwo}</arg>
<doc>Fails if ``key`` is not found from ``dictionary``.</doc>
<status status="PASS" start="2024-06-26T12:30:00.974744" elapsed="0.000385"/>
</kw>
<kw name="Dictionary Should Contain Key" owner="Collections">
<arg>${json_data['results'][0]['login']}</arg>
<arg>${keyTwo}</arg>
<doc>Fails if ``key`` is not found from ``dictionary``.</doc>
<status status="PASS" start="2024-06-26T12:30:00.975306" elapsed="0.000364"/>
</kw>
<kw name="Log" owner="BuiltIn">
<msg time="2024-06-26T12:30:00.975964" level="INFO">password</msg>
<arg>${keyTwo}</arg>
<doc>Logs the given message with the given level.</doc>
<status status="PASS" start="2024-06-26T12:30:00.975846" elapsed="0.000164"/>
</kw>
<var name="${keyTwo}">password</var>
<status status="PASS" start="2024-06-26T12:30:00.974634" elapsed="0.001599"/>
</iter>
<var>${keyTwo}</var>
<value>@{expected_keysTwo}</value>
<status status="PASS" start="2024-06-26T12:30:00.972697" elapsed="0.003660"/>
</for>
<status status="PASS" start="2024-06-26T12:30:00.657064" elapsed="0.319472"/>
</kw>
<doc>Testa a estrutura da resposta da API.</doc>
<tag>testeEstruturaResposta</tag>
<status status="PASS" start="2024-06-26T12:30:00.656454" elapsed="0.320251"/>
</test>
<test id="s1-s1-t4" name="Validar tipos de dados" line="28">
<kw name="Teste de Tipos de Dados" owner="random-user-service">
<kw name="GET On Session" owner="RequestsLibrary">
<msg time="2024-06-26T12:30:01.170381" level="INFO">GET Request : url=https://randomuser.me/api 
 path_url=/api 
 headers={'User-Agent': 'python-requests/2.32.3', 'Accept-Encoding': 'gzip, deflate', 'Accept': '*/*', 'Connection': 'keep-alive'} 
 body=None 
 </msg>
<msg time="2024-06-26T12:30:01.170483" level="INFO">GET Response : url=https://randomuser.me/api 
 status=200, reason=OK 
 headers={'Date': 'Wed, 26 Jun 2024 12:30:01 GMT', 'Content-Type': 'application/json; charset=utf-8', 'Transfer-Encoding': 'chunked', 'Connection': 'keep-alive', 'X-Powered-By': 'Express', 'Access-Control-Allow-Origin': '*', 'Cache-Control': 'no-cache', 'ETag': 'W/"468-KR6YoMmGVKPQ9vB3TIx5KxYgLoo"', 'Vary': 'Accept-Encoding', 'Content-Encoding': 'gzip', 'CF-Cache-Status': 'DYNAMIC', 'Report-To': '{"endpoints":[{"url":"https:\\/\\/a.nel.cloudflare.com\\/report\\/v4?s=CI7n%2B3tDC2D%2FUoVZMI5nl2AX4MzOFqlBVQXheDVThZvaZ4oV0o03AHcUWHVs9tllOHHfj%2F%2FzKkiwv7NaF2okBSV8KlTDqNUmnKpIJiTZ%2F84zM4IgDoqHyNWmC%2B7JNom%2B"}],"group":"cf-nel","max_age":604800}', 'NEL': '{"success_fraction":0,"report_to":"cf-nel","max_age":604800}', 'Server': 'cloudflare', 'CF-RAY': '899d34c828a22513-SJC', 'alt-svc': 'h3=":443"; ma=86400'} 
 body={"results":[{"gender":"male","name":{"title":"Mr","first":"Theodor","last":"Eide"},"location":{"street":{"number":9792,"name":"Ullagerveien"},"city":"Eivindvik","state":"Oppland","country":"Norway","postcode":"2231","coordinates":{"latitude":"42.4601","longitude":"-67.9297"},"timezone":{"offset":"-2:00","description":"Mid-Atlantic"}},"email":"theodor.eide@example.com","login":{"uuid":"e26fe292-f507-4d40-ba86-3e91d39454c7","username":"orangekoala276","password":"panic","salt":"9vdCZqdo","md5":"74aa8c90477e56d6f94bcb8e3b2905eb","sha1":"f2e9a1e4ce6928d0b14dc5254e9682e0e76743be","sha256":"07a70146619001b26deb4915f28eaa1c22127cfb432f165c90e25bf532b4fdb0"},"dob":{"date":"1997-01-25T08:33:38.191Z","age":27},"registered":{"date":"2014-09-10T13:15:53.006Z","age":9},"phone":"72623274","cell":"44110688","id":{"name":"FN","value":"25019742736"},"picture":{"large":"https://randomuser.me/api/portraits/men/11.jpg","medium":"https://randomuser.me/api/portraits/med/men/11.jpg","thumbnail":"https://randomuser.me/api/portraits/thumb/men/11.jpg"},"nat":"NO"}],"info":{"seed":"3e4bf19ccb302f1e","results":1,"page":1,"version":"1.4"}} 
 </msg>
<msg time="2024-06-26T12:30:01.170562" level="INFO">/opt/hostedtoolcache/Python/3.12.4/x64/lib/python3.12/site-packages/urllib3/connectionpool.py:1099: InsecureRequestWarning: Unverified HTTPS request is being made to host 'randomuser.me'. Adding certificate verification is strongly advised. See: https://urllib3.readthedocs.io/en/latest/advanced-usage.html#tls-warnings
  warnings.warn(</msg>
<msg time="2024-06-26T12:30:01.170698" level="INFO">${response} = &lt;Response [200]&gt;</msg>
<var>${response}</var>
<arg>consultarAPI</arg>
<arg>/api</arg>
<doc>Sends a GET request on a previously created HTTP Session.</doc>
<status status="PASS" start="2024-06-26T12:30:00.979346" elapsed="0.191402"/>
</kw>
<kw name="Set Variable" owner="BuiltIn">
<msg time="2024-06-26T12:30:01.172076" level="INFO">${json_data} = {'results': [{'gender': 'male', 'name': {'title': 'Mr', 'first': 'Theodor', 'last': 'Eide'}, 'location': {'street': {'number': 9792, 'name': 'Ullagerveien'}, 'city': 'Eivindvik', 'state': 'Oppland', '...</msg>
<var>${json_data}</var>
<arg>${response.json()}</arg>
<doc>Returns the given values which can then be assigned to a variables.</doc>
<status status="PASS" start="2024-06-26T12:30:01.171436" elapsed="0.000670"/>
</kw>
<kw name="Log" owner="BuiltIn">
<msg time="2024-06-26T12:30:01.172671" level="INFO">{'results': [{'gender': 'male', 'name': {'title': 'Mr', 'first': 'Theodor', 'last': 'Eide'}, 'location': {'street': {'number': 9792, 'name': 'Ullagerveien'}, 'city': 'Eivindvik', 'state': 'Oppland', 'country': 'Norway', 'postcode': '2231', 'coordinates': {'latitude': '42.4601', 'longitude': '-67.9297'}, 'timezone': {'offset': '-2:00', 'description': 'Mid-Atlantic'}}, 'email': 'theodor.eide@example.com', 'login': {'uuid': 'e26fe292-f507-4d40-ba86-3e91d39454c7', 'username': 'orangekoala276', 'password': 'panic', 'salt': '9vdCZqdo', 'md5': '74aa8c90477e56d6f94bcb8e3b2905eb', 'sha1': 'f2e9a1e4ce6928d0b14dc5254e9682e0e76743be', 'sha256': '07a70146619001b26deb4915f28eaa1c22127cfb432f165c90e25bf532b4fdb0'}, 'dob': {'date': '1997-01-25T08:33:38.191Z', 'age': 27}, 'registered': {'date': '2014-09-10T13:15:53.006Z', 'age': 9}, 'phone': '72623274', 'cell': '44110688', 'id': {'name': 'FN', 'value': '25019742736'}, 'picture': {'large': 'https://randomuser.me/api/portraits/men/11.jpg', 'medium': 'https://randomuser.me/api/portraits/med/men/11.jpg', 'thumbnail': 'https://randomuser.me/api/portraits/thumb/men/11.jpg'}, 'nat': 'NO'}], 'info': {'seed': '3e4bf19ccb302f1e', 'results': 1, 'page': 1, 'version': '1.4'}}</msg>
<arg>${json_data}</arg>
<doc>Logs the given message with the given level.</doc>
<status status="PASS" start="2024-06-26T12:30:01.172499" elapsed="0.000221"/>
</kw>
<kw name="Should Be String" owner="String">
<arg>${json_data['results'][0]['gender']}</arg>
<doc>Fails if the given ``item`` is not a string.</doc>
<status status="PASS" start="2024-06-26T12:30:01.173030" elapsed="0.000387"/>
</kw>
<kw name="Should Match Regexp" owner="BuiltIn">
<arg>${json_data['results'][0]['email']}</arg>
<arg>^[a-zA-Z0-9._%+-]+@[a-zA-Z0-9.-]+\.[a-zA-Z]{2,}$</arg>
<doc>Fails if ``string`` does not match ``pattern`` as a regular expression.</doc>
<status status="PASS" start="2024-06-26T12:30:01.173610" elapsed="0.000533"/>
</kw>
<kw name="Should Match Regexp" owner="BuiltIn">
<arg>${json_data['results'][0]['dob']['date']}</arg>
<arg>\\d{4}-\\d{2}-\\d{2}T\\d{2}:\\d{2}:\\d{2}\\.\\d{3}Z</arg>
<doc>Fails if ``string`` does not match ``pattern`` as a regular expression.</doc>
<status status="PASS" start="2024-06-26T12:30:01.174377" elapsed="0.000499"/>
</kw>
<kw name="Should Match Regexp" owner="BuiltIn">
<arg>${json_data['results'][0]['registered']['date']}</arg>
<arg>\\d{4}-\\d{2}-\\d{2}T\\d{2}:\\d{2}:\\d{2}\\.\\d{3}Z</arg>
<doc>Fails if ``string`` does not match ``pattern`` as a regular expression.</doc>
<status status="PASS" start="2024-06-26T12:30:01.175070" elapsed="0.000366"/>
</kw>
<kw name="Should Match Regexp" owner="BuiltIn">
<arg>${json_data['results'][0]['picture']['large']}</arg>
<arg>^https?://.*\.(?:png|jpe?g|gif|bmp)$</arg>
<doc>Fails if ``string`` does not match ``pattern`` as a regular expression.</doc>
<status status="PASS" start="2024-06-26T12:30:01.175619" elapsed="0.000454"/>
</kw>
<kw name="Should Match Regexp" owner="BuiltIn">
<arg>${json_data['results'][0]['picture']['medium']}</arg>
<arg>^https?://.*\.(?:png|jpe?g|gif|bmp)$</arg>
<doc>Fails if ``string`` does not match ``pattern`` as a regular expression.</doc>
<status status="PASS" start="2024-06-26T12:30:01.176257" elapsed="0.000377"/>
</kw>
<kw name="Should Match Regexp" owner="BuiltIn">
<arg>${json_data['results'][0]['picture']['thumbnail']}</arg>
<arg>^https?://.*\.(?:png|jpe?g|gif|bmp)$</arg>
<doc>Fails if ``string`` does not match ``pattern`` as a regular expression.</doc>
<status status="PASS" start="2024-06-26T12:30:01.176819" elapsed="0.000347"/>
</kw>
<kw name="Log" owner="BuiltIn">
<msg time="2024-06-26T12:30:01.177675" level="INFO">{'large': 'https://randomuser.me/api/portraits/men/11.jpg', 'medium': 'https://randomuser.me/api/portraits/med/men/11.jpg', 'thumbnail': 'https://randomuser.me/api/portraits/thumb/men/11.jpg'}</msg>
<arg>${json_data['results'][0]['picture']}</arg>
<doc>Logs the given message with the given level.</doc>
<status status="PASS" start="2024-06-26T12:30:01.177345" elapsed="0.000372"/>
</kw>
<status status="PASS" start="2024-06-26T12:30:00.979117" elapsed="0.198862"/>
</kw>
<kw name="Teste de Tipos de Dados - Postcode" owner="random-user-service">
<kw name="GET On Session" owner="RequestsLibrary">
<msg time="2024-06-26T12:30:01.357219" level="INFO">GET Request : url=https://randomuser.me/api 
 path_url=/api 
 headers={'User-Agent': 'python-requests/2.32.3', 'Accept-Encoding': 'gzip, deflate', 'Accept': '*/*', 'Connection': 'keep-alive'} 
 body=None 
 </msg>
<msg time="2024-06-26T12:30:01.357333" level="INFO">GET Response : url=https://randomuser.me/api 
 status=200, reason=OK 
 headers={'Date': 'Wed, 26 Jun 2024 12:30:01 GMT', 'Content-Type': 'application/json; charset=utf-8', 'Transfer-Encoding': 'chunked', 'Connection': 'keep-alive', 'X-Powered-By': 'Express', 'Access-Control-Allow-Origin': '*', 'Cache-Control': 'no-cache', 'ETag': 'W/"484-rpa6QYNuTnRX610dlCjmC9pEcWY"', 'Vary': 'Accept-Encoding', 'Content-Encoding': 'gzip', 'CF-Cache-Status': 'DYNAMIC', 'Report-To': '{"endpoints":[{"url":"https:\\/\\/a.nel.cloudflare.com\\/report\\/v4?s=lW3XShCzQF9y7mdt8iYxzwGwlplzdXnrNA3z3un1ghys7I71FFbdfSW3TRe25JTvBE35jngovdRoCqKFKK61FQyIReOphMORUJJOZQ5C15jmoJAU04yKZLmGsj59Z2L6"}],"group":"cf-nel","max_age":604800}', 'NEL': '{"success_fraction":0,"report_to":"cf-nel","max_age":604800}', 'Server': 'cloudflare', 'CF-RAY': '899d34c969ce2513-SJC', 'alt-svc': 'h3=":443"; ma=86400'} 
 body={"results":[{"gender":"male","name":{"title":"Mr","first":"Oliver","last":"Rasmussen"},"location":{"street":{"number":3702,"name":"Strandvejen"},"city":"Nørre Sundby","state":"Hovedstaden","country":"Denmark","postcode":76141,"coordinates":{"latitude":"-42.3839","longitude":"-47.9067"},"timezone":{"offset":"-11:00","description":"Midway Island, Samoa"}},"email":"oliver.rasmussen@example.com","login":{"uuid":"be15c84b-7435-492a-864b-85d3ac4e8557","username":"crazypanda598","password":"golfball","salt":"DplwKjOt","md5":"a57a6d71e91e55322c0e39845ee3ddb8","sha1":"72c5c840ec5592e7cd9d85392266846c5f0251b7","sha256":"9eac9bb326c1a899daf48e201ca80559c137fed965470ebdd60e871e8154eee1"},"dob":{"date":"1964-10-19T13:25:23.244Z","age":59},"registered":{"date":"2018-10-22T18:40:33.835Z","age":5},"phone":"67295334","cell":"65377971","id":{"name":"CPR","value":"191064-2498"},"picture":{"large":"https://randomuser.me/api/portraits/men/21.jpg","medium":"https://randomuser.me/api/portraits/med/men/21.jpg","thumbnail":"https://randomuser.me/api/portraits/thumb/men/21.jpg"},"nat":"DK"}],"info":{"seed":"586ea1eb260d0acd","results":1,"page":1,"version":"1.4"}} 
 </msg>
<msg time="2024-06-26T12:30:01.357421" level="INFO">/opt/hostedtoolcache/Python/3.12.4/x64/lib/python3.12/site-packages/urllib3/connectionpool.py:1099: InsecureRequestWarning: Unverified HTTPS request is being made to host 'randomuser.me'. Adding certificate verification is strongly advised. See: https://urllib3.readthedocs.io/en/latest/advanced-usage.html#tls-warnings
  warnings.warn(</msg>
<msg time="2024-06-26T12:30:01.357560" level="INFO">${response} = &lt;Response [200]&gt;</msg>
<var>${response}</var>
<arg>consultarAPI</arg>
<arg>/api</arg>
<doc>Sends a GET request on a previously created HTTP Session.</doc>
<status status="PASS" start="2024-06-26T12:30:01.178447" elapsed="0.179164"/>
</kw>
<kw name="Set Variable" owner="BuiltIn">
<msg time="2024-06-26T12:30:01.358973" level="INFO">${json_data} = {'results': [{'gender': 'male', 'name': {'title': 'Mr', 'first': 'Oliver', 'last': 'Rasmussen'}, 'location': {'street': {'number': 3702, 'name': 'Strandvejen'}, 'city': 'Nørre Sundby', 'state': 'Hoved...</msg>
<var>${json_data}</var>
<arg>${response.json()}</arg>
<doc>Returns the given values which can then be assigned to a variables.</doc>
<status status="PASS" start="2024-06-26T12:30:01.358322" elapsed="0.000680"/>
</kw>
<kw name="Log" owner="BuiltIn">
<msg time="2024-06-26T12:30:01.359472" level="INFO">{'results': [{'gender': 'male', 'name': {'title': 'Mr', 'first': 'Oliver', 'last': 'Rasmussen'}, 'location': {'street': {'number': 3702, 'name': 'Strandvejen'}, 'city': 'Nørre Sundby', 'state': 'Hovedstaden', 'country': 'Denmark', 'postcode': 76141, 'coordinates': {'latitude': '-42.3839', 'longitude': '-47.9067'}, 'timezone': {'offset': '-11:00', 'description': 'Midway Island, Samoa'}}, 'email': 'oliver.rasmussen@example.com', 'login': {'uuid': 'be15c84b-7435-492a-864b-85d3ac4e8557', 'username': 'crazypanda598', 'password': 'golfball', 'salt': 'DplwKjOt', 'md5': 'a57a6d71e91e55322c0e39845ee3ddb8', 'sha1': '72c5c840ec5592e7cd9d85392266846c5f0251b7', 'sha256': '9eac9bb326c1a899daf48e201ca80559c137fed965470ebdd60e871e8154eee1'}, 'dob': {'date': '1964-10-19T13:25:23.244Z', 'age': 59}, 'registered': {'date': '2018-10-22T18:40:33.835Z', 'age': 5}, 'phone': '67295334', 'cell': '65377971', 'id': {'name': 'CPR', 'value': '191064-2498'}, 'picture': {'large': 'https://randomuser.me/api/portraits/men/21.jpg', 'medium': 'https://randomuser.me/api/portraits/med/men/21.jpg', 'thumbnail': 'https://randomuser.me/api/portraits/thumb/men/21.jpg'}, 'nat': 'DK'}], 'info': {'seed': '586ea1eb260d0acd', 'results': 1, 'page': 1, 'version': '1.4'}}</msg>
<arg>${json_data}</arg>
<doc>Logs the given message with the given level.</doc>
<status status="PASS" start="2024-06-26T12:30:01.359313" elapsed="0.000208"/>
</kw>
<kw name="Should Be Equal As Numbers" owner="BuiltIn">
<arg>${json_data['results'][0]['location']['postcode']}</arg>
<arg>${json_data['results'][0]['location']['postcode']}</arg>
<doc>Fails if objects are unequal after converting them to real numbers.</doc>
<status status="PASS" start="2024-06-26T12:30:01.359811" elapsed="0.000659"/>
</kw>
<kw name="Log" owner="BuiltIn">
<msg time="2024-06-26T12:30:01.361016" level="INFO">76141</msg>
<arg>${json_data['results'][0]['location']['postcode']}</arg>
<doc>Logs the given message with the given level.</doc>
<status status="PASS" start="2024-06-26T12:30:01.360667" elapsed="0.000390"/>
</kw>
<status status="PASS" start="2024-06-26T12:30:01.178212" elapsed="0.183129"/>
</kw>
<doc>Testa se os tipos de dados na resposta da API estão corretos.</doc>
<tag>testeTiposDados</tag>
<status status="PASS" start="2024-06-26T12:30:00.978452" elapsed="0.383059"/>
</test>
<test id="s1-s1-t5" name="Validar conteudo" line="35">
<kw name="Teste de Tipos de Conteudo" owner="random-user-service">
<kw name="GET On Session" owner="RequestsLibrary">
<msg time="2024-06-26T12:30:01.463728" level="INFO">GET Request : url=https://randomuser.me/api 
 path_url=/api 
 headers={'User-Agent': 'python-requests/2.32.3', 'Accept-Encoding': 'gzip, deflate', 'Accept': '*/*', 'Connection': 'keep-alive'} 
 body=None 
 </msg>
<msg time="2024-06-26T12:30:01.463838" level="INFO">GET Response : url=https://randomuser.me/api 
 status=200, reason=OK 
 headers={'Date': 'Wed, 26 Jun 2024 12:30:01 GMT', 'Content-Type': 'application/json; charset=utf-8', 'Transfer-Encoding': 'chunked', 'Connection': 'keep-alive', 'X-Powered-By': 'Express', 'Access-Control-Allow-Origin': '*', 'Cache-Control': 'no-cache', 'ETag': 'W/"490-qSfWq/fbI2diPz7R2SJDW2z5cgs"', 'Vary': 'Accept-Encoding', 'Content-Encoding': 'gzip', 'CF-Cache-Status': 'DYNAMIC', 'Report-To': '{"endpoints":[{"url":"https:\\/\\/a.nel.cloudflare.com\\/report\\/v4?s=T5m3TC5JhVlNCFhy8uO9tR6j%2BTJzDRAskH%2BRVCCmN1y9tU9g%2Bjr1Cvq%2BTBTwh1G4S99XqiYedgFrmjgyiqLRTOKS1T33%2B3dYEHBz6JplPAzHvuDHQvuyUfWT6JVdBHBC"}],"group":"cf-nel","max_age":604800}', 'NEL': '{"success_fraction":0,"report_to":"cf-nel","max_age":604800}', 'Server': 'cloudflare', 'CF-RAY': '899d34ca8a9e2513-SJC', 'alt-svc': 'h3=":443"; ma=86400'} 
 body={"results":[{"gender":"male","name":{"title":"Mr","first":"سام","last":"كامياران"},"location":{"street":{"number":6367,"name":"شهید شواخ"},"city":"بوشهر","state":"هرمزگان","country":"Iran","postcode":25857,"coordinates":{"latitude":"19.5141","longitude":"-55.8597"},"timezone":{"offset":"+8:00","description":"Beijing, Perth, Singapore, Hong Kong"}},"email":"sm.kmyrn@example.com","login":{"uuid":"68da74b2-a52a-4e2f-833a-58fe84cd4263","username":"blueostrich419","password":"camden","salt":"PxjO6i0H","md5":"246807b5b4068c81f2c1e60d7329c5f7","sha1":"4224b2e7ae29275f5a5ac1284f34b2c2d720a14a","sha256":"1fef0f9b63942d0d1a864ed77b43904028352fa34f69fdb73f9bce81cbc89cc8"},"dob":{"date":"1973-04-23T22:11:12.909Z","age":51},"registered":{"date":"2022-02-23T06:44:42.570Z","age":2},"phone":"052-78314247","cell":"0990-388-7705","id":{"name":"","value":null},"picture":{"large":"https://randomuser.me/api/portraits/men/92.jpg","medium":"https://randomuser.me/api/portraits/med/men/92.jpg","thumbnail":"https://randomuser.me/api/portraits/thumb/men/92.jpg"},"nat":"IR"}],"info":{"seed":"bcdc2b409744aee1","results":1,"page":1,"version":"1.4"}} 
 </msg>
<msg time="2024-06-26T12:30:01.463948" level="INFO">/opt/hostedtoolcache/Python/3.12.4/x64/lib/python3.12/site-packages/urllib3/connectionpool.py:1099: InsecureRequestWarning: Unverified HTTPS request is being made to host 'randomuser.me'. Adding certificate verification is strongly advised. See: https://urllib3.readthedocs.io/en/latest/advanced-usage.html#tls-warnings
  warnings.warn(</msg>
<msg time="2024-06-26T12:30:01.464081" level="INFO">${response} = &lt;Response [200]&gt;</msg>
<var>${response}</var>
<arg>consultarAPI</arg>
<arg>/api</arg>
<doc>Sends a GET request on a previously created HTTP Session.</doc>
<status status="PASS" start="2024-06-26T12:30:01.364991" elapsed="0.099132"/>
</kw>
<kw name="Set Variable" owner="BuiltIn">
<msg time="2024-06-26T12:30:01.465551" level="INFO">${json_data} = {'results': [{'gender': 'male', 'name': {'title': 'Mr', 'first': 'سام', 'last': 'كامياران'}, 'location': {'street': {'number': 6367, 'name': 'شهید شواخ'}, 'city': 'بوشهر', 'state': 'هرمزگان', 'country...</msg>
<var>${json_data}</var>
<arg>${response.json()}</arg>
<doc>Returns the given values which can then be assigned to a variables.</doc>
<status status="PASS" start="2024-06-26T12:30:01.464854" elapsed="0.000729"/>
</kw>
<kw name="Set Variable" owner="BuiltIn">
<msg time="2024-06-26T12:30:01.466282" level="INFO">${name_title} = Mr</msg>
<var>${name_title}</var>
<arg>${json_data["results"][0]["name"]["title"]}</arg>
<doc>Returns the given values which can then be assigned to a variables.</doc>
<status status="PASS" start="2024-06-26T12:30:01.465902" elapsed="0.000406"/>
</kw>
<kw name="Create List" owner="BuiltIn">
<msg time="2024-06-26T12:30:01.466750" level="INFO">${allowed_titles} = ['Mr', 'Ms', 'Miss', 'Mrs', 'Madame', 'Monsieur']</msg>
<var>${allowed_titles}</var>
<arg>Mr</arg>
<arg>Ms</arg>
<arg>Miss</arg>
<arg>Mrs</arg>
<arg>Madame</arg>
<arg>Monsieur</arg>
<doc>Returns a list containing given items.</doc>
<status status="PASS" start="2024-06-26T12:30:01.466600" elapsed="0.000174"/>
</kw>
<kw name="List Should Contain Value" owner="Collections">
<arg>${allowed_titles}</arg>
<arg>${name_title}</arg>
<doc>Fails if the ``value`` is not found from ``list``.</doc>
<status status="PASS" start="2024-06-26T12:30:01.467066" elapsed="0.000174"/>
</kw>
<kw name="Set Variable" owner="BuiltIn">
<msg time="2024-06-26T12:30:01.467774" level="INFO">${name_country} = IR</msg>
<var>${name_country}</var>
<arg>${json_data["results"][0]["nat"]}</arg>
<doc>Returns the given values which can then be assigned to a variables.</doc>
<status status="PASS" start="2024-06-26T12:30:01.467415" elapsed="0.000384"/>
</kw>
<kw name="Create List" owner="BuiltIn">
<msg time="2024-06-26T12:30:01.468718" level="INFO">${list_country} = ['AD', 'AE', 'AF', 'AG', 'AI', 'AL', 'AM', 'AO', 'AQ', 'AR', 'AS', 'AT', 'AU', 'AW', 'AX', 'AZ', 'BA', 'BB', 'BD', 'BE', 'BF', 'BG', 'BH', 'BI', 'BJ', 'BL', 'BM', 'BN', 'BO', 'BQ', 'BR', 'BS', 'BT', '...</msg>
<var>${list_country}</var>
<arg>AD</arg>
<arg>AE</arg>
<arg>AF</arg>
<arg>AG</arg>
<arg>AI</arg>
<arg>AL</arg>
<arg>AM</arg>
<arg>AO</arg>
<arg>AQ</arg>
<arg>AR</arg>
<arg>AS</arg>
<arg>AT</arg>
<arg>AU</arg>
<arg>AW</arg>
<arg>AX</arg>
<arg>AZ</arg>
<arg>BA</arg>
<arg>BB</arg>
<arg>BD</arg>
<arg>BE</arg>
<arg>BF</arg>
<arg>BG</arg>
<arg>BH</arg>
<arg>BI</arg>
<arg>BJ</arg>
<arg>BL</arg>
<arg>BM</arg>
<arg>BN</arg>
<arg>BO</arg>
<arg>BQ</arg>
<arg>BR</arg>
<arg>BS</arg>
<arg>BT</arg>
<arg>BV</arg>
<arg>BW</arg>
<arg>BY</arg>
<arg>BZ</arg>
<arg>CA</arg>
<arg>CC</arg>
<arg>CD</arg>
<arg>CF</arg>
<arg>CG</arg>
<arg>CH</arg>
<arg>CI</arg>
<arg>CK</arg>
<arg>CL</arg>
<arg>CM</arg>
<arg>CN</arg>
<arg>CO</arg>
<arg>CR</arg>
<arg>CU</arg>
<arg>CV</arg>
<arg>CW</arg>
<arg>CX</arg>
<arg>CY</arg>
<arg>CZ</arg>
<arg>DE</arg>
<arg>DJ</arg>
<arg>DK</arg>
<arg>DM</arg>
<arg>DO</arg>
<arg>DZ</arg>
<arg>EC</arg>
<arg>EE</arg>
<arg>EG</arg>
<arg>EH</arg>
<arg>ER</arg>
<arg>ES</arg>
<arg>ET</arg>
<arg>FI</arg>
<arg>FJ</arg>
<arg>FK</arg>
<arg>FM</arg>
<arg>FO</arg>
<arg>FR</arg>
<arg>GA</arg>
<arg>GB</arg>
<arg>GD</arg>
<arg>GE</arg>
<arg>GF</arg>
<arg>GG</arg>
<arg>GH</arg>
<arg>GI</arg>
<arg>GL</arg>
<arg>GM</arg>
<arg>GN</arg>
<arg>GP</arg>
<arg>GQ</arg>
<arg>GR</arg>
<arg>GS</arg>
<arg>GT</arg>
<arg>GU</arg>
<arg>GW</arg>
<arg>GY</arg>
<arg>HK</arg>
<arg>HM</arg>
<arg>HN</arg>
<arg>HR</arg>
<arg>HT</arg>
<arg>HU</arg>
<arg>ID</arg>
<arg>IE</arg>
<arg>IL</arg>
<arg>IM</arg>
<arg>IN</arg>
<arg>IO</arg>
<arg>IQ</arg>
<arg>IR</arg>
<arg>IS</arg>
<arg>IT</arg>
<arg>JE</arg>
<arg>JM</arg>
<arg>JO</arg>
<arg>JP</arg>
<arg>KE</arg>
<arg>KG</arg>
<arg>KH</arg>
<arg>KI</arg>
<arg>KM</arg>
<arg>KN</arg>
<arg>KP</arg>
<arg>KR</arg>
<arg>KW</arg>
<arg>KY</arg>
<arg>KZ</arg>
<arg>LA</arg>
<arg>LB</arg>
<arg>LC</arg>
<arg>LI</arg>
<arg>LK</arg>
<arg>LR</arg>
<arg>LS</arg>
<arg>LT</arg>
<arg>LU</arg>
<arg>LV</arg>
<arg>LY</arg>
<arg>MA</arg>
<arg>MC</arg>
<arg>MD</arg>
<arg>ME</arg>
<arg>MF</arg>
<arg>MG</arg>
<arg>MH</arg>
<arg>MK</arg>
<arg>ML</arg>
<arg>MM</arg>
<arg>MN</arg>
<arg>MO</arg>
<arg>MP</arg>
<arg>MQ</arg>
<arg>MR</arg>
<arg>MS</arg>
<arg>MT</arg>
<arg>MU</arg>
<arg>MV</arg>
<arg>MW</arg>
<arg>MX</arg>
<arg>MY</arg>
<arg>MZ</arg>
<arg>NA</arg>
<arg>NC</arg>
<arg>NE</arg>
<arg>NF</arg>
<arg>NG</arg>
<arg>NI</arg>
<arg>NL</arg>
<arg>NO</arg>
<arg>NP</arg>
<arg>NR</arg>
<arg>NU</arg>
<arg>NZ</arg>
<arg>OM</arg>
<arg>PA</arg>
<arg>PE</arg>
<arg>PF</arg>
<arg>PG</arg>
<arg>PH</arg>
<arg>PK</arg>
<arg>PL</arg>
<arg>PM</arg>
<arg>PN</arg>
<arg>PR</arg>
<arg>PS</arg>
<arg>PT</arg>
<arg>PW</arg>
<arg>PY</arg>
<arg>QA</arg>
<arg>RE</arg>
<arg>RO</arg>
<arg>RS</arg>
<arg>RU</arg>
<arg>RW</arg>
<arg>SA</arg>
<arg>SB</arg>
<arg>SC</arg>
<arg>SD</arg>
<arg>SE</arg>
<arg>SG</arg>
<arg>SH</arg>
<arg>SI</arg>
<arg>SJ</arg>
<arg>SK</arg>
<arg>SL</arg>
<arg>SM</arg>
<arg>SN</arg>
<arg>SO</arg>
<arg>SR</arg>
<arg>SS</arg>
<arg>ST</arg>
<arg>SV</arg>
<arg>SX</arg>
<arg>SY</arg>
<arg>SZ</arg>
<arg>TC</arg>
<arg>TD</arg>
<arg>TF</arg>
<arg>TG</arg>
<arg>TH</arg>
<arg>TJ</arg>
<arg>TK</arg>
<arg>TL</arg>
<arg>TM</arg>
<arg>TN</arg>
<arg>TO</arg>
<arg>TR</arg>
<arg>TT</arg>
<arg>TV</arg>
<arg>TW</arg>
<arg>TZ</arg>
<arg>UA</arg>
<arg>UG</arg>
<arg>UM</arg>
<arg>US</arg>
<arg>UY</arg>
<arg>UZ</arg>
<arg>VA</arg>
<arg>VC</arg>
<arg>VE</arg>
<arg>VG</arg>
<arg>VI</arg>
<arg>VN</arg>
<arg>VU</arg>
<arg>WF</arg>
<arg>WS</arg>
<arg>XK</arg>
<arg>YE</arg>
<arg>YT</arg>
<arg>ZA</arg>
<arg>ZM</arg>
<arg>ZW</arg>
<doc>Returns a list containing given items.</doc>
<status status="PASS" start="2024-06-26T12:30:01.468084" elapsed="0.000661"/>
</kw>
<kw name="List Should Contain Value" owner="Collections">
<arg>${list_country}</arg>
<arg>${name_country}</arg>
<doc>Fails if the ``value`` is not found from ``list``.</doc>
<status status="PASS" start="2024-06-26T12:30:01.469541" elapsed="0.000201"/>
</kw>
<kw name="Run Keyword If" owner="BuiltIn">
<kw name="Should Be True" owner="BuiltIn">
<arg>${True}</arg>
<doc>Fails if the given condition is not true.</doc>
<status status="PASS" start="2024-06-26T12:30:01.470669" elapsed="0.000139"/>
</kw>
<arg>${json_data["results"][0]["location"]["coordinates"]["latitude"]} &gt;= -90 and ${json_data["results"][0]["location"]["coordinates"]["latitude"]} &lt;= 90</arg>
<arg>Should Be True</arg>
<arg>${True}</arg>
<doc>Runs the given keyword with the given arguments, if ``condition`` is true.</doc>
<status status="PASS" start="2024-06-26T12:30:01.469934" elapsed="0.000999"/>
</kw>
<kw name="Run Keyword If" owner="BuiltIn">
<kw name="Should Be True" owner="BuiltIn">
<arg>${True}</arg>
<doc>Fails if the given condition is not true.</doc>
<status status="PASS" start="2024-06-26T12:30:01.471790" elapsed="0.000135"/>
</kw>
<arg>${json_data["results"][0]["location"]["coordinates"]["longitude"]} &gt;= -180 and ${json_data["results"][0]["location"]["coordinates"]["longitude"]} &lt;= 180</arg>
<arg>Should Be True</arg>
<arg>${True}</arg>
<doc>Runs the given keyword with the given arguments, if ``condition`` is true.</doc>
<status status="PASS" start="2024-06-26T12:30:01.471110" elapsed="0.000938"/>
</kw>
<status status="PASS" start="2024-06-26T12:30:01.364359" elapsed="0.107821"/>
</kw>
<doc>Testa o conteúdo específico dos campos retornados pela API.</doc>
<tag>testeConteudo</tag>
<status status="PASS" start="2024-06-26T12:30:01.363651" elapsed="0.108679"/>
</test>
<status status="PASS" start="2024-06-26T12:30:00.014562" elapsed="1.459760"/>
</suite>
<status status="PASS" start="2024-06-26T12:29:59.999996" elapsed="1.479544"/>
</suite>
<statistics>
<total>
<stat pass="5" fail="0" skip="0">All Tests</stat>
</total>
<tag>
<stat pass="1" fail="0" skip="0">testeConteudo</stat>
<stat pass="1" fail="0" skip="0">testeEstruturaResposta</stat>
<stat pass="1" fail="0" skip="0">testeRequisicaoBasica</stat>
<stat pass="1" fail="0" skip="0">testeTiposDados</stat>
</tag>
<suite>
<stat pass="5" fail="0" skip="0" id="s1" name="Tests">Tests</stat>
<stat pass="5" fail="0" skip="0" id="s1-s1" name="Random-User-Test">Tests.Random-User-Test</stat>
</suite>
</statistics>
<errors>
</errors>
</robot>
