<?xml version="1.0" encoding="UTF-8"?>
<robot generator="Robot 7.0 (Python 3.12.2 on linux)" generated="2024-03-27T00:58:38.587611" rpa="false" schemaversion="5">
<suite id="s1" name="Tests" source="/home/runner/work/DesafioQAItauRogerioJordao/DesafioQAItauRogerioJordao/RamdonUser/tests">
<suite id="s1-s1" name="Random-User-Test" source="/home/runner/work/DesafioQAItauRogerioJordao/DesafioQAItauRogerioJordao/RamdonUser/tests/random-user-test.robot">
<test id="s1-s1-t1" name="Conectar" line="13">
<kw name="Conectar API" owner="random-user-service">
<kw name="Create Session" owner="RequestsLibrary">
<msg time="2024-03-27T00:58:38.987018" level="INFO">Creating Session using : alias=consultarAPI, url=https://randomuser.me/, headers={},                     cookies={}, auth=None, timeout=None, proxies=None, verify=False,                     debug=0 </msg>
<arg>consultarAPI</arg>
<arg>${URL}</arg>
<doc>Create Session: create a HTTP session to a server</doc>
<status status="PASS" start="2024-03-27T00:58:38.986810" elapsed="0.000398"/>
</kw>
<status status="PASS" start="2024-03-27T00:58:38.985728" elapsed="0.001856"/>
</kw>
<status status="PASS" start="2024-03-27T00:58:38.985052" elapsed="0.002741"/>
</test>
<test id="s1-s1-t2" name="Validar retorno 200 e JSON Válido" line="16">
<kw name="Teste de Requisicao Basica" owner="random-user-service">
<kw name="GET On Session" owner="RequestsLibrary">
<msg time="2024-03-27T00:58:39.060015" level="INFO">GET Request : url=https://randomuser.me/api 
 path_url=/api 
 headers={'User-Agent': 'python-requests/2.31.0', 'Accept-Encoding': 'gzip, deflate', 'Accept': '*/*', 'Connection': 'keep-alive'} 
 body=None 
 </msg>
<msg time="2024-03-27T00:58:39.060143" level="INFO">GET Response : url=https://randomuser.me/api 
 status=200, reason=OK 
 headers={'Date': 'Wed, 27 Mar 2024 00:58:39 GMT', 'Content-Type': 'application/json; charset=utf-8', 'Transfer-Encoding': 'chunked', 'Connection': 'keep-alive', 'X-Powered-By': 'Express', 'Access-Control-Allow-Origin': '*', 'Cache-Control': 'no-cache', 'ETag': 'W/"49e-I5wA6IN0N3BYB4iAapmVlwCS3v8"', 'Vary': 'Accept-Encoding', 'Content-Encoding': 'gzip', 'CF-Cache-Status': 'DYNAMIC', 'Report-To': '{"endpoints":[{"url":"https:\\/\\/a.nel.cloudflare.com\\/report\\/v4?s=V%2FJd0%2FOGbfTQuXywxVIs3%2BPUVVj7zDiqypgjiEBMdXBKeFW7MUdOHQzm0JAo4vfEmHZclOsStmBixn8CSt4%2FMSJLlZzB63GzonUrz6CIYjw3MR22qhZcpIu6kI4aZsy2"}],"group":"cf-nel","max_age":604800}', 'NEL': '{"success_fraction":0,"report_to":"cf-nel","max_age":604800}', 'Server': 'cloudflare', 'CF-RAY': '86ab6ee9e83137ee-IAD', 'alt-svc': 'h3=":443"; ma=86400'} 
 body={"results":[{"gender":"female","name":{"title":"Ms","first":"Shreedevi","last":"Shukla"},"location":{"street":{"number":8704,"name":"Santhekatte"},"city":"Guwahati","state":"Sikkim","country":"India","postcode":86563,"coordinates":{"latitude":"10.5525","longitude":"87.6152"},"timezone":{"offset":"0:00","description":"Western Europe Time, London, Lisbon, Casablanca"}},"email":"shreedevi.shukla@example.com","login":{"uuid":"cee7dd5d-d9c4-4daf-a13b-c158b5f823c1","username":"sadpeacock172","password":"carolyn","salt":"MVs1O9Og","md5":"4a7113a177f4e49fbbee4b875dd04789","sha1":"5384fc91e89cddc48605d7562d73b09c4a47e78a","sha256":"5b8ac9188d6d10f9691cc21db99686338b8e4396932b50a217afc6363dfa48c4"},"dob":{"date":"1964-02-11T04:54:39.061Z","age":60},"registered":{"date":"2012-08-26T03:32:02.786Z","age":11},"phone":"8951180275","cell":"7380319245","id":{"name":"UIDAI","value":"400144293065"},"picture":{"large":"https://randomuser.me/api/portraits/women/71.jpg","medium":"https://randomuser.me/api/portraits/med/women/71.jpg","thumbnail":"https://randomuser.me/api/portraits/thumb/women/71.jpg"},"nat":"IN"}],"info":{"seed":"86a41e0b56076fc7","results":1,"page":1,"version":"1.4"}} 
 </msg>
<msg time="2024-03-27T00:58:39.060241" level="INFO">/opt/hostedtoolcache/Python/3.12.2/x64/lib/python3.12/site-packages/urllib3/connectionpool.py:1103: InsecureRequestWarning: Unverified HTTPS request is being made to host 'randomuser.me'. Adding certificate verification is strongly advised. See: https://urllib3.readthedocs.io/en/latest/advanced-usage.html#tls-warnings
  warnings.warn(</msg>
<msg time="2024-03-27T00:58:39.060359" level="INFO">${response} = &lt;Response [200]&gt;</msg>
<var>${response}</var>
<arg>consultarAPI</arg>
<arg>/api</arg>
<doc>Sends a GET request on a previously created HTTP Session.</doc>
<status status="PASS" start="2024-03-27T00:58:38.990456" elapsed="0.069937"/>
</kw>
<kw name="Should Be Equal As Numbers" owner="BuiltIn">
<msg time="2024-03-27T00:58:39.061314" level="INFO">Argument types are:
&lt;class 'int'&gt;
&lt;class 'str'&gt;</msg>
<arg>${response.status_code}</arg>
<arg>200</arg>
<doc>Fails if objects are unequal after converting them to real numbers.</doc>
<status status="PASS" start="2024-03-27T00:58:39.060874" elapsed="0.000505"/>
</kw>
<kw name="Log" owner="BuiltIn">
<msg time="2024-03-27T00:58:39.062060" level="INFO">200</msg>
<arg>${response.status_code}</arg>
<doc>Logs the given message with the given level.</doc>
<status status="PASS" start="2024-03-27T00:58:39.061702" elapsed="0.000402"/>
</kw>
<kw name="Set Variable" owner="BuiltIn">
<msg time="2024-03-27T00:58:39.062888" level="INFO">${json_data} = {'results': [{'gender': 'female', 'name': {'title': 'Ms', 'first': 'Shreedevi', 'last': 'Shukla'}, 'location': {'street': {'number': 8704, 'name': 'Santhekatte'}, 'city': 'Guwahati', 'state': 'Sikkim'...</msg>
<var>${json_data}</var>
<arg>${response.json()}</arg>
<doc>Returns the given values which can then be assigned to a variables.</doc>
<status status="PASS" start="2024-03-27T00:58:39.062443" elapsed="0.000479"/>
</kw>
<kw name="Dictionary Should Contain Key" owner="Collections">
<msg time="2024-03-27T00:58:39.063405" level="INFO">False</msg>
<arg>${json_data}</arg>
<arg>results</arg>
<doc>Fails if ``key`` is not found from ``dictionary``.</doc>
<status status="PASS" start="2024-03-27T00:58:39.063235" elapsed="0.000210"/>
</kw>
<status status="PASS" start="2024-03-27T00:58:38.990189" elapsed="0.073514"/>
</kw>
<doc>Testa se a API responde corretamente e retorna um objeto JSON válido.</doc>
<tag>testeRequisicaoBasica</tag>
<status status="PASS" start="2024-03-27T00:58:38.989707" elapsed="0.074200"/>
</test>
<test id="s1-s1-t3" name="Validar estrutura de resposta" line="22">
<kw name="Teste de Estrutura de Resposta" owner="random-user-service">
<kw name="GET On Session" owner="RequestsLibrary">
<msg time="2024-03-27T00:58:39.169428" level="INFO">GET Request : url=https://randomuser.me/api 
 path_url=/api 
 headers={'User-Agent': 'python-requests/2.31.0', 'Accept-Encoding': 'gzip, deflate', 'Accept': '*/*', 'Connection': 'keep-alive'} 
 body=None 
 </msg>
<msg time="2024-03-27T00:58:39.169527" level="INFO">GET Response : url=https://randomuser.me/api 
 status=200, reason=OK 
 headers={'Date': 'Wed, 27 Mar 2024 00:58:39 GMT', 'Content-Type': 'application/json; charset=utf-8', 'Transfer-Encoding': 'chunked', 'Connection': 'keep-alive', 'X-Powered-By': 'Express', 'Access-Control-Allow-Origin': '*', 'Cache-Control': 'no-cache', 'ETag': 'W/"484-rcY5uGCS6aw0jUVIRMHwzPj6CFs"', 'Vary': 'Accept-Encoding', 'Content-Encoding': 'gzip', 'CF-Cache-Status': 'DYNAMIC', 'Report-To': '{"endpoints":[{"url":"https:\\/\\/a.nel.cloudflare.com\\/report\\/v4?s=0xb%2FPKtZUclABiADxtVZIm%2Bc8MfHVM7SLBojvkBTJ8xk7j2B79CMaVvJE75kPMfE%2FPLCCdpXPO%2F%2FeGI6hF%2Bvk0kpPYvIUdIh9q6079TBfKO41akSm9SaC09xt9DEZV2t"}],"group":"cf-nel","max_age":604800}', 'NEL': '{"success_fraction":0,"report_to":"cf-nel","max_age":604800}', 'Server': 'cloudflare', 'CF-RAY': '86ab6eea386937ee-IAD', 'alt-svc': 'h3=":443"; ma=86400'} 
 body={"results":[{"gender":"male","name":{"title":"Mr","first":"Sigurd","last":"Aslam"},"location":{"street":{"number":3774,"name":"Grønsundveien"},"city":"Odda","state":"Oslo","country":"Norway","postcode":"9159","coordinates":{"latitude":"41.0375","longitude":"-170.8607"},"timezone":{"offset":"+5:00","description":"Ekaterinburg, Islamabad, Karachi, Tashkent"}},"email":"sigurd.aslam@example.com","login":{"uuid":"d0b64997-84f4-4780-988b-1e0c01d0cb78","username":"orangepeacock180","password":"lucas","salt":"Gs0tCFbg","md5":"75bf5979b2d290beff56425550a5477d","sha1":"43dfa762aa32c14d390f5353f784287f6b5f2cbf","sha256":"32e8a6bbad4ea0a68b24d70f51bd532ede86e152c413a70c6e12873744fcd6c4"},"dob":{"date":"1996-04-13T09:06:52.186Z","age":27},"registered":{"date":"2002-05-25T16:12:55.137Z","age":21},"phone":"21807745","cell":"92420277","id":{"name":"FN","value":"13049648507"},"picture":{"large":"https://randomuser.me/api/portraits/men/78.jpg","medium":"https://randomuser.me/api/portraits/med/men/78.jpg","thumbnail":"https://randomuser.me/api/portraits/thumb/men/78.jpg"},"nat":"NO"}],"info":{"seed":"37aec48b9878a8f8","results":1,"page":1,"version":"1.4"}} 
 </msg>
<msg time="2024-03-27T00:58:39.169679" level="INFO">/opt/hostedtoolcache/Python/3.12.2/x64/lib/python3.12/site-packages/urllib3/connectionpool.py:1103: InsecureRequestWarning: Unverified HTTPS request is being made to host 'randomuser.me'. Adding certificate verification is strongly advised. See: https://urllib3.readthedocs.io/en/latest/advanced-usage.html#tls-warnings
  warnings.warn(</msg>
<msg time="2024-03-27T00:58:39.169822" level="INFO">${response} = &lt;Response [200]&gt;</msg>
<var>${response}</var>
<arg>consultarAPI</arg>
<arg>/api</arg>
<doc>Sends a GET request on a previously created HTTP Session.</doc>
<status status="PASS" start="2024-03-27T00:58:39.067114" elapsed="0.102761"/>
</kw>
<kw name="Set Variable" owner="BuiltIn">
<msg time="2024-03-27T00:58:39.170985" level="INFO">${json_data} = {'results': [{'gender': 'male', 'name': {'title': 'Mr', 'first': 'Sigurd', 'last': 'Aslam'}, 'location': {'street': {'number': 3774, 'name': 'Grønsundveien'}, 'city': 'Odda', 'state': 'Oslo', 'country...</msg>
<var>${json_data}</var>
<arg>${response.json()}</arg>
<doc>Returns the given values which can then be assigned to a variables.</doc>
<status status="PASS" start="2024-03-27T00:58:39.170421" elapsed="0.000594"/>
</kw>
<kw name="Log" owner="BuiltIn">
<msg time="2024-03-27T00:58:39.171497" level="INFO">{'results': [{'gender': 'male', 'name': {'title': 'Mr', 'first': 'Sigurd', 'last': 'Aslam'}, 'location': {'street': {'number': 3774, 'name': 'Grønsundveien'}, 'city': 'Odda', 'state': 'Oslo', 'country': 'Norway', 'postcode': '9159', 'coordinates': {'latitude': '41.0375', 'longitude': '-170.8607'}, 'timezone': {'offset': '+5:00', 'description': 'Ekaterinburg, Islamabad, Karachi, Tashkent'}}, 'email': 'sigurd.aslam@example.com', 'login': {'uuid': 'd0b64997-84f4-4780-988b-1e0c01d0cb78', 'username': 'orangepeacock180', 'password': 'lucas', 'salt': 'Gs0tCFbg', 'md5': '75bf5979b2d290beff56425550a5477d', 'sha1': '43dfa762aa32c14d390f5353f784287f6b5f2cbf', 'sha256': '32e8a6bbad4ea0a68b24d70f51bd532ede86e152c413a70c6e12873744fcd6c4'}, 'dob': {'date': '1996-04-13T09:06:52.186Z', 'age': 27}, 'registered': {'date': '2002-05-25T16:12:55.137Z', 'age': 21}, 'phone': '21807745', 'cell': '92420277', 'id': {'name': 'FN', 'value': '13049648507'}, 'picture': {'large': 'https://randomuser.me/api/portraits/men/78.jpg', 'medium': 'https://randomuser.me/api/portraits/med/men/78.jpg', 'thumbnail': 'https://randomuser.me/api/portraits/thumb/men/78.jpg'}, 'nat': 'NO'}], 'info': {'seed': '37aec48b9878a8f8', 'results': 1, 'page': 1, 'version': '1.4'}}</msg>
<arg>${json_data}</arg>
<doc>Logs the given message with the given level.</doc>
<status status="PASS" start="2024-03-27T00:58:39.171332" elapsed="0.000214"/>
</kw>
<kw name="Dictionary Should Contain Key" owner="Collections">
<msg time="2024-03-27T00:58:39.172045" level="INFO">False</msg>
<arg>${json_data}</arg>
<arg>results</arg>
<doc>Fails if ``key`` is not found from ``dictionary``.</doc>
<status status="PASS" start="2024-03-27T00:58:39.171848" elapsed="0.000236"/>
</kw>
<kw name="Should Not Be Empty" owner="BuiltIn">
<msg time="2024-03-27T00:58:39.172536" level="INFO">Length is 2.</msg>
<arg>${json_data}</arg>
<doc>Verifies that the given item is not empty.</doc>
<status status="PASS" start="2024-03-27T00:58:39.172399" elapsed="0.000176"/>
</kw>
<kw name="Create List" owner="BuiltIn">
<msg time="2024-03-27T00:58:39.173047" level="INFO">${expected_keys} = ['gender', 'name', 'location', 'email', 'login']</msg>
<var>${expected_keys}</var>
<arg>gender</arg>
<arg>name</arg>
<arg>location</arg>
<arg>email</arg>
<arg>login</arg>
<doc>Returns a list containing given items.</doc>
<status status="PASS" start="2024-03-27T00:58:39.172877" elapsed="0.000196"/>
</kw>
<for flavor="IN">
<iter>
<kw name="Dictionary Should Contain Key" owner="Collections">
<msg time="2024-03-27T00:58:39.174092" level="INFO">False</msg>
<arg>${json_data['results'][0]}</arg>
<arg>${key}</arg>
<doc>Fails if ``key`` is not found from ``dictionary``.</doc>
<status status="PASS" start="2024-03-27T00:58:39.173659" elapsed="0.000473"/>
</kw>
<kw name="Log" owner="BuiltIn">
<msg time="2024-03-27T00:58:39.174856" level="INFO">{'gender': 'male', 'name': {'title': 'Mr', 'first': 'Sigurd', 'last': 'Aslam'}, 'location': {'street': {'number': 3774, 'name': 'Grønsundveien'}, 'city': 'Odda', 'state': 'Oslo', 'country': 'Norway', 'postcode': '9159', 'coordinates': {'latitude': '41.0375', 'longitude': '-170.8607'}, 'timezone': {'offset': '+5:00', 'description': 'Ekaterinburg, Islamabad, Karachi, Tashkent'}}, 'email': 'sigurd.aslam@example.com', 'login': {'uuid': 'd0b64997-84f4-4780-988b-1e0c01d0cb78', 'username': 'orangepeacock180', 'password': 'lucas', 'salt': 'Gs0tCFbg', 'md5': '75bf5979b2d290beff56425550a5477d', 'sha1': '43dfa762aa32c14d390f5353f784287f6b5f2cbf', 'sha256': '32e8a6bbad4ea0a68b24d70f51bd532ede86e152c413a70c6e12873744fcd6c4'}, 'dob': {'date': '1996-04-13T09:06:52.186Z', 'age': 27}, 'registered': {'date': '2002-05-25T16:12:55.137Z', 'age': 21}, 'phone': '21807745', 'cell': '92420277', 'id': {'name': 'FN', 'value': '13049648507'}, 'picture': {'large': 'https://randomuser.me/api/portraits/men/78.jpg', 'medium': 'https://randomuser.me/api/portraits/med/men/78.jpg', 'thumbnail': 'https://randomuser.me/api/portraits/thumb/men/78.jpg'}, 'nat': 'NO'}</msg>
<arg>${json_data['results'][0]}</arg>
<doc>Logs the given message with the given level.</doc>
<status status="PASS" start="2024-03-27T00:58:39.174471" elapsed="0.000444"/>
</kw>
<kw name="Log" owner="BuiltIn">
<msg time="2024-03-27T00:58:39.175355" level="INFO">gender</msg>
<arg>${key}</arg>
<doc>Logs the given message with the given level.</doc>
<status status="PASS" start="2024-03-27T00:58:39.175223" elapsed="0.000171"/>
</kw>
<var name="${key}">gender</var>
<status status="PASS" start="2024-03-27T00:58:39.173533" elapsed="0.002081"/>
</iter>
<iter>
<kw name="Dictionary Should Contain Key" owner="Collections">
<msg time="2024-03-27T00:58:39.176347" level="INFO">False</msg>
<arg>${json_data['results'][0]}</arg>
<arg>${key}</arg>
<doc>Fails if ``key`` is not found from ``dictionary``.</doc>
<status status="PASS" start="2024-03-27T00:58:39.175928" elapsed="0.000457"/>
</kw>
<kw name="Log" owner="BuiltIn">
<msg time="2024-03-27T00:58:39.177107" level="INFO">{'gender': 'male', 'name': {'title': 'Mr', 'first': 'Sigurd', 'last': 'Aslam'}, 'location': {'street': {'number': 3774, 'name': 'Grønsundveien'}, 'city': 'Odda', 'state': 'Oslo', 'country': 'Norway', 'postcode': '9159', 'coordinates': {'latitude': '41.0375', 'longitude': '-170.8607'}, 'timezone': {'offset': '+5:00', 'description': 'Ekaterinburg, Islamabad, Karachi, Tashkent'}}, 'email': 'sigurd.aslam@example.com', 'login': {'uuid': 'd0b64997-84f4-4780-988b-1e0c01d0cb78', 'username': 'orangepeacock180', 'password': 'lucas', 'salt': 'Gs0tCFbg', 'md5': '75bf5979b2d290beff56425550a5477d', 'sha1': '43dfa762aa32c14d390f5353f784287f6b5f2cbf', 'sha256': '32e8a6bbad4ea0a68b24d70f51bd532ede86e152c413a70c6e12873744fcd6c4'}, 'dob': {'date': '1996-04-13T09:06:52.186Z', 'age': 27}, 'registered': {'date': '2002-05-25T16:12:55.137Z', 'age': 21}, 'phone': '21807745', 'cell': '92420277', 'id': {'name': 'FN', 'value': '13049648507'}, 'picture': {'large': 'https://randomuser.me/api/portraits/men/78.jpg', 'medium': 'https://randomuser.me/api/portraits/med/men/78.jpg', 'thumbnail': 'https://randomuser.me/api/portraits/thumb/men/78.jpg'}, 'nat': 'NO'}</msg>
<arg>${json_data['results'][0]}</arg>
<doc>Logs the given message with the given level.</doc>
<status status="PASS" start="2024-03-27T00:58:39.176734" elapsed="0.000423"/>
</kw>
<kw name="Log" owner="BuiltIn">
<msg time="2024-03-27T00:58:39.177589" level="INFO">name</msg>
<arg>${key}</arg>
<doc>Logs the given message with the given level.</doc>
<status status="PASS" start="2024-03-27T00:58:39.177460" elapsed="0.000167"/>
</kw>
<var name="${key}">name</var>
<status status="PASS" start="2024-03-27T00:58:39.175809" elapsed="0.002039"/>
</iter>
<iter>
<kw name="Dictionary Should Contain Key" owner="Collections">
<msg time="2024-03-27T00:58:39.178532" level="INFO">False</msg>
<arg>${json_data['results'][0]}</arg>
<arg>${key}</arg>
<doc>Fails if ``key`` is not found from ``dictionary``.</doc>
<status status="PASS" start="2024-03-27T00:58:39.178153" elapsed="0.000416"/>
</kw>
<kw name="Log" owner="BuiltIn">
<msg time="2024-03-27T00:58:39.179254" level="INFO">{'gender': 'male', 'name': {'title': 'Mr', 'first': 'Sigurd', 'last': 'Aslam'}, 'location': {'street': {'number': 3774, 'name': 'Grønsundveien'}, 'city': 'Odda', 'state': 'Oslo', 'country': 'Norway', 'postcode': '9159', 'coordinates': {'latitude': '41.0375', 'longitude': '-170.8607'}, 'timezone': {'offset': '+5:00', 'description': 'Ekaterinburg, Islamabad, Karachi, Tashkent'}}, 'email': 'sigurd.aslam@example.com', 'login': {'uuid': 'd0b64997-84f4-4780-988b-1e0c01d0cb78', 'username': 'orangepeacock180', 'password': 'lucas', 'salt': 'Gs0tCFbg', 'md5': '75bf5979b2d290beff56425550a5477d', 'sha1': '43dfa762aa32c14d390f5353f784287f6b5f2cbf', 'sha256': '32e8a6bbad4ea0a68b24d70f51bd532ede86e152c413a70c6e12873744fcd6c4'}, 'dob': {'date': '1996-04-13T09:06:52.186Z', 'age': 27}, 'registered': {'date': '2002-05-25T16:12:55.137Z', 'age': 21}, 'phone': '21807745', 'cell': '92420277', 'id': {'name': 'FN', 'value': '13049648507'}, 'picture': {'large': 'https://randomuser.me/api/portraits/men/78.jpg', 'medium': 'https://randomuser.me/api/portraits/med/men/78.jpg', 'thumbnail': 'https://randomuser.me/api/portraits/thumb/men/78.jpg'}, 'nat': 'NO'}</msg>
<arg>${json_data['results'][0]}</arg>
<doc>Logs the given message with the given level.</doc>
<status status="PASS" start="2024-03-27T00:58:39.178885" elapsed="0.000424"/>
</kw>
<kw name="Log" owner="BuiltIn">
<msg time="2024-03-27T00:58:39.179739" level="INFO">location</msg>
<arg>${key}</arg>
<doc>Logs the given message with the given level.</doc>
<status status="PASS" start="2024-03-27T00:58:39.179610" elapsed="0.000167"/>
</kw>
<var name="${key}">location</var>
<status status="PASS" start="2024-03-27T00:58:39.178039" elapsed="0.001978"/>
</iter>
<iter>
<kw name="Dictionary Should Contain Key" owner="Collections">
<msg time="2024-03-27T00:58:39.180749" level="INFO">False</msg>
<arg>${json_data['results'][0]}</arg>
<arg>${key}</arg>
<doc>Fails if ``key`` is not found from ``dictionary``.</doc>
<status status="PASS" start="2024-03-27T00:58:39.180313" elapsed="0.000474"/>
</kw>
<kw name="Log" owner="BuiltIn">
<msg time="2024-03-27T00:58:39.181460" level="INFO">{'gender': 'male', 'name': {'title': 'Mr', 'first': 'Sigurd', 'last': 'Aslam'}, 'location': {'street': {'number': 3774, 'name': 'Grønsundveien'}, 'city': 'Odda', 'state': 'Oslo', 'country': 'Norway', 'postcode': '9159', 'coordinates': {'latitude': '41.0375', 'longitude': '-170.8607'}, 'timezone': {'offset': '+5:00', 'description': 'Ekaterinburg, Islamabad, Karachi, Tashkent'}}, 'email': 'sigurd.aslam@example.com', 'login': {'uuid': 'd0b64997-84f4-4780-988b-1e0c01d0cb78', 'username': 'orangepeacock180', 'password': 'lucas', 'salt': 'Gs0tCFbg', 'md5': '75bf5979b2d290beff56425550a5477d', 'sha1': '43dfa762aa32c14d390f5353f784287f6b5f2cbf', 'sha256': '32e8a6bbad4ea0a68b24d70f51bd532ede86e152c413a70c6e12873744fcd6c4'}, 'dob': {'date': '1996-04-13T09:06:52.186Z', 'age': 27}, 'registered': {'date': '2002-05-25T16:12:55.137Z', 'age': 21}, 'phone': '21807745', 'cell': '92420277', 'id': {'name': 'FN', 'value': '13049648507'}, 'picture': {'large': 'https://randomuser.me/api/portraits/men/78.jpg', 'medium': 'https://randomuser.me/api/portraits/med/men/78.jpg', 'thumbnail': 'https://randomuser.me/api/portraits/thumb/men/78.jpg'}, 'nat': 'NO'}</msg>
<arg>${json_data['results'][0]}</arg>
<doc>Logs the given message with the given level.</doc>
<status status="PASS" start="2024-03-27T00:58:39.181094" elapsed="0.000416"/>
</kw>
<kw name="Log" owner="BuiltIn">
<msg time="2024-03-27T00:58:39.181938" level="INFO">email</msg>
<arg>${key}</arg>
<doc>Logs the given message with the given level.</doc>
<status status="PASS" start="2024-03-27T00:58:39.181809" elapsed="0.000168"/>
</kw>
<var name="${key}">email</var>
<status status="PASS" start="2024-03-27T00:58:39.180198" elapsed="0.002000"/>
</iter>
<iter>
<kw name="Dictionary Should Contain Key" owner="Collections">
<msg time="2024-03-27T00:58:39.182876" level="INFO">False</msg>
<arg>${json_data['results'][0]}</arg>
<arg>${key}</arg>
<doc>Fails if ``key`` is not found from ``dictionary``.</doc>
<status status="PASS" start="2024-03-27T00:58:39.182492" elapsed="0.000422"/>
</kw>
<kw name="Log" owner="BuiltIn">
<msg time="2024-03-27T00:58:39.183591" level="INFO">{'gender': 'male', 'name': {'title': 'Mr', 'first': 'Sigurd', 'last': 'Aslam'}, 'location': {'street': {'number': 3774, 'name': 'Grønsundveien'}, 'city': 'Odda', 'state': 'Oslo', 'country': 'Norway', 'postcode': '9159', 'coordinates': {'latitude': '41.0375', 'longitude': '-170.8607'}, 'timezone': {'offset': '+5:00', 'description': 'Ekaterinburg, Islamabad, Karachi, Tashkent'}}, 'email': 'sigurd.aslam@example.com', 'login': {'uuid': 'd0b64997-84f4-4780-988b-1e0c01d0cb78', 'username': 'orangepeacock180', 'password': 'lucas', 'salt': 'Gs0tCFbg', 'md5': '75bf5979b2d290beff56425550a5477d', 'sha1': '43dfa762aa32c14d390f5353f784287f6b5f2cbf', 'sha256': '32e8a6bbad4ea0a68b24d70f51bd532ede86e152c413a70c6e12873744fcd6c4'}, 'dob': {'date': '1996-04-13T09:06:52.186Z', 'age': 27}, 'registered': {'date': '2002-05-25T16:12:55.137Z', 'age': 21}, 'phone': '21807745', 'cell': '92420277', 'id': {'name': 'FN', 'value': '13049648507'}, 'picture': {'large': 'https://randomuser.me/api/portraits/men/78.jpg', 'medium': 'https://randomuser.me/api/portraits/med/men/78.jpg', 'thumbnail': 'https://randomuser.me/api/portraits/thumb/men/78.jpg'}, 'nat': 'NO'}</msg>
<arg>${json_data['results'][0]}</arg>
<doc>Logs the given message with the given level.</doc>
<status status="PASS" start="2024-03-27T00:58:39.183216" elapsed="0.000424"/>
</kw>
<kw name="Log" owner="BuiltIn">
<msg time="2024-03-27T00:58:39.184105" level="INFO">login</msg>
<arg>${key}</arg>
<doc>Logs the given message with the given level.</doc>
<status status="PASS" start="2024-03-27T00:58:39.183941" elapsed="0.000314"/>
</kw>
<var name="${key}">login</var>
<status status="PASS" start="2024-03-27T00:58:39.182375" elapsed="0.002109"/>
</iter>
<var>${key}</var>
<value>@{expected_keys}</value>
<status status="PASS" start="2024-03-27T00:58:39.173343" elapsed="0.011295"/>
</for>
<kw name="Create List" owner="BuiltIn">
<msg time="2024-03-27T00:58:39.185002" level="INFO">${expected_keysTwo} = ['username', 'password']</msg>
<var>${expected_keysTwo}</var>
<arg>username</arg>
<arg>password</arg>
<doc>Returns a list containing given items.</doc>
<status status="PASS" start="2024-03-27T00:58:39.184851" elapsed="0.000175"/>
</kw>
<for flavor="IN">
<iter>
<kw name="Dictionary Should Contain Key" owner="Collections">
<msg time="2024-03-27T00:58:39.185913" level="INFO">False</msg>
<arg>${json_data['results'][0]['login']}</arg>
<arg>${keyTwo}</arg>
<doc>Fails if ``key`` is not found from ``dictionary``.</doc>
<status status="PASS" start="2024-03-27T00:58:39.185530" elapsed="0.000421"/>
</kw>
<kw name="Dictionary Should Contain Key" owner="Collections">
<msg time="2024-03-27T00:58:39.186639" level="INFO">False</msg>
<arg>${json_data['results'][0]['login']}</arg>
<arg>${keyTwo}</arg>
<doc>Fails if ``key`` is not found from ``dictionary``.</doc>
<status status="PASS" start="2024-03-27T00:58:39.186249" elapsed="0.000428"/>
</kw>
<kw name="Log" owner="BuiltIn">
<msg time="2024-03-27T00:58:39.187106" level="INFO">username</msg>
<arg>${keyTwo}</arg>
<doc>Logs the given message with the given level.</doc>
<status status="PASS" start="2024-03-27T00:58:39.186976" elapsed="0.000167"/>
</kw>
<var name="${keyTwo}">username</var>
<status status="PASS" start="2024-03-27T00:58:39.185417" elapsed="0.001955"/>
</iter>
<iter>
<kw name="Dictionary Should Contain Key" owner="Collections">
<msg time="2024-03-27T00:58:39.188065" level="INFO">False</msg>
<arg>${json_data['results'][0]['login']}</arg>
<arg>${keyTwo}</arg>
<doc>Fails if ``key`` is not found from ``dictionary``.</doc>
<status status="PASS" start="2024-03-27T00:58:39.187659" elapsed="0.000444"/>
</kw>
<kw name="Dictionary Should Contain Key" owner="Collections">
<msg time="2024-03-27T00:58:39.188810" level="INFO">False</msg>
<arg>${json_data['results'][0]['login']}</arg>
<arg>${keyTwo}</arg>
<doc>Fails if ``key`` is not found from ``dictionary``.</doc>
<status status="PASS" start="2024-03-27T00:58:39.188402" elapsed="0.000445"/>
</kw>
<kw name="Log" owner="BuiltIn">
<msg time="2024-03-27T00:58:39.189269" level="INFO">password</msg>
<arg>${keyTwo}</arg>
<doc>Logs the given message with the given level.</doc>
<status status="PASS" start="2024-03-27T00:58:39.189141" elapsed="0.000165"/>
</kw>
<var name="${keyTwo}">password</var>
<status status="PASS" start="2024-03-27T00:58:39.187548" elapsed="0.001974"/>
</iter>
<var>${keyTwo}</var>
<value>@{expected_keysTwo}</value>
<status status="PASS" start="2024-03-27T00:58:39.185266" elapsed="0.004385"/>
</for>
<status status="PASS" start="2024-03-27T00:58:39.066772" elapsed="0.123022"/>
</kw>
<doc>Testa a estrutura da resposta da API.</doc>
<tag>testeEstruturaResposta</tag>
<status status="PASS" start="2024-03-27T00:58:39.065811" elapsed="0.124143"/>
</test>
<test id="s1-s1-t4" name="Validar tipos de dados" line="28">
<kw name="Teste de Tipos de Dados" owner="random-user-service">
<kw name="GET On Session" owner="RequestsLibrary">
<msg time="2024-03-27T00:58:39.262579" level="INFO">GET Request : url=https://randomuser.me/api 
 path_url=/api 
 headers={'User-Agent': 'python-requests/2.31.0', 'Accept-Encoding': 'gzip, deflate', 'Accept': '*/*', 'Connection': 'keep-alive'} 
 body=None 
 </msg>
<msg time="2024-03-27T00:58:39.262657" level="INFO">GET Response : url=https://randomuser.me/api 
 status=200, reason=OK 
 headers={'Date': 'Wed, 27 Mar 2024 00:58:39 GMT', 'Content-Type': 'application/json; charset=utf-8', 'Transfer-Encoding': 'chunked', 'Connection': 'keep-alive', 'X-Powered-By': 'Express', 'Access-Control-Allow-Origin': '*', 'Cache-Control': 'no-cache', 'ETag': 'W/"49c-07fNTbF1mPV4NrFAmhQo8kYE22w"', 'Vary': 'Accept-Encoding', 'Content-Encoding': 'gzip', 'CF-Cache-Status': 'DYNAMIC', 'Report-To': '{"endpoints":[{"url":"https:\\/\\/a.nel.cloudflare.com\\/report\\/v4?s=GntYTKc3Iva5hX28QI%2B6065%2FjTmyTxknfGrU%2FhwvDSpmlW1iFhcNrZq%2F7ySbXHZutXmqd3f6dnjSD%2BX%2FtRyoRjFdW8rcfqVzWdHnj7I7C4NtY%2FFbn6pblZN6iAekUdJ0"}],"group":"cf-nel","max_age":604800}', 'NEL': '{"success_fraction":0,"report_to":"cf-nel","max_age":604800}', 'Server': 'cloudflare', 'CF-RAY': '86ab6eeaf93237ee-IAD', 'alt-svc': 'h3=":443"; ma=86400'} 
 body={"results":[{"gender":"female","name":{"title":"Ms","first":"Nayeli","last":"Hidalgo"},"location":{"street":{"number":3674,"name":"Callejón Sur Rivero"},"city":"La Estanzuela","state":"Guanajuato","country":"Mexico","postcode":96796,"coordinates":{"latitude":"22.4429","longitude":"9.1822"},"timezone":{"offset":"+7:00","description":"Bangkok, Hanoi, Jakarta"}},"email":"nayeli.hidalgo@example.com","login":{"uuid":"c6cd5365-f2ee-4201-b026-ddc1651e637d","username":"heavyswan850","password":"bunker","salt":"k46hcfmb","md5":"0f0939c94ab47acd8b5d356bf2280ba1","sha1":"3a4887a8fc8b2e1710884dd376a93a4189e26166","sha256":"c25cc5fb48094a93bda4699889f4a28191e59d53e2201443bff6d4246b5f4686"},"dob":{"date":"1988-09-23T00:16:06.872Z","age":35},"registered":{"date":"2003-08-27T22:27:27.566Z","age":20},"phone":"(630) 841 4855","cell":"(685) 593 7881","id":{"name":"NSS","value":"01 45 73 0088 5"},"picture":{"large":"https://randomuser.me/api/portraits/women/41.jpg","medium":"https://randomuser.me/api/portraits/med/women/41.jpg","thumbnail":"https://randomuser.me/api/portraits/thumb/women/41.jpg"},"nat":"MX"}],"info":{"seed":"2a5538df6b3230df","results":1,"page":1,"version":"1.4"}} 
 </msg>
<msg time="2024-03-27T00:58:39.262727" level="INFO">/opt/hostedtoolcache/Python/3.12.2/x64/lib/python3.12/site-packages/urllib3/connectionpool.py:1103: InsecureRequestWarning: Unverified HTTPS request is being made to host 'randomuser.me'. Adding certificate verification is strongly advised. See: https://urllib3.readthedocs.io/en/latest/advanced-usage.html#tls-warnings
  warnings.warn(</msg>
<msg time="2024-03-27T00:58:39.262837" level="INFO">${response} = &lt;Response [200]&gt;</msg>
<var>${response}</var>
<arg>consultarAPI</arg>
<arg>/api</arg>
<doc>Sends a GET request on a previously created HTTP Session.</doc>
<status status="PASS" start="2024-03-27T00:58:39.192549" elapsed="0.070337"/>
</kw>
<kw name="Set Variable" owner="BuiltIn">
<msg time="2024-03-27T00:58:39.263982" level="INFO">${json_data} = {'results': [{'gender': 'female', 'name': {'title': 'Ms', 'first': 'Nayeli', 'last': 'Hidalgo'}, 'location': {'street': {'number': 3674, 'name': 'Callejón Sur Rivero'}, 'city': 'La Estanzuela', 'state...</msg>
<var>${json_data}</var>
<arg>${response.json()}</arg>
<doc>Returns the given values which can then be assigned to a variables.</doc>
<status status="PASS" start="2024-03-27T00:58:39.263380" elapsed="0.000636"/>
</kw>
<kw name="Log" owner="BuiltIn">
<msg time="2024-03-27T00:58:39.264495" level="INFO">{'results': [{'gender': 'female', 'name': {'title': 'Ms', 'first': 'Nayeli', 'last': 'Hidalgo'}, 'location': {'street': {'number': 3674, 'name': 'Callejón Sur Rivero'}, 'city': 'La Estanzuela', 'state': 'Guanajuato', 'country': 'Mexico', 'postcode': 96796, 'coordinates': {'latitude': '22.4429', 'longitude': '9.1822'}, 'timezone': {'offset': '+7:00', 'description': 'Bangkok, Hanoi, Jakarta'}}, 'email': 'nayeli.hidalgo@example.com', 'login': {'uuid': 'c6cd5365-f2ee-4201-b026-ddc1651e637d', 'username': 'heavyswan850', 'password': 'bunker', 'salt': 'k46hcfmb', 'md5': '0f0939c94ab47acd8b5d356bf2280ba1', 'sha1': '3a4887a8fc8b2e1710884dd376a93a4189e26166', 'sha256': 'c25cc5fb48094a93bda4699889f4a28191e59d53e2201443bff6d4246b5f4686'}, 'dob': {'date': '1988-09-23T00:16:06.872Z', 'age': 35}, 'registered': {'date': '2003-08-27T22:27:27.566Z', 'age': 20}, 'phone': '(630) 841 4855', 'cell': '(685) 593 7881', 'id': {'name': 'NSS', 'value': '01 45 73 0088 5'}, 'picture': {'large': 'https://randomuser.me/api/portraits/women/41.jpg', 'medium': 'https://randomuser.me/api/portraits/med/women/41.jpg', 'thumbnail': 'https://randomuser.me/api/portraits/thumb/women/41.jpg'}, 'nat': 'MX'}], 'info': {'seed': '2a5538df6b3230df', 'results': 1, 'page': 1, 'version': '1.4'}}</msg>
<arg>${json_data}</arg>
<doc>Logs the given message with the given level.</doc>
<status status="PASS" start="2024-03-27T00:58:39.264338" elapsed="0.000244"/>
</kw>
<kw name="Should Be String" owner="String">
<arg>${json_data['results'][0]['gender']}</arg>
<doc>Fails if the given ``item`` is not a string.</doc>
<status status="PASS" start="2024-03-27T00:58:39.264886" elapsed="0.000363"/>
</kw>
<kw name="Should Match Regexp" owner="BuiltIn">
<arg>${json_data['results'][0]['email']}</arg>
<arg>^[a-zA-Z0-9._%+-]+@[a-zA-Z0-9.-]+\.[a-zA-Z]{2,}$</arg>
<doc>Fails if ``string`` does not match ``pattern`` as a regular expression.</doc>
<status status="PASS" start="2024-03-27T00:58:39.265445" elapsed="0.000519"/>
</kw>
<kw name="Should Match Regexp" owner="BuiltIn">
<arg>${json_data['results'][0]['dob']['date']}</arg>
<arg>\\d{4}-\\d{2}-\\d{2}T\\d{2}:\\d{2}:\\d{2}\\.\\d{3}Z</arg>
<doc>Fails if ``string`` does not match ``pattern`` as a regular expression.</doc>
<status status="PASS" start="2024-03-27T00:58:39.266161" elapsed="0.000497"/>
</kw>
<kw name="Should Match Regexp" owner="BuiltIn">
<arg>${json_data['results'][0]['registered']['date']}</arg>
<arg>\\d{4}-\\d{2}-\\d{2}T\\d{2}:\\d{2}:\\d{2}\\.\\d{3}Z</arg>
<doc>Fails if ``string`` does not match ``pattern`` as a regular expression.</doc>
<status status="PASS" start="2024-03-27T00:58:39.266878" elapsed="0.000370"/>
</kw>
<kw name="Should Match Regexp" owner="BuiltIn">
<arg>${json_data['results'][0]['picture']['large']}</arg>
<arg>^https?://.*\.(?:png|jpe?g|gif|bmp)$</arg>
<doc>Fails if ``string`` does not match ``pattern`` as a regular expression.</doc>
<status status="PASS" start="2024-03-27T00:58:39.267438" elapsed="0.000465"/>
</kw>
<kw name="Should Match Regexp" owner="BuiltIn">
<arg>${json_data['results'][0]['picture']['medium']}</arg>
<arg>^https?://.*\.(?:png|jpe?g|gif|bmp)$</arg>
<doc>Fails if ``string`` does not match ``pattern`` as a regular expression.</doc>
<status status="PASS" start="2024-03-27T00:58:39.268139" elapsed="0.000370"/>
</kw>
<kw name="Should Match Regexp" owner="BuiltIn">
<arg>${json_data['results'][0]['picture']['thumbnail']}</arg>
<arg>^https?://.*\.(?:png|jpe?g|gif|bmp)$</arg>
<doc>Fails if ``string`` does not match ``pattern`` as a regular expression.</doc>
<status status="PASS" start="2024-03-27T00:58:39.268699" elapsed="0.000351"/>
</kw>
<kw name="Log" owner="BuiltIn">
<msg time="2024-03-27T00:58:39.269552" level="INFO">{'large': 'https://randomuser.me/api/portraits/women/41.jpg', 'medium': 'https://randomuser.me/api/portraits/med/women/41.jpg', 'thumbnail': 'https://randomuser.me/api/portraits/thumb/women/41.jpg'}</msg>
<arg>${json_data['results'][0]['picture']}</arg>
<doc>Logs the given message with the given level.</doc>
<status status="PASS" start="2024-03-27T00:58:39.269231" elapsed="0.000367"/>
</kw>
<status status="PASS" start="2024-03-27T00:58:39.192316" elapsed="0.077536"/>
</kw>
<kw name="Teste de Tipos de Dados - Postcode" owner="random-user-service">
<kw name="GET On Session" owner="RequestsLibrary">
<msg time="2024-03-27T00:58:39.360401" level="INFO">GET Request : url=https://randomuser.me/api 
 path_url=/api 
 headers={'User-Agent': 'python-requests/2.31.0', 'Accept-Encoding': 'gzip, deflate', 'Accept': '*/*', 'Connection': 'keep-alive'} 
 body=None 
 </msg>
<msg time="2024-03-27T00:58:39.360474" level="INFO">GET Response : url=https://randomuser.me/api 
 status=200, reason=OK 
 headers={'Date': 'Wed, 27 Mar 2024 00:58:39 GMT', 'Content-Type': 'application/json; charset=utf-8', 'Transfer-Encoding': 'chunked', 'Connection': 'keep-alive', 'X-Powered-By': 'Express', 'Access-Control-Allow-Origin': '*', 'Cache-Control': 'no-cache', 'ETag': 'W/"494-jrGQJA66vFsjsT2c4AAAbGv3NaM"', 'Vary': 'Accept-Encoding', 'Content-Encoding': 'gzip', 'CF-Cache-Status': 'DYNAMIC', 'Report-To': '{"endpoints":[{"url":"https:\\/\\/a.nel.cloudflare.com\\/report\\/v4?s=ZnF%2FcaxkSTY5IRjM5wpVvxVguXezkR3SL%2Bsc50ZNOqr%2BL4wt5c3gfWmZMiy5hUBiC7nfmEjpSshVTzaBryrad79tVPOy5lR2mpxt1hZwUDJyD%2BZ2GNzgQPCaddNunwEg"}],"group":"cf-nel","max_age":604800}', 'NEL': '{"success_fraction":0,"report_to":"cf-nel","max_age":604800}', 'Server': 'cloudflare', 'CF-RAY': '86ab6eeb79a337ee-IAD', 'alt-svc': 'h3=":443"; ma=86400'} 
 body={"results":[{"gender":"male","name":{"title":"Mr","first":"Rafael","last":"Rocha"},"location":{"street":{"number":8508,"name":"Rua São Pedro "},"city":"Parnamirim","state":"Paraná","country":"Brazil","postcode":86011,"coordinates":{"latitude":"-77.4941","longitude":"-68.8915"},"timezone":{"offset":"+8:00","description":"Beijing, Perth, Singapore, Hong Kong"}},"email":"rafael.rocha@example.com","login":{"uuid":"cdddda8d-d56b-4cb8-9b27-dbc513f26d8d","username":"bigkoala837","password":"pipeline","salt":"2wASXSGh","md5":"7634f47680809f7092db525b03dab9a8","sha1":"262d20eda3286e0ad52a1f6cb8028a49f8260316","sha256":"456ff98f43255351f90e25a77bcd1bb4dab7eb4a35a2728af4cdd795196dbba8"},"dob":{"date":"1986-02-02T20:56:12.550Z","age":38},"registered":{"date":"2018-05-27T15:23:13.839Z","age":5},"phone":"(11) 9148-5828","cell":"(66) 7291-3760","id":{"name":"CPF","value":"874.039.104-17"},"picture":{"large":"https://randomuser.me/api/portraits/men/31.jpg","medium":"https://randomuser.me/api/portraits/med/men/31.jpg","thumbnail":"https://randomuser.me/api/portraits/thumb/men/31.jpg"},"nat":"BR"}],"info":{"seed":"b95f317969e0ef6b","results":1,"page":1,"version":"1.4"}} 
 </msg>
<msg time="2024-03-27T00:58:39.360543" level="INFO">/opt/hostedtoolcache/Python/3.12.2/x64/lib/python3.12/site-packages/urllib3/connectionpool.py:1103: InsecureRequestWarning: Unverified HTTPS request is being made to host 'randomuser.me'. Adding certificate verification is strongly advised. See: https://urllib3.readthedocs.io/en/latest/advanced-usage.html#tls-warnings
  warnings.warn(</msg>
<msg time="2024-03-27T00:58:39.360645" level="INFO">${response} = &lt;Response [200]&gt;</msg>
<var>${response}</var>
<arg>consultarAPI</arg>
<arg>/api</arg>
<doc>Sends a GET request on a previously created HTTP Session.</doc>
<status status="PASS" start="2024-03-27T00:58:39.270409" elapsed="0.090277"/>
</kw>
<kw name="Set Variable" owner="BuiltIn">
<msg time="2024-03-27T00:58:39.361718" level="INFO">${json_data} = {'results': [{'gender': 'male', 'name': {'title': 'Mr', 'first': 'Rafael', 'last': 'Rocha'}, 'location': {'street': {'number': 8508, 'name': 'Rua São Pedro '}, 'city': 'Parnamirim', 'state': 'Paraná',...</msg>
<var>${json_data}</var>
<arg>${response.json()}</arg>
<doc>Returns the given values which can then be assigned to a variables.</doc>
<status status="PASS" start="2024-03-27T00:58:39.361165" elapsed="0.000583"/>
</kw>
<kw name="Log" owner="BuiltIn">
<msg time="2024-03-27T00:58:39.362238" level="INFO">{'results': [{'gender': 'male', 'name': {'title': 'Mr', 'first': 'Rafael', 'last': 'Rocha'}, 'location': {'street': {'number': 8508, 'name': 'Rua São Pedro '}, 'city': 'Parnamirim', 'state': 'Paraná', 'country': 'Brazil', 'postcode': 86011, 'coordinates': {'latitude': '-77.4941', 'longitude': '-68.8915'}, 'timezone': {'offset': '+8:00', 'description': 'Beijing, Perth, Singapore, Hong Kong'}}, 'email': 'rafael.rocha@example.com', 'login': {'uuid': 'cdddda8d-d56b-4cb8-9b27-dbc513f26d8d', 'username': 'bigkoala837', 'password': 'pipeline', 'salt': '2wASXSGh', 'md5': '7634f47680809f7092db525b03dab9a8', 'sha1': '262d20eda3286e0ad52a1f6cb8028a49f8260316', 'sha256': '456ff98f43255351f90e25a77bcd1bb4dab7eb4a35a2728af4cdd795196dbba8'}, 'dob': {'date': '1986-02-02T20:56:12.550Z', 'age': 38}, 'registered': {'date': '2018-05-27T15:23:13.839Z', 'age': 5}, 'phone': '(11) 9148-5828', 'cell': '(66) 7291-3760', 'id': {'name': 'CPF', 'value': '874.039.104-17'}, 'picture': {'large': 'https://randomuser.me/api/portraits/men/31.jpg', 'medium': 'https://randomuser.me/api/portraits/med/men/31.jpg', 'thumbnail': 'https://randomuser.me/api/portraits/thumb/men/31.jpg'}, 'nat': 'BR'}], 'info': {'seed': 'b95f317969e0ef6b', 'results': 1, 'page': 1, 'version': '1.4'}}</msg>
<arg>${json_data}</arg>
<doc>Logs the given message with the given level.</doc>
<status status="PASS" start="2024-03-27T00:58:39.362068" elapsed="0.000254"/>
</kw>
<kw name="Should Be Equal As Numbers" owner="BuiltIn">
<arg>${json_data['results'][0]['location']['postcode']}</arg>
<arg>${json_data['results'][0]['location']['postcode']}</arg>
<doc>Fails if objects are unequal after converting them to real numbers.</doc>
<status status="PASS" start="2024-03-27T00:58:39.362627" elapsed="0.000633"/>
</kw>
<kw name="Log" owner="BuiltIn">
<msg time="2024-03-27T00:58:39.363801" level="INFO">86011</msg>
<arg>${json_data['results'][0]['location']['postcode']}</arg>
<doc>Logs the given message with the given level.</doc>
<status status="PASS" start="2024-03-27T00:58:39.363459" elapsed="0.000383"/>
</kw>
<status status="PASS" start="2024-03-27T00:58:39.270067" elapsed="0.094071"/>
</kw>
<doc>Testa se os tipos de dados na resposta da API estão corretos.</doc>
<tag>testeTiposDados</tag>
<status status="PASS" start="2024-03-27T00:58:39.191720" elapsed="0.172585"/>
</test>
<test id="s1-s1-t5" name="Validar conteudo" line="35">
<kw name="Teste de Tipos de Conteudo" owner="random-user-service">
<kw name="GET On Session" owner="RequestsLibrary">
<msg time="2024-03-27T00:58:39.467917" level="INFO">GET Request : url=https://randomuser.me/api 
 path_url=/api 
 headers={'User-Agent': 'python-requests/2.31.0', 'Accept-Encoding': 'gzip, deflate', 'Accept': '*/*', 'Connection': 'keep-alive'} 
 body=None 
 </msg>
<msg time="2024-03-27T00:58:39.468030" level="INFO">GET Response : url=https://randomuser.me/api 
 status=200, reason=OK 
 headers={'Date': 'Wed, 27 Mar 2024 00:58:39 GMT', 'Content-Type': 'application/json; charset=utf-8', 'Transfer-Encoding': 'chunked', 'Connection': 'keep-alive', 'X-Powered-By': 'Express', 'Access-Control-Allow-Origin': '*', 'Cache-Control': 'no-cache', 'ETag': 'W/"476-+KdaTHphNmgTBS4hp8OjA8UoDEQ"', 'Vary': 'Accept-Encoding', 'Content-Encoding': 'gzip', 'CF-Cache-Status': 'DYNAMIC', 'Report-To': '{"endpoints":[{"url":"https:\\/\\/a.nel.cloudflare.com\\/report\\/v4?s=McS0XpGFJ2m%2B892l%2FoUdirFC01Tx7OsLVGNJYK5BG6iqAL2sEMbBhGJlS78sEST28v1c2md0ARL9OPy%2F6GD62IGXipWbIiWZyt24y98Z3huyKMkqdCFl2n%2FAQ3qrjX9%2F"}],"group":"cf-nel","max_age":604800}', 'NEL': '{"success_fraction":0,"report_to":"cf-nel","max_age":604800}', 'Server': 'cloudflare', 'CF-RAY': '86ab6eec0a2e37ee-IAD', 'alt-svc': 'h3=":443"; ma=86400'} 
 body={"results":[{"gender":"male","name":{"title":"Mr","first":"Sai","last":"Gupta"},"location":{"street":{"number":2327,"name":"Chimanlal Girdharlal Rd"},"city":"Rajkot","state":"Daman and Diu","country":"India","postcode":56698,"coordinates":{"latitude":"12.7145","longitude":"-84.2164"},"timezone":{"offset":"-2:00","description":"Mid-Atlantic"}},"email":"sai.gupta@example.com","login":{"uuid":"d5632c38-b192-49ba-97f1-72d8c0e24fba","username":"yellowcat524","password":"hockey1","salt":"TfMkJSQM","md5":"10d588ab2ae29031562354d8254a7160","sha1":"22a5dec998c3a894af95bb5bf9c58ea7a3296b91","sha256":"c92d71b0dcb3c24f6b75c4fbd8ead0a50df62373a0d6ec9e600007cb21fbc8e1"},"dob":{"date":"1954-02-27T06:55:30.558Z","age":70},"registered":{"date":"2019-05-17T22:33:22.569Z","age":4},"phone":"9091296619","cell":"9571335035","id":{"name":"UIDAI","value":"692446802052"},"picture":{"large":"https://randomuser.me/api/portraits/men/51.jpg","medium":"https://randomuser.me/api/portraits/med/men/51.jpg","thumbnail":"https://randomuser.me/api/portraits/thumb/men/51.jpg"},"nat":"IN"}],"info":{"seed":"94a81999a88db2c7","results":1,"page":1,"version":"1.4"}} 
 </msg>
<msg time="2024-03-27T00:58:39.468099" level="INFO">/opt/hostedtoolcache/Python/3.12.2/x64/lib/python3.12/site-packages/urllib3/connectionpool.py:1103: InsecureRequestWarning: Unverified HTTPS request is being made to host 'randomuser.me'. Adding certificate verification is strongly advised. See: https://urllib3.readthedocs.io/en/latest/advanced-usage.html#tls-warnings
  warnings.warn(</msg>
<msg time="2024-03-27T00:58:39.468214" level="INFO">${response} = &lt;Response [200]&gt;</msg>
<var>${response}</var>
<arg>consultarAPI</arg>
<arg>/api</arg>
<doc>Sends a GET request on a previously created HTTP Session.</doc>
<status status="PASS" start="2024-03-27T00:58:39.366789" elapsed="0.101473"/>
</kw>
<kw name="Set Variable" owner="BuiltIn">
<msg time="2024-03-27T00:58:39.469438" level="INFO">${json_data} = {'results': [{'gender': 'male', 'name': {'title': 'Mr', 'first': 'Sai', 'last': 'Gupta'}, 'location': {'street': {'number': 2327, 'name': 'Chimanlal Girdharlal Rd'}, 'city': 'Rajkot', 'state': 'Daman ...</msg>
<var>${json_data}</var>
<arg>${response.json()}</arg>
<doc>Returns the given values which can then be assigned to a variables.</doc>
<status status="PASS" start="2024-03-27T00:58:39.468848" elapsed="0.000618"/>
</kw>
<kw name="Set Variable" owner="BuiltIn">
<msg time="2024-03-27T00:58:39.470159" level="INFO">${name_title} = Mr</msg>
<var>${name_title}</var>
<arg>${json_data["results"][0]["name"]["title"]}</arg>
<doc>Returns the given values which can then be assigned to a variables.</doc>
<status status="PASS" start="2024-03-27T00:58:39.469773" elapsed="0.000412"/>
</kw>
<kw name="Create List" owner="BuiltIn">
<msg time="2024-03-27T00:58:39.470644" level="INFO">${allowed_titles} = ['Mr', 'Ms', 'Miss', 'Mrs', 'Madame', 'Monsieur']</msg>
<var>${allowed_titles}</var>
<arg>Mr</arg>
<arg>Ms</arg>
<arg>Miss</arg>
<arg>Mrs</arg>
<arg>Madame</arg>
<arg>Monsieur</arg>
<doc>Returns a list containing given items.</doc>
<status status="PASS" start="2024-03-27T00:58:39.470493" elapsed="0.000176"/>
</kw>
<kw name="List Should Contain Value" owner="Collections">
<msg time="2024-03-27T00:58:39.471157" level="INFO">False</msg>
<arg>${allowed_titles}</arg>
<arg>${name_title}</arg>
<doc>Fails if the ``value`` is not found from ``list``.</doc>
<status status="PASS" start="2024-03-27T00:58:39.470984" elapsed="0.000210"/>
</kw>
<kw name="Set Variable" owner="BuiltIn">
<msg time="2024-03-27T00:58:39.471868" level="INFO">${name_country} = IN</msg>
<var>${name_country}</var>
<arg>${json_data["results"][0]["nat"]}</arg>
<doc>Returns the given values which can then be assigned to a variables.</doc>
<status status="PASS" start="2024-03-27T00:58:39.471493" elapsed="0.000400"/>
</kw>
<kw name="Create List" owner="BuiltIn">
<msg time="2024-03-27T00:58:39.472844" level="INFO">${list_country} = ['AD', 'AE', 'AF', 'AG', 'AI', 'AL', 'AM', 'AO', 'AQ', 'AR', 'AS', 'AT', 'AU', 'AW', 'AX', 'AZ', 'BA', 'BB', 'BD', 'BE', 'BF', 'BG', 'BH', 'BI', 'BJ', 'BL', 'BM', 'BN', 'BO', 'BQ', 'BR', 'BS', 'BT', '...</msg>
<var>${list_country}</var>
<arg>AD</arg>
<arg>AE</arg>
<arg>AF</arg>
<arg>AG</arg>
<arg>AI</arg>
<arg>AL</arg>
<arg>AM</arg>
<arg>AO</arg>
<arg>AQ</arg>
<arg>AR</arg>
<arg>AS</arg>
<arg>AT</arg>
<arg>AU</arg>
<arg>AW</arg>
<arg>AX</arg>
<arg>AZ</arg>
<arg>BA</arg>
<arg>BB</arg>
<arg>BD</arg>
<arg>BE</arg>
<arg>BF</arg>
<arg>BG</arg>
<arg>BH</arg>
<arg>BI</arg>
<arg>BJ</arg>
<arg>BL</arg>
<arg>BM</arg>
<arg>BN</arg>
<arg>BO</arg>
<arg>BQ</arg>
<arg>BR</arg>
<arg>BS</arg>
<arg>BT</arg>
<arg>BV</arg>
<arg>BW</arg>
<arg>BY</arg>
<arg>BZ</arg>
<arg>CA</arg>
<arg>CC</arg>
<arg>CD</arg>
<arg>CF</arg>
<arg>CG</arg>
<arg>CH</arg>
<arg>CI</arg>
<arg>CK</arg>
<arg>CL</arg>
<arg>CM</arg>
<arg>CN</arg>
<arg>CO</arg>
<arg>CR</arg>
<arg>CU</arg>
<arg>CV</arg>
<arg>CW</arg>
<arg>CX</arg>
<arg>CY</arg>
<arg>CZ</arg>
<arg>DE</arg>
<arg>DJ</arg>
<arg>DK</arg>
<arg>DM</arg>
<arg>DO</arg>
<arg>DZ</arg>
<arg>EC</arg>
<arg>EE</arg>
<arg>EG</arg>
<arg>EH</arg>
<arg>ER</arg>
<arg>ES</arg>
<arg>ET</arg>
<arg>FI</arg>
<arg>FJ</arg>
<arg>FK</arg>
<arg>FM</arg>
<arg>FO</arg>
<arg>FR</arg>
<arg>GA</arg>
<arg>GB</arg>
<arg>GD</arg>
<arg>GE</arg>
<arg>GF</arg>
<arg>GG</arg>
<arg>GH</arg>
<arg>GI</arg>
<arg>GL</arg>
<arg>GM</arg>
<arg>GN</arg>
<arg>GP</arg>
<arg>GQ</arg>
<arg>GR</arg>
<arg>GS</arg>
<arg>GT</arg>
<arg>GU</arg>
<arg>GW</arg>
<arg>GY</arg>
<arg>HK</arg>
<arg>HM</arg>
<arg>HN</arg>
<arg>HR</arg>
<arg>HT</arg>
<arg>HU</arg>
<arg>ID</arg>
<arg>IE</arg>
<arg>IL</arg>
<arg>IM</arg>
<arg>IN</arg>
<arg>IO</arg>
<arg>IQ</arg>
<arg>IR</arg>
<arg>IS</arg>
<arg>IT</arg>
<arg>JE</arg>
<arg>JM</arg>
<arg>JO</arg>
<arg>JP</arg>
<arg>KE</arg>
<arg>KG</arg>
<arg>KH</arg>
<arg>KI</arg>
<arg>KM</arg>
<arg>KN</arg>
<arg>KP</arg>
<arg>KR</arg>
<arg>KW</arg>
<arg>KY</arg>
<arg>KZ</arg>
<arg>LA</arg>
<arg>LB</arg>
<arg>LC</arg>
<arg>LI</arg>
<arg>LK</arg>
<arg>LR</arg>
<arg>LS</arg>
<arg>LT</arg>
<arg>LU</arg>
<arg>LV</arg>
<arg>LY</arg>
<arg>MA</arg>
<arg>MC</arg>
<arg>MD</arg>
<arg>ME</arg>
<arg>MF</arg>
<arg>MG</arg>
<arg>MH</arg>
<arg>MK</arg>
<arg>ML</arg>
<arg>MM</arg>
<arg>MN</arg>
<arg>MO</arg>
<arg>MP</arg>
<arg>MQ</arg>
<arg>MR</arg>
<arg>MS</arg>
<arg>MT</arg>
<arg>MU</arg>
<arg>MV</arg>
<arg>MW</arg>
<arg>MX</arg>
<arg>MY</arg>
<arg>MZ</arg>
<arg>NA</arg>
<arg>NC</arg>
<arg>NE</arg>
<arg>NF</arg>
<arg>NG</arg>
<arg>NI</arg>
<arg>NL</arg>
<arg>NO</arg>
<arg>NP</arg>
<arg>NR</arg>
<arg>NU</arg>
<arg>NZ</arg>
<arg>OM</arg>
<arg>PA</arg>
<arg>PE</arg>
<arg>PF</arg>
<arg>PG</arg>
<arg>PH</arg>
<arg>PK</arg>
<arg>PL</arg>
<arg>PM</arg>
<arg>PN</arg>
<arg>PR</arg>
<arg>PS</arg>
<arg>PT</arg>
<arg>PW</arg>
<arg>PY</arg>
<arg>QA</arg>
<arg>RE</arg>
<arg>RO</arg>
<arg>RS</arg>
<arg>RU</arg>
<arg>RW</arg>
<arg>SA</arg>
<arg>SB</arg>
<arg>SC</arg>
<arg>SD</arg>
<arg>SE</arg>
<arg>SG</arg>
<arg>SH</arg>
<arg>SI</arg>
<arg>SJ</arg>
<arg>SK</arg>
<arg>SL</arg>
<arg>SM</arg>
<arg>SN</arg>
<arg>SO</arg>
<arg>SR</arg>
<arg>SS</arg>
<arg>ST</arg>
<arg>SV</arg>
<arg>SX</arg>
<arg>SY</arg>
<arg>SZ</arg>
<arg>TC</arg>
<arg>TD</arg>
<arg>TF</arg>
<arg>TG</arg>
<arg>TH</arg>
<arg>TJ</arg>
<arg>TK</arg>
<arg>TL</arg>
<arg>TM</arg>
<arg>TN</arg>
<arg>TO</arg>
<arg>TR</arg>
<arg>TT</arg>
<arg>TV</arg>
<arg>TW</arg>
<arg>TZ</arg>
<arg>UA</arg>
<arg>UG</arg>
<arg>UM</arg>
<arg>US</arg>
<arg>UY</arg>
<arg>UZ</arg>
<arg>VA</arg>
<arg>VC</arg>
<arg>VE</arg>
<arg>VG</arg>
<arg>VI</arg>
<arg>VN</arg>
<arg>VU</arg>
<arg>WF</arg>
<arg>WS</arg>
<arg>XK</arg>
<arg>YE</arg>
<arg>YT</arg>
<arg>ZA</arg>
<arg>ZM</arg>
<arg>ZW</arg>
<doc>Returns a list containing given items.</doc>
<status status="PASS" start="2024-03-27T00:58:39.472248" elapsed="0.000621"/>
</kw>
<kw name="List Should Contain Value" owner="Collections">
<msg time="2024-03-27T00:58:39.473985" level="INFO">False</msg>
<arg>${list_country}</arg>
<arg>${name_country}</arg>
<doc>Fails if the ``value`` is not found from ``list``.</doc>
<status status="PASS" start="2024-03-27T00:58:39.473780" elapsed="0.000242"/>
</kw>
<kw name="Run Keyword If" owner="BuiltIn">
<kw name="Should Be True" owner="BuiltIn">
<arg>${True}</arg>
<doc>Fails if the given condition is not true.</doc>
<status status="PASS" start="2024-03-27T00:58:39.475105" elapsed="0.000144"/>
</kw>
<arg>${json_data["results"][0]["location"]["coordinates"]["latitude"]} &gt;= -90 and ${json_data["results"][0]["location"]["coordinates"]["latitude"]} &lt;= 90</arg>
<arg>Should Be True</arg>
<arg>${True}</arg>
<doc>Runs the given keyword with the given arguments, if ``condition`` is true.</doc>
<status status="PASS" start="2024-03-27T00:58:39.474337" elapsed="0.001042"/>
</kw>
<kw name="Run Keyword If" owner="BuiltIn">
<kw name="Should Be True" owner="BuiltIn">
<arg>${True}</arg>
<doc>Fails if the given condition is not true.</doc>
<status status="PASS" start="2024-03-27T00:58:39.476303" elapsed="0.000141"/>
</kw>
<arg>${json_data["results"][0]["location"]["coordinates"]["longitude"]} &gt;= -180 and ${json_data["results"][0]["location"]["coordinates"]["longitude"]} &lt;= 180</arg>
<arg>Should Be True</arg>
<arg>${True}</arg>
<doc>Runs the given keyword with the given arguments, if ``condition`` is true.</doc>
<status status="PASS" start="2024-03-27T00:58:39.475567" elapsed="0.001001"/>
</kw>
<status status="PASS" start="2024-03-27T00:58:39.366558" elapsed="0.110151"/>
</kw>
<doc>Testa o conteúdo específico dos campos retornados pela API.</doc>
<tag>testeConteudo</tag>
<status status="PASS" start="2024-03-27T00:58:39.366038" elapsed="0.110818"/>
</test>
<status status="PASS" start="2024-03-27T00:58:38.641681" elapsed="0.837113"/>
</suite>
<status status="PASS" start="2024-03-27T00:58:38.627664" elapsed="0.856559"/>
</suite>
<statistics>
<total>
<stat pass="5" fail="0" skip="0">All Tests</stat>
</total>
<tag>
<stat pass="1" fail="0" skip="0">testeConteudo</stat>
<stat pass="1" fail="0" skip="0">testeEstruturaResposta</stat>
<stat pass="1" fail="0" skip="0">testeRequisicaoBasica</stat>
<stat pass="1" fail="0" skip="0">testeTiposDados</stat>
</tag>
<suite>
<stat pass="5" fail="0" skip="0" id="s1" name="Tests">Tests</stat>
<stat pass="5" fail="0" skip="0" id="s1-s1" name="Random-User-Test">Tests.Random-User-Test</stat>
</suite>
</statistics>
<errors>
</errors>
</robot>
