<?xml version="1.0" encoding="UTF-8"?>
<robot generator="Robot 7.0 (Python 3.12.2 on linux)" generated="2024-04-16T11:11:40.650634" rpa="false" schemaversion="5">
<suite id="s1" name="Tests" source="/home/runner/work/DesafioQAItauRogerioJordao/DesafioQAItauRogerioJordao/RamdonUser/tests">
<suite id="s1-s1" name="Random-User-Test" source="/home/runner/work/DesafioQAItauRogerioJordao/DesafioQAItauRogerioJordao/RamdonUser/tests/random-user-test.robot">
<test id="s1-s1-t1" name="Conectar" line="13">
<kw name="Conectar API" owner="random-user-service">
<kw name="Create Session" owner="RequestsLibrary">
<msg time="2024-04-16T11:11:41.012061" level="INFO">Creating Session using : alias=consultarAPI, url=https://randomuser.me/, headers={},                     cookies={}, auth=None, timeout=None, proxies=None, verify=False,                     debug=0 </msg>
<arg>consultarAPI</arg>
<arg>${URL}</arg>
<doc>Create Session: create a HTTP session to a server</doc>
<status status="PASS" start="2024-04-16T11:11:41.011831" elapsed="0.000415"/>
</kw>
<status status="PASS" start="2024-04-16T11:11:41.010814" elapsed="0.001785"/>
</kw>
<status status="PASS" start="2024-04-16T11:11:41.010239" elapsed="0.002562"/>
</test>
<test id="s1-s1-t2" name="Validar retorno 200 e JSON Válido" line="16">
<kw name="Teste de Requisicao Basica" owner="random-user-service">
<kw name="GET On Session" owner="RequestsLibrary">
<msg time="2024-04-16T11:11:41.159572" level="INFO">GET Request : url=https://randomuser.me/api 
 path_url=/api 
 headers={'User-Agent': 'python-requests/2.31.0', 'Accept-Encoding': 'gzip, deflate', 'Accept': '*/*', 'Connection': 'keep-alive'} 
 body=None 
 </msg>
<msg time="2024-04-16T11:11:41.159722" level="INFO">GET Response : url=https://randomuser.me/api 
 status=200, reason=OK 
 headers={'Date': 'Tue, 16 Apr 2024 11:11:41 GMT', 'Content-Type': 'application/json; charset=utf-8', 'Transfer-Encoding': 'chunked', 'Connection': 'keep-alive', 'X-Powered-By': 'Express', 'Access-Control-Allow-Origin': '*', 'Cache-Control': 'no-cache', 'ETag': 'W/"47f-gs4ThqHnBgpm5P7Z/jnw4z970jk"', 'Vary': 'Accept-Encoding', 'Content-Encoding': 'gzip', 'CF-Cache-Status': 'DYNAMIC', 'Report-To': '{"endpoints":[{"url":"https:\\/\\/a.nel.cloudflare.com\\/report\\/v4?s=XuxZ0zpyrAzp0zlGcjHlXuTc3CBg495JRkisV%2FMLc6nOJu8IbdDBauxZ5eVF9Q0vbbYkFDBeHCFiBIyF4JrYSeSKo37yMmKnRbI7i3ColGe%2BkJFp%2Bbw5jaZ94zBrXURW"}],"group":"cf-nel","max_age":604800}', 'NEL': '{"success_fraction":0,"report_to":"cf-nel","max_age":604800}', 'Server': 'cloudflare', 'CF-RAY': '8753bc69ad612b65-LAX', 'alt-svc': 'h3=":443"; ma=86400'} 
 body={"results":[{"gender":"male","name":{"title":"Mr","first":"Oliver","last":"Li"},"location":{"street":{"number":132,"name":"Pitt Street"},"city":"Whangarei","state":"Hawke'S Bay","country":"New Zealand","postcode":71893,"coordinates":{"latitude":"50.8573","longitude":"-82.5100"},"timezone":{"offset":"+8:00","description":"Beijing, Perth, Singapore, Hong Kong"}},"email":"oliver.li@example.com","login":{"uuid":"c7d0af4b-4d67-4a06-9be4-82dee642997a","username":"tinyfish594","password":"purple","salt":"p2ACPczw","md5":"be7127efc5819c9c7f37e75d579595e1","sha1":"1495fdb495e68fa35146431f265d3261eb3840af","sha256":"df65afc58b7ced73488b7414c3e927dac679499fe16e29329e5453e773ad45e1"},"dob":{"date":"1953-09-23T03:27:50.190Z","age":70},"registered":{"date":"2019-02-28T00:22:56.616Z","age":5},"phone":"(832)-155-4625","cell":"(229)-805-7698","id":{"name":"","value":null},"picture":{"large":"https://randomuser.me/api/portraits/men/92.jpg","medium":"https://randomuser.me/api/portraits/med/men/92.jpg","thumbnail":"https://randomuser.me/api/portraits/thumb/men/92.jpg"},"nat":"NZ"}],"info":{"seed":"26f7ae50ba2c0a9c","results":1,"page":1,"version":"1.4"}} 
 </msg>
<msg time="2024-04-16T11:11:41.159801" level="INFO">/opt/hostedtoolcache/Python/3.12.2/x64/lib/python3.12/site-packages/urllib3/connectionpool.py:1103: InsecureRequestWarning: Unverified HTTPS request is being made to host 'randomuser.me'. Adding certificate verification is strongly advised. See: https://urllib3.readthedocs.io/en/latest/advanced-usage.html#tls-warnings
  warnings.warn(</msg>
<msg time="2024-04-16T11:11:41.159988" level="INFO">${response} = &lt;Response [200]&gt;</msg>
<var>${response}</var>
<arg>consultarAPI</arg>
<arg>/api</arg>
<doc>Sends a GET request on a previously created HTTP Session.</doc>
<status status="PASS" start="2024-04-16T11:11:41.015394" elapsed="0.144636"/>
</kw>
<kw name="Should Be Equal As Numbers" owner="BuiltIn">
<msg time="2024-04-16T11:11:41.161024" level="INFO">Argument types are:
&lt;class 'int'&gt;
&lt;class 'str'&gt;</msg>
<arg>${response.status_code}</arg>
<arg>200</arg>
<doc>Fails if objects are unequal after converting them to real numbers.</doc>
<status status="PASS" start="2024-04-16T11:11:41.160559" elapsed="0.000532"/>
</kw>
<kw name="Log" owner="BuiltIn">
<msg time="2024-04-16T11:11:41.161781" level="INFO">200</msg>
<arg>${response.status_code}</arg>
<doc>Logs the given message with the given level.</doc>
<status status="PASS" start="2024-04-16T11:11:41.161420" elapsed="0.000405"/>
</kw>
<kw name="Set Variable" owner="BuiltIn">
<msg time="2024-04-16T11:11:41.162600" level="INFO">${json_data} = {'results': [{'gender': 'male', 'name': {'title': 'Mr', 'first': 'Oliver', 'last': 'Li'}, 'location': {'street': {'number': 132, 'name': 'Pitt Street'}, 'city': 'Whangarei', 'state': "Hawke'S Bay", 'c...</msg>
<var>${json_data}</var>
<arg>${response.json()}</arg>
<doc>Returns the given values which can then be assigned to a variables.</doc>
<status status="PASS" start="2024-04-16T11:11:41.162164" elapsed="0.000463"/>
</kw>
<kw name="Dictionary Should Contain Key" owner="Collections">
<msg time="2024-04-16T11:11:41.163109" level="INFO">False</msg>
<arg>${json_data}</arg>
<arg>results</arg>
<doc>Fails if ``key`` is not found from ``dictionary``.</doc>
<status status="PASS" start="2024-04-16T11:11:41.162938" elapsed="0.000216"/>
</kw>
<status status="PASS" start="2024-04-16T11:11:41.015140" elapsed="0.148281"/>
</kw>
<doc>Testa se a API responde corretamente e retorna um objeto JSON válido.</doc>
<tag>testeRequisicaoBasica</tag>
<status status="PASS" start="2024-04-16T11:11:41.014619" elapsed="0.148997"/>
</test>
<test id="s1-s1-t3" name="Validar estrutura de resposta" line="22">
<kw name="Teste de Estrutura de Resposta" owner="random-user-service">
<kw name="GET On Session" owner="RequestsLibrary">
<msg time="2024-04-16T11:11:41.263115" level="INFO">GET Request : url=https://randomuser.me/api 
 path_url=/api 
 headers={'User-Agent': 'python-requests/2.31.0', 'Accept-Encoding': 'gzip, deflate', 'Accept': '*/*', 'Connection': 'keep-alive'} 
 body=None 
 </msg>
<msg time="2024-04-16T11:11:41.263197" level="INFO">GET Response : url=https://randomuser.me/api 
 status=200, reason=OK 
 headers={'Date': 'Tue, 16 Apr 2024 11:11:41 GMT', 'Content-Type': 'application/json; charset=utf-8', 'Transfer-Encoding': 'chunked', 'Connection': 'keep-alive', 'X-Powered-By': 'Express', 'Access-Control-Allow-Origin': '*', 'Cache-Control': 'no-cache', 'ETag': 'W/"483-3ACwGXMCFRDgYokbtpnRF8drFac"', 'Vary': 'Accept-Encoding', 'Content-Encoding': 'gzip', 'CF-Cache-Status': 'DYNAMIC', 'Report-To': '{"endpoints":[{"url":"https:\\/\\/a.nel.cloudflare.com\\/report\\/v4?s=1p3vCNdioOiQadx3p%2Fi1s%2Bk5uRNcRa3GDIyuL4RsVFVg2bF4dcEszGuES%2FunPdWz4yQ%2Bkk7mBpgoA8GXkS%2BtbUwvUgNEi1OqD6Znr24f2x1IKOaD%2FEiS2sdyBi%2F23DBO"}],"group":"cf-nel","max_age":604800}', 'NEL': '{"success_fraction":0,"report_to":"cf-nel","max_age":604800}', 'Server': 'cloudflare', 'CF-RAY': '8753bc6a5db92b65-LAX', 'alt-svc': 'h3=":443"; ma=86400'} 
 body={"results":[{"gender":"male","name":{"title":"Mr","first":"Benno","last":"Springer"},"location":{"street":{"number":2612,"name":"Kirchweg"},"city":"Freudenstadt","state":"Bayern","country":"Germany","postcode":78869,"coordinates":{"latitude":"-51.7360","longitude":"-9.2180"},"timezone":{"offset":"-11:00","description":"Midway Island, Samoa"}},"email":"benno.springer@example.com","login":{"uuid":"1d04841c-0d7d-4c6f-a7ce-c74200cb8afd","username":"smalltiger808","password":"jessica","salt":"a2BYXz9N","md5":"7a00cfd1bf284e0266b4d5134b296cfb","sha1":"ae85843620df05bc05caaaa03b6309497ca1a842","sha256":"219625cf4c1799acb9155ca323920848a66722759b474741146c16c42c631862"},"dob":{"date":"1970-08-19T17:22:15.310Z","age":53},"registered":{"date":"2008-03-05T20:33:51.413Z","age":16},"phone":"0007-7569824","cell":"0175-5891218","id":{"name":"SVNR","value":"55 190870 S 031"},"picture":{"large":"https://randomuser.me/api/portraits/men/17.jpg","medium":"https://randomuser.me/api/portraits/med/men/17.jpg","thumbnail":"https://randomuser.me/api/portraits/thumb/men/17.jpg"},"nat":"DE"}],"info":{"seed":"73a69bf2563f464d","results":1,"page":1,"version":"1.4"}} 
 </msg>
<msg time="2024-04-16T11:11:41.263327" level="INFO">/opt/hostedtoolcache/Python/3.12.2/x64/lib/python3.12/site-packages/urllib3/connectionpool.py:1103: InsecureRequestWarning: Unverified HTTPS request is being made to host 'randomuser.me'. Adding certificate verification is strongly advised. See: https://urllib3.readthedocs.io/en/latest/advanced-usage.html#tls-warnings
  warnings.warn(</msg>
<msg time="2024-04-16T11:11:41.263469" level="INFO">${response} = &lt;Response [200]&gt;</msg>
<var>${response}</var>
<arg>consultarAPI</arg>
<arg>/api</arg>
<doc>Sends a GET request on a previously created HTTP Session.</doc>
<status status="PASS" start="2024-04-16T11:11:41.166449" elapsed="0.097069"/>
</kw>
<kw name="Set Variable" owner="BuiltIn">
<msg time="2024-04-16T11:11:41.264401" level="INFO">${json_data} = {'results': [{'gender': 'male', 'name': {'title': 'Mr', 'first': 'Benno', 'last': 'Springer'}, 'location': {'street': {'number': 2612, 'name': 'Kirchweg'}, 'city': 'Freudenstadt', 'state': 'Bayern', '...</msg>
<var>${json_data}</var>
<arg>${response.json()}</arg>
<doc>Returns the given values which can then be assigned to a variables.</doc>
<status status="PASS" start="2024-04-16T11:11:41.263953" elapsed="0.000477"/>
</kw>
<kw name="Log" owner="BuiltIn">
<msg time="2024-04-16T11:11:41.264898" level="INFO">{'results': [{'gender': 'male', 'name': {'title': 'Mr', 'first': 'Benno', 'last': 'Springer'}, 'location': {'street': {'number': 2612, 'name': 'Kirchweg'}, 'city': 'Freudenstadt', 'state': 'Bayern', 'country': 'Germany', 'postcode': 78869, 'coordinates': {'latitude': '-51.7360', 'longitude': '-9.2180'}, 'timezone': {'offset': '-11:00', 'description': 'Midway Island, Samoa'}}, 'email': 'benno.springer@example.com', 'login': {'uuid': '1d04841c-0d7d-4c6f-a7ce-c74200cb8afd', 'username': 'smalltiger808', 'password': 'jessica', 'salt': 'a2BYXz9N', 'md5': '7a00cfd1bf284e0266b4d5134b296cfb', 'sha1': 'ae85843620df05bc05caaaa03b6309497ca1a842', 'sha256': '219625cf4c1799acb9155ca323920848a66722759b474741146c16c42c631862'}, 'dob': {'date': '1970-08-19T17:22:15.310Z', 'age': 53}, 'registered': {'date': '2008-03-05T20:33:51.413Z', 'age': 16}, 'phone': '0007-7569824', 'cell': '0175-5891218', 'id': {'name': 'SVNR', 'value': '55 190870 S 031'}, 'picture': {'large': 'https://randomuser.me/api/portraits/men/17.jpg', 'medium': 'https://randomuser.me/api/portraits/med/men/17.jpg', 'thumbnail': 'https://randomuser.me/api/portraits/thumb/men/17.jpg'}, 'nat': 'DE'}], 'info': {'seed': '73a69bf2563f464d', 'results': 1, 'page': 1, 'version': '1.4'}}</msg>
<arg>${json_data}</arg>
<doc>Logs the given message with the given level.</doc>
<status status="PASS" start="2024-04-16T11:11:41.264741" elapsed="0.000204"/>
</kw>
<kw name="Dictionary Should Contain Key" owner="Collections">
<msg time="2024-04-16T11:11:41.265398" level="INFO">False</msg>
<arg>${json_data}</arg>
<arg>results</arg>
<doc>Fails if ``key`` is not found from ``dictionary``.</doc>
<status status="PASS" start="2024-04-16T11:11:41.265244" elapsed="0.000192"/>
</kw>
<kw name="Should Not Be Empty" owner="BuiltIn">
<msg time="2024-04-16T11:11:41.265867" level="INFO">Length is 2.</msg>
<arg>${json_data}</arg>
<doc>Verifies that the given item is not empty.</doc>
<status status="PASS" start="2024-04-16T11:11:41.265733" elapsed="0.000174"/>
</kw>
<kw name="Create List" owner="BuiltIn">
<msg time="2024-04-16T11:11:41.266356" level="INFO">${expected_keys} = ['gender', 'name', 'location', 'email', 'login']</msg>
<var>${expected_keys}</var>
<arg>gender</arg>
<arg>name</arg>
<arg>location</arg>
<arg>email</arg>
<arg>login</arg>
<doc>Returns a list containing given items.</doc>
<status status="PASS" start="2024-04-16T11:11:41.266204" elapsed="0.000177"/>
</kw>
<for flavor="IN">
<iter>
<kw name="Dictionary Should Contain Key" owner="Collections">
<msg time="2024-04-16T11:11:41.267365" level="INFO">False</msg>
<arg>${json_data['results'][0]}</arg>
<arg>${key}</arg>
<doc>Fails if ``key`` is not found from ``dictionary``.</doc>
<status status="PASS" start="2024-04-16T11:11:41.266968" elapsed="0.000436"/>
</kw>
<kw name="Log" owner="BuiltIn">
<msg time="2024-04-16T11:11:41.268114" level="INFO">{'gender': 'male', 'name': {'title': 'Mr', 'first': 'Benno', 'last': 'Springer'}, 'location': {'street': {'number': 2612, 'name': 'Kirchweg'}, 'city': 'Freudenstadt', 'state': 'Bayern', 'country': 'Germany', 'postcode': 78869, 'coordinates': {'latitude': '-51.7360', 'longitude': '-9.2180'}, 'timezone': {'offset': '-11:00', 'description': 'Midway Island, Samoa'}}, 'email': 'benno.springer@example.com', 'login': {'uuid': '1d04841c-0d7d-4c6f-a7ce-c74200cb8afd', 'username': 'smalltiger808', 'password': 'jessica', 'salt': 'a2BYXz9N', 'md5': '7a00cfd1bf284e0266b4d5134b296cfb', 'sha1': 'ae85843620df05bc05caaaa03b6309497ca1a842', 'sha256': '219625cf4c1799acb9155ca323920848a66722759b474741146c16c42c631862'}, 'dob': {'date': '1970-08-19T17:22:15.310Z', 'age': 53}, 'registered': {'date': '2008-03-05T20:33:51.413Z', 'age': 16}, 'phone': '0007-7569824', 'cell': '0175-5891218', 'id': {'name': 'SVNR', 'value': '55 190870 S 031'}, 'picture': {'large': 'https://randomuser.me/api/portraits/men/17.jpg', 'medium': 'https://randomuser.me/api/portraits/med/men/17.jpg', 'thumbnail': 'https://randomuser.me/api/portraits/thumb/men/17.jpg'}, 'nat': 'DE'}</msg>
<arg>${json_data['results'][0]}</arg>
<doc>Logs the given message with the given level.</doc>
<status status="PASS" start="2024-04-16T11:11:41.267705" elapsed="0.000458"/>
</kw>
<kw name="Log" owner="BuiltIn">
<msg time="2024-04-16T11:11:41.268613" level="INFO">gender</msg>
<arg>${key}</arg>
<doc>Logs the given message with the given level.</doc>
<status status="PASS" start="2024-04-16T11:11:41.268480" elapsed="0.000172"/>
</kw>
<var name="${key}">gender</var>
<status status="PASS" start="2024-04-16T11:11:41.266845" elapsed="0.002032"/>
</iter>
<iter>
<kw name="Dictionary Should Contain Key" owner="Collections">
<msg time="2024-04-16T11:11:41.269592" level="INFO">False</msg>
<arg>${json_data['results'][0]}</arg>
<arg>${key}</arg>
<doc>Fails if ``key`` is not found from ``dictionary``.</doc>
<status status="PASS" start="2024-04-16T11:11:41.269180" elapsed="0.000452"/>
</kw>
<kw name="Log" owner="BuiltIn">
<msg time="2024-04-16T11:11:41.270343" level="INFO">{'gender': 'male', 'name': {'title': 'Mr', 'first': 'Benno', 'last': 'Springer'}, 'location': {'street': {'number': 2612, 'name': 'Kirchweg'}, 'city': 'Freudenstadt', 'state': 'Bayern', 'country': 'Germany', 'postcode': 78869, 'coordinates': {'latitude': '-51.7360', 'longitude': '-9.2180'}, 'timezone': {'offset': '-11:00', 'description': 'Midway Island, Samoa'}}, 'email': 'benno.springer@example.com', 'login': {'uuid': '1d04841c-0d7d-4c6f-a7ce-c74200cb8afd', 'username': 'smalltiger808', 'password': 'jessica', 'salt': 'a2BYXz9N', 'md5': '7a00cfd1bf284e0266b4d5134b296cfb', 'sha1': 'ae85843620df05bc05caaaa03b6309497ca1a842', 'sha256': '219625cf4c1799acb9155ca323920848a66722759b474741146c16c42c631862'}, 'dob': {'date': '1970-08-19T17:22:15.310Z', 'age': 53}, 'registered': {'date': '2008-03-05T20:33:51.413Z', 'age': 16}, 'phone': '0007-7569824', 'cell': '0175-5891218', 'id': {'name': 'SVNR', 'value': '55 190870 S 031'}, 'picture': {'large': 'https://randomuser.me/api/portraits/men/17.jpg', 'medium': 'https://randomuser.me/api/portraits/med/men/17.jpg', 'thumbnail': 'https://randomuser.me/api/portraits/thumb/men/17.jpg'}, 'nat': 'DE'}</msg>
<arg>${json_data['results'][0]}</arg>
<doc>Logs the given message with the given level.</doc>
<status status="PASS" start="2024-04-16T11:11:41.269963" elapsed="0.000433"/>
</kw>
<kw name="Log" owner="BuiltIn">
<msg time="2024-04-16T11:11:41.270835" level="INFO">name</msg>
<arg>${key}</arg>
<doc>Logs the given message with the given level.</doc>
<status status="PASS" start="2024-04-16T11:11:41.270704" elapsed="0.000170"/>
</kw>
<var name="${key}">name</var>
<status status="PASS" start="2024-04-16T11:11:41.269065" elapsed="0.002043"/>
</iter>
<iter>
<kw name="Dictionary Should Contain Key" owner="Collections">
<msg time="2024-04-16T11:11:41.271797" level="INFO">False</msg>
<arg>${json_data['results'][0]}</arg>
<arg>${key}</arg>
<doc>Fails if ``key`` is not found from ``dictionary``.</doc>
<status status="PASS" start="2024-04-16T11:11:41.271412" elapsed="0.000422"/>
</kw>
<kw name="Log" owner="BuiltIn">
<msg time="2024-04-16T11:11:41.272540" level="INFO">{'gender': 'male', 'name': {'title': 'Mr', 'first': 'Benno', 'last': 'Springer'}, 'location': {'street': {'number': 2612, 'name': 'Kirchweg'}, 'city': 'Freudenstadt', 'state': 'Bayern', 'country': 'Germany', 'postcode': 78869, 'coordinates': {'latitude': '-51.7360', 'longitude': '-9.2180'}, 'timezone': {'offset': '-11:00', 'description': 'Midway Island, Samoa'}}, 'email': 'benno.springer@example.com', 'login': {'uuid': '1d04841c-0d7d-4c6f-a7ce-c74200cb8afd', 'username': 'smalltiger808', 'password': 'jessica', 'salt': 'a2BYXz9N', 'md5': '7a00cfd1bf284e0266b4d5134b296cfb', 'sha1': 'ae85843620df05bc05caaaa03b6309497ca1a842', 'sha256': '219625cf4c1799acb9155ca323920848a66722759b474741146c16c42c631862'}, 'dob': {'date': '1970-08-19T17:22:15.310Z', 'age': 53}, 'registered': {'date': '2008-03-05T20:33:51.413Z', 'age': 16}, 'phone': '0007-7569824', 'cell': '0175-5891218', 'id': {'name': 'SVNR', 'value': '55 190870 S 031'}, 'picture': {'large': 'https://randomuser.me/api/portraits/men/17.jpg', 'medium': 'https://randomuser.me/api/portraits/med/men/17.jpg', 'thumbnail': 'https://randomuser.me/api/portraits/thumb/men/17.jpg'}, 'nat': 'DE'}</msg>
<arg>${json_data['results'][0]}</arg>
<doc>Logs the given message with the given level.</doc>
<status status="PASS" start="2024-04-16T11:11:41.272174" elapsed="0.000414"/>
</kw>
<kw name="Log" owner="BuiltIn">
<msg time="2024-04-16T11:11:41.273018" level="INFO">location</msg>
<arg>${key}</arg>
<doc>Logs the given message with the given level.</doc>
<status status="PASS" start="2024-04-16T11:11:41.272890" elapsed="0.000167"/>
</kw>
<var name="${key}">location</var>
<status status="PASS" start="2024-04-16T11:11:41.271298" elapsed="0.001980"/>
</iter>
<iter>
<kw name="Dictionary Should Contain Key" owner="Collections">
<msg time="2024-04-16T11:11:41.273947" level="INFO">False</msg>
<arg>${json_data['results'][0]}</arg>
<arg>${key}</arg>
<doc>Fails if ``key`` is not found from ``dictionary``.</doc>
<status status="PASS" start="2024-04-16T11:11:41.273562" elapsed="0.000428"/>
</kw>
<kw name="Log" owner="BuiltIn">
<msg time="2024-04-16T11:11:41.274660" level="INFO">{'gender': 'male', 'name': {'title': 'Mr', 'first': 'Benno', 'last': 'Springer'}, 'location': {'street': {'number': 2612, 'name': 'Kirchweg'}, 'city': 'Freudenstadt', 'state': 'Bayern', 'country': 'Germany', 'postcode': 78869, 'coordinates': {'latitude': '-51.7360', 'longitude': '-9.2180'}, 'timezone': {'offset': '-11:00', 'description': 'Midway Island, Samoa'}}, 'email': 'benno.springer@example.com', 'login': {'uuid': '1d04841c-0d7d-4c6f-a7ce-c74200cb8afd', 'username': 'smalltiger808', 'password': 'jessica', 'salt': 'a2BYXz9N', 'md5': '7a00cfd1bf284e0266b4d5134b296cfb', 'sha1': 'ae85843620df05bc05caaaa03b6309497ca1a842', 'sha256': '219625cf4c1799acb9155ca323920848a66722759b474741146c16c42c631862'}, 'dob': {'date': '1970-08-19T17:22:15.310Z', 'age': 53}, 'registered': {'date': '2008-03-05T20:33:51.413Z', 'age': 16}, 'phone': '0007-7569824', 'cell': '0175-5891218', 'id': {'name': 'SVNR', 'value': '55 190870 S 031'}, 'picture': {'large': 'https://randomuser.me/api/portraits/men/17.jpg', 'medium': 'https://randomuser.me/api/portraits/med/men/17.jpg', 'thumbnail': 'https://randomuser.me/api/portraits/thumb/men/17.jpg'}, 'nat': 'DE'}</msg>
<arg>${json_data['results'][0]}</arg>
<doc>Logs the given message with the given level.</doc>
<status status="PASS" start="2024-04-16T11:11:41.274290" elapsed="0.000418"/>
</kw>
<kw name="Log" owner="BuiltIn">
<msg time="2024-04-16T11:11:41.275136" level="INFO">email</msg>
<arg>${key}</arg>
<doc>Logs the given message with the given level.</doc>
<status status="PASS" start="2024-04-16T11:11:41.275009" elapsed="0.000166"/>
</kw>
<var name="${key}">email</var>
<status status="PASS" start="2024-04-16T11:11:41.273451" elapsed="0.001941"/>
</iter>
<iter>
<kw name="Dictionary Should Contain Key" owner="Collections">
<msg time="2024-04-16T11:11:41.276087" level="INFO">False</msg>
<arg>${json_data['results'][0]}</arg>
<arg>${key}</arg>
<doc>Fails if ``key`` is not found from ``dictionary``.</doc>
<status status="PASS" start="2024-04-16T11:11:41.275676" elapsed="0.000449"/>
</kw>
<kw name="Log" owner="BuiltIn">
<msg time="2024-04-16T11:11:41.276795" level="INFO">{'gender': 'male', 'name': {'title': 'Mr', 'first': 'Benno', 'last': 'Springer'}, 'location': {'street': {'number': 2612, 'name': 'Kirchweg'}, 'city': 'Freudenstadt', 'state': 'Bayern', 'country': 'Germany', 'postcode': 78869, 'coordinates': {'latitude': '-51.7360', 'longitude': '-9.2180'}, 'timezone': {'offset': '-11:00', 'description': 'Midway Island, Samoa'}}, 'email': 'benno.springer@example.com', 'login': {'uuid': '1d04841c-0d7d-4c6f-a7ce-c74200cb8afd', 'username': 'smalltiger808', 'password': 'jessica', 'salt': 'a2BYXz9N', 'md5': '7a00cfd1bf284e0266b4d5134b296cfb', 'sha1': 'ae85843620df05bc05caaaa03b6309497ca1a842', 'sha256': '219625cf4c1799acb9155ca323920848a66722759b474741146c16c42c631862'}, 'dob': {'date': '1970-08-19T17:22:15.310Z', 'age': 53}, 'registered': {'date': '2008-03-05T20:33:51.413Z', 'age': 16}, 'phone': '0007-7569824', 'cell': '0175-5891218', 'id': {'name': 'SVNR', 'value': '55 190870 S 031'}, 'picture': {'large': 'https://randomuser.me/api/portraits/men/17.jpg', 'medium': 'https://randomuser.me/api/portraits/med/men/17.jpg', 'thumbnail': 'https://randomuser.me/api/portraits/thumb/men/17.jpg'}, 'nat': 'DE'}</msg>
<arg>${json_data['results'][0]}</arg>
<doc>Logs the given message with the given level.</doc>
<status status="PASS" start="2024-04-16T11:11:41.276427" elapsed="0.000415"/>
</kw>
<kw name="Log" owner="BuiltIn">
<msg time="2024-04-16T11:11:41.277262" level="INFO">login</msg>
<arg>${key}</arg>
<doc>Logs the given message with the given level.</doc>
<status status="PASS" start="2024-04-16T11:11:41.277135" elapsed="0.000167"/>
</kw>
<var name="${key}">login</var>
<status status="PASS" start="2024-04-16T11:11:41.275566" elapsed="0.001952"/>
</iter>
<var>${key}</var>
<value>@{expected_keys}</value>
<status status="PASS" start="2024-04-16T11:11:41.266652" elapsed="0.011018"/>
</for>
<kw name="Create List" owner="BuiltIn">
<msg time="2024-04-16T11:11:41.278016" level="INFO">${expected_keysTwo} = ['username', 'password']</msg>
<var>${expected_keysTwo}</var>
<arg>username</arg>
<arg>password</arg>
<doc>Returns a list containing given items.</doc>
<status status="PASS" start="2024-04-16T11:11:41.277874" elapsed="0.000166"/>
</kw>
<for flavor="IN">
<iter>
<kw name="Dictionary Should Contain Key" owner="Collections">
<msg time="2024-04-16T11:11:41.279027" level="INFO">False</msg>
<arg>${json_data['results'][0]['login']}</arg>
<arg>${keyTwo}</arg>
<doc>Fails if ``key`` is not found from ``dictionary``.</doc>
<status status="PASS" start="2024-04-16T11:11:41.278646" elapsed="0.000419"/>
</kw>
<kw name="Dictionary Should Contain Key" owner="Collections">
<msg time="2024-04-16T11:11:41.279740" level="INFO">False</msg>
<arg>${json_data['results'][0]['login']}</arg>
<arg>${keyTwo}</arg>
<doc>Fails if ``key`` is not found from ``dictionary``.</doc>
<status status="PASS" start="2024-04-16T11:11:41.279364" elapsed="0.000415"/>
</kw>
<kw name="Log" owner="BuiltIn">
<msg time="2024-04-16T11:11:41.280245" level="INFO">username</msg>
<arg>${keyTwo}</arg>
<doc>Logs the given message with the given level.</doc>
<status status="PASS" start="2024-04-16T11:11:41.280114" elapsed="0.000169"/>
</kw>
<var name="${keyTwo}">username</var>
<status status="PASS" start="2024-04-16T11:11:41.278534" elapsed="0.001966"/>
</iter>
<iter>
<kw name="Dictionary Should Contain Key" owner="Collections">
<msg time="2024-04-16T11:11:41.281168" level="INFO">False</msg>
<arg>${json_data['results'][0]['login']}</arg>
<arg>${keyTwo}</arg>
<doc>Fails if ``key`` is not found from ``dictionary``.</doc>
<status status="PASS" start="2024-04-16T11:11:41.280786" elapsed="0.000419"/>
</kw>
<kw name="Dictionary Should Contain Key" owner="Collections">
<msg time="2024-04-16T11:11:41.281891" level="INFO">False</msg>
<arg>${json_data['results'][0]['login']}</arg>
<arg>${keyTwo}</arg>
<doc>Fails if ``key`` is not found from ``dictionary``.</doc>
<status status="PASS" start="2024-04-16T11:11:41.281507" elapsed="0.000421"/>
</kw>
<kw name="Log" owner="BuiltIn">
<msg time="2024-04-16T11:11:41.282368" level="INFO">password</msg>
<arg>${keyTwo}</arg>
<doc>Logs the given message with the given level.</doc>
<status status="PASS" start="2024-04-16T11:11:41.282226" elapsed="0.000180"/>
</kw>
<var name="${keyTwo}">password</var>
<status status="PASS" start="2024-04-16T11:11:41.280674" elapsed="0.001952"/>
</iter>
<var>${keyTwo}</var>
<value>@{expected_keysTwo}</value>
<status status="PASS" start="2024-04-16T11:11:41.278280" elapsed="0.004471"/>
</for>
<status status="PASS" start="2024-04-16T11:11:41.166201" elapsed="0.116695"/>
</kw>
<doc>Testa a estrutura da resposta da API.</doc>
<tag>testeEstruturaResposta</tag>
<status status="PASS" start="2024-04-16T11:11:41.165553" elapsed="0.117501"/>
</test>
<test id="s1-s1-t4" name="Validar tipos de dados" line="28">
<kw name="Teste de Tipos de Dados" owner="random-user-service">
<kw name="GET On Session" owner="RequestsLibrary">
<msg time="2024-04-16T11:11:41.391690" level="INFO">GET Request : url=https://randomuser.me/api 
 path_url=/api 
 headers={'User-Agent': 'python-requests/2.31.0', 'Accept-Encoding': 'gzip, deflate', 'Accept': '*/*', 'Connection': 'keep-alive'} 
 body=None 
 </msg>
<msg time="2024-04-16T11:11:41.391771" level="INFO">GET Response : url=https://randomuser.me/api 
 status=200, reason=OK 
 headers={'Date': 'Tue, 16 Apr 2024 11:11:41 GMT', 'Content-Type': 'application/json; charset=utf-8', 'Transfer-Encoding': 'chunked', 'Connection': 'keep-alive', 'X-Powered-By': 'Express', 'Access-Control-Allow-Origin': '*', 'Cache-Control': 'no-cache', 'ETag': 'W/"494-X/Pf7+BuAAGmGL8piK3Jw4eI1C4"', 'Vary': 'Accept-Encoding', 'Content-Encoding': 'gzip', 'CF-Cache-Status': 'DYNAMIC', 'Report-To': '{"endpoints":[{"url":"https:\\/\\/a.nel.cloudflare.com\\/report\\/v4?s=145rgLxArvkhsmYg2MPZVHlaI4ECkRM9FOpwcp7GJSOuNImuQjmmD1HOYL2NCOCj7SMNltZ4tS5xTGI13osenyh%2FvCzbMZrxW3K0FGZ6a%2FsgV2yEsUCC%2F1qLzWmqcuzF"}],"group":"cf-nel","max_age":604800}', 'NEL': '{"success_fraction":0,"report_to":"cf-nel","max_age":604800}', 'Server': 'cloudflare', 'CF-RAY': '8753bc6b1e422b65-LAX', 'alt-svc': 'h3=":443"; ma=86400'} 
 body={"results":[{"gender":"female","name":{"title":"Mrs","first":"Kerttu","last":"Kauppila"},"location":{"street":{"number":1173,"name":"Visiokatu"},"city":"Enonkoski","state":"Satakunta","country":"Finland","postcode":94995,"coordinates":{"latitude":"-23.4688","longitude":"65.9363"},"timezone":{"offset":"-7:00","description":"Mountain Time (US &amp; Canada)"}},"email":"kerttu.kauppila@example.com","login":{"uuid":"74531f0a-f52f-4362-866e-31e756bdd232","username":"tinyduck198","password":"gobucks","salt":"ul7ozjWA","md5":"0199d28931fd24f2d822ff1aa32b88c7","sha1":"9cdb923a4de46bf4e9fb14ad8276d1c73d53d6c3","sha256":"4a15c4ef3d294eb4f474caf9455c26088441c6d193b19611bc5495f5fa03daf2"},"dob":{"date":"1995-08-02T05:58:52.254Z","age":28},"registered":{"date":"2011-10-18T08:56:57.313Z","age":12},"phone":"05-788-111","cell":"041-471-62-34","id":{"name":"HETU","value":"NaNNA822undefined"},"picture":{"large":"https://randomuser.me/api/portraits/women/31.jpg","medium":"https://randomuser.me/api/portraits/med/women/31.jpg","thumbnail":"https://randomuser.me/api/portraits/thumb/women/31.jpg"},"nat":"FI"}],"info":{"seed":"8692bb5af2a0972b","results":1,"page":1,"version":"1.4"}} 
 </msg>
<msg time="2024-04-16T11:11:41.391838" level="INFO">/opt/hostedtoolcache/Python/3.12.2/x64/lib/python3.12/site-packages/urllib3/connectionpool.py:1103: InsecureRequestWarning: Unverified HTTPS request is being made to host 'randomuser.me'. Adding certificate verification is strongly advised. See: https://urllib3.readthedocs.io/en/latest/advanced-usage.html#tls-warnings
  warnings.warn(</msg>
<msg time="2024-04-16T11:11:41.391975" level="INFO">${response} = &lt;Response [200]&gt;</msg>
<var>${response}</var>
<arg>consultarAPI</arg>
<arg>/api</arg>
<doc>Sends a GET request on a previously created HTTP Session.</doc>
<status status="PASS" start="2024-04-16T11:11:41.285599" elapsed="0.106416"/>
</kw>
<kw name="Set Variable" owner="BuiltIn">
<msg time="2024-04-16T11:11:41.392838" level="INFO">${json_data} = {'results': [{'gender': 'female', 'name': {'title': 'Mrs', 'first': 'Kerttu', 'last': 'Kauppila'}, 'location': {'street': {'number': 1173, 'name': 'Visiokatu'}, 'city': 'Enonkoski', 'state': 'Satakunt...</msg>
<var>${json_data}</var>
<arg>${response.json()}</arg>
<doc>Returns the given values which can then be assigned to a variables.</doc>
<status status="PASS" start="2024-04-16T11:11:41.392387" elapsed="0.000481"/>
</kw>
<kw name="Log" owner="BuiltIn">
<msg time="2024-04-16T11:11:41.393336" level="INFO">{'results': [{'gender': 'female', 'name': {'title': 'Mrs', 'first': 'Kerttu', 'last': 'Kauppila'}, 'location': {'street': {'number': 1173, 'name': 'Visiokatu'}, 'city': 'Enonkoski', 'state': 'Satakunta', 'country': 'Finland', 'postcode': 94995, 'coordinates': {'latitude': '-23.4688', 'longitude': '65.9363'}, 'timezone': {'offset': '-7:00', 'description': 'Mountain Time (US &amp; Canada)'}}, 'email': 'kerttu.kauppila@example.com', 'login': {'uuid': '74531f0a-f52f-4362-866e-31e756bdd232', 'username': 'tinyduck198', 'password': 'gobucks', 'salt': 'ul7ozjWA', 'md5': '0199d28931fd24f2d822ff1aa32b88c7', 'sha1': '9cdb923a4de46bf4e9fb14ad8276d1c73d53d6c3', 'sha256': '4a15c4ef3d294eb4f474caf9455c26088441c6d193b19611bc5495f5fa03daf2'}, 'dob': {'date': '1995-08-02T05:58:52.254Z', 'age': 28}, 'registered': {'date': '2011-10-18T08:56:57.313Z', 'age': 12}, 'phone': '05-788-111', 'cell': '041-471-62-34', 'id': {'name': 'HETU', 'value': 'NaNNA822undefined'}, 'picture': {'large': 'https://randomuser.me/api/portraits/women/31.jpg', 'medium': 'https://randomuser.me/api/portraits/med/women/31.jpg', 'thumbnail': 'https://randomuser.me/api/portraits/thumb/women/31.jpg'}, 'nat': 'FI'}], 'info': {'seed': '8692bb5af2a0972b', 'results': 1, 'page': 1, 'version': '1.4'}}</msg>
<arg>${json_data}</arg>
<doc>Logs the given message with the given level.</doc>
<status status="PASS" start="2024-04-16T11:11:41.393182" elapsed="0.000237"/>
</kw>
<kw name="Should Be String" owner="String">
<arg>${json_data['results'][0]['gender']}</arg>
<doc>Fails if the given ``item`` is not a string.</doc>
<status status="PASS" start="2024-04-16T11:11:41.393722" elapsed="0.000392"/>
</kw>
<kw name="Should Match Regexp" owner="BuiltIn">
<arg>${json_data['results'][0]['email']}</arg>
<arg>^[a-zA-Z0-9._%+-]+@[a-zA-Z0-9.-]+\.[a-zA-Z]{2,}$</arg>
<doc>Fails if ``string`` does not match ``pattern`` as a regular expression.</doc>
<status status="PASS" start="2024-04-16T11:11:41.394310" elapsed="0.000527"/>
</kw>
<kw name="Should Match Regexp" owner="BuiltIn">
<arg>${json_data['results'][0]['dob']['date']}</arg>
<arg>\\d{4}-\\d{2}-\\d{2}T\\d{2}:\\d{2}:\\d{2}\\.\\d{3}Z</arg>
<doc>Fails if ``string`` does not match ``pattern`` as a regular expression.</doc>
<status status="PASS" start="2024-04-16T11:11:41.395037" elapsed="0.000491"/>
</kw>
<kw name="Should Match Regexp" owner="BuiltIn">
<arg>${json_data['results'][0]['registered']['date']}</arg>
<arg>\\d{4}-\\d{2}-\\d{2}T\\d{2}:\\d{2}:\\d{2}\\.\\d{3}Z</arg>
<doc>Fails if ``string`` does not match ``pattern`` as a regular expression.</doc>
<status status="PASS" start="2024-04-16T11:11:41.395728" elapsed="0.000421"/>
</kw>
<kw name="Should Match Regexp" owner="BuiltIn">
<arg>${json_data['results'][0]['picture']['large']}</arg>
<arg>^https?://.*\.(?:png|jpe?g|gif|bmp)$</arg>
<doc>Fails if ``string`` does not match ``pattern`` as a regular expression.</doc>
<status status="PASS" start="2024-04-16T11:11:41.396343" elapsed="0.000465"/>
</kw>
<kw name="Should Match Regexp" owner="BuiltIn">
<arg>${json_data['results'][0]['picture']['medium']}</arg>
<arg>^https?://.*\.(?:png|jpe?g|gif|bmp)$</arg>
<doc>Fails if ``string`` does not match ``pattern`` as a regular expression.</doc>
<status status="PASS" start="2024-04-16T11:11:41.396999" elapsed="0.000356"/>
</kw>
<kw name="Should Match Regexp" owner="BuiltIn">
<arg>${json_data['results'][0]['picture']['thumbnail']}</arg>
<arg>^https?://.*\.(?:png|jpe?g|gif|bmp)$</arg>
<doc>Fails if ``string`` does not match ``pattern`` as a regular expression.</doc>
<status status="PASS" start="2024-04-16T11:11:41.397541" elapsed="0.000358"/>
</kw>
<kw name="Log" owner="BuiltIn">
<msg time="2024-04-16T11:11:41.398422" level="INFO">{'large': 'https://randomuser.me/api/portraits/women/31.jpg', 'medium': 'https://randomuser.me/api/portraits/med/women/31.jpg', 'thumbnail': 'https://randomuser.me/api/portraits/thumb/women/31.jpg'}</msg>
<arg>${json_data['results'][0]['picture']}</arg>
<doc>Logs the given message with the given level.</doc>
<status status="PASS" start="2024-04-16T11:11:41.398083" elapsed="0.000382"/>
</kw>
<status status="PASS" start="2024-04-16T11:11:41.285372" elapsed="0.113349"/>
</kw>
<kw name="Teste de Tipos de Dados - Postcode" owner="random-user-service">
<kw name="GET On Session" owner="RequestsLibrary">
<msg time="2024-04-16T11:11:41.496559" level="INFO">GET Request : url=https://randomuser.me/api 
 path_url=/api 
 headers={'User-Agent': 'python-requests/2.31.0', 'Accept-Encoding': 'gzip, deflate', 'Accept': '*/*', 'Connection': 'keep-alive'} 
 body=None 
 </msg>
<msg time="2024-04-16T11:11:41.496645" level="INFO">GET Response : url=https://randomuser.me/api 
 status=200, reason=OK 
 headers={'Date': 'Tue, 16 Apr 2024 11:11:41 GMT', 'Content-Type': 'application/json; charset=utf-8', 'Transfer-Encoding': 'chunked', 'Connection': 'keep-alive', 'X-Powered-By': 'Express', 'Access-Control-Allow-Origin': '*', 'Cache-Control': 'no-cache', 'ETag': 'W/"4a2-i714v9ZyKjmcSxNwxs6F/NipsK4"', 'Vary': 'Accept-Encoding', 'Content-Encoding': 'gzip', 'CF-Cache-Status': 'DYNAMIC', 'Report-To': '{"endpoints":[{"url":"https:\\/\\/a.nel.cloudflare.com\\/report\\/v4?s=vINRGNBrwMCWNQkhDZ6DajB9CShFa33FLI10xoHXJphYE%2BgqQxGcWwMxT9CDbIgdg41Dy4FnA6j%2BbA2WuHxErSeXoLqHih4jotYCoauLT3N0s6naifqJrfj%2FBB4NP7aX"}],"group":"cf-nel","max_age":604800}', 'NEL': '{"success_fraction":0,"report_to":"cf-nel","max_age":604800}', 'Server': 'cloudflare', 'CF-RAY': '8753bc6bceb22b65-LAX', 'alt-svc': 'h3=":443"; ma=86400'} 
 body={"results":[{"gender":"male","name":{"title":"Mr","first":"Chester","last":"Stewart"},"location":{"street":{"number":8116,"name":"Avondale Ave"},"city":"Bunbury","state":"Northern Territory","country":"Australia","postcode":3820,"coordinates":{"latitude":"-87.0245","longitude":"-106.0004"},"timezone":{"offset":"+5:00","description":"Ekaterinburg, Islamabad, Karachi, Tashkent"}},"email":"chester.stewart@example.com","login":{"uuid":"2dbc0354-651c-4458-b20d-eb6a0c13fd12","username":"angrysnake892","password":"bullfrog","salt":"zvfVrtHT","md5":"cf232a3b263f468a2f5674a0944a3071","sha1":"0860edc19940da76b195d45802cbf2b5e638017e","sha256":"c50fde96a5e92d20303819564bbcb016f0e6880e32b303bd8b851a4f134a3184"},"dob":{"date":"1986-07-19T00:41:15.550Z","age":37},"registered":{"date":"2010-04-18T15:03:32.032Z","age":13},"phone":"00-7119-8015","cell":"0452-631-789","id":{"name":"TFN","value":"699302428"},"picture":{"large":"https://randomuser.me/api/portraits/men/66.jpg","medium":"https://randomuser.me/api/portraits/med/men/66.jpg","thumbnail":"https://randomuser.me/api/portraits/thumb/men/66.jpg"},"nat":"AU"}],"info":{"seed":"838b2499e941991b","results":1,"page":1,"version":"1.4"}} 
 </msg>
<msg time="2024-04-16T11:11:41.496734" level="INFO">/opt/hostedtoolcache/Python/3.12.2/x64/lib/python3.12/site-packages/urllib3/connectionpool.py:1103: InsecureRequestWarning: Unverified HTTPS request is being made to host 'randomuser.me'. Adding certificate verification is strongly advised. See: https://urllib3.readthedocs.io/en/latest/advanced-usage.html#tls-warnings
  warnings.warn(</msg>
<msg time="2024-04-16T11:11:41.496849" level="INFO">${response} = &lt;Response [200]&gt;</msg>
<var>${response}</var>
<arg>consultarAPI</arg>
<arg>/api</arg>
<doc>Sends a GET request on a previously created HTTP Session.</doc>
<status status="PASS" start="2024-04-16T11:11:41.399189" elapsed="0.097704"/>
</kw>
<kw name="Set Variable" owner="BuiltIn">
<msg time="2024-04-16T11:11:41.497792" level="INFO">${json_data} = {'results': [{'gender': 'male', 'name': {'title': 'Mr', 'first': 'Chester', 'last': 'Stewart'}, 'location': {'street': {'number': 8116, 'name': 'Avondale Ave'}, 'city': 'Bunbury', 'state': 'Northern T...</msg>
<var>${json_data}</var>
<arg>${response.json()}</arg>
<doc>Returns the given values which can then be assigned to a variables.</doc>
<status status="PASS" start="2024-04-16T11:11:41.497333" elapsed="0.000488"/>
</kw>
<kw name="Log" owner="BuiltIn">
<msg time="2024-04-16T11:11:41.498287" level="INFO">{'results': [{'gender': 'male', 'name': {'title': 'Mr', 'first': 'Chester', 'last': 'Stewart'}, 'location': {'street': {'number': 8116, 'name': 'Avondale Ave'}, 'city': 'Bunbury', 'state': 'Northern Territory', 'country': 'Australia', 'postcode': 3820, 'coordinates': {'latitude': '-87.0245', 'longitude': '-106.0004'}, 'timezone': {'offset': '+5:00', 'description': 'Ekaterinburg, Islamabad, Karachi, Tashkent'}}, 'email': 'chester.stewart@example.com', 'login': {'uuid': '2dbc0354-651c-4458-b20d-eb6a0c13fd12', 'username': 'angrysnake892', 'password': 'bullfrog', 'salt': 'zvfVrtHT', 'md5': 'cf232a3b263f468a2f5674a0944a3071', 'sha1': '0860edc19940da76b195d45802cbf2b5e638017e', 'sha256': 'c50fde96a5e92d20303819564bbcb016f0e6880e32b303bd8b851a4f134a3184'}, 'dob': {'date': '1986-07-19T00:41:15.550Z', 'age': 37}, 'registered': {'date': '2010-04-18T15:03:32.032Z', 'age': 13}, 'phone': '00-7119-8015', 'cell': '0452-631-789', 'id': {'name': 'TFN', 'value': '699302428'}, 'picture': {'large': 'https://randomuser.me/api/portraits/men/66.jpg', 'medium': 'https://randomuser.me/api/portraits/med/men/66.jpg', 'thumbnail': 'https://randomuser.me/api/portraits/thumb/men/66.jpg'}, 'nat': 'AU'}], 'info': {'seed': '838b2499e941991b', 'results': 1, 'page': 1, 'version': '1.4'}}</msg>
<arg>${json_data}</arg>
<doc>Logs the given message with the given level.</doc>
<status status="PASS" start="2024-04-16T11:11:41.498130" elapsed="0.000239"/>
</kw>
<kw name="Should Be Equal As Numbers" owner="BuiltIn">
<arg>${json_data['results'][0]['location']['postcode']}</arg>
<arg>${json_data['results'][0]['location']['postcode']}</arg>
<doc>Fails if objects are unequal after converting them to real numbers.</doc>
<status status="PASS" start="2024-04-16T11:11:41.498679" elapsed="0.000642"/>
</kw>
<kw name="Log" owner="BuiltIn">
<msg time="2024-04-16T11:11:41.499893" level="INFO">3820</msg>
<arg>${json_data['results'][0]['location']['postcode']}</arg>
<doc>Logs the given message with the given level.</doc>
<status status="PASS" start="2024-04-16T11:11:41.499516" elapsed="0.000426"/>
</kw>
<status status="PASS" start="2024-04-16T11:11:41.398947" elapsed="0.101262"/>
</kw>
<doc>Testa se os tipos de dados na resposta da API estão corretos.</doc>
<tag>testeTiposDados</tag>
<status status="PASS" start="2024-04-16T11:11:41.284845" elapsed="0.215533"/>
</test>
<test id="s1-s1-t5" name="Validar conteudo" line="35">
<kw name="Teste de Tipos de Conteudo" owner="random-user-service">
<kw name="GET On Session" owner="RequestsLibrary">
<msg time="2024-04-16T11:11:41.600486" level="INFO">GET Request : url=https://randomuser.me/api 
 path_url=/api 
 headers={'User-Agent': 'python-requests/2.31.0', 'Accept-Encoding': 'gzip, deflate', 'Accept': '*/*', 'Connection': 'keep-alive'} 
 body=None 
 </msg>
<msg time="2024-04-16T11:11:41.600588" level="INFO">GET Response : url=https://randomuser.me/api 
 status=200, reason=OK 
 headers={'Date': 'Tue, 16 Apr 2024 11:11:41 GMT', 'Content-Type': 'application/json; charset=utf-8', 'Transfer-Encoding': 'chunked', 'Connection': 'keep-alive', 'X-Powered-By': 'Express', 'Access-Control-Allow-Origin': '*', 'Cache-Control': 'no-cache', 'ETag': 'W/"497-xbdSzSQnL070R/HgZcxHP3lNO2E"', 'Vary': 'Accept-Encoding', 'Content-Encoding': 'gzip', 'CF-Cache-Status': 'DYNAMIC', 'Report-To': '{"endpoints":[{"url":"https:\\/\\/a.nel.cloudflare.com\\/report\\/v4?s=9JRpUnP%2FoMVISvUghhCiTooRJwhHteTOtRKL0%2FxvHFeJryoheA7RioZJFvAaaWvohHdrQVA2ITvGyltuCRygZSQZD3fgzJMeC%2BpNayITiNRQ0hrKBdJXTAe4LPJbF4Xu"}],"group":"cf-nel","max_age":604800}', 'NEL': '{"success_fraction":0,"report_to":"cf-nel","max_age":604800}', 'Server': 'cloudflare', 'CF-RAY': '8753bc6c6f142b65-LAX', 'alt-svc': 'h3=":443"; ma=86400'} 
 body={"results":[{"gender":"female","name":{"title":"Ms","first":"Brigitta","last":"Bitzer"},"location":{"street":{"number":1785,"name":"Jahnstraße"},"city":"Allendorf (Lumda)","state":"Bayern","country":"Germany","postcode":20658,"coordinates":{"latitude":"-55.1242","longitude":"74.0082"},"timezone":{"offset":"+7:00","description":"Bangkok, Hanoi, Jakarta"}},"email":"brigitta.bitzer@example.com","login":{"uuid":"20fd2701-1058-4925-80a7-87ebe38ef04b","username":"lazyleopard502","password":"network","salt":"cvFMjvFc","md5":"a345c68431ed5f2f0f9280413178b6e7","sha1":"5367ad342fa5334bddb5fcfa2f5c009edc2c25cd","sha256":"533be6b51bd84211a3e4e8ff2e07cad3ad13ac464b85d551d7e9acab670b4031"},"dob":{"date":"1996-09-02T06:23:22.009Z","age":27},"registered":{"date":"2017-04-01T22:32:26.077Z","age":7},"phone":"0258-9037324","cell":"0170-1506542","id":{"name":"SVNR","value":"49 020996 B 777"},"picture":{"large":"https://randomuser.me/api/portraits/women/85.jpg","medium":"https://randomuser.me/api/portraits/med/women/85.jpg","thumbnail":"https://randomuser.me/api/portraits/thumb/women/85.jpg"},"nat":"DE"}],"info":{"seed":"b99db7115b3e73b7","results":1,"page":1,"version":"1.4"}} 
 </msg>
<msg time="2024-04-16T11:11:41.600667" level="INFO">/opt/hostedtoolcache/Python/3.12.2/x64/lib/python3.12/site-packages/urllib3/connectionpool.py:1103: InsecureRequestWarning: Unverified HTTPS request is being made to host 'randomuser.me'. Adding certificate verification is strongly advised. See: https://urllib3.readthedocs.io/en/latest/advanced-usage.html#tls-warnings
  warnings.warn(</msg>
<msg time="2024-04-16T11:11:41.600824" level="INFO">${response} = &lt;Response [200]&gt;</msg>
<var>${response}</var>
<arg>consultarAPI</arg>
<arg>/api</arg>
<doc>Sends a GET request on a previously created HTTP Session.</doc>
<status status="PASS" start="2024-04-16T11:11:41.502928" elapsed="0.097936"/>
</kw>
<kw name="Set Variable" owner="BuiltIn">
<msg time="2024-04-16T11:11:41.601980" level="INFO">${json_data} = {'results': [{'gender': 'female', 'name': {'title': 'Ms', 'first': 'Brigitta', 'last': 'Bitzer'}, 'location': {'street': {'number': 1785, 'name': 'Jahnstraße'}, 'city': 'Allendorf (Lumda)', 'state': '...</msg>
<var>${json_data}</var>
<arg>${response.json()}</arg>
<doc>Returns the given values which can then be assigned to a variables.</doc>
<status status="PASS" start="2024-04-16T11:11:41.601467" elapsed="0.000542"/>
</kw>
<kw name="Set Variable" owner="BuiltIn">
<msg time="2024-04-16T11:11:41.602712" level="INFO">${name_title} = Ms</msg>
<var>${name_title}</var>
<arg>${json_data["results"][0]["name"]["title"]}</arg>
<doc>Returns the given values which can then be assigned to a variables.</doc>
<status status="PASS" start="2024-04-16T11:11:41.602322" elapsed="0.000415"/>
</kw>
<kw name="Create List" owner="BuiltIn">
<msg time="2024-04-16T11:11:41.603187" level="INFO">${allowed_titles} = ['Mr', 'Ms', 'Miss', 'Mrs', 'Madame', 'Monsieur']</msg>
<var>${allowed_titles}</var>
<arg>Mr</arg>
<arg>Ms</arg>
<arg>Miss</arg>
<arg>Mrs</arg>
<arg>Madame</arg>
<arg>Monsieur</arg>
<doc>Returns a list containing given items.</doc>
<status status="PASS" start="2024-04-16T11:11:41.603039" elapsed="0.000173"/>
</kw>
<kw name="List Should Contain Value" owner="Collections">
<msg time="2024-04-16T11:11:41.603694" level="INFO">False</msg>
<arg>${allowed_titles}</arg>
<arg>${name_title}</arg>
<doc>Fails if the ``value`` is not found from ``list``.</doc>
<status status="PASS" start="2024-04-16T11:11:41.603516" elapsed="0.000215"/>
</kw>
<kw name="Set Variable" owner="BuiltIn">
<msg time="2024-04-16T11:11:41.604454" level="INFO">${name_country} = DE</msg>
<var>${name_country}</var>
<arg>${json_data["results"][0]["nat"]}</arg>
<doc>Returns the given values which can then be assigned to a variables.</doc>
<status status="PASS" start="2024-04-16T11:11:41.604060" elapsed="0.000420"/>
</kw>
<kw name="Create List" owner="BuiltIn">
<msg time="2024-04-16T11:11:41.605378" level="INFO">${list_country} = ['AD', 'AE', 'AF', 'AG', 'AI', 'AL', 'AM', 'AO', 'AQ', 'AR', 'AS', 'AT', 'AU', 'AW', 'AX', 'AZ', 'BA', 'BB', 'BD', 'BE', 'BF', 'BG', 'BH', 'BI', 'BJ', 'BL', 'BM', 'BN', 'BO', 'BQ', 'BR', 'BS', 'BT', '...</msg>
<var>${list_country}</var>
<arg>AD</arg>
<arg>AE</arg>
<arg>AF</arg>
<arg>AG</arg>
<arg>AI</arg>
<arg>AL</arg>
<arg>AM</arg>
<arg>AO</arg>
<arg>AQ</arg>
<arg>AR</arg>
<arg>AS</arg>
<arg>AT</arg>
<arg>AU</arg>
<arg>AW</arg>
<arg>AX</arg>
<arg>AZ</arg>
<arg>BA</arg>
<arg>BB</arg>
<arg>BD</arg>
<arg>BE</arg>
<arg>BF</arg>
<arg>BG</arg>
<arg>BH</arg>
<arg>BI</arg>
<arg>BJ</arg>
<arg>BL</arg>
<arg>BM</arg>
<arg>BN</arg>
<arg>BO</arg>
<arg>BQ</arg>
<arg>BR</arg>
<arg>BS</arg>
<arg>BT</arg>
<arg>BV</arg>
<arg>BW</arg>
<arg>BY</arg>
<arg>BZ</arg>
<arg>CA</arg>
<arg>CC</arg>
<arg>CD</arg>
<arg>CF</arg>
<arg>CG</arg>
<arg>CH</arg>
<arg>CI</arg>
<arg>CK</arg>
<arg>CL</arg>
<arg>CM</arg>
<arg>CN</arg>
<arg>CO</arg>
<arg>CR</arg>
<arg>CU</arg>
<arg>CV</arg>
<arg>CW</arg>
<arg>CX</arg>
<arg>CY</arg>
<arg>CZ</arg>
<arg>DE</arg>
<arg>DJ</arg>
<arg>DK</arg>
<arg>DM</arg>
<arg>DO</arg>
<arg>DZ</arg>
<arg>EC</arg>
<arg>EE</arg>
<arg>EG</arg>
<arg>EH</arg>
<arg>ER</arg>
<arg>ES</arg>
<arg>ET</arg>
<arg>FI</arg>
<arg>FJ</arg>
<arg>FK</arg>
<arg>FM</arg>
<arg>FO</arg>
<arg>FR</arg>
<arg>GA</arg>
<arg>GB</arg>
<arg>GD</arg>
<arg>GE</arg>
<arg>GF</arg>
<arg>GG</arg>
<arg>GH</arg>
<arg>GI</arg>
<arg>GL</arg>
<arg>GM</arg>
<arg>GN</arg>
<arg>GP</arg>
<arg>GQ</arg>
<arg>GR</arg>
<arg>GS</arg>
<arg>GT</arg>
<arg>GU</arg>
<arg>GW</arg>
<arg>GY</arg>
<arg>HK</arg>
<arg>HM</arg>
<arg>HN</arg>
<arg>HR</arg>
<arg>HT</arg>
<arg>HU</arg>
<arg>ID</arg>
<arg>IE</arg>
<arg>IL</arg>
<arg>IM</arg>
<arg>IN</arg>
<arg>IO</arg>
<arg>IQ</arg>
<arg>IR</arg>
<arg>IS</arg>
<arg>IT</arg>
<arg>JE</arg>
<arg>JM</arg>
<arg>JO</arg>
<arg>JP</arg>
<arg>KE</arg>
<arg>KG</arg>
<arg>KH</arg>
<arg>KI</arg>
<arg>KM</arg>
<arg>KN</arg>
<arg>KP</arg>
<arg>KR</arg>
<arg>KW</arg>
<arg>KY</arg>
<arg>KZ</arg>
<arg>LA</arg>
<arg>LB</arg>
<arg>LC</arg>
<arg>LI</arg>
<arg>LK</arg>
<arg>LR</arg>
<arg>LS</arg>
<arg>LT</arg>
<arg>LU</arg>
<arg>LV</arg>
<arg>LY</arg>
<arg>MA</arg>
<arg>MC</arg>
<arg>MD</arg>
<arg>ME</arg>
<arg>MF</arg>
<arg>MG</arg>
<arg>MH</arg>
<arg>MK</arg>
<arg>ML</arg>
<arg>MM</arg>
<arg>MN</arg>
<arg>MO</arg>
<arg>MP</arg>
<arg>MQ</arg>
<arg>MR</arg>
<arg>MS</arg>
<arg>MT</arg>
<arg>MU</arg>
<arg>MV</arg>
<arg>MW</arg>
<arg>MX</arg>
<arg>MY</arg>
<arg>MZ</arg>
<arg>NA</arg>
<arg>NC</arg>
<arg>NE</arg>
<arg>NF</arg>
<arg>NG</arg>
<arg>NI</arg>
<arg>NL</arg>
<arg>NO</arg>
<arg>NP</arg>
<arg>NR</arg>
<arg>NU</arg>
<arg>NZ</arg>
<arg>OM</arg>
<arg>PA</arg>
<arg>PE</arg>
<arg>PF</arg>
<arg>PG</arg>
<arg>PH</arg>
<arg>PK</arg>
<arg>PL</arg>
<arg>PM</arg>
<arg>PN</arg>
<arg>PR</arg>
<arg>PS</arg>
<arg>PT</arg>
<arg>PW</arg>
<arg>PY</arg>
<arg>QA</arg>
<arg>RE</arg>
<arg>RO</arg>
<arg>RS</arg>
<arg>RU</arg>
<arg>RW</arg>
<arg>SA</arg>
<arg>SB</arg>
<arg>SC</arg>
<arg>SD</arg>
<arg>SE</arg>
<arg>SG</arg>
<arg>SH</arg>
<arg>SI</arg>
<arg>SJ</arg>
<arg>SK</arg>
<arg>SL</arg>
<arg>SM</arg>
<arg>SN</arg>
<arg>SO</arg>
<arg>SR</arg>
<arg>SS</arg>
<arg>ST</arg>
<arg>SV</arg>
<arg>SX</arg>
<arg>SY</arg>
<arg>SZ</arg>
<arg>TC</arg>
<arg>TD</arg>
<arg>TF</arg>
<arg>TG</arg>
<arg>TH</arg>
<arg>TJ</arg>
<arg>TK</arg>
<arg>TL</arg>
<arg>TM</arg>
<arg>TN</arg>
<arg>TO</arg>
<arg>TR</arg>
<arg>TT</arg>
<arg>TV</arg>
<arg>TW</arg>
<arg>TZ</arg>
<arg>UA</arg>
<arg>UG</arg>
<arg>UM</arg>
<arg>US</arg>
<arg>UY</arg>
<arg>UZ</arg>
<arg>VA</arg>
<arg>VC</arg>
<arg>VE</arg>
<arg>VG</arg>
<arg>VI</arg>
<arg>VN</arg>
<arg>VU</arg>
<arg>WF</arg>
<arg>WS</arg>
<arg>XK</arg>
<arg>YE</arg>
<arg>YT</arg>
<arg>ZA</arg>
<arg>ZM</arg>
<arg>ZW</arg>
<doc>Returns a list containing given items.</doc>
<status status="PASS" start="2024-04-16T11:11:41.604784" elapsed="0.000619"/>
</kw>
<kw name="List Should Contain Value" owner="Collections">
<msg time="2024-04-16T11:11:41.606389" level="INFO">False</msg>
<arg>${list_country}</arg>
<arg>${name_country}</arg>
<doc>Fails if the ``value`` is not found from ``list``.</doc>
<status status="PASS" start="2024-04-16T11:11:41.606184" elapsed="0.000242"/>
</kw>
<kw name="Run Keyword If" owner="BuiltIn">
<kw name="Should Be True" owner="BuiltIn">
<arg>${True}</arg>
<doc>Fails if the given condition is not true.</doc>
<status status="PASS" start="2024-04-16T11:11:41.607640" elapsed="0.000146"/>
</kw>
<arg>${json_data["results"][0]["location"]["coordinates"]["latitude"]} &gt;= -90 and ${json_data["results"][0]["location"]["coordinates"]["latitude"]} &lt;= 90</arg>
<arg>Should Be True</arg>
<arg>${True}</arg>
<doc>Runs the given keyword with the given arguments, if ``condition`` is true.</doc>
<status status="PASS" start="2024-04-16T11:11:41.606743" elapsed="0.001217"/>
</kw>
<kw name="Run Keyword If" owner="BuiltIn">
<kw name="Should Be True" owner="BuiltIn">
<arg>${True}</arg>
<doc>Fails if the given condition is not true.</doc>
<status status="PASS" start="2024-04-16T11:11:41.608851" elapsed="0.000136"/>
</kw>
<arg>${json_data["results"][0]["location"]["coordinates"]["longitude"]} &gt;= -180 and ${json_data["results"][0]["location"]["coordinates"]["longitude"]} &lt;= 180</arg>
<arg>Should Be True</arg>
<arg>${True}</arg>
<doc>Runs the given keyword with the given arguments, if ``condition`` is true.</doc>
<status status="PASS" start="2024-04-16T11:11:41.608151" elapsed="0.000959"/>
</kw>
<status status="PASS" start="2024-04-16T11:11:41.502702" elapsed="0.106539"/>
</kw>
<doc>Testa o conteúdo específico dos campos retornados pela API.</doc>
<tag>testeConteudo</tag>
<status status="PASS" start="2024-04-16T11:11:41.502153" elapsed="0.107246"/>
</test>
<status status="PASS" start="2024-04-16T11:11:40.702773" elapsed="0.908545"/>
</suite>
<status status="PASS" start="2024-04-16T11:11:40.689209" elapsed="0.927407"/>
</suite>
<statistics>
<total>
<stat pass="5" fail="0" skip="0">All Tests</stat>
</total>
<tag>
<stat pass="1" fail="0" skip="0">testeConteudo</stat>
<stat pass="1" fail="0" skip="0">testeEstruturaResposta</stat>
<stat pass="1" fail="0" skip="0">testeRequisicaoBasica</stat>
<stat pass="1" fail="0" skip="0">testeTiposDados</stat>
</tag>
<suite>
<stat pass="5" fail="0" skip="0" id="s1" name="Tests">Tests</stat>
<stat pass="5" fail="0" skip="0" id="s1-s1" name="Random-User-Test">Tests.Random-User-Test</stat>
</suite>
</statistics>
<errors>
</errors>
</robot>
