<?xml version="1.0" encoding="UTF-8"?>
<robot generator="Robot 7.0 (Python 3.12.2 on linux)" generated="2024-04-17T02:24:38.615667" rpa="false" schemaversion="5">
<suite id="s1" name="Tests" source="/home/runner/work/DesafioQAItauRogerioJordao/DesafioQAItauRogerioJordao/RamdonUser/tests">
<suite id="s1-s1" name="Random-User-Test" source="/home/runner/work/DesafioQAItauRogerioJordao/DesafioQAItauRogerioJordao/RamdonUser/tests/random-user-test.robot">
<test id="s1-s1-t1" name="Conectar" line="13">
<kw name="Conectar API" owner="random-user-service">
<kw name="Create Session" owner="RequestsLibrary">
<msg time="2024-04-17T02:24:38.976910" level="INFO">Creating Session using : alias=consultarAPI, url=https://randomuser.me/, headers={},                     cookies={}, auth=None, timeout=None, proxies=None, verify=False,                     debug=0 </msg>
<arg>consultarAPI</arg>
<arg>${URL}</arg>
<doc>Create Session: create a HTTP session to a server</doc>
<status status="PASS" start="2024-04-17T02:24:38.976717" elapsed="0.000368"/>
</kw>
<status status="PASS" start="2024-04-17T02:24:38.975800" elapsed="0.001632"/>
</kw>
<status status="PASS" start="2024-04-17T02:24:38.975243" elapsed="0.002391"/>
</test>
<test id="s1-s1-t2" name="Validar retorno 200 e JSON Válido" line="16">
<kw name="Teste de Requisicao Basica" owner="random-user-service">
<kw name="GET On Session" owner="RequestsLibrary">
<msg time="2024-04-17T02:24:39.135996" level="INFO">GET Request : url=https://randomuser.me/api 
 path_url=/api 
 headers={'User-Agent': 'python-requests/2.31.0', 'Accept-Encoding': 'gzip, deflate', 'Accept': '*/*', 'Connection': 'keep-alive'} 
 body=None 
 </msg>
<msg time="2024-04-17T02:24:39.136127" level="INFO">GET Response : url=https://randomuser.me/api 
 status=200, reason=OK 
 headers={'Date': 'Wed, 17 Apr 2024 02:24:39 GMT', 'Content-Type': 'application/json; charset=utf-8', 'Transfer-Encoding': 'chunked', 'Connection': 'keep-alive', 'X-Powered-By': 'Express', 'Access-Control-Allow-Origin': '*', 'Cache-Control': 'no-cache', 'ETag': 'W/"49a-I7rNdBDoTciJfpm3B99f3JyB+h0"', 'Vary': 'Accept-Encoding', 'Content-Encoding': 'gzip', 'CF-Cache-Status': 'DYNAMIC', 'Report-To': '{"endpoints":[{"url":"https:\\/\\/a.nel.cloudflare.com\\/report\\/v4?s=Gm7PtGFmf%2Bha9FuixEQEbYb1BRubmDwuQc1hhZGmS%2BMPrDrggxh0E4fcVtHBtFb2loPFl2VFQuMre2PfcUcjdcP6xD5EzOcyjjdlgdNVsVL5nfyFQbpRwgiOj9Bq54YM"}],"group":"cf-nel","max_age":604800}', 'NEL': '{"success_fraction":0,"report_to":"cf-nel","max_age":604800}', 'Server': 'cloudflare', 'CF-RAY': '8758f5c3feae6a27-LAX', 'alt-svc': 'h3=":443"; ma=86400'} 
 body={"results":[{"gender":"male","name":{"title":"Mr","first":"Reginald","last":"Owens"},"location":{"street":{"number":7933,"name":"Kings Road"},"city":"Ely","state":"County Antrim","country":"United Kingdom","postcode":"G2F 2WJ","coordinates":{"latitude":"-7.0260","longitude":"-104.4042"},"timezone":{"offset":"+10:00","description":"Eastern Australia, Guam, Vladivostok"}},"email":"reginald.owens@example.com","login":{"uuid":"cafc5524-faba-4930-ab73-73a905574a18","username":"heavyduck532","password":"redbull","salt":"8MTMKoch","md5":"bbce0d3c31f40fa87881691dca9500b6","sha1":"ff04ad98987f830e45c7473eeebfd85e9c3486ca","sha256":"4abf20410123435845a02d2a316fdb5d8b6760552508cda427513b0d0687a263"},"dob":{"date":"1957-03-25T06:05:46.818Z","age":67},"registered":{"date":"2015-09-20T10:07:59.900Z","age":8},"phone":"01033 42605","cell":"07783 636234","id":{"name":"NINO","value":"BP 19 24 85 Q"},"picture":{"large":"https://randomuser.me/api/portraits/men/56.jpg","medium":"https://randomuser.me/api/portraits/med/men/56.jpg","thumbnail":"https://randomuser.me/api/portraits/thumb/men/56.jpg"},"nat":"GB"}],"info":{"seed":"4838dc9b0014a588","results":1,"page":1,"version":"1.4"}} 
 </msg>
<msg time="2024-04-17T02:24:39.136205" level="INFO">/opt/hostedtoolcache/Python/3.12.2/x64/lib/python3.12/site-packages/urllib3/connectionpool.py:1103: InsecureRequestWarning: Unverified HTTPS request is being made to host 'randomuser.me'. Adding certificate verification is strongly advised. See: https://urllib3.readthedocs.io/en/latest/advanced-usage.html#tls-warnings
  warnings.warn(</msg>
<msg time="2024-04-17T02:24:39.136323" level="INFO">${response} = &lt;Response [200]&gt;</msg>
<var>${response}</var>
<arg>consultarAPI</arg>
<arg>/api</arg>
<doc>Sends a GET request on a previously created HTTP Session.</doc>
<status status="PASS" start="2024-04-17T02:24:38.980281" elapsed="0.156083"/>
</kw>
<kw name="Should Be Equal As Numbers" owner="BuiltIn">
<msg time="2024-04-17T02:24:39.137480" level="INFO">Argument types are:
&lt;class 'int'&gt;
&lt;class 'str'&gt;</msg>
<arg>${response.status_code}</arg>
<arg>200</arg>
<doc>Fails if objects are unequal after converting them to real numbers.</doc>
<status status="PASS" start="2024-04-17T02:24:39.136946" elapsed="0.000598"/>
</kw>
<kw name="Log" owner="BuiltIn">
<msg time="2024-04-17T02:24:39.138215" level="INFO">200</msg>
<arg>${response.status_code}</arg>
<doc>Logs the given message with the given level.</doc>
<status status="PASS" start="2024-04-17T02:24:39.137859" elapsed="0.000398"/>
</kw>
<kw name="Set Variable" owner="BuiltIn">
<msg time="2024-04-17T02:24:39.139092" level="INFO">${json_data} = {'results': [{'gender': 'male', 'name': {'title': 'Mr', 'first': 'Reginald', 'last': 'Owens'}, 'location': {'street': {'number': 7933, 'name': 'Kings Road'}, 'city': 'Ely', 'state': 'County Antrim', '...</msg>
<var>${json_data}</var>
<arg>${response.json()}</arg>
<doc>Returns the given values which can then be assigned to a variables.</doc>
<status status="PASS" start="2024-04-17T02:24:39.138637" elapsed="0.000485"/>
</kw>
<kw name="Dictionary Should Contain Key" owner="Collections">
<msg time="2024-04-17T02:24:39.139613" level="INFO">False</msg>
<arg>${json_data}</arg>
<arg>results</arg>
<doc>Fails if ``key`` is not found from ``dictionary``.</doc>
<status status="PASS" start="2024-04-17T02:24:39.139435" elapsed="0.000230"/>
</kw>
<status status="PASS" start="2024-04-17T02:24:38.980029" elapsed="0.159895"/>
</kw>
<doc>Testa se a API responde corretamente e retorna um objeto JSON válido.</doc>
<tag>testeRequisicaoBasica</tag>
<status status="PASS" start="2024-04-17T02:24:38.979516" elapsed="0.160590"/>
</test>
<test id="s1-s1-t3" name="Validar estrutura de resposta" line="22">
<kw name="Teste de Estrutura de Resposta" owner="random-user-service">
<kw name="GET On Session" owner="RequestsLibrary">
<msg time="2024-04-17T02:24:39.240682" level="INFO">GET Request : url=https://randomuser.me/api 
 path_url=/api 
 headers={'User-Agent': 'python-requests/2.31.0', 'Accept-Encoding': 'gzip, deflate', 'Accept': '*/*', 'Connection': 'keep-alive'} 
 body=None 
 </msg>
<msg time="2024-04-17T02:24:39.240762" level="INFO">GET Response : url=https://randomuser.me/api 
 status=200, reason=OK 
 headers={'Date': 'Wed, 17 Apr 2024 02:24:39 GMT', 'Content-Type': 'application/json; charset=utf-8', 'Transfer-Encoding': 'chunked', 'Connection': 'keep-alive', 'X-Powered-By': 'Express', 'Access-Control-Allow-Origin': '*', 'Cache-Control': 'no-cache', 'ETag': 'W/"46a-eZQguQ4aFknL0wv8sMLgGvjKu08"', 'Vary': 'Accept-Encoding', 'Content-Encoding': 'gzip', 'CF-Cache-Status': 'DYNAMIC', 'Report-To': '{"endpoints":[{"url":"https:\\/\\/a.nel.cloudflare.com\\/report\\/v4?s=T6W1MM1NvYlFthJvfZMEtLZ1b1aMqbzT36osq1ciL%2F81jlt0CFf9fPIIvDviTlXgvuJnLY7QDYnXkWqFd5Aju8NcS0HLhDuguxw%2F6YxnI0%2FoOMGI1TZQKgBa972tz%2BbD"}],"group":"cf-nel","max_age":604800}', 'NEL': '{"success_fraction":0,"report_to":"cf-nel","max_age":604800}', 'Server': 'cloudflare', 'CF-RAY': '8758f5c4af806a27-LAX', 'alt-svc': 'h3=":443"; ma=86400'} 
 body={"results":[{"gender":"male","name":{"title":"Mr","first":"Felix","last":"Gibson"},"location":{"street":{"number":6904,"name":"Poplar Dr"},"city":"Tweed","state":"Queensland","country":"Australia","postcode":9973,"coordinates":{"latitude":"-88.7695","longitude":"-99.2807"},"timezone":{"offset":"-10:00","description":"Hawaii"}},"email":"felix.gibson@example.com","login":{"uuid":"541bae76-5a85-4f43-934b-b1d6edcdf43d","username":"crazypeacock759","password":"cancun","salt":"uPIt8roJ","md5":"481b590932dd901f5a33f5102b9cfa90","sha1":"26b0f85e4145ad8c8e04edbf13c310fffd8a956d","sha256":"da93ded5b04330c19d3221ba4e9d579b739d78ead3cbe0d058b002cd3d21ad52"},"dob":{"date":"1948-10-10T09:16:31.934Z","age":75},"registered":{"date":"2019-10-28T04:51:32.235Z","age":4},"phone":"09-8889-2289","cell":"0440-556-865","id":{"name":"TFN","value":"394140686"},"picture":{"large":"https://randomuser.me/api/portraits/men/43.jpg","medium":"https://randomuser.me/api/portraits/med/men/43.jpg","thumbnail":"https://randomuser.me/api/portraits/thumb/men/43.jpg"},"nat":"AU"}],"info":{"seed":"c51d2902374df39b","results":1,"page":1,"version":"1.4"}} 
 </msg>
<msg time="2024-04-17T02:24:39.240877" level="INFO">/opt/hostedtoolcache/Python/3.12.2/x64/lib/python3.12/site-packages/urllib3/connectionpool.py:1103: InsecureRequestWarning: Unverified HTTPS request is being made to host 'randomuser.me'. Adding certificate verification is strongly advised. See: https://urllib3.readthedocs.io/en/latest/advanced-usage.html#tls-warnings
  warnings.warn(</msg>
<msg time="2024-04-17T02:24:39.240995" level="INFO">${response} = &lt;Response [200]&gt;</msg>
<var>${response}</var>
<arg>consultarAPI</arg>
<arg>/api</arg>
<doc>Sends a GET request on a previously created HTTP Session.</doc>
<status status="PASS" start="2024-04-17T02:24:39.142811" elapsed="0.098233"/>
</kw>
<kw name="Set Variable" owner="BuiltIn">
<msg time="2024-04-17T02:24:39.242152" level="INFO">${json_data} = {'results': [{'gender': 'male', 'name': {'title': 'Mr', 'first': 'Felix', 'last': 'Gibson'}, 'location': {'street': {'number': 6904, 'name': 'Poplar Dr'}, 'city': 'Tweed', 'state': 'Queensland', 'coun...</msg>
<var>${json_data}</var>
<arg>${response.json()}</arg>
<doc>Returns the given values which can then be assigned to a variables.</doc>
<status status="PASS" start="2024-04-17T02:24:39.241552" elapsed="0.000629"/>
</kw>
<kw name="Log" owner="BuiltIn">
<msg time="2024-04-17T02:24:39.242691" level="INFO">{'results': [{'gender': 'male', 'name': {'title': 'Mr', 'first': 'Felix', 'last': 'Gibson'}, 'location': {'street': {'number': 6904, 'name': 'Poplar Dr'}, 'city': 'Tweed', 'state': 'Queensland', 'country': 'Australia', 'postcode': 9973, 'coordinates': {'latitude': '-88.7695', 'longitude': '-99.2807'}, 'timezone': {'offset': '-10:00', 'description': 'Hawaii'}}, 'email': 'felix.gibson@example.com', 'login': {'uuid': '541bae76-5a85-4f43-934b-b1d6edcdf43d', 'username': 'crazypeacock759', 'password': 'cancun', 'salt': 'uPIt8roJ', 'md5': '481b590932dd901f5a33f5102b9cfa90', 'sha1': '26b0f85e4145ad8c8e04edbf13c310fffd8a956d', 'sha256': 'da93ded5b04330c19d3221ba4e9d579b739d78ead3cbe0d058b002cd3d21ad52'}, 'dob': {'date': '1948-10-10T09:16:31.934Z', 'age': 75}, 'registered': {'date': '2019-10-28T04:51:32.235Z', 'age': 4}, 'phone': '09-8889-2289', 'cell': '0440-556-865', 'id': {'name': 'TFN', 'value': '394140686'}, 'picture': {'large': 'https://randomuser.me/api/portraits/men/43.jpg', 'medium': 'https://randomuser.me/api/portraits/med/men/43.jpg', 'thumbnail': 'https://randomuser.me/api/portraits/thumb/men/43.jpg'}, 'nat': 'AU'}], 'info': {'seed': 'c51d2902374df39b', 'results': 1, 'page': 1, 'version': '1.4'}}</msg>
<arg>${json_data}</arg>
<doc>Logs the given message with the given level.</doc>
<status status="PASS" start="2024-04-17T02:24:39.242532" elapsed="0.000207"/>
</kw>
<kw name="Dictionary Should Contain Key" owner="Collections">
<msg time="2024-04-17T02:24:39.243229" level="INFO">False</msg>
<arg>${json_data}</arg>
<arg>results</arg>
<doc>Fails if ``key`` is not found from ``dictionary``.</doc>
<status status="PASS" start="2024-04-17T02:24:39.243070" elapsed="0.000198"/>
</kw>
<kw name="Should Not Be Empty" owner="BuiltIn">
<msg time="2024-04-17T02:24:39.243696" level="INFO">Length is 2.</msg>
<arg>${json_data}</arg>
<doc>Verifies that the given item is not empty.</doc>
<status status="PASS" start="2024-04-17T02:24:39.243565" elapsed="0.000170"/>
</kw>
<kw name="Create List" owner="BuiltIn">
<msg time="2024-04-17T02:24:39.244360" level="INFO">${expected_keys} = ['gender', 'name', 'location', 'email', 'login']</msg>
<var>${expected_keys}</var>
<arg>gender</arg>
<arg>name</arg>
<arg>location</arg>
<arg>email</arg>
<arg>login</arg>
<doc>Returns a list containing given items.</doc>
<status status="PASS" start="2024-04-17T02:24:39.244024" elapsed="0.000378"/>
</kw>
<for flavor="IN">
<iter>
<kw name="Dictionary Should Contain Key" owner="Collections">
<msg time="2024-04-17T02:24:39.245732" level="INFO">False</msg>
<arg>${json_data['results'][0]}</arg>
<arg>${key}</arg>
<doc>Fails if ``key`` is not found from ``dictionary``.</doc>
<status status="PASS" start="2024-04-17T02:24:39.245291" elapsed="0.000479"/>
</kw>
<kw name="Log" owner="BuiltIn">
<msg time="2024-04-17T02:24:39.246467" level="INFO">{'gender': 'male', 'name': {'title': 'Mr', 'first': 'Felix', 'last': 'Gibson'}, 'location': {'street': {'number': 6904, 'name': 'Poplar Dr'}, 'city': 'Tweed', 'state': 'Queensland', 'country': 'Australia', 'postcode': 9973, 'coordinates': {'latitude': '-88.7695', 'longitude': '-99.2807'}, 'timezone': {'offset': '-10:00', 'description': 'Hawaii'}}, 'email': 'felix.gibson@example.com', 'login': {'uuid': '541bae76-5a85-4f43-934b-b1d6edcdf43d', 'username': 'crazypeacock759', 'password': 'cancun', 'salt': 'uPIt8roJ', 'md5': '481b590932dd901f5a33f5102b9cfa90', 'sha1': '26b0f85e4145ad8c8e04edbf13c310fffd8a956d', 'sha256': 'da93ded5b04330c19d3221ba4e9d579b739d78ead3cbe0d058b002cd3d21ad52'}, 'dob': {'date': '1948-10-10T09:16:31.934Z', 'age': 75}, 'registered': {'date': '2019-10-28T04:51:32.235Z', 'age': 4}, 'phone': '09-8889-2289', 'cell': '0440-556-865', 'id': {'name': 'TFN', 'value': '394140686'}, 'picture': {'large': 'https://randomuser.me/api/portraits/men/43.jpg', 'medium': 'https://randomuser.me/api/portraits/med/men/43.jpg', 'thumbnail': 'https://randomuser.me/api/portraits/thumb/men/43.jpg'}, 'nat': 'AU'}</msg>
<arg>${json_data['results'][0]}</arg>
<doc>Logs the given message with the given level.</doc>
<status status="PASS" start="2024-04-17T02:24:39.246075" elapsed="0.000442"/>
</kw>
<kw name="Log" owner="BuiltIn">
<msg time="2024-04-17T02:24:39.246955" level="INFO">gender</msg>
<arg>${key}</arg>
<doc>Logs the given message with the given level.</doc>
<status status="PASS" start="2024-04-17T02:24:39.246823" elapsed="0.000170"/>
</kw>
<var name="${key}">gender</var>
<status status="PASS" start="2024-04-17T02:24:39.245089" elapsed="0.002124"/>
</iter>
<iter>
<kw name="Dictionary Should Contain Key" owner="Collections">
<msg time="2024-04-17T02:24:39.247904" level="INFO">False</msg>
<arg>${json_data['results'][0]}</arg>
<arg>${key}</arg>
<doc>Fails if ``key`` is not found from ``dictionary``.</doc>
<status status="PASS" start="2024-04-17T02:24:39.247515" elapsed="0.000427"/>
</kw>
<kw name="Log" owner="BuiltIn">
<msg time="2024-04-17T02:24:39.248628" level="INFO">{'gender': 'male', 'name': {'title': 'Mr', 'first': 'Felix', 'last': 'Gibson'}, 'location': {'street': {'number': 6904, 'name': 'Poplar Dr'}, 'city': 'Tweed', 'state': 'Queensland', 'country': 'Australia', 'postcode': 9973, 'coordinates': {'latitude': '-88.7695', 'longitude': '-99.2807'}, 'timezone': {'offset': '-10:00', 'description': 'Hawaii'}}, 'email': 'felix.gibson@example.com', 'login': {'uuid': '541bae76-5a85-4f43-934b-b1d6edcdf43d', 'username': 'crazypeacock759', 'password': 'cancun', 'salt': 'uPIt8roJ', 'md5': '481b590932dd901f5a33f5102b9cfa90', 'sha1': '26b0f85e4145ad8c8e04edbf13c310fffd8a956d', 'sha256': 'da93ded5b04330c19d3221ba4e9d579b739d78ead3cbe0d058b002cd3d21ad52'}, 'dob': {'date': '1948-10-10T09:16:31.934Z', 'age': 75}, 'registered': {'date': '2019-10-28T04:51:32.235Z', 'age': 4}, 'phone': '09-8889-2289', 'cell': '0440-556-865', 'id': {'name': 'TFN', 'value': '394140686'}, 'picture': {'large': 'https://randomuser.me/api/portraits/men/43.jpg', 'medium': 'https://randomuser.me/api/portraits/med/men/43.jpg', 'thumbnail': 'https://randomuser.me/api/portraits/thumb/men/43.jpg'}, 'nat': 'AU'}</msg>
<arg>${json_data['results'][0]}</arg>
<doc>Logs the given message with the given level.</doc>
<status status="PASS" start="2024-04-17T02:24:39.248268" elapsed="0.000408"/>
</kw>
<kw name="Log" owner="BuiltIn">
<msg time="2024-04-17T02:24:39.249105" level="INFO">name</msg>
<arg>${key}</arg>
<doc>Logs the given message with the given level.</doc>
<status status="PASS" start="2024-04-17T02:24:39.248976" elapsed="0.000168"/>
</kw>
<var name="${key}">name</var>
<status status="PASS" start="2024-04-17T02:24:39.247400" elapsed="0.001964"/>
</iter>
<iter>
<kw name="Dictionary Should Contain Key" owner="Collections">
<msg time="2024-04-17T02:24:39.250027" level="INFO">False</msg>
<arg>${json_data['results'][0]}</arg>
<arg>${key}</arg>
<doc>Fails if ``key`` is not found from ``dictionary``.</doc>
<status status="PASS" start="2024-04-17T02:24:39.249654" elapsed="0.000410"/>
</kw>
<kw name="Log" owner="BuiltIn">
<msg time="2024-04-17T02:24:39.250761" level="INFO">{'gender': 'male', 'name': {'title': 'Mr', 'first': 'Felix', 'last': 'Gibson'}, 'location': {'street': {'number': 6904, 'name': 'Poplar Dr'}, 'city': 'Tweed', 'state': 'Queensland', 'country': 'Australia', 'postcode': 9973, 'coordinates': {'latitude': '-88.7695', 'longitude': '-99.2807'}, 'timezone': {'offset': '-10:00', 'description': 'Hawaii'}}, 'email': 'felix.gibson@example.com', 'login': {'uuid': '541bae76-5a85-4f43-934b-b1d6edcdf43d', 'username': 'crazypeacock759', 'password': 'cancun', 'salt': 'uPIt8roJ', 'md5': '481b590932dd901f5a33f5102b9cfa90', 'sha1': '26b0f85e4145ad8c8e04edbf13c310fffd8a956d', 'sha256': 'da93ded5b04330c19d3221ba4e9d579b739d78ead3cbe0d058b002cd3d21ad52'}, 'dob': {'date': '1948-10-10T09:16:31.934Z', 'age': 75}, 'registered': {'date': '2019-10-28T04:51:32.235Z', 'age': 4}, 'phone': '09-8889-2289', 'cell': '0440-556-865', 'id': {'name': 'TFN', 'value': '394140686'}, 'picture': {'large': 'https://randomuser.me/api/portraits/men/43.jpg', 'medium': 'https://randomuser.me/api/portraits/med/men/43.jpg', 'thumbnail': 'https://randomuser.me/api/portraits/thumb/men/43.jpg'}, 'nat': 'AU'}</msg>
<arg>${json_data['results'][0]}</arg>
<doc>Logs the given message with the given level.</doc>
<status status="PASS" start="2024-04-17T02:24:39.250387" elapsed="0.000421"/>
</kw>
<kw name="Log" owner="BuiltIn">
<msg time="2024-04-17T02:24:39.251242" level="INFO">location</msg>
<arg>${key}</arg>
<doc>Logs the given message with the given level.</doc>
<status status="PASS" start="2024-04-17T02:24:39.251108" elapsed="0.000182"/>
</kw>
<var name="${key}">location</var>
<status status="PASS" start="2024-04-17T02:24:39.249543" elapsed="0.001962"/>
</iter>
<iter>
<kw name="Dictionary Should Contain Key" owner="Collections">
<msg time="2024-04-17T02:24:39.252168" level="INFO">False</msg>
<arg>${json_data['results'][0]}</arg>
<arg>${key}</arg>
<doc>Fails if ``key`` is not found from ``dictionary``.</doc>
<status status="PASS" start="2024-04-17T02:24:39.251787" elapsed="0.000419"/>
</kw>
<kw name="Log" owner="BuiltIn">
<msg time="2024-04-17T02:24:39.252861" level="INFO">{'gender': 'male', 'name': {'title': 'Mr', 'first': 'Felix', 'last': 'Gibson'}, 'location': {'street': {'number': 6904, 'name': 'Poplar Dr'}, 'city': 'Tweed', 'state': 'Queensland', 'country': 'Australia', 'postcode': 9973, 'coordinates': {'latitude': '-88.7695', 'longitude': '-99.2807'}, 'timezone': {'offset': '-10:00', 'description': 'Hawaii'}}, 'email': 'felix.gibson@example.com', 'login': {'uuid': '541bae76-5a85-4f43-934b-b1d6edcdf43d', 'username': 'crazypeacock759', 'password': 'cancun', 'salt': 'uPIt8roJ', 'md5': '481b590932dd901f5a33f5102b9cfa90', 'sha1': '26b0f85e4145ad8c8e04edbf13c310fffd8a956d', 'sha256': 'da93ded5b04330c19d3221ba4e9d579b739d78ead3cbe0d058b002cd3d21ad52'}, 'dob': {'date': '1948-10-10T09:16:31.934Z', 'age': 75}, 'registered': {'date': '2019-10-28T04:51:32.235Z', 'age': 4}, 'phone': '09-8889-2289', 'cell': '0440-556-865', 'id': {'name': 'TFN', 'value': '394140686'}, 'picture': {'large': 'https://randomuser.me/api/portraits/men/43.jpg', 'medium': 'https://randomuser.me/api/portraits/med/men/43.jpg', 'thumbnail': 'https://randomuser.me/api/portraits/thumb/men/43.jpg'}, 'nat': 'AU'}</msg>
<arg>${json_data['results'][0]}</arg>
<doc>Logs the given message with the given level.</doc>
<status status="PASS" start="2024-04-17T02:24:39.252504" elapsed="0.000405"/>
</kw>
<kw name="Log" owner="BuiltIn">
<msg time="2024-04-17T02:24:39.253329" level="INFO">email</msg>
<arg>${key}</arg>
<doc>Logs the given message with the given level.</doc>
<status status="PASS" start="2024-04-17T02:24:39.253201" elapsed="0.000166"/>
</kw>
<var name="${key}">email</var>
<status status="PASS" start="2024-04-17T02:24:39.251677" elapsed="0.001905"/>
</iter>
<iter>
<kw name="Dictionary Should Contain Key" owner="Collections">
<msg time="2024-04-17T02:24:39.254539" level="INFO">False</msg>
<arg>${json_data['results'][0]}</arg>
<arg>${key}</arg>
<doc>Fails if ``key`` is not found from ``dictionary``.</doc>
<status status="PASS" start="2024-04-17T02:24:39.253871" elapsed="0.000720"/>
</kw>
<kw name="Log" owner="BuiltIn">
<msg time="2024-04-17T02:24:39.255399" level="INFO">{'gender': 'male', 'name': {'title': 'Mr', 'first': 'Felix', 'last': 'Gibson'}, 'location': {'street': {'number': 6904, 'name': 'Poplar Dr'}, 'city': 'Tweed', 'state': 'Queensland', 'country': 'Australia', 'postcode': 9973, 'coordinates': {'latitude': '-88.7695', 'longitude': '-99.2807'}, 'timezone': {'offset': '-10:00', 'description': 'Hawaii'}}, 'email': 'felix.gibson@example.com', 'login': {'uuid': '541bae76-5a85-4f43-934b-b1d6edcdf43d', 'username': 'crazypeacock759', 'password': 'cancun', 'salt': 'uPIt8roJ', 'md5': '481b590932dd901f5a33f5102b9cfa90', 'sha1': '26b0f85e4145ad8c8e04edbf13c310fffd8a956d', 'sha256': 'da93ded5b04330c19d3221ba4e9d579b739d78ead3cbe0d058b002cd3d21ad52'}, 'dob': {'date': '1948-10-10T09:16:31.934Z', 'age': 75}, 'registered': {'date': '2019-10-28T04:51:32.235Z', 'age': 4}, 'phone': '09-8889-2289', 'cell': '0440-556-865', 'id': {'name': 'TFN', 'value': '394140686'}, 'picture': {'large': 'https://randomuser.me/api/portraits/men/43.jpg', 'medium': 'https://randomuser.me/api/portraits/med/men/43.jpg', 'thumbnail': 'https://randomuser.me/api/portraits/thumb/men/43.jpg'}, 'nat': 'AU'}</msg>
<arg>${json_data['results'][0]}</arg>
<doc>Logs the given message with the given level.</doc>
<status status="PASS" start="2024-04-17T02:24:39.255011" elapsed="0.000436"/>
</kw>
<kw name="Log" owner="BuiltIn">
<msg time="2024-04-17T02:24:39.255875" level="INFO">login</msg>
<arg>${key}</arg>
<doc>Logs the given message with the given level.</doc>
<status status="PASS" start="2024-04-17T02:24:39.255747" elapsed="0.000166"/>
</kw>
<var name="${key}">login</var>
<status status="PASS" start="2024-04-17T02:24:39.253755" elapsed="0.002375"/>
</iter>
<var>${key}</var>
<value>@{expected_keys}</value>
<status status="PASS" start="2024-04-17T02:24:39.244817" elapsed="0.011433"/>
</for>
<kw name="Create List" owner="BuiltIn">
<msg time="2024-04-17T02:24:39.256614" level="INFO">${expected_keysTwo} = ['username', 'password']</msg>
<var>${expected_keysTwo}</var>
<arg>username</arg>
<arg>password</arg>
<doc>Returns a list containing given items.</doc>
<status status="PASS" start="2024-04-17T02:24:39.256474" elapsed="0.000165"/>
</kw>
<for flavor="IN">
<iter>
<kw name="Dictionary Should Contain Key" owner="Collections">
<msg time="2024-04-17T02:24:39.257532" level="INFO">False</msg>
<arg>${json_data['results'][0]['login']}</arg>
<arg>${keyTwo}</arg>
<doc>Fails if ``key`` is not found from ``dictionary``.</doc>
<status status="PASS" start="2024-04-17T02:24:39.257140" elapsed="0.000430"/>
</kw>
<kw name="Dictionary Should Contain Key" owner="Collections">
<msg time="2024-04-17T02:24:39.258249" level="INFO">False</msg>
<arg>${json_data['results'][0]['login']}</arg>
<arg>${keyTwo}</arg>
<doc>Fails if ``key`` is not found from ``dictionary``.</doc>
<status status="PASS" start="2024-04-17T02:24:39.257864" elapsed="0.000459"/>
</kw>
<kw name="Log" owner="BuiltIn">
<msg time="2024-04-17T02:24:39.258965" level="INFO">username</msg>
<arg>${keyTwo}</arg>
<doc>Logs the given message with the given level.</doc>
<status status="PASS" start="2024-04-17T02:24:39.258777" elapsed="0.000250"/>
</kw>
<var name="${keyTwo}">username</var>
<status status="PASS" start="2024-04-17T02:24:39.257029" elapsed="0.002325"/>
</iter>
<iter>
<kw name="Dictionary Should Contain Key" owner="Collections">
<msg time="2024-04-17T02:24:39.260168" level="INFO">False</msg>
<arg>${json_data['results'][0]['login']}</arg>
<arg>${keyTwo}</arg>
<doc>Fails if ``key`` is not found from ``dictionary``.</doc>
<status status="PASS" start="2024-04-17T02:24:39.259765" elapsed="0.000443"/>
</kw>
<kw name="Dictionary Should Contain Key" owner="Collections">
<msg time="2024-04-17T02:24:39.260981" level="INFO">False</msg>
<arg>${json_data['results'][0]['login']}</arg>
<arg>${keyTwo}</arg>
<doc>Fails if ``key`` is not found from ``dictionary``.</doc>
<status status="PASS" start="2024-04-17T02:24:39.260513" elapsed="0.000507"/>
</kw>
<kw name="Log" owner="BuiltIn">
<msg time="2024-04-17T02:24:39.261462" level="INFO">password</msg>
<arg>${keyTwo}</arg>
<doc>Logs the given message with the given level.</doc>
<status status="PASS" start="2024-04-17T02:24:39.261330" elapsed="0.000170"/>
</kw>
<var name="${keyTwo}">password</var>
<status status="PASS" start="2024-04-17T02:24:39.259619" elapsed="0.002101"/>
</iter>
<var>${keyTwo}</var>
<value>@{expected_keysTwo}</value>
<status status="PASS" start="2024-04-17T02:24:39.256877" elapsed="0.004966"/>
</for>
<status status="PASS" start="2024-04-17T02:24:39.142568" elapsed="0.119414"/>
</kw>
<doc>Testa a estrutura da resposta da API.</doc>
<tag>testeEstruturaResposta</tag>
<status status="PASS" start="2024-04-17T02:24:39.141944" elapsed="0.120191"/>
</test>
<test id="s1-s1-t4" name="Validar tipos de dados" line="28">
<kw name="Teste de Tipos de Dados" owner="random-user-service">
<kw name="GET On Session" owner="RequestsLibrary">
<msg time="2024-04-17T02:24:39.378482" level="INFO">GET Request : url=https://randomuser.me/api 
 path_url=/api 
 headers={'User-Agent': 'python-requests/2.31.0', 'Accept-Encoding': 'gzip, deflate', 'Accept': '*/*', 'Connection': 'keep-alive'} 
 body=None 
 </msg>
<msg time="2024-04-17T02:24:39.378555" level="INFO">GET Response : url=https://randomuser.me/api 
 status=200, reason=OK 
 headers={'Date': 'Wed, 17 Apr 2024 02:24:39 GMT', 'Content-Type': 'application/json; charset=utf-8', 'Transfer-Encoding': 'chunked', 'Connection': 'keep-alive', 'X-Powered-By': 'Express', 'Access-Control-Allow-Origin': '*', 'Cache-Control': 'no-cache', 'ETag': 'W/"499-6eXj7ueGrImN9dLBCTcMYtfJs3E"', 'Vary': 'Accept-Encoding', 'Content-Encoding': 'gzip', 'CF-Cache-Status': 'DYNAMIC', 'Report-To': '{"endpoints":[{"url":"https:\\/\\/a.nel.cloudflare.com\\/report\\/v4?s=1epcE%2BJmaIM5mlQRz%2BheDQC44u%2BZLQdP55rnViBHHzLA5O4n81qyRSWWpMoO3YkHcbkt%2FxBb4uNom%2FNvKsxPSY18F9VnDcN18XKsMUowNymT1PMYXItbxKdJTJrP%2FeWx"}],"group":"cf-nel","max_age":604800}', 'NEL': '{"success_fraction":0,"report_to":"cf-nel","max_age":604800}', 'Server': 'cloudflare', 'CF-RAY': '8758f5c5683f6a27-LAX', 'alt-svc': 'h3=":443"; ma=86400'} 
 body={"results":[{"gender":"male","name":{"title":"Mr","first":"Porfirio","last":"Iglesias"},"location":{"street":{"number":7843,"name":"Continuación Baja California Sur"},"city":"Betania","state":"Colima","country":"Mexico","postcode":80558,"coordinates":{"latitude":"21.6692","longitude":"-108.4427"},"timezone":{"offset":"-11:00","description":"Midway Island, Samoa"}},"email":"porfirio.iglesias@example.com","login":{"uuid":"c70c614c-2f05-4fbe-be73-ccf1942d2ebf","username":"lazyduck822","password":"toledo","salt":"i0ct8S4S","md5":"df44dad0eb21077ede1c8e76f8ebe0ec","sha1":"0383491e6b6194e4867b54a2e01e54357db61d8e","sha256":"9969038442eceb5399bd6234037c3887b814bed393f140c9bf1794fdb4c52deb"},"dob":{"date":"1987-08-18T15:48:46.640Z","age":36},"registered":{"date":"2021-12-31T04:01:53.824Z","age":2},"phone":"(652) 181 8795","cell":"(618) 902 0830","id":{"name":"NSS","value":"54 57 89 8405 7"},"picture":{"large":"https://randomuser.me/api/portraits/men/9.jpg","medium":"https://randomuser.me/api/portraits/med/men/9.jpg","thumbnail":"https://randomuser.me/api/portraits/thumb/men/9.jpg"},"nat":"MX"}],"info":{"seed":"f8067c1354be6ac6","results":1,"page":1,"version":"1.4"}} 
 </msg>
<msg time="2024-04-17T02:24:39.378615" level="INFO">/opt/hostedtoolcache/Python/3.12.2/x64/lib/python3.12/site-packages/urllib3/connectionpool.py:1103: InsecureRequestWarning: Unverified HTTPS request is being made to host 'randomuser.me'. Adding certificate verification is strongly advised. See: https://urllib3.readthedocs.io/en/latest/advanced-usage.html#tls-warnings
  warnings.warn(</msg>
<msg time="2024-04-17T02:24:39.378707" level="INFO">${response} = &lt;Response [200]&gt;</msg>
<var>${response}</var>
<arg>consultarAPI</arg>
<arg>/api</arg>
<doc>Sends a GET request on a previously created HTTP Session.</doc>
<status status="PASS" start="2024-04-17T02:24:39.264673" elapsed="0.114075"/>
</kw>
<kw name="Set Variable" owner="BuiltIn">
<msg time="2024-04-17T02:24:39.379922" level="INFO">${json_data} = {'results': [{'gender': 'male', 'name': {'title': 'Mr', 'first': 'Porfirio', 'last': 'Iglesias'}, 'location': {'street': {'number': 7843, 'name': 'Continuación Baja California Sur'}, 'city': 'Betania'...</msg>
<var>${json_data}</var>
<arg>${response.json()}</arg>
<doc>Returns the given values which can then be assigned to a variables.</doc>
<status status="PASS" start="2024-04-17T02:24:39.379234" elapsed="0.000723"/>
</kw>
<kw name="Log" owner="BuiltIn">
<msg time="2024-04-17T02:24:39.380453" level="INFO">{'results': [{'gender': 'male', 'name': {'title': 'Mr', 'first': 'Porfirio', 'last': 'Iglesias'}, 'location': {'street': {'number': 7843, 'name': 'Continuación Baja California Sur'}, 'city': 'Betania', 'state': 'Colima', 'country': 'Mexico', 'postcode': 80558, 'coordinates': {'latitude': '21.6692', 'longitude': '-108.4427'}, 'timezone': {'offset': '-11:00', 'description': 'Midway Island, Samoa'}}, 'email': 'porfirio.iglesias@example.com', 'login': {'uuid': 'c70c614c-2f05-4fbe-be73-ccf1942d2ebf', 'username': 'lazyduck822', 'password': 'toledo', 'salt': 'i0ct8S4S', 'md5': 'df44dad0eb21077ede1c8e76f8ebe0ec', 'sha1': '0383491e6b6194e4867b54a2e01e54357db61d8e', 'sha256': '9969038442eceb5399bd6234037c3887b814bed393f140c9bf1794fdb4c52deb'}, 'dob': {'date': '1987-08-18T15:48:46.640Z', 'age': 36}, 'registered': {'date': '2021-12-31T04:01:53.824Z', 'age': 2}, 'phone': '(652) 181 8795', 'cell': '(618) 902 0830', 'id': {'name': 'NSS', 'value': '54 57 89 8405 7'}, 'picture': {'large': 'https://randomuser.me/api/portraits/men/9.jpg', 'medium': 'https://randomuser.me/api/portraits/med/men/9.jpg', 'thumbnail': 'https://randomuser.me/api/portraits/thumb/men/9.jpg'}, 'nat': 'MX'}], 'info': {'seed': 'f8067c1354be6ac6', 'results': 1, 'page': 1, 'version': '1.4'}}</msg>
<arg>${json_data}</arg>
<doc>Logs the given message with the given level.</doc>
<status status="PASS" start="2024-04-17T02:24:39.380289" elapsed="0.000213"/>
</kw>
<kw name="Should Be String" owner="String">
<arg>${json_data['results'][0]['gender']}</arg>
<doc>Fails if the given ``item`` is not a string.</doc>
<status status="PASS" start="2024-04-17T02:24:39.380825" elapsed="0.000370"/>
</kw>
<kw name="Should Match Regexp" owner="BuiltIn">
<arg>${json_data['results'][0]['email']}</arg>
<arg>^[a-zA-Z0-9._%+-]+@[a-zA-Z0-9.-]+\.[a-zA-Z]{2,}$</arg>
<doc>Fails if ``string`` does not match ``pattern`` as a regular expression.</doc>
<status status="PASS" start="2024-04-17T02:24:39.381385" elapsed="0.000501"/>
</kw>
<kw name="Should Match Regexp" owner="BuiltIn">
<arg>${json_data['results'][0]['dob']['date']}</arg>
<arg>\\d{4}-\\d{2}-\\d{2}T\\d{2}:\\d{2}:\\d{2}\\.\\d{3}Z</arg>
<doc>Fails if ``string`` does not match ``pattern`` as a regular expression.</doc>
<status status="PASS" start="2024-04-17T02:24:39.382079" elapsed="0.000536"/>
</kw>
<kw name="Should Match Regexp" owner="BuiltIn">
<arg>${json_data['results'][0]['registered']['date']}</arg>
<arg>\\d{4}-\\d{2}-\\d{2}T\\d{2}:\\d{2}:\\d{2}\\.\\d{3}Z</arg>
<doc>Fails if ``string`` does not match ``pattern`` as a regular expression.</doc>
<status status="PASS" start="2024-04-17T02:24:39.382807" elapsed="0.000368"/>
</kw>
<kw name="Should Match Regexp" owner="BuiltIn">
<arg>${json_data['results'][0]['picture']['large']}</arg>
<arg>^https?://.*\.(?:png|jpe?g|gif|bmp)$</arg>
<doc>Fails if ``string`` does not match ``pattern`` as a regular expression.</doc>
<status status="PASS" start="2024-04-17T02:24:39.383359" elapsed="0.000450"/>
</kw>
<kw name="Should Match Regexp" owner="BuiltIn">
<arg>${json_data['results'][0]['picture']['medium']}</arg>
<arg>^https?://.*\.(?:png|jpe?g|gif|bmp)$</arg>
<doc>Fails if ``string`` does not match ``pattern`` as a regular expression.</doc>
<status status="PASS" start="2024-04-17T02:24:39.383996" elapsed="0.000345"/>
</kw>
<kw name="Should Match Regexp" owner="BuiltIn">
<arg>${json_data['results'][0]['picture']['thumbnail']}</arg>
<arg>^https?://.*\.(?:png|jpe?g|gif|bmp)$</arg>
<doc>Fails if ``string`` does not match ``pattern`` as a regular expression.</doc>
<status status="PASS" start="2024-04-17T02:24:39.384525" elapsed="0.000353"/>
</kw>
<kw name="Log" owner="BuiltIn">
<msg time="2024-04-17T02:24:39.385383" level="INFO">{'large': 'https://randomuser.me/api/portraits/men/9.jpg', 'medium': 'https://randomuser.me/api/portraits/med/men/9.jpg', 'thumbnail': 'https://randomuser.me/api/portraits/thumb/men/9.jpg'}</msg>
<arg>${json_data['results'][0]['picture']}</arg>
<doc>Logs the given message with the given level.</doc>
<status status="PASS" start="2024-04-17T02:24:39.385059" elapsed="0.000367"/>
</kw>
<status status="PASS" start="2024-04-17T02:24:39.264447" elapsed="0.121231"/>
</kw>
<kw name="Teste de Tipos de Dados - Postcode" owner="random-user-service">
<kw name="GET On Session" owner="RequestsLibrary">
<msg time="2024-04-17T02:24:39.492123" level="INFO">GET Request : url=https://randomuser.me/api 
 path_url=/api 
 headers={'User-Agent': 'python-requests/2.31.0', 'Accept-Encoding': 'gzip, deflate', 'Accept': '*/*', 'Connection': 'keep-alive'} 
 body=None 
 </msg>
<msg time="2024-04-17T02:24:39.492186" level="INFO">GET Response : url=https://randomuser.me/api 
 status=200, reason=OK 
 headers={'Date': 'Wed, 17 Apr 2024 02:24:39 GMT', 'Content-Type': 'application/json; charset=utf-8', 'Transfer-Encoding': 'chunked', 'Connection': 'keep-alive', 'X-Powered-By': 'Express', 'Access-Control-Allow-Origin': '*', 'Cache-Control': 'no-cache', 'ETag': 'W/"46e-qQtfdEvunRgPk9HN83Pb0L9O/bc"', 'Vary': 'Accept-Encoding', 'Content-Encoding': 'gzip', 'CF-Cache-Status': 'DYNAMIC', 'Report-To': '{"endpoints":[{"url":"https:\\/\\/a.nel.cloudflare.com\\/report\\/v4?s=mzcuUrrYqqbmj6w%2F57lBWorrVRtwpaVYcjMdrm%2BVhD6dg0bTVAVS4MesZ3zCHbhvWIEHYuGIfuqMsvyAbh27l5T324LWemA10OVM%2B2PpNo95921kpFdkt14guKz7EgOk"}],"group":"cf-nel","max_age":604800}', 'NEL': '{"success_fraction":0,"report_to":"cf-nel","max_age":604800}', 'Server': 'cloudflare', 'CF-RAY': '8758f5c628f46a27-LAX', 'alt-svc': 'h3=":443"; ma=86400'} 
 body={"results":[{"gender":"male","name":{"title":"Mr","first":"Juho","last":"Lampinen"},"location":{"street":{"number":361,"name":"Hämeenkatu"},"city":"Joensuu","state":"Kainuu","country":"Finland","postcode":16860,"coordinates":{"latitude":"-27.5153","longitude":"-63.4931"},"timezone":{"offset":"-10:00","description":"Hawaii"}},"email":"juho.lampinen@example.com","login":{"uuid":"67103231-9d9d-4117-a12f-fa42e1ca657b","username":"bigwolf957","password":"badger","salt":"LZLZeeDj","md5":"3a84f68f0b9c37ee121f4b598fd2d8e3","sha1":"8101b3d3dd77728918be7aab92aaffec641669c2","sha256":"bbb5931fb6100acae8f20e1541ec778b8df46d4b64f3c649f5d1603ac820dfa1"},"dob":{"date":"1981-02-23T12:41:50.658Z","age":43},"registered":{"date":"2007-12-26T16:43:42.867Z","age":16},"phone":"09-176-434","cell":"046-863-59-13","id":{"name":"HETU","value":"NaNNA103undefined"},"picture":{"large":"https://randomuser.me/api/portraits/men/12.jpg","medium":"https://randomuser.me/api/portraits/med/men/12.jpg","thumbnail":"https://randomuser.me/api/portraits/thumb/men/12.jpg"},"nat":"FI"}],"info":{"seed":"d4b82c28376b11de","results":1,"page":1,"version":"1.4"}} 
 </msg>
<msg time="2024-04-17T02:24:39.492243" level="INFO">/opt/hostedtoolcache/Python/3.12.2/x64/lib/python3.12/site-packages/urllib3/connectionpool.py:1103: InsecureRequestWarning: Unverified HTTPS request is being made to host 'randomuser.me'. Adding certificate verification is strongly advised. See: https://urllib3.readthedocs.io/en/latest/advanced-usage.html#tls-warnings
  warnings.warn(</msg>
<msg time="2024-04-17T02:24:39.492327" level="INFO">${response} = &lt;Response [200]&gt;</msg>
<var>${response}</var>
<arg>consultarAPI</arg>
<arg>/api</arg>
<doc>Sends a GET request on a previously created HTTP Session.</doc>
<status status="PASS" start="2024-04-17T02:24:39.386120" elapsed="0.106246"/>
</kw>
<kw name="Set Variable" owner="BuiltIn">
<msg time="2024-04-17T02:24:39.493423" level="INFO">${json_data} = {'results': [{'gender': 'male', 'name': {'title': 'Mr', 'first': 'Juho', 'last': 'Lampinen'}, 'location': {'street': {'number': 361, 'name': 'Hämeenkatu'}, 'city': 'Joensuu', 'state': 'Kainuu', 'count...</msg>
<var>${json_data}</var>
<arg>${response.json()}</arg>
<doc>Returns the given values which can then be assigned to a variables.</doc>
<status status="PASS" start="2024-04-17T02:24:39.492851" elapsed="0.000601"/>
</kw>
<kw name="Log" owner="BuiltIn">
<msg time="2024-04-17T02:24:39.493913" level="INFO">{'results': [{'gender': 'male', 'name': {'title': 'Mr', 'first': 'Juho', 'last': 'Lampinen'}, 'location': {'street': {'number': 361, 'name': 'Hämeenkatu'}, 'city': 'Joensuu', 'state': 'Kainuu', 'country': 'Finland', 'postcode': 16860, 'coordinates': {'latitude': '-27.5153', 'longitude': '-63.4931'}, 'timezone': {'offset': '-10:00', 'description': 'Hawaii'}}, 'email': 'juho.lampinen@example.com', 'login': {'uuid': '67103231-9d9d-4117-a12f-fa42e1ca657b', 'username': 'bigwolf957', 'password': 'badger', 'salt': 'LZLZeeDj', 'md5': '3a84f68f0b9c37ee121f4b598fd2d8e3', 'sha1': '8101b3d3dd77728918be7aab92aaffec641669c2', 'sha256': 'bbb5931fb6100acae8f20e1541ec778b8df46d4b64f3c649f5d1603ac820dfa1'}, 'dob': {'date': '1981-02-23T12:41:50.658Z', 'age': 43}, 'registered': {'date': '2007-12-26T16:43:42.867Z', 'age': 16}, 'phone': '09-176-434', 'cell': '046-863-59-13', 'id': {'name': 'HETU', 'value': 'NaNNA103undefined'}, 'picture': {'large': 'https://randomuser.me/api/portraits/men/12.jpg', 'medium': 'https://randomuser.me/api/portraits/med/men/12.jpg', 'thumbnail': 'https://randomuser.me/api/portraits/thumb/men/12.jpg'}, 'nat': 'FI'}], 'info': {'seed': 'd4b82c28376b11de', 'results': 1, 'page': 1, 'version': '1.4'}}</msg>
<arg>${json_data}</arg>
<doc>Logs the given message with the given level.</doc>
<status status="PASS" start="2024-04-17T02:24:39.493757" elapsed="0.000205"/>
</kw>
<kw name="Should Be Equal As Numbers" owner="BuiltIn">
<arg>${json_data['results'][0]['location']['postcode']}</arg>
<arg>${json_data['results'][0]['location']['postcode']}</arg>
<doc>Fails if objects are unequal after converting them to real numbers.</doc>
<status status="PASS" start="2024-04-17T02:24:39.494256" elapsed="0.000776"/>
</kw>
<kw name="Log" owner="BuiltIn">
<msg time="2024-04-17T02:24:39.495597" level="INFO">16860</msg>
<arg>${json_data['results'][0]['location']['postcode']}</arg>
<doc>Logs the given message with the given level.</doc>
<status status="PASS" start="2024-04-17T02:24:39.495259" elapsed="0.000378"/>
</kw>
<status status="PASS" start="2024-04-17T02:24:39.385894" elapsed="0.109992"/>
</kw>
<doc>Testa se os tipos de dados na resposta da API estão corretos.</doc>
<tag>testeTiposDados</tag>
<status status="PASS" start="2024-04-17T02:24:39.263926" elapsed="0.232115"/>
</test>
<test id="s1-s1-t5" name="Validar conteudo" line="35">
<kw name="Teste de Tipos de Conteudo" owner="random-user-service">
<kw name="GET On Session" owner="RequestsLibrary">
<msg time="2024-04-17T02:24:39.614845" level="INFO">GET Request : url=https://randomuser.me/api 
 path_url=/api 
 headers={'User-Agent': 'python-requests/2.31.0', 'Accept-Encoding': 'gzip, deflate', 'Accept': '*/*', 'Connection': 'keep-alive'} 
 body=None 
 </msg>
<msg time="2024-04-17T02:24:39.614933" level="INFO">GET Response : url=https://randomuser.me/api 
 status=200, reason=OK 
 headers={'Date': 'Wed, 17 Apr 2024 02:24:39 GMT', 'Content-Type': 'application/json; charset=utf-8', 'Transfer-Encoding': 'chunked', 'Connection': 'keep-alive', 'X-Powered-By': 'Express', 'Access-Control-Allow-Origin': '*', 'Cache-Control': 'no-cache', 'ETag': 'W/"48b-OX1iPqa5DOfENE8XtthZsqDRNt4"', 'Vary': 'Accept-Encoding', 'Content-Encoding': 'gzip', 'CF-Cache-Status': 'DYNAMIC', 'Report-To': '{"endpoints":[{"url":"https:\\/\\/a.nel.cloudflare.com\\/report\\/v4?s=1if5PGmTz%2Bg68VoF%2BI0a5NaNJeSTCwmDmmjydTISs3ABv9F2Xjz8BxvlSvABQKc8%2FJ5tiSRLLs5dxnOLUwwUcovyKujyLY3m3IYkbN5ZXVCXxelkXkIjHKr1bzmq1zaR"}],"group":"cf-nel","max_age":604800}', 'NEL': '{"success_fraction":0,"report_to":"cf-nel","max_age":604800}', 'Server': 'cloudflare', 'CF-RAY': '8758f5c6e9df6a27-LAX', 'alt-svc': 'h3=":443"; ma=86400'} 
 body={"results":[{"gender":"male","name":{"title":"Mr","first":"Ewen","last":"Lecomte"},"location":{"street":{"number":898,"name":"Place de L'Église"},"city":"Rueil-Malmaison","state":"Hérault","country":"France","postcode":20085,"coordinates":{"latitude":"-12.8962","longitude":"-35.3997"},"timezone":{"offset":"+9:30","description":"Adelaide, Darwin"}},"email":"ewen.lecomte@example.com","login":{"uuid":"48e13c71-3a51-40c1-82a2-c12f63c55c47","username":"redcat804","password":"business","salt":"lNvhdXft","md5":"e577caef9ec83c315676067e3de1a2c1","sha1":"160ed235f809fba9b02f333f4ee450285b9a1c46","sha256":"c66300ac4258e22d0c3ef9f44716f7f0388bc8ca16dbf7e0c30b85360fdb40d6"},"dob":{"date":"1949-04-16T21:35:20.063Z","age":75},"registered":{"date":"2005-11-28T20:34:51.888Z","age":18},"phone":"02-17-33-72-43","cell":"06-24-72-08-47","id":{"name":"INSEE","value":"1490357700566 03"},"picture":{"large":"https://randomuser.me/api/portraits/men/99.jpg","medium":"https://randomuser.me/api/portraits/med/men/99.jpg","thumbnail":"https://randomuser.me/api/portraits/thumb/men/99.jpg"},"nat":"FR"}],"info":{"seed":"29651b1ba8a06bd5","results":1,"page":1,"version":"1.4"}} 
 </msg>
<msg time="2024-04-17T02:24:39.614998" level="INFO">/opt/hostedtoolcache/Python/3.12.2/x64/lib/python3.12/site-packages/urllib3/connectionpool.py:1103: InsecureRequestWarning: Unverified HTTPS request is being made to host 'randomuser.me'. Adding certificate verification is strongly advised. See: https://urllib3.readthedocs.io/en/latest/advanced-usage.html#tls-warnings
  warnings.warn(</msg>
<msg time="2024-04-17T02:24:39.615096" level="INFO">${response} = &lt;Response [200]&gt;</msg>
<var>${response}</var>
<arg>consultarAPI</arg>
<arg>/api</arg>
<doc>Sends a GET request on a previously created HTTP Session.</doc>
<status status="PASS" start="2024-04-17T02:24:39.498484" elapsed="0.116656"/>
</kw>
<kw name="Set Variable" owner="BuiltIn">
<msg time="2024-04-17T02:24:39.616301" level="INFO">${json_data} = {'results': [{'gender': 'male', 'name': {'title': 'Mr', 'first': 'Ewen', 'last': 'Lecomte'}, 'location': {'street': {'number': 898, 'name': "Place de L'Église"}, 'city': 'Rueil-Malmaison', 'state': 'H...</msg>
<var>${json_data}</var>
<arg>${response.json()}</arg>
<doc>Returns the given values which can then be assigned to a variables.</doc>
<status status="PASS" start="2024-04-17T02:24:39.615648" elapsed="0.000683"/>
</kw>
<kw name="Set Variable" owner="BuiltIn">
<msg time="2024-04-17T02:24:39.617013" level="INFO">${name_title} = Mr</msg>
<var>${name_title}</var>
<arg>${json_data["results"][0]["name"]["title"]}</arg>
<doc>Returns the given values which can then be assigned to a variables.</doc>
<status status="PASS" start="2024-04-17T02:24:39.616635" elapsed="0.000403"/>
</kw>
<kw name="Create List" owner="BuiltIn">
<msg time="2024-04-17T02:24:39.617479" level="INFO">${allowed_titles} = ['Mr', 'Ms', 'Miss', 'Mrs', 'Madame', 'Monsieur']</msg>
<var>${allowed_titles}</var>
<arg>Mr</arg>
<arg>Ms</arg>
<arg>Miss</arg>
<arg>Mrs</arg>
<arg>Madame</arg>
<arg>Monsieur</arg>
<doc>Returns a list containing given items.</doc>
<status status="PASS" start="2024-04-17T02:24:39.617333" elapsed="0.000170"/>
</kw>
<kw name="List Should Contain Value" owner="Collections">
<msg time="2024-04-17T02:24:39.617977" level="INFO">False</msg>
<arg>${allowed_titles}</arg>
<arg>${name_title}</arg>
<doc>Fails if the ``value`` is not found from ``list``.</doc>
<status status="PASS" start="2024-04-17T02:24:39.617808" elapsed="0.000205"/>
</kw>
<kw name="Set Variable" owner="BuiltIn">
<msg time="2024-04-17T02:24:39.618709" level="INFO">${name_country} = FR</msg>
<var>${name_country}</var>
<arg>${json_data["results"][0]["nat"]}</arg>
<doc>Returns the given values which can then be assigned to a variables.</doc>
<status status="PASS" start="2024-04-17T02:24:39.618299" elapsed="0.000436"/>
</kw>
<kw name="Create List" owner="BuiltIn">
<msg time="2024-04-17T02:24:39.619638" level="INFO">${list_country} = ['AD', 'AE', 'AF', 'AG', 'AI', 'AL', 'AM', 'AO', 'AQ', 'AR', 'AS', 'AT', 'AU', 'AW', 'AX', 'AZ', 'BA', 'BB', 'BD', 'BE', 'BF', 'BG', 'BH', 'BI', 'BJ', 'BL', 'BM', 'BN', 'BO', 'BQ', 'BR', 'BS', 'BT', '...</msg>
<var>${list_country}</var>
<arg>AD</arg>
<arg>AE</arg>
<arg>AF</arg>
<arg>AG</arg>
<arg>AI</arg>
<arg>AL</arg>
<arg>AM</arg>
<arg>AO</arg>
<arg>AQ</arg>
<arg>AR</arg>
<arg>AS</arg>
<arg>AT</arg>
<arg>AU</arg>
<arg>AW</arg>
<arg>AX</arg>
<arg>AZ</arg>
<arg>BA</arg>
<arg>BB</arg>
<arg>BD</arg>
<arg>BE</arg>
<arg>BF</arg>
<arg>BG</arg>
<arg>BH</arg>
<arg>BI</arg>
<arg>BJ</arg>
<arg>BL</arg>
<arg>BM</arg>
<arg>BN</arg>
<arg>BO</arg>
<arg>BQ</arg>
<arg>BR</arg>
<arg>BS</arg>
<arg>BT</arg>
<arg>BV</arg>
<arg>BW</arg>
<arg>BY</arg>
<arg>BZ</arg>
<arg>CA</arg>
<arg>CC</arg>
<arg>CD</arg>
<arg>CF</arg>
<arg>CG</arg>
<arg>CH</arg>
<arg>CI</arg>
<arg>CK</arg>
<arg>CL</arg>
<arg>CM</arg>
<arg>CN</arg>
<arg>CO</arg>
<arg>CR</arg>
<arg>CU</arg>
<arg>CV</arg>
<arg>CW</arg>
<arg>CX</arg>
<arg>CY</arg>
<arg>CZ</arg>
<arg>DE</arg>
<arg>DJ</arg>
<arg>DK</arg>
<arg>DM</arg>
<arg>DO</arg>
<arg>DZ</arg>
<arg>EC</arg>
<arg>EE</arg>
<arg>EG</arg>
<arg>EH</arg>
<arg>ER</arg>
<arg>ES</arg>
<arg>ET</arg>
<arg>FI</arg>
<arg>FJ</arg>
<arg>FK</arg>
<arg>FM</arg>
<arg>FO</arg>
<arg>FR</arg>
<arg>GA</arg>
<arg>GB</arg>
<arg>GD</arg>
<arg>GE</arg>
<arg>GF</arg>
<arg>GG</arg>
<arg>GH</arg>
<arg>GI</arg>
<arg>GL</arg>
<arg>GM</arg>
<arg>GN</arg>
<arg>GP</arg>
<arg>GQ</arg>
<arg>GR</arg>
<arg>GS</arg>
<arg>GT</arg>
<arg>GU</arg>
<arg>GW</arg>
<arg>GY</arg>
<arg>HK</arg>
<arg>HM</arg>
<arg>HN</arg>
<arg>HR</arg>
<arg>HT</arg>
<arg>HU</arg>
<arg>ID</arg>
<arg>IE</arg>
<arg>IL</arg>
<arg>IM</arg>
<arg>IN</arg>
<arg>IO</arg>
<arg>IQ</arg>
<arg>IR</arg>
<arg>IS</arg>
<arg>IT</arg>
<arg>JE</arg>
<arg>JM</arg>
<arg>JO</arg>
<arg>JP</arg>
<arg>KE</arg>
<arg>KG</arg>
<arg>KH</arg>
<arg>KI</arg>
<arg>KM</arg>
<arg>KN</arg>
<arg>KP</arg>
<arg>KR</arg>
<arg>KW</arg>
<arg>KY</arg>
<arg>KZ</arg>
<arg>LA</arg>
<arg>LB</arg>
<arg>LC</arg>
<arg>LI</arg>
<arg>LK</arg>
<arg>LR</arg>
<arg>LS</arg>
<arg>LT</arg>
<arg>LU</arg>
<arg>LV</arg>
<arg>LY</arg>
<arg>MA</arg>
<arg>MC</arg>
<arg>MD</arg>
<arg>ME</arg>
<arg>MF</arg>
<arg>MG</arg>
<arg>MH</arg>
<arg>MK</arg>
<arg>ML</arg>
<arg>MM</arg>
<arg>MN</arg>
<arg>MO</arg>
<arg>MP</arg>
<arg>MQ</arg>
<arg>MR</arg>
<arg>MS</arg>
<arg>MT</arg>
<arg>MU</arg>
<arg>MV</arg>
<arg>MW</arg>
<arg>MX</arg>
<arg>MY</arg>
<arg>MZ</arg>
<arg>NA</arg>
<arg>NC</arg>
<arg>NE</arg>
<arg>NF</arg>
<arg>NG</arg>
<arg>NI</arg>
<arg>NL</arg>
<arg>NO</arg>
<arg>NP</arg>
<arg>NR</arg>
<arg>NU</arg>
<arg>NZ</arg>
<arg>OM</arg>
<arg>PA</arg>
<arg>PE</arg>
<arg>PF</arg>
<arg>PG</arg>
<arg>PH</arg>
<arg>PK</arg>
<arg>PL</arg>
<arg>PM</arg>
<arg>PN</arg>
<arg>PR</arg>
<arg>PS</arg>
<arg>PT</arg>
<arg>PW</arg>
<arg>PY</arg>
<arg>QA</arg>
<arg>RE</arg>
<arg>RO</arg>
<arg>RS</arg>
<arg>RU</arg>
<arg>RW</arg>
<arg>SA</arg>
<arg>SB</arg>
<arg>SC</arg>
<arg>SD</arg>
<arg>SE</arg>
<arg>SG</arg>
<arg>SH</arg>
<arg>SI</arg>
<arg>SJ</arg>
<arg>SK</arg>
<arg>SL</arg>
<arg>SM</arg>
<arg>SN</arg>
<arg>SO</arg>
<arg>SR</arg>
<arg>SS</arg>
<arg>ST</arg>
<arg>SV</arg>
<arg>SX</arg>
<arg>SY</arg>
<arg>SZ</arg>
<arg>TC</arg>
<arg>TD</arg>
<arg>TF</arg>
<arg>TG</arg>
<arg>TH</arg>
<arg>TJ</arg>
<arg>TK</arg>
<arg>TL</arg>
<arg>TM</arg>
<arg>TN</arg>
<arg>TO</arg>
<arg>TR</arg>
<arg>TT</arg>
<arg>TV</arg>
<arg>TW</arg>
<arg>TZ</arg>
<arg>UA</arg>
<arg>UG</arg>
<arg>UM</arg>
<arg>US</arg>
<arg>UY</arg>
<arg>UZ</arg>
<arg>VA</arg>
<arg>VC</arg>
<arg>VE</arg>
<arg>VG</arg>
<arg>VI</arg>
<arg>VN</arg>
<arg>VU</arg>
<arg>WF</arg>
<arg>WS</arg>
<arg>XK</arg>
<arg>YE</arg>
<arg>YT</arg>
<arg>ZA</arg>
<arg>ZM</arg>
<arg>ZW</arg>
<doc>Returns a list containing given items.</doc>
<status status="PASS" start="2024-04-17T02:24:39.619036" elapsed="0.000628"/>
</kw>
<kw name="List Should Contain Value" owner="Collections">
<msg time="2024-04-17T02:24:39.620639" level="INFO">False</msg>
<arg>${list_country}</arg>
<arg>${name_country}</arg>
<doc>Fails if the ``value`` is not found from ``list``.</doc>
<status status="PASS" start="2024-04-17T02:24:39.620441" elapsed="0.000235"/>
</kw>
<kw name="Run Keyword If" owner="BuiltIn">
<kw name="Should Be True" owner="BuiltIn">
<arg>${True}</arg>
<doc>Fails if the given condition is not true.</doc>
<status status="PASS" start="2024-04-17T02:24:39.621762" elapsed="0.000146"/>
</kw>
<arg>${json_data["results"][0]["location"]["coordinates"]["latitude"]} &gt;= -90 and ${json_data["results"][0]["location"]["coordinates"]["latitude"]} &lt;= 90</arg>
<arg>Should Be True</arg>
<arg>${True}</arg>
<doc>Runs the given keyword with the given arguments, if ``condition`` is true.</doc>
<status status="PASS" start="2024-04-17T02:24:39.620986" elapsed="0.001048"/>
</kw>
<kw name="Run Keyword If" owner="BuiltIn">
<kw name="Should Be True" owner="BuiltIn">
<arg>${True}</arg>
<doc>Fails if the given condition is not true.</doc>
<status status="PASS" start="2024-04-17T02:24:39.622952" elapsed="0.000240"/>
</kw>
<arg>${json_data["results"][0]["location"]["coordinates"]["longitude"]} &gt;= -180 and ${json_data["results"][0]["location"]["coordinates"]["longitude"]} &lt;= 180</arg>
<arg>Should Be True</arg>
<arg>${True}</arg>
<doc>Runs the given keyword with the given arguments, if ``condition`` is true.</doc>
<status status="PASS" start="2024-04-17T02:24:39.622226" elapsed="0.001093"/>
</kw>
<status status="PASS" start="2024-04-17T02:24:39.498241" elapsed="0.125209"/>
</kw>
<doc>Testa o conteúdo específico dos campos retornados pela API.</doc>
<tag>testeConteudo</tag>
<status status="PASS" start="2024-04-17T02:24:39.497724" elapsed="0.125867"/>
</test>
<status status="PASS" start="2024-04-17T02:24:38.668550" elapsed="0.956944"/>
</suite>
<status status="PASS" start="2024-04-17T02:24:38.655074" elapsed="0.975696"/>
</suite>
<statistics>
<total>
<stat pass="5" fail="0" skip="0">All Tests</stat>
</total>
<tag>
<stat pass="1" fail="0" skip="0">testeConteudo</stat>
<stat pass="1" fail="0" skip="0">testeEstruturaResposta</stat>
<stat pass="1" fail="0" skip="0">testeRequisicaoBasica</stat>
<stat pass="1" fail="0" skip="0">testeTiposDados</stat>
</tag>
<suite>
<stat pass="5" fail="0" skip="0" id="s1" name="Tests">Tests</stat>
<stat pass="5" fail="0" skip="0" id="s1-s1" name="Random-User-Test">Tests.Random-User-Test</stat>
</suite>
</statistics>
<errors>
</errors>
</robot>
