<?xml version="1.0" encoding="UTF-8"?>
<robot generator="Robot 7.0.1 (Python 3.12.4 on linux)" generated="2024-07-31T08:18:14.992582" rpa="false" schemaversion="5">
<suite id="s1" name="Tests" source="/home/runner/work/ApiRandomUser/ApiRandomUser/RamdonUser/tests">
<suite id="s1-s1" name="Random-User-Test" source="/home/runner/work/ApiRandomUser/ApiRandomUser/RamdonUser/tests/random-user-test.robot">
<test id="s1-s1-t1" name="Conectar" line="13">
<kw name="Conectar API" owner="random-user-service">
<kw name="Create Session" owner="RequestsLibrary">
<msg time="2024-07-31T08:18:15.412023" level="INFO">Creating Session using : alias=consultarAPI, url=https://randomuser.me/, headers={},                     cookies={}, auth=None, timeout=None, proxies=None, verify=False,                     debug=0 </msg>
<arg>consultarAPI</arg>
<arg>${URL}</arg>
<doc>Create Session: create a HTTP session to a server</doc>
<status status="PASS" start="2024-07-31T08:18:15.411826" elapsed="0.000391"/>
</kw>
<status status="PASS" start="2024-07-31T08:18:15.410775" elapsed="0.001813"/>
</kw>
<status status="PASS" start="2024-07-31T08:18:15.410208" elapsed="0.002582"/>
</test>
<test id="s1-s1-t2" name="Validar retorno 200 e JSON Válido" line="16">
<kw name="Teste de Requisicao Basica" owner="random-user-service">
<kw name="GET On Session" owner="RequestsLibrary">
<msg time="2024-07-31T08:18:15.610279" level="INFO">GET Request : url=https://randomuser.me/api 
 path_url=/api 
 headers={'User-Agent': 'python-requests/2.32.3', 'Accept-Encoding': 'gzip, deflate', 'Accept': '*/*', 'Connection': 'keep-alive'} 
 body=None 
 </msg>
<msg time="2024-07-31T08:18:15.610444" level="INFO">GET Response : url=https://randomuser.me/api 
 status=200, reason=OK 
 headers={'Date': 'Wed, 31 Jul 2024 08:18:15 GMT', 'Content-Type': 'application/json; charset=utf-8', 'Transfer-Encoding': 'chunked', 'Connection': 'keep-alive', 'X-Powered-By': 'Express', 'Access-Control-Allow-Origin': '*', 'Cache-Control': 'no-cache', 'ETag': 'W/"4a7-0np1aGtp2m4m7unKYQQbTA6azus"', 'Vary': 'Accept-Encoding', 'Content-Encoding': 'gzip', 'CF-Cache-Status': 'DYNAMIC', 'Report-To': '{"endpoints":[{"url":"https:\\/\\/a.nel.cloudflare.com\\/report\\/v4?s=%2Fl%2BaxC1bGz%2FzqeOBNtV9mRNre%2FJfmgCWcOWUNXDRus4m6MN2nNUZ6%2FCjaUq4335SoFxgvIIP3i%2FBM1pYeDCfbvHj5l%2BEU5ZgQxSBpTevOlck2rUmbo%2Bi5p%2F8l%2BOpenk9"}],"group":"cf-nel","max_age":604800}', 'NEL': '{"success_fraction":0,"report_to":"cf-nel","max_age":604800}', 'Server': 'cloudflare', 'CF-RAY': '8abc281f4faa620f-ORD', 'alt-svc': 'h3=":443"; ma=86400'} 
 body={"results":[{"gender":"male","name":{"title":"Mr","first":"Benevenuto","last":"Martins"},"location":{"street":{"number":8361,"name":"Rua Maranhão "},"city":"Mogi das Cruzes","state":"Minas Gerais","country":"Brazil","postcode":41808,"coordinates":{"latitude":"-80.0158","longitude":"-142.2289"},"timezone":{"offset":"+1:00","description":"Brussels, Copenhagen, Madrid, Paris"}},"email":"benevenuto.martins@example.com","login":{"uuid":"287d6875-4972-468e-a34e-dc01293d5745","username":"crazytiger885","password":"cloud9","salt":"pLCiyI6A","md5":"cd8260af47a0ca4f50521c029b303318","sha1":"14f6f489b74b7af0652b13ffadd5589c6a8bfab4","sha256":"724227163a360042a768d0671996ad86da82ddc55e8362fb43ac85e967c8bcab"},"dob":{"date":"1990-05-06T10:14:52.218Z","age":34},"registered":{"date":"2003-05-11T18:16:04.326Z","age":21},"phone":"(16) 2834-2318","cell":"(75) 0896-9089","id":{"name":"CPF","value":"899.722.233-03"},"picture":{"large":"https://randomuser.me/api/portraits/men/8.jpg","medium":"https://randomuser.me/api/portraits/med/men/8.jpg","thumbnail":"https://randomuser.me/api/portraits/thumb/men/8.jpg"},"nat":"BR"}],"info":{"seed":"f357db93a08adddc","results":1,"page":1,"version":"1.4"}} 
 </msg>
<msg time="2024-07-31T08:18:15.610555" level="INFO">/opt/hostedtoolcache/Python/3.12.4/x64/lib/python3.12/site-packages/urllib3/connectionpool.py:1099: InsecureRequestWarning: Unverified HTTPS request is being made to host 'randomuser.me'. Adding certificate verification is strongly advised. See: https://urllib3.readthedocs.io/en/latest/advanced-usage.html#tls-warnings
  warnings.warn(</msg>
<msg time="2024-07-31T08:18:15.610714" level="INFO">${response} = &lt;Response [200]&gt;</msg>
<var>${response}</var>
<arg>consultarAPI</arg>
<arg>/api</arg>
<doc>Sends a GET request on a previously created HTTP Session.</doc>
<status status="PASS" start="2024-07-31T08:18:15.415446" elapsed="0.195311"/>
</kw>
<kw name="Should Be Equal As Numbers" owner="BuiltIn">
<msg time="2024-07-31T08:18:15.611764" level="INFO">Argument types are:
&lt;class 'int'&gt;
&lt;class 'str'&gt;</msg>
<arg>${response.status_code}</arg>
<arg>200</arg>
<doc>Fails if objects are unequal after converting them to real numbers.</doc>
<status status="PASS" start="2024-07-31T08:18:15.611304" elapsed="0.000524"/>
</kw>
<kw name="Log" owner="BuiltIn">
<msg time="2024-07-31T08:18:15.612503" level="INFO">200</msg>
<arg>${response.status_code}</arg>
<doc>Logs the given message with the given level.</doc>
<status status="PASS" start="2024-07-31T08:18:15.612149" elapsed="0.000398"/>
</kw>
<kw name="Set Variable" owner="BuiltIn">
<msg time="2024-07-31T08:18:15.613305" level="INFO">${json_data} = {'results': [{'gender': 'male', 'name': {'title': 'Mr', 'first': 'Benevenuto', 'last': 'Martins'}, 'location': {'street': {'number': 8361, 'name': 'Rua Maranhão '}, 'city': 'Mogi das Cruzes', 'state':...</msg>
<var>${json_data}</var>
<arg>${response.json()}</arg>
<doc>Returns the given values which can then be assigned to a variables.</doc>
<status status="PASS" start="2024-07-31T08:18:15.612863" elapsed="0.000471"/>
</kw>
<kw name="Dictionary Should Contain Key" owner="Collections">
<arg>${json_data}</arg>
<arg>results</arg>
<doc>Fails if ``key`` is not found from ``dictionary``.</doc>
<status status="PASS" start="2024-07-31T08:18:15.613636" elapsed="0.000327"/>
</kw>
<status status="PASS" start="2024-07-31T08:18:15.415206" elapsed="0.198914"/>
</kw>
<doc>Testa se a API responde corretamente e retorna um objeto JSON válido.</doc>
<tag>testeRequisicaoBasica</tag>
<status status="PASS" start="2024-07-31T08:18:15.414696" elapsed="0.199601"/>
</test>
<test id="s1-s1-t3" name="Validar estrutura de resposta" line="22">
<kw name="Teste de Estrutura de Resposta" owner="random-user-service">
<kw name="GET On Session" owner="RequestsLibrary">
<msg time="2024-07-31T08:18:15.716253" level="INFO">GET Request : url=https://randomuser.me/api 
 path_url=/api 
 headers={'User-Agent': 'python-requests/2.32.3', 'Accept-Encoding': 'gzip, deflate', 'Accept': '*/*', 'Connection': 'keep-alive'} 
 body=None 
 </msg>
<msg time="2024-07-31T08:18:15.716333" level="INFO">GET Response : url=https://randomuser.me/api 
 status=200, reason=OK 
 headers={'Date': 'Wed, 31 Jul 2024 08:18:15 GMT', 'Content-Type': 'application/json; charset=utf-8', 'Transfer-Encoding': 'chunked', 'Connection': 'keep-alive', 'X-Powered-By': 'Express', 'Access-Control-Allow-Origin': '*', 'Cache-Control': 'no-cache', 'ETag': 'W/"48e-bkevfjxrtMYvOzcAoPkPghKrT94"', 'Vary': 'Accept-Encoding', 'Content-Encoding': 'gzip', 'CF-Cache-Status': 'DYNAMIC', 'Report-To': '{"endpoints":[{"url":"https:\\/\\/a.nel.cloudflare.com\\/report\\/v4?s=I%2F14HQ1i1gp9ZrY3oRvB1n%2FetFFNi%2F0TkIkirXmFzqzPSWyRBy%2B%2FkEGB0kHbpo9GzYIa4c4jtC%2F1VgLJif6jLdxQWvhz%2Fop6rgIHsr3YHqYZWvrFadw1V2XBjVkVD8VV"}],"group":"cf-nel","max_age":604800}', 'NEL': '{"success_fraction":0,"report_to":"cf-nel","max_age":604800}', 'Server': 'cloudflare', 'CF-RAY': '8abc281f9fdc620f-ORD', 'alt-svc': 'h3=":443"; ma=86400'} 
 body={"results":[{"gender":"male","name":{"title":"Mr","first":"Ceyhun","last":"Beşerler"},"location":{"street":{"number":2839,"name":"Atatürk Sk"},"city":"Karabük","state":"İstanbul","country":"Turkey","postcode":24550,"coordinates":{"latitude":"69.5731","longitude":"-126.1996"},"timezone":{"offset":"+9:00","description":"Tokyo, Seoul, Osaka, Sapporo, Yakutsk"}},"email":"ceyhun.beserler@example.com","login":{"uuid":"23d40f62-d1ac-40b9-84e4-b66327699a65","username":"tinyelephant746","password":"darkness","salt":"1ePXcSJH","md5":"7e9f289e73feb6fd2896fd9d0ad3b9e7","sha1":"834676ccda966969a4cb43001216b62bfe03b724","sha256":"f587d873c692abdfd6369d4596e3920cfd35c0108374f088ad2e919449a66ffa"},"dob":{"date":"1967-10-29T02:32:53.596Z","age":56},"registered":{"date":"2011-01-09T20:33:24.656Z","age":13},"phone":"(144)-656-3329","cell":"(931)-548-7007","id":{"name":"","value":null},"picture":{"large":"https://randomuser.me/api/portraits/men/23.jpg","medium":"https://randomuser.me/api/portraits/med/men/23.jpg","thumbnail":"https://randomuser.me/api/portraits/thumb/men/23.jpg"},"nat":"TR"}],"info":{"seed":"a3f1f71f9858d346","results":1,"page":1,"version":"1.4"}} 
 </msg>
<msg time="2024-07-31T08:18:15.716453" level="INFO">/opt/hostedtoolcache/Python/3.12.4/x64/lib/python3.12/site-packages/urllib3/connectionpool.py:1099: InsecureRequestWarning: Unverified HTTPS request is being made to host 'randomuser.me'. Adding certificate verification is strongly advised. See: https://urllib3.readthedocs.io/en/latest/advanced-usage.html#tls-warnings
  warnings.warn(</msg>
<msg time="2024-07-31T08:18:15.716566" level="INFO">${response} = &lt;Response [200]&gt;</msg>
<var>${response}</var>
<arg>consultarAPI</arg>
<arg>/api</arg>
<doc>Sends a GET request on a previously created HTTP Session.</doc>
<status status="PASS" start="2024-07-31T08:18:15.616992" elapsed="0.099616"/>
</kw>
<kw name="Set Variable" owner="BuiltIn">
<msg time="2024-07-31T08:18:15.717693" level="INFO">${json_data} = {'results': [{'gender': 'male', 'name': {'title': 'Mr', 'first': 'Ceyhun', 'last': 'Beşerler'}, 'location': {'street': {'number': 2839, 'name': 'Atatürk Sk'}, 'city': 'Karabük', 'state': 'İstanbul', '...</msg>
<var>${json_data}</var>
<arg>${response.json()}</arg>
<doc>Returns the given values which can then be assigned to a variables.</doc>
<status status="PASS" start="2024-07-31T08:18:15.717176" elapsed="0.000547"/>
</kw>
<kw name="Log" owner="BuiltIn">
<msg time="2024-07-31T08:18:15.718198" level="INFO">{'results': [{'gender': 'male', 'name': {'title': 'Mr', 'first': 'Ceyhun', 'last': 'Beşerler'}, 'location': {'street': {'number': 2839, 'name': 'Atatürk Sk'}, 'city': 'Karabük', 'state': 'İstanbul', 'country': 'Turkey', 'postcode': 24550, 'coordinates': {'latitude': '69.5731', 'longitude': '-126.1996'}, 'timezone': {'offset': '+9:00', 'description': 'Tokyo, Seoul, Osaka, Sapporo, Yakutsk'}}, 'email': 'ceyhun.beserler@example.com', 'login': {'uuid': '23d40f62-d1ac-40b9-84e4-b66327699a65', 'username': 'tinyelephant746', 'password': 'darkness', 'salt': '1ePXcSJH', 'md5': '7e9f289e73feb6fd2896fd9d0ad3b9e7', 'sha1': '834676ccda966969a4cb43001216b62bfe03b724', 'sha256': 'f587d873c692abdfd6369d4596e3920cfd35c0108374f088ad2e919449a66ffa'}, 'dob': {'date': '1967-10-29T02:32:53.596Z', 'age': 56}, 'registered': {'date': '2011-01-09T20:33:24.656Z', 'age': 13}, 'phone': '(144)-656-3329', 'cell': '(931)-548-7007', 'id': {'name': '', 'value': None}, 'picture': {'large': 'https://randomuser.me/api/portraits/men/23.jpg', 'medium': 'https://randomuser.me/api/portraits/med/men/23.jpg', 'thumbnail': 'https://randomuser.me/api/portraits/thumb/men/23.jpg'}, 'nat': 'TR'}], 'info': {'seed': 'a3f1f71f9858d346', 'results': 1, 'page': 1, 'version': '1.4'}}</msg>
<arg>${json_data}</arg>
<doc>Logs the given message with the given level.</doc>
<status status="PASS" start="2024-07-31T08:18:15.718028" elapsed="0.000221"/>
</kw>
<kw name="Dictionary Should Contain Key" owner="Collections">
<arg>${json_data}</arg>
<arg>results</arg>
<doc>Fails if ``key`` is not found from ``dictionary``.</doc>
<status status="PASS" start="2024-07-31T08:18:15.718581" elapsed="0.000169"/>
</kw>
<kw name="Should Not Be Empty" owner="BuiltIn">
<msg time="2024-07-31T08:18:15.719058" level="INFO">Length is 2.</msg>
<arg>${json_data}</arg>
<doc>Verifies that the given item is not empty.</doc>
<status status="PASS" start="2024-07-31T08:18:15.718935" elapsed="0.000160"/>
</kw>
<kw name="Create List" owner="BuiltIn">
<msg time="2024-07-31T08:18:15.719536" level="INFO">${expected_keys} = ['gender', 'name', 'location', 'email', 'login']</msg>
<var>${expected_keys}</var>
<arg>gender</arg>
<arg>name</arg>
<arg>location</arg>
<arg>email</arg>
<arg>login</arg>
<doc>Returns a list containing given items.</doc>
<status status="PASS" start="2024-07-31T08:18:15.719382" elapsed="0.000177"/>
</kw>
<for flavor="IN">
<iter>
<kw name="Dictionary Should Contain Key" owner="Collections">
<arg>${json_data['results'][0]}</arg>
<arg>${key}</arg>
<doc>Fails if ``key`` is not found from ``dictionary``.</doc>
<status status="PASS" start="2024-07-31T08:18:15.720130" elapsed="0.000411"/>
</kw>
<kw name="Log" owner="BuiltIn">
<msg time="2024-07-31T08:18:15.721089" level="INFO">{'gender': 'male', 'name': {'title': 'Mr', 'first': 'Ceyhun', 'last': 'Beşerler'}, 'location': {'street': {'number': 2839, 'name': 'Atatürk Sk'}, 'city': 'Karabük', 'state': 'İstanbul', 'country': 'Turkey', 'postcode': 24550, 'coordinates': {'latitude': '69.5731', 'longitude': '-126.1996'}, 'timezone': {'offset': '+9:00', 'description': 'Tokyo, Seoul, Osaka, Sapporo, Yakutsk'}}, 'email': 'ceyhun.beserler@example.com', 'login': {'uuid': '23d40f62-d1ac-40b9-84e4-b66327699a65', 'username': 'tinyelephant746', 'password': 'darkness', 'salt': '1ePXcSJH', 'md5': '7e9f289e73feb6fd2896fd9d0ad3b9e7', 'sha1': '834676ccda966969a4cb43001216b62bfe03b724', 'sha256': 'f587d873c692abdfd6369d4596e3920cfd35c0108374f088ad2e919449a66ffa'}, 'dob': {'date': '1967-10-29T02:32:53.596Z', 'age': 56}, 'registered': {'date': '2011-01-09T20:33:24.656Z', 'age': 13}, 'phone': '(144)-656-3329', 'cell': '(931)-548-7007', 'id': {'name': '', 'value': None}, 'picture': {'large': 'https://randomuser.me/api/portraits/men/23.jpg', 'medium': 'https://randomuser.me/api/portraits/med/men/23.jpg', 'thumbnail': 'https://randomuser.me/api/portraits/thumb/men/23.jpg'}, 'nat': 'TR'}</msg>
<arg>${json_data['results'][0]}</arg>
<doc>Logs the given message with the given level.</doc>
<status status="PASS" start="2024-07-31T08:18:15.720727" elapsed="0.000414"/>
</kw>
<kw name="Log" owner="BuiltIn">
<msg time="2024-07-31T08:18:15.721573" level="INFO">gender</msg>
<arg>${key}</arg>
<doc>Logs the given message with the given level.</doc>
<status status="PASS" start="2024-07-31T08:18:15.721442" elapsed="0.000169"/>
</kw>
<var name="${key}">gender</var>
<status status="PASS" start="2024-07-31T08:18:15.720004" elapsed="0.001823"/>
</iter>
<iter>
<kw name="Dictionary Should Contain Key" owner="Collections">
<arg>${json_data['results'][0]}</arg>
<arg>${key}</arg>
<doc>Fails if ``key`` is not found from ``dictionary``.</doc>
<status status="PASS" start="2024-07-31T08:18:15.722123" elapsed="0.000417"/>
</kw>
<kw name="Log" owner="BuiltIn">
<msg time="2024-07-31T08:18:15.723097" level="INFO">{'gender': 'male', 'name': {'title': 'Mr', 'first': 'Ceyhun', 'last': 'Beşerler'}, 'location': {'street': {'number': 2839, 'name': 'Atatürk Sk'}, 'city': 'Karabük', 'state': 'İstanbul', 'country': 'Turkey', 'postcode': 24550, 'coordinates': {'latitude': '69.5731', 'longitude': '-126.1996'}, 'timezone': {'offset': '+9:00', 'description': 'Tokyo, Seoul, Osaka, Sapporo, Yakutsk'}}, 'email': 'ceyhun.beserler@example.com', 'login': {'uuid': '23d40f62-d1ac-40b9-84e4-b66327699a65', 'username': 'tinyelephant746', 'password': 'darkness', 'salt': '1ePXcSJH', 'md5': '7e9f289e73feb6fd2896fd9d0ad3b9e7', 'sha1': '834676ccda966969a4cb43001216b62bfe03b724', 'sha256': 'f587d873c692abdfd6369d4596e3920cfd35c0108374f088ad2e919449a66ffa'}, 'dob': {'date': '1967-10-29T02:32:53.596Z', 'age': 56}, 'registered': {'date': '2011-01-09T20:33:24.656Z', 'age': 13}, 'phone': '(144)-656-3329', 'cell': '(931)-548-7007', 'id': {'name': '', 'value': None}, 'picture': {'large': 'https://randomuser.me/api/portraits/men/23.jpg', 'medium': 'https://randomuser.me/api/portraits/med/men/23.jpg', 'thumbnail': 'https://randomuser.me/api/portraits/thumb/men/23.jpg'}, 'nat': 'TR'}</msg>
<arg>${json_data['results'][0]}</arg>
<doc>Logs the given message with the given level.</doc>
<status status="PASS" start="2024-07-31T08:18:15.722728" elapsed="0.000454"/>
</kw>
<kw name="Log" owner="BuiltIn">
<msg time="2024-07-31T08:18:15.723618" level="INFO">name</msg>
<arg>${key}</arg>
<doc>Logs the given message with the given level.</doc>
<status status="PASS" start="2024-07-31T08:18:15.723485" elapsed="0.000172"/>
</kw>
<var name="${key}">name</var>
<status status="PASS" start="2024-07-31T08:18:15.722012" elapsed="0.001861"/>
</iter>
<iter>
<kw name="Dictionary Should Contain Key" owner="Collections">
<arg>${json_data['results'][0]}</arg>
<arg>${key}</arg>
<doc>Fails if ``key`` is not found from ``dictionary``.</doc>
<status status="PASS" start="2024-07-31T08:18:15.724158" elapsed="0.000384"/>
</kw>
<kw name="Log" owner="BuiltIn">
<msg time="2024-07-31T08:18:15.725094" level="INFO">{'gender': 'male', 'name': {'title': 'Mr', 'first': 'Ceyhun', 'last': 'Beşerler'}, 'location': {'street': {'number': 2839, 'name': 'Atatürk Sk'}, 'city': 'Karabük', 'state': 'İstanbul', 'country': 'Turkey', 'postcode': 24550, 'coordinates': {'latitude': '69.5731', 'longitude': '-126.1996'}, 'timezone': {'offset': '+9:00', 'description': 'Tokyo, Seoul, Osaka, Sapporo, Yakutsk'}}, 'email': 'ceyhun.beserler@example.com', 'login': {'uuid': '23d40f62-d1ac-40b9-84e4-b66327699a65', 'username': 'tinyelephant746', 'password': 'darkness', 'salt': '1ePXcSJH', 'md5': '7e9f289e73feb6fd2896fd9d0ad3b9e7', 'sha1': '834676ccda966969a4cb43001216b62bfe03b724', 'sha256': 'f587d873c692abdfd6369d4596e3920cfd35c0108374f088ad2e919449a66ffa'}, 'dob': {'date': '1967-10-29T02:32:53.596Z', 'age': 56}, 'registered': {'date': '2011-01-09T20:33:24.656Z', 'age': 13}, 'phone': '(144)-656-3329', 'cell': '(931)-548-7007', 'id': {'name': '', 'value': None}, 'picture': {'large': 'https://randomuser.me/api/portraits/men/23.jpg', 'medium': 'https://randomuser.me/api/portraits/med/men/23.jpg', 'thumbnail': 'https://randomuser.me/api/portraits/thumb/men/23.jpg'}, 'nat': 'TR'}</msg>
<arg>${json_data['results'][0]}</arg>
<doc>Logs the given message with the given level.</doc>
<status status="PASS" start="2024-07-31T08:18:15.724732" elapsed="0.000413"/>
</kw>
<kw name="Log" owner="BuiltIn">
<msg time="2024-07-31T08:18:15.725580" level="INFO">location</msg>
<arg>${key}</arg>
<doc>Logs the given message with the given level.</doc>
<status status="PASS" start="2024-07-31T08:18:15.725450" elapsed="0.000167"/>
</kw>
<var name="${key}">location</var>
<status status="PASS" start="2024-07-31T08:18:15.724051" elapsed="0.001778"/>
</iter>
<iter>
<kw name="Dictionary Should Contain Key" owner="Collections">
<arg>${json_data['results'][0]}</arg>
<arg>${key}</arg>
<doc>Fails if ``key`` is not found from ``dictionary``.</doc>
<status status="PASS" start="2024-07-31T08:18:15.726106" elapsed="0.000421"/>
</kw>
<kw name="Log" owner="BuiltIn">
<msg time="2024-07-31T08:18:15.727197" level="INFO">{'gender': 'male', 'name': {'title': 'Mr', 'first': 'Ceyhun', 'last': 'Beşerler'}, 'location': {'street': {'number': 2839, 'name': 'Atatürk Sk'}, 'city': 'Karabük', 'state': 'İstanbul', 'country': 'Turkey', 'postcode': 24550, 'coordinates': {'latitude': '69.5731', 'longitude': '-126.1996'}, 'timezone': {'offset': '+9:00', 'description': 'Tokyo, Seoul, Osaka, Sapporo, Yakutsk'}}, 'email': 'ceyhun.beserler@example.com', 'login': {'uuid': '23d40f62-d1ac-40b9-84e4-b66327699a65', 'username': 'tinyelephant746', 'password': 'darkness', 'salt': '1ePXcSJH', 'md5': '7e9f289e73feb6fd2896fd9d0ad3b9e7', 'sha1': '834676ccda966969a4cb43001216b62bfe03b724', 'sha256': 'f587d873c692abdfd6369d4596e3920cfd35c0108374f088ad2e919449a66ffa'}, 'dob': {'date': '1967-10-29T02:32:53.596Z', 'age': 56}, 'registered': {'date': '2011-01-09T20:33:24.656Z', 'age': 13}, 'phone': '(144)-656-3329', 'cell': '(931)-548-7007', 'id': {'name': '', 'value': None}, 'picture': {'large': 'https://randomuser.me/api/portraits/men/23.jpg', 'medium': 'https://randomuser.me/api/portraits/med/men/23.jpg', 'thumbnail': 'https://randomuser.me/api/portraits/thumb/men/23.jpg'}, 'nat': 'TR'}</msg>
<arg>${json_data['results'][0]}</arg>
<doc>Logs the given message with the given level.</doc>
<status status="PASS" start="2024-07-31T08:18:15.726835" elapsed="0.000414"/>
</kw>
<kw name="Log" owner="BuiltIn">
<msg time="2024-07-31T08:18:15.727679" level="INFO">email</msg>
<arg>${key}</arg>
<doc>Logs the given message with the given level.</doc>
<status status="PASS" start="2024-07-31T08:18:15.727548" elapsed="0.000169"/>
</kw>
<var name="${key}">email</var>
<status status="PASS" start="2024-07-31T08:18:15.726000" elapsed="0.001933"/>
</iter>
<iter>
<kw name="Dictionary Should Contain Key" owner="Collections">
<arg>${json_data['results'][0]}</arg>
<arg>${key}</arg>
<doc>Fails if ``key`` is not found from ``dictionary``.</doc>
<status status="PASS" start="2024-07-31T08:18:15.728214" elapsed="0.000383"/>
</kw>
<kw name="Log" owner="BuiltIn">
<msg time="2024-07-31T08:18:15.729128" level="INFO">{'gender': 'male', 'name': {'title': 'Mr', 'first': 'Ceyhun', 'last': 'Beşerler'}, 'location': {'street': {'number': 2839, 'name': 'Atatürk Sk'}, 'city': 'Karabük', 'state': 'İstanbul', 'country': 'Turkey', 'postcode': 24550, 'coordinates': {'latitude': '69.5731', 'longitude': '-126.1996'}, 'timezone': {'offset': '+9:00', 'description': 'Tokyo, Seoul, Osaka, Sapporo, Yakutsk'}}, 'email': 'ceyhun.beserler@example.com', 'login': {'uuid': '23d40f62-d1ac-40b9-84e4-b66327699a65', 'username': 'tinyelephant746', 'password': 'darkness', 'salt': '1ePXcSJH', 'md5': '7e9f289e73feb6fd2896fd9d0ad3b9e7', 'sha1': '834676ccda966969a4cb43001216b62bfe03b724', 'sha256': 'f587d873c692abdfd6369d4596e3920cfd35c0108374f088ad2e919449a66ffa'}, 'dob': {'date': '1967-10-29T02:32:53.596Z', 'age': 56}, 'registered': {'date': '2011-01-09T20:33:24.656Z', 'age': 13}, 'phone': '(144)-656-3329', 'cell': '(931)-548-7007', 'id': {'name': '', 'value': None}, 'picture': {'large': 'https://randomuser.me/api/portraits/men/23.jpg', 'medium': 'https://randomuser.me/api/portraits/med/men/23.jpg', 'thumbnail': 'https://randomuser.me/api/portraits/thumb/men/23.jpg'}, 'nat': 'TR'}</msg>
<arg>${json_data['results'][0]}</arg>
<doc>Logs the given message with the given level.</doc>
<status status="PASS" start="2024-07-31T08:18:15.728777" elapsed="0.000410"/>
</kw>
<kw name="Log" owner="BuiltIn">
<msg time="2024-07-31T08:18:15.729615" level="INFO">login</msg>
<arg>${key}</arg>
<doc>Logs the given message with the given level.</doc>
<status status="PASS" start="2024-07-31T08:18:15.729478" elapsed="0.000174"/>
</kw>
<var name="${key}">login</var>
<status status="PASS" start="2024-07-31T08:18:15.728106" elapsed="0.001762"/>
</iter>
<var>${key}</var>
<value>@{expected_keys}</value>
<status status="PASS" start="2024-07-31T08:18:15.719816" elapsed="0.010172"/>
</for>
<kw name="Create List" owner="BuiltIn">
<msg time="2024-07-31T08:18:15.730308" level="INFO">${expected_keysTwo} = ['username', 'password']</msg>
<var>${expected_keysTwo}</var>
<arg>username</arg>
<arg>password</arg>
<doc>Returns a list containing given items.</doc>
<status status="PASS" start="2024-07-31T08:18:15.730175" elapsed="0.000184"/>
</kw>
<for flavor="IN">
<iter>
<kw name="Dictionary Should Contain Key" owner="Collections">
<arg>${json_data['results'][0]['login']}</arg>
<arg>${keyTwo}</arg>
<doc>Fails if ``key`` is not found from ``dictionary``.</doc>
<status status="PASS" start="2024-07-31T08:18:15.730899" elapsed="0.000390"/>
</kw>
<kw name="Dictionary Should Contain Key" owner="Collections">
<arg>${json_data['results'][0]['login']}</arg>
<arg>${keyTwo}</arg>
<doc>Fails if ``key`` is not found from ``dictionary``.</doc>
<status status="PASS" start="2024-07-31T08:18:15.731471" elapsed="0.000380"/>
</kw>
<kw name="Log" owner="BuiltIn">
<msg time="2024-07-31T08:18:15.732158" level="INFO">username</msg>
<arg>${keyTwo}</arg>
<doc>Logs the given message with the given level.</doc>
<status status="PASS" start="2024-07-31T08:18:15.732038" elapsed="0.000157"/>
</kw>
<var name="${keyTwo}">username</var>
<status status="PASS" start="2024-07-31T08:18:15.730793" elapsed="0.001622"/>
</iter>
<iter>
<kw name="Dictionary Should Contain Key" owner="Collections">
<arg>${json_data['results'][0]['login']}</arg>
<arg>${keyTwo}</arg>
<doc>Fails if ``key`` is not found from ``dictionary``.</doc>
<status status="PASS" start="2024-07-31T08:18:15.732695" elapsed="0.000383"/>
</kw>
<kw name="Dictionary Should Contain Key" owner="Collections">
<arg>${json_data['results'][0]['login']}</arg>
<arg>${keyTwo}</arg>
<doc>Fails if ``key`` is not found from ``dictionary``.</doc>
<status status="PASS" start="2024-07-31T08:18:15.733255" elapsed="0.000363"/>
</kw>
<kw name="Log" owner="BuiltIn">
<msg time="2024-07-31T08:18:15.733920" level="INFO">password</msg>
<arg>${keyTwo}</arg>
<doc>Logs the given message with the given level.</doc>
<status status="PASS" start="2024-07-31T08:18:15.733794" elapsed="0.000164"/>
</kw>
<var name="${keyTwo}">password</var>
<status status="PASS" start="2024-07-31T08:18:15.732585" elapsed="0.001591"/>
</iter>
<var>${keyTwo}</var>
<value>@{expected_keysTwo}</value>
<status status="PASS" start="2024-07-31T08:18:15.730639" elapsed="0.003657"/>
</for>
<status status="PASS" start="2024-07-31T08:18:15.616756" elapsed="0.117681"/>
</kw>
<doc>Testa a estrutura da resposta da API.</doc>
<tag>testeEstruturaResposta</tag>
<status status="PASS" start="2024-07-31T08:18:15.616256" elapsed="0.118377"/>
</test>
<test id="s1-s1-t4" name="Validar tipos de dados" line="28">
<kw name="Teste de Tipos de Dados" owner="random-user-service">
<kw name="GET On Session" owner="RequestsLibrary">
<msg time="2024-07-31T08:18:15.819754" level="INFO">GET Request : url=https://randomuser.me/api 
 path_url=/api 
 headers={'User-Agent': 'python-requests/2.32.3', 'Accept-Encoding': 'gzip, deflate', 'Accept': '*/*', 'Connection': 'keep-alive'} 
 body=None 
 </msg>
<msg time="2024-07-31T08:18:15.819849" level="INFO">GET Response : url=https://randomuser.me/api 
 status=200, reason=OK 
 headers={'Date': 'Wed, 31 Jul 2024 08:18:15 GMT', 'Content-Type': 'application/json; charset=utf-8', 'Transfer-Encoding': 'chunked', 'Connection': 'keep-alive', 'X-Powered-By': 'Express', 'Access-Control-Allow-Origin': '*', 'Cache-Control': 'no-cache', 'ETag': 'W/"499-Bbx0smCXOgugdc9W1O9bZL7oYew"', 'Vary': 'Accept-Encoding', 'Content-Encoding': 'gzip', 'CF-Cache-Status': 'DYNAMIC', 'Report-To': '{"endpoints":[{"url":"https:\\/\\/a.nel.cloudflare.com\\/report\\/v4?s=KeKp%2BMIAwz2N3il%2FPEIjHSepxaBQzHZ1JwiSD%2BPB%2FF5IduMYg2vrTffZfGBSIYmfM5jcLfyaLBTHDPwThATNVfghIc7B27LtwAB6Ww%2FY5eqFT8wt4g2dYJK6uWF5NFRA"}],"group":"cf-nel","max_age":604800}', 'NEL': '{"success_fraction":0,"report_to":"cf-nel","max_age":604800}', 'Server': 'cloudflare', 'CF-RAY': '8abc2820684f620f-ORD', 'alt-svc': 'h3=":443"; ma=86400'} 
 body={"results":[{"gender":"male","name":{"title":"Mr","first":"Mark","last":"Elliott"},"location":{"street":{"number":1742,"name":"High Street"},"city":"Londonderry","state":"West Glamorgan","country":"United Kingdom","postcode":"V60 1UP","coordinates":{"latitude":"-6.1614","longitude":"-122.5141"},"timezone":{"offset":"+6:00","description":"Almaty, Dhaka, Colombo"}},"email":"mark.elliott@example.com","login":{"uuid":"a3c248e9-83f3-4bad-9299-aa4fb2ff3e40","username":"organicmeercat675","password":"beerbeer","salt":"Fn0pSQ1M","md5":"e4ae79ccce236474d72bcabdd6505b69","sha1":"b4f453f12477ca065979f4d86e0ff1e5a116a162","sha256":"d11dafdc45759790156395bde5bff6143374f36f01847eea8da5cbc7204002a0"},"dob":{"date":"1981-09-30T20:16:13.814Z","age":42},"registered":{"date":"2008-06-07T02:14:00.461Z","age":16},"phone":"016973 80034","cell":"07945 841922","id":{"name":"NINO","value":"BT 82 93 29 F"},"picture":{"large":"https://randomuser.me/api/portraits/men/99.jpg","medium":"https://randomuser.me/api/portraits/med/men/99.jpg","thumbnail":"https://randomuser.me/api/portraits/thumb/men/99.jpg"},"nat":"GB"}],"info":{"seed":"8ca060134c5ce8be","results":1,"page":1,"version":"1.4"}} 
 </msg>
<msg time="2024-07-31T08:18:15.819918" level="INFO">/opt/hostedtoolcache/Python/3.12.4/x64/lib/python3.12/site-packages/urllib3/connectionpool.py:1099: InsecureRequestWarning: Unverified HTTPS request is being made to host 'randomuser.me'. Adding certificate verification is strongly advised. See: https://urllib3.readthedocs.io/en/latest/advanced-usage.html#tls-warnings
  warnings.warn(</msg>
<msg time="2024-07-31T08:18:15.820009" level="INFO">${response} = &lt;Response [200]&gt;</msg>
<var>${response}</var>
<arg>consultarAPI</arg>
<arg>/api</arg>
<doc>Sends a GET request on a previously created HTTP Session.</doc>
<status status="PASS" start="2024-07-31T08:18:15.737172" elapsed="0.082879"/>
</kw>
<kw name="Set Variable" owner="BuiltIn">
<msg time="2024-07-31T08:18:15.821046" level="INFO">${json_data} = {'results': [{'gender': 'male', 'name': {'title': 'Mr', 'first': 'Mark', 'last': 'Elliott'}, 'location': {'street': {'number': 1742, 'name': 'High Street'}, 'city': 'Londonderry', 'state': 'West Glamo...</msg>
<var>${json_data}</var>
<arg>${response.json()}</arg>
<doc>Returns the given values which can then be assigned to a variables.</doc>
<status status="PASS" start="2024-07-31T08:18:15.820551" elapsed="0.000524"/>
</kw>
<kw name="Log" owner="BuiltIn">
<msg time="2024-07-31T08:18:15.821547" level="INFO">{'results': [{'gender': 'male', 'name': {'title': 'Mr', 'first': 'Mark', 'last': 'Elliott'}, 'location': {'street': {'number': 1742, 'name': 'High Street'}, 'city': 'Londonderry', 'state': 'West Glamorgan', 'country': 'United Kingdom', 'postcode': 'V60 1UP', 'coordinates': {'latitude': '-6.1614', 'longitude': '-122.5141'}, 'timezone': {'offset': '+6:00', 'description': 'Almaty, Dhaka, Colombo'}}, 'email': 'mark.elliott@example.com', 'login': {'uuid': 'a3c248e9-83f3-4bad-9299-aa4fb2ff3e40', 'username': 'organicmeercat675', 'password': 'beerbeer', 'salt': 'Fn0pSQ1M', 'md5': 'e4ae79ccce236474d72bcabdd6505b69', 'sha1': 'b4f453f12477ca065979f4d86e0ff1e5a116a162', 'sha256': 'd11dafdc45759790156395bde5bff6143374f36f01847eea8da5cbc7204002a0'}, 'dob': {'date': '1981-09-30T20:16:13.814Z', 'age': 42}, 'registered': {'date': '2008-06-07T02:14:00.461Z', 'age': 16}, 'phone': '016973 80034', 'cell': '07945 841922', 'id': {'name': 'NINO', 'value': 'BT 82 93 29 F'}, 'picture': {'large': 'https://randomuser.me/api/portraits/men/99.jpg', 'medium': 'https://randomuser.me/api/portraits/med/men/99.jpg', 'thumbnail': 'https://randomuser.me/api/portraits/thumb/men/99.jpg'}, 'nat': 'GB'}], 'info': {'seed': '8ca060134c5ce8be', 'results': 1, 'page': 1, 'version': '1.4'}}</msg>
<arg>${json_data}</arg>
<doc>Logs the given message with the given level.</doc>
<status status="PASS" start="2024-07-31T08:18:15.821383" elapsed="0.000211"/>
</kw>
<kw name="Should Be String" owner="String">
<arg>${json_data['results'][0]['gender']}</arg>
<doc>Fails if the given ``item`` is not a string.</doc>
<status status="PASS" start="2024-07-31T08:18:15.821886" elapsed="0.000369"/>
</kw>
<kw name="Should Match Regexp" owner="BuiltIn">
<arg>${json_data['results'][0]['email']}</arg>
<arg>^[a-zA-Z0-9._%+-]+@[a-zA-Z0-9.-]+\.[a-zA-Z]{2,}$</arg>
<doc>Fails if ``string`` does not match ``pattern`` as a regular expression.</doc>
<status status="PASS" start="2024-07-31T08:18:15.822446" elapsed="0.000618"/>
</kw>
<kw name="Should Match Regexp" owner="BuiltIn">
<arg>${json_data['results'][0]['dob']['date']}</arg>
<arg>\\d{4}-\\d{2}-\\d{2}T\\d{2}:\\d{2}:\\d{2}\\.\\d{3}Z</arg>
<doc>Fails if ``string`` does not match ``pattern`` as a regular expression.</doc>
<status status="PASS" start="2024-07-31T08:18:15.823266" elapsed="0.000611"/>
</kw>
<kw name="Should Match Regexp" owner="BuiltIn">
<arg>${json_data['results'][0]['registered']['date']}</arg>
<arg>\\d{4}-\\d{2}-\\d{2}T\\d{2}:\\d{2}:\\d{2}\\.\\d{3}Z</arg>
<doc>Fails if ``string`` does not match ``pattern`` as a regular expression.</doc>
<status status="PASS" start="2024-07-31T08:18:15.824075" elapsed="0.000376"/>
</kw>
<kw name="Should Match Regexp" owner="BuiltIn">
<arg>${json_data['results'][0]['picture']['large']}</arg>
<arg>^https?://.*\.(?:png|jpe?g|gif|bmp)$</arg>
<doc>Fails if ``string`` does not match ``pattern`` as a regular expression.</doc>
<status status="PASS" start="2024-07-31T08:18:15.824639" elapsed="0.000468"/>
</kw>
<kw name="Should Match Regexp" owner="BuiltIn">
<arg>${json_data['results'][0]['picture']['medium']}</arg>
<arg>^https?://.*\.(?:png|jpe?g|gif|bmp)$</arg>
<doc>Fails if ``string`` does not match ``pattern`` as a regular expression.</doc>
<status status="PASS" start="2024-07-31T08:18:15.825300" elapsed="0.000359"/>
</kw>
<kw name="Should Match Regexp" owner="BuiltIn">
<arg>${json_data['results'][0]['picture']['thumbnail']}</arg>
<arg>^https?://.*\.(?:png|jpe?g|gif|bmp)$</arg>
<doc>Fails if ``string`` does not match ``pattern`` as a regular expression.</doc>
<status status="PASS" start="2024-07-31T08:18:15.825844" elapsed="0.000349"/>
</kw>
<kw name="Log" owner="BuiltIn">
<msg time="2024-07-31T08:18:15.826740" level="INFO">{'large': 'https://randomuser.me/api/portraits/men/99.jpg', 'medium': 'https://randomuser.me/api/portraits/med/men/99.jpg', 'thumbnail': 'https://randomuser.me/api/portraits/thumb/men/99.jpg'}</msg>
<arg>${json_data['results'][0]['picture']}</arg>
<doc>Logs the given message with the given level.</doc>
<status status="PASS" start="2024-07-31T08:18:15.826375" elapsed="0.000410"/>
</kw>
<status status="PASS" start="2024-07-31T08:18:15.736948" elapsed="0.090100"/>
</kw>
<kw name="Teste de Tipos de Dados - Postcode" owner="random-user-service">
<kw name="GET On Session" owner="RequestsLibrary">
<msg time="2024-07-31T08:18:15.915892" level="INFO">GET Request : url=https://randomuser.me/api 
 path_url=/api 
 headers={'User-Agent': 'python-requests/2.32.3', 'Accept-Encoding': 'gzip, deflate', 'Accept': '*/*', 'Connection': 'keep-alive'} 
 body=None 
 </msg>
<msg time="2024-07-31T08:18:15.915968" level="INFO">GET Response : url=https://randomuser.me/api 
 status=200, reason=OK 
 headers={'Date': 'Wed, 31 Jul 2024 08:18:15 GMT', 'Content-Type': 'application/json; charset=utf-8', 'Transfer-Encoding': 'chunked', 'Connection': 'keep-alive', 'X-Powered-By': 'Express', 'Access-Control-Allow-Origin': '*', 'Cache-Control': 'no-cache', 'ETag': 'W/"4a8-YzWWUlAxK8WWViqj6chpZjXhya4"', 'Vary': 'Accept-Encoding', 'Content-Encoding': 'gzip', 'CF-Cache-Status': 'DYNAMIC', 'Report-To': '{"endpoints":[{"url":"https:\\/\\/a.nel.cloudflare.com\\/report\\/v4?s=ImtuP4ep2m9asNnea4FonbzThzuvI5UiMB%2BLdUgRxZPfZQ%2BXDIGIuL%2FbtB%2BLDJzeE3ZBnfTvYNvxAoRQZ8MVjN2iuHL1vbCt0BPcFZwxD%2FP97QkLtDn97lEN%2BklM2VYR"}],"group":"cf-nel","max_age":604800}', 'NEL': '{"success_fraction":0,"report_to":"cf-nel","max_age":604800}', 'Server': 'cloudflare', 'CF-RAY': '8abc2820f8c2620f-ORD', 'alt-svc': 'h3=":443"; ma=86400'} 
 body={"results":[{"gender":"female","name":{"title":"Ms","first":"Rocío","last":"Vicente"},"location":{"street":{"number":175,"name":"Calle de Ángel García"},"city":"Logroño","state":"Región de Murcia","country":"Spain","postcode":23453,"coordinates":{"latitude":"-32.6359","longitude":"34.4893"},"timezone":{"offset":"+11:00","description":"Magadan, Solomon Islands, New Caledonia"}},"email":"rocio.vicente@example.com","login":{"uuid":"dfbf0b7f-2e3d-4081-9685-a783767c35d3","username":"goldenostrich520","password":"link","salt":"3n2cIhJA","md5":"d16eac3f4650c950760f1e0476bd009a","sha1":"4c419e9ff870243a1a398cb9a3bfc3dde8336919","sha256":"1fa9082bf4d913efab6db03cdc6aba24ab119849704638f506fef2c8cc931c04"},"dob":{"date":"1976-03-17T18:25:33.815Z","age":48},"registered":{"date":"2006-05-03T14:16:49.098Z","age":18},"phone":"934-723-820","cell":"655-942-712","id":{"name":"DNI","value":"88863834-T"},"picture":{"large":"https://randomuser.me/api/portraits/women/43.jpg","medium":"https://randomuser.me/api/portraits/med/women/43.jpg","thumbnail":"https://randomuser.me/api/portraits/thumb/women/43.jpg"},"nat":"ES"}],"info":{"seed":"56a5dd7406bdc191","results":1,"page":1,"version":"1.4"}} 
 </msg>
<msg time="2024-07-31T08:18:15.916036" level="INFO">/opt/hostedtoolcache/Python/3.12.4/x64/lib/python3.12/site-packages/urllib3/connectionpool.py:1099: InsecureRequestWarning: Unverified HTTPS request is being made to host 'randomuser.me'. Adding certificate verification is strongly advised. See: https://urllib3.readthedocs.io/en/latest/advanced-usage.html#tls-warnings
  warnings.warn(</msg>
<msg time="2024-07-31T08:18:15.916123" level="INFO">${response} = &lt;Response [200]&gt;</msg>
<var>${response}</var>
<arg>consultarAPI</arg>
<arg>/api</arg>
<doc>Sends a GET request on a previously created HTTP Session.</doc>
<status status="PASS" start="2024-07-31T08:18:15.827498" elapsed="0.088656"/>
</kw>
<kw name="Set Variable" owner="BuiltIn">
<msg time="2024-07-31T08:18:15.916990" level="INFO">${json_data} = {'results': [{'gender': 'female', 'name': {'title': 'Ms', 'first': 'Rocío', 'last': 'Vicente'}, 'location': {'street': {'number': 175, 'name': 'Calle de Ángel García'}, 'city': 'Logroño', 'state': 'Re...</msg>
<var>${json_data}</var>
<arg>${response.json()}</arg>
<doc>Returns the given values which can then be assigned to a variables.</doc>
<status status="PASS" start="2024-07-31T08:18:15.916535" elapsed="0.000485"/>
</kw>
<kw name="Log" owner="BuiltIn">
<msg time="2024-07-31T08:18:15.917482" level="INFO">{'results': [{'gender': 'female', 'name': {'title': 'Ms', 'first': 'Rocío', 'last': 'Vicente'}, 'location': {'street': {'number': 175, 'name': 'Calle de Ángel García'}, 'city': 'Logroño', 'state': 'Región de Murcia', 'country': 'Spain', 'postcode': 23453, 'coordinates': {'latitude': '-32.6359', 'longitude': '34.4893'}, 'timezone': {'offset': '+11:00', 'description': 'Magadan, Solomon Islands, New Caledonia'}}, 'email': 'rocio.vicente@example.com', 'login': {'uuid': 'dfbf0b7f-2e3d-4081-9685-a783767c35d3', 'username': 'goldenostrich520', 'password': 'link', 'salt': '3n2cIhJA', 'md5': 'd16eac3f4650c950760f1e0476bd009a', 'sha1': '4c419e9ff870243a1a398cb9a3bfc3dde8336919', 'sha256': '1fa9082bf4d913efab6db03cdc6aba24ab119849704638f506fef2c8cc931c04'}, 'dob': {'date': '1976-03-17T18:25:33.815Z', 'age': 48}, 'registered': {'date': '2006-05-03T14:16:49.098Z', 'age': 18}, 'phone': '934-723-820', 'cell': '655-942-712', 'id': {'name': 'DNI', 'value': '88863834-T'}, 'picture': {'large': 'https://randomuser.me/api/portraits/women/43.jpg', 'medium': 'https://randomuser.me/api/portraits/med/women/43.jpg', 'thumbnail': 'https://randomuser.me/api/portraits/thumb/women/43.jpg'}, 'nat': 'ES'}], 'info': {'seed': '56a5dd7406bdc191', 'results': 1, 'page': 1, 'version': '1.4'}}</msg>
<arg>${json_data}</arg>
<doc>Logs the given message with the given level.</doc>
<status status="PASS" start="2024-07-31T08:18:15.917325" elapsed="0.000205"/>
</kw>
<kw name="Should Be Equal As Numbers" owner="BuiltIn">
<arg>${json_data['results'][0]['location']['postcode']}</arg>
<arg>${json_data['results'][0]['location']['postcode']}</arg>
<doc>Fails if objects are unequal after converting them to real numbers.</doc>
<status status="PASS" start="2024-07-31T08:18:15.917824" elapsed="0.000628"/>
</kw>
<kw name="Log" owner="BuiltIn">
<msg time="2024-07-31T08:18:15.919064" level="INFO">23453</msg>
<arg>${json_data['results'][0]['location']['postcode']}</arg>
<doc>Logs the given message with the given level.</doc>
<status status="PASS" start="2024-07-31T08:18:15.918686" elapsed="0.000419"/>
</kw>
<status status="PASS" start="2024-07-31T08:18:15.827273" elapsed="0.092086"/>
</kw>
<doc>Testa se os tipos de dados na resposta da API estão corretos.</doc>
<tag>testeTiposDados</tag>
<status status="PASS" start="2024-07-31T08:18:15.736405" elapsed="0.183118"/>
</test>
<test id="s1-s1-t5" name="Validar conteudo" line="35">
<kw name="Teste de Tipos de Conteudo" owner="random-user-service">
<kw name="GET On Session" owner="RequestsLibrary">
<msg time="2024-07-31T08:18:16.019989" level="INFO">GET Request : url=https://randomuser.me/api 
 path_url=/api 
 headers={'User-Agent': 'python-requests/2.32.3', 'Accept-Encoding': 'gzip, deflate', 'Accept': '*/*', 'Connection': 'keep-alive'} 
 body=None 
 </msg>
<msg time="2024-07-31T08:18:16.020087" level="INFO">GET Response : url=https://randomuser.me/api 
 status=200, reason=OK 
 headers={'Date': 'Wed, 31 Jul 2024 08:18:16 GMT', 'Content-Type': 'application/json; charset=utf-8', 'Transfer-Encoding': 'chunked', 'Connection': 'keep-alive', 'X-Powered-By': 'Express', 'Access-Control-Allow-Origin': '*', 'Cache-Control': 'no-cache', 'ETag': 'W/"48e-zqINdSfawXoGPlJiRF4ny6dqvWU"', 'Vary': 'Accept-Encoding', 'Content-Encoding': 'gzip', 'CF-Cache-Status': 'DYNAMIC', 'Report-To': '{"endpoints":[{"url":"https:\\/\\/a.nel.cloudflare.com\\/report\\/v4?s=q%2FAho3hUhS8awo%2Fjd2psCHWRwn1og1ZFOMe4I7kmqjFfh5lNMAbn5DSTNJqePZwk03kGf67LAI5bJpj4OMxgCKXfiJ3aDNBh5oI7jHNgMamnwzhltEeFK9ST5x0%2FdBON"}],"group":"cf-nel","max_age":604800}', 'NEL': '{"success_fraction":0,"report_to":"cf-nel","max_age":604800}', 'Server': 'cloudflare', 'CF-RAY': '8abc28218929620f-ORD', 'alt-svc': 'h3=":443"; ma=86400'} 
 body={"results":[{"gender":"male","name":{"title":"Mr","first":"Ryan","last":"Addy"},"location":{"street":{"number":4876,"name":"Peel St"},"city":"Red Rock","state":"Newfoundland and Labrador","country":"Canada","postcode":"B0U 6C7","coordinates":{"latitude":"-64.4719","longitude":"-121.9569"},"timezone":{"offset":"+4:00","description":"Abu Dhabi, Muscat, Baku, Tbilisi"}},"email":"ryan.addy@example.com","login":{"uuid":"c097ba56-fc13-48cc-b876-96c69c0c93ee","username":"heavygoose619","password":"katrin","salt":"7WemFVXp","md5":"4c4c9694810c0605d84398654c66e456","sha1":"3bc0aff8ff234d191e9098f6056c0fa9ffb91399","sha256":"07f663561be05c24f0989fbc030896c27a14842a28e000c88ed6c792edf827fe"},"dob":{"date":"1968-04-17T14:00:16.362Z","age":56},"registered":{"date":"2017-12-22T22:46:03.890Z","age":6},"phone":"P70 U62-8879","cell":"Y95 Q17-5025","id":{"name":"SIN","value":"553079617"},"picture":{"large":"https://randomuser.me/api/portraits/men/43.jpg","medium":"https://randomuser.me/api/portraits/med/men/43.jpg","thumbnail":"https://randomuser.me/api/portraits/thumb/men/43.jpg"},"nat":"CA"}],"info":{"seed":"d978cc3a3d066a53","results":1,"page":1,"version":"1.4"}} 
 </msg>
<msg time="2024-07-31T08:18:16.020165" level="INFO">/opt/hostedtoolcache/Python/3.12.4/x64/lib/python3.12/site-packages/urllib3/connectionpool.py:1099: InsecureRequestWarning: Unverified HTTPS request is being made to host 'randomuser.me'. Adding certificate verification is strongly advised. See: https://urllib3.readthedocs.io/en/latest/advanced-usage.html#tls-warnings
  warnings.warn(</msg>
<msg time="2024-07-31T08:18:16.020279" level="INFO">${response} = &lt;Response [200]&gt;</msg>
<var>${response}</var>
<arg>consultarAPI</arg>
<arg>/api</arg>
<doc>Sends a GET request on a previously created HTTP Session.</doc>
<status status="PASS" start="2024-07-31T08:18:15.921992" elapsed="0.098325"/>
</kw>
<kw name="Set Variable" owner="BuiltIn">
<msg time="2024-07-31T08:18:16.021265" level="INFO">${json_data} = {'results': [{'gender': 'male', 'name': {'title': 'Mr', 'first': 'Ryan', 'last': 'Addy'}, 'location': {'street': {'number': 4876, 'name': 'Peel St'}, 'city': 'Red Rock', 'state': 'Newfoundland and Lab...</msg>
<var>${json_data}</var>
<arg>${response.json()}</arg>
<doc>Returns the given values which can then be assigned to a variables.</doc>
<status status="PASS" start="2024-07-31T08:18:16.020771" elapsed="0.000522"/>
</kw>
<kw name="Set Variable" owner="BuiltIn">
<msg time="2024-07-31T08:18:16.021993" level="INFO">${name_title} = Mr</msg>
<var>${name_title}</var>
<arg>${json_data["results"][0]["name"]["title"]}</arg>
<doc>Returns the given values which can then be assigned to a variables.</doc>
<status status="PASS" start="2024-07-31T08:18:16.021603" elapsed="0.000415"/>
</kw>
<kw name="Create List" owner="BuiltIn">
<msg time="2024-07-31T08:18:16.022467" level="INFO">${allowed_titles} = ['Mr', 'Ms', 'Miss', 'Mrs', 'Madame', 'Monsieur']</msg>
<var>${allowed_titles}</var>
<arg>Mr</arg>
<arg>Ms</arg>
<arg>Miss</arg>
<arg>Mrs</arg>
<arg>Madame</arg>
<arg>Monsieur</arg>
<doc>Returns a list containing given items.</doc>
<status status="PASS" start="2024-07-31T08:18:16.022316" elapsed="0.000202"/>
</kw>
<kw name="List Should Contain Value" owner="Collections">
<arg>${allowed_titles}</arg>
<arg>${name_title}</arg>
<doc>Fails if the ``value`` is not found from ``list``.</doc>
<status status="PASS" start="2024-07-31T08:18:16.022820" elapsed="0.000183"/>
</kw>
<kw name="Set Variable" owner="BuiltIn">
<msg time="2024-07-31T08:18:16.023558" level="INFO">${name_country} = CA</msg>
<var>${name_country}</var>
<arg>${json_data["results"][0]["nat"]}</arg>
<doc>Returns the given values which can then be assigned to a variables.</doc>
<status status="PASS" start="2024-07-31T08:18:16.023183" elapsed="0.000400"/>
</kw>
<kw name="Create List" owner="BuiltIn">
<msg time="2024-07-31T08:18:16.024482" level="INFO">${list_country} = ['AD', 'AE', 'AF', 'AG', 'AI', 'AL', 'AM', 'AO', 'AQ', 'AR', 'AS', 'AT', 'AU', 'AW', 'AX', 'AZ', 'BA', 'BB', 'BD', 'BE', 'BF', 'BG', 'BH', 'BI', 'BJ', 'BL', 'BM', 'BN', 'BO', 'BQ', 'BR', 'BS', 'BT', '...</msg>
<var>${list_country}</var>
<arg>AD</arg>
<arg>AE</arg>
<arg>AF</arg>
<arg>AG</arg>
<arg>AI</arg>
<arg>AL</arg>
<arg>AM</arg>
<arg>AO</arg>
<arg>AQ</arg>
<arg>AR</arg>
<arg>AS</arg>
<arg>AT</arg>
<arg>AU</arg>
<arg>AW</arg>
<arg>AX</arg>
<arg>AZ</arg>
<arg>BA</arg>
<arg>BB</arg>
<arg>BD</arg>
<arg>BE</arg>
<arg>BF</arg>
<arg>BG</arg>
<arg>BH</arg>
<arg>BI</arg>
<arg>BJ</arg>
<arg>BL</arg>
<arg>BM</arg>
<arg>BN</arg>
<arg>BO</arg>
<arg>BQ</arg>
<arg>BR</arg>
<arg>BS</arg>
<arg>BT</arg>
<arg>BV</arg>
<arg>BW</arg>
<arg>BY</arg>
<arg>BZ</arg>
<arg>CA</arg>
<arg>CC</arg>
<arg>CD</arg>
<arg>CF</arg>
<arg>CG</arg>
<arg>CH</arg>
<arg>CI</arg>
<arg>CK</arg>
<arg>CL</arg>
<arg>CM</arg>
<arg>CN</arg>
<arg>CO</arg>
<arg>CR</arg>
<arg>CU</arg>
<arg>CV</arg>
<arg>CW</arg>
<arg>CX</arg>
<arg>CY</arg>
<arg>CZ</arg>
<arg>DE</arg>
<arg>DJ</arg>
<arg>DK</arg>
<arg>DM</arg>
<arg>DO</arg>
<arg>DZ</arg>
<arg>EC</arg>
<arg>EE</arg>
<arg>EG</arg>
<arg>EH</arg>
<arg>ER</arg>
<arg>ES</arg>
<arg>ET</arg>
<arg>FI</arg>
<arg>FJ</arg>
<arg>FK</arg>
<arg>FM</arg>
<arg>FO</arg>
<arg>FR</arg>
<arg>GA</arg>
<arg>GB</arg>
<arg>GD</arg>
<arg>GE</arg>
<arg>GF</arg>
<arg>GG</arg>
<arg>GH</arg>
<arg>GI</arg>
<arg>GL</arg>
<arg>GM</arg>
<arg>GN</arg>
<arg>GP</arg>
<arg>GQ</arg>
<arg>GR</arg>
<arg>GS</arg>
<arg>GT</arg>
<arg>GU</arg>
<arg>GW</arg>
<arg>GY</arg>
<arg>HK</arg>
<arg>HM</arg>
<arg>HN</arg>
<arg>HR</arg>
<arg>HT</arg>
<arg>HU</arg>
<arg>ID</arg>
<arg>IE</arg>
<arg>IL</arg>
<arg>IM</arg>
<arg>IN</arg>
<arg>IO</arg>
<arg>IQ</arg>
<arg>IR</arg>
<arg>IS</arg>
<arg>IT</arg>
<arg>JE</arg>
<arg>JM</arg>
<arg>JO</arg>
<arg>JP</arg>
<arg>KE</arg>
<arg>KG</arg>
<arg>KH</arg>
<arg>KI</arg>
<arg>KM</arg>
<arg>KN</arg>
<arg>KP</arg>
<arg>KR</arg>
<arg>KW</arg>
<arg>KY</arg>
<arg>KZ</arg>
<arg>LA</arg>
<arg>LB</arg>
<arg>LC</arg>
<arg>LI</arg>
<arg>LK</arg>
<arg>LR</arg>
<arg>LS</arg>
<arg>LT</arg>
<arg>LU</arg>
<arg>LV</arg>
<arg>LY</arg>
<arg>MA</arg>
<arg>MC</arg>
<arg>MD</arg>
<arg>ME</arg>
<arg>MF</arg>
<arg>MG</arg>
<arg>MH</arg>
<arg>MK</arg>
<arg>ML</arg>
<arg>MM</arg>
<arg>MN</arg>
<arg>MO</arg>
<arg>MP</arg>
<arg>MQ</arg>
<arg>MR</arg>
<arg>MS</arg>
<arg>MT</arg>
<arg>MU</arg>
<arg>MV</arg>
<arg>MW</arg>
<arg>MX</arg>
<arg>MY</arg>
<arg>MZ</arg>
<arg>NA</arg>
<arg>NC</arg>
<arg>NE</arg>
<arg>NF</arg>
<arg>NG</arg>
<arg>NI</arg>
<arg>NL</arg>
<arg>NO</arg>
<arg>NP</arg>
<arg>NR</arg>
<arg>NU</arg>
<arg>NZ</arg>
<arg>OM</arg>
<arg>PA</arg>
<arg>PE</arg>
<arg>PF</arg>
<arg>PG</arg>
<arg>PH</arg>
<arg>PK</arg>
<arg>PL</arg>
<arg>PM</arg>
<arg>PN</arg>
<arg>PR</arg>
<arg>PS</arg>
<arg>PT</arg>
<arg>PW</arg>
<arg>PY</arg>
<arg>QA</arg>
<arg>RE</arg>
<arg>RO</arg>
<arg>RS</arg>
<arg>RU</arg>
<arg>RW</arg>
<arg>SA</arg>
<arg>SB</arg>
<arg>SC</arg>
<arg>SD</arg>
<arg>SE</arg>
<arg>SG</arg>
<arg>SH</arg>
<arg>SI</arg>
<arg>SJ</arg>
<arg>SK</arg>
<arg>SL</arg>
<arg>SM</arg>
<arg>SN</arg>
<arg>SO</arg>
<arg>SR</arg>
<arg>SS</arg>
<arg>ST</arg>
<arg>SV</arg>
<arg>SX</arg>
<arg>SY</arg>
<arg>SZ</arg>
<arg>TC</arg>
<arg>TD</arg>
<arg>TF</arg>
<arg>TG</arg>
<arg>TH</arg>
<arg>TJ</arg>
<arg>TK</arg>
<arg>TL</arg>
<arg>TM</arg>
<arg>TN</arg>
<arg>TO</arg>
<arg>TR</arg>
<arg>TT</arg>
<arg>TV</arg>
<arg>TW</arg>
<arg>TZ</arg>
<arg>UA</arg>
<arg>UG</arg>
<arg>UM</arg>
<arg>US</arg>
<arg>UY</arg>
<arg>UZ</arg>
<arg>VA</arg>
<arg>VC</arg>
<arg>VE</arg>
<arg>VG</arg>
<arg>VI</arg>
<arg>VN</arg>
<arg>VU</arg>
<arg>WF</arg>
<arg>WS</arg>
<arg>XK</arg>
<arg>YE</arg>
<arg>YT</arg>
<arg>ZA</arg>
<arg>ZM</arg>
<arg>ZW</arg>
<doc>Returns a list containing given items.</doc>
<status status="PASS" start="2024-07-31T08:18:16.023876" elapsed="0.000632"/>
</kw>
<kw name="List Should Contain Value" owner="Collections">
<arg>${list_country}</arg>
<arg>${name_country}</arg>
<doc>Fails if the ``value`` is not found from ``list``.</doc>
<status status="PASS" start="2024-07-31T08:18:16.025482" elapsed="0.000210"/>
</kw>
<kw name="Run Keyword If" owner="BuiltIn">
<kw name="Should Be True" owner="BuiltIn">
<arg>${True}</arg>
<doc>Fails if the given condition is not true.</doc>
<status status="PASS" start="2024-07-31T08:18:16.026668" elapsed="0.000145"/>
</kw>
<arg>${json_data["results"][0]["location"]["coordinates"]["latitude"]} &gt;= -90 and ${json_data["results"][0]["location"]["coordinates"]["latitude"]} &lt;= 90</arg>
<arg>Should Be True</arg>
<arg>${True}</arg>
<doc>Runs the given keyword with the given arguments, if ``condition`` is true.</doc>
<status status="PASS" start="2024-07-31T08:18:16.025894" elapsed="0.001046"/>
</kw>
<kw name="Run Keyword If" owner="BuiltIn">
<kw name="Should Be True" owner="BuiltIn">
<arg>${True}</arg>
<doc>Fails if the given condition is not true.</doc>
<status status="PASS" start="2024-07-31T08:18:16.027814" elapsed="0.000138"/>
</kw>
<arg>${json_data["results"][0]["location"]["coordinates"]["longitude"]} &gt;= -180 and ${json_data["results"][0]["location"]["coordinates"]["longitude"]} &lt;= 180</arg>
<arg>Should Be True</arg>
<arg>${True}</arg>
<doc>Runs the given keyword with the given arguments, if ``condition`` is true.</doc>
<status status="PASS" start="2024-07-31T08:18:16.027120" elapsed="0.000955"/>
</kw>
<status status="PASS" start="2024-07-31T08:18:15.921767" elapsed="0.106439"/>
</kw>
<doc>Testa o conteúdo específico dos campos retornados pela API.</doc>
<tag>testeConteudo</tag>
<status status="PASS" start="2024-07-31T08:18:15.921265" elapsed="0.107092"/>
</test>
<status status="PASS" start="2024-07-31T08:18:15.051364" elapsed="0.978954"/>
</suite>
<status status="PASS" start="2024-07-31T08:18:15.036788" elapsed="0.998609"/>
</suite>
<statistics>
<total>
<stat pass="5" fail="0" skip="0">All Tests</stat>
</total>
<tag>
<stat pass="1" fail="0" skip="0">testeConteudo</stat>
<stat pass="1" fail="0" skip="0">testeEstruturaResposta</stat>
<stat pass="1" fail="0" skip="0">testeRequisicaoBasica</stat>
<stat pass="1" fail="0" skip="0">testeTiposDados</stat>
</tag>
<suite>
<stat pass="5" fail="0" skip="0" id="s1" name="Tests">Tests</stat>
<stat pass="5" fail="0" skip="0" id="s1-s1" name="Random-User-Test">Tests.Random-User-Test</stat>
</suite>
</statistics>
<errors>
</errors>
</robot>
