<?xml version="1.0" encoding="UTF-8"?>
<robot generator="Robot 7.0.1 (Python 3.12.4 on linux)" generated="2024-07-11T09:17:10.855187" rpa="false" schemaversion="5">
<suite id="s1" name="Tests" source="/home/runner/work/ApiRandomUser/ApiRandomUser/RamdonUser/tests">
<suite id="s1-s1" name="Random-User-Test" source="/home/runner/work/ApiRandomUser/ApiRandomUser/RamdonUser/tests/random-user-test.robot">
<test id="s1-s1-t1" name="Conectar" line="13">
<kw name="Conectar API" owner="random-user-service">
<kw name="Create Session" owner="RequestsLibrary">
<msg time="2024-07-11T09:17:11.335026" level="INFO">Creating Session using : alias=consultarAPI, url=https://randomuser.me/, headers={},                     cookies={}, auth=None, timeout=None, proxies=None, verify=False,                     debug=0 </msg>
<arg>consultarAPI</arg>
<arg>${URL}</arg>
<doc>Create Session: create a HTTP session to a server</doc>
<status status="PASS" start="2024-07-11T09:17:11.334758" elapsed="0.000607"/>
</kw>
<status status="PASS" start="2024-07-11T09:17:11.333508" elapsed="0.002355"/>
</kw>
<status status="PASS" start="2024-07-11T09:17:11.332649" elapsed="0.003443"/>
</test>
<test id="s1-s1-t2" name="Validar retorno 200 e JSON Válido" line="16">
<kw name="Teste de Requisicao Basica" owner="random-user-service">
<kw name="GET On Session" owner="RequestsLibrary">
<msg time="2024-07-11T09:17:11.579338" level="INFO">GET Request : url=https://randomuser.me/api 
 path_url=/api 
 headers={'User-Agent': 'python-requests/2.32.3', 'Accept-Encoding': 'gzip, deflate', 'Accept': '*/*', 'Connection': 'keep-alive'} 
 body=None 
 </msg>
<msg time="2024-07-11T09:17:11.579581" level="INFO">GET Response : url=https://randomuser.me/api 
 status=200, reason=OK 
 headers={'Date': 'Thu, 11 Jul 2024 09:17:11 GMT', 'Content-Type': 'application/json; charset=utf-8', 'Transfer-Encoding': 'chunked', 'Connection': 'keep-alive', 'X-Powered-By': 'Express', 'Access-Control-Allow-Origin': '*', 'Cache-Control': 'no-cache', 'ETag': 'W/"47d-HNhoBk1SHI5GIh9YGm/NHZ6LfNo"', 'Vary': 'Accept-Encoding', 'Content-Encoding': 'gzip', 'CF-Cache-Status': 'DYNAMIC', 'Report-To': '{"endpoints":[{"url":"https:\\/\\/a.nel.cloudflare.com\\/report\\/v4?s=q9QMAufSAQcpRk7pRH%2FqRBMS8pLkHvf%2FgnaIRDhlIiKHoDaU4K4ripcFKeSMUOSNb6GS2RpADuJ9lSt68iTBSTSeGq%2FVE4ejj7oAllDGBYFANMTkGYK6BKbIig%2FurtG%2F"}],"group":"cf-nel","max_age":604800}', 'NEL': '{"success_fraction":0,"report_to":"cf-nel","max_age":604800}', 'Server': 'cloudflare', 'CF-RAY': '8a17b2f31e7f8230-IAD', 'alt-svc': 'h3=":443"; ma=86400'} 
 body={"results":[{"gender":"male","name":{"title":"Mr","first":"Lahbib","last":"Dolleman"},"location":{"street":{"number":1405,"name":"Izanamistraat"},"city":"Heeten","state":"Gelderland","country":"Netherlands","postcode":"6472 ZR","coordinates":{"latitude":"35.7172","longitude":"-147.1666"},"timezone":{"offset":"-10:00","description":"Hawaii"}},"email":"lahbib.dolleman@example.com","login":{"uuid":"8212c549-6e67-47ee-8d98-b6ea75b2bdb4","username":"purpleleopard753","password":"strap","salt":"y5yBB45F","md5":"d3c6026345636264e705479624351fa0","sha1":"6cbf38ddc35265fc375c8d0de0398380b7e0ed92","sha256":"1c1887c70788341e5508a79e81d0f0203dc29226914ed62cf89e4747ce000a40"},"dob":{"date":"1969-04-02T17:58:55.520Z","age":55},"registered":{"date":"2019-11-20T16:50:52.024Z","age":4},"phone":"(043) 7178721","cell":"(06) 68432310","id":{"name":"BSN","value":"94402914"},"picture":{"large":"https://randomuser.me/api/portraits/men/64.jpg","medium":"https://randomuser.me/api/portraits/med/men/64.jpg","thumbnail":"https://randomuser.me/api/portraits/thumb/men/64.jpg"},"nat":"NL"}],"info":{"seed":"db59dde6c464b3be","results":1,"page":1,"version":"1.4"}} 
 </msg>
<msg time="2024-07-11T09:17:11.579723" level="INFO">/opt/hostedtoolcache/Python/3.12.4/x64/lib/python3.12/site-packages/urllib3/connectionpool.py:1099: InsecureRequestWarning: Unverified HTTPS request is being made to host 'randomuser.me'. Adding certificate verification is strongly advised. See: https://urllib3.readthedocs.io/en/latest/advanced-usage.html#tls-warnings
  warnings.warn(</msg>
<msg time="2024-07-11T09:17:11.579976" level="INFO">${response} = &lt;Response [200]&gt;</msg>
<var>${response}</var>
<arg>consultarAPI</arg>
<arg>/api</arg>
<doc>Sends a GET request on a previously created HTTP Session.</doc>
<status status="PASS" start="2024-07-11T09:17:11.339198" elapsed="0.240840"/>
</kw>
<kw name="Should Be Equal As Numbers" owner="BuiltIn">
<msg time="2024-07-11T09:17:11.581579" level="INFO">Argument types are:
&lt;class 'int'&gt;
&lt;class 'str'&gt;</msg>
<arg>${response.status_code}</arg>
<arg>200</arg>
<doc>Fails if objects are unequal after converting them to real numbers.</doc>
<status status="PASS" start="2024-07-11T09:17:11.580893" elapsed="0.000774"/>
</kw>
<kw name="Log" owner="BuiltIn">
<msg time="2024-07-11T09:17:11.582508" level="INFO">200</msg>
<arg>${response.status_code}</arg>
<doc>Logs the given message with the given level.</doc>
<status status="PASS" start="2024-07-11T09:17:11.582066" elapsed="0.000488"/>
</kw>
<kw name="Set Variable" owner="BuiltIn">
<msg time="2024-07-11T09:17:11.583447" level="INFO">${json_data} = {'results': [{'gender': 'male', 'name': {'title': 'Mr', 'first': 'Lahbib', 'last': 'Dolleman'}, 'location': {'street': {'number': 1405, 'name': 'Izanamistraat'}, 'city': 'Heeten', 'state': 'Gelderland...</msg>
<var>${json_data}</var>
<arg>${response.json()}</arg>
<doc>Returns the given values which can then be assigned to a variables.</doc>
<status status="PASS" start="2024-07-11T09:17:11.582892" elapsed="0.000586"/>
</kw>
<kw name="Dictionary Should Contain Key" owner="Collections">
<arg>${json_data}</arg>
<arg>results</arg>
<doc>Fails if ``key`` is not found from ``dictionary``.</doc>
<status status="PASS" start="2024-07-11T09:17:11.583803" elapsed="0.000195"/>
</kw>
<status status="PASS" start="2024-07-11T09:17:11.338861" elapsed="0.245319"/>
</kw>
<doc>Testa se a API responde corretamente e retorna um objeto JSON válido.</doc>
<tag>testeRequisicaoBasica</tag>
<status status="PASS" start="2024-07-11T09:17:11.338229" elapsed="0.246192"/>
</test>
<test id="s1-s1-t3" name="Validar estrutura de resposta" line="22">
<kw name="Teste de Estrutura de Resposta" owner="random-user-service">
<kw name="GET On Session" owner="RequestsLibrary">
<msg time="2024-07-11T09:17:11.673673" level="INFO">GET Request : url=https://randomuser.me/api 
 path_url=/api 
 headers={'User-Agent': 'python-requests/2.32.3', 'Accept-Encoding': 'gzip, deflate', 'Accept': '*/*', 'Connection': 'keep-alive'} 
 body=None 
 </msg>
<msg time="2024-07-11T09:17:11.673879" level="INFO">GET Response : url=https://randomuser.me/api 
 status=200, reason=OK 
 headers={'Date': 'Thu, 11 Jul 2024 09:17:11 GMT', 'Content-Type': 'application/json; charset=utf-8', 'Transfer-Encoding': 'chunked', 'Connection': 'keep-alive', 'X-Powered-By': 'Express', 'Access-Control-Allow-Origin': '*', 'Cache-Control': 'no-cache', 'ETag': 'W/"477-3SdFu5Q3/qMzETOs8xv5DOd/unU"', 'Vary': 'Accept-Encoding', 'Content-Encoding': 'gzip', 'CF-Cache-Status': 'DYNAMIC', 'Report-To': '{"endpoints":[{"url":"https:\\/\\/a.nel.cloudflare.com\\/report\\/v4?s=v33cNchG%2Bcy9JlKE8fIQHnbOQDjN17%2FQFV0%2FInnhbey1Y0ijYYtKpXlEgmEWoypE%2Fr4CD5O7GANRsJgeVXBURJX4jNi8tubHvhLju81sR7foGgKGcGgy3ZFS5G4E1ZAR"}],"group":"cf-nel","max_age":604800}', 'NEL': '{"success_fraction":0,"report_to":"cf-nel","max_age":604800}', 'Server': 'cloudflare', 'CF-RAY': '8a17b2f36ecf8230-IAD', 'alt-svc': 'h3=":443"; ma=86400'} 
 body={"results":[{"gender":"female","name":{"title":"Ms","first":"Nalan","last":"Köylüoğlu"},"location":{"street":{"number":4975,"name":"Anafartalar Cd"},"city":"Adana","state":"Manisa","country":"Turkey","postcode":88863,"coordinates":{"latitude":"64.6769","longitude":"170.2651"},"timezone":{"offset":"-3:30","description":"Newfoundland"}},"email":"nalan.koyluoglu@example.com","login":{"uuid":"b9c47108-ec93-4f87-be57-620e5876f9e1","username":"lazygorilla256","password":"eeyore","salt":"VLp7FED6","md5":"601afea0622c7281e0b820b7c806d91d","sha1":"a63d3a05c1845bb67b6431c025bb1a5e58147952","sha256":"d6370eeeb7195b5f75d35843ff73a7eb672af328d639a54e2fe86d3f2780b22d"},"dob":{"date":"1948-02-02T13:20:59.082Z","age":76},"registered":{"date":"2020-07-16T09:53:22.598Z","age":3},"phone":"(544)-969-1932","cell":"(382)-047-5215","id":{"name":"","value":null},"picture":{"large":"https://randomuser.me/api/portraits/women/34.jpg","medium":"https://randomuser.me/api/portraits/med/women/34.jpg","thumbnail":"https://randomuser.me/api/portraits/thumb/women/34.jpg"},"nat":"TR"}],"info":{"seed":"ce6d22aa46b2d612","results":1,"page":1,"version":"1.4"}} 
 </msg>
<msg time="2024-07-11T09:17:11.674128" level="INFO">/opt/hostedtoolcache/Python/3.12.4/x64/lib/python3.12/site-packages/urllib3/connectionpool.py:1099: InsecureRequestWarning: Unverified HTTPS request is being made to host 'randomuser.me'. Adding certificate verification is strongly advised. See: https://urllib3.readthedocs.io/en/latest/advanced-usage.html#tls-warnings
  warnings.warn(</msg>
<msg time="2024-07-11T09:17:11.674361" level="INFO">${response} = &lt;Response [200]&gt;</msg>
<var>${response}</var>
<arg>consultarAPI</arg>
<arg>/api</arg>
<doc>Sends a GET request on a previously created HTTP Session.</doc>
<status status="PASS" start="2024-07-11T09:17:11.587595" elapsed="0.086815"/>
</kw>
<kw name="Set Variable" owner="BuiltIn">
<msg time="2024-07-11T09:17:11.676151" level="INFO">${json_data} = {'results': [{'gender': 'female', 'name': {'title': 'Ms', 'first': 'Nalan', 'last': 'Köylüoğlu'}, 'location': {'street': {'number': 4975, 'name': 'Anafartalar Cd'}, 'city': 'Adana', 'state': 'Manisa',...</msg>
<var>${json_data}</var>
<arg>${response.json()}</arg>
<doc>Returns the given values which can then be assigned to a variables.</doc>
<status status="PASS" start="2024-07-11T09:17:11.675373" elapsed="0.000816"/>
</kw>
<kw name="Log" owner="BuiltIn">
<msg time="2024-07-11T09:17:11.676788" level="INFO">{'results': [{'gender': 'female', 'name': {'title': 'Ms', 'first': 'Nalan', 'last': 'Köylüoğlu'}, 'location': {'street': {'number': 4975, 'name': 'Anafartalar Cd'}, 'city': 'Adana', 'state': 'Manisa', 'country': 'Turkey', 'postcode': 88863, 'coordinates': {'latitude': '64.6769', 'longitude': '170.2651'}, 'timezone': {'offset': '-3:30', 'description': 'Newfoundland'}}, 'email': 'nalan.koyluoglu@example.com', 'login': {'uuid': 'b9c47108-ec93-4f87-be57-620e5876f9e1', 'username': 'lazygorilla256', 'password': 'eeyore', 'salt': 'VLp7FED6', 'md5': '601afea0622c7281e0b820b7c806d91d', 'sha1': 'a63d3a05c1845bb67b6431c025bb1a5e58147952', 'sha256': 'd6370eeeb7195b5f75d35843ff73a7eb672af328d639a54e2fe86d3f2780b22d'}, 'dob': {'date': '1948-02-02T13:20:59.082Z', 'age': 76}, 'registered': {'date': '2020-07-16T09:53:22.598Z', 'age': 3}, 'phone': '(544)-969-1932', 'cell': '(382)-047-5215', 'id': {'name': '', 'value': None}, 'picture': {'large': 'https://randomuser.me/api/portraits/women/34.jpg', 'medium': 'https://randomuser.me/api/portraits/med/women/34.jpg', 'thumbnail': 'https://randomuser.me/api/portraits/thumb/women/34.jpg'}, 'nat': 'TR'}], 'info': {'seed': 'ce6d22aa46b2d612', 'results': 1, 'page': 1, 'version': '1.4'}}</msg>
<arg>${json_data}</arg>
<doc>Logs the given message with the given level.</doc>
<status status="PASS" start="2024-07-11T09:17:11.676586" elapsed="0.000264"/>
</kw>
<kw name="Dictionary Should Contain Key" owner="Collections">
<arg>${json_data}</arg>
<arg>results</arg>
<doc>Fails if ``key`` is not found from ``dictionary``.</doc>
<status status="PASS" start="2024-07-11T09:17:11.677178" elapsed="0.000192"/>
</kw>
<kw name="Should Not Be Empty" owner="BuiltIn">
<msg time="2024-07-11T09:17:11.677714" level="INFO">Length is 2.</msg>
<arg>${json_data}</arg>
<doc>Verifies that the given item is not empty.</doc>
<status status="PASS" start="2024-07-11T09:17:11.677581" elapsed="0.000175"/>
</kw>
<kw name="Create List" owner="BuiltIn">
<msg time="2024-07-11T09:17:11.678241" level="INFO">${expected_keys} = ['gender', 'name', 'location', 'email', 'login']</msg>
<var>${expected_keys}</var>
<arg>gender</arg>
<arg>name</arg>
<arg>location</arg>
<arg>email</arg>
<arg>login</arg>
<doc>Returns a list containing given items.</doc>
<status status="PASS" start="2024-07-11T09:17:11.678079" elapsed="0.000188"/>
</kw>
<for flavor="IN">
<iter>
<kw name="Dictionary Should Contain Key" owner="Collections">
<arg>${json_data['results'][0]}</arg>
<arg>${key}</arg>
<doc>Fails if ``key`` is not found from ``dictionary``.</doc>
<status status="PASS" start="2024-07-11T09:17:11.679241" elapsed="0.000457"/>
</kw>
<kw name="Log" owner="BuiltIn">
<msg time="2024-07-11T09:17:11.680284" level="INFO">{'gender': 'female', 'name': {'title': 'Ms', 'first': 'Nalan', 'last': 'Köylüoğlu'}, 'location': {'street': {'number': 4975, 'name': 'Anafartalar Cd'}, 'city': 'Adana', 'state': 'Manisa', 'country': 'Turkey', 'postcode': 88863, 'coordinates': {'latitude': '64.6769', 'longitude': '170.2651'}, 'timezone': {'offset': '-3:30', 'description': 'Newfoundland'}}, 'email': 'nalan.koyluoglu@example.com', 'login': {'uuid': 'b9c47108-ec93-4f87-be57-620e5876f9e1', 'username': 'lazygorilla256', 'password': 'eeyore', 'salt': 'VLp7FED6', 'md5': '601afea0622c7281e0b820b7c806d91d', 'sha1': 'a63d3a05c1845bb67b6431c025bb1a5e58147952', 'sha256': 'd6370eeeb7195b5f75d35843ff73a7eb672af328d639a54e2fe86d3f2780b22d'}, 'dob': {'date': '1948-02-02T13:20:59.082Z', 'age': 76}, 'registered': {'date': '2020-07-16T09:53:22.598Z', 'age': 3}, 'phone': '(544)-969-1932', 'cell': '(382)-047-5215', 'id': {'name': '', 'value': None}, 'picture': {'large': 'https://randomuser.me/api/portraits/women/34.jpg', 'medium': 'https://randomuser.me/api/portraits/med/women/34.jpg', 'thumbnail': 'https://randomuser.me/api/portraits/thumb/women/34.jpg'}, 'nat': 'TR'}</msg>
<arg>${json_data['results'][0]}</arg>
<doc>Logs the given message with the given level.</doc>
<status status="PASS" start="2024-07-11T09:17:11.679901" elapsed="0.000438"/>
</kw>
<kw name="Log" owner="BuiltIn">
<msg time="2024-07-11T09:17:11.680793" level="INFO">gender</msg>
<arg>${key}</arg>
<doc>Logs the given message with the given level.</doc>
<status status="PASS" start="2024-07-11T09:17:11.680658" elapsed="0.000175"/>
</kw>
<var name="${key}">gender</var>
<status status="PASS" start="2024-07-11T09:17:11.679097" elapsed="0.001961"/>
</iter>
<iter>
<kw name="Dictionary Should Contain Key" owner="Collections">
<arg>${json_data['results'][0]}</arg>
<arg>${key}</arg>
<doc>Fails if ``key`` is not found from ``dictionary``.</doc>
<status status="PASS" start="2024-07-11T09:17:11.681391" elapsed="0.000408"/>
</kw>
<kw name="Log" owner="BuiltIn">
<msg time="2024-07-11T09:17:11.682371" level="INFO">{'gender': 'female', 'name': {'title': 'Ms', 'first': 'Nalan', 'last': 'Köylüoğlu'}, 'location': {'street': {'number': 4975, 'name': 'Anafartalar Cd'}, 'city': 'Adana', 'state': 'Manisa', 'country': 'Turkey', 'postcode': 88863, 'coordinates': {'latitude': '64.6769', 'longitude': '170.2651'}, 'timezone': {'offset': '-3:30', 'description': 'Newfoundland'}}, 'email': 'nalan.koyluoglu@example.com', 'login': {'uuid': 'b9c47108-ec93-4f87-be57-620e5876f9e1', 'username': 'lazygorilla256', 'password': 'eeyore', 'salt': 'VLp7FED6', 'md5': '601afea0622c7281e0b820b7c806d91d', 'sha1': 'a63d3a05c1845bb67b6431c025bb1a5e58147952', 'sha256': 'd6370eeeb7195b5f75d35843ff73a7eb672af328d639a54e2fe86d3f2780b22d'}, 'dob': {'date': '1948-02-02T13:20:59.082Z', 'age': 76}, 'registered': {'date': '2020-07-16T09:53:22.598Z', 'age': 3}, 'phone': '(544)-969-1932', 'cell': '(382)-047-5215', 'id': {'name': '', 'value': None}, 'picture': {'large': 'https://randomuser.me/api/portraits/women/34.jpg', 'medium': 'https://randomuser.me/api/portraits/med/women/34.jpg', 'thumbnail': 'https://randomuser.me/api/portraits/thumb/women/34.jpg'}, 'nat': 'TR'}</msg>
<arg>${json_data['results'][0]}</arg>
<doc>Logs the given message with the given level.</doc>
<status status="PASS" start="2024-07-11T09:17:11.681992" elapsed="0.000471"/>
</kw>
<kw name="Log" owner="BuiltIn">
<msg time="2024-07-11T09:17:11.682913" level="INFO">name</msg>
<arg>${key}</arg>
<doc>Logs the given message with the given level.</doc>
<status status="PASS" start="2024-07-11T09:17:11.682781" elapsed="0.000172"/>
</kw>
<var name="${key}">name</var>
<status status="PASS" start="2024-07-11T09:17:11.681274" elapsed="0.001959"/>
</iter>
<iter>
<kw name="Dictionary Should Contain Key" owner="Collections">
<arg>${json_data['results'][0]}</arg>
<arg>${key}</arg>
<doc>Fails if ``key`` is not found from ``dictionary``.</doc>
<status status="PASS" start="2024-07-11T09:17:11.683544" elapsed="0.000415"/>
</kw>
<kw name="Log" owner="BuiltIn">
<msg time="2024-07-11T09:17:11.684530" level="INFO">{'gender': 'female', 'name': {'title': 'Ms', 'first': 'Nalan', 'last': 'Köylüoğlu'}, 'location': {'street': {'number': 4975, 'name': 'Anafartalar Cd'}, 'city': 'Adana', 'state': 'Manisa', 'country': 'Turkey', 'postcode': 88863, 'coordinates': {'latitude': '64.6769', 'longitude': '170.2651'}, 'timezone': {'offset': '-3:30', 'description': 'Newfoundland'}}, 'email': 'nalan.koyluoglu@example.com', 'login': {'uuid': 'b9c47108-ec93-4f87-be57-620e5876f9e1', 'username': 'lazygorilla256', 'password': 'eeyore', 'salt': 'VLp7FED6', 'md5': '601afea0622c7281e0b820b7c806d91d', 'sha1': 'a63d3a05c1845bb67b6431c025bb1a5e58147952', 'sha256': 'd6370eeeb7195b5f75d35843ff73a7eb672af328d639a54e2fe86d3f2780b22d'}, 'dob': {'date': '1948-02-02T13:20:59.082Z', 'age': 76}, 'registered': {'date': '2020-07-16T09:53:22.598Z', 'age': 3}, 'phone': '(544)-969-1932', 'cell': '(382)-047-5215', 'id': {'name': '', 'value': None}, 'picture': {'large': 'https://randomuser.me/api/portraits/women/34.jpg', 'medium': 'https://randomuser.me/api/portraits/med/women/34.jpg', 'thumbnail': 'https://randomuser.me/api/portraits/thumb/women/34.jpg'}, 'nat': 'TR'}</msg>
<arg>${json_data['results'][0]}</arg>
<doc>Logs the given message with the given level.</doc>
<status status="PASS" start="2024-07-11T09:17:11.684154" elapsed="0.000431"/>
</kw>
<kw name="Log" owner="BuiltIn">
<msg time="2024-07-11T09:17:11.685050" level="INFO">location</msg>
<arg>${key}</arg>
<doc>Logs the given message with the given level.</doc>
<status status="PASS" start="2024-07-11T09:17:11.684907" elapsed="0.000183"/>
</kw>
<var name="${key}">location</var>
<status status="PASS" start="2024-07-11T09:17:11.683430" elapsed="0.001890"/>
</iter>
<iter>
<kw name="Dictionary Should Contain Key" owner="Collections">
<arg>${json_data['results'][0]}</arg>
<arg>${key}</arg>
<doc>Fails if ``key`` is not found from ``dictionary``.</doc>
<status status="PASS" start="2024-07-11T09:17:11.685614" elapsed="0.000399"/>
</kw>
<kw name="Log" owner="BuiltIn">
<msg time="2024-07-11T09:17:11.686591" level="INFO">{'gender': 'female', 'name': {'title': 'Ms', 'first': 'Nalan', 'last': 'Köylüoğlu'}, 'location': {'street': {'number': 4975, 'name': 'Anafartalar Cd'}, 'city': 'Adana', 'state': 'Manisa', 'country': 'Turkey', 'postcode': 88863, 'coordinates': {'latitude': '64.6769', 'longitude': '170.2651'}, 'timezone': {'offset': '-3:30', 'description': 'Newfoundland'}}, 'email': 'nalan.koyluoglu@example.com', 'login': {'uuid': 'b9c47108-ec93-4f87-be57-620e5876f9e1', 'username': 'lazygorilla256', 'password': 'eeyore', 'salt': 'VLp7FED6', 'md5': '601afea0622c7281e0b820b7c806d91d', 'sha1': 'a63d3a05c1845bb67b6431c025bb1a5e58147952', 'sha256': 'd6370eeeb7195b5f75d35843ff73a7eb672af328d639a54e2fe86d3f2780b22d'}, 'dob': {'date': '1948-02-02T13:20:59.082Z', 'age': 76}, 'registered': {'date': '2020-07-16T09:53:22.598Z', 'age': 3}, 'phone': '(544)-969-1932', 'cell': '(382)-047-5215', 'id': {'name': '', 'value': None}, 'picture': {'large': 'https://randomuser.me/api/portraits/women/34.jpg', 'medium': 'https://randomuser.me/api/portraits/med/women/34.jpg', 'thumbnail': 'https://randomuser.me/api/portraits/thumb/women/34.jpg'}, 'nat': 'TR'}</msg>
<arg>${json_data['results'][0]}</arg>
<doc>Logs the given message with the given level.</doc>
<status status="PASS" start="2024-07-11T09:17:11.686224" elapsed="0.000422"/>
</kw>
<kw name="Log" owner="BuiltIn">
<msg time="2024-07-11T09:17:11.687125" level="INFO">email</msg>
<arg>${key}</arg>
<doc>Logs the given message with the given level.</doc>
<status status="PASS" start="2024-07-11T09:17:11.686969" elapsed="0.000207"/>
</kw>
<var name="${key}">email</var>
<status status="PASS" start="2024-07-11T09:17:11.685502" elapsed="0.001905"/>
</iter>
<iter>
<kw name="Dictionary Should Contain Key" owner="Collections">
<arg>${json_data['results'][0]}</arg>
<arg>${key}</arg>
<doc>Fails if ``key`` is not found from ``dictionary``.</doc>
<status status="PASS" start="2024-07-11T09:17:11.687706" elapsed="0.000418"/>
</kw>
<kw name="Log" owner="BuiltIn">
<msg time="2024-07-11T09:17:11.688688" level="INFO">{'gender': 'female', 'name': {'title': 'Ms', 'first': 'Nalan', 'last': 'Köylüoğlu'}, 'location': {'street': {'number': 4975, 'name': 'Anafartalar Cd'}, 'city': 'Adana', 'state': 'Manisa', 'country': 'Turkey', 'postcode': 88863, 'coordinates': {'latitude': '64.6769', 'longitude': '170.2651'}, 'timezone': {'offset': '-3:30', 'description': 'Newfoundland'}}, 'email': 'nalan.koyluoglu@example.com', 'login': {'uuid': 'b9c47108-ec93-4f87-be57-620e5876f9e1', 'username': 'lazygorilla256', 'password': 'eeyore', 'salt': 'VLp7FED6', 'md5': '601afea0622c7281e0b820b7c806d91d', 'sha1': 'a63d3a05c1845bb67b6431c025bb1a5e58147952', 'sha256': 'd6370eeeb7195b5f75d35843ff73a7eb672af328d639a54e2fe86d3f2780b22d'}, 'dob': {'date': '1948-02-02T13:20:59.082Z', 'age': 76}, 'registered': {'date': '2020-07-16T09:53:22.598Z', 'age': 3}, 'phone': '(544)-969-1932', 'cell': '(382)-047-5215', 'id': {'name': '', 'value': None}, 'picture': {'large': 'https://randomuser.me/api/portraits/women/34.jpg', 'medium': 'https://randomuser.me/api/portraits/med/women/34.jpg', 'thumbnail': 'https://randomuser.me/api/portraits/thumb/women/34.jpg'}, 'nat': 'TR'}</msg>
<arg>${json_data['results'][0]}</arg>
<doc>Logs the given message with the given level.</doc>
<status status="PASS" start="2024-07-11T09:17:11.688320" elapsed="0.000424"/>
</kw>
<kw name="Log" owner="BuiltIn">
<msg time="2024-07-11T09:17:11.689194" level="INFO">login</msg>
<arg>${key}</arg>
<doc>Logs the given message with the given level.</doc>
<status status="PASS" start="2024-07-11T09:17:11.689061" elapsed="0.000172"/>
</kw>
<var name="${key}">login</var>
<status status="PASS" start="2024-07-11T09:17:11.687587" elapsed="0.001885"/>
</iter>
<var>${key}</var>
<value>@{expected_keys}</value>
<status status="PASS" start="2024-07-11T09:17:11.678827" elapsed="0.010776"/>
</for>
<kw name="Create List" owner="BuiltIn">
<msg time="2024-07-11T09:17:11.689973" level="INFO">${expected_keysTwo} = ['username', 'password']</msg>
<var>${expected_keysTwo}</var>
<arg>username</arg>
<arg>password</arg>
<doc>Returns a list containing given items.</doc>
<status status="PASS" start="2024-07-11T09:17:11.689828" elapsed="0.000171"/>
</kw>
<for flavor="IN">
<iter>
<kw name="Dictionary Should Contain Key" owner="Collections">
<arg>${json_data['results'][0]['login']}</arg>
<arg>${keyTwo}</arg>
<doc>Fails if ``key`` is not found from ``dictionary``.</doc>
<status status="PASS" start="2024-07-11T09:17:11.690568" elapsed="0.000417"/>
</kw>
<kw name="Dictionary Should Contain Key" owner="Collections">
<arg>${json_data['results'][0]['login']}</arg>
<arg>${keyTwo}</arg>
<doc>Fails if ``key`` is not found from ``dictionary``.</doc>
<status status="PASS" start="2024-07-11T09:17:11.691229" elapsed="0.000413"/>
</kw>
<kw name="Log" owner="BuiltIn">
<msg time="2024-07-11T09:17:11.691979" level="INFO">username</msg>
<arg>${keyTwo}</arg>
<doc>Logs the given message with the given level.</doc>
<status status="PASS" start="2024-07-11T09:17:11.691839" elapsed="0.000180"/>
</kw>
<var name="${keyTwo}">username</var>
<status status="PASS" start="2024-07-11T09:17:11.690454" elapsed="0.001815"/>
</iter>
<iter>
<kw name="Dictionary Should Contain Key" owner="Collections">
<arg>${json_data['results'][0]['login']}</arg>
<arg>${keyTwo}</arg>
<doc>Fails if ``key`` is not found from ``dictionary``.</doc>
<status status="PASS" start="2024-07-11T09:17:11.692565" elapsed="0.000411"/>
</kw>
<kw name="Dictionary Should Contain Key" owner="Collections">
<arg>${json_data['results'][0]['login']}</arg>
<arg>${keyTwo}</arg>
<doc>Fails if ``key`` is not found from ``dictionary``.</doc>
<status status="PASS" start="2024-07-11T09:17:11.693165" elapsed="0.000400"/>
</kw>
<kw name="Log" owner="BuiltIn">
<msg time="2024-07-11T09:17:11.693879" level="INFO">password</msg>
<arg>${keyTwo}</arg>
<doc>Logs the given message with the given level.</doc>
<status status="PASS" start="2024-07-11T09:17:11.693755" elapsed="0.000171"/>
</kw>
<var name="${keyTwo}">password</var>
<status status="PASS" start="2024-07-11T09:17:11.692452" elapsed="0.001711"/>
</iter>
<var>${keyTwo}</var>
<value>@{expected_keysTwo}</value>
<status status="PASS" start="2024-07-11T09:17:11.690282" elapsed="0.004010"/>
</for>
<status status="PASS" start="2024-07-11T09:17:11.587326" elapsed="0.107125"/>
</kw>
<doc>Testa a estrutura da resposta da API.</doc>
<tag>testeEstruturaResposta</tag>
<status status="PASS" start="2024-07-11T09:17:11.586542" elapsed="0.108102"/>
</test>
<test id="s1-s1-t4" name="Validar tipos de dados" line="28">
<kw name="Teste de Tipos de Dados" owner="random-user-service">
<kw name="GET On Session" owner="RequestsLibrary">
<msg time="2024-07-11T09:17:11.787872" level="INFO">GET Request : url=https://randomuser.me/api 
 path_url=/api 
 headers={'User-Agent': 'python-requests/2.32.3', 'Accept-Encoding': 'gzip, deflate', 'Accept': '*/*', 'Connection': 'keep-alive'} 
 body=None 
 </msg>
<msg time="2024-07-11T09:17:11.788030" level="INFO">GET Response : url=https://randomuser.me/api 
 status=200, reason=OK 
 headers={'Date': 'Thu, 11 Jul 2024 09:17:11 GMT', 'Content-Type': 'application/json; charset=utf-8', 'Transfer-Encoding': 'chunked', 'Connection': 'keep-alive', 'X-Powered-By': 'Express', 'Access-Control-Allow-Origin': '*', 'Cache-Control': 'no-cache', 'ETag': 'W/"497-n8C5Yi35F9sxtQfhUuD5Db4Fg8Q"', 'Vary': 'Accept-Encoding', 'Content-Encoding': 'gzip', 'CF-Cache-Status': 'DYNAMIC', 'Report-To': '{"endpoints":[{"url":"https:\\/\\/a.nel.cloudflare.com\\/report\\/v4?s=rvbpPklBNp16KD0V%2Buhe5403CnruRF7ZScfGww7i%2BMIggEoltcUgko8M3XzSow4z%2BNb58CBL19c1TpDNaEFd%2FgLKrlLcSvYPVEaz1RBHF84hAd1f7GF5Vy1V4vVSVx1w"}],"group":"cf-nel","max_age":604800}', 'NEL': '{"success_fraction":0,"report_to":"cf-nel","max_age":604800}', 'Server': 'cloudflare', 'CF-RAY': '8a17b2f41f668230-IAD', 'alt-svc': 'h3=":443"; ma=86400'} 
 body={"results":[{"gender":"male","name":{"title":"Mr","first":"Charles","last":"Harcourt"},"location":{"street":{"number":188,"name":"Dieppe Ave"},"city":"Campbellton","state":"Prince Edward Island","country":"Canada","postcode":"C3M 1M6","coordinates":{"latitude":"-70.9073","longitude":"-135.9102"},"timezone":{"offset":"-8:00","description":"Pacific Time (US &amp; Canada)"}},"email":"charles.harcourt@example.com","login":{"uuid":"362051bd-2bcd-472e-8ac8-82272d160f28","username":"smalllion566","password":"options","salt":"jRXZCk7c","md5":"5bdfbe319c3ae502cd9149791c76b5a6","sha1":"f1899b24daddd04e2bef6cf421795eef5a48089b","sha256":"7ded4092085fe49b6b21bb749869b03629e414c5d53e422cedd73a41242ce7cb"},"dob":{"date":"1954-01-20T03:49:53.039Z","age":70},"registered":{"date":"2005-06-23T20:28:14.452Z","age":19},"phone":"E80 J09-1598","cell":"C82 Q32-3394","id":{"name":"SIN","value":"422952705"},"picture":{"large":"https://randomuser.me/api/portraits/men/43.jpg","medium":"https://randomuser.me/api/portraits/med/men/43.jpg","thumbnail":"https://randomuser.me/api/portraits/thumb/men/43.jpg"},"nat":"CA"}],"info":{"seed":"ae9a349d6db19ca2","results":1,"page":1,"version":"1.4"}} 
 </msg>
<msg time="2024-07-11T09:17:11.788154" level="INFO">/opt/hostedtoolcache/Python/3.12.4/x64/lib/python3.12/site-packages/urllib3/connectionpool.py:1099: InsecureRequestWarning: Unverified HTTPS request is being made to host 'randomuser.me'. Adding certificate verification is strongly advised. See: https://urllib3.readthedocs.io/en/latest/advanced-usage.html#tls-warnings
  warnings.warn(</msg>
<msg time="2024-07-11T09:17:11.788362" level="INFO">${response} = &lt;Response [200]&gt;</msg>
<var>${response}</var>
<arg>consultarAPI</arg>
<arg>/api</arg>
<doc>Sends a GET request on a previously created HTTP Session.</doc>
<status status="PASS" start="2024-07-11T09:17:11.697630" elapsed="0.090785"/>
</kw>
<kw name="Set Variable" owner="BuiltIn">
<msg time="2024-07-11T09:17:11.790100" level="INFO">${json_data} = {'results': [{'gender': 'male', 'name': {'title': 'Mr', 'first': 'Charles', 'last': 'Harcourt'}, 'location': {'street': {'number': 188, 'name': 'Dieppe Ave'}, 'city': 'Campbellton', 'state': 'Prince E...</msg>
<var>${json_data}</var>
<arg>${response.json()}</arg>
<doc>Returns the given values which can then be assigned to a variables.</doc>
<status status="PASS" start="2024-07-11T09:17:11.789326" elapsed="0.000810"/>
</kw>
<kw name="Log" owner="BuiltIn">
<msg time="2024-07-11T09:17:11.790710" level="INFO">{'results': [{'gender': 'male', 'name': {'title': 'Mr', 'first': 'Charles', 'last': 'Harcourt'}, 'location': {'street': {'number': 188, 'name': 'Dieppe Ave'}, 'city': 'Campbellton', 'state': 'Prince Edward Island', 'country': 'Canada', 'postcode': 'C3M 1M6', 'coordinates': {'latitude': '-70.9073', 'longitude': '-135.9102'}, 'timezone': {'offset': '-8:00', 'description': 'Pacific Time (US &amp; Canada)'}}, 'email': 'charles.harcourt@example.com', 'login': {'uuid': '362051bd-2bcd-472e-8ac8-82272d160f28', 'username': 'smalllion566', 'password': 'options', 'salt': 'jRXZCk7c', 'md5': '5bdfbe319c3ae502cd9149791c76b5a6', 'sha1': 'f1899b24daddd04e2bef6cf421795eef5a48089b', 'sha256': '7ded4092085fe49b6b21bb749869b03629e414c5d53e422cedd73a41242ce7cb'}, 'dob': {'date': '1954-01-20T03:49:53.039Z', 'age': 70}, 'registered': {'date': '2005-06-23T20:28:14.452Z', 'age': 19}, 'phone': 'E80 J09-1598', 'cell': 'C82 Q32-3394', 'id': {'name': 'SIN', 'value': '422952705'}, 'picture': {'large': 'https://randomuser.me/api/portraits/men/43.jpg', 'medium': 'https://randomuser.me/api/portraits/med/men/43.jpg', 'thumbnail': 'https://randomuser.me/api/portraits/thumb/men/43.jpg'}, 'nat': 'CA'}], 'info': {'seed': 'ae9a349d6db19ca2', 'results': 1, 'page': 1, 'version': '1.4'}}</msg>
<arg>${json_data}</arg>
<doc>Logs the given message with the given level.</doc>
<status status="PASS" start="2024-07-11T09:17:11.790517" elapsed="0.000260"/>
</kw>
<kw name="Should Be String" owner="String">
<arg>${json_data['results'][0]['gender']}</arg>
<doc>Fails if the given ``item`` is not a string.</doc>
<status status="PASS" start="2024-07-11T09:17:11.791168" elapsed="0.000439"/>
</kw>
<kw name="Should Match Regexp" owner="BuiltIn">
<arg>${json_data['results'][0]['email']}</arg>
<arg>^[a-zA-Z0-9._%+-]+@[a-zA-Z0-9.-]+\.[a-zA-Z]{2,}$</arg>
<doc>Fails if ``string`` does not match ``pattern`` as a regular expression.</doc>
<status status="PASS" start="2024-07-11T09:17:11.791825" elapsed="0.000598"/>
</kw>
<kw name="Should Match Regexp" owner="BuiltIn">
<arg>${json_data['results'][0]['dob']['date']}</arg>
<arg>\\d{4}-\\d{2}-\\d{2}T\\d{2}:\\d{2}:\\d{2}\\.\\d{3}Z</arg>
<doc>Fails if ``string`` does not match ``pattern`` as a regular expression.</doc>
<status status="PASS" start="2024-07-11T09:17:11.792684" elapsed="0.000534"/>
</kw>
<kw name="Should Match Regexp" owner="BuiltIn">
<arg>${json_data['results'][0]['registered']['date']}</arg>
<arg>\\d{4}-\\d{2}-\\d{2}T\\d{2}:\\d{2}:\\d{2}\\.\\d{3}Z</arg>
<doc>Fails if ``string`` does not match ``pattern`` as a regular expression.</doc>
<status status="PASS" start="2024-07-11T09:17:11.793422" elapsed="0.000404"/>
</kw>
<kw name="Should Match Regexp" owner="BuiltIn">
<arg>${json_data['results'][0]['picture']['large']}</arg>
<arg>^https?://.*\.(?:png|jpe?g|gif|bmp)$</arg>
<doc>Fails if ``string`` does not match ``pattern`` as a regular expression.</doc>
<status status="PASS" start="2024-07-11T09:17:11.794028" elapsed="0.000487"/>
</kw>
<kw name="Should Match Regexp" owner="BuiltIn">
<arg>${json_data['results'][0]['picture']['medium']}</arg>
<arg>^https?://.*\.(?:png|jpe?g|gif|bmp)$</arg>
<doc>Fails if ``string`` does not match ``pattern`` as a regular expression.</doc>
<status status="PASS" start="2024-07-11T09:17:11.794714" elapsed="0.000413"/>
</kw>
<kw name="Should Match Regexp" owner="BuiltIn">
<arg>${json_data['results'][0]['picture']['thumbnail']}</arg>
<arg>^https?://.*\.(?:png|jpe?g|gif|bmp)$</arg>
<doc>Fails if ``string`` does not match ``pattern`` as a regular expression.</doc>
<status status="PASS" start="2024-07-11T09:17:11.795353" elapsed="0.000388"/>
</kw>
<kw name="Log" owner="BuiltIn">
<msg time="2024-07-11T09:17:11.796298" level="INFO">{'large': 'https://randomuser.me/api/portraits/men/43.jpg', 'medium': 'https://randomuser.me/api/portraits/med/men/43.jpg', 'thumbnail': 'https://randomuser.me/api/portraits/thumb/men/43.jpg'}</msg>
<arg>${json_data['results'][0]['picture']}</arg>
<doc>Logs the given message with the given level.</doc>
<status status="PASS" start="2024-07-11T09:17:11.795948" elapsed="0.000398"/>
</kw>
<status status="PASS" start="2024-07-11T09:17:11.697362" elapsed="0.099278"/>
</kw>
<kw name="Teste de Tipos de Dados - Postcode" owner="random-user-service">
<kw name="GET On Session" owner="RequestsLibrary">
<msg time="2024-07-11T09:17:11.875664" level="INFO">GET Request : url=https://randomuser.me/api 
 path_url=/api 
 headers={'User-Agent': 'python-requests/2.32.3', 'Accept-Encoding': 'gzip, deflate', 'Accept': '*/*', 'Connection': 'keep-alive'} 
 body=None 
 </msg>
<msg time="2024-07-11T09:17:11.875829" level="INFO">GET Response : url=https://randomuser.me/api 
 status=200, reason=OK 
 headers={'Date': 'Thu, 11 Jul 2024 09:17:11 GMT', 'Content-Type': 'application/json; charset=utf-8', 'Transfer-Encoding': 'chunked', 'Connection': 'keep-alive', 'X-Powered-By': 'Express', 'Access-Control-Allow-Origin': '*', 'Cache-Control': 'no-cache', 'ETag': 'W/"486-raHsEn/uI1GDjnC6KIM95aG1Jus"', 'Vary': 'Accept-Encoding', 'Content-Encoding': 'gzip', 'CF-Cache-Status': 'DYNAMIC', 'Report-To': '{"endpoints":[{"url":"https:\\/\\/a.nel.cloudflare.com\\/report\\/v4?s=mZkEP8eVG%2Fxy8efhzMsqAnN3xJdQkQnXHSNbxL90ESBiKbKA7pvJZpmWHOHiB%2FZlwtnIa8oItZ3XGCs1YqHHmxCpo0KAB7d9xgpQUvstdwpUG7PFoMnN3beBYqutA7we"}],"group":"cf-nel","max_age":604800}', 'NEL': '{"success_fraction":0,"report_to":"cf-nel","max_age":604800}', 'Server': 'cloudflare', 'CF-RAY': '8a17b2f4b81b8230-IAD', 'alt-svc': 'h3=":443"; ma=86400'} 
 body={"results":[{"gender":"female","name":{"title":"Ms","first":"Alice","last":"Kumar"},"location":{"street":{"number":8720,"name":"Memorial Avenue"},"city":"Lower Hutt","state":"Canterbury","country":"New Zealand","postcode":30060,"coordinates":{"latitude":"47.4150","longitude":"157.2900"},"timezone":{"offset":"-1:00","description":"Azores, Cape Verde Islands"}},"email":"alice.kumar@example.com","login":{"uuid":"06f6d862-36d6-4bab-956d-1aba41f28c52","username":"smallcat704","password":"hiphop","salt":"A1xUORuv","md5":"4ea56317d9ce7c7f753d0fa68e419eab","sha1":"6b8c538b0e52d56d2ffb87e3570679582e680264","sha256":"b03cb7f3c029eaf903b5c0b341e72dd415533c4358867577c89dc4c0d79dbf37"},"dob":{"date":"1984-09-11T20:08:41.812Z","age":39},"registered":{"date":"2015-05-13T10:06:24.762Z","age":9},"phone":"(191)-573-1900","cell":"(236)-503-3912","id":{"name":"","value":null},"picture":{"large":"https://randomuser.me/api/portraits/women/27.jpg","medium":"https://randomuser.me/api/portraits/med/women/27.jpg","thumbnail":"https://randomuser.me/api/portraits/thumb/women/27.jpg"},"nat":"NZ"}],"info":{"seed":"b218cf5016339af5","results":1,"page":1,"version":"1.4"}} 
 </msg>
<msg time="2024-07-11T09:17:11.875959" level="INFO">/opt/hostedtoolcache/Python/3.12.4/x64/lib/python3.12/site-packages/urllib3/connectionpool.py:1099: InsecureRequestWarning: Unverified HTTPS request is being made to host 'randomuser.me'. Adding certificate verification is strongly advised. See: https://urllib3.readthedocs.io/en/latest/advanced-usage.html#tls-warnings
  warnings.warn(</msg>
<msg time="2024-07-11T09:17:11.876181" level="INFO">${response} = &lt;Response [200]&gt;</msg>
<var>${response}</var>
<arg>consultarAPI</arg>
<arg>/api</arg>
<doc>Sends a GET request on a previously created HTTP Session.</doc>
<status status="PASS" start="2024-07-11T09:17:11.797196" elapsed="0.079041"/>
</kw>
<kw name="Set Variable" owner="BuiltIn">
<msg time="2024-07-11T09:17:11.877847" level="INFO">${json_data} = {'results': [{'gender': 'female', 'name': {'title': 'Ms', 'first': 'Alice', 'last': 'Kumar'}, 'location': {'street': {'number': 8720, 'name': 'Memorial Avenue'}, 'city': 'Lower Hutt', 'state': 'Canter...</msg>
<var>${json_data}</var>
<arg>${response.json()}</arg>
<doc>Returns the given values which can then be assigned to a variables.</doc>
<status status="PASS" start="2024-07-11T09:17:11.877109" elapsed="0.000773"/>
</kw>
<kw name="Log" owner="BuiltIn">
<msg time="2024-07-11T09:17:11.878460" level="INFO">{'results': [{'gender': 'female', 'name': {'title': 'Ms', 'first': 'Alice', 'last': 'Kumar'}, 'location': {'street': {'number': 8720, 'name': 'Memorial Avenue'}, 'city': 'Lower Hutt', 'state': 'Canterbury', 'country': 'New Zealand', 'postcode': 30060, 'coordinates': {'latitude': '47.4150', 'longitude': '157.2900'}, 'timezone': {'offset': '-1:00', 'description': 'Azores, Cape Verde Islands'}}, 'email': 'alice.kumar@example.com', 'login': {'uuid': '06f6d862-36d6-4bab-956d-1aba41f28c52', 'username': 'smallcat704', 'password': 'hiphop', 'salt': 'A1xUORuv', 'md5': '4ea56317d9ce7c7f753d0fa68e419eab', 'sha1': '6b8c538b0e52d56d2ffb87e3570679582e680264', 'sha256': 'b03cb7f3c029eaf903b5c0b341e72dd415533c4358867577c89dc4c0d79dbf37'}, 'dob': {'date': '1984-09-11T20:08:41.812Z', 'age': 39}, 'registered': {'date': '2015-05-13T10:06:24.762Z', 'age': 9}, 'phone': '(191)-573-1900', 'cell': '(236)-503-3912', 'id': {'name': '', 'value': None}, 'picture': {'large': 'https://randomuser.me/api/portraits/women/27.jpg', 'medium': 'https://randomuser.me/api/portraits/med/women/27.jpg', 'thumbnail': 'https://randomuser.me/api/portraits/thumb/women/27.jpg'}, 'nat': 'NZ'}], 'info': {'seed': 'b218cf5016339af5', 'results': 1, 'page': 1, 'version': '1.4'}}</msg>
<arg>${json_data}</arg>
<doc>Logs the given message with the given level.</doc>
<status status="PASS" start="2024-07-11T09:17:11.878260" elapsed="0.000263"/>
</kw>
<kw name="Should Be Equal As Numbers" owner="BuiltIn">
<arg>${json_data['results'][0]['location']['postcode']}</arg>
<arg>${json_data['results'][0]['location']['postcode']}</arg>
<doc>Fails if objects are unequal after converting them to real numbers.</doc>
<status status="PASS" start="2024-07-11T09:17:11.878878" elapsed="0.000780"/>
</kw>
<kw name="Log" owner="BuiltIn">
<msg time="2024-07-11T09:17:11.880239" level="INFO">30060</msg>
<arg>${json_data['results'][0]['location']['postcode']}</arg>
<doc>Logs the given message with the given level.</doc>
<status status="PASS" start="2024-07-11T09:17:11.879869" elapsed="0.000414"/>
</kw>
<status status="PASS" start="2024-07-11T09:17:11.796924" elapsed="0.083683"/>
</kw>
<doc>Testa se os tipos de dados na resposta da API estão corretos.</doc>
<tag>testeTiposDados</tag>
<status status="PASS" start="2024-07-11T09:17:11.696668" elapsed="0.184148"/>
</test>
<test id="s1-s1-t5" name="Validar conteudo" line="35">
<kw name="Teste de Tipos de Conteudo" owner="random-user-service">
<kw name="GET On Session" owner="RequestsLibrary">
<msg time="2024-07-11T09:17:11.982314" level="INFO">GET Request : url=https://randomuser.me/api 
 path_url=/api 
 headers={'User-Agent': 'python-requests/2.32.3', 'Accept-Encoding': 'gzip, deflate', 'Accept': '*/*', 'Connection': 'keep-alive'} 
 body=None 
 </msg>
<msg time="2024-07-11T09:17:11.982481" level="INFO">GET Response : url=https://randomuser.me/api 
 status=200, reason=OK 
 headers={'Date': 'Thu, 11 Jul 2024 09:17:11 GMT', 'Content-Type': 'application/json; charset=utf-8', 'Transfer-Encoding': 'chunked', 'Connection': 'keep-alive', 'X-Powered-By': 'Express', 'Access-Control-Allow-Origin': '*', 'Cache-Control': 'no-cache', 'ETag': 'W/"48a-Rj2EjVV3z+wHcgdBzcKm8xiHbMg"', 'Vary': 'Accept-Encoding', 'Content-Encoding': 'gzip', 'CF-Cache-Status': 'DYNAMIC', 'Report-To': '{"endpoints":[{"url":"https:\\/\\/a.nel.cloudflare.com\\/report\\/v4?s=sTekfuQpqHg5X0ILyvd2Lcz64k8L1OB%2B8KqG7quHYbFiK2sglf3bj4gjsn9nmv9gQP84mZVpJ4RSmmlJZji1Adqn7ANkV2gM%2FTnb0n4qF1H0vpXS7LBIEFBasWB7mEkj"}],"group":"cf-nel","max_age":604800}', 'NEL': '{"success_fraction":0,"report_to":"cf-nel","max_age":604800}', 'Server': 'cloudflare', 'CF-RAY': '8a17b2f548c18230-IAD', 'alt-svc': 'h3=":443"; ma=86400'} 
 body={"results":[{"gender":"male","name":{"title":"Mr","first":"Bozhko","last":"Shvec"},"location":{"street":{"number":5556,"name":"Konotopskih partizaniv"},"city":"Gaysin","state":"Rivnenska","country":"Ukraine","postcode":49957,"coordinates":{"latitude":"74.3392","longitude":"-119.8912"},"timezone":{"offset":"+8:00","description":"Beijing, Perth, Singapore, Hong Kong"}},"email":"bozhko.shvec@example.com","login":{"uuid":"1fd833b7-e23e-46ce-84e0-8836b06e0932","username":"tinybird552","password":"dixie1","salt":"5jn5zV4s","md5":"123d6b674d7b8831ce9a6921bcd46172","sha1":"59fdd9948695886b68c0532f5a9a1a6a36c8a693","sha256":"31833cfa12b3cc7cdec875b453622438276bcf91673a4461d1ae7f4ae6b7885e"},"dob":{"date":"1974-11-29T14:51:28.764Z","age":49},"registered":{"date":"2007-03-23T14:23:29.451Z","age":17},"phone":"(097) B49-0521","cell":"(067) Q48-0437","id":{"name":"","value":null},"picture":{"large":"https://randomuser.me/api/portraits/men/38.jpg","medium":"https://randomuser.me/api/portraits/med/men/38.jpg","thumbnail":"https://randomuser.me/api/portraits/thumb/men/38.jpg"},"nat":"UA"}],"info":{"seed":"101117652ea0a92c","results":1,"page":1,"version":"1.4"}} 
 </msg>
<msg time="2024-07-11T09:17:11.982629" level="INFO">/opt/hostedtoolcache/Python/3.12.4/x64/lib/python3.12/site-packages/urllib3/connectionpool.py:1099: InsecureRequestWarning: Unverified HTTPS request is being made to host 'randomuser.me'. Adding certificate verification is strongly advised. See: https://urllib3.readthedocs.io/en/latest/advanced-usage.html#tls-warnings
  warnings.warn(</msg>
<msg time="2024-07-11T09:17:11.982819" level="INFO">${response} = &lt;Response [200]&gt;</msg>
<var>${response}</var>
<arg>consultarAPI</arg>
<arg>/api</arg>
<doc>Sends a GET request on a previously created HTTP Session.</doc>
<status status="PASS" start="2024-07-11T09:17:11.884928" elapsed="0.097950"/>
</kw>
<kw name="Set Variable" owner="BuiltIn">
<msg time="2024-07-11T09:17:11.984335" level="INFO">${json_data} = {'results': [{'gender': 'male', 'name': {'title': 'Mr', 'first': 'Bozhko', 'last': 'Shvec'}, 'location': {'street': {'number': 5556, 'name': 'Konotopskih partizaniv'}, 'city': 'Gaysin', 'state': 'Rivn...</msg>
<var>${json_data}</var>
<arg>${response.json()}</arg>
<doc>Returns the given values which can then be assigned to a variables.</doc>
<status status="PASS" start="2024-07-11T09:17:11.983627" elapsed="0.000742"/>
</kw>
<kw name="Set Variable" owner="BuiltIn">
<msg time="2024-07-11T09:17:11.985214" level="INFO">${name_title} = Mr</msg>
<var>${name_title}</var>
<arg>${json_data["results"][0]["name"]["title"]}</arg>
<doc>Returns the given values which can then be assigned to a variables.</doc>
<status status="PASS" start="2024-07-11T09:17:11.984735" elapsed="0.000509"/>
</kw>
<kw name="Create List" owner="BuiltIn">
<msg time="2024-07-11T09:17:11.985716" level="INFO">${allowed_titles} = ['Mr', 'Ms', 'Miss', 'Mrs', 'Madame', 'Monsieur']</msg>
<var>${allowed_titles}</var>
<arg>Mr</arg>
<arg>Ms</arg>
<arg>Miss</arg>
<arg>Mrs</arg>
<arg>Madame</arg>
<arg>Monsieur</arg>
<doc>Returns a list containing given items.</doc>
<status status="PASS" start="2024-07-11T09:17:11.985558" elapsed="0.000184"/>
</kw>
<kw name="List Should Contain Value" owner="Collections">
<arg>${allowed_titles}</arg>
<arg>${name_title}</arg>
<doc>Fails if the ``value`` is not found from ``list``.</doc>
<status status="PASS" start="2024-07-11T09:17:11.986061" elapsed="0.000194"/>
</kw>
<kw name="Set Variable" owner="BuiltIn">
<msg time="2024-07-11T09:17:11.986842" level="INFO">${name_country} = UA</msg>
<var>${name_country}</var>
<arg>${json_data["results"][0]["nat"]}</arg>
<doc>Returns the given values which can then be assigned to a variables.</doc>
<status status="PASS" start="2024-07-11T09:17:11.986444" elapsed="0.000424"/>
</kw>
<kw name="Create List" owner="BuiltIn">
<msg time="2024-07-11T09:17:11.987873" level="INFO">${list_country} = ['AD', 'AE', 'AF', 'AG', 'AI', 'AL', 'AM', 'AO', 'AQ', 'AR', 'AS', 'AT', 'AU', 'AW', 'AX', 'AZ', 'BA', 'BB', 'BD', 'BE', 'BF', 'BG', 'BH', 'BI', 'BJ', 'BL', 'BM', 'BN', 'BO', 'BQ', 'BR', 'BS', 'BT', '...</msg>
<var>${list_country}</var>
<arg>AD</arg>
<arg>AE</arg>
<arg>AF</arg>
<arg>AG</arg>
<arg>AI</arg>
<arg>AL</arg>
<arg>AM</arg>
<arg>AO</arg>
<arg>AQ</arg>
<arg>AR</arg>
<arg>AS</arg>
<arg>AT</arg>
<arg>AU</arg>
<arg>AW</arg>
<arg>AX</arg>
<arg>AZ</arg>
<arg>BA</arg>
<arg>BB</arg>
<arg>BD</arg>
<arg>BE</arg>
<arg>BF</arg>
<arg>BG</arg>
<arg>BH</arg>
<arg>BI</arg>
<arg>BJ</arg>
<arg>BL</arg>
<arg>BM</arg>
<arg>BN</arg>
<arg>BO</arg>
<arg>BQ</arg>
<arg>BR</arg>
<arg>BS</arg>
<arg>BT</arg>
<arg>BV</arg>
<arg>BW</arg>
<arg>BY</arg>
<arg>BZ</arg>
<arg>CA</arg>
<arg>CC</arg>
<arg>CD</arg>
<arg>CF</arg>
<arg>CG</arg>
<arg>CH</arg>
<arg>CI</arg>
<arg>CK</arg>
<arg>CL</arg>
<arg>CM</arg>
<arg>CN</arg>
<arg>CO</arg>
<arg>CR</arg>
<arg>CU</arg>
<arg>CV</arg>
<arg>CW</arg>
<arg>CX</arg>
<arg>CY</arg>
<arg>CZ</arg>
<arg>DE</arg>
<arg>DJ</arg>
<arg>DK</arg>
<arg>DM</arg>
<arg>DO</arg>
<arg>DZ</arg>
<arg>EC</arg>
<arg>EE</arg>
<arg>EG</arg>
<arg>EH</arg>
<arg>ER</arg>
<arg>ES</arg>
<arg>ET</arg>
<arg>FI</arg>
<arg>FJ</arg>
<arg>FK</arg>
<arg>FM</arg>
<arg>FO</arg>
<arg>FR</arg>
<arg>GA</arg>
<arg>GB</arg>
<arg>GD</arg>
<arg>GE</arg>
<arg>GF</arg>
<arg>GG</arg>
<arg>GH</arg>
<arg>GI</arg>
<arg>GL</arg>
<arg>GM</arg>
<arg>GN</arg>
<arg>GP</arg>
<arg>GQ</arg>
<arg>GR</arg>
<arg>GS</arg>
<arg>GT</arg>
<arg>GU</arg>
<arg>GW</arg>
<arg>GY</arg>
<arg>HK</arg>
<arg>HM</arg>
<arg>HN</arg>
<arg>HR</arg>
<arg>HT</arg>
<arg>HU</arg>
<arg>ID</arg>
<arg>IE</arg>
<arg>IL</arg>
<arg>IM</arg>
<arg>IN</arg>
<arg>IO</arg>
<arg>IQ</arg>
<arg>IR</arg>
<arg>IS</arg>
<arg>IT</arg>
<arg>JE</arg>
<arg>JM</arg>
<arg>JO</arg>
<arg>JP</arg>
<arg>KE</arg>
<arg>KG</arg>
<arg>KH</arg>
<arg>KI</arg>
<arg>KM</arg>
<arg>KN</arg>
<arg>KP</arg>
<arg>KR</arg>
<arg>KW</arg>
<arg>KY</arg>
<arg>KZ</arg>
<arg>LA</arg>
<arg>LB</arg>
<arg>LC</arg>
<arg>LI</arg>
<arg>LK</arg>
<arg>LR</arg>
<arg>LS</arg>
<arg>LT</arg>
<arg>LU</arg>
<arg>LV</arg>
<arg>LY</arg>
<arg>MA</arg>
<arg>MC</arg>
<arg>MD</arg>
<arg>ME</arg>
<arg>MF</arg>
<arg>MG</arg>
<arg>MH</arg>
<arg>MK</arg>
<arg>ML</arg>
<arg>MM</arg>
<arg>MN</arg>
<arg>MO</arg>
<arg>MP</arg>
<arg>MQ</arg>
<arg>MR</arg>
<arg>MS</arg>
<arg>MT</arg>
<arg>MU</arg>
<arg>MV</arg>
<arg>MW</arg>
<arg>MX</arg>
<arg>MY</arg>
<arg>MZ</arg>
<arg>NA</arg>
<arg>NC</arg>
<arg>NE</arg>
<arg>NF</arg>
<arg>NG</arg>
<arg>NI</arg>
<arg>NL</arg>
<arg>NO</arg>
<arg>NP</arg>
<arg>NR</arg>
<arg>NU</arg>
<arg>NZ</arg>
<arg>OM</arg>
<arg>PA</arg>
<arg>PE</arg>
<arg>PF</arg>
<arg>PG</arg>
<arg>PH</arg>
<arg>PK</arg>
<arg>PL</arg>
<arg>PM</arg>
<arg>PN</arg>
<arg>PR</arg>
<arg>PS</arg>
<arg>PT</arg>
<arg>PW</arg>
<arg>PY</arg>
<arg>QA</arg>
<arg>RE</arg>
<arg>RO</arg>
<arg>RS</arg>
<arg>RU</arg>
<arg>RW</arg>
<arg>SA</arg>
<arg>SB</arg>
<arg>SC</arg>
<arg>SD</arg>
<arg>SE</arg>
<arg>SG</arg>
<arg>SH</arg>
<arg>SI</arg>
<arg>SJ</arg>
<arg>SK</arg>
<arg>SL</arg>
<arg>SM</arg>
<arg>SN</arg>
<arg>SO</arg>
<arg>SR</arg>
<arg>SS</arg>
<arg>ST</arg>
<arg>SV</arg>
<arg>SX</arg>
<arg>SY</arg>
<arg>SZ</arg>
<arg>TC</arg>
<arg>TD</arg>
<arg>TF</arg>
<arg>TG</arg>
<arg>TH</arg>
<arg>TJ</arg>
<arg>TK</arg>
<arg>TL</arg>
<arg>TM</arg>
<arg>TN</arg>
<arg>TO</arg>
<arg>TR</arg>
<arg>TT</arg>
<arg>TV</arg>
<arg>TW</arg>
<arg>TZ</arg>
<arg>UA</arg>
<arg>UG</arg>
<arg>UM</arg>
<arg>US</arg>
<arg>UY</arg>
<arg>UZ</arg>
<arg>VA</arg>
<arg>VC</arg>
<arg>VE</arg>
<arg>VG</arg>
<arg>VI</arg>
<arg>VN</arg>
<arg>VU</arg>
<arg>WF</arg>
<arg>WS</arg>
<arg>XK</arg>
<arg>YE</arg>
<arg>YT</arg>
<arg>ZA</arg>
<arg>ZM</arg>
<arg>ZW</arg>
<doc>Returns a list containing given items.</doc>
<status status="PASS" start="2024-07-11T09:17:11.987215" elapsed="0.000686"/>
</kw>
<kw name="List Should Contain Value" owner="Collections">
<arg>${list_country}</arg>
<arg>${name_country}</arg>
<doc>Fails if the ``value`` is not found from ``list``.</doc>
<status status="PASS" start="2024-07-11T09:17:11.988752" elapsed="0.000217"/>
</kw>
<kw name="Run Keyword If" owner="BuiltIn">
<kw name="Should Be True" owner="BuiltIn">
<arg>${True}</arg>
<doc>Fails if the given condition is not true.</doc>
<status status="PASS" start="2024-07-11T09:17:11.989984" elapsed="0.000148"/>
</kw>
<arg>${json_data["results"][0]["location"]["coordinates"]["latitude"]} &gt;= -90 and ${json_data["results"][0]["location"]["coordinates"]["latitude"]} &lt;= 90</arg>
<arg>Should Be True</arg>
<arg>${True}</arg>
<doc>Runs the given keyword with the given arguments, if ``condition`` is true.</doc>
<status status="PASS" start="2024-07-11T09:17:11.989182" elapsed="0.001080"/>
</kw>
<kw name="Run Keyword If" owner="BuiltIn">
<kw name="Should Be True" owner="BuiltIn">
<arg>${True}</arg>
<doc>Fails if the given condition is not true.</doc>
<status status="PASS" start="2024-07-11T09:17:11.991199" elapsed="0.000149"/>
</kw>
<arg>${json_data["results"][0]["location"]["coordinates"]["longitude"]} &gt;= -180 and ${json_data["results"][0]["location"]["coordinates"]["longitude"]} &lt;= 180</arg>
<arg>Should Be True</arg>
<arg>${True}</arg>
<doc>Runs the given keyword with the given arguments, if ``condition`` is true.</doc>
<status status="PASS" start="2024-07-11T09:17:11.990451" elapsed="0.001025"/>
</kw>
<status status="PASS" start="2024-07-11T09:17:11.884179" elapsed="0.107443"/>
</kw>
<doc>Testa o conteúdo específico dos campos retornados pela API.</doc>
<tag>testeConteudo</tag>
<status status="PASS" start="2024-07-11T09:17:11.883316" elapsed="0.108491"/>
</test>
<status status="PASS" start="2024-07-11T09:17:10.923303" elapsed="1.070707"/>
</suite>
<status status="PASS" start="2024-07-11T09:17:10.907266" elapsed="1.092603"/>
</suite>
<statistics>
<total>
<stat pass="5" fail="0" skip="0">All Tests</stat>
</total>
<tag>
<stat pass="1" fail="0" skip="0">testeConteudo</stat>
<stat pass="1" fail="0" skip="0">testeEstruturaResposta</stat>
<stat pass="1" fail="0" skip="0">testeRequisicaoBasica</stat>
<stat pass="1" fail="0" skip="0">testeTiposDados</stat>
</tag>
<suite>
<stat pass="5" fail="0" skip="0" id="s1" name="Tests">Tests</stat>
<stat pass="5" fail="0" skip="0" id="s1-s1" name="Random-User-Test">Tests.Random-User-Test</stat>
</suite>
</statistics>
<errors>
</errors>
</robot>
