<?xml version="1.0" encoding="UTF-8"?>
<robot generator="Robot 7.0.1 (Python 3.12.4 on linux)" generated="2024-07-22T16:19:26.439001" rpa="false" schemaversion="5">
<suite id="s1" name="Tests" source="/home/runner/work/ApiRandomUser/ApiRandomUser/RamdonUser/tests">
<suite id="s1-s1" name="Random-User-Test" source="/home/runner/work/ApiRandomUser/ApiRandomUser/RamdonUser/tests/random-user-test.robot">
<test id="s1-s1-t1" name="Conectar" line="13">
<kw name="Conectar API" owner="random-user-service">
<kw name="Create Session" owner="RequestsLibrary">
<msg time="2024-07-22T16:19:26.901251" level="INFO">Creating Session using : alias=consultarAPI, url=https://randomuser.me/, headers={},                     cookies={}, auth=None, timeout=None, proxies=None, verify=False,                     debug=0 </msg>
<arg>consultarAPI</arg>
<arg>${URL}</arg>
<doc>Create Session: create a HTTP session to a server</doc>
<status status="PASS" start="2024-07-22T16:19:26.901054" elapsed="0.000378"/>
</kw>
<status status="PASS" start="2024-07-22T16:19:26.900016" elapsed="0.001786"/>
</kw>
<status status="PASS" start="2024-07-22T16:19:26.899463" elapsed="0.002534"/>
</test>
<test id="s1-s1-t2" name="Validar retorno 200 e JSON Válido" line="16">
<kw name="Teste de Requisicao Basica" owner="random-user-service">
<kw name="GET On Session" owner="RequestsLibrary">
<msg time="2024-07-22T16:19:26.986914" level="INFO">GET Request : url=https://randomuser.me/api 
 path_url=/api 
 headers={'User-Agent': 'python-requests/2.32.3', 'Accept-Encoding': 'gzip, deflate', 'Accept': '*/*', 'Connection': 'keep-alive'} 
 body=None 
 </msg>
<msg time="2024-07-22T16:19:26.987062" level="INFO">GET Response : url=https://randomuser.me/api 
 status=200, reason=OK 
 headers={'Date': 'Mon, 22 Jul 2024 16:19:26 GMT', 'Content-Type': 'application/json; charset=utf-8', 'Transfer-Encoding': 'chunked', 'Connection': 'keep-alive', 'X-Powered-By': 'Express', 'Access-Control-Allow-Origin': '*', 'Cache-Control': 'no-cache', 'ETag': 'W/"481-IqT37tcJs6kuoPQ7jzmEAILsdm4"', 'Vary': 'Accept-Encoding', 'Content-Encoding': 'gzip', 'CF-Cache-Status': 'DYNAMIC', 'Report-To': '{"endpoints":[{"url":"https:\\/\\/a.nel.cloudflare.com\\/report\\/v4?s=ks3POxWSJreV4ymb4pkOZGH7CMRFHQQG6LPlKFsghRB2JbyfOd%2BzMhMRir%2FXq1Nw8VVs%2F7%2B35Uy%2BbVU1aQPSDKZJZlUGUDuaVKV7PgPTlMXqFywya4hJ%2FOL4IpVppxyo"}],"group":"cf-nel","max_age":604800}', 'NEL': '{"success_fraction":0,"report_to":"cf-nel","max_age":604800}', 'Server': 'cloudflare', 'CF-RAY': '8a74c09d6a658bbe-IAD', 'alt-svc': 'h3=":443"; ma=86400'} 
 body={"results":[{"gender":"male","name":{"title":"Mr","first":"آریا","last":"كامياران"},"location":{"street":{"number":4196,"name":"سپهبد قرنی"},"city":"خمینی‌شهر","state":"لرستان","country":"Iran","postcode":64225,"coordinates":{"latitude":"19.4411","longitude":"-71.1758"},"timezone":{"offset":"-10:00","description":"Hawaii"}},"email":"ary.kmyrn@example.com","login":{"uuid":"28165699-9ff3-4907-a9df-86e5e44fd847","username":"ticklishzebra556","password":"marcos","salt":"J09oLaCN","md5":"7be6e20c38750638e5f6bfa6811d8727","sha1":"25f4d930d3cd704ec476350ecac3f4579a87d935","sha256":"80a9fc29284637fcc2a26e2e2c6e867fdf1a8a315642fa596340ddf5a7965372"},"dob":{"date":"1969-06-18T02:39:03.130Z","age":55},"registered":{"date":"2020-01-25T15:03:52.588Z","age":4},"phone":"092-29852416","cell":"0998-289-1512","id":{"name":"","value":null},"picture":{"large":"https://randomuser.me/api/portraits/men/34.jpg","medium":"https://randomuser.me/api/portraits/med/men/34.jpg","thumbnail":"https://randomuser.me/api/portraits/thumb/men/34.jpg"},"nat":"IR"}],"info":{"seed":"4c6bff9bb395f41b","results":1,"page":1,"version":"1.4"}} 
 </msg>
<msg time="2024-07-22T16:19:26.987167" level="INFO">/opt/hostedtoolcache/Python/3.12.4/x64/lib/python3.12/site-packages/urllib3/connectionpool.py:1099: InsecureRequestWarning: Unverified HTTPS request is being made to host 'randomuser.me'. Adding certificate verification is strongly advised. See: https://urllib3.readthedocs.io/en/latest/advanced-usage.html#tls-warnings
  warnings.warn(</msg>
<msg time="2024-07-22T16:19:26.987310" level="INFO">${response} = &lt;Response [200]&gt;</msg>
<var>${response}</var>
<arg>consultarAPI</arg>
<arg>/api</arg>
<doc>Sends a GET request on a previously created HTTP Session.</doc>
<status status="PASS" start="2024-07-22T16:19:26.904652" elapsed="0.082714"/>
</kw>
<kw name="Should Be Equal As Numbers" owner="BuiltIn">
<msg time="2024-07-22T16:19:26.988795" level="INFO">Argument types are:
&lt;class 'int'&gt;
&lt;class 'str'&gt;</msg>
<arg>${response.status_code}</arg>
<arg>200</arg>
<doc>Fails if objects are unequal after converting them to real numbers.</doc>
<status status="PASS" start="2024-07-22T16:19:26.988077" elapsed="0.000785"/>
</kw>
<kw name="Log" owner="BuiltIn">
<msg time="2024-07-22T16:19:26.989574" level="INFO">200</msg>
<arg>${response.status_code}</arg>
<doc>Logs the given message with the given level.</doc>
<status status="PASS" start="2024-07-22T16:19:26.989193" elapsed="0.000426"/>
</kw>
<kw name="Set Variable" owner="BuiltIn">
<msg time="2024-07-22T16:19:26.990429" level="INFO">${json_data} = {'results': [{'gender': 'male', 'name': {'title': 'Mr', 'first': 'آریا', 'last': 'كامياران'}, 'location': {'street': {'number': 4196, 'name': 'سپهبد قرنی'}, 'city': 'خمینی\u200cشهر', 'state': 'لرستان'...</msg>
<var>${json_data}</var>
<arg>${response.json()}</arg>
<doc>Returns the given values which can then be assigned to a variables.</doc>
<status status="PASS" start="2024-07-22T16:19:26.989926" elapsed="0.000535"/>
</kw>
<kw name="Dictionary Should Contain Key" owner="Collections">
<arg>${json_data}</arg>
<arg>results</arg>
<doc>Fails if ``key`` is not found from ``dictionary``.</doc>
<status status="PASS" start="2024-07-22T16:19:26.990771" elapsed="0.000310"/>
</kw>
<status status="PASS" start="2024-07-22T16:19:26.904405" elapsed="0.086827"/>
</kw>
<doc>Testa se a API responde corretamente e retorna um objeto JSON válido.</doc>
<tag>testeRequisicaoBasica</tag>
<status status="PASS" start="2024-07-22T16:19:26.903921" elapsed="0.087484"/>
</test>
<test id="s1-s1-t3" name="Validar estrutura de resposta" line="22">
<kw name="Teste de Estrutura de Resposta" owner="random-user-service">
<kw name="GET On Session" owner="RequestsLibrary">
<msg time="2024-07-22T16:19:27.085625" level="INFO">GET Request : url=https://randomuser.me/api 
 path_url=/api 
 headers={'User-Agent': 'python-requests/2.32.3', 'Accept-Encoding': 'gzip, deflate', 'Accept': '*/*', 'Connection': 'keep-alive'} 
 body=None 
 </msg>
<msg time="2024-07-22T16:19:27.085706" level="INFO">GET Response : url=https://randomuser.me/api 
 status=200, reason=OK 
 headers={'Date': 'Mon, 22 Jul 2024 16:19:27 GMT', 'Content-Type': 'application/json; charset=utf-8', 'Transfer-Encoding': 'chunked', 'Connection': 'keep-alive', 'X-Powered-By': 'Express', 'Access-Control-Allow-Origin': '*', 'Cache-Control': 'no-cache', 'ETag': 'W/"49e-kMKcqrqN4Plh0mtIUkMlBDjdKn4"', 'Vary': 'Accept-Encoding', 'Content-Encoding': 'gzip', 'CF-Cache-Status': 'DYNAMIC', 'Report-To': '{"endpoints":[{"url":"https:\\/\\/a.nel.cloudflare.com\\/report\\/v4?s=tp3IFn5cOLwzz45Ys9kQ9Chrap7XiLC%2FHzdJDLYpaTe4j%2BRnv48SeFdCd%2BDS%2F43jkzO7sUBNU9qo0wm37Q%2FTToqvlI9ndCd6aBUL%2FmN9yWb5FUzzKkm6z17nRHyYofCI"}],"group":"cf-nel","max_age":604800}', 'NEL': '{"success_fraction":0,"report_to":"cf-nel","max_age":604800}', 'Server': 'cloudflare', 'CF-RAY': '8a74c09dbad18bbe-IAD', 'alt-svc': 'h3=":443"; ma=86400'} 
 body={"results":[{"gender":"female","name":{"title":"Mrs","first":"Michelle","last":"Zieger"},"location":{"street":{"number":1336,"name":"Birkenstraße"},"city":"Lübeck","state":"Hamburg","country":"Germany","postcode":55184,"coordinates":{"latitude":"-54.4348","longitude":"82.1623"},"timezone":{"offset":"+1:00","description":"Brussels, Copenhagen, Madrid, Paris"}},"email":"michelle.zieger@example.com","login":{"uuid":"bfa72285-8392-4873-bcd8-cc5572615adc","username":"orangepeacock831","password":"spice","salt":"lJkHBpnW","md5":"04865cad50f6d56ddc9c7c76cd6fd829","sha1":"c7c0c011abdb6089ad9806c5c35ac2d0e7102711","sha256":"9f48b8dcc384e3940320bb188d0527706faa3d25d09253a6c1d127f1a6b4d21d"},"dob":{"date":"1963-07-09T21:47:36.629Z","age":61},"registered":{"date":"2009-10-05T01:05:28.785Z","age":14},"phone":"0141-3688657","cell":"0171-4438348","id":{"name":"SVNR","value":"19 090763 Z 668"},"picture":{"large":"https://randomuser.me/api/portraits/women/42.jpg","medium":"https://randomuser.me/api/portraits/med/women/42.jpg","thumbnail":"https://randomuser.me/api/portraits/thumb/women/42.jpg"},"nat":"DE"}],"info":{"seed":"f0d8aad543bd4037","results":1,"page":1,"version":"1.4"}} 
 </msg>
<msg time="2024-07-22T16:19:27.085828" level="INFO">/opt/hostedtoolcache/Python/3.12.4/x64/lib/python3.12/site-packages/urllib3/connectionpool.py:1099: InsecureRequestWarning: Unverified HTTPS request is being made to host 'randomuser.me'. Adding certificate verification is strongly advised. See: https://urllib3.readthedocs.io/en/latest/advanced-usage.html#tls-warnings
  warnings.warn(</msg>
<msg time="2024-07-22T16:19:27.085939" level="INFO">${response} = &lt;Response [200]&gt;</msg>
<var>${response}</var>
<arg>consultarAPI</arg>
<arg>/api</arg>
<doc>Sends a GET request on a previously created HTTP Session.</doc>
<status status="PASS" start="2024-07-22T16:19:26.994166" elapsed="0.091820"/>
</kw>
<kw name="Set Variable" owner="BuiltIn">
<msg time="2024-07-22T16:19:27.087378" level="INFO">${json_data} = {'results': [{'gender': 'female', 'name': {'title': 'Mrs', 'first': 'Michelle', 'last': 'Zieger'}, 'location': {'street': {'number': 1336, 'name': 'Birkenstraße'}, 'city': 'Lübeck', 'state': 'Hamburg'...</msg>
<var>${json_data}</var>
<arg>${response.json()}</arg>
<doc>Returns the given values which can then be assigned to a variables.</doc>
<status status="PASS" start="2024-07-22T16:19:27.086647" elapsed="0.000762"/>
</kw>
<kw name="Log" owner="BuiltIn">
<msg time="2024-07-22T16:19:27.087882" level="INFO">{'results': [{'gender': 'female', 'name': {'title': 'Mrs', 'first': 'Michelle', 'last': 'Zieger'}, 'location': {'street': {'number': 1336, 'name': 'Birkenstraße'}, 'city': 'Lübeck', 'state': 'Hamburg', 'country': 'Germany', 'postcode': 55184, 'coordinates': {'latitude': '-54.4348', 'longitude': '82.1623'}, 'timezone': {'offset': '+1:00', 'description': 'Brussels, Copenhagen, Madrid, Paris'}}, 'email': 'michelle.zieger@example.com', 'login': {'uuid': 'bfa72285-8392-4873-bcd8-cc5572615adc', 'username': 'orangepeacock831', 'password': 'spice', 'salt': 'lJkHBpnW', 'md5': '04865cad50f6d56ddc9c7c76cd6fd829', 'sha1': 'c7c0c011abdb6089ad9806c5c35ac2d0e7102711', 'sha256': '9f48b8dcc384e3940320bb188d0527706faa3d25d09253a6c1d127f1a6b4d21d'}, 'dob': {'date': '1963-07-09T21:47:36.629Z', 'age': 61}, 'registered': {'date': '2009-10-05T01:05:28.785Z', 'age': 14}, 'phone': '0141-3688657', 'cell': '0171-4438348', 'id': {'name': 'SVNR', 'value': '19 090763 Z 668'}, 'picture': {'large': 'https://randomuser.me/api/portraits/women/42.jpg', 'medium': 'https://randomuser.me/api/portraits/med/women/42.jpg', 'thumbnail': 'https://randomuser.me/api/portraits/thumb/women/42.jpg'}, 'nat': 'DE'}], 'info': {'seed': 'f0d8aad543bd4037', 'results': 1, 'page': 1, 'version': '1.4'}}</msg>
<arg>${json_data}</arg>
<doc>Logs the given message with the given level.</doc>
<status status="PASS" start="2024-07-22T16:19:27.087718" elapsed="0.000216"/>
</kw>
<kw name="Dictionary Should Contain Key" owner="Collections">
<arg>${json_data}</arg>
<arg>results</arg>
<doc>Fails if ``key`` is not found from ``dictionary``.</doc>
<status status="PASS" start="2024-07-22T16:19:27.088226" elapsed="0.000161"/>
</kw>
<kw name="Should Not Be Empty" owner="BuiltIn">
<msg time="2024-07-22T16:19:27.088702" level="INFO">Length is 2.</msg>
<arg>${json_data}</arg>
<doc>Verifies that the given item is not empty.</doc>
<status status="PASS" start="2024-07-22T16:19:27.088576" elapsed="0.000169"/>
</kw>
<kw name="Create List" owner="BuiltIn">
<msg time="2024-07-22T16:19:27.089184" level="INFO">${expected_keys} = ['gender', 'name', 'location', 'email', 'login']</msg>
<var>${expected_keys}</var>
<arg>gender</arg>
<arg>name</arg>
<arg>location</arg>
<arg>email</arg>
<arg>login</arg>
<doc>Returns a list containing given items.</doc>
<status status="PASS" start="2024-07-22T16:19:27.089031" elapsed="0.000177"/>
</kw>
<for flavor="IN">
<iter>
<kw name="Dictionary Should Contain Key" owner="Collections">
<arg>${json_data['results'][0]}</arg>
<arg>${key}</arg>
<doc>Fails if ``key`` is not found from ``dictionary``.</doc>
<status status="PASS" start="2024-07-22T16:19:27.089788" elapsed="0.000459"/>
</kw>
<kw name="Log" owner="BuiltIn">
<msg time="2024-07-22T16:19:27.090798" level="INFO">{'gender': 'female', 'name': {'title': 'Mrs', 'first': 'Michelle', 'last': 'Zieger'}, 'location': {'street': {'number': 1336, 'name': 'Birkenstraße'}, 'city': 'Lübeck', 'state': 'Hamburg', 'country': 'Germany', 'postcode': 55184, 'coordinates': {'latitude': '-54.4348', 'longitude': '82.1623'}, 'timezone': {'offset': '+1:00', 'description': 'Brussels, Copenhagen, Madrid, Paris'}}, 'email': 'michelle.zieger@example.com', 'login': {'uuid': 'bfa72285-8392-4873-bcd8-cc5572615adc', 'username': 'orangepeacock831', 'password': 'spice', 'salt': 'lJkHBpnW', 'md5': '04865cad50f6d56ddc9c7c76cd6fd829', 'sha1': 'c7c0c011abdb6089ad9806c5c35ac2d0e7102711', 'sha256': '9f48b8dcc384e3940320bb188d0527706faa3d25d09253a6c1d127f1a6b4d21d'}, 'dob': {'date': '1963-07-09T21:47:36.629Z', 'age': 61}, 'registered': {'date': '2009-10-05T01:05:28.785Z', 'age': 14}, 'phone': '0141-3688657', 'cell': '0171-4438348', 'id': {'name': 'SVNR', 'value': '19 090763 Z 668'}, 'picture': {'large': 'https://randomuser.me/api/portraits/women/42.jpg', 'medium': 'https://randomuser.me/api/portraits/med/women/42.jpg', 'thumbnail': 'https://randomuser.me/api/portraits/thumb/women/42.jpg'}, 'nat': 'DE'}</msg>
<arg>${json_data['results'][0]}</arg>
<doc>Logs the given message with the given level.</doc>
<status status="PASS" start="2024-07-22T16:19:27.090437" elapsed="0.000413"/>
</kw>
<kw name="Log" owner="BuiltIn">
<msg time="2024-07-22T16:19:27.091284" level="INFO">gender</msg>
<arg>${key}</arg>
<doc>Logs the given message with the given level.</doc>
<status status="PASS" start="2024-07-22T16:19:27.091155" elapsed="0.000167"/>
</kw>
<var name="${key}">gender</var>
<status status="PASS" start="2024-07-22T16:19:27.089661" elapsed="0.001877"/>
</iter>
<iter>
<kw name="Dictionary Should Contain Key" owner="Collections">
<arg>${json_data['results'][0]}</arg>
<arg>${key}</arg>
<doc>Fails if ``key`` is not found from ``dictionary``.</doc>
<status status="PASS" start="2024-07-22T16:19:27.091837" elapsed="0.000381"/>
</kw>
<kw name="Log" owner="BuiltIn">
<msg time="2024-07-22T16:19:27.092805" level="INFO">{'gender': 'female', 'name': {'title': 'Mrs', 'first': 'Michelle', 'last': 'Zieger'}, 'location': {'street': {'number': 1336, 'name': 'Birkenstraße'}, 'city': 'Lübeck', 'state': 'Hamburg', 'country': 'Germany', 'postcode': 55184, 'coordinates': {'latitude': '-54.4348', 'longitude': '82.1623'}, 'timezone': {'offset': '+1:00', 'description': 'Brussels, Copenhagen, Madrid, Paris'}}, 'email': 'michelle.zieger@example.com', 'login': {'uuid': 'bfa72285-8392-4873-bcd8-cc5572615adc', 'username': 'orangepeacock831', 'password': 'spice', 'salt': 'lJkHBpnW', 'md5': '04865cad50f6d56ddc9c7c76cd6fd829', 'sha1': 'c7c0c011abdb6089ad9806c5c35ac2d0e7102711', 'sha256': '9f48b8dcc384e3940320bb188d0527706faa3d25d09253a6c1d127f1a6b4d21d'}, 'dob': {'date': '1963-07-09T21:47:36.629Z', 'age': 61}, 'registered': {'date': '2009-10-05T01:05:28.785Z', 'age': 14}, 'phone': '0141-3688657', 'cell': '0171-4438348', 'id': {'name': 'SVNR', 'value': '19 090763 Z 668'}, 'picture': {'large': 'https://randomuser.me/api/portraits/women/42.jpg', 'medium': 'https://randomuser.me/api/portraits/med/women/42.jpg', 'thumbnail': 'https://randomuser.me/api/portraits/thumb/women/42.jpg'}, 'nat': 'DE'}</msg>
<arg>${json_data['results'][0]}</arg>
<doc>Logs the given message with the given level.</doc>
<status status="PASS" start="2024-07-22T16:19:27.092402" elapsed="0.000456"/>
</kw>
<kw name="Log" owner="BuiltIn">
<msg time="2024-07-22T16:19:27.093286" level="INFO">name</msg>
<arg>${key}</arg>
<doc>Logs the given message with the given level.</doc>
<status status="PASS" start="2024-07-22T16:19:27.093158" elapsed="0.000165"/>
</kw>
<var name="${key}">name</var>
<status status="PASS" start="2024-07-22T16:19:27.091726" elapsed="0.001814"/>
</iter>
<iter>
<kw name="Dictionary Should Contain Key" owner="Collections">
<arg>${json_data['results'][0]}</arg>
<arg>${key}</arg>
<doc>Fails if ``key`` is not found from ``dictionary``.</doc>
<status status="PASS" start="2024-07-22T16:19:27.093824" elapsed="0.000429"/>
</kw>
<kw name="Log" owner="BuiltIn">
<msg time="2024-07-22T16:19:27.094809" level="INFO">{'gender': 'female', 'name': {'title': 'Mrs', 'first': 'Michelle', 'last': 'Zieger'}, 'location': {'street': {'number': 1336, 'name': 'Birkenstraße'}, 'city': 'Lübeck', 'state': 'Hamburg', 'country': 'Germany', 'postcode': 55184, 'coordinates': {'latitude': '-54.4348', 'longitude': '82.1623'}, 'timezone': {'offset': '+1:00', 'description': 'Brussels, Copenhagen, Madrid, Paris'}}, 'email': 'michelle.zieger@example.com', 'login': {'uuid': 'bfa72285-8392-4873-bcd8-cc5572615adc', 'username': 'orangepeacock831', 'password': 'spice', 'salt': 'lJkHBpnW', 'md5': '04865cad50f6d56ddc9c7c76cd6fd829', 'sha1': 'c7c0c011abdb6089ad9806c5c35ac2d0e7102711', 'sha256': '9f48b8dcc384e3940320bb188d0527706faa3d25d09253a6c1d127f1a6b4d21d'}, 'dob': {'date': '1963-07-09T21:47:36.629Z', 'age': 61}, 'registered': {'date': '2009-10-05T01:05:28.785Z', 'age': 14}, 'phone': '0141-3688657', 'cell': '0171-4438348', 'id': {'name': 'SVNR', 'value': '19 090763 Z 668'}, 'picture': {'large': 'https://randomuser.me/api/portraits/women/42.jpg', 'medium': 'https://randomuser.me/api/portraits/med/women/42.jpg', 'thumbnail': 'https://randomuser.me/api/portraits/thumb/women/42.jpg'}, 'nat': 'DE'}</msg>
<arg>${json_data['results'][0]}</arg>
<doc>Logs the given message with the given level.</doc>
<status status="PASS" start="2024-07-22T16:19:27.094445" elapsed="0.000415"/>
</kw>
<kw name="Log" owner="BuiltIn">
<msg time="2024-07-22T16:19:27.095286" level="INFO">location</msg>
<arg>${key}</arg>
<doc>Logs the given message with the given level.</doc>
<status status="PASS" start="2024-07-22T16:19:27.095160" elapsed="0.000164"/>
</kw>
<var name="${key}">location</var>
<status status="PASS" start="2024-07-22T16:19:27.093719" elapsed="0.001820"/>
</iter>
<iter>
<kw name="Dictionary Should Contain Key" owner="Collections">
<arg>${json_data['results'][0]}</arg>
<arg>${key}</arg>
<doc>Fails if ``key`` is not found from ``dictionary``.</doc>
<status status="PASS" start="2024-07-22T16:19:27.095822" elapsed="0.000387"/>
</kw>
<kw name="Log" owner="BuiltIn">
<msg time="2024-07-22T16:19:27.096871" level="INFO">{'gender': 'female', 'name': {'title': 'Mrs', 'first': 'Michelle', 'last': 'Zieger'}, 'location': {'street': {'number': 1336, 'name': 'Birkenstraße'}, 'city': 'Lübeck', 'state': 'Hamburg', 'country': 'Germany', 'postcode': 55184, 'coordinates': {'latitude': '-54.4348', 'longitude': '82.1623'}, 'timezone': {'offset': '+1:00', 'description': 'Brussels, Copenhagen, Madrid, Paris'}}, 'email': 'michelle.zieger@example.com', 'login': {'uuid': 'bfa72285-8392-4873-bcd8-cc5572615adc', 'username': 'orangepeacock831', 'password': 'spice', 'salt': 'lJkHBpnW', 'md5': '04865cad50f6d56ddc9c7c76cd6fd829', 'sha1': 'c7c0c011abdb6089ad9806c5c35ac2d0e7102711', 'sha256': '9f48b8dcc384e3940320bb188d0527706faa3d25d09253a6c1d127f1a6b4d21d'}, 'dob': {'date': '1963-07-09T21:47:36.629Z', 'age': 61}, 'registered': {'date': '2009-10-05T01:05:28.785Z', 'age': 14}, 'phone': '0141-3688657', 'cell': '0171-4438348', 'id': {'name': 'SVNR', 'value': '19 090763 Z 668'}, 'picture': {'large': 'https://randomuser.me/api/portraits/women/42.jpg', 'medium': 'https://randomuser.me/api/portraits/med/women/42.jpg', 'thumbnail': 'https://randomuser.me/api/portraits/thumb/women/42.jpg'}, 'nat': 'DE'}</msg>
<arg>${json_data['results'][0]}</arg>
<doc>Logs the given message with the given level.</doc>
<status status="PASS" start="2024-07-22T16:19:27.096511" elapsed="0.000412"/>
</kw>
<kw name="Log" owner="BuiltIn">
<msg time="2024-07-22T16:19:27.097347" level="INFO">email</msg>
<arg>${key}</arg>
<doc>Logs the given message with the given level.</doc>
<status status="PASS" start="2024-07-22T16:19:27.097221" elapsed="0.000164"/>
</kw>
<var name="${key}">email</var>
<status status="PASS" start="2024-07-22T16:19:27.095715" elapsed="0.001886"/>
</iter>
<iter>
<kw name="Dictionary Should Contain Key" owner="Collections">
<arg>${json_data['results'][0]}</arg>
<arg>${key}</arg>
<doc>Fails if ``key`` is not found from ``dictionary``.</doc>
<status status="PASS" start="2024-07-22T16:19:27.097881" elapsed="0.000422"/>
</kw>
<kw name="Log" owner="BuiltIn">
<msg time="2024-07-22T16:19:27.098832" level="INFO">{'gender': 'female', 'name': {'title': 'Mrs', 'first': 'Michelle', 'last': 'Zieger'}, 'location': {'street': {'number': 1336, 'name': 'Birkenstraße'}, 'city': 'Lübeck', 'state': 'Hamburg', 'country': 'Germany', 'postcode': 55184, 'coordinates': {'latitude': '-54.4348', 'longitude': '82.1623'}, 'timezone': {'offset': '+1:00', 'description': 'Brussels, Copenhagen, Madrid, Paris'}}, 'email': 'michelle.zieger@example.com', 'login': {'uuid': 'bfa72285-8392-4873-bcd8-cc5572615adc', 'username': 'orangepeacock831', 'password': 'spice', 'salt': 'lJkHBpnW', 'md5': '04865cad50f6d56ddc9c7c76cd6fd829', 'sha1': 'c7c0c011abdb6089ad9806c5c35ac2d0e7102711', 'sha256': '9f48b8dcc384e3940320bb188d0527706faa3d25d09253a6c1d127f1a6b4d21d'}, 'dob': {'date': '1963-07-09T21:47:36.629Z', 'age': 61}, 'registered': {'date': '2009-10-05T01:05:28.785Z', 'age': 14}, 'phone': '0141-3688657', 'cell': '0171-4438348', 'id': {'name': 'SVNR', 'value': '19 090763 Z 668'}, 'picture': {'large': 'https://randomuser.me/api/portraits/women/42.jpg', 'medium': 'https://randomuser.me/api/portraits/med/women/42.jpg', 'thumbnail': 'https://randomuser.me/api/portraits/thumb/women/42.jpg'}, 'nat': 'DE'}</msg>
<arg>${json_data['results'][0]}</arg>
<doc>Logs the given message with the given level.</doc>
<status status="PASS" start="2024-07-22T16:19:27.098487" elapsed="0.000395"/>
</kw>
<kw name="Log" owner="BuiltIn">
<msg time="2024-07-22T16:19:27.099298" level="INFO">login</msg>
<arg>${key}</arg>
<doc>Logs the given message with the given level.</doc>
<status status="PASS" start="2024-07-22T16:19:27.099173" elapsed="0.000162"/>
</kw>
<var name="${key}">login</var>
<status status="PASS" start="2024-07-22T16:19:27.097774" elapsed="0.001778"/>
</iter>
<var>${key}</var>
<value>@{expected_keys}</value>
<status status="PASS" start="2024-07-22T16:19:27.089472" elapsed="0.010200"/>
</for>
<kw name="Create List" owner="BuiltIn">
<msg time="2024-07-22T16:19:27.100023" level="INFO">${expected_keysTwo} = ['username', 'password']</msg>
<var>${expected_keysTwo}</var>
<arg>username</arg>
<arg>password</arg>
<doc>Returns a list containing given items.</doc>
<status status="PASS" start="2024-07-22T16:19:27.099888" elapsed="0.000159"/>
</kw>
<for flavor="IN">
<iter>
<kw name="Dictionary Should Contain Key" owner="Collections">
<arg>${json_data['results'][0]['login']}</arg>
<arg>${keyTwo}</arg>
<doc>Fails if ``key`` is not found from ``dictionary``.</doc>
<status status="PASS" start="2024-07-22T16:19:27.100538" elapsed="0.000382"/>
</kw>
<kw name="Dictionary Should Contain Key" owner="Collections">
<arg>${json_data['results'][0]['login']}</arg>
<arg>${keyTwo}</arg>
<doc>Fails if ``key`` is not found from ``dictionary``.</doc>
<status status="PASS" start="2024-07-22T16:19:27.101101" elapsed="0.000383"/>
</kw>
<kw name="Log" owner="BuiltIn">
<msg time="2024-07-22T16:19:27.101778" level="INFO">username</msg>
<arg>${keyTwo}</arg>
<doc>Logs the given message with the given level.</doc>
<status status="PASS" start="2024-07-22T16:19:27.101659" elapsed="0.000157"/>
</kw>
<var name="${keyTwo}">username</var>
<status status="PASS" start="2024-07-22T16:19:27.100432" elapsed="0.001633"/>
</iter>
<iter>
<kw name="Dictionary Should Contain Key" owner="Collections">
<arg>${json_data['results'][0]['login']}</arg>
<arg>${keyTwo}</arg>
<doc>Fails if ``key`` is not found from ``dictionary``.</doc>
<status status="PASS" start="2024-07-22T16:19:27.102362" elapsed="0.000378"/>
</kw>
<kw name="Dictionary Should Contain Key" owner="Collections">
<arg>${json_data['results'][0]['login']}</arg>
<arg>${keyTwo}</arg>
<doc>Fails if ``key`` is not found from ``dictionary``.</doc>
<status status="PASS" start="2024-07-22T16:19:27.102919" elapsed="0.000372"/>
</kw>
<kw name="Log" owner="BuiltIn">
<msg time="2024-07-22T16:19:27.103590" level="INFO">password</msg>
<arg>${keyTwo}</arg>
<doc>Logs the given message with the given level.</doc>
<status status="PASS" start="2024-07-22T16:19:27.103467" elapsed="0.000160"/>
</kw>
<var name="${keyTwo}">password</var>
<status status="PASS" start="2024-07-22T16:19:27.102249" elapsed="0.001599"/>
</iter>
<var>${keyTwo}</var>
<value>@{expected_keysTwo}</value>
<status status="PASS" start="2024-07-22T16:19:27.100283" elapsed="0.003686"/>
</for>
<status status="PASS" start="2024-07-22T16:19:26.993895" elapsed="0.110210"/>
</kw>
<doc>Testa a estrutura da resposta da API.</doc>
<tag>testeEstruturaResposta</tag>
<status status="PASS" start="2024-07-22T16:19:26.993274" elapsed="0.110981"/>
</test>
<test id="s1-s1-t4" name="Validar tipos de dados" line="28">
<kw name="Teste de Tipos de Dados" owner="random-user-service">
<kw name="GET On Session" owner="RequestsLibrary">
<msg time="2024-07-22T16:19:27.181930" level="INFO">GET Request : url=https://randomuser.me/api 
 path_url=/api 
 headers={'User-Agent': 'python-requests/2.32.3', 'Accept-Encoding': 'gzip, deflate', 'Accept': '*/*', 'Connection': 'keep-alive'} 
 body=None 
 </msg>
<msg time="2024-07-22T16:19:27.182008" level="INFO">GET Response : url=https://randomuser.me/api 
 status=200, reason=OK 
 headers={'Date': 'Mon, 22 Jul 2024 16:19:27 GMT', 'Content-Type': 'application/json; charset=utf-8', 'Transfer-Encoding': 'chunked', 'Connection': 'keep-alive', 'X-Powered-By': 'Express', 'Access-Control-Allow-Origin': '*', 'Cache-Control': 'no-cache', 'ETag': 'W/"4a0-xRD2xtUyWylTH42B0qeqk8G/Z+A"', 'Vary': 'Accept-Encoding', 'Content-Encoding': 'gzip', 'CF-Cache-Status': 'DYNAMIC', 'Report-To': '{"endpoints":[{"url":"https:\\/\\/a.nel.cloudflare.com\\/report\\/v4?s=tkVoCbP5fdILnOHetXh7YB8csbxpjupOLcsd1W96EH6udzHvb4k%2Bj1rn%2BXl2YAh0ymjFLRVTxM8on28zONnjC0%2BsfaIAl35%2BwU9P5IZoBzYs5%2B%2FzBvJDvqsC4ASDcT1I"}],"group":"cf-nel","max_age":604800}', 'NEL': '{"success_fraction":0,"report_to":"cf-nel","max_age":604800}', 'Server': 'cloudflare', 'CF-RAY': '8a74c09e6b948bbe-IAD', 'alt-svc': 'h3=":443"; ma=86400'} 
 body={"results":[{"gender":"female","name":{"title":"Ms","first":"Justa","last":"Wanrooij"},"location":{"street":{"number":345,"name":"Bovenleiding"},"city":"Limmel","state":"Gelderland","country":"Netherlands","postcode":"3208 SN","coordinates":{"latitude":"32.2936","longitude":"42.2604"},"timezone":{"offset":"-4:00","description":"Atlantic Time (Canada), Caracas, La Paz"}},"email":"justa.wanrooij@example.com","login":{"uuid":"7fa40374-75c7-410f-992d-7ec8ccaef135","username":"smallladybug913","password":"boytoy","salt":"wVBfc9eK","md5":"358a63d2b039f09d451bbc99a8d5e331","sha1":"001038eeb0c414a148d95d68814e4b50af4b665e","sha256":"552ca8fa3acbdc61d6356d4b7ed0a2d271d6853a47afa31ce1cc8c9fd59280f0"},"dob":{"date":"1988-10-01T14:18:04.449Z","age":35},"registered":{"date":"2013-05-01T09:51:44.612Z","age":11},"phone":"(076) 9902398","cell":"(06) 32746128","id":{"name":"BSN","value":"22593229"},"picture":{"large":"https://randomuser.me/api/portraits/women/76.jpg","medium":"https://randomuser.me/api/portraits/med/women/76.jpg","thumbnail":"https://randomuser.me/api/portraits/thumb/women/76.jpg"},"nat":"NL"}],"info":{"seed":"7851eba6ae686ec1","results":1,"page":1,"version":"1.4"}} 
 </msg>
<msg time="2024-07-22T16:19:27.182110" level="INFO">/opt/hostedtoolcache/Python/3.12.4/x64/lib/python3.12/site-packages/urllib3/connectionpool.py:1099: InsecureRequestWarning: Unverified HTTPS request is being made to host 'randomuser.me'. Adding certificate verification is strongly advised. See: https://urllib3.readthedocs.io/en/latest/advanced-usage.html#tls-warnings
  warnings.warn(</msg>
<msg time="2024-07-22T16:19:27.182214" level="INFO">${response} = &lt;Response [200]&gt;</msg>
<var>${response}</var>
<arg>consultarAPI</arg>
<arg>/api</arg>
<doc>Sends a GET request on a previously created HTTP Session.</doc>
<status status="PASS" start="2024-07-22T16:19:27.106797" elapsed="0.075462"/>
</kw>
<kw name="Set Variable" owner="BuiltIn">
<msg time="2024-07-22T16:19:27.183601" level="INFO">${json_data} = {'results': [{'gender': 'female', 'name': {'title': 'Ms', 'first': 'Justa', 'last': 'Wanrooij'}, 'location': {'street': {'number': 345, 'name': 'Bovenleiding'}, 'city': 'Limmel', 'state': 'Gelderland'...</msg>
<var>${json_data}</var>
<arg>${response.json()}</arg>
<doc>Returns the given values which can then be assigned to a variables.</doc>
<status status="PASS" start="2024-07-22T16:19:27.182893" elapsed="0.000739"/>
</kw>
<kw name="Log" owner="BuiltIn">
<msg time="2024-07-22T16:19:27.184096" level="INFO">{'results': [{'gender': 'female', 'name': {'title': 'Ms', 'first': 'Justa', 'last': 'Wanrooij'}, 'location': {'street': {'number': 345, 'name': 'Bovenleiding'}, 'city': 'Limmel', 'state': 'Gelderland', 'country': 'Netherlands', 'postcode': '3208 SN', 'coordinates': {'latitude': '32.2936', 'longitude': '42.2604'}, 'timezone': {'offset': '-4:00', 'description': 'Atlantic Time (Canada), Caracas, La Paz'}}, 'email': 'justa.wanrooij@example.com', 'login': {'uuid': '7fa40374-75c7-410f-992d-7ec8ccaef135', 'username': 'smallladybug913', 'password': 'boytoy', 'salt': 'wVBfc9eK', 'md5': '358a63d2b039f09d451bbc99a8d5e331', 'sha1': '001038eeb0c414a148d95d68814e4b50af4b665e', 'sha256': '552ca8fa3acbdc61d6356d4b7ed0a2d271d6853a47afa31ce1cc8c9fd59280f0'}, 'dob': {'date': '1988-10-01T14:18:04.449Z', 'age': 35}, 'registered': {'date': '2013-05-01T09:51:44.612Z', 'age': 11}, 'phone': '(076) 9902398', 'cell': '(06) 32746128', 'id': {'name': 'BSN', 'value': '22593229'}, 'picture': {'large': 'https://randomuser.me/api/portraits/women/76.jpg', 'medium': 'https://randomuser.me/api/portraits/med/women/76.jpg', 'thumbnail': 'https://randomuser.me/api/portraits/thumb/women/76.jpg'}, 'nat': 'NL'}], 'info': {'seed': '7851eba6ae686ec1', 'results': 1, 'page': 1, 'version': '1.4'}}</msg>
<arg>${json_data}</arg>
<doc>Logs the given message with the given level.</doc>
<status status="PASS" start="2024-07-22T16:19:27.183943" elapsed="0.000203"/>
</kw>
<kw name="Should Be String" owner="String">
<arg>${json_data['results'][0]['gender']}</arg>
<doc>Fails if the given ``item`` is not a string.</doc>
<status status="PASS" start="2024-07-22T16:19:27.184437" elapsed="0.000371"/>
</kw>
<kw name="Should Match Regexp" owner="BuiltIn">
<arg>${json_data['results'][0]['email']}</arg>
<arg>^[a-zA-Z0-9._%+-]+@[a-zA-Z0-9.-]+\.[a-zA-Z]{2,}$</arg>
<doc>Fails if ``string`` does not match ``pattern`` as a regular expression.</doc>
<status status="PASS" start="2024-07-22T16:19:27.185034" elapsed="0.000522"/>
</kw>
<kw name="Should Match Regexp" owner="BuiltIn">
<arg>${json_data['results'][0]['dob']['date']}</arg>
<arg>\\d{4}-\\d{2}-\\d{2}T\\d{2}:\\d{2}:\\d{2}\\.\\d{3}Z</arg>
<doc>Fails if ``string`` does not match ``pattern`` as a regular expression.</doc>
<status status="PASS" start="2024-07-22T16:19:27.185755" elapsed="0.000648"/>
</kw>
<kw name="Should Match Regexp" owner="BuiltIn">
<arg>${json_data['results'][0]['registered']['date']}</arg>
<arg>\\d{4}-\\d{2}-\\d{2}T\\d{2}:\\d{2}:\\d{2}\\.\\d{3}Z</arg>
<doc>Fails if ``string`` does not match ``pattern`` as a regular expression.</doc>
<status status="PASS" start="2024-07-22T16:19:27.186608" elapsed="0.000379"/>
</kw>
<kw name="Should Match Regexp" owner="BuiltIn">
<arg>${json_data['results'][0]['picture']['large']}</arg>
<arg>^https?://.*\.(?:png|jpe?g|gif|bmp)$</arg>
<doc>Fails if ``string`` does not match ``pattern`` as a regular expression.</doc>
<status status="PASS" start="2024-07-22T16:19:27.187178" elapsed="0.000465"/>
</kw>
<kw name="Should Match Regexp" owner="BuiltIn">
<arg>${json_data['results'][0]['picture']['medium']}</arg>
<arg>^https?://.*\.(?:png|jpe?g|gif|bmp)$</arg>
<doc>Fails if ``string`` does not match ``pattern`` as a regular expression.</doc>
<status status="PASS" start="2024-07-22T16:19:27.187832" elapsed="0.000358"/>
</kw>
<kw name="Should Match Regexp" owner="BuiltIn">
<arg>${json_data['results'][0]['picture']['thumbnail']}</arg>
<arg>^https?://.*\.(?:png|jpe?g|gif|bmp)$</arg>
<doc>Fails if ``string`` does not match ``pattern`` as a regular expression.</doc>
<status status="PASS" start="2024-07-22T16:19:27.188377" elapsed="0.000353"/>
</kw>
<kw name="Log" owner="BuiltIn">
<msg time="2024-07-22T16:19:27.189241" level="INFO">{'large': 'https://randomuser.me/api/portraits/women/76.jpg', 'medium': 'https://randomuser.me/api/portraits/med/women/76.jpg', 'thumbnail': 'https://randomuser.me/api/portraits/thumb/women/76.jpg'}</msg>
<arg>${json_data['results'][0]['picture']}</arg>
<doc>Logs the given message with the given level.</doc>
<status status="PASS" start="2024-07-22T16:19:27.188915" elapsed="0.000370"/>
</kw>
<status status="PASS" start="2024-07-22T16:19:27.106578" elapsed="0.082968"/>
</kw>
<kw name="Teste de Tipos de Dados - Postcode" owner="random-user-service">
<kw name="GET On Session" owner="RequestsLibrary">
<msg time="2024-07-22T16:19:27.296215" level="INFO">GET Request : url=https://randomuser.me/api 
 path_url=/api 
 headers={'User-Agent': 'python-requests/2.32.3', 'Accept-Encoding': 'gzip, deflate', 'Accept': '*/*', 'Connection': 'keep-alive'} 
 body=None 
 </msg>
<msg time="2024-07-22T16:19:27.296301" level="INFO">GET Response : url=https://randomuser.me/api 
 status=200, reason=OK 
 headers={'Date': 'Mon, 22 Jul 2024 16:19:27 GMT', 'Content-Type': 'application/json; charset=utf-8', 'Transfer-Encoding': 'chunked', 'Connection': 'keep-alive', 'X-Powered-By': 'Express', 'Access-Control-Allow-Origin': '*', 'Cache-Control': 'no-cache', 'ETag': 'W/"488-Z9cSYLb1qqXMGw+TpqE6dzJw3SU"', 'Vary': 'Accept-Encoding', 'Content-Encoding': 'gzip', 'CF-Cache-Status': 'DYNAMIC', 'Report-To': '{"endpoints":[{"url":"https:\\/\\/a.nel.cloudflare.com\\/report\\/v4?s=NbZ0PPqzkL46KQLC4NChOZucuQCvEsO5S6bq0dgnrYpoAsyGqVGGu0Q0%2FyqWLlFTZDatyZxomkuhlfMgB2clS6MnzBo7wtf05rwlNw6hm7OMhmIGjeqqbOwKyV0tFvPB"}],"group":"cf-nel","max_age":604800}', 'NEL': '{"success_fraction":0,"report_to":"cf-nel","max_age":604800}', 'Server': 'cloudflare', 'CF-RAY': '8a74c09efc298bbe-IAD', 'alt-svc': 'h3=":443"; ma=86400'} 
 body={"results":[{"gender":"female","name":{"title":"Ms","first":"Kayla","last":"Davies"},"location":{"street":{"number":1945,"name":"Henderson Road"},"city":"Napier","state":"Nelson","country":"New Zealand","postcode":95553,"coordinates":{"latitude":"51.8253","longitude":"23.7192"},"timezone":{"offset":"+9:00","description":"Tokyo, Seoul, Osaka, Sapporo, Yakutsk"}},"email":"kayla.davies@example.com","login":{"uuid":"82ee3577-fb60-45c0-a129-ed0c05bb4ea0","username":"organictiger851","password":"bush","salt":"UAduWcxe","md5":"7ada466f3ddd5e0a9f398653749dc2a4","sha1":"f613bfe3bab1901f503c619f9222ec5c281aa74a","sha256":"e09746e7255427784739d2e2217b878ca563687fe5a57497131499b7bc720e15"},"dob":{"date":"1947-12-20T20:05:53.771Z","age":76},"registered":{"date":"2017-07-20T23:44:00.682Z","age":7},"phone":"(376)-296-0702","cell":"(714)-930-8105","id":{"name":"","value":null},"picture":{"large":"https://randomuser.me/api/portraits/women/2.jpg","medium":"https://randomuser.me/api/portraits/med/women/2.jpg","thumbnail":"https://randomuser.me/api/portraits/thumb/women/2.jpg"},"nat":"NZ"}],"info":{"seed":"013370399fbdec06","results":1,"page":1,"version":"1.4"}} 
 </msg>
<msg time="2024-07-22T16:19:27.296381" level="INFO">/opt/hostedtoolcache/Python/3.12.4/x64/lib/python3.12/site-packages/urllib3/connectionpool.py:1099: InsecureRequestWarning: Unverified HTTPS request is being made to host 'randomuser.me'. Adding certificate verification is strongly advised. See: https://urllib3.readthedocs.io/en/latest/advanced-usage.html#tls-warnings
  warnings.warn(</msg>
<msg time="2024-07-22T16:19:27.296500" level="INFO">${response} = &lt;Response [200]&gt;</msg>
<var>${response}</var>
<arg>consultarAPI</arg>
<arg>/api</arg>
<doc>Sends a GET request on a previously created HTTP Session.</doc>
<status status="PASS" start="2024-07-22T16:19:27.189978" elapsed="0.106572"/>
</kw>
<kw name="Set Variable" owner="BuiltIn">
<msg time="2024-07-22T16:19:27.297573" level="INFO">${json_data} = {'results': [{'gender': 'female', 'name': {'title': 'Ms', 'first': 'Kayla', 'last': 'Davies'}, 'location': {'street': {'number': 1945, 'name': 'Henderson Road'}, 'city': 'Napier', 'state': 'Nelson', '...</msg>
<var>${json_data}</var>
<arg>${response.json()}</arg>
<doc>Returns the given values which can then be assigned to a variables.</doc>
<status status="PASS" start="2024-07-22T16:19:27.297033" elapsed="0.000573"/>
</kw>
<kw name="Log" owner="BuiltIn">
<msg time="2024-07-22T16:19:27.298152" level="INFO">{'results': [{'gender': 'female', 'name': {'title': 'Ms', 'first': 'Kayla', 'last': 'Davies'}, 'location': {'street': {'number': 1945, 'name': 'Henderson Road'}, 'city': 'Napier', 'state': 'Nelson', 'country': 'New Zealand', 'postcode': 95553, 'coordinates': {'latitude': '51.8253', 'longitude': '23.7192'}, 'timezone': {'offset': '+9:00', 'description': 'Tokyo, Seoul, Osaka, Sapporo, Yakutsk'}}, 'email': 'kayla.davies@example.com', 'login': {'uuid': '82ee3577-fb60-45c0-a129-ed0c05bb4ea0', 'username': 'organictiger851', 'password': 'bush', 'salt': 'UAduWcxe', 'md5': '7ada466f3ddd5e0a9f398653749dc2a4', 'sha1': 'f613bfe3bab1901f503c619f9222ec5c281aa74a', 'sha256': 'e09746e7255427784739d2e2217b878ca563687fe5a57497131499b7bc720e15'}, 'dob': {'date': '1947-12-20T20:05:53.771Z', 'age': 76}, 'registered': {'date': '2017-07-20T23:44:00.682Z', 'age': 7}, 'phone': '(376)-296-0702', 'cell': '(714)-930-8105', 'id': {'name': '', 'value': None}, 'picture': {'large': 'https://randomuser.me/api/portraits/women/2.jpg', 'medium': 'https://randomuser.me/api/portraits/med/women/2.jpg', 'thumbnail': 'https://randomuser.me/api/portraits/thumb/women/2.jpg'}, 'nat': 'NZ'}], 'info': {'seed': '013370399fbdec06', 'results': 1, 'page': 1, 'version': '1.4'}}</msg>
<arg>${json_data}</arg>
<doc>Logs the given message with the given level.</doc>
<status status="PASS" start="2024-07-22T16:19:27.297948" elapsed="0.000256"/>
</kw>
<kw name="Should Be Equal As Numbers" owner="BuiltIn">
<arg>${json_data['results'][0]['location']['postcode']}</arg>
<arg>${json_data['results'][0]['location']['postcode']}</arg>
<doc>Fails if objects are unequal after converting them to real numbers.</doc>
<status status="PASS" start="2024-07-22T16:19:27.298505" elapsed="0.000629"/>
</kw>
<kw name="Log" owner="BuiltIn">
<msg time="2024-07-22T16:19:27.299696" level="INFO">95553</msg>
<arg>${json_data['results'][0]['location']['postcode']}</arg>
<doc>Logs the given message with the given level.</doc>
<status status="PASS" start="2024-07-22T16:19:27.299354" elapsed="0.000383"/>
</kw>
<status status="PASS" start="2024-07-22T16:19:27.189759" elapsed="0.110227"/>
</kw>
<doc>Testa se os tipos de dados na resposta da API estão corretos.</doc>
<tag>testeTiposDados</tag>
<status status="PASS" start="2024-07-22T16:19:27.106002" elapsed="0.194147"/>
</test>
<test id="s1-s1-t5" name="Validar conteudo" line="35">
<kw name="Teste de Tipos de Conteudo" owner="random-user-service">
<kw name="GET On Session" owner="RequestsLibrary">
<msg time="2024-07-22T16:19:27.393819" level="INFO">GET Request : url=https://randomuser.me/api 
 path_url=/api 
 headers={'User-Agent': 'python-requests/2.32.3', 'Accept-Encoding': 'gzip, deflate', 'Accept': '*/*', 'Connection': 'keep-alive'} 
 body=None 
 </msg>
<msg time="2024-07-22T16:19:27.393918" level="INFO">GET Response : url=https://randomuser.me/api 
 status=200, reason=OK 
 headers={'Date': 'Mon, 22 Jul 2024 16:19:27 GMT', 'Content-Type': 'application/json; charset=utf-8', 'Transfer-Encoding': 'chunked', 'Connection': 'keep-alive', 'X-Powered-By': 'Express', 'Access-Control-Allow-Origin': '*', 'Cache-Control': 'no-cache', 'ETag': 'W/"497-wf7mvFFfoSrtDXzmz5/kSIxOiuI"', 'Vary': 'Accept-Encoding', 'Content-Encoding': 'gzip', 'CF-Cache-Status': 'DYNAMIC', 'Report-To': '{"endpoints":[{"url":"https:\\/\\/a.nel.cloudflare.com\\/report\\/v4?s=0OT2lJbIi3BVoBhlcZ0lO%2F%2FJWil%2B9uVQRSbHfu7Z3UmoiDqfeTIGkTxTavZisHh2JNfLunMTYsqHDygxs%2FICsXSCoyam8i7EkI0dcwgAzYm5u1fT4Zon69RPyn0Ky%2Fg%2F"}],"group":"cf-nel","max_age":604800}', 'NEL': '{"success_fraction":0,"report_to":"cf-nel","max_age":604800}', 'Server': 'cloudflare', 'CF-RAY': '8a74c09fad008bbe-IAD', 'alt-svc': 'h3=":443"; ma=86400'} 
 body={"results":[{"gender":"female","name":{"title":"Miss","first":"نازنین","last":"حیدری"},"location":{"street":{"number":2460,"name":"موحد دانش"},"city":"گرگان","state":"لرستان","country":"Iran","postcode":31946,"coordinates":{"latitude":"19.3843","longitude":"31.1408"},"timezone":{"offset":"+4:00","description":"Abu Dhabi, Muscat, Baku, Tbilisi"}},"email":"nznyn.hydry@example.com","login":{"uuid":"c2193af9-3487-47f6-9880-8af1ce973717","username":"angrylion673","password":"lakewood","salt":"sFDC7yMH","md5":"5b8f96e21ab408dc1067476ef0185353","sha1":"1daa242a1dcf9bc230626333bb2a7aa110359a7c","sha256":"39d818c7ea29bc7b779f70114ffac597f42d33bb7b3378f7b4d44c1ff67f313b"},"dob":{"date":"1998-11-09T22:22:01.624Z","age":25},"registered":{"date":"2004-07-25T11:52:43.561Z","age":19},"phone":"096-42404847","cell":"0925-775-7151","id":{"name":"","value":null},"picture":{"large":"https://randomuser.me/api/portraits/women/76.jpg","medium":"https://randomuser.me/api/portraits/med/women/76.jpg","thumbnail":"https://randomuser.me/api/portraits/thumb/women/76.jpg"},"nat":"IR"}],"info":{"seed":"a55ae3e6a5ef0a9c","results":1,"page":1,"version":"1.4"}} 
 </msg>
<msg time="2024-07-22T16:19:27.394045" level="INFO">/opt/hostedtoolcache/Python/3.12.4/x64/lib/python3.12/site-packages/urllib3/connectionpool.py:1099: InsecureRequestWarning: Unverified HTTPS request is being made to host 'randomuser.me'. Adding certificate verification is strongly advised. See: https://urllib3.readthedocs.io/en/latest/advanced-usage.html#tls-warnings
  warnings.warn(</msg>
<msg time="2024-07-22T16:19:27.394176" level="INFO">${response} = &lt;Response [200]&gt;</msg>
<var>${response}</var>
<arg>consultarAPI</arg>
<arg>/api</arg>
<doc>Sends a GET request on a previously created HTTP Session.</doc>
<status status="PASS" start="2024-07-22T16:19:27.302604" elapsed="0.091625"/>
</kw>
<kw name="Set Variable" owner="BuiltIn">
<msg time="2024-07-22T16:19:27.395207" level="INFO">${json_data} = {'results': [{'gender': 'female', 'name': {'title': 'Miss', 'first': 'نازنین', 'last': 'حیدری'}, 'location': {'street': {'number': 2460, 'name': 'موحد دانش'}, 'city': 'گرگان', 'state': 'لرستان', 'coun...</msg>
<var>${json_data}</var>
<arg>${response.json()}</arg>
<doc>Returns the given values which can then be assigned to a variables.</doc>
<status status="PASS" start="2024-07-22T16:19:27.394647" elapsed="0.000594"/>
</kw>
<kw name="Set Variable" owner="BuiltIn">
<msg time="2024-07-22T16:19:27.395942" level="INFO">${name_title} = Miss</msg>
<var>${name_title}</var>
<arg>${json_data["results"][0]["name"]["title"]}</arg>
<doc>Returns the given values which can then be assigned to a variables.</doc>
<status status="PASS" start="2024-07-22T16:19:27.395550" elapsed="0.000418"/>
</kw>
<kw name="Create List" owner="BuiltIn">
<msg time="2024-07-22T16:19:27.396409" level="INFO">${allowed_titles} = ['Mr', 'Ms', 'Miss', 'Mrs', 'Madame', 'Monsieur']</msg>
<var>${allowed_titles}</var>
<arg>Mr</arg>
<arg>Ms</arg>
<arg>Miss</arg>
<arg>Mrs</arg>
<arg>Madame</arg>
<arg>Monsieur</arg>
<doc>Returns a list containing given items.</doc>
<status status="PASS" start="2024-07-22T16:19:27.396264" elapsed="0.000170"/>
</kw>
<kw name="List Should Contain Value" owner="Collections">
<arg>${allowed_titles}</arg>
<arg>${name_title}</arg>
<doc>Fails if the ``value`` is not found from ``list``.</doc>
<status status="PASS" start="2024-07-22T16:19:27.396732" elapsed="0.000173"/>
</kw>
<kw name="Set Variable" owner="BuiltIn">
<msg time="2024-07-22T16:19:27.397453" level="INFO">${name_country} = IR</msg>
<var>${name_country}</var>
<arg>${json_data["results"][0]["nat"]}</arg>
<doc>Returns the given values which can then be assigned to a variables.</doc>
<status status="PASS" start="2024-07-22T16:19:27.397086" elapsed="0.000392"/>
</kw>
<kw name="Create List" owner="BuiltIn">
<msg time="2024-07-22T16:19:27.398420" level="INFO">${list_country} = ['AD', 'AE', 'AF', 'AG', 'AI', 'AL', 'AM', 'AO', 'AQ', 'AR', 'AS', 'AT', 'AU', 'AW', 'AX', 'AZ', 'BA', 'BB', 'BD', 'BE', 'BF', 'BG', 'BH', 'BI', 'BJ', 'BL', 'BM', 'BN', 'BO', 'BQ', 'BR', 'BS', 'BT', '...</msg>
<var>${list_country}</var>
<arg>AD</arg>
<arg>AE</arg>
<arg>AF</arg>
<arg>AG</arg>
<arg>AI</arg>
<arg>AL</arg>
<arg>AM</arg>
<arg>AO</arg>
<arg>AQ</arg>
<arg>AR</arg>
<arg>AS</arg>
<arg>AT</arg>
<arg>AU</arg>
<arg>AW</arg>
<arg>AX</arg>
<arg>AZ</arg>
<arg>BA</arg>
<arg>BB</arg>
<arg>BD</arg>
<arg>BE</arg>
<arg>BF</arg>
<arg>BG</arg>
<arg>BH</arg>
<arg>BI</arg>
<arg>BJ</arg>
<arg>BL</arg>
<arg>BM</arg>
<arg>BN</arg>
<arg>BO</arg>
<arg>BQ</arg>
<arg>BR</arg>
<arg>BS</arg>
<arg>BT</arg>
<arg>BV</arg>
<arg>BW</arg>
<arg>BY</arg>
<arg>BZ</arg>
<arg>CA</arg>
<arg>CC</arg>
<arg>CD</arg>
<arg>CF</arg>
<arg>CG</arg>
<arg>CH</arg>
<arg>CI</arg>
<arg>CK</arg>
<arg>CL</arg>
<arg>CM</arg>
<arg>CN</arg>
<arg>CO</arg>
<arg>CR</arg>
<arg>CU</arg>
<arg>CV</arg>
<arg>CW</arg>
<arg>CX</arg>
<arg>CY</arg>
<arg>CZ</arg>
<arg>DE</arg>
<arg>DJ</arg>
<arg>DK</arg>
<arg>DM</arg>
<arg>DO</arg>
<arg>DZ</arg>
<arg>EC</arg>
<arg>EE</arg>
<arg>EG</arg>
<arg>EH</arg>
<arg>ER</arg>
<arg>ES</arg>
<arg>ET</arg>
<arg>FI</arg>
<arg>FJ</arg>
<arg>FK</arg>
<arg>FM</arg>
<arg>FO</arg>
<arg>FR</arg>
<arg>GA</arg>
<arg>GB</arg>
<arg>GD</arg>
<arg>GE</arg>
<arg>GF</arg>
<arg>GG</arg>
<arg>GH</arg>
<arg>GI</arg>
<arg>GL</arg>
<arg>GM</arg>
<arg>GN</arg>
<arg>GP</arg>
<arg>GQ</arg>
<arg>GR</arg>
<arg>GS</arg>
<arg>GT</arg>
<arg>GU</arg>
<arg>GW</arg>
<arg>GY</arg>
<arg>HK</arg>
<arg>HM</arg>
<arg>HN</arg>
<arg>HR</arg>
<arg>HT</arg>
<arg>HU</arg>
<arg>ID</arg>
<arg>IE</arg>
<arg>IL</arg>
<arg>IM</arg>
<arg>IN</arg>
<arg>IO</arg>
<arg>IQ</arg>
<arg>IR</arg>
<arg>IS</arg>
<arg>IT</arg>
<arg>JE</arg>
<arg>JM</arg>
<arg>JO</arg>
<arg>JP</arg>
<arg>KE</arg>
<arg>KG</arg>
<arg>KH</arg>
<arg>KI</arg>
<arg>KM</arg>
<arg>KN</arg>
<arg>KP</arg>
<arg>KR</arg>
<arg>KW</arg>
<arg>KY</arg>
<arg>KZ</arg>
<arg>LA</arg>
<arg>LB</arg>
<arg>LC</arg>
<arg>LI</arg>
<arg>LK</arg>
<arg>LR</arg>
<arg>LS</arg>
<arg>LT</arg>
<arg>LU</arg>
<arg>LV</arg>
<arg>LY</arg>
<arg>MA</arg>
<arg>MC</arg>
<arg>MD</arg>
<arg>ME</arg>
<arg>MF</arg>
<arg>MG</arg>
<arg>MH</arg>
<arg>MK</arg>
<arg>ML</arg>
<arg>MM</arg>
<arg>MN</arg>
<arg>MO</arg>
<arg>MP</arg>
<arg>MQ</arg>
<arg>MR</arg>
<arg>MS</arg>
<arg>MT</arg>
<arg>MU</arg>
<arg>MV</arg>
<arg>MW</arg>
<arg>MX</arg>
<arg>MY</arg>
<arg>MZ</arg>
<arg>NA</arg>
<arg>NC</arg>
<arg>NE</arg>
<arg>NF</arg>
<arg>NG</arg>
<arg>NI</arg>
<arg>NL</arg>
<arg>NO</arg>
<arg>NP</arg>
<arg>NR</arg>
<arg>NU</arg>
<arg>NZ</arg>
<arg>OM</arg>
<arg>PA</arg>
<arg>PE</arg>
<arg>PF</arg>
<arg>PG</arg>
<arg>PH</arg>
<arg>PK</arg>
<arg>PL</arg>
<arg>PM</arg>
<arg>PN</arg>
<arg>PR</arg>
<arg>PS</arg>
<arg>PT</arg>
<arg>PW</arg>
<arg>PY</arg>
<arg>QA</arg>
<arg>RE</arg>
<arg>RO</arg>
<arg>RS</arg>
<arg>RU</arg>
<arg>RW</arg>
<arg>SA</arg>
<arg>SB</arg>
<arg>SC</arg>
<arg>SD</arg>
<arg>SE</arg>
<arg>SG</arg>
<arg>SH</arg>
<arg>SI</arg>
<arg>SJ</arg>
<arg>SK</arg>
<arg>SL</arg>
<arg>SM</arg>
<arg>SN</arg>
<arg>SO</arg>
<arg>SR</arg>
<arg>SS</arg>
<arg>ST</arg>
<arg>SV</arg>
<arg>SX</arg>
<arg>SY</arg>
<arg>SZ</arg>
<arg>TC</arg>
<arg>TD</arg>
<arg>TF</arg>
<arg>TG</arg>
<arg>TH</arg>
<arg>TJ</arg>
<arg>TK</arg>
<arg>TL</arg>
<arg>TM</arg>
<arg>TN</arg>
<arg>TO</arg>
<arg>TR</arg>
<arg>TT</arg>
<arg>TV</arg>
<arg>TW</arg>
<arg>TZ</arg>
<arg>UA</arg>
<arg>UG</arg>
<arg>UM</arg>
<arg>US</arg>
<arg>UY</arg>
<arg>UZ</arg>
<arg>VA</arg>
<arg>VC</arg>
<arg>VE</arg>
<arg>VG</arg>
<arg>VI</arg>
<arg>VN</arg>
<arg>VU</arg>
<arg>WF</arg>
<arg>WS</arg>
<arg>XK</arg>
<arg>YE</arg>
<arg>YT</arg>
<arg>ZA</arg>
<arg>ZM</arg>
<arg>ZW</arg>
<doc>Returns a list containing given items.</doc>
<status status="PASS" start="2024-07-22T16:19:27.397778" elapsed="0.000669"/>
</kw>
<kw name="List Should Contain Value" owner="Collections">
<arg>${list_country}</arg>
<arg>${name_country}</arg>
<doc>Fails if the ``value`` is not found from ``list``.</doc>
<status status="PASS" start="2024-07-22T16:19:27.399387" elapsed="0.000209"/>
</kw>
<kw name="Run Keyword If" owner="BuiltIn">
<kw name="Should Be True" owner="BuiltIn">
<arg>${True}</arg>
<doc>Fails if the given condition is not true.</doc>
<status status="PASS" start="2024-07-22T16:19:27.400533" elapsed="0.000141"/>
</kw>
<arg>${json_data["results"][0]["location"]["coordinates"]["latitude"]} &gt;= -90 and ${json_data["results"][0]["location"]["coordinates"]["latitude"]} &lt;= 90</arg>
<arg>Should Be True</arg>
<arg>${True}</arg>
<doc>Runs the given keyword with the given arguments, if ``condition`` is true.</doc>
<status status="PASS" start="2024-07-22T16:19:27.399795" elapsed="0.001004"/>
</kw>
<kw name="Run Keyword If" owner="BuiltIn">
<kw name="Should Be True" owner="BuiltIn">
<arg>${True}</arg>
<doc>Fails if the given condition is not true.</doc>
<status status="PASS" start="2024-07-22T16:19:27.401671" elapsed="0.000135"/>
</kw>
<arg>${json_data["results"][0]["location"]["coordinates"]["longitude"]} &gt;= -180 and ${json_data["results"][0]["location"]["coordinates"]["longitude"]} &lt;= 180</arg>
<arg>Should Be True</arg>
<arg>${True}</arg>
<doc>Runs the given keyword with the given arguments, if ``condition`` is true.</doc>
<status status="PASS" start="2024-07-22T16:19:27.400977" elapsed="0.000951"/>
</kw>
<status status="PASS" start="2024-07-22T16:19:27.302381" elapsed="0.099696"/>
</kw>
<doc>Testa o conteúdo específico dos campos retornados pela API.</doc>
<tag>testeConteudo</tag>
<status status="PASS" start="2024-07-22T16:19:27.301909" elapsed="0.100323"/>
</test>
<status status="PASS" start="2024-07-22T16:19:26.496994" elapsed="0.907118"/>
</suite>
<status status="PASS" start="2024-07-22T16:19:26.482818" elapsed="0.926294"/>
</suite>
<statistics>
<total>
<stat pass="5" fail="0" skip="0">All Tests</stat>
</total>
<tag>
<stat pass="1" fail="0" skip="0">testeConteudo</stat>
<stat pass="1" fail="0" skip="0">testeEstruturaResposta</stat>
<stat pass="1" fail="0" skip="0">testeRequisicaoBasica</stat>
<stat pass="1" fail="0" skip="0">testeTiposDados</stat>
</tag>
<suite>
<stat pass="5" fail="0" skip="0" id="s1" name="Tests">Tests</stat>
<stat pass="5" fail="0" skip="0" id="s1-s1" name="Random-User-Test">Tests.Random-User-Test</stat>
</suite>
</statistics>
<errors>
</errors>
</robot>
