<?xml version="1.0" encoding="UTF-8"?>
<robot generator="Robot 7.0 (Python 3.12.2 on linux)" generated="2024-04-10T14:12:28.461230" rpa="false" schemaversion="5">
<suite id="s1" name="Tests" source="/home/runner/work/DesafioQAItauRogerioJordao/DesafioQAItauRogerioJordao/RamdonUser/tests">
<suite id="s1-s1" name="Random-User-Test" source="/home/runner/work/DesafioQAItauRogerioJordao/DesafioQAItauRogerioJordao/RamdonUser/tests/random-user-test.robot">
<test id="s1-s1-t1" name="Conectar" line="13">
<kw name="Conectar API" owner="random-user-service">
<kw name="Create Session" owner="RequestsLibrary">
<msg time="2024-04-10T14:12:28.823381" level="INFO">Creating Session using : alias=consultarAPI, url=https://randomuser.me/, headers={},                     cookies={}, auth=None, timeout=None, proxies=None, verify=False,                     debug=0 </msg>
<arg>consultarAPI</arg>
<arg>${URL}</arg>
<doc>Create Session: create a HTTP session to a server</doc>
<status status="PASS" start="2024-04-10T14:12:28.823183" elapsed="0.000364"/>
</kw>
<status status="PASS" start="2024-04-10T14:12:28.822146" elapsed="0.001772"/>
</kw>
<status status="PASS" start="2024-04-10T14:12:28.821499" elapsed="0.002626"/>
</test>
<test id="s1-s1-t2" name="Validar retorno 200 e JSON Válido" line="16">
<kw name="Teste de Requisicao Basica" owner="random-user-service">
<kw name="GET On Session" owner="RequestsLibrary">
<msg time="2024-04-10T14:12:29.086311" level="INFO">GET Request : url=https://randomuser.me/api 
 path_url=/api 
 headers={'User-Agent': 'python-requests/2.31.0', 'Accept-Encoding': 'gzip, deflate', 'Accept': '*/*', 'Connection': 'keep-alive'} 
 body=None 
 </msg>
<msg time="2024-04-10T14:12:29.086468" level="INFO">GET Response : url=https://randomuser.me/api 
 status=200, reason=OK 
 headers={'Date': 'Wed, 10 Apr 2024 14:12:29 GMT', 'Content-Type': 'application/json; charset=utf-8', 'Transfer-Encoding': 'chunked', 'Connection': 'keep-alive', 'X-Powered-By': 'Express', 'Access-Control-Allow-Origin': '*', 'Cache-Control': 'no-cache', 'ETag': 'W/"4a6-Z1AtHyhyHUtBvHFa9Nza1CyzwF0"', 'Vary': 'Accept-Encoding', 'Content-Encoding': 'gzip', 'CF-Cache-Status': 'DYNAMIC', 'Report-To': '{"endpoints":[{"url":"https:\\/\\/a.nel.cloudflare.com\\/report\\/v4?s=n2RMiyemYzD5AkHN%2BOd%2FEkPNhJcEQTnAEFWEM4cG64ndAumsBWDywc71sOIsfY%2BcmjKc2ohv0vur4%2B0qDLLeyzNwicgl0a8OEapGreuyN%2BNyjkP8dm%2BD9xFHJnhYpPvv"}],"group":"cf-nel","max_age":604800}', 'NEL': '{"success_fraction":0,"report_to":"cf-nel","max_age":604800}', 'Server': 'cloudflare', 'CF-RAY': '872355015bc2607c-ORD', 'alt-svc': 'h3=":443"; ma=86400'} 
 body={"results":[{"gender":"male","name":{"title":"Mr","first":"Ted","last":"Jones"},"location":{"street":{"number":4497,"name":"Highfield Road"},"city":"Brighton and Hove","state":"Oxfordshire","country":"United Kingdom","postcode":"B4F 0SL","coordinates":{"latitude":"-7.6333","longitude":"-43.3608"},"timezone":{"offset":"-4:00","description":"Atlantic Time (Canada), Caracas, La Paz"}},"email":"ted.jones@example.com","login":{"uuid":"e74741bb-2ab1-48f2-888c-aa5b0326b490","username":"orangerabbit703","password":"lexmark","salt":"lPQeH0jb","md5":"c7ec6696cb53f47e6541c139e4cbdee8","sha1":"35df88dfcd656d073807d32c7da692d36a6224bf","sha256":"10eb2ef04adace31cf195545cf2f5ffd4821ece20b09638499d89aca7a4ded7b"},"dob":{"date":"1982-02-14T08:29:02.232Z","age":42},"registered":{"date":"2009-06-19T11:32:48.601Z","age":14},"phone":"015396 05684","cell":"07042 766881","id":{"name":"NINO","value":"KP 61 43 30 T"},"picture":{"large":"https://randomuser.me/api/portraits/men/73.jpg","medium":"https://randomuser.me/api/portraits/med/men/73.jpg","thumbnail":"https://randomuser.me/api/portraits/thumb/men/73.jpg"},"nat":"GB"}],"info":{"seed":"4d9940b221540cf5","results":1,"page":1,"version":"1.4"}} 
 </msg>
<msg time="2024-04-10T14:12:29.086552" level="INFO">/opt/hostedtoolcache/Python/3.12.2/x64/lib/python3.12/site-packages/urllib3/connectionpool.py:1103: InsecureRequestWarning: Unverified HTTPS request is being made to host 'randomuser.me'. Adding certificate verification is strongly advised. See: https://urllib3.readthedocs.io/en/latest/advanced-usage.html#tls-warnings
  warnings.warn(</msg>
<msg time="2024-04-10T14:12:29.086723" level="INFO">${response} = &lt;Response [200]&gt;</msg>
<var>${response}</var>
<arg>consultarAPI</arg>
<arg>/api</arg>
<doc>Sends a GET request on a previously created HTTP Session.</doc>
<status status="PASS" start="2024-04-10T14:12:28.826641" elapsed="0.260128"/>
</kw>
<kw name="Should Be Equal As Numbers" owner="BuiltIn">
<msg time="2024-04-10T14:12:29.087835" level="INFO">Argument types are:
&lt;class 'int'&gt;
&lt;class 'str'&gt;</msg>
<arg>${response.status_code}</arg>
<arg>200</arg>
<doc>Fails if objects are unequal after converting them to real numbers.</doc>
<status status="PASS" start="2024-04-10T14:12:29.087327" elapsed="0.000594"/>
</kw>
<kw name="Log" owner="BuiltIn">
<msg time="2024-04-10T14:12:29.088619" level="INFO">200</msg>
<arg>${response.status_code}</arg>
<doc>Logs the given message with the given level.</doc>
<status status="PASS" start="2024-04-10T14:12:29.088261" elapsed="0.000402"/>
</kw>
<kw name="Set Variable" owner="BuiltIn">
<msg time="2024-04-10T14:12:29.089444" level="INFO">${json_data} = {'results': [{'gender': 'male', 'name': {'title': 'Mr', 'first': 'Ted', 'last': 'Jones'}, 'location': {'street': {'number': 4497, 'name': 'Highfield Road'}, 'city': 'Brighton and Hove', 'state': 'Oxfo...</msg>
<var>${json_data}</var>
<arg>${response.json()}</arg>
<doc>Returns the given values which can then be assigned to a variables.</doc>
<status status="PASS" start="2024-04-10T14:12:29.088993" elapsed="0.000480"/>
</kw>
<kw name="Dictionary Should Contain Key" owner="Collections">
<msg time="2024-04-10T14:12:29.089959" level="INFO">False</msg>
<arg>${json_data}</arg>
<arg>results</arg>
<doc>Fails if ``key`` is not found from ``dictionary``.</doc>
<status status="PASS" start="2024-04-10T14:12:29.089783" elapsed="0.000218"/>
</kw>
<status status="PASS" start="2024-04-10T14:12:28.826391" elapsed="0.263901"/>
</kw>
<doc>Testa se a API responde corretamente e retorna um objeto JSON válido.</doc>
<tag>testeRequisicaoBasica</tag>
<status status="PASS" start="2024-04-10T14:12:28.825944" elapsed="0.264545"/>
</test>
<test id="s1-s1-t3" name="Validar estrutura de resposta" line="22">
<kw name="Teste de Estrutura de Resposta" owner="random-user-service">
<kw name="GET On Session" owner="RequestsLibrary">
<msg time="2024-04-10T14:12:29.208590" level="INFO">GET Request : url=https://randomuser.me/api 
 path_url=/api 
 headers={'User-Agent': 'python-requests/2.31.0', 'Accept-Encoding': 'gzip, deflate', 'Accept': '*/*', 'Connection': 'keep-alive'} 
 body=None 
 </msg>
<msg time="2024-04-10T14:12:29.208685" level="INFO">GET Response : url=https://randomuser.me/api 
 status=200, reason=OK 
 headers={'Date': 'Wed, 10 Apr 2024 14:12:29 GMT', 'Content-Type': 'application/json; charset=utf-8', 'Transfer-Encoding': 'chunked', 'Connection': 'keep-alive', 'X-Powered-By': 'Express', 'Access-Control-Allow-Origin': '*', 'Cache-Control': 'no-cache', 'ETag': 'W/"46f-ahYDG9yRHDjgaBSb727P4dt3fhE"', 'Vary': 'Accept-Encoding', 'Content-Encoding': 'gzip', 'CF-Cache-Status': 'DYNAMIC', 'Report-To': '{"endpoints":[{"url":"https:\\/\\/a.nel.cloudflare.com\\/report\\/v4?s=vwCHnhTF8oW5Y6PRKfV9u8vfP8oQSfSn9bwp1sdIppCRlH%2FMtvCNnl8SHXvAO2PaWLBxKhk271ISeqZDb5Cn44kyo4l3p9Bwy%2F9VOsKg%2BpBRhSziAu9%2F6y%2BJ73Qs%2FHnw"}],"group":"cf-nel","max_age":604800}', 'NEL': '{"success_fraction":0,"report_to":"cf-nel","max_age":604800}', 'Server': 'cloudflare', 'CF-RAY': '87235501dc3e607c-ORD', 'alt-svc': 'h3=":443"; ma=86400'} 
 body={"results":[{"gender":"female","name":{"title":"Mrs","first":"Ayşe","last":"Nebioğlu"},"location":{"street":{"number":5389,"name":"Istiklal Cd"},"city":"Elazığ","state":"Sinop","country":"Turkey","postcode":78260,"coordinates":{"latitude":"67.9202","longitude":"123.0678"},"timezone":{"offset":"-10:00","description":"Hawaii"}},"email":"ayse.nebioglu@example.com","login":{"uuid":"0a81874b-cfee-4328-8709-915dbeb7e1c9","username":"purplemeercat185","password":"963852","salt":"863njFVD","md5":"6603ab2359af95774be61b671d19d13b","sha1":"5926e37ec66f5fa64f9ceec27ac4e6c6f799f8f3","sha256":"e2535f0e3b9e9cf1db7f2ec4122d9ae004285c2df9d732e867afd1bce48cf95f"},"dob":{"date":"1965-03-10T23:11:53.719Z","age":59},"registered":{"date":"2018-12-12T15:37:11.426Z","age":5},"phone":"(874)-907-5075","cell":"(117)-285-5088","id":{"name":"","value":null},"picture":{"large":"https://randomuser.me/api/portraits/women/69.jpg","medium":"https://randomuser.me/api/portraits/med/women/69.jpg","thumbnail":"https://randomuser.me/api/portraits/thumb/women/69.jpg"},"nat":"TR"}],"info":{"seed":"8553fe73ad59c716","results":1,"page":1,"version":"1.4"}} 
 </msg>
<msg time="2024-04-10T14:12:29.208833" level="INFO">/opt/hostedtoolcache/Python/3.12.2/x64/lib/python3.12/site-packages/urllib3/connectionpool.py:1103: InsecureRequestWarning: Unverified HTTPS request is being made to host 'randomuser.me'. Adding certificate verification is strongly advised. See: https://urllib3.readthedocs.io/en/latest/advanced-usage.html#tls-warnings
  warnings.warn(</msg>
<msg time="2024-04-10T14:12:29.208986" level="INFO">${response} = &lt;Response [200]&gt;</msg>
<var>${response}</var>
<arg>consultarAPI</arg>
<arg>/api</arg>
<doc>Sends a GET request on a previously created HTTP Session.</doc>
<status status="PASS" start="2024-04-10T14:12:29.093330" elapsed="0.115709"/>
</kw>
<kw name="Set Variable" owner="BuiltIn">
<msg time="2024-04-10T14:12:29.209966" level="INFO">${json_data} = {'results': [{'gender': 'female', 'name': {'title': 'Mrs', 'first': 'Ayşe', 'last': 'Nebioğlu'}, 'location': {'street': {'number': 5389, 'name': 'Istiklal Cd'}, 'city': 'Elazığ', 'state': 'Sinop', 'co...</msg>
<var>${json_data}</var>
<arg>${response.json()}</arg>
<doc>Returns the given values which can then be assigned to a variables.</doc>
<status status="PASS" start="2024-04-10T14:12:29.209481" elapsed="0.000516"/>
</kw>
<kw name="Log" owner="BuiltIn">
<msg time="2024-04-10T14:12:29.210474" level="INFO">{'results': [{'gender': 'female', 'name': {'title': 'Mrs', 'first': 'Ayşe', 'last': 'Nebioğlu'}, 'location': {'street': {'number': 5389, 'name': 'Istiklal Cd'}, 'city': 'Elazığ', 'state': 'Sinop', 'country': 'Turkey', 'postcode': 78260, 'coordinates': {'latitude': '67.9202', 'longitude': '123.0678'}, 'timezone': {'offset': '-10:00', 'description': 'Hawaii'}}, 'email': 'ayse.nebioglu@example.com', 'login': {'uuid': '0a81874b-cfee-4328-8709-915dbeb7e1c9', 'username': 'purplemeercat185', 'password': '963852', 'salt': '863njFVD', 'md5': '6603ab2359af95774be61b671d19d13b', 'sha1': '5926e37ec66f5fa64f9ceec27ac4e6c6f799f8f3', 'sha256': 'e2535f0e3b9e9cf1db7f2ec4122d9ae004285c2df9d732e867afd1bce48cf95f'}, 'dob': {'date': '1965-03-10T23:11:53.719Z', 'age': 59}, 'registered': {'date': '2018-12-12T15:37:11.426Z', 'age': 5}, 'phone': '(874)-907-5075', 'cell': '(117)-285-5088', 'id': {'name': '', 'value': None}, 'picture': {'large': 'https://randomuser.me/api/portraits/women/69.jpg', 'medium': 'https://randomuser.me/api/portraits/med/women/69.jpg', 'thumbnail': 'https://randomuser.me/api/portraits/thumb/women/69.jpg'}, 'nat': 'TR'}], 'info': {'seed': '8553fe73ad59c716', 'results': 1, 'page': 1, 'version': '1.4'}}</msg>
<arg>${json_data}</arg>
<doc>Logs the given message with the given level.</doc>
<status status="PASS" start="2024-04-10T14:12:29.210310" elapsed="0.000215"/>
</kw>
<kw name="Dictionary Should Contain Key" owner="Collections">
<msg time="2024-04-10T14:12:29.210986" level="INFO">False</msg>
<arg>${json_data}</arg>
<arg>results</arg>
<doc>Fails if ``key`` is not found from ``dictionary``.</doc>
<status status="PASS" start="2024-04-10T14:12:29.210828" elapsed="0.000195"/>
</kw>
<kw name="Should Not Be Empty" owner="BuiltIn">
<msg time="2024-04-10T14:12:29.211452" level="INFO">Length is 2.</msg>
<arg>${json_data}</arg>
<doc>Verifies that the given item is not empty.</doc>
<status status="PASS" start="2024-04-10T14:12:29.211320" elapsed="0.000170"/>
</kw>
<kw name="Create List" owner="BuiltIn">
<msg time="2024-04-10T14:12:29.211986" level="INFO">${expected_keys} = ['gender', 'name', 'location', 'email', 'login']</msg>
<var>${expected_keys}</var>
<arg>gender</arg>
<arg>name</arg>
<arg>location</arg>
<arg>email</arg>
<arg>login</arg>
<doc>Returns a list containing given items.</doc>
<status status="PASS" start="2024-04-10T14:12:29.211782" elapsed="0.000230"/>
</kw>
<for flavor="IN">
<iter>
<kw name="Dictionary Should Contain Key" owner="Collections">
<msg time="2024-04-10T14:12:29.213011" level="INFO">False</msg>
<arg>${json_data['results'][0]}</arg>
<arg>${key}</arg>
<doc>Fails if ``key`` is not found from ``dictionary``.</doc>
<status status="PASS" start="2024-04-10T14:12:29.212601" elapsed="0.000450"/>
</kw>
<kw name="Log" owner="BuiltIn">
<msg time="2024-04-10T14:12:29.213728" level="INFO">{'gender': 'female', 'name': {'title': 'Mrs', 'first': 'Ayşe', 'last': 'Nebioğlu'}, 'location': {'street': {'number': 5389, 'name': 'Istiklal Cd'}, 'city': 'Elazığ', 'state': 'Sinop', 'country': 'Turkey', 'postcode': 78260, 'coordinates': {'latitude': '67.9202', 'longitude': '123.0678'}, 'timezone': {'offset': '-10:00', 'description': 'Hawaii'}}, 'email': 'ayse.nebioglu@example.com', 'login': {'uuid': '0a81874b-cfee-4328-8709-915dbeb7e1c9', 'username': 'purplemeercat185', 'password': '963852', 'salt': '863njFVD', 'md5': '6603ab2359af95774be61b671d19d13b', 'sha1': '5926e37ec66f5fa64f9ceec27ac4e6c6f799f8f3', 'sha256': 'e2535f0e3b9e9cf1db7f2ec4122d9ae004285c2df9d732e867afd1bce48cf95f'}, 'dob': {'date': '1965-03-10T23:11:53.719Z', 'age': 59}, 'registered': {'date': '2018-12-12T15:37:11.426Z', 'age': 5}, 'phone': '(874)-907-5075', 'cell': '(117)-285-5088', 'id': {'name': '', 'value': None}, 'picture': {'large': 'https://randomuser.me/api/portraits/women/69.jpg', 'medium': 'https://randomuser.me/api/portraits/med/women/69.jpg', 'thumbnail': 'https://randomuser.me/api/portraits/thumb/women/69.jpg'}, 'nat': 'TR'}</msg>
<arg>${json_data['results'][0]}</arg>
<doc>Logs the given message with the given level.</doc>
<status status="PASS" start="2024-04-10T14:12:29.213361" elapsed="0.000423"/>
</kw>
<kw name="Log" owner="BuiltIn">
<msg time="2024-04-10T14:12:29.214218" level="INFO">gender</msg>
<arg>${key}</arg>
<doc>Logs the given message with the given level.</doc>
<status status="PASS" start="2024-04-10T14:12:29.214088" elapsed="0.000168"/>
</kw>
<var name="${key}">gender</var>
<status status="PASS" start="2024-04-10T14:12:29.212473" elapsed="0.002004"/>
</iter>
<iter>
<kw name="Dictionary Should Contain Key" owner="Collections">
<msg time="2024-04-10T14:12:29.215188" level="INFO">False</msg>
<arg>${json_data['results'][0]}</arg>
<arg>${key}</arg>
<doc>Fails if ``key`` is not found from ``dictionary``.</doc>
<status status="PASS" start="2024-04-10T14:12:29.214784" elapsed="0.000442"/>
</kw>
<kw name="Log" owner="BuiltIn">
<msg time="2024-04-10T14:12:29.215945" level="INFO">{'gender': 'female', 'name': {'title': 'Mrs', 'first': 'Ayşe', 'last': 'Nebioğlu'}, 'location': {'street': {'number': 5389, 'name': 'Istiklal Cd'}, 'city': 'Elazığ', 'state': 'Sinop', 'country': 'Turkey', 'postcode': 78260, 'coordinates': {'latitude': '67.9202', 'longitude': '123.0678'}, 'timezone': {'offset': '-10:00', 'description': 'Hawaii'}}, 'email': 'ayse.nebioglu@example.com', 'login': {'uuid': '0a81874b-cfee-4328-8709-915dbeb7e1c9', 'username': 'purplemeercat185', 'password': '963852', 'salt': '863njFVD', 'md5': '6603ab2359af95774be61b671d19d13b', 'sha1': '5926e37ec66f5fa64f9ceec27ac4e6c6f799f8f3', 'sha256': 'e2535f0e3b9e9cf1db7f2ec4122d9ae004285c2df9d732e867afd1bce48cf95f'}, 'dob': {'date': '1965-03-10T23:11:53.719Z', 'age': 59}, 'registered': {'date': '2018-12-12T15:37:11.426Z', 'age': 5}, 'phone': '(874)-907-5075', 'cell': '(117)-285-5088', 'id': {'name': '', 'value': None}, 'picture': {'large': 'https://randomuser.me/api/portraits/women/69.jpg', 'medium': 'https://randomuser.me/api/portraits/med/women/69.jpg', 'thumbnail': 'https://randomuser.me/api/portraits/thumb/women/69.jpg'}, 'nat': 'TR'}</msg>
<arg>${json_data['results'][0]}</arg>
<doc>Logs the given message with the given level.</doc>
<status status="PASS" start="2024-04-10T14:12:29.215551" elapsed="0.000445"/>
</kw>
<kw name="Log" owner="BuiltIn">
<msg time="2024-04-10T14:12:29.216423" level="INFO">name</msg>
<arg>${key}</arg>
<doc>Logs the given message with the given level.</doc>
<status status="PASS" start="2024-04-10T14:12:29.216295" elapsed="0.000166"/>
</kw>
<var name="${key}">name</var>
<status status="PASS" start="2024-04-10T14:12:29.214668" elapsed="0.002009"/>
</iter>
<iter>
<kw name="Dictionary Should Contain Key" owner="Collections">
<msg time="2024-04-10T14:12:29.217340" level="INFO">False</msg>
<arg>${json_data['results'][0]}</arg>
<arg>${key}</arg>
<doc>Fails if ``key`` is not found from ``dictionary``.</doc>
<status status="PASS" start="2024-04-10T14:12:29.216968" elapsed="0.000410"/>
</kw>
<kw name="Log" owner="BuiltIn">
<msg time="2024-04-10T14:12:29.218044" level="INFO">{'gender': 'female', 'name': {'title': 'Mrs', 'first': 'Ayşe', 'last': 'Nebioğlu'}, 'location': {'street': {'number': 5389, 'name': 'Istiklal Cd'}, 'city': 'Elazığ', 'state': 'Sinop', 'country': 'Turkey', 'postcode': 78260, 'coordinates': {'latitude': '67.9202', 'longitude': '123.0678'}, 'timezone': {'offset': '-10:00', 'description': 'Hawaii'}}, 'email': 'ayse.nebioglu@example.com', 'login': {'uuid': '0a81874b-cfee-4328-8709-915dbeb7e1c9', 'username': 'purplemeercat185', 'password': '963852', 'salt': '863njFVD', 'md5': '6603ab2359af95774be61b671d19d13b', 'sha1': '5926e37ec66f5fa64f9ceec27ac4e6c6f799f8f3', 'sha256': 'e2535f0e3b9e9cf1db7f2ec4122d9ae004285c2df9d732e867afd1bce48cf95f'}, 'dob': {'date': '1965-03-10T23:11:53.719Z', 'age': 59}, 'registered': {'date': '2018-12-12T15:37:11.426Z', 'age': 5}, 'phone': '(874)-907-5075', 'cell': '(117)-285-5088', 'id': {'name': '', 'value': None}, 'picture': {'large': 'https://randomuser.me/api/portraits/women/69.jpg', 'medium': 'https://randomuser.me/api/portraits/med/women/69.jpg', 'thumbnail': 'https://randomuser.me/api/portraits/thumb/women/69.jpg'}, 'nat': 'TR'}</msg>
<arg>${json_data['results'][0]}</arg>
<doc>Logs the given message with the given level.</doc>
<status status="PASS" start="2024-04-10T14:12:29.217679" elapsed="0.000420"/>
</kw>
<kw name="Log" owner="BuiltIn">
<msg time="2024-04-10T14:12:29.218522" level="INFO">location</msg>
<arg>${key}</arg>
<doc>Logs the given message with the given level.</doc>
<status status="PASS" start="2024-04-10T14:12:29.218395" elapsed="0.000165"/>
</kw>
<var name="${key}">location</var>
<status status="PASS" start="2024-04-10T14:12:29.216856" elapsed="0.001919"/>
</iter>
<iter>
<kw name="Dictionary Should Contain Key" owner="Collections">
<msg time="2024-04-10T14:12:29.219437" level="INFO">False</msg>
<arg>${json_data['results'][0]}</arg>
<arg>${key}</arg>
<doc>Fails if ``key`` is not found from ``dictionary``.</doc>
<status status="PASS" start="2024-04-10T14:12:29.219058" elapsed="0.000415"/>
</kw>
<kw name="Log" owner="BuiltIn">
<msg time="2024-04-10T14:12:29.220185" level="INFO">{'gender': 'female', 'name': {'title': 'Mrs', 'first': 'Ayşe', 'last': 'Nebioğlu'}, 'location': {'street': {'number': 5389, 'name': 'Istiklal Cd'}, 'city': 'Elazığ', 'state': 'Sinop', 'country': 'Turkey', 'postcode': 78260, 'coordinates': {'latitude': '67.9202', 'longitude': '123.0678'}, 'timezone': {'offset': '-10:00', 'description': 'Hawaii'}}, 'email': 'ayse.nebioglu@example.com', 'login': {'uuid': '0a81874b-cfee-4328-8709-915dbeb7e1c9', 'username': 'purplemeercat185', 'password': '963852', 'salt': '863njFVD', 'md5': '6603ab2359af95774be61b671d19d13b', 'sha1': '5926e37ec66f5fa64f9ceec27ac4e6c6f799f8f3', 'sha256': 'e2535f0e3b9e9cf1db7f2ec4122d9ae004285c2df9d732e867afd1bce48cf95f'}, 'dob': {'date': '1965-03-10T23:11:53.719Z', 'age': 59}, 'registered': {'date': '2018-12-12T15:37:11.426Z', 'age': 5}, 'phone': '(874)-907-5075', 'cell': '(117)-285-5088', 'id': {'name': '', 'value': None}, 'picture': {'large': 'https://randomuser.me/api/portraits/women/69.jpg', 'medium': 'https://randomuser.me/api/portraits/med/women/69.jpg', 'thumbnail': 'https://randomuser.me/api/portraits/thumb/women/69.jpg'}, 'nat': 'TR'}</msg>
<arg>${json_data['results'][0]}</arg>
<doc>Logs the given message with the given level.</doc>
<status status="PASS" start="2024-04-10T14:12:29.219773" elapsed="0.000462"/>
</kw>
<kw name="Log" owner="BuiltIn">
<msg time="2024-04-10T14:12:29.220669" level="INFO">email</msg>
<arg>${key}</arg>
<doc>Logs the given message with the given level.</doc>
<status status="PASS" start="2024-04-10T14:12:29.220540" elapsed="0.000167"/>
</kw>
<var name="${key}">email</var>
<status status="PASS" start="2024-04-10T14:12:29.218947" elapsed="0.001975"/>
</iter>
<iter>
<kw name="Dictionary Should Contain Key" owner="Collections">
<msg time="2024-04-10T14:12:29.221587" level="INFO">False</msg>
<arg>${json_data['results'][0]}</arg>
<arg>${key}</arg>
<doc>Fails if ``key`` is not found from ``dictionary``.</doc>
<status status="PASS" start="2024-04-10T14:12:29.221206" elapsed="0.000418"/>
</kw>
<kw name="Log" owner="BuiltIn">
<msg time="2024-04-10T14:12:29.222293" level="INFO">{'gender': 'female', 'name': {'title': 'Mrs', 'first': 'Ayşe', 'last': 'Nebioğlu'}, 'location': {'street': {'number': 5389, 'name': 'Istiklal Cd'}, 'city': 'Elazığ', 'state': 'Sinop', 'country': 'Turkey', 'postcode': 78260, 'coordinates': {'latitude': '67.9202', 'longitude': '123.0678'}, 'timezone': {'offset': '-10:00', 'description': 'Hawaii'}}, 'email': 'ayse.nebioglu@example.com', 'login': {'uuid': '0a81874b-cfee-4328-8709-915dbeb7e1c9', 'username': 'purplemeercat185', 'password': '963852', 'salt': '863njFVD', 'md5': '6603ab2359af95774be61b671d19d13b', 'sha1': '5926e37ec66f5fa64f9ceec27ac4e6c6f799f8f3', 'sha256': 'e2535f0e3b9e9cf1db7f2ec4122d9ae004285c2df9d732e867afd1bce48cf95f'}, 'dob': {'date': '1965-03-10T23:11:53.719Z', 'age': 59}, 'registered': {'date': '2018-12-12T15:37:11.426Z', 'age': 5}, 'phone': '(874)-907-5075', 'cell': '(117)-285-5088', 'id': {'name': '', 'value': None}, 'picture': {'large': 'https://randomuser.me/api/portraits/women/69.jpg', 'medium': 'https://randomuser.me/api/portraits/med/women/69.jpg', 'thumbnail': 'https://randomuser.me/api/portraits/thumb/women/69.jpg'}, 'nat': 'TR'}</msg>
<arg>${json_data['results'][0]}</arg>
<doc>Logs the given message with the given level.</doc>
<status status="PASS" start="2024-04-10T14:12:29.221919" elapsed="0.000424"/>
</kw>
<kw name="Log" owner="BuiltIn">
<msg time="2024-04-10T14:12:29.222765" level="INFO">login</msg>
<arg>${key}</arg>
<doc>Logs the given message with the given level.</doc>
<status status="PASS" start="2024-04-10T14:12:29.222638" elapsed="0.000169"/>
</kw>
<var name="${key}">login</var>
<status status="PASS" start="2024-04-10T14:12:29.221095" elapsed="0.001928"/>
</iter>
<var>${key}</var>
<value>@{expected_keys}</value>
<status status="PASS" start="2024-04-10T14:12:29.212284" elapsed="0.010859"/>
</for>
<kw name="Create List" owner="BuiltIn">
<msg time="2024-04-10T14:12:29.223505" level="INFO">${expected_keysTwo} = ['username', 'password']</msg>
<var>${expected_keysTwo}</var>
<arg>username</arg>
<arg>password</arg>
<doc>Returns a list containing given items.</doc>
<status status="PASS" start="2024-04-10T14:12:29.223365" elapsed="0.000164"/>
</kw>
<for flavor="IN">
<iter>
<kw name="Dictionary Should Contain Key" owner="Collections">
<msg time="2024-04-10T14:12:29.224567" level="INFO">False</msg>
<arg>${json_data['results'][0]['login']}</arg>
<arg>${keyTwo}</arg>
<doc>Fails if ``key`` is not found from ``dictionary``.</doc>
<status status="PASS" start="2024-04-10T14:12:29.224170" elapsed="0.000435"/>
</kw>
<kw name="Dictionary Should Contain Key" owner="Collections">
<msg time="2024-04-10T14:12:29.225283" level="INFO">False</msg>
<arg>${json_data['results'][0]['login']}</arg>
<arg>${keyTwo}</arg>
<doc>Fails if ``key`` is not found from ``dictionary``.</doc>
<status status="PASS" start="2024-04-10T14:12:29.224905" elapsed="0.000415"/>
</kw>
<kw name="Log" owner="BuiltIn">
<msg time="2024-04-10T14:12:29.225743" level="INFO">username</msg>
<arg>${keyTwo}</arg>
<doc>Logs the given message with the given level.</doc>
<status status="PASS" start="2024-04-10T14:12:29.225616" elapsed="0.000164"/>
</kw>
<var name="${keyTwo}">username</var>
<status status="PASS" start="2024-04-10T14:12:29.224055" elapsed="0.001940"/>
</iter>
<iter>
<kw name="Dictionary Should Contain Key" owner="Collections">
<msg time="2024-04-10T14:12:29.226653" level="INFO">False</msg>
<arg>${json_data['results'][0]['login']}</arg>
<arg>${keyTwo}</arg>
<doc>Fails if ``key`` is not found from ``dictionary``.</doc>
<status status="PASS" start="2024-04-10T14:12:29.226278" elapsed="0.000411"/>
</kw>
<kw name="Dictionary Should Contain Key" owner="Collections">
<msg time="2024-04-10T14:12:29.227356" level="INFO">False</msg>
<arg>${json_data['results'][0]['login']}</arg>
<arg>${keyTwo}</arg>
<doc>Fails if ``key`` is not found from ``dictionary``.</doc>
<status status="PASS" start="2024-04-10T14:12:29.226980" elapsed="0.000412"/>
</kw>
<kw name="Log" owner="BuiltIn">
<msg time="2024-04-10T14:12:29.227832" level="INFO">password</msg>
<arg>${keyTwo}</arg>
<doc>Logs the given message with the given level.</doc>
<status status="PASS" start="2024-04-10T14:12:29.227682" elapsed="0.000200"/>
</kw>
<var name="${keyTwo}">password</var>
<status status="PASS" start="2024-04-10T14:12:29.226168" elapsed="0.001938"/>
</iter>
<var>${keyTwo}</var>
<value>@{expected_keysTwo}</value>
<status status="PASS" start="2024-04-10T14:12:29.223770" elapsed="0.004459"/>
</for>
<status status="PASS" start="2024-04-10T14:12:29.093090" elapsed="0.135280"/>
</kw>
<doc>Testa a estrutura da resposta da API.</doc>
<tag>testeEstruturaResposta</tag>
<status status="PASS" start="2024-04-10T14:12:29.092407" elapsed="0.136123"/>
</test>
<test id="s1-s1-t4" name="Validar tipos de dados" line="28">
<kw name="Teste de Tipos de Dados" owner="random-user-service">
<kw name="GET On Session" owner="RequestsLibrary">
<msg time="2024-04-10T14:12:29.488698" level="INFO">GET Request : url=https://randomuser.me/api 
 path_url=/api 
 headers={'User-Agent': 'python-requests/2.31.0', 'Accept-Encoding': 'gzip, deflate', 'Accept': '*/*', 'Connection': 'keep-alive'} 
 body=None 
 </msg>
<msg time="2024-04-10T14:12:29.488810" level="INFO">GET Response : url=https://randomuser.me/api 
 status=200, reason=OK 
 headers={'Date': 'Wed, 10 Apr 2024 14:12:29 GMT', 'Content-Type': 'application/json; charset=utf-8', 'Transfer-Encoding': 'chunked', 'Connection': 'keep-alive', 'X-Powered-By': 'Express', 'Access-Control-Allow-Origin': '*', 'Cache-Control': 'no-cache', 'ETag': 'W/"47e-G/maopoMx2ZzS+t0CGakZAJRtDs"', 'Vary': 'Accept-Encoding', 'Content-Encoding': 'gzip', 'CF-Cache-Status': 'DYNAMIC', 'Report-To': '{"endpoints":[{"url":"https:\\/\\/a.nel.cloudflare.com\\/report\\/v4?s=7Wd2WoFAQZF2BLG6mEvqC8BRqfVL9Ds47bdyONb7C0AYEazNae5nurGZDKWDguMdYDWC101423QHZYAHtN90niEqkmvPBj7JnC9km2qsLiktsZhF9QMFTH2fQm417aqD"}],"group":"cf-nel","max_age":604800}', 'NEL': '{"success_fraction":0,"report_to":"cf-nel","max_age":604800}', 'Server': 'cloudflare', 'CF-RAY': '872355040ee8607c-ORD', 'alt-svc': 'h3=":443"; ma=86400'} 
 body={"results":[{"gender":"female","name":{"title":"Miss","first":"Sara","last":"Peltola"},"location":{"street":{"number":1282,"name":"Visiokatu"},"city":"Vähäkyrö","state":"Uusimaa","country":"Finland","postcode":29716,"coordinates":{"latitude":"-29.2095","longitude":"103.0305"},"timezone":{"offset":"-10:00","description":"Hawaii"}},"email":"sara.peltola@example.com","login":{"uuid":"db112ffe-3770-4fb1-b0b7-0611cd17e186","username":"heavybear452","password":"rangers1","salt":"BDb8TfTc","md5":"977af41cf5eb0551173e0437a7c01cb7","sha1":"cb29a125b1b2caf352cdc672d1f7d5d8588d83c6","sha256":"949c1ce91dc2ee285e15438c452a43dfc4df6d9d9550e4fcf3fa4dd03ec7ac24"},"dob":{"date":"1951-08-29T08:08:26.773Z","age":72},"registered":{"date":"2003-09-03T23:15:18.073Z","age":20},"phone":"08-048-053","cell":"041-785-66-88","id":{"name":"HETU","value":"NaNNA566undefined"},"picture":{"large":"https://randomuser.me/api/portraits/women/77.jpg","medium":"https://randomuser.me/api/portraits/med/women/77.jpg","thumbnail":"https://randomuser.me/api/portraits/thumb/women/77.jpg"},"nat":"FI"}],"info":{"seed":"dfc68bd0f1684fa0","results":1,"page":1,"version":"1.4"}} 
 </msg>
<msg time="2024-04-10T14:12:29.488884" level="INFO">/opt/hostedtoolcache/Python/3.12.2/x64/lib/python3.12/site-packages/urllib3/connectionpool.py:1103: InsecureRequestWarning: Unverified HTTPS request is being made to host 'randomuser.me'. Adding certificate verification is strongly advised. See: https://urllib3.readthedocs.io/en/latest/advanced-usage.html#tls-warnings
  warnings.warn(</msg>
<msg time="2024-04-10T14:12:29.489028" level="INFO">${response} = &lt;Response [200]&gt;</msg>
<var>${response}</var>
<arg>consultarAPI</arg>
<arg>/api</arg>
<doc>Sends a GET request on a previously created HTTP Session.</doc>
<status status="PASS" start="2024-04-10T14:12:29.231063" elapsed="0.258011"/>
</kw>
<kw name="Set Variable" owner="BuiltIn">
<msg time="2024-04-10T14:12:29.490101" level="INFO">${json_data} = {'results': [{'gender': 'female', 'name': {'title': 'Miss', 'first': 'Sara', 'last': 'Peltola'}, 'location': {'street': {'number': 1282, 'name': 'Visiokatu'}, 'city': 'Vähäkyrö', 'state': 'Uusimaa', '...</msg>
<var>${json_data}</var>
<arg>${response.json()}</arg>
<doc>Returns the given values which can then be assigned to a variables.</doc>
<status status="PASS" start="2024-04-10T14:12:29.489583" elapsed="0.000548"/>
</kw>
<kw name="Log" owner="BuiltIn">
<msg time="2024-04-10T14:12:29.490623" level="INFO">{'results': [{'gender': 'female', 'name': {'title': 'Miss', 'first': 'Sara', 'last': 'Peltola'}, 'location': {'street': {'number': 1282, 'name': 'Visiokatu'}, 'city': 'Vähäkyrö', 'state': 'Uusimaa', 'country': 'Finland', 'postcode': 29716, 'coordinates': {'latitude': '-29.2095', 'longitude': '103.0305'}, 'timezone': {'offset': '-10:00', 'description': 'Hawaii'}}, 'email': 'sara.peltola@example.com', 'login': {'uuid': 'db112ffe-3770-4fb1-b0b7-0611cd17e186', 'username': 'heavybear452', 'password': 'rangers1', 'salt': 'BDb8TfTc', 'md5': '977af41cf5eb0551173e0437a7c01cb7', 'sha1': 'cb29a125b1b2caf352cdc672d1f7d5d8588d83c6', 'sha256': '949c1ce91dc2ee285e15438c452a43dfc4df6d9d9550e4fcf3fa4dd03ec7ac24'}, 'dob': {'date': '1951-08-29T08:08:26.773Z', 'age': 72}, 'registered': {'date': '2003-09-03T23:15:18.073Z', 'age': 20}, 'phone': '08-048-053', 'cell': '041-785-66-88', 'id': {'name': 'HETU', 'value': 'NaNNA566undefined'}, 'picture': {'large': 'https://randomuser.me/api/portraits/women/77.jpg', 'medium': 'https://randomuser.me/api/portraits/med/women/77.jpg', 'thumbnail': 'https://randomuser.me/api/portraits/thumb/women/77.jpg'}, 'nat': 'FI'}], 'info': {'seed': 'dfc68bd0f1684fa0', 'results': 1, 'page': 1, 'version': '1.4'}}</msg>
<arg>${json_data}</arg>
<doc>Logs the given message with the given level.</doc>
<status status="PASS" start="2024-04-10T14:12:29.490453" elapsed="0.000221"/>
</kw>
<kw name="Should Be String" owner="String">
<arg>${json_data['results'][0]['gender']}</arg>
<doc>Fails if the given ``item`` is not a string.</doc>
<status status="PASS" start="2024-04-10T14:12:29.491005" elapsed="0.000367"/>
</kw>
<kw name="Should Match Regexp" owner="BuiltIn">
<arg>${json_data['results'][0]['email']}</arg>
<arg>^[a-zA-Z0-9._%+-]+@[a-zA-Z0-9.-]+\.[a-zA-Z]{2,}$</arg>
<doc>Fails if ``string`` does not match ``pattern`` as a regular expression.</doc>
<status status="PASS" start="2024-04-10T14:12:29.491567" elapsed="0.000584"/>
</kw>
<kw name="Should Match Regexp" owner="BuiltIn">
<arg>${json_data['results'][0]['dob']['date']}</arg>
<arg>\\d{4}-\\d{2}-\\d{2}T\\d{2}:\\d{2}:\\d{2}\\.\\d{3}Z</arg>
<doc>Fails if ``string`` does not match ``pattern`` as a regular expression.</doc>
<status status="PASS" start="2024-04-10T14:12:29.492350" elapsed="0.000509"/>
</kw>
<kw name="Should Match Regexp" owner="BuiltIn">
<arg>${json_data['results'][0]['registered']['date']}</arg>
<arg>\\d{4}-\\d{2}-\\d{2}T\\d{2}:\\d{2}:\\d{2}\\.\\d{3}Z</arg>
<doc>Fails if ``string`` does not match ``pattern`` as a regular expression.</doc>
<status status="PASS" start="2024-04-10T14:12:29.493066" elapsed="0.000376"/>
</kw>
<kw name="Should Match Regexp" owner="BuiltIn">
<arg>${json_data['results'][0]['picture']['large']}</arg>
<arg>^https?://.*\.(?:png|jpe?g|gif|bmp)$</arg>
<doc>Fails if ``string`` does not match ``pattern`` as a regular expression.</doc>
<status status="PASS" start="2024-04-10T14:12:29.493634" elapsed="0.000462"/>
</kw>
<kw name="Should Match Regexp" owner="BuiltIn">
<arg>${json_data['results'][0]['picture']['medium']}</arg>
<arg>^https?://.*\.(?:png|jpe?g|gif|bmp)$</arg>
<doc>Fails if ``string`` does not match ``pattern`` as a regular expression.</doc>
<status status="PASS" start="2024-04-10T14:12:29.494288" elapsed="0.000360"/>
</kw>
<kw name="Should Match Regexp" owner="BuiltIn">
<arg>${json_data['results'][0]['picture']['thumbnail']}</arg>
<arg>^https?://.*\.(?:png|jpe?g|gif|bmp)$</arg>
<doc>Fails if ``string`` does not match ``pattern`` as a regular expression.</doc>
<status status="PASS" start="2024-04-10T14:12:29.494835" elapsed="0.000355"/>
</kw>
<kw name="Log" owner="BuiltIn">
<msg time="2024-04-10T14:12:29.495699" level="INFO">{'large': 'https://randomuser.me/api/portraits/women/77.jpg', 'medium': 'https://randomuser.me/api/portraits/med/women/77.jpg', 'thumbnail': 'https://randomuser.me/api/portraits/thumb/women/77.jpg'}</msg>
<arg>${json_data['results'][0]['picture']}</arg>
<doc>Logs the given message with the given level.</doc>
<status status="PASS" start="2024-04-10T14:12:29.495371" elapsed="0.000369"/>
</kw>
<status status="PASS" start="2024-04-10T14:12:29.230823" elapsed="0.265208"/>
</kw>
<kw name="Teste de Tipos de Dados - Postcode" owner="random-user-service">
<kw name="GET On Session" owner="RequestsLibrary">
<msg time="2024-04-10T14:12:29.617652" level="INFO">GET Request : url=https://randomuser.me/api 
 path_url=/api 
 headers={'User-Agent': 'python-requests/2.31.0', 'Accept-Encoding': 'gzip, deflate', 'Accept': '*/*', 'Connection': 'keep-alive'} 
 body=None 
 </msg>
<msg time="2024-04-10T14:12:29.617764" level="INFO">GET Response : url=https://randomuser.me/api 
 status=200, reason=OK 
 headers={'Date': 'Wed, 10 Apr 2024 14:12:29 GMT', 'Content-Type': 'application/json; charset=utf-8', 'Transfer-Encoding': 'chunked', 'Connection': 'keep-alive', 'X-Powered-By': 'Express', 'Access-Control-Allow-Origin': '*', 'Cache-Control': 'no-cache', 'ETag': 'W/"4b9-+VSyTsRp20NZUOFLgpvSQNi8o6s"', 'Vary': 'Accept-Encoding', 'Content-Encoding': 'gzip', 'CF-Cache-Status': 'DYNAMIC', 'Report-To': '{"endpoints":[{"url":"https:\\/\\/a.nel.cloudflare.com\\/report\\/v4?s=DeTYxOnQmCrC3gK7vNHLxTy7nzgN%2B0KeieGWZGP0U31Wvjb8rHs3kzgk0WmIcliGD3tRH5ZsvtVIEdXwuzGwAF0PuvQe7hCfW8AFD9WJg67fTOgtib25fBn72LG7hEEg"}],"group":"cf-nel","max_age":604800}', 'NEL': '{"success_fraction":0,"report_to":"cf-nel","max_age":604800}', 'Server': 'cloudflare', 'CF-RAY': '872355045f50607c-ORD', 'alt-svc': 'h3=":443"; ma=86400'} 
 body={"results":[{"gender":"male","name":{"title":"Mr","first":"علیرضا","last":"یاسمی"},"location":{"street":{"number":3585,"name":"شهید آقاسرمدیان"},"city":"ارومیه","state":"کهگیلویه و بویراحمد","country":"Iran","postcode":26513,"coordinates":{"latitude":"17.0686","longitude":"-41.3666"},"timezone":{"offset":"-4:00","description":"Atlantic Time (Canada), Caracas, La Paz"}},"email":"aalyrd.ysmy@example.com","login":{"uuid":"af4561e2-bf50-4cf4-b2c3-66f8e260aabb","username":"silverdog443","password":"bulldog","salt":"R8udY7qQ","md5":"a79f3cdea2fe36c35f3f56ceac449a88","sha1":"cd235156a80703662b15f4b1088bfe12b40d6b11","sha256":"eed3790ae7e3d3a8be1a416bdb166ef19c4e61e9e98e97ab01fcedd034d5e772"},"dob":{"date":"1966-12-21T01:36:40.128Z","age":57},"registered":{"date":"2022-02-10T15:21:41.951Z","age":2},"phone":"091-40667778","cell":"0968-995-6900","id":{"name":"","value":null},"picture":{"large":"https://randomuser.me/api/portraits/men/55.jpg","medium":"https://randomuser.me/api/portraits/med/men/55.jpg","thumbnail":"https://randomuser.me/api/portraits/thumb/men/55.jpg"},"nat":"IR"}],"info":{"seed":"c61a7ceb1b4086df","results":1,"page":1,"version":"1.4"}} 
 </msg>
<msg time="2024-04-10T14:12:29.617873" level="INFO">/opt/hostedtoolcache/Python/3.12.2/x64/lib/python3.12/site-packages/urllib3/connectionpool.py:1103: InsecureRequestWarning: Unverified HTTPS request is being made to host 'randomuser.me'. Adding certificate verification is strongly advised. See: https://urllib3.readthedocs.io/en/latest/advanced-usage.html#tls-warnings
  warnings.warn(</msg>
<msg time="2024-04-10T14:12:29.618040" level="INFO">${response} = &lt;Response [200]&gt;</msg>
<var>${response}</var>
<arg>consultarAPI</arg>
<arg>/api</arg>
<doc>Sends a GET request on a previously created HTTP Session.</doc>
<status status="PASS" start="2024-04-10T14:12:29.496507" elapsed="0.121579"/>
</kw>
<kw name="Set Variable" owner="BuiltIn">
<msg time="2024-04-10T14:12:29.619102" level="INFO">${json_data} = {'results': [{'gender': 'male', 'name': {'title': 'Mr', 'first': 'علیرضا', 'last': 'یاسمی'}, 'location': {'street': {'number': 3585, 'name': 'شهید آقاسرمدیان'}, 'city': 'ارومیه', 'state': 'کهگیلویه و ...</msg>
<var>${json_data}</var>
<arg>${response.json()}</arg>
<doc>Returns the given values which can then be assigned to a variables.</doc>
<status status="PASS" start="2024-04-10T14:12:29.618581" elapsed="0.000552"/>
</kw>
<kw name="Log" owner="BuiltIn">
<msg time="2024-04-10T14:12:29.619609" level="INFO">{'results': [{'gender': 'male', 'name': {'title': 'Mr', 'first': 'علیرضا', 'last': 'یاسمی'}, 'location': {'street': {'number': 3585, 'name': 'شهید آقاسرمدیان'}, 'city': 'ارومیه', 'state': 'کهگیلویه و بویراحمد', 'country': 'Iran', 'postcode': 26513, 'coordinates': {'latitude': '17.0686', 'longitude': '-41.3666'}, 'timezone': {'offset': '-4:00', 'description': 'Atlantic Time (Canada), Caracas, La Paz'}}, 'email': 'aalyrd.ysmy@example.com', 'login': {'uuid': 'af4561e2-bf50-4cf4-b2c3-66f8e260aabb', 'username': 'silverdog443', 'password': 'bulldog', 'salt': 'R8udY7qQ', 'md5': 'a79f3cdea2fe36c35f3f56ceac449a88', 'sha1': 'cd235156a80703662b15f4b1088bfe12b40d6b11', 'sha256': 'eed3790ae7e3d3a8be1a416bdb166ef19c4e61e9e98e97ab01fcedd034d5e772'}, 'dob': {'date': '1966-12-21T01:36:40.128Z', 'age': 57}, 'registered': {'date': '2022-02-10T15:21:41.951Z', 'age': 2}, 'phone': '091-40667778', 'cell': '0968-995-6900', 'id': {'name': '', 'value': None}, 'picture': {'large': 'https://randomuser.me/api/portraits/men/55.jpg', 'medium': 'https://randomuser.me/api/portraits/med/men/55.jpg', 'thumbnail': 'https://randomuser.me/api/portraits/thumb/men/55.jpg'}, 'nat': 'IR'}], 'info': {'seed': 'c61a7ceb1b4086df', 'results': 1, 'page': 1, 'version': '1.4'}}</msg>
<arg>${json_data}</arg>
<doc>Logs the given message with the given level.</doc>
<status status="PASS" start="2024-04-10T14:12:29.619447" elapsed="0.000212"/>
</kw>
<kw name="Should Be Equal As Numbers" owner="BuiltIn">
<arg>${json_data['results'][0]['location']['postcode']}</arg>
<arg>${json_data['results'][0]['location']['postcode']}</arg>
<doc>Fails if objects are unequal after converting them to real numbers.</doc>
<status status="PASS" start="2024-04-10T14:12:29.620043" elapsed="0.000647"/>
</kw>
<kw name="Log" owner="BuiltIn">
<msg time="2024-04-10T14:12:29.621223" level="INFO">26513</msg>
<arg>${json_data['results'][0]['location']['postcode']}</arg>
<doc>Logs the given message with the given level.</doc>
<status status="PASS" start="2024-04-10T14:12:29.620884" elapsed="0.000380"/>
</kw>
<status status="PASS" start="2024-04-10T14:12:29.496266" elapsed="0.125265"/>
</kw>
<doc>Testa se os tipos de dados na resposta da API estão corretos.</doc>
<tag>testeTiposDados</tag>
<status status="PASS" start="2024-04-10T14:12:29.230261" elapsed="0.391445"/>
</test>
<test id="s1-s1-t5" name="Validar conteudo" line="35">
<kw name="Teste de Tipos de Conteudo" owner="random-user-service">
<kw name="GET On Session" owner="RequestsLibrary">
<msg time="2024-04-10T14:12:29.684292" level="INFO">GET Request : url=https://randomuser.me/api 
 path_url=/api 
 headers={'User-Agent': 'python-requests/2.31.0', 'Accept-Encoding': 'gzip, deflate', 'Accept': '*/*', 'Connection': 'keep-alive'} 
 body=None 
 </msg>
<msg time="2024-04-10T14:12:29.684363" level="INFO">GET Response : url=https://randomuser.me/api 
 status=200, reason=OK 
 headers={'Date': 'Wed, 10 Apr 2024 14:12:29 GMT', 'Content-Type': 'application/json; charset=utf-8', 'Transfer-Encoding': 'chunked', 'Connection': 'keep-alive', 'X-Powered-By': 'Express', 'Access-Control-Allow-Origin': '*', 'Cache-Control': 'no-cache', 'ETag': 'W/"483-Tkti6OJwLjINU9jDb3urVlPTzrE"', 'Vary': 'Accept-Encoding', 'Content-Encoding': 'gzip', 'CF-Cache-Status': 'DYNAMIC', 'Report-To': '{"endpoints":[{"url":"https:\\/\\/a.nel.cloudflare.com\\/report\\/v4?s=cb2IqfEBKVuqFuepq%2BdvmKgYqUhdPiMdWvw4d9a%2FV13txJHcsxM1KrBuSZq3gMi4DunUTYNmzzrRWdzuuIxXIcrsGa6Yx3nnq6KND8SduhyYTYHm0fXxJ2MXlXygn44A"}],"group":"cf-nel","max_age":604800}', 'NEL': '{"success_fraction":0,"report_to":"cf-nel","max_age":604800}', 'Server': 'cloudflare', 'CF-RAY': '87235505283c607c-ORD', 'alt-svc': 'h3=":443"; ma=86400'} 
 body={"results":[{"gender":"female","name":{"title":"Miss","first":"Nicole","last":"Spitz"},"location":{"street":{"number":2403,"name":"Goethestraße"},"city":"Niedenstein","state":"Brandenburg","country":"Germany","postcode":48620,"coordinates":{"latitude":"-48.3752","longitude":"100.5206"},"timezone":{"offset":"-10:00","description":"Hawaii"}},"email":"nicole.spitz@example.com","login":{"uuid":"cd013693-6932-4002-a97a-a5877f82706e","username":"purplemouse431","password":"hugo","salt":"LnjbalAL","md5":"5710b4f9b52270dd00e3e0781b531a2b","sha1":"bba1d824f2e267efab2957c4e9f65b53f82e5193","sha256":"de467dcce919cb53a5b45bf36bc66b68d201d343f84b790e61060a499ba54d57"},"dob":{"date":"1973-10-21T13:45:06.213Z","age":50},"registered":{"date":"2011-03-28T21:28:14.225Z","age":13},"phone":"0951-4039039","cell":"0177-1510983","id":{"name":"SVNR","value":"48 211073 S 635"},"picture":{"large":"https://randomuser.me/api/portraits/women/46.jpg","medium":"https://randomuser.me/api/portraits/med/women/46.jpg","thumbnail":"https://randomuser.me/api/portraits/thumb/women/46.jpg"},"nat":"DE"}],"info":{"seed":"3770c37e24369b2b","results":1,"page":1,"version":"1.4"}} 
 </msg>
<msg time="2024-04-10T14:12:29.684428" level="INFO">/opt/hostedtoolcache/Python/3.12.2/x64/lib/python3.12/site-packages/urllib3/connectionpool.py:1103: InsecureRequestWarning: Unverified HTTPS request is being made to host 'randomuser.me'. Adding certificate verification is strongly advised. See: https://urllib3.readthedocs.io/en/latest/advanced-usage.html#tls-warnings
  warnings.warn(</msg>
<msg time="2024-04-10T14:12:29.684545" level="INFO">${response} = &lt;Response [200]&gt;</msg>
<var>${response}</var>
<arg>consultarAPI</arg>
<arg>/api</arg>
<doc>Sends a GET request on a previously created HTTP Session.</doc>
<status status="PASS" start="2024-04-10T14:12:29.624260" elapsed="0.060326"/>
</kw>
<kw name="Set Variable" owner="BuiltIn">
<msg time="2024-04-10T14:12:29.685506" level="INFO">${json_data} = {'results': [{'gender': 'female', 'name': {'title': 'Miss', 'first': 'Nicole', 'last': 'Spitz'}, 'location': {'street': {'number': 2403, 'name': 'Goethestraße'}, 'city': 'Niedenstein', 'state': 'Brand...</msg>
<var>${json_data}</var>
<arg>${response.json()}</arg>
<doc>Returns the given values which can then be assigned to a variables.</doc>
<status status="PASS" start="2024-04-10T14:12:29.685031" elapsed="0.000505"/>
</kw>
<kw name="Set Variable" owner="BuiltIn">
<msg time="2024-04-10T14:12:29.686225" level="INFO">${name_title} = Miss</msg>
<var>${name_title}</var>
<arg>${json_data["results"][0]["name"]["title"]}</arg>
<doc>Returns the given values which can then be assigned to a variables.</doc>
<status status="PASS" start="2024-04-10T14:12:29.685843" elapsed="0.000408"/>
</kw>
<kw name="Create List" owner="BuiltIn">
<msg time="2024-04-10T14:12:29.686701" level="INFO">${allowed_titles} = ['Mr', 'Ms', 'Miss', 'Mrs', 'Madame', 'Monsieur']</msg>
<var>${allowed_titles}</var>
<arg>Mr</arg>
<arg>Ms</arg>
<arg>Miss</arg>
<arg>Mrs</arg>
<arg>Madame</arg>
<arg>Monsieur</arg>
<doc>Returns a list containing given items.</doc>
<status status="PASS" start="2024-04-10T14:12:29.686551" elapsed="0.000175"/>
</kw>
<kw name="List Should Contain Value" owner="Collections">
<msg time="2024-04-10T14:12:29.687203" level="INFO">False</msg>
<arg>${allowed_titles}</arg>
<arg>${name_title}</arg>
<doc>Fails if the ``value`` is not found from ``list``.</doc>
<status status="PASS" start="2024-04-10T14:12:29.687030" elapsed="0.000209"/>
</kw>
<kw name="Set Variable" owner="BuiltIn">
<msg time="2024-04-10T14:12:29.687948" level="INFO">${name_country} = DE</msg>
<var>${name_country}</var>
<arg>${json_data["results"][0]["nat"]}</arg>
<doc>Returns the given values which can then be assigned to a variables.</doc>
<status status="PASS" start="2024-04-10T14:12:29.687536" elapsed="0.000438"/>
</kw>
<kw name="Create List" owner="BuiltIn">
<msg time="2024-04-10T14:12:29.688881" level="INFO">${list_country} = ['AD', 'AE', 'AF', 'AG', 'AI', 'AL', 'AM', 'AO', 'AQ', 'AR', 'AS', 'AT', 'AU', 'AW', 'AX', 'AZ', 'BA', 'BB', 'BD', 'BE', 'BF', 'BG', 'BH', 'BI', 'BJ', 'BL', 'BM', 'BN', 'BO', 'BQ', 'BR', 'BS', 'BT', '...</msg>
<var>${list_country}</var>
<arg>AD</arg>
<arg>AE</arg>
<arg>AF</arg>
<arg>AG</arg>
<arg>AI</arg>
<arg>AL</arg>
<arg>AM</arg>
<arg>AO</arg>
<arg>AQ</arg>
<arg>AR</arg>
<arg>AS</arg>
<arg>AT</arg>
<arg>AU</arg>
<arg>AW</arg>
<arg>AX</arg>
<arg>AZ</arg>
<arg>BA</arg>
<arg>BB</arg>
<arg>BD</arg>
<arg>BE</arg>
<arg>BF</arg>
<arg>BG</arg>
<arg>BH</arg>
<arg>BI</arg>
<arg>BJ</arg>
<arg>BL</arg>
<arg>BM</arg>
<arg>BN</arg>
<arg>BO</arg>
<arg>BQ</arg>
<arg>BR</arg>
<arg>BS</arg>
<arg>BT</arg>
<arg>BV</arg>
<arg>BW</arg>
<arg>BY</arg>
<arg>BZ</arg>
<arg>CA</arg>
<arg>CC</arg>
<arg>CD</arg>
<arg>CF</arg>
<arg>CG</arg>
<arg>CH</arg>
<arg>CI</arg>
<arg>CK</arg>
<arg>CL</arg>
<arg>CM</arg>
<arg>CN</arg>
<arg>CO</arg>
<arg>CR</arg>
<arg>CU</arg>
<arg>CV</arg>
<arg>CW</arg>
<arg>CX</arg>
<arg>CY</arg>
<arg>CZ</arg>
<arg>DE</arg>
<arg>DJ</arg>
<arg>DK</arg>
<arg>DM</arg>
<arg>DO</arg>
<arg>DZ</arg>
<arg>EC</arg>
<arg>EE</arg>
<arg>EG</arg>
<arg>EH</arg>
<arg>ER</arg>
<arg>ES</arg>
<arg>ET</arg>
<arg>FI</arg>
<arg>FJ</arg>
<arg>FK</arg>
<arg>FM</arg>
<arg>FO</arg>
<arg>FR</arg>
<arg>GA</arg>
<arg>GB</arg>
<arg>GD</arg>
<arg>GE</arg>
<arg>GF</arg>
<arg>GG</arg>
<arg>GH</arg>
<arg>GI</arg>
<arg>GL</arg>
<arg>GM</arg>
<arg>GN</arg>
<arg>GP</arg>
<arg>GQ</arg>
<arg>GR</arg>
<arg>GS</arg>
<arg>GT</arg>
<arg>GU</arg>
<arg>GW</arg>
<arg>GY</arg>
<arg>HK</arg>
<arg>HM</arg>
<arg>HN</arg>
<arg>HR</arg>
<arg>HT</arg>
<arg>HU</arg>
<arg>ID</arg>
<arg>IE</arg>
<arg>IL</arg>
<arg>IM</arg>
<arg>IN</arg>
<arg>IO</arg>
<arg>IQ</arg>
<arg>IR</arg>
<arg>IS</arg>
<arg>IT</arg>
<arg>JE</arg>
<arg>JM</arg>
<arg>JO</arg>
<arg>JP</arg>
<arg>KE</arg>
<arg>KG</arg>
<arg>KH</arg>
<arg>KI</arg>
<arg>KM</arg>
<arg>KN</arg>
<arg>KP</arg>
<arg>KR</arg>
<arg>KW</arg>
<arg>KY</arg>
<arg>KZ</arg>
<arg>LA</arg>
<arg>LB</arg>
<arg>LC</arg>
<arg>LI</arg>
<arg>LK</arg>
<arg>LR</arg>
<arg>LS</arg>
<arg>LT</arg>
<arg>LU</arg>
<arg>LV</arg>
<arg>LY</arg>
<arg>MA</arg>
<arg>MC</arg>
<arg>MD</arg>
<arg>ME</arg>
<arg>MF</arg>
<arg>MG</arg>
<arg>MH</arg>
<arg>MK</arg>
<arg>ML</arg>
<arg>MM</arg>
<arg>MN</arg>
<arg>MO</arg>
<arg>MP</arg>
<arg>MQ</arg>
<arg>MR</arg>
<arg>MS</arg>
<arg>MT</arg>
<arg>MU</arg>
<arg>MV</arg>
<arg>MW</arg>
<arg>MX</arg>
<arg>MY</arg>
<arg>MZ</arg>
<arg>NA</arg>
<arg>NC</arg>
<arg>NE</arg>
<arg>NF</arg>
<arg>NG</arg>
<arg>NI</arg>
<arg>NL</arg>
<arg>NO</arg>
<arg>NP</arg>
<arg>NR</arg>
<arg>NU</arg>
<arg>NZ</arg>
<arg>OM</arg>
<arg>PA</arg>
<arg>PE</arg>
<arg>PF</arg>
<arg>PG</arg>
<arg>PH</arg>
<arg>PK</arg>
<arg>PL</arg>
<arg>PM</arg>
<arg>PN</arg>
<arg>PR</arg>
<arg>PS</arg>
<arg>PT</arg>
<arg>PW</arg>
<arg>PY</arg>
<arg>QA</arg>
<arg>RE</arg>
<arg>RO</arg>
<arg>RS</arg>
<arg>RU</arg>
<arg>RW</arg>
<arg>SA</arg>
<arg>SB</arg>
<arg>SC</arg>
<arg>SD</arg>
<arg>SE</arg>
<arg>SG</arg>
<arg>SH</arg>
<arg>SI</arg>
<arg>SJ</arg>
<arg>SK</arg>
<arg>SL</arg>
<arg>SM</arg>
<arg>SN</arg>
<arg>SO</arg>
<arg>SR</arg>
<arg>SS</arg>
<arg>ST</arg>
<arg>SV</arg>
<arg>SX</arg>
<arg>SY</arg>
<arg>SZ</arg>
<arg>TC</arg>
<arg>TD</arg>
<arg>TF</arg>
<arg>TG</arg>
<arg>TH</arg>
<arg>TJ</arg>
<arg>TK</arg>
<arg>TL</arg>
<arg>TM</arg>
<arg>TN</arg>
<arg>TO</arg>
<arg>TR</arg>
<arg>TT</arg>
<arg>TV</arg>
<arg>TW</arg>
<arg>TZ</arg>
<arg>UA</arg>
<arg>UG</arg>
<arg>UM</arg>
<arg>US</arg>
<arg>UY</arg>
<arg>UZ</arg>
<arg>VA</arg>
<arg>VC</arg>
<arg>VE</arg>
<arg>VG</arg>
<arg>VI</arg>
<arg>VN</arg>
<arg>VU</arg>
<arg>WF</arg>
<arg>WS</arg>
<arg>XK</arg>
<arg>YE</arg>
<arg>YT</arg>
<arg>ZA</arg>
<arg>ZM</arg>
<arg>ZW</arg>
<doc>Returns a list containing given items.</doc>
<status status="PASS" start="2024-04-10T14:12:29.688280" elapsed="0.000626"/>
</kw>
<kw name="List Should Contain Value" owner="Collections">
<msg time="2024-04-10T14:12:29.689893" level="INFO">False</msg>
<arg>${list_country}</arg>
<arg>${name_country}</arg>
<doc>Fails if the ``value`` is not found from ``list``.</doc>
<status status="PASS" start="2024-04-10T14:12:29.689692" elapsed="0.000238"/>
</kw>
<kw name="Run Keyword If" owner="BuiltIn">
<kw name="Should Be True" owner="BuiltIn">
<arg>${True}</arg>
<doc>Fails if the given condition is not true.</doc>
<status status="PASS" start="2024-04-10T14:12:29.691125" elapsed="0.000149"/>
</kw>
<arg>${json_data["results"][0]["location"]["coordinates"]["latitude"]} &gt;= -90 and ${json_data["results"][0]["location"]["coordinates"]["latitude"]} &lt;= 90</arg>
<arg>Should Be True</arg>
<arg>${True}</arg>
<doc>Runs the given keyword with the given arguments, if ``condition`` is true.</doc>
<status status="PASS" start="2024-04-10T14:12:29.690253" elapsed="0.001152"/>
</kw>
<kw name="Run Keyword If" owner="BuiltIn">
<kw name="Should Be True" owner="BuiltIn">
<arg>${True}</arg>
<doc>Fails if the given condition is not true.</doc>
<status status="PASS" start="2024-04-10T14:12:29.692335" elapsed="0.000143"/>
</kw>
<arg>${json_data["results"][0]["location"]["coordinates"]["longitude"]} &gt;= -180 and ${json_data["results"][0]["location"]["coordinates"]["longitude"]} &lt;= 180</arg>
<arg>Should Be True</arg>
<arg>${True}</arg>
<doc>Runs the given keyword with the given arguments, if ``condition`` is true.</doc>
<status status="PASS" start="2024-04-10T14:12:29.691592" elapsed="0.001012"/>
</kw>
<status status="PASS" start="2024-04-10T14:12:29.624025" elapsed="0.068711"/>
</kw>
<doc>Testa o conteúdo específico dos campos retornados pela API.</doc>
<tag>testeConteudo</tag>
<status status="PASS" start="2024-04-10T14:12:29.623442" elapsed="0.069443"/>
</test>
<status status="PASS" start="2024-04-10T14:12:28.516755" elapsed="1.178020"/>
</suite>
<status status="PASS" start="2024-04-10T14:12:28.501528" elapsed="1.198636"/>
</suite>
<statistics>
<total>
<stat pass="5" fail="0" skip="0">All Tests</stat>
</total>
<tag>
<stat pass="1" fail="0" skip="0">testeConteudo</stat>
<stat pass="1" fail="0" skip="0">testeEstruturaResposta</stat>
<stat pass="1" fail="0" skip="0">testeRequisicaoBasica</stat>
<stat pass="1" fail="0" skip="0">testeTiposDados</stat>
</tag>
<suite>
<stat pass="5" fail="0" skip="0" id="s1" name="Tests">Tests</stat>
<stat pass="5" fail="0" skip="0" id="s1-s1" name="Random-User-Test">Tests.Random-User-Test</stat>
</suite>
</statistics>
<errors>
</errors>
</robot>
