<?xml version="1.0" encoding="UTF-8"?>
<robot generator="Robot 7.0 (Python 3.12.3 on linux)" generated="2024-06-07T04:18:45.370339" rpa="false" schemaversion="5">
<suite id="s1" name="Tests" source="/home/runner/work/ApiRandomUser/ApiRandomUser/RamdonUser/tests">
<suite id="s1-s1" name="Random-User-Test" source="/home/runner/work/ApiRandomUser/ApiRandomUser/RamdonUser/tests/random-user-test.robot">
<test id="s1-s1-t1" name="Conectar" line="13">
<kw name="Conectar API" owner="random-user-service">
<kw name="Create Session" owner="RequestsLibrary">
<msg time="2024-06-07T04:18:45.761205" level="INFO">Creating Session using : alias=consultarAPI, url=https://randomuser.me/, headers={},                     cookies={}, auth=None, timeout=None, proxies=None, verify=False,                     debug=0 </msg>
<arg>consultarAPI</arg>
<arg>${URL}</arg>
<doc>Create Session: create a HTTP session to a server</doc>
<status status="PASS" start="2024-06-07T04:18:45.760997" elapsed="0.000401"/>
</kw>
<status status="PASS" start="2024-06-07T04:18:45.759937" elapsed="0.001867"/>
</kw>
<status status="PASS" start="2024-06-07T04:18:45.759291" elapsed="0.002710"/>
</test>
<test id="s1-s1-t2" name="Validar retorno 200 e JSON Válido" line="16">
<kw name="Teste de Requisicao Basica" owner="random-user-service">
<kw name="GET On Session" owner="RequestsLibrary">
<msg time="2024-06-07T04:18:46.060863" level="INFO">GET Request : url=https://randomuser.me/api 
 path_url=/api 
 headers={'User-Agent': 'python-requests/2.32.3', 'Accept-Encoding': 'gzip, deflate', 'Accept': '*/*', 'Connection': 'keep-alive'} 
 body=None 
 </msg>
<msg time="2024-06-07T04:18:46.061012" level="INFO">GET Response : url=https://randomuser.me/api 
 status=200, reason=OK 
 headers={'Date': 'Fri, 07 Jun 2024 04:18:46 GMT', 'Content-Type': 'application/json; charset=utf-8', 'Transfer-Encoding': 'chunked', 'Connection': 'keep-alive', 'X-Powered-By': 'Express', 'Access-Control-Allow-Origin': '*', 'Cache-Control': 'no-cache', 'ETag': 'W/"482-1PgNg4+6721OvlKt3ZzXMnbhWms"', 'Vary': 'Accept-Encoding', 'Content-Encoding': 'gzip', 'CF-Cache-Status': 'DYNAMIC', 'Report-To': '{"endpoints":[{"url":"https:\\/\\/a.nel.cloudflare.com\\/report\\/v4?s=KstuxibEXxzyPJG1iodcgzb2G6xUwy4UiKchtZQEzDWfBx7pSer4xU%2B5yrzV6DKLqdcVH0vTIBVNHa7hi%2FexpnGrT9dLabTDrwPYapPMM8eq7UsxQCpqBpGhu8gYDUFF"}],"group":"cf-nel","max_age":604800}', 'NEL': '{"success_fraction":0,"report_to":"cf-nel","max_age":604800}', 'Server': 'cloudflare', 'CF-RAY': '88fdd70c998e2ef9-LAX', 'alt-svc': 'h3=":443"; ma=86400'} 
 body={"results":[{"gender":"male","name":{"title":"Mr","first":"Maron","last":"Kreft"},"location":{"street":{"number":254,"name":"Bourgognestraat"},"city":"Hoog-Keppel","state":"Drenthe","country":"Netherlands","postcode":"4012 UA","coordinates":{"latitude":"38.3548","longitude":"-165.1529"},"timezone":{"offset":"+9:30","description":"Adelaide, Darwin"}},"email":"maron.kreft@example.com","login":{"uuid":"96e0350a-98c7-424e-8a8c-4fadb15cd8b1","username":"orangepeacock370","password":"pepito","salt":"MGYDkq6r","md5":"25ece586867d89c5be52731a734d130c","sha1":"e5731c70e9b672e9152dbc1ee377468057a62fd1","sha256":"160e9a8a01df4701215e12f40c05d0cbabb347acd9dbc2cf61cf5f61586e056f"},"dob":{"date":"2000-02-05T07:02:17.420Z","age":24},"registered":{"date":"2015-06-29T09:41:34.497Z","age":8},"phone":"(0080) 746908","cell":"(06) 07718924","id":{"name":"BSN","value":"52043314"},"picture":{"large":"https://randomuser.me/api/portraits/men/81.jpg","medium":"https://randomuser.me/api/portraits/med/men/81.jpg","thumbnail":"https://randomuser.me/api/portraits/thumb/men/81.jpg"},"nat":"NL"}],"info":{"seed":"328c4ad6c3dff242","results":1,"page":1,"version":"1.4"}} 
 </msg>
<msg time="2024-06-07T04:18:46.061094" level="INFO">/opt/hostedtoolcache/Python/3.12.3/x64/lib/python3.12/site-packages/urllib3/connectionpool.py:1103: InsecureRequestWarning: Unverified HTTPS request is being made to host 'randomuser.me'. Adding certificate verification is strongly advised. See: https://urllib3.readthedocs.io/en/latest/advanced-usage.html#tls-warnings
  warnings.warn(</msg>
<msg time="2024-06-07T04:18:46.061254" level="INFO">${response} = &lt;Response [200]&gt;</msg>
<var>${response}</var>
<arg>consultarAPI</arg>
<arg>/api</arg>
<doc>Sends a GET request on a previously created HTTP Session.</doc>
<status status="PASS" start="2024-06-07T04:18:45.764714" elapsed="0.296585"/>
</kw>
<kw name="Should Be Equal As Numbers" owner="BuiltIn">
<msg time="2024-06-07T04:18:46.062306" level="INFO">Argument types are:
&lt;class 'int'&gt;
&lt;class 'str'&gt;</msg>
<arg>${response.status_code}</arg>
<arg>200</arg>
<doc>Fails if objects are unequal after converting them to real numbers.</doc>
<status status="PASS" start="2024-06-07T04:18:46.061848" elapsed="0.000526"/>
</kw>
<kw name="Log" owner="BuiltIn">
<msg time="2024-06-07T04:18:46.063076" level="INFO">200</msg>
<arg>${response.status_code}</arg>
<doc>Logs the given message with the given level.</doc>
<status status="PASS" start="2024-06-07T04:18:46.062729" elapsed="0.000396"/>
</kw>
<kw name="Set Variable" owner="BuiltIn">
<msg time="2024-06-07T04:18:46.063861" level="INFO">${json_data} = {'results': [{'gender': 'male', 'name': {'title': 'Mr', 'first': 'Maron', 'last': 'Kreft'}, 'location': {'street': {'number': 254, 'name': 'Bourgognestraat'}, 'city': 'Hoog-Keppel', 'state': 'Drenthe'...</msg>
<var>${json_data}</var>
<arg>${response.json()}</arg>
<doc>Returns the given values which can then be assigned to a variables.</doc>
<status status="PASS" start="2024-06-07T04:18:46.063428" elapsed="0.000461"/>
</kw>
<kw name="Dictionary Should Contain Key" owner="Collections">
<msg time="2024-06-07T04:18:46.064360" level="INFO">False</msg>
<arg>${json_data}</arg>
<arg>results</arg>
<doc>Fails if ``key`` is not found from ``dictionary``.</doc>
<status status="PASS" start="2024-06-07T04:18:46.064187" elapsed="0.000371"/>
</kw>
<status status="PASS" start="2024-06-07T04:18:45.764462" elapsed="0.300362"/>
</kw>
<doc>Testa se a API responde corretamente e retorna um objeto JSON válido.</doc>
<tag>testeRequisicaoBasica</tag>
<status status="PASS" start="2024-06-07T04:18:45.763912" elapsed="0.301096"/>
</test>
<test id="s1-s1-t3" name="Validar estrutura de resposta" line="22">
<kw name="Teste de Estrutura de Resposta" owner="random-user-service">
<kw name="GET On Session" owner="RequestsLibrary">
<msg time="2024-06-07T04:18:46.165203" level="INFO">GET Request : url=https://randomuser.me/api 
 path_url=/api 
 headers={'User-Agent': 'python-requests/2.32.3', 'Accept-Encoding': 'gzip, deflate', 'Accept': '*/*', 'Connection': 'keep-alive'} 
 body=None 
 </msg>
<msg time="2024-06-07T04:18:46.165303" level="INFO">GET Response : url=https://randomuser.me/api 
 status=200, reason=OK 
 headers={'Date': 'Fri, 07 Jun 2024 04:18:46 GMT', 'Content-Type': 'application/json; charset=utf-8', 'Transfer-Encoding': 'chunked', 'Connection': 'keep-alive', 'X-Powered-By': 'Express', 'Access-Control-Allow-Origin': '*', 'Cache-Control': 'no-cache', 'ETag': 'W/"4a9-343p8ja6rbooC9YP6/NxwXZMBJM"', 'Vary': 'Accept-Encoding', 'Content-Encoding': 'gzip', 'CF-Cache-Status': 'DYNAMIC', 'Report-To': '{"endpoints":[{"url":"https:\\/\\/a.nel.cloudflare.com\\/report\\/v4?s=M30zziy2eUgk2dAPfbUIevYx4AcD%2BdCTmnp7d%2B%2Flv4YIwfiMlXhm2PqJT1%2Fq8FJ9fdqwZ2IX99TcLOMvny9ynnAg3j1WL2hZQGhvonQy44KtXX84x1tYByp8JVZNCkR5"}],"group":"cf-nel","max_age":604800}', 'NEL': '{"success_fraction":0,"report_to":"cf-nel","max_age":604800}', 'Server': 'cloudflare', 'CF-RAY': '88fdd70dfb872ef9-LAX', 'alt-svc': 'h3=":443"; ma=86400'} 
 body={"results":[{"gender":"male","name":{"title":"Mr","first":"Héctor","last":"Saldivar"},"location":{"street":{"number":2353,"name":"Diagonal Herrera"},"city":"San Felix Rijo","state":"Chihuahua","country":"Mexico","postcode":14505,"coordinates":{"latitude":"29.0333","longitude":"-140.1332"},"timezone":{"offset":"+3:00","description":"Baghdad, Riyadh, Moscow, St. Petersburg"}},"email":"hector.saldivar@example.com","login":{"uuid":"6c838a20-9dc2-407f-b9e6-06581e331dd1","username":"tinygorilla142","password":"monkeys","salt":"I2XidD87","md5":"c103bbaefd5b0d163f36c50711c4c1c3","sha1":"01897d825293ae262b9dcd94a8b184ea45c9464f","sha256":"b634ea2c2d8a85d47c4daba9f8299e185796271ad9696b1f515c0f5f1f1ab526"},"dob":{"date":"1967-07-17T01:27:46.469Z","age":56},"registered":{"date":"2009-03-24T16:51:13.443Z","age":15},"phone":"(618) 220 8811","cell":"(694) 684 8599","id":{"name":"NSS","value":"98 74 98 2615 4"},"picture":{"large":"https://randomuser.me/api/portraits/men/56.jpg","medium":"https://randomuser.me/api/portraits/med/men/56.jpg","thumbnail":"https://randomuser.me/api/portraits/thumb/men/56.jpg"},"nat":"MX"}],"info":{"seed":"b598d57828941c39","results":1,"page":1,"version":"1.4"}} 
 </msg>
<msg time="2024-06-07T04:18:46.165431" level="INFO">/opt/hostedtoolcache/Python/3.12.3/x64/lib/python3.12/site-packages/urllib3/connectionpool.py:1103: InsecureRequestWarning: Unverified HTTPS request is being made to host 'randomuser.me'. Adding certificate verification is strongly advised. See: https://urllib3.readthedocs.io/en/latest/advanced-usage.html#tls-warnings
  warnings.warn(</msg>
<msg time="2024-06-07T04:18:46.165586" level="INFO">${response} = &lt;Response [200]&gt;</msg>
<var>${response}</var>
<arg>consultarAPI</arg>
<arg>/api</arg>
<doc>Sends a GET request on a previously created HTTP Session.</doc>
<status status="PASS" start="2024-06-07T04:18:46.067618" elapsed="0.098033"/>
</kw>
<kw name="Set Variable" owner="BuiltIn">
<msg time="2024-06-07T04:18:46.166727" level="INFO">${json_data} = {'results': [{'gender': 'male', 'name': {'title': 'Mr', 'first': 'Héctor', 'last': 'Saldivar'}, 'location': {'street': {'number': 2353, 'name': 'Diagonal Herrera'}, 'city': 'San Felix Rijo', 'state': ...</msg>
<var>${json_data}</var>
<arg>${response.json()}</arg>
<doc>Returns the given values which can then be assigned to a variables.</doc>
<status status="PASS" start="2024-06-07T04:18:46.166184" elapsed="0.000573"/>
</kw>
<kw name="Log" owner="BuiltIn">
<msg time="2024-06-07T04:18:46.167248" level="INFO">{'results': [{'gender': 'male', 'name': {'title': 'Mr', 'first': 'Héctor', 'last': 'Saldivar'}, 'location': {'street': {'number': 2353, 'name': 'Diagonal Herrera'}, 'city': 'San Felix Rijo', 'state': 'Chihuahua', 'country': 'Mexico', 'postcode': 14505, 'coordinates': {'latitude': '29.0333', 'longitude': '-140.1332'}, 'timezone': {'offset': '+3:00', 'description': 'Baghdad, Riyadh, Moscow, St. Petersburg'}}, 'email': 'hector.saldivar@example.com', 'login': {'uuid': '6c838a20-9dc2-407f-b9e6-06581e331dd1', 'username': 'tinygorilla142', 'password': 'monkeys', 'salt': 'I2XidD87', 'md5': 'c103bbaefd5b0d163f36c50711c4c1c3', 'sha1': '01897d825293ae262b9dcd94a8b184ea45c9464f', 'sha256': 'b634ea2c2d8a85d47c4daba9f8299e185796271ad9696b1f515c0f5f1f1ab526'}, 'dob': {'date': '1967-07-17T01:27:46.469Z', 'age': 56}, 'registered': {'date': '2009-03-24T16:51:13.443Z', 'age': 15}, 'phone': '(618) 220 8811', 'cell': '(694) 684 8599', 'id': {'name': 'NSS', 'value': '98 74 98 2615 4'}, 'picture': {'large': 'https://randomuser.me/api/portraits/men/56.jpg', 'medium': 'https://randomuser.me/api/portraits/med/men/56.jpg', 'thumbnail': 'https://randomuser.me/api/portraits/thumb/men/56.jpg'}, 'nat': 'MX'}], 'info': {'seed': 'b598d57828941c39', 'results': 1, 'page': 1, 'version': '1.4'}}</msg>
<arg>${json_data}</arg>
<doc>Logs the given message with the given level.</doc>
<status status="PASS" start="2024-06-07T04:18:46.167084" elapsed="0.000214"/>
</kw>
<kw name="Dictionary Should Contain Key" owner="Collections">
<msg time="2024-06-07T04:18:46.167762" level="INFO">False</msg>
<arg>${json_data}</arg>
<arg>results</arg>
<doc>Fails if ``key`` is not found from ``dictionary``.</doc>
<status status="PASS" start="2024-06-07T04:18:46.167598" elapsed="0.000202"/>
</kw>
<kw name="Should Not Be Empty" owner="BuiltIn">
<msg time="2024-06-07T04:18:46.168225" level="INFO">Length is 2.</msg>
<arg>${json_data}</arg>
<doc>Verifies that the given item is not empty.</doc>
<status status="PASS" start="2024-06-07T04:18:46.168092" elapsed="0.000171"/>
</kw>
<kw name="Create List" owner="BuiltIn">
<msg time="2024-06-07T04:18:46.168695" level="INFO">${expected_keys} = ['gender', 'name', 'location', 'email', 'login']</msg>
<var>${expected_keys}</var>
<arg>gender</arg>
<arg>name</arg>
<arg>location</arg>
<arg>email</arg>
<arg>login</arg>
<doc>Returns a list containing given items.</doc>
<status status="PASS" start="2024-06-07T04:18:46.168549" elapsed="0.000169"/>
</kw>
<for flavor="IN">
<iter>
<kw name="Dictionary Should Contain Key" owner="Collections">
<msg time="2024-06-07T04:18:46.169742" level="INFO">False</msg>
<arg>${json_data['results'][0]}</arg>
<arg>${key}</arg>
<doc>Fails if ``key`` is not found from ``dictionary``.</doc>
<status status="PASS" start="2024-06-07T04:18:46.169299" elapsed="0.000503"/>
</kw>
<kw name="Log" owner="BuiltIn">
<msg time="2024-06-07T04:18:46.170479" level="INFO">{'gender': 'male', 'name': {'title': 'Mr', 'first': 'Héctor', 'last': 'Saldivar'}, 'location': {'street': {'number': 2353, 'name': 'Diagonal Herrera'}, 'city': 'San Felix Rijo', 'state': 'Chihuahua', 'country': 'Mexico', 'postcode': 14505, 'coordinates': {'latitude': '29.0333', 'longitude': '-140.1332'}, 'timezone': {'offset': '+3:00', 'description': 'Baghdad, Riyadh, Moscow, St. Petersburg'}}, 'email': 'hector.saldivar@example.com', 'login': {'uuid': '6c838a20-9dc2-407f-b9e6-06581e331dd1', 'username': 'tinygorilla142', 'password': 'monkeys', 'salt': 'I2XidD87', 'md5': 'c103bbaefd5b0d163f36c50711c4c1c3', 'sha1': '01897d825293ae262b9dcd94a8b184ea45c9464f', 'sha256': 'b634ea2c2d8a85d47c4daba9f8299e185796271ad9696b1f515c0f5f1f1ab526'}, 'dob': {'date': '1967-07-17T01:27:46.469Z', 'age': 56}, 'registered': {'date': '2009-03-24T16:51:13.443Z', 'age': 15}, 'phone': '(618) 220 8811', 'cell': '(694) 684 8599', 'id': {'name': 'NSS', 'value': '98 74 98 2615 4'}, 'picture': {'large': 'https://randomuser.me/api/portraits/men/56.jpg', 'medium': 'https://randomuser.me/api/portraits/med/men/56.jpg', 'thumbnail': 'https://randomuser.me/api/portraits/thumb/men/56.jpg'}, 'nat': 'MX'}</msg>
<arg>${json_data['results'][0]}</arg>
<doc>Logs the given message with the given level.</doc>
<status status="PASS" start="2024-06-07T04:18:46.170106" elapsed="0.000424"/>
</kw>
<kw name="Log" owner="BuiltIn">
<msg time="2024-06-07T04:18:46.170967" level="INFO">gender</msg>
<arg>${key}</arg>
<doc>Logs the given message with the given level.</doc>
<status status="PASS" start="2024-06-07T04:18:46.170837" elapsed="0.000168"/>
</kw>
<var name="${key}">gender</var>
<status status="PASS" start="2024-06-07T04:18:46.169168" elapsed="0.002053"/>
</iter>
<iter>
<kw name="Dictionary Should Contain Key" owner="Collections">
<msg time="2024-06-07T04:18:46.171913" level="INFO">False</msg>
<arg>${json_data['results'][0]}</arg>
<arg>${key}</arg>
<doc>Fails if ``key`` is not found from ``dictionary``.</doc>
<status status="PASS" start="2024-06-07T04:18:46.171529" elapsed="0.000454"/>
</kw>
<kw name="Log" owner="BuiltIn">
<msg time="2024-06-07T04:18:46.172654" level="INFO">{'gender': 'male', 'name': {'title': 'Mr', 'first': 'Héctor', 'last': 'Saldivar'}, 'location': {'street': {'number': 2353, 'name': 'Diagonal Herrera'}, 'city': 'San Felix Rijo', 'state': 'Chihuahua', 'country': 'Mexico', 'postcode': 14505, 'coordinates': {'latitude': '29.0333', 'longitude': '-140.1332'}, 'timezone': {'offset': '+3:00', 'description': 'Baghdad, Riyadh, Moscow, St. Petersburg'}}, 'email': 'hector.saldivar@example.com', 'login': {'uuid': '6c838a20-9dc2-407f-b9e6-06581e331dd1', 'username': 'tinygorilla142', 'password': 'monkeys', 'salt': 'I2XidD87', 'md5': 'c103bbaefd5b0d163f36c50711c4c1c3', 'sha1': '01897d825293ae262b9dcd94a8b184ea45c9464f', 'sha256': 'b634ea2c2d8a85d47c4daba9f8299e185796271ad9696b1f515c0f5f1f1ab526'}, 'dob': {'date': '1967-07-17T01:27:46.469Z', 'age': 56}, 'registered': {'date': '2009-03-24T16:51:13.443Z', 'age': 15}, 'phone': '(618) 220 8811', 'cell': '(694) 684 8599', 'id': {'name': 'NSS', 'value': '98 74 98 2615 4'}, 'picture': {'large': 'https://randomuser.me/api/portraits/men/56.jpg', 'medium': 'https://randomuser.me/api/portraits/med/men/56.jpg', 'thumbnail': 'https://randomuser.me/api/portraits/thumb/men/56.jpg'}, 'nat': 'MX'}</msg>
<arg>${json_data['results'][0]}</arg>
<doc>Logs the given message with the given level.</doc>
<status status="PASS" start="2024-06-07T04:18:46.172287" elapsed="0.000418"/>
</kw>
<kw name="Log" owner="BuiltIn">
<msg time="2024-06-07T04:18:46.173131" level="INFO">name</msg>
<arg>${key}</arg>
<doc>Logs the given message with the given level.</doc>
<status status="PASS" start="2024-06-07T04:18:46.173003" elapsed="0.000165"/>
</kw>
<var name="${key}">name</var>
<status status="PASS" start="2024-06-07T04:18:46.171412" elapsed="0.001978"/>
</iter>
<iter>
<kw name="Dictionary Should Contain Key" owner="Collections">
<msg time="2024-06-07T04:18:46.174097" level="INFO">False</msg>
<arg>${json_data['results'][0]}</arg>
<arg>${key}</arg>
<doc>Fails if ``key`` is not found from ``dictionary``.</doc>
<status status="PASS" start="2024-06-07T04:18:46.173716" elapsed="0.000419"/>
</kw>
<kw name="Log" owner="BuiltIn">
<msg time="2024-06-07T04:18:46.174804" level="INFO">{'gender': 'male', 'name': {'title': 'Mr', 'first': 'Héctor', 'last': 'Saldivar'}, 'location': {'street': {'number': 2353, 'name': 'Diagonal Herrera'}, 'city': 'San Felix Rijo', 'state': 'Chihuahua', 'country': 'Mexico', 'postcode': 14505, 'coordinates': {'latitude': '29.0333', 'longitude': '-140.1332'}, 'timezone': {'offset': '+3:00', 'description': 'Baghdad, Riyadh, Moscow, St. Petersburg'}}, 'email': 'hector.saldivar@example.com', 'login': {'uuid': '6c838a20-9dc2-407f-b9e6-06581e331dd1', 'username': 'tinygorilla142', 'password': 'monkeys', 'salt': 'I2XidD87', 'md5': 'c103bbaefd5b0d163f36c50711c4c1c3', 'sha1': '01897d825293ae262b9dcd94a8b184ea45c9464f', 'sha256': 'b634ea2c2d8a85d47c4daba9f8299e185796271ad9696b1f515c0f5f1f1ab526'}, 'dob': {'date': '1967-07-17T01:27:46.469Z', 'age': 56}, 'registered': {'date': '2009-03-24T16:51:13.443Z', 'age': 15}, 'phone': '(618) 220 8811', 'cell': '(694) 684 8599', 'id': {'name': 'NSS', 'value': '98 74 98 2615 4'}, 'picture': {'large': 'https://randomuser.me/api/portraits/men/56.jpg', 'medium': 'https://randomuser.me/api/portraits/med/men/56.jpg', 'thumbnail': 'https://randomuser.me/api/portraits/thumb/men/56.jpg'}, 'nat': 'MX'}</msg>
<arg>${json_data['results'][0]}</arg>
<doc>Logs the given message with the given level.</doc>
<status status="PASS" start="2024-06-07T04:18:46.174435" elapsed="0.000417"/>
</kw>
<kw name="Log" owner="BuiltIn">
<msg time="2024-06-07T04:18:46.175276" level="INFO">location</msg>
<arg>${key}</arg>
<doc>Logs the given message with the given level.</doc>
<status status="PASS" start="2024-06-07T04:18:46.175150" elapsed="0.000164"/>
</kw>
<var name="${key}">location</var>
<status status="PASS" start="2024-06-07T04:18:46.173570" elapsed="0.001959"/>
</iter>
<iter>
<kw name="Dictionary Should Contain Key" owner="Collections">
<msg time="2024-06-07T04:18:46.176313" level="INFO">False</msg>
<arg>${json_data['results'][0]}</arg>
<arg>${key}</arg>
<doc>Fails if ``key`` is not found from ``dictionary``.</doc>
<status status="PASS" start="2024-06-07T04:18:46.175812" elapsed="0.000540"/>
</kw>
<kw name="Log" owner="BuiltIn">
<msg time="2024-06-07T04:18:46.177051" level="INFO">{'gender': 'male', 'name': {'title': 'Mr', 'first': 'Héctor', 'last': 'Saldivar'}, 'location': {'street': {'number': 2353, 'name': 'Diagonal Herrera'}, 'city': 'San Felix Rijo', 'state': 'Chihuahua', 'country': 'Mexico', 'postcode': 14505, 'coordinates': {'latitude': '29.0333', 'longitude': '-140.1332'}, 'timezone': {'offset': '+3:00', 'description': 'Baghdad, Riyadh, Moscow, St. Petersburg'}}, 'email': 'hector.saldivar@example.com', 'login': {'uuid': '6c838a20-9dc2-407f-b9e6-06581e331dd1', 'username': 'tinygorilla142', 'password': 'monkeys', 'salt': 'I2XidD87', 'md5': 'c103bbaefd5b0d163f36c50711c4c1c3', 'sha1': '01897d825293ae262b9dcd94a8b184ea45c9464f', 'sha256': 'b634ea2c2d8a85d47c4daba9f8299e185796271ad9696b1f515c0f5f1f1ab526'}, 'dob': {'date': '1967-07-17T01:27:46.469Z', 'age': 56}, 'registered': {'date': '2009-03-24T16:51:13.443Z', 'age': 15}, 'phone': '(618) 220 8811', 'cell': '(694) 684 8599', 'id': {'name': 'NSS', 'value': '98 74 98 2615 4'}, 'picture': {'large': 'https://randomuser.me/api/portraits/men/56.jpg', 'medium': 'https://randomuser.me/api/portraits/med/men/56.jpg', 'thumbnail': 'https://randomuser.me/api/portraits/thumb/men/56.jpg'}, 'nat': 'MX'}</msg>
<arg>${json_data['results'][0]}</arg>
<doc>Logs the given message with the given level.</doc>
<status status="PASS" start="2024-06-07T04:18:46.176651" elapsed="0.000450"/>
</kw>
<kw name="Log" owner="BuiltIn">
<msg time="2024-06-07T04:18:46.177527" level="INFO">email</msg>
<arg>${key}</arg>
<doc>Logs the given message with the given level.</doc>
<status status="PASS" start="2024-06-07T04:18:46.177399" elapsed="0.000166"/>
</kw>
<var name="${key}">email</var>
<status status="PASS" start="2024-06-07T04:18:46.175700" elapsed="0.002107"/>
</iter>
<iter>
<kw name="Dictionary Should Contain Key" owner="Collections">
<msg time="2024-06-07T04:18:46.178489" level="INFO">False</msg>
<arg>${json_data['results'][0]}</arg>
<arg>${key}</arg>
<doc>Fails if ``key`` is not found from ``dictionary``.</doc>
<status status="PASS" start="2024-06-07T04:18:46.178102" elapsed="0.000424"/>
</kw>
<kw name="Log" owner="BuiltIn">
<msg time="2024-06-07T04:18:46.179176" level="INFO">{'gender': 'male', 'name': {'title': 'Mr', 'first': 'Héctor', 'last': 'Saldivar'}, 'location': {'street': {'number': 2353, 'name': 'Diagonal Herrera'}, 'city': 'San Felix Rijo', 'state': 'Chihuahua', 'country': 'Mexico', 'postcode': 14505, 'coordinates': {'latitude': '29.0333', 'longitude': '-140.1332'}, 'timezone': {'offset': '+3:00', 'description': 'Baghdad, Riyadh, Moscow, St. Petersburg'}}, 'email': 'hector.saldivar@example.com', 'login': {'uuid': '6c838a20-9dc2-407f-b9e6-06581e331dd1', 'username': 'tinygorilla142', 'password': 'monkeys', 'salt': 'I2XidD87', 'md5': 'c103bbaefd5b0d163f36c50711c4c1c3', 'sha1': '01897d825293ae262b9dcd94a8b184ea45c9464f', 'sha256': 'b634ea2c2d8a85d47c4daba9f8299e185796271ad9696b1f515c0f5f1f1ab526'}, 'dob': {'date': '1967-07-17T01:27:46.469Z', 'age': 56}, 'registered': {'date': '2009-03-24T16:51:13.443Z', 'age': 15}, 'phone': '(618) 220 8811', 'cell': '(694) 684 8599', 'id': {'name': 'NSS', 'value': '98 74 98 2615 4'}, 'picture': {'large': 'https://randomuser.me/api/portraits/men/56.jpg', 'medium': 'https://randomuser.me/api/portraits/med/men/56.jpg', 'thumbnail': 'https://randomuser.me/api/portraits/thumb/men/56.jpg'}, 'nat': 'MX'}</msg>
<arg>${json_data['results'][0]}</arg>
<doc>Logs the given message with the given level.</doc>
<status status="PASS" start="2024-06-07T04:18:46.178818" elapsed="0.000409"/>
</kw>
<kw name="Log" owner="BuiltIn">
<msg time="2024-06-07T04:18:46.179648" level="INFO">login</msg>
<arg>${key}</arg>
<doc>Logs the given message with the given level.</doc>
<status status="PASS" start="2024-06-07T04:18:46.179522" elapsed="0.000195"/>
</kw>
<var name="${key}">login</var>
<status status="PASS" start="2024-06-07T04:18:46.177989" elapsed="0.001955"/>
</iter>
<var>${key}</var>
<value>@{expected_keys}</value>
<status status="PASS" start="2024-06-07T04:18:46.168973" elapsed="0.011092"/>
</for>
<kw name="Create List" owner="BuiltIn">
<msg time="2024-06-07T04:18:46.180394" level="INFO">${expected_keysTwo} = ['username', 'password']</msg>
<var>${expected_keysTwo}</var>
<arg>username</arg>
<arg>password</arg>
<doc>Returns a list containing given items.</doc>
<status status="PASS" start="2024-06-07T04:18:46.180258" elapsed="0.000160"/>
</kw>
<for flavor="IN">
<iter>
<kw name="Dictionary Should Contain Key" owner="Collections">
<msg time="2024-06-07T04:18:46.181308" level="INFO">False</msg>
<arg>${json_data['results'][0]['login']}</arg>
<arg>${keyTwo}</arg>
<doc>Fails if ``key`` is not found from ``dictionary``.</doc>
<status status="PASS" start="2024-06-07T04:18:46.180924" elapsed="0.000420"/>
</kw>
<kw name="Dictionary Should Contain Key" owner="Collections">
<msg time="2024-06-07T04:18:46.182043" level="INFO">False</msg>
<arg>${json_data['results'][0]['login']}</arg>
<arg>${keyTwo}</arg>
<doc>Fails if ``key`` is not found from ``dictionary``.</doc>
<status status="PASS" start="2024-06-07T04:18:46.181662" elapsed="0.000417"/>
</kw>
<kw name="Log" owner="BuiltIn">
<msg time="2024-06-07T04:18:46.182495" level="INFO">username</msg>
<arg>${keyTwo}</arg>
<doc>Logs the given message with the given level.</doc>
<status status="PASS" start="2024-06-07T04:18:46.182371" elapsed="0.000160"/>
</kw>
<var name="${keyTwo}">username</var>
<status status="PASS" start="2024-06-07T04:18:46.180815" elapsed="0.001931"/>
</iter>
<iter>
<kw name="Dictionary Should Contain Key" owner="Collections">
<msg time="2024-06-07T04:18:46.183411" level="INFO">False</msg>
<arg>${json_data['results'][0]['login']}</arg>
<arg>${keyTwo}</arg>
<doc>Fails if ``key`` is not found from ``dictionary``.</doc>
<status status="PASS" start="2024-06-07T04:18:46.183035" elapsed="0.000412"/>
</kw>
<kw name="Dictionary Should Contain Key" owner="Collections">
<msg time="2024-06-07T04:18:46.184118" level="INFO">False</msg>
<arg>${json_data['results'][0]['login']}</arg>
<arg>${keyTwo}</arg>
<doc>Fails if ``key`` is not found from ``dictionary``.</doc>
<status status="PASS" start="2024-06-07T04:18:46.183741" elapsed="0.000413"/>
</kw>
<kw name="Log" owner="BuiltIn">
<msg time="2024-06-07T04:18:46.184575" level="INFO">password</msg>
<arg>${keyTwo}</arg>
<doc>Logs the given message with the given level.</doc>
<status status="PASS" start="2024-06-07T04:18:46.184449" elapsed="0.000162"/>
</kw>
<var name="${keyTwo}">password</var>
<status status="PASS" start="2024-06-07T04:18:46.182925" elapsed="0.001897"/>
</iter>
<var>${keyTwo}</var>
<value>@{expected_keysTwo}</value>
<status status="PASS" start="2024-06-07T04:18:46.180660" elapsed="0.004281"/>
</for>
<status status="PASS" start="2024-06-07T04:18:46.067378" elapsed="0.117704"/>
</kw>
<doc>Testa a estrutura da resposta da API.</doc>
<tag>testeEstruturaResposta</tag>
<status status="PASS" start="2024-06-07T04:18:46.066874" elapsed="0.118367"/>
</test>
<test id="s1-s1-t4" name="Validar tipos de dados" line="28">
<kw name="Teste de Tipos de Dados" owner="random-user-service">
<kw name="GET On Session" owner="RequestsLibrary">
<msg time="2024-06-07T04:18:46.299981" level="INFO">GET Request : url=https://randomuser.me/api 
 path_url=/api 
 headers={'User-Agent': 'python-requests/2.32.3', 'Accept-Encoding': 'gzip, deflate', 'Accept': '*/*', 'Connection': 'keep-alive'} 
 body=None 
 </msg>
<msg time="2024-06-07T04:18:46.300087" level="INFO">GET Response : url=https://randomuser.me/api 
 status=200, reason=OK 
 headers={'Date': 'Fri, 07 Jun 2024 04:18:46 GMT', 'Content-Type': 'application/json; charset=utf-8', 'Transfer-Encoding': 'chunked', 'Connection': 'keep-alive', 'X-Powered-By': 'Express', 'Access-Control-Allow-Origin': '*', 'Cache-Control': 'no-cache', 'ETag': 'W/"4ab-d5mRCIoyKjQffRB4lNV8+08NAs0"', 'Vary': 'Accept-Encoding', 'Content-Encoding': 'gzip', 'CF-Cache-Status': 'DYNAMIC', 'Report-To': '{"endpoints":[{"url":"https:\\/\\/a.nel.cloudflare.com\\/report\\/v4?s=nV%2BrFV46o13h2TcOrayJQrKrFQitipo6Kz6ufzs5mR5JqvqOiew6buEnB8JxTLu9zaPtMidEDY%2FyzcToZuMFbtI4JeE%2FE6%2Bx4WELgADmJQy%2FrIj2EcBnQ9qhSx6MDHi3"}],"group":"cf-nel","max_age":604800}', 'NEL': '{"success_fraction":0,"report_to":"cf-nel","max_age":604800}', 'Server': 'cloudflare', 'CF-RAY': '88fdd70ebcdf2ef9-LAX', 'alt-svc': 'h3=":443"; ma=86400'} 
 body={"results":[{"gender":"female","name":{"title":"Mrs","first":"Sharon","last":"Spencer"},"location":{"street":{"number":8896,"name":"Church Lane"},"city":"Worcester","state":"Cleveland","country":"United Kingdom","postcode":"L96 9JS","coordinates":{"latitude":"-12.2140","longitude":"54.3233"},"timezone":{"offset":"+11:00","description":"Magadan, Solomon Islands, New Caledonia"}},"email":"sharon.spencer@example.com","login":{"uuid":"dd9fe2f1-325a-4d84-935b-d8f53250864f","username":"sadsnake570","password":"drowssap","salt":"jvO2FqJo","md5":"4fc14ea629ca22f925f7c2af2bbd540f","sha1":"7990b6ddf40b73c4d5b6d87d30a57f08a404c4df","sha256":"f858b872b02f6885f353bdcada1a7ddbb31478ad2494c3f47caafda9f823996f"},"dob":{"date":"1999-02-14T00:33:15.698Z","age":25},"registered":{"date":"2009-10-10T03:14:08.677Z","age":14},"phone":"0121 570 2481","cell":"07029 776776","id":{"name":"NINO","value":"BJ 91 53 21 R"},"picture":{"large":"https://randomuser.me/api/portraits/women/22.jpg","medium":"https://randomuser.me/api/portraits/med/women/22.jpg","thumbnail":"https://randomuser.me/api/portraits/thumb/women/22.jpg"},"nat":"GB"}],"info":{"seed":"127faafa7ea2516a","results":1,"page":1,"version":"1.4"}} 
 </msg>
<msg time="2024-06-07T04:18:46.300154" level="INFO">/opt/hostedtoolcache/Python/3.12.3/x64/lib/python3.12/site-packages/urllib3/connectionpool.py:1103: InsecureRequestWarning: Unverified HTTPS request is being made to host 'randomuser.me'. Adding certificate verification is strongly advised. See: https://urllib3.readthedocs.io/en/latest/advanced-usage.html#tls-warnings
  warnings.warn(</msg>
<msg time="2024-06-07T04:18:46.300270" level="INFO">${response} = &lt;Response [200]&gt;</msg>
<var>${response}</var>
<arg>consultarAPI</arg>
<arg>/api</arg>
<doc>Sends a GET request on a previously created HTTP Session.</doc>
<status status="PASS" start="2024-06-07T04:18:46.187745" elapsed="0.112557"/>
</kw>
<kw name="Set Variable" owner="BuiltIn">
<msg time="2024-06-07T04:18:46.301358" level="INFO">${json_data} = {'results': [{'gender': 'female', 'name': {'title': 'Mrs', 'first': 'Sharon', 'last': 'Spencer'}, 'location': {'street': {'number': 8896, 'name': 'Church Lane'}, 'city': 'Worcester', 'state': 'Clevela...</msg>
<var>${json_data}</var>
<arg>${response.json()}</arg>
<doc>Returns the given values which can then be assigned to a variables.</doc>
<status status="PASS" start="2024-06-07T04:18:46.300844" elapsed="0.000542"/>
</kw>
<kw name="Log" owner="BuiltIn">
<msg time="2024-06-07T04:18:46.301939" level="INFO">{'results': [{'gender': 'female', 'name': {'title': 'Mrs', 'first': 'Sharon', 'last': 'Spencer'}, 'location': {'street': {'number': 8896, 'name': 'Church Lane'}, 'city': 'Worcester', 'state': 'Cleveland', 'country': 'United Kingdom', 'postcode': 'L96 9JS', 'coordinates': {'latitude': '-12.2140', 'longitude': '54.3233'}, 'timezone': {'offset': '+11:00', 'description': 'Magadan, Solomon Islands, New Caledonia'}}, 'email': 'sharon.spencer@example.com', 'login': {'uuid': 'dd9fe2f1-325a-4d84-935b-d8f53250864f', 'username': 'sadsnake570', 'password': 'drowssap', 'salt': 'jvO2FqJo', 'md5': '4fc14ea629ca22f925f7c2af2bbd540f', 'sha1': '7990b6ddf40b73c4d5b6d87d30a57f08a404c4df', 'sha256': 'f858b872b02f6885f353bdcada1a7ddbb31478ad2494c3f47caafda9f823996f'}, 'dob': {'date': '1999-02-14T00:33:15.698Z', 'age': 25}, 'registered': {'date': '2009-10-10T03:14:08.677Z', 'age': 14}, 'phone': '0121 570 2481', 'cell': '07029 776776', 'id': {'name': 'NINO', 'value': 'BJ 91 53 21 R'}, 'picture': {'large': 'https://randomuser.me/api/portraits/women/22.jpg', 'medium': 'https://randomuser.me/api/portraits/med/women/22.jpg', 'thumbnail': 'https://randomuser.me/api/portraits/thumb/women/22.jpg'}, 'nat': 'GB'}], 'info': {'seed': '127faafa7ea2516a', 'results': 1, 'page': 1, 'version': '1.4'}}</msg>
<arg>${json_data}</arg>
<doc>Logs the given message with the given level.</doc>
<status status="PASS" start="2024-06-07T04:18:46.301769" elapsed="0.000257"/>
</kw>
<kw name="Should Be String" owner="String">
<arg>${json_data['results'][0]['gender']}</arg>
<doc>Fails if the given ``item`` is not a string.</doc>
<status status="PASS" start="2024-06-07T04:18:46.302327" elapsed="0.000362"/>
</kw>
<kw name="Should Match Regexp" owner="BuiltIn">
<arg>${json_data['results'][0]['email']}</arg>
<arg>^[a-zA-Z0-9._%+-]+@[a-zA-Z0-9.-]+\.[a-zA-Z]{2,}$</arg>
<doc>Fails if ``string`` does not match ``pattern`` as a regular expression.</doc>
<status status="PASS" start="2024-06-07T04:18:46.302881" elapsed="0.000659"/>
</kw>
<kw name="Should Match Regexp" owner="BuiltIn">
<arg>${json_data['results'][0]['dob']['date']}</arg>
<arg>\\d{4}-\\d{2}-\\d{2}T\\d{2}:\\d{2}:\\d{2}\\.\\d{3}Z</arg>
<doc>Fails if ``string`` does not match ``pattern`` as a regular expression.</doc>
<status status="PASS" start="2024-06-07T04:18:46.303739" elapsed="0.000477"/>
</kw>
<kw name="Should Match Regexp" owner="BuiltIn">
<arg>${json_data['results'][0]['registered']['date']}</arg>
<arg>\\d{4}-\\d{2}-\\d{2}T\\d{2}:\\d{2}:\\d{2}\\.\\d{3}Z</arg>
<doc>Fails if ``string`` does not match ``pattern`` as a regular expression.</doc>
<status status="PASS" start="2024-06-07T04:18:46.304409" elapsed="0.000367"/>
</kw>
<kw name="Should Match Regexp" owner="BuiltIn">
<arg>${json_data['results'][0]['picture']['large']}</arg>
<arg>^https?://.*\.(?:png|jpe?g|gif|bmp)$</arg>
<doc>Fails if ``string`` does not match ``pattern`` as a regular expression.</doc>
<status status="PASS" start="2024-06-07T04:18:46.304963" elapsed="0.000454"/>
</kw>
<kw name="Should Match Regexp" owner="BuiltIn">
<arg>${json_data['results'][0]['picture']['medium']}</arg>
<arg>^https?://.*\.(?:png|jpe?g|gif|bmp)$</arg>
<doc>Fails if ``string`` does not match ``pattern`` as a regular expression.</doc>
<status status="PASS" start="2024-06-07T04:18:46.305607" elapsed="0.000383"/>
</kw>
<kw name="Should Match Regexp" owner="BuiltIn">
<arg>${json_data['results'][0]['picture']['thumbnail']}</arg>
<arg>^https?://.*\.(?:png|jpe?g|gif|bmp)$</arg>
<doc>Fails if ``string`` does not match ``pattern`` as a regular expression.</doc>
<status status="PASS" start="2024-06-07T04:18:46.306180" elapsed="0.000345"/>
</kw>
<kw name="Log" owner="BuiltIn">
<msg time="2024-06-07T04:18:46.307030" level="INFO">{'large': 'https://randomuser.me/api/portraits/women/22.jpg', 'medium': 'https://randomuser.me/api/portraits/med/women/22.jpg', 'thumbnail': 'https://randomuser.me/api/portraits/thumb/women/22.jpg'}</msg>
<arg>${json_data['results'][0]['picture']}</arg>
<doc>Logs the given message with the given level.</doc>
<status status="PASS" start="2024-06-07T04:18:46.306707" elapsed="0.000365"/>
</kw>
<status status="PASS" start="2024-06-07T04:18:46.187511" elapsed="0.119818"/>
</kw>
<kw name="Teste de Tipos de Dados - Postcode" owner="random-user-service">
<kw name="GET On Session" owner="RequestsLibrary">
<msg time="2024-06-07T04:18:46.419070" level="INFO">GET Request : url=https://randomuser.me/api 
 path_url=/api 
 headers={'User-Agent': 'python-requests/2.32.3', 'Accept-Encoding': 'gzip, deflate', 'Accept': '*/*', 'Connection': 'keep-alive'} 
 body=None 
 </msg>
<msg time="2024-06-07T04:18:46.419202" level="INFO">GET Response : url=https://randomuser.me/api 
 status=200, reason=OK 
 headers={'Date': 'Fri, 07 Jun 2024 04:18:46 GMT', 'Content-Type': 'application/json; charset=utf-8', 'Transfer-Encoding': 'chunked', 'Connection': 'keep-alive', 'X-Powered-By': 'Express', 'Access-Control-Allow-Origin': '*', 'Cache-Control': 'no-cache', 'ETag': 'W/"47c-n+Ebr18AWzm508yXVIZC7oTPbvw"', 'Vary': 'Accept-Encoding', 'Content-Encoding': 'gzip', 'CF-Cache-Status': 'DYNAMIC', 'Report-To': '{"endpoints":[{"url":"https:\\/\\/a.nel.cloudflare.com\\/report\\/v4?s=Z%2FTsx8OJMOBEOXrIVzdrN7IpT3Gn2PLwdG6p0rg8xCbpV7MERof88vnkm%2BVCMMqwdUwt9lUp6D%2FtjKK6bUXc3iKUjx5wdkUeuhtxXIhCye%2Bj5wo0YgaQ3f6LrlrMT3kB"}],"group":"cf-nel","max_age":604800}', 'NEL': '{"success_fraction":0,"report_to":"cf-nel","max_age":604800}', 'Server': 'cloudflare', 'CF-RAY': '88fdd70f7e072ef9-LAX', 'alt-svc': 'h3=":443"; ma=86400'} 
 body={"results":[{"gender":"male","name":{"title":"Mr","first":"Nihal","last":"Patil"},"location":{"street":{"number":9235,"name":"Fontainhas"},"city":"Jamalpur","state":"Daman and Diu","country":"India","postcode":77064,"coordinates":{"latitude":"8.4195","longitude":"-25.4426"},"timezone":{"offset":"-1:00","description":"Azores, Cape Verde Islands"}},"email":"nihal.patil@example.com","login":{"uuid":"aa6e463b-bb6a-4e5d-8de5-b58132f12a99","username":"whitefrog754","password":"styles","salt":"TRzN5wZr","md5":"2e0856abdc5b61e89f633dbceb680308","sha1":"9fd2b2293079bdfda238565cd1b6b72e3edc7d62","sha256":"47b74755cc101d84328784cecf810c0aae0cb00ee1c5386c15fed4402a0ab3c6"},"dob":{"date":"1964-03-20T05:29:09.309Z","age":60},"registered":{"date":"2012-06-27T18:02:34.531Z","age":11},"phone":"7190165639","cell":"8597845866","id":{"name":"UIDAI","value":"767150937095"},"picture":{"large":"https://randomuser.me/api/portraits/men/10.jpg","medium":"https://randomuser.me/api/portraits/med/men/10.jpg","thumbnail":"https://randomuser.me/api/portraits/thumb/men/10.jpg"},"nat":"IN"}],"info":{"seed":"913ca6e4becb4767","results":1,"page":1,"version":"1.4"}} 
 </msg>
<msg time="2024-06-07T04:18:46.419303" level="INFO">/opt/hostedtoolcache/Python/3.12.3/x64/lib/python3.12/site-packages/urllib3/connectionpool.py:1103: InsecureRequestWarning: Unverified HTTPS request is being made to host 'randomuser.me'. Adding certificate verification is strongly advised. See: https://urllib3.readthedocs.io/en/latest/advanced-usage.html#tls-warnings
  warnings.warn(</msg>
<msg time="2024-06-07T04:18:46.419442" level="INFO">${response} = &lt;Response [200]&gt;</msg>
<var>${response}</var>
<arg>consultarAPI</arg>
<arg>/api</arg>
<doc>Sends a GET request on a previously created HTTP Session.</doc>
<status status="PASS" start="2024-06-07T04:18:46.307790" elapsed="0.111694"/>
</kw>
<kw name="Set Variable" owner="BuiltIn">
<msg time="2024-06-07T04:18:46.420536" level="INFO">${json_data} = {'results': [{'gender': 'male', 'name': {'title': 'Mr', 'first': 'Nihal', 'last': 'Patil'}, 'location': {'street': {'number': 9235, 'name': 'Fontainhas'}, 'city': 'Jamalpur', 'state': 'Daman and Diu',...</msg>
<var>${json_data}</var>
<arg>${response.json()}</arg>
<doc>Returns the given values which can then be assigned to a variables.</doc>
<status status="PASS" start="2024-06-07T04:18:46.420006" elapsed="0.000560"/>
</kw>
<kw name="Log" owner="BuiltIn">
<msg time="2024-06-07T04:18:46.421083" level="INFO">{'results': [{'gender': 'male', 'name': {'title': 'Mr', 'first': 'Nihal', 'last': 'Patil'}, 'location': {'street': {'number': 9235, 'name': 'Fontainhas'}, 'city': 'Jamalpur', 'state': 'Daman and Diu', 'country': 'India', 'postcode': 77064, 'coordinates': {'latitude': '8.4195', 'longitude': '-25.4426'}, 'timezone': {'offset': '-1:00', 'description': 'Azores, Cape Verde Islands'}}, 'email': 'nihal.patil@example.com', 'login': {'uuid': 'aa6e463b-bb6a-4e5d-8de5-b58132f12a99', 'username': 'whitefrog754', 'password': 'styles', 'salt': 'TRzN5wZr', 'md5': '2e0856abdc5b61e89f633dbceb680308', 'sha1': '9fd2b2293079bdfda238565cd1b6b72e3edc7d62', 'sha256': '47b74755cc101d84328784cecf810c0aae0cb00ee1c5386c15fed4402a0ab3c6'}, 'dob': {'date': '1964-03-20T05:29:09.309Z', 'age': 60}, 'registered': {'date': '2012-06-27T18:02:34.531Z', 'age': 11}, 'phone': '7190165639', 'cell': '8597845866', 'id': {'name': 'UIDAI', 'value': '767150937095'}, 'picture': {'large': 'https://randomuser.me/api/portraits/men/10.jpg', 'medium': 'https://randomuser.me/api/portraits/med/men/10.jpg', 'thumbnail': 'https://randomuser.me/api/portraits/thumb/men/10.jpg'}, 'nat': 'IN'}], 'info': {'seed': '913ca6e4becb4767', 'results': 1, 'page': 1, 'version': '1.4'}}</msg>
<arg>${json_data}</arg>
<doc>Logs the given message with the given level.</doc>
<status status="PASS" start="2024-06-07T04:18:46.420923" elapsed="0.000244"/>
</kw>
<kw name="Should Be Equal As Numbers" owner="BuiltIn">
<arg>${json_data['results'][0]['location']['postcode']}</arg>
<arg>${json_data['results'][0]['location']['postcode']}</arg>
<doc>Fails if objects are unequal after converting them to real numbers.</doc>
<status status="PASS" start="2024-06-07T04:18:46.421510" elapsed="0.000691"/>
</kw>
<kw name="Log" owner="BuiltIn">
<msg time="2024-06-07T04:18:46.422743" level="INFO">77064</msg>
<arg>${json_data['results'][0]['location']['postcode']}</arg>
<doc>Logs the given message with the given level.</doc>
<status status="PASS" start="2024-06-07T04:18:46.422409" elapsed="0.000376"/>
</kw>
<status status="PASS" start="2024-06-07T04:18:46.307556" elapsed="0.115488"/>
</kw>
<doc>Testa se os tipos de dados na resposta da API estão corretos.</doc>
<tag>testeTiposDados</tag>
<status status="PASS" start="2024-06-07T04:18:46.187020" elapsed="0.236198"/>
</test>
<test id="s1-s1-t5" name="Validar conteudo" line="35">
<kw name="Teste de Tipos de Conteudo" owner="random-user-service">
<kw name="GET On Session" owner="RequestsLibrary">
<msg time="2024-06-07T04:18:46.529810" level="INFO">GET Request : url=https://randomuser.me/api 
 path_url=/api 
 headers={'User-Agent': 'python-requests/2.32.3', 'Accept-Encoding': 'gzip, deflate', 'Accept': '*/*', 'Connection': 'keep-alive'} 
 body=None 
 </msg>
<msg time="2024-06-07T04:18:46.529909" level="INFO">GET Response : url=https://randomuser.me/api 
 status=200, reason=OK 
 headers={'Date': 'Fri, 07 Jun 2024 04:18:46 GMT', 'Content-Type': 'application/json; charset=utf-8', 'Transfer-Encoding': 'chunked', 'Connection': 'keep-alive', 'X-Powered-By': 'Express', 'Access-Control-Allow-Origin': '*', 'Cache-Control': 'no-cache', 'ETag': 'W/"498-rqrcFBAQt5pSDIdcJcvM1R8WB0U"', 'Vary': 'Accept-Encoding', 'Content-Encoding': 'gzip', 'CF-Cache-Status': 'DYNAMIC', 'Report-To': '{"endpoints":[{"url":"https:\\/\\/a.nel.cloudflare.com\\/report\\/v4?s=ikudtuOVTtAYH50SJSanJgODhKFDRoOndYdyOqq1GfExDdHYGGYNJshigg01lDiL%2Bchvn6PojNExETbbCh2laTS%2FB8TuM1UwGcb2kcxxxsRFJIBbxlbU2V8L%2FSrjnL9g"}],"group":"cf-nel","max_age":604800}', 'NEL': '{"success_fraction":0,"report_to":"cf-nel","max_age":604800}', 'Server': 'cloudflare', 'CF-RAY': '88fdd7102f522ef9-LAX', 'alt-svc': 'h3=":443"; ma=86400'} 
 body={"results":[{"gender":"female","name":{"title":"Ms","first":"Hiu","last":"Dantuma"},"location":{"street":{"number":7786,"name":"Hellevoetstraat"},"city":"Lemelerveld","state":"Utrecht","country":"Netherlands","postcode":"8594 JA","coordinates":{"latitude":"32.8541","longitude":"123.5440"},"timezone":{"offset":"+1:00","description":"Brussels, Copenhagen, Madrid, Paris"}},"email":"hiu.dantuma@example.com","login":{"uuid":"62e7cb7c-d314-4978-bccb-21bb91a5e171","username":"silverdog190","password":"romeo","salt":"perLEGSY","md5":"ac399891532c60db3e28ae114e852aad","sha1":"45d965034ecfb76920597fec68f99370863271c8","sha256":"b257b73c938bafe4cbded5065389416fa3d164b40fb36d5fbdfcaaab88b65cdd"},"dob":{"date":"1985-10-21T12:37:13.354Z","age":38},"registered":{"date":"2016-12-29T03:17:57.962Z","age":7},"phone":"(0763) 367471","cell":"(06) 73090589","id":{"name":"BSN","value":"64773520"},"picture":{"large":"https://randomuser.me/api/portraits/women/54.jpg","medium":"https://randomuser.me/api/portraits/med/women/54.jpg","thumbnail":"https://randomuser.me/api/portraits/thumb/women/54.jpg"},"nat":"NL"}],"info":{"seed":"c3bbce24a0f162f1","results":1,"page":1,"version":"1.4"}} 
 </msg>
<msg time="2024-06-07T04:18:46.529976" level="INFO">/opt/hostedtoolcache/Python/3.12.3/x64/lib/python3.12/site-packages/urllib3/connectionpool.py:1103: InsecureRequestWarning: Unverified HTTPS request is being made to host 'randomuser.me'. Adding certificate verification is strongly advised. See: https://urllib3.readthedocs.io/en/latest/advanced-usage.html#tls-warnings
  warnings.warn(</msg>
<msg time="2024-06-07T04:18:46.530096" level="INFO">${response} = &lt;Response [200]&gt;</msg>
<var>${response}</var>
<arg>consultarAPI</arg>
<arg>/api</arg>
<doc>Sends a GET request on a previously created HTTP Session.</doc>
<status status="PASS" start="2024-06-07T04:18:46.425719" elapsed="0.104417"/>
</kw>
<kw name="Set Variable" owner="BuiltIn">
<msg time="2024-06-07T04:18:46.531311" level="INFO">${json_data} = {'results': [{'gender': 'female', 'name': {'title': 'Ms', 'first': 'Hiu', 'last': 'Dantuma'}, 'location': {'street': {'number': 7786, 'name': 'Hellevoetstraat'}, 'city': 'Lemelerveld', 'state': 'Utrec...</msg>
<var>${json_data}</var>
<arg>${response.json()}</arg>
<doc>Returns the given values which can then be assigned to a variables.</doc>
<status status="PASS" start="2024-06-07T04:18:46.530759" elapsed="0.000581"/>
</kw>
<kw name="Set Variable" owner="BuiltIn">
<msg time="2024-06-07T04:18:46.532037" level="INFO">${name_title} = Ms</msg>
<var>${name_title}</var>
<arg>${json_data["results"][0]["name"]["title"]}</arg>
<doc>Returns the given values which can then be assigned to a variables.</doc>
<status status="PASS" start="2024-06-07T04:18:46.531651" elapsed="0.000411"/>
</kw>
<kw name="Create List" owner="BuiltIn">
<msg time="2024-06-07T04:18:46.532508" level="INFO">${allowed_titles} = ['Mr', 'Ms', 'Miss', 'Mrs', 'Madame', 'Monsieur']</msg>
<var>${allowed_titles}</var>
<arg>Mr</arg>
<arg>Ms</arg>
<arg>Miss</arg>
<arg>Mrs</arg>
<arg>Madame</arg>
<arg>Monsieur</arg>
<doc>Returns a list containing given items.</doc>
<status status="PASS" start="2024-06-07T04:18:46.532359" elapsed="0.000173"/>
</kw>
<kw name="List Should Contain Value" owner="Collections">
<msg time="2024-06-07T04:18:46.533003" level="INFO">False</msg>
<arg>${allowed_titles}</arg>
<arg>${name_title}</arg>
<doc>Fails if the ``value`` is not found from ``list``.</doc>
<status status="PASS" start="2024-06-07T04:18:46.532831" elapsed="0.000208"/>
</kw>
<kw name="Set Variable" owner="BuiltIn">
<msg time="2024-06-07T04:18:46.533920" level="INFO">${name_country} = NL</msg>
<var>${name_country}</var>
<arg>${json_data["results"][0]["nat"]}</arg>
<doc>Returns the given values which can then be assigned to a variables.</doc>
<status status="PASS" start="2024-06-07T04:18:46.533334" elapsed="0.000611"/>
</kw>
<kw name="Create List" owner="BuiltIn">
<msg time="2024-06-07T04:18:46.534863" level="INFO">${list_country} = ['AD', 'AE', 'AF', 'AG', 'AI', 'AL', 'AM', 'AO', 'AQ', 'AR', 'AS', 'AT', 'AU', 'AW', 'AX', 'AZ', 'BA', 'BB', 'BD', 'BE', 'BF', 'BG', 'BH', 'BI', 'BJ', 'BL', 'BM', 'BN', 'BO', 'BQ', 'BR', 'BS', 'BT', '...</msg>
<var>${list_country}</var>
<arg>AD</arg>
<arg>AE</arg>
<arg>AF</arg>
<arg>AG</arg>
<arg>AI</arg>
<arg>AL</arg>
<arg>AM</arg>
<arg>AO</arg>
<arg>AQ</arg>
<arg>AR</arg>
<arg>AS</arg>
<arg>AT</arg>
<arg>AU</arg>
<arg>AW</arg>
<arg>AX</arg>
<arg>AZ</arg>
<arg>BA</arg>
<arg>BB</arg>
<arg>BD</arg>
<arg>BE</arg>
<arg>BF</arg>
<arg>BG</arg>
<arg>BH</arg>
<arg>BI</arg>
<arg>BJ</arg>
<arg>BL</arg>
<arg>BM</arg>
<arg>BN</arg>
<arg>BO</arg>
<arg>BQ</arg>
<arg>BR</arg>
<arg>BS</arg>
<arg>BT</arg>
<arg>BV</arg>
<arg>BW</arg>
<arg>BY</arg>
<arg>BZ</arg>
<arg>CA</arg>
<arg>CC</arg>
<arg>CD</arg>
<arg>CF</arg>
<arg>CG</arg>
<arg>CH</arg>
<arg>CI</arg>
<arg>CK</arg>
<arg>CL</arg>
<arg>CM</arg>
<arg>CN</arg>
<arg>CO</arg>
<arg>CR</arg>
<arg>CU</arg>
<arg>CV</arg>
<arg>CW</arg>
<arg>CX</arg>
<arg>CY</arg>
<arg>CZ</arg>
<arg>DE</arg>
<arg>DJ</arg>
<arg>DK</arg>
<arg>DM</arg>
<arg>DO</arg>
<arg>DZ</arg>
<arg>EC</arg>
<arg>EE</arg>
<arg>EG</arg>
<arg>EH</arg>
<arg>ER</arg>
<arg>ES</arg>
<arg>ET</arg>
<arg>FI</arg>
<arg>FJ</arg>
<arg>FK</arg>
<arg>FM</arg>
<arg>FO</arg>
<arg>FR</arg>
<arg>GA</arg>
<arg>GB</arg>
<arg>GD</arg>
<arg>GE</arg>
<arg>GF</arg>
<arg>GG</arg>
<arg>GH</arg>
<arg>GI</arg>
<arg>GL</arg>
<arg>GM</arg>
<arg>GN</arg>
<arg>GP</arg>
<arg>GQ</arg>
<arg>GR</arg>
<arg>GS</arg>
<arg>GT</arg>
<arg>GU</arg>
<arg>GW</arg>
<arg>GY</arg>
<arg>HK</arg>
<arg>HM</arg>
<arg>HN</arg>
<arg>HR</arg>
<arg>HT</arg>
<arg>HU</arg>
<arg>ID</arg>
<arg>IE</arg>
<arg>IL</arg>
<arg>IM</arg>
<arg>IN</arg>
<arg>IO</arg>
<arg>IQ</arg>
<arg>IR</arg>
<arg>IS</arg>
<arg>IT</arg>
<arg>JE</arg>
<arg>JM</arg>
<arg>JO</arg>
<arg>JP</arg>
<arg>KE</arg>
<arg>KG</arg>
<arg>KH</arg>
<arg>KI</arg>
<arg>KM</arg>
<arg>KN</arg>
<arg>KP</arg>
<arg>KR</arg>
<arg>KW</arg>
<arg>KY</arg>
<arg>KZ</arg>
<arg>LA</arg>
<arg>LB</arg>
<arg>LC</arg>
<arg>LI</arg>
<arg>LK</arg>
<arg>LR</arg>
<arg>LS</arg>
<arg>LT</arg>
<arg>LU</arg>
<arg>LV</arg>
<arg>LY</arg>
<arg>MA</arg>
<arg>MC</arg>
<arg>MD</arg>
<arg>ME</arg>
<arg>MF</arg>
<arg>MG</arg>
<arg>MH</arg>
<arg>MK</arg>
<arg>ML</arg>
<arg>MM</arg>
<arg>MN</arg>
<arg>MO</arg>
<arg>MP</arg>
<arg>MQ</arg>
<arg>MR</arg>
<arg>MS</arg>
<arg>MT</arg>
<arg>MU</arg>
<arg>MV</arg>
<arg>MW</arg>
<arg>MX</arg>
<arg>MY</arg>
<arg>MZ</arg>
<arg>NA</arg>
<arg>NC</arg>
<arg>NE</arg>
<arg>NF</arg>
<arg>NG</arg>
<arg>NI</arg>
<arg>NL</arg>
<arg>NO</arg>
<arg>NP</arg>
<arg>NR</arg>
<arg>NU</arg>
<arg>NZ</arg>
<arg>OM</arg>
<arg>PA</arg>
<arg>PE</arg>
<arg>PF</arg>
<arg>PG</arg>
<arg>PH</arg>
<arg>PK</arg>
<arg>PL</arg>
<arg>PM</arg>
<arg>PN</arg>
<arg>PR</arg>
<arg>PS</arg>
<arg>PT</arg>
<arg>PW</arg>
<arg>PY</arg>
<arg>QA</arg>
<arg>RE</arg>
<arg>RO</arg>
<arg>RS</arg>
<arg>RU</arg>
<arg>RW</arg>
<arg>SA</arg>
<arg>SB</arg>
<arg>SC</arg>
<arg>SD</arg>
<arg>SE</arg>
<arg>SG</arg>
<arg>SH</arg>
<arg>SI</arg>
<arg>SJ</arg>
<arg>SK</arg>
<arg>SL</arg>
<arg>SM</arg>
<arg>SN</arg>
<arg>SO</arg>
<arg>SR</arg>
<arg>SS</arg>
<arg>ST</arg>
<arg>SV</arg>
<arg>SX</arg>
<arg>SY</arg>
<arg>SZ</arg>
<arg>TC</arg>
<arg>TD</arg>
<arg>TF</arg>
<arg>TG</arg>
<arg>TH</arg>
<arg>TJ</arg>
<arg>TK</arg>
<arg>TL</arg>
<arg>TM</arg>
<arg>TN</arg>
<arg>TO</arg>
<arg>TR</arg>
<arg>TT</arg>
<arg>TV</arg>
<arg>TW</arg>
<arg>TZ</arg>
<arg>UA</arg>
<arg>UG</arg>
<arg>UM</arg>
<arg>US</arg>
<arg>UY</arg>
<arg>UZ</arg>
<arg>VA</arg>
<arg>VC</arg>
<arg>VE</arg>
<arg>VG</arg>
<arg>VI</arg>
<arg>VN</arg>
<arg>VU</arg>
<arg>WF</arg>
<arg>WS</arg>
<arg>XK</arg>
<arg>YE</arg>
<arg>YT</arg>
<arg>ZA</arg>
<arg>ZM</arg>
<arg>ZW</arg>
<doc>Returns a list containing given items.</doc>
<status status="PASS" start="2024-06-07T04:18:46.534254" elapsed="0.000636"/>
</kw>
<kw name="List Should Contain Value" owner="Collections">
<msg time="2024-06-07T04:18:46.535876" level="INFO">False</msg>
<arg>${list_country}</arg>
<arg>${name_country}</arg>
<doc>Fails if the ``value`` is not found from ``list``.</doc>
<status status="PASS" start="2024-06-07T04:18:46.535672" elapsed="0.000240"/>
</kw>
<kw name="Run Keyword If" owner="BuiltIn">
<kw name="Should Be True" owner="BuiltIn">
<arg>${True}</arg>
<doc>Fails if the given condition is not true.</doc>
<status status="PASS" start="2024-06-07T04:18:46.536967" elapsed="0.000144"/>
</kw>
<arg>${json_data["results"][0]["location"]["coordinates"]["latitude"]} &gt;= -90 and ${json_data["results"][0]["location"]["coordinates"]["latitude"]} &lt;= 90</arg>
<arg>Should Be True</arg>
<arg>${True}</arg>
<doc>Runs the given keyword with the given arguments, if ``condition`` is true.</doc>
<status status="PASS" start="2024-06-07T04:18:46.536226" elapsed="0.001012"/>
</kw>
<kw name="Run Keyword If" owner="BuiltIn">
<kw name="Should Be True" owner="BuiltIn">
<arg>${True}</arg>
<doc>Fails if the given condition is not true.</doc>
<status status="PASS" start="2024-06-07T04:18:46.538152" elapsed="0.000137"/>
</kw>
<arg>${json_data["results"][0]["location"]["coordinates"]["longitude"]} &gt;= -180 and ${json_data["results"][0]["location"]["coordinates"]["longitude"]} &lt;= 180</arg>
<arg>Should Be True</arg>
<arg>${True}</arg>
<doc>Runs the given keyword with the given arguments, if ``condition`` is true.</doc>
<status status="PASS" start="2024-06-07T04:18:46.537429" elapsed="0.000980"/>
</kw>
<status status="PASS" start="2024-06-07T04:18:46.425460" elapsed="0.113078"/>
</kw>
<doc>Testa o conteúdo específico dos campos retornados pela API.</doc>
<tag>testeConteudo</tag>
<status status="PASS" start="2024-06-07T04:18:46.424994" elapsed="0.113697"/>
</test>
<status status="PASS" start="2024-06-07T04:18:45.429721" elapsed="1.110962"/>
</suite>
<status status="PASS" start="2024-06-07T04:18:45.415913" elapsed="1.129999"/>
</suite>
<statistics>
<total>
<stat pass="5" fail="0" skip="0">All Tests</stat>
</total>
<tag>
<stat pass="1" fail="0" skip="0">testeConteudo</stat>
<stat pass="1" fail="0" skip="0">testeEstruturaResposta</stat>
<stat pass="1" fail="0" skip="0">testeRequisicaoBasica</stat>
<stat pass="1" fail="0" skip="0">testeTiposDados</stat>
</tag>
<suite>
<stat pass="5" fail="0" skip="0" id="s1" name="Tests">Tests</stat>
<stat pass="5" fail="0" skip="0" id="s1-s1" name="Random-User-Test">Tests.Random-User-Test</stat>
</suite>
</statistics>
<errors>
</errors>
</robot>
