<?xml version="1.0" encoding="UTF-8"?>
<robot generator="Robot 7.0 (Python 3.12.3 on linux)" generated="2024-06-06T10:15:36.703576" rpa="false" schemaversion="5">
<suite id="s1" name="Tests" source="/home/runner/work/ApiRandomUser/ApiRandomUser/RamdonUser/tests">
<suite id="s1-s1" name="Random-User-Test" source="/home/runner/work/ApiRandomUser/ApiRandomUser/RamdonUser/tests/random-user-test.robot">
<test id="s1-s1-t1" name="Conectar" line="13">
<kw name="Conectar API" owner="random-user-service">
<kw name="Create Session" owner="RequestsLibrary">
<msg time="2024-06-06T10:15:37.090628" level="INFO">Creating Session using : alias=consultarAPI, url=https://randomuser.me/, headers={},                     cookies={}, auth=None, timeout=None, proxies=None, verify=False,                     debug=0 </msg>
<arg>consultarAPI</arg>
<arg>${URL}</arg>
<doc>Create Session: create a HTTP session to a server</doc>
<status status="PASS" start="2024-06-06T10:15:37.090427" elapsed="0.000361"/>
</kw>
<status status="PASS" start="2024-06-06T10:15:37.089431" elapsed="0.001705"/>
</kw>
<status status="PASS" start="2024-06-06T10:15:37.088902" elapsed="0.002427"/>
</test>
<test id="s1-s1-t2" name="Validar retorno 200 e JSON Válido" line="16">
<kw name="Teste de Requisicao Basica" owner="random-user-service">
<kw name="GET On Session" owner="RequestsLibrary">
<msg time="2024-06-06T10:15:37.163119" level="INFO">GET Request : url=https://randomuser.me/api 
 path_url=/api 
 headers={'User-Agent': 'python-requests/2.32.3', 'Accept-Encoding': 'gzip, deflate', 'Accept': '*/*', 'Connection': 'keep-alive'} 
 body=None 
 </msg>
<msg time="2024-06-06T10:15:37.163252" level="INFO">GET Response : url=https://randomuser.me/api 
 status=200, reason=OK 
 headers={'Date': 'Thu, 06 Jun 2024 10:15:37 GMT', 'Content-Type': 'application/json; charset=utf-8', 'Transfer-Encoding': 'chunked', 'Connection': 'keep-alive', 'X-Powered-By': 'Express', 'Access-Control-Allow-Origin': '*', 'Cache-Control': 'no-cache', 'ETag': 'W/"490-k5YicNJxOtYXGA2SddbpRDvj8C8"', 'Vary': 'Accept-Encoding', 'Content-Encoding': 'gzip', 'CF-Cache-Status': 'DYNAMIC', 'Report-To': '{"endpoints":[{"url":"https:\\/\\/a.nel.cloudflare.com\\/report\\/v4?s=%2Bxjro%2FuUK7X1U6zqddqh8AnRVmY7MnE5LBbjREjcCY%2FU3R3kDEsL1ee4x6XGAvpxf%2F31n59v7d7WDYN6u4FQklbIdIOwlB%2BQb0HCPg2xAGDhBdkQrTdq8gYBHBIrKuzI"}],"group":"cf-nel","max_age":604800}', 'NEL': '{"success_fraction":0,"report_to":"cf-nel","max_age":604800}', 'Server': 'cloudflare', 'CF-RAY': '88f7a468ff0a2425-IAD', 'alt-svc': 'h3=":443"; ma=86400'} 
 body={"results":[{"gender":"female","name":{"title":"Mrs","first":"فاطمه زهرا","last":"رضاییان"},"location":{"street":{"number":6077,"name":"پارک ولیعصر"},"city":"قائم‌شهر","state":"بوشهر","country":"Iran","postcode":66003,"coordinates":{"latitude":"13.1398","longitude":"177.2079"},"timezone":{"offset":"+3:30","description":"Tehran"}},"email":"ftmhzhr.rdyyn@example.com","login":{"uuid":"93899fa3-9829-442e-a6de-2c6653ee7afc","username":"tinycat830","password":"sparrow","salt":"IkKqh3Nz","md5":"ba91e8247d519e6c8580538adfaf59d1","sha1":"bce8f421e373ddbce8398a239a2dccd15eced613","sha256":"4c4899d32c57ffde3966dc69dbaa39dcb54ea6326dacc53caf778c910022d7f3"},"dob":{"date":"1966-12-12T06:34:32.698Z","age":57},"registered":{"date":"2010-10-12T19:15:18.940Z","age":13},"phone":"028-94697786","cell":"0912-847-8120","id":{"name":"","value":null},"picture":{"large":"https://randomuser.me/api/portraits/women/34.jpg","medium":"https://randomuser.me/api/portraits/med/women/34.jpg","thumbnail":"https://randomuser.me/api/portraits/thumb/women/34.jpg"},"nat":"IR"}],"info":{"seed":"996ef1ab3fcde7ea","results":1,"page":1,"version":"1.4"}} 
 </msg>
<msg time="2024-06-06T10:15:37.163338" level="INFO">/opt/hostedtoolcache/Python/3.12.3/x64/lib/python3.12/site-packages/urllib3/connectionpool.py:1103: InsecureRequestWarning: Unverified HTTPS request is being made to host 'randomuser.me'. Adding certificate verification is strongly advised. See: https://urllib3.readthedocs.io/en/latest/advanced-usage.html#tls-warnings
  warnings.warn(</msg>
<msg time="2024-06-06T10:15:37.163472" level="INFO">${response} = &lt;Response [200]&gt;</msg>
<var>${response}</var>
<arg>consultarAPI</arg>
<arg>/api</arg>
<doc>Sends a GET request on a previously created HTTP Session.</doc>
<status status="PASS" start="2024-06-06T10:15:37.093937" elapsed="0.069586"/>
</kw>
<kw name="Should Be Equal As Numbers" owner="BuiltIn">
<msg time="2024-06-06T10:15:37.164581" level="INFO">Argument types are:
&lt;class 'int'&gt;
&lt;class 'str'&gt;</msg>
<arg>${response.status_code}</arg>
<arg>200</arg>
<doc>Fails if objects are unequal after converting them to real numbers.</doc>
<status status="PASS" start="2024-06-06T10:15:37.164088" elapsed="0.000556"/>
</kw>
<kw name="Log" owner="BuiltIn">
<msg time="2024-06-06T10:15:37.165331" level="INFO">200</msg>
<arg>${response.status_code}</arg>
<doc>Logs the given message with the given level.</doc>
<status status="PASS" start="2024-06-06T10:15:37.164983" elapsed="0.000394"/>
</kw>
<kw name="Set Variable" owner="BuiltIn">
<msg time="2024-06-06T10:15:37.166126" level="INFO">${json_data} = {'results': [{'gender': 'female', 'name': {'title': 'Mrs', 'first': 'فاطمه زهرا', 'last': 'رضاییان'}, 'location': {'street': {'number': 6077, 'name': 'پارک ولیعصر'}, 'city': 'قائم\u200cشهر', 'state': ...</msg>
<var>${json_data}</var>
<arg>${response.json()}</arg>
<doc>Returns the given values which can then be assigned to a variables.</doc>
<status status="PASS" start="2024-06-06T10:15:37.165683" elapsed="0.000474"/>
</kw>
<kw name="Dictionary Should Contain Key" owner="Collections">
<msg time="2024-06-06T10:15:37.166631" level="INFO">False</msg>
<arg>${json_data}</arg>
<arg>results</arg>
<doc>Fails if ``key`` is not found from ``dictionary``.</doc>
<status status="PASS" start="2024-06-06T10:15:37.166467" elapsed="0.000336"/>
</kw>
<status status="PASS" start="2024-06-06T10:15:37.093694" elapsed="0.073368"/>
</kw>
<doc>Testa se a API responde corretamente e retorna um objeto JSON válido.</doc>
<tag>testeRequisicaoBasica</tag>
<status status="PASS" start="2024-06-06T10:15:37.093229" elapsed="0.074002"/>
</test>
<test id="s1-s1-t3" name="Validar estrutura de resposta" line="22">
<kw name="Teste de Estrutura de Resposta" owner="random-user-service">
<kw name="GET On Session" owner="RequestsLibrary">
<msg time="2024-06-06T10:15:37.255617" level="INFO">GET Request : url=https://randomuser.me/api 
 path_url=/api 
 headers={'User-Agent': 'python-requests/2.32.3', 'Accept-Encoding': 'gzip, deflate', 'Accept': '*/*', 'Connection': 'keep-alive'} 
 body=None 
 </msg>
<msg time="2024-06-06T10:15:37.255683" level="INFO">GET Response : url=https://randomuser.me/api 
 status=200, reason=OK 
 headers={'Date': 'Thu, 06 Jun 2024 10:15:37 GMT', 'Content-Type': 'application/json; charset=utf-8', 'Transfer-Encoding': 'chunked', 'Connection': 'keep-alive', 'X-Powered-By': 'Express', 'Access-Control-Allow-Origin': '*', 'Cache-Control': 'no-cache', 'ETag': 'W/"48d-GY0kHdWiLEgUZdFCRmZ0gnr8I8w"', 'Vary': 'Accept-Encoding', 'Content-Encoding': 'gzip', 'CF-Cache-Status': 'DYNAMIC', 'Report-To': '{"endpoints":[{"url":"https:\\/\\/a.nel.cloudflare.com\\/report\\/v4?s=f22irKS%2BDMyUg%2FJHl1%2Bclomi6BtCZbsaQVIV2QShb4A2XLV7MZ41Z8Ir75hXHhK15%2B74a4XxxOa%2B9mnn2q1Z04nFWsS9HYX70iU3CNwZ8gh%2BJDAqFDmQv88dyuBSKIJS"}],"group":"cf-nel","max_age":604800}', 'NEL': '{"success_fraction":0,"report_to":"cf-nel","max_age":604800}', 'Server': 'cloudflare', 'CF-RAY': '88f7a4695f7a2425-IAD', 'alt-svc': 'h3=":443"; ma=86400'} 
 body={"results":[{"gender":"female","name":{"title":"Miss","first":"Louisa","last":"Heltne"},"location":{"street":{"number":5135,"name":"Dybwads gate"},"city":"Eikefjord","state":"Oslo","country":"Norway","postcode":"1001","coordinates":{"latitude":"43.1185","longitude":"67.8224"},"timezone":{"offset":"-6:00","description":"Central Time (US &amp; Canada), Mexico City"}},"email":"louisa.heltne@example.com","login":{"uuid":"95338229-110d-4311-91de-806632c37b95","username":"tinyleopard104","password":"skippy","salt":"faYpehfe","md5":"8121694bd8a6e6710bbe2000e038dece","sha1":"5f0abbed1c8ce99695cc2f3a9f04265b57f0d49b","sha256":"6865c32785fb7cfe2820d8d423ecd1dbd874a1a9206c0f5fe8f1eff0c34d66db"},"dob":{"date":"1968-05-31T11:14:55.527Z","age":56},"registered":{"date":"2010-01-24T08:36:02.132Z","age":14},"phone":"27247531","cell":"42321468","id":{"name":"FN","value":"31056833245"},"picture":{"large":"https://randomuser.me/api/portraits/women/19.jpg","medium":"https://randomuser.me/api/portraits/med/women/19.jpg","thumbnail":"https://randomuser.me/api/portraits/thumb/women/19.jpg"},"nat":"NO"}],"info":{"seed":"2b9fa61b72b22f41","results":1,"page":1,"version":"1.4"}} 
 </msg>
<msg time="2024-06-06T10:15:37.255823" level="INFO">/opt/hostedtoolcache/Python/3.12.3/x64/lib/python3.12/site-packages/urllib3/connectionpool.py:1103: InsecureRequestWarning: Unverified HTTPS request is being made to host 'randomuser.me'. Adding certificate verification is strongly advised. See: https://urllib3.readthedocs.io/en/latest/advanced-usage.html#tls-warnings
  warnings.warn(</msg>
<msg time="2024-06-06T10:15:37.255921" level="INFO">${response} = &lt;Response [200]&gt;</msg>
<var>${response}</var>
<arg>consultarAPI</arg>
<arg>/api</arg>
<doc>Sends a GET request on a previously created HTTP Session.</doc>
<status status="PASS" start="2024-06-06T10:15:37.170172" elapsed="0.085791"/>
</kw>
<kw name="Set Variable" owner="BuiltIn">
<msg time="2024-06-06T10:15:37.256979" level="INFO">${json_data} = {'results': [{'gender': 'female', 'name': {'title': 'Miss', 'first': 'Louisa', 'last': 'Heltne'}, 'location': {'street': {'number': 5135, 'name': 'Dybwads gate'}, 'city': 'Eikefjord', 'state': 'Oslo',...</msg>
<var>${json_data}</var>
<arg>${response.json()}</arg>
<doc>Returns the given values which can then be assigned to a variables.</doc>
<status status="PASS" start="2024-06-06T10:15:37.256415" elapsed="0.000595"/>
</kw>
<kw name="Log" owner="BuiltIn">
<msg time="2024-06-06T10:15:37.257477" level="INFO">{'results': [{'gender': 'female', 'name': {'title': 'Miss', 'first': 'Louisa', 'last': 'Heltne'}, 'location': {'street': {'number': 5135, 'name': 'Dybwads gate'}, 'city': 'Eikefjord', 'state': 'Oslo', 'country': 'Norway', 'postcode': '1001', 'coordinates': {'latitude': '43.1185', 'longitude': '67.8224'}, 'timezone': {'offset': '-6:00', 'description': 'Central Time (US &amp; Canada), Mexico City'}}, 'email': 'louisa.heltne@example.com', 'login': {'uuid': '95338229-110d-4311-91de-806632c37b95', 'username': 'tinyleopard104', 'password': 'skippy', 'salt': 'faYpehfe', 'md5': '8121694bd8a6e6710bbe2000e038dece', 'sha1': '5f0abbed1c8ce99695cc2f3a9f04265b57f0d49b', 'sha256': '6865c32785fb7cfe2820d8d423ecd1dbd874a1a9206c0f5fe8f1eff0c34d66db'}, 'dob': {'date': '1968-05-31T11:14:55.527Z', 'age': 56}, 'registered': {'date': '2010-01-24T08:36:02.132Z', 'age': 14}, 'phone': '27247531', 'cell': '42321468', 'id': {'name': 'FN', 'value': '31056833245'}, 'picture': {'large': 'https://randomuser.me/api/portraits/women/19.jpg', 'medium': 'https://randomuser.me/api/portraits/med/women/19.jpg', 'thumbnail': 'https://randomuser.me/api/portraits/thumb/women/19.jpg'}, 'nat': 'NO'}], 'info': {'seed': '2b9fa61b72b22f41', 'results': 1, 'page': 1, 'version': '1.4'}}</msg>
<arg>${json_data}</arg>
<doc>Logs the given message with the given level.</doc>
<status status="PASS" start="2024-06-06T10:15:37.257322" elapsed="0.000205"/>
</kw>
<kw name="Dictionary Should Contain Key" owner="Collections">
<msg time="2024-06-06T10:15:37.257977" level="INFO">False</msg>
<arg>${json_data}</arg>
<arg>results</arg>
<doc>Fails if ``key`` is not found from ``dictionary``.</doc>
<status status="PASS" start="2024-06-06T10:15:37.257825" elapsed="0.000189"/>
</kw>
<kw name="Should Not Be Empty" owner="BuiltIn">
<msg time="2024-06-06T10:15:37.258449" level="INFO">Length is 2.</msg>
<arg>${json_data}</arg>
<doc>Verifies that the given item is not empty.</doc>
<status status="PASS" start="2024-06-06T10:15:37.258315" elapsed="0.000173"/>
</kw>
<kw name="Create List" owner="BuiltIn">
<msg time="2024-06-06T10:15:37.258931" level="INFO">${expected_keys} = ['gender', 'name', 'location', 'email', 'login']</msg>
<var>${expected_keys}</var>
<arg>gender</arg>
<arg>name</arg>
<arg>location</arg>
<arg>email</arg>
<arg>login</arg>
<doc>Returns a list containing given items.</doc>
<status status="PASS" start="2024-06-06T10:15:37.258782" elapsed="0.000174"/>
</kw>
<for flavor="IN">
<iter>
<kw name="Dictionary Should Contain Key" owner="Collections">
<msg time="2024-06-06T10:15:37.259971" level="INFO">False</msg>
<arg>${json_data['results'][0]}</arg>
<arg>${key}</arg>
<doc>Fails if ``key`` is not found from ``dictionary``.</doc>
<status status="PASS" start="2024-06-06T10:15:37.259525" elapsed="0.000494"/>
</kw>
<kw name="Log" owner="BuiltIn">
<msg time="2024-06-06T10:15:37.260703" level="INFO">{'gender': 'female', 'name': {'title': 'Miss', 'first': 'Louisa', 'last': 'Heltne'}, 'location': {'street': {'number': 5135, 'name': 'Dybwads gate'}, 'city': 'Eikefjord', 'state': 'Oslo', 'country': 'Norway', 'postcode': '1001', 'coordinates': {'latitude': '43.1185', 'longitude': '67.8224'}, 'timezone': {'offset': '-6:00', 'description': 'Central Time (US &amp; Canada), Mexico City'}}, 'email': 'louisa.heltne@example.com', 'login': {'uuid': '95338229-110d-4311-91de-806632c37b95', 'username': 'tinyleopard104', 'password': 'skippy', 'salt': 'faYpehfe', 'md5': '8121694bd8a6e6710bbe2000e038dece', 'sha1': '5f0abbed1c8ce99695cc2f3a9f04265b57f0d49b', 'sha256': '6865c32785fb7cfe2820d8d423ecd1dbd874a1a9206c0f5fe8f1eff0c34d66db'}, 'dob': {'date': '1968-05-31T11:14:55.527Z', 'age': 56}, 'registered': {'date': '2010-01-24T08:36:02.132Z', 'age': 14}, 'phone': '27247531', 'cell': '42321468', 'id': {'name': 'FN', 'value': '31056833245'}, 'picture': {'large': 'https://randomuser.me/api/portraits/women/19.jpg', 'medium': 'https://randomuser.me/api/portraits/med/women/19.jpg', 'thumbnail': 'https://randomuser.me/api/portraits/thumb/women/19.jpg'}, 'nat': 'NO'}</msg>
<arg>${json_data['results'][0]}</arg>
<doc>Logs the given message with the given level.</doc>
<status status="PASS" start="2024-06-06T10:15:37.260326" elapsed="0.000428"/>
</kw>
<kw name="Log" owner="BuiltIn">
<msg time="2024-06-06T10:15:37.261198" level="INFO">gender</msg>
<arg>${key}</arg>
<doc>Logs the given message with the given level.</doc>
<status status="PASS" start="2024-06-06T10:15:37.261061" elapsed="0.000176"/>
</kw>
<var name="${key}">gender</var>
<status status="PASS" start="2024-06-06T10:15:37.259399" elapsed="0.002058"/>
</iter>
<iter>
<kw name="Dictionary Should Contain Key" owner="Collections">
<msg time="2024-06-06T10:15:37.262150" level="INFO">False</msg>
<arg>${json_data['results'][0]}</arg>
<arg>${key}</arg>
<doc>Fails if ``key`` is not found from ``dictionary``.</doc>
<status status="PASS" start="2024-06-06T10:15:37.261763" elapsed="0.000426"/>
</kw>
<kw name="Log" owner="BuiltIn">
<msg time="2024-06-06T10:15:37.262872" level="INFO">{'gender': 'female', 'name': {'title': 'Miss', 'first': 'Louisa', 'last': 'Heltne'}, 'location': {'street': {'number': 5135, 'name': 'Dybwads gate'}, 'city': 'Eikefjord', 'state': 'Oslo', 'country': 'Norway', 'postcode': '1001', 'coordinates': {'latitude': '43.1185', 'longitude': '67.8224'}, 'timezone': {'offset': '-6:00', 'description': 'Central Time (US &amp; Canada), Mexico City'}}, 'email': 'louisa.heltne@example.com', 'login': {'uuid': '95338229-110d-4311-91de-806632c37b95', 'username': 'tinyleopard104', 'password': 'skippy', 'salt': 'faYpehfe', 'md5': '8121694bd8a6e6710bbe2000e038dece', 'sha1': '5f0abbed1c8ce99695cc2f3a9f04265b57f0d49b', 'sha256': '6865c32785fb7cfe2820d8d423ecd1dbd874a1a9206c0f5fe8f1eff0c34d66db'}, 'dob': {'date': '1968-05-31T11:14:55.527Z', 'age': 56}, 'registered': {'date': '2010-01-24T08:36:02.132Z', 'age': 14}, 'phone': '27247531', 'cell': '42321468', 'id': {'name': 'FN', 'value': '31056833245'}, 'picture': {'large': 'https://randomuser.me/api/portraits/women/19.jpg', 'medium': 'https://randomuser.me/api/portraits/med/women/19.jpg', 'thumbnail': 'https://randomuser.me/api/portraits/thumb/women/19.jpg'}, 'nat': 'NO'}</msg>
<arg>${json_data['results'][0]}</arg>
<doc>Logs the given message with the given level.</doc>
<status status="PASS" start="2024-06-06T10:15:37.262511" elapsed="0.000412"/>
</kw>
<kw name="Log" owner="BuiltIn">
<msg time="2024-06-06T10:15:37.263347" level="INFO">name</msg>
<arg>${key}</arg>
<doc>Logs the given message with the given level.</doc>
<status status="PASS" start="2024-06-06T10:15:37.263219" elapsed="0.000165"/>
</kw>
<var name="${key}">name</var>
<status status="PASS" start="2024-06-06T10:15:37.261648" elapsed="0.001958"/>
</iter>
<iter>
<kw name="Dictionary Should Contain Key" owner="Collections">
<msg time="2024-06-06T10:15:37.264312" level="INFO">False</msg>
<arg>${json_data['results'][0]}</arg>
<arg>${key}</arg>
<doc>Fails if ``key`` is not found from ``dictionary``.</doc>
<status status="PASS" start="2024-06-06T10:15:37.263934" elapsed="0.000417"/>
</kw>
<kw name="Log" owner="BuiltIn">
<msg time="2024-06-06T10:15:37.265019" level="INFO">{'gender': 'female', 'name': {'title': 'Miss', 'first': 'Louisa', 'last': 'Heltne'}, 'location': {'street': {'number': 5135, 'name': 'Dybwads gate'}, 'city': 'Eikefjord', 'state': 'Oslo', 'country': 'Norway', 'postcode': '1001', 'coordinates': {'latitude': '43.1185', 'longitude': '67.8224'}, 'timezone': {'offset': '-6:00', 'description': 'Central Time (US &amp; Canada), Mexico City'}}, 'email': 'louisa.heltne@example.com', 'login': {'uuid': '95338229-110d-4311-91de-806632c37b95', 'username': 'tinyleopard104', 'password': 'skippy', 'salt': 'faYpehfe', 'md5': '8121694bd8a6e6710bbe2000e038dece', 'sha1': '5f0abbed1c8ce99695cc2f3a9f04265b57f0d49b', 'sha256': '6865c32785fb7cfe2820d8d423ecd1dbd874a1a9206c0f5fe8f1eff0c34d66db'}, 'dob': {'date': '1968-05-31T11:14:55.527Z', 'age': 56}, 'registered': {'date': '2010-01-24T08:36:02.132Z', 'age': 14}, 'phone': '27247531', 'cell': '42321468', 'id': {'name': 'FN', 'value': '31056833245'}, 'picture': {'large': 'https://randomuser.me/api/portraits/women/19.jpg', 'medium': 'https://randomuser.me/api/portraits/med/women/19.jpg', 'thumbnail': 'https://randomuser.me/api/portraits/thumb/women/19.jpg'}, 'nat': 'NO'}</msg>
<arg>${json_data['results'][0]}</arg>
<doc>Logs the given message with the given level.</doc>
<status status="PASS" start="2024-06-06T10:15:37.264652" elapsed="0.000417"/>
</kw>
<kw name="Log" owner="BuiltIn">
<msg time="2024-06-06T10:15:37.265498" level="INFO">location</msg>
<arg>${key}</arg>
<doc>Logs the given message with the given level.</doc>
<status status="PASS" start="2024-06-06T10:15:37.265372" elapsed="0.000165"/>
</kw>
<var name="${key}">location</var>
<status status="PASS" start="2024-06-06T10:15:37.263816" elapsed="0.001937"/>
</iter>
<iter>
<kw name="Dictionary Should Contain Key" owner="Collections">
<msg time="2024-06-06T10:15:37.266537" level="INFO">False</msg>
<arg>${json_data['results'][0]}</arg>
<arg>${key}</arg>
<doc>Fails if ``key`` is not found from ``dictionary``.</doc>
<status status="PASS" start="2024-06-06T10:15:37.266040" elapsed="0.000535"/>
</kw>
<kw name="Log" owner="BuiltIn">
<msg time="2024-06-06T10:15:37.267233" level="INFO">{'gender': 'female', 'name': {'title': 'Miss', 'first': 'Louisa', 'last': 'Heltne'}, 'location': {'street': {'number': 5135, 'name': 'Dybwads gate'}, 'city': 'Eikefjord', 'state': 'Oslo', 'country': 'Norway', 'postcode': '1001', 'coordinates': {'latitude': '43.1185', 'longitude': '67.8224'}, 'timezone': {'offset': '-6:00', 'description': 'Central Time (US &amp; Canada), Mexico City'}}, 'email': 'louisa.heltne@example.com', 'login': {'uuid': '95338229-110d-4311-91de-806632c37b95', 'username': 'tinyleopard104', 'password': 'skippy', 'salt': 'faYpehfe', 'md5': '8121694bd8a6e6710bbe2000e038dece', 'sha1': '5f0abbed1c8ce99695cc2f3a9f04265b57f0d49b', 'sha256': '6865c32785fb7cfe2820d8d423ecd1dbd874a1a9206c0f5fe8f1eff0c34d66db'}, 'dob': {'date': '1968-05-31T11:14:55.527Z', 'age': 56}, 'registered': {'date': '2010-01-24T08:36:02.132Z', 'age': 14}, 'phone': '27247531', 'cell': '42321468', 'id': {'name': 'FN', 'value': '31056833245'}, 'picture': {'large': 'https://randomuser.me/api/portraits/women/19.jpg', 'medium': 'https://randomuser.me/api/portraits/med/women/19.jpg', 'thumbnail': 'https://randomuser.me/api/portraits/thumb/women/19.jpg'}, 'nat': 'NO'}</msg>
<arg>${json_data['results'][0]}</arg>
<doc>Logs the given message with the given level.</doc>
<status status="PASS" start="2024-06-06T10:15:37.266874" elapsed="0.000422"/>
</kw>
<kw name="Log" owner="BuiltIn">
<msg time="2024-06-06T10:15:37.267747" level="INFO">email</msg>
<arg>${key}</arg>
<doc>Logs the given message with the given level.</doc>
<status status="PASS" start="2024-06-06T10:15:37.267592" elapsed="0.000199"/>
</kw>
<var name="${key}">email</var>
<status status="PASS" start="2024-06-06T10:15:37.265929" elapsed="0.002094"/>
</iter>
<iter>
<kw name="Dictionary Should Contain Key" owner="Collections">
<msg time="2024-06-06T10:15:37.268700" level="INFO">False</msg>
<arg>${json_data['results'][0]}</arg>
<arg>${key}</arg>
<doc>Fails if ``key`` is not found from ``dictionary``.</doc>
<status status="PASS" start="2024-06-06T10:15:37.268315" elapsed="0.000423"/>
</kw>
<kw name="Log" owner="BuiltIn">
<msg time="2024-06-06T10:15:37.269402" level="INFO">{'gender': 'female', 'name': {'title': 'Miss', 'first': 'Louisa', 'last': 'Heltne'}, 'location': {'street': {'number': 5135, 'name': 'Dybwads gate'}, 'city': 'Eikefjord', 'state': 'Oslo', 'country': 'Norway', 'postcode': '1001', 'coordinates': {'latitude': '43.1185', 'longitude': '67.8224'}, 'timezone': {'offset': '-6:00', 'description': 'Central Time (US &amp; Canada), Mexico City'}}, 'email': 'louisa.heltne@example.com', 'login': {'uuid': '95338229-110d-4311-91de-806632c37b95', 'username': 'tinyleopard104', 'password': 'skippy', 'salt': 'faYpehfe', 'md5': '8121694bd8a6e6710bbe2000e038dece', 'sha1': '5f0abbed1c8ce99695cc2f3a9f04265b57f0d49b', 'sha256': '6865c32785fb7cfe2820d8d423ecd1dbd874a1a9206c0f5fe8f1eff0c34d66db'}, 'dob': {'date': '1968-05-31T11:14:55.527Z', 'age': 56}, 'registered': {'date': '2010-01-24T08:36:02.132Z', 'age': 14}, 'phone': '27247531', 'cell': '42321468', 'id': {'name': 'FN', 'value': '31056833245'}, 'picture': {'large': 'https://randomuser.me/api/portraits/women/19.jpg', 'medium': 'https://randomuser.me/api/portraits/med/women/19.jpg', 'thumbnail': 'https://randomuser.me/api/portraits/thumb/women/19.jpg'}, 'nat': 'NO'}</msg>
<arg>${json_data['results'][0]}</arg>
<doc>Logs the given message with the given level.</doc>
<status status="PASS" start="2024-06-06T10:15:37.269042" elapsed="0.000420"/>
</kw>
<kw name="Log" owner="BuiltIn">
<msg time="2024-06-06T10:15:37.269885" level="INFO">login</msg>
<arg>${key}</arg>
<doc>Logs the given message with the given level.</doc>
<status status="PASS" start="2024-06-06T10:15:37.269757" elapsed="0.000167"/>
</kw>
<var name="${key}">login</var>
<status status="PASS" start="2024-06-06T10:15:37.268201" elapsed="0.001964"/>
</iter>
<var>${key}</var>
<value>@{expected_keys}</value>
<status status="PASS" start="2024-06-06T10:15:37.259219" elapsed="0.011076"/>
</for>
<kw name="Create List" owner="BuiltIn">
<msg time="2024-06-06T10:15:37.270638" level="INFO">${expected_keysTwo} = ['username', 'password']</msg>
<var>${expected_keysTwo}</var>
<arg>username</arg>
<arg>password</arg>
<doc>Returns a list containing given items.</doc>
<status status="PASS" start="2024-06-06T10:15:37.270491" elapsed="0.000170"/>
</kw>
<for flavor="IN">
<iter>
<kw name="Dictionary Should Contain Key" owner="Collections">
<msg time="2024-06-06T10:15:37.271554" level="INFO">False</msg>
<arg>${json_data['results'][0]['login']}</arg>
<arg>${keyTwo}</arg>
<doc>Fails if ``key`` is not found from ``dictionary``.</doc>
<status status="PASS" start="2024-06-06T10:15:37.271168" elapsed="0.000423"/>
</kw>
<kw name="Dictionary Should Contain Key" owner="Collections">
<msg time="2024-06-06T10:15:37.272305" level="INFO">False</msg>
<arg>${json_data['results'][0]['login']}</arg>
<arg>${keyTwo}</arg>
<doc>Fails if ``key`` is not found from ``dictionary``.</doc>
<status status="PASS" start="2024-06-06T10:15:37.271919" elapsed="0.000424"/>
</kw>
<kw name="Log" owner="BuiltIn">
<msg time="2024-06-06T10:15:37.272763" level="INFO">username</msg>
<arg>${keyTwo}</arg>
<doc>Logs the given message with the given level.</doc>
<status status="PASS" start="2024-06-06T10:15:37.272636" elapsed="0.000165"/>
</kw>
<var name="${keyTwo}">username</var>
<status status="PASS" start="2024-06-06T10:15:37.271052" elapsed="0.001966"/>
</iter>
<iter>
<kw name="Dictionary Should Contain Key" owner="Collections">
<msg time="2024-06-06T10:15:37.273682" level="INFO">False</msg>
<arg>${json_data['results'][0]['login']}</arg>
<arg>${keyTwo}</arg>
<doc>Fails if ``key`` is not found from ``dictionary``.</doc>
<status status="PASS" start="2024-06-06T10:15:37.273299" elapsed="0.000422"/>
</kw>
<kw name="Dictionary Should Contain Key" owner="Collections">
<msg time="2024-06-06T10:15:37.274399" level="INFO">False</msg>
<arg>${json_data['results'][0]['login']}</arg>
<arg>${keyTwo}</arg>
<doc>Fails if ``key`` is not found from ``dictionary``.</doc>
<status status="PASS" start="2024-06-06T10:15:37.274015" elapsed="0.000421"/>
</kw>
<kw name="Log" owner="BuiltIn">
<msg time="2024-06-06T10:15:37.274857" level="INFO">password</msg>
<arg>${keyTwo}</arg>
<doc>Logs the given message with the given level.</doc>
<status status="PASS" start="2024-06-06T10:15:37.274730" elapsed="0.000164"/>
</kw>
<var name="${keyTwo}">password</var>
<status status="PASS" start="2024-06-06T10:15:37.273190" elapsed="0.001918"/>
</iter>
<var>${keyTwo}</var>
<value>@{expected_keysTwo}</value>
<status status="PASS" start="2024-06-06T10:15:37.270901" elapsed="0.004329"/>
</for>
<status status="PASS" start="2024-06-06T10:15:37.169840" elapsed="0.105527"/>
</kw>
<doc>Testa a estrutura da resposta da API.</doc>
<tag>testeEstruturaResposta</tag>
<status status="PASS" start="2024-06-06T10:15:37.169099" elapsed="0.106416"/>
</test>
<test id="s1-s1-t4" name="Validar tipos de dados" line="28">
<kw name="Teste de Tipos de Dados" owner="random-user-service">
<kw name="GET On Session" owner="RequestsLibrary">
<msg time="2024-06-06T10:15:37.370041" level="INFO">GET Request : url=https://randomuser.me/api 
 path_url=/api 
 headers={'User-Agent': 'python-requests/2.32.3', 'Accept-Encoding': 'gzip, deflate', 'Accept': '*/*', 'Connection': 'keep-alive'} 
 body=None 
 </msg>
<msg time="2024-06-06T10:15:37.370125" level="INFO">GET Response : url=https://randomuser.me/api 
 status=200, reason=OK 
 headers={'Date': 'Thu, 06 Jun 2024 10:15:37 GMT', 'Content-Type': 'application/json; charset=utf-8', 'Transfer-Encoding': 'chunked', 'Connection': 'keep-alive', 'X-Powered-By': 'Express', 'Access-Control-Allow-Origin': '*', 'Cache-Control': 'no-cache', 'ETag': 'W/"469-ru0vu6EqijmMRxfih67wZoZP9UQ"', 'Vary': 'Accept-Encoding', 'Content-Encoding': 'gzip', 'CF-Cache-Status': 'DYNAMIC', 'Report-To': '{"endpoints":[{"url":"https:\\/\\/a.nel.cloudflare.com\\/report\\/v4?s=35tpUevDRIxhCmL9LbXPH1aC8oBEGcr9TzO4gIMiHQoDDAUhwa3DuLYs%2BXChQXnPtFrOcBscNwSMt%2Bisz28vDnB%2BnmCrg4K%2B6kU8aRIngdJM0R6L%2F%2F%2BOG8FD4pOb33ee"}],"group":"cf-nel","max_age":604800}', 'NEL': '{"success_fraction":0,"report_to":"cf-nel","max_age":604800}', 'Server': 'cloudflare', 'CF-RAY': '88f7a46a08392425-IAD', 'alt-svc': 'h3=":443"; ma=86400'} 
 body={"results":[{"gender":"male","name":{"title":"Mr","first":"Olivier","last":"Grue"},"location":{"street":{"number":1438,"name":"Holsts gate"},"city":"Sandeid","state":"Hordaland","country":"Norway","postcode":"0954","coordinates":{"latitude":"42.9963","longitude":"-115.0156"},"timezone":{"offset":"-2:00","description":"Mid-Atlantic"}},"email":"olivier.grue@example.com","login":{"uuid":"b4625a5d-8726-4cbd-82b1-09d85593eb89","username":"sadbutterfly109","password":"bravo","salt":"HDkBVSZd","md5":"97c0a55f33295a1580df24ef2b4be90a","sha1":"927cae3139b0aa565ac8e169b8baffd64dd18591","sha256":"43a7ecc0a0b855542eeec4f6ff4569fca4695e81d012da3a97f2bdbc79f198ed"},"dob":{"date":"1979-05-02T14:41:31.704Z","age":45},"registered":{"date":"2018-12-24T15:12:08.387Z","age":5},"phone":"33619755","cell":"95078976","id":{"name":"FN","value":"02057914907"},"picture":{"large":"https://randomuser.me/api/portraits/men/53.jpg","medium":"https://randomuser.me/api/portraits/med/men/53.jpg","thumbnail":"https://randomuser.me/api/portraits/thumb/men/53.jpg"},"nat":"NO"}],"info":{"seed":"6e35925948f3ff8b","results":1,"page":1,"version":"1.4"}} 
 </msg>
<msg time="2024-06-06T10:15:37.370181" level="INFO">/opt/hostedtoolcache/Python/3.12.3/x64/lib/python3.12/site-packages/urllib3/connectionpool.py:1103: InsecureRequestWarning: Unverified HTTPS request is being made to host 'randomuser.me'. Adding certificate verification is strongly advised. See: https://urllib3.readthedocs.io/en/latest/advanced-usage.html#tls-warnings
  warnings.warn(</msg>
<msg time="2024-06-06T10:15:37.370265" level="INFO">${response} = &lt;Response [200]&gt;</msg>
<var>${response}</var>
<arg>consultarAPI</arg>
<arg>/api</arg>
<doc>Sends a GET request on a previously created HTTP Session.</doc>
<status status="PASS" start="2024-06-06T10:15:37.278031" elapsed="0.092274"/>
</kw>
<kw name="Set Variable" owner="BuiltIn">
<msg time="2024-06-06T10:15:37.371295" level="INFO">${json_data} = {'results': [{'gender': 'male', 'name': {'title': 'Mr', 'first': 'Olivier', 'last': 'Grue'}, 'location': {'street': {'number': 1438, 'name': 'Holsts gate'}, 'city': 'Sandeid', 'state': 'Hordaland', 'c...</msg>
<var>${json_data}</var>
<arg>${response.json()}</arg>
<doc>Returns the given values which can then be assigned to a variables.</doc>
<status status="PASS" start="2024-06-06T10:15:37.370744" elapsed="0.000580"/>
</kw>
<kw name="Log" owner="BuiltIn">
<msg time="2024-06-06T10:15:37.371831" level="INFO">{'results': [{'gender': 'male', 'name': {'title': 'Mr', 'first': 'Olivier', 'last': 'Grue'}, 'location': {'street': {'number': 1438, 'name': 'Holsts gate'}, 'city': 'Sandeid', 'state': 'Hordaland', 'country': 'Norway', 'postcode': '0954', 'coordinates': {'latitude': '42.9963', 'longitude': '-115.0156'}, 'timezone': {'offset': '-2:00', 'description': 'Mid-Atlantic'}}, 'email': 'olivier.grue@example.com', 'login': {'uuid': 'b4625a5d-8726-4cbd-82b1-09d85593eb89', 'username': 'sadbutterfly109', 'password': 'bravo', 'salt': 'HDkBVSZd', 'md5': '97c0a55f33295a1580df24ef2b4be90a', 'sha1': '927cae3139b0aa565ac8e169b8baffd64dd18591', 'sha256': '43a7ecc0a0b855542eeec4f6ff4569fca4695e81d012da3a97f2bdbc79f198ed'}, 'dob': {'date': '1979-05-02T14:41:31.704Z', 'age': 45}, 'registered': {'date': '2018-12-24T15:12:08.387Z', 'age': 5}, 'phone': '33619755', 'cell': '95078976', 'id': {'name': 'FN', 'value': '02057914907'}, 'picture': {'large': 'https://randomuser.me/api/portraits/men/53.jpg', 'medium': 'https://randomuser.me/api/portraits/med/men/53.jpg', 'thumbnail': 'https://randomuser.me/api/portraits/thumb/men/53.jpg'}, 'nat': 'NO'}], 'info': {'seed': '6e35925948f3ff8b', 'results': 1, 'page': 1, 'version': '1.4'}}</msg>
<arg>${json_data}</arg>
<doc>Logs the given message with the given level.</doc>
<status status="PASS" start="2024-06-06T10:15:37.371636" elapsed="0.000282"/>
</kw>
<kw name="Should Be String" owner="String">
<arg>${json_data['results'][0]['gender']}</arg>
<doc>Fails if the given ``item`` is not a string.</doc>
<status status="PASS" start="2024-06-06T10:15:37.372228" elapsed="0.000362"/>
</kw>
<kw name="Should Match Regexp" owner="BuiltIn">
<arg>${json_data['results'][0]['email']}</arg>
<arg>^[a-zA-Z0-9._%+-]+@[a-zA-Z0-9.-]+\.[a-zA-Z]{2,}$</arg>
<doc>Fails if ``string`` does not match ``pattern`` as a regular expression.</doc>
<status status="PASS" start="2024-06-06T10:15:37.372781" elapsed="0.000608"/>
</kw>
<kw name="Should Match Regexp" owner="BuiltIn">
<arg>${json_data['results'][0]['dob']['date']}</arg>
<arg>\\d{4}-\\d{2}-\\d{2}T\\d{2}:\\d{2}:\\d{2}\\.\\d{3}Z</arg>
<doc>Fails if ``string`` does not match ``pattern`` as a regular expression.</doc>
<status status="PASS" start="2024-06-06T10:15:37.373586" elapsed="0.000485"/>
</kw>
<kw name="Should Match Regexp" owner="BuiltIn">
<arg>${json_data['results'][0]['registered']['date']}</arg>
<arg>\\d{4}-\\d{2}-\\d{2}T\\d{2}:\\d{2}:\\d{2}\\.\\d{3}Z</arg>
<doc>Fails if ``string`` does not match ``pattern`` as a regular expression.</doc>
<status status="PASS" start="2024-06-06T10:15:37.374265" elapsed="0.000372"/>
</kw>
<kw name="Should Match Regexp" owner="BuiltIn">
<arg>${json_data['results'][0]['picture']['large']}</arg>
<arg>^https?://.*\.(?:png|jpe?g|gif|bmp)$</arg>
<doc>Fails if ``string`` does not match ``pattern`` as a regular expression.</doc>
<status status="PASS" start="2024-06-06T10:15:37.374824" elapsed="0.000458"/>
</kw>
<kw name="Should Match Regexp" owner="BuiltIn">
<arg>${json_data['results'][0]['picture']['medium']}</arg>
<arg>^https?://.*\.(?:png|jpe?g|gif|bmp)$</arg>
<doc>Fails if ``string`` does not match ``pattern`` as a regular expression.</doc>
<status status="PASS" start="2024-06-06T10:15:37.375471" elapsed="0.000379"/>
</kw>
<kw name="Should Match Regexp" owner="BuiltIn">
<arg>${json_data['results'][0]['picture']['thumbnail']}</arg>
<arg>^https?://.*\.(?:png|jpe?g|gif|bmp)$</arg>
<doc>Fails if ``string`` does not match ``pattern`` as a regular expression.</doc>
<status status="PASS" start="2024-06-06T10:15:37.376042" elapsed="0.000349"/>
</kw>
<kw name="Log" owner="BuiltIn">
<msg time="2024-06-06T10:15:37.376895" level="INFO">{'large': 'https://randomuser.me/api/portraits/men/53.jpg', 'medium': 'https://randomuser.me/api/portraits/med/men/53.jpg', 'thumbnail': 'https://randomuser.me/api/portraits/thumb/men/53.jpg'}</msg>
<arg>${json_data['results'][0]['picture']}</arg>
<doc>Logs the given message with the given level.</doc>
<status status="PASS" start="2024-06-06T10:15:37.376573" elapsed="0.000364"/>
</kw>
<status status="PASS" start="2024-06-06T10:15:37.277803" elapsed="0.099387"/>
</kw>
<kw name="Teste de Tipos de Dados - Postcode" owner="random-user-service">
<kw name="GET On Session" owner="RequestsLibrary">
<msg time="2024-06-06T10:15:37.455583" level="INFO">GET Request : url=https://randomuser.me/api 
 path_url=/api 
 headers={'User-Agent': 'python-requests/2.32.3', 'Accept-Encoding': 'gzip, deflate', 'Accept': '*/*', 'Connection': 'keep-alive'} 
 body=None 
 </msg>
<msg time="2024-06-06T10:15:37.455649" level="INFO">GET Response : url=https://randomuser.me/api 
 status=200, reason=OK 
 headers={'Date': 'Thu, 06 Jun 2024 10:15:37 GMT', 'Content-Type': 'application/json; charset=utf-8', 'Transfer-Encoding': 'chunked', 'Connection': 'keep-alive', 'X-Powered-By': 'Express', 'Access-Control-Allow-Origin': '*', 'Cache-Control': 'no-cache', 'ETag': 'W/"49a-duzhFBw+bfMb+LVLLBjTut+R168"', 'Vary': 'Accept-Encoding', 'Content-Encoding': 'gzip', 'CF-Cache-Status': 'DYNAMIC', 'Report-To': '{"endpoints":[{"url":"https:\\/\\/a.nel.cloudflare.com\\/report\\/v4?s=Up5IDyOK8Joa6V5Oc9iMeKzblEeY80eNkE%2BmlnRj94pqYVhL08ymQXxQlj%2F%2B8AkfAQ6bx3HVaB80AsV6SIJpvm3w6m2Ut8lnvlEbJ%2BPzPL6GFKtYw6Bp2FQOJAZ2hlnq"}],"group":"cf-nel","max_age":604800}', 'NEL': '{"success_fraction":0,"report_to":"cf-nel","max_age":604800}', 'Server': 'cloudflare', 'CF-RAY': '88f7a46a98d02425-IAD', 'alt-svc': 'h3=":443"; ma=86400'} 
 body={"results":[{"gender":"male","name":{"title":"Mr","first":"Jeff","last":"Murray"},"location":{"street":{"number":6284,"name":"High Street"},"city":"Mountmellick","state":"Dún Laoghaire–Rathdown","country":"Ireland","postcode":96388,"coordinates":{"latitude":"-1.4566","longitude":"-114.5788"},"timezone":{"offset":"+10:00","description":"Eastern Australia, Guam, Vladivostok"}},"email":"jeff.murray@example.com","login":{"uuid":"7afa5a3f-f3b0-4f5e-802b-3a382e0d9bc6","username":"bluepeacock308","password":"1414","salt":"7oQb7v5X","md5":"d382f4f94fa82c3a6d79071ad69102ed","sha1":"f590c7e24cdfb677c24979add8b4487925ec6b3b","sha256":"04c5b1901ffb69aececec668b21419e8ebd40b34602802f35e5631f810110c39"},"dob":{"date":"1981-09-13T17:02:36.218Z","age":42},"registered":{"date":"2007-02-04T16:51:52.995Z","age":17},"phone":"021-808-6773","cell":"081-585-3215","id":{"name":"PPS","value":"1315142T"},"picture":{"large":"https://randomuser.me/api/portraits/men/53.jpg","medium":"https://randomuser.me/api/portraits/med/men/53.jpg","thumbnail":"https://randomuser.me/api/portraits/thumb/men/53.jpg"},"nat":"IE"}],"info":{"seed":"549af855c6f007a5","results":1,"page":1,"version":"1.4"}} 
 </msg>
<msg time="2024-06-06T10:15:37.455708" level="INFO">/opt/hostedtoolcache/Python/3.12.3/x64/lib/python3.12/site-packages/urllib3/connectionpool.py:1103: InsecureRequestWarning: Unverified HTTPS request is being made to host 'randomuser.me'. Adding certificate verification is strongly advised. See: https://urllib3.readthedocs.io/en/latest/advanced-usage.html#tls-warnings
  warnings.warn(</msg>
<msg time="2024-06-06T10:15:37.455838" level="INFO">${response} = &lt;Response [200]&gt;</msg>
<var>${response}</var>
<arg>consultarAPI</arg>
<arg>/api</arg>
<doc>Sends a GET request on a previously created HTTP Session.</doc>
<status status="PASS" start="2024-06-06T10:15:37.377621" elapsed="0.078255"/>
</kw>
<kw name="Set Variable" owner="BuiltIn">
<msg time="2024-06-06T10:15:37.456873" level="INFO">${json_data} = {'results': [{'gender': 'male', 'name': {'title': 'Mr', 'first': 'Jeff', 'last': 'Murray'}, 'location': {'street': {'number': 6284, 'name': 'High Street'}, 'city': 'Mountmellick', 'state': 'Dún Laogha...</msg>
<var>${json_data}</var>
<arg>${response.json()}</arg>
<doc>Returns the given values which can then be assigned to a variables.</doc>
<status status="PASS" start="2024-06-06T10:15:37.456322" elapsed="0.000581"/>
</kw>
<kw name="Log" owner="BuiltIn">
<msg time="2024-06-06T10:15:37.457377" level="INFO">{'results': [{'gender': 'male', 'name': {'title': 'Mr', 'first': 'Jeff', 'last': 'Murray'}, 'location': {'street': {'number': 6284, 'name': 'High Street'}, 'city': 'Mountmellick', 'state': 'Dún Laoghaire–Rathdown', 'country': 'Ireland', 'postcode': 96388, 'coordinates': {'latitude': '-1.4566', 'longitude': '-114.5788'}, 'timezone': {'offset': '+10:00', 'description': 'Eastern Australia, Guam, Vladivostok'}}, 'email': 'jeff.murray@example.com', 'login': {'uuid': '7afa5a3f-f3b0-4f5e-802b-3a382e0d9bc6', 'username': 'bluepeacock308', 'password': '1414', 'salt': '7oQb7v5X', 'md5': 'd382f4f94fa82c3a6d79071ad69102ed', 'sha1': 'f590c7e24cdfb677c24979add8b4487925ec6b3b', 'sha256': '04c5b1901ffb69aececec668b21419e8ebd40b34602802f35e5631f810110c39'}, 'dob': {'date': '1981-09-13T17:02:36.218Z', 'age': 42}, 'registered': {'date': '2007-02-04T16:51:52.995Z', 'age': 17}, 'phone': '021-808-6773', 'cell': '081-585-3215', 'id': {'name': 'PPS', 'value': '1315142T'}, 'picture': {'large': 'https://randomuser.me/api/portraits/men/53.jpg', 'medium': 'https://randomuser.me/api/portraits/med/men/53.jpg', 'thumbnail': 'https://randomuser.me/api/portraits/thumb/men/53.jpg'}, 'nat': 'IE'}], 'info': {'seed': '549af855c6f007a5', 'results': 1, 'page': 1, 'version': '1.4'}}</msg>
<arg>${json_data}</arg>
<doc>Logs the given message with the given level.</doc>
<status status="PASS" start="2024-06-06T10:15:37.457220" elapsed="0.000238"/>
</kw>
<kw name="Should Be Equal As Numbers" owner="BuiltIn">
<arg>${json_data['results'][0]['location']['postcode']}</arg>
<arg>${json_data['results'][0]['location']['postcode']}</arg>
<doc>Fails if objects are unequal after converting them to real numbers.</doc>
<status status="PASS" start="2024-06-06T10:15:37.457765" elapsed="0.000636"/>
</kw>
<kw name="Log" owner="BuiltIn">
<msg time="2024-06-06T10:15:37.458945" level="INFO">96388</msg>
<arg>${json_data['results'][0]['location']['postcode']}</arg>
<doc>Logs the given message with the given level.</doc>
<status status="PASS" start="2024-06-06T10:15:37.458604" elapsed="0.000383"/>
</kw>
<status status="PASS" start="2024-06-06T10:15:37.377403" elapsed="0.081836"/>
</kw>
<doc>Testa se os tipos de dados na resposta da API estão corretos.</doc>
<tag>testeTiposDados</tag>
<status status="PASS" start="2024-06-06T10:15:37.277261" elapsed="0.182141"/>
</test>
<test id="s1-s1-t5" name="Validar conteudo" line="35">
<kw name="Teste de Tipos de Conteudo" owner="random-user-service">
<kw name="GET On Session" owner="RequestsLibrary">
<msg time="2024-06-06T10:15:37.552771" level="INFO">GET Request : url=https://randomuser.me/api 
 path_url=/api 
 headers={'User-Agent': 'python-requests/2.32.3', 'Accept-Encoding': 'gzip, deflate', 'Accept': '*/*', 'Connection': 'keep-alive'} 
 body=None 
 </msg>
<msg time="2024-06-06T10:15:37.552835" level="INFO">GET Response : url=https://randomuser.me/api 
 status=200, reason=OK 
 headers={'Date': 'Thu, 06 Jun 2024 10:15:37 GMT', 'Content-Type': 'application/json; charset=utf-8', 'Transfer-Encoding': 'chunked', 'Connection': 'keep-alive', 'X-Powered-By': 'Express', 'Access-Control-Allow-Origin': '*', 'Cache-Control': 'no-cache', 'ETag': 'W/"49f-hANkc7WC97rwMrNiNc+hoxx7Or4"', 'Vary': 'Accept-Encoding', 'Content-Encoding': 'gzip', 'CF-Cache-Status': 'DYNAMIC', 'Report-To': '{"endpoints":[{"url":"https:\\/\\/a.nel.cloudflare.com\\/report\\/v4?s=0l34uNDWFFzruIUkzmFf5Nn%2B8IO3IVXKQanq5EDWTl0wJWTp9VXHLiFYzqiq9jrsfFq6oE2EfMHM0eaRHApBIiyOtjF6grZzX%2F75RDME2iXmHAryMknRXeGXbR60pg0t"}],"group":"cf-nel","max_age":604800}', 'NEL': '{"success_fraction":0,"report_to":"cf-nel","max_age":604800}', 'Server': 'cloudflare', 'CF-RAY': '88f7a46b294b2425-IAD', 'alt-svc': 'h3=":443"; ma=86400'} 
 body={"results":[{"gender":"female","name":{"title":"Mrs","first":"Ellen","last":"Andrews"},"location":{"street":{"number":1021,"name":"Stevens Creek Blvd"},"city":"Burkburnett","state":"California","country":"United States","postcode":85759,"coordinates":{"latitude":"84.8853","longitude":"54.1763"},"timezone":{"offset":"+7:00","description":"Bangkok, Hanoi, Jakarta"}},"email":"ellen.andrews@example.com","login":{"uuid":"40ad1c11-d7b4-4684-b188-b657eb587eeb","username":"orangepanda451","password":"lollipop","salt":"BSpAGsTe","md5":"a59108a2ba2d61407c038f2abf6bddd8","sha1":"da98c0facbf9a841b2a1c80f9341fc545ded42ce","sha256":"cfea1b0decb31252fb90a500b61ca97ef4ed0836f55fefc1b171292523c83447"},"dob":{"date":"1964-03-22T15:16:04.414Z","age":60},"registered":{"date":"2011-04-16T04:26:08.044Z","age":13},"phone":"(735) 598-7134","cell":"(266) 902-9131","id":{"name":"SSN","value":"106-40-9068"},"picture":{"large":"https://randomuser.me/api/portraits/women/86.jpg","medium":"https://randomuser.me/api/portraits/med/women/86.jpg","thumbnail":"https://randomuser.me/api/portraits/thumb/women/86.jpg"},"nat":"US"}],"info":{"seed":"17d03ba20081f148","results":1,"page":1,"version":"1.4"}} 
 </msg>
<msg time="2024-06-06T10:15:37.552890" level="INFO">/opt/hostedtoolcache/Python/3.12.3/x64/lib/python3.12/site-packages/urllib3/connectionpool.py:1103: InsecureRequestWarning: Unverified HTTPS request is being made to host 'randomuser.me'. Adding certificate verification is strongly advised. See: https://urllib3.readthedocs.io/en/latest/advanced-usage.html#tls-warnings
  warnings.warn(</msg>
<msg time="2024-06-06T10:15:37.552983" level="INFO">${response} = &lt;Response [200]&gt;</msg>
<var>${response}</var>
<arg>consultarAPI</arg>
<arg>/api</arg>
<doc>Sends a GET request on a previously created HTTP Session.</doc>
<status status="PASS" start="2024-06-06T10:15:37.461994" elapsed="0.091026"/>
</kw>
<kw name="Set Variable" owner="BuiltIn">
<msg time="2024-06-06T10:15:37.553846" level="INFO">${json_data} = {'results': [{'gender': 'female', 'name': {'title': 'Mrs', 'first': 'Ellen', 'last': 'Andrews'}, 'location': {'street': {'number': 1021, 'name': 'Stevens Creek Blvd'}, 'city': 'Burkburnett', 'state': ...</msg>
<var>${json_data}</var>
<arg>${response.json()}</arg>
<doc>Returns the given values which can then be assigned to a variables.</doc>
<status status="PASS" start="2024-06-06T10:15:37.553378" elapsed="0.000496"/>
</kw>
<kw name="Set Variable" owner="BuiltIn">
<msg time="2024-06-06T10:15:37.554574" level="INFO">${name_title} = Mrs</msg>
<var>${name_title}</var>
<arg>${json_data["results"][0]["name"]["title"]}</arg>
<doc>Returns the given values which can then be assigned to a variables.</doc>
<status status="PASS" start="2024-06-06T10:15:37.554178" elapsed="0.000421"/>
</kw>
<kw name="Create List" owner="BuiltIn">
<msg time="2024-06-06T10:15:37.555048" level="INFO">${allowed_titles} = ['Mr', 'Ms', 'Miss', 'Mrs', 'Madame', 'Monsieur']</msg>
<var>${allowed_titles}</var>
<arg>Mr</arg>
<arg>Ms</arg>
<arg>Miss</arg>
<arg>Mrs</arg>
<arg>Madame</arg>
<arg>Monsieur</arg>
<doc>Returns a list containing given items.</doc>
<status status="PASS" start="2024-06-06T10:15:37.554898" elapsed="0.000174"/>
</kw>
<kw name="List Should Contain Value" owner="Collections">
<msg time="2024-06-06T10:15:37.555550" level="INFO">False</msg>
<arg>${allowed_titles}</arg>
<arg>${name_title}</arg>
<doc>Fails if the ``value`` is not found from ``list``.</doc>
<status status="PASS" start="2024-06-06T10:15:37.555373" elapsed="0.000214"/>
</kw>
<kw name="Set Variable" owner="BuiltIn">
<msg time="2024-06-06T10:15:37.556431" level="INFO">${name_country} = US</msg>
<var>${name_country}</var>
<arg>${json_data["results"][0]["nat"]}</arg>
<doc>Returns the given values which can then be assigned to a variables.</doc>
<status status="PASS" start="2024-06-06T10:15:37.555918" elapsed="0.000539"/>
</kw>
<kw name="Create List" owner="BuiltIn">
<msg time="2024-06-06T10:15:37.557370" level="INFO">${list_country} = ['AD', 'AE', 'AF', 'AG', 'AI', 'AL', 'AM', 'AO', 'AQ', 'AR', 'AS', 'AT', 'AU', 'AW', 'AX', 'AZ', 'BA', 'BB', 'BD', 'BE', 'BF', 'BG', 'BH', 'BI', 'BJ', 'BL', 'BM', 'BN', 'BO', 'BQ', 'BR', 'BS', 'BT', '...</msg>
<var>${list_country}</var>
<arg>AD</arg>
<arg>AE</arg>
<arg>AF</arg>
<arg>AG</arg>
<arg>AI</arg>
<arg>AL</arg>
<arg>AM</arg>
<arg>AO</arg>
<arg>AQ</arg>
<arg>AR</arg>
<arg>AS</arg>
<arg>AT</arg>
<arg>AU</arg>
<arg>AW</arg>
<arg>AX</arg>
<arg>AZ</arg>
<arg>BA</arg>
<arg>BB</arg>
<arg>BD</arg>
<arg>BE</arg>
<arg>BF</arg>
<arg>BG</arg>
<arg>BH</arg>
<arg>BI</arg>
<arg>BJ</arg>
<arg>BL</arg>
<arg>BM</arg>
<arg>BN</arg>
<arg>BO</arg>
<arg>BQ</arg>
<arg>BR</arg>
<arg>BS</arg>
<arg>BT</arg>
<arg>BV</arg>
<arg>BW</arg>
<arg>BY</arg>
<arg>BZ</arg>
<arg>CA</arg>
<arg>CC</arg>
<arg>CD</arg>
<arg>CF</arg>
<arg>CG</arg>
<arg>CH</arg>
<arg>CI</arg>
<arg>CK</arg>
<arg>CL</arg>
<arg>CM</arg>
<arg>CN</arg>
<arg>CO</arg>
<arg>CR</arg>
<arg>CU</arg>
<arg>CV</arg>
<arg>CW</arg>
<arg>CX</arg>
<arg>CY</arg>
<arg>CZ</arg>
<arg>DE</arg>
<arg>DJ</arg>
<arg>DK</arg>
<arg>DM</arg>
<arg>DO</arg>
<arg>DZ</arg>
<arg>EC</arg>
<arg>EE</arg>
<arg>EG</arg>
<arg>EH</arg>
<arg>ER</arg>
<arg>ES</arg>
<arg>ET</arg>
<arg>FI</arg>
<arg>FJ</arg>
<arg>FK</arg>
<arg>FM</arg>
<arg>FO</arg>
<arg>FR</arg>
<arg>GA</arg>
<arg>GB</arg>
<arg>GD</arg>
<arg>GE</arg>
<arg>GF</arg>
<arg>GG</arg>
<arg>GH</arg>
<arg>GI</arg>
<arg>GL</arg>
<arg>GM</arg>
<arg>GN</arg>
<arg>GP</arg>
<arg>GQ</arg>
<arg>GR</arg>
<arg>GS</arg>
<arg>GT</arg>
<arg>GU</arg>
<arg>GW</arg>
<arg>GY</arg>
<arg>HK</arg>
<arg>HM</arg>
<arg>HN</arg>
<arg>HR</arg>
<arg>HT</arg>
<arg>HU</arg>
<arg>ID</arg>
<arg>IE</arg>
<arg>IL</arg>
<arg>IM</arg>
<arg>IN</arg>
<arg>IO</arg>
<arg>IQ</arg>
<arg>IR</arg>
<arg>IS</arg>
<arg>IT</arg>
<arg>JE</arg>
<arg>JM</arg>
<arg>JO</arg>
<arg>JP</arg>
<arg>KE</arg>
<arg>KG</arg>
<arg>KH</arg>
<arg>KI</arg>
<arg>KM</arg>
<arg>KN</arg>
<arg>KP</arg>
<arg>KR</arg>
<arg>KW</arg>
<arg>KY</arg>
<arg>KZ</arg>
<arg>LA</arg>
<arg>LB</arg>
<arg>LC</arg>
<arg>LI</arg>
<arg>LK</arg>
<arg>LR</arg>
<arg>LS</arg>
<arg>LT</arg>
<arg>LU</arg>
<arg>LV</arg>
<arg>LY</arg>
<arg>MA</arg>
<arg>MC</arg>
<arg>MD</arg>
<arg>ME</arg>
<arg>MF</arg>
<arg>MG</arg>
<arg>MH</arg>
<arg>MK</arg>
<arg>ML</arg>
<arg>MM</arg>
<arg>MN</arg>
<arg>MO</arg>
<arg>MP</arg>
<arg>MQ</arg>
<arg>MR</arg>
<arg>MS</arg>
<arg>MT</arg>
<arg>MU</arg>
<arg>MV</arg>
<arg>MW</arg>
<arg>MX</arg>
<arg>MY</arg>
<arg>MZ</arg>
<arg>NA</arg>
<arg>NC</arg>
<arg>NE</arg>
<arg>NF</arg>
<arg>NG</arg>
<arg>NI</arg>
<arg>NL</arg>
<arg>NO</arg>
<arg>NP</arg>
<arg>NR</arg>
<arg>NU</arg>
<arg>NZ</arg>
<arg>OM</arg>
<arg>PA</arg>
<arg>PE</arg>
<arg>PF</arg>
<arg>PG</arg>
<arg>PH</arg>
<arg>PK</arg>
<arg>PL</arg>
<arg>PM</arg>
<arg>PN</arg>
<arg>PR</arg>
<arg>PS</arg>
<arg>PT</arg>
<arg>PW</arg>
<arg>PY</arg>
<arg>QA</arg>
<arg>RE</arg>
<arg>RO</arg>
<arg>RS</arg>
<arg>RU</arg>
<arg>RW</arg>
<arg>SA</arg>
<arg>SB</arg>
<arg>SC</arg>
<arg>SD</arg>
<arg>SE</arg>
<arg>SG</arg>
<arg>SH</arg>
<arg>SI</arg>
<arg>SJ</arg>
<arg>SK</arg>
<arg>SL</arg>
<arg>SM</arg>
<arg>SN</arg>
<arg>SO</arg>
<arg>SR</arg>
<arg>SS</arg>
<arg>ST</arg>
<arg>SV</arg>
<arg>SX</arg>
<arg>SY</arg>
<arg>SZ</arg>
<arg>TC</arg>
<arg>TD</arg>
<arg>TF</arg>
<arg>TG</arg>
<arg>TH</arg>
<arg>TJ</arg>
<arg>TK</arg>
<arg>TL</arg>
<arg>TM</arg>
<arg>TN</arg>
<arg>TO</arg>
<arg>TR</arg>
<arg>TT</arg>
<arg>TV</arg>
<arg>TW</arg>
<arg>TZ</arg>
<arg>UA</arg>
<arg>UG</arg>
<arg>UM</arg>
<arg>US</arg>
<arg>UY</arg>
<arg>UZ</arg>
<arg>VA</arg>
<arg>VC</arg>
<arg>VE</arg>
<arg>VG</arg>
<arg>VI</arg>
<arg>VN</arg>
<arg>VU</arg>
<arg>WF</arg>
<arg>WS</arg>
<arg>XK</arg>
<arg>YE</arg>
<arg>YT</arg>
<arg>ZA</arg>
<arg>ZM</arg>
<arg>ZW</arg>
<doc>Returns a list containing given items.</doc>
<status status="PASS" start="2024-06-06T10:15:37.556768" elapsed="0.000628"/>
</kw>
<kw name="List Should Contain Value" owner="Collections">
<msg time="2024-06-06T10:15:37.558390" level="INFO">False</msg>
<arg>${list_country}</arg>
<arg>${name_country}</arg>
<doc>Fails if the ``value`` is not found from ``list``.</doc>
<status status="PASS" start="2024-06-06T10:15:37.558178" elapsed="0.000249"/>
</kw>
<kw name="Run Keyword If" owner="BuiltIn">
<kw name="Should Be True" owner="BuiltIn">
<arg>${True}</arg>
<doc>Fails if the given condition is not true.</doc>
<status status="PASS" start="2024-06-06T10:15:37.559476" elapsed="0.000142"/>
</kw>
<arg>${json_data["results"][0]["location"]["coordinates"]["latitude"]} &gt;= -90 and ${json_data["results"][0]["location"]["coordinates"]["latitude"]} &lt;= 90</arg>
<arg>Should Be True</arg>
<arg>${True}</arg>
<doc>Runs the given keyword with the given arguments, if ``condition`` is true.</doc>
<status status="PASS" start="2024-06-06T10:15:37.558738" elapsed="0.001045"/>
</kw>
<kw name="Run Keyword If" owner="BuiltIn">
<kw name="Should Be True" owner="BuiltIn">
<arg>${True}</arg>
<doc>Fails if the given condition is not true.</doc>
<status status="PASS" start="2024-06-06T10:15:37.560689" elapsed="0.000138"/>
</kw>
<arg>${json_data["results"][0]["location"]["coordinates"]["longitude"]} &gt;= -180 and ${json_data["results"][0]["location"]["coordinates"]["longitude"]} &lt;= 180</arg>
<arg>Should Be True</arg>
<arg>${True}</arg>
<doc>Runs the given keyword with the given arguments, if ``condition`` is true.</doc>
<status status="PASS" start="2024-06-06T10:15:37.559984" elapsed="0.000964"/>
</kw>
<status status="PASS" start="2024-06-06T10:15:37.461769" elapsed="0.099306"/>
</kw>
<doc>Testa o conteúdo específico dos campos retornados pela API.</doc>
<tag>testeConteudo</tag>
<status status="PASS" start="2024-06-06T10:15:37.461282" elapsed="0.099933"/>
</test>
<status status="PASS" start="2024-06-06T10:15:36.761788" elapsed="0.801284"/>
</suite>
<status status="PASS" start="2024-06-06T10:15:36.748084" elapsed="0.820161"/>
</suite>
<statistics>
<total>
<stat pass="5" fail="0" skip="0">All Tests</stat>
</total>
<tag>
<stat pass="1" fail="0" skip="0">testeConteudo</stat>
<stat pass="1" fail="0" skip="0">testeEstruturaResposta</stat>
<stat pass="1" fail="0" skip="0">testeRequisicaoBasica</stat>
<stat pass="1" fail="0" skip="0">testeTiposDados</stat>
</tag>
<suite>
<stat pass="5" fail="0" skip="0" id="s1" name="Tests">Tests</stat>
<stat pass="5" fail="0" skip="0" id="s1-s1" name="Random-User-Test">Tests.Random-User-Test</stat>
</suite>
</statistics>
<errors>
</errors>
</robot>
