<?xml version="1.0" encoding="UTF-8"?>
<robot generator="Robot 7.0.1 (Python 3.12.4 on linux)" generated="2024-06-20T09:17:57.399881" rpa="false" schemaversion="5">
<suite id="s1" name="Tests" source="/home/runner/work/ApiRandomUser/ApiRandomUser/RamdonUser/tests">
<suite id="s1-s1" name="Random-User-Test" source="/home/runner/work/ApiRandomUser/ApiRandomUser/RamdonUser/tests/random-user-test.robot">
<test id="s1-s1-t1" name="Conectar" line="13">
<kw name="Conectar API" owner="random-user-service">
<kw name="Create Session" owner="RequestsLibrary">
<msg time="2024-06-20T09:17:57.797901" level="INFO">Creating Session using : alias=consultarAPI, url=https://randomuser.me/, headers={},                     cookies={}, auth=None, timeout=None, proxies=None, verify=False,                     debug=0 </msg>
<arg>consultarAPI</arg>
<arg>${URL}</arg>
<doc>Create Session: create a HTTP session to a server</doc>
<status status="PASS" start="2024-06-20T09:17:57.797702" elapsed="0.000370"/>
</kw>
<status status="PASS" start="2024-06-20T09:17:57.796759" elapsed="0.001674"/>
</kw>
<status status="PASS" start="2024-06-20T09:17:57.796239" elapsed="0.002411"/>
</test>
<test id="s1-s1-t2" name="Validar retorno 200 e JSON Válido" line="16">
<kw name="Teste de Requisicao Basica" owner="random-user-service">
<kw name="GET On Session" owner="RequestsLibrary">
<msg time="2024-06-20T09:17:58.330839" level="INFO">GET Request : url=https://randomuser.me/api 
 path_url=/api 
 headers={'User-Agent': 'python-requests/2.32.3', 'Accept-Encoding': 'gzip, deflate', 'Accept': '*/*', 'Connection': 'keep-alive'} 
 body=None 
 </msg>
<msg time="2024-06-20T09:17:58.330999" level="INFO">GET Response : url=https://randomuser.me/api 
 status=200, reason=OK 
 headers={'Date': 'Thu, 20 Jun 2024 09:17:58 GMT', 'Content-Type': 'application/json; charset=utf-8', 'Transfer-Encoding': 'chunked', 'Connection': 'keep-alive', 'X-Powered-By': 'Express', 'Access-Control-Allow-Origin': '*', 'Cache-Control': 'no-cache', 'ETag': 'W/"48e-VGjj4juhb4rUDDpjjmlwF5plfX8"', 'Vary': 'Accept-Encoding', 'Content-Encoding': 'gzip', 'CF-Cache-Status': 'DYNAMIC', 'Report-To': '{"endpoints":[{"url":"https:\\/\\/a.nel.cloudflare.com\\/report\\/v4?s=c7tfrGjXEOChpzZpAMaLXoFdLwcD1nCplJx7TflRak5kaBldFPxlSqC%2Fp6NWmJy8OF0j%2F2zg6xSgFJe0Df%2F8gS8AmE2KWkG4ZyvYM7jFeOEfGV8Tw%2FXxeDZRS6IFp34Z"}],"group":"cf-nel","max_age":604800}', 'NEL': '{"success_fraction":0,"report_to":"cf-nel","max_age":604800}', 'Server': 'cloudflare', 'CF-RAY': '896aab347bb2828d-IAD', 'alt-svc': 'h3=":443"; ma=86400'} 
 body={"results":[{"gender":"female","name":{"title":"Ms","first":"نیایش","last":"حسینی"},"location":{"street":{"number":908,"name":"بلوار کشاورز"},"city":"گرگان","state":"اصفهان","country":"Iran","postcode":47352,"coordinates":{"latitude":"18.6213","longitude":"16.7913"},"timezone":{"offset":"+2:00","description":"Kaliningrad, South Africa"}},"email":"nyysh.hsyny@example.com","login":{"uuid":"c1f812f1-6aad-4af0-9cb1-f850c5b9a80e","username":"bigzebra568","password":"raider","salt":"PP1Q0agX","md5":"0a5c0d3c80e420b8140bdefd0931971c","sha1":"cbfb369c033936867009abec7ba72de955985c41","sha256":"46a6655073c2884381da7a3123b86d7776e0890e014f9bcaa0e8f244269a7a9f"},"dob":{"date":"1962-09-17T09:37:51.647Z","age":61},"registered":{"date":"2003-05-12T04:48:17.734Z","age":21},"phone":"036-66509791","cell":"0981-254-8180","id":{"name":"","value":null},"picture":{"large":"https://randomuser.me/api/portraits/women/76.jpg","medium":"https://randomuser.me/api/portraits/med/women/76.jpg","thumbnail":"https://randomuser.me/api/portraits/thumb/women/76.jpg"},"nat":"IR"}],"info":{"seed":"f360fd2b6ee26b48","results":1,"page":1,"version":"1.4"}} 
 </msg>
<msg time="2024-06-20T09:17:58.331085" level="INFO">/opt/hostedtoolcache/Python/3.12.4/x64/lib/python3.12/site-packages/urllib3/connectionpool.py:1099: InsecureRequestWarning: Unverified HTTPS request is being made to host 'randomuser.me'. Adding certificate verification is strongly advised. See: https://urllib3.readthedocs.io/en/latest/advanced-usage.html#tls-warnings
  warnings.warn(</msg>
<msg time="2024-06-20T09:17:58.331247" level="INFO">${response} = &lt;Response [200]&gt;</msg>
<var>${response}</var>
<arg>consultarAPI</arg>
<arg>/api</arg>
<doc>Sends a GET request on a previously created HTTP Session.</doc>
<status status="PASS" start="2024-06-20T09:17:57.801202" elapsed="0.530089"/>
</kw>
<kw name="Should Be Equal As Numbers" owner="BuiltIn">
<msg time="2024-06-20T09:17:58.332312" level="INFO">Argument types are:
&lt;class 'int'&gt;
&lt;class 'str'&gt;</msg>
<arg>${response.status_code}</arg>
<arg>200</arg>
<doc>Fails if objects are unequal after converting them to real numbers.</doc>
<status status="PASS" start="2024-06-20T09:17:58.331846" elapsed="0.000530"/>
</kw>
<kw name="Log" owner="BuiltIn">
<msg time="2024-06-20T09:17:58.333026" level="INFO">200</msg>
<arg>${response.status_code}</arg>
<doc>Logs the given message with the given level.</doc>
<status status="PASS" start="2024-06-20T09:17:58.332685" elapsed="0.000393"/>
</kw>
<kw name="Set Variable" owner="BuiltIn">
<msg time="2024-06-20T09:17:58.333824" level="INFO">${json_data} = {'results': [{'gender': 'female', 'name': {'title': 'Ms', 'first': 'نیایش', 'last': 'حسینی'}, 'location': {'street': {'number': 908, 'name': 'بلوار کشاورز'}, 'city': 'گرگان', 'state': 'اصفهان', 'count...</msg>
<var>${json_data}</var>
<arg>${response.json()}</arg>
<doc>Returns the given values which can then be assigned to a variables.</doc>
<status status="PASS" start="2024-06-20T09:17:58.333376" elapsed="0.000478"/>
</kw>
<kw name="Dictionary Should Contain Key" owner="Collections">
<arg>${json_data}</arg>
<arg>results</arg>
<doc>Fails if ``key`` is not found from ``dictionary``.</doc>
<status status="PASS" start="2024-06-20T09:17:58.334152" elapsed="0.000166"/>
</kw>
<status status="PASS" start="2024-06-20T09:17:57.800960" elapsed="0.533508"/>
</kw>
<doc>Testa se a API responde corretamente e retorna um objeto JSON válido.</doc>
<tag>testeRequisicaoBasica</tag>
<status status="PASS" start="2024-06-20T09:17:57.800519" elapsed="0.534189"/>
</test>
<test id="s1-s1-t3" name="Validar estrutura de resposta" line="22">
<kw name="Teste de Estrutura de Resposta" owner="random-user-service">
<kw name="GET On Session" owner="RequestsLibrary">
<msg time="2024-06-20T09:17:58.755411" level="INFO">GET Request : url=https://randomuser.me/api 
 path_url=/api 
 headers={'User-Agent': 'python-requests/2.32.3', 'Accept-Encoding': 'gzip, deflate', 'Accept': '*/*', 'Connection': 'keep-alive'} 
 body=None 
 </msg>
<msg time="2024-06-20T09:17:58.755526" level="INFO">GET Response : url=https://randomuser.me/api 
 status=200, reason=OK 
 headers={'Date': 'Thu, 20 Jun 2024 09:17:58 GMT', 'Content-Type': 'application/json; charset=utf-8', 'Transfer-Encoding': 'chunked', 'Connection': 'keep-alive', 'X-Powered-By': 'Express', 'Access-Control-Allow-Origin': '*', 'Cache-Control': 'no-cache', 'ETag': 'W/"475-UsmbGJOuSuakO0+HFTJdmOCVYcQ"', 'Vary': 'Accept-Encoding', 'Content-Encoding': 'gzip', 'CF-Cache-Status': 'DYNAMIC', 'Report-To': '{"endpoints":[{"url":"https:\\/\\/a.nel.cloudflare.com\\/report\\/v4?s=xNlpShvHObJ%2B646Aaw7LmI8fm89pmCK%2FX51EwGVKxlfBXZ1NfNlSU2WP7Lk2ezLwFMFvQRtdme9DJWipN4LRdrjXIRUkM%2BtARPuE7IRQfreF%2F8GUWYt6AOWAsEoDKaMY"}],"group":"cf-nel","max_age":604800}', 'NEL': '{"success_fraction":0,"report_to":"cf-nel","max_age":604800}', 'Server': 'cloudflare', 'CF-RAY': '896aab37ae69828d-IAD', 'alt-svc': 'h3=":443"; ma=86400'} 
 body={"results":[{"gender":"female","name":{"title":"Ms","first":"Karine","last":"Totland"},"location":{"street":{"number":9109,"name":"Rabakken"},"city":"Aukra","state":"Rogaland","country":"Norway","postcode":"4974","coordinates":{"latitude":"45.8299","longitude":"70.2198"},"timezone":{"offset":"-12:00","description":"Eniwetok, Kwajalein"}},"email":"karine.totland@example.com","login":{"uuid":"7eb0ea0a-54b4-4d14-83a2-b6a68246ac95","username":"blackostrich439","password":"ozzy","salt":"pRqZerIn","md5":"beb6415caa55caf91cb162f1f9a6bc71","sha1":"033b4ff6e5bd3b8e0160a2e85c4c62da43956803","sha256":"e8b477d6eb5e0ce87831aa7fcfecf2e0aec8c8333b209dad113d398b204c6955"},"dob":{"date":"1983-01-30T05:00:43.653Z","age":41},"registered":{"date":"2010-07-05T15:32:31.974Z","age":13},"phone":"23368538","cell":"48801165","id":{"name":"FN","value":"30018301047"},"picture":{"large":"https://randomuser.me/api/portraits/women/53.jpg","medium":"https://randomuser.me/api/portraits/med/women/53.jpg","thumbnail":"https://randomuser.me/api/portraits/thumb/women/53.jpg"},"nat":"NO"}],"info":{"seed":"ceb8d42dd79a6c0f","results":1,"page":1,"version":"1.4"}} 
 </msg>
<msg time="2024-06-20T09:17:58.755676" level="INFO">/opt/hostedtoolcache/Python/3.12.4/x64/lib/python3.12/site-packages/urllib3/connectionpool.py:1099: InsecureRequestWarning: Unverified HTTPS request is being made to host 'randomuser.me'. Adding certificate verification is strongly advised. See: https://urllib3.readthedocs.io/en/latest/advanced-usage.html#tls-warnings
  warnings.warn(</msg>
<msg time="2024-06-20T09:17:58.755824" level="INFO">${response} = &lt;Response [200]&gt;</msg>
<var>${response}</var>
<arg>consultarAPI</arg>
<arg>/api</arg>
<doc>Sends a GET request on a previously created HTTP Session.</doc>
<status status="PASS" start="2024-06-20T09:17:58.338024" elapsed="0.417845"/>
</kw>
<kw name="Set Variable" owner="BuiltIn">
<msg time="2024-06-20T09:17:58.756888" level="INFO">${json_data} = {'results': [{'gender': 'female', 'name': {'title': 'Ms', 'first': 'Karine', 'last': 'Totland'}, 'location': {'street': {'number': 9109, 'name': 'Rabakken'}, 'city': 'Aukra', 'state': 'Rogaland', 'cou...</msg>
<var>${json_data}</var>
<arg>${response.json()}</arg>
<doc>Returns the given values which can then be assigned to a variables.</doc>
<status status="PASS" start="2024-06-20T09:17:58.756365" elapsed="0.000553"/>
</kw>
<kw name="Log" owner="BuiltIn">
<msg time="2024-06-20T09:17:58.757387" level="INFO">{'results': [{'gender': 'female', 'name': {'title': 'Ms', 'first': 'Karine', 'last': 'Totland'}, 'location': {'street': {'number': 9109, 'name': 'Rabakken'}, 'city': 'Aukra', 'state': 'Rogaland', 'country': 'Norway', 'postcode': '4974', 'coordinates': {'latitude': '45.8299', 'longitude': '70.2198'}, 'timezone': {'offset': '-12:00', 'description': 'Eniwetok, Kwajalein'}}, 'email': 'karine.totland@example.com', 'login': {'uuid': '7eb0ea0a-54b4-4d14-83a2-b6a68246ac95', 'username': 'blackostrich439', 'password': 'ozzy', 'salt': 'pRqZerIn', 'md5': 'beb6415caa55caf91cb162f1f9a6bc71', 'sha1': '033b4ff6e5bd3b8e0160a2e85c4c62da43956803', 'sha256': 'e8b477d6eb5e0ce87831aa7fcfecf2e0aec8c8333b209dad113d398b204c6955'}, 'dob': {'date': '1983-01-30T05:00:43.653Z', 'age': 41}, 'registered': {'date': '2010-07-05T15:32:31.974Z', 'age': 13}, 'phone': '23368538', 'cell': '48801165', 'id': {'name': 'FN', 'value': '30018301047'}, 'picture': {'large': 'https://randomuser.me/api/portraits/women/53.jpg', 'medium': 'https://randomuser.me/api/portraits/med/women/53.jpg', 'thumbnail': 'https://randomuser.me/api/portraits/thumb/women/53.jpg'}, 'nat': 'NO'}], 'info': {'seed': 'ceb8d42dd79a6c0f', 'results': 1, 'page': 1, 'version': '1.4'}}</msg>
<arg>${json_data}</arg>
<doc>Logs the given message with the given level.</doc>
<status status="PASS" start="2024-06-20T09:17:58.757227" elapsed="0.000207"/>
</kw>
<kw name="Dictionary Should Contain Key" owner="Collections">
<arg>${json_data}</arg>
<arg>results</arg>
<doc>Fails if ``key`` is not found from ``dictionary``.</doc>
<status status="PASS" start="2024-06-20T09:17:58.757728" elapsed="0.000164"/>
</kw>
<kw name="Should Not Be Empty" owner="BuiltIn">
<msg time="2024-06-20T09:17:58.758199" level="INFO">Length is 2.</msg>
<arg>${json_data}</arg>
<doc>Verifies that the given item is not empty.</doc>
<status status="PASS" start="2024-06-20T09:17:58.758074" elapsed="0.000166"/>
</kw>
<kw name="Create List" owner="BuiltIn">
<msg time="2024-06-20T09:17:58.758739" level="INFO">${expected_keys} = ['gender', 'name', 'location', 'email', 'login']</msg>
<var>${expected_keys}</var>
<arg>gender</arg>
<arg>name</arg>
<arg>location</arg>
<arg>email</arg>
<arg>login</arg>
<doc>Returns a list containing given items.</doc>
<status status="PASS" start="2024-06-20T09:17:58.758576" elapsed="0.000186"/>
</kw>
<for flavor="IN">
<iter>
<kw name="Dictionary Should Contain Key" owner="Collections">
<arg>${json_data['results'][0]}</arg>
<arg>${key}</arg>
<doc>Fails if ``key`` is not found from ``dictionary``.</doc>
<status status="PASS" start="2024-06-20T09:17:58.759514" elapsed="0.000400"/>
</kw>
<kw name="Log" owner="BuiltIn">
<msg time="2024-06-20T09:17:58.760454" level="INFO">{'gender': 'female', 'name': {'title': 'Ms', 'first': 'Karine', 'last': 'Totland'}, 'location': {'street': {'number': 9109, 'name': 'Rabakken'}, 'city': 'Aukra', 'state': 'Rogaland', 'country': 'Norway', 'postcode': '4974', 'coordinates': {'latitude': '45.8299', 'longitude': '70.2198'}, 'timezone': {'offset': '-12:00', 'description': 'Eniwetok, Kwajalein'}}, 'email': 'karine.totland@example.com', 'login': {'uuid': '7eb0ea0a-54b4-4d14-83a2-b6a68246ac95', 'username': 'blackostrich439', 'password': 'ozzy', 'salt': 'pRqZerIn', 'md5': 'beb6415caa55caf91cb162f1f9a6bc71', 'sha1': '033b4ff6e5bd3b8e0160a2e85c4c62da43956803', 'sha256': 'e8b477d6eb5e0ce87831aa7fcfecf2e0aec8c8333b209dad113d398b204c6955'}, 'dob': {'date': '1983-01-30T05:00:43.653Z', 'age': 41}, 'registered': {'date': '2010-07-05T15:32:31.974Z', 'age': 13}, 'phone': '23368538', 'cell': '48801165', 'id': {'name': 'FN', 'value': '30018301047'}, 'picture': {'large': 'https://randomuser.me/api/portraits/women/53.jpg', 'medium': 'https://randomuser.me/api/portraits/med/women/53.jpg', 'thumbnail': 'https://randomuser.me/api/portraits/thumb/women/53.jpg'}, 'nat': 'NO'}</msg>
<arg>${json_data['results'][0]}</arg>
<doc>Logs the given message with the given level.</doc>
<status status="PASS" start="2024-06-20T09:17:58.760096" elapsed="0.000404"/>
</kw>
<kw name="Log" owner="BuiltIn">
<msg time="2024-06-20T09:17:58.760934" level="INFO">gender</msg>
<arg>${key}</arg>
<doc>Logs the given message with the given level.</doc>
<status status="PASS" start="2024-06-20T09:17:58.760798" elapsed="0.000173"/>
</kw>
<var name="${key}">gender</var>
<status status="PASS" start="2024-06-20T09:17:58.759386" elapsed="0.001796"/>
</iter>
<iter>
<kw name="Dictionary Should Contain Key" owner="Collections">
<arg>${json_data['results'][0]}</arg>
<arg>${key}</arg>
<doc>Fails if ``key`` is not found from ``dictionary``.</doc>
<status status="PASS" start="2024-06-20T09:17:58.761475" elapsed="0.000404"/>
</kw>
<kw name="Log" owner="BuiltIn">
<msg time="2024-06-20T09:17:58.762414" level="INFO">{'gender': 'female', 'name': {'title': 'Ms', 'first': 'Karine', 'last': 'Totland'}, 'location': {'street': {'number': 9109, 'name': 'Rabakken'}, 'city': 'Aukra', 'state': 'Rogaland', 'country': 'Norway', 'postcode': '4974', 'coordinates': {'latitude': '45.8299', 'longitude': '70.2198'}, 'timezone': {'offset': '-12:00', 'description': 'Eniwetok, Kwajalein'}}, 'email': 'karine.totland@example.com', 'login': {'uuid': '7eb0ea0a-54b4-4d14-83a2-b6a68246ac95', 'username': 'blackostrich439', 'password': 'ozzy', 'salt': 'pRqZerIn', 'md5': 'beb6415caa55caf91cb162f1f9a6bc71', 'sha1': '033b4ff6e5bd3b8e0160a2e85c4c62da43956803', 'sha256': 'e8b477d6eb5e0ce87831aa7fcfecf2e0aec8c8333b209dad113d398b204c6955'}, 'dob': {'date': '1983-01-30T05:00:43.653Z', 'age': 41}, 'registered': {'date': '2010-07-05T15:32:31.974Z', 'age': 13}, 'phone': '23368538', 'cell': '48801165', 'id': {'name': 'FN', 'value': '30018301047'}, 'picture': {'large': 'https://randomuser.me/api/portraits/women/53.jpg', 'medium': 'https://randomuser.me/api/portraits/med/women/53.jpg', 'thumbnail': 'https://randomuser.me/api/portraits/thumb/women/53.jpg'}, 'nat': 'NO'}</msg>
<arg>${json_data['results'][0]}</arg>
<doc>Logs the given message with the given level.</doc>
<status status="PASS" start="2024-06-20T09:17:58.762063" elapsed="0.000467"/>
</kw>
<kw name="Log" owner="BuiltIn">
<msg time="2024-06-20T09:17:58.762962" level="INFO">name</msg>
<arg>${key}</arg>
<doc>Logs the given message with the given level.</doc>
<status status="PASS" start="2024-06-20T09:17:58.762832" elapsed="0.000167"/>
</kw>
<var name="${key}">name</var>
<status status="PASS" start="2024-06-20T09:17:58.761363" elapsed="0.001851"/>
</iter>
<iter>
<kw name="Dictionary Should Contain Key" owner="Collections">
<arg>${json_data['results'][0]}</arg>
<arg>${key}</arg>
<doc>Fails if ``key`` is not found from ``dictionary``.</doc>
<status status="PASS" start="2024-06-20T09:17:58.763495" elapsed="0.000385"/>
</kw>
<kw name="Log" owner="BuiltIn">
<msg time="2024-06-20T09:17:58.764486" level="INFO">{'gender': 'female', 'name': {'title': 'Ms', 'first': 'Karine', 'last': 'Totland'}, 'location': {'street': {'number': 9109, 'name': 'Rabakken'}, 'city': 'Aukra', 'state': 'Rogaland', 'country': 'Norway', 'postcode': '4974', 'coordinates': {'latitude': '45.8299', 'longitude': '70.2198'}, 'timezone': {'offset': '-12:00', 'description': 'Eniwetok, Kwajalein'}}, 'email': 'karine.totland@example.com', 'login': {'uuid': '7eb0ea0a-54b4-4d14-83a2-b6a68246ac95', 'username': 'blackostrich439', 'password': 'ozzy', 'salt': 'pRqZerIn', 'md5': 'beb6415caa55caf91cb162f1f9a6bc71', 'sha1': '033b4ff6e5bd3b8e0160a2e85c4c62da43956803', 'sha256': 'e8b477d6eb5e0ce87831aa7fcfecf2e0aec8c8333b209dad113d398b204c6955'}, 'dob': {'date': '1983-01-30T05:00:43.653Z', 'age': 41}, 'registered': {'date': '2010-07-05T15:32:31.974Z', 'age': 13}, 'phone': '23368538', 'cell': '48801165', 'id': {'name': 'FN', 'value': '30018301047'}, 'picture': {'large': 'https://randomuser.me/api/portraits/women/53.jpg', 'medium': 'https://randomuser.me/api/portraits/med/women/53.jpg', 'thumbnail': 'https://randomuser.me/api/portraits/thumb/women/53.jpg'}, 'nat': 'NO'}</msg>
<arg>${json_data['results'][0]}</arg>
<doc>Logs the given message with the given level.</doc>
<status status="PASS" start="2024-06-20T09:17:58.764128" elapsed="0.000405"/>
</kw>
<kw name="Log" owner="BuiltIn">
<msg time="2024-06-20T09:17:58.764949" level="INFO">location</msg>
<arg>${key}</arg>
<doc>Logs the given message with the given level.</doc>
<status status="PASS" start="2024-06-20T09:17:58.764824" elapsed="0.000162"/>
</kw>
<var name="${key}">location</var>
<status status="PASS" start="2024-06-20T09:17:58.763386" elapsed="0.001814"/>
</iter>
<iter>
<kw name="Dictionary Should Contain Key" owner="Collections">
<arg>${json_data['results'][0]}</arg>
<arg>${key}</arg>
<doc>Fails if ``key`` is not found from ``dictionary``.</doc>
<status status="PASS" start="2024-06-20T09:17:58.765475" elapsed="0.000373"/>
</kw>
<kw name="Log" owner="BuiltIn">
<msg time="2024-06-20T09:17:58.766391" level="INFO">{'gender': 'female', 'name': {'title': 'Ms', 'first': 'Karine', 'last': 'Totland'}, 'location': {'street': {'number': 9109, 'name': 'Rabakken'}, 'city': 'Aukra', 'state': 'Rogaland', 'country': 'Norway', 'postcode': '4974', 'coordinates': {'latitude': '45.8299', 'longitude': '70.2198'}, 'timezone': {'offset': '-12:00', 'description': 'Eniwetok, Kwajalein'}}, 'email': 'karine.totland@example.com', 'login': {'uuid': '7eb0ea0a-54b4-4d14-83a2-b6a68246ac95', 'username': 'blackostrich439', 'password': 'ozzy', 'salt': 'pRqZerIn', 'md5': 'beb6415caa55caf91cb162f1f9a6bc71', 'sha1': '033b4ff6e5bd3b8e0160a2e85c4c62da43956803', 'sha256': 'e8b477d6eb5e0ce87831aa7fcfecf2e0aec8c8333b209dad113d398b204c6955'}, 'dob': {'date': '1983-01-30T05:00:43.653Z', 'age': 41}, 'registered': {'date': '2010-07-05T15:32:31.974Z', 'age': 13}, 'phone': '23368538', 'cell': '48801165', 'id': {'name': 'FN', 'value': '30018301047'}, 'picture': {'large': 'https://randomuser.me/api/portraits/women/53.jpg', 'medium': 'https://randomuser.me/api/portraits/med/women/53.jpg', 'thumbnail': 'https://randomuser.me/api/portraits/thumb/women/53.jpg'}, 'nat': 'NO'}</msg>
<arg>${json_data['results'][0]}</arg>
<doc>Logs the given message with the given level.</doc>
<status status="PASS" start="2024-06-20T09:17:58.766033" elapsed="0.000406"/>
</kw>
<kw name="Log" owner="BuiltIn">
<msg time="2024-06-20T09:17:58.766887" level="INFO">email</msg>
<arg>${key}</arg>
<doc>Logs the given message with the given level.</doc>
<status status="PASS" start="2024-06-20T09:17:58.766763" elapsed="0.000161"/>
</kw>
<var name="${key}">email</var>
<status status="PASS" start="2024-06-20T09:17:58.765369" elapsed="0.001766"/>
</iter>
<iter>
<kw name="Dictionary Should Contain Key" owner="Collections">
<arg>${json_data['results'][0]}</arg>
<arg>${key}</arg>
<doc>Fails if ``key`` is not found from ``dictionary``.</doc>
<status status="PASS" start="2024-06-20T09:17:58.767410" elapsed="0.000383"/>
</kw>
<kw name="Log" owner="BuiltIn">
<msg time="2024-06-20T09:17:58.768313" level="INFO">{'gender': 'female', 'name': {'title': 'Ms', 'first': 'Karine', 'last': 'Totland'}, 'location': {'street': {'number': 9109, 'name': 'Rabakken'}, 'city': 'Aukra', 'state': 'Rogaland', 'country': 'Norway', 'postcode': '4974', 'coordinates': {'latitude': '45.8299', 'longitude': '70.2198'}, 'timezone': {'offset': '-12:00', 'description': 'Eniwetok, Kwajalein'}}, 'email': 'karine.totland@example.com', 'login': {'uuid': '7eb0ea0a-54b4-4d14-83a2-b6a68246ac95', 'username': 'blackostrich439', 'password': 'ozzy', 'salt': 'pRqZerIn', 'md5': 'beb6415caa55caf91cb162f1f9a6bc71', 'sha1': '033b4ff6e5bd3b8e0160a2e85c4c62da43956803', 'sha256': 'e8b477d6eb5e0ce87831aa7fcfecf2e0aec8c8333b209dad113d398b204c6955'}, 'dob': {'date': '1983-01-30T05:00:43.653Z', 'age': 41}, 'registered': {'date': '2010-07-05T15:32:31.974Z', 'age': 13}, 'phone': '23368538', 'cell': '48801165', 'id': {'name': 'FN', 'value': '30018301047'}, 'picture': {'large': 'https://randomuser.me/api/portraits/women/53.jpg', 'medium': 'https://randomuser.me/api/portraits/med/women/53.jpg', 'thumbnail': 'https://randomuser.me/api/portraits/thumb/women/53.jpg'}, 'nat': 'NO'}</msg>
<arg>${json_data['results'][0]}</arg>
<doc>Logs the given message with the given level.</doc>
<status status="PASS" start="2024-06-20T09:17:58.767970" elapsed="0.000398"/>
</kw>
<kw name="Log" owner="BuiltIn">
<msg time="2024-06-20T09:17:58.768791" level="INFO">login</msg>
<arg>${key}</arg>
<doc>Logs the given message with the given level.</doc>
<status status="PASS" start="2024-06-20T09:17:58.768661" elapsed="0.000167"/>
</kw>
<var name="${key}">login</var>
<status status="PASS" start="2024-06-20T09:17:58.767303" elapsed="0.001745"/>
</iter>
<var>${key}</var>
<value>@{expected_keys}</value>
<status status="PASS" start="2024-06-20T09:17:58.759191" elapsed="0.009975"/>
</for>
<kw name="Create List" owner="BuiltIn">
<msg time="2024-06-20T09:17:58.769485" level="INFO">${expected_keysTwo} = ['username', 'password']</msg>
<var>${expected_keysTwo}</var>
<arg>username</arg>
<arg>password</arg>
<doc>Returns a list containing given items.</doc>
<status status="PASS" start="2024-06-20T09:17:58.769350" elapsed="0.000159"/>
</kw>
<for flavor="IN">
<iter>
<kw name="Dictionary Should Contain Key" owner="Collections">
<arg>${json_data['results'][0]['login']}</arg>
<arg>${keyTwo}</arg>
<doc>Fails if ``key`` is not found from ``dictionary``.</doc>
<status status="PASS" start="2024-06-20T09:17:58.770071" elapsed="0.000393"/>
</kw>
<kw name="Dictionary Should Contain Key" owner="Collections">
<arg>${json_data['results'][0]['login']}</arg>
<arg>${keyTwo}</arg>
<doc>Fails if ``key`` is not found from ``dictionary``.</doc>
<status status="PASS" start="2024-06-20T09:17:58.770671" elapsed="0.000375"/>
</kw>
<kw name="Log" owner="BuiltIn">
<msg time="2024-06-20T09:17:58.771344" level="INFO">username</msg>
<arg>${keyTwo}</arg>
<doc>Logs the given message with the given level.</doc>
<status status="PASS" start="2024-06-20T09:17:58.771223" elapsed="0.000158"/>
</kw>
<var name="${keyTwo}">username</var>
<status status="PASS" start="2024-06-20T09:17:58.769948" elapsed="0.001651"/>
</iter>
<iter>
<kw name="Dictionary Should Contain Key" owner="Collections">
<arg>${json_data['results'][0]['login']}</arg>
<arg>${keyTwo}</arg>
<doc>Fails if ``key`` is not found from ``dictionary``.</doc>
<status status="PASS" start="2024-06-20T09:17:58.771875" elapsed="0.000387"/>
</kw>
<kw name="Dictionary Should Contain Key" owner="Collections">
<arg>${json_data['results'][0]['login']}</arg>
<arg>${keyTwo}</arg>
<doc>Fails if ``key`` is not found from ``dictionary``.</doc>
<status status="PASS" start="2024-06-20T09:17:58.772439" elapsed="0.000375"/>
</kw>
<kw name="Log" owner="BuiltIn">
<msg time="2024-06-20T09:17:58.773117" level="INFO">password</msg>
<arg>${keyTwo}</arg>
<doc>Logs the given message with the given level.</doc>
<status status="PASS" start="2024-06-20T09:17:58.772994" elapsed="0.000161"/>
</kw>
<var name="${keyTwo}">password</var>
<status status="PASS" start="2024-06-20T09:17:58.771769" elapsed="0.001603"/>
</iter>
<var>${keyTwo}</var>
<value>@{expected_keysTwo}</value>
<status status="PASS" start="2024-06-20T09:17:58.769794" elapsed="0.003697"/>
</for>
<status status="PASS" start="2024-06-20T09:17:58.337689" elapsed="0.435942"/>
</kw>
<doc>Testa a estrutura da resposta da API.</doc>
<tag>testeEstruturaResposta</tag>
<status status="PASS" start="2024-06-20T09:17:58.336930" elapsed="0.436854"/>
</test>
<test id="s1-s1-t4" name="Validar tipos de dados" line="28">
<kw name="Teste de Tipos de Dados" owner="random-user-service">
<kw name="GET On Session" owner="RequestsLibrary">
<msg time="2024-06-20T09:17:59.074388" level="INFO">GET Request : url=https://randomuser.me/api 
 path_url=/api 
 headers={'User-Agent': 'python-requests/2.32.3', 'Accept-Encoding': 'gzip, deflate', 'Accept': '*/*', 'Connection': 'keep-alive'} 
 body=None 
 </msg>
<msg time="2024-06-20T09:17:59.074519" level="INFO">GET Response : url=https://randomuser.me/api 
 status=200, reason=OK 
 headers={'Date': 'Thu, 20 Jun 2024 09:17:59 GMT', 'Content-Type': 'application/json; charset=utf-8', 'Transfer-Encoding': 'chunked', 'Connection': 'keep-alive', 'X-Powered-By': 'Express', 'Access-Control-Allow-Origin': '*', 'Cache-Control': 'no-cache', 'ETag': 'W/"49f-nhkMyJ4jUqne8R5OhKzGnceASJM"', 'Vary': 'Accept-Encoding', 'Content-Encoding': 'gzip', 'CF-Cache-Status': 'DYNAMIC', 'Report-To': '{"endpoints":[{"url":"https:\\/\\/a.nel.cloudflare.com\\/report\\/v4?s=IJsReHaIo0UlQPGTeZz5fifOYX5lmEqT1npcL70bTBAL0y6BXrUvDsSEOjajLSPsvdHup2yhDsJWGBaDtPWdr2MEBMhEf2AYuHFYcDRt1kLgeoSG6Obekt3shkxqYmjD"}],"group":"cf-nel","max_age":604800}', 'NEL': '{"success_fraction":0,"report_to":"cf-nel","max_age":604800}', 'Server': 'cloudflare', 'CF-RAY': '896aab3a595e828d-IAD', 'alt-svc': 'h3=":443"; ma=86400'} 
 body={"results":[{"gender":"female","name":{"title":"Mrs","first":"Noelia","last":"Molina"},"location":{"street":{"number":2950,"name":"Avenida de Castilla"},"city":"Alcobendas","state":"Asturias","country":"Spain","postcode":39328,"coordinates":{"latitude":"-36.4375","longitude":"29.9757"},"timezone":{"offset":"0:00","description":"Western Europe Time, London, Lisbon, Casablanca"}},"email":"noelia.molina@example.com","login":{"uuid":"b9974101-5801-4b64-b411-254277aa1db3","username":"bigcat431","password":"aurora","salt":"GdhSArTp","md5":"77e6e18af5a97d8d2fa5f7389bb25f46","sha1":"800064a46eb3b070413047a4c43579359e8beca6","sha256":"5e14da76be8bfc135114cdeb69cc24606c690227ac1bfef03818bba5e2be961f"},"dob":{"date":"1959-04-25T23:41:28.209Z","age":65},"registered":{"date":"2004-10-23T09:20:02.346Z","age":19},"phone":"946-608-622","cell":"699-622-314","id":{"name":"DNI","value":"22415270-X"},"picture":{"large":"https://randomuser.me/api/portraits/women/46.jpg","medium":"https://randomuser.me/api/portraits/med/women/46.jpg","thumbnail":"https://randomuser.me/api/portraits/thumb/women/46.jpg"},"nat":"ES"}],"info":{"seed":"13cb201a03187a7e","results":1,"page":1,"version":"1.4"}} 
 </msg>
<msg time="2024-06-20T09:17:59.074596" level="INFO">/opt/hostedtoolcache/Python/3.12.4/x64/lib/python3.12/site-packages/urllib3/connectionpool.py:1099: InsecureRequestWarning: Unverified HTTPS request is being made to host 'randomuser.me'. Adding certificate verification is strongly advised. See: https://urllib3.readthedocs.io/en/latest/advanced-usage.html#tls-warnings
  warnings.warn(</msg>
<msg time="2024-06-20T09:17:59.074735" level="INFO">${response} = &lt;Response [200]&gt;</msg>
<var>${response}</var>
<arg>consultarAPI</arg>
<arg>/api</arg>
<doc>Sends a GET request on a previously created HTTP Session.</doc>
<status status="PASS" start="2024-06-20T09:17:58.776457" elapsed="0.298320"/>
</kw>
<kw name="Set Variable" owner="BuiltIn">
<msg time="2024-06-20T09:17:59.075806" level="INFO">${json_data} = {'results': [{'gender': 'female', 'name': {'title': 'Mrs', 'first': 'Noelia', 'last': 'Molina'}, 'location': {'street': {'number': 2950, 'name': 'Avenida de Castilla'}, 'city': 'Alcobendas', 'state': ...</msg>
<var>${json_data}</var>
<arg>${response.json()}</arg>
<doc>Returns the given values which can then be assigned to a variables.</doc>
<status status="PASS" start="2024-06-20T09:17:59.075289" elapsed="0.000544"/>
</kw>
<kw name="Log" owner="BuiltIn">
<msg time="2024-06-20T09:17:59.076299" level="INFO">{'results': [{'gender': 'female', 'name': {'title': 'Mrs', 'first': 'Noelia', 'last': 'Molina'}, 'location': {'street': {'number': 2950, 'name': 'Avenida de Castilla'}, 'city': 'Alcobendas', 'state': 'Asturias', 'country': 'Spain', 'postcode': 39328, 'coordinates': {'latitude': '-36.4375', 'longitude': '29.9757'}, 'timezone': {'offset': '0:00', 'description': 'Western Europe Time, London, Lisbon, Casablanca'}}, 'email': 'noelia.molina@example.com', 'login': {'uuid': 'b9974101-5801-4b64-b411-254277aa1db3', 'username': 'bigcat431', 'password': 'aurora', 'salt': 'GdhSArTp', 'md5': '77e6e18af5a97d8d2fa5f7389bb25f46', 'sha1': '800064a46eb3b070413047a4c43579359e8beca6', 'sha256': '5e14da76be8bfc135114cdeb69cc24606c690227ac1bfef03818bba5e2be961f'}, 'dob': {'date': '1959-04-25T23:41:28.209Z', 'age': 65}, 'registered': {'date': '2004-10-23T09:20:02.346Z', 'age': 19}, 'phone': '946-608-622', 'cell': '699-622-314', 'id': {'name': 'DNI', 'value': '22415270-X'}, 'picture': {'large': 'https://randomuser.me/api/portraits/women/46.jpg', 'medium': 'https://randomuser.me/api/portraits/med/women/46.jpg', 'thumbnail': 'https://randomuser.me/api/portraits/thumb/women/46.jpg'}, 'nat': 'ES'}], 'info': {'seed': '13cb201a03187a7e', 'results': 1, 'page': 1, 'version': '1.4'}}</msg>
<arg>${json_data}</arg>
<doc>Logs the given message with the given level.</doc>
<status status="PASS" start="2024-06-20T09:17:59.076140" elapsed="0.000206"/>
</kw>
<kw name="Should Be String" owner="String">
<arg>${json_data['results'][0]['gender']}</arg>
<doc>Fails if the given ``item`` is not a string.</doc>
<status status="PASS" start="2024-06-20T09:17:59.076644" elapsed="0.000371"/>
</kw>
<kw name="Should Match Regexp" owner="BuiltIn">
<arg>${json_data['results'][0]['email']}</arg>
<arg>^[a-zA-Z0-9._%+-]+@[a-zA-Z0-9.-]+\.[a-zA-Z]{2,}$</arg>
<doc>Fails if ``string`` does not match ``pattern`` as a regular expression.</doc>
<status status="PASS" start="2024-06-20T09:17:59.077198" elapsed="0.000512"/>
</kw>
<kw name="Should Match Regexp" owner="BuiltIn">
<arg>${json_data['results'][0]['dob']['date']}</arg>
<arg>\\d{4}-\\d{2}-\\d{2}T\\d{2}:\\d{2}:\\d{2}\\.\\d{3}Z</arg>
<doc>Fails if ``string`` does not match ``pattern`` as a regular expression.</doc>
<status status="PASS" start="2024-06-20T09:17:59.077939" elapsed="0.000485"/>
</kw>
<kw name="Should Match Regexp" owner="BuiltIn">
<arg>${json_data['results'][0]['registered']['date']}</arg>
<arg>\\d{4}-\\d{2}-\\d{2}T\\d{2}:\\d{2}:\\d{2}\\.\\d{3}Z</arg>
<doc>Fails if ``string`` does not match ``pattern`` as a regular expression.</doc>
<status status="PASS" start="2024-06-20T09:17:59.078662" elapsed="0.000377"/>
</kw>
<kw name="Should Match Regexp" owner="BuiltIn">
<arg>${json_data['results'][0]['picture']['large']}</arg>
<arg>^https?://.*\.(?:png|jpe?g|gif|bmp)$</arg>
<doc>Fails if ``string`` does not match ``pattern`` as a regular expression.</doc>
<status status="PASS" start="2024-06-20T09:17:59.079224" elapsed="0.000455"/>
</kw>
<kw name="Should Match Regexp" owner="BuiltIn">
<arg>${json_data['results'][0]['picture']['medium']}</arg>
<arg>^https?://.*\.(?:png|jpe?g|gif|bmp)$</arg>
<doc>Fails if ``string`` does not match ``pattern`` as a regular expression.</doc>
<status status="PASS" start="2024-06-20T09:17:59.079864" elapsed="0.000347"/>
</kw>
<kw name="Should Match Regexp" owner="BuiltIn">
<arg>${json_data['results'][0]['picture']['thumbnail']}</arg>
<arg>^https?://.*\.(?:png|jpe?g|gif|bmp)$</arg>
<doc>Fails if ``string`` does not match ``pattern`` as a regular expression.</doc>
<status status="PASS" start="2024-06-20T09:17:59.080390" elapsed="0.000350"/>
</kw>
<kw name="Log" owner="BuiltIn">
<msg time="2024-06-20T09:17:59.081246" level="INFO">{'large': 'https://randomuser.me/api/portraits/women/46.jpg', 'medium': 'https://randomuser.me/api/portraits/med/women/46.jpg', 'thumbnail': 'https://randomuser.me/api/portraits/thumb/women/46.jpg'}</msg>
<arg>${json_data['results'][0]['picture']}</arg>
<doc>Logs the given message with the given level.</doc>
<status status="PASS" start="2024-06-20T09:17:59.080922" elapsed="0.000365"/>
</kw>
<status status="PASS" start="2024-06-20T09:17:58.776232" elapsed="0.305312"/>
</kw>
<kw name="Teste de Tipos de Dados - Postcode" owner="random-user-service">
<kw name="GET On Session" owner="RequestsLibrary">
<msg time="2024-06-20T09:17:59.247426" level="INFO">GET Request : url=https://randomuser.me/api 
 path_url=/api 
 headers={'User-Agent': 'python-requests/2.32.3', 'Accept-Encoding': 'gzip, deflate', 'Accept': '*/*', 'Connection': 'keep-alive'} 
 body=None 
 </msg>
<msg time="2024-06-20T09:17:59.247529" level="INFO">GET Response : url=https://randomuser.me/api 
 status=200, reason=OK 
 headers={'Date': 'Thu, 20 Jun 2024 09:17:59 GMT', 'Content-Type': 'application/json; charset=utf-8', 'Transfer-Encoding': 'chunked', 'Connection': 'keep-alive', 'X-Powered-By': 'Express', 'Access-Control-Allow-Origin': '*', 'Cache-Control': 'no-cache', 'ETag': 'W/"48a-lYl5qjrMFgAXsJTe9pJ5+Ayuxvw"', 'Vary': 'Accept-Encoding', 'Content-Encoding': 'gzip', 'CF-Cache-Status': 'DYNAMIC', 'Report-To': '{"endpoints":[{"url":"https:\\/\\/a.nel.cloudflare.com\\/report\\/v4?s=T7DLiVvirwrDw3%2By6pjF2pEhF7fMCucEW4r%2BcufM2qPa3uvchMTazsv%2BjuTU1R938M%2BkrCkRdy3wK72gbSutwIIbPqVBV03j4a6w025KHssgK6Z2SpVCSujhx09XDSar"}],"group":"cf-nel","max_age":604800}', 'NEL': '{"success_fraction":0,"report_to":"cf-nel","max_age":604800}', 'Server': 'cloudflare', 'CF-RAY': '896aab3c4b1d828d-IAD', 'alt-svc': 'h3=":443"; ma=86400'} 
 body={"results":[{"gender":"female","name":{"title":"Ms","first":"Andrea","last":"Larsen"},"location":{"street":{"number":9003,"name":"H.C. Lumbyes Vej"},"city":"Beder","state":"Midtjylland","country":"Denmark","postcode":28124,"coordinates":{"latitude":"-42.9556","longitude":"95.2420"},"timezone":{"offset":"-3:00","description":"Brazil, Buenos Aires, Georgetown"}},"email":"andrea.larsen@example.com","login":{"uuid":"16d5e417-392a-411c-a672-a138ca42cda0","username":"bigmouse197","password":"jenjen","salt":"LjOegXyA","md5":"ab2e92518f4305b58cc80b06289d4c8f","sha1":"f8d59adff99439e09899ed4e7411d8cc2c374948","sha256":"5aa51f9a2a2bace4fa37611ffeccd65907a8c7d7758403cbed2ecd7fbe738436"},"dob":{"date":"1958-01-21T04:33:48.166Z","age":66},"registered":{"date":"2012-06-04T10:37:10.812Z","age":12},"phone":"63178607","cell":"47780236","id":{"name":"CPR","value":"200158-4473"},"picture":{"large":"https://randomuser.me/api/portraits/women/73.jpg","medium":"https://randomuser.me/api/portraits/med/women/73.jpg","thumbnail":"https://randomuser.me/api/portraits/thumb/women/73.jpg"},"nat":"DK"}],"info":{"seed":"314da88586c304d0","results":1,"page":1,"version":"1.4"}} 
 </msg>
<msg time="2024-06-20T09:17:59.247598" level="INFO">/opt/hostedtoolcache/Python/3.12.4/x64/lib/python3.12/site-packages/urllib3/connectionpool.py:1099: InsecureRequestWarning: Unverified HTTPS request is being made to host 'randomuser.me'. Adding certificate verification is strongly advised. See: https://urllib3.readthedocs.io/en/latest/advanced-usage.html#tls-warnings
  warnings.warn(</msg>
<msg time="2024-06-20T09:17:59.247739" level="INFO">${response} = &lt;Response [200]&gt;</msg>
<var>${response}</var>
<arg>consultarAPI</arg>
<arg>/api</arg>
<doc>Sends a GET request on a previously created HTTP Session.</doc>
<status status="PASS" start="2024-06-20T09:17:59.081994" elapsed="0.165789"/>
</kw>
<kw name="Set Variable" owner="BuiltIn">
<msg time="2024-06-20T09:17:59.248753" level="INFO">${json_data} = {'results': [{'gender': 'female', 'name': {'title': 'Ms', 'first': 'Andrea', 'last': 'Larsen'}, 'location': {'street': {'number': 9003, 'name': 'H.C. Lumbyes Vej'}, 'city': 'Beder', 'state': 'Midtjyll...</msg>
<var>${json_data}</var>
<arg>${response.json()}</arg>
<doc>Returns the given values which can then be assigned to a variables.</doc>
<status status="PASS" start="2024-06-20T09:17:59.248253" elapsed="0.000528"/>
</kw>
<kw name="Log" owner="BuiltIn">
<msg time="2024-06-20T09:17:59.249230" level="INFO">{'results': [{'gender': 'female', 'name': {'title': 'Ms', 'first': 'Andrea', 'last': 'Larsen'}, 'location': {'street': {'number': 9003, 'name': 'H.C. Lumbyes Vej'}, 'city': 'Beder', 'state': 'Midtjylland', 'country': 'Denmark', 'postcode': 28124, 'coordinates': {'latitude': '-42.9556', 'longitude': '95.2420'}, 'timezone': {'offset': '-3:00', 'description': 'Brazil, Buenos Aires, Georgetown'}}, 'email': 'andrea.larsen@example.com', 'login': {'uuid': '16d5e417-392a-411c-a672-a138ca42cda0', 'username': 'bigmouse197', 'password': 'jenjen', 'salt': 'LjOegXyA', 'md5': 'ab2e92518f4305b58cc80b06289d4c8f', 'sha1': 'f8d59adff99439e09899ed4e7411d8cc2c374948', 'sha256': '5aa51f9a2a2bace4fa37611ffeccd65907a8c7d7758403cbed2ecd7fbe738436'}, 'dob': {'date': '1958-01-21T04:33:48.166Z', 'age': 66}, 'registered': {'date': '2012-06-04T10:37:10.812Z', 'age': 12}, 'phone': '63178607', 'cell': '47780236', 'id': {'name': 'CPR', 'value': '200158-4473'}, 'picture': {'large': 'https://randomuser.me/api/portraits/women/73.jpg', 'medium': 'https://randomuser.me/api/portraits/med/women/73.jpg', 'thumbnail': 'https://randomuser.me/api/portraits/thumb/women/73.jpg'}, 'nat': 'DK'}], 'info': {'seed': '314da88586c304d0', 'results': 1, 'page': 1, 'version': '1.4'}}</msg>
<arg>${json_data}</arg>
<doc>Logs the given message with the given level.</doc>
<status status="PASS" start="2024-06-20T09:17:59.249079" elapsed="0.000197"/>
</kw>
<kw name="Should Be Equal As Numbers" owner="BuiltIn">
<arg>${json_data['results'][0]['location']['postcode']}</arg>
<arg>${json_data['results'][0]['location']['postcode']}</arg>
<doc>Fails if objects are unequal after converting them to real numbers.</doc>
<status status="PASS" start="2024-06-20T09:17:59.249568" elapsed="0.000609"/>
</kw>
<kw name="Log" owner="BuiltIn">
<msg time="2024-06-20T09:17:59.250752" level="INFO">28124</msg>
<arg>${json_data['results'][0]['location']['postcode']}</arg>
<doc>Logs the given message with the given level.</doc>
<status status="PASS" start="2024-06-20T09:17:59.250366" elapsed="0.000427"/>
</kw>
<status status="PASS" start="2024-06-20T09:17:59.081771" elapsed="0.169307"/>
</kw>
<doc>Testa se os tipos de dados na resposta da API estão corretos.</doc>
<tag>testeTiposDados</tag>
<status status="PASS" start="2024-06-20T09:17:58.775575" elapsed="0.475673"/>
</test>
<test id="s1-s1-t5" name="Validar conteudo" line="35">
<kw name="Teste de Tipos de Conteudo" owner="random-user-service">
<kw name="GET On Session" owner="RequestsLibrary">
<msg time="2024-06-20T09:17:59.379834" level="INFO">GET Request : url=https://randomuser.me/api 
 path_url=/api 
 headers={'User-Agent': 'python-requests/2.32.3', 'Accept-Encoding': 'gzip, deflate', 'Accept': '*/*', 'Connection': 'keep-alive'} 
 body=None 
 </msg>
<msg time="2024-06-20T09:17:59.379918" level="INFO">GET Response : url=https://randomuser.me/api 
 status=200, reason=OK 
 headers={'Date': 'Thu, 20 Jun 2024 09:17:59 GMT', 'Content-Type': 'application/json; charset=utf-8', 'Transfer-Encoding': 'chunked', 'Connection': 'keep-alive', 'X-Powered-By': 'Express', 'Access-Control-Allow-Origin': '*', 'Cache-Control': 'no-cache', 'ETag': 'W/"4b0-SePFkc2rAt0avILPOXGUmokt+rE"', 'Vary': 'Accept-Encoding', 'Content-Encoding': 'gzip', 'CF-Cache-Status': 'DYNAMIC', 'Report-To': '{"endpoints":[{"url":"https:\\/\\/a.nel.cloudflare.com\\/report\\/v4?s=yFDZHQCHUJsUk2pnl0xj8YXyiIitTZI1INzAuF%2FTt3%2BgKum3hEVLruOTJZKJ8cEFu3vZruf%2BAO1cLGKVtJrJH2QA5OuXzvQbILzxgucnzEm6o9Hi0%2FnIqoAomRXYV9fq"}],"group":"cf-nel","max_age":604800}', 'NEL': '{"success_fraction":0,"report_to":"cf-nel","max_age":604800}', 'Server': 'cloudflare', 'CF-RAY': '896aab3d5c4d828d-IAD', 'alt-svc': 'h3=":443"; ma=86400'} 
 body={"results":[{"gender":"female","name":{"title":"Miss","first":"Estela","last":"Fonseca"},"location":{"street":{"number":4594,"name":"Periférico Nuevo León"},"city":"Valle Hermoso","state":"Sonora","country":"Mexico","postcode":50029,"coordinates":{"latitude":"24.0470","longitude":"100.4621"},"timezone":{"offset":"+9:00","description":"Tokyo, Seoul, Osaka, Sapporo, Yakutsk"}},"email":"estela.fonseca@example.com","login":{"uuid":"551e7cfc-7875-47a0-9e37-f4046695cc97","username":"heavyzebra373","password":"cartman1","salt":"GDwDOcv4","md5":"921620d9de8ff1896b6c1b6b0fe01124","sha1":"c26f5602b4bba7f509ec2ca8dfb4b373b5f61ad8","sha256":"9cc7247266a00397c5752414556ee564581ed24b9bc3095a73b99aeeda333453"},"dob":{"date":"1946-06-05T13:05:25.238Z","age":78},"registered":{"date":"2007-11-05T11:23:33.619Z","age":16},"phone":"(645) 377 6407","cell":"(627) 703 3724","id":{"name":"NSS","value":"88 25 28 5609 1"},"picture":{"large":"https://randomuser.me/api/portraits/women/41.jpg","medium":"https://randomuser.me/api/portraits/med/women/41.jpg","thumbnail":"https://randomuser.me/api/portraits/thumb/women/41.jpg"},"nat":"MX"}],"info":{"seed":"d389b55844db523a","results":1,"page":1,"version":"1.4"}} 
 </msg>
<msg time="2024-06-20T09:17:59.380001" level="INFO">/opt/hostedtoolcache/Python/3.12.4/x64/lib/python3.12/site-packages/urllib3/connectionpool.py:1099: InsecureRequestWarning: Unverified HTTPS request is being made to host 'randomuser.me'. Adding certificate verification is strongly advised. See: https://urllib3.readthedocs.io/en/latest/advanced-usage.html#tls-warnings
  warnings.warn(</msg>
<msg time="2024-06-20T09:17:59.380131" level="INFO">${response} = &lt;Response [200]&gt;</msg>
<var>${response}</var>
<arg>consultarAPI</arg>
<arg>/api</arg>
<doc>Sends a GET request on a previously created HTTP Session.</doc>
<status status="PASS" start="2024-06-20T09:17:59.254239" elapsed="0.125938"/>
</kw>
<kw name="Set Variable" owner="BuiltIn">
<msg time="2024-06-20T09:17:59.381114" level="INFO">${json_data} = {'results': [{'gender': 'female', 'name': {'title': 'Miss', 'first': 'Estela', 'last': 'Fonseca'}, 'location': {'street': {'number': 4594, 'name': 'Periférico Nuevo León'}, 'city': 'Valle Hermoso', 's...</msg>
<var>${json_data}</var>
<arg>${response.json()}</arg>
<doc>Returns the given values which can then be assigned to a variables.</doc>
<status status="PASS" start="2024-06-20T09:17:59.380631" elapsed="0.000515"/>
</kw>
<kw name="Set Variable" owner="BuiltIn">
<msg time="2024-06-20T09:17:59.381826" level="INFO">${name_title} = Miss</msg>
<var>${name_title}</var>
<arg>${json_data["results"][0]["name"]["title"]}</arg>
<doc>Returns the given values which can then be assigned to a variables.</doc>
<status status="PASS" start="2024-06-20T09:17:59.381454" elapsed="0.000397"/>
</kw>
<kw name="Create List" owner="BuiltIn">
<msg time="2024-06-20T09:17:59.382292" level="INFO">${allowed_titles} = ['Mr', 'Ms', 'Miss', 'Mrs', 'Madame', 'Monsieur']</msg>
<var>${allowed_titles}</var>
<arg>Mr</arg>
<arg>Ms</arg>
<arg>Miss</arg>
<arg>Mrs</arg>
<arg>Madame</arg>
<arg>Monsieur</arg>
<doc>Returns a list containing given items.</doc>
<status status="PASS" start="2024-06-20T09:17:59.382144" elapsed="0.000173"/>
</kw>
<kw name="List Should Contain Value" owner="Collections">
<arg>${allowed_titles}</arg>
<arg>${name_title}</arg>
<doc>Fails if the ``value`` is not found from ``list``.</doc>
<status status="PASS" start="2024-06-20T09:17:59.382672" elapsed="0.000180"/>
</kw>
<kw name="Set Variable" owner="BuiltIn">
<msg time="2024-06-20T09:17:59.383394" level="INFO">${name_country} = MX</msg>
<var>${name_country}</var>
<arg>${json_data["results"][0]["nat"]}</arg>
<doc>Returns the given values which can then be assigned to a variables.</doc>
<status status="PASS" start="2024-06-20T09:17:59.383030" elapsed="0.000389"/>
</kw>
<kw name="Create List" owner="BuiltIn">
<msg time="2024-06-20T09:17:59.384305" level="INFO">${list_country} = ['AD', 'AE', 'AF', 'AG', 'AI', 'AL', 'AM', 'AO', 'AQ', 'AR', 'AS', 'AT', 'AU', 'AW', 'AX', 'AZ', 'BA', 'BB', 'BD', 'BE', 'BF', 'BG', 'BH', 'BI', 'BJ', 'BL', 'BM', 'BN', 'BO', 'BQ', 'BR', 'BS', 'BT', '...</msg>
<var>${list_country}</var>
<arg>AD</arg>
<arg>AE</arg>
<arg>AF</arg>
<arg>AG</arg>
<arg>AI</arg>
<arg>AL</arg>
<arg>AM</arg>
<arg>AO</arg>
<arg>AQ</arg>
<arg>AR</arg>
<arg>AS</arg>
<arg>AT</arg>
<arg>AU</arg>
<arg>AW</arg>
<arg>AX</arg>
<arg>AZ</arg>
<arg>BA</arg>
<arg>BB</arg>
<arg>BD</arg>
<arg>BE</arg>
<arg>BF</arg>
<arg>BG</arg>
<arg>BH</arg>
<arg>BI</arg>
<arg>BJ</arg>
<arg>BL</arg>
<arg>BM</arg>
<arg>BN</arg>
<arg>BO</arg>
<arg>BQ</arg>
<arg>BR</arg>
<arg>BS</arg>
<arg>BT</arg>
<arg>BV</arg>
<arg>BW</arg>
<arg>BY</arg>
<arg>BZ</arg>
<arg>CA</arg>
<arg>CC</arg>
<arg>CD</arg>
<arg>CF</arg>
<arg>CG</arg>
<arg>CH</arg>
<arg>CI</arg>
<arg>CK</arg>
<arg>CL</arg>
<arg>CM</arg>
<arg>CN</arg>
<arg>CO</arg>
<arg>CR</arg>
<arg>CU</arg>
<arg>CV</arg>
<arg>CW</arg>
<arg>CX</arg>
<arg>CY</arg>
<arg>CZ</arg>
<arg>DE</arg>
<arg>DJ</arg>
<arg>DK</arg>
<arg>DM</arg>
<arg>DO</arg>
<arg>DZ</arg>
<arg>EC</arg>
<arg>EE</arg>
<arg>EG</arg>
<arg>EH</arg>
<arg>ER</arg>
<arg>ES</arg>
<arg>ET</arg>
<arg>FI</arg>
<arg>FJ</arg>
<arg>FK</arg>
<arg>FM</arg>
<arg>FO</arg>
<arg>FR</arg>
<arg>GA</arg>
<arg>GB</arg>
<arg>GD</arg>
<arg>GE</arg>
<arg>GF</arg>
<arg>GG</arg>
<arg>GH</arg>
<arg>GI</arg>
<arg>GL</arg>
<arg>GM</arg>
<arg>GN</arg>
<arg>GP</arg>
<arg>GQ</arg>
<arg>GR</arg>
<arg>GS</arg>
<arg>GT</arg>
<arg>GU</arg>
<arg>GW</arg>
<arg>GY</arg>
<arg>HK</arg>
<arg>HM</arg>
<arg>HN</arg>
<arg>HR</arg>
<arg>HT</arg>
<arg>HU</arg>
<arg>ID</arg>
<arg>IE</arg>
<arg>IL</arg>
<arg>IM</arg>
<arg>IN</arg>
<arg>IO</arg>
<arg>IQ</arg>
<arg>IR</arg>
<arg>IS</arg>
<arg>IT</arg>
<arg>JE</arg>
<arg>JM</arg>
<arg>JO</arg>
<arg>JP</arg>
<arg>KE</arg>
<arg>KG</arg>
<arg>KH</arg>
<arg>KI</arg>
<arg>KM</arg>
<arg>KN</arg>
<arg>KP</arg>
<arg>KR</arg>
<arg>KW</arg>
<arg>KY</arg>
<arg>KZ</arg>
<arg>LA</arg>
<arg>LB</arg>
<arg>LC</arg>
<arg>LI</arg>
<arg>LK</arg>
<arg>LR</arg>
<arg>LS</arg>
<arg>LT</arg>
<arg>LU</arg>
<arg>LV</arg>
<arg>LY</arg>
<arg>MA</arg>
<arg>MC</arg>
<arg>MD</arg>
<arg>ME</arg>
<arg>MF</arg>
<arg>MG</arg>
<arg>MH</arg>
<arg>MK</arg>
<arg>ML</arg>
<arg>MM</arg>
<arg>MN</arg>
<arg>MO</arg>
<arg>MP</arg>
<arg>MQ</arg>
<arg>MR</arg>
<arg>MS</arg>
<arg>MT</arg>
<arg>MU</arg>
<arg>MV</arg>
<arg>MW</arg>
<arg>MX</arg>
<arg>MY</arg>
<arg>MZ</arg>
<arg>NA</arg>
<arg>NC</arg>
<arg>NE</arg>
<arg>NF</arg>
<arg>NG</arg>
<arg>NI</arg>
<arg>NL</arg>
<arg>NO</arg>
<arg>NP</arg>
<arg>NR</arg>
<arg>NU</arg>
<arg>NZ</arg>
<arg>OM</arg>
<arg>PA</arg>
<arg>PE</arg>
<arg>PF</arg>
<arg>PG</arg>
<arg>PH</arg>
<arg>PK</arg>
<arg>PL</arg>
<arg>PM</arg>
<arg>PN</arg>
<arg>PR</arg>
<arg>PS</arg>
<arg>PT</arg>
<arg>PW</arg>
<arg>PY</arg>
<arg>QA</arg>
<arg>RE</arg>
<arg>RO</arg>
<arg>RS</arg>
<arg>RU</arg>
<arg>RW</arg>
<arg>SA</arg>
<arg>SB</arg>
<arg>SC</arg>
<arg>SD</arg>
<arg>SE</arg>
<arg>SG</arg>
<arg>SH</arg>
<arg>SI</arg>
<arg>SJ</arg>
<arg>SK</arg>
<arg>SL</arg>
<arg>SM</arg>
<arg>SN</arg>
<arg>SO</arg>
<arg>SR</arg>
<arg>SS</arg>
<arg>ST</arg>
<arg>SV</arg>
<arg>SX</arg>
<arg>SY</arg>
<arg>SZ</arg>
<arg>TC</arg>
<arg>TD</arg>
<arg>TF</arg>
<arg>TG</arg>
<arg>TH</arg>
<arg>TJ</arg>
<arg>TK</arg>
<arg>TL</arg>
<arg>TM</arg>
<arg>TN</arg>
<arg>TO</arg>
<arg>TR</arg>
<arg>TT</arg>
<arg>TV</arg>
<arg>TW</arg>
<arg>TZ</arg>
<arg>UA</arg>
<arg>UG</arg>
<arg>UM</arg>
<arg>US</arg>
<arg>UY</arg>
<arg>UZ</arg>
<arg>VA</arg>
<arg>VC</arg>
<arg>VE</arg>
<arg>VG</arg>
<arg>VI</arg>
<arg>VN</arg>
<arg>VU</arg>
<arg>WF</arg>
<arg>WS</arg>
<arg>XK</arg>
<arg>YE</arg>
<arg>YT</arg>
<arg>ZA</arg>
<arg>ZM</arg>
<arg>ZW</arg>
<doc>Returns a list containing given items.</doc>
<status status="PASS" start="2024-06-20T09:17:59.383709" elapsed="0.000620"/>
</kw>
<kw name="List Should Contain Value" owner="Collections">
<arg>${list_country}</arg>
<arg>${name_country}</arg>
<doc>Fails if the ``value`` is not found from ``list``.</doc>
<status status="PASS" start="2024-06-20T09:17:59.385120" elapsed="0.000201"/>
</kw>
<kw name="Run Keyword If" owner="BuiltIn">
<kw name="Should Be True" owner="BuiltIn">
<arg>${True}</arg>
<doc>Fails if the given condition is not true.</doc>
<status status="PASS" start="2024-06-20T09:17:59.386240" elapsed="0.000138"/>
</kw>
<arg>${json_data["results"][0]["location"]["coordinates"]["latitude"]} &gt;= -90 and ${json_data["results"][0]["location"]["coordinates"]["latitude"]} &lt;= 90</arg>
<arg>Should Be True</arg>
<arg>${True}</arg>
<doc>Runs the given keyword with the given arguments, if ``condition`` is true.</doc>
<status status="PASS" start="2024-06-20T09:17:59.385515" elapsed="0.001020"/>
</kw>
<kw name="Run Keyword If" owner="BuiltIn">
<kw name="Should Be True" owner="BuiltIn">
<arg>${True}</arg>
<doc>Fails if the given condition is not true.</doc>
<status status="PASS" start="2024-06-20T09:17:59.387428" elapsed="0.000132"/>
</kw>
<arg>${json_data["results"][0]["location"]["coordinates"]["longitude"]} &gt;= -180 and ${json_data["results"][0]["location"]["coordinates"]["longitude"]} &lt;= 180</arg>
<arg>Should Be True</arg>
<arg>${True}</arg>
<doc>Runs the given keyword with the given arguments, if ``condition`` is true.</doc>
<status status="PASS" start="2024-06-20T09:17:59.386737" elapsed="0.000941"/>
</kw>
<status status="PASS" start="2024-06-20T09:17:59.253645" elapsed="0.134163"/>
</kw>
<doc>Testa o conteúdo específico dos campos retornados pela API.</doc>
<tag>testeConteudo</tag>
<status status="PASS" start="2024-06-20T09:17:59.252987" elapsed="0.134971"/>
</test>
<status status="PASS" start="2024-06-20T09:17:57.460114" elapsed="1.929725"/>
</suite>
<status status="PASS" start="2024-06-20T09:17:57.444935" elapsed="1.950052"/>
</suite>
<statistics>
<total>
<stat pass="5" fail="0" skip="0">All Tests</stat>
</total>
<tag>
<stat pass="1" fail="0" skip="0">testeConteudo</stat>
<stat pass="1" fail="0" skip="0">testeEstruturaResposta</stat>
<stat pass="1" fail="0" skip="0">testeRequisicaoBasica</stat>
<stat pass="1" fail="0" skip="0">testeTiposDados</stat>
</tag>
<suite>
<stat pass="5" fail="0" skip="0" id="s1" name="Tests">Tests</stat>
<stat pass="5" fail="0" skip="0" id="s1-s1" name="Random-User-Test">Tests.Random-User-Test</stat>
</suite>
</statistics>
<errors>
</errors>
</robot>
