<?xml version="1.0" encoding="UTF-8"?>
<robot generator="Robot 7.0.1 (Python 3.12.4 on linux)" generated="2024-06-21T19:11:51.832215" rpa="false" schemaversion="5">
<suite id="s1" name="Tests" source="/home/runner/work/ApiRandomUser/ApiRandomUser/RamdonUser/tests">
<suite id="s1-s1" name="Random-User-Test" source="/home/runner/work/ApiRandomUser/ApiRandomUser/RamdonUser/tests/random-user-test.robot">
<test id="s1-s1-t1" name="Conectar" line="13">
<kw name="Conectar API" owner="random-user-service">
<kw name="Create Session" owner="RequestsLibrary">
<msg time="2024-06-21T19:11:52.251306" level="INFO">Creating Session using : alias=consultarAPI, url=https://randomuser.me/, headers={},                     cookies={}, auth=None, timeout=None, proxies=None, verify=False,                     debug=0 </msg>
<arg>consultarAPI</arg>
<arg>${URL}</arg>
<doc>Create Session: create a HTTP session to a server</doc>
<status status="PASS" start="2024-06-21T19:11:52.251094" elapsed="0.000408"/>
</kw>
<status status="PASS" start="2024-06-21T19:11:52.250096" elapsed="0.001774"/>
</kw>
<status status="PASS" start="2024-06-21T19:11:52.249508" elapsed="0.002557"/>
</test>
<test id="s1-s1-t2" name="Validar retorno 200 e JSON Válido" line="16">
<kw name="Teste de Requisicao Basica" owner="random-user-service">
<kw name="GET On Session" owner="RequestsLibrary">
<msg time="2024-06-21T19:11:52.335226" level="INFO">GET Request : url=https://randomuser.me/api 
 path_url=/api 
 headers={'User-Agent': 'python-requests/2.32.3', 'Accept-Encoding': 'gzip, deflate', 'Accept': '*/*', 'Connection': 'keep-alive'} 
 body=None 
 </msg>
<msg time="2024-06-21T19:11:52.335410" level="INFO">GET Response : url=https://randomuser.me/api 
 status=200, reason=OK 
 headers={'Date': 'Fri, 21 Jun 2024 19:11:52 GMT', 'Content-Type': 'application/json; charset=utf-8', 'Transfer-Encoding': 'chunked', 'Connection': 'keep-alive', 'X-Powered-By': 'Express', 'Access-Control-Allow-Origin': '*', 'Cache-Control': 'no-cache', 'ETag': 'W/"487-YBx8eZHw9c4jXpP8q+P5kFoM9Tw"', 'Vary': 'Accept-Encoding', 'Content-Encoding': 'gzip', 'CF-Cache-Status': 'DYNAMIC', 'Report-To': '{"endpoints":[{"url":"https:\\/\\/a.nel.cloudflare.com\\/report\\/v4?s=BJiLPPBceT4WS6197HltriodGD%2FewEUwvzBXf0SUAYG0bWOfYTwt%2FhiR9pmQBeR3JN9bdTBSMDCWDi4PrQ6ocWAtxjaFYJCNc5i473zVsN6SfAZrjayBshkI9zZ112iZ"}],"group":"cf-nel","max_age":604800}', 'NEL': '{"success_fraction":0,"report_to":"cf-nel","max_age":604800}', 'Server': 'cloudflare', 'CF-RAY': '89764e8fde9e2aa2-ORD', 'alt-svc': 'h3=":443"; ma=86400'} 
 body={"results":[{"gender":"male","name":{"title":"Mr","first":"Milosav","last":"Trajković"},"location":{"street":{"number":2203,"name":"Ljubisava Šarčevića"},"city":"Arilje","state":"Prizren","country":"Serbia","postcode":72911,"coordinates":{"latitude":"63.1478","longitude":"-91.9841"},"timezone":{"offset":"-11:00","description":"Midway Island, Samoa"}},"email":"milosav.trajkovic@example.com","login":{"uuid":"8d0370ab-226d-40a3-b0ae-c6b8af6f9de0","username":"purplewolf780","password":"1970","salt":"iiz1aNm8","md5":"f6de6d026be03f298407ff190d7739c5","sha1":"e386a5a46c217a4158e846b4779256e214d3a325","sha256":"4eb25907dfc52f56f69e4e52b0dea2d20628eda5f6f7f4441ecd6dd377bfb5d4"},"dob":{"date":"1966-03-15T17:58:58.565Z","age":58},"registered":{"date":"2016-04-13T04:56:28.363Z","age":8},"phone":"039-4958-809","cell":"062-9725-708","id":{"name":"SID","value":"185419182"},"picture":{"large":"https://randomuser.me/api/portraits/men/54.jpg","medium":"https://randomuser.me/api/portraits/med/men/54.jpg","thumbnail":"https://randomuser.me/api/portraits/thumb/men/54.jpg"},"nat":"RS"}],"info":{"seed":"d2f1c09705202ac9","results":1,"page":1,"version":"1.4"}} 
 </msg>
<msg time="2024-06-21T19:11:52.335513" level="INFO">/opt/hostedtoolcache/Python/3.12.4/x64/lib/python3.12/site-packages/urllib3/connectionpool.py:1099: InsecureRequestWarning: Unverified HTTPS request is being made to host 'randomuser.me'. Adding certificate verification is strongly advised. See: https://urllib3.readthedocs.io/en/latest/advanced-usage.html#tls-warnings
  warnings.warn(</msg>
<msg time="2024-06-21T19:11:52.335668" level="INFO">${response} = &lt;Response [200]&gt;</msg>
<var>${response}</var>
<arg>consultarAPI</arg>
<arg>/api</arg>
<doc>Sends a GET request on a previously created HTTP Session.</doc>
<status status="PASS" start="2024-06-21T19:11:52.254670" elapsed="0.081046"/>
</kw>
<kw name="Should Be Equal As Numbers" owner="BuiltIn">
<msg time="2024-06-21T19:11:52.337064" level="INFO">Argument types are:
&lt;class 'int'&gt;
&lt;class 'str'&gt;</msg>
<arg>${response.status_code}</arg>
<arg>200</arg>
<doc>Fails if objects are unequal after converting them to real numbers.</doc>
<status status="PASS" start="2024-06-21T19:11:52.336479" elapsed="0.000659"/>
</kw>
<kw name="Log" owner="BuiltIn">
<msg time="2024-06-21T19:11:52.337815" level="INFO">200</msg>
<arg>${response.status_code}</arg>
<doc>Logs the given message with the given level.</doc>
<status status="PASS" start="2024-06-21T19:11:52.337463" elapsed="0.000394"/>
</kw>
<kw name="Set Variable" owner="BuiltIn">
<msg time="2024-06-21T19:11:52.338613" level="INFO">${json_data} = {'results': [{'gender': 'male', 'name': {'title': 'Mr', 'first': 'Milosav', 'last': 'Trajković'}, 'location': {'street': {'number': 2203, 'name': 'Ljubisava Šarčevića'}, 'city': 'Arilje', 'state': 'Pr...</msg>
<var>${json_data}</var>
<arg>${response.json()}</arg>
<doc>Returns the given values which can then be assigned to a variables.</doc>
<status status="PASS" start="2024-06-21T19:11:52.338160" elapsed="0.000483"/>
</kw>
<kw name="Dictionary Should Contain Key" owner="Collections">
<arg>${json_data}</arg>
<arg>results</arg>
<doc>Fails if ``key`` is not found from ``dictionary``.</doc>
<status status="PASS" start="2024-06-21T19:11:52.338947" elapsed="0.000170"/>
</kw>
<status status="PASS" start="2024-06-21T19:11:52.254427" elapsed="0.084845"/>
</kw>
<doc>Testa se a API responde corretamente e retorna um objeto JSON válido.</doc>
<tag>testeRequisicaoBasica</tag>
<status status="PASS" start="2024-06-21T19:11:52.253978" elapsed="0.085478"/>
</test>
<test id="s1-s1-t3" name="Validar estrutura de resposta" line="22">
<kw name="Teste de Estrutura de Resposta" owner="random-user-service">
<kw name="GET On Session" owner="RequestsLibrary">
<msg time="2024-06-21T19:11:52.446441" level="INFO">GET Request : url=https://randomuser.me/api 
 path_url=/api 
 headers={'User-Agent': 'python-requests/2.32.3', 'Accept-Encoding': 'gzip, deflate', 'Accept': '*/*', 'Connection': 'keep-alive'} 
 body=None 
 </msg>
<msg time="2024-06-21T19:11:52.446564" level="INFO">GET Response : url=https://randomuser.me/api 
 status=200, reason=OK 
 headers={'Date': 'Fri, 21 Jun 2024 19:11:52 GMT', 'Content-Type': 'application/json; charset=utf-8', 'Transfer-Encoding': 'chunked', 'Connection': 'keep-alive', 'X-Powered-By': 'Express', 'Access-Control-Allow-Origin': '*', 'Cache-Control': 'no-cache', 'ETag': 'W/"49a-onL4Hw1ozg15nE7sElRwu/chi/A"', 'Vary': 'Accept-Encoding', 'Content-Encoding': 'gzip', 'CF-Cache-Status': 'DYNAMIC', 'Report-To': '{"endpoints":[{"url":"https:\\/\\/a.nel.cloudflare.com\\/report\\/v4?s=um3bgKbfrYs5ywDC7WRrbYBkxYM725mnd7v4sYJK5ugeNLQ8Dv4TpQLb0E9USVz0gCSya7BOiYiJWa0eRq%2BogcrbyVXEwYSF%2B0FcBzRedm6u%2BT98z50s00dlDOSBBLBR"}],"group":"cf-nel","max_age":604800}', 'NEL': '{"success_fraction":0,"report_to":"cf-nel","max_age":604800}', 'Server': 'cloudflare', 'CF-RAY': '89764e902f152aa2-ORD', 'alt-svc': 'h3=":443"; ma=86400'} 
 body={"results":[{"gender":"male","name":{"title":"Mr","first":"Francesco","last":"Klos"},"location":{"street":{"number":2797,"name":"Kirchgasse"},"city":"Cochem-Zell","state":"Brandenburg","country":"Germany","postcode":73517,"coordinates":{"latitude":"-47.6381","longitude":"-85.9035"},"timezone":{"offset":"+9:00","description":"Tokyo, Seoul, Osaka, Sapporo, Yakutsk"}},"email":"francesco.klos@example.com","login":{"uuid":"47d4823b-2551-425f-bf87-0d8446627733","username":"orangekoala143","password":"vegeta","salt":"luxeiv8n","md5":"ba7106a24ecd3ea95ec4f2d4f39fef2d","sha1":"fc42409d2d8a3e4c7aea5c69fc53007ceda7f84c","sha256":"c241042dff170b7303ef74e10cad5e65829108f73024d55073ff1f00340f4b7d"},"dob":{"date":"1993-09-23T03:34:36.543Z","age":30},"registered":{"date":"2013-06-01T14:03:11.380Z","age":11},"phone":"0243-1442198","cell":"0176-1747148","id":{"name":"SVNR","value":"51 220993 K 154"},"picture":{"large":"https://randomuser.me/api/portraits/men/30.jpg","medium":"https://randomuser.me/api/portraits/med/men/30.jpg","thumbnail":"https://randomuser.me/api/portraits/thumb/men/30.jpg"},"nat":"DE"}],"info":{"seed":"e28afaf301a72b5f","results":1,"page":1,"version":"1.4"}} 
 </msg>
<msg time="2024-06-21T19:11:52.446715" level="INFO">/opt/hostedtoolcache/Python/3.12.4/x64/lib/python3.12/site-packages/urllib3/connectionpool.py:1099: InsecureRequestWarning: Unverified HTTPS request is being made to host 'randomuser.me'. Adding certificate verification is strongly advised. See: https://urllib3.readthedocs.io/en/latest/advanced-usage.html#tls-warnings
  warnings.warn(</msg>
<msg time="2024-06-21T19:11:52.446862" level="INFO">${response} = &lt;Response [200]&gt;</msg>
<var>${response}</var>
<arg>consultarAPI</arg>
<arg>/api</arg>
<doc>Sends a GET request on a previously created HTTP Session.</doc>
<status status="PASS" start="2024-06-21T19:11:52.342056" elapsed="0.104849"/>
</kw>
<kw name="Set Variable" owner="BuiltIn">
<msg time="2024-06-21T19:11:52.448206" level="INFO">${json_data} = {'results': [{'gender': 'male', 'name': {'title': 'Mr', 'first': 'Francesco', 'last': 'Klos'}, 'location': {'street': {'number': 2797, 'name': 'Kirchgasse'}, 'city': 'Cochem-Zell', 'state': 'Brandenbu...</msg>
<var>${json_data}</var>
<arg>${response.json()}</arg>
<doc>Returns the given values which can then be assigned to a variables.</doc>
<status status="PASS" start="2024-06-21T19:11:52.447600" elapsed="0.000636"/>
</kw>
<kw name="Log" owner="BuiltIn">
<msg time="2024-06-21T19:11:52.448716" level="INFO">{'results': [{'gender': 'male', 'name': {'title': 'Mr', 'first': 'Francesco', 'last': 'Klos'}, 'location': {'street': {'number': 2797, 'name': 'Kirchgasse'}, 'city': 'Cochem-Zell', 'state': 'Brandenburg', 'country': 'Germany', 'postcode': 73517, 'coordinates': {'latitude': '-47.6381', 'longitude': '-85.9035'}, 'timezone': {'offset': '+9:00', 'description': 'Tokyo, Seoul, Osaka, Sapporo, Yakutsk'}}, 'email': 'francesco.klos@example.com', 'login': {'uuid': '47d4823b-2551-425f-bf87-0d8446627733', 'username': 'orangekoala143', 'password': 'vegeta', 'salt': 'luxeiv8n', 'md5': 'ba7106a24ecd3ea95ec4f2d4f39fef2d', 'sha1': 'fc42409d2d8a3e4c7aea5c69fc53007ceda7f84c', 'sha256': 'c241042dff170b7303ef74e10cad5e65829108f73024d55073ff1f00340f4b7d'}, 'dob': {'date': '1993-09-23T03:34:36.543Z', 'age': 30}, 'registered': {'date': '2013-06-01T14:03:11.380Z', 'age': 11}, 'phone': '0243-1442198', 'cell': '0176-1747148', 'id': {'name': 'SVNR', 'value': '51 220993 K 154'}, 'picture': {'large': 'https://randomuser.me/api/portraits/men/30.jpg', 'medium': 'https://randomuser.me/api/portraits/med/men/30.jpg', 'thumbnail': 'https://randomuser.me/api/portraits/thumb/men/30.jpg'}, 'nat': 'DE'}], 'info': {'seed': 'e28afaf301a72b5f', 'results': 1, 'page': 1, 'version': '1.4'}}</msg>
<arg>${json_data}</arg>
<doc>Logs the given message with the given level.</doc>
<status status="PASS" start="2024-06-21T19:11:52.448554" elapsed="0.000210"/>
</kw>
<kw name="Dictionary Should Contain Key" owner="Collections">
<arg>${json_data}</arg>
<arg>results</arg>
<doc>Fails if ``key`` is not found from ``dictionary``.</doc>
<status status="PASS" start="2024-06-21T19:11:52.449104" elapsed="0.000173"/>
</kw>
<kw name="Should Not Be Empty" owner="BuiltIn">
<msg time="2024-06-21T19:11:52.449588" level="INFO">Length is 2.</msg>
<arg>${json_data}</arg>
<doc>Verifies that the given item is not empty.</doc>
<status status="PASS" start="2024-06-21T19:11:52.449464" elapsed="0.000164"/>
</kw>
<kw name="Create List" owner="BuiltIn">
<msg time="2024-06-21T19:11:52.450245" level="INFO">${expected_keys} = ['gender', 'name', 'location', 'email', 'login']</msg>
<var>${expected_keys}</var>
<arg>gender</arg>
<arg>name</arg>
<arg>location</arg>
<arg>email</arg>
<arg>login</arg>
<doc>Returns a list containing given items.</doc>
<status status="PASS" start="2024-06-21T19:11:52.449926" elapsed="0.000344"/>
</kw>
<for flavor="IN">
<iter>
<kw name="Dictionary Should Contain Key" owner="Collections">
<arg>${json_data['results'][0]}</arg>
<arg>${key}</arg>
<doc>Fails if ``key`` is not found from ``dictionary``.</doc>
<status status="PASS" start="2024-06-21T19:11:52.450884" elapsed="0.000413"/>
</kw>
<kw name="Log" owner="BuiltIn">
<msg time="2024-06-21T19:11:52.451840" level="INFO">{'gender': 'male', 'name': {'title': 'Mr', 'first': 'Francesco', 'last': 'Klos'}, 'location': {'street': {'number': 2797, 'name': 'Kirchgasse'}, 'city': 'Cochem-Zell', 'state': 'Brandenburg', 'country': 'Germany', 'postcode': 73517, 'coordinates': {'latitude': '-47.6381', 'longitude': '-85.9035'}, 'timezone': {'offset': '+9:00', 'description': 'Tokyo, Seoul, Osaka, Sapporo, Yakutsk'}}, 'email': 'francesco.klos@example.com', 'login': {'uuid': '47d4823b-2551-425f-bf87-0d8446627733', 'username': 'orangekoala143', 'password': 'vegeta', 'salt': 'luxeiv8n', 'md5': 'ba7106a24ecd3ea95ec4f2d4f39fef2d', 'sha1': 'fc42409d2d8a3e4c7aea5c69fc53007ceda7f84c', 'sha256': 'c241042dff170b7303ef74e10cad5e65829108f73024d55073ff1f00340f4b7d'}, 'dob': {'date': '1993-09-23T03:34:36.543Z', 'age': 30}, 'registered': {'date': '2013-06-01T14:03:11.380Z', 'age': 11}, 'phone': '0243-1442198', 'cell': '0176-1747148', 'id': {'name': 'SVNR', 'value': '51 220993 K 154'}, 'picture': {'large': 'https://randomuser.me/api/portraits/men/30.jpg', 'medium': 'https://randomuser.me/api/portraits/med/men/30.jpg', 'thumbnail': 'https://randomuser.me/api/portraits/thumb/men/30.jpg'}, 'nat': 'DE'}</msg>
<arg>${json_data['results'][0]}</arg>
<doc>Logs the given message with the given level.</doc>
<status status="PASS" start="2024-06-21T19:11:52.451488" elapsed="0.000402"/>
</kw>
<kw name="Log" owner="BuiltIn">
<msg time="2024-06-21T19:11:52.452322" level="INFO">gender</msg>
<arg>${key}</arg>
<doc>Logs the given message with the given level.</doc>
<status status="PASS" start="2024-06-21T19:11:52.452193" elapsed="0.000168"/>
</kw>
<var name="${key}">gender</var>
<status status="PASS" start="2024-06-21T19:11:52.450757" elapsed="0.001835"/>
</iter>
<iter>
<kw name="Dictionary Should Contain Key" owner="Collections">
<arg>${json_data['results'][0]}</arg>
<arg>${key}</arg>
<doc>Fails if ``key`` is not found from ``dictionary``.</doc>
<status status="PASS" start="2024-06-21T19:11:52.452893" elapsed="0.000411"/>
</kw>
<kw name="Log" owner="BuiltIn">
<msg time="2024-06-21T19:11:52.453846" level="INFO">{'gender': 'male', 'name': {'title': 'Mr', 'first': 'Francesco', 'last': 'Klos'}, 'location': {'street': {'number': 2797, 'name': 'Kirchgasse'}, 'city': 'Cochem-Zell', 'state': 'Brandenburg', 'country': 'Germany', 'postcode': 73517, 'coordinates': {'latitude': '-47.6381', 'longitude': '-85.9035'}, 'timezone': {'offset': '+9:00', 'description': 'Tokyo, Seoul, Osaka, Sapporo, Yakutsk'}}, 'email': 'francesco.klos@example.com', 'login': {'uuid': '47d4823b-2551-425f-bf87-0d8446627733', 'username': 'orangekoala143', 'password': 'vegeta', 'salt': 'luxeiv8n', 'md5': 'ba7106a24ecd3ea95ec4f2d4f39fef2d', 'sha1': 'fc42409d2d8a3e4c7aea5c69fc53007ceda7f84c', 'sha256': 'c241042dff170b7303ef74e10cad5e65829108f73024d55073ff1f00340f4b7d'}, 'dob': {'date': '1993-09-23T03:34:36.543Z', 'age': 30}, 'registered': {'date': '2013-06-01T14:03:11.380Z', 'age': 11}, 'phone': '0243-1442198', 'cell': '0176-1747148', 'id': {'name': 'SVNR', 'value': '51 220993 K 154'}, 'picture': {'large': 'https://randomuser.me/api/portraits/men/30.jpg', 'medium': 'https://randomuser.me/api/portraits/med/men/30.jpg', 'thumbnail': 'https://randomuser.me/api/portraits/thumb/men/30.jpg'}, 'nat': 'DE'}</msg>
<arg>${json_data['results'][0]}</arg>
<doc>Logs the given message with the given level.</doc>
<status status="PASS" start="2024-06-21T19:11:52.453492" elapsed="0.000437"/>
</kw>
<kw name="Log" owner="BuiltIn">
<msg time="2024-06-21T19:11:52.454357" level="INFO">name</msg>
<arg>${key}</arg>
<doc>Logs the given message with the given level.</doc>
<status status="PASS" start="2024-06-21T19:11:52.454229" elapsed="0.000166"/>
</kw>
<var name="${key}">name</var>
<status status="PASS" start="2024-06-21T19:11:52.452781" elapsed="0.001838"/>
</iter>
<iter>
<kw name="Dictionary Should Contain Key" owner="Collections">
<arg>${json_data['results'][0]}</arg>
<arg>${key}</arg>
<doc>Fails if ``key`` is not found from ``dictionary``.</doc>
<status status="PASS" start="2024-06-21T19:11:52.454905" elapsed="0.000394"/>
</kw>
<kw name="Log" owner="BuiltIn">
<msg time="2024-06-21T19:11:52.455845" level="INFO">{'gender': 'male', 'name': {'title': 'Mr', 'first': 'Francesco', 'last': 'Klos'}, 'location': {'street': {'number': 2797, 'name': 'Kirchgasse'}, 'city': 'Cochem-Zell', 'state': 'Brandenburg', 'country': 'Germany', 'postcode': 73517, 'coordinates': {'latitude': '-47.6381', 'longitude': '-85.9035'}, 'timezone': {'offset': '+9:00', 'description': 'Tokyo, Seoul, Osaka, Sapporo, Yakutsk'}}, 'email': 'francesco.klos@example.com', 'login': {'uuid': '47d4823b-2551-425f-bf87-0d8446627733', 'username': 'orangekoala143', 'password': 'vegeta', 'salt': 'luxeiv8n', 'md5': 'ba7106a24ecd3ea95ec4f2d4f39fef2d', 'sha1': 'fc42409d2d8a3e4c7aea5c69fc53007ceda7f84c', 'sha256': 'c241042dff170b7303ef74e10cad5e65829108f73024d55073ff1f00340f4b7d'}, 'dob': {'date': '1993-09-23T03:34:36.543Z', 'age': 30}, 'registered': {'date': '2013-06-01T14:03:11.380Z', 'age': 11}, 'phone': '0243-1442198', 'cell': '0176-1747148', 'id': {'name': 'SVNR', 'value': '51 220993 K 154'}, 'picture': {'large': 'https://randomuser.me/api/portraits/men/30.jpg', 'medium': 'https://randomuser.me/api/portraits/med/men/30.jpg', 'thumbnail': 'https://randomuser.me/api/portraits/thumb/men/30.jpg'}, 'nat': 'DE'}</msg>
<arg>${json_data['results'][0]}</arg>
<doc>Logs the given message with the given level.</doc>
<status status="PASS" start="2024-06-21T19:11:52.455490" elapsed="0.000403"/>
</kw>
<kw name="Log" owner="BuiltIn">
<msg time="2024-06-21T19:11:52.456313" level="INFO">location</msg>
<arg>${key}</arg>
<doc>Logs the given message with the given level.</doc>
<status status="PASS" start="2024-06-21T19:11:52.456187" elapsed="0.000164"/>
</kw>
<var name="${key}">location</var>
<status status="PASS" start="2024-06-21T19:11:52.454795" elapsed="0.001797"/>
</iter>
<iter>
<kw name="Dictionary Should Contain Key" owner="Collections">
<arg>${json_data['results'][0]}</arg>
<arg>${key}</arg>
<doc>Fails if ``key`` is not found from ``dictionary``.</doc>
<status status="PASS" start="2024-06-21T19:11:52.456870" elapsed="0.000418"/>
</kw>
<kw name="Log" owner="BuiltIn">
<msg time="2024-06-21T19:11:52.457835" level="INFO">{'gender': 'male', 'name': {'title': 'Mr', 'first': 'Francesco', 'last': 'Klos'}, 'location': {'street': {'number': 2797, 'name': 'Kirchgasse'}, 'city': 'Cochem-Zell', 'state': 'Brandenburg', 'country': 'Germany', 'postcode': 73517, 'coordinates': {'latitude': '-47.6381', 'longitude': '-85.9035'}, 'timezone': {'offset': '+9:00', 'description': 'Tokyo, Seoul, Osaka, Sapporo, Yakutsk'}}, 'email': 'francesco.klos@example.com', 'login': {'uuid': '47d4823b-2551-425f-bf87-0d8446627733', 'username': 'orangekoala143', 'password': 'vegeta', 'salt': 'luxeiv8n', 'md5': 'ba7106a24ecd3ea95ec4f2d4f39fef2d', 'sha1': 'fc42409d2d8a3e4c7aea5c69fc53007ceda7f84c', 'sha256': 'c241042dff170b7303ef74e10cad5e65829108f73024d55073ff1f00340f4b7d'}, 'dob': {'date': '1993-09-23T03:34:36.543Z', 'age': 30}, 'registered': {'date': '2013-06-01T14:03:11.380Z', 'age': 11}, 'phone': '0243-1442198', 'cell': '0176-1747148', 'id': {'name': 'SVNR', 'value': '51 220993 K 154'}, 'picture': {'large': 'https://randomuser.me/api/portraits/men/30.jpg', 'medium': 'https://randomuser.me/api/portraits/med/men/30.jpg', 'thumbnail': 'https://randomuser.me/api/portraits/thumb/men/30.jpg'}, 'nat': 'DE'}</msg>
<arg>${json_data['results'][0]}</arg>
<doc>Logs the given message with the given level.</doc>
<status status="PASS" start="2024-06-21T19:11:52.457476" elapsed="0.000410"/>
</kw>
<kw name="Log" owner="BuiltIn">
<msg time="2024-06-21T19:11:52.458311" level="INFO">email</msg>
<arg>${key}</arg>
<doc>Logs the given message with the given level.</doc>
<status status="PASS" start="2024-06-21T19:11:52.458183" elapsed="0.000168"/>
</kw>
<var name="${key}">email</var>
<status status="PASS" start="2024-06-21T19:11:52.456762" elapsed="0.001805"/>
</iter>
<iter>
<kw name="Dictionary Should Contain Key" owner="Collections">
<arg>${json_data['results'][0]}</arg>
<arg>${key}</arg>
<doc>Fails if ``key`` is not found from ``dictionary``.</doc>
<status status="PASS" start="2024-06-21T19:11:52.458848" elapsed="0.000403"/>
</kw>
<kw name="Log" owner="BuiltIn">
<msg time="2024-06-21T19:11:52.459780" level="INFO">{'gender': 'male', 'name': {'title': 'Mr', 'first': 'Francesco', 'last': 'Klos'}, 'location': {'street': {'number': 2797, 'name': 'Kirchgasse'}, 'city': 'Cochem-Zell', 'state': 'Brandenburg', 'country': 'Germany', 'postcode': 73517, 'coordinates': {'latitude': '-47.6381', 'longitude': '-85.9035'}, 'timezone': {'offset': '+9:00', 'description': 'Tokyo, Seoul, Osaka, Sapporo, Yakutsk'}}, 'email': 'francesco.klos@example.com', 'login': {'uuid': '47d4823b-2551-425f-bf87-0d8446627733', 'username': 'orangekoala143', 'password': 'vegeta', 'salt': 'luxeiv8n', 'md5': 'ba7106a24ecd3ea95ec4f2d4f39fef2d', 'sha1': 'fc42409d2d8a3e4c7aea5c69fc53007ceda7f84c', 'sha256': 'c241042dff170b7303ef74e10cad5e65829108f73024d55073ff1f00340f4b7d'}, 'dob': {'date': '1993-09-23T03:34:36.543Z', 'age': 30}, 'registered': {'date': '2013-06-01T14:03:11.380Z', 'age': 11}, 'phone': '0243-1442198', 'cell': '0176-1747148', 'id': {'name': 'SVNR', 'value': '51 220993 K 154'}, 'picture': {'large': 'https://randomuser.me/api/portraits/men/30.jpg', 'medium': 'https://randomuser.me/api/portraits/med/men/30.jpg', 'thumbnail': 'https://randomuser.me/api/portraits/thumb/men/30.jpg'}, 'nat': 'DE'}</msg>
<arg>${json_data['results'][0]}</arg>
<doc>Logs the given message with the given level.</doc>
<status status="PASS" start="2024-06-21T19:11:52.459433" elapsed="0.000404"/>
</kw>
<kw name="Log" owner="BuiltIn">
<msg time="2024-06-21T19:11:52.460266" level="INFO">login</msg>
<arg>${key}</arg>
<doc>Logs the given message with the given level.</doc>
<status status="PASS" start="2024-06-21T19:11:52.460139" elapsed="0.000164"/>
</kw>
<var name="${key}">login</var>
<status status="PASS" start="2024-06-21T19:11:52.458738" elapsed="0.001780"/>
</iter>
<var>${key}</var>
<value>@{expected_keys}</value>
<status status="PASS" start="2024-06-21T19:11:52.450549" elapsed="0.010090"/>
</for>
<kw name="Create List" owner="BuiltIn">
<msg time="2024-06-21T19:11:52.461046" level="INFO">${expected_keysTwo} = ['username', 'password']</msg>
<var>${expected_keysTwo}</var>
<arg>username</arg>
<arg>password</arg>
<doc>Returns a list containing given items.</doc>
<status status="PASS" start="2024-06-21T19:11:52.460842" elapsed="0.000233"/>
</kw>
<for flavor="IN">
<iter>
<kw name="Dictionary Should Contain Key" owner="Collections">
<arg>${json_data['results'][0]['login']}</arg>
<arg>${keyTwo}</arg>
<doc>Fails if ``key`` is not found from ``dictionary``.</doc>
<status status="PASS" start="2024-06-21T19:11:52.461589" elapsed="0.000387"/>
</kw>
<kw name="Dictionary Should Contain Key" owner="Collections">
<arg>${json_data['results'][0]['login']}</arg>
<arg>${keyTwo}</arg>
<doc>Fails if ``key`` is not found from ``dictionary``.</doc>
<status status="PASS" start="2024-06-21T19:11:52.462161" elapsed="0.000374"/>
</kw>
<kw name="Log" owner="BuiltIn">
<msg time="2024-06-21T19:11:52.462832" level="INFO">username</msg>
<arg>${keyTwo}</arg>
<doc>Logs the given message with the given level.</doc>
<status status="PASS" start="2024-06-21T19:11:52.462712" elapsed="0.000158"/>
</kw>
<var name="${keyTwo}">username</var>
<status status="PASS" start="2024-06-21T19:11:52.461481" elapsed="0.001615"/>
</iter>
<iter>
<kw name="Dictionary Should Contain Key" owner="Collections">
<arg>${json_data['results'][0]['login']}</arg>
<arg>${keyTwo}</arg>
<doc>Fails if ``key`` is not found from ``dictionary``.</doc>
<status status="PASS" start="2024-06-21T19:11:52.463375" elapsed="0.000413"/>
</kw>
<kw name="Dictionary Should Contain Key" owner="Collections">
<arg>${json_data['results'][0]['login']}</arg>
<arg>${keyTwo}</arg>
<doc>Fails if ``key`` is not found from ``dictionary``.</doc>
<status status="PASS" start="2024-06-21T19:11:52.463976" elapsed="0.000383"/>
</kw>
<kw name="Log" owner="BuiltIn">
<msg time="2024-06-21T19:11:52.464665" level="INFO">password</msg>
<arg>${keyTwo}</arg>
<doc>Logs the given message with the given level.</doc>
<status status="PASS" start="2024-06-21T19:11:52.464539" elapsed="0.000163"/>
</kw>
<var name="${keyTwo}">password</var>
<status status="PASS" start="2024-06-21T19:11:52.463266" elapsed="0.001805"/>
</iter>
<var>${keyTwo}</var>
<value>@{expected_keysTwo}</value>
<status status="PASS" start="2024-06-21T19:11:52.461324" elapsed="0.003882"/>
</for>
<status status="PASS" start="2024-06-21T19:11:52.341819" elapsed="0.123536"/>
</kw>
<doc>Testa a estrutura da resposta da API.</doc>
<tag>testeEstruturaResposta</tag>
<status status="PASS" start="2024-06-21T19:11:52.341313" elapsed="0.124212"/>
</test>
<test id="s1-s1-t4" name="Validar tipos de dados" line="28">
<kw name="Teste de Tipos de Dados" owner="random-user-service">
<kw name="GET On Session" owner="RequestsLibrary">
<msg time="2024-06-21T19:11:52.571535" level="INFO">GET Request : url=https://randomuser.me/api 
 path_url=/api 
 headers={'User-Agent': 'python-requests/2.32.3', 'Accept-Encoding': 'gzip, deflate', 'Accept': '*/*', 'Connection': 'keep-alive'} 
 body=None 
 </msg>
<msg time="2024-06-21T19:11:52.571649" level="INFO">GET Response : url=https://randomuser.me/api 
 status=200, reason=OK 
 headers={'Date': 'Fri, 21 Jun 2024 19:11:52 GMT', 'Content-Type': 'application/json; charset=utf-8', 'Transfer-Encoding': 'chunked', 'Connection': 'keep-alive', 'X-Powered-By': 'Express', 'Access-Control-Allow-Origin': '*', 'Cache-Control': 'no-cache', 'ETag': 'W/"49c-wJvDRqHSpyBbtrM0H8gBlXUgZGk"', 'Vary': 'Accept-Encoding', 'Content-Encoding': 'gzip', 'CF-Cache-Status': 'DYNAMIC', 'Report-To': '{"endpoints":[{"url":"https:\\/\\/a.nel.cloudflare.com\\/report\\/v4?s=7wu7l5oLnQQESrutzlJAWI1CzcKp38L77b0auMXAx5U9xXZiTWtOu03pBAChLVgQ5ysKu%2FGtcXx5zhZe4nxMNZ63A%2BlEddKI3eIBzo0FRmbNPUm%2FGC6BvPSV2cVamR26"}],"group":"cf-nel","max_age":604800}', 'NEL': '{"success_fraction":0,"report_to":"cf-nel","max_age":604800}', 'Server': 'cloudflare', 'CF-RAY': '89764e90e8022aa2-ORD', 'alt-svc': 'h3=":443"; ma=86400'} 
 body={"results":[{"gender":"female","name":{"title":"Miss","first":"Kristiane","last":"Bastian"},"location":{"street":{"number":7810,"name":"Am Bahnhof"},"city":"Brotterode-Trusetal","state":"Sachsen","country":"Germany","postcode":79398,"coordinates":{"latitude":"-51.8935","longitude":"87.7350"},"timezone":{"offset":"-12:00","description":"Eniwetok, Kwajalein"}},"email":"kristiane.bastian@example.com","login":{"uuid":"9030c02c-caea-4ac0-b7aa-427969b93d14","username":"redelephant267","password":"nuggets","salt":"O5POVb9E","md5":"c4fcb834047c05d628562ef616d93cb2","sha1":"6a00dc0663d7d26a8a1e62b657ed954395f9d0df","sha256":"6f3faaf077db92d6799c8668a248b4b61769972140bd88d7d2a2864cdc9d4787"},"dob":{"date":"1972-06-12T14:15:50.870Z","age":52},"registered":{"date":"2014-09-18T13:14:54.532Z","age":9},"phone":"0575-2802687","cell":"0175-2528727","id":{"name":"SVNR","value":"67 120672 B 950"},"picture":{"large":"https://randomuser.me/api/portraits/women/40.jpg","medium":"https://randomuser.me/api/portraits/med/women/40.jpg","thumbnail":"https://randomuser.me/api/portraits/thumb/women/40.jpg"},"nat":"DE"}],"info":{"seed":"0942edcec81d323e","results":1,"page":1,"version":"1.4"}} 
 </msg>
<msg time="2024-06-21T19:11:52.571742" level="INFO">/opt/hostedtoolcache/Python/3.12.4/x64/lib/python3.12/site-packages/urllib3/connectionpool.py:1099: InsecureRequestWarning: Unverified HTTPS request is being made to host 'randomuser.me'. Adding certificate verification is strongly advised. See: https://urllib3.readthedocs.io/en/latest/advanced-usage.html#tls-warnings
  warnings.warn(</msg>
<msg time="2024-06-21T19:11:52.571889" level="INFO">${response} = &lt;Response [200]&gt;</msg>
<var>${response}</var>
<arg>consultarAPI</arg>
<arg>/api</arg>
<doc>Sends a GET request on a previously created HTTP Session.</doc>
<status status="PASS" start="2024-06-21T19:11:52.468034" elapsed="0.103895"/>
</kw>
<kw name="Set Variable" owner="BuiltIn">
<msg time="2024-06-21T19:11:52.573374" level="INFO">${json_data} = {'results': [{'gender': 'female', 'name': {'title': 'Miss', 'first': 'Kristiane', 'last': 'Bastian'}, 'location': {'street': {'number': 7810, 'name': 'Am Bahnhof'}, 'city': 'Brotterode-Trusetal', 'sta...</msg>
<var>${json_data}</var>
<arg>${response.json()}</arg>
<doc>Returns the given values which can then be assigned to a variables.</doc>
<status status="PASS" start="2024-06-21T19:11:52.572672" elapsed="0.000732"/>
</kw>
<kw name="Log" owner="BuiltIn">
<msg time="2024-06-21T19:11:52.573908" level="INFO">{'results': [{'gender': 'female', 'name': {'title': 'Miss', 'first': 'Kristiane', 'last': 'Bastian'}, 'location': {'street': {'number': 7810, 'name': 'Am Bahnhof'}, 'city': 'Brotterode-Trusetal', 'state': 'Sachsen', 'country': 'Germany', 'postcode': 79398, 'coordinates': {'latitude': '-51.8935', 'longitude': '87.7350'}, 'timezone': {'offset': '-12:00', 'description': 'Eniwetok, Kwajalein'}}, 'email': 'kristiane.bastian@example.com', 'login': {'uuid': '9030c02c-caea-4ac0-b7aa-427969b93d14', 'username': 'redelephant267', 'password': 'nuggets', 'salt': 'O5POVb9E', 'md5': 'c4fcb834047c05d628562ef616d93cb2', 'sha1': '6a00dc0663d7d26a8a1e62b657ed954395f9d0df', 'sha256': '6f3faaf077db92d6799c8668a248b4b61769972140bd88d7d2a2864cdc9d4787'}, 'dob': {'date': '1972-06-12T14:15:50.870Z', 'age': 52}, 'registered': {'date': '2014-09-18T13:14:54.532Z', 'age': 9}, 'phone': '0575-2802687', 'cell': '0175-2528727', 'id': {'name': 'SVNR', 'value': '67 120672 B 950'}, 'picture': {'large': 'https://randomuser.me/api/portraits/women/40.jpg', 'medium': 'https://randomuser.me/api/portraits/med/women/40.jpg', 'thumbnail': 'https://randomuser.me/api/portraits/thumb/women/40.jpg'}, 'nat': 'DE'}], 'info': {'seed': '0942edcec81d323e', 'results': 1, 'page': 1, 'version': '1.4'}}</msg>
<arg>${json_data}</arg>
<doc>Logs the given message with the given level.</doc>
<status status="PASS" start="2024-06-21T19:11:52.573732" elapsed="0.000228"/>
</kw>
<kw name="Should Be String" owner="String">
<arg>${json_data['results'][0]['gender']}</arg>
<doc>Fails if the given ``item`` is not a string.</doc>
<status status="PASS" start="2024-06-21T19:11:52.574255" elapsed="0.000384"/>
</kw>
<kw name="Should Match Regexp" owner="BuiltIn">
<arg>${json_data['results'][0]['email']}</arg>
<arg>^[a-zA-Z0-9._%+-]+@[a-zA-Z0-9.-]+\.[a-zA-Z]{2,}$</arg>
<doc>Fails if ``string`` does not match ``pattern`` as a regular expression.</doc>
<status status="PASS" start="2024-06-21T19:11:52.574865" elapsed="0.000529"/>
</kw>
<kw name="Should Match Regexp" owner="BuiltIn">
<arg>${json_data['results'][0]['dob']['date']}</arg>
<arg>\\d{4}-\\d{2}-\\d{2}T\\d{2}:\\d{2}:\\d{2}\\.\\d{3}Z</arg>
<doc>Fails if ``string`` does not match ``pattern`` as a regular expression.</doc>
<status status="PASS" start="2024-06-21T19:11:52.575588" elapsed="0.000500"/>
</kw>
<kw name="Should Match Regexp" owner="BuiltIn">
<arg>${json_data['results'][0]['registered']['date']}</arg>
<arg>\\d{4}-\\d{2}-\\d{2}T\\d{2}:\\d{2}:\\d{2}\\.\\d{3}Z</arg>
<doc>Fails if ``string`` does not match ``pattern`` as a regular expression.</doc>
<status status="PASS" start="2024-06-21T19:11:52.576288" elapsed="0.000363"/>
</kw>
<kw name="Should Match Regexp" owner="BuiltIn">
<arg>${json_data['results'][0]['picture']['large']}</arg>
<arg>^https?://.*\.(?:png|jpe?g|gif|bmp)$</arg>
<doc>Fails if ``string`` does not match ``pattern`` as a regular expression.</doc>
<status status="PASS" start="2024-06-21T19:11:52.576840" elapsed="0.000498"/>
</kw>
<kw name="Should Match Regexp" owner="BuiltIn">
<arg>${json_data['results'][0]['picture']['medium']}</arg>
<arg>^https?://.*\.(?:png|jpe?g|gif|bmp)$</arg>
<doc>Fails if ``string`` does not match ``pattern`` as a regular expression.</doc>
<status status="PASS" start="2024-06-21T19:11:52.577528" elapsed="0.000358"/>
</kw>
<kw name="Should Match Regexp" owner="BuiltIn">
<arg>${json_data['results'][0]['picture']['thumbnail']}</arg>
<arg>^https?://.*\.(?:png|jpe?g|gif|bmp)$</arg>
<doc>Fails if ``string`` does not match ``pattern`` as a regular expression.</doc>
<status status="PASS" start="2024-06-21T19:11:52.578072" elapsed="0.000361"/>
</kw>
<kw name="Log" owner="BuiltIn">
<msg time="2024-06-21T19:11:52.578938" level="INFO">{'large': 'https://randomuser.me/api/portraits/women/40.jpg', 'medium': 'https://randomuser.me/api/portraits/med/women/40.jpg', 'thumbnail': 'https://randomuser.me/api/portraits/thumb/women/40.jpg'}</msg>
<arg>${json_data['results'][0]['picture']}</arg>
<doc>Logs the given message with the given level.</doc>
<status status="PASS" start="2024-06-21T19:11:52.578613" elapsed="0.000369"/>
</kw>
<status status="PASS" start="2024-06-21T19:11:52.467799" elapsed="0.111443"/>
</kw>
<kw name="Teste de Tipos de Dados - Postcode" owner="random-user-service">
<kw name="GET On Session" owner="RequestsLibrary">
<msg time="2024-06-21T19:11:52.633551" level="INFO">GET Request : url=https://randomuser.me/api 
 path_url=/api 
 headers={'User-Agent': 'python-requests/2.32.3', 'Accept-Encoding': 'gzip, deflate', 'Accept': '*/*', 'Connection': 'keep-alive'} 
 body=None 
 </msg>
<msg time="2024-06-21T19:11:52.633630" level="INFO">GET Response : url=https://randomuser.me/api 
 status=200, reason=OK 
 headers={'Date': 'Fri, 21 Jun 2024 19:11:52 GMT', 'Content-Type': 'application/json; charset=utf-8', 'Transfer-Encoding': 'chunked', 'Connection': 'keep-alive', 'X-Powered-By': 'Express', 'Access-Control-Allow-Origin': '*', 'Cache-Control': 'no-cache', 'ETag': 'W/"4a2-TBkYNMZRDrN1V2680BQSW/4ghJk"', 'Vary': 'Accept-Encoding', 'Content-Encoding': 'gzip', 'CF-Cache-Status': 'DYNAMIC', 'Report-To': '{"endpoints":[{"url":"https:\\/\\/a.nel.cloudflare.com\\/report\\/v4?s=Vn8iajwl0%2FtROpfBUQCHLdsmFSRlIK5MGMpg6D7CNW%2FugL4kS0ltaX5jBNI0GSYadyom5HQx%2BzHNEPYLHr1T7THmKSHSfue4%2BWP5bRUF5r9qRNvqpHT8kkVKsx48JVF%2B"}],"group":"cf-nel","max_age":604800}', 'NEL': '{"success_fraction":0,"report_to":"cf-nel","max_age":604800}', 'Server': 'cloudflare', 'CF-RAY': '89764e91a8d72aa2-ORD', 'alt-svc': 'h3=":443"; ma=86400'} 
 body={"results":[{"gender":"male","name":{"title":"Mr","first":"Julius","last":"Waara"},"location":{"street":{"number":8023,"name":"Korkeavuorenkatu"},"city":"Posio","state":"Central Ostrobothnia","country":"Finland","postcode":48111,"coordinates":{"latitude":"-23.2717","longitude":"-2.0610"},"timezone":{"offset":"-6:00","description":"Central Time (US &amp; Canada), Mexico City"}},"email":"julius.waara@example.com","login":{"uuid":"6f3c5a16-b937-4566-97cf-db8d37fe3a1f","username":"silverwolf866","password":"jordan23","salt":"RKoDxzAL","md5":"ee56d537826ab29ea3c03a6ee9b6c99f","sha1":"47afd78a71daed573592de14968ae7ffd9b5ba9d","sha256":"ba15c0b7dbe5d0c8a46e89d0c54a5413d4e1e6693c0b9a6328b0a76426b38717"},"dob":{"date":"1987-01-26T10:51:29.806Z","age":37},"registered":{"date":"2013-04-15T05:10:37.471Z","age":11},"phone":"03-498-260","cell":"049-678-52-00","id":{"name":"HETU","value":"NaNNA915undefined"},"picture":{"large":"https://randomuser.me/api/portraits/men/85.jpg","medium":"https://randomuser.me/api/portraits/med/men/85.jpg","thumbnail":"https://randomuser.me/api/portraits/thumb/men/85.jpg"},"nat":"FI"}],"info":{"seed":"2c98e8b1fc6e6bf8","results":1,"page":1,"version":"1.4"}} 
 </msg>
<msg time="2024-06-21T19:11:52.633703" level="INFO">/opt/hostedtoolcache/Python/3.12.4/x64/lib/python3.12/site-packages/urllib3/connectionpool.py:1099: InsecureRequestWarning: Unverified HTTPS request is being made to host 'randomuser.me'. Adding certificate verification is strongly advised. See: https://urllib3.readthedocs.io/en/latest/advanced-usage.html#tls-warnings
  warnings.warn(</msg>
<msg time="2024-06-21T19:11:52.633806" level="INFO">${response} = &lt;Response [200]&gt;</msg>
<var>${response}</var>
<arg>consultarAPI</arg>
<arg>/api</arg>
<doc>Sends a GET request on a previously created HTTP Session.</doc>
<status status="PASS" start="2024-06-21T19:11:52.579710" elapsed="0.054136"/>
</kw>
<kw name="Set Variable" owner="BuiltIn">
<msg time="2024-06-21T19:11:52.635225" level="INFO">${json_data} = {'results': [{'gender': 'male', 'name': {'title': 'Mr', 'first': 'Julius', 'last': 'Waara'}, 'location': {'street': {'number': 8023, 'name': 'Korkeavuorenkatu'}, 'city': 'Posio', 'state': 'Central Ost...</msg>
<var>${json_data}</var>
<arg>${response.json()}</arg>
<doc>Returns the given values which can then be assigned to a variables.</doc>
<status status="PASS" start="2024-06-21T19:11:52.634465" elapsed="0.000790"/>
</kw>
<kw name="Log" owner="BuiltIn">
<msg time="2024-06-21T19:11:52.635733" level="INFO">{'results': [{'gender': 'male', 'name': {'title': 'Mr', 'first': 'Julius', 'last': 'Waara'}, 'location': {'street': {'number': 8023, 'name': 'Korkeavuorenkatu'}, 'city': 'Posio', 'state': 'Central Ostrobothnia', 'country': 'Finland', 'postcode': 48111, 'coordinates': {'latitude': '-23.2717', 'longitude': '-2.0610'}, 'timezone': {'offset': '-6:00', 'description': 'Central Time (US &amp; Canada), Mexico City'}}, 'email': 'julius.waara@example.com', 'login': {'uuid': '6f3c5a16-b937-4566-97cf-db8d37fe3a1f', 'username': 'silverwolf866', 'password': 'jordan23', 'salt': 'RKoDxzAL', 'md5': 'ee56d537826ab29ea3c03a6ee9b6c99f', 'sha1': '47afd78a71daed573592de14968ae7ffd9b5ba9d', 'sha256': 'ba15c0b7dbe5d0c8a46e89d0c54a5413d4e1e6693c0b9a6328b0a76426b38717'}, 'dob': {'date': '1987-01-26T10:51:29.806Z', 'age': 37}, 'registered': {'date': '2013-04-15T05:10:37.471Z', 'age': 11}, 'phone': '03-498-260', 'cell': '049-678-52-00', 'id': {'name': 'HETU', 'value': 'NaNNA915undefined'}, 'picture': {'large': 'https://randomuser.me/api/portraits/men/85.jpg', 'medium': 'https://randomuser.me/api/portraits/med/men/85.jpg', 'thumbnail': 'https://randomuser.me/api/portraits/thumb/men/85.jpg'}, 'nat': 'FI'}], 'info': {'seed': '2c98e8b1fc6e6bf8', 'results': 1, 'page': 1, 'version': '1.4'}}</msg>
<arg>${json_data}</arg>
<doc>Logs the given message with the given level.</doc>
<status status="PASS" start="2024-06-21T19:11:52.635575" elapsed="0.000209"/>
</kw>
<kw name="Should Be Equal As Numbers" owner="BuiltIn">
<arg>${json_data['results'][0]['location']['postcode']}</arg>
<arg>${json_data['results'][0]['location']['postcode']}</arg>
<doc>Fails if objects are unequal after converting them to real numbers.</doc>
<status status="PASS" start="2024-06-21T19:11:52.636088" elapsed="0.000623"/>
</kw>
<kw name="Log" owner="BuiltIn">
<msg time="2024-06-21T19:11:52.637484" level="INFO">48111</msg>
<arg>${json_data['results'][0]['location']['postcode']}</arg>
<doc>Logs the given message with the given level.</doc>
<status status="PASS" start="2024-06-21T19:11:52.636931" elapsed="0.000596"/>
</kw>
<status status="PASS" start="2024-06-21T19:11:52.579476" elapsed="0.058313"/>
</kw>
<doc>Testa se os tipos de dados na resposta da API estão corretos.</doc>
<tag>testeTiposDados</tag>
<status status="PASS" start="2024-06-21T19:11:52.467317" elapsed="0.170642"/>
</test>
<test id="s1-s1-t5" name="Validar conteudo" line="35">
<kw name="Teste de Tipos de Conteudo" owner="random-user-service">
<kw name="GET On Session" owner="RequestsLibrary">
<msg time="2024-06-21T19:11:52.740974" level="INFO">GET Request : url=https://randomuser.me/api 
 path_url=/api 
 headers={'User-Agent': 'python-requests/2.32.3', 'Accept-Encoding': 'gzip, deflate', 'Accept': '*/*', 'Connection': 'keep-alive'} 
 body=None 
 </msg>
<msg time="2024-06-21T19:11:52.741120" level="INFO">GET Response : url=https://randomuser.me/api 
 status=200, reason=OK 
 headers={'Date': 'Fri, 21 Jun 2024 19:11:52 GMT', 'Content-Type': 'application/json; charset=utf-8', 'Transfer-Encoding': 'chunked', 'Connection': 'keep-alive', 'X-Powered-By': 'Express', 'Access-Control-Allow-Origin': '*', 'Cache-Control': 'no-cache', 'ETag': 'W/"468-u3OTRRDzCOYltjKngUo/8VfRzXk"', 'Vary': 'Accept-Encoding', 'Content-Encoding': 'gzip', 'CF-Cache-Status': 'DYNAMIC', 'Report-To': '{"endpoints":[{"url":"https:\\/\\/a.nel.cloudflare.com\\/report\\/v4?s=3rLl33JiKAv%2FWjxyHegSKbVLkURDCQaO6YUzm63QJxKGkVIr0FXrW6gMK9Xi6rv6UepD3AKt8h4Uxr6JldcV2lV0%2FsbdcNmlqhcDLHAeXu8SH0nBZWG3vyLSoKwqTENf"}],"group":"cf-nel","max_age":604800}', 'NEL': '{"success_fraction":0,"report_to":"cf-nel","max_age":604800}', 'Server': 'cloudflare', 'CF-RAY': '89764e9209652aa2-ORD', 'alt-svc': 'h3=":443"; ma=86400'} 
 body={"results":[{"gender":"male","name":{"title":"Mr","first":"Sammy","last":"Holmes"},"location":{"street":{"number":622,"name":"Church Lane"},"city":"Tullow","state":"Longford","country":"Ireland","postcode":35230,"coordinates":{"latitude":"2.6791","longitude":"-143.7487"},"timezone":{"offset":"+4:30","description":"Kabul"}},"email":"sammy.holmes@example.com","login":{"uuid":"d6a00f84-4ab3-4d85-9a11-ae0a12586b4b","username":"beautifulcat711","password":"penelope","salt":"sNRp1FuJ","md5":"d3517ce900d0495472b44ce2d4b956fa","sha1":"f70c7987af79db6bf57dea15644000a29f74c0db","sha256":"221ec75c58710539772768a541984230fd15159381a46a460df0614ae4266c7a"},"dob":{"date":"1994-10-21T10:21:35.671Z","age":29},"registered":{"date":"2002-05-11T07:24:01.473Z","age":22},"phone":"011-135-4627","cell":"081-398-1538","id":{"name":"PPS","value":"0500905T"},"picture":{"large":"https://randomuser.me/api/portraits/men/68.jpg","medium":"https://randomuser.me/api/portraits/med/men/68.jpg","thumbnail":"https://randomuser.me/api/portraits/thumb/men/68.jpg"},"nat":"IE"}],"info":{"seed":"5fea77f643e8cfd9","results":1,"page":1,"version":"1.4"}} 
 </msg>
<msg time="2024-06-21T19:11:52.741209" level="INFO">/opt/hostedtoolcache/Python/3.12.4/x64/lib/python3.12/site-packages/urllib3/connectionpool.py:1099: InsecureRequestWarning: Unverified HTTPS request is being made to host 'randomuser.me'. Adding certificate verification is strongly advised. See: https://urllib3.readthedocs.io/en/latest/advanced-usage.html#tls-warnings
  warnings.warn(</msg>
<msg time="2024-06-21T19:11:52.741336" level="INFO">${response} = &lt;Response [200]&gt;</msg>
<var>${response}</var>
<arg>consultarAPI</arg>
<arg>/api</arg>
<doc>Sends a GET request on a previously created HTTP Session.</doc>
<status status="PASS" start="2024-06-21T19:11:52.640457" elapsed="0.100920"/>
</kw>
<kw name="Set Variable" owner="BuiltIn">
<msg time="2024-06-21T19:11:52.742692" level="INFO">${json_data} = {'results': [{'gender': 'male', 'name': {'title': 'Mr', 'first': 'Sammy', 'last': 'Holmes'}, 'location': {'street': {'number': 622, 'name': 'Church Lane'}, 'city': 'Tullow', 'state': 'Longford', 'coun...</msg>
<var>${json_data}</var>
<arg>${response.json()}</arg>
<doc>Returns the given values which can then be assigned to a variables.</doc>
<status status="PASS" start="2024-06-21T19:11:52.742027" elapsed="0.000694"/>
</kw>
<kw name="Set Variable" owner="BuiltIn">
<msg time="2024-06-21T19:11:52.743400" level="INFO">${name_title} = Mr</msg>
<var>${name_title}</var>
<arg>${json_data["results"][0]["name"]["title"]}</arg>
<doc>Returns the given values which can then be assigned to a variables.</doc>
<status status="PASS" start="2024-06-21T19:11:52.743023" elapsed="0.000403"/>
</kw>
<kw name="Create List" owner="BuiltIn">
<msg time="2024-06-21T19:11:52.743872" level="INFO">${allowed_titles} = ['Mr', 'Ms', 'Miss', 'Mrs', 'Madame', 'Monsieur']</msg>
<var>${allowed_titles}</var>
<arg>Mr</arg>
<arg>Ms</arg>
<arg>Miss</arg>
<arg>Mrs</arg>
<arg>Madame</arg>
<arg>Monsieur</arg>
<doc>Returns a list containing given items.</doc>
<status status="PASS" start="2024-06-21T19:11:52.743716" elapsed="0.000180"/>
</kw>
<kw name="List Should Contain Value" owner="Collections">
<arg>${allowed_titles}</arg>
<arg>${name_title}</arg>
<doc>Fails if the ``value`` is not found from ``list``.</doc>
<status status="PASS" start="2024-06-21T19:11:52.744197" elapsed="0.000182"/>
</kw>
<kw name="Set Variable" owner="BuiltIn">
<msg time="2024-06-21T19:11:52.744928" level="INFO">${name_country} = IE</msg>
<var>${name_country}</var>
<arg>${json_data["results"][0]["nat"]}</arg>
<doc>Returns the given values which can then be assigned to a variables.</doc>
<status status="PASS" start="2024-06-21T19:11:52.744561" elapsed="0.000392"/>
</kw>
<kw name="Create List" owner="BuiltIn">
<msg time="2024-06-21T19:11:52.745880" level="INFO">${list_country} = ['AD', 'AE', 'AF', 'AG', 'AI', 'AL', 'AM', 'AO', 'AQ', 'AR', 'AS', 'AT', 'AU', 'AW', 'AX', 'AZ', 'BA', 'BB', 'BD', 'BE', 'BF', 'BG', 'BH', 'BI', 'BJ', 'BL', 'BM', 'BN', 'BO', 'BQ', 'BR', 'BS', 'BT', '...</msg>
<var>${list_country}</var>
<arg>AD</arg>
<arg>AE</arg>
<arg>AF</arg>
<arg>AG</arg>
<arg>AI</arg>
<arg>AL</arg>
<arg>AM</arg>
<arg>AO</arg>
<arg>AQ</arg>
<arg>AR</arg>
<arg>AS</arg>
<arg>AT</arg>
<arg>AU</arg>
<arg>AW</arg>
<arg>AX</arg>
<arg>AZ</arg>
<arg>BA</arg>
<arg>BB</arg>
<arg>BD</arg>
<arg>BE</arg>
<arg>BF</arg>
<arg>BG</arg>
<arg>BH</arg>
<arg>BI</arg>
<arg>BJ</arg>
<arg>BL</arg>
<arg>BM</arg>
<arg>BN</arg>
<arg>BO</arg>
<arg>BQ</arg>
<arg>BR</arg>
<arg>BS</arg>
<arg>BT</arg>
<arg>BV</arg>
<arg>BW</arg>
<arg>BY</arg>
<arg>BZ</arg>
<arg>CA</arg>
<arg>CC</arg>
<arg>CD</arg>
<arg>CF</arg>
<arg>CG</arg>
<arg>CH</arg>
<arg>CI</arg>
<arg>CK</arg>
<arg>CL</arg>
<arg>CM</arg>
<arg>CN</arg>
<arg>CO</arg>
<arg>CR</arg>
<arg>CU</arg>
<arg>CV</arg>
<arg>CW</arg>
<arg>CX</arg>
<arg>CY</arg>
<arg>CZ</arg>
<arg>DE</arg>
<arg>DJ</arg>
<arg>DK</arg>
<arg>DM</arg>
<arg>DO</arg>
<arg>DZ</arg>
<arg>EC</arg>
<arg>EE</arg>
<arg>EG</arg>
<arg>EH</arg>
<arg>ER</arg>
<arg>ES</arg>
<arg>ET</arg>
<arg>FI</arg>
<arg>FJ</arg>
<arg>FK</arg>
<arg>FM</arg>
<arg>FO</arg>
<arg>FR</arg>
<arg>GA</arg>
<arg>GB</arg>
<arg>GD</arg>
<arg>GE</arg>
<arg>GF</arg>
<arg>GG</arg>
<arg>GH</arg>
<arg>GI</arg>
<arg>GL</arg>
<arg>GM</arg>
<arg>GN</arg>
<arg>GP</arg>
<arg>GQ</arg>
<arg>GR</arg>
<arg>GS</arg>
<arg>GT</arg>
<arg>GU</arg>
<arg>GW</arg>
<arg>GY</arg>
<arg>HK</arg>
<arg>HM</arg>
<arg>HN</arg>
<arg>HR</arg>
<arg>HT</arg>
<arg>HU</arg>
<arg>ID</arg>
<arg>IE</arg>
<arg>IL</arg>
<arg>IM</arg>
<arg>IN</arg>
<arg>IO</arg>
<arg>IQ</arg>
<arg>IR</arg>
<arg>IS</arg>
<arg>IT</arg>
<arg>JE</arg>
<arg>JM</arg>
<arg>JO</arg>
<arg>JP</arg>
<arg>KE</arg>
<arg>KG</arg>
<arg>KH</arg>
<arg>KI</arg>
<arg>KM</arg>
<arg>KN</arg>
<arg>KP</arg>
<arg>KR</arg>
<arg>KW</arg>
<arg>KY</arg>
<arg>KZ</arg>
<arg>LA</arg>
<arg>LB</arg>
<arg>LC</arg>
<arg>LI</arg>
<arg>LK</arg>
<arg>LR</arg>
<arg>LS</arg>
<arg>LT</arg>
<arg>LU</arg>
<arg>LV</arg>
<arg>LY</arg>
<arg>MA</arg>
<arg>MC</arg>
<arg>MD</arg>
<arg>ME</arg>
<arg>MF</arg>
<arg>MG</arg>
<arg>MH</arg>
<arg>MK</arg>
<arg>ML</arg>
<arg>MM</arg>
<arg>MN</arg>
<arg>MO</arg>
<arg>MP</arg>
<arg>MQ</arg>
<arg>MR</arg>
<arg>MS</arg>
<arg>MT</arg>
<arg>MU</arg>
<arg>MV</arg>
<arg>MW</arg>
<arg>MX</arg>
<arg>MY</arg>
<arg>MZ</arg>
<arg>NA</arg>
<arg>NC</arg>
<arg>NE</arg>
<arg>NF</arg>
<arg>NG</arg>
<arg>NI</arg>
<arg>NL</arg>
<arg>NO</arg>
<arg>NP</arg>
<arg>NR</arg>
<arg>NU</arg>
<arg>NZ</arg>
<arg>OM</arg>
<arg>PA</arg>
<arg>PE</arg>
<arg>PF</arg>
<arg>PG</arg>
<arg>PH</arg>
<arg>PK</arg>
<arg>PL</arg>
<arg>PM</arg>
<arg>PN</arg>
<arg>PR</arg>
<arg>PS</arg>
<arg>PT</arg>
<arg>PW</arg>
<arg>PY</arg>
<arg>QA</arg>
<arg>RE</arg>
<arg>RO</arg>
<arg>RS</arg>
<arg>RU</arg>
<arg>RW</arg>
<arg>SA</arg>
<arg>SB</arg>
<arg>SC</arg>
<arg>SD</arg>
<arg>SE</arg>
<arg>SG</arg>
<arg>SH</arg>
<arg>SI</arg>
<arg>SJ</arg>
<arg>SK</arg>
<arg>SL</arg>
<arg>SM</arg>
<arg>SN</arg>
<arg>SO</arg>
<arg>SR</arg>
<arg>SS</arg>
<arg>ST</arg>
<arg>SV</arg>
<arg>SX</arg>
<arg>SY</arg>
<arg>SZ</arg>
<arg>TC</arg>
<arg>TD</arg>
<arg>TF</arg>
<arg>TG</arg>
<arg>TH</arg>
<arg>TJ</arg>
<arg>TK</arg>
<arg>TL</arg>
<arg>TM</arg>
<arg>TN</arg>
<arg>TO</arg>
<arg>TR</arg>
<arg>TT</arg>
<arg>TV</arg>
<arg>TW</arg>
<arg>TZ</arg>
<arg>UA</arg>
<arg>UG</arg>
<arg>UM</arg>
<arg>US</arg>
<arg>UY</arg>
<arg>UZ</arg>
<arg>VA</arg>
<arg>VC</arg>
<arg>VE</arg>
<arg>VG</arg>
<arg>VI</arg>
<arg>VN</arg>
<arg>VU</arg>
<arg>WF</arg>
<arg>WS</arg>
<arg>XK</arg>
<arg>YE</arg>
<arg>YT</arg>
<arg>ZA</arg>
<arg>ZM</arg>
<arg>ZW</arg>
<doc>Returns a list containing given items.</doc>
<status status="PASS" start="2024-06-21T19:11:52.745286" elapsed="0.000619"/>
</kw>
<kw name="List Should Contain Value" owner="Collections">
<arg>${list_country}</arg>
<arg>${name_country}</arg>
<doc>Fails if the ``value`` is not found from ``list``.</doc>
<status status="PASS" start="2024-06-21T19:11:52.746697" elapsed="0.000198"/>
</kw>
<kw name="Run Keyword If" owner="BuiltIn">
<kw name="Should Be True" owner="BuiltIn">
<arg>${True}</arg>
<doc>Fails if the given condition is not true.</doc>
<status status="PASS" start="2024-06-21T19:11:52.747847" elapsed="0.000141"/>
</kw>
<arg>${json_data["results"][0]["location"]["coordinates"]["latitude"]} &gt;= -90 and ${json_data["results"][0]["location"]["coordinates"]["latitude"]} &lt;= 90</arg>
<arg>Should Be True</arg>
<arg>${True}</arg>
<doc>Runs the given keyword with the given arguments, if ``condition`` is true.</doc>
<status status="PASS" start="2024-06-21T19:11:52.747090" elapsed="0.001022"/>
</kw>
<kw name="Run Keyword If" owner="BuiltIn">
<kw name="Should Be True" owner="BuiltIn">
<arg>${True}</arg>
<doc>Fails if the given condition is not true.</doc>
<status status="PASS" start="2024-06-21T19:11:52.749012" elapsed="0.000251"/>
</kw>
<arg>${json_data["results"][0]["location"]["coordinates"]["longitude"]} &gt;= -180 and ${json_data["results"][0]["location"]["coordinates"]["longitude"]} &lt;= 180</arg>
<arg>Should Be True</arg>
<arg>${True}</arg>
<doc>Runs the given keyword with the given arguments, if ``condition`` is true.</doc>
<status status="PASS" start="2024-06-21T19:11:52.748297" elapsed="0.001094"/>
</kw>
<status status="PASS" start="2024-06-21T19:11:52.640229" elapsed="0.109295"/>
</kw>
<doc>Testa o conteúdo específico dos campos retornados pela API.</doc>
<tag>testeConteudo</tag>
<status status="PASS" start="2024-06-21T19:11:52.639755" elapsed="0.109922"/>
</test>
<status status="PASS" start="2024-06-21T19:11:51.892235" elapsed="0.859396"/>
</suite>
<status status="PASS" start="2024-06-21T19:11:51.877782" elapsed="0.878827"/>
</suite>
<statistics>
<total>
<stat pass="5" fail="0" skip="0">All Tests</stat>
</total>
<tag>
<stat pass="1" fail="0" skip="0">testeConteudo</stat>
<stat pass="1" fail="0" skip="0">testeEstruturaResposta</stat>
<stat pass="1" fail="0" skip="0">testeRequisicaoBasica</stat>
<stat pass="1" fail="0" skip="0">testeTiposDados</stat>
</tag>
<suite>
<stat pass="5" fail="0" skip="0" id="s1" name="Tests">Tests</stat>
<stat pass="5" fail="0" skip="0" id="s1-s1" name="Random-User-Test">Tests.Random-User-Test</stat>
</suite>
</statistics>
<errors>
</errors>
</robot>
