<?xml version="1.0" encoding="UTF-8"?>
<robot generator="Robot 7.0 (Python 3.12.3 on linux)" generated="2024-05-08T23:15:27.386516" rpa="false" schemaversion="5">
<suite id="s1" name="Tests" source="/home/runner/work/DesafioQAItauRogerioJordao/DesafioQAItauRogerioJordao/RamdonUser/tests">
<suite id="s1-s1" name="Random-User-Test" source="/home/runner/work/DesafioQAItauRogerioJordao/DesafioQAItauRogerioJordao/RamdonUser/tests/random-user-test.robot">
<test id="s1-s1-t1" name="Conectar" line="13">
<kw name="Conectar API" owner="random-user-service">
<kw name="Create Session" owner="RequestsLibrary">
<msg time="2024-05-08T23:15:27.764553" level="INFO">Creating Session using : alias=consultarAPI, url=https://randomuser.me/, headers={},                     cookies={}, auth=None, timeout=None, proxies=None, verify=False,                     debug=0 </msg>
<arg>consultarAPI</arg>
<arg>${URL}</arg>
<doc>Create Session: create a HTTP session to a server</doc>
<status status="PASS" start="2024-05-08T23:15:27.764363" elapsed="0.000356"/>
</kw>
<status status="PASS" start="2024-05-08T23:15:27.763454" elapsed="0.001603"/>
</kw>
<status status="PASS" start="2024-05-08T23:15:27.762920" elapsed="0.002330"/>
</test>
<test id="s1-s1-t2" name="Validar retorno 200 e JSON Válido" line="16">
<kw name="Teste de Requisicao Basica" owner="random-user-service">
<kw name="GET On Session" owner="RequestsLibrary">
<msg time="2024-05-08T23:15:27.889611" level="INFO">GET Request : url=https://randomuser.me/api 
 path_url=/api 
 headers={'User-Agent': 'python-requests/2.31.0', 'Accept-Encoding': 'gzip, deflate', 'Accept': '*/*', 'Connection': 'keep-alive'} 
 body=None 
 </msg>
<msg time="2024-05-08T23:15:27.889708" level="INFO">GET Response : url=https://randomuser.me/api 
 status=200, reason=OK 
 headers={'Date': 'Wed, 08 May 2024 23:15:27 GMT', 'Content-Type': 'application/json; charset=utf-8', 'Transfer-Encoding': 'chunked', 'Connection': 'keep-alive', 'X-Powered-By': 'Express', 'Access-Control-Allow-Origin': '*', 'Cache-Control': 'no-cache', 'ETag': 'W/"483-V9HLZDD83GdMuJ/j7XQrNjYCjXk"', 'Vary': 'Accept-Encoding', 'Content-Encoding': 'gzip', 'CF-Cache-Status': 'DYNAMIC', 'Report-To': '{"endpoints":[{"url":"https:\\/\\/a.nel.cloudflare.com\\/report\\/v4?s=yC2w075jRUs2GuTc4YKLSRrC1XcSN5Za0C8XwkQcOCEiyarwefU9pCkiUnPrbuoftw5DUBW04D8jxcTyBtDX%2BI1kZS4F6H0ZT8Vqshjzj5tjzbTiROhsJrXlbiBLH0zT"}],"group":"cf-nel","max_age":604800}', 'NEL': '{"success_fraction":0,"report_to":"cf-nel","max_age":604800}', 'Server': 'cloudflare', 'CF-RAY': '880d26e2bb0015f7-SJC', 'alt-svc': 'h3=":443"; ma=86400'} 
 body={"results":[{"gender":"female","name":{"title":"Mrs","first":"Laura","last":"Chaudhry"},"location":{"street":{"number":9000,"name":"Tirilveien"},"city":"Østenstad","state":"Trøndelag","country":"Norway","postcode":"0475","coordinates":{"latitude":"47.0066","longitude":"179.1417"},"timezone":{"offset":"-12:00","description":"Eniwetok, Kwajalein"}},"email":"laura.chaudhry@example.com","login":{"uuid":"8160edfe-1e50-4f1e-9baf-b573559f9a57","username":"yellowostrich390","password":"onetwo","salt":"3wb9g6wS","md5":"2def540f022d794f7e3e0679103dc662","sha1":"fcac7792435fa5a8b688e0805cdc29943c93f76b","sha256":"3cb38553e768d97c8d85d76636f670b0b9ee375175fa84aed515bf9c9914bdc6"},"dob":{"date":"1971-10-23T16:49:25.643Z","age":52},"registered":{"date":"2006-12-09T09:56:01.921Z","age":17},"phone":"55966345","cell":"48939866","id":{"name":"FN","value":"23107118446"},"picture":{"large":"https://randomuser.me/api/portraits/women/34.jpg","medium":"https://randomuser.me/api/portraits/med/women/34.jpg","thumbnail":"https://randomuser.me/api/portraits/thumb/women/34.jpg"},"nat":"NO"}],"info":{"seed":"1ca8a5be948270f9","results":1,"page":1,"version":"1.4"}} 
 </msg>
<msg time="2024-05-08T23:15:27.889779" level="INFO">/opt/hostedtoolcache/Python/3.12.3/x64/lib/python3.12/site-packages/urllib3/connectionpool.py:1103: InsecureRequestWarning: Unverified HTTPS request is being made to host 'randomuser.me'. Adding certificate verification is strongly advised. See: https://urllib3.readthedocs.io/en/latest/advanced-usage.html#tls-warnings
  warnings.warn(</msg>
<msg time="2024-05-08T23:15:27.889937" level="INFO">${response} = &lt;Response [200]&gt;</msg>
<var>${response}</var>
<arg>consultarAPI</arg>
<arg>/api</arg>
<doc>Sends a GET request on a previously created HTTP Session.</doc>
<status status="PASS" start="2024-05-08T23:15:27.767846" elapsed="0.122133"/>
</kw>
<kw name="Should Be Equal As Numbers" owner="BuiltIn">
<msg time="2024-05-08T23:15:27.890751" level="INFO">Argument types are:
&lt;class 'int'&gt;
&lt;class 'str'&gt;</msg>
<arg>${response.status_code}</arg>
<arg>200</arg>
<doc>Fails if objects are unequal after converting them to real numbers.</doc>
<status status="PASS" start="2024-05-08T23:15:27.890348" elapsed="0.000474"/>
</kw>
<kw name="Log" owner="BuiltIn">
<msg time="2024-05-08T23:15:27.891509" level="INFO">200</msg>
<arg>${response.status_code}</arg>
<doc>Logs the given message with the given level.</doc>
<status status="PASS" start="2024-05-08T23:15:27.891158" elapsed="0.000394"/>
</kw>
<kw name="Set Variable" owner="BuiltIn">
<msg time="2024-05-08T23:15:27.892293" level="INFO">${json_data} = {'results': [{'gender': 'female', 'name': {'title': 'Mrs', 'first': 'Laura', 'last': 'Chaudhry'}, 'location': {'street': {'number': 9000, 'name': 'Tirilveien'}, 'city': 'Østenstad', 'state': 'Trøndela...</msg>
<var>${json_data}</var>
<arg>${response.json()}</arg>
<doc>Returns the given values which can then be assigned to a variables.</doc>
<status status="PASS" start="2024-05-08T23:15:27.891856" elapsed="0.000466"/>
</kw>
<kw name="Dictionary Should Contain Key" owner="Collections">
<msg time="2024-05-08T23:15:27.892786" level="INFO">False</msg>
<arg>${json_data}</arg>
<arg>results</arg>
<doc>Fails if ``key`` is not found from ``dictionary``.</doc>
<status status="PASS" start="2024-05-08T23:15:27.892624" elapsed="0.000201"/>
</kw>
<status status="PASS" start="2024-05-08T23:15:27.767605" elapsed="0.125466"/>
</kw>
<doc>Testa se a API responde corretamente e retorna um objeto JSON válido.</doc>
<tag>testeRequisicaoBasica</tag>
<status status="PASS" start="2024-05-08T23:15:27.767134" elapsed="0.126103"/>
</test>
<test id="s1-s1-t3" name="Validar estrutura de resposta" line="22">
<kw name="Teste de Estrutura de Resposta" owner="random-user-service">
<kw name="GET On Session" owner="RequestsLibrary">
<msg time="2024-05-08T23:15:27.989592" level="INFO">GET Request : url=https://randomuser.me/api 
 path_url=/api 
 headers={'User-Agent': 'python-requests/2.31.0', 'Accept-Encoding': 'gzip, deflate', 'Accept': '*/*', 'Connection': 'keep-alive'} 
 body=None 
 </msg>
<msg time="2024-05-08T23:15:27.989667" level="INFO">GET Response : url=https://randomuser.me/api 
 status=200, reason=OK 
 headers={'Date': 'Wed, 08 May 2024 23:15:27 GMT', 'Content-Type': 'application/json; charset=utf-8', 'Transfer-Encoding': 'chunked', 'Connection': 'keep-alive', 'X-Powered-By': 'Express', 'Access-Control-Allow-Origin': '*', 'Cache-Control': 'no-cache', 'ETag': 'W/"48f-+JKcYZh65XRWuP8qrGwqhjEZtL4"', 'Vary': 'Accept-Encoding', 'Content-Encoding': 'gzip', 'CF-Cache-Status': 'DYNAMIC', 'Report-To': '{"endpoints":[{"url":"https:\\/\\/a.nel.cloudflare.com\\/report\\/v4?s=%2FqbrG3yH4agIk%2BI5HCjW3HiIsJ1HBnBM0xpas%2BtKcRtlQa5CWzzgzu9Le0ig%2Ffm5vEw1YOpNFxyv0OaAA8av7aeg0xQ6FLs%2Fb41bOQkWZ9%2BZK2JwGr0%2B0knC6fThLb3H"}],"group":"cf-nel","max_age":604800}', 'NEL': '{"success_fraction":0,"report_to":"cf-nel","max_age":604800}', 'Server': 'cloudflare', 'CF-RAY': '880d26e35ba315f7-SJC', 'alt-svc': 'h3=":443"; ma=86400'} 
 body={"results":[{"gender":"male","name":{"title":"Mr","first":"Jackson","last":"Lambert"},"location":{"street":{"number":7501,"name":"E Little York Rd"},"city":"Sunshine Coast","state":"New South Wales","country":"Australia","postcode":4444,"coordinates":{"latitude":"-89.9722","longitude":"-97.6271"},"timezone":{"offset":"+2:00","description":"Kaliningrad, South Africa"}},"email":"jackson.lambert@example.com","login":{"uuid":"788c3c30-7d7c-4994-941d-f271ea7c9346","username":"bigsnake957","password":"dean","salt":"BZCWMJrK","md5":"5aa4f56c6017bc1246a6f47920eb7357","sha1":"061c75a373a096856c9775afa88b75b7f8dae0ab","sha256":"d415ae9c16ae9497aec88482d3703b499d8b7f71e9e5af0e962060eb4328cd86"},"dob":{"date":"1954-07-22T16:05:01.400Z","age":69},"registered":{"date":"2011-02-11T16:17:31.397Z","age":13},"phone":"08-6485-2243","cell":"0483-086-951","id":{"name":"TFN","value":"633416284"},"picture":{"large":"https://randomuser.me/api/portraits/men/6.jpg","medium":"https://randomuser.me/api/portraits/med/men/6.jpg","thumbnail":"https://randomuser.me/api/portraits/thumb/men/6.jpg"},"nat":"AU"}],"info":{"seed":"bfadd95b2125e8d4","results":1,"page":1,"version":"1.4"}} 
 </msg>
<msg time="2024-05-08T23:15:27.989762" level="INFO">/opt/hostedtoolcache/Python/3.12.3/x64/lib/python3.12/site-packages/urllib3/connectionpool.py:1103: InsecureRequestWarning: Unverified HTTPS request is being made to host 'randomuser.me'. Adding certificate verification is strongly advised. See: https://urllib3.readthedocs.io/en/latest/advanced-usage.html#tls-warnings
  warnings.warn(</msg>
<msg time="2024-05-08T23:15:27.989922" level="INFO">${response} = &lt;Response [200]&gt;</msg>
<var>${response}</var>
<arg>consultarAPI</arg>
<arg>/api</arg>
<doc>Sends a GET request on a previously created HTTP Session.</doc>
<status status="PASS" start="2024-05-08T23:15:27.895774" elapsed="0.094191"/>
</kw>
<kw name="Set Variable" owner="BuiltIn">
<msg time="2024-05-08T23:15:27.990780" level="INFO">${json_data} = {'results': [{'gender': 'male', 'name': {'title': 'Mr', 'first': 'Jackson', 'last': 'Lambert'}, 'location': {'street': {'number': 7501, 'name': 'E Little York Rd'}, 'city': 'Sunshine Coast', 'state': ...</msg>
<var>${json_data}</var>
<arg>${response.json()}</arg>
<doc>Returns the given values which can then be assigned to a variables.</doc>
<status status="PASS" start="2024-05-08T23:15:27.990314" elapsed="0.000496"/>
</kw>
<kw name="Log" owner="BuiltIn">
<msg time="2024-05-08T23:15:27.991272" level="INFO">{'results': [{'gender': 'male', 'name': {'title': 'Mr', 'first': 'Jackson', 'last': 'Lambert'}, 'location': {'street': {'number': 7501, 'name': 'E Little York Rd'}, 'city': 'Sunshine Coast', 'state': 'New South Wales', 'country': 'Australia', 'postcode': 4444, 'coordinates': {'latitude': '-89.9722', 'longitude': '-97.6271'}, 'timezone': {'offset': '+2:00', 'description': 'Kaliningrad, South Africa'}}, 'email': 'jackson.lambert@example.com', 'login': {'uuid': '788c3c30-7d7c-4994-941d-f271ea7c9346', 'username': 'bigsnake957', 'password': 'dean', 'salt': 'BZCWMJrK', 'md5': '5aa4f56c6017bc1246a6f47920eb7357', 'sha1': '061c75a373a096856c9775afa88b75b7f8dae0ab', 'sha256': 'd415ae9c16ae9497aec88482d3703b499d8b7f71e9e5af0e962060eb4328cd86'}, 'dob': {'date': '1954-07-22T16:05:01.400Z', 'age': 69}, 'registered': {'date': '2011-02-11T16:17:31.397Z', 'age': 13}, 'phone': '08-6485-2243', 'cell': '0483-086-951', 'id': {'name': 'TFN', 'value': '633416284'}, 'picture': {'large': 'https://randomuser.me/api/portraits/men/6.jpg', 'medium': 'https://randomuser.me/api/portraits/med/men/6.jpg', 'thumbnail': 'https://randomuser.me/api/portraits/thumb/men/6.jpg'}, 'nat': 'AU'}], 'info': {'seed': 'bfadd95b2125e8d4', 'results': 1, 'page': 1, 'version': '1.4'}}</msg>
<arg>${json_data}</arg>
<doc>Logs the given message with the given level.</doc>
<status status="PASS" start="2024-05-08T23:15:27.991116" elapsed="0.000210"/>
</kw>
<kw name="Dictionary Should Contain Key" owner="Collections">
<msg time="2024-05-08T23:15:27.991777" level="INFO">False</msg>
<arg>${json_data}</arg>
<arg>results</arg>
<doc>Fails if ``key`` is not found from ``dictionary``.</doc>
<status status="PASS" start="2024-05-08T23:15:27.991626" elapsed="0.000188"/>
</kw>
<kw name="Should Not Be Empty" owner="BuiltIn">
<msg time="2024-05-08T23:15:27.992239" level="INFO">Length is 2.</msg>
<arg>${json_data}</arg>
<doc>Verifies that the given item is not empty.</doc>
<status status="PASS" start="2024-05-08T23:15:27.992109" elapsed="0.000168"/>
</kw>
<kw name="Create List" owner="BuiltIn">
<msg time="2024-05-08T23:15:27.992833" level="INFO">${expected_keys} = ['gender', 'name', 'location', 'email', 'login']</msg>
<var>${expected_keys}</var>
<arg>gender</arg>
<arg>name</arg>
<arg>location</arg>
<arg>email</arg>
<arg>login</arg>
<doc>Returns a list containing given items.</doc>
<status status="PASS" start="2024-05-08T23:15:27.992564" elapsed="0.000293"/>
</kw>
<for flavor="IN">
<iter>
<kw name="Dictionary Should Contain Key" owner="Collections">
<msg time="2024-05-08T23:15:27.993852" level="INFO">False</msg>
<arg>${json_data['results'][0]}</arg>
<arg>${key}</arg>
<doc>Fails if ``key`` is not found from ``dictionary``.</doc>
<status status="PASS" start="2024-05-08T23:15:27.993422" elapsed="0.000477"/>
</kw>
<kw name="Log" owner="BuiltIn">
<msg time="2024-05-08T23:15:27.994579" level="INFO">{'gender': 'male', 'name': {'title': 'Mr', 'first': 'Jackson', 'last': 'Lambert'}, 'location': {'street': {'number': 7501, 'name': 'E Little York Rd'}, 'city': 'Sunshine Coast', 'state': 'New South Wales', 'country': 'Australia', 'postcode': 4444, 'coordinates': {'latitude': '-89.9722', 'longitude': '-97.6271'}, 'timezone': {'offset': '+2:00', 'description': 'Kaliningrad, South Africa'}}, 'email': 'jackson.lambert@example.com', 'login': {'uuid': '788c3c30-7d7c-4994-941d-f271ea7c9346', 'username': 'bigsnake957', 'password': 'dean', 'salt': 'BZCWMJrK', 'md5': '5aa4f56c6017bc1246a6f47920eb7357', 'sha1': '061c75a373a096856c9775afa88b75b7f8dae0ab', 'sha256': 'd415ae9c16ae9497aec88482d3703b499d8b7f71e9e5af0e962060eb4328cd86'}, 'dob': {'date': '1954-07-22T16:05:01.400Z', 'age': 69}, 'registered': {'date': '2011-02-11T16:17:31.397Z', 'age': 13}, 'phone': '08-6485-2243', 'cell': '0483-086-951', 'id': {'name': 'TFN', 'value': '633416284'}, 'picture': {'large': 'https://randomuser.me/api/portraits/men/6.jpg', 'medium': 'https://randomuser.me/api/portraits/med/men/6.jpg', 'thumbnail': 'https://randomuser.me/api/portraits/thumb/men/6.jpg'}, 'nat': 'AU'}</msg>
<arg>${json_data['results'][0]}</arg>
<doc>Logs the given message with the given level.</doc>
<status status="PASS" start="2024-05-08T23:15:27.994207" elapsed="0.000421"/>
</kw>
<kw name="Log" owner="BuiltIn">
<msg time="2024-05-08T23:15:27.995055" level="INFO">gender</msg>
<arg>${key}</arg>
<doc>Logs the given message with the given level.</doc>
<status status="PASS" start="2024-05-08T23:15:27.994928" elapsed="0.000165"/>
</kw>
<var name="${key}">gender</var>
<status status="PASS" start="2024-05-08T23:15:27.993297" elapsed="0.002009"/>
</iter>
<iter>
<kw name="Dictionary Should Contain Key" owner="Collections">
<msg time="2024-05-08T23:15:27.995999" level="INFO">False</msg>
<arg>${json_data['results'][0]}</arg>
<arg>${key}</arg>
<doc>Fails if ``key`` is not found from ``dictionary``.</doc>
<status status="PASS" start="2024-05-08T23:15:27.995609" elapsed="0.000427"/>
</kw>
<kw name="Log" owner="BuiltIn">
<msg time="2024-05-08T23:15:27.996720" level="INFO">{'gender': 'male', 'name': {'title': 'Mr', 'first': 'Jackson', 'last': 'Lambert'}, 'location': {'street': {'number': 7501, 'name': 'E Little York Rd'}, 'city': 'Sunshine Coast', 'state': 'New South Wales', 'country': 'Australia', 'postcode': 4444, 'coordinates': {'latitude': '-89.9722', 'longitude': '-97.6271'}, 'timezone': {'offset': '+2:00', 'description': 'Kaliningrad, South Africa'}}, 'email': 'jackson.lambert@example.com', 'login': {'uuid': '788c3c30-7d7c-4994-941d-f271ea7c9346', 'username': 'bigsnake957', 'password': 'dean', 'salt': 'BZCWMJrK', 'md5': '5aa4f56c6017bc1246a6f47920eb7357', 'sha1': '061c75a373a096856c9775afa88b75b7f8dae0ab', 'sha256': 'd415ae9c16ae9497aec88482d3703b499d8b7f71e9e5af0e962060eb4328cd86'}, 'dob': {'date': '1954-07-22T16:05:01.400Z', 'age': 69}, 'registered': {'date': '2011-02-11T16:17:31.397Z', 'age': 13}, 'phone': '08-6485-2243', 'cell': '0483-086-951', 'id': {'name': 'TFN', 'value': '633416284'}, 'picture': {'large': 'https://randomuser.me/api/portraits/men/6.jpg', 'medium': 'https://randomuser.me/api/portraits/med/men/6.jpg', 'thumbnail': 'https://randomuser.me/api/portraits/thumb/men/6.jpg'}, 'nat': 'AU'}</msg>
<arg>${json_data['results'][0]}</arg>
<doc>Logs the given message with the given level.</doc>
<status status="PASS" start="2024-05-08T23:15:27.996358" elapsed="0.000410"/>
</kw>
<kw name="Log" owner="BuiltIn">
<msg time="2024-05-08T23:15:27.997184" level="INFO">name</msg>
<arg>${key}</arg>
<doc>Logs the given message with the given level.</doc>
<status status="PASS" start="2024-05-08T23:15:27.997059" elapsed="0.000163"/>
</kw>
<var name="${key}">name</var>
<status status="PASS" start="2024-05-08T23:15:27.995493" elapsed="0.001941"/>
</iter>
<iter>
<kw name="Dictionary Should Contain Key" owner="Collections">
<msg time="2024-05-08T23:15:27.998141" level="INFO">False</msg>
<arg>${json_data['results'][0]}</arg>
<arg>${key}</arg>
<doc>Fails if ``key`` is not found from ``dictionary``.</doc>
<status status="PASS" start="2024-05-08T23:15:27.997726" elapsed="0.000452"/>
</kw>
<kw name="Log" owner="BuiltIn">
<msg time="2024-05-08T23:15:27.998833" level="INFO">{'gender': 'male', 'name': {'title': 'Mr', 'first': 'Jackson', 'last': 'Lambert'}, 'location': {'street': {'number': 7501, 'name': 'E Little York Rd'}, 'city': 'Sunshine Coast', 'state': 'New South Wales', 'country': 'Australia', 'postcode': 4444, 'coordinates': {'latitude': '-89.9722', 'longitude': '-97.6271'}, 'timezone': {'offset': '+2:00', 'description': 'Kaliningrad, South Africa'}}, 'email': 'jackson.lambert@example.com', 'login': {'uuid': '788c3c30-7d7c-4994-941d-f271ea7c9346', 'username': 'bigsnake957', 'password': 'dean', 'salt': 'BZCWMJrK', 'md5': '5aa4f56c6017bc1246a6f47920eb7357', 'sha1': '061c75a373a096856c9775afa88b75b7f8dae0ab', 'sha256': 'd415ae9c16ae9497aec88482d3703b499d8b7f71e9e5af0e962060eb4328cd86'}, 'dob': {'date': '1954-07-22T16:05:01.400Z', 'age': 69}, 'registered': {'date': '2011-02-11T16:17:31.397Z', 'age': 13}, 'phone': '08-6485-2243', 'cell': '0483-086-951', 'id': {'name': 'TFN', 'value': '633416284'}, 'picture': {'large': 'https://randomuser.me/api/portraits/men/6.jpg', 'medium': 'https://randomuser.me/api/portraits/med/men/6.jpg', 'thumbnail': 'https://randomuser.me/api/portraits/thumb/men/6.jpg'}, 'nat': 'AU'}</msg>
<arg>${json_data['results'][0]}</arg>
<doc>Logs the given message with the given level.</doc>
<status status="PASS" start="2024-05-08T23:15:27.998475" elapsed="0.000405"/>
</kw>
<kw name="Log" owner="BuiltIn">
<msg time="2024-05-08T23:15:27.999296" level="INFO">location</msg>
<arg>${key}</arg>
<doc>Logs the given message with the given level.</doc>
<status status="PASS" start="2024-05-08T23:15:27.999171" elapsed="0.000162"/>
</kw>
<var name="${key}">location</var>
<status status="PASS" start="2024-05-08T23:15:27.997616" elapsed="0.001927"/>
</iter>
<iter>
<kw name="Dictionary Should Contain Key" owner="Collections">
<msg time="2024-05-08T23:15:28.000211" level="INFO">False</msg>
<arg>${json_data['results'][0]}</arg>
<arg>${key}</arg>
<doc>Fails if ``key`` is not found from ``dictionary``.</doc>
<status status="PASS" start="2024-05-08T23:15:27.999827" elapsed="0.000421"/>
</kw>
<kw name="Log" owner="BuiltIn">
<msg time="2024-05-08T23:15:28.000911" level="INFO">{'gender': 'male', 'name': {'title': 'Mr', 'first': 'Jackson', 'last': 'Lambert'}, 'location': {'street': {'number': 7501, 'name': 'E Little York Rd'}, 'city': 'Sunshine Coast', 'state': 'New South Wales', 'country': 'Australia', 'postcode': 4444, 'coordinates': {'latitude': '-89.9722', 'longitude': '-97.6271'}, 'timezone': {'offset': '+2:00', 'description': 'Kaliningrad, South Africa'}}, 'email': 'jackson.lambert@example.com', 'login': {'uuid': '788c3c30-7d7c-4994-941d-f271ea7c9346', 'username': 'bigsnake957', 'password': 'dean', 'salt': 'BZCWMJrK', 'md5': '5aa4f56c6017bc1246a6f47920eb7357', 'sha1': '061c75a373a096856c9775afa88b75b7f8dae0ab', 'sha256': 'd415ae9c16ae9497aec88482d3703b499d8b7f71e9e5af0e962060eb4328cd86'}, 'dob': {'date': '1954-07-22T16:05:01.400Z', 'age': 69}, 'registered': {'date': '2011-02-11T16:17:31.397Z', 'age': 13}, 'phone': '08-6485-2243', 'cell': '0483-086-951', 'id': {'name': 'TFN', 'value': '633416284'}, 'picture': {'large': 'https://randomuser.me/api/portraits/men/6.jpg', 'medium': 'https://randomuser.me/api/portraits/med/men/6.jpg', 'thumbnail': 'https://randomuser.me/api/portraits/thumb/men/6.jpg'}, 'nat': 'AU'}</msg>
<arg>${json_data['results'][0]}</arg>
<doc>Logs the given message with the given level.</doc>
<status status="PASS" start="2024-05-08T23:15:28.000547" elapsed="0.000412"/>
</kw>
<kw name="Log" owner="BuiltIn">
<msg time="2024-05-08T23:15:28.001373" level="INFO">email</msg>
<arg>${key}</arg>
<doc>Logs the given message with the given level.</doc>
<status status="PASS" start="2024-05-08T23:15:28.001249" elapsed="0.000162"/>
</kw>
<var name="${key}">email</var>
<status status="PASS" start="2024-05-08T23:15:27.999717" elapsed="0.001903"/>
</iter>
<iter>
<kw name="Dictionary Should Contain Key" owner="Collections">
<msg time="2024-05-08T23:15:28.002331" level="INFO">False</msg>
<arg>${json_data['results'][0]}</arg>
<arg>${key}</arg>
<doc>Fails if ``key`` is not found from ``dictionary``.</doc>
<status status="PASS" start="2024-05-08T23:15:28.001945" elapsed="0.000422"/>
</kw>
<kw name="Log" owner="BuiltIn">
<msg time="2024-05-08T23:15:28.003025" level="INFO">{'gender': 'male', 'name': {'title': 'Mr', 'first': 'Jackson', 'last': 'Lambert'}, 'location': {'street': {'number': 7501, 'name': 'E Little York Rd'}, 'city': 'Sunshine Coast', 'state': 'New South Wales', 'country': 'Australia', 'postcode': 4444, 'coordinates': {'latitude': '-89.9722', 'longitude': '-97.6271'}, 'timezone': {'offset': '+2:00', 'description': 'Kaliningrad, South Africa'}}, 'email': 'jackson.lambert@example.com', 'login': {'uuid': '788c3c30-7d7c-4994-941d-f271ea7c9346', 'username': 'bigsnake957', 'password': 'dean', 'salt': 'BZCWMJrK', 'md5': '5aa4f56c6017bc1246a6f47920eb7357', 'sha1': '061c75a373a096856c9775afa88b75b7f8dae0ab', 'sha256': 'd415ae9c16ae9497aec88482d3703b499d8b7f71e9e5af0e962060eb4328cd86'}, 'dob': {'date': '1954-07-22T16:05:01.400Z', 'age': 69}, 'registered': {'date': '2011-02-11T16:17:31.397Z', 'age': 13}, 'phone': '08-6485-2243', 'cell': '0483-086-951', 'id': {'name': 'TFN', 'value': '633416284'}, 'picture': {'large': 'https://randomuser.me/api/portraits/men/6.jpg', 'medium': 'https://randomuser.me/api/portraits/med/men/6.jpg', 'thumbnail': 'https://randomuser.me/api/portraits/thumb/men/6.jpg'}, 'nat': 'AU'}</msg>
<arg>${json_data['results'][0]}</arg>
<doc>Logs the given message with the given level.</doc>
<status status="PASS" start="2024-05-08T23:15:28.002662" elapsed="0.000410"/>
</kw>
<kw name="Log" owner="BuiltIn">
<msg time="2024-05-08T23:15:28.003495" level="INFO">login</msg>
<arg>${key}</arg>
<doc>Logs the given message with the given level.</doc>
<status status="PASS" start="2024-05-08T23:15:28.003369" elapsed="0.000169"/>
</kw>
<var name="${key}">login</var>
<status status="PASS" start="2024-05-08T23:15:28.001823" elapsed="0.001951"/>
</iter>
<var>${key}</var>
<value>@{expected_keys}</value>
<status status="PASS" start="2024-05-08T23:15:27.993118" elapsed="0.010783"/>
</for>
<kw name="Create List" owner="BuiltIn">
<msg time="2024-05-08T23:15:28.004230" level="INFO">${expected_keysTwo} = ['username', 'password']</msg>
<var>${expected_keysTwo}</var>
<arg>username</arg>
<arg>password</arg>
<doc>Returns a list containing given items.</doc>
<status status="PASS" start="2024-05-08T23:15:28.004092" elapsed="0.000161"/>
</kw>
<for flavor="IN">
<iter>
<kw name="Dictionary Should Contain Key" owner="Collections">
<msg time="2024-05-08T23:15:28.005142" level="INFO">False</msg>
<arg>${json_data['results'][0]['login']}</arg>
<arg>${keyTwo}</arg>
<doc>Fails if ``key`` is not found from ``dictionary``.</doc>
<status status="PASS" start="2024-05-08T23:15:28.004749" elapsed="0.000430"/>
</kw>
<kw name="Dictionary Should Contain Key" owner="Collections">
<msg time="2024-05-08T23:15:28.005883" level="INFO">False</msg>
<arg>${json_data['results'][0]['login']}</arg>
<arg>${keyTwo}</arg>
<doc>Fails if ``key`` is not found from ``dictionary``.</doc>
<status status="PASS" start="2024-05-08T23:15:28.005470" elapsed="0.000450"/>
</kw>
<kw name="Log" owner="BuiltIn">
<msg time="2024-05-08T23:15:28.006342" level="INFO">username</msg>
<arg>${keyTwo}</arg>
<doc>Logs the given message with the given level.</doc>
<status status="PASS" start="2024-05-08T23:15:28.006214" elapsed="0.000170"/>
</kw>
<var name="${keyTwo}">username</var>
<status status="PASS" start="2024-05-08T23:15:28.004639" elapsed="0.001958"/>
</iter>
<iter>
<kw name="Dictionary Should Contain Key" owner="Collections">
<msg time="2024-05-08T23:15:28.007271" level="INFO">False</msg>
<arg>${json_data['results'][0]['login']}</arg>
<arg>${keyTwo}</arg>
<doc>Fails if ``key`` is not found from ``dictionary``.</doc>
<status status="PASS" start="2024-05-08T23:15:28.006880" elapsed="0.000428"/>
</kw>
<kw name="Dictionary Should Contain Key" owner="Collections">
<msg time="2024-05-08T23:15:28.008067" level="INFO">False</msg>
<arg>${json_data['results'][0]['login']}</arg>
<arg>${keyTwo}</arg>
<doc>Fails if ``key`` is not found from ``dictionary``.</doc>
<status status="PASS" start="2024-05-08T23:15:28.007600" elapsed="0.000505"/>
</kw>
<kw name="Log" owner="BuiltIn">
<msg time="2024-05-08T23:15:28.008538" level="INFO">password</msg>
<arg>${keyTwo}</arg>
<doc>Logs the given message with the given level.</doc>
<status status="PASS" start="2024-05-08T23:15:28.008411" elapsed="0.000165"/>
</kw>
<var name="${keyTwo}">password</var>
<status status="PASS" start="2024-05-08T23:15:28.006769" elapsed="0.002020"/>
</iter>
<var>${keyTwo}</var>
<value>@{expected_keysTwo}</value>
<status status="PASS" start="2024-05-08T23:15:28.004488" elapsed="0.004422"/>
</for>
<status status="PASS" start="2024-05-08T23:15:27.895549" elapsed="0.113497"/>
</kw>
<doc>Testa a estrutura da resposta da API.</doc>
<tag>testeEstruturaResposta</tag>
<status status="PASS" start="2024-05-08T23:15:27.895080" elapsed="0.114111"/>
</test>
<test id="s1-s1-t4" name="Validar tipos de dados" line="28">
<kw name="Teste de Tipos de Dados" owner="random-user-service">
<kw name="GET On Session" owner="RequestsLibrary">
<msg time="2024-05-08T23:15:28.106138" level="INFO">GET Request : url=https://randomuser.me/api 
 path_url=/api 
 headers={'User-Agent': 'python-requests/2.31.0', 'Accept-Encoding': 'gzip, deflate', 'Accept': '*/*', 'Connection': 'keep-alive'} 
 body=None 
 </msg>
<msg time="2024-05-08T23:15:28.106201" level="INFO">GET Response : url=https://randomuser.me/api 
 status=200, reason=OK 
 headers={'Date': 'Wed, 08 May 2024 23:15:28 GMT', 'Content-Type': 'application/json; charset=utf-8', 'Transfer-Encoding': 'chunked', 'Connection': 'keep-alive', 'X-Powered-By': 'Express', 'Access-Control-Allow-Origin': '*', 'Cache-Control': 'no-cache', 'ETag': 'W/"487-ZVPtEy4Nf9Dc3meLFZDQu6jzPRM"', 'Vary': 'Accept-Encoding', 'Content-Encoding': 'gzip', 'CF-Cache-Status': 'DYNAMIC', 'Report-To': '{"endpoints":[{"url":"https:\\/\\/a.nel.cloudflare.com\\/report\\/v4?s=0qRUrDauo8FuE7GuEdNIvtafdfSuDK3LzaokYXcmaMGNdk4iLuM3nwkniOHxLc6TJDiVnGeWt7312ua1smAH4yMUrkMQfZgpqK%2BvvpNpOPp%2FyscaNqV84Rmo8zloh44W"}],"group":"cf-nel","max_age":604800}', 'NEL': '{"success_fraction":0,"report_to":"cf-nel","max_age":604800}', 'Server': 'cloudflare', 'CF-RAY': '880d26e41c3e15f7-SJC', 'alt-svc': 'h3=":443"; ma=86400'} 
 body={"results":[{"gender":"female","name":{"title":"Ms","first":"Pavitra","last":"Rai"},"location":{"street":{"number":9305,"name":"Kazimar St"},"city":"Shivpuri","state":"Maharashtra","country":"India","postcode":50932,"coordinates":{"latitude":"8.0194","longitude":"97.4874"},"timezone":{"offset":"+1:00","description":"Brussels, Copenhagen, Madrid, Paris"}},"email":"pavitra.rai@example.com","login":{"uuid":"8be7e6d9-74e6-467c-8ffa-c1b3c05d4020","username":"redsnake169","password":"ying","salt":"s4zzBVs0","md5":"0830d31dfa1eb8dc2af6db31c86a7ebf","sha1":"151cfa5a275abd50f93775103385c73f5ef1a99f","sha256":"81b4cf65d41d4508e7620444dede08220cb748b1b3f7df44356da0e865986b1e"},"dob":{"date":"1986-12-20T00:19:58.272Z","age":37},"registered":{"date":"2007-01-14T03:47:17.836Z","age":17},"phone":"7382010169","cell":"7998905972","id":{"name":"UIDAI","value":"069982676100"},"picture":{"large":"https://randomuser.me/api/portraits/women/74.jpg","medium":"https://randomuser.me/api/portraits/med/women/74.jpg","thumbnail":"https://randomuser.me/api/portraits/thumb/women/74.jpg"},"nat":"IN"}],"info":{"seed":"080c1d2c72172c24","results":1,"page":1,"version":"1.4"}} 
 </msg>
<msg time="2024-05-08T23:15:28.106256" level="INFO">/opt/hostedtoolcache/Python/3.12.3/x64/lib/python3.12/site-packages/urllib3/connectionpool.py:1103: InsecureRequestWarning: Unverified HTTPS request is being made to host 'randomuser.me'. Adding certificate verification is strongly advised. See: https://urllib3.readthedocs.io/en/latest/advanced-usage.html#tls-warnings
  warnings.warn(</msg>
<msg time="2024-05-08T23:15:28.106360" level="INFO">${response} = &lt;Response [200]&gt;</msg>
<var>${response}</var>
<arg>consultarAPI</arg>
<arg>/api</arg>
<doc>Sends a GET request on a previously created HTTP Session.</doc>
<status status="PASS" start="2024-05-08T23:15:28.011581" elapsed="0.094815"/>
</kw>
<kw name="Set Variable" owner="BuiltIn">
<msg time="2024-05-08T23:15:28.107199" level="INFO">${json_data} = {'results': [{'gender': 'female', 'name': {'title': 'Ms', 'first': 'Pavitra', 'last': 'Rai'}, 'location': {'street': {'number': 9305, 'name': 'Kazimar St'}, 'city': 'Shivpuri', 'state': 'Maharashtra',...</msg>
<var>${json_data}</var>
<arg>${response.json()}</arg>
<doc>Returns the given values which can then be assigned to a variables.</doc>
<status status="PASS" start="2024-05-08T23:15:28.106740" elapsed="0.000488"/>
</kw>
<kw name="Log" owner="BuiltIn">
<msg time="2024-05-08T23:15:28.107699" level="INFO">{'results': [{'gender': 'female', 'name': {'title': 'Ms', 'first': 'Pavitra', 'last': 'Rai'}, 'location': {'street': {'number': 9305, 'name': 'Kazimar St'}, 'city': 'Shivpuri', 'state': 'Maharashtra', 'country': 'India', 'postcode': 50932, 'coordinates': {'latitude': '8.0194', 'longitude': '97.4874'}, 'timezone': {'offset': '+1:00', 'description': 'Brussels, Copenhagen, Madrid, Paris'}}, 'email': 'pavitra.rai@example.com', 'login': {'uuid': '8be7e6d9-74e6-467c-8ffa-c1b3c05d4020', 'username': 'redsnake169', 'password': 'ying', 'salt': 's4zzBVs0', 'md5': '0830d31dfa1eb8dc2af6db31c86a7ebf', 'sha1': '151cfa5a275abd50f93775103385c73f5ef1a99f', 'sha256': '81b4cf65d41d4508e7620444dede08220cb748b1b3f7df44356da0e865986b1e'}, 'dob': {'date': '1986-12-20T00:19:58.272Z', 'age': 37}, 'registered': {'date': '2007-01-14T03:47:17.836Z', 'age': 17}, 'phone': '7382010169', 'cell': '7998905972', 'id': {'name': 'UIDAI', 'value': '069982676100'}, 'picture': {'large': 'https://randomuser.me/api/portraits/women/74.jpg', 'medium': 'https://randomuser.me/api/portraits/med/women/74.jpg', 'thumbnail': 'https://randomuser.me/api/portraits/thumb/women/74.jpg'}, 'nat': 'IN'}], 'info': {'seed': '080c1d2c72172c24', 'results': 1, 'page': 1, 'version': '1.4'}}</msg>
<arg>${json_data}</arg>
<doc>Logs the given message with the given level.</doc>
<status status="PASS" start="2024-05-08T23:15:28.107531" elapsed="0.000248"/>
</kw>
<kw name="Should Be String" owner="String">
<arg>${json_data['results'][0]['gender']}</arg>
<doc>Fails if the given ``item`` is not a string.</doc>
<status status="PASS" start="2024-05-08T23:15:28.108076" elapsed="0.000373"/>
</kw>
<kw name="Should Match Regexp" owner="BuiltIn">
<arg>${json_data['results'][0]['email']}</arg>
<arg>^[a-zA-Z0-9._%+-]+@[a-zA-Z0-9.-]+\.[a-zA-Z]{2,}$</arg>
<doc>Fails if ``string`` does not match ``pattern`` as a regular expression.</doc>
<status status="PASS" start="2024-05-08T23:15:28.108643" elapsed="0.000508"/>
</kw>
<kw name="Should Match Regexp" owner="BuiltIn">
<arg>${json_data['results'][0]['dob']['date']}</arg>
<arg>\\d{4}-\\d{2}-\\d{2}T\\d{2}:\\d{2}:\\d{2}\\.\\d{3}Z</arg>
<doc>Fails if ``string`` does not match ``pattern`` as a regular expression.</doc>
<status status="PASS" start="2024-05-08T23:15:28.109347" elapsed="0.000525"/>
</kw>
<kw name="Should Match Regexp" owner="BuiltIn">
<arg>${json_data['results'][0]['registered']['date']}</arg>
<arg>\\d{4}-\\d{2}-\\d{2}T\\d{2}:\\d{2}:\\d{2}\\.\\d{3}Z</arg>
<doc>Fails if ``string`` does not match ``pattern`` as a regular expression.</doc>
<status status="PASS" start="2024-05-08T23:15:28.110068" elapsed="0.000372"/>
</kw>
<kw name="Should Match Regexp" owner="BuiltIn">
<arg>${json_data['results'][0]['picture']['large']}</arg>
<arg>^https?://.*\.(?:png|jpe?g|gif|bmp)$</arg>
<doc>Fails if ``string`` does not match ``pattern`` as a regular expression.</doc>
<status status="PASS" start="2024-05-08T23:15:28.110626" elapsed="0.000457"/>
</kw>
<kw name="Should Match Regexp" owner="BuiltIn">
<arg>${json_data['results'][0]['picture']['medium']}</arg>
<arg>^https?://.*\.(?:png|jpe?g|gif|bmp)$</arg>
<doc>Fails if ``string`` does not match ``pattern`` as a regular expression.</doc>
<status status="PASS" start="2024-05-08T23:15:28.111269" elapsed="0.000360"/>
</kw>
<kw name="Should Match Regexp" owner="BuiltIn">
<arg>${json_data['results'][0]['picture']['thumbnail']}</arg>
<arg>^https?://.*\.(?:png|jpe?g|gif|bmp)$</arg>
<doc>Fails if ``string`` does not match ``pattern`` as a regular expression.</doc>
<status status="PASS" start="2024-05-08T23:15:28.111818" elapsed="0.000350"/>
</kw>
<kw name="Log" owner="BuiltIn">
<msg time="2024-05-08T23:15:28.112668" level="INFO">{'large': 'https://randomuser.me/api/portraits/women/74.jpg', 'medium': 'https://randomuser.me/api/portraits/med/women/74.jpg', 'thumbnail': 'https://randomuser.me/api/portraits/thumb/women/74.jpg'}</msg>
<arg>${json_data['results'][0]['picture']}</arg>
<doc>Logs the given message with the given level.</doc>
<status status="PASS" start="2024-05-08T23:15:28.112346" elapsed="0.000362"/>
</kw>
<status status="PASS" start="2024-05-08T23:15:28.011361" elapsed="0.101594"/>
</kw>
<kw name="Teste de Tipos de Dados - Postcode" owner="random-user-service">
<kw name="GET On Session" owner="RequestsLibrary">
<msg time="2024-05-08T23:15:28.208749" level="INFO">GET Request : url=https://randomuser.me/api 
 path_url=/api 
 headers={'User-Agent': 'python-requests/2.31.0', 'Accept-Encoding': 'gzip, deflate', 'Accept': '*/*', 'Connection': 'keep-alive'} 
 body=None 
 </msg>
<msg time="2024-05-08T23:15:28.208834" level="INFO">GET Response : url=https://randomuser.me/api 
 status=200, reason=OK 
 headers={'Date': 'Wed, 08 May 2024 23:15:28 GMT', 'Content-Type': 'application/json; charset=utf-8', 'Transfer-Encoding': 'chunked', 'Connection': 'keep-alive', 'X-Powered-By': 'Express', 'Access-Control-Allow-Origin': '*', 'Cache-Control': 'no-cache', 'ETag': 'W/"48d-q0z4bYnT3+OiZ13yhn0Ng5g1NNI"', 'Vary': 'Accept-Encoding', 'Content-Encoding': 'gzip', 'CF-Cache-Status': 'DYNAMIC', 'Report-To': '{"endpoints":[{"url":"https:\\/\\/a.nel.cloudflare.com\\/report\\/v4?s=omDD7SWpmfh0U3aXg2VUBJRSvg27GgaTbNdB13ljGypg4%2BcZKVOBpQ4IWoJlM2b%2Fsr9RDe4dxYgbxZxARXG8MupM%2FESRCkMslu03MV2KoyMM%2FiXJyKltKKpGzy69SMLF"}],"group":"cf-nel","max_age":604800}', 'NEL': '{"success_fraction":0,"report_to":"cf-nel","max_age":604800}', 'Server': 'cloudflare', 'CF-RAY': '880d26e4bce715f7-SJC', 'alt-svc': 'h3=":443"; ma=86400'} 
 body={"results":[{"gender":"female","name":{"title":"Mrs","first":"Holly","last":"Terry"},"location":{"street":{"number":6557,"name":"Wycliff Ave"},"city":"Cape Fear","state":"Vermont","country":"United States","postcode":94200,"coordinates":{"latitude":"86.1319","longitude":"171.8611"},"timezone":{"offset":"+6:00","description":"Almaty, Dhaka, Colombo"}},"email":"holly.terry@example.com","login":{"uuid":"6e8caf2e-eff0-4dc9-8401-fdcbe5617cbf","username":"beautifulzebra858","password":"1959","salt":"79aZVKHq","md5":"f0e9b551bb7e9f5bcee80ea8f1419186","sha1":"c1b70a008bd2cc00a25b446bac3230cfd693a99c","sha256":"0ed3700f357626b696af6bc49833cbbcc3c2885cb6bc34a3eb2eb612a9a82c96"},"dob":{"date":"1989-09-26T12:02:04.130Z","age":34},"registered":{"date":"2016-07-29T00:03:28.959Z","age":7},"phone":"(441) 577-9017","cell":"(597) 328-5629","id":{"name":"SSN","value":"088-23-3289"},"picture":{"large":"https://randomuser.me/api/portraits/women/89.jpg","medium":"https://randomuser.me/api/portraits/med/women/89.jpg","thumbnail":"https://randomuser.me/api/portraits/thumb/women/89.jpg"},"nat":"US"}],"info":{"seed":"0158a492d8b9ee69","results":1,"page":1,"version":"1.4"}} 
 </msg>
<msg time="2024-05-08T23:15:28.208906" level="INFO">/opt/hostedtoolcache/Python/3.12.3/x64/lib/python3.12/site-packages/urllib3/connectionpool.py:1103: InsecureRequestWarning: Unverified HTTPS request is being made to host 'randomuser.me'. Adding certificate verification is strongly advised. See: https://urllib3.readthedocs.io/en/latest/advanced-usage.html#tls-warnings
  warnings.warn(</msg>
<msg time="2024-05-08T23:15:28.209044" level="INFO">${response} = &lt;Response [200]&gt;</msg>
<var>${response}</var>
<arg>consultarAPI</arg>
<arg>/api</arg>
<doc>Sends a GET request on a previously created HTTP Session.</doc>
<status status="PASS" start="2024-05-08T23:15:28.113383" elapsed="0.095699"/>
</kw>
<kw name="Set Variable" owner="BuiltIn">
<msg time="2024-05-08T23:15:28.209943" level="INFO">${json_data} = {'results': [{'gender': 'female', 'name': {'title': 'Mrs', 'first': 'Holly', 'last': 'Terry'}, 'location': {'street': {'number': 6557, 'name': 'Wycliff Ave'}, 'city': 'Cape Fear', 'state': 'Vermont', ...</msg>
<var>${json_data}</var>
<arg>${response.json()}</arg>
<doc>Returns the given values which can then be assigned to a variables.</doc>
<status status="PASS" start="2024-05-08T23:15:28.209427" elapsed="0.000545"/>
</kw>
<kw name="Log" owner="BuiltIn">
<msg time="2024-05-08T23:15:28.210437" level="INFO">{'results': [{'gender': 'female', 'name': {'title': 'Mrs', 'first': 'Holly', 'last': 'Terry'}, 'location': {'street': {'number': 6557, 'name': 'Wycliff Ave'}, 'city': 'Cape Fear', 'state': 'Vermont', 'country': 'United States', 'postcode': 94200, 'coordinates': {'latitude': '86.1319', 'longitude': '171.8611'}, 'timezone': {'offset': '+6:00', 'description': 'Almaty, Dhaka, Colombo'}}, 'email': 'holly.terry@example.com', 'login': {'uuid': '6e8caf2e-eff0-4dc9-8401-fdcbe5617cbf', 'username': 'beautifulzebra858', 'password': '1959', 'salt': '79aZVKHq', 'md5': 'f0e9b551bb7e9f5bcee80ea8f1419186', 'sha1': 'c1b70a008bd2cc00a25b446bac3230cfd693a99c', 'sha256': '0ed3700f357626b696af6bc49833cbbcc3c2885cb6bc34a3eb2eb612a9a82c96'}, 'dob': {'date': '1989-09-26T12:02:04.130Z', 'age': 34}, 'registered': {'date': '2016-07-29T00:03:28.959Z', 'age': 7}, 'phone': '(441) 577-9017', 'cell': '(597) 328-5629', 'id': {'name': 'SSN', 'value': '088-23-3289'}, 'picture': {'large': 'https://randomuser.me/api/portraits/women/89.jpg', 'medium': 'https://randomuser.me/api/portraits/med/women/89.jpg', 'thumbnail': 'https://randomuser.me/api/portraits/thumb/women/89.jpg'}, 'nat': 'US'}], 'info': {'seed': '0158a492d8b9ee69', 'results': 1, 'page': 1, 'version': '1.4'}}</msg>
<arg>${json_data}</arg>
<doc>Logs the given message with the given level.</doc>
<status status="PASS" start="2024-05-08T23:15:28.210281" elapsed="0.000232"/>
</kw>
<kw name="Should Be Equal As Numbers" owner="BuiltIn">
<arg>${json_data['results'][0]['location']['postcode']}</arg>
<arg>${json_data['results'][0]['location']['postcode']}</arg>
<doc>Fails if objects are unequal after converting them to real numbers.</doc>
<status status="PASS" start="2024-05-08T23:15:28.210820" elapsed="0.000762"/>
</kw>
<kw name="Log" owner="BuiltIn">
<msg time="2024-05-08T23:15:28.212118" level="INFO">94200</msg>
<arg>${json_data['results'][0]['location']['postcode']}</arg>
<doc>Logs the given message with the given level.</doc>
<status status="PASS" start="2024-05-08T23:15:28.211778" elapsed="0.000380"/>
</kw>
<status status="PASS" start="2024-05-08T23:15:28.113165" elapsed="0.099242"/>
</kw>
<doc>Testa se os tipos de dados na resposta da API estão corretos.</doc>
<tag>testeTiposDados</tag>
<status status="PASS" start="2024-05-08T23:15:28.010944" elapsed="0.201623"/>
</test>
<test id="s1-s1-t5" name="Validar conteudo" line="35">
<kw name="Teste de Tipos de Conteudo" owner="random-user-service">
<kw name="GET On Session" owner="RequestsLibrary">
<msg time="2024-05-08T23:15:28.307472" level="INFO">GET Request : url=https://randomuser.me/api 
 path_url=/api 
 headers={'User-Agent': 'python-requests/2.31.0', 'Accept-Encoding': 'gzip, deflate', 'Accept': '*/*', 'Connection': 'keep-alive'} 
 body=None 
 </msg>
<msg time="2024-05-08T23:15:28.307552" level="INFO">GET Response : url=https://randomuser.me/api 
 status=200, reason=OK 
 headers={'Date': 'Wed, 08 May 2024 23:15:28 GMT', 'Content-Type': 'application/json; charset=utf-8', 'Transfer-Encoding': 'chunked', 'Connection': 'keep-alive', 'X-Powered-By': 'Express', 'Access-Control-Allow-Origin': '*', 'Cache-Control': 'no-cache', 'ETag': 'W/"48c-3orqhiOk1FQhZPREUd5Kmo7/m1Q"', 'Vary': 'Accept-Encoding', 'Content-Encoding': 'gzip', 'CF-Cache-Status': 'DYNAMIC', 'Report-To': '{"endpoints":[{"url":"https:\\/\\/a.nel.cloudflare.com\\/report\\/v4?s=vc35qw9rum7%2B6l8J0outfKp%2FCN2YoC%2BZnIxxzBjdFy6gtRjdtPrgbOUQdw3URzrZPBEdNV60UcnB5FEIc7JWBE7M0rax9v2LYyCRFWct2SQPEnIVIJgbxs5UEKJPGwLX"}],"group":"cf-nel","max_age":604800}', 'NEL': '{"success_fraction":0,"report_to":"cf-nel","max_age":604800}', 'Server': 'cloudflare', 'CF-RAY': '880d26e55d8915f7-SJC', 'alt-svc': 'h3=":443"; ma=86400'} 
 body={"results":[{"gender":"male","name":{"title":"Mr","first":"Bob","last":"Ruiz"},"location":{"street":{"number":4603,"name":"Northaven Rd"},"city":"York","state":"Florida","country":"United States","postcode":84790,"coordinates":{"latitude":"87.8930","longitude":"-19.1861"},"timezone":{"offset":"+5:00","description":"Ekaterinburg, Islamabad, Karachi, Tashkent"}},"email":"bob.ruiz@example.com","login":{"uuid":"1ca78f2d-9f6b-4710-b180-a878aeb398eb","username":"orangebird668","password":"awful","salt":"J0ySDeaS","md5":"4a8ffadb6cb1016c0beea6b729adc675","sha1":"9f54a15c9998aa958a69c5c97c3d6a3f83b37867","sha256":"ccdbb91fb4632a3525d61bf584156c4b00362546266fadbfa511f3e1446f6084"},"dob":{"date":"1976-04-23T21:35:24.548Z","age":48},"registered":{"date":"2011-08-08T19:37:38.115Z","age":12},"phone":"(797) 355-9738","cell":"(644) 447-7883","id":{"name":"SSN","value":"475-07-8204"},"picture":{"large":"https://randomuser.me/api/portraits/men/54.jpg","medium":"https://randomuser.me/api/portraits/med/men/54.jpg","thumbnail":"https://randomuser.me/api/portraits/thumb/men/54.jpg"},"nat":"US"}],"info":{"seed":"71554796fb715f62","results":1,"page":1,"version":"1.4"}} 
 </msg>
<msg time="2024-05-08T23:15:28.307627" level="INFO">/opt/hostedtoolcache/Python/3.12.3/x64/lib/python3.12/site-packages/urllib3/connectionpool.py:1103: InsecureRequestWarning: Unverified HTTPS request is being made to host 'randomuser.me'. Adding certificate verification is strongly advised. See: https://urllib3.readthedocs.io/en/latest/advanced-usage.html#tls-warnings
  warnings.warn(</msg>
<msg time="2024-05-08T23:15:28.307768" level="INFO">${response} = &lt;Response [200]&gt;</msg>
<var>${response}</var>
<arg>consultarAPI</arg>
<arg>/api</arg>
<doc>Sends a GET request on a previously created HTTP Session.</doc>
<status status="PASS" start="2024-05-08T23:15:28.215391" elapsed="0.092430"/>
</kw>
<kw name="Set Variable" owner="BuiltIn">
<msg time="2024-05-08T23:15:28.308718" level="INFO">${json_data} = {'results': [{'gender': 'male', 'name': {'title': 'Mr', 'first': 'Bob', 'last': 'Ruiz'}, 'location': {'street': {'number': 4603, 'name': 'Northaven Rd'}, 'city': 'York', 'state': 'Florida', 'country':...</msg>
<var>${json_data}</var>
<arg>${response.json()}</arg>
<doc>Returns the given values which can then be assigned to a variables.</doc>
<status status="PASS" start="2024-05-08T23:15:28.308255" elapsed="0.000493"/>
</kw>
<kw name="Set Variable" owner="BuiltIn">
<msg time="2024-05-08T23:15:28.309467" level="INFO">${name_title} = Mr</msg>
<var>${name_title}</var>
<arg>${json_data["results"][0]["name"]["title"]}</arg>
<doc>Returns the given values which can then be assigned to a variables.</doc>
<status status="PASS" start="2024-05-08T23:15:28.309066" elapsed="0.000428"/>
</kw>
<kw name="Create List" owner="BuiltIn">
<msg time="2024-05-08T23:15:28.310009" level="INFO">${allowed_titles} = ['Mr', 'Ms', 'Miss', 'Mrs', 'Madame', 'Monsieur']</msg>
<var>${allowed_titles}</var>
<arg>Mr</arg>
<arg>Ms</arg>
<arg>Miss</arg>
<arg>Mrs</arg>
<arg>Madame</arg>
<arg>Monsieur</arg>
<doc>Returns a list containing given items.</doc>
<status status="PASS" start="2024-05-08T23:15:28.309839" elapsed="0.000195"/>
</kw>
<kw name="List Should Contain Value" owner="Collections">
<msg time="2024-05-08T23:15:28.310523" level="INFO">False</msg>
<arg>${allowed_titles}</arg>
<arg>${name_title}</arg>
<doc>Fails if the ``value`` is not found from ``list``.</doc>
<status status="PASS" start="2024-05-08T23:15:28.310353" elapsed="0.000207"/>
</kw>
<kw name="Set Variable" owner="BuiltIn">
<msg time="2024-05-08T23:15:28.311244" level="INFO">${name_country} = US</msg>
<var>${name_country}</var>
<arg>${json_data["results"][0]["nat"]}</arg>
<doc>Returns the given values which can then be assigned to a variables.</doc>
<status status="PASS" start="2024-05-08T23:15:28.310856" elapsed="0.000413"/>
</kw>
<kw name="Create List" owner="BuiltIn">
<msg time="2024-05-08T23:15:28.312384" level="INFO">${list_country} = ['AD', 'AE', 'AF', 'AG', 'AI', 'AL', 'AM', 'AO', 'AQ', 'AR', 'AS', 'AT', 'AU', 'AW', 'AX', 'AZ', 'BA', 'BB', 'BD', 'BE', 'BF', 'BG', 'BH', 'BI', 'BJ', 'BL', 'BM', 'BN', 'BO', 'BQ', 'BR', 'BS', 'BT', '...</msg>
<var>${list_country}</var>
<arg>AD</arg>
<arg>AE</arg>
<arg>AF</arg>
<arg>AG</arg>
<arg>AI</arg>
<arg>AL</arg>
<arg>AM</arg>
<arg>AO</arg>
<arg>AQ</arg>
<arg>AR</arg>
<arg>AS</arg>
<arg>AT</arg>
<arg>AU</arg>
<arg>AW</arg>
<arg>AX</arg>
<arg>AZ</arg>
<arg>BA</arg>
<arg>BB</arg>
<arg>BD</arg>
<arg>BE</arg>
<arg>BF</arg>
<arg>BG</arg>
<arg>BH</arg>
<arg>BI</arg>
<arg>BJ</arg>
<arg>BL</arg>
<arg>BM</arg>
<arg>BN</arg>
<arg>BO</arg>
<arg>BQ</arg>
<arg>BR</arg>
<arg>BS</arg>
<arg>BT</arg>
<arg>BV</arg>
<arg>BW</arg>
<arg>BY</arg>
<arg>BZ</arg>
<arg>CA</arg>
<arg>CC</arg>
<arg>CD</arg>
<arg>CF</arg>
<arg>CG</arg>
<arg>CH</arg>
<arg>CI</arg>
<arg>CK</arg>
<arg>CL</arg>
<arg>CM</arg>
<arg>CN</arg>
<arg>CO</arg>
<arg>CR</arg>
<arg>CU</arg>
<arg>CV</arg>
<arg>CW</arg>
<arg>CX</arg>
<arg>CY</arg>
<arg>CZ</arg>
<arg>DE</arg>
<arg>DJ</arg>
<arg>DK</arg>
<arg>DM</arg>
<arg>DO</arg>
<arg>DZ</arg>
<arg>EC</arg>
<arg>EE</arg>
<arg>EG</arg>
<arg>EH</arg>
<arg>ER</arg>
<arg>ES</arg>
<arg>ET</arg>
<arg>FI</arg>
<arg>FJ</arg>
<arg>FK</arg>
<arg>FM</arg>
<arg>FO</arg>
<arg>FR</arg>
<arg>GA</arg>
<arg>GB</arg>
<arg>GD</arg>
<arg>GE</arg>
<arg>GF</arg>
<arg>GG</arg>
<arg>GH</arg>
<arg>GI</arg>
<arg>GL</arg>
<arg>GM</arg>
<arg>GN</arg>
<arg>GP</arg>
<arg>GQ</arg>
<arg>GR</arg>
<arg>GS</arg>
<arg>GT</arg>
<arg>GU</arg>
<arg>GW</arg>
<arg>GY</arg>
<arg>HK</arg>
<arg>HM</arg>
<arg>HN</arg>
<arg>HR</arg>
<arg>HT</arg>
<arg>HU</arg>
<arg>ID</arg>
<arg>IE</arg>
<arg>IL</arg>
<arg>IM</arg>
<arg>IN</arg>
<arg>IO</arg>
<arg>IQ</arg>
<arg>IR</arg>
<arg>IS</arg>
<arg>IT</arg>
<arg>JE</arg>
<arg>JM</arg>
<arg>JO</arg>
<arg>JP</arg>
<arg>KE</arg>
<arg>KG</arg>
<arg>KH</arg>
<arg>KI</arg>
<arg>KM</arg>
<arg>KN</arg>
<arg>KP</arg>
<arg>KR</arg>
<arg>KW</arg>
<arg>KY</arg>
<arg>KZ</arg>
<arg>LA</arg>
<arg>LB</arg>
<arg>LC</arg>
<arg>LI</arg>
<arg>LK</arg>
<arg>LR</arg>
<arg>LS</arg>
<arg>LT</arg>
<arg>LU</arg>
<arg>LV</arg>
<arg>LY</arg>
<arg>MA</arg>
<arg>MC</arg>
<arg>MD</arg>
<arg>ME</arg>
<arg>MF</arg>
<arg>MG</arg>
<arg>MH</arg>
<arg>MK</arg>
<arg>ML</arg>
<arg>MM</arg>
<arg>MN</arg>
<arg>MO</arg>
<arg>MP</arg>
<arg>MQ</arg>
<arg>MR</arg>
<arg>MS</arg>
<arg>MT</arg>
<arg>MU</arg>
<arg>MV</arg>
<arg>MW</arg>
<arg>MX</arg>
<arg>MY</arg>
<arg>MZ</arg>
<arg>NA</arg>
<arg>NC</arg>
<arg>NE</arg>
<arg>NF</arg>
<arg>NG</arg>
<arg>NI</arg>
<arg>NL</arg>
<arg>NO</arg>
<arg>NP</arg>
<arg>NR</arg>
<arg>NU</arg>
<arg>NZ</arg>
<arg>OM</arg>
<arg>PA</arg>
<arg>PE</arg>
<arg>PF</arg>
<arg>PG</arg>
<arg>PH</arg>
<arg>PK</arg>
<arg>PL</arg>
<arg>PM</arg>
<arg>PN</arg>
<arg>PR</arg>
<arg>PS</arg>
<arg>PT</arg>
<arg>PW</arg>
<arg>PY</arg>
<arg>QA</arg>
<arg>RE</arg>
<arg>RO</arg>
<arg>RS</arg>
<arg>RU</arg>
<arg>RW</arg>
<arg>SA</arg>
<arg>SB</arg>
<arg>SC</arg>
<arg>SD</arg>
<arg>SE</arg>
<arg>SG</arg>
<arg>SH</arg>
<arg>SI</arg>
<arg>SJ</arg>
<arg>SK</arg>
<arg>SL</arg>
<arg>SM</arg>
<arg>SN</arg>
<arg>SO</arg>
<arg>SR</arg>
<arg>SS</arg>
<arg>ST</arg>
<arg>SV</arg>
<arg>SX</arg>
<arg>SY</arg>
<arg>SZ</arg>
<arg>TC</arg>
<arg>TD</arg>
<arg>TF</arg>
<arg>TG</arg>
<arg>TH</arg>
<arg>TJ</arg>
<arg>TK</arg>
<arg>TL</arg>
<arg>TM</arg>
<arg>TN</arg>
<arg>TO</arg>
<arg>TR</arg>
<arg>TT</arg>
<arg>TV</arg>
<arg>TW</arg>
<arg>TZ</arg>
<arg>UA</arg>
<arg>UG</arg>
<arg>UM</arg>
<arg>US</arg>
<arg>UY</arg>
<arg>UZ</arg>
<arg>VA</arg>
<arg>VC</arg>
<arg>VE</arg>
<arg>VG</arg>
<arg>VI</arg>
<arg>VN</arg>
<arg>VU</arg>
<arg>WF</arg>
<arg>WS</arg>
<arg>XK</arg>
<arg>YE</arg>
<arg>YT</arg>
<arg>ZA</arg>
<arg>ZM</arg>
<arg>ZW</arg>
<doc>Returns a list containing given items.</doc>
<status status="PASS" start="2024-05-08T23:15:28.311730" elapsed="0.000682"/>
</kw>
<kw name="List Should Contain Value" owner="Collections">
<msg time="2024-05-08T23:15:28.313426" level="INFO">False</msg>
<arg>${list_country}</arg>
<arg>${name_country}</arg>
<doc>Fails if the ``value`` is not found from ``list``.</doc>
<status status="PASS" start="2024-05-08T23:15:28.313223" elapsed="0.000240"/>
</kw>
<kw name="Run Keyword If" owner="BuiltIn">
<kw name="Should Be True" owner="BuiltIn">
<arg>${True}</arg>
<doc>Fails if the given condition is not true.</doc>
<status status="PASS" start="2024-05-08T23:15:28.314569" elapsed="0.000144"/>
</kw>
<arg>${json_data["results"][0]["location"]["coordinates"]["latitude"]} &gt;= -90 and ${json_data["results"][0]["location"]["coordinates"]["latitude"]} &lt;= 90</arg>
<arg>Should Be True</arg>
<arg>${True}</arg>
<doc>Runs the given keyword with the given arguments, if ``condition`` is true.</doc>
<status status="PASS" start="2024-05-08T23:15:28.313774" elapsed="0.001067"/>
</kw>
<kw name="Run Keyword If" owner="BuiltIn">
<kw name="Should Be True" owner="BuiltIn">
<arg>${True}</arg>
<doc>Fails if the given condition is not true.</doc>
<status status="PASS" start="2024-05-08T23:15:28.315748" elapsed="0.000241"/>
</kw>
<arg>${json_data["results"][0]["location"]["coordinates"]["longitude"]} &gt;= -180 and ${json_data["results"][0]["location"]["coordinates"]["longitude"]} &lt;= 180</arg>
<arg>Should Be True</arg>
<arg>${True}</arg>
<doc>Runs the given keyword with the given arguments, if ``condition`` is true.</doc>
<status status="PASS" start="2024-05-08T23:15:28.315039" elapsed="0.001077"/>
</kw>
<status status="PASS" start="2024-05-08T23:15:28.215025" elapsed="0.101222"/>
</kw>
<doc>Testa o conteúdo específico dos campos retornados pela API.</doc>
<tag>testeConteudo</tag>
<status status="PASS" start="2024-05-08T23:15:28.214369" elapsed="0.102024"/>
</test>
<status status="PASS" start="2024-05-08T23:15:27.445442" elapsed="0.872938"/>
</suite>
<status status="PASS" start="2024-05-08T23:15:27.432034" elapsed="0.891487"/>
</suite>
<statistics>
<total>
<stat pass="5" fail="0" skip="0">All Tests</stat>
</total>
<tag>
<stat pass="1" fail="0" skip="0">testeConteudo</stat>
<stat pass="1" fail="0" skip="0">testeEstruturaResposta</stat>
<stat pass="1" fail="0" skip="0">testeRequisicaoBasica</stat>
<stat pass="1" fail="0" skip="0">testeTiposDados</stat>
</tag>
<suite>
<stat pass="5" fail="0" skip="0" id="s1" name="Tests">Tests</stat>
<stat pass="5" fail="0" skip="0" id="s1-s1" name="Random-User-Test">Tests.Random-User-Test</stat>
</suite>
</statistics>
<errors>
</errors>
</robot>
