<?xml version="1.0" encoding="UTF-8"?>
<robot generator="Robot 7.0.1 (Python 3.12.4 on linux)" generated="2024-07-20T19:11:21.908467" rpa="false" schemaversion="5">
<suite id="s1" name="Tests" source="/home/runner/work/ApiRandomUser/ApiRandomUser/RamdonUser/tests">
<suite id="s1-s1" name="Random-User-Test" source="/home/runner/work/ApiRandomUser/ApiRandomUser/RamdonUser/tests/random-user-test.robot">
<test id="s1-s1-t1" name="Conectar" line="13">
<kw name="Conectar API" owner="random-user-service">
<kw name="Create Session" owner="RequestsLibrary">
<msg time="2024-07-20T19:11:22.304751" level="INFO">Creating Session using : alias=consultarAPI, url=https://randomuser.me/, headers={},                     cookies={}, auth=None, timeout=None, proxies=None, verify=False,                     debug=0 </msg>
<arg>consultarAPI</arg>
<arg>${URL}</arg>
<doc>Create Session: create a HTTP session to a server</doc>
<status status="PASS" start="2024-07-20T19:11:22.304546" elapsed="0.000388"/>
</kw>
<status status="PASS" start="2024-07-20T19:11:22.303443" elapsed="0.001855"/>
</kw>
<status status="PASS" start="2024-07-20T19:11:22.302815" elapsed="0.002678"/>
</test>
<test id="s1-s1-t2" name="Validar retorno 200 e JSON Válido" line="16">
<kw name="Teste de Requisicao Basica" owner="random-user-service">
<kw name="GET On Session" owner="RequestsLibrary">
<msg time="2024-07-20T19:11:22.586444" level="INFO">GET Request : url=https://randomuser.me/api 
 path_url=/api 
 headers={'User-Agent': 'python-requests/2.32.3', 'Accept-Encoding': 'gzip, deflate', 'Accept': '*/*', 'Connection': 'keep-alive'} 
 body=None 
 </msg>
<msg time="2024-07-20T19:11:22.586598" level="INFO">GET Response : url=https://randomuser.me/api 
 status=200, reason=OK 
 headers={'Date': 'Sat, 20 Jul 2024 19:11:22 GMT', 'Content-Type': 'application/json; charset=utf-8', 'Transfer-Encoding': 'chunked', 'Connection': 'keep-alive', 'X-Powered-By': 'Express', 'Access-Control-Allow-Origin': '*', 'Cache-Control': 'no-cache', 'ETag': 'W/"48a-z/tuIW5xywdjmBSR12AG8I0l1xQ"', 'Vary': 'Accept-Encoding', 'Content-Encoding': 'gzip', 'CF-Cache-Status': 'DYNAMIC', 'Report-To': '{"endpoints":[{"url":"https:\\/\\/a.nel.cloudflare.com\\/report\\/v4?s=64S6GvtgNOLavGWfvdR8uVE6RfHeTgzeWX0TY78uIPRefx048Wqmgrzh%2BTg6MEYm4fcQJPfYqwM3pfZoPTkl8QBg7W9PXuu3cBYLHjr%2BxNIs6fjCFqJi6vfxLGFtkar2"}],"group":"cf-nel","max_age":604800}', 'NEL': '{"success_fraction":0,"report_to":"cf-nel","max_age":604800}', 'Server': 'cloudflare', 'CF-RAY': '8a6541b59d51206a-IAD', 'alt-svc': 'h3=":443"; ma=86400'} 
 body={"results":[{"gender":"male","name":{"title":"Monsieur","first":"Heiko","last":"Schmitt"},"location":{"street":{"number":8137,"name":"Rue de L'Église"},"city":"Bleienbach","state":"Luzern","country":"Switzerland","postcode":8493,"coordinates":{"latitude":"-55.8481","longitude":"-138.6390"},"timezone":{"offset":"-3:30","description":"Newfoundland"}},"email":"heiko.schmitt@example.com","login":{"uuid":"6f4d916b-096c-416f-aacb-6330d9a67cbe","username":"silverpeacock478","password":"payday","salt":"aKAWeA75","md5":"b8f1b64a29040613ef8ac827f79d8e83","sha1":"60fb78c97301e4e9229e5ca125c824b26fc6e831","sha256":"2f66b61c141f23a17e3d632a6a44f915200c8da447604040e187a78ec5a3abcd"},"dob":{"date":"1956-08-09T07:21:21.789Z","age":67},"registered":{"date":"2006-07-24T19:04:45.005Z","age":17},"phone":"077 644 76 99","cell":"076 143 67 41","id":{"name":"AVS","value":"756.4812.5481.26"},"picture":{"large":"https://randomuser.me/api/portraits/men/3.jpg","medium":"https://randomuser.me/api/portraits/med/men/3.jpg","thumbnail":"https://randomuser.me/api/portraits/thumb/men/3.jpg"},"nat":"CH"}],"info":{"seed":"7c8a077003eb3fd2","results":1,"page":1,"version":"1.4"}} 
 </msg>
<msg time="2024-07-20T19:11:22.586679" level="INFO">/opt/hostedtoolcache/Python/3.12.4/x64/lib/python3.12/site-packages/urllib3/connectionpool.py:1099: InsecureRequestWarning: Unverified HTTPS request is being made to host 'randomuser.me'. Adding certificate verification is strongly advised. See: https://urllib3.readthedocs.io/en/latest/advanced-usage.html#tls-warnings
  warnings.warn(</msg>
<msg time="2024-07-20T19:11:22.586828" level="INFO">${response} = &lt;Response [200]&gt;</msg>
<var>${response}</var>
<arg>consultarAPI</arg>
<arg>/api</arg>
<doc>Sends a GET request on a previously created HTTP Session.</doc>
<status status="PASS" start="2024-07-20T19:11:22.308276" elapsed="0.278594"/>
</kw>
<kw name="Should Be Equal As Numbers" owner="BuiltIn">
<msg time="2024-07-20T19:11:22.587996" level="INFO">Argument types are:
&lt;class 'int'&gt;
&lt;class 'str'&gt;</msg>
<arg>${response.status_code}</arg>
<arg>200</arg>
<doc>Fails if objects are unequal after converting them to real numbers.</doc>
<status status="PASS" start="2024-07-20T19:11:22.587517" elapsed="0.000546"/>
</kw>
<kw name="Log" owner="BuiltIn">
<msg time="2024-07-20T19:11:22.588769" level="INFO">200</msg>
<arg>${response.status_code}</arg>
<doc>Logs the given message with the given level.</doc>
<status status="PASS" start="2024-07-20T19:11:22.588408" elapsed="0.000405"/>
</kw>
<kw name="Set Variable" owner="BuiltIn">
<msg time="2024-07-20T19:11:22.589562" level="INFO">${json_data} = {'results': [{'gender': 'male', 'name': {'title': 'Monsieur', 'first': 'Heiko', 'last': 'Schmitt'}, 'location': {'street': {'number': 8137, 'name': "Rue de L'Église"}, 'city': 'Bleienbach', 'state': '...</msg>
<var>${json_data}</var>
<arg>${response.json()}</arg>
<doc>Returns the given values which can then be assigned to a variables.</doc>
<status status="PASS" start="2024-07-20T19:11:22.589122" elapsed="0.000470"/>
</kw>
<kw name="Dictionary Should Contain Key" owner="Collections">
<arg>${json_data}</arg>
<arg>results</arg>
<doc>Fails if ``key`` is not found from ``dictionary``.</doc>
<status status="PASS" start="2024-07-20T19:11:22.589892" elapsed="0.000322"/>
</kw>
<status status="PASS" start="2024-07-20T19:11:22.308025" elapsed="0.282345"/>
</kw>
<doc>Testa se a API responde corretamente e retorna um objeto JSON válido.</doc>
<tag>testeRequisicaoBasica</tag>
<status status="PASS" start="2024-07-20T19:11:22.307484" elapsed="0.283070"/>
</test>
<test id="s1-s1-t3" name="Validar estrutura de resposta" line="22">
<kw name="Teste de Estrutura de Resposta" owner="random-user-service">
<kw name="GET On Session" owner="RequestsLibrary">
<msg time="2024-07-20T19:11:22.627334" level="INFO">GET Request : url=https://randomuser.me/api 
 path_url=/api 
 headers={'User-Agent': 'python-requests/2.32.3', 'Accept-Encoding': 'gzip, deflate', 'Accept': '*/*', 'Connection': 'keep-alive'} 
 body=None 
 </msg>
<msg time="2024-07-20T19:11:22.627418" level="INFO">GET Response : url=https://randomuser.me/api 
 status=200, reason=OK 
 headers={'Date': 'Sat, 20 Jul 2024 19:11:22 GMT', 'Content-Type': 'application/json; charset=utf-8', 'Transfer-Encoding': 'chunked', 'Connection': 'keep-alive', 'X-Powered-By': 'Express', 'Access-Control-Allow-Origin': '*', 'Cache-Control': 'no-cache', 'ETag': 'W/"486-It0DfVjmaetznw9UsqrURKVItgo"', 'Vary': 'Accept-Encoding', 'Content-Encoding': 'gzip', 'CF-Cache-Status': 'DYNAMIC', 'Report-To': '{"endpoints":[{"url":"https:\\/\\/a.nel.cloudflare.com\\/report\\/v4?s=8ZNgA5f0OAbweo009Ucm6bR0bwDKIY7Sx0IrlCV7H6HN5EKvZCq%2FzPet%2FBx0HPGVPyJ9qAoDIEpIW8JxfSw3ruOfXh%2FHbWUJZ6Z93H67PEEMRMLebUpL%2BybIZ8lK0yi8"}],"group":"cf-nel","max_age":604800}', 'NEL': '{"success_fraction":0,"report_to":"cf-nel","max_age":604800}', 'Server': 'cloudflare', 'CF-RAY': '8a6541b63e21206a-IAD', 'alt-svc': 'h3=":443"; ma=86400'} 
 body={"results":[{"gender":"male","name":{"title":"Mr","first":"Drago","last":"Malešević"},"location":{"street":{"number":6962,"name":"Labljanska"},"city":"Užice","state":"North Banat","country":"Serbia","postcode":72346,"coordinates":{"latitude":"63.2967","longitude":"-62.7992"},"timezone":{"offset":"-7:00","description":"Mountain Time (US &amp; Canada)"}},"email":"drago.malesevic@example.com","login":{"uuid":"363b6e6b-f095-43dc-9455-298533728a54","username":"goldengoose259","password":"diablo","salt":"7aMto1U2","md5":"8d3dc4673b285dde45508f796c1102d1","sha1":"35ee17132afd6b4a627ac37ae2e5345097b85361","sha256":"bc0a29997b70f060db461ef7dda4c7273bae802bdf70f3d5d313e57b7cafd594"},"dob":{"date":"1978-02-09T07:39:50.922Z","age":46},"registered":{"date":"2013-04-08T03:45:40.653Z","age":11},"phone":"012-4156-325","cell":"060-9867-929","id":{"name":"SID","value":"257227250"},"picture":{"large":"https://randomuser.me/api/portraits/men/37.jpg","medium":"https://randomuser.me/api/portraits/med/men/37.jpg","thumbnail":"https://randomuser.me/api/portraits/thumb/men/37.jpg"},"nat":"RS"}],"info":{"seed":"f1ab57f2dd622da1","results":1,"page":1,"version":"1.4"}} 
 </msg>
<msg time="2024-07-20T19:11:22.627542" level="INFO">/opt/hostedtoolcache/Python/3.12.4/x64/lib/python3.12/site-packages/urllib3/connectionpool.py:1099: InsecureRequestWarning: Unverified HTTPS request is being made to host 'randomuser.me'. Adding certificate verification is strongly advised. See: https://urllib3.readthedocs.io/en/latest/advanced-usage.html#tls-warnings
  warnings.warn(</msg>
<msg time="2024-07-20T19:11:22.627666" level="INFO">${response} = &lt;Response [200]&gt;</msg>
<var>${response}</var>
<arg>consultarAPI</arg>
<arg>/api</arg>
<doc>Sends a GET request on a previously created HTTP Session.</doc>
<status status="PASS" start="2024-07-20T19:11:22.593985" elapsed="0.033731"/>
</kw>
<kw name="Set Variable" owner="BuiltIn">
<msg time="2024-07-20T19:11:22.628728" level="INFO">${json_data} = {'results': [{'gender': 'male', 'name': {'title': 'Mr', 'first': 'Drago', 'last': 'Malešević'}, 'location': {'street': {'number': 6962, 'name': 'Labljanska'}, 'city': 'Užice', 'state': 'North Banat', ...</msg>
<var>${json_data}</var>
<arg>${response.json()}</arg>
<doc>Returns the given values which can then be assigned to a variables.</doc>
<status status="PASS" start="2024-07-20T19:11:22.628168" elapsed="0.000592"/>
</kw>
<kw name="Log" owner="BuiltIn">
<msg time="2024-07-20T19:11:22.629238" level="INFO">{'results': [{'gender': 'male', 'name': {'title': 'Mr', 'first': 'Drago', 'last': 'Malešević'}, 'location': {'street': {'number': 6962, 'name': 'Labljanska'}, 'city': 'Užice', 'state': 'North Banat', 'country': 'Serbia', 'postcode': 72346, 'coordinates': {'latitude': '63.2967', 'longitude': '-62.7992'}, 'timezone': {'offset': '-7:00', 'description': 'Mountain Time (US &amp; Canada)'}}, 'email': 'drago.malesevic@example.com', 'login': {'uuid': '363b6e6b-f095-43dc-9455-298533728a54', 'username': 'goldengoose259', 'password': 'diablo', 'salt': '7aMto1U2', 'md5': '8d3dc4673b285dde45508f796c1102d1', 'sha1': '35ee17132afd6b4a627ac37ae2e5345097b85361', 'sha256': 'bc0a29997b70f060db461ef7dda4c7273bae802bdf70f3d5d313e57b7cafd594'}, 'dob': {'date': '1978-02-09T07:39:50.922Z', 'age': 46}, 'registered': {'date': '2013-04-08T03:45:40.653Z', 'age': 11}, 'phone': '012-4156-325', 'cell': '060-9867-929', 'id': {'name': 'SID', 'value': '257227250'}, 'picture': {'large': 'https://randomuser.me/api/portraits/men/37.jpg', 'medium': 'https://randomuser.me/api/portraits/med/men/37.jpg', 'thumbnail': 'https://randomuser.me/api/portraits/thumb/men/37.jpg'}, 'nat': 'RS'}], 'info': {'seed': 'f1ab57f2dd622da1', 'results': 1, 'page': 1, 'version': '1.4'}}</msg>
<arg>${json_data}</arg>
<doc>Logs the given message with the given level.</doc>
<status status="PASS" start="2024-07-20T19:11:22.629072" elapsed="0.000221"/>
</kw>
<kw name="Dictionary Should Contain Key" owner="Collections">
<arg>${json_data}</arg>
<arg>results</arg>
<doc>Fails if ``key`` is not found from ``dictionary``.</doc>
<status status="PASS" start="2024-07-20T19:11:22.629593" elapsed="0.000182"/>
</kw>
<kw name="Should Not Be Empty" owner="BuiltIn">
<msg time="2024-07-20T19:11:22.630083" level="INFO">Length is 2.</msg>
<arg>${json_data}</arg>
<doc>Verifies that the given item is not empty.</doc>
<status status="PASS" start="2024-07-20T19:11:22.629959" elapsed="0.000162"/>
</kw>
<kw name="Create List" owner="BuiltIn">
<msg time="2024-07-20T19:11:22.630568" level="INFO">${expected_keys} = ['gender', 'name', 'location', 'email', 'login']</msg>
<var>${expected_keys}</var>
<arg>gender</arg>
<arg>name</arg>
<arg>location</arg>
<arg>email</arg>
<arg>login</arg>
<doc>Returns a list containing given items.</doc>
<status status="PASS" start="2024-07-20T19:11:22.630412" elapsed="0.000180"/>
</kw>
<for flavor="IN">
<iter>
<kw name="Dictionary Should Contain Key" owner="Collections">
<arg>${json_data['results'][0]}</arg>
<arg>${key}</arg>
<doc>Fails if ``key`` is not found from ``dictionary``.</doc>
<status status="PASS" start="2024-07-20T19:11:22.631169" elapsed="0.000429"/>
</kw>
<kw name="Log" owner="BuiltIn">
<msg time="2024-07-20T19:11:22.632147" level="INFO">{'gender': 'male', 'name': {'title': 'Mr', 'first': 'Drago', 'last': 'Malešević'}, 'location': {'street': {'number': 6962, 'name': 'Labljanska'}, 'city': 'Užice', 'state': 'North Banat', 'country': 'Serbia', 'postcode': 72346, 'coordinates': {'latitude': '63.2967', 'longitude': '-62.7992'}, 'timezone': {'offset': '-7:00', 'description': 'Mountain Time (US &amp; Canada)'}}, 'email': 'drago.malesevic@example.com', 'login': {'uuid': '363b6e6b-f095-43dc-9455-298533728a54', 'username': 'goldengoose259', 'password': 'diablo', 'salt': '7aMto1U2', 'md5': '8d3dc4673b285dde45508f796c1102d1', 'sha1': '35ee17132afd6b4a627ac37ae2e5345097b85361', 'sha256': 'bc0a29997b70f060db461ef7dda4c7273bae802bdf70f3d5d313e57b7cafd594'}, 'dob': {'date': '1978-02-09T07:39:50.922Z', 'age': 46}, 'registered': {'date': '2013-04-08T03:45:40.653Z', 'age': 11}, 'phone': '012-4156-325', 'cell': '060-9867-929', 'id': {'name': 'SID', 'value': '257227250'}, 'picture': {'large': 'https://randomuser.me/api/portraits/men/37.jpg', 'medium': 'https://randomuser.me/api/portraits/med/men/37.jpg', 'thumbnail': 'https://randomuser.me/api/portraits/thumb/men/37.jpg'}, 'nat': 'RS'}</msg>
<arg>${json_data['results'][0]}</arg>
<doc>Logs the given message with the given level.</doc>
<status status="PASS" start="2024-07-20T19:11:22.631786" elapsed="0.000417"/>
</kw>
<kw name="Log" owner="BuiltIn">
<msg time="2024-07-20T19:11:22.632658" level="INFO">gender</msg>
<arg>${key}</arg>
<doc>Logs the given message with the given level.</doc>
<status status="PASS" start="2024-07-20T19:11:22.632528" elapsed="0.000169"/>
</kw>
<var name="${key}">gender</var>
<status status="PASS" start="2024-07-20T19:11:22.631043" elapsed="0.001872"/>
</iter>
<iter>
<kw name="Dictionary Should Contain Key" owner="Collections">
<arg>${json_data['results'][0]}</arg>
<arg>${key}</arg>
<doc>Fails if ``key`` is not found from ``dictionary``.</doc>
<status status="PASS" start="2024-07-20T19:11:22.633272" elapsed="0.000410"/>
</kw>
<kw name="Log" owner="BuiltIn">
<msg time="2024-07-20T19:11:22.634231" level="INFO">{'gender': 'male', 'name': {'title': 'Mr', 'first': 'Drago', 'last': 'Malešević'}, 'location': {'street': {'number': 6962, 'name': 'Labljanska'}, 'city': 'Užice', 'state': 'North Banat', 'country': 'Serbia', 'postcode': 72346, 'coordinates': {'latitude': '63.2967', 'longitude': '-62.7992'}, 'timezone': {'offset': '-7:00', 'description': 'Mountain Time (US &amp; Canada)'}}, 'email': 'drago.malesevic@example.com', 'login': {'uuid': '363b6e6b-f095-43dc-9455-298533728a54', 'username': 'goldengoose259', 'password': 'diablo', 'salt': '7aMto1U2', 'md5': '8d3dc4673b285dde45508f796c1102d1', 'sha1': '35ee17132afd6b4a627ac37ae2e5345097b85361', 'sha256': 'bc0a29997b70f060db461ef7dda4c7273bae802bdf70f3d5d313e57b7cafd594'}, 'dob': {'date': '1978-02-09T07:39:50.922Z', 'age': 46}, 'registered': {'date': '2013-04-08T03:45:40.653Z', 'age': 11}, 'phone': '012-4156-325', 'cell': '060-9867-929', 'id': {'name': 'SID', 'value': '257227250'}, 'picture': {'large': 'https://randomuser.me/api/portraits/men/37.jpg', 'medium': 'https://randomuser.me/api/portraits/med/men/37.jpg', 'thumbnail': 'https://randomuser.me/api/portraits/thumb/men/37.jpg'}, 'nat': 'RS'}</msg>
<arg>${json_data['results'][0]}</arg>
<doc>Logs the given message with the given level.</doc>
<status status="PASS" start="2024-07-20T19:11:22.633867" elapsed="0.000452"/>
</kw>
<kw name="Log" owner="BuiltIn">
<msg time="2024-07-20T19:11:22.634746" level="INFO">name</msg>
<arg>${key}</arg>
<doc>Logs the given message with the given level.</doc>
<status status="PASS" start="2024-07-20T19:11:22.634618" elapsed="0.000166"/>
</kw>
<var name="${key}">name</var>
<status status="PASS" start="2024-07-20T19:11:22.633126" elapsed="0.001875"/>
</iter>
<iter>
<kw name="Dictionary Should Contain Key" owner="Collections">
<arg>${json_data['results'][0]}</arg>
<arg>${key}</arg>
<doc>Fails if ``key`` is not found from ``dictionary``.</doc>
<status status="PASS" start="2024-07-20T19:11:22.635284" elapsed="0.000381"/>
</kw>
<kw name="Log" owner="BuiltIn">
<msg time="2024-07-20T19:11:22.636212" level="INFO">{'gender': 'male', 'name': {'title': 'Mr', 'first': 'Drago', 'last': 'Malešević'}, 'location': {'street': {'number': 6962, 'name': 'Labljanska'}, 'city': 'Užice', 'state': 'North Banat', 'country': 'Serbia', 'postcode': 72346, 'coordinates': {'latitude': '63.2967', 'longitude': '-62.7992'}, 'timezone': {'offset': '-7:00', 'description': 'Mountain Time (US &amp; Canada)'}}, 'email': 'drago.malesevic@example.com', 'login': {'uuid': '363b6e6b-f095-43dc-9455-298533728a54', 'username': 'goldengoose259', 'password': 'diablo', 'salt': '7aMto1U2', 'md5': '8d3dc4673b285dde45508f796c1102d1', 'sha1': '35ee17132afd6b4a627ac37ae2e5345097b85361', 'sha256': 'bc0a29997b70f060db461ef7dda4c7273bae802bdf70f3d5d313e57b7cafd594'}, 'dob': {'date': '1978-02-09T07:39:50.922Z', 'age': 46}, 'registered': {'date': '2013-04-08T03:45:40.653Z', 'age': 11}, 'phone': '012-4156-325', 'cell': '060-9867-929', 'id': {'name': 'SID', 'value': '257227250'}, 'picture': {'large': 'https://randomuser.me/api/portraits/men/37.jpg', 'medium': 'https://randomuser.me/api/portraits/med/men/37.jpg', 'thumbnail': 'https://randomuser.me/api/portraits/thumb/men/37.jpg'}, 'nat': 'RS'}</msg>
<arg>${json_data['results'][0]}</arg>
<doc>Logs the given message with the given level.</doc>
<status status="PASS" start="2024-07-20T19:11:22.635851" elapsed="0.000415"/>
</kw>
<kw name="Log" owner="BuiltIn">
<msg time="2024-07-20T19:11:22.636715" level="INFO">location</msg>
<arg>${key}</arg>
<doc>Logs the given message with the given level.</doc>
<status status="PASS" start="2024-07-20T19:11:22.636586" elapsed="0.000166"/>
</kw>
<var name="${key}">location</var>
<status status="PASS" start="2024-07-20T19:11:22.635177" elapsed="0.001791"/>
</iter>
<iter>
<kw name="Dictionary Should Contain Key" owner="Collections">
<arg>${json_data['results'][0]}</arg>
<arg>${key}</arg>
<doc>Fails if ``key`` is not found from ``dictionary``.</doc>
<status status="PASS" start="2024-07-20T19:11:22.637245" elapsed="0.000383"/>
</kw>
<kw name="Log" owner="BuiltIn">
<msg time="2024-07-20T19:11:22.638291" level="INFO">{'gender': 'male', 'name': {'title': 'Mr', 'first': 'Drago', 'last': 'Malešević'}, 'location': {'street': {'number': 6962, 'name': 'Labljanska'}, 'city': 'Užice', 'state': 'North Banat', 'country': 'Serbia', 'postcode': 72346, 'coordinates': {'latitude': '63.2967', 'longitude': '-62.7992'}, 'timezone': {'offset': '-7:00', 'description': 'Mountain Time (US &amp; Canada)'}}, 'email': 'drago.malesevic@example.com', 'login': {'uuid': '363b6e6b-f095-43dc-9455-298533728a54', 'username': 'goldengoose259', 'password': 'diablo', 'salt': '7aMto1U2', 'md5': '8d3dc4673b285dde45508f796c1102d1', 'sha1': '35ee17132afd6b4a627ac37ae2e5345097b85361', 'sha256': 'bc0a29997b70f060db461ef7dda4c7273bae802bdf70f3d5d313e57b7cafd594'}, 'dob': {'date': '1978-02-09T07:39:50.922Z', 'age': 46}, 'registered': {'date': '2013-04-08T03:45:40.653Z', 'age': 11}, 'phone': '012-4156-325', 'cell': '060-9867-929', 'id': {'name': 'SID', 'value': '257227250'}, 'picture': {'large': 'https://randomuser.me/api/portraits/men/37.jpg', 'medium': 'https://randomuser.me/api/portraits/med/men/37.jpg', 'thumbnail': 'https://randomuser.me/api/portraits/thumb/men/37.jpg'}, 'nat': 'RS'}</msg>
<arg>${json_data['results'][0]}</arg>
<doc>Logs the given message with the given level.</doc>
<status status="PASS" start="2024-07-20T19:11:22.637929" elapsed="0.000417"/>
</kw>
<kw name="Log" owner="BuiltIn">
<msg time="2024-07-20T19:11:22.638776" level="INFO">email</msg>
<arg>${key}</arg>
<doc>Logs the given message with the given level.</doc>
<status status="PASS" start="2024-07-20T19:11:22.638645" elapsed="0.000169"/>
</kw>
<var name="${key}">email</var>
<status status="PASS" start="2024-07-20T19:11:22.637139" elapsed="0.001893"/>
</iter>
<iter>
<kw name="Dictionary Should Contain Key" owner="Collections">
<arg>${json_data['results'][0]}</arg>
<arg>${key}</arg>
<doc>Fails if ``key`` is not found from ``dictionary``.</doc>
<status status="PASS" start="2024-07-20T19:11:22.639316" elapsed="0.000380"/>
</kw>
<kw name="Log" owner="BuiltIn">
<msg time="2024-07-20T19:11:22.640234" level="INFO">{'gender': 'male', 'name': {'title': 'Mr', 'first': 'Drago', 'last': 'Malešević'}, 'location': {'street': {'number': 6962, 'name': 'Labljanska'}, 'city': 'Užice', 'state': 'North Banat', 'country': 'Serbia', 'postcode': 72346, 'coordinates': {'latitude': '63.2967', 'longitude': '-62.7992'}, 'timezone': {'offset': '-7:00', 'description': 'Mountain Time (US &amp; Canada)'}}, 'email': 'drago.malesevic@example.com', 'login': {'uuid': '363b6e6b-f095-43dc-9455-298533728a54', 'username': 'goldengoose259', 'password': 'diablo', 'salt': '7aMto1U2', 'md5': '8d3dc4673b285dde45508f796c1102d1', 'sha1': '35ee17132afd6b4a627ac37ae2e5345097b85361', 'sha256': 'bc0a29997b70f060db461ef7dda4c7273bae802bdf70f3d5d313e57b7cafd594'}, 'dob': {'date': '1978-02-09T07:39:50.922Z', 'age': 46}, 'registered': {'date': '2013-04-08T03:45:40.653Z', 'age': 11}, 'phone': '012-4156-325', 'cell': '060-9867-929', 'id': {'name': 'SID', 'value': '257227250'}, 'picture': {'large': 'https://randomuser.me/api/portraits/men/37.jpg', 'medium': 'https://randomuser.me/api/portraits/med/men/37.jpg', 'thumbnail': 'https://randomuser.me/api/portraits/thumb/men/37.jpg'}, 'nat': 'RS'}</msg>
<arg>${json_data['results'][0]}</arg>
<doc>Logs the given message with the given level.</doc>
<status status="PASS" start="2024-07-20T19:11:22.639880" elapsed="0.000408"/>
</kw>
<kw name="Log" owner="BuiltIn">
<msg time="2024-07-20T19:11:22.640741" level="INFO">login</msg>
<arg>${key}</arg>
<doc>Logs the given message with the given level.</doc>
<status status="PASS" start="2024-07-20T19:11:22.640613" elapsed="0.000165"/>
</kw>
<var name="${key}">login</var>
<status status="PASS" start="2024-07-20T19:11:22.639209" elapsed="0.001788"/>
</iter>
<var>${key}</var>
<value>@{expected_keys}</value>
<status status="PASS" start="2024-07-20T19:11:22.630856" elapsed="0.010262"/>
</for>
<kw name="Create List" owner="BuiltIn">
<msg time="2024-07-20T19:11:22.641461" level="INFO">${expected_keysTwo} = ['username', 'password']</msg>
<var>${expected_keysTwo}</var>
<arg>username</arg>
<arg>password</arg>
<doc>Returns a list containing given items.</doc>
<status status="PASS" start="2024-07-20T19:11:22.641314" elapsed="0.000199"/>
</kw>
<for flavor="IN">
<iter>
<kw name="Dictionary Should Contain Key" owner="Collections">
<arg>${json_data['results'][0]['login']}</arg>
<arg>${keyTwo}</arg>
<doc>Fails if ``key`` is not found from ``dictionary``.</doc>
<status status="PASS" start="2024-07-20T19:11:22.642068" elapsed="0.000464"/>
</kw>
<kw name="Dictionary Should Contain Key" owner="Collections">
<arg>${json_data['results'][0]['login']}</arg>
<arg>${keyTwo}</arg>
<doc>Fails if ``key`` is not found from ``dictionary``.</doc>
<status status="PASS" start="2024-07-20T19:11:22.642798" elapsed="0.000395"/>
</kw>
<kw name="Log" owner="BuiltIn">
<msg time="2024-07-20T19:11:22.643500" level="INFO">username</msg>
<arg>${keyTwo}</arg>
<doc>Logs the given message with the given level.</doc>
<status status="PASS" start="2024-07-20T19:11:22.643376" elapsed="0.000163"/>
</kw>
<var name="${keyTwo}">username</var>
<status status="PASS" start="2024-07-20T19:11:22.641961" elapsed="0.001801"/>
</iter>
<iter>
<kw name="Dictionary Should Contain Key" owner="Collections">
<arg>${json_data['results'][0]['login']}</arg>
<arg>${keyTwo}</arg>
<doc>Fails if ``key`` is not found from ``dictionary``.</doc>
<status status="PASS" start="2024-07-20T19:11:22.644045" elapsed="0.000407"/>
</kw>
<kw name="Dictionary Should Contain Key" owner="Collections">
<arg>${json_data['results'][0]['login']}</arg>
<arg>${keyTwo}</arg>
<doc>Fails if ``key`` is not found from ``dictionary``.</doc>
<status status="PASS" start="2024-07-20T19:11:22.644635" elapsed="0.000368"/>
</kw>
<kw name="Log" owner="BuiltIn">
<msg time="2024-07-20T19:11:22.645305" level="INFO">password</msg>
<arg>${keyTwo}</arg>
<doc>Logs the given message with the given level.</doc>
<status status="PASS" start="2024-07-20T19:11:22.645179" elapsed="0.000164"/>
</kw>
<var name="${keyTwo}">password</var>
<status status="PASS" start="2024-07-20T19:11:22.643933" elapsed="0.001632"/>
</iter>
<var>${keyTwo}</var>
<value>@{expected_keysTwo}</value>
<status status="PASS" start="2024-07-20T19:11:22.641808" elapsed="0.003879"/>
</for>
<status status="PASS" start="2024-07-20T19:11:22.593621" elapsed="0.052209"/>
</kw>
<doc>Testa a estrutura da resposta da API.</doc>
<tag>testeEstruturaResposta</tag>
<status status="PASS" start="2024-07-20T19:11:22.592868" elapsed="0.053124"/>
</test>
<test id="s1-s1-t4" name="Validar tipos de dados" line="28">
<kw name="Teste de Tipos de Dados" owner="random-user-service">
<kw name="GET On Session" owner="RequestsLibrary">
<msg time="2024-07-20T19:11:22.728370" level="INFO">GET Request : url=https://randomuser.me/api 
 path_url=/api 
 headers={'User-Agent': 'python-requests/2.32.3', 'Accept-Encoding': 'gzip, deflate', 'Accept': '*/*', 'Connection': 'keep-alive'} 
 body=None 
 </msg>
<msg time="2024-07-20T19:11:22.728463" level="INFO">GET Response : url=https://randomuser.me/api 
 status=200, reason=OK 
 headers={'Date': 'Sat, 20 Jul 2024 19:11:22 GMT', 'Content-Type': 'application/json; charset=utf-8', 'Transfer-Encoding': 'chunked', 'Connection': 'keep-alive', 'X-Powered-By': 'Express', 'Access-Control-Allow-Origin': '*', 'Cache-Control': 'no-cache', 'ETag': 'W/"46b-ABWV9kHHwUL4tC/X/FLNAoCLdzA"', 'Vary': 'Accept-Encoding', 'Content-Encoding': 'gzip', 'CF-Cache-Status': 'DYNAMIC', 'Report-To': '{"endpoints":[{"url":"https:\\/\\/a.nel.cloudflare.com\\/report\\/v4?s=lzhzqYpzoc6SHJ3XKCERrenKtxcvk%2F3UhjKDxveTfwmNHkYhKUxeVZIhXItCmVrl%2FyAZqQXVwUdVHo1nAy9fofPK%2FkRMfZGir%2FCsWOhjbvHCaRuk9wvrGH3xnW9vinHZ"}],"group":"cf-nel","max_age":604800}', 'NEL': '{"success_fraction":0,"report_to":"cf-nel","max_age":604800}', 'Server': 'cloudflare', 'CF-RAY': '8a6541b69e82206a-IAD', 'alt-svc': 'h3=":443"; ma=86400'} 
 body={"results":[{"gender":"male","name":{"title":"Mr","first":"Marius","last":"Kristensen"},"location":{"street":{"number":3727,"name":"Vibevej"},"city":"Haslev","state":"Danmark","country":"Denmark","postcode":60675,"coordinates":{"latitude":"-39.8204","longitude":"-164.1542"},"timezone":{"offset":"+4:30","description":"Kabul"}},"email":"marius.kristensen@example.com","login":{"uuid":"95a5f409-847d-447c-aa77-9b1b6f4c0a58","username":"heavyladybug635","password":"offshore","salt":"IqC2rEX3","md5":"dd0c8a714aaa7e197e3e2311f38d3203","sha1":"e90fd7e87979abb664da036ecf7e486c6a0ec3e5","sha256":"cd31041caf067904eab53c89d4cd119777e6c3e6b19203f155b3dbbef6663d88"},"dob":{"date":"1984-05-28T02:48:35.674Z","age":40},"registered":{"date":"2003-09-14T22:42:20.437Z","age":20},"phone":"39270635","cell":"44149226","id":{"name":"CPR","value":"270584-9938"},"picture":{"large":"https://randomuser.me/api/portraits/men/74.jpg","medium":"https://randomuser.me/api/portraits/med/men/74.jpg","thumbnail":"https://randomuser.me/api/portraits/thumb/men/74.jpg"},"nat":"DK"}],"info":{"seed":"0bcf163351295379","results":1,"page":1,"version":"1.4"}} 
 </msg>
<msg time="2024-07-20T19:11:22.728539" level="INFO">/opt/hostedtoolcache/Python/3.12.4/x64/lib/python3.12/site-packages/urllib3/connectionpool.py:1099: InsecureRequestWarning: Unverified HTTPS request is being made to host 'randomuser.me'. Adding certificate verification is strongly advised. See: https://urllib3.readthedocs.io/en/latest/advanced-usage.html#tls-warnings
  warnings.warn(</msg>
<msg time="2024-07-20T19:11:22.728654" level="INFO">${response} = &lt;Response [200]&gt;</msg>
<var>${response}</var>
<arg>consultarAPI</arg>
<arg>/api</arg>
<doc>Sends a GET request on a previously created HTTP Session.</doc>
<status status="PASS" start="2024-07-20T19:11:22.648615" elapsed="0.080089"/>
</kw>
<kw name="Set Variable" owner="BuiltIn">
<msg time="2024-07-20T19:11:22.729783" level="INFO">${json_data} = {'results': [{'gender': 'male', 'name': {'title': 'Mr', 'first': 'Marius', 'last': 'Kristensen'}, 'location': {'street': {'number': 3727, 'name': 'Vibevej'}, 'city': 'Haslev', 'state': 'Danmark', 'cou...</msg>
<var>${json_data}</var>
<arg>${response.json()}</arg>
<doc>Returns the given values which can then be assigned to a variables.</doc>
<status status="PASS" start="2024-07-20T19:11:22.729227" elapsed="0.000585"/>
</kw>
<kw name="Log" owner="BuiltIn">
<msg time="2024-07-20T19:11:22.730277" level="INFO">{'results': [{'gender': 'male', 'name': {'title': 'Mr', 'first': 'Marius', 'last': 'Kristensen'}, 'location': {'street': {'number': 3727, 'name': 'Vibevej'}, 'city': 'Haslev', 'state': 'Danmark', 'country': 'Denmark', 'postcode': 60675, 'coordinates': {'latitude': '-39.8204', 'longitude': '-164.1542'}, 'timezone': {'offset': '+4:30', 'description': 'Kabul'}}, 'email': 'marius.kristensen@example.com', 'login': {'uuid': '95a5f409-847d-447c-aa77-9b1b6f4c0a58', 'username': 'heavyladybug635', 'password': 'offshore', 'salt': 'IqC2rEX3', 'md5': 'dd0c8a714aaa7e197e3e2311f38d3203', 'sha1': 'e90fd7e87979abb664da036ecf7e486c6a0ec3e5', 'sha256': 'cd31041caf067904eab53c89d4cd119777e6c3e6b19203f155b3dbbef6663d88'}, 'dob': {'date': '1984-05-28T02:48:35.674Z', 'age': 40}, 'registered': {'date': '2003-09-14T22:42:20.437Z', 'age': 20}, 'phone': '39270635', 'cell': '44149226', 'id': {'name': 'CPR', 'value': '270584-9938'}, 'picture': {'large': 'https://randomuser.me/api/portraits/men/74.jpg', 'medium': 'https://randomuser.me/api/portraits/med/men/74.jpg', 'thumbnail': 'https://randomuser.me/api/portraits/thumb/men/74.jpg'}, 'nat': 'DK'}], 'info': {'seed': '0bcf163351295379', 'results': 1, 'page': 1, 'version': '1.4'}}</msg>
<arg>${json_data}</arg>
<doc>Logs the given message with the given level.</doc>
<status status="PASS" start="2024-07-20T19:11:22.730122" elapsed="0.000204"/>
</kw>
<kw name="Should Be String" owner="String">
<arg>${json_data['results'][0]['gender']}</arg>
<doc>Fails if the given ``item`` is not a string.</doc>
<status status="PASS" start="2024-07-20T19:11:22.730619" elapsed="0.000368"/>
</kw>
<kw name="Should Match Regexp" owner="BuiltIn">
<arg>${json_data['results'][0]['email']}</arg>
<arg>^[a-zA-Z0-9._%+-]+@[a-zA-Z0-9.-]+\.[a-zA-Z]{2,}$</arg>
<doc>Fails if ``string`` does not match ``pattern`` as a regular expression.</doc>
<status status="PASS" start="2024-07-20T19:11:22.731177" elapsed="0.000513"/>
</kw>
<kw name="Should Match Regexp" owner="BuiltIn">
<arg>${json_data['results'][0]['dob']['date']}</arg>
<arg>\\d{4}-\\d{2}-\\d{2}T\\d{2}:\\d{2}:\\d{2}\\.\\d{3}Z</arg>
<doc>Fails if ``string`` does not match ``pattern`` as a regular expression.</doc>
<status status="PASS" start="2024-07-20T19:11:22.731923" elapsed="0.000652"/>
</kw>
<kw name="Should Match Regexp" owner="BuiltIn">
<arg>${json_data['results'][0]['registered']['date']}</arg>
<arg>\\d{4}-\\d{2}-\\d{2}T\\d{2}:\\d{2}:\\d{2}\\.\\d{3}Z</arg>
<doc>Fails if ``string`` does not match ``pattern`` as a regular expression.</doc>
<status status="PASS" start="2024-07-20T19:11:22.732775" elapsed="0.000376"/>
</kw>
<kw name="Should Match Regexp" owner="BuiltIn">
<arg>${json_data['results'][0]['picture']['large']}</arg>
<arg>^https?://.*\.(?:png|jpe?g|gif|bmp)$</arg>
<doc>Fails if ``string`` does not match ``pattern`` as a regular expression.</doc>
<status status="PASS" start="2024-07-20T19:11:22.733338" elapsed="0.000462"/>
</kw>
<kw name="Should Match Regexp" owner="BuiltIn">
<arg>${json_data['results'][0]['picture']['medium']}</arg>
<arg>^https?://.*\.(?:png|jpe?g|gif|bmp)$</arg>
<doc>Fails if ``string`` does not match ``pattern`` as a regular expression.</doc>
<status status="PASS" start="2024-07-20T19:11:22.733991" elapsed="0.000353"/>
</kw>
<kw name="Should Match Regexp" owner="BuiltIn">
<arg>${json_data['results'][0]['picture']['thumbnail']}</arg>
<arg>^https?://.*\.(?:png|jpe?g|gif|bmp)$</arg>
<doc>Fails if ``string`` does not match ``pattern`` as a regular expression.</doc>
<status status="PASS" start="2024-07-20T19:11:22.734527" elapsed="0.000348"/>
</kw>
<kw name="Log" owner="BuiltIn">
<msg time="2024-07-20T19:11:22.735538" level="INFO">{'large': 'https://randomuser.me/api/portraits/men/74.jpg', 'medium': 'https://randomuser.me/api/portraits/med/men/74.jpg', 'thumbnail': 'https://randomuser.me/api/portraits/thumb/men/74.jpg'}</msg>
<arg>${json_data['results'][0]['picture']}</arg>
<doc>Logs the given message with the given level.</doc>
<status status="PASS" start="2024-07-20T19:11:22.735054" elapsed="0.000545"/>
</kw>
<status status="PASS" start="2024-07-20T19:11:22.648366" elapsed="0.087604"/>
</kw>
<kw name="Teste de Tipos de Dados - Postcode" owner="random-user-service">
<kw name="GET On Session" owner="RequestsLibrary">
<msg time="2024-07-20T19:11:22.825937" level="INFO">GET Request : url=https://randomuser.me/api 
 path_url=/api 
 headers={'User-Agent': 'python-requests/2.32.3', 'Accept-Encoding': 'gzip, deflate', 'Accept': '*/*', 'Connection': 'keep-alive'} 
 body=None 
 </msg>
<msg time="2024-07-20T19:11:22.826052" level="INFO">GET Response : url=https://randomuser.me/api 
 status=200, reason=OK 
 headers={'Date': 'Sat, 20 Jul 2024 19:11:22 GMT', 'Content-Type': 'application/json; charset=utf-8', 'Transfer-Encoding': 'chunked', 'Connection': 'keep-alive', 'X-Powered-By': 'Express', 'Access-Control-Allow-Origin': '*', 'Cache-Control': 'no-cache', 'ETag': 'W/"495-a9H0eH7BchqKq8BoExOQ70hb5S8"', 'Vary': 'Accept-Encoding', 'Content-Encoding': 'gzip', 'CF-Cache-Status': 'DYNAMIC', 'Report-To': '{"endpoints":[{"url":"https:\\/\\/a.nel.cloudflare.com\\/report\\/v4?s=cvbLS74M%2B57eJCP2jZ33wOqlQgCTUV5CAd9qUbJ1Cp%2BDH62dgi1H254LbSSfFR04emcWSJurBvOUKS%2BbIGjUnbJjVR4ZdfIMhdMu%2BmlEdXEHJvKX%2Bb2az5j0d80MEmCX"}],"group":"cf-nel","max_age":604800}', 'NEL': '{"success_fraction":0,"report_to":"cf-nel","max_age":604800}', 'Server': 'cloudflare', 'CF-RAY': '8a6541b71f3a206a-IAD', 'alt-svc': 'h3=":443"; ma=86400'} 
 body={"results":[{"gender":"female","name":{"title":"Mrs","first":"Jacqueline","last":"Banks"},"location":{"street":{"number":2186,"name":"Spring Hill Rd"},"city":"Mackay","state":"Victoria","country":"Australia","postcode":3666,"coordinates":{"latitude":"-89.1470","longitude":"38.0913"},"timezone":{"offset":"+8:00","description":"Beijing, Perth, Singapore, Hong Kong"}},"email":"jacqueline.banks@example.com","login":{"uuid":"60ad3c8c-c5c9-4b6c-b371-b4eea0969c9e","username":"bigpanda361","password":"hola","salt":"vWMRyUCo","md5":"6c10a2f0475baf1cce1a0a22360fd4c1","sha1":"88d0f578260d324cd46800c0f8a2b77c93036ec9","sha256":"3a2bf286f624877d21fa2222926a33843f5ef67232e292d507efe9a5e664a8b5"},"dob":{"date":"1996-08-11T00:06:02.569Z","age":27},"registered":{"date":"2020-07-18T23:25:44.172Z","age":4},"phone":"00-6467-5846","cell":"0429-115-674","id":{"name":"TFN","value":"720192492"},"picture":{"large":"https://randomuser.me/api/portraits/women/60.jpg","medium":"https://randomuser.me/api/portraits/med/women/60.jpg","thumbnail":"https://randomuser.me/api/portraits/thumb/women/60.jpg"},"nat":"AU"}],"info":{"seed":"ee323bb941841399","results":1,"page":1,"version":"1.4"}} 
 </msg>
<msg time="2024-07-20T19:11:22.826147" level="INFO">/opt/hostedtoolcache/Python/3.12.4/x64/lib/python3.12/site-packages/urllib3/connectionpool.py:1099: InsecureRequestWarning: Unverified HTTPS request is being made to host 'randomuser.me'. Adding certificate verification is strongly advised. See: https://urllib3.readthedocs.io/en/latest/advanced-usage.html#tls-warnings
  warnings.warn(</msg>
<msg time="2024-07-20T19:11:22.826289" level="INFO">${response} = &lt;Response [200]&gt;</msg>
<var>${response}</var>
<arg>consultarAPI</arg>
<arg>/api</arg>
<doc>Sends a GET request on a previously created HTTP Session.</doc>
<status status="PASS" start="2024-07-20T19:11:22.736453" elapsed="0.089872"/>
</kw>
<kw name="Set Variable" owner="BuiltIn">
<msg time="2024-07-20T19:11:22.827627" level="INFO">${json_data} = {'results': [{'gender': 'female', 'name': {'title': 'Mrs', 'first': 'Jacqueline', 'last': 'Banks'}, 'location': {'street': {'number': 2186, 'name': 'Spring Hill Rd'}, 'city': 'Mackay', 'state': 'Victo...</msg>
<var>${json_data}</var>
<arg>${response.json()}</arg>
<doc>Returns the given values which can then be assigned to a variables.</doc>
<status status="PASS" start="2024-07-20T19:11:22.826899" elapsed="0.000773"/>
</kw>
<kw name="Log" owner="BuiltIn">
<msg time="2024-07-20T19:11:22.828384" level="INFO">{'results': [{'gender': 'female', 'name': {'title': 'Mrs', 'first': 'Jacqueline', 'last': 'Banks'}, 'location': {'street': {'number': 2186, 'name': 'Spring Hill Rd'}, 'city': 'Mackay', 'state': 'Victoria', 'country': 'Australia', 'postcode': 3666, 'coordinates': {'latitude': '-89.1470', 'longitude': '38.0913'}, 'timezone': {'offset': '+8:00', 'description': 'Beijing, Perth, Singapore, Hong Kong'}}, 'email': 'jacqueline.banks@example.com', 'login': {'uuid': '60ad3c8c-c5c9-4b6c-b371-b4eea0969c9e', 'username': 'bigpanda361', 'password': 'hola', 'salt': 'vWMRyUCo', 'md5': '6c10a2f0475baf1cce1a0a22360fd4c1', 'sha1': '88d0f578260d324cd46800c0f8a2b77c93036ec9', 'sha256': '3a2bf286f624877d21fa2222926a33843f5ef67232e292d507efe9a5e664a8b5'}, 'dob': {'date': '1996-08-11T00:06:02.569Z', 'age': 27}, 'registered': {'date': '2020-07-18T23:25:44.172Z', 'age': 4}, 'phone': '00-6467-5846', 'cell': '0429-115-674', 'id': {'name': 'TFN', 'value': '720192492'}, 'picture': {'large': 'https://randomuser.me/api/portraits/women/60.jpg', 'medium': 'https://randomuser.me/api/portraits/med/women/60.jpg', 'thumbnail': 'https://randomuser.me/api/portraits/thumb/women/60.jpg'}, 'nat': 'AU'}], 'info': {'seed': 'ee323bb941841399', 'results': 1, 'page': 1, 'version': '1.4'}}</msg>
<arg>${json_data}</arg>
<doc>Logs the given message with the given level.</doc>
<status status="PASS" start="2024-07-20T19:11:22.828112" elapsed="0.000369"/>
</kw>
<kw name="Should Be Equal As Numbers" owner="BuiltIn">
<arg>${json_data['results'][0]['location']['postcode']}</arg>
<arg>${json_data['results'][0]['location']['postcode']}</arg>
<doc>Fails if objects are unequal after converting them to real numbers.</doc>
<status status="PASS" start="2024-07-20T19:11:22.828956" elapsed="0.001145"/>
</kw>
<kw name="Log" owner="BuiltIn">
<msg time="2024-07-20T19:11:22.831055" level="INFO">3666</msg>
<arg>${json_data['results'][0]['location']['postcode']}</arg>
<doc>Logs the given message with the given level.</doc>
<status status="PASS" start="2024-07-20T19:11:22.830461" elapsed="0.000666"/>
</kw>
<status status="PASS" start="2024-07-20T19:11:22.736194" elapsed="0.095381"/>
</kw>
<doc>Testa se os tipos de dados na resposta da API estão corretos.</doc>
<tag>testeTiposDados</tag>
<status status="PASS" start="2024-07-20T19:11:22.647761" elapsed="0.184106"/>
</test>
<test id="s1-s1-t5" name="Validar conteudo" line="35">
<kw name="Teste de Tipos de Conteudo" owner="random-user-service">
<kw name="GET On Session" owner="RequestsLibrary">
<msg time="2024-07-20T19:11:22.941636" level="INFO">GET Request : url=https://randomuser.me/api 
 path_url=/api 
 headers={'User-Agent': 'python-requests/2.32.3', 'Accept-Encoding': 'gzip, deflate', 'Accept': '*/*', 'Connection': 'keep-alive'} 
 body=None 
 </msg>
<msg time="2024-07-20T19:11:22.941716" level="INFO">GET Response : url=https://randomuser.me/api 
 status=200, reason=OK 
 headers={'Date': 'Sat, 20 Jul 2024 19:11:22 GMT', 'Content-Type': 'application/json; charset=utf-8', 'Transfer-Encoding': 'chunked', 'Connection': 'keep-alive', 'X-Powered-By': 'Express', 'Access-Control-Allow-Origin': '*', 'Cache-Control': 'no-cache', 'ETag': 'W/"495-NrTwp+ZwSGCnnaQXxiQ1ZsejLzA"', 'Vary': 'Accept-Encoding', 'Content-Encoding': 'gzip', 'CF-Cache-Status': 'DYNAMIC', 'Report-To': '{"endpoints":[{"url":"https:\\/\\/a.nel.cloudflare.com\\/report\\/v4?s=SW1CsKx4wkgByYo1e8qdp3XeQei9s1lrH3U5AwAS123da5U9x29CQr%2B0EokIUujxtC6D%2F7BsBnOqDr7zwLmuiexvyodq0uogcAsV0EO1I%2BWjYyjMcFALsR3iHqg5fsM0"}],"group":"cf-nel","max_age":604800}', 'NEL': '{"success_fraction":0,"report_to":"cf-nel","max_age":604800}', 'Server': 'cloudflare', 'CF-RAY': '8a6541b7b834206a-IAD', 'alt-svc': 'h3=":443"; ma=86400'} 
 body={"results":[{"gender":"female","name":{"title":"Ms","first":"Rachana","last":"Bhat"},"location":{"street":{"number":455,"name":"Colaba Causeway"},"city":"Muzaffarnagar","state":"Assam","country":"India","postcode":64364,"coordinates":{"latitude":"6.0401","longitude":"106.2528"},"timezone":{"offset":"-3:00","description":"Brazil, Buenos Aires, Georgetown"}},"email":"rachana.bhat@example.com","login":{"uuid":"92e503a1-923e-4857-b871-3ba7e6ed8f3a","username":"beautifulelephant767","password":"hotone","salt":"ko6GtDnH","md5":"b1d279aa5770961e408c4409feacbe3c","sha1":"706efa490f82c8432450078f7c19f848083071f2","sha256":"f66e8020bdc1e1b90471462f8f85227a653eaaac1a7cc314516e013b83bca5ac"},"dob":{"date":"1983-05-06T03:39:59.862Z","age":41},"registered":{"date":"2012-01-05T16:23:46.812Z","age":12},"phone":"8985926831","cell":"8058229261","id":{"name":"UIDAI","value":"857524879237"},"picture":{"large":"https://randomuser.me/api/portraits/women/90.jpg","medium":"https://randomuser.me/api/portraits/med/women/90.jpg","thumbnail":"https://randomuser.me/api/portraits/thumb/women/90.jpg"},"nat":"IN"}],"info":{"seed":"c9d5e0986056dd82","results":1,"page":1,"version":"1.4"}} 
 </msg>
<msg time="2024-07-20T19:11:22.941780" level="INFO">/opt/hostedtoolcache/Python/3.12.4/x64/lib/python3.12/site-packages/urllib3/connectionpool.py:1099: InsecureRequestWarning: Unverified HTTPS request is being made to host 'randomuser.me'. Adding certificate verification is strongly advised. See: https://urllib3.readthedocs.io/en/latest/advanced-usage.html#tls-warnings
  warnings.warn(</msg>
<msg time="2024-07-20T19:11:22.941883" level="INFO">${response} = &lt;Response [200]&gt;</msg>
<var>${response}</var>
<arg>consultarAPI</arg>
<arg>/api</arg>
<doc>Sends a GET request on a previously created HTTP Session.</doc>
<status status="PASS" start="2024-07-20T19:11:22.835845" elapsed="0.106077"/>
</kw>
<kw name="Set Variable" owner="BuiltIn">
<msg time="2024-07-20T19:11:22.942871" level="INFO">${json_data} = {'results': [{'gender': 'female', 'name': {'title': 'Ms', 'first': 'Rachana', 'last': 'Bhat'}, 'location': {'street': {'number': 455, 'name': 'Colaba Causeway'}, 'city': 'Muzaffarnagar', 'state': 'Ass...</msg>
<var>${json_data}</var>
<arg>${response.json()}</arg>
<doc>Returns the given values which can then be assigned to a variables.</doc>
<status status="PASS" start="2024-07-20T19:11:22.942366" elapsed="0.000536"/>
</kw>
<kw name="Set Variable" owner="BuiltIn">
<msg time="2024-07-20T19:11:22.943606" level="INFO">${name_title} = Ms</msg>
<var>${name_title}</var>
<arg>${json_data["results"][0]["name"]["title"]}</arg>
<doc>Returns the given values which can then be assigned to a variables.</doc>
<status status="PASS" start="2024-07-20T19:11:22.943212" elapsed="0.000421"/>
</kw>
<kw name="Create List" owner="BuiltIn">
<msg time="2024-07-20T19:11:22.944104" level="INFO">${allowed_titles} = ['Mr', 'Ms', 'Miss', 'Mrs', 'Madame', 'Monsieur']</msg>
<var>${allowed_titles}</var>
<arg>Mr</arg>
<arg>Ms</arg>
<arg>Miss</arg>
<arg>Mrs</arg>
<arg>Madame</arg>
<arg>Monsieur</arg>
<doc>Returns a list containing given items.</doc>
<status status="PASS" start="2024-07-20T19:11:22.943951" elapsed="0.000181"/>
</kw>
<kw name="List Should Contain Value" owner="Collections">
<arg>${allowed_titles}</arg>
<arg>${name_title}</arg>
<doc>Fails if the ``value`` is not found from ``list``.</doc>
<status status="PASS" start="2024-07-20T19:11:22.944474" elapsed="0.000205"/>
</kw>
<kw name="Set Variable" owner="BuiltIn">
<msg time="2024-07-20T19:11:22.945256" level="INFO">${name_country} = IN</msg>
<var>${name_country}</var>
<arg>${json_data["results"][0]["nat"]}</arg>
<doc>Returns the given values which can then be assigned to a variables.</doc>
<status status="PASS" start="2024-07-20T19:11:22.944872" elapsed="0.000410"/>
</kw>
<kw name="Create List" owner="BuiltIn">
<msg time="2024-07-20T19:11:22.946185" level="INFO">${list_country} = ['AD', 'AE', 'AF', 'AG', 'AI', 'AL', 'AM', 'AO', 'AQ', 'AR', 'AS', 'AT', 'AU', 'AW', 'AX', 'AZ', 'BA', 'BB', 'BD', 'BE', 'BF', 'BG', 'BH', 'BI', 'BJ', 'BL', 'BM', 'BN', 'BO', 'BQ', 'BR', 'BS', 'BT', '...</msg>
<var>${list_country}</var>
<arg>AD</arg>
<arg>AE</arg>
<arg>AF</arg>
<arg>AG</arg>
<arg>AI</arg>
<arg>AL</arg>
<arg>AM</arg>
<arg>AO</arg>
<arg>AQ</arg>
<arg>AR</arg>
<arg>AS</arg>
<arg>AT</arg>
<arg>AU</arg>
<arg>AW</arg>
<arg>AX</arg>
<arg>AZ</arg>
<arg>BA</arg>
<arg>BB</arg>
<arg>BD</arg>
<arg>BE</arg>
<arg>BF</arg>
<arg>BG</arg>
<arg>BH</arg>
<arg>BI</arg>
<arg>BJ</arg>
<arg>BL</arg>
<arg>BM</arg>
<arg>BN</arg>
<arg>BO</arg>
<arg>BQ</arg>
<arg>BR</arg>
<arg>BS</arg>
<arg>BT</arg>
<arg>BV</arg>
<arg>BW</arg>
<arg>BY</arg>
<arg>BZ</arg>
<arg>CA</arg>
<arg>CC</arg>
<arg>CD</arg>
<arg>CF</arg>
<arg>CG</arg>
<arg>CH</arg>
<arg>CI</arg>
<arg>CK</arg>
<arg>CL</arg>
<arg>CM</arg>
<arg>CN</arg>
<arg>CO</arg>
<arg>CR</arg>
<arg>CU</arg>
<arg>CV</arg>
<arg>CW</arg>
<arg>CX</arg>
<arg>CY</arg>
<arg>CZ</arg>
<arg>DE</arg>
<arg>DJ</arg>
<arg>DK</arg>
<arg>DM</arg>
<arg>DO</arg>
<arg>DZ</arg>
<arg>EC</arg>
<arg>EE</arg>
<arg>EG</arg>
<arg>EH</arg>
<arg>ER</arg>
<arg>ES</arg>
<arg>ET</arg>
<arg>FI</arg>
<arg>FJ</arg>
<arg>FK</arg>
<arg>FM</arg>
<arg>FO</arg>
<arg>FR</arg>
<arg>GA</arg>
<arg>GB</arg>
<arg>GD</arg>
<arg>GE</arg>
<arg>GF</arg>
<arg>GG</arg>
<arg>GH</arg>
<arg>GI</arg>
<arg>GL</arg>
<arg>GM</arg>
<arg>GN</arg>
<arg>GP</arg>
<arg>GQ</arg>
<arg>GR</arg>
<arg>GS</arg>
<arg>GT</arg>
<arg>GU</arg>
<arg>GW</arg>
<arg>GY</arg>
<arg>HK</arg>
<arg>HM</arg>
<arg>HN</arg>
<arg>HR</arg>
<arg>HT</arg>
<arg>HU</arg>
<arg>ID</arg>
<arg>IE</arg>
<arg>IL</arg>
<arg>IM</arg>
<arg>IN</arg>
<arg>IO</arg>
<arg>IQ</arg>
<arg>IR</arg>
<arg>IS</arg>
<arg>IT</arg>
<arg>JE</arg>
<arg>JM</arg>
<arg>JO</arg>
<arg>JP</arg>
<arg>KE</arg>
<arg>KG</arg>
<arg>KH</arg>
<arg>KI</arg>
<arg>KM</arg>
<arg>KN</arg>
<arg>KP</arg>
<arg>KR</arg>
<arg>KW</arg>
<arg>KY</arg>
<arg>KZ</arg>
<arg>LA</arg>
<arg>LB</arg>
<arg>LC</arg>
<arg>LI</arg>
<arg>LK</arg>
<arg>LR</arg>
<arg>LS</arg>
<arg>LT</arg>
<arg>LU</arg>
<arg>LV</arg>
<arg>LY</arg>
<arg>MA</arg>
<arg>MC</arg>
<arg>MD</arg>
<arg>ME</arg>
<arg>MF</arg>
<arg>MG</arg>
<arg>MH</arg>
<arg>MK</arg>
<arg>ML</arg>
<arg>MM</arg>
<arg>MN</arg>
<arg>MO</arg>
<arg>MP</arg>
<arg>MQ</arg>
<arg>MR</arg>
<arg>MS</arg>
<arg>MT</arg>
<arg>MU</arg>
<arg>MV</arg>
<arg>MW</arg>
<arg>MX</arg>
<arg>MY</arg>
<arg>MZ</arg>
<arg>NA</arg>
<arg>NC</arg>
<arg>NE</arg>
<arg>NF</arg>
<arg>NG</arg>
<arg>NI</arg>
<arg>NL</arg>
<arg>NO</arg>
<arg>NP</arg>
<arg>NR</arg>
<arg>NU</arg>
<arg>NZ</arg>
<arg>OM</arg>
<arg>PA</arg>
<arg>PE</arg>
<arg>PF</arg>
<arg>PG</arg>
<arg>PH</arg>
<arg>PK</arg>
<arg>PL</arg>
<arg>PM</arg>
<arg>PN</arg>
<arg>PR</arg>
<arg>PS</arg>
<arg>PT</arg>
<arg>PW</arg>
<arg>PY</arg>
<arg>QA</arg>
<arg>RE</arg>
<arg>RO</arg>
<arg>RS</arg>
<arg>RU</arg>
<arg>RW</arg>
<arg>SA</arg>
<arg>SB</arg>
<arg>SC</arg>
<arg>SD</arg>
<arg>SE</arg>
<arg>SG</arg>
<arg>SH</arg>
<arg>SI</arg>
<arg>SJ</arg>
<arg>SK</arg>
<arg>SL</arg>
<arg>SM</arg>
<arg>SN</arg>
<arg>SO</arg>
<arg>SR</arg>
<arg>SS</arg>
<arg>ST</arg>
<arg>SV</arg>
<arg>SX</arg>
<arg>SY</arg>
<arg>SZ</arg>
<arg>TC</arg>
<arg>TD</arg>
<arg>TF</arg>
<arg>TG</arg>
<arg>TH</arg>
<arg>TJ</arg>
<arg>TK</arg>
<arg>TL</arg>
<arg>TM</arg>
<arg>TN</arg>
<arg>TO</arg>
<arg>TR</arg>
<arg>TT</arg>
<arg>TV</arg>
<arg>TW</arg>
<arg>TZ</arg>
<arg>UA</arg>
<arg>UG</arg>
<arg>UM</arg>
<arg>US</arg>
<arg>UY</arg>
<arg>UZ</arg>
<arg>VA</arg>
<arg>VC</arg>
<arg>VE</arg>
<arg>VG</arg>
<arg>VI</arg>
<arg>VN</arg>
<arg>VU</arg>
<arg>WF</arg>
<arg>WS</arg>
<arg>XK</arg>
<arg>YE</arg>
<arg>YT</arg>
<arg>ZA</arg>
<arg>ZM</arg>
<arg>ZW</arg>
<doc>Returns a list containing given items.</doc>
<status status="PASS" start="2024-07-20T19:11:22.945580" elapsed="0.000631"/>
</kw>
<kw name="List Should Contain Value" owner="Collections">
<arg>${list_country}</arg>
<arg>${name_country}</arg>
<doc>Fails if the ``value`` is not found from ``list``.</doc>
<status status="PASS" start="2024-07-20T19:11:22.947180" elapsed="0.000219"/>
</kw>
<kw name="Run Keyword If" owner="BuiltIn">
<kw name="Should Be True" owner="BuiltIn">
<arg>${True}</arg>
<doc>Fails if the given condition is not true.</doc>
<status status="PASS" start="2024-07-20T19:11:22.948367" elapsed="0.000153"/>
</kw>
<arg>${json_data["results"][0]["location"]["coordinates"]["latitude"]} &gt;= -90 and ${json_data["results"][0]["location"]["coordinates"]["latitude"]} &lt;= 90</arg>
<arg>Should Be True</arg>
<arg>${True}</arg>
<doc>Runs the given keyword with the given arguments, if ``condition`` is true.</doc>
<status status="PASS" start="2024-07-20T19:11:22.947600" elapsed="0.001046"/>
</kw>
<kw name="Run Keyword If" owner="BuiltIn">
<kw name="Should Be True" owner="BuiltIn">
<arg>${True}</arg>
<doc>Fails if the given condition is not true.</doc>
<status status="PASS" start="2024-07-20T19:11:22.949545" elapsed="0.000154"/>
</kw>
<arg>${json_data["results"][0]["location"]["coordinates"]["longitude"]} &gt;= -180 and ${json_data["results"][0]["location"]["coordinates"]["longitude"]} &lt;= 180</arg>
<arg>Should Be True</arg>
<arg>${True}</arg>
<doc>Runs the given keyword with the given arguments, if ``condition`` is true.</doc>
<status status="PASS" start="2024-07-20T19:11:22.948830" elapsed="0.001002"/>
</kw>
<status status="PASS" start="2024-07-20T19:11:22.835522" elapsed="0.114447"/>
</kw>
<doc>Testa o conteúdo específico dos campos retornados pela API.</doc>
<tag>testeConteudo</tag>
<status status="PASS" start="2024-07-20T19:11:22.834894" elapsed="0.115225"/>
</test>
<status status="PASS" start="2024-07-20T19:11:21.967190" elapsed="0.984863"/>
</suite>
<status status="PASS" start="2024-07-20T19:11:21.952666" elapsed="1.004438"/>
</suite>
<statistics>
<total>
<stat pass="5" fail="0" skip="0">All Tests</stat>
</total>
<tag>
<stat pass="1" fail="0" skip="0">testeConteudo</stat>
<stat pass="1" fail="0" skip="0">testeEstruturaResposta</stat>
<stat pass="1" fail="0" skip="0">testeRequisicaoBasica</stat>
<stat pass="1" fail="0" skip="0">testeTiposDados</stat>
</tag>
<suite>
<stat pass="5" fail="0" skip="0" id="s1" name="Tests">Tests</stat>
<stat pass="5" fail="0" skip="0" id="s1-s1" name="Random-User-Test">Tests.Random-User-Test</stat>
</suite>
</statistics>
<errors>
</errors>
</robot>
