<?xml version="1.0" encoding="UTF-8"?>
<robot generator="Robot 7.0.1 (Python 3.12.4 on linux)" generated="2024-07-12T11:13:12.210995" rpa="false" schemaversion="5">
<suite id="s1" name="Tests" source="/home/runner/work/ApiRandomUser/ApiRandomUser/RamdonUser/tests">
<suite id="s1-s1" name="Random-User-Test" source="/home/runner/work/ApiRandomUser/ApiRandomUser/RamdonUser/tests/random-user-test.robot">
<test id="s1-s1-t1" name="Conectar" line="13">
<kw name="Conectar API" owner="random-user-service">
<kw name="Create Session" owner="RequestsLibrary">
<msg time="2024-07-12T11:13:12.604594" level="INFO">Creating Session using : alias=consultarAPI, url=https://randomuser.me/, headers={},                     cookies={}, auth=None, timeout=None, proxies=None, verify=False,                     debug=0 </msg>
<arg>consultarAPI</arg>
<arg>${URL}</arg>
<doc>Create Session: create a HTTP session to a server</doc>
<status status="PASS" start="2024-07-12T11:13:12.604384" elapsed="0.000392"/>
</kw>
<status status="PASS" start="2024-07-12T11:13:12.603366" elapsed="0.001780"/>
</kw>
<status status="PASS" start="2024-07-12T11:13:12.602767" elapsed="0.002575"/>
</test>
<test id="s1-s1-t2" name="Validar retorno 200 e JSON Válido" line="16">
<kw name="Teste de Requisicao Basica" owner="random-user-service">
<kw name="GET On Session" owner="RequestsLibrary">
<msg time="2024-07-12T11:13:12.773448" level="INFO">GET Request : url=https://randomuser.me/api 
 path_url=/api 
 headers={'User-Agent': 'python-requests/2.32.3', 'Accept-Encoding': 'gzip, deflate', 'Accept': '*/*', 'Connection': 'keep-alive'} 
 body=None 
 </msg>
<msg time="2024-07-12T11:13:12.773582" level="INFO">GET Response : url=https://randomuser.me/api 
 status=200, reason=OK 
 headers={'Date': 'Fri, 12 Jul 2024 11:13:12 GMT', 'Content-Type': 'application/json; charset=utf-8', 'Transfer-Encoding': 'chunked', 'Connection': 'keep-alive', 'X-Powered-By': 'Express', 'Access-Control-Allow-Origin': '*', 'Cache-Control': 'no-cache', 'ETag': 'W/"49b-O8ZSGmOF8CtlVUSCy9p0bu0XlMM"', 'Vary': 'Accept-Encoding', 'Content-Encoding': 'gzip', 'CF-Cache-Status': 'DYNAMIC', 'Report-To': '{"endpoints":[{"url":"https:\\/\\/a.nel.cloudflare.com\\/report\\/v4?s=4LGrvAUf9KL%2FbxA2aUn87EvQDwDqgqn6yjiYNb3HOenXJ%2F%2FbGebQT90IOWLV1ytZC5z%2Fa6BSWmXm%2B%2FYwYwhohZ%2F%2Bby10ItAzlrg7BjwWptWQZFzhELlVjBOEhiTEbCSF"}],"group":"cf-nel","max_age":604800}', 'NEL': '{"success_fraction":0,"report_to":"cf-nel","max_age":604800}', 'Server': 'cloudflare', 'CF-RAY': '8a209a462bcc318b-LAX', 'alt-svc': 'h3=":443"; ma=86400'} 
 body={"results":[{"gender":"male","name":{"title":"Mr","first":"حسین","last":"کریمی"},"location":{"street":{"number":7301,"name":"آیت الله سعیدی"},"city":"ایلام","state":"گیلان","country":"Iran","postcode":47557,"coordinates":{"latitude":"14.2950","longitude":"-93.6444"},"timezone":{"offset":"+11:00","description":"Magadan, Solomon Islands, New Caledonia"}},"email":"hsyn.khrymy@example.com","login":{"uuid":"5dfb02f6-5cb8-438a-8587-ecc96c1ef760","username":"orangeladybug897","password":"frankie","salt":"wXTFmFOq","md5":"e2d54f5f5885ea175851e7eb6390645a","sha1":"312a715410faa1f50f30a3a6d9c58fef1117be57","sha256":"ae5d2746bea4553ebc83b3647760c33b1687fb7fa5b41ae95bca1e3cb35e05d6"},"dob":{"date":"1990-07-15T06:28:34.861Z","age":33},"registered":{"date":"2017-08-01T04:46:06.252Z","age":6},"phone":"048-19944029","cell":"0952-214-1272","id":{"name":"","value":null},"picture":{"large":"https://randomuser.me/api/portraits/men/57.jpg","medium":"https://randomuser.me/api/portraits/med/men/57.jpg","thumbnail":"https://randomuser.me/api/portraits/thumb/men/57.jpg"},"nat":"IR"}],"info":{"seed":"a1bdd6ce98881a74","results":1,"page":1,"version":"1.4"}} 
 </msg>
<msg time="2024-07-12T11:13:12.773664" level="INFO">/opt/hostedtoolcache/Python/3.12.4/x64/lib/python3.12/site-packages/urllib3/connectionpool.py:1099: InsecureRequestWarning: Unverified HTTPS request is being made to host 'randomuser.me'. Adding certificate verification is strongly advised. See: https://urllib3.readthedocs.io/en/latest/advanced-usage.html#tls-warnings
  warnings.warn(</msg>
<msg time="2024-07-12T11:13:12.773789" level="INFO">${response} = &lt;Response [200]&gt;</msg>
<var>${response}</var>
<arg>consultarAPI</arg>
<arg>/api</arg>
<doc>Sends a GET request on a previously created HTTP Session.</doc>
<status status="PASS" start="2024-07-12T11:13:12.608106" elapsed="0.165730"/>
</kw>
<kw name="Should Be Equal As Numbers" owner="BuiltIn">
<msg time="2024-07-12T11:13:12.774765" level="INFO">Argument types are:
&lt;class 'int'&gt;
&lt;class 'str'&gt;</msg>
<arg>${response.status_code}</arg>
<arg>200</arg>
<doc>Fails if objects are unequal after converting them to real numbers.</doc>
<status status="PASS" start="2024-07-12T11:13:12.774312" elapsed="0.000520"/>
</kw>
<kw name="Log" owner="BuiltIn">
<msg time="2024-07-12T11:13:12.775537" level="INFO">200</msg>
<arg>${response.status_code}</arg>
<doc>Logs the given message with the given level.</doc>
<status status="PASS" start="2024-07-12T11:13:12.775176" elapsed="0.000404"/>
</kw>
<kw name="Set Variable" owner="BuiltIn">
<msg time="2024-07-12T11:13:12.776410" level="INFO">${json_data} = {'results': [{'gender': 'male', 'name': {'title': 'Mr', 'first': 'حسین', 'last': 'کریمی'}, 'location': {'street': {'number': 7301, 'name': 'آیت الله سعیدی'}, 'city': 'ایلام', 'state': 'گیلان', 'countr...</msg>
<var>${json_data}</var>
<arg>${response.json()}</arg>
<doc>Returns the given values which can then be assigned to a variables.</doc>
<status status="PASS" start="2024-07-12T11:13:12.775940" elapsed="0.000502"/>
</kw>
<kw name="Dictionary Should Contain Key" owner="Collections">
<arg>${json_data}</arg>
<arg>results</arg>
<doc>Fails if ``key`` is not found from ``dictionary``.</doc>
<status status="PASS" start="2024-07-12T11:13:12.776752" elapsed="0.000174"/>
</kw>
<status status="PASS" start="2024-07-12T11:13:12.607845" elapsed="0.169236"/>
</kw>
<doc>Testa se a API responde corretamente e retorna um objeto JSON válido.</doc>
<tag>testeRequisicaoBasica</tag>
<status status="PASS" start="2024-07-12T11:13:12.607236" elapsed="0.170023"/>
</test>
<test id="s1-s1-t3" name="Validar estrutura de resposta" line="22">
<kw name="Teste de Estrutura de Resposta" owner="random-user-service">
<kw name="GET On Session" owner="RequestsLibrary">
<msg time="2024-07-12T11:13:12.883694" level="INFO">GET Request : url=https://randomuser.me/api 
 path_url=/api 
 headers={'User-Agent': 'python-requests/2.32.3', 'Accept-Encoding': 'gzip, deflate', 'Accept': '*/*', 'Connection': 'keep-alive'} 
 body=None 
 </msg>
<msg time="2024-07-12T11:13:12.883793" level="INFO">GET Response : url=https://randomuser.me/api 
 status=200, reason=OK 
 headers={'Date': 'Fri, 12 Jul 2024 11:13:12 GMT', 'Content-Type': 'application/json; charset=utf-8', 'Transfer-Encoding': 'chunked', 'Connection': 'keep-alive', 'X-Powered-By': 'Express', 'Access-Control-Allow-Origin': '*', 'Cache-Control': 'no-cache', 'ETag': 'W/"48d-ylIBCk7z3kvChA0nILqnnocLqiQ"', 'Vary': 'Accept-Encoding', 'Content-Encoding': 'gzip', 'CF-Cache-Status': 'DYNAMIC', 'Report-To': '{"endpoints":[{"url":"https:\\/\\/a.nel.cloudflare.com\\/report\\/v4?s=jeyq089zb78JVuNL2Oap672qWpcW5IBwCQhFGYNf3IT8jV3p9zpt5NWm3Cb6%2FU7tkIpQMmZi3Af3J4bVkZBkV7QVVKxV7NSIhuiwUyZYLYPbniI4zFn0aSY4Vih41q4R"}],"group":"cf-nel","max_age":604800}', 'NEL': '{"success_fraction":0,"report_to":"cf-nel","max_age":604800}', 'Server': 'cloudflare', 'CF-RAY': '8a209a46ec3e318b-LAX', 'alt-svc': 'h3=":443"; ma=86400'} 
 body={"results":[{"gender":"male","name":{"title":"Mr","first":"Vilho","last":"Tervo"},"location":{"street":{"number":3050,"name":"Hermiankatu"},"city":"Nykarleby","state":"South Karelia","country":"Finland","postcode":36736,"coordinates":{"latitude":"-23.9379","longitude":"-89.4355"},"timezone":{"offset":"-1:00","description":"Azores, Cape Verde Islands"}},"email":"vilho.tervo@example.com","login":{"uuid":"fe6429b4-3e36-4a71-bc84-bba1c3e71275","username":"orangeelephant737","password":"season","salt":"p6mxQDeT","md5":"93518ab732f4cf819c2dfa8771f2182f","sha1":"c335f9a799d9922e5d1b44b0ab67ed8426b7d182","sha256":"f56ac4ae6a65c1158ca8ef28e14e0749ca28f6a1510ee45cdf9981b1508f2ff0"},"dob":{"date":"1986-03-26T04:18:22.032Z","age":38},"registered":{"date":"2015-04-06T09:27:22.746Z","age":9},"phone":"08-284-114","cell":"043-311-54-39","id":{"name":"HETU","value":"NaNNA383undefined"},"picture":{"large":"https://randomuser.me/api/portraits/men/12.jpg","medium":"https://randomuser.me/api/portraits/med/men/12.jpg","thumbnail":"https://randomuser.me/api/portraits/thumb/men/12.jpg"},"nat":"FI"}],"info":{"seed":"b7f984eae84964dd","results":1,"page":1,"version":"1.4"}} 
 </msg>
<msg time="2024-07-12T11:13:12.883901" level="INFO">/opt/hostedtoolcache/Python/3.12.4/x64/lib/python3.12/site-packages/urllib3/connectionpool.py:1099: InsecureRequestWarning: Unverified HTTPS request is being made to host 'randomuser.me'. Adding certificate verification is strongly advised. See: https://urllib3.readthedocs.io/en/latest/advanced-usage.html#tls-warnings
  warnings.warn(</msg>
<msg time="2024-07-12T11:13:12.884001" level="INFO">${response} = &lt;Response [200]&gt;</msg>
<var>${response}</var>
<arg>consultarAPI</arg>
<arg>/api</arg>
<doc>Sends a GET request on a previously created HTTP Session.</doc>
<status status="PASS" start="2024-07-12T11:13:12.779894" elapsed="0.104150"/>
</kw>
<kw name="Set Variable" owner="BuiltIn">
<msg time="2024-07-12T11:13:12.885077" level="INFO">${json_data} = {'results': [{'gender': 'male', 'name': {'title': 'Mr', 'first': 'Vilho', 'last': 'Tervo'}, 'location': {'street': {'number': 3050, 'name': 'Hermiankatu'}, 'city': 'Nykarleby', 'state': 'South Karelia...</msg>
<var>${json_data}</var>
<arg>${response.json()}</arg>
<doc>Returns the given values which can then be assigned to a variables.</doc>
<status status="PASS" start="2024-07-12T11:13:12.884522" elapsed="0.000584"/>
</kw>
<kw name="Log" owner="BuiltIn">
<msg time="2024-07-12T11:13:12.885580" level="INFO">{'results': [{'gender': 'male', 'name': {'title': 'Mr', 'first': 'Vilho', 'last': 'Tervo'}, 'location': {'street': {'number': 3050, 'name': 'Hermiankatu'}, 'city': 'Nykarleby', 'state': 'South Karelia', 'country': 'Finland', 'postcode': 36736, 'coordinates': {'latitude': '-23.9379', 'longitude': '-89.4355'}, 'timezone': {'offset': '-1:00', 'description': 'Azores, Cape Verde Islands'}}, 'email': 'vilho.tervo@example.com', 'login': {'uuid': 'fe6429b4-3e36-4a71-bc84-bba1c3e71275', 'username': 'orangeelephant737', 'password': 'season', 'salt': 'p6mxQDeT', 'md5': '93518ab732f4cf819c2dfa8771f2182f', 'sha1': 'c335f9a799d9922e5d1b44b0ab67ed8426b7d182', 'sha256': 'f56ac4ae6a65c1158ca8ef28e14e0749ca28f6a1510ee45cdf9981b1508f2ff0'}, 'dob': {'date': '1986-03-26T04:18:22.032Z', 'age': 38}, 'registered': {'date': '2015-04-06T09:27:22.746Z', 'age': 9}, 'phone': '08-284-114', 'cell': '043-311-54-39', 'id': {'name': 'HETU', 'value': 'NaNNA383undefined'}, 'picture': {'large': 'https://randomuser.me/api/portraits/men/12.jpg', 'medium': 'https://randomuser.me/api/portraits/med/men/12.jpg', 'thumbnail': 'https://randomuser.me/api/portraits/thumb/men/12.jpg'}, 'nat': 'FI'}], 'info': {'seed': 'b7f984eae84964dd', 'results': 1, 'page': 1, 'version': '1.4'}}</msg>
<arg>${json_data}</arg>
<doc>Logs the given message with the given level.</doc>
<status status="PASS" start="2024-07-12T11:13:12.885421" elapsed="0.000208"/>
</kw>
<kw name="Dictionary Should Contain Key" owner="Collections">
<arg>${json_data}</arg>
<arg>results</arg>
<doc>Fails if ``key`` is not found from ``dictionary``.</doc>
<status status="PASS" start="2024-07-12T11:13:12.885920" elapsed="0.000163"/>
</kw>
<kw name="Should Not Be Empty" owner="BuiltIn">
<msg time="2024-07-12T11:13:12.886402" level="INFO">Length is 2.</msg>
<arg>${json_data}</arg>
<doc>Verifies that the given item is not empty.</doc>
<status status="PASS" start="2024-07-12T11:13:12.886275" elapsed="0.000166"/>
</kw>
<kw name="Create List" owner="BuiltIn">
<msg time="2024-07-12T11:13:12.886886" level="INFO">${expected_keys} = ['gender', 'name', 'location', 'email', 'login']</msg>
<var>${expected_keys}</var>
<arg>gender</arg>
<arg>name</arg>
<arg>location</arg>
<arg>email</arg>
<arg>login</arg>
<doc>Returns a list containing given items.</doc>
<status status="PASS" start="2024-07-12T11:13:12.886739" elapsed="0.000171"/>
</kw>
<for flavor="IN">
<iter>
<kw name="Dictionary Should Contain Key" owner="Collections">
<arg>${json_data['results'][0]}</arg>
<arg>${key}</arg>
<doc>Fails if ``key`` is not found from ``dictionary``.</doc>
<status status="PASS" start="2024-07-12T11:13:12.887658" elapsed="0.000453"/>
</kw>
<kw name="Log" owner="BuiltIn">
<msg time="2024-07-12T11:13:12.888673" level="INFO">{'gender': 'male', 'name': {'title': 'Mr', 'first': 'Vilho', 'last': 'Tervo'}, 'location': {'street': {'number': 3050, 'name': 'Hermiankatu'}, 'city': 'Nykarleby', 'state': 'South Karelia', 'country': 'Finland', 'postcode': 36736, 'coordinates': {'latitude': '-23.9379', 'longitude': '-89.4355'}, 'timezone': {'offset': '-1:00', 'description': 'Azores, Cape Verde Islands'}}, 'email': 'vilho.tervo@example.com', 'login': {'uuid': 'fe6429b4-3e36-4a71-bc84-bba1c3e71275', 'username': 'orangeelephant737', 'password': 'season', 'salt': 'p6mxQDeT', 'md5': '93518ab732f4cf819c2dfa8771f2182f', 'sha1': 'c335f9a799d9922e5d1b44b0ab67ed8426b7d182', 'sha256': 'f56ac4ae6a65c1158ca8ef28e14e0749ca28f6a1510ee45cdf9981b1508f2ff0'}, 'dob': {'date': '1986-03-26T04:18:22.032Z', 'age': 38}, 'registered': {'date': '2015-04-06T09:27:22.746Z', 'age': 9}, 'phone': '08-284-114', 'cell': '043-311-54-39', 'id': {'name': 'HETU', 'value': 'NaNNA383undefined'}, 'picture': {'large': 'https://randomuser.me/api/portraits/men/12.jpg', 'medium': 'https://randomuser.me/api/portraits/med/men/12.jpg', 'thumbnail': 'https://randomuser.me/api/portraits/thumb/men/12.jpg'}, 'nat': 'FI'}</msg>
<arg>${json_data['results'][0]}</arg>
<doc>Logs the given message with the given level.</doc>
<status status="PASS" start="2024-07-12T11:13:12.888306" elapsed="0.000415"/>
</kw>
<kw name="Log" owner="BuiltIn">
<msg time="2024-07-12T11:13:12.889154" level="INFO">gender</msg>
<arg>${key}</arg>
<doc>Logs the given message with the given level.</doc>
<status status="PASS" start="2024-07-12T11:13:12.889024" elapsed="0.000168"/>
</kw>
<var name="${key}">gender</var>
<status status="PASS" start="2024-07-12T11:13:12.887523" elapsed="0.001888"/>
</iter>
<iter>
<kw name="Dictionary Should Contain Key" owner="Collections">
<arg>${json_data['results'][0]}</arg>
<arg>${key}</arg>
<doc>Fails if ``key`` is not found from ``dictionary``.</doc>
<status status="PASS" start="2024-07-12T11:13:12.889719" elapsed="0.000398"/>
</kw>
<kw name="Log" owner="BuiltIn">
<msg time="2024-07-12T11:13:12.890653" level="INFO">{'gender': 'male', 'name': {'title': 'Mr', 'first': 'Vilho', 'last': 'Tervo'}, 'location': {'street': {'number': 3050, 'name': 'Hermiankatu'}, 'city': 'Nykarleby', 'state': 'South Karelia', 'country': 'Finland', 'postcode': 36736, 'coordinates': {'latitude': '-23.9379', 'longitude': '-89.4355'}, 'timezone': {'offset': '-1:00', 'description': 'Azores, Cape Verde Islands'}}, 'email': 'vilho.tervo@example.com', 'login': {'uuid': 'fe6429b4-3e36-4a71-bc84-bba1c3e71275', 'username': 'orangeelephant737', 'password': 'season', 'salt': 'p6mxQDeT', 'md5': '93518ab732f4cf819c2dfa8771f2182f', 'sha1': 'c335f9a799d9922e5d1b44b0ab67ed8426b7d182', 'sha256': 'f56ac4ae6a65c1158ca8ef28e14e0749ca28f6a1510ee45cdf9981b1508f2ff0'}, 'dob': {'date': '1986-03-26T04:18:22.032Z', 'age': 38}, 'registered': {'date': '2015-04-06T09:27:22.746Z', 'age': 9}, 'phone': '08-284-114', 'cell': '043-311-54-39', 'id': {'name': 'HETU', 'value': 'NaNNA383undefined'}, 'picture': {'large': 'https://randomuser.me/api/portraits/men/12.jpg', 'medium': 'https://randomuser.me/api/portraits/med/men/12.jpg', 'thumbnail': 'https://randomuser.me/api/portraits/thumb/men/12.jpg'}, 'nat': 'FI'}</msg>
<arg>${json_data['results'][0]}</arg>
<doc>Logs the given message with the given level.</doc>
<status status="PASS" start="2024-07-12T11:13:12.890302" elapsed="0.000431"/>
</kw>
<kw name="Log" owner="BuiltIn">
<msg time="2024-07-12T11:13:12.891157" level="INFO">name</msg>
<arg>${key}</arg>
<doc>Logs the given message with the given level.</doc>
<status status="PASS" start="2024-07-12T11:13:12.891029" elapsed="0.000165"/>
</kw>
<var name="${key}">name</var>
<status status="PASS" start="2024-07-12T11:13:12.889606" elapsed="0.001807"/>
</iter>
<iter>
<kw name="Dictionary Should Contain Key" owner="Collections">
<arg>${json_data['results'][0]}</arg>
<arg>${key}</arg>
<doc>Fails if ``key`` is not found from ``dictionary``.</doc>
<status status="PASS" start="2024-07-12T11:13:12.891708" elapsed="0.000413"/>
</kw>
<kw name="Log" owner="BuiltIn">
<msg time="2024-07-12T11:13:12.892656" level="INFO">{'gender': 'male', 'name': {'title': 'Mr', 'first': 'Vilho', 'last': 'Tervo'}, 'location': {'street': {'number': 3050, 'name': 'Hermiankatu'}, 'city': 'Nykarleby', 'state': 'South Karelia', 'country': 'Finland', 'postcode': 36736, 'coordinates': {'latitude': '-23.9379', 'longitude': '-89.4355'}, 'timezone': {'offset': '-1:00', 'description': 'Azores, Cape Verde Islands'}}, 'email': 'vilho.tervo@example.com', 'login': {'uuid': 'fe6429b4-3e36-4a71-bc84-bba1c3e71275', 'username': 'orangeelephant737', 'password': 'season', 'salt': 'p6mxQDeT', 'md5': '93518ab732f4cf819c2dfa8771f2182f', 'sha1': 'c335f9a799d9922e5d1b44b0ab67ed8426b7d182', 'sha256': 'f56ac4ae6a65c1158ca8ef28e14e0749ca28f6a1510ee45cdf9981b1508f2ff0'}, 'dob': {'date': '1986-03-26T04:18:22.032Z', 'age': 38}, 'registered': {'date': '2015-04-06T09:27:22.746Z', 'age': 9}, 'phone': '08-284-114', 'cell': '043-311-54-39', 'id': {'name': 'HETU', 'value': 'NaNNA383undefined'}, 'picture': {'large': 'https://randomuser.me/api/portraits/men/12.jpg', 'medium': 'https://randomuser.me/api/portraits/med/men/12.jpg', 'thumbnail': 'https://randomuser.me/api/portraits/thumb/men/12.jpg'}, 'nat': 'FI'}</msg>
<arg>${json_data['results'][0]}</arg>
<doc>Logs the given message with the given level.</doc>
<status status="PASS" start="2024-07-12T11:13:12.892306" elapsed="0.000399"/>
</kw>
<kw name="Log" owner="BuiltIn">
<msg time="2024-07-12T11:13:12.893129" level="INFO">location</msg>
<arg>${key}</arg>
<doc>Logs the given message with the given level.</doc>
<status status="PASS" start="2024-07-12T11:13:12.893002" elapsed="0.000165"/>
</kw>
<var name="${key}">location</var>
<status status="PASS" start="2024-07-12T11:13:12.891599" elapsed="0.001787"/>
</iter>
<iter>
<kw name="Dictionary Should Contain Key" owner="Collections">
<arg>${json_data['results'][0]}</arg>
<arg>${key}</arg>
<doc>Fails if ``key`` is not found from ``dictionary``.</doc>
<status status="PASS" start="2024-07-12T11:13:12.893669" elapsed="0.000389"/>
</kw>
<kw name="Log" owner="BuiltIn">
<msg time="2024-07-12T11:13:12.894598" level="INFO">{'gender': 'male', 'name': {'title': 'Mr', 'first': 'Vilho', 'last': 'Tervo'}, 'location': {'street': {'number': 3050, 'name': 'Hermiankatu'}, 'city': 'Nykarleby', 'state': 'South Karelia', 'country': 'Finland', 'postcode': 36736, 'coordinates': {'latitude': '-23.9379', 'longitude': '-89.4355'}, 'timezone': {'offset': '-1:00', 'description': 'Azores, Cape Verde Islands'}}, 'email': 'vilho.tervo@example.com', 'login': {'uuid': 'fe6429b4-3e36-4a71-bc84-bba1c3e71275', 'username': 'orangeelephant737', 'password': 'season', 'salt': 'p6mxQDeT', 'md5': '93518ab732f4cf819c2dfa8771f2182f', 'sha1': 'c335f9a799d9922e5d1b44b0ab67ed8426b7d182', 'sha256': 'f56ac4ae6a65c1158ca8ef28e14e0749ca28f6a1510ee45cdf9981b1508f2ff0'}, 'dob': {'date': '1986-03-26T04:18:22.032Z', 'age': 38}, 'registered': {'date': '2015-04-06T09:27:22.746Z', 'age': 9}, 'phone': '08-284-114', 'cell': '043-311-54-39', 'id': {'name': 'HETU', 'value': 'NaNNA383undefined'}, 'picture': {'large': 'https://randomuser.me/api/portraits/men/12.jpg', 'medium': 'https://randomuser.me/api/portraits/med/men/12.jpg', 'thumbnail': 'https://randomuser.me/api/portraits/thumb/men/12.jpg'}, 'nat': 'FI'}</msg>
<arg>${json_data['results'][0]}</arg>
<doc>Logs the given message with the given level.</doc>
<status status="PASS" start="2024-07-12T11:13:12.894247" elapsed="0.000400"/>
</kw>
<kw name="Log" owner="BuiltIn">
<msg time="2024-07-12T11:13:12.895067" level="INFO">email</msg>
<arg>${key}</arg>
<doc>Logs the given message with the given level.</doc>
<status status="PASS" start="2024-07-12T11:13:12.894940" elapsed="0.000166"/>
</kw>
<var name="${key}">email</var>
<status status="PASS" start="2024-07-12T11:13:12.893561" elapsed="0.001761"/>
</iter>
<iter>
<kw name="Dictionary Should Contain Key" owner="Collections">
<arg>${json_data['results'][0]}</arg>
<arg>${key}</arg>
<doc>Fails if ``key`` is not found from ``dictionary``.</doc>
<status status="PASS" start="2024-07-12T11:13:12.895610" elapsed="0.000428"/>
</kw>
<kw name="Log" owner="BuiltIn">
<msg time="2024-07-12T11:13:12.896575" level="INFO">{'gender': 'male', 'name': {'title': 'Mr', 'first': 'Vilho', 'last': 'Tervo'}, 'location': {'street': {'number': 3050, 'name': 'Hermiankatu'}, 'city': 'Nykarleby', 'state': 'South Karelia', 'country': 'Finland', 'postcode': 36736, 'coordinates': {'latitude': '-23.9379', 'longitude': '-89.4355'}, 'timezone': {'offset': '-1:00', 'description': 'Azores, Cape Verde Islands'}}, 'email': 'vilho.tervo@example.com', 'login': {'uuid': 'fe6429b4-3e36-4a71-bc84-bba1c3e71275', 'username': 'orangeelephant737', 'password': 'season', 'salt': 'p6mxQDeT', 'md5': '93518ab732f4cf819c2dfa8771f2182f', 'sha1': 'c335f9a799d9922e5d1b44b0ab67ed8426b7d182', 'sha256': 'f56ac4ae6a65c1158ca8ef28e14e0749ca28f6a1510ee45cdf9981b1508f2ff0'}, 'dob': {'date': '1986-03-26T04:18:22.032Z', 'age': 38}, 'registered': {'date': '2015-04-06T09:27:22.746Z', 'age': 9}, 'phone': '08-284-114', 'cell': '043-311-54-39', 'id': {'name': 'HETU', 'value': 'NaNNA383undefined'}, 'picture': {'large': 'https://randomuser.me/api/portraits/men/12.jpg', 'medium': 'https://randomuser.me/api/portraits/med/men/12.jpg', 'thumbnail': 'https://randomuser.me/api/portraits/thumb/men/12.jpg'}, 'nat': 'FI'}</msg>
<arg>${json_data['results'][0]}</arg>
<doc>Logs the given message with the given level.</doc>
<status status="PASS" start="2024-07-12T11:13:12.896225" elapsed="0.000397"/>
</kw>
<kw name="Log" owner="BuiltIn">
<msg time="2024-07-12T11:13:12.897043" level="INFO">login</msg>
<arg>${key}</arg>
<doc>Logs the given message with the given level.</doc>
<status status="PASS" start="2024-07-12T11:13:12.896915" elapsed="0.000166"/>
</kw>
<var name="${key}">login</var>
<status status="PASS" start="2024-07-12T11:13:12.895497" elapsed="0.001806"/>
</iter>
<var>${key}</var>
<value>@{expected_keys}</value>
<status status="PASS" start="2024-07-12T11:13:12.887320" elapsed="0.010106"/>
</for>
<kw name="Create List" owner="BuiltIn">
<msg time="2024-07-12T11:13:12.897767" level="INFO">${expected_keysTwo} = ['username', 'password']</msg>
<var>${expected_keysTwo}</var>
<arg>username</arg>
<arg>password</arg>
<doc>Returns a list containing given items.</doc>
<status status="PASS" start="2024-07-12T11:13:12.897630" elapsed="0.000191"/>
</kw>
<for flavor="IN">
<iter>
<kw name="Dictionary Should Contain Key" owner="Collections">
<arg>${json_data['results'][0]['login']}</arg>
<arg>${keyTwo}</arg>
<doc>Fails if ``key`` is not found from ``dictionary``.</doc>
<status status="PASS" start="2024-07-12T11:13:12.898339" elapsed="0.000394"/>
</kw>
<kw name="Dictionary Should Contain Key" owner="Collections">
<arg>${json_data['results'][0]['login']}</arg>
<arg>${keyTwo}</arg>
<doc>Fails if ``key`` is not found from ``dictionary``.</doc>
<status status="PASS" start="2024-07-12T11:13:12.898916" elapsed="0.000378"/>
</kw>
<kw name="Log" owner="BuiltIn">
<msg time="2024-07-12T11:13:12.899602" level="INFO">username</msg>
<arg>${keyTwo}</arg>
<doc>Logs the given message with the given level.</doc>
<status status="PASS" start="2024-07-12T11:13:12.899479" elapsed="0.000161"/>
</kw>
<var name="${keyTwo}">username</var>
<status status="PASS" start="2024-07-12T11:13:12.898231" elapsed="0.001663"/>
</iter>
<iter>
<kw name="Dictionary Should Contain Key" owner="Collections">
<arg>${json_data['results'][0]['login']}</arg>
<arg>${keyTwo}</arg>
<doc>Fails if ``key`` is not found from ``dictionary``.</doc>
<status status="PASS" start="2024-07-12T11:13:12.900180" elapsed="0.000390"/>
</kw>
<kw name="Dictionary Should Contain Key" owner="Collections">
<arg>${json_data['results'][0]['login']}</arg>
<arg>${keyTwo}</arg>
<doc>Fails if ``key`` is not found from ``dictionary``.</doc>
<status status="PASS" start="2024-07-12T11:13:12.900750" elapsed="0.000368"/>
</kw>
<kw name="Log" owner="BuiltIn">
<msg time="2024-07-12T11:13:12.901413" level="INFO">password</msg>
<arg>${keyTwo}</arg>
<doc>Logs the given message with the given level.</doc>
<status status="PASS" start="2024-07-12T11:13:12.901295" elapsed="0.000160"/>
</kw>
<var name="${keyTwo}">password</var>
<status status="PASS" start="2024-07-12T11:13:12.900071" elapsed="0.001607"/>
</iter>
<var>${keyTwo}</var>
<value>@{expected_keysTwo}</value>
<status status="PASS" start="2024-07-12T11:13:12.898071" elapsed="0.003728"/>
</for>
<status status="PASS" start="2024-07-12T11:13:12.779627" elapsed="0.122317"/>
</kw>
<doc>Testa a estrutura da resposta da API.</doc>
<tag>testeEstruturaResposta</tag>
<status status="PASS" start="2024-07-12T11:13:12.779110" elapsed="0.122988"/>
</test>
<test id="s1-s1-t4" name="Validar tipos de dados" line="28">
<kw name="Teste de Tipos de Dados" owner="random-user-service">
<kw name="GET On Session" owner="RequestsLibrary">
<msg time="2024-07-12T11:13:13.000287" level="INFO">GET Request : url=https://randomuser.me/api 
 path_url=/api 
 headers={'User-Agent': 'python-requests/2.32.3', 'Accept-Encoding': 'gzip, deflate', 'Accept': '*/*', 'Connection': 'keep-alive'} 
 body=None 
 </msg>
<msg time="2024-07-12T11:13:13.000376" level="INFO">GET Response : url=https://randomuser.me/api 
 status=200, reason=OK 
 headers={'Date': 'Fri, 12 Jul 2024 11:13:12 GMT', 'Content-Type': 'application/json; charset=utf-8', 'Transfer-Encoding': 'chunked', 'Connection': 'keep-alive', 'X-Powered-By': 'Express', 'Access-Control-Allow-Origin': '*', 'Cache-Control': 'no-cache', 'ETag': 'W/"492-jHwzqGKSrdwkWcIfF9zaNsC5Yqs"', 'Vary': 'Accept-Encoding', 'Content-Encoding': 'gzip', 'CF-Cache-Status': 'DYNAMIC', 'Report-To': '{"endpoints":[{"url":"https:\\/\\/a.nel.cloudflare.com\\/report\\/v4?s=rcMGktKxTtXFKHrcbU5adD%2B6PiAY7iloxEeV9HnfIDuteSvldC6xD2%2F95qxn4lK%2BlKA02ihu1T3%2BPtfE%2B%2FHzWfw5wkwCSaLi7b%2BHTWduDetejwOpcMn9iFPfvrPOY7eT"}],"group":"cf-nel","max_age":604800}', 'NEL': '{"success_fraction":0,"report_to":"cf-nel","max_age":604800}', 'Server': 'cloudflare', 'CF-RAY': '8a209a47acba318b-LAX', 'alt-svc': 'h3=":443"; ma=86400'} 
 body={"results":[{"gender":"female","name":{"title":"Mrs","first":"Supriya","last":"Chiplunkar"},"location":{"street":{"number":8816,"name":"Lamington Rd"},"city":"Khammam","state":"Maharashtra","country":"India","postcode":50038,"coordinates":{"latitude":"11.3535","longitude":"32.5826"},"timezone":{"offset":"+2:00","description":"Kaliningrad, South Africa"}},"email":"supriya.chiplunkar@example.com","login":{"uuid":"e388e679-7746-49d9-90a6-a0a89c1ede29","username":"happyostrich104","password":"news","salt":"EsyJ2MZb","md5":"b3446544fa9346b8a108603c6a4e3e52","sha1":"61d6d352eafa3a3e8e96d1f95f46d69bf1271fef","sha256":"d24fa8330a65b34b613b3e418e9b32d13ace82e386368ef840c4dc59c152393a"},"dob":{"date":"1980-08-25T03:36:36.458Z","age":43},"registered":{"date":"2013-06-18T12:00:22.829Z","age":11},"phone":"9188915112","cell":"8998298508","id":{"name":"UIDAI","value":"606260354417"},"picture":{"large":"https://randomuser.me/api/portraits/women/58.jpg","medium":"https://randomuser.me/api/portraits/med/women/58.jpg","thumbnail":"https://randomuser.me/api/portraits/thumb/women/58.jpg"},"nat":"IN"}],"info":{"seed":"2a2f7e70c2ae6cca","results":1,"page":1,"version":"1.4"}} 
 </msg>
<msg time="2024-07-12T11:13:13.000449" level="INFO">/opt/hostedtoolcache/Python/3.12.4/x64/lib/python3.12/site-packages/urllib3/connectionpool.py:1099: InsecureRequestWarning: Unverified HTTPS request is being made to host 'randomuser.me'. Adding certificate verification is strongly advised. See: https://urllib3.readthedocs.io/en/latest/advanced-usage.html#tls-warnings
  warnings.warn(</msg>
<msg time="2024-07-12T11:13:13.000568" level="INFO">${response} = &lt;Response [200]&gt;</msg>
<var>${response}</var>
<arg>consultarAPI</arg>
<arg>/api</arg>
<doc>Sends a GET request on a previously created HTTP Session.</doc>
<status status="PASS" start="2024-07-12T11:13:12.904736" elapsed="0.095880"/>
</kw>
<kw name="Set Variable" owner="BuiltIn">
<msg time="2024-07-12T11:13:13.001534" level="INFO">${json_data} = {'results': [{'gender': 'female', 'name': {'title': 'Mrs', 'first': 'Supriya', 'last': 'Chiplunkar'}, 'location': {'street': {'number': 8816, 'name': 'Lamington Rd'}, 'city': 'Khammam', 'state': 'Maha...</msg>
<var>${json_data}</var>
<arg>${response.json()}</arg>
<doc>Returns the given values which can then be assigned to a variables.</doc>
<status status="PASS" start="2024-07-12T11:13:13.001064" elapsed="0.000501"/>
</kw>
<kw name="Log" owner="BuiltIn">
<msg time="2024-07-12T11:13:13.002056" level="INFO">{'results': [{'gender': 'female', 'name': {'title': 'Mrs', 'first': 'Supriya', 'last': 'Chiplunkar'}, 'location': {'street': {'number': 8816, 'name': 'Lamington Rd'}, 'city': 'Khammam', 'state': 'Maharashtra', 'country': 'India', 'postcode': 50038, 'coordinates': {'latitude': '11.3535', 'longitude': '32.5826'}, 'timezone': {'offset': '+2:00', 'description': 'Kaliningrad, South Africa'}}, 'email': 'supriya.chiplunkar@example.com', 'login': {'uuid': 'e388e679-7746-49d9-90a6-a0a89c1ede29', 'username': 'happyostrich104', 'password': 'news', 'salt': 'EsyJ2MZb', 'md5': 'b3446544fa9346b8a108603c6a4e3e52', 'sha1': '61d6d352eafa3a3e8e96d1f95f46d69bf1271fef', 'sha256': 'd24fa8330a65b34b613b3e418e9b32d13ace82e386368ef840c4dc59c152393a'}, 'dob': {'date': '1980-08-25T03:36:36.458Z', 'age': 43}, 'registered': {'date': '2013-06-18T12:00:22.829Z', 'age': 11}, 'phone': '9188915112', 'cell': '8998298508', 'id': {'name': 'UIDAI', 'value': '606260354417'}, 'picture': {'large': 'https://randomuser.me/api/portraits/women/58.jpg', 'medium': 'https://randomuser.me/api/portraits/med/women/58.jpg', 'thumbnail': 'https://randomuser.me/api/portraits/thumb/women/58.jpg'}, 'nat': 'IN'}], 'info': {'seed': '2a2f7e70c2ae6cca', 'results': 1, 'page': 1, 'version': '1.4'}}</msg>
<arg>${json_data}</arg>
<doc>Logs the given message with the given level.</doc>
<status status="PASS" start="2024-07-12T11:13:13.001886" elapsed="0.000217"/>
</kw>
<kw name="Should Be String" owner="String">
<arg>${json_data['results'][0]['gender']}</arg>
<doc>Fails if the given ``item`` is not a string.</doc>
<status status="PASS" start="2024-07-12T11:13:13.002399" elapsed="0.000367"/>
</kw>
<kw name="Should Match Regexp" owner="BuiltIn">
<arg>${json_data['results'][0]['email']}</arg>
<arg>^[a-zA-Z0-9._%+-]+@[a-zA-Z0-9.-]+\.[a-zA-Z]{2,}$</arg>
<doc>Fails if ``string`` does not match ``pattern`` as a regular expression.</doc>
<status status="PASS" start="2024-07-12T11:13:13.002960" elapsed="0.000551"/>
</kw>
<kw name="Should Match Regexp" owner="BuiltIn">
<arg>${json_data['results'][0]['dob']['date']}</arg>
<arg>\\d{4}-\\d{2}-\\d{2}T\\d{2}:\\d{2}:\\d{2}\\.\\d{3}Z</arg>
<doc>Fails if ``string`` does not match ``pattern`` as a regular expression.</doc>
<status status="PASS" start="2024-07-12T11:13:13.003710" elapsed="0.000533"/>
</kw>
<kw name="Should Match Regexp" owner="BuiltIn">
<arg>${json_data['results'][0]['registered']['date']}</arg>
<arg>\\d{4}-\\d{2}-\\d{2}T\\d{2}:\\d{2}:\\d{2}\\.\\d{3}Z</arg>
<doc>Fails if ``string`` does not match ``pattern`` as a regular expression.</doc>
<status status="PASS" start="2024-07-12T11:13:13.004438" elapsed="0.000369"/>
</kw>
<kw name="Should Match Regexp" owner="BuiltIn">
<arg>${json_data['results'][0]['picture']['large']}</arg>
<arg>^https?://.*\.(?:png|jpe?g|gif|bmp)$</arg>
<doc>Fails if ``string`` does not match ``pattern`` as a regular expression.</doc>
<status status="PASS" start="2024-07-12T11:13:13.004994" elapsed="0.000455"/>
</kw>
<kw name="Should Match Regexp" owner="BuiltIn">
<arg>${json_data['results'][0]['picture']['medium']}</arg>
<arg>^https?://.*\.(?:png|jpe?g|gif|bmp)$</arg>
<doc>Fails if ``string`` does not match ``pattern`` as a regular expression.</doc>
<status status="PASS" start="2024-07-12T11:13:13.005637" elapsed="0.000354"/>
</kw>
<kw name="Should Match Regexp" owner="BuiltIn">
<arg>${json_data['results'][0]['picture']['thumbnail']}</arg>
<arg>^https?://.*\.(?:png|jpe?g|gif|bmp)$</arg>
<doc>Fails if ``string`` does not match ``pattern`` as a regular expression.</doc>
<status status="PASS" start="2024-07-12T11:13:13.006173" elapsed="0.000353"/>
</kw>
<kw name="Log" owner="BuiltIn">
<msg time="2024-07-12T11:13:13.007045" level="INFO">{'large': 'https://randomuser.me/api/portraits/women/58.jpg', 'medium': 'https://randomuser.me/api/portraits/med/women/58.jpg', 'thumbnail': 'https://randomuser.me/api/portraits/thumb/women/58.jpg'}</msg>
<arg>${json_data['results'][0]['picture']}</arg>
<doc>Logs the given message with the given level.</doc>
<status status="PASS" start="2024-07-12T11:13:13.006712" elapsed="0.000376"/>
</kw>
<status status="PASS" start="2024-07-12T11:13:12.904486" elapsed="0.102862"/>
</kw>
<kw name="Teste de Tipos de Dados - Postcode" owner="random-user-service">
<kw name="GET On Session" owner="RequestsLibrary">
<msg time="2024-07-12T11:13:13.119355" level="INFO">GET Request : url=https://randomuser.me/api 
 path_url=/api 
 headers={'User-Agent': 'python-requests/2.32.3', 'Accept-Encoding': 'gzip, deflate', 'Accept': '*/*', 'Connection': 'keep-alive'} 
 body=None 
 </msg>
<msg time="2024-07-12T11:13:13.119440" level="INFO">GET Response : url=https://randomuser.me/api 
 status=200, reason=OK 
 headers={'Date': 'Fri, 12 Jul 2024 11:13:13 GMT', 'Content-Type': 'application/json; charset=utf-8', 'Transfer-Encoding': 'chunked', 'Connection': 'keep-alive', 'X-Powered-By': 'Express', 'Access-Control-Allow-Origin': '*', 'Cache-Control': 'no-cache', 'ETag': 'W/"4a7-dHRNS9cA9G6X5gJTDSElQlaFIWE"', 'Vary': 'Accept-Encoding', 'Content-Encoding': 'gzip', 'CF-Cache-Status': 'DYNAMIC', 'Report-To': '{"endpoints":[{"url":"https:\\/\\/a.nel.cloudflare.com\\/report\\/v4?s=sO3TTMjwa0j%2FyiXXGoouFyazyFpWBJKK4OKWpxV8gsexviuaBJGZQH0ackqB9y739MpvzHVYBbcpWHUC7vFYS%2B%2Fru5Uf7rnR5zozdwpVC4wiLkP%2BuhkN7pEeY6c6dnoi"}],"group":"cf-nel","max_age":604800}', 'NEL': '{"success_fraction":0,"report_to":"cf-nel","max_age":604800}', 'Server': 'cloudflare', 'CF-RAY': '8a209a485d22318b-LAX', 'alt-svc': 'h3=":443"; ma=86400'} 
 body={"results":[{"gender":"female","name":{"title":"Mrs","first":"فاطمه زهرا","last":"مرادی"},"location":{"street":{"number":6862,"name":"آیت‌الله مدنی"},"city":"بجنورد","state":"زنجان","country":"Iran","postcode":51539,"coordinates":{"latitude":"18.7887","longitude":"31.2951"},"timezone":{"offset":"+9:00","description":"Tokyo, Seoul, Osaka, Sapporo, Yakutsk"}},"email":"ftmhzhr.mrdy@example.com","login":{"uuid":"9a7ea136-7118-4b8d-8a63-354d7addae74","username":"brownduck422","password":"guai","salt":"ehFTF3IP","md5":"a8381e3e6e7391d8d734d6e17eaaa27d","sha1":"ccef49150e293e73eff8f18c7c89191678705fea","sha256":"4e25c2d7897a6abc76b4e8a88c454b207e13567d68c04b00f705d71fba97eed2"},"dob":{"date":"1959-01-20T04:47:09.694Z","age":65},"registered":{"date":"2019-03-08T08:22:41.312Z","age":5},"phone":"068-86842732","cell":"0913-189-1645","id":{"name":"","value":null},"picture":{"large":"https://randomuser.me/api/portraits/women/47.jpg","medium":"https://randomuser.me/api/portraits/med/women/47.jpg","thumbnail":"https://randomuser.me/api/portraits/thumb/women/47.jpg"},"nat":"IR"}],"info":{"seed":"fb82071f649808c9","results":1,"page":1,"version":"1.4"}} 
 </msg>
<msg time="2024-07-12T11:13:13.119517" level="INFO">/opt/hostedtoolcache/Python/3.12.4/x64/lib/python3.12/site-packages/urllib3/connectionpool.py:1099: InsecureRequestWarning: Unverified HTTPS request is being made to host 'randomuser.me'. Adding certificate verification is strongly advised. See: https://urllib3.readthedocs.io/en/latest/advanced-usage.html#tls-warnings
  warnings.warn(</msg>
<msg time="2024-07-12T11:13:13.119626" level="INFO">${response} = &lt;Response [200]&gt;</msg>
<var>${response}</var>
<arg>consultarAPI</arg>
<arg>/api</arg>
<doc>Sends a GET request on a previously created HTTP Session.</doc>
<status status="PASS" start="2024-07-12T11:13:13.007829" elapsed="0.111839"/>
</kw>
<kw name="Set Variable" owner="BuiltIn">
<msg time="2024-07-12T11:13:13.120628" level="INFO">${json_data} = {'results': [{'gender': 'female', 'name': {'title': 'Mrs', 'first': 'فاطمه زهرا', 'last': 'مرادی'}, 'location': {'street': {'number': 6862, 'name': 'آیت\u200cالله مدنی'}, 'city': 'بجنورد', 'state': 'ز...</msg>
<var>${json_data}</var>
<arg>${response.json()}</arg>
<doc>Returns the given values which can then be assigned to a variables.</doc>
<status status="PASS" start="2024-07-12T11:13:13.120158" elapsed="0.000501"/>
</kw>
<kw name="Log" owner="BuiltIn">
<msg time="2024-07-12T11:13:13.121141" level="INFO">{'results': [{'gender': 'female', 'name': {'title': 'Mrs', 'first': 'فاطمه زهرا', 'last': 'مرادی'}, 'location': {'street': {'number': 6862, 'name': 'آیت\u200cالله مدنی'}, 'city': 'بجنورد', 'state': 'زنجان', 'country': 'Iran', 'postcode': 51539, 'coordinates': {'latitude': '18.7887', 'longitude': '31.2951'}, 'timezone': {'offset': '+9:00', 'description': 'Tokyo, Seoul, Osaka, Sapporo, Yakutsk'}}, 'email': 'ftmhzhr.mrdy@example.com', 'login': {'uuid': '9a7ea136-7118-4b8d-8a63-354d7addae74', 'username': 'brownduck422', 'password': 'guai', 'salt': 'ehFTF3IP', 'md5': 'a8381e3e6e7391d8d734d6e17eaaa27d', 'sha1': 'ccef49150e293e73eff8f18c7c89191678705fea', 'sha256': '4e25c2d7897a6abc76b4e8a88c454b207e13567d68c04b00f705d71fba97eed2'}, 'dob': {'date': '1959-01-20T04:47:09.694Z', 'age': 65}, 'registered': {'date': '2019-03-08T08:22:41.312Z', 'age': 5}, 'phone': '068-86842732', 'cell': '0913-189-1645', 'id': {'name': '', 'value': None}, 'picture': {'large': 'https://randomuser.me/api/portraits/women/47.jpg', 'medium': 'https://randomuser.me/api/portraits/med/women/47.jpg', 'thumbnail': 'https://randomuser.me/api/portraits/thumb/women/47.jpg'}, 'nat': 'IR'}], 'info': {'seed': 'fb82071f649808c9', 'results': 1, 'page': 1, 'version': '1.4'}}</msg>
<arg>${json_data}</arg>
<doc>Logs the given message with the given level.</doc>
<status status="PASS" start="2024-07-12T11:13:13.120979" elapsed="0.000213"/>
</kw>
<kw name="Should Be Equal As Numbers" owner="BuiltIn">
<arg>${json_data['results'][0]['location']['postcode']}</arg>
<arg>${json_data['results'][0]['location']['postcode']}</arg>
<doc>Fails if objects are unequal after converting them to real numbers.</doc>
<status status="PASS" start="2024-07-12T11:13:13.121490" elapsed="0.000632"/>
</kw>
<kw name="Log" owner="BuiltIn">
<msg time="2024-07-12T11:13:13.122698" level="INFO">51539</msg>
<arg>${json_data['results'][0]['location']['postcode']}</arg>
<doc>Logs the given message with the given level.</doc>
<status status="PASS" start="2024-07-12T11:13:13.122351" elapsed="0.000390"/>
</kw>
<status status="PASS" start="2024-07-12T11:13:13.007568" elapsed="0.115428"/>
</kw>
<doc>Testa se os tipos de dados na resposta da API estão corretos.</doc>
<tag>testeTiposDados</tag>
<status status="PASS" start="2024-07-12T11:13:12.903903" elapsed="0.219260"/>
</test>
<test id="s1-s1-t5" name="Validar conteudo" line="35">
<kw name="Teste de Tipos de Conteudo" owner="random-user-service">
<kw name="GET On Session" owner="RequestsLibrary">
<msg time="2024-07-12T11:13:13.223000" level="INFO">GET Request : url=https://randomuser.me/api 
 path_url=/api 
 headers={'User-Agent': 'python-requests/2.32.3', 'Accept-Encoding': 'gzip, deflate', 'Accept': '*/*', 'Connection': 'keep-alive'} 
 body=None 
 </msg>
<msg time="2024-07-12T11:13:13.223080" level="INFO">GET Response : url=https://randomuser.me/api 
 status=200, reason=OK 
 headers={'Date': 'Fri, 12 Jul 2024 11:13:13 GMT', 'Content-Type': 'application/json; charset=utf-8', 'Transfer-Encoding': 'chunked', 'Connection': 'keep-alive', 'X-Powered-By': 'Express', 'Access-Control-Allow-Origin': '*', 'Cache-Control': 'no-cache', 'ETag': 'W/"4a9-8cTbDkoTLnFXasdiPAh1mta0lFk"', 'Vary': 'Accept-Encoding', 'Content-Encoding': 'gzip', 'CF-Cache-Status': 'DYNAMIC', 'Report-To': '{"endpoints":[{"url":"https:\\/\\/a.nel.cloudflare.com\\/report\\/v4?s=CgoQHpN2XTg9us17gcL7pOGUJwP51EJ6yahybQlXcg5diwFebWcr%2FxkTCmp0smriC4uq4KikLfFIkuGRRbcJVjzrxnuNyc7w%2Fq21%2BZkFFBp69EzNhiPVP7X7rU%2FyNZ8Y"}],"group":"cf-nel","max_age":604800}', 'NEL': '{"success_fraction":0,"report_to":"cf-nel","max_age":604800}', 'Server': 'cloudflare', 'CF-RAY': '8a209a491dab318b-LAX', 'alt-svc': 'h3=":443"; ma=86400'} 
 body={"results":[{"gender":"male","name":{"title":"Mr","first":"Porfirio","last":"Chavarría"},"location":{"street":{"number":5362,"name":"Calzada Carrero"},"city":"Cholula de Rivadabia","state":"Tabasco","country":"Mexico","postcode":16790,"coordinates":{"latitude":"25.8407","longitude":"-5.8698"},"timezone":{"offset":"+1:00","description":"Brussels, Copenhagen, Madrid, Paris"}},"email":"porfirio.chavarria@example.com","login":{"uuid":"c37842d1-0643-4906-805c-5f6198cb315c","username":"goldenrabbit387","password":"414141","salt":"dyqoJdzU","md5":"e437a39e3aa39733a2574e28b96f50e6","sha1":"320a23cee9c37eefa0313020ddf605afeeefc455","sha256":"9bf488ebec6a2ca09f2a1ec9041150ec3bd1b7ca0219621eb8aaf30e7b605234"},"dob":{"date":"1998-07-19T01:54:27.785Z","age":25},"registered":{"date":"2009-12-09T12:46:44.549Z","age":14},"phone":"(665) 762 0385","cell":"(634) 650 8482","id":{"name":"NSS","value":"01 55 35 7159 0"},"picture":{"large":"https://randomuser.me/api/portraits/men/7.jpg","medium":"https://randomuser.me/api/portraits/med/men/7.jpg","thumbnail":"https://randomuser.me/api/portraits/thumb/men/7.jpg"},"nat":"MX"}],"info":{"seed":"0f51b7121c97a5cc","results":1,"page":1,"version":"1.4"}} 
 </msg>
<msg time="2024-07-12T11:13:13.223166" level="INFO">/opt/hostedtoolcache/Python/3.12.4/x64/lib/python3.12/site-packages/urllib3/connectionpool.py:1099: InsecureRequestWarning: Unverified HTTPS request is being made to host 'randomuser.me'. Adding certificate verification is strongly advised. See: https://urllib3.readthedocs.io/en/latest/advanced-usage.html#tls-warnings
  warnings.warn(</msg>
<msg time="2024-07-12T11:13:13.223270" level="INFO">${response} = &lt;Response [200]&gt;</msg>
<var>${response}</var>
<arg>consultarAPI</arg>
<arg>/api</arg>
<doc>Sends a GET request on a previously created HTTP Session.</doc>
<status status="PASS" start="2024-07-12T11:13:13.125863" elapsed="0.097441"/>
</kw>
<kw name="Set Variable" owner="BuiltIn">
<msg time="2024-07-12T11:13:13.224154" level="INFO">${json_data} = {'results': [{'gender': 'male', 'name': {'title': 'Mr', 'first': 'Porfirio', 'last': 'Chavarría'}, 'location': {'street': {'number': 5362, 'name': 'Calzada Carrero'}, 'city': 'Cholula de Rivadabia', '...</msg>
<var>${json_data}</var>
<arg>${response.json()}</arg>
<doc>Returns the given values which can then be assigned to a variables.</doc>
<status status="PASS" start="2024-07-12T11:13:13.223680" elapsed="0.000504"/>
</kw>
<kw name="Set Variable" owner="BuiltIn">
<msg time="2024-07-12T11:13:13.224858" level="INFO">${name_title} = Mr</msg>
<var>${name_title}</var>
<arg>${json_data["results"][0]["name"]["title"]}</arg>
<doc>Returns the given values which can then be assigned to a variables.</doc>
<status status="PASS" start="2024-07-12T11:13:13.224487" elapsed="0.000397"/>
</kw>
<kw name="Create List" owner="BuiltIn">
<msg time="2024-07-12T11:13:13.225326" level="INFO">${allowed_titles} = ['Mr', 'Ms', 'Miss', 'Mrs', 'Madame', 'Monsieur']</msg>
<var>${allowed_titles}</var>
<arg>Mr</arg>
<arg>Ms</arg>
<arg>Miss</arg>
<arg>Mrs</arg>
<arg>Madame</arg>
<arg>Monsieur</arg>
<doc>Returns a list containing given items.</doc>
<status status="PASS" start="2024-07-12T11:13:13.225178" elapsed="0.000172"/>
</kw>
<kw name="List Should Contain Value" owner="Collections">
<arg>${allowed_titles}</arg>
<arg>${name_title}</arg>
<doc>Fails if the ``value`` is not found from ``list``.</doc>
<status status="PASS" start="2024-07-12T11:13:13.225642" elapsed="0.000174"/>
</kw>
<kw name="Set Variable" owner="BuiltIn">
<msg time="2024-07-12T11:13:13.226359" level="INFO">${name_country} = MX</msg>
<var>${name_country}</var>
<arg>${json_data["results"][0]["nat"]}</arg>
<doc>Returns the given values which can then be assigned to a variables.</doc>
<status status="PASS" start="2024-07-12T11:13:13.225999" elapsed="0.000385"/>
</kw>
<kw name="Create List" owner="BuiltIn">
<msg time="2024-07-12T11:13:13.227262" level="INFO">${list_country} = ['AD', 'AE', 'AF', 'AG', 'AI', 'AL', 'AM', 'AO', 'AQ', 'AR', 'AS', 'AT', 'AU', 'AW', 'AX', 'AZ', 'BA', 'BB', 'BD', 'BE', 'BF', 'BG', 'BH', 'BI', 'BJ', 'BL', 'BM', 'BN', 'BO', 'BQ', 'BR', 'BS', 'BT', '...</msg>
<var>${list_country}</var>
<arg>AD</arg>
<arg>AE</arg>
<arg>AF</arg>
<arg>AG</arg>
<arg>AI</arg>
<arg>AL</arg>
<arg>AM</arg>
<arg>AO</arg>
<arg>AQ</arg>
<arg>AR</arg>
<arg>AS</arg>
<arg>AT</arg>
<arg>AU</arg>
<arg>AW</arg>
<arg>AX</arg>
<arg>AZ</arg>
<arg>BA</arg>
<arg>BB</arg>
<arg>BD</arg>
<arg>BE</arg>
<arg>BF</arg>
<arg>BG</arg>
<arg>BH</arg>
<arg>BI</arg>
<arg>BJ</arg>
<arg>BL</arg>
<arg>BM</arg>
<arg>BN</arg>
<arg>BO</arg>
<arg>BQ</arg>
<arg>BR</arg>
<arg>BS</arg>
<arg>BT</arg>
<arg>BV</arg>
<arg>BW</arg>
<arg>BY</arg>
<arg>BZ</arg>
<arg>CA</arg>
<arg>CC</arg>
<arg>CD</arg>
<arg>CF</arg>
<arg>CG</arg>
<arg>CH</arg>
<arg>CI</arg>
<arg>CK</arg>
<arg>CL</arg>
<arg>CM</arg>
<arg>CN</arg>
<arg>CO</arg>
<arg>CR</arg>
<arg>CU</arg>
<arg>CV</arg>
<arg>CW</arg>
<arg>CX</arg>
<arg>CY</arg>
<arg>CZ</arg>
<arg>DE</arg>
<arg>DJ</arg>
<arg>DK</arg>
<arg>DM</arg>
<arg>DO</arg>
<arg>DZ</arg>
<arg>EC</arg>
<arg>EE</arg>
<arg>EG</arg>
<arg>EH</arg>
<arg>ER</arg>
<arg>ES</arg>
<arg>ET</arg>
<arg>FI</arg>
<arg>FJ</arg>
<arg>FK</arg>
<arg>FM</arg>
<arg>FO</arg>
<arg>FR</arg>
<arg>GA</arg>
<arg>GB</arg>
<arg>GD</arg>
<arg>GE</arg>
<arg>GF</arg>
<arg>GG</arg>
<arg>GH</arg>
<arg>GI</arg>
<arg>GL</arg>
<arg>GM</arg>
<arg>GN</arg>
<arg>GP</arg>
<arg>GQ</arg>
<arg>GR</arg>
<arg>GS</arg>
<arg>GT</arg>
<arg>GU</arg>
<arg>GW</arg>
<arg>GY</arg>
<arg>HK</arg>
<arg>HM</arg>
<arg>HN</arg>
<arg>HR</arg>
<arg>HT</arg>
<arg>HU</arg>
<arg>ID</arg>
<arg>IE</arg>
<arg>IL</arg>
<arg>IM</arg>
<arg>IN</arg>
<arg>IO</arg>
<arg>IQ</arg>
<arg>IR</arg>
<arg>IS</arg>
<arg>IT</arg>
<arg>JE</arg>
<arg>JM</arg>
<arg>JO</arg>
<arg>JP</arg>
<arg>KE</arg>
<arg>KG</arg>
<arg>KH</arg>
<arg>KI</arg>
<arg>KM</arg>
<arg>KN</arg>
<arg>KP</arg>
<arg>KR</arg>
<arg>KW</arg>
<arg>KY</arg>
<arg>KZ</arg>
<arg>LA</arg>
<arg>LB</arg>
<arg>LC</arg>
<arg>LI</arg>
<arg>LK</arg>
<arg>LR</arg>
<arg>LS</arg>
<arg>LT</arg>
<arg>LU</arg>
<arg>LV</arg>
<arg>LY</arg>
<arg>MA</arg>
<arg>MC</arg>
<arg>MD</arg>
<arg>ME</arg>
<arg>MF</arg>
<arg>MG</arg>
<arg>MH</arg>
<arg>MK</arg>
<arg>ML</arg>
<arg>MM</arg>
<arg>MN</arg>
<arg>MO</arg>
<arg>MP</arg>
<arg>MQ</arg>
<arg>MR</arg>
<arg>MS</arg>
<arg>MT</arg>
<arg>MU</arg>
<arg>MV</arg>
<arg>MW</arg>
<arg>MX</arg>
<arg>MY</arg>
<arg>MZ</arg>
<arg>NA</arg>
<arg>NC</arg>
<arg>NE</arg>
<arg>NF</arg>
<arg>NG</arg>
<arg>NI</arg>
<arg>NL</arg>
<arg>NO</arg>
<arg>NP</arg>
<arg>NR</arg>
<arg>NU</arg>
<arg>NZ</arg>
<arg>OM</arg>
<arg>PA</arg>
<arg>PE</arg>
<arg>PF</arg>
<arg>PG</arg>
<arg>PH</arg>
<arg>PK</arg>
<arg>PL</arg>
<arg>PM</arg>
<arg>PN</arg>
<arg>PR</arg>
<arg>PS</arg>
<arg>PT</arg>
<arg>PW</arg>
<arg>PY</arg>
<arg>QA</arg>
<arg>RE</arg>
<arg>RO</arg>
<arg>RS</arg>
<arg>RU</arg>
<arg>RW</arg>
<arg>SA</arg>
<arg>SB</arg>
<arg>SC</arg>
<arg>SD</arg>
<arg>SE</arg>
<arg>SG</arg>
<arg>SH</arg>
<arg>SI</arg>
<arg>SJ</arg>
<arg>SK</arg>
<arg>SL</arg>
<arg>SM</arg>
<arg>SN</arg>
<arg>SO</arg>
<arg>SR</arg>
<arg>SS</arg>
<arg>ST</arg>
<arg>SV</arg>
<arg>SX</arg>
<arg>SY</arg>
<arg>SZ</arg>
<arg>TC</arg>
<arg>TD</arg>
<arg>TF</arg>
<arg>TG</arg>
<arg>TH</arg>
<arg>TJ</arg>
<arg>TK</arg>
<arg>TL</arg>
<arg>TM</arg>
<arg>TN</arg>
<arg>TO</arg>
<arg>TR</arg>
<arg>TT</arg>
<arg>TV</arg>
<arg>TW</arg>
<arg>TZ</arg>
<arg>UA</arg>
<arg>UG</arg>
<arg>UM</arg>
<arg>US</arg>
<arg>UY</arg>
<arg>UZ</arg>
<arg>VA</arg>
<arg>VC</arg>
<arg>VE</arg>
<arg>VG</arg>
<arg>VI</arg>
<arg>VN</arg>
<arg>VU</arg>
<arg>WF</arg>
<arg>WS</arg>
<arg>XK</arg>
<arg>YE</arg>
<arg>YT</arg>
<arg>ZA</arg>
<arg>ZM</arg>
<arg>ZW</arg>
<doc>Returns a list containing given items.</doc>
<status status="PASS" start="2024-07-12T11:13:13.226671" elapsed="0.000616"/>
</kw>
<kw name="List Should Contain Value" owner="Collections">
<arg>${list_country}</arg>
<arg>${name_country}</arg>
<doc>Fails if the ``value`` is not found from ``list``.</doc>
<status status="PASS" start="2024-07-12T11:13:13.228105" elapsed="0.000218"/>
</kw>
<kw name="Run Keyword If" owner="BuiltIn">
<kw name="Should Be True" owner="BuiltIn">
<arg>${True}</arg>
<doc>Fails if the given condition is not true.</doc>
<status status="PASS" start="2024-07-12T11:13:13.229250" elapsed="0.000143"/>
</kw>
<arg>${json_data["results"][0]["location"]["coordinates"]["latitude"]} &gt;= -90 and ${json_data["results"][0]["location"]["coordinates"]["latitude"]} &lt;= 90</arg>
<arg>Should Be True</arg>
<arg>${True}</arg>
<doc>Runs the given keyword with the given arguments, if ``condition`` is true.</doc>
<status status="PASS" start="2024-07-12T11:13:13.228520" elapsed="0.000999"/>
</kw>
<kw name="Run Keyword If" owner="BuiltIn">
<kw name="Should Be True" owner="BuiltIn">
<arg>${True}</arg>
<doc>Fails if the given condition is not true.</doc>
<status status="PASS" start="2024-07-12T11:13:13.230386" elapsed="0.000135"/>
</kw>
<arg>${json_data["results"][0]["location"]["coordinates"]["longitude"]} &gt;= -180 and ${json_data["results"][0]["location"]["coordinates"]["longitude"]} &lt;= 180</arg>
<arg>Should Be True</arg>
<arg>${True}</arg>
<doc>Runs the given keyword with the given arguments, if ``condition`` is true.</doc>
<status status="PASS" start="2024-07-12T11:13:13.229701" elapsed="0.000943"/>
</kw>
<status status="PASS" start="2024-07-12T11:13:13.125498" elapsed="0.105276"/>
</kw>
<doc>Testa o conteúdo específico dos campos retornados pela API.</doc>
<tag>testeConteudo</tag>
<status status="PASS" start="2024-07-12T11:13:13.125026" elapsed="0.105889"/>
</test>
<status status="PASS" start="2024-07-12T11:13:12.270033" elapsed="0.962862"/>
</suite>
<status status="PASS" start="2024-07-12T11:13:12.255485" elapsed="0.982529"/>
</suite>
<statistics>
<total>
<stat pass="5" fail="0" skip="0">All Tests</stat>
</total>
<tag>
<stat pass="1" fail="0" skip="0">testeConteudo</stat>
<stat pass="1" fail="0" skip="0">testeEstruturaResposta</stat>
<stat pass="1" fail="0" skip="0">testeRequisicaoBasica</stat>
<stat pass="1" fail="0" skip="0">testeTiposDados</stat>
</tag>
<suite>
<stat pass="5" fail="0" skip="0" id="s1" name="Tests">Tests</stat>
<stat pass="5" fail="0" skip="0" id="s1-s1" name="Random-User-Test">Tests.Random-User-Test</stat>
</suite>
</statistics>
<errors>
</errors>
</robot>
