<?xml version="1.0" encoding="UTF-8"?>
<robot generator="Robot 7.0.1 (Python 3.12.4 on linux)" generated="2024-08-06T15:17:31.739476" rpa="false" schemaversion="5">
<suite id="s1" name="Tests" source="/home/runner/work/ApiRandomUser/ApiRandomUser/RamdonUser/tests">
<suite id="s1-s1" name="Random-User-Test" source="/home/runner/work/ApiRandomUser/ApiRandomUser/RamdonUser/tests/random-user-test.robot">
<test id="s1-s1-t1" name="Conectar" line="13">
<kw name="Conectar API" owner="random-user-service">
<kw name="Create Session" owner="RequestsLibrary">
<msg time="2024-08-06T15:17:32.149079" level="INFO">Creating Session using : alias=consultarAPI, url=https://randomuser.me/, headers={},                     cookies={}, auth=None, timeout=None, proxies=None, verify=False,                     debug=0 </msg>
<arg>consultarAPI</arg>
<arg>${URL}</arg>
<doc>Create Session: create a HTTP session to a server</doc>
<status status="PASS" start="2024-08-06T15:17:32.148870" elapsed="0.000396"/>
</kw>
<status status="PASS" start="2024-08-06T15:17:32.147810" elapsed="0.001823"/>
</kw>
<status status="PASS" start="2024-08-06T15:17:32.147136" elapsed="0.002691"/>
</test>
<test id="s1-s1-t2" name="Validar retorno 200 e JSON Válido" line="16">
<kw name="Teste de Requisicao Basica" owner="random-user-service">
<kw name="GET On Session" owner="RequestsLibrary">
<msg time="2024-08-06T15:17:32.391275" level="INFO">GET Request : url=https://randomuser.me/api 
 path_url=/api 
 headers={'User-Agent': 'python-requests/2.32.3', 'Accept-Encoding': 'gzip, deflate', 'Accept': '*/*', 'Connection': 'keep-alive'} 
 body=None 
 </msg>
<msg time="2024-08-06T15:17:32.391456" level="INFO">GET Response : url=https://randomuser.me/api 
 status=200, reason=OK 
 headers={'Date': 'Tue, 06 Aug 2024 15:17:32 GMT', 'Content-Type': 'application/json; charset=utf-8', 'Transfer-Encoding': 'chunked', 'Connection': 'keep-alive', 'X-Powered-By': 'Express', 'Access-Control-Allow-Origin': '*', 'Cache-Control': 'no-cache', 'ETag': 'W/"493-prz6m76mhY83UwGI9HknkMi5d6w"', 'Vary': 'Accept-Encoding', 'Content-Encoding': 'gzip', 'CF-Cache-Status': 'DYNAMIC', 'Report-To': '{"endpoints":[{"url":"https:\\/\\/a.nel.cloudflare.com\\/report\\/v4?s=dVCWY1M30oOjiKnhNNBwcVwRzUs%2BmfOjVNhRU1gkMHaEwxytOh%2Bw5rzpFaqonMGlmlCuER%2FMjrbMpSzTCSDVaTWxGTICcKu9iL0BbsUGS%2BKaAE6quedDVNO6qhVvsgQC"}],"group":"cf-nel","max_age":604800}', 'NEL': '{"success_fraction":0,"report_to":"cf-nel","max_age":604800}', 'Server': 'cloudflare', 'CF-RAY': '8aeffe8ccd7715ff-SJC', 'alt-svc': 'h3=":443"; ma=86400'} 
 body={"results":[{"gender":"male","name":{"title":"Mr","first":"Paul","last":"Fernandez"},"location":{"street":{"number":6335,"name":"Miller Ave"},"city":"Wollongong","state":"Queensland","country":"Australia","postcode":1549,"coordinates":{"latitude":"-84.1935","longitude":"-126.0019"},"timezone":{"offset":"+3:00","description":"Baghdad, Riyadh, Moscow, St. Petersburg"}},"email":"paul.fernandez@example.com","login":{"uuid":"c38a8f62-0b9d-4a65-a89e-37ebcd881727","username":"purpleswan280","password":"kittys","salt":"dRL1OAv5","md5":"410f1979a1e51c37e1b5ef2ceb6857b7","sha1":"c68ed74255b3cbdf41edf84b7f7147c4245910e2","sha256":"fe02d1f5d888753c4ed39f5b357bcafc0c73b14ff5aaaf73e40b0ab02c270561"},"dob":{"date":"1972-05-11T00:45:22.732Z","age":52},"registered":{"date":"2020-09-16T18:29:41.928Z","age":3},"phone":"07-8550-4142","cell":"0444-743-805","id":{"name":"TFN","value":"879238992"},"picture":{"large":"https://randomuser.me/api/portraits/men/70.jpg","medium":"https://randomuser.me/api/portraits/med/men/70.jpg","thumbnail":"https://randomuser.me/api/portraits/thumb/men/70.jpg"},"nat":"AU"}],"info":{"seed":"77889933bb2438d8","results":1,"page":1,"version":"1.4"}} 
 </msg>
<msg time="2024-08-06T15:17:32.391545" level="INFO">/opt/hostedtoolcache/Python/3.12.4/x64/lib/python3.12/site-packages/urllib3/connectionpool.py:1099: InsecureRequestWarning: Unverified HTTPS request is being made to host 'randomuser.me'. Adding certificate verification is strongly advised. See: https://urllib3.readthedocs.io/en/latest/advanced-usage.html#tls-warnings
  warnings.warn(</msg>
<msg time="2024-08-06T15:17:32.391707" level="INFO">${response} = &lt;Response [200]&gt;</msg>
<var>${response}</var>
<arg>consultarAPI</arg>
<arg>/api</arg>
<doc>Sends a GET request on a previously created HTTP Session.</doc>
<status status="PASS" start="2024-08-06T15:17:32.152542" elapsed="0.239209"/>
</kw>
<kw name="Should Be Equal As Numbers" owner="BuiltIn">
<msg time="2024-08-06T15:17:32.392789" level="INFO">Argument types are:
&lt;class 'int'&gt;
&lt;class 'str'&gt;</msg>
<arg>${response.status_code}</arg>
<arg>200</arg>
<doc>Fails if objects are unequal after converting them to real numbers.</doc>
<status status="PASS" start="2024-08-06T15:17:32.392330" elapsed="0.000525"/>
</kw>
<kw name="Log" owner="BuiltIn">
<msg time="2024-08-06T15:17:32.393521" level="INFO">200</msg>
<arg>${response.status_code}</arg>
<doc>Logs the given message with the given level.</doc>
<status status="PASS" start="2024-08-06T15:17:32.393171" elapsed="0.000393"/>
</kw>
<kw name="Set Variable" owner="BuiltIn">
<msg time="2024-08-06T15:17:32.394316" level="INFO">${json_data} = {'results': [{'gender': 'male', 'name': {'title': 'Mr', 'first': 'Paul', 'last': 'Fernandez'}, 'location': {'street': {'number': 6335, 'name': 'Miller Ave'}, 'city': 'Wollongong', 'state': 'Queensland...</msg>
<var>${json_data}</var>
<arg>${response.json()}</arg>
<doc>Returns the given values which can then be assigned to a variables.</doc>
<status status="PASS" start="2024-08-06T15:17:32.393872" elapsed="0.000474"/>
</kw>
<kw name="Dictionary Should Contain Key" owner="Collections">
<arg>${json_data}</arg>
<arg>results</arg>
<doc>Fails if ``key`` is not found from ``dictionary``.</doc>
<status status="PASS" start="2024-08-06T15:17:32.394683" elapsed="0.000352"/>
</kw>
<status status="PASS" start="2024-08-06T15:17:32.152296" elapsed="0.242896"/>
</kw>
<doc>Testa se a API responde corretamente e retorna um objeto JSON válido.</doc>
<tag>testeRequisicaoBasica</tag>
<status status="PASS" start="2024-08-06T15:17:32.151737" elapsed="0.243632"/>
</test>
<test id="s1-s1-t3" name="Validar estrutura de resposta" line="22">
<kw name="Teste de Estrutura de Resposta" owner="random-user-service">
<kw name="GET On Session" owner="RequestsLibrary">
<msg time="2024-08-06T15:17:32.510358" level="INFO">GET Request : url=https://randomuser.me/api 
 path_url=/api 
 headers={'User-Agent': 'python-requests/2.32.3', 'Accept-Encoding': 'gzip, deflate', 'Accept': '*/*', 'Connection': 'keep-alive'} 
 body=None 
 </msg>
<msg time="2024-08-06T15:17:32.510482" level="INFO">GET Response : url=https://randomuser.me/api 
 status=200, reason=OK 
 headers={'Date': 'Tue, 06 Aug 2024 15:17:32 GMT', 'Content-Type': 'application/json; charset=utf-8', 'Transfer-Encoding': 'chunked', 'Connection': 'keep-alive', 'X-Powered-By': 'Express', 'Access-Control-Allow-Origin': '*', 'Cache-Control': 'no-cache', 'ETag': 'W/"48b-/m0nyU6KTU0EX87XYy9L58Y/OOQ"', 'Vary': 'Accept-Encoding', 'Content-Encoding': 'gzip', 'CF-Cache-Status': 'DYNAMIC', 'Report-To': '{"endpoints":[{"url":"https:\\/\\/a.nel.cloudflare.com\\/report\\/v4?s=c2cBcSOz7myr9xg2C41NY4GCD6LHEtiTkSu8pE3jNDK%2BQkyfInFWZt8IjYD8js5eierCVIoux%2F71UJCRAtBT8XJG9QKcdLHGZgbaJNLqnKbSPu3xhk3bz2SAzxjNKX3r"}],"group":"cf-nel","max_age":604800}', 'NEL': '{"success_fraction":0,"report_to":"cf-nel","max_age":604800}', 'Server': 'cloudflare', 'CF-RAY': '8aeffe8d8e3915ff-SJC', 'alt-svc': 'h3=":443"; ma=86400'} 
 body={"results":[{"gender":"female","name":{"title":"Miss","first":"Eva-Marie","last":"Herzog"},"location":{"street":{"number":853,"name":"Römerstraße"},"city":"Wiesbaden","state":"Brandenburg","country":"Germany","postcode":53656,"coordinates":{"latitude":"-53.0191","longitude":"89.7339"},"timezone":{"offset":"-2:00","description":"Mid-Atlantic"}},"email":"eva-marie.herzog@example.com","login":{"uuid":"45061df3-7346-4715-87e8-1bb96a7ae733","username":"orangebird765","password":"vader","salt":"nqABfwYC","md5":"622f679c2a34a9a9d11a1fbf93ef8478","sha1":"a96d6d2bc411bbba82ddedc2476176755422c373","sha256":"e58d8528aaa5382832b087447cad97beeb1b6cc77df13dabb41187fae24a971e"},"dob":{"date":"1984-07-03T13:17:09.224Z","age":40},"registered":{"date":"2014-09-14T01:31:34.569Z","age":9},"phone":"0646-8412865","cell":"0177-8926430","id":{"name":"SVNR","value":"02 030784 H 938"},"picture":{"large":"https://randomuser.me/api/portraits/women/37.jpg","medium":"https://randomuser.me/api/portraits/med/women/37.jpg","thumbnail":"https://randomuser.me/api/portraits/thumb/women/37.jpg"},"nat":"DE"}],"info":{"seed":"febec07a2544aff5","results":1,"page":1,"version":"1.4"}} 
 </msg>
<msg time="2024-08-06T15:17:32.510668" level="INFO">/opt/hostedtoolcache/Python/3.12.4/x64/lib/python3.12/site-packages/urllib3/connectionpool.py:1099: InsecureRequestWarning: Unverified HTTPS request is being made to host 'randomuser.me'. Adding certificate verification is strongly advised. See: https://urllib3.readthedocs.io/en/latest/advanced-usage.html#tls-warnings
  warnings.warn(</msg>
<msg time="2024-08-06T15:17:32.510825" level="INFO">${response} = &lt;Response [200]&gt;</msg>
<var>${response}</var>
<arg>consultarAPI</arg>
<arg>/api</arg>
<doc>Sends a GET request on a previously created HTTP Session.</doc>
<status status="PASS" start="2024-08-06T15:17:32.397948" elapsed="0.112924"/>
</kw>
<kw name="Set Variable" owner="BuiltIn">
<msg time="2024-08-06T15:17:32.511927" level="INFO">${json_data} = {'results': [{'gender': 'female', 'name': {'title': 'Miss', 'first': 'Eva-Marie', 'last': 'Herzog'}, 'location': {'street': {'number': 853, 'name': 'Römerstraße'}, 'city': 'Wiesbaden', 'state': 'Brand...</msg>
<var>${json_data}</var>
<arg>${response.json()}</arg>
<doc>Returns the given values which can then be assigned to a variables.</doc>
<status status="PASS" start="2024-08-06T15:17:32.511386" elapsed="0.000571"/>
</kw>
<kw name="Log" owner="BuiltIn">
<msg time="2024-08-06T15:17:32.512438" level="INFO">{'results': [{'gender': 'female', 'name': {'title': 'Miss', 'first': 'Eva-Marie', 'last': 'Herzog'}, 'location': {'street': {'number': 853, 'name': 'Römerstraße'}, 'city': 'Wiesbaden', 'state': 'Brandenburg', 'country': 'Germany', 'postcode': 53656, 'coordinates': {'latitude': '-53.0191', 'longitude': '89.7339'}, 'timezone': {'offset': '-2:00', 'description': 'Mid-Atlantic'}}, 'email': 'eva-marie.herzog@example.com', 'login': {'uuid': '45061df3-7346-4715-87e8-1bb96a7ae733', 'username': 'orangebird765', 'password': 'vader', 'salt': 'nqABfwYC', 'md5': '622f679c2a34a9a9d11a1fbf93ef8478', 'sha1': 'a96d6d2bc411bbba82ddedc2476176755422c373', 'sha256': 'e58d8528aaa5382832b087447cad97beeb1b6cc77df13dabb41187fae24a971e'}, 'dob': {'date': '1984-07-03T13:17:09.224Z', 'age': 40}, 'registered': {'date': '2014-09-14T01:31:34.569Z', 'age': 9}, 'phone': '0646-8412865', 'cell': '0177-8926430', 'id': {'name': 'SVNR', 'value': '02 030784 H 938'}, 'picture': {'large': 'https://randomuser.me/api/portraits/women/37.jpg', 'medium': 'https://randomuser.me/api/portraits/med/women/37.jpg', 'thumbnail': 'https://randomuser.me/api/portraits/thumb/women/37.jpg'}, 'nat': 'DE'}], 'info': {'seed': 'febec07a2544aff5', 'results': 1, 'page': 1, 'version': '1.4'}}</msg>
<arg>${json_data}</arg>
<doc>Logs the given message with the given level.</doc>
<status status="PASS" start="2024-08-06T15:17:32.512270" elapsed="0.000224"/>
</kw>
<kw name="Dictionary Should Contain Key" owner="Collections">
<arg>${json_data}</arg>
<arg>results</arg>
<doc>Fails if ``key`` is not found from ``dictionary``.</doc>
<status status="PASS" start="2024-08-06T15:17:32.512800" elapsed="0.000167"/>
</kw>
<kw name="Should Not Be Empty" owner="BuiltIn">
<msg time="2024-08-06T15:17:32.513284" level="INFO">Length is 2.</msg>
<arg>${json_data}</arg>
<doc>Verifies that the given item is not empty.</doc>
<status status="PASS" start="2024-08-06T15:17:32.513156" elapsed="0.000167"/>
</kw>
<kw name="Create List" owner="BuiltIn">
<msg time="2024-08-06T15:17:32.513759" level="INFO">${expected_keys} = ['gender', 'name', 'location', 'email', 'login']</msg>
<var>${expected_keys}</var>
<arg>gender</arg>
<arg>name</arg>
<arg>location</arg>
<arg>email</arg>
<arg>login</arg>
<doc>Returns a list containing given items.</doc>
<status status="PASS" start="2024-08-06T15:17:32.513611" elapsed="0.000173"/>
</kw>
<for flavor="IN">
<iter>
<kw name="Dictionary Should Contain Key" owner="Collections">
<arg>${json_data['results'][0]}</arg>
<arg>${key}</arg>
<doc>Fails if ``key`` is not found from ``dictionary``.</doc>
<status status="PASS" start="2024-08-06T15:17:32.514384" elapsed="0.000461"/>
</kw>
<kw name="Log" owner="BuiltIn">
<msg time="2024-08-06T15:17:32.515421" level="INFO">{'gender': 'female', 'name': {'title': 'Miss', 'first': 'Eva-Marie', 'last': 'Herzog'}, 'location': {'street': {'number': 853, 'name': 'Römerstraße'}, 'city': 'Wiesbaden', 'state': 'Brandenburg', 'country': 'Germany', 'postcode': 53656, 'coordinates': {'latitude': '-53.0191', 'longitude': '89.7339'}, 'timezone': {'offset': '-2:00', 'description': 'Mid-Atlantic'}}, 'email': 'eva-marie.herzog@example.com', 'login': {'uuid': '45061df3-7346-4715-87e8-1bb96a7ae733', 'username': 'orangebird765', 'password': 'vader', 'salt': 'nqABfwYC', 'md5': '622f679c2a34a9a9d11a1fbf93ef8478', 'sha1': 'a96d6d2bc411bbba82ddedc2476176755422c373', 'sha256': 'e58d8528aaa5382832b087447cad97beeb1b6cc77df13dabb41187fae24a971e'}, 'dob': {'date': '1984-07-03T13:17:09.224Z', 'age': 40}, 'registered': {'date': '2014-09-14T01:31:34.569Z', 'age': 9}, 'phone': '0646-8412865', 'cell': '0177-8926430', 'id': {'name': 'SVNR', 'value': '02 030784 H 938'}, 'picture': {'large': 'https://randomuser.me/api/portraits/women/37.jpg', 'medium': 'https://randomuser.me/api/portraits/med/women/37.jpg', 'thumbnail': 'https://randomuser.me/api/portraits/thumb/women/37.jpg'}, 'nat': 'DE'}</msg>
<arg>${json_data['results'][0]}</arg>
<doc>Logs the given message with the given level.</doc>
<status status="PASS" start="2024-08-06T15:17:32.515051" elapsed="0.000424"/>
</kw>
<kw name="Log" owner="BuiltIn">
<msg time="2024-08-06T15:17:32.515909" level="INFO">gender</msg>
<arg>${key}</arg>
<doc>Logs the given message with the given level.</doc>
<status status="PASS" start="2024-08-06T15:17:32.515778" elapsed="0.000170"/>
</kw>
<var name="${key}">gender</var>
<status status="PASS" start="2024-08-06T15:17:32.514253" elapsed="0.001919"/>
</iter>
<iter>
<kw name="Dictionary Should Contain Key" owner="Collections">
<arg>${json_data['results'][0]}</arg>
<arg>${key}</arg>
<doc>Fails if ``key`` is not found from ``dictionary``.</doc>
<status status="PASS" start="2024-08-06T15:17:32.516487" elapsed="0.000412"/>
</kw>
<kw name="Log" owner="BuiltIn">
<msg time="2024-08-06T15:17:32.517455" level="INFO">{'gender': 'female', 'name': {'title': 'Miss', 'first': 'Eva-Marie', 'last': 'Herzog'}, 'location': {'street': {'number': 853, 'name': 'Römerstraße'}, 'city': 'Wiesbaden', 'state': 'Brandenburg', 'country': 'Germany', 'postcode': 53656, 'coordinates': {'latitude': '-53.0191', 'longitude': '89.7339'}, 'timezone': {'offset': '-2:00', 'description': 'Mid-Atlantic'}}, 'email': 'eva-marie.herzog@example.com', 'login': {'uuid': '45061df3-7346-4715-87e8-1bb96a7ae733', 'username': 'orangebird765', 'password': 'vader', 'salt': 'nqABfwYC', 'md5': '622f679c2a34a9a9d11a1fbf93ef8478', 'sha1': 'a96d6d2bc411bbba82ddedc2476176755422c373', 'sha256': 'e58d8528aaa5382832b087447cad97beeb1b6cc77df13dabb41187fae24a971e'}, 'dob': {'date': '1984-07-03T13:17:09.224Z', 'age': 40}, 'registered': {'date': '2014-09-14T01:31:34.569Z', 'age': 9}, 'phone': '0646-8412865', 'cell': '0177-8926430', 'id': {'name': 'SVNR', 'value': '02 030784 H 938'}, 'picture': {'large': 'https://randomuser.me/api/portraits/women/37.jpg', 'medium': 'https://randomuser.me/api/portraits/med/women/37.jpg', 'thumbnail': 'https://randomuser.me/api/portraits/thumb/women/37.jpg'}, 'nat': 'DE'}</msg>
<arg>${json_data['results'][0]}</arg>
<doc>Logs the given message with the given level.</doc>
<status status="PASS" start="2024-08-06T15:17:32.517090" elapsed="0.000452"/>
</kw>
<kw name="Log" owner="BuiltIn">
<msg time="2024-08-06T15:17:32.517979" level="INFO">name</msg>
<arg>${key}</arg>
<doc>Logs the given message with the given level.</doc>
<status status="PASS" start="2024-08-06T15:17:32.517849" elapsed="0.000169"/>
</kw>
<var name="${key}">name</var>
<status status="PASS" start="2024-08-06T15:17:32.516365" elapsed="0.001870"/>
</iter>
<iter>
<kw name="Dictionary Should Contain Key" owner="Collections">
<arg>${json_data['results'][0]}</arg>
<arg>${key}</arg>
<doc>Fails if ``key`` is not found from ``dictionary``.</doc>
<status status="PASS" start="2024-08-06T15:17:32.518522" elapsed="0.000429"/>
</kw>
<kw name="Log" owner="BuiltIn">
<msg time="2024-08-06T15:17:32.519531" level="INFO">{'gender': 'female', 'name': {'title': 'Miss', 'first': 'Eva-Marie', 'last': 'Herzog'}, 'location': {'street': {'number': 853, 'name': 'Römerstraße'}, 'city': 'Wiesbaden', 'state': 'Brandenburg', 'country': 'Germany', 'postcode': 53656, 'coordinates': {'latitude': '-53.0191', 'longitude': '89.7339'}, 'timezone': {'offset': '-2:00', 'description': 'Mid-Atlantic'}}, 'email': 'eva-marie.herzog@example.com', 'login': {'uuid': '45061df3-7346-4715-87e8-1bb96a7ae733', 'username': 'orangebird765', 'password': 'vader', 'salt': 'nqABfwYC', 'md5': '622f679c2a34a9a9d11a1fbf93ef8478', 'sha1': 'a96d6d2bc411bbba82ddedc2476176755422c373', 'sha256': 'e58d8528aaa5382832b087447cad97beeb1b6cc77df13dabb41187fae24a971e'}, 'dob': {'date': '1984-07-03T13:17:09.224Z', 'age': 40}, 'registered': {'date': '2014-09-14T01:31:34.569Z', 'age': 9}, 'phone': '0646-8412865', 'cell': '0177-8926430', 'id': {'name': 'SVNR', 'value': '02 030784 H 938'}, 'picture': {'large': 'https://randomuser.me/api/portraits/women/37.jpg', 'medium': 'https://randomuser.me/api/portraits/med/women/37.jpg', 'thumbnail': 'https://randomuser.me/api/portraits/thumb/women/37.jpg'}, 'nat': 'DE'}</msg>
<arg>${json_data['results'][0]}</arg>
<doc>Logs the given message with the given level.</doc>
<status status="PASS" start="2024-08-06T15:17:32.519159" elapsed="0.000424"/>
</kw>
<kw name="Log" owner="BuiltIn">
<msg time="2024-08-06T15:17:32.520019" level="INFO">location</msg>
<arg>${key}</arg>
<doc>Logs the given message with the given level.</doc>
<status status="PASS" start="2024-08-06T15:17:32.519888" elapsed="0.000170"/>
</kw>
<var name="${key}">location</var>
<status status="PASS" start="2024-08-06T15:17:32.518413" elapsed="0.001862"/>
</iter>
<iter>
<kw name="Dictionary Should Contain Key" owner="Collections">
<arg>${json_data['results'][0]}</arg>
<arg>${key}</arg>
<doc>Fails if ``key`` is not found from ``dictionary``.</doc>
<status status="PASS" start="2024-08-06T15:17:32.520579" elapsed="0.000395"/>
</kw>
<kw name="Log" owner="BuiltIn">
<msg time="2024-08-06T15:17:32.521652" level="INFO">{'gender': 'female', 'name': {'title': 'Miss', 'first': 'Eva-Marie', 'last': 'Herzog'}, 'location': {'street': {'number': 853, 'name': 'Römerstraße'}, 'city': 'Wiesbaden', 'state': 'Brandenburg', 'country': 'Germany', 'postcode': 53656, 'coordinates': {'latitude': '-53.0191', 'longitude': '89.7339'}, 'timezone': {'offset': '-2:00', 'description': 'Mid-Atlantic'}}, 'email': 'eva-marie.herzog@example.com', 'login': {'uuid': '45061df3-7346-4715-87e8-1bb96a7ae733', 'username': 'orangebird765', 'password': 'vader', 'salt': 'nqABfwYC', 'md5': '622f679c2a34a9a9d11a1fbf93ef8478', 'sha1': 'a96d6d2bc411bbba82ddedc2476176755422c373', 'sha256': 'e58d8528aaa5382832b087447cad97beeb1b6cc77df13dabb41187fae24a971e'}, 'dob': {'date': '1984-07-03T13:17:09.224Z', 'age': 40}, 'registered': {'date': '2014-09-14T01:31:34.569Z', 'age': 9}, 'phone': '0646-8412865', 'cell': '0177-8926430', 'id': {'name': 'SVNR', 'value': '02 030784 H 938'}, 'picture': {'large': 'https://randomuser.me/api/portraits/women/37.jpg', 'medium': 'https://randomuser.me/api/portraits/med/women/37.jpg', 'thumbnail': 'https://randomuser.me/api/portraits/thumb/women/37.jpg'}, 'nat': 'DE'}</msg>
<arg>${json_data['results'][0]}</arg>
<doc>Logs the given message with the given level.</doc>
<status status="PASS" start="2024-08-06T15:17:32.521291" elapsed="0.000412"/>
</kw>
<kw name="Log" owner="BuiltIn">
<msg time="2024-08-06T15:17:32.522133" level="INFO">email</msg>
<arg>${key}</arg>
<doc>Logs the given message with the given level.</doc>
<status status="PASS" start="2024-08-06T15:17:32.522003" elapsed="0.000169"/>
</kw>
<var name="${key}">email</var>
<status status="PASS" start="2024-08-06T15:17:32.520468" elapsed="0.001919"/>
</iter>
<iter>
<kw name="Dictionary Should Contain Key" owner="Collections">
<arg>${json_data['results'][0]}</arg>
<arg>${key}</arg>
<doc>Fails if ``key`` is not found from ``dictionary``.</doc>
<status status="PASS" start="2024-08-06T15:17:32.522709" elapsed="0.000389"/>
</kw>
<kw name="Log" owner="BuiltIn">
<msg time="2024-08-06T15:17:32.523632" level="INFO">{'gender': 'female', 'name': {'title': 'Miss', 'first': 'Eva-Marie', 'last': 'Herzog'}, 'location': {'street': {'number': 853, 'name': 'Römerstraße'}, 'city': 'Wiesbaden', 'state': 'Brandenburg', 'country': 'Germany', 'postcode': 53656, 'coordinates': {'latitude': '-53.0191', 'longitude': '89.7339'}, 'timezone': {'offset': '-2:00', 'description': 'Mid-Atlantic'}}, 'email': 'eva-marie.herzog@example.com', 'login': {'uuid': '45061df3-7346-4715-87e8-1bb96a7ae733', 'username': 'orangebird765', 'password': 'vader', 'salt': 'nqABfwYC', 'md5': '622f679c2a34a9a9d11a1fbf93ef8478', 'sha1': 'a96d6d2bc411bbba82ddedc2476176755422c373', 'sha256': 'e58d8528aaa5382832b087447cad97beeb1b6cc77df13dabb41187fae24a971e'}, 'dob': {'date': '1984-07-03T13:17:09.224Z', 'age': 40}, 'registered': {'date': '2014-09-14T01:31:34.569Z', 'age': 9}, 'phone': '0646-8412865', 'cell': '0177-8926430', 'id': {'name': 'SVNR', 'value': '02 030784 H 938'}, 'picture': {'large': 'https://randomuser.me/api/portraits/women/37.jpg', 'medium': 'https://randomuser.me/api/portraits/med/women/37.jpg', 'thumbnail': 'https://randomuser.me/api/portraits/thumb/women/37.jpg'}, 'nat': 'DE'}</msg>
<arg>${json_data['results'][0]}</arg>
<doc>Logs the given message with the given level.</doc>
<status status="PASS" start="2024-08-06T15:17:32.523284" elapsed="0.000408"/>
</kw>
<kw name="Log" owner="BuiltIn">
<msg time="2024-08-06T15:17:32.524114" level="INFO">login</msg>
<arg>${key}</arg>
<doc>Logs the given message with the given level.</doc>
<status status="PASS" start="2024-08-06T15:17:32.523986" elapsed="0.000164"/>
</kw>
<var name="${key}">login</var>
<status status="PASS" start="2024-08-06T15:17:32.522561" elapsed="0.001807"/>
</iter>
<var>${key}</var>
<value>@{expected_keys}</value>
<status status="PASS" start="2024-08-06T15:17:32.514052" elapsed="0.010439"/>
</for>
<kw name="Create List" owner="BuiltIn">
<msg time="2024-08-06T15:17:32.524821" level="INFO">${expected_keysTwo} = ['username', 'password']</msg>
<var>${expected_keysTwo}</var>
<arg>username</arg>
<arg>password</arg>
<doc>Returns a list containing given items.</doc>
<status status="PASS" start="2024-08-06T15:17:32.524685" elapsed="0.000196"/>
</kw>
<for flavor="IN">
<iter>
<kw name="Dictionary Should Contain Key" owner="Collections">
<arg>${json_data['results'][0]['login']}</arg>
<arg>${keyTwo}</arg>
<doc>Fails if ``key`` is not found from ``dictionary``.</doc>
<status status="PASS" start="2024-08-06T15:17:32.525393" elapsed="0.000440"/>
</kw>
<kw name="Dictionary Should Contain Key" owner="Collections">
<arg>${json_data['results'][0]['login']}</arg>
<arg>${keyTwo}</arg>
<doc>Fails if ``key`` is not found from ``dictionary``.</doc>
<status status="PASS" start="2024-08-06T15:17:32.526105" elapsed="0.000664"/>
</kw>
<kw name="Log" owner="BuiltIn">
<msg time="2024-08-06T15:17:32.527276" level="INFO">username</msg>
<arg>${keyTwo}</arg>
<doc>Logs the given message with the given level.</doc>
<status status="PASS" start="2024-08-06T15:17:32.527074" elapsed="0.000267"/>
</kw>
<var name="${keyTwo}">username</var>
<status status="PASS" start="2024-08-06T15:17:32.525285" elapsed="0.002416"/>
</iter>
<iter>
<kw name="Dictionary Should Contain Key" owner="Collections">
<arg>${json_data['results'][0]['login']}</arg>
<arg>${keyTwo}</arg>
<doc>Fails if ``key`` is not found from ``dictionary``.</doc>
<status status="PASS" start="2024-08-06T15:17:32.528149" elapsed="0.000664"/>
</kw>
<kw name="Dictionary Should Contain Key" owner="Collections">
<arg>${json_data['results'][0]['login']}</arg>
<arg>${keyTwo}</arg>
<doc>Fails if ``key`` is not found from ``dictionary``.</doc>
<status status="PASS" start="2024-08-06T15:17:32.529119" elapsed="0.000621"/>
</kw>
<kw name="Log" owner="BuiltIn">
<msg time="2024-08-06T15:17:32.530231" level="INFO">password</msg>
<arg>${keyTwo}</arg>
<doc>Logs the given message with the given level.</doc>
<status status="PASS" start="2024-08-06T15:17:32.530030" elapsed="0.000271"/>
</kw>
<var name="${keyTwo}">password</var>
<status status="PASS" start="2024-08-06T15:17:32.527980" elapsed="0.002687"/>
</iter>
<var>${keyTwo}</var>
<value>@{expected_keysTwo}</value>
<status status="PASS" start="2024-08-06T15:17:32.525129" elapsed="0.005749"/>
</for>
<status status="PASS" start="2024-08-06T15:17:32.397711" elapsed="0.133428"/>
</kw>
<doc>Testa a estrutura da resposta da API.</doc>
<tag>testeEstruturaResposta</tag>
<status status="PASS" start="2024-08-06T15:17:32.397191" elapsed="0.134217"/>
</test>
<test id="s1-s1-t4" name="Validar tipos de dados" line="28">
<kw name="Teste de Tipos de Dados" owner="random-user-service">
<kw name="GET On Session" owner="RequestsLibrary">
<msg time="2024-08-06T15:17:32.627615" level="INFO">GET Request : url=https://randomuser.me/api 
 path_url=/api 
 headers={'User-Agent': 'python-requests/2.32.3', 'Accept-Encoding': 'gzip, deflate', 'Accept': '*/*', 'Connection': 'keep-alive'} 
 body=None 
 </msg>
<msg time="2024-08-06T15:17:32.627732" level="INFO">GET Response : url=https://randomuser.me/api 
 status=200, reason=OK 
 headers={'Date': 'Tue, 06 Aug 2024 15:17:32 GMT', 'Content-Type': 'application/json; charset=utf-8', 'Transfer-Encoding': 'chunked', 'Connection': 'keep-alive', 'X-Powered-By': 'Express', 'Access-Control-Allow-Origin': '*', 'Cache-Control': 'no-cache', 'ETag': 'W/"476-s8YA1wBizmERUWV0S2Fj+zHb4nY"', 'Vary': 'Accept-Encoding', 'Content-Encoding': 'gzip', 'CF-Cache-Status': 'DYNAMIC', 'Report-To': '{"endpoints":[{"url":"https:\\/\\/a.nel.cloudflare.com\\/report\\/v4?s=vUJzv2HCR0dcMTP%2BRk8aR5H8V1c9dP0gcyYzus89o6fsJvIweEGTKU1xFLZrxJT%2F7TZhfyYjJneVkmbIlPbhCxJH2vfGMC7urMPQpRbP37pzIajtzFXXjhMAM0%2BAemb8"}],"group":"cf-nel","max_age":604800}', 'NEL': '{"success_fraction":0,"report_to":"cf-nel","max_age":604800}', 'Server': 'cloudflare', 'CF-RAY': '8aeffe8e6ef515ff-SJC', 'alt-svc': 'h3=":443"; ma=86400'} 
 body={"results":[{"gender":"male","name":{"title":"Mr","first":"Surma","last":"Malezhik"},"location":{"street":{"number":5946,"name":"Oleksandra Nevskogo"},"city":"Zelenodolsk","state":"Donecka","country":"Ukraine","postcode":77653,"coordinates":{"latitude":"80.8050","longitude":"-120.8210"},"timezone":{"offset":"+5:45","description":"Kathmandu"}},"email":"surma.malezhik@example.com","login":{"uuid":"d8b9952c-7426-4e3f-829d-773dae2015bb","username":"organicswan540","password":"bobbie","salt":"EthA4m9I","md5":"c5cf0d8259606c4115de6c552e6fae18","sha1":"11164f4e0bdb2754fc0b541a617fe97db96c68f5","sha256":"1971f414f9577e5154b2d5336188990b010f2fd7015cb0d8cc84751f2347e504"},"dob":{"date":"1972-05-25T22:56:20.934Z","age":52},"registered":{"date":"2006-07-07T20:42:14.019Z","age":18},"phone":"(097) X10-1377","cell":"(097) Z85-0890","id":{"name":"","value":null},"picture":{"large":"https://randomuser.me/api/portraits/men/85.jpg","medium":"https://randomuser.me/api/portraits/med/men/85.jpg","thumbnail":"https://randomuser.me/api/portraits/thumb/men/85.jpg"},"nat":"UA"}],"info":{"seed":"b7c9f19a00a8ae51","results":1,"page":1,"version":"1.4"}} 
 </msg>
<msg time="2024-08-06T15:17:32.627818" level="INFO">/opt/hostedtoolcache/Python/3.12.4/x64/lib/python3.12/site-packages/urllib3/connectionpool.py:1099: InsecureRequestWarning: Unverified HTTPS request is being made to host 'randomuser.me'. Adding certificate verification is strongly advised. See: https://urllib3.readthedocs.io/en/latest/advanced-usage.html#tls-warnings
  warnings.warn(</msg>
<msg time="2024-08-06T15:17:32.627973" level="INFO">${response} = &lt;Response [200]&gt;</msg>
<var>${response}</var>
<arg>consultarAPI</arg>
<arg>/api</arg>
<doc>Sends a GET request on a previously created HTTP Session.</doc>
<status status="PASS" start="2024-08-06T15:17:32.535773" elapsed="0.092247"/>
</kw>
<kw name="Set Variable" owner="BuiltIn">
<msg time="2024-08-06T15:17:32.629103" level="INFO">${json_data} = {'results': [{'gender': 'male', 'name': {'title': 'Mr', 'first': 'Surma', 'last': 'Malezhik'}, 'location': {'street': {'number': 5946, 'name': 'Oleksandra Nevskogo'}, 'city': 'Zelenodolsk', 'state': '...</msg>
<var>${json_data}</var>
<arg>${response.json()}</arg>
<doc>Returns the given values which can then be assigned to a variables.</doc>
<status status="PASS" start="2024-08-06T15:17:32.628556" elapsed="0.000576"/>
</kw>
<kw name="Log" owner="BuiltIn">
<msg time="2024-08-06T15:17:32.629601" level="INFO">{'results': [{'gender': 'male', 'name': {'title': 'Mr', 'first': 'Surma', 'last': 'Malezhik'}, 'location': {'street': {'number': 5946, 'name': 'Oleksandra Nevskogo'}, 'city': 'Zelenodolsk', 'state': 'Donecka', 'country': 'Ukraine', 'postcode': 77653, 'coordinates': {'latitude': '80.8050', 'longitude': '-120.8210'}, 'timezone': {'offset': '+5:45', 'description': 'Kathmandu'}}, 'email': 'surma.malezhik@example.com', 'login': {'uuid': 'd8b9952c-7426-4e3f-829d-773dae2015bb', 'username': 'organicswan540', 'password': 'bobbie', 'salt': 'EthA4m9I', 'md5': 'c5cf0d8259606c4115de6c552e6fae18', 'sha1': '11164f4e0bdb2754fc0b541a617fe97db96c68f5', 'sha256': '1971f414f9577e5154b2d5336188990b010f2fd7015cb0d8cc84751f2347e504'}, 'dob': {'date': '1972-05-25T22:56:20.934Z', 'age': 52}, 'registered': {'date': '2006-07-07T20:42:14.019Z', 'age': 18}, 'phone': '(097) X10-1377', 'cell': '(097) Z85-0890', 'id': {'name': '', 'value': None}, 'picture': {'large': 'https://randomuser.me/api/portraits/men/85.jpg', 'medium': 'https://randomuser.me/api/portraits/med/men/85.jpg', 'thumbnail': 'https://randomuser.me/api/portraits/thumb/men/85.jpg'}, 'nat': 'UA'}], 'info': {'seed': 'b7c9f19a00a8ae51', 'results': 1, 'page': 1, 'version': '1.4'}}</msg>
<arg>${json_data}</arg>
<doc>Logs the given message with the given level.</doc>
<status status="PASS" start="2024-08-06T15:17:32.629443" elapsed="0.000205"/>
</kw>
<kw name="Should Be String" owner="String">
<arg>${json_data['results'][0]['gender']}</arg>
<doc>Fails if the given ``item`` is not a string.</doc>
<status status="PASS" start="2024-08-06T15:17:32.629944" elapsed="0.000370"/>
</kw>
<kw name="Should Match Regexp" owner="BuiltIn">
<arg>${json_data['results'][0]['email']}</arg>
<arg>^[a-zA-Z0-9._%+-]+@[a-zA-Z0-9.-]+\.[a-zA-Z]{2,}$</arg>
<doc>Fails if ``string`` does not match ``pattern`` as a regular expression.</doc>
<status status="PASS" start="2024-08-06T15:17:32.630515" elapsed="0.000580"/>
</kw>
<kw name="Should Match Regexp" owner="BuiltIn">
<arg>${json_data['results'][0]['dob']['date']}</arg>
<arg>\\d{4}-\\d{2}-\\d{2}T\\d{2}:\\d{2}:\\d{2}\\.\\d{3}Z</arg>
<doc>Fails if ``string`` does not match ``pattern`` as a regular expression.</doc>
<status status="PASS" start="2024-08-06T15:17:32.631333" elapsed="0.000662"/>
</kw>
<kw name="Should Match Regexp" owner="BuiltIn">
<arg>${json_data['results'][0]['registered']['date']}</arg>
<arg>\\d{4}-\\d{2}-\\d{2}T\\d{2}:\\d{2}:\\d{2}\\.\\d{3}Z</arg>
<doc>Fails if ``string`` does not match ``pattern`` as a regular expression.</doc>
<status status="PASS" start="2024-08-06T15:17:32.632192" elapsed="0.000376"/>
</kw>
<kw name="Should Match Regexp" owner="BuiltIn">
<arg>${json_data['results'][0]['picture']['large']}</arg>
<arg>^https?://.*\.(?:png|jpe?g|gif|bmp)$</arg>
<doc>Fails if ``string`` does not match ``pattern`` as a regular expression.</doc>
<status status="PASS" start="2024-08-06T15:17:32.632757" elapsed="0.000465"/>
</kw>
<kw name="Should Match Regexp" owner="BuiltIn">
<arg>${json_data['results'][0]['picture']['medium']}</arg>
<arg>^https?://.*\.(?:png|jpe?g|gif|bmp)$</arg>
<doc>Fails if ``string`` does not match ``pattern`` as a regular expression.</doc>
<status status="PASS" start="2024-08-06T15:17:32.633413" elapsed="0.000360"/>
</kw>
<kw name="Should Match Regexp" owner="BuiltIn">
<arg>${json_data['results'][0]['picture']['thumbnail']}</arg>
<arg>^https?://.*\.(?:png|jpe?g|gif|bmp)$</arg>
<doc>Fails if ``string`` does not match ``pattern`` as a regular expression.</doc>
<status status="PASS" start="2024-08-06T15:17:32.633973" elapsed="0.000363"/>
</kw>
<kw name="Log" owner="BuiltIn">
<msg time="2024-08-06T15:17:32.634880" level="INFO">{'large': 'https://randomuser.me/api/portraits/men/85.jpg', 'medium': 'https://randomuser.me/api/portraits/med/men/85.jpg', 'thumbnail': 'https://randomuser.me/api/portraits/thumb/men/85.jpg'}</msg>
<arg>${json_data['results'][0]['picture']}</arg>
<doc>Logs the given message with the given level.</doc>
<status status="PASS" start="2024-08-06T15:17:32.634520" elapsed="0.000403"/>
</kw>
<status status="PASS" start="2024-08-06T15:17:32.535402" elapsed="0.099790"/>
</kw>
<kw name="Teste de Tipos de Dados - Postcode" owner="random-user-service">
<kw name="GET On Session" owner="RequestsLibrary">
<msg time="2024-08-06T15:17:32.734813" level="INFO">GET Request : url=https://randomuser.me/api 
 path_url=/api 
 headers={'User-Agent': 'python-requests/2.32.3', 'Accept-Encoding': 'gzip, deflate', 'Accept': '*/*', 'Connection': 'keep-alive'} 
 body=None 
 </msg>
<msg time="2024-08-06T15:17:32.734936" level="INFO">GET Response : url=https://randomuser.me/api 
 status=200, reason=OK 
 headers={'Date': 'Tue, 06 Aug 2024 15:17:32 GMT', 'Content-Type': 'application/json; charset=utf-8', 'Transfer-Encoding': 'chunked', 'Connection': 'keep-alive', 'X-Powered-By': 'Express', 'Access-Control-Allow-Origin': '*', 'Cache-Control': 'no-cache', 'ETag': 'W/"4a2-UUg8PHMjFHE6S8rFx8zGqTr4GLU"', 'Vary': 'Accept-Encoding', 'Content-Encoding': 'gzip', 'CF-Cache-Status': 'DYNAMIC', 'Report-To': '{"endpoints":[{"url":"https:\\/\\/a.nel.cloudflare.com\\/report\\/v4?s=gTwtuLGj9D2fRE1eonB9BLPUEVs9a3Eh%2BlIDm0T%2FS8thZ4sQtx%2BFt4p6P6C3YpJHpU%2Bqjf39rfTJlQgR%2FJzWwT0yZnDAu2fCXxt3m5%2F8GzH5IEjyVxh2fpCwxlhjsK6X"}],"group":"cf-nel","max_age":604800}', 'NEL': '{"success_fraction":0,"report_to":"cf-nel","max_age":604800}', 'Server': 'cloudflare', 'CF-RAY': '8aeffe8f0f8515ff-SJC', 'alt-svc': 'h3=":443"; ma=86400'} 
 body={"results":[{"gender":"female","name":{"title":"Mrs","first":"Victoria","last":"Ross"},"location":{"street":{"number":8903,"name":"Woodland St"},"city":"Independence","state":"New Hampshire","country":"United States","postcode":70024,"coordinates":{"latitude":"83.8292","longitude":"29.7980"},"timezone":{"offset":"+10:00","description":"Eastern Australia, Guam, Vladivostok"}},"email":"victoria.ross@example.com","login":{"uuid":"fc8eef69-a9eb-423d-8e01-48b4f17070f2","username":"bigfrog586","password":"1020","salt":"I3Qio2s4","md5":"e2e9bdb588ac657b004ff9c5d7824b7d","sha1":"75dcd5b33ff0dc985d5c757911fed4e4c72c7882","sha256":"81eb5d9b3ea851eec3b8b1284ecc2e19c331080e09084d7a1d633a387b7fbd2e"},"dob":{"date":"1985-02-22T07:36:18.176Z","age":39},"registered":{"date":"2007-06-16T17:13:16.276Z","age":17},"phone":"(240) 509-1068","cell":"(225) 212-4466","id":{"name":"SSN","value":"207-73-1512"},"picture":{"large":"https://randomuser.me/api/portraits/women/93.jpg","medium":"https://randomuser.me/api/portraits/med/women/93.jpg","thumbnail":"https://randomuser.me/api/portraits/thumb/women/93.jpg"},"nat":"US"}],"info":{"seed":"f5ebe72d09614862","results":1,"page":1,"version":"1.4"}} 
 </msg>
<msg time="2024-08-06T15:17:32.735019" level="INFO">/opt/hostedtoolcache/Python/3.12.4/x64/lib/python3.12/site-packages/urllib3/connectionpool.py:1099: InsecureRequestWarning: Unverified HTTPS request is being made to host 'randomuser.me'. Adding certificate verification is strongly advised. See: https://urllib3.readthedocs.io/en/latest/advanced-usage.html#tls-warnings
  warnings.warn(</msg>
<msg time="2024-08-06T15:17:32.735189" level="INFO">${response} = &lt;Response [200]&gt;</msg>
<var>${response}</var>
<arg>consultarAPI</arg>
<arg>/api</arg>
<doc>Sends a GET request on a previously created HTTP Session.</doc>
<status status="PASS" start="2024-08-06T15:17:32.635654" elapsed="0.099582"/>
</kw>
<kw name="Set Variable" owner="BuiltIn">
<msg time="2024-08-06T15:17:32.736305" level="INFO">${json_data} = {'results': [{'gender': 'female', 'name': {'title': 'Mrs', 'first': 'Victoria', 'last': 'Ross'}, 'location': {'street': {'number': 8903, 'name': 'Woodland St'}, 'city': 'Independence', 'state': 'New H...</msg>
<var>${json_data}</var>
<arg>${response.json()}</arg>
<doc>Returns the given values which can then be assigned to a variables.</doc>
<status status="PASS" start="2024-08-06T15:17:32.735772" elapsed="0.000563"/>
</kw>
<kw name="Log" owner="BuiltIn">
<msg time="2024-08-06T15:17:32.736822" level="INFO">{'results': [{'gender': 'female', 'name': {'title': 'Mrs', 'first': 'Victoria', 'last': 'Ross'}, 'location': {'street': {'number': 8903, 'name': 'Woodland St'}, 'city': 'Independence', 'state': 'New Hampshire', 'country': 'United States', 'postcode': 70024, 'coordinates': {'latitude': '83.8292', 'longitude': '29.7980'}, 'timezone': {'offset': '+10:00', 'description': 'Eastern Australia, Guam, Vladivostok'}}, 'email': 'victoria.ross@example.com', 'login': {'uuid': 'fc8eef69-a9eb-423d-8e01-48b4f17070f2', 'username': 'bigfrog586', 'password': '1020', 'salt': 'I3Qio2s4', 'md5': 'e2e9bdb588ac657b004ff9c5d7824b7d', 'sha1': '75dcd5b33ff0dc985d5c757911fed4e4c72c7882', 'sha256': '81eb5d9b3ea851eec3b8b1284ecc2e19c331080e09084d7a1d633a387b7fbd2e'}, 'dob': {'date': '1985-02-22T07:36:18.176Z', 'age': 39}, 'registered': {'date': '2007-06-16T17:13:16.276Z', 'age': 17}, 'phone': '(240) 509-1068', 'cell': '(225) 212-4466', 'id': {'name': 'SSN', 'value': '207-73-1512'}, 'picture': {'large': 'https://randomuser.me/api/portraits/women/93.jpg', 'medium': 'https://randomuser.me/api/portraits/med/women/93.jpg', 'thumbnail': 'https://randomuser.me/api/portraits/thumb/women/93.jpg'}, 'nat': 'US'}], 'info': {'seed': 'f5ebe72d09614862', 'results': 1, 'page': 1, 'version': '1.4'}}</msg>
<arg>${json_data}</arg>
<doc>Logs the given message with the given level.</doc>
<status status="PASS" start="2024-08-06T15:17:32.736653" elapsed="0.000219"/>
</kw>
<kw name="Should Be Equal As Numbers" owner="BuiltIn">
<arg>${json_data['results'][0]['location']['postcode']}</arg>
<arg>${json_data['results'][0]['location']['postcode']}</arg>
<doc>Fails if objects are unequal after converting them to real numbers.</doc>
<status status="PASS" start="2024-08-06T15:17:32.737175" elapsed="0.000639"/>
</kw>
<kw name="Log" owner="BuiltIn">
<msg time="2024-08-06T15:17:32.738358" level="INFO">70024</msg>
<arg>${json_data['results'][0]['location']['postcode']}</arg>
<doc>Logs the given message with the given level.</doc>
<status status="PASS" start="2024-08-06T15:17:32.738009" elapsed="0.000391"/>
</kw>
<status status="PASS" start="2024-08-06T15:17:32.635423" elapsed="0.103297"/>
</kw>
<doc>Testa se os tipos de dados na resposta da API estão corretos.</doc>
<tag>testeTiposDados</tag>
<status status="PASS" start="2024-08-06T15:17:32.534699" elapsed="0.204203"/>
</test>
<test id="s1-s1-t5" name="Validar conteudo" line="35">
<kw name="Teste de Tipos de Conteudo" owner="random-user-service">
<kw name="GET On Session" owner="RequestsLibrary">
<msg time="2024-08-06T15:17:32.874382" level="INFO">GET Request : url=https://randomuser.me/api 
 path_url=/api 
 headers={'User-Agent': 'python-requests/2.32.3', 'Accept-Encoding': 'gzip, deflate', 'Accept': '*/*', 'Connection': 'keep-alive'} 
 body=None 
 </msg>
<msg time="2024-08-06T15:17:32.874483" level="INFO">GET Response : url=https://randomuser.me/api 
 status=200, reason=OK 
 headers={'Date': 'Tue, 06 Aug 2024 15:17:32 GMT', 'Content-Type': 'application/json; charset=utf-8', 'Transfer-Encoding': 'chunked', 'Connection': 'keep-alive', 'X-Powered-By': 'Express', 'Access-Control-Allow-Origin': '*', 'Cache-Control': 'no-cache', 'ETag': 'W/"488-b7Y/0pbv5tHwRPtIOi7ltffKfaQ"', 'Vary': 'Accept-Encoding', 'Content-Encoding': 'gzip', 'CF-Cache-Status': 'DYNAMIC', 'Report-To': '{"endpoints":[{"url":"https:\\/\\/a.nel.cloudflare.com\\/report\\/v4?s=iiPWzAUaDFNlmWrgE4gjfsM9%2FLStFycGBoqdPppM9V7398jnZTn5OS3AHA9eRaM8U42T%2B14Dn%2FTAWSHChXFoPzxCW8GTzkSWmlfUQy3FzSPPCz9J04EpI6zBiwLrPecu"}],"group":"cf-nel","max_age":604800}', 'NEL': '{"success_fraction":0,"report_to":"cf-nel","max_age":604800}', 'Server': 'cloudflare', 'CF-RAY': '8aeffe8fa82215ff-SJC', 'alt-svc': 'h3=":443"; ma=86400'} 
 body={"results":[{"gender":"female","name":{"title":"Miss","first":"Sara","last":"Christensen"},"location":{"street":{"number":7189,"name":"Østervænget"},"city":"Roedovre","state":"Hovedstaden","country":"Denmark","postcode":12671,"coordinates":{"latitude":"-46.4120","longitude":"78.0802"},"timezone":{"offset":"-7:00","description":"Mountain Time (US &amp; Canada)"}},"email":"sara.christensen@example.com","login":{"uuid":"c002bfa3-0086-45aa-817b-b7ca1620761e","username":"sadpanda523","password":"julie","salt":"bHzxNPUh","md5":"b23a5c3a6527574c29442acf0e3153e9","sha1":"2fdb3a0d91cf4a022434364f06862f60ad2f0766","sha256":"bcc83a27dd2f799b6ace743e15ede57ea2adcfe3ce2415197a93061a12a45e93"},"dob":{"date":"1988-11-30T04:02:38.966Z","age":35},"registered":{"date":"2015-03-24T13:49:17.963Z","age":9},"phone":"31044198","cell":"33988982","id":{"name":"CPR","value":"291188-6365"},"picture":{"large":"https://randomuser.me/api/portraits/women/8.jpg","medium":"https://randomuser.me/api/portraits/med/women/8.jpg","thumbnail":"https://randomuser.me/api/portraits/thumb/women/8.jpg"},"nat":"DK"}],"info":{"seed":"b52a5b3838997c51","results":1,"page":1,"version":"1.4"}} 
 </msg>
<msg time="2024-08-06T15:17:32.874563" level="INFO">/opt/hostedtoolcache/Python/3.12.4/x64/lib/python3.12/site-packages/urllib3/connectionpool.py:1099: InsecureRequestWarning: Unverified HTTPS request is being made to host 'randomuser.me'. Adding certificate verification is strongly advised. See: https://urllib3.readthedocs.io/en/latest/advanced-usage.html#tls-warnings
  warnings.warn(</msg>
<msg time="2024-08-06T15:17:32.874737" level="INFO">${response} = &lt;Response [200]&gt;</msg>
<var>${response}</var>
<arg>consultarAPI</arg>
<arg>/api</arg>
<doc>Sends a GET request on a previously created HTTP Session.</doc>
<status status="PASS" start="2024-08-06T15:17:32.741894" elapsed="0.132885"/>
</kw>
<kw name="Set Variable" owner="BuiltIn">
<msg time="2024-08-06T15:17:32.875905" level="INFO">${json_data} = {'results': [{'gender': 'female', 'name': {'title': 'Miss', 'first': 'Sara', 'last': 'Christensen'}, 'location': {'street': {'number': 7189, 'name': 'Østervænget'}, 'city': 'Roedovre', 'state': 'Hoved...</msg>
<var>${json_data}</var>
<arg>${response.json()}</arg>
<doc>Returns the given values which can then be assigned to a variables.</doc>
<status status="PASS" start="2024-08-06T15:17:32.875309" elapsed="0.000627"/>
</kw>
<kw name="Set Variable" owner="BuiltIn">
<msg time="2024-08-06T15:17:32.876654" level="INFO">${name_title} = Miss</msg>
<var>${name_title}</var>
<arg>${json_data["results"][0]["name"]["title"]}</arg>
<doc>Returns the given values which can then be assigned to a variables.</doc>
<status status="PASS" start="2024-08-06T15:17:32.876247" elapsed="0.000433"/>
</kw>
<kw name="Create List" owner="BuiltIn">
<msg time="2024-08-06T15:17:32.877141" level="INFO">${allowed_titles} = ['Mr', 'Ms', 'Miss', 'Mrs', 'Madame', 'Monsieur']</msg>
<var>${allowed_titles}</var>
<arg>Mr</arg>
<arg>Ms</arg>
<arg>Miss</arg>
<arg>Mrs</arg>
<arg>Madame</arg>
<arg>Monsieur</arg>
<doc>Returns a list containing given items.</doc>
<status status="PASS" start="2024-08-06T15:17:32.876987" elapsed="0.000179"/>
</kw>
<kw name="List Should Contain Value" owner="Collections">
<arg>${allowed_titles}</arg>
<arg>${name_title}</arg>
<doc>Fails if the ``value`` is not found from ``list``.</doc>
<status status="PASS" start="2024-08-06T15:17:32.877469" elapsed="0.000190"/>
</kw>
<kw name="Set Variable" owner="BuiltIn">
<msg time="2024-08-06T15:17:32.878223" level="INFO">${name_country} = DK</msg>
<var>${name_country}</var>
<arg>${json_data["results"][0]["nat"]}</arg>
<doc>Returns the given values which can then be assigned to a variables.</doc>
<status status="PASS" start="2024-08-06T15:17:32.877846" elapsed="0.000403"/>
</kw>
<kw name="Create List" owner="BuiltIn">
<msg time="2024-08-06T15:17:32.879186" level="INFO">${list_country} = ['AD', 'AE', 'AF', 'AG', 'AI', 'AL', 'AM', 'AO', 'AQ', 'AR', 'AS', 'AT', 'AU', 'AW', 'AX', 'AZ', 'BA', 'BB', 'BD', 'BE', 'BF', 'BG', 'BH', 'BI', 'BJ', 'BL', 'BM', 'BN', 'BO', 'BQ', 'BR', 'BS', 'BT', '...</msg>
<var>${list_country}</var>
<arg>AD</arg>
<arg>AE</arg>
<arg>AF</arg>
<arg>AG</arg>
<arg>AI</arg>
<arg>AL</arg>
<arg>AM</arg>
<arg>AO</arg>
<arg>AQ</arg>
<arg>AR</arg>
<arg>AS</arg>
<arg>AT</arg>
<arg>AU</arg>
<arg>AW</arg>
<arg>AX</arg>
<arg>AZ</arg>
<arg>BA</arg>
<arg>BB</arg>
<arg>BD</arg>
<arg>BE</arg>
<arg>BF</arg>
<arg>BG</arg>
<arg>BH</arg>
<arg>BI</arg>
<arg>BJ</arg>
<arg>BL</arg>
<arg>BM</arg>
<arg>BN</arg>
<arg>BO</arg>
<arg>BQ</arg>
<arg>BR</arg>
<arg>BS</arg>
<arg>BT</arg>
<arg>BV</arg>
<arg>BW</arg>
<arg>BY</arg>
<arg>BZ</arg>
<arg>CA</arg>
<arg>CC</arg>
<arg>CD</arg>
<arg>CF</arg>
<arg>CG</arg>
<arg>CH</arg>
<arg>CI</arg>
<arg>CK</arg>
<arg>CL</arg>
<arg>CM</arg>
<arg>CN</arg>
<arg>CO</arg>
<arg>CR</arg>
<arg>CU</arg>
<arg>CV</arg>
<arg>CW</arg>
<arg>CX</arg>
<arg>CY</arg>
<arg>CZ</arg>
<arg>DE</arg>
<arg>DJ</arg>
<arg>DK</arg>
<arg>DM</arg>
<arg>DO</arg>
<arg>DZ</arg>
<arg>EC</arg>
<arg>EE</arg>
<arg>EG</arg>
<arg>EH</arg>
<arg>ER</arg>
<arg>ES</arg>
<arg>ET</arg>
<arg>FI</arg>
<arg>FJ</arg>
<arg>FK</arg>
<arg>FM</arg>
<arg>FO</arg>
<arg>FR</arg>
<arg>GA</arg>
<arg>GB</arg>
<arg>GD</arg>
<arg>GE</arg>
<arg>GF</arg>
<arg>GG</arg>
<arg>GH</arg>
<arg>GI</arg>
<arg>GL</arg>
<arg>GM</arg>
<arg>GN</arg>
<arg>GP</arg>
<arg>GQ</arg>
<arg>GR</arg>
<arg>GS</arg>
<arg>GT</arg>
<arg>GU</arg>
<arg>GW</arg>
<arg>GY</arg>
<arg>HK</arg>
<arg>HM</arg>
<arg>HN</arg>
<arg>HR</arg>
<arg>HT</arg>
<arg>HU</arg>
<arg>ID</arg>
<arg>IE</arg>
<arg>IL</arg>
<arg>IM</arg>
<arg>IN</arg>
<arg>IO</arg>
<arg>IQ</arg>
<arg>IR</arg>
<arg>IS</arg>
<arg>IT</arg>
<arg>JE</arg>
<arg>JM</arg>
<arg>JO</arg>
<arg>JP</arg>
<arg>KE</arg>
<arg>KG</arg>
<arg>KH</arg>
<arg>KI</arg>
<arg>KM</arg>
<arg>KN</arg>
<arg>KP</arg>
<arg>KR</arg>
<arg>KW</arg>
<arg>KY</arg>
<arg>KZ</arg>
<arg>LA</arg>
<arg>LB</arg>
<arg>LC</arg>
<arg>LI</arg>
<arg>LK</arg>
<arg>LR</arg>
<arg>LS</arg>
<arg>LT</arg>
<arg>LU</arg>
<arg>LV</arg>
<arg>LY</arg>
<arg>MA</arg>
<arg>MC</arg>
<arg>MD</arg>
<arg>ME</arg>
<arg>MF</arg>
<arg>MG</arg>
<arg>MH</arg>
<arg>MK</arg>
<arg>ML</arg>
<arg>MM</arg>
<arg>MN</arg>
<arg>MO</arg>
<arg>MP</arg>
<arg>MQ</arg>
<arg>MR</arg>
<arg>MS</arg>
<arg>MT</arg>
<arg>MU</arg>
<arg>MV</arg>
<arg>MW</arg>
<arg>MX</arg>
<arg>MY</arg>
<arg>MZ</arg>
<arg>NA</arg>
<arg>NC</arg>
<arg>NE</arg>
<arg>NF</arg>
<arg>NG</arg>
<arg>NI</arg>
<arg>NL</arg>
<arg>NO</arg>
<arg>NP</arg>
<arg>NR</arg>
<arg>NU</arg>
<arg>NZ</arg>
<arg>OM</arg>
<arg>PA</arg>
<arg>PE</arg>
<arg>PF</arg>
<arg>PG</arg>
<arg>PH</arg>
<arg>PK</arg>
<arg>PL</arg>
<arg>PM</arg>
<arg>PN</arg>
<arg>PR</arg>
<arg>PS</arg>
<arg>PT</arg>
<arg>PW</arg>
<arg>PY</arg>
<arg>QA</arg>
<arg>RE</arg>
<arg>RO</arg>
<arg>RS</arg>
<arg>RU</arg>
<arg>RW</arg>
<arg>SA</arg>
<arg>SB</arg>
<arg>SC</arg>
<arg>SD</arg>
<arg>SE</arg>
<arg>SG</arg>
<arg>SH</arg>
<arg>SI</arg>
<arg>SJ</arg>
<arg>SK</arg>
<arg>SL</arg>
<arg>SM</arg>
<arg>SN</arg>
<arg>SO</arg>
<arg>SR</arg>
<arg>SS</arg>
<arg>ST</arg>
<arg>SV</arg>
<arg>SX</arg>
<arg>SY</arg>
<arg>SZ</arg>
<arg>TC</arg>
<arg>TD</arg>
<arg>TF</arg>
<arg>TG</arg>
<arg>TH</arg>
<arg>TJ</arg>
<arg>TK</arg>
<arg>TL</arg>
<arg>TM</arg>
<arg>TN</arg>
<arg>TO</arg>
<arg>TR</arg>
<arg>TT</arg>
<arg>TV</arg>
<arg>TW</arg>
<arg>TZ</arg>
<arg>UA</arg>
<arg>UG</arg>
<arg>UM</arg>
<arg>US</arg>
<arg>UY</arg>
<arg>UZ</arg>
<arg>VA</arg>
<arg>VC</arg>
<arg>VE</arg>
<arg>VG</arg>
<arg>VI</arg>
<arg>VN</arg>
<arg>VU</arg>
<arg>WF</arg>
<arg>WS</arg>
<arg>XK</arg>
<arg>YE</arg>
<arg>YT</arg>
<arg>ZA</arg>
<arg>ZM</arg>
<arg>ZW</arg>
<doc>Returns a list containing given items.</doc>
<status status="PASS" start="2024-08-06T15:17:32.878545" elapsed="0.000669"/>
</kw>
<kw name="List Should Contain Value" owner="Collections">
<arg>${list_country}</arg>
<arg>${name_country}</arg>
<doc>Fails if the ``value`` is not found from ``list``.</doc>
<status status="PASS" start="2024-08-06T15:17:32.880229" elapsed="0.000212"/>
</kw>
<kw name="Run Keyword If" owner="BuiltIn">
<kw name="Should Be True" owner="BuiltIn">
<arg>${True}</arg>
<doc>Fails if the given condition is not true.</doc>
<status status="PASS" start="2024-08-06T15:17:32.881409" elapsed="0.000145"/>
</kw>
<arg>${json_data["results"][0]["location"]["coordinates"]["latitude"]} &gt;= -90 and ${json_data["results"][0]["location"]["coordinates"]["latitude"]} &lt;= 90</arg>
<arg>Should Be True</arg>
<arg>${True}</arg>
<doc>Runs the given keyword with the given arguments, if ``condition`` is true.</doc>
<status status="PASS" start="2024-08-06T15:17:32.880642" elapsed="0.001039"/>
</kw>
<kw name="Run Keyword If" owner="BuiltIn">
<kw name="Should Be True" owner="BuiltIn">
<arg>${True}</arg>
<doc>Fails if the given condition is not true.</doc>
<status status="PASS" start="2024-08-06T15:17:32.882564" elapsed="0.000185"/>
</kw>
<arg>${json_data["results"][0]["location"]["coordinates"]["longitude"]} &gt;= -180 and ${json_data["results"][0]["location"]["coordinates"]["longitude"]} &lt;= 180</arg>
<arg>Should Be True</arg>
<arg>${True}</arg>
<doc>Runs the given keyword with the given arguments, if ``condition`` is true.</doc>
<status status="PASS" start="2024-08-06T15:17:32.881867" elapsed="0.001014"/>
</kw>
<status status="PASS" start="2024-08-06T15:17:32.741514" elapsed="0.141503"/>
</kw>
<doc>Testa o conteúdo específico dos campos retornados pela API.</doc>
<tag>testeConteudo</tag>
<status status="PASS" start="2024-08-06T15:17:32.740823" elapsed="0.142353"/>
</test>
<status status="PASS" start="2024-08-06T15:17:31.800222" elapsed="1.084999"/>
</suite>
<status status="PASS" start="2024-08-06T15:17:31.785340" elapsed="1.105065"/>
</suite>
<statistics>
<total>
<stat pass="5" fail="0" skip="0">All Tests</stat>
</total>
<tag>
<stat pass="1" fail="0" skip="0">testeConteudo</stat>
<stat pass="1" fail="0" skip="0">testeEstruturaResposta</stat>
<stat pass="1" fail="0" skip="0">testeRequisicaoBasica</stat>
<stat pass="1" fail="0" skip="0">testeTiposDados</stat>
</tag>
<suite>
<stat pass="5" fail="0" skip="0" id="s1" name="Tests">Tests</stat>
<stat pass="5" fail="0" skip="0" id="s1-s1" name="Random-User-Test">Tests.Random-User-Test</stat>
</suite>
</statistics>
<errors>
</errors>
</robot>
