<?xml version="1.0" encoding="UTF-8"?>
<robot generator="Robot 7.0 (Python 3.12.2 on linux)" generated="2024-03-28T07:12:51.772667" rpa="false" schemaversion="5">
<suite id="s1" name="Tests" source="/home/runner/work/DesafioQAItauRogerioJordao/DesafioQAItauRogerioJordao/RamdonUser/tests">
<suite id="s1-s1" name="Random-User-Test" source="/home/runner/work/DesafioQAItauRogerioJordao/DesafioQAItauRogerioJordao/RamdonUser/tests/random-user-test.robot">
<test id="s1-s1-t1" name="Conectar" line="13">
<kw name="Conectar API" owner="random-user-service">
<kw name="Create Session" owner="RequestsLibrary">
<msg time="2024-03-28T07:12:52.149430" level="INFO">Creating Session using : alias=consultarAPI, url=https://randomuser.me/, headers={},                     cookies={}, auth=None, timeout=None, proxies=None, verify=False,                     debug=0 </msg>
<arg>consultarAPI</arg>
<arg>${URL}</arg>
<doc>Create Session: create a HTTP session to a server</doc>
<status status="PASS" start="2024-03-28T07:12:52.149218" elapsed="0.000445"/>
</kw>
<status status="PASS" start="2024-03-28T07:12:52.148151" elapsed="0.001895"/>
</kw>
<status status="PASS" start="2024-03-28T07:12:52.147588" elapsed="0.002664"/>
</test>
<test id="s1-s1-t2" name="Validar retorno 200 e JSON Válido" line="16">
<kw name="Teste de Requisicao Basica" owner="random-user-service">
<kw name="GET On Session" owner="RequestsLibrary">
<msg time="2024-03-28T07:12:52.390502" level="INFO">GET Request : url=https://randomuser.me/api 
 path_url=/api 
 headers={'User-Agent': 'python-requests/2.31.0', 'Accept-Encoding': 'gzip, deflate', 'Accept': '*/*', 'Connection': 'keep-alive'} 
 body=None 
 </msg>
<msg time="2024-03-28T07:12:52.390650" level="INFO">GET Response : url=https://randomuser.me/api 
 status=200, reason=OK 
 headers={'Date': 'Thu, 28 Mar 2024 07:12:52 GMT', 'Content-Type': 'application/json; charset=utf-8', 'Transfer-Encoding': 'chunked', 'Connection': 'keep-alive', 'X-Powered-By': 'Express', 'Access-Control-Allow-Origin': '*', 'Cache-Control': 'no-cache', 'ETag': 'W/"493-3Fkh29A6hJR+MzvGMrmkCvABTDI"', 'Vary': 'Accept-Encoding', 'Content-Encoding': 'gzip', 'CF-Cache-Status': 'DYNAMIC', 'Report-To': '{"endpoints":[{"url":"https:\\/\\/a.nel.cloudflare.com\\/report\\/v4?s=YPRSoY8cm03fY7N5Q0dX0rmSen7H%2FXe4aHWCUrqJQA5rLiIuc0dWLSo%2F%2BlyFQzLrw%2BSywr4gC4goCTbgCSxEHIFIN2cjKIO%2BFMeC2F1DkdL1c3askWDC7jKeXnMmvOnL"}],"group":"cf-nel","max_age":604800}', 'NEL': '{"success_fraction":0,"report_to":"cf-nel","max_age":604800}', 'Server': 'cloudflare', 'CF-RAY': '86b5d07728416190-ORD', 'alt-svc': 'h3=":443"; ma=86400'} 
 body={"results":[{"gender":"male","name":{"title":"Mr","first":"Kirilo","last":"Yarmolenko"},"location":{"street":{"number":1980,"name":"Fedorenka"},"city":"Shepetivka","state":"Avtonomna Respublika Krim","country":"Ukraine","postcode":48052,"coordinates":{"latitude":"72.9726","longitude":"-165.6855"},"timezone":{"offset":"+2:00","description":"Kaliningrad, South Africa"}},"email":"kirilo.yarmolenko@example.com","login":{"uuid":"7f83ef06-1401-4b3c-a890-7c9851938814","username":"organicbird530","password":"karen1","salt":"gqagSmVx","md5":"15737727c73f74ba2f1a418be640ad06","sha1":"04527bb21e5b56a068403f5c22109bacdb431038","sha256":"c080bbeab420ee1402179a9f861f3e2ef8515ee874c91151eed478f789e5f629"},"dob":{"date":"1989-02-02T21:32:01.166Z","age":35},"registered":{"date":"2013-07-29T04:15:56.415Z","age":10},"phone":"(068) B62-5502","cell":"(066) Z07-9374","id":{"name":"","value":null},"picture":{"large":"https://randomuser.me/api/portraits/men/53.jpg","medium":"https://randomuser.me/api/portraits/med/men/53.jpg","thumbnail":"https://randomuser.me/api/portraits/thumb/men/53.jpg"},"nat":"UA"}],"info":{"seed":"1841b97b5de73751","results":1,"page":1,"version":"1.4"}} 
 </msg>
<msg time="2024-03-28T07:12:52.390759" level="INFO">/opt/hostedtoolcache/Python/3.12.2/x64/lib/python3.12/site-packages/urllib3/connectionpool.py:1103: InsecureRequestWarning: Unverified HTTPS request is being made to host 'randomuser.me'. Adding certificate verification is strongly advised. See: https://urllib3.readthedocs.io/en/latest/advanced-usage.html#tls-warnings
  warnings.warn(</msg>
<msg time="2024-03-28T07:12:52.390896" level="INFO">${response} = &lt;Response [200]&gt;</msg>
<var>${response}</var>
<arg>consultarAPI</arg>
<arg>/api</arg>
<doc>Sends a GET request on a previously created HTTP Session.</doc>
<status status="PASS" start="2024-03-28T07:12:52.152839" elapsed="0.238102"/>
</kw>
<kw name="Should Be Equal As Numbers" owner="BuiltIn">
<msg time="2024-03-28T07:12:52.391954" level="INFO">Argument types are:
&lt;class 'int'&gt;
&lt;class 'str'&gt;</msg>
<arg>${response.status_code}</arg>
<arg>200</arg>
<doc>Fails if objects are unequal after converting them to real numbers.</doc>
<status status="PASS" start="2024-03-28T07:12:52.391481" elapsed="0.000542"/>
</kw>
<kw name="Log" owner="BuiltIn">
<msg time="2024-03-28T07:12:52.392709" level="INFO">200</msg>
<arg>${response.status_code}</arg>
<doc>Logs the given message with the given level.</doc>
<status status="PASS" start="2024-03-28T07:12:52.392350" elapsed="0.000404"/>
</kw>
<kw name="Set Variable" owner="BuiltIn">
<msg time="2024-03-28T07:12:52.393592" level="INFO">${json_data} = {'results': [{'gender': 'male', 'name': {'title': 'Mr', 'first': 'Kirilo', 'last': 'Yarmolenko'}, 'location': {'street': {'number': 1980, 'name': 'Fedorenka'}, 'city': 'Shepetivka', 'state': 'Avtonomn...</msg>
<var>${json_data}</var>
<arg>${response.json()}</arg>
<doc>Returns the given values which can then be assigned to a variables.</doc>
<status status="PASS" start="2024-03-28T07:12:52.393087" elapsed="0.000535"/>
</kw>
<kw name="Dictionary Should Contain Key" owner="Collections">
<msg time="2024-03-28T07:12:52.394101" level="INFO">False</msg>
<arg>${json_data}</arg>
<arg>results</arg>
<doc>Fails if ``key`` is not found from ``dictionary``.</doc>
<status status="PASS" start="2024-03-28T07:12:52.393928" elapsed="0.000215"/>
</kw>
<status status="PASS" start="2024-03-28T07:12:52.152584" elapsed="0.241825"/>
</kw>
<doc>Testa se a API responde corretamente e retorna um objeto JSON válido.</doc>
<tag>testeRequisicaoBasica</tag>
<status status="PASS" start="2024-03-28T07:12:52.152100" elapsed="0.242505"/>
</test>
<test id="s1-s1-t3" name="Validar estrutura de resposta" line="22">
<kw name="Teste de Estrutura de Resposta" owner="random-user-service">
<kw name="GET On Session" owner="RequestsLibrary">
<msg time="2024-03-28T07:12:52.490892" level="INFO">GET Request : url=https://randomuser.me/api 
 path_url=/api 
 headers={'User-Agent': 'python-requests/2.31.0', 'Accept-Encoding': 'gzip, deflate', 'Accept': '*/*', 'Connection': 'keep-alive'} 
 body=None 
 </msg>
<msg time="2024-03-28T07:12:52.490991" level="INFO">GET Response : url=https://randomuser.me/api 
 status=200, reason=OK 
 headers={'Date': 'Thu, 28 Mar 2024 07:12:52 GMT', 'Content-Type': 'application/json; charset=utf-8', 'Transfer-Encoding': 'chunked', 'Connection': 'keep-alive', 'X-Powered-By': 'Express', 'Access-Control-Allow-Origin': '*', 'Cache-Control': 'no-cache', 'ETag': 'W/"4a1-vp8FkI79KyhAaDnqlZN02Zm5pXQ"', 'Vary': 'Accept-Encoding', 'Content-Encoding': 'gzip', 'CF-Cache-Status': 'DYNAMIC', 'Report-To': '{"endpoints":[{"url":"https:\\/\\/a.nel.cloudflare.com\\/report\\/v4?s=WR2KnAjUsjJKI2ZI38JQmyXczxNzAaJvs8i3Sa9dTY9kPBDQ8o%2BU%2FQNG0SpdtlQBZEUyNIFXWUz%2FHpwMWYMuaZCn%2BbYrjOJORvLSXO8y4oIU4zYywyTSyvzoV0rdV%2B%2BU"}],"group":"cf-nel","max_age":604800}', 'NEL': '{"success_fraction":0,"report_to":"cf-nel","max_age":604800}', 'Server': 'cloudflare', 'CF-RAY': '86b5d07778706190-ORD', 'alt-svc': 'h3=":443"; ma=86400'} 
 body={"results":[{"gender":"female","name":{"title":"Miss","first":"Frances","last":"Jordan"},"location":{"street":{"number":9036,"name":"Groveland Terrace"},"city":"Pomona","state":"Missouri","country":"United States","postcode":39635,"coordinates":{"latitude":"85.8646","longitude":"19.8365"},"timezone":{"offset":"+4:00","description":"Abu Dhabi, Muscat, Baku, Tbilisi"}},"email":"frances.jordan@example.com","login":{"uuid":"5759e5a7-5c89-4eae-a85a-d4f75a871ffc","username":"purpleswan365","password":"farside","salt":"VFL3M5iH","md5":"d2abee68ec41861723b27f19232da3da","sha1":"e19a2ca7a0c1deea95b8c42b7ddd8f6e47dd6872","sha256":"d745adf06e53040175496c9590def1754dc80453f75065ae23e7b098d6d794c4"},"dob":{"date":"1998-07-17T08:11:48.814Z","age":25},"registered":{"date":"2012-04-13T22:25:04.311Z","age":11},"phone":"(754) 299-8512","cell":"(911) 206-2300","id":{"name":"SSN","value":"746-32-2565"},"picture":{"large":"https://randomuser.me/api/portraits/women/35.jpg","medium":"https://randomuser.me/api/portraits/med/women/35.jpg","thumbnail":"https://randomuser.me/api/portraits/thumb/women/35.jpg"},"nat":"US"}],"info":{"seed":"168fff563159a51d","results":1,"page":1,"version":"1.4"}} 
 </msg>
<msg time="2024-03-28T07:12:52.491132" level="INFO">/opt/hostedtoolcache/Python/3.12.2/x64/lib/python3.12/site-packages/urllib3/connectionpool.py:1103: InsecureRequestWarning: Unverified HTTPS request is being made to host 'randomuser.me'. Adding certificate verification is strongly advised. See: https://urllib3.readthedocs.io/en/latest/advanced-usage.html#tls-warnings
  warnings.warn(</msg>
<msg time="2024-03-28T07:12:52.491258" level="INFO">${response} = &lt;Response [200]&gt;</msg>
<var>${response}</var>
<arg>consultarAPI</arg>
<arg>/api</arg>
<doc>Sends a GET request on a previously created HTTP Session.</doc>
<status status="PASS" start="2024-03-28T07:12:52.397374" elapsed="0.093925"/>
</kw>
<kw name="Set Variable" owner="BuiltIn">
<msg time="2024-03-28T07:12:52.492336" level="INFO">${json_data} = {'results': [{'gender': 'female', 'name': {'title': 'Miss', 'first': 'Frances', 'last': 'Jordan'}, 'location': {'street': {'number': 9036, 'name': 'Groveland Terrace'}, 'city': 'Pomona', 'state': 'Mis...</msg>
<var>${json_data}</var>
<arg>${response.json()}</arg>
<doc>Returns the given values which can then be assigned to a variables.</doc>
<status status="PASS" start="2024-03-28T07:12:52.491810" elapsed="0.000555"/>
</kw>
<kw name="Log" owner="BuiltIn">
<msg time="2024-03-28T07:12:52.492840" level="INFO">{'results': [{'gender': 'female', 'name': {'title': 'Miss', 'first': 'Frances', 'last': 'Jordan'}, 'location': {'street': {'number': 9036, 'name': 'Groveland Terrace'}, 'city': 'Pomona', 'state': 'Missouri', 'country': 'United States', 'postcode': 39635, 'coordinates': {'latitude': '85.8646', 'longitude': '19.8365'}, 'timezone': {'offset': '+4:00', 'description': 'Abu Dhabi, Muscat, Baku, Tbilisi'}}, 'email': 'frances.jordan@example.com', 'login': {'uuid': '5759e5a7-5c89-4eae-a85a-d4f75a871ffc', 'username': 'purpleswan365', 'password': 'farside', 'salt': 'VFL3M5iH', 'md5': 'd2abee68ec41861723b27f19232da3da', 'sha1': 'e19a2ca7a0c1deea95b8c42b7ddd8f6e47dd6872', 'sha256': 'd745adf06e53040175496c9590def1754dc80453f75065ae23e7b098d6d794c4'}, 'dob': {'date': '1998-07-17T08:11:48.814Z', 'age': 25}, 'registered': {'date': '2012-04-13T22:25:04.311Z', 'age': 11}, 'phone': '(754) 299-8512', 'cell': '(911) 206-2300', 'id': {'name': 'SSN', 'value': '746-32-2565'}, 'picture': {'large': 'https://randomuser.me/api/portraits/women/35.jpg', 'medium': 'https://randomuser.me/api/portraits/med/women/35.jpg', 'thumbnail': 'https://randomuser.me/api/portraits/thumb/women/35.jpg'}, 'nat': 'US'}], 'info': {'seed': '168fff563159a51d', 'results': 1, 'page': 1, 'version': '1.4'}}</msg>
<arg>${json_data}</arg>
<doc>Logs the given message with the given level.</doc>
<status status="PASS" start="2024-03-28T07:12:52.492678" elapsed="0.000210"/>
</kw>
<kw name="Dictionary Should Contain Key" owner="Collections">
<msg time="2024-03-28T07:12:52.493341" level="INFO">False</msg>
<arg>${json_data}</arg>
<arg>results</arg>
<doc>Fails if ``key`` is not found from ``dictionary``.</doc>
<status status="PASS" start="2024-03-28T07:12:52.493185" elapsed="0.000193"/>
</kw>
<kw name="Should Not Be Empty" owner="BuiltIn">
<msg time="2024-03-28T07:12:52.493849" level="INFO">Length is 2.</msg>
<arg>${json_data}</arg>
<doc>Verifies that the given item is not empty.</doc>
<status status="PASS" start="2024-03-28T07:12:52.493716" elapsed="0.000171"/>
</kw>
<kw name="Create List" owner="BuiltIn">
<msg time="2024-03-28T07:12:52.494331" level="INFO">${expected_keys} = ['gender', 'name', 'location', 'email', 'login']</msg>
<var>${expected_keys}</var>
<arg>gender</arg>
<arg>name</arg>
<arg>location</arg>
<arg>email</arg>
<arg>login</arg>
<doc>Returns a list containing given items.</doc>
<status status="PASS" start="2024-03-28T07:12:52.494176" elapsed="0.000179"/>
</kw>
<for flavor="IN">
<iter>
<kw name="Dictionary Should Contain Key" owner="Collections">
<msg time="2024-03-28T07:12:52.495336" level="INFO">False</msg>
<arg>${json_data['results'][0]}</arg>
<arg>${key}</arg>
<doc>Fails if ``key`` is not found from ``dictionary``.</doc>
<status status="PASS" start="2024-03-28T07:12:52.494936" elapsed="0.000439"/>
</kw>
<kw name="Log" owner="BuiltIn">
<msg time="2024-03-28T07:12:52.496049" level="INFO">{'gender': 'female', 'name': {'title': 'Miss', 'first': 'Frances', 'last': 'Jordan'}, 'location': {'street': {'number': 9036, 'name': 'Groveland Terrace'}, 'city': 'Pomona', 'state': 'Missouri', 'country': 'United States', 'postcode': 39635, 'coordinates': {'latitude': '85.8646', 'longitude': '19.8365'}, 'timezone': {'offset': '+4:00', 'description': 'Abu Dhabi, Muscat, Baku, Tbilisi'}}, 'email': 'frances.jordan@example.com', 'login': {'uuid': '5759e5a7-5c89-4eae-a85a-d4f75a871ffc', 'username': 'purpleswan365', 'password': 'farside', 'salt': 'VFL3M5iH', 'md5': 'd2abee68ec41861723b27f19232da3da', 'sha1': 'e19a2ca7a0c1deea95b8c42b7ddd8f6e47dd6872', 'sha256': 'd745adf06e53040175496c9590def1754dc80453f75065ae23e7b098d6d794c4'}, 'dob': {'date': '1998-07-17T08:11:48.814Z', 'age': 25}, 'registered': {'date': '2012-04-13T22:25:04.311Z', 'age': 11}, 'phone': '(754) 299-8512', 'cell': '(911) 206-2300', 'id': {'name': 'SSN', 'value': '746-32-2565'}, 'picture': {'large': 'https://randomuser.me/api/portraits/women/35.jpg', 'medium': 'https://randomuser.me/api/portraits/med/women/35.jpg', 'thumbnail': 'https://randomuser.me/api/portraits/thumb/women/35.jpg'}, 'nat': 'US'}</msg>
<arg>${json_data['results'][0]}</arg>
<doc>Logs the given message with the given level.</doc>
<status status="PASS" start="2024-03-28T07:12:52.495675" elapsed="0.000427"/>
</kw>
<kw name="Log" owner="BuiltIn">
<msg time="2024-03-28T07:12:52.496542" level="INFO">gender</msg>
<arg>${key}</arg>
<doc>Logs the given message with the given level.</doc>
<status status="PASS" start="2024-03-28T07:12:52.496407" elapsed="0.000175"/>
</kw>
<var name="${key}">gender</var>
<status status="PASS" start="2024-03-28T07:12:52.494812" elapsed="0.001997"/>
</iter>
<iter>
<kw name="Dictionary Should Contain Key" owner="Collections">
<msg time="2024-03-28T07:12:52.497513" level="INFO">False</msg>
<arg>${json_data['results'][0]}</arg>
<arg>${key}</arg>
<doc>Fails if ``key`` is not found from ``dictionary``.</doc>
<status status="PASS" start="2024-03-28T07:12:52.497115" elapsed="0.000444"/>
</kw>
<kw name="Log" owner="BuiltIn">
<msg time="2024-03-28T07:12:52.498252" level="INFO">{'gender': 'female', 'name': {'title': 'Miss', 'first': 'Frances', 'last': 'Jordan'}, 'location': {'street': {'number': 9036, 'name': 'Groveland Terrace'}, 'city': 'Pomona', 'state': 'Missouri', 'country': 'United States', 'postcode': 39635, 'coordinates': {'latitude': '85.8646', 'longitude': '19.8365'}, 'timezone': {'offset': '+4:00', 'description': 'Abu Dhabi, Muscat, Baku, Tbilisi'}}, 'email': 'frances.jordan@example.com', 'login': {'uuid': '5759e5a7-5c89-4eae-a85a-d4f75a871ffc', 'username': 'purpleswan365', 'password': 'farside', 'salt': 'VFL3M5iH', 'md5': 'd2abee68ec41861723b27f19232da3da', 'sha1': 'e19a2ca7a0c1deea95b8c42b7ddd8f6e47dd6872', 'sha256': 'd745adf06e53040175496c9590def1754dc80453f75065ae23e7b098d6d794c4'}, 'dob': {'date': '1998-07-17T08:11:48.814Z', 'age': 25}, 'registered': {'date': '2012-04-13T22:25:04.311Z', 'age': 11}, 'phone': '(754) 299-8512', 'cell': '(911) 206-2300', 'id': {'name': 'SSN', 'value': '746-32-2565'}, 'picture': {'large': 'https://randomuser.me/api/portraits/women/35.jpg', 'medium': 'https://randomuser.me/api/portraits/med/women/35.jpg', 'thumbnail': 'https://randomuser.me/api/portraits/thumb/women/35.jpg'}, 'nat': 'US'}</msg>
<arg>${json_data['results'][0]}</arg>
<doc>Logs the given message with the given level.</doc>
<status status="PASS" start="2024-03-28T07:12:52.497891" elapsed="0.000409"/>
</kw>
<kw name="Log" owner="BuiltIn">
<msg time="2024-03-28T07:12:52.498734" level="INFO">name</msg>
<arg>${key}</arg>
<doc>Logs the given message with the given level.</doc>
<status status="PASS" start="2024-03-28T07:12:52.498604" elapsed="0.000168"/>
</kw>
<var name="${key}">name</var>
<status status="PASS" start="2024-03-28T07:12:52.496999" elapsed="0.001988"/>
</iter>
<iter>
<kw name="Dictionary Should Contain Key" owner="Collections">
<msg time="2024-03-28T07:12:52.499664" level="INFO">False</msg>
<arg>${json_data['results'][0]}</arg>
<arg>${key}</arg>
<doc>Fails if ``key`` is not found from ``dictionary``.</doc>
<status status="PASS" start="2024-03-28T07:12:52.499280" elapsed="0.000423"/>
</kw>
<kw name="Log" owner="BuiltIn">
<msg time="2024-03-28T07:12:52.500356" level="INFO">{'gender': 'female', 'name': {'title': 'Miss', 'first': 'Frances', 'last': 'Jordan'}, 'location': {'street': {'number': 9036, 'name': 'Groveland Terrace'}, 'city': 'Pomona', 'state': 'Missouri', 'country': 'United States', 'postcode': 39635, 'coordinates': {'latitude': '85.8646', 'longitude': '19.8365'}, 'timezone': {'offset': '+4:00', 'description': 'Abu Dhabi, Muscat, Baku, Tbilisi'}}, 'email': 'frances.jordan@example.com', 'login': {'uuid': '5759e5a7-5c89-4eae-a85a-d4f75a871ffc', 'username': 'purpleswan365', 'password': 'farside', 'salt': 'VFL3M5iH', 'md5': 'd2abee68ec41861723b27f19232da3da', 'sha1': 'e19a2ca7a0c1deea95b8c42b7ddd8f6e47dd6872', 'sha256': 'd745adf06e53040175496c9590def1754dc80453f75065ae23e7b098d6d794c4'}, 'dob': {'date': '1998-07-17T08:11:48.814Z', 'age': 25}, 'registered': {'date': '2012-04-13T22:25:04.311Z', 'age': 11}, 'phone': '(754) 299-8512', 'cell': '(911) 206-2300', 'id': {'name': 'SSN', 'value': '746-32-2565'}, 'picture': {'large': 'https://randomuser.me/api/portraits/women/35.jpg', 'medium': 'https://randomuser.me/api/portraits/med/women/35.jpg', 'thumbnail': 'https://randomuser.me/api/portraits/thumb/women/35.jpg'}, 'nat': 'US'}</msg>
<arg>${json_data['results'][0]}</arg>
<doc>Logs the given message with the given level.</doc>
<status status="PASS" start="2024-03-28T07:12:52.500001" elapsed="0.000407"/>
</kw>
<kw name="Log" owner="BuiltIn">
<msg time="2024-03-28T07:12:52.500836" level="INFO">location</msg>
<arg>${key}</arg>
<doc>Logs the given message with the given level.</doc>
<status status="PASS" start="2024-03-28T07:12:52.500708" elapsed="0.000166"/>
</kw>
<var name="${key}">location</var>
<status status="PASS" start="2024-03-28T07:12:52.499169" elapsed="0.001917"/>
</iter>
<iter>
<kw name="Dictionary Should Contain Key" owner="Collections">
<msg time="2024-03-28T07:12:52.501774" level="INFO">False</msg>
<arg>${json_data['results'][0]}</arg>
<arg>${key}</arg>
<doc>Fails if ``key`` is not found from ``dictionary``.</doc>
<status status="PASS" start="2024-03-28T07:12:52.501367" elapsed="0.000445"/>
</kw>
<kw name="Log" owner="BuiltIn">
<msg time="2024-03-28T07:12:52.502478" level="INFO">{'gender': 'female', 'name': {'title': 'Miss', 'first': 'Frances', 'last': 'Jordan'}, 'location': {'street': {'number': 9036, 'name': 'Groveland Terrace'}, 'city': 'Pomona', 'state': 'Missouri', 'country': 'United States', 'postcode': 39635, 'coordinates': {'latitude': '85.8646', 'longitude': '19.8365'}, 'timezone': {'offset': '+4:00', 'description': 'Abu Dhabi, Muscat, Baku, Tbilisi'}}, 'email': 'frances.jordan@example.com', 'login': {'uuid': '5759e5a7-5c89-4eae-a85a-d4f75a871ffc', 'username': 'purpleswan365', 'password': 'farside', 'salt': 'VFL3M5iH', 'md5': 'd2abee68ec41861723b27f19232da3da', 'sha1': 'e19a2ca7a0c1deea95b8c42b7ddd8f6e47dd6872', 'sha256': 'd745adf06e53040175496c9590def1754dc80453f75065ae23e7b098d6d794c4'}, 'dob': {'date': '1998-07-17T08:11:48.814Z', 'age': 25}, 'registered': {'date': '2012-04-13T22:25:04.311Z', 'age': 11}, 'phone': '(754) 299-8512', 'cell': '(911) 206-2300', 'id': {'name': 'SSN', 'value': '746-32-2565'}, 'picture': {'large': 'https://randomuser.me/api/portraits/women/35.jpg', 'medium': 'https://randomuser.me/api/portraits/med/women/35.jpg', 'thumbnail': 'https://randomuser.me/api/portraits/thumb/women/35.jpg'}, 'nat': 'US'}</msg>
<arg>${json_data['results'][0]}</arg>
<doc>Logs the given message with the given level.</doc>
<status status="PASS" start="2024-03-28T07:12:52.502121" elapsed="0.000403"/>
</kw>
<kw name="Log" owner="BuiltIn">
<msg time="2024-03-28T07:12:52.502942" level="INFO">email</msg>
<arg>${key}</arg>
<doc>Logs the given message with the given level.</doc>
<status status="PASS" start="2024-03-28T07:12:52.502816" elapsed="0.000165"/>
</kw>
<var name="${key}">email</var>
<status status="PASS" start="2024-03-28T07:12:52.501256" elapsed="0.001939"/>
</iter>
<iter>
<kw name="Dictionary Should Contain Key" owner="Collections">
<msg time="2024-03-28T07:12:52.503869" level="INFO">False</msg>
<arg>${json_data['results'][0]}</arg>
<arg>${key}</arg>
<doc>Fails if ``key`` is not found from ``dictionary``.</doc>
<status status="PASS" start="2024-03-28T07:12:52.503483" elapsed="0.000424"/>
</kw>
<kw name="Log" owner="BuiltIn">
<msg time="2024-03-28T07:12:52.504566" level="INFO">{'gender': 'female', 'name': {'title': 'Miss', 'first': 'Frances', 'last': 'Jordan'}, 'location': {'street': {'number': 9036, 'name': 'Groveland Terrace'}, 'city': 'Pomona', 'state': 'Missouri', 'country': 'United States', 'postcode': 39635, 'coordinates': {'latitude': '85.8646', 'longitude': '19.8365'}, 'timezone': {'offset': '+4:00', 'description': 'Abu Dhabi, Muscat, Baku, Tbilisi'}}, 'email': 'frances.jordan@example.com', 'login': {'uuid': '5759e5a7-5c89-4eae-a85a-d4f75a871ffc', 'username': 'purpleswan365', 'password': 'farside', 'salt': 'VFL3M5iH', 'md5': 'd2abee68ec41861723b27f19232da3da', 'sha1': 'e19a2ca7a0c1deea95b8c42b7ddd8f6e47dd6872', 'sha256': 'd745adf06e53040175496c9590def1754dc80453f75065ae23e7b098d6d794c4'}, 'dob': {'date': '1998-07-17T08:11:48.814Z', 'age': 25}, 'registered': {'date': '2012-04-13T22:25:04.311Z', 'age': 11}, 'phone': '(754) 299-8512', 'cell': '(911) 206-2300', 'id': {'name': 'SSN', 'value': '746-32-2565'}, 'picture': {'large': 'https://randomuser.me/api/portraits/women/35.jpg', 'medium': 'https://randomuser.me/api/portraits/med/women/35.jpg', 'thumbnail': 'https://randomuser.me/api/portraits/thumb/women/35.jpg'}, 'nat': 'US'}</msg>
<arg>${json_data['results'][0]}</arg>
<doc>Logs the given message with the given level.</doc>
<status status="PASS" start="2024-03-28T07:12:52.504203" elapsed="0.000412"/>
</kw>
<kw name="Log" owner="BuiltIn">
<msg time="2024-03-28T07:12:52.505037" level="INFO">login</msg>
<arg>${key}</arg>
<doc>Logs the given message with the given level.</doc>
<status status="PASS" start="2024-03-28T07:12:52.504908" elapsed="0.000310"/>
</kw>
<var name="${key}">login</var>
<status status="PASS" start="2024-03-28T07:12:52.503368" elapsed="0.002105"/>
</iter>
<var>${key}</var>
<value>@{expected_keys}</value>
<status status="PASS" start="2024-03-28T07:12:52.494618" elapsed="0.010991"/>
</for>
<kw name="Create List" owner="BuiltIn">
<msg time="2024-03-28T07:12:52.505947" level="INFO">${expected_keysTwo} = ['username', 'password']</msg>
<var>${expected_keysTwo}</var>
<arg>username</arg>
<arg>password</arg>
<doc>Returns a list containing given items.</doc>
<status status="PASS" start="2024-03-28T07:12:52.505805" elapsed="0.000166"/>
</kw>
<for flavor="IN">
<iter>
<kw name="Dictionary Should Contain Key" owner="Collections">
<msg time="2024-03-28T07:12:52.506860" level="INFO">False</msg>
<arg>${json_data['results'][0]['login']}</arg>
<arg>${keyTwo}</arg>
<doc>Fails if ``key`` is not found from ``dictionary``.</doc>
<status status="PASS" start="2024-03-28T07:12:52.506474" elapsed="0.000425"/>
</kw>
<kw name="Dictionary Should Contain Key" owner="Collections">
<msg time="2024-03-28T07:12:52.507584" level="INFO">False</msg>
<arg>${json_data['results'][0]['login']}</arg>
<arg>${keyTwo}</arg>
<doc>Fails if ``key`` is not found from ``dictionary``.</doc>
<status status="PASS" start="2024-03-28T07:12:52.507202" elapsed="0.000421"/>
</kw>
<kw name="Log" owner="BuiltIn">
<msg time="2024-03-28T07:12:52.508051" level="INFO">username</msg>
<arg>${keyTwo}</arg>
<doc>Logs the given message with the given level.</doc>
<status status="PASS" start="2024-03-28T07:12:52.507919" elapsed="0.000172"/>
</kw>
<var name="${keyTwo}">username</var>
<status status="PASS" start="2024-03-28T07:12:52.506362" elapsed="0.001948"/>
</iter>
<iter>
<kw name="Dictionary Should Contain Key" owner="Collections">
<msg time="2024-03-28T07:12:52.508983" level="INFO">False</msg>
<arg>${json_data['results'][0]['login']}</arg>
<arg>${keyTwo}</arg>
<doc>Fails if ``key`` is not found from ``dictionary``.</doc>
<status status="PASS" start="2024-03-28T07:12:52.508597" elapsed="0.000425"/>
</kw>
<kw name="Dictionary Should Contain Key" owner="Collections">
<msg time="2024-03-28T07:12:52.509726" level="INFO">False</msg>
<arg>${json_data['results'][0]['login']}</arg>
<arg>${keyTwo}</arg>
<doc>Fails if ``key`` is not found from ``dictionary``.</doc>
<status status="PASS" start="2024-03-28T07:12:52.509318" elapsed="0.000446"/>
</kw>
<kw name="Log" owner="BuiltIn">
<msg time="2024-03-28T07:12:52.510190" level="INFO">password</msg>
<arg>${keyTwo}</arg>
<doc>Logs the given message with the given level.</doc>
<status status="PASS" start="2024-03-28T07:12:52.510059" elapsed="0.000171"/>
</kw>
<var name="${keyTwo}">password</var>
<status status="PASS" start="2024-03-28T07:12:52.508484" elapsed="0.001962"/>
</iter>
<var>${keyTwo}</var>
<value>@{expected_keysTwo}</value>
<status status="PASS" start="2024-03-28T07:12:52.506209" elapsed="0.004360"/>
</for>
<status status="PASS" start="2024-03-28T07:12:52.397134" elapsed="0.113578"/>
</kw>
<doc>Testa a estrutura da resposta da API.</doc>
<tag>testeEstruturaResposta</tag>
<status status="PASS" start="2024-03-28T07:12:52.396468" elapsed="0.114414"/>
</test>
<test id="s1-s1-t4" name="Validar tipos de dados" line="28">
<kw name="Teste de Tipos de Dados" owner="random-user-service">
<kw name="GET On Session" owner="RequestsLibrary">
<msg time="2024-03-28T07:12:52.589800" level="INFO">GET Request : url=https://randomuser.me/api 
 path_url=/api 
 headers={'User-Agent': 'python-requests/2.31.0', 'Accept-Encoding': 'gzip, deflate', 'Accept': '*/*', 'Connection': 'keep-alive'} 
 body=None 
 </msg>
<msg time="2024-03-28T07:12:52.589876" level="INFO">GET Response : url=https://randomuser.me/api 
 status=200, reason=OK 
 headers={'Date': 'Thu, 28 Mar 2024 07:12:52 GMT', 'Content-Type': 'application/json; charset=utf-8', 'Transfer-Encoding': 'chunked', 'Connection': 'keep-alive', 'X-Powered-By': 'Express', 'Access-Control-Allow-Origin': '*', 'Cache-Control': 'no-cache', 'ETag': 'W/"4a8-0KmWPMWcKZEU8G3IeDLgLQTRzHM"', 'Vary': 'Accept-Encoding', 'Content-Encoding': 'gzip', 'CF-Cache-Status': 'DYNAMIC', 'Report-To': '{"endpoints":[{"url":"https:\\/\\/a.nel.cloudflare.com\\/report\\/v4?s=ymH78yF6sOg2eBF8aoXJeOa6wUNctrp8PYBFeQ%2F7N1m8pt4oYRD4rUndaVxyOSTiP7%2BKucNBymkNiovmQBENkK2Uka76%2Bu1%2FTUNEPJrVbOP%2BAcxJZ6EQekbfEqUE8TN4"}],"group":"cf-nel","max_age":604800}', 'NEL': '{"success_fraction":0,"report_to":"cf-nel","max_age":604800}', 'Server': 'cloudflare', 'CF-RAY': '86b5d07838cb6190-ORD', 'alt-svc': 'h3=":443"; ma=86400'} 
 body={"results":[{"gender":"female","name":{"title":"Miss","first":"Nella","last":"Kokko"},"location":{"street":{"number":3896,"name":"Fredrikinkatu"},"city":"Ylöjärvi","state":"Southern Savonia","country":"Finland","postcode":90619,"coordinates":{"latitude":"-23.5248","longitude":"119.4654"},"timezone":{"offset":"+11:00","description":"Magadan, Solomon Islands, New Caledonia"}},"email":"nella.kokko@example.com","login":{"uuid":"a51f61fd-ef2c-4d5d-8e55-135751939727","username":"goldenbird296","password":"eeeeee","salt":"8iX3tZH6","md5":"9a921da255cd991a9c7277973bda8c82","sha1":"9efd9199940a86b1d6a691d82b6703d61e915069","sha256":"56df49193260c390fd30747795927c9035ee8710fa2887952d21037f7bf08ab2"},"dob":{"date":"1965-05-14T23:25:01.040Z","age":58},"registered":{"date":"2012-04-10T16:55:47.663Z","age":11},"phone":"02-516-414","cell":"048-915-23-46","id":{"name":"HETU","value":"NaNNA992undefined"},"picture":{"large":"https://randomuser.me/api/portraits/women/30.jpg","medium":"https://randomuser.me/api/portraits/med/women/30.jpg","thumbnail":"https://randomuser.me/api/portraits/thumb/women/30.jpg"},"nat":"FI"}],"info":{"seed":"4e2085d5c5b54711","results":1,"page":1,"version":"1.4"}} 
 </msg>
<msg time="2024-03-28T07:12:52.589938" level="INFO">/opt/hostedtoolcache/Python/3.12.2/x64/lib/python3.12/site-packages/urllib3/connectionpool.py:1103: InsecureRequestWarning: Unverified HTTPS request is being made to host 'randomuser.me'. Adding certificate verification is strongly advised. See: https://urllib3.readthedocs.io/en/latest/advanced-usage.html#tls-warnings
  warnings.warn(</msg>
<msg time="2024-03-28T07:12:52.590040" level="INFO">${response} = &lt;Response [200]&gt;</msg>
<var>${response}</var>
<arg>consultarAPI</arg>
<arg>/api</arg>
<doc>Sends a GET request on a previously created HTTP Session.</doc>
<status status="PASS" start="2024-03-28T07:12:52.513356" elapsed="0.076727"/>
</kw>
<kw name="Set Variable" owner="BuiltIn">
<msg time="2024-03-28T07:12:52.591199" level="INFO">${json_data} = {'results': [{'gender': 'female', 'name': {'title': 'Miss', 'first': 'Nella', 'last': 'Kokko'}, 'location': {'street': {'number': 3896, 'name': 'Fredrikinkatu'}, 'city': 'Ylöjärvi', 'state': 'Southern...</msg>
<var>${json_data}</var>
<arg>${response.json()}</arg>
<doc>Returns the given values which can then be assigned to a variables.</doc>
<status status="PASS" start="2024-03-28T07:12:52.590613" elapsed="0.000616"/>
</kw>
<kw name="Log" owner="BuiltIn">
<msg time="2024-03-28T07:12:52.591761" level="INFO">{'results': [{'gender': 'female', 'name': {'title': 'Miss', 'first': 'Nella', 'last': 'Kokko'}, 'location': {'street': {'number': 3896, 'name': 'Fredrikinkatu'}, 'city': 'Ylöjärvi', 'state': 'Southern Savonia', 'country': 'Finland', 'postcode': 90619, 'coordinates': {'latitude': '-23.5248', 'longitude': '119.4654'}, 'timezone': {'offset': '+11:00', 'description': 'Magadan, Solomon Islands, New Caledonia'}}, 'email': 'nella.kokko@example.com', 'login': {'uuid': 'a51f61fd-ef2c-4d5d-8e55-135751939727', 'username': 'goldenbird296', 'password': 'eeeeee', 'salt': '8iX3tZH6', 'md5': '9a921da255cd991a9c7277973bda8c82', 'sha1': '9efd9199940a86b1d6a691d82b6703d61e915069', 'sha256': '56df49193260c390fd30747795927c9035ee8710fa2887952d21037f7bf08ab2'}, 'dob': {'date': '1965-05-14T23:25:01.040Z', 'age': 58}, 'registered': {'date': '2012-04-10T16:55:47.663Z', 'age': 11}, 'phone': '02-516-414', 'cell': '048-915-23-46', 'id': {'name': 'HETU', 'value': 'NaNNA992undefined'}, 'picture': {'large': 'https://randomuser.me/api/portraits/women/30.jpg', 'medium': 'https://randomuser.me/api/portraits/med/women/30.jpg', 'thumbnail': 'https://randomuser.me/api/portraits/thumb/women/30.jpg'}, 'nat': 'FI'}], 'info': {'seed': '4e2085d5c5b54711', 'results': 1, 'page': 1, 'version': '1.4'}}</msg>
<arg>${json_data}</arg>
<doc>Logs the given message with the given level.</doc>
<status status="PASS" start="2024-03-28T07:12:52.591600" elapsed="0.000248"/>
</kw>
<kw name="Should Be String" owner="String">
<arg>${json_data['results'][0]['gender']}</arg>
<doc>Fails if the given ``item`` is not a string.</doc>
<status status="PASS" start="2024-03-28T07:12:52.592155" elapsed="0.000391"/>
</kw>
<kw name="Should Match Regexp" owner="BuiltIn">
<arg>${json_data['results'][0]['email']}</arg>
<arg>^[a-zA-Z0-9._%+-]+@[a-zA-Z0-9.-]+\.[a-zA-Z]{2,}$</arg>
<doc>Fails if ``string`` does not match ``pattern`` as a regular expression.</doc>
<status status="PASS" start="2024-03-28T07:12:52.592747" elapsed="0.000522"/>
</kw>
<kw name="Should Match Regexp" owner="BuiltIn">
<arg>${json_data['results'][0]['dob']['date']}</arg>
<arg>\\d{4}-\\d{2}-\\d{2}T\\d{2}:\\d{2}:\\d{2}\\.\\d{3}Z</arg>
<doc>Fails if ``string`` does not match ``pattern`` as a regular expression.</doc>
<status status="PASS" start="2024-03-28T07:12:52.593520" elapsed="0.000495"/>
</kw>
<kw name="Should Match Regexp" owner="BuiltIn">
<arg>${json_data['results'][0]['registered']['date']}</arg>
<arg>\\d{4}-\\d{2}-\\d{2}T\\d{2}:\\d{2}:\\d{2}\\.\\d{3}Z</arg>
<doc>Fails if ``string`` does not match ``pattern`` as a regular expression.</doc>
<status status="PASS" start="2024-03-28T07:12:52.594211" elapsed="0.000369"/>
</kw>
<kw name="Should Match Regexp" owner="BuiltIn">
<arg>${json_data['results'][0]['picture']['large']}</arg>
<arg>^https?://.*\.(?:png|jpe?g|gif|bmp)$</arg>
<doc>Fails if ``string`` does not match ``pattern`` as a regular expression.</doc>
<status status="PASS" start="2024-03-28T07:12:52.594770" elapsed="0.000468"/>
</kw>
<kw name="Should Match Regexp" owner="BuiltIn">
<arg>${json_data['results'][0]['picture']['medium']}</arg>
<arg>^https?://.*\.(?:png|jpe?g|gif|bmp)$</arg>
<doc>Fails if ``string`` does not match ``pattern`` as a regular expression.</doc>
<status status="PASS" start="2024-03-28T07:12:52.595430" elapsed="0.000367"/>
</kw>
<kw name="Should Match Regexp" owner="BuiltIn">
<arg>${json_data['results'][0]['picture']['thumbnail']}</arg>
<arg>^https?://.*\.(?:png|jpe?g|gif|bmp)$</arg>
<doc>Fails if ``string`` does not match ``pattern`` as a regular expression.</doc>
<status status="PASS" start="2024-03-28T07:12:52.595981" elapsed="0.000352"/>
</kw>
<kw name="Log" owner="BuiltIn">
<msg time="2024-03-28T07:12:52.596838" level="INFO">{'large': 'https://randomuser.me/api/portraits/women/30.jpg', 'medium': 'https://randomuser.me/api/portraits/med/women/30.jpg', 'thumbnail': 'https://randomuser.me/api/portraits/thumb/women/30.jpg'}</msg>
<arg>${json_data['results'][0]['picture']}</arg>
<doc>Logs the given message with the given level.</doc>
<status status="PASS" start="2024-03-28T07:12:52.596515" elapsed="0.000372"/>
</kw>
<status status="PASS" start="2024-03-28T07:12:52.513126" elapsed="0.084021"/>
</kw>
<kw name="Teste de Tipos de Dados - Postcode" owner="random-user-service">
<kw name="GET On Session" owner="RequestsLibrary">
<msg time="2024-03-28T07:12:52.683232" level="INFO">GET Request : url=https://randomuser.me/api 
 path_url=/api 
 headers={'User-Agent': 'python-requests/2.31.0', 'Accept-Encoding': 'gzip, deflate', 'Accept': '*/*', 'Connection': 'keep-alive'} 
 body=None 
 </msg>
<msg time="2024-03-28T07:12:52.683327" level="INFO">GET Response : url=https://randomuser.me/api 
 status=200, reason=OK 
 headers={'Date': 'Thu, 28 Mar 2024 07:12:52 GMT', 'Content-Type': 'application/json; charset=utf-8', 'Transfer-Encoding': 'chunked', 'Connection': 'keep-alive', 'X-Powered-By': 'Express', 'Access-Control-Allow-Origin': '*', 'Cache-Control': 'no-cache', 'ETag': 'W/"489-HwVRojfQP0GcZgXyQ32Q53HjNLg"', 'Vary': 'Accept-Encoding', 'Content-Encoding': 'gzip', 'CF-Cache-Status': 'DYNAMIC', 'Report-To': '{"endpoints":[{"url":"https:\\/\\/a.nel.cloudflare.com\\/report\\/v4?s=2HbA2IOM%2BbF7uFzvbI2Kd%2F%2Bgzm0A9cpydPDuc8Cl6qcmlpu1VmWljxmdY%2F58qF%2Fw4KCq0wYOeHXLOQWepggSYcY%2Bx3IiFm%2Fz%2BvwW%2Bz%2FKaXSDo0GHW%2Fb3jixB%2BPTsP%2FHr"}],"group":"cf-nel","max_age":604800}', 'NEL': '{"success_fraction":0,"report_to":"cf-nel","max_age":604800}', 'Server': 'cloudflare', 'CF-RAY': '86b5d078b91b6190-ORD', 'alt-svc': 'h3=":443"; ma=86400'} 
 body={"results":[{"gender":"male","name":{"title":"Mr","first":"Volkan","last":"Balaban"},"location":{"street":{"number":8416,"name":"Atatürk Sk"},"city":"İzmir","state":"Diyarbakır","country":"Turkey","postcode":12123,"coordinates":{"latitude":"70.0279","longitude":"-81.1350"},"timezone":{"offset":"-6:00","description":"Central Time (US &amp; Canada), Mexico City"}},"email":"volkan.balaban@example.com","login":{"uuid":"f33d0640-fd9d-4b6c-b399-b4561b6af55a","username":"purplelion718","password":"colonel","salt":"7ZJYSyV0","md5":"b82552ce079b643f59aaf39952d7e818","sha1":"d126abaf33ad926cf410894532b28daf5235afc2","sha256":"707e34efcd21c58b552d9637c03c41cfd65bd4f4515fc04e710289472618632a"},"dob":{"date":"1962-02-03T16:12:41.023Z","age":62},"registered":{"date":"2009-08-02T05:35:13.124Z","age":14},"phone":"(074)-693-3683","cell":"(238)-697-8658","id":{"name":"","value":null},"picture":{"large":"https://randomuser.me/api/portraits/men/42.jpg","medium":"https://randomuser.me/api/portraits/med/men/42.jpg","thumbnail":"https://randomuser.me/api/portraits/thumb/men/42.jpg"},"nat":"TR"}],"info":{"seed":"dbb6927ecc0102c0","results":1,"page":1,"version":"1.4"}} 
 </msg>
<msg time="2024-03-28T07:12:52.683425" level="INFO">/opt/hostedtoolcache/Python/3.12.2/x64/lib/python3.12/site-packages/urllib3/connectionpool.py:1103: InsecureRequestWarning: Unverified HTTPS request is being made to host 'randomuser.me'. Adding certificate verification is strongly advised. See: https://urllib3.readthedocs.io/en/latest/advanced-usage.html#tls-warnings
  warnings.warn(</msg>
<msg time="2024-03-28T07:12:52.683558" level="INFO">${response} = &lt;Response [200]&gt;</msg>
<var>${response}</var>
<arg>consultarAPI</arg>
<arg>/api</arg>
<doc>Sends a GET request on a previously created HTTP Session.</doc>
<status status="PASS" start="2024-03-28T07:12:52.597776" elapsed="0.085832"/>
</kw>
<kw name="Set Variable" owner="BuiltIn">
<msg time="2024-03-28T07:12:52.684760" level="INFO">${json_data} = {'results': [{'gender': 'male', 'name': {'title': 'Mr', 'first': 'Volkan', 'last': 'Balaban'}, 'location': {'street': {'number': 8416, 'name': 'Atatürk Sk'}, 'city': 'İzmir', 'state': 'Diyarbakır', 'c...</msg>
<var>${json_data}</var>
<arg>${response.json()}</arg>
<doc>Returns the given values which can then be assigned to a variables.</doc>
<status status="PASS" start="2024-03-28T07:12:52.684202" elapsed="0.000591"/>
</kw>
<kw name="Log" owner="BuiltIn">
<msg time="2024-03-28T07:12:52.685276" level="INFO">{'results': [{'gender': 'male', 'name': {'title': 'Mr', 'first': 'Volkan', 'last': 'Balaban'}, 'location': {'street': {'number': 8416, 'name': 'Atatürk Sk'}, 'city': 'İzmir', 'state': 'Diyarbakır', 'country': 'Turkey', 'postcode': 12123, 'coordinates': {'latitude': '70.0279', 'longitude': '-81.1350'}, 'timezone': {'offset': '-6:00', 'description': 'Central Time (US &amp; Canada), Mexico City'}}, 'email': 'volkan.balaban@example.com', 'login': {'uuid': 'f33d0640-fd9d-4b6c-b399-b4561b6af55a', 'username': 'purplelion718', 'password': 'colonel', 'salt': '7ZJYSyV0', 'md5': 'b82552ce079b643f59aaf39952d7e818', 'sha1': 'd126abaf33ad926cf410894532b28daf5235afc2', 'sha256': '707e34efcd21c58b552d9637c03c41cfd65bd4f4515fc04e710289472618632a'}, 'dob': {'date': '1962-02-03T16:12:41.023Z', 'age': 62}, 'registered': {'date': '2009-08-02T05:35:13.124Z', 'age': 14}, 'phone': '(074)-693-3683', 'cell': '(238)-697-8658', 'id': {'name': '', 'value': None}, 'picture': {'large': 'https://randomuser.me/api/portraits/men/42.jpg', 'medium': 'https://randomuser.me/api/portraits/med/men/42.jpg', 'thumbnail': 'https://randomuser.me/api/portraits/thumb/men/42.jpg'}, 'nat': 'TR'}], 'info': {'seed': 'dbb6927ecc0102c0', 'results': 1, 'page': 1, 'version': '1.4'}}</msg>
<arg>${json_data}</arg>
<doc>Logs the given message with the given level.</doc>
<status status="PASS" start="2024-03-28T07:12:52.685111" elapsed="0.000250"/>
</kw>
<kw name="Should Be Equal As Numbers" owner="BuiltIn">
<arg>${json_data['results'][0]['location']['postcode']}</arg>
<arg>${json_data['results'][0]['location']['postcode']}</arg>
<doc>Fails if objects are unequal after converting them to real numbers.</doc>
<status status="PASS" start="2024-03-28T07:12:52.685729" elapsed="0.000639"/>
</kw>
<kw name="Log" owner="BuiltIn">
<msg time="2024-03-28T07:12:52.686906" level="INFO">12123</msg>
<arg>${json_data['results'][0]['location']['postcode']}</arg>
<doc>Logs the given message with the given level.</doc>
<status status="PASS" start="2024-03-28T07:12:52.686566" elapsed="0.000385"/>
</kw>
<status status="PASS" start="2024-03-28T07:12:52.597372" elapsed="0.089839"/>
</kw>
<doc>Testa se os tipos de dados na resposta da API estão corretos.</doc>
<tag>testeTiposDados</tag>
<status status="PASS" start="2024-03-28T07:12:52.512655" elapsed="0.174737"/>
</test>
<test id="s1-s1-t5" name="Validar conteudo" line="35">
<kw name="Teste de Tipos de Conteudo" owner="random-user-service">
<kw name="GET On Session" owner="RequestsLibrary">
<msg time="2024-03-28T07:12:52.783886" level="INFO">GET Request : url=https://randomuser.me/api 
 path_url=/api 
 headers={'User-Agent': 'python-requests/2.31.0', 'Accept-Encoding': 'gzip, deflate', 'Accept': '*/*', 'Connection': 'keep-alive'} 
 body=None 
 </msg>
<msg time="2024-03-28T07:12:52.783997" level="INFO">GET Response : url=https://randomuser.me/api 
 status=200, reason=OK 
 headers={'Date': 'Thu, 28 Mar 2024 07:12:52 GMT', 'Content-Type': 'application/json; charset=utf-8', 'Transfer-Encoding': 'chunked', 'Connection': 'keep-alive', 'X-Powered-By': 'Express', 'Access-Control-Allow-Origin': '*', 'Cache-Control': 'no-cache', 'ETag': 'W/"4a2-glOL7mwSmSR0yuBYeqJXN3lTGR0"', 'Vary': 'Accept-Encoding', 'Content-Encoding': 'gzip', 'CF-Cache-Status': 'DYNAMIC', 'Report-To': '{"endpoints":[{"url":"https:\\/\\/a.nel.cloudflare.com\\/report\\/v4?s=qwN0gYQiJOoJZ4dIDWILNvj%2BUlVIb28nH1%2B2A7jKKnbeQGKfHvJ8NFDIRAnR4n1QWXywWQnhlNyHkriDDrg9geMtLXBD9NzLQqtoGfR9IS3hytauasAptKP4on%2FDr6Mn"}],"group":"cf-nel","max_age":604800}', 'NEL': '{"success_fraction":0,"report_to":"cf-nel","max_age":604800}', 'Server': 'cloudflare', 'CF-RAY': '86b5d079496d6190-ORD', 'alt-svc': 'h3=":443"; ma=86400'} 
 body={"results":[{"gender":"female","name":{"title":"Miss","first":"Victoria","last":"Anderson"},"location":{"street":{"number":9852,"name":"Dundas Rd"},"city":"Summerside","state":"Manitoba","country":"Canada","postcode":"P0G 7M7","coordinates":{"latitude":"-69.7752","longitude":"71.2866"},"timezone":{"offset":"+3:00","description":"Baghdad, Riyadh, Moscow, St. Petersburg"}},"email":"victoria.anderson@example.com","login":{"uuid":"f039f7d2-85ab-412f-b0cd-8928a4b6e36a","username":"smallleopard646","password":"shoes","salt":"vNRfl9na","md5":"64418db11bac5d75a1afa7f7ec803f9c","sha1":"bebc6ce6091a18ee39069a5befbc685297646b65","sha256":"107797921beccdeef273368fcf9ae1ffa70ea59cd34e57ef3d6f8d13af7a8181"},"dob":{"date":"1954-07-02T13:49:44.939Z","age":69},"registered":{"date":"2012-10-28T22:01:22.577Z","age":11},"phone":"I74 Y24-6506","cell":"P64 C06-4346","id":{"name":"SIN","value":"253292072"},"picture":{"large":"https://randomuser.me/api/portraits/women/62.jpg","medium":"https://randomuser.me/api/portraits/med/women/62.jpg","thumbnail":"https://randomuser.me/api/portraits/thumb/women/62.jpg"},"nat":"CA"}],"info":{"seed":"8e4b3a4d1dd91f3e","results":1,"page":1,"version":"1.4"}} 
 </msg>
<msg time="2024-03-28T07:12:52.784074" level="INFO">/opt/hostedtoolcache/Python/3.12.2/x64/lib/python3.12/site-packages/urllib3/connectionpool.py:1103: InsecureRequestWarning: Unverified HTTPS request is being made to host 'randomuser.me'. Adding certificate verification is strongly advised. See: https://urllib3.readthedocs.io/en/latest/advanced-usage.html#tls-warnings
  warnings.warn(</msg>
<msg time="2024-03-28T07:12:52.784202" level="INFO">${response} = &lt;Response [200]&gt;</msg>
<var>${response}</var>
<arg>consultarAPI</arg>
<arg>/api</arg>
<doc>Sends a GET request on a previously created HTTP Session.</doc>
<status status="PASS" start="2024-03-28T07:12:52.689991" elapsed="0.094251"/>
</kw>
<kw name="Set Variable" owner="BuiltIn">
<msg time="2024-03-28T07:12:52.785369" level="INFO">${json_data} = {'results': [{'gender': 'female', 'name': {'title': 'Miss', 'first': 'Victoria', 'last': 'Anderson'}, 'location': {'street': {'number': 9852, 'name': 'Dundas Rd'}, 'city': 'Summerside', 'state': 'Mani...</msg>
<var>${json_data}</var>
<arg>${response.json()}</arg>
<doc>Returns the given values which can then be assigned to a variables.</doc>
<status status="PASS" start="2024-03-28T07:12:52.784843" elapsed="0.000555"/>
</kw>
<kw name="Set Variable" owner="BuiltIn">
<msg time="2024-03-28T07:12:52.786142" level="INFO">${name_title} = Miss</msg>
<var>${name_title}</var>
<arg>${json_data["results"][0]["name"]["title"]}</arg>
<doc>Returns the given values which can then be assigned to a variables.</doc>
<status status="PASS" start="2024-03-28T07:12:52.785752" elapsed="0.000416"/>
</kw>
<kw name="Create List" owner="BuiltIn">
<msg time="2024-03-28T07:12:52.786624" level="INFO">${allowed_titles} = ['Mr', 'Ms', 'Miss', 'Mrs', 'Madame', 'Monsieur']</msg>
<var>${allowed_titles}</var>
<arg>Mr</arg>
<arg>Ms</arg>
<arg>Miss</arg>
<arg>Mrs</arg>
<arg>Madame</arg>
<arg>Monsieur</arg>
<doc>Returns a list containing given items.</doc>
<status status="PASS" start="2024-03-28T07:12:52.786472" elapsed="0.000177"/>
</kw>
<kw name="List Should Contain Value" owner="Collections">
<msg time="2024-03-28T07:12:52.787130" level="INFO">False</msg>
<arg>${allowed_titles}</arg>
<arg>${name_title}</arg>
<doc>Fails if the ``value`` is not found from ``list``.</doc>
<status status="PASS" start="2024-03-28T07:12:52.786954" elapsed="0.000214"/>
</kw>
<kw name="Set Variable" owner="BuiltIn">
<msg time="2024-03-28T07:12:52.787842" level="INFO">${name_country} = CA</msg>
<var>${name_country}</var>
<arg>${json_data["results"][0]["nat"]}</arg>
<doc>Returns the given values which can then be assigned to a variables.</doc>
<status status="PASS" start="2024-03-28T07:12:52.787464" elapsed="0.000403"/>
</kw>
<kw name="Create List" owner="BuiltIn">
<msg time="2024-03-28T07:12:52.788777" level="INFO">${list_country} = ['AD', 'AE', 'AF', 'AG', 'AI', 'AL', 'AM', 'AO', 'AQ', 'AR', 'AS', 'AT', 'AU', 'AW', 'AX', 'AZ', 'BA', 'BB', 'BD', 'BE', 'BF', 'BG', 'BH', 'BI', 'BJ', 'BL', 'BM', 'BN', 'BO', 'BQ', 'BR', 'BS', 'BT', '...</msg>
<var>${list_country}</var>
<arg>AD</arg>
<arg>AE</arg>
<arg>AF</arg>
<arg>AG</arg>
<arg>AI</arg>
<arg>AL</arg>
<arg>AM</arg>
<arg>AO</arg>
<arg>AQ</arg>
<arg>AR</arg>
<arg>AS</arg>
<arg>AT</arg>
<arg>AU</arg>
<arg>AW</arg>
<arg>AX</arg>
<arg>AZ</arg>
<arg>BA</arg>
<arg>BB</arg>
<arg>BD</arg>
<arg>BE</arg>
<arg>BF</arg>
<arg>BG</arg>
<arg>BH</arg>
<arg>BI</arg>
<arg>BJ</arg>
<arg>BL</arg>
<arg>BM</arg>
<arg>BN</arg>
<arg>BO</arg>
<arg>BQ</arg>
<arg>BR</arg>
<arg>BS</arg>
<arg>BT</arg>
<arg>BV</arg>
<arg>BW</arg>
<arg>BY</arg>
<arg>BZ</arg>
<arg>CA</arg>
<arg>CC</arg>
<arg>CD</arg>
<arg>CF</arg>
<arg>CG</arg>
<arg>CH</arg>
<arg>CI</arg>
<arg>CK</arg>
<arg>CL</arg>
<arg>CM</arg>
<arg>CN</arg>
<arg>CO</arg>
<arg>CR</arg>
<arg>CU</arg>
<arg>CV</arg>
<arg>CW</arg>
<arg>CX</arg>
<arg>CY</arg>
<arg>CZ</arg>
<arg>DE</arg>
<arg>DJ</arg>
<arg>DK</arg>
<arg>DM</arg>
<arg>DO</arg>
<arg>DZ</arg>
<arg>EC</arg>
<arg>EE</arg>
<arg>EG</arg>
<arg>EH</arg>
<arg>ER</arg>
<arg>ES</arg>
<arg>ET</arg>
<arg>FI</arg>
<arg>FJ</arg>
<arg>FK</arg>
<arg>FM</arg>
<arg>FO</arg>
<arg>FR</arg>
<arg>GA</arg>
<arg>GB</arg>
<arg>GD</arg>
<arg>GE</arg>
<arg>GF</arg>
<arg>GG</arg>
<arg>GH</arg>
<arg>GI</arg>
<arg>GL</arg>
<arg>GM</arg>
<arg>GN</arg>
<arg>GP</arg>
<arg>GQ</arg>
<arg>GR</arg>
<arg>GS</arg>
<arg>GT</arg>
<arg>GU</arg>
<arg>GW</arg>
<arg>GY</arg>
<arg>HK</arg>
<arg>HM</arg>
<arg>HN</arg>
<arg>HR</arg>
<arg>HT</arg>
<arg>HU</arg>
<arg>ID</arg>
<arg>IE</arg>
<arg>IL</arg>
<arg>IM</arg>
<arg>IN</arg>
<arg>IO</arg>
<arg>IQ</arg>
<arg>IR</arg>
<arg>IS</arg>
<arg>IT</arg>
<arg>JE</arg>
<arg>JM</arg>
<arg>JO</arg>
<arg>JP</arg>
<arg>KE</arg>
<arg>KG</arg>
<arg>KH</arg>
<arg>KI</arg>
<arg>KM</arg>
<arg>KN</arg>
<arg>KP</arg>
<arg>KR</arg>
<arg>KW</arg>
<arg>KY</arg>
<arg>KZ</arg>
<arg>LA</arg>
<arg>LB</arg>
<arg>LC</arg>
<arg>LI</arg>
<arg>LK</arg>
<arg>LR</arg>
<arg>LS</arg>
<arg>LT</arg>
<arg>LU</arg>
<arg>LV</arg>
<arg>LY</arg>
<arg>MA</arg>
<arg>MC</arg>
<arg>MD</arg>
<arg>ME</arg>
<arg>MF</arg>
<arg>MG</arg>
<arg>MH</arg>
<arg>MK</arg>
<arg>ML</arg>
<arg>MM</arg>
<arg>MN</arg>
<arg>MO</arg>
<arg>MP</arg>
<arg>MQ</arg>
<arg>MR</arg>
<arg>MS</arg>
<arg>MT</arg>
<arg>MU</arg>
<arg>MV</arg>
<arg>MW</arg>
<arg>MX</arg>
<arg>MY</arg>
<arg>MZ</arg>
<arg>NA</arg>
<arg>NC</arg>
<arg>NE</arg>
<arg>NF</arg>
<arg>NG</arg>
<arg>NI</arg>
<arg>NL</arg>
<arg>NO</arg>
<arg>NP</arg>
<arg>NR</arg>
<arg>NU</arg>
<arg>NZ</arg>
<arg>OM</arg>
<arg>PA</arg>
<arg>PE</arg>
<arg>PF</arg>
<arg>PG</arg>
<arg>PH</arg>
<arg>PK</arg>
<arg>PL</arg>
<arg>PM</arg>
<arg>PN</arg>
<arg>PR</arg>
<arg>PS</arg>
<arg>PT</arg>
<arg>PW</arg>
<arg>PY</arg>
<arg>QA</arg>
<arg>RE</arg>
<arg>RO</arg>
<arg>RS</arg>
<arg>RU</arg>
<arg>RW</arg>
<arg>SA</arg>
<arg>SB</arg>
<arg>SC</arg>
<arg>SD</arg>
<arg>SE</arg>
<arg>SG</arg>
<arg>SH</arg>
<arg>SI</arg>
<arg>SJ</arg>
<arg>SK</arg>
<arg>SL</arg>
<arg>SM</arg>
<arg>SN</arg>
<arg>SO</arg>
<arg>SR</arg>
<arg>SS</arg>
<arg>ST</arg>
<arg>SV</arg>
<arg>SX</arg>
<arg>SY</arg>
<arg>SZ</arg>
<arg>TC</arg>
<arg>TD</arg>
<arg>TF</arg>
<arg>TG</arg>
<arg>TH</arg>
<arg>TJ</arg>
<arg>TK</arg>
<arg>TL</arg>
<arg>TM</arg>
<arg>TN</arg>
<arg>TO</arg>
<arg>TR</arg>
<arg>TT</arg>
<arg>TV</arg>
<arg>TW</arg>
<arg>TZ</arg>
<arg>UA</arg>
<arg>UG</arg>
<arg>UM</arg>
<arg>US</arg>
<arg>UY</arg>
<arg>UZ</arg>
<arg>VA</arg>
<arg>VC</arg>
<arg>VE</arg>
<arg>VG</arg>
<arg>VI</arg>
<arg>VN</arg>
<arg>VU</arg>
<arg>WF</arg>
<arg>WS</arg>
<arg>XK</arg>
<arg>YE</arg>
<arg>YT</arg>
<arg>ZA</arg>
<arg>ZM</arg>
<arg>ZW</arg>
<doc>Returns a list containing given items.</doc>
<status status="PASS" start="2024-03-28T07:12:52.788176" elapsed="0.000627"/>
</kw>
<kw name="List Should Contain Value" owner="Collections">
<msg time="2024-03-28T07:12:52.789974" level="INFO">False</msg>
<arg>${list_country}</arg>
<arg>${name_country}</arg>
<doc>Fails if the ``value`` is not found from ``list``.</doc>
<status status="PASS" start="2024-03-28T07:12:52.789763" elapsed="0.000250"/>
</kw>
<kw name="Run Keyword If" owner="BuiltIn">
<kw name="Should Be True" owner="BuiltIn">
<arg>${True}</arg>
<doc>Fails if the given condition is not true.</doc>
<status status="PASS" start="2024-03-28T07:12:52.791095" elapsed="0.000148"/>
</kw>
<arg>${json_data["results"][0]["location"]["coordinates"]["latitude"]} &gt;= -90 and ${json_data["results"][0]["location"]["coordinates"]["latitude"]} &lt;= 90</arg>
<arg>Should Be True</arg>
<arg>${True}</arg>
<doc>Runs the given keyword with the given arguments, if ``condition`` is true.</doc>
<status status="PASS" start="2024-03-28T07:12:52.790334" elapsed="0.001040"/>
</kw>
<kw name="Run Keyword If" owner="BuiltIn">
<kw name="Should Be True" owner="BuiltIn">
<arg>${True}</arg>
<doc>Fails if the given condition is not true.</doc>
<status status="PASS" start="2024-03-28T07:12:52.792267" elapsed="0.000139"/>
</kw>
<arg>${json_data["results"][0]["location"]["coordinates"]["longitude"]} &gt;= -180 and ${json_data["results"][0]["location"]["coordinates"]["longitude"]} &lt;= 180</arg>
<arg>Should Be True</arg>
<arg>${True}</arg>
<doc>Runs the given keyword with the given arguments, if ``condition`` is true.</doc>
<status status="PASS" start="2024-03-28T07:12:52.791563" elapsed="0.000971"/>
</kw>
<status status="PASS" start="2024-03-28T07:12:52.689754" elapsed="0.102916"/>
</kw>
<doc>Testa o conteúdo específico dos campos retornados pela API.</doc>
<tag>testeConteudo</tag>
<status status="PASS" start="2024-03-28T07:12:52.689175" elapsed="0.103652"/>
</test>
<status status="PASS" start="2024-03-28T07:12:51.825455" elapsed="0.969420"/>
</suite>
<status status="PASS" start="2024-03-28T07:12:51.811699" elapsed="0.988616"/>
</suite>
<statistics>
<total>
<stat pass="5" fail="0" skip="0">All Tests</stat>
</total>
<tag>
<stat pass="1" fail="0" skip="0">testeConteudo</stat>
<stat pass="1" fail="0" skip="0">testeEstruturaResposta</stat>
<stat pass="1" fail="0" skip="0">testeRequisicaoBasica</stat>
<stat pass="1" fail="0" skip="0">testeTiposDados</stat>
</tag>
<suite>
<stat pass="5" fail="0" skip="0" id="s1" name="Tests">Tests</stat>
<stat pass="5" fail="0" skip="0" id="s1-s1" name="Random-User-Test">Tests.Random-User-Test</stat>
</suite>
</statistics>
<errors>
</errors>
</robot>
