<?xml version="1.0" encoding="UTF-8"?>
<robot generator="Robot 7.0 (Python 3.12.3 on linux)" generated="2024-06-10T07:14:27.138182" rpa="false" schemaversion="5">
<suite id="s1" name="Tests" source="/home/runner/work/ApiRandomUser/ApiRandomUser/RamdonUser/tests">
<suite id="s1-s1" name="Random-User-Test" source="/home/runner/work/ApiRandomUser/ApiRandomUser/RamdonUser/tests/random-user-test.robot">
<test id="s1-s1-t1" name="Conectar" line="13">
<kw name="Conectar API" owner="random-user-service">
<kw name="Create Session" owner="RequestsLibrary">
<msg time="2024-06-10T07:14:27.525539" level="INFO">Creating Session using : alias=consultarAPI, url=https://randomuser.me/, headers={},                     cookies={}, auth=None, timeout=None, proxies=None, verify=False,                     debug=0 </msg>
<arg>consultarAPI</arg>
<arg>${URL}</arg>
<doc>Create Session: create a HTTP session to a server</doc>
<status status="PASS" start="2024-06-10T07:14:27.525332" elapsed="0.000387"/>
</kw>
<status status="PASS" start="2024-06-10T07:14:27.524281" elapsed="0.001802"/>
</kw>
<status status="PASS" start="2024-06-10T07:14:27.523672" elapsed="0.002607"/>
</test>
<test id="s1-s1-t2" name="Validar retorno 200 e JSON Válido" line="16">
<kw name="Teste de Requisicao Basica" owner="random-user-service">
<kw name="GET On Session" owner="RequestsLibrary">
<msg time="2024-06-10T07:14:27.706834" level="INFO">GET Request : url=https://randomuser.me/api 
 path_url=/api 
 headers={'User-Agent': 'python-requests/2.32.3', 'Accept-Encoding': 'gzip, deflate', 'Accept': '*/*', 'Connection': 'keep-alive'} 
 body=None 
 </msg>
<msg time="2024-06-10T07:14:27.707008" level="INFO">GET Response : url=https://randomuser.me/api 
 status=200, reason=OK 
 headers={'Date': 'Mon, 10 Jun 2024 07:14:27 GMT', 'Content-Type': 'application/json; charset=utf-8', 'Transfer-Encoding': 'chunked', 'Connection': 'keep-alive', 'X-Powered-By': 'Express', 'Access-Control-Allow-Origin': '*', 'Cache-Control': 'no-cache', 'ETag': 'W/"46b-Frh8sQ2CsnttsaJNKJNhd65q2QM"', 'Vary': 'Accept-Encoding', 'Content-Encoding': 'gzip', 'CF-Cache-Status': 'DYNAMIC', 'Report-To': '{"endpoints":[{"url":"https:\\/\\/a.nel.cloudflare.com\\/report\\/v4?s=M%2F%2Fmbvd6Obfqoto03Lt%2F6wds9B%2Fm6FHyuSkVKlpMq8Tp%2BPxavCxd2B6YPKPTWSuE2xmcHu48dygvle3or5e3lrPQ3bG59d8aKU8kowWBN03MOKM9iDXcVGLZX1mfSPzA"}],"group":"cf-nel","max_age":604800}', 'NEL': '{"success_fraction":0,"report_to":"cf-nel","max_age":604800}', 'Server': 'cloudflare', 'CF-RAY': '8917908af9e2b46e-ORD', 'alt-svc': 'h3=":443"; ma=86400'} 
 body={"results":[{"gender":"male","name":{"title":"Mr","first":"Emre","last":"Mertoğlu"},"location":{"street":{"number":4706,"name":"Doktorlar Cd"},"city":"Erzurum","state":"Uşak","country":"Turkey","postcode":65019,"coordinates":{"latitude":"68.5864","longitude":"-155.6304"},"timezone":{"offset":"-2:00","description":"Mid-Atlantic"}},"email":"emre.mertoglu@example.com","login":{"uuid":"595724c9-83fa-4f62-adcc-0e6acfaadc0f","username":"smallpeacock141","password":"street","salt":"Gn8Q9Ali","md5":"70682985beece3977647f6bb51899257","sha1":"2d691ea396f81835d3744e161866e5283194b67b","sha256":"a9b670aead01197a10b1a0d150d135bab5a151b43c4353aed13f07a6e269050e"},"dob":{"date":"1994-07-27T11:39:34.321Z","age":29},"registered":{"date":"2010-11-07T03:28:58.594Z","age":13},"phone":"(796)-687-0909","cell":"(677)-595-8778","id":{"name":"","value":null},"picture":{"large":"https://randomuser.me/api/portraits/men/62.jpg","medium":"https://randomuser.me/api/portraits/med/men/62.jpg","thumbnail":"https://randomuser.me/api/portraits/thumb/men/62.jpg"},"nat":"TR"}],"info":{"seed":"a84f1ae0563939c5","results":1,"page":1,"version":"1.4"}} 
 </msg>
<msg time="2024-06-10T07:14:27.707109" level="INFO">/opt/hostedtoolcache/Python/3.12.3/x64/lib/python3.12/site-packages/urllib3/connectionpool.py:1103: InsecureRequestWarning: Unverified HTTPS request is being made to host 'randomuser.me'. Adding certificate verification is strongly advised. See: https://urllib3.readthedocs.io/en/latest/advanced-usage.html#tls-warnings
  warnings.warn(</msg>
<msg time="2024-06-10T07:14:27.707267" level="INFO">${response} = &lt;Response [200]&gt;</msg>
<var>${response}</var>
<arg>consultarAPI</arg>
<arg>/api</arg>
<doc>Sends a GET request on a previously created HTTP Session.</doc>
<status status="PASS" start="2024-06-10T07:14:27.528976" elapsed="0.178340"/>
</kw>
<kw name="Should Be Equal As Numbers" owner="BuiltIn">
<msg time="2024-06-10T07:14:27.708567" level="INFO">Argument types are:
&lt;class 'int'&gt;
&lt;class 'str'&gt;</msg>
<arg>${response.status_code}</arg>
<arg>200</arg>
<doc>Fails if objects are unequal after converting them to real numbers.</doc>
<status status="PASS" start="2024-06-10T07:14:27.708006" elapsed="0.000629"/>
</kw>
<kw name="Log" owner="BuiltIn">
<msg time="2024-06-10T07:14:27.709340" level="INFO">200</msg>
<arg>${response.status_code}</arg>
<doc>Logs the given message with the given level.</doc>
<status status="PASS" start="2024-06-10T07:14:27.708981" elapsed="0.000406"/>
</kw>
<kw name="Set Variable" owner="BuiltIn">
<msg time="2024-06-10T07:14:27.710167" level="INFO">${json_data} = {'results': [{'gender': 'male', 'name': {'title': 'Mr', 'first': 'Emre', 'last': 'Mertoğlu'}, 'location': {'street': {'number': 4706, 'name': 'Doktorlar Cd'}, 'city': 'Erzurum', 'state': 'Uşak', 'coun...</msg>
<var>${json_data}</var>
<arg>${response.json()}</arg>
<doc>Returns the given values which can then be assigned to a variables.</doc>
<status status="PASS" start="2024-06-10T07:14:27.709701" elapsed="0.000496"/>
</kw>
<kw name="Dictionary Should Contain Key" owner="Collections">
<msg time="2024-06-10T07:14:27.710714" level="INFO">False</msg>
<arg>${json_data}</arg>
<arg>results</arg>
<doc>Fails if ``key`` is not found from ``dictionary``.</doc>
<status status="PASS" start="2024-06-10T07:14:27.710504" elapsed="0.000414"/>
</kw>
<status status="PASS" start="2024-06-10T07:14:27.528724" elapsed="0.182468"/>
</kw>
<doc>Testa se a API responde corretamente e retorna um objeto JSON válido.</doc>
<tag>testeRequisicaoBasica</tag>
<status status="PASS" start="2024-06-10T07:14:27.528211" elapsed="0.183167"/>
</test>
<test id="s1-s1-t3" name="Validar estrutura de resposta" line="22">
<kw name="Teste de Estrutura de Resposta" owner="random-user-service">
<kw name="GET On Session" owner="RequestsLibrary">
<msg time="2024-06-10T07:14:27.809624" level="INFO">GET Request : url=https://randomuser.me/api 
 path_url=/api 
 headers={'User-Agent': 'python-requests/2.32.3', 'Accept-Encoding': 'gzip, deflate', 'Accept': '*/*', 'Connection': 'keep-alive'} 
 body=None 
 </msg>
<msg time="2024-06-10T07:14:27.809719" level="INFO">GET Response : url=https://randomuser.me/api 
 status=200, reason=OK 
 headers={'Date': 'Mon, 10 Jun 2024 07:14:27 GMT', 'Content-Type': 'application/json; charset=utf-8', 'Transfer-Encoding': 'chunked', 'Connection': 'keep-alive', 'X-Powered-By': 'Express', 'Access-Control-Allow-Origin': '*', 'Cache-Control': 'no-cache', 'ETag': 'W/"491-Qa97G80t4w0v9ewTLBeAWjRz1DM"', 'Vary': 'Accept-Encoding', 'Content-Encoding': 'gzip', 'CF-Cache-Status': 'DYNAMIC', 'Report-To': '{"endpoints":[{"url":"https:\\/\\/a.nel.cloudflare.com\\/report\\/v4?s=SILpwvPe5uj89h1oVA8nB7523x5pMe4yH92%2BYfvzVBigpaMO4HcbavG9n2RUrK54WqL9kn923HvKYEzT0Xg0Risg%2FksAF5cS%2B0Hsl6huBZncExNTDaQMeixlO6vFfSO3"}],"group":"cf-nel","max_age":604800}', 'NEL': '{"success_fraction":0,"report_to":"cf-nel","max_age":604800}', 'Server': 'cloudflare', 'CF-RAY': '8917908b3a0eb46e-ORD', 'alt-svc': 'h3=":443"; ma=86400'} 
 body={"results":[{"gender":"female","name":{"title":"Mrs","first":"Clara","last":"Garrido"},"location":{"street":{"number":8127,"name":"Calle de Téllez"},"city":"Madrid","state":"La Rioja","country":"Spain","postcode":72898,"coordinates":{"latitude":"-36.7276","longitude":"41.0776"},"timezone":{"offset":"+1:00","description":"Brussels, Copenhagen, Madrid, Paris"}},"email":"clara.garrido@example.com","login":{"uuid":"3557db8c-b9b4-411d-86dc-bde60181d229","username":"silverpeacock887","password":"smudge","salt":"JUqggYXz","md5":"8e7b7da37ee4d6b93a535a55aee8979c","sha1":"ce71f8a690c7b52df88c03135b0e4a3f527b6377","sha256":"9e6c6ee22bb8972ec859b1d0cb649871e745e7e5fa19ae83bd4446c86a76f89c"},"dob":{"date":"1997-01-07T02:27:46.084Z","age":27},"registered":{"date":"2011-01-11T09:57:56.082Z","age":13},"phone":"905-181-152","cell":"652-338-057","id":{"name":"DNI","value":"76878835-U"},"picture":{"large":"https://randomuser.me/api/portraits/women/2.jpg","medium":"https://randomuser.me/api/portraits/med/women/2.jpg","thumbnail":"https://randomuser.me/api/portraits/thumb/women/2.jpg"},"nat":"ES"}],"info":{"seed":"e7854bca6166d906","results":1,"page":1,"version":"1.4"}} 
 </msg>
<msg time="2024-06-10T07:14:27.809846" level="INFO">/opt/hostedtoolcache/Python/3.12.3/x64/lib/python3.12/site-packages/urllib3/connectionpool.py:1103: InsecureRequestWarning: Unverified HTTPS request is being made to host 'randomuser.me'. Adding certificate verification is strongly advised. See: https://urllib3.readthedocs.io/en/latest/advanced-usage.html#tls-warnings
  warnings.warn(</msg>
<msg time="2024-06-10T07:14:27.809974" level="INFO">${response} = &lt;Response [200]&gt;</msg>
<var>${response}</var>
<arg>consultarAPI</arg>
<arg>/api</arg>
<doc>Sends a GET request on a previously created HTTP Session.</doc>
<status status="PASS" start="2024-06-10T07:14:27.714346" elapsed="0.095676"/>
</kw>
<kw name="Set Variable" owner="BuiltIn">
<msg time="2024-06-10T07:14:27.811026" level="INFO">${json_data} = {'results': [{'gender': 'female', 'name': {'title': 'Mrs', 'first': 'Clara', 'last': 'Garrido'}, 'location': {'street': {'number': 8127, 'name': 'Calle de Téllez'}, 'city': 'Madrid', 'state': 'La Rioj...</msg>
<var>${json_data}</var>
<arg>${response.json()}</arg>
<doc>Returns the given values which can then be assigned to a variables.</doc>
<status status="PASS" start="2024-06-10T07:14:27.810488" elapsed="0.000568"/>
</kw>
<kw name="Log" owner="BuiltIn">
<msg time="2024-06-10T07:14:27.811540" level="INFO">{'results': [{'gender': 'female', 'name': {'title': 'Mrs', 'first': 'Clara', 'last': 'Garrido'}, 'location': {'street': {'number': 8127, 'name': 'Calle de Téllez'}, 'city': 'Madrid', 'state': 'La Rioja', 'country': 'Spain', 'postcode': 72898, 'coordinates': {'latitude': '-36.7276', 'longitude': '41.0776'}, 'timezone': {'offset': '+1:00', 'description': 'Brussels, Copenhagen, Madrid, Paris'}}, 'email': 'clara.garrido@example.com', 'login': {'uuid': '3557db8c-b9b4-411d-86dc-bde60181d229', 'username': 'silverpeacock887', 'password': 'smudge', 'salt': 'JUqggYXz', 'md5': '8e7b7da37ee4d6b93a535a55aee8979c', 'sha1': 'ce71f8a690c7b52df88c03135b0e4a3f527b6377', 'sha256': '9e6c6ee22bb8972ec859b1d0cb649871e745e7e5fa19ae83bd4446c86a76f89c'}, 'dob': {'date': '1997-01-07T02:27:46.084Z', 'age': 27}, 'registered': {'date': '2011-01-11T09:57:56.082Z', 'age': 13}, 'phone': '905-181-152', 'cell': '652-338-057', 'id': {'name': 'DNI', 'value': '76878835-U'}, 'picture': {'large': 'https://randomuser.me/api/portraits/women/2.jpg', 'medium': 'https://randomuser.me/api/portraits/med/women/2.jpg', 'thumbnail': 'https://randomuser.me/api/portraits/thumb/women/2.jpg'}, 'nat': 'ES'}], 'info': {'seed': 'e7854bca6166d906', 'results': 1, 'page': 1, 'version': '1.4'}}</msg>
<arg>${json_data}</arg>
<doc>Logs the given message with the given level.</doc>
<status status="PASS" start="2024-06-10T07:14:27.811374" elapsed="0.000216"/>
</kw>
<kw name="Dictionary Should Contain Key" owner="Collections">
<msg time="2024-06-10T07:14:27.812059" level="INFO">False</msg>
<arg>${json_data}</arg>
<arg>results</arg>
<doc>Fails if ``key`` is not found from ``dictionary``.</doc>
<status status="PASS" start="2024-06-10T07:14:27.811894" elapsed="0.000204"/>
</kw>
<kw name="Should Not Be Empty" owner="BuiltIn">
<msg time="2024-06-10T07:14:27.812534" level="INFO">Length is 2.</msg>
<arg>${json_data}</arg>
<doc>Verifies that the given item is not empty.</doc>
<status status="PASS" start="2024-06-10T07:14:27.812400" elapsed="0.000180"/>
</kw>
<kw name="Create List" owner="BuiltIn">
<msg time="2024-06-10T07:14:27.813032" level="INFO">${expected_keys} = ['gender', 'name', 'location', 'email', 'login']</msg>
<var>${expected_keys}</var>
<arg>gender</arg>
<arg>name</arg>
<arg>location</arg>
<arg>email</arg>
<arg>login</arg>
<doc>Returns a list containing given items.</doc>
<status status="PASS" start="2024-06-10T07:14:27.812881" elapsed="0.000175"/>
</kw>
<for flavor="IN">
<iter>
<kw name="Dictionary Should Contain Key" owner="Collections">
<msg time="2024-06-10T07:14:27.814062" level="INFO">False</msg>
<arg>${json_data['results'][0]}</arg>
<arg>${key}</arg>
<doc>Fails if ``key`` is not found from ``dictionary``.</doc>
<status status="PASS" start="2024-06-10T07:14:27.813648" elapsed="0.000458"/>
</kw>
<kw name="Log" owner="BuiltIn">
<msg time="2024-06-10T07:14:27.814827" level="INFO">{'gender': 'female', 'name': {'title': 'Mrs', 'first': 'Clara', 'last': 'Garrido'}, 'location': {'street': {'number': 8127, 'name': 'Calle de Téllez'}, 'city': 'Madrid', 'state': 'La Rioja', 'country': 'Spain', 'postcode': 72898, 'coordinates': {'latitude': '-36.7276', 'longitude': '41.0776'}, 'timezone': {'offset': '+1:00', 'description': 'Brussels, Copenhagen, Madrid, Paris'}}, 'email': 'clara.garrido@example.com', 'login': {'uuid': '3557db8c-b9b4-411d-86dc-bde60181d229', 'username': 'silverpeacock887', 'password': 'smudge', 'salt': 'JUqggYXz', 'md5': '8e7b7da37ee4d6b93a535a55aee8979c', 'sha1': 'ce71f8a690c7b52df88c03135b0e4a3f527b6377', 'sha256': '9e6c6ee22bb8972ec859b1d0cb649871e745e7e5fa19ae83bd4446c86a76f89c'}, 'dob': {'date': '1997-01-07T02:27:46.084Z', 'age': 27}, 'registered': {'date': '2011-01-11T09:57:56.082Z', 'age': 13}, 'phone': '905-181-152', 'cell': '652-338-057', 'id': {'name': 'DNI', 'value': '76878835-U'}, 'picture': {'large': 'https://randomuser.me/api/portraits/women/2.jpg', 'medium': 'https://randomuser.me/api/portraits/med/women/2.jpg', 'thumbnail': 'https://randomuser.me/api/portraits/thumb/women/2.jpg'}, 'nat': 'ES'}</msg>
<arg>${json_data['results'][0]}</arg>
<doc>Logs the given message with the given level.</doc>
<status status="PASS" start="2024-06-10T07:14:27.814413" elapsed="0.000466"/>
</kw>
<kw name="Log" owner="BuiltIn">
<msg time="2024-06-10T07:14:27.815321" level="INFO">gender</msg>
<arg>${key}</arg>
<doc>Logs the given message with the given level.</doc>
<status status="PASS" start="2024-06-10T07:14:27.815189" elapsed="0.000170"/>
</kw>
<var name="${key}">gender</var>
<status status="PASS" start="2024-06-10T07:14:27.813520" elapsed="0.002058"/>
</iter>
<iter>
<kw name="Dictionary Should Contain Key" owner="Collections">
<msg time="2024-06-10T07:14:27.816286" level="INFO">False</msg>
<arg>${json_data['results'][0]}</arg>
<arg>${key}</arg>
<doc>Fails if ``key`` is not found from ``dictionary``.</doc>
<status status="PASS" start="2024-06-10T07:14:27.815887" elapsed="0.000436"/>
</kw>
<kw name="Log" owner="BuiltIn">
<msg time="2024-06-10T07:14:27.817018" level="INFO">{'gender': 'female', 'name': {'title': 'Mrs', 'first': 'Clara', 'last': 'Garrido'}, 'location': {'street': {'number': 8127, 'name': 'Calle de Téllez'}, 'city': 'Madrid', 'state': 'La Rioja', 'country': 'Spain', 'postcode': 72898, 'coordinates': {'latitude': '-36.7276', 'longitude': '41.0776'}, 'timezone': {'offset': '+1:00', 'description': 'Brussels, Copenhagen, Madrid, Paris'}}, 'email': 'clara.garrido@example.com', 'login': {'uuid': '3557db8c-b9b4-411d-86dc-bde60181d229', 'username': 'silverpeacock887', 'password': 'smudge', 'salt': 'JUqggYXz', 'md5': '8e7b7da37ee4d6b93a535a55aee8979c', 'sha1': 'ce71f8a690c7b52df88c03135b0e4a3f527b6377', 'sha256': '9e6c6ee22bb8972ec859b1d0cb649871e745e7e5fa19ae83bd4446c86a76f89c'}, 'dob': {'date': '1997-01-07T02:27:46.084Z', 'age': 27}, 'registered': {'date': '2011-01-11T09:57:56.082Z', 'age': 13}, 'phone': '905-181-152', 'cell': '652-338-057', 'id': {'name': 'DNI', 'value': '76878835-U'}, 'picture': {'large': 'https://randomuser.me/api/portraits/women/2.jpg', 'medium': 'https://randomuser.me/api/portraits/med/women/2.jpg', 'thumbnail': 'https://randomuser.me/api/portraits/thumb/women/2.jpg'}, 'nat': 'ES'}</msg>
<arg>${json_data['results'][0]}</arg>
<doc>Logs the given message with the given level.</doc>
<status status="PASS" start="2024-06-10T07:14:27.816650" elapsed="0.000418"/>
</kw>
<kw name="Log" owner="BuiltIn">
<msg time="2024-06-10T07:14:27.817496" level="INFO">name</msg>
<arg>${key}</arg>
<doc>Logs the given message with the given level.</doc>
<status status="PASS" start="2024-06-10T07:14:27.817367" elapsed="0.000168"/>
</kw>
<var name="${key}">name</var>
<status status="PASS" start="2024-06-10T07:14:27.815769" elapsed="0.001987"/>
</iter>
<iter>
<kw name="Dictionary Should Contain Key" owner="Collections">
<msg time="2024-06-10T07:14:27.818429" level="INFO">False</msg>
<arg>${json_data['results'][0]}</arg>
<arg>${key}</arg>
<doc>Fails if ``key`` is not found from ``dictionary``.</doc>
<status status="PASS" start="2024-06-10T07:14:27.818052" elapsed="0.000414"/>
</kw>
<kw name="Log" owner="BuiltIn">
<msg time="2024-06-10T07:14:27.819190" level="INFO">{'gender': 'female', 'name': {'title': 'Mrs', 'first': 'Clara', 'last': 'Garrido'}, 'location': {'street': {'number': 8127, 'name': 'Calle de Téllez'}, 'city': 'Madrid', 'state': 'La Rioja', 'country': 'Spain', 'postcode': 72898, 'coordinates': {'latitude': '-36.7276', 'longitude': '41.0776'}, 'timezone': {'offset': '+1:00', 'description': 'Brussels, Copenhagen, Madrid, Paris'}}, 'email': 'clara.garrido@example.com', 'login': {'uuid': '3557db8c-b9b4-411d-86dc-bde60181d229', 'username': 'silverpeacock887', 'password': 'smudge', 'salt': 'JUqggYXz', 'md5': '8e7b7da37ee4d6b93a535a55aee8979c', 'sha1': 'ce71f8a690c7b52df88c03135b0e4a3f527b6377', 'sha256': '9e6c6ee22bb8972ec859b1d0cb649871e745e7e5fa19ae83bd4446c86a76f89c'}, 'dob': {'date': '1997-01-07T02:27:46.084Z', 'age': 27}, 'registered': {'date': '2011-01-11T09:57:56.082Z', 'age': 13}, 'phone': '905-181-152', 'cell': '652-338-057', 'id': {'name': 'DNI', 'value': '76878835-U'}, 'picture': {'large': 'https://randomuser.me/api/portraits/women/2.jpg', 'medium': 'https://randomuser.me/api/portraits/med/women/2.jpg', 'thumbnail': 'https://randomuser.me/api/portraits/thumb/women/2.jpg'}, 'nat': 'ES'}</msg>
<arg>${json_data['results'][0]}</arg>
<doc>Logs the given message with the given level.</doc>
<status status="PASS" start="2024-06-10T07:14:27.818817" elapsed="0.000424"/>
</kw>
<kw name="Log" owner="BuiltIn">
<msg time="2024-06-10T07:14:27.819672" level="INFO">location</msg>
<arg>${key}</arg>
<doc>Logs the given message with the given level.</doc>
<status status="PASS" start="2024-06-10T07:14:27.819543" elapsed="0.000166"/>
</kw>
<var name="${key}">location</var>
<status status="PASS" start="2024-06-10T07:14:27.817936" elapsed="0.001985"/>
</iter>
<iter>
<kw name="Dictionary Should Contain Key" owner="Collections">
<msg time="2024-06-10T07:14:27.820695" level="INFO">False</msg>
<arg>${json_data['results'][0]}</arg>
<arg>${key}</arg>
<doc>Fails if ``key`` is not found from ``dictionary``.</doc>
<status status="PASS" start="2024-06-10T07:14:27.820208" elapsed="0.000525"/>
</kw>
<kw name="Log" owner="BuiltIn">
<msg time="2024-06-10T07:14:27.821392" level="INFO">{'gender': 'female', 'name': {'title': 'Mrs', 'first': 'Clara', 'last': 'Garrido'}, 'location': {'street': {'number': 8127, 'name': 'Calle de Téllez'}, 'city': 'Madrid', 'state': 'La Rioja', 'country': 'Spain', 'postcode': 72898, 'coordinates': {'latitude': '-36.7276', 'longitude': '41.0776'}, 'timezone': {'offset': '+1:00', 'description': 'Brussels, Copenhagen, Madrid, Paris'}}, 'email': 'clara.garrido@example.com', 'login': {'uuid': '3557db8c-b9b4-411d-86dc-bde60181d229', 'username': 'silverpeacock887', 'password': 'smudge', 'salt': 'JUqggYXz', 'md5': '8e7b7da37ee4d6b93a535a55aee8979c', 'sha1': 'ce71f8a690c7b52df88c03135b0e4a3f527b6377', 'sha256': '9e6c6ee22bb8972ec859b1d0cb649871e745e7e5fa19ae83bd4446c86a76f89c'}, 'dob': {'date': '1997-01-07T02:27:46.084Z', 'age': 27}, 'registered': {'date': '2011-01-11T09:57:56.082Z', 'age': 13}, 'phone': '905-181-152', 'cell': '652-338-057', 'id': {'name': 'DNI', 'value': '76878835-U'}, 'picture': {'large': 'https://randomuser.me/api/portraits/women/2.jpg', 'medium': 'https://randomuser.me/api/portraits/med/women/2.jpg', 'thumbnail': 'https://randomuser.me/api/portraits/thumb/women/2.jpg'}, 'nat': 'ES'}</msg>
<arg>${json_data['results'][0]}</arg>
<doc>Logs the given message with the given level.</doc>
<status status="PASS" start="2024-06-10T07:14:27.821034" elapsed="0.000408"/>
</kw>
<kw name="Log" owner="BuiltIn">
<msg time="2024-06-10T07:14:27.821886" level="INFO">email</msg>
<arg>${key}</arg>
<doc>Logs the given message with the given level.</doc>
<status status="PASS" start="2024-06-10T07:14:27.821742" elapsed="0.000181"/>
</kw>
<var name="${key}">email</var>
<status status="PASS" start="2024-06-10T07:14:27.820095" elapsed="0.002044"/>
</iter>
<iter>
<kw name="Dictionary Should Contain Key" owner="Collections">
<msg time="2024-06-10T07:14:27.822856" level="INFO">False</msg>
<arg>${json_data['results'][0]}</arg>
<arg>${key}</arg>
<doc>Fails if ``key`` is not found from ``dictionary``.</doc>
<status status="PASS" start="2024-06-10T07:14:27.822427" elapsed="0.000466"/>
</kw>
<kw name="Log" owner="BuiltIn">
<msg time="2024-06-10T07:14:27.823554" level="INFO">{'gender': 'female', 'name': {'title': 'Mrs', 'first': 'Clara', 'last': 'Garrido'}, 'location': {'street': {'number': 8127, 'name': 'Calle de Téllez'}, 'city': 'Madrid', 'state': 'La Rioja', 'country': 'Spain', 'postcode': 72898, 'coordinates': {'latitude': '-36.7276', 'longitude': '41.0776'}, 'timezone': {'offset': '+1:00', 'description': 'Brussels, Copenhagen, Madrid, Paris'}}, 'email': 'clara.garrido@example.com', 'login': {'uuid': '3557db8c-b9b4-411d-86dc-bde60181d229', 'username': 'silverpeacock887', 'password': 'smudge', 'salt': 'JUqggYXz', 'md5': '8e7b7da37ee4d6b93a535a55aee8979c', 'sha1': 'ce71f8a690c7b52df88c03135b0e4a3f527b6377', 'sha256': '9e6c6ee22bb8972ec859b1d0cb649871e745e7e5fa19ae83bd4446c86a76f89c'}, 'dob': {'date': '1997-01-07T02:27:46.084Z', 'age': 27}, 'registered': {'date': '2011-01-11T09:57:56.082Z', 'age': 13}, 'phone': '905-181-152', 'cell': '652-338-057', 'id': {'name': 'DNI', 'value': '76878835-U'}, 'picture': {'large': 'https://randomuser.me/api/portraits/women/2.jpg', 'medium': 'https://randomuser.me/api/portraits/med/women/2.jpg', 'thumbnail': 'https://randomuser.me/api/portraits/thumb/women/2.jpg'}, 'nat': 'ES'}</msg>
<arg>${json_data['results'][0]}</arg>
<doc>Logs the given message with the given level.</doc>
<status status="PASS" start="2024-06-10T07:14:27.823189" elapsed="0.000416"/>
</kw>
<kw name="Log" owner="BuiltIn">
<msg time="2024-06-10T07:14:27.824037" level="INFO">login</msg>
<arg>${key}</arg>
<doc>Logs the given message with the given level.</doc>
<status status="PASS" start="2024-06-10T07:14:27.823909" elapsed="0.000165"/>
</kw>
<var name="${key}">login</var>
<status status="PASS" start="2024-06-10T07:14:27.822314" elapsed="0.002005"/>
</iter>
<var>${key}</var>
<value>@{expected_keys}</value>
<status status="PASS" start="2024-06-10T07:14:27.813328" elapsed="0.011118"/>
</for>
<kw name="Create List" owner="BuiltIn">
<msg time="2024-06-10T07:14:27.824779" level="INFO">${expected_keysTwo} = ['username', 'password']</msg>
<var>${expected_keysTwo}</var>
<arg>username</arg>
<arg>password</arg>
<doc>Returns a list containing given items.</doc>
<status status="PASS" start="2024-06-10T07:14:27.824641" elapsed="0.000161"/>
</kw>
<for flavor="IN">
<iter>
<kw name="Dictionary Should Contain Key" owner="Collections">
<msg time="2024-06-10T07:14:27.825681" level="INFO">False</msg>
<arg>${json_data['results'][0]['login']}</arg>
<arg>${keyTwo}</arg>
<doc>Fails if ``key`` is not found from ``dictionary``.</doc>
<status status="PASS" start="2024-06-10T07:14:27.825300" elapsed="0.000418"/>
</kw>
<kw name="Dictionary Should Contain Key" owner="Collections">
<msg time="2024-06-10T07:14:27.826389" level="INFO">False</msg>
<arg>${json_data['results'][0]['login']}</arg>
<arg>${keyTwo}</arg>
<doc>Fails if ``key`` is not found from ``dictionary``.</doc>
<status status="PASS" start="2024-06-10T07:14:27.826010" elapsed="0.000415"/>
</kw>
<kw name="Log" owner="BuiltIn">
<msg time="2024-06-10T07:14:27.826882" level="INFO">username</msg>
<arg>${keyTwo}</arg>
<doc>Logs the given message with the given level.</doc>
<status status="PASS" start="2024-06-10T07:14:27.826752" elapsed="0.000167"/>
</kw>
<var name="${keyTwo}">username</var>
<status status="PASS" start="2024-06-10T07:14:27.825188" elapsed="0.001944"/>
</iter>
<iter>
<kw name="Dictionary Should Contain Key" owner="Collections">
<msg time="2024-06-10T07:14:27.827797" level="INFO">False</msg>
<arg>${json_data['results'][0]['login']}</arg>
<arg>${keyTwo}</arg>
<doc>Fails if ``key`` is not found from ``dictionary``.</doc>
<status status="PASS" start="2024-06-10T07:14:27.827416" elapsed="0.000418"/>
</kw>
<kw name="Dictionary Should Contain Key" owner="Collections">
<msg time="2024-06-10T07:14:27.828504" level="INFO">False</msg>
<arg>${json_data['results'][0]['login']}</arg>
<arg>${keyTwo}</arg>
<doc>Fails if ``key`` is not found from ``dictionary``.</doc>
<status status="PASS" start="2024-06-10T07:14:27.828124" elapsed="0.000417"/>
</kw>
<kw name="Log" owner="BuiltIn">
<msg time="2024-06-10T07:14:27.828960" level="INFO">password</msg>
<arg>${keyTwo}</arg>
<doc>Logs the given message with the given level.</doc>
<status status="PASS" start="2024-06-10T07:14:27.828833" elapsed="0.000164"/>
</kw>
<var name="${keyTwo}">password</var>
<status status="PASS" start="2024-06-10T07:14:27.827303" elapsed="0.001906"/>
</iter>
<var>${keyTwo}</var>
<value>@{expected_keysTwo}</value>
<status status="PASS" start="2024-06-10T07:14:27.825037" elapsed="0.004291"/>
</for>
<status status="PASS" start="2024-06-10T07:14:27.713995" elapsed="0.115472"/>
</kw>
<doc>Testa a estrutura da resposta da API.</doc>
<tag>testeEstruturaResposta</tag>
<status status="PASS" start="2024-06-10T07:14:27.713206" elapsed="0.116415"/>
</test>
<test id="s1-s1-t4" name="Validar tipos de dados" line="28">
<kw name="Teste de Tipos de Dados" owner="random-user-service">
<kw name="GET On Session" owner="RequestsLibrary">
<msg time="2024-06-10T07:14:27.909088" level="INFO">GET Request : url=https://randomuser.me/api 
 path_url=/api 
 headers={'User-Agent': 'python-requests/2.32.3', 'Accept-Encoding': 'gzip, deflate', 'Accept': '*/*', 'Connection': 'keep-alive'} 
 body=None 
 </msg>
<msg time="2024-06-10T07:14:27.909164" level="INFO">GET Response : url=https://randomuser.me/api 
 status=200, reason=OK 
 headers={'Date': 'Mon, 10 Jun 2024 07:14:27 GMT', 'Content-Type': 'application/json; charset=utf-8', 'Transfer-Encoding': 'chunked', 'Connection': 'keep-alive', 'X-Powered-By': 'Express', 'Access-Control-Allow-Origin': '*', 'Cache-Control': 'no-cache', 'ETag': 'W/"46b-VtzkRac3zwh/OLW3IGlZgZIX4Lk"', 'Vary': 'Accept-Encoding', 'Content-Encoding': 'gzip', 'CF-Cache-Status': 'DYNAMIC', 'Report-To': '{"endpoints":[{"url":"https:\\/\\/a.nel.cloudflare.com\\/report\\/v4?s=yYrur%2F67bt2AqiFg1AM%2F7TOYj2%2Ft%2BsQizl2cpgvCekjig0B9Gk1H5AhIqJSORtVDsWyY33LV5wzULjRVixAsVt7sYV2WQT6gc7y78BaEROgx2G5MLRb1eKOtgCIVl5DC"}],"group":"cf-nel","max_age":604800}', 'NEL': '{"success_fraction":0,"report_to":"cf-nel","max_age":604800}', 'Server': 'cloudflare', 'CF-RAY': '8917908bfa6ab46e-ORD', 'alt-svc': 'h3=":443"; ma=86400'} 
 body={"results":[{"gender":"male","name":{"title":"Mr","first":"Stefan","last":"Ilić"},"location":{"street":{"number":5748,"name":"Dušana Despotovića"},"city":"Bač","state":"Toplica","country":"Serbia","postcode":62955,"coordinates":{"latitude":"59.4784","longitude":"-54.5791"},"timezone":{"offset":"+4:30","description":"Kabul"}},"email":"stefan.ilic@example.com","login":{"uuid":"c3a930e9-135e-446e-81d3-70de583643b6","username":"ticklishduck503","password":"banker","salt":"fmu5rA3X","md5":"96b2a67fd82bf766138cd6b40f655a14","sha1":"19675f70988123233091cd8cf25affc5a77d647d","sha256":"6358c8fa016beb0f7ff09667bc1928c349277a2119edee71dddb2980a920b7fb"},"dob":{"date":"1947-10-11T01:11:22.740Z","age":76},"registered":{"date":"2019-01-25T22:34:46.117Z","age":5},"phone":"025-2422-637","cell":"069-7865-330","id":{"name":"SID","value":"064470307"},"picture":{"large":"https://randomuser.me/api/portraits/men/90.jpg","medium":"https://randomuser.me/api/portraits/med/men/90.jpg","thumbnail":"https://randomuser.me/api/portraits/thumb/men/90.jpg"},"nat":"RS"}],"info":{"seed":"ffbaef0f9f1a66d7","results":1,"page":1,"version":"1.4"}} 
 </msg>
<msg time="2024-06-10T07:14:27.909227" level="INFO">/opt/hostedtoolcache/Python/3.12.3/x64/lib/python3.12/site-packages/urllib3/connectionpool.py:1103: InsecureRequestWarning: Unverified HTTPS request is being made to host 'randomuser.me'. Adding certificate verification is strongly advised. See: https://urllib3.readthedocs.io/en/latest/advanced-usage.html#tls-warnings
  warnings.warn(</msg>
<msg time="2024-06-10T07:14:27.909332" level="INFO">${response} = &lt;Response [200]&gt;</msg>
<var>${response}</var>
<arg>consultarAPI</arg>
<arg>/api</arg>
<doc>Sends a GET request on a previously created HTTP Session.</doc>
<status status="PASS" start="2024-06-10T07:14:27.832103" elapsed="0.077267"/>
</kw>
<kw name="Set Variable" owner="BuiltIn">
<msg time="2024-06-10T07:14:27.910287" level="INFO">${json_data} = {'results': [{'gender': 'male', 'name': {'title': 'Mr', 'first': 'Stefan', 'last': 'Ilić'}, 'location': {'street': {'number': 5748, 'name': 'Dušana Despotovića'}, 'city': 'Bač', 'state': 'Toplica', 'c...</msg>
<var>${json_data}</var>
<arg>${response.json()}</arg>
<doc>Returns the given values which can then be assigned to a variables.</doc>
<status status="PASS" start="2024-06-10T07:14:27.909799" elapsed="0.000519"/>
</kw>
<kw name="Log" owner="BuiltIn">
<msg time="2024-06-10T07:14:27.910830" level="INFO">{'results': [{'gender': 'male', 'name': {'title': 'Mr', 'first': 'Stefan', 'last': 'Ilić'}, 'location': {'street': {'number': 5748, 'name': 'Dušana Despotovića'}, 'city': 'Bač', 'state': 'Toplica', 'country': 'Serbia', 'postcode': 62955, 'coordinates': {'latitude': '59.4784', 'longitude': '-54.5791'}, 'timezone': {'offset': '+4:30', 'description': 'Kabul'}}, 'email': 'stefan.ilic@example.com', 'login': {'uuid': 'c3a930e9-135e-446e-81d3-70de583643b6', 'username': 'ticklishduck503', 'password': 'banker', 'salt': 'fmu5rA3X', 'md5': '96b2a67fd82bf766138cd6b40f655a14', 'sha1': '19675f70988123233091cd8cf25affc5a77d647d', 'sha256': '6358c8fa016beb0f7ff09667bc1928c349277a2119edee71dddb2980a920b7fb'}, 'dob': {'date': '1947-10-11T01:11:22.740Z', 'age': 76}, 'registered': {'date': '2019-01-25T22:34:46.117Z', 'age': 5}, 'phone': '025-2422-637', 'cell': '069-7865-330', 'id': {'name': 'SID', 'value': '064470307'}, 'picture': {'large': 'https://randomuser.me/api/portraits/men/90.jpg', 'medium': 'https://randomuser.me/api/portraits/med/men/90.jpg', 'thumbnail': 'https://randomuser.me/api/portraits/thumb/men/90.jpg'}, 'nat': 'RS'}], 'info': {'seed': 'ffbaef0f9f1a66d7', 'results': 1, 'page': 1, 'version': '1.4'}}</msg>
<arg>${json_data}</arg>
<doc>Logs the given message with the given level.</doc>
<status status="PASS" start="2024-06-10T07:14:27.910663" elapsed="0.000255"/>
</kw>
<kw name="Should Be String" owner="String">
<arg>${json_data['results'][0]['gender']}</arg>
<doc>Fails if the given ``item`` is not a string.</doc>
<status status="PASS" start="2024-06-10T07:14:27.911226" elapsed="0.000403"/>
</kw>
<kw name="Should Match Regexp" owner="BuiltIn">
<arg>${json_data['results'][0]['email']}</arg>
<arg>^[a-zA-Z0-9._%+-]+@[a-zA-Z0-9.-]+\.[a-zA-Z]{2,}$</arg>
<doc>Fails if ``string`` does not match ``pattern`` as a regular expression.</doc>
<status status="PASS" start="2024-06-10T07:14:27.911842" elapsed="0.000661"/>
</kw>
<kw name="Should Match Regexp" owner="BuiltIn">
<arg>${json_data['results'][0]['dob']['date']}</arg>
<arg>\\d{4}-\\d{2}-\\d{2}T\\d{2}:\\d{2}:\\d{2}\\.\\d{3}Z</arg>
<doc>Fails if ``string`` does not match ``pattern`` as a regular expression.</doc>
<status status="PASS" start="2024-06-10T07:14:27.912708" elapsed="0.000498"/>
</kw>
<kw name="Should Match Regexp" owner="BuiltIn">
<arg>${json_data['results'][0]['registered']['date']}</arg>
<arg>\\d{4}-\\d{2}-\\d{2}T\\d{2}:\\d{2}:\\d{2}\\.\\d{3}Z</arg>
<doc>Fails if ``string`` does not match ``pattern`` as a regular expression.</doc>
<status status="PASS" start="2024-06-10T07:14:27.913402" elapsed="0.000370"/>
</kw>
<kw name="Should Match Regexp" owner="BuiltIn">
<arg>${json_data['results'][0]['picture']['large']}</arg>
<arg>^https?://.*\.(?:png|jpe?g|gif|bmp)$</arg>
<doc>Fails if ``string`` does not match ``pattern`` as a regular expression.</doc>
<status status="PASS" start="2024-06-10T07:14:27.913962" elapsed="0.000465"/>
</kw>
<kw name="Should Match Regexp" owner="BuiltIn">
<arg>${json_data['results'][0]['picture']['medium']}</arg>
<arg>^https?://.*\.(?:png|jpe?g|gif|bmp)$</arg>
<doc>Fails if ``string`` does not match ``pattern`` as a regular expression.</doc>
<status status="PASS" start="2024-06-10T07:14:27.914645" elapsed="0.000361"/>
</kw>
<kw name="Should Match Regexp" owner="BuiltIn">
<arg>${json_data['results'][0]['picture']['thumbnail']}</arg>
<arg>^https?://.*\.(?:png|jpe?g|gif|bmp)$</arg>
<doc>Fails if ``string`` does not match ``pattern`` as a regular expression.</doc>
<status status="PASS" start="2024-06-10T07:14:27.915197" elapsed="0.000354"/>
</kw>
<kw name="Log" owner="BuiltIn">
<msg time="2024-06-10T07:14:27.916060" level="INFO">{'large': 'https://randomuser.me/api/portraits/men/90.jpg', 'medium': 'https://randomuser.me/api/portraits/med/men/90.jpg', 'thumbnail': 'https://randomuser.me/api/portraits/thumb/men/90.jpg'}</msg>
<arg>${json_data['results'][0]['picture']}</arg>
<doc>Logs the given message with the given level.</doc>
<status status="PASS" start="2024-06-10T07:14:27.915735" elapsed="0.000367"/>
</kw>
<status status="PASS" start="2024-06-10T07:14:27.831873" elapsed="0.084484"/>
</kw>
<kw name="Teste de Tipos de Dados - Postcode" owner="random-user-service">
<kw name="GET On Session" owner="RequestsLibrary">
<msg time="2024-06-10T07:14:28.012231" level="INFO">GET Request : url=https://randomuser.me/api 
 path_url=/api 
 headers={'User-Agent': 'python-requests/2.32.3', 'Accept-Encoding': 'gzip, deflate', 'Accept': '*/*', 'Connection': 'keep-alive'} 
 body=None 
 </msg>
<msg time="2024-06-10T07:14:28.012313" level="INFO">GET Response : url=https://randomuser.me/api 
 status=200, reason=OK 
 headers={'Date': 'Mon, 10 Jun 2024 07:14:28 GMT', 'Content-Type': 'application/json; charset=utf-8', 'Transfer-Encoding': 'chunked', 'Connection': 'keep-alive', 'X-Powered-By': 'Express', 'Access-Control-Allow-Origin': '*', 'Cache-Control': 'no-cache', 'ETag': 'W/"499-yPmn7+fenYHsi/6MCMP1gh1iIB4"', 'Vary': 'Accept-Encoding', 'Content-Encoding': 'gzip', 'CF-Cache-Status': 'DYNAMIC', 'Report-To': '{"endpoints":[{"url":"https:\\/\\/a.nel.cloudflare.com\\/report\\/v4?s=0MlCZ6ERCcl3WnrsvoytfZk0jrfM4WDbcxjfUKx%2B4migxO0Pc%2BfqveId4mVaHJL6jeEwUtuh6rrSa9Jfch6IBu4xSF6LElhWbpS9%2Fl5NPqGAYcN8Qg5YuZNkwD6b97j5"}],"group":"cf-nel","max_age":604800}', 'NEL': '{"success_fraction":0,"report_to":"cf-nel","max_age":604800}', 'Server': 'cloudflare', 'CF-RAY': '8917908c7ac0b46e-ORD', 'alt-svc': 'h3=":443"; ma=86400'} 
 body={"results":[{"gender":"female","name":{"title":"Mrs","first":"Elizabeth","last":"Harris"},"location":{"street":{"number":8924,"name":"Guyton Street"},"city":"Masterton","state":"Gisborne","country":"New Zealand","postcode":61595,"coordinates":{"latitude":"48.5569","longitude":"100.5531"},"timezone":{"offset":"+3:00","description":"Baghdad, Riyadh, Moscow, St. Petersburg"}},"email":"elizabeth.harris@example.com","login":{"uuid":"3458e563-9701-44e1-a0da-2451859eace0","username":"reddog334","password":"storage","salt":"Ddgr4d5a","md5":"97b68cd327f424b8bebb4ada57ebc6ee","sha1":"4857459f19d2f9ed8ab77ab098f0658687cf24a2","sha256":"d77af22ef4fd4a87896f447793075be8b8b89ff5d8fca014171c65934c1fc163"},"dob":{"date":"1964-09-05T03:05:56.242Z","age":59},"registered":{"date":"2003-12-03T22:26:44.682Z","age":20},"phone":"(359)-679-0223","cell":"(656)-098-0841","id":{"name":"","value":null},"picture":{"large":"https://randomuser.me/api/portraits/women/49.jpg","medium":"https://randomuser.me/api/portraits/med/women/49.jpg","thumbnail":"https://randomuser.me/api/portraits/thumb/women/49.jpg"},"nat":"NZ"}],"info":{"seed":"827a07ca808d98e8","results":1,"page":1,"version":"1.4"}} 
 </msg>
<msg time="2024-06-10T07:14:28.012385" level="INFO">/opt/hostedtoolcache/Python/3.12.3/x64/lib/python3.12/site-packages/urllib3/connectionpool.py:1103: InsecureRequestWarning: Unverified HTTPS request is being made to host 'randomuser.me'. Adding certificate verification is strongly advised. See: https://urllib3.readthedocs.io/en/latest/advanced-usage.html#tls-warnings
  warnings.warn(</msg>
<msg time="2024-06-10T07:14:28.012493" level="INFO">${response} = &lt;Response [200]&gt;</msg>
<var>${response}</var>
<arg>consultarAPI</arg>
<arg>/api</arg>
<doc>Sends a GET request on a previously created HTTP Session.</doc>
<status status="PASS" start="2024-06-10T07:14:27.916804" elapsed="0.095718"/>
</kw>
<kw name="Set Variable" owner="BuiltIn">
<msg time="2024-06-10T07:14:28.013446" level="INFO">${json_data} = {'results': [{'gender': 'female', 'name': {'title': 'Mrs', 'first': 'Elizabeth', 'last': 'Harris'}, 'location': {'street': {'number': 8924, 'name': 'Guyton Street'}, 'city': 'Masterton', 'state': 'Gis...</msg>
<var>${json_data}</var>
<arg>${response.json()}</arg>
<doc>Returns the given values which can then be assigned to a variables.</doc>
<status status="PASS" start="2024-06-10T07:14:28.012976" elapsed="0.000507"/>
</kw>
<kw name="Log" owner="BuiltIn">
<msg time="2024-06-10T07:14:28.013951" level="INFO">{'results': [{'gender': 'female', 'name': {'title': 'Mrs', 'first': 'Elizabeth', 'last': 'Harris'}, 'location': {'street': {'number': 8924, 'name': 'Guyton Street'}, 'city': 'Masterton', 'state': 'Gisborne', 'country': 'New Zealand', 'postcode': 61595, 'coordinates': {'latitude': '48.5569', 'longitude': '100.5531'}, 'timezone': {'offset': '+3:00', 'description': 'Baghdad, Riyadh, Moscow, St. Petersburg'}}, 'email': 'elizabeth.harris@example.com', 'login': {'uuid': '3458e563-9701-44e1-a0da-2451859eace0', 'username': 'reddog334', 'password': 'storage', 'salt': 'Ddgr4d5a', 'md5': '97b68cd327f424b8bebb4ada57ebc6ee', 'sha1': '4857459f19d2f9ed8ab77ab098f0658687cf24a2', 'sha256': 'd77af22ef4fd4a87896f447793075be8b8b89ff5d8fca014171c65934c1fc163'}, 'dob': {'date': '1964-09-05T03:05:56.242Z', 'age': 59}, 'registered': {'date': '2003-12-03T22:26:44.682Z', 'age': 20}, 'phone': '(359)-679-0223', 'cell': '(656)-098-0841', 'id': {'name': '', 'value': None}, 'picture': {'large': 'https://randomuser.me/api/portraits/women/49.jpg', 'medium': 'https://randomuser.me/api/portraits/med/women/49.jpg', 'thumbnail': 'https://randomuser.me/api/portraits/thumb/women/49.jpg'}, 'nat': 'NZ'}], 'info': {'seed': '827a07ca808d98e8', 'results': 1, 'page': 1, 'version': '1.4'}}</msg>
<arg>${json_data}</arg>
<doc>Logs the given message with the given level.</doc>
<status status="PASS" start="2024-06-10T07:14:28.013797" elapsed="0.000248"/>
</kw>
<kw name="Should Be Equal As Numbers" owner="BuiltIn">
<arg>${json_data['results'][0]['location']['postcode']}</arg>
<arg>${json_data['results'][0]['location']['postcode']}</arg>
<doc>Fails if objects are unequal after converting them to real numbers.</doc>
<status status="PASS" start="2024-06-10T07:14:28.014350" elapsed="0.000666"/>
</kw>
<kw name="Log" owner="BuiltIn">
<msg time="2024-06-10T07:14:28.015564" level="INFO">61595</msg>
<arg>${json_data['results'][0]['location']['postcode']}</arg>
<doc>Logs the given message with the given level.</doc>
<status status="PASS" start="2024-06-10T07:14:28.015213" elapsed="0.000399"/>
</kw>
<status status="PASS" start="2024-06-10T07:14:27.916578" elapsed="0.099291"/>
</kw>
<doc>Testa se os tipos de dados na resposta da API estão corretos.</doc>
<tag>testeTiposDados</tag>
<status status="PASS" start="2024-06-10T07:14:27.831399" elapsed="0.184641"/>
</test>
<test id="s1-s1-t5" name="Validar conteudo" line="35">
<kw name="Teste de Tipos de Conteudo" owner="random-user-service">
<kw name="GET On Session" owner="RequestsLibrary">
<msg time="2024-06-10T07:14:28.120582" level="INFO">GET Request : url=https://randomuser.me/api 
 path_url=/api 
 headers={'User-Agent': 'python-requests/2.32.3', 'Accept-Encoding': 'gzip, deflate', 'Accept': '*/*', 'Connection': 'keep-alive'} 
 body=None 
 </msg>
<msg time="2024-06-10T07:14:28.120696" level="INFO">GET Response : url=https://randomuser.me/api 
 status=200, reason=OK 
 headers={'Date': 'Mon, 10 Jun 2024 07:14:28 GMT', 'Content-Type': 'application/json; charset=utf-8', 'Transfer-Encoding': 'chunked', 'Connection': 'keep-alive', 'X-Powered-By': 'Express', 'Access-Control-Allow-Origin': '*', 'Cache-Control': 'no-cache', 'ETag': 'W/"48d-kjsQ0qQwwqy3RzLNasgzQVtBTY0"', 'Vary': 'Accept-Encoding', 'Content-Encoding': 'gzip', 'CF-Cache-Status': 'DYNAMIC', 'Report-To': '{"endpoints":[{"url":"https:\\/\\/a.nel.cloudflare.com\\/report\\/v4?s=5CK1mhcXqIpXIEotXmRX79kSkIWoKpNBPdQz8oXMJ3trW%2B2u0kvu8giTWh0u%2FrfLPG0RvU9%2BSvn8RaUzdp1B5pEBbKVhhFxrp69PmjfDCfLURnrO5ZVPEBaylSpaEdnf"}],"group":"cf-nel","max_age":604800}', 'NEL': '{"success_fraction":0,"report_to":"cf-nel","max_age":604800}', 'Server': 'cloudflare', 'CF-RAY': '8917908d1b1eb46e-ORD', 'alt-svc': 'h3=":443"; ma=86400'} 
 body={"results":[{"gender":"female","name":{"title":"Miss","first":"Ruža","last":"Stevanović"},"location":{"street":{"number":7049,"name":"Kriljevska"},"city":"Ub","state":"Srem","country":"Serbia","postcode":54950,"coordinates":{"latitude":"58.7944","longitude":"45.8937"},"timezone":{"offset":"-5:00","description":"Eastern Time (US &amp; Canada), Bogota, Lima"}},"email":"ruza.stevanovic@example.com","login":{"uuid":"bc04b6dd-7fdc-4f99-bd77-2a6e6424b525","username":"lazydog685","password":"juanita","salt":"92X9KMR1","md5":"e6a03f90562bdd67bd9b596f1f225c30","sha1":"08cf1ab9533cf46cc38f8a9a2da30ebe9f72451b","sha256":"25a08a162e1aa5e0d758eba2f29d28bd331fbcaa972263e6dadb44709df43808"},"dob":{"date":"1968-09-17T13:35:31.492Z","age":55},"registered":{"date":"2020-04-16T09:49:15.216Z","age":4},"phone":"011-2731-398","cell":"060-4803-429","id":{"name":"SID","value":"246098307"},"picture":{"large":"https://randomuser.me/api/portraits/women/41.jpg","medium":"https://randomuser.me/api/portraits/med/women/41.jpg","thumbnail":"https://randomuser.me/api/portraits/thumb/women/41.jpg"},"nat":"RS"}],"info":{"seed":"128db040d430cfd9","results":1,"page":1,"version":"1.4"}} 
 </msg>
<msg time="2024-06-10T07:14:28.120786" level="INFO">/opt/hostedtoolcache/Python/3.12.3/x64/lib/python3.12/site-packages/urllib3/connectionpool.py:1103: InsecureRequestWarning: Unverified HTTPS request is being made to host 'randomuser.me'. Adding certificate verification is strongly advised. See: https://urllib3.readthedocs.io/en/latest/advanced-usage.html#tls-warnings
  warnings.warn(</msg>
<msg time="2024-06-10T07:14:28.120929" level="INFO">${response} = &lt;Response [200]&gt;</msg>
<var>${response}</var>
<arg>consultarAPI</arg>
<arg>/api</arg>
<doc>Sends a GET request on a previously created HTTP Session.</doc>
<status status="PASS" start="2024-06-10T07:14:28.018514" elapsed="0.102464"/>
</kw>
<kw name="Set Variable" owner="BuiltIn">
<msg time="2024-06-10T07:14:28.122121" level="INFO">${json_data} = {'results': [{'gender': 'female', 'name': {'title': 'Miss', 'first': 'Ruža', 'last': 'Stevanović'}, 'location': {'street': {'number': 7049, 'name': 'Kriljevska'}, 'city': 'Ub', 'state': 'Srem', 'count...</msg>
<var>${json_data}</var>
<arg>${response.json()}</arg>
<doc>Returns the given values which can then be assigned to a variables.</doc>
<status status="PASS" start="2024-06-10T07:14:28.121600" elapsed="0.000553"/>
</kw>
<kw name="Set Variable" owner="BuiltIn">
<msg time="2024-06-10T07:14:28.122951" level="INFO">${name_title} = Miss</msg>
<var>${name_title}</var>
<arg>${json_data["results"][0]["name"]["title"]}</arg>
<doc>Returns the given values which can then be assigned to a variables.</doc>
<status status="PASS" start="2024-06-10T07:14:28.122508" elapsed="0.000468"/>
</kw>
<kw name="Create List" owner="BuiltIn">
<msg time="2024-06-10T07:14:28.123434" level="INFO">${allowed_titles} = ['Mr', 'Ms', 'Miss', 'Mrs', 'Madame', 'Monsieur']</msg>
<var>${allowed_titles}</var>
<arg>Mr</arg>
<arg>Ms</arg>
<arg>Miss</arg>
<arg>Mrs</arg>
<arg>Madame</arg>
<arg>Monsieur</arg>
<doc>Returns a list containing given items.</doc>
<status status="PASS" start="2024-06-10T07:14:28.123283" elapsed="0.000175"/>
</kw>
<kw name="List Should Contain Value" owner="Collections">
<msg time="2024-06-10T07:14:28.123950" level="INFO">False</msg>
<arg>${allowed_titles}</arg>
<arg>${name_title}</arg>
<doc>Fails if the ``value`` is not found from ``list``.</doc>
<status status="PASS" start="2024-06-10T07:14:28.123762" elapsed="0.000224"/>
</kw>
<kw name="Set Variable" owner="BuiltIn">
<msg time="2024-06-10T07:14:28.124851" level="INFO">${name_country} = RS</msg>
<var>${name_country}</var>
<arg>${json_data["results"][0]["nat"]}</arg>
<doc>Returns the given values which can then be assigned to a variables.</doc>
<status status="PASS" start="2024-06-10T07:14:28.124282" elapsed="0.000594"/>
</kw>
<kw name="Create List" owner="BuiltIn">
<msg time="2024-06-10T07:14:28.125840" level="INFO">${list_country} = ['AD', 'AE', 'AF', 'AG', 'AI', 'AL', 'AM', 'AO', 'AQ', 'AR', 'AS', 'AT', 'AU', 'AW', 'AX', 'AZ', 'BA', 'BB', 'BD', 'BE', 'BF', 'BG', 'BH', 'BI', 'BJ', 'BL', 'BM', 'BN', 'BO', 'BQ', 'BR', 'BS', 'BT', '...</msg>
<var>${list_country}</var>
<arg>AD</arg>
<arg>AE</arg>
<arg>AF</arg>
<arg>AG</arg>
<arg>AI</arg>
<arg>AL</arg>
<arg>AM</arg>
<arg>AO</arg>
<arg>AQ</arg>
<arg>AR</arg>
<arg>AS</arg>
<arg>AT</arg>
<arg>AU</arg>
<arg>AW</arg>
<arg>AX</arg>
<arg>AZ</arg>
<arg>BA</arg>
<arg>BB</arg>
<arg>BD</arg>
<arg>BE</arg>
<arg>BF</arg>
<arg>BG</arg>
<arg>BH</arg>
<arg>BI</arg>
<arg>BJ</arg>
<arg>BL</arg>
<arg>BM</arg>
<arg>BN</arg>
<arg>BO</arg>
<arg>BQ</arg>
<arg>BR</arg>
<arg>BS</arg>
<arg>BT</arg>
<arg>BV</arg>
<arg>BW</arg>
<arg>BY</arg>
<arg>BZ</arg>
<arg>CA</arg>
<arg>CC</arg>
<arg>CD</arg>
<arg>CF</arg>
<arg>CG</arg>
<arg>CH</arg>
<arg>CI</arg>
<arg>CK</arg>
<arg>CL</arg>
<arg>CM</arg>
<arg>CN</arg>
<arg>CO</arg>
<arg>CR</arg>
<arg>CU</arg>
<arg>CV</arg>
<arg>CW</arg>
<arg>CX</arg>
<arg>CY</arg>
<arg>CZ</arg>
<arg>DE</arg>
<arg>DJ</arg>
<arg>DK</arg>
<arg>DM</arg>
<arg>DO</arg>
<arg>DZ</arg>
<arg>EC</arg>
<arg>EE</arg>
<arg>EG</arg>
<arg>EH</arg>
<arg>ER</arg>
<arg>ES</arg>
<arg>ET</arg>
<arg>FI</arg>
<arg>FJ</arg>
<arg>FK</arg>
<arg>FM</arg>
<arg>FO</arg>
<arg>FR</arg>
<arg>GA</arg>
<arg>GB</arg>
<arg>GD</arg>
<arg>GE</arg>
<arg>GF</arg>
<arg>GG</arg>
<arg>GH</arg>
<arg>GI</arg>
<arg>GL</arg>
<arg>GM</arg>
<arg>GN</arg>
<arg>GP</arg>
<arg>GQ</arg>
<arg>GR</arg>
<arg>GS</arg>
<arg>GT</arg>
<arg>GU</arg>
<arg>GW</arg>
<arg>GY</arg>
<arg>HK</arg>
<arg>HM</arg>
<arg>HN</arg>
<arg>HR</arg>
<arg>HT</arg>
<arg>HU</arg>
<arg>ID</arg>
<arg>IE</arg>
<arg>IL</arg>
<arg>IM</arg>
<arg>IN</arg>
<arg>IO</arg>
<arg>IQ</arg>
<arg>IR</arg>
<arg>IS</arg>
<arg>IT</arg>
<arg>JE</arg>
<arg>JM</arg>
<arg>JO</arg>
<arg>JP</arg>
<arg>KE</arg>
<arg>KG</arg>
<arg>KH</arg>
<arg>KI</arg>
<arg>KM</arg>
<arg>KN</arg>
<arg>KP</arg>
<arg>KR</arg>
<arg>KW</arg>
<arg>KY</arg>
<arg>KZ</arg>
<arg>LA</arg>
<arg>LB</arg>
<arg>LC</arg>
<arg>LI</arg>
<arg>LK</arg>
<arg>LR</arg>
<arg>LS</arg>
<arg>LT</arg>
<arg>LU</arg>
<arg>LV</arg>
<arg>LY</arg>
<arg>MA</arg>
<arg>MC</arg>
<arg>MD</arg>
<arg>ME</arg>
<arg>MF</arg>
<arg>MG</arg>
<arg>MH</arg>
<arg>MK</arg>
<arg>ML</arg>
<arg>MM</arg>
<arg>MN</arg>
<arg>MO</arg>
<arg>MP</arg>
<arg>MQ</arg>
<arg>MR</arg>
<arg>MS</arg>
<arg>MT</arg>
<arg>MU</arg>
<arg>MV</arg>
<arg>MW</arg>
<arg>MX</arg>
<arg>MY</arg>
<arg>MZ</arg>
<arg>NA</arg>
<arg>NC</arg>
<arg>NE</arg>
<arg>NF</arg>
<arg>NG</arg>
<arg>NI</arg>
<arg>NL</arg>
<arg>NO</arg>
<arg>NP</arg>
<arg>NR</arg>
<arg>NU</arg>
<arg>NZ</arg>
<arg>OM</arg>
<arg>PA</arg>
<arg>PE</arg>
<arg>PF</arg>
<arg>PG</arg>
<arg>PH</arg>
<arg>PK</arg>
<arg>PL</arg>
<arg>PM</arg>
<arg>PN</arg>
<arg>PR</arg>
<arg>PS</arg>
<arg>PT</arg>
<arg>PW</arg>
<arg>PY</arg>
<arg>QA</arg>
<arg>RE</arg>
<arg>RO</arg>
<arg>RS</arg>
<arg>RU</arg>
<arg>RW</arg>
<arg>SA</arg>
<arg>SB</arg>
<arg>SC</arg>
<arg>SD</arg>
<arg>SE</arg>
<arg>SG</arg>
<arg>SH</arg>
<arg>SI</arg>
<arg>SJ</arg>
<arg>SK</arg>
<arg>SL</arg>
<arg>SM</arg>
<arg>SN</arg>
<arg>SO</arg>
<arg>SR</arg>
<arg>SS</arg>
<arg>ST</arg>
<arg>SV</arg>
<arg>SX</arg>
<arg>SY</arg>
<arg>SZ</arg>
<arg>TC</arg>
<arg>TD</arg>
<arg>TF</arg>
<arg>TG</arg>
<arg>TH</arg>
<arg>TJ</arg>
<arg>TK</arg>
<arg>TL</arg>
<arg>TM</arg>
<arg>TN</arg>
<arg>TO</arg>
<arg>TR</arg>
<arg>TT</arg>
<arg>TV</arg>
<arg>TW</arg>
<arg>TZ</arg>
<arg>UA</arg>
<arg>UG</arg>
<arg>UM</arg>
<arg>US</arg>
<arg>UY</arg>
<arg>UZ</arg>
<arg>VA</arg>
<arg>VC</arg>
<arg>VE</arg>
<arg>VG</arg>
<arg>VI</arg>
<arg>VN</arg>
<arg>VU</arg>
<arg>WF</arg>
<arg>WS</arg>
<arg>XK</arg>
<arg>YE</arg>
<arg>YT</arg>
<arg>ZA</arg>
<arg>ZM</arg>
<arg>ZW</arg>
<doc>Returns a list containing given items.</doc>
<status status="PASS" start="2024-06-10T07:14:28.125205" elapsed="0.000662"/>
</kw>
<kw name="List Should Contain Value" owner="Collections">
<msg time="2024-06-10T07:14:28.126908" level="INFO">False</msg>
<arg>${list_country}</arg>
<arg>${name_country}</arg>
<doc>Fails if the ``value`` is not found from ``list``.</doc>
<status status="PASS" start="2024-06-10T07:14:28.126691" elapsed="0.000253"/>
</kw>
<kw name="Run Keyword If" owner="BuiltIn">
<kw name="Should Be True" owner="BuiltIn">
<arg>${True}</arg>
<doc>Fails if the given condition is not true.</doc>
<status status="PASS" start="2024-06-10T07:14:28.128107" elapsed="0.000147"/>
</kw>
<arg>${json_data["results"][0]["location"]["coordinates"]["latitude"]} &gt;= -90 and ${json_data["results"][0]["location"]["coordinates"]["latitude"]} &lt;= 90</arg>
<arg>Should Be True</arg>
<arg>${True}</arg>
<doc>Runs the given keyword with the given arguments, if ``condition`` is true.</doc>
<status status="PASS" start="2024-06-10T07:14:28.127262" elapsed="0.001120"/>
</kw>
<kw name="Run Keyword If" owner="BuiltIn">
<kw name="Should Be True" owner="BuiltIn">
<arg>${True}</arg>
<doc>Fails if the given condition is not true.</doc>
<status status="PASS" start="2024-06-10T07:14:28.129269" elapsed="0.000140"/>
</kw>
<arg>${json_data["results"][0]["location"]["coordinates"]["longitude"]} &gt;= -180 and ${json_data["results"][0]["location"]["coordinates"]["longitude"]} &lt;= 180</arg>
<arg>Should Be True</arg>
<arg>${True}</arg>
<doc>Runs the given keyword with the given arguments, if ``condition`` is true.</doc>
<status status="PASS" start="2024-06-10T07:14:28.128573" elapsed="0.000960"/>
</kw>
<status status="PASS" start="2024-06-10T07:14:28.018277" elapsed="0.111388"/>
</kw>
<doc>Testa o conteúdo específico dos campos retornados pela API.</doc>
<tag>testeConteudo</tag>
<status status="PASS" start="2024-06-10T07:14:28.017807" elapsed="0.112016"/>
</test>
<status status="PASS" start="2024-06-10T07:14:27.196793" elapsed="0.935012"/>
</suite>
<status status="PASS" start="2024-06-10T07:14:27.183207" elapsed="0.953876"/>
</suite>
<statistics>
<total>
<stat pass="5" fail="0" skip="0">All Tests</stat>
</total>
<tag>
<stat pass="1" fail="0" skip="0">testeConteudo</stat>
<stat pass="1" fail="0" skip="0">testeEstruturaResposta</stat>
<stat pass="1" fail="0" skip="0">testeRequisicaoBasica</stat>
<stat pass="1" fail="0" skip="0">testeTiposDados</stat>
</tag>
<suite>
<stat pass="5" fail="0" skip="0" id="s1" name="Tests">Tests</stat>
<stat pass="5" fail="0" skip="0" id="s1-s1" name="Random-User-Test">Tests.Random-User-Test</stat>
</suite>
</statistics>
<errors>
</errors>
</robot>
