<?xml version="1.0" encoding="UTF-8"?>
<robot generator="Robot 7.0.1 (Python 3.12.4 on linux)" generated="2024-08-07T11:12:51.245256" rpa="false" schemaversion="5">
<suite id="s1" name="Tests" source="/home/runner/work/ApiRandomUser/ApiRandomUser/RamdonUser/tests">
<suite id="s1-s1" name="Random-User-Test" source="/home/runner/work/ApiRandomUser/ApiRandomUser/RamdonUser/tests/random-user-test.robot">
<test id="s1-s1-t1" name="Conectar" line="13">
<kw name="Conectar API" owner="random-user-service">
<kw name="Create Session" owner="RequestsLibrary">
<msg time="2024-08-07T11:12:51.652491" level="INFO">Creating Session using : alias=consultarAPI, url=https://randomuser.me/, headers={},                     cookies={}, auth=None, timeout=None, proxies=None, verify=False,                     debug=0 </msg>
<arg>consultarAPI</arg>
<arg>${URL}</arg>
<doc>Create Session: create a HTTP session to a server</doc>
<status status="PASS" start="2024-08-07T11:12:51.652286" elapsed="0.000397"/>
</kw>
<status status="PASS" start="2024-08-07T11:12:51.651206" elapsed="0.001848"/>
</kw>
<status status="PASS" start="2024-08-07T11:12:51.650628" elapsed="0.002617"/>
</test>
<test id="s1-s1-t2" name="Validar retorno 200 e JSON Válido" line="16">
<kw name="Teste de Requisicao Basica" owner="random-user-service">
<kw name="GET On Session" owner="RequestsLibrary">
<msg time="2024-08-07T11:12:52.045557" level="INFO">GET Request : url=https://randomuser.me/api 
 path_url=/api 
 headers={'User-Agent': 'python-requests/2.32.3', 'Accept-Encoding': 'gzip, deflate', 'Accept': '*/*', 'Connection': 'keep-alive'} 
 body=None 
 </msg>
<msg time="2024-08-07T11:12:52.045738" level="INFO">GET Response : url=https://randomuser.me/api 
 status=200, reason=OK 
 headers={'Date': 'Wed, 07 Aug 2024 11:12:52 GMT', 'Content-Type': 'application/json; charset=utf-8', 'Transfer-Encoding': 'chunked', 'Connection': 'keep-alive', 'X-Powered-By': 'Express', 'Access-Control-Allow-Origin': '*', 'Cache-Control': 'no-cache', 'ETag': 'W/"48e-FNNWqhjEBQppsXSCn1bBz2UWmIk"', 'Vary': 'Accept-Encoding', 'Content-Encoding': 'gzip', 'CF-Cache-Status': 'DYNAMIC', 'Report-To': '{"endpoints":[{"url":"https:\\/\\/a.nel.cloudflare.com\\/report\\/v4?s=Qg7Z2dfxKdcNs91dv%2BOuGGaYZ%2BTJ%2Brl4OaGf3dhyIiJ%2BMHV2AIhqsdDIBO51CrYCidLg%2BAnEO7thxM6yUTGDiyS3qzk0J7DkFbUWNnfSbRNbrsCqkvuBTVaaWgEAzbNS"}],"group":"cf-nel","max_age":604800}', 'NEL': '{"success_fraction":0,"report_to":"cf-nel","max_age":604800}', 'Server': 'cloudflare', 'CF-RAY': '8af6d58328222940-ORD', 'alt-svc': 'h3=":443"; ma=86400'} 
 body={"results":[{"gender":"male","name":{"title":"Mr","first":"علی","last":"سلطانی نژاد"},"location":{"street":{"number":6127,"name":"هویزه"},"city":"اراک","state":"هرمزگان","country":"Iran","postcode":27294,"coordinates":{"latitude":"16.2197","longitude":"-151.9871"},"timezone":{"offset":"+5:30","description":"Bombay, Calcutta, Madras, New Delhi"}},"email":"aaly.sltnynjd@example.com","login":{"uuid":"95b9d0b3-6753-4e4d-98a7-c5aaa38d8df6","username":"redkoala802","password":"landon","salt":"ABun3q1t","md5":"d7e5adc29cf46e156905e4061af4f086","sha1":"156ec054aca36b1fd86bdcd788dd2a4c950c6a28","sha256":"6a792f7a8f180dac5e14d5c5b1df28544e107af29cbd3172f55346cbac4dacaf"},"dob":{"date":"1963-09-23T18:12:32.675Z","age":60},"registered":{"date":"2015-12-22T12:13:43.067Z","age":8},"phone":"062-58589476","cell":"0931-862-3154","id":{"name":"","value":null},"picture":{"large":"https://randomuser.me/api/portraits/men/64.jpg","medium":"https://randomuser.me/api/portraits/med/men/64.jpg","thumbnail":"https://randomuser.me/api/portraits/thumb/men/64.jpg"},"nat":"IR"}],"info":{"seed":"17912b91421b85e5","results":1,"page":1,"version":"1.4"}} 
 </msg>
<msg time="2024-08-07T11:12:52.045834" level="INFO">/opt/hostedtoolcache/Python/3.12.4/x64/lib/python3.12/site-packages/urllib3/connectionpool.py:1099: InsecureRequestWarning: Unverified HTTPS request is being made to host 'randomuser.me'. Adding certificate verification is strongly advised. See: https://urllib3.readthedocs.io/en/latest/advanced-usage.html#tls-warnings
  warnings.warn(</msg>
<msg time="2024-08-07T11:12:52.045992" level="INFO">${response} = &lt;Response [200]&gt;</msg>
<var>${response}</var>
<arg>consultarAPI</arg>
<arg>/api</arg>
<doc>Sends a GET request on a previously created HTTP Session.</doc>
<status status="PASS" start="2024-08-07T11:12:51.655864" elapsed="0.390169"/>
</kw>
<kw name="Should Be Equal As Numbers" owner="BuiltIn">
<msg time="2024-08-07T11:12:52.047146" level="INFO">Argument types are:
&lt;class 'int'&gt;
&lt;class 'str'&gt;</msg>
<arg>${response.status_code}</arg>
<arg>200</arg>
<doc>Fails if objects are unequal after converting them to real numbers.</doc>
<status status="PASS" start="2024-08-07T11:12:52.046676" elapsed="0.000533"/>
</kw>
<kw name="Log" owner="BuiltIn">
<msg time="2024-08-07T11:12:52.047871" level="INFO">200</msg>
<arg>${response.status_code}</arg>
<doc>Logs the given message with the given level.</doc>
<status status="PASS" start="2024-08-07T11:12:52.047522" elapsed="0.000390"/>
</kw>
<kw name="Set Variable" owner="BuiltIn">
<msg time="2024-08-07T11:12:52.048653" level="INFO">${json_data} = {'results': [{'gender': 'male', 'name': {'title': 'Mr', 'first': 'علی', 'last': 'سلطانی نژاد'}, 'location': {'street': {'number': 6127, 'name': 'هویزه'}, 'city': 'اراک', 'state': 'هرمزگان', 'country':...</msg>
<var>${json_data}</var>
<arg>${response.json()}</arg>
<doc>Returns the given values which can then be assigned to a variables.</doc>
<status status="PASS" start="2024-08-07T11:12:52.048215" elapsed="0.000469"/>
</kw>
<kw name="Dictionary Should Contain Key" owner="Collections">
<arg>${json_data}</arg>
<arg>results</arg>
<doc>Fails if ``key`` is not found from ``dictionary``.</doc>
<status status="PASS" start="2024-08-07T11:12:52.048986" elapsed="0.000324"/>
</kw>
<status status="PASS" start="2024-08-07T11:12:51.655607" elapsed="0.393854"/>
</kw>
<doc>Testa se a API responde corretamente e retorna um objeto JSON válido.</doc>
<tag>testeRequisicaoBasica</tag>
<status status="PASS" start="2024-08-07T11:12:51.655152" elapsed="0.394480"/>
</test>
<test id="s1-s1-t3" name="Validar estrutura de resposta" line="22">
<kw name="Teste de Estrutura de Resposta" owner="random-user-service">
<kw name="GET On Session" owner="RequestsLibrary">
<msg time="2024-08-07T11:12:52.276936" level="INFO">GET Request : url=https://randomuser.me/api 
 path_url=/api 
 headers={'User-Agent': 'python-requests/2.32.3', 'Accept-Encoding': 'gzip, deflate', 'Accept': '*/*', 'Connection': 'keep-alive'} 
 body=None 
 </msg>
<msg time="2024-08-07T11:12:52.277051" level="INFO">GET Response : url=https://randomuser.me/api 
 status=200, reason=OK 
 headers={'Date': 'Wed, 07 Aug 2024 11:12:52 GMT', 'Content-Type': 'application/json; charset=utf-8', 'Transfer-Encoding': 'chunked', 'Connection': 'keep-alive', 'X-Powered-By': 'Express', 'Access-Control-Allow-Origin': '*', 'Cache-Control': 'no-cache', 'ETag': 'W/"4a6-sBVZsHtwVi6MBG1TynLwGmWDS/Y"', 'Vary': 'Accept-Encoding', 'Content-Encoding': 'gzip', 'CF-Cache-Status': 'DYNAMIC', 'Report-To': '{"endpoints":[{"url":"https:\\/\\/a.nel.cloudflare.com\\/report\\/v4?s=VFZwxQIiXoUYGBusT5DqwtMuL%2BLMYnnj9G8iqBB7ce5XiXh%2B2UIRZZ3AvpACkZKDfQ%2BCqsb2D1hlnR2rgqRHkCedcQGwzxpTHvrg7c2TfPo%2FBTBjwM75kEzWr8HatSDJ"}],"group":"cf-nel","max_age":604800}', 'NEL': '{"success_fraction":0,"report_to":"cf-nel","max_age":604800}', 'Server': 'cloudflare', 'CF-RAY': '8af6d585595a2940-ORD', 'alt-svc': 'h3=":443"; ma=86400'} 
 body={"results":[{"gender":"male","name":{"title":"Mr","first":"Marcos","last":"Concepción"},"location":{"street":{"number":7200,"name":"Cerrada Sur Valverde"},"city":"Carrizal Grande","state":"Queretaro","country":"Mexico","postcode":13996,"coordinates":{"latitude":"22.5638","longitude":"-27.6821"},"timezone":{"offset":"+4:00","description":"Abu Dhabi, Muscat, Baku, Tbilisi"}},"email":"marcos.concepcion@example.com","login":{"uuid":"a39b51a0-94de-476f-b7bb-abb4629c2fda","username":"sadpanda678","password":"jarrett","salt":"Jq23EA8l","md5":"b2d08f17ea3a890b16a125753f9082f1","sha1":"c93b33c07c7fb6c969b32944feb19c9b97a57757","sha256":"c2f06b3987c57f8b47806e6a86e117f4db1fa1714a35f4207b015544057b7bec"},"dob":{"date":"1987-01-21T01:09:41.045Z","age":37},"registered":{"date":"2016-09-11T19:03:02.065Z","age":7},"phone":"(641) 571 9860","cell":"(681) 566 5146","id":{"name":"NSS","value":"01 81 13 1999 7"},"picture":{"large":"https://randomuser.me/api/portraits/men/28.jpg","medium":"https://randomuser.me/api/portraits/med/men/28.jpg","thumbnail":"https://randomuser.me/api/portraits/thumb/men/28.jpg"},"nat":"MX"}],"info":{"seed":"9bda2aee53b19ab3","results":1,"page":1,"version":"1.4"}} 
 </msg>
<msg time="2024-08-07T11:12:52.277202" level="INFO">/opt/hostedtoolcache/Python/3.12.4/x64/lib/python3.12/site-packages/urllib3/connectionpool.py:1099: InsecureRequestWarning: Unverified HTTPS request is being made to host 'randomuser.me'. Adding certificate verification is strongly advised. See: https://urllib3.readthedocs.io/en/latest/advanced-usage.html#tls-warnings
  warnings.warn(</msg>
<msg time="2024-08-07T11:12:52.277356" level="INFO">${response} = &lt;Response [200]&gt;</msg>
<var>${response}</var>
<arg>consultarAPI</arg>
<arg>/api</arg>
<doc>Sends a GET request on a previously created HTTP Session.</doc>
<status status="PASS" start="2024-08-07T11:12:52.052167" elapsed="0.225231"/>
</kw>
<kw name="Set Variable" owner="BuiltIn">
<msg time="2024-08-07T11:12:52.278627" level="INFO">${json_data} = {'results': [{'gender': 'male', 'name': {'title': 'Mr', 'first': 'Marcos', 'last': 'Concepción'}, 'location': {'street': {'number': 7200, 'name': 'Cerrada Sur Valverde'}, 'city': 'Carrizal Grande', 's...</msg>
<var>${json_data}</var>
<arg>${response.json()}</arg>
<doc>Returns the given values which can then be assigned to a variables.</doc>
<status status="PASS" start="2024-08-07T11:12:52.278015" elapsed="0.000642"/>
</kw>
<kw name="Log" owner="BuiltIn">
<msg time="2024-08-07T11:12:52.279148" level="INFO">{'results': [{'gender': 'male', 'name': {'title': 'Mr', 'first': 'Marcos', 'last': 'Concepción'}, 'location': {'street': {'number': 7200, 'name': 'Cerrada Sur Valverde'}, 'city': 'Carrizal Grande', 'state': 'Queretaro', 'country': 'Mexico', 'postcode': 13996, 'coordinates': {'latitude': '22.5638', 'longitude': '-27.6821'}, 'timezone': {'offset': '+4:00', 'description': 'Abu Dhabi, Muscat, Baku, Tbilisi'}}, 'email': 'marcos.concepcion@example.com', 'login': {'uuid': 'a39b51a0-94de-476f-b7bb-abb4629c2fda', 'username': 'sadpanda678', 'password': 'jarrett', 'salt': 'Jq23EA8l', 'md5': 'b2d08f17ea3a890b16a125753f9082f1', 'sha1': 'c93b33c07c7fb6c969b32944feb19c9b97a57757', 'sha256': 'c2f06b3987c57f8b47806e6a86e117f4db1fa1714a35f4207b015544057b7bec'}, 'dob': {'date': '1987-01-21T01:09:41.045Z', 'age': 37}, 'registered': {'date': '2016-09-11T19:03:02.065Z', 'age': 7}, 'phone': '(641) 571 9860', 'cell': '(681) 566 5146', 'id': {'name': 'NSS', 'value': '01 81 13 1999 7'}, 'picture': {'large': 'https://randomuser.me/api/portraits/men/28.jpg', 'medium': 'https://randomuser.me/api/portraits/med/men/28.jpg', 'thumbnail': 'https://randomuser.me/api/portraits/thumb/men/28.jpg'}, 'nat': 'MX'}], 'info': {'seed': '9bda2aee53b19ab3', 'results': 1, 'page': 1, 'version': '1.4'}}</msg>
<arg>${json_data}</arg>
<doc>Logs the given message with the given level.</doc>
<status status="PASS" start="2024-08-07T11:12:52.278983" elapsed="0.000215"/>
</kw>
<kw name="Dictionary Should Contain Key" owner="Collections">
<arg>${json_data}</arg>
<arg>results</arg>
<doc>Fails if ``key`` is not found from ``dictionary``.</doc>
<status status="PASS" start="2024-08-07T11:12:52.279495" elapsed="0.000168"/>
</kw>
<kw name="Should Not Be Empty" owner="BuiltIn">
<msg time="2024-08-07T11:12:52.279975" level="INFO">Length is 2.</msg>
<arg>${json_data}</arg>
<doc>Verifies that the given item is not empty.</doc>
<status status="PASS" start="2024-08-07T11:12:52.279849" elapsed="0.000164"/>
</kw>
<kw name="Create List" owner="BuiltIn">
<msg time="2024-08-07T11:12:52.280458" level="INFO">${expected_keys} = ['gender', 'name', 'location', 'email', 'login']</msg>
<var>${expected_keys}</var>
<arg>gender</arg>
<arg>name</arg>
<arg>location</arg>
<arg>email</arg>
<arg>login</arg>
<doc>Returns a list containing given items.</doc>
<status status="PASS" start="2024-08-07T11:12:52.280301" elapsed="0.000183"/>
</kw>
<for flavor="IN">
<iter>
<kw name="Dictionary Should Contain Key" owner="Collections">
<arg>${json_data['results'][0]}</arg>
<arg>${key}</arg>
<doc>Fails if ``key`` is not found from ``dictionary``.</doc>
<status status="PASS" start="2024-08-07T11:12:52.281070" elapsed="0.000441"/>
</kw>
<kw name="Log" owner="BuiltIn">
<msg time="2024-08-07T11:12:52.282111" level="INFO">{'gender': 'male', 'name': {'title': 'Mr', 'first': 'Marcos', 'last': 'Concepción'}, 'location': {'street': {'number': 7200, 'name': 'Cerrada Sur Valverde'}, 'city': 'Carrizal Grande', 'state': 'Queretaro', 'country': 'Mexico', 'postcode': 13996, 'coordinates': {'latitude': '22.5638', 'longitude': '-27.6821'}, 'timezone': {'offset': '+4:00', 'description': 'Abu Dhabi, Muscat, Baku, Tbilisi'}}, 'email': 'marcos.concepcion@example.com', 'login': {'uuid': 'a39b51a0-94de-476f-b7bb-abb4629c2fda', 'username': 'sadpanda678', 'password': 'jarrett', 'salt': 'Jq23EA8l', 'md5': 'b2d08f17ea3a890b16a125753f9082f1', 'sha1': 'c93b33c07c7fb6c969b32944feb19c9b97a57757', 'sha256': 'c2f06b3987c57f8b47806e6a86e117f4db1fa1714a35f4207b015544057b7bec'}, 'dob': {'date': '1987-01-21T01:09:41.045Z', 'age': 37}, 'registered': {'date': '2016-09-11T19:03:02.065Z', 'age': 7}, 'phone': '(641) 571 9860', 'cell': '(681) 566 5146', 'id': {'name': 'NSS', 'value': '01 81 13 1999 7'}, 'picture': {'large': 'https://randomuser.me/api/portraits/men/28.jpg', 'medium': 'https://randomuser.me/api/portraits/med/men/28.jpg', 'thumbnail': 'https://randomuser.me/api/portraits/thumb/men/28.jpg'}, 'nat': 'MX'}</msg>
<arg>${json_data['results'][0]}</arg>
<doc>Logs the given message with the given level.</doc>
<status status="PASS" start="2024-08-07T11:12:52.281704" elapsed="0.000467"/>
</kw>
<kw name="Log" owner="BuiltIn">
<msg time="2024-08-07T11:12:52.282631" level="INFO">gender</msg>
<arg>${key}</arg>
<doc>Logs the given message with the given level.</doc>
<status status="PASS" start="2024-08-07T11:12:52.282499" elapsed="0.000172"/>
</kw>
<var name="${key}">gender</var>
<status status="PASS" start="2024-08-07T11:12:52.280943" elapsed="0.001946"/>
</iter>
<iter>
<kw name="Dictionary Should Contain Key" owner="Collections">
<arg>${json_data['results'][0]}</arg>
<arg>${key}</arg>
<doc>Fails if ``key`` is not found from ``dictionary``.</doc>
<status status="PASS" start="2024-08-07T11:12:52.283193" elapsed="0.000390"/>
</kw>
<kw name="Log" owner="BuiltIn">
<msg time="2024-08-07T11:12:52.284164" level="INFO">{'gender': 'male', 'name': {'title': 'Mr', 'first': 'Marcos', 'last': 'Concepción'}, 'location': {'street': {'number': 7200, 'name': 'Cerrada Sur Valverde'}, 'city': 'Carrizal Grande', 'state': 'Queretaro', 'country': 'Mexico', 'postcode': 13996, 'coordinates': {'latitude': '22.5638', 'longitude': '-27.6821'}, 'timezone': {'offset': '+4:00', 'description': 'Abu Dhabi, Muscat, Baku, Tbilisi'}}, 'email': 'marcos.concepcion@example.com', 'login': {'uuid': 'a39b51a0-94de-476f-b7bb-abb4629c2fda', 'username': 'sadpanda678', 'password': 'jarrett', 'salt': 'Jq23EA8l', 'md5': 'b2d08f17ea3a890b16a125753f9082f1', 'sha1': 'c93b33c07c7fb6c969b32944feb19c9b97a57757', 'sha256': 'c2f06b3987c57f8b47806e6a86e117f4db1fa1714a35f4207b015544057b7bec'}, 'dob': {'date': '1987-01-21T01:09:41.045Z', 'age': 37}, 'registered': {'date': '2016-09-11T19:03:02.065Z', 'age': 7}, 'phone': '(641) 571 9860', 'cell': '(681) 566 5146', 'id': {'name': 'NSS', 'value': '01 81 13 1999 7'}, 'picture': {'large': 'https://randomuser.me/api/portraits/men/28.jpg', 'medium': 'https://randomuser.me/api/portraits/med/men/28.jpg', 'thumbnail': 'https://randomuser.me/api/portraits/thumb/men/28.jpg'}, 'nat': 'MX'}</msg>
<arg>${json_data['results'][0]}</arg>
<doc>Logs the given message with the given level.</doc>
<status status="PASS" start="2024-08-07T11:12:52.283802" elapsed="0.000410"/>
</kw>
<kw name="Log" owner="BuiltIn">
<msg time="2024-08-07T11:12:52.284632" level="INFO">name</msg>
<arg>${key}</arg>
<doc>Logs the given message with the given level.</doc>
<status status="PASS" start="2024-08-07T11:12:52.284505" elapsed="0.000165"/>
</kw>
<var name="${key}">name</var>
<status status="PASS" start="2024-08-07T11:12:52.283076" elapsed="0.001808"/>
</iter>
<iter>
<kw name="Dictionary Should Contain Key" owner="Collections">
<arg>${json_data['results'][0]}</arg>
<arg>${key}</arg>
<doc>Fails if ``key`` is not found from ``dictionary``.</doc>
<status status="PASS" start="2024-08-07T11:12:52.285168" elapsed="0.000385"/>
</kw>
<kw name="Log" owner="BuiltIn">
<msg time="2024-08-07T11:12:52.286106" level="INFO">{'gender': 'male', 'name': {'title': 'Mr', 'first': 'Marcos', 'last': 'Concepción'}, 'location': {'street': {'number': 7200, 'name': 'Cerrada Sur Valverde'}, 'city': 'Carrizal Grande', 'state': 'Queretaro', 'country': 'Mexico', 'postcode': 13996, 'coordinates': {'latitude': '22.5638', 'longitude': '-27.6821'}, 'timezone': {'offset': '+4:00', 'description': 'Abu Dhabi, Muscat, Baku, Tbilisi'}}, 'email': 'marcos.concepcion@example.com', 'login': {'uuid': 'a39b51a0-94de-476f-b7bb-abb4629c2fda', 'username': 'sadpanda678', 'password': 'jarrett', 'salt': 'Jq23EA8l', 'md5': 'b2d08f17ea3a890b16a125753f9082f1', 'sha1': 'c93b33c07c7fb6c969b32944feb19c9b97a57757', 'sha256': 'c2f06b3987c57f8b47806e6a86e117f4db1fa1714a35f4207b015544057b7bec'}, 'dob': {'date': '1987-01-21T01:09:41.045Z', 'age': 37}, 'registered': {'date': '2016-09-11T19:03:02.065Z', 'age': 7}, 'phone': '(641) 571 9860', 'cell': '(681) 566 5146', 'id': {'name': 'NSS', 'value': '01 81 13 1999 7'}, 'picture': {'large': 'https://randomuser.me/api/portraits/men/28.jpg', 'medium': 'https://randomuser.me/api/portraits/med/men/28.jpg', 'thumbnail': 'https://randomuser.me/api/portraits/thumb/men/28.jpg'}, 'nat': 'MX'}</msg>
<arg>${json_data['results'][0]}</arg>
<doc>Logs the given message with the given level.</doc>
<status status="PASS" start="2024-08-07T11:12:52.285736" elapsed="0.000430"/>
</kw>
<kw name="Log" owner="BuiltIn">
<msg time="2024-08-07T11:12:52.286603" level="INFO">location</msg>
<arg>${key}</arg>
<doc>Logs the given message with the given level.</doc>
<status status="PASS" start="2024-08-07T11:12:52.286474" elapsed="0.000166"/>
</kw>
<var name="${key}">location</var>
<status status="PASS" start="2024-08-07T11:12:52.285061" elapsed="0.001797"/>
</iter>
<iter>
<kw name="Dictionary Should Contain Key" owner="Collections">
<arg>${json_data['results'][0]}</arg>
<arg>${key}</arg>
<doc>Fails if ``key`` is not found from ``dictionary``.</doc>
<status status="PASS" start="2024-08-07T11:12:52.287136" elapsed="0.000384"/>
</kw>
<kw name="Log" owner="BuiltIn">
<msg time="2024-08-07T11:12:52.288180" level="INFO">{'gender': 'male', 'name': {'title': 'Mr', 'first': 'Marcos', 'last': 'Concepción'}, 'location': {'street': {'number': 7200, 'name': 'Cerrada Sur Valverde'}, 'city': 'Carrizal Grande', 'state': 'Queretaro', 'country': 'Mexico', 'postcode': 13996, 'coordinates': {'latitude': '22.5638', 'longitude': '-27.6821'}, 'timezone': {'offset': '+4:00', 'description': 'Abu Dhabi, Muscat, Baku, Tbilisi'}}, 'email': 'marcos.concepcion@example.com', 'login': {'uuid': 'a39b51a0-94de-476f-b7bb-abb4629c2fda', 'username': 'sadpanda678', 'password': 'jarrett', 'salt': 'Jq23EA8l', 'md5': 'b2d08f17ea3a890b16a125753f9082f1', 'sha1': 'c93b33c07c7fb6c969b32944feb19c9b97a57757', 'sha256': 'c2f06b3987c57f8b47806e6a86e117f4db1fa1714a35f4207b015544057b7bec'}, 'dob': {'date': '1987-01-21T01:09:41.045Z', 'age': 37}, 'registered': {'date': '2016-09-11T19:03:02.065Z', 'age': 7}, 'phone': '(641) 571 9860', 'cell': '(681) 566 5146', 'id': {'name': 'NSS', 'value': '01 81 13 1999 7'}, 'picture': {'large': 'https://randomuser.me/api/portraits/men/28.jpg', 'medium': 'https://randomuser.me/api/portraits/med/men/28.jpg', 'thumbnail': 'https://randomuser.me/api/portraits/thumb/men/28.jpg'}, 'nat': 'MX'}</msg>
<arg>${json_data['results'][0]}</arg>
<doc>Logs the given message with the given level.</doc>
<status status="PASS" start="2024-08-07T11:12:52.287824" elapsed="0.000407"/>
</kw>
<kw name="Log" owner="BuiltIn">
<msg time="2024-08-07T11:12:52.288656" level="INFO">email</msg>
<arg>${key}</arg>
<doc>Logs the given message with the given level.</doc>
<status status="PASS" start="2024-08-07T11:12:52.288528" elapsed="0.000165"/>
</kw>
<var name="${key}">email</var>
<status status="PASS" start="2024-08-07T11:12:52.287030" elapsed="0.001876"/>
</iter>
<iter>
<kw name="Dictionary Should Contain Key" owner="Collections">
<arg>${json_data['results'][0]}</arg>
<arg>${key}</arg>
<doc>Fails if ``key`` is not found from ``dictionary``.</doc>
<status status="PASS" start="2024-08-07T11:12:52.289187" elapsed="0.000371"/>
</kw>
<kw name="Log" owner="BuiltIn">
<msg time="2024-08-07T11:12:52.290117" level="INFO">{'gender': 'male', 'name': {'title': 'Mr', 'first': 'Marcos', 'last': 'Concepción'}, 'location': {'street': {'number': 7200, 'name': 'Cerrada Sur Valverde'}, 'city': 'Carrizal Grande', 'state': 'Queretaro', 'country': 'Mexico', 'postcode': 13996, 'coordinates': {'latitude': '22.5638', 'longitude': '-27.6821'}, 'timezone': {'offset': '+4:00', 'description': 'Abu Dhabi, Muscat, Baku, Tbilisi'}}, 'email': 'marcos.concepcion@example.com', 'login': {'uuid': 'a39b51a0-94de-476f-b7bb-abb4629c2fda', 'username': 'sadpanda678', 'password': 'jarrett', 'salt': 'Jq23EA8l', 'md5': 'b2d08f17ea3a890b16a125753f9082f1', 'sha1': 'c93b33c07c7fb6c969b32944feb19c9b97a57757', 'sha256': 'c2f06b3987c57f8b47806e6a86e117f4db1fa1714a35f4207b015544057b7bec'}, 'dob': {'date': '1987-01-21T01:09:41.045Z', 'age': 37}, 'registered': {'date': '2016-09-11T19:03:02.065Z', 'age': 7}, 'phone': '(641) 571 9860', 'cell': '(681) 566 5146', 'id': {'name': 'NSS', 'value': '01 81 13 1999 7'}, 'picture': {'large': 'https://randomuser.me/api/portraits/men/28.jpg', 'medium': 'https://randomuser.me/api/portraits/med/men/28.jpg', 'thumbnail': 'https://randomuser.me/api/portraits/thumb/men/28.jpg'}, 'nat': 'MX'}</msg>
<arg>${json_data['results'][0]}</arg>
<doc>Logs the given message with the given level.</doc>
<status status="PASS" start="2024-08-07T11:12:52.289739" elapsed="0.000430"/>
</kw>
<kw name="Log" owner="BuiltIn">
<msg time="2024-08-07T11:12:52.290597" level="INFO">login</msg>
<arg>${key}</arg>
<doc>Logs the given message with the given level.</doc>
<status status="PASS" start="2024-08-07T11:12:52.290468" elapsed="0.000167"/>
</kw>
<var name="${key}">login</var>
<status status="PASS" start="2024-08-07T11:12:52.289078" elapsed="0.001770"/>
</iter>
<var>${key}</var>
<value>@{expected_keys}</value>
<status status="PASS" start="2024-08-07T11:12:52.280747" elapsed="0.010221"/>
</for>
<kw name="Create List" owner="BuiltIn">
<msg time="2024-08-07T11:12:52.291327" level="INFO">${expected_keysTwo} = ['username', 'password']</msg>
<var>${expected_keysTwo}</var>
<arg>username</arg>
<arg>password</arg>
<doc>Returns a list containing given items.</doc>
<status status="PASS" start="2024-08-07T11:12:52.291188" elapsed="0.000163"/>
</kw>
<for flavor="IN">
<iter>
<kw name="Dictionary Should Contain Key" owner="Collections">
<arg>${json_data['results'][0]['login']}</arg>
<arg>${keyTwo}</arg>
<doc>Fails if ``key`` is not found from ``dictionary``.</doc>
<status status="PASS" start="2024-08-07T11:12:52.291853" elapsed="0.000418"/>
</kw>
<kw name="Dictionary Should Contain Key" owner="Collections">
<arg>${json_data['results'][0]['login']}</arg>
<arg>${keyTwo}</arg>
<doc>Fails if ``key`` is not found from ``dictionary``.</doc>
<status status="PASS" start="2024-08-07T11:12:52.292456" elapsed="0.000374"/>
</kw>
<kw name="Log" owner="BuiltIn">
<msg time="2024-08-07T11:12:52.293136" level="INFO">username</msg>
<arg>${keyTwo}</arg>
<doc>Logs the given message with the given level.</doc>
<status status="PASS" start="2024-08-07T11:12:52.293014" elapsed="0.000160"/>
</kw>
<var name="${keyTwo}">username</var>
<status status="PASS" start="2024-08-07T11:12:52.291747" elapsed="0.001650"/>
</iter>
<iter>
<kw name="Dictionary Should Contain Key" owner="Collections">
<arg>${json_data['results'][0]['login']}</arg>
<arg>${keyTwo}</arg>
<doc>Fails if ``key`` is not found from ``dictionary``.</doc>
<status status="PASS" start="2024-08-07T11:12:52.293676" elapsed="0.000414"/>
</kw>
<kw name="Dictionary Should Contain Key" owner="Collections">
<arg>${json_data['results'][0]['login']}</arg>
<arg>${keyTwo}</arg>
<doc>Fails if ``key`` is not found from ``dictionary``.</doc>
<status status="PASS" start="2024-08-07T11:12:52.294291" elapsed="0.000373"/>
</kw>
<kw name="Log" owner="BuiltIn">
<msg time="2024-08-07T11:12:52.294959" level="INFO">password</msg>
<arg>${keyTwo}</arg>
<doc>Logs the given message with the given level.</doc>
<status status="PASS" start="2024-08-07T11:12:52.294841" elapsed="0.000155"/>
</kw>
<var name="${keyTwo}">password</var>
<status status="PASS" start="2024-08-07T11:12:52.293569" elapsed="0.001649"/>
</iter>
<var>${keyTwo}</var>
<value>@{expected_keysTwo}</value>
<status status="PASS" start="2024-08-07T11:12:52.291593" elapsed="0.003744"/>
</for>
<status status="PASS" start="2024-08-07T11:12:52.051940" elapsed="0.243537"/>
</kw>
<doc>Testa a estrutura da resposta da API.</doc>
<tag>testeEstruturaResposta</tag>
<status status="PASS" start="2024-08-07T11:12:52.051456" elapsed="0.244183"/>
</test>
<test id="s1-s1-t4" name="Validar tipos de dados" line="28">
<kw name="Teste de Tipos de Dados" owner="random-user-service">
<kw name="GET On Session" owner="RequestsLibrary">
<msg time="2024-08-07T11:12:52.424475" level="INFO">GET Request : url=https://randomuser.me/api 
 path_url=/api 
 headers={'User-Agent': 'python-requests/2.32.3', 'Accept-Encoding': 'gzip, deflate', 'Accept': '*/*', 'Connection': 'keep-alive'} 
 body=None 
 </msg>
<msg time="2024-08-07T11:12:52.424586" level="INFO">GET Response : url=https://randomuser.me/api 
 status=200, reason=OK 
 headers={'Date': 'Wed, 07 Aug 2024 11:12:52 GMT', 'Content-Type': 'application/json; charset=utf-8', 'Transfer-Encoding': 'chunked', 'Connection': 'keep-alive', 'X-Powered-By': 'Express', 'Access-Control-Allow-Origin': '*', 'Cache-Control': 'no-cache', 'ETag': 'W/"486-qhQ+BgEIqS7bFzfpq3pqMUmMmpo"', 'Vary': 'Accept-Encoding', 'Content-Encoding': 'gzip', 'CF-Cache-Status': 'DYNAMIC', 'Report-To': '{"endpoints":[{"url":"https:\\/\\/a.nel.cloudflare.com\\/report\\/v4?s=6v6Ki08t2ccGZVFwhw%2Bx8ywgoHE%2B61Duwzj0BjTTZuWoLjICDEdPjJzTNL7eW7NwOjGTDxHL8s8f54be7XSaAnIkH3Vq4KkkfKC1KPf8%2BTENRdbMM1liGVBRyN3H0KnM"}],"group":"cf-nel","max_age":604800}', 'NEL': '{"success_fraction":0,"report_to":"cf-nel","max_age":604800}', 'Server': 'cloudflare', 'CF-RAY': '8af6d586ea392940-ORD', 'alt-svc': 'h3=":443"; ma=86400'} 
 body={"results":[{"gender":"male","name":{"title":"Mr","first":"Novak","last":"Stojković"},"location":{"street":{"number":1204,"name":"Ace Trickovića"},"city":"Kikinda","state":"Šumadija","country":"Serbia","postcode":30457,"coordinates":{"latitude":"58.7947","longitude":"-65.1936"},"timezone":{"offset":"-1:00","description":"Azores, Cape Verde Islands"}},"email":"novak.stojkovic@example.com","login":{"uuid":"9c6104e3-7f4e-4582-b4cc-ec10318f3bb2","username":"silverpeacock893","password":"david","salt":"B8t5xGk0","md5":"3cea5b89920cbd15caef3d748187b4bb","sha1":"63a12b319e0a85c328180a5653552b2ed3edbdef","sha256":"df0098a950b5c21d2e54a0be3439fb040dce5070bd1e3088f149941885bcca5d"},"dob":{"date":"1988-08-03T18:06:42.674Z","age":36},"registered":{"date":"2003-09-04T05:56:28.438Z","age":20},"phone":"010-5917-710","cell":"069-9311-870","id":{"name":"SID","value":"046411909"},"picture":{"large":"https://randomuser.me/api/portraits/men/5.jpg","medium":"https://randomuser.me/api/portraits/med/men/5.jpg","thumbnail":"https://randomuser.me/api/portraits/thumb/men/5.jpg"},"nat":"RS"}],"info":{"seed":"d38c11debc45231f","results":1,"page":1,"version":"1.4"}} 
 </msg>
<msg time="2024-08-07T11:12:52.424660" level="INFO">/opt/hostedtoolcache/Python/3.12.4/x64/lib/python3.12/site-packages/urllib3/connectionpool.py:1099: InsecureRequestWarning: Unverified HTTPS request is being made to host 'randomuser.me'. Adding certificate verification is strongly advised. See: https://urllib3.readthedocs.io/en/latest/advanced-usage.html#tls-warnings
  warnings.warn(</msg>
<msg time="2024-08-07T11:12:52.424779" level="INFO">${response} = &lt;Response [200]&gt;</msg>
<var>${response}</var>
<arg>consultarAPI</arg>
<arg>/api</arg>
<doc>Sends a GET request on a previously created HTTP Session.</doc>
<status status="PASS" start="2024-08-07T11:12:52.298234" elapsed="0.126585"/>
</kw>
<kw name="Set Variable" owner="BuiltIn">
<msg time="2024-08-07T11:12:52.426138" level="INFO">${json_data} = {'results': [{'gender': 'male', 'name': {'title': 'Mr', 'first': 'Novak', 'last': 'Stojković'}, 'location': {'street': {'number': 1204, 'name': 'Ace Trickovića'}, 'city': 'Kikinda', 'state': 'Šumadija...</msg>
<var>${json_data}</var>
<arg>${response.json()}</arg>
<doc>Returns the given values which can then be assigned to a variables.</doc>
<status status="PASS" start="2024-08-07T11:12:52.425513" elapsed="0.000663"/>
</kw>
<kw name="Log" owner="BuiltIn">
<msg time="2024-08-07T11:12:52.426652" level="INFO">{'results': [{'gender': 'male', 'name': {'title': 'Mr', 'first': 'Novak', 'last': 'Stojković'}, 'location': {'street': {'number': 1204, 'name': 'Ace Trickovića'}, 'city': 'Kikinda', 'state': 'Šumadija', 'country': 'Serbia', 'postcode': 30457, 'coordinates': {'latitude': '58.7947', 'longitude': '-65.1936'}, 'timezone': {'offset': '-1:00', 'description': 'Azores, Cape Verde Islands'}}, 'email': 'novak.stojkovic@example.com', 'login': {'uuid': '9c6104e3-7f4e-4582-b4cc-ec10318f3bb2', 'username': 'silverpeacock893', 'password': 'david', 'salt': 'B8t5xGk0', 'md5': '3cea5b89920cbd15caef3d748187b4bb', 'sha1': '63a12b319e0a85c328180a5653552b2ed3edbdef', 'sha256': 'df0098a950b5c21d2e54a0be3439fb040dce5070bd1e3088f149941885bcca5d'}, 'dob': {'date': '1988-08-03T18:06:42.674Z', 'age': 36}, 'registered': {'date': '2003-09-04T05:56:28.438Z', 'age': 20}, 'phone': '010-5917-710', 'cell': '069-9311-870', 'id': {'name': 'SID', 'value': '046411909'}, 'picture': {'large': 'https://randomuser.me/api/portraits/men/5.jpg', 'medium': 'https://randomuser.me/api/portraits/med/men/5.jpg', 'thumbnail': 'https://randomuser.me/api/portraits/thumb/men/5.jpg'}, 'nat': 'RS'}], 'info': {'seed': 'd38c11debc45231f', 'results': 1, 'page': 1, 'version': '1.4'}}</msg>
<arg>${json_data}</arg>
<doc>Logs the given message with the given level.</doc>
<status status="PASS" start="2024-08-07T11:12:52.426493" elapsed="0.000208"/>
</kw>
<kw name="Should Be String" owner="String">
<arg>${json_data['results'][0]['gender']}</arg>
<doc>Fails if the given ``item`` is not a string.</doc>
<status status="PASS" start="2024-08-07T11:12:52.426992" elapsed="0.000361"/>
</kw>
<kw name="Should Match Regexp" owner="BuiltIn">
<arg>${json_data['results'][0]['email']}</arg>
<arg>^[a-zA-Z0-9._%+-]+@[a-zA-Z0-9.-]+\.[a-zA-Z]{2,}$</arg>
<doc>Fails if ``string`` does not match ``pattern`` as a regular expression.</doc>
<status status="PASS" start="2024-08-07T11:12:52.427577" elapsed="0.000518"/>
</kw>
<kw name="Should Match Regexp" owner="BuiltIn">
<arg>${json_data['results'][0]['dob']['date']}</arg>
<arg>\\d{4}-\\d{2}-\\d{2}T\\d{2}:\\d{2}:\\d{2}\\.\\d{3}Z</arg>
<doc>Fails if ``string`` does not match ``pattern`` as a regular expression.</doc>
<status status="PASS" start="2024-08-07T11:12:52.428290" elapsed="0.000638"/>
</kw>
<kw name="Should Match Regexp" owner="BuiltIn">
<arg>${json_data['results'][0]['registered']['date']}</arg>
<arg>\\d{4}-\\d{2}-\\d{2}T\\d{2}:\\d{2}:\\d{2}\\.\\d{3}Z</arg>
<doc>Fails if ``string`` does not match ``pattern`` as a regular expression.</doc>
<status status="PASS" start="2024-08-07T11:12:52.429123" elapsed="0.000366"/>
</kw>
<kw name="Should Match Regexp" owner="BuiltIn">
<arg>${json_data['results'][0]['picture']['large']}</arg>
<arg>^https?://.*\.(?:png|jpe?g|gif|bmp)$</arg>
<doc>Fails if ``string`` does not match ``pattern`` as a regular expression.</doc>
<status status="PASS" start="2024-08-07T11:12:52.429673" elapsed="0.000497"/>
</kw>
<kw name="Should Match Regexp" owner="BuiltIn">
<arg>${json_data['results'][0]['picture']['medium']}</arg>
<arg>^https?://.*\.(?:png|jpe?g|gif|bmp)$</arg>
<doc>Fails if ``string`` does not match ``pattern`` as a regular expression.</doc>
<status status="PASS" start="2024-08-07T11:12:52.430361" elapsed="0.000362"/>
</kw>
<kw name="Should Match Regexp" owner="BuiltIn">
<arg>${json_data['results'][0]['picture']['thumbnail']}</arg>
<arg>^https?://.*\.(?:png|jpe?g|gif|bmp)$</arg>
<doc>Fails if ``string`` does not match ``pattern`` as a regular expression.</doc>
<status status="PASS" start="2024-08-07T11:12:52.430907" elapsed="0.000349"/>
</kw>
<kw name="Log" owner="BuiltIn">
<msg time="2024-08-07T11:12:52.431754" level="INFO">{'large': 'https://randomuser.me/api/portraits/men/5.jpg', 'medium': 'https://randomuser.me/api/portraits/med/men/5.jpg', 'thumbnail': 'https://randomuser.me/api/portraits/thumb/men/5.jpg'}</msg>
<arg>${json_data['results'][0]['picture']}</arg>
<doc>Logs the given message with the given level.</doc>
<status status="PASS" start="2024-08-07T11:12:52.431436" elapsed="0.000360"/>
</kw>
<status status="PASS" start="2024-08-07T11:12:52.297978" elapsed="0.134075"/>
</kw>
<kw name="Teste de Tipos de Dados - Postcode" owner="random-user-service">
<kw name="GET On Session" owner="RequestsLibrary">
<msg time="2024-08-07T11:12:52.504340" level="INFO">GET Request : url=https://randomuser.me/api 
 path_url=/api 
 headers={'User-Agent': 'python-requests/2.32.3', 'Accept-Encoding': 'gzip, deflate', 'Accept': '*/*', 'Connection': 'keep-alive'} 
 body=None 
 </msg>
<msg time="2024-08-07T11:12:52.504448" level="INFO">GET Response : url=https://randomuser.me/api 
 status=200, reason=OK 
 headers={'Date': 'Wed, 07 Aug 2024 11:12:52 GMT', 'Content-Type': 'application/json; charset=utf-8', 'Transfer-Encoding': 'chunked', 'Connection': 'keep-alive', 'X-Powered-By': 'Express', 'Access-Control-Allow-Origin': '*', 'Cache-Control': 'no-cache', 'ETag': 'W/"494-A6tbsiY2ERptTO7bSn/WpvK/Et0"', 'Vary': 'Accept-Encoding', 'Content-Encoding': 'gzip', 'CF-Cache-Status': 'DYNAMIC', 'Report-To': '{"endpoints":[{"url":"https:\\/\\/a.nel.cloudflare.com\\/report\\/v4?s=7LFA1ysygBgP3WtB9LkD%2B4e08LaGNwL4hNBLqADMyQGdKxNsNwxBaqKu9EiFyhr8y5yyp4%2FOTYVGUB%2BOIRVPZ7xLm%2BWanKU7N5hq9Ls11avyPIZ9%2BnZOdNmAkAWyGHBd"}],"group":"cf-nel","max_age":604800}', 'NEL': '{"success_fraction":0,"report_to":"cf-nel","max_age":604800}', 'Server': 'cloudflare', 'CF-RAY': '8af6d587bac72940-ORD', 'alt-svc': 'h3=":443"; ma=86400'} 
 body={"results":[{"gender":"female","name":{"title":"Ms","first":"Alexis","last":"Robinson"},"location":{"street":{"number":3754,"name":"Henderson Road"},"city":"Whangarei","state":"Manawatu-Wanganui","country":"New Zealand","postcode":48009,"coordinates":{"latitude":"47.6516","longitude":"176.6259"},"timezone":{"offset":"+6:00","description":"Almaty, Dhaka, Colombo"}},"email":"alexis.robinson@example.com","login":{"uuid":"09bc65f5-6972-47c1-8816-3f904ceef0de","username":"greenelephant975","password":"abstr","salt":"MDkCWgFF","md5":"403e9f9f97c6cd6d3a324a6eac63b0ce","sha1":"17202bf12b86cbf1e0d1d991201e2ad82dd782d1","sha256":"f1a05dc4b3ea8e7e280219e08526736c62541d2935f38ed08a2b5d5d0687cb40"},"dob":{"date":"1977-11-29T17:21:09.839Z","age":46},"registered":{"date":"2002-04-30T11:57:40.408Z","age":22},"phone":"(799)-908-9062","cell":"(245)-301-7888","id":{"name":"","value":null},"picture":{"large":"https://randomuser.me/api/portraits/women/27.jpg","medium":"https://randomuser.me/api/portraits/med/women/27.jpg","thumbnail":"https://randomuser.me/api/portraits/thumb/women/27.jpg"},"nat":"NZ"}],"info":{"seed":"751ad4d3f5bb92d8","results":1,"page":1,"version":"1.4"}} 
 </msg>
<msg time="2024-08-07T11:12:52.504531" level="INFO">/opt/hostedtoolcache/Python/3.12.4/x64/lib/python3.12/site-packages/urllib3/connectionpool.py:1099: InsecureRequestWarning: Unverified HTTPS request is being made to host 'randomuser.me'. Adding certificate verification is strongly advised. See: https://urllib3.readthedocs.io/en/latest/advanced-usage.html#tls-warnings
  warnings.warn(</msg>
<msg time="2024-08-07T11:12:52.504686" level="INFO">${response} = &lt;Response [200]&gt;</msg>
<var>${response}</var>
<arg>consultarAPI</arg>
<arg>/api</arg>
<doc>Sends a GET request on a previously created HTTP Session.</doc>
<status status="PASS" start="2024-08-07T11:12:52.432512" elapsed="0.072220"/>
</kw>
<kw name="Set Variable" owner="BuiltIn">
<msg time="2024-08-07T11:12:52.505985" level="INFO">${json_data} = {'results': [{'gender': 'female', 'name': {'title': 'Ms', 'first': 'Alexis', 'last': 'Robinson'}, 'location': {'street': {'number': 3754, 'name': 'Henderson Road'}, 'city': 'Whangarei', 'state': 'Mana...</msg>
<var>${json_data}</var>
<arg>${response.json()}</arg>
<doc>Returns the given values which can then be assigned to a variables.</doc>
<status status="PASS" start="2024-08-07T11:12:52.505340" elapsed="0.000673"/>
</kw>
<kw name="Log" owner="BuiltIn">
<msg time="2024-08-07T11:12:52.506513" level="INFO">{'results': [{'gender': 'female', 'name': {'title': 'Ms', 'first': 'Alexis', 'last': 'Robinson'}, 'location': {'street': {'number': 3754, 'name': 'Henderson Road'}, 'city': 'Whangarei', 'state': 'Manawatu-Wanganui', 'country': 'New Zealand', 'postcode': 48009, 'coordinates': {'latitude': '47.6516', 'longitude': '176.6259'}, 'timezone': {'offset': '+6:00', 'description': 'Almaty, Dhaka, Colombo'}}, 'email': 'alexis.robinson@example.com', 'login': {'uuid': '09bc65f5-6972-47c1-8816-3f904ceef0de', 'username': 'greenelephant975', 'password': 'abstr', 'salt': 'MDkCWgFF', 'md5': '403e9f9f97c6cd6d3a324a6eac63b0ce', 'sha1': '17202bf12b86cbf1e0d1d991201e2ad82dd782d1', 'sha256': 'f1a05dc4b3ea8e7e280219e08526736c62541d2935f38ed08a2b5d5d0687cb40'}, 'dob': {'date': '1977-11-29T17:21:09.839Z', 'age': 46}, 'registered': {'date': '2002-04-30T11:57:40.408Z', 'age': 22}, 'phone': '(799)-908-9062', 'cell': '(245)-301-7888', 'id': {'name': '', 'value': None}, 'picture': {'large': 'https://randomuser.me/api/portraits/women/27.jpg', 'medium': 'https://randomuser.me/api/portraits/med/women/27.jpg', 'thumbnail': 'https://randomuser.me/api/portraits/thumb/women/27.jpg'}, 'nat': 'NZ'}], 'info': {'seed': '751ad4d3f5bb92d8', 'results': 1, 'page': 1, 'version': '1.4'}}</msg>
<arg>${json_data}</arg>
<doc>Logs the given message with the given level.</doc>
<status status="PASS" start="2024-08-07T11:12:52.506355" elapsed="0.000205"/>
</kw>
<kw name="Should Be Equal As Numbers" owner="BuiltIn">
<arg>${json_data['results'][0]['location']['postcode']}</arg>
<arg>${json_data['results'][0]['location']['postcode']}</arg>
<doc>Fails if objects are unequal after converting them to real numbers.</doc>
<status status="PASS" start="2024-08-07T11:12:52.506854" elapsed="0.000617"/>
</kw>
<kw name="Log" owner="BuiltIn">
<msg time="2024-08-07T11:12:52.508035" level="INFO">48009</msg>
<arg>${json_data['results'][0]['location']['postcode']}</arg>
<doc>Logs the given message with the given level.</doc>
<status status="PASS" start="2024-08-07T11:12:52.507693" elapsed="0.000383"/>
</kw>
<status status="PASS" start="2024-08-07T11:12:52.432283" elapsed="0.076048"/>
</kw>
<doc>Testa se os tipos de dados na resposta da API estão corretos.</doc>
<tag>testeTiposDados</tag>
<status status="PASS" start="2024-08-07T11:12:52.297405" elapsed="0.211094"/>
</test>
<test id="s1-s1-t5" name="Validar conteudo" line="35">
<kw name="Teste de Tipos de Conteudo" owner="random-user-service">
<kw name="GET On Session" owner="RequestsLibrary">
<msg time="2024-08-07T11:12:52.593633" level="INFO">GET Request : url=https://randomuser.me/api 
 path_url=/api 
 headers={'User-Agent': 'python-requests/2.32.3', 'Accept-Encoding': 'gzip, deflate', 'Accept': '*/*', 'Connection': 'keep-alive'} 
 body=None 
 </msg>
<msg time="2024-08-07T11:12:52.593743" level="INFO">GET Response : url=https://randomuser.me/api 
 status=200, reason=OK 
 headers={'Date': 'Wed, 07 Aug 2024 11:12:52 GMT', 'Content-Type': 'application/json; charset=utf-8', 'Transfer-Encoding': 'chunked', 'Connection': 'keep-alive', 'X-Powered-By': 'Express', 'Access-Control-Allow-Origin': '*', 'Cache-Control': 'no-cache', 'ETag': 'W/"4af-UNrXkezd+ms+ZcdUpCwX5jv8bgk"', 'Vary': 'Accept-Encoding', 'Content-Encoding': 'gzip', 'CF-Cache-Status': 'DYNAMIC', 'Report-To': '{"endpoints":[{"url":"https:\\/\\/a.nel.cloudflare.com\\/report\\/v4?s=Xd%2F0lPV08vQuPbUzSkK%2FXKvyyLqduXl1eZEXnZoVCiqlLlJFxtAK7xYj3pEsrI3bTAsxT81eA1l8ZLOJS%2BreXAF58RjHR2ehXs77kavwfZPaAXQOPg5vuqqw%2BO5ZUUSh"}],"group":"cf-nel","max_age":604800}', 'NEL': '{"success_fraction":0,"report_to":"cf-nel","max_age":604800}', 'Server': 'cloudflare', 'CF-RAY': '8af6d5883b1b2940-ORD', 'alt-svc': 'h3=":443"; ma=86400'} 
 body={"results":[{"gender":"female","name":{"title":"Miss","first":"Eléa","last":"Faure"},"location":{"street":{"number":8970,"name":"Rue de la Baleine"},"city":"Nantes","state":"Haute-Garonne","country":"France","postcode":22019,"coordinates":{"latitude":"-16.3868","longitude":"115.7162"},"timezone":{"offset":"+11:00","description":"Magadan, Solomon Islands, New Caledonia"}},"email":"elea.faure@example.com","login":{"uuid":"444fe996-28cf-452c-8918-16f589489682","username":"orangebutterfly444","password":"airborne","salt":"GW9whVbK","md5":"71f1bae318431e380424ae0a3ea175ec","sha1":"a6602c4e8d5ed06e8d2f5951b33ed79e9b4213a4","sha256":"f97f8ca5dfdef28a3925541386430ca14cc99c8ab11b790053509b54f67492b8"},"dob":{"date":"1998-12-28T13:31:12.196Z","age":25},"registered":{"date":"2009-06-11T07:26:35.478Z","age":15},"phone":"03-25-53-51-54","cell":"06-18-09-22-37","id":{"name":"INSEE","value":"2981125244397 74"},"picture":{"large":"https://randomuser.me/api/portraits/women/48.jpg","medium":"https://randomuser.me/api/portraits/med/women/48.jpg","thumbnail":"https://randomuser.me/api/portraits/thumb/women/48.jpg"},"nat":"FR"}],"info":{"seed":"97329e5f249b6569","results":1,"page":1,"version":"1.4"}} 
 </msg>
<msg time="2024-08-07T11:12:52.593833" level="INFO">/opt/hostedtoolcache/Python/3.12.4/x64/lib/python3.12/site-packages/urllib3/connectionpool.py:1099: InsecureRequestWarning: Unverified HTTPS request is being made to host 'randomuser.me'. Adding certificate verification is strongly advised. See: https://urllib3.readthedocs.io/en/latest/advanced-usage.html#tls-warnings
  warnings.warn(</msg>
<msg time="2024-08-07T11:12:52.593990" level="INFO">${response} = &lt;Response [200]&gt;</msg>
<var>${response}</var>
<arg>consultarAPI</arg>
<arg>/api</arg>
<doc>Sends a GET request on a previously created HTTP Session.</doc>
<status status="PASS" start="2024-08-07T11:12:52.511062" elapsed="0.082978"/>
</kw>
<kw name="Set Variable" owner="BuiltIn">
<msg time="2024-08-07T11:12:52.595421" level="INFO">${json_data} = {'results': [{'gender': 'female', 'name': {'title': 'Miss', 'first': 'Eléa', 'last': 'Faure'}, 'location': {'street': {'number': 8970, 'name': 'Rue de la Baleine'}, 'city': 'Nantes', 'state': 'Haute-G...</msg>
<var>${json_data}</var>
<arg>${response.json()}</arg>
<doc>Returns the given values which can then be assigned to a variables.</doc>
<status status="PASS" start="2024-08-07T11:12:52.594718" elapsed="0.000733"/>
</kw>
<kw name="Set Variable" owner="BuiltIn">
<msg time="2024-08-07T11:12:52.596140" level="INFO">${name_title} = Miss</msg>
<var>${name_title}</var>
<arg>${json_data["results"][0]["name"]["title"]}</arg>
<doc>Returns the given values which can then be assigned to a variables.</doc>
<status status="PASS" start="2024-08-07T11:12:52.595757" elapsed="0.000409"/>
</kw>
<kw name="Create List" owner="BuiltIn">
<msg time="2024-08-07T11:12:52.596607" level="INFO">${allowed_titles} = ['Mr', 'Ms', 'Miss', 'Mrs', 'Madame', 'Monsieur']</msg>
<var>${allowed_titles}</var>
<arg>Mr</arg>
<arg>Ms</arg>
<arg>Miss</arg>
<arg>Mrs</arg>
<arg>Madame</arg>
<arg>Monsieur</arg>
<doc>Returns a list containing given items.</doc>
<status status="PASS" start="2024-08-07T11:12:52.596459" elapsed="0.000172"/>
</kw>
<kw name="List Should Contain Value" owner="Collections">
<arg>${allowed_titles}</arg>
<arg>${name_title}</arg>
<doc>Fails if the ``value`` is not found from ``list``.</doc>
<status status="PASS" start="2024-08-07T11:12:52.596928" elapsed="0.000179"/>
</kw>
<kw name="Set Variable" owner="BuiltIn">
<msg time="2024-08-07T11:12:52.597666" level="INFO">${name_country} = FR</msg>
<var>${name_country}</var>
<arg>${json_data["results"][0]["nat"]}</arg>
<doc>Returns the given values which can then be assigned to a variables.</doc>
<status status="PASS" start="2024-08-07T11:12:52.597291" elapsed="0.000399"/>
</kw>
<kw name="Create List" owner="BuiltIn">
<msg time="2024-08-07T11:12:52.598612" level="INFO">${list_country} = ['AD', 'AE', 'AF', 'AG', 'AI', 'AL', 'AM', 'AO', 'AQ', 'AR', 'AS', 'AT', 'AU', 'AW', 'AX', 'AZ', 'BA', 'BB', 'BD', 'BE', 'BF', 'BG', 'BH', 'BI', 'BJ', 'BL', 'BM', 'BN', 'BO', 'BQ', 'BR', 'BS', 'BT', '...</msg>
<var>${list_country}</var>
<arg>AD</arg>
<arg>AE</arg>
<arg>AF</arg>
<arg>AG</arg>
<arg>AI</arg>
<arg>AL</arg>
<arg>AM</arg>
<arg>AO</arg>
<arg>AQ</arg>
<arg>AR</arg>
<arg>AS</arg>
<arg>AT</arg>
<arg>AU</arg>
<arg>AW</arg>
<arg>AX</arg>
<arg>AZ</arg>
<arg>BA</arg>
<arg>BB</arg>
<arg>BD</arg>
<arg>BE</arg>
<arg>BF</arg>
<arg>BG</arg>
<arg>BH</arg>
<arg>BI</arg>
<arg>BJ</arg>
<arg>BL</arg>
<arg>BM</arg>
<arg>BN</arg>
<arg>BO</arg>
<arg>BQ</arg>
<arg>BR</arg>
<arg>BS</arg>
<arg>BT</arg>
<arg>BV</arg>
<arg>BW</arg>
<arg>BY</arg>
<arg>BZ</arg>
<arg>CA</arg>
<arg>CC</arg>
<arg>CD</arg>
<arg>CF</arg>
<arg>CG</arg>
<arg>CH</arg>
<arg>CI</arg>
<arg>CK</arg>
<arg>CL</arg>
<arg>CM</arg>
<arg>CN</arg>
<arg>CO</arg>
<arg>CR</arg>
<arg>CU</arg>
<arg>CV</arg>
<arg>CW</arg>
<arg>CX</arg>
<arg>CY</arg>
<arg>CZ</arg>
<arg>DE</arg>
<arg>DJ</arg>
<arg>DK</arg>
<arg>DM</arg>
<arg>DO</arg>
<arg>DZ</arg>
<arg>EC</arg>
<arg>EE</arg>
<arg>EG</arg>
<arg>EH</arg>
<arg>ER</arg>
<arg>ES</arg>
<arg>ET</arg>
<arg>FI</arg>
<arg>FJ</arg>
<arg>FK</arg>
<arg>FM</arg>
<arg>FO</arg>
<arg>FR</arg>
<arg>GA</arg>
<arg>GB</arg>
<arg>GD</arg>
<arg>GE</arg>
<arg>GF</arg>
<arg>GG</arg>
<arg>GH</arg>
<arg>GI</arg>
<arg>GL</arg>
<arg>GM</arg>
<arg>GN</arg>
<arg>GP</arg>
<arg>GQ</arg>
<arg>GR</arg>
<arg>GS</arg>
<arg>GT</arg>
<arg>GU</arg>
<arg>GW</arg>
<arg>GY</arg>
<arg>HK</arg>
<arg>HM</arg>
<arg>HN</arg>
<arg>HR</arg>
<arg>HT</arg>
<arg>HU</arg>
<arg>ID</arg>
<arg>IE</arg>
<arg>IL</arg>
<arg>IM</arg>
<arg>IN</arg>
<arg>IO</arg>
<arg>IQ</arg>
<arg>IR</arg>
<arg>IS</arg>
<arg>IT</arg>
<arg>JE</arg>
<arg>JM</arg>
<arg>JO</arg>
<arg>JP</arg>
<arg>KE</arg>
<arg>KG</arg>
<arg>KH</arg>
<arg>KI</arg>
<arg>KM</arg>
<arg>KN</arg>
<arg>KP</arg>
<arg>KR</arg>
<arg>KW</arg>
<arg>KY</arg>
<arg>KZ</arg>
<arg>LA</arg>
<arg>LB</arg>
<arg>LC</arg>
<arg>LI</arg>
<arg>LK</arg>
<arg>LR</arg>
<arg>LS</arg>
<arg>LT</arg>
<arg>LU</arg>
<arg>LV</arg>
<arg>LY</arg>
<arg>MA</arg>
<arg>MC</arg>
<arg>MD</arg>
<arg>ME</arg>
<arg>MF</arg>
<arg>MG</arg>
<arg>MH</arg>
<arg>MK</arg>
<arg>ML</arg>
<arg>MM</arg>
<arg>MN</arg>
<arg>MO</arg>
<arg>MP</arg>
<arg>MQ</arg>
<arg>MR</arg>
<arg>MS</arg>
<arg>MT</arg>
<arg>MU</arg>
<arg>MV</arg>
<arg>MW</arg>
<arg>MX</arg>
<arg>MY</arg>
<arg>MZ</arg>
<arg>NA</arg>
<arg>NC</arg>
<arg>NE</arg>
<arg>NF</arg>
<arg>NG</arg>
<arg>NI</arg>
<arg>NL</arg>
<arg>NO</arg>
<arg>NP</arg>
<arg>NR</arg>
<arg>NU</arg>
<arg>NZ</arg>
<arg>OM</arg>
<arg>PA</arg>
<arg>PE</arg>
<arg>PF</arg>
<arg>PG</arg>
<arg>PH</arg>
<arg>PK</arg>
<arg>PL</arg>
<arg>PM</arg>
<arg>PN</arg>
<arg>PR</arg>
<arg>PS</arg>
<arg>PT</arg>
<arg>PW</arg>
<arg>PY</arg>
<arg>QA</arg>
<arg>RE</arg>
<arg>RO</arg>
<arg>RS</arg>
<arg>RU</arg>
<arg>RW</arg>
<arg>SA</arg>
<arg>SB</arg>
<arg>SC</arg>
<arg>SD</arg>
<arg>SE</arg>
<arg>SG</arg>
<arg>SH</arg>
<arg>SI</arg>
<arg>SJ</arg>
<arg>SK</arg>
<arg>SL</arg>
<arg>SM</arg>
<arg>SN</arg>
<arg>SO</arg>
<arg>SR</arg>
<arg>SS</arg>
<arg>ST</arg>
<arg>SV</arg>
<arg>SX</arg>
<arg>SY</arg>
<arg>SZ</arg>
<arg>TC</arg>
<arg>TD</arg>
<arg>TF</arg>
<arg>TG</arg>
<arg>TH</arg>
<arg>TJ</arg>
<arg>TK</arg>
<arg>TL</arg>
<arg>TM</arg>
<arg>TN</arg>
<arg>TO</arg>
<arg>TR</arg>
<arg>TT</arg>
<arg>TV</arg>
<arg>TW</arg>
<arg>TZ</arg>
<arg>UA</arg>
<arg>UG</arg>
<arg>UM</arg>
<arg>US</arg>
<arg>UY</arg>
<arg>UZ</arg>
<arg>VA</arg>
<arg>VC</arg>
<arg>VE</arg>
<arg>VG</arg>
<arg>VI</arg>
<arg>VN</arg>
<arg>VU</arg>
<arg>WF</arg>
<arg>WS</arg>
<arg>XK</arg>
<arg>YE</arg>
<arg>YT</arg>
<arg>ZA</arg>
<arg>ZM</arg>
<arg>ZW</arg>
<doc>Returns a list containing given items.</doc>
<status status="PASS" start="2024-08-07T11:12:52.597981" elapsed="0.000658"/>
</kw>
<kw name="List Should Contain Value" owner="Collections">
<arg>${list_country}</arg>
<arg>${name_country}</arg>
<doc>Fails if the ``value`` is not found from ``list``.</doc>
<status status="PASS" start="2024-08-07T11:12:52.599625" elapsed="0.000208"/>
</kw>
<kw name="Run Keyword If" owner="BuiltIn">
<kw name="Should Be True" owner="BuiltIn">
<arg>${True}</arg>
<doc>Fails if the given condition is not true.</doc>
<status status="PASS" start="2024-08-07T11:12:52.600773" elapsed="0.000141"/>
</kw>
<arg>${json_data["results"][0]["location"]["coordinates"]["latitude"]} &gt;= -90 and ${json_data["results"][0]["location"]["coordinates"]["latitude"]} &lt;= 90</arg>
<arg>Should Be True</arg>
<arg>${True}</arg>
<doc>Runs the given keyword with the given arguments, if ``condition`` is true.</doc>
<status status="PASS" start="2024-08-07T11:12:52.600029" elapsed="0.001011"/>
</kw>
<kw name="Run Keyword If" owner="BuiltIn">
<kw name="Should Be True" owner="BuiltIn">
<arg>${True}</arg>
<doc>Fails if the given condition is not true.</doc>
<status status="PASS" start="2024-08-07T11:12:52.601907" elapsed="0.000135"/>
</kw>
<arg>${json_data["results"][0]["location"]["coordinates"]["longitude"]} &gt;= -180 and ${json_data["results"][0]["location"]["coordinates"]["longitude"]} &lt;= 180</arg>
<arg>Should Be True</arg>
<arg>${True}</arg>
<doc>Runs the given keyword with the given arguments, if ``condition`` is true.</doc>
<status status="PASS" start="2024-08-07T11:12:52.601220" elapsed="0.000986"/>
</kw>
<status status="PASS" start="2024-08-07T11:12:52.510834" elapsed="0.091507"/>
</kw>
<doc>Testa o conteúdo específico dos campos retornados pela API.</doc>
<tag>testeConteudo</tag>
<status status="PASS" start="2024-08-07T11:12:52.510275" elapsed="0.092221"/>
</test>
<status status="PASS" start="2024-08-07T11:12:51.307112" elapsed="1.297291"/>
</suite>
<status status="PASS" start="2024-08-07T11:12:51.291766" elapsed="1.317672"/>
</suite>
<statistics>
<total>
<stat pass="5" fail="0" skip="0">All Tests</stat>
</total>
<tag>
<stat pass="1" fail="0" skip="0">testeConteudo</stat>
<stat pass="1" fail="0" skip="0">testeEstruturaResposta</stat>
<stat pass="1" fail="0" skip="0">testeRequisicaoBasica</stat>
<stat pass="1" fail="0" skip="0">testeTiposDados</stat>
</tag>
<suite>
<stat pass="5" fail="0" skip="0" id="s1" name="Tests">Tests</stat>
<stat pass="5" fail="0" skip="0" id="s1-s1" name="Random-User-Test">Tests.Random-User-Test</stat>
</suite>
</statistics>
<errors>
</errors>
</robot>
