<?xml version="1.0" encoding="UTF-8"?>
<robot generator="Robot 7.0 (Python 3.12.2 on linux)" generated="2024-04-14T01:22:46.194922" rpa="false" schemaversion="5">
<suite id="s1" name="Tests" source="/home/runner/work/DesafioQAItauRogerioJordao/DesafioQAItauRogerioJordao/RamdonUser/tests">
<suite id="s1-s1" name="Random-User-Test" source="/home/runner/work/DesafioQAItauRogerioJordao/DesafioQAItauRogerioJordao/RamdonUser/tests/random-user-test.robot">
<test id="s1-s1-t1" name="Conectar" line="13">
<kw name="Conectar API" owner="random-user-service">
<kw name="Create Session" owner="RequestsLibrary">
<msg time="2024-04-14T01:22:46.563920" level="INFO">Creating Session using : alias=consultarAPI, url=https://randomuser.me/, headers={},                     cookies={}, auth=None, timeout=None, proxies=None, verify=False,                     debug=0 </msg>
<arg>consultarAPI</arg>
<arg>${URL}</arg>
<doc>Create Session: create a HTTP session to a server</doc>
<status status="PASS" start="2024-04-14T01:22:46.563707" elapsed="0.000398"/>
</kw>
<status status="PASS" start="2024-04-14T01:22:46.562605" elapsed="0.001878"/>
</kw>
<status status="PASS" start="2024-04-14T01:22:46.561972" elapsed="0.002719"/>
</test>
<test id="s1-s1-t2" name="Validar retorno 200 e JSON Válido" line="16">
<kw name="Teste de Requisicao Basica" owner="random-user-service">
<kw name="GET On Session" owner="RequestsLibrary">
<msg time="2024-04-14T01:22:46.621012" level="INFO">GET Request : url=https://randomuser.me/api 
 path_url=/api 
 headers={'User-Agent': 'python-requests/2.31.0', 'Accept-Encoding': 'gzip, deflate', 'Accept': '*/*', 'Connection': 'keep-alive'} 
 body=None 
 </msg>
<msg time="2024-04-14T01:22:46.621157" level="INFO">GET Response : url=https://randomuser.me/api 
 status=200, reason=OK 
 headers={'Date': 'Sun, 14 Apr 2024 01:22:46 GMT', 'Content-Type': 'application/json; charset=utf-8', 'Transfer-Encoding': 'chunked', 'Connection': 'keep-alive', 'X-Powered-By': 'Express', 'Access-Control-Allow-Origin': '*', 'Cache-Control': 'no-cache', 'ETag': 'W/"4ac-f0vsCpObdSIubhU2hR46eiQvigI"', 'Vary': 'Accept-Encoding', 'Content-Encoding': 'gzip', 'CF-Cache-Status': 'DYNAMIC', 'Report-To': '{"endpoints":[{"url":"https:\\/\\/a.nel.cloudflare.com\\/report\\/v4?s=niRvNDd2tGpMJLR5YaWKBis3Gn1c36FZ3R5PRYXNsZyeNQobIpNinXZNHEUkn7OJZpolQKTYB%2FkzwLy06Oypp7N4m6HsEjjo9seBtXnUSynKKdIAyCOqCgcZuz5KxdtB"}],"group":"cf-nel","max_age":604800}', 'NEL': '{"success_fraction":0,"report_to":"cf-nel","max_age":604800}', 'Server': 'cloudflare', 'CF-RAY': '873fe3013c633af4-IAD', 'alt-svc': 'h3=":443"; ma=86400'} 
 body={"results":[{"gender":"male","name":{"title":"Monsieur","first":"Quentin","last":"Lambert"},"location":{"street":{"number":8504,"name":"Place de L'Abbé-Basset"},"city":"Belp","state":"Valais","country":"Switzerland","postcode":5049,"coordinates":{"latitude":"-62.1305","longitude":"-159.5198"},"timezone":{"offset":"+9:00","description":"Tokyo, Seoul, Osaka, Sapporo, Yakutsk"}},"email":"quentin.lambert@example.com","login":{"uuid":"c7ed31d3-2384-440b-b478-032574cefb58","username":"heavyleopard115","password":"dragonba","salt":"ioHtrcRS","md5":"8ca8c2bf614544d5f24543e6fac8c901","sha1":"e44dcef7e16fc7738928144158c64f6a2eab7518","sha256":"7c006665854f01e62cb29d331fee2e622376026cabcb0f983644d59895668833"},"dob":{"date":"1955-05-26T09:59:27.914Z","age":68},"registered":{"date":"2005-05-19T01:59:24.359Z","age":18},"phone":"076 789 63 59","cell":"079 537 08 94","id":{"name":"AVS","value":"756.5533.0874.12"},"picture":{"large":"https://randomuser.me/api/portraits/men/33.jpg","medium":"https://randomuser.me/api/portraits/med/men/33.jpg","thumbnail":"https://randomuser.me/api/portraits/thumb/men/33.jpg"},"nat":"CH"}],"info":{"seed":"a10edab0d8fb9116","results":1,"page":1,"version":"1.4"}} 
 </msg>
<msg time="2024-04-14T01:22:46.621251" level="INFO">/opt/hostedtoolcache/Python/3.12.2/x64/lib/python3.12/site-packages/urllib3/connectionpool.py:1103: InsecureRequestWarning: Unverified HTTPS request is being made to host 'randomuser.me'. Adding certificate verification is strongly advised. See: https://urllib3.readthedocs.io/en/latest/advanced-usage.html#tls-warnings
  warnings.warn(</msg>
<msg time="2024-04-14T01:22:46.621419" level="INFO">${response} = &lt;Response [200]&gt;</msg>
<var>${response}</var>
<arg>consultarAPI</arg>
<arg>/api</arg>
<doc>Sends a GET request on a previously created HTTP Session.</doc>
<status status="PASS" start="2024-04-14T01:22:46.567332" elapsed="0.054142"/>
</kw>
<kw name="Should Be Equal As Numbers" owner="BuiltIn">
<msg time="2024-04-14T01:22:46.622358" level="INFO">Argument types are:
&lt;class 'int'&gt;
&lt;class 'str'&gt;</msg>
<arg>${response.status_code}</arg>
<arg>200</arg>
<doc>Fails if objects are unequal after converting them to real numbers.</doc>
<status status="PASS" start="2024-04-14T01:22:46.621928" elapsed="0.000496"/>
</kw>
<kw name="Log" owner="BuiltIn">
<msg time="2024-04-14T01:22:46.623148" level="INFO">200</msg>
<arg>${response.status_code}</arg>
<doc>Logs the given message with the given level.</doc>
<status status="PASS" start="2024-04-14T01:22:46.622752" elapsed="0.000442"/>
</kw>
<kw name="Set Variable" owner="BuiltIn">
<msg time="2024-04-14T01:22:46.623987" level="INFO">${json_data} = {'results': [{'gender': 'male', 'name': {'title': 'Monsieur', 'first': 'Quentin', 'last': 'Lambert'}, 'location': {'street': {'number': 8504, 'name': "Place de L'Abbé-Basset"}, 'city': 'Belp', 'state'...</msg>
<var>${json_data}</var>
<arg>${response.json()}</arg>
<doc>Returns the given values which can then be assigned to a variables.</doc>
<status status="PASS" start="2024-04-14T01:22:46.623539" elapsed="0.000478"/>
</kw>
<kw name="Dictionary Should Contain Key" owner="Collections">
<msg time="2024-04-14T01:22:46.624495" level="INFO">False</msg>
<arg>${json_data}</arg>
<arg>results</arg>
<doc>Fails if ``key`` is not found from ``dictionary``.</doc>
<status status="PASS" start="2024-04-14T01:22:46.624327" elapsed="0.000212"/>
</kw>
<status status="PASS" start="2024-04-14T01:22:46.567041" elapsed="0.057762"/>
</kw>
<doc>Testa se a API responde corretamente e retorna um objeto JSON válido.</doc>
<tag>testeRequisicaoBasica</tag>
<status status="PASS" start="2024-04-14T01:22:46.566537" elapsed="0.058447"/>
</test>
<test id="s1-s1-t3" name="Validar estrutura de resposta" line="22">
<kw name="Teste de Estrutura de Resposta" owner="random-user-service">
<kw name="GET On Session" owner="RequestsLibrary">
<msg time="2024-04-14T01:22:46.727964" level="INFO">GET Request : url=https://randomuser.me/api 
 path_url=/api 
 headers={'User-Agent': 'python-requests/2.31.0', 'Accept-Encoding': 'gzip, deflate', 'Accept': '*/*', 'Connection': 'keep-alive'} 
 body=None 
 </msg>
<msg time="2024-04-14T01:22:46.728048" level="INFO">GET Response : url=https://randomuser.me/api 
 status=200, reason=OK 
 headers={'Date': 'Sun, 14 Apr 2024 01:22:46 GMT', 'Content-Type': 'application/json; charset=utf-8', 'Transfer-Encoding': 'chunked', 'Connection': 'keep-alive', 'X-Powered-By': 'Express', 'Access-Control-Allow-Origin': '*', 'Cache-Control': 'no-cache', 'ETag': 'W/"4a9-qsyykpCQeWW393DoMzhaKIA+7ps"', 'Vary': 'Accept-Encoding', 'Content-Encoding': 'gzip', 'CF-Cache-Status': 'DYNAMIC', 'Report-To': '{"endpoints":[{"url":"https:\\/\\/a.nel.cloudflare.com\\/report\\/v4?s=u2JVa2bYO3gyjqoBPDQA3a73Yv%2Bru3lTgOWNIhkDg67G98v6zBOGPkiiwZOjQs36wZQ391dhbZ7d8d6rQcCEw9i7Bb9pmnVNk8KF7k0K2br5kDN%2BCwDgH2FNqnb7gZYF"}],"group":"cf-nel","max_age":604800}', 'NEL': '{"success_fraction":0,"report_to":"cf-nel","max_age":604800}', 'Server': 'cloudflare', 'CF-RAY': '873fe3017ca83af4-IAD', 'alt-svc': 'h3=":443"; ma=86400'} 
 body={"results":[{"gender":"male","name":{"title":"Mr","first":"Zachary","last":"Bowman"},"location":{"street":{"number":542,"name":"Church Road"},"city":"Canterbury","state":"Dumfries and Galloway","country":"United Kingdom","postcode":"I09 4EB","coordinates":{"latitude":"-7.6915","longitude":"-170.1586"},"timezone":{"offset":"+1:00","description":"Brussels, Copenhagen, Madrid, Paris"}},"email":"zachary.bowman@example.com","login":{"uuid":"f1702241-5fd0-4c4c-9ac4-4ef8c46b9200","username":"silverfish353","password":"osiris","salt":"v91cWsV2","md5":"e595bedb6793e010d5b7af45b51bcf3f","sha1":"b2618cfc2de0f311b54f03753586048344ee27b6","sha256":"e6e50ba10970d3226b204f2761ecd6ce0548bf101280cf7969b3156fc4b4d3ac"},"dob":{"date":"1996-03-29T08:57:39.220Z","age":28},"registered":{"date":"2021-06-27T23:06:36.502Z","age":2},"phone":"0171 904 9277","cell":"07511 875344","id":{"name":"NINO","value":"KH 36 00 56 L"},"picture":{"large":"https://randomuser.me/api/portraits/men/52.jpg","medium":"https://randomuser.me/api/portraits/med/men/52.jpg","thumbnail":"https://randomuser.me/api/portraits/thumb/men/52.jpg"},"nat":"GB"}],"info":{"seed":"72d28d2776daa7b6","results":1,"page":1,"version":"1.4"}} 
 </msg>
<msg time="2024-04-14T01:22:46.728182" level="INFO">/opt/hostedtoolcache/Python/3.12.2/x64/lib/python3.12/site-packages/urllib3/connectionpool.py:1103: InsecureRequestWarning: Unverified HTTPS request is being made to host 'randomuser.me'. Adding certificate verification is strongly advised. See: https://urllib3.readthedocs.io/en/latest/advanced-usage.html#tls-warnings
  warnings.warn(</msg>
<msg time="2024-04-14T01:22:46.728323" level="INFO">${response} = &lt;Response [200]&gt;</msg>
<var>${response}</var>
<arg>consultarAPI</arg>
<arg>/api</arg>
<doc>Sends a GET request on a previously created HTTP Session.</doc>
<status status="PASS" start="2024-04-14T01:22:46.627724" elapsed="0.100648"/>
</kw>
<kw name="Set Variable" owner="BuiltIn">
<msg time="2024-04-14T01:22:46.729273" level="INFO">${json_data} = {'results': [{'gender': 'male', 'name': {'title': 'Mr', 'first': 'Zachary', 'last': 'Bowman'}, 'location': {'street': {'number': 542, 'name': 'Church Road'}, 'city': 'Canterbury', 'state': 'Dumfries a...</msg>
<var>${json_data}</var>
<arg>${response.json()}</arg>
<doc>Returns the given values which can then be assigned to a variables.</doc>
<status status="PASS" start="2024-04-14T01:22:46.728819" elapsed="0.000483"/>
</kw>
<kw name="Log" owner="BuiltIn">
<msg time="2024-04-14T01:22:46.729773" level="INFO">{'results': [{'gender': 'male', 'name': {'title': 'Mr', 'first': 'Zachary', 'last': 'Bowman'}, 'location': {'street': {'number': 542, 'name': 'Church Road'}, 'city': 'Canterbury', 'state': 'Dumfries and Galloway', 'country': 'United Kingdom', 'postcode': 'I09 4EB', 'coordinates': {'latitude': '-7.6915', 'longitude': '-170.1586'}, 'timezone': {'offset': '+1:00', 'description': 'Brussels, Copenhagen, Madrid, Paris'}}, 'email': 'zachary.bowman@example.com', 'login': {'uuid': 'f1702241-5fd0-4c4c-9ac4-4ef8c46b9200', 'username': 'silverfish353', 'password': 'osiris', 'salt': 'v91cWsV2', 'md5': 'e595bedb6793e010d5b7af45b51bcf3f', 'sha1': 'b2618cfc2de0f311b54f03753586048344ee27b6', 'sha256': 'e6e50ba10970d3226b204f2761ecd6ce0548bf101280cf7969b3156fc4b4d3ac'}, 'dob': {'date': '1996-03-29T08:57:39.220Z', 'age': 28}, 'registered': {'date': '2021-06-27T23:06:36.502Z', 'age': 2}, 'phone': '0171 904 9277', 'cell': '07511 875344', 'id': {'name': 'NINO', 'value': 'KH 36 00 56 L'}, 'picture': {'large': 'https://randomuser.me/api/portraits/men/52.jpg', 'medium': 'https://randomuser.me/api/portraits/med/men/52.jpg', 'thumbnail': 'https://randomuser.me/api/portraits/thumb/men/52.jpg'}, 'nat': 'GB'}], 'info': {'seed': '72d28d2776daa7b6', 'results': 1, 'page': 1, 'version': '1.4'}}</msg>
<arg>${json_data}</arg>
<doc>Logs the given message with the given level.</doc>
<status status="PASS" start="2024-04-14T01:22:46.729614" elapsed="0.000207"/>
</kw>
<kw name="Dictionary Should Contain Key" owner="Collections">
<msg time="2024-04-14T01:22:46.730276" level="INFO">False</msg>
<arg>${json_data}</arg>
<arg>results</arg>
<doc>Fails if ``key`` is not found from ``dictionary``.</doc>
<status status="PASS" start="2024-04-14T01:22:46.730121" elapsed="0.000193"/>
</kw>
<kw name="Should Not Be Empty" owner="BuiltIn">
<msg time="2024-04-14T01:22:46.730749" level="INFO">Length is 2.</msg>
<arg>${json_data}</arg>
<doc>Verifies that the given item is not empty.</doc>
<status status="PASS" start="2024-04-14T01:22:46.730615" elapsed="0.000179"/>
</kw>
<kw name="Create List" owner="BuiltIn">
<msg time="2024-04-14T01:22:46.731296" level="INFO">${expected_keys} = ['gender', 'name', 'location', 'email', 'login']</msg>
<var>${expected_keys}</var>
<arg>gender</arg>
<arg>name</arg>
<arg>location</arg>
<arg>email</arg>
<arg>login</arg>
<doc>Returns a list containing given items.</doc>
<status status="PASS" start="2024-04-14T01:22:46.731136" elapsed="0.000185"/>
</kw>
<for flavor="IN">
<iter>
<kw name="Dictionary Should Contain Key" owner="Collections">
<msg time="2024-04-14T01:22:46.732316" level="INFO">False</msg>
<arg>${json_data['results'][0]}</arg>
<arg>${key}</arg>
<doc>Fails if ``key`` is not found from ``dictionary``.</doc>
<status status="PASS" start="2024-04-14T01:22:46.731905" elapsed="0.000452"/>
</kw>
<kw name="Log" owner="BuiltIn">
<msg time="2024-04-14T01:22:46.733034" level="INFO">{'gender': 'male', 'name': {'title': 'Mr', 'first': 'Zachary', 'last': 'Bowman'}, 'location': {'street': {'number': 542, 'name': 'Church Road'}, 'city': 'Canterbury', 'state': 'Dumfries and Galloway', 'country': 'United Kingdom', 'postcode': 'I09 4EB', 'coordinates': {'latitude': '-7.6915', 'longitude': '-170.1586'}, 'timezone': {'offset': '+1:00', 'description': 'Brussels, Copenhagen, Madrid, Paris'}}, 'email': 'zachary.bowman@example.com', 'login': {'uuid': 'f1702241-5fd0-4c4c-9ac4-4ef8c46b9200', 'username': 'silverfish353', 'password': 'osiris', 'salt': 'v91cWsV2', 'md5': 'e595bedb6793e010d5b7af45b51bcf3f', 'sha1': 'b2618cfc2de0f311b54f03753586048344ee27b6', 'sha256': 'e6e50ba10970d3226b204f2761ecd6ce0548bf101280cf7969b3156fc4b4d3ac'}, 'dob': {'date': '1996-03-29T08:57:39.220Z', 'age': 28}, 'registered': {'date': '2021-06-27T23:06:36.502Z', 'age': 2}, 'phone': '0171 904 9277', 'cell': '07511 875344', 'id': {'name': 'NINO', 'value': 'KH 36 00 56 L'}, 'picture': {'large': 'https://randomuser.me/api/portraits/men/52.jpg', 'medium': 'https://randomuser.me/api/portraits/med/men/52.jpg', 'thumbnail': 'https://randomuser.me/api/portraits/thumb/men/52.jpg'}, 'nat': 'GB'}</msg>
<arg>${json_data['results'][0]}</arg>
<doc>Logs the given message with the given level.</doc>
<status status="PASS" start="2024-04-14T01:22:46.732662" elapsed="0.000421"/>
</kw>
<kw name="Log" owner="BuiltIn">
<msg time="2024-04-14T01:22:46.733518" level="INFO">gender</msg>
<arg>${key}</arg>
<doc>Logs the given message with the given level.</doc>
<status status="PASS" start="2024-04-14T01:22:46.733386" elapsed="0.000170"/>
</kw>
<var name="${key}">gender</var>
<status status="PASS" start="2024-04-14T01:22:46.731776" elapsed="0.002006"/>
</iter>
<iter>
<kw name="Dictionary Should Contain Key" owner="Collections">
<msg time="2024-04-14T01:22:46.734488" level="INFO">False</msg>
<arg>${json_data['results'][0]}</arg>
<arg>${key}</arg>
<doc>Fails if ``key`` is not found from ``dictionary``.</doc>
<status status="PASS" start="2024-04-14T01:22:46.734090" elapsed="0.000437"/>
</kw>
<kw name="Log" owner="BuiltIn">
<msg time="2024-04-14T01:22:46.735253" level="INFO">{'gender': 'male', 'name': {'title': 'Mr', 'first': 'Zachary', 'last': 'Bowman'}, 'location': {'street': {'number': 542, 'name': 'Church Road'}, 'city': 'Canterbury', 'state': 'Dumfries and Galloway', 'country': 'United Kingdom', 'postcode': 'I09 4EB', 'coordinates': {'latitude': '-7.6915', 'longitude': '-170.1586'}, 'timezone': {'offset': '+1:00', 'description': 'Brussels, Copenhagen, Madrid, Paris'}}, 'email': 'zachary.bowman@example.com', 'login': {'uuid': 'f1702241-5fd0-4c4c-9ac4-4ef8c46b9200', 'username': 'silverfish353', 'password': 'osiris', 'salt': 'v91cWsV2', 'md5': 'e595bedb6793e010d5b7af45b51bcf3f', 'sha1': 'b2618cfc2de0f311b54f03753586048344ee27b6', 'sha256': 'e6e50ba10970d3226b204f2761ecd6ce0548bf101280cf7969b3156fc4b4d3ac'}, 'dob': {'date': '1996-03-29T08:57:39.220Z', 'age': 28}, 'registered': {'date': '2021-06-27T23:06:36.502Z', 'age': 2}, 'phone': '0171 904 9277', 'cell': '07511 875344', 'id': {'name': 'NINO', 'value': 'KH 36 00 56 L'}, 'picture': {'large': 'https://randomuser.me/api/portraits/men/52.jpg', 'medium': 'https://randomuser.me/api/portraits/med/men/52.jpg', 'thumbnail': 'https://randomuser.me/api/portraits/thumb/men/52.jpg'}, 'nat': 'GB'}</msg>
<arg>${json_data['results'][0]}</arg>
<doc>Logs the given message with the given level.</doc>
<status status="PASS" start="2024-04-14T01:22:46.734858" elapsed="0.000450"/>
</kw>
<kw name="Log" owner="BuiltIn">
<msg time="2024-04-14T01:22:46.735753" level="INFO">name</msg>
<arg>${key}</arg>
<doc>Logs the given message with the given level.</doc>
<status status="PASS" start="2024-04-14T01:22:46.735619" elapsed="0.000172"/>
</kw>
<var name="${key}">name</var>
<status status="PASS" start="2024-04-14T01:22:46.733972" elapsed="0.002042"/>
</iter>
<iter>
<kw name="Dictionary Should Contain Key" owner="Collections">
<msg time="2024-04-14T01:22:46.736707" level="INFO">False</msg>
<arg>${json_data['results'][0]}</arg>
<arg>${key}</arg>
<doc>Fails if ``key`` is not found from ``dictionary``.</doc>
<status status="PASS" start="2024-04-14T01:22:46.736312" elapsed="0.000434"/>
</kw>
<kw name="Log" owner="BuiltIn">
<msg time="2024-04-14T01:22:46.737423" level="INFO">{'gender': 'male', 'name': {'title': 'Mr', 'first': 'Zachary', 'last': 'Bowman'}, 'location': {'street': {'number': 542, 'name': 'Church Road'}, 'city': 'Canterbury', 'state': 'Dumfries and Galloway', 'country': 'United Kingdom', 'postcode': 'I09 4EB', 'coordinates': {'latitude': '-7.6915', 'longitude': '-170.1586'}, 'timezone': {'offset': '+1:00', 'description': 'Brussels, Copenhagen, Madrid, Paris'}}, 'email': 'zachary.bowman@example.com', 'login': {'uuid': 'f1702241-5fd0-4c4c-9ac4-4ef8c46b9200', 'username': 'silverfish353', 'password': 'osiris', 'salt': 'v91cWsV2', 'md5': 'e595bedb6793e010d5b7af45b51bcf3f', 'sha1': 'b2618cfc2de0f311b54f03753586048344ee27b6', 'sha256': 'e6e50ba10970d3226b204f2761ecd6ce0548bf101280cf7969b3156fc4b4d3ac'}, 'dob': {'date': '1996-03-29T08:57:39.220Z', 'age': 28}, 'registered': {'date': '2021-06-27T23:06:36.502Z', 'age': 2}, 'phone': '0171 904 9277', 'cell': '07511 875344', 'id': {'name': 'NINO', 'value': 'KH 36 00 56 L'}, 'picture': {'large': 'https://randomuser.me/api/portraits/men/52.jpg', 'medium': 'https://randomuser.me/api/portraits/med/men/52.jpg', 'thumbnail': 'https://randomuser.me/api/portraits/thumb/men/52.jpg'}, 'nat': 'GB'}</msg>
<arg>${json_data['results'][0]}</arg>
<doc>Logs the given message with the given level.</doc>
<status status="PASS" start="2024-04-14T01:22:46.737048" elapsed="0.000424"/>
</kw>
<kw name="Log" owner="BuiltIn">
<msg time="2024-04-14T01:22:46.737905" level="INFO">location</msg>
<arg>${key}</arg>
<doc>Logs the given message with the given level.</doc>
<status status="PASS" start="2024-04-14T01:22:46.737776" elapsed="0.000167"/>
</kw>
<var name="${key}">location</var>
<status status="PASS" start="2024-04-14T01:22:46.736198" elapsed="0.001964"/>
</iter>
<iter>
<kw name="Dictionary Should Contain Key" owner="Collections">
<msg time="2024-04-14T01:22:46.738838" level="INFO">False</msg>
<arg>${json_data['results'][0]}</arg>
<arg>${key}</arg>
<doc>Fails if ``key`` is not found from ``dictionary``.</doc>
<status status="PASS" start="2024-04-14T01:22:46.738449" elapsed="0.000434"/>
</kw>
<kw name="Log" owner="BuiltIn">
<msg time="2024-04-14T01:22:46.739606" level="INFO">{'gender': 'male', 'name': {'title': 'Mr', 'first': 'Zachary', 'last': 'Bowman'}, 'location': {'street': {'number': 542, 'name': 'Church Road'}, 'city': 'Canterbury', 'state': 'Dumfries and Galloway', 'country': 'United Kingdom', 'postcode': 'I09 4EB', 'coordinates': {'latitude': '-7.6915', 'longitude': '-170.1586'}, 'timezone': {'offset': '+1:00', 'description': 'Brussels, Copenhagen, Madrid, Paris'}}, 'email': 'zachary.bowman@example.com', 'login': {'uuid': 'f1702241-5fd0-4c4c-9ac4-4ef8c46b9200', 'username': 'silverfish353', 'password': 'osiris', 'salt': 'v91cWsV2', 'md5': 'e595bedb6793e010d5b7af45b51bcf3f', 'sha1': 'b2618cfc2de0f311b54f03753586048344ee27b6', 'sha256': 'e6e50ba10970d3226b204f2761ecd6ce0548bf101280cf7969b3156fc4b4d3ac'}, 'dob': {'date': '1996-03-29T08:57:39.220Z', 'age': 28}, 'registered': {'date': '2021-06-27T23:06:36.502Z', 'age': 2}, 'phone': '0171 904 9277', 'cell': '07511 875344', 'id': {'name': 'NINO', 'value': 'KH 36 00 56 L'}, 'picture': {'large': 'https://randomuser.me/api/portraits/men/52.jpg', 'medium': 'https://randomuser.me/api/portraits/med/men/52.jpg', 'thumbnail': 'https://randomuser.me/api/portraits/thumb/men/52.jpg'}, 'nat': 'GB'}</msg>
<arg>${json_data['results'][0]}</arg>
<doc>Logs the given message with the given level.</doc>
<status status="PASS" start="2024-04-14T01:22:46.739239" elapsed="0.000417"/>
</kw>
<kw name="Log" owner="BuiltIn">
<msg time="2024-04-14T01:22:46.740094" level="INFO">email</msg>
<arg>${key}</arg>
<doc>Logs the given message with the given level.</doc>
<status status="PASS" start="2024-04-14T01:22:46.739965" elapsed="0.000169"/>
</kw>
<var name="${key}">email</var>
<status status="PASS" start="2024-04-14T01:22:46.738337" elapsed="0.002013"/>
</iter>
<iter>
<kw name="Dictionary Should Contain Key" owner="Collections">
<msg time="2024-04-14T01:22:46.741023" level="INFO">False</msg>
<arg>${json_data['results'][0]}</arg>
<arg>${key}</arg>
<doc>Fails if ``key`` is not found from ``dictionary``.</doc>
<status status="PASS" start="2024-04-14T01:22:46.740637" elapsed="0.000425"/>
</kw>
<kw name="Log" owner="BuiltIn">
<msg time="2024-04-14T01:22:46.741743" level="INFO">{'gender': 'male', 'name': {'title': 'Mr', 'first': 'Zachary', 'last': 'Bowman'}, 'location': {'street': {'number': 542, 'name': 'Church Road'}, 'city': 'Canterbury', 'state': 'Dumfries and Galloway', 'country': 'United Kingdom', 'postcode': 'I09 4EB', 'coordinates': {'latitude': '-7.6915', 'longitude': '-170.1586'}, 'timezone': {'offset': '+1:00', 'description': 'Brussels, Copenhagen, Madrid, Paris'}}, 'email': 'zachary.bowman@example.com', 'login': {'uuid': 'f1702241-5fd0-4c4c-9ac4-4ef8c46b9200', 'username': 'silverfish353', 'password': 'osiris', 'salt': 'v91cWsV2', 'md5': 'e595bedb6793e010d5b7af45b51bcf3f', 'sha1': 'b2618cfc2de0f311b54f03753586048344ee27b6', 'sha256': 'e6e50ba10970d3226b204f2761ecd6ce0548bf101280cf7969b3156fc4b4d3ac'}, 'dob': {'date': '1996-03-29T08:57:39.220Z', 'age': 28}, 'registered': {'date': '2021-06-27T23:06:36.502Z', 'age': 2}, 'phone': '0171 904 9277', 'cell': '07511 875344', 'id': {'name': 'NINO', 'value': 'KH 36 00 56 L'}, 'picture': {'large': 'https://randomuser.me/api/portraits/men/52.jpg', 'medium': 'https://randomuser.me/api/portraits/med/men/52.jpg', 'thumbnail': 'https://randomuser.me/api/portraits/thumb/men/52.jpg'}, 'nat': 'GB'}</msg>
<arg>${json_data['results'][0]}</arg>
<doc>Logs the given message with the given level.</doc>
<status status="PASS" start="2024-04-14T01:22:46.741367" elapsed="0.000424"/>
</kw>
<kw name="Log" owner="BuiltIn">
<msg time="2024-04-14T01:22:46.742227" level="INFO">login</msg>
<arg>${key}</arg>
<doc>Logs the given message with the given level.</doc>
<status status="PASS" start="2024-04-14T01:22:46.742099" elapsed="0.000202"/>
</kw>
<var name="${key}">login</var>
<status status="PASS" start="2024-04-14T01:22:46.740525" elapsed="0.002005"/>
</iter>
<var>${key}</var>
<value>@{expected_keys}</value>
<status status="PASS" start="2024-04-14T01:22:46.731588" elapsed="0.011069"/>
</for>
<kw name="Create List" owner="BuiltIn">
<msg time="2024-04-14T01:22:46.742988" level="INFO">${expected_keysTwo} = ['username', 'password']</msg>
<var>${expected_keysTwo}</var>
<arg>username</arg>
<arg>password</arg>
<doc>Returns a list containing given items.</doc>
<status status="PASS" start="2024-04-14T01:22:46.742850" elapsed="0.000161"/>
</kw>
<for flavor="IN">
<iter>
<kw name="Dictionary Should Contain Key" owner="Collections">
<msg time="2024-04-14T01:22:46.744037" level="INFO">False</msg>
<arg>${json_data['results'][0]['login']}</arg>
<arg>${keyTwo}</arg>
<doc>Fails if ``key`` is not found from ``dictionary``.</doc>
<status status="PASS" start="2024-04-14T01:22:46.743649" elapsed="0.000426"/>
</kw>
<kw name="Dictionary Should Contain Key" owner="Collections">
<msg time="2024-04-14T01:22:46.744765" level="INFO">False</msg>
<arg>${json_data['results'][0]['login']}</arg>
<arg>${keyTwo}</arg>
<doc>Fails if ``key`` is not found from ``dictionary``.</doc>
<status status="PASS" start="2024-04-14T01:22:46.744379" elapsed="0.000423"/>
</kw>
<kw name="Log" owner="BuiltIn">
<msg time="2024-04-14T01:22:46.745229" level="INFO">username</msg>
<arg>${keyTwo}</arg>
<doc>Logs the given message with the given level.</doc>
<status status="PASS" start="2024-04-14T01:22:46.745101" elapsed="0.000166"/>
</kw>
<var name="${keyTwo}">username</var>
<status status="PASS" start="2024-04-14T01:22:46.743532" elapsed="0.001956"/>
</iter>
<iter>
<kw name="Dictionary Should Contain Key" owner="Collections">
<msg time="2024-04-14T01:22:46.746164" level="INFO">False</msg>
<arg>${json_data['results'][0]['login']}</arg>
<arg>${keyTwo}</arg>
<doc>Fails if ``key`` is not found from ``dictionary``.</doc>
<status status="PASS" start="2024-04-14T01:22:46.745781" elapsed="0.000421"/>
</kw>
<kw name="Dictionary Should Contain Key" owner="Collections">
<msg time="2024-04-14T01:22:46.746881" level="INFO">False</msg>
<arg>${json_data['results'][0]['login']}</arg>
<arg>${keyTwo}</arg>
<doc>Fails if ``key`` is not found from ``dictionary``.</doc>
<status status="PASS" start="2024-04-14T01:22:46.746502" elapsed="0.000417"/>
</kw>
<kw name="Log" owner="BuiltIn">
<msg time="2024-04-14T01:22:46.747396" level="INFO">password</msg>
<arg>${keyTwo}</arg>
<doc>Logs the given message with the given level.</doc>
<status status="PASS" start="2024-04-14T01:22:46.747261" elapsed="0.000174"/>
</kw>
<var name="${keyTwo}">password</var>
<status status="PASS" start="2024-04-14T01:22:46.745668" elapsed="0.001989"/>
</iter>
<var>${keyTwo}</var>
<value>@{expected_keysTwo}</value>
<status status="PASS" start="2024-04-14T01:22:46.743275" elapsed="0.004507"/>
</for>
<status status="PASS" start="2024-04-14T01:22:46.627483" elapsed="0.120441"/>
</kw>
<doc>Testa a estrutura da resposta da API.</doc>
<tag>testeEstruturaResposta</tag>
<status status="PASS" start="2024-04-14T01:22:46.626815" elapsed="0.121266"/>
</test>
<test id="s1-s1-t4" name="Validar tipos de dados" line="28">
<kw name="Teste de Tipos de Dados" owner="random-user-service">
<kw name="GET On Session" owner="RequestsLibrary">
<msg time="2024-04-14T01:22:46.821318" level="INFO">GET Request : url=https://randomuser.me/api 
 path_url=/api 
 headers={'User-Agent': 'python-requests/2.31.0', 'Accept-Encoding': 'gzip, deflate', 'Accept': '*/*', 'Connection': 'keep-alive'} 
 body=None 
 </msg>
<msg time="2024-04-14T01:22:46.821395" level="INFO">GET Response : url=https://randomuser.me/api 
 status=200, reason=OK 
 headers={'Date': 'Sun, 14 Apr 2024 01:22:46 GMT', 'Content-Type': 'application/json; charset=utf-8', 'Transfer-Encoding': 'chunked', 'Connection': 'keep-alive', 'X-Powered-By': 'Express', 'Access-Control-Allow-Origin': '*', 'Cache-Control': 'no-cache', 'ETag': 'W/"4b0-i6+QWFzgTMmaphP/tFlH0EvbIT0"', 'Vary': 'Accept-Encoding', 'Content-Encoding': 'gzip', 'CF-Cache-Status': 'DYNAMIC', 'Report-To': '{"endpoints":[{"url":"https:\\/\\/a.nel.cloudflare.com\\/report\\/v4?s=lr9LgFz4Z7%2FdnLbo7xTI%2FjH7zdOvk0Leg2iIzGEQOa9NyNJlsXH0fMrDaCZbYhDSk%2Fk82Z17a1paUgY9dn0VvWf%2FeORX4Tna%2BDhg2vz75wOX1Zmd6qQM9Kq8fHZS%2F%2Fn3"}],"group":"cf-nel","max_age":604800}', 'NEL': '{"success_fraction":0,"report_to":"cf-nel","max_age":604800}', 'Server': 'cloudflare', 'CF-RAY': '873fe3023d8d3af4-IAD', 'alt-svc': 'h3=":443"; ma=86400'} 
 body={"results":[{"gender":"female","name":{"title":"Mrs","first":"Dolores","last":"da Cunha"},"location":{"street":{"number":3206,"name":"Rua José Bonifácio "},"city":"Pindamonhangaba","state":"Pernambuco","country":"Brazil","postcode":87145,"coordinates":{"latitude":"-81.0274","longitude":"79.0344"},"timezone":{"offset":"+1:00","description":"Brussels, Copenhagen, Madrid, Paris"}},"email":"dolores.dacunha@example.com","login":{"uuid":"339755a9-de2c-47e0-be88-404e31239742","username":"orangefrog123","password":"letter","salt":"6jXC3bE4","md5":"8bb3e7f40fc787fc112e40c33e03eb0b","sha1":"fc506746b9dae96104878c8ad399f05f86b02ece","sha256":"5929712368ff48a89ba6898693bb80bea26fe03f2d9a77821d98e9b20ad5cd38"},"dob":{"date":"1959-11-13T14:33:15.118Z","age":64},"registered":{"date":"2020-12-05T02:09:37.655Z","age":3},"phone":"(01) 2542-1106","cell":"(85) 4469-9969","id":{"name":"CPF","value":"024.487.093-73"},"picture":{"large":"https://randomuser.me/api/portraits/women/23.jpg","medium":"https://randomuser.me/api/portraits/med/women/23.jpg","thumbnail":"https://randomuser.me/api/portraits/thumb/women/23.jpg"},"nat":"BR"}],"info":{"seed":"e88bc5b125f50409","results":1,"page":1,"version":"1.4"}} 
 </msg>
<msg time="2024-04-14T01:22:46.821466" level="INFO">/opt/hostedtoolcache/Python/3.12.2/x64/lib/python3.12/site-packages/urllib3/connectionpool.py:1103: InsecureRequestWarning: Unverified HTTPS request is being made to host 'randomuser.me'. Adding certificate verification is strongly advised. See: https://urllib3.readthedocs.io/en/latest/advanced-usage.html#tls-warnings
  warnings.warn(</msg>
<msg time="2024-04-14T01:22:46.821593" level="INFO">${response} = &lt;Response [200]&gt;</msg>
<var>${response}</var>
<arg>consultarAPI</arg>
<arg>/api</arg>
<doc>Sends a GET request on a previously created HTTP Session.</doc>
<status status="PASS" start="2024-04-14T01:22:46.750534" elapsed="0.071111"/>
</kw>
<kw name="Set Variable" owner="BuiltIn">
<msg time="2024-04-14T01:22:46.822497" level="INFO">${json_data} = {'results': [{'gender': 'female', 'name': {'title': 'Mrs', 'first': 'Dolores', 'last': 'da Cunha'}, 'location': {'street': {'number': 3206, 'name': 'Rua José Bonifácio '}, 'city': 'Pindamonhangaba', '...</msg>
<var>${json_data}</var>
<arg>${response.json()}</arg>
<doc>Returns the given values which can then be assigned to a variables.</doc>
<status status="PASS" start="2024-04-14T01:22:46.822040" elapsed="0.000486"/>
</kw>
<kw name="Log" owner="BuiltIn">
<msg time="2024-04-14T01:22:46.823001" level="INFO">{'results': [{'gender': 'female', 'name': {'title': 'Mrs', 'first': 'Dolores', 'last': 'da Cunha'}, 'location': {'street': {'number': 3206, 'name': 'Rua José Bonifácio '}, 'city': 'Pindamonhangaba', 'state': 'Pernambuco', 'country': 'Brazil', 'postcode': 87145, 'coordinates': {'latitude': '-81.0274', 'longitude': '79.0344'}, 'timezone': {'offset': '+1:00', 'description': 'Brussels, Copenhagen, Madrid, Paris'}}, 'email': 'dolores.dacunha@example.com', 'login': {'uuid': '339755a9-de2c-47e0-be88-404e31239742', 'username': 'orangefrog123', 'password': 'letter', 'salt': '6jXC3bE4', 'md5': '8bb3e7f40fc787fc112e40c33e03eb0b', 'sha1': 'fc506746b9dae96104878c8ad399f05f86b02ece', 'sha256': '5929712368ff48a89ba6898693bb80bea26fe03f2d9a77821d98e9b20ad5cd38'}, 'dob': {'date': '1959-11-13T14:33:15.118Z', 'age': 64}, 'registered': {'date': '2020-12-05T02:09:37.655Z', 'age': 3}, 'phone': '(01) 2542-1106', 'cell': '(85) 4469-9969', 'id': {'name': 'CPF', 'value': '024.487.093-73'}, 'picture': {'large': 'https://randomuser.me/api/portraits/women/23.jpg', 'medium': 'https://randomuser.me/api/portraits/med/women/23.jpg', 'thumbnail': 'https://randomuser.me/api/portraits/thumb/women/23.jpg'}, 'nat': 'BR'}], 'info': {'seed': 'e88bc5b125f50409', 'results': 1, 'page': 1, 'version': '1.4'}}</msg>
<arg>${json_data}</arg>
<doc>Logs the given message with the given level.</doc>
<status status="PASS" start="2024-04-14T01:22:46.822840" elapsed="0.000287"/>
</kw>
<kw name="Should Be String" owner="String">
<arg>${json_data['results'][0]['gender']}</arg>
<doc>Fails if the given ``item`` is not a string.</doc>
<status status="PASS" start="2024-04-14T01:22:46.823448" elapsed="0.000360"/>
</kw>
<kw name="Should Match Regexp" owner="BuiltIn">
<arg>${json_data['results'][0]['email']}</arg>
<arg>^[a-zA-Z0-9._%+-]+@[a-zA-Z0-9.-]+\.[a-zA-Z]{2,}$</arg>
<doc>Fails if ``string`` does not match ``pattern`` as a regular expression.</doc>
<status status="PASS" start="2024-04-14T01:22:46.824003" elapsed="0.000515"/>
</kw>
<kw name="Should Match Regexp" owner="BuiltIn">
<arg>${json_data['results'][0]['dob']['date']}</arg>
<arg>\\d{4}-\\d{2}-\\d{2}T\\d{2}:\\d{2}:\\d{2}\\.\\d{3}Z</arg>
<doc>Fails if ``string`` does not match ``pattern`` as a regular expression.</doc>
<status status="PASS" start="2024-04-14T01:22:46.824718" elapsed="0.000491"/>
</kw>
<kw name="Should Match Regexp" owner="BuiltIn">
<arg>${json_data['results'][0]['registered']['date']}</arg>
<arg>\\d{4}-\\d{2}-\\d{2}T\\d{2}:\\d{2}:\\d{2}\\.\\d{3}Z</arg>
<doc>Fails if ``string`` does not match ``pattern`` as a regular expression.</doc>
<status status="PASS" start="2024-04-14T01:22:46.825410" elapsed="0.000368"/>
</kw>
<kw name="Should Match Regexp" owner="BuiltIn">
<arg>${json_data['results'][0]['picture']['large']}</arg>
<arg>^https?://.*\.(?:png|jpe?g|gif|bmp)$</arg>
<doc>Fails if ``string`` does not match ``pattern`` as a regular expression.</doc>
<status status="PASS" start="2024-04-14T01:22:46.825965" elapsed="0.000452"/>
</kw>
<kw name="Should Match Regexp" owner="BuiltIn">
<arg>${json_data['results'][0]['picture']['medium']}</arg>
<arg>^https?://.*\.(?:png|jpe?g|gif|bmp)$</arg>
<doc>Fails if ``string`` does not match ``pattern`` as a regular expression.</doc>
<status status="PASS" start="2024-04-14T01:22:46.826614" elapsed="0.000352"/>
</kw>
<kw name="Should Match Regexp" owner="BuiltIn">
<arg>${json_data['results'][0]['picture']['thumbnail']}</arg>
<arg>^https?://.*\.(?:png|jpe?g|gif|bmp)$</arg>
<doc>Fails if ``string`` does not match ``pattern`` as a regular expression.</doc>
<status status="PASS" start="2024-04-14T01:22:46.827183" elapsed="0.000361"/>
</kw>
<kw name="Log" owner="BuiltIn">
<msg time="2024-04-14T01:22:46.828058" level="INFO">{'large': 'https://randomuser.me/api/portraits/women/23.jpg', 'medium': 'https://randomuser.me/api/portraits/med/women/23.jpg', 'thumbnail': 'https://randomuser.me/api/portraits/thumb/women/23.jpg'}</msg>
<arg>${json_data['results'][0]['picture']}</arg>
<doc>Logs the given message with the given level.</doc>
<status status="PASS" start="2024-04-14T01:22:46.827726" elapsed="0.000375"/>
</kw>
<status status="PASS" start="2024-04-14T01:22:46.750302" elapsed="0.078057"/>
</kw>
<kw name="Teste de Tipos de Dados - Postcode" owner="random-user-service">
<kw name="GET On Session" owner="RequestsLibrary">
<msg time="2024-04-14T01:22:46.919451" level="INFO">GET Request : url=https://randomuser.me/api 
 path_url=/api 
 headers={'User-Agent': 'python-requests/2.31.0', 'Accept-Encoding': 'gzip, deflate', 'Accept': '*/*', 'Connection': 'keep-alive'} 
 body=None 
 </msg>
<msg time="2024-04-14T01:22:46.919528" level="INFO">GET Response : url=https://randomuser.me/api 
 status=200, reason=OK 
 headers={'Date': 'Sun, 14 Apr 2024 01:22:46 GMT', 'Content-Type': 'application/json; charset=utf-8', 'Transfer-Encoding': 'chunked', 'Connection': 'keep-alive', 'X-Powered-By': 'Express', 'Access-Control-Allow-Origin': '*', 'Cache-Control': 'no-cache', 'ETag': 'W/"490-DwMs8dTP8tNcK7lv8dH971gsdeI"', 'Vary': 'Accept-Encoding', 'Content-Encoding': 'gzip', 'CF-Cache-Status': 'DYNAMIC', 'Report-To': '{"endpoints":[{"url":"https:\\/\\/a.nel.cloudflare.com\\/report\\/v4?s=LzHbgB0tPC2F0V0UfkWNEBvgUcIL4JROS4Vai9%2F0Sxs%2BsMQXoO9vcM%2BLqH7r7q3aWSbvA2xLeseq%2BoNzh6eRO%2BNqvHwSf66%2BKpsQ%2BsPZ94%2BVftbiLnmZ%2FdMbXKCe2vQ7"}],"group":"cf-nel","max_age":604800}', 'NEL': '{"success_fraction":0,"report_to":"cf-nel","max_age":604800}', 'Server': 'cloudflare', 'CF-RAY': '873fe302be063af4-IAD', 'alt-svc': 'h3=":443"; ma=86400'} 
 body={"results":[{"gender":"female","name":{"title":"Mrs","first":"Patricia","last":"Cook"},"location":{"street":{"number":2162,"name":"Victoria Road"},"city":"Skerries","state":"Laois","country":"Ireland","postcode":88854,"coordinates":{"latitude":"-2.1173","longitude":"82.7563"},"timezone":{"offset":"+9:00","description":"Tokyo, Seoul, Osaka, Sapporo, Yakutsk"}},"email":"patricia.cook@example.com","login":{"uuid":"c28e3ed7-ef0a-4eb0-b26e-71966f25c4a0","username":"whitekoala211","password":"helium","salt":"7cO4TcBj","md5":"209476c0607405b056a3fe9145f1b97b","sha1":"118bdc14bd2027302a4e640294910ef702bddcbd","sha256":"35e9b73284db6ad55e156a0d6e681f49d765f20a43dfbb2ae06d0d4971987d3e"},"dob":{"date":"1977-02-24T11:37:30.577Z","age":47},"registered":{"date":"2010-01-31T05:41:41.752Z","age":14},"phone":"071-137-2604","cell":"081-387-6880","id":{"name":"PPS","value":"1771258T"},"picture":{"large":"https://randomuser.me/api/portraits/women/38.jpg","medium":"https://randomuser.me/api/portraits/med/women/38.jpg","thumbnail":"https://randomuser.me/api/portraits/thumb/women/38.jpg"},"nat":"IE"}],"info":{"seed":"4123a4b51f14a7f3","results":1,"page":1,"version":"1.4"}} 
 </msg>
<msg time="2024-04-14T01:22:46.919609" level="INFO">/opt/hostedtoolcache/Python/3.12.2/x64/lib/python3.12/site-packages/urllib3/connectionpool.py:1103: InsecureRequestWarning: Unverified HTTPS request is being made to host 'randomuser.me'. Adding certificate verification is strongly advised. See: https://urllib3.readthedocs.io/en/latest/advanced-usage.html#tls-warnings
  warnings.warn(</msg>
<msg time="2024-04-14T01:22:46.919740" level="INFO">${response} = &lt;Response [200]&gt;</msg>
<var>${response}</var>
<arg>consultarAPI</arg>
<arg>/api</arg>
<doc>Sends a GET request on a previously created HTTP Session.</doc>
<status status="PASS" start="2024-04-14T01:22:46.828804" elapsed="0.090988"/>
</kw>
<kw name="Set Variable" owner="BuiltIn">
<msg time="2024-04-14T01:22:46.920749" level="INFO">${json_data} = {'results': [{'gender': 'female', 'name': {'title': 'Mrs', 'first': 'Patricia', 'last': 'Cook'}, 'location': {'street': {'number': 2162, 'name': 'Victoria Road'}, 'city': 'Skerries', 'state': 'Laois',...</msg>
<var>${json_data}</var>
<arg>${response.json()}</arg>
<doc>Returns the given values which can then be assigned to a variables.</doc>
<status status="PASS" start="2024-04-14T01:22:46.920214" elapsed="0.000563"/>
</kw>
<kw name="Log" owner="BuiltIn">
<msg time="2024-04-14T01:22:46.921234" level="INFO">{'results': [{'gender': 'female', 'name': {'title': 'Mrs', 'first': 'Patricia', 'last': 'Cook'}, 'location': {'street': {'number': 2162, 'name': 'Victoria Road'}, 'city': 'Skerries', 'state': 'Laois', 'country': 'Ireland', 'postcode': 88854, 'coordinates': {'latitude': '-2.1173', 'longitude': '82.7563'}, 'timezone': {'offset': '+9:00', 'description': 'Tokyo, Seoul, Osaka, Sapporo, Yakutsk'}}, 'email': 'patricia.cook@example.com', 'login': {'uuid': 'c28e3ed7-ef0a-4eb0-b26e-71966f25c4a0', 'username': 'whitekoala211', 'password': 'helium', 'salt': '7cO4TcBj', 'md5': '209476c0607405b056a3fe9145f1b97b', 'sha1': '118bdc14bd2027302a4e640294910ef702bddcbd', 'sha256': '35e9b73284db6ad55e156a0d6e681f49d765f20a43dfbb2ae06d0d4971987d3e'}, 'dob': {'date': '1977-02-24T11:37:30.577Z', 'age': 47}, 'registered': {'date': '2010-01-31T05:41:41.752Z', 'age': 14}, 'phone': '071-137-2604', 'cell': '081-387-6880', 'id': {'name': 'PPS', 'value': '1771258T'}, 'picture': {'large': 'https://randomuser.me/api/portraits/women/38.jpg', 'medium': 'https://randomuser.me/api/portraits/med/women/38.jpg', 'thumbnail': 'https://randomuser.me/api/portraits/thumb/women/38.jpg'}, 'nat': 'IE'}], 'info': {'seed': '4123a4b51f14a7f3', 'results': 1, 'page': 1, 'version': '1.4'}}</msg>
<arg>${json_data}</arg>
<doc>Logs the given message with the given level.</doc>
<status status="PASS" start="2024-04-14T01:22:46.921082" elapsed="0.000231"/>
</kw>
<kw name="Should Be Equal As Numbers" owner="BuiltIn">
<arg>${json_data['results'][0]['location']['postcode']}</arg>
<arg>${json_data['results'][0]['location']['postcode']}</arg>
<doc>Fails if objects are unequal after converting them to real numbers.</doc>
<status status="PASS" start="2024-04-14T01:22:46.921616" elapsed="0.000617"/>
</kw>
<kw name="Log" owner="BuiltIn">
<msg time="2024-04-14T01:22:46.922781" level="INFO">88854</msg>
<arg>${json_data['results'][0]['location']['postcode']}</arg>
<doc>Logs the given message with the given level.</doc>
<status status="PASS" start="2024-04-14T01:22:46.922427" elapsed="0.000396"/>
</kw>
<status status="PASS" start="2024-04-14T01:22:46.828576" elapsed="0.094537"/>
</kw>
<doc>Testa se os tipos de dados na resposta da API estão corretos.</doc>
<tag>testeTiposDados</tag>
<status status="PASS" start="2024-04-14T01:22:46.749859" elapsed="0.173428"/>
</test>
<test id="s1-s1-t5" name="Validar conteudo" line="35">
<kw name="Teste de Tipos de Conteudo" owner="random-user-service">
<kw name="GET On Session" owner="RequestsLibrary">
<msg time="2024-04-14T01:22:47.021700" level="INFO">GET Request : url=https://randomuser.me/api 
 path_url=/api 
 headers={'User-Agent': 'python-requests/2.31.0', 'Accept-Encoding': 'gzip, deflate', 'Accept': '*/*', 'Connection': 'keep-alive'} 
 body=None 
 </msg>
<msg time="2024-04-14T01:22:47.021809" level="INFO">GET Response : url=https://randomuser.me/api 
 status=200, reason=OK 
 headers={'Date': 'Sun, 14 Apr 2024 01:22:47 GMT', 'Content-Type': 'application/json; charset=utf-8', 'Transfer-Encoding': 'chunked', 'Connection': 'keep-alive', 'X-Powered-By': 'Express', 'Access-Control-Allow-Origin': '*', 'Cache-Control': 'no-cache', 'ETag': 'W/"46d-udDooSIjpLvu/a+S94TlTA4X+fQ"', 'Vary': 'Accept-Encoding', 'Content-Encoding': 'gzip', 'CF-Cache-Status': 'DYNAMIC', 'Report-To': '{"endpoints":[{"url":"https:\\/\\/a.nel.cloudflare.com\\/report\\/v4?s=%2FAqkeLHlLKVh6ROCbWCGRTOlyypK6sn9%2FOJfag4oOz6I0LGz5vB6gDZH0oTiRrCieG6ICqt6DI8oVf0of8KBtxj8L0TdXwMPwKY5Y%2FD8DmONEWlhdxK6BXcb%2B1l%2BkZT8"}],"group":"cf-nel","max_age":604800}', 'NEL': '{"success_fraction":0,"report_to":"cf-nel","max_age":604800}', 'Server': 'cloudflare', 'CF-RAY': '873fe3034ea43af4-IAD', 'alt-svc': 'h3=":443"; ma=86400'} 
 body={"results":[{"gender":"female","name":{"title":"Ms","first":"Eva","last":"Lam"},"location":{"street":{"number":5996,"name":"Bay Ave"},"city":"Princeton","state":"Manitoba","country":"Canada","postcode":"H3E 1M3","coordinates":{"latitude":"-67.7233","longitude":"128.7535"},"timezone":{"offset":"-2:00","description":"Mid-Atlantic"}},"email":"eva.lam@example.com","login":{"uuid":"77d593a3-f9ab-4369-99d7-65262badd2a7","username":"lazykoala425","password":"squash","salt":"MPTmyMYK","md5":"d14b8eadccf8290dc818a9e75c3da9d5","sha1":"c1560d052a0e4ec2e559b64fbd98284ed380ec0d","sha256":"ba03d8d02d9f5bda84fcffa79e120ba1d97509e6b0d2cc9c6f7ac22c88dc66c5"},"dob":{"date":"1952-07-17T06:28:50.979Z","age":71},"registered":{"date":"2010-10-12T15:49:54.851Z","age":13},"phone":"T68 V16-4536","cell":"L34 F96-6863","id":{"name":"SIN","value":"666961321"},"picture":{"large":"https://randomuser.me/api/portraits/women/17.jpg","medium":"https://randomuser.me/api/portraits/med/women/17.jpg","thumbnail":"https://randomuser.me/api/portraits/thumb/women/17.jpg"},"nat":"CA"}],"info":{"seed":"2f5dbba9066ac3eb","results":1,"page":1,"version":"1.4"}} 
 </msg>
<msg time="2024-04-14T01:22:47.021892" level="INFO">/opt/hostedtoolcache/Python/3.12.2/x64/lib/python3.12/site-packages/urllib3/connectionpool.py:1103: InsecureRequestWarning: Unverified HTTPS request is being made to host 'randomuser.me'. Adding certificate verification is strongly advised. See: https://urllib3.readthedocs.io/en/latest/advanced-usage.html#tls-warnings
  warnings.warn(</msg>
<msg time="2024-04-14T01:22:47.022053" level="INFO">${response} = &lt;Response [200]&gt;</msg>
<var>${response}</var>
<arg>consultarAPI</arg>
<arg>/api</arg>
<doc>Sends a GET request on a previously created HTTP Session.</doc>
<status status="PASS" start="2024-04-14T01:22:46.926092" elapsed="0.096016"/>
</kw>
<kw name="Set Variable" owner="BuiltIn">
<msg time="2024-04-14T01:22:47.023216" level="INFO">${json_data} = {'results': [{'gender': 'female', 'name': {'title': 'Ms', 'first': 'Eva', 'last': 'Lam'}, 'location': {'street': {'number': 5996, 'name': 'Bay Ave'}, 'city': 'Princeton', 'state': 'Manitoba', 'country...</msg>
<var>${json_data}</var>
<arg>${response.json()}</arg>
<doc>Returns the given values which can then be assigned to a variables.</doc>
<status status="PASS" start="2024-04-14T01:22:47.022637" elapsed="0.000609"/>
</kw>
<kw name="Set Variable" owner="BuiltIn">
<msg time="2024-04-14T01:22:47.023987" level="INFO">${name_title} = Ms</msg>
<var>${name_title}</var>
<arg>${json_data["results"][0]["name"]["title"]}</arg>
<doc>Returns the given values which can then be assigned to a variables.</doc>
<status status="PASS" start="2024-04-14T01:22:47.023587" elapsed="0.000427"/>
</kw>
<kw name="Create List" owner="BuiltIn">
<msg time="2024-04-14T01:22:47.024482" level="INFO">${allowed_titles} = ['Mr', 'Ms', 'Miss', 'Mrs', 'Madame', 'Monsieur']</msg>
<var>${allowed_titles}</var>
<arg>Mr</arg>
<arg>Ms</arg>
<arg>Miss</arg>
<arg>Mrs</arg>
<arg>Madame</arg>
<arg>Monsieur</arg>
<doc>Returns a list containing given items.</doc>
<status status="PASS" start="2024-04-14T01:22:47.024326" elapsed="0.000182"/>
</kw>
<kw name="List Should Contain Value" owner="Collections">
<msg time="2024-04-14T01:22:47.025018" level="INFO">False</msg>
<arg>${allowed_titles}</arg>
<arg>${name_title}</arg>
<doc>Fails if the ``value`` is not found from ``list``.</doc>
<status status="PASS" start="2024-04-14T01:22:47.024834" elapsed="0.000225"/>
</kw>
<kw name="Set Variable" owner="BuiltIn">
<msg time="2024-04-14T01:22:47.025751" level="INFO">${name_country} = CA</msg>
<var>${name_country}</var>
<arg>${json_data["results"][0]["nat"]}</arg>
<doc>Returns the given values which can then be assigned to a variables.</doc>
<status status="PASS" start="2024-04-14T01:22:47.025358" elapsed="0.000419"/>
</kw>
<kw name="Create List" owner="BuiltIn">
<msg time="2024-04-14T01:22:47.026709" level="INFO">${list_country} = ['AD', 'AE', 'AF', 'AG', 'AI', 'AL', 'AM', 'AO', 'AQ', 'AR', 'AS', 'AT', 'AU', 'AW', 'AX', 'AZ', 'BA', 'BB', 'BD', 'BE', 'BF', 'BG', 'BH', 'BI', 'BJ', 'BL', 'BM', 'BN', 'BO', 'BQ', 'BR', 'BS', 'BT', '...</msg>
<var>${list_country}</var>
<arg>AD</arg>
<arg>AE</arg>
<arg>AF</arg>
<arg>AG</arg>
<arg>AI</arg>
<arg>AL</arg>
<arg>AM</arg>
<arg>AO</arg>
<arg>AQ</arg>
<arg>AR</arg>
<arg>AS</arg>
<arg>AT</arg>
<arg>AU</arg>
<arg>AW</arg>
<arg>AX</arg>
<arg>AZ</arg>
<arg>BA</arg>
<arg>BB</arg>
<arg>BD</arg>
<arg>BE</arg>
<arg>BF</arg>
<arg>BG</arg>
<arg>BH</arg>
<arg>BI</arg>
<arg>BJ</arg>
<arg>BL</arg>
<arg>BM</arg>
<arg>BN</arg>
<arg>BO</arg>
<arg>BQ</arg>
<arg>BR</arg>
<arg>BS</arg>
<arg>BT</arg>
<arg>BV</arg>
<arg>BW</arg>
<arg>BY</arg>
<arg>BZ</arg>
<arg>CA</arg>
<arg>CC</arg>
<arg>CD</arg>
<arg>CF</arg>
<arg>CG</arg>
<arg>CH</arg>
<arg>CI</arg>
<arg>CK</arg>
<arg>CL</arg>
<arg>CM</arg>
<arg>CN</arg>
<arg>CO</arg>
<arg>CR</arg>
<arg>CU</arg>
<arg>CV</arg>
<arg>CW</arg>
<arg>CX</arg>
<arg>CY</arg>
<arg>CZ</arg>
<arg>DE</arg>
<arg>DJ</arg>
<arg>DK</arg>
<arg>DM</arg>
<arg>DO</arg>
<arg>DZ</arg>
<arg>EC</arg>
<arg>EE</arg>
<arg>EG</arg>
<arg>EH</arg>
<arg>ER</arg>
<arg>ES</arg>
<arg>ET</arg>
<arg>FI</arg>
<arg>FJ</arg>
<arg>FK</arg>
<arg>FM</arg>
<arg>FO</arg>
<arg>FR</arg>
<arg>GA</arg>
<arg>GB</arg>
<arg>GD</arg>
<arg>GE</arg>
<arg>GF</arg>
<arg>GG</arg>
<arg>GH</arg>
<arg>GI</arg>
<arg>GL</arg>
<arg>GM</arg>
<arg>GN</arg>
<arg>GP</arg>
<arg>GQ</arg>
<arg>GR</arg>
<arg>GS</arg>
<arg>GT</arg>
<arg>GU</arg>
<arg>GW</arg>
<arg>GY</arg>
<arg>HK</arg>
<arg>HM</arg>
<arg>HN</arg>
<arg>HR</arg>
<arg>HT</arg>
<arg>HU</arg>
<arg>ID</arg>
<arg>IE</arg>
<arg>IL</arg>
<arg>IM</arg>
<arg>IN</arg>
<arg>IO</arg>
<arg>IQ</arg>
<arg>IR</arg>
<arg>IS</arg>
<arg>IT</arg>
<arg>JE</arg>
<arg>JM</arg>
<arg>JO</arg>
<arg>JP</arg>
<arg>KE</arg>
<arg>KG</arg>
<arg>KH</arg>
<arg>KI</arg>
<arg>KM</arg>
<arg>KN</arg>
<arg>KP</arg>
<arg>KR</arg>
<arg>KW</arg>
<arg>KY</arg>
<arg>KZ</arg>
<arg>LA</arg>
<arg>LB</arg>
<arg>LC</arg>
<arg>LI</arg>
<arg>LK</arg>
<arg>LR</arg>
<arg>LS</arg>
<arg>LT</arg>
<arg>LU</arg>
<arg>LV</arg>
<arg>LY</arg>
<arg>MA</arg>
<arg>MC</arg>
<arg>MD</arg>
<arg>ME</arg>
<arg>MF</arg>
<arg>MG</arg>
<arg>MH</arg>
<arg>MK</arg>
<arg>ML</arg>
<arg>MM</arg>
<arg>MN</arg>
<arg>MO</arg>
<arg>MP</arg>
<arg>MQ</arg>
<arg>MR</arg>
<arg>MS</arg>
<arg>MT</arg>
<arg>MU</arg>
<arg>MV</arg>
<arg>MW</arg>
<arg>MX</arg>
<arg>MY</arg>
<arg>MZ</arg>
<arg>NA</arg>
<arg>NC</arg>
<arg>NE</arg>
<arg>NF</arg>
<arg>NG</arg>
<arg>NI</arg>
<arg>NL</arg>
<arg>NO</arg>
<arg>NP</arg>
<arg>NR</arg>
<arg>NU</arg>
<arg>NZ</arg>
<arg>OM</arg>
<arg>PA</arg>
<arg>PE</arg>
<arg>PF</arg>
<arg>PG</arg>
<arg>PH</arg>
<arg>PK</arg>
<arg>PL</arg>
<arg>PM</arg>
<arg>PN</arg>
<arg>PR</arg>
<arg>PS</arg>
<arg>PT</arg>
<arg>PW</arg>
<arg>PY</arg>
<arg>QA</arg>
<arg>RE</arg>
<arg>RO</arg>
<arg>RS</arg>
<arg>RU</arg>
<arg>RW</arg>
<arg>SA</arg>
<arg>SB</arg>
<arg>SC</arg>
<arg>SD</arg>
<arg>SE</arg>
<arg>SG</arg>
<arg>SH</arg>
<arg>SI</arg>
<arg>SJ</arg>
<arg>SK</arg>
<arg>SL</arg>
<arg>SM</arg>
<arg>SN</arg>
<arg>SO</arg>
<arg>SR</arg>
<arg>SS</arg>
<arg>ST</arg>
<arg>SV</arg>
<arg>SX</arg>
<arg>SY</arg>
<arg>SZ</arg>
<arg>TC</arg>
<arg>TD</arg>
<arg>TF</arg>
<arg>TG</arg>
<arg>TH</arg>
<arg>TJ</arg>
<arg>TK</arg>
<arg>TL</arg>
<arg>TM</arg>
<arg>TN</arg>
<arg>TO</arg>
<arg>TR</arg>
<arg>TT</arg>
<arg>TV</arg>
<arg>TW</arg>
<arg>TZ</arg>
<arg>UA</arg>
<arg>UG</arg>
<arg>UM</arg>
<arg>US</arg>
<arg>UY</arg>
<arg>UZ</arg>
<arg>VA</arg>
<arg>VC</arg>
<arg>VE</arg>
<arg>VG</arg>
<arg>VI</arg>
<arg>VN</arg>
<arg>VU</arg>
<arg>WF</arg>
<arg>WS</arg>
<arg>XK</arg>
<arg>YE</arg>
<arg>YT</arg>
<arg>ZA</arg>
<arg>ZM</arg>
<arg>ZW</arg>
<doc>Returns a list containing given items.</doc>
<status status="PASS" start="2024-04-14T01:22:47.026100" elapsed="0.000636"/>
</kw>
<kw name="List Should Contain Value" owner="Collections">
<msg time="2024-04-14T01:22:47.027774" level="INFO">False</msg>
<arg>${list_country}</arg>
<arg>${name_country}</arg>
<doc>Fails if the ``value`` is not found from ``list``.</doc>
<status status="PASS" start="2024-04-14T01:22:47.027564" elapsed="0.000249"/>
</kw>
<kw name="Run Keyword If" owner="BuiltIn">
<kw name="Should Be True" owner="BuiltIn">
<arg>${True}</arg>
<doc>Fails if the given condition is not true.</doc>
<status status="PASS" start="2024-04-14T01:22:47.029094" elapsed="0.000152"/>
</kw>
<arg>${json_data["results"][0]["location"]["coordinates"]["latitude"]} &gt;= -90 and ${json_data["results"][0]["location"]["coordinates"]["latitude"]} &lt;= 90</arg>
<arg>Should Be True</arg>
<arg>${True}</arg>
<doc>Runs the given keyword with the given arguments, if ``condition`` is true.</doc>
<status status="PASS" start="2024-04-14T01:22:47.028155" elapsed="0.001240"/>
</kw>
<kw name="Run Keyword If" owner="BuiltIn">
<kw name="Should Be True" owner="BuiltIn">
<arg>${True}</arg>
<doc>Fails if the given condition is not true.</doc>
<status status="PASS" start="2024-04-14T01:22:47.030321" elapsed="0.000143"/>
</kw>
<arg>${json_data["results"][0]["location"]["coordinates"]["longitude"]} &gt;= -180 and ${json_data["results"][0]["location"]["coordinates"]["longitude"]} &lt;= 180</arg>
<arg>Should Be True</arg>
<arg>${True}</arg>
<doc>Runs the given keyword with the given arguments, if ``condition`` is true.</doc>
<status status="PASS" start="2024-04-14T01:22:47.029592" elapsed="0.001010"/>
</kw>
<status status="PASS" start="2024-04-14T01:22:46.925723" elapsed="0.105017"/>
</kw>
<doc>Testa o conteúdo específico dos campos retornados pela API.</doc>
<tag>testeConteudo</tag>
<status status="PASS" start="2024-04-14T01:22:46.925058" elapsed="0.105843"/>
</test>
<status status="PASS" start="2024-04-14T01:22:46.247114" elapsed="0.785894"/>
</suite>
<status status="PASS" start="2024-04-14T01:22:46.233427" elapsed="0.805090"/>
</suite>
<statistics>
<total>
<stat pass="5" fail="0" skip="0">All Tests</stat>
</total>
<tag>
<stat pass="1" fail="0" skip="0">testeConteudo</stat>
<stat pass="1" fail="0" skip="0">testeEstruturaResposta</stat>
<stat pass="1" fail="0" skip="0">testeRequisicaoBasica</stat>
<stat pass="1" fail="0" skip="0">testeTiposDados</stat>
</tag>
<suite>
<stat pass="5" fail="0" skip="0" id="s1" name="Tests">Tests</stat>
<stat pass="5" fail="0" skip="0" id="s1-s1" name="Random-User-Test">Tests.Random-User-Test</stat>
</suite>
</statistics>
<errors>
</errors>
</robot>
