<?xml version="1.0" encoding="UTF-8"?>
<robot generator="Robot 7.0 (Python 3.12.3 on linux)" generated="2024-05-11T09:14:44.682707" rpa="false" schemaversion="5">
<suite id="s1" name="Tests" source="/home/runner/work/DesafioQAItauRogerioJordao/DesafioQAItauRogerioJordao/RamdonUser/tests">
<suite id="s1-s1" name="Random-User-Test" source="/home/runner/work/DesafioQAItauRogerioJordao/DesafioQAItauRogerioJordao/RamdonUser/tests/random-user-test.robot">
<test id="s1-s1-t1" name="Conectar" line="13">
<kw name="Conectar API" owner="random-user-service">
<kw name="Create Session" owner="RequestsLibrary">
<msg time="2024-05-11T09:14:45.073194" level="INFO">Creating Session using : alias=consultarAPI, url=https://randomuser.me/, headers={},                     cookies={}, auth=None, timeout=None, proxies=None, verify=False,                     debug=0 </msg>
<arg>consultarAPI</arg>
<arg>${URL}</arg>
<doc>Create Session: create a HTTP session to a server</doc>
<status status="PASS" start="2024-05-11T09:14:45.072998" elapsed="0.000363"/>
</kw>
<status status="PASS" start="2024-05-11T09:14:45.072006" elapsed="0.001690"/>
</kw>
<status status="PASS" start="2024-05-11T09:14:45.071383" elapsed="0.002500"/>
</test>
<test id="s1-s1-t2" name="Validar retorno 200 e JSON Válido" line="16">
<kw name="Teste de Requisicao Basica" owner="random-user-service">
<kw name="GET On Session" owner="RequestsLibrary">
<msg time="2024-05-11T09:14:45.762656" level="INFO">GET Request : url=https://randomuser.me/api 
 path_url=/api 
 headers={'User-Agent': 'python-requests/2.31.0', 'Accept-Encoding': 'gzip, deflate', 'Accept': '*/*', 'Connection': 'keep-alive'} 
 body=None 
 </msg>
<msg time="2024-05-11T09:14:45.762822" level="INFO">GET Response : url=https://randomuser.me/api 
 status=200, reason=OK 
 headers={'Date': 'Sat, 11 May 2024 09:14:45 GMT', 'Content-Type': 'application/json; charset=utf-8', 'Transfer-Encoding': 'chunked', 'Connection': 'keep-alive', 'X-Powered-By': 'Express', 'Access-Control-Allow-Origin': '*', 'Cache-Control': 'no-cache', 'ETag': 'W/"472-H4a4gqE9OGz6DbIOoU5w2G9LB5w"', 'Vary': 'Accept-Encoding', 'Content-Encoding': 'gzip', 'CF-Cache-Status': 'DYNAMIC', 'Report-To': '{"endpoints":[{"url":"https:\\/\\/a.nel.cloudflare.com\\/report\\/v4?s=C4U282Fh2V383RiOtHKFRv36NbSnns79XqvZC8qkvrq015OB8NAkULi1jjvAN4qu0FQHr1Vk2Qlt7GAWxnjWkBlggkS2KEinfUrOtxaoitV1J8ot6bkJfQB6JB8LmAOG"}],"group":"cf-nel","max_age":604800}', 'NEL': '{"success_fraction":0,"report_to":"cf-nel","max_age":604800}', 'Server': 'cloudflare', 'CF-RAY': '88210f80acba20b1-IAD', 'alt-svc': 'h3=":443"; ma=86400'} 
 body={"results":[{"gender":"male","name":{"title":"Mr","first":"Clément","last":"Colin"},"location":{"street":{"number":1570,"name":"Rue Desaix"},"city":"Avignon","state":"Drôme","country":"France","postcode":94892,"coordinates":{"latitude":"-17.1425","longitude":"-120.3377"},"timezone":{"offset":"+3:30","description":"Tehran"}},"email":"clement.colin@example.com","login":{"uuid":"2292b24f-d478-4b61-9e53-98d9e30498e6","username":"greenduck661","password":"tttt","salt":"2rEHRzhL","md5":"9dad91ace5b48acbea80360e1d2ee69d","sha1":"6f0f70fdf945334d0762928d92bd02368a55d38b","sha256":"f5e34943a1d86ce5bb44d0ed409a5e9eb33db99c7befe88036257e61ba5434bb"},"dob":{"date":"1973-08-07T08:38:32.299Z","age":50},"registered":{"date":"2018-09-06T20:15:19.936Z","age":5},"phone":"05-20-25-59-44","cell":"06-57-68-06-11","id":{"name":"INSEE","value":"1730783027833 70"},"picture":{"large":"https://randomuser.me/api/portraits/men/62.jpg","medium":"https://randomuser.me/api/portraits/med/men/62.jpg","thumbnail":"https://randomuser.me/api/portraits/thumb/men/62.jpg"},"nat":"FR"}],"info":{"seed":"ebe0feb5282befea","results":1,"page":1,"version":"1.4"}} 
 </msg>
<msg time="2024-05-11T09:14:45.762913" level="INFO">/opt/hostedtoolcache/Python/3.12.3/x64/lib/python3.12/site-packages/urllib3/connectionpool.py:1103: InsecureRequestWarning: Unverified HTTPS request is being made to host 'randomuser.me'. Adding certificate verification is strongly advised. See: https://urllib3.readthedocs.io/en/latest/advanced-usage.html#tls-warnings
  warnings.warn(</msg>
<msg time="2024-05-11T09:14:45.763077" level="INFO">${response} = &lt;Response [200]&gt;</msg>
<var>${response}</var>
<arg>consultarAPI</arg>
<arg>/api</arg>
<doc>Sends a GET request on a previously created HTTP Session.</doc>
<status status="PASS" start="2024-05-11T09:14:45.076482" elapsed="0.686633"/>
</kw>
<kw name="Should Be Equal As Numbers" owner="BuiltIn">
<msg time="2024-05-11T09:14:45.764119" level="INFO">Argument types are:
&lt;class 'int'&gt;
&lt;class 'str'&gt;</msg>
<arg>${response.status_code}</arg>
<arg>200</arg>
<doc>Fails if objects are unequal after converting them to real numbers.</doc>
<status status="PASS" start="2024-05-11T09:14:45.763652" elapsed="0.000530"/>
</kw>
<kw name="Log" owner="BuiltIn">
<msg time="2024-05-11T09:14:45.764847" level="INFO">200</msg>
<arg>${response.status_code}</arg>
<doc>Logs the given message with the given level.</doc>
<status status="PASS" start="2024-05-11T09:14:45.764495" elapsed="0.000392"/>
</kw>
<kw name="Set Variable" owner="BuiltIn">
<msg time="2024-05-11T09:14:45.765624" level="INFO">${json_data} = {'results': [{'gender': 'male', 'name': {'title': 'Mr', 'first': 'Clément', 'last': 'Colin'}, 'location': {'street': {'number': 1570, 'name': 'Rue Desaix'}, 'city': 'Avignon', 'state': 'Drôme', 'count...</msg>
<var>${json_data}</var>
<arg>${response.json()}</arg>
<doc>Returns the given values which can then be assigned to a variables.</doc>
<status status="PASS" start="2024-05-11T09:14:45.765184" elapsed="0.000468"/>
</kw>
<kw name="Dictionary Should Contain Key" owner="Collections">
<msg time="2024-05-11T09:14:45.766112" level="INFO">False</msg>
<arg>${json_data}</arg>
<arg>results</arg>
<doc>Fails if ``key`` is not found from ``dictionary``.</doc>
<status status="PASS" start="2024-05-11T09:14:45.765947" elapsed="0.000203"/>
</kw>
<status status="PASS" start="2024-05-11T09:14:45.076244" elapsed="0.690160"/>
</kw>
<doc>Testa se a API responde corretamente e retorna um objeto JSON válido.</doc>
<tag>testeRequisicaoBasica</tag>
<status status="PASS" start="2024-05-11T09:14:45.075776" elapsed="0.690808"/>
</test>
<test id="s1-s1-t3" name="Validar estrutura de resposta" line="22">
<kw name="Teste de Estrutura de Resposta" owner="random-user-service">
<kw name="GET On Session" owner="RequestsLibrary">
<msg time="2024-05-11T09:14:45.804255" level="INFO">GET Request : url=https://randomuser.me/api 
 path_url=/api 
 headers={'User-Agent': 'python-requests/2.31.0', 'Accept-Encoding': 'gzip, deflate', 'Accept': '*/*', 'Connection': 'keep-alive'} 
 body=None 
 </msg>
<msg time="2024-05-11T09:14:45.804322" level="INFO">GET Response : url=https://randomuser.me/api 
 status=200, reason=OK 
 headers={'Date': 'Sat, 11 May 2024 09:14:45 GMT', 'Content-Type': 'application/json; charset=utf-8', 'Transfer-Encoding': 'chunked', 'Connection': 'keep-alive', 'X-Powered-By': 'Express', 'Access-Control-Allow-Origin': '*', 'Cache-Control': 'no-cache', 'ETag': 'W/"4b0-K9ql2TlOqTVRDhX7k9sB/JWe8YQ"', 'Vary': 'Accept-Encoding', 'Content-Encoding': 'gzip', 'CF-Cache-Status': 'DYNAMIC', 'Report-To': '{"endpoints":[{"url":"https:\\/\\/a.nel.cloudflare.com\\/report\\/v4?s=H5UfVhPLVvbb%2BxTcxaq62fSoFxXD15wDwrChyJJ%2By8PjnabvDlQX7vkDKMPFkivlc9e6Netwu1XH460DNIPFqZFPeMKgew1K1khsdOYhA2MS%2F5l9WqpurQAvr%2Ffmyg5I"}],"group":"cf-nel","max_age":604800}', 'NEL': '{"success_fraction":0,"report_to":"cf-nel","max_age":604800}', 'Server': 'cloudflare', 'CF-RAY': '88210f84192420b1-IAD', 'alt-svc': 'h3=":443"; ma=86400'} 
 body={"results":[{"gender":"male","name":{"title":"Mr","first":"Neóteles","last":"Nogueira"},"location":{"street":{"number":8977,"name":"Rua Santa Maria "},"city":"Araguaína","state":"Distrito Federal","country":"Brazil","postcode":76449,"coordinates":{"latitude":"-79.3954","longitude":"-111.8628"},"timezone":{"offset":"-5:00","description":"Eastern Time (US &amp; Canada), Bogota, Lima"}},"email":"neoteles.nogueira@example.com","login":{"uuid":"ba4ea04b-bfc5-44e8-94d0-fa541c66ba2c","username":"ticklishbear976","password":"cream","salt":"U7Wut5HI","md5":"282290072c78fa0f4ec7735e6c87d22f","sha1":"3bccdffd5193646d8774e31783b629da07b6f206","sha256":"a89001e8cf15c3deebe8eee81385aab8ad8994e7571cbd76ff6ed1f4c322fa9f"},"dob":{"date":"1983-02-23T09:36:08.992Z","age":41},"registered":{"date":"2009-07-23T21:14:04.629Z","age":14},"phone":"(17) 4476-1843","cell":"(73) 2604-6564","id":{"name":"CPF","value":"200.252.930-24"},"picture":{"large":"https://randomuser.me/api/portraits/men/30.jpg","medium":"https://randomuser.me/api/portraits/med/men/30.jpg","thumbnail":"https://randomuser.me/api/portraits/thumb/men/30.jpg"},"nat":"BR"}],"info":{"seed":"04bdaf3af56dc73b","results":1,"page":1,"version":"1.4"}} 
 </msg>
<msg time="2024-05-11T09:14:45.804423" level="INFO">/opt/hostedtoolcache/Python/3.12.3/x64/lib/python3.12/site-packages/urllib3/connectionpool.py:1103: InsecureRequestWarning: Unverified HTTPS request is being made to host 'randomuser.me'. Adding certificate verification is strongly advised. See: https://urllib3.readthedocs.io/en/latest/advanced-usage.html#tls-warnings
  warnings.warn(</msg>
<msg time="2024-05-11T09:14:45.804534" level="INFO">${response} = &lt;Response [200]&gt;</msg>
<var>${response}</var>
<arg>consultarAPI</arg>
<arg>/api</arg>
<doc>Sends a GET request on a previously created HTTP Session.</doc>
<status status="PASS" start="2024-05-11T09:14:45.769186" elapsed="0.035388"/>
</kw>
<kw name="Set Variable" owner="BuiltIn">
<msg time="2024-05-11T09:14:45.805401" level="INFO">${json_data} = {'results': [{'gender': 'male', 'name': {'title': 'Mr', 'first': 'Neóteles', 'last': 'Nogueira'}, 'location': {'street': {'number': 8977, 'name': 'Rua Santa Maria '}, 'city': 'Araguaína', 'state': 'Di...</msg>
<var>${json_data}</var>
<arg>${response.json()}</arg>
<doc>Returns the given values which can then be assigned to a variables.</doc>
<status status="PASS" start="2024-05-11T09:14:45.804945" elapsed="0.000488"/>
</kw>
<kw name="Log" owner="BuiltIn">
<msg time="2024-05-11T09:14:45.805896" level="INFO">{'results': [{'gender': 'male', 'name': {'title': 'Mr', 'first': 'Neóteles', 'last': 'Nogueira'}, 'location': {'street': {'number': 8977, 'name': 'Rua Santa Maria '}, 'city': 'Araguaína', 'state': 'Distrito Federal', 'country': 'Brazil', 'postcode': 76449, 'coordinates': {'latitude': '-79.3954', 'longitude': '-111.8628'}, 'timezone': {'offset': '-5:00', 'description': 'Eastern Time (US &amp; Canada), Bogota, Lima'}}, 'email': 'neoteles.nogueira@example.com', 'login': {'uuid': 'ba4ea04b-bfc5-44e8-94d0-fa541c66ba2c', 'username': 'ticklishbear976', 'password': 'cream', 'salt': 'U7Wut5HI', 'md5': '282290072c78fa0f4ec7735e6c87d22f', 'sha1': '3bccdffd5193646d8774e31783b629da07b6f206', 'sha256': 'a89001e8cf15c3deebe8eee81385aab8ad8994e7571cbd76ff6ed1f4c322fa9f'}, 'dob': {'date': '1983-02-23T09:36:08.992Z', 'age': 41}, 'registered': {'date': '2009-07-23T21:14:04.629Z', 'age': 14}, 'phone': '(17) 4476-1843', 'cell': '(73) 2604-6564', 'id': {'name': 'CPF', 'value': '200.252.930-24'}, 'picture': {'large': 'https://randomuser.me/api/portraits/men/30.jpg', 'medium': 'https://randomuser.me/api/portraits/med/men/30.jpg', 'thumbnail': 'https://randomuser.me/api/portraits/thumb/men/30.jpg'}, 'nat': 'BR'}], 'info': {'seed': '04bdaf3af56dc73b', 'results': 1, 'page': 1, 'version': '1.4'}}</msg>
<arg>${json_data}</arg>
<doc>Logs the given message with the given level.</doc>
<status status="PASS" start="2024-05-11T09:14:45.805734" elapsed="0.000215"/>
</kw>
<kw name="Dictionary Should Contain Key" owner="Collections">
<msg time="2024-05-11T09:14:45.806389" level="INFO">False</msg>
<arg>${json_data}</arg>
<arg>results</arg>
<doc>Fails if ``key`` is not found from ``dictionary``.</doc>
<status status="PASS" start="2024-05-11T09:14:45.806242" elapsed="0.000183"/>
</kw>
<kw name="Should Not Be Empty" owner="BuiltIn">
<msg time="2024-05-11T09:14:45.806845" level="INFO">Length is 2.</msg>
<arg>${json_data}</arg>
<doc>Verifies that the given item is not empty.</doc>
<status status="PASS" start="2024-05-11T09:14:45.806712" elapsed="0.000171"/>
</kw>
<kw name="Create List" owner="BuiltIn">
<msg time="2024-05-11T09:14:45.807489" level="INFO">${expected_keys} = ['gender', 'name', 'location', 'email', 'login']</msg>
<var>${expected_keys}</var>
<arg>gender</arg>
<arg>name</arg>
<arg>location</arg>
<arg>email</arg>
<arg>login</arg>
<doc>Returns a list containing given items.</doc>
<status status="PASS" start="2024-05-11T09:14:45.807198" elapsed="0.000315"/>
</kw>
<for flavor="IN">
<iter>
<kw name="Dictionary Should Contain Key" owner="Collections">
<msg time="2024-05-11T09:14:45.808474" level="INFO">False</msg>
<arg>${json_data['results'][0]}</arg>
<arg>${key}</arg>
<doc>Fails if ``key`` is not found from ``dictionary``.</doc>
<status status="PASS" start="2024-05-11T09:14:45.808083" elapsed="0.000428"/>
</kw>
<kw name="Log" owner="BuiltIn">
<msg time="2024-05-11T09:14:45.809172" level="INFO">{'gender': 'male', 'name': {'title': 'Mr', 'first': 'Neóteles', 'last': 'Nogueira'}, 'location': {'street': {'number': 8977, 'name': 'Rua Santa Maria '}, 'city': 'Araguaína', 'state': 'Distrito Federal', 'country': 'Brazil', 'postcode': 76449, 'coordinates': {'latitude': '-79.3954', 'longitude': '-111.8628'}, 'timezone': {'offset': '-5:00', 'description': 'Eastern Time (US &amp; Canada), Bogota, Lima'}}, 'email': 'neoteles.nogueira@example.com', 'login': {'uuid': 'ba4ea04b-bfc5-44e8-94d0-fa541c66ba2c', 'username': 'ticklishbear976', 'password': 'cream', 'salt': 'U7Wut5HI', 'md5': '282290072c78fa0f4ec7735e6c87d22f', 'sha1': '3bccdffd5193646d8774e31783b629da07b6f206', 'sha256': 'a89001e8cf15c3deebe8eee81385aab8ad8994e7571cbd76ff6ed1f4c322fa9f'}, 'dob': {'date': '1983-02-23T09:36:08.992Z', 'age': 41}, 'registered': {'date': '2009-07-23T21:14:04.629Z', 'age': 14}, 'phone': '(17) 4476-1843', 'cell': '(73) 2604-6564', 'id': {'name': 'CPF', 'value': '200.252.930-24'}, 'picture': {'large': 'https://randomuser.me/api/portraits/men/30.jpg', 'medium': 'https://randomuser.me/api/portraits/med/men/30.jpg', 'thumbnail': 'https://randomuser.me/api/portraits/thumb/men/30.jpg'}, 'nat': 'BR'}</msg>
<arg>${json_data['results'][0]}</arg>
<doc>Logs the given message with the given level.</doc>
<status status="PASS" start="2024-05-11T09:14:45.808803" elapsed="0.000419"/>
</kw>
<kw name="Log" owner="BuiltIn">
<msg time="2024-05-11T09:14:45.809646" level="INFO">gender</msg>
<arg>${key}</arg>
<doc>Logs the given message with the given level.</doc>
<status status="PASS" start="2024-05-11T09:14:45.809519" elapsed="0.000163"/>
</kw>
<var name="${key}">gender</var>
<status status="PASS" start="2024-05-11T09:14:45.807959" elapsed="0.001933"/>
</iter>
<iter>
<kw name="Dictionary Should Contain Key" owner="Collections">
<msg time="2024-05-11T09:14:45.810569" level="INFO">False</msg>
<arg>${json_data['results'][0]}</arg>
<arg>${key}</arg>
<doc>Fails if ``key`` is not found from ``dictionary``.</doc>
<status status="PASS" start="2024-05-11T09:14:45.810188" elapsed="0.000451"/>
</kw>
<kw name="Log" owner="BuiltIn">
<msg time="2024-05-11T09:14:45.811331" level="INFO">{'gender': 'male', 'name': {'title': 'Mr', 'first': 'Neóteles', 'last': 'Nogueira'}, 'location': {'street': {'number': 8977, 'name': 'Rua Santa Maria '}, 'city': 'Araguaína', 'state': 'Distrito Federal', 'country': 'Brazil', 'postcode': 76449, 'coordinates': {'latitude': '-79.3954', 'longitude': '-111.8628'}, 'timezone': {'offset': '-5:00', 'description': 'Eastern Time (US &amp; Canada), Bogota, Lima'}}, 'email': 'neoteles.nogueira@example.com', 'login': {'uuid': 'ba4ea04b-bfc5-44e8-94d0-fa541c66ba2c', 'username': 'ticklishbear976', 'password': 'cream', 'salt': 'U7Wut5HI', 'md5': '282290072c78fa0f4ec7735e6c87d22f', 'sha1': '3bccdffd5193646d8774e31783b629da07b6f206', 'sha256': 'a89001e8cf15c3deebe8eee81385aab8ad8994e7571cbd76ff6ed1f4c322fa9f'}, 'dob': {'date': '1983-02-23T09:36:08.992Z', 'age': 41}, 'registered': {'date': '2009-07-23T21:14:04.629Z', 'age': 14}, 'phone': '(17) 4476-1843', 'cell': '(73) 2604-6564', 'id': {'name': 'CPF', 'value': '200.252.930-24'}, 'picture': {'large': 'https://randomuser.me/api/portraits/men/30.jpg', 'medium': 'https://randomuser.me/api/portraits/med/men/30.jpg', 'thumbnail': 'https://randomuser.me/api/portraits/thumb/men/30.jpg'}, 'nat': 'BR'}</msg>
<arg>${json_data['results'][0]}</arg>
<doc>Logs the given message with the given level.</doc>
<status status="PASS" start="2024-05-11T09:14:45.810937" elapsed="0.000445"/>
</kw>
<kw name="Log" owner="BuiltIn">
<msg time="2024-05-11T09:14:45.811802" level="INFO">name</msg>
<arg>${key}</arg>
<doc>Logs the given message with the given level.</doc>
<status status="PASS" start="2024-05-11T09:14:45.811676" elapsed="0.000163"/>
</kw>
<var name="${key}">name</var>
<status status="PASS" start="2024-05-11T09:14:45.810075" elapsed="0.001976"/>
</iter>
<iter>
<kw name="Dictionary Should Contain Key" owner="Collections">
<msg time="2024-05-11T09:14:45.812716" level="INFO">False</msg>
<arg>${json_data['results'][0]}</arg>
<arg>${key}</arg>
<doc>Fails if ``key`` is not found from ``dictionary``.</doc>
<status status="PASS" start="2024-05-11T09:14:45.812337" elapsed="0.000416"/>
</kw>
<kw name="Log" owner="BuiltIn">
<msg time="2024-05-11T09:14:45.813422" level="INFO">{'gender': 'male', 'name': {'title': 'Mr', 'first': 'Neóteles', 'last': 'Nogueira'}, 'location': {'street': {'number': 8977, 'name': 'Rua Santa Maria '}, 'city': 'Araguaína', 'state': 'Distrito Federal', 'country': 'Brazil', 'postcode': 76449, 'coordinates': {'latitude': '-79.3954', 'longitude': '-111.8628'}, 'timezone': {'offset': '-5:00', 'description': 'Eastern Time (US &amp; Canada), Bogota, Lima'}}, 'email': 'neoteles.nogueira@example.com', 'login': {'uuid': 'ba4ea04b-bfc5-44e8-94d0-fa541c66ba2c', 'username': 'ticklishbear976', 'password': 'cream', 'salt': 'U7Wut5HI', 'md5': '282290072c78fa0f4ec7735e6c87d22f', 'sha1': '3bccdffd5193646d8774e31783b629da07b6f206', 'sha256': 'a89001e8cf15c3deebe8eee81385aab8ad8994e7571cbd76ff6ed1f4c322fa9f'}, 'dob': {'date': '1983-02-23T09:36:08.992Z', 'age': 41}, 'registered': {'date': '2009-07-23T21:14:04.629Z', 'age': 14}, 'phone': '(17) 4476-1843', 'cell': '(73) 2604-6564', 'id': {'name': 'CPF', 'value': '200.252.930-24'}, 'picture': {'large': 'https://randomuser.me/api/portraits/men/30.jpg', 'medium': 'https://randomuser.me/api/portraits/med/men/30.jpg', 'thumbnail': 'https://randomuser.me/api/portraits/thumb/men/30.jpg'}, 'nat': 'BR'}</msg>
<arg>${json_data['results'][0]}</arg>
<doc>Logs the given message with the given level.</doc>
<status status="PASS" start="2024-05-11T09:14:45.813053" elapsed="0.000419"/>
</kw>
<kw name="Log" owner="BuiltIn">
<msg time="2024-05-11T09:14:45.813886" level="INFO">location</msg>
<arg>${key}</arg>
<doc>Logs the given message with the given level.</doc>
<status status="PASS" start="2024-05-11T09:14:45.813761" elapsed="0.000162"/>
</kw>
<var name="${key}">location</var>
<status status="PASS" start="2024-05-11T09:14:45.812227" elapsed="0.001905"/>
</iter>
<iter>
<kw name="Dictionary Should Contain Key" owner="Collections">
<msg time="2024-05-11T09:14:45.814787" level="INFO">False</msg>
<arg>${json_data['results'][0]}</arg>
<arg>${key}</arg>
<doc>Fails if ``key`` is not found from ``dictionary``.</doc>
<status status="PASS" start="2024-05-11T09:14:45.814409" elapsed="0.000415"/>
</kw>
<kw name="Log" owner="BuiltIn">
<msg time="2024-05-11T09:14:45.815514" level="INFO">{'gender': 'male', 'name': {'title': 'Mr', 'first': 'Neóteles', 'last': 'Nogueira'}, 'location': {'street': {'number': 8977, 'name': 'Rua Santa Maria '}, 'city': 'Araguaína', 'state': 'Distrito Federal', 'country': 'Brazil', 'postcode': 76449, 'coordinates': {'latitude': '-79.3954', 'longitude': '-111.8628'}, 'timezone': {'offset': '-5:00', 'description': 'Eastern Time (US &amp; Canada), Bogota, Lima'}}, 'email': 'neoteles.nogueira@example.com', 'login': {'uuid': 'ba4ea04b-bfc5-44e8-94d0-fa541c66ba2c', 'username': 'ticklishbear976', 'password': 'cream', 'salt': 'U7Wut5HI', 'md5': '282290072c78fa0f4ec7735e6c87d22f', 'sha1': '3bccdffd5193646d8774e31783b629da07b6f206', 'sha256': 'a89001e8cf15c3deebe8eee81385aab8ad8994e7571cbd76ff6ed1f4c322fa9f'}, 'dob': {'date': '1983-02-23T09:36:08.992Z', 'age': 41}, 'registered': {'date': '2009-07-23T21:14:04.629Z', 'age': 14}, 'phone': '(17) 4476-1843', 'cell': '(73) 2604-6564', 'id': {'name': 'CPF', 'value': '200.252.930-24'}, 'picture': {'large': 'https://randomuser.me/api/portraits/men/30.jpg', 'medium': 'https://randomuser.me/api/portraits/med/men/30.jpg', 'thumbnail': 'https://randomuser.me/api/portraits/thumb/men/30.jpg'}, 'nat': 'BR'}</msg>
<arg>${json_data['results'][0]}</arg>
<doc>Logs the given message with the given level.</doc>
<status status="PASS" start="2024-05-11T09:14:45.815118" elapsed="0.000446"/>
</kw>
<kw name="Log" owner="BuiltIn">
<msg time="2024-05-11T09:14:45.815982" level="INFO">email</msg>
<arg>${key}</arg>
<doc>Logs the given message with the given level.</doc>
<status status="PASS" start="2024-05-11T09:14:45.815855" elapsed="0.000164"/>
</kw>
<var name="${key}">email</var>
<status status="PASS" start="2024-05-11T09:14:45.814302" elapsed="0.001930"/>
</iter>
<iter>
<kw name="Dictionary Should Contain Key" owner="Collections">
<msg time="2024-05-11T09:14:45.816883" level="INFO">False</msg>
<arg>${json_data['results'][0]}</arg>
<arg>${key}</arg>
<doc>Fails if ``key`` is not found from ``dictionary``.</doc>
<status status="PASS" start="2024-05-11T09:14:45.816508" elapsed="0.000413"/>
</kw>
<kw name="Log" owner="BuiltIn">
<msg time="2024-05-11T09:14:45.817585" level="INFO">{'gender': 'male', 'name': {'title': 'Mr', 'first': 'Neóteles', 'last': 'Nogueira'}, 'location': {'street': {'number': 8977, 'name': 'Rua Santa Maria '}, 'city': 'Araguaína', 'state': 'Distrito Federal', 'country': 'Brazil', 'postcode': 76449, 'coordinates': {'latitude': '-79.3954', 'longitude': '-111.8628'}, 'timezone': {'offset': '-5:00', 'description': 'Eastern Time (US &amp; Canada), Bogota, Lima'}}, 'email': 'neoteles.nogueira@example.com', 'login': {'uuid': 'ba4ea04b-bfc5-44e8-94d0-fa541c66ba2c', 'username': 'ticklishbear976', 'password': 'cream', 'salt': 'U7Wut5HI', 'md5': '282290072c78fa0f4ec7735e6c87d22f', 'sha1': '3bccdffd5193646d8774e31783b629da07b6f206', 'sha256': 'a89001e8cf15c3deebe8eee81385aab8ad8994e7571cbd76ff6ed1f4c322fa9f'}, 'dob': {'date': '1983-02-23T09:36:08.992Z', 'age': 41}, 'registered': {'date': '2009-07-23T21:14:04.629Z', 'age': 14}, 'phone': '(17) 4476-1843', 'cell': '(73) 2604-6564', 'id': {'name': 'CPF', 'value': '200.252.930-24'}, 'picture': {'large': 'https://randomuser.me/api/portraits/men/30.jpg', 'medium': 'https://randomuser.me/api/portraits/med/men/30.jpg', 'thumbnail': 'https://randomuser.me/api/portraits/thumb/men/30.jpg'}, 'nat': 'BR'}</msg>
<arg>${json_data['results'][0]}</arg>
<doc>Logs the given message with the given level.</doc>
<status status="PASS" start="2024-05-11T09:14:45.817216" elapsed="0.000419"/>
</kw>
<kw name="Log" owner="BuiltIn">
<msg time="2024-05-11T09:14:45.818084" level="INFO">login</msg>
<arg>${key}</arg>
<doc>Logs the given message with the given level.</doc>
<status status="PASS" start="2024-05-11T09:14:45.817956" elapsed="0.000165"/>
</kw>
<var name="${key}">login</var>
<status status="PASS" start="2024-05-11T09:14:45.816399" elapsed="0.001935"/>
</iter>
<var>${key}</var>
<value>@{expected_keys}</value>
<status status="PASS" start="2024-05-11T09:14:45.807776" elapsed="0.010678"/>
</for>
<kw name="Create List" owner="BuiltIn">
<msg time="2024-05-11T09:14:45.818779" level="INFO">${expected_keysTwo} = ['username', 'password']</msg>
<var>${expected_keysTwo}</var>
<arg>username</arg>
<arg>password</arg>
<doc>Returns a list containing given items.</doc>
<status status="PASS" start="2024-05-11T09:14:45.818645" elapsed="0.000157"/>
</kw>
<for flavor="IN">
<iter>
<kw name="Dictionary Should Contain Key" owner="Collections">
<msg time="2024-05-11T09:14:45.819710" level="INFO">False</msg>
<arg>${json_data['results'][0]['login']}</arg>
<arg>${keyTwo}</arg>
<doc>Fails if ``key`` is not found from ``dictionary``.</doc>
<status status="PASS" start="2024-05-11T09:14:45.819326" elapsed="0.000420"/>
</kw>
<kw name="Dictionary Should Contain Key" owner="Collections">
<msg time="2024-05-11T09:14:45.820410" level="INFO">False</msg>
<arg>${json_data['results'][0]['login']}</arg>
<arg>${keyTwo}</arg>
<doc>Fails if ``key`` is not found from ``dictionary``.</doc>
<status status="PASS" start="2024-05-11T09:14:45.820037" elapsed="0.000409"/>
</kw>
<kw name="Log" owner="BuiltIn">
<msg time="2024-05-11T09:14:45.820858" level="INFO">username</msg>
<arg>${keyTwo}</arg>
<doc>Logs the given message with the given level.</doc>
<status status="PASS" start="2024-05-11T09:14:45.820735" elapsed="0.000165"/>
</kw>
<var name="${keyTwo}">username</var>
<status status="PASS" start="2024-05-11T09:14:45.819207" elapsed="0.001901"/>
</iter>
<iter>
<kw name="Dictionary Should Contain Key" owner="Collections">
<msg time="2024-05-11T09:14:45.821759" level="INFO">False</msg>
<arg>${json_data['results'][0]['login']}</arg>
<arg>${keyTwo}</arg>
<doc>Fails if ``key`` is not found from ``dictionary``.</doc>
<status status="PASS" start="2024-05-11T09:14:45.821383" elapsed="0.000412"/>
</kw>
<kw name="Dictionary Should Contain Key" owner="Collections">
<msg time="2024-05-11T09:14:45.822546" level="INFO">False</msg>
<arg>${json_data['results'][0]['login']}</arg>
<arg>${keyTwo}</arg>
<doc>Fails if ``key`` is not found from ``dictionary``.</doc>
<status status="PASS" start="2024-05-11T09:14:45.822084" elapsed="0.000500"/>
</kw>
<kw name="Log" owner="BuiltIn">
<msg time="2024-05-11T09:14:45.822998" level="INFO">password</msg>
<arg>${keyTwo}</arg>
<doc>Logs the given message with the given level.</doc>
<status status="PASS" start="2024-05-11T09:14:45.822872" elapsed="0.000162"/>
</kw>
<var name="${keyTwo}">password</var>
<status status="PASS" start="2024-05-11T09:14:45.821277" elapsed="0.002002"/>
</iter>
<var>${keyTwo}</var>
<value>@{expected_keysTwo}</value>
<status status="PASS" start="2024-05-11T09:14:45.819032" elapsed="0.004369"/>
</for>
<status status="PASS" start="2024-05-11T09:14:45.768954" elapsed="0.054582"/>
</kw>
<doc>Testa a estrutura da resposta da API.</doc>
<tag>testeEstruturaResposta</tag>
<status status="PASS" start="2024-05-11T09:14:45.768434" elapsed="0.055244"/>
</test>
<test id="s1-s1-t4" name="Validar tipos de dados" line="28">
<kw name="Teste de Tipos de Dados" owner="random-user-service">
<kw name="GET On Session" owner="RequestsLibrary">
<msg time="2024-05-11T09:14:45.903553" level="INFO">GET Request : url=https://randomuser.me/api 
 path_url=/api 
 headers={'User-Agent': 'python-requests/2.31.0', 'Accept-Encoding': 'gzip, deflate', 'Accept': '*/*', 'Connection': 'keep-alive'} 
 body=None 
 </msg>
<msg time="2024-05-11T09:14:45.903634" level="INFO">GET Response : url=https://randomuser.me/api 
 status=200, reason=OK 
 headers={'Date': 'Sat, 11 May 2024 09:14:45 GMT', 'Content-Type': 'application/json; charset=utf-8', 'Transfer-Encoding': 'chunked', 'Connection': 'keep-alive', 'X-Powered-By': 'Express', 'Access-Control-Allow-Origin': '*', 'Cache-Control': 'no-cache', 'ETag': 'W/"4ab-Maw9WCv5LbO8W1j9CWB1K5PHZ20"', 'Vary': 'Accept-Encoding', 'Content-Encoding': 'gzip', 'CF-Cache-Status': 'DYNAMIC', 'Report-To': '{"endpoints":[{"url":"https:\\/\\/a.nel.cloudflare.com\\/report\\/v4?s=p6TzKIGSuSruO7iImFJcR6NWYgcdbU8IEWRJ0RcqKQZCDC0bNcp8hS7dTIgV4fw7aq1rx79gi3kPwxSsRm9MSAHohDShZk2IYJmy7UogRz2mrx0VVa%2F7TuPi7sqFKRfL"}],"group":"cf-nel","max_age":604800}', 'NEL': '{"success_fraction":0,"report_to":"cf-nel","max_age":604800}', 'Server': 'cloudflare', 'CF-RAY': '88210f84698620b1-IAD', 'alt-svc': 'h3=":443"; ma=86400'} 
 body={"results":[{"gender":"male","name":{"title":"Mr","first":"Eric-Jan","last":"Vogelaar"},"location":{"street":{"number":6070,"name":"Henri Hermanslaan"},"city":"Westervelde","state":"Groningen","country":"Netherlands","postcode":"1647 NI","coordinates":{"latitude":"33.2686","longitude":"-122.2447"},"timezone":{"offset":"+3:00","description":"Baghdad, Riyadh, Moscow, St. Petersburg"}},"email":"eric-jan.vogelaar@example.com","login":{"uuid":"4e99be64-a4d7-4572-91fc-57c7a1d7e6fb","username":"whitepeacock401","password":"andyod22","salt":"PsZCtCld","md5":"d2c1c0c473c900ab8a70a5499d4f2927","sha1":"16fdb067e67c2643cbb6f7c804a352e7e790d5ff","sha256":"7fd16e637b720f1823c0c9c41daf0b55fd6b3bd6c35cd2639257b9c7e91279b1"},"dob":{"date":"1972-08-29T02:38:02.193Z","age":51},"registered":{"date":"2018-03-16T09:19:35.022Z","age":6},"phone":"(060) 8494978","cell":"(06) 12060017","id":{"name":"BSN","value":"13430538"},"picture":{"large":"https://randomuser.me/api/portraits/men/47.jpg","medium":"https://randomuser.me/api/portraits/med/men/47.jpg","thumbnail":"https://randomuser.me/api/portraits/thumb/men/47.jpg"},"nat":"NL"}],"info":{"seed":"d262ad6106a0781c","results":1,"page":1,"version":"1.4"}} 
 </msg>
<msg time="2024-05-11T09:14:45.903708" level="INFO">/opt/hostedtoolcache/Python/3.12.3/x64/lib/python3.12/site-packages/urllib3/connectionpool.py:1103: InsecureRequestWarning: Unverified HTTPS request is being made to host 'randomuser.me'. Adding certificate verification is strongly advised. See: https://urllib3.readthedocs.io/en/latest/advanced-usage.html#tls-warnings
  warnings.warn(</msg>
<msg time="2024-05-11T09:14:45.903846" level="INFO">${response} = &lt;Response [200]&gt;</msg>
<var>${response}</var>
<arg>consultarAPI</arg>
<arg>/api</arg>
<doc>Sends a GET request on a previously created HTTP Session.</doc>
<status status="PASS" start="2024-05-11T09:14:45.826082" elapsed="0.077818"/>
</kw>
<kw name="Set Variable" owner="BuiltIn">
<msg time="2024-05-11T09:14:45.904752" level="INFO">${json_data} = {'results': [{'gender': 'male', 'name': {'title': 'Mr', 'first': 'Eric-Jan', 'last': 'Vogelaar'}, 'location': {'street': {'number': 6070, 'name': 'Henri Hermanslaan'}, 'city': 'Westervelde', 'state': ...</msg>
<var>${json_data}</var>
<arg>${response.json()}</arg>
<doc>Returns the given values which can then be assigned to a variables.</doc>
<status status="PASS" start="2024-05-11T09:14:45.904296" elapsed="0.000484"/>
</kw>
<kw name="Log" owner="BuiltIn">
<msg time="2024-05-11T09:14:45.905226" level="INFO">{'results': [{'gender': 'male', 'name': {'title': 'Mr', 'first': 'Eric-Jan', 'last': 'Vogelaar'}, 'location': {'street': {'number': 6070, 'name': 'Henri Hermanslaan'}, 'city': 'Westervelde', 'state': 'Groningen', 'country': 'Netherlands', 'postcode': '1647 NI', 'coordinates': {'latitude': '33.2686', 'longitude': '-122.2447'}, 'timezone': {'offset': '+3:00', 'description': 'Baghdad, Riyadh, Moscow, St. Petersburg'}}, 'email': 'eric-jan.vogelaar@example.com', 'login': {'uuid': '4e99be64-a4d7-4572-91fc-57c7a1d7e6fb', 'username': 'whitepeacock401', 'password': 'andyod22', 'salt': 'PsZCtCld', 'md5': 'd2c1c0c473c900ab8a70a5499d4f2927', 'sha1': '16fdb067e67c2643cbb6f7c804a352e7e790d5ff', 'sha256': '7fd16e637b720f1823c0c9c41daf0b55fd6b3bd6c35cd2639257b9c7e91279b1'}, 'dob': {'date': '1972-08-29T02:38:02.193Z', 'age': 51}, 'registered': {'date': '2018-03-16T09:19:35.022Z', 'age': 6}, 'phone': '(060) 8494978', 'cell': '(06) 12060017', 'id': {'name': 'BSN', 'value': '13430538'}, 'picture': {'large': 'https://randomuser.me/api/portraits/men/47.jpg', 'medium': 'https://randomuser.me/api/portraits/med/men/47.jpg', 'thumbnail': 'https://randomuser.me/api/portraits/thumb/men/47.jpg'}, 'nat': 'NL'}], 'info': {'seed': 'd262ad6106a0781c', 'results': 1, 'page': 1, 'version': '1.4'}}</msg>
<arg>${json_data}</arg>
<doc>Logs the given message with the given level.</doc>
<status status="PASS" start="2024-05-11T09:14:45.905077" elapsed="0.000229"/>
</kw>
<kw name="Should Be String" owner="String">
<arg>${json_data['results'][0]['gender']}</arg>
<doc>Fails if the given ``item`` is not a string.</doc>
<status status="PASS" start="2024-05-11T09:14:45.905601" elapsed="0.000359"/>
</kw>
<kw name="Should Match Regexp" owner="BuiltIn">
<arg>${json_data['results'][0]['email']}</arg>
<arg>^[a-zA-Z0-9._%+-]+@[a-zA-Z0-9.-]+\.[a-zA-Z]{2,}$</arg>
<doc>Fails if ``string`` does not match ``pattern`` as a regular expression.</doc>
<status status="PASS" start="2024-05-11T09:14:45.906151" elapsed="0.000504"/>
</kw>
<kw name="Should Match Regexp" owner="BuiltIn">
<arg>${json_data['results'][0]['dob']['date']}</arg>
<arg>\\d{4}-\\d{2}-\\d{2}T\\d{2}:\\d{2}:\\d{2}\\.\\d{3}Z</arg>
<doc>Fails if ``string`` does not match ``pattern`` as a regular expression.</doc>
<status status="PASS" start="2024-05-11T09:14:45.906848" elapsed="0.000530"/>
</kw>
<kw name="Should Match Regexp" owner="BuiltIn">
<arg>${json_data['results'][0]['registered']['date']}</arg>
<arg>\\d{4}-\\d{2}-\\d{2}T\\d{2}:\\d{2}:\\d{2}\\.\\d{3}Z</arg>
<doc>Fails if ``string`` does not match ``pattern`` as a regular expression.</doc>
<status status="PASS" start="2024-05-11T09:14:45.907572" elapsed="0.000380"/>
</kw>
<kw name="Should Match Regexp" owner="BuiltIn">
<arg>${json_data['results'][0]['picture']['large']}</arg>
<arg>^https?://.*\.(?:png|jpe?g|gif|bmp)$</arg>
<doc>Fails if ``string`` does not match ``pattern`` as a regular expression.</doc>
<status status="PASS" start="2024-05-11T09:14:45.908140" elapsed="0.000458"/>
</kw>
<kw name="Should Match Regexp" owner="BuiltIn">
<arg>${json_data['results'][0]['picture']['medium']}</arg>
<arg>^https?://.*\.(?:png|jpe?g|gif|bmp)$</arg>
<doc>Fails if ``string`` does not match ``pattern`` as a regular expression.</doc>
<status status="PASS" start="2024-05-11T09:14:45.908788" elapsed="0.000359"/>
</kw>
<kw name="Should Match Regexp" owner="BuiltIn">
<arg>${json_data['results'][0]['picture']['thumbnail']}</arg>
<arg>^https?://.*\.(?:png|jpe?g|gif|bmp)$</arg>
<doc>Fails if ``string`` does not match ``pattern`` as a regular expression.</doc>
<status status="PASS" start="2024-05-11T09:14:45.909336" elapsed="0.000346"/>
</kw>
<kw name="Log" owner="BuiltIn">
<msg time="2024-05-11T09:14:45.910185" level="INFO">{'large': 'https://randomuser.me/api/portraits/men/47.jpg', 'medium': 'https://randomuser.me/api/portraits/med/men/47.jpg', 'thumbnail': 'https://randomuser.me/api/portraits/thumb/men/47.jpg'}</msg>
<arg>${json_data['results'][0]['picture']}</arg>
<doc>Logs the given message with the given level.</doc>
<status status="PASS" start="2024-05-11T09:14:45.909863" elapsed="0.000363"/>
</kw>
<status status="PASS" start="2024-05-11T09:14:45.825864" elapsed="0.084609"/>
</kw>
<kw name="Teste de Tipos de Dados - Postcode" owner="random-user-service">
<kw name="GET On Session" owner="RequestsLibrary">
<msg time="2024-05-11T09:14:46.004224" level="INFO">GET Request : url=https://randomuser.me/api 
 path_url=/api 
 headers={'User-Agent': 'python-requests/2.31.0', 'Accept-Encoding': 'gzip, deflate', 'Accept': '*/*', 'Connection': 'keep-alive'} 
 body=None 
 </msg>
<msg time="2024-05-11T09:14:46.004308" level="INFO">GET Response : url=https://randomuser.me/api 
 status=200, reason=OK 
 headers={'Date': 'Sat, 11 May 2024 09:14:46 GMT', 'Content-Type': 'application/json; charset=utf-8', 'Transfer-Encoding': 'chunked', 'Connection': 'keep-alive', 'X-Powered-By': 'Express', 'Access-Control-Allow-Origin': '*', 'Cache-Control': 'no-cache', 'ETag': 'W/"47f-QMo7VW78vTxYvyTRoaV/gMmS7og"', 'Vary': 'Accept-Encoding', 'Content-Encoding': 'gzip', 'CF-Cache-Status': 'DYNAMIC', 'Report-To': '{"endpoints":[{"url":"https:\\/\\/a.nel.cloudflare.com\\/report\\/v4?s=iGDWYAZXKMWhH1G6Y0pf6mYVDPaLS18SULGkkIo26x7ssDcG587YvjXTfnds1E%2FPhDZ0hxzQHxj6Rzx3aN9SOk83tz1wQh6YCUYg2jvvVz8pq442QJFjkGxIVaucnQZW"}],"group":"cf-nel","max_age":604800}', 'NEL': '{"success_fraction":0,"report_to":"cf-nel","max_age":604800}', 'Server': 'cloudflare', 'CF-RAY': '88210f84fa0120b1-IAD', 'alt-svc': 'h3=":443"; ma=86400'} 
 body={"results":[{"gender":"female","name":{"title":"Ms","first":"Chaithra","last":"Andrade"},"location":{"street":{"number":4427,"name":"Sao Tome Old Quarter"},"city":"Ahmedabad","state":"Delhi","country":"India","postcode":25639,"coordinates":{"latitude":"5.9234","longitude":"88.0944"},"timezone":{"offset":"-9:00","description":"Alaska"}},"email":"chaithra.andrade@example.com","login":{"uuid":"21f27d04-2f56-4619-be12-cad2d85d3e8c","username":"blackrabbit689","password":"alucard","salt":"0uAAhKT6","md5":"c2709489bad67313eaa977ee6a5bdff9","sha1":"755453e26d3d6a43e8ce113e1acd280f8f7ecb25","sha256":"75b5c8af742ddf90529f30e7ba4a979124b3be9d2cb84bf4e1c347beacebf9e1"},"dob":{"date":"1992-10-18T17:37:54.920Z","age":31},"registered":{"date":"2004-11-05T16:22:26.325Z","age":19},"phone":"8382957162","cell":"8594933193","id":{"name":"UIDAI","value":"733536985189"},"picture":{"large":"https://randomuser.me/api/portraits/women/81.jpg","medium":"https://randomuser.me/api/portraits/med/women/81.jpg","thumbnail":"https://randomuser.me/api/portraits/thumb/women/81.jpg"},"nat":"IN"}],"info":{"seed":"7023409ba6545f77","results":1,"page":1,"version":"1.4"}} 
 </msg>
<msg time="2024-05-11T09:14:46.004366" level="INFO">/opt/hostedtoolcache/Python/3.12.3/x64/lib/python3.12/site-packages/urllib3/connectionpool.py:1103: InsecureRequestWarning: Unverified HTTPS request is being made to host 'randomuser.me'. Adding certificate verification is strongly advised. See: https://urllib3.readthedocs.io/en/latest/advanced-usage.html#tls-warnings
  warnings.warn(</msg>
<msg time="2024-05-11T09:14:46.004470" level="INFO">${response} = &lt;Response [200]&gt;</msg>
<var>${response}</var>
<arg>consultarAPI</arg>
<arg>/api</arg>
<doc>Sends a GET request on a previously created HTTP Session.</doc>
<status status="PASS" start="2024-05-11T09:14:45.910894" elapsed="0.093617"/>
</kw>
<kw name="Set Variable" owner="BuiltIn">
<msg time="2024-05-11T09:14:46.005315" level="INFO">${json_data} = {'results': [{'gender': 'female', 'name': {'title': 'Ms', 'first': 'Chaithra', 'last': 'Andrade'}, 'location': {'street': {'number': 4427, 'name': 'Sao Tome Old Quarter'}, 'city': 'Ahmedabad', 'state'...</msg>
<var>${json_data}</var>
<arg>${response.json()}</arg>
<doc>Returns the given values which can then be assigned to a variables.</doc>
<status status="PASS" start="2024-05-11T09:14:46.004865" elapsed="0.000477"/>
</kw>
<kw name="Log" owner="BuiltIn">
<msg time="2024-05-11T09:14:46.005786" level="INFO">{'results': [{'gender': 'female', 'name': {'title': 'Ms', 'first': 'Chaithra', 'last': 'Andrade'}, 'location': {'street': {'number': 4427, 'name': 'Sao Tome Old Quarter'}, 'city': 'Ahmedabad', 'state': 'Delhi', 'country': 'India', 'postcode': 25639, 'coordinates': {'latitude': '5.9234', 'longitude': '88.0944'}, 'timezone': {'offset': '-9:00', 'description': 'Alaska'}}, 'email': 'chaithra.andrade@example.com', 'login': {'uuid': '21f27d04-2f56-4619-be12-cad2d85d3e8c', 'username': 'blackrabbit689', 'password': 'alucard', 'salt': '0uAAhKT6', 'md5': 'c2709489bad67313eaa977ee6a5bdff9', 'sha1': '755453e26d3d6a43e8ce113e1acd280f8f7ecb25', 'sha256': '75b5c8af742ddf90529f30e7ba4a979124b3be9d2cb84bf4e1c347beacebf9e1'}, 'dob': {'date': '1992-10-18T17:37:54.920Z', 'age': 31}, 'registered': {'date': '2004-11-05T16:22:26.325Z', 'age': 19}, 'phone': '8382957162', 'cell': '8594933193', 'id': {'name': 'UIDAI', 'value': '733536985189'}, 'picture': {'large': 'https://randomuser.me/api/portraits/women/81.jpg', 'medium': 'https://randomuser.me/api/portraits/med/women/81.jpg', 'thumbnail': 'https://randomuser.me/api/portraits/thumb/women/81.jpg'}, 'nat': 'IN'}], 'info': {'seed': '7023409ba6545f77', 'results': 1, 'page': 1, 'version': '1.4'}}</msg>
<arg>${json_data}</arg>
<doc>Logs the given message with the given level.</doc>
<status status="PASS" start="2024-05-11T09:14:46.005638" elapsed="0.000223"/>
</kw>
<kw name="Should Be Equal As Numbers" owner="BuiltIn">
<arg>${json_data['results'][0]['location']['postcode']}</arg>
<arg>${json_data['results'][0]['location']['postcode']}</arg>
<doc>Fails if objects are unequal after converting them to real numbers.</doc>
<status status="PASS" start="2024-05-11T09:14:46.006155" elapsed="0.000740"/>
</kw>
<kw name="Log" owner="BuiltIn">
<msg time="2024-05-11T09:14:46.007474" level="INFO">25639</msg>
<arg>${json_data['results'][0]['location']['postcode']}</arg>
<doc>Logs the given message with the given level.</doc>
<status status="PASS" start="2024-05-11T09:14:46.007089" elapsed="0.000426"/>
</kw>
<status status="PASS" start="2024-05-11T09:14:45.910679" elapsed="0.097084"/>
</kw>
<doc>Testa se os tipos de dados na resposta da API estão corretos.</doc>
<tag>testeTiposDados</tag>
<status status="PASS" start="2024-05-11T09:14:45.825426" elapsed="0.182491"/>
</test>
<test id="s1-s1-t5" name="Validar conteudo" line="35">
<kw name="Teste de Tipos de Conteudo" owner="random-user-service">
<kw name="GET On Session" owner="RequestsLibrary">
<msg time="2024-05-11T09:14:46.109138" level="INFO">GET Request : url=https://randomuser.me/api 
 path_url=/api 
 headers={'User-Agent': 'python-requests/2.31.0', 'Accept-Encoding': 'gzip, deflate', 'Accept': '*/*', 'Connection': 'keep-alive'} 
 body=None 
 </msg>
<msg time="2024-05-11T09:14:46.109224" level="INFO">GET Response : url=https://randomuser.me/api 
 status=200, reason=OK 
 headers={'Date': 'Sat, 11 May 2024 09:14:46 GMT', 'Content-Type': 'application/json; charset=utf-8', 'Transfer-Encoding': 'chunked', 'Connection': 'keep-alive', 'X-Powered-By': 'Express', 'Access-Control-Allow-Origin': '*', 'Cache-Control': 'no-cache', 'ETag': 'W/"48f-lp7kIrvu2zHjNks1nVkppCIm0rk"', 'Vary': 'Accept-Encoding', 'Content-Encoding': 'gzip', 'CF-Cache-Status': 'DYNAMIC', 'Report-To': '{"endpoints":[{"url":"https:\\/\\/a.nel.cloudflare.com\\/report\\/v4?s=5kqq9ENnZZzJcZrFurW5wZMi1VvOHmSLZnDx3rbyBgloAyjKB1bNpnvSDdMKyxcVy0cfHy%2Fp82k5BrQCl%2Fg4r95BvAk9HOple8YRx4u1j0q%2F3TwSpJPxDseKSBCTetQ3"}],"group":"cf-nel","max_age":604800}', 'NEL': '{"success_fraction":0,"report_to":"cf-nel","max_age":604800}', 'Server': 'cloudflare', 'CF-RAY': '88210f859aa620b1-IAD', 'alt-svc': 'h3=":443"; ma=86400'} 
 body={"results":[{"gender":"male","name":{"title":"Mr","first":"Yandel","last":"Soto"},"location":{"street":{"number":6007,"name":"Ampliación Zacatecas"},"city":"Puerto San Carlos","state":"Ciudad de Mexico","country":"Mexico","postcode":52939,"coordinates":{"latitude":"23.0300","longitude":"-15.8604"},"timezone":{"offset":"-2:00","description":"Mid-Atlantic"}},"email":"yandel.soto@example.com","login":{"uuid":"fd690937-d27f-42db-a17a-f332bc4a924a","username":"lazymouse953","password":"alley","salt":"2iE7h2QN","md5":"2c5ff87df4ca6507a73437519519de93","sha1":"f4f5eb88d747e6a78825f0f7f2d70c32d8ff1fd8","sha256":"8e5c5fd97128e342fa1a92bde475dcb549338bbffedf764b0ca8b994e9115d4b"},"dob":{"date":"1956-07-19T09:58:21.112Z","age":67},"registered":{"date":"2006-06-07T16:25:31.469Z","age":17},"phone":"(677) 265 1265","cell":"(608) 314 3485","id":{"name":"NSS","value":"03 97 67 8092 0"},"picture":{"large":"https://randomuser.me/api/portraits/men/13.jpg","medium":"https://randomuser.me/api/portraits/med/men/13.jpg","thumbnail":"https://randomuser.me/api/portraits/thumb/men/13.jpg"},"nat":"MX"}],"info":{"seed":"2619e6b102469080","results":1,"page":1,"version":"1.4"}} 
 </msg>
<msg time="2024-05-11T09:14:46.109304" level="INFO">/opt/hostedtoolcache/Python/3.12.3/x64/lib/python3.12/site-packages/urllib3/connectionpool.py:1103: InsecureRequestWarning: Unverified HTTPS request is being made to host 'randomuser.me'. Adding certificate verification is strongly advised. See: https://urllib3.readthedocs.io/en/latest/advanced-usage.html#tls-warnings
  warnings.warn(</msg>
<msg time="2024-05-11T09:14:46.109416" level="INFO">${response} = &lt;Response [200]&gt;</msg>
<var>${response}</var>
<arg>consultarAPI</arg>
<arg>/api</arg>
<doc>Sends a GET request on a previously created HTTP Session.</doc>
<status status="PASS" start="2024-05-11T09:14:46.010737" elapsed="0.098719"/>
</kw>
<kw name="Set Variable" owner="BuiltIn">
<msg time="2024-05-11T09:14:46.110330" level="INFO">${json_data} = {'results': [{'gender': 'male', 'name': {'title': 'Mr', 'first': 'Yandel', 'last': 'Soto'}, 'location': {'street': {'number': 6007, 'name': 'Ampliación Zacatecas'}, 'city': 'Puerto San Carlos', 'state...</msg>
<var>${json_data}</var>
<arg>${response.json()}</arg>
<doc>Returns the given values which can then be assigned to a variables.</doc>
<status status="PASS" start="2024-05-11T09:14:46.109844" elapsed="0.000516"/>
</kw>
<kw name="Set Variable" owner="BuiltIn">
<msg time="2024-05-11T09:14:46.111053" level="INFO">${name_title} = Mr</msg>
<var>${name_title}</var>
<arg>${json_data["results"][0]["name"]["title"]}</arg>
<doc>Returns the given values which can then be assigned to a variables.</doc>
<status status="PASS" start="2024-05-11T09:14:46.110664" elapsed="0.000415"/>
</kw>
<kw name="Create List" owner="BuiltIn">
<msg time="2024-05-11T09:14:46.111560" level="INFO">${allowed_titles} = ['Mr', 'Ms', 'Miss', 'Mrs', 'Madame', 'Monsieur']</msg>
<var>${allowed_titles}</var>
<arg>Mr</arg>
<arg>Ms</arg>
<arg>Miss</arg>
<arg>Mrs</arg>
<arg>Madame</arg>
<arg>Monsieur</arg>
<doc>Returns a list containing given items.</doc>
<status status="PASS" start="2024-05-11T09:14:46.111413" elapsed="0.000171"/>
</kw>
<kw name="List Should Contain Value" owner="Collections">
<msg time="2024-05-11T09:14:46.112065" level="INFO">False</msg>
<arg>${allowed_titles}</arg>
<arg>${name_title}</arg>
<doc>Fails if the ``value`` is not found from ``list``.</doc>
<status status="PASS" start="2024-05-11T09:14:46.111878" elapsed="0.000241"/>
</kw>
<kw name="Set Variable" owner="BuiltIn">
<msg time="2024-05-11T09:14:46.112807" level="INFO">${name_country} = MX</msg>
<var>${name_country}</var>
<arg>${json_data["results"][0]["nat"]}</arg>
<doc>Returns the given values which can then be assigned to a variables.</doc>
<status status="PASS" start="2024-05-11T09:14:46.112428" elapsed="0.000403"/>
</kw>
<kw name="Create List" owner="BuiltIn">
<msg time="2024-05-11T09:14:46.113705" level="INFO">${list_country} = ['AD', 'AE', 'AF', 'AG', 'AI', 'AL', 'AM', 'AO', 'AQ', 'AR', 'AS', 'AT', 'AU', 'AW', 'AX', 'AZ', 'BA', 'BB', 'BD', 'BE', 'BF', 'BG', 'BH', 'BI', 'BJ', 'BL', 'BM', 'BN', 'BO', 'BQ', 'BR', 'BS', 'BT', '...</msg>
<var>${list_country}</var>
<arg>AD</arg>
<arg>AE</arg>
<arg>AF</arg>
<arg>AG</arg>
<arg>AI</arg>
<arg>AL</arg>
<arg>AM</arg>
<arg>AO</arg>
<arg>AQ</arg>
<arg>AR</arg>
<arg>AS</arg>
<arg>AT</arg>
<arg>AU</arg>
<arg>AW</arg>
<arg>AX</arg>
<arg>AZ</arg>
<arg>BA</arg>
<arg>BB</arg>
<arg>BD</arg>
<arg>BE</arg>
<arg>BF</arg>
<arg>BG</arg>
<arg>BH</arg>
<arg>BI</arg>
<arg>BJ</arg>
<arg>BL</arg>
<arg>BM</arg>
<arg>BN</arg>
<arg>BO</arg>
<arg>BQ</arg>
<arg>BR</arg>
<arg>BS</arg>
<arg>BT</arg>
<arg>BV</arg>
<arg>BW</arg>
<arg>BY</arg>
<arg>BZ</arg>
<arg>CA</arg>
<arg>CC</arg>
<arg>CD</arg>
<arg>CF</arg>
<arg>CG</arg>
<arg>CH</arg>
<arg>CI</arg>
<arg>CK</arg>
<arg>CL</arg>
<arg>CM</arg>
<arg>CN</arg>
<arg>CO</arg>
<arg>CR</arg>
<arg>CU</arg>
<arg>CV</arg>
<arg>CW</arg>
<arg>CX</arg>
<arg>CY</arg>
<arg>CZ</arg>
<arg>DE</arg>
<arg>DJ</arg>
<arg>DK</arg>
<arg>DM</arg>
<arg>DO</arg>
<arg>DZ</arg>
<arg>EC</arg>
<arg>EE</arg>
<arg>EG</arg>
<arg>EH</arg>
<arg>ER</arg>
<arg>ES</arg>
<arg>ET</arg>
<arg>FI</arg>
<arg>FJ</arg>
<arg>FK</arg>
<arg>FM</arg>
<arg>FO</arg>
<arg>FR</arg>
<arg>GA</arg>
<arg>GB</arg>
<arg>GD</arg>
<arg>GE</arg>
<arg>GF</arg>
<arg>GG</arg>
<arg>GH</arg>
<arg>GI</arg>
<arg>GL</arg>
<arg>GM</arg>
<arg>GN</arg>
<arg>GP</arg>
<arg>GQ</arg>
<arg>GR</arg>
<arg>GS</arg>
<arg>GT</arg>
<arg>GU</arg>
<arg>GW</arg>
<arg>GY</arg>
<arg>HK</arg>
<arg>HM</arg>
<arg>HN</arg>
<arg>HR</arg>
<arg>HT</arg>
<arg>HU</arg>
<arg>ID</arg>
<arg>IE</arg>
<arg>IL</arg>
<arg>IM</arg>
<arg>IN</arg>
<arg>IO</arg>
<arg>IQ</arg>
<arg>IR</arg>
<arg>IS</arg>
<arg>IT</arg>
<arg>JE</arg>
<arg>JM</arg>
<arg>JO</arg>
<arg>JP</arg>
<arg>KE</arg>
<arg>KG</arg>
<arg>KH</arg>
<arg>KI</arg>
<arg>KM</arg>
<arg>KN</arg>
<arg>KP</arg>
<arg>KR</arg>
<arg>KW</arg>
<arg>KY</arg>
<arg>KZ</arg>
<arg>LA</arg>
<arg>LB</arg>
<arg>LC</arg>
<arg>LI</arg>
<arg>LK</arg>
<arg>LR</arg>
<arg>LS</arg>
<arg>LT</arg>
<arg>LU</arg>
<arg>LV</arg>
<arg>LY</arg>
<arg>MA</arg>
<arg>MC</arg>
<arg>MD</arg>
<arg>ME</arg>
<arg>MF</arg>
<arg>MG</arg>
<arg>MH</arg>
<arg>MK</arg>
<arg>ML</arg>
<arg>MM</arg>
<arg>MN</arg>
<arg>MO</arg>
<arg>MP</arg>
<arg>MQ</arg>
<arg>MR</arg>
<arg>MS</arg>
<arg>MT</arg>
<arg>MU</arg>
<arg>MV</arg>
<arg>MW</arg>
<arg>MX</arg>
<arg>MY</arg>
<arg>MZ</arg>
<arg>NA</arg>
<arg>NC</arg>
<arg>NE</arg>
<arg>NF</arg>
<arg>NG</arg>
<arg>NI</arg>
<arg>NL</arg>
<arg>NO</arg>
<arg>NP</arg>
<arg>NR</arg>
<arg>NU</arg>
<arg>NZ</arg>
<arg>OM</arg>
<arg>PA</arg>
<arg>PE</arg>
<arg>PF</arg>
<arg>PG</arg>
<arg>PH</arg>
<arg>PK</arg>
<arg>PL</arg>
<arg>PM</arg>
<arg>PN</arg>
<arg>PR</arg>
<arg>PS</arg>
<arg>PT</arg>
<arg>PW</arg>
<arg>PY</arg>
<arg>QA</arg>
<arg>RE</arg>
<arg>RO</arg>
<arg>RS</arg>
<arg>RU</arg>
<arg>RW</arg>
<arg>SA</arg>
<arg>SB</arg>
<arg>SC</arg>
<arg>SD</arg>
<arg>SE</arg>
<arg>SG</arg>
<arg>SH</arg>
<arg>SI</arg>
<arg>SJ</arg>
<arg>SK</arg>
<arg>SL</arg>
<arg>SM</arg>
<arg>SN</arg>
<arg>SO</arg>
<arg>SR</arg>
<arg>SS</arg>
<arg>ST</arg>
<arg>SV</arg>
<arg>SX</arg>
<arg>SY</arg>
<arg>SZ</arg>
<arg>TC</arg>
<arg>TD</arg>
<arg>TF</arg>
<arg>TG</arg>
<arg>TH</arg>
<arg>TJ</arg>
<arg>TK</arg>
<arg>TL</arg>
<arg>TM</arg>
<arg>TN</arg>
<arg>TO</arg>
<arg>TR</arg>
<arg>TT</arg>
<arg>TV</arg>
<arg>TW</arg>
<arg>TZ</arg>
<arg>UA</arg>
<arg>UG</arg>
<arg>UM</arg>
<arg>US</arg>
<arg>UY</arg>
<arg>UZ</arg>
<arg>VA</arg>
<arg>VC</arg>
<arg>VE</arg>
<arg>VG</arg>
<arg>VI</arg>
<arg>VN</arg>
<arg>VU</arg>
<arg>WF</arg>
<arg>WS</arg>
<arg>XK</arg>
<arg>YE</arg>
<arg>YT</arg>
<arg>ZA</arg>
<arg>ZM</arg>
<arg>ZW</arg>
<doc>Returns a list containing given items.</doc>
<status status="PASS" start="2024-05-11T09:14:46.113125" elapsed="0.000605"/>
</kw>
<kw name="List Should Contain Value" owner="Collections">
<msg time="2024-05-11T09:14:46.114712" level="INFO">False</msg>
<arg>${list_country}</arg>
<arg>${name_country}</arg>
<doc>Fails if the ``value`` is not found from ``list``.</doc>
<status status="PASS" start="2024-05-11T09:14:46.114516" elapsed="0.000233"/>
</kw>
<kw name="Run Keyword If" owner="BuiltIn">
<kw name="Should Be True" owner="BuiltIn">
<arg>${True}</arg>
<doc>Fails if the given condition is not true.</doc>
<status status="PASS" start="2024-05-11T09:14:46.115847" elapsed="0.000144"/>
</kw>
<arg>${json_data["results"][0]["location"]["coordinates"]["latitude"]} &gt;= -90 and ${json_data["results"][0]["location"]["coordinates"]["latitude"]} &lt;= 90</arg>
<arg>Should Be True</arg>
<arg>${True}</arg>
<doc>Runs the given keyword with the given arguments, if ``condition`` is true.</doc>
<status status="PASS" start="2024-05-11T09:14:46.115056" elapsed="0.001059"/>
</kw>
<kw name="Run Keyword If" owner="BuiltIn">
<kw name="Should Be True" owner="BuiltIn">
<arg>${True}</arg>
<doc>Fails if the given condition is not true.</doc>
<status status="PASS" start="2024-05-11T09:14:46.117005" elapsed="0.000240"/>
</kw>
<arg>${json_data["results"][0]["location"]["coordinates"]["longitude"]} &gt;= -180 and ${json_data["results"][0]["location"]["coordinates"]["longitude"]} &lt;= 180</arg>
<arg>Should Be True</arg>
<arg>${True}</arg>
<doc>Runs the given keyword with the given arguments, if ``condition`` is true.</doc>
<status status="PASS" start="2024-05-11T09:14:46.116299" elapsed="0.001071"/>
</kw>
<status status="PASS" start="2024-05-11T09:14:46.010373" elapsed="0.107124"/>
</kw>
<doc>Testa o conteúdo específico dos campos retornados pela API.</doc>
<tag>testeConteudo</tag>
<status status="PASS" start="2024-05-11T09:14:46.009693" elapsed="0.107943"/>
</test>
<status status="PASS" start="2024-05-11T09:14:44.739614" elapsed="1.379932"/>
</suite>
<status status="PASS" start="2024-05-11T09:14:44.726182" elapsed="1.398367"/>
</suite>
<statistics>
<total>
<stat pass="5" fail="0" skip="0">All Tests</stat>
</total>
<tag>
<stat pass="1" fail="0" skip="0">testeConteudo</stat>
<stat pass="1" fail="0" skip="0">testeEstruturaResposta</stat>
<stat pass="1" fail="0" skip="0">testeRequisicaoBasica</stat>
<stat pass="1" fail="0" skip="0">testeTiposDados</stat>
</tag>
<suite>
<stat pass="5" fail="0" skip="0" id="s1" name="Tests">Tests</stat>
<stat pass="5" fail="0" skip="0" id="s1-s1" name="Random-User-Test">Tests.Random-User-Test</stat>
</suite>
</statistics>
<errors>
</errors>
</robot>
