<?xml version="1.0" encoding="UTF-8"?>
<robot generator="Robot 7.0 (Python 3.12.3 on linux)" generated="2024-04-26T14:12:49.835627" rpa="false" schemaversion="5">
<suite id="s1" name="Tests" source="/home/runner/work/DesafioQAItauRogerioJordao/DesafioQAItauRogerioJordao/RamdonUser/tests">
<suite id="s1-s1" name="Random-User-Test" source="/home/runner/work/DesafioQAItauRogerioJordao/DesafioQAItauRogerioJordao/RamdonUser/tests/random-user-test.robot">
<test id="s1-s1-t1" name="Conectar" line="13">
<kw name="Conectar API" owner="random-user-service">
<kw name="Create Session" owner="RequestsLibrary">
<msg time="2024-04-26T14:12:50.212481" level="INFO">Creating Session using : alias=consultarAPI, url=https://randomuser.me/, headers={},                     cookies={}, auth=None, timeout=None, proxies=None, verify=False,                     debug=0 </msg>
<arg>consultarAPI</arg>
<arg>${URL}</arg>
<doc>Create Session: create a HTTP session to a server</doc>
<status status="PASS" start="2024-04-26T14:12:50.212279" elapsed="0.000385"/>
</kw>
<status status="PASS" start="2024-04-26T14:12:50.211299" elapsed="0.001747"/>
</kw>
<status status="PASS" start="2024-04-26T14:12:50.210769" elapsed="0.002469"/>
</test>
<test id="s1-s1-t2" name="Validar retorno 200 e JSON Válido" line="16">
<kw name="Teste de Requisicao Basica" owner="random-user-service">
<kw name="GET On Session" owner="RequestsLibrary">
<msg time="2024-04-26T14:12:50.307496" level="INFO">GET Request : url=https://randomuser.me/api 
 path_url=/api 
 headers={'User-Agent': 'python-requests/2.31.0', 'Accept-Encoding': 'gzip, deflate', 'Accept': '*/*', 'Connection': 'keep-alive'} 
 body=None 
 </msg>
<msg time="2024-04-26T14:12:50.307655" level="INFO">GET Response : url=https://randomuser.me/api 
 status=200, reason=OK 
 headers={'Date': 'Fri, 26 Apr 2024 14:12:50 GMT', 'Content-Type': 'application/json; charset=utf-8', 'Transfer-Encoding': 'chunked', 'Connection': 'keep-alive', 'X-Powered-By': 'Express', 'Access-Control-Allow-Origin': '*', 'Cache-Control': 'no-cache', 'ETag': 'W/"489-HzrQdBFzeMaMeYvQX6Rhc7pPKxw"', 'Vary': 'Accept-Encoding', 'Content-Encoding': 'gzip', 'CF-Cache-Status': 'DYNAMIC', 'Report-To': '{"endpoints":[{"url":"https:\\/\\/a.nel.cloudflare.com\\/report\\/v4?s=8W%2BhNtOWDW2uDONecYTzdUTd8y7XeXTBVMHdLflEadtfrfUHKCRcLvbxFDdNJjS9TMLevEy%2B2XWqhPmbsV7neZCH2vbN5NvSfgelyBIHcGvmDnzuDpazrHrhmTA5t%2FRs"}],"group":"cf-nel","max_age":604800}', 'NEL': '{"success_fraction":0,"report_to":"cf-nel","max_age":604800}', 'Server': 'cloudflare', 'CF-RAY': '87a72b861bd561c0-ORD', 'alt-svc': 'h3=":443"; ma=86400'} 
 body={"results":[{"gender":"male","name":{"title":"Mr","first":"Eetu","last":"Remes"},"location":{"street":{"number":3189,"name":"Reijolankatu"},"city":"Ähtäri","state":"Päijät-Häme","country":"Finland","postcode":35237,"coordinates":{"latitude":"-21.9106","longitude":"-0.0117"},"timezone":{"offset":"+2:00","description":"Kaliningrad, South Africa"}},"email":"eetu.remes@example.com","login":{"uuid":"3c85bf94-874d-48cf-8638-12c49ce02e72","username":"blueleopard178","password":"gotyoass","salt":"IBsZIW7H","md5":"a18817836d0a1a0c73f5d67a726bfef9","sha1":"0d3d92d9418be5625c01852b8c28d961f4936034","sha256":"dda913b5b8db071d4e692e729a5bc651dbf4ad0bf503792f02ef884e8d559530"},"dob":{"date":"1953-05-31T13:53:23.282Z","age":70},"registered":{"date":"2017-08-01T09:17:28.902Z","age":6},"phone":"06-790-194","cell":"041-287-21-07","id":{"name":"HETU","value":"NaNNA455undefined"},"picture":{"large":"https://randomuser.me/api/portraits/men/26.jpg","medium":"https://randomuser.me/api/portraits/med/men/26.jpg","thumbnail":"https://randomuser.me/api/portraits/thumb/men/26.jpg"},"nat":"FI"}],"info":{"seed":"e373fb31d4c76e33","results":1,"page":1,"version":"1.4"}} 
 </msg>
<msg time="2024-04-26T14:12:50.307762" level="INFO">/opt/hostedtoolcache/Python/3.12.3/x64/lib/python3.12/site-packages/urllib3/connectionpool.py:1103: InsecureRequestWarning: Unverified HTTPS request is being made to host 'randomuser.me'. Adding certificate verification is strongly advised. See: https://urllib3.readthedocs.io/en/latest/advanced-usage.html#tls-warnings
  warnings.warn(</msg>
<msg time="2024-04-26T14:12:50.307896" level="INFO">${response} = &lt;Response [200]&gt;</msg>
<var>${response}</var>
<arg>consultarAPI</arg>
<arg>/api</arg>
<doc>Sends a GET request on a previously created HTTP Session.</doc>
<status status="PASS" start="2024-04-26T14:12:50.215827" elapsed="0.092113"/>
</kw>
<kw name="Should Be Equal As Numbers" owner="BuiltIn">
<msg time="2024-04-26T14:12:50.308993" level="INFO">Argument types are:
&lt;class 'int'&gt;
&lt;class 'str'&gt;</msg>
<arg>${response.status_code}</arg>
<arg>200</arg>
<doc>Fails if objects are unequal after converting them to real numbers.</doc>
<status status="PASS" start="2024-04-26T14:12:50.308475" elapsed="0.000583"/>
</kw>
<kw name="Log" owner="BuiltIn">
<msg time="2024-04-26T14:12:50.309737" level="INFO">200</msg>
<arg>${response.status_code}</arg>
<doc>Logs the given message with the given level.</doc>
<status status="PASS" start="2024-04-26T14:12:50.309380" elapsed="0.000399"/>
</kw>
<kw name="Set Variable" owner="BuiltIn">
<msg time="2024-04-26T14:12:50.310529" level="INFO">${json_data} = {'results': [{'gender': 'male', 'name': {'title': 'Mr', 'first': 'Eetu', 'last': 'Remes'}, 'location': {'street': {'number': 3189, 'name': 'Reijolankatu'}, 'city': 'Ähtäri', 'state': 'Päijät-Häme', 'c...</msg>
<var>${json_data}</var>
<arg>${response.json()}</arg>
<doc>Returns the given values which can then be assigned to a variables.</doc>
<status status="PASS" start="2024-04-26T14:12:50.310085" elapsed="0.000473"/>
</kw>
<kw name="Dictionary Should Contain Key" owner="Collections">
<msg time="2024-04-26T14:12:50.311030" level="INFO">False</msg>
<arg>${json_data}</arg>
<arg>results</arg>
<doc>Fails if ``key`` is not found from ``dictionary``.</doc>
<status status="PASS" start="2024-04-26T14:12:50.310865" elapsed="0.000209"/>
</kw>
<status status="PASS" start="2024-04-26T14:12:50.215585" elapsed="0.095752"/>
</kw>
<doc>Testa se a API responde corretamente e retorna um objeto JSON válido.</doc>
<tag>testeRequisicaoBasica</tag>
<status status="PASS" start="2024-04-26T14:12:50.215127" elapsed="0.096398"/>
</test>
<test id="s1-s1-t3" name="Validar estrutura de resposta" line="22">
<kw name="Teste de Estrutura de Resposta" owner="random-user-service">
<kw name="GET On Session" owner="RequestsLibrary">
<msg time="2024-04-26T14:12:50.404512" level="INFO">GET Request : url=https://randomuser.me/api 
 path_url=/api 
 headers={'User-Agent': 'python-requests/2.31.0', 'Accept-Encoding': 'gzip, deflate', 'Accept': '*/*', 'Connection': 'keep-alive'} 
 body=None 
 </msg>
<msg time="2024-04-26T14:12:50.404595" level="INFO">GET Response : url=https://randomuser.me/api 
 status=200, reason=OK 
 headers={'Date': 'Fri, 26 Apr 2024 14:12:50 GMT', 'Content-Type': 'application/json; charset=utf-8', 'Transfer-Encoding': 'chunked', 'Connection': 'keep-alive', 'X-Powered-By': 'Express', 'Access-Control-Allow-Origin': '*', 'Cache-Control': 'no-cache', 'ETag': 'W/"49b-3awRt0uCKlpag21t5z0xkEezUa8"', 'Vary': 'Accept-Encoding', 'Content-Encoding': 'gzip', 'CF-Cache-Status': 'DYNAMIC', 'Report-To': '{"endpoints":[{"url":"https:\\/\\/a.nel.cloudflare.com\\/report\\/v4?s=AFsdeSzpUEGq8odETc9LRAR6wBE9w3JrKmVSK%2B4c3wZQx0eezxaZFbg03Nf2y43QvapLFp5YQ%2BpVPE2snVxwyeDzV6s%2BEbs3fYcIkcufMY0Mir3vRsQn6zNkkMfMF030"}],"group":"cf-nel","max_age":604800}', 'NEL': '{"success_fraction":0,"report_to":"cf-nel","max_age":604800}', 'Server': 'cloudflare', 'CF-RAY': '87a72b867c6161c0-ORD', 'alt-svc': 'h3=":443"; ma=86400'} 
 body={"results":[{"gender":"female","name":{"title":"Madame","first":"Esther","last":"Noel"},"location":{"street":{"number":8215,"name":"Rue des Chartreux"},"city":"Rennaz","state":"Zug","country":"Switzerland","postcode":4006,"coordinates":{"latitude":"-59.4145","longitude":"86.8424"},"timezone":{"offset":"+8:00","description":"Beijing, Perth, Singapore, Hong Kong"}},"email":"esther.noel@example.com","login":{"uuid":"4caddbbf-6fec-4c47-8926-d7ca9f56f0e1","username":"happysnake528","password":"blanca","salt":"96WWrEHK","md5":"0ac6231c21019a5de936e0daa362ef89","sha1":"568af9317708ccefa6a97fb2cea9bdbd8b5ab7fe","sha256":"237916867dc3b3292503f9f50727fa4b66118ffce84ca2d9b1e14d4c41826a05"},"dob":{"date":"1990-09-06T15:16:42.716Z","age":33},"registered":{"date":"2015-03-13T18:12:46.771Z","age":9},"phone":"077 908 06 85","cell":"075 162 75 53","id":{"name":"AVS","value":"756.0937.9864.46"},"picture":{"large":"https://randomuser.me/api/portraits/women/55.jpg","medium":"https://randomuser.me/api/portraits/med/women/55.jpg","thumbnail":"https://randomuser.me/api/portraits/thumb/women/55.jpg"},"nat":"CH"}],"info":{"seed":"7c7359817d7a8a7a","results":1,"page":1,"version":"1.4"}} 
 </msg>
<msg time="2024-04-26T14:12:50.404748" level="INFO">/opt/hostedtoolcache/Python/3.12.3/x64/lib/python3.12/site-packages/urllib3/connectionpool.py:1103: InsecureRequestWarning: Unverified HTTPS request is being made to host 'randomuser.me'. Adding certificate verification is strongly advised. See: https://urllib3.readthedocs.io/en/latest/advanced-usage.html#tls-warnings
  warnings.warn(</msg>
<msg time="2024-04-26T14:12:50.404876" level="INFO">${response} = &lt;Response [200]&gt;</msg>
<var>${response}</var>
<arg>consultarAPI</arg>
<arg>/api</arg>
<doc>Sends a GET request on a previously created HTTP Session.</doc>
<status status="PASS" start="2024-04-26T14:12:50.314291" elapsed="0.090638"/>
</kw>
<kw name="Set Variable" owner="BuiltIn">
<msg time="2024-04-26T14:12:50.406062" level="INFO">${json_data} = {'results': [{'gender': 'female', 'name': {'title': 'Madame', 'first': 'Esther', 'last': 'Noel'}, 'location': {'street': {'number': 8215, 'name': 'Rue des Chartreux'}, 'city': 'Rennaz', 'state': 'Zug'...</msg>
<var>${json_data}</var>
<arg>${response.json()}</arg>
<doc>Returns the given values which can then be assigned to a variables.</doc>
<status status="PASS" start="2024-04-26T14:12:50.405419" elapsed="0.000672"/>
</kw>
<kw name="Log" owner="BuiltIn">
<msg time="2024-04-26T14:12:50.406568" level="INFO">{'results': [{'gender': 'female', 'name': {'title': 'Madame', 'first': 'Esther', 'last': 'Noel'}, 'location': {'street': {'number': 8215, 'name': 'Rue des Chartreux'}, 'city': 'Rennaz', 'state': 'Zug', 'country': 'Switzerland', 'postcode': 4006, 'coordinates': {'latitude': '-59.4145', 'longitude': '86.8424'}, 'timezone': {'offset': '+8:00', 'description': 'Beijing, Perth, Singapore, Hong Kong'}}, 'email': 'esther.noel@example.com', 'login': {'uuid': '4caddbbf-6fec-4c47-8926-d7ca9f56f0e1', 'username': 'happysnake528', 'password': 'blanca', 'salt': '96WWrEHK', 'md5': '0ac6231c21019a5de936e0daa362ef89', 'sha1': '568af9317708ccefa6a97fb2cea9bdbd8b5ab7fe', 'sha256': '237916867dc3b3292503f9f50727fa4b66118ffce84ca2d9b1e14d4c41826a05'}, 'dob': {'date': '1990-09-06T15:16:42.716Z', 'age': 33}, 'registered': {'date': '2015-03-13T18:12:46.771Z', 'age': 9}, 'phone': '077 908 06 85', 'cell': '075 162 75 53', 'id': {'name': 'AVS', 'value': '756.0937.9864.46'}, 'picture': {'large': 'https://randomuser.me/api/portraits/women/55.jpg', 'medium': 'https://randomuser.me/api/portraits/med/women/55.jpg', 'thumbnail': 'https://randomuser.me/api/portraits/thumb/women/55.jpg'}, 'nat': 'CH'}], 'info': {'seed': '7c7359817d7a8a7a', 'results': 1, 'page': 1, 'version': '1.4'}}</msg>
<arg>${json_data}</arg>
<doc>Logs the given message with the given level.</doc>
<status status="PASS" start="2024-04-26T14:12:50.406411" elapsed="0.000205"/>
</kw>
<kw name="Dictionary Should Contain Key" owner="Collections">
<msg time="2024-04-26T14:12:50.407075" level="INFO">False</msg>
<arg>${json_data}</arg>
<arg>results</arg>
<doc>Fails if ``key`` is not found from ``dictionary``.</doc>
<status status="PASS" start="2024-04-26T14:12:50.406911" elapsed="0.000202"/>
</kw>
<kw name="Should Not Be Empty" owner="BuiltIn">
<msg time="2024-04-26T14:12:50.407537" level="INFO">Length is 2.</msg>
<arg>${json_data}</arg>
<doc>Verifies that the given item is not empty.</doc>
<status status="PASS" start="2024-04-26T14:12:50.407405" elapsed="0.000171"/>
</kw>
<kw name="Create List" owner="BuiltIn">
<msg time="2024-04-26T14:12:50.408158" level="INFO">${expected_keys} = ['gender', 'name', 'location', 'email', 'login']</msg>
<var>${expected_keys}</var>
<arg>gender</arg>
<arg>name</arg>
<arg>location</arg>
<arg>email</arg>
<arg>login</arg>
<doc>Returns a list containing given items.</doc>
<status status="PASS" start="2024-04-26T14:12:50.407863" elapsed="0.000321"/>
</kw>
<for flavor="IN">
<iter>
<kw name="Dictionary Should Contain Key" owner="Collections">
<msg time="2024-04-26T14:12:50.409223" level="INFO">False</msg>
<arg>${json_data['results'][0]}</arg>
<arg>${key}</arg>
<doc>Fails if ``key`` is not found from ``dictionary``.</doc>
<status status="PASS" start="2024-04-26T14:12:50.408813" elapsed="0.000449"/>
</kw>
<kw name="Log" owner="BuiltIn">
<msg time="2024-04-26T14:12:50.409932" level="INFO">{'gender': 'female', 'name': {'title': 'Madame', 'first': 'Esther', 'last': 'Noel'}, 'location': {'street': {'number': 8215, 'name': 'Rue des Chartreux'}, 'city': 'Rennaz', 'state': 'Zug', 'country': 'Switzerland', 'postcode': 4006, 'coordinates': {'latitude': '-59.4145', 'longitude': '86.8424'}, 'timezone': {'offset': '+8:00', 'description': 'Beijing, Perth, Singapore, Hong Kong'}}, 'email': 'esther.noel@example.com', 'login': {'uuid': '4caddbbf-6fec-4c47-8926-d7ca9f56f0e1', 'username': 'happysnake528', 'password': 'blanca', 'salt': '96WWrEHK', 'md5': '0ac6231c21019a5de936e0daa362ef89', 'sha1': '568af9317708ccefa6a97fb2cea9bdbd8b5ab7fe', 'sha256': '237916867dc3b3292503f9f50727fa4b66118ffce84ca2d9b1e14d4c41826a05'}, 'dob': {'date': '1990-09-06T15:16:42.716Z', 'age': 33}, 'registered': {'date': '2015-03-13T18:12:46.771Z', 'age': 9}, 'phone': '077 908 06 85', 'cell': '075 162 75 53', 'id': {'name': 'AVS', 'value': '756.0937.9864.46'}, 'picture': {'large': 'https://randomuser.me/api/portraits/women/55.jpg', 'medium': 'https://randomuser.me/api/portraits/med/women/55.jpg', 'thumbnail': 'https://randomuser.me/api/portraits/thumb/women/55.jpg'}, 'nat': 'CH'}</msg>
<arg>${json_data['results'][0]}</arg>
<doc>Logs the given message with the given level.</doc>
<status status="PASS" start="2024-04-26T14:12:50.409570" elapsed="0.000410"/>
</kw>
<kw name="Log" owner="BuiltIn">
<msg time="2024-04-26T14:12:50.410470" level="INFO">gender</msg>
<arg>${key}</arg>
<doc>Logs the given message with the given level.</doc>
<status status="PASS" start="2024-04-26T14:12:50.410334" elapsed="0.000174"/>
</kw>
<var name="${key}">gender</var>
<status status="PASS" start="2024-04-26T14:12:50.408643" elapsed="0.002084"/>
</iter>
<iter>
<kw name="Dictionary Should Contain Key" owner="Collections">
<msg time="2024-04-26T14:12:50.411433" level="INFO">False</msg>
<arg>${json_data['results'][0]}</arg>
<arg>${key}</arg>
<doc>Fails if ``key`` is not found from ``dictionary``.</doc>
<status status="PASS" start="2024-04-26T14:12:50.411042" elapsed="0.000430"/>
</kw>
<kw name="Log" owner="BuiltIn">
<msg time="2024-04-26T14:12:50.412167" level="INFO">{'gender': 'female', 'name': {'title': 'Madame', 'first': 'Esther', 'last': 'Noel'}, 'location': {'street': {'number': 8215, 'name': 'Rue des Chartreux'}, 'city': 'Rennaz', 'state': 'Zug', 'country': 'Switzerland', 'postcode': 4006, 'coordinates': {'latitude': '-59.4145', 'longitude': '86.8424'}, 'timezone': {'offset': '+8:00', 'description': 'Beijing, Perth, Singapore, Hong Kong'}}, 'email': 'esther.noel@example.com', 'login': {'uuid': '4caddbbf-6fec-4c47-8926-d7ca9f56f0e1', 'username': 'happysnake528', 'password': 'blanca', 'salt': '96WWrEHK', 'md5': '0ac6231c21019a5de936e0daa362ef89', 'sha1': '568af9317708ccefa6a97fb2cea9bdbd8b5ab7fe', 'sha256': '237916867dc3b3292503f9f50727fa4b66118ffce84ca2d9b1e14d4c41826a05'}, 'dob': {'date': '1990-09-06T15:16:42.716Z', 'age': 33}, 'registered': {'date': '2015-03-13T18:12:46.771Z', 'age': 9}, 'phone': '077 908 06 85', 'cell': '075 162 75 53', 'id': {'name': 'AVS', 'value': '756.0937.9864.46'}, 'picture': {'large': 'https://randomuser.me/api/portraits/women/55.jpg', 'medium': 'https://randomuser.me/api/portraits/med/women/55.jpg', 'thumbnail': 'https://randomuser.me/api/portraits/thumb/women/55.jpg'}, 'nat': 'CH'}</msg>
<arg>${json_data['results'][0]}</arg>
<doc>Logs the given message with the given level.</doc>
<status status="PASS" start="2024-04-26T14:12:50.411798" elapsed="0.000418"/>
</kw>
<kw name="Log" owner="BuiltIn">
<msg time="2024-04-26T14:12:50.412644" level="INFO">name</msg>
<arg>${key}</arg>
<doc>Logs the given message with the given level.</doc>
<status status="PASS" start="2024-04-26T14:12:50.412516" elapsed="0.000198"/>
</kw>
<var name="${key}">name</var>
<status status="PASS" start="2024-04-26T14:12:50.410914" elapsed="0.002025"/>
</iter>
<iter>
<kw name="Dictionary Should Contain Key" owner="Collections">
<msg time="2024-04-26T14:12:50.413612" level="INFO">False</msg>
<arg>${json_data['results'][0]}</arg>
<arg>${key}</arg>
<doc>Fails if ``key`` is not found from ``dictionary``.</doc>
<status status="PASS" start="2024-04-26T14:12:50.413232" elapsed="0.000418"/>
</kw>
<kw name="Log" owner="BuiltIn">
<msg time="2024-04-26T14:12:50.414311" level="INFO">{'gender': 'female', 'name': {'title': 'Madame', 'first': 'Esther', 'last': 'Noel'}, 'location': {'street': {'number': 8215, 'name': 'Rue des Chartreux'}, 'city': 'Rennaz', 'state': 'Zug', 'country': 'Switzerland', 'postcode': 4006, 'coordinates': {'latitude': '-59.4145', 'longitude': '86.8424'}, 'timezone': {'offset': '+8:00', 'description': 'Beijing, Perth, Singapore, Hong Kong'}}, 'email': 'esther.noel@example.com', 'login': {'uuid': '4caddbbf-6fec-4c47-8926-d7ca9f56f0e1', 'username': 'happysnake528', 'password': 'blanca', 'salt': '96WWrEHK', 'md5': '0ac6231c21019a5de936e0daa362ef89', 'sha1': '568af9317708ccefa6a97fb2cea9bdbd8b5ab7fe', 'sha256': '237916867dc3b3292503f9f50727fa4b66118ffce84ca2d9b1e14d4c41826a05'}, 'dob': {'date': '1990-09-06T15:16:42.716Z', 'age': 33}, 'registered': {'date': '2015-03-13T18:12:46.771Z', 'age': 9}, 'phone': '077 908 06 85', 'cell': '075 162 75 53', 'id': {'name': 'AVS', 'value': '756.0937.9864.46'}, 'picture': {'large': 'https://randomuser.me/api/portraits/women/55.jpg', 'medium': 'https://randomuser.me/api/portraits/med/women/55.jpg', 'thumbnail': 'https://randomuser.me/api/portraits/thumb/women/55.jpg'}, 'nat': 'CH'}</msg>
<arg>${json_data['results'][0]}</arg>
<doc>Logs the given message with the given level.</doc>
<status status="PASS" start="2024-04-26T14:12:50.413954" elapsed="0.000405"/>
</kw>
<kw name="Log" owner="BuiltIn">
<msg time="2024-04-26T14:12:50.414777" level="INFO">location</msg>
<arg>${key}</arg>
<doc>Logs the given message with the given level.</doc>
<status status="PASS" start="2024-04-26T14:12:50.414652" elapsed="0.000163"/>
</kw>
<var name="${key}">location</var>
<status status="PASS" start="2024-04-26T14:12:50.413118" elapsed="0.001910"/>
</iter>
<iter>
<kw name="Dictionary Should Contain Key" owner="Collections">
<msg time="2024-04-26T14:12:50.415705" level="INFO">False</msg>
<arg>${json_data['results'][0]}</arg>
<arg>${key}</arg>
<doc>Fails if ``key`` is not found from ``dictionary``.</doc>
<status status="PASS" start="2024-04-26T14:12:50.415313" elapsed="0.000430"/>
</kw>
<kw name="Log" owner="BuiltIn">
<msg time="2024-04-26T14:12:50.416392" level="INFO">{'gender': 'female', 'name': {'title': 'Madame', 'first': 'Esther', 'last': 'Noel'}, 'location': {'street': {'number': 8215, 'name': 'Rue des Chartreux'}, 'city': 'Rennaz', 'state': 'Zug', 'country': 'Switzerland', 'postcode': 4006, 'coordinates': {'latitude': '-59.4145', 'longitude': '86.8424'}, 'timezone': {'offset': '+8:00', 'description': 'Beijing, Perth, Singapore, Hong Kong'}}, 'email': 'esther.noel@example.com', 'login': {'uuid': '4caddbbf-6fec-4c47-8926-d7ca9f56f0e1', 'username': 'happysnake528', 'password': 'blanca', 'salt': '96WWrEHK', 'md5': '0ac6231c21019a5de936e0daa362ef89', 'sha1': '568af9317708ccefa6a97fb2cea9bdbd8b5ab7fe', 'sha256': '237916867dc3b3292503f9f50727fa4b66118ffce84ca2d9b1e14d4c41826a05'}, 'dob': {'date': '1990-09-06T15:16:42.716Z', 'age': 33}, 'registered': {'date': '2015-03-13T18:12:46.771Z', 'age': 9}, 'phone': '077 908 06 85', 'cell': '075 162 75 53', 'id': {'name': 'AVS', 'value': '756.0937.9864.46'}, 'picture': {'large': 'https://randomuser.me/api/portraits/women/55.jpg', 'medium': 'https://randomuser.me/api/portraits/med/women/55.jpg', 'thumbnail': 'https://randomuser.me/api/portraits/thumb/women/55.jpg'}, 'nat': 'CH'}</msg>
<arg>${json_data['results'][0]}</arg>
<doc>Logs the given message with the given level.</doc>
<status status="PASS" start="2024-04-26T14:12:50.416037" elapsed="0.000403"/>
</kw>
<kw name="Log" owner="BuiltIn">
<msg time="2024-04-26T14:12:50.416902" level="INFO">email</msg>
<arg>${key}</arg>
<doc>Logs the given message with the given level.</doc>
<status status="PASS" start="2024-04-26T14:12:50.416769" elapsed="0.000170"/>
</kw>
<var name="${key}">email</var>
<status status="PASS" start="2024-04-26T14:12:50.415200" elapsed="0.001956"/>
</iter>
<iter>
<kw name="Dictionary Should Contain Key" owner="Collections">
<msg time="2024-04-26T14:12:50.417822" level="INFO">False</msg>
<arg>${json_data['results'][0]}</arg>
<arg>${key}</arg>
<doc>Fails if ``key`` is not found from ``dictionary``.</doc>
<status status="PASS" start="2024-04-26T14:12:50.417440" elapsed="0.000420"/>
</kw>
<kw name="Log" owner="BuiltIn">
<msg time="2024-04-26T14:12:50.418515" level="INFO">{'gender': 'female', 'name': {'title': 'Madame', 'first': 'Esther', 'last': 'Noel'}, 'location': {'street': {'number': 8215, 'name': 'Rue des Chartreux'}, 'city': 'Rennaz', 'state': 'Zug', 'country': 'Switzerland', 'postcode': 4006, 'coordinates': {'latitude': '-59.4145', 'longitude': '86.8424'}, 'timezone': {'offset': '+8:00', 'description': 'Beijing, Perth, Singapore, Hong Kong'}}, 'email': 'esther.noel@example.com', 'login': {'uuid': '4caddbbf-6fec-4c47-8926-d7ca9f56f0e1', 'username': 'happysnake528', 'password': 'blanca', 'salt': '96WWrEHK', 'md5': '0ac6231c21019a5de936e0daa362ef89', 'sha1': '568af9317708ccefa6a97fb2cea9bdbd8b5ab7fe', 'sha256': '237916867dc3b3292503f9f50727fa4b66118ffce84ca2d9b1e14d4c41826a05'}, 'dob': {'date': '1990-09-06T15:16:42.716Z', 'age': 33}, 'registered': {'date': '2015-03-13T18:12:46.771Z', 'age': 9}, 'phone': '077 908 06 85', 'cell': '075 162 75 53', 'id': {'name': 'AVS', 'value': '756.0937.9864.46'}, 'picture': {'large': 'https://randomuser.me/api/portraits/women/55.jpg', 'medium': 'https://randomuser.me/api/portraits/med/women/55.jpg', 'thumbnail': 'https://randomuser.me/api/portraits/thumb/women/55.jpg'}, 'nat': 'CH'}</msg>
<arg>${json_data['results'][0]}</arg>
<doc>Logs the given message with the given level.</doc>
<status status="PASS" start="2024-04-26T14:12:50.418153" elapsed="0.000411"/>
</kw>
<kw name="Log" owner="BuiltIn">
<msg time="2024-04-26T14:12:50.418986" level="INFO">login</msg>
<arg>${key}</arg>
<doc>Logs the given message with the given level.</doc>
<status status="PASS" start="2024-04-26T14:12:50.418860" elapsed="0.000163"/>
</kw>
<var name="${key}">login</var>
<status status="PASS" start="2024-04-26T14:12:50.417329" elapsed="0.001933"/>
</iter>
<var>${key}</var>
<value>@{expected_keys}</value>
<status status="PASS" start="2024-04-26T14:12:50.408453" elapsed="0.010935"/>
</for>
<kw name="Create List" owner="BuiltIn">
<msg time="2024-04-26T14:12:50.419717" level="INFO">${expected_keysTwo} = ['username', 'password']</msg>
<var>${expected_keysTwo}</var>
<arg>username</arg>
<arg>password</arg>
<doc>Returns a list containing given items.</doc>
<status status="PASS" start="2024-04-26T14:12:50.419582" elapsed="0.000158"/>
</kw>
<for flavor="IN">
<iter>
<kw name="Dictionary Should Contain Key" owner="Collections">
<msg time="2024-04-26T14:12:50.420625" level="INFO">False</msg>
<arg>${json_data['results'][0]['login']}</arg>
<arg>${keyTwo}</arg>
<doc>Fails if ``key`` is not found from ``dictionary``.</doc>
<status status="PASS" start="2024-04-26T14:12:50.420237" elapsed="0.000425"/>
</kw>
<kw name="Dictionary Should Contain Key" owner="Collections">
<msg time="2024-04-26T14:12:50.421397" level="INFO">False</msg>
<arg>${json_data['results'][0]['login']}</arg>
<arg>${keyTwo}</arg>
<doc>Fails if ``key`` is not found from ``dictionary``.</doc>
<status status="PASS" start="2024-04-26T14:12:50.420996" elapsed="0.000439"/>
</kw>
<kw name="Log" owner="BuiltIn">
<msg time="2024-04-26T14:12:50.421854" level="INFO">username</msg>
<arg>${keyTwo}</arg>
<doc>Logs the given message with the given level.</doc>
<status status="PASS" start="2024-04-26T14:12:50.421727" elapsed="0.000165"/>
</kw>
<var name="${keyTwo}">username</var>
<status status="PASS" start="2024-04-26T14:12:50.420128" elapsed="0.001979"/>
</iter>
<iter>
<kw name="Dictionary Should Contain Key" owner="Collections">
<msg time="2024-04-26T14:12:50.422775" level="INFO">False</msg>
<arg>${json_data['results'][0]['login']}</arg>
<arg>${keyTwo}</arg>
<doc>Fails if ``key`` is not found from ``dictionary``.</doc>
<status status="PASS" start="2024-04-26T14:12:50.422390" elapsed="0.000427"/>
</kw>
<kw name="Dictionary Should Contain Key" owner="Collections">
<msg time="2024-04-26T14:12:50.423565" level="INFO">False</msg>
<arg>${json_data['results'][0]['login']}</arg>
<arg>${keyTwo}</arg>
<doc>Fails if ``key`` is not found from ``dictionary``.</doc>
<status status="PASS" start="2024-04-26T14:12:50.423108" elapsed="0.000495"/>
</kw>
<kw name="Log" owner="BuiltIn">
<msg time="2024-04-26T14:12:50.424024" level="INFO">password</msg>
<arg>${keyTwo}</arg>
<doc>Logs the given message with the given level.</doc>
<status status="PASS" start="2024-04-26T14:12:50.423898" elapsed="0.000163"/>
</kw>
<var name="${keyTwo}">password</var>
<status status="PASS" start="2024-04-26T14:12:50.422279" elapsed="0.001998"/>
</iter>
<var>${keyTwo}</var>
<value>@{expected_keysTwo}</value>
<status status="PASS" start="2024-04-26T14:12:50.419976" elapsed="0.004422"/>
</for>
<status status="PASS" start="2024-04-26T14:12:50.314050" elapsed="0.110488"/>
</kw>
<doc>Testa a estrutura da resposta da API.</doc>
<tag>testeEstruturaResposta</tag>
<status status="PASS" start="2024-04-26T14:12:50.313422" elapsed="0.111307"/>
</test>
<test id="s1-s1-t4" name="Validar tipos de dados" line="28">
<kw name="Teste de Tipos de Dados" owner="random-user-service">
<kw name="GET On Session" owner="RequestsLibrary">
<msg time="2024-04-26T14:12:50.504352" level="INFO">GET Request : url=https://randomuser.me/api 
 path_url=/api 
 headers={'User-Agent': 'python-requests/2.31.0', 'Accept-Encoding': 'gzip, deflate', 'Accept': '*/*', 'Connection': 'keep-alive'} 
 body=None 
 </msg>
<msg time="2024-04-26T14:12:50.504440" level="INFO">GET Response : url=https://randomuser.me/api 
 status=200, reason=OK 
 headers={'Date': 'Fri, 26 Apr 2024 14:12:50 GMT', 'Content-Type': 'application/json; charset=utf-8', 'Transfer-Encoding': 'chunked', 'Connection': 'keep-alive', 'X-Powered-By': 'Express', 'Access-Control-Allow-Origin': '*', 'Cache-Control': 'no-cache', 'ETag': 'W/"482-U9u6fMRAGOjVqi8D3ZLTBYbw1O8"', 'Vary': 'Accept-Encoding', 'Content-Encoding': 'gzip', 'CF-Cache-Status': 'DYNAMIC', 'Report-To': '{"endpoints":[{"url":"https:\\/\\/a.nel.cloudflare.com\\/report\\/v4?s=lng4HK5ZrRt9GNKNT8V%2FcxPc6H4JmUqVY1IX8FwPa0t90X0EYk6dpxK07cm%2Bx%2Fl%2F6sogzZ4ZsU%2BtD2U32x5S40A4sJUqli8kXuO8a4kGFcFMDL3gYngkS5v%2Fvq%2B9Iq8H"}],"group":"cf-nel","max_age":604800}', 'NEL': '{"success_fraction":0,"report_to":"cf-nel","max_age":604800}', 'Server': 'cloudflare', 'CF-RAY': '87a72b872d8061c0-ORD', 'alt-svc': 'h3=":443"; ma=86400'} 
 body={"results":[{"gender":"male","name":{"title":"Mr","first":"Eberhardt","last":"Milz"},"location":{"street":{"number":7115,"name":"Erlenweg"},"city":"Neukirchen-Vluyn","state":"Bremen","country":"Germany","postcode":13210,"coordinates":{"latitude":"-48.8020","longitude":"-40.7896"},"timezone":{"offset":"+6:00","description":"Almaty, Dhaka, Colombo"}},"email":"eberhardt.milz@example.com","login":{"uuid":"39cb4940-889c-4423-8c21-f2f14ee8b602","username":"blackcat956","password":"rogers","salt":"HHJXpjmV","md5":"d5d787b13db08b6d3119e5ffbf2dd8a7","sha1":"cb51a20569a605b9f0902e3d72fea8bca7f4d39f","sha256":"d8ee0280b750e268f1bc25b1503fc5ad2346d72627f95dd144541d6db8358447"},"dob":{"date":"1953-01-08T04:15:03.724Z","age":71},"registered":{"date":"2021-12-01T15:54:02.906Z","age":2},"phone":"0289-5740163","cell":"0174-5462589","id":{"name":"SVNR","value":"19 070153 M 207"},"picture":{"large":"https://randomuser.me/api/portraits/men/9.jpg","medium":"https://randomuser.me/api/portraits/med/men/9.jpg","thumbnail":"https://randomuser.me/api/portraits/thumb/men/9.jpg"},"nat":"DE"}],"info":{"seed":"255390b969763ab6","results":1,"page":1,"version":"1.4"}} 
 </msg>
<msg time="2024-04-26T14:12:50.504508" level="INFO">/opt/hostedtoolcache/Python/3.12.3/x64/lib/python3.12/site-packages/urllib3/connectionpool.py:1103: InsecureRequestWarning: Unverified HTTPS request is being made to host 'randomuser.me'. Adding certificate verification is strongly advised. See: https://urllib3.readthedocs.io/en/latest/advanced-usage.html#tls-warnings
  warnings.warn(</msg>
<msg time="2024-04-26T14:12:50.504635" level="INFO">${response} = &lt;Response [200]&gt;</msg>
<var>${response}</var>
<arg>consultarAPI</arg>
<arg>/api</arg>
<doc>Sends a GET request on a previously created HTTP Session.</doc>
<status status="PASS" start="2024-04-26T14:12:50.427291" elapsed="0.077406"/>
</kw>
<kw name="Set Variable" owner="BuiltIn">
<msg time="2024-04-26T14:12:50.505887" level="INFO">${json_data} = {'results': [{'gender': 'male', 'name': {'title': 'Mr', 'first': 'Eberhardt', 'last': 'Milz'}, 'location': {'street': {'number': 7115, 'name': 'Erlenweg'}, 'city': 'Neukirchen-Vluyn', 'state': 'Bremen...</msg>
<var>${json_data}</var>
<arg>${response.json()}</arg>
<doc>Returns the given values which can then be assigned to a variables.</doc>
<status status="PASS" start="2024-04-26T14:12:50.505313" elapsed="0.000601"/>
</kw>
<kw name="Log" owner="BuiltIn">
<msg time="2024-04-26T14:12:50.506383" level="INFO">{'results': [{'gender': 'male', 'name': {'title': 'Mr', 'first': 'Eberhardt', 'last': 'Milz'}, 'location': {'street': {'number': 7115, 'name': 'Erlenweg'}, 'city': 'Neukirchen-Vluyn', 'state': 'Bremen', 'country': 'Germany', 'postcode': 13210, 'coordinates': {'latitude': '-48.8020', 'longitude': '-40.7896'}, 'timezone': {'offset': '+6:00', 'description': 'Almaty, Dhaka, Colombo'}}, 'email': 'eberhardt.milz@example.com', 'login': {'uuid': '39cb4940-889c-4423-8c21-f2f14ee8b602', 'username': 'blackcat956', 'password': 'rogers', 'salt': 'HHJXpjmV', 'md5': 'd5d787b13db08b6d3119e5ffbf2dd8a7', 'sha1': 'cb51a20569a605b9f0902e3d72fea8bca7f4d39f', 'sha256': 'd8ee0280b750e268f1bc25b1503fc5ad2346d72627f95dd144541d6db8358447'}, 'dob': {'date': '1953-01-08T04:15:03.724Z', 'age': 71}, 'registered': {'date': '2021-12-01T15:54:02.906Z', 'age': 2}, 'phone': '0289-5740163', 'cell': '0174-5462589', 'id': {'name': 'SVNR', 'value': '19 070153 M 207'}, 'picture': {'large': 'https://randomuser.me/api/portraits/men/9.jpg', 'medium': 'https://randomuser.me/api/portraits/med/men/9.jpg', 'thumbnail': 'https://randomuser.me/api/portraits/thumb/men/9.jpg'}, 'nat': 'DE'}], 'info': {'seed': '255390b969763ab6', 'results': 1, 'page': 1, 'version': '1.4'}}</msg>
<arg>${json_data}</arg>
<doc>Logs the given message with the given level.</doc>
<status status="PASS" start="2024-04-26T14:12:50.506222" elapsed="0.000245"/>
</kw>
<kw name="Should Be String" owner="String">
<arg>${json_data['results'][0]['gender']}</arg>
<doc>Fails if the given ``item`` is not a string.</doc>
<status status="PASS" start="2024-04-26T14:12:50.506772" elapsed="0.000354"/>
</kw>
<kw name="Should Match Regexp" owner="BuiltIn">
<arg>${json_data['results'][0]['email']}</arg>
<arg>^[a-zA-Z0-9._%+-]+@[a-zA-Z0-9.-]+\.[a-zA-Z]{2,}$</arg>
<doc>Fails if ``string`` does not match ``pattern`` as a regular expression.</doc>
<status status="PASS" start="2024-04-26T14:12:50.507314" elapsed="0.000504"/>
</kw>
<kw name="Should Match Regexp" owner="BuiltIn">
<arg>${json_data['results'][0]['dob']['date']}</arg>
<arg>\\d{4}-\\d{2}-\\d{2}T\\d{2}:\\d{2}:\\d{2}\\.\\d{3}Z</arg>
<doc>Fails if ``string`` does not match ``pattern`` as a regular expression.</doc>
<status status="PASS" start="2024-04-26T14:12:50.508009" elapsed="0.000482"/>
</kw>
<kw name="Should Match Regexp" owner="BuiltIn">
<arg>${json_data['results'][0]['registered']['date']}</arg>
<arg>\\d{4}-\\d{2}-\\d{2}T\\d{2}:\\d{2}:\\d{2}\\.\\d{3}Z</arg>
<doc>Fails if ``string`` does not match ``pattern`` as a regular expression.</doc>
<status status="PASS" start="2024-04-26T14:12:50.508713" elapsed="0.000379"/>
</kw>
<kw name="Should Match Regexp" owner="BuiltIn">
<arg>${json_data['results'][0]['picture']['large']}</arg>
<arg>^https?://.*\.(?:png|jpe?g|gif|bmp)$</arg>
<doc>Fails if ``string`` does not match ``pattern`` as a regular expression.</doc>
<status status="PASS" start="2024-04-26T14:12:50.509279" elapsed="0.000458"/>
</kw>
<kw name="Should Match Regexp" owner="BuiltIn">
<arg>${json_data['results'][0]['picture']['medium']}</arg>
<arg>^https?://.*\.(?:png|jpe?g|gif|bmp)$</arg>
<doc>Fails if ``string`` does not match ``pattern`` as a regular expression.</doc>
<status status="PASS" start="2024-04-26T14:12:50.509931" elapsed="0.000354"/>
</kw>
<kw name="Should Match Regexp" owner="BuiltIn">
<arg>${json_data['results'][0]['picture']['thumbnail']}</arg>
<arg>^https?://.*\.(?:png|jpe?g|gif|bmp)$</arg>
<doc>Fails if ``string`` does not match ``pattern`` as a regular expression.</doc>
<status status="PASS" start="2024-04-26T14:12:50.510466" elapsed="0.000358"/>
</kw>
<kw name="Log" owner="BuiltIn">
<msg time="2024-04-26T14:12:50.511331" level="INFO">{'large': 'https://randomuser.me/api/portraits/men/9.jpg', 'medium': 'https://randomuser.me/api/portraits/med/men/9.jpg', 'thumbnail': 'https://randomuser.me/api/portraits/thumb/men/9.jpg'}</msg>
<arg>${json_data['results'][0]['picture']}</arg>
<doc>Logs the given message with the given level.</doc>
<status status="PASS" start="2024-04-26T14:12:50.511007" elapsed="0.000365"/>
</kw>
<status status="PASS" start="2024-04-26T14:12:50.427063" elapsed="0.084565"/>
</kw>
<kw name="Teste de Tipos de Dados - Postcode" owner="random-user-service">
<kw name="GET On Session" owner="RequestsLibrary">
<msg time="2024-04-26T14:12:50.618936" level="INFO">GET Request : url=https://randomuser.me/api 
 path_url=/api 
 headers={'User-Agent': 'python-requests/2.31.0', 'Accept-Encoding': 'gzip, deflate', 'Accept': '*/*', 'Connection': 'keep-alive'} 
 body=None 
 </msg>
<msg time="2024-04-26T14:12:50.619027" level="INFO">GET Response : url=https://randomuser.me/api 
 status=200, reason=OK 
 headers={'Date': 'Fri, 26 Apr 2024 14:12:50 GMT', 'Content-Type': 'application/json; charset=utf-8', 'Transfer-Encoding': 'chunked', 'Connection': 'keep-alive', 'X-Powered-By': 'Express', 'Access-Control-Allow-Origin': '*', 'Cache-Control': 'no-cache', 'ETag': 'W/"4a4-nwVVl30ACyJ4e6nrvEivsldaSs8"', 'Vary': 'Accept-Encoding', 'Content-Encoding': 'gzip', 'CF-Cache-Status': 'DYNAMIC', 'Report-To': '{"endpoints":[{"url":"https:\\/\\/a.nel.cloudflare.com\\/report\\/v4?s=aqRH4fVPfAmXeaMfUlAMhkyz5M5X5PpGrzykF9nXaqVCVKp%2FN%2FZVHmf%2BMsnABgVxuIXAIX6mU03JgW%2FlP6MlzMgIaDPlIpmbyCdEtzx1p%2FWb%2FNbGhPc04XOGeHsnYHJe"}],"group":"cf-nel","max_age":604800}', 'NEL': '{"success_fraction":0,"report_to":"cf-nel","max_age":604800}', 'Server': 'cloudflare', 'CF-RAY': '87a72b87be4961c0-ORD', 'alt-svc': 'h3=":443"; ma=86400'} 
 body={"results":[{"gender":"female","name":{"title":"Ms","first":"Mangala","last":"Bangera"},"location":{"street":{"number":6958,"name":"Colaba Causeway"},"city":"Mumbai","state":"Meghalaya","country":"India","postcode":35499,"coordinates":{"latitude":"6.3398","longitude":"110.5017"},"timezone":{"offset":"0:00","description":"Western Europe Time, London, Lisbon, Casablanca"}},"email":"mangala.bangera@example.com","login":{"uuid":"61b6b39a-4c67-4143-b05b-c2f035b3b99c","username":"silverrabbit213","password":"faithful","salt":"WzCfsnnc","md5":"4a51a43fcea45642a1334111cb4467ff","sha1":"6c6bf109e3dbee6a4194b9a52c7ff7684905da46","sha256":"2fbdfa65f79b3926fbb435cd0e48318d7c48f21897f2b71b3a9dba2f7784cfee"},"dob":{"date":"2001-04-26T06:47:28.166Z","age":23},"registered":{"date":"2002-04-05T13:27:33.972Z","age":22},"phone":"8727567171","cell":"8220766559","id":{"name":"UIDAI","value":"680633688420"},"picture":{"large":"https://randomuser.me/api/portraits/women/20.jpg","medium":"https://randomuser.me/api/portraits/med/women/20.jpg","thumbnail":"https://randomuser.me/api/portraits/thumb/women/20.jpg"},"nat":"IN"}],"info":{"seed":"345e362a815a947e","results":1,"page":1,"version":"1.4"}} 
 </msg>
<msg time="2024-04-26T14:12:50.619105" level="INFO">/opt/hostedtoolcache/Python/3.12.3/x64/lib/python3.12/site-packages/urllib3/connectionpool.py:1103: InsecureRequestWarning: Unverified HTTPS request is being made to host 'randomuser.me'. Adding certificate verification is strongly advised. See: https://urllib3.readthedocs.io/en/latest/advanced-usage.html#tls-warnings
  warnings.warn(</msg>
<msg time="2024-04-26T14:12:50.619226" level="INFO">${response} = &lt;Response [200]&gt;</msg>
<var>${response}</var>
<arg>consultarAPI</arg>
<arg>/api</arg>
<doc>Sends a GET request on a previously created HTTP Session.</doc>
<status status="PASS" start="2024-04-26T14:12:50.512092" elapsed="0.107183"/>
</kw>
<kw name="Set Variable" owner="BuiltIn">
<msg time="2024-04-26T14:12:50.620474" level="INFO">${json_data} = {'results': [{'gender': 'female', 'name': {'title': 'Ms', 'first': 'Mangala', 'last': 'Bangera'}, 'location': {'street': {'number': 6958, 'name': 'Colaba Causeway'}, 'city': 'Mumbai', 'state': 'Meghal...</msg>
<var>${json_data}</var>
<arg>${response.json()}</arg>
<doc>Returns the given values which can then be assigned to a variables.</doc>
<status status="PASS" start="2024-04-26T14:12:50.619859" elapsed="0.000643"/>
</kw>
<kw name="Log" owner="BuiltIn">
<msg time="2024-04-26T14:12:50.621011" level="INFO">{'results': [{'gender': 'female', 'name': {'title': 'Ms', 'first': 'Mangala', 'last': 'Bangera'}, 'location': {'street': {'number': 6958, 'name': 'Colaba Causeway'}, 'city': 'Mumbai', 'state': 'Meghalaya', 'country': 'India', 'postcode': 35499, 'coordinates': {'latitude': '6.3398', 'longitude': '110.5017'}, 'timezone': {'offset': '0:00', 'description': 'Western Europe Time, London, Lisbon, Casablanca'}}, 'email': 'mangala.bangera@example.com', 'login': {'uuid': '61b6b39a-4c67-4143-b05b-c2f035b3b99c', 'username': 'silverrabbit213', 'password': 'faithful', 'salt': 'WzCfsnnc', 'md5': '4a51a43fcea45642a1334111cb4467ff', 'sha1': '6c6bf109e3dbee6a4194b9a52c7ff7684905da46', 'sha256': '2fbdfa65f79b3926fbb435cd0e48318d7c48f21897f2b71b3a9dba2f7784cfee'}, 'dob': {'date': '2001-04-26T06:47:28.166Z', 'age': 23}, 'registered': {'date': '2002-04-05T13:27:33.972Z', 'age': 22}, 'phone': '8727567171', 'cell': '8220766559', 'id': {'name': 'UIDAI', 'value': '680633688420'}, 'picture': {'large': 'https://randomuser.me/api/portraits/women/20.jpg', 'medium': 'https://randomuser.me/api/portraits/med/women/20.jpg', 'thumbnail': 'https://randomuser.me/api/portraits/thumb/women/20.jpg'}, 'nat': 'IN'}], 'info': {'seed': '345e362a815a947e', 'results': 1, 'page': 1, 'version': '1.4'}}</msg>
<arg>${json_data}</arg>
<doc>Logs the given message with the given level.</doc>
<status status="PASS" start="2024-04-26T14:12:50.620855" elapsed="0.000235"/>
</kw>
<kw name="Should Be Equal As Numbers" owner="BuiltIn">
<arg>${json_data['results'][0]['location']['postcode']}</arg>
<arg>${json_data['results'][0]['location']['postcode']}</arg>
<doc>Fails if objects are unequal after converting them to real numbers.</doc>
<status status="PASS" start="2024-04-26T14:12:50.621393" elapsed="0.000773"/>
</kw>
<kw name="Log" owner="BuiltIn">
<msg time="2024-04-26T14:12:50.622690" level="INFO">35499</msg>
<arg>${json_data['results'][0]['location']['postcode']}</arg>
<doc>Logs the given message with the given level.</doc>
<status status="PASS" start="2024-04-26T14:12:50.622359" elapsed="0.000371"/>
</kw>
<status status="PASS" start="2024-04-26T14:12:50.511855" elapsed="0.111125"/>
</kw>
<doc>Testa se os tipos de dados na resposta da API estão corretos.</doc>
<tag>testeTiposDados</tag>
<status status="PASS" start="2024-04-26T14:12:50.426511" elapsed="0.196635"/>
</test>
<test id="s1-s1-t5" name="Validar conteudo" line="35">
<kw name="Teste de Tipos de Conteudo" owner="random-user-service">
<kw name="GET On Session" owner="RequestsLibrary">
<msg time="2024-04-26T14:12:50.712361" level="INFO">GET Request : url=https://randomuser.me/api 
 path_url=/api 
 headers={'User-Agent': 'python-requests/2.31.0', 'Accept-Encoding': 'gzip, deflate', 'Accept': '*/*', 'Connection': 'keep-alive'} 
 body=None 
 </msg>
<msg time="2024-04-26T14:12:50.712450" level="INFO">GET Response : url=https://randomuser.me/api 
 status=200, reason=OK 
 headers={'Date': 'Fri, 26 Apr 2024 14:12:50 GMT', 'Content-Type': 'application/json; charset=utf-8', 'Transfer-Encoding': 'chunked', 'Connection': 'keep-alive', 'X-Powered-By': 'Express', 'Access-Control-Allow-Origin': '*', 'Cache-Control': 'no-cache', 'ETag': 'W/"498-NXTY6zTTHPzkwI7Ehw+KWUXv0uc"', 'Vary': 'Accept-Encoding', 'Content-Encoding': 'gzip', 'CF-Cache-Status': 'DYNAMIC', 'Report-To': '{"endpoints":[{"url":"https:\\/\\/a.nel.cloudflare.com\\/report\\/v4?s=%2F3Aa1Aucm6RQh7Hoj1xiUc2LNKnUYuWI3QCpA5Ib2SyFmMfR5XdHzN6%2BXt%2F1y3u1Buyx2JJPFzZxrWHzWyaQUzBamdXUEqa8r3mieaRoDoTDxCxCxSsnlqXshC7xCZHr"}],"group":"cf-nel","max_age":604800}', 'NEL': '{"success_fraction":0,"report_to":"cf-nel","max_age":604800}', 'Server': 'cloudflare', 'CF-RAY': '87a72b886f7f61c0-ORD', 'alt-svc': 'h3=":443"; ma=86400'} 
 body={"results":[{"gender":"female","name":{"title":"Miss","first":"Sara","last":"Ahonen"},"location":{"street":{"number":3685,"name":"Fredrikinkatu"},"city":"Kauhava","state":"Northern Savonia","country":"Finland","postcode":96537,"coordinates":{"latitude":"-28.6719","longitude":"124.6728"},"timezone":{"offset":"-11:00","description":"Midway Island, Samoa"}},"email":"sara.ahonen@example.com","login":{"uuid":"d0305246-f474-4020-ac02-14a879892597","username":"blackbutterfly326","password":"12312312","salt":"sCqajbzX","md5":"64f65ad461a8b2e6fc93d9bd432329d7","sha1":"186831672e7f609962ec2426a9246c449b8f3f72","sha256":"edeceb0d30b8d62b1faad3c0c8f5441c8d465276914d782a6e62ca3a7b9d82dc"},"dob":{"date":"1982-02-13T14:21:01.053Z","age":42},"registered":{"date":"2013-06-17T05:28:35.054Z","age":10},"phone":"06-551-354","cell":"043-046-74-84","id":{"name":"HETU","value":"NaNNA034undefined"},"picture":{"large":"https://randomuser.me/api/portraits/women/45.jpg","medium":"https://randomuser.me/api/portraits/med/women/45.jpg","thumbnail":"https://randomuser.me/api/portraits/thumb/women/45.jpg"},"nat":"FI"}],"info":{"seed":"0e858ffbf9379577","results":1,"page":1,"version":"1.4"}} 
 </msg>
<msg time="2024-04-26T14:12:50.712525" level="INFO">/opt/hostedtoolcache/Python/3.12.3/x64/lib/python3.12/site-packages/urllib3/connectionpool.py:1103: InsecureRequestWarning: Unverified HTTPS request is being made to host 'randomuser.me'. Adding certificate verification is strongly advised. See: https://urllib3.readthedocs.io/en/latest/advanced-usage.html#tls-warnings
  warnings.warn(</msg>
<msg time="2024-04-26T14:12:50.712626" level="INFO">${response} = &lt;Response [200]&gt;</msg>
<var>${response}</var>
<arg>consultarAPI</arg>
<arg>/api</arg>
<doc>Sends a GET request on a previously created HTTP Session.</doc>
<status status="PASS" start="2024-04-26T14:12:50.625730" elapsed="0.086937"/>
</kw>
<kw name="Set Variable" owner="BuiltIn">
<msg time="2024-04-26T14:12:50.713829" level="INFO">${json_data} = {'results': [{'gender': 'female', 'name': {'title': 'Miss', 'first': 'Sara', 'last': 'Ahonen'}, 'location': {'street': {'number': 3685, 'name': 'Fredrikinkatu'}, 'city': 'Kauhava', 'state': 'Northern ...</msg>
<var>${json_data}</var>
<arg>${response.json()}</arg>
<doc>Returns the given values which can then be assigned to a variables.</doc>
<status status="PASS" start="2024-04-26T14:12:50.713233" elapsed="0.000625"/>
</kw>
<kw name="Set Variable" owner="BuiltIn">
<msg time="2024-04-26T14:12:50.714543" level="INFO">${name_title} = Miss</msg>
<var>${name_title}</var>
<arg>${json_data["results"][0]["name"]["title"]}</arg>
<doc>Returns the given values which can then be assigned to a variables.</doc>
<status status="PASS" start="2024-04-26T14:12:50.714161" elapsed="0.000406"/>
</kw>
<kw name="Create List" owner="BuiltIn">
<msg time="2024-04-26T14:12:50.715007" level="INFO">${allowed_titles} = ['Mr', 'Ms', 'Miss', 'Mrs', 'Madame', 'Monsieur']</msg>
<var>${allowed_titles}</var>
<arg>Mr</arg>
<arg>Ms</arg>
<arg>Miss</arg>
<arg>Mrs</arg>
<arg>Madame</arg>
<arg>Monsieur</arg>
<doc>Returns a list containing given items.</doc>
<status status="PASS" start="2024-04-26T14:12:50.714861" elapsed="0.000169"/>
</kw>
<kw name="List Should Contain Value" owner="Collections">
<msg time="2024-04-26T14:12:50.715491" level="INFO">False</msg>
<arg>${allowed_titles}</arg>
<arg>${name_title}</arg>
<doc>Fails if the ``value`` is not found from ``list``.</doc>
<status status="PASS" start="2024-04-26T14:12:50.715323" elapsed="0.000204"/>
</kw>
<kw name="Set Variable" owner="BuiltIn">
<msg time="2024-04-26T14:12:50.716184" level="INFO">${name_country} = FI</msg>
<var>${name_country}</var>
<arg>${json_data["results"][0]["nat"]}</arg>
<doc>Returns the given values which can then be assigned to a variables.</doc>
<status status="PASS" start="2024-04-26T14:12:50.715807" elapsed="0.000406"/>
</kw>
<kw name="Create List" owner="BuiltIn">
<msg time="2024-04-26T14:12:50.717138" level="INFO">${list_country} = ['AD', 'AE', 'AF', 'AG', 'AI', 'AL', 'AM', 'AO', 'AQ', 'AR', 'AS', 'AT', 'AU', 'AW', 'AX', 'AZ', 'BA', 'BB', 'BD', 'BE', 'BF', 'BG', 'BH', 'BI', 'BJ', 'BL', 'BM', 'BN', 'BO', 'BQ', 'BR', 'BS', 'BT', '...</msg>
<var>${list_country}</var>
<arg>AD</arg>
<arg>AE</arg>
<arg>AF</arg>
<arg>AG</arg>
<arg>AI</arg>
<arg>AL</arg>
<arg>AM</arg>
<arg>AO</arg>
<arg>AQ</arg>
<arg>AR</arg>
<arg>AS</arg>
<arg>AT</arg>
<arg>AU</arg>
<arg>AW</arg>
<arg>AX</arg>
<arg>AZ</arg>
<arg>BA</arg>
<arg>BB</arg>
<arg>BD</arg>
<arg>BE</arg>
<arg>BF</arg>
<arg>BG</arg>
<arg>BH</arg>
<arg>BI</arg>
<arg>BJ</arg>
<arg>BL</arg>
<arg>BM</arg>
<arg>BN</arg>
<arg>BO</arg>
<arg>BQ</arg>
<arg>BR</arg>
<arg>BS</arg>
<arg>BT</arg>
<arg>BV</arg>
<arg>BW</arg>
<arg>BY</arg>
<arg>BZ</arg>
<arg>CA</arg>
<arg>CC</arg>
<arg>CD</arg>
<arg>CF</arg>
<arg>CG</arg>
<arg>CH</arg>
<arg>CI</arg>
<arg>CK</arg>
<arg>CL</arg>
<arg>CM</arg>
<arg>CN</arg>
<arg>CO</arg>
<arg>CR</arg>
<arg>CU</arg>
<arg>CV</arg>
<arg>CW</arg>
<arg>CX</arg>
<arg>CY</arg>
<arg>CZ</arg>
<arg>DE</arg>
<arg>DJ</arg>
<arg>DK</arg>
<arg>DM</arg>
<arg>DO</arg>
<arg>DZ</arg>
<arg>EC</arg>
<arg>EE</arg>
<arg>EG</arg>
<arg>EH</arg>
<arg>ER</arg>
<arg>ES</arg>
<arg>ET</arg>
<arg>FI</arg>
<arg>FJ</arg>
<arg>FK</arg>
<arg>FM</arg>
<arg>FO</arg>
<arg>FR</arg>
<arg>GA</arg>
<arg>GB</arg>
<arg>GD</arg>
<arg>GE</arg>
<arg>GF</arg>
<arg>GG</arg>
<arg>GH</arg>
<arg>GI</arg>
<arg>GL</arg>
<arg>GM</arg>
<arg>GN</arg>
<arg>GP</arg>
<arg>GQ</arg>
<arg>GR</arg>
<arg>GS</arg>
<arg>GT</arg>
<arg>GU</arg>
<arg>GW</arg>
<arg>GY</arg>
<arg>HK</arg>
<arg>HM</arg>
<arg>HN</arg>
<arg>HR</arg>
<arg>HT</arg>
<arg>HU</arg>
<arg>ID</arg>
<arg>IE</arg>
<arg>IL</arg>
<arg>IM</arg>
<arg>IN</arg>
<arg>IO</arg>
<arg>IQ</arg>
<arg>IR</arg>
<arg>IS</arg>
<arg>IT</arg>
<arg>JE</arg>
<arg>JM</arg>
<arg>JO</arg>
<arg>JP</arg>
<arg>KE</arg>
<arg>KG</arg>
<arg>KH</arg>
<arg>KI</arg>
<arg>KM</arg>
<arg>KN</arg>
<arg>KP</arg>
<arg>KR</arg>
<arg>KW</arg>
<arg>KY</arg>
<arg>KZ</arg>
<arg>LA</arg>
<arg>LB</arg>
<arg>LC</arg>
<arg>LI</arg>
<arg>LK</arg>
<arg>LR</arg>
<arg>LS</arg>
<arg>LT</arg>
<arg>LU</arg>
<arg>LV</arg>
<arg>LY</arg>
<arg>MA</arg>
<arg>MC</arg>
<arg>MD</arg>
<arg>ME</arg>
<arg>MF</arg>
<arg>MG</arg>
<arg>MH</arg>
<arg>MK</arg>
<arg>ML</arg>
<arg>MM</arg>
<arg>MN</arg>
<arg>MO</arg>
<arg>MP</arg>
<arg>MQ</arg>
<arg>MR</arg>
<arg>MS</arg>
<arg>MT</arg>
<arg>MU</arg>
<arg>MV</arg>
<arg>MW</arg>
<arg>MX</arg>
<arg>MY</arg>
<arg>MZ</arg>
<arg>NA</arg>
<arg>NC</arg>
<arg>NE</arg>
<arg>NF</arg>
<arg>NG</arg>
<arg>NI</arg>
<arg>NL</arg>
<arg>NO</arg>
<arg>NP</arg>
<arg>NR</arg>
<arg>NU</arg>
<arg>NZ</arg>
<arg>OM</arg>
<arg>PA</arg>
<arg>PE</arg>
<arg>PF</arg>
<arg>PG</arg>
<arg>PH</arg>
<arg>PK</arg>
<arg>PL</arg>
<arg>PM</arg>
<arg>PN</arg>
<arg>PR</arg>
<arg>PS</arg>
<arg>PT</arg>
<arg>PW</arg>
<arg>PY</arg>
<arg>QA</arg>
<arg>RE</arg>
<arg>RO</arg>
<arg>RS</arg>
<arg>RU</arg>
<arg>RW</arg>
<arg>SA</arg>
<arg>SB</arg>
<arg>SC</arg>
<arg>SD</arg>
<arg>SE</arg>
<arg>SG</arg>
<arg>SH</arg>
<arg>SI</arg>
<arg>SJ</arg>
<arg>SK</arg>
<arg>SL</arg>
<arg>SM</arg>
<arg>SN</arg>
<arg>SO</arg>
<arg>SR</arg>
<arg>SS</arg>
<arg>ST</arg>
<arg>SV</arg>
<arg>SX</arg>
<arg>SY</arg>
<arg>SZ</arg>
<arg>TC</arg>
<arg>TD</arg>
<arg>TF</arg>
<arg>TG</arg>
<arg>TH</arg>
<arg>TJ</arg>
<arg>TK</arg>
<arg>TL</arg>
<arg>TM</arg>
<arg>TN</arg>
<arg>TO</arg>
<arg>TR</arg>
<arg>TT</arg>
<arg>TV</arg>
<arg>TW</arg>
<arg>TZ</arg>
<arg>UA</arg>
<arg>UG</arg>
<arg>UM</arg>
<arg>US</arg>
<arg>UY</arg>
<arg>UZ</arg>
<arg>VA</arg>
<arg>VC</arg>
<arg>VE</arg>
<arg>VG</arg>
<arg>VI</arg>
<arg>VN</arg>
<arg>VU</arg>
<arg>WF</arg>
<arg>WS</arg>
<arg>XK</arg>
<arg>YE</arg>
<arg>YT</arg>
<arg>ZA</arg>
<arg>ZM</arg>
<arg>ZW</arg>
<doc>Returns a list containing given items.</doc>
<status status="PASS" start="2024-04-26T14:12:50.716514" elapsed="0.000650"/>
</kw>
<kw name="List Should Contain Value" owner="Collections">
<msg time="2024-04-26T14:12:50.718155" level="INFO">False</msg>
<arg>${list_country}</arg>
<arg>${name_country}</arg>
<doc>Fails if the ``value`` is not found from ``list``.</doc>
<status status="PASS" start="2024-04-26T14:12:50.717958" elapsed="0.000232"/>
</kw>
<kw name="Run Keyword If" owner="BuiltIn">
<kw name="Should Be True" owner="BuiltIn">
<arg>${True}</arg>
<doc>Fails if the given condition is not true.</doc>
<status status="PASS" start="2024-04-26T14:12:50.719311" elapsed="0.000143"/>
</kw>
<arg>${json_data["results"][0]["location"]["coordinates"]["latitude"]} &gt;= -90 and ${json_data["results"][0]["location"]["coordinates"]["latitude"]} &lt;= 90</arg>
<arg>Should Be True</arg>
<arg>${True}</arg>
<doc>Runs the given keyword with the given arguments, if ``condition`` is true.</doc>
<status status="PASS" start="2024-04-26T14:12:50.718555" elapsed="0.001023"/>
</kw>
<kw name="Run Keyword If" owner="BuiltIn">
<kw name="Should Be True" owner="BuiltIn">
<arg>${True}</arg>
<doc>Fails if the given condition is not true.</doc>
<status status="PASS" start="2024-04-26T14:12:50.720447" elapsed="0.000275"/>
</kw>
<arg>${json_data["results"][0]["location"]["coordinates"]["longitude"]} &gt;= -180 and ${json_data["results"][0]["location"]["coordinates"]["longitude"]} &lt;= 180</arg>
<arg>Should Be True</arg>
<arg>${True}</arg>
<doc>Runs the given keyword with the given arguments, if ``condition`` is true.</doc>
<status status="PASS" start="2024-04-26T14:12:50.719760" elapsed="0.001090"/>
</kw>
<status status="PASS" start="2024-04-26T14:12:50.625501" elapsed="0.095477"/>
</kw>
<doc>Testa o conteúdo específico dos campos retornados pela API.</doc>
<tag>testeConteudo</tag>
<status status="PASS" start="2024-04-26T14:12:50.624972" elapsed="0.096156"/>
</test>
<status status="PASS" start="2024-04-26T14:12:49.902200" elapsed="0.820917"/>
</suite>
<status status="PASS" start="2024-04-26T14:12:49.888701" elapsed="0.839614"/>
</suite>
<statistics>
<total>
<stat pass="5" fail="0" skip="0">All Tests</stat>
</total>
<tag>
<stat pass="1" fail="0" skip="0">testeConteudo</stat>
<stat pass="1" fail="0" skip="0">testeEstruturaResposta</stat>
<stat pass="1" fail="0" skip="0">testeRequisicaoBasica</stat>
<stat pass="1" fail="0" skip="0">testeTiposDados</stat>
</tag>
<suite>
<stat pass="5" fail="0" skip="0" id="s1" name="Tests">Tests</stat>
<stat pass="5" fail="0" skip="0" id="s1-s1" name="Random-User-Test">Tests.Random-User-Test</stat>
</suite>
</statistics>
<errors>
</errors>
</robot>
