<?xml version="1.0" encoding="UTF-8"?>
<robot generator="Robot 7.0 (Python 3.12.3 on linux)" generated="2024-05-21T10:15:23.261169" rpa="false" schemaversion="5">
<suite id="s1" name="Tests" source="/home/runner/work/DesafioQAItauRogerioJordao/DesafioQAItauRogerioJordao/RamdonUser/tests">
<suite id="s1-s1" name="Random-User-Test" source="/home/runner/work/DesafioQAItauRogerioJordao/DesafioQAItauRogerioJordao/RamdonUser/tests/random-user-test.robot">
<test id="s1-s1-t1" name="Conectar" line="13">
<kw name="Conectar API" owner="random-user-service">
<kw name="Create Session" owner="RequestsLibrary">
<msg time="2024-05-21T10:15:23.672936" level="INFO">Creating Session using : alias=consultarAPI, url=https://randomuser.me/, headers={},                     cookies={}, auth=None, timeout=None, proxies=None, verify=False,                     debug=0 </msg>
<arg>consultarAPI</arg>
<arg>${URL}</arg>
<doc>Create Session: create a HTTP session to a server</doc>
<status status="PASS" start="2024-05-21T10:15:23.672725" elapsed="0.000426"/>
</kw>
<status status="PASS" start="2024-05-21T10:15:23.671646" elapsed="0.001904"/>
</kw>
<status status="PASS" start="2024-05-21T10:15:23.671022" elapsed="0.002725"/>
</test>
<test id="s1-s1-t2" name="Validar retorno 200 e JSON Válido" line="16">
<kw name="Teste de Requisicao Basica" owner="random-user-service">
<kw name="GET On Session" owner="RequestsLibrary">
<msg time="2024-05-21T10:15:23.755416" level="INFO">GET Request : url=https://randomuser.me/api 
 path_url=/api 
 headers={'User-Agent': 'python-requests/2.32.1', 'Accept-Encoding': 'gzip, deflate', 'Accept': '*/*', 'Connection': 'keep-alive'} 
 body=None 
 </msg>
<msg time="2024-05-21T10:15:23.755576" level="INFO">GET Response : url=https://randomuser.me/api 
 status=200, reason=OK 
 headers={'Date': 'Tue, 21 May 2024 10:15:23 GMT', 'Content-Type': 'application/json; charset=utf-8', 'Transfer-Encoding': 'chunked', 'Connection': 'keep-alive', 'X-Powered-By': 'Express', 'Access-Control-Allow-Origin': '*', 'Cache-Control': 'no-cache', 'ETag': 'W/"499-2GSuswVP/j/2fWek7OvjSlQu/rs"', 'Vary': 'Accept-Encoding', 'Content-Encoding': 'gzip', 'CF-Cache-Status': 'DYNAMIC', 'Report-To': '{"endpoints":[{"url":"https:\\/\\/a.nel.cloudflare.com\\/report\\/v4?s=0AdcWwkKfutJnxtmbxq0VUkcI2cHMuwB8w5%2Fu%2BUu690ln6ifrbR%2BNFK0eBdKHB5rZ2i0aZCa1ir9tNBhPs2WC9gfPSPFabII4nki7OQk27bAXxoQtG1BowOKSmRyE6l%2B"}],"group":"cf-nel","max_age":604800}', 'NEL': '{"success_fraction":0,"report_to":"cf-nel","max_age":604800}', 'Server': 'cloudflare', 'CF-RAY': '8873ce153be1e269-ORD', 'alt-svc': 'h3=":443"; ma=86400'} 
 body={"results":[{"gender":"female","name":{"title":"Miss","first":"Aubrey","last":"Walker"},"location":{"street":{"number":7048,"name":"Bay Ave"},"city":"Elgin","state":"New Brunswick","country":"Canada","postcode":"M6K 8W4","coordinates":{"latitude":"-72.2251","longitude":"137.0332"},"timezone":{"offset":"-5:00","description":"Eastern Time (US &amp; Canada), Bogota, Lima"}},"email":"aubrey.walker@example.com","login":{"uuid":"2e03b344-17c4-4fc2-99f2-f00aaaa61784","username":"blackzebra134","password":"yolanda","salt":"EVs8XjJL","md5":"1bc34a414581a22fb068ba429b96bf0d","sha1":"885f7883b91537825a196710b4ced8c0e6dbe88c","sha256":"880e1a6bc8b78a7bf0f3798f6b173fadc60bb0370b4da35dc0154095b8b7ccca"},"dob":{"date":"1944-09-01T11:05:31.510Z","age":79},"registered":{"date":"2015-09-21T03:01:40.329Z","age":8},"phone":"Q64 D45-3458","cell":"A76 I69-0906","id":{"name":"SIN","value":"589164854"},"picture":{"large":"https://randomuser.me/api/portraits/women/63.jpg","medium":"https://randomuser.me/api/portraits/med/women/63.jpg","thumbnail":"https://randomuser.me/api/portraits/thumb/women/63.jpg"},"nat":"CA"}],"info":{"seed":"8eb1b85eded890be","results":1,"page":1,"version":"1.4"}} 
 </msg>
<msg time="2024-05-21T10:15:23.755664" level="INFO">/opt/hostedtoolcache/Python/3.12.3/x64/lib/python3.12/site-packages/urllib3/connectionpool.py:1103: InsecureRequestWarning: Unverified HTTPS request is being made to host 'randomuser.me'. Adding certificate verification is strongly advised. See: https://urllib3.readthedocs.io/en/latest/advanced-usage.html#tls-warnings
  warnings.warn(</msg>
<msg time="2024-05-21T10:15:23.755824" level="INFO">${response} = &lt;Response [200]&gt;</msg>
<var>${response}</var>
<arg>consultarAPI</arg>
<arg>/api</arg>
<doc>Sends a GET request on a previously created HTTP Session.</doc>
<status status="PASS" start="2024-05-21T10:15:23.676521" elapsed="0.079344"/>
</kw>
<kw name="Should Be Equal As Numbers" owner="BuiltIn">
<msg time="2024-05-21T10:15:23.757135" level="INFO">Argument types are:
&lt;class 'int'&gt;
&lt;class 'str'&gt;</msg>
<arg>${response.status_code}</arg>
<arg>200</arg>
<doc>Fails if objects are unequal after converting them to real numbers.</doc>
<status status="PASS" start="2024-05-21T10:15:23.756586" elapsed="0.000645"/>
</kw>
<kw name="Log" owner="BuiltIn">
<msg time="2024-05-21T10:15:23.758086" level="INFO">200</msg>
<arg>${response.status_code}</arg>
<doc>Logs the given message with the given level.</doc>
<status status="PASS" start="2024-05-21T10:15:23.757658" elapsed="0.000474"/>
</kw>
<kw name="Set Variable" owner="BuiltIn">
<msg time="2024-05-21T10:15:23.758898" level="INFO">${json_data} = {'results': [{'gender': 'female', 'name': {'title': 'Miss', 'first': 'Aubrey', 'last': 'Walker'}, 'location': {'street': {'number': 7048, 'name': 'Bay Ave'}, 'city': 'Elgin', 'state': 'New Brunswick',...</msg>
<var>${json_data}</var>
<arg>${response.json()}</arg>
<doc>Returns the given values which can then be assigned to a variables.</doc>
<status status="PASS" start="2024-05-21T10:15:23.758448" elapsed="0.000479"/>
</kw>
<kw name="Dictionary Should Contain Key" owner="Collections">
<msg time="2024-05-21T10:15:23.759409" level="INFO">False</msg>
<arg>${json_data}</arg>
<arg>results</arg>
<doc>Fails if ``key`` is not found from ``dictionary``.</doc>
<status status="PASS" start="2024-05-21T10:15:23.759235" elapsed="0.000214"/>
</kw>
<status status="PASS" start="2024-05-21T10:15:23.676247" elapsed="0.083462"/>
</kw>
<doc>Testa se a API responde corretamente e retorna um objeto JSON válido.</doc>
<tag>testeRequisicaoBasica</tag>
<status status="PASS" start="2024-05-21T10:15:23.675726" elapsed="0.084177"/>
</test>
<test id="s1-s1-t3" name="Validar estrutura de resposta" line="22">
<kw name="Teste de Estrutura de Resposta" owner="random-user-service">
<kw name="GET On Session" owner="RequestsLibrary">
<msg time="2024-05-21T10:15:23.865624" level="INFO">GET Request : url=https://randomuser.me/api 
 path_url=/api 
 headers={'User-Agent': 'python-requests/2.32.1', 'Accept-Encoding': 'gzip, deflate', 'Accept': '*/*', 'Connection': 'keep-alive'} 
 body=None 
 </msg>
<msg time="2024-05-21T10:15:23.865731" level="INFO">GET Response : url=https://randomuser.me/api 
 status=200, reason=OK 
 headers={'Date': 'Tue, 21 May 2024 10:15:23 GMT', 'Content-Type': 'application/json; charset=utf-8', 'Transfer-Encoding': 'chunked', 'Connection': 'keep-alive', 'X-Powered-By': 'Express', 'Access-Control-Allow-Origin': '*', 'Cache-Control': 'no-cache', 'ETag': 'W/"48f-xB3qhridCTAHzWjntL5D+jhX1lI"', 'Vary': 'Accept-Encoding', 'Content-Encoding': 'gzip', 'CF-Cache-Status': 'DYNAMIC', 'Report-To': '{"endpoints":[{"url":"https:\\/\\/a.nel.cloudflare.com\\/report\\/v4?s=PQJwU9P9UNaqNd6LpSFNeJnYe2WUOfSCD1UKc16fYkBsjvHvsZ4O6U5kSJrwAYIPdFIe5xFOTH6wFKibMohukUTkAn0bvFvy52LyTcEsF9bUYVI4I%2FEzeEUJouPoF5we"}],"group":"cf-nel","max_age":604800}', 'NEL': '{"success_fraction":0,"report_to":"cf-nel","max_age":604800}', 'Server': 'cloudflare', 'CF-RAY': '8873ce158c0fe269-ORD', 'alt-svc': 'h3=":443"; ma=86400'} 
 body={"results":[{"gender":"male","name":{"title":"Mr","first":"Đorđe","last":"Ivanović"},"location":{"street":{"number":5871,"name":"Grobljanska"},"city":"Blace","state":"South Bačka","country":"Serbia","postcode":47925,"coordinates":{"latitude":"57.1986","longitude":"-93.3575"},"timezone":{"offset":"+9:00","description":"Tokyo, Seoul, Osaka, Sapporo, Yakutsk"}},"email":"dorde.ivanovic@example.com","login":{"uuid":"33e942d6-a32c-4ca4-b73f-3703c6a52c1e","username":"bluezebra282","password":"jillian","salt":"OniYVNsm","md5":"aad7cee9a7b81836662227ea64831477","sha1":"19f4cb7af1eb91ea9ff5de02df48758249f01448","sha256":"356e3d0dc049d373580572860b7abb2ff29804789d73e5e0596d550c0565a541"},"dob":{"date":"1971-01-21T11:49:22.932Z","age":53},"registered":{"date":"2003-05-12T08:32:04.824Z","age":21},"phone":"033-6317-096","cell":"060-8902-341","id":{"name":"SID","value":"967840966"},"picture":{"large":"https://randomuser.me/api/portraits/men/24.jpg","medium":"https://randomuser.me/api/portraits/med/men/24.jpg","thumbnail":"https://randomuser.me/api/portraits/thumb/men/24.jpg"},"nat":"RS"}],"info":{"seed":"258d8ce1156ab6e1","results":1,"page":1,"version":"1.4"}} 
 </msg>
<msg time="2024-05-21T10:15:23.865874" level="INFO">/opt/hostedtoolcache/Python/3.12.3/x64/lib/python3.12/site-packages/urllib3/connectionpool.py:1103: InsecureRequestWarning: Unverified HTTPS request is being made to host 'randomuser.me'. Adding certificate verification is strongly advised. See: https://urllib3.readthedocs.io/en/latest/advanced-usage.html#tls-warnings
  warnings.warn(</msg>
<msg time="2024-05-21T10:15:23.866039" level="INFO">${response} = &lt;Response [200]&gt;</msg>
<var>${response}</var>
<arg>consultarAPI</arg>
<arg>/api</arg>
<doc>Sends a GET request on a previously created HTTP Session.</doc>
<status status="PASS" start="2024-05-21T10:15:23.762656" elapsed="0.103425"/>
</kw>
<kw name="Set Variable" owner="BuiltIn">
<msg time="2024-05-21T10:15:23.867340" level="INFO">${json_data} = {'results': [{'gender': 'male', 'name': {'title': 'Mr', 'first': 'Đorđe', 'last': 'Ivanović'}, 'location': {'street': {'number': 5871, 'name': 'Grobljanska'}, 'city': 'Blace', 'state': 'South Bačka', ...</msg>
<var>${json_data}</var>
<arg>${response.json()}</arg>
<doc>Returns the given values which can then be assigned to a variables.</doc>
<status status="PASS" start="2024-05-21T10:15:23.866740" elapsed="0.000632"/>
</kw>
<kw name="Log" owner="BuiltIn">
<msg time="2024-05-21T10:15:23.867866" level="INFO">{'results': [{'gender': 'male', 'name': {'title': 'Mr', 'first': 'Đorđe', 'last': 'Ivanović'}, 'location': {'street': {'number': 5871, 'name': 'Grobljanska'}, 'city': 'Blace', 'state': 'South Bačka', 'country': 'Serbia', 'postcode': 47925, 'coordinates': {'latitude': '57.1986', 'longitude': '-93.3575'}, 'timezone': {'offset': '+9:00', 'description': 'Tokyo, Seoul, Osaka, Sapporo, Yakutsk'}}, 'email': 'dorde.ivanovic@example.com', 'login': {'uuid': '33e942d6-a32c-4ca4-b73f-3703c6a52c1e', 'username': 'bluezebra282', 'password': 'jillian', 'salt': 'OniYVNsm', 'md5': 'aad7cee9a7b81836662227ea64831477', 'sha1': '19f4cb7af1eb91ea9ff5de02df48758249f01448', 'sha256': '356e3d0dc049d373580572860b7abb2ff29804789d73e5e0596d550c0565a541'}, 'dob': {'date': '1971-01-21T11:49:22.932Z', 'age': 53}, 'registered': {'date': '2003-05-12T08:32:04.824Z', 'age': 21}, 'phone': '033-6317-096', 'cell': '060-8902-341', 'id': {'name': 'SID', 'value': '967840966'}, 'picture': {'large': 'https://randomuser.me/api/portraits/men/24.jpg', 'medium': 'https://randomuser.me/api/portraits/med/men/24.jpg', 'thumbnail': 'https://randomuser.me/api/portraits/thumb/men/24.jpg'}, 'nat': 'RS'}], 'info': {'seed': '258d8ce1156ab6e1', 'results': 1, 'page': 1, 'version': '1.4'}}</msg>
<arg>${json_data}</arg>
<doc>Logs the given message with the given level.</doc>
<status status="PASS" start="2024-05-21T10:15:23.867697" elapsed="0.000220"/>
</kw>
<kw name="Dictionary Should Contain Key" owner="Collections">
<msg time="2024-05-21T10:15:23.868375" level="INFO">False</msg>
<arg>${json_data}</arg>
<arg>results</arg>
<doc>Fails if ``key`` is not found from ``dictionary``.</doc>
<status status="PASS" start="2024-05-21T10:15:23.868217" elapsed="0.000195"/>
</kw>
<kw name="Should Not Be Empty" owner="BuiltIn">
<msg time="2024-05-21T10:15:23.868843" level="INFO">Length is 2.</msg>
<arg>${json_data}</arg>
<doc>Verifies that the given item is not empty.</doc>
<status status="PASS" start="2024-05-21T10:15:23.868710" elapsed="0.000171"/>
</kw>
<kw name="Create List" owner="BuiltIn">
<msg time="2024-05-21T10:15:23.869496" level="INFO">${expected_keys} = ['gender', 'name', 'location', 'email', 'login']</msg>
<var>${expected_keys}</var>
<arg>gender</arg>
<arg>name</arg>
<arg>location</arg>
<arg>email</arg>
<arg>login</arg>
<doc>Returns a list containing given items.</doc>
<status status="PASS" start="2024-05-21T10:15:23.869177" elapsed="0.000344"/>
</kw>
<for flavor="IN">
<iter>
<kw name="Dictionary Should Contain Key" owner="Collections">
<msg time="2024-05-21T10:15:23.870612" level="INFO">False</msg>
<arg>${json_data['results'][0]}</arg>
<arg>${key}</arg>
<doc>Fails if ``key`` is not found from ``dictionary``.</doc>
<status status="PASS" start="2024-05-21T10:15:23.870188" elapsed="0.000463"/>
</kw>
<kw name="Log" owner="BuiltIn">
<msg time="2024-05-21T10:15:23.871327" level="INFO">{'gender': 'male', 'name': {'title': 'Mr', 'first': 'Đorđe', 'last': 'Ivanović'}, 'location': {'street': {'number': 5871, 'name': 'Grobljanska'}, 'city': 'Blace', 'state': 'South Bačka', 'country': 'Serbia', 'postcode': 47925, 'coordinates': {'latitude': '57.1986', 'longitude': '-93.3575'}, 'timezone': {'offset': '+9:00', 'description': 'Tokyo, Seoul, Osaka, Sapporo, Yakutsk'}}, 'email': 'dorde.ivanovic@example.com', 'login': {'uuid': '33e942d6-a32c-4ca4-b73f-3703c6a52c1e', 'username': 'bluezebra282', 'password': 'jillian', 'salt': 'OniYVNsm', 'md5': 'aad7cee9a7b81836662227ea64831477', 'sha1': '19f4cb7af1eb91ea9ff5de02df48758249f01448', 'sha256': '356e3d0dc049d373580572860b7abb2ff29804789d73e5e0596d550c0565a541'}, 'dob': {'date': '1971-01-21T11:49:22.932Z', 'age': 53}, 'registered': {'date': '2003-05-12T08:32:04.824Z', 'age': 21}, 'phone': '033-6317-096', 'cell': '060-8902-341', 'id': {'name': 'SID', 'value': '967840966'}, 'picture': {'large': 'https://randomuser.me/api/portraits/men/24.jpg', 'medium': 'https://randomuser.me/api/portraits/med/men/24.jpg', 'thumbnail': 'https://randomuser.me/api/portraits/thumb/men/24.jpg'}, 'nat': 'RS'}</msg>
<arg>${json_data['results'][0]}</arg>
<doc>Logs the given message with the given level.</doc>
<status status="PASS" start="2024-05-21T10:15:23.870955" elapsed="0.000426"/>
</kw>
<kw name="Log" owner="BuiltIn">
<msg time="2024-05-21T10:15:23.871808" level="INFO">gender</msg>
<arg>${key}</arg>
<doc>Logs the given message with the given level.</doc>
<status status="PASS" start="2024-05-21T10:15:23.871682" elapsed="0.000164"/>
</kw>
<var name="${key}">gender</var>
<status status="PASS" start="2024-05-21T10:15:23.870044" elapsed="0.002016"/>
</iter>
<iter>
<kw name="Dictionary Should Contain Key" owner="Collections">
<msg time="2024-05-21T10:15:23.872748" level="INFO">False</msg>
<arg>${json_data['results'][0]}</arg>
<arg>${key}</arg>
<doc>Fails if ``key`` is not found from ``dictionary``.</doc>
<status status="PASS" start="2024-05-21T10:15:23.872367" elapsed="0.000419"/>
</kw>
<kw name="Log" owner="BuiltIn">
<msg time="2024-05-21T10:15:23.873483" level="INFO">{'gender': 'male', 'name': {'title': 'Mr', 'first': 'Đorđe', 'last': 'Ivanović'}, 'location': {'street': {'number': 5871, 'name': 'Grobljanska'}, 'city': 'Blace', 'state': 'South Bačka', 'country': 'Serbia', 'postcode': 47925, 'coordinates': {'latitude': '57.1986', 'longitude': '-93.3575'}, 'timezone': {'offset': '+9:00', 'description': 'Tokyo, Seoul, Osaka, Sapporo, Yakutsk'}}, 'email': 'dorde.ivanovic@example.com', 'login': {'uuid': '33e942d6-a32c-4ca4-b73f-3703c6a52c1e', 'username': 'bluezebra282', 'password': 'jillian', 'salt': 'OniYVNsm', 'md5': 'aad7cee9a7b81836662227ea64831477', 'sha1': '19f4cb7af1eb91ea9ff5de02df48758249f01448', 'sha256': '356e3d0dc049d373580572860b7abb2ff29804789d73e5e0596d550c0565a541'}, 'dob': {'date': '1971-01-21T11:49:22.932Z', 'age': 53}, 'registered': {'date': '2003-05-12T08:32:04.824Z', 'age': 21}, 'phone': '033-6317-096', 'cell': '060-8902-341', 'id': {'name': 'SID', 'value': '967840966'}, 'picture': {'large': 'https://randomuser.me/api/portraits/men/24.jpg', 'medium': 'https://randomuser.me/api/portraits/med/men/24.jpg', 'thumbnail': 'https://randomuser.me/api/portraits/thumb/men/24.jpg'}, 'nat': 'RS'}</msg>
<arg>${json_data['results'][0]}</arg>
<doc>Logs the given message with the given level.</doc>
<status status="PASS" start="2024-05-21T10:15:23.873114" elapsed="0.000433"/>
</kw>
<kw name="Log" owner="BuiltIn">
<msg time="2024-05-21T10:15:23.874015" level="INFO">name</msg>
<arg>${key}</arg>
<doc>Logs the given message with the given level.</doc>
<status status="PASS" start="2024-05-21T10:15:23.873860" elapsed="0.000194"/>
</kw>
<var name="${key}">name</var>
<status status="PASS" start="2024-05-21T10:15:23.872251" elapsed="0.002022"/>
</iter>
<iter>
<kw name="Dictionary Should Contain Key" owner="Collections">
<msg time="2024-05-21T10:15:23.874947" level="INFO">False</msg>
<arg>${json_data['results'][0]}</arg>
<arg>${key}</arg>
<doc>Fails if ``key`` is not found from ``dictionary``.</doc>
<status status="PASS" start="2024-05-21T10:15:23.874566" elapsed="0.000418"/>
</kw>
<kw name="Log" owner="BuiltIn">
<msg time="2024-05-21T10:15:23.875641" level="INFO">{'gender': 'male', 'name': {'title': 'Mr', 'first': 'Đorđe', 'last': 'Ivanović'}, 'location': {'street': {'number': 5871, 'name': 'Grobljanska'}, 'city': 'Blace', 'state': 'South Bačka', 'country': 'Serbia', 'postcode': 47925, 'coordinates': {'latitude': '57.1986', 'longitude': '-93.3575'}, 'timezone': {'offset': '+9:00', 'description': 'Tokyo, Seoul, Osaka, Sapporo, Yakutsk'}}, 'email': 'dorde.ivanovic@example.com', 'login': {'uuid': '33e942d6-a32c-4ca4-b73f-3703c6a52c1e', 'username': 'bluezebra282', 'password': 'jillian', 'salt': 'OniYVNsm', 'md5': 'aad7cee9a7b81836662227ea64831477', 'sha1': '19f4cb7af1eb91ea9ff5de02df48758249f01448', 'sha256': '356e3d0dc049d373580572860b7abb2ff29804789d73e5e0596d550c0565a541'}, 'dob': {'date': '1971-01-21T11:49:22.932Z', 'age': 53}, 'registered': {'date': '2003-05-12T08:32:04.824Z', 'age': 21}, 'phone': '033-6317-096', 'cell': '060-8902-341', 'id': {'name': 'SID', 'value': '967840966'}, 'picture': {'large': 'https://randomuser.me/api/portraits/men/24.jpg', 'medium': 'https://randomuser.me/api/portraits/med/men/24.jpg', 'thumbnail': 'https://randomuser.me/api/portraits/thumb/men/24.jpg'}, 'nat': 'RS'}</msg>
<arg>${json_data['results'][0]}</arg>
<doc>Logs the given message with the given level.</doc>
<status status="PASS" start="2024-05-21T10:15:23.875283" elapsed="0.000419"/>
</kw>
<kw name="Log" owner="BuiltIn">
<msg time="2024-05-21T10:15:23.876124" level="INFO">location</msg>
<arg>${key}</arg>
<doc>Logs the given message with the given level.</doc>
<status status="PASS" start="2024-05-21T10:15:23.876000" elapsed="0.000161"/>
</kw>
<var name="${key}">location</var>
<status status="PASS" start="2024-05-21T10:15:23.874454" elapsed="0.001919"/>
</iter>
<iter>
<kw name="Dictionary Should Contain Key" owner="Collections">
<msg time="2024-05-21T10:15:23.877046" level="INFO">False</msg>
<arg>${json_data['results'][0]}</arg>
<arg>${key}</arg>
<doc>Fails if ``key`` is not found from ``dictionary``.</doc>
<status status="PASS" start="2024-05-21T10:15:23.876655" elapsed="0.000429"/>
</kw>
<kw name="Log" owner="BuiltIn">
<msg time="2024-05-21T10:15:23.877765" level="INFO">{'gender': 'male', 'name': {'title': 'Mr', 'first': 'Đorđe', 'last': 'Ivanović'}, 'location': {'street': {'number': 5871, 'name': 'Grobljanska'}, 'city': 'Blace', 'state': 'South Bačka', 'country': 'Serbia', 'postcode': 47925, 'coordinates': {'latitude': '57.1986', 'longitude': '-93.3575'}, 'timezone': {'offset': '+9:00', 'description': 'Tokyo, Seoul, Osaka, Sapporo, Yakutsk'}}, 'email': 'dorde.ivanovic@example.com', 'login': {'uuid': '33e942d6-a32c-4ca4-b73f-3703c6a52c1e', 'username': 'bluezebra282', 'password': 'jillian', 'salt': 'OniYVNsm', 'md5': 'aad7cee9a7b81836662227ea64831477', 'sha1': '19f4cb7af1eb91ea9ff5de02df48758249f01448', 'sha256': '356e3d0dc049d373580572860b7abb2ff29804789d73e5e0596d550c0565a541'}, 'dob': {'date': '1971-01-21T11:49:22.932Z', 'age': 53}, 'registered': {'date': '2003-05-12T08:32:04.824Z', 'age': 21}, 'phone': '033-6317-096', 'cell': '060-8902-341', 'id': {'name': 'SID', 'value': '967840966'}, 'picture': {'large': 'https://randomuser.me/api/portraits/men/24.jpg', 'medium': 'https://randomuser.me/api/portraits/med/men/24.jpg', 'thumbnail': 'https://randomuser.me/api/portraits/thumb/men/24.jpg'}, 'nat': 'RS'}</msg>
<arg>${json_data['results'][0]}</arg>
<doc>Logs the given message with the given level.</doc>
<status status="PASS" start="2024-05-21T10:15:23.877398" elapsed="0.000429"/>
</kw>
<kw name="Log" owner="BuiltIn">
<msg time="2024-05-21T10:15:23.878309" level="INFO">email</msg>
<arg>${key}</arg>
<doc>Logs the given message with the given level.</doc>
<status status="PASS" start="2024-05-21T10:15:23.878175" elapsed="0.000172"/>
</kw>
<var name="${key}">email</var>
<status status="PASS" start="2024-05-21T10:15:23.876545" elapsed="0.002027"/>
</iter>
<iter>
<kw name="Dictionary Should Contain Key" owner="Collections">
<msg time="2024-05-21T10:15:23.879237" level="INFO">False</msg>
<arg>${json_data['results'][0]}</arg>
<arg>${key}</arg>
<doc>Fails if ``key`` is not found from ``dictionary``.</doc>
<status status="PASS" start="2024-05-21T10:15:23.878860" elapsed="0.000415"/>
</kw>
<kw name="Log" owner="BuiltIn">
<msg time="2024-05-21T10:15:23.879956" level="INFO">{'gender': 'male', 'name': {'title': 'Mr', 'first': 'Đorđe', 'last': 'Ivanović'}, 'location': {'street': {'number': 5871, 'name': 'Grobljanska'}, 'city': 'Blace', 'state': 'South Bačka', 'country': 'Serbia', 'postcode': 47925, 'coordinates': {'latitude': '57.1986', 'longitude': '-93.3575'}, 'timezone': {'offset': '+9:00', 'description': 'Tokyo, Seoul, Osaka, Sapporo, Yakutsk'}}, 'email': 'dorde.ivanovic@example.com', 'login': {'uuid': '33e942d6-a32c-4ca4-b73f-3703c6a52c1e', 'username': 'bluezebra282', 'password': 'jillian', 'salt': 'OniYVNsm', 'md5': 'aad7cee9a7b81836662227ea64831477', 'sha1': '19f4cb7af1eb91ea9ff5de02df48758249f01448', 'sha256': '356e3d0dc049d373580572860b7abb2ff29804789d73e5e0596d550c0565a541'}, 'dob': {'date': '1971-01-21T11:49:22.932Z', 'age': 53}, 'registered': {'date': '2003-05-12T08:32:04.824Z', 'age': 21}, 'phone': '033-6317-096', 'cell': '060-8902-341', 'id': {'name': 'SID', 'value': '967840966'}, 'picture': {'large': 'https://randomuser.me/api/portraits/men/24.jpg', 'medium': 'https://randomuser.me/api/portraits/med/men/24.jpg', 'thumbnail': 'https://randomuser.me/api/portraits/thumb/men/24.jpg'}, 'nat': 'RS'}</msg>
<arg>${json_data['results'][0]}</arg>
<doc>Logs the given message with the given level.</doc>
<status status="PASS" start="2024-05-21T10:15:23.879592" elapsed="0.000423"/>
</kw>
<kw name="Log" owner="BuiltIn">
<msg time="2024-05-21T10:15:23.880462" level="INFO">login</msg>
<arg>${key}</arg>
<doc>Logs the given message with the given level.</doc>
<status status="PASS" start="2024-05-21T10:15:23.880329" elapsed="0.000173"/>
</kw>
<var name="${key}">login</var>
<status status="PASS" start="2024-05-21T10:15:23.878747" elapsed="0.002003"/>
</iter>
<var>${key}</var>
<value>@{expected_keys}</value>
<status status="PASS" start="2024-05-21T10:15:23.869793" elapsed="0.011086"/>
</for>
<kw name="Create List" owner="BuiltIn">
<msg time="2024-05-21T10:15:23.881241" level="INFO">${expected_keysTwo} = ['username', 'password']</msg>
<var>${expected_keysTwo}</var>
<arg>username</arg>
<arg>password</arg>
<doc>Returns a list containing given items.</doc>
<status status="PASS" start="2024-05-21T10:15:23.881088" elapsed="0.000177"/>
</kw>
<for flavor="IN">
<iter>
<kw name="Dictionary Should Contain Key" owner="Collections">
<msg time="2024-05-21T10:15:23.882231" level="INFO">False</msg>
<arg>${json_data['results'][0]['login']}</arg>
<arg>${keyTwo}</arg>
<doc>Fails if ``key`` is not found from ``dictionary``.</doc>
<status status="PASS" start="2024-05-21T10:15:23.881781" elapsed="0.000489"/>
</kw>
<kw name="Dictionary Should Contain Key" owner="Collections">
<msg time="2024-05-21T10:15:23.882954" level="INFO">False</msg>
<arg>${json_data['results'][0]['login']}</arg>
<arg>${keyTwo}</arg>
<doc>Fails if ``key`` is not found from ``dictionary``.</doc>
<status status="PASS" start="2024-05-21T10:15:23.882570" elapsed="0.000421"/>
</kw>
<kw name="Log" owner="BuiltIn">
<msg time="2024-05-21T10:15:23.883472" level="INFO">username</msg>
<arg>${keyTwo}</arg>
<doc>Logs the given message with the given level.</doc>
<status status="PASS" start="2024-05-21T10:15:23.883297" elapsed="0.000230"/>
</kw>
<var name="${keyTwo}">username</var>
<status status="PASS" start="2024-05-21T10:15:23.881670" elapsed="0.002204"/>
</iter>
<iter>
<kw name="Dictionary Should Contain Key" owner="Collections">
<msg time="2024-05-21T10:15:23.884585" level="INFO">False</msg>
<arg>${json_data['results'][0]['login']}</arg>
<arg>${keyTwo}</arg>
<doc>Fails if ``key`` is not found from ``dictionary``.</doc>
<status status="PASS" start="2024-05-21T10:15:23.884192" elapsed="0.000432"/>
</kw>
<kw name="Dictionary Should Contain Key" owner="Collections">
<msg time="2024-05-21T10:15:23.885427" level="INFO">False</msg>
<arg>${json_data['results'][0]['login']}</arg>
<arg>${keyTwo}</arg>
<doc>Fails if ``key`` is not found from ``dictionary``.</doc>
<status status="PASS" start="2024-05-21T10:15:23.884924" elapsed="0.000543"/>
</kw>
<kw name="Log" owner="BuiltIn">
<msg time="2024-05-21T10:15:23.885902" level="INFO">password</msg>
<arg>${keyTwo}</arg>
<doc>Logs the given message with the given level.</doc>
<status status="PASS" start="2024-05-21T10:15:23.885771" elapsed="0.000169"/>
</kw>
<var name="${keyTwo}">password</var>
<status status="PASS" start="2024-05-21T10:15:23.884076" elapsed="0.002122"/>
</iter>
<var>${keyTwo}</var>
<value>@{expected_keysTwo}</value>
<status status="PASS" start="2024-05-21T10:15:23.881512" elapsed="0.004808"/>
</for>
<status status="PASS" start="2024-05-21T10:15:23.762393" elapsed="0.124079"/>
</kw>
<doc>Testa a estrutura da resposta da API.</doc>
<tag>testeEstruturaResposta</tag>
<status status="PASS" start="2024-05-21T10:15:23.761778" elapsed="0.124861"/>
</test>
<test id="s1-s1-t4" name="Validar tipos de dados" line="28">
<kw name="Teste de Tipos de Dados" owner="random-user-service">
<kw name="GET On Session" owner="RequestsLibrary">
<msg time="2024-05-21T10:15:23.959598" level="INFO">GET Request : url=https://randomuser.me/api 
 path_url=/api 
 headers={'User-Agent': 'python-requests/2.32.1', 'Accept-Encoding': 'gzip, deflate', 'Accept': '*/*', 'Connection': 'keep-alive'} 
 body=None 
 </msg>
<msg time="2024-05-21T10:15:23.959708" level="INFO">GET Response : url=https://randomuser.me/api 
 status=200, reason=OK 
 headers={'Date': 'Tue, 21 May 2024 10:15:23 GMT', 'Content-Type': 'application/json; charset=utf-8', 'Transfer-Encoding': 'chunked', 'Connection': 'keep-alive', 'X-Powered-By': 'Express', 'Access-Control-Allow-Origin': '*', 'Cache-Control': 'no-cache', 'ETag': 'W/"495-qVEp+OCGRW9elcYgl7Z/9b5M+hY"', 'Vary': 'Accept-Encoding', 'Content-Encoding': 'gzip', 'CF-Cache-Status': 'DYNAMIC', 'Report-To': '{"endpoints":[{"url":"https:\\/\\/a.nel.cloudflare.com\\/report\\/v4?s=3dyv8lajrJIeInDW65tjZKKfskdNCQZHsmPJKLnK8pyJYuZFN%2F45wjP8aTYIYs7WLo9HU88lEmAMF8nr1GsXsaUxp40NGp9xd%2BchbmIpTMdN90LQHix%2BC8yAkpHuDqMr"}],"group":"cf-nel","max_age":604800}', 'NEL': '{"success_fraction":0,"report_to":"cf-nel","max_age":604800}', 'Server': 'cloudflare', 'CF-RAY': '8873ce165c83e269-ORD', 'alt-svc': 'h3=":443"; ma=86400'} 
 body={"results":[{"gender":"male","name":{"title":"Mr","first":"Damian","last":"Stocker"},"location":{"street":{"number":6000,"name":"Tannenweg"},"city":"Marktredwitz","state":"Baden-Württemberg","country":"Germany","postcode":32490,"coordinates":{"latitude":"-50.8782","longitude":"-49.4862"},"timezone":{"offset":"-3:00","description":"Brazil, Buenos Aires, Georgetown"}},"email":"damian.stocker@example.com","login":{"uuid":"2d59e803-7e94-48ab-8720-f1808fb88a77","username":"blackbird993","password":"jets","salt":"C6JqIPQW","md5":"a9ba1b882dfec749b049c683e85be5ba","sha1":"3bdb123f20ad317f3fc71e8e6d50a0bc2f7693e3","sha256":"e3873da9aa50148672490c92da2a36fb29a0e6233a8530321b727ae7c791ac9a"},"dob":{"date":"1949-05-01T06:02:27.190Z","age":75},"registered":{"date":"2012-10-14T20:44:24.576Z","age":11},"phone":"0597-5564483","cell":"0176-4474582","id":{"name":"SVNR","value":"25 010549 S 482"},"picture":{"large":"https://randomuser.me/api/portraits/men/5.jpg","medium":"https://randomuser.me/api/portraits/med/men/5.jpg","thumbnail":"https://randomuser.me/api/portraits/thumb/men/5.jpg"},"nat":"DE"}],"info":{"seed":"0aa4b134b72efdf3","results":1,"page":1,"version":"1.4"}} 
 </msg>
<msg time="2024-05-21T10:15:23.959784" level="INFO">/opt/hostedtoolcache/Python/3.12.3/x64/lib/python3.12/site-packages/urllib3/connectionpool.py:1103: InsecureRequestWarning: Unverified HTTPS request is being made to host 'randomuser.me'. Adding certificate verification is strongly advised. See: https://urllib3.readthedocs.io/en/latest/advanced-usage.html#tls-warnings
  warnings.warn(</msg>
<msg time="2024-05-21T10:15:23.959911" level="INFO">${response} = &lt;Response [200]&gt;</msg>
<var>${response}</var>
<arg>consultarAPI</arg>
<arg>/api</arg>
<doc>Sends a GET request on a previously created HTTP Session.</doc>
<status status="PASS" start="2024-05-21T10:15:23.889188" elapsed="0.070750"/>
</kw>
<kw name="Set Variable" owner="BuiltIn">
<msg time="2024-05-21T10:15:23.961056" level="INFO">${json_data} = {'results': [{'gender': 'male', 'name': {'title': 'Mr', 'first': 'Damian', 'last': 'Stocker'}, 'location': {'street': {'number': 6000, 'name': 'Tannenweg'}, 'city': 'Marktredwitz', 'state': 'Baden-Wür...</msg>
<var>${json_data}</var>
<arg>${response.json()}</arg>
<doc>Returns the given values which can then be assigned to a variables.</doc>
<status status="PASS" start="2024-05-21T10:15:23.960492" elapsed="0.000598"/>
</kw>
<kw name="Log" owner="BuiltIn">
<msg time="2024-05-21T10:15:23.961607" level="INFO">{'results': [{'gender': 'male', 'name': {'title': 'Mr', 'first': 'Damian', 'last': 'Stocker'}, 'location': {'street': {'number': 6000, 'name': 'Tannenweg'}, 'city': 'Marktredwitz', 'state': 'Baden-Württemberg', 'country': 'Germany', 'postcode': 32490, 'coordinates': {'latitude': '-50.8782', 'longitude': '-49.4862'}, 'timezone': {'offset': '-3:00', 'description': 'Brazil, Buenos Aires, Georgetown'}}, 'email': 'damian.stocker@example.com', 'login': {'uuid': '2d59e803-7e94-48ab-8720-f1808fb88a77', 'username': 'blackbird993', 'password': 'jets', 'salt': 'C6JqIPQW', 'md5': 'a9ba1b882dfec749b049c683e85be5ba', 'sha1': '3bdb123f20ad317f3fc71e8e6d50a0bc2f7693e3', 'sha256': 'e3873da9aa50148672490c92da2a36fb29a0e6233a8530321b727ae7c791ac9a'}, 'dob': {'date': '1949-05-01T06:02:27.190Z', 'age': 75}, 'registered': {'date': '2012-10-14T20:44:24.576Z', 'age': 11}, 'phone': '0597-5564483', 'cell': '0176-4474582', 'id': {'name': 'SVNR', 'value': '25 010549 S 482'}, 'picture': {'large': 'https://randomuser.me/api/portraits/men/5.jpg', 'medium': 'https://randomuser.me/api/portraits/med/men/5.jpg', 'thumbnail': 'https://randomuser.me/api/portraits/thumb/men/5.jpg'}, 'nat': 'DE'}], 'info': {'seed': '0aa4b134b72efdf3', 'results': 1, 'page': 1, 'version': '1.4'}}</msg>
<arg>${json_data}</arg>
<doc>Logs the given message with the given level.</doc>
<status status="PASS" start="2024-05-21T10:15:23.961439" elapsed="0.000256"/>
</kw>
<kw name="Should Be String" owner="String">
<arg>${json_data['results'][0]['gender']}</arg>
<doc>Fails if the given ``item`` is not a string.</doc>
<status status="PASS" start="2024-05-21T10:15:23.962053" elapsed="0.000387"/>
</kw>
<kw name="Should Match Regexp" owner="BuiltIn">
<arg>${json_data['results'][0]['email']}</arg>
<arg>^[a-zA-Z0-9._%+-]+@[a-zA-Z0-9.-]+\.[a-zA-Z]{2,}$</arg>
<doc>Fails if ``string`` does not match ``pattern`` as a regular expression.</doc>
<status status="PASS" start="2024-05-21T10:15:23.962637" elapsed="0.000534"/>
</kw>
<kw name="Should Match Regexp" owner="BuiltIn">
<arg>${json_data['results'][0]['dob']['date']}</arg>
<arg>\\d{4}-\\d{2}-\\d{2}T\\d{2}:\\d{2}:\\d{2}\\.\\d{3}Z</arg>
<doc>Fails if ``string`` does not match ``pattern`` as a regular expression.</doc>
<status status="PASS" start="2024-05-21T10:15:23.963411" elapsed="0.000541"/>
</kw>
<kw name="Should Match Regexp" owner="BuiltIn">
<arg>${json_data['results'][0]['registered']['date']}</arg>
<arg>\\d{4}-\\d{2}-\\d{2}T\\d{2}:\\d{2}:\\d{2}\\.\\d{3}Z</arg>
<doc>Fails if ``string`` does not match ``pattern`` as a regular expression.</doc>
<status status="PASS" start="2024-05-21T10:15:23.964153" elapsed="0.000376"/>
</kw>
<kw name="Should Match Regexp" owner="BuiltIn">
<arg>${json_data['results'][0]['picture']['large']}</arg>
<arg>^https?://.*\.(?:png|jpe?g|gif|bmp)$</arg>
<doc>Fails if ``string`` does not match ``pattern`` as a regular expression.</doc>
<status status="PASS" start="2024-05-21T10:15:23.964734" elapsed="0.000459"/>
</kw>
<kw name="Should Match Regexp" owner="BuiltIn">
<arg>${json_data['results'][0]['picture']['medium']}</arg>
<arg>^https?://.*\.(?:png|jpe?g|gif|bmp)$</arg>
<doc>Fails if ``string`` does not match ``pattern`` as a regular expression.</doc>
<status status="PASS" start="2024-05-21T10:15:23.965384" elapsed="0.000366"/>
</kw>
<kw name="Should Match Regexp" owner="BuiltIn">
<arg>${json_data['results'][0]['picture']['thumbnail']}</arg>
<arg>^https?://.*\.(?:png|jpe?g|gif|bmp)$</arg>
<doc>Fails if ``string`` does not match ``pattern`` as a regular expression.</doc>
<status status="PASS" start="2024-05-21T10:15:23.965938" elapsed="0.000383"/>
</kw>
<kw name="Log" owner="BuiltIn">
<msg time="2024-05-21T10:15:23.966843" level="INFO">{'large': 'https://randomuser.me/api/portraits/men/5.jpg', 'medium': 'https://randomuser.me/api/portraits/med/men/5.jpg', 'thumbnail': 'https://randomuser.me/api/portraits/thumb/men/5.jpg'}</msg>
<arg>${json_data['results'][0]['picture']}</arg>
<doc>Logs the given message with the given level.</doc>
<status status="PASS" start="2024-05-21T10:15:23.966511" elapsed="0.000376"/>
</kw>
<status status="PASS" start="2024-05-21T10:15:23.888939" elapsed="0.078264"/>
</kw>
<kw name="Teste de Tipos de Dados - Postcode" owner="random-user-service">
<kw name="GET On Session" owner="RequestsLibrary">
<msg time="2024-05-21T10:15:24.077941" level="INFO">GET Request : url=https://randomuser.me/api 
 path_url=/api 
 headers={'User-Agent': 'python-requests/2.32.1', 'Accept-Encoding': 'gzip, deflate', 'Accept': '*/*', 'Connection': 'keep-alive'} 
 body=None 
 </msg>
<msg time="2024-05-21T10:15:24.078087" level="INFO">GET Response : url=https://randomuser.me/api 
 status=200, reason=OK 
 headers={'Date': 'Tue, 21 May 2024 10:15:24 GMT', 'Content-Type': 'application/json; charset=utf-8', 'Transfer-Encoding': 'chunked', 'Connection': 'keep-alive', 'X-Powered-By': 'Express', 'Access-Control-Allow-Origin': '*', 'Cache-Control': 'no-cache', 'ETag': 'W/"487-dtX0II61gsrNydU7pnRg1lZYLWA"', 'Vary': 'Accept-Encoding', 'Content-Encoding': 'gzip', 'CF-Cache-Status': 'DYNAMIC', 'Report-To': '{"endpoints":[{"url":"https:\\/\\/a.nel.cloudflare.com\\/report\\/v4?s=ncXw%2BFwsCLt%2Bp5iVEKn0aT%2BAt9RxfiSjk3G7ClgD7Ylv34l8viTGDB7CobvX0di%2B%2F7tgrDevTHd7gM3v4jJaJy9QN7fg%2BOFdLby3lpjs0QipO14tmZg22HgS2L6BWfx7"}],"group":"cf-nel","max_age":604800}', 'NEL': '{"success_fraction":0,"report_to":"cf-nel","max_age":604800}', 'Server': 'cloudflare', 'CF-RAY': '8873ce16dce2e269-ORD', 'alt-svc': 'h3=":443"; ma=86400'} 
 body={"results":[{"gender":"female","name":{"title":"Mrs","first":"Radmila","last":"Rindzak"},"location":{"street":{"number":1827,"name":"Nezalezhnosti"},"city":"Mena","state":"Poltavska","country":"Ukraine","postcode":36619,"coordinates":{"latitude":"78.1656","longitude":"150.0717"},"timezone":{"offset":"-8:00","description":"Pacific Time (US &amp; Canada)"}},"email":"radmila.rindzak@example.com","login":{"uuid":"bb52238a-4ed9-4a3f-8407-68e63fa79df2","username":"heavykoala572","password":"55bgates","salt":"51MNl9ct","md5":"27cb9a308bf7ac5d10df96bb597d544f","sha1":"c8ca0438e2f996e749741922ed97e1a54e93f98d","sha256":"7fe6006fd5ec0c7d963464bfe90fc870efa235883c70532f90728c78a022a22c"},"dob":{"date":"1995-04-24T14:03:30.258Z","age":29},"registered":{"date":"2009-10-31T20:33:19.242Z","age":14},"phone":"(099) R46-8918","cell":"(067) P38-2082","id":{"name":"","value":null},"picture":{"large":"https://randomuser.me/api/portraits/women/19.jpg","medium":"https://randomuser.me/api/portraits/med/women/19.jpg","thumbnail":"https://randomuser.me/api/portraits/thumb/women/19.jpg"},"nat":"UA"}],"info":{"seed":"7d530dde17f33270","results":1,"page":1,"version":"1.4"}} 
 </msg>
<msg time="2024-05-21T10:15:24.078161" level="INFO">/opt/hostedtoolcache/Python/3.12.3/x64/lib/python3.12/site-packages/urllib3/connectionpool.py:1103: InsecureRequestWarning: Unverified HTTPS request is being made to host 'randomuser.me'. Adding certificate verification is strongly advised. See: https://urllib3.readthedocs.io/en/latest/advanced-usage.html#tls-warnings
  warnings.warn(</msg>
<msg time="2024-05-21T10:15:24.078283" level="INFO">${response} = &lt;Response [200]&gt;</msg>
<var>${response}</var>
<arg>consultarAPI</arg>
<arg>/api</arg>
<doc>Sends a GET request on a previously created HTTP Session.</doc>
<status status="PASS" start="2024-05-21T10:15:23.967692" elapsed="0.110618"/>
</kw>
<kw name="Set Variable" owner="BuiltIn">
<msg time="2024-05-21T10:15:24.079409" level="INFO">${json_data} = {'results': [{'gender': 'female', 'name': {'title': 'Mrs', 'first': 'Radmila', 'last': 'Rindzak'}, 'location': {'street': {'number': 1827, 'name': 'Nezalezhnosti'}, 'city': 'Mena', 'state': 'Poltavska...</msg>
<var>${json_data}</var>
<arg>${response.json()}</arg>
<doc>Returns the given values which can then be assigned to a variables.</doc>
<status status="PASS" start="2024-05-21T10:15:24.078871" elapsed="0.000566"/>
</kw>
<kw name="Log" owner="BuiltIn">
<msg time="2024-05-21T10:15:24.079929" level="INFO">{'results': [{'gender': 'female', 'name': {'title': 'Mrs', 'first': 'Radmila', 'last': 'Rindzak'}, 'location': {'street': {'number': 1827, 'name': 'Nezalezhnosti'}, 'city': 'Mena', 'state': 'Poltavska', 'country': 'Ukraine', 'postcode': 36619, 'coordinates': {'latitude': '78.1656', 'longitude': '150.0717'}, 'timezone': {'offset': '-8:00', 'description': 'Pacific Time (US &amp; Canada)'}}, 'email': 'radmila.rindzak@example.com', 'login': {'uuid': 'bb52238a-4ed9-4a3f-8407-68e63fa79df2', 'username': 'heavykoala572', 'password': '55bgates', 'salt': '51MNl9ct', 'md5': '27cb9a308bf7ac5d10df96bb597d544f', 'sha1': 'c8ca0438e2f996e749741922ed97e1a54e93f98d', 'sha256': '7fe6006fd5ec0c7d963464bfe90fc870efa235883c70532f90728c78a022a22c'}, 'dob': {'date': '1995-04-24T14:03:30.258Z', 'age': 29}, 'registered': {'date': '2009-10-31T20:33:19.242Z', 'age': 14}, 'phone': '(099) R46-8918', 'cell': '(067) P38-2082', 'id': {'name': '', 'value': None}, 'picture': {'large': 'https://randomuser.me/api/portraits/women/19.jpg', 'medium': 'https://randomuser.me/api/portraits/med/women/19.jpg', 'thumbnail': 'https://randomuser.me/api/portraits/thumb/women/19.jpg'}, 'nat': 'UA'}], 'info': {'seed': '7d530dde17f33270', 'results': 1, 'page': 1, 'version': '1.4'}}</msg>
<arg>${json_data}</arg>
<doc>Logs the given message with the given level.</doc>
<status status="PASS" start="2024-05-21T10:15:24.079766" elapsed="0.000251"/>
</kw>
<kw name="Should Be Equal As Numbers" owner="BuiltIn">
<arg>${json_data['results'][0]['location']['postcode']}</arg>
<arg>${json_data['results'][0]['location']['postcode']}</arg>
<doc>Fails if objects are unequal after converting them to real numbers.</doc>
<status status="PASS" start="2024-05-21T10:15:24.080326" elapsed="0.000821"/>
</kw>
<kw name="Log" owner="BuiltIn">
<msg time="2024-05-21T10:15:24.081681" level="INFO">36619</msg>
<arg>${json_data['results'][0]['location']['postcode']}</arg>
<doc>Logs the given message with the given level.</doc>
<status status="PASS" start="2024-05-21T10:15:24.081342" elapsed="0.000380"/>
</kw>
<status status="PASS" start="2024-05-21T10:15:23.967446" elapsed="0.114574"/>
</kw>
<doc>Testa se os tipos de dados na resposta da API estão corretos.</doc>
<tag>testeTiposDados</tag>
<status status="PASS" start="2024-05-21T10:15:23.888450" elapsed="0.193758"/>
</test>
<test id="s1-s1-t5" name="Validar conteudo" line="35">
<kw name="Teste de Tipos de Conteudo" owner="random-user-service">
<kw name="GET On Session" owner="RequestsLibrary">
<msg time="2024-05-21T10:15:24.160010" level="INFO">GET Request : url=https://randomuser.me/api 
 path_url=/api 
 headers={'User-Agent': 'python-requests/2.32.1', 'Accept-Encoding': 'gzip, deflate', 'Accept': '*/*', 'Connection': 'keep-alive'} 
 body=None 
 </msg>
<msg time="2024-05-21T10:15:24.160128" level="INFO">GET Response : url=https://randomuser.me/api 
 status=200, reason=OK 
 headers={'Date': 'Tue, 21 May 2024 10:15:24 GMT', 'Content-Type': 'application/json; charset=utf-8', 'Transfer-Encoding': 'chunked', 'Connection': 'keep-alive', 'X-Powered-By': 'Express', 'Access-Control-Allow-Origin': '*', 'Cache-Control': 'no-cache', 'ETag': 'W/"49d-+l/eJqfwwS5RNTdsBS+dFfvkFMQ"', 'Vary': 'Accept-Encoding', 'Content-Encoding': 'gzip', 'CF-Cache-Status': 'DYNAMIC', 'Report-To': '{"endpoints":[{"url":"https:\\/\\/a.nel.cloudflare.com\\/report\\/v4?s=dQvAnwcQNBKJMBHaU9UsM8f6xCpaciCAmJf6oe2T4WmqFeils10%2BWkp%2FsA0AgF8h5t3ky0PRcUNpdtr4UFbx%2BQXM7%2F6qgtOSVEhJ460%2BpeHwfBm6rOBZcZ4%2Bat5nAbOD"}],"group":"cf-nel","max_age":604800}', 'NEL': '{"success_fraction":0,"report_to":"cf-nel","max_age":604800}', 'Server': 'cloudflare', 'CF-RAY': '8873ce178d55e269-ORD', 'alt-svc': 'h3=":443"; ma=86400'} 
 body={"results":[{"gender":"male","name":{"title":"Monsieur","first":"Mael","last":"Gautier"},"location":{"street":{"number":2304,"name":"Rue Abel"},"city":"Stallikon","state":"Appenzell Ausserrhoden","country":"Switzerland","postcode":2101,"coordinates":{"latitude":"-57.3083","longitude":"-65.0413"},"timezone":{"offset":"-7:00","description":"Mountain Time (US &amp; Canada)"}},"email":"mael.gautier@example.com","login":{"uuid":"95335d1e-36af-41ff-8f6b-144e1b598e73","username":"happypanda172","password":"yvette","salt":"mAP0h78X","md5":"a7f147815745a82eb092504b79cdafe1","sha1":"d984de773e56ee7a25ddb8d43c93b81eddf56425","sha256":"914f328b5f24a7243f0508e38113473c15ee1f4ed4897442d647fba5ee2beffa"},"dob":{"date":"1962-01-30T13:27:10.855Z","age":62},"registered":{"date":"2008-04-21T03:41:22.650Z","age":16},"phone":"078 365 84 22","cell":"076 098 31 51","id":{"name":"AVS","value":"756.6286.4021.99"},"picture":{"large":"https://randomuser.me/api/portraits/men/93.jpg","medium":"https://randomuser.me/api/portraits/med/men/93.jpg","thumbnail":"https://randomuser.me/api/portraits/thumb/men/93.jpg"},"nat":"CH"}],"info":{"seed":"1776b25d2d95b925","results":1,"page":1,"version":"1.4"}} 
 </msg>
<msg time="2024-05-21T10:15:24.160211" level="INFO">/opt/hostedtoolcache/Python/3.12.3/x64/lib/python3.12/site-packages/urllib3/connectionpool.py:1103: InsecureRequestWarning: Unverified HTTPS request is being made to host 'randomuser.me'. Adding certificate verification is strongly advised. See: https://urllib3.readthedocs.io/en/latest/advanced-usage.html#tls-warnings
  warnings.warn(</msg>
<msg time="2024-05-21T10:15:24.160342" level="INFO">${response} = &lt;Response [200]&gt;</msg>
<var>${response}</var>
<arg>consultarAPI</arg>
<arg>/api</arg>
<doc>Sends a GET request on a previously created HTTP Session.</doc>
<status status="PASS" start="2024-05-21T10:15:24.085120" elapsed="0.075250"/>
</kw>
<kw name="Set Variable" owner="BuiltIn">
<msg time="2024-05-21T10:15:24.161493" level="INFO">${json_data} = {'results': [{'gender': 'male', 'name': {'title': 'Monsieur', 'first': 'Mael', 'last': 'Gautier'}, 'location': {'street': {'number': 2304, 'name': 'Rue Abel'}, 'city': 'Stallikon', 'state': 'Appenzell...</msg>
<var>${json_data}</var>
<arg>${response.json()}</arg>
<doc>Returns the given values which can then be assigned to a variables.</doc>
<status status="PASS" start="2024-05-21T10:15:24.160950" elapsed="0.000573"/>
</kw>
<kw name="Set Variable" owner="BuiltIn">
<msg time="2024-05-21T10:15:24.162323" level="INFO">${name_title} = Monsieur</msg>
<var>${name_title}</var>
<arg>${json_data["results"][0]["name"]["title"]}</arg>
<doc>Returns the given values which can then be assigned to a variables.</doc>
<status status="PASS" start="2024-05-21T10:15:24.161854" elapsed="0.000496"/>
</kw>
<kw name="Create List" owner="BuiltIn">
<msg time="2024-05-21T10:15:24.162822" level="INFO">${allowed_titles} = ['Mr', 'Ms', 'Miss', 'Mrs', 'Madame', 'Monsieur']</msg>
<var>${allowed_titles}</var>
<arg>Mr</arg>
<arg>Ms</arg>
<arg>Miss</arg>
<arg>Mrs</arg>
<arg>Madame</arg>
<arg>Monsieur</arg>
<doc>Returns a list containing given items.</doc>
<status status="PASS" start="2024-05-21T10:15:24.162666" elapsed="0.000181"/>
</kw>
<kw name="List Should Contain Value" owner="Collections">
<msg time="2024-05-21T10:15:24.163356" level="INFO">False</msg>
<arg>${allowed_titles}</arg>
<arg>${name_title}</arg>
<doc>Fails if the ``value`` is not found from ``list``.</doc>
<status status="PASS" start="2024-05-21T10:15:24.163173" elapsed="0.000221"/>
</kw>
<kw name="Set Variable" owner="BuiltIn">
<msg time="2024-05-21T10:15:24.164070" level="INFO">${name_country} = CH</msg>
<var>${name_country}</var>
<arg>${json_data["results"][0]["nat"]}</arg>
<doc>Returns the given values which can then be assigned to a variables.</doc>
<status status="PASS" start="2024-05-21T10:15:24.163688" elapsed="0.000408"/>
</kw>
<kw name="Create List" owner="BuiltIn">
<msg time="2024-05-21T10:15:24.165003" level="INFO">${list_country} = ['AD', 'AE', 'AF', 'AG', 'AI', 'AL', 'AM', 'AO', 'AQ', 'AR', 'AS', 'AT', 'AU', 'AW', 'AX', 'AZ', 'BA', 'BB', 'BD', 'BE', 'BF', 'BG', 'BH', 'BI', 'BJ', 'BL', 'BM', 'BN', 'BO', 'BQ', 'BR', 'BS', 'BT', '...</msg>
<var>${list_country}</var>
<arg>AD</arg>
<arg>AE</arg>
<arg>AF</arg>
<arg>AG</arg>
<arg>AI</arg>
<arg>AL</arg>
<arg>AM</arg>
<arg>AO</arg>
<arg>AQ</arg>
<arg>AR</arg>
<arg>AS</arg>
<arg>AT</arg>
<arg>AU</arg>
<arg>AW</arg>
<arg>AX</arg>
<arg>AZ</arg>
<arg>BA</arg>
<arg>BB</arg>
<arg>BD</arg>
<arg>BE</arg>
<arg>BF</arg>
<arg>BG</arg>
<arg>BH</arg>
<arg>BI</arg>
<arg>BJ</arg>
<arg>BL</arg>
<arg>BM</arg>
<arg>BN</arg>
<arg>BO</arg>
<arg>BQ</arg>
<arg>BR</arg>
<arg>BS</arg>
<arg>BT</arg>
<arg>BV</arg>
<arg>BW</arg>
<arg>BY</arg>
<arg>BZ</arg>
<arg>CA</arg>
<arg>CC</arg>
<arg>CD</arg>
<arg>CF</arg>
<arg>CG</arg>
<arg>CH</arg>
<arg>CI</arg>
<arg>CK</arg>
<arg>CL</arg>
<arg>CM</arg>
<arg>CN</arg>
<arg>CO</arg>
<arg>CR</arg>
<arg>CU</arg>
<arg>CV</arg>
<arg>CW</arg>
<arg>CX</arg>
<arg>CY</arg>
<arg>CZ</arg>
<arg>DE</arg>
<arg>DJ</arg>
<arg>DK</arg>
<arg>DM</arg>
<arg>DO</arg>
<arg>DZ</arg>
<arg>EC</arg>
<arg>EE</arg>
<arg>EG</arg>
<arg>EH</arg>
<arg>ER</arg>
<arg>ES</arg>
<arg>ET</arg>
<arg>FI</arg>
<arg>FJ</arg>
<arg>FK</arg>
<arg>FM</arg>
<arg>FO</arg>
<arg>FR</arg>
<arg>GA</arg>
<arg>GB</arg>
<arg>GD</arg>
<arg>GE</arg>
<arg>GF</arg>
<arg>GG</arg>
<arg>GH</arg>
<arg>GI</arg>
<arg>GL</arg>
<arg>GM</arg>
<arg>GN</arg>
<arg>GP</arg>
<arg>GQ</arg>
<arg>GR</arg>
<arg>GS</arg>
<arg>GT</arg>
<arg>GU</arg>
<arg>GW</arg>
<arg>GY</arg>
<arg>HK</arg>
<arg>HM</arg>
<arg>HN</arg>
<arg>HR</arg>
<arg>HT</arg>
<arg>HU</arg>
<arg>ID</arg>
<arg>IE</arg>
<arg>IL</arg>
<arg>IM</arg>
<arg>IN</arg>
<arg>IO</arg>
<arg>IQ</arg>
<arg>IR</arg>
<arg>IS</arg>
<arg>IT</arg>
<arg>JE</arg>
<arg>JM</arg>
<arg>JO</arg>
<arg>JP</arg>
<arg>KE</arg>
<arg>KG</arg>
<arg>KH</arg>
<arg>KI</arg>
<arg>KM</arg>
<arg>KN</arg>
<arg>KP</arg>
<arg>KR</arg>
<arg>KW</arg>
<arg>KY</arg>
<arg>KZ</arg>
<arg>LA</arg>
<arg>LB</arg>
<arg>LC</arg>
<arg>LI</arg>
<arg>LK</arg>
<arg>LR</arg>
<arg>LS</arg>
<arg>LT</arg>
<arg>LU</arg>
<arg>LV</arg>
<arg>LY</arg>
<arg>MA</arg>
<arg>MC</arg>
<arg>MD</arg>
<arg>ME</arg>
<arg>MF</arg>
<arg>MG</arg>
<arg>MH</arg>
<arg>MK</arg>
<arg>ML</arg>
<arg>MM</arg>
<arg>MN</arg>
<arg>MO</arg>
<arg>MP</arg>
<arg>MQ</arg>
<arg>MR</arg>
<arg>MS</arg>
<arg>MT</arg>
<arg>MU</arg>
<arg>MV</arg>
<arg>MW</arg>
<arg>MX</arg>
<arg>MY</arg>
<arg>MZ</arg>
<arg>NA</arg>
<arg>NC</arg>
<arg>NE</arg>
<arg>NF</arg>
<arg>NG</arg>
<arg>NI</arg>
<arg>NL</arg>
<arg>NO</arg>
<arg>NP</arg>
<arg>NR</arg>
<arg>NU</arg>
<arg>NZ</arg>
<arg>OM</arg>
<arg>PA</arg>
<arg>PE</arg>
<arg>PF</arg>
<arg>PG</arg>
<arg>PH</arg>
<arg>PK</arg>
<arg>PL</arg>
<arg>PM</arg>
<arg>PN</arg>
<arg>PR</arg>
<arg>PS</arg>
<arg>PT</arg>
<arg>PW</arg>
<arg>PY</arg>
<arg>QA</arg>
<arg>RE</arg>
<arg>RO</arg>
<arg>RS</arg>
<arg>RU</arg>
<arg>RW</arg>
<arg>SA</arg>
<arg>SB</arg>
<arg>SC</arg>
<arg>SD</arg>
<arg>SE</arg>
<arg>SG</arg>
<arg>SH</arg>
<arg>SI</arg>
<arg>SJ</arg>
<arg>SK</arg>
<arg>SL</arg>
<arg>SM</arg>
<arg>SN</arg>
<arg>SO</arg>
<arg>SR</arg>
<arg>SS</arg>
<arg>ST</arg>
<arg>SV</arg>
<arg>SX</arg>
<arg>SY</arg>
<arg>SZ</arg>
<arg>TC</arg>
<arg>TD</arg>
<arg>TF</arg>
<arg>TG</arg>
<arg>TH</arg>
<arg>TJ</arg>
<arg>TK</arg>
<arg>TL</arg>
<arg>TM</arg>
<arg>TN</arg>
<arg>TO</arg>
<arg>TR</arg>
<arg>TT</arg>
<arg>TV</arg>
<arg>TW</arg>
<arg>TZ</arg>
<arg>UA</arg>
<arg>UG</arg>
<arg>UM</arg>
<arg>US</arg>
<arg>UY</arg>
<arg>UZ</arg>
<arg>VA</arg>
<arg>VC</arg>
<arg>VE</arg>
<arg>VG</arg>
<arg>VI</arg>
<arg>VN</arg>
<arg>VU</arg>
<arg>WF</arg>
<arg>WS</arg>
<arg>XK</arg>
<arg>YE</arg>
<arg>YT</arg>
<arg>ZA</arg>
<arg>ZM</arg>
<arg>ZW</arg>
<doc>Returns a list containing given items.</doc>
<status status="PASS" start="2024-05-21T10:15:24.164404" elapsed="0.000626"/>
</kw>
<kw name="List Should Contain Value" owner="Collections">
<msg time="2024-05-21T10:15:24.166066" level="INFO">False</msg>
<arg>${list_country}</arg>
<arg>${name_country}</arg>
<doc>Fails if the ``value`` is not found from ``list``.</doc>
<status status="PASS" start="2024-05-21T10:15:24.165826" elapsed="0.000279"/>
</kw>
<kw name="Run Keyword If" owner="BuiltIn">
<kw name="Should Be True" owner="BuiltIn">
<arg>${True}</arg>
<doc>Fails if the given condition is not true.</doc>
<status status="PASS" start="2024-05-21T10:15:24.167196" elapsed="0.000149"/>
</kw>
<arg>${json_data["results"][0]["location"]["coordinates"]["latitude"]} &gt;= -90 and ${json_data["results"][0]["location"]["coordinates"]["latitude"]} &lt;= 90</arg>
<arg>Should Be True</arg>
<arg>${True}</arg>
<doc>Runs the given keyword with the given arguments, if ``condition`` is true.</doc>
<status status="PASS" start="2024-05-21T10:15:24.166429" elapsed="0.001047"/>
</kw>
<kw name="Run Keyword If" owner="BuiltIn">
<kw name="Should Be True" owner="BuiltIn">
<arg>${True}</arg>
<doc>Fails if the given condition is not true.</doc>
<status status="PASS" start="2024-05-21T10:15:24.168363" elapsed="0.000280"/>
</kw>
<arg>${json_data["results"][0]["location"]["coordinates"]["longitude"]} &gt;= -180 and ${json_data["results"][0]["location"]["coordinates"]["longitude"]} &lt;= 180</arg>
<arg>Should Be True</arg>
<arg>${True}</arg>
<doc>Runs the given keyword with the given arguments, if ``condition`` is true.</doc>
<status status="PASS" start="2024-05-21T10:15:24.167666" elapsed="0.001108"/>
</kw>
<status status="PASS" start="2024-05-21T10:15:24.084722" elapsed="0.084189"/>
</kw>
<doc>Testa o conteúdo específico dos campos retornados pela API.</doc>
<tag>testeConteudo</tag>
<status status="PASS" start="2024-05-21T10:15:24.084006" elapsed="0.085065"/>
</test>
<status status="PASS" start="2024-05-21T10:15:23.322274" elapsed="0.848860"/>
</suite>
<status status="PASS" start="2024-05-21T10:15:23.308116" elapsed="0.868353"/>
</suite>
<statistics>
<total>
<stat pass="5" fail="0" skip="0">All Tests</stat>
</total>
<tag>
<stat pass="1" fail="0" skip="0">testeConteudo</stat>
<stat pass="1" fail="0" skip="0">testeEstruturaResposta</stat>
<stat pass="1" fail="0" skip="0">testeRequisicaoBasica</stat>
<stat pass="1" fail="0" skip="0">testeTiposDados</stat>
</tag>
<suite>
<stat pass="5" fail="0" skip="0" id="s1" name="Tests">Tests</stat>
<stat pass="5" fail="0" skip="0" id="s1-s1" name="Random-User-Test">Tests.Random-User-Test</stat>
</suite>
</statistics>
<errors>
</errors>
</robot>
