<?xml version="1.0" encoding="UTF-8"?>
<robot generator="Robot 7.0 (Python 3.12.3 on linux)" generated="2024-05-26T01:08:23.604023" rpa="false" schemaversion="5">
<suite id="s1" name="Tests" source="/home/runner/work/ApiRandomUser/ApiRandomUser/RamdonUser/tests">
<suite id="s1-s1" name="Random-User-Test" source="/home/runner/work/ApiRandomUser/ApiRandomUser/RamdonUser/tests/random-user-test.robot">
<test id="s1-s1-t1" name="Conectar" line="13">
<kw name="Conectar API" owner="random-user-service">
<kw name="Create Session" owner="RequestsLibrary">
<msg time="2024-05-26T01:08:24.007990" level="INFO">Creating Session using : alias=consultarAPI, url=https://randomuser.me/, headers={},                     cookies={}, auth=None, timeout=None, proxies=None, verify=False,                     debug=0 </msg>
<arg>consultarAPI</arg>
<arg>${URL}</arg>
<doc>Create Session: create a HTTP session to a server</doc>
<status status="PASS" start="2024-05-26T01:08:24.007759" elapsed="0.000425"/>
</kw>
<status status="PASS" start="2024-05-26T01:08:24.006629" elapsed="0.001945"/>
</kw>
<status status="PASS" start="2024-05-26T01:08:24.005951" elapsed="0.002839"/>
</test>
<test id="s1-s1-t2" name="Validar retorno 200 e JSON Válido" line="16">
<kw name="Teste de Requisicao Basica" owner="random-user-service">
<kw name="GET On Session" owner="RequestsLibrary">
<msg time="2024-05-26T01:08:24.295103" level="INFO">GET Request : url=https://randomuser.me/api 
 path_url=/api 
 headers={'User-Agent': 'python-requests/2.32.2', 'Accept-Encoding': 'gzip, deflate', 'Accept': '*/*', 'Connection': 'keep-alive'} 
 body=None 
 </msg>
<msg time="2024-05-26T01:08:24.295259" level="INFO">GET Response : url=https://randomuser.me/api 
 status=200, reason=OK 
 headers={'Date': 'Sun, 26 May 2024 01:08:24 GMT', 'Content-Type': 'application/json; charset=utf-8', 'Transfer-Encoding': 'chunked', 'Connection': 'keep-alive', 'X-Powered-By': 'Express', 'Access-Control-Allow-Origin': '*', 'Cache-Control': 'no-cache', 'ETag': 'W/"485-SAc7uXspBNaohHfJuF4RRyaXDbQ"', 'Vary': 'Accept-Encoding', 'Content-Encoding': 'gzip', 'CF-Cache-Status': 'DYNAMIC', 'Report-To': '{"endpoints":[{"url":"https:\\/\\/a.nel.cloudflare.com\\/report\\/v4?s=oDBFtTJykALHh925rLu90JbNHLkrsdMpFP%2FZAmvI29O0%2BL8D%2FsTQTMKQe7bahprYykBsY61H52g%2FpdHVb1bDWvg1imHwPRF1Si92Dl7%2FHxQAx9IZoX5v1Te9XXM9U6er"}],"group":"cf-nel","max_age":604800}', 'NEL': '{"success_fraction":0,"report_to":"cf-nel","max_age":604800}', 'Server': 'cloudflare', 'CF-RAY': '8899dfb2396dcef9-SJC', 'alt-svc': 'h3=":443"; ma=86400'} 
 body={"results":[{"gender":"female","name":{"title":"Mrs","first":"Lucy","last":"Fuller"},"location":{"street":{"number":990,"name":"Church Road"},"city":"Athy","state":"Meath","country":"Ireland","postcode":83469,"coordinates":{"latitude":"3.0501","longitude":"3.3261"},"timezone":{"offset":"+10:00","description":"Eastern Australia, Guam, Vladivostok"}},"email":"lucy.fuller@example.com","login":{"uuid":"a47f110a-d7ff-4acd-9b97-88396d56d46b","username":"heavyleopard580","password":"miller1","salt":"E97NWYvS","md5":"0dc31c9935643fc10148960a6b8a0ec4","sha1":"7de9f1a89e75ac802e3500a8670613df583d7cf4","sha256":"0e752f17f5584371b8e6091e06edaa183a8cb8b251d59dc13aa3ce61832cac3b"},"dob":{"date":"1956-07-15T19:43:40.803Z","age":67},"registered":{"date":"2014-06-10T19:43:41.941Z","age":9},"phone":"071-348-2373","cell":"081-589-6412","id":{"name":"PPS","value":"5257394T"},"picture":{"large":"https://randomuser.me/api/portraits/women/40.jpg","medium":"https://randomuser.me/api/portraits/med/women/40.jpg","thumbnail":"https://randomuser.me/api/portraits/thumb/women/40.jpg"},"nat":"IE"}],"info":{"seed":"77cd5c0d26a12106","results":1,"page":1,"version":"1.4"}} 
 </msg>
<msg time="2024-05-26T01:08:24.295340" level="INFO">/opt/hostedtoolcache/Python/3.12.3/x64/lib/python3.12/site-packages/urllib3/connectionpool.py:1103: InsecureRequestWarning: Unverified HTTPS request is being made to host 'randomuser.me'. Adding certificate verification is strongly advised. See: https://urllib3.readthedocs.io/en/latest/advanced-usage.html#tls-warnings
  warnings.warn(</msg>
<msg time="2024-05-26T01:08:24.295507" level="INFO">${response} = &lt;Response [200]&gt;</msg>
<var>${response}</var>
<arg>consultarAPI</arg>
<arg>/api</arg>
<doc>Sends a GET request on a previously created HTTP Session.</doc>
<status status="PASS" start="2024-05-26T01:08:24.011591" elapsed="0.283953"/>
</kw>
<kw name="Should Be Equal As Numbers" owner="BuiltIn">
<msg time="2024-05-26T01:08:24.296582" level="INFO">Argument types are:
&lt;class 'int'&gt;
&lt;class 'str'&gt;</msg>
<arg>${response.status_code}</arg>
<arg>200</arg>
<doc>Fails if objects are unequal after converting them to real numbers.</doc>
<status status="PASS" start="2024-05-26T01:08:24.296113" elapsed="0.000537"/>
</kw>
<kw name="Log" owner="BuiltIn">
<msg time="2024-05-26T01:08:24.297372" level="INFO">200</msg>
<arg>${response.status_code}</arg>
<doc>Logs the given message with the given level.</doc>
<status status="PASS" start="2024-05-26T01:08:24.297015" elapsed="0.000404"/>
</kw>
<kw name="Set Variable" owner="BuiltIn">
<msg time="2024-05-26T01:08:24.298233" level="INFO">${json_data} = {'results': [{'gender': 'female', 'name': {'title': 'Mrs', 'first': 'Lucy', 'last': 'Fuller'}, 'location': {'street': {'number': 990, 'name': 'Church Road'}, 'city': 'Athy', 'state': 'Meath', 'country...</msg>
<var>${json_data}</var>
<arg>${response.json()}</arg>
<doc>Returns the given values which can then be assigned to a variables.</doc>
<status status="PASS" start="2024-05-26T01:08:24.297767" elapsed="0.000493"/>
</kw>
<kw name="Dictionary Should Contain Key" owner="Collections">
<msg time="2024-05-26T01:08:24.298740" level="INFO">False</msg>
<arg>${json_data}</arg>
<arg>results</arg>
<doc>Fails if ``key`` is not found from ``dictionary``.</doc>
<status status="PASS" start="2024-05-26T01:08:24.298564" elapsed="0.000381"/>
</kw>
<status status="PASS" start="2024-05-26T01:08:24.011322" elapsed="0.287890"/>
</kw>
<doc>Testa se a API responde corretamente e retorna um objeto JSON válido.</doc>
<tag>testeRequisicaoBasica</tag>
<status status="PASS" start="2024-05-26T01:08:24.010699" elapsed="0.288697"/>
</test>
<test id="s1-s1-t3" name="Validar estrutura de resposta" line="22">
<kw name="Teste de Estrutura de Resposta" owner="random-user-service">
<kw name="GET On Session" owner="RequestsLibrary">
<msg time="2024-05-26T01:08:24.610772" level="INFO">GET Request : url=https://randomuser.me/api 
 path_url=/api 
 headers={'User-Agent': 'python-requests/2.32.2', 'Accept-Encoding': 'gzip, deflate', 'Accept': '*/*', 'Connection': 'keep-alive'} 
 body=None 
 </msg>
<msg time="2024-05-26T01:08:24.610871" level="INFO">GET Response : url=https://randomuser.me/api 
 status=200, reason=OK 
 headers={'Date': 'Sun, 26 May 2024 01:08:24 GMT', 'Content-Type': 'application/json; charset=utf-8', 'Transfer-Encoding': 'chunked', 'Connection': 'keep-alive', 'X-Powered-By': 'Express', 'Access-Control-Allow-Origin': '*', 'Cache-Control': 'no-cache', 'ETag': 'W/"495-08JGaHcqlPY5FQeOhYHNVFtLfXQ"', 'Vary': 'Accept-Encoding', 'Content-Encoding': 'gzip', 'CF-Cache-Status': 'DYNAMIC', 'Report-To': '{"endpoints":[{"url":"https:\\/\\/a.nel.cloudflare.com\\/report\\/v4?s=92OECYbcuSNvuyIEUYqa%2BM5qyfM3tDBnXkL7lEaz1Tx0opxzTXvQOjJa4hJc8mCYaBLGgcKBQqFUAHjSpyqxJvNEEao2TBwIESkokr4AWZdaG4bqyPK8T8fCgzKN64WL"}],"group":"cf-nel","max_age":604800}', 'NEL': '{"success_fraction":0,"report_to":"cf-nel","max_age":604800}', 'Server': 'cloudflare', 'CF-RAY': '8899dfb3eac8cef9-SJC', 'alt-svc': 'h3=":443"; ma=86400'} 
 body={"results":[{"gender":"female","name":{"title":"Ms","first":"Alicia","last":"Lemaire"},"location":{"street":{"number":912,"name":"Rue Dubois"},"city":"Le Havre","state":"Vaucluse","country":"France","postcode":26383,"coordinates":{"latitude":"-20.0183","longitude":"107.5223"},"timezone":{"offset":"-7:00","description":"Mountain Time (US &amp; Canada)"}},"email":"alicia.lemaire@example.com","login":{"uuid":"08c31d6f-21df-4b00-8569-794f36e009c1","username":"purpleladybug630","password":"girl","salt":"eZ8Tbcbv","md5":"f04cc58449056d7b2e22bd997a3759d0","sha1":"a9796bc3b1b92ac97d16c801d59f64f999950174","sha256":"3c61b020e16b78fd7ebc04f18960e876cd8aae0ac9e7df9f50f33830ff3d222c"},"dob":{"date":"1959-01-16T05:58:35.745Z","age":65},"registered":{"date":"2021-07-11T00:02:38.571Z","age":2},"phone":"03-80-06-80-37","cell":"06-17-98-05-48","id":{"name":"INSEE","value":"2590048788203 97"},"picture":{"large":"https://randomuser.me/api/portraits/women/22.jpg","medium":"https://randomuser.me/api/portraits/med/women/22.jpg","thumbnail":"https://randomuser.me/api/portraits/thumb/women/22.jpg"},"nat":"FR"}],"info":{"seed":"5adac91361097389","results":1,"page":1,"version":"1.4"}} 
 </msg>
<msg time="2024-05-26T01:08:24.610998" level="INFO">/opt/hostedtoolcache/Python/3.12.3/x64/lib/python3.12/site-packages/urllib3/connectionpool.py:1103: InsecureRequestWarning: Unverified HTTPS request is being made to host 'randomuser.me'. Adding certificate verification is strongly advised. See: https://urllib3.readthedocs.io/en/latest/advanced-usage.html#tls-warnings
  warnings.warn(</msg>
<msg time="2024-05-26T01:08:24.611148" level="INFO">${response} = &lt;Response [200]&gt;</msg>
<var>${response}</var>
<arg>consultarAPI</arg>
<arg>/api</arg>
<doc>Sends a GET request on a previously created HTTP Session.</doc>
<status status="PASS" start="2024-05-26T01:08:24.301996" elapsed="0.309193"/>
</kw>
<kw name="Set Variable" owner="BuiltIn">
<msg time="2024-05-26T01:08:24.612277" level="INFO">${json_data} = {'results': [{'gender': 'female', 'name': {'title': 'Ms', 'first': 'Alicia', 'last': 'Lemaire'}, 'location': {'street': {'number': 912, 'name': 'Rue Dubois'}, 'city': 'Le Havre', 'state': 'Vaucluse', ...</msg>
<var>${json_data}</var>
<arg>${response.json()}</arg>
<doc>Returns the given values which can then be assigned to a variables.</doc>
<status status="PASS" start="2024-05-26T01:08:24.611723" elapsed="0.000584"/>
</kw>
<kw name="Log" owner="BuiltIn">
<msg time="2024-05-26T01:08:24.612795" level="INFO">{'results': [{'gender': 'female', 'name': {'title': 'Ms', 'first': 'Alicia', 'last': 'Lemaire'}, 'location': {'street': {'number': 912, 'name': 'Rue Dubois'}, 'city': 'Le Havre', 'state': 'Vaucluse', 'country': 'France', 'postcode': 26383, 'coordinates': {'latitude': '-20.0183', 'longitude': '107.5223'}, 'timezone': {'offset': '-7:00', 'description': 'Mountain Time (US &amp; Canada)'}}, 'email': 'alicia.lemaire@example.com', 'login': {'uuid': '08c31d6f-21df-4b00-8569-794f36e009c1', 'username': 'purpleladybug630', 'password': 'girl', 'salt': 'eZ8Tbcbv', 'md5': 'f04cc58449056d7b2e22bd997a3759d0', 'sha1': 'a9796bc3b1b92ac97d16c801d59f64f999950174', 'sha256': '3c61b020e16b78fd7ebc04f18960e876cd8aae0ac9e7df9f50f33830ff3d222c'}, 'dob': {'date': '1959-01-16T05:58:35.745Z', 'age': 65}, 'registered': {'date': '2021-07-11T00:02:38.571Z', 'age': 2}, 'phone': '03-80-06-80-37', 'cell': '06-17-98-05-48', 'id': {'name': 'INSEE', 'value': '2590048788203 97'}, 'picture': {'large': 'https://randomuser.me/api/portraits/women/22.jpg', 'medium': 'https://randomuser.me/api/portraits/med/women/22.jpg', 'thumbnail': 'https://randomuser.me/api/portraits/thumb/women/22.jpg'}, 'nat': 'FR'}], 'info': {'seed': '5adac91361097389', 'results': 1, 'page': 1, 'version': '1.4'}}</msg>
<arg>${json_data}</arg>
<doc>Logs the given message with the given level.</doc>
<status status="PASS" start="2024-05-26T01:08:24.612634" elapsed="0.000212"/>
</kw>
<kw name="Dictionary Should Contain Key" owner="Collections">
<msg time="2024-05-26T01:08:24.613301" level="INFO">False</msg>
<arg>${json_data}</arg>
<arg>results</arg>
<doc>Fails if ``key`` is not found from ``dictionary``.</doc>
<status status="PASS" start="2024-05-26T01:08:24.613143" elapsed="0.000196"/>
</kw>
<kw name="Should Not Be Empty" owner="BuiltIn">
<msg time="2024-05-26T01:08:24.613779" level="INFO">Length is 2.</msg>
<arg>${json_data}</arg>
<doc>Verifies that the given item is not empty.</doc>
<status status="PASS" start="2024-05-26T01:08:24.613636" elapsed="0.000183"/>
</kw>
<kw name="Create List" owner="BuiltIn">
<msg time="2024-05-26T01:08:24.614263" level="INFO">${expected_keys} = ['gender', 'name', 'location', 'email', 'login']</msg>
<var>${expected_keys}</var>
<arg>gender</arg>
<arg>name</arg>
<arg>location</arg>
<arg>email</arg>
<arg>login</arg>
<doc>Returns a list containing given items.</doc>
<status status="PASS" start="2024-05-26T01:08:24.614113" elapsed="0.000174"/>
</kw>
<for flavor="IN">
<iter>
<kw name="Dictionary Should Contain Key" owner="Collections">
<msg time="2024-05-26T01:08:24.615310" level="INFO">False</msg>
<arg>${json_data['results'][0]}</arg>
<arg>${key}</arg>
<doc>Fails if ``key`` is not found from ``dictionary``.</doc>
<status status="PASS" start="2024-05-26T01:08:24.614892" elapsed="0.000457"/>
</kw>
<kw name="Log" owner="BuiltIn">
<msg time="2024-05-26T01:08:24.616063" level="INFO">{'gender': 'female', 'name': {'title': 'Ms', 'first': 'Alicia', 'last': 'Lemaire'}, 'location': {'street': {'number': 912, 'name': 'Rue Dubois'}, 'city': 'Le Havre', 'state': 'Vaucluse', 'country': 'France', 'postcode': 26383, 'coordinates': {'latitude': '-20.0183', 'longitude': '107.5223'}, 'timezone': {'offset': '-7:00', 'description': 'Mountain Time (US &amp; Canada)'}}, 'email': 'alicia.lemaire@example.com', 'login': {'uuid': '08c31d6f-21df-4b00-8569-794f36e009c1', 'username': 'purpleladybug630', 'password': 'girl', 'salt': 'eZ8Tbcbv', 'md5': 'f04cc58449056d7b2e22bd997a3759d0', 'sha1': 'a9796bc3b1b92ac97d16c801d59f64f999950174', 'sha256': '3c61b020e16b78fd7ebc04f18960e876cd8aae0ac9e7df9f50f33830ff3d222c'}, 'dob': {'date': '1959-01-16T05:58:35.745Z', 'age': 65}, 'registered': {'date': '2021-07-11T00:02:38.571Z', 'age': 2}, 'phone': '03-80-06-80-37', 'cell': '06-17-98-05-48', 'id': {'name': 'INSEE', 'value': '2590048788203 97'}, 'picture': {'large': 'https://randomuser.me/api/portraits/women/22.jpg', 'medium': 'https://randomuser.me/api/portraits/med/women/22.jpg', 'thumbnail': 'https://randomuser.me/api/portraits/thumb/women/22.jpg'}, 'nat': 'FR'}</msg>
<arg>${json_data['results'][0]}</arg>
<doc>Logs the given message with the given level.</doc>
<status status="PASS" start="2024-05-26T01:08:24.615676" elapsed="0.000439"/>
</kw>
<kw name="Log" owner="BuiltIn">
<msg time="2024-05-26T01:08:24.616553" level="INFO">gender</msg>
<arg>${key}</arg>
<doc>Logs the given message with the given level.</doc>
<status status="PASS" start="2024-05-26T01:08:24.616421" elapsed="0.000171"/>
</kw>
<var name="${key}">gender</var>
<status status="PASS" start="2024-05-26T01:08:24.614763" elapsed="0.002049"/>
</iter>
<iter>
<kw name="Dictionary Should Contain Key" owner="Collections">
<msg time="2024-05-26T01:08:24.617515" level="INFO">False</msg>
<arg>${json_data['results'][0]}</arg>
<arg>${key}</arg>
<doc>Fails if ``key`` is not found from ``dictionary``.</doc>
<status status="PASS" start="2024-05-26T01:08:24.617124" elapsed="0.000428"/>
</kw>
<kw name="Log" owner="BuiltIn">
<msg time="2024-05-26T01:08:24.618245" level="INFO">{'gender': 'female', 'name': {'title': 'Ms', 'first': 'Alicia', 'last': 'Lemaire'}, 'location': {'street': {'number': 912, 'name': 'Rue Dubois'}, 'city': 'Le Havre', 'state': 'Vaucluse', 'country': 'France', 'postcode': 26383, 'coordinates': {'latitude': '-20.0183', 'longitude': '107.5223'}, 'timezone': {'offset': '-7:00', 'description': 'Mountain Time (US &amp; Canada)'}}, 'email': 'alicia.lemaire@example.com', 'login': {'uuid': '08c31d6f-21df-4b00-8569-794f36e009c1', 'username': 'purpleladybug630', 'password': 'girl', 'salt': 'eZ8Tbcbv', 'md5': 'f04cc58449056d7b2e22bd997a3759d0', 'sha1': 'a9796bc3b1b92ac97d16c801d59f64f999950174', 'sha256': '3c61b020e16b78fd7ebc04f18960e876cd8aae0ac9e7df9f50f33830ff3d222c'}, 'dob': {'date': '1959-01-16T05:58:35.745Z', 'age': 65}, 'registered': {'date': '2021-07-11T00:02:38.571Z', 'age': 2}, 'phone': '03-80-06-80-37', 'cell': '06-17-98-05-48', 'id': {'name': 'INSEE', 'value': '2590048788203 97'}, 'picture': {'large': 'https://randomuser.me/api/portraits/women/22.jpg', 'medium': 'https://randomuser.me/api/portraits/med/women/22.jpg', 'thumbnail': 'https://randomuser.me/api/portraits/thumb/women/22.jpg'}, 'nat': 'FR'}</msg>
<arg>${json_data['results'][0]}</arg>
<doc>Logs the given message with the given level.</doc>
<status status="PASS" start="2024-05-26T01:08:24.617881" elapsed="0.000415"/>
</kw>
<kw name="Log" owner="BuiltIn">
<msg time="2024-05-26T01:08:24.618727" level="INFO">name</msg>
<arg>${key}</arg>
<doc>Logs the given message with the given level.</doc>
<status status="PASS" start="2024-05-26T01:08:24.618596" elapsed="0.000169"/>
</kw>
<var name="${key}">name</var>
<status status="PASS" start="2024-05-26T01:08:24.617006" elapsed="0.001985"/>
</iter>
<iter>
<kw name="Dictionary Should Contain Key" owner="Collections">
<msg time="2024-05-26T01:08:24.619716" level="INFO">False</msg>
<arg>${json_data['results'][0]}</arg>
<arg>${key}</arg>
<doc>Fails if ``key`` is not found from ``dictionary``.</doc>
<status status="PASS" start="2024-05-26T01:08:24.619290" elapsed="0.000473"/>
</kw>
<kw name="Log" owner="BuiltIn">
<msg time="2024-05-26T01:08:24.620437" level="INFO">{'gender': 'female', 'name': {'title': 'Ms', 'first': 'Alicia', 'last': 'Lemaire'}, 'location': {'street': {'number': 912, 'name': 'Rue Dubois'}, 'city': 'Le Havre', 'state': 'Vaucluse', 'country': 'France', 'postcode': 26383, 'coordinates': {'latitude': '-20.0183', 'longitude': '107.5223'}, 'timezone': {'offset': '-7:00', 'description': 'Mountain Time (US &amp; Canada)'}}, 'email': 'alicia.lemaire@example.com', 'login': {'uuid': '08c31d6f-21df-4b00-8569-794f36e009c1', 'username': 'purpleladybug630', 'password': 'girl', 'salt': 'eZ8Tbcbv', 'md5': 'f04cc58449056d7b2e22bd997a3759d0', 'sha1': 'a9796bc3b1b92ac97d16c801d59f64f999950174', 'sha256': '3c61b020e16b78fd7ebc04f18960e876cd8aae0ac9e7df9f50f33830ff3d222c'}, 'dob': {'date': '1959-01-16T05:58:35.745Z', 'age': 65}, 'registered': {'date': '2021-07-11T00:02:38.571Z', 'age': 2}, 'phone': '03-80-06-80-37', 'cell': '06-17-98-05-48', 'id': {'name': 'INSEE', 'value': '2590048788203 97'}, 'picture': {'large': 'https://randomuser.me/api/portraits/women/22.jpg', 'medium': 'https://randomuser.me/api/portraits/med/women/22.jpg', 'thumbnail': 'https://randomuser.me/api/portraits/thumb/women/22.jpg'}, 'nat': 'FR'}</msg>
<arg>${json_data['results'][0]}</arg>
<doc>Logs the given message with the given level.</doc>
<status status="PASS" start="2024-05-26T01:08:24.620070" elapsed="0.000417"/>
</kw>
<kw name="Log" owner="BuiltIn">
<msg time="2024-05-26T01:08:24.620915" level="INFO">location</msg>
<arg>${key}</arg>
<doc>Logs the given message with the given level.</doc>
<status status="PASS" start="2024-05-26T01:08:24.620787" elapsed="0.000166"/>
</kw>
<var name="${key}">location</var>
<status status="PASS" start="2024-05-26T01:08:24.619175" elapsed="0.001996"/>
</iter>
<iter>
<kw name="Dictionary Should Contain Key" owner="Collections">
<msg time="2024-05-26T01:08:24.621967" level="INFO">False</msg>
<arg>${json_data['results'][0]}</arg>
<arg>${key}</arg>
<doc>Fails if ``key`` is not found from ``dictionary``.</doc>
<status status="PASS" start="2024-05-26T01:08:24.621462" elapsed="0.000544"/>
</kw>
<kw name="Log" owner="BuiltIn">
<msg time="2024-05-26T01:08:24.622673" level="INFO">{'gender': 'female', 'name': {'title': 'Ms', 'first': 'Alicia', 'last': 'Lemaire'}, 'location': {'street': {'number': 912, 'name': 'Rue Dubois'}, 'city': 'Le Havre', 'state': 'Vaucluse', 'country': 'France', 'postcode': 26383, 'coordinates': {'latitude': '-20.0183', 'longitude': '107.5223'}, 'timezone': {'offset': '-7:00', 'description': 'Mountain Time (US &amp; Canada)'}}, 'email': 'alicia.lemaire@example.com', 'login': {'uuid': '08c31d6f-21df-4b00-8569-794f36e009c1', 'username': 'purpleladybug630', 'password': 'girl', 'salt': 'eZ8Tbcbv', 'md5': 'f04cc58449056d7b2e22bd997a3759d0', 'sha1': 'a9796bc3b1b92ac97d16c801d59f64f999950174', 'sha256': '3c61b020e16b78fd7ebc04f18960e876cd8aae0ac9e7df9f50f33830ff3d222c'}, 'dob': {'date': '1959-01-16T05:58:35.745Z', 'age': 65}, 'registered': {'date': '2021-07-11T00:02:38.571Z', 'age': 2}, 'phone': '03-80-06-80-37', 'cell': '06-17-98-05-48', 'id': {'name': 'INSEE', 'value': '2590048788203 97'}, 'picture': {'large': 'https://randomuser.me/api/portraits/women/22.jpg', 'medium': 'https://randomuser.me/api/portraits/med/women/22.jpg', 'thumbnail': 'https://randomuser.me/api/portraits/thumb/women/22.jpg'}, 'nat': 'FR'}</msg>
<arg>${json_data['results'][0]}</arg>
<doc>Logs the given message with the given level.</doc>
<status status="PASS" start="2024-05-26T01:08:24.622310" elapsed="0.000423"/>
</kw>
<kw name="Log" owner="BuiltIn">
<msg time="2024-05-26T01:08:24.623184" level="INFO">email</msg>
<arg>${key}</arg>
<doc>Logs the given message with the given level.</doc>
<status status="PASS" start="2024-05-26T01:08:24.623034" elapsed="0.000188"/>
</kw>
<var name="${key}">email</var>
<status status="PASS" start="2024-05-26T01:08:24.621348" elapsed="0.002096"/>
</iter>
<iter>
<kw name="Dictionary Should Contain Key" owner="Collections">
<msg time="2024-05-26T01:08:24.624153" level="INFO">False</msg>
<arg>${json_data['results'][0]}</arg>
<arg>${key}</arg>
<doc>Fails if ``key`` is not found from ``dictionary``.</doc>
<status status="PASS" start="2024-05-26T01:08:24.623770" elapsed="0.000420"/>
</kw>
<kw name="Log" owner="BuiltIn">
<msg time="2024-05-26T01:08:24.624856" level="INFO">{'gender': 'female', 'name': {'title': 'Ms', 'first': 'Alicia', 'last': 'Lemaire'}, 'location': {'street': {'number': 912, 'name': 'Rue Dubois'}, 'city': 'Le Havre', 'state': 'Vaucluse', 'country': 'France', 'postcode': 26383, 'coordinates': {'latitude': '-20.0183', 'longitude': '107.5223'}, 'timezone': {'offset': '-7:00', 'description': 'Mountain Time (US &amp; Canada)'}}, 'email': 'alicia.lemaire@example.com', 'login': {'uuid': '08c31d6f-21df-4b00-8569-794f36e009c1', 'username': 'purpleladybug630', 'password': 'girl', 'salt': 'eZ8Tbcbv', 'md5': 'f04cc58449056d7b2e22bd997a3759d0', 'sha1': 'a9796bc3b1b92ac97d16c801d59f64f999950174', 'sha256': '3c61b020e16b78fd7ebc04f18960e876cd8aae0ac9e7df9f50f33830ff3d222c'}, 'dob': {'date': '1959-01-16T05:58:35.745Z', 'age': 65}, 'registered': {'date': '2021-07-11T00:02:38.571Z', 'age': 2}, 'phone': '03-80-06-80-37', 'cell': '06-17-98-05-48', 'id': {'name': 'INSEE', 'value': '2590048788203 97'}, 'picture': {'large': 'https://randomuser.me/api/portraits/women/22.jpg', 'medium': 'https://randomuser.me/api/portraits/med/women/22.jpg', 'thumbnail': 'https://randomuser.me/api/portraits/thumb/women/22.jpg'}, 'nat': 'FR'}</msg>
<arg>${json_data['results'][0]}</arg>
<doc>Logs the given message with the given level.</doc>
<status status="PASS" start="2024-05-26T01:08:24.624492" elapsed="0.000413"/>
</kw>
<kw name="Log" owner="BuiltIn">
<msg time="2024-05-26T01:08:24.625348" level="INFO">login</msg>
<arg>${key}</arg>
<doc>Logs the given message with the given level.</doc>
<status status="PASS" start="2024-05-26T01:08:24.625211" elapsed="0.000176"/>
</kw>
<var name="${key}">login</var>
<status status="PASS" start="2024-05-26T01:08:24.623621" elapsed="0.002012"/>
</iter>
<var>${key}</var>
<value>@{expected_keys}</value>
<status status="PASS" start="2024-05-26T01:08:24.614557" elapsed="0.011206"/>
</for>
<kw name="Create List" owner="BuiltIn">
<msg time="2024-05-26T01:08:24.626108" level="INFO">${expected_keysTwo} = ['username', 'password']</msg>
<var>${expected_keysTwo}</var>
<arg>username</arg>
<arg>password</arg>
<doc>Returns a list containing given items.</doc>
<status status="PASS" start="2024-05-26T01:08:24.625964" elapsed="0.000168"/>
</kw>
<for flavor="IN">
<iter>
<kw name="Dictionary Should Contain Key" owner="Collections">
<msg time="2024-05-26T01:08:24.627046" level="INFO">False</msg>
<arg>${json_data['results'][0]['login']}</arg>
<arg>${keyTwo}</arg>
<doc>Fails if ``key`` is not found from ``dictionary``.</doc>
<status status="PASS" start="2024-05-26T01:08:24.626657" elapsed="0.000427"/>
</kw>
<kw name="Dictionary Should Contain Key" owner="Collections">
<msg time="2024-05-26T01:08:24.627822" level="INFO">False</msg>
<arg>${json_data['results'][0]['login']}</arg>
<arg>${keyTwo}</arg>
<doc>Fails if ``key`` is not found from ``dictionary``.</doc>
<status status="PASS" start="2024-05-26T01:08:24.627382" elapsed="0.000487"/>
</kw>
<kw name="Log" owner="BuiltIn">
<msg time="2024-05-26T01:08:24.628297" level="INFO">username</msg>
<arg>${keyTwo}</arg>
<doc>Logs the given message with the given level.</doc>
<status status="PASS" start="2024-05-26T01:08:24.628167" elapsed="0.000168"/>
</kw>
<var name="${keyTwo}">username</var>
<status status="PASS" start="2024-05-26T01:08:24.626545" elapsed="0.002007"/>
</iter>
<iter>
<kw name="Dictionary Should Contain Key" owner="Collections">
<msg time="2024-05-26T01:08:24.629231" level="INFO">False</msg>
<arg>${json_data['results'][0]['login']}</arg>
<arg>${keyTwo}</arg>
<doc>Fails if ``key`` is not found from ``dictionary``.</doc>
<status status="PASS" start="2024-05-26T01:08:24.628840" elapsed="0.000428"/>
</kw>
<kw name="Dictionary Should Contain Key" owner="Collections">
<msg time="2024-05-26T01:08:24.629946" level="INFO">False</msg>
<arg>${json_data['results'][0]['login']}</arg>
<arg>${keyTwo}</arg>
<doc>Fails if ``key`` is not found from ``dictionary``.</doc>
<status status="PASS" start="2024-05-26T01:08:24.629569" elapsed="0.000414"/>
</kw>
<kw name="Log" owner="BuiltIn">
<msg time="2024-05-26T01:08:24.630405" level="INFO">password</msg>
<arg>${keyTwo}</arg>
<doc>Logs the given message with the given level.</doc>
<status status="PASS" start="2024-05-26T01:08:24.630277" elapsed="0.000166"/>
</kw>
<var name="${keyTwo}">password</var>
<status status="PASS" start="2024-05-26T01:08:24.628727" elapsed="0.001932"/>
</iter>
<var>${keyTwo}</var>
<value>@{expected_keysTwo}</value>
<status status="PASS" start="2024-05-26T01:08:24.626375" elapsed="0.004407"/>
</for>
<status status="PASS" start="2024-05-26T01:08:24.301755" elapsed="0.329175"/>
</kw>
<doc>Testa a estrutura da resposta da API.</doc>
<tag>testeEstruturaResposta</tag>
<status status="PASS" start="2024-05-26T01:08:24.301257" elapsed="0.329836"/>
</test>
<test id="s1-s1-t4" name="Validar tipos de dados" line="28">
<kw name="Teste de Tipos de Dados" owner="random-user-service">
<kw name="GET On Session" owner="RequestsLibrary">
<msg time="2024-05-26T01:08:24.724002" level="INFO">GET Request : url=https://randomuser.me/api 
 path_url=/api 
 headers={'User-Agent': 'python-requests/2.32.2', 'Accept-Encoding': 'gzip, deflate', 'Accept': '*/*', 'Connection': 'keep-alive'} 
 body=None 
 </msg>
<msg time="2024-05-26T01:08:24.724104" level="INFO">GET Response : url=https://randomuser.me/api 
 status=200, reason=OK 
 headers={'Date': 'Sun, 26 May 2024 01:08:24 GMT', 'Content-Type': 'application/json; charset=utf-8', 'Transfer-Encoding': 'chunked', 'Connection': 'keep-alive', 'X-Powered-By': 'Express', 'Access-Control-Allow-Origin': '*', 'Cache-Control': 'no-cache', 'ETag': 'W/"4a5-iJ3do/G/b91PxuM4F5rYmSIERhk"', 'Vary': 'Accept-Encoding', 'Content-Encoding': 'gzip', 'CF-Cache-Status': 'DYNAMIC', 'Report-To': '{"endpoints":[{"url":"https:\\/\\/a.nel.cloudflare.com\\/report\\/v4?s=YSFHaS4tHex8PDSjSjOSYWv6kDpyj5IYPOQYZ5om41jsQXRt5xunnJQWYOlE4AiuhsqJFDc%2FFBI4iDyezDA7hAYcPwKwfSk6JDEzTY1Ub26ahOF%2ByNqoV0q20DCzkKfd"}],"group":"cf-nel","max_age":604800}', 'NEL': '{"success_fraction":0,"report_to":"cf-nel","max_age":604800}', 'Server': 'cloudflare', 'CF-RAY': '8899dfb5fc4ccef9-SJC', 'alt-svc': 'h3=":443"; ma=86400'} 
 body={"results":[{"gender":"male","name":{"title":"Monsieur","first":"Domenico","last":"Gauthier"},"location":{"street":{"number":4473,"name":"Route de Genas"},"city":"Schleitheim","state":"Basel-Landschaft","country":"Switzerland","postcode":9038,"coordinates":{"latitude":"-57.0017","longitude":"-3.2607"},"timezone":{"offset":"-7:00","description":"Mountain Time (US &amp; Canada)"}},"email":"domenico.gauthier@example.com","login":{"uuid":"35375c15-a89d-4999-a0e9-9612ef1a97be","username":"whitelion645","password":"2233","salt":"NHJ2KLMk","md5":"ac90fd786576827e19089843f5500e62","sha1":"39d26c2c02a71ea103f9e84eceaa149f46630f04","sha256":"9fd7526734f69c65c2d543196a5f667ce58c66fae80614336e6c9325ffd77af2"},"dob":{"date":"1966-01-21T06:53:14.544Z","age":58},"registered":{"date":"2004-04-22T03:37:25.084Z","age":20},"phone":"079 066 46 98","cell":"078 376 62 07","id":{"name":"AVS","value":"756.7782.1266.56"},"picture":{"large":"https://randomuser.me/api/portraits/men/16.jpg","medium":"https://randomuser.me/api/portraits/med/men/16.jpg","thumbnail":"https://randomuser.me/api/portraits/thumb/men/16.jpg"},"nat":"CH"}],"info":{"seed":"8ab3d9e04b142005","results":1,"page":1,"version":"1.4"}} 
 </msg>
<msg time="2024-05-26T01:08:24.724182" level="INFO">/opt/hostedtoolcache/Python/3.12.3/x64/lib/python3.12/site-packages/urllib3/connectionpool.py:1103: InsecureRequestWarning: Unverified HTTPS request is being made to host 'randomuser.me'. Adding certificate verification is strongly advised. See: https://urllib3.readthedocs.io/en/latest/advanced-usage.html#tls-warnings
  warnings.warn(</msg>
<msg time="2024-05-26T01:08:24.724327" level="INFO">${response} = &lt;Response [200]&gt;</msg>
<var>${response}</var>
<arg>consultarAPI</arg>
<arg>/api</arg>
<doc>Sends a GET request on a previously created HTTP Session.</doc>
<status status="PASS" start="2024-05-26T01:08:24.633622" elapsed="0.090749"/>
</kw>
<kw name="Set Variable" owner="BuiltIn">
<msg time="2024-05-26T01:08:24.725465" level="INFO">${json_data} = {'results': [{'gender': 'male', 'name': {'title': 'Monsieur', 'first': 'Domenico', 'last': 'Gauthier'}, 'location': {'street': {'number': 4473, 'name': 'Route de Genas'}, 'city': 'Schleitheim', 'state...</msg>
<var>${json_data}</var>
<arg>${response.json()}</arg>
<doc>Returns the given values which can then be assigned to a variables.</doc>
<status status="PASS" start="2024-05-26T01:08:24.724906" elapsed="0.000589"/>
</kw>
<kw name="Log" owner="BuiltIn">
<msg time="2024-05-26T01:08:24.726092" level="INFO">{'results': [{'gender': 'male', 'name': {'title': 'Monsieur', 'first': 'Domenico', 'last': 'Gauthier'}, 'location': {'street': {'number': 4473, 'name': 'Route de Genas'}, 'city': 'Schleitheim', 'state': 'Basel-Landschaft', 'country': 'Switzerland', 'postcode': 9038, 'coordinates': {'latitude': '-57.0017', 'longitude': '-3.2607'}, 'timezone': {'offset': '-7:00', 'description': 'Mountain Time (US &amp; Canada)'}}, 'email': 'domenico.gauthier@example.com', 'login': {'uuid': '35375c15-a89d-4999-a0e9-9612ef1a97be', 'username': 'whitelion645', 'password': '2233', 'salt': 'NHJ2KLMk', 'md5': 'ac90fd786576827e19089843f5500e62', 'sha1': '39d26c2c02a71ea103f9e84eceaa149f46630f04', 'sha256': '9fd7526734f69c65c2d543196a5f667ce58c66fae80614336e6c9325ffd77af2'}, 'dob': {'date': '1966-01-21T06:53:14.544Z', 'age': 58}, 'registered': {'date': '2004-04-22T03:37:25.084Z', 'age': 20}, 'phone': '079 066 46 98', 'cell': '078 376 62 07', 'id': {'name': 'AVS', 'value': '756.7782.1266.56'}, 'picture': {'large': 'https://randomuser.me/api/portraits/men/16.jpg', 'medium': 'https://randomuser.me/api/portraits/med/men/16.jpg', 'thumbnail': 'https://randomuser.me/api/portraits/thumb/men/16.jpg'}, 'nat': 'CH'}], 'info': {'seed': '8ab3d9e04b142005', 'results': 1, 'page': 1, 'version': '1.4'}}</msg>
<arg>${json_data}</arg>
<doc>Logs the given message with the given level.</doc>
<status status="PASS" start="2024-05-26T01:08:24.725893" elapsed="0.000289"/>
</kw>
<kw name="Should Be String" owner="String">
<arg>${json_data['results'][0]['gender']}</arg>
<doc>Fails if the given ``item`` is not a string.</doc>
<status status="PASS" start="2024-05-26T01:08:24.726530" elapsed="0.000423"/>
</kw>
<kw name="Should Match Regexp" owner="BuiltIn">
<arg>${json_data['results'][0]['email']}</arg>
<arg>^[a-zA-Z0-9._%+-]+@[a-zA-Z0-9.-]+\.[a-zA-Z]{2,}$</arg>
<doc>Fails if ``string`` does not match ``pattern`` as a regular expression.</doc>
<status status="PASS" start="2024-05-26T01:08:24.727163" elapsed="0.000790"/>
</kw>
<kw name="Should Match Regexp" owner="BuiltIn">
<arg>${json_data['results'][0]['dob']['date']}</arg>
<arg>\\d{4}-\\d{2}-\\d{2}T\\d{2}:\\d{2}:\\d{2}\\.\\d{3}Z</arg>
<doc>Fails if ``string`` does not match ``pattern`` as a regular expression.</doc>
<status status="PASS" start="2024-05-26T01:08:24.728181" elapsed="0.000518"/>
</kw>
<kw name="Should Match Regexp" owner="BuiltIn">
<arg>${json_data['results'][0]['registered']['date']}</arg>
<arg>\\d{4}-\\d{2}-\\d{2}T\\d{2}:\\d{2}:\\d{2}\\.\\d{3}Z</arg>
<doc>Fails if ``string`` does not match ``pattern`` as a regular expression.</doc>
<status status="PASS" start="2024-05-26T01:08:24.728902" elapsed="0.000384"/>
</kw>
<kw name="Should Match Regexp" owner="BuiltIn">
<arg>${json_data['results'][0]['picture']['large']}</arg>
<arg>^https?://.*\.(?:png|jpe?g|gif|bmp)$</arg>
<doc>Fails if ``string`` does not match ``pattern`` as a regular expression.</doc>
<status status="PASS" start="2024-05-26T01:08:24.729483" elapsed="0.000470"/>
</kw>
<kw name="Should Match Regexp" owner="BuiltIn">
<arg>${json_data['results'][0]['picture']['medium']}</arg>
<arg>^https?://.*\.(?:png|jpe?g|gif|bmp)$</arg>
<doc>Fails if ``string`` does not match ``pattern`` as a regular expression.</doc>
<status status="PASS" start="2024-05-26T01:08:24.730148" elapsed="0.000358"/>
</kw>
<kw name="Should Match Regexp" owner="BuiltIn">
<arg>${json_data['results'][0]['picture']['thumbnail']}</arg>
<arg>^https?://.*\.(?:png|jpe?g|gif|bmp)$</arg>
<doc>Fails if ``string`` does not match ``pattern`` as a regular expression.</doc>
<status status="PASS" start="2024-05-26T01:08:24.730694" elapsed="0.000350"/>
</kw>
<kw name="Log" owner="BuiltIn">
<msg time="2024-05-26T01:08:24.731551" level="INFO">{'large': 'https://randomuser.me/api/portraits/men/16.jpg', 'medium': 'https://randomuser.me/api/portraits/med/men/16.jpg', 'thumbnail': 'https://randomuser.me/api/portraits/thumb/men/16.jpg'}</msg>
<arg>${json_data['results'][0]['picture']}</arg>
<doc>Logs the given message with the given level.</doc>
<status status="PASS" start="2024-05-26T01:08:24.731229" elapsed="0.000363"/>
</kw>
<status status="PASS" start="2024-05-26T01:08:24.633386" elapsed="0.098519"/>
</kw>
<kw name="Teste de Tipos de Dados - Postcode" owner="random-user-service">
<kw name="GET On Session" owner="RequestsLibrary">
<msg time="2024-05-26T01:08:24.819788" level="INFO">GET Request : url=https://randomuser.me/api 
 path_url=/api 
 headers={'User-Agent': 'python-requests/2.32.2', 'Accept-Encoding': 'gzip, deflate', 'Accept': '*/*', 'Connection': 'keep-alive'} 
 body=None 
 </msg>
<msg time="2024-05-26T01:08:24.819903" level="INFO">GET Response : url=https://randomuser.me/api 
 status=200, reason=OK 
 headers={'Date': 'Sun, 26 May 2024 01:08:24 GMT', 'Content-Type': 'application/json; charset=utf-8', 'Transfer-Encoding': 'chunked', 'Connection': 'keep-alive', 'X-Powered-By': 'Express', 'Access-Control-Allow-Origin': '*', 'Cache-Control': 'no-cache', 'ETag': 'W/"493-n3T2iEkfdTlxaKafFmyTkRCzYCQ"', 'Vary': 'Accept-Encoding', 'Content-Encoding': 'gzip', 'CF-Cache-Status': 'DYNAMIC', 'Report-To': '{"endpoints":[{"url":"https:\\/\\/a.nel.cloudflare.com\\/report\\/v4?s=3WlJNy6%2BxEMzWM1SIAOsSbZt2PBRRWZJghEhdpJYx4ajKD6Ur%2FkiF6BqqsMI0hCtXRUYVViJJkjfS%2BrsmCQfKuG0JI57otXxBDQoHb8J05AxTGwcs5f6JfdnsiJBt5vP"}],"group":"cf-nel","max_age":604800}', 'NEL': '{"success_fraction":0,"report_to":"cf-nel","max_age":604800}', 'Server': 'cloudflare', 'CF-RAY': '8899dfb69cd3cef9-SJC', 'alt-svc': 'h3=":443"; ma=86400'} 
 body={"results":[{"gender":"female","name":{"title":"Miss","first":"Mestan","last":"Çağıran"},"location":{"street":{"number":5416,"name":"Kushimoto Sk"},"city":"Siirt","state":"Kastamonu","country":"Turkey","postcode":62978,"coordinates":{"latitude":"71.6880","longitude":"37.0267"},"timezone":{"offset":"-6:00","description":"Central Time (US &amp; Canada), Mexico City"}},"email":"mestan.cagiran@example.com","login":{"uuid":"9e3383b7-96c2-4a28-98f8-408609ea8895","username":"lazyelephant111","password":"welcome1","salt":"yWjOiHwI","md5":"6cf5c3c008cb954d29e597672bcdd59f","sha1":"73ea6e8a060c5c8f5a22431b5e35f2fa21dd6de3","sha256":"3480dd92a030725987174ec0aba7c8811d06705e66a2d2b2905027c066fad996"},"dob":{"date":"1975-01-02T18:01:22.250Z","age":49},"registered":{"date":"2010-08-16T04:30:21.095Z","age":13},"phone":"(686)-555-3726","cell":"(638)-192-2193","id":{"name":"","value":null},"picture":{"large":"https://randomuser.me/api/portraits/women/1.jpg","medium":"https://randomuser.me/api/portraits/med/women/1.jpg","thumbnail":"https://randomuser.me/api/portraits/thumb/women/1.jpg"},"nat":"TR"}],"info":{"seed":"399e79c5f5e4d8f5","results":1,"page":1,"version":"1.4"}} 
 </msg>
<msg time="2024-05-26T01:08:24.820004" level="INFO">/opt/hostedtoolcache/Python/3.12.3/x64/lib/python3.12/site-packages/urllib3/connectionpool.py:1103: InsecureRequestWarning: Unverified HTTPS request is being made to host 'randomuser.me'. Adding certificate verification is strongly advised. See: https://urllib3.readthedocs.io/en/latest/advanced-usage.html#tls-warnings
  warnings.warn(</msg>
<msg time="2024-05-26T01:08:24.820145" level="INFO">${response} = &lt;Response [200]&gt;</msg>
<var>${response}</var>
<arg>consultarAPI</arg>
<arg>/api</arg>
<doc>Sends a GET request on a previously created HTTP Session.</doc>
<status status="PASS" start="2024-05-26T01:08:24.732384" elapsed="0.087803"/>
</kw>
<kw name="Set Variable" owner="BuiltIn">
<msg time="2024-05-26T01:08:24.821267" level="INFO">${json_data} = {'results': [{'gender': 'female', 'name': {'title': 'Miss', 'first': 'Mestan', 'last': 'Çağıran'}, 'location': {'street': {'number': 5416, 'name': 'Kushimoto Sk'}, 'city': 'Siirt', 'state': 'Kastamonu...</msg>
<var>${json_data}</var>
<arg>${response.json()}</arg>
<doc>Returns the given values which can then be assigned to a variables.</doc>
<status status="PASS" start="2024-05-26T01:08:24.820725" elapsed="0.000572"/>
</kw>
<kw name="Log" owner="BuiltIn">
<msg time="2024-05-26T01:08:24.821822" level="INFO">{'results': [{'gender': 'female', 'name': {'title': 'Miss', 'first': 'Mestan', 'last': 'Çağıran'}, 'location': {'street': {'number': 5416, 'name': 'Kushimoto Sk'}, 'city': 'Siirt', 'state': 'Kastamonu', 'country': 'Turkey', 'postcode': 62978, 'coordinates': {'latitude': '71.6880', 'longitude': '37.0267'}, 'timezone': {'offset': '-6:00', 'description': 'Central Time (US &amp; Canada), Mexico City'}}, 'email': 'mestan.cagiran@example.com', 'login': {'uuid': '9e3383b7-96c2-4a28-98f8-408609ea8895', 'username': 'lazyelephant111', 'password': 'welcome1', 'salt': 'yWjOiHwI', 'md5': '6cf5c3c008cb954d29e597672bcdd59f', 'sha1': '73ea6e8a060c5c8f5a22431b5e35f2fa21dd6de3', 'sha256': '3480dd92a030725987174ec0aba7c8811d06705e66a2d2b2905027c066fad996'}, 'dob': {'date': '1975-01-02T18:01:22.250Z', 'age': 49}, 'registered': {'date': '2010-08-16T04:30:21.095Z', 'age': 13}, 'phone': '(686)-555-3726', 'cell': '(638)-192-2193', 'id': {'name': '', 'value': None}, 'picture': {'large': 'https://randomuser.me/api/portraits/women/1.jpg', 'medium': 'https://randomuser.me/api/portraits/med/women/1.jpg', 'thumbnail': 'https://randomuser.me/api/portraits/thumb/women/1.jpg'}, 'nat': 'TR'}], 'info': {'seed': '399e79c5f5e4d8f5', 'results': 1, 'page': 1, 'version': '1.4'}}</msg>
<arg>${json_data}</arg>
<doc>Logs the given message with the given level.</doc>
<status status="PASS" start="2024-05-26T01:08:24.821649" elapsed="0.000262"/>
</kw>
<kw name="Should Be Equal As Numbers" owner="BuiltIn">
<arg>${json_data['results'][0]['location']['postcode']}</arg>
<arg>${json_data['results'][0]['location']['postcode']}</arg>
<doc>Fails if objects are unequal after converting them to real numbers.</doc>
<status status="PASS" start="2024-05-26T01:08:24.822236" elapsed="0.000640"/>
</kw>
<kw name="Log" owner="BuiltIn">
<msg time="2024-05-26T01:08:24.823424" level="INFO">62978</msg>
<arg>${json_data['results'][0]['location']['postcode']}</arg>
<doc>Logs the given message with the given level.</doc>
<status status="PASS" start="2024-05-26T01:08:24.823076" elapsed="0.000389"/>
</kw>
<status status="PASS" start="2024-05-26T01:08:24.732142" elapsed="0.091624"/>
</kw>
<doc>Testa se os tipos de dados na resposta da API estão corretos.</doc>
<tag>testeTiposDados</tag>
<status status="PASS" start="2024-05-26T01:08:24.632903" elapsed="0.191040"/>
</test>
<test id="s1-s1-t5" name="Validar conteudo" line="35">
<kw name="Teste de Tipos de Conteudo" owner="random-user-service">
<kw name="GET On Session" owner="RequestsLibrary">
<msg time="2024-05-26T01:08:24.919522" level="INFO">GET Request : url=https://randomuser.me/api 
 path_url=/api 
 headers={'User-Agent': 'python-requests/2.32.2', 'Accept-Encoding': 'gzip, deflate', 'Accept': '*/*', 'Connection': 'keep-alive'} 
 body=None 
 </msg>
<msg time="2024-05-26T01:08:24.919619" level="INFO">GET Response : url=https://randomuser.me/api 
 status=200, reason=OK 
 headers={'Date': 'Sun, 26 May 2024 01:08:24 GMT', 'Content-Type': 'application/json; charset=utf-8', 'Transfer-Encoding': 'chunked', 'Connection': 'keep-alive', 'X-Powered-By': 'Express', 'Access-Control-Allow-Origin': '*', 'Cache-Control': 'no-cache', 'ETag': 'W/"47a-4RjQiZkln3aTK35swsFhCMbwoMs"', 'Vary': 'Accept-Encoding', 'Content-Encoding': 'gzip', 'CF-Cache-Status': 'DYNAMIC', 'Report-To': '{"endpoints":[{"url":"https:\\/\\/a.nel.cloudflare.com\\/report\\/v4?s=gfljoTRpqXGOt803XZLUZAa4swyaUZpshZ1tLEQnO%2BsLb6fy%2FSqRP4on0OKJvA4Oh%2ByG7wU9jjam2Kj3V8xvAH%2BcGY2M5rahI9sZZIx%2FXKgcSvyjZ%2BRaNI1ltjXKkpKS"}],"group":"cf-nel","max_age":604800}', 'NEL': '{"success_fraction":0,"report_to":"cf-nel","max_age":604800}', 'Server': 'cloudflare', 'CF-RAY': '8899dfb72d33cef9-SJC', 'alt-svc': 'h3=":443"; ma=86400'} 
 body={"results":[{"gender":"male","name":{"title":"Mr","first":"Ved","last":"Acharya"},"location":{"street":{"number":973,"name":"Pali Hill"},"city":"Asansol","state":"Uttarakhand","country":"India","postcode":20439,"coordinates":{"latitude":"8.7016","longitude":"-19.4273"},"timezone":{"offset":"-7:00","description":"Mountain Time (US &amp; Canada)"}},"email":"ved.acharya@example.com","login":{"uuid":"f021a1f1-3fb0-4a4f-93df-c3da1c5152a2","username":"ticklishzebra822","password":"cliff","salt":"o0RbOt9x","md5":"f2871a72855448c1e519ebad12c327b2","sha1":"2cd8b51d36b0459d52360d1f6d430d66f80ade5b","sha256":"bc5dec94097822b8ce500a4262f0a983bc84eee9ef7a1af4e252465420fe7acf"},"dob":{"date":"1957-08-24T00:34:13.090Z","age":66},"registered":{"date":"2018-11-23T19:50:15.355Z","age":5},"phone":"7730316109","cell":"8447835855","id":{"name":"UIDAI","value":"767383225653"},"picture":{"large":"https://randomuser.me/api/portraits/men/68.jpg","medium":"https://randomuser.me/api/portraits/med/men/68.jpg","thumbnail":"https://randomuser.me/api/portraits/thumb/men/68.jpg"},"nat":"IN"}],"info":{"seed":"0d6815c50cea5ecd","results":1,"page":1,"version":"1.4"}} 
 </msg>
<msg time="2024-05-26T01:08:24.919715" level="INFO">/opt/hostedtoolcache/Python/3.12.3/x64/lib/python3.12/site-packages/urllib3/connectionpool.py:1103: InsecureRequestWarning: Unverified HTTPS request is being made to host 'randomuser.me'. Adding certificate verification is strongly advised. See: https://urllib3.readthedocs.io/en/latest/advanced-usage.html#tls-warnings
  warnings.warn(</msg>
<msg time="2024-05-26T01:08:24.919855" level="INFO">${response} = &lt;Response [200]&gt;</msg>
<var>${response}</var>
<arg>consultarAPI</arg>
<arg>/api</arg>
<doc>Sends a GET request on a previously created HTTP Session.</doc>
<status status="PASS" start="2024-05-26T01:08:24.826543" elapsed="0.093355"/>
</kw>
<kw name="Set Variable" owner="BuiltIn">
<msg time="2024-05-26T01:08:24.920996" level="INFO">${json_data} = {'results': [{'gender': 'male', 'name': {'title': 'Mr', 'first': 'Ved', 'last': 'Acharya'}, 'location': {'street': {'number': 973, 'name': 'Pali Hill'}, 'city': 'Asansol', 'state': 'Uttarakhand', 'cou...</msg>
<var>${json_data}</var>
<arg>${response.json()}</arg>
<doc>Returns the given values which can then be assigned to a variables.</doc>
<status status="PASS" start="2024-05-26T01:08:24.920481" elapsed="0.000544"/>
</kw>
<kw name="Set Variable" owner="BuiltIn">
<msg time="2024-05-26T01:08:24.921709" level="INFO">${name_title} = Mr</msg>
<var>${name_title}</var>
<arg>${json_data["results"][0]["name"]["title"]}</arg>
<doc>Returns the given values which can then be assigned to a variables.</doc>
<status status="PASS" start="2024-05-26T01:08:24.921331" elapsed="0.000403"/>
</kw>
<kw name="Create List" owner="BuiltIn">
<msg time="2024-05-26T01:08:24.922185" level="INFO">${allowed_titles} = ['Mr', 'Ms', 'Miss', 'Mrs', 'Madame', 'Monsieur']</msg>
<var>${allowed_titles}</var>
<arg>Mr</arg>
<arg>Ms</arg>
<arg>Miss</arg>
<arg>Mrs</arg>
<arg>Madame</arg>
<arg>Monsieur</arg>
<doc>Returns a list containing given items.</doc>
<status status="PASS" start="2024-05-26T01:08:24.922035" elapsed="0.000174"/>
</kw>
<kw name="List Should Contain Value" owner="Collections">
<msg time="2024-05-26T01:08:24.922699" level="INFO">False</msg>
<arg>${allowed_titles}</arg>
<arg>${name_title}</arg>
<doc>Fails if the ``value`` is not found from ``list``.</doc>
<status status="PASS" start="2024-05-26T01:08:24.922515" elapsed="0.000221"/>
</kw>
<kw name="Set Variable" owner="BuiltIn">
<msg time="2024-05-26T01:08:24.923595" level="INFO">${name_country} = IN</msg>
<var>${name_country}</var>
<arg>${json_data["results"][0]["nat"]}</arg>
<doc>Returns the given values which can then be assigned to a variables.</doc>
<status status="PASS" start="2024-05-26T01:08:24.923030" elapsed="0.000591"/>
</kw>
<kw name="Create List" owner="BuiltIn">
<msg time="2024-05-26T01:08:24.924586" level="INFO">${list_country} = ['AD', 'AE', 'AF', 'AG', 'AI', 'AL', 'AM', 'AO', 'AQ', 'AR', 'AS', 'AT', 'AU', 'AW', 'AX', 'AZ', 'BA', 'BB', 'BD', 'BE', 'BF', 'BG', 'BH', 'BI', 'BJ', 'BL', 'BM', 'BN', 'BO', 'BQ', 'BR', 'BS', 'BT', '...</msg>
<var>${list_country}</var>
<arg>AD</arg>
<arg>AE</arg>
<arg>AF</arg>
<arg>AG</arg>
<arg>AI</arg>
<arg>AL</arg>
<arg>AM</arg>
<arg>AO</arg>
<arg>AQ</arg>
<arg>AR</arg>
<arg>AS</arg>
<arg>AT</arg>
<arg>AU</arg>
<arg>AW</arg>
<arg>AX</arg>
<arg>AZ</arg>
<arg>BA</arg>
<arg>BB</arg>
<arg>BD</arg>
<arg>BE</arg>
<arg>BF</arg>
<arg>BG</arg>
<arg>BH</arg>
<arg>BI</arg>
<arg>BJ</arg>
<arg>BL</arg>
<arg>BM</arg>
<arg>BN</arg>
<arg>BO</arg>
<arg>BQ</arg>
<arg>BR</arg>
<arg>BS</arg>
<arg>BT</arg>
<arg>BV</arg>
<arg>BW</arg>
<arg>BY</arg>
<arg>BZ</arg>
<arg>CA</arg>
<arg>CC</arg>
<arg>CD</arg>
<arg>CF</arg>
<arg>CG</arg>
<arg>CH</arg>
<arg>CI</arg>
<arg>CK</arg>
<arg>CL</arg>
<arg>CM</arg>
<arg>CN</arg>
<arg>CO</arg>
<arg>CR</arg>
<arg>CU</arg>
<arg>CV</arg>
<arg>CW</arg>
<arg>CX</arg>
<arg>CY</arg>
<arg>CZ</arg>
<arg>DE</arg>
<arg>DJ</arg>
<arg>DK</arg>
<arg>DM</arg>
<arg>DO</arg>
<arg>DZ</arg>
<arg>EC</arg>
<arg>EE</arg>
<arg>EG</arg>
<arg>EH</arg>
<arg>ER</arg>
<arg>ES</arg>
<arg>ET</arg>
<arg>FI</arg>
<arg>FJ</arg>
<arg>FK</arg>
<arg>FM</arg>
<arg>FO</arg>
<arg>FR</arg>
<arg>GA</arg>
<arg>GB</arg>
<arg>GD</arg>
<arg>GE</arg>
<arg>GF</arg>
<arg>GG</arg>
<arg>GH</arg>
<arg>GI</arg>
<arg>GL</arg>
<arg>GM</arg>
<arg>GN</arg>
<arg>GP</arg>
<arg>GQ</arg>
<arg>GR</arg>
<arg>GS</arg>
<arg>GT</arg>
<arg>GU</arg>
<arg>GW</arg>
<arg>GY</arg>
<arg>HK</arg>
<arg>HM</arg>
<arg>HN</arg>
<arg>HR</arg>
<arg>HT</arg>
<arg>HU</arg>
<arg>ID</arg>
<arg>IE</arg>
<arg>IL</arg>
<arg>IM</arg>
<arg>IN</arg>
<arg>IO</arg>
<arg>IQ</arg>
<arg>IR</arg>
<arg>IS</arg>
<arg>IT</arg>
<arg>JE</arg>
<arg>JM</arg>
<arg>JO</arg>
<arg>JP</arg>
<arg>KE</arg>
<arg>KG</arg>
<arg>KH</arg>
<arg>KI</arg>
<arg>KM</arg>
<arg>KN</arg>
<arg>KP</arg>
<arg>KR</arg>
<arg>KW</arg>
<arg>KY</arg>
<arg>KZ</arg>
<arg>LA</arg>
<arg>LB</arg>
<arg>LC</arg>
<arg>LI</arg>
<arg>LK</arg>
<arg>LR</arg>
<arg>LS</arg>
<arg>LT</arg>
<arg>LU</arg>
<arg>LV</arg>
<arg>LY</arg>
<arg>MA</arg>
<arg>MC</arg>
<arg>MD</arg>
<arg>ME</arg>
<arg>MF</arg>
<arg>MG</arg>
<arg>MH</arg>
<arg>MK</arg>
<arg>ML</arg>
<arg>MM</arg>
<arg>MN</arg>
<arg>MO</arg>
<arg>MP</arg>
<arg>MQ</arg>
<arg>MR</arg>
<arg>MS</arg>
<arg>MT</arg>
<arg>MU</arg>
<arg>MV</arg>
<arg>MW</arg>
<arg>MX</arg>
<arg>MY</arg>
<arg>MZ</arg>
<arg>NA</arg>
<arg>NC</arg>
<arg>NE</arg>
<arg>NF</arg>
<arg>NG</arg>
<arg>NI</arg>
<arg>NL</arg>
<arg>NO</arg>
<arg>NP</arg>
<arg>NR</arg>
<arg>NU</arg>
<arg>NZ</arg>
<arg>OM</arg>
<arg>PA</arg>
<arg>PE</arg>
<arg>PF</arg>
<arg>PG</arg>
<arg>PH</arg>
<arg>PK</arg>
<arg>PL</arg>
<arg>PM</arg>
<arg>PN</arg>
<arg>PR</arg>
<arg>PS</arg>
<arg>PT</arg>
<arg>PW</arg>
<arg>PY</arg>
<arg>QA</arg>
<arg>RE</arg>
<arg>RO</arg>
<arg>RS</arg>
<arg>RU</arg>
<arg>RW</arg>
<arg>SA</arg>
<arg>SB</arg>
<arg>SC</arg>
<arg>SD</arg>
<arg>SE</arg>
<arg>SG</arg>
<arg>SH</arg>
<arg>SI</arg>
<arg>SJ</arg>
<arg>SK</arg>
<arg>SL</arg>
<arg>SM</arg>
<arg>SN</arg>
<arg>SO</arg>
<arg>SR</arg>
<arg>SS</arg>
<arg>ST</arg>
<arg>SV</arg>
<arg>SX</arg>
<arg>SY</arg>
<arg>SZ</arg>
<arg>TC</arg>
<arg>TD</arg>
<arg>TF</arg>
<arg>TG</arg>
<arg>TH</arg>
<arg>TJ</arg>
<arg>TK</arg>
<arg>TL</arg>
<arg>TM</arg>
<arg>TN</arg>
<arg>TO</arg>
<arg>TR</arg>
<arg>TT</arg>
<arg>TV</arg>
<arg>TW</arg>
<arg>TZ</arg>
<arg>UA</arg>
<arg>UG</arg>
<arg>UM</arg>
<arg>US</arg>
<arg>UY</arg>
<arg>UZ</arg>
<arg>VA</arg>
<arg>VC</arg>
<arg>VE</arg>
<arg>VG</arg>
<arg>VI</arg>
<arg>VN</arg>
<arg>VU</arg>
<arg>WF</arg>
<arg>WS</arg>
<arg>XK</arg>
<arg>YE</arg>
<arg>YT</arg>
<arg>ZA</arg>
<arg>ZM</arg>
<arg>ZW</arg>
<doc>Returns a list containing given items.</doc>
<status status="PASS" start="2024-05-26T01:08:24.923974" elapsed="0.000638"/>
</kw>
<kw name="List Should Contain Value" owner="Collections">
<msg time="2024-05-26T01:08:24.925633" level="INFO">False</msg>
<arg>${list_country}</arg>
<arg>${name_country}</arg>
<doc>Fails if the ``value`` is not found from ``list``.</doc>
<status status="PASS" start="2024-05-26T01:08:24.925427" elapsed="0.000243"/>
</kw>
<kw name="Run Keyword If" owner="BuiltIn">
<kw name="Should Be True" owner="BuiltIn">
<arg>${True}</arg>
<doc>Fails if the given condition is not true.</doc>
<status status="PASS" start="2024-05-26T01:08:24.926737" elapsed="0.000144"/>
</kw>
<arg>${json_data["results"][0]["location"]["coordinates"]["latitude"]} &gt;= -90 and ${json_data["results"][0]["location"]["coordinates"]["latitude"]} &lt;= 90</arg>
<arg>Should Be True</arg>
<arg>${True}</arg>
<doc>Runs the given keyword with the given arguments, if ``condition`` is true.</doc>
<status status="PASS" start="2024-05-26T01:08:24.925984" elapsed="0.001022"/>
</kw>
<kw name="Run Keyword If" owner="BuiltIn">
<kw name="Should Be True" owner="BuiltIn">
<arg>${True}</arg>
<doc>Fails if the given condition is not true.</doc>
<status status="PASS" start="2024-05-26T01:08:24.927949" elapsed="0.000140"/>
</kw>
<arg>${json_data["results"][0]["location"]["coordinates"]["longitude"]} &gt;= -180 and ${json_data["results"][0]["location"]["coordinates"]["longitude"]} &lt;= 180</arg>
<arg>Should Be True</arg>
<arg>${True}</arg>
<doc>Runs the given keyword with the given arguments, if ``condition`` is true.</doc>
<status status="PASS" start="2024-05-26T01:08:24.927190" elapsed="0.001024"/>
</kw>
<status status="PASS" start="2024-05-26T01:08:24.826300" elapsed="0.102047"/>
</kw>
<doc>Testa o conteúdo específico dos campos retornados pela API.</doc>
<tag>testeConteudo</tag>
<status status="PASS" start="2024-05-26T01:08:24.825726" elapsed="0.102775"/>
</test>
<status status="PASS" start="2024-05-26T01:08:23.662963" elapsed="1.267502"/>
</suite>
<status status="PASS" start="2024-05-26T01:08:23.649251" elapsed="1.286470"/>
</suite>
<statistics>
<total>
<stat pass="5" fail="0" skip="0">All Tests</stat>
</total>
<tag>
<stat pass="1" fail="0" skip="0">testeConteudo</stat>
<stat pass="1" fail="0" skip="0">testeEstruturaResposta</stat>
<stat pass="1" fail="0" skip="0">testeRequisicaoBasica</stat>
<stat pass="1" fail="0" skip="0">testeTiposDados</stat>
</tag>
<suite>
<stat pass="5" fail="0" skip="0" id="s1" name="Tests">Tests</stat>
<stat pass="5" fail="0" skip="0" id="s1-s1" name="Random-User-Test">Tests.Random-User-Test</stat>
</suite>
</statistics>
<errors>
</errors>
</robot>
