<?xml version="1.0" encoding="UTF-8"?>
<robot generator="Robot 7.0.1 (Python 3.12.4 on linux)" generated="2024-06-20T17:12:54.763159" rpa="false" schemaversion="5">
<suite id="s1" name="Tests" source="/home/runner/work/ApiRandomUser/ApiRandomUser/RamdonUser/tests">
<suite id="s1-s1" name="Random-User-Test" source="/home/runner/work/ApiRandomUser/ApiRandomUser/RamdonUser/tests/random-user-test.robot">
<test id="s1-s1-t1" name="Conectar" line="13">
<kw name="Conectar API" owner="random-user-service">
<kw name="Create Session" owner="RequestsLibrary">
<msg time="2024-06-20T17:12:55.176181" level="INFO">Creating Session using : alias=consultarAPI, url=https://randomuser.me/, headers={},                     cookies={}, auth=None, timeout=None, proxies=None, verify=False,                     debug=0 </msg>
<arg>consultarAPI</arg>
<arg>${URL}</arg>
<doc>Create Session: create a HTTP session to a server</doc>
<status status="PASS" start="2024-06-20T17:12:55.175976" elapsed="0.000388"/>
</kw>
<status status="PASS" start="2024-06-20T17:12:55.174990" elapsed="0.001735"/>
</kw>
<status status="PASS" start="2024-06-20T17:12:55.174442" elapsed="0.002470"/>
</test>
<test id="s1-s1-t2" name="Validar retorno 200 e JSON Válido" line="16">
<kw name="Teste de Requisicao Basica" owner="random-user-service">
<kw name="GET On Session" owner="RequestsLibrary">
<msg time="2024-06-20T17:12:55.669970" level="INFO">GET Request : url=https://randomuser.me/api 
 path_url=/api 
 headers={'User-Agent': 'python-requests/2.32.3', 'Accept-Encoding': 'gzip, deflate', 'Accept': '*/*', 'Connection': 'keep-alive'} 
 body=None 
 </msg>
<msg time="2024-06-20T17:12:55.670150" level="INFO">GET Response : url=https://randomuser.me/api 
 status=200, reason=OK 
 headers={'Date': 'Thu, 20 Jun 2024 17:12:55 GMT', 'Content-Type': 'application/json; charset=utf-8', 'Transfer-Encoding': 'chunked', 'Connection': 'keep-alive', 'X-Powered-By': 'Express', 'Access-Control-Allow-Origin': '*', 'Cache-Control': 'no-cache', 'ETag': 'W/"490-AIX375AyeSdlk0dVSWzBz/Y+tKM"', 'Vary': 'Accept-Encoding', 'Content-Encoding': 'gzip', 'CF-Cache-Status': 'DYNAMIC', 'Report-To': '{"endpoints":[{"url":"https:\\/\\/a.nel.cloudflare.com\\/report\\/v4?s=%2BjTF54ebSTdNea2MiSaskQR24oSVYFT1FBc3jfZwOMEAkvWNmVGUNr31zpOoYTh81TtPTSX3LWUc%2F7fA3XGc075W874QDsW7PmJytuAJXxWQcyAwGUwkl7SOsIQsQYkq"}],"group":"cf-nel","max_age":604800}', 'NEL': '{"success_fraction":0,"report_to":"cf-nel","max_age":604800}', 'Server': 'cloudflare', 'CF-RAY': '896d62f1ee402320-SJC', 'alt-svc': 'h3=":443"; ma=86400'} 
 body={"results":[{"gender":"female","name":{"title":"Ms","first":"Queija","last":"Sales"},"location":{"street":{"number":4924,"name":"Rua Santo Antônio "},"city":"Betim","state":"Tocantins","country":"Brazil","postcode":10622,"coordinates":{"latitude":"-77.1542","longitude":"18.6233"},"timezone":{"offset":"-7:00","description":"Mountain Time (US &amp; Canada)"}},"email":"queija.sales@example.com","login":{"uuid":"cee37a2f-0b57-422f-9425-2236038ecae4","username":"goldencat214","password":"beemer","salt":"RxEjk9Yt","md5":"5c022a7978821af0181170fdcaf4b940","sha1":"2dd82739f385ba231d059a72445785f8e207fbf9","sha256":"073e561cab105c8b457b5ee8a406ade56ea73104f6f09d971a84b6eec4c709b3"},"dob":{"date":"1957-04-26T00:38:57.103Z","age":67},"registered":{"date":"2010-03-24T02:31:33.436Z","age":14},"phone":"(25) 9768-2150","cell":"(49) 3025-0148","id":{"name":"CPF","value":"588.219.276-78"},"picture":{"large":"https://randomuser.me/api/portraits/women/3.jpg","medium":"https://randomuser.me/api/portraits/med/women/3.jpg","thumbnail":"https://randomuser.me/api/portraits/thumb/women/3.jpg"},"nat":"BR"}],"info":{"seed":"60dddd12d8a2704a","results":1,"page":1,"version":"1.4"}} 
 </msg>
<msg time="2024-06-20T17:12:55.670251" level="INFO">/opt/hostedtoolcache/Python/3.12.4/x64/lib/python3.12/site-packages/urllib3/connectionpool.py:1099: InsecureRequestWarning: Unverified HTTPS request is being made to host 'randomuser.me'. Adding certificate verification is strongly advised. See: https://urllib3.readthedocs.io/en/latest/advanced-usage.html#tls-warnings
  warnings.warn(</msg>
<msg time="2024-06-20T17:12:55.670436" level="INFO">${response} = &lt;Response [200]&gt;</msg>
<var>${response}</var>
<arg>consultarAPI</arg>
<arg>/api</arg>
<doc>Sends a GET request on a previously created HTTP Session.</doc>
<status status="PASS" start="2024-06-20T17:12:55.179557" elapsed="0.490914"/>
</kw>
<kw name="Should Be Equal As Numbers" owner="BuiltIn">
<msg time="2024-06-20T17:12:55.671469" level="INFO">Argument types are:
&lt;class 'int'&gt;
&lt;class 'str'&gt;</msg>
<arg>${response.status_code}</arg>
<arg>200</arg>
<doc>Fails if objects are unequal after converting them to real numbers.</doc>
<status status="PASS" start="2024-06-20T17:12:55.671007" elapsed="0.000531"/>
</kw>
<kw name="Log" owner="BuiltIn">
<msg time="2024-06-20T17:12:55.672191" level="INFO">200</msg>
<arg>${response.status_code}</arg>
<doc>Logs the given message with the given level.</doc>
<status status="PASS" start="2024-06-20T17:12:55.671850" elapsed="0.000385"/>
</kw>
<kw name="Set Variable" owner="BuiltIn">
<msg time="2024-06-20T17:12:55.672997" level="INFO">${json_data} = {'results': [{'gender': 'female', 'name': {'title': 'Ms', 'first': 'Queija', 'last': 'Sales'}, 'location': {'street': {'number': 4924, 'name': 'Rua Santo Antônio '}, 'city': 'Betim', 'state': 'Tocanti...</msg>
<var>${json_data}</var>
<arg>${response.json()}</arg>
<doc>Returns the given values which can then be assigned to a variables.</doc>
<status status="PASS" start="2024-06-20T17:12:55.672547" elapsed="0.000479"/>
</kw>
<kw name="Dictionary Should Contain Key" owner="Collections">
<arg>${json_data}</arg>
<arg>results</arg>
<doc>Fails if ``key`` is not found from ``dictionary``.</doc>
<status status="PASS" start="2024-06-20T17:12:55.673332" elapsed="0.000165"/>
</kw>
<status status="PASS" start="2024-06-20T17:12:55.179314" elapsed="0.494333"/>
</kw>
<doc>Testa se a API responde corretamente e retorna um objeto JSON válido.</doc>
<tag>testeRequisicaoBasica</tag>
<status status="PASS" start="2024-06-20T17:12:55.178785" elapsed="0.495066"/>
</test>
<test id="s1-s1-t3" name="Validar estrutura de resposta" line="22">
<kw name="Teste de Estrutura de Resposta" owner="random-user-service">
<kw name="GET On Session" owner="RequestsLibrary">
<msg time="2024-06-20T17:12:55.763960" level="INFO">GET Request : url=https://randomuser.me/api 
 path_url=/api 
 headers={'User-Agent': 'python-requests/2.32.3', 'Accept-Encoding': 'gzip, deflate', 'Accept': '*/*', 'Connection': 'keep-alive'} 
 body=None 
 </msg>
<msg time="2024-06-20T17:12:55.764045" level="INFO">GET Response : url=https://randomuser.me/api 
 status=200, reason=OK 
 headers={'Date': 'Thu, 20 Jun 2024 17:12:55 GMT', 'Content-Type': 'application/json; charset=utf-8', 'Transfer-Encoding': 'chunked', 'Connection': 'keep-alive', 'X-Powered-By': 'Express', 'Access-Control-Allow-Origin': '*', 'Cache-Control': 'no-cache', 'ETag': 'W/"49d-sPzVhfyNS7m/40T7pvF0X5TFmrE"', 'Vary': 'Accept-Encoding', 'Content-Encoding': 'gzip', 'CF-Cache-Status': 'DYNAMIC', 'Report-To': '{"endpoints":[{"url":"https:\\/\\/a.nel.cloudflare.com\\/report\\/v4?s=XyQ7Lpq%2FimvYTILYKCr%2Bwgxy%2FG7CdJioxdhZsl2OCyGr1xPad4dPd4PIDekU5xXDGFz7hRxV%2B8BMVbu3tG6clrw07xqhL7IWc9E7%2FNPBqWmuug9L20V8LoUnI9OvD6A1"}],"group":"cf-nel","max_age":604800}', 'NEL': '{"success_fraction":0,"report_to":"cf-nel","max_age":604800}', 'Server': 'cloudflare', 'CF-RAY': '896d62f3f8732320-SJC', 'alt-svc': 'h3=":443"; ma=86400'} 
 body={"results":[{"gender":"female","name":{"title":"Miss","first":"Julia","last":"Rajala"},"location":{"street":{"number":4779,"name":"Pispalan Valtatie"},"city":"Lieto","state":"Uusimaa","country":"Finland","postcode":76397,"coordinates":{"latitude":"-25.1114","longitude":"105.5466"},"timezone":{"offset":"-4:00","description":"Atlantic Time (Canada), Caracas, La Paz"}},"email":"julia.rajala@example.com","login":{"uuid":"6c14797e-bc60-415f-89eb-b1173fa2bd05","username":"sadpanda188","password":"sylvia","salt":"XBceu0aJ","md5":"df6147d31e3a07e963a8b479b98768fb","sha1":"f5c0e3ce2343abd84c9d844fa1834c8f4ff8db2d","sha256":"6c8664655146fece52ef2a52d0fa6f195f99e44e72e4131cf7a4ec3c13395867"},"dob":{"date":"1948-04-29T23:47:15.757Z","age":76},"registered":{"date":"2011-07-25T02:16:11.299Z","age":12},"phone":"09-617-803","cell":"043-258-01-23","id":{"name":"HETU","value":"NaNNA130undefined"},"picture":{"large":"https://randomuser.me/api/portraits/women/20.jpg","medium":"https://randomuser.me/api/portraits/med/women/20.jpg","thumbnail":"https://randomuser.me/api/portraits/thumb/women/20.jpg"},"nat":"FI"}],"info":{"seed":"5155d2580d4a684e","results":1,"page":1,"version":"1.4"}} 
 </msg>
<msg time="2024-06-20T17:12:55.764165" level="INFO">/opt/hostedtoolcache/Python/3.12.4/x64/lib/python3.12/site-packages/urllib3/connectionpool.py:1099: InsecureRequestWarning: Unverified HTTPS request is being made to host 'randomuser.me'. Adding certificate verification is strongly advised. See: https://urllib3.readthedocs.io/en/latest/advanced-usage.html#tls-warnings
  warnings.warn(</msg>
<msg time="2024-06-20T17:12:55.764296" level="INFO">${response} = &lt;Response [200]&gt;</msg>
<var>${response}</var>
<arg>consultarAPI</arg>
<arg>/api</arg>
<doc>Sends a GET request on a previously created HTTP Session.</doc>
<status status="PASS" start="2024-06-20T17:12:55.676507" elapsed="0.087834"/>
</kw>
<kw name="Set Variable" owner="BuiltIn">
<msg time="2024-06-20T17:12:55.765281" level="INFO">${json_data} = {'results': [{'gender': 'female', 'name': {'title': 'Miss', 'first': 'Julia', 'last': 'Rajala'}, 'location': {'street': {'number': 4779, 'name': 'Pispalan Valtatie'}, 'city': 'Lieto', 'state': 'Uusima...</msg>
<var>${json_data}</var>
<arg>${response.json()}</arg>
<doc>Returns the given values which can then be assigned to a variables.</doc>
<status status="PASS" start="2024-06-20T17:12:55.764781" elapsed="0.000528"/>
</kw>
<kw name="Log" owner="BuiltIn">
<msg time="2024-06-20T17:12:55.765804" level="INFO">{'results': [{'gender': 'female', 'name': {'title': 'Miss', 'first': 'Julia', 'last': 'Rajala'}, 'location': {'street': {'number': 4779, 'name': 'Pispalan Valtatie'}, 'city': 'Lieto', 'state': 'Uusimaa', 'country': 'Finland', 'postcode': 76397, 'coordinates': {'latitude': '-25.1114', 'longitude': '105.5466'}, 'timezone': {'offset': '-4:00', 'description': 'Atlantic Time (Canada), Caracas, La Paz'}}, 'email': 'julia.rajala@example.com', 'login': {'uuid': '6c14797e-bc60-415f-89eb-b1173fa2bd05', 'username': 'sadpanda188', 'password': 'sylvia', 'salt': 'XBceu0aJ', 'md5': 'df6147d31e3a07e963a8b479b98768fb', 'sha1': 'f5c0e3ce2343abd84c9d844fa1834c8f4ff8db2d', 'sha256': '6c8664655146fece52ef2a52d0fa6f195f99e44e72e4131cf7a4ec3c13395867'}, 'dob': {'date': '1948-04-29T23:47:15.757Z', 'age': 76}, 'registered': {'date': '2011-07-25T02:16:11.299Z', 'age': 12}, 'phone': '09-617-803', 'cell': '043-258-01-23', 'id': {'name': 'HETU', 'value': 'NaNNA130undefined'}, 'picture': {'large': 'https://randomuser.me/api/portraits/women/20.jpg', 'medium': 'https://randomuser.me/api/portraits/med/women/20.jpg', 'thumbnail': 'https://randomuser.me/api/portraits/thumb/women/20.jpg'}, 'nat': 'FI'}], 'info': {'seed': '5155d2580d4a684e', 'results': 1, 'page': 1, 'version': '1.4'}}</msg>
<arg>${json_data}</arg>
<doc>Logs the given message with the given level.</doc>
<status status="PASS" start="2024-06-20T17:12:55.765612" elapsed="0.000251"/>
</kw>
<kw name="Dictionary Should Contain Key" owner="Collections">
<arg>${json_data}</arg>
<arg>results</arg>
<doc>Fails if ``key`` is not found from ``dictionary``.</doc>
<status status="PASS" start="2024-06-20T17:12:55.766153" elapsed="0.000160"/>
</kw>
<kw name="Should Not Be Empty" owner="BuiltIn">
<msg time="2024-06-20T17:12:55.766616" level="INFO">Length is 2.</msg>
<arg>${json_data}</arg>
<doc>Verifies that the given item is not empty.</doc>
<status status="PASS" start="2024-06-20T17:12:55.766493" elapsed="0.000161"/>
</kw>
<kw name="Create List" owner="BuiltIn">
<msg time="2024-06-20T17:12:55.767235" level="INFO">${expected_keys} = ['gender', 'name', 'location', 'email', 'login']</msg>
<var>${expected_keys}</var>
<arg>gender</arg>
<arg>name</arg>
<arg>location</arg>
<arg>email</arg>
<arg>login</arg>
<doc>Returns a list containing given items.</doc>
<status status="PASS" start="2024-06-20T17:12:55.766939" elapsed="0.000320"/>
</kw>
<for flavor="IN">
<iter>
<kw name="Dictionary Should Contain Key" owner="Collections">
<arg>${json_data['results'][0]}</arg>
<arg>${key}</arg>
<doc>Fails if ``key`` is not found from ``dictionary``.</doc>
<status status="PASS" start="2024-06-20T17:12:55.767839" elapsed="0.000398"/>
</kw>
<kw name="Log" owner="BuiltIn">
<msg time="2024-06-20T17:12:55.768774" level="INFO">{'gender': 'female', 'name': {'title': 'Miss', 'first': 'Julia', 'last': 'Rajala'}, 'location': {'street': {'number': 4779, 'name': 'Pispalan Valtatie'}, 'city': 'Lieto', 'state': 'Uusimaa', 'country': 'Finland', 'postcode': 76397, 'coordinates': {'latitude': '-25.1114', 'longitude': '105.5466'}, 'timezone': {'offset': '-4:00', 'description': 'Atlantic Time (Canada), Caracas, La Paz'}}, 'email': 'julia.rajala@example.com', 'login': {'uuid': '6c14797e-bc60-415f-89eb-b1173fa2bd05', 'username': 'sadpanda188', 'password': 'sylvia', 'salt': 'XBceu0aJ', 'md5': 'df6147d31e3a07e963a8b479b98768fb', 'sha1': 'f5c0e3ce2343abd84c9d844fa1834c8f4ff8db2d', 'sha256': '6c8664655146fece52ef2a52d0fa6f195f99e44e72e4131cf7a4ec3c13395867'}, 'dob': {'date': '1948-04-29T23:47:15.757Z', 'age': 76}, 'registered': {'date': '2011-07-25T02:16:11.299Z', 'age': 12}, 'phone': '09-617-803', 'cell': '043-258-01-23', 'id': {'name': 'HETU', 'value': 'NaNNA130undefined'}, 'picture': {'large': 'https://randomuser.me/api/portraits/women/20.jpg', 'medium': 'https://randomuser.me/api/portraits/med/women/20.jpg', 'thumbnail': 'https://randomuser.me/api/portraits/thumb/women/20.jpg'}, 'nat': 'FI'}</msg>
<arg>${json_data['results'][0]}</arg>
<doc>Logs the given message with the given level.</doc>
<status status="PASS" start="2024-06-20T17:12:55.768424" elapsed="0.000397"/>
</kw>
<kw name="Log" owner="BuiltIn">
<msg time="2024-06-20T17:12:55.769245" level="INFO">gender</msg>
<arg>${key}</arg>
<doc>Logs the given message with the given level.</doc>
<status status="PASS" start="2024-06-20T17:12:55.769117" elapsed="0.000166"/>
</kw>
<var name="${key}">gender</var>
<status status="PASS" start="2024-06-20T17:12:55.767716" elapsed="0.001779"/>
</iter>
<iter>
<kw name="Dictionary Should Contain Key" owner="Collections">
<arg>${json_data['results'][0]}</arg>
<arg>${key}</arg>
<doc>Fails if ``key`` is not found from ``dictionary``.</doc>
<status status="PASS" start="2024-06-20T17:12:55.769812" elapsed="0.000400"/>
</kw>
<kw name="Log" owner="BuiltIn">
<msg time="2024-06-20T17:12:55.770784" level="INFO">{'gender': 'female', 'name': {'title': 'Miss', 'first': 'Julia', 'last': 'Rajala'}, 'location': {'street': {'number': 4779, 'name': 'Pispalan Valtatie'}, 'city': 'Lieto', 'state': 'Uusimaa', 'country': 'Finland', 'postcode': 76397, 'coordinates': {'latitude': '-25.1114', 'longitude': '105.5466'}, 'timezone': {'offset': '-4:00', 'description': 'Atlantic Time (Canada), Caracas, La Paz'}}, 'email': 'julia.rajala@example.com', 'login': {'uuid': '6c14797e-bc60-415f-89eb-b1173fa2bd05', 'username': 'sadpanda188', 'password': 'sylvia', 'salt': 'XBceu0aJ', 'md5': 'df6147d31e3a07e963a8b479b98768fb', 'sha1': 'f5c0e3ce2343abd84c9d844fa1834c8f4ff8db2d', 'sha256': '6c8664655146fece52ef2a52d0fa6f195f99e44e72e4131cf7a4ec3c13395867'}, 'dob': {'date': '1948-04-29T23:47:15.757Z', 'age': 76}, 'registered': {'date': '2011-07-25T02:16:11.299Z', 'age': 12}, 'phone': '09-617-803', 'cell': '043-258-01-23', 'id': {'name': 'HETU', 'value': 'NaNNA130undefined'}, 'picture': {'large': 'https://randomuser.me/api/portraits/women/20.jpg', 'medium': 'https://randomuser.me/api/portraits/med/women/20.jpg', 'thumbnail': 'https://randomuser.me/api/portraits/thumb/women/20.jpg'}, 'nat': 'FI'}</msg>
<arg>${json_data['results'][0]}</arg>
<doc>Logs the given message with the given level.</doc>
<status status="PASS" start="2024-06-20T17:12:55.770397" elapsed="0.000436"/>
</kw>
<kw name="Log" owner="BuiltIn">
<msg time="2024-06-20T17:12:55.771254" level="INFO">name</msg>
<arg>${key}</arg>
<doc>Logs the given message with the given level.</doc>
<status status="PASS" start="2024-06-20T17:12:55.771127" elapsed="0.000165"/>
</kw>
<var name="${key}">name</var>
<status status="PASS" start="2024-06-20T17:12:55.769674" elapsed="0.001840"/>
</iter>
<iter>
<kw name="Dictionary Should Contain Key" owner="Collections">
<arg>${json_data['results'][0]}</arg>
<arg>${key}</arg>
<doc>Fails if ``key`` is not found from ``dictionary``.</doc>
<status status="PASS" start="2024-06-20T17:12:55.771796" elapsed="0.000378"/>
</kw>
<kw name="Log" owner="BuiltIn">
<msg time="2024-06-20T17:12:55.772707" level="INFO">{'gender': 'female', 'name': {'title': 'Miss', 'first': 'Julia', 'last': 'Rajala'}, 'location': {'street': {'number': 4779, 'name': 'Pispalan Valtatie'}, 'city': 'Lieto', 'state': 'Uusimaa', 'country': 'Finland', 'postcode': 76397, 'coordinates': {'latitude': '-25.1114', 'longitude': '105.5466'}, 'timezone': {'offset': '-4:00', 'description': 'Atlantic Time (Canada), Caracas, La Paz'}}, 'email': 'julia.rajala@example.com', 'login': {'uuid': '6c14797e-bc60-415f-89eb-b1173fa2bd05', 'username': 'sadpanda188', 'password': 'sylvia', 'salt': 'XBceu0aJ', 'md5': 'df6147d31e3a07e963a8b479b98768fb', 'sha1': 'f5c0e3ce2343abd84c9d844fa1834c8f4ff8db2d', 'sha256': '6c8664655146fece52ef2a52d0fa6f195f99e44e72e4131cf7a4ec3c13395867'}, 'dob': {'date': '1948-04-29T23:47:15.757Z', 'age': 76}, 'registered': {'date': '2011-07-25T02:16:11.299Z', 'age': 12}, 'phone': '09-617-803', 'cell': '043-258-01-23', 'id': {'name': 'HETU', 'value': 'NaNNA130undefined'}, 'picture': {'large': 'https://randomuser.me/api/portraits/women/20.jpg', 'medium': 'https://randomuser.me/api/portraits/med/women/20.jpg', 'thumbnail': 'https://randomuser.me/api/portraits/thumb/women/20.jpg'}, 'nat': 'FI'}</msg>
<arg>${json_data['results'][0]}</arg>
<doc>Logs the given message with the given level.</doc>
<status status="PASS" start="2024-06-20T17:12:55.772352" elapsed="0.000412"/>
</kw>
<kw name="Log" owner="BuiltIn">
<msg time="2024-06-20T17:12:55.773187" level="INFO">location</msg>
<arg>${key}</arg>
<doc>Logs the given message with the given level.</doc>
<status status="PASS" start="2024-06-20T17:12:55.773063" elapsed="0.000160"/>
</kw>
<var name="${key}">location</var>
<status status="PASS" start="2024-06-20T17:12:55.771689" elapsed="0.001746"/>
</iter>
<iter>
<kw name="Dictionary Should Contain Key" owner="Collections">
<arg>${json_data['results'][0]}</arg>
<arg>${key}</arg>
<doc>Fails if ``key`` is not found from ``dictionary``.</doc>
<status status="PASS" start="2024-06-20T17:12:55.773707" elapsed="0.000405"/>
</kw>
<kw name="Log" owner="BuiltIn">
<msg time="2024-06-20T17:12:55.774645" level="INFO">{'gender': 'female', 'name': {'title': 'Miss', 'first': 'Julia', 'last': 'Rajala'}, 'location': {'street': {'number': 4779, 'name': 'Pispalan Valtatie'}, 'city': 'Lieto', 'state': 'Uusimaa', 'country': 'Finland', 'postcode': 76397, 'coordinates': {'latitude': '-25.1114', 'longitude': '105.5466'}, 'timezone': {'offset': '-4:00', 'description': 'Atlantic Time (Canada), Caracas, La Paz'}}, 'email': 'julia.rajala@example.com', 'login': {'uuid': '6c14797e-bc60-415f-89eb-b1173fa2bd05', 'username': 'sadpanda188', 'password': 'sylvia', 'salt': 'XBceu0aJ', 'md5': 'df6147d31e3a07e963a8b479b98768fb', 'sha1': 'f5c0e3ce2343abd84c9d844fa1834c8f4ff8db2d', 'sha256': '6c8664655146fece52ef2a52d0fa6f195f99e44e72e4131cf7a4ec3c13395867'}, 'dob': {'date': '1948-04-29T23:47:15.757Z', 'age': 76}, 'registered': {'date': '2011-07-25T02:16:11.299Z', 'age': 12}, 'phone': '09-617-803', 'cell': '043-258-01-23', 'id': {'name': 'HETU', 'value': 'NaNNA130undefined'}, 'picture': {'large': 'https://randomuser.me/api/portraits/women/20.jpg', 'medium': 'https://randomuser.me/api/portraits/med/women/20.jpg', 'thumbnail': 'https://randomuser.me/api/portraits/thumb/women/20.jpg'}, 'nat': 'FI'}</msg>
<arg>${json_data['results'][0]}</arg>
<doc>Logs the given message with the given level.</doc>
<status status="PASS" start="2024-06-20T17:12:55.774296" elapsed="0.000399"/>
</kw>
<kw name="Log" owner="BuiltIn">
<msg time="2024-06-20T17:12:55.775109" level="INFO">email</msg>
<arg>${key}</arg>
<doc>Logs the given message with the given level.</doc>
<status status="PASS" start="2024-06-20T17:12:55.774985" elapsed="0.000161"/>
</kw>
<var name="${key}">email</var>
<status status="PASS" start="2024-06-20T17:12:55.773601" elapsed="0.001753"/>
</iter>
<iter>
<kw name="Dictionary Should Contain Key" owner="Collections">
<arg>${json_data['results'][0]}</arg>
<arg>${key}</arg>
<doc>Fails if ``key`` is not found from ``dictionary``.</doc>
<status status="PASS" start="2024-06-20T17:12:55.775623" elapsed="0.000379"/>
</kw>
<kw name="Log" owner="BuiltIn">
<msg time="2024-06-20T17:12:55.776526" level="INFO">{'gender': 'female', 'name': {'title': 'Miss', 'first': 'Julia', 'last': 'Rajala'}, 'location': {'street': {'number': 4779, 'name': 'Pispalan Valtatie'}, 'city': 'Lieto', 'state': 'Uusimaa', 'country': 'Finland', 'postcode': 76397, 'coordinates': {'latitude': '-25.1114', 'longitude': '105.5466'}, 'timezone': {'offset': '-4:00', 'description': 'Atlantic Time (Canada), Caracas, La Paz'}}, 'email': 'julia.rajala@example.com', 'login': {'uuid': '6c14797e-bc60-415f-89eb-b1173fa2bd05', 'username': 'sadpanda188', 'password': 'sylvia', 'salt': 'XBceu0aJ', 'md5': 'df6147d31e3a07e963a8b479b98768fb', 'sha1': 'f5c0e3ce2343abd84c9d844fa1834c8f4ff8db2d', 'sha256': '6c8664655146fece52ef2a52d0fa6f195f99e44e72e4131cf7a4ec3c13395867'}, 'dob': {'date': '1948-04-29T23:47:15.757Z', 'age': 76}, 'registered': {'date': '2011-07-25T02:16:11.299Z', 'age': 12}, 'phone': '09-617-803', 'cell': '043-258-01-23', 'id': {'name': 'HETU', 'value': 'NaNNA130undefined'}, 'picture': {'large': 'https://randomuser.me/api/portraits/women/20.jpg', 'medium': 'https://randomuser.me/api/portraits/med/women/20.jpg', 'thumbnail': 'https://randomuser.me/api/portraits/thumb/women/20.jpg'}, 'nat': 'FI'}</msg>
<arg>${json_data['results'][0]}</arg>
<doc>Logs the given message with the given level.</doc>
<status status="PASS" start="2024-06-20T17:12:55.776179" elapsed="0.000394"/>
</kw>
<kw name="Log" owner="BuiltIn">
<msg time="2024-06-20T17:12:55.776994" level="INFO">login</msg>
<arg>${key}</arg>
<doc>Logs the given message with the given level.</doc>
<status status="PASS" start="2024-06-20T17:12:55.776868" elapsed="0.000163"/>
</kw>
<var name="${key}">login</var>
<status status="PASS" start="2024-06-20T17:12:55.775517" elapsed="0.001722"/>
</iter>
<var>${key}</var>
<value>@{expected_keys}</value>
<status status="PASS" start="2024-06-20T17:12:55.767520" elapsed="0.009835"/>
</for>
<kw name="Create List" owner="BuiltIn">
<msg time="2024-06-20T17:12:55.777703" level="INFO">${expected_keysTwo} = ['username', 'password']</msg>
<var>${expected_keysTwo}</var>
<arg>username</arg>
<arg>password</arg>
<doc>Returns a list containing given items.</doc>
<status status="PASS" start="2024-06-20T17:12:55.777568" elapsed="0.000159"/>
</kw>
<for flavor="IN">
<iter>
<kw name="Dictionary Should Contain Key" owner="Collections">
<arg>${json_data['results'][0]['login']}</arg>
<arg>${keyTwo}</arg>
<doc>Fails if ``key`` is not found from ``dictionary``.</doc>
<status status="PASS" start="2024-06-20T17:12:55.778245" elapsed="0.000372"/>
</kw>
<kw name="Dictionary Should Contain Key" owner="Collections">
<arg>${json_data['results'][0]['login']}</arg>
<arg>${keyTwo}</arg>
<doc>Fails if ``key`` is not found from ``dictionary``.</doc>
<status status="PASS" start="2024-06-20T17:12:55.778799" elapsed="0.000375"/>
</kw>
<kw name="Log" owner="BuiltIn">
<msg time="2024-06-20T17:12:55.779463" level="INFO">username</msg>
<arg>${keyTwo}</arg>
<doc>Logs the given message with the given level.</doc>
<status status="PASS" start="2024-06-20T17:12:55.779347" elapsed="0.000153"/>
</kw>
<var name="${keyTwo}">username</var>
<status status="PASS" start="2024-06-20T17:12:55.778140" elapsed="0.001579"/>
</iter>
<iter>
<kw name="Dictionary Should Contain Key" owner="Collections">
<arg>${json_data['results'][0]['login']}</arg>
<arg>${keyTwo}</arg>
<doc>Fails if ``key`` is not found from ``dictionary``.</doc>
<status status="PASS" start="2024-06-20T17:12:55.779996" elapsed="0.000377"/>
</kw>
<kw name="Dictionary Should Contain Key" owner="Collections">
<arg>${json_data['results'][0]['login']}</arg>
<arg>${keyTwo}</arg>
<doc>Fails if ``key`` is not found from ``dictionary``.</doc>
<status status="PASS" start="2024-06-20T17:12:55.780545" elapsed="0.000377"/>
</kw>
<kw name="Log" owner="BuiltIn">
<msg time="2024-06-20T17:12:55.781210" level="INFO">password</msg>
<arg>${keyTwo}</arg>
<doc>Logs the given message with the given level.</doc>
<status status="PASS" start="2024-06-20T17:12:55.781095" elapsed="0.000150"/>
</kw>
<var name="${keyTwo}">password</var>
<status status="PASS" start="2024-06-20T17:12:55.779887" elapsed="0.001662"/>
</iter>
<var>${keyTwo}</var>
<value>@{expected_keysTwo}</value>
<status status="PASS" start="2024-06-20T17:12:55.777991" elapsed="0.003678"/>
</for>
<status status="PASS" start="2024-06-20T17:12:55.676270" elapsed="0.105572"/>
</kw>
<doc>Testa a estrutura da resposta da API.</doc>
<tag>testeEstruturaResposta</tag>
<status status="PASS" start="2024-06-20T17:12:55.675669" elapsed="0.106329"/>
</test>
<test id="s1-s1-t4" name="Validar tipos de dados" line="28">
<kw name="Teste de Tipos de Dados" owner="random-user-service">
<kw name="GET On Session" owner="RequestsLibrary">
<msg time="2024-06-20T17:12:55.892734" level="INFO">GET Request : url=https://randomuser.me/api 
 path_url=/api 
 headers={'User-Agent': 'python-requests/2.32.3', 'Accept-Encoding': 'gzip, deflate', 'Accept': '*/*', 'Connection': 'keep-alive'} 
 body=None 
 </msg>
<msg time="2024-06-20T17:12:55.892823" level="INFO">GET Response : url=https://randomuser.me/api 
 status=200, reason=OK 
 headers={'Date': 'Thu, 20 Jun 2024 17:12:55 GMT', 'Content-Type': 'application/json; charset=utf-8', 'Transfer-Encoding': 'chunked', 'Connection': 'keep-alive', 'X-Powered-By': 'Express', 'Access-Control-Allow-Origin': '*', 'Cache-Control': 'no-cache', 'ETag': 'W/"48a-+6bPGXzDbqMwT2hobcmMnQphCeE"', 'Vary': 'Accept-Encoding', 'Content-Encoding': 'gzip', 'CF-Cache-Status': 'DYNAMIC', 'Report-To': '{"endpoints":[{"url":"https:\\/\\/a.nel.cloudflare.com\\/report\\/v4?s=Qbchv2yH1TYHyGXvUSTe8mqcrlQXVi3kZiYjrT%2BGj06Lq%2Bzk0DI7izo%2F5KJMYXKrW%2BAH4WliSLXd0k9TdQlQa0dw3%2F9M46z3n0AATHaY9VJ3bGhb9NEezSCfHcDDLGMX"}],"group":"cf-nel","max_age":604800}', 'NEL': '{"success_fraction":0,"report_to":"cf-nel","max_age":604800}', 'Server': 'cloudflare', 'CF-RAY': '896d62f4a93e2320-SJC', 'alt-svc': 'h3=":443"; ma=86400'} 
 body={"results":[{"gender":"female","name":{"title":"Mrs","first":"Karianne","last":"Haddal"},"location":{"street":{"number":1051,"name":"Thor Olsens gate"},"city":"Bjørkelangen","state":"Troms - Romsa","country":"Norway","postcode":"4069","coordinates":{"latitude":"41.5572","longitude":"69.5090"},"timezone":{"offset":"+9:30","description":"Adelaide, Darwin"}},"email":"karianne.haddal@example.com","login":{"uuid":"746e1d0d-718b-4fab-b260-641fb820d7ea","username":"angrygorilla367","password":"hammer","salt":"hGT9PUCj","md5":"7b501c4ec3c33a20bcc286f5ea521a33","sha1":"6d8ed6f429340aca54935cca59d5189884877af0","sha256":"a980ccb42548b6ed559241d38c7f72ceeef4976090d41816933faa8ec9f8699e"},"dob":{"date":"1950-11-01T23:44:34.532Z","age":73},"registered":{"date":"2022-02-22T19:59:42.946Z","age":2},"phone":"61084968","cell":"42487377","id":{"name":"FN","value":"01115041025"},"picture":{"large":"https://randomuser.me/api/portraits/women/68.jpg","medium":"https://randomuser.me/api/portraits/med/women/68.jpg","thumbnail":"https://randomuser.me/api/portraits/thumb/women/68.jpg"},"nat":"NO"}],"info":{"seed":"9ec34d22b63a029a","results":1,"page":1,"version":"1.4"}} 
 </msg>
<msg time="2024-06-20T17:12:55.892905" level="INFO">/opt/hostedtoolcache/Python/3.12.4/x64/lib/python3.12/site-packages/urllib3/connectionpool.py:1099: InsecureRequestWarning: Unverified HTTPS request is being made to host 'randomuser.me'. Adding certificate verification is strongly advised. See: https://urllib3.readthedocs.io/en/latest/advanced-usage.html#tls-warnings
  warnings.warn(</msg>
<msg time="2024-06-20T17:12:55.893029" level="INFO">${response} = &lt;Response [200]&gt;</msg>
<var>${response}</var>
<arg>consultarAPI</arg>
<arg>/api</arg>
<doc>Sends a GET request on a previously created HTTP Session.</doc>
<status status="PASS" start="2024-06-20T17:12:55.784484" elapsed="0.108596"/>
</kw>
<kw name="Set Variable" owner="BuiltIn">
<msg time="2024-06-20T17:12:55.894303" level="INFO">${json_data} = {'results': [{'gender': 'female', 'name': {'title': 'Mrs', 'first': 'Karianne', 'last': 'Haddal'}, 'location': {'street': {'number': 1051, 'name': 'Thor Olsens gate'}, 'city': 'Bjørkelangen', 'state':...</msg>
<var>${json_data}</var>
<arg>${response.json()}</arg>
<doc>Returns the given values which can then be assigned to a variables.</doc>
<status status="PASS" start="2024-06-20T17:12:55.893647" elapsed="0.000684"/>
</kw>
<kw name="Log" owner="BuiltIn">
<msg time="2024-06-20T17:12:55.894791" level="INFO">{'results': [{'gender': 'female', 'name': {'title': 'Mrs', 'first': 'Karianne', 'last': 'Haddal'}, 'location': {'street': {'number': 1051, 'name': 'Thor Olsens gate'}, 'city': 'Bjørkelangen', 'state': 'Troms - Romsa', 'country': 'Norway', 'postcode': '4069', 'coordinates': {'latitude': '41.5572', 'longitude': '69.5090'}, 'timezone': {'offset': '+9:30', 'description': 'Adelaide, Darwin'}}, 'email': 'karianne.haddal@example.com', 'login': {'uuid': '746e1d0d-718b-4fab-b260-641fb820d7ea', 'username': 'angrygorilla367', 'password': 'hammer', 'salt': 'hGT9PUCj', 'md5': '7b501c4ec3c33a20bcc286f5ea521a33', 'sha1': '6d8ed6f429340aca54935cca59d5189884877af0', 'sha256': 'a980ccb42548b6ed559241d38c7f72ceeef4976090d41816933faa8ec9f8699e'}, 'dob': {'date': '1950-11-01T23:44:34.532Z', 'age': 73}, 'registered': {'date': '2022-02-22T19:59:42.946Z', 'age': 2}, 'phone': '61084968', 'cell': '42487377', 'id': {'name': 'FN', 'value': '01115041025'}, 'picture': {'large': 'https://randomuser.me/api/portraits/women/68.jpg', 'medium': 'https://randomuser.me/api/portraits/med/women/68.jpg', 'thumbnail': 'https://randomuser.me/api/portraits/thumb/women/68.jpg'}, 'nat': 'NO'}], 'info': {'seed': '9ec34d22b63a029a', 'results': 1, 'page': 1, 'version': '1.4'}}</msg>
<arg>${json_data}</arg>
<doc>Logs the given message with the given level.</doc>
<status status="PASS" start="2024-06-20T17:12:55.894635" elapsed="0.000203"/>
</kw>
<kw name="Should Be String" owner="String">
<arg>${json_data['results'][0]['gender']}</arg>
<doc>Fails if the given ``item`` is not a string.</doc>
<status status="PASS" start="2024-06-20T17:12:55.895140" elapsed="0.000359"/>
</kw>
<kw name="Should Match Regexp" owner="BuiltIn">
<arg>${json_data['results'][0]['email']}</arg>
<arg>^[a-zA-Z0-9._%+-]+@[a-zA-Z0-9.-]+\.[a-zA-Z]{2,}$</arg>
<doc>Fails if ``string`` does not match ``pattern`` as a regular expression.</doc>
<status status="PASS" start="2024-06-20T17:12:55.895687" elapsed="0.000547"/>
</kw>
<kw name="Should Match Regexp" owner="BuiltIn">
<arg>${json_data['results'][0]['dob']['date']}</arg>
<arg>\\d{4}-\\d{2}-\\d{2}T\\d{2}:\\d{2}:\\d{2}\\.\\d{3}Z</arg>
<doc>Fails if ``string`` does not match ``pattern`` as a regular expression.</doc>
<status status="PASS" start="2024-06-20T17:12:55.896433" elapsed="0.000492"/>
</kw>
<kw name="Should Match Regexp" owner="BuiltIn">
<arg>${json_data['results'][0]['registered']['date']}</arg>
<arg>\\d{4}-\\d{2}-\\d{2}T\\d{2}:\\d{2}:\\d{2}\\.\\d{3}Z</arg>
<doc>Fails if ``string`` does not match ``pattern`` as a regular expression.</doc>
<status status="PASS" start="2024-06-20T17:12:55.897115" elapsed="0.000371"/>
</kw>
<kw name="Should Match Regexp" owner="BuiltIn">
<arg>${json_data['results'][0]['picture']['large']}</arg>
<arg>^https?://.*\.(?:png|jpe?g|gif|bmp)$</arg>
<doc>Fails if ``string`` does not match ``pattern`` as a regular expression.</doc>
<status status="PASS" start="2024-06-20T17:12:55.897671" elapsed="0.000493"/>
</kw>
<kw name="Should Match Regexp" owner="BuiltIn">
<arg>${json_data['results'][0]['picture']['medium']}</arg>
<arg>^https?://.*\.(?:png|jpe?g|gif|bmp)$</arg>
<doc>Fails if ``string`` does not match ``pattern`` as a regular expression.</doc>
<status status="PASS" start="2024-06-20T17:12:55.898349" elapsed="0.000356"/>
</kw>
<kw name="Should Match Regexp" owner="BuiltIn">
<arg>${json_data['results'][0]['picture']['thumbnail']}</arg>
<arg>^https?://.*\.(?:png|jpe?g|gif|bmp)$</arg>
<doc>Fails if ``string`` does not match ``pattern`` as a regular expression.</doc>
<status status="PASS" start="2024-06-20T17:12:55.898885" elapsed="0.000344"/>
</kw>
<kw name="Log" owner="BuiltIn">
<msg time="2024-06-20T17:12:55.899731" level="INFO">{'large': 'https://randomuser.me/api/portraits/women/68.jpg', 'medium': 'https://randomuser.me/api/portraits/med/women/68.jpg', 'thumbnail': 'https://randomuser.me/api/portraits/thumb/women/68.jpg'}</msg>
<arg>${json_data['results'][0]['picture']}</arg>
<doc>Logs the given message with the given level.</doc>
<status status="PASS" start="2024-06-20T17:12:55.899404" elapsed="0.000368"/>
</kw>
<status status="PASS" start="2024-06-20T17:12:55.784261" elapsed="0.115766"/>
</kw>
<kw name="Teste de Tipos de Dados - Postcode" owner="random-user-service">
<kw name="GET On Session" owner="RequestsLibrary">
<msg time="2024-06-20T17:12:56.005874" level="INFO">GET Request : url=https://randomuser.me/api 
 path_url=/api 
 headers={'User-Agent': 'python-requests/2.32.3', 'Accept-Encoding': 'gzip, deflate', 'Accept': '*/*', 'Connection': 'keep-alive'} 
 body=None 
 </msg>
<msg time="2024-06-20T17:12:56.005990" level="INFO">GET Response : url=https://randomuser.me/api 
 status=200, reason=OK 
 headers={'Date': 'Thu, 20 Jun 2024 17:12:56 GMT', 'Content-Type': 'application/json; charset=utf-8', 'Transfer-Encoding': 'chunked', 'Connection': 'keep-alive', 'X-Powered-By': 'Express', 'Access-Control-Allow-Origin': '*', 'Cache-Control': 'no-cache', 'ETag': 'W/"48c-ND5l/2FTkB938cYA1KlwfKUw/vA"', 'Vary': 'Accept-Encoding', 'Content-Encoding': 'gzip', 'CF-Cache-Status': 'DYNAMIC', 'Report-To': '{"endpoints":[{"url":"https:\\/\\/a.nel.cloudflare.com\\/report\\/v4?s=%2F9Ybqb7lYZ2cH6fJMtC0NO5EU35AbehjwyIjhcOCS2Y%2BZaPAcuFLcEgSO1RhbqveviZnGYy8uKlGELp9G%2BNXiSn2GH0UFgWgjC%2FtVRvERDnVd8EcYSoXVH4DUJIhOkBp"}],"group":"cf-nel","max_age":604800}', 'NEL': '{"success_fraction":0,"report_to":"cf-nel","max_age":604800}', 'Server': 'cloudflare', 'CF-RAY': '896d62f56a192320-SJC', 'alt-svc': 'h3=":443"; ma=86400'} 
 body={"results":[{"gender":"female","name":{"title":"Ms","first":"دینا","last":"احمدی"},"location":{"street":{"number":61,"name":"خالد اسلامبولی"},"city":"آمل","state":"مازندران","country":"Iran","postcode":67267,"coordinates":{"latitude":"17.0330","longitude":"167.5591"},"timezone":{"offset":"+9:30","description":"Adelaide, Darwin"}},"email":"dyn.hmdy@example.com","login":{"uuid":"50de030a-aa0a-4039-92e0-6d8e4a7a10e2","username":"beautifulgorilla837","password":"thumper","salt":"NbOboJfj","md5":"ca4f2a02abf4b0b67adde0e0c470e249","sha1":"6345a2cc2c0168b9db11ee5e08ccf33feb8f31e4","sha256":"9638c84feb8061361de6dacc53b4c8e6c07dbf99973c573fd6a3450360b52298"},"dob":{"date":"1974-02-28T18:10:12.591Z","age":50},"registered":{"date":"2020-07-31T23:48:36.510Z","age":3},"phone":"064-61091904","cell":"0999-449-7894","id":{"name":"","value":null},"picture":{"large":"https://randomuser.me/api/portraits/women/27.jpg","medium":"https://randomuser.me/api/portraits/med/women/27.jpg","thumbnail":"https://randomuser.me/api/portraits/thumb/women/27.jpg"},"nat":"IR"}],"info":{"seed":"f946b1133c3f2c90","results":1,"page":1,"version":"1.4"}} 
 </msg>
<msg time="2024-06-20T17:12:56.006082" level="INFO">/opt/hostedtoolcache/Python/3.12.4/x64/lib/python3.12/site-packages/urllib3/connectionpool.py:1099: InsecureRequestWarning: Unverified HTTPS request is being made to host 'randomuser.me'. Adding certificate verification is strongly advised. See: https://urllib3.readthedocs.io/en/latest/advanced-usage.html#tls-warnings
  warnings.warn(</msg>
<msg time="2024-06-20T17:12:56.006218" level="INFO">${response} = &lt;Response [200]&gt;</msg>
<var>${response}</var>
<arg>consultarAPI</arg>
<arg>/api</arg>
<doc>Sends a GET request on a previously created HTTP Session.</doc>
<status status="PASS" start="2024-06-20T17:12:55.900468" elapsed="0.105800"/>
</kw>
<kw name="Set Variable" owner="BuiltIn">
<msg time="2024-06-20T17:12:56.007545" level="INFO">${json_data} = {'results': [{'gender': 'female', 'name': {'title': 'Ms', 'first': 'دینا', 'last': 'احمدی'}, 'location': {'street': {'number': 61, 'name': 'خالد اسلامبولی'}, 'city': 'آمل', 'state': 'مازندران', 'count...</msg>
<var>${json_data}</var>
<arg>${response.json()}</arg>
<doc>Returns the given values which can then be assigned to a variables.</doc>
<status status="PASS" start="2024-06-20T17:12:56.006949" elapsed="0.000626"/>
</kw>
<kw name="Log" owner="BuiltIn">
<msg time="2024-06-20T17:12:56.008039" level="INFO">{'results': [{'gender': 'female', 'name': {'title': 'Ms', 'first': 'دینا', 'last': 'احمدی'}, 'location': {'street': {'number': 61, 'name': 'خالد اسلامبولی'}, 'city': 'آمل', 'state': 'مازندران', 'country': 'Iran', 'postcode': 67267, 'coordinates': {'latitude': '17.0330', 'longitude': '167.5591'}, 'timezone': {'offset': '+9:30', 'description': 'Adelaide, Darwin'}}, 'email': 'dyn.hmdy@example.com', 'login': {'uuid': '50de030a-aa0a-4039-92e0-6d8e4a7a10e2', 'username': 'beautifulgorilla837', 'password': 'thumper', 'salt': 'NbOboJfj', 'md5': 'ca4f2a02abf4b0b67adde0e0c470e249', 'sha1': '6345a2cc2c0168b9db11ee5e08ccf33feb8f31e4', 'sha256': '9638c84feb8061361de6dacc53b4c8e6c07dbf99973c573fd6a3450360b52298'}, 'dob': {'date': '1974-02-28T18:10:12.591Z', 'age': 50}, 'registered': {'date': '2020-07-31T23:48:36.510Z', 'age': 3}, 'phone': '064-61091904', 'cell': '0999-449-7894', 'id': {'name': '', 'value': None}, 'picture': {'large': 'https://randomuser.me/api/portraits/women/27.jpg', 'medium': 'https://randomuser.me/api/portraits/med/women/27.jpg', 'thumbnail': 'https://randomuser.me/api/portraits/thumb/women/27.jpg'}, 'nat': 'IR'}], 'info': {'seed': 'f946b1133c3f2c90', 'results': 1, 'page': 1, 'version': '1.4'}}</msg>
<arg>${json_data}</arg>
<doc>Logs the given message with the given level.</doc>
<status status="PASS" start="2024-06-20T17:12:56.007877" elapsed="0.000212"/>
</kw>
<kw name="Should Be Equal As Numbers" owner="BuiltIn">
<arg>${json_data['results'][0]['location']['postcode']}</arg>
<arg>${json_data['results'][0]['location']['postcode']}</arg>
<doc>Fails if objects are unequal after converting them to real numbers.</doc>
<status status="PASS" start="2024-06-20T17:12:56.008396" elapsed="0.000637"/>
</kw>
<kw name="Log" owner="BuiltIn">
<msg time="2024-06-20T17:12:56.009785" level="INFO">67267</msg>
<arg>${json_data['results'][0]['location']['postcode']}</arg>
<doc>Logs the given message with the given level.</doc>
<status status="PASS" start="2024-06-20T17:12:56.009219" elapsed="0.000656"/>
</kw>
<status status="PASS" start="2024-06-20T17:12:55.900246" elapsed="0.109907"/>
</kw>
<doc>Testa se os tipos de dados na resposta da API estão corretos.</doc>
<tag>testeTiposDados</tag>
<status status="PASS" start="2024-06-20T17:12:55.783719" elapsed="0.226598"/>
</test>
<test id="s1-s1-t5" name="Validar conteudo" line="35">
<kw name="Teste de Tipos de Conteudo" owner="random-user-service">
<kw name="GET On Session" owner="RequestsLibrary">
<msg time="2024-06-20T17:12:56.103108" level="INFO">GET Request : url=https://randomuser.me/api 
 path_url=/api 
 headers={'User-Agent': 'python-requests/2.32.3', 'Accept-Encoding': 'gzip, deflate', 'Accept': '*/*', 'Connection': 'keep-alive'} 
 body=None 
 </msg>
<msg time="2024-06-20T17:12:56.103220" level="INFO">GET Response : url=https://randomuser.me/api 
 status=200, reason=OK 
 headers={'Date': 'Thu, 20 Jun 2024 17:12:56 GMT', 'Content-Type': 'application/json; charset=utf-8', 'Transfer-Encoding': 'chunked', 'Connection': 'keep-alive', 'X-Powered-By': 'Express', 'Access-Control-Allow-Origin': '*', 'Cache-Control': 'no-cache', 'ETag': 'W/"4a5-dv5aW84n3g69V/FS5RnCEhBOkoI"', 'Vary': 'Accept-Encoding', 'Content-Encoding': 'gzip', 'CF-Cache-Status': 'DYNAMIC', 'Report-To': '{"endpoints":[{"url":"https:\\/\\/a.nel.cloudflare.com\\/report\\/v4?s=oUNNLVsu3mL1dju%2Be5e9RqAL2zQ0uUGCo924zZ0X3x2QVov%2BAfN4MPiXzLVcTudI6wQNWGoCauGWGPc8pV2GHI4eiJciZV0bWwj%2FnAL%2FjmViaPyU70NO%2FzDFuGFhjhHA"}],"group":"cf-nel","max_age":604800}', 'NEL': '{"success_fraction":0,"report_to":"cf-nel","max_age":604800}', 'Server': 'cloudflare', 'CF-RAY': '896d62f61ae62320-SJC', 'alt-svc': 'h3=":443"; ma=86400'} 
 body={"results":[{"gender":"female","name":{"title":"Ms","first":"Carmen","last":"Barela"},"location":{"street":{"number":9503,"name":"Cerrada Tlaxcala"},"city":"Hueytamalco","state":"Queretaro","country":"Mexico","postcode":86340,"coordinates":{"latitude":"26.6799","longitude":"47.2460"},"timezone":{"offset":"+9:00","description":"Tokyo, Seoul, Osaka, Sapporo, Yakutsk"}},"email":"carmen.barela@example.com","login":{"uuid":"31def55a-d062-4466-9539-612af93bc098","username":"purplegorilla182","password":"cassie","salt":"aBlrAyKv","md5":"55c86389270b9c279bd90fb61bdf639a","sha1":"8a0670aa76900593aed98655cb8f62da7db70331","sha256":"07ba1cfa6a3e87065c4cf19073491e7dd948a19285c6fc48b188ef3a9d507cc7"},"dob":{"date":"1954-09-29T08:45:35.784Z","age":69},"registered":{"date":"2014-11-15T01:02:46.445Z","age":9},"phone":"(662) 780 5521","cell":"(614) 503 0980","id":{"name":"NSS","value":"51 86 12 5393 7"},"picture":{"large":"https://randomuser.me/api/portraits/women/95.jpg","medium":"https://randomuser.me/api/portraits/med/women/95.jpg","thumbnail":"https://randomuser.me/api/portraits/thumb/women/95.jpg"},"nat":"MX"}],"info":{"seed":"4b918fb2c7c99d2e","results":1,"page":1,"version":"1.4"}} 
 </msg>
<msg time="2024-06-20T17:12:56.103305" level="INFO">/opt/hostedtoolcache/Python/3.12.4/x64/lib/python3.12/site-packages/urllib3/connectionpool.py:1099: InsecureRequestWarning: Unverified HTTPS request is being made to host 'randomuser.me'. Adding certificate verification is strongly advised. See: https://urllib3.readthedocs.io/en/latest/advanced-usage.html#tls-warnings
  warnings.warn(</msg>
<msg time="2024-06-20T17:12:56.103446" level="INFO">${response} = &lt;Response [200]&gt;</msg>
<var>${response}</var>
<arg>consultarAPI</arg>
<arg>/api</arg>
<doc>Sends a GET request on a previously created HTTP Session.</doc>
<status status="PASS" start="2024-06-20T17:12:56.013213" elapsed="0.090282"/>
</kw>
<kw name="Set Variable" owner="BuiltIn">
<msg time="2024-06-20T17:12:56.104817" level="INFO">${json_data} = {'results': [{'gender': 'female', 'name': {'title': 'Ms', 'first': 'Carmen', 'last': 'Barela'}, 'location': {'street': {'number': 9503, 'name': 'Cerrada Tlaxcala'}, 'city': 'Hueytamalco', 'state': 'Qu...</msg>
<var>${json_data}</var>
<arg>${response.json()}</arg>
<doc>Returns the given values which can then be assigned to a variables.</doc>
<status status="PASS" start="2024-06-20T17:12:56.104171" elapsed="0.000675"/>
</kw>
<kw name="Set Variable" owner="BuiltIn">
<msg time="2024-06-20T17:12:56.105536" level="INFO">${name_title} = Ms</msg>
<var>${name_title}</var>
<arg>${json_data["results"][0]["name"]["title"]}</arg>
<doc>Returns the given values which can then be assigned to a variables.</doc>
<status status="PASS" start="2024-06-20T17:12:56.105152" elapsed="0.000409"/>
</kw>
<kw name="Create List" owner="BuiltIn">
<msg time="2024-06-20T17:12:56.106058" level="INFO">${allowed_titles} = ['Mr', 'Ms', 'Miss', 'Mrs', 'Madame', 'Monsieur']</msg>
<var>${allowed_titles}</var>
<arg>Mr</arg>
<arg>Ms</arg>
<arg>Miss</arg>
<arg>Mrs</arg>
<arg>Madame</arg>
<arg>Monsieur</arg>
<doc>Returns a list containing given items.</doc>
<status status="PASS" start="2024-06-20T17:12:56.105897" elapsed="0.000186"/>
</kw>
<kw name="List Should Contain Value" owner="Collections">
<arg>${allowed_titles}</arg>
<arg>${name_title}</arg>
<doc>Fails if the ``value`` is not found from ``list``.</doc>
<status status="PASS" start="2024-06-20T17:12:56.106382" elapsed="0.000178"/>
</kw>
<kw name="Set Variable" owner="BuiltIn">
<msg time="2024-06-20T17:12:56.107130" level="INFO">${name_country} = MX</msg>
<var>${name_country}</var>
<arg>${json_data["results"][0]["nat"]}</arg>
<doc>Returns the given values which can then be assigned to a variables.</doc>
<status status="PASS" start="2024-06-20T17:12:56.106738" elapsed="0.000418"/>
</kw>
<kw name="Create List" owner="BuiltIn">
<msg time="2024-06-20T17:12:56.108047" level="INFO">${list_country} = ['AD', 'AE', 'AF', 'AG', 'AI', 'AL', 'AM', 'AO', 'AQ', 'AR', 'AS', 'AT', 'AU', 'AW', 'AX', 'AZ', 'BA', 'BB', 'BD', 'BE', 'BF', 'BG', 'BH', 'BI', 'BJ', 'BL', 'BM', 'BN', 'BO', 'BQ', 'BR', 'BS', 'BT', '...</msg>
<var>${list_country}</var>
<arg>AD</arg>
<arg>AE</arg>
<arg>AF</arg>
<arg>AG</arg>
<arg>AI</arg>
<arg>AL</arg>
<arg>AM</arg>
<arg>AO</arg>
<arg>AQ</arg>
<arg>AR</arg>
<arg>AS</arg>
<arg>AT</arg>
<arg>AU</arg>
<arg>AW</arg>
<arg>AX</arg>
<arg>AZ</arg>
<arg>BA</arg>
<arg>BB</arg>
<arg>BD</arg>
<arg>BE</arg>
<arg>BF</arg>
<arg>BG</arg>
<arg>BH</arg>
<arg>BI</arg>
<arg>BJ</arg>
<arg>BL</arg>
<arg>BM</arg>
<arg>BN</arg>
<arg>BO</arg>
<arg>BQ</arg>
<arg>BR</arg>
<arg>BS</arg>
<arg>BT</arg>
<arg>BV</arg>
<arg>BW</arg>
<arg>BY</arg>
<arg>BZ</arg>
<arg>CA</arg>
<arg>CC</arg>
<arg>CD</arg>
<arg>CF</arg>
<arg>CG</arg>
<arg>CH</arg>
<arg>CI</arg>
<arg>CK</arg>
<arg>CL</arg>
<arg>CM</arg>
<arg>CN</arg>
<arg>CO</arg>
<arg>CR</arg>
<arg>CU</arg>
<arg>CV</arg>
<arg>CW</arg>
<arg>CX</arg>
<arg>CY</arg>
<arg>CZ</arg>
<arg>DE</arg>
<arg>DJ</arg>
<arg>DK</arg>
<arg>DM</arg>
<arg>DO</arg>
<arg>DZ</arg>
<arg>EC</arg>
<arg>EE</arg>
<arg>EG</arg>
<arg>EH</arg>
<arg>ER</arg>
<arg>ES</arg>
<arg>ET</arg>
<arg>FI</arg>
<arg>FJ</arg>
<arg>FK</arg>
<arg>FM</arg>
<arg>FO</arg>
<arg>FR</arg>
<arg>GA</arg>
<arg>GB</arg>
<arg>GD</arg>
<arg>GE</arg>
<arg>GF</arg>
<arg>GG</arg>
<arg>GH</arg>
<arg>GI</arg>
<arg>GL</arg>
<arg>GM</arg>
<arg>GN</arg>
<arg>GP</arg>
<arg>GQ</arg>
<arg>GR</arg>
<arg>GS</arg>
<arg>GT</arg>
<arg>GU</arg>
<arg>GW</arg>
<arg>GY</arg>
<arg>HK</arg>
<arg>HM</arg>
<arg>HN</arg>
<arg>HR</arg>
<arg>HT</arg>
<arg>HU</arg>
<arg>ID</arg>
<arg>IE</arg>
<arg>IL</arg>
<arg>IM</arg>
<arg>IN</arg>
<arg>IO</arg>
<arg>IQ</arg>
<arg>IR</arg>
<arg>IS</arg>
<arg>IT</arg>
<arg>JE</arg>
<arg>JM</arg>
<arg>JO</arg>
<arg>JP</arg>
<arg>KE</arg>
<arg>KG</arg>
<arg>KH</arg>
<arg>KI</arg>
<arg>KM</arg>
<arg>KN</arg>
<arg>KP</arg>
<arg>KR</arg>
<arg>KW</arg>
<arg>KY</arg>
<arg>KZ</arg>
<arg>LA</arg>
<arg>LB</arg>
<arg>LC</arg>
<arg>LI</arg>
<arg>LK</arg>
<arg>LR</arg>
<arg>LS</arg>
<arg>LT</arg>
<arg>LU</arg>
<arg>LV</arg>
<arg>LY</arg>
<arg>MA</arg>
<arg>MC</arg>
<arg>MD</arg>
<arg>ME</arg>
<arg>MF</arg>
<arg>MG</arg>
<arg>MH</arg>
<arg>MK</arg>
<arg>ML</arg>
<arg>MM</arg>
<arg>MN</arg>
<arg>MO</arg>
<arg>MP</arg>
<arg>MQ</arg>
<arg>MR</arg>
<arg>MS</arg>
<arg>MT</arg>
<arg>MU</arg>
<arg>MV</arg>
<arg>MW</arg>
<arg>MX</arg>
<arg>MY</arg>
<arg>MZ</arg>
<arg>NA</arg>
<arg>NC</arg>
<arg>NE</arg>
<arg>NF</arg>
<arg>NG</arg>
<arg>NI</arg>
<arg>NL</arg>
<arg>NO</arg>
<arg>NP</arg>
<arg>NR</arg>
<arg>NU</arg>
<arg>NZ</arg>
<arg>OM</arg>
<arg>PA</arg>
<arg>PE</arg>
<arg>PF</arg>
<arg>PG</arg>
<arg>PH</arg>
<arg>PK</arg>
<arg>PL</arg>
<arg>PM</arg>
<arg>PN</arg>
<arg>PR</arg>
<arg>PS</arg>
<arg>PT</arg>
<arg>PW</arg>
<arg>PY</arg>
<arg>QA</arg>
<arg>RE</arg>
<arg>RO</arg>
<arg>RS</arg>
<arg>RU</arg>
<arg>RW</arg>
<arg>SA</arg>
<arg>SB</arg>
<arg>SC</arg>
<arg>SD</arg>
<arg>SE</arg>
<arg>SG</arg>
<arg>SH</arg>
<arg>SI</arg>
<arg>SJ</arg>
<arg>SK</arg>
<arg>SL</arg>
<arg>SM</arg>
<arg>SN</arg>
<arg>SO</arg>
<arg>SR</arg>
<arg>SS</arg>
<arg>ST</arg>
<arg>SV</arg>
<arg>SX</arg>
<arg>SY</arg>
<arg>SZ</arg>
<arg>TC</arg>
<arg>TD</arg>
<arg>TF</arg>
<arg>TG</arg>
<arg>TH</arg>
<arg>TJ</arg>
<arg>TK</arg>
<arg>TL</arg>
<arg>TM</arg>
<arg>TN</arg>
<arg>TO</arg>
<arg>TR</arg>
<arg>TT</arg>
<arg>TV</arg>
<arg>TW</arg>
<arg>TZ</arg>
<arg>UA</arg>
<arg>UG</arg>
<arg>UM</arg>
<arg>US</arg>
<arg>UY</arg>
<arg>UZ</arg>
<arg>VA</arg>
<arg>VC</arg>
<arg>VE</arg>
<arg>VG</arg>
<arg>VI</arg>
<arg>VN</arg>
<arg>VU</arg>
<arg>WF</arg>
<arg>WS</arg>
<arg>XK</arg>
<arg>YE</arg>
<arg>YT</arg>
<arg>ZA</arg>
<arg>ZM</arg>
<arg>ZW</arg>
<doc>Returns a list containing given items.</doc>
<status status="PASS" start="2024-06-20T17:12:56.107445" elapsed="0.000627"/>
</kw>
<kw name="List Should Contain Value" owner="Collections">
<arg>${list_country}</arg>
<arg>${name_country}</arg>
<doc>Fails if the ``value`` is not found from ``list``.</doc>
<status status="PASS" start="2024-06-20T17:12:56.108863" elapsed="0.000223"/>
</kw>
<kw name="Run Keyword If" owner="BuiltIn">
<kw name="Should Be True" owner="BuiltIn">
<arg>${True}</arg>
<doc>Fails if the given condition is not true.</doc>
<status status="PASS" start="2024-06-20T17:12:56.110078" elapsed="0.000156"/>
</kw>
<arg>${json_data["results"][0]["location"]["coordinates"]["latitude"]} &gt;= -90 and ${json_data["results"][0]["location"]["coordinates"]["latitude"]} &lt;= 90</arg>
<arg>Should Be True</arg>
<arg>${True}</arg>
<doc>Runs the given keyword with the given arguments, if ``condition`` is true.</doc>
<status status="PASS" start="2024-06-20T17:12:56.109297" elapsed="0.001061"/>
</kw>
<kw name="Run Keyword If" owner="BuiltIn">
<kw name="Should Be True" owner="BuiltIn">
<arg>${True}</arg>
<doc>Fails if the given condition is not true.</doc>
<status status="PASS" start="2024-06-20T17:12:56.111221" elapsed="0.000242"/>
</kw>
<arg>${json_data["results"][0]["location"]["coordinates"]["longitude"]} &gt;= -180 and ${json_data["results"][0]["location"]["coordinates"]["longitude"]} &lt;= 180</arg>
<arg>Should Be True</arg>
<arg>${True}</arg>
<doc>Runs the given keyword with the given arguments, if ``condition`` is true.</doc>
<status status="PASS" start="2024-06-20T17:12:56.110538" elapsed="0.001054"/>
</kw>
<status status="PASS" start="2024-06-20T17:12:56.012841" elapsed="0.098883"/>
</kw>
<doc>Testa o conteúdo específico dos campos retornados pela API.</doc>
<tag>testeConteudo</tag>
<status status="PASS" start="2024-06-20T17:12:56.012156" elapsed="0.099719"/>
</test>
<status status="PASS" start="2024-06-20T17:12:54.821402" elapsed="1.292493"/>
</suite>
<status status="PASS" start="2024-06-20T17:12:54.807153" elapsed="1.311891"/>
</suite>
<statistics>
<total>
<stat pass="5" fail="0" skip="0">All Tests</stat>
</total>
<tag>
<stat pass="1" fail="0" skip="0">testeConteudo</stat>
<stat pass="1" fail="0" skip="0">testeEstruturaResposta</stat>
<stat pass="1" fail="0" skip="0">testeRequisicaoBasica</stat>
<stat pass="1" fail="0" skip="0">testeTiposDados</stat>
</tag>
<suite>
<stat pass="5" fail="0" skip="0" id="s1" name="Tests">Tests</stat>
<stat pass="5" fail="0" skip="0" id="s1-s1" name="Random-User-Test">Tests.Random-User-Test</stat>
</suite>
</statistics>
<errors>
</errors>
</robot>
