<?xml version="1.0" encoding="UTF-8"?>
<robot generator="Robot 7.0.1 (Python 3.12.4 on linux)" generated="2024-07-30T10:17:08.212885" rpa="false" schemaversion="5">
<suite id="s1" name="Tests" source="/home/runner/work/ApiRandomUser/ApiRandomUser/RamdonUser/tests">
<suite id="s1-s1" name="Random-User-Test" source="/home/runner/work/ApiRandomUser/ApiRandomUser/RamdonUser/tests/random-user-test.robot">
<test id="s1-s1-t1" name="Conectar" line="13">
<kw name="Conectar API" owner="random-user-service">
<kw name="Create Session" owner="RequestsLibrary">
<msg time="2024-07-30T10:17:08.625051" level="INFO">Creating Session using : alias=consultarAPI, url=https://randomuser.me/, headers={},                     cookies={}, auth=None, timeout=None, proxies=None, verify=False,                     debug=0 </msg>
<arg>consultarAPI</arg>
<arg>${URL}</arg>
<doc>Create Session: create a HTTP session to a server</doc>
<status status="PASS" start="2024-07-30T10:17:08.624846" elapsed="0.000391"/>
</kw>
<status status="PASS" start="2024-07-30T10:17:08.623792" elapsed="0.001807"/>
</kw>
<status status="PASS" start="2024-07-30T10:17:08.623211" elapsed="0.002584"/>
</test>
<test id="s1-s1-t2" name="Validar retorno 200 e JSON Válido" line="16">
<kw name="Teste de Requisicao Basica" owner="random-user-service">
<kw name="GET On Session" owner="RequestsLibrary">
<msg time="2024-07-30T10:17:08.695455" level="INFO">GET Request : url=https://randomuser.me/api 
 path_url=/api 
 headers={'User-Agent': 'python-requests/2.32.3', 'Accept-Encoding': 'gzip, deflate', 'Accept': '*/*', 'Connection': 'keep-alive'} 
 body=None 
 </msg>
<msg time="2024-07-30T10:17:08.695624" level="INFO">GET Response : url=https://randomuser.me/api 
 status=200, reason=OK 
 headers={'Date': 'Tue, 30 Jul 2024 10:17:08 GMT', 'Content-Type': 'application/json; charset=utf-8', 'Transfer-Encoding': 'chunked', 'Connection': 'keep-alive', 'X-Powered-By': 'Express', 'Access-Control-Allow-Origin': '*', 'Cache-Control': 'no-cache', 'ETag': 'W/"4b5-dC6F1yi98ckzPyeNWnkwxyhEoEY"', 'Vary': 'Accept-Encoding', 'Content-Encoding': 'gzip', 'CF-Cache-Status': 'DYNAMIC', 'Report-To': '{"endpoints":[{"url":"https:\\/\\/a.nel.cloudflare.com\\/report\\/v4?s=zc%2BEX4ITUEypPzLyryi9zxzqwalMiaGeMMuQsO6wbcteXpq8QLNI6lA1i755rtwqdtD1u%2BIKq0GN9fGBYGo9lmS1lZFdXlI94z26%2BaGxFrS%2B7kLhbTjsrk6Sv3hG4HjX"}],"group":"cf-nel","max_age":604800}', 'NEL': '{"success_fraction":0,"report_to":"cf-nel","max_age":604800}', 'Server': 'cloudflare', 'CF-RAY': '8ab498e52c76c96f-IAD', 'alt-svc': 'h3=":443"; ma=86400'} 
 body={"results":[{"gender":"male","name":{"title":"Mr","first":"Walter","last":"Gröne"},"location":{"street":{"number":3529,"name":"Kirchstraße"},"city":"Staufen im Breisgau","state":"Nordrhein-Westfalen","country":"Germany","postcode":98629,"coordinates":{"latitude":"-52.0864","longitude":"-71.2518"},"timezone":{"offset":"0:00","description":"Western Europe Time, London, Lisbon, Casablanca"}},"email":"walter.grone@example.com","login":{"uuid":"f4758d9f-d9a5-454f-acf9-f741fd7b0e3f","username":"yellowmeercat945","password":"shadow1","salt":"ZKOtvs76","md5":"36a19c5d748d2aace2ad97350fa5b8d7","sha1":"e78d9aac394f27d80d21704fcd0751d7e884d955","sha256":"4b14b3f74fb735d13158e63317925931fde50344f10080c78108815fa1a533c1"},"dob":{"date":"1972-09-29T01:51:42.247Z","age":51},"registered":{"date":"2007-06-11T16:23:11.082Z","age":17},"phone":"0984-7092980","cell":"0178-3203974","id":{"name":"SVNR","value":"52 280972 G 406"},"picture":{"large":"https://randomuser.me/api/portraits/men/11.jpg","medium":"https://randomuser.me/api/portraits/med/men/11.jpg","thumbnail":"https://randomuser.me/api/portraits/thumb/men/11.jpg"},"nat":"DE"}],"info":{"seed":"85c9f7173988f9d6","results":1,"page":1,"version":"1.4"}} 
 </msg>
<msg time="2024-07-30T10:17:08.695709" level="INFO">/opt/hostedtoolcache/Python/3.12.4/x64/lib/python3.12/site-packages/urllib3/connectionpool.py:1099: InsecureRequestWarning: Unverified HTTPS request is being made to host 'randomuser.me'. Adding certificate verification is strongly advised. See: https://urllib3.readthedocs.io/en/latest/advanced-usage.html#tls-warnings
  warnings.warn(</msg>
<msg time="2024-07-30T10:17:08.695845" level="INFO">${response} = &lt;Response [200]&gt;</msg>
<var>${response}</var>
<arg>consultarAPI</arg>
<arg>/api</arg>
<doc>Sends a GET request on a previously created HTTP Session.</doc>
<status status="PASS" start="2024-07-30T10:17:08.628415" elapsed="0.067473"/>
</kw>
<kw name="Should Be Equal As Numbers" owner="BuiltIn">
<msg time="2024-07-30T10:17:08.696881" level="INFO">Argument types are:
&lt;class 'int'&gt;
&lt;class 'str'&gt;</msg>
<arg>${response.status_code}</arg>
<arg>200</arg>
<doc>Fails if objects are unequal after converting them to real numbers.</doc>
<status status="PASS" start="2024-07-30T10:17:08.696421" elapsed="0.000525"/>
</kw>
<kw name="Log" owner="BuiltIn">
<msg time="2024-07-30T10:17:08.697626" level="INFO">200</msg>
<arg>${response.status_code}</arg>
<doc>Logs the given message with the given level.</doc>
<status status="PASS" start="2024-07-30T10:17:08.697264" elapsed="0.000405"/>
</kw>
<kw name="Set Variable" owner="BuiltIn">
<msg time="2024-07-30T10:17:08.698447" level="INFO">${json_data} = {'results': [{'gender': 'male', 'name': {'title': 'Mr', 'first': 'Walter', 'last': 'Gröne'}, 'location': {'street': {'number': 3529, 'name': 'Kirchstraße'}, 'city': 'Staufen im Breisgau', 'state': 'No...</msg>
<var>${json_data}</var>
<arg>${response.json()}</arg>
<doc>Returns the given values which can then be assigned to a variables.</doc>
<status status="PASS" start="2024-07-30T10:17:08.698000" elapsed="0.000476"/>
</kw>
<kw name="Dictionary Should Contain Key" owner="Collections">
<arg>${json_data}</arg>
<arg>results</arg>
<doc>Fails if ``key`` is not found from ``dictionary``.</doc>
<status status="PASS" start="2024-07-30T10:17:08.698784" elapsed="0.000335"/>
</kw>
<status status="PASS" start="2024-07-30T10:17:08.628169" elapsed="0.071111"/>
</kw>
<doc>Testa se a API responde corretamente e retorna um objeto JSON válido.</doc>
<tag>testeRequisicaoBasica</tag>
<status status="PASS" start="2024-07-30T10:17:08.627704" elapsed="0.071748"/>
</test>
<test id="s1-s1-t3" name="Validar estrutura de resposta" line="22">
<kw name="Teste de Estrutura de Resposta" owner="random-user-service">
<kw name="GET On Session" owner="RequestsLibrary">
<msg time="2024-07-30T10:17:08.796458" level="INFO">GET Request : url=https://randomuser.me/api 
 path_url=/api 
 headers={'User-Agent': 'python-requests/2.32.3', 'Accept-Encoding': 'gzip, deflate', 'Accept': '*/*', 'Connection': 'keep-alive'} 
 body=None 
 </msg>
<msg time="2024-07-30T10:17:08.796571" level="INFO">GET Response : url=https://randomuser.me/api 
 status=200, reason=OK 
 headers={'Date': 'Tue, 30 Jul 2024 10:17:08 GMT', 'Content-Type': 'application/json; charset=utf-8', 'Transfer-Encoding': 'chunked', 'Connection': 'keep-alive', 'X-Powered-By': 'Express', 'Access-Control-Allow-Origin': '*', 'Cache-Control': 'no-cache', 'ETag': 'W/"4aa-JESYImHwAE5VlaYzPSULDYoPf0c"', 'Vary': 'Accept-Encoding', 'Content-Encoding': 'gzip', 'CF-Cache-Status': 'DYNAMIC', 'Report-To': '{"endpoints":[{"url":"https:\\/\\/a.nel.cloudflare.com\\/report\\/v4?s=iQJMr7DPTlIkBC78NW0YWfBJUyFXzVOZctziGpRPsQ9Qv4rOsqkA1PxAyJbs3JWvDsT1AdOQSEwaIuERWNic%2B8XxzW%2BVqpnj8uIPUvs035Q%2BbTeEZV9PaZ8IuoompKRM"}],"group":"cf-nel","max_age":604800}', 'NEL': '{"success_fraction":0,"report_to":"cf-nel","max_age":604800}', 'Server': 'cloudflare', 'CF-RAY': '8ab498e56ce9c96f-IAD', 'alt-svc': 'h3=":443"; ma=86400'} 
 body={"results":[{"gender":"female","name":{"title":"Ms","first":"Barbara","last":"Calderón"},"location":{"street":{"number":987,"name":"Circunvalación Turquía"},"city":"Pastoria","state":"Estado de Mexico","country":"Mexico","postcode":76195,"coordinates":{"latitude":"26.4417","longitude":"147.8488"},"timezone":{"offset":"-8:00","description":"Pacific Time (US &amp; Canada)"}},"email":"barbara.calderon@example.com","login":{"uuid":"22c21695-b265-4eba-bb72-5854d7433928","username":"blackfrog555","password":"hornet","salt":"kxw5TO0S","md5":"4288f7faba87a676600926bf31122ce3","sha1":"d12aff5a787686cf796167d2ffa26d0fb4ab5e2e","sha256":"9f532212ffc9a29ecd44b37fd8c462f2c505cdeefc9cd8775a01be7be235f557"},"dob":{"date":"1962-09-26T20:04:54.875Z","age":61},"registered":{"date":"2007-04-24T16:39:53.261Z","age":17},"phone":"(642) 126 1558","cell":"(645) 702 5151","id":{"name":"NSS","value":"91 02 34 6056 8"},"picture":{"large":"https://randomuser.me/api/portraits/women/82.jpg","medium":"https://randomuser.me/api/portraits/med/women/82.jpg","thumbnail":"https://randomuser.me/api/portraits/thumb/women/82.jpg"},"nat":"MX"}],"info":{"seed":"4562e87e6c339719","results":1,"page":1,"version":"1.4"}} 
 </msg>
<msg time="2024-07-30T10:17:08.796728" level="INFO">/opt/hostedtoolcache/Python/3.12.4/x64/lib/python3.12/site-packages/urllib3/connectionpool.py:1099: InsecureRequestWarning: Unverified HTTPS request is being made to host 'randomuser.me'. Adding certificate verification is strongly advised. See: https://urllib3.readthedocs.io/en/latest/advanced-usage.html#tls-warnings
  warnings.warn(</msg>
<msg time="2024-07-30T10:17:08.796881" level="INFO">${response} = &lt;Response [200]&gt;</msg>
<var>${response}</var>
<arg>consultarAPI</arg>
<arg>/api</arg>
<doc>Sends a GET request on a previously created HTTP Session.</doc>
<status status="PASS" start="2024-07-30T10:17:08.702087" elapsed="0.094834"/>
</kw>
<kw name="Set Variable" owner="BuiltIn">
<msg time="2024-07-30T10:17:08.798152" level="INFO">${json_data} = {'results': [{'gender': 'female', 'name': {'title': 'Ms', 'first': 'Barbara', 'last': 'Calderón'}, 'location': {'street': {'number': 987, 'name': 'Circunvalación Turquía'}, 'city': 'Pastoria', 'state'...</msg>
<var>${json_data}</var>
<arg>${response.json()}</arg>
<doc>Returns the given values which can then be assigned to a variables.</doc>
<status status="PASS" start="2024-07-30T10:17:08.797553" elapsed="0.000630"/>
</kw>
<kw name="Log" owner="BuiltIn">
<msg time="2024-07-30T10:17:08.798683" level="INFO">{'results': [{'gender': 'female', 'name': {'title': 'Ms', 'first': 'Barbara', 'last': 'Calderón'}, 'location': {'street': {'number': 987, 'name': 'Circunvalación Turquía'}, 'city': 'Pastoria', 'state': 'Estado de Mexico', 'country': 'Mexico', 'postcode': 76195, 'coordinates': {'latitude': '26.4417', 'longitude': '147.8488'}, 'timezone': {'offset': '-8:00', 'description': 'Pacific Time (US &amp; Canada)'}}, 'email': 'barbara.calderon@example.com', 'login': {'uuid': '22c21695-b265-4eba-bb72-5854d7433928', 'username': 'blackfrog555', 'password': 'hornet', 'salt': 'kxw5TO0S', 'md5': '4288f7faba87a676600926bf31122ce3', 'sha1': 'd12aff5a787686cf796167d2ffa26d0fb4ab5e2e', 'sha256': '9f532212ffc9a29ecd44b37fd8c462f2c505cdeefc9cd8775a01be7be235f557'}, 'dob': {'date': '1962-09-26T20:04:54.875Z', 'age': 61}, 'registered': {'date': '2007-04-24T16:39:53.261Z', 'age': 17}, 'phone': '(642) 126 1558', 'cell': '(645) 702 5151', 'id': {'name': 'NSS', 'value': '91 02 34 6056 8'}, 'picture': {'large': 'https://randomuser.me/api/portraits/women/82.jpg', 'medium': 'https://randomuser.me/api/portraits/med/women/82.jpg', 'thumbnail': 'https://randomuser.me/api/portraits/thumb/women/82.jpg'}, 'nat': 'MX'}], 'info': {'seed': '4562e87e6c339719', 'results': 1, 'page': 1, 'version': '1.4'}}</msg>
<arg>${json_data}</arg>
<doc>Logs the given message with the given level.</doc>
<status status="PASS" start="2024-07-30T10:17:08.798506" elapsed="0.000234"/>
</kw>
<kw name="Dictionary Should Contain Key" owner="Collections">
<arg>${json_data}</arg>
<arg>results</arg>
<doc>Fails if ``key`` is not found from ``dictionary``.</doc>
<status status="PASS" start="2024-07-30T10:17:08.799044" elapsed="0.000175"/>
</kw>
<kw name="Should Not Be Empty" owner="BuiltIn">
<msg time="2024-07-30T10:17:08.799545" level="INFO">Length is 2.</msg>
<arg>${json_data}</arg>
<doc>Verifies that the given item is not empty.</doc>
<status status="PASS" start="2024-07-30T10:17:08.799412" elapsed="0.000173"/>
</kw>
<kw name="Create List" owner="BuiltIn">
<msg time="2024-07-30T10:17:08.800030" level="INFO">${expected_keys} = ['gender', 'name', 'location', 'email', 'login']</msg>
<var>${expected_keys}</var>
<arg>gender</arg>
<arg>name</arg>
<arg>location</arg>
<arg>email</arg>
<arg>login</arg>
<doc>Returns a list containing given items.</doc>
<status status="PASS" start="2024-07-30T10:17:08.799876" elapsed="0.000179"/>
</kw>
<for flavor="IN">
<iter>
<kw name="Dictionary Should Contain Key" owner="Collections">
<arg>${json_data['results'][0]}</arg>
<arg>${key}</arg>
<doc>Fails if ``key`` is not found from ``dictionary``.</doc>
<status status="PASS" start="2024-07-30T10:17:08.800651" elapsed="0.000411"/>
</kw>
<kw name="Log" owner="BuiltIn">
<msg time="2024-07-30T10:17:08.801615" level="INFO">{'gender': 'female', 'name': {'title': 'Ms', 'first': 'Barbara', 'last': 'Calderón'}, 'location': {'street': {'number': 987, 'name': 'Circunvalación Turquía'}, 'city': 'Pastoria', 'state': 'Estado de Mexico', 'country': 'Mexico', 'postcode': 76195, 'coordinates': {'latitude': '26.4417', 'longitude': '147.8488'}, 'timezone': {'offset': '-8:00', 'description': 'Pacific Time (US &amp; Canada)'}}, 'email': 'barbara.calderon@example.com', 'login': {'uuid': '22c21695-b265-4eba-bb72-5854d7433928', 'username': 'blackfrog555', 'password': 'hornet', 'salt': 'kxw5TO0S', 'md5': '4288f7faba87a676600926bf31122ce3', 'sha1': 'd12aff5a787686cf796167d2ffa26d0fb4ab5e2e', 'sha256': '9f532212ffc9a29ecd44b37fd8c462f2c505cdeefc9cd8775a01be7be235f557'}, 'dob': {'date': '1962-09-26T20:04:54.875Z', 'age': 61}, 'registered': {'date': '2007-04-24T16:39:53.261Z', 'age': 17}, 'phone': '(642) 126 1558', 'cell': '(645) 702 5151', 'id': {'name': 'NSS', 'value': '91 02 34 6056 8'}, 'picture': {'large': 'https://randomuser.me/api/portraits/women/82.jpg', 'medium': 'https://randomuser.me/api/portraits/med/women/82.jpg', 'thumbnail': 'https://randomuser.me/api/portraits/thumb/women/82.jpg'}, 'nat': 'MX'}</msg>
<arg>${json_data['results'][0]}</arg>
<doc>Logs the given message with the given level.</doc>
<status status="PASS" start="2024-07-30T10:17:08.801249" elapsed="0.000419"/>
</kw>
<kw name="Log" owner="BuiltIn">
<msg time="2024-07-30T10:17:08.802128" level="INFO">gender</msg>
<arg>${key}</arg>
<doc>Logs the given message with the given level.</doc>
<status status="PASS" start="2024-07-30T10:17:08.801994" elapsed="0.000174"/>
</kw>
<var name="${key}">gender</var>
<status status="PASS" start="2024-07-30T10:17:08.800516" elapsed="0.001874"/>
</iter>
<iter>
<kw name="Dictionary Should Contain Key" owner="Collections">
<arg>${json_data['results'][0]}</arg>
<arg>${key}</arg>
<doc>Fails if ``key`` is not found from ``dictionary``.</doc>
<status status="PASS" start="2024-07-30T10:17:08.802690" elapsed="0.000389"/>
</kw>
<kw name="Log" owner="BuiltIn">
<msg time="2024-07-30T10:17:08.803663" level="INFO">{'gender': 'female', 'name': {'title': 'Ms', 'first': 'Barbara', 'last': 'Calderón'}, 'location': {'street': {'number': 987, 'name': 'Circunvalación Turquía'}, 'city': 'Pastoria', 'state': 'Estado de Mexico', 'country': 'Mexico', 'postcode': 76195, 'coordinates': {'latitude': '26.4417', 'longitude': '147.8488'}, 'timezone': {'offset': '-8:00', 'description': 'Pacific Time (US &amp; Canada)'}}, 'email': 'barbara.calderon@example.com', 'login': {'uuid': '22c21695-b265-4eba-bb72-5854d7433928', 'username': 'blackfrog555', 'password': 'hornet', 'salt': 'kxw5TO0S', 'md5': '4288f7faba87a676600926bf31122ce3', 'sha1': 'd12aff5a787686cf796167d2ffa26d0fb4ab5e2e', 'sha256': '9f532212ffc9a29ecd44b37fd8c462f2c505cdeefc9cd8775a01be7be235f557'}, 'dob': {'date': '1962-09-26T20:04:54.875Z', 'age': 61}, 'registered': {'date': '2007-04-24T16:39:53.261Z', 'age': 17}, 'phone': '(642) 126 1558', 'cell': '(645) 702 5151', 'id': {'name': 'NSS', 'value': '91 02 34 6056 8'}, 'picture': {'large': 'https://randomuser.me/api/portraits/women/82.jpg', 'medium': 'https://randomuser.me/api/portraits/med/women/82.jpg', 'thumbnail': 'https://randomuser.me/api/portraits/thumb/women/82.jpg'}, 'nat': 'MX'}</msg>
<arg>${json_data['results'][0]}</arg>
<doc>Logs the given message with the given level.</doc>
<status status="PASS" start="2024-07-30T10:17:08.803297" elapsed="0.000429"/>
</kw>
<kw name="Log" owner="BuiltIn">
<msg time="2024-07-30T10:17:08.804157" level="INFO">name</msg>
<arg>${key}</arg>
<doc>Logs the given message with the given level.</doc>
<status status="PASS" start="2024-07-30T10:17:08.804027" elapsed="0.000169"/>
</kw>
<var name="${key}">name</var>
<status status="PASS" start="2024-07-30T10:17:08.802579" elapsed="0.001833"/>
</iter>
<iter>
<kw name="Dictionary Should Contain Key" owner="Collections">
<arg>${json_data['results'][0]}</arg>
<arg>${key}</arg>
<doc>Fails if ``key`` is not found from ``dictionary``.</doc>
<status status="PASS" start="2024-07-30T10:17:08.804700" elapsed="0.000387"/>
</kw>
<kw name="Log" owner="BuiltIn">
<msg time="2024-07-30T10:17:08.805631" level="INFO">{'gender': 'female', 'name': {'title': 'Ms', 'first': 'Barbara', 'last': 'Calderón'}, 'location': {'street': {'number': 987, 'name': 'Circunvalación Turquía'}, 'city': 'Pastoria', 'state': 'Estado de Mexico', 'country': 'Mexico', 'postcode': 76195, 'coordinates': {'latitude': '26.4417', 'longitude': '147.8488'}, 'timezone': {'offset': '-8:00', 'description': 'Pacific Time (US &amp; Canada)'}}, 'email': 'barbara.calderon@example.com', 'login': {'uuid': '22c21695-b265-4eba-bb72-5854d7433928', 'username': 'blackfrog555', 'password': 'hornet', 'salt': 'kxw5TO0S', 'md5': '4288f7faba87a676600926bf31122ce3', 'sha1': 'd12aff5a787686cf796167d2ffa26d0fb4ab5e2e', 'sha256': '9f532212ffc9a29ecd44b37fd8c462f2c505cdeefc9cd8775a01be7be235f557'}, 'dob': {'date': '1962-09-26T20:04:54.875Z', 'age': 61}, 'registered': {'date': '2007-04-24T16:39:53.261Z', 'age': 17}, 'phone': '(642) 126 1558', 'cell': '(645) 702 5151', 'id': {'name': 'NSS', 'value': '91 02 34 6056 8'}, 'picture': {'large': 'https://randomuser.me/api/portraits/women/82.jpg', 'medium': 'https://randomuser.me/api/portraits/med/women/82.jpg', 'thumbnail': 'https://randomuser.me/api/portraits/thumb/women/82.jpg'}, 'nat': 'MX'}</msg>
<arg>${json_data['results'][0]}</arg>
<doc>Logs the given message with the given level.</doc>
<status status="PASS" start="2024-07-30T10:17:08.805278" elapsed="0.000414"/>
</kw>
<kw name="Log" owner="BuiltIn">
<msg time="2024-07-30T10:17:08.806149" level="INFO">location</msg>
<arg>${key}</arg>
<doc>Logs the given message with the given level.</doc>
<status status="PASS" start="2024-07-30T10:17:08.806019" elapsed="0.000168"/>
</kw>
<var name="${key}">location</var>
<status status="PASS" start="2024-07-30T10:17:08.804591" elapsed="0.001817"/>
</iter>
<iter>
<kw name="Dictionary Should Contain Key" owner="Collections">
<arg>${json_data['results'][0]}</arg>
<arg>${key}</arg>
<doc>Fails if ``key`` is not found from ``dictionary``.</doc>
<status status="PASS" start="2024-07-30T10:17:08.806695" elapsed="0.000447"/>
</kw>
<kw name="Log" owner="BuiltIn">
<msg time="2024-07-30T10:17:08.808124" level="INFO">{'gender': 'female', 'name': {'title': 'Ms', 'first': 'Barbara', 'last': 'Calderón'}, 'location': {'street': {'number': 987, 'name': 'Circunvalación Turquía'}, 'city': 'Pastoria', 'state': 'Estado de Mexico', 'country': 'Mexico', 'postcode': 76195, 'coordinates': {'latitude': '26.4417', 'longitude': '147.8488'}, 'timezone': {'offset': '-8:00', 'description': 'Pacific Time (US &amp; Canada)'}}, 'email': 'barbara.calderon@example.com', 'login': {'uuid': '22c21695-b265-4eba-bb72-5854d7433928', 'username': 'blackfrog555', 'password': 'hornet', 'salt': 'kxw5TO0S', 'md5': '4288f7faba87a676600926bf31122ce3', 'sha1': 'd12aff5a787686cf796167d2ffa26d0fb4ab5e2e', 'sha256': '9f532212ffc9a29ecd44b37fd8c462f2c505cdeefc9cd8775a01be7be235f557'}, 'dob': {'date': '1962-09-26T20:04:54.875Z', 'age': 61}, 'registered': {'date': '2007-04-24T16:39:53.261Z', 'age': 17}, 'phone': '(642) 126 1558', 'cell': '(645) 702 5151', 'id': {'name': 'NSS', 'value': '91 02 34 6056 8'}, 'picture': {'large': 'https://randomuser.me/api/portraits/women/82.jpg', 'medium': 'https://randomuser.me/api/portraits/med/women/82.jpg', 'thumbnail': 'https://randomuser.me/api/portraits/thumb/women/82.jpg'}, 'nat': 'MX'}</msg>
<arg>${json_data['results'][0]}</arg>
<doc>Logs the given message with the given level.</doc>
<status status="PASS" start="2024-07-30T10:17:08.807585" elapsed="0.000594"/>
</kw>
<kw name="Log" owner="BuiltIn">
<msg time="2024-07-30T10:17:08.808629" level="INFO">email</msg>
<arg>${key}</arg>
<doc>Logs the given message with the given level.</doc>
<status status="PASS" start="2024-07-30T10:17:08.808493" elapsed="0.000175"/>
</kw>
<var name="${key}">email</var>
<status status="PASS" start="2024-07-30T10:17:08.806582" elapsed="0.002311"/>
</iter>
<iter>
<kw name="Dictionary Should Contain Key" owner="Collections">
<arg>${json_data['results'][0]}</arg>
<arg>${key}</arg>
<doc>Fails if ``key`` is not found from ``dictionary``.</doc>
<status status="PASS" start="2024-07-30T10:17:08.809182" elapsed="0.000387"/>
</kw>
<kw name="Log" owner="BuiltIn">
<msg time="2024-07-30T10:17:08.810142" level="INFO">{'gender': 'female', 'name': {'title': 'Ms', 'first': 'Barbara', 'last': 'Calderón'}, 'location': {'street': {'number': 987, 'name': 'Circunvalación Turquía'}, 'city': 'Pastoria', 'state': 'Estado de Mexico', 'country': 'Mexico', 'postcode': 76195, 'coordinates': {'latitude': '26.4417', 'longitude': '147.8488'}, 'timezone': {'offset': '-8:00', 'description': 'Pacific Time (US &amp; Canada)'}}, 'email': 'barbara.calderon@example.com', 'login': {'uuid': '22c21695-b265-4eba-bb72-5854d7433928', 'username': 'blackfrog555', 'password': 'hornet', 'salt': 'kxw5TO0S', 'md5': '4288f7faba87a676600926bf31122ce3', 'sha1': 'd12aff5a787686cf796167d2ffa26d0fb4ab5e2e', 'sha256': '9f532212ffc9a29ecd44b37fd8c462f2c505cdeefc9cd8775a01be7be235f557'}, 'dob': {'date': '1962-09-26T20:04:54.875Z', 'age': 61}, 'registered': {'date': '2007-04-24T16:39:53.261Z', 'age': 17}, 'phone': '(642) 126 1558', 'cell': '(645) 702 5151', 'id': {'name': 'NSS', 'value': '91 02 34 6056 8'}, 'picture': {'large': 'https://randomuser.me/api/portraits/women/82.jpg', 'medium': 'https://randomuser.me/api/portraits/med/women/82.jpg', 'thumbnail': 'https://randomuser.me/api/portraits/thumb/women/82.jpg'}, 'nat': 'MX'}</msg>
<arg>${json_data['results'][0]}</arg>
<doc>Logs the given message with the given level.</doc>
<status status="PASS" start="2024-07-30T10:17:08.809753" elapsed="0.000441"/>
</kw>
<kw name="Log" owner="BuiltIn">
<msg time="2024-07-30T10:17:08.810619" level="INFO">login</msg>
<arg>${key}</arg>
<doc>Logs the given message with the given level.</doc>
<status status="PASS" start="2024-07-30T10:17:08.810490" elapsed="0.000167"/>
</kw>
<var name="${key}">login</var>
<status status="PASS" start="2024-07-30T10:17:08.809072" elapsed="0.001801"/>
</iter>
<var>${key}</var>
<value>@{expected_keys}</value>
<status status="PASS" start="2024-07-30T10:17:08.800319" elapsed="0.010701"/>
</for>
<kw name="Create List" owner="BuiltIn">
<msg time="2024-07-30T10:17:08.811364" level="INFO">${expected_keysTwo} = ['username', 'password']</msg>
<var>${expected_keysTwo}</var>
<arg>username</arg>
<arg>password</arg>
<doc>Returns a list containing given items.</doc>
<status status="PASS" start="2024-07-30T10:17:08.811226" elapsed="0.000163"/>
</kw>
<for flavor="IN">
<iter>
<kw name="Dictionary Should Contain Key" owner="Collections">
<arg>${json_data['results'][0]['login']}</arg>
<arg>${keyTwo}</arg>
<doc>Fails if ``key`` is not found from ``dictionary``.</doc>
<status status="PASS" start="2024-07-30T10:17:08.811889" elapsed="0.000390"/>
</kw>
<kw name="Dictionary Should Contain Key" owner="Collections">
<arg>${json_data['results'][0]['login']}</arg>
<arg>${keyTwo}</arg>
<doc>Fails if ``key`` is not found from ``dictionary``.</doc>
<status status="PASS" start="2024-07-30T10:17:08.812462" elapsed="0.000375"/>
</kw>
<kw name="Log" owner="BuiltIn">
<msg time="2024-07-30T10:17:08.813142" level="INFO">username</msg>
<arg>${keyTwo}</arg>
<doc>Logs the given message with the given level.</doc>
<status status="PASS" start="2024-07-30T10:17:08.813020" elapsed="0.000160"/>
</kw>
<var name="${keyTwo}">username</var>
<status status="PASS" start="2024-07-30T10:17:08.811777" elapsed="0.001621"/>
</iter>
<iter>
<kw name="Dictionary Should Contain Key" owner="Collections">
<arg>${json_data['results'][0]['login']}</arg>
<arg>${keyTwo}</arg>
<doc>Fails if ``key`` is not found from ``dictionary``.</doc>
<status status="PASS" start="2024-07-30T10:17:08.813676" elapsed="0.000408"/>
</kw>
<kw name="Dictionary Should Contain Key" owner="Collections">
<arg>${json_data['results'][0]['login']}</arg>
<arg>${keyTwo}</arg>
<doc>Fails if ``key`` is not found from ``dictionary``.</doc>
<status status="PASS" start="2024-07-30T10:17:08.814266" elapsed="0.000380"/>
</kw>
<kw name="Log" owner="BuiltIn">
<msg time="2024-07-30T10:17:08.814962" level="INFO">password</msg>
<arg>${keyTwo}</arg>
<doc>Logs the given message with the given level.</doc>
<status status="PASS" start="2024-07-30T10:17:08.814828" elapsed="0.000172"/>
</kw>
<var name="${keyTwo}">password</var>
<status status="PASS" start="2024-07-30T10:17:08.813569" elapsed="0.001653"/>
</iter>
<var>${keyTwo}</var>
<value>@{expected_keysTwo}</value>
<status status="PASS" start="2024-07-30T10:17:08.811624" elapsed="0.003726"/>
</for>
<status status="PASS" start="2024-07-30T10:17:08.701826" elapsed="0.113668"/>
</kw>
<doc>Testa a estrutura da resposta da API.</doc>
<tag>testeEstruturaResposta</tag>
<status status="PASS" start="2024-07-30T10:17:08.701323" elapsed="0.114327"/>
</test>
<test id="s1-s1-t4" name="Validar tipos de dados" line="28">
<kw name="Teste de Tipos de Dados" owner="random-user-service">
<kw name="GET On Session" owner="RequestsLibrary">
<msg time="2024-07-30T10:17:08.894542" level="INFO">GET Request : url=https://randomuser.me/api 
 path_url=/api 
 headers={'User-Agent': 'python-requests/2.32.3', 'Accept-Encoding': 'gzip, deflate', 'Accept': '*/*', 'Connection': 'keep-alive'} 
 body=None 
 </msg>
<msg time="2024-07-30T10:17:08.894636" level="INFO">GET Response : url=https://randomuser.me/api 
 status=200, reason=OK 
 headers={'Date': 'Tue, 30 Jul 2024 10:17:08 GMT', 'Content-Type': 'application/json; charset=utf-8', 'Transfer-Encoding': 'chunked', 'Connection': 'keep-alive', 'X-Powered-By': 'Express', 'Access-Control-Allow-Origin': '*', 'Cache-Control': 'no-cache', 'ETag': 'W/"497-TkHjJt/3FD2EUomQ0+LlX/OElss"', 'Vary': 'Accept-Encoding', 'Content-Encoding': 'gzip', 'CF-Cache-Status': 'DYNAMIC', 'Report-To': '{"endpoints":[{"url":"https:\\/\\/a.nel.cloudflare.com\\/report\\/v4?s=iK6OtQi4X8LNxmJdxYrK%2BmIo2Yj%2B7IcNlb5YNSSKW1%2F%2BtiSYq31KfLU7x%2BDuZ5XpOMQP7tLWpp2EUtYm9oFpQmPhhw1UTTOLvstVwEzQcOFc7oRt4CwBrSEedBgS%2Bgtj"}],"group":"cf-nel","max_age":604800}', 'NEL': '{"success_fraction":0,"report_to":"cf-nel","max_age":604800}', 'Server': 'cloudflare', 'CF-RAY': '8ab498e62e1ac96f-IAD', 'alt-svc': 'h3=":443"; ma=86400'} 
 body={"results":[{"gender":"female","name":{"title":"Mrs","first":"Rocío","last":"Román"},"location":{"street":{"number":2206,"name":"Calle del Arenal"},"city":"Guadalajara","state":"Navarra","country":"Spain","postcode":47822,"coordinates":{"latitude":"-33.5024","longitude":"168.0506"},"timezone":{"offset":"+3:00","description":"Baghdad, Riyadh, Moscow, St. Petersburg"}},"email":"rocio.roman@example.com","login":{"uuid":"dc893b5d-6cae-4bde-8233-42f6a08af13c","username":"brownfish227","password":"camper","salt":"WP3R15sj","md5":"f8a199f4fc826013d4a0158cb512115d","sha1":"0ca8eaf73ed6b3ffac810110f20e26c09caf19c8","sha256":"61a08379b4a65bcd8be5496a384eb06633aad7753150baea2369a95481ffb124"},"dob":{"date":"1998-06-04T08:46:27.501Z","age":26},"registered":{"date":"2009-12-19T17:53:40.554Z","age":14},"phone":"905-690-276","cell":"630-155-682","id":{"name":"DNI","value":"12726193-Q"},"picture":{"large":"https://randomuser.me/api/portraits/women/60.jpg","medium":"https://randomuser.me/api/portraits/med/women/60.jpg","thumbnail":"https://randomuser.me/api/portraits/thumb/women/60.jpg"},"nat":"ES"}],"info":{"seed":"069286d82c549a34","results":1,"page":1,"version":"1.4"}} 
 </msg>
<msg time="2024-07-30T10:17:08.894706" level="INFO">/opt/hostedtoolcache/Python/3.12.4/x64/lib/python3.12/site-packages/urllib3/connectionpool.py:1099: InsecureRequestWarning: Unverified HTTPS request is being made to host 'randomuser.me'. Adding certificate verification is strongly advised. See: https://urllib3.readthedocs.io/en/latest/advanced-usage.html#tls-warnings
  warnings.warn(</msg>
<msg time="2024-07-30T10:17:08.894833" level="INFO">${response} = &lt;Response [200]&gt;</msg>
<var>${response}</var>
<arg>consultarAPI</arg>
<arg>/api</arg>
<doc>Sends a GET request on a previously created HTTP Session.</doc>
<status status="PASS" start="2024-07-30T10:17:08.818147" elapsed="0.076727"/>
</kw>
<kw name="Set Variable" owner="BuiltIn">
<msg time="2024-07-30T10:17:08.896015" level="INFO">${json_data} = {'results': [{'gender': 'female', 'name': {'title': 'Mrs', 'first': 'Rocío', 'last': 'Román'}, 'location': {'street': {'number': 2206, 'name': 'Calle del Arenal'}, 'city': 'Guadalajara', 'state': 'Nav...</msg>
<var>${json_data}</var>
<arg>${response.json()}</arg>
<doc>Returns the given values which can then be assigned to a variables.</doc>
<status status="PASS" start="2024-07-30T10:17:08.895474" elapsed="0.000572"/>
</kw>
<kw name="Log" owner="BuiltIn">
<msg time="2024-07-30T10:17:08.896516" level="INFO">{'results': [{'gender': 'female', 'name': {'title': 'Mrs', 'first': 'Rocío', 'last': 'Román'}, 'location': {'street': {'number': 2206, 'name': 'Calle del Arenal'}, 'city': 'Guadalajara', 'state': 'Navarra', 'country': 'Spain', 'postcode': 47822, 'coordinates': {'latitude': '-33.5024', 'longitude': '168.0506'}, 'timezone': {'offset': '+3:00', 'description': 'Baghdad, Riyadh, Moscow, St. Petersburg'}}, 'email': 'rocio.roman@example.com', 'login': {'uuid': 'dc893b5d-6cae-4bde-8233-42f6a08af13c', 'username': 'brownfish227', 'password': 'camper', 'salt': 'WP3R15sj', 'md5': 'f8a199f4fc826013d4a0158cb512115d', 'sha1': '0ca8eaf73ed6b3ffac810110f20e26c09caf19c8', 'sha256': '61a08379b4a65bcd8be5496a384eb06633aad7753150baea2369a95481ffb124'}, 'dob': {'date': '1998-06-04T08:46:27.501Z', 'age': 26}, 'registered': {'date': '2009-12-19T17:53:40.554Z', 'age': 14}, 'phone': '905-690-276', 'cell': '630-155-682', 'id': {'name': 'DNI', 'value': '12726193-Q'}, 'picture': {'large': 'https://randomuser.me/api/portraits/women/60.jpg', 'medium': 'https://randomuser.me/api/portraits/med/women/60.jpg', 'thumbnail': 'https://randomuser.me/api/portraits/thumb/women/60.jpg'}, 'nat': 'ES'}], 'info': {'seed': '069286d82c549a34', 'results': 1, 'page': 1, 'version': '1.4'}}</msg>
<arg>${json_data}</arg>
<doc>Logs the given message with the given level.</doc>
<status status="PASS" start="2024-07-30T10:17:08.896356" elapsed="0.000216"/>
</kw>
<kw name="Should Be String" owner="String">
<arg>${json_data['results'][0]['gender']}</arg>
<doc>Fails if the given ``item`` is not a string.</doc>
<status status="PASS" start="2024-07-30T10:17:08.896904" elapsed="0.000365"/>
</kw>
<kw name="Should Match Regexp" owner="BuiltIn">
<arg>${json_data['results'][0]['email']}</arg>
<arg>^[a-zA-Z0-9._%+-]+@[a-zA-Z0-9.-]+\.[a-zA-Z]{2,}$</arg>
<doc>Fails if ``string`` does not match ``pattern`` as a regular expression.</doc>
<status status="PASS" start="2024-07-30T10:17:08.897460" elapsed="0.000556"/>
</kw>
<kw name="Should Match Regexp" owner="BuiltIn">
<arg>${json_data['results'][0]['dob']['date']}</arg>
<arg>\\d{4}-\\d{2}-\\d{2}T\\d{2}:\\d{2}:\\d{2}\\.\\d{3}Z</arg>
<doc>Fails if ``string`` does not match ``pattern`` as a regular expression.</doc>
<status status="PASS" start="2024-07-30T10:17:08.898218" elapsed="0.000640"/>
</kw>
<kw name="Should Match Regexp" owner="BuiltIn">
<arg>${json_data['results'][0]['registered']['date']}</arg>
<arg>\\d{4}-\\d{2}-\\d{2}T\\d{2}:\\d{2}:\\d{2}\\.\\d{3}Z</arg>
<doc>Fails if ``string`` does not match ``pattern`` as a regular expression.</doc>
<status status="PASS" start="2024-07-30T10:17:08.899053" elapsed="0.000375"/>
</kw>
<kw name="Should Match Regexp" owner="BuiltIn">
<arg>${json_data['results'][0]['picture']['large']}</arg>
<arg>^https?://.*\.(?:png|jpe?g|gif|bmp)$</arg>
<doc>Fails if ``string`` does not match ``pattern`` as a regular expression.</doc>
<status status="PASS" start="2024-07-30T10:17:08.899620" elapsed="0.000464"/>
</kw>
<kw name="Should Match Regexp" owner="BuiltIn">
<arg>${json_data['results'][0]['picture']['medium']}</arg>
<arg>^https?://.*\.(?:png|jpe?g|gif|bmp)$</arg>
<doc>Fails if ``string`` does not match ``pattern`` as a regular expression.</doc>
<status status="PASS" start="2024-07-30T10:17:08.900273" elapsed="0.000361"/>
</kw>
<kw name="Should Match Regexp" owner="BuiltIn">
<arg>${json_data['results'][0]['picture']['thumbnail']}</arg>
<arg>^https?://.*\.(?:png|jpe?g|gif|bmp)$</arg>
<doc>Fails if ``string`` does not match ``pattern`` as a regular expression.</doc>
<status status="PASS" start="2024-07-30T10:17:08.900820" elapsed="0.000354"/>
</kw>
<kw name="Log" owner="BuiltIn">
<msg time="2024-07-30T10:17:08.901695" level="INFO">{'large': 'https://randomuser.me/api/portraits/women/60.jpg', 'medium': 'https://randomuser.me/api/portraits/med/women/60.jpg', 'thumbnail': 'https://randomuser.me/api/portraits/thumb/women/60.jpg'}</msg>
<arg>${json_data['results'][0]['picture']}</arg>
<doc>Logs the given message with the given level.</doc>
<status status="PASS" start="2024-07-30T10:17:08.901355" elapsed="0.000383"/>
</kw>
<status status="PASS" start="2024-07-30T10:17:08.817885" elapsed="0.084139"/>
</kw>
<kw name="Teste de Tipos de Dados - Postcode" owner="random-user-service">
<kw name="GET On Session" owner="RequestsLibrary">
<msg time="2024-07-30T10:17:08.990583" level="INFO">GET Request : url=https://randomuser.me/api 
 path_url=/api 
 headers={'User-Agent': 'python-requests/2.32.3', 'Accept-Encoding': 'gzip, deflate', 'Accept': '*/*', 'Connection': 'keep-alive'} 
 body=None 
 </msg>
<msg time="2024-07-30T10:17:08.990659" level="INFO">GET Response : url=https://randomuser.me/api 
 status=200, reason=OK 
 headers={'Date': 'Tue, 30 Jul 2024 10:17:08 GMT', 'Content-Type': 'application/json; charset=utf-8', 'Transfer-Encoding': 'chunked', 'Connection': 'keep-alive', 'X-Powered-By': 'Express', 'Access-Control-Allow-Origin': '*', 'Cache-Control': 'no-cache', 'ETag': 'W/"487-qi9e1m53DPsXPLIOInOI6QTagnk"', 'Vary': 'Accept-Encoding', 'Content-Encoding': 'gzip', 'CF-Cache-Status': 'DYNAMIC', 'Report-To': '{"endpoints":[{"url":"https:\\/\\/a.nel.cloudflare.com\\/report\\/v4?s=jafExdMVgPCSKsUyA6JbDN15vPJFroreDGIRzTia5%2BtOLlXH24PmXMcN3y4eeqxhw2VtEUOOqV37BY3t9yIFt6%2B6gLTDGox5%2BTwZSWzWuhJI6XEamy5TCudZkpMeUmSn"}],"group":"cf-nel","max_age":604800}', 'NEL': '{"success_fraction":0,"report_to":"cf-nel","max_age":604800}', 'Server': 'cloudflare', 'CF-RAY': '8ab498e6aeffc96f-IAD', 'alt-svc': 'h3=":443"; ma=86400'} 
 body={"results":[{"gender":"female","name":{"title":"Miss","first":"Veena","last":"Singh"},"location":{"street":{"number":3726,"name":"Pali Hill"},"city":"Hubli–Dharwad","state":"Karnataka","country":"India","postcode":61926,"coordinates":{"latitude":"6.6886","longitude":"20.2711"},"timezone":{"offset":"+7:00","description":"Bangkok, Hanoi, Jakarta"}},"email":"veena.singh@example.com","login":{"uuid":"fe5c5a67-9a43-4e09-aeff-a4fd181df201","username":"yellowostrich355","password":"zander","salt":"Nqp5aJ46","md5":"4d43b364cf34b9addec84501844de5b0","sha1":"8e9a0b16de62b25349dd58ce820e92359d78b37e","sha256":"4723ed44efe86e33d6b9ed9269a54e34b8b741821035fefc7cb9cd058ba7df9c"},"dob":{"date":"2000-07-30T07:10:34.809Z","age":24},"registered":{"date":"2019-05-11T23:55:49.082Z","age":5},"phone":"8189100661","cell":"8842804017","id":{"name":"UIDAI","value":"502155307480"},"picture":{"large":"https://randomuser.me/api/portraits/women/12.jpg","medium":"https://randomuser.me/api/portraits/med/women/12.jpg","thumbnail":"https://randomuser.me/api/portraits/thumb/women/12.jpg"},"nat":"IN"}],"info":{"seed":"23ffd11ac0dac314","results":1,"page":1,"version":"1.4"}} 
 </msg>
<msg time="2024-07-30T10:17:08.990730" level="INFO">/opt/hostedtoolcache/Python/3.12.4/x64/lib/python3.12/site-packages/urllib3/connectionpool.py:1099: InsecureRequestWarning: Unverified HTTPS request is being made to host 'randomuser.me'. Adding certificate verification is strongly advised. See: https://urllib3.readthedocs.io/en/latest/advanced-usage.html#tls-warnings
  warnings.warn(</msg>
<msg time="2024-07-30T10:17:08.990843" level="INFO">${response} = &lt;Response [200]&gt;</msg>
<var>${response}</var>
<arg>consultarAPI</arg>
<arg>/api</arg>
<doc>Sends a GET request on a previously created HTTP Session.</doc>
<status status="PASS" start="2024-07-30T10:17:08.902493" elapsed="0.088388"/>
</kw>
<kw name="Set Variable" owner="BuiltIn">
<msg time="2024-07-30T10:17:08.991952" level="INFO">${json_data} = {'results': [{'gender': 'female', 'name': {'title': 'Miss', 'first': 'Veena', 'last': 'Singh'}, 'location': {'street': {'number': 3726, 'name': 'Pali Hill'}, 'city': 'Hubli–Dharwad', 'state': 'Karnata...</msg>
<var>${json_data}</var>
<arg>${response.json()}</arg>
<doc>Returns the given values which can then be assigned to a variables.</doc>
<status status="PASS" start="2024-07-30T10:17:08.991406" elapsed="0.000576"/>
</kw>
<kw name="Log" owner="BuiltIn">
<msg time="2024-07-30T10:17:08.992471" level="INFO">{'results': [{'gender': 'female', 'name': {'title': 'Miss', 'first': 'Veena', 'last': 'Singh'}, 'location': {'street': {'number': 3726, 'name': 'Pali Hill'}, 'city': 'Hubli–Dharwad', 'state': 'Karnataka', 'country': 'India', 'postcode': 61926, 'coordinates': {'latitude': '6.6886', 'longitude': '20.2711'}, 'timezone': {'offset': '+7:00', 'description': 'Bangkok, Hanoi, Jakarta'}}, 'email': 'veena.singh@example.com', 'login': {'uuid': 'fe5c5a67-9a43-4e09-aeff-a4fd181df201', 'username': 'yellowostrich355', 'password': 'zander', 'salt': 'Nqp5aJ46', 'md5': '4d43b364cf34b9addec84501844de5b0', 'sha1': '8e9a0b16de62b25349dd58ce820e92359d78b37e', 'sha256': '4723ed44efe86e33d6b9ed9269a54e34b8b741821035fefc7cb9cd058ba7df9c'}, 'dob': {'date': '2000-07-30T07:10:34.809Z', 'age': 24}, 'registered': {'date': '2019-05-11T23:55:49.082Z', 'age': 5}, 'phone': '8189100661', 'cell': '8842804017', 'id': {'name': 'UIDAI', 'value': '502155307480'}, 'picture': {'large': 'https://randomuser.me/api/portraits/women/12.jpg', 'medium': 'https://randomuser.me/api/portraits/med/women/12.jpg', 'thumbnail': 'https://randomuser.me/api/portraits/thumb/women/12.jpg'}, 'nat': 'IN'}], 'info': {'seed': '23ffd11ac0dac314', 'results': 1, 'page': 1, 'version': '1.4'}}</msg>
<arg>${json_data}</arg>
<doc>Logs the given message with the given level.</doc>
<status status="PASS" start="2024-07-30T10:17:08.992304" elapsed="0.000217"/>
</kw>
<kw name="Should Be Equal As Numbers" owner="BuiltIn">
<arg>${json_data['results'][0]['location']['postcode']}</arg>
<arg>${json_data['results'][0]['location']['postcode']}</arg>
<doc>Fails if objects are unequal after converting them to real numbers.</doc>
<status status="PASS" start="2024-07-30T10:17:08.992822" elapsed="0.000629"/>
</kw>
<kw name="Log" owner="BuiltIn">
<msg time="2024-07-30T10:17:08.994058" level="INFO">61926</msg>
<arg>${json_data['results'][0]['location']['postcode']}</arg>
<doc>Logs the given message with the given level.</doc>
<status status="PASS" start="2024-07-30T10:17:08.993676" elapsed="0.000425"/>
</kw>
<status status="PASS" start="2024-07-30T10:17:08.902254" elapsed="0.092105"/>
</kw>
<doc>Testa se os tipos de dados na resposta da API estão corretos.</doc>
<tag>testeTiposDados</tag>
<status status="PASS" start="2024-07-30T10:17:08.817432" elapsed="0.177097"/>
</test>
<test id="s1-s1-t5" name="Validar conteudo" line="35">
<kw name="Teste de Tipos de Conteudo" owner="random-user-service">
<kw name="GET On Session" owner="RequestsLibrary">
<msg time="2024-07-30T10:17:09.094891" level="INFO">GET Request : url=https://randomuser.me/api 
 path_url=/api 
 headers={'User-Agent': 'python-requests/2.32.3', 'Accept-Encoding': 'gzip, deflate', 'Accept': '*/*', 'Connection': 'keep-alive'} 
 body=None 
 </msg>
<msg time="2024-07-30T10:17:09.094992" level="INFO">GET Response : url=https://randomuser.me/api 
 status=200, reason=OK 
 headers={'Date': 'Tue, 30 Jul 2024 10:17:09 GMT', 'Content-Type': 'application/json; charset=utf-8', 'Transfer-Encoding': 'chunked', 'Connection': 'keep-alive', 'X-Powered-By': 'Express', 'Access-Control-Allow-Origin': '*', 'Cache-Control': 'no-cache', 'ETag': 'W/"484-Bc4Foz3r8UuD3JBaGwgh9mMSP0U"', 'Vary': 'Accept-Encoding', 'Content-Encoding': 'gzip', 'CF-Cache-Status': 'DYNAMIC', 'Report-To': '{"endpoints":[{"url":"https:\\/\\/a.nel.cloudflare.com\\/report\\/v4?s=7C3iC%2Ftyd0dY2fI29r0qGteUWcYQX%2BCIvf2eVX7t1FrFoU%2BnzrRLbZaelfrUz%2BfnOWFmUrhGGprqO4TqOJR1f68F4XSlEvrhQ0vtd%2F98dT%2FJEPc0rBy%2BwtRyQ1iTSNId"}],"group":"cf-nel","max_age":604800}', 'NEL': '{"success_fraction":0,"report_to":"cf-nel","max_age":604800}', 'Server': 'cloudflare', 'CF-RAY': '8ab498e74806c96f-IAD', 'alt-svc': 'h3=":443"; ma=86400'} 
 body={"results":[{"gender":"male","name":{"title":"Mr","first":"Anatole","last":"Lemaire"},"location":{"street":{"number":9784,"name":"Avenue Jean-Jaurès"},"city":"Créteil","state":"Mayotte","country":"France","postcode":33899,"coordinates":{"latitude":"-15.8868","longitude":"-83.1270"},"timezone":{"offset":"-9:00","description":"Alaska"}},"email":"anatole.lemaire@example.com","login":{"uuid":"081f14a4-dc16-4ec9-b9c8-1f49751b02db","username":"smalllion203","password":"monster","salt":"1Xgy3VLm","md5":"1943ce102c1e33ad33895b1492eded06","sha1":"ddc5725d23f6c761e36087821444bf0ad15f9ef3","sha256":"af14d73392388dd56ea988490fc440543ca1a258143359cfa61f9daa2d5bd263"},"dob":{"date":"2000-05-25T05:58:24.984Z","age":24},"registered":{"date":"2007-08-28T04:40:30.349Z","age":16},"phone":"03-31-70-18-72","cell":"06-51-28-72-14","id":{"name":"INSEE","value":"11000462143882 40"},"picture":{"large":"https://randomuser.me/api/portraits/men/59.jpg","medium":"https://randomuser.me/api/portraits/med/men/59.jpg","thumbnail":"https://randomuser.me/api/portraits/thumb/men/59.jpg"},"nat":"FR"}],"info":{"seed":"3a2dfd08b4deb97a","results":1,"page":1,"version":"1.4"}} 
 </msg>
<msg time="2024-07-30T10:17:09.095063" level="INFO">/opt/hostedtoolcache/Python/3.12.4/x64/lib/python3.12/site-packages/urllib3/connectionpool.py:1099: InsecureRequestWarning: Unverified HTTPS request is being made to host 'randomuser.me'. Adding certificate verification is strongly advised. See: https://urllib3.readthedocs.io/en/latest/advanced-usage.html#tls-warnings
  warnings.warn(</msg>
<msg time="2024-07-30T10:17:09.095177" level="INFO">${response} = &lt;Response [200]&gt;</msg>
<var>${response}</var>
<arg>consultarAPI</arg>
<arg>/api</arg>
<doc>Sends a GET request on a previously created HTTP Session.</doc>
<status status="PASS" start="2024-07-30T10:17:08.997443" elapsed="0.097772"/>
</kw>
<kw name="Set Variable" owner="BuiltIn">
<msg time="2024-07-30T10:17:09.096203" level="INFO">${json_data} = {'results': [{'gender': 'male', 'name': {'title': 'Mr', 'first': 'Anatole', 'last': 'Lemaire'}, 'location': {'street': {'number': 9784, 'name': 'Avenue Jean-Jaurès'}, 'city': 'Créteil', 'state': 'Mayo...</msg>
<var>${json_data}</var>
<arg>${response.json()}</arg>
<doc>Returns the given values which can then be assigned to a variables.</doc>
<status status="PASS" start="2024-07-30T10:17:09.095698" elapsed="0.000535"/>
</kw>
<kw name="Set Variable" owner="BuiltIn">
<msg time="2024-07-30T10:17:09.096941" level="INFO">${name_title} = Mr</msg>
<var>${name_title}</var>
<arg>${json_data["results"][0]["name"]["title"]}</arg>
<doc>Returns the given values which can then be assigned to a variables.</doc>
<status status="PASS" start="2024-07-30T10:17:09.096554" elapsed="0.000413"/>
</kw>
<kw name="Create List" owner="BuiltIn">
<msg time="2024-07-30T10:17:09.097427" level="INFO">${allowed_titles} = ['Mr', 'Ms', 'Miss', 'Mrs', 'Madame', 'Monsieur']</msg>
<var>${allowed_titles}</var>
<arg>Mr</arg>
<arg>Ms</arg>
<arg>Miss</arg>
<arg>Mrs</arg>
<arg>Madame</arg>
<arg>Monsieur</arg>
<doc>Returns a list containing given items.</doc>
<status status="PASS" start="2024-07-30T10:17:09.097270" elapsed="0.000183"/>
</kw>
<kw name="List Should Contain Value" owner="Collections">
<arg>${allowed_titles}</arg>
<arg>${name_title}</arg>
<doc>Fails if the ``value`` is not found from ``list``.</doc>
<status status="PASS" start="2024-07-30T10:17:09.097768" elapsed="0.000224"/>
</kw>
<kw name="Set Variable" owner="BuiltIn">
<msg time="2024-07-30T10:17:09.098565" level="INFO">${name_country} = FR</msg>
<var>${name_country}</var>
<arg>${json_data["results"][0]["nat"]}</arg>
<doc>Returns the given values which can then be assigned to a variables.</doc>
<status status="PASS" start="2024-07-30T10:17:09.098180" elapsed="0.000411"/>
</kw>
<kw name="Create List" owner="BuiltIn">
<msg time="2024-07-30T10:17:09.099486" level="INFO">${list_country} = ['AD', 'AE', 'AF', 'AG', 'AI', 'AL', 'AM', 'AO', 'AQ', 'AR', 'AS', 'AT', 'AU', 'AW', 'AX', 'AZ', 'BA', 'BB', 'BD', 'BE', 'BF', 'BG', 'BH', 'BI', 'BJ', 'BL', 'BM', 'BN', 'BO', 'BQ', 'BR', 'BS', 'BT', '...</msg>
<var>${list_country}</var>
<arg>AD</arg>
<arg>AE</arg>
<arg>AF</arg>
<arg>AG</arg>
<arg>AI</arg>
<arg>AL</arg>
<arg>AM</arg>
<arg>AO</arg>
<arg>AQ</arg>
<arg>AR</arg>
<arg>AS</arg>
<arg>AT</arg>
<arg>AU</arg>
<arg>AW</arg>
<arg>AX</arg>
<arg>AZ</arg>
<arg>BA</arg>
<arg>BB</arg>
<arg>BD</arg>
<arg>BE</arg>
<arg>BF</arg>
<arg>BG</arg>
<arg>BH</arg>
<arg>BI</arg>
<arg>BJ</arg>
<arg>BL</arg>
<arg>BM</arg>
<arg>BN</arg>
<arg>BO</arg>
<arg>BQ</arg>
<arg>BR</arg>
<arg>BS</arg>
<arg>BT</arg>
<arg>BV</arg>
<arg>BW</arg>
<arg>BY</arg>
<arg>BZ</arg>
<arg>CA</arg>
<arg>CC</arg>
<arg>CD</arg>
<arg>CF</arg>
<arg>CG</arg>
<arg>CH</arg>
<arg>CI</arg>
<arg>CK</arg>
<arg>CL</arg>
<arg>CM</arg>
<arg>CN</arg>
<arg>CO</arg>
<arg>CR</arg>
<arg>CU</arg>
<arg>CV</arg>
<arg>CW</arg>
<arg>CX</arg>
<arg>CY</arg>
<arg>CZ</arg>
<arg>DE</arg>
<arg>DJ</arg>
<arg>DK</arg>
<arg>DM</arg>
<arg>DO</arg>
<arg>DZ</arg>
<arg>EC</arg>
<arg>EE</arg>
<arg>EG</arg>
<arg>EH</arg>
<arg>ER</arg>
<arg>ES</arg>
<arg>ET</arg>
<arg>FI</arg>
<arg>FJ</arg>
<arg>FK</arg>
<arg>FM</arg>
<arg>FO</arg>
<arg>FR</arg>
<arg>GA</arg>
<arg>GB</arg>
<arg>GD</arg>
<arg>GE</arg>
<arg>GF</arg>
<arg>GG</arg>
<arg>GH</arg>
<arg>GI</arg>
<arg>GL</arg>
<arg>GM</arg>
<arg>GN</arg>
<arg>GP</arg>
<arg>GQ</arg>
<arg>GR</arg>
<arg>GS</arg>
<arg>GT</arg>
<arg>GU</arg>
<arg>GW</arg>
<arg>GY</arg>
<arg>HK</arg>
<arg>HM</arg>
<arg>HN</arg>
<arg>HR</arg>
<arg>HT</arg>
<arg>HU</arg>
<arg>ID</arg>
<arg>IE</arg>
<arg>IL</arg>
<arg>IM</arg>
<arg>IN</arg>
<arg>IO</arg>
<arg>IQ</arg>
<arg>IR</arg>
<arg>IS</arg>
<arg>IT</arg>
<arg>JE</arg>
<arg>JM</arg>
<arg>JO</arg>
<arg>JP</arg>
<arg>KE</arg>
<arg>KG</arg>
<arg>KH</arg>
<arg>KI</arg>
<arg>KM</arg>
<arg>KN</arg>
<arg>KP</arg>
<arg>KR</arg>
<arg>KW</arg>
<arg>KY</arg>
<arg>KZ</arg>
<arg>LA</arg>
<arg>LB</arg>
<arg>LC</arg>
<arg>LI</arg>
<arg>LK</arg>
<arg>LR</arg>
<arg>LS</arg>
<arg>LT</arg>
<arg>LU</arg>
<arg>LV</arg>
<arg>LY</arg>
<arg>MA</arg>
<arg>MC</arg>
<arg>MD</arg>
<arg>ME</arg>
<arg>MF</arg>
<arg>MG</arg>
<arg>MH</arg>
<arg>MK</arg>
<arg>ML</arg>
<arg>MM</arg>
<arg>MN</arg>
<arg>MO</arg>
<arg>MP</arg>
<arg>MQ</arg>
<arg>MR</arg>
<arg>MS</arg>
<arg>MT</arg>
<arg>MU</arg>
<arg>MV</arg>
<arg>MW</arg>
<arg>MX</arg>
<arg>MY</arg>
<arg>MZ</arg>
<arg>NA</arg>
<arg>NC</arg>
<arg>NE</arg>
<arg>NF</arg>
<arg>NG</arg>
<arg>NI</arg>
<arg>NL</arg>
<arg>NO</arg>
<arg>NP</arg>
<arg>NR</arg>
<arg>NU</arg>
<arg>NZ</arg>
<arg>OM</arg>
<arg>PA</arg>
<arg>PE</arg>
<arg>PF</arg>
<arg>PG</arg>
<arg>PH</arg>
<arg>PK</arg>
<arg>PL</arg>
<arg>PM</arg>
<arg>PN</arg>
<arg>PR</arg>
<arg>PS</arg>
<arg>PT</arg>
<arg>PW</arg>
<arg>PY</arg>
<arg>QA</arg>
<arg>RE</arg>
<arg>RO</arg>
<arg>RS</arg>
<arg>RU</arg>
<arg>RW</arg>
<arg>SA</arg>
<arg>SB</arg>
<arg>SC</arg>
<arg>SD</arg>
<arg>SE</arg>
<arg>SG</arg>
<arg>SH</arg>
<arg>SI</arg>
<arg>SJ</arg>
<arg>SK</arg>
<arg>SL</arg>
<arg>SM</arg>
<arg>SN</arg>
<arg>SO</arg>
<arg>SR</arg>
<arg>SS</arg>
<arg>ST</arg>
<arg>SV</arg>
<arg>SX</arg>
<arg>SY</arg>
<arg>SZ</arg>
<arg>TC</arg>
<arg>TD</arg>
<arg>TF</arg>
<arg>TG</arg>
<arg>TH</arg>
<arg>TJ</arg>
<arg>TK</arg>
<arg>TL</arg>
<arg>TM</arg>
<arg>TN</arg>
<arg>TO</arg>
<arg>TR</arg>
<arg>TT</arg>
<arg>TV</arg>
<arg>TW</arg>
<arg>TZ</arg>
<arg>UA</arg>
<arg>UG</arg>
<arg>UM</arg>
<arg>US</arg>
<arg>UY</arg>
<arg>UZ</arg>
<arg>VA</arg>
<arg>VC</arg>
<arg>VE</arg>
<arg>VG</arg>
<arg>VI</arg>
<arg>VN</arg>
<arg>VU</arg>
<arg>WF</arg>
<arg>WS</arg>
<arg>XK</arg>
<arg>YE</arg>
<arg>YT</arg>
<arg>ZA</arg>
<arg>ZM</arg>
<arg>ZW</arg>
<doc>Returns a list containing given items.</doc>
<status status="PASS" start="2024-07-30T10:17:09.098886" elapsed="0.000626"/>
</kw>
<kw name="List Should Contain Value" owner="Collections">
<arg>${list_country}</arg>
<arg>${name_country}</arg>
<doc>Fails if the ``value`` is not found from ``list``.</doc>
<status status="PASS" start="2024-07-30T10:17:09.100494" elapsed="0.000213"/>
</kw>
<kw name="Run Keyword If" owner="BuiltIn">
<kw name="Should Be True" owner="BuiltIn">
<arg>${True}</arg>
<doc>Fails if the given condition is not true.</doc>
<status status="PASS" start="2024-07-30T10:17:09.101670" elapsed="0.000144"/>
</kw>
<arg>${json_data["results"][0]["location"]["coordinates"]["latitude"]} &gt;= -90 and ${json_data["results"][0]["location"]["coordinates"]["latitude"]} &lt;= 90</arg>
<arg>Should Be True</arg>
<arg>${True}</arg>
<doc>Runs the given keyword with the given arguments, if ``condition`` is true.</doc>
<status status="PASS" start="2024-07-30T10:17:09.100912" elapsed="0.001055"/>
</kw>
<kw name="Run Keyword If" owner="BuiltIn">
<kw name="Should Be True" owner="BuiltIn">
<arg>${True}</arg>
<doc>Fails if the given condition is not true.</doc>
<status status="PASS" start="2024-07-30T10:17:09.102860" elapsed="0.000139"/>
</kw>
<arg>${json_data["results"][0]["location"]["coordinates"]["longitude"]} &gt;= -180 and ${json_data["results"][0]["location"]["coordinates"]["longitude"]} &lt;= 180</arg>
<arg>Should Be True</arg>
<arg>${True}</arg>
<doc>Runs the given keyword with the given arguments, if ``condition`` is true.</doc>
<status status="PASS" start="2024-07-30T10:17:09.102158" elapsed="0.000967"/>
</kw>
<status status="PASS" start="2024-07-30T10:17:08.997209" elapsed="0.106050"/>
</kw>
<doc>Testa o conteúdo específico dos campos retornados pela API.</doc>
<tag>testeConteudo</tag>
<status status="PASS" start="2024-07-30T10:17:08.996744" elapsed="0.106669"/>
</test>
<status status="PASS" start="2024-07-30T10:17:08.272584" elapsed="0.832767"/>
</suite>
<status status="PASS" start="2024-07-30T10:17:08.257998" elapsed="0.852517"/>
</suite>
<statistics>
<total>
<stat pass="5" fail="0" skip="0">All Tests</stat>
</total>
<tag>
<stat pass="1" fail="0" skip="0">testeConteudo</stat>
<stat pass="1" fail="0" skip="0">testeEstruturaResposta</stat>
<stat pass="1" fail="0" skip="0">testeRequisicaoBasica</stat>
<stat pass="1" fail="0" skip="0">testeTiposDados</stat>
</tag>
<suite>
<stat pass="5" fail="0" skip="0" id="s1" name="Tests">Tests</stat>
<stat pass="5" fail="0" skip="0" id="s1-s1" name="Random-User-Test">Tests.Random-User-Test</stat>
</suite>
</statistics>
<errors>
</errors>
</robot>
