<?xml version="1.0" encoding="UTF-8"?>
<robot generator="Robot 7.0 (Python 3.12.3 on linux)" generated="2024-05-11T12:24:44.461844" rpa="false" schemaversion="5">
<suite id="s1" name="Tests" source="/home/runner/work/DesafioQAItauRogerioJordao/DesafioQAItauRogerioJordao/RamdonUser/tests">
<suite id="s1-s1" name="Random-User-Test" source="/home/runner/work/DesafioQAItauRogerioJordao/DesafioQAItauRogerioJordao/RamdonUser/tests/random-user-test.robot">
<test id="s1-s1-t1" name="Conectar" line="13">
<kw name="Conectar API" owner="random-user-service">
<kw name="Create Session" owner="RequestsLibrary">
<msg time="2024-05-11T12:24:44.858240" level="INFO">Creating Session using : alias=consultarAPI, url=https://randomuser.me/, headers={},                     cookies={}, auth=None, timeout=None, proxies=None, verify=False,                     debug=0 </msg>
<arg>consultarAPI</arg>
<arg>${URL}</arg>
<doc>Create Session: create a HTTP session to a server</doc>
<status status="PASS" start="2024-05-11T12:24:44.857995" elapsed="0.000511"/>
</kw>
<status status="PASS" start="2024-05-11T12:24:44.856870" elapsed="0.002057"/>
</kw>
<status status="PASS" start="2024-05-11T12:24:44.856112" elapsed="0.003029"/>
</test>
<test id="s1-s1-t2" name="Validar retorno 200 e JSON Válido" line="16">
<kw name="Teste de Requisicao Basica" owner="random-user-service">
<kw name="GET On Session" owner="RequestsLibrary">
<msg time="2024-05-11T12:24:45.396239" level="INFO">GET Request : url=https://randomuser.me/api 
 path_url=/api 
 headers={'User-Agent': 'python-requests/2.31.0', 'Accept-Encoding': 'gzip, deflate', 'Accept': '*/*', 'Connection': 'keep-alive'} 
 body=None 
 </msg>
<msg time="2024-05-11T12:24:45.396410" level="INFO">GET Response : url=https://randomuser.me/api 
 status=200, reason=OK 
 headers={'Date': 'Sat, 11 May 2024 12:24:45 GMT', 'Content-Type': 'application/json; charset=utf-8', 'Transfer-Encoding': 'chunked', 'Connection': 'keep-alive', 'X-Powered-By': 'Express', 'Access-Control-Allow-Origin': '*', 'Cache-Control': 'no-cache', 'ETag': 'W/"49b-sAGtewTRCiuNYLUgQfFcimqEwlc"', 'Vary': 'Accept-Encoding', 'Content-Encoding': 'gzip', 'CF-Cache-Status': 'DYNAMIC', 'Report-To': '{"endpoints":[{"url":"https:\\/\\/a.nel.cloudflare.com\\/report\\/v4?s=K60Lelwiduy1KiRaFQ%2FBOv%2BARZCYPVR21AAT1olKv1Zlh2NCMyjYT6EHZnvlhInmdF1kLFPSWOrZBhXu%2FwJplsudGPH8bD6qqrbz%2BknWRehLK05P19ZVItKpsA573q87"}],"group":"cf-nel","max_age":604800}', 'NEL': '{"success_fraction":0,"report_to":"cf-nel","max_age":604800}', 'Server': 'cloudflare', 'CF-RAY': '882225d1491be1fb-ORD', 'alt-svc': 'h3=":443"; ma=86400'} 
 body={"results":[{"gender":"male","name":{"title":"Mr","first":"Rodrigo","last":"Fuentes"},"location":{"street":{"number":815,"name":"Calle de Ferraz"},"city":"Torrente","state":"Comunidad Valenciana","country":"Spain","postcode":94693,"coordinates":{"latitude":"-31.4441","longitude":"-98.3900"},"timezone":{"offset":"+5:30","description":"Bombay, Calcutta, Madras, New Delhi"}},"email":"rodrigo.fuentes@example.com","login":{"uuid":"e4b17e8f-a591-4119-87a6-3d783b6e99d9","username":"redgorilla272","password":"jackjack","salt":"OwLhhfLH","md5":"fef00d357828e3a9184659c24d5b89a3","sha1":"dee8b86d9c7719675932e2060f80c0b3fae0f9c2","sha256":"0187c73d468b53c2f5c12d8ef8ff2546ec0e0940eb937ab1240e3989768dfc65"},"dob":{"date":"1994-03-01T02:47:16.272Z","age":30},"registered":{"date":"2011-06-30T05:34:58.676Z","age":12},"phone":"917-496-586","cell":"630-582-914","id":{"name":"DNI","value":"14591170-I"},"picture":{"large":"https://randomuser.me/api/portraits/men/53.jpg","medium":"https://randomuser.me/api/portraits/med/men/53.jpg","thumbnail":"https://randomuser.me/api/portraits/thumb/men/53.jpg"},"nat":"ES"}],"info":{"seed":"b1f46ebddf670fca","results":1,"page":1,"version":"1.4"}} 
 </msg>
<msg time="2024-05-11T12:24:45.396491" level="INFO">/opt/hostedtoolcache/Python/3.12.3/x64/lib/python3.12/site-packages/urllib3/connectionpool.py:1103: InsecureRequestWarning: Unverified HTTPS request is being made to host 'randomuser.me'. Adding certificate verification is strongly advised. See: https://urllib3.readthedocs.io/en/latest/advanced-usage.html#tls-warnings
  warnings.warn(</msg>
<msg time="2024-05-11T12:24:45.396635" level="INFO">${response} = &lt;Response [200]&gt;</msg>
<var>${response}</var>
<arg>consultarAPI</arg>
<arg>/api</arg>
<doc>Sends a GET request on a previously created HTTP Session.</doc>
<status status="PASS" start="2024-05-11T12:24:44.862097" elapsed="0.534581"/>
</kw>
<kw name="Should Be Equal As Numbers" owner="BuiltIn">
<msg time="2024-05-11T12:24:45.397750" level="INFO">Argument types are:
&lt;class 'int'&gt;
&lt;class 'str'&gt;</msg>
<arg>${response.status_code}</arg>
<arg>200</arg>
<doc>Fails if objects are unequal after converting them to real numbers.</doc>
<status status="PASS" start="2024-05-11T12:24:45.397263" elapsed="0.000555"/>
</kw>
<kw name="Log" owner="BuiltIn">
<msg time="2024-05-11T12:24:45.398553" level="INFO">200</msg>
<arg>${response.status_code}</arg>
<doc>Logs the given message with the given level.</doc>
<status status="PASS" start="2024-05-11T12:24:45.398149" elapsed="0.000448"/>
</kw>
<kw name="Set Variable" owner="BuiltIn">
<msg time="2024-05-11T12:24:45.399414" level="INFO">${json_data} = {'results': [{'gender': 'male', 'name': {'title': 'Mr', 'first': 'Rodrigo', 'last': 'Fuentes'}, 'location': {'street': {'number': 815, 'name': 'Calle de Ferraz'}, 'city': 'Torrente', 'state': 'Comunid...</msg>
<var>${json_data}</var>
<arg>${response.json()}</arg>
<doc>Returns the given values which can then be assigned to a variables.</doc>
<status status="PASS" start="2024-05-11T12:24:45.398921" elapsed="0.000522"/>
</kw>
<kw name="Dictionary Should Contain Key" owner="Collections">
<msg time="2024-05-11T12:24:45.399925" level="INFO">False</msg>
<arg>${json_data}</arg>
<arg>results</arg>
<doc>Fails if ``key`` is not found from ``dictionary``.</doc>
<status status="PASS" start="2024-05-11T12:24:45.399753" elapsed="0.000213"/>
</kw>
<status status="PASS" start="2024-05-11T12:24:44.861797" elapsed="0.538430"/>
</kw>
<doc>Testa se a API responde corretamente e retorna um objeto JSON válido.</doc>
<tag>testeRequisicaoBasica</tag>
<status status="PASS" start="2024-05-11T12:24:44.861140" elapsed="0.539279"/>
</test>
<test id="s1-s1-t3" name="Validar estrutura de resposta" line="22">
<kw name="Teste de Estrutura de Resposta" owner="random-user-service">
<kw name="GET On Session" owner="RequestsLibrary">
<msg time="2024-05-11T12:24:45.481518" level="INFO">GET Request : url=https://randomuser.me/api 
 path_url=/api 
 headers={'User-Agent': 'python-requests/2.31.0', 'Accept-Encoding': 'gzip, deflate', 'Accept': '*/*', 'Connection': 'keep-alive'} 
 body=None 
 </msg>
<msg time="2024-05-11T12:24:45.481624" level="INFO">GET Response : url=https://randomuser.me/api 
 status=200, reason=OK 
 headers={'Date': 'Sat, 11 May 2024 12:24:45 GMT', 'Content-Type': 'application/json; charset=utf-8', 'Transfer-Encoding': 'chunked', 'Connection': 'keep-alive', 'X-Powered-By': 'Express', 'Access-Control-Allow-Origin': '*', 'Cache-Control': 'no-cache', 'ETag': 'W/"49c-q8nHFYXYiKy8TSLsBdNMsAiX2cQ"', 'Vary': 'Accept-Encoding', 'Content-Encoding': 'gzip', 'CF-Cache-Status': 'DYNAMIC', 'Report-To': '{"endpoints":[{"url":"https:\\/\\/a.nel.cloudflare.com\\/report\\/v4?s=Gr0osCgKA0XGJ7pPTjuL6ooNtgD5btMkm%2BdhgmV66E5%2B4hn9Tffjjdhq5g1d2ndJQHD%2Be6Z%2F9E1F17F69%2FlB54DSffIYyJiNqMQfkvFdRGQL7E12qTzgBmtFDH%2BnPVhg"}],"group":"cf-nel","max_age":604800}', 'NEL': '{"success_fraction":0,"report_to":"cf-nel","max_age":604800}', 'Server': 'cloudflare', 'CF-RAY': '882225d3cac3e1fb-ORD', 'alt-svc': 'h3=":443"; ma=86400'} 
 body={"results":[{"gender":"male","name":{"title":"Mr","first":"Gavin","last":"Hayes"},"location":{"street":{"number":5340,"name":"New Street"},"city":"Chichester","state":"Lothian","country":"United Kingdom","postcode":"J13 4ES","coordinates":{"latitude":"-4.6045","longitude":"-41.5666"},"timezone":{"offset":"+9:00","description":"Tokyo, Seoul, Osaka, Sapporo, Yakutsk"}},"email":"gavin.hayes@example.com","login":{"uuid":"56e87392-325a-4fe1-82dc-a2f8a8eb5606","username":"ticklishpeacock693","password":"blacklab","salt":"mjwN97gV","md5":"58db3edf03cfab3fcbed54e409c58800","sha1":"893179cbc1dc5c3eb785d6225f8f632604172c50","sha256":"3cdf5e47826cf1d623dc1f2fe412091596c2c6d1252d8ca3104f941f3000edb0"},"dob":{"date":"1954-04-15T07:29:34.198Z","age":70},"registered":{"date":"2022-03-17T00:32:35.899Z","age":2},"phone":"015396 26394","cell":"07839 438645","id":{"name":"NINO","value":"OH 00 61 16 T"},"picture":{"large":"https://randomuser.me/api/portraits/men/52.jpg","medium":"https://randomuser.me/api/portraits/med/men/52.jpg","thumbnail":"https://randomuser.me/api/portraits/thumb/men/52.jpg"},"nat":"GB"}],"info":{"seed":"1bfa688179d00d34","results":1,"page":1,"version":"1.4"}} 
 </msg>
<msg time="2024-05-11T12:24:45.481756" level="INFO">/opt/hostedtoolcache/Python/3.12.3/x64/lib/python3.12/site-packages/urllib3/connectionpool.py:1103: InsecureRequestWarning: Unverified HTTPS request is being made to host 'randomuser.me'. Adding certificate verification is strongly advised. See: https://urllib3.readthedocs.io/en/latest/advanced-usage.html#tls-warnings
  warnings.warn(</msg>
<msg time="2024-05-11T12:24:45.481884" level="INFO">${response} = &lt;Response [200]&gt;</msg>
<var>${response}</var>
<arg>consultarAPI</arg>
<arg>/api</arg>
<doc>Sends a GET request on a previously created HTTP Session.</doc>
<status status="PASS" start="2024-05-11T12:24:45.403123" elapsed="0.078804"/>
</kw>
<kw name="Set Variable" owner="BuiltIn">
<msg time="2024-05-11T12:24:45.483024" level="INFO">${json_data} = {'results': [{'gender': 'male', 'name': {'title': 'Mr', 'first': 'Gavin', 'last': 'Hayes'}, 'location': {'street': {'number': 5340, 'name': 'New Street'}, 'city': 'Chichester', 'state': 'Lothian', 'co...</msg>
<var>${json_data}</var>
<arg>${response.json()}</arg>
<doc>Returns the given values which can then be assigned to a variables.</doc>
<status status="PASS" start="2024-05-11T12:24:45.482489" elapsed="0.000564"/>
</kw>
<kw name="Log" owner="BuiltIn">
<msg time="2024-05-11T12:24:45.483539" level="INFO">{'results': [{'gender': 'male', 'name': {'title': 'Mr', 'first': 'Gavin', 'last': 'Hayes'}, 'location': {'street': {'number': 5340, 'name': 'New Street'}, 'city': 'Chichester', 'state': 'Lothian', 'country': 'United Kingdom', 'postcode': 'J13 4ES', 'coordinates': {'latitude': '-4.6045', 'longitude': '-41.5666'}, 'timezone': {'offset': '+9:00', 'description': 'Tokyo, Seoul, Osaka, Sapporo, Yakutsk'}}, 'email': 'gavin.hayes@example.com', 'login': {'uuid': '56e87392-325a-4fe1-82dc-a2f8a8eb5606', 'username': 'ticklishpeacock693', 'password': 'blacklab', 'salt': 'mjwN97gV', 'md5': '58db3edf03cfab3fcbed54e409c58800', 'sha1': '893179cbc1dc5c3eb785d6225f8f632604172c50', 'sha256': '3cdf5e47826cf1d623dc1f2fe412091596c2c6d1252d8ca3104f941f3000edb0'}, 'dob': {'date': '1954-04-15T07:29:34.198Z', 'age': 70}, 'registered': {'date': '2022-03-17T00:32:35.899Z', 'age': 2}, 'phone': '015396 26394', 'cell': '07839 438645', 'id': {'name': 'NINO', 'value': 'OH 00 61 16 T'}, 'picture': {'large': 'https://randomuser.me/api/portraits/men/52.jpg', 'medium': 'https://randomuser.me/api/portraits/med/men/52.jpg', 'thumbnail': 'https://randomuser.me/api/portraits/thumb/men/52.jpg'}, 'nat': 'GB'}], 'info': {'seed': '1bfa688179d00d34', 'results': 1, 'page': 1, 'version': '1.4'}}</msg>
<arg>${json_data}</arg>
<doc>Logs the given message with the given level.</doc>
<status status="PASS" start="2024-05-11T12:24:45.483372" elapsed="0.000216"/>
</kw>
<kw name="Dictionary Should Contain Key" owner="Collections">
<msg time="2024-05-11T12:24:45.484048" level="INFO">False</msg>
<arg>${json_data}</arg>
<arg>results</arg>
<doc>Fails if ``key`` is not found from ``dictionary``.</doc>
<status status="PASS" start="2024-05-11T12:24:45.483892" elapsed="0.000193"/>
</kw>
<kw name="Should Not Be Empty" owner="BuiltIn">
<msg time="2024-05-11T12:24:45.484508" level="INFO">Length is 2.</msg>
<arg>${json_data}</arg>
<doc>Verifies that the given item is not empty.</doc>
<status status="PASS" start="2024-05-11T12:24:45.484378" elapsed="0.000167"/>
</kw>
<kw name="Create List" owner="BuiltIn">
<msg time="2024-05-11T12:24:45.485154" level="INFO">${expected_keys} = ['gender', 'name', 'location', 'email', 'login']</msg>
<var>${expected_keys}</var>
<arg>gender</arg>
<arg>name</arg>
<arg>location</arg>
<arg>email</arg>
<arg>login</arg>
<doc>Returns a list containing given items.</doc>
<status status="PASS" start="2024-05-11T12:24:45.484838" elapsed="0.000341"/>
</kw>
<for flavor="IN">
<iter>
<kw name="Dictionary Should Contain Key" owner="Collections">
<msg time="2024-05-11T12:24:45.486177" level="INFO">False</msg>
<arg>${json_data['results'][0]}</arg>
<arg>${key}</arg>
<doc>Fails if ``key`` is not found from ``dictionary``.</doc>
<status status="PASS" start="2024-05-11T12:24:45.485774" elapsed="0.000441"/>
</kw>
<kw name="Log" owner="BuiltIn">
<msg time="2024-05-11T12:24:45.486913" level="INFO">{'gender': 'male', 'name': {'title': 'Mr', 'first': 'Gavin', 'last': 'Hayes'}, 'location': {'street': {'number': 5340, 'name': 'New Street'}, 'city': 'Chichester', 'state': 'Lothian', 'country': 'United Kingdom', 'postcode': 'J13 4ES', 'coordinates': {'latitude': '-4.6045', 'longitude': '-41.5666'}, 'timezone': {'offset': '+9:00', 'description': 'Tokyo, Seoul, Osaka, Sapporo, Yakutsk'}}, 'email': 'gavin.hayes@example.com', 'login': {'uuid': '56e87392-325a-4fe1-82dc-a2f8a8eb5606', 'username': 'ticklishpeacock693', 'password': 'blacklab', 'salt': 'mjwN97gV', 'md5': '58db3edf03cfab3fcbed54e409c58800', 'sha1': '893179cbc1dc5c3eb785d6225f8f632604172c50', 'sha256': '3cdf5e47826cf1d623dc1f2fe412091596c2c6d1252d8ca3104f941f3000edb0'}, 'dob': {'date': '1954-04-15T07:29:34.198Z', 'age': 70}, 'registered': {'date': '2022-03-17T00:32:35.899Z', 'age': 2}, 'phone': '015396 26394', 'cell': '07839 438645', 'id': {'name': 'NINO', 'value': 'OH 00 61 16 T'}, 'picture': {'large': 'https://randomuser.me/api/portraits/men/52.jpg', 'medium': 'https://randomuser.me/api/portraits/med/men/52.jpg', 'thumbnail': 'https://randomuser.me/api/portraits/thumb/men/52.jpg'}, 'nat': 'GB'}</msg>
<arg>${json_data['results'][0]}</arg>
<doc>Logs the given message with the given level.</doc>
<status status="PASS" start="2024-05-11T12:24:45.486550" elapsed="0.000412"/>
</kw>
<kw name="Log" owner="BuiltIn">
<msg time="2024-05-11T12:24:45.487389" level="INFO">gender</msg>
<arg>${key}</arg>
<doc>Logs the given message with the given level.</doc>
<status status="PASS" start="2024-05-11T12:24:45.487260" elapsed="0.000165"/>
</kw>
<var name="${key}">gender</var>
<status status="PASS" start="2024-05-11T12:24:45.485645" elapsed="0.001996"/>
</iter>
<iter>
<kw name="Dictionary Should Contain Key" owner="Collections">
<msg time="2024-05-11T12:24:45.488337" level="INFO">False</msg>
<arg>${json_data['results'][0]}</arg>
<arg>${key}</arg>
<doc>Fails if ``key`` is not found from ``dictionary``.</doc>
<status status="PASS" start="2024-05-11T12:24:45.487944" elapsed="0.000430"/>
</kw>
<kw name="Log" owner="BuiltIn">
<msg time="2024-05-11T12:24:45.489058" level="INFO">{'gender': 'male', 'name': {'title': 'Mr', 'first': 'Gavin', 'last': 'Hayes'}, 'location': {'street': {'number': 5340, 'name': 'New Street'}, 'city': 'Chichester', 'state': 'Lothian', 'country': 'United Kingdom', 'postcode': 'J13 4ES', 'coordinates': {'latitude': '-4.6045', 'longitude': '-41.5666'}, 'timezone': {'offset': '+9:00', 'description': 'Tokyo, Seoul, Osaka, Sapporo, Yakutsk'}}, 'email': 'gavin.hayes@example.com', 'login': {'uuid': '56e87392-325a-4fe1-82dc-a2f8a8eb5606', 'username': 'ticklishpeacock693', 'password': 'blacklab', 'salt': 'mjwN97gV', 'md5': '58db3edf03cfab3fcbed54e409c58800', 'sha1': '893179cbc1dc5c3eb785d6225f8f632604172c50', 'sha256': '3cdf5e47826cf1d623dc1f2fe412091596c2c6d1252d8ca3104f941f3000edb0'}, 'dob': {'date': '1954-04-15T07:29:34.198Z', 'age': 70}, 'registered': {'date': '2022-03-17T00:32:35.899Z', 'age': 2}, 'phone': '015396 26394', 'cell': '07839 438645', 'id': {'name': 'NINO', 'value': 'OH 00 61 16 T'}, 'picture': {'large': 'https://randomuser.me/api/portraits/men/52.jpg', 'medium': 'https://randomuser.me/api/portraits/med/men/52.jpg', 'thumbnail': 'https://randomuser.me/api/portraits/thumb/men/52.jpg'}, 'nat': 'GB'}</msg>
<arg>${json_data['results'][0]}</arg>
<doc>Logs the given message with the given level.</doc>
<status status="PASS" start="2024-05-11T12:24:45.488699" elapsed="0.000406"/>
</kw>
<kw name="Log" owner="BuiltIn">
<msg time="2024-05-11T12:24:45.489535" level="INFO">name</msg>
<arg>${key}</arg>
<doc>Logs the given message with the given level.</doc>
<status status="PASS" start="2024-05-11T12:24:45.489408" elapsed="0.000164"/>
</kw>
<var name="${key}">name</var>
<status status="PASS" start="2024-05-11T12:24:45.487827" elapsed="0.001956"/>
</iter>
<iter>
<kw name="Dictionary Should Contain Key" owner="Collections">
<msg time="2024-05-11T12:24:45.490490" level="INFO">False</msg>
<arg>${json_data['results'][0]}</arg>
<arg>${key}</arg>
<doc>Fails if ``key`` is not found from ``dictionary``.</doc>
<status status="PASS" start="2024-05-11T12:24:45.490071" elapsed="0.000457"/>
</kw>
<kw name="Log" owner="BuiltIn">
<msg time="2024-05-11T12:24:45.491192" level="INFO">{'gender': 'male', 'name': {'title': 'Mr', 'first': 'Gavin', 'last': 'Hayes'}, 'location': {'street': {'number': 5340, 'name': 'New Street'}, 'city': 'Chichester', 'state': 'Lothian', 'country': 'United Kingdom', 'postcode': 'J13 4ES', 'coordinates': {'latitude': '-4.6045', 'longitude': '-41.5666'}, 'timezone': {'offset': '+9:00', 'description': 'Tokyo, Seoul, Osaka, Sapporo, Yakutsk'}}, 'email': 'gavin.hayes@example.com', 'login': {'uuid': '56e87392-325a-4fe1-82dc-a2f8a8eb5606', 'username': 'ticklishpeacock693', 'password': 'blacklab', 'salt': 'mjwN97gV', 'md5': '58db3edf03cfab3fcbed54e409c58800', 'sha1': '893179cbc1dc5c3eb785d6225f8f632604172c50', 'sha256': '3cdf5e47826cf1d623dc1f2fe412091596c2c6d1252d8ca3104f941f3000edb0'}, 'dob': {'date': '1954-04-15T07:29:34.198Z', 'age': 70}, 'registered': {'date': '2022-03-17T00:32:35.899Z', 'age': 2}, 'phone': '015396 26394', 'cell': '07839 438645', 'id': {'name': 'NINO', 'value': 'OH 00 61 16 T'}, 'picture': {'large': 'https://randomuser.me/api/portraits/men/52.jpg', 'medium': 'https://randomuser.me/api/portraits/med/men/52.jpg', 'thumbnail': 'https://randomuser.me/api/portraits/thumb/men/52.jpg'}, 'nat': 'GB'}</msg>
<arg>${json_data['results'][0]}</arg>
<doc>Logs the given message with the given level.</doc>
<status status="PASS" start="2024-05-11T12:24:45.490828" elapsed="0.000412"/>
</kw>
<kw name="Log" owner="BuiltIn">
<msg time="2024-05-11T12:24:45.491660" level="INFO">location</msg>
<arg>${key}</arg>
<doc>Logs the given message with the given level.</doc>
<status status="PASS" start="2024-05-11T12:24:45.491532" elapsed="0.000165"/>
</kw>
<var name="${key}">location</var>
<status status="PASS" start="2024-05-11T12:24:45.489960" elapsed="0.001960"/>
</iter>
<iter>
<kw name="Dictionary Should Contain Key" owner="Collections">
<msg time="2024-05-11T12:24:45.492602" level="INFO">False</msg>
<arg>${json_data['results'][0]}</arg>
<arg>${key}</arg>
<doc>Fails if ``key`` is not found from ``dictionary``.</doc>
<status status="PASS" start="2024-05-11T12:24:45.492220" elapsed="0.000419"/>
</kw>
<kw name="Log" owner="BuiltIn">
<msg time="2024-05-11T12:24:45.493293" level="INFO">{'gender': 'male', 'name': {'title': 'Mr', 'first': 'Gavin', 'last': 'Hayes'}, 'location': {'street': {'number': 5340, 'name': 'New Street'}, 'city': 'Chichester', 'state': 'Lothian', 'country': 'United Kingdom', 'postcode': 'J13 4ES', 'coordinates': {'latitude': '-4.6045', 'longitude': '-41.5666'}, 'timezone': {'offset': '+9:00', 'description': 'Tokyo, Seoul, Osaka, Sapporo, Yakutsk'}}, 'email': 'gavin.hayes@example.com', 'login': {'uuid': '56e87392-325a-4fe1-82dc-a2f8a8eb5606', 'username': 'ticklishpeacock693', 'password': 'blacklab', 'salt': 'mjwN97gV', 'md5': '58db3edf03cfab3fcbed54e409c58800', 'sha1': '893179cbc1dc5c3eb785d6225f8f632604172c50', 'sha256': '3cdf5e47826cf1d623dc1f2fe412091596c2c6d1252d8ca3104f941f3000edb0'}, 'dob': {'date': '1954-04-15T07:29:34.198Z', 'age': 70}, 'registered': {'date': '2022-03-17T00:32:35.899Z', 'age': 2}, 'phone': '015396 26394', 'cell': '07839 438645', 'id': {'name': 'NINO', 'value': 'OH 00 61 16 T'}, 'picture': {'large': 'https://randomuser.me/api/portraits/men/52.jpg', 'medium': 'https://randomuser.me/api/portraits/med/men/52.jpg', 'thumbnail': 'https://randomuser.me/api/portraits/thumb/men/52.jpg'}, 'nat': 'GB'}</msg>
<arg>${json_data['results'][0]}</arg>
<doc>Logs the given message with the given level.</doc>
<status status="PASS" start="2024-05-11T12:24:45.492936" elapsed="0.000404"/>
</kw>
<kw name="Log" owner="BuiltIn">
<msg time="2024-05-11T12:24:45.493763" level="INFO">email</msg>
<arg>${key}</arg>
<doc>Logs the given message with the given level.</doc>
<status status="PASS" start="2024-05-11T12:24:45.493629" elapsed="0.000171"/>
</kw>
<var name="${key}">email</var>
<status status="PASS" start="2024-05-11T12:24:45.492102" elapsed="0.001920"/>
</iter>
<iter>
<kw name="Dictionary Should Contain Key" owner="Collections">
<msg time="2024-05-11T12:24:45.494722" level="INFO">False</msg>
<arg>${json_data['results'][0]}</arg>
<arg>${key}</arg>
<doc>Fails if ``key`` is not found from ``dictionary``.</doc>
<status status="PASS" start="2024-05-11T12:24:45.494323" elapsed="0.000437"/>
</kw>
<kw name="Log" owner="BuiltIn">
<msg time="2024-05-11T12:24:45.495427" level="INFO">{'gender': 'male', 'name': {'title': 'Mr', 'first': 'Gavin', 'last': 'Hayes'}, 'location': {'street': {'number': 5340, 'name': 'New Street'}, 'city': 'Chichester', 'state': 'Lothian', 'country': 'United Kingdom', 'postcode': 'J13 4ES', 'coordinates': {'latitude': '-4.6045', 'longitude': '-41.5666'}, 'timezone': {'offset': '+9:00', 'description': 'Tokyo, Seoul, Osaka, Sapporo, Yakutsk'}}, 'email': 'gavin.hayes@example.com', 'login': {'uuid': '56e87392-325a-4fe1-82dc-a2f8a8eb5606', 'username': 'ticklishpeacock693', 'password': 'blacklab', 'salt': 'mjwN97gV', 'md5': '58db3edf03cfab3fcbed54e409c58800', 'sha1': '893179cbc1dc5c3eb785d6225f8f632604172c50', 'sha256': '3cdf5e47826cf1d623dc1f2fe412091596c2c6d1252d8ca3104f941f3000edb0'}, 'dob': {'date': '1954-04-15T07:29:34.198Z', 'age': 70}, 'registered': {'date': '2022-03-17T00:32:35.899Z', 'age': 2}, 'phone': '015396 26394', 'cell': '07839 438645', 'id': {'name': 'NINO', 'value': 'OH 00 61 16 T'}, 'picture': {'large': 'https://randomuser.me/api/portraits/men/52.jpg', 'medium': 'https://randomuser.me/api/portraits/med/men/52.jpg', 'thumbnail': 'https://randomuser.me/api/portraits/thumb/men/52.jpg'}, 'nat': 'GB'}</msg>
<arg>${json_data['results'][0]}</arg>
<doc>Logs the given message with the given level.</doc>
<status status="PASS" start="2024-05-11T12:24:45.495062" elapsed="0.000413"/>
</kw>
<kw name="Log" owner="BuiltIn">
<msg time="2024-05-11T12:24:45.495905" level="INFO">login</msg>
<arg>${key}</arg>
<doc>Logs the given message with the given level.</doc>
<status status="PASS" start="2024-05-11T12:24:45.495779" elapsed="0.000163"/>
</kw>
<var name="${key}">login</var>
<status status="PASS" start="2024-05-11T12:24:45.494192" elapsed="0.001986"/>
</iter>
<var>${key}</var>
<value>@{expected_keys}</value>
<status status="PASS" start="2024-05-11T12:24:45.485453" elapsed="0.010847"/>
</for>
<kw name="Create List" owner="BuiltIn">
<msg time="2024-05-11T12:24:45.496639" level="INFO">${expected_keysTwo} = ['username', 'password']</msg>
<var>${expected_keysTwo}</var>
<arg>username</arg>
<arg>password</arg>
<doc>Returns a list containing given items.</doc>
<status status="PASS" start="2024-05-11T12:24:45.496497" elapsed="0.000166"/>
</kw>
<for flavor="IN">
<iter>
<kw name="Dictionary Should Contain Key" owner="Collections">
<msg time="2024-05-11T12:24:45.497567" level="INFO">False</msg>
<arg>${json_data['results'][0]['login']}</arg>
<arg>${keyTwo}</arg>
<doc>Fails if ``key`` is not found from ``dictionary``.</doc>
<status status="PASS" start="2024-05-11T12:24:45.497172" elapsed="0.000432"/>
</kw>
<kw name="Dictionary Should Contain Key" owner="Collections">
<msg time="2024-05-11T12:24:45.498277" level="INFO">False</msg>
<arg>${json_data['results'][0]['login']}</arg>
<arg>${keyTwo}</arg>
<doc>Fails if ``key`` is not found from ``dictionary``.</doc>
<status status="PASS" start="2024-05-11T12:24:45.497899" elapsed="0.000442"/>
</kw>
<kw name="Log" owner="BuiltIn">
<msg time="2024-05-11T12:24:45.498771" level="INFO">username</msg>
<arg>${keyTwo}</arg>
<doc>Logs the given message with the given level.</doc>
<status status="PASS" start="2024-05-11T12:24:45.498645" elapsed="0.000167"/>
</kw>
<var name="${keyTwo}">username</var>
<status status="PASS" start="2024-05-11T12:24:45.497062" elapsed="0.001965"/>
</iter>
<iter>
<kw name="Dictionary Should Contain Key" owner="Collections">
<msg time="2024-05-11T12:24:45.499688" level="INFO">False</msg>
<arg>${json_data['results'][0]['login']}</arg>
<arg>${keyTwo}</arg>
<doc>Fails if ``key`` is not found from ``dictionary``.</doc>
<status status="PASS" start="2024-05-11T12:24:45.499306" elapsed="0.000419"/>
</kw>
<kw name="Dictionary Should Contain Key" owner="Collections">
<msg time="2024-05-11T12:24:45.500493" level="INFO">False</msg>
<arg>${json_data['results'][0]['login']}</arg>
<arg>${keyTwo}</arg>
<doc>Fails if ``key`` is not found from ``dictionary``.</doc>
<status status="PASS" start="2024-05-11T12:24:45.500018" elapsed="0.000514"/>
</kw>
<kw name="Log" owner="BuiltIn">
<msg time="2024-05-11T12:24:45.500962" level="INFO">password</msg>
<arg>${keyTwo}</arg>
<doc>Logs the given message with the given level.</doc>
<status status="PASS" start="2024-05-11T12:24:45.500834" elapsed="0.000165"/>
</kw>
<var name="${keyTwo}">password</var>
<status status="PASS" start="2024-05-11T12:24:45.499197" elapsed="0.002017"/>
</iter>
<var>${keyTwo}</var>
<value>@{expected_keysTwo}</value>
<status status="PASS" start="2024-05-11T12:24:45.496904" elapsed="0.004432"/>
</for>
<status status="PASS" start="2024-05-11T12:24:45.402883" elapsed="0.098599"/>
</kw>
<doc>Testa a estrutura da resposta da API.</doc>
<tag>testeEstruturaResposta</tag>
<status status="PASS" start="2024-05-11T12:24:45.402353" elapsed="0.099293"/>
</test>
<test id="s1-s1-t4" name="Validar tipos de dados" line="28">
<kw name="Teste de Tipos de Dados" owner="random-user-service">
<kw name="GET On Session" owner="RequestsLibrary">
<msg time="2024-05-11T12:24:45.545868" level="INFO">GET Request : url=https://randomuser.me/api 
 path_url=/api 
 headers={'User-Agent': 'python-requests/2.31.0', 'Accept-Encoding': 'gzip, deflate', 'Accept': '*/*', 'Connection': 'keep-alive'} 
 body=None 
 </msg>
<msg time="2024-05-11T12:24:45.545971" level="INFO">GET Response : url=https://randomuser.me/api 
 status=200, reason=OK 
 headers={'Date': 'Sat, 11 May 2024 12:24:45 GMT', 'Content-Type': 'application/json; charset=utf-8', 'Transfer-Encoding': 'chunked', 'Connection': 'keep-alive', 'X-Powered-By': 'Express', 'Access-Control-Allow-Origin': '*', 'Cache-Control': 'no-cache', 'ETag': 'W/"492-dj+iPQ2sG4KEZYXZmTCLC0VX3oI"', 'Vary': 'Accept-Encoding', 'Content-Encoding': 'gzip', 'CF-Cache-Status': 'DYNAMIC', 'Report-To': '{"endpoints":[{"url":"https:\\/\\/a.nel.cloudflare.com\\/report\\/v4?s=dtSFEePl1jaCbubL4vzs3Zgu5c1DXQPl2ZIKe8FY%2BKpz%2Fft8NfFSK%2Fdz2QsPxAB0qUSeuL1vr2mPbpF%2FEnCbEk1rCDNvWy9fqsXNpvc2V3B4UQpGVILW5VSdU2b9uIjH"}],"group":"cf-nel","max_age":604800}', 'NEL': '{"success_fraction":0,"report_to":"cf-nel","max_age":604800}', 'Server': 'cloudflare', 'CF-RAY': '882225d46b68e1fb-ORD', 'alt-svc': 'h3=":443"; ma=86400'} 
 body={"results":[{"gender":"female","name":{"title":"Miss","first":"Rathi","last":"Chavare"},"location":{"street":{"number":7702,"name":"Bannerghatta Rd"},"city":"Panchkula","state":"Sikkim","country":"India","postcode":39129,"coordinates":{"latitude":"12.3410","longitude":"26.0561"},"timezone":{"offset":"+9:00","description":"Tokyo, Seoul, Osaka, Sapporo, Yakutsk"}},"email":"rathi.chavare@example.com","login":{"uuid":"932dc0bd-5f4e-4b46-a9bf-db3d9984fc0a","username":"yellowswan755","password":"port","salt":"8q7Tqy4J","md5":"00fe73272421e2ec054bb88feb64f61a","sha1":"f6c17b663d86ac1ffadb46a162972d8e129e12c4","sha256":"d3a3a9005f76ddb4893f6ba43fc2724dd0a02d5655da0c2c9d9c26549d9f9b37"},"dob":{"date":"1957-09-27T11:58:15.046Z","age":66},"registered":{"date":"2019-05-15T07:05:12.871Z","age":4},"phone":"8529706925","cell":"8674631110","id":{"name":"UIDAI","value":"602357304368"},"picture":{"large":"https://randomuser.me/api/portraits/women/55.jpg","medium":"https://randomuser.me/api/portraits/med/women/55.jpg","thumbnail":"https://randomuser.me/api/portraits/thumb/women/55.jpg"},"nat":"IN"}],"info":{"seed":"918cab54c761898c","results":1,"page":1,"version":"1.4"}} 
 </msg>
<msg time="2024-05-11T12:24:45.546044" level="INFO">/opt/hostedtoolcache/Python/3.12.3/x64/lib/python3.12/site-packages/urllib3/connectionpool.py:1103: InsecureRequestWarning: Unverified HTTPS request is being made to host 'randomuser.me'. Adding certificate verification is strongly advised. See: https://urllib3.readthedocs.io/en/latest/advanced-usage.html#tls-warnings
  warnings.warn(</msg>
<msg time="2024-05-11T12:24:45.546167" level="INFO">${response} = &lt;Response [200]&gt;</msg>
<var>${response}</var>
<arg>consultarAPI</arg>
<arg>/api</arg>
<doc>Sends a GET request on a previously created HTTP Session.</doc>
<status status="PASS" start="2024-05-11T12:24:45.504262" elapsed="0.041938"/>
</kw>
<kw name="Set Variable" owner="BuiltIn">
<msg time="2024-05-11T12:24:45.547360" level="INFO">${json_data} = {'results': [{'gender': 'female', 'name': {'title': 'Miss', 'first': 'Rathi', 'last': 'Chavare'}, 'location': {'street': {'number': 7702, 'name': 'Bannerghatta Rd'}, 'city': 'Panchkula', 'state': 'Sik...</msg>
<var>${json_data}</var>
<arg>${response.json()}</arg>
<doc>Returns the given values which can then be assigned to a variables.</doc>
<status status="PASS" start="2024-05-11T12:24:45.546792" elapsed="0.000598"/>
</kw>
<kw name="Log" owner="BuiltIn">
<msg time="2024-05-11T12:24:45.547982" level="INFO">{'results': [{'gender': 'female', 'name': {'title': 'Miss', 'first': 'Rathi', 'last': 'Chavare'}, 'location': {'street': {'number': 7702, 'name': 'Bannerghatta Rd'}, 'city': 'Panchkula', 'state': 'Sikkim', 'country': 'India', 'postcode': 39129, 'coordinates': {'latitude': '12.3410', 'longitude': '26.0561'}, 'timezone': {'offset': '+9:00', 'description': 'Tokyo, Seoul, Osaka, Sapporo, Yakutsk'}}, 'email': 'rathi.chavare@example.com', 'login': {'uuid': '932dc0bd-5f4e-4b46-a9bf-db3d9984fc0a', 'username': 'yellowswan755', 'password': 'port', 'salt': '8q7Tqy4J', 'md5': '00fe73272421e2ec054bb88feb64f61a', 'sha1': 'f6c17b663d86ac1ffadb46a162972d8e129e12c4', 'sha256': 'd3a3a9005f76ddb4893f6ba43fc2724dd0a02d5655da0c2c9d9c26549d9f9b37'}, 'dob': {'date': '1957-09-27T11:58:15.046Z', 'age': 66}, 'registered': {'date': '2019-05-15T07:05:12.871Z', 'age': 4}, 'phone': '8529706925', 'cell': '8674631110', 'id': {'name': 'UIDAI', 'value': '602357304368'}, 'picture': {'large': 'https://randomuser.me/api/portraits/women/55.jpg', 'medium': 'https://randomuser.me/api/portraits/med/women/55.jpg', 'thumbnail': 'https://randomuser.me/api/portraits/thumb/women/55.jpg'}, 'nat': 'IN'}], 'info': {'seed': '918cab54c761898c', 'results': 1, 'page': 1, 'version': '1.4'}}</msg>
<arg>${json_data}</arg>
<doc>Logs the given message with the given level.</doc>
<status status="PASS" start="2024-05-11T12:24:45.547790" elapsed="0.000288"/>
</kw>
<kw name="Should Be String" owner="String">
<arg>${json_data['results'][0]['gender']}</arg>
<doc>Fails if the given ``item`` is not a string.</doc>
<status status="PASS" start="2024-05-11T12:24:45.548435" elapsed="0.000414"/>
</kw>
<kw name="Should Match Regexp" owner="BuiltIn">
<arg>${json_data['results'][0]['email']}</arg>
<arg>^[a-zA-Z0-9._%+-]+@[a-zA-Z0-9.-]+\.[a-zA-Z]{2,}$</arg>
<doc>Fails if ``string`` does not match ``pattern`` as a regular expression.</doc>
<status status="PASS" start="2024-05-11T12:24:45.549059" elapsed="0.000547"/>
</kw>
<kw name="Should Match Regexp" owner="BuiltIn">
<arg>${json_data['results'][0]['dob']['date']}</arg>
<arg>\\d{4}-\\d{2}-\\d{2}T\\d{2}:\\d{2}:\\d{2}\\.\\d{3}Z</arg>
<doc>Fails if ``string`` does not match ``pattern`` as a regular expression.</doc>
<status status="PASS" start="2024-05-11T12:24:45.549818" elapsed="0.000567"/>
</kw>
<kw name="Should Match Regexp" owner="BuiltIn">
<arg>${json_data['results'][0]['registered']['date']}</arg>
<arg>\\d{4}-\\d{2}-\\d{2}T\\d{2}:\\d{2}:\\d{2}\\.\\d{3}Z</arg>
<doc>Fails if ``string`` does not match ``pattern`` as a regular expression.</doc>
<status status="PASS" start="2024-05-11T12:24:45.550604" elapsed="0.000383"/>
</kw>
<kw name="Should Match Regexp" owner="BuiltIn">
<arg>${json_data['results'][0]['picture']['large']}</arg>
<arg>^https?://.*\.(?:png|jpe?g|gif|bmp)$</arg>
<doc>Fails if ``string`` does not match ``pattern`` as a regular expression.</doc>
<status status="PASS" start="2024-05-11T12:24:45.551181" elapsed="0.000475"/>
</kw>
<kw name="Should Match Regexp" owner="BuiltIn">
<arg>${json_data['results'][0]['picture']['medium']}</arg>
<arg>^https?://.*\.(?:png|jpe?g|gif|bmp)$</arg>
<doc>Fails if ``string`` does not match ``pattern`` as a regular expression.</doc>
<status status="PASS" start="2024-05-11T12:24:45.551850" elapsed="0.000367"/>
</kw>
<kw name="Should Match Regexp" owner="BuiltIn">
<arg>${json_data['results'][0]['picture']['thumbnail']}</arg>
<arg>^https?://.*\.(?:png|jpe?g|gif|bmp)$</arg>
<doc>Fails if ``string`` does not match ``pattern`` as a regular expression.</doc>
<status status="PASS" start="2024-05-11T12:24:45.552410" elapsed="0.000356"/>
</kw>
<kw name="Log" owner="BuiltIn">
<msg time="2024-05-11T12:24:45.553277" level="INFO">{'large': 'https://randomuser.me/api/portraits/women/55.jpg', 'medium': 'https://randomuser.me/api/portraits/med/women/55.jpg', 'thumbnail': 'https://randomuser.me/api/portraits/thumb/women/55.jpg'}</msg>
<arg>${json_data['results'][0]['picture']}</arg>
<doc>Logs the given message with the given level.</doc>
<status status="PASS" start="2024-05-11T12:24:45.552950" elapsed="0.000368"/>
</kw>
<status status="PASS" start="2024-05-11T12:24:45.504024" elapsed="0.049605"/>
</kw>
<kw name="Teste de Tipos de Dados - Postcode" owner="random-user-service">
<kw name="GET On Session" owner="RequestsLibrary">
<msg time="2024-05-11T12:24:45.647111" level="INFO">GET Request : url=https://randomuser.me/api 
 path_url=/api 
 headers={'User-Agent': 'python-requests/2.31.0', 'Accept-Encoding': 'gzip, deflate', 'Accept': '*/*', 'Connection': 'keep-alive'} 
 body=None 
 </msg>
<msg time="2024-05-11T12:24:45.647215" level="INFO">GET Response : url=https://randomuser.me/api 
 status=200, reason=OK 
 headers={'Date': 'Sat, 11 May 2024 12:24:45 GMT', 'Content-Type': 'application/json; charset=utf-8', 'Transfer-Encoding': 'chunked', 'Connection': 'keep-alive', 'X-Powered-By': 'Express', 'Access-Control-Allow-Origin': '*', 'Cache-Control': 'no-cache', 'ETag': 'W/"48a-clG1iVlG6DqhwgWrTeqzCvkBTCk"', 'Vary': 'Accept-Encoding', 'Content-Encoding': 'gzip', 'CF-Cache-Status': 'DYNAMIC', 'Report-To': '{"endpoints":[{"url":"https:\\/\\/a.nel.cloudflare.com\\/report\\/v4?s=qB5cyJyyhR24NLgIEN6tJlGSMgzK0n%2BnqJxjm23zUKKQWZpgZ7%2BXR8zkhz1EV6%2B0HaiQxs%2BFz9kxxwCl5OeEuIv3Ojnq%2Buovcv3WoYB3PTrpZ30hzkTXecyaR8051NJV"}],"group":"cf-nel","max_age":604800}', 'NEL': '{"success_fraction":0,"report_to":"cf-nel","max_age":604800}', 'Server': 'cloudflare', 'CF-RAY': '882225d4bb9ee1fb-ORD', 'alt-svc': 'h3=":443"; ma=86400'} 
 body={"results":[{"gender":"male","name":{"title":"Mr","first":"Çetin","last":"Süleymanoğlu"},"location":{"street":{"number":6754,"name":"Istiklal Cd"},"city":"Hakkâri","state":"Hakkâri","country":"Turkey","postcode":29209,"coordinates":{"latitude":"66.5826","longitude":"-99.2342"},"timezone":{"offset":"+8:00","description":"Beijing, Perth, Singapore, Hong Kong"}},"email":"cetin.suleymanoglu@example.com","login":{"uuid":"3bda7553-9b0b-4928-b0ae-5214c6d2ee6d","username":"redswan437","password":"1812","salt":"MTaSKiI9","md5":"48248245cf4b856b2b268a8ab5b89814","sha1":"508abe5c660e3693461addf55c192dfb2d6a93fe","sha256":"ebacbc1a632dffcca0cfa01c3dfc5a610f2df4d0bde3ad4dcca78fab68a08a61"},"dob":{"date":"1953-03-29T22:49:52.084Z","age":71},"registered":{"date":"2004-03-06T04:41:57.008Z","age":20},"phone":"(848)-199-3896","cell":"(200)-037-7152","id":{"name":"","value":null},"picture":{"large":"https://randomuser.me/api/portraits/men/29.jpg","medium":"https://randomuser.me/api/portraits/med/men/29.jpg","thumbnail":"https://randomuser.me/api/portraits/thumb/men/29.jpg"},"nat":"TR"}],"info":{"seed":"cc31978cdcb485fa","results":1,"page":1,"version":"1.4"}} 
 </msg>
<msg time="2024-05-11T12:24:45.647292" level="INFO">/opt/hostedtoolcache/Python/3.12.3/x64/lib/python3.12/site-packages/urllib3/connectionpool.py:1103: InsecureRequestWarning: Unverified HTTPS request is being made to host 'randomuser.me'. Adding certificate verification is strongly advised. See: https://urllib3.readthedocs.io/en/latest/advanced-usage.html#tls-warnings
  warnings.warn(</msg>
<msg time="2024-05-11T12:24:45.647417" level="INFO">${response} = &lt;Response [200]&gt;</msg>
<var>${response}</var>
<arg>consultarAPI</arg>
<arg>/api</arg>
<doc>Sends a GET request on a previously created HTTP Session.</doc>
<status status="PASS" start="2024-05-11T12:24:45.554117" elapsed="0.093339"/>
</kw>
<kw name="Set Variable" owner="BuiltIn">
<msg time="2024-05-11T12:24:45.648781" level="INFO">${json_data} = {'results': [{'gender': 'male', 'name': {'title': 'Mr', 'first': 'Çetin', 'last': 'Süleymanoğlu'}, 'location': {'street': {'number': 6754, 'name': 'Istiklal Cd'}, 'city': 'Hakkâri', 'state': 'Hakkâri'...</msg>
<var>${json_data}</var>
<arg>${response.json()}</arg>
<doc>Returns the given values which can then be assigned to a variables.</doc>
<status status="PASS" start="2024-05-11T12:24:45.648130" elapsed="0.000684"/>
</kw>
<kw name="Log" owner="BuiltIn">
<msg time="2024-05-11T12:24:45.649414" level="INFO">{'results': [{'gender': 'male', 'name': {'title': 'Mr', 'first': 'Çetin', 'last': 'Süleymanoğlu'}, 'location': {'street': {'number': 6754, 'name': 'Istiklal Cd'}, 'city': 'Hakkâri', 'state': 'Hakkâri', 'country': 'Turkey', 'postcode': 29209, 'coordinates': {'latitude': '66.5826', 'longitude': '-99.2342'}, 'timezone': {'offset': '+8:00', 'description': 'Beijing, Perth, Singapore, Hong Kong'}}, 'email': 'cetin.suleymanoglu@example.com', 'login': {'uuid': '3bda7553-9b0b-4928-b0ae-5214c6d2ee6d', 'username': 'redswan437', 'password': '1812', 'salt': 'MTaSKiI9', 'md5': '48248245cf4b856b2b268a8ab5b89814', 'sha1': '508abe5c660e3693461addf55c192dfb2d6a93fe', 'sha256': 'ebacbc1a632dffcca0cfa01c3dfc5a610f2df4d0bde3ad4dcca78fab68a08a61'}, 'dob': {'date': '1953-03-29T22:49:52.084Z', 'age': 71}, 'registered': {'date': '2004-03-06T04:41:57.008Z', 'age': 20}, 'phone': '(848)-199-3896', 'cell': '(200)-037-7152', 'id': {'name': '', 'value': None}, 'picture': {'large': 'https://randomuser.me/api/portraits/men/29.jpg', 'medium': 'https://randomuser.me/api/portraits/med/men/29.jpg', 'thumbnail': 'https://randomuser.me/api/portraits/thumb/men/29.jpg'}, 'nat': 'TR'}], 'info': {'seed': 'cc31978cdcb485fa', 'results': 1, 'page': 1, 'version': '1.4'}}</msg>
<arg>${json_data}</arg>
<doc>Logs the given message with the given level.</doc>
<status status="PASS" start="2024-05-11T12:24:45.649222" elapsed="0.000283"/>
</kw>
<kw name="Should Be Equal As Numbers" owner="BuiltIn">
<arg>${json_data['results'][0]['location']['postcode']}</arg>
<arg>${json_data['results'][0]['location']['postcode']}</arg>
<doc>Fails if objects are unequal after converting them to real numbers.</doc>
<status status="PASS" start="2024-05-11T12:24:45.649877" elapsed="0.000925"/>
</kw>
<kw name="Log" owner="BuiltIn">
<msg time="2024-05-11T12:24:45.651380" level="INFO">29209</msg>
<arg>${json_data['results'][0]['location']['postcode']}</arg>
<doc>Logs the given message with the given level.</doc>
<status status="PASS" start="2024-05-11T12:24:45.651022" elapsed="0.000401"/>
</kw>
<status status="PASS" start="2024-05-11T12:24:45.553871" elapsed="0.097838"/>
</kw>
<doc>Testa se os tipos de dados na resposta da API estão corretos.</doc>
<tag>testeTiposDados</tag>
<status status="PASS" start="2024-05-11T12:24:45.503512" elapsed="0.148424"/>
</test>
<test id="s1-s1-t5" name="Validar conteudo" line="35">
<kw name="Teste de Tipos de Conteudo" owner="random-user-service">
<kw name="GET On Session" owner="RequestsLibrary">
<msg time="2024-05-11T12:24:45.746898" level="INFO">GET Request : url=https://randomuser.me/api 
 path_url=/api 
 headers={'User-Agent': 'python-requests/2.31.0', 'Accept-Encoding': 'gzip, deflate', 'Accept': '*/*', 'Connection': 'keep-alive'} 
 body=None 
 </msg>
<msg time="2024-05-11T12:24:45.747008" level="INFO">GET Response : url=https://randomuser.me/api 
 status=200, reason=OK 
 headers={'Date': 'Sat, 11 May 2024 12:24:45 GMT', 'Content-Type': 'application/json; charset=utf-8', 'Transfer-Encoding': 'chunked', 'Connection': 'keep-alive', 'X-Powered-By': 'Express', 'Access-Control-Allow-Origin': '*', 'Cache-Control': 'no-cache', 'ETag': 'W/"496-ecnYaFtYcoveMFB1UD3c+3rOIZI"', 'Vary': 'Accept-Encoding', 'Content-Encoding': 'gzip', 'CF-Cache-Status': 'DYNAMIC', 'Report-To': '{"endpoints":[{"url":"https:\\/\\/a.nel.cloudflare.com\\/report\\/v4?s=YwiOoi1c5fHA4MiFsU5G2KD4lLJS8n7LJLcSegfBoBpMqyqmj4mFwxTByfPjaeC11%2FC2Ki7PSQ4I%2BIrtRw6OhNpf%2FxGBtEdXrSt%2F8mSK9e%2B%2FOFyvXY888iT1pNDtuHKN"}],"group":"cf-nel","max_age":604800}', 'NEL': '{"success_fraction":0,"report_to":"cf-nel","max_age":604800}', 'Server': 'cloudflare', 'CF-RAY': '882225d55beee1fb-ORD', 'alt-svc': 'h3=":443"; ma=86400'} 
 body={"results":[{"gender":"male","name":{"title":"Mr","first":"Thomas","last":"Roberts"},"location":{"street":{"number":7760,"name":"Theodosia Street"},"city":"Hastings","state":"Gisborne","country":"New Zealand","postcode":26051,"coordinates":{"latitude":"47.4687","longitude":"-42.4976"},"timezone":{"offset":"0:00","description":"Western Europe Time, London, Lisbon, Casablanca"}},"email":"thomas.roberts@example.com","login":{"uuid":"e96ce432-cc3a-460e-bf2a-2b5201f5916c","username":"blackmouse242","password":"yuan","salt":"YXpQyb3D","md5":"fe945f00551c9371fde8c290c2e1cf04","sha1":"d3e06ecf487b57a35baeccb4c63f657e0c2ebbe0","sha256":"c43f459cd68072294e6a07da4a067c896a8474521366e0c29fe57c1a8198a10b"},"dob":{"date":"1985-05-24T17:58:25.138Z","age":38},"registered":{"date":"2008-12-22T14:24:25.357Z","age":15},"phone":"(019)-360-4860","cell":"(918)-578-0407","id":{"name":"","value":null},"picture":{"large":"https://randomuser.me/api/portraits/men/14.jpg","medium":"https://randomuser.me/api/portraits/med/men/14.jpg","thumbnail":"https://randomuser.me/api/portraits/thumb/men/14.jpg"},"nat":"NZ"}],"info":{"seed":"6567a5867ea5c354","results":1,"page":1,"version":"1.4"}} 
 </msg>
<msg time="2024-05-11T12:24:45.747087" level="INFO">/opt/hostedtoolcache/Python/3.12.3/x64/lib/python3.12/site-packages/urllib3/connectionpool.py:1103: InsecureRequestWarning: Unverified HTTPS request is being made to host 'randomuser.me'. Adding certificate verification is strongly advised. See: https://urllib3.readthedocs.io/en/latest/advanced-usage.html#tls-warnings
  warnings.warn(</msg>
<msg time="2024-05-11T12:24:45.747213" level="INFO">${response} = &lt;Response [200]&gt;</msg>
<var>${response}</var>
<arg>consultarAPI</arg>
<arg>/api</arg>
<doc>Sends a GET request on a previously created HTTP Session.</doc>
<status status="PASS" start="2024-05-11T12:24:45.654686" elapsed="0.092569"/>
</kw>
<kw name="Set Variable" owner="BuiltIn">
<msg time="2024-05-11T12:24:45.748444" level="INFO">${json_data} = {'results': [{'gender': 'male', 'name': {'title': 'Mr', 'first': 'Thomas', 'last': 'Roberts'}, 'location': {'street': {'number': 7760, 'name': 'Theodosia Street'}, 'city': 'Hastings', 'state': 'Gisbor...</msg>
<var>${json_data}</var>
<arg>${response.json()}</arg>
<doc>Returns the given values which can then be assigned to a variables.</doc>
<status status="PASS" start="2024-05-11T12:24:45.747881" elapsed="0.000592"/>
</kw>
<kw name="Set Variable" owner="BuiltIn">
<msg time="2024-05-11T12:24:45.749173" level="INFO">${name_title} = Mr</msg>
<var>${name_title}</var>
<arg>${json_data["results"][0]["name"]["title"]}</arg>
<doc>Returns the given values which can then be assigned to a variables.</doc>
<status status="PASS" start="2024-05-11T12:24:45.748787" elapsed="0.000411"/>
</kw>
<kw name="Create List" owner="BuiltIn">
<msg time="2024-05-11T12:24:45.749651" level="INFO">${allowed_titles} = ['Mr', 'Ms', 'Miss', 'Mrs', 'Madame', 'Monsieur']</msg>
<var>${allowed_titles}</var>
<arg>Mr</arg>
<arg>Ms</arg>
<arg>Miss</arg>
<arg>Mrs</arg>
<arg>Madame</arg>
<arg>Monsieur</arg>
<doc>Returns a list containing given items.</doc>
<status status="PASS" start="2024-05-11T12:24:45.749502" elapsed="0.000174"/>
</kw>
<kw name="List Should Contain Value" owner="Collections">
<msg time="2024-05-11T12:24:45.750151" level="INFO">False</msg>
<arg>${allowed_titles}</arg>
<arg>${name_title}</arg>
<doc>Fails if the ``value`` is not found from ``list``.</doc>
<status status="PASS" start="2024-05-11T12:24:45.749973" elapsed="0.000216"/>
</kw>
<kw name="Set Variable" owner="BuiltIn">
<msg time="2024-05-11T12:24:45.750903" level="INFO">${name_country} = NZ</msg>
<var>${name_country}</var>
<arg>${json_data["results"][0]["nat"]}</arg>
<doc>Returns the given values which can then be assigned to a variables.</doc>
<status status="PASS" start="2024-05-11T12:24:45.750519" elapsed="0.000409"/>
</kw>
<kw name="Create List" owner="BuiltIn">
<msg time="2024-05-11T12:24:45.751813" level="INFO">${list_country} = ['AD', 'AE', 'AF', 'AG', 'AI', 'AL', 'AM', 'AO', 'AQ', 'AR', 'AS', 'AT', 'AU', 'AW', 'AX', 'AZ', 'BA', 'BB', 'BD', 'BE', 'BF', 'BG', 'BH', 'BI', 'BJ', 'BL', 'BM', 'BN', 'BO', 'BQ', 'BR', 'BS', 'BT', '...</msg>
<var>${list_country}</var>
<arg>AD</arg>
<arg>AE</arg>
<arg>AF</arg>
<arg>AG</arg>
<arg>AI</arg>
<arg>AL</arg>
<arg>AM</arg>
<arg>AO</arg>
<arg>AQ</arg>
<arg>AR</arg>
<arg>AS</arg>
<arg>AT</arg>
<arg>AU</arg>
<arg>AW</arg>
<arg>AX</arg>
<arg>AZ</arg>
<arg>BA</arg>
<arg>BB</arg>
<arg>BD</arg>
<arg>BE</arg>
<arg>BF</arg>
<arg>BG</arg>
<arg>BH</arg>
<arg>BI</arg>
<arg>BJ</arg>
<arg>BL</arg>
<arg>BM</arg>
<arg>BN</arg>
<arg>BO</arg>
<arg>BQ</arg>
<arg>BR</arg>
<arg>BS</arg>
<arg>BT</arg>
<arg>BV</arg>
<arg>BW</arg>
<arg>BY</arg>
<arg>BZ</arg>
<arg>CA</arg>
<arg>CC</arg>
<arg>CD</arg>
<arg>CF</arg>
<arg>CG</arg>
<arg>CH</arg>
<arg>CI</arg>
<arg>CK</arg>
<arg>CL</arg>
<arg>CM</arg>
<arg>CN</arg>
<arg>CO</arg>
<arg>CR</arg>
<arg>CU</arg>
<arg>CV</arg>
<arg>CW</arg>
<arg>CX</arg>
<arg>CY</arg>
<arg>CZ</arg>
<arg>DE</arg>
<arg>DJ</arg>
<arg>DK</arg>
<arg>DM</arg>
<arg>DO</arg>
<arg>DZ</arg>
<arg>EC</arg>
<arg>EE</arg>
<arg>EG</arg>
<arg>EH</arg>
<arg>ER</arg>
<arg>ES</arg>
<arg>ET</arg>
<arg>FI</arg>
<arg>FJ</arg>
<arg>FK</arg>
<arg>FM</arg>
<arg>FO</arg>
<arg>FR</arg>
<arg>GA</arg>
<arg>GB</arg>
<arg>GD</arg>
<arg>GE</arg>
<arg>GF</arg>
<arg>GG</arg>
<arg>GH</arg>
<arg>GI</arg>
<arg>GL</arg>
<arg>GM</arg>
<arg>GN</arg>
<arg>GP</arg>
<arg>GQ</arg>
<arg>GR</arg>
<arg>GS</arg>
<arg>GT</arg>
<arg>GU</arg>
<arg>GW</arg>
<arg>GY</arg>
<arg>HK</arg>
<arg>HM</arg>
<arg>HN</arg>
<arg>HR</arg>
<arg>HT</arg>
<arg>HU</arg>
<arg>ID</arg>
<arg>IE</arg>
<arg>IL</arg>
<arg>IM</arg>
<arg>IN</arg>
<arg>IO</arg>
<arg>IQ</arg>
<arg>IR</arg>
<arg>IS</arg>
<arg>IT</arg>
<arg>JE</arg>
<arg>JM</arg>
<arg>JO</arg>
<arg>JP</arg>
<arg>KE</arg>
<arg>KG</arg>
<arg>KH</arg>
<arg>KI</arg>
<arg>KM</arg>
<arg>KN</arg>
<arg>KP</arg>
<arg>KR</arg>
<arg>KW</arg>
<arg>KY</arg>
<arg>KZ</arg>
<arg>LA</arg>
<arg>LB</arg>
<arg>LC</arg>
<arg>LI</arg>
<arg>LK</arg>
<arg>LR</arg>
<arg>LS</arg>
<arg>LT</arg>
<arg>LU</arg>
<arg>LV</arg>
<arg>LY</arg>
<arg>MA</arg>
<arg>MC</arg>
<arg>MD</arg>
<arg>ME</arg>
<arg>MF</arg>
<arg>MG</arg>
<arg>MH</arg>
<arg>MK</arg>
<arg>ML</arg>
<arg>MM</arg>
<arg>MN</arg>
<arg>MO</arg>
<arg>MP</arg>
<arg>MQ</arg>
<arg>MR</arg>
<arg>MS</arg>
<arg>MT</arg>
<arg>MU</arg>
<arg>MV</arg>
<arg>MW</arg>
<arg>MX</arg>
<arg>MY</arg>
<arg>MZ</arg>
<arg>NA</arg>
<arg>NC</arg>
<arg>NE</arg>
<arg>NF</arg>
<arg>NG</arg>
<arg>NI</arg>
<arg>NL</arg>
<arg>NO</arg>
<arg>NP</arg>
<arg>NR</arg>
<arg>NU</arg>
<arg>NZ</arg>
<arg>OM</arg>
<arg>PA</arg>
<arg>PE</arg>
<arg>PF</arg>
<arg>PG</arg>
<arg>PH</arg>
<arg>PK</arg>
<arg>PL</arg>
<arg>PM</arg>
<arg>PN</arg>
<arg>PR</arg>
<arg>PS</arg>
<arg>PT</arg>
<arg>PW</arg>
<arg>PY</arg>
<arg>QA</arg>
<arg>RE</arg>
<arg>RO</arg>
<arg>RS</arg>
<arg>RU</arg>
<arg>RW</arg>
<arg>SA</arg>
<arg>SB</arg>
<arg>SC</arg>
<arg>SD</arg>
<arg>SE</arg>
<arg>SG</arg>
<arg>SH</arg>
<arg>SI</arg>
<arg>SJ</arg>
<arg>SK</arg>
<arg>SL</arg>
<arg>SM</arg>
<arg>SN</arg>
<arg>SO</arg>
<arg>SR</arg>
<arg>SS</arg>
<arg>ST</arg>
<arg>SV</arg>
<arg>SX</arg>
<arg>SY</arg>
<arg>SZ</arg>
<arg>TC</arg>
<arg>TD</arg>
<arg>TF</arg>
<arg>TG</arg>
<arg>TH</arg>
<arg>TJ</arg>
<arg>TK</arg>
<arg>TL</arg>
<arg>TM</arg>
<arg>TN</arg>
<arg>TO</arg>
<arg>TR</arg>
<arg>TT</arg>
<arg>TV</arg>
<arg>TW</arg>
<arg>TZ</arg>
<arg>UA</arg>
<arg>UG</arg>
<arg>UM</arg>
<arg>US</arg>
<arg>UY</arg>
<arg>UZ</arg>
<arg>VA</arg>
<arg>VC</arg>
<arg>VE</arg>
<arg>VG</arg>
<arg>VI</arg>
<arg>VN</arg>
<arg>VU</arg>
<arg>WF</arg>
<arg>WS</arg>
<arg>XK</arg>
<arg>YE</arg>
<arg>YT</arg>
<arg>ZA</arg>
<arg>ZM</arg>
<arg>ZW</arg>
<doc>Returns a list containing given items.</doc>
<status status="PASS" start="2024-05-11T12:24:45.751228" elapsed="0.000613"/>
</kw>
<kw name="List Should Contain Value" owner="Collections">
<msg time="2024-05-11T12:24:45.752833" level="INFO">False</msg>
<arg>${list_country}</arg>
<arg>${name_country}</arg>
<doc>Fails if the ``value`` is not found from ``list``.</doc>
<status status="PASS" start="2024-05-11T12:24:45.752634" elapsed="0.000236"/>
</kw>
<kw name="Run Keyword If" owner="BuiltIn">
<kw name="Should Be True" owner="BuiltIn">
<arg>${True}</arg>
<doc>Fails if the given condition is not true.</doc>
<status status="PASS" start="2024-05-11T12:24:45.753939" elapsed="0.000146"/>
</kw>
<arg>${json_data["results"][0]["location"]["coordinates"]["latitude"]} &gt;= -90 and ${json_data["results"][0]["location"]["coordinates"]["latitude"]} &lt;= 90</arg>
<arg>Should Be True</arg>
<arg>${True}</arg>
<doc>Runs the given keyword with the given arguments, if ``condition`` is true.</doc>
<status status="PASS" start="2024-05-11T12:24:45.753185" elapsed="0.001027"/>
</kw>
<kw name="Run Keyword If" owner="BuiltIn">
<kw name="Should Be True" owner="BuiltIn">
<arg>${True}</arg>
<doc>Fails if the given condition is not true.</doc>
<status status="PASS" start="2024-05-11T12:24:45.755132" elapsed="0.000268"/>
</kw>
<arg>${json_data["results"][0]["location"]["coordinates"]["longitude"]} &gt;= -180 and ${json_data["results"][0]["location"]["coordinates"]["longitude"]} &lt;= 180</arg>
<arg>Should Be True</arg>
<arg>${True}</arg>
<doc>Runs the given keyword with the given arguments, if ``condition`` is true.</doc>
<status status="PASS" start="2024-05-11T12:24:45.754429" elapsed="0.001099"/>
</kw>
<status status="PASS" start="2024-05-11T12:24:45.654420" elapsed="0.101241"/>
</kw>
<doc>Testa o conteúdo específico dos campos retornados pela API.</doc>
<tag>testeConteudo</tag>
<status status="PASS" start="2024-05-11T12:24:45.653818" elapsed="0.101996"/>
</test>
<status status="PASS" start="2024-05-11T12:24:44.523171" elapsed="1.234739"/>
</suite>
<status status="PASS" start="2024-05-11T12:24:44.508701" elapsed="1.254675"/>
</suite>
<statistics>
<total>
<stat pass="5" fail="0" skip="0">All Tests</stat>
</total>
<tag>
<stat pass="1" fail="0" skip="0">testeConteudo</stat>
<stat pass="1" fail="0" skip="0">testeEstruturaResposta</stat>
<stat pass="1" fail="0" skip="0">testeRequisicaoBasica</stat>
<stat pass="1" fail="0" skip="0">testeTiposDados</stat>
</tag>
<suite>
<stat pass="5" fail="0" skip="0" id="s1" name="Tests">Tests</stat>
<stat pass="5" fail="0" skip="0" id="s1-s1" name="Random-User-Test">Tests.Random-User-Test</stat>
</suite>
</statistics>
<errors>
</errors>
</robot>
