<?xml version="1.0" encoding="UTF-8"?>
<robot generator="Robot 7.0 (Python 3.12.2 on linux)" generated="2024-04-11T10:15:09.343105" rpa="false" schemaversion="5">
<suite id="s1" name="Tests" source="/home/runner/work/DesafioQAItauRogerioJordao/DesafioQAItauRogerioJordao/RamdonUser/tests">
<suite id="s1-s1" name="Random-User-Test" source="/home/runner/work/DesafioQAItauRogerioJordao/DesafioQAItauRogerioJordao/RamdonUser/tests/random-user-test.robot">
<test id="s1-s1-t1" name="Conectar" line="13">
<kw name="Conectar API" owner="random-user-service">
<kw name="Create Session" owner="RequestsLibrary">
<msg time="2024-04-11T10:15:09.744145" level="INFO">Creating Session using : alias=consultarAPI, url=https://randomuser.me/, headers={},                     cookies={}, auth=None, timeout=None, proxies=None, verify=False,                     debug=0 </msg>
<arg>consultarAPI</arg>
<arg>${URL}</arg>
<doc>Create Session: create a HTTP session to a server</doc>
<status status="PASS" start="2024-04-11T10:15:09.743922" elapsed="0.000418"/>
</kw>
<status status="PASS" start="2024-04-11T10:15:09.742591" elapsed="0.002127"/>
</kw>
<status status="PASS" start="2024-04-11T10:15:09.741919" elapsed="0.003041"/>
</test>
<test id="s1-s1-t2" name="Validar retorno 200 e JSON Válido" line="16">
<kw name="Teste de Requisicao Basica" owner="random-user-service">
<kw name="GET On Session" owner="RequestsLibrary">
<msg time="2024-04-11T10:15:10.463594" level="INFO">GET Request : url=https://randomuser.me/api 
 path_url=/api 
 headers={'User-Agent': 'python-requests/2.31.0', 'Accept-Encoding': 'gzip, deflate', 'Accept': '*/*', 'Connection': 'keep-alive'} 
 body=None 
 </msg>
<msg time="2024-04-11T10:15:10.463745" level="INFO">GET Response : url=https://randomuser.me/api 
 status=200, reason=OK 
 headers={'Date': 'Thu, 11 Apr 2024 10:15:10 GMT', 'Content-Type': 'application/json; charset=utf-8', 'Transfer-Encoding': 'chunked', 'Connection': 'keep-alive', 'X-Powered-By': 'Express', 'Access-Control-Allow-Origin': '*', 'Cache-Control': 'no-cache', 'ETag': 'W/"4a5-ptq8HnzSqkwKujvCTcyKHKhVETU"', 'Vary': 'Accept-Encoding', 'Content-Encoding': 'gzip', 'CF-Cache-Status': 'DYNAMIC', 'Report-To': '{"endpoints":[{"url":"https:\\/\\/a.nel.cloudflare.com\\/report\\/v4?s=zqsoK8rfcqpa%2BRsrgraqv%2BXCE7wrRdlq88NrKyYYWFhsM336kVqHnUZUo1dcH2IknTDqjsOmO8DgWSbzzEnn4x9WRpX38wPWH9%2BvfpzIKngUHMbM5Jbi%2FNA8kROdInTc"}],"group":"cf-nel","max_age":604800}', 'NEL': '{"success_fraction":0,"report_to":"cf-nel","max_age":604800}', 'Server': 'cloudflare', 'CF-RAY': '872a36be0fdb068c-IAD', 'alt-svc': 'h3=":443"; ma=86400'} 
 body={"results":[{"gender":"female","name":{"title":"Miss","first":"Hélèna","last":"Meunier"},"location":{"street":{"number":2441,"name":"Rue de la Fontaine"},"city":"Limoges","state":"Ain","country":"France","postcode":55888,"coordinates":{"latitude":"-13.9687","longitude":"6.5746"},"timezone":{"offset":"+10:00","description":"Eastern Australia, Guam, Vladivostok"}},"email":"helena.meunier@example.com","login":{"uuid":"6a1f3a70-889f-458b-90bf-fd5ece41bdc3","username":"yellowwolf877","password":"revolver","salt":"FM0uGSea","md5":"42ef12cda5e3edd702b8cd5d7e9d9dd3","sha1":"9c6e711c563639b0a49c300b8f270a2c27b95bf5","sha256":"8da8a37bbf515a64a705e05bec423e96ed0ed40e45d7bde6ac245a9966872dcf"},"dob":{"date":"1964-06-17T01:59:06.608Z","age":59},"registered":{"date":"2020-12-07T23:49:56.129Z","age":3},"phone":"05-30-78-81-90","cell":"06-33-98-36-90","id":{"name":"INSEE","value":"2640544204796 89"},"picture":{"large":"https://randomuser.me/api/portraits/women/77.jpg","medium":"https://randomuser.me/api/portraits/med/women/77.jpg","thumbnail":"https://randomuser.me/api/portraits/thumb/women/77.jpg"},"nat":"FR"}],"info":{"seed":"1eaaa7e932e65cab","results":1,"page":1,"version":"1.4"}} 
 </msg>
<msg time="2024-04-11T10:15:10.463829" level="INFO">/opt/hostedtoolcache/Python/3.12.2/x64/lib/python3.12/site-packages/urllib3/connectionpool.py:1103: InsecureRequestWarning: Unverified HTTPS request is being made to host 'randomuser.me'. Adding certificate verification is strongly advised. See: https://urllib3.readthedocs.io/en/latest/advanced-usage.html#tls-warnings
  warnings.warn(</msg>
<msg time="2024-04-11T10:15:10.463980" level="INFO">${response} = &lt;Response [200]&gt;</msg>
<var>${response}</var>
<arg>consultarAPI</arg>
<arg>/api</arg>
<doc>Sends a GET request on a previously created HTTP Session.</doc>
<status status="PASS" start="2024-04-11T10:15:09.747647" elapsed="0.716481"/>
</kw>
<kw name="Should Be Equal As Numbers" owner="BuiltIn">
<msg time="2024-04-11T10:15:10.465304" level="INFO">Argument types are:
&lt;class 'int'&gt;
&lt;class 'str'&gt;</msg>
<arg>${response.status_code}</arg>
<arg>200</arg>
<doc>Fails if objects are unequal after converting them to real numbers.</doc>
<status status="PASS" start="2024-04-11T10:15:10.464838" elapsed="0.000589"/>
</kw>
<kw name="Log" owner="BuiltIn">
<msg time="2024-04-11T10:15:10.466112" level="INFO">200</msg>
<arg>${response.status_code}</arg>
<doc>Logs the given message with the given level.</doc>
<status status="PASS" start="2024-04-11T10:15:10.465760" elapsed="0.000394"/>
</kw>
<kw name="Set Variable" owner="BuiltIn">
<msg time="2024-04-11T10:15:10.466900" level="INFO">${json_data} = {'results': [{'gender': 'female', 'name': {'title': 'Miss', 'first': 'Hélèna', 'last': 'Meunier'}, 'location': {'street': {'number': 2441, 'name': 'Rue de la Fontaine'}, 'city': 'Limoges', 'state': 'A...</msg>
<var>${json_data}</var>
<arg>${response.json()}</arg>
<doc>Returns the given values which can then be assigned to a variables.</doc>
<status status="PASS" start="2024-04-11T10:15:10.466462" elapsed="0.000466"/>
</kw>
<kw name="Dictionary Should Contain Key" owner="Collections">
<msg time="2024-04-11T10:15:10.467415" level="INFO">False</msg>
<arg>${json_data}</arg>
<arg>results</arg>
<doc>Fails if ``key`` is not found from ``dictionary``.</doc>
<status status="PASS" start="2024-04-11T10:15:10.467247" elapsed="0.000207"/>
</kw>
<status status="PASS" start="2024-04-11T10:15:09.747397" elapsed="0.720313"/>
</kw>
<doc>Testa se a API responde corretamente e retorna um objeto JSON válido.</doc>
<tag>testeRequisicaoBasica</tag>
<status status="PASS" start="2024-04-11T10:15:09.746870" elapsed="0.721038"/>
</test>
<test id="s1-s1-t3" name="Validar estrutura de resposta" line="22">
<kw name="Teste de Estrutura de Resposta" owner="random-user-service">
<kw name="GET On Session" owner="RequestsLibrary">
<msg time="2024-04-11T10:15:10.499465" level="INFO">GET Request : url=https://randomuser.me/api 
 path_url=/api 
 headers={'User-Agent': 'python-requests/2.31.0', 'Accept-Encoding': 'gzip, deflate', 'Accept': '*/*', 'Connection': 'keep-alive'} 
 body=None 
 </msg>
<msg time="2024-04-11T10:15:10.499538" level="INFO">GET Response : url=https://randomuser.me/api 
 status=200, reason=OK 
 headers={'Date': 'Thu, 11 Apr 2024 10:15:10 GMT', 'Content-Type': 'application/json; charset=utf-8', 'Transfer-Encoding': 'chunked', 'Connection': 'keep-alive', 'X-Powered-By': 'Express', 'Access-Control-Allow-Origin': '*', 'Cache-Control': 'no-cache', 'ETag': 'W/"485-OakbvSUgalKMV0Xszga3x1nNvio"', 'Vary': 'Accept-Encoding', 'Content-Encoding': 'gzip', 'CF-Cache-Status': 'DYNAMIC', 'Report-To': '{"endpoints":[{"url":"https:\\/\\/a.nel.cloudflare.com\\/report\\/v4?s=ecIJR6ywr4Fsu0ZbiFhyRgC%2B8dSWiRm3c57M82HPTjNsjQ8iTzOlQkwRLtEwwXru8CHkn0vfJrowG%2BYGv8WxxgqMBKPprskcoCGdc4N0BQkWl2OCxmO45HLtpNICpbd%2B"}],"group":"cf-nel","max_age":604800}', 'NEL': '{"success_fraction":0,"report_to":"cf-nel","max_age":604800}', 'Server': 'cloudflare', 'CF-RAY': '872a36c27a36068c-IAD', 'alt-svc': 'h3=":443"; ma=86400'} 
 body={"results":[{"gender":"female","name":{"title":"Miss","first":"Luna","last":"Flø"},"location":{"street":{"number":586,"name":"Klemetsrudveien"},"city":"Sokna","state":"Oppland","country":"Norway","postcode":"2959","coordinates":{"latitude":"39.4774","longitude":"151.7494"},"timezone":{"offset":"+5:00","description":"Ekaterinburg, Islamabad, Karachi, Tashkent"}},"email":"luna.flo@example.com","login":{"uuid":"933b07c8-85e4-4d4f-b641-3fa743c6f611","username":"bigduck978","password":"dingle","salt":"w6s2q9ox","md5":"099b763ea99c1634be540b9d50b5ffa0","sha1":"c6fce1092dc3a0fa9e90fe7390973d11e7fff59a","sha256":"c4eb1aa328bf48987da7f1b7fca22e54fb3717900d02159fd44a295636e7082a"},"dob":{"date":"1980-10-29T09:57:29.570Z","age":43},"registered":{"date":"2011-07-30T11:58:41.883Z","age":12},"phone":"37494016","cell":"98071603","id":{"name":"FN","value":"29108032632"},"picture":{"large":"https://randomuser.me/api/portraits/women/27.jpg","medium":"https://randomuser.me/api/portraits/med/women/27.jpg","thumbnail":"https://randomuser.me/api/portraits/thumb/women/27.jpg"},"nat":"NO"}],"info":{"seed":"726801ea97c50d79","results":1,"page":1,"version":"1.4"}} 
 </msg>
<msg time="2024-04-11T10:15:10.499650" level="INFO">/opt/hostedtoolcache/Python/3.12.2/x64/lib/python3.12/site-packages/urllib3/connectionpool.py:1103: InsecureRequestWarning: Unverified HTTPS request is being made to host 'randomuser.me'. Adding certificate verification is strongly advised. See: https://urllib3.readthedocs.io/en/latest/advanced-usage.html#tls-warnings
  warnings.warn(</msg>
<msg time="2024-04-11T10:15:10.499755" level="INFO">${response} = &lt;Response [200]&gt;</msg>
<var>${response}</var>
<arg>consultarAPI</arg>
<arg>/api</arg>
<doc>Sends a GET request on a previously created HTTP Session.</doc>
<status status="PASS" start="2024-04-11T10:15:10.470771" elapsed="0.029026"/>
</kw>
<kw name="Set Variable" owner="BuiltIn">
<msg time="2024-04-11T10:15:10.500834" level="INFO">${json_data} = {'results': [{'gender': 'female', 'name': {'title': 'Miss', 'first': 'Luna', 'last': 'Flø'}, 'location': {'street': {'number': 586, 'name': 'Klemetsrudveien'}, 'city': 'Sokna', 'state': 'Oppland', 'co...</msg>
<var>${json_data}</var>
<arg>${response.json()}</arg>
<doc>Returns the given values which can then be assigned to a variables.</doc>
<status status="PASS" start="2024-04-11T10:15:10.500264" elapsed="0.000600"/>
</kw>
<kw name="Log" owner="BuiltIn">
<msg time="2024-04-11T10:15:10.501339" level="INFO">{'results': [{'gender': 'female', 'name': {'title': 'Miss', 'first': 'Luna', 'last': 'Flø'}, 'location': {'street': {'number': 586, 'name': 'Klemetsrudveien'}, 'city': 'Sokna', 'state': 'Oppland', 'country': 'Norway', 'postcode': '2959', 'coordinates': {'latitude': '39.4774', 'longitude': '151.7494'}, 'timezone': {'offset': '+5:00', 'description': 'Ekaterinburg, Islamabad, Karachi, Tashkent'}}, 'email': 'luna.flo@example.com', 'login': {'uuid': '933b07c8-85e4-4d4f-b641-3fa743c6f611', 'username': 'bigduck978', 'password': 'dingle', 'salt': 'w6s2q9ox', 'md5': '099b763ea99c1634be540b9d50b5ffa0', 'sha1': 'c6fce1092dc3a0fa9e90fe7390973d11e7fff59a', 'sha256': 'c4eb1aa328bf48987da7f1b7fca22e54fb3717900d02159fd44a295636e7082a'}, 'dob': {'date': '1980-10-29T09:57:29.570Z', 'age': 43}, 'registered': {'date': '2011-07-30T11:58:41.883Z', 'age': 12}, 'phone': '37494016', 'cell': '98071603', 'id': {'name': 'FN', 'value': '29108032632'}, 'picture': {'large': 'https://randomuser.me/api/portraits/women/27.jpg', 'medium': 'https://randomuser.me/api/portraits/med/women/27.jpg', 'thumbnail': 'https://randomuser.me/api/portraits/thumb/women/27.jpg'}, 'nat': 'NO'}], 'info': {'seed': '726801ea97c50d79', 'results': 1, 'page': 1, 'version': '1.4'}}</msg>
<arg>${json_data}</arg>
<doc>Logs the given message with the given level.</doc>
<status status="PASS" start="2024-04-11T10:15:10.501178" elapsed="0.000245"/>
</kw>
<kw name="Dictionary Should Contain Key" owner="Collections">
<msg time="2024-04-11T10:15:10.501889" level="INFO">False</msg>
<arg>${json_data}</arg>
<arg>results</arg>
<doc>Fails if ``key`` is not found from ``dictionary``.</doc>
<status status="PASS" start="2024-04-11T10:15:10.501734" elapsed="0.000192"/>
</kw>
<kw name="Should Not Be Empty" owner="BuiltIn">
<msg time="2024-04-11T10:15:10.502349" level="INFO">Length is 2.</msg>
<arg>${json_data}</arg>
<doc>Verifies that the given item is not empty.</doc>
<status status="PASS" start="2024-04-11T10:15:10.502218" elapsed="0.000169"/>
</kw>
<kw name="Create List" owner="BuiltIn">
<msg time="2024-04-11T10:15:10.502834" level="INFO">${expected_keys} = ['gender', 'name', 'location', 'email', 'login']</msg>
<var>${expected_keys}</var>
<arg>gender</arg>
<arg>name</arg>
<arg>location</arg>
<arg>email</arg>
<arg>login</arg>
<doc>Returns a list containing given items.</doc>
<status status="PASS" start="2024-04-11T10:15:10.502680" elapsed="0.000178"/>
</kw>
<for flavor="IN">
<iter>
<kw name="Dictionary Should Contain Key" owner="Collections">
<msg time="2024-04-11T10:15:10.503827" level="INFO">False</msg>
<arg>${json_data['results'][0]}</arg>
<arg>${key}</arg>
<doc>Fails if ``key`` is not found from ``dictionary``.</doc>
<status status="PASS" start="2024-04-11T10:15:10.503427" elapsed="0.000441"/>
</kw>
<kw name="Log" owner="BuiltIn">
<msg time="2024-04-11T10:15:10.504553" level="INFO">{'gender': 'female', 'name': {'title': 'Miss', 'first': 'Luna', 'last': 'Flø'}, 'location': {'street': {'number': 586, 'name': 'Klemetsrudveien'}, 'city': 'Sokna', 'state': 'Oppland', 'country': 'Norway', 'postcode': '2959', 'coordinates': {'latitude': '39.4774', 'longitude': '151.7494'}, 'timezone': {'offset': '+5:00', 'description': 'Ekaterinburg, Islamabad, Karachi, Tashkent'}}, 'email': 'luna.flo@example.com', 'login': {'uuid': '933b07c8-85e4-4d4f-b641-3fa743c6f611', 'username': 'bigduck978', 'password': 'dingle', 'salt': 'w6s2q9ox', 'md5': '099b763ea99c1634be540b9d50b5ffa0', 'sha1': 'c6fce1092dc3a0fa9e90fe7390973d11e7fff59a', 'sha256': 'c4eb1aa328bf48987da7f1b7fca22e54fb3717900d02159fd44a295636e7082a'}, 'dob': {'date': '1980-10-29T09:57:29.570Z', 'age': 43}, 'registered': {'date': '2011-07-30T11:58:41.883Z', 'age': 12}, 'phone': '37494016', 'cell': '98071603', 'id': {'name': 'FN', 'value': '29108032632'}, 'picture': {'large': 'https://randomuser.me/api/portraits/women/27.jpg', 'medium': 'https://randomuser.me/api/portraits/med/women/27.jpg', 'thumbnail': 'https://randomuser.me/api/portraits/thumb/women/27.jpg'}, 'nat': 'NO'}</msg>
<arg>${json_data['results'][0]}</arg>
<doc>Logs the given message with the given level.</doc>
<status status="PASS" start="2024-04-11T10:15:10.504176" elapsed="0.000428"/>
</kw>
<kw name="Log" owner="BuiltIn">
<msg time="2024-04-11T10:15:10.505034" level="INFO">gender</msg>
<arg>${key}</arg>
<doc>Logs the given message with the given level.</doc>
<status status="PASS" start="2024-04-11T10:15:10.504906" elapsed="0.000165"/>
</kw>
<var name="${key}">gender</var>
<status status="PASS" start="2024-04-11T10:15:10.503305" elapsed="0.001982"/>
</iter>
<iter>
<kw name="Dictionary Should Contain Key" owner="Collections">
<msg time="2024-04-11T10:15:10.506005" level="INFO">False</msg>
<arg>${json_data['results'][0]}</arg>
<arg>${key}</arg>
<doc>Fails if ``key`` is not found from ``dictionary``.</doc>
<status status="PASS" start="2024-04-11T10:15:10.505621" elapsed="0.000421"/>
</kw>
<kw name="Log" owner="BuiltIn">
<msg time="2024-04-11T10:15:10.506734" level="INFO">{'gender': 'female', 'name': {'title': 'Miss', 'first': 'Luna', 'last': 'Flø'}, 'location': {'street': {'number': 586, 'name': 'Klemetsrudveien'}, 'city': 'Sokna', 'state': 'Oppland', 'country': 'Norway', 'postcode': '2959', 'coordinates': {'latitude': '39.4774', 'longitude': '151.7494'}, 'timezone': {'offset': '+5:00', 'description': 'Ekaterinburg, Islamabad, Karachi, Tashkent'}}, 'email': 'luna.flo@example.com', 'login': {'uuid': '933b07c8-85e4-4d4f-b641-3fa743c6f611', 'username': 'bigduck978', 'password': 'dingle', 'salt': 'w6s2q9ox', 'md5': '099b763ea99c1634be540b9d50b5ffa0', 'sha1': 'c6fce1092dc3a0fa9e90fe7390973d11e7fff59a', 'sha256': 'c4eb1aa328bf48987da7f1b7fca22e54fb3717900d02159fd44a295636e7082a'}, 'dob': {'date': '1980-10-29T09:57:29.570Z', 'age': 43}, 'registered': {'date': '2011-07-30T11:58:41.883Z', 'age': 12}, 'phone': '37494016', 'cell': '98071603', 'id': {'name': 'FN', 'value': '29108032632'}, 'picture': {'large': 'https://randomuser.me/api/portraits/women/27.jpg', 'medium': 'https://randomuser.me/api/portraits/med/women/27.jpg', 'thumbnail': 'https://randomuser.me/api/portraits/thumb/women/27.jpg'}, 'nat': 'NO'}</msg>
<arg>${json_data['results'][0]}</arg>
<doc>Logs the given message with the given level.</doc>
<status status="PASS" start="2024-04-11T10:15:10.506371" elapsed="0.000412"/>
</kw>
<kw name="Log" owner="BuiltIn">
<msg time="2024-04-11T10:15:10.507206" level="INFO">name</msg>
<arg>${key}</arg>
<doc>Logs the given message with the given level.</doc>
<status status="PASS" start="2024-04-11T10:15:10.507080" elapsed="0.000165"/>
</kw>
<var name="${key}">name</var>
<status status="PASS" start="2024-04-11T10:15:10.505506" elapsed="0.001955"/>
</iter>
<iter>
<kw name="Dictionary Should Contain Key" owner="Collections">
<msg time="2024-04-11T10:15:10.508122" level="INFO">False</msg>
<arg>${json_data['results'][0]}</arg>
<arg>${key}</arg>
<doc>Fails if ``key`` is not found from ``dictionary``.</doc>
<status status="PASS" start="2024-04-11T10:15:10.507748" elapsed="0.000411"/>
</kw>
<kw name="Log" owner="BuiltIn">
<msg time="2024-04-11T10:15:10.508817" level="INFO">{'gender': 'female', 'name': {'title': 'Miss', 'first': 'Luna', 'last': 'Flø'}, 'location': {'street': {'number': 586, 'name': 'Klemetsrudveien'}, 'city': 'Sokna', 'state': 'Oppland', 'country': 'Norway', 'postcode': '2959', 'coordinates': {'latitude': '39.4774', 'longitude': '151.7494'}, 'timezone': {'offset': '+5:00', 'description': 'Ekaterinburg, Islamabad, Karachi, Tashkent'}}, 'email': 'luna.flo@example.com', 'login': {'uuid': '933b07c8-85e4-4d4f-b641-3fa743c6f611', 'username': 'bigduck978', 'password': 'dingle', 'salt': 'w6s2q9ox', 'md5': '099b763ea99c1634be540b9d50b5ffa0', 'sha1': 'c6fce1092dc3a0fa9e90fe7390973d11e7fff59a', 'sha256': 'c4eb1aa328bf48987da7f1b7fca22e54fb3717900d02159fd44a295636e7082a'}, 'dob': {'date': '1980-10-29T09:57:29.570Z', 'age': 43}, 'registered': {'date': '2011-07-30T11:58:41.883Z', 'age': 12}, 'phone': '37494016', 'cell': '98071603', 'id': {'name': 'FN', 'value': '29108032632'}, 'picture': {'large': 'https://randomuser.me/api/portraits/women/27.jpg', 'medium': 'https://randomuser.me/api/portraits/med/women/27.jpg', 'thumbnail': 'https://randomuser.me/api/portraits/thumb/women/27.jpg'}, 'nat': 'NO'}</msg>
<arg>${json_data['results'][0]}</arg>
<doc>Logs the given message with the given level.</doc>
<status status="PASS" start="2024-04-11T10:15:10.508462" elapsed="0.000409"/>
</kw>
<kw name="Log" owner="BuiltIn">
<msg time="2024-04-11T10:15:10.509291" level="INFO">location</msg>
<arg>${key}</arg>
<doc>Logs the given message with the given level.</doc>
<status status="PASS" start="2024-04-11T10:15:10.509165" elapsed="0.000163"/>
</kw>
<var name="${key}">location</var>
<status status="PASS" start="2024-04-11T10:15:10.507638" elapsed="0.001951"/>
</iter>
<iter>
<kw name="Dictionary Should Contain Key" owner="Collections">
<msg time="2024-04-11T10:15:10.510242" level="INFO">False</msg>
<arg>${json_data['results'][0]}</arg>
<arg>${key}</arg>
<doc>Fails if ``key`` is not found from ``dictionary``.</doc>
<status status="PASS" start="2024-04-11T10:15:10.509870" elapsed="0.000409"/>
</kw>
<kw name="Log" owner="BuiltIn">
<msg time="2024-04-11T10:15:10.510933" level="INFO">{'gender': 'female', 'name': {'title': 'Miss', 'first': 'Luna', 'last': 'Flø'}, 'location': {'street': {'number': 586, 'name': 'Klemetsrudveien'}, 'city': 'Sokna', 'state': 'Oppland', 'country': 'Norway', 'postcode': '2959', 'coordinates': {'latitude': '39.4774', 'longitude': '151.7494'}, 'timezone': {'offset': '+5:00', 'description': 'Ekaterinburg, Islamabad, Karachi, Tashkent'}}, 'email': 'luna.flo@example.com', 'login': {'uuid': '933b07c8-85e4-4d4f-b641-3fa743c6f611', 'username': 'bigduck978', 'password': 'dingle', 'salt': 'w6s2q9ox', 'md5': '099b763ea99c1634be540b9d50b5ffa0', 'sha1': 'c6fce1092dc3a0fa9e90fe7390973d11e7fff59a', 'sha256': 'c4eb1aa328bf48987da7f1b7fca22e54fb3717900d02159fd44a295636e7082a'}, 'dob': {'date': '1980-10-29T09:57:29.570Z', 'age': 43}, 'registered': {'date': '2011-07-30T11:58:41.883Z', 'age': 12}, 'phone': '37494016', 'cell': '98071603', 'id': {'name': 'FN', 'value': '29108032632'}, 'picture': {'large': 'https://randomuser.me/api/portraits/women/27.jpg', 'medium': 'https://randomuser.me/api/portraits/med/women/27.jpg', 'thumbnail': 'https://randomuser.me/api/portraits/thumb/women/27.jpg'}, 'nat': 'NO'}</msg>
<arg>${json_data['results'][0]}</arg>
<doc>Logs the given message with the given level.</doc>
<status status="PASS" start="2024-04-11T10:15:10.510575" elapsed="0.000407"/>
</kw>
<kw name="Log" owner="BuiltIn">
<msg time="2024-04-11T10:15:10.511407" level="INFO">email</msg>
<arg>${key}</arg>
<doc>Logs the given message with the given level.</doc>
<status status="PASS" start="2024-04-11T10:15:10.511279" elapsed="0.000165"/>
</kw>
<var name="${key}">email</var>
<status status="PASS" start="2024-04-11T10:15:10.509761" elapsed="0.001895"/>
</iter>
<iter>
<kw name="Dictionary Should Contain Key" owner="Collections">
<msg time="2024-04-11T10:15:10.512316" level="INFO">False</msg>
<arg>${json_data['results'][0]}</arg>
<arg>${key}</arg>
<doc>Fails if ``key`` is not found from ``dictionary``.</doc>
<status status="PASS" start="2024-04-11T10:15:10.511939" elapsed="0.000414"/>
</kw>
<kw name="Log" owner="BuiltIn">
<msg time="2024-04-11T10:15:10.513007" level="INFO">{'gender': 'female', 'name': {'title': 'Miss', 'first': 'Luna', 'last': 'Flø'}, 'location': {'street': {'number': 586, 'name': 'Klemetsrudveien'}, 'city': 'Sokna', 'state': 'Oppland', 'country': 'Norway', 'postcode': '2959', 'coordinates': {'latitude': '39.4774', 'longitude': '151.7494'}, 'timezone': {'offset': '+5:00', 'description': 'Ekaterinburg, Islamabad, Karachi, Tashkent'}}, 'email': 'luna.flo@example.com', 'login': {'uuid': '933b07c8-85e4-4d4f-b641-3fa743c6f611', 'username': 'bigduck978', 'password': 'dingle', 'salt': 'w6s2q9ox', 'md5': '099b763ea99c1634be540b9d50b5ffa0', 'sha1': 'c6fce1092dc3a0fa9e90fe7390973d11e7fff59a', 'sha256': 'c4eb1aa328bf48987da7f1b7fca22e54fb3717900d02159fd44a295636e7082a'}, 'dob': {'date': '1980-10-29T09:57:29.570Z', 'age': 43}, 'registered': {'date': '2011-07-30T11:58:41.883Z', 'age': 12}, 'phone': '37494016', 'cell': '98071603', 'id': {'name': 'FN', 'value': '29108032632'}, 'picture': {'large': 'https://randomuser.me/api/portraits/women/27.jpg', 'medium': 'https://randomuser.me/api/portraits/med/women/27.jpg', 'thumbnail': 'https://randomuser.me/api/portraits/thumb/women/27.jpg'}, 'nat': 'NO'}</msg>
<arg>${json_data['results'][0]}</arg>
<doc>Logs the given message with the given level.</doc>
<status status="PASS" start="2024-04-11T10:15:10.512647" elapsed="0.000409"/>
</kw>
<kw name="Log" owner="BuiltIn">
<msg time="2024-04-11T10:15:10.513514" level="INFO">login</msg>
<arg>${key}</arg>
<doc>Logs the given message with the given level.</doc>
<status status="PASS" start="2024-04-11T10:15:10.513353" elapsed="0.000205"/>
</kw>
<var name="${key}">login</var>
<status status="PASS" start="2024-04-11T10:15:10.511829" elapsed="0.001946"/>
</iter>
<var>${key}</var>
<value>@{expected_keys}</value>
<status status="PASS" start="2024-04-11T10:15:10.503118" elapsed="0.010822"/>
</for>
<kw name="Create List" owner="BuiltIn">
<msg time="2024-04-11T10:15:10.514274" level="INFO">${expected_keysTwo} = ['username', 'password']</msg>
<var>${expected_keysTwo}</var>
<arg>username</arg>
<arg>password</arg>
<doc>Returns a list containing given items.</doc>
<status status="PASS" start="2024-04-11T10:15:10.514138" elapsed="0.000161"/>
</kw>
<for flavor="IN">
<iter>
<kw name="Dictionary Should Contain Key" owner="Collections">
<msg time="2024-04-11T10:15:10.515297" level="INFO">False</msg>
<arg>${json_data['results'][0]['login']}</arg>
<arg>${keyTwo}</arg>
<doc>Fails if ``key`` is not found from ``dictionary``.</doc>
<status status="PASS" start="2024-04-11T10:15:10.514918" elapsed="0.000416"/>
</kw>
<kw name="Dictionary Should Contain Key" owner="Collections">
<msg time="2024-04-11T10:15:10.516057" level="INFO">False</msg>
<arg>${json_data['results'][0]['login']}</arg>
<arg>${keyTwo}</arg>
<doc>Fails if ``key`` is not found from ``dictionary``.</doc>
<status status="PASS" start="2024-04-11T10:15:10.515637" elapsed="0.000458"/>
</kw>
<kw name="Log" owner="BuiltIn">
<msg time="2024-04-11T10:15:10.516523" level="INFO">username</msg>
<arg>${keyTwo}</arg>
<doc>Logs the given message with the given level.</doc>
<status status="PASS" start="2024-04-11T10:15:10.516394" elapsed="0.000166"/>
</kw>
<var name="${keyTwo}">username</var>
<status status="PASS" start="2024-04-11T10:15:10.514805" elapsed="0.001970"/>
</iter>
<iter>
<kw name="Dictionary Should Contain Key" owner="Collections">
<msg time="2024-04-11T10:15:10.517454" level="INFO">False</msg>
<arg>${json_data['results'][0]['login']}</arg>
<arg>${keyTwo}</arg>
<doc>Fails if ``key`` is not found from ``dictionary``.</doc>
<status status="PASS" start="2024-04-11T10:15:10.517055" elapsed="0.000436"/>
</kw>
<kw name="Dictionary Should Contain Key" owner="Collections">
<msg time="2024-04-11T10:15:10.518150" level="INFO">False</msg>
<arg>${json_data['results'][0]['login']}</arg>
<arg>${keyTwo}</arg>
<doc>Fails if ``key`` is not found from ``dictionary``.</doc>
<status status="PASS" start="2024-04-11T10:15:10.517782" elapsed="0.000403"/>
</kw>
<kw name="Log" owner="BuiltIn">
<msg time="2024-04-11T10:15:10.518595" level="INFO">password</msg>
<arg>${keyTwo}</arg>
<doc>Logs the given message with the given level.</doc>
<status status="PASS" start="2024-04-11T10:15:10.518469" elapsed="0.000163"/>
</kw>
<var name="${keyTwo}">password</var>
<status status="PASS" start="2024-04-11T10:15:10.516946" elapsed="0.001900"/>
</iter>
<var>${keyTwo}</var>
<value>@{expected_keysTwo}</value>
<status status="PASS" start="2024-04-11T10:15:10.514542" elapsed="0.004424"/>
</for>
<status status="PASS" start="2024-04-11T10:15:10.470531" elapsed="0.048573"/>
</kw>
<doc>Testa a estrutura da resposta da API.</doc>
<tag>testeEstruturaResposta</tag>
<status status="PASS" start="2024-04-11T10:15:10.469759" elapsed="0.049501"/>
</test>
<test id="s1-s1-t4" name="Validar tipos de dados" line="28">
<kw name="Teste de Tipos de Dados" owner="random-user-service">
<kw name="GET On Session" owner="RequestsLibrary">
<msg time="2024-04-11T10:15:10.599506" level="INFO">GET Request : url=https://randomuser.me/api 
 path_url=/api 
 headers={'User-Agent': 'python-requests/2.31.0', 'Accept-Encoding': 'gzip, deflate', 'Accept': '*/*', 'Connection': 'keep-alive'} 
 body=None 
 </msg>
<msg time="2024-04-11T10:15:10.599589" level="INFO">GET Response : url=https://randomuser.me/api 
 status=200, reason=OK 
 headers={'Date': 'Thu, 11 Apr 2024 10:15:10 GMT', 'Content-Type': 'application/json; charset=utf-8', 'Transfer-Encoding': 'chunked', 'Connection': 'keep-alive', 'X-Powered-By': 'Express', 'Access-Control-Allow-Origin': '*', 'Cache-Control': 'no-cache', 'ETag': 'W/"47d-5SyYFh1acLuW6YmFE73YR9fvLU0"', 'Vary': 'Accept-Encoding', 'Content-Encoding': 'gzip', 'CF-Cache-Status': 'DYNAMIC', 'Report-To': '{"endpoints":[{"url":"https:\\/\\/a.nel.cloudflare.com\\/report\\/v4?s=7t6TUNnGl2YbhFu0AUPU5RAhUueOI623Doklf6Ou0TVfAk8l29sLlVpmb51vPTcxXUeirgAtCU2xdqTIrnQlidjI7w7cC2%2FgvklUGJLgxxcZ1OVVHDedWjkaqby%2FBGPK"}],"group":"cf-nel","max_age":604800}', 'NEL': '{"success_fraction":0,"report_to":"cf-nel","max_age":604800}', 'Server': 'cloudflare', 'CF-RAY': '872a36c2ca62068c-IAD', 'alt-svc': 'h3=":443"; ma=86400'} 
 body={"results":[{"gender":"female","name":{"title":"Ms","first":"Emilie","last":"Olsen"},"location":{"street":{"number":3992,"name":"Smedebakken"},"city":"Argerskov","state":"Sjælland","country":"Denmark","postcode":26705,"coordinates":{"latitude":"-45.2437","longitude":"101.8632"},"timezone":{"offset":"+9:30","description":"Adelaide, Darwin"}},"email":"emilie.olsen@example.com","login":{"uuid":"3ade6b1c-2e73-4b14-979e-11f685373f95","username":"whitebutterfly192","password":"mickey","salt":"4DoThsfB","md5":"9a4c01e4379e38d6526dcea00a54f7f1","sha1":"fc2ae968240dfb287f372849fdc3de6e1c88d2fe","sha256":"b86cbde5b9a4fce0607bda4d8233055119cbd890d97994ba1aba88491117bb90"},"dob":{"date":"2000-01-02T11:49:56.559Z","age":24},"registered":{"date":"2010-10-25T23:46:15.943Z","age":13},"phone":"31429530","cell":"42650894","id":{"name":"CPR","value":"0201100-4023"},"picture":{"large":"https://randomuser.me/api/portraits/women/49.jpg","medium":"https://randomuser.me/api/portraits/med/women/49.jpg","thumbnail":"https://randomuser.me/api/portraits/thumb/women/49.jpg"},"nat":"DK"}],"info":{"seed":"190aaee1edddb123","results":1,"page":1,"version":"1.4"}} 
 </msg>
<msg time="2024-04-11T10:15:10.599655" level="INFO">/opt/hostedtoolcache/Python/3.12.2/x64/lib/python3.12/site-packages/urllib3/connectionpool.py:1103: InsecureRequestWarning: Unverified HTTPS request is being made to host 'randomuser.me'. Adding certificate verification is strongly advised. See: https://urllib3.readthedocs.io/en/latest/advanced-usage.html#tls-warnings
  warnings.warn(</msg>
<msg time="2024-04-11T10:15:10.599764" level="INFO">${response} = &lt;Response [200]&gt;</msg>
<var>${response}</var>
<arg>consultarAPI</arg>
<arg>/api</arg>
<doc>Sends a GET request on a previously created HTTP Session.</doc>
<status status="PASS" start="2024-04-11T10:15:10.521796" elapsed="0.078008"/>
</kw>
<kw name="Set Variable" owner="BuiltIn">
<msg time="2024-04-11T10:15:10.600963" level="INFO">${json_data} = {'results': [{'gender': 'female', 'name': {'title': 'Ms', 'first': 'Emilie', 'last': 'Olsen'}, 'location': {'street': {'number': 3992, 'name': 'Smedebakken'}, 'city': 'Argerskov', 'state': 'Sjælland',...</msg>
<var>${json_data}</var>
<arg>${response.json()}</arg>
<doc>Returns the given values which can then be assigned to a variables.</doc>
<status status="PASS" start="2024-04-11T10:15:10.600381" elapsed="0.000611"/>
</kw>
<kw name="Log" owner="BuiltIn">
<msg time="2024-04-11T10:15:10.601503" level="INFO">{'results': [{'gender': 'female', 'name': {'title': 'Ms', 'first': 'Emilie', 'last': 'Olsen'}, 'location': {'street': {'number': 3992, 'name': 'Smedebakken'}, 'city': 'Argerskov', 'state': 'Sjælland', 'country': 'Denmark', 'postcode': 26705, 'coordinates': {'latitude': '-45.2437', 'longitude': '101.8632'}, 'timezone': {'offset': '+9:30', 'description': 'Adelaide, Darwin'}}, 'email': 'emilie.olsen@example.com', 'login': {'uuid': '3ade6b1c-2e73-4b14-979e-11f685373f95', 'username': 'whitebutterfly192', 'password': 'mickey', 'salt': '4DoThsfB', 'md5': '9a4c01e4379e38d6526dcea00a54f7f1', 'sha1': 'fc2ae968240dfb287f372849fdc3de6e1c88d2fe', 'sha256': 'b86cbde5b9a4fce0607bda4d8233055119cbd890d97994ba1aba88491117bb90'}, 'dob': {'date': '2000-01-02T11:49:56.559Z', 'age': 24}, 'registered': {'date': '2010-10-25T23:46:15.943Z', 'age': 13}, 'phone': '31429530', 'cell': '42650894', 'id': {'name': 'CPR', 'value': '0201100-4023'}, 'picture': {'large': 'https://randomuser.me/api/portraits/women/49.jpg', 'medium': 'https://randomuser.me/api/portraits/med/women/49.jpg', 'thumbnail': 'https://randomuser.me/api/portraits/thumb/women/49.jpg'}, 'nat': 'DK'}], 'info': {'seed': '190aaee1edddb123', 'results': 1, 'page': 1, 'version': '1.4'}}</msg>
<arg>${json_data}</arg>
<doc>Logs the given message with the given level.</doc>
<status status="PASS" start="2024-04-11T10:15:10.601306" elapsed="0.000288"/>
</kw>
<kw name="Should Be String" owner="String">
<arg>${json_data['results'][0]['gender']}</arg>
<doc>Fails if the given ``item`` is not a string.</doc>
<status status="PASS" start="2024-04-11T10:15:10.601900" elapsed="0.000360"/>
</kw>
<kw name="Should Match Regexp" owner="BuiltIn">
<arg>${json_data['results'][0]['email']}</arg>
<arg>^[a-zA-Z0-9._%+-]+@[a-zA-Z0-9.-]+\.[a-zA-Z]{2,}$</arg>
<doc>Fails if ``string`` does not match ``pattern`` as a regular expression.</doc>
<status status="PASS" start="2024-04-11T10:15:10.602454" elapsed="0.000509"/>
</kw>
<kw name="Should Match Regexp" owner="BuiltIn">
<arg>${json_data['results'][0]['dob']['date']}</arg>
<arg>\\d{4}-\\d{2}-\\d{2}T\\d{2}:\\d{2}:\\d{2}\\.\\d{3}Z</arg>
<doc>Fails if ``string`` does not match ``pattern`` as a regular expression.</doc>
<status status="PASS" start="2024-04-11T10:15:10.603157" elapsed="0.000501"/>
</kw>
<kw name="Should Match Regexp" owner="BuiltIn">
<arg>${json_data['results'][0]['registered']['date']}</arg>
<arg>\\d{4}-\\d{2}-\\d{2}T\\d{2}:\\d{2}:\\d{2}\\.\\d{3}Z</arg>
<doc>Fails if ``string`` does not match ``pattern`` as a regular expression.</doc>
<status status="PASS" start="2024-04-11T10:15:10.603851" elapsed="0.000372"/>
</kw>
<kw name="Should Match Regexp" owner="BuiltIn">
<arg>${json_data['results'][0]['picture']['large']}</arg>
<arg>^https?://.*\.(?:png|jpe?g|gif|bmp)$</arg>
<doc>Fails if ``string`` does not match ``pattern`` as a regular expression.</doc>
<status status="PASS" start="2024-04-11T10:15:10.604411" elapsed="0.000453"/>
</kw>
<kw name="Should Match Regexp" owner="BuiltIn">
<arg>${json_data['results'][0]['picture']['medium']}</arg>
<arg>^https?://.*\.(?:png|jpe?g|gif|bmp)$</arg>
<doc>Fails if ``string`` does not match ``pattern`` as a regular expression.</doc>
<status status="PASS" start="2024-04-11T10:15:10.605054" elapsed="0.000386"/>
</kw>
<kw name="Should Match Regexp" owner="BuiltIn">
<arg>${json_data['results'][0]['picture']['thumbnail']}</arg>
<arg>^https?://.*\.(?:png|jpe?g|gif|bmp)$</arg>
<doc>Fails if ``string`` does not match ``pattern`` as a regular expression.</doc>
<status status="PASS" start="2024-04-11T10:15:10.605628" elapsed="0.000373"/>
</kw>
<kw name="Log" owner="BuiltIn">
<msg time="2024-04-11T10:15:10.606501" level="INFO">{'large': 'https://randomuser.me/api/portraits/women/49.jpg', 'medium': 'https://randomuser.me/api/portraits/med/women/49.jpg', 'thumbnail': 'https://randomuser.me/api/portraits/thumb/women/49.jpg'}</msg>
<arg>${json_data['results'][0]['picture']}</arg>
<doc>Logs the given message with the given level.</doc>
<status status="PASS" start="2024-04-11T10:15:10.606181" elapsed="0.000365"/>
</kw>
<status status="PASS" start="2024-04-11T10:15:10.521561" elapsed="0.085243"/>
</kw>
<kw name="Teste de Tipos de Dados - Postcode" owner="random-user-service">
<kw name="GET On Session" owner="RequestsLibrary">
<msg time="2024-04-11T10:15:10.703365" level="INFO">GET Request : url=https://randomuser.me/api 
 path_url=/api 
 headers={'User-Agent': 'python-requests/2.31.0', 'Accept-Encoding': 'gzip, deflate', 'Accept': '*/*', 'Connection': 'keep-alive'} 
 body=None 
 </msg>
<msg time="2024-04-11T10:15:10.703462" level="INFO">GET Response : url=https://randomuser.me/api 
 status=200, reason=OK 
 headers={'Date': 'Thu, 11 Apr 2024 10:15:10 GMT', 'Content-Type': 'application/json; charset=utf-8', 'Transfer-Encoding': 'chunked', 'Connection': 'keep-alive', 'X-Powered-By': 'Express', 'Access-Control-Allow-Origin': '*', 'Cache-Control': 'no-cache', 'ETag': 'W/"48d-SUgookH6ntAoPMKm3SXbv59xENg"', 'Vary': 'Accept-Encoding', 'Content-Encoding': 'gzip', 'CF-Cache-Status': 'DYNAMIC', 'Report-To': '{"endpoints":[{"url":"https:\\/\\/a.nel.cloudflare.com\\/report\\/v4?s=JkMWCLdHjOyZi8LkQfCw%2FqaHsIYHXITDSc9Q%2Bj2lbe%2FxiNFELBbEmGc0VtNtc8PRYKrhTuBtXAWBe%2FHg7YvmbHALrUhJC7KfrH46B2BAujBWA7u59v4retBNa0NeEG6x"}],"group":"cf-nel","max_age":604800}', 'NEL': '{"success_fraction":0,"report_to":"cf-nel","max_age":604800}', 'Server': 'cloudflare', 'CF-RAY': '872a36c34aa9068c-IAD', 'alt-svc': 'h3=":443"; ma=86400'} 
 body={"results":[{"gender":"male","name":{"title":"Mr","first":"Anatoli","last":"Thoma"},"location":{"street":{"number":8709,"name":"Birkenstraße"},"city":"Bitburg","state":"Mecklenburg-Vorpommern","country":"Germany","postcode":77615,"coordinates":{"latitude":"-50.2957","longitude":"-82.6343"},"timezone":{"offset":"-12:00","description":"Eniwetok, Kwajalein"}},"email":"anatoli.thoma@example.com","login":{"uuid":"0e0d117c-03a5-4d04-8fb5-fb766dfd783f","username":"sadfrog961","password":"woowoo","salt":"amQu2dpb","md5":"75312ff0781e9fc8fe3ae19b33d49379","sha1":"9eb796c163000b3e61ac9bb8145b4f8118caa5b2","sha256":"c63688d7502b17c3658e4fb4cd377539600844b1722e37ea7613fa20fb0c8807"},"dob":{"date":"1984-12-20T00:24:58.664Z","age":39},"registered":{"date":"2012-02-22T08:36:00.703Z","age":12},"phone":"0389-8452933","cell":"0177-0043932","id":{"name":"SVNR","value":"12 191284 T 209"},"picture":{"large":"https://randomuser.me/api/portraits/men/42.jpg","medium":"https://randomuser.me/api/portraits/med/men/42.jpg","thumbnail":"https://randomuser.me/api/portraits/thumb/men/42.jpg"},"nat":"DE"}],"info":{"seed":"9186ae75b025f5ea","results":1,"page":1,"version":"1.4"}} 
 </msg>
<msg time="2024-04-11T10:15:10.703557" level="INFO">/opt/hostedtoolcache/Python/3.12.2/x64/lib/python3.12/site-packages/urllib3/connectionpool.py:1103: InsecureRequestWarning: Unverified HTTPS request is being made to host 'randomuser.me'. Adding certificate verification is strongly advised. See: https://urllib3.readthedocs.io/en/latest/advanced-usage.html#tls-warnings
  warnings.warn(</msg>
<msg time="2024-04-11T10:15:10.703673" level="INFO">${response} = &lt;Response [200]&gt;</msg>
<var>${response}</var>
<arg>consultarAPI</arg>
<arg>/api</arg>
<doc>Sends a GET request on a previously created HTTP Session.</doc>
<status status="PASS" start="2024-04-11T10:15:10.607282" elapsed="0.096430"/>
</kw>
<kw name="Set Variable" owner="BuiltIn">
<msg time="2024-04-11T10:15:10.704859" level="INFO">${json_data} = {'results': [{'gender': 'male', 'name': {'title': 'Mr', 'first': 'Anatoli', 'last': 'Thoma'}, 'location': {'street': {'number': 8709, 'name': 'Birkenstraße'}, 'city': 'Bitburg', 'state': 'Mecklenburg-...</msg>
<var>${json_data}</var>
<arg>${response.json()}</arg>
<doc>Returns the given values which can then be assigned to a variables.</doc>
<status status="PASS" start="2024-04-11T10:15:10.704260" elapsed="0.000628"/>
</kw>
<kw name="Log" owner="BuiltIn">
<msg time="2024-04-11T10:15:10.705355" level="INFO">{'results': [{'gender': 'male', 'name': {'title': 'Mr', 'first': 'Anatoli', 'last': 'Thoma'}, 'location': {'street': {'number': 8709, 'name': 'Birkenstraße'}, 'city': 'Bitburg', 'state': 'Mecklenburg-Vorpommern', 'country': 'Germany', 'postcode': 77615, 'coordinates': {'latitude': '-50.2957', 'longitude': '-82.6343'}, 'timezone': {'offset': '-12:00', 'description': 'Eniwetok, Kwajalein'}}, 'email': 'anatoli.thoma@example.com', 'login': {'uuid': '0e0d117c-03a5-4d04-8fb5-fb766dfd783f', 'username': 'sadfrog961', 'password': 'woowoo', 'salt': 'amQu2dpb', 'md5': '75312ff0781e9fc8fe3ae19b33d49379', 'sha1': '9eb796c163000b3e61ac9bb8145b4f8118caa5b2', 'sha256': 'c63688d7502b17c3658e4fb4cd377539600844b1722e37ea7613fa20fb0c8807'}, 'dob': {'date': '1984-12-20T00:24:58.664Z', 'age': 39}, 'registered': {'date': '2012-02-22T08:36:00.703Z', 'age': 12}, 'phone': '0389-8452933', 'cell': '0177-0043932', 'id': {'name': 'SVNR', 'value': '12 191284 T 209'}, 'picture': {'large': 'https://randomuser.me/api/portraits/men/42.jpg', 'medium': 'https://randomuser.me/api/portraits/med/men/42.jpg', 'thumbnail': 'https://randomuser.me/api/portraits/thumb/men/42.jpg'}, 'nat': 'DE'}], 'info': {'seed': '9186ae75b025f5ea', 'results': 1, 'page': 1, 'version': '1.4'}}</msg>
<arg>${json_data}</arg>
<doc>Logs the given message with the given level.</doc>
<status status="PASS" start="2024-04-11T10:15:10.705197" elapsed="0.000280"/>
</kw>
<kw name="Should Be Equal As Numbers" owner="BuiltIn">
<arg>${json_data['results'][0]['location']['postcode']}</arg>
<arg>${json_data['results'][0]['location']['postcode']}</arg>
<doc>Fails if objects are unequal after converting them to real numbers.</doc>
<status status="PASS" start="2024-04-11T10:15:10.705794" elapsed="0.000613"/>
</kw>
<kw name="Log" owner="BuiltIn">
<msg time="2024-04-11T10:15:10.706971" level="INFO">77615</msg>
<arg>${json_data['results'][0]['location']['postcode']}</arg>
<doc>Logs the given message with the given level.</doc>
<status status="PASS" start="2024-04-11T10:15:10.706609" elapsed="0.000402"/>
</kw>
<status status="PASS" start="2024-04-11T10:15:10.607029" elapsed="0.100234"/>
</kw>
<doc>Testa se os tipos de dados na resposta da API estão corretos.</doc>
<tag>testeTiposDados</tag>
<status status="PASS" start="2024-04-11T10:15:10.520989" elapsed="0.186442"/>
</test>
<test id="s1-s1-t5" name="Validar conteudo" line="35">
<kw name="Teste de Tipos de Conteudo" owner="random-user-service">
<kw name="GET On Session" owner="RequestsLibrary">
<msg time="2024-04-11T10:15:10.799083" level="INFO">GET Request : url=https://randomuser.me/api 
 path_url=/api 
 headers={'User-Agent': 'python-requests/2.31.0', 'Accept-Encoding': 'gzip, deflate', 'Accept': '*/*', 'Connection': 'keep-alive'} 
 body=None 
 </msg>
<msg time="2024-04-11T10:15:10.799186" level="INFO">GET Response : url=https://randomuser.me/api 
 status=200, reason=OK 
 headers={'Date': 'Thu, 11 Apr 2024 10:15:10 GMT', 'Content-Type': 'application/json; charset=utf-8', 'Transfer-Encoding': 'chunked', 'Connection': 'keep-alive', 'X-Powered-By': 'Express', 'Access-Control-Allow-Origin': '*', 'Cache-Control': 'no-cache', 'ETag': 'W/"497-uey7fG1bUG9Nbajr6u0MXH3YTH4"', 'Vary': 'Accept-Encoding', 'Content-Encoding': 'gzip', 'CF-Cache-Status': 'DYNAMIC', 'Report-To': '{"endpoints":[{"url":"https:\\/\\/a.nel.cloudflare.com\\/report\\/v4?s=nmdj6LlZvDZOUvc7l7qPB%2Fzw8EBnK3daERyroC0gVqUdnk%2BoCOBncg9WdBtLt4Vqk730jV5S%2BgFFb3Imak9idTY%2FT1AeKA5g4M4d4%2Bp6zbjBQAH2dMueEsykdIimYu8R"}],"group":"cf-nel","max_age":604800}', 'NEL': '{"success_fraction":0,"report_to":"cf-nel","max_age":604800}', 'Server': 'cloudflare', 'CF-RAY': '872a36c3fb0a068c-IAD', 'alt-svc': 'h3=":443"; ma=86400'} 
 body={"results":[{"gender":"male","name":{"title":"Mr","first":"Dobrivoje","last":"Preković"},"location":{"street":{"number":6356,"name":"Belućka"},"city":"Loznica","state":"South Bačka","country":"Serbia","postcode":62465,"coordinates":{"latitude":"63.7916","longitude":"-147.2872"},"timezone":{"offset":"+11:00","description":"Magadan, Solomon Islands, New Caledonia"}},"email":"dobrivoje.prekovic@example.com","login":{"uuid":"39fa17c9-fffc-4760-806a-0fcbbeb452fb","username":"happyostrich122","password":"1974","salt":"007UDzcW","md5":"886a20204748898b99bf0d54bcaec2f4","sha1":"caf189baeb0309b901b10e17227b8dfebbb558e5","sha256":"8c317729b7aa19ef47ef79a3eefa82be2f0f658183fa0e80f7e8dc99055e6d65"},"dob":{"date":"1999-12-04T09:12:40.565Z","age":24},"registered":{"date":"2017-09-23T22:35:01.262Z","age":6},"phone":"038-7231-972","cell":"065-1171-225","id":{"name":"SID","value":"890033417"},"picture":{"large":"https://randomuser.me/api/portraits/men/71.jpg","medium":"https://randomuser.me/api/portraits/med/men/71.jpg","thumbnail":"https://randomuser.me/api/portraits/thumb/men/71.jpg"},"nat":"RS"}],"info":{"seed":"07e21c8a3a7a44a3","results":1,"page":1,"version":"1.4"}} 
 </msg>
<msg time="2024-04-11T10:15:10.799260" level="INFO">/opt/hostedtoolcache/Python/3.12.2/x64/lib/python3.12/site-packages/urllib3/connectionpool.py:1103: InsecureRequestWarning: Unverified HTTPS request is being made to host 'randomuser.me'. Adding certificate verification is strongly advised. See: https://urllib3.readthedocs.io/en/latest/advanced-usage.html#tls-warnings
  warnings.warn(</msg>
<msg time="2024-04-11T10:15:10.799390" level="INFO">${response} = &lt;Response [200]&gt;</msg>
<var>${response}</var>
<arg>consultarAPI</arg>
<arg>/api</arg>
<doc>Sends a GET request on a previously created HTTP Session.</doc>
<status status="PASS" start="2024-04-11T10:15:10.709985" elapsed="0.089445"/>
</kw>
<kw name="Set Variable" owner="BuiltIn">
<msg time="2024-04-11T10:15:10.800658" level="INFO">${json_data} = {'results': [{'gender': 'male', 'name': {'title': 'Mr', 'first': 'Dobrivoje', 'last': 'Preković'}, 'location': {'street': {'number': 6356, 'name': 'Belućka'}, 'city': 'Loznica', 'state': 'South Bačka'...</msg>
<var>${json_data}</var>
<arg>${response.json()}</arg>
<doc>Returns the given values which can then be assigned to a variables.</doc>
<status status="PASS" start="2024-04-11T10:15:10.800085" elapsed="0.000604"/>
</kw>
<kw name="Set Variable" owner="BuiltIn">
<msg time="2024-04-11T10:15:10.801425" level="INFO">${name_title} = Mr</msg>
<var>${name_title}</var>
<arg>${json_data["results"][0]["name"]["title"]}</arg>
<doc>Returns the given values which can then be assigned to a variables.</doc>
<status status="PASS" start="2024-04-11T10:15:10.801000" elapsed="0.000452"/>
</kw>
<kw name="Create List" owner="BuiltIn">
<msg time="2024-04-11T10:15:10.801917" level="INFO">${allowed_titles} = ['Mr', 'Ms', 'Miss', 'Mrs', 'Madame', 'Monsieur']</msg>
<var>${allowed_titles}</var>
<arg>Mr</arg>
<arg>Ms</arg>
<arg>Miss</arg>
<arg>Mrs</arg>
<arg>Madame</arg>
<arg>Monsieur</arg>
<doc>Returns a list containing given items.</doc>
<status status="PASS" start="2024-04-11T10:15:10.801766" elapsed="0.000175"/>
</kw>
<kw name="List Should Contain Value" owner="Collections">
<msg time="2024-04-11T10:15:10.802431" level="INFO">False</msg>
<arg>${allowed_titles}</arg>
<arg>${name_title}</arg>
<doc>Fails if the ``value`` is not found from ``list``.</doc>
<status status="PASS" start="2024-04-11T10:15:10.802256" elapsed="0.000214"/>
</kw>
<kw name="Set Variable" owner="BuiltIn">
<msg time="2024-04-11T10:15:10.803141" level="INFO">${name_country} = RS</msg>
<var>${name_country}</var>
<arg>${json_data["results"][0]["nat"]}</arg>
<doc>Returns the given values which can then be assigned to a variables.</doc>
<status status="PASS" start="2024-04-11T10:15:10.802766" elapsed="0.000400"/>
</kw>
<kw name="Create List" owner="BuiltIn">
<msg time="2024-04-11T10:15:10.804070" level="INFO">${list_country} = ['AD', 'AE', 'AF', 'AG', 'AI', 'AL', 'AM', 'AO', 'AQ', 'AR', 'AS', 'AT', 'AU', 'AW', 'AX', 'AZ', 'BA', 'BB', 'BD', 'BE', 'BF', 'BG', 'BH', 'BI', 'BJ', 'BL', 'BM', 'BN', 'BO', 'BQ', 'BR', 'BS', 'BT', '...</msg>
<var>${list_country}</var>
<arg>AD</arg>
<arg>AE</arg>
<arg>AF</arg>
<arg>AG</arg>
<arg>AI</arg>
<arg>AL</arg>
<arg>AM</arg>
<arg>AO</arg>
<arg>AQ</arg>
<arg>AR</arg>
<arg>AS</arg>
<arg>AT</arg>
<arg>AU</arg>
<arg>AW</arg>
<arg>AX</arg>
<arg>AZ</arg>
<arg>BA</arg>
<arg>BB</arg>
<arg>BD</arg>
<arg>BE</arg>
<arg>BF</arg>
<arg>BG</arg>
<arg>BH</arg>
<arg>BI</arg>
<arg>BJ</arg>
<arg>BL</arg>
<arg>BM</arg>
<arg>BN</arg>
<arg>BO</arg>
<arg>BQ</arg>
<arg>BR</arg>
<arg>BS</arg>
<arg>BT</arg>
<arg>BV</arg>
<arg>BW</arg>
<arg>BY</arg>
<arg>BZ</arg>
<arg>CA</arg>
<arg>CC</arg>
<arg>CD</arg>
<arg>CF</arg>
<arg>CG</arg>
<arg>CH</arg>
<arg>CI</arg>
<arg>CK</arg>
<arg>CL</arg>
<arg>CM</arg>
<arg>CN</arg>
<arg>CO</arg>
<arg>CR</arg>
<arg>CU</arg>
<arg>CV</arg>
<arg>CW</arg>
<arg>CX</arg>
<arg>CY</arg>
<arg>CZ</arg>
<arg>DE</arg>
<arg>DJ</arg>
<arg>DK</arg>
<arg>DM</arg>
<arg>DO</arg>
<arg>DZ</arg>
<arg>EC</arg>
<arg>EE</arg>
<arg>EG</arg>
<arg>EH</arg>
<arg>ER</arg>
<arg>ES</arg>
<arg>ET</arg>
<arg>FI</arg>
<arg>FJ</arg>
<arg>FK</arg>
<arg>FM</arg>
<arg>FO</arg>
<arg>FR</arg>
<arg>GA</arg>
<arg>GB</arg>
<arg>GD</arg>
<arg>GE</arg>
<arg>GF</arg>
<arg>GG</arg>
<arg>GH</arg>
<arg>GI</arg>
<arg>GL</arg>
<arg>GM</arg>
<arg>GN</arg>
<arg>GP</arg>
<arg>GQ</arg>
<arg>GR</arg>
<arg>GS</arg>
<arg>GT</arg>
<arg>GU</arg>
<arg>GW</arg>
<arg>GY</arg>
<arg>HK</arg>
<arg>HM</arg>
<arg>HN</arg>
<arg>HR</arg>
<arg>HT</arg>
<arg>HU</arg>
<arg>ID</arg>
<arg>IE</arg>
<arg>IL</arg>
<arg>IM</arg>
<arg>IN</arg>
<arg>IO</arg>
<arg>IQ</arg>
<arg>IR</arg>
<arg>IS</arg>
<arg>IT</arg>
<arg>JE</arg>
<arg>JM</arg>
<arg>JO</arg>
<arg>JP</arg>
<arg>KE</arg>
<arg>KG</arg>
<arg>KH</arg>
<arg>KI</arg>
<arg>KM</arg>
<arg>KN</arg>
<arg>KP</arg>
<arg>KR</arg>
<arg>KW</arg>
<arg>KY</arg>
<arg>KZ</arg>
<arg>LA</arg>
<arg>LB</arg>
<arg>LC</arg>
<arg>LI</arg>
<arg>LK</arg>
<arg>LR</arg>
<arg>LS</arg>
<arg>LT</arg>
<arg>LU</arg>
<arg>LV</arg>
<arg>LY</arg>
<arg>MA</arg>
<arg>MC</arg>
<arg>MD</arg>
<arg>ME</arg>
<arg>MF</arg>
<arg>MG</arg>
<arg>MH</arg>
<arg>MK</arg>
<arg>ML</arg>
<arg>MM</arg>
<arg>MN</arg>
<arg>MO</arg>
<arg>MP</arg>
<arg>MQ</arg>
<arg>MR</arg>
<arg>MS</arg>
<arg>MT</arg>
<arg>MU</arg>
<arg>MV</arg>
<arg>MW</arg>
<arg>MX</arg>
<arg>MY</arg>
<arg>MZ</arg>
<arg>NA</arg>
<arg>NC</arg>
<arg>NE</arg>
<arg>NF</arg>
<arg>NG</arg>
<arg>NI</arg>
<arg>NL</arg>
<arg>NO</arg>
<arg>NP</arg>
<arg>NR</arg>
<arg>NU</arg>
<arg>NZ</arg>
<arg>OM</arg>
<arg>PA</arg>
<arg>PE</arg>
<arg>PF</arg>
<arg>PG</arg>
<arg>PH</arg>
<arg>PK</arg>
<arg>PL</arg>
<arg>PM</arg>
<arg>PN</arg>
<arg>PR</arg>
<arg>PS</arg>
<arg>PT</arg>
<arg>PW</arg>
<arg>PY</arg>
<arg>QA</arg>
<arg>RE</arg>
<arg>RO</arg>
<arg>RS</arg>
<arg>RU</arg>
<arg>RW</arg>
<arg>SA</arg>
<arg>SB</arg>
<arg>SC</arg>
<arg>SD</arg>
<arg>SE</arg>
<arg>SG</arg>
<arg>SH</arg>
<arg>SI</arg>
<arg>SJ</arg>
<arg>SK</arg>
<arg>SL</arg>
<arg>SM</arg>
<arg>SN</arg>
<arg>SO</arg>
<arg>SR</arg>
<arg>SS</arg>
<arg>ST</arg>
<arg>SV</arg>
<arg>SX</arg>
<arg>SY</arg>
<arg>SZ</arg>
<arg>TC</arg>
<arg>TD</arg>
<arg>TF</arg>
<arg>TG</arg>
<arg>TH</arg>
<arg>TJ</arg>
<arg>TK</arg>
<arg>TL</arg>
<arg>TM</arg>
<arg>TN</arg>
<arg>TO</arg>
<arg>TR</arg>
<arg>TT</arg>
<arg>TV</arg>
<arg>TW</arg>
<arg>TZ</arg>
<arg>UA</arg>
<arg>UG</arg>
<arg>UM</arg>
<arg>US</arg>
<arg>UY</arg>
<arg>UZ</arg>
<arg>VA</arg>
<arg>VC</arg>
<arg>VE</arg>
<arg>VG</arg>
<arg>VI</arg>
<arg>VN</arg>
<arg>VU</arg>
<arg>WF</arg>
<arg>WS</arg>
<arg>XK</arg>
<arg>YE</arg>
<arg>YT</arg>
<arg>ZA</arg>
<arg>ZM</arg>
<arg>ZW</arg>
<doc>Returns a list containing given items.</doc>
<status status="PASS" start="2024-04-11T10:15:10.803470" elapsed="0.000625"/>
</kw>
<kw name="List Should Contain Value" owner="Collections">
<msg time="2024-04-11T10:15:10.805089" level="INFO">False</msg>
<arg>${list_country}</arg>
<arg>${name_country}</arg>
<doc>Fails if the ``value`` is not found from ``list``.</doc>
<status status="PASS" start="2024-04-11T10:15:10.804881" elapsed="0.000245"/>
</kw>
<kw name="Run Keyword If" owner="BuiltIn">
<kw name="Should Be True" owner="BuiltIn">
<arg>${True}</arg>
<doc>Fails if the given condition is not true.</doc>
<status status="PASS" start="2024-04-11T10:15:10.806363" elapsed="0.000148"/>
</kw>
<arg>${json_data["results"][0]["location"]["coordinates"]["latitude"]} &gt;= -90 and ${json_data["results"][0]["location"]["coordinates"]["latitude"]} &lt;= 90</arg>
<arg>Should Be True</arg>
<arg>${True}</arg>
<doc>Runs the given keyword with the given arguments, if ``condition`` is true.</doc>
<status status="PASS" start="2024-04-11T10:15:10.805467" elapsed="0.001172"/>
</kw>
<kw name="Run Keyword If" owner="BuiltIn">
<kw name="Should Be True" owner="BuiltIn">
<arg>${True}</arg>
<doc>Fails if the given condition is not true.</doc>
<status status="PASS" start="2024-04-11T10:15:10.807544" elapsed="0.000139"/>
</kw>
<arg>${json_data["results"][0]["location"]["coordinates"]["longitude"]} &gt;= -180 and ${json_data["results"][0]["location"]["coordinates"]["longitude"]} &lt;= 180</arg>
<arg>Should Be True</arg>
<arg>${True}</arg>
<doc>Runs the given keyword with the given arguments, if ``condition`` is true.</doc>
<status status="PASS" start="2024-04-11T10:15:10.806827" elapsed="0.000979"/>
</kw>
<status status="PASS" start="2024-04-11T10:15:10.709755" elapsed="0.098181"/>
</kw>
<doc>Testa o conteúdo específico dos campos retornados pela API.</doc>
<tag>testeConteudo</tag>
<status status="PASS" start="2024-04-11T10:15:10.709173" elapsed="0.098918"/>
</test>
<status status="PASS" start="2024-04-11T10:15:09.396643" elapsed="1.413410"/>
</suite>
<status status="PASS" start="2024-04-11T10:15:09.382844" elapsed="1.432610"/>
</suite>
<statistics>
<total>
<stat pass="5" fail="0" skip="0">All Tests</stat>
</total>
<tag>
<stat pass="1" fail="0" skip="0">testeConteudo</stat>
<stat pass="1" fail="0" skip="0">testeEstruturaResposta</stat>
<stat pass="1" fail="0" skip="0">testeRequisicaoBasica</stat>
<stat pass="1" fail="0" skip="0">testeTiposDados</stat>
</tag>
<suite>
<stat pass="5" fail="0" skip="0" id="s1" name="Tests">Tests</stat>
<stat pass="5" fail="0" skip="0" id="s1-s1" name="Random-User-Test">Tests.Random-User-Test</stat>
</suite>
</statistics>
<errors>
</errors>
</robot>
