<?xml version="1.0" encoding="UTF-8"?>
<robot generator="Robot 7.0.1 (Python 3.12.4 on linux)" generated="2024-07-30T05:16:05.312721" rpa="false" schemaversion="5">
<suite id="s1" name="Tests" source="/home/runner/work/ApiRandomUser/ApiRandomUser/RamdonUser/tests">
<suite id="s1-s1" name="Random-User-Test" source="/home/runner/work/ApiRandomUser/ApiRandomUser/RamdonUser/tests/random-user-test.robot">
<test id="s1-s1-t1" name="Conectar" line="13">
<kw name="Conectar API" owner="random-user-service">
<kw name="Create Session" owner="RequestsLibrary">
<msg time="2024-07-30T05:16:05.708314" level="INFO">Creating Session using : alias=consultarAPI, url=https://randomuser.me/, headers={},                     cookies={}, auth=None, timeout=None, proxies=None, verify=False,                     debug=0 </msg>
<arg>consultarAPI</arg>
<arg>${URL}</arg>
<doc>Create Session: create a HTTP session to a server</doc>
<status status="PASS" start="2024-07-30T05:16:05.708072" elapsed="0.000444"/>
</kw>
<status status="PASS" start="2024-07-30T05:16:05.707010" elapsed="0.001873"/>
</kw>
<status status="PASS" start="2024-07-30T05:16:05.706435" elapsed="0.002653"/>
</test>
<test id="s1-s1-t2" name="Validar retorno 200 e JSON Válido" line="16">
<kw name="Teste de Requisicao Basica" owner="random-user-service">
<kw name="GET On Session" owner="RequestsLibrary">
<msg time="2024-07-30T05:16:05.800668" level="INFO">GET Request : url=https://randomuser.me/api 
 path_url=/api 
 headers={'User-Agent': 'python-requests/2.32.3', 'Accept-Encoding': 'gzip, deflate', 'Accept': '*/*', 'Connection': 'keep-alive'} 
 body=None 
 </msg>
<msg time="2024-07-30T05:16:05.800821" level="INFO">GET Response : url=https://randomuser.me/api 
 status=200, reason=OK 
 headers={'Date': 'Tue, 30 Jul 2024 05:16:05 GMT', 'Content-Type': 'application/json; charset=utf-8', 'Transfer-Encoding': 'chunked', 'Connection': 'keep-alive', 'X-Powered-By': 'Express', 'Access-Control-Allow-Origin': '*', 'Cache-Control': 'no-cache', 'ETag': 'W/"488-P4GYEptc9oQtnyXpQD+Hsb0DC3g"', 'Vary': 'Accept-Encoding', 'Content-Encoding': 'gzip', 'CF-Cache-Status': 'DYNAMIC', 'Report-To': '{"endpoints":[{"url":"https:\\/\\/a.nel.cloudflare.com\\/report\\/v4?s=PFWt%2BqURcVN6dkeeuxMujy%2BLnpo%2BGhUJGKQ4XGr8fVINeJDyzlJP0gxKy9jGmWC3yBOT%2F2BpPQGUZ7cixEmL0ciM1I18%2BquqXhI1qDT9yXzJ3gRLcVkwHOVaJHeiCQch"}],"group":"cf-nel","max_age":604800}', 'NEL': '{"success_fraction":0,"report_to":"cf-nel","max_age":604800}', 'Server': 'cloudflare', 'CF-RAY': '8ab2dfe80aac0660-IAD', 'alt-svc': 'h3=":443"; ma=86400'} 
 body={"results":[{"gender":"female","name":{"title":"Ms","first":"پریا","last":"کریمی"},"location":{"street":{"number":2495,"name":"هویزه"},"city":"ساری","state":"قم","country":"Iran","postcode":14861,"coordinates":{"latitude":"13.6530","longitude":"71.5884"},"timezone":{"offset":"-4:00","description":"Atlantic Time (Canada), Caracas, La Paz"}},"email":"pry.khrymy@example.com","login":{"uuid":"ddd43d78-050e-430d-86aa-7746f1ddf079","username":"purpleladybug544","password":"patrol","salt":"tc5nb1rA","md5":"c635a0b05b65088ecaed64d1f889581c","sha1":"4ef74be1bd2711e57993fdbb109172d884128c07","sha256":"63c82d864a5bd045fd23c570a4f2560ab6d9310aee431d399068cb6b42c4c317"},"dob":{"date":"1961-12-12T15:19:46.508Z","age":62},"registered":{"date":"2010-03-19T22:23:49.262Z","age":14},"phone":"008-89046071","cell":"0983-573-2785","id":{"name":"","value":null},"picture":{"large":"https://randomuser.me/api/portraits/women/95.jpg","medium":"https://randomuser.me/api/portraits/med/women/95.jpg","thumbnail":"https://randomuser.me/api/portraits/thumb/women/95.jpg"},"nat":"IR"}],"info":{"seed":"87e315ac8527b560","results":1,"page":1,"version":"1.4"}} 
 </msg>
<msg time="2024-07-30T05:16:05.800908" level="INFO">/opt/hostedtoolcache/Python/3.12.4/x64/lib/python3.12/site-packages/urllib3/connectionpool.py:1099: InsecureRequestWarning: Unverified HTTPS request is being made to host 'randomuser.me'. Adding certificate verification is strongly advised. See: https://urllib3.readthedocs.io/en/latest/advanced-usage.html#tls-warnings
  warnings.warn(</msg>
<msg time="2024-07-30T05:16:05.801071" level="INFO">${response} = &lt;Response [200]&gt;</msg>
<var>${response}</var>
<arg>consultarAPI</arg>
<arg>/api</arg>
<doc>Sends a GET request on a previously created HTTP Session.</doc>
<status status="PASS" start="2024-07-30T05:16:05.711668" elapsed="0.089443"/>
</kw>
<kw name="Should Be Equal As Numbers" owner="BuiltIn">
<msg time="2024-07-30T05:16:05.802061" level="INFO">Argument types are:
&lt;class 'int'&gt;
&lt;class 'str'&gt;</msg>
<arg>${response.status_code}</arg>
<arg>200</arg>
<doc>Fails if objects are unequal after converting them to real numbers.</doc>
<status status="PASS" start="2024-07-30T05:16:05.801608" elapsed="0.000517"/>
</kw>
<kw name="Log" owner="BuiltIn">
<msg time="2024-07-30T05:16:05.802801" level="INFO">200</msg>
<arg>${response.status_code}</arg>
<doc>Logs the given message with the given level.</doc>
<status status="PASS" start="2024-07-30T05:16:05.802443" elapsed="0.000399"/>
</kw>
<kw name="Set Variable" owner="BuiltIn">
<msg time="2024-07-30T05:16:05.803593" level="INFO">${json_data} = {'results': [{'gender': 'female', 'name': {'title': 'Ms', 'first': 'پریا', 'last': 'کریمی'}, 'location': {'street': {'number': 2495, 'name': 'هویزه'}, 'city': 'ساری', 'state': 'قم', 'country': 'Iran',...</msg>
<var>${json_data}</var>
<arg>${response.json()}</arg>
<doc>Returns the given values which can then be assigned to a variables.</doc>
<status status="PASS" start="2024-07-30T05:16:05.803146" elapsed="0.000478"/>
</kw>
<kw name="Dictionary Should Contain Key" owner="Collections">
<arg>${json_data}</arg>
<arg>results</arg>
<doc>Fails if ``key`` is not found from ``dictionary``.</doc>
<status status="PASS" start="2024-07-30T05:16:05.803929" elapsed="0.000347"/>
</kw>
<status status="PASS" start="2024-07-30T05:16:05.711424" elapsed="0.093008"/>
</kw>
<doc>Testa se a API responde corretamente e retorna um objeto JSON válido.</doc>
<tag>testeRequisicaoBasica</tag>
<status status="PASS" start="2024-07-30T05:16:05.710942" elapsed="0.093663"/>
</test>
<test id="s1-s1-t3" name="Validar estrutura de resposta" line="22">
<kw name="Teste de Estrutura de Resposta" owner="random-user-service">
<kw name="GET On Session" owner="RequestsLibrary">
<msg time="2024-07-30T05:16:05.895729" level="INFO">GET Request : url=https://randomuser.me/api 
 path_url=/api 
 headers={'User-Agent': 'python-requests/2.32.3', 'Accept-Encoding': 'gzip, deflate', 'Accept': '*/*', 'Connection': 'keep-alive'} 
 body=None 
 </msg>
<msg time="2024-07-30T05:16:05.895832" level="INFO">GET Response : url=https://randomuser.me/api 
 status=200, reason=OK 
 headers={'Date': 'Tue, 30 Jul 2024 05:16:05 GMT', 'Content-Type': 'application/json; charset=utf-8', 'Transfer-Encoding': 'chunked', 'Connection': 'keep-alive', 'X-Powered-By': 'Express', 'Access-Control-Allow-Origin': '*', 'Cache-Control': 'no-cache', 'ETag': 'W/"4a0-d9GU1+UJYEmo/uiV8BD7IPkQk3s"', 'Vary': 'Accept-Encoding', 'Content-Encoding': 'gzip', 'CF-Cache-Status': 'DYNAMIC', 'Report-To': '{"endpoints":[{"url":"https:\\/\\/a.nel.cloudflare.com\\/report\\/v4?s=TGEeCGfmU3hN6HkKBFmdp28vxUxSNx%2Br4YibCZTyunUdwjJDXfDwHGehwI9NBf0VTg0aq%2Bcil3y1yvDu5g8RxQa1LqYTIZswoQgKkVGX8aGJ8726GGoGuAOg574jEVIh"}],"group":"cf-nel","max_age":604800}', 'NEL': '{"success_fraction":0,"report_to":"cf-nel","max_age":604800}', 'Server': 'cloudflare', 'CF-RAY': '8ab2dfe85ad80660-IAD', 'alt-svc': 'h3=":443"; ma=86400'} 
 body={"results":[{"gender":"female","name":{"title":"Ms","first":"Magdalena","last":"Fuentes"},"location":{"street":{"number":9656,"name":"Avenida del Planetario"},"city":"Móstoles","state":"Castilla y León","country":"Spain","postcode":46341,"coordinates":{"latitude":"-34.2833","longitude":"177.9495"},"timezone":{"offset":"-8:00","description":"Pacific Time (US &amp; Canada)"}},"email":"magdalena.fuentes@example.com","login":{"uuid":"94b2f395-6e27-42bb-9c03-86b8c5359e73","username":"brownlion444","password":"911911","salt":"5jDjTUhW","md5":"cfec1d167119dc236c20e8be062594cf","sha1":"e79bb29b72ac9d105515dc2d85ea8fb008482fc5","sha256":"68bbcabc0be702ad727c20e6546134e440aeb42ddf69f1a9cb350669a096bce5"},"dob":{"date":"1983-09-09T20:49:04.185Z","age":40},"registered":{"date":"2013-05-14T20:56:39.287Z","age":11},"phone":"932-369-424","cell":"601-729-846","id":{"name":"DNI","value":"38285790-I"},"picture":{"large":"https://randomuser.me/api/portraits/women/77.jpg","medium":"https://randomuser.me/api/portraits/med/women/77.jpg","thumbnail":"https://randomuser.me/api/portraits/thumb/women/77.jpg"},"nat":"ES"}],"info":{"seed":"d873b29fe8f2517f","results":1,"page":1,"version":"1.4"}} 
 </msg>
<msg time="2024-07-30T05:16:05.895965" level="INFO">/opt/hostedtoolcache/Python/3.12.4/x64/lib/python3.12/site-packages/urllib3/connectionpool.py:1099: InsecureRequestWarning: Unverified HTTPS request is being made to host 'randomuser.me'. Adding certificate verification is strongly advised. See: https://urllib3.readthedocs.io/en/latest/advanced-usage.html#tls-warnings
  warnings.warn(</msg>
<msg time="2024-07-30T05:16:05.896116" level="INFO">${response} = &lt;Response [200]&gt;</msg>
<var>${response}</var>
<arg>consultarAPI</arg>
<arg>/api</arg>
<doc>Sends a GET request on a previously created HTTP Session.</doc>
<status status="PASS" start="2024-07-30T05:16:05.807218" elapsed="0.088961"/>
</kw>
<kw name="Set Variable" owner="BuiltIn">
<msg time="2024-07-30T05:16:05.897197" level="INFO">${json_data} = {'results': [{'gender': 'female', 'name': {'title': 'Ms', 'first': 'Magdalena', 'last': 'Fuentes'}, 'location': {'street': {'number': 9656, 'name': 'Avenida del Planetario'}, 'city': 'Móstoles', 'stat...</msg>
<var>${json_data}</var>
<arg>${response.json()}</arg>
<doc>Returns the given values which can then be assigned to a variables.</doc>
<status status="PASS" start="2024-07-30T05:16:05.896670" elapsed="0.000558"/>
</kw>
<kw name="Log" owner="BuiltIn">
<msg time="2024-07-30T05:16:05.897714" level="INFO">{'results': [{'gender': 'female', 'name': {'title': 'Ms', 'first': 'Magdalena', 'last': 'Fuentes'}, 'location': {'street': {'number': 9656, 'name': 'Avenida del Planetario'}, 'city': 'Móstoles', 'state': 'Castilla y León', 'country': 'Spain', 'postcode': 46341, 'coordinates': {'latitude': '-34.2833', 'longitude': '177.9495'}, 'timezone': {'offset': '-8:00', 'description': 'Pacific Time (US &amp; Canada)'}}, 'email': 'magdalena.fuentes@example.com', 'login': {'uuid': '94b2f395-6e27-42bb-9c03-86b8c5359e73', 'username': 'brownlion444', 'password': '911911', 'salt': '5jDjTUhW', 'md5': 'cfec1d167119dc236c20e8be062594cf', 'sha1': 'e79bb29b72ac9d105515dc2d85ea8fb008482fc5', 'sha256': '68bbcabc0be702ad727c20e6546134e440aeb42ddf69f1a9cb350669a096bce5'}, 'dob': {'date': '1983-09-09T20:49:04.185Z', 'age': 40}, 'registered': {'date': '2013-05-14T20:56:39.287Z', 'age': 11}, 'phone': '932-369-424', 'cell': '601-729-846', 'id': {'name': 'DNI', 'value': '38285790-I'}, 'picture': {'large': 'https://randomuser.me/api/portraits/women/77.jpg', 'medium': 'https://randomuser.me/api/portraits/med/women/77.jpg', 'thumbnail': 'https://randomuser.me/api/portraits/thumb/women/77.jpg'}, 'nat': 'ES'}], 'info': {'seed': 'd873b29fe8f2517f', 'results': 1, 'page': 1, 'version': '1.4'}}</msg>
<arg>${json_data}</arg>
<doc>Logs the given message with the given level.</doc>
<status status="PASS" start="2024-07-30T05:16:05.897541" elapsed="0.000226"/>
</kw>
<kw name="Dictionary Should Contain Key" owner="Collections">
<arg>${json_data}</arg>
<arg>results</arg>
<doc>Fails if ``key`` is not found from ``dictionary``.</doc>
<status status="PASS" start="2024-07-30T05:16:05.898069" elapsed="0.000166"/>
</kw>
<kw name="Should Not Be Empty" owner="BuiltIn">
<msg time="2024-07-30T05:16:05.898556" level="INFO">Length is 2.</msg>
<arg>${json_data}</arg>
<doc>Verifies that the given item is not empty.</doc>
<status status="PASS" start="2024-07-30T05:16:05.898424" elapsed="0.000172"/>
</kw>
<kw name="Create List" owner="BuiltIn">
<msg time="2024-07-30T05:16:05.899043" level="INFO">${expected_keys} = ['gender', 'name', 'location', 'email', 'login']</msg>
<var>${expected_keys}</var>
<arg>gender</arg>
<arg>name</arg>
<arg>location</arg>
<arg>email</arg>
<arg>login</arg>
<doc>Returns a list containing given items.</doc>
<status status="PASS" start="2024-07-30T05:16:05.898887" elapsed="0.000181"/>
</kw>
<for flavor="IN">
<iter>
<kw name="Dictionary Should Contain Key" owner="Collections">
<arg>${json_data['results'][0]}</arg>
<arg>${key}</arg>
<doc>Fails if ``key`` is not found from ``dictionary``.</doc>
<status status="PASS" start="2024-07-30T05:16:05.899657" elapsed="0.000414"/>
</kw>
<kw name="Log" owner="BuiltIn">
<msg time="2024-07-30T05:16:05.900672" level="INFO">{'gender': 'female', 'name': {'title': 'Ms', 'first': 'Magdalena', 'last': 'Fuentes'}, 'location': {'street': {'number': 9656, 'name': 'Avenida del Planetario'}, 'city': 'Móstoles', 'state': 'Castilla y León', 'country': 'Spain', 'postcode': 46341, 'coordinates': {'latitude': '-34.2833', 'longitude': '177.9495'}, 'timezone': {'offset': '-8:00', 'description': 'Pacific Time (US &amp; Canada)'}}, 'email': 'magdalena.fuentes@example.com', 'login': {'uuid': '94b2f395-6e27-42bb-9c03-86b8c5359e73', 'username': 'brownlion444', 'password': '911911', 'salt': '5jDjTUhW', 'md5': 'cfec1d167119dc236c20e8be062594cf', 'sha1': 'e79bb29b72ac9d105515dc2d85ea8fb008482fc5', 'sha256': '68bbcabc0be702ad727c20e6546134e440aeb42ddf69f1a9cb350669a096bce5'}, 'dob': {'date': '1983-09-09T20:49:04.185Z', 'age': 40}, 'registered': {'date': '2013-05-14T20:56:39.287Z', 'age': 11}, 'phone': '932-369-424', 'cell': '601-729-846', 'id': {'name': 'DNI', 'value': '38285790-I'}, 'picture': {'large': 'https://randomuser.me/api/portraits/women/77.jpg', 'medium': 'https://randomuser.me/api/portraits/med/women/77.jpg', 'thumbnail': 'https://randomuser.me/api/portraits/thumb/women/77.jpg'}, 'nat': 'ES'}</msg>
<arg>${json_data['results'][0]}</arg>
<doc>Logs the given message with the given level.</doc>
<status status="PASS" start="2024-07-30T05:16:05.900298" elapsed="0.000428"/>
</kw>
<kw name="Log" owner="BuiltIn">
<msg time="2024-07-30T05:16:05.901172" level="INFO">gender</msg>
<arg>${key}</arg>
<doc>Logs the given message with the given level.</doc>
<status status="PASS" start="2024-07-30T05:16:05.901036" elapsed="0.000175"/>
</kw>
<var name="${key}">gender</var>
<status status="PASS" start="2024-07-30T05:16:05.899527" elapsed="0.001905"/>
</iter>
<iter>
<kw name="Dictionary Should Contain Key" owner="Collections">
<arg>${json_data['results'][0]}</arg>
<arg>${key}</arg>
<doc>Fails if ``key`` is not found from ``dictionary``.</doc>
<status status="PASS" start="2024-07-30T05:16:05.901734" elapsed="0.000386"/>
</kw>
<kw name="Log" owner="BuiltIn">
<msg time="2024-07-30T05:16:05.902707" level="INFO">{'gender': 'female', 'name': {'title': 'Ms', 'first': 'Magdalena', 'last': 'Fuentes'}, 'location': {'street': {'number': 9656, 'name': 'Avenida del Planetario'}, 'city': 'Móstoles', 'state': 'Castilla y León', 'country': 'Spain', 'postcode': 46341, 'coordinates': {'latitude': '-34.2833', 'longitude': '177.9495'}, 'timezone': {'offset': '-8:00', 'description': 'Pacific Time (US &amp; Canada)'}}, 'email': 'magdalena.fuentes@example.com', 'login': {'uuid': '94b2f395-6e27-42bb-9c03-86b8c5359e73', 'username': 'brownlion444', 'password': '911911', 'salt': '5jDjTUhW', 'md5': 'cfec1d167119dc236c20e8be062594cf', 'sha1': 'e79bb29b72ac9d105515dc2d85ea8fb008482fc5', 'sha256': '68bbcabc0be702ad727c20e6546134e440aeb42ddf69f1a9cb350669a096bce5'}, 'dob': {'date': '1983-09-09T20:49:04.185Z', 'age': 40}, 'registered': {'date': '2013-05-14T20:56:39.287Z', 'age': 11}, 'phone': '932-369-424', 'cell': '601-729-846', 'id': {'name': 'DNI', 'value': '38285790-I'}, 'picture': {'large': 'https://randomuser.me/api/portraits/women/77.jpg', 'medium': 'https://randomuser.me/api/portraits/med/women/77.jpg', 'thumbnail': 'https://randomuser.me/api/portraits/thumb/women/77.jpg'}, 'nat': 'ES'}</msg>
<arg>${json_data['results'][0]}</arg>
<doc>Logs the given message with the given level.</doc>
<status status="PASS" start="2024-07-30T05:16:05.902304" elapsed="0.000456"/>
</kw>
<kw name="Log" owner="BuiltIn">
<msg time="2024-07-30T05:16:05.903194" level="INFO">name</msg>
<arg>${key}</arg>
<doc>Logs the given message with the given level.</doc>
<status status="PASS" start="2024-07-30T05:16:05.903065" elapsed="0.000168"/>
</kw>
<var name="${key}">name</var>
<status status="PASS" start="2024-07-30T05:16:05.901620" elapsed="0.001862"/>
</iter>
<iter>
<kw name="Dictionary Should Contain Key" owner="Collections">
<arg>${json_data['results'][0]}</arg>
<arg>${key}</arg>
<doc>Fails if ``key`` is not found from ``dictionary``.</doc>
<status status="PASS" start="2024-07-30T05:16:05.903767" elapsed="0.000421"/>
</kw>
<kw name="Log" owner="BuiltIn">
<msg time="2024-07-30T05:16:05.904781" level="INFO">{'gender': 'female', 'name': {'title': 'Ms', 'first': 'Magdalena', 'last': 'Fuentes'}, 'location': {'street': {'number': 9656, 'name': 'Avenida del Planetario'}, 'city': 'Móstoles', 'state': 'Castilla y León', 'country': 'Spain', 'postcode': 46341, 'coordinates': {'latitude': '-34.2833', 'longitude': '177.9495'}, 'timezone': {'offset': '-8:00', 'description': 'Pacific Time (US &amp; Canada)'}}, 'email': 'magdalena.fuentes@example.com', 'login': {'uuid': '94b2f395-6e27-42bb-9c03-86b8c5359e73', 'username': 'brownlion444', 'password': '911911', 'salt': '5jDjTUhW', 'md5': 'cfec1d167119dc236c20e8be062594cf', 'sha1': 'e79bb29b72ac9d105515dc2d85ea8fb008482fc5', 'sha256': '68bbcabc0be702ad727c20e6546134e440aeb42ddf69f1a9cb350669a096bce5'}, 'dob': {'date': '1983-09-09T20:49:04.185Z', 'age': 40}, 'registered': {'date': '2013-05-14T20:56:39.287Z', 'age': 11}, 'phone': '932-369-424', 'cell': '601-729-846', 'id': {'name': 'DNI', 'value': '38285790-I'}, 'picture': {'large': 'https://randomuser.me/api/portraits/women/77.jpg', 'medium': 'https://randomuser.me/api/portraits/med/women/77.jpg', 'thumbnail': 'https://randomuser.me/api/portraits/thumb/women/77.jpg'}, 'nat': 'ES'}</msg>
<arg>${json_data['results'][0]}</arg>
<doc>Logs the given message with the given level.</doc>
<status status="PASS" start="2024-07-30T05:16:05.904415" elapsed="0.000417"/>
</kw>
<kw name="Log" owner="BuiltIn">
<msg time="2024-07-30T05:16:05.905262" level="INFO">location</msg>
<arg>${key}</arg>
<doc>Logs the given message with the given level.</doc>
<status status="PASS" start="2024-07-30T05:16:05.905133" elapsed="0.000166"/>
</kw>
<var name="${key}">location</var>
<status status="PASS" start="2024-07-30T05:16:05.903658" elapsed="0.001860"/>
</iter>
<iter>
<kw name="Dictionary Should Contain Key" owner="Collections">
<arg>${json_data['results'][0]}</arg>
<arg>${key}</arg>
<doc>Fails if ``key`` is not found from ``dictionary``.</doc>
<status status="PASS" start="2024-07-30T05:16:05.905796" elapsed="0.000377"/>
</kw>
<kw name="Log" owner="BuiltIn">
<msg time="2024-07-30T05:16:05.906844" level="INFO">{'gender': 'female', 'name': {'title': 'Ms', 'first': 'Magdalena', 'last': 'Fuentes'}, 'location': {'street': {'number': 9656, 'name': 'Avenida del Planetario'}, 'city': 'Móstoles', 'state': 'Castilla y León', 'country': 'Spain', 'postcode': 46341, 'coordinates': {'latitude': '-34.2833', 'longitude': '177.9495'}, 'timezone': {'offset': '-8:00', 'description': 'Pacific Time (US &amp; Canada)'}}, 'email': 'magdalena.fuentes@example.com', 'login': {'uuid': '94b2f395-6e27-42bb-9c03-86b8c5359e73', 'username': 'brownlion444', 'password': '911911', 'salt': '5jDjTUhW', 'md5': 'cfec1d167119dc236c20e8be062594cf', 'sha1': 'e79bb29b72ac9d105515dc2d85ea8fb008482fc5', 'sha256': '68bbcabc0be702ad727c20e6546134e440aeb42ddf69f1a9cb350669a096bce5'}, 'dob': {'date': '1983-09-09T20:49:04.185Z', 'age': 40}, 'registered': {'date': '2013-05-14T20:56:39.287Z', 'age': 11}, 'phone': '932-369-424', 'cell': '601-729-846', 'id': {'name': 'DNI', 'value': '38285790-I'}, 'picture': {'large': 'https://randomuser.me/api/portraits/women/77.jpg', 'medium': 'https://randomuser.me/api/portraits/med/women/77.jpg', 'thumbnail': 'https://randomuser.me/api/portraits/thumb/women/77.jpg'}, 'nat': 'ES'}</msg>
<arg>${json_data['results'][0]}</arg>
<doc>Logs the given message with the given level.</doc>
<status status="PASS" start="2024-07-30T05:16:05.906485" elapsed="0.000410"/>
</kw>
<kw name="Log" owner="BuiltIn">
<msg time="2024-07-30T05:16:05.907319" level="INFO">email</msg>
<arg>${key}</arg>
<doc>Logs the given message with the given level.</doc>
<status status="PASS" start="2024-07-30T05:16:05.907191" elapsed="0.000167"/>
</kw>
<var name="${key}">email</var>
<status status="PASS" start="2024-07-30T05:16:05.905688" elapsed="0.001885"/>
</iter>
<iter>
<kw name="Dictionary Should Contain Key" owner="Collections">
<arg>${json_data['results'][0]}</arg>
<arg>${key}</arg>
<doc>Fails if ``key`` is not found from ``dictionary``.</doc>
<status status="PASS" start="2024-07-30T05:16:05.907853" elapsed="0.000410"/>
</kw>
<kw name="Log" owner="BuiltIn">
<msg time="2024-07-30T05:16:05.908809" level="INFO">{'gender': 'female', 'name': {'title': 'Ms', 'first': 'Magdalena', 'last': 'Fuentes'}, 'location': {'street': {'number': 9656, 'name': 'Avenida del Planetario'}, 'city': 'Móstoles', 'state': 'Castilla y León', 'country': 'Spain', 'postcode': 46341, 'coordinates': {'latitude': '-34.2833', 'longitude': '177.9495'}, 'timezone': {'offset': '-8:00', 'description': 'Pacific Time (US &amp; Canada)'}}, 'email': 'magdalena.fuentes@example.com', 'login': {'uuid': '94b2f395-6e27-42bb-9c03-86b8c5359e73', 'username': 'brownlion444', 'password': '911911', 'salt': '5jDjTUhW', 'md5': 'cfec1d167119dc236c20e8be062594cf', 'sha1': 'e79bb29b72ac9d105515dc2d85ea8fb008482fc5', 'sha256': '68bbcabc0be702ad727c20e6546134e440aeb42ddf69f1a9cb350669a096bce5'}, 'dob': {'date': '1983-09-09T20:49:04.185Z', 'age': 40}, 'registered': {'date': '2013-05-14T20:56:39.287Z', 'age': 11}, 'phone': '932-369-424', 'cell': '601-729-846', 'id': {'name': 'DNI', 'value': '38285790-I'}, 'picture': {'large': 'https://randomuser.me/api/portraits/women/77.jpg', 'medium': 'https://randomuser.me/api/portraits/med/women/77.jpg', 'thumbnail': 'https://randomuser.me/api/portraits/thumb/women/77.jpg'}, 'nat': 'ES'}</msg>
<arg>${json_data['results'][0]}</arg>
<doc>Logs the given message with the given level.</doc>
<status status="PASS" start="2024-07-30T05:16:05.908448" elapsed="0.000410"/>
</kw>
<kw name="Log" owner="BuiltIn">
<msg time="2024-07-30T05:16:05.909284" level="INFO">login</msg>
<arg>${key}</arg>
<doc>Logs the given message with the given level.</doc>
<status status="PASS" start="2024-07-30T05:16:05.909156" elapsed="0.000165"/>
</kw>
<var name="${key}">login</var>
<status status="PASS" start="2024-07-30T05:16:05.907745" elapsed="0.001827"/>
</iter>
<var>${key}</var>
<value>@{expected_keys}</value>
<status status="PASS" start="2024-07-30T05:16:05.899332" elapsed="0.010427"/>
</for>
<kw name="Create List" owner="BuiltIn">
<msg time="2024-07-30T05:16:05.910279" level="INFO">${expected_keysTwo} = ['username', 'password']</msg>
<var>${expected_keysTwo}</var>
<arg>username</arg>
<arg>password</arg>
<doc>Returns a list containing given items.</doc>
<status status="PASS" start="2024-07-30T05:16:05.910065" elapsed="0.000251"/>
</kw>
<for flavor="IN">
<iter>
<kw name="Dictionary Should Contain Key" owner="Collections">
<arg>${json_data['results'][0]['login']}</arg>
<arg>${keyTwo}</arg>
<doc>Fails if ``key`` is not found from ``dictionary``.</doc>
<status status="PASS" start="2024-07-30T05:16:05.910844" elapsed="0.000394"/>
</kw>
<kw name="Dictionary Should Contain Key" owner="Collections">
<arg>${json_data['results'][0]['login']}</arg>
<arg>${keyTwo}</arg>
<doc>Fails if ``key`` is not found from ``dictionary``.</doc>
<status status="PASS" start="2024-07-30T05:16:05.911422" elapsed="0.000378"/>
</kw>
<kw name="Log" owner="BuiltIn">
<msg time="2024-07-30T05:16:05.912100" level="INFO">username</msg>
<arg>${keyTwo}</arg>
<doc>Logs the given message with the given level.</doc>
<status status="PASS" start="2024-07-30T05:16:05.911980" elapsed="0.000158"/>
</kw>
<var name="${keyTwo}">username</var>
<status status="PASS" start="2024-07-30T05:16:05.910735" elapsed="0.001661"/>
</iter>
<iter>
<kw name="Dictionary Should Contain Key" owner="Collections">
<arg>${json_data['results'][0]['login']}</arg>
<arg>${keyTwo}</arg>
<doc>Fails if ``key`` is not found from ``dictionary``.</doc>
<status status="PASS" start="2024-07-30T05:16:05.912681" elapsed="0.000386"/>
</kw>
<kw name="Dictionary Should Contain Key" owner="Collections">
<arg>${json_data['results'][0]['login']}</arg>
<arg>${keyTwo}</arg>
<doc>Fails if ``key`` is not found from ``dictionary``.</doc>
<status status="PASS" start="2024-07-30T05:16:05.913246" elapsed="0.000381"/>
</kw>
<kw name="Log" owner="BuiltIn">
<msg time="2024-07-30T05:16:05.913932" level="INFO">password</msg>
<arg>${keyTwo}</arg>
<doc>Logs the given message with the given level.</doc>
<status status="PASS" start="2024-07-30T05:16:05.913805" elapsed="0.000165"/>
</kw>
<var name="${keyTwo}">password</var>
<status status="PASS" start="2024-07-30T05:16:05.912568" elapsed="0.001624"/>
</iter>
<var>${keyTwo}</var>
<value>@{expected_keysTwo}</value>
<status status="PASS" start="2024-07-30T05:16:05.910580" elapsed="0.003733"/>
</for>
<status status="PASS" start="2024-07-30T05:16:05.806982" elapsed="0.107471"/>
</kw>
<doc>Testa a estrutura da resposta da API.</doc>
<tag>testeEstruturaResposta</tag>
<status status="PASS" start="2024-07-30T05:16:05.806409" elapsed="0.108199"/>
</test>
<test id="s1-s1-t4" name="Validar tipos de dados" line="28">
<kw name="Teste de Tipos de Dados" owner="random-user-service">
<kw name="GET On Session" owner="RequestsLibrary">
<msg time="2024-07-30T05:16:05.991002" level="INFO">GET Request : url=https://randomuser.me/api 
 path_url=/api 
 headers={'User-Agent': 'python-requests/2.32.3', 'Accept-Encoding': 'gzip, deflate', 'Accept': '*/*', 'Connection': 'keep-alive'} 
 body=None 
 </msg>
<msg time="2024-07-30T05:16:05.991102" level="INFO">GET Response : url=https://randomuser.me/api 
 status=200, reason=OK 
 headers={'Date': 'Tue, 30 Jul 2024 05:16:05 GMT', 'Content-Type': 'application/json; charset=utf-8', 'Transfer-Encoding': 'chunked', 'Connection': 'keep-alive', 'X-Powered-By': 'Express', 'Access-Control-Allow-Origin': '*', 'Cache-Control': 'no-cache', 'ETag': 'W/"499-fGVD53eILK/JSm2sRpY/ExW5rk0"', 'Vary': 'Accept-Encoding', 'Content-Encoding': 'gzip', 'CF-Cache-Status': 'DYNAMIC', 'Report-To': '{"endpoints":[{"url":"https:\\/\\/a.nel.cloudflare.com\\/report\\/v4?s=jz7T3CMKeyb2HhBfNbTq9Gifb42Ocqhv01JNAY7yVvGRrWqFaxZBkCHeLv5CEkX%2Fzc9L8k%2BNPXFOLCoiCAcow3QPS4RYn8OEwsLPZsFLTj5J5ipDqRX%2FG5XT9nc%2FLb37"}],"group":"cf-nel","max_age":604800}', 'NEL': '{"success_fraction":0,"report_to":"cf-nel","max_age":604800}', 'Server': 'cloudflare', 'CF-RAY': '8ab2dfe90b340660-IAD', 'alt-svc': 'h3=":443"; ma=86400'} 
 body={"results":[{"gender":"male","name":{"title":"Mr","first":"طاها","last":"جعفری"},"location":{"street":{"number":1732,"name":"شیخ فضل الله نوری"},"city":"همدان","state":"خوزستان","country":"Iran","postcode":60111,"coordinates":{"latitude":"18.0072","longitude":"-174.7999"},"timezone":{"offset":"+9:00","description":"Tokyo, Seoul, Osaka, Sapporo, Yakutsk"}},"email":"th.jaafry@example.com","login":{"uuid":"81e28c58-8611-485d-a142-b4cbc6ea744f","username":"crazycat762","password":"angie","salt":"HzgfHv1P","md5":"5066011a347040904d32912222f7abfa","sha1":"0514cb74906b240a4292569c085197ece16dc76c","sha256":"c7d24ae2959c0b901b8982bf214cb3b4a5643ed6f03da4a555c2fbb13cae4289"},"dob":{"date":"1959-08-14T01:54:21.198Z","age":64},"registered":{"date":"2018-07-08T17:26:29.184Z","age":6},"phone":"073-96422975","cell":"0944-077-0404","id":{"name":"","value":null},"picture":{"large":"https://randomuser.me/api/portraits/men/71.jpg","medium":"https://randomuser.me/api/portraits/med/men/71.jpg","thumbnail":"https://randomuser.me/api/portraits/thumb/men/71.jpg"},"nat":"IR"}],"info":{"seed":"6f9b753277a2cb8e","results":1,"page":1,"version":"1.4"}} 
 </msg>
<msg time="2024-07-30T05:16:05.991179" level="INFO">/opt/hostedtoolcache/Python/3.12.4/x64/lib/python3.12/site-packages/urllib3/connectionpool.py:1099: InsecureRequestWarning: Unverified HTTPS request is being made to host 'randomuser.me'. Adding certificate verification is strongly advised. See: https://urllib3.readthedocs.io/en/latest/advanced-usage.html#tls-warnings
  warnings.warn(</msg>
<msg time="2024-07-30T05:16:05.991324" level="INFO">${response} = &lt;Response [200]&gt;</msg>
<var>${response}</var>
<arg>consultarAPI</arg>
<arg>/api</arg>
<doc>Sends a GET request on a previously created HTTP Session.</doc>
<status status="PASS" start="2024-07-30T05:16:05.917159" elapsed="0.074197"/>
</kw>
<kw name="Set Variable" owner="BuiltIn">
<msg time="2024-07-30T05:16:05.992425" level="INFO">${json_data} = {'results': [{'gender': 'male', 'name': {'title': 'Mr', 'first': 'طاها', 'last': 'جعفری'}, 'location': {'street': {'number': 1732, 'name': 'شیخ فضل الله نوری'}, 'city': 'همدان', 'state': 'خوزستان', 'c...</msg>
<var>${json_data}</var>
<arg>${response.json()}</arg>
<doc>Returns the given values which can then be assigned to a variables.</doc>
<status status="PASS" start="2024-07-30T05:16:05.991856" elapsed="0.000601"/>
</kw>
<kw name="Log" owner="BuiltIn">
<msg time="2024-07-30T05:16:05.992952" level="INFO">{'results': [{'gender': 'male', 'name': {'title': 'Mr', 'first': 'طاها', 'last': 'جعفری'}, 'location': {'street': {'number': 1732, 'name': 'شیخ فضل الله نوری'}, 'city': 'همدان', 'state': 'خوزستان', 'country': 'Iran', 'postcode': 60111, 'coordinates': {'latitude': '18.0072', 'longitude': '-174.7999'}, 'timezone': {'offset': '+9:00', 'description': 'Tokyo, Seoul, Osaka, Sapporo, Yakutsk'}}, 'email': 'th.jaafry@example.com', 'login': {'uuid': '81e28c58-8611-485d-a142-b4cbc6ea744f', 'username': 'crazycat762', 'password': 'angie', 'salt': 'HzgfHv1P', 'md5': '5066011a347040904d32912222f7abfa', 'sha1': '0514cb74906b240a4292569c085197ece16dc76c', 'sha256': 'c7d24ae2959c0b901b8982bf214cb3b4a5643ed6f03da4a555c2fbb13cae4289'}, 'dob': {'date': '1959-08-14T01:54:21.198Z', 'age': 64}, 'registered': {'date': '2018-07-08T17:26:29.184Z', 'age': 6}, 'phone': '073-96422975', 'cell': '0944-077-0404', 'id': {'name': '', 'value': None}, 'picture': {'large': 'https://randomuser.me/api/portraits/men/71.jpg', 'medium': 'https://randomuser.me/api/portraits/med/men/71.jpg', 'thumbnail': 'https://randomuser.me/api/portraits/thumb/men/71.jpg'}, 'nat': 'IR'}], 'info': {'seed': '6f9b753277a2cb8e', 'results': 1, 'page': 1, 'version': '1.4'}}</msg>
<arg>${json_data}</arg>
<doc>Logs the given message with the given level.</doc>
<status status="PASS" start="2024-07-30T05:16:05.992778" elapsed="0.000229"/>
</kw>
<kw name="Should Be String" owner="String">
<arg>${json_data['results'][0]['gender']}</arg>
<doc>Fails if the given ``item`` is not a string.</doc>
<status status="PASS" start="2024-07-30T05:16:05.993303" elapsed="0.000376"/>
</kw>
<kw name="Should Match Regexp" owner="BuiltIn">
<arg>${json_data['results'][0]['email']}</arg>
<arg>^[a-zA-Z0-9._%+-]+@[a-zA-Z0-9.-]+\.[a-zA-Z]{2,}$</arg>
<doc>Fails if ``string`` does not match ``pattern`` as a regular expression.</doc>
<status status="PASS" start="2024-07-30T05:16:05.993911" elapsed="0.000524"/>
</kw>
<kw name="Should Match Regexp" owner="BuiltIn">
<arg>${json_data['results'][0]['dob']['date']}</arg>
<arg>\\d{4}-\\d{2}-\\d{2}T\\d{2}:\\d{2}:\\d{2}\\.\\d{3}Z</arg>
<doc>Fails if ``string`` does not match ``pattern`` as a regular expression.</doc>
<status status="PASS" start="2024-07-30T05:16:05.994633" elapsed="0.000643"/>
</kw>
<kw name="Should Match Regexp" owner="BuiltIn">
<arg>${json_data['results'][0]['registered']['date']}</arg>
<arg>\\d{4}-\\d{2}-\\d{2}T\\d{2}:\\d{2}:\\d{2}\\.\\d{3}Z</arg>
<doc>Fails if ``string`` does not match ``pattern`` as a regular expression.</doc>
<status status="PASS" start="2024-07-30T05:16:05.995472" elapsed="0.000372"/>
</kw>
<kw name="Should Match Regexp" owner="BuiltIn">
<arg>${json_data['results'][0]['picture']['large']}</arg>
<arg>^https?://.*\.(?:png|jpe?g|gif|bmp)$</arg>
<doc>Fails if ``string`` does not match ``pattern`` as a regular expression.</doc>
<status status="PASS" start="2024-07-30T05:16:05.996031" elapsed="0.000523"/>
</kw>
<kw name="Should Match Regexp" owner="BuiltIn">
<arg>${json_data['results'][0]['picture']['medium']}</arg>
<arg>^https?://.*\.(?:png|jpe?g|gif|bmp)$</arg>
<doc>Fails if ``string`` does not match ``pattern`` as a regular expression.</doc>
<status status="PASS" start="2024-07-30T05:16:05.996752" elapsed="0.000358"/>
</kw>
<kw name="Should Match Regexp" owner="BuiltIn">
<arg>${json_data['results'][0]['picture']['thumbnail']}</arg>
<arg>^https?://.*\.(?:png|jpe?g|gif|bmp)$</arg>
<doc>Fails if ``string`` does not match ``pattern`` as a regular expression.</doc>
<status status="PASS" start="2024-07-30T05:16:05.997296" elapsed="0.000353"/>
</kw>
<kw name="Log" owner="BuiltIn">
<msg time="2024-07-30T05:16:05.998164" level="INFO">{'large': 'https://randomuser.me/api/portraits/men/71.jpg', 'medium': 'https://randomuser.me/api/portraits/med/men/71.jpg', 'thumbnail': 'https://randomuser.me/api/portraits/thumb/men/71.jpg'}</msg>
<arg>${json_data['results'][0]['picture']}</arg>
<doc>Logs the given message with the given level.</doc>
<status status="PASS" start="2024-07-30T05:16:05.997835" elapsed="0.000375"/>
</kw>
<status status="PASS" start="2024-07-30T05:16:05.916934" elapsed="0.081562"/>
</kw>
<kw name="Teste de Tipos de Dados - Postcode" owner="random-user-service">
<kw name="GET On Session" owner="RequestsLibrary">
<msg time="2024-07-30T05:16:06.096004" level="INFO">GET Request : url=https://randomuser.me/api 
 path_url=/api 
 headers={'User-Agent': 'python-requests/2.32.3', 'Accept-Encoding': 'gzip, deflate', 'Accept': '*/*', 'Connection': 'keep-alive'} 
 body=None 
 </msg>
<msg time="2024-07-30T05:16:06.096108" level="INFO">GET Response : url=https://randomuser.me/api 
 status=200, reason=OK 
 headers={'Date': 'Tue, 30 Jul 2024 05:16:06 GMT', 'Content-Type': 'application/json; charset=utf-8', 'Transfer-Encoding': 'chunked', 'Connection': 'keep-alive', 'X-Powered-By': 'Express', 'Access-Control-Allow-Origin': '*', 'Cache-Control': 'no-cache', 'ETag': 'W/"4a1-OzkLXA9lJ7d7Y5H+52qwiw5IuIg"', 'Vary': 'Accept-Encoding', 'Content-Encoding': 'gzip', 'CF-Cache-Status': 'DYNAMIC', 'Report-To': '{"endpoints":[{"url":"https:\\/\\/a.nel.cloudflare.com\\/report\\/v4?s=1eEqY9rqIkgzP2M%2BQMi9yC0U3lpaAAzVIwegiIqfAly91zp%2FDAzvOYCU%2BYToVvyDoqNm3I0sk9q6crY07kByr2uUnT5DYy8tw4AZG9rjhEfp6L5%2F3eEI%2FXmt%2BF5vLIho"}],"group":"cf-nel","max_age":604800}', 'NEL': '{"success_fraction":0,"report_to":"cf-nel","max_age":604800}', 'Server': 'cloudflare', 'CF-RAY': '8ab2dfe98b7c0660-IAD', 'alt-svc': 'h3=":443"; ma=86400'} 
 body={"results":[{"gender":"male","name":{"title":"Mr","first":"Luis","last":"Buchner"},"location":{"street":{"number":5933,"name":"Kiefernweg"},"city":"Thalheim/Erzgeb.","state":"Nordrhein-Westfalen","country":"Germany","postcode":51363,"coordinates":{"latitude":"-52.5000","longitude":"-91.0197"},"timezone":{"offset":"+10:00","description":"Eastern Australia, Guam, Vladivostok"}},"email":"luis.buchner@example.com","login":{"uuid":"a1e97d97-3b03-4e33-93e0-49079dfe052c","username":"whitebird378","password":"cheese","salt":"mRdn5nmg","md5":"a9768c5bc011fc090265d21335756a5a","sha1":"3e926d1db8412670a49bfc3d8f751b2b1c27e270","sha256":"32c674c3f1af8c894041893974f5d1af4a48a5fd9923b25fb0767fbcc1b1ba11"},"dob":{"date":"1976-12-03T22:38:44.061Z","age":47},"registered":{"date":"2002-04-20T12:22:23.789Z","age":22},"phone":"0589-9031777","cell":"0179-4419619","id":{"name":"SVNR","value":"03 031276 B 457"},"picture":{"large":"https://randomuser.me/api/portraits/men/46.jpg","medium":"https://randomuser.me/api/portraits/med/men/46.jpg","thumbnail":"https://randomuser.me/api/portraits/thumb/men/46.jpg"},"nat":"DE"}],"info":{"seed":"ee65e910855815bb","results":1,"page":1,"version":"1.4"}} 
 </msg>
<msg time="2024-07-30T05:16:06.096217" level="INFO">/opt/hostedtoolcache/Python/3.12.4/x64/lib/python3.12/site-packages/urllib3/connectionpool.py:1099: InsecureRequestWarning: Unverified HTTPS request is being made to host 'randomuser.me'. Adding certificate verification is strongly advised. See: https://urllib3.readthedocs.io/en/latest/advanced-usage.html#tls-warnings
  warnings.warn(</msg>
<msg time="2024-07-30T05:16:06.096360" level="INFO">${response} = &lt;Response [200]&gt;</msg>
<var>${response}</var>
<arg>consultarAPI</arg>
<arg>/api</arg>
<doc>Sends a GET request on a previously created HTTP Session.</doc>
<status status="PASS" start="2024-07-30T05:16:05.998960" elapsed="0.097443"/>
</kw>
<kw name="Set Variable" owner="BuiltIn">
<msg time="2024-07-30T05:16:06.097415" level="INFO">${json_data} = {'results': [{'gender': 'male', 'name': {'title': 'Mr', 'first': 'Luis', 'last': 'Buchner'}, 'location': {'street': {'number': 5933, 'name': 'Kiefernweg'}, 'city': 'Thalheim/Erzgeb.', 'state': 'Nordrh...</msg>
<var>${json_data}</var>
<arg>${response.json()}</arg>
<doc>Returns the given values which can then be assigned to a variables.</doc>
<status status="PASS" start="2024-07-30T05:16:06.096903" elapsed="0.000540"/>
</kw>
<kw name="Log" owner="BuiltIn">
<msg time="2024-07-30T05:16:06.097919" level="INFO">{'results': [{'gender': 'male', 'name': {'title': 'Mr', 'first': 'Luis', 'last': 'Buchner'}, 'location': {'street': {'number': 5933, 'name': 'Kiefernweg'}, 'city': 'Thalheim/Erzgeb.', 'state': 'Nordrhein-Westfalen', 'country': 'Germany', 'postcode': 51363, 'coordinates': {'latitude': '-52.5000', 'longitude': '-91.0197'}, 'timezone': {'offset': '+10:00', 'description': 'Eastern Australia, Guam, Vladivostok'}}, 'email': 'luis.buchner@example.com', 'login': {'uuid': 'a1e97d97-3b03-4e33-93e0-49079dfe052c', 'username': 'whitebird378', 'password': 'cheese', 'salt': 'mRdn5nmg', 'md5': 'a9768c5bc011fc090265d21335756a5a', 'sha1': '3e926d1db8412670a49bfc3d8f751b2b1c27e270', 'sha256': '32c674c3f1af8c894041893974f5d1af4a48a5fd9923b25fb0767fbcc1b1ba11'}, 'dob': {'date': '1976-12-03T22:38:44.061Z', 'age': 47}, 'registered': {'date': '2002-04-20T12:22:23.789Z', 'age': 22}, 'phone': '0589-9031777', 'cell': '0179-4419619', 'id': {'name': 'SVNR', 'value': '03 031276 B 457'}, 'picture': {'large': 'https://randomuser.me/api/portraits/men/46.jpg', 'medium': 'https://randomuser.me/api/portraits/med/men/46.jpg', 'thumbnail': 'https://randomuser.me/api/portraits/thumb/men/46.jpg'}, 'nat': 'DE'}], 'info': {'seed': 'ee65e910855815bb', 'results': 1, 'page': 1, 'version': '1.4'}}</msg>
<arg>${json_data}</arg>
<doc>Logs the given message with the given level.</doc>
<status status="PASS" start="2024-07-30T05:16:06.097761" elapsed="0.000207"/>
</kw>
<kw name="Should Be Equal As Numbers" owner="BuiltIn">
<arg>${json_data['results'][0]['location']['postcode']}</arg>
<arg>${json_data['results'][0]['location']['postcode']}</arg>
<doc>Fails if objects are unequal after converting them to real numbers.</doc>
<status status="PASS" start="2024-07-30T05:16:06.098265" elapsed="0.000647"/>
</kw>
<kw name="Log" owner="BuiltIn">
<msg time="2024-07-30T05:16:06.099487" level="INFO">51363</msg>
<arg>${json_data['results'][0]['location']['postcode']}</arg>
<doc>Logs the given message with the given level.</doc>
<status status="PASS" start="2024-07-30T05:16:06.099144" elapsed="0.000385"/>
</kw>
<status status="PASS" start="2024-07-30T05:16:05.998724" elapsed="0.101067"/>
</kw>
<doc>Testa se os tipos de dados na resposta da API estão corretos.</doc>
<tag>testeTiposDados</tag>
<status status="PASS" start="2024-07-30T05:16:05.916389" elapsed="0.183578"/>
</test>
<test id="s1-s1-t5" name="Validar conteudo" line="35">
<kw name="Teste de Tipos de Conteudo" owner="random-user-service">
<kw name="GET On Session" owner="RequestsLibrary">
<msg time="2024-07-30T05:16:06.199078" level="INFO">GET Request : url=https://randomuser.me/api 
 path_url=/api 
 headers={'User-Agent': 'python-requests/2.32.3', 'Accept-Encoding': 'gzip, deflate', 'Accept': '*/*', 'Connection': 'keep-alive'} 
 body=None 
 </msg>
<msg time="2024-07-30T05:16:06.199181" level="INFO">GET Response : url=https://randomuser.me/api 
 status=200, reason=OK 
 headers={'Date': 'Tue, 30 Jul 2024 05:16:06 GMT', 'Content-Type': 'application/json; charset=utf-8', 'Transfer-Encoding': 'chunked', 'Connection': 'keep-alive', 'X-Powered-By': 'Express', 'Access-Control-Allow-Origin': '*', 'Cache-Control': 'no-cache', 'ETag': 'W/"484-/6bTxS2APN6HTct3JbrEdL6icU4"', 'Vary': 'Accept-Encoding', 'Content-Encoding': 'gzip', 'CF-Cache-Status': 'DYNAMIC', 'Report-To': '{"endpoints":[{"url":"https:\\/\\/a.nel.cloudflare.com\\/report\\/v4?s=xKUgmwTnmJ%2FXQdC9y0XfV5jjLYVUrmvJiHNVfgartgLfNkNb6GiY8hkcSfethqndzCAOIiYORk%2FRSvmboZ3L%2Fbr5JaxuDZvFJOTRqqaxKSbyKSmrciTCBlgQ5BtH0ggU"}],"group":"cf-nel","max_age":604800}', 'NEL': '{"success_fraction":0,"report_to":"cf-nel","max_age":604800}', 'Server': 'cloudflare', 'CF-RAY': '8ab2dfea2bf70660-IAD', 'alt-svc': 'h3=":443"; ma=86400'} 
 body={"results":[{"gender":"male","name":{"title":"Mr","first":"Alexis","last":"Walker"},"location":{"street":{"number":8907,"name":"Grand Marais Ave"},"city":"Deer Lake","state":"Newfoundland and Labrador","country":"Canada","postcode":"I9S 1N7","coordinates":{"latitude":"-66.8305","longitude":"-114.3783"},"timezone":{"offset":"-10:00","description":"Hawaii"}},"email":"alexis.walker@example.com","login":{"uuid":"1e1e835c-897e-4bca-97ef-d8be5cab55a7","username":"tinyzebra887","password":"hung","salt":"GJB6RWNL","md5":"b8244da4e72f96c474b25f3ca0d43879","sha1":"29c99f6731992eefea680ea5381e860a24a10a6c","sha256":"4d9619d176efdc2b59b8e0589a76916a7c16b191680661f6223711161dcc2e18"},"dob":{"date":"1976-04-30T12:23:55.494Z","age":48},"registered":{"date":"2016-11-14T12:25:22.223Z","age":7},"phone":"I76 S33-6452","cell":"A90 B75-8766","id":{"name":"SIN","value":"550835086"},"picture":{"large":"https://randomuser.me/api/portraits/men/93.jpg","medium":"https://randomuser.me/api/portraits/med/men/93.jpg","thumbnail":"https://randomuser.me/api/portraits/thumb/men/93.jpg"},"nat":"CA"}],"info":{"seed":"bedd26eb12b873d3","results":1,"page":1,"version":"1.4"}} 
 </msg>
<msg time="2024-07-30T05:16:06.199261" level="INFO">/opt/hostedtoolcache/Python/3.12.4/x64/lib/python3.12/site-packages/urllib3/connectionpool.py:1099: InsecureRequestWarning: Unverified HTTPS request is being made to host 'randomuser.me'. Adding certificate verification is strongly advised. See: https://urllib3.readthedocs.io/en/latest/advanced-usage.html#tls-warnings
  warnings.warn(</msg>
<msg time="2024-07-30T05:16:06.199401" level="INFO">${response} = &lt;Response [200]&gt;</msg>
<var>${response}</var>
<arg>consultarAPI</arg>
<arg>/api</arg>
<doc>Sends a GET request on a previously created HTTP Session.</doc>
<status status="PASS" start="2024-07-30T05:16:06.102566" elapsed="0.096874"/>
</kw>
<kw name="Set Variable" owner="BuiltIn">
<msg time="2024-07-30T05:16:06.200511" level="INFO">${json_data} = {'results': [{'gender': 'male', 'name': {'title': 'Mr', 'first': 'Alexis', 'last': 'Walker'}, 'location': {'street': {'number': 8907, 'name': 'Grand Marais Ave'}, 'city': 'Deer Lake', 'state': 'Newfou...</msg>
<var>${json_data}</var>
<arg>${response.json()}</arg>
<doc>Returns the given values which can then be assigned to a variables.</doc>
<status status="PASS" start="2024-07-30T05:16:06.199935" elapsed="0.000606"/>
</kw>
<kw name="Set Variable" owner="BuiltIn">
<msg time="2024-07-30T05:16:06.201231" level="INFO">${name_title} = Mr</msg>
<var>${name_title}</var>
<arg>${json_data["results"][0]["name"]["title"]}</arg>
<doc>Returns the given values which can then be assigned to a variables.</doc>
<status status="PASS" start="2024-07-30T05:16:06.200850" elapsed="0.000408"/>
</kw>
<kw name="Create List" owner="BuiltIn">
<msg time="2024-07-30T05:16:06.201706" level="INFO">${allowed_titles} = ['Mr', 'Ms', 'Miss', 'Mrs', 'Madame', 'Monsieur']</msg>
<var>${allowed_titles}</var>
<arg>Mr</arg>
<arg>Ms</arg>
<arg>Miss</arg>
<arg>Mrs</arg>
<arg>Madame</arg>
<arg>Monsieur</arg>
<doc>Returns a list containing given items.</doc>
<status status="PASS" start="2024-07-30T05:16:06.201555" elapsed="0.000175"/>
</kw>
<kw name="List Should Contain Value" owner="Collections">
<arg>${allowed_titles}</arg>
<arg>${name_title}</arg>
<doc>Fails if the ``value`` is not found from ``list``.</doc>
<status status="PASS" start="2024-07-30T05:16:06.202028" elapsed="0.000179"/>
</kw>
<kw name="Set Variable" owner="BuiltIn">
<msg time="2024-07-30T05:16:06.202773" level="INFO">${name_country} = CA</msg>
<var>${name_country}</var>
<arg>${json_data["results"][0]["nat"]}</arg>
<doc>Returns the given values which can then be assigned to a variables.</doc>
<status status="PASS" start="2024-07-30T05:16:06.202393" elapsed="0.000404"/>
</kw>
<kw name="Create List" owner="BuiltIn">
<msg time="2024-07-30T05:16:06.203671" level="INFO">${list_country} = ['AD', 'AE', 'AF', 'AG', 'AI', 'AL', 'AM', 'AO', 'AQ', 'AR', 'AS', 'AT', 'AU', 'AW', 'AX', 'AZ', 'BA', 'BB', 'BD', 'BE', 'BF', 'BG', 'BH', 'BI', 'BJ', 'BL', 'BM', 'BN', 'BO', 'BQ', 'BR', 'BS', 'BT', '...</msg>
<var>${list_country}</var>
<arg>AD</arg>
<arg>AE</arg>
<arg>AF</arg>
<arg>AG</arg>
<arg>AI</arg>
<arg>AL</arg>
<arg>AM</arg>
<arg>AO</arg>
<arg>AQ</arg>
<arg>AR</arg>
<arg>AS</arg>
<arg>AT</arg>
<arg>AU</arg>
<arg>AW</arg>
<arg>AX</arg>
<arg>AZ</arg>
<arg>BA</arg>
<arg>BB</arg>
<arg>BD</arg>
<arg>BE</arg>
<arg>BF</arg>
<arg>BG</arg>
<arg>BH</arg>
<arg>BI</arg>
<arg>BJ</arg>
<arg>BL</arg>
<arg>BM</arg>
<arg>BN</arg>
<arg>BO</arg>
<arg>BQ</arg>
<arg>BR</arg>
<arg>BS</arg>
<arg>BT</arg>
<arg>BV</arg>
<arg>BW</arg>
<arg>BY</arg>
<arg>BZ</arg>
<arg>CA</arg>
<arg>CC</arg>
<arg>CD</arg>
<arg>CF</arg>
<arg>CG</arg>
<arg>CH</arg>
<arg>CI</arg>
<arg>CK</arg>
<arg>CL</arg>
<arg>CM</arg>
<arg>CN</arg>
<arg>CO</arg>
<arg>CR</arg>
<arg>CU</arg>
<arg>CV</arg>
<arg>CW</arg>
<arg>CX</arg>
<arg>CY</arg>
<arg>CZ</arg>
<arg>DE</arg>
<arg>DJ</arg>
<arg>DK</arg>
<arg>DM</arg>
<arg>DO</arg>
<arg>DZ</arg>
<arg>EC</arg>
<arg>EE</arg>
<arg>EG</arg>
<arg>EH</arg>
<arg>ER</arg>
<arg>ES</arg>
<arg>ET</arg>
<arg>FI</arg>
<arg>FJ</arg>
<arg>FK</arg>
<arg>FM</arg>
<arg>FO</arg>
<arg>FR</arg>
<arg>GA</arg>
<arg>GB</arg>
<arg>GD</arg>
<arg>GE</arg>
<arg>GF</arg>
<arg>GG</arg>
<arg>GH</arg>
<arg>GI</arg>
<arg>GL</arg>
<arg>GM</arg>
<arg>GN</arg>
<arg>GP</arg>
<arg>GQ</arg>
<arg>GR</arg>
<arg>GS</arg>
<arg>GT</arg>
<arg>GU</arg>
<arg>GW</arg>
<arg>GY</arg>
<arg>HK</arg>
<arg>HM</arg>
<arg>HN</arg>
<arg>HR</arg>
<arg>HT</arg>
<arg>HU</arg>
<arg>ID</arg>
<arg>IE</arg>
<arg>IL</arg>
<arg>IM</arg>
<arg>IN</arg>
<arg>IO</arg>
<arg>IQ</arg>
<arg>IR</arg>
<arg>IS</arg>
<arg>IT</arg>
<arg>JE</arg>
<arg>JM</arg>
<arg>JO</arg>
<arg>JP</arg>
<arg>KE</arg>
<arg>KG</arg>
<arg>KH</arg>
<arg>KI</arg>
<arg>KM</arg>
<arg>KN</arg>
<arg>KP</arg>
<arg>KR</arg>
<arg>KW</arg>
<arg>KY</arg>
<arg>KZ</arg>
<arg>LA</arg>
<arg>LB</arg>
<arg>LC</arg>
<arg>LI</arg>
<arg>LK</arg>
<arg>LR</arg>
<arg>LS</arg>
<arg>LT</arg>
<arg>LU</arg>
<arg>LV</arg>
<arg>LY</arg>
<arg>MA</arg>
<arg>MC</arg>
<arg>MD</arg>
<arg>ME</arg>
<arg>MF</arg>
<arg>MG</arg>
<arg>MH</arg>
<arg>MK</arg>
<arg>ML</arg>
<arg>MM</arg>
<arg>MN</arg>
<arg>MO</arg>
<arg>MP</arg>
<arg>MQ</arg>
<arg>MR</arg>
<arg>MS</arg>
<arg>MT</arg>
<arg>MU</arg>
<arg>MV</arg>
<arg>MW</arg>
<arg>MX</arg>
<arg>MY</arg>
<arg>MZ</arg>
<arg>NA</arg>
<arg>NC</arg>
<arg>NE</arg>
<arg>NF</arg>
<arg>NG</arg>
<arg>NI</arg>
<arg>NL</arg>
<arg>NO</arg>
<arg>NP</arg>
<arg>NR</arg>
<arg>NU</arg>
<arg>NZ</arg>
<arg>OM</arg>
<arg>PA</arg>
<arg>PE</arg>
<arg>PF</arg>
<arg>PG</arg>
<arg>PH</arg>
<arg>PK</arg>
<arg>PL</arg>
<arg>PM</arg>
<arg>PN</arg>
<arg>PR</arg>
<arg>PS</arg>
<arg>PT</arg>
<arg>PW</arg>
<arg>PY</arg>
<arg>QA</arg>
<arg>RE</arg>
<arg>RO</arg>
<arg>RS</arg>
<arg>RU</arg>
<arg>RW</arg>
<arg>SA</arg>
<arg>SB</arg>
<arg>SC</arg>
<arg>SD</arg>
<arg>SE</arg>
<arg>SG</arg>
<arg>SH</arg>
<arg>SI</arg>
<arg>SJ</arg>
<arg>SK</arg>
<arg>SL</arg>
<arg>SM</arg>
<arg>SN</arg>
<arg>SO</arg>
<arg>SR</arg>
<arg>SS</arg>
<arg>ST</arg>
<arg>SV</arg>
<arg>SX</arg>
<arg>SY</arg>
<arg>SZ</arg>
<arg>TC</arg>
<arg>TD</arg>
<arg>TF</arg>
<arg>TG</arg>
<arg>TH</arg>
<arg>TJ</arg>
<arg>TK</arg>
<arg>TL</arg>
<arg>TM</arg>
<arg>TN</arg>
<arg>TO</arg>
<arg>TR</arg>
<arg>TT</arg>
<arg>TV</arg>
<arg>TW</arg>
<arg>TZ</arg>
<arg>UA</arg>
<arg>UG</arg>
<arg>UM</arg>
<arg>US</arg>
<arg>UY</arg>
<arg>UZ</arg>
<arg>VA</arg>
<arg>VC</arg>
<arg>VE</arg>
<arg>VG</arg>
<arg>VI</arg>
<arg>VN</arg>
<arg>VU</arg>
<arg>WF</arg>
<arg>WS</arg>
<arg>XK</arg>
<arg>YE</arg>
<arg>YT</arg>
<arg>ZA</arg>
<arg>ZM</arg>
<arg>ZW</arg>
<doc>Returns a list containing given items.</doc>
<status status="PASS" start="2024-07-30T05:16:06.203081" elapsed="0.000615"/>
</kw>
<kw name="List Should Contain Value" owner="Collections">
<arg>${list_country}</arg>
<arg>${name_country}</arg>
<doc>Fails if the ``value`` is not found from ``list``.</doc>
<status status="PASS" start="2024-07-30T05:16:06.204690" elapsed="0.000209"/>
</kw>
<kw name="Run Keyword If" owner="BuiltIn">
<kw name="Should Be True" owner="BuiltIn">
<arg>${True}</arg>
<doc>Fails if the given condition is not true.</doc>
<status status="PASS" start="2024-07-30T05:16:06.205838" elapsed="0.000141"/>
</kw>
<arg>${json_data["results"][0]["location"]["coordinates"]["latitude"]} &gt;= -90 and ${json_data["results"][0]["location"]["coordinates"]["latitude"]} &lt;= 90</arg>
<arg>Should Be True</arg>
<arg>${True}</arg>
<doc>Runs the given keyword with the given arguments, if ``condition`` is true.</doc>
<status status="PASS" start="2024-07-30T05:16:06.205100" elapsed="0.001005"/>
</kw>
<kw name="Run Keyword If" owner="BuiltIn">
<kw name="Should Be True" owner="BuiltIn">
<arg>${True}</arg>
<doc>Fails if the given condition is not true.</doc>
<status status="PASS" start="2024-07-30T05:16:06.206982" elapsed="0.000136"/>
</kw>
<arg>${json_data["results"][0]["location"]["coordinates"]["longitude"]} &gt;= -180 and ${json_data["results"][0]["location"]["coordinates"]["longitude"]} &lt;= 180</arg>
<arg>Should Be True</arg>
<arg>${True}</arg>
<doc>Runs the given keyword with the given arguments, if ``condition`` is true.</doc>
<status status="PASS" start="2024-07-30T05:16:06.206288" elapsed="0.000953"/>
</kw>
<status status="PASS" start="2024-07-30T05:16:06.102336" elapsed="0.105036"/>
</kw>
<doc>Testa o conteúdo específico dos campos retornados pela API.</doc>
<tag>testeConteudo</tag>
<status status="PASS" start="2024-07-30T05:16:06.101795" elapsed="0.105726"/>
</test>
<status status="PASS" start="2024-07-30T05:16:05.373224" elapsed="0.836317"/>
</suite>
<status status="PASS" start="2024-07-30T05:16:05.358686" elapsed="0.855957"/>
</suite>
<statistics>
<total>
<stat pass="5" fail="0" skip="0">All Tests</stat>
</total>
<tag>
<stat pass="1" fail="0" skip="0">testeConteudo</stat>
<stat pass="1" fail="0" skip="0">testeEstruturaResposta</stat>
<stat pass="1" fail="0" skip="0">testeRequisicaoBasica</stat>
<stat pass="1" fail="0" skip="0">testeTiposDados</stat>
</tag>
<suite>
<stat pass="5" fail="0" skip="0" id="s1" name="Tests">Tests</stat>
<stat pass="5" fail="0" skip="0" id="s1-s1" name="Random-User-Test">Tests.Random-User-Test</stat>
</suite>
</statistics>
<errors>
</errors>
</robot>
