<?xml version="1.0" encoding="UTF-8"?>
<robot generator="Robot 7.0.1 (Python 3.12.4 on linux)" generated="2024-06-22T13:16:57.495988" rpa="false" schemaversion="5">
<suite id="s1" name="Tests" source="/home/runner/work/ApiRandomUser/ApiRandomUser/RamdonUser/tests">
<suite id="s1-s1" name="Random-User-Test" source="/home/runner/work/ApiRandomUser/ApiRandomUser/RamdonUser/tests/random-user-test.robot">
<test id="s1-s1-t1" name="Conectar" line="13">
<kw name="Conectar API" owner="random-user-service">
<kw name="Create Session" owner="RequestsLibrary">
<msg time="2024-06-22T13:16:57.894062" level="INFO">Creating Session using : alias=consultarAPI, url=https://randomuser.me/, headers={},                     cookies={}, auth=None, timeout=None, proxies=None, verify=False,                     debug=0 </msg>
<arg>consultarAPI</arg>
<arg>${URL}</arg>
<doc>Create Session: create a HTTP session to a server</doc>
<status status="PASS" start="2024-06-22T13:16:57.893863" elapsed="0.000374"/>
</kw>
<status status="PASS" start="2024-06-22T13:16:57.892892" elapsed="0.001710"/>
</kw>
<status status="PASS" start="2024-06-22T13:16:57.892263" elapsed="0.002530"/>
</test>
<test id="s1-s1-t2" name="Validar retorno 200 e JSON Válido" line="16">
<kw name="Teste de Requisicao Basica" owner="random-user-service">
<kw name="GET On Session" owner="RequestsLibrary">
<msg time="2024-06-22T13:16:58.090586" level="INFO">GET Request : url=https://randomuser.me/api 
 path_url=/api 
 headers={'User-Agent': 'python-requests/2.32.3', 'Accept-Encoding': 'gzip, deflate', 'Accept': '*/*', 'Connection': 'keep-alive'} 
 body=None 
 </msg>
<msg time="2024-06-22T13:16:58.090742" level="INFO">GET Response : url=https://randomuser.me/api 
 status=200, reason=OK 
 headers={'Date': 'Sat, 22 Jun 2024 13:16:58 GMT', 'Content-Type': 'application/json; charset=utf-8', 'Transfer-Encoding': 'chunked', 'Connection': 'keep-alive', 'X-Powered-By': 'Express', 'Access-Control-Allow-Origin': '*', 'Cache-Control': 'no-cache', 'ETag': 'W/"477-yis3ATymkDPzr08JjUHkFAFztm0"', 'Vary': 'Accept-Encoding', 'Content-Encoding': 'gzip', 'CF-Cache-Status': 'DYNAMIC', 'Report-To': '{"endpoints":[{"url":"https:\\/\\/a.nel.cloudflare.com\\/report\\/v4?s=GL4FRM%2FIp8otmNujxBqv5gfuCEtAigxlLAfXwnlhG3Qe7PhSilynwkW3VEn%2FI%2FtlO3wh6icDcPZaSalCK2N3Mp%2FbNhtDclDXXFi45mge8EdG23P5fEVJj7R7PAIcSRII"}],"group":"cf-nel","max_age":604800}', 'NEL': '{"success_fraction":0,"report_to":"cf-nel","max_age":604800}', 'Server': 'cloudflare', 'CF-RAY': '897c840ecd0e2418-IAD', 'alt-svc': 'h3=":443"; ma=86400'} 
 body={"results":[{"gender":"female","name":{"title":"Miss","first":"Freja","last":"Thomsen"},"location":{"street":{"number":3331,"name":"H.C. Lumbyes Vej"},"city":"Århus C.","state":"Hovedstaden","country":"Denmark","postcode":44104,"coordinates":{"latitude":"-39.8328","longitude":"51.1246"},"timezone":{"offset":"+5:45","description":"Kathmandu"}},"email":"freja.thomsen@example.com","login":{"uuid":"5f4c54f3-6f42-454d-8b05-091a110ca288","username":"goldenbird629","password":"456654","salt":"8rjusZYS","md5":"4f99038808e8d9ce7d5900f6a6ee399d","sha1":"73c98594928f9ef15c23e63f763ebba88606b08e","sha256":"b9c337509ef6f63d7d619d56d6c1996c600ac3be91370f591fc11571bcbff0ae"},"dob":{"date":"1950-12-07T20:39:34.614Z","age":73},"registered":{"date":"2015-01-11T01:56:57.102Z","age":9},"phone":"00761556","cell":"86091630","id":{"name":"CPR","value":"071250-2186"},"picture":{"large":"https://randomuser.me/api/portraits/women/7.jpg","medium":"https://randomuser.me/api/portraits/med/women/7.jpg","thumbnail":"https://randomuser.me/api/portraits/thumb/women/7.jpg"},"nat":"DK"}],"info":{"seed":"4d96d41af60b0a2e","results":1,"page":1,"version":"1.4"}} 
 </msg>
<msg time="2024-06-22T13:16:58.090827" level="INFO">/opt/hostedtoolcache/Python/3.12.4/x64/lib/python3.12/site-packages/urllib3/connectionpool.py:1099: InsecureRequestWarning: Unverified HTTPS request is being made to host 'randomuser.me'. Adding certificate verification is strongly advised. See: https://urllib3.readthedocs.io/en/latest/advanced-usage.html#tls-warnings
  warnings.warn(</msg>
<msg time="2024-06-22T13:16:58.091007" level="INFO">${response} = &lt;Response [200]&gt;</msg>
<var>${response}</var>
<arg>consultarAPI</arg>
<arg>/api</arg>
<doc>Sends a GET request on a previously created HTTP Session.</doc>
<status status="PASS" start="2024-06-22T13:16:57.897453" elapsed="0.193602"/>
</kw>
<kw name="Should Be Equal As Numbers" owner="BuiltIn">
<msg time="2024-06-22T13:16:58.092092" level="INFO">Argument types are:
&lt;class 'int'&gt;
&lt;class 'str'&gt;</msg>
<arg>${response.status_code}</arg>
<arg>200</arg>
<doc>Fails if objects are unequal after converting them to real numbers.</doc>
<status status="PASS" start="2024-06-22T13:16:58.091615" elapsed="0.000546"/>
</kw>
<kw name="Log" owner="BuiltIn">
<msg time="2024-06-22T13:16:58.092837" level="INFO">200</msg>
<arg>${response.status_code}</arg>
<doc>Logs the given message with the given level.</doc>
<status status="PASS" start="2024-06-22T13:16:58.092484" elapsed="0.000396"/>
</kw>
<kw name="Set Variable" owner="BuiltIn">
<msg time="2024-06-22T13:16:58.093633" level="INFO">${json_data} = {'results': [{'gender': 'female', 'name': {'title': 'Miss', 'first': 'Freja', 'last': 'Thomsen'}, 'location': {'street': {'number': 3331, 'name': 'H.C. Lumbyes Vej'}, 'city': 'Århus C.', 'state': 'Hov...</msg>
<var>${json_data}</var>
<arg>${response.json()}</arg>
<doc>Returns the given values which can then be assigned to a variables.</doc>
<status status="PASS" start="2024-06-22T13:16:58.093184" elapsed="0.000479"/>
</kw>
<kw name="Dictionary Should Contain Key" owner="Collections">
<arg>${json_data}</arg>
<arg>results</arg>
<doc>Fails if ``key`` is not found from ``dictionary``.</doc>
<status status="PASS" start="2024-06-22T13:16:58.093966" elapsed="0.000166"/>
</kw>
<status status="PASS" start="2024-06-22T13:16:57.897210" elapsed="0.197076"/>
</kw>
<doc>Testa se a API responde corretamente e retorna um objeto JSON válido.</doc>
<tag>testeRequisicaoBasica</tag>
<status status="PASS" start="2024-06-22T13:16:57.896661" elapsed="0.197806"/>
</test>
<test id="s1-s1-t3" name="Validar estrutura de resposta" line="22">
<kw name="Teste de Estrutura de Resposta" owner="random-user-service">
<kw name="GET On Session" owner="RequestsLibrary">
<msg time="2024-06-22T13:16:58.186170" level="INFO">GET Request : url=https://randomuser.me/api 
 path_url=/api 
 headers={'User-Agent': 'python-requests/2.32.3', 'Accept-Encoding': 'gzip, deflate', 'Accept': '*/*', 'Connection': 'keep-alive'} 
 body=None 
 </msg>
<msg time="2024-06-22T13:16:58.186266" level="INFO">GET Response : url=https://randomuser.me/api 
 status=200, reason=OK 
 headers={'Date': 'Sat, 22 Jun 2024 13:16:58 GMT', 'Content-Type': 'application/json; charset=utf-8', 'Transfer-Encoding': 'chunked', 'Connection': 'keep-alive', 'X-Powered-By': 'Express', 'Access-Control-Allow-Origin': '*', 'Cache-Control': 'no-cache', 'ETag': 'W/"48c-W/HnHvSxDEVbmoBxxSxMbX5N4jk"', 'Vary': 'Accept-Encoding', 'Content-Encoding': 'gzip', 'CF-Cache-Status': 'DYNAMIC', 'Report-To': '{"endpoints":[{"url":"https:\\/\\/a.nel.cloudflare.com\\/report\\/v4?s=4XD7iHXWHfW5VxAqlN8u0JNBR0Spb4UVlD0mvCviQWwfb7aLYGHFJMmYODY1TpYNI07%2Bmcb0UOcPZXPT%2FaUz1saUQql8TICUepTg3wLK0v4GYKP2oCDLR1814T3gN34u"}],"group":"cf-nel","max_age":604800}', 'NEL': '{"success_fraction":0,"report_to":"cf-nel","max_age":604800}', 'Server': 'cloudflare', 'CF-RAY': '897c840f2d672418-IAD', 'alt-svc': 'h3=":443"; ma=86400'} 
 body={"results":[{"gender":"female","name":{"title":"Ms","first":"Katrine","last":"Aanstad"},"location":{"street":{"number":2137,"name":"Kurlandstien"},"city":"Brønnøysund","state":"Oslo","country":"Norway","postcode":"1961","coordinates":{"latitude":"40.7904","longitude":"175.5845"},"timezone":{"offset":"-3:00","description":"Brazil, Buenos Aires, Georgetown"}},"email":"katrine.aanstad@example.com","login":{"uuid":"7ff53719-865d-4956-98bc-3c3f528d8ca8","username":"silverduck823","password":"rachael","salt":"xt2LvALG","md5":"7cc0c57993f86303e90c2bb0a0e6d20e","sha1":"0f52e68209053fbad20b8857719905961c8bb470","sha256":"b02e99ee09605de60b7f94e9cce968d9f6ad8c1740df7962c4bfbe1cc1677e0c"},"dob":{"date":"1957-06-16T09:43:31.378Z","age":67},"registered":{"date":"2021-09-17T11:09:12.858Z","age":2},"phone":"25857655","cell":"97994198","id":{"name":"FN","value":"16065707253"},"picture":{"large":"https://randomuser.me/api/portraits/women/32.jpg","medium":"https://randomuser.me/api/portraits/med/women/32.jpg","thumbnail":"https://randomuser.me/api/portraits/thumb/women/32.jpg"},"nat":"NO"}],"info":{"seed":"34281a22eae9e2bd","results":1,"page":1,"version":"1.4"}} 
 </msg>
<msg time="2024-06-22T13:16:58.186407" level="INFO">/opt/hostedtoolcache/Python/3.12.4/x64/lib/python3.12/site-packages/urllib3/connectionpool.py:1099: InsecureRequestWarning: Unverified HTTPS request is being made to host 'randomuser.me'. Adding certificate verification is strongly advised. See: https://urllib3.readthedocs.io/en/latest/advanced-usage.html#tls-warnings
  warnings.warn(</msg>
<msg time="2024-06-22T13:16:58.186538" level="INFO">${response} = &lt;Response [200]&gt;</msg>
<var>${response}</var>
<arg>consultarAPI</arg>
<arg>/api</arg>
<doc>Sends a GET request on a previously created HTTP Session.</doc>
<status status="PASS" start="2024-06-22T13:16:58.097193" elapsed="0.089398"/>
</kw>
<kw name="Set Variable" owner="BuiltIn">
<msg time="2024-06-22T13:16:58.187781" level="INFO">${json_data} = {'results': [{'gender': 'female', 'name': {'title': 'Ms', 'first': 'Katrine', 'last': 'Aanstad'}, 'location': {'street': {'number': 2137, 'name': 'Kurlandstien'}, 'city': 'Brønnøysund', 'state': 'Oslo...</msg>
<var>${json_data}</var>
<arg>${response.json()}</arg>
<doc>Returns the given values which can then be assigned to a variables.</doc>
<status status="PASS" start="2024-06-22T13:16:58.187203" elapsed="0.000608"/>
</kw>
<kw name="Log" owner="BuiltIn">
<msg time="2024-06-22T13:16:58.188292" level="INFO">{'results': [{'gender': 'female', 'name': {'title': 'Ms', 'first': 'Katrine', 'last': 'Aanstad'}, 'location': {'street': {'number': 2137, 'name': 'Kurlandstien'}, 'city': 'Brønnøysund', 'state': 'Oslo', 'country': 'Norway', 'postcode': '1961', 'coordinates': {'latitude': '40.7904', 'longitude': '175.5845'}, 'timezone': {'offset': '-3:00', 'description': 'Brazil, Buenos Aires, Georgetown'}}, 'email': 'katrine.aanstad@example.com', 'login': {'uuid': '7ff53719-865d-4956-98bc-3c3f528d8ca8', 'username': 'silverduck823', 'password': 'rachael', 'salt': 'xt2LvALG', 'md5': '7cc0c57993f86303e90c2bb0a0e6d20e', 'sha1': '0f52e68209053fbad20b8857719905961c8bb470', 'sha256': 'b02e99ee09605de60b7f94e9cce968d9f6ad8c1740df7962c4bfbe1cc1677e0c'}, 'dob': {'date': '1957-06-16T09:43:31.378Z', 'age': 67}, 'registered': {'date': '2021-09-17T11:09:12.858Z', 'age': 2}, 'phone': '25857655', 'cell': '97994198', 'id': {'name': 'FN', 'value': '16065707253'}, 'picture': {'large': 'https://randomuser.me/api/portraits/women/32.jpg', 'medium': 'https://randomuser.me/api/portraits/med/women/32.jpg', 'thumbnail': 'https://randomuser.me/api/portraits/thumb/women/32.jpg'}, 'nat': 'NO'}], 'info': {'seed': '34281a22eae9e2bd', 'results': 1, 'page': 1, 'version': '1.4'}}</msg>
<arg>${json_data}</arg>
<doc>Logs the given message with the given level.</doc>
<status status="PASS" start="2024-06-22T13:16:58.188126" elapsed="0.000218"/>
</kw>
<kw name="Dictionary Should Contain Key" owner="Collections">
<arg>${json_data}</arg>
<arg>results</arg>
<doc>Fails if ``key`` is not found from ``dictionary``.</doc>
<status status="PASS" start="2024-06-22T13:16:58.188640" elapsed="0.000161"/>
</kw>
<kw name="Should Not Be Empty" owner="BuiltIn">
<msg time="2024-06-22T13:16:58.189113" level="INFO">Length is 2.</msg>
<arg>${json_data}</arg>
<doc>Verifies that the given item is not empty.</doc>
<status status="PASS" start="2024-06-22T13:16:58.188988" elapsed="0.000165"/>
</kw>
<kw name="Create List" owner="BuiltIn">
<msg time="2024-06-22T13:16:58.189747" level="INFO">${expected_keys} = ['gender', 'name', 'location', 'email', 'login']</msg>
<var>${expected_keys}</var>
<arg>gender</arg>
<arg>name</arg>
<arg>location</arg>
<arg>email</arg>
<arg>login</arg>
<doc>Returns a list containing given items.</doc>
<status status="PASS" start="2024-06-22T13:16:58.189443" elapsed="0.000335"/>
</kw>
<for flavor="IN">
<iter>
<kw name="Dictionary Should Contain Key" owner="Collections">
<arg>${json_data['results'][0]}</arg>
<arg>${key}</arg>
<doc>Fails if ``key`` is not found from ``dictionary``.</doc>
<status status="PASS" start="2024-06-22T13:16:58.190377" elapsed="0.000407"/>
</kw>
<kw name="Log" owner="BuiltIn">
<msg time="2024-06-22T13:16:58.191381" level="INFO">{'gender': 'female', 'name': {'title': 'Ms', 'first': 'Katrine', 'last': 'Aanstad'}, 'location': {'street': {'number': 2137, 'name': 'Kurlandstien'}, 'city': 'Brønnøysund', 'state': 'Oslo', 'country': 'Norway', 'postcode': '1961', 'coordinates': {'latitude': '40.7904', 'longitude': '175.5845'}, 'timezone': {'offset': '-3:00', 'description': 'Brazil, Buenos Aires, Georgetown'}}, 'email': 'katrine.aanstad@example.com', 'login': {'uuid': '7ff53719-865d-4956-98bc-3c3f528d8ca8', 'username': 'silverduck823', 'password': 'rachael', 'salt': 'xt2LvALG', 'md5': '7cc0c57993f86303e90c2bb0a0e6d20e', 'sha1': '0f52e68209053fbad20b8857719905961c8bb470', 'sha256': 'b02e99ee09605de60b7f94e9cce968d9f6ad8c1740df7962c4bfbe1cc1677e0c'}, 'dob': {'date': '1957-06-16T09:43:31.378Z', 'age': 67}, 'registered': {'date': '2021-09-17T11:09:12.858Z', 'age': 2}, 'phone': '25857655', 'cell': '97994198', 'id': {'name': 'FN', 'value': '16065707253'}, 'picture': {'large': 'https://randomuser.me/api/portraits/women/32.jpg', 'medium': 'https://randomuser.me/api/portraits/med/women/32.jpg', 'thumbnail': 'https://randomuser.me/api/portraits/thumb/women/32.jpg'}, 'nat': 'NO'}</msg>
<arg>${json_data['results'][0]}</arg>
<doc>Logs the given message with the given level.</doc>
<status status="PASS" start="2024-06-22T13:16:58.191001" elapsed="0.000432"/>
</kw>
<kw name="Log" owner="BuiltIn">
<msg time="2024-06-22T13:16:58.191865" level="INFO">gender</msg>
<arg>${key}</arg>
<doc>Logs the given message with the given level.</doc>
<status status="PASS" start="2024-06-22T13:16:58.191737" elapsed="0.000167"/>
</kw>
<var name="${key}">gender</var>
<status status="PASS" start="2024-06-22T13:16:58.190254" elapsed="0.001922"/>
</iter>
<iter>
<kw name="Dictionary Should Contain Key" owner="Collections">
<arg>${json_data['results'][0]}</arg>
<arg>${key}</arg>
<doc>Fails if ``key`` is not found from ``dictionary``.</doc>
<status status="PASS" start="2024-06-22T13:16:58.192597" elapsed="0.000542"/>
</kw>
<kw name="Log" owner="BuiltIn">
<msg time="2024-06-22T13:16:58.193700" level="INFO">{'gender': 'female', 'name': {'title': 'Ms', 'first': 'Katrine', 'last': 'Aanstad'}, 'location': {'street': {'number': 2137, 'name': 'Kurlandstien'}, 'city': 'Brønnøysund', 'state': 'Oslo', 'country': 'Norway', 'postcode': '1961', 'coordinates': {'latitude': '40.7904', 'longitude': '175.5845'}, 'timezone': {'offset': '-3:00', 'description': 'Brazil, Buenos Aires, Georgetown'}}, 'email': 'katrine.aanstad@example.com', 'login': {'uuid': '7ff53719-865d-4956-98bc-3c3f528d8ca8', 'username': 'silverduck823', 'password': 'rachael', 'salt': 'xt2LvALG', 'md5': '7cc0c57993f86303e90c2bb0a0e6d20e', 'sha1': '0f52e68209053fbad20b8857719905961c8bb470', 'sha256': 'b02e99ee09605de60b7f94e9cce968d9f6ad8c1740df7962c4bfbe1cc1677e0c'}, 'dob': {'date': '1957-06-16T09:43:31.378Z', 'age': 67}, 'registered': {'date': '2021-09-17T11:09:12.858Z', 'age': 2}, 'phone': '25857655', 'cell': '97994198', 'id': {'name': 'FN', 'value': '16065707253'}, 'picture': {'large': 'https://randomuser.me/api/portraits/women/32.jpg', 'medium': 'https://randomuser.me/api/portraits/med/women/32.jpg', 'thumbnail': 'https://randomuser.me/api/portraits/thumb/women/32.jpg'}, 'nat': 'NO'}</msg>
<arg>${json_data['results'][0]}</arg>
<doc>Logs the given message with the given level.</doc>
<status status="PASS" start="2024-06-22T13:16:58.193333" elapsed="0.000460"/>
</kw>
<kw name="Log" owner="BuiltIn">
<msg time="2024-06-22T13:16:58.194227" level="INFO">name</msg>
<arg>${key}</arg>
<doc>Logs the given message with the given level.</doc>
<status status="PASS" start="2024-06-22T13:16:58.194097" elapsed="0.000169"/>
</kw>
<var name="${key}">name</var>
<status status="PASS" start="2024-06-22T13:16:58.192436" elapsed="0.002051"/>
</iter>
<iter>
<kw name="Dictionary Should Contain Key" owner="Collections">
<arg>${json_data['results'][0]}</arg>
<arg>${key}</arg>
<doc>Fails if ``key`` is not found from ``dictionary``.</doc>
<status status="PASS" start="2024-06-22T13:16:58.194775" elapsed="0.000419"/>
</kw>
<kw name="Log" owner="BuiltIn">
<msg time="2024-06-22T13:16:58.195753" level="INFO">{'gender': 'female', 'name': {'title': 'Ms', 'first': 'Katrine', 'last': 'Aanstad'}, 'location': {'street': {'number': 2137, 'name': 'Kurlandstien'}, 'city': 'Brønnøysund', 'state': 'Oslo', 'country': 'Norway', 'postcode': '1961', 'coordinates': {'latitude': '40.7904', 'longitude': '175.5845'}, 'timezone': {'offset': '-3:00', 'description': 'Brazil, Buenos Aires, Georgetown'}}, 'email': 'katrine.aanstad@example.com', 'login': {'uuid': '7ff53719-865d-4956-98bc-3c3f528d8ca8', 'username': 'silverduck823', 'password': 'rachael', 'salt': 'xt2LvALG', 'md5': '7cc0c57993f86303e90c2bb0a0e6d20e', 'sha1': '0f52e68209053fbad20b8857719905961c8bb470', 'sha256': 'b02e99ee09605de60b7f94e9cce968d9f6ad8c1740df7962c4bfbe1cc1677e0c'}, 'dob': {'date': '1957-06-16T09:43:31.378Z', 'age': 67}, 'registered': {'date': '2021-09-17T11:09:12.858Z', 'age': 2}, 'phone': '25857655', 'cell': '97994198', 'id': {'name': 'FN', 'value': '16065707253'}, 'picture': {'large': 'https://randomuser.me/api/portraits/women/32.jpg', 'medium': 'https://randomuser.me/api/portraits/med/women/32.jpg', 'thumbnail': 'https://randomuser.me/api/portraits/thumb/women/32.jpg'}, 'nat': 'NO'}</msg>
<arg>${json_data['results'][0]}</arg>
<doc>Logs the given message with the given level.</doc>
<status status="PASS" start="2024-06-22T13:16:58.195388" elapsed="0.000425"/>
</kw>
<kw name="Log" owner="BuiltIn">
<msg time="2024-06-22T13:16:58.196243" level="INFO">location</msg>
<arg>${key}</arg>
<doc>Logs the given message with the given level.</doc>
<status status="PASS" start="2024-06-22T13:16:58.196114" elapsed="0.000167"/>
</kw>
<var name="${key}">location</var>
<status status="PASS" start="2024-06-22T13:16:58.194667" elapsed="0.001831"/>
</iter>
<iter>
<kw name="Dictionary Should Contain Key" owner="Collections">
<arg>${json_data['results'][0]}</arg>
<arg>${key}</arg>
<doc>Fails if ``key`` is not found from ``dictionary``.</doc>
<status status="PASS" start="2024-06-22T13:16:58.196782" elapsed="0.000378"/>
</kw>
<kw name="Log" owner="BuiltIn">
<msg time="2024-06-22T13:16:58.197704" level="INFO">{'gender': 'female', 'name': {'title': 'Ms', 'first': 'Katrine', 'last': 'Aanstad'}, 'location': {'street': {'number': 2137, 'name': 'Kurlandstien'}, 'city': 'Brønnøysund', 'state': 'Oslo', 'country': 'Norway', 'postcode': '1961', 'coordinates': {'latitude': '40.7904', 'longitude': '175.5845'}, 'timezone': {'offset': '-3:00', 'description': 'Brazil, Buenos Aires, Georgetown'}}, 'email': 'katrine.aanstad@example.com', 'login': {'uuid': '7ff53719-865d-4956-98bc-3c3f528d8ca8', 'username': 'silverduck823', 'password': 'rachael', 'salt': 'xt2LvALG', 'md5': '7cc0c57993f86303e90c2bb0a0e6d20e', 'sha1': '0f52e68209053fbad20b8857719905961c8bb470', 'sha256': 'b02e99ee09605de60b7f94e9cce968d9f6ad8c1740df7962c4bfbe1cc1677e0c'}, 'dob': {'date': '1957-06-16T09:43:31.378Z', 'age': 67}, 'registered': {'date': '2021-09-17T11:09:12.858Z', 'age': 2}, 'phone': '25857655', 'cell': '97994198', 'id': {'name': 'FN', 'value': '16065707253'}, 'picture': {'large': 'https://randomuser.me/api/portraits/women/32.jpg', 'medium': 'https://randomuser.me/api/portraits/med/women/32.jpg', 'thumbnail': 'https://randomuser.me/api/portraits/thumb/women/32.jpg'}, 'nat': 'NO'}</msg>
<arg>${json_data['results'][0]}</arg>
<doc>Logs the given message with the given level.</doc>
<status status="PASS" start="2024-06-22T13:16:58.197346" elapsed="0.000411"/>
</kw>
<kw name="Log" owner="BuiltIn">
<msg time="2024-06-22T13:16:58.198185" level="INFO">email</msg>
<arg>${key}</arg>
<doc>Logs the given message with the given level.</doc>
<status status="PASS" start="2024-06-22T13:16:58.198059" elapsed="0.000164"/>
</kw>
<var name="${key}">email</var>
<status status="PASS" start="2024-06-22T13:16:58.196675" elapsed="0.001760"/>
</iter>
<iter>
<kw name="Dictionary Should Contain Key" owner="Collections">
<arg>${json_data['results'][0]}</arg>
<arg>${key}</arg>
<doc>Fails if ``key`` is not found from ``dictionary``.</doc>
<status status="PASS" start="2024-06-22T13:16:58.198769" elapsed="0.000615"/>
</kw>
<kw name="Log" owner="BuiltIn">
<msg time="2024-06-22T13:16:58.200183" level="INFO">{'gender': 'female', 'name': {'title': 'Ms', 'first': 'Katrine', 'last': 'Aanstad'}, 'location': {'street': {'number': 2137, 'name': 'Kurlandstien'}, 'city': 'Brønnøysund', 'state': 'Oslo', 'country': 'Norway', 'postcode': '1961', 'coordinates': {'latitude': '40.7904', 'longitude': '175.5845'}, 'timezone': {'offset': '-3:00', 'description': 'Brazil, Buenos Aires, Georgetown'}}, 'email': 'katrine.aanstad@example.com', 'login': {'uuid': '7ff53719-865d-4956-98bc-3c3f528d8ca8', 'username': 'silverduck823', 'password': 'rachael', 'salt': 'xt2LvALG', 'md5': '7cc0c57993f86303e90c2bb0a0e6d20e', 'sha1': '0f52e68209053fbad20b8857719905961c8bb470', 'sha256': 'b02e99ee09605de60b7f94e9cce968d9f6ad8c1740df7962c4bfbe1cc1677e0c'}, 'dob': {'date': '1957-06-16T09:43:31.378Z', 'age': 67}, 'registered': {'date': '2021-09-17T11:09:12.858Z', 'age': 2}, 'phone': '25857655', 'cell': '97994198', 'id': {'name': 'FN', 'value': '16065707253'}, 'picture': {'large': 'https://randomuser.me/api/portraits/women/32.jpg', 'medium': 'https://randomuser.me/api/portraits/med/women/32.jpg', 'thumbnail': 'https://randomuser.me/api/portraits/thumb/women/32.jpg'}, 'nat': 'NO'}</msg>
<arg>${json_data['results'][0]}</arg>
<doc>Logs the given message with the given level.</doc>
<status status="PASS" start="2024-06-22T13:16:58.199656" elapsed="0.000579"/>
</kw>
<kw name="Log" owner="BuiltIn">
<msg time="2024-06-22T13:16:58.200675" level="INFO">login</msg>
<arg>${key}</arg>
<doc>Logs the given message with the given level.</doc>
<status status="PASS" start="2024-06-22T13:16:58.200544" elapsed="0.000170"/>
</kw>
<var name="${key}">login</var>
<status status="PASS" start="2024-06-22T13:16:58.198603" elapsed="0.002330"/>
</iter>
<var>${key}</var>
<value>@{expected_keys}</value>
<status status="PASS" start="2024-06-22T13:16:58.190055" elapsed="0.010997"/>
</for>
<kw name="Create List" owner="BuiltIn">
<msg time="2024-06-22T13:16:58.201379" level="INFO">${expected_keysTwo} = ['username', 'password']</msg>
<var>${expected_keysTwo}</var>
<arg>username</arg>
<arg>password</arg>
<doc>Returns a list containing given items.</doc>
<status status="PASS" start="2024-06-22T13:16:58.201242" elapsed="0.000190"/>
</kw>
<for flavor="IN">
<iter>
<kw name="Dictionary Should Contain Key" owner="Collections">
<arg>${json_data['results'][0]['login']}</arg>
<arg>${keyTwo}</arg>
<doc>Fails if ``key`` is not found from ``dictionary``.</doc>
<status status="PASS" start="2024-06-22T13:16:58.201945" elapsed="0.000393"/>
</kw>
<kw name="Dictionary Should Contain Key" owner="Collections">
<arg>${json_data['results'][0]['login']}</arg>
<arg>${keyTwo}</arg>
<doc>Fails if ``key`` is not found from ``dictionary``.</doc>
<status status="PASS" start="2024-06-22T13:16:58.202526" elapsed="0.000376"/>
</kw>
<kw name="Log" owner="BuiltIn">
<msg time="2024-06-22T13:16:58.203234" level="INFO">username</msg>
<arg>${keyTwo}</arg>
<doc>Logs the given message with the given level.</doc>
<status status="PASS" start="2024-06-22T13:16:58.203111" elapsed="0.000161"/>
</kw>
<var name="${keyTwo}">username</var>
<status status="PASS" start="2024-06-22T13:16:58.201837" elapsed="0.001663"/>
</iter>
<iter>
<kw name="Dictionary Should Contain Key" owner="Collections">
<arg>${json_data['results'][0]['login']}</arg>
<arg>${keyTwo}</arg>
<doc>Fails if ``key`` is not found from ``dictionary``.</doc>
<status status="PASS" start="2024-06-22T13:16:58.203778" elapsed="0.000420"/>
</kw>
<kw name="Dictionary Should Contain Key" owner="Collections">
<arg>${json_data['results'][0]['login']}</arg>
<arg>${keyTwo}</arg>
<doc>Fails if ``key`` is not found from ``dictionary``.</doc>
<status status="PASS" start="2024-06-22T13:16:58.204377" elapsed="0.000391"/>
</kw>
<kw name="Log" owner="BuiltIn">
<msg time="2024-06-22T13:16:58.205067" level="INFO">password</msg>
<arg>${keyTwo}</arg>
<doc>Logs the given message with the given level.</doc>
<status status="PASS" start="2024-06-22T13:16:58.204946" elapsed="0.000158"/>
</kw>
<var name="${keyTwo}">password</var>
<status status="PASS" start="2024-06-22T13:16:58.203670" elapsed="0.001755"/>
</iter>
<var>${keyTwo}</var>
<value>@{expected_keysTwo}</value>
<status status="PASS" start="2024-06-22T13:16:58.201678" elapsed="0.003869"/>
</for>
<status status="PASS" start="2024-06-22T13:16:58.096956" elapsed="0.108736"/>
</kw>
<doc>Testa a estrutura da resposta da API.</doc>
<tag>testeEstruturaResposta</tag>
<status status="PASS" start="2024-06-22T13:16:58.096355" elapsed="0.109497"/>
</test>
<test id="s1-s1-t4" name="Validar tipos de dados" line="28">
<kw name="Teste de Tipos de Dados" owner="random-user-service">
<kw name="GET On Session" owner="RequestsLibrary">
<msg time="2024-06-22T13:16:58.297961" level="INFO">GET Request : url=https://randomuser.me/api 
 path_url=/api 
 headers={'User-Agent': 'python-requests/2.32.3', 'Accept-Encoding': 'gzip, deflate', 'Accept': '*/*', 'Connection': 'keep-alive'} 
 body=None 
 </msg>
<msg time="2024-06-22T13:16:58.298057" level="INFO">GET Response : url=https://randomuser.me/api 
 status=200, reason=OK 
 headers={'Date': 'Sat, 22 Jun 2024 13:16:58 GMT', 'Content-Type': 'application/json; charset=utf-8', 'Transfer-Encoding': 'chunked', 'Connection': 'keep-alive', 'X-Powered-By': 'Express', 'Access-Control-Allow-Origin': '*', 'Cache-Control': 'no-cache', 'ETag': 'W/"48f-mEx/Laa5JVq1zz6LenFSZq6c5bk"', 'Vary': 'Accept-Encoding', 'Content-Encoding': 'gzip', 'CF-Cache-Status': 'DYNAMIC', 'Report-To': '{"endpoints":[{"url":"https:\\/\\/a.nel.cloudflare.com\\/report\\/v4?s=70EYDbkuKpdkrKbNJ8WAHVPeNTy87jyVqqwqOAivjyHy5KdZtxFBiAT%2BTlBI5LKOwd%2FOIgWe7U88qWHrorCXqm%2BCYmjcQRS1EhgaitaIXIeIfkrltChUbiz9%2BuX4MO9n"}],"group":"cf-nel","max_age":604800}', 'NEL': '{"success_fraction":0,"report_to":"cf-nel","max_age":604800}', 'Server': 'cloudflare', 'CF-RAY': '897c840fde0a2418-IAD', 'alt-svc': 'h3=":443"; ma=86400'} 
 body={"results":[{"gender":"male","name":{"title":"Mr","first":"Lucas","last":"Mortensen"},"location":{"street":{"number":4201,"name":"Vesterbyvej"},"city":"Sønder Stenderup","state":"Hovedstaden","country":"Denmark","postcode":30715,"coordinates":{"latitude":"-42.7736","longitude":"-164.8658"},"timezone":{"offset":"+5:30","description":"Bombay, Calcutta, Madras, New Delhi"}},"email":"lucas.mortensen@example.com","login":{"uuid":"78b6ed33-18d5-4af5-9a32-8a869e04c305","username":"bluecat600","password":"nuts","salt":"eIZwN8wJ","md5":"c84e41bf046de590311a3d805485749a","sha1":"a385e56cfd4a837bbcb5a30dd1b0bc3b0953993b","sha256":"6abd84987dae66fab0419a79d5738ea788a2683fc3499a3df1e00a017986db0b"},"dob":{"date":"1982-06-12T09:39:44.723Z","age":42},"registered":{"date":"2012-10-18T22:08:30.539Z","age":11},"phone":"69027203","cell":"88453675","id":{"name":"CPR","value":"120682-5350"},"picture":{"large":"https://randomuser.me/api/portraits/men/38.jpg","medium":"https://randomuser.me/api/portraits/med/men/38.jpg","thumbnail":"https://randomuser.me/api/portraits/thumb/men/38.jpg"},"nat":"DK"}],"info":{"seed":"cce9fdfd1008078d","results":1,"page":1,"version":"1.4"}} 
 </msg>
<msg time="2024-06-22T13:16:58.298134" level="INFO">/opt/hostedtoolcache/Python/3.12.4/x64/lib/python3.12/site-packages/urllib3/connectionpool.py:1099: InsecureRequestWarning: Unverified HTTPS request is being made to host 'randomuser.me'. Adding certificate verification is strongly advised. See: https://urllib3.readthedocs.io/en/latest/advanced-usage.html#tls-warnings
  warnings.warn(</msg>
<msg time="2024-06-22T13:16:58.298253" level="INFO">${response} = &lt;Response [200]&gt;</msg>
<var>${response}</var>
<arg>consultarAPI</arg>
<arg>/api</arg>
<doc>Sends a GET request on a previously created HTTP Session.</doc>
<status status="PASS" start="2024-06-22T13:16:58.208364" elapsed="0.089933"/>
</kw>
<kw name="Set Variable" owner="BuiltIn">
<msg time="2024-06-22T13:16:58.299494" level="INFO">${json_data} = {'results': [{'gender': 'male', 'name': {'title': 'Mr', 'first': 'Lucas', 'last': 'Mortensen'}, 'location': {'street': {'number': 4201, 'name': 'Vesterbyvej'}, 'city': 'Sønder Stenderup', 'state': 'Ho...</msg>
<var>${json_data}</var>
<arg>${response.json()}</arg>
<doc>Returns the given values which can then be assigned to a variables.</doc>
<status status="PASS" start="2024-06-22T13:16:58.298903" elapsed="0.000621"/>
</kw>
<kw name="Log" owner="BuiltIn">
<msg time="2024-06-22T13:16:58.300023" level="INFO">{'results': [{'gender': 'male', 'name': {'title': 'Mr', 'first': 'Lucas', 'last': 'Mortensen'}, 'location': {'street': {'number': 4201, 'name': 'Vesterbyvej'}, 'city': 'Sønder Stenderup', 'state': 'Hovedstaden', 'country': 'Denmark', 'postcode': 30715, 'coordinates': {'latitude': '-42.7736', 'longitude': '-164.8658'}, 'timezone': {'offset': '+5:30', 'description': 'Bombay, Calcutta, Madras, New Delhi'}}, 'email': 'lucas.mortensen@example.com', 'login': {'uuid': '78b6ed33-18d5-4af5-9a32-8a869e04c305', 'username': 'bluecat600', 'password': 'nuts', 'salt': 'eIZwN8wJ', 'md5': 'c84e41bf046de590311a3d805485749a', 'sha1': 'a385e56cfd4a837bbcb5a30dd1b0bc3b0953993b', 'sha256': '6abd84987dae66fab0419a79d5738ea788a2683fc3499a3df1e00a017986db0b'}, 'dob': {'date': '1982-06-12T09:39:44.723Z', 'age': 42}, 'registered': {'date': '2012-10-18T22:08:30.539Z', 'age': 11}, 'phone': '69027203', 'cell': '88453675', 'id': {'name': 'CPR', 'value': '120682-5350'}, 'picture': {'large': 'https://randomuser.me/api/portraits/men/38.jpg', 'medium': 'https://randomuser.me/api/portraits/med/men/38.jpg', 'thumbnail': 'https://randomuser.me/api/portraits/thumb/men/38.jpg'}, 'nat': 'DK'}], 'info': {'seed': 'cce9fdfd1008078d', 'results': 1, 'page': 1, 'version': '1.4'}}</msg>
<arg>${json_data}</arg>
<doc>Logs the given message with the given level.</doc>
<status status="PASS" start="2024-06-22T13:16:58.299858" elapsed="0.000216"/>
</kw>
<kw name="Should Be String" owner="String">
<arg>${json_data['results'][0]['gender']}</arg>
<doc>Fails if the given ``item`` is not a string.</doc>
<status status="PASS" start="2024-06-22T13:16:58.300373" elapsed="0.000388"/>
</kw>
<kw name="Should Match Regexp" owner="BuiltIn">
<arg>${json_data['results'][0]['email']}</arg>
<arg>^[a-zA-Z0-9._%+-]+@[a-zA-Z0-9.-]+\.[a-zA-Z]{2,}$</arg>
<doc>Fails if ``string`` does not match ``pattern`` as a regular expression.</doc>
<status status="PASS" start="2024-06-22T13:16:58.300957" elapsed="0.000553"/>
</kw>
<kw name="Should Match Regexp" owner="BuiltIn">
<arg>${json_data['results'][0]['dob']['date']}</arg>
<arg>\\d{4}-\\d{2}-\\d{2}T\\d{2}:\\d{2}:\\d{2}\\.\\d{3}Z</arg>
<doc>Fails if ``string`` does not match ``pattern`` as a regular expression.</doc>
<status status="PASS" start="2024-06-22T13:16:58.301747" elapsed="0.000497"/>
</kw>
<kw name="Should Match Regexp" owner="BuiltIn">
<arg>${json_data['results'][0]['registered']['date']}</arg>
<arg>\\d{4}-\\d{2}-\\d{2}T\\d{2}:\\d{2}:\\d{2}\\.\\d{3}Z</arg>
<doc>Fails if ``string`` does not match ``pattern`` as a regular expression.</doc>
<status status="PASS" start="2024-06-22T13:16:58.302436" elapsed="0.000381"/>
</kw>
<kw name="Should Match Regexp" owner="BuiltIn">
<arg>${json_data['results'][0]['picture']['large']}</arg>
<arg>^https?://.*\.(?:png|jpe?g|gif|bmp)$</arg>
<doc>Fails if ``string`` does not match ``pattern`` as a regular expression.</doc>
<status status="PASS" start="2024-06-22T13:16:58.303039" elapsed="0.000483"/>
</kw>
<kw name="Should Match Regexp" owner="BuiltIn">
<arg>${json_data['results'][0]['picture']['medium']}</arg>
<arg>^https?://.*\.(?:png|jpe?g|gif|bmp)$</arg>
<doc>Fails if ``string`` does not match ``pattern`` as a regular expression.</doc>
<status status="PASS" start="2024-06-22T13:16:58.303711" elapsed="0.000357"/>
</kw>
<kw name="Should Match Regexp" owner="BuiltIn">
<arg>${json_data['results'][0]['picture']['thumbnail']}</arg>
<arg>^https?://.*\.(?:png|jpe?g|gif|bmp)$</arg>
<doc>Fails if ``string`` does not match ``pattern`` as a regular expression.</doc>
<status status="PASS" start="2024-06-22T13:16:58.304252" elapsed="0.000350"/>
</kw>
<kw name="Log" owner="BuiltIn">
<msg time="2024-06-22T13:16:58.305108" level="INFO">{'large': 'https://randomuser.me/api/portraits/men/38.jpg', 'medium': 'https://randomuser.me/api/portraits/med/men/38.jpg', 'thumbnail': 'https://randomuser.me/api/portraits/thumb/men/38.jpg'}</msg>
<arg>${json_data['results'][0]['picture']}</arg>
<doc>Logs the given message with the given level.</doc>
<status status="PASS" start="2024-06-22T13:16:58.304783" elapsed="0.000367"/>
</kw>
<status status="PASS" start="2024-06-22T13:16:58.208138" elapsed="0.097273"/>
</kw>
<kw name="Teste de Tipos de Dados - Postcode" owner="random-user-service">
<kw name="GET On Session" owner="RequestsLibrary">
<msg time="2024-06-22T13:16:58.380753" level="INFO">GET Request : url=https://randomuser.me/api 
 path_url=/api 
 headers={'User-Agent': 'python-requests/2.32.3', 'Accept-Encoding': 'gzip, deflate', 'Accept': '*/*', 'Connection': 'keep-alive'} 
 body=None 
 </msg>
<msg time="2024-06-22T13:16:58.380867" level="INFO">GET Response : url=https://randomuser.me/api 
 status=200, reason=OK 
 headers={'Date': 'Sat, 22 Jun 2024 13:16:58 GMT', 'Content-Type': 'application/json; charset=utf-8', 'Transfer-Encoding': 'chunked', 'Connection': 'keep-alive', 'X-Powered-By': 'Express', 'Access-Control-Allow-Origin': '*', 'Cache-Control': 'no-cache', 'ETag': 'W/"497-tndgzUVsQYmPSmqFCP7xTtRcMYo"', 'Vary': 'Accept-Encoding', 'Content-Encoding': 'gzip', 'CF-Cache-Status': 'DYNAMIC', 'Report-To': '{"endpoints":[{"url":"https:\\/\\/a.nel.cloudflare.com\\/report\\/v4?s=I%2B94l7pSuFNh3B2lBkp%2BCTUD2o%2BwB%2BFVMUzWlrjd5t7KbqsUZ4RlY5v8Ujym7zMeazJM40B6OblSpkCXNlqN75nlkX7JlgQwxq3hYVoUaAiHJxonl2EMlzMT1Oa8YJ7%2F"}],"group":"cf-nel","max_age":604800}', 'NEL': '{"success_fraction":0,"report_to":"cf-nel","max_age":604800}', 'Server': 'cloudflare', 'CF-RAY': '897c84107ead2418-IAD', 'alt-svc': 'h3=":443"; ma=86400'} 
 body={"results":[{"gender":"female","name":{"title":"Miss","first":"Noelia","last":"Carmona"},"location":{"street":{"number":6149,"name":"Calle de La Luna"},"city":"Gijón","state":"Galicia","country":"Spain","postcode":89873,"coordinates":{"latitude":"-34.8347","longitude":"102.2539"},"timezone":{"offset":"+1:00","description":"Brussels, Copenhagen, Madrid, Paris"}},"email":"noelia.carmona@example.com","login":{"uuid":"b147985a-eb0f-42f2-879e-9511bd3b3939","username":"whitemeercat391","password":"martin1","salt":"Ra0j0jYE","md5":"62126f40af121dd3888d62afe1776374","sha1":"66a008f28c34c4a07ba9613cb459a4fe87c7d4b1","sha256":"3a54aa40eaf5eb5b253878428f4c8a60f2c8ef8c967dd50e507c36671f735774"},"dob":{"date":"1950-02-14T14:18:49.552Z","age":74},"registered":{"date":"2004-02-18T14:08:16.636Z","age":20},"phone":"982-726-152","cell":"650-484-374","id":{"name":"DNI","value":"25628656-R"},"picture":{"large":"https://randomuser.me/api/portraits/women/68.jpg","medium":"https://randomuser.me/api/portraits/med/women/68.jpg","thumbnail":"https://randomuser.me/api/portraits/thumb/women/68.jpg"},"nat":"ES"}],"info":{"seed":"c190b3941ba0bad0","results":1,"page":1,"version":"1.4"}} 
 </msg>
<msg time="2024-06-22T13:16:58.380950" level="INFO">/opt/hostedtoolcache/Python/3.12.4/x64/lib/python3.12/site-packages/urllib3/connectionpool.py:1099: InsecureRequestWarning: Unverified HTTPS request is being made to host 'randomuser.me'. Adding certificate verification is strongly advised. See: https://urllib3.readthedocs.io/en/latest/advanced-usage.html#tls-warnings
  warnings.warn(</msg>
<msg time="2024-06-22T13:16:58.381121" level="INFO">${response} = &lt;Response [200]&gt;</msg>
<var>${response}</var>
<arg>consultarAPI</arg>
<arg>/api</arg>
<doc>Sends a GET request on a previously created HTTP Session.</doc>
<status status="PASS" start="2024-06-22T13:16:58.305884" elapsed="0.075280"/>
</kw>
<kw name="Set Variable" owner="BuiltIn">
<msg time="2024-06-22T13:16:58.382088" level="INFO">${json_data} = {'results': [{'gender': 'female', 'name': {'title': 'Miss', 'first': 'Noelia', 'last': 'Carmona'}, 'location': {'street': {'number': 6149, 'name': 'Calle de La Luna'}, 'city': 'Gijón', 'state': 'Galic...</msg>
<var>${json_data}</var>
<arg>${response.json()}</arg>
<doc>Returns the given values which can then be assigned to a variables.</doc>
<status status="PASS" start="2024-06-22T13:16:58.381578" elapsed="0.000542"/>
</kw>
<kw name="Log" owner="BuiltIn">
<msg time="2024-06-22T13:16:58.382724" level="INFO">{'results': [{'gender': 'female', 'name': {'title': 'Miss', 'first': 'Noelia', 'last': 'Carmona'}, 'location': {'street': {'number': 6149, 'name': 'Calle de La Luna'}, 'city': 'Gijón', 'state': 'Galicia', 'country': 'Spain', 'postcode': 89873, 'coordinates': {'latitude': '-34.8347', 'longitude': '102.2539'}, 'timezone': {'offset': '+1:00', 'description': 'Brussels, Copenhagen, Madrid, Paris'}}, 'email': 'noelia.carmona@example.com', 'login': {'uuid': 'b147985a-eb0f-42f2-879e-9511bd3b3939', 'username': 'whitemeercat391', 'password': 'martin1', 'salt': 'Ra0j0jYE', 'md5': '62126f40af121dd3888d62afe1776374', 'sha1': '66a008f28c34c4a07ba9613cb459a4fe87c7d4b1', 'sha256': '3a54aa40eaf5eb5b253878428f4c8a60f2c8ef8c967dd50e507c36671f735774'}, 'dob': {'date': '1950-02-14T14:18:49.552Z', 'age': 74}, 'registered': {'date': '2004-02-18T14:08:16.636Z', 'age': 20}, 'phone': '982-726-152', 'cell': '650-484-374', 'id': {'name': 'DNI', 'value': '25628656-R'}, 'picture': {'large': 'https://randomuser.me/api/portraits/women/68.jpg', 'medium': 'https://randomuser.me/api/portraits/med/women/68.jpg', 'thumbnail': 'https://randomuser.me/api/portraits/thumb/women/68.jpg'}, 'nat': 'ES'}], 'info': {'seed': 'c190b3941ba0bad0', 'results': 1, 'page': 1, 'version': '1.4'}}</msg>
<arg>${json_data}</arg>
<doc>Logs the given message with the given level.</doc>
<status status="PASS" start="2024-06-22T13:16:58.382475" elapsed="0.000343"/>
</kw>
<kw name="Should Be Equal As Numbers" owner="BuiltIn">
<arg>${json_data['results'][0]['location']['postcode']}</arg>
<arg>${json_data['results'][0]['location']['postcode']}</arg>
<doc>Fails if objects are unequal after converting them to real numbers.</doc>
<status status="PASS" start="2024-06-22T13:16:58.383333" elapsed="0.000934"/>
</kw>
<kw name="Log" owner="BuiltIn">
<msg time="2024-06-22T13:16:58.384988" level="INFO">89873</msg>
<arg>${json_data['results'][0]['location']['postcode']}</arg>
<doc>Logs the given message with the given level.</doc>
<status status="PASS" start="2024-06-22T13:16:58.384469" elapsed="0.000563"/>
</kw>
<status status="PASS" start="2024-06-22T13:16:58.305643" elapsed="0.079685"/>
</kw>
<doc>Testa se os tipos de dados na resposta da API estão corretos.</doc>
<tag>testeTiposDados</tag>
<status status="PASS" start="2024-06-22T13:16:58.207684" elapsed="0.177816"/>
</test>
<test id="s1-s1-t5" name="Validar conteudo" line="35">
<kw name="Teste de Tipos de Conteudo" owner="random-user-service">
<kw name="GET On Session" owner="RequestsLibrary">
<msg time="2024-06-22T13:16:58.483870" level="INFO">GET Request : url=https://randomuser.me/api 
 path_url=/api 
 headers={'User-Agent': 'python-requests/2.32.3', 'Accept-Encoding': 'gzip, deflate', 'Accept': '*/*', 'Connection': 'keep-alive'} 
 body=None 
 </msg>
<msg time="2024-06-22T13:16:58.483960" level="INFO">GET Response : url=https://randomuser.me/api 
 status=200, reason=OK 
 headers={'Date': 'Sat, 22 Jun 2024 13:16:58 GMT', 'Content-Type': 'application/json; charset=utf-8', 'Transfer-Encoding': 'chunked', 'Connection': 'keep-alive', 'X-Powered-By': 'Express', 'Access-Control-Allow-Origin': '*', 'Cache-Control': 'no-cache', 'ETag': 'W/"496-T2p+BhNYzXc4eqDae0uLWtq/D3w"', 'Vary': 'Accept-Encoding', 'Content-Encoding': 'gzip', 'CF-Cache-Status': 'DYNAMIC', 'Report-To': '{"endpoints":[{"url":"https:\\/\\/a.nel.cloudflare.com\\/report\\/v4?s=arxDce%2BeIZcuNJUvDKtKs191S3uzapwt%2BD3o%2B09cMwi7qXqxJQVye%2FZ4zzpoCmpgRW2b9Vry5oeB87UphtBOA%2Fu9%2BOm1ps4bCKLxyxH%2BeKwVGa14r3DY8WpSnj3WPNOB"}],"group":"cf-nel","max_age":604800}', 'NEL': '{"success_fraction":0,"report_to":"cf-nel","max_age":604800}', 'Server': 'cloudflare', 'CF-RAY': '897c8410ff412418-IAD', 'alt-svc': 'h3=":443"; ma=86400'} 
 body={"results":[{"gender":"male","name":{"title":"Monsieur","first":"Leo","last":"Pierre"},"location":{"street":{"number":4887,"name":"Rue Desaix"},"city":"Crans-près-Céligny","state":"Graubünden","country":"Switzerland","postcode":5654,"coordinates":{"latitude":"-57.6859","longitude":"-59.9881"},"timezone":{"offset":"+7:00","description":"Bangkok, Hanoi, Jakarta"}},"email":"leo.pierre@example.com","login":{"uuid":"8dd7b359-466c-4753-8554-471a8621d919","username":"greenfish378","password":"dylan1","salt":"szyUEvnc","md5":"069eb2a4bdfef933c7df1e585645e4d7","sha1":"ef78eb3698e1314f26d9a8689f77d566b9341323","sha256":"dc02b1340e6da61be746c1ed2e979c99005c5cec7ee680d40e39bafda2da4f7b"},"dob":{"date":"1972-07-16T11:30:43.381Z","age":51},"registered":{"date":"2004-08-24T23:32:52.890Z","age":19},"phone":"077 108 60 57","cell":"077 084 55 09","id":{"name":"AVS","value":"756.0284.0474.73"},"picture":{"large":"https://randomuser.me/api/portraits/men/63.jpg","medium":"https://randomuser.me/api/portraits/med/men/63.jpg","thumbnail":"https://randomuser.me/api/portraits/thumb/men/63.jpg"},"nat":"CH"}],"info":{"seed":"abb356e1e35f8730","results":1,"page":1,"version":"1.4"}} 
 </msg>
<msg time="2024-06-22T13:16:58.484035" level="INFO">/opt/hostedtoolcache/Python/3.12.4/x64/lib/python3.12/site-packages/urllib3/connectionpool.py:1099: InsecureRequestWarning: Unverified HTTPS request is being made to host 'randomuser.me'. Adding certificate verification is strongly advised. See: https://urllib3.readthedocs.io/en/latest/advanced-usage.html#tls-warnings
  warnings.warn(</msg>
<msg time="2024-06-22T13:16:58.484163" level="INFO">${response} = &lt;Response [200]&gt;</msg>
<var>${response}</var>
<arg>consultarAPI</arg>
<arg>/api</arg>
<doc>Sends a GET request on a previously created HTTP Session.</doc>
<status status="PASS" start="2024-06-22T13:16:58.388121" elapsed="0.096081"/>
</kw>
<kw name="Set Variable" owner="BuiltIn">
<msg time="2024-06-22T13:16:58.485347" level="INFO">${json_data} = {'results': [{'gender': 'male', 'name': {'title': 'Monsieur', 'first': 'Leo', 'last': 'Pierre'}, 'location': {'street': {'number': 4887, 'name': 'Rue Desaix'}, 'city': 'Crans-près-Céligny', 'state': '...</msg>
<var>${json_data}</var>
<arg>${response.json()}</arg>
<doc>Returns the given values which can then be assigned to a variables.</doc>
<status status="PASS" start="2024-06-22T13:16:58.484787" elapsed="0.000590"/>
</kw>
<kw name="Set Variable" owner="BuiltIn">
<msg time="2024-06-22T13:16:58.486072" level="INFO">${name_title} = Monsieur</msg>
<var>${name_title}</var>
<arg>${json_data["results"][0]["name"]["title"]}</arg>
<doc>Returns the given values which can then be assigned to a variables.</doc>
<status status="PASS" start="2024-06-22T13:16:58.485687" elapsed="0.000411"/>
</kw>
<kw name="Create List" owner="BuiltIn">
<msg time="2024-06-22T13:16:58.486544" level="INFO">${allowed_titles} = ['Mr', 'Ms', 'Miss', 'Mrs', 'Madame', 'Monsieur']</msg>
<var>${allowed_titles}</var>
<arg>Mr</arg>
<arg>Ms</arg>
<arg>Miss</arg>
<arg>Mrs</arg>
<arg>Madame</arg>
<arg>Monsieur</arg>
<doc>Returns a list containing given items.</doc>
<status status="PASS" start="2024-06-22T13:16:58.486395" elapsed="0.000173"/>
</kw>
<kw name="List Should Contain Value" owner="Collections">
<arg>${allowed_titles}</arg>
<arg>${name_title}</arg>
<doc>Fails if the ``value`` is not found from ``list``.</doc>
<status status="PASS" start="2024-06-22T13:16:58.486871" elapsed="0.000221"/>
</kw>
<kw name="Set Variable" owner="BuiltIn">
<msg time="2024-06-22T13:16:58.487655" level="INFO">${name_country} = CH</msg>
<var>${name_country}</var>
<arg>${json_data["results"][0]["nat"]}</arg>
<doc>Returns the given values which can then be assigned to a variables.</doc>
<status status="PASS" start="2024-06-22T13:16:58.487275" elapsed="0.000405"/>
</kw>
<kw name="Create List" owner="BuiltIn">
<msg time="2024-06-22T13:16:58.488564" level="INFO">${list_country} = ['AD', 'AE', 'AF', 'AG', 'AI', 'AL', 'AM', 'AO', 'AQ', 'AR', 'AS', 'AT', 'AU', 'AW', 'AX', 'AZ', 'BA', 'BB', 'BD', 'BE', 'BF', 'BG', 'BH', 'BI', 'BJ', 'BL', 'BM', 'BN', 'BO', 'BQ', 'BR', 'BS', 'BT', '...</msg>
<var>${list_country}</var>
<arg>AD</arg>
<arg>AE</arg>
<arg>AF</arg>
<arg>AG</arg>
<arg>AI</arg>
<arg>AL</arg>
<arg>AM</arg>
<arg>AO</arg>
<arg>AQ</arg>
<arg>AR</arg>
<arg>AS</arg>
<arg>AT</arg>
<arg>AU</arg>
<arg>AW</arg>
<arg>AX</arg>
<arg>AZ</arg>
<arg>BA</arg>
<arg>BB</arg>
<arg>BD</arg>
<arg>BE</arg>
<arg>BF</arg>
<arg>BG</arg>
<arg>BH</arg>
<arg>BI</arg>
<arg>BJ</arg>
<arg>BL</arg>
<arg>BM</arg>
<arg>BN</arg>
<arg>BO</arg>
<arg>BQ</arg>
<arg>BR</arg>
<arg>BS</arg>
<arg>BT</arg>
<arg>BV</arg>
<arg>BW</arg>
<arg>BY</arg>
<arg>BZ</arg>
<arg>CA</arg>
<arg>CC</arg>
<arg>CD</arg>
<arg>CF</arg>
<arg>CG</arg>
<arg>CH</arg>
<arg>CI</arg>
<arg>CK</arg>
<arg>CL</arg>
<arg>CM</arg>
<arg>CN</arg>
<arg>CO</arg>
<arg>CR</arg>
<arg>CU</arg>
<arg>CV</arg>
<arg>CW</arg>
<arg>CX</arg>
<arg>CY</arg>
<arg>CZ</arg>
<arg>DE</arg>
<arg>DJ</arg>
<arg>DK</arg>
<arg>DM</arg>
<arg>DO</arg>
<arg>DZ</arg>
<arg>EC</arg>
<arg>EE</arg>
<arg>EG</arg>
<arg>EH</arg>
<arg>ER</arg>
<arg>ES</arg>
<arg>ET</arg>
<arg>FI</arg>
<arg>FJ</arg>
<arg>FK</arg>
<arg>FM</arg>
<arg>FO</arg>
<arg>FR</arg>
<arg>GA</arg>
<arg>GB</arg>
<arg>GD</arg>
<arg>GE</arg>
<arg>GF</arg>
<arg>GG</arg>
<arg>GH</arg>
<arg>GI</arg>
<arg>GL</arg>
<arg>GM</arg>
<arg>GN</arg>
<arg>GP</arg>
<arg>GQ</arg>
<arg>GR</arg>
<arg>GS</arg>
<arg>GT</arg>
<arg>GU</arg>
<arg>GW</arg>
<arg>GY</arg>
<arg>HK</arg>
<arg>HM</arg>
<arg>HN</arg>
<arg>HR</arg>
<arg>HT</arg>
<arg>HU</arg>
<arg>ID</arg>
<arg>IE</arg>
<arg>IL</arg>
<arg>IM</arg>
<arg>IN</arg>
<arg>IO</arg>
<arg>IQ</arg>
<arg>IR</arg>
<arg>IS</arg>
<arg>IT</arg>
<arg>JE</arg>
<arg>JM</arg>
<arg>JO</arg>
<arg>JP</arg>
<arg>KE</arg>
<arg>KG</arg>
<arg>KH</arg>
<arg>KI</arg>
<arg>KM</arg>
<arg>KN</arg>
<arg>KP</arg>
<arg>KR</arg>
<arg>KW</arg>
<arg>KY</arg>
<arg>KZ</arg>
<arg>LA</arg>
<arg>LB</arg>
<arg>LC</arg>
<arg>LI</arg>
<arg>LK</arg>
<arg>LR</arg>
<arg>LS</arg>
<arg>LT</arg>
<arg>LU</arg>
<arg>LV</arg>
<arg>LY</arg>
<arg>MA</arg>
<arg>MC</arg>
<arg>MD</arg>
<arg>ME</arg>
<arg>MF</arg>
<arg>MG</arg>
<arg>MH</arg>
<arg>MK</arg>
<arg>ML</arg>
<arg>MM</arg>
<arg>MN</arg>
<arg>MO</arg>
<arg>MP</arg>
<arg>MQ</arg>
<arg>MR</arg>
<arg>MS</arg>
<arg>MT</arg>
<arg>MU</arg>
<arg>MV</arg>
<arg>MW</arg>
<arg>MX</arg>
<arg>MY</arg>
<arg>MZ</arg>
<arg>NA</arg>
<arg>NC</arg>
<arg>NE</arg>
<arg>NF</arg>
<arg>NG</arg>
<arg>NI</arg>
<arg>NL</arg>
<arg>NO</arg>
<arg>NP</arg>
<arg>NR</arg>
<arg>NU</arg>
<arg>NZ</arg>
<arg>OM</arg>
<arg>PA</arg>
<arg>PE</arg>
<arg>PF</arg>
<arg>PG</arg>
<arg>PH</arg>
<arg>PK</arg>
<arg>PL</arg>
<arg>PM</arg>
<arg>PN</arg>
<arg>PR</arg>
<arg>PS</arg>
<arg>PT</arg>
<arg>PW</arg>
<arg>PY</arg>
<arg>QA</arg>
<arg>RE</arg>
<arg>RO</arg>
<arg>RS</arg>
<arg>RU</arg>
<arg>RW</arg>
<arg>SA</arg>
<arg>SB</arg>
<arg>SC</arg>
<arg>SD</arg>
<arg>SE</arg>
<arg>SG</arg>
<arg>SH</arg>
<arg>SI</arg>
<arg>SJ</arg>
<arg>SK</arg>
<arg>SL</arg>
<arg>SM</arg>
<arg>SN</arg>
<arg>SO</arg>
<arg>SR</arg>
<arg>SS</arg>
<arg>ST</arg>
<arg>SV</arg>
<arg>SX</arg>
<arg>SY</arg>
<arg>SZ</arg>
<arg>TC</arg>
<arg>TD</arg>
<arg>TF</arg>
<arg>TG</arg>
<arg>TH</arg>
<arg>TJ</arg>
<arg>TK</arg>
<arg>TL</arg>
<arg>TM</arg>
<arg>TN</arg>
<arg>TO</arg>
<arg>TR</arg>
<arg>TT</arg>
<arg>TV</arg>
<arg>TW</arg>
<arg>TZ</arg>
<arg>UA</arg>
<arg>UG</arg>
<arg>UM</arg>
<arg>US</arg>
<arg>UY</arg>
<arg>UZ</arg>
<arg>VA</arg>
<arg>VC</arg>
<arg>VE</arg>
<arg>VG</arg>
<arg>VI</arg>
<arg>VN</arg>
<arg>VU</arg>
<arg>WF</arg>
<arg>WS</arg>
<arg>XK</arg>
<arg>YE</arg>
<arg>YT</arg>
<arg>ZA</arg>
<arg>ZM</arg>
<arg>ZW</arg>
<doc>Returns a list containing given items.</doc>
<status status="PASS" start="2024-06-22T13:16:58.487970" elapsed="0.000619"/>
</kw>
<kw name="List Should Contain Value" owner="Collections">
<arg>${list_country}</arg>
<arg>${name_country}</arg>
<doc>Fails if the ``value`` is not found from ``list``.</doc>
<status status="PASS" start="2024-06-22T13:16:58.489387" elapsed="0.000199"/>
</kw>
<kw name="Run Keyword If" owner="BuiltIn">
<kw name="Should Be True" owner="BuiltIn">
<arg>${True}</arg>
<doc>Fails if the given condition is not true.</doc>
<status status="PASS" start="2024-06-22T13:16:58.490547" elapsed="0.000142"/>
</kw>
<arg>${json_data["results"][0]["location"]["coordinates"]["latitude"]} &gt;= -90 and ${json_data["results"][0]["location"]["coordinates"]["latitude"]} &lt;= 90</arg>
<arg>Should Be True</arg>
<arg>${True}</arg>
<doc>Runs the given keyword with the given arguments, if ``condition`` is true.</doc>
<status status="PASS" start="2024-06-22T13:16:58.489783" elapsed="0.001033"/>
</kw>
<kw name="Run Keyword If" owner="BuiltIn">
<kw name="Should Be True" owner="BuiltIn">
<arg>${True}</arg>
<doc>Fails if the given condition is not true.</doc>
<status status="PASS" start="2024-06-22T13:16:58.491717" elapsed="0.000240"/>
</kw>
<arg>${json_data["results"][0]["location"]["coordinates"]["longitude"]} &gt;= -180 and ${json_data["results"][0]["location"]["coordinates"]["longitude"]} &lt;= 180</arg>
<arg>Should Be True</arg>
<arg>${True}</arg>
<doc>Runs the given keyword with the given arguments, if ``condition`` is true.</doc>
<status status="PASS" start="2024-06-22T13:16:58.491023" elapsed="0.001064"/>
</kw>
<status status="PASS" start="2024-06-22T13:16:58.387892" elapsed="0.104330"/>
</kw>
<doc>Testa o conteúdo específico dos campos retornados pela API.</doc>
<tag>testeConteudo</tag>
<status status="PASS" start="2024-06-22T13:16:58.387304" elapsed="0.105070"/>
</test>
<status status="PASS" start="2024-06-22T13:16:57.555424" elapsed="0.938949"/>
</suite>
<status status="PASS" start="2024-06-22T13:16:57.540934" elapsed="0.958608"/>
</suite>
<statistics>
<total>
<stat pass="5" fail="0" skip="0">All Tests</stat>
</total>
<tag>
<stat pass="1" fail="0" skip="0">testeConteudo</stat>
<stat pass="1" fail="0" skip="0">testeEstruturaResposta</stat>
<stat pass="1" fail="0" skip="0">testeRequisicaoBasica</stat>
<stat pass="1" fail="0" skip="0">testeTiposDados</stat>
</tag>
<suite>
<stat pass="5" fail="0" skip="0" id="s1" name="Tests">Tests</stat>
<stat pass="5" fail="0" skip="0" id="s1-s1" name="Random-User-Test">Tests.Random-User-Test</stat>
</suite>
</statistics>
<errors>
</errors>
</robot>
