<?xml version="1.0" encoding="UTF-8"?>
<robot generator="Robot 7.0 (Python 3.12.3 on linux)" generated="2024-06-07T18:20:37.415653" rpa="false" schemaversion="5">
<suite id="s1" name="Tests" source="/home/runner/work/ApiRandomUser/ApiRandomUser/RamdonUser/tests">
<suite id="s1-s1" name="Random-User-Test" source="/home/runner/work/ApiRandomUser/ApiRandomUser/RamdonUser/tests/random-user-test.robot">
<test id="s1-s1-t1" name="Conectar" line="13">
<kw name="Conectar API" owner="random-user-service">
<kw name="Create Session" owner="RequestsLibrary">
<msg time="2024-06-07T18:20:37.805680" level="INFO">Creating Session using : alias=consultarAPI, url=https://randomuser.me/, headers={},                     cookies={}, auth=None, timeout=None, proxies=None, verify=False,                     debug=0 </msg>
<arg>consultarAPI</arg>
<arg>${URL}</arg>
<doc>Create Session: create a HTTP session to a server</doc>
<status status="PASS" start="2024-06-07T18:20:37.805460" elapsed="0.000411"/>
</kw>
<status status="PASS" start="2024-06-07T18:20:37.804368" elapsed="0.001887"/>
</kw>
<status status="PASS" start="2024-06-07T18:20:37.803788" elapsed="0.002673"/>
</test>
<test id="s1-s1-t2" name="Validar retorno 200 e JSON Válido" line="16">
<kw name="Teste de Requisicao Basica" owner="random-user-service">
<kw name="GET On Session" owner="RequestsLibrary">
<msg time="2024-06-07T18:20:37.979912" level="INFO">GET Request : url=https://randomuser.me/api 
 path_url=/api 
 headers={'User-Agent': 'python-requests/2.32.3', 'Accept-Encoding': 'gzip, deflate', 'Accept': '*/*', 'Connection': 'keep-alive'} 
 body=None 
 </msg>
<msg time="2024-06-07T18:20:37.980100" level="INFO">GET Response : url=https://randomuser.me/api 
 status=200, reason=OK 
 headers={'Date': 'Fri, 07 Jun 2024 18:20:37 GMT', 'Content-Type': 'application/json; charset=utf-8', 'Transfer-Encoding': 'chunked', 'Connection': 'keep-alive', 'X-Powered-By': 'Express', 'Access-Control-Allow-Origin': '*', 'Cache-Control': 'no-cache', 'ETag': 'W/"46d-HGwJ6ZO24PTfGmnfRq9epFGoltc"', 'Vary': 'Accept-Encoding', 'Content-Encoding': 'gzip', 'CF-Cache-Status': 'DYNAMIC', 'Report-To': '{"endpoints":[{"url":"https:\\/\\/a.nel.cloudflare.com\\/report\\/v4?s=NXXlekihhMp00zsi%2Faann6aLyg3O24dViOLEqjwgAjivZvvPhvoC8NDFSA4gKs35n90lQEtqwhLFM3DrooFrkwGeI2iSG3xkKJ6YcqOm%2FSVLjCIKdr9kqtRNqFy83ZBM"}],"group":"cf-nel","max_age":604800}', 'NEL': '{"success_fraction":0,"report_to":"cf-nel","max_age":604800}', 'Server': 'cloudflare', 'CF-RAY': '8902a840ae1a7c61-LAX', 'alt-svc': 'h3=":443"; ma=86400'} 
 body={"results":[{"gender":"male","name":{"title":"Mr","first":"Warren","last":"Grant"},"location":{"street":{"number":1302,"name":"Grange Road"},"city":"Bray","state":"Cavan","country":"Ireland","postcode":72445,"coordinates":{"latitude":"0.5858","longitude":"-41.0735"},"timezone":{"offset":"-12:00","description":"Eniwetok, Kwajalein"}},"email":"warren.grant@example.com","login":{"uuid":"f502320b-5ad4-4a7d-a218-391f779b483a","username":"bigleopard292","password":"beast","salt":"uP1sOBYx","md5":"c84d1f139c4455f2bea8a9996c9f4a15","sha1":"7f9215e99e5504099e692776d05929a7fd1c988b","sha256":"e3eabe8d07291008da18e1cbfc1adb7928785dc326761de88bbc0b6c9db24e60"},"dob":{"date":"1978-11-02T18:46:53.052Z","age":45},"registered":{"date":"2004-09-24T20:21:11.557Z","age":19},"phone":"041-467-2526","cell":"081-479-5980","id":{"name":"PPS","value":"1885245T"},"picture":{"large":"https://randomuser.me/api/portraits/men/97.jpg","medium":"https://randomuser.me/api/portraits/med/men/97.jpg","thumbnail":"https://randomuser.me/api/portraits/thumb/men/97.jpg"},"nat":"IE"}],"info":{"seed":"9149066ea927c994","results":1,"page":1,"version":"1.4"}} 
 </msg>
<msg time="2024-06-07T18:20:37.980181" level="INFO">/opt/hostedtoolcache/Python/3.12.3/x64/lib/python3.12/site-packages/urllib3/connectionpool.py:1103: InsecureRequestWarning: Unverified HTTPS request is being made to host 'randomuser.me'. Adding certificate verification is strongly advised. See: https://urllib3.readthedocs.io/en/latest/advanced-usage.html#tls-warnings
  warnings.warn(</msg>
<msg time="2024-06-07T18:20:37.980336" level="INFO">${response} = &lt;Response [200]&gt;</msg>
<var>${response}</var>
<arg>consultarAPI</arg>
<arg>/api</arg>
<doc>Sends a GET request on a previously created HTTP Session.</doc>
<status status="PASS" start="2024-06-07T18:20:37.809191" elapsed="0.171197"/>
</kw>
<kw name="Should Be Equal As Numbers" owner="BuiltIn">
<msg time="2024-06-07T18:20:37.981565" level="INFO">Argument types are:
&lt;class 'int'&gt;
&lt;class 'str'&gt;</msg>
<arg>${response.status_code}</arg>
<arg>200</arg>
<doc>Fails if objects are unequal after converting them to real numbers.</doc>
<status status="PASS" start="2024-06-07T18:20:37.981085" elapsed="0.000548"/>
</kw>
<kw name="Log" owner="BuiltIn">
<msg time="2024-06-07T18:20:37.982348" level="INFO">200</msg>
<arg>${response.status_code}</arg>
<doc>Logs the given message with the given level.</doc>
<status status="PASS" start="2024-06-07T18:20:37.981992" elapsed="0.000403"/>
</kw>
<kw name="Set Variable" owner="BuiltIn">
<msg time="2024-06-07T18:20:37.983141" level="INFO">${json_data} = {'results': [{'gender': 'male', 'name': {'title': 'Mr', 'first': 'Warren', 'last': 'Grant'}, 'location': {'street': {'number': 1302, 'name': 'Grange Road'}, 'city': 'Bray', 'state': 'Cavan', 'country'...</msg>
<var>${json_data}</var>
<arg>${response.json()}</arg>
<doc>Returns the given values which can then be assigned to a variables.</doc>
<status status="PASS" start="2024-06-07T18:20:37.982701" elapsed="0.000468"/>
</kw>
<kw name="Dictionary Should Contain Key" owner="Collections">
<msg time="2024-06-07T18:20:37.983672" level="INFO">False</msg>
<arg>${json_data}</arg>
<arg>results</arg>
<doc>Fails if ``key`` is not found from ``dictionary``.</doc>
<status status="PASS" start="2024-06-07T18:20:37.983473" elapsed="0.000403"/>
</kw>
<status status="PASS" start="2024-06-07T18:20:37.808935" elapsed="0.175212"/>
</kw>
<doc>Testa se a API responde corretamente e retorna um objeto JSON válido.</doc>
<tag>testeRequisicaoBasica</tag>
<status status="PASS" start="2024-06-07T18:20:37.808444" elapsed="0.175884"/>
</test>
<test id="s1-s1-t3" name="Validar estrutura de resposta" line="22">
<kw name="Teste de Estrutura de Resposta" owner="random-user-service">
<kw name="GET On Session" owner="RequestsLibrary">
<msg time="2024-06-07T18:20:38.089067" level="INFO">GET Request : url=https://randomuser.me/api 
 path_url=/api 
 headers={'User-Agent': 'python-requests/2.32.3', 'Accept-Encoding': 'gzip, deflate', 'Accept': '*/*', 'Connection': 'keep-alive'} 
 body=None 
 </msg>
<msg time="2024-06-07T18:20:38.089178" level="INFO">GET Response : url=https://randomuser.me/api 
 status=200, reason=OK 
 headers={'Date': 'Fri, 07 Jun 2024 18:20:38 GMT', 'Content-Type': 'application/json; charset=utf-8', 'Transfer-Encoding': 'chunked', 'Connection': 'keep-alive', 'X-Powered-By': 'Express', 'Access-Control-Allow-Origin': '*', 'Cache-Control': 'no-cache', 'ETag': 'W/"489-semb8s2pJ+UKd0pkx3KzaBEZNQM"', 'Vary': 'Accept-Encoding', 'Content-Encoding': 'gzip', 'CF-Cache-Status': 'DYNAMIC', 'Report-To': '{"endpoints":[{"url":"https:\\/\\/a.nel.cloudflare.com\\/report\\/v4?s=tAhqLAgusq5KkWLRqfJm0aa4%2BbYQD9Mij7OlvYOAASeUsKjVGEflDcofO3CKkzIwl1aYMlWzAow1bJVaHC84KBAAyOWR6197Gs9Trvj0U%2BZPSQ2On37YtfiAFIza5O4x"}],"group":"cf-nel","max_age":604800}', 'NEL': '{"success_fraction":0,"report_to":"cf-nel","max_age":604800}', 'Server': 'cloudflare', 'CF-RAY': '8902a8417f2c7c61-LAX', 'alt-svc': 'h3=":443"; ma=86400'} 
 body={"results":[{"gender":"male","name":{"title":"Mr","first":"Dobrivoje","last":"Ivančević"},"location":{"street":{"number":5521,"name":"Klokotska"},"city":"Topola","state":"Pirot","country":"Serbia","postcode":75898,"coordinates":{"latitude":"58.3171","longitude":"-135.6952"},"timezone":{"offset":"-8:00","description":"Pacific Time (US &amp; Canada)"}},"email":"dobrivoje.ivancevic@example.com","login":{"uuid":"33285d8b-c759-449b-9931-1cab262eec12","username":"bluebutterfly186","password":"maurice","salt":"YDvJrLRY","md5":"bb4ebcfc70b2dcc90f548f82646e9a7c","sha1":"e5861c266ec19c0751469c3860b82fb0e6b8d8cc","sha256":"915c4044f07a23a5962ec00f7acb727b35452850bbe9d6cc7e7f1ae54ada2cd9"},"dob":{"date":"1989-12-25T04:51:52.230Z","age":34},"registered":{"date":"2015-12-02T00:10:23.448Z","age":8},"phone":"013-1997-010","cell":"061-4709-946","id":{"name":"SID","value":"717351765"},"picture":{"large":"https://randomuser.me/api/portraits/men/71.jpg","medium":"https://randomuser.me/api/portraits/med/men/71.jpg","thumbnail":"https://randomuser.me/api/portraits/thumb/men/71.jpg"},"nat":"RS"}],"info":{"seed":"f91675c0a677bd28","results":1,"page":1,"version":"1.4"}} 
 </msg>
<msg time="2024-06-07T18:20:38.089308" level="INFO">/opt/hostedtoolcache/Python/3.12.3/x64/lib/python3.12/site-packages/urllib3/connectionpool.py:1103: InsecureRequestWarning: Unverified HTTPS request is being made to host 'randomuser.me'. Adding certificate verification is strongly advised. See: https://urllib3.readthedocs.io/en/latest/advanced-usage.html#tls-warnings
  warnings.warn(</msg>
<msg time="2024-06-07T18:20:38.089450" level="INFO">${response} = &lt;Response [200]&gt;</msg>
<var>${response}</var>
<arg>consultarAPI</arg>
<arg>/api</arg>
<doc>Sends a GET request on a previously created HTTP Session.</doc>
<status status="PASS" start="2024-06-07T18:20:37.987190" elapsed="0.102300"/>
</kw>
<kw name="Set Variable" owner="BuiltIn">
<msg time="2024-06-07T18:20:38.090556" level="INFO">${json_data} = {'results': [{'gender': 'male', 'name': {'title': 'Mr', 'first': 'Dobrivoje', 'last': 'Ivančević'}, 'location': {'street': {'number': 5521, 'name': 'Klokotska'}, 'city': 'Topola', 'state': 'Pirot', 'c...</msg>
<var>${json_data}</var>
<arg>${response.json()}</arg>
<doc>Returns the given values which can then be assigned to a variables.</doc>
<status status="PASS" start="2024-06-07T18:20:38.089999" elapsed="0.000591"/>
</kw>
<kw name="Log" owner="BuiltIn">
<msg time="2024-06-07T18:20:38.091110" level="INFO">{'results': [{'gender': 'male', 'name': {'title': 'Mr', 'first': 'Dobrivoje', 'last': 'Ivančević'}, 'location': {'street': {'number': 5521, 'name': 'Klokotska'}, 'city': 'Topola', 'state': 'Pirot', 'country': 'Serbia', 'postcode': 75898, 'coordinates': {'latitude': '58.3171', 'longitude': '-135.6952'}, 'timezone': {'offset': '-8:00', 'description': 'Pacific Time (US &amp; Canada)'}}, 'email': 'dobrivoje.ivancevic@example.com', 'login': {'uuid': '33285d8b-c759-449b-9931-1cab262eec12', 'username': 'bluebutterfly186', 'password': 'maurice', 'salt': 'YDvJrLRY', 'md5': 'bb4ebcfc70b2dcc90f548f82646e9a7c', 'sha1': 'e5861c266ec19c0751469c3860b82fb0e6b8d8cc', 'sha256': '915c4044f07a23a5962ec00f7acb727b35452850bbe9d6cc7e7f1ae54ada2cd9'}, 'dob': {'date': '1989-12-25T04:51:52.230Z', 'age': 34}, 'registered': {'date': '2015-12-02T00:10:23.448Z', 'age': 8}, 'phone': '013-1997-010', 'cell': '061-4709-946', 'id': {'name': 'SID', 'value': '717351765'}, 'picture': {'large': 'https://randomuser.me/api/portraits/men/71.jpg', 'medium': 'https://randomuser.me/api/portraits/med/men/71.jpg', 'thumbnail': 'https://randomuser.me/api/portraits/thumb/men/71.jpg'}, 'nat': 'RS'}], 'info': {'seed': 'f91675c0a677bd28', 'results': 1, 'page': 1, 'version': '1.4'}}</msg>
<arg>${json_data}</arg>
<doc>Logs the given message with the given level.</doc>
<status status="PASS" start="2024-06-07T18:20:38.090935" elapsed="0.000228"/>
</kw>
<kw name="Dictionary Should Contain Key" owner="Collections">
<msg time="2024-06-07T18:20:38.091687" level="INFO">False</msg>
<arg>${json_data}</arg>
<arg>results</arg>
<doc>Fails if ``key`` is not found from ``dictionary``.</doc>
<status status="PASS" start="2024-06-07T18:20:38.091482" elapsed="0.000254"/>
</kw>
<kw name="Should Not Be Empty" owner="BuiltIn">
<msg time="2024-06-07T18:20:38.092190" level="INFO">Length is 2.</msg>
<arg>${json_data}</arg>
<doc>Verifies that the given item is not empty.</doc>
<status status="PASS" start="2024-06-07T18:20:38.092050" elapsed="0.000179"/>
</kw>
<kw name="Create List" owner="BuiltIn">
<msg time="2024-06-07T18:20:38.092680" level="INFO">${expected_keys} = ['gender', 'name', 'location', 'email', 'login']</msg>
<var>${expected_keys}</var>
<arg>gender</arg>
<arg>name</arg>
<arg>location</arg>
<arg>email</arg>
<arg>login</arg>
<doc>Returns a list containing given items.</doc>
<status status="PASS" start="2024-06-07T18:20:38.092528" elapsed="0.000176"/>
</kw>
<for flavor="IN">
<iter>
<kw name="Dictionary Should Contain Key" owner="Collections">
<msg time="2024-06-07T18:20:38.093718" level="INFO">False</msg>
<arg>${json_data['results'][0]}</arg>
<arg>${key}</arg>
<doc>Fails if ``key`` is not found from ``dictionary``.</doc>
<status status="PASS" start="2024-06-07T18:20:38.093296" elapsed="0.000466"/>
</kw>
<kw name="Log" owner="BuiltIn">
<msg time="2024-06-07T18:20:38.094436" level="INFO">{'gender': 'male', 'name': {'title': 'Mr', 'first': 'Dobrivoje', 'last': 'Ivančević'}, 'location': {'street': {'number': 5521, 'name': 'Klokotska'}, 'city': 'Topola', 'state': 'Pirot', 'country': 'Serbia', 'postcode': 75898, 'coordinates': {'latitude': '58.3171', 'longitude': '-135.6952'}, 'timezone': {'offset': '-8:00', 'description': 'Pacific Time (US &amp; Canada)'}}, 'email': 'dobrivoje.ivancevic@example.com', 'login': {'uuid': '33285d8b-c759-449b-9931-1cab262eec12', 'username': 'bluebutterfly186', 'password': 'maurice', 'salt': 'YDvJrLRY', 'md5': 'bb4ebcfc70b2dcc90f548f82646e9a7c', 'sha1': 'e5861c266ec19c0751469c3860b82fb0e6b8d8cc', 'sha256': '915c4044f07a23a5962ec00f7acb727b35452850bbe9d6cc7e7f1ae54ada2cd9'}, 'dob': {'date': '1989-12-25T04:51:52.230Z', 'age': 34}, 'registered': {'date': '2015-12-02T00:10:23.448Z', 'age': 8}, 'phone': '013-1997-010', 'cell': '061-4709-946', 'id': {'name': 'SID', 'value': '717351765'}, 'picture': {'large': 'https://randomuser.me/api/portraits/men/71.jpg', 'medium': 'https://randomuser.me/api/portraits/med/men/71.jpg', 'thumbnail': 'https://randomuser.me/api/portraits/thumb/men/71.jpg'}, 'nat': 'RS'}</msg>
<arg>${json_data['results'][0]}</arg>
<doc>Logs the given message with the given level.</doc>
<status status="PASS" start="2024-06-07T18:20:38.094067" elapsed="0.000424"/>
</kw>
<kw name="Log" owner="BuiltIn">
<msg time="2024-06-07T18:20:38.094929" level="INFO">gender</msg>
<arg>${key}</arg>
<doc>Logs the given message with the given level.</doc>
<status status="PASS" start="2024-06-07T18:20:38.094798" elapsed="0.000169"/>
</kw>
<var name="${key}">gender</var>
<status status="PASS" start="2024-06-07T18:20:38.093168" elapsed="0.002015"/>
</iter>
<iter>
<kw name="Dictionary Should Contain Key" owner="Collections">
<msg time="2024-06-07T18:20:38.095915" level="INFO">False</msg>
<arg>${json_data['results'][0]}</arg>
<arg>${key}</arg>
<doc>Fails if ``key`` is not found from ``dictionary``.</doc>
<status status="PASS" start="2024-06-07T18:20:38.095490" elapsed="0.000464"/>
</kw>
<kw name="Log" owner="BuiltIn">
<msg time="2024-06-07T18:20:38.096648" level="INFO">{'gender': 'male', 'name': {'title': 'Mr', 'first': 'Dobrivoje', 'last': 'Ivančević'}, 'location': {'street': {'number': 5521, 'name': 'Klokotska'}, 'city': 'Topola', 'state': 'Pirot', 'country': 'Serbia', 'postcode': 75898, 'coordinates': {'latitude': '58.3171', 'longitude': '-135.6952'}, 'timezone': {'offset': '-8:00', 'description': 'Pacific Time (US &amp; Canada)'}}, 'email': 'dobrivoje.ivancevic@example.com', 'login': {'uuid': '33285d8b-c759-449b-9931-1cab262eec12', 'username': 'bluebutterfly186', 'password': 'maurice', 'salt': 'YDvJrLRY', 'md5': 'bb4ebcfc70b2dcc90f548f82646e9a7c', 'sha1': 'e5861c266ec19c0751469c3860b82fb0e6b8d8cc', 'sha256': '915c4044f07a23a5962ec00f7acb727b35452850bbe9d6cc7e7f1ae54ada2cd9'}, 'dob': {'date': '1989-12-25T04:51:52.230Z', 'age': 34}, 'registered': {'date': '2015-12-02T00:10:23.448Z', 'age': 8}, 'phone': '013-1997-010', 'cell': '061-4709-946', 'id': {'name': 'SID', 'value': '717351765'}, 'picture': {'large': 'https://randomuser.me/api/portraits/men/71.jpg', 'medium': 'https://randomuser.me/api/portraits/med/men/71.jpg', 'thumbnail': 'https://randomuser.me/api/portraits/thumb/men/71.jpg'}, 'nat': 'RS'}</msg>
<arg>${json_data['results'][0]}</arg>
<doc>Logs the given message with the given level.</doc>
<status status="PASS" start="2024-06-07T18:20:38.096282" elapsed="0.000427"/>
</kw>
<kw name="Log" owner="BuiltIn">
<msg time="2024-06-07T18:20:38.097131" level="INFO">name</msg>
<arg>${key}</arg>
<doc>Logs the given message with the given level.</doc>
<status status="PASS" start="2024-06-07T18:20:38.097006" elapsed="0.000162"/>
</kw>
<var name="${key}">name</var>
<status status="PASS" start="2024-06-07T18:20:38.095372" elapsed="0.002013"/>
</iter>
<iter>
<kw name="Dictionary Should Contain Key" owner="Collections">
<msg time="2024-06-07T18:20:38.098063" level="INFO">False</msg>
<arg>${json_data['results'][0]}</arg>
<arg>${key}</arg>
<doc>Fails if ``key`` is not found from ``dictionary``.</doc>
<status status="PASS" start="2024-06-07T18:20:38.097674" elapsed="0.000426"/>
</kw>
<kw name="Log" owner="BuiltIn">
<msg time="2024-06-07T18:20:38.098770" level="INFO">{'gender': 'male', 'name': {'title': 'Mr', 'first': 'Dobrivoje', 'last': 'Ivančević'}, 'location': {'street': {'number': 5521, 'name': 'Klokotska'}, 'city': 'Topola', 'state': 'Pirot', 'country': 'Serbia', 'postcode': 75898, 'coordinates': {'latitude': '58.3171', 'longitude': '-135.6952'}, 'timezone': {'offset': '-8:00', 'description': 'Pacific Time (US &amp; Canada)'}}, 'email': 'dobrivoje.ivancevic@example.com', 'login': {'uuid': '33285d8b-c759-449b-9931-1cab262eec12', 'username': 'bluebutterfly186', 'password': 'maurice', 'salt': 'YDvJrLRY', 'md5': 'bb4ebcfc70b2dcc90f548f82646e9a7c', 'sha1': 'e5861c266ec19c0751469c3860b82fb0e6b8d8cc', 'sha256': '915c4044f07a23a5962ec00f7acb727b35452850bbe9d6cc7e7f1ae54ada2cd9'}, 'dob': {'date': '1989-12-25T04:51:52.230Z', 'age': 34}, 'registered': {'date': '2015-12-02T00:10:23.448Z', 'age': 8}, 'phone': '013-1997-010', 'cell': '061-4709-946', 'id': {'name': 'SID', 'value': '717351765'}, 'picture': {'large': 'https://randomuser.me/api/portraits/men/71.jpg', 'medium': 'https://randomuser.me/api/portraits/med/men/71.jpg', 'thumbnail': 'https://randomuser.me/api/portraits/thumb/men/71.jpg'}, 'nat': 'RS'}</msg>
<arg>${json_data['results'][0]}</arg>
<doc>Logs the given message with the given level.</doc>
<status status="PASS" start="2024-06-07T18:20:38.098401" elapsed="0.000421"/>
</kw>
<kw name="Log" owner="BuiltIn">
<msg time="2024-06-07T18:20:38.099249" level="INFO">location</msg>
<arg>${key}</arg>
<doc>Logs the given message with the given level.</doc>
<status status="PASS" start="2024-06-07T18:20:38.099125" elapsed="0.000161"/>
</kw>
<var name="${key}">location</var>
<status status="PASS" start="2024-06-07T18:20:38.097562" elapsed="0.001935"/>
</iter>
<iter>
<kw name="Dictionary Should Contain Key" owner="Collections">
<msg time="2024-06-07T18:20:38.100303" level="INFO">False</msg>
<arg>${json_data['results'][0]}</arg>
<arg>${key}</arg>
<doc>Fails if ``key`` is not found from ``dictionary``.</doc>
<status status="PASS" start="2024-06-07T18:20:38.099808" elapsed="0.000532"/>
</kw>
<kw name="Log" owner="BuiltIn">
<msg time="2024-06-07T18:20:38.100998" level="INFO">{'gender': 'male', 'name': {'title': 'Mr', 'first': 'Dobrivoje', 'last': 'Ivančević'}, 'location': {'street': {'number': 5521, 'name': 'Klokotska'}, 'city': 'Topola', 'state': 'Pirot', 'country': 'Serbia', 'postcode': 75898, 'coordinates': {'latitude': '58.3171', 'longitude': '-135.6952'}, 'timezone': {'offset': '-8:00', 'description': 'Pacific Time (US &amp; Canada)'}}, 'email': 'dobrivoje.ivancevic@example.com', 'login': {'uuid': '33285d8b-c759-449b-9931-1cab262eec12', 'username': 'bluebutterfly186', 'password': 'maurice', 'salt': 'YDvJrLRY', 'md5': 'bb4ebcfc70b2dcc90f548f82646e9a7c', 'sha1': 'e5861c266ec19c0751469c3860b82fb0e6b8d8cc', 'sha256': '915c4044f07a23a5962ec00f7acb727b35452850bbe9d6cc7e7f1ae54ada2cd9'}, 'dob': {'date': '1989-12-25T04:51:52.230Z', 'age': 34}, 'registered': {'date': '2015-12-02T00:10:23.448Z', 'age': 8}, 'phone': '013-1997-010', 'cell': '061-4709-946', 'id': {'name': 'SID', 'value': '717351765'}, 'picture': {'large': 'https://randomuser.me/api/portraits/men/71.jpg', 'medium': 'https://randomuser.me/api/portraits/med/men/71.jpg', 'thumbnail': 'https://randomuser.me/api/portraits/thumb/men/71.jpg'}, 'nat': 'RS'}</msg>
<arg>${json_data['results'][0]}</arg>
<doc>Logs the given message with the given level.</doc>
<status status="PASS" start="2024-06-07T18:20:38.100638" elapsed="0.000423"/>
</kw>
<kw name="Log" owner="BuiltIn">
<msg time="2024-06-07T18:20:38.101480" level="INFO">email</msg>
<arg>${key}</arg>
<doc>Logs the given message with the given level.</doc>
<status status="PASS" start="2024-06-07T18:20:38.101354" elapsed="0.000163"/>
</kw>
<var name="${key}">email</var>
<status status="PASS" start="2024-06-07T18:20:38.099695" elapsed="0.002037"/>
</iter>
<iter>
<kw name="Dictionary Should Contain Key" owner="Collections">
<msg time="2024-06-07T18:20:38.102395" level="INFO">False</msg>
<arg>${json_data['results'][0]}</arg>
<arg>${key}</arg>
<doc>Fails if ``key`` is not found from ``dictionary``.</doc>
<status status="PASS" start="2024-06-07T18:20:38.102017" elapsed="0.000416"/>
</kw>
<kw name="Log" owner="BuiltIn">
<msg time="2024-06-07T18:20:38.103088" level="INFO">{'gender': 'male', 'name': {'title': 'Mr', 'first': 'Dobrivoje', 'last': 'Ivančević'}, 'location': {'street': {'number': 5521, 'name': 'Klokotska'}, 'city': 'Topola', 'state': 'Pirot', 'country': 'Serbia', 'postcode': 75898, 'coordinates': {'latitude': '58.3171', 'longitude': '-135.6952'}, 'timezone': {'offset': '-8:00', 'description': 'Pacific Time (US &amp; Canada)'}}, 'email': 'dobrivoje.ivancevic@example.com', 'login': {'uuid': '33285d8b-c759-449b-9931-1cab262eec12', 'username': 'bluebutterfly186', 'password': 'maurice', 'salt': 'YDvJrLRY', 'md5': 'bb4ebcfc70b2dcc90f548f82646e9a7c', 'sha1': 'e5861c266ec19c0751469c3860b82fb0e6b8d8cc', 'sha256': '915c4044f07a23a5962ec00f7acb727b35452850bbe9d6cc7e7f1ae54ada2cd9'}, 'dob': {'date': '1989-12-25T04:51:52.230Z', 'age': 34}, 'registered': {'date': '2015-12-02T00:10:23.448Z', 'age': 8}, 'phone': '013-1997-010', 'cell': '061-4709-946', 'id': {'name': 'SID', 'value': '717351765'}, 'picture': {'large': 'https://randomuser.me/api/portraits/men/71.jpg', 'medium': 'https://randomuser.me/api/portraits/med/men/71.jpg', 'thumbnail': 'https://randomuser.me/api/portraits/thumb/men/71.jpg'}, 'nat': 'RS'}</msg>
<arg>${json_data['results'][0]}</arg>
<doc>Logs the given message with the given level.</doc>
<status status="PASS" start="2024-06-07T18:20:38.102726" elapsed="0.000413"/>
</kw>
<kw name="Log" owner="BuiltIn">
<msg time="2024-06-07T18:20:38.103568" level="INFO">login</msg>
<arg>${key}</arg>
<doc>Logs the given message with the given level.</doc>
<status status="PASS" start="2024-06-07T18:20:38.103439" elapsed="0.000167"/>
</kw>
<var name="${key}">login</var>
<status status="PASS" start="2024-06-07T18:20:38.101905" elapsed="0.001964"/>
</iter>
<var>${key}</var>
<value>@{expected_keys}</value>
<status status="PASS" start="2024-06-07T18:20:38.092971" elapsed="0.011022"/>
</for>
<kw name="Create List" owner="BuiltIn">
<msg time="2024-06-07T18:20:38.104329" level="INFO">${expected_keysTwo} = ['username', 'password']</msg>
<var>${expected_keysTwo}</var>
<arg>username</arg>
<arg>password</arg>
<doc>Returns a list containing given items.</doc>
<status status="PASS" start="2024-06-07T18:20:38.104193" elapsed="0.000160"/>
</kw>
<for flavor="IN">
<iter>
<kw name="Dictionary Should Contain Key" owner="Collections">
<msg time="2024-06-07T18:20:38.105229" level="INFO">False</msg>
<arg>${json_data['results'][0]['login']}</arg>
<arg>${keyTwo}</arg>
<doc>Fails if ``key`` is not found from ``dictionary``.</doc>
<status status="PASS" start="2024-06-07T18:20:38.104850" elapsed="0.000416"/>
</kw>
<kw name="Dictionary Should Contain Key" owner="Collections">
<msg time="2024-06-07T18:20:38.105930" level="INFO">False</msg>
<arg>${json_data['results'][0]['login']}</arg>
<arg>${keyTwo}</arg>
<doc>Fails if ``key`` is not found from ``dictionary``.</doc>
<status status="PASS" start="2024-06-07T18:20:38.105558" elapsed="0.000408"/>
</kw>
<kw name="Log" owner="BuiltIn">
<msg time="2024-06-07T18:20:38.106385" level="INFO">username</msg>
<arg>${keyTwo}</arg>
<doc>Logs the given message with the given level.</doc>
<status status="PASS" start="2024-06-07T18:20:38.106259" elapsed="0.000161"/>
</kw>
<var name="${keyTwo}">username</var>
<status status="PASS" start="2024-06-07T18:20:38.104742" elapsed="0.001888"/>
</iter>
<iter>
<kw name="Dictionary Should Contain Key" owner="Collections">
<msg time="2024-06-07T18:20:38.107286" level="INFO">False</msg>
<arg>${json_data['results'][0]['login']}</arg>
<arg>${keyTwo}</arg>
<doc>Fails if ``key`` is not found from ``dictionary``.</doc>
<status status="PASS" start="2024-06-07T18:20:38.106915" elapsed="0.000407"/>
</kw>
<kw name="Dictionary Should Contain Key" owner="Collections">
<msg time="2024-06-07T18:20:38.108026" level="INFO">False</msg>
<arg>${json_data['results'][0]['login']}</arg>
<arg>${keyTwo}</arg>
<doc>Fails if ``key`` is not found from ``dictionary``.</doc>
<status status="PASS" start="2024-06-07T18:20:38.107613" elapsed="0.000450"/>
</kw>
<kw name="Log" owner="BuiltIn">
<msg time="2024-06-07T18:20:38.108479" level="INFO">password</msg>
<arg>${keyTwo}</arg>
<doc>Logs the given message with the given level.</doc>
<status status="PASS" start="2024-06-07T18:20:38.108354" elapsed="0.000163"/>
</kw>
<var name="${keyTwo}">password</var>
<status status="PASS" start="2024-06-07T18:20:38.106800" elapsed="0.001939"/>
</iter>
<var>${keyTwo}</var>
<value>@{expected_keysTwo}</value>
<status status="PASS" start="2024-06-07T18:20:38.104590" elapsed="0.004267"/>
</for>
<status status="PASS" start="2024-06-07T18:20:37.986943" elapsed="0.122060"/>
</kw>
<doc>Testa a estrutura da resposta da API.</doc>
<tag>testeEstruturaResposta</tag>
<status status="PASS" start="2024-06-07T18:20:37.986415" elapsed="0.122746"/>
</test>
<test id="s1-s1-t4" name="Validar tipos de dados" line="28">
<kw name="Teste de Tipos de Dados" owner="random-user-service">
<kw name="GET On Session" owner="RequestsLibrary">
<msg time="2024-06-07T18:20:38.216801" level="INFO">GET Request : url=https://randomuser.me/api 
 path_url=/api 
 headers={'User-Agent': 'python-requests/2.32.3', 'Accept-Encoding': 'gzip, deflate', 'Accept': '*/*', 'Connection': 'keep-alive'} 
 body=None 
 </msg>
<msg time="2024-06-07T18:20:38.216914" level="INFO">GET Response : url=https://randomuser.me/api 
 status=200, reason=OK 
 headers={'Date': 'Fri, 07 Jun 2024 18:20:38 GMT', 'Content-Type': 'application/json; charset=utf-8', 'Transfer-Encoding': 'chunked', 'Connection': 'keep-alive', 'X-Powered-By': 'Express', 'Access-Control-Allow-Origin': '*', 'Cache-Control': 'no-cache', 'ETag': 'W/"487-ThH2UyooRRzzL14xrDjaXVDtMsQ"', 'Vary': 'Accept-Encoding', 'Content-Encoding': 'gzip', 'CF-Cache-Status': 'DYNAMIC', 'Report-To': '{"endpoints":[{"url":"https:\\/\\/a.nel.cloudflare.com\\/report\\/v4?s=a0oRdvFSW66ZOZ%2FqtRDF2BtOAGNdwOjxv2Hw0slOkpKqNN%2BXd2olSHDGpNxBw2BQfTEJO79bkbWZCfQvG4MxA4cvHN3fqxrhNFqY1iKhTbRL06956ZPs0fXPXg90TSI2"}],"group":"cf-nel","max_age":604800}', 'NEL': '{"success_fraction":0,"report_to":"cf-nel","max_age":604800}', 'Server': 'cloudflare', 'CF-RAY': '8902a84238387c61-LAX', 'alt-svc': 'h3=":443"; ma=86400'} 
 body={"results":[{"gender":"female","name":{"title":"Miss","first":"Johanne","last":"Larsen"},"location":{"street":{"number":944,"name":"Baunebjergvej"},"city":"Assens","state":"Midtjylland","country":"Denmark","postcode":16790,"coordinates":{"latitude":"-44.2370","longitude":"92.8054"},"timezone":{"offset":"-8:00","description":"Pacific Time (US &amp; Canada)"}},"email":"johanne.larsen@example.com","login":{"uuid":"67021016-182d-450a-b6d8-771db1707f95","username":"orangekoala513","password":"sprite","salt":"IlYvcPSy","md5":"882a6ee1ec88167286f15fd179c990b7","sha1":"f09ee356d6bfe5c2a305b0bbb1ca9f7c040a6c33","sha256":"5e3ed2d8001a954df62bbfa163c022d7ab882688560692fa9f9aeaa41d8919db"},"dob":{"date":"1950-09-06T02:00:20.365Z","age":73},"registered":{"date":"2018-08-30T02:35:50.699Z","age":5},"phone":"04049533","cell":"84599379","id":{"name":"CPR","value":"050950-3101"},"picture":{"large":"https://randomuser.me/api/portraits/women/72.jpg","medium":"https://randomuser.me/api/portraits/med/women/72.jpg","thumbnail":"https://randomuser.me/api/portraits/thumb/women/72.jpg"},"nat":"DK"}],"info":{"seed":"32ccb8eec86625f7","results":1,"page":1,"version":"1.4"}} 
 </msg>
<msg time="2024-06-07T18:20:38.216999" level="INFO">/opt/hostedtoolcache/Python/3.12.3/x64/lib/python3.12/site-packages/urllib3/connectionpool.py:1103: InsecureRequestWarning: Unverified HTTPS request is being made to host 'randomuser.me'. Adding certificate verification is strongly advised. See: https://urllib3.readthedocs.io/en/latest/advanced-usage.html#tls-warnings
  warnings.warn(</msg>
<msg time="2024-06-07T18:20:38.217142" level="INFO">${response} = &lt;Response [200]&gt;</msg>
<var>${response}</var>
<arg>consultarAPI</arg>
<arg>/api</arg>
<doc>Sends a GET request on a previously created HTTP Session.</doc>
<status status="PASS" start="2024-06-07T18:20:38.111701" elapsed="0.105491"/>
</kw>
<kw name="Set Variable" owner="BuiltIn">
<msg time="2024-06-07T18:20:38.218281" level="INFO">${json_data} = {'results': [{'gender': 'female', 'name': {'title': 'Miss', 'first': 'Johanne', 'last': 'Larsen'}, 'location': {'street': {'number': 944, 'name': 'Baunebjergvej'}, 'city': 'Assens', 'state': 'Midtjyll...</msg>
<var>${json_data}</var>
<arg>${response.json()}</arg>
<doc>Returns the given values which can then be assigned to a variables.</doc>
<status status="PASS" start="2024-06-07T18:20:38.217753" elapsed="0.000559"/>
</kw>
<kw name="Log" owner="BuiltIn">
<msg time="2024-06-07T18:20:38.218784" level="INFO">{'results': [{'gender': 'female', 'name': {'title': 'Miss', 'first': 'Johanne', 'last': 'Larsen'}, 'location': {'street': {'number': 944, 'name': 'Baunebjergvej'}, 'city': 'Assens', 'state': 'Midtjylland', 'country': 'Denmark', 'postcode': 16790, 'coordinates': {'latitude': '-44.2370', 'longitude': '92.8054'}, 'timezone': {'offset': '-8:00', 'description': 'Pacific Time (US &amp; Canada)'}}, 'email': 'johanne.larsen@example.com', 'login': {'uuid': '67021016-182d-450a-b6d8-771db1707f95', 'username': 'orangekoala513', 'password': 'sprite', 'salt': 'IlYvcPSy', 'md5': '882a6ee1ec88167286f15fd179c990b7', 'sha1': 'f09ee356d6bfe5c2a305b0bbb1ca9f7c040a6c33', 'sha256': '5e3ed2d8001a954df62bbfa163c022d7ab882688560692fa9f9aeaa41d8919db'}, 'dob': {'date': '1950-09-06T02:00:20.365Z', 'age': 73}, 'registered': {'date': '2018-08-30T02:35:50.699Z', 'age': 5}, 'phone': '04049533', 'cell': '84599379', 'id': {'name': 'CPR', 'value': '050950-3101'}, 'picture': {'large': 'https://randomuser.me/api/portraits/women/72.jpg', 'medium': 'https://randomuser.me/api/portraits/med/women/72.jpg', 'thumbnail': 'https://randomuser.me/api/portraits/thumb/women/72.jpg'}, 'nat': 'DK'}], 'info': {'seed': '32ccb8eec86625f7', 'results': 1, 'page': 1, 'version': '1.4'}}</msg>
<arg>${json_data}</arg>
<doc>Logs the given message with the given level.</doc>
<status status="PASS" start="2024-06-07T18:20:38.218626" elapsed="0.000243"/>
</kw>
<kw name="Should Be String" owner="String">
<arg>${json_data['results'][0]['gender']}</arg>
<doc>Fails if the given ``item`` is not a string.</doc>
<status status="PASS" start="2024-06-07T18:20:38.219171" elapsed="0.000367"/>
</kw>
<kw name="Should Match Regexp" owner="BuiltIn">
<arg>${json_data['results'][0]['email']}</arg>
<arg>^[a-zA-Z0-9._%+-]+@[a-zA-Z0-9.-]+\.[a-zA-Z]{2,}$</arg>
<doc>Fails if ``string`` does not match ``pattern`` as a regular expression.</doc>
<status status="PASS" start="2024-06-07T18:20:38.219776" elapsed="0.000678"/>
</kw>
<kw name="Should Match Regexp" owner="BuiltIn">
<arg>${json_data['results'][0]['dob']['date']}</arg>
<arg>\\d{4}-\\d{2}-\\d{2}T\\d{2}:\\d{2}:\\d{2}\\.\\d{3}Z</arg>
<doc>Fails if ``string`` does not match ``pattern`` as a regular expression.</doc>
<status status="PASS" start="2024-06-07T18:20:38.220653" elapsed="0.000494"/>
</kw>
<kw name="Should Match Regexp" owner="BuiltIn">
<arg>${json_data['results'][0]['registered']['date']}</arg>
<arg>\\d{4}-\\d{2}-\\d{2}T\\d{2}:\\d{2}:\\d{2}\\.\\d{3}Z</arg>
<doc>Fails if ``string`` does not match ``pattern`` as a regular expression.</doc>
<status status="PASS" start="2024-06-07T18:20:38.221342" elapsed="0.000364"/>
</kw>
<kw name="Should Match Regexp" owner="BuiltIn">
<arg>${json_data['results'][0]['picture']['large']}</arg>
<arg>^https?://.*\.(?:png|jpe?g|gif|bmp)$</arg>
<doc>Fails if ``string`` does not match ``pattern`` as a regular expression.</doc>
<status status="PASS" start="2024-06-07T18:20:38.221895" elapsed="0.000458"/>
</kw>
<kw name="Should Match Regexp" owner="BuiltIn">
<arg>${json_data['results'][0]['picture']['medium']}</arg>
<arg>^https?://.*\.(?:png|jpe?g|gif|bmp)$</arg>
<doc>Fails if ``string`` does not match ``pattern`` as a regular expression.</doc>
<status status="PASS" start="2024-06-07T18:20:38.222543" elapsed="0.000350"/>
</kw>
<kw name="Should Match Regexp" owner="BuiltIn">
<arg>${json_data['results'][0]['picture']['thumbnail']}</arg>
<arg>^https?://.*\.(?:png|jpe?g|gif|bmp)$</arg>
<doc>Fails if ``string`` does not match ``pattern`` as a regular expression.</doc>
<status status="PASS" start="2024-06-07T18:20:38.223079" elapsed="0.000345"/>
</kw>
<kw name="Log" owner="BuiltIn">
<msg time="2024-06-07T18:20:38.223962" level="INFO">{'large': 'https://randomuser.me/api/portraits/women/72.jpg', 'medium': 'https://randomuser.me/api/portraits/med/women/72.jpg', 'thumbnail': 'https://randomuser.me/api/portraits/thumb/women/72.jpg'}</msg>
<arg>${json_data['results'][0]['picture']}</arg>
<doc>Logs the given message with the given level.</doc>
<status status="PASS" start="2024-06-07T18:20:38.223606" elapsed="0.000397"/>
</kw>
<status status="PASS" start="2024-06-07T18:20:38.111433" elapsed="0.112826"/>
</kw>
<kw name="Teste de Tipos de Dados - Postcode" owner="random-user-service">
<kw name="GET On Session" owner="RequestsLibrary">
<msg time="2024-06-07T18:20:38.321416" level="INFO">GET Request : url=https://randomuser.me/api 
 path_url=/api 
 headers={'User-Agent': 'python-requests/2.32.3', 'Accept-Encoding': 'gzip, deflate', 'Accept': '*/*', 'Connection': 'keep-alive'} 
 body=None 
 </msg>
<msg time="2024-06-07T18:20:38.321496" level="INFO">GET Response : url=https://randomuser.me/api 
 status=200, reason=OK 
 headers={'Date': 'Fri, 07 Jun 2024 18:20:38 GMT', 'Content-Type': 'application/json; charset=utf-8', 'Transfer-Encoding': 'chunked', 'Connection': 'keep-alive', 'X-Powered-By': 'Express', 'Access-Control-Allow-Origin': '*', 'Cache-Control': 'no-cache', 'ETag': 'W/"4a4-Pb345lG9J0AUxxGqy0we7nuxzpU"', 'Vary': 'Accept-Encoding', 'Content-Encoding': 'gzip', 'CF-Cache-Status': 'DYNAMIC', 'Report-To': '{"endpoints":[{"url":"https:\\/\\/a.nel.cloudflare.com\\/report\\/v4?s=yHl%2BPajU2%2B%2BFjtid2euav0SjdnUCtVCizTElHBSKNqA6dEWHrAkUNunLq7Cr8IgesYj5iwY2sWWIY3nI3%2BcrVDVR0KdwELhBbprfvlSANMOOs153HvbMhQGbZ9BHJweK"}],"group":"cf-nel","max_age":604800}', 'NEL': '{"success_fraction":0,"report_to":"cf-nel","max_age":604800}', 'Server': 'cloudflare', 'CF-RAY': '8902a842e91b7c61-LAX', 'alt-svc': 'h3=":443"; ma=86400'} 
 body={"results":[{"gender":"male","name":{"title":"Mr","first":"Vedant","last":"Prabhakaran"},"location":{"street":{"number":8978,"name":"Shanmugham Rd"},"city":"Karawal Nagar","state":"Chandigarh","country":"India","postcode":36449,"coordinates":{"latitude":"10.2022","longitude":"-88.0200"},"timezone":{"offset":"0:00","description":"Western Europe Time, London, Lisbon, Casablanca"}},"email":"vedant.prabhakaran@example.com","login":{"uuid":"fa7ed724-1734-46e0-a5f5-fb7640018eb1","username":"yellowfrog986","password":"earth","salt":"eBnqA6dO","md5":"f8b229655d984ef8aed0f6dfecd54cd7","sha1":"44fe124f0fe3075bace0e3daa0f1ed8fc1a1f856","sha256":"15b3a7215772e4269ebc5bb9bc081a424b8a42e0d2b0a34617da962bf869ea71"},"dob":{"date":"1985-01-26T09:25:20.561Z","age":39},"registered":{"date":"2012-03-04T06:09:42.584Z","age":12},"phone":"7000597178","cell":"7259675297","id":{"name":"UIDAI","value":"188761693055"},"picture":{"large":"https://randomuser.me/api/portraits/men/39.jpg","medium":"https://randomuser.me/api/portraits/med/men/39.jpg","thumbnail":"https://randomuser.me/api/portraits/thumb/men/39.jpg"},"nat":"IN"}],"info":{"seed":"54edb8e33f9950ee","results":1,"page":1,"version":"1.4"}} 
 </msg>
<msg time="2024-06-07T18:20:38.321562" level="INFO">/opt/hostedtoolcache/Python/3.12.3/x64/lib/python3.12/site-packages/urllib3/connectionpool.py:1103: InsecureRequestWarning: Unverified HTTPS request is being made to host 'randomuser.me'. Adding certificate verification is strongly advised. See: https://urllib3.readthedocs.io/en/latest/advanced-usage.html#tls-warnings
  warnings.warn(</msg>
<msg time="2024-06-07T18:20:38.321670" level="INFO">${response} = &lt;Response [200]&gt;</msg>
<var>${response}</var>
<arg>consultarAPI</arg>
<arg>/api</arg>
<doc>Sends a GET request on a previously created HTTP Session.</doc>
<status status="PASS" start="2024-06-07T18:20:38.224715" elapsed="0.096994"/>
</kw>
<kw name="Set Variable" owner="BuiltIn">
<msg time="2024-06-07T18:20:38.322654" level="INFO">${json_data} = {'results': [{'gender': 'male', 'name': {'title': 'Mr', 'first': 'Vedant', 'last': 'Prabhakaran'}, 'location': {'street': {'number': 8978, 'name': 'Shanmugham Rd'}, 'city': 'Karawal Nagar', 'state': '...</msg>
<var>${json_data}</var>
<arg>${response.json()}</arg>
<doc>Returns the given values which can then be assigned to a variables.</doc>
<status status="PASS" start="2024-06-07T18:20:38.322160" elapsed="0.000524"/>
</kw>
<kw name="Log" owner="BuiltIn">
<msg time="2024-06-07T18:20:38.323189" level="INFO">{'results': [{'gender': 'male', 'name': {'title': 'Mr', 'first': 'Vedant', 'last': 'Prabhakaran'}, 'location': {'street': {'number': 8978, 'name': 'Shanmugham Rd'}, 'city': 'Karawal Nagar', 'state': 'Chandigarh', 'country': 'India', 'postcode': 36449, 'coordinates': {'latitude': '10.2022', 'longitude': '-88.0200'}, 'timezone': {'offset': '0:00', 'description': 'Western Europe Time, London, Lisbon, Casablanca'}}, 'email': 'vedant.prabhakaran@example.com', 'login': {'uuid': 'fa7ed724-1734-46e0-a5f5-fb7640018eb1', 'username': 'yellowfrog986', 'password': 'earth', 'salt': 'eBnqA6dO', 'md5': 'f8b229655d984ef8aed0f6dfecd54cd7', 'sha1': '44fe124f0fe3075bace0e3daa0f1ed8fc1a1f856', 'sha256': '15b3a7215772e4269ebc5bb9bc081a424b8a42e0d2b0a34617da962bf869ea71'}, 'dob': {'date': '1985-01-26T09:25:20.561Z', 'age': 39}, 'registered': {'date': '2012-03-04T06:09:42.584Z', 'age': 12}, 'phone': '7000597178', 'cell': '7259675297', 'id': {'name': 'UIDAI', 'value': '188761693055'}, 'picture': {'large': 'https://randomuser.me/api/portraits/men/39.jpg', 'medium': 'https://randomuser.me/api/portraits/med/men/39.jpg', 'thumbnail': 'https://randomuser.me/api/portraits/thumb/men/39.jpg'}, 'nat': 'IN'}], 'info': {'seed': '54edb8e33f9950ee', 'results': 1, 'page': 1, 'version': '1.4'}}</msg>
<arg>${json_data}</arg>
<doc>Logs the given message with the given level.</doc>
<status status="PASS" start="2024-06-07T18:20:38.323026" elapsed="0.000249"/>
</kw>
<kw name="Should Be Equal As Numbers" owner="BuiltIn">
<arg>${json_data['results'][0]['location']['postcode']}</arg>
<arg>${json_data['results'][0]['location']['postcode']}</arg>
<doc>Fails if objects are unequal after converting them to real numbers.</doc>
<status status="PASS" start="2024-06-07T18:20:38.323584" elapsed="0.000665"/>
</kw>
<kw name="Log" owner="BuiltIn">
<msg time="2024-06-07T18:20:38.324785" level="INFO">36449</msg>
<arg>${json_data['results'][0]['location']['postcode']}</arg>
<doc>Logs the given message with the given level.</doc>
<status status="PASS" start="2024-06-07T18:20:38.324446" elapsed="0.000381"/>
</kw>
<status status="PASS" start="2024-06-07T18:20:38.224483" elapsed="0.100601"/>
</kw>
<doc>Testa se os tipos de dados na resposta da API estão corretos.</doc>
<tag>testeTiposDados</tag>
<status status="PASS" start="2024-06-07T18:20:38.110946" elapsed="0.214309"/>
</test>
<test id="s1-s1-t5" name="Validar conteudo" line="35">
<kw name="Teste de Tipos de Conteudo" owner="random-user-service">
<kw name="GET On Session" owner="RequestsLibrary">
<msg time="2024-06-07T18:20:38.429195" level="INFO">GET Request : url=https://randomuser.me/api 
 path_url=/api 
 headers={'User-Agent': 'python-requests/2.32.3', 'Accept-Encoding': 'gzip, deflate', 'Accept': '*/*', 'Connection': 'keep-alive'} 
 body=None 
 </msg>
<msg time="2024-06-07T18:20:38.429326" level="INFO">GET Response : url=https://randomuser.me/api 
 status=200, reason=OK 
 headers={'Date': 'Fri, 07 Jun 2024 18:20:38 GMT', 'Content-Type': 'application/json; charset=utf-8', 'Transfer-Encoding': 'chunked', 'Connection': 'keep-alive', 'X-Powered-By': 'Express', 'Access-Control-Allow-Origin': '*', 'Cache-Control': 'no-cache', 'ETag': 'W/"479-Lzbj/c91GRRL/HUzcFI1M/ag548"', 'Vary': 'Accept-Encoding', 'Content-Encoding': 'gzip', 'CF-Cache-Status': 'DYNAMIC', 'Report-To': '{"endpoints":[{"url":"https:\\/\\/a.nel.cloudflare.com\\/report\\/v4?s=hepImvZ%2FpVDw%2BZbVDKAtMa4v8%2FKDPzibQ8raSuc0Y0wv%2FITi%2FLF%2F12l5VgAx3zIrebny%2Fw9R1Iygl92Xjh4lIViL7qS2nhdUB8hZQe%2F4VTiq2ti%2BrE9Ds%2BD3e00W0%2FqA"}],"group":"cf-nel","max_age":604800}', 'NEL': '{"success_fraction":0,"report_to":"cf-nel","max_age":604800}', 'Server': 'cloudflare', 'CF-RAY': '8902a84399d77c61-LAX', 'alt-svc': 'h3=":443"; ma=86400'} 
 body={"results":[{"gender":"male","name":{"title":"Mr","first":"Clayton","last":"Sullivan"},"location":{"street":{"number":8293,"name":"Samaritan Dr"},"city":"Shelby","state":"Kansas","country":"United States","postcode":95827,"coordinates":{"latitude":"88.8837","longitude":"-143.1790"},"timezone":{"offset":"-10:00","description":"Hawaii"}},"email":"clayton.sullivan@example.com","login":{"uuid":"2e1dbd4f-f6bd-4b1d-bf7b-d5ea65df37c2","username":"lazypanda883","password":"world","salt":"7yR1Ug10","md5":"9430a704949acbdb141860dc390866d2","sha1":"2a8dad39980eb2ece55649c8cf4a3854f3f43491","sha256":"264ee70d3a6756cd1fe48818603410d8ed9d98b51c533daf193670ca8f40a081"},"dob":{"date":"1962-05-29T19:38:03.532Z","age":62},"registered":{"date":"2020-09-26T18:38:36.443Z","age":3},"phone":"(538) 924-7140","cell":"(485) 833-8571","id":{"name":"SSN","value":"294-19-0790"},"picture":{"large":"https://randomuser.me/api/portraits/men/67.jpg","medium":"https://randomuser.me/api/portraits/med/men/67.jpg","thumbnail":"https://randomuser.me/api/portraits/thumb/men/67.jpg"},"nat":"US"}],"info":{"seed":"76a187c8df30c701","results":1,"page":1,"version":"1.4"}} 
 </msg>
<msg time="2024-06-07T18:20:38.429426" level="INFO">/opt/hostedtoolcache/Python/3.12.3/x64/lib/python3.12/site-packages/urllib3/connectionpool.py:1103: InsecureRequestWarning: Unverified HTTPS request is being made to host 'randomuser.me'. Adding certificate verification is strongly advised. See: https://urllib3.readthedocs.io/en/latest/advanced-usage.html#tls-warnings
  warnings.warn(</msg>
<msg time="2024-06-07T18:20:38.429588" level="INFO">${response} = &lt;Response [200]&gt;</msg>
<var>${response}</var>
<arg>consultarAPI</arg>
<arg>/api</arg>
<doc>Sends a GET request on a previously created HTTP Session.</doc>
<status status="PASS" start="2024-06-07T18:20:38.328211" elapsed="0.101418"/>
</kw>
<kw name="Set Variable" owner="BuiltIn">
<msg time="2024-06-07T18:20:38.430702" level="INFO">${json_data} = {'results': [{'gender': 'male', 'name': {'title': 'Mr', 'first': 'Clayton', 'last': 'Sullivan'}, 'location': {'street': {'number': 8293, 'name': 'Samaritan Dr'}, 'city': 'Shelby', 'state': 'Kansas', '...</msg>
<var>${json_data}</var>
<arg>${response.json()}</arg>
<doc>Returns the given values which can then be assigned to a variables.</doc>
<status status="PASS" start="2024-06-07T18:20:38.430191" elapsed="0.000540"/>
</kw>
<kw name="Set Variable" owner="BuiltIn">
<msg time="2024-06-07T18:20:38.431448" level="INFO">${name_title} = Mr</msg>
<var>${name_title}</var>
<arg>${json_data["results"][0]["name"]["title"]}</arg>
<doc>Returns the given values which can then be assigned to a variables.</doc>
<status status="PASS" start="2024-06-07T18:20:38.431044" elapsed="0.000439"/>
</kw>
<kw name="Create List" owner="BuiltIn">
<msg time="2024-06-07T18:20:38.431992" level="INFO">${allowed_titles} = ['Mr', 'Ms', 'Miss', 'Mrs', 'Madame', 'Monsieur']</msg>
<var>${allowed_titles}</var>
<arg>Mr</arg>
<arg>Ms</arg>
<arg>Miss</arg>
<arg>Mrs</arg>
<arg>Madame</arg>
<arg>Monsieur</arg>
<doc>Returns a list containing given items.</doc>
<status status="PASS" start="2024-06-07T18:20:38.431827" elapsed="0.000190"/>
</kw>
<kw name="List Should Contain Value" owner="Collections">
<msg time="2024-06-07T18:20:38.432552" level="INFO">False</msg>
<arg>${allowed_titles}</arg>
<arg>${name_title}</arg>
<doc>Fails if the ``value`` is not found from ``list``.</doc>
<status status="PASS" start="2024-06-07T18:20:38.432372" elapsed="0.000219"/>
</kw>
<kw name="Set Variable" owner="BuiltIn">
<msg time="2024-06-07T18:20:38.433497" level="INFO">${name_country} = US</msg>
<var>${name_country}</var>
<arg>${json_data["results"][0]["nat"]}</arg>
<doc>Returns the given values which can then be assigned to a variables.</doc>
<status status="PASS" start="2024-06-07T18:20:38.432919" elapsed="0.000605"/>
</kw>
<kw name="Create List" owner="BuiltIn">
<msg time="2024-06-07T18:20:38.434451" level="INFO">${list_country} = ['AD', 'AE', 'AF', 'AG', 'AI', 'AL', 'AM', 'AO', 'AQ', 'AR', 'AS', 'AT', 'AU', 'AW', 'AX', 'AZ', 'BA', 'BB', 'BD', 'BE', 'BF', 'BG', 'BH', 'BI', 'BJ', 'BL', 'BM', 'BN', 'BO', 'BQ', 'BR', 'BS', 'BT', '...</msg>
<var>${list_country}</var>
<arg>AD</arg>
<arg>AE</arg>
<arg>AF</arg>
<arg>AG</arg>
<arg>AI</arg>
<arg>AL</arg>
<arg>AM</arg>
<arg>AO</arg>
<arg>AQ</arg>
<arg>AR</arg>
<arg>AS</arg>
<arg>AT</arg>
<arg>AU</arg>
<arg>AW</arg>
<arg>AX</arg>
<arg>AZ</arg>
<arg>BA</arg>
<arg>BB</arg>
<arg>BD</arg>
<arg>BE</arg>
<arg>BF</arg>
<arg>BG</arg>
<arg>BH</arg>
<arg>BI</arg>
<arg>BJ</arg>
<arg>BL</arg>
<arg>BM</arg>
<arg>BN</arg>
<arg>BO</arg>
<arg>BQ</arg>
<arg>BR</arg>
<arg>BS</arg>
<arg>BT</arg>
<arg>BV</arg>
<arg>BW</arg>
<arg>BY</arg>
<arg>BZ</arg>
<arg>CA</arg>
<arg>CC</arg>
<arg>CD</arg>
<arg>CF</arg>
<arg>CG</arg>
<arg>CH</arg>
<arg>CI</arg>
<arg>CK</arg>
<arg>CL</arg>
<arg>CM</arg>
<arg>CN</arg>
<arg>CO</arg>
<arg>CR</arg>
<arg>CU</arg>
<arg>CV</arg>
<arg>CW</arg>
<arg>CX</arg>
<arg>CY</arg>
<arg>CZ</arg>
<arg>DE</arg>
<arg>DJ</arg>
<arg>DK</arg>
<arg>DM</arg>
<arg>DO</arg>
<arg>DZ</arg>
<arg>EC</arg>
<arg>EE</arg>
<arg>EG</arg>
<arg>EH</arg>
<arg>ER</arg>
<arg>ES</arg>
<arg>ET</arg>
<arg>FI</arg>
<arg>FJ</arg>
<arg>FK</arg>
<arg>FM</arg>
<arg>FO</arg>
<arg>FR</arg>
<arg>GA</arg>
<arg>GB</arg>
<arg>GD</arg>
<arg>GE</arg>
<arg>GF</arg>
<arg>GG</arg>
<arg>GH</arg>
<arg>GI</arg>
<arg>GL</arg>
<arg>GM</arg>
<arg>GN</arg>
<arg>GP</arg>
<arg>GQ</arg>
<arg>GR</arg>
<arg>GS</arg>
<arg>GT</arg>
<arg>GU</arg>
<arg>GW</arg>
<arg>GY</arg>
<arg>HK</arg>
<arg>HM</arg>
<arg>HN</arg>
<arg>HR</arg>
<arg>HT</arg>
<arg>HU</arg>
<arg>ID</arg>
<arg>IE</arg>
<arg>IL</arg>
<arg>IM</arg>
<arg>IN</arg>
<arg>IO</arg>
<arg>IQ</arg>
<arg>IR</arg>
<arg>IS</arg>
<arg>IT</arg>
<arg>JE</arg>
<arg>JM</arg>
<arg>JO</arg>
<arg>JP</arg>
<arg>KE</arg>
<arg>KG</arg>
<arg>KH</arg>
<arg>KI</arg>
<arg>KM</arg>
<arg>KN</arg>
<arg>KP</arg>
<arg>KR</arg>
<arg>KW</arg>
<arg>KY</arg>
<arg>KZ</arg>
<arg>LA</arg>
<arg>LB</arg>
<arg>LC</arg>
<arg>LI</arg>
<arg>LK</arg>
<arg>LR</arg>
<arg>LS</arg>
<arg>LT</arg>
<arg>LU</arg>
<arg>LV</arg>
<arg>LY</arg>
<arg>MA</arg>
<arg>MC</arg>
<arg>MD</arg>
<arg>ME</arg>
<arg>MF</arg>
<arg>MG</arg>
<arg>MH</arg>
<arg>MK</arg>
<arg>ML</arg>
<arg>MM</arg>
<arg>MN</arg>
<arg>MO</arg>
<arg>MP</arg>
<arg>MQ</arg>
<arg>MR</arg>
<arg>MS</arg>
<arg>MT</arg>
<arg>MU</arg>
<arg>MV</arg>
<arg>MW</arg>
<arg>MX</arg>
<arg>MY</arg>
<arg>MZ</arg>
<arg>NA</arg>
<arg>NC</arg>
<arg>NE</arg>
<arg>NF</arg>
<arg>NG</arg>
<arg>NI</arg>
<arg>NL</arg>
<arg>NO</arg>
<arg>NP</arg>
<arg>NR</arg>
<arg>NU</arg>
<arg>NZ</arg>
<arg>OM</arg>
<arg>PA</arg>
<arg>PE</arg>
<arg>PF</arg>
<arg>PG</arg>
<arg>PH</arg>
<arg>PK</arg>
<arg>PL</arg>
<arg>PM</arg>
<arg>PN</arg>
<arg>PR</arg>
<arg>PS</arg>
<arg>PT</arg>
<arg>PW</arg>
<arg>PY</arg>
<arg>QA</arg>
<arg>RE</arg>
<arg>RO</arg>
<arg>RS</arg>
<arg>RU</arg>
<arg>RW</arg>
<arg>SA</arg>
<arg>SB</arg>
<arg>SC</arg>
<arg>SD</arg>
<arg>SE</arg>
<arg>SG</arg>
<arg>SH</arg>
<arg>SI</arg>
<arg>SJ</arg>
<arg>SK</arg>
<arg>SL</arg>
<arg>SM</arg>
<arg>SN</arg>
<arg>SO</arg>
<arg>SR</arg>
<arg>SS</arg>
<arg>ST</arg>
<arg>SV</arg>
<arg>SX</arg>
<arg>SY</arg>
<arg>SZ</arg>
<arg>TC</arg>
<arg>TD</arg>
<arg>TF</arg>
<arg>TG</arg>
<arg>TH</arg>
<arg>TJ</arg>
<arg>TK</arg>
<arg>TL</arg>
<arg>TM</arg>
<arg>TN</arg>
<arg>TO</arg>
<arg>TR</arg>
<arg>TT</arg>
<arg>TV</arg>
<arg>TW</arg>
<arg>TZ</arg>
<arg>UA</arg>
<arg>UG</arg>
<arg>UM</arg>
<arg>US</arg>
<arg>UY</arg>
<arg>UZ</arg>
<arg>VA</arg>
<arg>VC</arg>
<arg>VE</arg>
<arg>VG</arg>
<arg>VI</arg>
<arg>VN</arg>
<arg>VU</arg>
<arg>WF</arg>
<arg>WS</arg>
<arg>XK</arg>
<arg>YE</arg>
<arg>YT</arg>
<arg>ZA</arg>
<arg>ZM</arg>
<arg>ZW</arg>
<doc>Returns a list containing given items.</doc>
<status status="PASS" start="2024-06-07T18:20:38.433842" elapsed="0.000635"/>
</kw>
<kw name="List Should Contain Value" owner="Collections">
<msg time="2024-06-07T18:20:38.435479" level="INFO">False</msg>
<arg>${list_country}</arg>
<arg>${name_country}</arg>
<doc>Fails if the ``value`` is not found from ``list``.</doc>
<status status="PASS" start="2024-06-07T18:20:38.435268" elapsed="0.000248"/>
</kw>
<kw name="Run Keyword If" owner="BuiltIn">
<kw name="Should Be True" owner="BuiltIn">
<arg>${True}</arg>
<doc>Fails if the given condition is not true.</doc>
<status status="PASS" start="2024-06-07T18:20:38.436606" elapsed="0.000146"/>
</kw>
<arg>${json_data["results"][0]["location"]["coordinates"]["latitude"]} &gt;= -90 and ${json_data["results"][0]["location"]["coordinates"]["latitude"]} &lt;= 90</arg>
<arg>Should Be True</arg>
<arg>${True}</arg>
<doc>Runs the given keyword with the given arguments, if ``condition`` is true.</doc>
<status status="PASS" start="2024-06-07T18:20:38.435854" elapsed="0.001027"/>
</kw>
<kw name="Run Keyword If" owner="BuiltIn">
<kw name="Should Be True" owner="BuiltIn">
<arg>${True}</arg>
<doc>Fails if the given condition is not true.</doc>
<status status="PASS" start="2024-06-07T18:20:38.437780" elapsed="0.000140"/>
</kw>
<arg>${json_data["results"][0]["location"]["coordinates"]["longitude"]} &gt;= -180 and ${json_data["results"][0]["location"]["coordinates"]["longitude"]} &lt;= 180</arg>
<arg>Should Be True</arg>
<arg>${True}</arg>
<doc>Runs the given keyword with the given arguments, if ``condition`` is true.</doc>
<status status="PASS" start="2024-06-07T18:20:38.437073" elapsed="0.000972"/>
</kw>
<status status="PASS" start="2024-06-07T18:20:38.327814" elapsed="0.110363"/>
</kw>
<doc>Testa o conteúdo específico dos campos retornados pela API.</doc>
<tag>testeConteudo</tag>
<status status="PASS" start="2024-06-07T18:20:38.327105" elapsed="0.111226"/>
</test>
<status status="PASS" start="2024-06-07T18:20:37.475204" elapsed="0.965110"/>
</suite>
<status status="PASS" start="2024-06-07T18:20:37.461637" elapsed="0.983908"/>
</suite>
<statistics>
<total>
<stat pass="5" fail="0" skip="0">All Tests</stat>
</total>
<tag>
<stat pass="1" fail="0" skip="0">testeConteudo</stat>
<stat pass="1" fail="0" skip="0">testeEstruturaResposta</stat>
<stat pass="1" fail="0" skip="0">testeRequisicaoBasica</stat>
<stat pass="1" fail="0" skip="0">testeTiposDados</stat>
</tag>
<suite>
<stat pass="5" fail="0" skip="0" id="s1" name="Tests">Tests</stat>
<stat pass="5" fail="0" skip="0" id="s1-s1" name="Random-User-Test">Tests.Random-User-Test</stat>
</suite>
</statistics>
<errors>
</errors>
</robot>
