<?xml version="1.0" encoding="UTF-8"?>
<robot generator="Robot 7.0.1 (Python 3.12.3 on linux)" generated="2024-06-18T11:13:34.599931" rpa="false" schemaversion="5">
<suite id="s1" name="Tests" source="/home/runner/work/ApiRandomUser/ApiRandomUser/RamdonUser/tests">
<suite id="s1-s1" name="Random-User-Test" source="/home/runner/work/ApiRandomUser/ApiRandomUser/RamdonUser/tests/random-user-test.robot">
<test id="s1-s1-t1" name="Conectar" line="13">
<kw name="Conectar API" owner="random-user-service">
<kw name="Create Session" owner="RequestsLibrary">
<msg time="2024-06-18T11:13:35.037492" level="INFO">Creating Session using : alias=consultarAPI, url=https://randomuser.me/, headers={},                     cookies={}, auth=None, timeout=None, proxies=None, verify=False,                     debug=0 </msg>
<arg>consultarAPI</arg>
<arg>${URL}</arg>
<doc>Create Session: create a HTTP session to a server</doc>
<status status="PASS" start="2024-06-18T11:13:35.037284" elapsed="0.000396"/>
</kw>
<status status="PASS" start="2024-06-18T11:13:35.036215" elapsed="0.001838"/>
</kw>
<status status="PASS" start="2024-06-18T11:13:35.035689" elapsed="0.002564"/>
</test>
<test id="s1-s1-t2" name="Validar retorno 200 e JSON Válido" line="16">
<kw name="Teste de Requisicao Basica" owner="random-user-service">
<kw name="GET On Session" owner="RequestsLibrary">
<msg time="2024-06-18T11:13:35.160373" level="INFO">GET Request : url=https://randomuser.me/api 
 path_url=/api 
 headers={'User-Agent': 'python-requests/2.32.3', 'Accept-Encoding': 'gzip, deflate', 'Accept': '*/*', 'Connection': 'keep-alive'} 
 body=None 
 </msg>
<msg time="2024-06-18T11:13:35.160551" level="INFO">GET Response : url=https://randomuser.me/api 
 status=200, reason=OK 
 headers={'Date': 'Tue, 18 Jun 2024 11:13:35 GMT', 'Content-Type': 'application/json; charset=utf-8', 'Transfer-Encoding': 'chunked', 'Connection': 'keep-alive', 'X-Powered-By': 'Express', 'Access-Control-Allow-Origin': '*', 'Cache-Control': 'no-cache', 'ETag': 'W/"4ab-SRukb2k8doN7cen9QAFLmLw7Bkw"', 'Vary': 'Accept-Encoding', 'Content-Encoding': 'gzip', 'CF-Cache-Status': 'DYNAMIC', 'Report-To': '{"endpoints":[{"url":"https:\\/\\/a.nel.cloudflare.com\\/report\\/v4?s=%2FimxrCdJmGfiRYTfNtjs7qmiaVj6N%2BAsAcYIJESmq7DMkDFXQzAVWTdvwsSodi%2F7VW8d9cV%2F5Yh4szD9AMHwk8cy0AvP5N7jWUsmOKAQX1ke2OJGQ%2FXbD5E42fOnQ8is"}],"group":"cf-nel","max_age":604800}', 'NEL': '{"success_fraction":0,"report_to":"cf-nel","max_age":604800}', 'Server': 'cloudflare', 'CF-RAY': '895ad9d22b20fa36-SJC', 'alt-svc': 'h3=":443"; ma=86400'} 
 body={"results":[{"gender":"female","name":{"title":"Ms","first":"Gertrud","last":"Hanke"},"location":{"street":{"number":4315,"name":"Drosselweg"},"city":"Freinsheim","state":"Nordrhein-Westfalen","country":"Germany","postcode":68852,"coordinates":{"latitude":"-54.7496","longitude":"8.7140"},"timezone":{"offset":"0:00","description":"Western Europe Time, London, Lisbon, Casablanca"}},"email":"gertrud.hanke@example.com","login":{"uuid":"54c76349-aec1-46f7-9605-ff292626400d","username":"greenzebra988","password":"1020","salt":"4Ufz0BIz","md5":"e9f6114dcf99c52882fbec0fad1d01fd","sha1":"18758a490c29839ac2ab6aec8f2fc16f0d9a75c1","sha256":"2acb835274a5c5693c03d4a78bf6d56a090630b1a3caa1a2f35884dfa02a3149"},"dob":{"date":"1951-11-11T18:39:31.444Z","age":72},"registered":{"date":"2014-04-16T18:54:35.811Z","age":10},"phone":"0313-2008487","cell":"0173-0482715","id":{"name":"SVNR","value":"47 111151 H 795"},"picture":{"large":"https://randomuser.me/api/portraits/women/16.jpg","medium":"https://randomuser.me/api/portraits/med/women/16.jpg","thumbnail":"https://randomuser.me/api/portraits/thumb/women/16.jpg"},"nat":"DE"}],"info":{"seed":"a1109005f4db51b3","results":1,"page":1,"version":"1.4"}} 
 </msg>
<msg time="2024-06-18T11:13:35.160646" level="INFO">/opt/hostedtoolcache/Python/3.12.3/x64/lib/python3.12/site-packages/urllib3/connectionpool.py:1099: InsecureRequestWarning: Unverified HTTPS request is being made to host 'randomuser.me'. Adding certificate verification is strongly advised. See: https://urllib3.readthedocs.io/en/latest/advanced-usage.html#tls-warnings
  warnings.warn(</msg>
<msg time="2024-06-18T11:13:35.160784" level="INFO">${response} = &lt;Response [200]&gt;</msg>
<var>${response}</var>
<arg>consultarAPI</arg>
<arg>/api</arg>
<doc>Sends a GET request on a previously created HTTP Session.</doc>
<status status="PASS" start="2024-06-18T11:13:35.040925" elapsed="0.119901"/>
</kw>
<kw name="Should Be Equal As Numbers" owner="BuiltIn">
<msg time="2024-06-18T11:13:35.161828" level="INFO">Argument types are:
&lt;class 'int'&gt;
&lt;class 'str'&gt;</msg>
<arg>${response.status_code}</arg>
<arg>200</arg>
<doc>Fails if objects are unequal after converting them to real numbers.</doc>
<status status="PASS" start="2024-06-18T11:13:35.161364" elapsed="0.000531"/>
</kw>
<kw name="Log" owner="BuiltIn">
<msg time="2024-06-18T11:13:35.162595" level="INFO">200</msg>
<arg>${response.status_code}</arg>
<doc>Logs the given message with the given level.</doc>
<status status="PASS" start="2024-06-18T11:13:35.162243" elapsed="0.000397"/>
</kw>
<kw name="Set Variable" owner="BuiltIn">
<msg time="2024-06-18T11:13:35.163401" level="INFO">${json_data} = {'results': [{'gender': 'female', 'name': {'title': 'Ms', 'first': 'Gertrud', 'last': 'Hanke'}, 'location': {'street': {'number': 4315, 'name': 'Drosselweg'}, 'city': 'Freinsheim', 'state': 'Nordrhein...</msg>
<var>${json_data}</var>
<arg>${response.json()}</arg>
<doc>Returns the given values which can then be assigned to a variables.</doc>
<status status="PASS" start="2024-06-18T11:13:35.162959" elapsed="0.000471"/>
</kw>
<kw name="Dictionary Should Contain Key" owner="Collections">
<arg>${json_data}</arg>
<arg>results</arg>
<doc>Fails if ``key`` is not found from ``dictionary``.</doc>
<status status="PASS" start="2024-06-18T11:13:35.163773" elapsed="0.000170"/>
</kw>
<status status="PASS" start="2024-06-18T11:13:35.040688" elapsed="0.123408"/>
</kw>
<doc>Testa se a API responde corretamente e retorna um objeto JSON válido.</doc>
<tag>testeRequisicaoBasica</tag>
<status status="PASS" start="2024-06-18T11:13:35.040157" elapsed="0.124116"/>
</test>
<test id="s1-s1-t3" name="Validar estrutura de resposta" line="22">
<kw name="Teste de Estrutura de Resposta" owner="random-user-service">
<kw name="GET On Session" owner="RequestsLibrary">
<msg time="2024-06-18T11:13:35.263484" level="INFO">GET Request : url=https://randomuser.me/api 
 path_url=/api 
 headers={'User-Agent': 'python-requests/2.32.3', 'Accept-Encoding': 'gzip, deflate', 'Accept': '*/*', 'Connection': 'keep-alive'} 
 body=None 
 </msg>
<msg time="2024-06-18T11:13:35.263585" level="INFO">GET Response : url=https://randomuser.me/api 
 status=200, reason=OK 
 headers={'Date': 'Tue, 18 Jun 2024 11:13:35 GMT', 'Content-Type': 'application/json; charset=utf-8', 'Transfer-Encoding': 'chunked', 'Connection': 'keep-alive', 'X-Powered-By': 'Express', 'Access-Control-Allow-Origin': '*', 'Cache-Control': 'no-cache', 'ETag': 'W/"48d-IHGUdSPD3Fs2vDFp5mCLiEsbEqM"', 'Vary': 'Accept-Encoding', 'Content-Encoding': 'gzip', 'CF-Cache-Status': 'DYNAMIC', 'Report-To': '{"endpoints":[{"url":"https:\\/\\/a.nel.cloudflare.com\\/report\\/v4?s=8%2BKL94iJg55OGyX1JhksxZVggQdW6mBTfp%2BYcQ8BWYusRJ%2Fgzrsfw72Xgcrjpum9jxCHnmweouTfiznkUwXFnxtuR4CnCOWaliCcXIOpgfXdXmP8A%2FpQ0%2BbsLwFUZk59"}],"group":"cf-nel","max_age":604800}', 'NEL': '{"success_fraction":0,"report_to":"cf-nel","max_age":604800}', 'Server': 'cloudflare', 'CF-RAY': '895ad9d2cb87fa36-SJC', 'alt-svc': 'h3=":443"; ma=86400'} 
 body={"results":[{"gender":"male","name":{"title":"Mr","first":"Adrián","last":"Rubio"},"location":{"street":{"number":8989,"name":"Calle del Pez"},"city":"Lugo","state":"Comunidad Valenciana","country":"Spain","postcode":88239,"coordinates":{"latitude":"-35.3362","longitude":"-164.3546"},"timezone":{"offset":"+4:00","description":"Abu Dhabi, Muscat, Baku, Tbilisi"}},"email":"adrian.rubio@example.com","login":{"uuid":"0d9ed79d-49ff-4987-aa76-f6a1fd48a193","username":"heavygorilla979","password":"mustang6","salt":"sJ97KGBz","md5":"1bb4adc7fefefa4853b84d103b2edbc9","sha1":"d1ea01d3991b159ecb26ef4de207928c7d7b3ecc","sha256":"7b3a76bd0aaca13ec387bdf82b5e06521794b3a3495a9421ff4445360d382cd6"},"dob":{"date":"1966-08-21T02:13:25.520Z","age":57},"registered":{"date":"2015-09-07T06:39:10.363Z","age":8},"phone":"998-256-152","cell":"661-437-811","id":{"name":"DNI","value":"61023751-H"},"picture":{"large":"https://randomuser.me/api/portraits/men/9.jpg","medium":"https://randomuser.me/api/portraits/med/men/9.jpg","thumbnail":"https://randomuser.me/api/portraits/thumb/men/9.jpg"},"nat":"ES"}],"info":{"seed":"863452a7cd70b235","results":1,"page":1,"version":"1.4"}} 
 </msg>
<msg time="2024-06-18T11:13:35.263781" level="INFO">/opt/hostedtoolcache/Python/3.12.3/x64/lib/python3.12/site-packages/urllib3/connectionpool.py:1099: InsecureRequestWarning: Unverified HTTPS request is being made to host 'randomuser.me'. Adding certificate verification is strongly advised. See: https://urllib3.readthedocs.io/en/latest/advanced-usage.html#tls-warnings
  warnings.warn(</msg>
<msg time="2024-06-18T11:13:35.263899" level="INFO">${response} = &lt;Response [200]&gt;</msg>
<var>${response}</var>
<arg>consultarAPI</arg>
<arg>/api</arg>
<doc>Sends a GET request on a previously created HTTP Session.</doc>
<status status="PASS" start="2024-06-18T11:13:35.167160" elapsed="0.096781"/>
</kw>
<kw name="Set Variable" owner="BuiltIn">
<msg time="2024-06-18T11:13:35.265168" level="INFO">${json_data} = {'results': [{'gender': 'male', 'name': {'title': 'Mr', 'first': 'Adrián', 'last': 'Rubio'}, 'location': {'street': {'number': 8989, 'name': 'Calle del Pez'}, 'city': 'Lugo', 'state': 'Comunidad Valen...</msg>
<var>${json_data}</var>
<arg>${response.json()}</arg>
<doc>Returns the given values which can then be assigned to a variables.</doc>
<status status="PASS" start="2024-06-18T11:13:35.264539" elapsed="0.000660"/>
</kw>
<kw name="Log" owner="BuiltIn">
<msg time="2024-06-18T11:13:35.265683" level="INFO">{'results': [{'gender': 'male', 'name': {'title': 'Mr', 'first': 'Adrián', 'last': 'Rubio'}, 'location': {'street': {'number': 8989, 'name': 'Calle del Pez'}, 'city': 'Lugo', 'state': 'Comunidad Valenciana', 'country': 'Spain', 'postcode': 88239, 'coordinates': {'latitude': '-35.3362', 'longitude': '-164.3546'}, 'timezone': {'offset': '+4:00', 'description': 'Abu Dhabi, Muscat, Baku, Tbilisi'}}, 'email': 'adrian.rubio@example.com', 'login': {'uuid': '0d9ed79d-49ff-4987-aa76-f6a1fd48a193', 'username': 'heavygorilla979', 'password': 'mustang6', 'salt': 'sJ97KGBz', 'md5': '1bb4adc7fefefa4853b84d103b2edbc9', 'sha1': 'd1ea01d3991b159ecb26ef4de207928c7d7b3ecc', 'sha256': '7b3a76bd0aaca13ec387bdf82b5e06521794b3a3495a9421ff4445360d382cd6'}, 'dob': {'date': '1966-08-21T02:13:25.520Z', 'age': 57}, 'registered': {'date': '2015-09-07T06:39:10.363Z', 'age': 8}, 'phone': '998-256-152', 'cell': '661-437-811', 'id': {'name': 'DNI', 'value': '61023751-H'}, 'picture': {'large': 'https://randomuser.me/api/portraits/men/9.jpg', 'medium': 'https://randomuser.me/api/portraits/med/men/9.jpg', 'thumbnail': 'https://randomuser.me/api/portraits/thumb/men/9.jpg'}, 'nat': 'ES'}], 'info': {'seed': '863452a7cd70b235', 'results': 1, 'page': 1, 'version': '1.4'}}</msg>
<arg>${json_data}</arg>
<doc>Logs the given message with the given level.</doc>
<status status="PASS" start="2024-06-18T11:13:35.265516" elapsed="0.000216"/>
</kw>
<kw name="Dictionary Should Contain Key" owner="Collections">
<arg>${json_data}</arg>
<arg>results</arg>
<doc>Fails if ``key`` is not found from ``dictionary``.</doc>
<status status="PASS" start="2024-06-18T11:13:35.266034" elapsed="0.000165"/>
</kw>
<kw name="Should Not Be Empty" owner="BuiltIn">
<msg time="2024-06-18T11:13:35.266511" level="INFO">Length is 2.</msg>
<arg>${json_data}</arg>
<doc>Verifies that the given item is not empty.</doc>
<status status="PASS" start="2024-06-18T11:13:35.266385" elapsed="0.000165"/>
</kw>
<kw name="Create List" owner="BuiltIn">
<msg time="2024-06-18T11:13:35.266992" level="INFO">${expected_keys} = ['gender', 'name', 'location', 'email', 'login']</msg>
<var>${expected_keys}</var>
<arg>gender</arg>
<arg>name</arg>
<arg>location</arg>
<arg>email</arg>
<arg>login</arg>
<doc>Returns a list containing given items.</doc>
<status status="PASS" start="2024-06-18T11:13:35.266841" elapsed="0.000175"/>
</kw>
<for flavor="IN">
<iter>
<kw name="Dictionary Should Contain Key" owner="Collections">
<arg>${json_data['results'][0]}</arg>
<arg>${key}</arg>
<doc>Fails if ``key`` is not found from ``dictionary``.</doc>
<status status="PASS" start="2024-06-18T11:13:35.267607" elapsed="0.000465"/>
</kw>
<kw name="Log" owner="BuiltIn">
<msg time="2024-06-18T11:13:35.268647" level="INFO">{'gender': 'male', 'name': {'title': 'Mr', 'first': 'Adrián', 'last': 'Rubio'}, 'location': {'street': {'number': 8989, 'name': 'Calle del Pez'}, 'city': 'Lugo', 'state': 'Comunidad Valenciana', 'country': 'Spain', 'postcode': 88239, 'coordinates': {'latitude': '-35.3362', 'longitude': '-164.3546'}, 'timezone': {'offset': '+4:00', 'description': 'Abu Dhabi, Muscat, Baku, Tbilisi'}}, 'email': 'adrian.rubio@example.com', 'login': {'uuid': '0d9ed79d-49ff-4987-aa76-f6a1fd48a193', 'username': 'heavygorilla979', 'password': 'mustang6', 'salt': 'sJ97KGBz', 'md5': '1bb4adc7fefefa4853b84d103b2edbc9', 'sha1': 'd1ea01d3991b159ecb26ef4de207928c7d7b3ecc', 'sha256': '7b3a76bd0aaca13ec387bdf82b5e06521794b3a3495a9421ff4445360d382cd6'}, 'dob': {'date': '1966-08-21T02:13:25.520Z', 'age': 57}, 'registered': {'date': '2015-09-07T06:39:10.363Z', 'age': 8}, 'phone': '998-256-152', 'cell': '661-437-811', 'id': {'name': 'DNI', 'value': '61023751-H'}, 'picture': {'large': 'https://randomuser.me/api/portraits/men/9.jpg', 'medium': 'https://randomuser.me/api/portraits/med/men/9.jpg', 'thumbnail': 'https://randomuser.me/api/portraits/thumb/men/9.jpg'}, 'nat': 'ES'}</msg>
<arg>${json_data['results'][0]}</arg>
<doc>Logs the given message with the given level.</doc>
<status status="PASS" start="2024-06-18T11:13:35.268270" elapsed="0.000430"/>
</kw>
<kw name="Log" owner="BuiltIn">
<msg time="2024-06-18T11:13:35.269139" level="INFO">gender</msg>
<arg>${key}</arg>
<doc>Logs the given message with the given level.</doc>
<status status="PASS" start="2024-06-18T11:13:35.269004" elapsed="0.000174"/>
</kw>
<var name="${key}">gender</var>
<status status="PASS" start="2024-06-18T11:13:35.267481" elapsed="0.001922"/>
</iter>
<iter>
<kw name="Dictionary Should Contain Key" owner="Collections">
<arg>${json_data['results'][0]}</arg>
<arg>${key}</arg>
<doc>Fails if ``key`` is not found from ``dictionary``.</doc>
<status status="PASS" start="2024-06-18T11:13:35.269716" elapsed="0.000403"/>
</kw>
<kw name="Log" owner="BuiltIn">
<msg time="2024-06-18T11:13:35.270661" level="INFO">{'gender': 'male', 'name': {'title': 'Mr', 'first': 'Adrián', 'last': 'Rubio'}, 'location': {'street': {'number': 8989, 'name': 'Calle del Pez'}, 'city': 'Lugo', 'state': 'Comunidad Valenciana', 'country': 'Spain', 'postcode': 88239, 'coordinates': {'latitude': '-35.3362', 'longitude': '-164.3546'}, 'timezone': {'offset': '+4:00', 'description': 'Abu Dhabi, Muscat, Baku, Tbilisi'}}, 'email': 'adrian.rubio@example.com', 'login': {'uuid': '0d9ed79d-49ff-4987-aa76-f6a1fd48a193', 'username': 'heavygorilla979', 'password': 'mustang6', 'salt': 'sJ97KGBz', 'md5': '1bb4adc7fefefa4853b84d103b2edbc9', 'sha1': 'd1ea01d3991b159ecb26ef4de207928c7d7b3ecc', 'sha256': '7b3a76bd0aaca13ec387bdf82b5e06521794b3a3495a9421ff4445360d382cd6'}, 'dob': {'date': '1966-08-21T02:13:25.520Z', 'age': 57}, 'registered': {'date': '2015-09-07T06:39:10.363Z', 'age': 8}, 'phone': '998-256-152', 'cell': '661-437-811', 'id': {'name': 'DNI', 'value': '61023751-H'}, 'picture': {'large': 'https://randomuser.me/api/portraits/men/9.jpg', 'medium': 'https://randomuser.me/api/portraits/med/men/9.jpg', 'thumbnail': 'https://randomuser.me/api/portraits/thumb/men/9.jpg'}, 'nat': 'ES'}</msg>
<arg>${json_data['results'][0]}</arg>
<doc>Logs the given message with the given level.</doc>
<status status="PASS" start="2024-06-18T11:13:35.270309" elapsed="0.000448"/>
</kw>
<kw name="Log" owner="BuiltIn">
<msg time="2024-06-18T11:13:35.271197" level="INFO">name</msg>
<arg>${key}</arg>
<doc>Logs the given message with the given level.</doc>
<status status="PASS" start="2024-06-18T11:13:35.271065" elapsed="0.000171"/>
</kw>
<var name="${key}">name</var>
<status status="PASS" start="2024-06-18T11:13:35.269597" elapsed="0.001866"/>
</iter>
<iter>
<kw name="Dictionary Should Contain Key" owner="Collections">
<arg>${json_data['results'][0]}</arg>
<arg>${key}</arg>
<doc>Fails if ``key`` is not found from ``dictionary``.</doc>
<status status="PASS" start="2024-06-18T11:13:35.271795" elapsed="0.000392"/>
</kw>
<kw name="Log" owner="BuiltIn">
<msg time="2024-06-18T11:13:35.272732" level="INFO">{'gender': 'male', 'name': {'title': 'Mr', 'first': 'Adrián', 'last': 'Rubio'}, 'location': {'street': {'number': 8989, 'name': 'Calle del Pez'}, 'city': 'Lugo', 'state': 'Comunidad Valenciana', 'country': 'Spain', 'postcode': 88239, 'coordinates': {'latitude': '-35.3362', 'longitude': '-164.3546'}, 'timezone': {'offset': '+4:00', 'description': 'Abu Dhabi, Muscat, Baku, Tbilisi'}}, 'email': 'adrian.rubio@example.com', 'login': {'uuid': '0d9ed79d-49ff-4987-aa76-f6a1fd48a193', 'username': 'heavygorilla979', 'password': 'mustang6', 'salt': 'sJ97KGBz', 'md5': '1bb4adc7fefefa4853b84d103b2edbc9', 'sha1': 'd1ea01d3991b159ecb26ef4de207928c7d7b3ecc', 'sha256': '7b3a76bd0aaca13ec387bdf82b5e06521794b3a3495a9421ff4445360d382cd6'}, 'dob': {'date': '1966-08-21T02:13:25.520Z', 'age': 57}, 'registered': {'date': '2015-09-07T06:39:10.363Z', 'age': 8}, 'phone': '998-256-152', 'cell': '661-437-811', 'id': {'name': 'DNI', 'value': '61023751-H'}, 'picture': {'large': 'https://randomuser.me/api/portraits/men/9.jpg', 'medium': 'https://randomuser.me/api/portraits/med/men/9.jpg', 'thumbnail': 'https://randomuser.me/api/portraits/thumb/men/9.jpg'}, 'nat': 'ES'}</msg>
<arg>${json_data['results'][0]}</arg>
<doc>Logs the given message with the given level.</doc>
<status status="PASS" start="2024-06-18T11:13:35.272379" elapsed="0.000404"/>
</kw>
<kw name="Log" owner="BuiltIn">
<msg time="2024-06-18T11:13:35.273210" level="INFO">location</msg>
<arg>${key}</arg>
<doc>Logs the given message with the given level.</doc>
<status status="PASS" start="2024-06-18T11:13:35.273081" elapsed="0.000168"/>
</kw>
<var name="${key}">location</var>
<status status="PASS" start="2024-06-18T11:13:35.271678" elapsed="0.001789"/>
</iter>
<iter>
<kw name="Dictionary Should Contain Key" owner="Collections">
<arg>${json_data['results'][0]}</arg>
<arg>${key}</arg>
<doc>Fails if ``key`` is not found from ``dictionary``.</doc>
<status status="PASS" start="2024-06-18T11:13:35.273750" elapsed="0.000393"/>
</kw>
<kw name="Log" owner="BuiltIn">
<msg time="2024-06-18T11:13:35.274682" level="INFO">{'gender': 'male', 'name': {'title': 'Mr', 'first': 'Adrián', 'last': 'Rubio'}, 'location': {'street': {'number': 8989, 'name': 'Calle del Pez'}, 'city': 'Lugo', 'state': 'Comunidad Valenciana', 'country': 'Spain', 'postcode': 88239, 'coordinates': {'latitude': '-35.3362', 'longitude': '-164.3546'}, 'timezone': {'offset': '+4:00', 'description': 'Abu Dhabi, Muscat, Baku, Tbilisi'}}, 'email': 'adrian.rubio@example.com', 'login': {'uuid': '0d9ed79d-49ff-4987-aa76-f6a1fd48a193', 'username': 'heavygorilla979', 'password': 'mustang6', 'salt': 'sJ97KGBz', 'md5': '1bb4adc7fefefa4853b84d103b2edbc9', 'sha1': 'd1ea01d3991b159ecb26ef4de207928c7d7b3ecc', 'sha256': '7b3a76bd0aaca13ec387bdf82b5e06521794b3a3495a9421ff4445360d382cd6'}, 'dob': {'date': '1966-08-21T02:13:25.520Z', 'age': 57}, 'registered': {'date': '2015-09-07T06:39:10.363Z', 'age': 8}, 'phone': '998-256-152', 'cell': '661-437-811', 'id': {'name': 'DNI', 'value': '61023751-H'}, 'picture': {'large': 'https://randomuser.me/api/portraits/men/9.jpg', 'medium': 'https://randomuser.me/api/portraits/med/men/9.jpg', 'thumbnail': 'https://randomuser.me/api/portraits/thumb/men/9.jpg'}, 'nat': 'ES'}</msg>
<arg>${json_data['results'][0]}</arg>
<doc>Logs the given message with the given level.</doc>
<status status="PASS" start="2024-06-18T11:13:35.274330" elapsed="0.000402"/>
</kw>
<kw name="Log" owner="BuiltIn">
<msg time="2024-06-18T11:13:35.275163" level="INFO">email</msg>
<arg>${key}</arg>
<doc>Logs the given message with the given level.</doc>
<status status="PASS" start="2024-06-18T11:13:35.275033" elapsed="0.000169"/>
</kw>
<var name="${key}">email</var>
<status status="PASS" start="2024-06-18T11:13:35.273641" elapsed="0.001779"/>
</iter>
<iter>
<kw name="Dictionary Should Contain Key" owner="Collections">
<arg>${json_data['results'][0]}</arg>
<arg>${key}</arg>
<doc>Fails if ``key`` is not found from ``dictionary``.</doc>
<status status="PASS" start="2024-06-18T11:13:35.275736" elapsed="0.000399"/>
</kw>
<kw name="Log" owner="BuiltIn">
<msg time="2024-06-18T11:13:35.276666" level="INFO">{'gender': 'male', 'name': {'title': 'Mr', 'first': 'Adrián', 'last': 'Rubio'}, 'location': {'street': {'number': 8989, 'name': 'Calle del Pez'}, 'city': 'Lugo', 'state': 'Comunidad Valenciana', 'country': 'Spain', 'postcode': 88239, 'coordinates': {'latitude': '-35.3362', 'longitude': '-164.3546'}, 'timezone': {'offset': '+4:00', 'description': 'Abu Dhabi, Muscat, Baku, Tbilisi'}}, 'email': 'adrian.rubio@example.com', 'login': {'uuid': '0d9ed79d-49ff-4987-aa76-f6a1fd48a193', 'username': 'heavygorilla979', 'password': 'mustang6', 'salt': 'sJ97KGBz', 'md5': '1bb4adc7fefefa4853b84d103b2edbc9', 'sha1': 'd1ea01d3991b159ecb26ef4de207928c7d7b3ecc', 'sha256': '7b3a76bd0aaca13ec387bdf82b5e06521794b3a3495a9421ff4445360d382cd6'}, 'dob': {'date': '1966-08-21T02:13:25.520Z', 'age': 57}, 'registered': {'date': '2015-09-07T06:39:10.363Z', 'age': 8}, 'phone': '998-256-152', 'cell': '661-437-811', 'id': {'name': 'DNI', 'value': '61023751-H'}, 'picture': {'large': 'https://randomuser.me/api/portraits/men/9.jpg', 'medium': 'https://randomuser.me/api/portraits/med/men/9.jpg', 'thumbnail': 'https://randomuser.me/api/portraits/thumb/men/9.jpg'}, 'nat': 'ES'}</msg>
<arg>${json_data['results'][0]}</arg>
<doc>Logs the given message with the given level.</doc>
<status status="PASS" start="2024-06-18T11:13:35.276320" elapsed="0.000397"/>
</kw>
<kw name="Log" owner="BuiltIn">
<msg time="2024-06-18T11:13:35.277268" level="INFO">login</msg>
<arg>${key}</arg>
<doc>Logs the given message with the given level.</doc>
<status status="PASS" start="2024-06-18T11:13:35.277022" elapsed="0.000284"/>
</kw>
<var name="${key}">login</var>
<status status="PASS" start="2024-06-18T11:13:35.275595" elapsed="0.001930"/>
</iter>
<var>${key}</var>
<value>@{expected_keys}</value>
<status status="PASS" start="2024-06-18T11:13:35.267286" elapsed="0.010388"/>
</for>
<kw name="Create List" owner="BuiltIn">
<msg time="2024-06-18T11:13:35.278020" level="INFO">${expected_keysTwo} = ['username', 'password']</msg>
<var>${expected_keysTwo}</var>
<arg>username</arg>
<arg>password</arg>
<doc>Returns a list containing given items.</doc>
<status status="PASS" start="2024-06-18T11:13:35.277880" elapsed="0.000201"/>
</kw>
<for flavor="IN">
<iter>
<kw name="Dictionary Should Contain Key" owner="Collections">
<arg>${json_data['results'][0]['login']}</arg>
<arg>${keyTwo}</arg>
<doc>Fails if ``key`` is not found from ``dictionary``.</doc>
<status status="PASS" start="2024-06-18T11:13:35.278619" elapsed="0.000384"/>
</kw>
<kw name="Dictionary Should Contain Key" owner="Collections">
<arg>${json_data['results'][0]['login']}</arg>
<arg>${keyTwo}</arg>
<doc>Fails if ``key`` is not found from ``dictionary``.</doc>
<status status="PASS" start="2024-06-18T11:13:35.279188" elapsed="0.000381"/>
</kw>
<kw name="Log" owner="BuiltIn">
<msg time="2024-06-18T11:13:35.279915" level="INFO">username</msg>
<arg>${keyTwo}</arg>
<doc>Logs the given message with the given level.</doc>
<status status="PASS" start="2024-06-18T11:13:35.279790" elapsed="0.000161"/>
</kw>
<var name="${keyTwo}">username</var>
<status status="PASS" start="2024-06-18T11:13:35.278509" elapsed="0.001675"/>
</iter>
<iter>
<kw name="Dictionary Should Contain Key" owner="Collections">
<arg>${json_data['results'][0]['login']}</arg>
<arg>${keyTwo}</arg>
<doc>Fails if ``key`` is not found from ``dictionary``.</doc>
<status status="PASS" start="2024-06-18T11:13:35.280468" elapsed="0.000399"/>
</kw>
<kw name="Dictionary Should Contain Key" owner="Collections">
<arg>${json_data['results'][0]['login']}</arg>
<arg>${keyTwo}</arg>
<doc>Fails if ``key`` is not found from ``dictionary``.</doc>
<status status="PASS" start="2024-06-18T11:13:35.281148" elapsed="0.000443"/>
</kw>
<kw name="Log" owner="BuiltIn">
<msg time="2024-06-18T11:13:35.281905" level="INFO">password</msg>
<arg>${keyTwo}</arg>
<doc>Logs the given message with the given level.</doc>
<status status="PASS" start="2024-06-18T11:13:35.281779" elapsed="0.000162"/>
</kw>
<var name="${keyTwo}">password</var>
<status status="PASS" start="2024-06-18T11:13:35.280360" elapsed="0.001806"/>
</iter>
<var>${keyTwo}</var>
<value>@{expected_keysTwo}</value>
<status status="PASS" start="2024-06-18T11:13:35.278344" elapsed="0.003946"/>
</for>
<status status="PASS" start="2024-06-18T11:13:35.166920" elapsed="0.115515"/>
</kw>
<doc>Testa a estrutura da resposta da API.</doc>
<tag>testeEstruturaResposta</tag>
<status status="PASS" start="2024-06-18T11:13:35.166129" elapsed="0.116467"/>
</test>
<test id="s1-s1-t4" name="Validar tipos de dados" line="28">
<kw name="Teste de Tipos de Dados" owner="random-user-service">
<kw name="GET On Session" owner="RequestsLibrary">
<msg time="2024-06-18T11:13:35.372800" level="INFO">GET Request : url=https://randomuser.me/api 
 path_url=/api 
 headers={'User-Agent': 'python-requests/2.32.3', 'Accept-Encoding': 'gzip, deflate', 'Accept': '*/*', 'Connection': 'keep-alive'} 
 body=None 
 </msg>
<msg time="2024-06-18T11:13:35.372893" level="INFO">GET Response : url=https://randomuser.me/api 
 status=200, reason=OK 
 headers={'Date': 'Tue, 18 Jun 2024 11:13:35 GMT', 'Content-Type': 'application/json; charset=utf-8', 'Transfer-Encoding': 'chunked', 'Connection': 'keep-alive', 'X-Powered-By': 'Express', 'Access-Control-Allow-Origin': '*', 'Cache-Control': 'no-cache', 'ETag': 'W/"489-kTUQ7FLX4cUGpnLUU98/jveKgdc"', 'Vary': 'Accept-Encoding', 'Content-Encoding': 'gzip', 'CF-Cache-Status': 'DYNAMIC', 'Report-To': '{"endpoints":[{"url":"https:\\/\\/a.nel.cloudflare.com\\/report\\/v4?s=sHmUKoNB4Q%2BM3kRM3%2FCgOuZX1SQHGv%2By0qM1cYrhptlJOGLZ6sPyfoFCrlVYDPNBNqTTMVmPta0BAjUiEsen28Sco16tKPXk89PmW3SrjHuPZLuCihZzjsNgrm3cnd3r"}],"group":"cf-nel","max_age":604800}', 'NEL': '{"success_fraction":0,"report_to":"cf-nel","max_age":604800}', 'Server': 'cloudflare', 'CF-RAY': '895ad9d38be8fa36-SJC', 'alt-svc': 'h3=":443"; ma=86400'} 
 body={"results":[{"gender":"female","name":{"title":"Miss","first":"Rosane","last":"Barbosa"},"location":{"street":{"number":9326,"name":"Rua Tiradentes "},"city":"Suzano","state":"Tocantins","country":"Brazil","postcode":66032,"coordinates":{"latitude":"-79.6624","longitude":"36.3251"},"timezone":{"offset":"-3:30","description":"Newfoundland"}},"email":"rosane.barbosa@example.com","login":{"uuid":"c015eddf-9fb1-4fab-ac1d-ef4f3bab574b","username":"ticklishtiger944","password":"bacon","salt":"0Sf8NR3U","md5":"4a36a0966303404dd033182c1bde8fb7","sha1":"1e3a8cf5a3e3e4ec406d353f14a3c252ca8d11cd","sha256":"7e5c1a6d8807b72f318f0ceb9db1e5fbcc3e2555ce270e1ccd44974accc5b5a6"},"dob":{"date":"1961-01-08T19:18:28.130Z","age":63},"registered":{"date":"2021-04-23T20:57:50.910Z","age":3},"phone":"(76) 7343-6521","cell":"(39) 3397-1222","id":{"name":"CPF","value":"492.653.208-20"},"picture":{"large":"https://randomuser.me/api/portraits/women/21.jpg","medium":"https://randomuser.me/api/portraits/med/women/21.jpg","thumbnail":"https://randomuser.me/api/portraits/thumb/women/21.jpg"},"nat":"BR"}],"info":{"seed":"4d870b9edb39ad65","results":1,"page":1,"version":"1.4"}} 
 </msg>
<msg time="2024-06-18T11:13:35.372958" level="INFO">/opt/hostedtoolcache/Python/3.12.3/x64/lib/python3.12/site-packages/urllib3/connectionpool.py:1099: InsecureRequestWarning: Unverified HTTPS request is being made to host 'randomuser.me'. Adding certificate verification is strongly advised. See: https://urllib3.readthedocs.io/en/latest/advanced-usage.html#tls-warnings
  warnings.warn(</msg>
<msg time="2024-06-18T11:13:35.373061" level="INFO">${response} = &lt;Response [200]&gt;</msg>
<var>${response}</var>
<arg>consultarAPI</arg>
<arg>/api</arg>
<doc>Sends a GET request on a previously created HTTP Session.</doc>
<status status="PASS" start="2024-06-18T11:13:35.285174" elapsed="0.087929"/>
</kw>
<kw name="Set Variable" owner="BuiltIn">
<msg time="2024-06-18T11:13:35.374234" level="INFO">${json_data} = {'results': [{'gender': 'female', 'name': {'title': 'Miss', 'first': 'Rosane', 'last': 'Barbosa'}, 'location': {'street': {'number': 9326, 'name': 'Rua Tiradentes '}, 'city': 'Suzano', 'state': 'Tocan...</msg>
<var>${json_data}</var>
<arg>${response.json()}</arg>
<doc>Returns the given values which can then be assigned to a variables.</doc>
<status status="PASS" start="2024-06-18T11:13:35.373651" elapsed="0.000613"/>
</kw>
<kw name="Log" owner="BuiltIn">
<msg time="2024-06-18T11:13:35.374743" level="INFO">{'results': [{'gender': 'female', 'name': {'title': 'Miss', 'first': 'Rosane', 'last': 'Barbosa'}, 'location': {'street': {'number': 9326, 'name': 'Rua Tiradentes '}, 'city': 'Suzano', 'state': 'Tocantins', 'country': 'Brazil', 'postcode': 66032, 'coordinates': {'latitude': '-79.6624', 'longitude': '36.3251'}, 'timezone': {'offset': '-3:30', 'description': 'Newfoundland'}}, 'email': 'rosane.barbosa@example.com', 'login': {'uuid': 'c015eddf-9fb1-4fab-ac1d-ef4f3bab574b', 'username': 'ticklishtiger944', 'password': 'bacon', 'salt': '0Sf8NR3U', 'md5': '4a36a0966303404dd033182c1bde8fb7', 'sha1': '1e3a8cf5a3e3e4ec406d353f14a3c252ca8d11cd', 'sha256': '7e5c1a6d8807b72f318f0ceb9db1e5fbcc3e2555ce270e1ccd44974accc5b5a6'}, 'dob': {'date': '1961-01-08T19:18:28.130Z', 'age': 63}, 'registered': {'date': '2021-04-23T20:57:50.910Z', 'age': 3}, 'phone': '(76) 7343-6521', 'cell': '(39) 3397-1222', 'id': {'name': 'CPF', 'value': '492.653.208-20'}, 'picture': {'large': 'https://randomuser.me/api/portraits/women/21.jpg', 'medium': 'https://randomuser.me/api/portraits/med/women/21.jpg', 'thumbnail': 'https://randomuser.me/api/portraits/thumb/women/21.jpg'}, 'nat': 'BR'}], 'info': {'seed': '4d870b9edb39ad65', 'results': 1, 'page': 1, 'version': '1.4'}}</msg>
<arg>${json_data}</arg>
<doc>Logs the given message with the given level.</doc>
<status status="PASS" start="2024-06-18T11:13:35.374577" elapsed="0.000228"/>
</kw>
<kw name="Should Be String" owner="String">
<arg>${json_data['results'][0]['gender']}</arg>
<doc>Fails if the given ``item`` is not a string.</doc>
<status status="PASS" start="2024-06-18T11:13:35.375107" elapsed="0.000366"/>
</kw>
<kw name="Should Match Regexp" owner="BuiltIn">
<arg>${json_data['results'][0]['email']}</arg>
<arg>^[a-zA-Z0-9._%+-]+@[a-zA-Z0-9.-]+\.[a-zA-Z]{2,}$</arg>
<doc>Fails if ``string`` does not match ``pattern`` as a regular expression.</doc>
<status status="PASS" start="2024-06-18T11:13:35.375696" elapsed="0.000542"/>
</kw>
<kw name="Should Match Regexp" owner="BuiltIn">
<arg>${json_data['results'][0]['dob']['date']}</arg>
<arg>\\d{4}-\\d{2}-\\d{2}T\\d{2}:\\d{2}:\\d{2}\\.\\d{3}Z</arg>
<doc>Fails if ``string`` does not match ``pattern`` as a regular expression.</doc>
<status status="PASS" start="2024-06-18T11:13:35.376481" elapsed="0.000496"/>
</kw>
<kw name="Should Match Regexp" owner="BuiltIn">
<arg>${json_data['results'][0]['registered']['date']}</arg>
<arg>\\d{4}-\\d{2}-\\d{2}T\\d{2}:\\d{2}:\\d{2}\\.\\d{3}Z</arg>
<doc>Fails if ``string`` does not match ``pattern`` as a regular expression.</doc>
<status status="PASS" start="2024-06-18T11:13:35.377173" elapsed="0.000367"/>
</kw>
<kw name="Should Match Regexp" owner="BuiltIn">
<arg>${json_data['results'][0]['picture']['large']}</arg>
<arg>^https?://.*\.(?:png|jpe?g|gif|bmp)$</arg>
<doc>Fails if ``string`` does not match ``pattern`` as a regular expression.</doc>
<status status="PASS" start="2024-06-18T11:13:35.377729" elapsed="0.000467"/>
</kw>
<kw name="Should Match Regexp" owner="BuiltIn">
<arg>${json_data['results'][0]['picture']['medium']}</arg>
<arg>^https?://.*\.(?:png|jpe?g|gif|bmp)$</arg>
<doc>Fails if ``string`` does not match ``pattern`` as a regular expression.</doc>
<status status="PASS" start="2024-06-18T11:13:35.378391" elapsed="0.000360"/>
</kw>
<kw name="Should Match Regexp" owner="BuiltIn">
<arg>${json_data['results'][0]['picture']['thumbnail']}</arg>
<arg>^https?://.*\.(?:png|jpe?g|gif|bmp)$</arg>
<doc>Fails if ``string`` does not match ``pattern`` as a regular expression.</doc>
<status status="PASS" start="2024-06-18T11:13:35.378950" elapsed="0.000383"/>
</kw>
<kw name="Log" owner="BuiltIn">
<msg time="2024-06-18T11:13:35.379873" level="INFO">{'large': 'https://randomuser.me/api/portraits/women/21.jpg', 'medium': 'https://randomuser.me/api/portraits/med/women/21.jpg', 'thumbnail': 'https://randomuser.me/api/portraits/thumb/women/21.jpg'}</msg>
<arg>${json_data['results'][0]['picture']}</arg>
<doc>Logs the given message with the given level.</doc>
<status status="PASS" start="2024-06-18T11:13:35.379520" elapsed="0.000397"/>
</kw>
<status status="PASS" start="2024-06-18T11:13:35.284938" elapsed="0.095235"/>
</kw>
<kw name="Teste de Tipos de Dados - Postcode" owner="random-user-service">
<kw name="GET On Session" owner="RequestsLibrary">
<msg time="2024-06-18T11:13:35.491392" level="INFO">GET Request : url=https://randomuser.me/api 
 path_url=/api 
 headers={'User-Agent': 'python-requests/2.32.3', 'Accept-Encoding': 'gzip, deflate', 'Accept': '*/*', 'Connection': 'keep-alive'} 
 body=None 
 </msg>
<msg time="2024-06-18T11:13:35.491485" level="INFO">GET Response : url=https://randomuser.me/api 
 status=200, reason=OK 
 headers={'Date': 'Tue, 18 Jun 2024 11:13:35 GMT', 'Content-Type': 'application/json; charset=utf-8', 'Transfer-Encoding': 'chunked', 'Connection': 'keep-alive', 'X-Powered-By': 'Express', 'Access-Control-Allow-Origin': '*', 'Cache-Control': 'no-cache', 'ETag': 'W/"4a2-Sf4ruE8oQmkRuv53JwPx/S510aw"', 'Vary': 'Accept-Encoding', 'Content-Encoding': 'gzip', 'CF-Cache-Status': 'DYNAMIC', 'Report-To': '{"endpoints":[{"url":"https:\\/\\/a.nel.cloudflare.com\\/report\\/v4?s=r%2B5s%2BHapr30h74EMVlPZDp2HAbVxois%2BGjx4c62eW1l2T39Ict%2FJFLDb%2FL%2BUnmFUVN%2Flxkz66zjRxONLk6m9HHsQ9f4uxQOg9sbJvaywK9loZ105VWfEvXvcqWtxPlQx"}],"group":"cf-nel","max_age":604800}', 'NEL': '{"success_fraction":0,"report_to":"cf-nel","max_age":604800}', 'Server': 'cloudflare', 'CF-RAY': '895ad9d42c3dfa36-SJC', 'alt-svc': 'h3=":443"; ma=86400'} 
 body={"results":[{"gender":"female","name":{"title":"Ms","first":"Tamara","last":"Nikolić"},"location":{"street":{"number":8307,"name":"Milije Marinkovića"},"city":"Kanjiža","state":"Braničevo","country":"Serbia","postcode":53375,"coordinates":{"latitude":"61.5476","longitude":"138.7145"},"timezone":{"offset":"+9:00","description":"Tokyo, Seoul, Osaka, Sapporo, Yakutsk"}},"email":"tamara.nikolic@example.com","login":{"uuid":"d7edd840-7b43-4cdb-bf5c-1b7c321665e5","username":"silverbutterfly746","password":"elaine","salt":"SslW1QC8","md5":"947b84a9509641b90e05e55f65147e1c","sha1":"654becd18e856ec9bee0efd969ea089add89b6ae","sha256":"7c5202637f87f5c1acfbbd9e7f9936d7896c7ad0299c157de29472ba54691306"},"dob":{"date":"1972-01-11T23:52:12.550Z","age":52},"registered":{"date":"2018-03-04T16:09:56.326Z","age":6},"phone":"010-3438-395","cell":"065-0702-984","id":{"name":"SID","value":"412801388"},"picture":{"large":"https://randomuser.me/api/portraits/women/21.jpg","medium":"https://randomuser.me/api/portraits/med/women/21.jpg","thumbnail":"https://randomuser.me/api/portraits/thumb/women/21.jpg"},"nat":"RS"}],"info":{"seed":"e3b9b45de312af20","results":1,"page":1,"version":"1.4"}} 
 </msg>
<msg time="2024-06-18T11:13:35.491583" level="INFO">/opt/hostedtoolcache/Python/3.12.3/x64/lib/python3.12/site-packages/urllib3/connectionpool.py:1099: InsecureRequestWarning: Unverified HTTPS request is being made to host 'randomuser.me'. Adding certificate verification is strongly advised. See: https://urllib3.readthedocs.io/en/latest/advanced-usage.html#tls-warnings
  warnings.warn(</msg>
<msg time="2024-06-18T11:13:35.491753" level="INFO">${response} = &lt;Response [200]&gt;</msg>
<var>${response}</var>
<arg>consultarAPI</arg>
<arg>/api</arg>
<doc>Sends a GET request on a previously created HTTP Session.</doc>
<status status="PASS" start="2024-06-18T11:13:35.380630" elapsed="0.111176"/>
</kw>
<kw name="Set Variable" owner="BuiltIn">
<msg time="2024-06-18T11:13:35.493004" level="INFO">${json_data} = {'results': [{'gender': 'female', 'name': {'title': 'Ms', 'first': 'Tamara', 'last': 'Nikolić'}, 'location': {'street': {'number': 8307, 'name': 'Milije Marinkovića'}, 'city': 'Kanjiža', 'state': 'Bra...</msg>
<var>${json_data}</var>
<arg>${response.json()}</arg>
<doc>Returns the given values which can then be assigned to a variables.</doc>
<status status="PASS" start="2024-06-18T11:13:35.492397" elapsed="0.000640"/>
</kw>
<kw name="Log" owner="BuiltIn">
<msg time="2024-06-18T11:13:35.493514" level="INFO">{'results': [{'gender': 'female', 'name': {'title': 'Ms', 'first': 'Tamara', 'last': 'Nikolić'}, 'location': {'street': {'number': 8307, 'name': 'Milije Marinkovića'}, 'city': 'Kanjiža', 'state': 'Braničevo', 'country': 'Serbia', 'postcode': 53375, 'coordinates': {'latitude': '61.5476', 'longitude': '138.7145'}, 'timezone': {'offset': '+9:00', 'description': 'Tokyo, Seoul, Osaka, Sapporo, Yakutsk'}}, 'email': 'tamara.nikolic@example.com', 'login': {'uuid': 'd7edd840-7b43-4cdb-bf5c-1b7c321665e5', 'username': 'silverbutterfly746', 'password': 'elaine', 'salt': 'SslW1QC8', 'md5': '947b84a9509641b90e05e55f65147e1c', 'sha1': '654becd18e856ec9bee0efd969ea089add89b6ae', 'sha256': '7c5202637f87f5c1acfbbd9e7f9936d7896c7ad0299c157de29472ba54691306'}, 'dob': {'date': '1972-01-11T23:52:12.550Z', 'age': 52}, 'registered': {'date': '2018-03-04T16:09:56.326Z', 'age': 6}, 'phone': '010-3438-395', 'cell': '065-0702-984', 'id': {'name': 'SID', 'value': '412801388'}, 'picture': {'large': 'https://randomuser.me/api/portraits/women/21.jpg', 'medium': 'https://randomuser.me/api/portraits/med/women/21.jpg', 'thumbnail': 'https://randomuser.me/api/portraits/thumb/women/21.jpg'}, 'nat': 'RS'}], 'info': {'seed': 'e3b9b45de312af20', 'results': 1, 'page': 1, 'version': '1.4'}}</msg>
<arg>${json_data}</arg>
<doc>Logs the given message with the given level.</doc>
<status status="PASS" start="2024-06-18T11:13:35.493352" elapsed="0.000213"/>
</kw>
<kw name="Should Be Equal As Numbers" owner="BuiltIn">
<arg>${json_data['results'][0]['location']['postcode']}</arg>
<arg>${json_data['results'][0]['location']['postcode']}</arg>
<doc>Fails if objects are unequal after converting them to real numbers.</doc>
<status status="PASS" start="2024-06-18T11:13:35.493868" elapsed="0.000641"/>
</kw>
<kw name="Log" owner="BuiltIn">
<msg time="2024-06-18T11:13:35.495041" level="INFO">53375</msg>
<arg>${json_data['results'][0]['location']['postcode']}</arg>
<doc>Logs the given message with the given level.</doc>
<status status="PASS" start="2024-06-18T11:13:35.494705" elapsed="0.000412"/>
</kw>
<status status="PASS" start="2024-06-18T11:13:35.380397" elapsed="0.114984"/>
</kw>
<doc>Testa se os tipos de dados na resposta da API estão corretos.</doc>
<tag>testeTiposDados</tag>
<status status="PASS" start="2024-06-18T11:13:35.284405" elapsed="0.211145"/>
</test>
<test id="s1-s1-t5" name="Validar conteudo" line="35">
<kw name="Teste de Tipos de Conteudo" owner="random-user-service">
<kw name="GET On Session" owner="RequestsLibrary">
<msg time="2024-06-18T11:13:35.581750" level="INFO">GET Request : url=https://randomuser.me/api 
 path_url=/api 
 headers={'User-Agent': 'python-requests/2.32.3', 'Accept-Encoding': 'gzip, deflate', 'Accept': '*/*', 'Connection': 'keep-alive'} 
 body=None 
 </msg>
<msg time="2024-06-18T11:13:35.581836" level="INFO">GET Response : url=https://randomuser.me/api 
 status=200, reason=OK 
 headers={'Date': 'Tue, 18 Jun 2024 11:13:35 GMT', 'Content-Type': 'application/json; charset=utf-8', 'Transfer-Encoding': 'chunked', 'Connection': 'keep-alive', 'X-Powered-By': 'Express', 'Access-Control-Allow-Origin': '*', 'Cache-Control': 'no-cache', 'ETag': 'W/"48a-IcmMzdrmUNdXHqVqrMW7qOxLOCU"', 'Vary': 'Accept-Encoding', 'Content-Encoding': 'gzip', 'CF-Cache-Status': 'DYNAMIC', 'Report-To': '{"endpoints":[{"url":"https:\\/\\/a.nel.cloudflare.com\\/report\\/v4?s=1GtnS6abdL%2FzpSOq6h8ZLE3%2FObR7CqxzelyRPLe6Y5g5WsYJ7XIaOSOHIpO3ASmWtbfF3%2B4q0sKjqzm2TCp%2FkTzhlOY4Ijn65IXl2nPt7dEbyDg%2Btf%2FQmutIgY9RreCp"}],"group":"cf-nel","max_age":604800}', 'NEL': '{"success_fraction":0,"report_to":"cf-nel","max_age":604800}', 'Server': 'cloudflare', 'CF-RAY': '895ad9d4ecc0fa36-SJC', 'alt-svc': 'h3=":443"; ma=86400'} 
 body={"results":[{"gender":"female","name":{"title":"Mrs","first":"Maia","last":"Clarke"},"location":{"street":{"number":4565,"name":"Kennedy Road"},"city":"Taupo","state":"Taranaki","country":"New Zealand","postcode":37124,"coordinates":{"latitude":"49.1159","longitude":"111.8298"},"timezone":{"offset":"+11:00","description":"Magadan, Solomon Islands, New Caledonia"}},"email":"maia.clarke@example.com","login":{"uuid":"a18f76bb-4be5-4cc4-963a-2084bd1dfbfa","username":"redcat148","password":"celine","salt":"S5wWUqLB","md5":"b292eefd1dcf01e2f24be6d5d011d51c","sha1":"043de2d0953cf6a83d1eb2579d97aa391e490466","sha256":"68fa40bfa0cc59010f9ce41916b591819302c4da31c64454e2c543458521108b"},"dob":{"date":"1976-01-06T07:35:04.989Z","age":48},"registered":{"date":"2007-10-13T06:58:15.787Z","age":16},"phone":"(808)-969-6515","cell":"(872)-230-6073","id":{"name":"","value":null},"picture":{"large":"https://randomuser.me/api/portraits/women/70.jpg","medium":"https://randomuser.me/api/portraits/med/women/70.jpg","thumbnail":"https://randomuser.me/api/portraits/thumb/women/70.jpg"},"nat":"NZ"}],"info":{"seed":"5200ed8ad03f6fa4","results":1,"page":1,"version":"1.4"}} 
 </msg>
<msg time="2024-06-18T11:13:35.581923" level="INFO">/opt/hostedtoolcache/Python/3.12.3/x64/lib/python3.12/site-packages/urllib3/connectionpool.py:1099: InsecureRequestWarning: Unverified HTTPS request is being made to host 'randomuser.me'. Adding certificate verification is strongly advised. See: https://urllib3.readthedocs.io/en/latest/advanced-usage.html#tls-warnings
  warnings.warn(</msg>
<msg time="2024-06-18T11:13:35.582042" level="INFO">${response} = &lt;Response [200]&gt;</msg>
<var>${response}</var>
<arg>consultarAPI</arg>
<arg>/api</arg>
<doc>Sends a GET request on a previously created HTTP Session.</doc>
<status status="PASS" start="2024-06-18T11:13:35.498130" elapsed="0.083965"/>
</kw>
<kw name="Set Variable" owner="BuiltIn">
<msg time="2024-06-18T11:13:35.583392" level="INFO">${json_data} = {'results': [{'gender': 'female', 'name': {'title': 'Mrs', 'first': 'Maia', 'last': 'Clarke'}, 'location': {'street': {'number': 4565, 'name': 'Kennedy Road'}, 'city': 'Taupo', 'state': 'Taranaki', 'c...</msg>
<var>${json_data}</var>
<arg>${response.json()}</arg>
<doc>Returns the given values which can then be assigned to a variables.</doc>
<status status="PASS" start="2024-06-18T11:13:35.582655" elapsed="0.000786"/>
</kw>
<kw name="Set Variable" owner="BuiltIn">
<msg time="2024-06-18T11:13:35.584603" level="INFO">${name_title} = Mrs</msg>
<var>${name_title}</var>
<arg>${json_data["results"][0]["name"]["title"]}</arg>
<doc>Returns the given values which can then be assigned to a variables.</doc>
<status status="PASS" start="2024-06-18T11:13:35.583965" elapsed="0.000680"/>
</kw>
<kw name="Create List" owner="BuiltIn">
<msg time="2024-06-18T11:13:35.585292" level="INFO">${allowed_titles} = ['Mr', 'Ms', 'Miss', 'Mrs', 'Madame', 'Monsieur']</msg>
<var>${allowed_titles}</var>
<arg>Mr</arg>
<arg>Ms</arg>
<arg>Miss</arg>
<arg>Mrs</arg>
<arg>Madame</arg>
<arg>Monsieur</arg>
<doc>Returns a list containing given items.</doc>
<status status="PASS" start="2024-06-18T11:13:35.585069" elapsed="0.000260"/>
</kw>
<kw name="List Should Contain Value" owner="Collections">
<arg>${allowed_titles}</arg>
<arg>${name_title}</arg>
<doc>Fails if the ``value`` is not found from ``list``.</doc>
<status status="PASS" start="2024-06-18T11:13:35.585775" elapsed="0.000261"/>
</kw>
<kw name="Set Variable" owner="BuiltIn">
<msg time="2024-06-18T11:13:35.586807" level="INFO">${name_country} = NZ</msg>
<var>${name_country}</var>
<arg>${json_data["results"][0]["nat"]}</arg>
<doc>Returns the given values which can then be assigned to a variables.</doc>
<status status="PASS" start="2024-06-18T11:13:35.586313" elapsed="0.000520"/>
</kw>
<kw name="Create List" owner="BuiltIn">
<msg time="2024-06-18T11:13:35.587774" level="INFO">${list_country} = ['AD', 'AE', 'AF', 'AG', 'AI', 'AL', 'AM', 'AO', 'AQ', 'AR', 'AS', 'AT', 'AU', 'AW', 'AX', 'AZ', 'BA', 'BB', 'BD', 'BE', 'BF', 'BG', 'BH', 'BI', 'BJ', 'BL', 'BM', 'BN', 'BO', 'BQ', 'BR', 'BS', 'BT', '...</msg>
<var>${list_country}</var>
<arg>AD</arg>
<arg>AE</arg>
<arg>AF</arg>
<arg>AG</arg>
<arg>AI</arg>
<arg>AL</arg>
<arg>AM</arg>
<arg>AO</arg>
<arg>AQ</arg>
<arg>AR</arg>
<arg>AS</arg>
<arg>AT</arg>
<arg>AU</arg>
<arg>AW</arg>
<arg>AX</arg>
<arg>AZ</arg>
<arg>BA</arg>
<arg>BB</arg>
<arg>BD</arg>
<arg>BE</arg>
<arg>BF</arg>
<arg>BG</arg>
<arg>BH</arg>
<arg>BI</arg>
<arg>BJ</arg>
<arg>BL</arg>
<arg>BM</arg>
<arg>BN</arg>
<arg>BO</arg>
<arg>BQ</arg>
<arg>BR</arg>
<arg>BS</arg>
<arg>BT</arg>
<arg>BV</arg>
<arg>BW</arg>
<arg>BY</arg>
<arg>BZ</arg>
<arg>CA</arg>
<arg>CC</arg>
<arg>CD</arg>
<arg>CF</arg>
<arg>CG</arg>
<arg>CH</arg>
<arg>CI</arg>
<arg>CK</arg>
<arg>CL</arg>
<arg>CM</arg>
<arg>CN</arg>
<arg>CO</arg>
<arg>CR</arg>
<arg>CU</arg>
<arg>CV</arg>
<arg>CW</arg>
<arg>CX</arg>
<arg>CY</arg>
<arg>CZ</arg>
<arg>DE</arg>
<arg>DJ</arg>
<arg>DK</arg>
<arg>DM</arg>
<arg>DO</arg>
<arg>DZ</arg>
<arg>EC</arg>
<arg>EE</arg>
<arg>EG</arg>
<arg>EH</arg>
<arg>ER</arg>
<arg>ES</arg>
<arg>ET</arg>
<arg>FI</arg>
<arg>FJ</arg>
<arg>FK</arg>
<arg>FM</arg>
<arg>FO</arg>
<arg>FR</arg>
<arg>GA</arg>
<arg>GB</arg>
<arg>GD</arg>
<arg>GE</arg>
<arg>GF</arg>
<arg>GG</arg>
<arg>GH</arg>
<arg>GI</arg>
<arg>GL</arg>
<arg>GM</arg>
<arg>GN</arg>
<arg>GP</arg>
<arg>GQ</arg>
<arg>GR</arg>
<arg>GS</arg>
<arg>GT</arg>
<arg>GU</arg>
<arg>GW</arg>
<arg>GY</arg>
<arg>HK</arg>
<arg>HM</arg>
<arg>HN</arg>
<arg>HR</arg>
<arg>HT</arg>
<arg>HU</arg>
<arg>ID</arg>
<arg>IE</arg>
<arg>IL</arg>
<arg>IM</arg>
<arg>IN</arg>
<arg>IO</arg>
<arg>IQ</arg>
<arg>IR</arg>
<arg>IS</arg>
<arg>IT</arg>
<arg>JE</arg>
<arg>JM</arg>
<arg>JO</arg>
<arg>JP</arg>
<arg>KE</arg>
<arg>KG</arg>
<arg>KH</arg>
<arg>KI</arg>
<arg>KM</arg>
<arg>KN</arg>
<arg>KP</arg>
<arg>KR</arg>
<arg>KW</arg>
<arg>KY</arg>
<arg>KZ</arg>
<arg>LA</arg>
<arg>LB</arg>
<arg>LC</arg>
<arg>LI</arg>
<arg>LK</arg>
<arg>LR</arg>
<arg>LS</arg>
<arg>LT</arg>
<arg>LU</arg>
<arg>LV</arg>
<arg>LY</arg>
<arg>MA</arg>
<arg>MC</arg>
<arg>MD</arg>
<arg>ME</arg>
<arg>MF</arg>
<arg>MG</arg>
<arg>MH</arg>
<arg>MK</arg>
<arg>ML</arg>
<arg>MM</arg>
<arg>MN</arg>
<arg>MO</arg>
<arg>MP</arg>
<arg>MQ</arg>
<arg>MR</arg>
<arg>MS</arg>
<arg>MT</arg>
<arg>MU</arg>
<arg>MV</arg>
<arg>MW</arg>
<arg>MX</arg>
<arg>MY</arg>
<arg>MZ</arg>
<arg>NA</arg>
<arg>NC</arg>
<arg>NE</arg>
<arg>NF</arg>
<arg>NG</arg>
<arg>NI</arg>
<arg>NL</arg>
<arg>NO</arg>
<arg>NP</arg>
<arg>NR</arg>
<arg>NU</arg>
<arg>NZ</arg>
<arg>OM</arg>
<arg>PA</arg>
<arg>PE</arg>
<arg>PF</arg>
<arg>PG</arg>
<arg>PH</arg>
<arg>PK</arg>
<arg>PL</arg>
<arg>PM</arg>
<arg>PN</arg>
<arg>PR</arg>
<arg>PS</arg>
<arg>PT</arg>
<arg>PW</arg>
<arg>PY</arg>
<arg>QA</arg>
<arg>RE</arg>
<arg>RO</arg>
<arg>RS</arg>
<arg>RU</arg>
<arg>RW</arg>
<arg>SA</arg>
<arg>SB</arg>
<arg>SC</arg>
<arg>SD</arg>
<arg>SE</arg>
<arg>SG</arg>
<arg>SH</arg>
<arg>SI</arg>
<arg>SJ</arg>
<arg>SK</arg>
<arg>SL</arg>
<arg>SM</arg>
<arg>SN</arg>
<arg>SO</arg>
<arg>SR</arg>
<arg>SS</arg>
<arg>ST</arg>
<arg>SV</arg>
<arg>SX</arg>
<arg>SY</arg>
<arg>SZ</arg>
<arg>TC</arg>
<arg>TD</arg>
<arg>TF</arg>
<arg>TG</arg>
<arg>TH</arg>
<arg>TJ</arg>
<arg>TK</arg>
<arg>TL</arg>
<arg>TM</arg>
<arg>TN</arg>
<arg>TO</arg>
<arg>TR</arg>
<arg>TT</arg>
<arg>TV</arg>
<arg>TW</arg>
<arg>TZ</arg>
<arg>UA</arg>
<arg>UG</arg>
<arg>UM</arg>
<arg>US</arg>
<arg>UY</arg>
<arg>UZ</arg>
<arg>VA</arg>
<arg>VC</arg>
<arg>VE</arg>
<arg>VG</arg>
<arg>VI</arg>
<arg>VN</arg>
<arg>VU</arg>
<arg>WF</arg>
<arg>WS</arg>
<arg>XK</arg>
<arg>YE</arg>
<arg>YT</arg>
<arg>ZA</arg>
<arg>ZM</arg>
<arg>ZW</arg>
<doc>Returns a list containing given items.</doc>
<status status="PASS" start="2024-06-18T11:13:35.587139" elapsed="0.000663"/>
</kw>
<kw name="List Should Contain Value" owner="Collections">
<arg>${list_country}</arg>
<arg>${name_country}</arg>
<doc>Fails if the ``value`` is not found from ``list``.</doc>
<status status="PASS" start="2024-06-18T11:13:35.588602" elapsed="0.000208"/>
</kw>
<kw name="Run Keyword If" owner="BuiltIn">
<kw name="Should Be True" owner="BuiltIn">
<arg>${True}</arg>
<doc>Fails if the given condition is not true.</doc>
<status status="PASS" start="2024-06-18T11:13:35.589878" elapsed="0.000143"/>
</kw>
<arg>${json_data["results"][0]["location"]["coordinates"]["latitude"]} &gt;= -90 and ${json_data["results"][0]["location"]["coordinates"]["latitude"]} &lt;= 90</arg>
<arg>Should Be True</arg>
<arg>${True}</arg>
<doc>Runs the given keyword with the given arguments, if ``condition`` is true.</doc>
<status status="PASS" start="2024-06-18T11:13:35.589016" elapsed="0.001132"/>
</kw>
<kw name="Run Keyword If" owner="BuiltIn">
<kw name="Should Be True" owner="BuiltIn">
<arg>${True}</arg>
<doc>Fails if the given condition is not true.</doc>
<status status="PASS" start="2024-06-18T11:13:35.591021" elapsed="0.000139"/>
</kw>
<arg>${json_data["results"][0]["location"]["coordinates"]["longitude"]} &gt;= -180 and ${json_data["results"][0]["location"]["coordinates"]["longitude"]} &lt;= 180</arg>
<arg>Should Be True</arg>
<arg>${True}</arg>
<doc>Runs the given keyword with the given arguments, if ``condition`` is true.</doc>
<status status="PASS" start="2024-06-18T11:13:35.590332" elapsed="0.000953"/>
</kw>
<status status="PASS" start="2024-06-18T11:13:35.497905" elapsed="0.093509"/>
</kw>
<doc>Testa o conteúdo específico dos campos retornados pela API.</doc>
<tag>testeConteudo</tag>
<status status="PASS" start="2024-06-18T11:13:35.497365" elapsed="0.094196"/>
</test>
<status status="PASS" start="2024-06-18T11:13:34.656670" elapsed="0.936814"/>
</suite>
<status status="PASS" start="2024-06-18T11:13:34.643310" elapsed="0.955183"/>
</suite>
<statistics>
<total>
<stat pass="5" fail="0" skip="0">All Tests</stat>
</total>
<tag>
<stat pass="1" fail="0" skip="0">testeConteudo</stat>
<stat pass="1" fail="0" skip="0">testeEstruturaResposta</stat>
<stat pass="1" fail="0" skip="0">testeRequisicaoBasica</stat>
<stat pass="1" fail="0" skip="0">testeTiposDados</stat>
</tag>
<suite>
<stat pass="5" fail="0" skip="0" id="s1" name="Tests">Tests</stat>
<stat pass="5" fail="0" skip="0" id="s1-s1" name="Random-User-Test">Tests.Random-User-Test</stat>
</suite>
</statistics>
<errors>
</errors>
</robot>
