<?xml version="1.0" encoding="UTF-8"?>
<robot generator="Robot 7.0.1 (Python 3.12.4 on linux)" generated="2024-07-13T04:17:31.365851" rpa="false" schemaversion="5">
<suite id="s1" name="Tests" source="/home/runner/work/ApiRandomUser/ApiRandomUser/RamdonUser/tests">
<suite id="s1-s1" name="Random-User-Test" source="/home/runner/work/ApiRandomUser/ApiRandomUser/RamdonUser/tests/random-user-test.robot">
<test id="s1-s1-t1" name="Conectar" line="13">
<kw name="Conectar API" owner="random-user-service">
<kw name="Create Session" owner="RequestsLibrary">
<msg time="2024-07-13T04:17:31.799317" level="INFO">Creating Session using : alias=consultarAPI, url=https://randomuser.me/, headers={},                     cookies={}, auth=None, timeout=None, proxies=None, verify=False,                     debug=0 </msg>
<arg>consultarAPI</arg>
<arg>${URL}</arg>
<doc>Create Session: create a HTTP session to a server</doc>
<status status="PASS" start="2024-07-13T04:17:31.799052" elapsed="0.000557"/>
</kw>
<status status="PASS" start="2024-07-13T04:17:31.797950" elapsed="0.002126"/>
</kw>
<status status="PASS" start="2024-07-13T04:17:31.797240" elapsed="0.003046"/>
</test>
<test id="s1-s1-t2" name="Validar retorno 200 e JSON Válido" line="16">
<kw name="Teste de Requisicao Basica" owner="random-user-service">
<kw name="GET On Session" owner="RequestsLibrary">
<msg time="2024-07-13T04:17:32.588868" level="INFO">GET Request : url=https://randomuser.me/api 
 path_url=/api 
 headers={'User-Agent': 'python-requests/2.32.3', 'Accept-Encoding': 'gzip, deflate', 'Accept': '*/*', 'Connection': 'keep-alive'} 
 body=None 
 </msg>
<msg time="2024-07-13T04:17:32.589027" level="INFO">GET Response : url=https://randomuser.me/api 
 status=200, reason=OK 
 headers={'Date': 'Sat, 13 Jul 2024 04:17:32 GMT', 'Content-Type': 'application/json; charset=utf-8', 'Transfer-Encoding': 'chunked', 'Connection': 'keep-alive', 'X-Powered-By': 'Express', 'Access-Control-Allow-Origin': '*', 'Cache-Control': 'no-cache', 'ETag': 'W/"497-lUoWYIbG6D75HwXf7PGCBc0b0v8"', 'Vary': 'Accept-Encoding', 'Content-Encoding': 'gzip', 'CF-Cache-Status': 'DYNAMIC', 'Report-To': '{"endpoints":[{"url":"https:\\/\\/a.nel.cloudflare.com\\/report\\/v4?s=fG60Gc9UVHP8QH0peoKLcPwMFI52Gbx69NIJXW3PfcA1oRtvX%2FQcb5Fiyg%2FLQiSoUkL7CZ85l4ZHiKP8hOiV3kyXsmgA8NvJ91hibmfgUxzyjSfECUP8sb%2FDKiT%2F0FbC"}],"group":"cf-nel","max_age":604800}', 'NEL': '{"success_fraction":0,"report_to":"cf-nel","max_age":604800}', 'Server': 'cloudflare', 'CF-RAY': '8a2676be9c9f5b4d-IAD', 'alt-svc': 'h3=":443"; ma=86400'} 
 body={"results":[{"gender":"female","name":{"title":"Ms","first":"Peyton","last":"Wright"},"location":{"street":{"number":1802,"name":"Marshland Road"},"city":"Upper Hutt","state":"Bay of Plenty","country":"New Zealand","postcode":81085,"coordinates":{"latitude":"47.4396","longitude":"102.6668"},"timezone":{"offset":"-3:00","description":"Brazil, Buenos Aires, Georgetown"}},"email":"peyton.wright@example.com","login":{"uuid":"cfd528d1-c369-485e-a839-9aa5e358ff8c","username":"organicmouse695","password":"chilly","salt":"myKFv6PH","md5":"6a8adba0de64b29022ec42d0fe64ba66","sha1":"01b8118cc19c47f9b03cb0503a84100312b2eed0","sha256":"12ea937cbfe49e5a7f79571fc08e47e11571910d60712b7b657a4f9624356e13"},"dob":{"date":"1980-09-18T01:57:36.918Z","age":43},"registered":{"date":"2009-01-02T16:10:58.437Z","age":15},"phone":"(235)-995-7599","cell":"(965)-272-3776","id":{"name":"","value":null},"picture":{"large":"https://randomuser.me/api/portraits/women/90.jpg","medium":"https://randomuser.me/api/portraits/med/women/90.jpg","thumbnail":"https://randomuser.me/api/portraits/thumb/women/90.jpg"},"nat":"NZ"}],"info":{"seed":"90fcd56f69f5a585","results":1,"page":1,"version":"1.4"}} 
 </msg>
<msg time="2024-07-13T04:17:32.589117" level="INFO">/opt/hostedtoolcache/Python/3.12.4/x64/lib/python3.12/site-packages/urllib3/connectionpool.py:1099: InsecureRequestWarning: Unverified HTTPS request is being made to host 'randomuser.me'. Adding certificate verification is strongly advised. See: https://urllib3.readthedocs.io/en/latest/advanced-usage.html#tls-warnings
  warnings.warn(</msg>
<msg time="2024-07-13T04:17:32.589263" level="INFO">${response} = &lt;Response [200]&gt;</msg>
<var>${response}</var>
<arg>consultarAPI</arg>
<arg>/api</arg>
<doc>Sends a GET request on a previously created HTTP Session.</doc>
<status status="PASS" start="2024-07-13T04:17:31.803276" elapsed="0.786032"/>
</kw>
<kw name="Should Be Equal As Numbers" owner="BuiltIn">
<msg time="2024-07-13T04:17:32.590402" level="INFO">Argument types are:
&lt;class 'int'&gt;
&lt;class 'str'&gt;</msg>
<arg>${response.status_code}</arg>
<arg>200</arg>
<doc>Fails if objects are unequal after converting them to real numbers.</doc>
<status status="PASS" start="2024-07-13T04:17:32.589907" elapsed="0.000567"/>
</kw>
<kw name="Log" owner="BuiltIn">
<msg time="2024-07-13T04:17:32.591208" level="INFO">200</msg>
<arg>${response.status_code}</arg>
<doc>Logs the given message with the given level.</doc>
<status status="PASS" start="2024-07-13T04:17:32.590840" elapsed="0.000410"/>
</kw>
<kw name="Set Variable" owner="BuiltIn">
<msg time="2024-07-13T04:17:32.592086" level="INFO">${json_data} = {'results': [{'gender': 'female', 'name': {'title': 'Ms', 'first': 'Peyton', 'last': 'Wright'}, 'location': {'street': {'number': 1802, 'name': 'Marshland Road'}, 'city': 'Upper Hutt', 'state': 'Bay o...</msg>
<var>${json_data}</var>
<arg>${response.json()}</arg>
<doc>Returns the given values which can then be assigned to a variables.</doc>
<status status="PASS" start="2024-07-13T04:17:32.591627" elapsed="0.000488"/>
</kw>
<kw name="Dictionary Should Contain Key" owner="Collections">
<arg>${json_data}</arg>
<arg>results</arg>
<doc>Fails if ``key`` is not found from ``dictionary``.</doc>
<status status="PASS" start="2024-07-13T04:17:32.592424" elapsed="0.000168"/>
</kw>
<status status="PASS" start="2024-07-13T04:17:31.802956" elapsed="0.789794"/>
</kw>
<doc>Testa se a API responde corretamente e retorna um objeto JSON válido.</doc>
<tag>testeRequisicaoBasica</tag>
<status status="PASS" start="2024-07-13T04:17:31.802287" elapsed="0.790644"/>
</test>
<test id="s1-s1-t3" name="Validar estrutura de resposta" line="22">
<kw name="Teste de Estrutura de Resposta" owner="random-user-service">
<kw name="GET On Session" owner="RequestsLibrary">
<msg time="2024-07-13T04:17:32.885192" level="INFO">GET Request : url=https://randomuser.me/api 
 path_url=/api 
 headers={'User-Agent': 'python-requests/2.32.3', 'Accept-Encoding': 'gzip, deflate', 'Accept': '*/*', 'Connection': 'keep-alive'} 
 body=None 
 </msg>
<msg time="2024-07-13T04:17:32.885305" level="INFO">GET Response : url=https://randomuser.me/api 
 status=200, reason=OK 
 headers={'Date': 'Sat, 13 Jul 2024 04:17:32 GMT', 'Content-Type': 'application/json; charset=utf-8', 'Transfer-Encoding': 'chunked', 'Connection': 'keep-alive', 'X-Powered-By': 'Express', 'Access-Control-Allow-Origin': '*', 'Cache-Control': 'no-cache', 'ETag': 'W/"481-VzpDNMJW7YGv1nhzYFDfzlsOU7k"', 'Vary': 'Accept-Encoding', 'Content-Encoding': 'gzip', 'CF-Cache-Status': 'DYNAMIC', 'Report-To': '{"endpoints":[{"url":"https:\\/\\/a.nel.cloudflare.com\\/report\\/v4?s=wZJF0VCugonqk5YwJMfd37nSl4XKQsfgVY5GwOi9YzAATC03GxNVvnY%2B%2F2UA2D50%2BZlscK73cGjh3osksLPnhK1w7gvnOdolC8ljdF9KO452UGVF1sS1Jhebq3st7%2Fnh"}],"group":"cf-nel","max_age":604800}', 'NEL': '{"success_fraction":0,"report_to":"cf-nel","max_age":604800}', 'Server': 'cloudflare', 'CF-RAY': '8a2676c2bf385b4d-IAD', 'alt-svc': 'h3=":443"; ma=86400'} 
 body={"results":[{"gender":"male","name":{"title":"Mr","first":"Eivind","last":"Emblem"},"location":{"street":{"number":2166,"name":"Torvbakkgata"},"city":"Lillesand","state":"Sør-Trøndelag","country":"Norway","postcode":"1251","coordinates":{"latitude":"46.8601","longitude":"-32.1130"},"timezone":{"offset":"-8:00","description":"Pacific Time (US &amp; Canada)"}},"email":"eivind.emblem@example.com","login":{"uuid":"3223e7c3-26bd-44fa-aa63-7812635f3eb2","username":"happyduck499","password":"painter","salt":"iBQ1p8Ok","md5":"cb0b7c34f68ef41bff16ed97c2ec957d","sha1":"907a7a0f77b1f6d0287367032d0c39b4e4a867cf","sha256":"62b9bfda54cede507a6453f45dc1d66a813c8ad73f74bb70a80f658eea3d7119"},"dob":{"date":"1973-07-11T20:56:20.418Z","age":51},"registered":{"date":"2004-03-04T08:01:44.699Z","age":20},"phone":"52392861","cell":"93504045","id":{"name":"FN","value":"11077329791"},"picture":{"large":"https://randomuser.me/api/portraits/men/18.jpg","medium":"https://randomuser.me/api/portraits/med/men/18.jpg","thumbnail":"https://randomuser.me/api/portraits/thumb/men/18.jpg"},"nat":"NO"}],"info":{"seed":"84d930459c6fba41","results":1,"page":1,"version":"1.4"}} 
 </msg>
<msg time="2024-07-13T04:17:32.885455" level="INFO">/opt/hostedtoolcache/Python/3.12.4/x64/lib/python3.12/site-packages/urllib3/connectionpool.py:1099: InsecureRequestWarning: Unverified HTTPS request is being made to host 'randomuser.me'. Adding certificate verification is strongly advised. See: https://urllib3.readthedocs.io/en/latest/advanced-usage.html#tls-warnings
  warnings.warn(</msg>
<msg time="2024-07-13T04:17:32.885611" level="INFO">${response} = &lt;Response [200]&gt;</msg>
<var>${response}</var>
<arg>consultarAPI</arg>
<arg>/api</arg>
<doc>Sends a GET request on a previously created HTTP Session.</doc>
<status status="PASS" start="2024-07-13T04:17:32.596038" elapsed="0.289630"/>
</kw>
<kw name="Set Variable" owner="BuiltIn">
<msg time="2024-07-13T04:17:32.886950" level="INFO">${json_data} = {'results': [{'gender': 'male', 'name': {'title': 'Mr', 'first': 'Eivind', 'last': 'Emblem'}, 'location': {'street': {'number': 2166, 'name': 'Torvbakkgata'}, 'city': 'Lillesand', 'state': 'Sør-Trønde...</msg>
<var>${json_data}</var>
<arg>${response.json()}</arg>
<doc>Returns the given values which can then be assigned to a variables.</doc>
<status status="PASS" start="2024-07-13T04:17:32.886361" elapsed="0.000619"/>
</kw>
<kw name="Log" owner="BuiltIn">
<msg time="2024-07-13T04:17:32.887563" level="INFO">{'results': [{'gender': 'male', 'name': {'title': 'Mr', 'first': 'Eivind', 'last': 'Emblem'}, 'location': {'street': {'number': 2166, 'name': 'Torvbakkgata'}, 'city': 'Lillesand', 'state': 'Sør-Trøndelag', 'country': 'Norway', 'postcode': '1251', 'coordinates': {'latitude': '46.8601', 'longitude': '-32.1130'}, 'timezone': {'offset': '-8:00', 'description': 'Pacific Time (US &amp; Canada)'}}, 'email': 'eivind.emblem@example.com', 'login': {'uuid': '3223e7c3-26bd-44fa-aa63-7812635f3eb2', 'username': 'happyduck499', 'password': 'painter', 'salt': 'iBQ1p8Ok', 'md5': 'cb0b7c34f68ef41bff16ed97c2ec957d', 'sha1': '907a7a0f77b1f6d0287367032d0c39b4e4a867cf', 'sha256': '62b9bfda54cede507a6453f45dc1d66a813c8ad73f74bb70a80f658eea3d7119'}, 'dob': {'date': '1973-07-11T20:56:20.418Z', 'age': 51}, 'registered': {'date': '2004-03-04T08:01:44.699Z', 'age': 20}, 'phone': '52392861', 'cell': '93504045', 'id': {'name': 'FN', 'value': '11077329791'}, 'picture': {'large': 'https://randomuser.me/api/portraits/men/18.jpg', 'medium': 'https://randomuser.me/api/portraits/med/men/18.jpg', 'thumbnail': 'https://randomuser.me/api/portraits/thumb/men/18.jpg'}, 'nat': 'NO'}], 'info': {'seed': '84d930459c6fba41', 'results': 1, 'page': 1, 'version': '1.4'}}</msg>
<arg>${json_data}</arg>
<doc>Logs the given message with the given level.</doc>
<status status="PASS" start="2024-07-13T04:17:32.887339" elapsed="0.000289"/>
</kw>
<kw name="Dictionary Should Contain Key" owner="Collections">
<arg>${json_data}</arg>
<arg>results</arg>
<doc>Fails if ``key`` is not found from ``dictionary``.</doc>
<status status="PASS" start="2024-07-13T04:17:32.887938" elapsed="0.000165"/>
</kw>
<kw name="Should Not Be Empty" owner="BuiltIn">
<msg time="2024-07-13T04:17:32.888442" level="INFO">Length is 2.</msg>
<arg>${json_data}</arg>
<doc>Verifies that the given item is not empty.</doc>
<status status="PASS" start="2024-07-13T04:17:32.888304" elapsed="0.000179"/>
</kw>
<kw name="Create List" owner="BuiltIn">
<msg time="2024-07-13T04:17:32.889126" level="INFO">${expected_keys} = ['gender', 'name', 'location', 'email', 'login']</msg>
<var>${expected_keys}</var>
<arg>gender</arg>
<arg>name</arg>
<arg>location</arg>
<arg>email</arg>
<arg>login</arg>
<doc>Returns a list containing given items.</doc>
<status status="PASS" start="2024-07-13T04:17:32.888782" elapsed="0.000370"/>
</kw>
<for flavor="IN">
<iter>
<kw name="Dictionary Should Contain Key" owner="Collections">
<arg>${json_data['results'][0]}</arg>
<arg>${key}</arg>
<doc>Fails if ``key`` is not found from ``dictionary``.</doc>
<status status="PASS" start="2024-07-13T04:17:32.889785" elapsed="0.000440"/>
</kw>
<kw name="Log" owner="BuiltIn">
<msg time="2024-07-13T04:17:32.890782" level="INFO">{'gender': 'male', 'name': {'title': 'Mr', 'first': 'Eivind', 'last': 'Emblem'}, 'location': {'street': {'number': 2166, 'name': 'Torvbakkgata'}, 'city': 'Lillesand', 'state': 'Sør-Trøndelag', 'country': 'Norway', 'postcode': '1251', 'coordinates': {'latitude': '46.8601', 'longitude': '-32.1130'}, 'timezone': {'offset': '-8:00', 'description': 'Pacific Time (US &amp; Canada)'}}, 'email': 'eivind.emblem@example.com', 'login': {'uuid': '3223e7c3-26bd-44fa-aa63-7812635f3eb2', 'username': 'happyduck499', 'password': 'painter', 'salt': 'iBQ1p8Ok', 'md5': 'cb0b7c34f68ef41bff16ed97c2ec957d', 'sha1': '907a7a0f77b1f6d0287367032d0c39b4e4a867cf', 'sha256': '62b9bfda54cede507a6453f45dc1d66a813c8ad73f74bb70a80f658eea3d7119'}, 'dob': {'date': '1973-07-11T20:56:20.418Z', 'age': 51}, 'registered': {'date': '2004-03-04T08:01:44.699Z', 'age': 20}, 'phone': '52392861', 'cell': '93504045', 'id': {'name': 'FN', 'value': '11077329791'}, 'picture': {'large': 'https://randomuser.me/api/portraits/men/18.jpg', 'medium': 'https://randomuser.me/api/portraits/med/men/18.jpg', 'thumbnail': 'https://randomuser.me/api/portraits/thumb/men/18.jpg'}, 'nat': 'NO'}</msg>
<arg>${json_data['results'][0]}</arg>
<doc>Logs the given message with the given level.</doc>
<status status="PASS" start="2024-07-13T04:17:32.890414" elapsed="0.000421"/>
</kw>
<kw name="Log" owner="BuiltIn">
<msg time="2024-07-13T04:17:32.891280" level="INFO">gender</msg>
<arg>${key}</arg>
<doc>Logs the given message with the given level.</doc>
<status status="PASS" start="2024-07-13T04:17:32.891148" elapsed="0.000171"/>
</kw>
<var name="${key}">gender</var>
<status status="PASS" start="2024-07-13T04:17:32.889644" elapsed="0.001937"/>
</iter>
<iter>
<kw name="Dictionary Should Contain Key" owner="Collections">
<arg>${json_data['results'][0]}</arg>
<arg>${key}</arg>
<doc>Fails if ``key`` is not found from ``dictionary``.</doc>
<status status="PASS" start="2024-07-13T04:17:32.891910" elapsed="0.000400"/>
</kw>
<kw name="Log" owner="BuiltIn">
<msg time="2024-07-13T04:17:32.892860" level="INFO">{'gender': 'male', 'name': {'title': 'Mr', 'first': 'Eivind', 'last': 'Emblem'}, 'location': {'street': {'number': 2166, 'name': 'Torvbakkgata'}, 'city': 'Lillesand', 'state': 'Sør-Trøndelag', 'country': 'Norway', 'postcode': '1251', 'coordinates': {'latitude': '46.8601', 'longitude': '-32.1130'}, 'timezone': {'offset': '-8:00', 'description': 'Pacific Time (US &amp; Canada)'}}, 'email': 'eivind.emblem@example.com', 'login': {'uuid': '3223e7c3-26bd-44fa-aa63-7812635f3eb2', 'username': 'happyduck499', 'password': 'painter', 'salt': 'iBQ1p8Ok', 'md5': 'cb0b7c34f68ef41bff16ed97c2ec957d', 'sha1': '907a7a0f77b1f6d0287367032d0c39b4e4a867cf', 'sha256': '62b9bfda54cede507a6453f45dc1d66a813c8ad73f74bb70a80f658eea3d7119'}, 'dob': {'date': '1973-07-11T20:56:20.418Z', 'age': 51}, 'registered': {'date': '2004-03-04T08:01:44.699Z', 'age': 20}, 'phone': '52392861', 'cell': '93504045', 'id': {'name': 'FN', 'value': '11077329791'}, 'picture': {'large': 'https://randomuser.me/api/portraits/men/18.jpg', 'medium': 'https://randomuser.me/api/portraits/med/men/18.jpg', 'thumbnail': 'https://randomuser.me/api/portraits/thumb/men/18.jpg'}, 'nat': 'NO'}</msg>
<arg>${json_data['results'][0]}</arg>
<doc>Logs the given message with the given level.</doc>
<status status="PASS" start="2024-07-13T04:17:32.892494" elapsed="0.000461"/>
</kw>
<kw name="Log" owner="BuiltIn">
<msg time="2024-07-13T04:17:32.893396" level="INFO">name</msg>
<arg>${key}</arg>
<doc>Logs the given message with the given level.</doc>
<status status="PASS" start="2024-07-13T04:17:32.893268" elapsed="0.000166"/>
</kw>
<var name="${key}">name</var>
<status status="PASS" start="2024-07-13T04:17:32.891792" elapsed="0.001870"/>
</iter>
<iter>
<kw name="Dictionary Should Contain Key" owner="Collections">
<arg>${json_data['results'][0]}</arg>
<arg>${key}</arg>
<doc>Fails if ``key`` is not found from ``dictionary``.</doc>
<status status="PASS" start="2024-07-13T04:17:32.893962" elapsed="0.000396"/>
</kw>
<kw name="Log" owner="BuiltIn">
<msg time="2024-07-13T04:17:32.894934" level="INFO">{'gender': 'male', 'name': {'title': 'Mr', 'first': 'Eivind', 'last': 'Emblem'}, 'location': {'street': {'number': 2166, 'name': 'Torvbakkgata'}, 'city': 'Lillesand', 'state': 'Sør-Trøndelag', 'country': 'Norway', 'postcode': '1251', 'coordinates': {'latitude': '46.8601', 'longitude': '-32.1130'}, 'timezone': {'offset': '-8:00', 'description': 'Pacific Time (US &amp; Canada)'}}, 'email': 'eivind.emblem@example.com', 'login': {'uuid': '3223e7c3-26bd-44fa-aa63-7812635f3eb2', 'username': 'happyduck499', 'password': 'painter', 'salt': 'iBQ1p8Ok', 'md5': 'cb0b7c34f68ef41bff16ed97c2ec957d', 'sha1': '907a7a0f77b1f6d0287367032d0c39b4e4a867cf', 'sha256': '62b9bfda54cede507a6453f45dc1d66a813c8ad73f74bb70a80f658eea3d7119'}, 'dob': {'date': '1973-07-11T20:56:20.418Z', 'age': 51}, 'registered': {'date': '2004-03-04T08:01:44.699Z', 'age': 20}, 'phone': '52392861', 'cell': '93504045', 'id': {'name': 'FN', 'value': '11077329791'}, 'picture': {'large': 'https://randomuser.me/api/portraits/men/18.jpg', 'medium': 'https://randomuser.me/api/portraits/med/men/18.jpg', 'thumbnail': 'https://randomuser.me/api/portraits/thumb/men/18.jpg'}, 'nat': 'NO'}</msg>
<arg>${json_data['results'][0]}</arg>
<doc>Logs the given message with the given level.</doc>
<status status="PASS" start="2024-07-13T04:17:32.894563" elapsed="0.000423"/>
</kw>
<kw name="Log" owner="BuiltIn">
<msg time="2024-07-13T04:17:32.895440" level="INFO">location</msg>
<arg>${key}</arg>
<doc>Logs the given message with the given level.</doc>
<status status="PASS" start="2024-07-13T04:17:32.895308" elapsed="0.000170"/>
</kw>
<var name="${key}">location</var>
<status status="PASS" start="2024-07-13T04:17:32.893849" elapsed="0.001913"/>
</iter>
<iter>
<kw name="Dictionary Should Contain Key" owner="Collections">
<arg>${json_data['results'][0]}</arg>
<arg>${key}</arg>
<doc>Fails if ``key`` is not found from ``dictionary``.</doc>
<status status="PASS" start="2024-07-13T04:17:32.896052" elapsed="0.000403"/>
</kw>
<kw name="Log" owner="BuiltIn">
<msg time="2024-07-13T04:17:32.897002" level="INFO">{'gender': 'male', 'name': {'title': 'Mr', 'first': 'Eivind', 'last': 'Emblem'}, 'location': {'street': {'number': 2166, 'name': 'Torvbakkgata'}, 'city': 'Lillesand', 'state': 'Sør-Trøndelag', 'country': 'Norway', 'postcode': '1251', 'coordinates': {'latitude': '46.8601', 'longitude': '-32.1130'}, 'timezone': {'offset': '-8:00', 'description': 'Pacific Time (US &amp; Canada)'}}, 'email': 'eivind.emblem@example.com', 'login': {'uuid': '3223e7c3-26bd-44fa-aa63-7812635f3eb2', 'username': 'happyduck499', 'password': 'painter', 'salt': 'iBQ1p8Ok', 'md5': 'cb0b7c34f68ef41bff16ed97c2ec957d', 'sha1': '907a7a0f77b1f6d0287367032d0c39b4e4a867cf', 'sha256': '62b9bfda54cede507a6453f45dc1d66a813c8ad73f74bb70a80f658eea3d7119'}, 'dob': {'date': '1973-07-11T20:56:20.418Z', 'age': 51}, 'registered': {'date': '2004-03-04T08:01:44.699Z', 'age': 20}, 'phone': '52392861', 'cell': '93504045', 'id': {'name': 'FN', 'value': '11077329791'}, 'picture': {'large': 'https://randomuser.me/api/portraits/men/18.jpg', 'medium': 'https://randomuser.me/api/portraits/med/men/18.jpg', 'thumbnail': 'https://randomuser.me/api/portraits/thumb/men/18.jpg'}, 'nat': 'NO'}</msg>
<arg>${json_data['results'][0]}</arg>
<doc>Logs the given message with the given level.</doc>
<status status="PASS" start="2024-07-13T04:17:32.896637" elapsed="0.000419"/>
</kw>
<kw name="Log" owner="BuiltIn">
<msg time="2024-07-13T04:17:32.897497" level="INFO">email</msg>
<arg>${key}</arg>
<doc>Logs the given message with the given level.</doc>
<status status="PASS" start="2024-07-13T04:17:32.897365" elapsed="0.000172"/>
</kw>
<var name="${key}">email</var>
<status status="PASS" start="2024-07-13T04:17:32.895941" elapsed="0.001812"/>
</iter>
<iter>
<kw name="Dictionary Should Contain Key" owner="Collections">
<arg>${json_data['results'][0]}</arg>
<arg>${key}</arg>
<doc>Fails if ``key`` is not found from ``dictionary``.</doc>
<status status="PASS" start="2024-07-13T04:17:32.898048" elapsed="0.000392"/>
</kw>
<kw name="Log" owner="BuiltIn">
<msg time="2024-07-13T04:17:32.898969" level="INFO">{'gender': 'male', 'name': {'title': 'Mr', 'first': 'Eivind', 'last': 'Emblem'}, 'location': {'street': {'number': 2166, 'name': 'Torvbakkgata'}, 'city': 'Lillesand', 'state': 'Sør-Trøndelag', 'country': 'Norway', 'postcode': '1251', 'coordinates': {'latitude': '46.8601', 'longitude': '-32.1130'}, 'timezone': {'offset': '-8:00', 'description': 'Pacific Time (US &amp; Canada)'}}, 'email': 'eivind.emblem@example.com', 'login': {'uuid': '3223e7c3-26bd-44fa-aa63-7812635f3eb2', 'username': 'happyduck499', 'password': 'painter', 'salt': 'iBQ1p8Ok', 'md5': 'cb0b7c34f68ef41bff16ed97c2ec957d', 'sha1': '907a7a0f77b1f6d0287367032d0c39b4e4a867cf', 'sha256': '62b9bfda54cede507a6453f45dc1d66a813c8ad73f74bb70a80f658eea3d7119'}, 'dob': {'date': '1973-07-11T20:56:20.418Z', 'age': 51}, 'registered': {'date': '2004-03-04T08:01:44.699Z', 'age': 20}, 'phone': '52392861', 'cell': '93504045', 'id': {'name': 'FN', 'value': '11077329791'}, 'picture': {'large': 'https://randomuser.me/api/portraits/men/18.jpg', 'medium': 'https://randomuser.me/api/portraits/med/men/18.jpg', 'thumbnail': 'https://randomuser.me/api/portraits/thumb/men/18.jpg'}, 'nat': 'NO'}</msg>
<arg>${json_data['results'][0]}</arg>
<doc>Logs the given message with the given level.</doc>
<status status="PASS" start="2024-07-13T04:17:32.898620" elapsed="0.000411"/>
</kw>
<kw name="Log" owner="BuiltIn">
<msg time="2024-07-13T04:17:32.899453" level="INFO">login</msg>
<arg>${key}</arg>
<doc>Logs the given message with the given level.</doc>
<status status="PASS" start="2024-07-13T04:17:32.899328" elapsed="0.000197"/>
</kw>
<var name="${key}">login</var>
<status status="PASS" start="2024-07-13T04:17:32.897930" elapsed="0.001826"/>
</iter>
<var>${key}</var>
<value>@{expected_keys}</value>
<status status="PASS" start="2024-07-13T04:17:32.889427" elapsed="0.010452"/>
</for>
<kw name="Create List" owner="BuiltIn">
<msg time="2024-07-13T04:17:32.900242" level="INFO">${expected_keysTwo} = ['username', 'password']</msg>
<var>${expected_keysTwo}</var>
<arg>username</arg>
<arg>password</arg>
<doc>Returns a list containing given items.</doc>
<status status="PASS" start="2024-07-13T04:17:32.900087" elapsed="0.000178"/>
</kw>
<for flavor="IN">
<iter>
<kw name="Dictionary Should Contain Key" owner="Collections">
<arg>${json_data['results'][0]['login']}</arg>
<arg>${keyTwo}</arg>
<doc>Fails if ``key`` is not found from ``dictionary``.</doc>
<status status="PASS" start="2024-07-13T04:17:32.900849" elapsed="0.000400"/>
</kw>
<kw name="Dictionary Should Contain Key" owner="Collections">
<arg>${json_data['results'][0]['login']}</arg>
<arg>${keyTwo}</arg>
<doc>Fails if ``key`` is not found from ``dictionary``.</doc>
<status status="PASS" start="2024-07-13T04:17:32.901431" elapsed="0.000390"/>
</kw>
<kw name="Log" owner="BuiltIn">
<msg time="2024-07-13T04:17:32.902142" level="INFO">username</msg>
<arg>${keyTwo}</arg>
<doc>Logs the given message with the given level.</doc>
<status status="PASS" start="2024-07-13T04:17:32.902017" elapsed="0.000162"/>
</kw>
<var name="${keyTwo}">username</var>
<status status="PASS" start="2024-07-13T04:17:32.900736" elapsed="0.001674"/>
</iter>
<iter>
<kw name="Dictionary Should Contain Key" owner="Collections">
<arg>${json_data['results'][0]['login']}</arg>
<arg>${keyTwo}</arg>
<doc>Fails if ``key`` is not found from ``dictionary``.</doc>
<status status="PASS" start="2024-07-13T04:17:32.902698" elapsed="0.000388"/>
</kw>
<kw name="Dictionary Should Contain Key" owner="Collections">
<arg>${json_data['results'][0]['login']}</arg>
<arg>${keyTwo}</arg>
<doc>Fails if ``key`` is not found from ``dictionary``.</doc>
<status status="PASS" start="2024-07-13T04:17:32.903269" elapsed="0.000436"/>
</kw>
<kw name="Log" owner="BuiltIn">
<msg time="2024-07-13T04:17:32.904015" level="INFO">password</msg>
<arg>${keyTwo}</arg>
<doc>Logs the given message with the given level.</doc>
<status status="PASS" start="2024-07-13T04:17:32.903889" elapsed="0.000170"/>
</kw>
<var name="${keyTwo}">password</var>
<status status="PASS" start="2024-07-13T04:17:32.902590" elapsed="0.001831"/>
</iter>
<var>${keyTwo}</var>
<value>@{expected_keysTwo}</value>
<status status="PASS" start="2024-07-13T04:17:32.900565" elapsed="0.003978"/>
</for>
<status status="PASS" start="2024-07-13T04:17:32.595681" elapsed="0.309017"/>
</kw>
<doc>Testa a estrutura da resposta da API.</doc>
<tag>testeEstruturaResposta</tag>
<status status="PASS" start="2024-07-13T04:17:32.594826" elapsed="0.310037"/>
</test>
<test id="s1-s1-t4" name="Validar tipos de dados" line="28">
<kw name="Teste de Tipos de Dados" owner="random-user-service">
<kw name="GET On Session" owner="RequestsLibrary">
<msg time="2024-07-13T04:17:33.024778" level="INFO">GET Request : url=https://randomuser.me/api 
 path_url=/api 
 headers={'User-Agent': 'python-requests/2.32.3', 'Accept-Encoding': 'gzip, deflate', 'Accept': '*/*', 'Connection': 'keep-alive'} 
 body=None 
 </msg>
<msg time="2024-07-13T04:17:33.024886" level="INFO">GET Response : url=https://randomuser.me/api 
 status=200, reason=OK 
 headers={'Date': 'Sat, 13 Jul 2024 04:17:33 GMT', 'Content-Type': 'application/json; charset=utf-8', 'Transfer-Encoding': 'chunked', 'Connection': 'keep-alive', 'X-Powered-By': 'Express', 'Access-Control-Allow-Origin': '*', 'Cache-Control': 'no-cache', 'ETag': 'W/"49d-0ltUpM8+Tw9n1uzcs+SK2UM1qbI"', 'Vary': 'Accept-Encoding', 'Content-Encoding': 'gzip', 'CF-Cache-Status': 'DYNAMIC', 'Report-To': '{"endpoints":[{"url":"https:\\/\\/a.nel.cloudflare.com\\/report\\/v4?s=ntcVT9LdmgMxbh4WYKG1dP6HzwFMn8D8%2FGLT13s6%2Bvkjtak6RygJC4qoOaYHUKRAS01%2BoCNXU8dUcDLNAeNYCXEf5Et9BZocabOuXMA7vJGOn1kUW1YqZTfgA3AnvNgO"}],"group":"cf-nel","max_age":604800}', 'NEL': '{"success_fraction":0,"report_to":"cf-nel","max_age":604800}', 'Server': 'cloudflare', 'CF-RAY': '8a2676c4a88a5b4d-IAD', 'alt-svc': 'h3=":443"; ma=86400'} 
 body={"results":[{"gender":"male","name":{"title":"Mr","first":"Marc","last":"Cabrera"},"location":{"street":{"number":1114,"name":"Calle de Alberto Aguilera"},"city":"Logroño","state":"Islas Baleares","country":"Spain","postcode":12246,"coordinates":{"latitude":"-38.2963","longitude":"-15.6265"},"timezone":{"offset":"-6:00","description":"Central Time (US &amp; Canada), Mexico City"}},"email":"marc.cabrera@example.com","login":{"uuid":"b13137b0-cc0d-439f-b3a0-7d132eaa7171","username":"purplebear526","password":"candace","salt":"VYbZpK7o","md5":"772346ff0aa41a938ce38d7d198520c1","sha1":"ae1ad0d146b76ea9ee158b4848df27d061c937fc","sha256":"5ee00a75ac99461aa3513e99b1d4374990e3cfc122ce9539e1c371421f777708"},"dob":{"date":"1991-01-30T11:20:22.250Z","age":33},"registered":{"date":"2004-02-15T18:27:54.576Z","age":20},"phone":"919-664-141","cell":"616-635-117","id":{"name":"DNI","value":"16769716-U"},"picture":{"large":"https://randomuser.me/api/portraits/men/24.jpg","medium":"https://randomuser.me/api/portraits/med/men/24.jpg","thumbnail":"https://randomuser.me/api/portraits/thumb/men/24.jpg"},"nat":"ES"}],"info":{"seed":"b044b7cbd6efb7c2","results":1,"page":1,"version":"1.4"}} 
 </msg>
<msg time="2024-07-13T04:17:33.024967" level="INFO">/opt/hostedtoolcache/Python/3.12.4/x64/lib/python3.12/site-packages/urllib3/connectionpool.py:1099: InsecureRequestWarning: Unverified HTTPS request is being made to host 'randomuser.me'. Adding certificate verification is strongly advised. See: https://urllib3.readthedocs.io/en/latest/advanced-usage.html#tls-warnings
  warnings.warn(</msg>
<msg time="2024-07-13T04:17:33.025099" level="INFO">${response} = &lt;Response [200]&gt;</msg>
<var>${response}</var>
<arg>consultarAPI</arg>
<arg>/api</arg>
<doc>Sends a GET request on a previously created HTTP Session.</doc>
<status status="PASS" start="2024-07-13T04:17:32.907632" elapsed="0.117497"/>
</kw>
<kw name="Set Variable" owner="BuiltIn">
<msg time="2024-07-13T04:17:33.026524" level="INFO">${json_data} = {'results': [{'gender': 'male', 'name': {'title': 'Mr', 'first': 'Marc', 'last': 'Cabrera'}, 'location': {'street': {'number': 1114, 'name': 'Calle de Alberto Aguilera'}, 'city': 'Logroño', 'state': '...</msg>
<var>${json_data}</var>
<arg>${response.json()}</arg>
<doc>Returns the given values which can then be assigned to a variables.</doc>
<status status="PASS" start="2024-07-13T04:17:33.025851" elapsed="0.000705"/>
</kw>
<kw name="Log" owner="BuiltIn">
<msg time="2024-07-13T04:17:33.027105" level="INFO">{'results': [{'gender': 'male', 'name': {'title': 'Mr', 'first': 'Marc', 'last': 'Cabrera'}, 'location': {'street': {'number': 1114, 'name': 'Calle de Alberto Aguilera'}, 'city': 'Logroño', 'state': 'Islas Baleares', 'country': 'Spain', 'postcode': 12246, 'coordinates': {'latitude': '-38.2963', 'longitude': '-15.6265'}, 'timezone': {'offset': '-6:00', 'description': 'Central Time (US &amp; Canada), Mexico City'}}, 'email': 'marc.cabrera@example.com', 'login': {'uuid': 'b13137b0-cc0d-439f-b3a0-7d132eaa7171', 'username': 'purplebear526', 'password': 'candace', 'salt': 'VYbZpK7o', 'md5': '772346ff0aa41a938ce38d7d198520c1', 'sha1': 'ae1ad0d146b76ea9ee158b4848df27d061c937fc', 'sha256': '5ee00a75ac99461aa3513e99b1d4374990e3cfc122ce9539e1c371421f777708'}, 'dob': {'date': '1991-01-30T11:20:22.250Z', 'age': 33}, 'registered': {'date': '2004-02-15T18:27:54.576Z', 'age': 20}, 'phone': '919-664-141', 'cell': '616-635-117', 'id': {'name': 'DNI', 'value': '16769716-U'}, 'picture': {'large': 'https://randomuser.me/api/portraits/men/24.jpg', 'medium': 'https://randomuser.me/api/portraits/med/men/24.jpg', 'thumbnail': 'https://randomuser.me/api/portraits/thumb/men/24.jpg'}, 'nat': 'ES'}], 'info': {'seed': 'b044b7cbd6efb7c2', 'results': 1, 'page': 1, 'version': '1.4'}}</msg>
<arg>${json_data}</arg>
<doc>Logs the given message with the given level.</doc>
<status status="PASS" start="2024-07-13T04:17:33.026929" elapsed="0.000231"/>
</kw>
<kw name="Should Be String" owner="String">
<arg>${json_data['results'][0]['gender']}</arg>
<doc>Fails if the given ``item`` is not a string.</doc>
<status status="PASS" start="2024-07-13T04:17:33.027465" elapsed="0.000448"/>
</kw>
<kw name="Should Match Regexp" owner="BuiltIn">
<arg>${json_data['results'][0]['email']}</arg>
<arg>^[a-zA-Z0-9._%+-]+@[a-zA-Z0-9.-]+\.[a-zA-Z]{2,}$</arg>
<doc>Fails if ``string`` does not match ``pattern`` as a regular expression.</doc>
<status status="PASS" start="2024-07-13T04:17:33.028106" elapsed="0.000527"/>
</kw>
<kw name="Should Match Regexp" owner="BuiltIn">
<arg>${json_data['results'][0]['dob']['date']}</arg>
<arg>\\d{4}-\\d{2}-\\d{2}T\\d{2}:\\d{2}:\\d{2}\\.\\d{3}Z</arg>
<doc>Fails if ``string`` does not match ``pattern`` as a regular expression.</doc>
<status status="PASS" start="2024-07-13T04:17:33.028871" elapsed="0.000495"/>
</kw>
<kw name="Should Match Regexp" owner="BuiltIn">
<arg>${json_data['results'][0]['registered']['date']}</arg>
<arg>\\d{4}-\\d{2}-\\d{2}T\\d{2}:\\d{2}:\\d{2}\\.\\d{3}Z</arg>
<doc>Fails if ``string`` does not match ``pattern`` as a regular expression.</doc>
<status status="PASS" start="2024-07-13T04:17:33.029559" elapsed="0.000379"/>
</kw>
<kw name="Should Match Regexp" owner="BuiltIn">
<arg>${json_data['results'][0]['picture']['large']}</arg>
<arg>^https?://.*\.(?:png|jpe?g|gif|bmp)$</arg>
<doc>Fails if ``string`` does not match ``pattern`` as a regular expression.</doc>
<status status="PASS" start="2024-07-13T04:17:33.030142" elapsed="0.000463"/>
</kw>
<kw name="Should Match Regexp" owner="BuiltIn">
<arg>${json_data['results'][0]['picture']['medium']}</arg>
<arg>^https?://.*\.(?:png|jpe?g|gif|bmp)$</arg>
<doc>Fails if ``string`` does not match ``pattern`` as a regular expression.</doc>
<status status="PASS" start="2024-07-13T04:17:33.030792" elapsed="0.000356"/>
</kw>
<kw name="Should Match Regexp" owner="BuiltIn">
<arg>${json_data['results'][0]['picture']['thumbnail']}</arg>
<arg>^https?://.*\.(?:png|jpe?g|gif|bmp)$</arg>
<doc>Fails if ``string`` does not match ``pattern`` as a regular expression.</doc>
<status status="PASS" start="2024-07-13T04:17:33.031332" elapsed="0.000406"/>
</kw>
<kw name="Log" owner="BuiltIn">
<msg time="2024-07-13T04:17:33.032269" level="INFO">{'large': 'https://randomuser.me/api/portraits/men/24.jpg', 'medium': 'https://randomuser.me/api/portraits/med/men/24.jpg', 'thumbnail': 'https://randomuser.me/api/portraits/thumb/men/24.jpg'}</msg>
<arg>${json_data['results'][0]['picture']}</arg>
<doc>Logs the given message with the given level.</doc>
<status status="PASS" start="2024-07-13T04:17:33.031925" elapsed="0.000389"/>
</kw>
<status status="PASS" start="2024-07-13T04:17:32.907335" elapsed="0.125296"/>
</kw>
<kw name="Teste de Tipos de Dados - Postcode" owner="random-user-service">
<kw name="GET On Session" owner="RequestsLibrary">
<msg time="2024-07-13T04:17:33.082177" level="INFO">GET Request : url=https://randomuser.me/api 
 path_url=/api 
 headers={'User-Agent': 'python-requests/2.32.3', 'Accept-Encoding': 'gzip, deflate', 'Accept': '*/*', 'Connection': 'keep-alive'} 
 body=None 
 </msg>
<msg time="2024-07-13T04:17:33.082300" level="INFO">GET Response : url=https://randomuser.me/api 
 status=200, reason=OK 
 headers={'Date': 'Sat, 13 Jul 2024 04:17:33 GMT', 'Content-Type': 'application/json; charset=utf-8', 'Transfer-Encoding': 'chunked', 'Connection': 'keep-alive', 'X-Powered-By': 'Express', 'Access-Control-Allow-Origin': '*', 'Cache-Control': 'no-cache', 'ETag': 'W/"4b4-WEDmDbde51gHeG8HPU+u3IFyVVA"', 'Vary': 'Accept-Encoding', 'Content-Encoding': 'gzip', 'CF-Cache-Status': 'DYNAMIC', 'Report-To': '{"endpoints":[{"url":"https:\\/\\/a.nel.cloudflare.com\\/report\\/v4?s=CIirrTHSQuahQDV%2BGy8cPWZzgkpP1Tt9FJZMaghhgMcA8fmasp1rzm%2FbxynqN8MPw2mW2f72WlEw2IFaVOf1hg46BughAp2EoWsgs%2BqQJYHKZtFQdfzzuYvtuTuGfq1K"}],"group":"cf-nel","max_age":604800}', 'NEL': '{"success_fraction":0,"report_to":"cf-nel","max_age":604800}', 'Server': 'cloudflare', 'CF-RAY': '8a2676c578f45b4d-IAD', 'alt-svc': 'h3=":443"; ma=86400'} 
 body={"results":[{"gender":"female","name":{"title":"Ms","first":"Nicete","last":"Moreira"},"location":{"street":{"number":1979,"name":"Rua Espirito Santo "},"city":"Boa Vista","state":"Rio Grande do Norte","country":"Brazil","postcode":42924,"coordinates":{"latitude":"-76.9234","longitude":"47.9258"},"timezone":{"offset":"+5:00","description":"Ekaterinburg, Islamabad, Karachi, Tashkent"}},"email":"nicete.moreira@example.com","login":{"uuid":"baea352b-5ed6-471d-a0db-64dbd768e606","username":"redgorilla358","password":"super1","salt":"3ZxCf1Od","md5":"b97a4078519d7eda3dc03cdc13aa1bff","sha1":"7cdf5716440de3227d1bce5bd5019c8efe6c1598","sha256":"fd6fb90222dd98604111821ec63ed1ab46a6f3d4d9db87b54e263bca56d592d7"},"dob":{"date":"1991-01-20T20:21:34.782Z","age":33},"registered":{"date":"2016-06-18T15:41:15.920Z","age":8},"phone":"(44) 5930-4827","cell":"(34) 9646-3526","id":{"name":"CPF","value":"240.164.364-44"},"picture":{"large":"https://randomuser.me/api/portraits/women/84.jpg","medium":"https://randomuser.me/api/portraits/med/women/84.jpg","thumbnail":"https://randomuser.me/api/portraits/thumb/women/84.jpg"},"nat":"BR"}],"info":{"seed":"c14094d12b6733e7","results":1,"page":1,"version":"1.4"}} 
 </msg>
<msg time="2024-07-13T04:17:33.082388" level="INFO">/opt/hostedtoolcache/Python/3.12.4/x64/lib/python3.12/site-packages/urllib3/connectionpool.py:1099: InsecureRequestWarning: Unverified HTTPS request is being made to host 'randomuser.me'. Adding certificate verification is strongly advised. See: https://urllib3.readthedocs.io/en/latest/advanced-usage.html#tls-warnings
  warnings.warn(</msg>
<msg time="2024-07-13T04:17:33.082530" level="INFO">${response} = &lt;Response [200]&gt;</msg>
<var>${response}</var>
<arg>consultarAPI</arg>
<arg>/api</arg>
<doc>Sends a GET request on a previously created HTTP Session.</doc>
<status status="PASS" start="2024-07-13T04:17:33.033125" elapsed="0.049444"/>
</kw>
<kw name="Set Variable" owner="BuiltIn">
<msg time="2024-07-13T04:17:33.083746" level="INFO">${json_data} = {'results': [{'gender': 'female', 'name': {'title': 'Ms', 'first': 'Nicete', 'last': 'Moreira'}, 'location': {'street': {'number': 1979, 'name': 'Rua Espirito Santo '}, 'city': 'Boa Vista', 'state': '...</msg>
<var>${json_data}</var>
<arg>${response.json()}</arg>
<doc>Returns the given values which can then be assigned to a variables.</doc>
<status status="PASS" start="2024-07-13T04:17:33.083148" elapsed="0.000626"/>
</kw>
<kw name="Log" owner="BuiltIn">
<msg time="2024-07-13T04:17:33.084305" level="INFO">{'results': [{'gender': 'female', 'name': {'title': 'Ms', 'first': 'Nicete', 'last': 'Moreira'}, 'location': {'street': {'number': 1979, 'name': 'Rua Espirito Santo '}, 'city': 'Boa Vista', 'state': 'Rio Grande do Norte', 'country': 'Brazil', 'postcode': 42924, 'coordinates': {'latitude': '-76.9234', 'longitude': '47.9258'}, 'timezone': {'offset': '+5:00', 'description': 'Ekaterinburg, Islamabad, Karachi, Tashkent'}}, 'email': 'nicete.moreira@example.com', 'login': {'uuid': 'baea352b-5ed6-471d-a0db-64dbd768e606', 'username': 'redgorilla358', 'password': 'super1', 'salt': '3ZxCf1Od', 'md5': 'b97a4078519d7eda3dc03cdc13aa1bff', 'sha1': '7cdf5716440de3227d1bce5bd5019c8efe6c1598', 'sha256': 'fd6fb90222dd98604111821ec63ed1ab46a6f3d4d9db87b54e263bca56d592d7'}, 'dob': {'date': '1991-01-20T20:21:34.782Z', 'age': 33}, 'registered': {'date': '2016-06-18T15:41:15.920Z', 'age': 8}, 'phone': '(44) 5930-4827', 'cell': '(34) 9646-3526', 'id': {'name': 'CPF', 'value': '240.164.364-44'}, 'picture': {'large': 'https://randomuser.me/api/portraits/women/84.jpg', 'medium': 'https://randomuser.me/api/portraits/med/women/84.jpg', 'thumbnail': 'https://randomuser.me/api/portraits/thumb/women/84.jpg'}, 'nat': 'BR'}], 'info': {'seed': 'c14094d12b6733e7', 'results': 1, 'page': 1, 'version': '1.4'}}</msg>
<arg>${json_data}</arg>
<doc>Logs the given message with the given level.</doc>
<status status="PASS" start="2024-07-13T04:17:33.084131" elapsed="0.000225"/>
</kw>
<kw name="Should Be Equal As Numbers" owner="BuiltIn">
<arg>${json_data['results'][0]['location']['postcode']}</arg>
<arg>${json_data['results'][0]['location']['postcode']}</arg>
<doc>Fails if objects are unequal after converting them to real numbers.</doc>
<status status="PASS" start="2024-07-13T04:17:33.084658" elapsed="0.000653"/>
</kw>
<kw name="Log" owner="BuiltIn">
<msg time="2024-07-13T04:17:33.086038" level="INFO">42924</msg>
<arg>${json_data['results'][0]['location']['postcode']}</arg>
<doc>Logs the given message with the given level.</doc>
<status status="PASS" start="2024-07-13T04:17:33.085502" elapsed="0.000588"/>
</kw>
<status status="PASS" start="2024-07-13T04:17:33.032875" elapsed="0.053510"/>
</kw>
<doc>Testa se os tipos de dados na resposta da API estão corretos.</doc>
<tag>testeTiposDados</tag>
<status status="PASS" start="2024-07-13T04:17:32.906678" elapsed="0.179883"/>
</test>
<test id="s1-s1-t5" name="Validar conteudo" line="35">
<kw name="Teste de Tipos de Conteudo" owner="random-user-service">
<kw name="GET On Session" owner="RequestsLibrary">
<msg time="2024-07-13T04:17:33.203961" level="INFO">GET Request : url=https://randomuser.me/api 
 path_url=/api 
 headers={'User-Agent': 'python-requests/2.32.3', 'Accept-Encoding': 'gzip, deflate', 'Accept': '*/*', 'Connection': 'keep-alive'} 
 body=None 
 </msg>
<msg time="2024-07-13T04:17:33.204066" level="INFO">GET Response : url=https://randomuser.me/api 
 status=200, reason=OK 
 headers={'Date': 'Sat, 13 Jul 2024 04:17:33 GMT', 'Content-Type': 'application/json; charset=utf-8', 'Transfer-Encoding': 'chunked', 'Connection': 'keep-alive', 'X-Powered-By': 'Express', 'Access-Control-Allow-Origin': '*', 'Cache-Control': 'no-cache', 'ETag': 'W/"493-aUd0Eo8U5Wr/L/tlv3dXjN5zGpQ"', 'Vary': 'Accept-Encoding', 'Content-Encoding': 'gzip', 'CF-Cache-Status': 'DYNAMIC', 'Report-To': '{"endpoints":[{"url":"https:\\/\\/a.nel.cloudflare.com\\/report\\/v4?s=yTE%2FdU3bobABvfrEyNrt6uCx7pFMNcmpBv4xvveELXYSi7H5%2FjnA4vti6SZBbqDlSe%2BXCc%2Fjmj8qYWPtLhpVDwEYFSjY1FQCaSvDS0c%2BPDX1NrifUuOx%2FPBACdyyhwT%2F"}],"group":"cf-nel","max_age":604800}', 'NEL': '{"success_fraction":0,"report_to":"cf-nel","max_age":604800}', 'Server': 'cloudflare', 'CF-RAY': '8a2676c5d92c5b4d-IAD', 'alt-svc': 'h3=":443"; ma=86400'} 
 body={"results":[{"gender":"female","name":{"title":"Mrs","first":"Vojislava","last":"Zelenović"},"location":{"street":{"number":4262,"name":"Ljubomira Ivanovića"},"city":"Čajetina","state":"Jablanica","country":"Serbia","postcode":90174,"coordinates":{"latitude":"57.1227","longitude":"130.0652"},"timezone":{"offset":"+5:45","description":"Kathmandu"}},"email":"vojislava.zelenovic@example.com","login":{"uuid":"ffac6721-e3cd-4429-9011-480cfcc6e02e","username":"beautifulelephant576","password":"admin","salt":"oX1skLwc","md5":"c126389a8048db1578a880fd84198422","sha1":"a4d3d50fde709f4117be3a1a477f666be694d10d","sha256":"360d3d053b222fbe443d7a9e1e8ca55d5f056200d85ca37cc22da93878f06727"},"dob":{"date":"1947-03-23T09:10:23.561Z","age":77},"registered":{"date":"2017-06-11T20:25:50.479Z","age":7},"phone":"037-4801-941","cell":"061-4631-833","id":{"name":"SID","value":"695925078"},"picture":{"large":"https://randomuser.me/api/portraits/women/95.jpg","medium":"https://randomuser.me/api/portraits/med/women/95.jpg","thumbnail":"https://randomuser.me/api/portraits/thumb/women/95.jpg"},"nat":"RS"}],"info":{"seed":"55df4c3eab78c0b5","results":1,"page":1,"version":"1.4"}} 
 </msg>
<msg time="2024-07-13T04:17:33.204148" level="INFO">/opt/hostedtoolcache/Python/3.12.4/x64/lib/python3.12/site-packages/urllib3/connectionpool.py:1099: InsecureRequestWarning: Unverified HTTPS request is being made to host 'randomuser.me'. Adding certificate verification is strongly advised. See: https://urllib3.readthedocs.io/en/latest/advanced-usage.html#tls-warnings
  warnings.warn(</msg>
<msg time="2024-07-13T04:17:33.204273" level="INFO">${response} = &lt;Response [200]&gt;</msg>
<var>${response}</var>
<arg>consultarAPI</arg>
<arg>/api</arg>
<doc>Sends a GET request on a previously created HTTP Session.</doc>
<status status="PASS" start="2024-07-13T04:17:33.089168" elapsed="0.115139"/>
</kw>
<kw name="Set Variable" owner="BuiltIn">
<msg time="2024-07-13T04:17:33.205422" level="INFO">${json_data} = {'results': [{'gender': 'female', 'name': {'title': 'Mrs', 'first': 'Vojislava', 'last': 'Zelenović'}, 'location': {'street': {'number': 4262, 'name': 'Ljubomira Ivanovića'}, 'city': 'Čajetina', 'stat...</msg>
<var>${json_data}</var>
<arg>${response.json()}</arg>
<doc>Returns the given values which can then be assigned to a variables.</doc>
<status status="PASS" start="2024-07-13T04:17:33.204876" elapsed="0.000578"/>
</kw>
<kw name="Set Variable" owner="BuiltIn">
<msg time="2024-07-13T04:17:33.206200" level="INFO">${name_title} = Mrs</msg>
<var>${name_title}</var>
<arg>${json_data["results"][0]["name"]["title"]}</arg>
<doc>Returns the given values which can then be assigned to a variables.</doc>
<status status="PASS" start="2024-07-13T04:17:33.205795" elapsed="0.000430"/>
</kw>
<kw name="Create List" owner="BuiltIn">
<msg time="2024-07-13T04:17:33.206677" level="INFO">${allowed_titles} = ['Mr', 'Ms', 'Miss', 'Mrs', 'Madame', 'Monsieur']</msg>
<var>${allowed_titles}</var>
<arg>Mr</arg>
<arg>Ms</arg>
<arg>Miss</arg>
<arg>Mrs</arg>
<arg>Madame</arg>
<arg>Monsieur</arg>
<doc>Returns a list containing given items.</doc>
<status status="PASS" start="2024-07-13T04:17:33.206525" elapsed="0.000176"/>
</kw>
<kw name="List Should Contain Value" owner="Collections">
<arg>${allowed_titles}</arg>
<arg>${name_title}</arg>
<doc>Fails if the ``value`` is not found from ``list``.</doc>
<status status="PASS" start="2024-07-13T04:17:33.207007" elapsed="0.000179"/>
</kw>
<kw name="Set Variable" owner="BuiltIn">
<msg time="2024-07-13T04:17:33.207785" level="INFO">${name_country} = RS</msg>
<var>${name_country}</var>
<arg>${json_data["results"][0]["nat"]}</arg>
<doc>Returns the given values which can then be assigned to a variables.</doc>
<status status="PASS" start="2024-07-13T04:17:33.207363" elapsed="0.000447"/>
</kw>
<kw name="Create List" owner="BuiltIn">
<msg time="2024-07-13T04:17:33.208698" level="INFO">${list_country} = ['AD', 'AE', 'AF', 'AG', 'AI', 'AL', 'AM', 'AO', 'AQ', 'AR', 'AS', 'AT', 'AU', 'AW', 'AX', 'AZ', 'BA', 'BB', 'BD', 'BE', 'BF', 'BG', 'BH', 'BI', 'BJ', 'BL', 'BM', 'BN', 'BO', 'BQ', 'BR', 'BS', 'BT', '...</msg>
<var>${list_country}</var>
<arg>AD</arg>
<arg>AE</arg>
<arg>AF</arg>
<arg>AG</arg>
<arg>AI</arg>
<arg>AL</arg>
<arg>AM</arg>
<arg>AO</arg>
<arg>AQ</arg>
<arg>AR</arg>
<arg>AS</arg>
<arg>AT</arg>
<arg>AU</arg>
<arg>AW</arg>
<arg>AX</arg>
<arg>AZ</arg>
<arg>BA</arg>
<arg>BB</arg>
<arg>BD</arg>
<arg>BE</arg>
<arg>BF</arg>
<arg>BG</arg>
<arg>BH</arg>
<arg>BI</arg>
<arg>BJ</arg>
<arg>BL</arg>
<arg>BM</arg>
<arg>BN</arg>
<arg>BO</arg>
<arg>BQ</arg>
<arg>BR</arg>
<arg>BS</arg>
<arg>BT</arg>
<arg>BV</arg>
<arg>BW</arg>
<arg>BY</arg>
<arg>BZ</arg>
<arg>CA</arg>
<arg>CC</arg>
<arg>CD</arg>
<arg>CF</arg>
<arg>CG</arg>
<arg>CH</arg>
<arg>CI</arg>
<arg>CK</arg>
<arg>CL</arg>
<arg>CM</arg>
<arg>CN</arg>
<arg>CO</arg>
<arg>CR</arg>
<arg>CU</arg>
<arg>CV</arg>
<arg>CW</arg>
<arg>CX</arg>
<arg>CY</arg>
<arg>CZ</arg>
<arg>DE</arg>
<arg>DJ</arg>
<arg>DK</arg>
<arg>DM</arg>
<arg>DO</arg>
<arg>DZ</arg>
<arg>EC</arg>
<arg>EE</arg>
<arg>EG</arg>
<arg>EH</arg>
<arg>ER</arg>
<arg>ES</arg>
<arg>ET</arg>
<arg>FI</arg>
<arg>FJ</arg>
<arg>FK</arg>
<arg>FM</arg>
<arg>FO</arg>
<arg>FR</arg>
<arg>GA</arg>
<arg>GB</arg>
<arg>GD</arg>
<arg>GE</arg>
<arg>GF</arg>
<arg>GG</arg>
<arg>GH</arg>
<arg>GI</arg>
<arg>GL</arg>
<arg>GM</arg>
<arg>GN</arg>
<arg>GP</arg>
<arg>GQ</arg>
<arg>GR</arg>
<arg>GS</arg>
<arg>GT</arg>
<arg>GU</arg>
<arg>GW</arg>
<arg>GY</arg>
<arg>HK</arg>
<arg>HM</arg>
<arg>HN</arg>
<arg>HR</arg>
<arg>HT</arg>
<arg>HU</arg>
<arg>ID</arg>
<arg>IE</arg>
<arg>IL</arg>
<arg>IM</arg>
<arg>IN</arg>
<arg>IO</arg>
<arg>IQ</arg>
<arg>IR</arg>
<arg>IS</arg>
<arg>IT</arg>
<arg>JE</arg>
<arg>JM</arg>
<arg>JO</arg>
<arg>JP</arg>
<arg>KE</arg>
<arg>KG</arg>
<arg>KH</arg>
<arg>KI</arg>
<arg>KM</arg>
<arg>KN</arg>
<arg>KP</arg>
<arg>KR</arg>
<arg>KW</arg>
<arg>KY</arg>
<arg>KZ</arg>
<arg>LA</arg>
<arg>LB</arg>
<arg>LC</arg>
<arg>LI</arg>
<arg>LK</arg>
<arg>LR</arg>
<arg>LS</arg>
<arg>LT</arg>
<arg>LU</arg>
<arg>LV</arg>
<arg>LY</arg>
<arg>MA</arg>
<arg>MC</arg>
<arg>MD</arg>
<arg>ME</arg>
<arg>MF</arg>
<arg>MG</arg>
<arg>MH</arg>
<arg>MK</arg>
<arg>ML</arg>
<arg>MM</arg>
<arg>MN</arg>
<arg>MO</arg>
<arg>MP</arg>
<arg>MQ</arg>
<arg>MR</arg>
<arg>MS</arg>
<arg>MT</arg>
<arg>MU</arg>
<arg>MV</arg>
<arg>MW</arg>
<arg>MX</arg>
<arg>MY</arg>
<arg>MZ</arg>
<arg>NA</arg>
<arg>NC</arg>
<arg>NE</arg>
<arg>NF</arg>
<arg>NG</arg>
<arg>NI</arg>
<arg>NL</arg>
<arg>NO</arg>
<arg>NP</arg>
<arg>NR</arg>
<arg>NU</arg>
<arg>NZ</arg>
<arg>OM</arg>
<arg>PA</arg>
<arg>PE</arg>
<arg>PF</arg>
<arg>PG</arg>
<arg>PH</arg>
<arg>PK</arg>
<arg>PL</arg>
<arg>PM</arg>
<arg>PN</arg>
<arg>PR</arg>
<arg>PS</arg>
<arg>PT</arg>
<arg>PW</arg>
<arg>PY</arg>
<arg>QA</arg>
<arg>RE</arg>
<arg>RO</arg>
<arg>RS</arg>
<arg>RU</arg>
<arg>RW</arg>
<arg>SA</arg>
<arg>SB</arg>
<arg>SC</arg>
<arg>SD</arg>
<arg>SE</arg>
<arg>SG</arg>
<arg>SH</arg>
<arg>SI</arg>
<arg>SJ</arg>
<arg>SK</arg>
<arg>SL</arg>
<arg>SM</arg>
<arg>SN</arg>
<arg>SO</arg>
<arg>SR</arg>
<arg>SS</arg>
<arg>ST</arg>
<arg>SV</arg>
<arg>SX</arg>
<arg>SY</arg>
<arg>SZ</arg>
<arg>TC</arg>
<arg>TD</arg>
<arg>TF</arg>
<arg>TG</arg>
<arg>TH</arg>
<arg>TJ</arg>
<arg>TK</arg>
<arg>TL</arg>
<arg>TM</arg>
<arg>TN</arg>
<arg>TO</arg>
<arg>TR</arg>
<arg>TT</arg>
<arg>TV</arg>
<arg>TW</arg>
<arg>TZ</arg>
<arg>UA</arg>
<arg>UG</arg>
<arg>UM</arg>
<arg>US</arg>
<arg>UY</arg>
<arg>UZ</arg>
<arg>VA</arg>
<arg>VC</arg>
<arg>VE</arg>
<arg>VG</arg>
<arg>VI</arg>
<arg>VN</arg>
<arg>VU</arg>
<arg>WF</arg>
<arg>WS</arg>
<arg>XK</arg>
<arg>YE</arg>
<arg>YT</arg>
<arg>ZA</arg>
<arg>ZM</arg>
<arg>ZW</arg>
<doc>Returns a list containing given items.</doc>
<status status="PASS" start="2024-07-13T04:17:33.208102" elapsed="0.000622"/>
</kw>
<kw name="List Should Contain Value" owner="Collections">
<arg>${list_country}</arg>
<arg>${name_country}</arg>
<doc>Fails if the ``value`` is not found from ``list``.</doc>
<status status="PASS" start="2024-07-13T04:17:33.209527" elapsed="0.000207"/>
</kw>
<kw name="Run Keyword If" owner="BuiltIn">
<kw name="Should Be True" owner="BuiltIn">
<arg>${True}</arg>
<doc>Fails if the given condition is not true.</doc>
<status status="PASS" start="2024-07-13T04:17:33.210690" elapsed="0.000153"/>
</kw>
<arg>${json_data["results"][0]["location"]["coordinates"]["latitude"]} &gt;= -90 and ${json_data["results"][0]["location"]["coordinates"]["latitude"]} &lt;= 90</arg>
<arg>Should Be True</arg>
<arg>${True}</arg>
<doc>Runs the given keyword with the given arguments, if ``condition`` is true.</doc>
<status status="PASS" start="2024-07-13T04:17:33.209935" elapsed="0.001067"/>
</kw>
<kw name="Run Keyword If" owner="BuiltIn">
<kw name="Should Be True" owner="BuiltIn">
<arg>${True}</arg>
<doc>Fails if the given condition is not true.</doc>
<status status="PASS" start="2024-07-13T04:17:33.211988" elapsed="0.000274"/>
</kw>
<arg>${json_data["results"][0]["location"]["coordinates"]["longitude"]} &gt;= -180 and ${json_data["results"][0]["location"]["coordinates"]["longitude"]} &lt;= 180</arg>
<arg>Should Be True</arg>
<arg>${True}</arg>
<doc>Runs the given keyword with the given arguments, if ``condition`` is true.</doc>
<status status="PASS" start="2024-07-13T04:17:33.211198" elapsed="0.001195"/>
</kw>
<status status="PASS" start="2024-07-13T04:17:33.088915" elapsed="0.123617"/>
</kw>
<doc>Testa o conteúdo específico dos campos retornados pela API.</doc>
<tag>testeConteudo</tag>
<status status="PASS" start="2024-07-13T04:17:33.088404" elapsed="0.124284"/>
</test>
<status status="PASS" start="2024-07-13T04:17:31.429476" elapsed="1.785294"/>
</suite>
<status status="PASS" start="2024-07-13T04:17:31.413742" elapsed="1.806409"/>
</suite>
<statistics>
<total>
<stat pass="5" fail="0" skip="0">All Tests</stat>
</total>
<tag>
<stat pass="1" fail="0" skip="0">testeConteudo</stat>
<stat pass="1" fail="0" skip="0">testeEstruturaResposta</stat>
<stat pass="1" fail="0" skip="0">testeRequisicaoBasica</stat>
<stat pass="1" fail="0" skip="0">testeTiposDados</stat>
</tag>
<suite>
<stat pass="5" fail="0" skip="0" id="s1" name="Tests">Tests</stat>
<stat pass="5" fail="0" skip="0" id="s1-s1" name="Random-User-Test">Tests.Random-User-Test</stat>
</suite>
</statistics>
<errors>
</errors>
</robot>
