<?xml version="1.0" encoding="UTF-8"?>
<robot generator="Robot 7.0 (Python 3.12.3 on linux)" generated="2024-04-20T05:13:26.309146" rpa="false" schemaversion="5">
<suite id="s1" name="Tests" source="/home/runner/work/DesafioQAItauRogerioJordao/DesafioQAItauRogerioJordao/RamdonUser/tests">
<suite id="s1-s1" name="Random-User-Test" source="/home/runner/work/DesafioQAItauRogerioJordao/DesafioQAItauRogerioJordao/RamdonUser/tests/random-user-test.robot">
<test id="s1-s1-t1" name="Conectar" line="13">
<kw name="Conectar API" owner="random-user-service">
<kw name="Create Session" owner="RequestsLibrary">
<msg time="2024-04-20T05:13:26.723138" level="INFO">Creating Session using : alias=consultarAPI, url=https://randomuser.me/, headers={},                     cookies={}, auth=None, timeout=None, proxies=None, verify=False,                     debug=0 </msg>
<arg>consultarAPI</arg>
<arg>${URL}</arg>
<doc>Create Session: create a HTTP session to a server</doc>
<status status="PASS" start="2024-04-20T05:13:26.722924" elapsed="0.000408"/>
</kw>
<status status="PASS" start="2024-04-20T05:13:26.721876" elapsed="0.001829"/>
</kw>
<status status="PASS" start="2024-04-20T05:13:26.721239" elapsed="0.002677"/>
</test>
<test id="s1-s1-t2" name="Validar retorno 200 e JSON Válido" line="16">
<kw name="Teste de Requisicao Basica" owner="random-user-service">
<kw name="GET On Session" owner="RequestsLibrary">
<msg time="2024-04-20T05:13:26.891394" level="INFO">GET Request : url=https://randomuser.me/api 
 path_url=/api 
 headers={'User-Agent': 'python-requests/2.31.0', 'Accept-Encoding': 'gzip, deflate', 'Accept': '*/*', 'Connection': 'keep-alive'} 
 body=None 
 </msg>
<msg time="2024-04-20T05:13:26.891556" level="INFO">GET Response : url=https://randomuser.me/api 
 status=200, reason=OK 
 headers={'Date': 'Sat, 20 Apr 2024 05:13:26 GMT', 'Content-Type': 'application/json; charset=utf-8', 'Transfer-Encoding': 'chunked', 'Connection': 'keep-alive', 'X-Powered-By': 'Express', 'Access-Control-Allow-Origin': '*', 'Cache-Control': 'no-cache', 'ETag': 'W/"480-SGx00c1kZP98ErGcm1iJD4CO1aM"', 'Vary': 'Accept-Encoding', 'Content-Encoding': 'gzip', 'CF-Cache-Status': 'DYNAMIC', 'Report-To': '{"endpoints":[{"url":"https:\\/\\/a.nel.cloudflare.com\\/report\\/v4?s=5LxCQMSSPHPKc8DzqBrP1fFKit9qzNHQdU5CSIlK0YbtNnsniXk8XR2lYniLUjbLu7f7DBrmhVr%2BIcu5Dl2XdYOCkj7iX4TnE9VRzrVDP3qIgXRc7WY0Zam4yHxP%2F%2FKs"}],"group":"cf-nel","max_age":604800}', 'NEL': '{"success_fraction":0,"report_to":"cf-nel","max_age":604800}', 'Server': 'cloudflare', 'CF-RAY': '8772a526ea8f1ffa-IAD', 'alt-svc': 'h3=":443"; ma=86400'} 
 body={"results":[{"gender":"female","name":{"title":"Ms","first":"آدرینا","last":"سهيلي راد"},"location":{"street":{"number":1023,"name":"کارگر"},"city":"ساری","state":"خراسان رضوی","country":"Iran","postcode":25480,"coordinates":{"latitude":"13.0903","longitude":"7.5550"},"timezone":{"offset":"+4:30","description":"Kabul"}},"email":"adryn.shylyrd@example.com","login":{"uuid":"06ba1f74-2f05-460c-87da-252c681c40ff","username":"purplecat391","password":"soprano","salt":"0buAbVrD","md5":"ab3dfd68bfa2325d810c5d79930c23ed","sha1":"d8267cb73191bc46f2827f9923c8231c0b346fdc","sha256":"53fdc67e3b2c6bd5bef3ab01591d39c313ecb380c22e3c43e01b007bee19156f"},"dob":{"date":"1953-02-06T10:09:03.893Z","age":71},"registered":{"date":"2018-07-16T16:00:35.350Z","age":5},"phone":"051-72099534","cell":"0940-149-0660","id":{"name":"","value":null},"picture":{"large":"https://randomuser.me/api/portraits/women/39.jpg","medium":"https://randomuser.me/api/portraits/med/women/39.jpg","thumbnail":"https://randomuser.me/api/portraits/thumb/women/39.jpg"},"nat":"IR"}],"info":{"seed":"ebf1737a8971c7a4","results":1,"page":1,"version":"1.4"}} 
 </msg>
<msg time="2024-04-20T05:13:26.891641" level="INFO">/opt/hostedtoolcache/Python/3.12.3/x64/lib/python3.12/site-packages/urllib3/connectionpool.py:1103: InsecureRequestWarning: Unverified HTTPS request is being made to host 'randomuser.me'. Adding certificate verification is strongly advised. See: https://urllib3.readthedocs.io/en/latest/advanced-usage.html#tls-warnings
  warnings.warn(</msg>
<msg time="2024-04-20T05:13:26.891787" level="INFO">${response} = &lt;Response [200]&gt;</msg>
<var>${response}</var>
<arg>consultarAPI</arg>
<arg>/api</arg>
<doc>Sends a GET request on a previously created HTTP Session.</doc>
<status status="PASS" start="2024-04-20T05:13:26.726630" elapsed="0.165199"/>
</kw>
<kw name="Should Be Equal As Numbers" owner="BuiltIn">
<msg time="2024-04-20T05:13:26.892978" level="INFO">Argument types are:
&lt;class 'int'&gt;
&lt;class 'str'&gt;</msg>
<arg>${response.status_code}</arg>
<arg>200</arg>
<doc>Fails if objects are unequal after converting them to real numbers.</doc>
<status status="PASS" start="2024-04-20T05:13:26.892485" elapsed="0.000562"/>
</kw>
<kw name="Log" owner="BuiltIn">
<msg time="2024-04-20T05:13:26.893818" level="INFO">200</msg>
<arg>${response.status_code}</arg>
<doc>Logs the given message with the given level.</doc>
<status status="PASS" start="2024-04-20T05:13:26.893441" elapsed="0.000423"/>
</kw>
<kw name="Set Variable" owner="BuiltIn">
<msg time="2024-04-20T05:13:26.894709" level="INFO">${json_data} = {'results': [{'gender': 'female', 'name': {'title': 'Ms', 'first': 'آدرینا', 'last': 'سهيلي راد'}, 'location': {'street': {'number': 1023, 'name': 'کارگر'}, 'city': 'ساری', 'state': 'خراسان رضوی', 'co...</msg>
<var>${json_data}</var>
<arg>${response.json()}</arg>
<doc>Returns the given values which can then be assigned to a variables.</doc>
<status status="PASS" start="2024-04-20T05:13:26.894191" elapsed="0.000549"/>
</kw>
<kw name="Dictionary Should Contain Key" owner="Collections">
<msg time="2024-04-20T05:13:26.895237" level="INFO">False</msg>
<arg>${json_data}</arg>
<arg>results</arg>
<doc>Fails if ``key`` is not found from ``dictionary``.</doc>
<status status="PASS" start="2024-04-20T05:13:26.895059" elapsed="0.000219"/>
</kw>
<status status="PASS" start="2024-04-20T05:13:26.726351" elapsed="0.169189"/>
</kw>
<doc>Testa se a API responde corretamente e retorna um objeto JSON válido.</doc>
<tag>testeRequisicaoBasica</tag>
<status status="PASS" start="2024-04-20T05:13:26.725821" elapsed="0.169916"/>
</test>
<test id="s1-s1-t3" name="Validar estrutura de resposta" line="22">
<kw name="Teste de Estrutura de Resposta" owner="random-user-service">
<kw name="GET On Session" owner="RequestsLibrary">
<msg time="2024-04-20T05:13:26.994792" level="INFO">GET Request : url=https://randomuser.me/api 
 path_url=/api 
 headers={'User-Agent': 'python-requests/2.31.0', 'Accept-Encoding': 'gzip, deflate', 'Accept': '*/*', 'Connection': 'keep-alive'} 
 body=None 
 </msg>
<msg time="2024-04-20T05:13:26.994892" level="INFO">GET Response : url=https://randomuser.me/api 
 status=200, reason=OK 
 headers={'Date': 'Sat, 20 Apr 2024 05:13:26 GMT', 'Content-Type': 'application/json; charset=utf-8', 'Transfer-Encoding': 'chunked', 'Connection': 'keep-alive', 'X-Powered-By': 'Express', 'Access-Control-Allow-Origin': '*', 'Cache-Control': 'no-cache', 'ETag': 'W/"492-sciXMGqZ8GZUollVUed/Pz0C0UU"', 'Vary': 'Accept-Encoding', 'Content-Encoding': 'gzip', 'CF-Cache-Status': 'DYNAMIC', 'Report-To': '{"endpoints":[{"url":"https:\\/\\/a.nel.cloudflare.com\\/report\\/v4?s=eVW0uov99J55PLj3nSCDdBYx5q0xbJ2sFZFbfkq49utIlu4JtFiYtwLiZyAAnREls3w8THuwOuCV14ZfnD%2FNPY%2Bx74CS4ZZ6ADI3b%2FnNAMY%2F70oXa%2BkP%2F%2FJ3bAGWWe8R"}],"group":"cf-nel","max_age":604800}', 'NEL': '{"success_fraction":0,"report_to":"cf-nel","max_age":604800}', 'Server': 'cloudflare', 'CF-RAY': '8772a5271abd1ffa-IAD', 'alt-svc': 'h3=":443"; ma=86400'} 
 body={"results":[{"gender":"male","name":{"title":"Mr","first":"Benjamin","last":"Anderson"},"location":{"street":{"number":7310,"name":"Grand Marais Ave"},"city":"Hampstead","state":"Manitoba","country":"Canada","postcode":"A4H 3K1","coordinates":{"latitude":"-67.7703","longitude":"-74.4895"},"timezone":{"offset":"-8:00","description":"Pacific Time (US &amp; Canada)"}},"email":"benjamin.anderson@example.com","login":{"uuid":"212b863b-a9c6-4aa4-adf0-060b0c8cbba6","username":"yellowbear133","password":"simpson","salt":"MJYyNQrj","md5":"d39a0504ac165539b4658002e6f845a4","sha1":"edad3b0b75b6cc6b476c38ebaa396d3a0d46a418","sha256":"2f5de007d22faa060fb52e19562ed3b8a2c8242b79f4e02954405716eab0ef89"},"dob":{"date":"1967-03-29T15:12:02.169Z","age":57},"registered":{"date":"2003-02-16T10:48:36.812Z","age":21},"phone":"B75 U77-6396","cell":"E86 J50-8176","id":{"name":"SIN","value":"529235046"},"picture":{"large":"https://randomuser.me/api/portraits/men/71.jpg","medium":"https://randomuser.me/api/portraits/med/men/71.jpg","thumbnail":"https://randomuser.me/api/portraits/thumb/men/71.jpg"},"nat":"CA"}],"info":{"seed":"94b6d7eda754d24a","results":1,"page":1,"version":"1.4"}} 
 </msg>
<msg time="2024-04-20T05:13:26.995019" level="INFO">/opt/hostedtoolcache/Python/3.12.3/x64/lib/python3.12/site-packages/urllib3/connectionpool.py:1103: InsecureRequestWarning: Unverified HTTPS request is being made to host 'randomuser.me'. Adding certificate verification is strongly advised. See: https://urllib3.readthedocs.io/en/latest/advanced-usage.html#tls-warnings
  warnings.warn(</msg>
<msg time="2024-04-20T05:13:26.995160" level="INFO">${response} = &lt;Response [200]&gt;</msg>
<var>${response}</var>
<arg>consultarAPI</arg>
<arg>/api</arg>
<doc>Sends a GET request on a previously created HTTP Session.</doc>
<status status="PASS" start="2024-04-20T05:13:26.898486" elapsed="0.096713"/>
</kw>
<kw name="Set Variable" owner="BuiltIn">
<msg time="2024-04-20T05:13:26.996371" level="INFO">${json_data} = {'results': [{'gender': 'male', 'name': {'title': 'Mr', 'first': 'Benjamin', 'last': 'Anderson'}, 'location': {'street': {'number': 7310, 'name': 'Grand Marais Ave'}, 'city': 'Hampstead', 'state': 'Ma...</msg>
<var>${json_data}</var>
<arg>${response.json()}</arg>
<doc>Returns the given values which can then be assigned to a variables.</doc>
<status status="PASS" start="2024-04-20T05:13:26.995806" elapsed="0.000596"/>
</kw>
<kw name="Log" owner="BuiltIn">
<msg time="2024-04-20T05:13:26.996925" level="INFO">{'results': [{'gender': 'male', 'name': {'title': 'Mr', 'first': 'Benjamin', 'last': 'Anderson'}, 'location': {'street': {'number': 7310, 'name': 'Grand Marais Ave'}, 'city': 'Hampstead', 'state': 'Manitoba', 'country': 'Canada', 'postcode': 'A4H 3K1', 'coordinates': {'latitude': '-67.7703', 'longitude': '-74.4895'}, 'timezone': {'offset': '-8:00', 'description': 'Pacific Time (US &amp; Canada)'}}, 'email': 'benjamin.anderson@example.com', 'login': {'uuid': '212b863b-a9c6-4aa4-adf0-060b0c8cbba6', 'username': 'yellowbear133', 'password': 'simpson', 'salt': 'MJYyNQrj', 'md5': 'd39a0504ac165539b4658002e6f845a4', 'sha1': 'edad3b0b75b6cc6b476c38ebaa396d3a0d46a418', 'sha256': '2f5de007d22faa060fb52e19562ed3b8a2c8242b79f4e02954405716eab0ef89'}, 'dob': {'date': '1967-03-29T15:12:02.169Z', 'age': 57}, 'registered': {'date': '2003-02-16T10:48:36.812Z', 'age': 21}, 'phone': 'B75 U77-6396', 'cell': 'E86 J50-8176', 'id': {'name': 'SIN', 'value': '529235046'}, 'picture': {'large': 'https://randomuser.me/api/portraits/men/71.jpg', 'medium': 'https://randomuser.me/api/portraits/med/men/71.jpg', 'thumbnail': 'https://randomuser.me/api/portraits/thumb/men/71.jpg'}, 'nat': 'CA'}], 'info': {'seed': '94b6d7eda754d24a', 'results': 1, 'page': 1, 'version': '1.4'}}</msg>
<arg>${json_data}</arg>
<doc>Logs the given message with the given level.</doc>
<status status="PASS" start="2024-04-20T05:13:26.996756" elapsed="0.000221"/>
</kw>
<kw name="Dictionary Should Contain Key" owner="Collections">
<msg time="2024-04-20T05:13:26.997447" level="INFO">False</msg>
<arg>${json_data}</arg>
<arg>results</arg>
<doc>Fails if ``key`` is not found from ``dictionary``.</doc>
<status status="PASS" start="2024-04-20T05:13:26.997289" elapsed="0.000196"/>
</kw>
<kw name="Should Not Be Empty" owner="BuiltIn">
<msg time="2024-04-20T05:13:26.997926" level="INFO">Length is 2.</msg>
<arg>${json_data}</arg>
<doc>Verifies that the given item is not empty.</doc>
<status status="PASS" start="2024-04-20T05:13:26.997794" elapsed="0.000170"/>
</kw>
<kw name="Create List" owner="BuiltIn">
<msg time="2024-04-20T05:13:26.998613" level="INFO">${expected_keys} = ['gender', 'name', 'location', 'email', 'login']</msg>
<var>${expected_keys}</var>
<arg>gender</arg>
<arg>name</arg>
<arg>location</arg>
<arg>email</arg>
<arg>login</arg>
<doc>Returns a list containing given items.</doc>
<status status="PASS" start="2024-04-20T05:13:26.998264" elapsed="0.000381"/>
</kw>
<for flavor="IN">
<iter>
<kw name="Dictionary Should Contain Key" owner="Collections">
<msg time="2024-04-20T05:13:26.999657" level="INFO">False</msg>
<arg>${json_data['results'][0]}</arg>
<arg>${key}</arg>
<doc>Fails if ``key`` is not found from ``dictionary``.</doc>
<status status="PASS" start="2024-04-20T05:13:26.999247" elapsed="0.000450"/>
</kw>
<kw name="Log" owner="BuiltIn">
<msg time="2024-04-20T05:13:27.000374" level="INFO">{'gender': 'male', 'name': {'title': 'Mr', 'first': 'Benjamin', 'last': 'Anderson'}, 'location': {'street': {'number': 7310, 'name': 'Grand Marais Ave'}, 'city': 'Hampstead', 'state': 'Manitoba', 'country': 'Canada', 'postcode': 'A4H 3K1', 'coordinates': {'latitude': '-67.7703', 'longitude': '-74.4895'}, 'timezone': {'offset': '-8:00', 'description': 'Pacific Time (US &amp; Canada)'}}, 'email': 'benjamin.anderson@example.com', 'login': {'uuid': '212b863b-a9c6-4aa4-adf0-060b0c8cbba6', 'username': 'yellowbear133', 'password': 'simpson', 'salt': 'MJYyNQrj', 'md5': 'd39a0504ac165539b4658002e6f845a4', 'sha1': 'edad3b0b75b6cc6b476c38ebaa396d3a0d46a418', 'sha256': '2f5de007d22faa060fb52e19562ed3b8a2c8242b79f4e02954405716eab0ef89'}, 'dob': {'date': '1967-03-29T15:12:02.169Z', 'age': 57}, 'registered': {'date': '2003-02-16T10:48:36.812Z', 'age': 21}, 'phone': 'B75 U77-6396', 'cell': 'E86 J50-8176', 'id': {'name': 'SIN', 'value': '529235046'}, 'picture': {'large': 'https://randomuser.me/api/portraits/men/71.jpg', 'medium': 'https://randomuser.me/api/portraits/med/men/71.jpg', 'thumbnail': 'https://randomuser.me/api/portraits/thumb/men/71.jpg'}, 'nat': 'CA'}</msg>
<arg>${json_data['results'][0]}</arg>
<doc>Logs the given message with the given level.</doc>
<status status="PASS" start="2024-04-20T05:13:26.999998" elapsed="0.000427"/>
</kw>
<kw name="Log" owner="BuiltIn">
<msg time="2024-04-20T05:13:27.000846" level="INFO">gender</msg>
<arg>${key}</arg>
<doc>Logs the given message with the given level.</doc>
<status status="PASS" start="2024-04-20T05:13:27.000720" elapsed="0.000165"/>
</kw>
<var name="${key}">gender</var>
<status status="PASS" start="2024-04-20T05:13:26.999118" elapsed="0.001983"/>
</iter>
<iter>
<kw name="Dictionary Should Contain Key" owner="Collections">
<msg time="2024-04-20T05:13:27.001795" level="INFO">False</msg>
<arg>${json_data['results'][0]}</arg>
<arg>${key}</arg>
<doc>Fails if ``key`` is not found from ``dictionary``.</doc>
<status status="PASS" start="2024-04-20T05:13:27.001407" elapsed="0.000425"/>
</kw>
<kw name="Log" owner="BuiltIn">
<msg time="2024-04-20T05:13:27.002515" level="INFO">{'gender': 'male', 'name': {'title': 'Mr', 'first': 'Benjamin', 'last': 'Anderson'}, 'location': {'street': {'number': 7310, 'name': 'Grand Marais Ave'}, 'city': 'Hampstead', 'state': 'Manitoba', 'country': 'Canada', 'postcode': 'A4H 3K1', 'coordinates': {'latitude': '-67.7703', 'longitude': '-74.4895'}, 'timezone': {'offset': '-8:00', 'description': 'Pacific Time (US &amp; Canada)'}}, 'email': 'benjamin.anderson@example.com', 'login': {'uuid': '212b863b-a9c6-4aa4-adf0-060b0c8cbba6', 'username': 'yellowbear133', 'password': 'simpson', 'salt': 'MJYyNQrj', 'md5': 'd39a0504ac165539b4658002e6f845a4', 'sha1': 'edad3b0b75b6cc6b476c38ebaa396d3a0d46a418', 'sha256': '2f5de007d22faa060fb52e19562ed3b8a2c8242b79f4e02954405716eab0ef89'}, 'dob': {'date': '1967-03-29T15:12:02.169Z', 'age': 57}, 'registered': {'date': '2003-02-16T10:48:36.812Z', 'age': 21}, 'phone': 'B75 U77-6396', 'cell': 'E86 J50-8176', 'id': {'name': 'SIN', 'value': '529235046'}, 'picture': {'large': 'https://randomuser.me/api/portraits/men/71.jpg', 'medium': 'https://randomuser.me/api/portraits/med/men/71.jpg', 'thumbnail': 'https://randomuser.me/api/portraits/thumb/men/71.jpg'}, 'nat': 'CA'}</msg>
<arg>${json_data['results'][0]}</arg>
<doc>Logs the given message with the given level.</doc>
<status status="PASS" start="2024-04-20T05:13:27.002157" elapsed="0.000407"/>
</kw>
<kw name="Log" owner="BuiltIn">
<msg time="2024-04-20T05:13:27.003015" level="INFO">name</msg>
<arg>${key}</arg>
<doc>Logs the given message with the given level.</doc>
<status status="PASS" start="2024-04-20T05:13:27.002890" elapsed="0.000162"/>
</kw>
<var name="${key}">name</var>
<status status="PASS" start="2024-04-20T05:13:27.001291" elapsed="0.001973"/>
</iter>
<iter>
<kw name="Dictionary Should Contain Key" owner="Collections">
<msg time="2024-04-20T05:13:27.003942" level="INFO">False</msg>
<arg>${json_data['results'][0]}</arg>
<arg>${key}</arg>
<doc>Fails if ``key`` is not found from ``dictionary``.</doc>
<status status="PASS" start="2024-04-20T05:13:27.003553" elapsed="0.000427"/>
</kw>
<kw name="Log" owner="BuiltIn">
<msg time="2024-04-20T05:13:27.004633" level="INFO">{'gender': 'male', 'name': {'title': 'Mr', 'first': 'Benjamin', 'last': 'Anderson'}, 'location': {'street': {'number': 7310, 'name': 'Grand Marais Ave'}, 'city': 'Hampstead', 'state': 'Manitoba', 'country': 'Canada', 'postcode': 'A4H 3K1', 'coordinates': {'latitude': '-67.7703', 'longitude': '-74.4895'}, 'timezone': {'offset': '-8:00', 'description': 'Pacific Time (US &amp; Canada)'}}, 'email': 'benjamin.anderson@example.com', 'login': {'uuid': '212b863b-a9c6-4aa4-adf0-060b0c8cbba6', 'username': 'yellowbear133', 'password': 'simpson', 'salt': 'MJYyNQrj', 'md5': 'd39a0504ac165539b4658002e6f845a4', 'sha1': 'edad3b0b75b6cc6b476c38ebaa396d3a0d46a418', 'sha256': '2f5de007d22faa060fb52e19562ed3b8a2c8242b79f4e02954405716eab0ef89'}, 'dob': {'date': '1967-03-29T15:12:02.169Z', 'age': 57}, 'registered': {'date': '2003-02-16T10:48:36.812Z', 'age': 21}, 'phone': 'B75 U77-6396', 'cell': 'E86 J50-8176', 'id': {'name': 'SIN', 'value': '529235046'}, 'picture': {'large': 'https://randomuser.me/api/portraits/men/71.jpg', 'medium': 'https://randomuser.me/api/portraits/med/men/71.jpg', 'thumbnail': 'https://randomuser.me/api/portraits/thumb/men/71.jpg'}, 'nat': 'CA'}</msg>
<arg>${json_data['results'][0]}</arg>
<doc>Logs the given message with the given level.</doc>
<status status="PASS" start="2024-04-20T05:13:27.004279" elapsed="0.000403"/>
</kw>
<kw name="Log" owner="BuiltIn">
<msg time="2024-04-20T05:13:27.005095" level="INFO">location</msg>
<arg>${key}</arg>
<doc>Logs the given message with the given level.</doc>
<status status="PASS" start="2024-04-20T05:13:27.004974" elapsed="0.000159"/>
</kw>
<var name="${key}">location</var>
<status status="PASS" start="2024-04-20T05:13:27.003441" elapsed="0.001903"/>
</iter>
<iter>
<kw name="Dictionary Should Contain Key" owner="Collections">
<msg time="2024-04-20T05:13:27.006019" level="INFO">False</msg>
<arg>${json_data['results'][0]}</arg>
<arg>${key}</arg>
<doc>Fails if ``key`` is not found from ``dictionary``.</doc>
<status status="PASS" start="2024-04-20T05:13:27.005637" elapsed="0.000420"/>
</kw>
<kw name="Log" owner="BuiltIn">
<msg time="2024-04-20T05:13:27.006765" level="INFO">{'gender': 'male', 'name': {'title': 'Mr', 'first': 'Benjamin', 'last': 'Anderson'}, 'location': {'street': {'number': 7310, 'name': 'Grand Marais Ave'}, 'city': 'Hampstead', 'state': 'Manitoba', 'country': 'Canada', 'postcode': 'A4H 3K1', 'coordinates': {'latitude': '-67.7703', 'longitude': '-74.4895'}, 'timezone': {'offset': '-8:00', 'description': 'Pacific Time (US &amp; Canada)'}}, 'email': 'benjamin.anderson@example.com', 'login': {'uuid': '212b863b-a9c6-4aa4-adf0-060b0c8cbba6', 'username': 'yellowbear133', 'password': 'simpson', 'salt': 'MJYyNQrj', 'md5': 'd39a0504ac165539b4658002e6f845a4', 'sha1': 'edad3b0b75b6cc6b476c38ebaa396d3a0d46a418', 'sha256': '2f5de007d22faa060fb52e19562ed3b8a2c8242b79f4e02954405716eab0ef89'}, 'dob': {'date': '1967-03-29T15:12:02.169Z', 'age': 57}, 'registered': {'date': '2003-02-16T10:48:36.812Z', 'age': 21}, 'phone': 'B75 U77-6396', 'cell': 'E86 J50-8176', 'id': {'name': 'SIN', 'value': '529235046'}, 'picture': {'large': 'https://randomuser.me/api/portraits/men/71.jpg', 'medium': 'https://randomuser.me/api/portraits/med/men/71.jpg', 'thumbnail': 'https://randomuser.me/api/portraits/thumb/men/71.jpg'}, 'nat': 'CA'}</msg>
<arg>${json_data['results'][0]}</arg>
<doc>Logs the given message with the given level.</doc>
<status status="PASS" start="2024-04-20T05:13:27.006354" elapsed="0.000464"/>
</kw>
<kw name="Log" owner="BuiltIn">
<msg time="2024-04-20T05:13:27.007249" level="INFO">email</msg>
<arg>${key}</arg>
<doc>Logs the given message with the given level.</doc>
<status status="PASS" start="2024-04-20T05:13:27.007112" elapsed="0.000176"/>
</kw>
<var name="${key}">email</var>
<status status="PASS" start="2024-04-20T05:13:27.005516" elapsed="0.001986"/>
</iter>
<iter>
<kw name="Dictionary Should Contain Key" owner="Collections">
<msg time="2024-04-20T05:13:27.008177" level="INFO">False</msg>
<arg>${json_data['results'][0]}</arg>
<arg>${key}</arg>
<doc>Fails if ``key`` is not found from ``dictionary``.</doc>
<status status="PASS" start="2024-04-20T05:13:27.007786" elapsed="0.000429"/>
</kw>
<kw name="Log" owner="BuiltIn">
<msg time="2024-04-20T05:13:27.008858" level="INFO">{'gender': 'male', 'name': {'title': 'Mr', 'first': 'Benjamin', 'last': 'Anderson'}, 'location': {'street': {'number': 7310, 'name': 'Grand Marais Ave'}, 'city': 'Hampstead', 'state': 'Manitoba', 'country': 'Canada', 'postcode': 'A4H 3K1', 'coordinates': {'latitude': '-67.7703', 'longitude': '-74.4895'}, 'timezone': {'offset': '-8:00', 'description': 'Pacific Time (US &amp; Canada)'}}, 'email': 'benjamin.anderson@example.com', 'login': {'uuid': '212b863b-a9c6-4aa4-adf0-060b0c8cbba6', 'username': 'yellowbear133', 'password': 'simpson', 'salt': 'MJYyNQrj', 'md5': 'd39a0504ac165539b4658002e6f845a4', 'sha1': 'edad3b0b75b6cc6b476c38ebaa396d3a0d46a418', 'sha256': '2f5de007d22faa060fb52e19562ed3b8a2c8242b79f4e02954405716eab0ef89'}, 'dob': {'date': '1967-03-29T15:12:02.169Z', 'age': 57}, 'registered': {'date': '2003-02-16T10:48:36.812Z', 'age': 21}, 'phone': 'B75 U77-6396', 'cell': 'E86 J50-8176', 'id': {'name': 'SIN', 'value': '529235046'}, 'picture': {'large': 'https://randomuser.me/api/portraits/men/71.jpg', 'medium': 'https://randomuser.me/api/portraits/med/men/71.jpg', 'thumbnail': 'https://randomuser.me/api/portraits/thumb/men/71.jpg'}, 'nat': 'CA'}</msg>
<arg>${json_data['results'][0]}</arg>
<doc>Logs the given message with the given level.</doc>
<status status="PASS" start="2024-04-20T05:13:27.008507" elapsed="0.000401"/>
</kw>
<kw name="Log" owner="BuiltIn">
<msg time="2024-04-20T05:13:27.009329" level="INFO">login</msg>
<arg>${key}</arg>
<doc>Logs the given message with the given level.</doc>
<status status="PASS" start="2024-04-20T05:13:27.009205" elapsed="0.000162"/>
</kw>
<var name="${key}">login</var>
<status status="PASS" start="2024-04-20T05:13:27.007676" elapsed="0.001927"/>
</iter>
<var>${key}</var>
<value>@{expected_keys}</value>
<status status="PASS" start="2024-04-20T05:13:26.998920" elapsed="0.010809"/>
</for>
<kw name="Create List" owner="BuiltIn">
<msg time="2024-04-20T05:13:27.010063" level="INFO">${expected_keysTwo} = ['username', 'password']</msg>
<var>${expected_keysTwo}</var>
<arg>username</arg>
<arg>password</arg>
<doc>Returns a list containing given items.</doc>
<status status="PASS" start="2024-04-20T05:13:27.009928" elapsed="0.000158"/>
</kw>
<for flavor="IN">
<iter>
<kw name="Dictionary Should Contain Key" owner="Collections">
<msg time="2024-04-20T05:13:27.011012" level="INFO">False</msg>
<arg>${json_data['results'][0]['login']}</arg>
<arg>${keyTwo}</arg>
<doc>Fails if ``key`` is not found from ``dictionary``.</doc>
<status status="PASS" start="2024-04-20T05:13:27.010614" elapsed="0.000435"/>
</kw>
<kw name="Dictionary Should Contain Key" owner="Collections">
<msg time="2024-04-20T05:13:27.011723" level="INFO">False</msg>
<arg>${json_data['results'][0]['login']}</arg>
<arg>${keyTwo}</arg>
<doc>Fails if ``key`` is not found from ``dictionary``.</doc>
<status status="PASS" start="2024-04-20T05:13:27.011346" elapsed="0.000414"/>
</kw>
<kw name="Log" owner="BuiltIn">
<msg time="2024-04-20T05:13:27.012174" level="INFO">username</msg>
<arg>${keyTwo}</arg>
<doc>Logs the given message with the given level.</doc>
<status status="PASS" start="2024-04-20T05:13:27.012050" elapsed="0.000166"/>
</kw>
<var name="${keyTwo}">username</var>
<status status="PASS" start="2024-04-20T05:13:27.010479" elapsed="0.001955"/>
</iter>
<iter>
<kw name="Dictionary Should Contain Key" owner="Collections">
<msg time="2024-04-20T05:13:27.013096" level="INFO">False</msg>
<arg>${json_data['results'][0]['login']}</arg>
<arg>${keyTwo}</arg>
<doc>Fails if ``key`` is not found from ``dictionary``.</doc>
<status status="PASS" start="2024-04-20T05:13:27.012712" elapsed="0.000431"/>
</kw>
<kw name="Dictionary Should Contain Key" owner="Collections">
<msg time="2024-04-20T05:13:27.013915" level="INFO">False</msg>
<arg>${json_data['results'][0]['login']}</arg>
<arg>${keyTwo}</arg>
<doc>Fails if ``key`` is not found from ``dictionary``.</doc>
<status status="PASS" start="2024-04-20T05:13:27.013449" elapsed="0.000505"/>
</kw>
<kw name="Log" owner="BuiltIn">
<msg time="2024-04-20T05:13:27.014375" level="INFO">password</msg>
<arg>${keyTwo}</arg>
<doc>Logs the given message with the given level.</doc>
<status status="PASS" start="2024-04-20T05:13:27.014248" elapsed="0.000165"/>
</kw>
<var name="${keyTwo}">password</var>
<status status="PASS" start="2024-04-20T05:13:27.012603" elapsed="0.002057"/>
</iter>
<var>${keyTwo}</var>
<value>@{expected_keysTwo}</value>
<status status="PASS" start="2024-04-20T05:13:27.010325" elapsed="0.004459"/>
</for>
<status status="PASS" start="2024-04-20T05:13:26.898241" elapsed="0.116691"/>
</kw>
<doc>Testa a estrutura da resposta da API.</doc>
<tag>testeEstruturaResposta</tag>
<status status="PASS" start="2024-04-20T05:13:26.897614" elapsed="0.117480"/>
</test>
<test id="s1-s1-t4" name="Validar tipos de dados" line="28">
<kw name="Teste de Tipos de Dados" owner="random-user-service">
<kw name="GET On Session" owner="RequestsLibrary">
<msg time="2024-04-20T05:13:27.092606" level="INFO">GET Request : url=https://randomuser.me/api 
 path_url=/api 
 headers={'User-Agent': 'python-requests/2.31.0', 'Accept-Encoding': 'gzip, deflate', 'Accept': '*/*', 'Connection': 'keep-alive'} 
 body=None 
 </msg>
<msg time="2024-04-20T05:13:27.092719" level="INFO">GET Response : url=https://randomuser.me/api 
 status=200, reason=OK 
 headers={'Date': 'Sat, 20 Apr 2024 05:13:27 GMT', 'Content-Type': 'application/json; charset=utf-8', 'Transfer-Encoding': 'chunked', 'Connection': 'keep-alive', 'X-Powered-By': 'Express', 'Access-Control-Allow-Origin': '*', 'Cache-Control': 'no-cache', 'ETag': 'W/"47c-z02sIA/t1AnDimj+1GBdGJmRNQc"', 'Vary': 'Accept-Encoding', 'Content-Encoding': 'gzip', 'CF-Cache-Status': 'DYNAMIC', 'Report-To': '{"endpoints":[{"url":"https:\\/\\/a.nel.cloudflare.com\\/report\\/v4?s=BJV%2BQRJmuVj5WvdCFHVp%2Ftdaxx0Xib4R8zi%2Fy26xBCF6cZ2SihPDK%2BO8ZRGD92V0Uj4cg5FZSa%2BFzWV%2FwQAGhCvsb5RW%2BXsZwACa%2FPr%2BSyNJhOWppDzL1PFhVmOy7xdh"}],"group":"cf-nel","max_age":604800}', 'NEL': '{"success_fraction":0,"report_to":"cf-nel","max_age":604800}', 'Server': 'cloudflare', 'CF-RAY': '8772a527db601ffa-IAD', 'alt-svc': 'h3=":443"; ma=86400'} 
 body={"results":[{"gender":"female","name":{"title":"Ms","first":"Alberte","last":"Jensen"},"location":{"street":{"number":4214,"name":"Elmelunden"},"city":"Haslev","state":"Sjælland","country":"Denmark","postcode":87028,"coordinates":{"latitude":"-42.6953","longitude":"115.1628"},"timezone":{"offset":"-12:00","description":"Eniwetok, Kwajalein"}},"email":"alberte.jensen@example.com","login":{"uuid":"03f0624a-d243-4b8c-a8a9-06dceee94032","username":"orangebear456","password":"newyork","salt":"ipoSGV5G","md5":"afed87c068131474fc1e91458ffc2a20","sha1":"61555e0642eefe58394e1a6cc780dbca39aa0d31","sha256":"fa0c4b3961fa43a0f1230a099d8d1c53047d9d35c29736792b75966223ce2c50"},"dob":{"date":"1991-01-17T09:27:38.435Z","age":33},"registered":{"date":"2017-05-15T10:08:01.469Z","age":6},"phone":"99620217","cell":"31839333","id":{"name":"CPR","value":"170191-6223"},"picture":{"large":"https://randomuser.me/api/portraits/women/86.jpg","medium":"https://randomuser.me/api/portraits/med/women/86.jpg","thumbnail":"https://randomuser.me/api/portraits/thumb/women/86.jpg"},"nat":"DK"}],"info":{"seed":"91adccd8a2aa377f","results":1,"page":1,"version":"1.4"}} 
 </msg>
<msg time="2024-04-20T05:13:27.092808" level="INFO">/opt/hostedtoolcache/Python/3.12.3/x64/lib/python3.12/site-packages/urllib3/connectionpool.py:1103: InsecureRequestWarning: Unverified HTTPS request is being made to host 'randomuser.me'. Adding certificate verification is strongly advised. See: https://urllib3.readthedocs.io/en/latest/advanced-usage.html#tls-warnings
  warnings.warn(</msg>
<msg time="2024-04-20T05:13:27.092940" level="INFO">${response} = &lt;Response [200]&gt;</msg>
<var>${response}</var>
<arg>consultarAPI</arg>
<arg>/api</arg>
<doc>Sends a GET request on a previously created HTTP Session.</doc>
<status status="PASS" start="2024-04-20T05:13:27.018133" elapsed="0.074848"/>
</kw>
<kw name="Set Variable" owner="BuiltIn">
<msg time="2024-04-20T05:13:27.094222" level="INFO">${json_data} = {'results': [{'gender': 'female', 'name': {'title': 'Ms', 'first': 'Alberte', 'last': 'Jensen'}, 'location': {'street': {'number': 4214, 'name': 'Elmelunden'}, 'city': 'Haslev', 'state': 'Sjælland', '...</msg>
<var>${json_data}</var>
<arg>${response.json()}</arg>
<doc>Returns the given values which can then be assigned to a variables.</doc>
<status status="PASS" start="2024-04-20T05:13:27.093626" elapsed="0.000627"/>
</kw>
<kw name="Log" owner="BuiltIn">
<msg time="2024-04-20T05:13:27.094842" level="INFO">{'results': [{'gender': 'female', 'name': {'title': 'Ms', 'first': 'Alberte', 'last': 'Jensen'}, 'location': {'street': {'number': 4214, 'name': 'Elmelunden'}, 'city': 'Haslev', 'state': 'Sjælland', 'country': 'Denmark', 'postcode': 87028, 'coordinates': {'latitude': '-42.6953', 'longitude': '115.1628'}, 'timezone': {'offset': '-12:00', 'description': 'Eniwetok, Kwajalein'}}, 'email': 'alberte.jensen@example.com', 'login': {'uuid': '03f0624a-d243-4b8c-a8a9-06dceee94032', 'username': 'orangebear456', 'password': 'newyork', 'salt': 'ipoSGV5G', 'md5': 'afed87c068131474fc1e91458ffc2a20', 'sha1': '61555e0642eefe58394e1a6cc780dbca39aa0d31', 'sha256': 'fa0c4b3961fa43a0f1230a099d8d1c53047d9d35c29736792b75966223ce2c50'}, 'dob': {'date': '1991-01-17T09:27:38.435Z', 'age': 33}, 'registered': {'date': '2017-05-15T10:08:01.469Z', 'age': 6}, 'phone': '99620217', 'cell': '31839333', 'id': {'name': 'CPR', 'value': '170191-6223'}, 'picture': {'large': 'https://randomuser.me/api/portraits/women/86.jpg', 'medium': 'https://randomuser.me/api/portraits/med/women/86.jpg', 'thumbnail': 'https://randomuser.me/api/portraits/thumb/women/86.jpg'}, 'nat': 'DK'}], 'info': {'seed': '91adccd8a2aa377f', 'results': 1, 'page': 1, 'version': '1.4'}}</msg>
<arg>${json_data}</arg>
<doc>Logs the given message with the given level.</doc>
<status status="PASS" start="2024-04-20T05:13:27.094652" elapsed="0.000281"/>
</kw>
<kw name="Should Be String" owner="String">
<arg>${json_data['results'][0]['gender']}</arg>
<doc>Fails if the given ``item`` is not a string.</doc>
<status status="PASS" start="2024-04-20T05:13:27.095259" elapsed="0.000395"/>
</kw>
<kw name="Should Match Regexp" owner="BuiltIn">
<arg>${json_data['results'][0]['email']}</arg>
<arg>^[a-zA-Z0-9._%+-]+@[a-zA-Z0-9.-]+\.[a-zA-Z]{2,}$</arg>
<doc>Fails if ``string`` does not match ``pattern`` as a regular expression.</doc>
<status status="PASS" start="2024-04-20T05:13:27.095855" elapsed="0.000528"/>
</kw>
<kw name="Should Match Regexp" owner="BuiltIn">
<arg>${json_data['results'][0]['dob']['date']}</arg>
<arg>\\d{4}-\\d{2}-\\d{2}T\\d{2}:\\d{2}:\\d{2}\\.\\d{3}Z</arg>
<doc>Fails if ``string`` does not match ``pattern`` as a regular expression.</doc>
<status status="PASS" start="2024-04-20T05:13:27.096585" elapsed="0.000516"/>
</kw>
<kw name="Should Match Regexp" owner="BuiltIn">
<arg>${json_data['results'][0]['registered']['date']}</arg>
<arg>\\d{4}-\\d{2}-\\d{2}T\\d{2}:\\d{2}:\\d{2}\\.\\d{3}Z</arg>
<doc>Fails if ``string`` does not match ``pattern`` as a regular expression.</doc>
<status status="PASS" start="2024-04-20T05:13:27.097299" elapsed="0.000380"/>
</kw>
<kw name="Should Match Regexp" owner="BuiltIn">
<arg>${json_data['results'][0]['picture']['large']}</arg>
<arg>^https?://.*\.(?:png|jpe?g|gif|bmp)$</arg>
<doc>Fails if ``string`` does not match ``pattern`` as a regular expression.</doc>
<status status="PASS" start="2024-04-20T05:13:27.097870" elapsed="0.000461"/>
</kw>
<kw name="Should Match Regexp" owner="BuiltIn">
<arg>${json_data['results'][0]['picture']['medium']}</arg>
<arg>^https?://.*\.(?:png|jpe?g|gif|bmp)$</arg>
<doc>Fails if ``string`` does not match ``pattern`` as a regular expression.</doc>
<status status="PASS" start="2024-04-20T05:13:27.098523" elapsed="0.000398"/>
</kw>
<kw name="Should Match Regexp" owner="BuiltIn">
<arg>${json_data['results'][0]['picture']['thumbnail']}</arg>
<arg>^https?://.*\.(?:png|jpe?g|gif|bmp)$</arg>
<doc>Fails if ``string`` does not match ``pattern`` as a regular expression.</doc>
<status status="PASS" start="2024-04-20T05:13:27.099114" elapsed="0.000362"/>
</kw>
<kw name="Log" owner="BuiltIn">
<msg time="2024-04-20T05:13:27.099989" level="INFO">{'large': 'https://randomuser.me/api/portraits/women/86.jpg', 'medium': 'https://randomuser.me/api/portraits/med/women/86.jpg', 'thumbnail': 'https://randomuser.me/api/portraits/thumb/women/86.jpg'}</msg>
<arg>${json_data['results'][0]['picture']}</arg>
<doc>Logs the given message with the given level.</doc>
<status status="PASS" start="2024-04-20T05:13:27.099662" elapsed="0.000370"/>
</kw>
<status status="PASS" start="2024-04-20T05:13:27.017895" elapsed="0.082402"/>
</kw>
<kw name="Teste de Tipos de Dados - Postcode" owner="random-user-service">
<kw name="GET On Session" owner="RequestsLibrary">
<msg time="2024-04-20T05:13:27.192194" level="INFO">GET Request : url=https://randomuser.me/api 
 path_url=/api 
 headers={'User-Agent': 'python-requests/2.31.0', 'Accept-Encoding': 'gzip, deflate', 'Accept': '*/*', 'Connection': 'keep-alive'} 
 body=None 
 </msg>
<msg time="2024-04-20T05:13:27.192291" level="INFO">GET Response : url=https://randomuser.me/api 
 status=200, reason=OK 
 headers={'Date': 'Sat, 20 Apr 2024 05:13:27 GMT', 'Content-Type': 'application/json; charset=utf-8', 'Transfer-Encoding': 'chunked', 'Connection': 'keep-alive', 'X-Powered-By': 'Express', 'Access-Control-Allow-Origin': '*', 'Cache-Control': 'no-cache', 'ETag': 'W/"49e-OZN9hNDw2GI19RYLHpWSBsJ5Emk"', 'Vary': 'Accept-Encoding', 'Content-Encoding': 'gzip', 'CF-Cache-Status': 'DYNAMIC', 'Report-To': '{"endpoints":[{"url":"https:\\/\\/a.nel.cloudflare.com\\/report\\/v4?s=iBJF78qzbcY46zCAWfoCfAFRKrisoBwTMITN6YfG3h%2FA1sYbCPQmGDMR8hmTkd5%2Fhf0FfSoxumqaf5KSe07hNAzHZbUoqF9l5jyGmhegeyzPONfQj3%2B5Ry5ptOUPRJym"}],"group":"cf-nel","max_age":604800}', 'NEL': '{"success_fraction":0,"report_to":"cf-nel","max_age":604800}', 'Server': 'cloudflare', 'CF-RAY': '8772a5286bd31ffa-IAD', 'alt-svc': 'h3=":443"; ma=86400'} 
 body={"results":[{"gender":"female","name":{"title":"Ms","first":"Celia","last":"Hernández"},"location":{"street":{"number":2692,"name":"Calle de Arganzuela"},"city":"Almería","state":"Aragón","country":"Spain","postcode":69188,"coordinates":{"latitude":"-30.0305","longitude":"8.0781"},"timezone":{"offset":"-6:00","description":"Central Time (US &amp; Canada), Mexico City"}},"email":"celia.hernandez@example.com","login":{"uuid":"36b34411-aefa-44e2-85f0-edad0daa4aa9","username":"beautifultiger870","password":"zanzibar","salt":"47Ms4jbt","md5":"e4bd66684a5f33c013d6ae79982dd3b0","sha1":"32cfb934f425ca1c94595c6b90553dab7e35a6e4","sha256":"76fa4f2a19a4ccee45c5e7ccfd199e1e9239a1397070812dbbc69ef553ab7ef9"},"dob":{"date":"1980-07-16T05:09:47.038Z","age":43},"registered":{"date":"2019-01-03T14:35:34.822Z","age":5},"phone":"986-626-653","cell":"692-771-752","id":{"name":"DNI","value":"10446330-O"},"picture":{"large":"https://randomuser.me/api/portraits/women/2.jpg","medium":"https://randomuser.me/api/portraits/med/women/2.jpg","thumbnail":"https://randomuser.me/api/portraits/thumb/women/2.jpg"},"nat":"ES"}],"info":{"seed":"2d44e15c3dbf7fe3","results":1,"page":1,"version":"1.4"}} 
 </msg>
<msg time="2024-04-20T05:13:27.192368" level="INFO">/opt/hostedtoolcache/Python/3.12.3/x64/lib/python3.12/site-packages/urllib3/connectionpool.py:1103: InsecureRequestWarning: Unverified HTTPS request is being made to host 'randomuser.me'. Adding certificate verification is strongly advised. See: https://urllib3.readthedocs.io/en/latest/advanced-usage.html#tls-warnings
  warnings.warn(</msg>
<msg time="2024-04-20T05:13:27.192501" level="INFO">${response} = &lt;Response [200]&gt;</msg>
<var>${response}</var>
<arg>consultarAPI</arg>
<arg>/api</arg>
<doc>Sends a GET request on a previously created HTTP Session.</doc>
<status status="PASS" start="2024-04-20T05:13:27.100773" elapsed="0.091770"/>
</kw>
<kw name="Set Variable" owner="BuiltIn">
<msg time="2024-04-20T05:13:27.193770" level="INFO">${json_data} = {'results': [{'gender': 'female', 'name': {'title': 'Ms', 'first': 'Celia', 'last': 'Hernández'}, 'location': {'street': {'number': 2692, 'name': 'Calle de Arganzuela'}, 'city': 'Almería', 'state': 'A...</msg>
<var>${json_data}</var>
<arg>${response.json()}</arg>
<doc>Returns the given values which can then be assigned to a variables.</doc>
<status status="PASS" start="2024-04-20T05:13:27.193194" elapsed="0.000606"/>
</kw>
<kw name="Log" owner="BuiltIn">
<msg time="2024-04-20T05:13:27.194325" level="INFO">{'results': [{'gender': 'female', 'name': {'title': 'Ms', 'first': 'Celia', 'last': 'Hernández'}, 'location': {'street': {'number': 2692, 'name': 'Calle de Arganzuela'}, 'city': 'Almería', 'state': 'Aragón', 'country': 'Spain', 'postcode': 69188, 'coordinates': {'latitude': '-30.0305', 'longitude': '8.0781'}, 'timezone': {'offset': '-6:00', 'description': 'Central Time (US &amp; Canada), Mexico City'}}, 'email': 'celia.hernandez@example.com', 'login': {'uuid': '36b34411-aefa-44e2-85f0-edad0daa4aa9', 'username': 'beautifultiger870', 'password': 'zanzibar', 'salt': '47Ms4jbt', 'md5': 'e4bd66684a5f33c013d6ae79982dd3b0', 'sha1': '32cfb934f425ca1c94595c6b90553dab7e35a6e4', 'sha256': '76fa4f2a19a4ccee45c5e7ccfd199e1e9239a1397070812dbbc69ef553ab7ef9'}, 'dob': {'date': '1980-07-16T05:09:47.038Z', 'age': 43}, 'registered': {'date': '2019-01-03T14:35:34.822Z', 'age': 5}, 'phone': '986-626-653', 'cell': '692-771-752', 'id': {'name': 'DNI', 'value': '10446330-O'}, 'picture': {'large': 'https://randomuser.me/api/portraits/women/2.jpg', 'medium': 'https://randomuser.me/api/portraits/med/women/2.jpg', 'thumbnail': 'https://randomuser.me/api/portraits/thumb/women/2.jpg'}, 'nat': 'ES'}], 'info': {'seed': '2d44e15c3dbf7fe3', 'results': 1, 'page': 1, 'version': '1.4'}}</msg>
<arg>${json_data}</arg>
<doc>Logs the given message with the given level.</doc>
<status status="PASS" start="2024-04-20T05:13:27.194153" elapsed="0.000260"/>
</kw>
<kw name="Should Be Equal As Numbers" owner="BuiltIn">
<arg>${json_data['results'][0]['location']['postcode']}</arg>
<arg>${json_data['results'][0]['location']['postcode']}</arg>
<doc>Fails if objects are unequal after converting them to real numbers.</doc>
<status status="PASS" start="2024-04-20T05:13:27.194786" elapsed="0.000831"/>
</kw>
<kw name="Log" owner="BuiltIn">
<msg time="2024-04-20T05:13:27.196154" level="INFO">69188</msg>
<arg>${json_data['results'][0]['location']['postcode']}</arg>
<doc>Logs the given message with the given level.</doc>
<status status="PASS" start="2024-04-20T05:13:27.195815" elapsed="0.000381"/>
</kw>
<status status="PASS" start="2024-04-20T05:13:27.100533" elapsed="0.095929"/>
</kw>
<doc>Testa se os tipos de dados na resposta da API estão corretos.</doc>
<tag>testeTiposDados</tag>
<status status="PASS" start="2024-04-20T05:13:27.017342" elapsed="0.179291"/>
</test>
<test id="s1-s1-t5" name="Validar conteudo" line="35">
<kw name="Teste de Tipos de Conteudo" owner="random-user-service">
<kw name="GET On Session" owner="RequestsLibrary">
<msg time="2024-04-20T05:13:27.296341" level="INFO">GET Request : url=https://randomuser.me/api 
 path_url=/api 
 headers={'User-Agent': 'python-requests/2.31.0', 'Accept-Encoding': 'gzip, deflate', 'Accept': '*/*', 'Connection': 'keep-alive'} 
 body=None 
 </msg>
<msg time="2024-04-20T05:13:27.296438" level="INFO">GET Response : url=https://randomuser.me/api 
 status=200, reason=OK 
 headers={'Date': 'Sat, 20 Apr 2024 05:13:27 GMT', 'Content-Type': 'application/json; charset=utf-8', 'Transfer-Encoding': 'chunked', 'Connection': 'keep-alive', 'X-Powered-By': 'Express', 'Access-Control-Allow-Origin': '*', 'Cache-Control': 'no-cache', 'ETag': 'W/"492-XiEforUbsKilbVr3VumONj+SQXk"', 'Vary': 'Accept-Encoding', 'Content-Encoding': 'gzip', 'CF-Cache-Status': 'DYNAMIC', 'Report-To': '{"endpoints":[{"url":"https:\\/\\/a.nel.cloudflare.com\\/report\\/v4?s=cwFt4yWtP2RHdoSyA5Q7NhlEOZfQUBsCdlSRm7Tfr%2Bx6DBJouqxnrBK2CdjdPrKakZ34eBe7nieusjjXX%2BUtmX6Ry40e6qt8I327gen59Jla2BjXKjtt4ouWtCW40bja"}],"group":"cf-nel","max_age":604800}', 'NEL': '{"success_fraction":0,"report_to":"cf-nel","max_age":604800}', 'Server': 'cloudflare', 'CF-RAY': '8772a5290c551ffa-IAD', 'alt-svc': 'h3=":443"; ma=86400'} 
 body={"results":[{"gender":"female","name":{"title":"Ms","first":"مرسانا","last":"احمدی"},"location":{"street":{"number":3469,"name":"پارک طالقانی"},"city":"آبادان","state":"خراسان شمالی","country":"Iran","postcode":90247,"coordinates":{"latitude":"18.5249","longitude":"35.7223"},"timezone":{"offset":"-2:00","description":"Mid-Atlantic"}},"email":"mrsn.hmdy@example.com","login":{"uuid":"a0b55e05-e66e-49c0-aa37-c2ce8682814d","username":"heavypeacock221","password":"cherry","salt":"yy6KUbMP","md5":"5e6834b3c20a469aabbffbaa1d88de9c","sha1":"0a6b4c4bdce17f9e122d430ba0effc3af34d3e88","sha256":"8e3317b016969fb1ecfed1b5c20cad10b72b167e41f9e0eb7ee7c45313e68190"},"dob":{"date":"1987-12-01T00:23:37.059Z","age":36},"registered":{"date":"2020-05-14T03:54:19.379Z","age":3},"phone":"035-15038057","cell":"0913-563-5810","id":{"name":"","value":null},"picture":{"large":"https://randomuser.me/api/portraits/women/50.jpg","medium":"https://randomuser.me/api/portraits/med/women/50.jpg","thumbnail":"https://randomuser.me/api/portraits/thumb/women/50.jpg"},"nat":"IR"}],"info":{"seed":"ac5286ae730456ac","results":1,"page":1,"version":"1.4"}} 
 </msg>
<msg time="2024-04-20T05:13:27.296508" level="INFO">/opt/hostedtoolcache/Python/3.12.3/x64/lib/python3.12/site-packages/urllib3/connectionpool.py:1103: InsecureRequestWarning: Unverified HTTPS request is being made to host 'randomuser.me'. Adding certificate verification is strongly advised. See: https://urllib3.readthedocs.io/en/latest/advanced-usage.html#tls-warnings
  warnings.warn(</msg>
<msg time="2024-04-20T05:13:27.296629" level="INFO">${response} = &lt;Response [200]&gt;</msg>
<var>${response}</var>
<arg>consultarAPI</arg>
<arg>/api</arg>
<doc>Sends a GET request on a previously created HTTP Session.</doc>
<status status="PASS" start="2024-04-20T05:13:27.199226" elapsed="0.097443"/>
</kw>
<kw name="Set Variable" owner="BuiltIn">
<msg time="2024-04-20T05:13:27.297849" level="INFO">${json_data} = {'results': [{'gender': 'female', 'name': {'title': 'Ms', 'first': 'مرسانا', 'last': 'احمدی'}, 'location': {'street': {'number': 3469, 'name': 'پارک طالقانی'}, 'city': 'آبادان', 'state': 'خراسان شمالی...</msg>
<var>${json_data}</var>
<arg>${response.json()}</arg>
<doc>Returns the given values which can then be assigned to a variables.</doc>
<status status="PASS" start="2024-04-20T05:13:27.297286" elapsed="0.000594"/>
</kw>
<kw name="Set Variable" owner="BuiltIn">
<msg time="2024-04-20T05:13:27.298575" level="INFO">${name_title} = Ms</msg>
<var>${name_title}</var>
<arg>${json_data["results"][0]["name"]["title"]}</arg>
<doc>Returns the given values which can then be assigned to a variables.</doc>
<status status="PASS" start="2024-04-20T05:13:27.298189" elapsed="0.000451"/>
</kw>
<kw name="Create List" owner="BuiltIn">
<msg time="2024-04-20T05:13:27.299097" level="INFO">${allowed_titles} = ['Mr', 'Ms', 'Miss', 'Mrs', 'Madame', 'Monsieur']</msg>
<var>${allowed_titles}</var>
<arg>Mr</arg>
<arg>Ms</arg>
<arg>Miss</arg>
<arg>Mrs</arg>
<arg>Madame</arg>
<arg>Monsieur</arg>
<doc>Returns a list containing given items.</doc>
<status status="PASS" start="2024-04-20T05:13:27.298951" elapsed="0.000171"/>
</kw>
<kw name="List Should Contain Value" owner="Collections">
<msg time="2024-04-20T05:13:27.299586" level="INFO">False</msg>
<arg>${allowed_titles}</arg>
<arg>${name_title}</arg>
<doc>Fails if the ``value`` is not found from ``list``.</doc>
<status status="PASS" start="2024-04-20T05:13:27.299416" elapsed="0.000206"/>
</kw>
<kw name="Set Variable" owner="BuiltIn">
<msg time="2024-04-20T05:13:27.300281" level="INFO">${name_country} = IR</msg>
<var>${name_country}</var>
<arg>${json_data["results"][0]["nat"]}</arg>
<doc>Returns the given values which can then be assigned to a variables.</doc>
<status status="PASS" start="2024-04-20T05:13:27.299907" elapsed="0.000399"/>
</kw>
<kw name="Create List" owner="BuiltIn">
<msg time="2024-04-20T05:13:27.301191" level="INFO">${list_country} = ['AD', 'AE', 'AF', 'AG', 'AI', 'AL', 'AM', 'AO', 'AQ', 'AR', 'AS', 'AT', 'AU', 'AW', 'AX', 'AZ', 'BA', 'BB', 'BD', 'BE', 'BF', 'BG', 'BH', 'BI', 'BJ', 'BL', 'BM', 'BN', 'BO', 'BQ', 'BR', 'BS', 'BT', '...</msg>
<var>${list_country}</var>
<arg>AD</arg>
<arg>AE</arg>
<arg>AF</arg>
<arg>AG</arg>
<arg>AI</arg>
<arg>AL</arg>
<arg>AM</arg>
<arg>AO</arg>
<arg>AQ</arg>
<arg>AR</arg>
<arg>AS</arg>
<arg>AT</arg>
<arg>AU</arg>
<arg>AW</arg>
<arg>AX</arg>
<arg>AZ</arg>
<arg>BA</arg>
<arg>BB</arg>
<arg>BD</arg>
<arg>BE</arg>
<arg>BF</arg>
<arg>BG</arg>
<arg>BH</arg>
<arg>BI</arg>
<arg>BJ</arg>
<arg>BL</arg>
<arg>BM</arg>
<arg>BN</arg>
<arg>BO</arg>
<arg>BQ</arg>
<arg>BR</arg>
<arg>BS</arg>
<arg>BT</arg>
<arg>BV</arg>
<arg>BW</arg>
<arg>BY</arg>
<arg>BZ</arg>
<arg>CA</arg>
<arg>CC</arg>
<arg>CD</arg>
<arg>CF</arg>
<arg>CG</arg>
<arg>CH</arg>
<arg>CI</arg>
<arg>CK</arg>
<arg>CL</arg>
<arg>CM</arg>
<arg>CN</arg>
<arg>CO</arg>
<arg>CR</arg>
<arg>CU</arg>
<arg>CV</arg>
<arg>CW</arg>
<arg>CX</arg>
<arg>CY</arg>
<arg>CZ</arg>
<arg>DE</arg>
<arg>DJ</arg>
<arg>DK</arg>
<arg>DM</arg>
<arg>DO</arg>
<arg>DZ</arg>
<arg>EC</arg>
<arg>EE</arg>
<arg>EG</arg>
<arg>EH</arg>
<arg>ER</arg>
<arg>ES</arg>
<arg>ET</arg>
<arg>FI</arg>
<arg>FJ</arg>
<arg>FK</arg>
<arg>FM</arg>
<arg>FO</arg>
<arg>FR</arg>
<arg>GA</arg>
<arg>GB</arg>
<arg>GD</arg>
<arg>GE</arg>
<arg>GF</arg>
<arg>GG</arg>
<arg>GH</arg>
<arg>GI</arg>
<arg>GL</arg>
<arg>GM</arg>
<arg>GN</arg>
<arg>GP</arg>
<arg>GQ</arg>
<arg>GR</arg>
<arg>GS</arg>
<arg>GT</arg>
<arg>GU</arg>
<arg>GW</arg>
<arg>GY</arg>
<arg>HK</arg>
<arg>HM</arg>
<arg>HN</arg>
<arg>HR</arg>
<arg>HT</arg>
<arg>HU</arg>
<arg>ID</arg>
<arg>IE</arg>
<arg>IL</arg>
<arg>IM</arg>
<arg>IN</arg>
<arg>IO</arg>
<arg>IQ</arg>
<arg>IR</arg>
<arg>IS</arg>
<arg>IT</arg>
<arg>JE</arg>
<arg>JM</arg>
<arg>JO</arg>
<arg>JP</arg>
<arg>KE</arg>
<arg>KG</arg>
<arg>KH</arg>
<arg>KI</arg>
<arg>KM</arg>
<arg>KN</arg>
<arg>KP</arg>
<arg>KR</arg>
<arg>KW</arg>
<arg>KY</arg>
<arg>KZ</arg>
<arg>LA</arg>
<arg>LB</arg>
<arg>LC</arg>
<arg>LI</arg>
<arg>LK</arg>
<arg>LR</arg>
<arg>LS</arg>
<arg>LT</arg>
<arg>LU</arg>
<arg>LV</arg>
<arg>LY</arg>
<arg>MA</arg>
<arg>MC</arg>
<arg>MD</arg>
<arg>ME</arg>
<arg>MF</arg>
<arg>MG</arg>
<arg>MH</arg>
<arg>MK</arg>
<arg>ML</arg>
<arg>MM</arg>
<arg>MN</arg>
<arg>MO</arg>
<arg>MP</arg>
<arg>MQ</arg>
<arg>MR</arg>
<arg>MS</arg>
<arg>MT</arg>
<arg>MU</arg>
<arg>MV</arg>
<arg>MW</arg>
<arg>MX</arg>
<arg>MY</arg>
<arg>MZ</arg>
<arg>NA</arg>
<arg>NC</arg>
<arg>NE</arg>
<arg>NF</arg>
<arg>NG</arg>
<arg>NI</arg>
<arg>NL</arg>
<arg>NO</arg>
<arg>NP</arg>
<arg>NR</arg>
<arg>NU</arg>
<arg>NZ</arg>
<arg>OM</arg>
<arg>PA</arg>
<arg>PE</arg>
<arg>PF</arg>
<arg>PG</arg>
<arg>PH</arg>
<arg>PK</arg>
<arg>PL</arg>
<arg>PM</arg>
<arg>PN</arg>
<arg>PR</arg>
<arg>PS</arg>
<arg>PT</arg>
<arg>PW</arg>
<arg>PY</arg>
<arg>QA</arg>
<arg>RE</arg>
<arg>RO</arg>
<arg>RS</arg>
<arg>RU</arg>
<arg>RW</arg>
<arg>SA</arg>
<arg>SB</arg>
<arg>SC</arg>
<arg>SD</arg>
<arg>SE</arg>
<arg>SG</arg>
<arg>SH</arg>
<arg>SI</arg>
<arg>SJ</arg>
<arg>SK</arg>
<arg>SL</arg>
<arg>SM</arg>
<arg>SN</arg>
<arg>SO</arg>
<arg>SR</arg>
<arg>SS</arg>
<arg>ST</arg>
<arg>SV</arg>
<arg>SX</arg>
<arg>SY</arg>
<arg>SZ</arg>
<arg>TC</arg>
<arg>TD</arg>
<arg>TF</arg>
<arg>TG</arg>
<arg>TH</arg>
<arg>TJ</arg>
<arg>TK</arg>
<arg>TL</arg>
<arg>TM</arg>
<arg>TN</arg>
<arg>TO</arg>
<arg>TR</arg>
<arg>TT</arg>
<arg>TV</arg>
<arg>TW</arg>
<arg>TZ</arg>
<arg>UA</arg>
<arg>UG</arg>
<arg>UM</arg>
<arg>US</arg>
<arg>UY</arg>
<arg>UZ</arg>
<arg>VA</arg>
<arg>VC</arg>
<arg>VE</arg>
<arg>VG</arg>
<arg>VI</arg>
<arg>VN</arg>
<arg>VU</arg>
<arg>WF</arg>
<arg>WS</arg>
<arg>XK</arg>
<arg>YE</arg>
<arg>YT</arg>
<arg>ZA</arg>
<arg>ZM</arg>
<arg>ZW</arg>
<doc>Returns a list containing given items.</doc>
<status status="PASS" start="2024-04-20T05:13:27.300611" elapsed="0.000606"/>
</kw>
<kw name="List Should Contain Value" owner="Collections">
<msg time="2024-04-20T05:13:27.302211" level="INFO">False</msg>
<arg>${list_country}</arg>
<arg>${name_country}</arg>
<doc>Fails if the ``value`` is not found from ``list``.</doc>
<status status="PASS" start="2024-04-20T05:13:27.302013" elapsed="0.000234"/>
</kw>
<kw name="Run Keyword If" owner="BuiltIn">
<kw name="Should Be True" owner="BuiltIn">
<arg>${True}</arg>
<doc>Fails if the given condition is not true.</doc>
<status status="PASS" start="2024-04-20T05:13:27.303333" elapsed="0.000143"/>
</kw>
<arg>${json_data["results"][0]["location"]["coordinates"]["latitude"]} &gt;= -90 and ${json_data["results"][0]["location"]["coordinates"]["latitude"]} &lt;= 90</arg>
<arg>Should Be True</arg>
<arg>${True}</arg>
<doc>Runs the given keyword with the given arguments, if ``condition`` is true.</doc>
<status status="PASS" start="2024-04-20T05:13:27.302556" elapsed="0.001045"/>
</kw>
<kw name="Run Keyword If" owner="BuiltIn">
<kw name="Should Be True" owner="BuiltIn">
<arg>${True}</arg>
<doc>Fails if the given condition is not true.</doc>
<status status="PASS" start="2024-04-20T05:13:27.304477" elapsed="0.000252"/>
</kw>
<arg>${json_data["results"][0]["location"]["coordinates"]["longitude"]} &gt;= -180 and ${json_data["results"][0]["location"]["coordinates"]["longitude"]} &lt;= 180</arg>
<arg>Should Be True</arg>
<arg>${True}</arg>
<doc>Runs the given keyword with the given arguments, if ``condition`` is true.</doc>
<status status="PASS" start="2024-04-20T05:13:27.303787" elapsed="0.001067"/>
</kw>
<status status="PASS" start="2024-04-20T05:13:27.198985" elapsed="0.106001"/>
</kw>
<doc>Testa o conteúdo específico dos campos retornados pela API.</doc>
<tag>testeConteudo</tag>
<status status="PASS" start="2024-04-20T05:13:27.198414" elapsed="0.106725"/>
</test>
<status status="PASS" start="2024-04-20T05:13:26.368251" elapsed="0.938904"/>
</suite>
<status status="PASS" start="2024-04-20T05:13:26.353562" elapsed="0.958831"/>
</suite>
<statistics>
<total>
<stat pass="5" fail="0" skip="0">All Tests</stat>
</total>
<tag>
<stat pass="1" fail="0" skip="0">testeConteudo</stat>
<stat pass="1" fail="0" skip="0">testeEstruturaResposta</stat>
<stat pass="1" fail="0" skip="0">testeRequisicaoBasica</stat>
<stat pass="1" fail="0" skip="0">testeTiposDados</stat>
</tag>
<suite>
<stat pass="5" fail="0" skip="0" id="s1" name="Tests">Tests</stat>
<stat pass="5" fail="0" skip="0" id="s1-s1" name="Random-User-Test">Tests.Random-User-Test</stat>
</suite>
</statistics>
<errors>
</errors>
</robot>
