<?xml version="1.0" encoding="UTF-8"?>
<robot generator="Robot 7.0.1 (Python 3.12.4 on linux)" generated="2024-07-29T13:19:16.156227" rpa="false" schemaversion="5">
<suite id="s1" name="Tests" source="/home/runner/work/ApiRandomUser/ApiRandomUser/RamdonUser/tests">
<suite id="s1-s1" name="Random-User-Test" source="/home/runner/work/ApiRandomUser/ApiRandomUser/RamdonUser/tests/random-user-test.robot">
<test id="s1-s1-t1" name="Conectar" line="13">
<kw name="Conectar API" owner="random-user-service">
<kw name="Create Session" owner="RequestsLibrary">
<msg time="2024-07-29T13:19:16.543745" level="INFO">Creating Session using : alias=consultarAPI, url=https://randomuser.me/, headers={},                     cookies={}, auth=None, timeout=None, proxies=None, verify=False,                     debug=0 </msg>
<arg>consultarAPI</arg>
<arg>${URL}</arg>
<doc>Create Session: create a HTTP session to a server</doc>
<status status="PASS" start="2024-07-29T13:19:16.543521" elapsed="0.000442"/>
</kw>
<status status="PASS" start="2024-07-29T13:19:16.542524" elapsed="0.001904"/>
</kw>
<status status="PASS" start="2024-07-29T13:19:16.541947" elapsed="0.002682"/>
</test>
<test id="s1-s1-t2" name="Validar retorno 200 e JSON Válido" line="16">
<kw name="Teste de Requisicao Basica" owner="random-user-service">
<kw name="GET On Session" owner="RequestsLibrary">
<msg time="2024-07-29T13:19:16.777758" level="INFO">GET Request : url=https://randomuser.me/api 
 path_url=/api 
 headers={'User-Agent': 'python-requests/2.32.3', 'Accept-Encoding': 'gzip, deflate', 'Accept': '*/*', 'Connection': 'keep-alive'} 
 body=None 
 </msg>
<msg time="2024-07-29T13:19:16.777903" level="INFO">GET Response : url=https://randomuser.me/api 
 status=200, reason=OK 
 headers={'Date': 'Mon, 29 Jul 2024 13:19:16 GMT', 'Content-Type': 'application/json; charset=utf-8', 'Transfer-Encoding': 'chunked', 'Connection': 'keep-alive', 'X-Powered-By': 'Express', 'Access-Control-Allow-Origin': '*', 'Cache-Control': 'no-cache', 'ETag': 'W/"493-+d7y9+cl8TNkhCsXMvwA+bq5fpE"', 'Vary': 'Accept-Encoding', 'Content-Encoding': 'gzip', 'CF-Cache-Status': 'DYNAMIC', 'Report-To': '{"endpoints":[{"url":"https:\\/\\/a.nel.cloudflare.com\\/report\\/v4?s=0o3VRIDJPkSd8ux4hkY3JQctJLuehKjeWz3ONnM3QtaQHMvPWHV%2BP%2FIgKnesH8hV6v0vxCqFrzpRtEt3%2FREucwvvN8qOO3TrbjzqfBh4Ksy0iGpFTt22ZIE8DXc7KOca"}],"group":"cf-nel","max_age":604800}', 'NEL': '{"success_fraction":0,"report_to":"cf-nel","max_age":604800}', 'Server': 'cloudflare', 'CF-RAY': '8aad66509e86ce64-SJC', 'alt-svc': 'h3=":443"; ma=86400'} 
 body={"results":[{"gender":"male","name":{"title":"Mr","first":"Eemeli","last":"Makela"},"location":{"street":{"number":4284,"name":"Bulevardi"},"city":"Taivalkoski","state":"Southern Savonia","country":"Finland","postcode":55857,"coordinates":{"latitude":"-28.4222","longitude":"-28.8002"},"timezone":{"offset":"-8:00","description":"Pacific Time (US &amp; Canada)"}},"email":"eemeli.makela@example.com","login":{"uuid":"38260dd8-e282-41c9-8409-4e56366dc023","username":"angrymeercat373","password":"dougie","salt":"6iGjhWLY","md5":"a4033914f4fbc49776e208c4cf25e3ce","sha1":"085e3e21cf0bcd273da12d12a3b509ed784db5cf","sha256":"a01c9a75f5badaf9f9c182180e3b4e2b01bc0e05aa203e0eca3e1fa89fb11710"},"dob":{"date":"1997-09-25T18:22:25.346Z","age":26},"registered":{"date":"2009-07-01T08:22:18.993Z","age":15},"phone":"03-438-701","cell":"042-823-76-84","id":{"name":"HETU","value":"NaNNA827undefined"},"picture":{"large":"https://randomuser.me/api/portraits/men/41.jpg","medium":"https://randomuser.me/api/portraits/med/men/41.jpg","thumbnail":"https://randomuser.me/api/portraits/thumb/men/41.jpg"},"nat":"FI"}],"info":{"seed":"aed2d97c1ab50981","results":1,"page":1,"version":"1.4"}} 
 </msg>
<msg time="2024-07-29T13:19:16.777995" level="INFO">/opt/hostedtoolcache/Python/3.12.4/x64/lib/python3.12/site-packages/urllib3/connectionpool.py:1099: InsecureRequestWarning: Unverified HTTPS request is being made to host 'randomuser.me'. Adding certificate verification is strongly advised. See: https://urllib3.readthedocs.io/en/latest/advanced-usage.html#tls-warnings
  warnings.warn(</msg>
<msg time="2024-07-29T13:19:16.778108" level="INFO">${response} = &lt;Response [200]&gt;</msg>
<var>${response}</var>
<arg>consultarAPI</arg>
<arg>/api</arg>
<doc>Sends a GET request on a previously created HTTP Session.</doc>
<status status="PASS" start="2024-07-29T13:19:16.547250" elapsed="0.230919"/>
</kw>
<kw name="Should Be Equal As Numbers" owner="BuiltIn">
<msg time="2024-07-29T13:19:16.779161" level="INFO">Argument types are:
&lt;class 'int'&gt;
&lt;class 'str'&gt;</msg>
<arg>${response.status_code}</arg>
<arg>200</arg>
<doc>Fails if objects are unequal after converting them to real numbers.</doc>
<status status="PASS" start="2024-07-29T13:19:16.778680" elapsed="0.000546"/>
</kw>
<kw name="Log" owner="BuiltIn">
<msg time="2024-07-29T13:19:16.779949" level="INFO">200</msg>
<arg>${response.status_code}</arg>
<doc>Logs the given message with the given level.</doc>
<status status="PASS" start="2024-07-29T13:19:16.779587" elapsed="0.000407"/>
</kw>
<kw name="Set Variable" owner="BuiltIn">
<msg time="2024-07-29T13:19:16.780737" level="INFO">${json_data} = {'results': [{'gender': 'male', 'name': {'title': 'Mr', 'first': 'Eemeli', 'last': 'Makela'}, 'location': {'street': {'number': 4284, 'name': 'Bulevardi'}, 'city': 'Taivalkoski', 'state': 'Southern Sa...</msg>
<var>${json_data}</var>
<arg>${response.json()}</arg>
<doc>Returns the given values which can then be assigned to a variables.</doc>
<status status="PASS" start="2024-07-29T13:19:16.780304" elapsed="0.000462"/>
</kw>
<kw name="Dictionary Should Contain Key" owner="Collections">
<arg>${json_data}</arg>
<arg>results</arg>
<doc>Fails if ``key`` is not found from ``dictionary``.</doc>
<status status="PASS" start="2024-07-29T13:19:16.781072" elapsed="0.000299"/>
</kw>
<status status="PASS" start="2024-07-29T13:19:16.547007" elapsed="0.234515"/>
</kw>
<doc>Testa se a API responde corretamente e retorna um objeto JSON válido.</doc>
<tag>testeRequisicaoBasica</tag>
<status status="PASS" start="2024-07-29T13:19:16.546514" elapsed="0.235173"/>
</test>
<test id="s1-s1-t3" name="Validar estrutura de resposta" line="22">
<kw name="Teste de Estrutura de Resposta" owner="random-user-service">
<kw name="GET On Session" owner="RequestsLibrary">
<msg time="2024-07-29T13:19:16.880672" level="INFO">GET Request : url=https://randomuser.me/api 
 path_url=/api 
 headers={'User-Agent': 'python-requests/2.32.3', 'Accept-Encoding': 'gzip, deflate', 'Accept': '*/*', 'Connection': 'keep-alive'} 
 body=None 
 </msg>
<msg time="2024-07-29T13:19:16.880760" level="INFO">GET Response : url=https://randomuser.me/api 
 status=200, reason=OK 
 headers={'Date': 'Mon, 29 Jul 2024 13:19:16 GMT', 'Content-Type': 'application/json; charset=utf-8', 'Transfer-Encoding': 'chunked', 'Connection': 'keep-alive', 'X-Powered-By': 'Express', 'Access-Control-Allow-Origin': '*', 'Cache-Control': 'no-cache', 'ETag': 'W/"488-L4LqK4Mn3Hq3pKXrfPOfRh5uqoo"', 'Vary': 'Accept-Encoding', 'Content-Encoding': 'gzip', 'CF-Cache-Status': 'DYNAMIC', 'Report-To': '{"endpoints":[{"url":"https:\\/\\/a.nel.cloudflare.com\\/report\\/v4?s=zMcc92Io4YenF80kpSwSDuPzd7YS%2FNYpJMzsTSRLwPGF5rtuz%2BX7S7D9oAa3MhNC9ckr7D6Q%2FITr2Dl0DUFNj9MEtb1oyEuQ2webC%2BZmFn5Y%2Bx2fnpSIyRaa7NTxRdk%2B"}],"group":"cf-nel","max_age":604800}', 'NEL': '{"success_fraction":0,"report_to":"cf-nel","max_age":604800}', 'Server': 'cloudflare', 'CF-RAY': '8aad6651efb8ce64-SJC', 'alt-svc': 'h3=":443"; ma=86400'} 
 body={"results":[{"gender":"male","name":{"title":"Mr","first":"Jost","last":"Nolden"},"location":{"street":{"number":343,"name":"Kirchplatz"},"city":"Oberkirch","state":"Bremen","country":"Germany","postcode":16076,"coordinates":{"latitude":"-51.4604","longitude":"-111.0328"},"timezone":{"offset":"-3:00","description":"Brazil, Buenos Aires, Georgetown"}},"email":"jost.nolden@example.com","login":{"uuid":"8a508a41-8962-4d04-9fd0-30cf6694d9b3","username":"ticklishbird278","password":"zander","salt":"IKzk2cqe","md5":"9744f9e354ad0692ab73e18f701002a7","sha1":"13d012f76916a3f4b1d591bb09d59a1c054ca271","sha256":"b20d0bb7c270212399456f67bb02c826cef9b68485667e23bfbf6edc64a4cc3f"},"dob":{"date":"1945-07-30T23:24:50.972Z","age":78},"registered":{"date":"2018-05-11T17:46:48.686Z","age":6},"phone":"0345-2866218","cell":"0173-2400247","id":{"name":"SVNR","value":"57 300745 N 041"},"picture":{"large":"https://randomuser.me/api/portraits/men/99.jpg","medium":"https://randomuser.me/api/portraits/med/men/99.jpg","thumbnail":"https://randomuser.me/api/portraits/thumb/men/99.jpg"},"nat":"DE"}],"info":{"seed":"6afcd4ee90b44a4a","results":1,"page":1,"version":"1.4"}} 
 </msg>
<msg time="2024-07-29T13:19:16.880883" level="INFO">/opt/hostedtoolcache/Python/3.12.4/x64/lib/python3.12/site-packages/urllib3/connectionpool.py:1099: InsecureRequestWarning: Unverified HTTPS request is being made to host 'randomuser.me'. Adding certificate verification is strongly advised. See: https://urllib3.readthedocs.io/en/latest/advanced-usage.html#tls-warnings
  warnings.warn(</msg>
<msg time="2024-07-29T13:19:16.881016" level="INFO">${response} = &lt;Response [200]&gt;</msg>
<var>${response}</var>
<arg>consultarAPI</arg>
<arg>/api</arg>
<doc>Sends a GET request on a previously created HTTP Session.</doc>
<status status="PASS" start="2024-07-29T13:19:16.784260" elapsed="0.096814"/>
</kw>
<kw name="Set Variable" owner="BuiltIn">
<msg time="2024-07-29T13:19:16.882094" level="INFO">${json_data} = {'results': [{'gender': 'male', 'name': {'title': 'Mr', 'first': 'Jost', 'last': 'Nolden'}, 'location': {'street': {'number': 343, 'name': 'Kirchplatz'}, 'city': 'Oberkirch', 'state': 'Bremen', 'count...</msg>
<var>${json_data}</var>
<arg>${response.json()}</arg>
<doc>Returns the given values which can then be assigned to a variables.</doc>
<status status="PASS" start="2024-07-29T13:19:16.881555" elapsed="0.000569"/>
</kw>
<kw name="Log" owner="BuiltIn">
<msg time="2024-07-29T13:19:16.882599" level="INFO">{'results': [{'gender': 'male', 'name': {'title': 'Mr', 'first': 'Jost', 'last': 'Nolden'}, 'location': {'street': {'number': 343, 'name': 'Kirchplatz'}, 'city': 'Oberkirch', 'state': 'Bremen', 'country': 'Germany', 'postcode': 16076, 'coordinates': {'latitude': '-51.4604', 'longitude': '-111.0328'}, 'timezone': {'offset': '-3:00', 'description': 'Brazil, Buenos Aires, Georgetown'}}, 'email': 'jost.nolden@example.com', 'login': {'uuid': '8a508a41-8962-4d04-9fd0-30cf6694d9b3', 'username': 'ticklishbird278', 'password': 'zander', 'salt': 'IKzk2cqe', 'md5': '9744f9e354ad0692ab73e18f701002a7', 'sha1': '13d012f76916a3f4b1d591bb09d59a1c054ca271', 'sha256': 'b20d0bb7c270212399456f67bb02c826cef9b68485667e23bfbf6edc64a4cc3f'}, 'dob': {'date': '1945-07-30T23:24:50.972Z', 'age': 78}, 'registered': {'date': '2018-05-11T17:46:48.686Z', 'age': 6}, 'phone': '0345-2866218', 'cell': '0173-2400247', 'id': {'name': 'SVNR', 'value': '57 300745 N 041'}, 'picture': {'large': 'https://randomuser.me/api/portraits/men/99.jpg', 'medium': 'https://randomuser.me/api/portraits/med/men/99.jpg', 'thumbnail': 'https://randomuser.me/api/portraits/thumb/men/99.jpg'}, 'nat': 'DE'}], 'info': {'seed': '6afcd4ee90b44a4a', 'results': 1, 'page': 1, 'version': '1.4'}}</msg>
<arg>${json_data}</arg>
<doc>Logs the given message with the given level.</doc>
<status status="PASS" start="2024-07-29T13:19:16.882435" elapsed="0.000214"/>
</kw>
<kw name="Dictionary Should Contain Key" owner="Collections">
<arg>${json_data}</arg>
<arg>results</arg>
<doc>Fails if ``key`` is not found from ``dictionary``.</doc>
<status status="PASS" start="2024-07-29T13:19:16.882943" elapsed="0.000161"/>
</kw>
<kw name="Should Not Be Empty" owner="BuiltIn">
<msg time="2024-07-29T13:19:16.883420" level="INFO">Length is 2.</msg>
<arg>${json_data}</arg>
<doc>Verifies that the given item is not empty.</doc>
<status status="PASS" start="2024-07-29T13:19:16.883294" elapsed="0.000164"/>
</kw>
<kw name="Create List" owner="BuiltIn">
<msg time="2024-07-29T13:19:16.883958" level="INFO">${expected_keys} = ['gender', 'name', 'location', 'email', 'login']</msg>
<var>${expected_keys}</var>
<arg>gender</arg>
<arg>name</arg>
<arg>location</arg>
<arg>email</arg>
<arg>login</arg>
<doc>Returns a list containing given items.</doc>
<status status="PASS" start="2024-07-29T13:19:16.883798" elapsed="0.000185"/>
</kw>
<for flavor="IN">
<iter>
<kw name="Dictionary Should Contain Key" owner="Collections">
<arg>${json_data['results'][0]}</arg>
<arg>${key}</arg>
<doc>Fails if ``key`` is not found from ``dictionary``.</doc>
<status status="PASS" start="2024-07-29T13:19:16.884559" elapsed="0.000404"/>
</kw>
<kw name="Log" owner="BuiltIn">
<msg time="2024-07-29T13:19:16.885517" level="INFO">{'gender': 'male', 'name': {'title': 'Mr', 'first': 'Jost', 'last': 'Nolden'}, 'location': {'street': {'number': 343, 'name': 'Kirchplatz'}, 'city': 'Oberkirch', 'state': 'Bremen', 'country': 'Germany', 'postcode': 16076, 'coordinates': {'latitude': '-51.4604', 'longitude': '-111.0328'}, 'timezone': {'offset': '-3:00', 'description': 'Brazil, Buenos Aires, Georgetown'}}, 'email': 'jost.nolden@example.com', 'login': {'uuid': '8a508a41-8962-4d04-9fd0-30cf6694d9b3', 'username': 'ticklishbird278', 'password': 'zander', 'salt': 'IKzk2cqe', 'md5': '9744f9e354ad0692ab73e18f701002a7', 'sha1': '13d012f76916a3f4b1d591bb09d59a1c054ca271', 'sha256': 'b20d0bb7c270212399456f67bb02c826cef9b68485667e23bfbf6edc64a4cc3f'}, 'dob': {'date': '1945-07-30T23:24:50.972Z', 'age': 78}, 'registered': {'date': '2018-05-11T17:46:48.686Z', 'age': 6}, 'phone': '0345-2866218', 'cell': '0173-2400247', 'id': {'name': 'SVNR', 'value': '57 300745 N 041'}, 'picture': {'large': 'https://randomuser.me/api/portraits/men/99.jpg', 'medium': 'https://randomuser.me/api/portraits/med/men/99.jpg', 'thumbnail': 'https://randomuser.me/api/portraits/thumb/men/99.jpg'}, 'nat': 'DE'}</msg>
<arg>${json_data['results'][0]}</arg>
<doc>Logs the given message with the given level.</doc>
<status status="PASS" start="2024-07-29T13:19:16.885152" elapsed="0.000424"/>
</kw>
<kw name="Log" owner="BuiltIn">
<msg time="2024-07-29T13:19:16.886008" level="INFO">gender</msg>
<arg>${key}</arg>
<doc>Logs the given message with the given level.</doc>
<status status="PASS" start="2024-07-29T13:19:16.885875" elapsed="0.000172"/>
</kw>
<var name="${key}">gender</var>
<status status="PASS" start="2024-07-29T13:19:16.884431" elapsed="0.001839"/>
</iter>
<iter>
<kw name="Dictionary Should Contain Key" owner="Collections">
<arg>${json_data['results'][0]}</arg>
<arg>${key}</arg>
<doc>Fails if ``key`` is not found from ``dictionary``.</doc>
<status status="PASS" start="2024-07-29T13:19:16.886571" elapsed="0.000390"/>
</kw>
<kw name="Log" owner="BuiltIn">
<msg time="2024-07-29T13:19:16.887506" level="INFO">{'gender': 'male', 'name': {'title': 'Mr', 'first': 'Jost', 'last': 'Nolden'}, 'location': {'street': {'number': 343, 'name': 'Kirchplatz'}, 'city': 'Oberkirch', 'state': 'Bremen', 'country': 'Germany', 'postcode': 16076, 'coordinates': {'latitude': '-51.4604', 'longitude': '-111.0328'}, 'timezone': {'offset': '-3:00', 'description': 'Brazil, Buenos Aires, Georgetown'}}, 'email': 'jost.nolden@example.com', 'login': {'uuid': '8a508a41-8962-4d04-9fd0-30cf6694d9b3', 'username': 'ticklishbird278', 'password': 'zander', 'salt': 'IKzk2cqe', 'md5': '9744f9e354ad0692ab73e18f701002a7', 'sha1': '13d012f76916a3f4b1d591bb09d59a1c054ca271', 'sha256': 'b20d0bb7c270212399456f67bb02c826cef9b68485667e23bfbf6edc64a4cc3f'}, 'dob': {'date': '1945-07-30T23:24:50.972Z', 'age': 78}, 'registered': {'date': '2018-05-11T17:46:48.686Z', 'age': 6}, 'phone': '0345-2866218', 'cell': '0173-2400247', 'id': {'name': 'SVNR', 'value': '57 300745 N 041'}, 'picture': {'large': 'https://randomuser.me/api/portraits/men/99.jpg', 'medium': 'https://randomuser.me/api/portraits/med/men/99.jpg', 'thumbnail': 'https://randomuser.me/api/portraits/thumb/men/99.jpg'}, 'nat': 'DE'}</msg>
<arg>${json_data['results'][0]}</arg>
<doc>Logs the given message with the given level.</doc>
<status status="PASS" start="2024-07-29T13:19:16.887146" elapsed="0.000466"/>
</kw>
<kw name="Log" owner="BuiltIn">
<msg time="2024-07-29T13:19:16.888046" level="INFO">name</msg>
<arg>${key}</arg>
<doc>Logs the given message with the given level.</doc>
<status status="PASS" start="2024-07-29T13:19:16.887916" elapsed="0.000169"/>
</kw>
<var name="${key}">name</var>
<status status="PASS" start="2024-07-29T13:19:16.886458" elapsed="0.001850"/>
</iter>
<iter>
<kw name="Dictionary Should Contain Key" owner="Collections">
<arg>${json_data['results'][0]}</arg>
<arg>${key}</arg>
<doc>Fails if ``key`` is not found from ``dictionary``.</doc>
<status status="PASS" start="2024-07-29T13:19:16.888595" elapsed="0.000391"/>
</kw>
<kw name="Log" owner="BuiltIn">
<msg time="2024-07-29T13:19:16.889523" level="INFO">{'gender': 'male', 'name': {'title': 'Mr', 'first': 'Jost', 'last': 'Nolden'}, 'location': {'street': {'number': 343, 'name': 'Kirchplatz'}, 'city': 'Oberkirch', 'state': 'Bremen', 'country': 'Germany', 'postcode': 16076, 'coordinates': {'latitude': '-51.4604', 'longitude': '-111.0328'}, 'timezone': {'offset': '-3:00', 'description': 'Brazil, Buenos Aires, Georgetown'}}, 'email': 'jost.nolden@example.com', 'login': {'uuid': '8a508a41-8962-4d04-9fd0-30cf6694d9b3', 'username': 'ticklishbird278', 'password': 'zander', 'salt': 'IKzk2cqe', 'md5': '9744f9e354ad0692ab73e18f701002a7', 'sha1': '13d012f76916a3f4b1d591bb09d59a1c054ca271', 'sha256': 'b20d0bb7c270212399456f67bb02c826cef9b68485667e23bfbf6edc64a4cc3f'}, 'dob': {'date': '1945-07-30T23:24:50.972Z', 'age': 78}, 'registered': {'date': '2018-05-11T17:46:48.686Z', 'age': 6}, 'phone': '0345-2866218', 'cell': '0173-2400247', 'id': {'name': 'SVNR', 'value': '57 300745 N 041'}, 'picture': {'large': 'https://randomuser.me/api/portraits/men/99.jpg', 'medium': 'https://randomuser.me/api/portraits/med/men/99.jpg', 'thumbnail': 'https://randomuser.me/api/portraits/thumb/men/99.jpg'}, 'nat': 'DE'}</msg>
<arg>${json_data['results'][0]}</arg>
<doc>Logs the given message with the given level.</doc>
<status status="PASS" start="2024-07-29T13:19:16.889176" elapsed="0.000397"/>
</kw>
<kw name="Log" owner="BuiltIn">
<msg time="2024-07-29T13:19:16.889996" level="INFO">location</msg>
<arg>${key}</arg>
<doc>Logs the given message with the given level.</doc>
<status status="PASS" start="2024-07-29T13:19:16.889867" elapsed="0.000168"/>
</kw>
<var name="${key}">location</var>
<status status="PASS" start="2024-07-29T13:19:16.888487" elapsed="0.001768"/>
</iter>
<iter>
<kw name="Dictionary Should Contain Key" owner="Collections">
<arg>${json_data['results'][0]}</arg>
<arg>${key}</arg>
<doc>Fails if ``key`` is not found from ``dictionary``.</doc>
<status status="PASS" start="2024-07-29T13:19:16.890534" elapsed="0.000381"/>
</kw>
<kw name="Log" owner="BuiltIn">
<msg time="2024-07-29T13:19:16.891596" level="INFO">{'gender': 'male', 'name': {'title': 'Mr', 'first': 'Jost', 'last': 'Nolden'}, 'location': {'street': {'number': 343, 'name': 'Kirchplatz'}, 'city': 'Oberkirch', 'state': 'Bremen', 'country': 'Germany', 'postcode': 16076, 'coordinates': {'latitude': '-51.4604', 'longitude': '-111.0328'}, 'timezone': {'offset': '-3:00', 'description': 'Brazil, Buenos Aires, Georgetown'}}, 'email': 'jost.nolden@example.com', 'login': {'uuid': '8a508a41-8962-4d04-9fd0-30cf6694d9b3', 'username': 'ticklishbird278', 'password': 'zander', 'salt': 'IKzk2cqe', 'md5': '9744f9e354ad0692ab73e18f701002a7', 'sha1': '13d012f76916a3f4b1d591bb09d59a1c054ca271', 'sha256': 'b20d0bb7c270212399456f67bb02c826cef9b68485667e23bfbf6edc64a4cc3f'}, 'dob': {'date': '1945-07-30T23:24:50.972Z', 'age': 78}, 'registered': {'date': '2018-05-11T17:46:48.686Z', 'age': 6}, 'phone': '0345-2866218', 'cell': '0173-2400247', 'id': {'name': 'SVNR', 'value': '57 300745 N 041'}, 'picture': {'large': 'https://randomuser.me/api/portraits/men/99.jpg', 'medium': 'https://randomuser.me/api/portraits/med/men/99.jpg', 'thumbnail': 'https://randomuser.me/api/portraits/thumb/men/99.jpg'}, 'nat': 'DE'}</msg>
<arg>${json_data['results'][0]}</arg>
<doc>Logs the given message with the given level.</doc>
<status status="PASS" start="2024-07-29T13:19:16.891213" elapsed="0.000433"/>
</kw>
<kw name="Log" owner="BuiltIn">
<msg time="2024-07-29T13:19:16.892095" level="INFO">email</msg>
<arg>${key}</arg>
<doc>Logs the given message with the given level.</doc>
<status status="PASS" start="2024-07-29T13:19:16.891950" elapsed="0.000191"/>
</kw>
<var name="${key}">email</var>
<status status="PASS" start="2024-07-29T13:19:16.890426" elapsed="0.001937"/>
</iter>
<iter>
<kw name="Dictionary Should Contain Key" owner="Collections">
<arg>${json_data['results'][0]}</arg>
<arg>${key}</arg>
<doc>Fails if ``key`` is not found from ``dictionary``.</doc>
<status status="PASS" start="2024-07-29T13:19:16.892645" elapsed="0.000378"/>
</kw>
<kw name="Log" owner="BuiltIn">
<msg time="2024-07-29T13:19:16.893561" level="INFO">{'gender': 'male', 'name': {'title': 'Mr', 'first': 'Jost', 'last': 'Nolden'}, 'location': {'street': {'number': 343, 'name': 'Kirchplatz'}, 'city': 'Oberkirch', 'state': 'Bremen', 'country': 'Germany', 'postcode': 16076, 'coordinates': {'latitude': '-51.4604', 'longitude': '-111.0328'}, 'timezone': {'offset': '-3:00', 'description': 'Brazil, Buenos Aires, Georgetown'}}, 'email': 'jost.nolden@example.com', 'login': {'uuid': '8a508a41-8962-4d04-9fd0-30cf6694d9b3', 'username': 'ticklishbird278', 'password': 'zander', 'salt': 'IKzk2cqe', 'md5': '9744f9e354ad0692ab73e18f701002a7', 'sha1': '13d012f76916a3f4b1d591bb09d59a1c054ca271', 'sha256': 'b20d0bb7c270212399456f67bb02c826cef9b68485667e23bfbf6edc64a4cc3f'}, 'dob': {'date': '1945-07-30T23:24:50.972Z', 'age': 78}, 'registered': {'date': '2018-05-11T17:46:48.686Z', 'age': 6}, 'phone': '0345-2866218', 'cell': '0173-2400247', 'id': {'name': 'SVNR', 'value': '57 300745 N 041'}, 'picture': {'large': 'https://randomuser.me/api/portraits/men/99.jpg', 'medium': 'https://randomuser.me/api/portraits/med/men/99.jpg', 'thumbnail': 'https://randomuser.me/api/portraits/thumb/men/99.jpg'}, 'nat': 'DE'}</msg>
<arg>${json_data['results'][0]}</arg>
<doc>Logs the given message with the given level.</doc>
<status status="PASS" start="2024-07-29T13:19:16.893207" elapsed="0.000403"/>
</kw>
<kw name="Log" owner="BuiltIn">
<msg time="2024-07-29T13:19:16.894031" level="INFO">login</msg>
<arg>${key}</arg>
<doc>Logs the given message with the given level.</doc>
<status status="PASS" start="2024-07-29T13:19:16.893902" elapsed="0.000167"/>
</kw>
<var name="${key}">login</var>
<status status="PASS" start="2024-07-29T13:19:16.892536" elapsed="0.001745"/>
</iter>
<var>${key}</var>
<value>@{expected_keys}</value>
<status status="PASS" start="2024-07-29T13:19:16.884250" elapsed="0.010153"/>
</for>
<kw name="Create List" owner="BuiltIn">
<msg time="2024-07-29T13:19:16.894723" level="INFO">${expected_keysTwo} = ['username', 'password']</msg>
<var>${expected_keysTwo}</var>
<arg>username</arg>
<arg>password</arg>
<doc>Returns a list containing given items.</doc>
<status status="PASS" start="2024-07-29T13:19:16.894588" elapsed="0.000159"/>
</kw>
<for flavor="IN">
<iter>
<kw name="Dictionary Should Contain Key" owner="Collections">
<arg>${json_data['results'][0]['login']}</arg>
<arg>${keyTwo}</arg>
<doc>Fails if ``key`` is not found from ``dictionary``.</doc>
<status status="PASS" start="2024-07-29T13:19:16.895262" elapsed="0.000418"/>
</kw>
<kw name="Dictionary Should Contain Key" owner="Collections">
<arg>${json_data['results'][0]['login']}</arg>
<arg>${keyTwo}</arg>
<doc>Fails if ``key`` is not found from ``dictionary``.</doc>
<status status="PASS" start="2024-07-29T13:19:16.895865" elapsed="0.000385"/>
</kw>
<kw name="Log" owner="BuiltIn">
<msg time="2024-07-29T13:19:16.896551" level="INFO">username</msg>
<arg>${keyTwo}</arg>
<doc>Logs the given message with the given level.</doc>
<status status="PASS" start="2024-07-29T13:19:16.896430" elapsed="0.000160"/>
</kw>
<var name="${keyTwo}">username</var>
<status status="PASS" start="2024-07-29T13:19:16.895155" elapsed="0.001666"/>
</iter>
<iter>
<kw name="Dictionary Should Contain Key" owner="Collections">
<arg>${json_data['results'][0]['login']}</arg>
<arg>${keyTwo}</arg>
<doc>Fails if ``key`` is not found from ``dictionary``.</doc>
<status status="PASS" start="2024-07-29T13:19:16.897160" elapsed="0.000443"/>
</kw>
<kw name="Dictionary Should Contain Key" owner="Collections">
<arg>${json_data['results'][0]['login']}</arg>
<arg>${keyTwo}</arg>
<doc>Fails if ``key`` is not found from ``dictionary``.</doc>
<status status="PASS" start="2024-07-29T13:19:16.897786" elapsed="0.000370"/>
</kw>
<kw name="Log" owner="BuiltIn">
<msg time="2024-07-29T13:19:16.898463" level="INFO">password</msg>
<arg>${keyTwo}</arg>
<doc>Logs the given message with the given level.</doc>
<status status="PASS" start="2024-07-29T13:19:16.898336" elapsed="0.000164"/>
</kw>
<var name="${keyTwo}">password</var>
<status status="PASS" start="2024-07-29T13:19:16.897000" elapsed="0.001723"/>
</iter>
<var>${keyTwo}</var>
<value>@{expected_keysTwo}</value>
<status status="PASS" start="2024-07-29T13:19:16.895004" elapsed="0.003844"/>
</for>
<status status="PASS" start="2024-07-29T13:19:16.784022" elapsed="0.114964"/>
</kw>
<doc>Testa a estrutura da resposta da API.</doc>
<tag>testeEstruturaResposta</tag>
<status status="PASS" start="2024-07-29T13:19:16.783518" elapsed="0.115614"/>
</test>
<test id="s1-s1-t4" name="Validar tipos de dados" line="28">
<kw name="Teste de Tipos de Dados" owner="random-user-service">
<kw name="GET On Session" owner="RequestsLibrary">
<msg time="2024-07-29T13:19:17.014783" level="INFO">GET Request : url=https://randomuser.me/api 
 path_url=/api 
 headers={'User-Agent': 'python-requests/2.32.3', 'Accept-Encoding': 'gzip, deflate', 'Accept': '*/*', 'Connection': 'keep-alive'} 
 body=None 
 </msg>
<msg time="2024-07-29T13:19:17.014869" level="INFO">GET Response : url=https://randomuser.me/api 
 status=200, reason=OK 
 headers={'Date': 'Mon, 29 Jul 2024 13:19:17 GMT', 'Content-Type': 'application/json; charset=utf-8', 'Transfer-Encoding': 'chunked', 'Connection': 'keep-alive', 'X-Powered-By': 'Express', 'Access-Control-Allow-Origin': '*', 'Cache-Control': 'no-cache', 'ETag': 'W/"485-6tHTtOoOCMNFY3/e3u/IsOKCKbQ"', 'Vary': 'Accept-Encoding', 'Content-Encoding': 'gzip', 'CF-Cache-Status': 'DYNAMIC', 'Report-To': '{"endpoints":[{"url":"https:\\/\\/a.nel.cloudflare.com\\/report\\/v4?s=h8RsEzQ9NuxHGYf%2BB72ppWDFYaB97aOJun%2FU5u%2FRK9l5W8wPwLiie6J%2FBzo7q1sLzWjjpNyJyuRVSaYJ0LRE4DYycLw0S5U9J0RCJv8%2FMT1UdHN%2BntQnwtFJzSXqzNW7"}],"group":"cf-nel","max_age":604800}', 'NEL': '{"success_fraction":0,"report_to":"cf-nel","max_age":604800}', 'Server': 'cloudflare', 'CF-RAY': '8aad6652a842ce64-SJC', 'alt-svc': 'h3=":443"; ma=86400'} 
 body={"results":[{"gender":"male","name":{"title":"Mr","first":"Torben","last":"Maurer"},"location":{"street":{"number":3653,"name":"Marktplatz"},"city":"Kahla","state":"Rheinland-Pfalz","country":"Germany","postcode":42991,"coordinates":{"latitude":"-48.3396","longitude":"-43.8710"},"timezone":{"offset":"+7:00","description":"Bangkok, Hanoi, Jakarta"}},"email":"torben.maurer@example.com","login":{"uuid":"e9d5a6a5-f1bc-408f-9ce9-70ee8d744f97","username":"tinylion518","password":"shelley","salt":"0gRWcF7g","md5":"13fd9ef0ad55f1ac8ec5b6dc035396fd","sha1":"b15ebc5033428ceadd590b71dfd478396d8e26f2","sha256":"8cfada0e71025be8d2abb535ecdec11a30f463231ac884b8d44339e98aa72312"},"dob":{"date":"1946-03-28T10:10:52.956Z","age":78},"registered":{"date":"2020-10-19T11:22:14.779Z","age":3},"phone":"0584-2295402","cell":"0176-4410467","id":{"name":"SVNR","value":"75 280346 M 345"},"picture":{"large":"https://randomuser.me/api/portraits/men/90.jpg","medium":"https://randomuser.me/api/portraits/med/men/90.jpg","thumbnail":"https://randomuser.me/api/portraits/thumb/men/90.jpg"},"nat":"DE"}],"info":{"seed":"8cc4d4f1e37ae382","results":1,"page":1,"version":"1.4"}} 
 </msg>
<msg time="2024-07-29T13:19:17.014942" level="INFO">/opt/hostedtoolcache/Python/3.12.4/x64/lib/python3.12/site-packages/urllib3/connectionpool.py:1099: InsecureRequestWarning: Unverified HTTPS request is being made to host 'randomuser.me'. Adding certificate verification is strongly advised. See: https://urllib3.readthedocs.io/en/latest/advanced-usage.html#tls-warnings
  warnings.warn(</msg>
<msg time="2024-07-29T13:19:17.015065" level="INFO">${response} = &lt;Response [200]&gt;</msg>
<var>${response}</var>
<arg>consultarAPI</arg>
<arg>/api</arg>
<doc>Sends a GET request on a previously created HTTP Session.</doc>
<status status="PASS" start="2024-07-29T13:19:16.901684" elapsed="0.113444"/>
</kw>
<kw name="Set Variable" owner="BuiltIn">
<msg time="2024-07-29T13:19:17.016243" level="INFO">${json_data} = {'results': [{'gender': 'male', 'name': {'title': 'Mr', 'first': 'Torben', 'last': 'Maurer'}, 'location': {'street': {'number': 3653, 'name': 'Marktplatz'}, 'city': 'Kahla', 'state': 'Rheinland-Pfalz'...</msg>
<var>${json_data}</var>
<arg>${response.json()}</arg>
<doc>Returns the given values which can then be assigned to a variables.</doc>
<status status="PASS" start="2024-07-29T13:19:17.015694" elapsed="0.000579"/>
</kw>
<kw name="Log" owner="BuiltIn">
<msg time="2024-07-29T13:19:17.016741" level="INFO">{'results': [{'gender': 'male', 'name': {'title': 'Mr', 'first': 'Torben', 'last': 'Maurer'}, 'location': {'street': {'number': 3653, 'name': 'Marktplatz'}, 'city': 'Kahla', 'state': 'Rheinland-Pfalz', 'country': 'Germany', 'postcode': 42991, 'coordinates': {'latitude': '-48.3396', 'longitude': '-43.8710'}, 'timezone': {'offset': '+7:00', 'description': 'Bangkok, Hanoi, Jakarta'}}, 'email': 'torben.maurer@example.com', 'login': {'uuid': 'e9d5a6a5-f1bc-408f-9ce9-70ee8d744f97', 'username': 'tinylion518', 'password': 'shelley', 'salt': '0gRWcF7g', 'md5': '13fd9ef0ad55f1ac8ec5b6dc035396fd', 'sha1': 'b15ebc5033428ceadd590b71dfd478396d8e26f2', 'sha256': '8cfada0e71025be8d2abb535ecdec11a30f463231ac884b8d44339e98aa72312'}, 'dob': {'date': '1946-03-28T10:10:52.956Z', 'age': 78}, 'registered': {'date': '2020-10-19T11:22:14.779Z', 'age': 3}, 'phone': '0584-2295402', 'cell': '0176-4410467', 'id': {'name': 'SVNR', 'value': '75 280346 M 345'}, 'picture': {'large': 'https://randomuser.me/api/portraits/men/90.jpg', 'medium': 'https://randomuser.me/api/portraits/med/men/90.jpg', 'thumbnail': 'https://randomuser.me/api/portraits/thumb/men/90.jpg'}, 'nat': 'DE'}], 'info': {'seed': '8cc4d4f1e37ae382', 'results': 1, 'page': 1, 'version': '1.4'}}</msg>
<arg>${json_data}</arg>
<doc>Logs the given message with the given level.</doc>
<status status="PASS" start="2024-07-29T13:19:17.016585" elapsed="0.000206"/>
</kw>
<kw name="Should Be String" owner="String">
<arg>${json_data['results'][0]['gender']}</arg>
<doc>Fails if the given ``item`` is not a string.</doc>
<status status="PASS" start="2024-07-29T13:19:17.017088" elapsed="0.000374"/>
</kw>
<kw name="Should Match Regexp" owner="BuiltIn">
<arg>${json_data['results'][0]['email']}</arg>
<arg>^[a-zA-Z0-9._%+-]+@[a-zA-Z0-9.-]+\.[a-zA-Z]{2,}$</arg>
<doc>Fails if ``string`` does not match ``pattern`` as a regular expression.</doc>
<status status="PASS" start="2024-07-29T13:19:17.017656" elapsed="0.000507"/>
</kw>
<kw name="Should Match Regexp" owner="BuiltIn">
<arg>${json_data['results'][0]['dob']['date']}</arg>
<arg>\\d{4}-\\d{2}-\\d{2}T\\d{2}:\\d{2}:\\d{2}\\.\\d{3}Z</arg>
<doc>Fails if ``string`` does not match ``pattern`` as a regular expression.</doc>
<status status="PASS" start="2024-07-29T13:19:17.018396" elapsed="0.000615"/>
</kw>
<kw name="Should Match Regexp" owner="BuiltIn">
<arg>${json_data['results'][0]['registered']['date']}</arg>
<arg>\\d{4}-\\d{2}-\\d{2}T\\d{2}:\\d{2}:\\d{2}\\.\\d{3}Z</arg>
<doc>Fails if ``string`` does not match ``pattern`` as a regular expression.</doc>
<status status="PASS" start="2024-07-29T13:19:17.019209" elapsed="0.000408"/>
</kw>
<kw name="Should Match Regexp" owner="BuiltIn">
<arg>${json_data['results'][0]['picture']['large']}</arg>
<arg>^https?://.*\.(?:png|jpe?g|gif|bmp)$</arg>
<doc>Fails if ``string`` does not match ``pattern`` as a regular expression.</doc>
<status status="PASS" start="2024-07-29T13:19:17.019819" elapsed="0.000468"/>
</kw>
<kw name="Should Match Regexp" owner="BuiltIn">
<arg>${json_data['results'][0]['picture']['medium']}</arg>
<arg>^https?://.*\.(?:png|jpe?g|gif|bmp)$</arg>
<doc>Fails if ``string`` does not match ``pattern`` as a regular expression.</doc>
<status status="PASS" start="2024-07-29T13:19:17.020478" elapsed="0.000355"/>
</kw>
<kw name="Should Match Regexp" owner="BuiltIn">
<arg>${json_data['results'][0]['picture']['thumbnail']}</arg>
<arg>^https?://.*\.(?:png|jpe?g|gif|bmp)$</arg>
<doc>Fails if ``string`` does not match ``pattern`` as a regular expression.</doc>
<status status="PASS" start="2024-07-29T13:19:17.021018" elapsed="0.000350"/>
</kw>
<kw name="Log" owner="BuiltIn">
<msg time="2024-07-29T13:19:17.021869" level="INFO">{'large': 'https://randomuser.me/api/portraits/men/90.jpg', 'medium': 'https://randomuser.me/api/portraits/med/men/90.jpg', 'thumbnail': 'https://randomuser.me/api/portraits/thumb/men/90.jpg'}</msg>
<arg>${json_data['results'][0]['picture']}</arg>
<doc>Logs the given message with the given level.</doc>
<status status="PASS" start="2024-07-29T13:19:17.021548" elapsed="0.000364"/>
</kw>
<status status="PASS" start="2024-07-29T13:19:16.901463" elapsed="0.120706"/>
</kw>
<kw name="Teste de Tipos de Dados - Postcode" owner="random-user-service">
<kw name="GET On Session" owner="RequestsLibrary">
<msg time="2024-07-29T13:19:17.138048" level="INFO">GET Request : url=https://randomuser.me/api 
 path_url=/api 
 headers={'User-Agent': 'python-requests/2.32.3', 'Accept-Encoding': 'gzip, deflate', 'Accept': '*/*', 'Connection': 'keep-alive'} 
 body=None 
 </msg>
<msg time="2024-07-29T13:19:17.138126" level="INFO">GET Response : url=https://randomuser.me/api 
 status=200, reason=OK 
 headers={'Date': 'Mon, 29 Jul 2024 13:19:17 GMT', 'Content-Type': 'application/json; charset=utf-8', 'Transfer-Encoding': 'chunked', 'Connection': 'keep-alive', 'X-Powered-By': 'Express', 'Access-Control-Allow-Origin': '*', 'Cache-Control': 'no-cache', 'ETag': 'W/"49d-7VkmBQ57kA26Zoq/polpDUHNZAQ"', 'Vary': 'Accept-Encoding', 'Content-Encoding': 'gzip', 'CF-Cache-Status': 'DYNAMIC', 'Report-To': '{"endpoints":[{"url":"https:\\/\\/a.nel.cloudflare.com\\/report\\/v4?s=brXfg3GfCljnFTSz1zfHiwmVtkDjcGLdPh%2BFzCe2uN7oLDA9YF2O1HNQ1dqEYl%2Byt6QSKCBrqtHciU8Jo%2FRLg8eqdeyORpRzCbFG%2FZ2AHFzb5Q0nX4bYGTd1u8IqfKpL"}],"group":"cf-nel","max_age":604800}', 'NEL': '{"success_fraction":0,"report_to":"cf-nel","max_age":604800}', 'Server': 'cloudflare', 'CF-RAY': '8aad665368c7ce64-SJC', 'alt-svc': 'h3=":443"; ma=86400'} 
 body={"results":[{"gender":"female","name":{"title":"Ms","first":"Rosa","last":"Esparza"},"location":{"street":{"number":18,"name":"Circuito Tamaulipas"},"city":"El Sauz","state":"Nayarit","country":"Mexico","postcode":29829,"coordinates":{"latitude":"24.6721","longitude":"86.5455"},"timezone":{"offset":"+8:00","description":"Beijing, Perth, Singapore, Hong Kong"}},"email":"rosa.esparza@example.com","login":{"uuid":"d4fd0648-397f-4297-ab42-b134d7e7de23","username":"blackpanda179","password":"csfbr5yy","salt":"KC0jMBzR","md5":"aef431f26dd0ca5d0f972d84f7ae64a5","sha1":"3b8ba0b1be7df9acccd3c58531d0bd4f8e3155b1","sha256":"11fc258a0d6e33b37b5ea9fa0e6e5011c77f29fde00c8ea315c9a2929d2e5142"},"dob":{"date":"1958-09-20T17:50:28.062Z","age":65},"registered":{"date":"2008-05-04T06:13:10.377Z","age":16},"phone":"(648) 488 1236","cell":"(617) 578 0403","id":{"name":"NSS","value":"53 07 04 0209 8"},"picture":{"large":"https://randomuser.me/api/portraits/women/81.jpg","medium":"https://randomuser.me/api/portraits/med/women/81.jpg","thumbnail":"https://randomuser.me/api/portraits/thumb/women/81.jpg"},"nat":"MX"}],"info":{"seed":"a7396ce582f3d1ac","results":1,"page":1,"version":"1.4"}} 
 </msg>
<msg time="2024-07-29T13:19:17.138193" level="INFO">/opt/hostedtoolcache/Python/3.12.4/x64/lib/python3.12/site-packages/urllib3/connectionpool.py:1099: InsecureRequestWarning: Unverified HTTPS request is being made to host 'randomuser.me'. Adding certificate verification is strongly advised. See: https://urllib3.readthedocs.io/en/latest/advanced-usage.html#tls-warnings
  warnings.warn(</msg>
<msg time="2024-07-29T13:19:17.138305" level="INFO">${response} = &lt;Response [200]&gt;</msg>
<var>${response}</var>
<arg>consultarAPI</arg>
<arg>/api</arg>
<doc>Sends a GET request on a previously created HTTP Session.</doc>
<status status="PASS" start="2024-07-29T13:19:17.022600" elapsed="0.115756"/>
</kw>
<kw name="Set Variable" owner="BuiltIn">
<msg time="2024-07-29T13:19:17.139398" level="INFO">${json_data} = {'results': [{'gender': 'female', 'name': {'title': 'Ms', 'first': 'Rosa', 'last': 'Esparza'}, 'location': {'street': {'number': 18, 'name': 'Circuito Tamaulipas'}, 'city': 'El Sauz', 'state': 'Nayari...</msg>
<var>${json_data}</var>
<arg>${response.json()}</arg>
<doc>Returns the given values which can then be assigned to a variables.</doc>
<status status="PASS" start="2024-07-29T13:19:17.138848" elapsed="0.000580"/>
</kw>
<kw name="Log" owner="BuiltIn">
<msg time="2024-07-29T13:19:17.139945" level="INFO">{'results': [{'gender': 'female', 'name': {'title': 'Ms', 'first': 'Rosa', 'last': 'Esparza'}, 'location': {'street': {'number': 18, 'name': 'Circuito Tamaulipas'}, 'city': 'El Sauz', 'state': 'Nayarit', 'country': 'Mexico', 'postcode': 29829, 'coordinates': {'latitude': '24.6721', 'longitude': '86.5455'}, 'timezone': {'offset': '+8:00', 'description': 'Beijing, Perth, Singapore, Hong Kong'}}, 'email': 'rosa.esparza@example.com', 'login': {'uuid': 'd4fd0648-397f-4297-ab42-b134d7e7de23', 'username': 'blackpanda179', 'password': 'csfbr5yy', 'salt': 'KC0jMBzR', 'md5': 'aef431f26dd0ca5d0f972d84f7ae64a5', 'sha1': '3b8ba0b1be7df9acccd3c58531d0bd4f8e3155b1', 'sha256': '11fc258a0d6e33b37b5ea9fa0e6e5011c77f29fde00c8ea315c9a2929d2e5142'}, 'dob': {'date': '1958-09-20T17:50:28.062Z', 'age': 65}, 'registered': {'date': '2008-05-04T06:13:10.377Z', 'age': 16}, 'phone': '(648) 488 1236', 'cell': '(617) 578 0403', 'id': {'name': 'NSS', 'value': '53 07 04 0209 8'}, 'picture': {'large': 'https://randomuser.me/api/portraits/women/81.jpg', 'medium': 'https://randomuser.me/api/portraits/med/women/81.jpg', 'thumbnail': 'https://randomuser.me/api/portraits/thumb/women/81.jpg'}, 'nat': 'MX'}], 'info': {'seed': 'a7396ce582f3d1ac', 'results': 1, 'page': 1, 'version': '1.4'}}</msg>
<arg>${json_data}</arg>
<doc>Logs the given message with the given level.</doc>
<status status="PASS" start="2024-07-29T13:19:17.139776" elapsed="0.000221"/>
</kw>
<kw name="Should Be Equal As Numbers" owner="BuiltIn">
<arg>${json_data['results'][0]['location']['postcode']}</arg>
<arg>${json_data['results'][0]['location']['postcode']}</arg>
<doc>Fails if objects are unequal after converting them to real numbers.</doc>
<status status="PASS" start="2024-07-29T13:19:17.140296" elapsed="0.000638"/>
</kw>
<kw name="Log" owner="BuiltIn">
<msg time="2024-07-29T13:19:17.141472" level="INFO">29829</msg>
<arg>${json_data['results'][0]['location']['postcode']}</arg>
<doc>Logs the given message with the given level.</doc>
<status status="PASS" start="2024-07-29T13:19:17.141133" elapsed="0.000381"/>
</kw>
<status status="PASS" start="2024-07-29T13:19:17.022375" elapsed="0.119417"/>
</kw>
<doc>Testa se os tipos de dados na resposta da API estão corretos.</doc>
<tag>testeTiposDados</tag>
<status status="PASS" start="2024-07-29T13:19:16.900915" elapsed="0.241047"/>
</test>
<test id="s1-s1-t5" name="Validar conteudo" line="35">
<kw name="Teste de Tipos de Conteudo" owner="random-user-service">
<kw name="GET On Session" owner="RequestsLibrary">
<msg time="2024-07-29T13:19:17.238876" level="INFO">GET Request : url=https://randomuser.me/api 
 path_url=/api 
 headers={'User-Agent': 'python-requests/2.32.3', 'Accept-Encoding': 'gzip, deflate', 'Accept': '*/*', 'Connection': 'keep-alive'} 
 body=None 
 </msg>
<msg time="2024-07-29T13:19:17.238940" level="INFO">GET Response : url=https://randomuser.me/api 
 status=200, reason=OK 
 headers={'Date': 'Mon, 29 Jul 2024 13:19:17 GMT', 'Content-Type': 'application/json; charset=utf-8', 'Transfer-Encoding': 'chunked', 'Connection': 'keep-alive', 'X-Powered-By': 'Express', 'Access-Control-Allow-Origin': '*', 'Cache-Control': 'no-cache', 'ETag': 'W/"484-2ot4sSRqdyjIaa9a6vO/FNlOREA"', 'Vary': 'Accept-Encoding', 'Content-Encoding': 'gzip', 'CF-Cache-Status': 'DYNAMIC', 'Report-To': '{"endpoints":[{"url":"https:\\/\\/a.nel.cloudflare.com\\/report\\/v4?s=zLDMKiC%2B51VZMwuAYFeZq4qIE%2Bi4iDb2XjZf%2FD7AAwY6UI0gZG09yZgcOvv2ytnvMu1yb2WmCjRHRvIMKP7MtDMNI1feykxK%2BudkPQZci2mwLy93d1j80yo05ka5Hci5"}],"group":"cf-nel","max_age":604800}', 'NEL': '{"success_fraction":0,"report_to":"cf-nel","max_age":604800}', 'Server': 'cloudflare', 'CF-RAY': '8aad6654294dce64-SJC', 'alt-svc': 'h3=":443"; ma=86400'} 
 body={"results":[{"gender":"male","name":{"title":"Mr","first":"Hans-Helmut","last":"Gerstner"},"location":{"street":{"number":5177,"name":"Amselweg"},"city":"Elsdorf","state":"Rheinland-Pfalz","country":"Germany","postcode":63217,"coordinates":{"latitude":"-48.0911","longitude":"-33.2547"},"timezone":{"offset":"-9:00","description":"Alaska"}},"email":"hans-helmut.gerstner@example.com","login":{"uuid":"632803a9-5d67-44e3-bf56-3f005813100b","username":"goldengorilla295","password":"wwwwww","salt":"uZyDt4mD","md5":"17c5e50b8502cb425750e801479fca1a","sha1":"55d9b42cb3d796b733af39c766395a8df49386b0","sha256":"60dbe35caf3f0b02f8128f66e2eff5fa273bcd511f717bfbe5bd11412760e242"},"dob":{"date":"1999-12-19T10:55:40.384Z","age":24},"registered":{"date":"2002-08-09T21:02:54.352Z","age":21},"phone":"0351-2000609","cell":"0177-5359823","id":{"name":"SVNR","value":"09 191299 G 304"},"picture":{"large":"https://randomuser.me/api/portraits/men/0.jpg","medium":"https://randomuser.me/api/portraits/med/men/0.jpg","thumbnail":"https://randomuser.me/api/portraits/thumb/men/0.jpg"},"nat":"DE"}],"info":{"seed":"2e773443380e87e8","results":1,"page":1,"version":"1.4"}} 
 </msg>
<msg time="2024-07-29T13:19:17.238993" level="INFO">/opt/hostedtoolcache/Python/3.12.4/x64/lib/python3.12/site-packages/urllib3/connectionpool.py:1099: InsecureRequestWarning: Unverified HTTPS request is being made to host 'randomuser.me'. Adding certificate verification is strongly advised. See: https://urllib3.readthedocs.io/en/latest/advanced-usage.html#tls-warnings
  warnings.warn(</msg>
<msg time="2024-07-29T13:19:17.239076" level="INFO">${response} = &lt;Response [200]&gt;</msg>
<var>${response}</var>
<arg>consultarAPI</arg>
<arg>/api</arg>
<doc>Sends a GET request on a previously created HTTP Session.</doc>
<status status="PASS" start="2024-07-29T13:19:17.144559" elapsed="0.094541"/>
</kw>
<kw name="Set Variable" owner="BuiltIn">
<msg time="2024-07-29T13:19:17.240029" level="INFO">${json_data} = {'results': [{'gender': 'male', 'name': {'title': 'Mr', 'first': 'Hans-Helmut', 'last': 'Gerstner'}, 'location': {'street': {'number': 5177, 'name': 'Amselweg'}, 'city': 'Elsdorf', 'state': 'Rheinland...</msg>
<var>${json_data}</var>
<arg>${response.json()}</arg>
<doc>Returns the given values which can then be assigned to a variables.</doc>
<status status="PASS" start="2024-07-29T13:19:17.239582" elapsed="0.000475"/>
</kw>
<kw name="Set Variable" owner="BuiltIn">
<msg time="2024-07-29T13:19:17.240739" level="INFO">${name_title} = Mr</msg>
<var>${name_title}</var>
<arg>${json_data["results"][0]["name"]["title"]}</arg>
<doc>Returns the given values which can then be assigned to a variables.</doc>
<status status="PASS" start="2024-07-29T13:19:17.240361" elapsed="0.000403"/>
</kw>
<kw name="Create List" owner="BuiltIn">
<msg time="2024-07-29T13:19:17.241204" level="INFO">${allowed_titles} = ['Mr', 'Ms', 'Miss', 'Mrs', 'Madame', 'Monsieur']</msg>
<var>${allowed_titles}</var>
<arg>Mr</arg>
<arg>Ms</arg>
<arg>Miss</arg>
<arg>Mrs</arg>
<arg>Madame</arg>
<arg>Monsieur</arg>
<doc>Returns a list containing given items.</doc>
<status status="PASS" start="2024-07-29T13:19:17.241056" elapsed="0.000172"/>
</kw>
<kw name="List Should Contain Value" owner="Collections">
<arg>${allowed_titles}</arg>
<arg>${name_title}</arg>
<doc>Fails if the ``value`` is not found from ``list``.</doc>
<status status="PASS" start="2024-07-29T13:19:17.241520" elapsed="0.000175"/>
</kw>
<kw name="Set Variable" owner="BuiltIn">
<msg time="2024-07-29T13:19:17.242248" level="INFO">${name_country} = DE</msg>
<var>${name_country}</var>
<arg>${json_data["results"][0]["nat"]}</arg>
<doc>Returns the given values which can then be assigned to a variables.</doc>
<status status="PASS" start="2024-07-29T13:19:17.241874" elapsed="0.000400"/>
</kw>
<kw name="Create List" owner="BuiltIn">
<msg time="2024-07-29T13:19:17.243148" level="INFO">${list_country} = ['AD', 'AE', 'AF', 'AG', 'AI', 'AL', 'AM', 'AO', 'AQ', 'AR', 'AS', 'AT', 'AU', 'AW', 'AX', 'AZ', 'BA', 'BB', 'BD', 'BE', 'BF', 'BG', 'BH', 'BI', 'BJ', 'BL', 'BM', 'BN', 'BO', 'BQ', 'BR', 'BS', 'BT', '...</msg>
<var>${list_country}</var>
<arg>AD</arg>
<arg>AE</arg>
<arg>AF</arg>
<arg>AG</arg>
<arg>AI</arg>
<arg>AL</arg>
<arg>AM</arg>
<arg>AO</arg>
<arg>AQ</arg>
<arg>AR</arg>
<arg>AS</arg>
<arg>AT</arg>
<arg>AU</arg>
<arg>AW</arg>
<arg>AX</arg>
<arg>AZ</arg>
<arg>BA</arg>
<arg>BB</arg>
<arg>BD</arg>
<arg>BE</arg>
<arg>BF</arg>
<arg>BG</arg>
<arg>BH</arg>
<arg>BI</arg>
<arg>BJ</arg>
<arg>BL</arg>
<arg>BM</arg>
<arg>BN</arg>
<arg>BO</arg>
<arg>BQ</arg>
<arg>BR</arg>
<arg>BS</arg>
<arg>BT</arg>
<arg>BV</arg>
<arg>BW</arg>
<arg>BY</arg>
<arg>BZ</arg>
<arg>CA</arg>
<arg>CC</arg>
<arg>CD</arg>
<arg>CF</arg>
<arg>CG</arg>
<arg>CH</arg>
<arg>CI</arg>
<arg>CK</arg>
<arg>CL</arg>
<arg>CM</arg>
<arg>CN</arg>
<arg>CO</arg>
<arg>CR</arg>
<arg>CU</arg>
<arg>CV</arg>
<arg>CW</arg>
<arg>CX</arg>
<arg>CY</arg>
<arg>CZ</arg>
<arg>DE</arg>
<arg>DJ</arg>
<arg>DK</arg>
<arg>DM</arg>
<arg>DO</arg>
<arg>DZ</arg>
<arg>EC</arg>
<arg>EE</arg>
<arg>EG</arg>
<arg>EH</arg>
<arg>ER</arg>
<arg>ES</arg>
<arg>ET</arg>
<arg>FI</arg>
<arg>FJ</arg>
<arg>FK</arg>
<arg>FM</arg>
<arg>FO</arg>
<arg>FR</arg>
<arg>GA</arg>
<arg>GB</arg>
<arg>GD</arg>
<arg>GE</arg>
<arg>GF</arg>
<arg>GG</arg>
<arg>GH</arg>
<arg>GI</arg>
<arg>GL</arg>
<arg>GM</arg>
<arg>GN</arg>
<arg>GP</arg>
<arg>GQ</arg>
<arg>GR</arg>
<arg>GS</arg>
<arg>GT</arg>
<arg>GU</arg>
<arg>GW</arg>
<arg>GY</arg>
<arg>HK</arg>
<arg>HM</arg>
<arg>HN</arg>
<arg>HR</arg>
<arg>HT</arg>
<arg>HU</arg>
<arg>ID</arg>
<arg>IE</arg>
<arg>IL</arg>
<arg>IM</arg>
<arg>IN</arg>
<arg>IO</arg>
<arg>IQ</arg>
<arg>IR</arg>
<arg>IS</arg>
<arg>IT</arg>
<arg>JE</arg>
<arg>JM</arg>
<arg>JO</arg>
<arg>JP</arg>
<arg>KE</arg>
<arg>KG</arg>
<arg>KH</arg>
<arg>KI</arg>
<arg>KM</arg>
<arg>KN</arg>
<arg>KP</arg>
<arg>KR</arg>
<arg>KW</arg>
<arg>KY</arg>
<arg>KZ</arg>
<arg>LA</arg>
<arg>LB</arg>
<arg>LC</arg>
<arg>LI</arg>
<arg>LK</arg>
<arg>LR</arg>
<arg>LS</arg>
<arg>LT</arg>
<arg>LU</arg>
<arg>LV</arg>
<arg>LY</arg>
<arg>MA</arg>
<arg>MC</arg>
<arg>MD</arg>
<arg>ME</arg>
<arg>MF</arg>
<arg>MG</arg>
<arg>MH</arg>
<arg>MK</arg>
<arg>ML</arg>
<arg>MM</arg>
<arg>MN</arg>
<arg>MO</arg>
<arg>MP</arg>
<arg>MQ</arg>
<arg>MR</arg>
<arg>MS</arg>
<arg>MT</arg>
<arg>MU</arg>
<arg>MV</arg>
<arg>MW</arg>
<arg>MX</arg>
<arg>MY</arg>
<arg>MZ</arg>
<arg>NA</arg>
<arg>NC</arg>
<arg>NE</arg>
<arg>NF</arg>
<arg>NG</arg>
<arg>NI</arg>
<arg>NL</arg>
<arg>NO</arg>
<arg>NP</arg>
<arg>NR</arg>
<arg>NU</arg>
<arg>NZ</arg>
<arg>OM</arg>
<arg>PA</arg>
<arg>PE</arg>
<arg>PF</arg>
<arg>PG</arg>
<arg>PH</arg>
<arg>PK</arg>
<arg>PL</arg>
<arg>PM</arg>
<arg>PN</arg>
<arg>PR</arg>
<arg>PS</arg>
<arg>PT</arg>
<arg>PW</arg>
<arg>PY</arg>
<arg>QA</arg>
<arg>RE</arg>
<arg>RO</arg>
<arg>RS</arg>
<arg>RU</arg>
<arg>RW</arg>
<arg>SA</arg>
<arg>SB</arg>
<arg>SC</arg>
<arg>SD</arg>
<arg>SE</arg>
<arg>SG</arg>
<arg>SH</arg>
<arg>SI</arg>
<arg>SJ</arg>
<arg>SK</arg>
<arg>SL</arg>
<arg>SM</arg>
<arg>SN</arg>
<arg>SO</arg>
<arg>SR</arg>
<arg>SS</arg>
<arg>ST</arg>
<arg>SV</arg>
<arg>SX</arg>
<arg>SY</arg>
<arg>SZ</arg>
<arg>TC</arg>
<arg>TD</arg>
<arg>TF</arg>
<arg>TG</arg>
<arg>TH</arg>
<arg>TJ</arg>
<arg>TK</arg>
<arg>TL</arg>
<arg>TM</arg>
<arg>TN</arg>
<arg>TO</arg>
<arg>TR</arg>
<arg>TT</arg>
<arg>TV</arg>
<arg>TW</arg>
<arg>TZ</arg>
<arg>UA</arg>
<arg>UG</arg>
<arg>UM</arg>
<arg>US</arg>
<arg>UY</arg>
<arg>UZ</arg>
<arg>VA</arg>
<arg>VC</arg>
<arg>VE</arg>
<arg>VG</arg>
<arg>VI</arg>
<arg>VN</arg>
<arg>VU</arg>
<arg>WF</arg>
<arg>WS</arg>
<arg>XK</arg>
<arg>YE</arg>
<arg>YT</arg>
<arg>ZA</arg>
<arg>ZM</arg>
<arg>ZW</arg>
<doc>Returns a list containing given items.</doc>
<status status="PASS" start="2024-07-29T13:19:17.242558" elapsed="0.000616"/>
</kw>
<kw name="List Should Contain Value" owner="Collections">
<arg>${list_country}</arg>
<arg>${name_country}</arg>
<doc>Fails if the ``value`` is not found from ``list``.</doc>
<status status="PASS" start="2024-07-29T13:19:17.244116" elapsed="0.000206"/>
</kw>
<kw name="Run Keyword If" owner="BuiltIn">
<kw name="Should Be True" owner="BuiltIn">
<arg>${True}</arg>
<doc>Fails if the given condition is not true.</doc>
<status status="PASS" start="2024-07-29T13:19:17.245259" elapsed="0.000140"/>
</kw>
<arg>${json_data["results"][0]["location"]["coordinates"]["latitude"]} &gt;= -90 and ${json_data["results"][0]["location"]["coordinates"]["latitude"]} &lt;= 90</arg>
<arg>Should Be True</arg>
<arg>${True}</arg>
<doc>Runs the given keyword with the given arguments, if ``condition`` is true.</doc>
<status status="PASS" start="2024-07-29T13:19:17.244519" elapsed="0.001005"/>
</kw>
<kw name="Run Keyword If" owner="BuiltIn">
<kw name="Should Be True" owner="BuiltIn">
<arg>${True}</arg>
<doc>Fails if the given condition is not true.</doc>
<status status="PASS" start="2024-07-29T13:19:17.246405" elapsed="0.000139"/>
</kw>
<arg>${json_data["results"][0]["location"]["coordinates"]["longitude"]} &gt;= -180 and ${json_data["results"][0]["location"]["coordinates"]["longitude"]} &lt;= 180</arg>
<arg>Should Be True</arg>
<arg>${True}</arg>
<doc>Runs the given keyword with the given arguments, if ``condition`` is true.</doc>
<status status="PASS" start="2024-07-29T13:19:17.245704" elapsed="0.000962"/>
</kw>
<status status="PASS" start="2024-07-29T13:19:17.144336" elapsed="0.102458"/>
</kw>
<doc>Testa o conteúdo específico dos campos retornados pela API.</doc>
<tag>testeConteudo</tag>
<status status="PASS" start="2024-07-29T13:19:17.143820" elapsed="0.103116"/>
</test>
<status status="PASS" start="2024-07-29T13:19:16.214877" elapsed="1.034041"/>
</suite>
<status status="PASS" start="2024-07-29T13:19:16.199739" elapsed="1.054168"/>
</suite>
<statistics>
<total>
<stat pass="5" fail="0" skip="0">All Tests</stat>
</total>
<tag>
<stat pass="1" fail="0" skip="0">testeConteudo</stat>
<stat pass="1" fail="0" skip="0">testeEstruturaResposta</stat>
<stat pass="1" fail="0" skip="0">testeRequisicaoBasica</stat>
<stat pass="1" fail="0" skip="0">testeTiposDados</stat>
</tag>
<suite>
<stat pass="5" fail="0" skip="0" id="s1" name="Tests">Tests</stat>
<stat pass="5" fail="0" skip="0" id="s1-s1" name="Random-User-Test">Tests.Random-User-Test</stat>
</suite>
</statistics>
<errors>
</errors>
</robot>
