<?xml version="1.0" encoding="UTF-8"?>
<robot generator="Robot 7.0 (Python 3.12.2 on linux)" generated="2024-03-30T09:12:22.377071" rpa="false" schemaversion="5">
<suite id="s1" name="Tests" source="/home/runner/work/DesafioQAItauRogerioJordao/DesafioQAItauRogerioJordao/RamdonUser/tests">
<suite id="s1-s1" name="Random-User-Test" source="/home/runner/work/DesafioQAItauRogerioJordao/DesafioQAItauRogerioJordao/RamdonUser/tests/random-user-test.robot">
<test id="s1-s1-t1" name="Conectar" line="13">
<kw name="Conectar API" owner="random-user-service">
<kw name="Create Session" owner="RequestsLibrary">
<msg time="2024-03-30T09:12:22.796074" level="INFO">Creating Session using : alias=consultarAPI, url=https://randomuser.me/, headers={},                     cookies={}, auth=None, timeout=None, proxies=None, verify=False,                     debug=0 </msg>
<arg>consultarAPI</arg>
<arg>${URL}</arg>
<doc>Create Session: create a HTTP session to a server</doc>
<status status="PASS" start="2024-03-30T09:12:22.795873" elapsed="0.000373"/>
</kw>
<status status="PASS" start="2024-03-30T09:12:22.794856" elapsed="0.001750"/>
</kw>
<status status="PASS" start="2024-03-30T09:12:22.794319" elapsed="0.002495"/>
</test>
<test id="s1-s1-t2" name="Validar retorno 200 e JSON Válido" line="16">
<kw name="Teste de Requisicao Basica" owner="random-user-service">
<kw name="GET On Session" owner="RequestsLibrary">
<msg time="2024-03-30T09:12:23.048607" level="INFO">GET Request : url=https://randomuser.me/api 
 path_url=/api 
 headers={'User-Agent': 'python-requests/2.31.0', 'Accept-Encoding': 'gzip, deflate', 'Accept': '*/*', 'Connection': 'keep-alive'} 
 body=None 
 </msg>
<msg time="2024-03-30T09:12:23.048765" level="INFO">GET Response : url=https://randomuser.me/api 
 status=200, reason=OK 
 headers={'Date': 'Sat, 30 Mar 2024 09:12:23 GMT', 'Content-Type': 'application/json; charset=utf-8', 'Transfer-Encoding': 'chunked', 'Connection': 'keep-alive', 'X-Powered-By': 'Express', 'Access-Control-Allow-Origin': '*', 'Cache-Control': 'no-cache', 'ETag': 'W/"49b-bL3wI5NzPe8AY7HpwihbOLV/bZ8"', 'Vary': 'Accept-Encoding', 'Content-Encoding': 'gzip', 'CF-Cache-Status': 'DYNAMIC', 'Report-To': '{"endpoints":[{"url":"https:\\/\\/a.nel.cloudflare.com\\/report\\/v4?s=s%2FOskmXDS2uzfwCJ3GPOiGYxZSYDIpz3YrUrU2LMNJC7s%2F63aq6DZL4UmCFsz8T9JpVLv35pPYPKNtwrLa%2Bz%2BWJ50BvziWlrtghcCTlAqIK9%2B7P9jas7OyR%2FpT69eIRp"}],"group":"cf-nel","max_age":604800}', 'NEL': '{"success_fraction":0,"report_to":"cf-nel","max_age":604800}', 'Server': 'cloudflare', 'CF-RAY': '86c6fa477ca42b84-LAX', 'alt-svc': 'h3=":443"; ma=86400'} 
 body={"results":[{"gender":"female","name":{"title":"Mrs","first":"Milka","last":"Borojević"},"location":{"street":{"number":8301,"name":"Grnčarska"},"city":"Opovo","state":"Pčinja","country":"Serbia","postcode":97875,"coordinates":{"latitude":"57.6861","longitude":"84.3212"},"timezone":{"offset":"0:00","description":"Western Europe Time, London, Lisbon, Casablanca"}},"email":"milka.borojevic@example.com","login":{"uuid":"91a6d49a-f2fb-4b09-a385-413ba38e06c7","username":"goldenfish163","password":"limewire","salt":"k0QSbJOp","md5":"3dca3d972ca8cebd389327b610764f46","sha1":"44ae5a7feff546e5121d3cadb6adaf78c2d1b1ba","sha256":"d011bdc0f9fc020027b6de52061d1bbd367349477b4e6a401face115becfb30c"},"dob":{"date":"1958-04-21T20:31:51.466Z","age":65},"registered":{"date":"2016-08-06T14:01:04.311Z","age":7},"phone":"015-9037-447","cell":"068-6464-180","id":{"name":"SID","value":"457258324"},"picture":{"large":"https://randomuser.me/api/portraits/women/64.jpg","medium":"https://randomuser.me/api/portraits/med/women/64.jpg","thumbnail":"https://randomuser.me/api/portraits/thumb/women/64.jpg"},"nat":"RS"}],"info":{"seed":"172c7f66a108fd0d","results":1,"page":1,"version":"1.4"}} 
 </msg>
<msg time="2024-03-30T09:12:23.048900" level="INFO">/opt/hostedtoolcache/Python/3.12.2/x64/lib/python3.12/site-packages/urllib3/connectionpool.py:1103: InsecureRequestWarning: Unverified HTTPS request is being made to host 'randomuser.me'. Adding certificate verification is strongly advised. See: https://urllib3.readthedocs.io/en/latest/advanced-usage.html#tls-warnings
  warnings.warn(</msg>
<msg time="2024-03-30T09:12:23.049067" level="INFO">${response} = &lt;Response [200]&gt;</msg>
<var>${response}</var>
<arg>consultarAPI</arg>
<arg>/api</arg>
<doc>Sends a GET request on a previously created HTTP Session.</doc>
<status status="PASS" start="2024-03-30T09:12:22.799455" elapsed="0.249666"/>
</kw>
<kw name="Should Be Equal As Numbers" owner="BuiltIn">
<msg time="2024-03-30T09:12:23.050248" level="INFO">Argument types are:
&lt;class 'int'&gt;
&lt;class 'str'&gt;</msg>
<arg>${response.status_code}</arg>
<arg>200</arg>
<doc>Fails if objects are unequal after converting them to real numbers.</doc>
<status status="PASS" start="2024-03-30T09:12:23.049755" elapsed="0.000557"/>
</kw>
<kw name="Log" owner="BuiltIn">
<msg time="2024-03-30T09:12:23.050990" level="INFO">200</msg>
<arg>${response.status_code}</arg>
<doc>Logs the given message with the given level.</doc>
<status status="PASS" start="2024-03-30T09:12:23.050634" elapsed="0.000400"/>
</kw>
<kw name="Set Variable" owner="BuiltIn">
<msg time="2024-03-30T09:12:23.051819" level="INFO">${json_data} = {'results': [{'gender': 'female', 'name': {'title': 'Mrs', 'first': 'Milka', 'last': 'Borojević'}, 'location': {'street': {'number': 8301, 'name': 'Grnčarska'}, 'city': 'Opovo', 'state': 'Pčinja', 'co...</msg>
<var>${json_data}</var>
<arg>${response.json()}</arg>
<doc>Returns the given values which can then be assigned to a variables.</doc>
<status status="PASS" start="2024-03-30T09:12:23.051373" elapsed="0.000475"/>
</kw>
<kw name="Dictionary Should Contain Key" owner="Collections">
<msg time="2024-03-30T09:12:23.052322" level="INFO">False</msg>
<arg>${json_data}</arg>
<arg>results</arg>
<doc>Fails if ``key`` is not found from ``dictionary``.</doc>
<status status="PASS" start="2024-03-30T09:12:23.052154" elapsed="0.000208"/>
</kw>
<status status="PASS" start="2024-03-30T09:12:22.799199" elapsed="0.253417"/>
</kw>
<doc>Testa se a API responde corretamente e retorna um objeto JSON válido.</doc>
<tag>testeRequisicaoBasica</tag>
<status status="PASS" start="2024-03-30T09:12:22.798714" elapsed="0.254081"/>
</test>
<test id="s1-s1-t3" name="Validar estrutura de resposta" line="22">
<kw name="Teste de Estrutura de Resposta" owner="random-user-service">
<kw name="GET On Session" owner="RequestsLibrary">
<msg time="2024-03-30T09:12:23.163299" level="INFO">GET Request : url=https://randomuser.me/api 
 path_url=/api 
 headers={'User-Agent': 'python-requests/2.31.0', 'Accept-Encoding': 'gzip, deflate', 'Accept': '*/*', 'Connection': 'keep-alive'} 
 body=None 
 </msg>
<msg time="2024-03-30T09:12:23.163372" level="INFO">GET Response : url=https://randomuser.me/api 
 status=200, reason=OK 
 headers={'Date': 'Sat, 30 Mar 2024 09:12:23 GMT', 'Content-Type': 'application/json; charset=utf-8', 'Transfer-Encoding': 'chunked', 'Connection': 'keep-alive', 'X-Powered-By': 'Express', 'Access-Control-Allow-Origin': '*', 'Cache-Control': 'no-cache', 'ETag': 'W/"47a-4tz/HcG3Clg5xQR/piyZb9Mx0Bc"', 'Vary': 'Accept-Encoding', 'Content-Encoding': 'gzip', 'CF-Cache-Status': 'DYNAMIC', 'Report-To': '{"endpoints":[{"url":"https:\\/\\/a.nel.cloudflare.com\\/report\\/v4?s=W%2FSiVS9yc25Lu3dUfS7v5sEo1smUaX6CRZzt7BIM%2BHe8tsGhoa63MAmY%2FCbCdrq6%2B9w%2Fy5iQLoNgj%2FMSpSUoSHKhGsglROcCl%2FmNYNDZdzuOQ9vFqM8333ujyOxN3umq"}],"group":"cf-nel","max_age":604800}', 'NEL': '{"success_fraction":0,"report_to":"cf-nel","max_age":604800}', 'Server': 'cloudflare', 'CF-RAY': '86c6fa481d212b84-LAX', 'alt-svc': 'h3=":443"; ma=86400'} 
 body={"results":[{"gender":"female","name":{"title":"Ms","first":"Chloe","last":"Sarwar"},"location":{"street":{"number":3067,"name":"Tromsøgata"},"city":"Bangsund","state":"Akershus","country":"Norway","postcode":"0663","coordinates":{"latitude":"40.9498","longitude":"97.7821"},"timezone":{"offset":"+7:00","description":"Bangkok, Hanoi, Jakarta"}},"email":"chloe.sarwar@example.com","login":{"uuid":"3bfd4e00-de60-4bc5-a8cb-347c8bac8248","username":"sadelephant345","password":"seamus","salt":"4xaRWulF","md5":"fb46ceab9943957bb4651095b2d6d69e","sha1":"598a62c8e93e4077022334b7aba55c637931d789","sha256":"f247027c3690a576fbd33a972b9d19dfecd0f1260d6d43517959b6d2e23f3e69"},"dob":{"date":"1972-10-23T02:32:55.672Z","age":51},"registered":{"date":"2018-01-07T19:05:45.668Z","age":6},"phone":"76851253","cell":"97111251","id":{"name":"FN","value":"23107214607"},"picture":{"large":"https://randomuser.me/api/portraits/women/53.jpg","medium":"https://randomuser.me/api/portraits/med/women/53.jpg","thumbnail":"https://randomuser.me/api/portraits/thumb/women/53.jpg"},"nat":"NO"}],"info":{"seed":"b0a30d2ef52d50c2","results":1,"page":1,"version":"1.4"}} 
 </msg>
<msg time="2024-03-30T09:12:23.163486" level="INFO">/opt/hostedtoolcache/Python/3.12.2/x64/lib/python3.12/site-packages/urllib3/connectionpool.py:1103: InsecureRequestWarning: Unverified HTTPS request is being made to host 'randomuser.me'. Adding certificate verification is strongly advised. See: https://urllib3.readthedocs.io/en/latest/advanced-usage.html#tls-warnings
  warnings.warn(</msg>
<msg time="2024-03-30T09:12:23.163582" level="INFO">${response} = &lt;Response [200]&gt;</msg>
<var>${response}</var>
<arg>consultarAPI</arg>
<arg>/api</arg>
<doc>Sends a GET request on a previously created HTTP Session.</doc>
<status status="PASS" start="2024-03-30T09:12:23.055671" elapsed="0.107948"/>
</kw>
<kw name="Set Variable" owner="BuiltIn">
<msg time="2024-03-30T09:12:23.164779" level="INFO">${json_data} = {'results': [{'gender': 'female', 'name': {'title': 'Ms', 'first': 'Chloe', 'last': 'Sarwar'}, 'location': {'street': {'number': 3067, 'name': 'Tromsøgata'}, 'city': 'Bangsund', 'state': 'Akershus', '...</msg>
<var>${json_data}</var>
<arg>${response.json()}</arg>
<doc>Returns the given values which can then be assigned to a variables.</doc>
<status status="PASS" start="2024-03-30T09:12:23.164164" elapsed="0.000645"/>
</kw>
<kw name="Log" owner="BuiltIn">
<msg time="2024-03-30T09:12:23.165287" level="INFO">{'results': [{'gender': 'female', 'name': {'title': 'Ms', 'first': 'Chloe', 'last': 'Sarwar'}, 'location': {'street': {'number': 3067, 'name': 'Tromsøgata'}, 'city': 'Bangsund', 'state': 'Akershus', 'country': 'Norway', 'postcode': '0663', 'coordinates': {'latitude': '40.9498', 'longitude': '97.7821'}, 'timezone': {'offset': '+7:00', 'description': 'Bangkok, Hanoi, Jakarta'}}, 'email': 'chloe.sarwar@example.com', 'login': {'uuid': '3bfd4e00-de60-4bc5-a8cb-347c8bac8248', 'username': 'sadelephant345', 'password': 'seamus', 'salt': '4xaRWulF', 'md5': 'fb46ceab9943957bb4651095b2d6d69e', 'sha1': '598a62c8e93e4077022334b7aba55c637931d789', 'sha256': 'f247027c3690a576fbd33a972b9d19dfecd0f1260d6d43517959b6d2e23f3e69'}, 'dob': {'date': '1972-10-23T02:32:55.672Z', 'age': 51}, 'registered': {'date': '2018-01-07T19:05:45.668Z', 'age': 6}, 'phone': '76851253', 'cell': '97111251', 'id': {'name': 'FN', 'value': '23107214607'}, 'picture': {'large': 'https://randomuser.me/api/portraits/women/53.jpg', 'medium': 'https://randomuser.me/api/portraits/med/women/53.jpg', 'thumbnail': 'https://randomuser.me/api/portraits/thumb/women/53.jpg'}, 'nat': 'NO'}], 'info': {'seed': 'b0a30d2ef52d50c2', 'results': 1, 'page': 1, 'version': '1.4'}}</msg>
<arg>${json_data}</arg>
<doc>Logs the given message with the given level.</doc>
<status status="PASS" start="2024-03-30T09:12:23.165126" elapsed="0.000210"/>
</kw>
<kw name="Dictionary Should Contain Key" owner="Collections">
<msg time="2024-03-30T09:12:23.165838" level="INFO">False</msg>
<arg>${json_data}</arg>
<arg>results</arg>
<doc>Fails if ``key`` is not found from ``dictionary``.</doc>
<status status="PASS" start="2024-03-30T09:12:23.165670" elapsed="0.000206"/>
</kw>
<kw name="Should Not Be Empty" owner="BuiltIn">
<msg time="2024-03-30T09:12:23.166311" level="INFO">Length is 2.</msg>
<arg>${json_data}</arg>
<doc>Verifies that the given item is not empty.</doc>
<status status="PASS" start="2024-03-30T09:12:23.166171" elapsed="0.000178"/>
</kw>
<kw name="Create List" owner="BuiltIn">
<msg time="2024-03-30T09:12:23.166796" level="INFO">${expected_keys} = ['gender', 'name', 'location', 'email', 'login']</msg>
<var>${expected_keys}</var>
<arg>gender</arg>
<arg>name</arg>
<arg>location</arg>
<arg>email</arg>
<arg>login</arg>
<doc>Returns a list containing given items.</doc>
<status status="PASS" start="2024-03-30T09:12:23.166641" elapsed="0.000180"/>
</kw>
<for flavor="IN">
<iter>
<kw name="Dictionary Should Contain Key" owner="Collections">
<msg time="2024-03-30T09:12:23.167793" level="INFO">False</msg>
<arg>${json_data['results'][0]}</arg>
<arg>${key}</arg>
<doc>Fails if ``key`` is not found from ``dictionary``.</doc>
<status status="PASS" start="2024-03-30T09:12:23.167387" elapsed="0.000445"/>
</kw>
<kw name="Log" owner="BuiltIn">
<msg time="2024-03-30T09:12:23.168505" level="INFO">{'gender': 'female', 'name': {'title': 'Ms', 'first': 'Chloe', 'last': 'Sarwar'}, 'location': {'street': {'number': 3067, 'name': 'Tromsøgata'}, 'city': 'Bangsund', 'state': 'Akershus', 'country': 'Norway', 'postcode': '0663', 'coordinates': {'latitude': '40.9498', 'longitude': '97.7821'}, 'timezone': {'offset': '+7:00', 'description': 'Bangkok, Hanoi, Jakarta'}}, 'email': 'chloe.sarwar@example.com', 'login': {'uuid': '3bfd4e00-de60-4bc5-a8cb-347c8bac8248', 'username': 'sadelephant345', 'password': 'seamus', 'salt': '4xaRWulF', 'md5': 'fb46ceab9943957bb4651095b2d6d69e', 'sha1': '598a62c8e93e4077022334b7aba55c637931d789', 'sha256': 'f247027c3690a576fbd33a972b9d19dfecd0f1260d6d43517959b6d2e23f3e69'}, 'dob': {'date': '1972-10-23T02:32:55.672Z', 'age': 51}, 'registered': {'date': '2018-01-07T19:05:45.668Z', 'age': 6}, 'phone': '76851253', 'cell': '97111251', 'id': {'name': 'FN', 'value': '23107214607'}, 'picture': {'large': 'https://randomuser.me/api/portraits/women/53.jpg', 'medium': 'https://randomuser.me/api/portraits/med/women/53.jpg', 'thumbnail': 'https://randomuser.me/api/portraits/thumb/women/53.jpg'}, 'nat': 'NO'}</msg>
<arg>${json_data['results'][0]}</arg>
<doc>Logs the given message with the given level.</doc>
<status status="PASS" start="2024-03-30T09:12:23.168137" elapsed="0.000423"/>
</kw>
<kw name="Log" owner="BuiltIn">
<msg time="2024-03-30T09:12:23.168997" level="INFO">gender</msg>
<arg>${key}</arg>
<doc>Logs the given message with the given level.</doc>
<status status="PASS" start="2024-03-30T09:12:23.168864" elapsed="0.000171"/>
</kw>
<var name="${key}">gender</var>
<status status="PASS" start="2024-03-30T09:12:23.167263" elapsed="0.001994"/>
</iter>
<iter>
<kw name="Dictionary Should Contain Key" owner="Collections">
<msg time="2024-03-30T09:12:23.169992" level="INFO">False</msg>
<arg>${json_data['results'][0]}</arg>
<arg>${key}</arg>
<doc>Fails if ``key`` is not found from ``dictionary``.</doc>
<status status="PASS" start="2024-03-30T09:12:23.169560" elapsed="0.000470"/>
</kw>
<kw name="Log" owner="BuiltIn">
<msg time="2024-03-30T09:12:23.170745" level="INFO">{'gender': 'female', 'name': {'title': 'Ms', 'first': 'Chloe', 'last': 'Sarwar'}, 'location': {'street': {'number': 3067, 'name': 'Tromsøgata'}, 'city': 'Bangsund', 'state': 'Akershus', 'country': 'Norway', 'postcode': '0663', 'coordinates': {'latitude': '40.9498', 'longitude': '97.7821'}, 'timezone': {'offset': '+7:00', 'description': 'Bangkok, Hanoi, Jakarta'}}, 'email': 'chloe.sarwar@example.com', 'login': {'uuid': '3bfd4e00-de60-4bc5-a8cb-347c8bac8248', 'username': 'sadelephant345', 'password': 'seamus', 'salt': '4xaRWulF', 'md5': 'fb46ceab9943957bb4651095b2d6d69e', 'sha1': '598a62c8e93e4077022334b7aba55c637931d789', 'sha256': 'f247027c3690a576fbd33a972b9d19dfecd0f1260d6d43517959b6d2e23f3e69'}, 'dob': {'date': '1972-10-23T02:32:55.672Z', 'age': 51}, 'registered': {'date': '2018-01-07T19:05:45.668Z', 'age': 6}, 'phone': '76851253', 'cell': '97111251', 'id': {'name': 'FN', 'value': '23107214607'}, 'picture': {'large': 'https://randomuser.me/api/portraits/women/53.jpg', 'medium': 'https://randomuser.me/api/portraits/med/women/53.jpg', 'thumbnail': 'https://randomuser.me/api/portraits/thumb/women/53.jpg'}, 'nat': 'NO'}</msg>
<arg>${json_data['results'][0]}</arg>
<doc>Logs the given message with the given level.</doc>
<status status="PASS" start="2024-03-30T09:12:23.170365" elapsed="0.000430"/>
</kw>
<kw name="Log" owner="BuiltIn">
<msg time="2024-03-30T09:12:23.171223" level="INFO">name</msg>
<arg>${key}</arg>
<doc>Logs the given message with the given level.</doc>
<status status="PASS" start="2024-03-30T09:12:23.171095" elapsed="0.000165"/>
</kw>
<var name="${key}">name</var>
<status status="PASS" start="2024-03-30T09:12:23.169445" elapsed="0.002032"/>
</iter>
<iter>
<kw name="Dictionary Should Contain Key" owner="Collections">
<msg time="2024-03-30T09:12:23.172144" level="INFO">False</msg>
<arg>${json_data['results'][0]}</arg>
<arg>${key}</arg>
<doc>Fails if ``key`` is not found from ``dictionary``.</doc>
<status status="PASS" start="2024-03-30T09:12:23.171769" elapsed="0.000413"/>
</kw>
<kw name="Log" owner="BuiltIn">
<msg time="2024-03-30T09:12:23.172844" level="INFO">{'gender': 'female', 'name': {'title': 'Ms', 'first': 'Chloe', 'last': 'Sarwar'}, 'location': {'street': {'number': 3067, 'name': 'Tromsøgata'}, 'city': 'Bangsund', 'state': 'Akershus', 'country': 'Norway', 'postcode': '0663', 'coordinates': {'latitude': '40.9498', 'longitude': '97.7821'}, 'timezone': {'offset': '+7:00', 'description': 'Bangkok, Hanoi, Jakarta'}}, 'email': 'chloe.sarwar@example.com', 'login': {'uuid': '3bfd4e00-de60-4bc5-a8cb-347c8bac8248', 'username': 'sadelephant345', 'password': 'seamus', 'salt': '4xaRWulF', 'md5': 'fb46ceab9943957bb4651095b2d6d69e', 'sha1': '598a62c8e93e4077022334b7aba55c637931d789', 'sha256': 'f247027c3690a576fbd33a972b9d19dfecd0f1260d6d43517959b6d2e23f3e69'}, 'dob': {'date': '1972-10-23T02:32:55.672Z', 'age': 51}, 'registered': {'date': '2018-01-07T19:05:45.668Z', 'age': 6}, 'phone': '76851253', 'cell': '97111251', 'id': {'name': 'FN', 'value': '23107214607'}, 'picture': {'large': 'https://randomuser.me/api/portraits/women/53.jpg', 'medium': 'https://randomuser.me/api/portraits/med/women/53.jpg', 'thumbnail': 'https://randomuser.me/api/portraits/thumb/women/53.jpg'}, 'nat': 'NO'}</msg>
<arg>${json_data['results'][0]}</arg>
<doc>Logs the given message with the given level.</doc>
<status status="PASS" start="2024-03-30T09:12:23.172481" elapsed="0.000417"/>
</kw>
<kw name="Log" owner="BuiltIn">
<msg time="2024-03-30T09:12:23.173318" level="INFO">location</msg>
<arg>${key}</arg>
<doc>Logs the given message with the given level.</doc>
<status status="PASS" start="2024-03-30T09:12:23.173192" elapsed="0.000164"/>
</kw>
<var name="${key}">location</var>
<status status="PASS" start="2024-03-30T09:12:23.171657" elapsed="0.001924"/>
</iter>
<iter>
<kw name="Dictionary Should Contain Key" owner="Collections">
<msg time="2024-03-30T09:12:23.174292" level="INFO">False</msg>
<arg>${json_data['results'][0]}</arg>
<arg>${key}</arg>
<doc>Fails if ``key`` is not found from ``dictionary``.</doc>
<status status="PASS" start="2024-03-30T09:12:23.173913" elapsed="0.000416"/>
</kw>
<kw name="Log" owner="BuiltIn">
<msg time="2024-03-30T09:12:23.174979" level="INFO">{'gender': 'female', 'name': {'title': 'Ms', 'first': 'Chloe', 'last': 'Sarwar'}, 'location': {'street': {'number': 3067, 'name': 'Tromsøgata'}, 'city': 'Bangsund', 'state': 'Akershus', 'country': 'Norway', 'postcode': '0663', 'coordinates': {'latitude': '40.9498', 'longitude': '97.7821'}, 'timezone': {'offset': '+7:00', 'description': 'Bangkok, Hanoi, Jakarta'}}, 'email': 'chloe.sarwar@example.com', 'login': {'uuid': '3bfd4e00-de60-4bc5-a8cb-347c8bac8248', 'username': 'sadelephant345', 'password': 'seamus', 'salt': '4xaRWulF', 'md5': 'fb46ceab9943957bb4651095b2d6d69e', 'sha1': '598a62c8e93e4077022334b7aba55c637931d789', 'sha256': 'f247027c3690a576fbd33a972b9d19dfecd0f1260d6d43517959b6d2e23f3e69'}, 'dob': {'date': '1972-10-23T02:32:55.672Z', 'age': 51}, 'registered': {'date': '2018-01-07T19:05:45.668Z', 'age': 6}, 'phone': '76851253', 'cell': '97111251', 'id': {'name': 'FN', 'value': '23107214607'}, 'picture': {'large': 'https://randomuser.me/api/portraits/women/53.jpg', 'medium': 'https://randomuser.me/api/portraits/med/women/53.jpg', 'thumbnail': 'https://randomuser.me/api/portraits/thumb/women/53.jpg'}, 'nat': 'NO'}</msg>
<arg>${json_data['results'][0]}</arg>
<doc>Logs the given message with the given level.</doc>
<status status="PASS" start="2024-03-30T09:12:23.174624" elapsed="0.000404"/>
</kw>
<kw name="Log" owner="BuiltIn">
<msg time="2024-03-30T09:12:23.175452" level="INFO">email</msg>
<arg>${key}</arg>
<doc>Logs the given message with the given level.</doc>
<status status="PASS" start="2024-03-30T09:12:23.175325" elapsed="0.000165"/>
</kw>
<var name="${key}">email</var>
<status status="PASS" start="2024-03-30T09:12:23.173801" elapsed="0.001904"/>
</iter>
<iter>
<kw name="Dictionary Should Contain Key" owner="Collections">
<msg time="2024-03-30T09:12:23.176379" level="INFO">False</msg>
<arg>${json_data['results'][0]}</arg>
<arg>${key}</arg>
<doc>Fails if ``key`` is not found from ``dictionary``.</doc>
<status status="PASS" start="2024-03-30T09:12:23.175999" elapsed="0.000417"/>
</kw>
<kw name="Log" owner="BuiltIn">
<msg time="2024-03-30T09:12:23.177080" level="INFO">{'gender': 'female', 'name': {'title': 'Ms', 'first': 'Chloe', 'last': 'Sarwar'}, 'location': {'street': {'number': 3067, 'name': 'Tromsøgata'}, 'city': 'Bangsund', 'state': 'Akershus', 'country': 'Norway', 'postcode': '0663', 'coordinates': {'latitude': '40.9498', 'longitude': '97.7821'}, 'timezone': {'offset': '+7:00', 'description': 'Bangkok, Hanoi, Jakarta'}}, 'email': 'chloe.sarwar@example.com', 'login': {'uuid': '3bfd4e00-de60-4bc5-a8cb-347c8bac8248', 'username': 'sadelephant345', 'password': 'seamus', 'salt': '4xaRWulF', 'md5': 'fb46ceab9943957bb4651095b2d6d69e', 'sha1': '598a62c8e93e4077022334b7aba55c637931d789', 'sha256': 'f247027c3690a576fbd33a972b9d19dfecd0f1260d6d43517959b6d2e23f3e69'}, 'dob': {'date': '1972-10-23T02:32:55.672Z', 'age': 51}, 'registered': {'date': '2018-01-07T19:05:45.668Z', 'age': 6}, 'phone': '76851253', 'cell': '97111251', 'id': {'name': 'FN', 'value': '23107214607'}, 'picture': {'large': 'https://randomuser.me/api/portraits/women/53.jpg', 'medium': 'https://randomuser.me/api/portraits/med/women/53.jpg', 'thumbnail': 'https://randomuser.me/api/portraits/thumb/women/53.jpg'}, 'nat': 'NO'}</msg>
<arg>${json_data['results'][0]}</arg>
<doc>Logs the given message with the given level.</doc>
<status status="PASS" start="2024-03-30T09:12:23.176708" elapsed="0.000420"/>
</kw>
<kw name="Log" owner="BuiltIn">
<msg time="2024-03-30T09:12:23.177546" level="INFO">login</msg>
<arg>${key}</arg>
<doc>Logs the given message with the given level.</doc>
<status status="PASS" start="2024-03-30T09:12:23.177421" elapsed="0.000303"/>
</kw>
<var name="${key}">login</var>
<status status="PASS" start="2024-03-30T09:12:23.175880" elapsed="0.002078"/>
</iter>
<var>${key}</var>
<value>@{expected_keys}</value>
<status status="PASS" start="2024-03-30T09:12:23.167080" elapsed="0.011029"/>
</for>
<kw name="Create List" owner="BuiltIn">
<msg time="2024-03-30T09:12:23.178453" level="INFO">${expected_keysTwo} = ['username', 'password']</msg>
<var>${expected_keysTwo}</var>
<arg>username</arg>
<arg>password</arg>
<doc>Returns a list containing given items.</doc>
<status status="PASS" start="2024-03-30T09:12:23.178312" elapsed="0.000164"/>
</kw>
<for flavor="IN">
<iter>
<kw name="Dictionary Should Contain Key" owner="Collections">
<msg time="2024-03-30T09:12:23.179360" level="INFO">False</msg>
<arg>${json_data['results'][0]['login']}</arg>
<arg>${keyTwo}</arg>
<doc>Fails if ``key`` is not found from ``dictionary``.</doc>
<status status="PASS" start="2024-03-30T09:12:23.178980" elapsed="0.000418"/>
</kw>
<kw name="Dictionary Should Contain Key" owner="Collections">
<msg time="2024-03-30T09:12:23.180084" level="INFO">False</msg>
<arg>${json_data['results'][0]['login']}</arg>
<arg>${keyTwo}</arg>
<doc>Fails if ``key`` is not found from ``dictionary``.</doc>
<status status="PASS" start="2024-03-30T09:12:23.179696" elapsed="0.000425"/>
</kw>
<kw name="Log" owner="BuiltIn">
<msg time="2024-03-30T09:12:23.180550" level="INFO">username</msg>
<arg>${keyTwo}</arg>
<doc>Logs the given message with the given level.</doc>
<status status="PASS" start="2024-03-30T09:12:23.180414" elapsed="0.000174"/>
</kw>
<var name="${keyTwo}">username</var>
<status status="PASS" start="2024-03-30T09:12:23.178868" elapsed="0.001940"/>
</iter>
<iter>
<kw name="Dictionary Should Contain Key" owner="Collections">
<msg time="2024-03-30T09:12:23.181468" level="INFO">False</msg>
<arg>${json_data['results'][0]['login']}</arg>
<arg>${keyTwo}</arg>
<doc>Fails if ``key`` is not found from ``dictionary``.</doc>
<status status="PASS" start="2024-03-30T09:12:23.181092" elapsed="0.000413"/>
</kw>
<kw name="Dictionary Should Contain Key" owner="Collections">
<msg time="2024-03-30T09:12:23.182220" level="INFO">False</msg>
<arg>${json_data['results'][0]['login']}</arg>
<arg>${keyTwo}</arg>
<doc>Fails if ``key`` is not found from ``dictionary``.</doc>
<status status="PASS" start="2024-03-30T09:12:23.181828" elapsed="0.000429"/>
</kw>
<kw name="Log" owner="BuiltIn">
<msg time="2024-03-30T09:12:23.182679" level="INFO">password</msg>
<arg>${keyTwo}</arg>
<doc>Logs the given message with the given level.</doc>
<status status="PASS" start="2024-03-30T09:12:23.182552" elapsed="0.000166"/>
</kw>
<var name="${keyTwo}">password</var>
<status status="PASS" start="2024-03-30T09:12:23.180981" elapsed="0.001958"/>
</iter>
<var>${keyTwo}</var>
<value>@{expected_keysTwo}</value>
<status status="PASS" start="2024-03-30T09:12:23.178715" elapsed="0.004348"/>
</for>
<status status="PASS" start="2024-03-30T09:12:23.055428" elapsed="0.127775"/>
</kw>
<doc>Testa a estrutura da resposta da API.</doc>
<tag>testeEstruturaResposta</tag>
<status status="PASS" start="2024-03-30T09:12:23.054700" elapsed="0.128658"/>
</test>
<test id="s1-s1-t4" name="Validar tipos de dados" line="28">
<kw name="Teste de Tipos de Dados" owner="random-user-service">
<kw name="GET On Session" owner="RequestsLibrary">
<msg time="2024-03-30T09:12:23.284050" level="INFO">GET Request : url=https://randomuser.me/api 
 path_url=/api 
 headers={'User-Agent': 'python-requests/2.31.0', 'Accept-Encoding': 'gzip, deflate', 'Accept': '*/*', 'Connection': 'keep-alive'} 
 body=None 
 </msg>
<msg time="2024-03-30T09:12:23.284134" level="INFO">GET Response : url=https://randomuser.me/api 
 status=200, reason=OK 
 headers={'Date': 'Sat, 30 Mar 2024 09:12:23 GMT', 'Content-Type': 'application/json; charset=utf-8', 'Transfer-Encoding': 'chunked', 'Connection': 'keep-alive', 'X-Powered-By': 'Express', 'Access-Control-Allow-Origin': '*', 'Cache-Control': 'no-cache', 'ETag': 'W/"498-MNkqy6s4SVIUbKJuq7rJNqyzbrg"', 'Vary': 'Accept-Encoding', 'Content-Encoding': 'gzip', 'CF-Cache-Status': 'DYNAMIC', 'Report-To': '{"endpoints":[{"url":"https:\\/\\/a.nel.cloudflare.com\\/report\\/v4?s=tQ7%2F0SMEt3elcuLagJ8qeAhxo1qqsQeE4tgHj9ORHTYyiWPX2GuRkpAsPYfVMlTZuxL5G196jDQWUMoLAIN01yDjB9sPHu9PIEVRoelrXQTOp4EFb8YT1Ycsu%2FyN7RAd"}],"group":"cf-nel","max_age":604800}', 'NEL': '{"success_fraction":0,"report_to":"cf-nel","max_age":604800}', 'Server': 'cloudflare', 'CF-RAY': '86c6fa48fdbe2b84-LAX', 'alt-svc': 'h3=":443"; ma=86400'} 
 body={"results":[{"gender":"female","name":{"title":"Miss","first":"Nicole","last":"Garza"},"location":{"street":{"number":2114,"name":"Park Lane"},"city":"York","state":"Humberside","country":"United Kingdom","postcode":"J3X 3GA","coordinates":{"latitude":"-7.8112","longitude":"49.3985"},"timezone":{"offset":"+10:00","description":"Eastern Australia, Guam, Vladivostok"}},"email":"nicole.garza@example.com","login":{"uuid":"b42f39f8-7963-4ca6-9934-5c2a0b9d314d","username":"crazyfrog818","password":"castor","salt":"MzmXNzZK","md5":"eb7127e3a7702e771d701fe8ed10694b","sha1":"e86a4ed1c4b0fcc84909a95f6029ad59ed703287","sha256":"5089b3a04a6dbf3e8c7fc70598909619ace14d586c6a50c1228e7cb6fb5e9655"},"dob":{"date":"1952-05-19T09:49:04.008Z","age":71},"registered":{"date":"2015-05-30T08:24:19.886Z","age":8},"phone":"019467 21939","cell":"07548 199046","id":{"name":"NINO","value":"BH 07 67 13 W"},"picture":{"large":"https://randomuser.me/api/portraits/women/0.jpg","medium":"https://randomuser.me/api/portraits/med/women/0.jpg","thumbnail":"https://randomuser.me/api/portraits/thumb/women/0.jpg"},"nat":"GB"}],"info":{"seed":"349a262d25ae2f72","results":1,"page":1,"version":"1.4"}} 
 </msg>
<msg time="2024-03-30T09:12:23.284208" level="INFO">/opt/hostedtoolcache/Python/3.12.2/x64/lib/python3.12/site-packages/urllib3/connectionpool.py:1103: InsecureRequestWarning: Unverified HTTPS request is being made to host 'randomuser.me'. Adding certificate verification is strongly advised. See: https://urllib3.readthedocs.io/en/latest/advanced-usage.html#tls-warnings
  warnings.warn(</msg>
<msg time="2024-03-30T09:12:23.284332" level="INFO">${response} = &lt;Response [200]&gt;</msg>
<var>${response}</var>
<arg>consultarAPI</arg>
<arg>/api</arg>
<doc>Sends a GET request on a previously created HTTP Session.</doc>
<status status="PASS" start="2024-03-30T09:12:23.185914" elapsed="0.098470"/>
</kw>
<kw name="Set Variable" owner="BuiltIn">
<msg time="2024-03-30T09:12:23.285530" level="INFO">${json_data} = {'results': [{'gender': 'female', 'name': {'title': 'Miss', 'first': 'Nicole', 'last': 'Garza'}, 'location': {'street': {'number': 2114, 'name': 'Park Lane'}, 'city': 'York', 'state': 'Humberside', 'c...</msg>
<var>${json_data}</var>
<arg>${response.json()}</arg>
<doc>Returns the given values which can then be assigned to a variables.</doc>
<status status="PASS" start="2024-03-30T09:12:23.284890" elapsed="0.000671"/>
</kw>
<kw name="Log" owner="BuiltIn">
<msg time="2024-03-30T09:12:23.286084" level="INFO">{'results': [{'gender': 'female', 'name': {'title': 'Miss', 'first': 'Nicole', 'last': 'Garza'}, 'location': {'street': {'number': 2114, 'name': 'Park Lane'}, 'city': 'York', 'state': 'Humberside', 'country': 'United Kingdom', 'postcode': 'J3X 3GA', 'coordinates': {'latitude': '-7.8112', 'longitude': '49.3985'}, 'timezone': {'offset': '+10:00', 'description': 'Eastern Australia, Guam, Vladivostok'}}, 'email': 'nicole.garza@example.com', 'login': {'uuid': 'b42f39f8-7963-4ca6-9934-5c2a0b9d314d', 'username': 'crazyfrog818', 'password': 'castor', 'salt': 'MzmXNzZK', 'md5': 'eb7127e3a7702e771d701fe8ed10694b', 'sha1': 'e86a4ed1c4b0fcc84909a95f6029ad59ed703287', 'sha256': '5089b3a04a6dbf3e8c7fc70598909619ace14d586c6a50c1228e7cb6fb5e9655'}, 'dob': {'date': '1952-05-19T09:49:04.008Z', 'age': 71}, 'registered': {'date': '2015-05-30T08:24:19.886Z', 'age': 8}, 'phone': '019467 21939', 'cell': '07548 199046', 'id': {'name': 'NINO', 'value': 'BH 07 67 13 W'}, 'picture': {'large': 'https://randomuser.me/api/portraits/women/0.jpg', 'medium': 'https://randomuser.me/api/portraits/med/women/0.jpg', 'thumbnail': 'https://randomuser.me/api/portraits/thumb/women/0.jpg'}, 'nat': 'GB'}], 'info': {'seed': '349a262d25ae2f72', 'results': 1, 'page': 1, 'version': '1.4'}}</msg>
<arg>${json_data}</arg>
<doc>Logs the given message with the given level.</doc>
<status status="PASS" start="2024-03-30T09:12:23.285929" elapsed="0.000239"/>
</kw>
<kw name="Should Be String" owner="String">
<arg>${json_data['results'][0]['gender']}</arg>
<doc>Fails if the given ``item`` is not a string.</doc>
<status status="PASS" start="2024-03-30T09:12:23.286473" elapsed="0.000372"/>
</kw>
<kw name="Should Match Regexp" owner="BuiltIn">
<arg>${json_data['results'][0]['email']}</arg>
<arg>^[a-zA-Z0-9._%+-]+@[a-zA-Z0-9.-]+\.[a-zA-Z]{2,}$</arg>
<doc>Fails if ``string`` does not match ``pattern`` as a regular expression.</doc>
<status status="PASS" start="2024-03-30T09:12:23.287041" elapsed="0.000520"/>
</kw>
<kw name="Should Match Regexp" owner="BuiltIn">
<arg>${json_data['results'][0]['dob']['date']}</arg>
<arg>\\d{4}-\\d{2}-\\d{2}T\\d{2}:\\d{2}:\\d{2}\\.\\d{3}Z</arg>
<doc>Fails if ``string`` does not match ``pattern`` as a regular expression.</doc>
<status status="PASS" start="2024-03-30T09:12:23.287761" elapsed="0.000493"/>
</kw>
<kw name="Should Match Regexp" owner="BuiltIn">
<arg>${json_data['results'][0]['registered']['date']}</arg>
<arg>\\d{4}-\\d{2}-\\d{2}T\\d{2}:\\d{2}:\\d{2}\\.\\d{3}Z</arg>
<doc>Fails if ``string`` does not match ``pattern`` as a regular expression.</doc>
<status status="PASS" start="2024-03-30T09:12:23.288448" elapsed="0.000377"/>
</kw>
<kw name="Should Match Regexp" owner="BuiltIn">
<arg>${json_data['results'][0]['picture']['large']}</arg>
<arg>^https?://.*\.(?:png|jpe?g|gif|bmp)$</arg>
<doc>Fails if ``string`` does not match ``pattern`` as a regular expression.</doc>
<status status="PASS" start="2024-03-30T09:12:23.289016" elapsed="0.000452"/>
</kw>
<kw name="Should Match Regexp" owner="BuiltIn">
<arg>${json_data['results'][0]['picture']['medium']}</arg>
<arg>^https?://.*\.(?:png|jpe?g|gif|bmp)$</arg>
<doc>Fails if ``string`` does not match ``pattern`` as a regular expression.</doc>
<status status="PASS" start="2024-03-30T09:12:23.289690" elapsed="0.000375"/>
</kw>
<kw name="Should Match Regexp" owner="BuiltIn">
<arg>${json_data['results'][0]['picture']['thumbnail']}</arg>
<arg>^https?://.*\.(?:png|jpe?g|gif|bmp)$</arg>
<doc>Fails if ``string`` does not match ``pattern`` as a regular expression.</doc>
<status status="PASS" start="2024-03-30T09:12:23.290254" elapsed="0.000351"/>
</kw>
<kw name="Log" owner="BuiltIn">
<msg time="2024-03-30T09:12:23.291118" level="INFO">{'large': 'https://randomuser.me/api/portraits/women/0.jpg', 'medium': 'https://randomuser.me/api/portraits/med/women/0.jpg', 'thumbnail': 'https://randomuser.me/api/portraits/thumb/women/0.jpg'}</msg>
<arg>${json_data['results'][0]['picture']}</arg>
<doc>Logs the given message with the given level.</doc>
<status status="PASS" start="2024-03-30T09:12:23.290790" elapsed="0.000376"/>
</kw>
<status status="PASS" start="2024-03-30T09:12:23.185683" elapsed="0.105744"/>
</kw>
<kw name="Teste de Tipos de Dados - Postcode" owner="random-user-service">
<kw name="GET On Session" owner="RequestsLibrary">
<msg time="2024-03-30T09:12:23.392167" level="INFO">GET Request : url=https://randomuser.me/api 
 path_url=/api 
 headers={'User-Agent': 'python-requests/2.31.0', 'Accept-Encoding': 'gzip, deflate', 'Accept': '*/*', 'Connection': 'keep-alive'} 
 body=None 
 </msg>
<msg time="2024-03-30T09:12:23.392259" level="INFO">GET Response : url=https://randomuser.me/api 
 status=200, reason=OK 
 headers={'Date': 'Sat, 30 Mar 2024 09:12:23 GMT', 'Content-Type': 'application/json; charset=utf-8', 'Transfer-Encoding': 'chunked', 'Connection': 'keep-alive', 'X-Powered-By': 'Express', 'Access-Control-Allow-Origin': '*', 'Cache-Control': 'no-cache', 'ETag': 'W/"481-9HUn8QH5yOcH1McDWhj+0kqhqfI"', 'Vary': 'Accept-Encoding', 'Content-Encoding': 'gzip', 'CF-Cache-Status': 'DYNAMIC', 'Report-To': '{"endpoints":[{"url":"https:\\/\\/a.nel.cloudflare.com\\/report\\/v4?s=M5Yq18SPVGnlqUEqfcuBnrxwhBvifscTD%2BB27frZfBUkiro6T2NydkUl8xoywTwAeGtPNsg4bXBXG1tK7jvGbVyW%2FeDmCpTWBLqg0Bd1NsZAZ4ZQVc0r%2B1GW4Dt04kER"}],"group":"cf-nel","max_age":604800}', 'NEL': '{"success_fraction":0,"report_to":"cf-nel","max_age":604800}', 'Server': 'cloudflare', 'CF-RAY': '86c6fa499e492b84-LAX', 'alt-svc': 'h3=":443"; ma=86400'} 
 body={"results":[{"gender":"male","name":{"title":"Mr","first":"Sander","last":"Kristensen"},"location":{"street":{"number":9106,"name":"Lyngbakken"},"city":"Samsø","state":"Sjælland","country":"Denmark","postcode":95670,"coordinates":{"latitude":"-42.9798","longitude":"-153.3101"},"timezone":{"offset":"-1:00","description":"Azores, Cape Verde Islands"}},"email":"sander.kristensen@example.com","login":{"uuid":"c66e7bcf-db1b-4e20-956b-e35baedd0731","username":"happyostrich899","password":"evan","salt":"ZRhT6jaw","md5":"6ecf7cee355d26ad138867e973fd409f","sha1":"677fc5e6b41fbb4feffb914f88e9e4ad8ba77f5f","sha256":"9ce28abb2b77d8c0dc3445ab514802b01eb1bc879cb720f575cf2e3ba51d4db7"},"dob":{"date":"1958-10-26T20:21:06.051Z","age":65},"registered":{"date":"2009-06-06T11:56:20.375Z","age":14},"phone":"69880420","cell":"27514785","id":{"name":"CPR","value":"261058-3426"},"picture":{"large":"https://randomuser.me/api/portraits/men/73.jpg","medium":"https://randomuser.me/api/portraits/med/men/73.jpg","thumbnail":"https://randomuser.me/api/portraits/thumb/men/73.jpg"},"nat":"DK"}],"info":{"seed":"46e5f4df2c2df45b","results":1,"page":1,"version":"1.4"}} 
 </msg>
<msg time="2024-03-30T09:12:23.392355" level="INFO">/opt/hostedtoolcache/Python/3.12.2/x64/lib/python3.12/site-packages/urllib3/connectionpool.py:1103: InsecureRequestWarning: Unverified HTTPS request is being made to host 'randomuser.me'. Adding certificate verification is strongly advised. See: https://urllib3.readthedocs.io/en/latest/advanced-usage.html#tls-warnings
  warnings.warn(</msg>
<msg time="2024-03-30T09:12:23.392478" level="INFO">${response} = &lt;Response [200]&gt;</msg>
<var>${response}</var>
<arg>consultarAPI</arg>
<arg>/api</arg>
<doc>Sends a GET request on a previously created HTTP Session.</doc>
<status status="PASS" start="2024-03-30T09:12:23.292028" elapsed="0.100505"/>
</kw>
<kw name="Set Variable" owner="BuiltIn">
<msg time="2024-03-30T09:12:23.393719" level="INFO">${json_data} = {'results': [{'gender': 'male', 'name': {'title': 'Mr', 'first': 'Sander', 'last': 'Kristensen'}, 'location': {'street': {'number': 9106, 'name': 'Lyngbakken'}, 'city': 'Samsø', 'state': 'Sjælland', '...</msg>
<var>${json_data}</var>
<arg>${response.json()}</arg>
<doc>Returns the given values which can then be assigned to a variables.</doc>
<status status="PASS" start="2024-03-30T09:12:23.393079" elapsed="0.000676"/>
</kw>
<kw name="Log" owner="BuiltIn">
<msg time="2024-03-30T09:12:23.394217" level="INFO">{'results': [{'gender': 'male', 'name': {'title': 'Mr', 'first': 'Sander', 'last': 'Kristensen'}, 'location': {'street': {'number': 9106, 'name': 'Lyngbakken'}, 'city': 'Samsø', 'state': 'Sjælland', 'country': 'Denmark', 'postcode': 95670, 'coordinates': {'latitude': '-42.9798', 'longitude': '-153.3101'}, 'timezone': {'offset': '-1:00', 'description': 'Azores, Cape Verde Islands'}}, 'email': 'sander.kristensen@example.com', 'login': {'uuid': 'c66e7bcf-db1b-4e20-956b-e35baedd0731', 'username': 'happyostrich899', 'password': 'evan', 'salt': 'ZRhT6jaw', 'md5': '6ecf7cee355d26ad138867e973fd409f', 'sha1': '677fc5e6b41fbb4feffb914f88e9e4ad8ba77f5f', 'sha256': '9ce28abb2b77d8c0dc3445ab514802b01eb1bc879cb720f575cf2e3ba51d4db7'}, 'dob': {'date': '1958-10-26T20:21:06.051Z', 'age': 65}, 'registered': {'date': '2009-06-06T11:56:20.375Z', 'age': 14}, 'phone': '69880420', 'cell': '27514785', 'id': {'name': 'CPR', 'value': '261058-3426'}, 'picture': {'large': 'https://randomuser.me/api/portraits/men/73.jpg', 'medium': 'https://randomuser.me/api/portraits/med/men/73.jpg', 'thumbnail': 'https://randomuser.me/api/portraits/thumb/men/73.jpg'}, 'nat': 'DK'}], 'info': {'seed': '46e5f4df2c2df45b', 'results': 1, 'page': 1, 'version': '1.4'}}</msg>
<arg>${json_data}</arg>
<doc>Logs the given message with the given level.</doc>
<status status="PASS" start="2024-03-30T09:12:23.394063" elapsed="0.000232"/>
</kw>
<kw name="Should Be Equal As Numbers" owner="BuiltIn">
<arg>${json_data['results'][0]['location']['postcode']}</arg>
<arg>${json_data['results'][0]['location']['postcode']}</arg>
<doc>Fails if objects are unequal after converting them to real numbers.</doc>
<status status="PASS" start="2024-03-30T09:12:23.394596" elapsed="0.000617"/>
</kw>
<kw name="Log" owner="BuiltIn">
<msg time="2024-03-30T09:12:23.395743" level="INFO">95670</msg>
<arg>${json_data['results'][0]['location']['postcode']}</arg>
<doc>Logs the given message with the given level.</doc>
<status status="PASS" start="2024-03-30T09:12:23.395405" elapsed="0.000378"/>
</kw>
<status status="PASS" start="2024-03-30T09:12:23.291642" elapsed="0.104390"/>
</kw>
<doc>Testa se os tipos de dados na resposta da API estão corretos.</doc>
<tag>testeTiposDados</tag>
<status status="PASS" start="2024-03-30T09:12:23.185105" elapsed="0.211085"/>
</test>
<test id="s1-s1-t5" name="Validar conteudo" line="35">
<kw name="Teste de Tipos de Conteudo" owner="random-user-service">
<kw name="GET On Session" owner="RequestsLibrary">
<msg time="2024-03-30T09:12:23.499771" level="INFO">GET Request : url=https://randomuser.me/api 
 path_url=/api 
 headers={'User-Agent': 'python-requests/2.31.0', 'Accept-Encoding': 'gzip, deflate', 'Accept': '*/*', 'Connection': 'keep-alive'} 
 body=None 
 </msg>
<msg time="2024-03-30T09:12:23.499856" level="INFO">GET Response : url=https://randomuser.me/api 
 status=200, reason=OK 
 headers={'Date': 'Sat, 30 Mar 2024 09:12:23 GMT', 'Content-Type': 'application/json; charset=utf-8', 'Transfer-Encoding': 'chunked', 'Connection': 'keep-alive', 'X-Powered-By': 'Express', 'Access-Control-Allow-Origin': '*', 'Cache-Control': 'no-cache', 'ETag': 'W/"4a0-2Dk2TDNFRXKdIUcj0svJk6DeSnI"', 'Vary': 'Accept-Encoding', 'Content-Encoding': 'gzip', 'CF-Cache-Status': 'DYNAMIC', 'Report-To': '{"endpoints":[{"url":"https:\\/\\/a.nel.cloudflare.com\\/report\\/v4?s=VYr%2BpETHDRO5FOpQeYfNKM6xmLA%2BArnyIRYhaQs%2Biu2c1r1F49%2BfplHoxGdHVlNUGf6%2Bq%2B7B2lHhU%2F4%2FQ5n8NfHfaBcogcnV1DB2es3w4Lah6gbsXv4kYuWf0Vy%2FpzkW"}],"group":"cf-nel","max_age":604800}', 'NEL': '{"success_fraction":0,"report_to":"cf-nel","max_age":604800}', 'Server': 'cloudflare', 'CF-RAY': '86c6fa4a4eda2b84-LAX', 'alt-svc': 'h3=":443"; ma=86400'} 
 body={"results":[{"gender":"female","name":{"title":"Miss","first":"Serpil","last":"Gerhardt"},"location":{"street":{"number":2823,"name":"Heideweg"},"city":"Rauenberg","state":"Thüringen","country":"Germany","postcode":82126,"coordinates":{"latitude":"-50.8991","longitude":"176.5185"},"timezone":{"offset":"+9:00","description":"Tokyo, Seoul, Osaka, Sapporo, Yakutsk"}},"email":"serpil.gerhardt@example.com","login":{"uuid":"d34e46bf-c457-4c1e-a7e6-e6495dfabbfb","username":"greentiger488","password":"turtle","salt":"ttEWe4kD","md5":"ac961afca807b72545ecc1772b3653ad","sha1":"c8245a84a335c8b25a9ba60430e0779a292d553c","sha256":"0d10ecc5b1d0992b80cd29697f99d04aaeb08d80d38426eed1dcf7514a4ad130"},"dob":{"date":"1960-11-13T14:42:34.607Z","age":63},"registered":{"date":"2013-08-25T10:03:53.049Z","age":10},"phone":"0896-7697733","cell":"0176-8851313","id":{"name":"SVNR","value":"50 131160 G 730"},"picture":{"large":"https://randomuser.me/api/portraits/women/31.jpg","medium":"https://randomuser.me/api/portraits/med/women/31.jpg","thumbnail":"https://randomuser.me/api/portraits/thumb/women/31.jpg"},"nat":"DE"}],"info":{"seed":"bb643be275adaad0","results":1,"page":1,"version":"1.4"}} 
 </msg>
<msg time="2024-03-30T09:12:23.499933" level="INFO">/opt/hostedtoolcache/Python/3.12.2/x64/lib/python3.12/site-packages/urllib3/connectionpool.py:1103: InsecureRequestWarning: Unverified HTTPS request is being made to host 'randomuser.me'. Adding certificate verification is strongly advised. See: https://urllib3.readthedocs.io/en/latest/advanced-usage.html#tls-warnings
  warnings.warn(</msg>
<msg time="2024-03-30T09:12:23.500027" level="INFO">${response} = &lt;Response [200]&gt;</msg>
<var>${response}</var>
<arg>consultarAPI</arg>
<arg>/api</arg>
<doc>Sends a GET request on a previously created HTTP Session.</doc>
<status status="PASS" start="2024-03-30T09:12:23.398690" elapsed="0.101377"/>
</kw>
<kw name="Set Variable" owner="BuiltIn">
<msg time="2024-03-30T09:12:23.501181" level="INFO">${json_data} = {'results': [{'gender': 'female', 'name': {'title': 'Miss', 'first': 'Serpil', 'last': 'Gerhardt'}, 'location': {'street': {'number': 2823, 'name': 'Heideweg'}, 'city': 'Rauenberg', 'state': 'Thüringe...</msg>
<var>${json_data}</var>
<arg>${response.json()}</arg>
<doc>Returns the given values which can then be assigned to a variables.</doc>
<status status="PASS" start="2024-03-30T09:12:23.500560" elapsed="0.000651"/>
</kw>
<kw name="Set Variable" owner="BuiltIn">
<msg time="2024-03-30T09:12:23.501947" level="INFO">${name_title} = Miss</msg>
<var>${name_title}</var>
<arg>${json_data["results"][0]["name"]["title"]}</arg>
<doc>Returns the given values which can then be assigned to a variables.</doc>
<status status="PASS" start="2024-03-30T09:12:23.501519" elapsed="0.000454"/>
</kw>
<kw name="Create List" owner="BuiltIn">
<msg time="2024-03-30T09:12:23.502421" level="INFO">${allowed_titles} = ['Mr', 'Ms', 'Miss', 'Mrs', 'Madame', 'Monsieur']</msg>
<var>${allowed_titles}</var>
<arg>Mr</arg>
<arg>Ms</arg>
<arg>Miss</arg>
<arg>Mrs</arg>
<arg>Madame</arg>
<arg>Monsieur</arg>
<doc>Returns a list containing given items.</doc>
<status status="PASS" start="2024-03-30T09:12:23.502270" elapsed="0.000176"/>
</kw>
<kw name="List Should Contain Value" owner="Collections">
<msg time="2024-03-30T09:12:23.502926" level="INFO">False</msg>
<arg>${allowed_titles}</arg>
<arg>${name_title}</arg>
<doc>Fails if the ``value`` is not found from ``list``.</doc>
<status status="PASS" start="2024-03-30T09:12:23.502751" elapsed="0.000212"/>
</kw>
<kw name="Set Variable" owner="BuiltIn">
<msg time="2024-03-30T09:12:23.503641" level="INFO">${name_country} = DE</msg>
<var>${name_country}</var>
<arg>${json_data["results"][0]["nat"]}</arg>
<doc>Returns the given values which can then be assigned to a variables.</doc>
<status status="PASS" start="2024-03-30T09:12:23.503251" elapsed="0.000415"/>
</kw>
<kw name="Create List" owner="BuiltIn">
<msg time="2024-03-30T09:12:23.504588" level="INFO">${list_country} = ['AD', 'AE', 'AF', 'AG', 'AI', 'AL', 'AM', 'AO', 'AQ', 'AR', 'AS', 'AT', 'AU', 'AW', 'AX', 'AZ', 'BA', 'BB', 'BD', 'BE', 'BF', 'BG', 'BH', 'BI', 'BJ', 'BL', 'BM', 'BN', 'BO', 'BQ', 'BR', 'BS', 'BT', '...</msg>
<var>${list_country}</var>
<arg>AD</arg>
<arg>AE</arg>
<arg>AF</arg>
<arg>AG</arg>
<arg>AI</arg>
<arg>AL</arg>
<arg>AM</arg>
<arg>AO</arg>
<arg>AQ</arg>
<arg>AR</arg>
<arg>AS</arg>
<arg>AT</arg>
<arg>AU</arg>
<arg>AW</arg>
<arg>AX</arg>
<arg>AZ</arg>
<arg>BA</arg>
<arg>BB</arg>
<arg>BD</arg>
<arg>BE</arg>
<arg>BF</arg>
<arg>BG</arg>
<arg>BH</arg>
<arg>BI</arg>
<arg>BJ</arg>
<arg>BL</arg>
<arg>BM</arg>
<arg>BN</arg>
<arg>BO</arg>
<arg>BQ</arg>
<arg>BR</arg>
<arg>BS</arg>
<arg>BT</arg>
<arg>BV</arg>
<arg>BW</arg>
<arg>BY</arg>
<arg>BZ</arg>
<arg>CA</arg>
<arg>CC</arg>
<arg>CD</arg>
<arg>CF</arg>
<arg>CG</arg>
<arg>CH</arg>
<arg>CI</arg>
<arg>CK</arg>
<arg>CL</arg>
<arg>CM</arg>
<arg>CN</arg>
<arg>CO</arg>
<arg>CR</arg>
<arg>CU</arg>
<arg>CV</arg>
<arg>CW</arg>
<arg>CX</arg>
<arg>CY</arg>
<arg>CZ</arg>
<arg>DE</arg>
<arg>DJ</arg>
<arg>DK</arg>
<arg>DM</arg>
<arg>DO</arg>
<arg>DZ</arg>
<arg>EC</arg>
<arg>EE</arg>
<arg>EG</arg>
<arg>EH</arg>
<arg>ER</arg>
<arg>ES</arg>
<arg>ET</arg>
<arg>FI</arg>
<arg>FJ</arg>
<arg>FK</arg>
<arg>FM</arg>
<arg>FO</arg>
<arg>FR</arg>
<arg>GA</arg>
<arg>GB</arg>
<arg>GD</arg>
<arg>GE</arg>
<arg>GF</arg>
<arg>GG</arg>
<arg>GH</arg>
<arg>GI</arg>
<arg>GL</arg>
<arg>GM</arg>
<arg>GN</arg>
<arg>GP</arg>
<arg>GQ</arg>
<arg>GR</arg>
<arg>GS</arg>
<arg>GT</arg>
<arg>GU</arg>
<arg>GW</arg>
<arg>GY</arg>
<arg>HK</arg>
<arg>HM</arg>
<arg>HN</arg>
<arg>HR</arg>
<arg>HT</arg>
<arg>HU</arg>
<arg>ID</arg>
<arg>IE</arg>
<arg>IL</arg>
<arg>IM</arg>
<arg>IN</arg>
<arg>IO</arg>
<arg>IQ</arg>
<arg>IR</arg>
<arg>IS</arg>
<arg>IT</arg>
<arg>JE</arg>
<arg>JM</arg>
<arg>JO</arg>
<arg>JP</arg>
<arg>KE</arg>
<arg>KG</arg>
<arg>KH</arg>
<arg>KI</arg>
<arg>KM</arg>
<arg>KN</arg>
<arg>KP</arg>
<arg>KR</arg>
<arg>KW</arg>
<arg>KY</arg>
<arg>KZ</arg>
<arg>LA</arg>
<arg>LB</arg>
<arg>LC</arg>
<arg>LI</arg>
<arg>LK</arg>
<arg>LR</arg>
<arg>LS</arg>
<arg>LT</arg>
<arg>LU</arg>
<arg>LV</arg>
<arg>LY</arg>
<arg>MA</arg>
<arg>MC</arg>
<arg>MD</arg>
<arg>ME</arg>
<arg>MF</arg>
<arg>MG</arg>
<arg>MH</arg>
<arg>MK</arg>
<arg>ML</arg>
<arg>MM</arg>
<arg>MN</arg>
<arg>MO</arg>
<arg>MP</arg>
<arg>MQ</arg>
<arg>MR</arg>
<arg>MS</arg>
<arg>MT</arg>
<arg>MU</arg>
<arg>MV</arg>
<arg>MW</arg>
<arg>MX</arg>
<arg>MY</arg>
<arg>MZ</arg>
<arg>NA</arg>
<arg>NC</arg>
<arg>NE</arg>
<arg>NF</arg>
<arg>NG</arg>
<arg>NI</arg>
<arg>NL</arg>
<arg>NO</arg>
<arg>NP</arg>
<arg>NR</arg>
<arg>NU</arg>
<arg>NZ</arg>
<arg>OM</arg>
<arg>PA</arg>
<arg>PE</arg>
<arg>PF</arg>
<arg>PG</arg>
<arg>PH</arg>
<arg>PK</arg>
<arg>PL</arg>
<arg>PM</arg>
<arg>PN</arg>
<arg>PR</arg>
<arg>PS</arg>
<arg>PT</arg>
<arg>PW</arg>
<arg>PY</arg>
<arg>QA</arg>
<arg>RE</arg>
<arg>RO</arg>
<arg>RS</arg>
<arg>RU</arg>
<arg>RW</arg>
<arg>SA</arg>
<arg>SB</arg>
<arg>SC</arg>
<arg>SD</arg>
<arg>SE</arg>
<arg>SG</arg>
<arg>SH</arg>
<arg>SI</arg>
<arg>SJ</arg>
<arg>SK</arg>
<arg>SL</arg>
<arg>SM</arg>
<arg>SN</arg>
<arg>SO</arg>
<arg>SR</arg>
<arg>SS</arg>
<arg>ST</arg>
<arg>SV</arg>
<arg>SX</arg>
<arg>SY</arg>
<arg>SZ</arg>
<arg>TC</arg>
<arg>TD</arg>
<arg>TF</arg>
<arg>TG</arg>
<arg>TH</arg>
<arg>TJ</arg>
<arg>TK</arg>
<arg>TL</arg>
<arg>TM</arg>
<arg>TN</arg>
<arg>TO</arg>
<arg>TR</arg>
<arg>TT</arg>
<arg>TV</arg>
<arg>TW</arg>
<arg>TZ</arg>
<arg>UA</arg>
<arg>UG</arg>
<arg>UM</arg>
<arg>US</arg>
<arg>UY</arg>
<arg>UZ</arg>
<arg>VA</arg>
<arg>VC</arg>
<arg>VE</arg>
<arg>VG</arg>
<arg>VI</arg>
<arg>VN</arg>
<arg>VU</arg>
<arg>WF</arg>
<arg>WS</arg>
<arg>XK</arg>
<arg>YE</arg>
<arg>YT</arg>
<arg>ZA</arg>
<arg>ZM</arg>
<arg>ZW</arg>
<doc>Returns a list containing given items.</doc>
<status status="PASS" start="2024-03-30T09:12:23.503985" elapsed="0.000629"/>
</kw>
<kw name="List Should Contain Value" owner="Collections">
<msg time="2024-03-30T09:12:23.505745" level="INFO">False</msg>
<arg>${list_country}</arg>
<arg>${name_country}</arg>
<doc>Fails if the ``value`` is not found from ``list``.</doc>
<status status="PASS" start="2024-03-30T09:12:23.505496" elapsed="0.000288"/>
</kw>
<kw name="Run Keyword If" owner="BuiltIn">
<kw name="Should Be True" owner="BuiltIn">
<arg>${True}</arg>
<doc>Fails if the given condition is not true.</doc>
<status status="PASS" start="2024-03-30T09:12:23.506862" elapsed="0.000147"/>
</kw>
<arg>${json_data["results"][0]["location"]["coordinates"]["latitude"]} &gt;= -90 and ${json_data["results"][0]["location"]["coordinates"]["latitude"]} &lt;= 90</arg>
<arg>Should Be True</arg>
<arg>${True}</arg>
<doc>Runs the given keyword with the given arguments, if ``condition`` is true.</doc>
<status status="PASS" start="2024-03-30T09:12:23.506102" elapsed="0.001037"/>
</kw>
<kw name="Run Keyword If" owner="BuiltIn">
<kw name="Should Be True" owner="BuiltIn">
<arg>${True}</arg>
<doc>Fails if the given condition is not true.</doc>
<status status="PASS" start="2024-03-30T09:12:23.508040" elapsed="0.000139"/>
</kw>
<arg>${json_data["results"][0]["location"]["coordinates"]["longitude"]} &gt;= -180 and ${json_data["results"][0]["location"]["coordinates"]["longitude"]} &lt;= 180</arg>
<arg>Should Be True</arg>
<arg>${True}</arg>
<doc>Runs the given keyword with the given arguments, if ``condition`` is true.</doc>
<status status="PASS" start="2024-03-30T09:12:23.507325" elapsed="0.000979"/>
</kw>
<status status="PASS" start="2024-03-30T09:12:23.398467" elapsed="0.109968"/>
</kw>
<doc>Testa o conteúdo específico dos campos retornados pela API.</doc>
<tag>testeConteudo</tag>
<status status="PASS" start="2024-03-30T09:12:23.397941" elapsed="0.110641"/>
</test>
<status status="PASS" start="2024-03-30T09:12:22.431849" elapsed="1.078720"/>
</suite>
<status status="PASS" start="2024-03-30T09:12:22.415907" elapsed="1.100022"/>
</suite>
<statistics>
<total>
<stat pass="5" fail="0" skip="0">All Tests</stat>
</total>
<tag>
<stat pass="1" fail="0" skip="0">testeConteudo</stat>
<stat pass="1" fail="0" skip="0">testeEstruturaResposta</stat>
<stat pass="1" fail="0" skip="0">testeRequisicaoBasica</stat>
<stat pass="1" fail="0" skip="0">testeTiposDados</stat>
</tag>
<suite>
<stat pass="5" fail="0" skip="0" id="s1" name="Tests">Tests</stat>
<stat pass="5" fail="0" skip="0" id="s1-s1" name="Random-User-Test">Tests.Random-User-Test</stat>
</suite>
</statistics>
<errors>
</errors>
</robot>
