<?xml version="1.0" encoding="UTF-8"?>
<robot generator="Robot 7.0 (Python 3.12.3 on linux)" generated="2024-04-28T07:12:37.842141" rpa="false" schemaversion="5">
<suite id="s1" name="Tests" source="/home/runner/work/DesafioQAItauRogerioJordao/DesafioQAItauRogerioJordao/RamdonUser/tests">
<suite id="s1-s1" name="Random-User-Test" source="/home/runner/work/DesafioQAItauRogerioJordao/DesafioQAItauRogerioJordao/RamdonUser/tests/random-user-test.robot">
<test id="s1-s1-t1" name="Conectar" line="13">
<kw name="Conectar API" owner="random-user-service">
<kw name="Create Session" owner="RequestsLibrary">
<msg time="2024-04-28T07:12:38.199325" level="INFO">Creating Session using : alias=consultarAPI, url=https://randomuser.me/, headers={},                     cookies={}, auth=None, timeout=None, proxies=None, verify=False,                     debug=0 </msg>
<arg>consultarAPI</arg>
<arg>${URL}</arg>
<doc>Create Session: create a HTTP session to a server</doc>
<status status="PASS" start="2024-04-28T07:12:38.199126" elapsed="0.000377"/>
</kw>
<status status="PASS" start="2024-04-28T07:12:38.198169" elapsed="0.001686"/>
</kw>
<status status="PASS" start="2024-04-28T07:12:38.197623" elapsed="0.002428"/>
</test>
<test id="s1-s1-t2" name="Validar retorno 200 e JSON Válido" line="16">
<kw name="Teste de Requisicao Basica" owner="random-user-service">
<kw name="GET On Session" owner="RequestsLibrary">
<msg time="2024-04-28T07:12:38.422981" level="INFO">GET Request : url=https://randomuser.me/api 
 path_url=/api 
 headers={'User-Agent': 'python-requests/2.31.0', 'Accept-Encoding': 'gzip, deflate', 'Accept': '*/*', 'Connection': 'keep-alive'} 
 body=None 
 </msg>
<msg time="2024-04-28T07:12:38.423117" level="INFO">GET Response : url=https://randomuser.me/api 
 status=200, reason=OK 
 headers={'Date': 'Sun, 28 Apr 2024 07:12:38 GMT', 'Content-Type': 'application/json; charset=utf-8', 'Transfer-Encoding': 'chunked', 'Connection': 'keep-alive', 'X-Powered-By': 'Express', 'Access-Control-Allow-Origin': '*', 'Cache-Control': 'no-cache', 'ETag': 'W/"487-HiljueIpLcVHxIYUpdrBNbu6ef4"', 'Vary': 'Accept-Encoding', 'Content-Encoding': 'gzip', 'CF-Cache-Status': 'DYNAMIC', 'Report-To': '{"endpoints":[{"url":"https:\\/\\/a.nel.cloudflare.com\\/report\\/v4?s=G7ucDWONZ7iA%2FkLVVrk8Q2t3V7Fd%2FM8WxEwgJ6tnKDoDR77YdIls76DFoMORRlWa4L4VDO4I8tC%2B3OrSq8f6uOudNHbNU4hzapzcJXboYG2MFU9OTqYp6B32SFSIS9oG"}],"group":"cf-nel","max_age":604800}', 'NEL': '{"success_fraction":0,"report_to":"cf-nel","max_age":604800}', 'Server': 'cloudflare', 'CF-RAY': '87b53ebff9ea0664-IAD', 'alt-svc': 'h3=":443"; ma=86400'} 
 body={"results":[{"gender":"male","name":{"title":"Mr","first":"Erik","last":"Peterson"},"location":{"street":{"number":398,"name":"Homestead Rd"},"city":"Cairns","state":"Northern Territory","country":"Australia","postcode":7442,"coordinates":{"latitude":"-87.7656","longitude":"-179.1968"},"timezone":{"offset":"-11:00","description":"Midway Island, Samoa"}},"email":"erik.peterson@example.com","login":{"uuid":"5b00645f-5e9e-475b-b3ca-a3e559d9c050","username":"silvermouse685","password":"cheshire","salt":"u6K6CvRS","md5":"57ba3a7686d1637a80576b75dc764fff","sha1":"e98d29fb8f74cd731de36aea3036dea6066af5e8","sha256":"25a2d15f33ede86963c5c03e09113489680de32baf16a0f27c15e3b882b39559"},"dob":{"date":"1957-02-10T05:44:13.062Z","age":67},"registered":{"date":"2020-06-08T01:46:17.246Z","age":3},"phone":"03-6858-0304","cell":"0465-008-316","id":{"name":"TFN","value":"503864575"},"picture":{"large":"https://randomuser.me/api/portraits/men/33.jpg","medium":"https://randomuser.me/api/portraits/med/men/33.jpg","thumbnail":"https://randomuser.me/api/portraits/thumb/men/33.jpg"},"nat":"AU"}],"info":{"seed":"1bf1d94b211ffb85","results":1,"page":1,"version":"1.4"}} 
 </msg>
<msg time="2024-04-28T07:12:38.423193" level="INFO">/opt/hostedtoolcache/Python/3.12.3/x64/lib/python3.12/site-packages/urllib3/connectionpool.py:1103: InsecureRequestWarning: Unverified HTTPS request is being made to host 'randomuser.me'. Adding certificate verification is strongly advised. See: https://urllib3.readthedocs.io/en/latest/advanced-usage.html#tls-warnings
  warnings.warn(</msg>
<msg time="2024-04-28T07:12:38.423346" level="INFO">${response} = &lt;Response [200]&gt;</msg>
<var>${response}</var>
<arg>consultarAPI</arg>
<arg>/api</arg>
<doc>Sends a GET request on a previously created HTTP Session.</doc>
<status status="PASS" start="2024-04-28T07:12:38.202790" elapsed="0.220601"/>
</kw>
<kw name="Should Be Equal As Numbers" owner="BuiltIn">
<msg time="2024-04-28T07:12:38.424335" level="INFO">Argument types are:
&lt;class 'int'&gt;
&lt;class 'str'&gt;</msg>
<arg>${response.status_code}</arg>
<arg>200</arg>
<doc>Fails if objects are unequal after converting them to real numbers.</doc>
<status status="PASS" start="2024-04-28T07:12:38.423877" elapsed="0.000523"/>
</kw>
<kw name="Log" owner="BuiltIn">
<msg time="2024-04-28T07:12:38.425140" level="INFO">200</msg>
<arg>${response.status_code}</arg>
<doc>Logs the given message with the given level.</doc>
<status status="PASS" start="2024-04-28T07:12:38.424754" elapsed="0.000428"/>
</kw>
<kw name="Set Variable" owner="BuiltIn">
<msg time="2024-04-28T07:12:38.425931" level="INFO">${json_data} = {'results': [{'gender': 'male', 'name': {'title': 'Mr', 'first': 'Erik', 'last': 'Peterson'}, 'location': {'street': {'number': 398, 'name': 'Homestead Rd'}, 'city': 'Cairns', 'state': 'Northern Terri...</msg>
<var>${json_data}</var>
<arg>${response.json()}</arg>
<doc>Returns the given values which can then be assigned to a variables.</doc>
<status status="PASS" start="2024-04-28T07:12:38.425490" elapsed="0.000468"/>
</kw>
<kw name="Dictionary Should Contain Key" owner="Collections">
<msg time="2024-04-28T07:12:38.426459" level="INFO">False</msg>
<arg>${json_data}</arg>
<arg>results</arg>
<doc>Fails if ``key`` is not found from ``dictionary``.</doc>
<status status="PASS" start="2024-04-28T07:12:38.426292" elapsed="0.000205"/>
</kw>
<status status="PASS" start="2024-04-28T07:12:38.202538" elapsed="0.224223"/>
</kw>
<doc>Testa se a API responde corretamente e retorna um objeto JSON válido.</doc>
<tag>testeRequisicaoBasica</tag>
<status status="PASS" start="2024-04-28T07:12:38.201975" elapsed="0.224967"/>
</test>
<test id="s1-s1-t3" name="Validar estrutura de resposta" line="22">
<kw name="Teste de Estrutura de Resposta" owner="random-user-service">
<kw name="GET On Session" owner="RequestsLibrary">
<msg time="2024-04-28T07:12:38.530083" level="INFO">GET Request : url=https://randomuser.me/api 
 path_url=/api 
 headers={'User-Agent': 'python-requests/2.31.0', 'Accept-Encoding': 'gzip, deflate', 'Accept': '*/*', 'Connection': 'keep-alive'} 
 body=None 
 </msg>
<msg time="2024-04-28T07:12:38.530162" level="INFO">GET Response : url=https://randomuser.me/api 
 status=200, reason=OK 
 headers={'Date': 'Sun, 28 Apr 2024 07:12:38 GMT', 'Content-Type': 'application/json; charset=utf-8', 'Transfer-Encoding': 'chunked', 'Connection': 'keep-alive', 'X-Powered-By': 'Express', 'Access-Control-Allow-Origin': '*', 'Cache-Control': 'no-cache', 'ETag': 'W/"49e-dSw+h5Z4EXXZp+MCvbmsyr8a/C0"', 'Vary': 'Accept-Encoding', 'Content-Encoding': 'gzip', 'CF-Cache-Status': 'DYNAMIC', 'Report-To': '{"endpoints":[{"url":"https:\\/\\/a.nel.cloudflare.com\\/report\\/v4?s=MJ1poci9hXmFXx5AMkTb8LYbx%2FX7owdp97ZMvVxAGeMrwUEz0385XX1SVn9IqrmYcmHHcSNw%2F6f1sNKyb2FVHHBzQAyyqe3DcrIGegfbXGDxniGfNZK3SBmJwAY6gGVe"}],"group":"cf-nel","max_age":604800}', 'NEL': '{"success_fraction":0,"report_to":"cf-nel","max_age":604800}', 'Server': 'cloudflare', 'CF-RAY': '87b53ec03a170664-IAD', 'alt-svc': 'h3=":443"; ma=86400'} 
 body={"results":[{"gender":"male","name":{"title":"Mr","first":"Sükrü","last":"Maas"},"location":{"street":{"number":4121,"name":"Friedhofstraße"},"city":"Weiden I.D.Opf.","state":"Bayern","country":"Germany","postcode":60286,"coordinates":{"latitude":"-48.1440","longitude":"-127.7515"},"timezone":{"offset":"+9:00","description":"Tokyo, Seoul, Osaka, Sapporo, Yakutsk"}},"email":"sukru.maas@example.com","login":{"uuid":"e8d65e18-64d6-4cae-bc99-a9593a13111a","username":"organicmeercat714","password":"samantha","salt":"xpYyWP49","md5":"3d139dc4849544735615a7b67470cfd7","sha1":"26ccc8c4b31e1047bd439fcc0824d41b9f39be13","sha256":"1d26c94686467a38a809ccc062f3fc1398834f79d3ad497229d4697c29dc134a"},"dob":{"date":"1977-01-21T19:39:37.941Z","age":47},"registered":{"date":"2008-12-16T13:48:08.831Z","age":15},"phone":"0160-2100695","cell":"0170-4464799","id":{"name":"SVNR","value":"23 210177 M 364"},"picture":{"large":"https://randomuser.me/api/portraits/men/61.jpg","medium":"https://randomuser.me/api/portraits/med/men/61.jpg","thumbnail":"https://randomuser.me/api/portraits/thumb/men/61.jpg"},"nat":"DE"}],"info":{"seed":"4ea7ad0e3b1e72a2","results":1,"page":1,"version":"1.4"}} 
 </msg>
<msg time="2024-04-28T07:12:38.530274" level="INFO">/opt/hostedtoolcache/Python/3.12.3/x64/lib/python3.12/site-packages/urllib3/connectionpool.py:1103: InsecureRequestWarning: Unverified HTTPS request is being made to host 'randomuser.me'. Adding certificate verification is strongly advised. See: https://urllib3.readthedocs.io/en/latest/advanced-usage.html#tls-warnings
  warnings.warn(</msg>
<msg time="2024-04-28T07:12:38.530401" level="INFO">${response} = &lt;Response [200]&gt;</msg>
<var>${response}</var>
<arg>consultarAPI</arg>
<arg>/api</arg>
<doc>Sends a GET request on a previously created HTTP Session.</doc>
<status status="PASS" start="2024-04-28T07:12:38.429678" elapsed="0.100769"/>
</kw>
<kw name="Set Variable" owner="BuiltIn">
<msg time="2024-04-28T07:12:38.531365" level="INFO">${json_data} = {'results': [{'gender': 'male', 'name': {'title': 'Mr', 'first': 'Sükrü', 'last': 'Maas'}, 'location': {'street': {'number': 4121, 'name': 'Friedhofstraße'}, 'city': 'Weiden I.D.Opf.', 'state': 'Bayer...</msg>
<var>${json_data}</var>
<arg>${response.json()}</arg>
<doc>Returns the given values which can then be assigned to a variables.</doc>
<status status="PASS" start="2024-04-28T07:12:38.530869" elapsed="0.000526"/>
</kw>
<kw name="Log" owner="BuiltIn">
<msg time="2024-04-28T07:12:38.531862" level="INFO">{'results': [{'gender': 'male', 'name': {'title': 'Mr', 'first': 'Sükrü', 'last': 'Maas'}, 'location': {'street': {'number': 4121, 'name': 'Friedhofstraße'}, 'city': 'Weiden I.D.Opf.', 'state': 'Bayern', 'country': 'Germany', 'postcode': 60286, 'coordinates': {'latitude': '-48.1440', 'longitude': '-127.7515'}, 'timezone': {'offset': '+9:00', 'description': 'Tokyo, Seoul, Osaka, Sapporo, Yakutsk'}}, 'email': 'sukru.maas@example.com', 'login': {'uuid': 'e8d65e18-64d6-4cae-bc99-a9593a13111a', 'username': 'organicmeercat714', 'password': 'samantha', 'salt': 'xpYyWP49', 'md5': '3d139dc4849544735615a7b67470cfd7', 'sha1': '26ccc8c4b31e1047bd439fcc0824d41b9f39be13', 'sha256': '1d26c94686467a38a809ccc062f3fc1398834f79d3ad497229d4697c29dc134a'}, 'dob': {'date': '1977-01-21T19:39:37.941Z', 'age': 47}, 'registered': {'date': '2008-12-16T13:48:08.831Z', 'age': 15}, 'phone': '0160-2100695', 'cell': '0170-4464799', 'id': {'name': 'SVNR', 'value': '23 210177 M 364'}, 'picture': {'large': 'https://randomuser.me/api/portraits/men/61.jpg', 'medium': 'https://randomuser.me/api/portraits/med/men/61.jpg', 'thumbnail': 'https://randomuser.me/api/portraits/thumb/men/61.jpg'}, 'nat': 'DE'}], 'info': {'seed': '4ea7ad0e3b1e72a2', 'results': 1, 'page': 1, 'version': '1.4'}}</msg>
<arg>${json_data}</arg>
<doc>Logs the given message with the given level.</doc>
<status status="PASS" start="2024-04-28T07:12:38.531701" elapsed="0.000211"/>
</kw>
<kw name="Dictionary Should Contain Key" owner="Collections">
<msg time="2024-04-28T07:12:38.532358" level="INFO">False</msg>
<arg>${json_data}</arg>
<arg>results</arg>
<doc>Fails if ``key`` is not found from ``dictionary``.</doc>
<status status="PASS" start="2024-04-28T07:12:38.532205" elapsed="0.000190"/>
</kw>
<kw name="Should Not Be Empty" owner="BuiltIn">
<msg time="2024-04-28T07:12:38.532824" level="INFO">Length is 2.</msg>
<arg>${json_data}</arg>
<doc>Verifies that the given item is not empty.</doc>
<status status="PASS" start="2024-04-28T07:12:38.532684" elapsed="0.000181"/>
</kw>
<kw name="Create List" owner="BuiltIn">
<msg time="2024-04-28T07:12:38.533487" level="INFO">${expected_keys} = ['gender', 'name', 'location', 'email', 'login']</msg>
<var>${expected_keys}</var>
<arg>gender</arg>
<arg>name</arg>
<arg>location</arg>
<arg>email</arg>
<arg>login</arg>
<doc>Returns a list containing given items.</doc>
<status status="PASS" start="2024-04-28T07:12:38.533198" elapsed="0.000314"/>
</kw>
<for flavor="IN">
<iter>
<kw name="Dictionary Should Contain Key" owner="Collections">
<msg time="2024-04-28T07:12:38.534487" level="INFO">False</msg>
<arg>${json_data['results'][0]}</arg>
<arg>${key}</arg>
<doc>Fails if ``key`` is not found from ``dictionary``.</doc>
<status status="PASS" start="2024-04-28T07:12:38.534092" elapsed="0.000433"/>
</kw>
<kw name="Log" owner="BuiltIn">
<msg time="2024-04-28T07:12:38.535188" level="INFO">{'gender': 'male', 'name': {'title': 'Mr', 'first': 'Sükrü', 'last': 'Maas'}, 'location': {'street': {'number': 4121, 'name': 'Friedhofstraße'}, 'city': 'Weiden I.D.Opf.', 'state': 'Bayern', 'country': 'Germany', 'postcode': 60286, 'coordinates': {'latitude': '-48.1440', 'longitude': '-127.7515'}, 'timezone': {'offset': '+9:00', 'description': 'Tokyo, Seoul, Osaka, Sapporo, Yakutsk'}}, 'email': 'sukru.maas@example.com', 'login': {'uuid': 'e8d65e18-64d6-4cae-bc99-a9593a13111a', 'username': 'organicmeercat714', 'password': 'samantha', 'salt': 'xpYyWP49', 'md5': '3d139dc4849544735615a7b67470cfd7', 'sha1': '26ccc8c4b31e1047bd439fcc0824d41b9f39be13', 'sha256': '1d26c94686467a38a809ccc062f3fc1398834f79d3ad497229d4697c29dc134a'}, 'dob': {'date': '1977-01-21T19:39:37.941Z', 'age': 47}, 'registered': {'date': '2008-12-16T13:48:08.831Z', 'age': 15}, 'phone': '0160-2100695', 'cell': '0170-4464799', 'id': {'name': 'SVNR', 'value': '23 210177 M 364'}, 'picture': {'large': 'https://randomuser.me/api/portraits/men/61.jpg', 'medium': 'https://randomuser.me/api/portraits/med/men/61.jpg', 'thumbnail': 'https://randomuser.me/api/portraits/thumb/men/61.jpg'}, 'nat': 'DE'}</msg>
<arg>${json_data['results'][0]}</arg>
<doc>Logs the given message with the given level.</doc>
<status status="PASS" start="2024-04-28T07:12:38.534824" elapsed="0.000414"/>
</kw>
<kw name="Log" owner="BuiltIn">
<msg time="2024-04-28T07:12:38.535659" level="INFO">gender</msg>
<arg>${key}</arg>
<doc>Logs the given message with the given level.</doc>
<status status="PASS" start="2024-04-28T07:12:38.535532" elapsed="0.000163"/>
</kw>
<var name="${key}">gender</var>
<status status="PASS" start="2024-04-28T07:12:38.533969" elapsed="0.001938"/>
</iter>
<iter>
<kw name="Dictionary Should Contain Key" owner="Collections">
<msg time="2024-04-28T07:12:38.536590" level="INFO">False</msg>
<arg>${json_data['results'][0]}</arg>
<arg>${key}</arg>
<doc>Fails if ``key`` is not found from ``dictionary``.</doc>
<status status="PASS" start="2024-04-28T07:12:38.536204" elapsed="0.000423"/>
</kw>
<kw name="Log" owner="BuiltIn">
<msg time="2024-04-28T07:12:38.537326" level="INFO">{'gender': 'male', 'name': {'title': 'Mr', 'first': 'Sükrü', 'last': 'Maas'}, 'location': {'street': {'number': 4121, 'name': 'Friedhofstraße'}, 'city': 'Weiden I.D.Opf.', 'state': 'Bayern', 'country': 'Germany', 'postcode': 60286, 'coordinates': {'latitude': '-48.1440', 'longitude': '-127.7515'}, 'timezone': {'offset': '+9:00', 'description': 'Tokyo, Seoul, Osaka, Sapporo, Yakutsk'}}, 'email': 'sukru.maas@example.com', 'login': {'uuid': 'e8d65e18-64d6-4cae-bc99-a9593a13111a', 'username': 'organicmeercat714', 'password': 'samantha', 'salt': 'xpYyWP49', 'md5': '3d139dc4849544735615a7b67470cfd7', 'sha1': '26ccc8c4b31e1047bd439fcc0824d41b9f39be13', 'sha256': '1d26c94686467a38a809ccc062f3fc1398834f79d3ad497229d4697c29dc134a'}, 'dob': {'date': '1977-01-21T19:39:37.941Z', 'age': 47}, 'registered': {'date': '2008-12-16T13:48:08.831Z', 'age': 15}, 'phone': '0160-2100695', 'cell': '0170-4464799', 'id': {'name': 'SVNR', 'value': '23 210177 M 364'}, 'picture': {'large': 'https://randomuser.me/api/portraits/men/61.jpg', 'medium': 'https://randomuser.me/api/portraits/med/men/61.jpg', 'thumbnail': 'https://randomuser.me/api/portraits/thumb/men/61.jpg'}, 'nat': 'DE'}</msg>
<arg>${json_data['results'][0]}</arg>
<doc>Logs the given message with the given level.</doc>
<status status="PASS" start="2024-04-28T07:12:38.536963" elapsed="0.000413"/>
</kw>
<kw name="Log" owner="BuiltIn">
<msg time="2024-04-28T07:12:38.537800" level="INFO">name</msg>
<arg>${key}</arg>
<doc>Logs the given message with the given level.</doc>
<status status="PASS" start="2024-04-28T07:12:38.537674" elapsed="0.000163"/>
</kw>
<var name="${key}">name</var>
<status status="PASS" start="2024-04-28T07:12:38.536090" elapsed="0.001957"/>
</iter>
<iter>
<kw name="Dictionary Should Contain Key" owner="Collections">
<msg time="2024-04-28T07:12:38.538728" level="INFO">False</msg>
<arg>${json_data['results'][0]}</arg>
<arg>${key}</arg>
<doc>Fails if ``key`` is not found from ``dictionary``.</doc>
<status status="PASS" start="2024-04-28T07:12:38.538344" elapsed="0.000421"/>
</kw>
<kw name="Log" owner="BuiltIn">
<msg time="2024-04-28T07:12:38.539433" level="INFO">{'gender': 'male', 'name': {'title': 'Mr', 'first': 'Sükrü', 'last': 'Maas'}, 'location': {'street': {'number': 4121, 'name': 'Friedhofstraße'}, 'city': 'Weiden I.D.Opf.', 'state': 'Bayern', 'country': 'Germany', 'postcode': 60286, 'coordinates': {'latitude': '-48.1440', 'longitude': '-127.7515'}, 'timezone': {'offset': '+9:00', 'description': 'Tokyo, Seoul, Osaka, Sapporo, Yakutsk'}}, 'email': 'sukru.maas@example.com', 'login': {'uuid': 'e8d65e18-64d6-4cae-bc99-a9593a13111a', 'username': 'organicmeercat714', 'password': 'samantha', 'salt': 'xpYyWP49', 'md5': '3d139dc4849544735615a7b67470cfd7', 'sha1': '26ccc8c4b31e1047bd439fcc0824d41b9f39be13', 'sha256': '1d26c94686467a38a809ccc062f3fc1398834f79d3ad497229d4697c29dc134a'}, 'dob': {'date': '1977-01-21T19:39:37.941Z', 'age': 47}, 'registered': {'date': '2008-12-16T13:48:08.831Z', 'age': 15}, 'phone': '0160-2100695', 'cell': '0170-4464799', 'id': {'name': 'SVNR', 'value': '23 210177 M 364'}, 'picture': {'large': 'https://randomuser.me/api/portraits/men/61.jpg', 'medium': 'https://randomuser.me/api/portraits/med/men/61.jpg', 'thumbnail': 'https://randomuser.me/api/portraits/thumb/men/61.jpg'}, 'nat': 'DE'}</msg>
<arg>${json_data['results'][0]}</arg>
<doc>Logs the given message with the given level.</doc>
<status status="PASS" start="2024-04-28T07:12:38.539061" elapsed="0.000421"/>
</kw>
<kw name="Log" owner="BuiltIn">
<msg time="2024-04-28T07:12:38.539901" level="INFO">location</msg>
<arg>${key}</arg>
<doc>Logs the given message with the given level.</doc>
<status status="PASS" start="2024-04-28T07:12:38.539776" elapsed="0.000163"/>
</kw>
<var name="${key}">location</var>
<status status="PASS" start="2024-04-28T07:12:38.538233" elapsed="0.001919"/>
</iter>
<iter>
<kw name="Dictionary Should Contain Key" owner="Collections">
<msg time="2024-04-28T07:12:38.540813" level="INFO">False</msg>
<arg>${json_data['results'][0]}</arg>
<arg>${key}</arg>
<doc>Fails if ``key`` is not found from ``dictionary``.</doc>
<status status="PASS" start="2024-04-28T07:12:38.540430" elapsed="0.000419"/>
</kw>
<kw name="Log" owner="BuiltIn">
<msg time="2024-04-28T07:12:38.541546" level="INFO">{'gender': 'male', 'name': {'title': 'Mr', 'first': 'Sükrü', 'last': 'Maas'}, 'location': {'street': {'number': 4121, 'name': 'Friedhofstraße'}, 'city': 'Weiden I.D.Opf.', 'state': 'Bayern', 'country': 'Germany', 'postcode': 60286, 'coordinates': {'latitude': '-48.1440', 'longitude': '-127.7515'}, 'timezone': {'offset': '+9:00', 'description': 'Tokyo, Seoul, Osaka, Sapporo, Yakutsk'}}, 'email': 'sukru.maas@example.com', 'login': {'uuid': 'e8d65e18-64d6-4cae-bc99-a9593a13111a', 'username': 'organicmeercat714', 'password': 'samantha', 'salt': 'xpYyWP49', 'md5': '3d139dc4849544735615a7b67470cfd7', 'sha1': '26ccc8c4b31e1047bd439fcc0824d41b9f39be13', 'sha256': '1d26c94686467a38a809ccc062f3fc1398834f79d3ad497229d4697c29dc134a'}, 'dob': {'date': '1977-01-21T19:39:37.941Z', 'age': 47}, 'registered': {'date': '2008-12-16T13:48:08.831Z', 'age': 15}, 'phone': '0160-2100695', 'cell': '0170-4464799', 'id': {'name': 'SVNR', 'value': '23 210177 M 364'}, 'picture': {'large': 'https://randomuser.me/api/portraits/men/61.jpg', 'medium': 'https://randomuser.me/api/portraits/med/men/61.jpg', 'thumbnail': 'https://randomuser.me/api/portraits/thumb/men/61.jpg'}, 'nat': 'DE'}</msg>
<arg>${json_data['results'][0]}</arg>
<doc>Logs the given message with the given level.</doc>
<status status="PASS" start="2024-04-28T07:12:38.541183" elapsed="0.000413"/>
</kw>
<kw name="Log" owner="BuiltIn">
<msg time="2024-04-28T07:12:38.542019" level="INFO">email</msg>
<arg>${key}</arg>
<doc>Logs the given message with the given level.</doc>
<status status="PASS" start="2024-04-28T07:12:38.541892" elapsed="0.000164"/>
</kw>
<var name="${key}">email</var>
<status status="PASS" start="2024-04-28T07:12:38.540320" elapsed="0.001949"/>
</iter>
<iter>
<kw name="Dictionary Should Contain Key" owner="Collections">
<msg time="2024-04-28T07:12:38.542935" level="INFO">False</msg>
<arg>${json_data['results'][0]}</arg>
<arg>${key}</arg>
<doc>Fails if ``key`` is not found from ``dictionary``.</doc>
<status status="PASS" start="2024-04-28T07:12:38.542548" elapsed="0.000425"/>
</kw>
<kw name="Log" owner="BuiltIn">
<msg time="2024-04-28T07:12:38.543631" level="INFO">{'gender': 'male', 'name': {'title': 'Mr', 'first': 'Sükrü', 'last': 'Maas'}, 'location': {'street': {'number': 4121, 'name': 'Friedhofstraße'}, 'city': 'Weiden I.D.Opf.', 'state': 'Bayern', 'country': 'Germany', 'postcode': 60286, 'coordinates': {'latitude': '-48.1440', 'longitude': '-127.7515'}, 'timezone': {'offset': '+9:00', 'description': 'Tokyo, Seoul, Osaka, Sapporo, Yakutsk'}}, 'email': 'sukru.maas@example.com', 'login': {'uuid': 'e8d65e18-64d6-4cae-bc99-a9593a13111a', 'username': 'organicmeercat714', 'password': 'samantha', 'salt': 'xpYyWP49', 'md5': '3d139dc4849544735615a7b67470cfd7', 'sha1': '26ccc8c4b31e1047bd439fcc0824d41b9f39be13', 'sha256': '1d26c94686467a38a809ccc062f3fc1398834f79d3ad497229d4697c29dc134a'}, 'dob': {'date': '1977-01-21T19:39:37.941Z', 'age': 47}, 'registered': {'date': '2008-12-16T13:48:08.831Z', 'age': 15}, 'phone': '0160-2100695', 'cell': '0170-4464799', 'id': {'name': 'SVNR', 'value': '23 210177 M 364'}, 'picture': {'large': 'https://randomuser.me/api/portraits/men/61.jpg', 'medium': 'https://randomuser.me/api/portraits/med/men/61.jpg', 'thumbnail': 'https://randomuser.me/api/portraits/thumb/men/61.jpg'}, 'nat': 'DE'}</msg>
<arg>${json_data['results'][0]}</arg>
<doc>Logs the given message with the given level.</doc>
<status status="PASS" start="2024-04-28T07:12:38.543264" elapsed="0.000417"/>
</kw>
<kw name="Log" owner="BuiltIn">
<msg time="2024-04-28T07:12:38.544099" level="INFO">login</msg>
<arg>${key}</arg>
<doc>Logs the given message with the given level.</doc>
<status status="PASS" start="2024-04-28T07:12:38.543973" elapsed="0.000163"/>
</kw>
<var name="${key}">login</var>
<status status="PASS" start="2024-04-28T07:12:38.542438" elapsed="0.001936"/>
</iter>
<var>${key}</var>
<value>@{expected_keys}</value>
<status status="PASS" start="2024-04-28T07:12:38.533780" elapsed="0.010716"/>
</for>
<kw name="Create List" owner="BuiltIn">
<msg time="2024-04-28T07:12:38.544820" level="INFO">${expected_keysTwo} = ['username', 'password']</msg>
<var>${expected_keysTwo}</var>
<arg>username</arg>
<arg>password</arg>
<doc>Returns a list containing given items.</doc>
<status status="PASS" start="2024-04-28T07:12:38.544685" elapsed="0.000159"/>
</kw>
<for flavor="IN">
<iter>
<kw name="Dictionary Should Contain Key" owner="Collections">
<msg time="2024-04-28T07:12:38.545759" level="INFO">False</msg>
<arg>${json_data['results'][0]['login']}</arg>
<arg>${keyTwo}</arg>
<doc>Fails if ``key`` is not found from ``dictionary``.</doc>
<status status="PASS" start="2024-04-28T07:12:38.545363" elapsed="0.000433"/>
</kw>
<kw name="Dictionary Should Contain Key" owner="Collections">
<msg time="2024-04-28T07:12:38.546464" level="INFO">False</msg>
<arg>${json_data['results'][0]['login']}</arg>
<arg>${keyTwo}</arg>
<doc>Fails if ``key`` is not found from ``dictionary``.</doc>
<status status="PASS" start="2024-04-28T07:12:38.546089" elapsed="0.000411"/>
</kw>
<kw name="Log" owner="BuiltIn">
<msg time="2024-04-28T07:12:38.546909" level="INFO">username</msg>
<arg>${keyTwo}</arg>
<doc>Logs the given message with the given level.</doc>
<status status="PASS" start="2024-04-28T07:12:38.546785" elapsed="0.000166"/>
</kw>
<var name="${keyTwo}">username</var>
<status status="PASS" start="2024-04-28T07:12:38.545254" elapsed="0.001910"/>
</iter>
<iter>
<kw name="Dictionary Should Contain Key" owner="Collections">
<msg time="2024-04-28T07:12:38.547823" level="INFO">False</msg>
<arg>${json_data['results'][0]['login']}</arg>
<arg>${keyTwo}</arg>
<doc>Fails if ``key`` is not found from ``dictionary``.</doc>
<status status="PASS" start="2024-04-28T07:12:38.547441" elapsed="0.000423"/>
</kw>
<kw name="Dictionary Should Contain Key" owner="Collections">
<msg time="2024-04-28T07:12:38.548620" level="INFO">False</msg>
<arg>${json_data['results'][0]['login']}</arg>
<arg>${keyTwo}</arg>
<doc>Fails if ``key`` is not found from ``dictionary``.</doc>
<status status="PASS" start="2024-04-28T07:12:38.548153" elapsed="0.000505"/>
</kw>
<kw name="Log" owner="BuiltIn">
<msg time="2024-04-28T07:12:38.549101" level="INFO">password</msg>
<arg>${keyTwo}</arg>
<doc>Logs the given message with the given level.</doc>
<status status="PASS" start="2024-04-28T07:12:38.548971" elapsed="0.000167"/>
</kw>
<var name="${keyTwo}">password</var>
<status status="PASS" start="2024-04-28T07:12:38.547332" elapsed="0.002028"/>
</iter>
<var>${keyTwo}</var>
<value>@{expected_keysTwo}</value>
<status status="PASS" start="2024-04-28T07:12:38.545102" elapsed="0.004376"/>
</for>
<status status="PASS" start="2024-04-28T07:12:38.429437" elapsed="0.120177"/>
</kw>
<doc>Testa a estrutura da resposta da API.</doc>
<tag>testeEstruturaResposta</tag>
<status status="PASS" start="2024-04-28T07:12:38.428813" elapsed="0.120949"/>
</test>
<test id="s1-s1-t4" name="Validar tipos de dados" line="28">
<kw name="Teste de Tipos de Dados" owner="random-user-service">
<kw name="GET On Session" owner="RequestsLibrary">
<msg time="2024-04-28T07:12:38.625821" level="INFO">GET Request : url=https://randomuser.me/api 
 path_url=/api 
 headers={'User-Agent': 'python-requests/2.31.0', 'Accept-Encoding': 'gzip, deflate', 'Accept': '*/*', 'Connection': 'keep-alive'} 
 body=None 
 </msg>
<msg time="2024-04-28T07:12:38.625900" level="INFO">GET Response : url=https://randomuser.me/api 
 status=200, reason=OK 
 headers={'Date': 'Sun, 28 Apr 2024 07:12:38 GMT', 'Content-Type': 'application/json; charset=utf-8', 'Transfer-Encoding': 'chunked', 'Connection': 'keep-alive', 'X-Powered-By': 'Express', 'Access-Control-Allow-Origin': '*', 'Cache-Control': 'no-cache', 'ETag': 'W/"488-1K/sBD9Q6WGMAuOO47FVLHE+4zM"', 'Vary': 'Accept-Encoding', 'Content-Encoding': 'gzip', 'CF-Cache-Status': 'DYNAMIC', 'Report-To': '{"endpoints":[{"url":"https:\\/\\/a.nel.cloudflare.com\\/report\\/v4?s=v982CN7NURByXem1%2FIEx1QiJ4e1Cr2Y2L1o9kfhsYFJ5q3%2F8hiXsDaNCoKRRD4OIu0gZaHlL1wiztc3w22OpsrFHZrGPrXGSb45Ud%2Boj1XrY3MOxUTrJ1CIt4SKOiCu0"}],"group":"cf-nel","max_age":604800}', 'NEL': '{"success_fraction":0,"report_to":"cf-nel","max_age":604800}', 'Server': 'cloudflare', 'CF-RAY': '87b53ec0fa790664-IAD', 'alt-svc': 'h3=":443"; ma=86400'} 
 body={"results":[{"gender":"male","name":{"title":"Mr","first":"Erdinç","last":"Marijt"},"location":{"street":{"number":2660,"name":"Alfons Arienslaan"},"city":"Lobith","state":"Limburg","country":"Netherlands","postcode":"4665 NW","coordinates":{"latitude":"32.7499","longitude":"-6.3842"},"timezone":{"offset":"+7:00","description":"Bangkok, Hanoi, Jakarta"}},"email":"erdinc.marijt@example.com","login":{"uuid":"47d4077a-a33a-4a78-a516-b9707322baf0","username":"biggorilla743","password":"football1","salt":"MnpOMBF3","md5":"d8cd610661ebd82cfb2e77cde2ced3c9","sha1":"e5b554d520c02aa824b0c644480f6fa5ad2816a2","sha256":"d2669c4cf14773fe48bae694916cd62271a4e0ea66e80fa5a3aa580da671c5af"},"dob":{"date":"1977-08-25T20:59:23.958Z","age":46},"registered":{"date":"2011-10-28T04:59:31.815Z","age":12},"phone":"(0111) 963510","cell":"(06) 57848471","id":{"name":"BSN","value":"55206625"},"picture":{"large":"https://randomuser.me/api/portraits/men/3.jpg","medium":"https://randomuser.me/api/portraits/med/men/3.jpg","thumbnail":"https://randomuser.me/api/portraits/thumb/men/3.jpg"},"nat":"NL"}],"info":{"seed":"1c0968abd58c5e6e","results":1,"page":1,"version":"1.4"}} 
 </msg>
<msg time="2024-04-28T07:12:38.625969" level="INFO">/opt/hostedtoolcache/Python/3.12.3/x64/lib/python3.12/site-packages/urllib3/connectionpool.py:1103: InsecureRequestWarning: Unverified HTTPS request is being made to host 'randomuser.me'. Adding certificate verification is strongly advised. See: https://urllib3.readthedocs.io/en/latest/advanced-usage.html#tls-warnings
  warnings.warn(</msg>
<msg time="2024-04-28T07:12:38.626094" level="INFO">${response} = &lt;Response [200]&gt;</msg>
<var>${response}</var>
<arg>consultarAPI</arg>
<arg>/api</arg>
<doc>Sends a GET request on a previously created HTTP Session.</doc>
<status status="PASS" start="2024-04-28T07:12:38.552281" elapsed="0.073849"/>
</kw>
<kw name="Set Variable" owner="BuiltIn">
<msg time="2024-04-28T07:12:38.626934" level="INFO">${json_data} = {'results': [{'gender': 'male', 'name': {'title': 'Mr', 'first': 'Erdinç', 'last': 'Marijt'}, 'location': {'street': {'number': 2660, 'name': 'Alfons Arienslaan'}, 'city': 'Lobith', 'state': 'Limburg'...</msg>
<var>${json_data}</var>
<arg>${response.json()}</arg>
<doc>Returns the given values which can then be assigned to a variables.</doc>
<status status="PASS" start="2024-04-28T07:12:38.626489" elapsed="0.000474"/>
</kw>
<kw name="Log" owner="BuiltIn">
<msg time="2024-04-28T07:12:38.627427" level="INFO">{'results': [{'gender': 'male', 'name': {'title': 'Mr', 'first': 'Erdinç', 'last': 'Marijt'}, 'location': {'street': {'number': 2660, 'name': 'Alfons Arienslaan'}, 'city': 'Lobith', 'state': 'Limburg', 'country': 'Netherlands', 'postcode': '4665 NW', 'coordinates': {'latitude': '32.7499', 'longitude': '-6.3842'}, 'timezone': {'offset': '+7:00', 'description': 'Bangkok, Hanoi, Jakarta'}}, 'email': 'erdinc.marijt@example.com', 'login': {'uuid': '47d4077a-a33a-4a78-a516-b9707322baf0', 'username': 'biggorilla743', 'password': 'football1', 'salt': 'MnpOMBF3', 'md5': 'd8cd610661ebd82cfb2e77cde2ced3c9', 'sha1': 'e5b554d520c02aa824b0c644480f6fa5ad2816a2', 'sha256': 'd2669c4cf14773fe48bae694916cd62271a4e0ea66e80fa5a3aa580da671c5af'}, 'dob': {'date': '1977-08-25T20:59:23.958Z', 'age': 46}, 'registered': {'date': '2011-10-28T04:59:31.815Z', 'age': 12}, 'phone': '(0111) 963510', 'cell': '(06) 57848471', 'id': {'name': 'BSN', 'value': '55206625'}, 'picture': {'large': 'https://randomuser.me/api/portraits/men/3.jpg', 'medium': 'https://randomuser.me/api/portraits/med/men/3.jpg', 'thumbnail': 'https://randomuser.me/api/portraits/thumb/men/3.jpg'}, 'nat': 'NL'}], 'info': {'seed': '1c0968abd58c5e6e', 'results': 1, 'page': 1, 'version': '1.4'}}</msg>
<arg>${json_data}</arg>
<doc>Logs the given message with the given level.</doc>
<status status="PASS" start="2024-04-28T07:12:38.627266" elapsed="0.000243"/>
</kw>
<kw name="Should Be String" owner="String">
<arg>${json_data['results'][0]['gender']}</arg>
<doc>Fails if the given ``item`` is not a string.</doc>
<status status="PASS" start="2024-04-28T07:12:38.627808" elapsed="0.000353"/>
</kw>
<kw name="Should Match Regexp" owner="BuiltIn">
<arg>${json_data['results'][0]['email']}</arg>
<arg>^[a-zA-Z0-9._%+-]+@[a-zA-Z0-9.-]+\.[a-zA-Z]{2,}$</arg>
<doc>Fails if ``string`` does not match ``pattern`` as a regular expression.</doc>
<status status="PASS" start="2024-04-28T07:12:38.628351" elapsed="0.000515"/>
</kw>
<kw name="Should Match Regexp" owner="BuiltIn">
<arg>${json_data['results'][0]['dob']['date']}</arg>
<arg>\\d{4}-\\d{2}-\\d{2}T\\d{2}:\\d{2}:\\d{2}\\.\\d{3}Z</arg>
<doc>Fails if ``string`` does not match ``pattern`` as a regular expression.</doc>
<status status="PASS" start="2024-04-28T07:12:38.629105" elapsed="0.000489"/>
</kw>
<kw name="Should Match Regexp" owner="BuiltIn">
<arg>${json_data['results'][0]['registered']['date']}</arg>
<arg>\\d{4}-\\d{2}-\\d{2}T\\d{2}:\\d{2}:\\d{2}\\.\\d{3}Z</arg>
<doc>Fails if ``string`` does not match ``pattern`` as a regular expression.</doc>
<status status="PASS" start="2024-04-28T07:12:38.629787" elapsed="0.000371"/>
</kw>
<kw name="Should Match Regexp" owner="BuiltIn">
<arg>${json_data['results'][0]['picture']['large']}</arg>
<arg>^https?://.*\.(?:png|jpe?g|gif|bmp)$</arg>
<doc>Fails if ``string`` does not match ``pattern`` as a regular expression.</doc>
<status status="PASS" start="2024-04-28T07:12:38.630343" elapsed="0.000456"/>
</kw>
<kw name="Should Match Regexp" owner="BuiltIn">
<arg>${json_data['results'][0]['picture']['medium']}</arg>
<arg>^https?://.*\.(?:png|jpe?g|gif|bmp)$</arg>
<doc>Fails if ``string`` does not match ``pattern`` as a regular expression.</doc>
<status status="PASS" start="2024-04-28T07:12:38.630992" elapsed="0.000361"/>
</kw>
<kw name="Should Match Regexp" owner="BuiltIn">
<arg>${json_data['results'][0]['picture']['thumbnail']}</arg>
<arg>^https?://.*\.(?:png|jpe?g|gif|bmp)$</arg>
<doc>Fails if ``string`` does not match ``pattern`` as a regular expression.</doc>
<status status="PASS" start="2024-04-28T07:12:38.631541" elapsed="0.000358"/>
</kw>
<kw name="Log" owner="BuiltIn">
<msg time="2024-04-28T07:12:38.632405" level="INFO">{'large': 'https://randomuser.me/api/portraits/men/3.jpg', 'medium': 'https://randomuser.me/api/portraits/med/men/3.jpg', 'thumbnail': 'https://randomuser.me/api/portraits/thumb/men/3.jpg'}</msg>
<arg>${json_data['results'][0]['picture']}</arg>
<doc>Logs the given message with the given level.</doc>
<status status="PASS" start="2024-04-28T07:12:38.632083" elapsed="0.000363"/>
</kw>
<status status="PASS" start="2024-04-28T07:12:38.552054" elapsed="0.080643"/>
</kw>
<kw name="Teste de Tipos de Dados - Postcode" owner="random-user-service">
<kw name="GET On Session" owner="RequestsLibrary">
<msg time="2024-04-28T07:12:38.726934" level="INFO">GET Request : url=https://randomuser.me/api 
 path_url=/api 
 headers={'User-Agent': 'python-requests/2.31.0', 'Accept-Encoding': 'gzip, deflate', 'Accept': '*/*', 'Connection': 'keep-alive'} 
 body=None 
 </msg>
<msg time="2024-04-28T07:12:38.727009" level="INFO">GET Response : url=https://randomuser.me/api 
 status=200, reason=OK 
 headers={'Date': 'Sun, 28 Apr 2024 07:12:38 GMT', 'Content-Type': 'application/json; charset=utf-8', 'Transfer-Encoding': 'chunked', 'Connection': 'keep-alive', 'X-Powered-By': 'Express', 'Access-Control-Allow-Origin': '*', 'Cache-Control': 'no-cache', 'ETag': 'W/"48a-ngAwe/Nt2Q5Nf245IZ5JWdfDwsk"', 'Vary': 'Accept-Encoding', 'Content-Encoding': 'gzip', 'CF-Cache-Status': 'DYNAMIC', 'Report-To': '{"endpoints":[{"url":"https:\\/\\/a.nel.cloudflare.com\\/report\\/v4?s=g%2BgQRX47ebs86U9kZECQuaFpHNv8Qn4s93SoPx6QzFUeZnCsce1K58l8glBH%2FGHbjTJA%2By7TfUvWw8hmaBUcVPQdJXeth5VHkLSD30varzs8xm9XasT%2Flmmy6v26XpfZ"}],"group":"cf-nel","max_age":604800}', 'NEL': '{"success_fraction":0,"report_to":"cf-nel","max_age":604800}', 'Server': 'cloudflare', 'CF-RAY': '87b53ec17acb0664-IAD', 'alt-svc': 'h3=":443"; ma=86400'} 
 body={"results":[{"gender":"female","name":{"title":"Ms","first":"Tracey","last":"Wheeler"},"location":{"street":{"number":210,"name":"Avondale Ave"},"city":"Launceston","state":"Tasmania","country":"Australia","postcode":6311,"coordinates":{"latitude":"-85.6852","longitude":"94.3529"},"timezone":{"offset":"-11:00","description":"Midway Island, Samoa"}},"email":"tracey.wheeler@example.com","login":{"uuid":"ffd1008a-4c64-4cce-b428-9583595e6347","username":"orangemeercat395","password":"brasil","salt":"UyrYV40s","md5":"5158c79d1e07577464dcd4ee324601e8","sha1":"f0c411030af5974861abef5cff31131619c78489","sha256":"b8fc1852f4ac4e5d33345679a5865e19858bdce2394b45b6352cb7b4213ea3b8"},"dob":{"date":"1973-11-23T11:01:58.909Z","age":50},"registered":{"date":"2007-01-22T04:24:30.303Z","age":17},"phone":"05-3842-2435","cell":"0433-688-766","id":{"name":"TFN","value":"241304620"},"picture":{"large":"https://randomuser.me/api/portraits/women/34.jpg","medium":"https://randomuser.me/api/portraits/med/women/34.jpg","thumbnail":"https://randomuser.me/api/portraits/thumb/women/34.jpg"},"nat":"AU"}],"info":{"seed":"5b22e941ed64671f","results":1,"page":1,"version":"1.4"}} 
 </msg>
<msg time="2024-04-28T07:12:38.727075" level="INFO">/opt/hostedtoolcache/Python/3.12.3/x64/lib/python3.12/site-packages/urllib3/connectionpool.py:1103: InsecureRequestWarning: Unverified HTTPS request is being made to host 'randomuser.me'. Adding certificate verification is strongly advised. See: https://urllib3.readthedocs.io/en/latest/advanced-usage.html#tls-warnings
  warnings.warn(</msg>
<msg time="2024-04-28T07:12:38.727202" level="INFO">${response} = &lt;Response [200]&gt;</msg>
<var>${response}</var>
<arg>consultarAPI</arg>
<arg>/api</arg>
<doc>Sends a GET request on a previously created HTTP Session.</doc>
<status status="PASS" start="2024-04-28T07:12:38.633164" elapsed="0.094091"/>
</kw>
<kw name="Set Variable" owner="BuiltIn">
<msg time="2024-04-28T07:12:38.728073" level="INFO">${json_data} = {'results': [{'gender': 'female', 'name': {'title': 'Ms', 'first': 'Tracey', 'last': 'Wheeler'}, 'location': {'street': {'number': 210, 'name': 'Avondale Ave'}, 'city': 'Launceston', 'state': 'Tasmani...</msg>
<var>${json_data}</var>
<arg>${response.json()}</arg>
<doc>Returns the given values which can then be assigned to a variables.</doc>
<status status="PASS" start="2024-04-28T07:12:38.727627" elapsed="0.000473"/>
</kw>
<kw name="Log" owner="BuiltIn">
<msg time="2024-04-28T07:12:38.728555" level="INFO">{'results': [{'gender': 'female', 'name': {'title': 'Ms', 'first': 'Tracey', 'last': 'Wheeler'}, 'location': {'street': {'number': 210, 'name': 'Avondale Ave'}, 'city': 'Launceston', 'state': 'Tasmania', 'country': 'Australia', 'postcode': 6311, 'coordinates': {'latitude': '-85.6852', 'longitude': '94.3529'}, 'timezone': {'offset': '-11:00', 'description': 'Midway Island, Samoa'}}, 'email': 'tracey.wheeler@example.com', 'login': {'uuid': 'ffd1008a-4c64-4cce-b428-9583595e6347', 'username': 'orangemeercat395', 'password': 'brasil', 'salt': 'UyrYV40s', 'md5': '5158c79d1e07577464dcd4ee324601e8', 'sha1': 'f0c411030af5974861abef5cff31131619c78489', 'sha256': 'b8fc1852f4ac4e5d33345679a5865e19858bdce2394b45b6352cb7b4213ea3b8'}, 'dob': {'date': '1973-11-23T11:01:58.909Z', 'age': 50}, 'registered': {'date': '2007-01-22T04:24:30.303Z', 'age': 17}, 'phone': '05-3842-2435', 'cell': '0433-688-766', 'id': {'name': 'TFN', 'value': '241304620'}, 'picture': {'large': 'https://randomuser.me/api/portraits/women/34.jpg', 'medium': 'https://randomuser.me/api/portraits/med/women/34.jpg', 'thumbnail': 'https://randomuser.me/api/portraits/thumb/women/34.jpg'}, 'nat': 'AU'}], 'info': {'seed': '5b22e941ed64671f', 'results': 1, 'page': 1, 'version': '1.4'}}</msg>
<arg>${json_data}</arg>
<doc>Logs the given message with the given level.</doc>
<status status="PASS" start="2024-04-28T07:12:38.728403" elapsed="0.000228"/>
</kw>
<kw name="Should Be Equal As Numbers" owner="BuiltIn">
<arg>${json_data['results'][0]['location']['postcode']}</arg>
<arg>${json_data['results'][0]['location']['postcode']}</arg>
<doc>Fails if objects are unequal after converting them to real numbers.</doc>
<status status="PASS" start="2024-04-28T07:12:38.728969" elapsed="0.000753"/>
</kw>
<kw name="Log" owner="BuiltIn">
<msg time="2024-04-28T07:12:38.730255" level="INFO">6311</msg>
<arg>${json_data['results'][0]['location']['postcode']}</arg>
<doc>Logs the given message with the given level.</doc>
<status status="PASS" start="2024-04-28T07:12:38.729916" elapsed="0.000379"/>
</kw>
<status status="PASS" start="2024-04-28T07:12:38.632934" elapsed="0.097614"/>
</kw>
<doc>Testa se os tipos de dados na resposta da API estão corretos.</doc>
<tag>testeTiposDados</tag>
<status status="PASS" start="2024-04-28T07:12:38.551530" elapsed="0.179172"/>
</test>
<test id="s1-s1-t5" name="Validar conteudo" line="35">
<kw name="Teste de Tipos de Conteudo" owner="random-user-service">
<kw name="GET On Session" owner="RequestsLibrary">
<msg time="2024-04-28T07:12:38.822834" level="INFO">GET Request : url=https://randomuser.me/api 
 path_url=/api 
 headers={'User-Agent': 'python-requests/2.31.0', 'Accept-Encoding': 'gzip, deflate', 'Accept': '*/*', 'Connection': 'keep-alive'} 
 body=None 
 </msg>
<msg time="2024-04-28T07:12:38.822912" level="INFO">GET Response : url=https://randomuser.me/api 
 status=200, reason=OK 
 headers={'Date': 'Sun, 28 Apr 2024 07:12:38 GMT', 'Content-Type': 'application/json; charset=utf-8', 'Transfer-Encoding': 'chunked', 'Connection': 'keep-alive', 'X-Powered-By': 'Express', 'Access-Control-Allow-Origin': '*', 'Cache-Control': 'no-cache', 'ETag': 'W/"49b-b/oSeEyDoTfmKod57s+WjV82SLQ"', 'Vary': 'Accept-Encoding', 'Content-Encoding': 'gzip', 'CF-Cache-Status': 'DYNAMIC', 'Report-To': '{"endpoints":[{"url":"https:\\/\\/a.nel.cloudflare.com\\/report\\/v4?s=ZLCi3sAPgz2I%2Bc17DpmSBMvUEfGR4TN5dhTgGlUxGD66j0K1iNd%2B8DiuoSS0VRQstoRK9o2brDnPQF8zz6lcnUXiQzqKkgqj%2Bqak3r79Co55neLNBui2mBZc1vff7vmZ"}],"group":"cf-nel","max_age":604800}', 'NEL': '{"success_fraction":0,"report_to":"cf-nel","max_age":604800}', 'Server': 'cloudflare', 'CF-RAY': '87b53ec21b220664-IAD', 'alt-svc': 'h3=":443"; ma=86400'} 
 body={"results":[{"gender":"female","name":{"title":"Miss","first":"Vitaliya","last":"Makoviychuk"},"location":{"street":{"number":853,"name":"Yakova Ostryanici"},"city":"Bilopillya","state":"Odeska","country":"Ukraine","postcode":79605,"coordinates":{"latitude":"73.8862","longitude":"157.7484"},"timezone":{"offset":"-1:00","description":"Azores, Cape Verde Islands"}},"email":"vitaliya.makoviychuk@example.com","login":{"uuid":"28161a19-c4ad-4826-9b83-3d5367513fd3","username":"brownelephant831","password":"kingkong","salt":"qQZIhyvT","md5":"e28bfdc0bfa51f8bcd5942ca0c309a5f","sha1":"a660efff41cb913c25a6943043f92711bc8a0950","sha256":"52c7feb4e9bc2d531604b10e4ab60cf2b536e5efaef23a5ed401e5bea94afb50"},"dob":{"date":"1962-09-08T12:23:55.429Z","age":61},"registered":{"date":"2006-10-31T21:14:41.673Z","age":17},"phone":"(096) J11-9826","cell":"(068) P06-2215","id":{"name":"","value":null},"picture":{"large":"https://randomuser.me/api/portraits/women/39.jpg","medium":"https://randomuser.me/api/portraits/med/women/39.jpg","thumbnail":"https://randomuser.me/api/portraits/thumb/women/39.jpg"},"nat":"UA"}],"info":{"seed":"623a6b684798f9eb","results":1,"page":1,"version":"1.4"}} 
 </msg>
<msg time="2024-04-28T07:12:38.822978" level="INFO">/opt/hostedtoolcache/Python/3.12.3/x64/lib/python3.12/site-packages/urllib3/connectionpool.py:1103: InsecureRequestWarning: Unverified HTTPS request is being made to host 'randomuser.me'. Adding certificate verification is strongly advised. See: https://urllib3.readthedocs.io/en/latest/advanced-usage.html#tls-warnings
  warnings.warn(</msg>
<msg time="2024-04-28T07:12:38.823090" level="INFO">${response} = &lt;Response [200]&gt;</msg>
<var>${response}</var>
<arg>consultarAPI</arg>
<arg>/api</arg>
<doc>Sends a GET request on a previously created HTTP Session.</doc>
<status status="PASS" start="2024-04-28T07:12:38.733190" elapsed="0.089950"/>
</kw>
<kw name="Set Variable" owner="BuiltIn">
<msg time="2024-04-28T07:12:38.824198" level="INFO">${json_data} = {'results': [{'gender': 'female', 'name': {'title': 'Miss', 'first': 'Vitaliya', 'last': 'Makoviychuk'}, 'location': {'street': {'number': 853, 'name': 'Yakova Ostryanici'}, 'city': 'Bilopillya', 'sta...</msg>
<var>${json_data}</var>
<arg>${response.json()}</arg>
<doc>Returns the given values which can then be assigned to a variables.</doc>
<status status="PASS" start="2024-04-28T07:12:38.823642" elapsed="0.000585"/>
</kw>
<kw name="Set Variable" owner="BuiltIn">
<msg time="2024-04-28T07:12:38.824956" level="INFO">${name_title} = Miss</msg>
<var>${name_title}</var>
<arg>${json_data["results"][0]["name"]["title"]}</arg>
<doc>Returns the given values which can then be assigned to a variables.</doc>
<status status="PASS" start="2024-04-28T07:12:38.824532" elapsed="0.000453"/>
</kw>
<kw name="Create List" owner="BuiltIn">
<msg time="2024-04-28T07:12:38.825446" level="INFO">${allowed_titles} = ['Mr', 'Ms', 'Miss', 'Mrs', 'Madame', 'Monsieur']</msg>
<var>${allowed_titles}</var>
<arg>Mr</arg>
<arg>Ms</arg>
<arg>Miss</arg>
<arg>Mrs</arg>
<arg>Madame</arg>
<arg>Monsieur</arg>
<doc>Returns a list containing given items.</doc>
<status status="PASS" start="2024-04-28T07:12:38.825296" elapsed="0.000174"/>
</kw>
<kw name="List Should Contain Value" owner="Collections">
<msg time="2024-04-28T07:12:38.825944" level="INFO">False</msg>
<arg>${allowed_titles}</arg>
<arg>${name_title}</arg>
<doc>Fails if the ``value`` is not found from ``list``.</doc>
<status status="PASS" start="2024-04-28T07:12:38.825774" elapsed="0.000206"/>
</kw>
<kw name="Set Variable" owner="BuiltIn">
<msg time="2024-04-28T07:12:38.826653" level="INFO">${name_country} = UA</msg>
<var>${name_country}</var>
<arg>${json_data["results"][0]["nat"]}</arg>
<doc>Returns the given values which can then be assigned to a variables.</doc>
<status status="PASS" start="2024-04-28T07:12:38.826268" elapsed="0.000410"/>
</kw>
<kw name="Create List" owner="BuiltIn">
<msg time="2024-04-28T07:12:38.827557" level="INFO">${list_country} = ['AD', 'AE', 'AF', 'AG', 'AI', 'AL', 'AM', 'AO', 'AQ', 'AR', 'AS', 'AT', 'AU', 'AW', 'AX', 'AZ', 'BA', 'BB', 'BD', 'BE', 'BF', 'BG', 'BH', 'BI', 'BJ', 'BL', 'BM', 'BN', 'BO', 'BQ', 'BR', 'BS', 'BT', '...</msg>
<var>${list_country}</var>
<arg>AD</arg>
<arg>AE</arg>
<arg>AF</arg>
<arg>AG</arg>
<arg>AI</arg>
<arg>AL</arg>
<arg>AM</arg>
<arg>AO</arg>
<arg>AQ</arg>
<arg>AR</arg>
<arg>AS</arg>
<arg>AT</arg>
<arg>AU</arg>
<arg>AW</arg>
<arg>AX</arg>
<arg>AZ</arg>
<arg>BA</arg>
<arg>BB</arg>
<arg>BD</arg>
<arg>BE</arg>
<arg>BF</arg>
<arg>BG</arg>
<arg>BH</arg>
<arg>BI</arg>
<arg>BJ</arg>
<arg>BL</arg>
<arg>BM</arg>
<arg>BN</arg>
<arg>BO</arg>
<arg>BQ</arg>
<arg>BR</arg>
<arg>BS</arg>
<arg>BT</arg>
<arg>BV</arg>
<arg>BW</arg>
<arg>BY</arg>
<arg>BZ</arg>
<arg>CA</arg>
<arg>CC</arg>
<arg>CD</arg>
<arg>CF</arg>
<arg>CG</arg>
<arg>CH</arg>
<arg>CI</arg>
<arg>CK</arg>
<arg>CL</arg>
<arg>CM</arg>
<arg>CN</arg>
<arg>CO</arg>
<arg>CR</arg>
<arg>CU</arg>
<arg>CV</arg>
<arg>CW</arg>
<arg>CX</arg>
<arg>CY</arg>
<arg>CZ</arg>
<arg>DE</arg>
<arg>DJ</arg>
<arg>DK</arg>
<arg>DM</arg>
<arg>DO</arg>
<arg>DZ</arg>
<arg>EC</arg>
<arg>EE</arg>
<arg>EG</arg>
<arg>EH</arg>
<arg>ER</arg>
<arg>ES</arg>
<arg>ET</arg>
<arg>FI</arg>
<arg>FJ</arg>
<arg>FK</arg>
<arg>FM</arg>
<arg>FO</arg>
<arg>FR</arg>
<arg>GA</arg>
<arg>GB</arg>
<arg>GD</arg>
<arg>GE</arg>
<arg>GF</arg>
<arg>GG</arg>
<arg>GH</arg>
<arg>GI</arg>
<arg>GL</arg>
<arg>GM</arg>
<arg>GN</arg>
<arg>GP</arg>
<arg>GQ</arg>
<arg>GR</arg>
<arg>GS</arg>
<arg>GT</arg>
<arg>GU</arg>
<arg>GW</arg>
<arg>GY</arg>
<arg>HK</arg>
<arg>HM</arg>
<arg>HN</arg>
<arg>HR</arg>
<arg>HT</arg>
<arg>HU</arg>
<arg>ID</arg>
<arg>IE</arg>
<arg>IL</arg>
<arg>IM</arg>
<arg>IN</arg>
<arg>IO</arg>
<arg>IQ</arg>
<arg>IR</arg>
<arg>IS</arg>
<arg>IT</arg>
<arg>JE</arg>
<arg>JM</arg>
<arg>JO</arg>
<arg>JP</arg>
<arg>KE</arg>
<arg>KG</arg>
<arg>KH</arg>
<arg>KI</arg>
<arg>KM</arg>
<arg>KN</arg>
<arg>KP</arg>
<arg>KR</arg>
<arg>KW</arg>
<arg>KY</arg>
<arg>KZ</arg>
<arg>LA</arg>
<arg>LB</arg>
<arg>LC</arg>
<arg>LI</arg>
<arg>LK</arg>
<arg>LR</arg>
<arg>LS</arg>
<arg>LT</arg>
<arg>LU</arg>
<arg>LV</arg>
<arg>LY</arg>
<arg>MA</arg>
<arg>MC</arg>
<arg>MD</arg>
<arg>ME</arg>
<arg>MF</arg>
<arg>MG</arg>
<arg>MH</arg>
<arg>MK</arg>
<arg>ML</arg>
<arg>MM</arg>
<arg>MN</arg>
<arg>MO</arg>
<arg>MP</arg>
<arg>MQ</arg>
<arg>MR</arg>
<arg>MS</arg>
<arg>MT</arg>
<arg>MU</arg>
<arg>MV</arg>
<arg>MW</arg>
<arg>MX</arg>
<arg>MY</arg>
<arg>MZ</arg>
<arg>NA</arg>
<arg>NC</arg>
<arg>NE</arg>
<arg>NF</arg>
<arg>NG</arg>
<arg>NI</arg>
<arg>NL</arg>
<arg>NO</arg>
<arg>NP</arg>
<arg>NR</arg>
<arg>NU</arg>
<arg>NZ</arg>
<arg>OM</arg>
<arg>PA</arg>
<arg>PE</arg>
<arg>PF</arg>
<arg>PG</arg>
<arg>PH</arg>
<arg>PK</arg>
<arg>PL</arg>
<arg>PM</arg>
<arg>PN</arg>
<arg>PR</arg>
<arg>PS</arg>
<arg>PT</arg>
<arg>PW</arg>
<arg>PY</arg>
<arg>QA</arg>
<arg>RE</arg>
<arg>RO</arg>
<arg>RS</arg>
<arg>RU</arg>
<arg>RW</arg>
<arg>SA</arg>
<arg>SB</arg>
<arg>SC</arg>
<arg>SD</arg>
<arg>SE</arg>
<arg>SG</arg>
<arg>SH</arg>
<arg>SI</arg>
<arg>SJ</arg>
<arg>SK</arg>
<arg>SL</arg>
<arg>SM</arg>
<arg>SN</arg>
<arg>SO</arg>
<arg>SR</arg>
<arg>SS</arg>
<arg>ST</arg>
<arg>SV</arg>
<arg>SX</arg>
<arg>SY</arg>
<arg>SZ</arg>
<arg>TC</arg>
<arg>TD</arg>
<arg>TF</arg>
<arg>TG</arg>
<arg>TH</arg>
<arg>TJ</arg>
<arg>TK</arg>
<arg>TL</arg>
<arg>TM</arg>
<arg>TN</arg>
<arg>TO</arg>
<arg>TR</arg>
<arg>TT</arg>
<arg>TV</arg>
<arg>TW</arg>
<arg>TZ</arg>
<arg>UA</arg>
<arg>UG</arg>
<arg>UM</arg>
<arg>US</arg>
<arg>UY</arg>
<arg>UZ</arg>
<arg>VA</arg>
<arg>VC</arg>
<arg>VE</arg>
<arg>VG</arg>
<arg>VI</arg>
<arg>VN</arg>
<arg>VU</arg>
<arg>WF</arg>
<arg>WS</arg>
<arg>XK</arg>
<arg>YE</arg>
<arg>YT</arg>
<arg>ZA</arg>
<arg>ZM</arg>
<arg>ZW</arg>
<doc>Returns a list containing given items.</doc>
<status status="PASS" start="2024-04-28T07:12:38.826979" elapsed="0.000603"/>
</kw>
<kw name="List Should Contain Value" owner="Collections">
<msg time="2024-04-28T07:12:38.828574" level="INFO">False</msg>
<arg>${list_country}</arg>
<arg>${name_country}</arg>
<doc>Fails if the ``value`` is not found from ``list``.</doc>
<status status="PASS" start="2024-04-28T07:12:38.828372" elapsed="0.000239"/>
</kw>
<kw name="Run Keyword If" owner="BuiltIn">
<kw name="Should Be True" owner="BuiltIn">
<arg>${True}</arg>
<doc>Fails if the given condition is not true.</doc>
<status status="PASS" start="2024-04-28T07:12:38.829707" elapsed="0.000143"/>
</kw>
<arg>${json_data["results"][0]["location"]["coordinates"]["latitude"]} &gt;= -90 and ${json_data["results"][0]["location"]["coordinates"]["latitude"]} &lt;= 90</arg>
<arg>Should Be True</arg>
<arg>${True}</arg>
<doc>Runs the given keyword with the given arguments, if ``condition`` is true.</doc>
<status status="PASS" start="2024-04-28T07:12:38.828952" elapsed="0.001026"/>
</kw>
<kw name="Run Keyword If" owner="BuiltIn">
<kw name="Should Be True" owner="BuiltIn">
<arg>${True}</arg>
<doc>Fails if the given condition is not true.</doc>
<status status="PASS" start="2024-04-28T07:12:38.830877" elapsed="0.000244"/>
</kw>
<arg>${json_data["results"][0]["location"]["coordinates"]["longitude"]} &gt;= -180 and ${json_data["results"][0]["location"]["coordinates"]["longitude"]} &lt;= 180</arg>
<arg>Should Be True</arg>
<arg>${True}</arg>
<doc>Runs the given keyword with the given arguments, if ``condition`` is true.</doc>
<status status="PASS" start="2024-04-28T07:12:38.830170" elapsed="0.001078"/>
</kw>
<status status="PASS" start="2024-04-28T07:12:38.732967" elapsed="0.098410"/>
</kw>
<doc>Testa o conteúdo específico dos campos retornados pela API.</doc>
<tag>testeConteudo</tag>
<status status="PASS" start="2024-04-28T07:12:38.732417" elapsed="0.099104"/>
</test>
<status status="PASS" start="2024-04-28T07:12:37.899378" elapsed="0.934134"/>
</suite>
<status status="PASS" start="2024-04-28T07:12:37.885903" elapsed="0.952757"/>
</suite>
<statistics>
<total>
<stat pass="5" fail="0" skip="0">All Tests</stat>
</total>
<tag>
<stat pass="1" fail="0" skip="0">testeConteudo</stat>
<stat pass="1" fail="0" skip="0">testeEstruturaResposta</stat>
<stat pass="1" fail="0" skip="0">testeRequisicaoBasica</stat>
<stat pass="1" fail="0" skip="0">testeTiposDados</stat>
</tag>
<suite>
<stat pass="5" fail="0" skip="0" id="s1" name="Tests">Tests</stat>
<stat pass="5" fail="0" skip="0" id="s1-s1" name="Random-User-Test">Tests.Random-User-Test</stat>
</suite>
</statistics>
<errors>
</errors>
</robot>
