<?xml version="1.0" encoding="UTF-8"?>
<robot generator="Robot 7.0 (Python 3.12.3 on linux)" generated="2024-05-25T22:13:49.724160" rpa="false" schemaversion="5">
<suite id="s1" name="Tests" source="/home/runner/work/ApiRandomUser/ApiRandomUser/RamdonUser/tests">
<suite id="s1-s1" name="Random-User-Test" source="/home/runner/work/ApiRandomUser/ApiRandomUser/RamdonUser/tests/random-user-test.robot">
<test id="s1-s1-t1" name="Conectar" line="13">
<kw name="Conectar API" owner="random-user-service">
<kw name="Create Session" owner="RequestsLibrary">
<msg time="2024-05-25T22:13:50.130728" level="INFO">Creating Session using : alias=consultarAPI, url=https://randomuser.me/, headers={},                     cookies={}, auth=None, timeout=None, proxies=None, verify=False,                     debug=0 </msg>
<arg>consultarAPI</arg>
<arg>${URL}</arg>
<doc>Create Session: create a HTTP session to a server</doc>
<status status="PASS" start="2024-05-25T22:13:50.130518" elapsed="0.000400"/>
</kw>
<status status="PASS" start="2024-05-25T22:13:50.129484" elapsed="0.001792"/>
</kw>
<status status="PASS" start="2024-05-25T22:13:50.128849" elapsed="0.002618"/>
</test>
<test id="s1-s1-t2" name="Validar retorno 200 e JSON Válido" line="16">
<kw name="Teste de Requisicao Basica" owner="random-user-service">
<kw name="GET On Session" owner="RequestsLibrary">
<msg time="2024-05-25T22:13:50.311006" level="INFO">GET Request : url=https://randomuser.me/api 
 path_url=/api 
 headers={'User-Agent': 'python-requests/2.32.2', 'Accept-Encoding': 'gzip, deflate', 'Accept': '*/*', 'Connection': 'keep-alive'} 
 body=None 
 </msg>
<msg time="2024-05-25T22:13:50.311169" level="INFO">GET Response : url=https://randomuser.me/api 
 status=200, reason=OK 
 headers={'Date': 'Sat, 25 May 2024 22:13:50 GMT', 'Content-Type': 'application/json; charset=utf-8', 'Transfer-Encoding': 'chunked', 'Connection': 'keep-alive', 'X-Powered-By': 'Express', 'Access-Control-Allow-Origin': '*', 'Cache-Control': 'no-cache', 'ETag': 'W/"46b-VZ7cqGvt1/Mt3dYAR5cGH3zUh/w"', 'Vary': 'Accept-Encoding', 'Content-Encoding': 'gzip', 'CF-Cache-Status': 'DYNAMIC', 'Report-To': '{"endpoints":[{"url":"https:\\/\\/a.nel.cloudflare.com\\/report\\/v4?s=Ppy4Qe5lXWcl44sdkjM06al2An2kRNpxlfPE0KQ91iMCN2SaHJS97duvXhz3vcmGNIE7sT8NNrIkxqBxhMGzzZIQuGwt6aIgnQQxOGpgosvKfPbQqi9Zz0YTW49Ujkfa"}],"group":"cf-nel","max_age":604800}', 'NEL': '{"success_fraction":0,"report_to":"cf-nel","max_age":604800}', 'Server': 'cloudflare', 'CF-RAY': '8898dffd3fc33823-IAD', 'alt-svc': 'h3=":443"; ma=86400'} 
 body={"results":[{"gender":"female","name":{"title":"Mrs","first":"Afşar","last":"Saygıner"},"location":{"street":{"number":7755,"name":"Maçka Cd"},"city":"Kocaeli","state":"Sivas","country":"Turkey","postcode":79306,"coordinates":{"latitude":"71.7531","longitude":"116.4532"},"timezone":{"offset":"-10:00","description":"Hawaii"}},"email":"afsar.sayginer@example.com","login":{"uuid":"1b71cb8b-c365-49d3-86ea-8ffbcf2e2de7","username":"redleopard974","password":"throat","salt":"mAtMZlIz","md5":"6ba937d21041d69feb8ca08439860e9c","sha1":"fea3ae21ebd1ff923347809463abadbd828703d2","sha256":"99c3c06994705a21a14f50745d7c0441e155a37d865df7e9a04dc305c53c5209"},"dob":{"date":"1997-12-05T23:44:23.711Z","age":26},"registered":{"date":"2016-08-13T05:16:49.993Z","age":7},"phone":"(919)-189-4345","cell":"(923)-531-7837","id":{"name":"","value":null},"picture":{"large":"https://randomuser.me/api/portraits/women/73.jpg","medium":"https://randomuser.me/api/portraits/med/women/73.jpg","thumbnail":"https://randomuser.me/api/portraits/thumb/women/73.jpg"},"nat":"TR"}],"info":{"seed":"486739d99f0f54cb","results":1,"page":1,"version":"1.4"}} 
 </msg>
<msg time="2024-05-25T22:13:50.311264" level="INFO">/opt/hostedtoolcache/Python/3.12.3/x64/lib/python3.12/site-packages/urllib3/connectionpool.py:1103: InsecureRequestWarning: Unverified HTTPS request is being made to host 'randomuser.me'. Adding certificate verification is strongly advised. See: https://urllib3.readthedocs.io/en/latest/advanced-usage.html#tls-warnings
  warnings.warn(</msg>
<msg time="2024-05-25T22:13:50.311436" level="INFO">${response} = &lt;Response [200]&gt;</msg>
<var>${response}</var>
<arg>consultarAPI</arg>
<arg>/api</arg>
<doc>Sends a GET request on a previously created HTTP Session.</doc>
<status status="PASS" start="2024-05-25T22:13:50.134203" elapsed="0.177274"/>
</kw>
<kw name="Should Be Equal As Numbers" owner="BuiltIn">
<msg time="2024-05-25T22:13:50.312432" level="INFO">Argument types are:
&lt;class 'int'&gt;
&lt;class 'str'&gt;</msg>
<arg>${response.status_code}</arg>
<arg>200</arg>
<doc>Fails if objects are unequal after converting them to real numbers.</doc>
<status status="PASS" start="2024-05-25T22:13:50.311958" elapsed="0.000540"/>
</kw>
<kw name="Log" owner="BuiltIn">
<msg time="2024-05-25T22:13:50.313165" level="INFO">200</msg>
<arg>${response.status_code}</arg>
<doc>Logs the given message with the given level.</doc>
<status status="PASS" start="2024-05-25T22:13:50.312824" elapsed="0.000389"/>
</kw>
<kw name="Set Variable" owner="BuiltIn">
<msg time="2024-05-25T22:13:50.313957" level="INFO">${json_data} = {'results': [{'gender': 'female', 'name': {'title': 'Mrs', 'first': 'Afşar', 'last': 'Saygıner'}, 'location': {'street': {'number': 7755, 'name': 'Maçka Cd'}, 'city': 'Kocaeli', 'state': 'Sivas', 'cou...</msg>
<var>${json_data}</var>
<arg>${response.json()}</arg>
<doc>Returns the given values which can then be assigned to a variables.</doc>
<status status="PASS" start="2024-05-25T22:13:50.313518" elapsed="0.000469"/>
</kw>
<kw name="Dictionary Should Contain Key" owner="Collections">
<msg time="2024-05-25T22:13:50.314457" level="INFO">False</msg>
<arg>${json_data}</arg>
<arg>results</arg>
<doc>Fails if ``key`` is not found from ``dictionary``.</doc>
<status status="PASS" start="2024-05-25T22:13:50.314286" elapsed="0.000356"/>
</kw>
<status status="PASS" start="2024-05-25T22:13:50.133960" elapsed="0.180942"/>
</kw>
<doc>Testa se a API responde corretamente e retorna um objeto JSON válido.</doc>
<tag>testeRequisicaoBasica</tag>
<status status="PASS" start="2024-05-25T22:13:50.133411" elapsed="0.181671"/>
</test>
<test id="s1-s1-t3" name="Validar estrutura de resposta" line="22">
<kw name="Teste de Estrutura de Resposta" owner="random-user-service">
<kw name="GET On Session" owner="RequestsLibrary">
<msg time="2024-05-25T22:13:50.414856" level="INFO">GET Request : url=https://randomuser.me/api 
 path_url=/api 
 headers={'User-Agent': 'python-requests/2.32.2', 'Accept-Encoding': 'gzip, deflate', 'Accept': '*/*', 'Connection': 'keep-alive'} 
 body=None 
 </msg>
<msg time="2024-05-25T22:13:50.414925" level="INFO">GET Response : url=https://randomuser.me/api 
 status=200, reason=OK 
 headers={'Date': 'Sat, 25 May 2024 22:13:50 GMT', 'Content-Type': 'application/json; charset=utf-8', 'Transfer-Encoding': 'chunked', 'Connection': 'keep-alive', 'X-Powered-By': 'Express', 'Access-Control-Allow-Origin': '*', 'Cache-Control': 'no-cache', 'ETag': 'W/"492-8IeW15+MrmZri2sIeVSXNE3Fnj8"', 'Vary': 'Accept-Encoding', 'Content-Encoding': 'gzip', 'CF-Cache-Status': 'DYNAMIC', 'Report-To': '{"endpoints":[{"url":"https:\\/\\/a.nel.cloudflare.com\\/report\\/v4?s=3ju2LwUiElb%2FYmH%2Ft15xU27CgJvMipnbsVS%2FZg7ZX%2BO2%2BHUnQloSCY4RGVGl33QGhVjLG7LB9xAvPXPLhDyrhqYm3%2F96CwIfRtccUkBzBvCoA4eATPuTHGOZ9p2EWKkY"}],"group":"cf-nel","max_age":604800}', 'NEL': '{"success_fraction":0,"report_to":"cf-nel","max_age":604800}', 'Server': 'cloudflare', 'CF-RAY': '8898dffd8fe63823-IAD', 'alt-svc': 'h3=":443"; ma=86400'} 
 body={"results":[{"gender":"female","name":{"title":"Ms","first":"Kate","last":"Lawson"},"location":{"street":{"number":1970,"name":"Dame Street"},"city":"Kinsealy-Drinan","state":"Kildare","country":"Ireland","postcode":16679,"coordinates":{"latitude":"2.5313","longitude":"116.4783"},"timezone":{"offset":"-6:00","description":"Central Time (US &amp; Canada), Mexico City"}},"email":"kate.lawson@example.com","login":{"uuid":"88d33286-10dc-47c5-ba2b-fbeffa889868","username":"redzebra719","password":"boston1","salt":"bZWEXvnN","md5":"9fa23b04cc133f2fb33d1b3b2e8075e7","sha1":"53916599efc23430cca2b5351463090eff0b2e51","sha256":"65e08fb4b5c7fbac4a1c83d993f6f5b527c6ee053ebf36f98714ac5019396779"},"dob":{"date":"1997-08-25T02:04:49.457Z","age":26},"registered":{"date":"2021-03-06T05:36:31.257Z","age":3},"phone":"051-556-5350","cell":"081-738-7184","id":{"name":"PPS","value":"8068367T"},"picture":{"large":"https://randomuser.me/api/portraits/women/95.jpg","medium":"https://randomuser.me/api/portraits/med/women/95.jpg","thumbnail":"https://randomuser.me/api/portraits/thumb/women/95.jpg"},"nat":"IE"}],"info":{"seed":"339d6d5a9003b53d","results":1,"page":1,"version":"1.4"}} 
 </msg>
<msg time="2024-05-25T22:13:50.415024" level="INFO">/opt/hostedtoolcache/Python/3.12.3/x64/lib/python3.12/site-packages/urllib3/connectionpool.py:1103: InsecureRequestWarning: Unverified HTTPS request is being made to host 'randomuser.me'. Adding certificate verification is strongly advised. See: https://urllib3.readthedocs.io/en/latest/advanced-usage.html#tls-warnings
  warnings.warn(</msg>
<msg time="2024-05-25T22:13:50.415140" level="INFO">${response} = &lt;Response [200]&gt;</msg>
<var>${response}</var>
<arg>consultarAPI</arg>
<arg>/api</arg>
<doc>Sends a GET request on a previously created HTTP Session.</doc>
<status status="PASS" start="2024-05-25T22:13:50.317649" elapsed="0.097533"/>
</kw>
<kw name="Set Variable" owner="BuiltIn">
<msg time="2024-05-25T22:13:50.416025" level="INFO">${json_data} = {'results': [{'gender': 'female', 'name': {'title': 'Ms', 'first': 'Kate', 'last': 'Lawson'}, 'location': {'street': {'number': 1970, 'name': 'Dame Street'}, 'city': 'Kinsealy-Drinan', 'state': 'Kilda...</msg>
<var>${json_data}</var>
<arg>${response.json()}</arg>
<doc>Returns the given values which can then be assigned to a variables.</doc>
<status status="PASS" start="2024-05-25T22:13:50.415574" elapsed="0.000479"/>
</kw>
<kw name="Log" owner="BuiltIn">
<msg time="2024-05-25T22:13:50.416573" level="INFO">{'results': [{'gender': 'female', 'name': {'title': 'Ms', 'first': 'Kate', 'last': 'Lawson'}, 'location': {'street': {'number': 1970, 'name': 'Dame Street'}, 'city': 'Kinsealy-Drinan', 'state': 'Kildare', 'country': 'Ireland', 'postcode': 16679, 'coordinates': {'latitude': '2.5313', 'longitude': '116.4783'}, 'timezone': {'offset': '-6:00', 'description': 'Central Time (US &amp; Canada), Mexico City'}}, 'email': 'kate.lawson@example.com', 'login': {'uuid': '88d33286-10dc-47c5-ba2b-fbeffa889868', 'username': 'redzebra719', 'password': 'boston1', 'salt': 'bZWEXvnN', 'md5': '9fa23b04cc133f2fb33d1b3b2e8075e7', 'sha1': '53916599efc23430cca2b5351463090eff0b2e51', 'sha256': '65e08fb4b5c7fbac4a1c83d993f6f5b527c6ee053ebf36f98714ac5019396779'}, 'dob': {'date': '1997-08-25T02:04:49.457Z', 'age': 26}, 'registered': {'date': '2021-03-06T05:36:31.257Z', 'age': 3}, 'phone': '051-556-5350', 'cell': '081-738-7184', 'id': {'name': 'PPS', 'value': '8068367T'}, 'picture': {'large': 'https://randomuser.me/api/portraits/women/95.jpg', 'medium': 'https://randomuser.me/api/portraits/med/women/95.jpg', 'thumbnail': 'https://randomuser.me/api/portraits/thumb/women/95.jpg'}, 'nat': 'IE'}], 'info': {'seed': '339d6d5a9003b53d', 'results': 1, 'page': 1, 'version': '1.4'}}</msg>
<arg>${json_data}</arg>
<doc>Logs the given message with the given level.</doc>
<status status="PASS" start="2024-05-25T22:13:50.416411" elapsed="0.000211"/>
</kw>
<kw name="Dictionary Should Contain Key" owner="Collections">
<msg time="2024-05-25T22:13:50.417073" level="INFO">False</msg>
<arg>${json_data}</arg>
<arg>results</arg>
<doc>Fails if ``key`` is not found from ``dictionary``.</doc>
<status status="PASS" start="2024-05-25T22:13:50.416922" elapsed="0.000186"/>
</kw>
<kw name="Should Not Be Empty" owner="BuiltIn">
<msg time="2024-05-25T22:13:50.417533" level="INFO">Length is 2.</msg>
<arg>${json_data}</arg>
<doc>Verifies that the given item is not empty.</doc>
<status status="PASS" start="2024-05-25T22:13:50.417399" elapsed="0.000172"/>
</kw>
<kw name="Create List" owner="BuiltIn">
<msg time="2024-05-25T22:13:50.418004" level="INFO">${expected_keys} = ['gender', 'name', 'location', 'email', 'login']</msg>
<var>${expected_keys}</var>
<arg>gender</arg>
<arg>name</arg>
<arg>location</arg>
<arg>email</arg>
<arg>login</arg>
<doc>Returns a list containing given items.</doc>
<status status="PASS" start="2024-05-25T22:13:50.417855" elapsed="0.000173"/>
</kw>
<for flavor="IN">
<iter>
<kw name="Dictionary Should Contain Key" owner="Collections">
<msg time="2024-05-25T22:13:50.419012" level="INFO">False</msg>
<arg>${json_data['results'][0]}</arg>
<arg>${key}</arg>
<doc>Fails if ``key`` is not found from ``dictionary``.</doc>
<status status="PASS" start="2024-05-25T22:13:50.418613" elapsed="0.000439"/>
</kw>
<kw name="Log" owner="BuiltIn">
<msg time="2024-05-25T22:13:50.419725" level="INFO">{'gender': 'female', 'name': {'title': 'Ms', 'first': 'Kate', 'last': 'Lawson'}, 'location': {'street': {'number': 1970, 'name': 'Dame Street'}, 'city': 'Kinsealy-Drinan', 'state': 'Kildare', 'country': 'Ireland', 'postcode': 16679, 'coordinates': {'latitude': '2.5313', 'longitude': '116.4783'}, 'timezone': {'offset': '-6:00', 'description': 'Central Time (US &amp; Canada), Mexico City'}}, 'email': 'kate.lawson@example.com', 'login': {'uuid': '88d33286-10dc-47c5-ba2b-fbeffa889868', 'username': 'redzebra719', 'password': 'boston1', 'salt': 'bZWEXvnN', 'md5': '9fa23b04cc133f2fb33d1b3b2e8075e7', 'sha1': '53916599efc23430cca2b5351463090eff0b2e51', 'sha256': '65e08fb4b5c7fbac4a1c83d993f6f5b527c6ee053ebf36f98714ac5019396779'}, 'dob': {'date': '1997-08-25T02:04:49.457Z', 'age': 26}, 'registered': {'date': '2021-03-06T05:36:31.257Z', 'age': 3}, 'phone': '051-556-5350', 'cell': '081-738-7184', 'id': {'name': 'PPS', 'value': '8068367T'}, 'picture': {'large': 'https://randomuser.me/api/portraits/women/95.jpg', 'medium': 'https://randomuser.me/api/portraits/med/women/95.jpg', 'thumbnail': 'https://randomuser.me/api/portraits/thumb/women/95.jpg'}, 'nat': 'IE'}</msg>
<arg>${json_data['results'][0]}</arg>
<doc>Logs the given message with the given level.</doc>
<status status="PASS" start="2024-05-25T22:13:50.419357" elapsed="0.000419"/>
</kw>
<kw name="Log" owner="BuiltIn">
<msg time="2024-05-25T22:13:50.420197" level="INFO">gender</msg>
<arg>${key}</arg>
<doc>Logs the given message with the given level.</doc>
<status status="PASS" start="2024-05-25T22:13:50.420071" elapsed="0.000162"/>
</kw>
<var name="${key}">gender</var>
<status status="PASS" start="2024-05-25T22:13:50.418489" elapsed="0.001989"/>
</iter>
<iter>
<kw name="Dictionary Should Contain Key" owner="Collections">
<msg time="2024-05-25T22:13:50.421150" level="INFO">False</msg>
<arg>${json_data['results'][0]}</arg>
<arg>${key}</arg>
<doc>Fails if ``key`` is not found from ``dictionary``.</doc>
<status status="PASS" start="2024-05-25T22:13:50.420775" elapsed="0.000412"/>
</kw>
<kw name="Log" owner="BuiltIn">
<msg time="2024-05-25T22:13:50.421869" level="INFO">{'gender': 'female', 'name': {'title': 'Ms', 'first': 'Kate', 'last': 'Lawson'}, 'location': {'street': {'number': 1970, 'name': 'Dame Street'}, 'city': 'Kinsealy-Drinan', 'state': 'Kildare', 'country': 'Ireland', 'postcode': 16679, 'coordinates': {'latitude': '2.5313', 'longitude': '116.4783'}, 'timezone': {'offset': '-6:00', 'description': 'Central Time (US &amp; Canada), Mexico City'}}, 'email': 'kate.lawson@example.com', 'login': {'uuid': '88d33286-10dc-47c5-ba2b-fbeffa889868', 'username': 'redzebra719', 'password': 'boston1', 'salt': 'bZWEXvnN', 'md5': '9fa23b04cc133f2fb33d1b3b2e8075e7', 'sha1': '53916599efc23430cca2b5351463090eff0b2e51', 'sha256': '65e08fb4b5c7fbac4a1c83d993f6f5b527c6ee053ebf36f98714ac5019396779'}, 'dob': {'date': '1997-08-25T02:04:49.457Z', 'age': 26}, 'registered': {'date': '2021-03-06T05:36:31.257Z', 'age': 3}, 'phone': '051-556-5350', 'cell': '081-738-7184', 'id': {'name': 'PPS', 'value': '8068367T'}, 'picture': {'large': 'https://randomuser.me/api/portraits/women/95.jpg', 'medium': 'https://randomuser.me/api/portraits/med/women/95.jpg', 'thumbnail': 'https://randomuser.me/api/portraits/thumb/women/95.jpg'}, 'nat': 'IE'}</msg>
<arg>${json_data['results'][0]}</arg>
<doc>Logs the given message with the given level.</doc>
<status status="PASS" start="2024-05-25T22:13:50.421508" elapsed="0.000410"/>
</kw>
<kw name="Log" owner="BuiltIn">
<msg time="2024-05-25T22:13:50.422336" level="INFO">name</msg>
<arg>${key}</arg>
<doc>Logs the given message with the given level.</doc>
<status status="PASS" start="2024-05-25T22:13:50.422211" elapsed="0.000161"/>
</kw>
<var name="${key}">name</var>
<status status="PASS" start="2024-05-25T22:13:50.420661" elapsed="0.001928"/>
</iter>
<iter>
<kw name="Dictionary Should Contain Key" owner="Collections">
<msg time="2024-05-25T22:13:50.423252" level="INFO">False</msg>
<arg>${json_data['results'][0]}</arg>
<arg>${key}</arg>
<doc>Fails if ``key`` is not found from ``dictionary``.</doc>
<status status="PASS" start="2024-05-25T22:13:50.422879" elapsed="0.000411"/>
</kw>
<kw name="Log" owner="BuiltIn">
<msg time="2024-05-25T22:13:50.423956" level="INFO">{'gender': 'female', 'name': {'title': 'Ms', 'first': 'Kate', 'last': 'Lawson'}, 'location': {'street': {'number': 1970, 'name': 'Dame Street'}, 'city': 'Kinsealy-Drinan', 'state': 'Kildare', 'country': 'Ireland', 'postcode': 16679, 'coordinates': {'latitude': '2.5313', 'longitude': '116.4783'}, 'timezone': {'offset': '-6:00', 'description': 'Central Time (US &amp; Canada), Mexico City'}}, 'email': 'kate.lawson@example.com', 'login': {'uuid': '88d33286-10dc-47c5-ba2b-fbeffa889868', 'username': 'redzebra719', 'password': 'boston1', 'salt': 'bZWEXvnN', 'md5': '9fa23b04cc133f2fb33d1b3b2e8075e7', 'sha1': '53916599efc23430cca2b5351463090eff0b2e51', 'sha256': '65e08fb4b5c7fbac4a1c83d993f6f5b527c6ee053ebf36f98714ac5019396779'}, 'dob': {'date': '1997-08-25T02:04:49.457Z', 'age': 26}, 'registered': {'date': '2021-03-06T05:36:31.257Z', 'age': 3}, 'phone': '051-556-5350', 'cell': '081-738-7184', 'id': {'name': 'PPS', 'value': '8068367T'}, 'picture': {'large': 'https://randomuser.me/api/portraits/women/95.jpg', 'medium': 'https://randomuser.me/api/portraits/med/women/95.jpg', 'thumbnail': 'https://randomuser.me/api/portraits/thumb/women/95.jpg'}, 'nat': 'IE'}</msg>
<arg>${json_data['results'][0]}</arg>
<doc>Logs the given message with the given level.</doc>
<status status="PASS" start="2024-05-25T22:13:50.423595" elapsed="0.000412"/>
</kw>
<kw name="Log" owner="BuiltIn">
<msg time="2024-05-25T22:13:50.424494" level="INFO">location</msg>
<arg>${key}</arg>
<doc>Logs the given message with the given level.</doc>
<status status="PASS" start="2024-05-25T22:13:50.424343" elapsed="0.000189"/>
</kw>
<var name="${key}">location</var>
<status status="PASS" start="2024-05-25T22:13:50.422766" elapsed="0.001984"/>
</iter>
<iter>
<kw name="Dictionary Should Contain Key" owner="Collections">
<msg time="2024-05-25T22:13:50.425513" level="INFO">False</msg>
<arg>${json_data['results'][0]}</arg>
<arg>${key}</arg>
<doc>Fails if ``key`` is not found from ``dictionary``.</doc>
<status status="PASS" start="2024-05-25T22:13:50.425032" elapsed="0.000520"/>
</kw>
<kw name="Log" owner="BuiltIn">
<msg time="2024-05-25T22:13:50.426206" level="INFO">{'gender': 'female', 'name': {'title': 'Ms', 'first': 'Kate', 'last': 'Lawson'}, 'location': {'street': {'number': 1970, 'name': 'Dame Street'}, 'city': 'Kinsealy-Drinan', 'state': 'Kildare', 'country': 'Ireland', 'postcode': 16679, 'coordinates': {'latitude': '2.5313', 'longitude': '116.4783'}, 'timezone': {'offset': '-6:00', 'description': 'Central Time (US &amp; Canada), Mexico City'}}, 'email': 'kate.lawson@example.com', 'login': {'uuid': '88d33286-10dc-47c5-ba2b-fbeffa889868', 'username': 'redzebra719', 'password': 'boston1', 'salt': 'bZWEXvnN', 'md5': '9fa23b04cc133f2fb33d1b3b2e8075e7', 'sha1': '53916599efc23430cca2b5351463090eff0b2e51', 'sha256': '65e08fb4b5c7fbac4a1c83d993f6f5b527c6ee053ebf36f98714ac5019396779'}, 'dob': {'date': '1997-08-25T02:04:49.457Z', 'age': 26}, 'registered': {'date': '2021-03-06T05:36:31.257Z', 'age': 3}, 'phone': '051-556-5350', 'cell': '081-738-7184', 'id': {'name': 'PPS', 'value': '8068367T'}, 'picture': {'large': 'https://randomuser.me/api/portraits/women/95.jpg', 'medium': 'https://randomuser.me/api/portraits/med/women/95.jpg', 'thumbnail': 'https://randomuser.me/api/portraits/thumb/women/95.jpg'}, 'nat': 'IE'}</msg>
<arg>${json_data['results'][0]}</arg>
<doc>Logs the given message with the given level.</doc>
<status status="PASS" start="2024-05-25T22:13:50.425851" elapsed="0.000405"/>
</kw>
<kw name="Log" owner="BuiltIn">
<msg time="2024-05-25T22:13:50.426677" level="INFO">email</msg>
<arg>${key}</arg>
<doc>Logs the given message with the given level.</doc>
<status status="PASS" start="2024-05-25T22:13:50.426549" elapsed="0.000165"/>
</kw>
<var name="${key}">email</var>
<status status="PASS" start="2024-05-25T22:13:50.424922" elapsed="0.002004"/>
</iter>
<iter>
<kw name="Dictionary Should Contain Key" owner="Collections">
<msg time="2024-05-25T22:13:50.427586" level="INFO">False</msg>
<arg>${json_data['results'][0]}</arg>
<arg>${key}</arg>
<doc>Fails if ``key`` is not found from ``dictionary``.</doc>
<status status="PASS" start="2024-05-25T22:13:50.427210" elapsed="0.000412"/>
</kw>
<kw name="Log" owner="BuiltIn">
<msg time="2024-05-25T22:13:50.428272" level="INFO">{'gender': 'female', 'name': {'title': 'Ms', 'first': 'Kate', 'last': 'Lawson'}, 'location': {'street': {'number': 1970, 'name': 'Dame Street'}, 'city': 'Kinsealy-Drinan', 'state': 'Kildare', 'country': 'Ireland', 'postcode': 16679, 'coordinates': {'latitude': '2.5313', 'longitude': '116.4783'}, 'timezone': {'offset': '-6:00', 'description': 'Central Time (US &amp; Canada), Mexico City'}}, 'email': 'kate.lawson@example.com', 'login': {'uuid': '88d33286-10dc-47c5-ba2b-fbeffa889868', 'username': 'redzebra719', 'password': 'boston1', 'salt': 'bZWEXvnN', 'md5': '9fa23b04cc133f2fb33d1b3b2e8075e7', 'sha1': '53916599efc23430cca2b5351463090eff0b2e51', 'sha256': '65e08fb4b5c7fbac4a1c83d993f6f5b527c6ee053ebf36f98714ac5019396779'}, 'dob': {'date': '1997-08-25T02:04:49.457Z', 'age': 26}, 'registered': {'date': '2021-03-06T05:36:31.257Z', 'age': 3}, 'phone': '051-556-5350', 'cell': '081-738-7184', 'id': {'name': 'PPS', 'value': '8068367T'}, 'picture': {'large': 'https://randomuser.me/api/portraits/women/95.jpg', 'medium': 'https://randomuser.me/api/portraits/med/women/95.jpg', 'thumbnail': 'https://randomuser.me/api/portraits/thumb/women/95.jpg'}, 'nat': 'IE'}</msg>
<arg>${json_data['results'][0]}</arg>
<doc>Logs the given message with the given level.</doc>
<status status="PASS" start="2024-05-25T22:13:50.427921" elapsed="0.000423"/>
</kw>
<kw name="Log" owner="BuiltIn">
<msg time="2024-05-25T22:13:50.428772" level="INFO">login</msg>
<arg>${key}</arg>
<doc>Logs the given message with the given level.</doc>
<status status="PASS" start="2024-05-25T22:13:50.428647" elapsed="0.000161"/>
</kw>
<var name="${key}">login</var>
<status status="PASS" start="2024-05-25T22:13:50.427099" elapsed="0.001945"/>
</iter>
<var>${key}</var>
<value>@{expected_keys}</value>
<status status="PASS" start="2024-05-25T22:13:50.418287" elapsed="0.010882"/>
</for>
<kw name="Create List" owner="BuiltIn">
<msg time="2024-05-25T22:13:50.429494" level="INFO">${expected_keysTwo} = ['username', 'password']</msg>
<var>${expected_keysTwo}</var>
<arg>username</arg>
<arg>password</arg>
<doc>Returns a list containing given items.</doc>
<status status="PASS" start="2024-05-25T22:13:50.429361" elapsed="0.000156"/>
</kw>
<for flavor="IN">
<iter>
<kw name="Dictionary Should Contain Key" owner="Collections">
<msg time="2024-05-25T22:13:50.430387" level="INFO">False</msg>
<arg>${json_data['results'][0]['login']}</arg>
<arg>${keyTwo}</arg>
<doc>Fails if ``key`` is not found from ``dictionary``.</doc>
<status status="PASS" start="2024-05-25T22:13:50.430019" elapsed="0.000405"/>
</kw>
<kw name="Dictionary Should Contain Key" owner="Collections">
<msg time="2024-05-25T22:13:50.431083" level="INFO">False</msg>
<arg>${json_data['results'][0]['login']}</arg>
<arg>${keyTwo}</arg>
<doc>Fails if ``key`` is not found from ``dictionary``.</doc>
<status status="PASS" start="2024-05-25T22:13:50.430715" elapsed="0.000406"/>
</kw>
<kw name="Log" owner="BuiltIn">
<msg time="2024-05-25T22:13:50.431533" level="INFO">username</msg>
<arg>${keyTwo}</arg>
<doc>Logs the given message with the given level.</doc>
<status status="PASS" start="2024-05-25T22:13:50.431409" elapsed="0.000161"/>
</kw>
<var name="${keyTwo}">username</var>
<status status="PASS" start="2024-05-25T22:13:50.429911" elapsed="0.001877"/>
</iter>
<iter>
<kw name="Dictionary Should Contain Key" owner="Collections">
<msg time="2024-05-25T22:13:50.432494" level="INFO">False</msg>
<arg>${json_data['results'][0]['login']}</arg>
<arg>${keyTwo}</arg>
<doc>Fails if ``key`` is not found from ``dictionary``.</doc>
<status status="PASS" start="2024-05-25T22:13:50.432070" elapsed="0.000463"/>
</kw>
<kw name="Dictionary Should Contain Key" owner="Collections">
<msg time="2024-05-25T22:13:50.433203" level="INFO">False</msg>
<arg>${json_data['results'][0]['login']}</arg>
<arg>${keyTwo}</arg>
<doc>Fails if ``key`` is not found from ``dictionary``.</doc>
<status status="PASS" start="2024-05-25T22:13:50.432830" elapsed="0.000409"/>
</kw>
<kw name="Log" owner="BuiltIn">
<msg time="2024-05-25T22:13:50.433657" level="INFO">password</msg>
<arg>${keyTwo}</arg>
<doc>Logs the given message with the given level.</doc>
<status status="PASS" start="2024-05-25T22:13:50.433532" elapsed="0.000161"/>
</kw>
<var name="${keyTwo}">password</var>
<status status="PASS" start="2024-05-25T22:13:50.431961" elapsed="0.001948"/>
</iter>
<var>${keyTwo}</var>
<value>@{expected_keysTwo}</value>
<status status="PASS" start="2024-05-25T22:13:50.429763" elapsed="0.004272"/>
</for>
<status status="PASS" start="2024-05-25T22:13:50.317413" elapsed="0.116757"/>
</kw>
<doc>Testa a estrutura da resposta da API.</doc>
<tag>testeEstruturaResposta</tag>
<status status="PASS" start="2024-05-25T22:13:50.316922" elapsed="0.117395"/>
</test>
<test id="s1-s1-t4" name="Validar tipos de dados" line="28">
<kw name="Teste de Tipos de Dados" owner="random-user-service">
<kw name="GET On Session" owner="RequestsLibrary">
<msg time="2024-05-25T22:13:50.533211" level="INFO">GET Request : url=https://randomuser.me/api 
 path_url=/api 
 headers={'User-Agent': 'python-requests/2.32.2', 'Accept-Encoding': 'gzip, deflate', 'Accept': '*/*', 'Connection': 'keep-alive'} 
 body=None 
 </msg>
<msg time="2024-05-25T22:13:50.533295" level="INFO">GET Response : url=https://randomuser.me/api 
 status=200, reason=OK 
 headers={'Date': 'Sat, 25 May 2024 22:13:50 GMT', 'Content-Type': 'application/json; charset=utf-8', 'Transfer-Encoding': 'chunked', 'Connection': 'keep-alive', 'X-Powered-By': 'Express', 'Access-Control-Allow-Origin': '*', 'Cache-Control': 'no-cache', 'ETag': 'W/"49c-aXc3/eAJenXC0yn22CQYKahBvzM"', 'Vary': 'Accept-Encoding', 'Content-Encoding': 'gzip', 'CF-Cache-Status': 'DYNAMIC', 'Report-To': '{"endpoints":[{"url":"https:\\/\\/a.nel.cloudflare.com\\/report\\/v4?s=n5%2FlNGVaMAwSD%2BeREnPce4fVbpj6GeRm4Fl1O17MgUH1z0rhXsz4Yrsniof5LVzwfQObBXu38ALEl%2FFd5yfDdkf0BbOzA1Np8fHYPBgXYXfRuA%2FS15hO4j5WQEr2Pees"}],"group":"cf-nel","max_age":604800}', 'NEL': '{"success_fraction":0,"report_to":"cf-nel","max_age":604800}', 'Server': 'cloudflare', 'CF-RAY': '8898dffe485e3823-IAD', 'alt-svc': 'h3=":443"; ma=86400'} 
 body={"results":[{"gender":"female","name":{"title":"Ms","first":"Carol","last":"Daniels"},"location":{"street":{"number":3322,"name":"The Crescent"},"city":"Westminster","state":"Wiltshire","country":"United Kingdom","postcode":"UG91 0JU","coordinates":{"latitude":"-7.1151","longitude":"174.6848"},"timezone":{"offset":"-7:00","description":"Mountain Time (US &amp; Canada)"}},"email":"carol.daniels@example.com","login":{"uuid":"33c25def-df37-443a-920c-a7891ec3d3df","username":"silverostrich500","password":"1230","salt":"7nBtlPuj","md5":"65bc9d03d280df6b1b748cb484e1e006","sha1":"2dcd011b8be6d629f79f9e5cfffcff5afd901c22","sha256":"c8482dd85902384ea8d90abe92bf8ad2b9daea9c782145e2545e57bb67caac94"},"dob":{"date":"1973-07-08T06:48:47.139Z","age":50},"registered":{"date":"2013-12-27T23:14:37.479Z","age":10},"phone":"01214 530723","cell":"07884 884605","id":{"name":"NINO","value":"RA 13 23 99 S"},"picture":{"large":"https://randomuser.me/api/portraits/women/6.jpg","medium":"https://randomuser.me/api/portraits/med/women/6.jpg","thumbnail":"https://randomuser.me/api/portraits/thumb/women/6.jpg"},"nat":"GB"}],"info":{"seed":"6be0e76513d51938","results":1,"page":1,"version":"1.4"}} 
 </msg>
<msg time="2024-05-25T22:13:50.533367" level="INFO">/opt/hostedtoolcache/Python/3.12.3/x64/lib/python3.12/site-packages/urllib3/connectionpool.py:1103: InsecureRequestWarning: Unverified HTTPS request is being made to host 'randomuser.me'. Adding certificate verification is strongly advised. See: https://urllib3.readthedocs.io/en/latest/advanced-usage.html#tls-warnings
  warnings.warn(</msg>
<msg time="2024-05-25T22:13:50.533500" level="INFO">${response} = &lt;Response [200]&gt;</msg>
<var>${response}</var>
<arg>consultarAPI</arg>
<arg>/api</arg>
<doc>Sends a GET request on a previously created HTTP Session.</doc>
<status status="PASS" start="2024-05-25T22:13:50.436790" elapsed="0.096762"/>
</kw>
<kw name="Set Variable" owner="BuiltIn">
<msg time="2024-05-25T22:13:50.534499" level="INFO">${json_data} = {'results': [{'gender': 'female', 'name': {'title': 'Ms', 'first': 'Carol', 'last': 'Daniels'}, 'location': {'street': {'number': 3322, 'name': 'The Crescent'}, 'city': 'Westminster', 'state': 'Wiltsh...</msg>
<var>${json_data}</var>
<arg>${response.json()}</arg>
<doc>Returns the given values which can then be assigned to a variables.</doc>
<status status="PASS" start="2024-05-25T22:13:50.534031" elapsed="0.000498"/>
</kw>
<kw name="Log" owner="BuiltIn">
<msg time="2024-05-25T22:13:50.534982" level="INFO">{'results': [{'gender': 'female', 'name': {'title': 'Ms', 'first': 'Carol', 'last': 'Daniels'}, 'location': {'street': {'number': 3322, 'name': 'The Crescent'}, 'city': 'Westminster', 'state': 'Wiltshire', 'country': 'United Kingdom', 'postcode': 'UG91 0JU', 'coordinates': {'latitude': '-7.1151', 'longitude': '174.6848'}, 'timezone': {'offset': '-7:00', 'description': 'Mountain Time (US &amp; Canada)'}}, 'email': 'carol.daniels@example.com', 'login': {'uuid': '33c25def-df37-443a-920c-a7891ec3d3df', 'username': 'silverostrich500', 'password': '1230', 'salt': '7nBtlPuj', 'md5': '65bc9d03d280df6b1b748cb484e1e006', 'sha1': '2dcd011b8be6d629f79f9e5cfffcff5afd901c22', 'sha256': 'c8482dd85902384ea8d90abe92bf8ad2b9daea9c782145e2545e57bb67caac94'}, 'dob': {'date': '1973-07-08T06:48:47.139Z', 'age': 50}, 'registered': {'date': '2013-12-27T23:14:37.479Z', 'age': 10}, 'phone': '01214 530723', 'cell': '07884 884605', 'id': {'name': 'NINO', 'value': 'RA 13 23 99 S'}, 'picture': {'large': 'https://randomuser.me/api/portraits/women/6.jpg', 'medium': 'https://randomuser.me/api/portraits/med/women/6.jpg', 'thumbnail': 'https://randomuser.me/api/portraits/thumb/women/6.jpg'}, 'nat': 'GB'}], 'info': {'seed': '6be0e76513d51938', 'results': 1, 'page': 1, 'version': '1.4'}}</msg>
<arg>${json_data}</arg>
<doc>Logs the given message with the given level.</doc>
<status status="PASS" start="2024-05-25T22:13:50.534831" elapsed="0.000232"/>
</kw>
<kw name="Should Be String" owner="String">
<arg>${json_data['results'][0]['gender']}</arg>
<doc>Fails if the given ``item`` is not a string.</doc>
<status status="PASS" start="2024-05-25T22:13:50.535357" elapsed="0.000361"/>
</kw>
<kw name="Should Match Regexp" owner="BuiltIn">
<arg>${json_data['results'][0]['email']}</arg>
<arg>^[a-zA-Z0-9._%+-]+@[a-zA-Z0-9.-]+\.[a-zA-Z]{2,}$</arg>
<doc>Fails if ``string`` does not match ``pattern`` as a regular expression.</doc>
<status status="PASS" start="2024-05-25T22:13:50.535909" elapsed="0.000681"/>
</kw>
<kw name="Should Match Regexp" owner="BuiltIn">
<arg>${json_data['results'][0]['dob']['date']}</arg>
<arg>\\d{4}-\\d{2}-\\d{2}T\\d{2}:\\d{2}:\\d{2}\\.\\d{3}Z</arg>
<doc>Fails if ``string`` does not match ``pattern`` as a regular expression.</doc>
<status status="PASS" start="2024-05-25T22:13:50.536794" elapsed="0.000489"/>
</kw>
<kw name="Should Match Regexp" owner="BuiltIn">
<arg>${json_data['results'][0]['registered']['date']}</arg>
<arg>\\d{4}-\\d{2}-\\d{2}T\\d{2}:\\d{2}:\\d{2}\\.\\d{3}Z</arg>
<doc>Fails if ``string`` does not match ``pattern`` as a regular expression.</doc>
<status status="PASS" start="2024-05-25T22:13:50.537477" elapsed="0.000364"/>
</kw>
<kw name="Should Match Regexp" owner="BuiltIn">
<arg>${json_data['results'][0]['picture']['large']}</arg>
<arg>^https?://.*\.(?:png|jpe?g|gif|bmp)$</arg>
<doc>Fails if ``string`` does not match ``pattern`` as a regular expression.</doc>
<status status="PASS" start="2024-05-25T22:13:50.538029" elapsed="0.000457"/>
</kw>
<kw name="Should Match Regexp" owner="BuiltIn">
<arg>${json_data['results'][0]['picture']['medium']}</arg>
<arg>^https?://.*\.(?:png|jpe?g|gif|bmp)$</arg>
<doc>Fails if ``string`` does not match ``pattern`` as a regular expression.</doc>
<status status="PASS" start="2024-05-25T22:13:50.538676" elapsed="0.000345"/>
</kw>
<kw name="Should Match Regexp" owner="BuiltIn">
<arg>${json_data['results'][0]['picture']['thumbnail']}</arg>
<arg>^https?://.*\.(?:png|jpe?g|gif|bmp)$</arg>
<doc>Fails if ``string`` does not match ``pattern`` as a regular expression.</doc>
<status status="PASS" start="2024-05-25T22:13:50.539206" elapsed="0.000341"/>
</kw>
<kw name="Log" owner="BuiltIn">
<msg time="2024-05-25T22:13:50.540053" level="INFO">{'large': 'https://randomuser.me/api/portraits/women/6.jpg', 'medium': 'https://randomuser.me/api/portraits/med/women/6.jpg', 'thumbnail': 'https://randomuser.me/api/portraits/thumb/women/6.jpg'}</msg>
<arg>${json_data['results'][0]['picture']}</arg>
<doc>Logs the given message with the given level.</doc>
<status status="PASS" start="2024-05-25T22:13:50.539734" elapsed="0.000359"/>
</kw>
<status status="PASS" start="2024-05-25T22:13:50.436560" elapsed="0.103804"/>
</kw>
<kw name="Teste de Tipos de Dados - Postcode" owner="random-user-service">
<kw name="GET On Session" owner="RequestsLibrary">
<msg time="2024-05-25T22:13:50.619654" level="INFO">GET Request : url=https://randomuser.me/api 
 path_url=/api 
 headers={'User-Agent': 'python-requests/2.32.2', 'Accept-Encoding': 'gzip, deflate', 'Accept': '*/*', 'Connection': 'keep-alive'} 
 body=None 
 </msg>
<msg time="2024-05-25T22:13:50.619738" level="INFO">GET Response : url=https://randomuser.me/api 
 status=200, reason=OK 
 headers={'Date': 'Sat, 25 May 2024 22:13:50 GMT', 'Content-Type': 'application/json; charset=utf-8', 'Transfer-Encoding': 'chunked', 'Connection': 'keep-alive', 'X-Powered-By': 'Express', 'Access-Control-Allow-Origin': '*', 'Cache-Control': 'no-cache', 'ETag': 'W/"488-e2uEw/s9yAXbAQy2AYPhgUlN5zs"', 'Vary': 'Accept-Encoding', 'Content-Encoding': 'gzip', 'CF-Cache-Status': 'DYNAMIC', 'Report-To': '{"endpoints":[{"url":"https:\\/\\/a.nel.cloudflare.com\\/report\\/v4?s=dzcnDPNNIOdskOMZjh4ALLWgEIJHGlOihDipEARQt87hGVgw0qScQX%2BHWP8%2Bf37mUM7c3QYCnqncWiWrCcqUOWXyP8tV7kpqksgnj2d6Ch10iq%2FRw7G9aG6kNi6%2F13mB"}],"group":"cf-nel","max_age":604800}', 'NEL': '{"success_fraction":0,"report_to":"cf-nel","max_age":604800}', 'Server': 'cloudflare', 'CF-RAY': '8898dffee8b23823-IAD', 'alt-svc': 'h3=":443"; ma=86400'} 
 body={"results":[{"gender":"female","name":{"title":"Ms","first":"Britney","last":"Bell"},"location":{"street":{"number":118,"name":"North Road"},"city":"Nenagh","state":"Dún Laoghaire–Rathdown","country":"Ireland","postcode":67004,"coordinates":{"latitude":"4.1187","longitude":"19.8393"},"timezone":{"offset":"+9:30","description":"Adelaide, Darwin"}},"email":"britney.bell@example.com","login":{"uuid":"20ce07b3-a527-4ae1-b5c1-3da3982ea5c8","username":"beautifulduck836","password":"sergio","salt":"tjEQ3fTt","md5":"d19ffc34918c1893cb12a4e59aca7a92","sha1":"8a354e9a47dfa00d874168c2fa1790ee629e7368","sha256":"3679a67cd9a2937fbccc0bbc2fc70cbf404f5daccae42c552527be901d1874bd"},"dob":{"date":"1981-12-01T18:51:53.096Z","age":42},"registered":{"date":"2006-11-03T00:37:38.326Z","age":17},"phone":"041-196-3754","cell":"081-220-5449","id":{"name":"PPS","value":"0184875T"},"picture":{"large":"https://randomuser.me/api/portraits/women/58.jpg","medium":"https://randomuser.me/api/portraits/med/women/58.jpg","thumbnail":"https://randomuser.me/api/portraits/thumb/women/58.jpg"},"nat":"IE"}],"info":{"seed":"73ef38a2ffd361cd","results":1,"page":1,"version":"1.4"}} 
 </msg>
<msg time="2024-05-25T22:13:50.619812" level="INFO">/opt/hostedtoolcache/Python/3.12.3/x64/lib/python3.12/site-packages/urllib3/connectionpool.py:1103: InsecureRequestWarning: Unverified HTTPS request is being made to host 'randomuser.me'. Adding certificate verification is strongly advised. See: https://urllib3.readthedocs.io/en/latest/advanced-usage.html#tls-warnings
  warnings.warn(</msg>
<msg time="2024-05-25T22:13:50.619943" level="INFO">${response} = &lt;Response [200]&gt;</msg>
<var>${response}</var>
<arg>consultarAPI</arg>
<arg>/api</arg>
<doc>Sends a GET request on a previously created HTTP Session.</doc>
<status status="PASS" start="2024-05-25T22:13:50.540814" elapsed="0.079176"/>
</kw>
<kw name="Set Variable" owner="BuiltIn">
<msg time="2024-05-25T22:13:50.620912" level="INFO">${json_data} = {'results': [{'gender': 'female', 'name': {'title': 'Ms', 'first': 'Britney', 'last': 'Bell'}, 'location': {'street': {'number': 118, 'name': 'North Road'}, 'city': 'Nenagh', 'state': 'Dún Laoghaire–R...</msg>
<var>${json_data}</var>
<arg>${response.json()}</arg>
<doc>Returns the given values which can then be assigned to a variables.</doc>
<status status="PASS" start="2024-05-25T22:13:50.620438" elapsed="0.000504"/>
</kw>
<kw name="Log" owner="BuiltIn">
<msg time="2024-05-25T22:13:50.621408" level="INFO">{'results': [{'gender': 'female', 'name': {'title': 'Ms', 'first': 'Britney', 'last': 'Bell'}, 'location': {'street': {'number': 118, 'name': 'North Road'}, 'city': 'Nenagh', 'state': 'Dún Laoghaire–Rathdown', 'country': 'Ireland', 'postcode': 67004, 'coordinates': {'latitude': '4.1187', 'longitude': '19.8393'}, 'timezone': {'offset': '+9:30', 'description': 'Adelaide, Darwin'}}, 'email': 'britney.bell@example.com', 'login': {'uuid': '20ce07b3-a527-4ae1-b5c1-3da3982ea5c8', 'username': 'beautifulduck836', 'password': 'sergio', 'salt': 'tjEQ3fTt', 'md5': 'd19ffc34918c1893cb12a4e59aca7a92', 'sha1': '8a354e9a47dfa00d874168c2fa1790ee629e7368', 'sha256': '3679a67cd9a2937fbccc0bbc2fc70cbf404f5daccae42c552527be901d1874bd'}, 'dob': {'date': '1981-12-01T18:51:53.096Z', 'age': 42}, 'registered': {'date': '2006-11-03T00:37:38.326Z', 'age': 17}, 'phone': '041-196-3754', 'cell': '081-220-5449', 'id': {'name': 'PPS', 'value': '0184875T'}, 'picture': {'large': 'https://randomuser.me/api/portraits/women/58.jpg', 'medium': 'https://randomuser.me/api/portraits/med/women/58.jpg', 'thumbnail': 'https://randomuser.me/api/portraits/thumb/women/58.jpg'}, 'nat': 'IE'}], 'info': {'seed': '73ef38a2ffd361cd', 'results': 1, 'page': 1, 'version': '1.4'}}</msg>
<arg>${json_data}</arg>
<doc>Logs the given message with the given level.</doc>
<status status="PASS" start="2024-05-25T22:13:50.621251" elapsed="0.000246"/>
</kw>
<kw name="Should Be Equal As Numbers" owner="BuiltIn">
<arg>${json_data['results'][0]['location']['postcode']}</arg>
<arg>${json_data['results'][0]['location']['postcode']}</arg>
<doc>Fails if objects are unequal after converting them to real numbers.</doc>
<status status="PASS" start="2024-05-25T22:13:50.621798" elapsed="0.000622"/>
</kw>
<kw name="Log" owner="BuiltIn">
<msg time="2024-05-25T22:13:50.622949" level="INFO">67004</msg>
<arg>${json_data['results'][0]['location']['postcode']}</arg>
<doc>Logs the given message with the given level.</doc>
<status status="PASS" start="2024-05-25T22:13:50.622618" elapsed="0.000371"/>
</kw>
<status status="PASS" start="2024-05-25T22:13:50.540587" elapsed="0.082653"/>
</kw>
<doc>Testa se os tipos de dados na resposta da API estão corretos.</doc>
<tag>testeTiposDados</tag>
<status status="PASS" start="2024-05-25T22:13:50.436069" elapsed="0.187336"/>
</test>
<test id="s1-s1-t5" name="Validar conteudo" line="35">
<kw name="Teste de Tipos de Conteudo" owner="random-user-service">
<kw name="GET On Session" owner="RequestsLibrary">
<msg time="2024-05-25T22:13:50.710777" level="INFO">GET Request : url=https://randomuser.me/api 
 path_url=/api 
 headers={'User-Agent': 'python-requests/2.32.2', 'Accept-Encoding': 'gzip, deflate', 'Accept': '*/*', 'Connection': 'keep-alive'} 
 body=None 
 </msg>
<msg time="2024-05-25T22:13:50.710870" level="INFO">GET Response : url=https://randomuser.me/api 
 status=200, reason=OK 
 headers={'Date': 'Sat, 25 May 2024 22:13:50 GMT', 'Content-Type': 'application/json; charset=utf-8', 'Transfer-Encoding': 'chunked', 'Connection': 'keep-alive', 'X-Powered-By': 'Express', 'Access-Control-Allow-Origin': '*', 'Cache-Control': 'no-cache', 'ETag': 'W/"488-y9mduFGSc7WmovnaYY932IruQOQ"', 'Vary': 'Accept-Encoding', 'Content-Encoding': 'gzip', 'CF-Cache-Status': 'DYNAMIC', 'Report-To': '{"endpoints":[{"url":"https:\\/\\/a.nel.cloudflare.com\\/report\\/v4?s=kqdAnV5Ci%2BlaTQ9UnWpMTrzsxYunPFVVHAscJpcX6ze4E2bVQqrzhRimu0L3%2BlBOhSo0MU3CTZzOwowmR03uNWWWJ8PDxFdGJ4edDDRT1lsau3SK%2BvSpRBE4aCdp08bU"}],"group":"cf-nel","max_age":604800}', 'NEL': '{"success_fraction":0,"report_to":"cf-nel","max_age":604800}', 'Server': 'cloudflare', 'CF-RAY': '8898dfff68fd3823-IAD', 'alt-svc': 'h3=":443"; ma=86400'} 
 body={"results":[{"gender":"male","name":{"title":"Mr","first":"Wendolin","last":"Jimínez"},"location":{"street":{"number":5444,"name":"Calzada Tamaulipas"},"city":"Nuevo México","state":"Puebla","country":"Mexico","postcode":87341,"coordinates":{"latitude":"22.4080","longitude":"-59.1340"},"timezone":{"offset":"-9:00","description":"Alaska"}},"email":"wendolin.jiminez@example.com","login":{"uuid":"f71848ad-7dde-475b-a60c-0e628cd46a90","username":"angrypeacock142","password":"grandpa","salt":"B3Y6EuR5","md5":"8e10df891c3df27ad90e4b5fed55a5f0","sha1":"03e725f9a885e5c77d109ced98cfa7af02409842","sha256":"6fc78db2b339e305e93bb3711eb213cae7c9e8695b3122ffeb86a25fad1fa01b"},"dob":{"date":"1995-09-20T20:06:03.339Z","age":28},"registered":{"date":"2010-05-18T07:36:56.512Z","age":14},"phone":"(657) 823 6502","cell":"(618) 746 1212","id":{"name":"NSS","value":"85 25 65 6524 1"},"picture":{"large":"https://randomuser.me/api/portraits/men/15.jpg","medium":"https://randomuser.me/api/portraits/med/men/15.jpg","thumbnail":"https://randomuser.me/api/portraits/thumb/men/15.jpg"},"nat":"MX"}],"info":{"seed":"4de6c64ce5337a9e","results":1,"page":1,"version":"1.4"}} 
 </msg>
<msg time="2024-05-25T22:13:50.710948" level="INFO">/opt/hostedtoolcache/Python/3.12.3/x64/lib/python3.12/site-packages/urllib3/connectionpool.py:1103: InsecureRequestWarning: Unverified HTTPS request is being made to host 'randomuser.me'. Adding certificate verification is strongly advised. See: https://urllib3.readthedocs.io/en/latest/advanced-usage.html#tls-warnings
  warnings.warn(</msg>
<msg time="2024-05-25T22:13:50.711076" level="INFO">${response} = &lt;Response [200]&gt;</msg>
<var>${response}</var>
<arg>consultarAPI</arg>
<arg>/api</arg>
<doc>Sends a GET request on a previously created HTTP Session.</doc>
<status status="PASS" start="2024-05-25T22:13:50.625862" elapsed="0.085267"/>
</kw>
<kw name="Set Variable" owner="BuiltIn">
<msg time="2024-05-25T22:13:50.712207" level="INFO">${json_data} = {'results': [{'gender': 'male', 'name': {'title': 'Mr', 'first': 'Wendolin', 'last': 'Jimínez'}, 'location': {'street': {'number': 5444, 'name': 'Calzada Tamaulipas'}, 'city': 'Nuevo México', 'state':...</msg>
<var>${json_data}</var>
<arg>${response.json()}</arg>
<doc>Returns the given values which can then be assigned to a variables.</doc>
<status status="PASS" start="2024-05-25T22:13:50.711660" elapsed="0.000576"/>
</kw>
<kw name="Set Variable" owner="BuiltIn">
<msg time="2024-05-25T22:13:50.712977" level="INFO">${name_title} = Mr</msg>
<var>${name_title}</var>
<arg>${json_data["results"][0]["name"]["title"]}</arg>
<doc>Returns the given values which can then be assigned to a variables.</doc>
<status status="PASS" start="2024-05-25T22:13:50.712595" elapsed="0.000408"/>
</kw>
<kw name="Create List" owner="BuiltIn">
<msg time="2024-05-25T22:13:50.713443" level="INFO">${allowed_titles} = ['Mr', 'Ms', 'Miss', 'Mrs', 'Madame', 'Monsieur']</msg>
<var>${allowed_titles}</var>
<arg>Mr</arg>
<arg>Ms</arg>
<arg>Miss</arg>
<arg>Mrs</arg>
<arg>Madame</arg>
<arg>Monsieur</arg>
<doc>Returns a list containing given items.</doc>
<status status="PASS" start="2024-05-25T22:13:50.713298" elapsed="0.000169"/>
</kw>
<kw name="List Should Contain Value" owner="Collections">
<msg time="2024-05-25T22:13:50.713941" level="INFO">False</msg>
<arg>${allowed_titles}</arg>
<arg>${name_title}</arg>
<doc>Fails if the ``value`` is not found from ``list``.</doc>
<status status="PASS" start="2024-05-25T22:13:50.713764" elapsed="0.000214"/>
</kw>
<kw name="Set Variable" owner="BuiltIn">
<msg time="2024-05-25T22:13:50.714803" level="INFO">${name_country} = MX</msg>
<var>${name_country}</var>
<arg>${json_data["results"][0]["nat"]}</arg>
<doc>Returns the given values which can then be assigned to a variables.</doc>
<status status="PASS" start="2024-05-25T22:13:50.714278" elapsed="0.000549"/>
</kw>
<kw name="Create List" owner="BuiltIn">
<msg time="2024-05-25T22:13:50.715734" level="INFO">${list_country} = ['AD', 'AE', 'AF', 'AG', 'AI', 'AL', 'AM', 'AO', 'AQ', 'AR', 'AS', 'AT', 'AU', 'AW', 'AX', 'AZ', 'BA', 'BB', 'BD', 'BE', 'BF', 'BG', 'BH', 'BI', 'BJ', 'BL', 'BM', 'BN', 'BO', 'BQ', 'BR', 'BS', 'BT', '...</msg>
<var>${list_country}</var>
<arg>AD</arg>
<arg>AE</arg>
<arg>AF</arg>
<arg>AG</arg>
<arg>AI</arg>
<arg>AL</arg>
<arg>AM</arg>
<arg>AO</arg>
<arg>AQ</arg>
<arg>AR</arg>
<arg>AS</arg>
<arg>AT</arg>
<arg>AU</arg>
<arg>AW</arg>
<arg>AX</arg>
<arg>AZ</arg>
<arg>BA</arg>
<arg>BB</arg>
<arg>BD</arg>
<arg>BE</arg>
<arg>BF</arg>
<arg>BG</arg>
<arg>BH</arg>
<arg>BI</arg>
<arg>BJ</arg>
<arg>BL</arg>
<arg>BM</arg>
<arg>BN</arg>
<arg>BO</arg>
<arg>BQ</arg>
<arg>BR</arg>
<arg>BS</arg>
<arg>BT</arg>
<arg>BV</arg>
<arg>BW</arg>
<arg>BY</arg>
<arg>BZ</arg>
<arg>CA</arg>
<arg>CC</arg>
<arg>CD</arg>
<arg>CF</arg>
<arg>CG</arg>
<arg>CH</arg>
<arg>CI</arg>
<arg>CK</arg>
<arg>CL</arg>
<arg>CM</arg>
<arg>CN</arg>
<arg>CO</arg>
<arg>CR</arg>
<arg>CU</arg>
<arg>CV</arg>
<arg>CW</arg>
<arg>CX</arg>
<arg>CY</arg>
<arg>CZ</arg>
<arg>DE</arg>
<arg>DJ</arg>
<arg>DK</arg>
<arg>DM</arg>
<arg>DO</arg>
<arg>DZ</arg>
<arg>EC</arg>
<arg>EE</arg>
<arg>EG</arg>
<arg>EH</arg>
<arg>ER</arg>
<arg>ES</arg>
<arg>ET</arg>
<arg>FI</arg>
<arg>FJ</arg>
<arg>FK</arg>
<arg>FM</arg>
<arg>FO</arg>
<arg>FR</arg>
<arg>GA</arg>
<arg>GB</arg>
<arg>GD</arg>
<arg>GE</arg>
<arg>GF</arg>
<arg>GG</arg>
<arg>GH</arg>
<arg>GI</arg>
<arg>GL</arg>
<arg>GM</arg>
<arg>GN</arg>
<arg>GP</arg>
<arg>GQ</arg>
<arg>GR</arg>
<arg>GS</arg>
<arg>GT</arg>
<arg>GU</arg>
<arg>GW</arg>
<arg>GY</arg>
<arg>HK</arg>
<arg>HM</arg>
<arg>HN</arg>
<arg>HR</arg>
<arg>HT</arg>
<arg>HU</arg>
<arg>ID</arg>
<arg>IE</arg>
<arg>IL</arg>
<arg>IM</arg>
<arg>IN</arg>
<arg>IO</arg>
<arg>IQ</arg>
<arg>IR</arg>
<arg>IS</arg>
<arg>IT</arg>
<arg>JE</arg>
<arg>JM</arg>
<arg>JO</arg>
<arg>JP</arg>
<arg>KE</arg>
<arg>KG</arg>
<arg>KH</arg>
<arg>KI</arg>
<arg>KM</arg>
<arg>KN</arg>
<arg>KP</arg>
<arg>KR</arg>
<arg>KW</arg>
<arg>KY</arg>
<arg>KZ</arg>
<arg>LA</arg>
<arg>LB</arg>
<arg>LC</arg>
<arg>LI</arg>
<arg>LK</arg>
<arg>LR</arg>
<arg>LS</arg>
<arg>LT</arg>
<arg>LU</arg>
<arg>LV</arg>
<arg>LY</arg>
<arg>MA</arg>
<arg>MC</arg>
<arg>MD</arg>
<arg>ME</arg>
<arg>MF</arg>
<arg>MG</arg>
<arg>MH</arg>
<arg>MK</arg>
<arg>ML</arg>
<arg>MM</arg>
<arg>MN</arg>
<arg>MO</arg>
<arg>MP</arg>
<arg>MQ</arg>
<arg>MR</arg>
<arg>MS</arg>
<arg>MT</arg>
<arg>MU</arg>
<arg>MV</arg>
<arg>MW</arg>
<arg>MX</arg>
<arg>MY</arg>
<arg>MZ</arg>
<arg>NA</arg>
<arg>NC</arg>
<arg>NE</arg>
<arg>NF</arg>
<arg>NG</arg>
<arg>NI</arg>
<arg>NL</arg>
<arg>NO</arg>
<arg>NP</arg>
<arg>NR</arg>
<arg>NU</arg>
<arg>NZ</arg>
<arg>OM</arg>
<arg>PA</arg>
<arg>PE</arg>
<arg>PF</arg>
<arg>PG</arg>
<arg>PH</arg>
<arg>PK</arg>
<arg>PL</arg>
<arg>PM</arg>
<arg>PN</arg>
<arg>PR</arg>
<arg>PS</arg>
<arg>PT</arg>
<arg>PW</arg>
<arg>PY</arg>
<arg>QA</arg>
<arg>RE</arg>
<arg>RO</arg>
<arg>RS</arg>
<arg>RU</arg>
<arg>RW</arg>
<arg>SA</arg>
<arg>SB</arg>
<arg>SC</arg>
<arg>SD</arg>
<arg>SE</arg>
<arg>SG</arg>
<arg>SH</arg>
<arg>SI</arg>
<arg>SJ</arg>
<arg>SK</arg>
<arg>SL</arg>
<arg>SM</arg>
<arg>SN</arg>
<arg>SO</arg>
<arg>SR</arg>
<arg>SS</arg>
<arg>ST</arg>
<arg>SV</arg>
<arg>SX</arg>
<arg>SY</arg>
<arg>SZ</arg>
<arg>TC</arg>
<arg>TD</arg>
<arg>TF</arg>
<arg>TG</arg>
<arg>TH</arg>
<arg>TJ</arg>
<arg>TK</arg>
<arg>TL</arg>
<arg>TM</arg>
<arg>TN</arg>
<arg>TO</arg>
<arg>TR</arg>
<arg>TT</arg>
<arg>TV</arg>
<arg>TW</arg>
<arg>TZ</arg>
<arg>UA</arg>
<arg>UG</arg>
<arg>UM</arg>
<arg>US</arg>
<arg>UY</arg>
<arg>UZ</arg>
<arg>VA</arg>
<arg>VC</arg>
<arg>VE</arg>
<arg>VG</arg>
<arg>VI</arg>
<arg>VN</arg>
<arg>VU</arg>
<arg>WF</arg>
<arg>WS</arg>
<arg>XK</arg>
<arg>YE</arg>
<arg>YT</arg>
<arg>ZA</arg>
<arg>ZM</arg>
<arg>ZW</arg>
<doc>Returns a list containing given items.</doc>
<status status="PASS" start="2024-05-25T22:13:50.715135" elapsed="0.000625"/>
</kw>
<kw name="List Should Contain Value" owner="Collections">
<msg time="2024-05-25T22:13:50.716773" level="INFO">False</msg>
<arg>${list_country}</arg>
<arg>${name_country}</arg>
<doc>Fails if the ``value`` is not found from ``list``.</doc>
<status status="PASS" start="2024-05-25T22:13:50.716566" elapsed="0.000244"/>
</kw>
<kw name="Run Keyword If" owner="BuiltIn">
<kw name="Should Be True" owner="BuiltIn">
<arg>${True}</arg>
<doc>Fails if the given condition is not true.</doc>
<status status="PASS" start="2024-05-25T22:13:50.717868" elapsed="0.000142"/>
</kw>
<arg>${json_data["results"][0]["location"]["coordinates"]["latitude"]} &gt;= -90 and ${json_data["results"][0]["location"]["coordinates"]["latitude"]} &lt;= 90</arg>
<arg>Should Be True</arg>
<arg>${True}</arg>
<doc>Runs the given keyword with the given arguments, if ``condition`` is true.</doc>
<status status="PASS" start="2024-05-25T22:13:50.717124" elapsed="0.001012"/>
</kw>
<kw name="Run Keyword If" owner="BuiltIn">
<kw name="Should Be True" owner="BuiltIn">
<arg>${True}</arg>
<doc>Fails if the given condition is not true.</doc>
<status status="PASS" start="2024-05-25T22:13:50.719008" elapsed="0.000136"/>
</kw>
<arg>${json_data["results"][0]["location"]["coordinates"]["longitude"]} &gt;= -180 and ${json_data["results"][0]["location"]["coordinates"]["longitude"]} &lt;= 180</arg>
<arg>Should Be True</arg>
<arg>${True}</arg>
<doc>Runs the given keyword with the given arguments, if ``condition`` is true.</doc>
<status status="PASS" start="2024-05-25T22:13:50.718321" elapsed="0.000944"/>
</kw>
<status status="PASS" start="2024-05-25T22:13:50.625633" elapsed="0.093760"/>
</kw>
<doc>Testa o conteúdo específico dos campos retornados pela API.</doc>
<tag>testeConteudo</tag>
<status status="PASS" start="2024-05-25T22:13:50.625186" elapsed="0.094351"/>
</test>
<status status="PASS" start="2024-05-25T22:13:49.782566" elapsed="0.938940"/>
</suite>
<status status="PASS" start="2024-05-25T22:13:49.768401" elapsed="0.958207"/>
</suite>
<statistics>
<total>
<stat pass="5" fail="0" skip="0">All Tests</stat>
</total>
<tag>
<stat pass="1" fail="0" skip="0">testeConteudo</stat>
<stat pass="1" fail="0" skip="0">testeEstruturaResposta</stat>
<stat pass="1" fail="0" skip="0">testeRequisicaoBasica</stat>
<stat pass="1" fail="0" skip="0">testeTiposDados</stat>
</tag>
<suite>
<stat pass="5" fail="0" skip="0" id="s1" name="Tests">Tests</stat>
<stat pass="5" fail="0" skip="0" id="s1-s1" name="Random-User-Test">Tests.Random-User-Test</stat>
</suite>
</statistics>
<errors>
</errors>
</robot>
