<?xml version="1.0" encoding="UTF-8"?>
<robot generator="Robot 7.0.1 (Python 3.12.4 on linux)" generated="2024-07-25T11:13:01.209129" rpa="false" schemaversion="5">
<suite id="s1" name="Tests" source="/home/runner/work/ApiRandomUser/ApiRandomUser/RamdonUser/tests">
<suite id="s1-s1" name="Random-User-Test" source="/home/runner/work/ApiRandomUser/ApiRandomUser/RamdonUser/tests/random-user-test.robot">
<test id="s1-s1-t1" name="Conectar" line="13">
<kw name="Conectar API" owner="random-user-service">
<kw name="Create Session" owner="RequestsLibrary">
<msg time="2024-07-25T11:13:01.623108" level="INFO">Creating Session using : alias=consultarAPI, url=https://randomuser.me/, headers={},                     cookies={}, auth=None, timeout=None, proxies=None, verify=False,                     debug=0 </msg>
<arg>consultarAPI</arg>
<arg>${URL}</arg>
<doc>Create Session: create a HTTP session to a server</doc>
<status status="PASS" start="2024-07-25T11:13:01.622910" elapsed="0.000375"/>
</kw>
<status status="PASS" start="2024-07-25T11:13:01.621875" elapsed="0.001760"/>
</kw>
<status status="PASS" start="2024-07-25T11:13:01.621344" elapsed="0.002485"/>
</test>
<test id="s1-s1-t2" name="Validar retorno 200 e JSON Válido" line="16">
<kw name="Teste de Requisicao Basica" owner="random-user-service">
<kw name="GET On Session" owner="RequestsLibrary">
<msg time="2024-07-25T11:13:01.994853" level="INFO">GET Request : url=https://randomuser.me/api 
 path_url=/api 
 headers={'User-Agent': 'python-requests/2.32.3', 'Accept-Encoding': 'gzip, deflate', 'Accept': '*/*', 'Connection': 'keep-alive'} 
 body=None 
 </msg>
<msg time="2024-07-25T11:13:01.994998" level="INFO">GET Response : url=https://randomuser.me/api 
 status=200, reason=OK 
 headers={'Date': 'Thu, 25 Jul 2024 11:13:01 GMT', 'Content-Type': 'application/json; charset=utf-8', 'Transfer-Encoding': 'chunked', 'Connection': 'keep-alive', 'X-Powered-By': 'Express', 'Access-Control-Allow-Origin': '*', 'Cache-Control': 'no-cache', 'ETag': 'W/"49c-AfHBCdalLA4ibjgJX6K7CRmCijM"', 'Vary': 'Accept-Encoding', 'Content-Encoding': 'gzip', 'CF-Cache-Status': 'DYNAMIC', 'Report-To': '{"endpoints":[{"url":"https:\\/\\/a.nel.cloudflare.com\\/report\\/v4?s=iGjqF2p4%2BrFCIB%2Fl3DePORI7oUJ7UaioMYNiApVgu1wQhwHGxsoZPOsjJWirNzUCmsGUzv2g%2B1LcdZCNMgDfJIxj6Cep%2BDMzEUDNm0qd6vjiivVnoCqgMDvFsrW2nNWS"}],"group":"cf-nel","max_age":604800}', 'NEL': '{"success_fraction":0,"report_to":"cf-nel","max_age":604800}', 'Server': 'cloudflare', 'CF-RAY': '8a8bb7e26caee264-ORD', 'alt-svc': 'h3=":443"; ma=86400'} 
 body={"results":[{"gender":"female","name":{"title":"Ms","first":"Simran","last":"Treep"},"location":{"street":{"number":8945,"name":"It Terpspaad"},"city":"Poortugaal","state":"Drenthe","country":"Netherlands","postcode":"6348 QY","coordinates":{"latitude":"37.9696","longitude":"136.8082"},"timezone":{"offset":"+8:00","description":"Beijing, Perth, Singapore, Hong Kong"}},"email":"simran.treep@example.com","login":{"uuid":"dbbdecb0-6d98-4093-86ca-e6ae42120b01","username":"purpletiger455","password":"sandwich","salt":"3JIdLpXA","md5":"fe76a566029a26008e7f2b75aa4375c4","sha1":"2c44152a062bc8f03b2521c31d98d3f28e1ecb44","sha256":"c7b05d3a55082318d1b87fb9a459ec0ac510a3e1c486491faec2d2f1c9b8d551"},"dob":{"date":"1980-06-26T14:47:53.949Z","age":44},"registered":{"date":"2020-02-12T19:53:07.175Z","age":4},"phone":"(011) 1070035","cell":"(06) 45948183","id":{"name":"BSN","value":"46881879"},"picture":{"large":"https://randomuser.me/api/portraits/women/28.jpg","medium":"https://randomuser.me/api/portraits/med/women/28.jpg","thumbnail":"https://randomuser.me/api/portraits/thumb/women/28.jpg"},"nat":"NL"}],"info":{"seed":"e9005bf9d61ca940","results":1,"page":1,"version":"1.4"}} 
 </msg>
<msg time="2024-07-25T11:13:01.995076" level="INFO">/opt/hostedtoolcache/Python/3.12.4/x64/lib/python3.12/site-packages/urllib3/connectionpool.py:1099: InsecureRequestWarning: Unverified HTTPS request is being made to host 'randomuser.me'. Adding certificate verification is strongly advised. See: https://urllib3.readthedocs.io/en/latest/advanced-usage.html#tls-warnings
  warnings.warn(</msg>
<msg time="2024-07-25T11:13:01.995215" level="INFO">${response} = &lt;Response [200]&gt;</msg>
<var>${response}</var>
<arg>consultarAPI</arg>
<arg>/api</arg>
<doc>Sends a GET request on a previously created HTTP Session.</doc>
<status status="PASS" start="2024-07-25T11:13:01.626420" elapsed="0.368826"/>
</kw>
<kw name="Should Be Equal As Numbers" owner="BuiltIn">
<msg time="2024-07-25T11:13:01.996213" level="INFO">Argument types are:
&lt;class 'int'&gt;
&lt;class 'str'&gt;</msg>
<arg>${response.status_code}</arg>
<arg>200</arg>
<doc>Fails if objects are unequal after converting them to real numbers.</doc>
<status status="PASS" start="2024-07-25T11:13:01.995755" elapsed="0.000519"/>
</kw>
<kw name="Log" owner="BuiltIn">
<msg time="2024-07-25T11:13:01.996947" level="INFO">200</msg>
<arg>${response.status_code}</arg>
<doc>Logs the given message with the given level.</doc>
<status status="PASS" start="2024-07-25T11:13:01.996597" elapsed="0.000391"/>
</kw>
<kw name="Set Variable" owner="BuiltIn">
<msg time="2024-07-25T11:13:01.997725" level="INFO">${json_data} = {'results': [{'gender': 'female', 'name': {'title': 'Ms', 'first': 'Simran', 'last': 'Treep'}, 'location': {'street': {'number': 8945, 'name': 'It Terpspaad'}, 'city': 'Poortugaal', 'state': 'Drenthe'...</msg>
<var>${json_data}</var>
<arg>${response.json()}</arg>
<doc>Returns the given values which can then be assigned to a variables.</doc>
<status status="PASS" start="2024-07-25T11:13:01.997287" elapsed="0.000465"/>
</kw>
<kw name="Dictionary Should Contain Key" owner="Collections">
<arg>${json_data}</arg>
<arg>results</arg>
<doc>Fails if ``key`` is not found from ``dictionary``.</doc>
<status status="PASS" start="2024-07-25T11:13:01.998080" elapsed="0.000345"/>
</kw>
<status status="PASS" start="2024-07-25T11:13:01.626143" elapsed="0.372445"/>
</kw>
<doc>Testa se a API responde corretamente e retorna um objeto JSON válido.</doc>
<tag>testeRequisicaoBasica</tag>
<status status="PASS" start="2024-07-25T11:13:01.625678" elapsed="0.373083"/>
</test>
<test id="s1-s1-t3" name="Validar estrutura de resposta" line="22">
<kw name="Teste de Estrutura de Resposta" owner="random-user-service">
<kw name="GET On Session" owner="RequestsLibrary">
<msg time="2024-07-25T11:13:02.068983" level="INFO">GET Request : url=https://randomuser.me/api 
 path_url=/api 
 headers={'User-Agent': 'python-requests/2.32.3', 'Accept-Encoding': 'gzip, deflate', 'Accept': '*/*', 'Connection': 'keep-alive'} 
 body=None 
 </msg>
<msg time="2024-07-25T11:13:02.069048" level="INFO">GET Response : url=https://randomuser.me/api 
 status=200, reason=OK 
 headers={'Date': 'Thu, 25 Jul 2024 11:13:02 GMT', 'Content-Type': 'application/json; charset=utf-8', 'Transfer-Encoding': 'chunked', 'Connection': 'keep-alive', 'X-Powered-By': 'Express', 'Access-Control-Allow-Origin': '*', 'Cache-Control': 'no-cache', 'ETag': 'W/"47c-lDTdJz0XFDMdAVK3L3zRS0l7Wxs"', 'Vary': 'Accept-Encoding', 'Content-Encoding': 'gzip', 'CF-Cache-Status': 'DYNAMIC', 'Report-To': '{"endpoints":[{"url":"https:\\/\\/a.nel.cloudflare.com\\/report\\/v4?s=cfcNxWD4bhrJmZ81KmI33civWFQc3bDebP78xvd9achKbEcGSfoL2o81Co4u2X3HPyOUre2DlpcuvBd0Dnl3REwuwKafbQr5YlT6WkC%2Fyjm%2BtCRQnhItQNEirUn%2BIWom"}],"group":"cf-nel","max_age":604800}', 'NEL': '{"success_fraction":0,"report_to":"cf-nel","max_age":604800}', 'Server': 'cloudflare', 'CF-RAY': '8a8bb7e38d70e264-ORD', 'alt-svc': 'h3=":443"; ma=86400'} 
 body={"results":[{"gender":"male","name":{"title":"Mr","first":"Jagdish","last":"Kumar"},"location":{"street":{"number":4495,"name":"Dwaraka Nagar"},"city":"Siliguri","state":"Tamil Nadu","country":"India","postcode":14405,"coordinates":{"latitude":"6.2933","longitude":"-89.2705"},"timezone":{"offset":"-12:00","description":"Eniwetok, Kwajalein"}},"email":"jagdish.kumar@example.com","login":{"uuid":"77074dd0-ea94-4bb1-9bde-de8ccc1d3b6c","username":"ticklishtiger877","password":"qing","salt":"4OMqQUhf","md5":"880112ad20230c6acd6467bcda6e7fca","sha1":"8c477236bc13f2ea0c057a0ea82aa244fd65a3a3","sha256":"65f09da8dd967a3f8e6f4c25a01cf7cf683c3b22fe3c518a20116adaf61dc39c"},"dob":{"date":"1996-05-27T18:29:18.788Z","age":28},"registered":{"date":"2013-04-11T11:01:10.874Z","age":11},"phone":"9718274758","cell":"7480851361","id":{"name":"UIDAI","value":"936928666048"},"picture":{"large":"https://randomuser.me/api/portraits/men/79.jpg","medium":"https://randomuser.me/api/portraits/med/men/79.jpg","thumbnail":"https://randomuser.me/api/portraits/thumb/men/79.jpg"},"nat":"IN"}],"info":{"seed":"0e817d96d90db397","results":1,"page":1,"version":"1.4"}} 
 </msg>
<msg time="2024-07-25T11:13:02.069142" level="INFO">/opt/hostedtoolcache/Python/3.12.4/x64/lib/python3.12/site-packages/urllib3/connectionpool.py:1099: InsecureRequestWarning: Unverified HTTPS request is being made to host 'randomuser.me'. Adding certificate verification is strongly advised. See: https://urllib3.readthedocs.io/en/latest/advanced-usage.html#tls-warnings
  warnings.warn(</msg>
<msg time="2024-07-25T11:13:02.069232" level="INFO">${response} = &lt;Response [200]&gt;</msg>
<var>${response}</var>
<arg>consultarAPI</arg>
<arg>/api</arg>
<doc>Sends a GET request on a previously created HTTP Session.</doc>
<status status="PASS" start="2024-07-25T11:13:02.001452" elapsed="0.067809"/>
</kw>
<kw name="Set Variable" owner="BuiltIn">
<msg time="2024-07-25T11:13:02.070077" level="INFO">${json_data} = {'results': [{'gender': 'male', 'name': {'title': 'Mr', 'first': 'Jagdish', 'last': 'Kumar'}, 'location': {'street': {'number': 4495, 'name': 'Dwaraka Nagar'}, 'city': 'Siliguri', 'state': 'Tamil Nadu...</msg>
<var>${json_data}</var>
<arg>${response.json()}</arg>
<doc>Returns the given values which can then be assigned to a variables.</doc>
<status status="PASS" start="2024-07-25T11:13:02.069632" elapsed="0.000473"/>
</kw>
<kw name="Log" owner="BuiltIn">
<msg time="2024-07-25T11:13:02.070597" level="INFO">{'results': [{'gender': 'male', 'name': {'title': 'Mr', 'first': 'Jagdish', 'last': 'Kumar'}, 'location': {'street': {'number': 4495, 'name': 'Dwaraka Nagar'}, 'city': 'Siliguri', 'state': 'Tamil Nadu', 'country': 'India', 'postcode': 14405, 'coordinates': {'latitude': '6.2933', 'longitude': '-89.2705'}, 'timezone': {'offset': '-12:00', 'description': 'Eniwetok, Kwajalein'}}, 'email': 'jagdish.kumar@example.com', 'login': {'uuid': '77074dd0-ea94-4bb1-9bde-de8ccc1d3b6c', 'username': 'ticklishtiger877', 'password': 'qing', 'salt': '4OMqQUhf', 'md5': '880112ad20230c6acd6467bcda6e7fca', 'sha1': '8c477236bc13f2ea0c057a0ea82aa244fd65a3a3', 'sha256': '65f09da8dd967a3f8e6f4c25a01cf7cf683c3b22fe3c518a20116adaf61dc39c'}, 'dob': {'date': '1996-05-27T18:29:18.788Z', 'age': 28}, 'registered': {'date': '2013-04-11T11:01:10.874Z', 'age': 11}, 'phone': '9718274758', 'cell': '7480851361', 'id': {'name': 'UIDAI', 'value': '936928666048'}, 'picture': {'large': 'https://randomuser.me/api/portraits/men/79.jpg', 'medium': 'https://randomuser.me/api/portraits/med/men/79.jpg', 'thumbnail': 'https://randomuser.me/api/portraits/thumb/men/79.jpg'}, 'nat': 'IN'}], 'info': {'seed': '0e817d96d90db397', 'results': 1, 'page': 1, 'version': '1.4'}}</msg>
<arg>${json_data}</arg>
<doc>Logs the given message with the given level.</doc>
<status status="PASS" start="2024-07-25T11:13:02.070429" elapsed="0.000215"/>
</kw>
<kw name="Dictionary Should Contain Key" owner="Collections">
<arg>${json_data}</arg>
<arg>results</arg>
<doc>Fails if ``key`` is not found from ``dictionary``.</doc>
<status status="PASS" start="2024-07-25T11:13:02.070927" elapsed="0.000158"/>
</kw>
<kw name="Should Not Be Empty" owner="BuiltIn">
<msg time="2024-07-25T11:13:02.071392" level="INFO">Length is 2.</msg>
<arg>${json_data}</arg>
<doc>Verifies that the given item is not empty.</doc>
<status status="PASS" start="2024-07-25T11:13:02.071265" elapsed="0.000164"/>
</kw>
<kw name="Create List" owner="BuiltIn">
<msg time="2024-07-25T11:13:02.071860" level="INFO">${expected_keys} = ['gender', 'name', 'location', 'email', 'login']</msg>
<var>${expected_keys}</var>
<arg>gender</arg>
<arg>name</arg>
<arg>location</arg>
<arg>email</arg>
<arg>login</arg>
<doc>Returns a list containing given items.</doc>
<status status="PASS" start="2024-07-25T11:13:02.071711" elapsed="0.000173"/>
</kw>
<for flavor="IN">
<iter>
<kw name="Dictionary Should Contain Key" owner="Collections">
<arg>${json_data['results'][0]}</arg>
<arg>${key}</arg>
<doc>Fails if ``key`` is not found from ``dictionary``.</doc>
<status status="PASS" start="2024-07-25T11:13:02.072444" elapsed="0.000400"/>
</kw>
<kw name="Log" owner="BuiltIn">
<msg time="2024-07-25T11:13:02.073380" level="INFO">{'gender': 'male', 'name': {'title': 'Mr', 'first': 'Jagdish', 'last': 'Kumar'}, 'location': {'street': {'number': 4495, 'name': 'Dwaraka Nagar'}, 'city': 'Siliguri', 'state': 'Tamil Nadu', 'country': 'India', 'postcode': 14405, 'coordinates': {'latitude': '6.2933', 'longitude': '-89.2705'}, 'timezone': {'offset': '-12:00', 'description': 'Eniwetok, Kwajalein'}}, 'email': 'jagdish.kumar@example.com', 'login': {'uuid': '77074dd0-ea94-4bb1-9bde-de8ccc1d3b6c', 'username': 'ticklishtiger877', 'password': 'qing', 'salt': '4OMqQUhf', 'md5': '880112ad20230c6acd6467bcda6e7fca', 'sha1': '8c477236bc13f2ea0c057a0ea82aa244fd65a3a3', 'sha256': '65f09da8dd967a3f8e6f4c25a01cf7cf683c3b22fe3c518a20116adaf61dc39c'}, 'dob': {'date': '1996-05-27T18:29:18.788Z', 'age': 28}, 'registered': {'date': '2013-04-11T11:01:10.874Z', 'age': 11}, 'phone': '9718274758', 'cell': '7480851361', 'id': {'name': 'UIDAI', 'value': '936928666048'}, 'picture': {'large': 'https://randomuser.me/api/portraits/men/79.jpg', 'medium': 'https://randomuser.me/api/portraits/med/men/79.jpg', 'thumbnail': 'https://randomuser.me/api/portraits/thumb/men/79.jpg'}, 'nat': 'IN'}</msg>
<arg>${json_data['results'][0]}</arg>
<doc>Logs the given message with the given level.</doc>
<status status="PASS" start="2024-07-25T11:13:02.073028" elapsed="0.000400"/>
</kw>
<kw name="Log" owner="BuiltIn">
<msg time="2024-07-25T11:13:02.073872" level="INFO">gender</msg>
<arg>${key}</arg>
<doc>Logs the given message with the given level.</doc>
<status status="PASS" start="2024-07-25T11:13:02.073741" elapsed="0.000169"/>
</kw>
<var name="${key}">gender</var>
<status status="PASS" start="2024-07-25T11:13:02.072319" elapsed="0.001808"/>
</iter>
<iter>
<kw name="Dictionary Should Contain Key" owner="Collections">
<arg>${json_data['results'][0]}</arg>
<arg>${key}</arg>
<doc>Fails if ``key`` is not found from ``dictionary``.</doc>
<status status="PASS" start="2024-07-25T11:13:02.074453" elapsed="0.000385"/>
</kw>
<kw name="Log" owner="BuiltIn">
<msg time="2024-07-25T11:13:02.075367" level="INFO">{'gender': 'male', 'name': {'title': 'Mr', 'first': 'Jagdish', 'last': 'Kumar'}, 'location': {'street': {'number': 4495, 'name': 'Dwaraka Nagar'}, 'city': 'Siliguri', 'state': 'Tamil Nadu', 'country': 'India', 'postcode': 14405, 'coordinates': {'latitude': '6.2933', 'longitude': '-89.2705'}, 'timezone': {'offset': '-12:00', 'description': 'Eniwetok, Kwajalein'}}, 'email': 'jagdish.kumar@example.com', 'login': {'uuid': '77074dd0-ea94-4bb1-9bde-de8ccc1d3b6c', 'username': 'ticklishtiger877', 'password': 'qing', 'salt': '4OMqQUhf', 'md5': '880112ad20230c6acd6467bcda6e7fca', 'sha1': '8c477236bc13f2ea0c057a0ea82aa244fd65a3a3', 'sha256': '65f09da8dd967a3f8e6f4c25a01cf7cf683c3b22fe3c518a20116adaf61dc39c'}, 'dob': {'date': '1996-05-27T18:29:18.788Z', 'age': 28}, 'registered': {'date': '2013-04-11T11:01:10.874Z', 'age': 11}, 'phone': '9718274758', 'cell': '7480851361', 'id': {'name': 'UIDAI', 'value': '936928666048'}, 'picture': {'large': 'https://randomuser.me/api/portraits/men/79.jpg', 'medium': 'https://randomuser.me/api/portraits/med/men/79.jpg', 'thumbnail': 'https://randomuser.me/api/portraits/thumb/men/79.jpg'}, 'nat': 'IN'}</msg>
<arg>${json_data['results'][0]}</arg>
<doc>Logs the given message with the given level.</doc>
<status status="PASS" start="2024-07-25T11:13:02.075017" elapsed="0.000428"/>
</kw>
<kw name="Log" owner="BuiltIn">
<msg time="2024-07-25T11:13:02.075955" level="INFO">name</msg>
<arg>${key}</arg>
<doc>Logs the given message with the given level.</doc>
<status status="PASS" start="2024-07-25T11:13:02.075806" elapsed="0.000188"/>
</kw>
<var name="${key}">name</var>
<status status="PASS" start="2024-07-25T11:13:02.074312" elapsed="0.001913"/>
</iter>
<iter>
<kw name="Dictionary Should Contain Key" owner="Collections">
<arg>${json_data['results'][0]}</arg>
<arg>${key}</arg>
<doc>Fails if ``key`` is not found from ``dictionary``.</doc>
<status status="PASS" start="2024-07-25T11:13:02.076512" elapsed="0.000380"/>
</kw>
<kw name="Log" owner="BuiltIn">
<msg time="2024-07-25T11:13:02.077421" level="INFO">{'gender': 'male', 'name': {'title': 'Mr', 'first': 'Jagdish', 'last': 'Kumar'}, 'location': {'street': {'number': 4495, 'name': 'Dwaraka Nagar'}, 'city': 'Siliguri', 'state': 'Tamil Nadu', 'country': 'India', 'postcode': 14405, 'coordinates': {'latitude': '6.2933', 'longitude': '-89.2705'}, 'timezone': {'offset': '-12:00', 'description': 'Eniwetok, Kwajalein'}}, 'email': 'jagdish.kumar@example.com', 'login': {'uuid': '77074dd0-ea94-4bb1-9bde-de8ccc1d3b6c', 'username': 'ticklishtiger877', 'password': 'qing', 'salt': '4OMqQUhf', 'md5': '880112ad20230c6acd6467bcda6e7fca', 'sha1': '8c477236bc13f2ea0c057a0ea82aa244fd65a3a3', 'sha256': '65f09da8dd967a3f8e6f4c25a01cf7cf683c3b22fe3c518a20116adaf61dc39c'}, 'dob': {'date': '1996-05-27T18:29:18.788Z', 'age': 28}, 'registered': {'date': '2013-04-11T11:01:10.874Z', 'age': 11}, 'phone': '9718274758', 'cell': '7480851361', 'id': {'name': 'UIDAI', 'value': '936928666048'}, 'picture': {'large': 'https://randomuser.me/api/portraits/men/79.jpg', 'medium': 'https://randomuser.me/api/portraits/med/men/79.jpg', 'thumbnail': 'https://randomuser.me/api/portraits/thumb/men/79.jpg'}, 'nat': 'IN'}</msg>
<arg>${json_data['results'][0]}</arg>
<doc>Logs the given message with the given level.</doc>
<status status="PASS" start="2024-07-25T11:13:02.077079" elapsed="0.000389"/>
</kw>
<kw name="Log" owner="BuiltIn">
<msg time="2024-07-25T11:13:02.077886" level="INFO">location</msg>
<arg>${key}</arg>
<doc>Logs the given message with the given level.</doc>
<status status="PASS" start="2024-07-25T11:13:02.077759" elapsed="0.000165"/>
</kw>
<var name="${key}">location</var>
<status status="PASS" start="2024-07-25T11:13:02.076403" elapsed="0.001740"/>
</iter>
<iter>
<kw name="Dictionary Should Contain Key" owner="Collections">
<arg>${json_data['results'][0]}</arg>
<arg>${key}</arg>
<doc>Fails if ``key`` is not found from ``dictionary``.</doc>
<status status="PASS" start="2024-07-25T11:13:02.078455" elapsed="0.000387"/>
</kw>
<kw name="Log" owner="BuiltIn">
<msg time="2024-07-25T11:13:02.079497" level="INFO">{'gender': 'male', 'name': {'title': 'Mr', 'first': 'Jagdish', 'last': 'Kumar'}, 'location': {'street': {'number': 4495, 'name': 'Dwaraka Nagar'}, 'city': 'Siliguri', 'state': 'Tamil Nadu', 'country': 'India', 'postcode': 14405, 'coordinates': {'latitude': '6.2933', 'longitude': '-89.2705'}, 'timezone': {'offset': '-12:00', 'description': 'Eniwetok, Kwajalein'}}, 'email': 'jagdish.kumar@example.com', 'login': {'uuid': '77074dd0-ea94-4bb1-9bde-de8ccc1d3b6c', 'username': 'ticklishtiger877', 'password': 'qing', 'salt': '4OMqQUhf', 'md5': '880112ad20230c6acd6467bcda6e7fca', 'sha1': '8c477236bc13f2ea0c057a0ea82aa244fd65a3a3', 'sha256': '65f09da8dd967a3f8e6f4c25a01cf7cf683c3b22fe3c518a20116adaf61dc39c'}, 'dob': {'date': '1996-05-27T18:29:18.788Z', 'age': 28}, 'registered': {'date': '2013-04-11T11:01:10.874Z', 'age': 11}, 'phone': '9718274758', 'cell': '7480851361', 'id': {'name': 'UIDAI', 'value': '936928666048'}, 'picture': {'large': 'https://randomuser.me/api/portraits/men/79.jpg', 'medium': 'https://randomuser.me/api/portraits/med/men/79.jpg', 'thumbnail': 'https://randomuser.me/api/portraits/thumb/men/79.jpg'}, 'nat': 'IN'}</msg>
<arg>${json_data['results'][0]}</arg>
<doc>Logs the given message with the given level.</doc>
<status status="PASS" start="2024-07-25T11:13:02.079146" elapsed="0.000400"/>
</kw>
<kw name="Log" owner="BuiltIn">
<msg time="2024-07-25T11:13:02.079973" level="INFO">email</msg>
<arg>${key}</arg>
<doc>Logs the given message with the given level.</doc>
<status status="PASS" start="2024-07-25T11:13:02.079843" elapsed="0.000169"/>
</kw>
<var name="${key}">email</var>
<status status="PASS" start="2024-07-25T11:13:02.078316" elapsed="0.001908"/>
</iter>
<iter>
<kw name="Dictionary Should Contain Key" owner="Collections">
<arg>${json_data['results'][0]}</arg>
<arg>${key}</arg>
<doc>Fails if ``key`` is not found from ``dictionary``.</doc>
<status status="PASS" start="2024-07-25T11:13:02.080506" elapsed="0.000376"/>
</kw>
<kw name="Log" owner="BuiltIn">
<msg time="2024-07-25T11:13:02.081405" level="INFO">{'gender': 'male', 'name': {'title': 'Mr', 'first': 'Jagdish', 'last': 'Kumar'}, 'location': {'street': {'number': 4495, 'name': 'Dwaraka Nagar'}, 'city': 'Siliguri', 'state': 'Tamil Nadu', 'country': 'India', 'postcode': 14405, 'coordinates': {'latitude': '6.2933', 'longitude': '-89.2705'}, 'timezone': {'offset': '-12:00', 'description': 'Eniwetok, Kwajalein'}}, 'email': 'jagdish.kumar@example.com', 'login': {'uuid': '77074dd0-ea94-4bb1-9bde-de8ccc1d3b6c', 'username': 'ticklishtiger877', 'password': 'qing', 'salt': '4OMqQUhf', 'md5': '880112ad20230c6acd6467bcda6e7fca', 'sha1': '8c477236bc13f2ea0c057a0ea82aa244fd65a3a3', 'sha256': '65f09da8dd967a3f8e6f4c25a01cf7cf683c3b22fe3c518a20116adaf61dc39c'}, 'dob': {'date': '1996-05-27T18:29:18.788Z', 'age': 28}, 'registered': {'date': '2013-04-11T11:01:10.874Z', 'age': 11}, 'phone': '9718274758', 'cell': '7480851361', 'id': {'name': 'UIDAI', 'value': '936928666048'}, 'picture': {'large': 'https://randomuser.me/api/portraits/men/79.jpg', 'medium': 'https://randomuser.me/api/portraits/med/men/79.jpg', 'thumbnail': 'https://randomuser.me/api/portraits/thumb/men/79.jpg'}, 'nat': 'IN'}</msg>
<arg>${json_data['results'][0]}</arg>
<doc>Logs the given message with the given level.</doc>
<status status="PASS" start="2024-07-25T11:13:02.081063" elapsed="0.000390"/>
</kw>
<kw name="Log" owner="BuiltIn">
<msg time="2024-07-25T11:13:02.081866" level="INFO">login</msg>
<arg>${key}</arg>
<doc>Logs the given message with the given level.</doc>
<status status="PASS" start="2024-07-25T11:13:02.081741" elapsed="0.000162"/>
</kw>
<var name="${key}">login</var>
<status status="PASS" start="2024-07-25T11:13:02.080398" elapsed="0.001716"/>
</iter>
<var>${key}</var>
<value>@{expected_keys}</value>
<status status="PASS" start="2024-07-25T11:13:02.072138" elapsed="0.010094"/>
</for>
<kw name="Create List" owner="BuiltIn">
<msg time="2024-07-25T11:13:02.082593" level="INFO">${expected_keysTwo} = ['username', 'password']</msg>
<var>${expected_keysTwo}</var>
<arg>username</arg>
<arg>password</arg>
<doc>Returns a list containing given items.</doc>
<status status="PASS" start="2024-07-25T11:13:02.082452" elapsed="0.000165"/>
</kw>
<for flavor="IN">
<iter>
<kw name="Dictionary Should Contain Key" owner="Collections">
<arg>${json_data['results'][0]['login']}</arg>
<arg>${keyTwo}</arg>
<doc>Fails if ``key`` is not found from ``dictionary``.</doc>
<status status="PASS" start="2024-07-25T11:13:02.083132" elapsed="0.000382"/>
</kw>
<kw name="Dictionary Should Contain Key" owner="Collections">
<arg>${json_data['results'][0]['login']}</arg>
<arg>${keyTwo}</arg>
<doc>Fails if ``key`` is not found from ``dictionary``.</doc>
<status status="PASS" start="2024-07-25T11:13:02.083694" elapsed="0.000366"/>
</kw>
<kw name="Log" owner="BuiltIn">
<msg time="2024-07-25T11:13:02.084352" level="INFO">username</msg>
<arg>${keyTwo}</arg>
<doc>Logs the given message with the given level.</doc>
<status status="PASS" start="2024-07-25T11:13:02.084234" elapsed="0.000154"/>
</kw>
<var name="${keyTwo}">username</var>
<status status="PASS" start="2024-07-25T11:13:02.083027" elapsed="0.001578"/>
</iter>
<iter>
<kw name="Dictionary Should Contain Key" owner="Collections">
<arg>${json_data['results'][0]['login']}</arg>
<arg>${keyTwo}</arg>
<doc>Fails if ``key`` is not found from ``dictionary``.</doc>
<status status="PASS" start="2024-07-25T11:13:02.084888" elapsed="0.000379"/>
</kw>
<kw name="Dictionary Should Contain Key" owner="Collections">
<arg>${json_data['results'][0]['login']}</arg>
<arg>${keyTwo}</arg>
<doc>Fails if ``key`` is not found from ``dictionary``.</doc>
<status status="PASS" start="2024-07-25T11:13:02.085442" elapsed="0.000363"/>
</kw>
<kw name="Log" owner="BuiltIn">
<msg time="2024-07-25T11:13:02.086102" level="INFO">password</msg>
<arg>${keyTwo}</arg>
<doc>Logs the given message with the given level.</doc>
<status status="PASS" start="2024-07-25T11:13:02.085979" elapsed="0.000160"/>
</kw>
<var name="${keyTwo}">password</var>
<status status="PASS" start="2024-07-25T11:13:02.084777" elapsed="0.001601"/>
</iter>
<var>${keyTwo}</var>
<value>@{expected_keysTwo}</value>
<status status="PASS" start="2024-07-25T11:13:02.082876" elapsed="0.003634"/>
</for>
<status status="PASS" start="2024-07-25T11:13:02.001189" elapsed="0.085458"/>
</kw>
<doc>Testa a estrutura da resposta da API.</doc>
<tag>testeEstruturaResposta</tag>
<status status="PASS" start="2024-07-25T11:13:02.000699" elapsed="0.086093"/>
</test>
<test id="s1-s1-t4" name="Validar tipos de dados" line="28">
<kw name="Teste de Tipos de Dados" owner="random-user-service">
<kw name="GET On Session" owner="RequestsLibrary">
<msg time="2024-07-25T11:13:02.156868" level="INFO">GET Request : url=https://randomuser.me/api 
 path_url=/api 
 headers={'User-Agent': 'python-requests/2.32.3', 'Accept-Encoding': 'gzip, deflate', 'Accept': '*/*', 'Connection': 'keep-alive'} 
 body=None 
 </msg>
<msg time="2024-07-25T11:13:02.156949" level="INFO">GET Response : url=https://randomuser.me/api 
 status=200, reason=OK 
 headers={'Date': 'Thu, 25 Jul 2024 11:13:02 GMT', 'Content-Type': 'application/json; charset=utf-8', 'Transfer-Encoding': 'chunked', 'Connection': 'keep-alive', 'X-Powered-By': 'Express', 'Access-Control-Allow-Origin': '*', 'Cache-Control': 'no-cache', 'ETag': 'W/"47a-NR7TnsGdt2G7vbylX6Goy4F6Xoo"', 'Vary': 'Accept-Encoding', 'Content-Encoding': 'gzip', 'CF-Cache-Status': 'DYNAMIC', 'Report-To': '{"endpoints":[{"url":"https:\\/\\/a.nel.cloudflare.com\\/report\\/v4?s=fJJREE5Xgp9FX7DZR0XUOEdaqS%2B9tTGHYrpji51bfnlD9gfrTT%2BaHqtO4XpHyBx%2Bjs%2B7UY283ytTOm%2BdS%2BFFP6qyQoGWniDK9LYiHScOzs1FbpdVlx13GvJa3c%2FA6uk%2F"}],"group":"cf-nel","max_age":604800}', 'NEL': '{"success_fraction":0,"report_to":"cf-nel","max_age":604800}', 'Server': 'cloudflare', 'CF-RAY': '8a8bb7e41ddde264-ORD', 'alt-svc': 'h3=":443"; ma=86400'} 
 body={"results":[{"gender":"female","name":{"title":"Miss","first":"Milagros","last":"Peña"},"location":{"street":{"number":8169,"name":"Avenida de América"},"city":"Oviedo","state":"Andalucía","country":"Spain","postcode":23130,"coordinates":{"latitude":"-31.9417","longitude":"175.1515"},"timezone":{"offset":"+3:30","description":"Tehran"}},"email":"milagros.pena@example.com","login":{"uuid":"ab19d0a0-2efe-4739-abb8-b09705492d0b","username":"orangepanda116","password":"poetry","salt":"395BlK3R","md5":"c68f63f6ddfb7b887641dfac41c10794","sha1":"31309e1432eaba5d6844e62a2cb1ad982341bd04","sha256":"3965ecc9c45e37b186f7f11e72022a101a5e4705b3be35f9199f2789c3c0629f"},"dob":{"date":"1978-01-12T17:39:53.366Z","age":46},"registered":{"date":"2012-03-26T17:30:23.167Z","age":12},"phone":"932-518-074","cell":"675-806-339","id":{"name":"DNI","value":"28343934-Q"},"picture":{"large":"https://randomuser.me/api/portraits/women/5.jpg","medium":"https://randomuser.me/api/portraits/med/women/5.jpg","thumbnail":"https://randomuser.me/api/portraits/thumb/women/5.jpg"},"nat":"ES"}],"info":{"seed":"5fed30e4cbd61ae8","results":1,"page":1,"version":"1.4"}} 
 </msg>
<msg time="2024-07-25T11:13:02.157022" level="INFO">/opt/hostedtoolcache/Python/3.12.4/x64/lib/python3.12/site-packages/urllib3/connectionpool.py:1099: InsecureRequestWarning: Unverified HTTPS request is being made to host 'randomuser.me'. Adding certificate verification is strongly advised. See: https://urllib3.readthedocs.io/en/latest/advanced-usage.html#tls-warnings
  warnings.warn(</msg>
<msg time="2024-07-25T11:13:02.157127" level="INFO">${response} = &lt;Response [200]&gt;</msg>
<var>${response}</var>
<arg>consultarAPI</arg>
<arg>/api</arg>
<doc>Sends a GET request on a previously created HTTP Session.</doc>
<status status="PASS" start="2024-07-25T11:13:02.089192" elapsed="0.067970"/>
</kw>
<kw name="Set Variable" owner="BuiltIn">
<msg time="2024-07-25T11:13:02.157965" level="INFO">${json_data} = {'results': [{'gender': 'female', 'name': {'title': 'Miss', 'first': 'Milagros', 'last': 'Peña'}, 'location': {'street': {'number': 8169, 'name': 'Avenida de América'}, 'city': 'Oviedo', 'state': 'And...</msg>
<var>${json_data}</var>
<arg>${response.json()}</arg>
<doc>Returns the given values which can then be assigned to a variables.</doc>
<status status="PASS" start="2024-07-25T11:13:02.157523" elapsed="0.000471"/>
</kw>
<kw name="Log" owner="BuiltIn">
<msg time="2024-07-25T11:13:02.158483" level="INFO">{'results': [{'gender': 'female', 'name': {'title': 'Miss', 'first': 'Milagros', 'last': 'Peña'}, 'location': {'street': {'number': 8169, 'name': 'Avenida de América'}, 'city': 'Oviedo', 'state': 'Andalucía', 'country': 'Spain', 'postcode': 23130, 'coordinates': {'latitude': '-31.9417', 'longitude': '175.1515'}, 'timezone': {'offset': '+3:30', 'description': 'Tehran'}}, 'email': 'milagros.pena@example.com', 'login': {'uuid': 'ab19d0a0-2efe-4739-abb8-b09705492d0b', 'username': 'orangepanda116', 'password': 'poetry', 'salt': '395BlK3R', 'md5': 'c68f63f6ddfb7b887641dfac41c10794', 'sha1': '31309e1432eaba5d6844e62a2cb1ad982341bd04', 'sha256': '3965ecc9c45e37b186f7f11e72022a101a5e4705b3be35f9199f2789c3c0629f'}, 'dob': {'date': '1978-01-12T17:39:53.366Z', 'age': 46}, 'registered': {'date': '2012-03-26T17:30:23.167Z', 'age': 12}, 'phone': '932-518-074', 'cell': '675-806-339', 'id': {'name': 'DNI', 'value': '28343934-Q'}, 'picture': {'large': 'https://randomuser.me/api/portraits/women/5.jpg', 'medium': 'https://randomuser.me/api/portraits/med/women/5.jpg', 'thumbnail': 'https://randomuser.me/api/portraits/thumb/women/5.jpg'}, 'nat': 'ES'}], 'info': {'seed': '5fed30e4cbd61ae8', 'results': 1, 'page': 1, 'version': '1.4'}}</msg>
<arg>${json_data}</arg>
<doc>Logs the given message with the given level.</doc>
<status status="PASS" start="2024-07-25T11:13:02.158293" elapsed="0.000238"/>
</kw>
<kw name="Should Be String" owner="String">
<arg>${json_data['results'][0]['gender']}</arg>
<doc>Fails if the given ``item`` is not a string.</doc>
<status status="PASS" start="2024-07-25T11:13:02.158819" elapsed="0.000361"/>
</kw>
<kw name="Should Match Regexp" owner="BuiltIn">
<arg>${json_data['results'][0]['email']}</arg>
<arg>^[a-zA-Z0-9._%+-]+@[a-zA-Z0-9.-]+\.[a-zA-Z]{2,}$</arg>
<doc>Fails if ``string`` does not match ``pattern`` as a regular expression.</doc>
<status status="PASS" start="2024-07-25T11:13:02.159364" elapsed="0.000498"/>
</kw>
<kw name="Should Match Regexp" owner="BuiltIn">
<arg>${json_data['results'][0]['dob']['date']}</arg>
<arg>\\d{4}-\\d{2}-\\d{2}T\\d{2}:\\d{2}:\\d{2}\\.\\d{3}Z</arg>
<doc>Fails if ``string`` does not match ``pattern`` as a regular expression.</doc>
<status status="PASS" start="2024-07-25T11:13:02.160085" elapsed="0.000588"/>
</kw>
<kw name="Should Match Regexp" owner="BuiltIn">
<arg>${json_data['results'][0]['registered']['date']}</arg>
<arg>\\d{4}-\\d{2}-\\d{2}T\\d{2}:\\d{2}:\\d{2}\\.\\d{3}Z</arg>
<doc>Fails if ``string`` does not match ``pattern`` as a regular expression.</doc>
<status status="PASS" start="2024-07-25T11:13:02.160864" elapsed="0.000368"/>
</kw>
<kw name="Should Match Regexp" owner="BuiltIn">
<arg>${json_data['results'][0]['picture']['large']}</arg>
<arg>^https?://.*\.(?:png|jpe?g|gif|bmp)$</arg>
<doc>Fails if ``string`` does not match ``pattern`` as a regular expression.</doc>
<status status="PASS" start="2024-07-25T11:13:02.161413" elapsed="0.000453"/>
</kw>
<kw name="Should Match Regexp" owner="BuiltIn">
<arg>${json_data['results'][0]['picture']['medium']}</arg>
<arg>^https?://.*\.(?:png|jpe?g|gif|bmp)$</arg>
<doc>Fails if ``string`` does not match ``pattern`` as a regular expression.</doc>
<status status="PASS" start="2024-07-25T11:13:02.162049" elapsed="0.000376"/>
</kw>
<kw name="Should Match Regexp" owner="BuiltIn">
<arg>${json_data['results'][0]['picture']['thumbnail']}</arg>
<arg>^https?://.*\.(?:png|jpe?g|gif|bmp)$</arg>
<doc>Fails if ``string`` does not match ``pattern`` as a regular expression.</doc>
<status status="PASS" start="2024-07-25T11:13:02.162608" elapsed="0.000348"/>
</kw>
<kw name="Log" owner="BuiltIn">
<msg time="2024-07-25T11:13:02.163445" level="INFO">{'large': 'https://randomuser.me/api/portraits/women/5.jpg', 'medium': 'https://randomuser.me/api/portraits/med/women/5.jpg', 'thumbnail': 'https://randomuser.me/api/portraits/thumb/women/5.jpg'}</msg>
<arg>${json_data['results'][0]['picture']}</arg>
<doc>Logs the given message with the given level.</doc>
<status status="PASS" start="2024-07-25T11:13:02.163129" elapsed="0.000356"/>
</kw>
<status status="PASS" start="2024-07-25T11:13:02.088973" elapsed="0.074764"/>
</kw>
<kw name="Teste de Tipos de Dados - Postcode" owner="random-user-service">
<kw name="GET On Session" owner="RequestsLibrary">
<msg time="2024-07-25T11:13:02.267218" level="INFO">GET Request : url=https://randomuser.me/api 
 path_url=/api 
 headers={'User-Agent': 'python-requests/2.32.3', 'Accept-Encoding': 'gzip, deflate', 'Accept': '*/*', 'Connection': 'keep-alive'} 
 body=None 
 </msg>
<msg time="2024-07-25T11:13:02.267303" level="INFO">GET Response : url=https://randomuser.me/api 
 status=200, reason=OK 
 headers={'Date': 'Thu, 25 Jul 2024 11:13:02 GMT', 'Content-Type': 'application/json; charset=utf-8', 'Transfer-Encoding': 'chunked', 'Connection': 'keep-alive', 'X-Powered-By': 'Express', 'Access-Control-Allow-Origin': '*', 'Cache-Control': 'no-cache', 'ETag': 'W/"4a4-4dbTOkb0sARkExzVqaHvJFwW6bs"', 'Vary': 'Accept-Encoding', 'Content-Encoding': 'gzip', 'CF-Cache-Status': 'DYNAMIC', 'Report-To': '{"endpoints":[{"url":"https:\\/\\/a.nel.cloudflare.com\\/report\\/v4?s=wRmKiVDoWDVQxrwV4Ztyy5jFLhfCQuC4PLWRBNjvReCY8hAlJwUQbuLqDdhxlhHviMpntZX64hLzOCdRdrhWyi9sdwkV4CyhoAqUk44Bn1fXCIdW4SV%2B%2B%2FKq%2B%2Fhy9xiA"}],"group":"cf-nel","max_age":604800}', 'NEL': '{"success_fraction":0,"report_to":"cf-nel","max_age":604800}', 'Server': 'cloudflare', 'CF-RAY': '8a8bb7e48e26e264-ORD', 'alt-svc': 'h3=":443"; ma=86400'} 
 body={"results":[{"gender":"male","name":{"title":"Mr","first":"Ferrer","last":"da Paz"},"location":{"street":{"number":2700,"name":"Rua Maranhão "},"city":"Coronel Fabriciano","state":"Mato Grosso do Sul","country":"Brazil","postcode":72063,"coordinates":{"latitude":"-77.2195","longitude":"-96.1040"},"timezone":{"offset":"-3:00","description":"Brazil, Buenos Aires, Georgetown"}},"email":"ferrer.dapaz@example.com","login":{"uuid":"6454646b-8fb6-4631-931a-1e1778b25098","username":"bigostrich165","password":"change","salt":"G0Rzxofg","md5":"02d6bbaa99b374222284bf3b8df8e539","sha1":"2e7025e46d41fcc1c51833e237230b2bba5d0f48","sha256":"59d51e22301b557935e7a8ed680f32fa17b8e2b873b7bed7bdb11d0f26e3d976"},"dob":{"date":"1995-04-09T06:28:06.679Z","age":29},"registered":{"date":"2004-02-02T13:38:40.945Z","age":20},"phone":"(45) 7130-6553","cell":"(60) 0440-3144","id":{"name":"CPF","value":"137.874.801-96"},"picture":{"large":"https://randomuser.me/api/portraits/men/47.jpg","medium":"https://randomuser.me/api/portraits/med/men/47.jpg","thumbnail":"https://randomuser.me/api/portraits/thumb/men/47.jpg"},"nat":"BR"}],"info":{"seed":"eed8877409213de9","results":1,"page":1,"version":"1.4"}} 
 </msg>
<msg time="2024-07-25T11:13:02.267371" level="INFO">/opt/hostedtoolcache/Python/3.12.4/x64/lib/python3.12/site-packages/urllib3/connectionpool.py:1099: InsecureRequestWarning: Unverified HTTPS request is being made to host 'randomuser.me'. Adding certificate verification is strongly advised. See: https://urllib3.readthedocs.io/en/latest/advanced-usage.html#tls-warnings
  warnings.warn(</msg>
<msg time="2024-07-25T11:13:02.267454" level="INFO">${response} = &lt;Response [200]&gt;</msg>
<var>${response}</var>
<arg>consultarAPI</arg>
<arg>/api</arg>
<doc>Sends a GET request on a previously created HTTP Session.</doc>
<status status="PASS" start="2024-07-25T11:13:02.164163" elapsed="0.103319"/>
</kw>
<kw name="Set Variable" owner="BuiltIn">
<msg time="2024-07-25T11:13:02.268306" level="INFO">${json_data} = {'results': [{'gender': 'male', 'name': {'title': 'Mr', 'first': 'Ferrer', 'last': 'da Paz'}, 'location': {'street': {'number': 2700, 'name': 'Rua Maranhão '}, 'city': 'Coronel Fabriciano', 'state': '...</msg>
<var>${json_data}</var>
<arg>${response.json()}</arg>
<doc>Returns the given values which can then be assigned to a variables.</doc>
<status status="PASS" start="2024-07-25T11:13:02.267855" elapsed="0.000480"/>
</kw>
<kw name="Log" owner="BuiltIn">
<msg time="2024-07-25T11:13:02.268794" level="INFO">{'results': [{'gender': 'male', 'name': {'title': 'Mr', 'first': 'Ferrer', 'last': 'da Paz'}, 'location': {'street': {'number': 2700, 'name': 'Rua Maranhão '}, 'city': 'Coronel Fabriciano', 'state': 'Mato Grosso do Sul', 'country': 'Brazil', 'postcode': 72063, 'coordinates': {'latitude': '-77.2195', 'longitude': '-96.1040'}, 'timezone': {'offset': '-3:00', 'description': 'Brazil, Buenos Aires, Georgetown'}}, 'email': 'ferrer.dapaz@example.com', 'login': {'uuid': '6454646b-8fb6-4631-931a-1e1778b25098', 'username': 'bigostrich165', 'password': 'change', 'salt': 'G0Rzxofg', 'md5': '02d6bbaa99b374222284bf3b8df8e539', 'sha1': '2e7025e46d41fcc1c51833e237230b2bba5d0f48', 'sha256': '59d51e22301b557935e7a8ed680f32fa17b8e2b873b7bed7bdb11d0f26e3d976'}, 'dob': {'date': '1995-04-09T06:28:06.679Z', 'age': 29}, 'registered': {'date': '2004-02-02T13:38:40.945Z', 'age': 20}, 'phone': '(45) 7130-6553', 'cell': '(60) 0440-3144', 'id': {'name': 'CPF', 'value': '137.874.801-96'}, 'picture': {'large': 'https://randomuser.me/api/portraits/men/47.jpg', 'medium': 'https://randomuser.me/api/portraits/med/men/47.jpg', 'thumbnail': 'https://randomuser.me/api/portraits/thumb/men/47.jpg'}, 'nat': 'BR'}], 'info': {'seed': 'eed8877409213de9', 'results': 1, 'page': 1, 'version': '1.4'}}</msg>
<arg>${json_data}</arg>
<doc>Logs the given message with the given level.</doc>
<status status="PASS" start="2024-07-25T11:13:02.268639" elapsed="0.000206"/>
</kw>
<kw name="Should Be Equal As Numbers" owner="BuiltIn">
<arg>${json_data['results'][0]['location']['postcode']}</arg>
<arg>${json_data['results'][0]['location']['postcode']}</arg>
<doc>Fails if objects are unequal after converting them to real numbers.</doc>
<status status="PASS" start="2024-07-25T11:13:02.269138" elapsed="0.000624"/>
</kw>
<kw name="Log" owner="BuiltIn">
<msg time="2024-07-25T11:13:02.270290" level="INFO">72063</msg>
<arg>${json_data['results'][0]['location']['postcode']}</arg>
<doc>Logs the given message with the given level.</doc>
<status status="PASS" start="2024-07-25T11:13:02.269957" elapsed="0.000373"/>
</kw>
<status status="PASS" start="2024-07-25T11:13:02.163943" elapsed="0.106700"/>
</kw>
<doc>Testa se os tipos de dados na resposta da API estão corretos.</doc>
<tag>testeTiposDados</tag>
<status status="PASS" start="2024-07-25T11:13:02.088514" elapsed="0.182290"/>
</test>
<test id="s1-s1-t5" name="Validar conteudo" line="35">
<kw name="Teste de Tipos de Conteudo" owner="random-user-service">
<kw name="GET On Session" owner="RequestsLibrary">
<msg time="2024-07-25T11:13:02.354556" level="INFO">GET Request : url=https://randomuser.me/api 
 path_url=/api 
 headers={'User-Agent': 'python-requests/2.32.3', 'Accept-Encoding': 'gzip, deflate', 'Accept': '*/*', 'Connection': 'keep-alive'} 
 body=None 
 </msg>
<msg time="2024-07-25T11:13:02.354620" level="INFO">GET Response : url=https://randomuser.me/api 
 status=200, reason=OK 
 headers={'Date': 'Thu, 25 Jul 2024 11:13:02 GMT', 'Content-Type': 'application/json; charset=utf-8', 'Transfer-Encoding': 'chunked', 'Connection': 'keep-alive', 'X-Powered-By': 'Express', 'Access-Control-Allow-Origin': '*', 'Cache-Control': 'no-cache', 'ETag': 'W/"4a0-iSxN7cTpwrmyzRciq+KvM1OMiJY"', 'Vary': 'Accept-Encoding', 'Content-Encoding': 'gzip', 'CF-Cache-Status': 'DYNAMIC', 'Report-To': '{"endpoints":[{"url":"https:\\/\\/a.nel.cloudflare.com\\/report\\/v4?s=4YVRFLVaRbM8wCV8m4GuXiWiOJqrgSxpJwWZQCFUGAYc6%2BGu2M7MXX8KZUZIFO1%2Fdt3xDmQe%2BQIdBi8xLKlPlAw4PDfd06YE1oCgBFJFHdtAXKAXrwLc5cqXpq33wW35"}],"group":"cf-nel","max_age":604800}', 'NEL': '{"success_fraction":0,"report_to":"cf-nel","max_age":604800}', 'Server': 'cloudflare', 'CF-RAY': '8a8bb7e53e90e264-ORD', 'alt-svc': 'h3=":443"; ma=86400'} 
 body={"results":[{"gender":"female","name":{"title":"Miss","first":"Natalie","last":"Baker"},"location":{"street":{"number":8034,"name":"Pecan Acres Ln"},"city":"Charlotte","state":"Minnesota","country":"United States","postcode":85036,"coordinates":{"latitude":"85.2395","longitude":"50.0321"},"timezone":{"offset":"+1:00","description":"Brussels, Copenhagen, Madrid, Paris"}},"email":"natalie.baker@example.com","login":{"uuid":"b037c927-d702-4f7c-9562-81d0e9698f0f","username":"blacklion166","password":"helen","salt":"Cah9EXvv","md5":"8857098c7f115145131e4a4d95420cd7","sha1":"c9af04b042878f668e5e17b208e144e1efc41ddf","sha256":"507d2aa62d31520d268301cbb879057e16eaf3e4587a1509eee80d2b6e6e83ff"},"dob":{"date":"1992-07-20T22:16:53.712Z","age":32},"registered":{"date":"2003-06-03T17:20:27.734Z","age":21},"phone":"(646) 690-9669","cell":"(361) 439-9333","id":{"name":"SSN","value":"334-31-8566"},"picture":{"large":"https://randomuser.me/api/portraits/women/88.jpg","medium":"https://randomuser.me/api/portraits/med/women/88.jpg","thumbnail":"https://randomuser.me/api/portraits/thumb/women/88.jpg"},"nat":"US"}],"info":{"seed":"7af97c63ed0e6a29","results":1,"page":1,"version":"1.4"}} 
 </msg>
<msg time="2024-07-25T11:13:02.354679" level="INFO">/opt/hostedtoolcache/Python/3.12.4/x64/lib/python3.12/site-packages/urllib3/connectionpool.py:1099: InsecureRequestWarning: Unverified HTTPS request is being made to host 'randomuser.me'. Adding certificate verification is strongly advised. See: https://urllib3.readthedocs.io/en/latest/advanced-usage.html#tls-warnings
  warnings.warn(</msg>
<msg time="2024-07-25T11:13:02.354764" level="INFO">${response} = &lt;Response [200]&gt;</msg>
<var>${response}</var>
<arg>consultarAPI</arg>
<arg>/api</arg>
<doc>Sends a GET request on a previously created HTTP Session.</doc>
<status status="PASS" start="2024-07-25T11:13:02.273497" elapsed="0.081306"/>
</kw>
<kw name="Set Variable" owner="BuiltIn">
<msg time="2024-07-25T11:13:02.355620" level="INFO">${json_data} = {'results': [{'gender': 'female', 'name': {'title': 'Miss', 'first': 'Natalie', 'last': 'Baker'}, 'location': {'street': {'number': 8034, 'name': 'Pecan Acres Ln'}, 'city': 'Charlotte', 'state': 'Minn...</msg>
<var>${json_data}</var>
<arg>${response.json()}</arg>
<doc>Returns the given values which can then be assigned to a variables.</doc>
<status status="PASS" start="2024-07-25T11:13:02.355165" elapsed="0.000483"/>
</kw>
<kw name="Set Variable" owner="BuiltIn">
<msg time="2024-07-25T11:13:02.356334" level="INFO">${name_title} = Miss</msg>
<var>${name_title}</var>
<arg>${json_data["results"][0]["name"]["title"]}</arg>
<doc>Returns the given values which can then be assigned to a variables.</doc>
<status status="PASS" start="2024-07-25T11:13:02.355953" elapsed="0.000406"/>
</kw>
<kw name="Create List" owner="BuiltIn">
<msg time="2024-07-25T11:13:02.356798" level="INFO">${allowed_titles} = ['Mr', 'Ms', 'Miss', 'Mrs', 'Madame', 'Monsieur']</msg>
<var>${allowed_titles}</var>
<arg>Mr</arg>
<arg>Ms</arg>
<arg>Miss</arg>
<arg>Mrs</arg>
<arg>Madame</arg>
<arg>Monsieur</arg>
<doc>Returns a list containing given items.</doc>
<status status="PASS" start="2024-07-25T11:13:02.356649" elapsed="0.000173"/>
</kw>
<kw name="List Should Contain Value" owner="Collections">
<arg>${allowed_titles}</arg>
<arg>${name_title}</arg>
<doc>Fails if the ``value`` is not found from ``list``.</doc>
<status status="PASS" start="2024-07-25T11:13:02.357115" elapsed="0.000176"/>
</kw>
<kw name="Set Variable" owner="BuiltIn">
<msg time="2024-07-25T11:13:02.357847" level="INFO">${name_country} = US</msg>
<var>${name_country}</var>
<arg>${json_data["results"][0]["nat"]}</arg>
<doc>Returns the given values which can then be assigned to a variables.</doc>
<status status="PASS" start="2024-07-25T11:13:02.357471" elapsed="0.000400"/>
</kw>
<kw name="Create List" owner="BuiltIn">
<msg time="2024-07-25T11:13:02.358781" level="INFO">${list_country} = ['AD', 'AE', 'AF', 'AG', 'AI', 'AL', 'AM', 'AO', 'AQ', 'AR', 'AS', 'AT', 'AU', 'AW', 'AX', 'AZ', 'BA', 'BB', 'BD', 'BE', 'BF', 'BG', 'BH', 'BI', 'BJ', 'BL', 'BM', 'BN', 'BO', 'BQ', 'BR', 'BS', 'BT', '...</msg>
<var>${list_country}</var>
<arg>AD</arg>
<arg>AE</arg>
<arg>AF</arg>
<arg>AG</arg>
<arg>AI</arg>
<arg>AL</arg>
<arg>AM</arg>
<arg>AO</arg>
<arg>AQ</arg>
<arg>AR</arg>
<arg>AS</arg>
<arg>AT</arg>
<arg>AU</arg>
<arg>AW</arg>
<arg>AX</arg>
<arg>AZ</arg>
<arg>BA</arg>
<arg>BB</arg>
<arg>BD</arg>
<arg>BE</arg>
<arg>BF</arg>
<arg>BG</arg>
<arg>BH</arg>
<arg>BI</arg>
<arg>BJ</arg>
<arg>BL</arg>
<arg>BM</arg>
<arg>BN</arg>
<arg>BO</arg>
<arg>BQ</arg>
<arg>BR</arg>
<arg>BS</arg>
<arg>BT</arg>
<arg>BV</arg>
<arg>BW</arg>
<arg>BY</arg>
<arg>BZ</arg>
<arg>CA</arg>
<arg>CC</arg>
<arg>CD</arg>
<arg>CF</arg>
<arg>CG</arg>
<arg>CH</arg>
<arg>CI</arg>
<arg>CK</arg>
<arg>CL</arg>
<arg>CM</arg>
<arg>CN</arg>
<arg>CO</arg>
<arg>CR</arg>
<arg>CU</arg>
<arg>CV</arg>
<arg>CW</arg>
<arg>CX</arg>
<arg>CY</arg>
<arg>CZ</arg>
<arg>DE</arg>
<arg>DJ</arg>
<arg>DK</arg>
<arg>DM</arg>
<arg>DO</arg>
<arg>DZ</arg>
<arg>EC</arg>
<arg>EE</arg>
<arg>EG</arg>
<arg>EH</arg>
<arg>ER</arg>
<arg>ES</arg>
<arg>ET</arg>
<arg>FI</arg>
<arg>FJ</arg>
<arg>FK</arg>
<arg>FM</arg>
<arg>FO</arg>
<arg>FR</arg>
<arg>GA</arg>
<arg>GB</arg>
<arg>GD</arg>
<arg>GE</arg>
<arg>GF</arg>
<arg>GG</arg>
<arg>GH</arg>
<arg>GI</arg>
<arg>GL</arg>
<arg>GM</arg>
<arg>GN</arg>
<arg>GP</arg>
<arg>GQ</arg>
<arg>GR</arg>
<arg>GS</arg>
<arg>GT</arg>
<arg>GU</arg>
<arg>GW</arg>
<arg>GY</arg>
<arg>HK</arg>
<arg>HM</arg>
<arg>HN</arg>
<arg>HR</arg>
<arg>HT</arg>
<arg>HU</arg>
<arg>ID</arg>
<arg>IE</arg>
<arg>IL</arg>
<arg>IM</arg>
<arg>IN</arg>
<arg>IO</arg>
<arg>IQ</arg>
<arg>IR</arg>
<arg>IS</arg>
<arg>IT</arg>
<arg>JE</arg>
<arg>JM</arg>
<arg>JO</arg>
<arg>JP</arg>
<arg>KE</arg>
<arg>KG</arg>
<arg>KH</arg>
<arg>KI</arg>
<arg>KM</arg>
<arg>KN</arg>
<arg>KP</arg>
<arg>KR</arg>
<arg>KW</arg>
<arg>KY</arg>
<arg>KZ</arg>
<arg>LA</arg>
<arg>LB</arg>
<arg>LC</arg>
<arg>LI</arg>
<arg>LK</arg>
<arg>LR</arg>
<arg>LS</arg>
<arg>LT</arg>
<arg>LU</arg>
<arg>LV</arg>
<arg>LY</arg>
<arg>MA</arg>
<arg>MC</arg>
<arg>MD</arg>
<arg>ME</arg>
<arg>MF</arg>
<arg>MG</arg>
<arg>MH</arg>
<arg>MK</arg>
<arg>ML</arg>
<arg>MM</arg>
<arg>MN</arg>
<arg>MO</arg>
<arg>MP</arg>
<arg>MQ</arg>
<arg>MR</arg>
<arg>MS</arg>
<arg>MT</arg>
<arg>MU</arg>
<arg>MV</arg>
<arg>MW</arg>
<arg>MX</arg>
<arg>MY</arg>
<arg>MZ</arg>
<arg>NA</arg>
<arg>NC</arg>
<arg>NE</arg>
<arg>NF</arg>
<arg>NG</arg>
<arg>NI</arg>
<arg>NL</arg>
<arg>NO</arg>
<arg>NP</arg>
<arg>NR</arg>
<arg>NU</arg>
<arg>NZ</arg>
<arg>OM</arg>
<arg>PA</arg>
<arg>PE</arg>
<arg>PF</arg>
<arg>PG</arg>
<arg>PH</arg>
<arg>PK</arg>
<arg>PL</arg>
<arg>PM</arg>
<arg>PN</arg>
<arg>PR</arg>
<arg>PS</arg>
<arg>PT</arg>
<arg>PW</arg>
<arg>PY</arg>
<arg>QA</arg>
<arg>RE</arg>
<arg>RO</arg>
<arg>RS</arg>
<arg>RU</arg>
<arg>RW</arg>
<arg>SA</arg>
<arg>SB</arg>
<arg>SC</arg>
<arg>SD</arg>
<arg>SE</arg>
<arg>SG</arg>
<arg>SH</arg>
<arg>SI</arg>
<arg>SJ</arg>
<arg>SK</arg>
<arg>SL</arg>
<arg>SM</arg>
<arg>SN</arg>
<arg>SO</arg>
<arg>SR</arg>
<arg>SS</arg>
<arg>ST</arg>
<arg>SV</arg>
<arg>SX</arg>
<arg>SY</arg>
<arg>SZ</arg>
<arg>TC</arg>
<arg>TD</arg>
<arg>TF</arg>
<arg>TG</arg>
<arg>TH</arg>
<arg>TJ</arg>
<arg>TK</arg>
<arg>TL</arg>
<arg>TM</arg>
<arg>TN</arg>
<arg>TO</arg>
<arg>TR</arg>
<arg>TT</arg>
<arg>TV</arg>
<arg>TW</arg>
<arg>TZ</arg>
<arg>UA</arg>
<arg>UG</arg>
<arg>UM</arg>
<arg>US</arg>
<arg>UY</arg>
<arg>UZ</arg>
<arg>VA</arg>
<arg>VC</arg>
<arg>VE</arg>
<arg>VG</arg>
<arg>VI</arg>
<arg>VN</arg>
<arg>VU</arg>
<arg>WF</arg>
<arg>WS</arg>
<arg>XK</arg>
<arg>YE</arg>
<arg>YT</arg>
<arg>ZA</arg>
<arg>ZM</arg>
<arg>ZW</arg>
<doc>Returns a list containing given items.</doc>
<status status="PASS" start="2024-07-25T11:13:02.358157" elapsed="0.000649"/>
</kw>
<kw name="List Should Contain Value" owner="Collections">
<arg>${list_country}</arg>
<arg>${name_country}</arg>
<doc>Fails if the ``value`` is not found from ``list``.</doc>
<status status="PASS" start="2024-07-25T11:13:02.359768" elapsed="0.000213"/>
</kw>
<kw name="Run Keyword If" owner="BuiltIn">
<kw name="Should Be True" owner="BuiltIn">
<arg>${True}</arg>
<doc>Fails if the given condition is not true.</doc>
<status status="PASS" start="2024-07-25T11:13:02.360928" elapsed="0.000144"/>
</kw>
<arg>${json_data["results"][0]["location"]["coordinates"]["latitude"]} &gt;= -90 and ${json_data["results"][0]["location"]["coordinates"]["latitude"]} &lt;= 90</arg>
<arg>Should Be True</arg>
<arg>${True}</arg>
<doc>Runs the given keyword with the given arguments, if ``condition`` is true.</doc>
<status status="PASS" start="2024-07-25T11:13:02.360181" elapsed="0.001016"/>
</kw>
<kw name="Run Keyword If" owner="BuiltIn">
<kw name="Should Be True" owner="BuiltIn">
<arg>${True}</arg>
<doc>Fails if the given condition is not true.</doc>
<status status="PASS" start="2024-07-25T11:13:02.362068" elapsed="0.000137"/>
</kw>
<arg>${json_data["results"][0]["location"]["coordinates"]["longitude"]} &gt;= -180 and ${json_data["results"][0]["location"]["coordinates"]["longitude"]} &lt;= 180</arg>
<arg>Should Be True</arg>
<arg>${True}</arg>
<doc>Runs the given keyword with the given arguments, if ``condition`` is true.</doc>
<status status="PASS" start="2024-07-25T11:13:02.361377" elapsed="0.000950"/>
</kw>
<status status="PASS" start="2024-07-25T11:13:02.273134" elapsed="0.089346"/>
</kw>
<doc>Testa o conteúdo específico dos campos retornados pela API.</doc>
<tag>testeConteudo</tag>
<status status="PASS" start="2024-07-25T11:13:02.272505" elapsed="0.090115"/>
</test>
<status status="PASS" start="2024-07-25T11:13:01.267773" elapsed="1.096677"/>
</suite>
<status status="PASS" start="2024-07-25T11:13:01.253357" elapsed="1.116023"/>
</suite>
<statistics>
<total>
<stat pass="5" fail="0" skip="0">All Tests</stat>
</total>
<tag>
<stat pass="1" fail="0" skip="0">testeConteudo</stat>
<stat pass="1" fail="0" skip="0">testeEstruturaResposta</stat>
<stat pass="1" fail="0" skip="0">testeRequisicaoBasica</stat>
<stat pass="1" fail="0" skip="0">testeTiposDados</stat>
</tag>
<suite>
<stat pass="5" fail="0" skip="0" id="s1" name="Tests">Tests</stat>
<stat pass="5" fail="0" skip="0" id="s1-s1" name="Random-User-Test">Tests.Random-User-Test</stat>
</suite>
</statistics>
<errors>
</errors>
</robot>
