<?xml version="1.0" encoding="UTF-8"?>
<robot generator="Robot 7.0 (Python 3.12.3 on linux)" generated="2024-05-04T15:13:52.214219" rpa="false" schemaversion="5">
<suite id="s1" name="Tests" source="/home/runner/work/DesafioQAItauRogerioJordao/DesafioQAItauRogerioJordao/RamdonUser/tests">
<suite id="s1-s1" name="Random-User-Test" source="/home/runner/work/DesafioQAItauRogerioJordao/DesafioQAItauRogerioJordao/RamdonUser/tests/random-user-test.robot">
<test id="s1-s1-t1" name="Conectar" line="13">
<kw name="Conectar API" owner="random-user-service">
<kw name="Create Session" owner="RequestsLibrary">
<msg time="2024-05-04T15:13:52.567972" level="INFO">Creating Session using : alias=consultarAPI, url=https://randomuser.me/, headers={},                     cookies={}, auth=None, timeout=None, proxies=None, verify=False,                     debug=0 </msg>
<arg>consultarAPI</arg>
<arg>${URL}</arg>
<doc>Create Session: create a HTTP session to a server</doc>
<status status="PASS" start="2024-05-04T15:13:52.567773" elapsed="0.000377"/>
</kw>
<status status="PASS" start="2024-05-04T15:13:52.566787" elapsed="0.001710"/>
</kw>
<status status="PASS" start="2024-05-04T15:13:52.566242" elapsed="0.002444"/>
</test>
<test id="s1-s1-t2" name="Validar retorno 200 e JSON Válido" line="16">
<kw name="Teste de Requisicao Basica" owner="random-user-service">
<kw name="GET On Session" owner="RequestsLibrary">
<msg time="2024-05-04T15:13:52.659354" level="INFO">GET Request : url=https://randomuser.me/api 
 path_url=/api 
 headers={'User-Agent': 'python-requests/2.31.0', 'Accept-Encoding': 'gzip, deflate', 'Accept': '*/*', 'Connection': 'keep-alive'} 
 body=None 
 </msg>
<msg time="2024-05-04T15:13:52.659465" level="INFO">GET Response : url=https://randomuser.me/api 
 status=200, reason=OK 
 headers={'Date': 'Sat, 04 May 2024 15:13:52 GMT', 'Content-Type': 'application/json; charset=utf-8', 'Transfer-Encoding': 'chunked', 'Connection': 'keep-alive', 'X-Powered-By': 'Express', 'Access-Control-Allow-Origin': '*', 'Cache-Control': 'no-cache', 'ETag': 'W/"4bf-/z0HWwcuUhwcrmaCKuOcUrnQHEM"', 'Vary': 'Accept-Encoding', 'Content-Encoding': 'gzip', 'CF-Cache-Status': 'DYNAMIC', 'Report-To': '{"endpoints":[{"url":"https:\\/\\/a.nel.cloudflare.com\\/report\\/v4?s=hVWTo0IXi6UDw%2FS1I7yzDsFDAmWYbsHJTMGSVxDW8AhEUPRGH71Tv4Rbnpv0Xp%2BQdZRLrYMDEKSHXA0hTSh%2BxFLTa57AJ%2FL2zObhyU6q52QiF0sOC9HXo4qi0UVAGcnf"}],"group":"cf-nel","max_age":604800}', 'NEL': '{"success_fraction":0,"report_to":"cf-nel","max_age":604800}', 'Server': 'cloudflare', 'CF-RAY': '87e96fefdb7a3988-IAD', 'alt-svc': 'h3=":443"; ma=86400'} 
 body={"results":[{"gender":"female","name":{"title":"Mademoiselle","first":"Angélique","last":"Fernandez"},"location":{"street":{"number":3377,"name":"Avenue des Ternes"},"city":"Maggia","state":"Luzern","country":"Switzerland","postcode":2611,"coordinates":{"latitude":"-56.0528","longitude":"112.7087"},"timezone":{"offset":"+3:00","description":"Baghdad, Riyadh, Moscow, St. Petersburg"}},"email":"angelique.fernandez@example.com","login":{"uuid":"14285086-c970-42bc-90ac-96f33622a2b7","username":"silvermeercat447","password":"patrick1","salt":"MDbkTV1b","md5":"f2ac44f9e11051a85126708b1ef59961","sha1":"790f13149819167207bd98bff5492277b835b126","sha256":"eb94e3c11762a5a8ab56c80d3a383a2f92c828ce7be84392c0c0a89d2b7c06ce"},"dob":{"date":"2000-10-02T15:29:01.902Z","age":23},"registered":{"date":"2006-05-23T08:59:33.735Z","age":17},"phone":"075 617 43 36","cell":"077 349 46 69","id":{"name":"AVS","value":"756.2024.5947.74"},"picture":{"large":"https://randomuser.me/api/portraits/women/23.jpg","medium":"https://randomuser.me/api/portraits/med/women/23.jpg","thumbnail":"https://randomuser.me/api/portraits/thumb/women/23.jpg"},"nat":"CH"}],"info":{"seed":"6b6e9fe7801562e5","results":1,"page":1,"version":"1.4"}} 
 </msg>
<msg time="2024-05-04T15:13:52.659541" level="INFO">/opt/hostedtoolcache/Python/3.12.3/x64/lib/python3.12/site-packages/urllib3/connectionpool.py:1103: InsecureRequestWarning: Unverified HTTPS request is being made to host 'randomuser.me'. Adding certificate verification is strongly advised. See: https://urllib3.readthedocs.io/en/latest/advanced-usage.html#tls-warnings
  warnings.warn(</msg>
<msg time="2024-05-04T15:13:52.659656" level="INFO">${response} = &lt;Response [200]&gt;</msg>
<var>${response}</var>
<arg>consultarAPI</arg>
<arg>/api</arg>
<doc>Sends a GET request on a previously created HTTP Session.</doc>
<status status="PASS" start="2024-05-04T15:13:52.571308" elapsed="0.088411"/>
</kw>
<kw name="Should Be Equal As Numbers" owner="BuiltIn">
<msg time="2024-05-04T15:13:52.660701" level="INFO">Argument types are:
&lt;class 'int'&gt;
&lt;class 'str'&gt;</msg>
<arg>${response.status_code}</arg>
<arg>200</arg>
<doc>Fails if objects are unequal after converting them to real numbers.</doc>
<status status="PASS" start="2024-05-04T15:13:52.660219" elapsed="0.000548"/>
</kw>
<kw name="Log" owner="BuiltIn">
<msg time="2024-05-04T15:13:52.661450" level="INFO">200</msg>
<arg>${response.status_code}</arg>
<doc>Logs the given message with the given level.</doc>
<status status="PASS" start="2024-05-04T15:13:52.661098" elapsed="0.000396"/>
</kw>
<kw name="Set Variable" owner="BuiltIn">
<msg time="2024-05-04T15:13:52.662243" level="INFO">${json_data} = {'results': [{'gender': 'female', 'name': {'title': 'Mademoiselle', 'first': 'Angélique', 'last': 'Fernandez'}, 'location': {'street': {'number': 3377, 'name': 'Avenue des Ternes'}, 'city': 'Maggia', ...</msg>
<var>${json_data}</var>
<arg>${response.json()}</arg>
<doc>Returns the given values which can then be assigned to a variables.</doc>
<status status="PASS" start="2024-05-04T15:13:52.661795" elapsed="0.000482"/>
</kw>
<kw name="Dictionary Should Contain Key" owner="Collections">
<msg time="2024-05-04T15:13:52.662747" level="INFO">False</msg>
<arg>${json_data}</arg>
<arg>results</arg>
<doc>Fails if ``key`` is not found from ``dictionary``.</doc>
<status status="PASS" start="2024-05-04T15:13:52.662584" elapsed="0.000203"/>
</kw>
<status status="PASS" start="2024-05-04T15:13:52.571066" elapsed="0.091969"/>
</kw>
<doc>Testa se a API responde corretamente e retorna um objeto JSON válido.</doc>
<tag>testeRequisicaoBasica</tag>
<status status="PASS" start="2024-05-04T15:13:52.570572" elapsed="0.092632"/>
</test>
<test id="s1-s1-t3" name="Validar estrutura de resposta" line="22">
<kw name="Teste de Estrutura de Resposta" owner="random-user-service">
<kw name="GET On Session" owner="RequestsLibrary">
<msg time="2024-05-04T15:13:52.753928" level="INFO">GET Request : url=https://randomuser.me/api 
 path_url=/api 
 headers={'User-Agent': 'python-requests/2.31.0', 'Accept-Encoding': 'gzip, deflate', 'Accept': '*/*', 'Connection': 'keep-alive'} 
 body=None 
 </msg>
<msg time="2024-05-04T15:13:52.754016" level="INFO">GET Response : url=https://randomuser.me/api 
 status=200, reason=OK 
 headers={'Date': 'Sat, 04 May 2024 15:13:52 GMT', 'Content-Type': 'application/json; charset=utf-8', 'Transfer-Encoding': 'chunked', 'Connection': 'keep-alive', 'X-Powered-By': 'Express', 'Access-Control-Allow-Origin': '*', 'Cache-Control': 'no-cache', 'ETag': 'W/"47d-kKAcL2zPR31+vK6WJfFaQzKdt+I"', 'Vary': 'Accept-Encoding', 'Content-Encoding': 'gzip', 'CF-Cache-Status': 'DYNAMIC', 'Report-To': '{"endpoints":[{"url":"https:\\/\\/a.nel.cloudflare.com\\/report\\/v4?s=yRkRA85CP5vBcPFoMemDStKLfMPpzmFb6IvFWvJCffoek6xZMPHadyOZKXcgNvwHh4GHcU5Hik0FSnMCJj%2B8rzURzGI80TQln%2Flu%2BT4hdcG3UBOP8hX3Fm%2BiPkEUjd5r"}],"group":"cf-nel","max_age":604800}', 'NEL': '{"success_fraction":0,"report_to":"cf-nel","max_age":604800}', 'Server': 'cloudflare', 'CF-RAY': '87e96ff02c073988-IAD', 'alt-svc': 'h3=":443"; ma=86400'} 
 body={"results":[{"gender":"male","name":{"title":"Mr","first":"Nemanja","last":"Dinčić"},"location":{"street":{"number":7996,"name":"Anastasije Spasić "},"city":"Leposavić","state":"Srem","country":"Serbia","postcode":11351,"coordinates":{"latitude":"64.2799","longitude":"-31.5222"},"timezone":{"offset":"-3:30","description":"Newfoundland"}},"email":"nemanja.dincic@example.com","login":{"uuid":"914c06d0-5ec2-4093-80d3-9bcd221be1e9","username":"ticklishelephant652","password":"1213","salt":"u4VlcLot","md5":"962124a94d522b319b50fa333e6c847e","sha1":"6081cd684de1f4d4c7a0251ed13031b3db2c827d","sha256":"fc44d9f6a48f4bfd4b600a934b2b7ba80f0ec53804edce1a237e5685e83c9a8f"},"dob":{"date":"1984-06-01T00:31:05.846Z","age":39},"registered":{"date":"2018-03-22T14:09:23.808Z","age":6},"phone":"011-0681-951","cell":"060-3392-715","id":{"name":"SID","value":"648508955"},"picture":{"large":"https://randomuser.me/api/portraits/men/85.jpg","medium":"https://randomuser.me/api/portraits/med/men/85.jpg","thumbnail":"https://randomuser.me/api/portraits/thumb/men/85.jpg"},"nat":"RS"}],"info":{"seed":"5bd8c8ff39fefa52","results":1,"page":1,"version":"1.4"}} 
 </msg>
<msg time="2024-05-04T15:13:52.754142" level="INFO">/opt/hostedtoolcache/Python/3.12.3/x64/lib/python3.12/site-packages/urllib3/connectionpool.py:1103: InsecureRequestWarning: Unverified HTTPS request is being made to host 'randomuser.me'. Adding certificate verification is strongly advised. See: https://urllib3.readthedocs.io/en/latest/advanced-usage.html#tls-warnings
  warnings.warn(</msg>
<msg time="2024-05-04T15:13:52.754284" level="INFO">${response} = &lt;Response [200]&gt;</msg>
<var>${response}</var>
<arg>consultarAPI</arg>
<arg>/api</arg>
<doc>Sends a GET request on a previously created HTTP Session.</doc>
<status status="PASS" start="2024-05-04T15:13:52.665769" elapsed="0.088566"/>
</kw>
<kw name="Set Variable" owner="BuiltIn">
<msg time="2024-05-04T15:13:52.755381" level="INFO">${json_data} = {'results': [{'gender': 'male', 'name': {'title': 'Mr', 'first': 'Nemanja', 'last': 'Dinčić'}, 'location': {'street': {'number': 7996, 'name': 'Anastasije Spasić '}, 'city': 'Leposavić', 'state': 'Sre...</msg>
<var>${json_data}</var>
<arg>${response.json()}</arg>
<doc>Returns the given values which can then be assigned to a variables.</doc>
<status status="PASS" start="2024-05-04T15:13:52.754821" elapsed="0.000591"/>
</kw>
<kw name="Log" owner="BuiltIn">
<msg time="2024-05-04T15:13:52.755925" level="INFO">{'results': [{'gender': 'male', 'name': {'title': 'Mr', 'first': 'Nemanja', 'last': 'Dinčić'}, 'location': {'street': {'number': 7996, 'name': 'Anastasije Spasić '}, 'city': 'Leposavić', 'state': 'Srem', 'country': 'Serbia', 'postcode': 11351, 'coordinates': {'latitude': '64.2799', 'longitude': '-31.5222'}, 'timezone': {'offset': '-3:30', 'description': 'Newfoundland'}}, 'email': 'nemanja.dincic@example.com', 'login': {'uuid': '914c06d0-5ec2-4093-80d3-9bcd221be1e9', 'username': 'ticklishelephant652', 'password': '1213', 'salt': 'u4VlcLot', 'md5': '962124a94d522b319b50fa333e6c847e', 'sha1': '6081cd684de1f4d4c7a0251ed13031b3db2c827d', 'sha256': 'fc44d9f6a48f4bfd4b600a934b2b7ba80f0ec53804edce1a237e5685e83c9a8f'}, 'dob': {'date': '1984-06-01T00:31:05.846Z', 'age': 39}, 'registered': {'date': '2018-03-22T14:09:23.808Z', 'age': 6}, 'phone': '011-0681-951', 'cell': '060-3392-715', 'id': {'name': 'SID', 'value': '648508955'}, 'picture': {'large': 'https://randomuser.me/api/portraits/men/85.jpg', 'medium': 'https://randomuser.me/api/portraits/med/men/85.jpg', 'thumbnail': 'https://randomuser.me/api/portraits/thumb/men/85.jpg'}, 'nat': 'RS'}], 'info': {'seed': '5bd8c8ff39fefa52', 'results': 1, 'page': 1, 'version': '1.4'}}</msg>
<arg>${json_data}</arg>
<doc>Logs the given message with the given level.</doc>
<status status="PASS" start="2024-05-04T15:13:52.755754" elapsed="0.000223"/>
</kw>
<kw name="Dictionary Should Contain Key" owner="Collections">
<msg time="2024-05-04T15:13:52.756432" level="INFO">False</msg>
<arg>${json_data}</arg>
<arg>results</arg>
<doc>Fails if ``key`` is not found from ``dictionary``.</doc>
<status status="PASS" start="2024-05-04T15:13:52.756281" elapsed="0.000189"/>
</kw>
<kw name="Should Not Be Empty" owner="BuiltIn">
<msg time="2024-05-04T15:13:52.756892" level="INFO">Length is 2.</msg>
<arg>${json_data}</arg>
<doc>Verifies that the given item is not empty.</doc>
<status status="PASS" start="2024-05-04T15:13:52.756762" elapsed="0.000169"/>
</kw>
<kw name="Create List" owner="BuiltIn">
<msg time="2024-05-04T15:13:52.757493" level="INFO">${expected_keys} = ['gender', 'name', 'location', 'email', 'login']</msg>
<var>${expected_keys}</var>
<arg>gender</arg>
<arg>name</arg>
<arg>location</arg>
<arg>email</arg>
<arg>login</arg>
<doc>Returns a list containing given items.</doc>
<status status="PASS" start="2024-05-04T15:13:52.757218" elapsed="0.000300"/>
</kw>
<for flavor="IN">
<iter>
<kw name="Dictionary Should Contain Key" owner="Collections">
<msg time="2024-05-04T15:13:52.758493" level="INFO">False</msg>
<arg>${json_data['results'][0]}</arg>
<arg>${key}</arg>
<doc>Fails if ``key`` is not found from ``dictionary``.</doc>
<status status="PASS" start="2024-05-04T15:13:52.758091" elapsed="0.000441"/>
</kw>
<kw name="Log" owner="BuiltIn">
<msg time="2024-05-04T15:13:52.759211" level="INFO">{'gender': 'male', 'name': {'title': 'Mr', 'first': 'Nemanja', 'last': 'Dinčić'}, 'location': {'street': {'number': 7996, 'name': 'Anastasije Spasić '}, 'city': 'Leposavić', 'state': 'Srem', 'country': 'Serbia', 'postcode': 11351, 'coordinates': {'latitude': '64.2799', 'longitude': '-31.5222'}, 'timezone': {'offset': '-3:30', 'description': 'Newfoundland'}}, 'email': 'nemanja.dincic@example.com', 'login': {'uuid': '914c06d0-5ec2-4093-80d3-9bcd221be1e9', 'username': 'ticklishelephant652', 'password': '1213', 'salt': 'u4VlcLot', 'md5': '962124a94d522b319b50fa333e6c847e', 'sha1': '6081cd684de1f4d4c7a0251ed13031b3db2c827d', 'sha256': 'fc44d9f6a48f4bfd4b600a934b2b7ba80f0ec53804edce1a237e5685e83c9a8f'}, 'dob': {'date': '1984-06-01T00:31:05.846Z', 'age': 39}, 'registered': {'date': '2018-03-22T14:09:23.808Z', 'age': 6}, 'phone': '011-0681-951', 'cell': '060-3392-715', 'id': {'name': 'SID', 'value': '648508955'}, 'picture': {'large': 'https://randomuser.me/api/portraits/men/85.jpg', 'medium': 'https://randomuser.me/api/portraits/med/men/85.jpg', 'thumbnail': 'https://randomuser.me/api/portraits/thumb/men/85.jpg'}, 'nat': 'RS'}</msg>
<arg>${json_data['results'][0]}</arg>
<doc>Logs the given message with the given level.</doc>
<status status="PASS" start="2024-05-04T15:13:52.758839" elapsed="0.000424"/>
</kw>
<kw name="Log" owner="BuiltIn">
<msg time="2024-05-04T15:13:52.759718" level="INFO">gender</msg>
<arg>${key}</arg>
<doc>Logs the given message with the given level.</doc>
<status status="PASS" start="2024-05-04T15:13:52.759565" elapsed="0.000199"/>
</kw>
<var name="${key}">gender</var>
<status status="PASS" start="2024-05-04T15:13:52.757967" elapsed="0.002016"/>
</iter>
<iter>
<kw name="Dictionary Should Contain Key" owner="Collections">
<msg time="2024-05-04T15:13:52.760681" level="INFO">False</msg>
<arg>${json_data['results'][0]}</arg>
<arg>${key}</arg>
<doc>Fails if ``key`` is not found from ``dictionary``.</doc>
<status status="PASS" start="2024-05-04T15:13:52.760283" elapsed="0.000435"/>
</kw>
<kw name="Log" owner="BuiltIn">
<msg time="2024-05-04T15:13:52.761409" level="INFO">{'gender': 'male', 'name': {'title': 'Mr', 'first': 'Nemanja', 'last': 'Dinčić'}, 'location': {'street': {'number': 7996, 'name': 'Anastasije Spasić '}, 'city': 'Leposavić', 'state': 'Srem', 'country': 'Serbia', 'postcode': 11351, 'coordinates': {'latitude': '64.2799', 'longitude': '-31.5222'}, 'timezone': {'offset': '-3:30', 'description': 'Newfoundland'}}, 'email': 'nemanja.dincic@example.com', 'login': {'uuid': '914c06d0-5ec2-4093-80d3-9bcd221be1e9', 'username': 'ticklishelephant652', 'password': '1213', 'salt': 'u4VlcLot', 'md5': '962124a94d522b319b50fa333e6c847e', 'sha1': '6081cd684de1f4d4c7a0251ed13031b3db2c827d', 'sha256': 'fc44d9f6a48f4bfd4b600a934b2b7ba80f0ec53804edce1a237e5685e83c9a8f'}, 'dob': {'date': '1984-06-01T00:31:05.846Z', 'age': 39}, 'registered': {'date': '2018-03-22T14:09:23.808Z', 'age': 6}, 'phone': '011-0681-951', 'cell': '060-3392-715', 'id': {'name': 'SID', 'value': '648508955'}, 'picture': {'large': 'https://randomuser.me/api/portraits/men/85.jpg', 'medium': 'https://randomuser.me/api/portraits/med/men/85.jpg', 'thumbnail': 'https://randomuser.me/api/portraits/thumb/men/85.jpg'}, 'nat': 'RS'}</msg>
<arg>${json_data['results'][0]}</arg>
<doc>Logs the given message with the given level.</doc>
<status status="PASS" start="2024-05-04T15:13:52.761042" elapsed="0.000417"/>
</kw>
<kw name="Log" owner="BuiltIn">
<msg time="2024-05-04T15:13:52.761894" level="INFO">name</msg>
<arg>${key}</arg>
<doc>Logs the given message with the given level.</doc>
<status status="PASS" start="2024-05-04T15:13:52.761768" elapsed="0.000165"/>
</kw>
<var name="${key}">name</var>
<status status="PASS" start="2024-05-04T15:13:52.760169" elapsed="0.001980"/>
</iter>
<iter>
<kw name="Dictionary Should Contain Key" owner="Collections">
<msg time="2024-05-04T15:13:52.762829" level="INFO">False</msg>
<arg>${json_data['results'][0]}</arg>
<arg>${key}</arg>
<doc>Fails if ``key`` is not found from ``dictionary``.</doc>
<status status="PASS" start="2024-05-04T15:13:52.762443" elapsed="0.000424"/>
</kw>
<kw name="Log" owner="BuiltIn">
<msg time="2024-05-04T15:13:52.763531" level="INFO">{'gender': 'male', 'name': {'title': 'Mr', 'first': 'Nemanja', 'last': 'Dinčić'}, 'location': {'street': {'number': 7996, 'name': 'Anastasije Spasić '}, 'city': 'Leposavić', 'state': 'Srem', 'country': 'Serbia', 'postcode': 11351, 'coordinates': {'latitude': '64.2799', 'longitude': '-31.5222'}, 'timezone': {'offset': '-3:30', 'description': 'Newfoundland'}}, 'email': 'nemanja.dincic@example.com', 'login': {'uuid': '914c06d0-5ec2-4093-80d3-9bcd221be1e9', 'username': 'ticklishelephant652', 'password': '1213', 'salt': 'u4VlcLot', 'md5': '962124a94d522b319b50fa333e6c847e', 'sha1': '6081cd684de1f4d4c7a0251ed13031b3db2c827d', 'sha256': 'fc44d9f6a48f4bfd4b600a934b2b7ba80f0ec53804edce1a237e5685e83c9a8f'}, 'dob': {'date': '1984-06-01T00:31:05.846Z', 'age': 39}, 'registered': {'date': '2018-03-22T14:09:23.808Z', 'age': 6}, 'phone': '011-0681-951', 'cell': '060-3392-715', 'id': {'name': 'SID', 'value': '648508955'}, 'picture': {'large': 'https://randomuser.me/api/portraits/men/85.jpg', 'medium': 'https://randomuser.me/api/portraits/med/men/85.jpg', 'thumbnail': 'https://randomuser.me/api/portraits/thumb/men/85.jpg'}, 'nat': 'RS'}</msg>
<arg>${json_data['results'][0]}</arg>
<doc>Logs the given message with the given level.</doc>
<status status="PASS" start="2024-05-04T15:13:52.763164" elapsed="0.000418"/>
</kw>
<kw name="Log" owner="BuiltIn">
<msg time="2024-05-04T15:13:52.764034" level="INFO">location</msg>
<arg>${key}</arg>
<doc>Logs the given message with the given level.</doc>
<status status="PASS" start="2024-05-04T15:13:52.763906" elapsed="0.000166"/>
</kw>
<var name="${key}">location</var>
<status status="PASS" start="2024-05-04T15:13:52.762331" elapsed="0.001954"/>
</iter>
<iter>
<kw name="Dictionary Should Contain Key" owner="Collections">
<msg time="2024-05-04T15:13:52.764960" level="INFO">False</msg>
<arg>${json_data['results'][0]}</arg>
<arg>${key}</arg>
<doc>Fails if ``key`` is not found from ``dictionary``.</doc>
<status status="PASS" start="2024-05-04T15:13:52.764574" elapsed="0.000423"/>
</kw>
<kw name="Log" owner="BuiltIn">
<msg time="2024-05-04T15:13:52.765655" level="INFO">{'gender': 'male', 'name': {'title': 'Mr', 'first': 'Nemanja', 'last': 'Dinčić'}, 'location': {'street': {'number': 7996, 'name': 'Anastasije Spasić '}, 'city': 'Leposavić', 'state': 'Srem', 'country': 'Serbia', 'postcode': 11351, 'coordinates': {'latitude': '64.2799', 'longitude': '-31.5222'}, 'timezone': {'offset': '-3:30', 'description': 'Newfoundland'}}, 'email': 'nemanja.dincic@example.com', 'login': {'uuid': '914c06d0-5ec2-4093-80d3-9bcd221be1e9', 'username': 'ticklishelephant652', 'password': '1213', 'salt': 'u4VlcLot', 'md5': '962124a94d522b319b50fa333e6c847e', 'sha1': '6081cd684de1f4d4c7a0251ed13031b3db2c827d', 'sha256': 'fc44d9f6a48f4bfd4b600a934b2b7ba80f0ec53804edce1a237e5685e83c9a8f'}, 'dob': {'date': '1984-06-01T00:31:05.846Z', 'age': 39}, 'registered': {'date': '2018-03-22T14:09:23.808Z', 'age': 6}, 'phone': '011-0681-951', 'cell': '060-3392-715', 'id': {'name': 'SID', 'value': '648508955'}, 'picture': {'large': 'https://randomuser.me/api/portraits/men/85.jpg', 'medium': 'https://randomuser.me/api/portraits/med/men/85.jpg', 'thumbnail': 'https://randomuser.me/api/portraits/thumb/men/85.jpg'}, 'nat': 'RS'}</msg>
<arg>${json_data['results'][0]}</arg>
<doc>Logs the given message with the given level.</doc>
<status status="PASS" start="2024-05-04T15:13:52.765294" elapsed="0.000411"/>
</kw>
<kw name="Log" owner="BuiltIn">
<msg time="2024-05-04T15:13:52.766130" level="INFO">email</msg>
<arg>${key}</arg>
<doc>Logs the given message with the given level.</doc>
<status status="PASS" start="2024-05-04T15:13:52.766004" elapsed="0.000163"/>
</kw>
<var name="${key}">email</var>
<status status="PASS" start="2024-05-04T15:13:52.764462" elapsed="0.001925"/>
</iter>
<iter>
<kw name="Dictionary Should Contain Key" owner="Collections">
<msg time="2024-05-04T15:13:52.767053" level="INFO">False</msg>
<arg>${json_data['results'][0]}</arg>
<arg>${key}</arg>
<doc>Fails if ``key`` is not found from ``dictionary``.</doc>
<status status="PASS" start="2024-05-04T15:13:52.766674" elapsed="0.000416"/>
</kw>
<kw name="Log" owner="BuiltIn">
<msg time="2024-05-04T15:13:52.767785" level="INFO">{'gender': 'male', 'name': {'title': 'Mr', 'first': 'Nemanja', 'last': 'Dinčić'}, 'location': {'street': {'number': 7996, 'name': 'Anastasije Spasić '}, 'city': 'Leposavić', 'state': 'Srem', 'country': 'Serbia', 'postcode': 11351, 'coordinates': {'latitude': '64.2799', 'longitude': '-31.5222'}, 'timezone': {'offset': '-3:30', 'description': 'Newfoundland'}}, 'email': 'nemanja.dincic@example.com', 'login': {'uuid': '914c06d0-5ec2-4093-80d3-9bcd221be1e9', 'username': 'ticklishelephant652', 'password': '1213', 'salt': 'u4VlcLot', 'md5': '962124a94d522b319b50fa333e6c847e', 'sha1': '6081cd684de1f4d4c7a0251ed13031b3db2c827d', 'sha256': 'fc44d9f6a48f4bfd4b600a934b2b7ba80f0ec53804edce1a237e5685e83c9a8f'}, 'dob': {'date': '1984-06-01T00:31:05.846Z', 'age': 39}, 'registered': {'date': '2018-03-22T14:09:23.808Z', 'age': 6}, 'phone': '011-0681-951', 'cell': '060-3392-715', 'id': {'name': 'SID', 'value': '648508955'}, 'picture': {'large': 'https://randomuser.me/api/portraits/men/85.jpg', 'medium': 'https://randomuser.me/api/portraits/med/men/85.jpg', 'thumbnail': 'https://randomuser.me/api/portraits/thumb/men/85.jpg'}, 'nat': 'RS'}</msg>
<arg>${json_data['results'][0]}</arg>
<doc>Logs the given message with the given level.</doc>
<status status="PASS" start="2024-05-04T15:13:52.767382" elapsed="0.000457"/>
</kw>
<kw name="Log" owner="BuiltIn">
<msg time="2024-05-04T15:13:52.768271" level="INFO">login</msg>
<arg>${key}</arg>
<doc>Logs the given message with the given level.</doc>
<status status="PASS" start="2024-05-04T15:13:52.768144" elapsed="0.000165"/>
</kw>
<var name="${key}">login</var>
<status status="PASS" start="2024-05-04T15:13:52.766563" elapsed="0.001962"/>
</iter>
<var>${key}</var>
<value>@{expected_keys}</value>
<status status="PASS" start="2024-05-04T15:13:52.757785" elapsed="0.010889"/>
</for>
<kw name="Create List" owner="BuiltIn">
<msg time="2024-05-04T15:13:52.769016" level="INFO">${expected_keysTwo} = ['username', 'password']</msg>
<var>${expected_keysTwo}</var>
<arg>username</arg>
<arg>password</arg>
<doc>Returns a list containing given items.</doc>
<status status="PASS" start="2024-05-04T15:13:52.768874" elapsed="0.000167"/>
</kw>
<for flavor="IN">
<iter>
<kw name="Dictionary Should Contain Key" owner="Collections">
<msg time="2024-05-04T15:13:52.769936" level="INFO">False</msg>
<arg>${json_data['results'][0]['login']}</arg>
<arg>${keyTwo}</arg>
<doc>Fails if ``key`` is not found from ``dictionary``.</doc>
<status status="PASS" start="2024-05-04T15:13:52.769550" elapsed="0.000423"/>
</kw>
<kw name="Dictionary Should Contain Key" owner="Collections">
<msg time="2024-05-04T15:13:52.770649" level="INFO">False</msg>
<arg>${json_data['results'][0]['login']}</arg>
<arg>${keyTwo}</arg>
<doc>Fails if ``key`` is not found from ``dictionary``.</doc>
<status status="PASS" start="2024-05-04T15:13:52.770265" elapsed="0.000422"/>
</kw>
<kw name="Log" owner="BuiltIn">
<msg time="2024-05-04T15:13:52.771103" level="INFO">username</msg>
<arg>${keyTwo}</arg>
<doc>Logs the given message with the given level.</doc>
<status status="PASS" start="2024-05-04T15:13:52.770978" elapsed="0.000168"/>
</kw>
<var name="${keyTwo}">username</var>
<status status="PASS" start="2024-05-04T15:13:52.769441" elapsed="0.001917"/>
</iter>
<iter>
<kw name="Dictionary Should Contain Key" owner="Collections">
<msg time="2024-05-04T15:13:52.772053" level="INFO">False</msg>
<arg>${json_data['results'][0]['login']}</arg>
<arg>${keyTwo}</arg>
<doc>Fails if ``key`` is not found from ``dictionary``.</doc>
<status status="PASS" start="2024-05-04T15:13:52.771639" elapsed="0.000451"/>
</kw>
<kw name="Dictionary Should Contain Key" owner="Collections">
<msg time="2024-05-04T15:13:52.772844" level="INFO">False</msg>
<arg>${json_data['results'][0]['login']}</arg>
<arg>${keyTwo}</arg>
<doc>Fails if ``key`` is not found from ``dictionary``.</doc>
<status status="PASS" start="2024-05-04T15:13:52.772385" elapsed="0.000497"/>
</kw>
<kw name="Log" owner="BuiltIn">
<msg time="2024-05-04T15:13:52.773303" level="INFO">password</msg>
<arg>${keyTwo}</arg>
<doc>Logs the given message with the given level.</doc>
<status status="PASS" start="2024-05-04T15:13:52.773176" elapsed="0.000165"/>
</kw>
<var name="${keyTwo}">password</var>
<status status="PASS" start="2024-05-04T15:13:52.771529" elapsed="0.002027"/>
</iter>
<var>${keyTwo}</var>
<value>@{expected_keysTwo}</value>
<status status="PASS" start="2024-05-04T15:13:52.769289" elapsed="0.004390"/>
</for>
<status status="PASS" start="2024-05-04T15:13:52.665535" elapsed="0.108286"/>
</kw>
<doc>Testa a estrutura da resposta da API.</doc>
<tag>testeEstruturaResposta</tag>
<status status="PASS" start="2024-05-04T15:13:52.665053" elapsed="0.108914"/>
</test>
<test id="s1-s1-t4" name="Validar tipos de dados" line="28">
<kw name="Teste de Tipos de Dados" owner="random-user-service">
<kw name="GET On Session" owner="RequestsLibrary">
<msg time="2024-05-04T15:13:52.845675" level="INFO">GET Request : url=https://randomuser.me/api 
 path_url=/api 
 headers={'User-Agent': 'python-requests/2.31.0', 'Accept-Encoding': 'gzip, deflate', 'Accept': '*/*', 'Connection': 'keep-alive'} 
 body=None 
 </msg>
<msg time="2024-05-04T15:13:52.845745" level="INFO">GET Response : url=https://randomuser.me/api 
 status=200, reason=OK 
 headers={'Date': 'Sat, 04 May 2024 15:13:52 GMT', 'Content-Type': 'application/json; charset=utf-8', 'Transfer-Encoding': 'chunked', 'Connection': 'keep-alive', 'X-Powered-By': 'Express', 'Access-Control-Allow-Origin': '*', 'Cache-Control': 'no-cache', 'ETag': 'W/"487-o/9wGX3BkOa1irGDzWTjV3bSXuw"', 'Vary': 'Accept-Encoding', 'Content-Encoding': 'gzip', 'CF-Cache-Status': 'DYNAMIC', 'Report-To': '{"endpoints":[{"url":"https:\\/\\/a.nel.cloudflare.com\\/report\\/v4?s=RRhmORyjGVQbAjRLwt6xfCf5rNTLp4VttVPGtWEZ9iwgz4yhsFViLzf4QQga0n4XDXvN1MnIc2knb8N5iwAlsReidgmd3DTzzJVPf0wv12tXlnzeIBrOc40efvqG%2Bi8D"}],"group":"cf-nel","max_age":604800}', 'NEL': '{"success_fraction":0,"report_to":"cf-nel","max_age":604800}', 'Server': 'cloudflare', 'CF-RAY': '87e96ff0ecd83988-IAD', 'alt-svc': 'h3=":443"; ma=86400'} 
 body={"results":[{"gender":"male","name":{"title":"Mr","first":"Sofiane","last":"Van den Braak"},"location":{"street":{"number":5054,"name":"De Sanstraat"},"city":"Krommenie","state":"Groningen","country":"Netherlands","postcode":"1495 JY","coordinates":{"latitude":"32.2421","longitude":"-168.7874"},"timezone":{"offset":"+4:30","description":"Kabul"}},"email":"sofiane.vandenbraak@example.com","login":{"uuid":"dca8675f-543c-4259-9031-804611f0953a","username":"brownbutterfly574","password":"1717","salt":"vrnVluK2","md5":"1414acd80ab86faa90cea89972820dec","sha1":"a8685faa92b6a6537adbd57d9ef092d6e10a0dd9","sha256":"396566dd901045fec13fe589e77fcbf5d1eb7aace737c3b9b40b348a6bb5b49c"},"dob":{"date":"1947-08-08T08:43:21.077Z","age":76},"registered":{"date":"2007-12-24T03:07:50.801Z","age":16},"phone":"(0602) 634193","cell":"(06) 08777238","id":{"name":"BSN","value":"93982578"},"picture":{"large":"https://randomuser.me/api/portraits/men/40.jpg","medium":"https://randomuser.me/api/portraits/med/men/40.jpg","thumbnail":"https://randomuser.me/api/portraits/thumb/men/40.jpg"},"nat":"NL"}],"info":{"seed":"c8425189ee225727","results":1,"page":1,"version":"1.4"}} 
 </msg>
<msg time="2024-05-04T15:13:52.845800" level="INFO">/opt/hostedtoolcache/Python/3.12.3/x64/lib/python3.12/site-packages/urllib3/connectionpool.py:1103: InsecureRequestWarning: Unverified HTTPS request is being made to host 'randomuser.me'. Adding certificate verification is strongly advised. See: https://urllib3.readthedocs.io/en/latest/advanced-usage.html#tls-warnings
  warnings.warn(</msg>
<msg time="2024-05-04T15:13:52.845886" level="INFO">${response} = &lt;Response [200]&gt;</msg>
<var>${response}</var>
<arg>consultarAPI</arg>
<arg>/api</arg>
<doc>Sends a GET request on a previously created HTTP Session.</doc>
<status status="PASS" start="2024-05-04T15:13:52.776381" elapsed="0.069545"/>
</kw>
<kw name="Set Variable" owner="BuiltIn">
<msg time="2024-05-04T15:13:52.846952" level="INFO">${json_data} = {'results': [{'gender': 'male', 'name': {'title': 'Mr', 'first': 'Sofiane', 'last': 'Van den Braak'}, 'location': {'street': {'number': 5054, 'name': 'De Sanstraat'}, 'city': 'Krommenie', 'state': 'Gr...</msg>
<var>${json_data}</var>
<arg>${response.json()}</arg>
<doc>Returns the given values which can then be assigned to a variables.</doc>
<status status="PASS" start="2024-05-04T15:13:52.846371" elapsed="0.000611"/>
</kw>
<kw name="Log" owner="BuiltIn">
<msg time="2024-05-04T15:13:52.847446" level="INFO">{'results': [{'gender': 'male', 'name': {'title': 'Mr', 'first': 'Sofiane', 'last': 'Van den Braak'}, 'location': {'street': {'number': 5054, 'name': 'De Sanstraat'}, 'city': 'Krommenie', 'state': 'Groningen', 'country': 'Netherlands', 'postcode': '1495 JY', 'coordinates': {'latitude': '32.2421', 'longitude': '-168.7874'}, 'timezone': {'offset': '+4:30', 'description': 'Kabul'}}, 'email': 'sofiane.vandenbraak@example.com', 'login': {'uuid': 'dca8675f-543c-4259-9031-804611f0953a', 'username': 'brownbutterfly574', 'password': '1717', 'salt': 'vrnVluK2', 'md5': '1414acd80ab86faa90cea89972820dec', 'sha1': 'a8685faa92b6a6537adbd57d9ef092d6e10a0dd9', 'sha256': '396566dd901045fec13fe589e77fcbf5d1eb7aace737c3b9b40b348a6bb5b49c'}, 'dob': {'date': '1947-08-08T08:43:21.077Z', 'age': 76}, 'registered': {'date': '2007-12-24T03:07:50.801Z', 'age': 16}, 'phone': '(0602) 634193', 'cell': '(06) 08777238', 'id': {'name': 'BSN', 'value': '93982578'}, 'picture': {'large': 'https://randomuser.me/api/portraits/men/40.jpg', 'medium': 'https://randomuser.me/api/portraits/med/men/40.jpg', 'thumbnail': 'https://randomuser.me/api/portraits/thumb/men/40.jpg'}, 'nat': 'NL'}], 'info': {'seed': 'c8425189ee225727', 'results': 1, 'page': 1, 'version': '1.4'}}</msg>
<arg>${json_data}</arg>
<doc>Logs the given message with the given level.</doc>
<status status="PASS" start="2024-05-04T15:13:52.847296" elapsed="0.000227"/>
</kw>
<kw name="Should Be String" owner="String">
<arg>${json_data['results'][0]['gender']}</arg>
<doc>Fails if the given ``item`` is not a string.</doc>
<status status="PASS" start="2024-05-04T15:13:52.847871" elapsed="0.000364"/>
</kw>
<kw name="Should Match Regexp" owner="BuiltIn">
<arg>${json_data['results'][0]['email']}</arg>
<arg>^[a-zA-Z0-9._%+-]+@[a-zA-Z0-9.-]+\.[a-zA-Z]{2,}$</arg>
<doc>Fails if ``string`` does not match ``pattern`` as a regular expression.</doc>
<status status="PASS" start="2024-05-04T15:13:52.848427" elapsed="0.000518"/>
</kw>
<kw name="Should Match Regexp" owner="BuiltIn">
<arg>${json_data['results'][0]['dob']['date']}</arg>
<arg>\\d{4}-\\d{2}-\\d{2}T\\d{2}:\\d{2}:\\d{2}\\.\\d{3}Z</arg>
<doc>Fails if ``string`` does not match ``pattern`` as a regular expression.</doc>
<status status="PASS" start="2024-05-04T15:13:52.849157" elapsed="0.000543"/>
</kw>
<kw name="Should Match Regexp" owner="BuiltIn">
<arg>${json_data['results'][0]['registered']['date']}</arg>
<arg>\\d{4}-\\d{2}-\\d{2}T\\d{2}:\\d{2}:\\d{2}\\.\\d{3}Z</arg>
<doc>Fails if ``string`` does not match ``pattern`` as a regular expression.</doc>
<status status="PASS" start="2024-05-04T15:13:52.849895" elapsed="0.000377"/>
</kw>
<kw name="Should Match Regexp" owner="BuiltIn">
<arg>${json_data['results'][0]['picture']['large']}</arg>
<arg>^https?://.*\.(?:png|jpe?g|gif|bmp)$</arg>
<doc>Fails if ``string`` does not match ``pattern`` as a regular expression.</doc>
<status status="PASS" start="2024-05-04T15:13:52.850461" elapsed="0.000462"/>
</kw>
<kw name="Should Match Regexp" owner="BuiltIn">
<arg>${json_data['results'][0]['picture']['medium']}</arg>
<arg>^https?://.*\.(?:png|jpe?g|gif|bmp)$</arg>
<doc>Fails if ``string`` does not match ``pattern`` as a regular expression.</doc>
<status status="PASS" start="2024-05-04T15:13:52.851111" elapsed="0.000352"/>
</kw>
<kw name="Should Match Regexp" owner="BuiltIn">
<arg>${json_data['results'][0]['picture']['thumbnail']}</arg>
<arg>^https?://.*\.(?:png|jpe?g|gif|bmp)$</arg>
<doc>Fails if ``string`` does not match ``pattern`` as a regular expression.</doc>
<status status="PASS" start="2024-05-04T15:13:52.851652" elapsed="0.000396"/>
</kw>
<kw name="Log" owner="BuiltIn">
<msg time="2024-05-04T15:13:52.852563" level="INFO">{'large': 'https://randomuser.me/api/portraits/men/40.jpg', 'medium': 'https://randomuser.me/api/portraits/med/men/40.jpg', 'thumbnail': 'https://randomuser.me/api/portraits/thumb/men/40.jpg'}</msg>
<arg>${json_data['results'][0]['picture']}</arg>
<doc>Logs the given message with the given level.</doc>
<status status="PASS" start="2024-05-04T15:13:52.852232" elapsed="0.000373"/>
</kw>
<status status="PASS" start="2024-05-04T15:13:52.776161" elapsed="0.076694"/>
</kw>
<kw name="Teste de Tipos de Dados - Postcode" owner="random-user-service">
<kw name="GET On Session" owner="RequestsLibrary">
<msg time="2024-05-04T15:13:52.948536" level="INFO">GET Request : url=https://randomuser.me/api 
 path_url=/api 
 headers={'User-Agent': 'python-requests/2.31.0', 'Accept-Encoding': 'gzip, deflate', 'Accept': '*/*', 'Connection': 'keep-alive'} 
 body=None 
 </msg>
<msg time="2024-05-04T15:13:52.948620" level="INFO">GET Response : url=https://randomuser.me/api 
 status=200, reason=OK 
 headers={'Date': 'Sat, 04 May 2024 15:13:52 GMT', 'Content-Type': 'application/json; charset=utf-8', 'Transfer-Encoding': 'chunked', 'Connection': 'keep-alive', 'X-Powered-By': 'Express', 'Access-Control-Allow-Origin': '*', 'Cache-Control': 'no-cache', 'ETag': 'W/"49a-XgGGgx9mu7LW3NSMSW6lTkP2iz0"', 'Vary': 'Accept-Encoding', 'Content-Encoding': 'gzip', 'CF-Cache-Status': 'DYNAMIC', 'Report-To': '{"endpoints":[{"url":"https:\\/\\/a.nel.cloudflare.com\\/report\\/v4?s=Wt5DXjldp3kByRQ8bGWoj38IiCtrBUVwbKzET0VR9nVgh4VCufTEQmdOR5gZyiJ4MSqEG2f9IY52inVmAlUC3%2FT0fQxNvKMRZgYzMccKVPhEmWP%2BJRNKFXKcPQekvVPu"}],"group":"cf-nel","max_age":604800}', 'NEL': '{"success_fraction":0,"report_to":"cf-nel","max_age":604800}', 'Server': 'cloudflare', 'CF-RAY': '87e96ff15d653988-IAD', 'alt-svc': 'h3=":443"; ma=86400'} 
 body={"results":[{"gender":"female","name":{"title":"Miss","first":"Anna","last":"Rasmussen"},"location":{"street":{"number":291,"name":"Strandgårdsvej"},"city":"København V","state":"Hovedstaden","country":"Denmark","postcode":36724,"coordinates":{"latitude":"-45.0551","longitude":"79.8483"},"timezone":{"offset":"+4:00","description":"Abu Dhabi, Muscat, Baku, Tbilisi"}},"email":"anna.rasmussen@example.com","login":{"uuid":"1d490c75-48b0-42e6-98cd-71f4d5d701d2","username":"ticklishladybug172","password":"silvia","salt":"ITaj7yuG","md5":"8cb29ef61fd0a87668d771307697823c","sha1":"de2aae88ef391f02d499cd5086f8ce5e6e7eb5b6","sha256":"2c0a636220d1cb73e2907c8cd7cdaa3f4e4365d7cd7ba5457c1d19e24d5789e5"},"dob":{"date":"1999-02-14T21:02:04.455Z","age":25},"registered":{"date":"2007-04-24T15:10:05.141Z","age":17},"phone":"38400815","cell":"09440178","id":{"name":"CPR","value":"140299-8569"},"picture":{"large":"https://randomuser.me/api/portraits/women/84.jpg","medium":"https://randomuser.me/api/portraits/med/women/84.jpg","thumbnail":"https://randomuser.me/api/portraits/thumb/women/84.jpg"},"nat":"DK"}],"info":{"seed":"6dedce5d297f5bb7","results":1,"page":1,"version":"1.4"}} 
 </msg>
<msg time="2024-05-04T15:13:52.948696" level="INFO">/opt/hostedtoolcache/Python/3.12.3/x64/lib/python3.12/site-packages/urllib3/connectionpool.py:1103: InsecureRequestWarning: Unverified HTTPS request is being made to host 'randomuser.me'. Adding certificate verification is strongly advised. See: https://urllib3.readthedocs.io/en/latest/advanced-usage.html#tls-warnings
  warnings.warn(</msg>
<msg time="2024-05-04T15:13:52.948811" level="INFO">${response} = &lt;Response [200]&gt;</msg>
<var>${response}</var>
<arg>consultarAPI</arg>
<arg>/api</arg>
<doc>Sends a GET request on a previously created HTTP Session.</doc>
<status status="PASS" start="2024-05-04T15:13:52.853287" elapsed="0.095579"/>
</kw>
<kw name="Set Variable" owner="BuiltIn">
<msg time="2024-05-04T15:13:52.949883" level="INFO">${json_data} = {'results': [{'gender': 'female', 'name': {'title': 'Miss', 'first': 'Anna', 'last': 'Rasmussen'}, 'location': {'street': {'number': 291, 'name': 'Strandgårdsvej'}, 'city': 'København V', 'state': 'Ho...</msg>
<var>${json_data}</var>
<arg>${response.json()}</arg>
<doc>Returns the given values which can then be assigned to a variables.</doc>
<status status="PASS" start="2024-05-04T15:13:52.949324" elapsed="0.000592"/>
</kw>
<kw name="Log" owner="BuiltIn">
<msg time="2024-05-04T15:13:52.950375" level="INFO">{'results': [{'gender': 'female', 'name': {'title': 'Miss', 'first': 'Anna', 'last': 'Rasmussen'}, 'location': {'street': {'number': 291, 'name': 'Strandgårdsvej'}, 'city': 'København V', 'state': 'Hovedstaden', 'country': 'Denmark', 'postcode': 36724, 'coordinates': {'latitude': '-45.0551', 'longitude': '79.8483'}, 'timezone': {'offset': '+4:00', 'description': 'Abu Dhabi, Muscat, Baku, Tbilisi'}}, 'email': 'anna.rasmussen@example.com', 'login': {'uuid': '1d490c75-48b0-42e6-98cd-71f4d5d701d2', 'username': 'ticklishladybug172', 'password': 'silvia', 'salt': 'ITaj7yuG', 'md5': '8cb29ef61fd0a87668d771307697823c', 'sha1': 'de2aae88ef391f02d499cd5086f8ce5e6e7eb5b6', 'sha256': '2c0a636220d1cb73e2907c8cd7cdaa3f4e4365d7cd7ba5457c1d19e24d5789e5'}, 'dob': {'date': '1999-02-14T21:02:04.455Z', 'age': 25}, 'registered': {'date': '2007-04-24T15:10:05.141Z', 'age': 17}, 'phone': '38400815', 'cell': '09440178', 'id': {'name': 'CPR', 'value': '140299-8569'}, 'picture': {'large': 'https://randomuser.me/api/portraits/women/84.jpg', 'medium': 'https://randomuser.me/api/portraits/med/women/84.jpg', 'thumbnail': 'https://randomuser.me/api/portraits/thumb/women/84.jpg'}, 'nat': 'DK'}], 'info': {'seed': '6dedce5d297f5bb7', 'results': 1, 'page': 1, 'version': '1.4'}}</msg>
<arg>${json_data}</arg>
<doc>Logs the given message with the given level.</doc>
<status status="PASS" start="2024-05-04T15:13:52.950222" elapsed="0.000230"/>
</kw>
<kw name="Should Be Equal As Numbers" owner="BuiltIn">
<arg>${json_data['results'][0]['location']['postcode']}</arg>
<arg>${json_data['results'][0]['location']['postcode']}</arg>
<doc>Fails if objects are unequal after converting them to real numbers.</doc>
<status status="PASS" start="2024-05-04T15:13:52.950751" elapsed="0.000761"/>
</kw>
<kw name="Log" owner="BuiltIn">
<msg time="2024-05-04T15:13:52.952101" level="INFO">36724</msg>
<arg>${json_data['results'][0]['location']['postcode']}</arg>
<doc>Logs the given message with the given level.</doc>
<status status="PASS" start="2024-05-04T15:13:52.951747" elapsed="0.000395"/>
</kw>
<status status="PASS" start="2024-05-04T15:13:52.853068" elapsed="0.099325"/>
</kw>
<doc>Testa se os tipos de dados na resposta da API estão corretos.</doc>
<tag>testeTiposDados</tag>
<status status="PASS" start="2024-05-04T15:13:52.775738" elapsed="0.176812"/>
</test>
<test id="s1-s1-t5" name="Validar conteudo" line="35">
<kw name="Teste de Tipos de Conteudo" owner="random-user-service">
<kw name="GET On Session" owner="RequestsLibrary">
<msg time="2024-05-04T15:13:53.045087" level="INFO">GET Request : url=https://randomuser.me/api 
 path_url=/api 
 headers={'User-Agent': 'python-requests/2.31.0', 'Accept-Encoding': 'gzip, deflate', 'Accept': '*/*', 'Connection': 'keep-alive'} 
 body=None 
 </msg>
<msg time="2024-05-04T15:13:53.045156" level="INFO">GET Response : url=https://randomuser.me/api 
 status=200, reason=OK 
 headers={'Date': 'Sat, 04 May 2024 15:13:53 GMT', 'Content-Type': 'application/json; charset=utf-8', 'Transfer-Encoding': 'chunked', 'Connection': 'keep-alive', 'X-Powered-By': 'Express', 'Access-Control-Allow-Origin': '*', 'Cache-Control': 'no-cache', 'ETag': 'W/"491-i4l7bDDiWBTNQIragQVJJ3nsSBU"', 'Vary': 'Accept-Encoding', 'Content-Encoding': 'gzip', 'CF-Cache-Status': 'DYNAMIC', 'Report-To': '{"endpoints":[{"url":"https:\\/\\/a.nel.cloudflare.com\\/report\\/v4?s=wgxfkdRW2xUeyRD%2BRAG7dilj%2Bq5XpTYNN5SxCkm1tc0sZAI%2BvG9hpZelaQo3uYvdX6t5cNb59r2vAqQHYVtoCT5NhaixMEkZ92IgWv55HlXnAk82krvWRMmkYywfm4t0"}],"group":"cf-nel","max_age":604800}', 'NEL': '{"success_fraction":0,"report_to":"cf-nel","max_age":604800}', 'Server': 'cloudflare', 'CF-RAY': '87e96ff1fe3d3988-IAD', 'alt-svc': 'h3=":443"; ma=86400'} 
 body={"results":[{"gender":"female","name":{"title":"Miss","first":"Yovilla","last":"Porivay"},"location":{"street":{"number":9176,"name":"Naukova"},"city":"Reni","state":"Hmelnicka","country":"Ukraine","postcode":82361,"coordinates":{"latitude":"79.7962","longitude":"45.8526"},"timezone":{"offset":"+5:00","description":"Ekaterinburg, Islamabad, Karachi, Tashkent"}},"email":"yovilla.porivay@example.com","login":{"uuid":"5b1ae9be-ccc3-49c4-83d1-86ee661f72a5","username":"beautifullion486","password":"start1","salt":"VUnJVsUp","md5":"bdd8e00d9863049d40bd8649eace3510","sha1":"ba694f9c15653dd4073dfc12eb9759d903c9088a","sha256":"22f3e3de559d56d22fcaabebc5eb10e2c040232f5c9ad67b5de7680449cc7077"},"dob":{"date":"1996-08-14T19:12:15.207Z","age":27},"registered":{"date":"2020-06-28T03:25:52.934Z","age":3},"phone":"(096) C94-1636","cell":"(068) K15-5753","id":{"name":"","value":null},"picture":{"large":"https://randomuser.me/api/portraits/women/42.jpg","medium":"https://randomuser.me/api/portraits/med/women/42.jpg","thumbnail":"https://randomuser.me/api/portraits/thumb/women/42.jpg"},"nat":"UA"}],"info":{"seed":"a1baf3374c017ff2","results":1,"page":1,"version":"1.4"}} 
 </msg>
<msg time="2024-05-04T15:13:53.045210" level="INFO">/opt/hostedtoolcache/Python/3.12.3/x64/lib/python3.12/site-packages/urllib3/connectionpool.py:1103: InsecureRequestWarning: Unverified HTTPS request is being made to host 'randomuser.me'. Adding certificate verification is strongly advised. See: https://urllib3.readthedocs.io/en/latest/advanced-usage.html#tls-warnings
  warnings.warn(</msg>
<msg time="2024-05-04T15:13:53.045297" level="INFO">${response} = &lt;Response [200]&gt;</msg>
<var>${response}</var>
<arg>consultarAPI</arg>
<arg>/api</arg>
<doc>Sends a GET request on a previously created HTTP Session.</doc>
<status status="PASS" start="2024-05-04T15:13:52.955307" elapsed="0.090030"/>
</kw>
<kw name="Set Variable" owner="BuiltIn">
<msg time="2024-05-04T15:13:53.046315" level="INFO">${json_data} = {'results': [{'gender': 'female', 'name': {'title': 'Miss', 'first': 'Yovilla', 'last': 'Porivay'}, 'location': {'street': {'number': 9176, 'name': 'Naukova'}, 'city': 'Reni', 'state': 'Hmelnicka', 'c...</msg>
<var>${json_data}</var>
<arg>${response.json()}</arg>
<doc>Returns the given values which can then be assigned to a variables.</doc>
<status status="PASS" start="2024-05-04T15:13:53.045776" elapsed="0.000566"/>
</kw>
<kw name="Set Variable" owner="BuiltIn">
<msg time="2024-05-04T15:13:53.047029" level="INFO">${name_title} = Miss</msg>
<var>${name_title}</var>
<arg>${json_data["results"][0]["name"]["title"]}</arg>
<doc>Returns the given values which can then be assigned to a variables.</doc>
<status status="PASS" start="2024-05-04T15:13:53.046648" elapsed="0.000412"/>
</kw>
<kw name="Create List" owner="BuiltIn">
<msg time="2024-05-04T15:13:53.047503" level="INFO">${allowed_titles} = ['Mr', 'Ms', 'Miss', 'Mrs', 'Madame', 'Monsieur']</msg>
<var>${allowed_titles}</var>
<arg>Mr</arg>
<arg>Ms</arg>
<arg>Miss</arg>
<arg>Mrs</arg>
<arg>Madame</arg>
<arg>Monsieur</arg>
<doc>Returns a list containing given items.</doc>
<status status="PASS" start="2024-05-04T15:13:53.047357" elapsed="0.000171"/>
</kw>
<kw name="List Should Contain Value" owner="Collections">
<msg time="2024-05-04T15:13:53.048034" level="INFO">False</msg>
<arg>${allowed_titles}</arg>
<arg>${name_title}</arg>
<doc>Fails if the ``value`` is not found from ``list``.</doc>
<status status="PASS" start="2024-05-04T15:13:53.047862" elapsed="0.000208"/>
</kw>
<kw name="Set Variable" owner="BuiltIn">
<msg time="2024-05-04T15:13:53.048741" level="INFO">${name_country} = UA</msg>
<var>${name_country}</var>
<arg>${json_data["results"][0]["nat"]}</arg>
<doc>Returns the given values which can then be assigned to a variables.</doc>
<status status="PASS" start="2024-05-04T15:13:53.048361" elapsed="0.000405"/>
</kw>
<kw name="Create List" owner="BuiltIn">
<msg time="2024-05-04T15:13:53.049646" level="INFO">${list_country} = ['AD', 'AE', 'AF', 'AG', 'AI', 'AL', 'AM', 'AO', 'AQ', 'AR', 'AS', 'AT', 'AU', 'AW', 'AX', 'AZ', 'BA', 'BB', 'BD', 'BE', 'BF', 'BG', 'BH', 'BI', 'BJ', 'BL', 'BM', 'BN', 'BO', 'BQ', 'BR', 'BS', 'BT', '...</msg>
<var>${list_country}</var>
<arg>AD</arg>
<arg>AE</arg>
<arg>AF</arg>
<arg>AG</arg>
<arg>AI</arg>
<arg>AL</arg>
<arg>AM</arg>
<arg>AO</arg>
<arg>AQ</arg>
<arg>AR</arg>
<arg>AS</arg>
<arg>AT</arg>
<arg>AU</arg>
<arg>AW</arg>
<arg>AX</arg>
<arg>AZ</arg>
<arg>BA</arg>
<arg>BB</arg>
<arg>BD</arg>
<arg>BE</arg>
<arg>BF</arg>
<arg>BG</arg>
<arg>BH</arg>
<arg>BI</arg>
<arg>BJ</arg>
<arg>BL</arg>
<arg>BM</arg>
<arg>BN</arg>
<arg>BO</arg>
<arg>BQ</arg>
<arg>BR</arg>
<arg>BS</arg>
<arg>BT</arg>
<arg>BV</arg>
<arg>BW</arg>
<arg>BY</arg>
<arg>BZ</arg>
<arg>CA</arg>
<arg>CC</arg>
<arg>CD</arg>
<arg>CF</arg>
<arg>CG</arg>
<arg>CH</arg>
<arg>CI</arg>
<arg>CK</arg>
<arg>CL</arg>
<arg>CM</arg>
<arg>CN</arg>
<arg>CO</arg>
<arg>CR</arg>
<arg>CU</arg>
<arg>CV</arg>
<arg>CW</arg>
<arg>CX</arg>
<arg>CY</arg>
<arg>CZ</arg>
<arg>DE</arg>
<arg>DJ</arg>
<arg>DK</arg>
<arg>DM</arg>
<arg>DO</arg>
<arg>DZ</arg>
<arg>EC</arg>
<arg>EE</arg>
<arg>EG</arg>
<arg>EH</arg>
<arg>ER</arg>
<arg>ES</arg>
<arg>ET</arg>
<arg>FI</arg>
<arg>FJ</arg>
<arg>FK</arg>
<arg>FM</arg>
<arg>FO</arg>
<arg>FR</arg>
<arg>GA</arg>
<arg>GB</arg>
<arg>GD</arg>
<arg>GE</arg>
<arg>GF</arg>
<arg>GG</arg>
<arg>GH</arg>
<arg>GI</arg>
<arg>GL</arg>
<arg>GM</arg>
<arg>GN</arg>
<arg>GP</arg>
<arg>GQ</arg>
<arg>GR</arg>
<arg>GS</arg>
<arg>GT</arg>
<arg>GU</arg>
<arg>GW</arg>
<arg>GY</arg>
<arg>HK</arg>
<arg>HM</arg>
<arg>HN</arg>
<arg>HR</arg>
<arg>HT</arg>
<arg>HU</arg>
<arg>ID</arg>
<arg>IE</arg>
<arg>IL</arg>
<arg>IM</arg>
<arg>IN</arg>
<arg>IO</arg>
<arg>IQ</arg>
<arg>IR</arg>
<arg>IS</arg>
<arg>IT</arg>
<arg>JE</arg>
<arg>JM</arg>
<arg>JO</arg>
<arg>JP</arg>
<arg>KE</arg>
<arg>KG</arg>
<arg>KH</arg>
<arg>KI</arg>
<arg>KM</arg>
<arg>KN</arg>
<arg>KP</arg>
<arg>KR</arg>
<arg>KW</arg>
<arg>KY</arg>
<arg>KZ</arg>
<arg>LA</arg>
<arg>LB</arg>
<arg>LC</arg>
<arg>LI</arg>
<arg>LK</arg>
<arg>LR</arg>
<arg>LS</arg>
<arg>LT</arg>
<arg>LU</arg>
<arg>LV</arg>
<arg>LY</arg>
<arg>MA</arg>
<arg>MC</arg>
<arg>MD</arg>
<arg>ME</arg>
<arg>MF</arg>
<arg>MG</arg>
<arg>MH</arg>
<arg>MK</arg>
<arg>ML</arg>
<arg>MM</arg>
<arg>MN</arg>
<arg>MO</arg>
<arg>MP</arg>
<arg>MQ</arg>
<arg>MR</arg>
<arg>MS</arg>
<arg>MT</arg>
<arg>MU</arg>
<arg>MV</arg>
<arg>MW</arg>
<arg>MX</arg>
<arg>MY</arg>
<arg>MZ</arg>
<arg>NA</arg>
<arg>NC</arg>
<arg>NE</arg>
<arg>NF</arg>
<arg>NG</arg>
<arg>NI</arg>
<arg>NL</arg>
<arg>NO</arg>
<arg>NP</arg>
<arg>NR</arg>
<arg>NU</arg>
<arg>NZ</arg>
<arg>OM</arg>
<arg>PA</arg>
<arg>PE</arg>
<arg>PF</arg>
<arg>PG</arg>
<arg>PH</arg>
<arg>PK</arg>
<arg>PL</arg>
<arg>PM</arg>
<arg>PN</arg>
<arg>PR</arg>
<arg>PS</arg>
<arg>PT</arg>
<arg>PW</arg>
<arg>PY</arg>
<arg>QA</arg>
<arg>RE</arg>
<arg>RO</arg>
<arg>RS</arg>
<arg>RU</arg>
<arg>RW</arg>
<arg>SA</arg>
<arg>SB</arg>
<arg>SC</arg>
<arg>SD</arg>
<arg>SE</arg>
<arg>SG</arg>
<arg>SH</arg>
<arg>SI</arg>
<arg>SJ</arg>
<arg>SK</arg>
<arg>SL</arg>
<arg>SM</arg>
<arg>SN</arg>
<arg>SO</arg>
<arg>SR</arg>
<arg>SS</arg>
<arg>ST</arg>
<arg>SV</arg>
<arg>SX</arg>
<arg>SY</arg>
<arg>SZ</arg>
<arg>TC</arg>
<arg>TD</arg>
<arg>TF</arg>
<arg>TG</arg>
<arg>TH</arg>
<arg>TJ</arg>
<arg>TK</arg>
<arg>TL</arg>
<arg>TM</arg>
<arg>TN</arg>
<arg>TO</arg>
<arg>TR</arg>
<arg>TT</arg>
<arg>TV</arg>
<arg>TW</arg>
<arg>TZ</arg>
<arg>UA</arg>
<arg>UG</arg>
<arg>UM</arg>
<arg>US</arg>
<arg>UY</arg>
<arg>UZ</arg>
<arg>VA</arg>
<arg>VC</arg>
<arg>VE</arg>
<arg>VG</arg>
<arg>VI</arg>
<arg>VN</arg>
<arg>VU</arg>
<arg>WF</arg>
<arg>WS</arg>
<arg>XK</arg>
<arg>YE</arg>
<arg>YT</arg>
<arg>ZA</arg>
<arg>ZM</arg>
<arg>ZW</arg>
<doc>Returns a list containing given items.</doc>
<status status="PASS" start="2024-05-04T15:13:53.049065" elapsed="0.000606"/>
</kw>
<kw name="List Should Contain Value" owner="Collections">
<msg time="2024-05-04T15:13:53.050664" level="INFO">False</msg>
<arg>${list_country}</arg>
<arg>${name_country}</arg>
<doc>Fails if the ``value`` is not found from ``list``.</doc>
<status status="PASS" start="2024-05-04T15:13:53.050465" elapsed="0.000235"/>
</kw>
<kw name="Run Keyword If" owner="BuiltIn">
<kw name="Should Be True" owner="BuiltIn">
<arg>${True}</arg>
<doc>Fails if the given condition is not true.</doc>
<status status="PASS" start="2024-05-04T15:13:53.051777" elapsed="0.000155"/>
</kw>
<arg>${json_data["results"][0]["location"]["coordinates"]["latitude"]} &gt;= -90 and ${json_data["results"][0]["location"]["coordinates"]["latitude"]} &lt;= 90</arg>
<arg>Should Be True</arg>
<arg>${True}</arg>
<doc>Runs the given keyword with the given arguments, if ``condition`` is true.</doc>
<status status="PASS" start="2024-05-04T15:13:53.051009" elapsed="0.001047"/>
</kw>
<kw name="Run Keyword If" owner="BuiltIn">
<kw name="Should Be True" owner="BuiltIn">
<arg>${True}</arg>
<doc>Fails if the given condition is not true.</doc>
<status status="PASS" start="2024-05-04T15:13:53.052938" elapsed="0.000243"/>
</kw>
<arg>${json_data["results"][0]["location"]["coordinates"]["longitude"]} &gt;= -180 and ${json_data["results"][0]["location"]["coordinates"]["longitude"]} &lt;= 180</arg>
<arg>Should Be True</arg>
<arg>${True}</arg>
<doc>Runs the given keyword with the given arguments, if ``condition`` is true.</doc>
<status status="PASS" start="2024-05-04T15:13:53.052245" elapsed="0.001062"/>
</kw>
<status status="PASS" start="2024-05-04T15:13:52.954940" elapsed="0.098497"/>
</kw>
<doc>Testa o conteúdo específico dos campos retornados pela API.</doc>
<tag>testeConteudo</tag>
<status status="PASS" start="2024-05-04T15:13:52.954289" elapsed="0.099293"/>
</test>
<status status="PASS" start="2024-05-04T15:13:52.271870" elapsed="0.783663"/>
</suite>
<status status="PASS" start="2024-05-04T15:13:52.258274" elapsed="0.802386"/>
</suite>
<statistics>
<total>
<stat pass="5" fail="0" skip="0">All Tests</stat>
</total>
<tag>
<stat pass="1" fail="0" skip="0">testeConteudo</stat>
<stat pass="1" fail="0" skip="0">testeEstruturaResposta</stat>
<stat pass="1" fail="0" skip="0">testeRequisicaoBasica</stat>
<stat pass="1" fail="0" skip="0">testeTiposDados</stat>
</tag>
<suite>
<stat pass="5" fail="0" skip="0" id="s1" name="Tests">Tests</stat>
<stat pass="5" fail="0" skip="0" id="s1-s1" name="Random-User-Test">Tests.Random-User-Test</stat>
</suite>
</statistics>
<errors>
</errors>
</robot>
