<?xml version="1.0" encoding="UTF-8"?>
<robot generator="Robot 7.0 (Python 3.12.3 on linux)" generated="2024-06-03T13:17:43.220620" rpa="false" schemaversion="5">
<suite id="s1" name="Tests" source="/home/runner/work/ApiRandomUser/ApiRandomUser/RamdonUser/tests">
<suite id="s1-s1" name="Random-User-Test" source="/home/runner/work/ApiRandomUser/ApiRandomUser/RamdonUser/tests/random-user-test.robot">
<test id="s1-s1-t1" name="Conectar" line="13">
<kw name="Conectar API" owner="random-user-service">
<kw name="Create Session" owner="RequestsLibrary">
<msg time="2024-06-03T13:17:43.677575" level="INFO">Creating Session using : alias=consultarAPI, url=https://randomuser.me/, headers={},                     cookies={}, auth=None, timeout=None, proxies=None, verify=False,                     debug=0 </msg>
<arg>consultarAPI</arg>
<arg>${URL}</arg>
<doc>Create Session: create a HTTP session to a server</doc>
<status status="PASS" start="2024-06-03T13:17:43.677351" elapsed="0.000398"/>
</kw>
<status status="PASS" start="2024-06-03T13:17:43.676375" elapsed="0.001721"/>
</kw>
<status status="PASS" start="2024-06-03T13:17:43.675777" elapsed="0.002509"/>
</test>
<test id="s1-s1-t2" name="Validar retorno 200 e JSON Válido" line="16">
<kw name="Teste de Requisicao Basica" owner="random-user-service">
<kw name="GET On Session" owner="RequestsLibrary">
<msg time="2024-06-03T13:17:43.804766" level="INFO">GET Request : url=https://randomuser.me/api 
 path_url=/api 
 headers={'User-Agent': 'python-requests/2.32.3', 'Accept-Encoding': 'gzip, deflate', 'Accept': '*/*', 'Connection': 'keep-alive'} 
 body=None 
 </msg>
<msg time="2024-06-03T13:17:43.804909" level="INFO">GET Response : url=https://randomuser.me/api 
 status=200, reason=OK 
 headers={'Date': 'Mon, 03 Jun 2024 13:17:43 GMT', 'Content-Type': 'application/json; charset=utf-8', 'Transfer-Encoding': 'chunked', 'Connection': 'keep-alive', 'X-Powered-By': 'Express', 'Access-Control-Allow-Origin': '*', 'Cache-Control': 'no-cache', 'ETag': 'W/"468-NsKOEfS4g2Vj0y0mNrjacFfJdgY"', 'Vary': 'Accept-Encoding', 'Content-Encoding': 'gzip', 'CF-Cache-Status': 'DYNAMIC', 'Report-To': '{"endpoints":[{"url":"https:\\/\\/a.nel.cloudflare.com\\/report\\/v4?s=LxCDkKA3hEEtohl6E5%2FO4M4SV0ylEVeJZZFkH4PHZXGzPkelxFurtc3BUnyzhfBdhw%2BWFwXpnHxWYVtaBhZAoqBSflDlgcqBumHMjfuoJk0f6QHpg76S2fpZ7zFHOlvN"}],"group":"cf-nel","max_age":604800}', 'NEL': '{"success_fraction":0,"report_to":"cf-nel","max_age":604800}', 'Server': 'cloudflare', 'CF-RAY': '88dff70c2d4b2284-SJC', 'alt-svc': 'h3=":443"; ma=86400'} 
 body={"results":[{"gender":"male","name":{"title":"Mr","first":"Hvala","last":"Masoha"},"location":{"street":{"number":5518,"name":"Batumska"},"city":"Pustomiti","state":"Lvivska","country":"Ukraine","postcode":74749,"coordinates":{"latitude":"80.6230","longitude":"-110.9808"},"timezone":{"offset":"-3:30","description":"Newfoundland"}},"email":"hvala.masoha@example.com","login":{"uuid":"e8580b8b-133e-4828-83d0-03bfdc679d8e","username":"ticklishbear130","password":"capone","salt":"fmm3HjFX","md5":"a068766eac621684ad155cbe3c8c0c25","sha1":"e73a0b876231a75ff381e1ab3b422718c824c797","sha256":"d48b757fc7d4ae77ce7e1ceb28f0b028796df8d0680bf7577afaa8b9330b67a2"},"dob":{"date":"1955-12-08T03:05:51.338Z","age":68},"registered":{"date":"2016-11-22T07:33:58.075Z","age":7},"phone":"(098) U34-5859","cell":"(067) W10-3270","id":{"name":"","value":null},"picture":{"large":"https://randomuser.me/api/portraits/men/97.jpg","medium":"https://randomuser.me/api/portraits/med/men/97.jpg","thumbnail":"https://randomuser.me/api/portraits/thumb/men/97.jpg"},"nat":"UA"}],"info":{"seed":"a36d7950f4299afc","results":1,"page":1,"version":"1.4"}} 
 </msg>
<msg time="2024-06-03T13:17:43.805000" level="INFO">/opt/hostedtoolcache/Python/3.12.3/x64/lib/python3.12/site-packages/urllib3/connectionpool.py:1103: InsecureRequestWarning: Unverified HTTPS request is being made to host 'randomuser.me'. Adding certificate verification is strongly advised. See: https://urllib3.readthedocs.io/en/latest/advanced-usage.html#tls-warnings
  warnings.warn(</msg>
<msg time="2024-06-03T13:17:43.805164" level="INFO">${response} = &lt;Response [200]&gt;</msg>
<var>${response}</var>
<arg>consultarAPI</arg>
<arg>/api</arg>
<doc>Sends a GET request on a previously created HTTP Session.</doc>
<status status="PASS" start="2024-06-03T13:17:43.680946" elapsed="0.124271"/>
</kw>
<kw name="Should Be Equal As Numbers" owner="BuiltIn">
<msg time="2024-06-03T13:17:43.806241" level="INFO">Argument types are:
&lt;class 'int'&gt;
&lt;class 'str'&gt;</msg>
<arg>${response.status_code}</arg>
<arg>200</arg>
<doc>Fails if objects are unequal after converting them to real numbers.</doc>
<status status="PASS" start="2024-06-03T13:17:43.805760" elapsed="0.000545"/>
</kw>
<kw name="Log" owner="BuiltIn">
<msg time="2024-06-03T13:17:43.807002" level="INFO">200</msg>
<arg>${response.status_code}</arg>
<doc>Logs the given message with the given level.</doc>
<status status="PASS" start="2024-06-03T13:17:43.806648" elapsed="0.000401"/>
</kw>
<kw name="Set Variable" owner="BuiltIn">
<msg time="2024-06-03T13:17:43.807796" level="INFO">${json_data} = {'results': [{'gender': 'male', 'name': {'title': 'Mr', 'first': 'Hvala', 'last': 'Masoha'}, 'location': {'street': {'number': 5518, 'name': 'Batumska'}, 'city': 'Pustomiti', 'state': 'Lvivska', 'coun...</msg>
<var>${json_data}</var>
<arg>${response.json()}</arg>
<doc>Returns the given values which can then be assigned to a variables.</doc>
<status status="PASS" start="2024-06-03T13:17:43.807358" elapsed="0.000467"/>
</kw>
<kw name="Dictionary Should Contain Key" owner="Collections">
<msg time="2024-06-03T13:17:43.808293" level="INFO">False</msg>
<arg>${json_data}</arg>
<arg>results</arg>
<doc>Fails if ``key`` is not found from ``dictionary``.</doc>
<status status="PASS" start="2024-06-03T13:17:43.808131" elapsed="0.000334"/>
</kw>
<status status="PASS" start="2024-06-03T13:17:43.680704" elapsed="0.128021"/>
</kw>
<doc>Testa se a API responde corretamente e retorna um objeto JSON válido.</doc>
<tag>testeRequisicaoBasica</tag>
<status status="PASS" start="2024-06-03T13:17:43.680145" elapsed="0.128752"/>
</test>
<test id="s1-s1-t3" name="Validar estrutura de resposta" line="22">
<kw name="Teste de Estrutura de Resposta" owner="random-user-service">
<kw name="GET On Session" owner="RequestsLibrary">
<msg time="2024-06-03T13:17:43.905330" level="INFO">GET Request : url=https://randomuser.me/api 
 path_url=/api 
 headers={'User-Agent': 'python-requests/2.32.3', 'Accept-Encoding': 'gzip, deflate', 'Accept': '*/*', 'Connection': 'keep-alive'} 
 body=None 
 </msg>
<msg time="2024-06-03T13:17:43.905397" level="INFO">GET Response : url=https://randomuser.me/api 
 status=200, reason=OK 
 headers={'Date': 'Mon, 03 Jun 2024 13:17:43 GMT', 'Content-Type': 'application/json; charset=utf-8', 'Transfer-Encoding': 'chunked', 'Connection': 'keep-alive', 'X-Powered-By': 'Express', 'Access-Control-Allow-Origin': '*', 'Cache-Control': 'no-cache', 'ETag': 'W/"4a5-ZLUx+OtA+ZgVF690DPNg7+ZVIUE"', 'Vary': 'Accept-Encoding', 'Content-Encoding': 'gzip', 'CF-Cache-Status': 'DYNAMIC', 'Report-To': '{"endpoints":[{"url":"https:\\/\\/a.nel.cloudflare.com\\/report\\/v4?s=289PdnCh6huwRBEeOE2bF48VCtrJy9KzCQca2bwAUn4sJJHri7rUIkL6vpvqUuqpdtYFdlzZmsH8WNC5%2FdfwAi3QDe4yCaPa4IhzgnpRR0d1PpSBzNOVydLu1KvMwIfl"}],"group":"cf-nel","max_age":604800}', 'NEL': '{"success_fraction":0,"report_to":"cf-nel","max_age":604800}', 'Server': 'cloudflare', 'CF-RAY': '88dff70cddb72284-SJC', 'alt-svc': 'h3=":443"; ma=86400'} 
 body={"results":[{"gender":"male","name":{"title":"Mr","first":"Hacı","last":"Bennik"},"location":{"street":{"number":87,"name":"Burgemeester Hemmingsonstraat"},"city":"Schiphol","state":"Zuid-Holland","country":"Netherlands","postcode":"1487 AR","coordinates":{"latitude":"31.2370","longitude":"-31.1487"},"timezone":{"offset":"+1:00","description":"Brussels, Copenhagen, Madrid, Paris"}},"email":"haci.bennik@example.com","login":{"uuid":"50703cff-e89a-4c49-92d6-0d3a3142a9c2","username":"smallgorilla146","password":"bledsoe","salt":"5ILNVrKJ","md5":"5fdbbcd8bfcc32701d3d4b89ef2ed59f","sha1":"36d42ec2e949cac1e5fa65e2e6d61196ba216e21","sha256":"bd877d68e757325f157982488b348878483a5a01ff4a0b954d1a69526ec8ade0"},"dob":{"date":"1992-10-30T07:12:12.506Z","age":31},"registered":{"date":"2006-02-28T21:50:46.132Z","age":18},"phone":"(010) 2166713","cell":"(06) 65240068","id":{"name":"BSN","value":"64530694"},"picture":{"large":"https://randomuser.me/api/portraits/men/63.jpg","medium":"https://randomuser.me/api/portraits/med/men/63.jpg","thumbnail":"https://randomuser.me/api/portraits/thumb/men/63.jpg"},"nat":"NL"}],"info":{"seed":"97819832e7736674","results":1,"page":1,"version":"1.4"}} 
 </msg>
<msg time="2024-06-03T13:17:43.905517" level="INFO">/opt/hostedtoolcache/Python/3.12.3/x64/lib/python3.12/site-packages/urllib3/connectionpool.py:1103: InsecureRequestWarning: Unverified HTTPS request is being made to host 'randomuser.me'. Adding certificate verification is strongly advised. See: https://urllib3.readthedocs.io/en/latest/advanced-usage.html#tls-warnings
  warnings.warn(</msg>
<msg time="2024-06-03T13:17:43.905623" level="INFO">${response} = &lt;Response [200]&gt;</msg>
<var>${response}</var>
<arg>consultarAPI</arg>
<arg>/api</arg>
<doc>Sends a GET request on a previously created HTTP Session.</doc>
<status status="PASS" start="2024-06-03T13:17:43.811568" elapsed="0.094094"/>
</kw>
<kw name="Set Variable" owner="BuiltIn">
<msg time="2024-06-03T13:17:43.906669" level="INFO">${json_data} = {'results': [{'gender': 'male', 'name': {'title': 'Mr', 'first': 'Hacı', 'last': 'Bennik'}, 'location': {'street': {'number': 87, 'name': 'Burgemeester Hemmingsonstraat'}, 'city': 'Schiphol', 'state':...</msg>
<var>${json_data}</var>
<arg>${response.json()}</arg>
<doc>Returns the given values which can then be assigned to a variables.</doc>
<status status="PASS" start="2024-06-03T13:17:43.906102" elapsed="0.000598"/>
</kw>
<kw name="Log" owner="BuiltIn">
<msg time="2024-06-03T13:17:43.907181" level="INFO">{'results': [{'gender': 'male', 'name': {'title': 'Mr', 'first': 'Hacı', 'last': 'Bennik'}, 'location': {'street': {'number': 87, 'name': 'Burgemeester Hemmingsonstraat'}, 'city': 'Schiphol', 'state': 'Zuid-Holland', 'country': 'Netherlands', 'postcode': '1487 AR', 'coordinates': {'latitude': '31.2370', 'longitude': '-31.1487'}, 'timezone': {'offset': '+1:00', 'description': 'Brussels, Copenhagen, Madrid, Paris'}}, 'email': 'haci.bennik@example.com', 'login': {'uuid': '50703cff-e89a-4c49-92d6-0d3a3142a9c2', 'username': 'smallgorilla146', 'password': 'bledsoe', 'salt': '5ILNVrKJ', 'md5': '5fdbbcd8bfcc32701d3d4b89ef2ed59f', 'sha1': '36d42ec2e949cac1e5fa65e2e6d61196ba216e21', 'sha256': 'bd877d68e757325f157982488b348878483a5a01ff4a0b954d1a69526ec8ade0'}, 'dob': {'date': '1992-10-30T07:12:12.506Z', 'age': 31}, 'registered': {'date': '2006-02-28T21:50:46.132Z', 'age': 18}, 'phone': '(010) 2166713', 'cell': '(06) 65240068', 'id': {'name': 'BSN', 'value': '64530694'}, 'picture': {'large': 'https://randomuser.me/api/portraits/men/63.jpg', 'medium': 'https://randomuser.me/api/portraits/med/men/63.jpg', 'thumbnail': 'https://randomuser.me/api/portraits/thumb/men/63.jpg'}, 'nat': 'NL'}], 'info': {'seed': '97819832e7736674', 'results': 1, 'page': 1, 'version': '1.4'}}</msg>
<arg>${json_data}</arg>
<doc>Logs the given message with the given level.</doc>
<status status="PASS" start="2024-06-03T13:17:43.907019" elapsed="0.000214"/>
</kw>
<kw name="Dictionary Should Contain Key" owner="Collections">
<msg time="2024-06-03T13:17:43.907693" level="INFO">False</msg>
<arg>${json_data}</arg>
<arg>results</arg>
<doc>Fails if ``key`` is not found from ``dictionary``.</doc>
<status status="PASS" start="2024-06-03T13:17:43.907534" elapsed="0.000196"/>
</kw>
<kw name="Should Not Be Empty" owner="BuiltIn">
<msg time="2024-06-03T13:17:43.908159" level="INFO">Length is 2.</msg>
<arg>${json_data}</arg>
<doc>Verifies that the given item is not empty.</doc>
<status status="PASS" start="2024-06-03T13:17:43.908028" elapsed="0.000170"/>
</kw>
<kw name="Create List" owner="BuiltIn">
<msg time="2024-06-03T13:17:43.908637" level="INFO">${expected_keys} = ['gender', 'name', 'location', 'email', 'login']</msg>
<var>${expected_keys}</var>
<arg>gender</arg>
<arg>name</arg>
<arg>location</arg>
<arg>email</arg>
<arg>login</arg>
<doc>Returns a list containing given items.</doc>
<status status="PASS" start="2024-06-03T13:17:43.908489" elapsed="0.000172"/>
</kw>
<for flavor="IN">
<iter>
<kw name="Dictionary Should Contain Key" owner="Collections">
<msg time="2024-06-03T13:17:43.909675" level="INFO">False</msg>
<arg>${json_data['results'][0]}</arg>
<arg>${key}</arg>
<doc>Fails if ``key`` is not found from ``dictionary``.</doc>
<status status="PASS" start="2024-06-03T13:17:43.909228" elapsed="0.000491"/>
</kw>
<kw name="Log" owner="BuiltIn">
<msg time="2024-06-03T13:17:43.910399" level="INFO">{'gender': 'male', 'name': {'title': 'Mr', 'first': 'Hacı', 'last': 'Bennik'}, 'location': {'street': {'number': 87, 'name': 'Burgemeester Hemmingsonstraat'}, 'city': 'Schiphol', 'state': 'Zuid-Holland', 'country': 'Netherlands', 'postcode': '1487 AR', 'coordinates': {'latitude': '31.2370', 'longitude': '-31.1487'}, 'timezone': {'offset': '+1:00', 'description': 'Brussels, Copenhagen, Madrid, Paris'}}, 'email': 'haci.bennik@example.com', 'login': {'uuid': '50703cff-e89a-4c49-92d6-0d3a3142a9c2', 'username': 'smallgorilla146', 'password': 'bledsoe', 'salt': '5ILNVrKJ', 'md5': '5fdbbcd8bfcc32701d3d4b89ef2ed59f', 'sha1': '36d42ec2e949cac1e5fa65e2e6d61196ba216e21', 'sha256': 'bd877d68e757325f157982488b348878483a5a01ff4a0b954d1a69526ec8ade0'}, 'dob': {'date': '1992-10-30T07:12:12.506Z', 'age': 31}, 'registered': {'date': '2006-02-28T21:50:46.132Z', 'age': 18}, 'phone': '(010) 2166713', 'cell': '(06) 65240068', 'id': {'name': 'BSN', 'value': '64530694'}, 'picture': {'large': 'https://randomuser.me/api/portraits/men/63.jpg', 'medium': 'https://randomuser.me/api/portraits/med/men/63.jpg', 'thumbnail': 'https://randomuser.me/api/portraits/thumb/men/63.jpg'}, 'nat': 'NL'}</msg>
<arg>${json_data['results'][0]}</arg>
<doc>Logs the given message with the given level.</doc>
<status status="PASS" start="2024-06-03T13:17:43.910026" elapsed="0.000425"/>
</kw>
<kw name="Log" owner="BuiltIn">
<msg time="2024-06-03T13:17:43.910890" level="INFO">gender</msg>
<arg>${key}</arg>
<doc>Logs the given message with the given level.</doc>
<status status="PASS" start="2024-06-03T13:17:43.910759" elapsed="0.000169"/>
</kw>
<var name="${key}">gender</var>
<status status="PASS" start="2024-06-03T13:17:43.909103" elapsed="0.002044"/>
</iter>
<iter>
<kw name="Dictionary Should Contain Key" owner="Collections">
<msg time="2024-06-03T13:17:43.911844" level="INFO">False</msg>
<arg>${json_data['results'][0]}</arg>
<arg>${key}</arg>
<doc>Fails if ``key`` is not found from ``dictionary``.</doc>
<status status="PASS" start="2024-06-03T13:17:43.911454" elapsed="0.000428"/>
</kw>
<kw name="Log" owner="BuiltIn">
<msg time="2024-06-03T13:17:43.912573" level="INFO">{'gender': 'male', 'name': {'title': 'Mr', 'first': 'Hacı', 'last': 'Bennik'}, 'location': {'street': {'number': 87, 'name': 'Burgemeester Hemmingsonstraat'}, 'city': 'Schiphol', 'state': 'Zuid-Holland', 'country': 'Netherlands', 'postcode': '1487 AR', 'coordinates': {'latitude': '31.2370', 'longitude': '-31.1487'}, 'timezone': {'offset': '+1:00', 'description': 'Brussels, Copenhagen, Madrid, Paris'}}, 'email': 'haci.bennik@example.com', 'login': {'uuid': '50703cff-e89a-4c49-92d6-0d3a3142a9c2', 'username': 'smallgorilla146', 'password': 'bledsoe', 'salt': '5ILNVrKJ', 'md5': '5fdbbcd8bfcc32701d3d4b89ef2ed59f', 'sha1': '36d42ec2e949cac1e5fa65e2e6d61196ba216e21', 'sha256': 'bd877d68e757325f157982488b348878483a5a01ff4a0b954d1a69526ec8ade0'}, 'dob': {'date': '1992-10-30T07:12:12.506Z', 'age': 31}, 'registered': {'date': '2006-02-28T21:50:46.132Z', 'age': 18}, 'phone': '(010) 2166713', 'cell': '(06) 65240068', 'id': {'name': 'BSN', 'value': '64530694'}, 'picture': {'large': 'https://randomuser.me/api/portraits/men/63.jpg', 'medium': 'https://randomuser.me/api/portraits/med/men/63.jpg', 'thumbnail': 'https://randomuser.me/api/portraits/thumb/men/63.jpg'}, 'nat': 'NL'}</msg>
<arg>${json_data['results'][0]}</arg>
<doc>Logs the given message with the given level.</doc>
<status status="PASS" start="2024-06-03T13:17:43.912208" elapsed="0.000417"/>
</kw>
<kw name="Log" owner="BuiltIn">
<msg time="2024-06-03T13:17:43.913056" level="INFO">name</msg>
<arg>${key}</arg>
<doc>Logs the given message with the given level.</doc>
<status status="PASS" start="2024-06-03T13:17:43.912929" elapsed="0.000165"/>
</kw>
<var name="${key}">name</var>
<status status="PASS" start="2024-06-03T13:17:43.911337" elapsed="0.001978"/>
</iter>
<iter>
<kw name="Dictionary Should Contain Key" owner="Collections">
<msg time="2024-06-03T13:17:43.914018" level="INFO">False</msg>
<arg>${json_data['results'][0]}</arg>
<arg>${key}</arg>
<doc>Fails if ``key`` is not found from ``dictionary``.</doc>
<status status="PASS" start="2024-06-03T13:17:43.913640" elapsed="0.000416"/>
</kw>
<kw name="Log" owner="BuiltIn">
<msg time="2024-06-03T13:17:43.914732" level="INFO">{'gender': 'male', 'name': {'title': 'Mr', 'first': 'Hacı', 'last': 'Bennik'}, 'location': {'street': {'number': 87, 'name': 'Burgemeester Hemmingsonstraat'}, 'city': 'Schiphol', 'state': 'Zuid-Holland', 'country': 'Netherlands', 'postcode': '1487 AR', 'coordinates': {'latitude': '31.2370', 'longitude': '-31.1487'}, 'timezone': {'offset': '+1:00', 'description': 'Brussels, Copenhagen, Madrid, Paris'}}, 'email': 'haci.bennik@example.com', 'login': {'uuid': '50703cff-e89a-4c49-92d6-0d3a3142a9c2', 'username': 'smallgorilla146', 'password': 'bledsoe', 'salt': '5ILNVrKJ', 'md5': '5fdbbcd8bfcc32701d3d4b89ef2ed59f', 'sha1': '36d42ec2e949cac1e5fa65e2e6d61196ba216e21', 'sha256': 'bd877d68e757325f157982488b348878483a5a01ff4a0b954d1a69526ec8ade0'}, 'dob': {'date': '1992-10-30T07:12:12.506Z', 'age': 31}, 'registered': {'date': '2006-02-28T21:50:46.132Z', 'age': 18}, 'phone': '(010) 2166713', 'cell': '(06) 65240068', 'id': {'name': 'BSN', 'value': '64530694'}, 'picture': {'large': 'https://randomuser.me/api/portraits/men/63.jpg', 'medium': 'https://randomuser.me/api/portraits/med/men/63.jpg', 'thumbnail': 'https://randomuser.me/api/portraits/thumb/men/63.jpg'}, 'nat': 'NL'}</msg>
<arg>${json_data['results'][0]}</arg>
<doc>Logs the given message with the given level.</doc>
<status status="PASS" start="2024-06-03T13:17:43.914361" elapsed="0.000423"/>
</kw>
<kw name="Log" owner="BuiltIn">
<msg time="2024-06-03T13:17:43.915214" level="INFO">location</msg>
<arg>${key}</arg>
<doc>Logs the given message with the given level.</doc>
<status status="PASS" start="2024-06-03T13:17:43.915087" elapsed="0.000164"/>
</kw>
<var name="${key}">location</var>
<status status="PASS" start="2024-06-03T13:17:43.913524" elapsed="0.001945"/>
</iter>
<iter>
<kw name="Dictionary Should Contain Key" owner="Collections">
<msg time="2024-06-03T13:17:43.916246" level="INFO">False</msg>
<arg>${json_data['results'][0]}</arg>
<arg>${key}</arg>
<doc>Fails if ``key`` is not found from ``dictionary``.</doc>
<status status="PASS" start="2024-06-03T13:17:43.915757" elapsed="0.000528"/>
</kw>
<kw name="Log" owner="BuiltIn">
<msg time="2024-06-03T13:17:43.916950" level="INFO">{'gender': 'male', 'name': {'title': 'Mr', 'first': 'Hacı', 'last': 'Bennik'}, 'location': {'street': {'number': 87, 'name': 'Burgemeester Hemmingsonstraat'}, 'city': 'Schiphol', 'state': 'Zuid-Holland', 'country': 'Netherlands', 'postcode': '1487 AR', 'coordinates': {'latitude': '31.2370', 'longitude': '-31.1487'}, 'timezone': {'offset': '+1:00', 'description': 'Brussels, Copenhagen, Madrid, Paris'}}, 'email': 'haci.bennik@example.com', 'login': {'uuid': '50703cff-e89a-4c49-92d6-0d3a3142a9c2', 'username': 'smallgorilla146', 'password': 'bledsoe', 'salt': '5ILNVrKJ', 'md5': '5fdbbcd8bfcc32701d3d4b89ef2ed59f', 'sha1': '36d42ec2e949cac1e5fa65e2e6d61196ba216e21', 'sha256': 'bd877d68e757325f157982488b348878483a5a01ff4a0b954d1a69526ec8ade0'}, 'dob': {'date': '1992-10-30T07:12:12.506Z', 'age': 31}, 'registered': {'date': '2006-02-28T21:50:46.132Z', 'age': 18}, 'phone': '(010) 2166713', 'cell': '(06) 65240068', 'id': {'name': 'BSN', 'value': '64530694'}, 'picture': {'large': 'https://randomuser.me/api/portraits/men/63.jpg', 'medium': 'https://randomuser.me/api/portraits/med/men/63.jpg', 'thumbnail': 'https://randomuser.me/api/portraits/thumb/men/63.jpg'}, 'nat': 'NL'}</msg>
<arg>${json_data['results'][0]}</arg>
<doc>Logs the given message with the given level.</doc>
<status status="PASS" start="2024-06-03T13:17:43.916589" elapsed="0.000412"/>
</kw>
<kw name="Log" owner="BuiltIn">
<msg time="2024-06-03T13:17:43.917427" level="INFO">email</msg>
<arg>${key}</arg>
<doc>Logs the given message with the given level.</doc>
<status status="PASS" start="2024-06-03T13:17:43.917299" elapsed="0.000191"/>
</kw>
<var name="${key}">email</var>
<status status="PASS" start="2024-06-03T13:17:43.915645" elapsed="0.002070"/>
</iter>
<iter>
<kw name="Dictionary Should Contain Key" owner="Collections">
<msg time="2024-06-03T13:17:43.918385" level="INFO">False</msg>
<arg>${json_data['results'][0]}</arg>
<arg>${key}</arg>
<doc>Fails if ``key`` is not found from ``dictionary``.</doc>
<status status="PASS" start="2024-06-03T13:17:43.918004" elapsed="0.000418"/>
</kw>
<kw name="Log" owner="BuiltIn">
<msg time="2024-06-03T13:17:43.919094" level="INFO">{'gender': 'male', 'name': {'title': 'Mr', 'first': 'Hacı', 'last': 'Bennik'}, 'location': {'street': {'number': 87, 'name': 'Burgemeester Hemmingsonstraat'}, 'city': 'Schiphol', 'state': 'Zuid-Holland', 'country': 'Netherlands', 'postcode': '1487 AR', 'coordinates': {'latitude': '31.2370', 'longitude': '-31.1487'}, 'timezone': {'offset': '+1:00', 'description': 'Brussels, Copenhagen, Madrid, Paris'}}, 'email': 'haci.bennik@example.com', 'login': {'uuid': '50703cff-e89a-4c49-92d6-0d3a3142a9c2', 'username': 'smallgorilla146', 'password': 'bledsoe', 'salt': '5ILNVrKJ', 'md5': '5fdbbcd8bfcc32701d3d4b89ef2ed59f', 'sha1': '36d42ec2e949cac1e5fa65e2e6d61196ba216e21', 'sha256': 'bd877d68e757325f157982488b348878483a5a01ff4a0b954d1a69526ec8ade0'}, 'dob': {'date': '1992-10-30T07:12:12.506Z', 'age': 31}, 'registered': {'date': '2006-02-28T21:50:46.132Z', 'age': 18}, 'phone': '(010) 2166713', 'cell': '(06) 65240068', 'id': {'name': 'BSN', 'value': '64530694'}, 'picture': {'large': 'https://randomuser.me/api/portraits/men/63.jpg', 'medium': 'https://randomuser.me/api/portraits/med/men/63.jpg', 'thumbnail': 'https://randomuser.me/api/portraits/thumb/men/63.jpg'}, 'nat': 'NL'}</msg>
<arg>${json_data['results'][0]}</arg>
<doc>Logs the given message with the given level.</doc>
<status status="PASS" start="2024-06-03T13:17:43.918722" elapsed="0.000424"/>
</kw>
<kw name="Log" owner="BuiltIn">
<msg time="2024-06-03T13:17:43.919581" level="INFO">login</msg>
<arg>${key}</arg>
<doc>Logs the given message with the given level.</doc>
<status status="PASS" start="2024-06-03T13:17:43.919447" elapsed="0.000203"/>
</kw>
<var name="${key}">login</var>
<status status="PASS" start="2024-06-03T13:17:43.917891" elapsed="0.001984"/>
</iter>
<var>${key}</var>
<value>@{expected_keys}</value>
<status status="PASS" start="2024-06-03T13:17:43.908917" elapsed="0.011079"/>
</for>
<kw name="Create List" owner="BuiltIn">
<msg time="2024-06-03T13:17:43.920328" level="INFO">${expected_keysTwo} = ['username', 'password']</msg>
<var>${expected_keysTwo}</var>
<arg>username</arg>
<arg>password</arg>
<doc>Returns a list containing given items.</doc>
<status status="PASS" start="2024-06-03T13:17:43.920191" elapsed="0.000161"/>
</kw>
<for flavor="IN">
<iter>
<kw name="Dictionary Should Contain Key" owner="Collections">
<msg time="2024-06-03T13:17:43.921244" level="INFO">False</msg>
<arg>${json_data['results'][0]['login']}</arg>
<arg>${keyTwo}</arg>
<doc>Fails if ``key`` is not found from ``dictionary``.</doc>
<status status="PASS" start="2024-06-03T13:17:43.920860" elapsed="0.000421"/>
</kw>
<kw name="Dictionary Should Contain Key" owner="Collections">
<msg time="2024-06-03T13:17:43.922001" level="INFO">False</msg>
<arg>${json_data['results'][0]['login']}</arg>
<arg>${keyTwo}</arg>
<doc>Fails if ``key`` is not found from ``dictionary``.</doc>
<status status="PASS" start="2024-06-03T13:17:43.921610" elapsed="0.000429"/>
</kw>
<kw name="Log" owner="BuiltIn">
<msg time="2024-06-03T13:17:43.922465" level="INFO">username</msg>
<arg>${keyTwo}</arg>
<doc>Logs the given message with the given level.</doc>
<status status="PASS" start="2024-06-03T13:17:43.922337" elapsed="0.000166"/>
</kw>
<var name="${keyTwo}">username</var>
<status status="PASS" start="2024-06-03T13:17:43.920746" elapsed="0.001969"/>
</iter>
<iter>
<kw name="Dictionary Should Contain Key" owner="Collections">
<msg time="2024-06-03T13:17:43.923383" level="INFO">False</msg>
<arg>${json_data['results'][0]['login']}</arg>
<arg>${keyTwo}</arg>
<doc>Fails if ``key`` is not found from ``dictionary``.</doc>
<status status="PASS" start="2024-06-03T13:17:43.923002" elapsed="0.000418"/>
</kw>
<kw name="Dictionary Should Contain Key" owner="Collections">
<msg time="2024-06-03T13:17:43.924094" level="INFO">False</msg>
<arg>${json_data['results'][0]['login']}</arg>
<arg>${keyTwo}</arg>
<doc>Fails if ``key`` is not found from ``dictionary``.</doc>
<status status="PASS" start="2024-06-03T13:17:43.923714" elapsed="0.000416"/>
</kw>
<kw name="Log" owner="BuiltIn">
<msg time="2024-06-03T13:17:43.924552" level="INFO">password</msg>
<arg>${keyTwo}</arg>
<doc>Logs the given message with the given level.</doc>
<status status="PASS" start="2024-06-03T13:17:43.924425" elapsed="0.000164"/>
</kw>
<var name="${keyTwo}">password</var>
<status status="PASS" start="2024-06-03T13:17:43.922889" elapsed="0.001915"/>
</iter>
<var>${keyTwo}</var>
<value>@{expected_keysTwo}</value>
<status status="PASS" start="2024-06-03T13:17:43.920591" elapsed="0.004333"/>
</for>
<status status="PASS" start="2024-06-03T13:17:43.811329" elapsed="0.113733"/>
</kw>
<doc>Testa a estrutura da resposta da API.</doc>
<tag>testeEstruturaResposta</tag>
<status status="PASS" start="2024-06-03T13:17:43.810758" elapsed="0.114452"/>
</test>
<test id="s1-s1-t4" name="Validar tipos de dados" line="28">
<kw name="Teste de Tipos de Dados" owner="random-user-service">
<kw name="GET On Session" owner="RequestsLibrary">
<msg time="2024-06-03T13:17:44.014330" level="INFO">GET Request : url=https://randomuser.me/api 
 path_url=/api 
 headers={'User-Agent': 'python-requests/2.32.3', 'Accept-Encoding': 'gzip, deflate', 'Accept': '*/*', 'Connection': 'keep-alive'} 
 body=None 
 </msg>
<msg time="2024-06-03T13:17:44.014416" level="INFO">GET Response : url=https://randomuser.me/api 
 status=200, reason=OK 
 headers={'Date': 'Mon, 03 Jun 2024 13:17:44 GMT', 'Content-Type': 'application/json; charset=utf-8', 'Transfer-Encoding': 'chunked', 'Connection': 'keep-alive', 'X-Powered-By': 'Express', 'Access-Control-Allow-Origin': '*', 'Cache-Control': 'no-cache', 'ETag': 'W/"46f-nCbVA/WegR64PINuxD54xAkoK8M"', 'Vary': 'Accept-Encoding', 'Content-Encoding': 'gzip', 'CF-Cache-Status': 'DYNAMIC', 'Report-To': '{"endpoints":[{"url":"https:\\/\\/a.nel.cloudflare.com\\/report\\/v4?s=8UqIuZAPAuylZQ9wCB1gguideF1FzAMiA24%2B%2BtZJEJzKVDLODeHAUtGImpkgOfYvSLAdajLc%2BEDQJL2Q5EgonW5dSCG3RmhBQOfZPMeU4hINicM4elu%2F0POIS46IHDD9"}],"group":"cf-nel","max_age":604800}', 'NEL': '{"success_fraction":0,"report_to":"cf-nel","max_age":604800}', 'Server': 'cloudflare', 'CF-RAY': '88dff70d9e272284-SJC', 'alt-svc': 'h3=":443"; ma=86400'} 
 body={"results":[{"gender":"male","name":{"title":"Mr","first":"Emilio","last":"Núñez"},"location":{"street":{"number":4488,"name":"Paseo de Zorrilla"},"city":"Móstoles","state":"Asturias","country":"Spain","postcode":55489,"coordinates":{"latitude":"-35.8096","longitude":"-29.0461"},"timezone":{"offset":"+5:45","description":"Kathmandu"}},"email":"emilio.nunez@example.com","login":{"uuid":"4ab7f928-b0ce-4422-a2c5-6dc0aa298811","username":"silverfrog472","password":"blues1","salt":"QcX6plly","md5":"e829b55417d2fcc8fc755fdccfecd517","sha1":"368b52e4668e677e4be7913ce770383d21688877","sha256":"28979a80d596fa0c1bebd72d7662d62dfa18a981d52ac84b9ee12b11dd922f0c"},"dob":{"date":"1991-05-17T11:03:41.214Z","age":33},"registered":{"date":"2017-12-28T11:39:39.700Z","age":6},"phone":"966-165-511","cell":"699-326-202","id":{"name":"DNI","value":"64216523-Q"},"picture":{"large":"https://randomuser.me/api/portraits/men/4.jpg","medium":"https://randomuser.me/api/portraits/med/men/4.jpg","thumbnail":"https://randomuser.me/api/portraits/thumb/men/4.jpg"},"nat":"ES"}],"info":{"seed":"4b36c9f1d8850c9a","results":1,"page":1,"version":"1.4"}} 
 </msg>
<msg time="2024-06-03T13:17:44.014488" level="INFO">/opt/hostedtoolcache/Python/3.12.3/x64/lib/python3.12/site-packages/urllib3/connectionpool.py:1103: InsecureRequestWarning: Unverified HTTPS request is being made to host 'randomuser.me'. Adding certificate verification is strongly advised. See: https://urllib3.readthedocs.io/en/latest/advanced-usage.html#tls-warnings
  warnings.warn(</msg>
<msg time="2024-06-03T13:17:44.014576" level="INFO">${response} = &lt;Response [200]&gt;</msg>
<var>${response}</var>
<arg>consultarAPI</arg>
<arg>/api</arg>
<doc>Sends a GET request on a previously created HTTP Session.</doc>
<status status="PASS" start="2024-06-03T13:17:43.927708" elapsed="0.086911"/>
</kw>
<kw name="Set Variable" owner="BuiltIn">
<msg time="2024-06-03T13:17:44.015618" level="INFO">${json_data} = {'results': [{'gender': 'male', 'name': {'title': 'Mr', 'first': 'Emilio', 'last': 'Núñez'}, 'location': {'street': {'number': 4488, 'name': 'Paseo de Zorrilla'}, 'city': 'Móstoles', 'state': 'Asturia...</msg>
<var>${json_data}</var>
<arg>${response.json()}</arg>
<doc>Returns the given values which can then be assigned to a variables.</doc>
<status status="PASS" start="2024-06-03T13:17:44.015065" elapsed="0.000582"/>
</kw>
<kw name="Log" owner="BuiltIn">
<msg time="2024-06-03T13:17:44.016124" level="INFO">{'results': [{'gender': 'male', 'name': {'title': 'Mr', 'first': 'Emilio', 'last': 'Núñez'}, 'location': {'street': {'number': 4488, 'name': 'Paseo de Zorrilla'}, 'city': 'Móstoles', 'state': 'Asturias', 'country': 'Spain', 'postcode': 55489, 'coordinates': {'latitude': '-35.8096', 'longitude': '-29.0461'}, 'timezone': {'offset': '+5:45', 'description': 'Kathmandu'}}, 'email': 'emilio.nunez@example.com', 'login': {'uuid': '4ab7f928-b0ce-4422-a2c5-6dc0aa298811', 'username': 'silverfrog472', 'password': 'blues1', 'salt': 'QcX6plly', 'md5': 'e829b55417d2fcc8fc755fdccfecd517', 'sha1': '368b52e4668e677e4be7913ce770383d21688877', 'sha256': '28979a80d596fa0c1bebd72d7662d62dfa18a981d52ac84b9ee12b11dd922f0c'}, 'dob': {'date': '1991-05-17T11:03:41.214Z', 'age': 33}, 'registered': {'date': '2017-12-28T11:39:39.700Z', 'age': 6}, 'phone': '966-165-511', 'cell': '699-326-202', 'id': {'name': 'DNI', 'value': '64216523-Q'}, 'picture': {'large': 'https://randomuser.me/api/portraits/men/4.jpg', 'medium': 'https://randomuser.me/api/portraits/med/men/4.jpg', 'thumbnail': 'https://randomuser.me/api/portraits/thumb/men/4.jpg'}, 'nat': 'ES'}], 'info': {'seed': '4b36c9f1d8850c9a', 'results': 1, 'page': 1, 'version': '1.4'}}</msg>
<arg>${json_data}</arg>
<doc>Logs the given message with the given level.</doc>
<status status="PASS" start="2024-06-03T13:17:44.015964" elapsed="0.000241"/>
</kw>
<kw name="Should Be String" owner="String">
<arg>${json_data['results'][0]['gender']}</arg>
<doc>Fails if the given ``item`` is not a string.</doc>
<status status="PASS" start="2024-06-03T13:17:44.016508" elapsed="0.000363"/>
</kw>
<kw name="Should Match Regexp" owner="BuiltIn">
<arg>${json_data['results'][0]['email']}</arg>
<arg>^[a-zA-Z0-9._%+-]+@[a-zA-Z0-9.-]+\.[a-zA-Z]{2,}$</arg>
<doc>Fails if ``string`` does not match ``pattern`` as a regular expression.</doc>
<status status="PASS" start="2024-06-03T13:17:44.017065" elapsed="0.000673"/>
</kw>
<kw name="Should Match Regexp" owner="BuiltIn">
<arg>${json_data['results'][0]['dob']['date']}</arg>
<arg>\\d{4}-\\d{2}-\\d{2}T\\d{2}:\\d{2}:\\d{2}\\.\\d{3}Z</arg>
<doc>Fails if ``string`` does not match ``pattern`` as a regular expression.</doc>
<status status="PASS" start="2024-06-03T13:17:44.017945" elapsed="0.000487"/>
</kw>
<kw name="Should Match Regexp" owner="BuiltIn">
<arg>${json_data['results'][0]['registered']['date']}</arg>
<arg>\\d{4}-\\d{2}-\\d{2}T\\d{2}:\\d{2}:\\d{2}\\.\\d{3}Z</arg>
<doc>Fails if ``string`` does not match ``pattern`` as a regular expression.</doc>
<status status="PASS" start="2024-06-03T13:17:44.018631" elapsed="0.000372"/>
</kw>
<kw name="Should Match Regexp" owner="BuiltIn">
<arg>${json_data['results'][0]['picture']['large']}</arg>
<arg>^https?://.*\.(?:png|jpe?g|gif|bmp)$</arg>
<doc>Fails if ``string`` does not match ``pattern`` as a regular expression.</doc>
<status status="PASS" start="2024-06-03T13:17:44.019196" elapsed="0.000460"/>
</kw>
<kw name="Should Match Regexp" owner="BuiltIn">
<arg>${json_data['results'][0]['picture']['medium']}</arg>
<arg>^https?://.*\.(?:png|jpe?g|gif|bmp)$</arg>
<doc>Fails if ``string`` does not match ``pattern`` as a regular expression.</doc>
<status status="PASS" start="2024-06-03T13:17:44.019849" elapsed="0.000348"/>
</kw>
<kw name="Should Match Regexp" owner="BuiltIn">
<arg>${json_data['results'][0]['picture']['thumbnail']}</arg>
<arg>^https?://.*\.(?:png|jpe?g|gif|bmp)$</arg>
<doc>Fails if ``string`` does not match ``pattern`` as a regular expression.</doc>
<status status="PASS" start="2024-06-03T13:17:44.020385" elapsed="0.000344"/>
</kw>
<kw name="Log" owner="BuiltIn">
<msg time="2024-06-03T13:17:44.021231" level="INFO">{'large': 'https://randomuser.me/api/portraits/men/4.jpg', 'medium': 'https://randomuser.me/api/portraits/med/men/4.jpg', 'thumbnail': 'https://randomuser.me/api/portraits/thumb/men/4.jpg'}</msg>
<arg>${json_data['results'][0]['picture']}</arg>
<doc>Logs the given message with the given level.</doc>
<status status="PASS" start="2024-06-03T13:17:44.020913" elapsed="0.000361"/>
</kw>
<status status="PASS" start="2024-06-03T13:17:43.927481" elapsed="0.094074"/>
</kw>
<kw name="Teste de Tipos de Dados - Postcode" owner="random-user-service">
<kw name="GET On Session" owner="RequestsLibrary">
<msg time="2024-06-03T13:17:44.112823" level="INFO">GET Request : url=https://randomuser.me/api 
 path_url=/api 
 headers={'User-Agent': 'python-requests/2.32.3', 'Accept-Encoding': 'gzip, deflate', 'Accept': '*/*', 'Connection': 'keep-alive'} 
 body=None 
 </msg>
<msg time="2024-06-03T13:17:44.112908" level="INFO">GET Response : url=https://randomuser.me/api 
 status=200, reason=OK 
 headers={'Date': 'Mon, 03 Jun 2024 13:17:44 GMT', 'Content-Type': 'application/json; charset=utf-8', 'Transfer-Encoding': 'chunked', 'Connection': 'keep-alive', 'X-Powered-By': 'Express', 'Access-Control-Allow-Origin': '*', 'Cache-Control': 'no-cache', 'ETag': 'W/"46d-WrLT0JUM7WeBPQrfaHhk7dzsTy8"', 'Vary': 'Accept-Encoding', 'Content-Encoding': 'gzip', 'CF-Cache-Status': 'DYNAMIC', 'Report-To': '{"endpoints":[{"url":"https:\\/\\/a.nel.cloudflare.com\\/report\\/v4?s=9R5qmSI5pfXIQUOUMmOFEC%2BiUVyXeXOjs2UR1scxdQgqT3FggO2c%2F7x7fCvv2z3fEVbaW3we5tlGDi4inAa5PwZH%2BJDUW%2FoAahFAkwAt4lUM3M2K5l8XUN6U8Qavbh6H"}],"group":"cf-nel","max_age":604800}', 'NEL': '{"success_fraction":0,"report_to":"cf-nel","max_age":604800}', 'Server': 'cloudflare', 'CF-RAY': '88dff70e2e8d2284-SJC', 'alt-svc': 'h3=":443"; ma=86400'} 
 body={"results":[{"gender":"male","name":{"title":"Mr","first":"Magne","last":"Stensvold"},"location":{"street":{"number":2297,"name":"Harald Sohlbergs vei"},"city":"Forsand","state":"Oslo","country":"Norway","postcode":"2645","coordinates":{"latitude":"46.4860","longitude":"-48.5650"},"timezone":{"offset":"+4:30","description":"Kabul"}},"email":"magne.stensvold@example.com","login":{"uuid":"9ca35298-5417-42d2-8633-6c9b8d8a8b52","username":"blueelephant454","password":"health","salt":"tteEjYhH","md5":"f0f149d8804fc41a986d6d0b09ca798d","sha1":"1be062be5eca333e70a95cbd214994a7802c743a","sha256":"1cfb3ac1d4101e4b9c5c5f3da6fcbf0a7c0a1b81eb17d99c690bf7db0f1102e1"},"dob":{"date":"1990-04-04T02:43:08.996Z","age":34},"registered":{"date":"2014-01-12T13:18:06.787Z","age":10},"phone":"68565731","cell":"94346939","id":{"name":"FN","value":"04049041158"},"picture":{"large":"https://randomuser.me/api/portraits/men/69.jpg","medium":"https://randomuser.me/api/portraits/med/men/69.jpg","thumbnail":"https://randomuser.me/api/portraits/thumb/men/69.jpg"},"nat":"NO"}],"info":{"seed":"98f315d1a7b57345","results":1,"page":1,"version":"1.4"}} 
 </msg>
<msg time="2024-06-03T13:17:44.112980" level="INFO">/opt/hostedtoolcache/Python/3.12.3/x64/lib/python3.12/site-packages/urllib3/connectionpool.py:1103: InsecureRequestWarning: Unverified HTTPS request is being made to host 'randomuser.me'. Adding certificate verification is strongly advised. See: https://urllib3.readthedocs.io/en/latest/advanced-usage.html#tls-warnings
  warnings.warn(</msg>
<msg time="2024-06-03T13:17:44.113104" level="INFO">${response} = &lt;Response [200]&gt;</msg>
<var>${response}</var>
<arg>consultarAPI</arg>
<arg>/api</arg>
<doc>Sends a GET request on a previously created HTTP Session.</doc>
<status status="PASS" start="2024-06-03T13:17:44.021993" elapsed="0.091166"/>
</kw>
<kw name="Set Variable" owner="BuiltIn">
<msg time="2024-06-03T13:17:44.114316" level="INFO">${json_data} = {'results': [{'gender': 'male', 'name': {'title': 'Mr', 'first': 'Magne', 'last': 'Stensvold'}, 'location': {'street': {'number': 2297, 'name': 'Harald Sohlbergs vei'}, 'city': 'Forsand', 'state': 'Os...</msg>
<var>${json_data}</var>
<arg>${response.json()}</arg>
<doc>Returns the given values which can then be assigned to a variables.</doc>
<status status="PASS" start="2024-06-03T13:17:44.113767" elapsed="0.000578"/>
</kw>
<kw name="Log" owner="BuiltIn">
<msg time="2024-06-03T13:17:44.114811" level="INFO">{'results': [{'gender': 'male', 'name': {'title': 'Mr', 'first': 'Magne', 'last': 'Stensvold'}, 'location': {'street': {'number': 2297, 'name': 'Harald Sohlbergs vei'}, 'city': 'Forsand', 'state': 'Oslo', 'country': 'Norway', 'postcode': '2645', 'coordinates': {'latitude': '46.4860', 'longitude': '-48.5650'}, 'timezone': {'offset': '+4:30', 'description': 'Kabul'}}, 'email': 'magne.stensvold@example.com', 'login': {'uuid': '9ca35298-5417-42d2-8633-6c9b8d8a8b52', 'username': 'blueelephant454', 'password': 'health', 'salt': 'tteEjYhH', 'md5': 'f0f149d8804fc41a986d6d0b09ca798d', 'sha1': '1be062be5eca333e70a95cbd214994a7802c743a', 'sha256': '1cfb3ac1d4101e4b9c5c5f3da6fcbf0a7c0a1b81eb17d99c690bf7db0f1102e1'}, 'dob': {'date': '1990-04-04T02:43:08.996Z', 'age': 34}, 'registered': {'date': '2014-01-12T13:18:06.787Z', 'age': 10}, 'phone': '68565731', 'cell': '94346939', 'id': {'name': 'FN', 'value': '04049041158'}, 'picture': {'large': 'https://randomuser.me/api/portraits/men/69.jpg', 'medium': 'https://randomuser.me/api/portraits/med/men/69.jpg', 'thumbnail': 'https://randomuser.me/api/portraits/thumb/men/69.jpg'}, 'nat': 'NO'}], 'info': {'seed': '98f315d1a7b57345', 'results': 1, 'page': 1, 'version': '1.4'}}</msg>
<arg>${json_data}</arg>
<doc>Logs the given message with the given level.</doc>
<status status="PASS" start="2024-06-03T13:17:44.114658" elapsed="0.000231"/>
</kw>
<kw name="Should Be Equal As Numbers" owner="BuiltIn">
<arg>${json_data['results'][0]['location']['postcode']}</arg>
<arg>${json_data['results'][0]['location']['postcode']}</arg>
<doc>Fails if objects are unequal after converting them to real numbers.</doc>
<status status="PASS" start="2024-06-03T13:17:44.115195" elapsed="0.000625"/>
</kw>
<kw name="Log" owner="BuiltIn">
<msg time="2024-06-03T13:17:44.116361" level="INFO">2645</msg>
<arg>${json_data['results'][0]['location']['postcode']}</arg>
<doc>Logs the given message with the given level.</doc>
<status status="PASS" start="2024-06-03T13:17:44.116023" elapsed="0.000379"/>
</kw>
<status status="PASS" start="2024-06-03T13:17:44.021771" elapsed="0.094884"/>
</kw>
<doc>Testa se os tipos de dados na resposta da API estão corretos.</doc>
<tag>testeTiposDados</tag>
<status status="PASS" start="2024-06-03T13:17:43.926967" elapsed="0.189848"/>
</test>
<test id="s1-s1-t5" name="Validar conteudo" line="35">
<kw name="Teste de Tipos de Conteudo" owner="random-user-service">
<kw name="GET On Session" owner="RequestsLibrary">
<msg time="2024-06-03T13:17:44.217582" level="INFO">GET Request : url=https://randomuser.me/api 
 path_url=/api 
 headers={'User-Agent': 'python-requests/2.32.3', 'Accept-Encoding': 'gzip, deflate', 'Accept': '*/*', 'Connection': 'keep-alive'} 
 body=None 
 </msg>
<msg time="2024-06-03T13:17:44.217670" level="INFO">GET Response : url=https://randomuser.me/api 
 status=200, reason=OK 
 headers={'Date': 'Mon, 03 Jun 2024 13:17:44 GMT', 'Content-Type': 'application/json; charset=utf-8', 'Transfer-Encoding': 'chunked', 'Connection': 'keep-alive', 'X-Powered-By': 'Express', 'Access-Control-Allow-Origin': '*', 'Cache-Control': 'no-cache', 'ETag': 'W/"49f-u2XDec8zs5B/DFq0PBLY8fHxRMM"', 'Vary': 'Accept-Encoding', 'Content-Encoding': 'gzip', 'CF-Cache-Status': 'DYNAMIC', 'Report-To': '{"endpoints":[{"url":"https:\\/\\/a.nel.cloudflare.com\\/report\\/v4?s=H1bmJXvJjezmpsRtuefegWbVomy1KOW2hVBGXs9NTUlO1GBTtGKsMhVu2usTyspbvVJtoAG1u4Un2vV86mYeHxXI7%2FtMt6AKhZ%2BfnA9N%2BhfBbriWdPwK51XLZYhkoBis"}],"group":"cf-nel","max_age":604800}', 'NEL': '{"success_fraction":0,"report_to":"cf-nel","max_age":604800}', 'Server': 'cloudflare', 'CF-RAY': '88dff70ecf082284-SJC', 'alt-svc': 'h3=":443"; ma=86400'} 
 body={"results":[{"gender":"male","name":{"title":"Mr","first":"Mehdi","last":"Göhler"},"location":{"street":{"number":4459,"name":"Kirchweg"},"city":"Fürstenberg/Havel","state":"Baden-Württemberg","country":"Germany","postcode":40052,"coordinates":{"latitude":"-49.0428","longitude":"-65.2166"},"timezone":{"offset":"+5:30","description":"Bombay, Calcutta, Madras, New Delhi"}},"email":"mehdi.gohler@example.com","login":{"uuid":"a4b78405-816c-40fa-96f3-d9ebdb0e0843","username":"yellowduck839","password":"hihihi","salt":"IfxWd0Mv","md5":"87b38ffc7293e1935acaf5cb3469af4f","sha1":"590b74170a0ce31f5f914a4c6fc69402f962ceab","sha256":"14f62c12ad94cf63581b034f0f5dbf0d5d16a3b4b21510ac5c7976cf971ce49e"},"dob":{"date":"1979-09-18T16:56:33.630Z","age":44},"registered":{"date":"2020-12-22T11:25:13.135Z","age":3},"phone":"0870-9052266","cell":"0178-3172423","id":{"name":"SVNR","value":"19 180979 G 292"},"picture":{"large":"https://randomuser.me/api/portraits/men/71.jpg","medium":"https://randomuser.me/api/portraits/med/men/71.jpg","thumbnail":"https://randomuser.me/api/portraits/thumb/men/71.jpg"},"nat":"DE"}],"info":{"seed":"4ee93c0f57e77285","results":1,"page":1,"version":"1.4"}} 
 </msg>
<msg time="2024-06-03T13:17:44.217747" level="INFO">/opt/hostedtoolcache/Python/3.12.3/x64/lib/python3.12/site-packages/urllib3/connectionpool.py:1103: InsecureRequestWarning: Unverified HTTPS request is being made to host 'randomuser.me'. Adding certificate verification is strongly advised. See: https://urllib3.readthedocs.io/en/latest/advanced-usage.html#tls-warnings
  warnings.warn(</msg>
<msg time="2024-06-03T13:17:44.217865" level="INFO">${response} = &lt;Response [200]&gt;</msg>
<var>${response}</var>
<arg>consultarAPI</arg>
<arg>/api</arg>
<doc>Sends a GET request on a previously created HTTP Session.</doc>
<status status="PASS" start="2024-06-03T13:17:44.120104" elapsed="0.097795"/>
</kw>
<kw name="Set Variable" owner="BuiltIn">
<msg time="2024-06-03T13:17:44.218748" level="INFO">${json_data} = {'results': [{'gender': 'male', 'name': {'title': 'Mr', 'first': 'Mehdi', 'last': 'Göhler'}, 'location': {'street': {'number': 4459, 'name': 'Kirchweg'}, 'city': 'Fürstenberg/Havel', 'state': 'Baden-W...</msg>
<var>${json_data}</var>
<arg>${response.json()}</arg>
<doc>Returns the given values which can then be assigned to a variables.</doc>
<status status="PASS" start="2024-06-03T13:17:44.218288" elapsed="0.000491"/>
</kw>
<kw name="Set Variable" owner="BuiltIn">
<msg time="2024-06-03T13:17:44.219485" level="INFO">${name_title} = Mr</msg>
<var>${name_title}</var>
<arg>${json_data["results"][0]["name"]["title"]}</arg>
<doc>Returns the given values which can then be assigned to a variables.</doc>
<status status="PASS" start="2024-06-03T13:17:44.219092" elapsed="0.000419"/>
</kw>
<kw name="Create List" owner="BuiltIn">
<msg time="2024-06-03T13:17:44.219974" level="INFO">${allowed_titles} = ['Mr', 'Ms', 'Miss', 'Mrs', 'Madame', 'Monsieur']</msg>
<var>${allowed_titles}</var>
<arg>Mr</arg>
<arg>Ms</arg>
<arg>Miss</arg>
<arg>Mrs</arg>
<arg>Madame</arg>
<arg>Monsieur</arg>
<doc>Returns a list containing given items.</doc>
<status status="PASS" start="2024-06-03T13:17:44.219818" elapsed="0.000181"/>
</kw>
<kw name="List Should Contain Value" owner="Collections">
<msg time="2024-06-03T13:17:44.220486" level="INFO">False</msg>
<arg>${allowed_titles}</arg>
<arg>${name_title}</arg>
<doc>Fails if the ``value`` is not found from ``list``.</doc>
<status status="PASS" start="2024-06-03T13:17:44.220311" elapsed="0.000213"/>
</kw>
<kw name="Set Variable" owner="BuiltIn">
<msg time="2024-06-03T13:17:44.221355" level="INFO">${name_country} = DE</msg>
<var>${name_country}</var>
<arg>${json_data["results"][0]["nat"]}</arg>
<doc>Returns the given values which can then be assigned to a variables.</doc>
<status status="PASS" start="2024-06-03T13:17:44.220830" elapsed="0.000552"/>
</kw>
<kw name="Create List" owner="BuiltIn">
<msg time="2024-06-03T13:17:44.222340" level="INFO">${list_country} = ['AD', 'AE', 'AF', 'AG', 'AI', 'AL', 'AM', 'AO', 'AQ', 'AR', 'AS', 'AT', 'AU', 'AW', 'AX', 'AZ', 'BA', 'BB', 'BD', 'BE', 'BF', 'BG', 'BH', 'BI', 'BJ', 'BL', 'BM', 'BN', 'BO', 'BQ', 'BR', 'BS', 'BT', '...</msg>
<var>${list_country}</var>
<arg>AD</arg>
<arg>AE</arg>
<arg>AF</arg>
<arg>AG</arg>
<arg>AI</arg>
<arg>AL</arg>
<arg>AM</arg>
<arg>AO</arg>
<arg>AQ</arg>
<arg>AR</arg>
<arg>AS</arg>
<arg>AT</arg>
<arg>AU</arg>
<arg>AW</arg>
<arg>AX</arg>
<arg>AZ</arg>
<arg>BA</arg>
<arg>BB</arg>
<arg>BD</arg>
<arg>BE</arg>
<arg>BF</arg>
<arg>BG</arg>
<arg>BH</arg>
<arg>BI</arg>
<arg>BJ</arg>
<arg>BL</arg>
<arg>BM</arg>
<arg>BN</arg>
<arg>BO</arg>
<arg>BQ</arg>
<arg>BR</arg>
<arg>BS</arg>
<arg>BT</arg>
<arg>BV</arg>
<arg>BW</arg>
<arg>BY</arg>
<arg>BZ</arg>
<arg>CA</arg>
<arg>CC</arg>
<arg>CD</arg>
<arg>CF</arg>
<arg>CG</arg>
<arg>CH</arg>
<arg>CI</arg>
<arg>CK</arg>
<arg>CL</arg>
<arg>CM</arg>
<arg>CN</arg>
<arg>CO</arg>
<arg>CR</arg>
<arg>CU</arg>
<arg>CV</arg>
<arg>CW</arg>
<arg>CX</arg>
<arg>CY</arg>
<arg>CZ</arg>
<arg>DE</arg>
<arg>DJ</arg>
<arg>DK</arg>
<arg>DM</arg>
<arg>DO</arg>
<arg>DZ</arg>
<arg>EC</arg>
<arg>EE</arg>
<arg>EG</arg>
<arg>EH</arg>
<arg>ER</arg>
<arg>ES</arg>
<arg>ET</arg>
<arg>FI</arg>
<arg>FJ</arg>
<arg>FK</arg>
<arg>FM</arg>
<arg>FO</arg>
<arg>FR</arg>
<arg>GA</arg>
<arg>GB</arg>
<arg>GD</arg>
<arg>GE</arg>
<arg>GF</arg>
<arg>GG</arg>
<arg>GH</arg>
<arg>GI</arg>
<arg>GL</arg>
<arg>GM</arg>
<arg>GN</arg>
<arg>GP</arg>
<arg>GQ</arg>
<arg>GR</arg>
<arg>GS</arg>
<arg>GT</arg>
<arg>GU</arg>
<arg>GW</arg>
<arg>GY</arg>
<arg>HK</arg>
<arg>HM</arg>
<arg>HN</arg>
<arg>HR</arg>
<arg>HT</arg>
<arg>HU</arg>
<arg>ID</arg>
<arg>IE</arg>
<arg>IL</arg>
<arg>IM</arg>
<arg>IN</arg>
<arg>IO</arg>
<arg>IQ</arg>
<arg>IR</arg>
<arg>IS</arg>
<arg>IT</arg>
<arg>JE</arg>
<arg>JM</arg>
<arg>JO</arg>
<arg>JP</arg>
<arg>KE</arg>
<arg>KG</arg>
<arg>KH</arg>
<arg>KI</arg>
<arg>KM</arg>
<arg>KN</arg>
<arg>KP</arg>
<arg>KR</arg>
<arg>KW</arg>
<arg>KY</arg>
<arg>KZ</arg>
<arg>LA</arg>
<arg>LB</arg>
<arg>LC</arg>
<arg>LI</arg>
<arg>LK</arg>
<arg>LR</arg>
<arg>LS</arg>
<arg>LT</arg>
<arg>LU</arg>
<arg>LV</arg>
<arg>LY</arg>
<arg>MA</arg>
<arg>MC</arg>
<arg>MD</arg>
<arg>ME</arg>
<arg>MF</arg>
<arg>MG</arg>
<arg>MH</arg>
<arg>MK</arg>
<arg>ML</arg>
<arg>MM</arg>
<arg>MN</arg>
<arg>MO</arg>
<arg>MP</arg>
<arg>MQ</arg>
<arg>MR</arg>
<arg>MS</arg>
<arg>MT</arg>
<arg>MU</arg>
<arg>MV</arg>
<arg>MW</arg>
<arg>MX</arg>
<arg>MY</arg>
<arg>MZ</arg>
<arg>NA</arg>
<arg>NC</arg>
<arg>NE</arg>
<arg>NF</arg>
<arg>NG</arg>
<arg>NI</arg>
<arg>NL</arg>
<arg>NO</arg>
<arg>NP</arg>
<arg>NR</arg>
<arg>NU</arg>
<arg>NZ</arg>
<arg>OM</arg>
<arg>PA</arg>
<arg>PE</arg>
<arg>PF</arg>
<arg>PG</arg>
<arg>PH</arg>
<arg>PK</arg>
<arg>PL</arg>
<arg>PM</arg>
<arg>PN</arg>
<arg>PR</arg>
<arg>PS</arg>
<arg>PT</arg>
<arg>PW</arg>
<arg>PY</arg>
<arg>QA</arg>
<arg>RE</arg>
<arg>RO</arg>
<arg>RS</arg>
<arg>RU</arg>
<arg>RW</arg>
<arg>SA</arg>
<arg>SB</arg>
<arg>SC</arg>
<arg>SD</arg>
<arg>SE</arg>
<arg>SG</arg>
<arg>SH</arg>
<arg>SI</arg>
<arg>SJ</arg>
<arg>SK</arg>
<arg>SL</arg>
<arg>SM</arg>
<arg>SN</arg>
<arg>SO</arg>
<arg>SR</arg>
<arg>SS</arg>
<arg>ST</arg>
<arg>SV</arg>
<arg>SX</arg>
<arg>SY</arg>
<arg>SZ</arg>
<arg>TC</arg>
<arg>TD</arg>
<arg>TF</arg>
<arg>TG</arg>
<arg>TH</arg>
<arg>TJ</arg>
<arg>TK</arg>
<arg>TL</arg>
<arg>TM</arg>
<arg>TN</arg>
<arg>TO</arg>
<arg>TR</arg>
<arg>TT</arg>
<arg>TV</arg>
<arg>TW</arg>
<arg>TZ</arg>
<arg>UA</arg>
<arg>UG</arg>
<arg>UM</arg>
<arg>US</arg>
<arg>UY</arg>
<arg>UZ</arg>
<arg>VA</arg>
<arg>VC</arg>
<arg>VE</arg>
<arg>VG</arg>
<arg>VI</arg>
<arg>VN</arg>
<arg>VU</arg>
<arg>WF</arg>
<arg>WS</arg>
<arg>XK</arg>
<arg>YE</arg>
<arg>YT</arg>
<arg>ZA</arg>
<arg>ZM</arg>
<arg>ZW</arg>
<doc>Returns a list containing given items.</doc>
<status status="PASS" start="2024-06-03T13:17:44.221737" elapsed="0.000629"/>
</kw>
<kw name="List Should Contain Value" owner="Collections">
<msg time="2024-06-03T13:17:44.223370" level="INFO">False</msg>
<arg>${list_country}</arg>
<arg>${name_country}</arg>
<doc>Fails if the ``value`` is not found from ``list``.</doc>
<status status="PASS" start="2024-06-03T13:17:44.223166" elapsed="0.000241"/>
</kw>
<kw name="Run Keyword If" owner="BuiltIn">
<kw name="Should Be True" owner="BuiltIn">
<arg>${True}</arg>
<doc>Fails if the given condition is not true.</doc>
<status status="PASS" start="2024-06-03T13:17:44.224478" elapsed="0.000147"/>
</kw>
<arg>${json_data["results"][0]["location"]["coordinates"]["latitude"]} &gt;= -90 and ${json_data["results"][0]["location"]["coordinates"]["latitude"]} &lt;= 90</arg>
<arg>Should Be True</arg>
<arg>${True}</arg>
<doc>Runs the given keyword with the given arguments, if ``condition`` is true.</doc>
<status status="PASS" start="2024-06-03T13:17:44.223722" elapsed="0.001035"/>
</kw>
<kw name="Run Keyword If" owner="BuiltIn">
<kw name="Should Be True" owner="BuiltIn">
<arg>${True}</arg>
<doc>Fails if the given condition is not true.</doc>
<status status="PASS" start="2024-06-03T13:17:44.225671" elapsed="0.000143"/>
</kw>
<arg>${json_data["results"][0]["location"]["coordinates"]["longitude"]} &gt;= -180 and ${json_data["results"][0]["location"]["coordinates"]["longitude"]} &lt;= 180</arg>
<arg>Should Be True</arg>
<arg>${True}</arg>
<doc>Runs the given keyword with the given arguments, if ``condition`` is true.</doc>
<status status="PASS" start="2024-06-03T13:17:44.224951" elapsed="0.000989"/>
</kw>
<status status="PASS" start="2024-06-03T13:17:44.119727" elapsed="0.106343"/>
</kw>
<doc>Testa o conteúdo específico dos campos retornados pela API.</doc>
<tag>testeConteudo</tag>
<status status="PASS" start="2024-06-03T13:17:44.119042" elapsed="0.107172"/>
</test>
<status status="PASS" start="2024-06-03T13:17:43.277007" elapsed="0.951079"/>
</suite>
<status status="PASS" start="2024-06-03T13:17:43.263615" elapsed="0.969551"/>
</suite>
<statistics>
<total>
<stat pass="5" fail="0" skip="0">All Tests</stat>
</total>
<tag>
<stat pass="1" fail="0" skip="0">testeConteudo</stat>
<stat pass="1" fail="0" skip="0">testeEstruturaResposta</stat>
<stat pass="1" fail="0" skip="0">testeRequisicaoBasica</stat>
<stat pass="1" fail="0" skip="0">testeTiposDados</stat>
</tag>
<suite>
<stat pass="5" fail="0" skip="0" id="s1" name="Tests">Tests</stat>
<stat pass="5" fail="0" skip="0" id="s1-s1" name="Random-User-Test">Tests.Random-User-Test</stat>
</suite>
</statistics>
<errors>
</errors>
</robot>
