<?xml version="1.0" encoding="UTF-8"?>
<robot generator="Robot 7.0 (Python 3.12.3 on linux)" generated="2024-05-29T19:12:09.530321" rpa="false" schemaversion="5">
<suite id="s1" name="Tests" source="/home/runner/work/ApiRandomUser/ApiRandomUser/RamdonUser/tests">
<suite id="s1-s1" name="Random-User-Test" source="/home/runner/work/ApiRandomUser/ApiRandomUser/RamdonUser/tests/random-user-test.robot">
<test id="s1-s1-t1" name="Conectar" line="13">
<kw name="Conectar API" owner="random-user-service">
<kw name="Create Session" owner="RequestsLibrary">
<msg time="2024-05-29T19:12:09.955932" level="INFO">Creating Session using : alias=consultarAPI, url=https://randomuser.me/, headers={},                     cookies={}, auth=None, timeout=None, proxies=None, verify=False,                     debug=0 </msg>
<arg>consultarAPI</arg>
<arg>${URL}</arg>
<doc>Create Session: create a HTTP session to a server</doc>
<status status="PASS" start="2024-05-29T19:12:09.955721" elapsed="0.000404"/>
</kw>
<status status="PASS" start="2024-05-29T19:12:09.954631" elapsed="0.001869"/>
</kw>
<status status="PASS" start="2024-05-29T19:12:09.953966" elapsed="0.002726"/>
</test>
<test id="s1-s1-t2" name="Validar retorno 200 e JSON Válido" line="16">
<kw name="Teste de Requisicao Basica" owner="random-user-service">
<kw name="GET On Session" owner="RequestsLibrary">
<msg time="2024-05-29T19:12:10.040906" level="INFO">GET Request : url=https://randomuser.me/api 
 path_url=/api 
 headers={'User-Agent': 'python-requests/2.32.3', 'Accept-Encoding': 'gzip, deflate', 'Accept': '*/*', 'Connection': 'keep-alive'} 
 body=None 
 </msg>
<msg time="2024-05-29T19:12:10.041061" level="INFO">GET Response : url=https://randomuser.me/api 
 status=200, reason=OK 
 headers={'Date': 'Wed, 29 May 2024 19:12:10 GMT', 'Content-Type': 'application/json; charset=utf-8', 'Transfer-Encoding': 'chunked', 'Connection': 'keep-alive', 'X-Powered-By': 'Express', 'Access-Control-Allow-Origin': '*', 'Cache-Control': 'no-cache', 'ETag': 'W/"481-A1ojmhSzytI9hp5bIzk2erGd/Ag"', 'Vary': 'Accept-Encoding', 'Content-Encoding': 'gzip', 'CF-Cache-Status': 'DYNAMIC', 'Report-To': '{"endpoints":[{"url":"https:\\/\\/a.nel.cloudflare.com\\/report\\/v4?s=DNyBsfieixBjkm0cxY7u5YzOE8bcdwsvcDiRKVCcd9QDnguIL0IA6%2FlV3GKs3B0%2FJqJqKFZZjOi4%2F3UC%2BCNcHDE7xtitMzjGyn%2FETDflz0m%2FIBj4uxX3mJ0H2l1nlU70"}],"group":"cf-nel","max_age":604800}', 'NEL': '{"success_fraction":0,"report_to":"cf-nel","max_age":604800}', 'Server': 'cloudflare', 'CF-RAY': '88b8cb5e6e413b74-IAD', 'alt-svc': 'h3=":443"; ma=86400'} 
 body={"results":[{"gender":"male","name":{"title":"Mr","first":"Necati","last":"Özdoğan"},"location":{"street":{"number":9456,"name":"Vatan Cd"},"city":"Kırşehir","state":"Sakarya","country":"Turkey","postcode":92705,"coordinates":{"latitude":"65.7472","longitude":"-68.8462"},"timezone":{"offset":"+9:00","description":"Tokyo, Seoul, Osaka, Sapporo, Yakutsk"}},"email":"necati.ozdogan@example.com","login":{"uuid":"bfeff7ae-9653-4d1c-a535-06e4f76bed20","username":"bluefrog146","password":"enjoy","salt":"Lytn1hU6","md5":"bc9d2838962ee39de31a422871ae7f7b","sha1":"bd76814f9c794eed4bae25cfa929cac872b57fe2","sha256":"8e0883496b0d49a41bcbe63a25ee4cd9ede42cef1a8f2dbf6929c005ca582546"},"dob":{"date":"1968-05-04T20:38:07.264Z","age":56},"registered":{"date":"2019-11-28T20:21:34.595Z","age":4},"phone":"(944)-698-1079","cell":"(780)-713-5091","id":{"name":"","value":null},"picture":{"large":"https://randomuser.me/api/portraits/men/26.jpg","medium":"https://randomuser.me/api/portraits/med/men/26.jpg","thumbnail":"https://randomuser.me/api/portraits/thumb/men/26.jpg"},"nat":"TR"}],"info":{"seed":"c186091d3c9f6c74","results":1,"page":1,"version":"1.4"}} 
 </msg>
<msg time="2024-05-29T19:12:10.041152" level="INFO">/opt/hostedtoolcache/Python/3.12.3/x64/lib/python3.12/site-packages/urllib3/connectionpool.py:1103: InsecureRequestWarning: Unverified HTTPS request is being made to host 'randomuser.me'. Adding certificate verification is strongly advised. See: https://urllib3.readthedocs.io/en/latest/advanced-usage.html#tls-warnings
  warnings.warn(</msg>
<msg time="2024-05-29T19:12:10.041296" level="INFO">${response} = &lt;Response [200]&gt;</msg>
<var>${response}</var>
<arg>consultarAPI</arg>
<arg>/api</arg>
<doc>Sends a GET request on a previously created HTTP Session.</doc>
<status status="PASS" start="2024-05-29T19:12:09.959404" elapsed="0.081938"/>
</kw>
<kw name="Should Be Equal As Numbers" owner="BuiltIn">
<msg time="2024-05-29T19:12:10.042512" level="INFO">Argument types are:
&lt;class 'int'&gt;
&lt;class 'str'&gt;</msg>
<arg>${response.status_code}</arg>
<arg>200</arg>
<doc>Fails if objects are unequal after converting them to real numbers.</doc>
<status status="PASS" start="2024-05-29T19:12:10.042017" elapsed="0.000562"/>
</kw>
<kw name="Log" owner="BuiltIn">
<msg time="2024-05-29T19:12:10.043272" level="INFO">200</msg>
<arg>${response.status_code}</arg>
<doc>Logs the given message with the given level.</doc>
<status status="PASS" start="2024-05-29T19:12:10.042926" elapsed="0.000393"/>
</kw>
<kw name="Set Variable" owner="BuiltIn">
<msg time="2024-05-29T19:12:10.044059" level="INFO">${json_data} = {'results': [{'gender': 'male', 'name': {'title': 'Mr', 'first': 'Necati', 'last': 'Özdoğan'}, 'location': {'street': {'number': 9456, 'name': 'Vatan Cd'}, 'city': 'Kırşehir', 'state': 'Sakarya', 'cou...</msg>
<var>${json_data}</var>
<arg>${response.json()}</arg>
<doc>Returns the given values which can then be assigned to a variables.</doc>
<status status="PASS" start="2024-05-29T19:12:10.043618" elapsed="0.000472"/>
</kw>
<kw name="Dictionary Should Contain Key" owner="Collections">
<msg time="2024-05-29T19:12:10.044559" level="INFO">False</msg>
<arg>${json_data}</arg>
<arg>results</arg>
<doc>Fails if ``key`` is not found from ``dictionary``.</doc>
<status status="PASS" start="2024-05-29T19:12:10.044393" elapsed="0.000404"/>
</kw>
<status status="PASS" start="2024-05-29T19:12:09.959149" elapsed="0.085929"/>
</kw>
<doc>Testa se a API responde corretamente e retorna um objeto JSON válido.</doc>
<tag>testeRequisicaoBasica</tag>
<status status="PASS" start="2024-05-29T19:12:09.958594" elapsed="0.086663"/>
</test>
<test id="s1-s1-t3" name="Validar estrutura de resposta" line="22">
<kw name="Teste de Estrutura de Resposta" owner="random-user-service">
<kw name="GET On Session" owner="RequestsLibrary">
<msg time="2024-05-29T19:12:10.136996" level="INFO">GET Request : url=https://randomuser.me/api 
 path_url=/api 
 headers={'User-Agent': 'python-requests/2.32.3', 'Accept-Encoding': 'gzip, deflate', 'Accept': '*/*', 'Connection': 'keep-alive'} 
 body=None 
 </msg>
<msg time="2024-05-29T19:12:10.137111" level="INFO">GET Response : url=https://randomuser.me/api 
 status=200, reason=OK 
 headers={'Date': 'Wed, 29 May 2024 19:12:10 GMT', 'Content-Type': 'application/json; charset=utf-8', 'Transfer-Encoding': 'chunked', 'Connection': 'keep-alive', 'X-Powered-By': 'Express', 'Access-Control-Allow-Origin': '*', 'Cache-Control': 'no-cache', 'ETag': 'W/"487-AgCSxBowW7zq8vofgN4D9xo7QzA"', 'Vary': 'Accept-Encoding', 'Content-Encoding': 'gzip', 'CF-Cache-Status': 'DYNAMIC', 'Report-To': '{"endpoints":[{"url":"https:\\/\\/a.nel.cloudflare.com\\/report\\/v4?s=WxXE8D5L0vk8ohcFjWDO2cXnSBTc0SSHlVCsX11dAcXZ1yGmPsib1OpADj8URd%2Bt5PLkOy7%2BSvxIqYLnVy6LjSxB3qwmCyL304JNlhgNMnujymr9xNmUQ%2BpGi2cHgEmW"}],"group":"cf-nel","max_age":604800}', 'NEL': '{"success_fraction":0,"report_to":"cf-nel","max_age":604800}', 'Server': 'cloudflare', 'CF-RAY': '88b8cb5edecf3b74-IAD', 'alt-svc': 'h3=":443"; ma=86400'} 
 body={"results":[{"gender":"female","name":{"title":"Ms","first":"Kavyashri","last":"Mendonsa"},"location":{"street":{"number":7561,"name":"Linking Rd"},"city":"Lucknow","state":"Jammu and Kashmir","country":"India","postcode":61738,"coordinates":{"latitude":"4.6470","longitude":"99.1001"},"timezone":{"offset":"-3:30","description":"Newfoundland"}},"email":"kavyashri.mendonsa@example.com","login":{"uuid":"48e4c786-9524-44ed-bb20-61df54e51f74","username":"angrygoose165","password":"believe","salt":"wlss32mR","md5":"8232c3cfc24d501b7070e46e48a757d1","sha1":"3bd09eb8b4c2c78214f47da7de29a9a3d35b59e1","sha256":"5acf360e81fa7ba24bce3029bc8b8a2ddf0b697191b76e6bd592a67f63407d8e"},"dob":{"date":"1990-10-22T22:52:50.827Z","age":33},"registered":{"date":"2022-02-10T07:50:10.302Z","age":2},"phone":"7831942837","cell":"7141572029","id":{"name":"UIDAI","value":"350575712871"},"picture":{"large":"https://randomuser.me/api/portraits/women/34.jpg","medium":"https://randomuser.me/api/portraits/med/women/34.jpg","thumbnail":"https://randomuser.me/api/portraits/thumb/women/34.jpg"},"nat":"IN"}],"info":{"seed":"b757fbfee071f38c","results":1,"page":1,"version":"1.4"}} 
 </msg>
<msg time="2024-05-29T19:12:10.137259" level="INFO">/opt/hostedtoolcache/Python/3.12.3/x64/lib/python3.12/site-packages/urllib3/connectionpool.py:1103: InsecureRequestWarning: Unverified HTTPS request is being made to host 'randomuser.me'. Adding certificate verification is strongly advised. See: https://urllib3.readthedocs.io/en/latest/advanced-usage.html#tls-warnings
  warnings.warn(</msg>
<msg time="2024-05-29T19:12:10.137401" level="INFO">${response} = &lt;Response [200]&gt;</msg>
<var>${response}</var>
<arg>consultarAPI</arg>
<arg>/api</arg>
<doc>Sends a GET request on a previously created HTTP Session.</doc>
<status status="PASS" start="2024-05-29T19:12:10.047956" elapsed="0.089485"/>
</kw>
<kw name="Set Variable" owner="BuiltIn">
<msg time="2024-05-29T19:12:10.138709" level="INFO">${json_data} = {'results': [{'gender': 'female', 'name': {'title': 'Ms', 'first': 'Kavyashri', 'last': 'Mendonsa'}, 'location': {'street': {'number': 7561, 'name': 'Linking Rd'}, 'city': 'Lucknow', 'state': 'Jammu a...</msg>
<var>${json_data}</var>
<arg>${response.json()}</arg>
<doc>Returns the given values which can then be assigned to a variables.</doc>
<status status="PASS" start="2024-05-29T19:12:10.138067" elapsed="0.000671"/>
</kw>
<kw name="Log" owner="BuiltIn">
<msg time="2024-05-29T19:12:10.139213" level="INFO">{'results': [{'gender': 'female', 'name': {'title': 'Ms', 'first': 'Kavyashri', 'last': 'Mendonsa'}, 'location': {'street': {'number': 7561, 'name': 'Linking Rd'}, 'city': 'Lucknow', 'state': 'Jammu and Kashmir', 'country': 'India', 'postcode': 61738, 'coordinates': {'latitude': '4.6470', 'longitude': '99.1001'}, 'timezone': {'offset': '-3:30', 'description': 'Newfoundland'}}, 'email': 'kavyashri.mendonsa@example.com', 'login': {'uuid': '48e4c786-9524-44ed-bb20-61df54e51f74', 'username': 'angrygoose165', 'password': 'believe', 'salt': 'wlss32mR', 'md5': '8232c3cfc24d501b7070e46e48a757d1', 'sha1': '3bd09eb8b4c2c78214f47da7de29a9a3d35b59e1', 'sha256': '5acf360e81fa7ba24bce3029bc8b8a2ddf0b697191b76e6bd592a67f63407d8e'}, 'dob': {'date': '1990-10-22T22:52:50.827Z', 'age': 33}, 'registered': {'date': '2022-02-10T07:50:10.302Z', 'age': 2}, 'phone': '7831942837', 'cell': '7141572029', 'id': {'name': 'UIDAI', 'value': '350575712871'}, 'picture': {'large': 'https://randomuser.me/api/portraits/women/34.jpg', 'medium': 'https://randomuser.me/api/portraits/med/women/34.jpg', 'thumbnail': 'https://randomuser.me/api/portraits/thumb/women/34.jpg'}, 'nat': 'IN'}], 'info': {'seed': 'b757fbfee071f38c', 'results': 1, 'page': 1, 'version': '1.4'}}</msg>
<arg>${json_data}</arg>
<doc>Logs the given message with the given level.</doc>
<status status="PASS" start="2024-05-29T19:12:10.139052" elapsed="0.000208"/>
</kw>
<kw name="Dictionary Should Contain Key" owner="Collections">
<msg time="2024-05-29T19:12:10.139727" level="INFO">False</msg>
<arg>${json_data}</arg>
<arg>results</arg>
<doc>Fails if ``key`` is not found from ``dictionary``.</doc>
<status status="PASS" start="2024-05-29T19:12:10.139571" elapsed="0.000192"/>
</kw>
<kw name="Should Not Be Empty" owner="BuiltIn">
<msg time="2024-05-29T19:12:10.140177" level="INFO">Length is 2.</msg>
<arg>${json_data}</arg>
<doc>Verifies that the given item is not empty.</doc>
<status status="PASS" start="2024-05-29T19:12:10.140047" elapsed="0.000168"/>
</kw>
<kw name="Create List" owner="BuiltIn">
<msg time="2024-05-29T19:12:10.140661" level="INFO">${expected_keys} = ['gender', 'name', 'location', 'email', 'login']</msg>
<var>${expected_keys}</var>
<arg>gender</arg>
<arg>name</arg>
<arg>location</arg>
<arg>email</arg>
<arg>login</arg>
<doc>Returns a list containing given items.</doc>
<status status="PASS" start="2024-05-29T19:12:10.140501" elapsed="0.000187"/>
</kw>
<for flavor="IN">
<iter>
<kw name="Dictionary Should Contain Key" owner="Collections">
<msg time="2024-05-29T19:12:10.141741" level="INFO">False</msg>
<arg>${json_data['results'][0]}</arg>
<arg>${key}</arg>
<doc>Fails if ``key`` is not found from ``dictionary``.</doc>
<status status="PASS" start="2024-05-29T19:12:10.141339" elapsed="0.000452"/>
</kw>
<kw name="Log" owner="BuiltIn">
<msg time="2024-05-29T19:12:10.142465" level="INFO">{'gender': 'female', 'name': {'title': 'Ms', 'first': 'Kavyashri', 'last': 'Mendonsa'}, 'location': {'street': {'number': 7561, 'name': 'Linking Rd'}, 'city': 'Lucknow', 'state': 'Jammu and Kashmir', 'country': 'India', 'postcode': 61738, 'coordinates': {'latitude': '4.6470', 'longitude': '99.1001'}, 'timezone': {'offset': '-3:30', 'description': 'Newfoundland'}}, 'email': 'kavyashri.mendonsa@example.com', 'login': {'uuid': '48e4c786-9524-44ed-bb20-61df54e51f74', 'username': 'angrygoose165', 'password': 'believe', 'salt': 'wlss32mR', 'md5': '8232c3cfc24d501b7070e46e48a757d1', 'sha1': '3bd09eb8b4c2c78214f47da7de29a9a3d35b59e1', 'sha256': '5acf360e81fa7ba24bce3029bc8b8a2ddf0b697191b76e6bd592a67f63407d8e'}, 'dob': {'date': '1990-10-22T22:52:50.827Z', 'age': 33}, 'registered': {'date': '2022-02-10T07:50:10.302Z', 'age': 2}, 'phone': '7831942837', 'cell': '7141572029', 'id': {'name': 'UIDAI', 'value': '350575712871'}, 'picture': {'large': 'https://randomuser.me/api/portraits/women/34.jpg', 'medium': 'https://randomuser.me/api/portraits/med/women/34.jpg', 'thumbnail': 'https://randomuser.me/api/portraits/thumb/women/34.jpg'}, 'nat': 'IN'}</msg>
<arg>${json_data['results'][0]}</arg>
<doc>Logs the given message with the given level.</doc>
<status status="PASS" start="2024-05-29T19:12:10.142101" elapsed="0.000412"/>
</kw>
<kw name="Log" owner="BuiltIn">
<msg time="2024-05-29T19:12:10.142947" level="INFO">gender</msg>
<arg>${key}</arg>
<doc>Logs the given message with the given level.</doc>
<status status="PASS" start="2024-05-29T19:12:10.142807" elapsed="0.000179"/>
</kw>
<var name="${key}">gender</var>
<status status="PASS" start="2024-05-29T19:12:10.141212" elapsed="0.001985"/>
</iter>
<iter>
<kw name="Dictionary Should Contain Key" owner="Collections">
<msg time="2024-05-29T19:12:10.143887" level="INFO">False</msg>
<arg>${json_data['results'][0]}</arg>
<arg>${key}</arg>
<doc>Fails if ``key`` is not found from ``dictionary``.</doc>
<status status="PASS" start="2024-05-29T19:12:10.143495" elapsed="0.000429"/>
</kw>
<kw name="Log" owner="BuiltIn">
<msg time="2024-05-29T19:12:10.144617" level="INFO">{'gender': 'female', 'name': {'title': 'Ms', 'first': 'Kavyashri', 'last': 'Mendonsa'}, 'location': {'street': {'number': 7561, 'name': 'Linking Rd'}, 'city': 'Lucknow', 'state': 'Jammu and Kashmir', 'country': 'India', 'postcode': 61738, 'coordinates': {'latitude': '4.6470', 'longitude': '99.1001'}, 'timezone': {'offset': '-3:30', 'description': 'Newfoundland'}}, 'email': 'kavyashri.mendonsa@example.com', 'login': {'uuid': '48e4c786-9524-44ed-bb20-61df54e51f74', 'username': 'angrygoose165', 'password': 'believe', 'salt': 'wlss32mR', 'md5': '8232c3cfc24d501b7070e46e48a757d1', 'sha1': '3bd09eb8b4c2c78214f47da7de29a9a3d35b59e1', 'sha256': '5acf360e81fa7ba24bce3029bc8b8a2ddf0b697191b76e6bd592a67f63407d8e'}, 'dob': {'date': '1990-10-22T22:52:50.827Z', 'age': 33}, 'registered': {'date': '2022-02-10T07:50:10.302Z', 'age': 2}, 'phone': '7831942837', 'cell': '7141572029', 'id': {'name': 'UIDAI', 'value': '350575712871'}, 'picture': {'large': 'https://randomuser.me/api/portraits/women/34.jpg', 'medium': 'https://randomuser.me/api/portraits/med/women/34.jpg', 'thumbnail': 'https://randomuser.me/api/portraits/thumb/women/34.jpg'}, 'nat': 'IN'}</msg>
<arg>${json_data['results'][0]}</arg>
<doc>Logs the given message with the given level.</doc>
<status status="PASS" start="2024-05-29T19:12:10.144264" elapsed="0.000401"/>
</kw>
<kw name="Log" owner="BuiltIn">
<msg time="2024-05-29T19:12:10.145121" level="INFO">name</msg>
<arg>${key}</arg>
<doc>Logs the given message with the given level.</doc>
<status status="PASS" start="2024-05-29T19:12:10.144990" elapsed="0.000171"/>
</kw>
<var name="${key}">name</var>
<status status="PASS" start="2024-05-29T19:12:10.143381" elapsed="0.002008"/>
</iter>
<iter>
<kw name="Dictionary Should Contain Key" owner="Collections">
<msg time="2024-05-29T19:12:10.146064" level="INFO">False</msg>
<arg>${json_data['results'][0]}</arg>
<arg>${key}</arg>
<doc>Fails if ``key`` is not found from ``dictionary``.</doc>
<status status="PASS" start="2024-05-29T19:12:10.145688" elapsed="0.000413"/>
</kw>
<kw name="Log" owner="BuiltIn">
<msg time="2024-05-29T19:12:10.146788" level="INFO">{'gender': 'female', 'name': {'title': 'Ms', 'first': 'Kavyashri', 'last': 'Mendonsa'}, 'location': {'street': {'number': 7561, 'name': 'Linking Rd'}, 'city': 'Lucknow', 'state': 'Jammu and Kashmir', 'country': 'India', 'postcode': 61738, 'coordinates': {'latitude': '4.6470', 'longitude': '99.1001'}, 'timezone': {'offset': '-3:30', 'description': 'Newfoundland'}}, 'email': 'kavyashri.mendonsa@example.com', 'login': {'uuid': '48e4c786-9524-44ed-bb20-61df54e51f74', 'username': 'angrygoose165', 'password': 'believe', 'salt': 'wlss32mR', 'md5': '8232c3cfc24d501b7070e46e48a757d1', 'sha1': '3bd09eb8b4c2c78214f47da7de29a9a3d35b59e1', 'sha256': '5acf360e81fa7ba24bce3029bc8b8a2ddf0b697191b76e6bd592a67f63407d8e'}, 'dob': {'date': '1990-10-22T22:52:50.827Z', 'age': 33}, 'registered': {'date': '2022-02-10T07:50:10.302Z', 'age': 2}, 'phone': '7831942837', 'cell': '7141572029', 'id': {'name': 'UIDAI', 'value': '350575712871'}, 'picture': {'large': 'https://randomuser.me/api/portraits/women/34.jpg', 'medium': 'https://randomuser.me/api/portraits/med/women/34.jpg', 'thumbnail': 'https://randomuser.me/api/portraits/thumb/women/34.jpg'}, 'nat': 'IN'}</msg>
<arg>${json_data['results'][0]}</arg>
<doc>Logs the given message with the given level.</doc>
<status status="PASS" start="2024-05-29T19:12:10.146410" elapsed="0.000436"/>
</kw>
<kw name="Log" owner="BuiltIn">
<msg time="2024-05-29T19:12:10.147280" level="INFO">location</msg>
<arg>${key}</arg>
<doc>Logs the given message with the given level.</doc>
<status status="PASS" start="2024-05-29T19:12:10.147154" elapsed="0.000162"/>
</kw>
<var name="${key}">location</var>
<status status="PASS" start="2024-05-29T19:12:10.145567" elapsed="0.001966"/>
</iter>
<iter>
<kw name="Dictionary Should Contain Key" owner="Collections">
<msg time="2024-05-29T19:12:10.148313" level="INFO">False</msg>
<arg>${json_data['results'][0]}</arg>
<arg>${key}</arg>
<doc>Fails if ``key`` is not found from ``dictionary``.</doc>
<status status="PASS" start="2024-05-29T19:12:10.147820" elapsed="0.000529"/>
</kw>
<kw name="Log" owner="BuiltIn">
<msg time="2024-05-29T19:12:10.149042" level="INFO">{'gender': 'female', 'name': {'title': 'Ms', 'first': 'Kavyashri', 'last': 'Mendonsa'}, 'location': {'street': {'number': 7561, 'name': 'Linking Rd'}, 'city': 'Lucknow', 'state': 'Jammu and Kashmir', 'country': 'India', 'postcode': 61738, 'coordinates': {'latitude': '4.6470', 'longitude': '99.1001'}, 'timezone': {'offset': '-3:30', 'description': 'Newfoundland'}}, 'email': 'kavyashri.mendonsa@example.com', 'login': {'uuid': '48e4c786-9524-44ed-bb20-61df54e51f74', 'username': 'angrygoose165', 'password': 'believe', 'salt': 'wlss32mR', 'md5': '8232c3cfc24d501b7070e46e48a757d1', 'sha1': '3bd09eb8b4c2c78214f47da7de29a9a3d35b59e1', 'sha256': '5acf360e81fa7ba24bce3029bc8b8a2ddf0b697191b76e6bd592a67f63407d8e'}, 'dob': {'date': '1990-10-22T22:52:50.827Z', 'age': 33}, 'registered': {'date': '2022-02-10T07:50:10.302Z', 'age': 2}, 'phone': '7831942837', 'cell': '7141572029', 'id': {'name': 'UIDAI', 'value': '350575712871'}, 'picture': {'large': 'https://randomuser.me/api/portraits/women/34.jpg', 'medium': 'https://randomuser.me/api/portraits/med/women/34.jpg', 'thumbnail': 'https://randomuser.me/api/portraits/thumb/women/34.jpg'}, 'nat': 'IN'}</msg>
<arg>${json_data['results'][0]}</arg>
<doc>Logs the given message with the given level.</doc>
<status status="PASS" start="2024-05-29T19:12:10.148643" elapsed="0.000446"/>
</kw>
<kw name="Log" owner="BuiltIn">
<msg time="2024-05-29T19:12:10.149522" level="INFO">email</msg>
<arg>${key}</arg>
<doc>Logs the given message with the given level.</doc>
<status status="PASS" start="2024-05-29T19:12:10.149387" elapsed="0.000171"/>
</kw>
<var name="${key}">email</var>
<status status="PASS" start="2024-05-29T19:12:10.147711" elapsed="0.002057"/>
</iter>
<iter>
<kw name="Dictionary Should Contain Key" owner="Collections">
<msg time="2024-05-29T19:12:10.150438" level="INFO">False</msg>
<arg>${json_data['results'][0]}</arg>
<arg>${key}</arg>
<doc>Fails if ``key`` is not found from ``dictionary``.</doc>
<status status="PASS" start="2024-05-29T19:12:10.150053" elapsed="0.000422"/>
</kw>
<kw name="Log" owner="BuiltIn">
<msg time="2024-05-29T19:12:10.151112" level="INFO">{'gender': 'female', 'name': {'title': 'Ms', 'first': 'Kavyashri', 'last': 'Mendonsa'}, 'location': {'street': {'number': 7561, 'name': 'Linking Rd'}, 'city': 'Lucknow', 'state': 'Jammu and Kashmir', 'country': 'India', 'postcode': 61738, 'coordinates': {'latitude': '4.6470', 'longitude': '99.1001'}, 'timezone': {'offset': '-3:30', 'description': 'Newfoundland'}}, 'email': 'kavyashri.mendonsa@example.com', 'login': {'uuid': '48e4c786-9524-44ed-bb20-61df54e51f74', 'username': 'angrygoose165', 'password': 'believe', 'salt': 'wlss32mR', 'md5': '8232c3cfc24d501b7070e46e48a757d1', 'sha1': '3bd09eb8b4c2c78214f47da7de29a9a3d35b59e1', 'sha256': '5acf360e81fa7ba24bce3029bc8b8a2ddf0b697191b76e6bd592a67f63407d8e'}, 'dob': {'date': '1990-10-22T22:52:50.827Z', 'age': 33}, 'registered': {'date': '2022-02-10T07:50:10.302Z', 'age': 2}, 'phone': '7831942837', 'cell': '7141572029', 'id': {'name': 'UIDAI', 'value': '350575712871'}, 'picture': {'large': 'https://randomuser.me/api/portraits/women/34.jpg', 'medium': 'https://randomuser.me/api/portraits/med/women/34.jpg', 'thumbnail': 'https://randomuser.me/api/portraits/thumb/women/34.jpg'}, 'nat': 'IN'}</msg>
<arg>${json_data['results'][0]}</arg>
<doc>Logs the given message with the given level.</doc>
<status status="PASS" start="2024-05-29T19:12:10.150766" elapsed="0.000392"/>
</kw>
<kw name="Log" owner="BuiltIn">
<msg time="2024-05-29T19:12:10.151566" level="INFO">login</msg>
<arg>${key}</arg>
<doc>Logs the given message with the given level.</doc>
<status status="PASS" start="2024-05-29T19:12:10.151442" elapsed="0.000162"/>
</kw>
<var name="${key}">login</var>
<status status="PASS" start="2024-05-29T19:12:10.149937" elapsed="0.001919"/>
</iter>
<var>${key}</var>
<value>@{expected_keys}</value>
<status status="PASS" start="2024-05-29T19:12:10.141009" elapsed="0.010972"/>
</for>
<kw name="Create List" owner="BuiltIn">
<msg time="2024-05-29T19:12:10.152311" level="INFO">${expected_keysTwo} = ['username', 'password']</msg>
<var>${expected_keysTwo}</var>
<arg>username</arg>
<arg>password</arg>
<doc>Returns a list containing given items.</doc>
<status status="PASS" start="2024-05-29T19:12:10.152175" elapsed="0.000159"/>
</kw>
<for flavor="IN">
<iter>
<kw name="Dictionary Should Contain Key" owner="Collections">
<msg time="2024-05-29T19:12:10.153269" level="INFO">False</msg>
<arg>${json_data['results'][0]['login']}</arg>
<arg>${keyTwo}</arg>
<doc>Fails if ``key`` is not found from ``dictionary``.</doc>
<status status="PASS" start="2024-05-29T19:12:10.152860" elapsed="0.000445"/>
</kw>
<kw name="Dictionary Should Contain Key" owner="Collections">
<msg time="2024-05-29T19:12:10.153974" level="INFO">False</msg>
<arg>${json_data['results'][0]['login']}</arg>
<arg>${keyTwo}</arg>
<doc>Fails if ``key`` is not found from ``dictionary``.</doc>
<status status="PASS" start="2024-05-29T19:12:10.153599" elapsed="0.000411"/>
</kw>
<kw name="Log" owner="BuiltIn">
<msg time="2024-05-29T19:12:10.154440" level="INFO">username</msg>
<arg>${keyTwo}</arg>
<doc>Logs the given message with the given level.</doc>
<status status="PASS" start="2024-05-29T19:12:10.154315" elapsed="0.000161"/>
</kw>
<var name="${keyTwo}">username</var>
<status status="PASS" start="2024-05-29T19:12:10.152719" elapsed="0.001970"/>
</iter>
<iter>
<kw name="Dictionary Should Contain Key" owner="Collections">
<msg time="2024-05-29T19:12:10.155359" level="INFO">False</msg>
<arg>${json_data['results'][0]['login']}</arg>
<arg>${keyTwo}</arg>
<doc>Fails if ``key`` is not found from ``dictionary``.</doc>
<status status="PASS" start="2024-05-29T19:12:10.154968" elapsed="0.000430"/>
</kw>
<kw name="Dictionary Should Contain Key" owner="Collections">
<msg time="2024-05-29T19:12:10.156060" level="INFO">False</msg>
<arg>${json_data['results'][0]['login']}</arg>
<arg>${keyTwo}</arg>
<doc>Fails if ``key`` is not found from ``dictionary``.</doc>
<status status="PASS" start="2024-05-29T19:12:10.155689" elapsed="0.000406"/>
</kw>
<kw name="Log" owner="BuiltIn">
<msg time="2024-05-29T19:12:10.156510" level="INFO">password</msg>
<arg>${keyTwo}</arg>
<doc>Logs the given message with the given level.</doc>
<status status="PASS" start="2024-05-29T19:12:10.156383" elapsed="0.000166"/>
</kw>
<var name="${keyTwo}">password</var>
<status status="PASS" start="2024-05-29T19:12:10.154860" elapsed="0.001926"/>
</iter>
<var>${keyTwo}</var>
<value>@{expected_keysTwo}</value>
<status status="PASS" start="2024-05-29T19:12:10.152569" elapsed="0.004341"/>
</for>
<status status="PASS" start="2024-05-29T19:12:10.047715" elapsed="0.109335"/>
</kw>
<doc>Testa a estrutura da resposta da API.</doc>
<tag>testeEstruturaResposta</tag>
<status status="PASS" start="2024-05-29T19:12:10.047086" elapsed="0.110161"/>
</test>
<test id="s1-s1-t4" name="Validar tipos de dados" line="28">
<kw name="Teste de Tipos de Dados" owner="random-user-service">
<kw name="GET On Session" owner="RequestsLibrary">
<msg time="2024-05-29T19:12:10.255498" level="INFO">GET Request : url=https://randomuser.me/api 
 path_url=/api 
 headers={'User-Agent': 'python-requests/2.32.3', 'Accept-Encoding': 'gzip, deflate', 'Accept': '*/*', 'Connection': 'keep-alive'} 
 body=None 
 </msg>
<msg time="2024-05-29T19:12:10.255624" level="INFO">GET Response : url=https://randomuser.me/api 
 status=200, reason=OK 
 headers={'Date': 'Wed, 29 May 2024 19:12:10 GMT', 'Content-Type': 'application/json; charset=utf-8', 'Transfer-Encoding': 'chunked', 'Connection': 'keep-alive', 'X-Powered-By': 'Express', 'Access-Control-Allow-Origin': '*', 'Cache-Control': 'no-cache', 'ETag': 'W/"486-cxerXPM2T39Kood5JxER/u8WqX8"', 'Vary': 'Accept-Encoding', 'Content-Encoding': 'gzip', 'CF-Cache-Status': 'DYNAMIC', 'Report-To': '{"endpoints":[{"url":"https:\\/\\/a.nel.cloudflare.com\\/report\\/v4?s=G36AWkYqjy1kU2tX2xjJPalox6PGcYAsneMR0bj0TuemePpBdzmIwX3icO0uNahqukSbPMJnqYiHZBFieP%2FxFJdTAUaQOQ02IQ7Ye4VznQoNwzmt%2BZxR8an%2F4O19Q9iS"}],"group":"cf-nel","max_age":604800}', 'NEL': '{"success_fraction":0,"report_to":"cf-nel","max_age":604800}', 'Server': 'cloudflare', 'CF-RAY': '88b8cb5f8fd23b74-IAD', 'alt-svc': 'h3=":443"; ma=86400'} 
 body={"results":[{"gender":"female","name":{"title":"Miss","first":"Donna","last":"Lopez"},"location":{"street":{"number":2913,"name":"London Road"},"city":"Stoke-on-Trent","state":"Merseyside","country":"United Kingdom","postcode":"OS94 7UT","coordinates":{"latitude":"-11.0008","longitude":"34.3678"},"timezone":{"offset":"-9:00","description":"Alaska"}},"email":"donna.lopez@example.com","login":{"uuid":"484145da-cf73-4524-9961-8a28e48d30ec","username":"biglion671","password":"glass","salt":"0Dltlq1J","md5":"b87d8899dd15dea28431b25a0525dad4","sha1":"6706ca7afcece4dff7bb895202270ada8248df83","sha256":"478442deb7326ca8f0c1aa954973e04f7dadb01fb337abb1610343b7fc4828b4"},"dob":{"date":"1952-03-28T14:41:39.068Z","age":72},"registered":{"date":"2012-08-05T21:05:27.319Z","age":11},"phone":"01893 892502","cell":"07356 607443","id":{"name":"NINO","value":"AC 10 86 78 S"},"picture":{"large":"https://randomuser.me/api/portraits/women/84.jpg","medium":"https://randomuser.me/api/portraits/med/women/84.jpg","thumbnail":"https://randomuser.me/api/portraits/thumb/women/84.jpg"},"nat":"GB"}],"info":{"seed":"6739599553613a4b","results":1,"page":1,"version":"1.4"}} 
 </msg>
<msg time="2024-05-29T19:12:10.255707" level="INFO">/opt/hostedtoolcache/Python/3.12.3/x64/lib/python3.12/site-packages/urllib3/connectionpool.py:1103: InsecureRequestWarning: Unverified HTTPS request is being made to host 'randomuser.me'. Adding certificate verification is strongly advised. See: https://urllib3.readthedocs.io/en/latest/advanced-usage.html#tls-warnings
  warnings.warn(</msg>
<msg time="2024-05-29T19:12:10.255832" level="INFO">${response} = &lt;Response [200]&gt;</msg>
<var>${response}</var>
<arg>consultarAPI</arg>
<arg>/api</arg>
<doc>Sends a GET request on a previously created HTTP Session.</doc>
<status status="PASS" start="2024-05-29T19:12:10.159840" elapsed="0.096033"/>
</kw>
<kw name="Set Variable" owner="BuiltIn">
<msg time="2024-05-29T19:12:10.257152" level="INFO">${json_data} = {'results': [{'gender': 'female', 'name': {'title': 'Miss', 'first': 'Donna', 'last': 'Lopez'}, 'location': {'street': {'number': 2913, 'name': 'London Road'}, 'city': 'Stoke-on-Trent', 'state': 'Mers...</msg>
<var>${json_data}</var>
<arg>${response.json()}</arg>
<doc>Returns the given values which can then be assigned to a variables.</doc>
<status status="PASS" start="2024-05-29T19:12:10.256526" elapsed="0.000655"/>
</kw>
<kw name="Log" owner="BuiltIn">
<msg time="2024-05-29T19:12:10.257706" level="INFO">{'results': [{'gender': 'female', 'name': {'title': 'Miss', 'first': 'Donna', 'last': 'Lopez'}, 'location': {'street': {'number': 2913, 'name': 'London Road'}, 'city': 'Stoke-on-Trent', 'state': 'Merseyside', 'country': 'United Kingdom', 'postcode': 'OS94 7UT', 'coordinates': {'latitude': '-11.0008', 'longitude': '34.3678'}, 'timezone': {'offset': '-9:00', 'description': 'Alaska'}}, 'email': 'donna.lopez@example.com', 'login': {'uuid': '484145da-cf73-4524-9961-8a28e48d30ec', 'username': 'biglion671', 'password': 'glass', 'salt': '0Dltlq1J', 'md5': 'b87d8899dd15dea28431b25a0525dad4', 'sha1': '6706ca7afcece4dff7bb895202270ada8248df83', 'sha256': '478442deb7326ca8f0c1aa954973e04f7dadb01fb337abb1610343b7fc4828b4'}, 'dob': {'date': '1952-03-28T14:41:39.068Z', 'age': 72}, 'registered': {'date': '2012-08-05T21:05:27.319Z', 'age': 11}, 'phone': '01893 892502', 'cell': '07356 607443', 'id': {'name': 'NINO', 'value': 'AC 10 86 78 S'}, 'picture': {'large': 'https://randomuser.me/api/portraits/women/84.jpg', 'medium': 'https://randomuser.me/api/portraits/med/women/84.jpg', 'thumbnail': 'https://randomuser.me/api/portraits/thumb/women/84.jpg'}, 'nat': 'GB'}], 'info': {'seed': '6739599553613a4b', 'results': 1, 'page': 1, 'version': '1.4'}}</msg>
<arg>${json_data}</arg>
<doc>Logs the given message with the given level.</doc>
<status status="PASS" start="2024-05-29T19:12:10.257534" elapsed="0.000257"/>
</kw>
<kw name="Should Be String" owner="String">
<arg>${json_data['results'][0]['gender']}</arg>
<doc>Fails if the given ``item`` is not a string.</doc>
<status status="PASS" start="2024-05-29T19:12:10.258113" elapsed="0.000380"/>
</kw>
<kw name="Should Match Regexp" owner="BuiltIn">
<arg>${json_data['results'][0]['email']}</arg>
<arg>^[a-zA-Z0-9._%+-]+@[a-zA-Z0-9.-]+\.[a-zA-Z]{2,}$</arg>
<doc>Fails if ``string`` does not match ``pattern`` as a regular expression.</doc>
<status status="PASS" start="2024-05-29T19:12:10.258695" elapsed="0.000693"/>
</kw>
<kw name="Should Match Regexp" owner="BuiltIn">
<arg>${json_data['results'][0]['dob']['date']}</arg>
<arg>\\d{4}-\\d{2}-\\d{2}T\\d{2}:\\d{2}:\\d{2}\\.\\d{3}Z</arg>
<doc>Fails if ``string`` does not match ``pattern`` as a regular expression.</doc>
<status status="PASS" start="2024-05-29T19:12:10.259584" elapsed="0.000487"/>
</kw>
<kw name="Should Match Regexp" owner="BuiltIn">
<arg>${json_data['results'][0]['registered']['date']}</arg>
<arg>\\d{4}-\\d{2}-\\d{2}T\\d{2}:\\d{2}:\\d{2}\\.\\d{3}Z</arg>
<doc>Fails if ``string`` does not match ``pattern`` as a regular expression.</doc>
<status status="PASS" start="2024-05-29T19:12:10.260278" elapsed="0.000364"/>
</kw>
<kw name="Should Match Regexp" owner="BuiltIn">
<arg>${json_data['results'][0]['picture']['large']}</arg>
<arg>^https?://.*\.(?:png|jpe?g|gif|bmp)$</arg>
<doc>Fails if ``string`` does not match ``pattern`` as a regular expression.</doc>
<status status="PASS" start="2024-05-29T19:12:10.260865" elapsed="0.000470"/>
</kw>
<kw name="Should Match Regexp" owner="BuiltIn">
<arg>${json_data['results'][0]['picture']['medium']}</arg>
<arg>^https?://.*\.(?:png|jpe?g|gif|bmp)$</arg>
<doc>Fails if ``string`` does not match ``pattern`` as a regular expression.</doc>
<status status="PASS" start="2024-05-29T19:12:10.261525" elapsed="0.000352"/>
</kw>
<kw name="Should Match Regexp" owner="BuiltIn">
<arg>${json_data['results'][0]['picture']['thumbnail']}</arg>
<arg>^https?://.*\.(?:png|jpe?g|gif|bmp)$</arg>
<doc>Fails if ``string`` does not match ``pattern`` as a regular expression.</doc>
<status status="PASS" start="2024-05-29T19:12:10.262062" elapsed="0.000377"/>
</kw>
<kw name="Log" owner="BuiltIn">
<msg time="2024-05-29T19:12:10.262950" level="INFO">{'large': 'https://randomuser.me/api/portraits/women/84.jpg', 'medium': 'https://randomuser.me/api/portraits/med/women/84.jpg', 'thumbnail': 'https://randomuser.me/api/portraits/thumb/women/84.jpg'}</msg>
<arg>${json_data['results'][0]['picture']}</arg>
<doc>Logs the given message with the given level.</doc>
<status status="PASS" start="2024-05-29T19:12:10.262619" elapsed="0.000373"/>
</kw>
<status status="PASS" start="2024-05-29T19:12:10.159591" elapsed="0.103659"/>
</kw>
<kw name="Teste de Tipos de Dados - Postcode" owner="random-user-service">
<kw name="GET On Session" owner="RequestsLibrary">
<msg time="2024-05-29T19:12:10.333994" level="INFO">GET Request : url=https://randomuser.me/api 
 path_url=/api 
 headers={'User-Agent': 'python-requests/2.32.3', 'Accept-Encoding': 'gzip, deflate', 'Accept': '*/*', 'Connection': 'keep-alive'} 
 body=None 
 </msg>
<msg time="2024-05-29T19:12:10.334095" level="INFO">GET Response : url=https://randomuser.me/api 
 status=200, reason=OK 
 headers={'Date': 'Wed, 29 May 2024 19:12:10 GMT', 'Content-Type': 'application/json; charset=utf-8', 'Transfer-Encoding': 'chunked', 'Connection': 'keep-alive', 'X-Powered-By': 'Express', 'Access-Control-Allow-Origin': '*', 'Cache-Control': 'no-cache', 'ETag': 'W/"490-rSyr5GPxqY8wKblnElCq7bgpQgg"', 'Vary': 'Accept-Encoding', 'Content-Encoding': 'gzip', 'CF-Cache-Status': 'DYNAMIC', 'Report-To': '{"endpoints":[{"url":"https:\\/\\/a.nel.cloudflare.com\\/report\\/v4?s=BtRzFKHZUuKp%2F9bIn9PEap18c%2FQRvBVAPY8a0bXb8A2JHN4pfiQQkXuYC6y6DrdaARsbkbnMx3JWPvG6KQ2vEfOnoSiJwIEE%2FieKjHpWOW879YkPXNxx5yV87S7vnVlg"}],"group":"cf-nel","max_age":604800}', 'NEL': '{"success_fraction":0,"report_to":"cf-nel","max_age":604800}', 'Server': 'cloudflare', 'CF-RAY': '88b8cb6028ac3b74-IAD', 'alt-svc': 'h3=":443"; ma=86400'} 
 body={"results":[{"gender":"male","name":{"title":"Mr","first":"Kacper","last":"Brevik"},"location":{"street":{"number":6811,"name":"Maria Dehlis vei"},"city":"Eivindvik","state":"Aust-Agder","country":"Norway","postcode":"0581","coordinates":{"latitude":"39.3787","longitude":"-31.4222"},"timezone":{"offset":"-5:00","description":"Eastern Time (US &amp; Canada), Bogota, Lima"}},"email":"kacper.brevik@example.com","login":{"uuid":"714a8215-2316-4112-bb12-67f2c7df52c6","username":"beautifulcat465","password":"rachel1","salt":"hmhxehj8","md5":"fa05ce27b60bf3fcc57db5ff6a86e7c7","sha1":"70f71de216345eae3a605f013fbe336624bf2027","sha256":"e16980c802aa760a6485ab8705b40a07307baf7518491e879ca24eefeee80a7a"},"dob":{"date":"1971-01-25T19:32:54.092Z","age":53},"registered":{"date":"2022-03-02T09:11:53.524Z","age":2},"phone":"74893174","cell":"43961462","id":{"name":"FN","value":"25017123109"},"picture":{"large":"https://randomuser.me/api/portraits/men/16.jpg","medium":"https://randomuser.me/api/portraits/med/men/16.jpg","thumbnail":"https://randomuser.me/api/portraits/thumb/men/16.jpg"},"nat":"NO"}],"info":{"seed":"44d9a1e76b1d9bde","results":1,"page":1,"version":"1.4"}} 
 </msg>
<msg time="2024-05-29T19:12:10.334173" level="INFO">/opt/hostedtoolcache/Python/3.12.3/x64/lib/python3.12/site-packages/urllib3/connectionpool.py:1103: InsecureRequestWarning: Unverified HTTPS request is being made to host 'randomuser.me'. Adding certificate verification is strongly advised. See: https://urllib3.readthedocs.io/en/latest/advanced-usage.html#tls-warnings
  warnings.warn(</msg>
<msg time="2024-05-29T19:12:10.334295" level="INFO">${response} = &lt;Response [200]&gt;</msg>
<var>${response}</var>
<arg>consultarAPI</arg>
<arg>/api</arg>
<doc>Sends a GET request on a previously created HTTP Session.</doc>
<status status="PASS" start="2024-05-29T19:12:10.263706" elapsed="0.070632"/>
</kw>
<kw name="Set Variable" owner="BuiltIn">
<msg time="2024-05-29T19:12:10.335432" level="INFO">${json_data} = {'results': [{'gender': 'male', 'name': {'title': 'Mr', 'first': 'Kacper', 'last': 'Brevik'}, 'location': {'street': {'number': 6811, 'name': 'Maria Dehlis vei'}, 'city': 'Eivindvik', 'state': 'Aust-A...</msg>
<var>${json_data}</var>
<arg>${response.json()}</arg>
<doc>Returns the given values which can then be assigned to a variables.</doc>
<status status="PASS" start="2024-05-29T19:12:10.334889" elapsed="0.000573"/>
</kw>
<kw name="Log" owner="BuiltIn">
<msg time="2024-05-29T19:12:10.336014" level="INFO">{'results': [{'gender': 'male', 'name': {'title': 'Mr', 'first': 'Kacper', 'last': 'Brevik'}, 'location': {'street': {'number': 6811, 'name': 'Maria Dehlis vei'}, 'city': 'Eivindvik', 'state': 'Aust-Agder', 'country': 'Norway', 'postcode': '0581', 'coordinates': {'latitude': '39.3787', 'longitude': '-31.4222'}, 'timezone': {'offset': '-5:00', 'description': 'Eastern Time (US &amp; Canada), Bogota, Lima'}}, 'email': 'kacper.brevik@example.com', 'login': {'uuid': '714a8215-2316-4112-bb12-67f2c7df52c6', 'username': 'beautifulcat465', 'password': 'rachel1', 'salt': 'hmhxehj8', 'md5': 'fa05ce27b60bf3fcc57db5ff6a86e7c7', 'sha1': '70f71de216345eae3a605f013fbe336624bf2027', 'sha256': 'e16980c802aa760a6485ab8705b40a07307baf7518491e879ca24eefeee80a7a'}, 'dob': {'date': '1971-01-25T19:32:54.092Z', 'age': 53}, 'registered': {'date': '2022-03-02T09:11:53.524Z', 'age': 2}, 'phone': '74893174', 'cell': '43961462', 'id': {'name': 'FN', 'value': '25017123109'}, 'picture': {'large': 'https://randomuser.me/api/portraits/men/16.jpg', 'medium': 'https://randomuser.me/api/portraits/med/men/16.jpg', 'thumbnail': 'https://randomuser.me/api/portraits/thumb/men/16.jpg'}, 'nat': 'NO'}], 'info': {'seed': '44d9a1e76b1d9bde', 'results': 1, 'page': 1, 'version': '1.4'}}</msg>
<arg>${json_data}</arg>
<doc>Logs the given message with the given level.</doc>
<status status="PASS" start="2024-05-29T19:12:10.335837" elapsed="0.000266"/>
</kw>
<kw name="Should Be Equal As Numbers" owner="BuiltIn">
<arg>${json_data['results'][0]['location']['postcode']}</arg>
<arg>${json_data['results'][0]['location']['postcode']}</arg>
<doc>Fails if objects are unequal after converting them to real numbers.</doc>
<status status="PASS" start="2024-05-29T19:12:10.336450" elapsed="0.000698"/>
</kw>
<kw name="Log" owner="BuiltIn">
<msg time="2024-05-29T19:12:10.337706" level="INFO">0581</msg>
<arg>${json_data['results'][0]['location']['postcode']}</arg>
<doc>Logs the given message with the given level.</doc>
<status status="PASS" start="2024-05-29T19:12:10.337362" elapsed="0.000384"/>
</kw>
<status status="PASS" start="2024-05-29T19:12:10.263477" elapsed="0.074537"/>
</kw>
<doc>Testa se os tipos de dados na resposta da API estão corretos.</doc>
<tag>testeTiposDados</tag>
<status status="PASS" start="2024-05-29T19:12:10.159003" elapsed="0.179191"/>
</test>
<test id="s1-s1-t5" name="Validar conteudo" line="35">
<kw name="Teste de Tipos de Conteudo" owner="random-user-service">
<kw name="GET On Session" owner="RequestsLibrary">
<msg time="2024-05-29T19:12:10.435543" level="INFO">GET Request : url=https://randomuser.me/api 
 path_url=/api 
 headers={'User-Agent': 'python-requests/2.32.3', 'Accept-Encoding': 'gzip, deflate', 'Accept': '*/*', 'Connection': 'keep-alive'} 
 body=None 
 </msg>
<msg time="2024-05-29T19:12:10.435658" level="INFO">GET Response : url=https://randomuser.me/api 
 status=200, reason=OK 
 headers={'Date': 'Wed, 29 May 2024 19:12:10 GMT', 'Content-Type': 'application/json; charset=utf-8', 'Transfer-Encoding': 'chunked', 'Connection': 'keep-alive', 'X-Powered-By': 'Express', 'Access-Control-Allow-Origin': '*', 'Cache-Control': 'no-cache', 'ETag': 'W/"48e-1768nRPpfvQMPEqxJ066kywZS+U"', 'Vary': 'Accept-Encoding', 'Content-Encoding': 'gzip', 'CF-Cache-Status': 'DYNAMIC', 'Report-To': '{"endpoints":[{"url":"https:\\/\\/a.nel.cloudflare.com\\/report\\/v4?s=%2BjG2fH4qy7lChJeyFxPVko%2B3rOWBOOvGPo84WT1tWFzJuvli%2FGFQd2sri9YWNUBgpYzYohPUy8sU0%2FzZgzg%2BaxanweUlUo0YFP3Cbj4XfXBnEgjbXj1cLBmrhGIGVopx"}],"group":"cf-nel","max_age":604800}', 'NEL': '{"success_fraction":0,"report_to":"cf-nel","max_age":604800}', 'Server': 'cloudflare', 'CF-RAY': '88b8cb60a94c3b74-IAD', 'alt-svc': 'h3=":443"; ma=86400'} 
 body={"results":[{"gender":"female","name":{"title":"Mrs","first":"Avery","last":"Bowman"},"location":{"street":{"number":74,"name":"Lakeshore Rd"},"city":"San Francisco","state":"Oregon","country":"United States","postcode":60216,"coordinates":{"latitude":"83.7531","longitude":"116.2634"},"timezone":{"offset":"+7:00","description":"Bangkok, Hanoi, Jakarta"}},"email":"avery.bowman@example.com","login":{"uuid":"118c06cb-8e9e-47ee-b5ba-278c8944aafb","username":"purpledog514","password":"poker","salt":"6L3B55ov","md5":"1a86ba93f9163887376df4d103159ace","sha1":"6f10c6c4363a1a7ba1e1be65453c8552f36a5794","sha256":"c8e4143b3248b3dfa52b1c0c26b51ae75a1239b1d2ee446b8ec864bf1d45927e"},"dob":{"date":"1973-04-13T07:44:00.047Z","age":51},"registered":{"date":"2017-10-22T16:45:41.571Z","age":6},"phone":"(632) 769-6820","cell":"(949) 519-6890","id":{"name":"SSN","value":"167-07-5206"},"picture":{"large":"https://randomuser.me/api/portraits/women/48.jpg","medium":"https://randomuser.me/api/portraits/med/women/48.jpg","thumbnail":"https://randomuser.me/api/portraits/thumb/women/48.jpg"},"nat":"US"}],"info":{"seed":"606edb10de452fb1","results":1,"page":1,"version":"1.4"}} 
 </msg>
<msg time="2024-05-29T19:12:10.435744" level="INFO">/opt/hostedtoolcache/Python/3.12.3/x64/lib/python3.12/site-packages/urllib3/connectionpool.py:1103: InsecureRequestWarning: Unverified HTTPS request is being made to host 'randomuser.me'. Adding certificate verification is strongly advised. See: https://urllib3.readthedocs.io/en/latest/advanced-usage.html#tls-warnings
  warnings.warn(</msg>
<msg time="2024-05-29T19:12:10.435908" level="INFO">${response} = &lt;Response [200]&gt;</msg>
<var>${response}</var>
<arg>consultarAPI</arg>
<arg>/api</arg>
<doc>Sends a GET request on a previously created HTTP Session.</doc>
<status status="PASS" start="2024-05-29T19:12:10.340728" elapsed="0.095225"/>
</kw>
<kw name="Set Variable" owner="BuiltIn">
<msg time="2024-05-29T19:12:10.437272" level="INFO">${json_data} = {'results': [{'gender': 'female', 'name': {'title': 'Mrs', 'first': 'Avery', 'last': 'Bowman'}, 'location': {'street': {'number': 74, 'name': 'Lakeshore Rd'}, 'city': 'San Francisco', 'state': 'Oregon...</msg>
<var>${json_data}</var>
<arg>${response.json()}</arg>
<doc>Returns the given values which can then be assigned to a variables.</doc>
<status status="PASS" start="2024-05-29T19:12:10.436647" elapsed="0.000655"/>
</kw>
<kw name="Set Variable" owner="BuiltIn">
<msg time="2024-05-29T19:12:10.438109" level="INFO">${name_title} = Mrs</msg>
<var>${name_title}</var>
<arg>${json_data["results"][0]["name"]["title"]}</arg>
<doc>Returns the given values which can then be assigned to a variables.</doc>
<status status="PASS" start="2024-05-29T19:12:10.437673" elapsed="0.000461"/>
</kw>
<kw name="Create List" owner="BuiltIn">
<msg time="2024-05-29T19:12:10.438602" level="INFO">${allowed_titles} = ['Mr', 'Ms', 'Miss', 'Mrs', 'Madame', 'Monsieur']</msg>
<var>${allowed_titles}</var>
<arg>Mr</arg>
<arg>Ms</arg>
<arg>Miss</arg>
<arg>Mrs</arg>
<arg>Madame</arg>
<arg>Monsieur</arg>
<doc>Returns a list containing given items.</doc>
<status status="PASS" start="2024-05-29T19:12:10.438450" elapsed="0.000176"/>
</kw>
<kw name="List Should Contain Value" owner="Collections">
<msg time="2024-05-29T19:12:10.439117" level="INFO">False</msg>
<arg>${allowed_titles}</arg>
<arg>${name_title}</arg>
<doc>Fails if the ``value`` is not found from ``list``.</doc>
<status status="PASS" start="2024-05-29T19:12:10.438934" elapsed="0.000221"/>
</kw>
<kw name="Set Variable" owner="BuiltIn">
<msg time="2024-05-29T19:12:10.440039" level="INFO">${name_country} = US</msg>
<var>${name_country}</var>
<arg>${json_data["results"][0]["nat"]}</arg>
<doc>Returns the given values which can then be assigned to a variables.</doc>
<status status="PASS" start="2024-05-29T19:12:10.439452" elapsed="0.000613"/>
</kw>
<kw name="Create List" owner="BuiltIn">
<msg time="2024-05-29T19:12:10.441011" level="INFO">${list_country} = ['AD', 'AE', 'AF', 'AG', 'AI', 'AL', 'AM', 'AO', 'AQ', 'AR', 'AS', 'AT', 'AU', 'AW', 'AX', 'AZ', 'BA', 'BB', 'BD', 'BE', 'BF', 'BG', 'BH', 'BI', 'BJ', 'BL', 'BM', 'BN', 'BO', 'BQ', 'BR', 'BS', 'BT', '...</msg>
<var>${list_country}</var>
<arg>AD</arg>
<arg>AE</arg>
<arg>AF</arg>
<arg>AG</arg>
<arg>AI</arg>
<arg>AL</arg>
<arg>AM</arg>
<arg>AO</arg>
<arg>AQ</arg>
<arg>AR</arg>
<arg>AS</arg>
<arg>AT</arg>
<arg>AU</arg>
<arg>AW</arg>
<arg>AX</arg>
<arg>AZ</arg>
<arg>BA</arg>
<arg>BB</arg>
<arg>BD</arg>
<arg>BE</arg>
<arg>BF</arg>
<arg>BG</arg>
<arg>BH</arg>
<arg>BI</arg>
<arg>BJ</arg>
<arg>BL</arg>
<arg>BM</arg>
<arg>BN</arg>
<arg>BO</arg>
<arg>BQ</arg>
<arg>BR</arg>
<arg>BS</arg>
<arg>BT</arg>
<arg>BV</arg>
<arg>BW</arg>
<arg>BY</arg>
<arg>BZ</arg>
<arg>CA</arg>
<arg>CC</arg>
<arg>CD</arg>
<arg>CF</arg>
<arg>CG</arg>
<arg>CH</arg>
<arg>CI</arg>
<arg>CK</arg>
<arg>CL</arg>
<arg>CM</arg>
<arg>CN</arg>
<arg>CO</arg>
<arg>CR</arg>
<arg>CU</arg>
<arg>CV</arg>
<arg>CW</arg>
<arg>CX</arg>
<arg>CY</arg>
<arg>CZ</arg>
<arg>DE</arg>
<arg>DJ</arg>
<arg>DK</arg>
<arg>DM</arg>
<arg>DO</arg>
<arg>DZ</arg>
<arg>EC</arg>
<arg>EE</arg>
<arg>EG</arg>
<arg>EH</arg>
<arg>ER</arg>
<arg>ES</arg>
<arg>ET</arg>
<arg>FI</arg>
<arg>FJ</arg>
<arg>FK</arg>
<arg>FM</arg>
<arg>FO</arg>
<arg>FR</arg>
<arg>GA</arg>
<arg>GB</arg>
<arg>GD</arg>
<arg>GE</arg>
<arg>GF</arg>
<arg>GG</arg>
<arg>GH</arg>
<arg>GI</arg>
<arg>GL</arg>
<arg>GM</arg>
<arg>GN</arg>
<arg>GP</arg>
<arg>GQ</arg>
<arg>GR</arg>
<arg>GS</arg>
<arg>GT</arg>
<arg>GU</arg>
<arg>GW</arg>
<arg>GY</arg>
<arg>HK</arg>
<arg>HM</arg>
<arg>HN</arg>
<arg>HR</arg>
<arg>HT</arg>
<arg>HU</arg>
<arg>ID</arg>
<arg>IE</arg>
<arg>IL</arg>
<arg>IM</arg>
<arg>IN</arg>
<arg>IO</arg>
<arg>IQ</arg>
<arg>IR</arg>
<arg>IS</arg>
<arg>IT</arg>
<arg>JE</arg>
<arg>JM</arg>
<arg>JO</arg>
<arg>JP</arg>
<arg>KE</arg>
<arg>KG</arg>
<arg>KH</arg>
<arg>KI</arg>
<arg>KM</arg>
<arg>KN</arg>
<arg>KP</arg>
<arg>KR</arg>
<arg>KW</arg>
<arg>KY</arg>
<arg>KZ</arg>
<arg>LA</arg>
<arg>LB</arg>
<arg>LC</arg>
<arg>LI</arg>
<arg>LK</arg>
<arg>LR</arg>
<arg>LS</arg>
<arg>LT</arg>
<arg>LU</arg>
<arg>LV</arg>
<arg>LY</arg>
<arg>MA</arg>
<arg>MC</arg>
<arg>MD</arg>
<arg>ME</arg>
<arg>MF</arg>
<arg>MG</arg>
<arg>MH</arg>
<arg>MK</arg>
<arg>ML</arg>
<arg>MM</arg>
<arg>MN</arg>
<arg>MO</arg>
<arg>MP</arg>
<arg>MQ</arg>
<arg>MR</arg>
<arg>MS</arg>
<arg>MT</arg>
<arg>MU</arg>
<arg>MV</arg>
<arg>MW</arg>
<arg>MX</arg>
<arg>MY</arg>
<arg>MZ</arg>
<arg>NA</arg>
<arg>NC</arg>
<arg>NE</arg>
<arg>NF</arg>
<arg>NG</arg>
<arg>NI</arg>
<arg>NL</arg>
<arg>NO</arg>
<arg>NP</arg>
<arg>NR</arg>
<arg>NU</arg>
<arg>NZ</arg>
<arg>OM</arg>
<arg>PA</arg>
<arg>PE</arg>
<arg>PF</arg>
<arg>PG</arg>
<arg>PH</arg>
<arg>PK</arg>
<arg>PL</arg>
<arg>PM</arg>
<arg>PN</arg>
<arg>PR</arg>
<arg>PS</arg>
<arg>PT</arg>
<arg>PW</arg>
<arg>PY</arg>
<arg>QA</arg>
<arg>RE</arg>
<arg>RO</arg>
<arg>RS</arg>
<arg>RU</arg>
<arg>RW</arg>
<arg>SA</arg>
<arg>SB</arg>
<arg>SC</arg>
<arg>SD</arg>
<arg>SE</arg>
<arg>SG</arg>
<arg>SH</arg>
<arg>SI</arg>
<arg>SJ</arg>
<arg>SK</arg>
<arg>SL</arg>
<arg>SM</arg>
<arg>SN</arg>
<arg>SO</arg>
<arg>SR</arg>
<arg>SS</arg>
<arg>ST</arg>
<arg>SV</arg>
<arg>SX</arg>
<arg>SY</arg>
<arg>SZ</arg>
<arg>TC</arg>
<arg>TD</arg>
<arg>TF</arg>
<arg>TG</arg>
<arg>TH</arg>
<arg>TJ</arg>
<arg>TK</arg>
<arg>TL</arg>
<arg>TM</arg>
<arg>TN</arg>
<arg>TO</arg>
<arg>TR</arg>
<arg>TT</arg>
<arg>TV</arg>
<arg>TW</arg>
<arg>TZ</arg>
<arg>UA</arg>
<arg>UG</arg>
<arg>UM</arg>
<arg>US</arg>
<arg>UY</arg>
<arg>UZ</arg>
<arg>VA</arg>
<arg>VC</arg>
<arg>VE</arg>
<arg>VG</arg>
<arg>VI</arg>
<arg>VN</arg>
<arg>VU</arg>
<arg>WF</arg>
<arg>WS</arg>
<arg>XK</arg>
<arg>YE</arg>
<arg>YT</arg>
<arg>ZA</arg>
<arg>ZM</arg>
<arg>ZW</arg>
<doc>Returns a list containing given items.</doc>
<status status="PASS" start="2024-05-29T19:12:10.440376" elapsed="0.000662"/>
</kw>
<kw name="List Should Contain Value" owner="Collections">
<msg time="2024-05-29T19:12:10.442061" level="INFO">False</msg>
<arg>${list_country}</arg>
<arg>${name_country}</arg>
<doc>Fails if the ``value`` is not found from ``list``.</doc>
<status status="PASS" start="2024-05-29T19:12:10.441850" elapsed="0.000255"/>
</kw>
<kw name="Run Keyword If" owner="BuiltIn">
<kw name="Should Be True" owner="BuiltIn">
<arg>${True}</arg>
<doc>Fails if the given condition is not true.</doc>
<status status="PASS" start="2024-05-29T19:12:10.443176" elapsed="0.000148"/>
</kw>
<arg>${json_data["results"][0]["location"]["coordinates"]["latitude"]} &gt;= -90 and ${json_data["results"][0]["location"]["coordinates"]["latitude"]} &lt;= 90</arg>
<arg>Should Be True</arg>
<arg>${True}</arg>
<doc>Runs the given keyword with the given arguments, if ``condition`` is true.</doc>
<status status="PASS" start="2024-05-29T19:12:10.442423" elapsed="0.001030"/>
</kw>
<kw name="Run Keyword If" owner="BuiltIn">
<kw name="Should Be True" owner="BuiltIn">
<arg>${True}</arg>
<doc>Fails if the given condition is not true.</doc>
<status status="PASS" start="2024-05-29T19:12:10.444352" elapsed="0.000139"/>
</kw>
<arg>${json_data["results"][0]["location"]["coordinates"]["longitude"]} &gt;= -180 and ${json_data["results"][0]["location"]["coordinates"]["longitude"]} &lt;= 180</arg>
<arg>Should Be True</arg>
<arg>${True}</arg>
<doc>Runs the given keyword with the given arguments, if ``condition`` is true.</doc>
<status status="PASS" start="2024-05-29T19:12:10.443646" elapsed="0.000968"/>
</kw>
<status status="PASS" start="2024-05-29T19:12:10.340486" elapsed="0.104290"/>
</kw>
<doc>Testa o conteúdo específico dos campos retornados pela API.</doc>
<tag>testeConteudo</tag>
<status status="PASS" start="2024-05-29T19:12:10.340011" elapsed="0.104935"/>
</test>
<status status="PASS" start="2024-05-29T19:12:09.588976" elapsed="0.857993"/>
</suite>
<status status="PASS" start="2024-05-29T19:12:09.575054" elapsed="0.877256"/>
</suite>
<statistics>
<total>
<stat pass="5" fail="0" skip="0">All Tests</stat>
</total>
<tag>
<stat pass="1" fail="0" skip="0">testeConteudo</stat>
<stat pass="1" fail="0" skip="0">testeEstruturaResposta</stat>
<stat pass="1" fail="0" skip="0">testeRequisicaoBasica</stat>
<stat pass="1" fail="0" skip="0">testeTiposDados</stat>
</tag>
<suite>
<stat pass="5" fail="0" skip="0" id="s1" name="Tests">Tests</stat>
<stat pass="5" fail="0" skip="0" id="s1-s1" name="Random-User-Test">Tests.Random-User-Test</stat>
</suite>
</statistics>
<errors>
</errors>
</robot>
