<?xml version="1.0" encoding="UTF-8"?>
<robot generator="Robot 7.0.1 (Python 3.12.3 on linux)" generated="2024-06-16T08:17:14.822349" rpa="false" schemaversion="5">
<suite id="s1" name="Tests" source="/home/runner/work/ApiRandomUser/ApiRandomUser/RamdonUser/tests">
<suite id="s1-s1" name="Random-User-Test" source="/home/runner/work/ApiRandomUser/ApiRandomUser/RamdonUser/tests/random-user-test.robot">
<test id="s1-s1-t1" name="Conectar" line="13">
<kw name="Conectar API" owner="random-user-service">
<kw name="Create Session" owner="RequestsLibrary">
<msg time="2024-06-16T08:17:15.249230" level="INFO">Creating Session using : alias=consultarAPI, url=https://randomuser.me/, headers={},                     cookies={}, auth=None, timeout=None, proxies=None, verify=False,                     debug=0 </msg>
<arg>consultarAPI</arg>
<arg>${URL}</arg>
<doc>Create Session: create a HTTP session to a server</doc>
<status status="PASS" start="2024-06-16T08:17:15.248932" elapsed="0.000491"/>
</kw>
<status status="PASS" start="2024-06-16T08:17:15.247270" elapsed="0.002527"/>
</kw>
<status status="PASS" start="2024-06-16T08:17:15.246696" elapsed="0.003299"/>
</test>
<test id="s1-s1-t2" name="Validar retorno 200 e JSON Válido" line="16">
<kw name="Teste de Requisicao Basica" owner="random-user-service">
<kw name="GET On Session" owner="RequestsLibrary">
<msg time="2024-06-16T08:17:15.504038" level="INFO">GET Request : url=https://randomuser.me/api 
 path_url=/api 
 headers={'User-Agent': 'python-requests/2.32.3', 'Accept-Encoding': 'gzip, deflate', 'Accept': '*/*', 'Connection': 'keep-alive'} 
 body=None 
 </msg>
<msg time="2024-06-16T08:17:15.504184" level="INFO">GET Response : url=https://randomuser.me/api 
 status=200, reason=OK 
 headers={'Date': 'Sun, 16 Jun 2024 08:17:15 GMT', 'Content-Type': 'application/json; charset=utf-8', 'Transfer-Encoding': 'chunked', 'Connection': 'keep-alive', 'X-Powered-By': 'Express', 'Access-Control-Allow-Origin': '*', 'Cache-Control': 'no-cache', 'ETag': 'W/"480-yzxpqyswC7s4lGOXN3a+/QXGpig"', 'Vary': 'Accept-Encoding', 'Content-Encoding': 'gzip', 'CF-Cache-Status': 'DYNAMIC', 'Report-To': '{"endpoints":[{"url":"https:\\/\\/a.nel.cloudflare.com\\/report\\/v4?s=NKFs2x9HZ1FdFalxCOy5aGrpRjFTwEqbr6FrqvxjgASpOQwSCNz2T0Y6D1lT54nBJFUed51H0UAUGAi76LF%2FdB%2B9ur3VQnLcusCCkVeb1FLF9aQ9phg0kzdWk8iIqT%2Fe"}],"group":"cf-nel","max_age":604800}', 'NEL': '{"success_fraction":0,"report_to":"cf-nel","max_age":604800}', 'Server': 'cloudflare', 'CF-RAY': '89495cc76a3767a5-SJC', 'alt-svc': 'h3=":443"; ma=86400'} 
 body={"results":[{"gender":"male","name":{"title":"Mr","first":"Svetozar","last":"Vujić"},"location":{"street":{"number":8314,"name":"Jelene Mrnjavčević "},"city":"Bač","state":"Toplica","country":"Serbia","postcode":34882,"coordinates":{"latitude":"57.6065","longitude":"-89.6553"},"timezone":{"offset":"-11:00","description":"Midway Island, Samoa"}},"email":"svetozar.vujic@example.com","login":{"uuid":"ce1d50e4-1dd8-499a-a1e1-c6150e481e3e","username":"tinybird819","password":"ashley1","salt":"h21IKKOA","md5":"97a6b4f524b843025dc40af95105c842","sha1":"f9e548cf4a52c1eb8d5377ba69a56b477d880462","sha256":"ad71161616e4051bd9aac01dfa1ecea1a2856fc01d597b212f4b7ae8f97608a8"},"dob":{"date":"1967-11-07T07:04:44.172Z","age":56},"registered":{"date":"2003-08-25T11:20:20.162Z","age":20},"phone":"019-2519-286","cell":"067-8266-912","id":{"name":"SID","value":"024542919"},"picture":{"large":"https://randomuser.me/api/portraits/men/31.jpg","medium":"https://randomuser.me/api/portraits/med/men/31.jpg","thumbnail":"https://randomuser.me/api/portraits/thumb/men/31.jpg"},"nat":"RS"}],"info":{"seed":"dee354f05c4dea16","results":1,"page":1,"version":"1.4"}} 
 </msg>
<msg time="2024-06-16T08:17:15.504267" level="INFO">/opt/hostedtoolcache/Python/3.12.3/x64/lib/python3.12/site-packages/urllib3/connectionpool.py:1103: InsecureRequestWarning: Unverified HTTPS request is being made to host 'randomuser.me'. Adding certificate verification is strongly advised. See: https://urllib3.readthedocs.io/en/latest/advanced-usage.html#tls-warnings
  warnings.warn(</msg>
<msg time="2024-06-16T08:17:15.504402" level="INFO">${response} = &lt;Response [200]&gt;</msg>
<var>${response}</var>
<arg>consultarAPI</arg>
<arg>/api</arg>
<doc>Sends a GET request on a previously created HTTP Session.</doc>
<status status="PASS" start="2024-06-16T08:17:15.252547" elapsed="0.251931"/>
</kw>
<kw name="Should Be Equal As Numbers" owner="BuiltIn">
<msg time="2024-06-16T08:17:15.505631" level="INFO">Argument types are:
&lt;class 'int'&gt;
&lt;class 'str'&gt;</msg>
<arg>${response.status_code}</arg>
<arg>200</arg>
<doc>Fails if objects are unequal after converting them to real numbers.</doc>
<status status="PASS" start="2024-06-16T08:17:15.505125" elapsed="0.000573"/>
</kw>
<kw name="Log" owner="BuiltIn">
<msg time="2024-06-16T08:17:15.506402" level="INFO">200</msg>
<arg>${response.status_code}</arg>
<doc>Logs the given message with the given level.</doc>
<status status="PASS" start="2024-06-16T08:17:15.506044" elapsed="0.000409"/>
</kw>
<kw name="Set Variable" owner="BuiltIn">
<msg time="2024-06-16T08:17:15.507224" level="INFO">${json_data} = {'results': [{'gender': 'male', 'name': {'title': 'Mr', 'first': 'Svetozar', 'last': 'Vujić'}, 'location': {'street': {'number': 8314, 'name': 'Jelene Mrnjavčević '}, 'city': 'Bač', 'state': 'Toplica'...</msg>
<var>${json_data}</var>
<arg>${response.json()}</arg>
<doc>Returns the given values which can then be assigned to a variables.</doc>
<status status="PASS" start="2024-06-16T08:17:15.506771" elapsed="0.000484"/>
</kw>
<kw name="Dictionary Should Contain Key" owner="Collections">
<arg>${json_data}</arg>
<arg>results</arg>
<doc>Fails if ``key`` is not found from ``dictionary``.</doc>
<status status="PASS" start="2024-06-16T08:17:15.507559" elapsed="0.000173"/>
</kw>
<status status="PASS" start="2024-06-16T08:17:15.252311" elapsed="0.255576"/>
</kw>
<doc>Testa se a API responde corretamente e retorna um objeto JSON válido.</doc>
<tag>testeRequisicaoBasica</tag>
<status status="PASS" start="2024-06-16T08:17:15.251855" elapsed="0.256213"/>
</test>
<test id="s1-s1-t3" name="Validar estrutura de resposta" line="22">
<kw name="Teste de Estrutura de Resposta" owner="random-user-service">
<kw name="GET On Session" owner="RequestsLibrary">
<msg time="2024-06-16T08:17:15.607934" level="INFO">GET Request : url=https://randomuser.me/api 
 path_url=/api 
 headers={'User-Agent': 'python-requests/2.32.3', 'Accept-Encoding': 'gzip, deflate', 'Accept': '*/*', 'Connection': 'keep-alive'} 
 body=None 
 </msg>
<msg time="2024-06-16T08:17:15.608061" level="INFO">GET Response : url=https://randomuser.me/api 
 status=200, reason=OK 
 headers={'Date': 'Sun, 16 Jun 2024 08:17:15 GMT', 'Content-Type': 'application/json; charset=utf-8', 'Transfer-Encoding': 'chunked', 'Connection': 'keep-alive', 'X-Powered-By': 'Express', 'Access-Control-Allow-Origin': '*', 'Cache-Control': 'no-cache', 'ETag': 'W/"48f-fr2o2EE6gg6YTduAIBKxjMid+Lw"', 'Vary': 'Accept-Encoding', 'Content-Encoding': 'gzip', 'CF-Cache-Status': 'DYNAMIC', 'Report-To': '{"endpoints":[{"url":"https:\\/\\/a.nel.cloudflare.com\\/report\\/v4?s=95P3LjfJGX%2BC%2BikCHf3ZBMTaAowCfbzQ8rbuZdB2f0df2vAtGbhVbeIq%2Fu80Y8%2F21QOspfpb5z3JC8XTVSAMxCHcBJvuR42bO6q7RJbgTd4F%2B2zHj18fSpMP3q8L1Aqc"}],"group":"cf-nel","max_age":604800}', 'NEL': '{"success_fraction":0,"report_to":"cf-nel","max_age":604800}', 'Server': 'cloudflare', 'CF-RAY': '89495cc7faa767a5-SJC', 'alt-svc': 'h3=":443"; ma=86400'} 
 body={"results":[{"gender":"male","name":{"title":"Mr","first":"Hannes","last":"Wesemann"},"location":{"street":{"number":4761,"name":"Friedhofstraße"},"city":"Teublitz","state":"Bremen","country":"Germany","postcode":23861,"coordinates":{"latitude":"-50.5747","longitude":"-109.9635"},"timezone":{"offset":"-7:00","description":"Mountain Time (US &amp; Canada)"}},"email":"hannes.wesemann@example.com","login":{"uuid":"5f275d42-7d4b-4463-a484-4982525b578e","username":"orangefish375","password":"corona","salt":"EZrUqyoP","md5":"846e10aeb679c467f04eb78ab6f89872","sha1":"4bc904abd16d1b960105916e4e9ddcaa2ea29a1b","sha256":"3e4f26d0c5b4a1d4e54282ffa7de1e40e9a49474c53dcc3ea807cae37fe1d2cc"},"dob":{"date":"1977-06-11T21:42:18.655Z","age":47},"registered":{"date":"2012-05-12T15:07:45.599Z","age":12},"phone":"0313-6345995","cell":"0173-4593213","id":{"name":"SVNR","value":"71 110677 W 430"},"picture":{"large":"https://randomuser.me/api/portraits/men/14.jpg","medium":"https://randomuser.me/api/portraits/med/men/14.jpg","thumbnail":"https://randomuser.me/api/portraits/thumb/men/14.jpg"},"nat":"DE"}],"info":{"seed":"0d27138c5d7c1a91","results":1,"page":1,"version":"1.4"}} 
 </msg>
<msg time="2024-06-16T08:17:15.608261" level="INFO">/opt/hostedtoolcache/Python/3.12.3/x64/lib/python3.12/site-packages/urllib3/connectionpool.py:1103: InsecureRequestWarning: Unverified HTTPS request is being made to host 'randomuser.me'. Adding certificate verification is strongly advised. See: https://urllib3.readthedocs.io/en/latest/advanced-usage.html#tls-warnings
  warnings.warn(</msg>
<msg time="2024-06-16T08:17:15.608423" level="INFO">${response} = &lt;Response [200]&gt;</msg>
<var>${response}</var>
<arg>consultarAPI</arg>
<arg>/api</arg>
<doc>Sends a GET request on a previously created HTTP Session.</doc>
<status status="PASS" start="2024-06-16T08:17:15.511354" elapsed="0.097112"/>
</kw>
<kw name="Set Variable" owner="BuiltIn">
<msg time="2024-06-16T08:17:15.609522" level="INFO">${json_data} = {'results': [{'gender': 'male', 'name': {'title': 'Mr', 'first': 'Hannes', 'last': 'Wesemann'}, 'location': {'street': {'number': 4761, 'name': 'Friedhofstraße'}, 'city': 'Teublitz', 'state': 'Bremen'...</msg>
<var>${json_data}</var>
<arg>${response.json()}</arg>
<doc>Returns the given values which can then be assigned to a variables.</doc>
<status status="PASS" start="2024-06-16T08:17:15.609027" elapsed="0.000528"/>
</kw>
<kw name="Log" owner="BuiltIn">
<msg time="2024-06-16T08:17:15.610029" level="INFO">{'results': [{'gender': 'male', 'name': {'title': 'Mr', 'first': 'Hannes', 'last': 'Wesemann'}, 'location': {'street': {'number': 4761, 'name': 'Friedhofstraße'}, 'city': 'Teublitz', 'state': 'Bremen', 'country': 'Germany', 'postcode': 23861, 'coordinates': {'latitude': '-50.5747', 'longitude': '-109.9635'}, 'timezone': {'offset': '-7:00', 'description': 'Mountain Time (US &amp; Canada)'}}, 'email': 'hannes.wesemann@example.com', 'login': {'uuid': '5f275d42-7d4b-4463-a484-4982525b578e', 'username': 'orangefish375', 'password': 'corona', 'salt': 'EZrUqyoP', 'md5': '846e10aeb679c467f04eb78ab6f89872', 'sha1': '4bc904abd16d1b960105916e4e9ddcaa2ea29a1b', 'sha256': '3e4f26d0c5b4a1d4e54282ffa7de1e40e9a49474c53dcc3ea807cae37fe1d2cc'}, 'dob': {'date': '1977-06-11T21:42:18.655Z', 'age': 47}, 'registered': {'date': '2012-05-12T15:07:45.599Z', 'age': 12}, 'phone': '0313-6345995', 'cell': '0173-4593213', 'id': {'name': 'SVNR', 'value': '71 110677 W 430'}, 'picture': {'large': 'https://randomuser.me/api/portraits/men/14.jpg', 'medium': 'https://randomuser.me/api/portraits/med/men/14.jpg', 'thumbnail': 'https://randomuser.me/api/portraits/thumb/men/14.jpg'}, 'nat': 'DE'}], 'info': {'seed': '0d27138c5d7c1a91', 'results': 1, 'page': 1, 'version': '1.4'}}</msg>
<arg>${json_data}</arg>
<doc>Logs the given message with the given level.</doc>
<status status="PASS" start="2024-06-16T08:17:15.609867" elapsed="0.000213"/>
</kw>
<kw name="Dictionary Should Contain Key" owner="Collections">
<arg>${json_data}</arg>
<arg>results</arg>
<doc>Fails if ``key`` is not found from ``dictionary``.</doc>
<status status="PASS" start="2024-06-16T08:17:15.610374" elapsed="0.000159"/>
</kw>
<kw name="Should Not Be Empty" owner="BuiltIn">
<msg time="2024-06-16T08:17:15.610842" level="INFO">Length is 2.</msg>
<arg>${json_data}</arg>
<doc>Verifies that the given item is not empty.</doc>
<status status="PASS" start="2024-06-16T08:17:15.610718" elapsed="0.000162"/>
</kw>
<kw name="Create List" owner="BuiltIn">
<msg time="2024-06-16T08:17:15.611311" level="INFO">${expected_keys} = ['gender', 'name', 'location', 'email', 'login']</msg>
<var>${expected_keys}</var>
<arg>gender</arg>
<arg>name</arg>
<arg>location</arg>
<arg>email</arg>
<arg>login</arg>
<doc>Returns a list containing given items.</doc>
<status status="PASS" start="2024-06-16T08:17:15.611166" elapsed="0.000168"/>
</kw>
<for flavor="IN">
<iter>
<kw name="Dictionary Should Contain Key" owner="Collections">
<arg>${json_data['results'][0]}</arg>
<arg>${key}</arg>
<doc>Fails if ``key`` is not found from ``dictionary``.</doc>
<status status="PASS" start="2024-06-16T08:17:15.611899" elapsed="0.000404"/>
</kw>
<kw name="Log" owner="BuiltIn">
<msg time="2024-06-16T08:17:15.612889" level="INFO">{'gender': 'male', 'name': {'title': 'Mr', 'first': 'Hannes', 'last': 'Wesemann'}, 'location': {'street': {'number': 4761, 'name': 'Friedhofstraße'}, 'city': 'Teublitz', 'state': 'Bremen', 'country': 'Germany', 'postcode': 23861, 'coordinates': {'latitude': '-50.5747', 'longitude': '-109.9635'}, 'timezone': {'offset': '-7:00', 'description': 'Mountain Time (US &amp; Canada)'}}, 'email': 'hannes.wesemann@example.com', 'login': {'uuid': '5f275d42-7d4b-4463-a484-4982525b578e', 'username': 'orangefish375', 'password': 'corona', 'salt': 'EZrUqyoP', 'md5': '846e10aeb679c467f04eb78ab6f89872', 'sha1': '4bc904abd16d1b960105916e4e9ddcaa2ea29a1b', 'sha256': '3e4f26d0c5b4a1d4e54282ffa7de1e40e9a49474c53dcc3ea807cae37fe1d2cc'}, 'dob': {'date': '1977-06-11T21:42:18.655Z', 'age': 47}, 'registered': {'date': '2012-05-12T15:07:45.599Z', 'age': 12}, 'phone': '0313-6345995', 'cell': '0173-4593213', 'id': {'name': 'SVNR', 'value': '71 110677 W 430'}, 'picture': {'large': 'https://randomuser.me/api/portraits/men/14.jpg', 'medium': 'https://randomuser.me/api/portraits/med/men/14.jpg', 'thumbnail': 'https://randomuser.me/api/portraits/thumb/men/14.jpg'}, 'nat': 'DE'}</msg>
<arg>${json_data['results'][0]}</arg>
<doc>Logs the given message with the given level.</doc>
<status status="PASS" start="2024-06-16T08:17:15.612494" elapsed="0.000447"/>
</kw>
<kw name="Log" owner="BuiltIn">
<msg time="2024-06-16T08:17:15.613366" level="INFO">gender</msg>
<arg>${key}</arg>
<doc>Logs the given message with the given level.</doc>
<status status="PASS" start="2024-06-16T08:17:15.613239" elapsed="0.000164"/>
</kw>
<var name="${key}">gender</var>
<status status="PASS" start="2024-06-16T08:17:15.611777" elapsed="0.001849"/>
</iter>
<iter>
<kw name="Dictionary Should Contain Key" owner="Collections">
<arg>${json_data['results'][0]}</arg>
<arg>${key}</arg>
<doc>Fails if ``key`` is not found from ``dictionary``.</doc>
<status status="PASS" start="2024-06-16T08:17:15.613923" elapsed="0.000384"/>
</kw>
<kw name="Log" owner="BuiltIn">
<msg time="2024-06-16T08:17:15.614867" level="INFO">{'gender': 'male', 'name': {'title': 'Mr', 'first': 'Hannes', 'last': 'Wesemann'}, 'location': {'street': {'number': 4761, 'name': 'Friedhofstraße'}, 'city': 'Teublitz', 'state': 'Bremen', 'country': 'Germany', 'postcode': 23861, 'coordinates': {'latitude': '-50.5747', 'longitude': '-109.9635'}, 'timezone': {'offset': '-7:00', 'description': 'Mountain Time (US &amp; Canada)'}}, 'email': 'hannes.wesemann@example.com', 'login': {'uuid': '5f275d42-7d4b-4463-a484-4982525b578e', 'username': 'orangefish375', 'password': 'corona', 'salt': 'EZrUqyoP', 'md5': '846e10aeb679c467f04eb78ab6f89872', 'sha1': '4bc904abd16d1b960105916e4e9ddcaa2ea29a1b', 'sha256': '3e4f26d0c5b4a1d4e54282ffa7de1e40e9a49474c53dcc3ea807cae37fe1d2cc'}, 'dob': {'date': '1977-06-11T21:42:18.655Z', 'age': 47}, 'registered': {'date': '2012-05-12T15:07:45.599Z', 'age': 12}, 'phone': '0313-6345995', 'cell': '0173-4593213', 'id': {'name': 'SVNR', 'value': '71 110677 W 430'}, 'picture': {'large': 'https://randomuser.me/api/portraits/men/14.jpg', 'medium': 'https://randomuser.me/api/portraits/med/men/14.jpg', 'thumbnail': 'https://randomuser.me/api/portraits/thumb/men/14.jpg'}, 'nat': 'DE'}</msg>
<arg>${json_data['results'][0]}</arg>
<doc>Logs the given message with the given level.</doc>
<status status="PASS" start="2024-06-16T08:17:15.614490" elapsed="0.000462"/>
</kw>
<kw name="Log" owner="BuiltIn">
<msg time="2024-06-16T08:17:15.615381" level="INFO">name</msg>
<arg>${key}</arg>
<doc>Logs the given message with the given level.</doc>
<status status="PASS" start="2024-06-16T08:17:15.615250" elapsed="0.000170"/>
</kw>
<var name="${key}">name</var>
<status status="PASS" start="2024-06-16T08:17:15.613812" elapsed="0.001825"/>
</iter>
<iter>
<kw name="Dictionary Should Contain Key" owner="Collections">
<arg>${json_data['results'][0]}</arg>
<arg>${key}</arg>
<doc>Fails if ``key`` is not found from ``dictionary``.</doc>
<status status="PASS" start="2024-06-16T08:17:15.615919" elapsed="0.000371"/>
</kw>
<kw name="Log" owner="BuiltIn">
<msg time="2024-06-16T08:17:15.616863" level="INFO">{'gender': 'male', 'name': {'title': 'Mr', 'first': 'Hannes', 'last': 'Wesemann'}, 'location': {'street': {'number': 4761, 'name': 'Friedhofstraße'}, 'city': 'Teublitz', 'state': 'Bremen', 'country': 'Germany', 'postcode': 23861, 'coordinates': {'latitude': '-50.5747', 'longitude': '-109.9635'}, 'timezone': {'offset': '-7:00', 'description': 'Mountain Time (US &amp; Canada)'}}, 'email': 'hannes.wesemann@example.com', 'login': {'uuid': '5f275d42-7d4b-4463-a484-4982525b578e', 'username': 'orangefish375', 'password': 'corona', 'salt': 'EZrUqyoP', 'md5': '846e10aeb679c467f04eb78ab6f89872', 'sha1': '4bc904abd16d1b960105916e4e9ddcaa2ea29a1b', 'sha256': '3e4f26d0c5b4a1d4e54282ffa7de1e40e9a49474c53dcc3ea807cae37fe1d2cc'}, 'dob': {'date': '1977-06-11T21:42:18.655Z', 'age': 47}, 'registered': {'date': '2012-05-12T15:07:45.599Z', 'age': 12}, 'phone': '0313-6345995', 'cell': '0173-4593213', 'id': {'name': 'SVNR', 'value': '71 110677 W 430'}, 'picture': {'large': 'https://randomuser.me/api/portraits/men/14.jpg', 'medium': 'https://randomuser.me/api/portraits/med/men/14.jpg', 'thumbnail': 'https://randomuser.me/api/portraits/thumb/men/14.jpg'}, 'nat': 'DE'}</msg>
<arg>${json_data['results'][0]}</arg>
<doc>Logs the given message with the given level.</doc>
<status status="PASS" start="2024-06-16T08:17:15.616476" elapsed="0.000448"/>
</kw>
<kw name="Log" owner="BuiltIn">
<msg time="2024-06-16T08:17:15.617349" level="INFO">location</msg>
<arg>${key}</arg>
<doc>Logs the given message with the given level.</doc>
<status status="PASS" start="2024-06-16T08:17:15.617224" elapsed="0.000162"/>
</kw>
<var name="${key}">location</var>
<status status="PASS" start="2024-06-16T08:17:15.615812" elapsed="0.001796"/>
</iter>
<iter>
<kw name="Dictionary Should Contain Key" owner="Collections">
<arg>${json_data['results'][0]}</arg>
<arg>${key}</arg>
<doc>Fails if ``key`` is not found from ``dictionary``.</doc>
<status status="PASS" start="2024-06-16T08:17:15.617885" elapsed="0.000381"/>
</kw>
<kw name="Log" owner="BuiltIn">
<msg time="2024-06-16T08:17:15.618799" level="INFO">{'gender': 'male', 'name': {'title': 'Mr', 'first': 'Hannes', 'last': 'Wesemann'}, 'location': {'street': {'number': 4761, 'name': 'Friedhofstraße'}, 'city': 'Teublitz', 'state': 'Bremen', 'country': 'Germany', 'postcode': 23861, 'coordinates': {'latitude': '-50.5747', 'longitude': '-109.9635'}, 'timezone': {'offset': '-7:00', 'description': 'Mountain Time (US &amp; Canada)'}}, 'email': 'hannes.wesemann@example.com', 'login': {'uuid': '5f275d42-7d4b-4463-a484-4982525b578e', 'username': 'orangefish375', 'password': 'corona', 'salt': 'EZrUqyoP', 'md5': '846e10aeb679c467f04eb78ab6f89872', 'sha1': '4bc904abd16d1b960105916e4e9ddcaa2ea29a1b', 'sha256': '3e4f26d0c5b4a1d4e54282ffa7de1e40e9a49474c53dcc3ea807cae37fe1d2cc'}, 'dob': {'date': '1977-06-11T21:42:18.655Z', 'age': 47}, 'registered': {'date': '2012-05-12T15:07:45.599Z', 'age': 12}, 'phone': '0313-6345995', 'cell': '0173-4593213', 'id': {'name': 'SVNR', 'value': '71 110677 W 430'}, 'picture': {'large': 'https://randomuser.me/api/portraits/men/14.jpg', 'medium': 'https://randomuser.me/api/portraits/med/men/14.jpg', 'thumbnail': 'https://randomuser.me/api/portraits/thumb/men/14.jpg'}, 'nat': 'DE'}</msg>
<arg>${json_data['results'][0]}</arg>
<doc>Logs the given message with the given level.</doc>
<status status="PASS" start="2024-06-16T08:17:15.618447" elapsed="0.000402"/>
</kw>
<kw name="Log" owner="BuiltIn">
<msg time="2024-06-16T08:17:15.619269" level="INFO">email</msg>
<arg>${key}</arg>
<doc>Logs the given message with the given level.</doc>
<status status="PASS" start="2024-06-16T08:17:15.619144" elapsed="0.000163"/>
</kw>
<var name="${key}">email</var>
<status status="PASS" start="2024-06-16T08:17:15.617779" elapsed="0.001741"/>
</iter>
<iter>
<kw name="Dictionary Should Contain Key" owner="Collections">
<arg>${json_data['results'][0]}</arg>
<arg>${key}</arg>
<doc>Fails if ``key`` is not found from ``dictionary``.</doc>
<status status="PASS" start="2024-06-16T08:17:15.619797" elapsed="0.000372"/>
</kw>
<kw name="Log" owner="BuiltIn">
<msg time="2024-06-16T08:17:15.620743" level="INFO">{'gender': 'male', 'name': {'title': 'Mr', 'first': 'Hannes', 'last': 'Wesemann'}, 'location': {'street': {'number': 4761, 'name': 'Friedhofstraße'}, 'city': 'Teublitz', 'state': 'Bremen', 'country': 'Germany', 'postcode': 23861, 'coordinates': {'latitude': '-50.5747', 'longitude': '-109.9635'}, 'timezone': {'offset': '-7:00', 'description': 'Mountain Time (US &amp; Canada)'}}, 'email': 'hannes.wesemann@example.com', 'login': {'uuid': '5f275d42-7d4b-4463-a484-4982525b578e', 'username': 'orangefish375', 'password': 'corona', 'salt': 'EZrUqyoP', 'md5': '846e10aeb679c467f04eb78ab6f89872', 'sha1': '4bc904abd16d1b960105916e4e9ddcaa2ea29a1b', 'sha256': '3e4f26d0c5b4a1d4e54282ffa7de1e40e9a49474c53dcc3ea807cae37fe1d2cc'}, 'dob': {'date': '1977-06-11T21:42:18.655Z', 'age': 47}, 'registered': {'date': '2012-05-12T15:07:45.599Z', 'age': 12}, 'phone': '0313-6345995', 'cell': '0173-4593213', 'id': {'name': 'SVNR', 'value': '71 110677 W 430'}, 'picture': {'large': 'https://randomuser.me/api/portraits/men/14.jpg', 'medium': 'https://randomuser.me/api/portraits/med/men/14.jpg', 'thumbnail': 'https://randomuser.me/api/portraits/thumb/men/14.jpg'}, 'nat': 'DE'}</msg>
<arg>${json_data['results'][0]}</arg>
<doc>Logs the given message with the given level.</doc>
<status status="PASS" start="2024-06-16T08:17:15.620356" elapsed="0.000440"/>
</kw>
<kw name="Log" owner="BuiltIn">
<msg time="2024-06-16T08:17:15.621322" level="INFO">login</msg>
<arg>${key}</arg>
<doc>Logs the given message with the given level.</doc>
<status status="PASS" start="2024-06-16T08:17:15.621092" elapsed="0.000267"/>
</kw>
<var name="${key}">login</var>
<status status="PASS" start="2024-06-16T08:17:15.619690" elapsed="0.001886"/>
</iter>
<var>${key}</var>
<value>@{expected_keys}</value>
<status status="PASS" start="2024-06-16T08:17:15.611593" elapsed="0.010104"/>
</for>
<kw name="Create List" owner="BuiltIn">
<msg time="2024-06-16T08:17:15.622014" level="INFO">${expected_keysTwo} = ['username', 'password']</msg>
<var>${expected_keysTwo}</var>
<arg>username</arg>
<arg>password</arg>
<doc>Returns a list containing given items.</doc>
<status status="PASS" start="2024-06-16T08:17:15.621883" elapsed="0.000182"/>
</kw>
<for flavor="IN">
<iter>
<kw name="Dictionary Should Contain Key" owner="Collections">
<arg>${json_data['results'][0]['login']}</arg>
<arg>${keyTwo}</arg>
<doc>Fails if ``key`` is not found from ``dictionary``.</doc>
<status status="PASS" start="2024-06-16T08:17:15.622600" elapsed="0.000389"/>
</kw>
<kw name="Dictionary Should Contain Key" owner="Collections">
<arg>${json_data['results'][0]['login']}</arg>
<arg>${keyTwo}</arg>
<doc>Fails if ``key`` is not found from ``dictionary``.</doc>
<status status="PASS" start="2024-06-16T08:17:15.623173" elapsed="0.000373"/>
</kw>
<kw name="Log" owner="BuiltIn">
<msg time="2024-06-16T08:17:15.623848" level="INFO">username</msg>
<arg>${keyTwo}</arg>
<doc>Logs the given message with the given level.</doc>
<status status="PASS" start="2024-06-16T08:17:15.623727" elapsed="0.000157"/>
</kw>
<var name="${keyTwo}">username</var>
<status status="PASS" start="2024-06-16T08:17:15.622477" elapsed="0.001624"/>
</iter>
<iter>
<kw name="Dictionary Should Contain Key" owner="Collections">
<arg>${json_data['results'][0]['login']}</arg>
<arg>${keyTwo}</arg>
<doc>Fails if ``key`` is not found from ``dictionary``.</doc>
<status status="PASS" start="2024-06-16T08:17:15.624387" elapsed="0.000411"/>
</kw>
<kw name="Dictionary Should Contain Key" owner="Collections">
<arg>${json_data['results'][0]['login']}</arg>
<arg>${keyTwo}</arg>
<doc>Fails if ``key`` is not found from ``dictionary``.</doc>
<status status="PASS" start="2024-06-16T08:17:15.624983" elapsed="0.000369"/>
</kw>
<kw name="Log" owner="BuiltIn">
<msg time="2024-06-16T08:17:15.625649" level="INFO">password</msg>
<arg>${keyTwo}</arg>
<doc>Logs the given message with the given level.</doc>
<status status="PASS" start="2024-06-16T08:17:15.625530" elapsed="0.000155"/>
</kw>
<var name="${keyTwo}">password</var>
<status status="PASS" start="2024-06-16T08:17:15.624279" elapsed="0.001624"/>
</iter>
<var>${keyTwo}</var>
<value>@{expected_keysTwo}</value>
<status status="PASS" start="2024-06-16T08:17:15.622309" elapsed="0.003719"/>
</for>
<status status="PASS" start="2024-06-16T08:17:15.511044" elapsed="0.115122"/>
</kw>
<doc>Testa a estrutura da resposta da API.</doc>
<tag>testeEstruturaResposta</tag>
<status status="PASS" start="2024-06-16T08:17:15.510036" elapsed="0.116283"/>
</test>
<test id="s1-s1-t4" name="Validar tipos de dados" line="28">
<kw name="Teste de Tipos de Dados" owner="random-user-service">
<kw name="GET On Session" owner="RequestsLibrary">
<msg time="2024-06-16T08:17:15.713852" level="INFO">GET Request : url=https://randomuser.me/api 
 path_url=/api 
 headers={'User-Agent': 'python-requests/2.32.3', 'Accept-Encoding': 'gzip, deflate', 'Accept': '*/*', 'Connection': 'keep-alive'} 
 body=None 
 </msg>
<msg time="2024-06-16T08:17:15.713932" level="INFO">GET Response : url=https://randomuser.me/api 
 status=200, reason=OK 
 headers={'Date': 'Sun, 16 Jun 2024 08:17:15 GMT', 'Content-Type': 'application/json; charset=utf-8', 'Transfer-Encoding': 'chunked', 'Connection': 'keep-alive', 'X-Powered-By': 'Express', 'Access-Control-Allow-Origin': '*', 'Cache-Control': 'no-cache', 'ETag': 'W/"4a1-xEO+wW8odYdGfBnUCOkoFUhoawM"', 'Vary': 'Accept-Encoding', 'Content-Encoding': 'gzip', 'CF-Cache-Status': 'DYNAMIC', 'Report-To': '{"endpoints":[{"url":"https:\\/\\/a.nel.cloudflare.com\\/report\\/v4?s=RS93LvlF3N26v0ECOAprlxeTzoWngHVn6zJvPO3zKI3N9mqY%2FKBEJG7dNiU%2FPN7aAqJ5fKIRKKWlJdYrwbfx7JxWXx3%2FbNs2SbyopfbU1Mc0nFuZaY2Zq3een8%2BMI7Ev"}],"group":"cf-nel","max_age":604800}', 'NEL': '{"success_fraction":0,"report_to":"cf-nel","max_age":604800}', 'Server': 'cloudflare', 'CF-RAY': '89495cc8bafc67a5-SJC', 'alt-svc': 'h3=":443"; ma=86400'} 
 body={"results":[{"gender":"male","name":{"title":"Mr","first":"César","last":"Gutiérrez"},"location":{"street":{"number":228,"name":"Corredor Sur Arevalo"},"city":"Ruben Jaramillo","state":"Guerrero","country":"Mexico","postcode":35599,"coordinates":{"latitude":"28.9992","longitude":"-167.3405"},"timezone":{"offset":"+2:00","description":"Kaliningrad, South Africa"}},"email":"cesar.gutierrez@example.com","login":{"uuid":"26808a64-e4f8-4f67-9afc-153aba68b3b6","username":"yellowpeacock177","password":"patrick","salt":"3s7H8xEK","md5":"9c07ce78e50d3d1233744e0696c7998a","sha1":"97270dbbf68d22a7951cadcddd1ba6466088de5b","sha256":"c63c40324a771f5c37e5a421833694b5b4082cb7554a89cd617de94060fa5cce"},"dob":{"date":"1965-11-21T06:10:47.479Z","age":58},"registered":{"date":"2006-09-21T03:48:39.742Z","age":17},"phone":"(676) 457 2739","cell":"(695) 994 9696","id":{"name":"NSS","value":"85 31 13 7059 3"},"picture":{"large":"https://randomuser.me/api/portraits/men/63.jpg","medium":"https://randomuser.me/api/portraits/med/men/63.jpg","thumbnail":"https://randomuser.me/api/portraits/thumb/men/63.jpg"},"nat":"MX"}],"info":{"seed":"571c3322398c0d3a","results":1,"page":1,"version":"1.4"}} 
 </msg>
<msg time="2024-06-16T08:17:15.714003" level="INFO">/opt/hostedtoolcache/Python/3.12.3/x64/lib/python3.12/site-packages/urllib3/connectionpool.py:1103: InsecureRequestWarning: Unverified HTTPS request is being made to host 'randomuser.me'. Adding certificate verification is strongly advised. See: https://urllib3.readthedocs.io/en/latest/advanced-usage.html#tls-warnings
  warnings.warn(</msg>
<msg time="2024-06-16T08:17:15.714106" level="INFO">${response} = &lt;Response [200]&gt;</msg>
<var>${response}</var>
<arg>consultarAPI</arg>
<arg>/api</arg>
<doc>Sends a GET request on a previously created HTTP Session.</doc>
<status status="PASS" start="2024-06-16T08:17:15.628740" elapsed="0.085405"/>
</kw>
<kw name="Set Variable" owner="BuiltIn">
<msg time="2024-06-16T08:17:15.715029" level="INFO">${json_data} = {'results': [{'gender': 'male', 'name': {'title': 'Mr', 'first': 'César', 'last': 'Gutiérrez'}, 'location': {'street': {'number': 228, 'name': 'Corredor Sur Arevalo'}, 'city': 'Ruben Jaramillo', 'stat...</msg>
<var>${json_data}</var>
<arg>${response.json()}</arg>
<doc>Returns the given values which can then be assigned to a variables.</doc>
<status status="PASS" start="2024-06-16T08:17:15.714577" elapsed="0.000481"/>
</kw>
<kw name="Log" owner="BuiltIn">
<msg time="2024-06-16T08:17:15.715516" level="INFO">{'results': [{'gender': 'male', 'name': {'title': 'Mr', 'first': 'César', 'last': 'Gutiérrez'}, 'location': {'street': {'number': 228, 'name': 'Corredor Sur Arevalo'}, 'city': 'Ruben Jaramillo', 'state': 'Guerrero', 'country': 'Mexico', 'postcode': 35599, 'coordinates': {'latitude': '28.9992', 'longitude': '-167.3405'}, 'timezone': {'offset': '+2:00', 'description': 'Kaliningrad, South Africa'}}, 'email': 'cesar.gutierrez@example.com', 'login': {'uuid': '26808a64-e4f8-4f67-9afc-153aba68b3b6', 'username': 'yellowpeacock177', 'password': 'patrick', 'salt': '3s7H8xEK', 'md5': '9c07ce78e50d3d1233744e0696c7998a', 'sha1': '97270dbbf68d22a7951cadcddd1ba6466088de5b', 'sha256': 'c63c40324a771f5c37e5a421833694b5b4082cb7554a89cd617de94060fa5cce'}, 'dob': {'date': '1965-11-21T06:10:47.479Z', 'age': 58}, 'registered': {'date': '2006-09-21T03:48:39.742Z', 'age': 17}, 'phone': '(676) 457 2739', 'cell': '(695) 994 9696', 'id': {'name': 'NSS', 'value': '85 31 13 7059 3'}, 'picture': {'large': 'https://randomuser.me/api/portraits/men/63.jpg', 'medium': 'https://randomuser.me/api/portraits/med/men/63.jpg', 'thumbnail': 'https://randomuser.me/api/portraits/thumb/men/63.jpg'}, 'nat': 'MX'}], 'info': {'seed': '571c3322398c0d3a', 'results': 1, 'page': 1, 'version': '1.4'}}</msg>
<arg>${json_data}</arg>
<doc>Logs the given message with the given level.</doc>
<status status="PASS" start="2024-06-16T08:17:15.715363" elapsed="0.000212"/>
</kw>
<kw name="Should Be String" owner="String">
<arg>${json_data['results'][0]['gender']}</arg>
<doc>Fails if the given ``item`` is not a string.</doc>
<status status="PASS" start="2024-06-16T08:17:15.715863" elapsed="0.000354"/>
</kw>
<kw name="Should Match Regexp" owner="BuiltIn">
<arg>${json_data['results'][0]['email']}</arg>
<arg>^[a-zA-Z0-9._%+-]+@[a-zA-Z0-9.-]+\.[a-zA-Z]{2,}$</arg>
<doc>Fails if ``string`` does not match ``pattern`` as a regular expression.</doc>
<status status="PASS" start="2024-06-16T08:17:15.716404" elapsed="0.000612"/>
</kw>
<kw name="Should Match Regexp" owner="BuiltIn">
<arg>${json_data['results'][0]['dob']['date']}</arg>
<arg>\\d{4}-\\d{2}-\\d{2}T\\d{2}:\\d{2}:\\d{2}\\.\\d{3}Z</arg>
<doc>Fails if ``string`` does not match ``pattern`` as a regular expression.</doc>
<status status="PASS" start="2024-06-16T08:17:15.717216" elapsed="0.000490"/>
</kw>
<kw name="Should Match Regexp" owner="BuiltIn">
<arg>${json_data['results'][0]['registered']['date']}</arg>
<arg>\\d{4}-\\d{2}-\\d{2}T\\d{2}:\\d{2}:\\d{2}\\.\\d{3}Z</arg>
<doc>Fails if ``string`` does not match ``pattern`` as a regular expression.</doc>
<status status="PASS" start="2024-06-16T08:17:15.717898" elapsed="0.000364"/>
</kw>
<kw name="Should Match Regexp" owner="BuiltIn">
<arg>${json_data['results'][0]['picture']['large']}</arg>
<arg>^https?://.*\.(?:png|jpe?g|gif|bmp)$</arg>
<doc>Fails if ``string`` does not match ``pattern`` as a regular expression.</doc>
<status status="PASS" start="2024-06-16T08:17:15.718445" elapsed="0.000464"/>
</kw>
<kw name="Should Match Regexp" owner="BuiltIn">
<arg>${json_data['results'][0]['picture']['medium']}</arg>
<arg>^https?://.*\.(?:png|jpe?g|gif|bmp)$</arg>
<doc>Fails if ``string`` does not match ``pattern`` as a regular expression.</doc>
<status status="PASS" start="2024-06-16T08:17:15.719099" elapsed="0.000353"/>
</kw>
<kw name="Should Match Regexp" owner="BuiltIn">
<arg>${json_data['results'][0]['picture']['thumbnail']}</arg>
<arg>^https?://.*\.(?:png|jpe?g|gif|bmp)$</arg>
<doc>Fails if ``string`` does not match ``pattern`` as a regular expression.</doc>
<status status="PASS" start="2024-06-16T08:17:15.719639" elapsed="0.000345"/>
</kw>
<kw name="Log" owner="BuiltIn">
<msg time="2024-06-16T08:17:15.720489" level="INFO">{'large': 'https://randomuser.me/api/portraits/men/63.jpg', 'medium': 'https://randomuser.me/api/portraits/med/men/63.jpg', 'thumbnail': 'https://randomuser.me/api/portraits/thumb/men/63.jpg'}</msg>
<arg>${json_data['results'][0]['picture']}</arg>
<doc>Logs the given message with the given level.</doc>
<status status="PASS" start="2024-06-16T08:17:15.720161" elapsed="0.000369"/>
</kw>
<status status="PASS" start="2024-06-16T08:17:15.628486" elapsed="0.092328"/>
</kw>
<kw name="Teste de Tipos de Dados - Postcode" owner="random-user-service">
<kw name="GET On Session" owner="RequestsLibrary">
<msg time="2024-06-16T08:17:15.814175" level="INFO">GET Request : url=https://randomuser.me/api 
 path_url=/api 
 headers={'User-Agent': 'python-requests/2.32.3', 'Accept-Encoding': 'gzip, deflate', 'Accept': '*/*', 'Connection': 'keep-alive'} 
 body=None 
 </msg>
<msg time="2024-06-16T08:17:15.814273" level="INFO">GET Response : url=https://randomuser.me/api 
 status=200, reason=OK 
 headers={'Date': 'Sun, 16 Jun 2024 08:17:15 GMT', 'Content-Type': 'application/json; charset=utf-8', 'Transfer-Encoding': 'chunked', 'Connection': 'keep-alive', 'X-Powered-By': 'Express', 'Access-Control-Allow-Origin': '*', 'Cache-Control': 'no-cache', 'ETag': 'W/"49d-yMILyO+7iSKfPOddMK+tjdlxJjk"', 'Vary': 'Accept-Encoding', 'Content-Encoding': 'gzip', 'CF-Cache-Status': 'DYNAMIC', 'Report-To': '{"endpoints":[{"url":"https:\\/\\/a.nel.cloudflare.com\\/report\\/v4?s=FlTR33i8TXXAjHTcZ5LXoskg7k%2BWT6HubwJs4FX7z0aj%2BSAgFU6AyZmcz2RL42%2B9oKfm7nelAHJozKnBFibHpk82t9PJrIbxcrjtW3cb%2F2voUVd%2BlDm4ZSCrtq7qF65g"}],"group":"cf-nel","max_age":604800}', 'NEL': '{"success_fraction":0,"report_to":"cf-nel","max_age":604800}', 'Server': 'cloudflare', 'CF-RAY': '89495cc94b5b67a5-SJC', 'alt-svc': 'h3=":443"; ma=86400'} 
 body={"results":[{"gender":"male","name":{"title":"Mr","first":"Leslie","last":"Gibson"},"location":{"street":{"number":5271,"name":"Shady Ln Dr"},"city":"Daly City","state":"California","country":"United States","postcode":88685,"coordinates":{"latitude":"85.7155","longitude":"-175.7853"},"timezone":{"offset":"-6:00","description":"Central Time (US &amp; Canada), Mexico City"}},"email":"leslie.gibson@example.com","login":{"uuid":"9438b31d-00e2-404e-b766-42b11116f873","username":"happygorilla337","password":"julius","salt":"aa4jas4R","md5":"2208a4cd74a8fb35f0193cd2ffdc0d81","sha1":"9ef4f462194914d48d2f20ec960e5babefd86ba3","sha256":"5729dbf198b7579c4e5302e10590083844a5a4000898590f64fb061acd99c952"},"dob":{"date":"1954-04-22T16:50:43.408Z","age":70},"registered":{"date":"2016-03-30T22:38:40.433Z","age":8},"phone":"(201) 595-4288","cell":"(753) 431-0026","id":{"name":"SSN","value":"427-91-9907"},"picture":{"large":"https://randomuser.me/api/portraits/men/12.jpg","medium":"https://randomuser.me/api/portraits/med/men/12.jpg","thumbnail":"https://randomuser.me/api/portraits/thumb/men/12.jpg"},"nat":"US"}],"info":{"seed":"3e1c8e656c956195","results":1,"page":1,"version":"1.4"}} 
 </msg>
<msg time="2024-06-16T08:17:15.814366" level="INFO">/opt/hostedtoolcache/Python/3.12.3/x64/lib/python3.12/site-packages/urllib3/connectionpool.py:1103: InsecureRequestWarning: Unverified HTTPS request is being made to host 'randomuser.me'. Adding certificate verification is strongly advised. See: https://urllib3.readthedocs.io/en/latest/advanced-usage.html#tls-warnings
  warnings.warn(</msg>
<msg time="2024-06-16T08:17:15.814510" level="INFO">${response} = &lt;Response [200]&gt;</msg>
<var>${response}</var>
<arg>consultarAPI</arg>
<arg>/api</arg>
<doc>Sends a GET request on a previously created HTTP Session.</doc>
<status status="PASS" start="2024-06-16T08:17:15.721247" elapsed="0.093305"/>
</kw>
<kw name="Set Variable" owner="BuiltIn">
<msg time="2024-06-16T08:17:15.815783" level="INFO">${json_data} = {'results': [{'gender': 'male', 'name': {'title': 'Mr', 'first': 'Leslie', 'last': 'Gibson'}, 'location': {'street': {'number': 5271, 'name': 'Shady Ln Dr'}, 'city': 'Daly City', 'state': 'California'...</msg>
<var>${json_data}</var>
<arg>${response.json()}</arg>
<doc>Returns the given values which can then be assigned to a variables.</doc>
<status status="PASS" start="2024-06-16T08:17:15.815161" elapsed="0.000651"/>
</kw>
<kw name="Log" owner="BuiltIn">
<msg time="2024-06-16T08:17:15.816311" level="INFO">{'results': [{'gender': 'male', 'name': {'title': 'Mr', 'first': 'Leslie', 'last': 'Gibson'}, 'location': {'street': {'number': 5271, 'name': 'Shady Ln Dr'}, 'city': 'Daly City', 'state': 'California', 'country': 'United States', 'postcode': 88685, 'coordinates': {'latitude': '85.7155', 'longitude': '-175.7853'}, 'timezone': {'offset': '-6:00', 'description': 'Central Time (US &amp; Canada), Mexico City'}}, 'email': 'leslie.gibson@example.com', 'login': {'uuid': '9438b31d-00e2-404e-b766-42b11116f873', 'username': 'happygorilla337', 'password': 'julius', 'salt': 'aa4jas4R', 'md5': '2208a4cd74a8fb35f0193cd2ffdc0d81', 'sha1': '9ef4f462194914d48d2f20ec960e5babefd86ba3', 'sha256': '5729dbf198b7579c4e5302e10590083844a5a4000898590f64fb061acd99c952'}, 'dob': {'date': '1954-04-22T16:50:43.408Z', 'age': 70}, 'registered': {'date': '2016-03-30T22:38:40.433Z', 'age': 8}, 'phone': '(201) 595-4288', 'cell': '(753) 431-0026', 'id': {'name': 'SSN', 'value': '427-91-9907'}, 'picture': {'large': 'https://randomuser.me/api/portraits/men/12.jpg', 'medium': 'https://randomuser.me/api/portraits/med/men/12.jpg', 'thumbnail': 'https://randomuser.me/api/portraits/thumb/men/12.jpg'}, 'nat': 'US'}], 'info': {'seed': '3e1c8e656c956195', 'results': 1, 'page': 1, 'version': '1.4'}}</msg>
<arg>${json_data}</arg>
<doc>Logs the given message with the given level.</doc>
<status status="PASS" start="2024-06-16T08:17:15.816138" elapsed="0.000224"/>
</kw>
<kw name="Should Be Equal As Numbers" owner="BuiltIn">
<arg>${json_data['results'][0]['location']['postcode']}</arg>
<arg>${json_data['results'][0]['location']['postcode']}</arg>
<doc>Fails if objects are unequal after converting them to real numbers.</doc>
<status status="PASS" start="2024-06-16T08:17:15.816707" elapsed="0.000650"/>
</kw>
<kw name="Log" owner="BuiltIn">
<msg time="2024-06-16T08:17:15.817884" level="INFO">88685</msg>
<arg>${json_data['results'][0]['location']['postcode']}</arg>
<doc>Logs the given message with the given level.</doc>
<status status="PASS" start="2024-06-16T08:17:15.817552" elapsed="0.000409"/>
</kw>
<status status="PASS" start="2024-06-16T08:17:15.721024" elapsed="0.097196"/>
</kw>
<doc>Testa se os tipos de dados na resposta da API estão corretos.</doc>
<tag>testeTiposDados</tag>
<status status="PASS" start="2024-06-16T08:17:15.628064" elapsed="0.190327"/>
</test>
<test id="s1-s1-t5" name="Validar conteudo" line="35">
<kw name="Teste de Tipos de Conteudo" owner="random-user-service">
<kw name="GET On Session" owner="RequestsLibrary">
<msg time="2024-06-16T08:17:15.913987" level="INFO">GET Request : url=https://randomuser.me/api 
 path_url=/api 
 headers={'User-Agent': 'python-requests/2.32.3', 'Accept-Encoding': 'gzip, deflate', 'Accept': '*/*', 'Connection': 'keep-alive'} 
 body=None 
 </msg>
<msg time="2024-06-16T08:17:15.914089" level="INFO">GET Response : url=https://randomuser.me/api 
 status=200, reason=OK 
 headers={'Date': 'Sun, 16 Jun 2024 08:17:15 GMT', 'Content-Type': 'application/json; charset=utf-8', 'Transfer-Encoding': 'chunked', 'Connection': 'keep-alive', 'X-Powered-By': 'Express', 'Access-Control-Allow-Origin': '*', 'Cache-Control': 'no-cache', 'ETag': 'W/"486-12hC4gGvRdRh4KZ9Q9NwMYfxhD4"', 'Vary': 'Accept-Encoding', 'Content-Encoding': 'gzip', 'CF-Cache-Status': 'DYNAMIC', 'Report-To': '{"endpoints":[{"url":"https:\\/\\/a.nel.cloudflare.com\\/report\\/v4?s=iv0PllK0K65ypDI8P0B83S2PV0e%2FQnDBXswELc%2Fmi42vsscfGDrmtgUvEyzvEn30fAv6tzXuSvqCB7olVcMLUDvraWgOBClpUfxYQcD35FI6LznDig2xlU1bgUZqcKiW"}],"group":"cf-nel","max_age":604800}', 'NEL': '{"success_fraction":0,"report_to":"cf-nel","max_age":604800}', 'Server': 'cloudflare', 'CF-RAY': '89495cc9ebc267a5-SJC', 'alt-svc': 'h3=":443"; ma=86400'} 
 body={"results":[{"gender":"male","name":{"title":"Mr","first":"Tarcísio","last":"Porto"},"location":{"street":{"number":3038,"name":"Rua Treze "},"city":"Sobral","state":"Rio Grande do Norte","country":"Brazil","postcode":13413,"coordinates":{"latitude":"-73.7892","longitude":"-145.3596"},"timezone":{"offset":"+9:30","description":"Adelaide, Darwin"}},"email":"tarcisio.porto@example.com","login":{"uuid":"ece4ddb0-aeaa-41e7-bc30-91a3e4c8d310","username":"bluebird638","password":"rover","salt":"Q4OPh3B8","md5":"95ef354c9f13d75b52c541946475d500","sha1":"5f36403a067409ff799fab3d518fe00a5aa5ad55","sha256":"592759e495bb936283e15b7e52e1321da452bc1738339831ee292d865f28fe31"},"dob":{"date":"1951-03-26T03:17:51.270Z","age":73},"registered":{"date":"2015-02-18T03:58:56.586Z","age":9},"phone":"(92) 8582-1034","cell":"(20) 1307-2520","id":{"name":"CPF","value":"663.406.322-10"},"picture":{"large":"https://randomuser.me/api/portraits/men/19.jpg","medium":"https://randomuser.me/api/portraits/med/men/19.jpg","thumbnail":"https://randomuser.me/api/portraits/thumb/men/19.jpg"},"nat":"BR"}],"info":{"seed":"66ca95ef8f455915","results":1,"page":1,"version":"1.4"}} 
 </msg>
<msg time="2024-06-16T08:17:15.914166" level="INFO">/opt/hostedtoolcache/Python/3.12.3/x64/lib/python3.12/site-packages/urllib3/connectionpool.py:1103: InsecureRequestWarning: Unverified HTTPS request is being made to host 'randomuser.me'. Adding certificate verification is strongly advised. See: https://urllib3.readthedocs.io/en/latest/advanced-usage.html#tls-warnings
  warnings.warn(</msg>
<msg time="2024-06-16T08:17:15.914300" level="INFO">${response} = &lt;Response [200]&gt;</msg>
<var>${response}</var>
<arg>consultarAPI</arg>
<arg>/api</arg>
<doc>Sends a GET request on a previously created HTTP Session.</doc>
<status status="PASS" start="2024-06-16T08:17:15.821667" elapsed="0.092673"/>
</kw>
<kw name="Set Variable" owner="BuiltIn">
<msg time="2024-06-16T08:17:15.915365" level="INFO">${json_data} = {'results': [{'gender': 'male', 'name': {'title': 'Mr', 'first': 'Tarcísio', 'last': 'Porto'}, 'location': {'street': {'number': 3038, 'name': 'Rua Treze '}, 'city': 'Sobral', 'state': 'Rio Grande do ...</msg>
<var>${json_data}</var>
<arg>${response.json()}</arg>
<doc>Returns the given values which can then be assigned to a variables.</doc>
<status status="PASS" start="2024-06-16T08:17:15.914841" elapsed="0.000556"/>
</kw>
<kw name="Set Variable" owner="BuiltIn">
<msg time="2024-06-16T08:17:15.916101" level="INFO">${name_title} = Mr</msg>
<var>${name_title}</var>
<arg>${json_data["results"][0]["name"]["title"]}</arg>
<doc>Returns the given values which can then be assigned to a variables.</doc>
<status status="PASS" start="2024-06-16T08:17:15.915709" elapsed="0.000418"/>
</kw>
<kw name="Create List" owner="BuiltIn">
<msg time="2024-06-16T08:17:15.916582" level="INFO">${allowed_titles} = ['Mr', 'Ms', 'Miss', 'Mrs', 'Madame', 'Monsieur']</msg>
<var>${allowed_titles}</var>
<arg>Mr</arg>
<arg>Ms</arg>
<arg>Miss</arg>
<arg>Mrs</arg>
<arg>Madame</arg>
<arg>Monsieur</arg>
<doc>Returns a list containing given items.</doc>
<status status="PASS" start="2024-06-16T08:17:15.916431" elapsed="0.000175"/>
</kw>
<kw name="List Should Contain Value" owner="Collections">
<arg>${allowed_titles}</arg>
<arg>${name_title}</arg>
<doc>Fails if the ``value`` is not found from ``list``.</doc>
<status status="PASS" start="2024-06-16T08:17:15.916961" elapsed="0.000182"/>
</kw>
<kw name="Set Variable" owner="BuiltIn">
<msg time="2024-06-16T08:17:15.917698" level="INFO">${name_country} = BR</msg>
<var>${name_country}</var>
<arg>${json_data["results"][0]["nat"]}</arg>
<doc>Returns the given values which can then be assigned to a variables.</doc>
<status status="PASS" start="2024-06-16T08:17:15.917323" elapsed="0.000400"/>
</kw>
<kw name="Create List" owner="BuiltIn">
<msg time="2024-06-16T08:17:15.918616" level="INFO">${list_country} = ['AD', 'AE', 'AF', 'AG', 'AI', 'AL', 'AM', 'AO', 'AQ', 'AR', 'AS', 'AT', 'AU', 'AW', 'AX', 'AZ', 'BA', 'BB', 'BD', 'BE', 'BF', 'BG', 'BH', 'BI', 'BJ', 'BL', 'BM', 'BN', 'BO', 'BQ', 'BR', 'BS', 'BT', '...</msg>
<var>${list_country}</var>
<arg>AD</arg>
<arg>AE</arg>
<arg>AF</arg>
<arg>AG</arg>
<arg>AI</arg>
<arg>AL</arg>
<arg>AM</arg>
<arg>AO</arg>
<arg>AQ</arg>
<arg>AR</arg>
<arg>AS</arg>
<arg>AT</arg>
<arg>AU</arg>
<arg>AW</arg>
<arg>AX</arg>
<arg>AZ</arg>
<arg>BA</arg>
<arg>BB</arg>
<arg>BD</arg>
<arg>BE</arg>
<arg>BF</arg>
<arg>BG</arg>
<arg>BH</arg>
<arg>BI</arg>
<arg>BJ</arg>
<arg>BL</arg>
<arg>BM</arg>
<arg>BN</arg>
<arg>BO</arg>
<arg>BQ</arg>
<arg>BR</arg>
<arg>BS</arg>
<arg>BT</arg>
<arg>BV</arg>
<arg>BW</arg>
<arg>BY</arg>
<arg>BZ</arg>
<arg>CA</arg>
<arg>CC</arg>
<arg>CD</arg>
<arg>CF</arg>
<arg>CG</arg>
<arg>CH</arg>
<arg>CI</arg>
<arg>CK</arg>
<arg>CL</arg>
<arg>CM</arg>
<arg>CN</arg>
<arg>CO</arg>
<arg>CR</arg>
<arg>CU</arg>
<arg>CV</arg>
<arg>CW</arg>
<arg>CX</arg>
<arg>CY</arg>
<arg>CZ</arg>
<arg>DE</arg>
<arg>DJ</arg>
<arg>DK</arg>
<arg>DM</arg>
<arg>DO</arg>
<arg>DZ</arg>
<arg>EC</arg>
<arg>EE</arg>
<arg>EG</arg>
<arg>EH</arg>
<arg>ER</arg>
<arg>ES</arg>
<arg>ET</arg>
<arg>FI</arg>
<arg>FJ</arg>
<arg>FK</arg>
<arg>FM</arg>
<arg>FO</arg>
<arg>FR</arg>
<arg>GA</arg>
<arg>GB</arg>
<arg>GD</arg>
<arg>GE</arg>
<arg>GF</arg>
<arg>GG</arg>
<arg>GH</arg>
<arg>GI</arg>
<arg>GL</arg>
<arg>GM</arg>
<arg>GN</arg>
<arg>GP</arg>
<arg>GQ</arg>
<arg>GR</arg>
<arg>GS</arg>
<arg>GT</arg>
<arg>GU</arg>
<arg>GW</arg>
<arg>GY</arg>
<arg>HK</arg>
<arg>HM</arg>
<arg>HN</arg>
<arg>HR</arg>
<arg>HT</arg>
<arg>HU</arg>
<arg>ID</arg>
<arg>IE</arg>
<arg>IL</arg>
<arg>IM</arg>
<arg>IN</arg>
<arg>IO</arg>
<arg>IQ</arg>
<arg>IR</arg>
<arg>IS</arg>
<arg>IT</arg>
<arg>JE</arg>
<arg>JM</arg>
<arg>JO</arg>
<arg>JP</arg>
<arg>KE</arg>
<arg>KG</arg>
<arg>KH</arg>
<arg>KI</arg>
<arg>KM</arg>
<arg>KN</arg>
<arg>KP</arg>
<arg>KR</arg>
<arg>KW</arg>
<arg>KY</arg>
<arg>KZ</arg>
<arg>LA</arg>
<arg>LB</arg>
<arg>LC</arg>
<arg>LI</arg>
<arg>LK</arg>
<arg>LR</arg>
<arg>LS</arg>
<arg>LT</arg>
<arg>LU</arg>
<arg>LV</arg>
<arg>LY</arg>
<arg>MA</arg>
<arg>MC</arg>
<arg>MD</arg>
<arg>ME</arg>
<arg>MF</arg>
<arg>MG</arg>
<arg>MH</arg>
<arg>MK</arg>
<arg>ML</arg>
<arg>MM</arg>
<arg>MN</arg>
<arg>MO</arg>
<arg>MP</arg>
<arg>MQ</arg>
<arg>MR</arg>
<arg>MS</arg>
<arg>MT</arg>
<arg>MU</arg>
<arg>MV</arg>
<arg>MW</arg>
<arg>MX</arg>
<arg>MY</arg>
<arg>MZ</arg>
<arg>NA</arg>
<arg>NC</arg>
<arg>NE</arg>
<arg>NF</arg>
<arg>NG</arg>
<arg>NI</arg>
<arg>NL</arg>
<arg>NO</arg>
<arg>NP</arg>
<arg>NR</arg>
<arg>NU</arg>
<arg>NZ</arg>
<arg>OM</arg>
<arg>PA</arg>
<arg>PE</arg>
<arg>PF</arg>
<arg>PG</arg>
<arg>PH</arg>
<arg>PK</arg>
<arg>PL</arg>
<arg>PM</arg>
<arg>PN</arg>
<arg>PR</arg>
<arg>PS</arg>
<arg>PT</arg>
<arg>PW</arg>
<arg>PY</arg>
<arg>QA</arg>
<arg>RE</arg>
<arg>RO</arg>
<arg>RS</arg>
<arg>RU</arg>
<arg>RW</arg>
<arg>SA</arg>
<arg>SB</arg>
<arg>SC</arg>
<arg>SD</arg>
<arg>SE</arg>
<arg>SG</arg>
<arg>SH</arg>
<arg>SI</arg>
<arg>SJ</arg>
<arg>SK</arg>
<arg>SL</arg>
<arg>SM</arg>
<arg>SN</arg>
<arg>SO</arg>
<arg>SR</arg>
<arg>SS</arg>
<arg>ST</arg>
<arg>SV</arg>
<arg>SX</arg>
<arg>SY</arg>
<arg>SZ</arg>
<arg>TC</arg>
<arg>TD</arg>
<arg>TF</arg>
<arg>TG</arg>
<arg>TH</arg>
<arg>TJ</arg>
<arg>TK</arg>
<arg>TL</arg>
<arg>TM</arg>
<arg>TN</arg>
<arg>TO</arg>
<arg>TR</arg>
<arg>TT</arg>
<arg>TV</arg>
<arg>TW</arg>
<arg>TZ</arg>
<arg>UA</arg>
<arg>UG</arg>
<arg>UM</arg>
<arg>US</arg>
<arg>UY</arg>
<arg>UZ</arg>
<arg>VA</arg>
<arg>VC</arg>
<arg>VE</arg>
<arg>VG</arg>
<arg>VI</arg>
<arg>VN</arg>
<arg>VU</arg>
<arg>WF</arg>
<arg>WS</arg>
<arg>XK</arg>
<arg>YE</arg>
<arg>YT</arg>
<arg>ZA</arg>
<arg>ZM</arg>
<arg>ZW</arg>
<doc>Returns a list containing given items.</doc>
<status status="PASS" start="2024-06-16T08:17:15.918021" elapsed="0.000620"/>
</kw>
<kw name="List Should Contain Value" owner="Collections">
<arg>${list_country}</arg>
<arg>${name_country}</arg>
<doc>Fails if the ``value`` is not found from ``list``.</doc>
<status status="PASS" start="2024-06-16T08:17:15.919439" elapsed="0.000204"/>
</kw>
<kw name="Run Keyword If" owner="BuiltIn">
<kw name="Should Be True" owner="BuiltIn">
<arg>${True}</arg>
<doc>Fails if the given condition is not true.</doc>
<status status="PASS" start="2024-06-16T08:17:15.920762" elapsed="0.000146"/>
</kw>
<arg>${json_data["results"][0]["location"]["coordinates"]["latitude"]} &gt;= -90 and ${json_data["results"][0]["location"]["coordinates"]["latitude"]} &lt;= 90</arg>
<arg>Should Be True</arg>
<arg>${True}</arg>
<doc>Runs the given keyword with the given arguments, if ``condition`` is true.</doc>
<status status="PASS" start="2024-06-16T08:17:15.919841" elapsed="0.001196"/>
</kw>
<kw name="Run Keyword If" owner="BuiltIn">
<kw name="Should Be True" owner="BuiltIn">
<arg>${True}</arg>
<doc>Fails if the given condition is not true.</doc>
<status status="PASS" start="2024-06-16T08:17:15.921913" elapsed="0.000137"/>
</kw>
<arg>${json_data["results"][0]["location"]["coordinates"]["longitude"]} &gt;= -180 and ${json_data["results"][0]["location"]["coordinates"]["longitude"]} &lt;= 180</arg>
<arg>Should Be True</arg>
<arg>${True}</arg>
<doc>Runs the given keyword with the given arguments, if ``condition`` is true.</doc>
<status status="PASS" start="2024-06-16T08:17:15.921222" elapsed="0.000952"/>
</kw>
<status status="PASS" start="2024-06-16T08:17:15.821299" elapsed="0.101007"/>
</kw>
<doc>Testa o conteúdo específico dos campos retornados pela API.</doc>
<tag>testeConteudo</tag>
<status status="PASS" start="2024-06-16T08:17:15.820568" elapsed="0.101893"/>
</test>
<status status="PASS" start="2024-06-16T08:17:14.905649" elapsed="1.018789"/>
</suite>
<status status="PASS" start="2024-06-16T08:17:14.885712" elapsed="1.043841"/>
</suite>
<statistics>
<total>
<stat pass="5" fail="0" skip="0">All Tests</stat>
</total>
<tag>
<stat pass="1" fail="0" skip="0">testeConteudo</stat>
<stat pass="1" fail="0" skip="0">testeEstruturaResposta</stat>
<stat pass="1" fail="0" skip="0">testeRequisicaoBasica</stat>
<stat pass="1" fail="0" skip="0">testeTiposDados</stat>
</tag>
<suite>
<stat pass="5" fail="0" skip="0" id="s1" name="Tests">Tests</stat>
<stat pass="5" fail="0" skip="0" id="s1-s1" name="Random-User-Test">Tests.Random-User-Test</stat>
</suite>
</statistics>
<errors>
</errors>
</robot>
