<?xml version="1.0" encoding="UTF-8"?>
<robot generator="Robot 7.0.1 (Python 3.12.4 on linux)" generated="2024-08-03T16:19:45.425767" rpa="false" schemaversion="5">
<suite id="s1" name="Tests" source="/home/runner/work/ApiRandomUser/ApiRandomUser/RamdonUser/tests">
<suite id="s1-s1" name="Random-User-Test" source="/home/runner/work/ApiRandomUser/ApiRandomUser/RamdonUser/tests/random-user-test.robot">
<test id="s1-s1-t1" name="Conectar" line="13">
<kw name="Conectar API" owner="random-user-service">
<kw name="Create Session" owner="RequestsLibrary">
<msg time="2024-08-03T16:19:45.827456" level="INFO">Creating Session using : alias=consultarAPI, url=https://randomuser.me/, headers={},                     cookies={}, auth=None, timeout=None, proxies=None, verify=False,                     debug=0 </msg>
<arg>consultarAPI</arg>
<arg>${URL}</arg>
<doc>Create Session: create a HTTP session to a server</doc>
<status status="PASS" start="2024-08-03T16:19:45.827247" elapsed="0.000409"/>
</kw>
<status status="PASS" start="2024-08-03T16:19:45.826171" elapsed="0.001858"/>
</kw>
<status status="PASS" start="2024-08-03T16:19:45.825467" elapsed="0.002759"/>
</test>
<test id="s1-s1-t2" name="Validar retorno 200 e JSON Válido" line="16">
<kw name="Teste de Requisicao Basica" owner="random-user-service">
<kw name="GET On Session" owner="RequestsLibrary">
<msg time="2024-08-03T16:19:45.912199" level="INFO">GET Request : url=https://randomuser.me/api 
 path_url=/api 
 headers={'User-Agent': 'python-requests/2.32.3', 'Accept-Encoding': 'gzip, deflate', 'Accept': '*/*', 'Connection': 'keep-alive'} 
 body=None 
 </msg>
<msg time="2024-08-03T16:19:45.912361" level="INFO">GET Response : url=https://randomuser.me/api 
 status=200, reason=OK 
 headers={'Date': 'Sat, 03 Aug 2024 16:19:45 GMT', 'Content-Type': 'application/json; charset=utf-8', 'Transfer-Encoding': 'chunked', 'Connection': 'keep-alive', 'X-Powered-By': 'Express', 'Access-Control-Allow-Origin': '*', 'Cache-Control': 'no-cache', 'ETag': 'W/"496-ceBYafYG7Q/jsUl+OFKUWHZUgsQ"', 'Vary': 'Accept-Encoding', 'Content-Encoding': 'gzip', 'CF-Cache-Status': 'DYNAMIC', 'Report-To': '{"endpoints":[{"url":"https:\\/\\/a.nel.cloudflare.com\\/report\\/v4?s=nRCIW4kKaars6SbsSlDzMTprqopMR5wDGYLWoARXrgpq5UaC33z%2FTKCri9hYkODYyFJh3tVAdKkM712K%2BLpsA%2BsLygPGAxNP%2F2Q4gUO%2BM34z2r72PcOXcjtNlYv9p1xB"}],"group":"cf-nel","max_age":604800}', 'NEL': '{"success_fraction":0,"report_to":"cf-nel","max_age":604800}', 'Server': 'cloudflare', 'CF-RAY': '8ad7a193ac922896-IAD', 'alt-svc': 'h3=":443"; ma=86400'} 
 body={"results":[{"gender":"male","name":{"title":"Mr","first":"كيان","last":"سهيلي راد"},"location":{"street":{"number":3114,"name":"شهید استاد حسن بنا"},"city":"نیشابور","state":"فارس","country":"Iran","postcode":64249,"coordinates":{"latitude":"19.0065","longitude":"-66.4452"},"timezone":{"offset":"+6:00","description":"Almaty, Dhaka, Colombo"}},"email":"kyn.shylyrd@example.com","login":{"uuid":"a5c46c89-6e22-483d-a879-4cbfbcc25c41","username":"lazymeercat374","password":"kenny1","salt":"x5kjHp35","md5":"52c5538b5005c6156d2e58b772152a2f","sha1":"f7f7f87b15a222a6a8acff4428de373d4a5aaa4f","sha256":"c1089ef177edcfa597700a4f6e3d42606599737ded06d0d16799e29ecf12068d"},"dob":{"date":"1988-12-03T22:59:21.954Z","age":35},"registered":{"date":"2017-02-03T05:18:10.070Z","age":7},"phone":"068-71372032","cell":"0909-594-4176","id":{"name":"","value":null},"picture":{"large":"https://randomuser.me/api/portraits/men/97.jpg","medium":"https://randomuser.me/api/portraits/med/men/97.jpg","thumbnail":"https://randomuser.me/api/portraits/thumb/men/97.jpg"},"nat":"IR"}],"info":{"seed":"7558f6f98fb971c8","results":1,"page":1,"version":"1.4"}} 
 </msg>
<msg time="2024-08-03T16:19:45.912447" level="INFO">/opt/hostedtoolcache/Python/3.12.4/x64/lib/python3.12/site-packages/urllib3/connectionpool.py:1099: InsecureRequestWarning: Unverified HTTPS request is being made to host 'randomuser.me'. Adding certificate verification is strongly advised. See: https://urllib3.readthedocs.io/en/latest/advanced-usage.html#tls-warnings
  warnings.warn(</msg>
<msg time="2024-08-03T16:19:45.912602" level="INFO">${response} = &lt;Response [200]&gt;</msg>
<var>${response}</var>
<arg>consultarAPI</arg>
<arg>/api</arg>
<doc>Sends a GET request on a previously created HTTP Session.</doc>
<status status="PASS" start="2024-08-03T16:19:45.830970" elapsed="0.081673"/>
</kw>
<kw name="Should Be Equal As Numbers" owner="BuiltIn">
<msg time="2024-08-03T16:19:45.913864" level="INFO">Argument types are:
&lt;class 'int'&gt;
&lt;class 'str'&gt;</msg>
<arg>${response.status_code}</arg>
<arg>200</arg>
<doc>Fails if objects are unequal after converting them to real numbers.</doc>
<status status="PASS" start="2024-08-03T16:19:45.913325" elapsed="0.000607"/>
</kw>
<kw name="Log" owner="BuiltIn">
<msg time="2024-08-03T16:19:45.914601" level="INFO">200</msg>
<arg>${response.status_code}</arg>
<doc>Logs the given message with the given level.</doc>
<status status="PASS" start="2024-08-03T16:19:45.914256" elapsed="0.000387"/>
</kw>
<kw name="Set Variable" owner="BuiltIn">
<msg time="2024-08-03T16:19:45.915397" level="INFO">${json_data} = {'results': [{'gender': 'male', 'name': {'title': 'Mr', 'first': 'كيان', 'last': 'سهيلي راد'}, 'location': {'street': {'number': 3114, 'name': 'شهید استاد حسن بنا'}, 'city': 'نیشابور', 'state': 'فارس'...</msg>
<var>${json_data}</var>
<arg>${response.json()}</arg>
<doc>Returns the given values which can then be assigned to a variables.</doc>
<status status="PASS" start="2024-08-03T16:19:45.914946" elapsed="0.000481"/>
</kw>
<kw name="Dictionary Should Contain Key" owner="Collections">
<arg>${json_data}</arg>
<arg>results</arg>
<doc>Fails if ``key`` is not found from ``dictionary``.</doc>
<status status="PASS" start="2024-08-03T16:19:45.915728" elapsed="0.000328"/>
</kw>
<status status="PASS" start="2024-08-03T16:19:45.830715" elapsed="0.085496"/>
</kw>
<doc>Testa se a API responde corretamente e retorna um objeto JSON válido.</doc>
<tag>testeRequisicaoBasica</tag>
<status status="PASS" start="2024-08-03T16:19:45.830114" elapsed="0.086271"/>
</test>
<test id="s1-s1-t3" name="Validar estrutura de resposta" line="22">
<kw name="Teste de Estrutura de Resposta" owner="random-user-service">
<kw name="GET On Session" owner="RequestsLibrary">
<msg time="2024-08-03T16:19:46.004786" level="INFO">GET Request : url=https://randomuser.me/api 
 path_url=/api 
 headers={'User-Agent': 'python-requests/2.32.3', 'Accept-Encoding': 'gzip, deflate', 'Accept': '*/*', 'Connection': 'keep-alive'} 
 body=None 
 </msg>
<msg time="2024-08-03T16:19:46.004906" level="INFO">GET Response : url=https://randomuser.me/api 
 status=200, reason=OK 
 headers={'Date': 'Sat, 03 Aug 2024 16:19:46 GMT', 'Content-Type': 'application/json; charset=utf-8', 'Transfer-Encoding': 'chunked', 'Connection': 'keep-alive', 'X-Powered-By': 'Express', 'Access-Control-Allow-Origin': '*', 'Cache-Control': 'no-cache', 'ETag': 'W/"496-SnyENuEHxs3M+3//r+7YtfYAUp4"', 'Vary': 'Accept-Encoding', 'Content-Encoding': 'gzip', 'CF-Cache-Status': 'DYNAMIC', 'Report-To': '{"endpoints":[{"url":"https:\\/\\/a.nel.cloudflare.com\\/report\\/v4?s=r7yBxb1GKThhgulDqQIoZ24YMPNzN%2FqGQ68UgYE14xKqrH36PFImATJWVJ0QB8FZf3WzmnkfhqRE7OezYuHHnpaWNKVEUHd0O5FaPU%2BCe2ZS4OfsZBO%2B%2BYtp9AdLrOPy"}],"group":"cf-nel","max_age":604800}', 'NEL': '{"success_fraction":0,"report_to":"cf-nel","max_age":604800}', 'Server': 'cloudflare', 'CF-RAY': '8ad7a1940cf92896-IAD', 'alt-svc': 'h3=":443"; ma=86400'} 
 body={"results":[{"gender":"female","name":{"title":"Miss","first":"Lize","last":"Ceylan"},"location":{"street":{"number":3012,"name":"Avondroodstraat"},"city":"Bergschenhoek","state":"Overijssel","country":"Netherlands","postcode":"5699 DN","coordinates":{"latitude":"37.1996","longitude":"99.4074"},"timezone":{"offset":"+7:00","description":"Bangkok, Hanoi, Jakarta"}},"email":"lize.ceylan@example.com","login":{"uuid":"810d411b-8a00-4122-9e35-54d464469bf0","username":"greenfrog355","password":"caroline","salt":"Paddki14","md5":"8af321fd9ac59d0043e455c8824ba2d3","sha1":"df4c7fa8d74e7b3f2f91a2182bbaef432bae1e1d","sha256":"44a03aad47177146e1e61154548aec59f9e172444628af7530df2f205783df72"},"dob":{"date":"1993-06-19T02:15:30.537Z","age":31},"registered":{"date":"2007-08-30T18:44:58.508Z","age":16},"phone":"(022) 4569084","cell":"(06) 26149651","id":{"name":"BSN","value":"22557841"},"picture":{"large":"https://randomuser.me/api/portraits/women/38.jpg","medium":"https://randomuser.me/api/portraits/med/women/38.jpg","thumbnail":"https://randomuser.me/api/portraits/thumb/women/38.jpg"},"nat":"NL"}],"info":{"seed":"0da8cb8d9ecd92d8","results":1,"page":1,"version":"1.4"}} 
 </msg>
<msg time="2024-08-03T16:19:46.005063" level="INFO">/opt/hostedtoolcache/Python/3.12.4/x64/lib/python3.12/site-packages/urllib3/connectionpool.py:1099: InsecureRequestWarning: Unverified HTTPS request is being made to host 'randomuser.me'. Adding certificate verification is strongly advised. See: https://urllib3.readthedocs.io/en/latest/advanced-usage.html#tls-warnings
  warnings.warn(</msg>
<msg time="2024-08-03T16:19:46.005207" level="INFO">${response} = &lt;Response [200]&gt;</msg>
<var>${response}</var>
<arg>consultarAPI</arg>
<arg>/api</arg>
<doc>Sends a GET request on a previously created HTTP Session.</doc>
<status status="PASS" start="2024-08-03T16:19:45.919101" elapsed="0.086147"/>
</kw>
<kw name="Set Variable" owner="BuiltIn">
<msg time="2024-08-03T16:19:46.006451" level="INFO">${json_data} = {'results': [{'gender': 'female', 'name': {'title': 'Miss', 'first': 'Lize', 'last': 'Ceylan'}, 'location': {'street': {'number': 3012, 'name': 'Avondroodstraat'}, 'city': 'Bergschenhoek', 'state': 'O...</msg>
<var>${json_data}</var>
<arg>${response.json()}</arg>
<doc>Returns the given values which can then be assigned to a variables.</doc>
<status status="PASS" start="2024-08-03T16:19:46.005890" elapsed="0.000590"/>
</kw>
<kw name="Log" owner="BuiltIn">
<msg time="2024-08-03T16:19:46.006957" level="INFO">{'results': [{'gender': 'female', 'name': {'title': 'Miss', 'first': 'Lize', 'last': 'Ceylan'}, 'location': {'street': {'number': 3012, 'name': 'Avondroodstraat'}, 'city': 'Bergschenhoek', 'state': 'Overijssel', 'country': 'Netherlands', 'postcode': '5699 DN', 'coordinates': {'latitude': '37.1996', 'longitude': '99.4074'}, 'timezone': {'offset': '+7:00', 'description': 'Bangkok, Hanoi, Jakarta'}}, 'email': 'lize.ceylan@example.com', 'login': {'uuid': '810d411b-8a00-4122-9e35-54d464469bf0', 'username': 'greenfrog355', 'password': 'caroline', 'salt': 'Paddki14', 'md5': '8af321fd9ac59d0043e455c8824ba2d3', 'sha1': 'df4c7fa8d74e7b3f2f91a2182bbaef432bae1e1d', 'sha256': '44a03aad47177146e1e61154548aec59f9e172444628af7530df2f205783df72'}, 'dob': {'date': '1993-06-19T02:15:30.537Z', 'age': 31}, 'registered': {'date': '2007-08-30T18:44:58.508Z', 'age': 16}, 'phone': '(022) 4569084', 'cell': '(06) 26149651', 'id': {'name': 'BSN', 'value': '22557841'}, 'picture': {'large': 'https://randomuser.me/api/portraits/women/38.jpg', 'medium': 'https://randomuser.me/api/portraits/med/women/38.jpg', 'thumbnail': 'https://randomuser.me/api/portraits/thumb/women/38.jpg'}, 'nat': 'NL'}], 'info': {'seed': '0da8cb8d9ecd92d8', 'results': 1, 'page': 1, 'version': '1.4'}}</msg>
<arg>${json_data}</arg>
<doc>Logs the given message with the given level.</doc>
<status status="PASS" start="2024-08-03T16:19:46.006796" elapsed="0.000208"/>
</kw>
<kw name="Dictionary Should Contain Key" owner="Collections">
<arg>${json_data}</arg>
<arg>results</arg>
<doc>Fails if ``key`` is not found from ``dictionary``.</doc>
<status status="PASS" start="2024-08-03T16:19:46.007304" elapsed="0.000164"/>
</kw>
<kw name="Should Not Be Empty" owner="BuiltIn">
<msg time="2024-08-03T16:19:46.007777" level="INFO">Length is 2.</msg>
<arg>${json_data}</arg>
<doc>Verifies that the given item is not empty.</doc>
<status status="PASS" start="2024-08-03T16:19:46.007652" elapsed="0.000164"/>
</kw>
<kw name="Create List" owner="BuiltIn">
<msg time="2024-08-03T16:19:46.008247" level="INFO">${expected_keys} = ['gender', 'name', 'location', 'email', 'login']</msg>
<var>${expected_keys}</var>
<arg>gender</arg>
<arg>name</arg>
<arg>location</arg>
<arg>email</arg>
<arg>login</arg>
<doc>Returns a list containing given items.</doc>
<status status="PASS" start="2024-08-03T16:19:46.008101" elapsed="0.000170"/>
</kw>
<for flavor="IN">
<iter>
<kw name="Dictionary Should Contain Key" owner="Collections">
<arg>${json_data['results'][0]}</arg>
<arg>${key}</arg>
<doc>Fails if ``key`` is not found from ``dictionary``.</doc>
<status status="PASS" start="2024-08-03T16:19:46.008861" elapsed="0.000406"/>
</kw>
<kw name="Log" owner="BuiltIn">
<msg time="2024-08-03T16:19:46.009861" level="INFO">{'gender': 'female', 'name': {'title': 'Miss', 'first': 'Lize', 'last': 'Ceylan'}, 'location': {'street': {'number': 3012, 'name': 'Avondroodstraat'}, 'city': 'Bergschenhoek', 'state': 'Overijssel', 'country': 'Netherlands', 'postcode': '5699 DN', 'coordinates': {'latitude': '37.1996', 'longitude': '99.4074'}, 'timezone': {'offset': '+7:00', 'description': 'Bangkok, Hanoi, Jakarta'}}, 'email': 'lize.ceylan@example.com', 'login': {'uuid': '810d411b-8a00-4122-9e35-54d464469bf0', 'username': 'greenfrog355', 'password': 'caroline', 'salt': 'Paddki14', 'md5': '8af321fd9ac59d0043e455c8824ba2d3', 'sha1': 'df4c7fa8d74e7b3f2f91a2182bbaef432bae1e1d', 'sha256': '44a03aad47177146e1e61154548aec59f9e172444628af7530df2f205783df72'}, 'dob': {'date': '1993-06-19T02:15:30.537Z', 'age': 31}, 'registered': {'date': '2007-08-30T18:44:58.508Z', 'age': 16}, 'phone': '(022) 4569084', 'cell': '(06) 26149651', 'id': {'name': 'BSN', 'value': '22557841'}, 'picture': {'large': 'https://randomuser.me/api/portraits/women/38.jpg', 'medium': 'https://randomuser.me/api/portraits/med/women/38.jpg', 'thumbnail': 'https://randomuser.me/api/portraits/thumb/women/38.jpg'}, 'nat': 'NL'}</msg>
<arg>${json_data['results'][0]}</arg>
<doc>Logs the given message with the given level.</doc>
<status status="PASS" start="2024-08-03T16:19:46.009462" elapsed="0.000459"/>
</kw>
<kw name="Log" owner="BuiltIn">
<msg time="2024-08-03T16:19:46.010353" level="INFO">gender</msg>
<arg>${key}</arg>
<doc>Logs the given message with the given level.</doc>
<status status="PASS" start="2024-08-03T16:19:46.010224" elapsed="0.000168"/>
</kw>
<var name="${key}">gender</var>
<status status="PASS" start="2024-08-03T16:19:46.008729" elapsed="0.001879"/>
</iter>
<iter>
<kw name="Dictionary Should Contain Key" owner="Collections">
<arg>${json_data['results'][0]}</arg>
<arg>${key}</arg>
<doc>Fails if ``key`` is not found from ``dictionary``.</doc>
<status status="PASS" start="2024-08-03T16:19:46.010904" elapsed="0.000397"/>
</kw>
<kw name="Log" owner="BuiltIn">
<msg time="2024-08-03T16:19:46.011828" level="INFO">{'gender': 'female', 'name': {'title': 'Miss', 'first': 'Lize', 'last': 'Ceylan'}, 'location': {'street': {'number': 3012, 'name': 'Avondroodstraat'}, 'city': 'Bergschenhoek', 'state': 'Overijssel', 'country': 'Netherlands', 'postcode': '5699 DN', 'coordinates': {'latitude': '37.1996', 'longitude': '99.4074'}, 'timezone': {'offset': '+7:00', 'description': 'Bangkok, Hanoi, Jakarta'}}, 'email': 'lize.ceylan@example.com', 'login': {'uuid': '810d411b-8a00-4122-9e35-54d464469bf0', 'username': 'greenfrog355', 'password': 'caroline', 'salt': 'Paddki14', 'md5': '8af321fd9ac59d0043e455c8824ba2d3', 'sha1': 'df4c7fa8d74e7b3f2f91a2182bbaef432bae1e1d', 'sha256': '44a03aad47177146e1e61154548aec59f9e172444628af7530df2f205783df72'}, 'dob': {'date': '1993-06-19T02:15:30.537Z', 'age': 31}, 'registered': {'date': '2007-08-30T18:44:58.508Z', 'age': 16}, 'phone': '(022) 4569084', 'cell': '(06) 26149651', 'id': {'name': 'BSN', 'value': '22557841'}, 'picture': {'large': 'https://randomuser.me/api/portraits/women/38.jpg', 'medium': 'https://randomuser.me/api/portraits/med/women/38.jpg', 'thumbnail': 'https://randomuser.me/api/portraits/thumb/women/38.jpg'}, 'nat': 'NL'}</msg>
<arg>${json_data['results'][0]}</arg>
<doc>Logs the given message with the given level.</doc>
<status status="PASS" start="2024-08-03T16:19:46.011483" elapsed="0.000426"/>
</kw>
<kw name="Log" owner="BuiltIn">
<msg time="2024-08-03T16:19:46.012334" level="INFO">name</msg>
<arg>${key}</arg>
<doc>Logs the given message with the given level.</doc>
<status status="PASS" start="2024-08-03T16:19:46.012205" elapsed="0.000167"/>
</kw>
<var name="${key}">name</var>
<status status="PASS" start="2024-08-03T16:19:46.010793" elapsed="0.001794"/>
</iter>
<iter>
<kw name="Dictionary Should Contain Key" owner="Collections">
<arg>${json_data['results'][0]}</arg>
<arg>${key}</arg>
<doc>Fails if ``key`` is not found from ``dictionary``.</doc>
<status status="PASS" start="2024-08-03T16:19:46.012869" elapsed="0.000385"/>
</kw>
<kw name="Log" owner="BuiltIn">
<msg time="2024-08-03T16:19:46.013820" level="INFO">{'gender': 'female', 'name': {'title': 'Miss', 'first': 'Lize', 'last': 'Ceylan'}, 'location': {'street': {'number': 3012, 'name': 'Avondroodstraat'}, 'city': 'Bergschenhoek', 'state': 'Overijssel', 'country': 'Netherlands', 'postcode': '5699 DN', 'coordinates': {'latitude': '37.1996', 'longitude': '99.4074'}, 'timezone': {'offset': '+7:00', 'description': 'Bangkok, Hanoi, Jakarta'}}, 'email': 'lize.ceylan@example.com', 'login': {'uuid': '810d411b-8a00-4122-9e35-54d464469bf0', 'username': 'greenfrog355', 'password': 'caroline', 'salt': 'Paddki14', 'md5': '8af321fd9ac59d0043e455c8824ba2d3', 'sha1': 'df4c7fa8d74e7b3f2f91a2182bbaef432bae1e1d', 'sha256': '44a03aad47177146e1e61154548aec59f9e172444628af7530df2f205783df72'}, 'dob': {'date': '1993-06-19T02:15:30.537Z', 'age': 31}, 'registered': {'date': '2007-08-30T18:44:58.508Z', 'age': 16}, 'phone': '(022) 4569084', 'cell': '(06) 26149651', 'id': {'name': 'BSN', 'value': '22557841'}, 'picture': {'large': 'https://randomuser.me/api/portraits/women/38.jpg', 'medium': 'https://randomuser.me/api/portraits/med/women/38.jpg', 'thumbnail': 'https://randomuser.me/api/portraits/thumb/women/38.jpg'}, 'nat': 'NL'}</msg>
<arg>${json_data['results'][0]}</arg>
<doc>Logs the given message with the given level.</doc>
<status status="PASS" start="2024-08-03T16:19:46.013438" elapsed="0.000429"/>
</kw>
<kw name="Log" owner="BuiltIn">
<msg time="2024-08-03T16:19:46.014297" level="INFO">location</msg>
<arg>${key}</arg>
<doc>Logs the given message with the given level.</doc>
<status status="PASS" start="2024-08-03T16:19:46.014168" elapsed="0.000167"/>
</kw>
<var name="${key}">location</var>
<status status="PASS" start="2024-08-03T16:19:46.012762" elapsed="0.001797"/>
</iter>
<iter>
<kw name="Dictionary Should Contain Key" owner="Collections">
<arg>${json_data['results'][0]}</arg>
<arg>${key}</arg>
<doc>Fails if ``key`` is not found from ``dictionary``.</doc>
<status status="PASS" start="2024-08-03T16:19:46.014852" elapsed="0.000392"/>
</kw>
<kw name="Log" owner="BuiltIn">
<msg time="2024-08-03T16:19:46.015901" level="INFO">{'gender': 'female', 'name': {'title': 'Miss', 'first': 'Lize', 'last': 'Ceylan'}, 'location': {'street': {'number': 3012, 'name': 'Avondroodstraat'}, 'city': 'Bergschenhoek', 'state': 'Overijssel', 'country': 'Netherlands', 'postcode': '5699 DN', 'coordinates': {'latitude': '37.1996', 'longitude': '99.4074'}, 'timezone': {'offset': '+7:00', 'description': 'Bangkok, Hanoi, Jakarta'}}, 'email': 'lize.ceylan@example.com', 'login': {'uuid': '810d411b-8a00-4122-9e35-54d464469bf0', 'username': 'greenfrog355', 'password': 'caroline', 'salt': 'Paddki14', 'md5': '8af321fd9ac59d0043e455c8824ba2d3', 'sha1': 'df4c7fa8d74e7b3f2f91a2182bbaef432bae1e1d', 'sha256': '44a03aad47177146e1e61154548aec59f9e172444628af7530df2f205783df72'}, 'dob': {'date': '1993-06-19T02:15:30.537Z', 'age': 31}, 'registered': {'date': '2007-08-30T18:44:58.508Z', 'age': 16}, 'phone': '(022) 4569084', 'cell': '(06) 26149651', 'id': {'name': 'BSN', 'value': '22557841'}, 'picture': {'large': 'https://randomuser.me/api/portraits/women/38.jpg', 'medium': 'https://randomuser.me/api/portraits/med/women/38.jpg', 'thumbnail': 'https://randomuser.me/api/portraits/thumb/women/38.jpg'}, 'nat': 'NL'}</msg>
<arg>${json_data['results'][0]}</arg>
<doc>Logs the given message with the given level.</doc>
<status status="PASS" start="2024-08-03T16:19:46.015551" elapsed="0.000399"/>
</kw>
<kw name="Log" owner="BuiltIn">
<msg time="2024-08-03T16:19:46.016376" level="INFO">email</msg>
<arg>${key}</arg>
<doc>Logs the given message with the given level.</doc>
<status status="PASS" start="2024-08-03T16:19:46.016246" elapsed="0.000168"/>
</kw>
<var name="${key}">email</var>
<status status="PASS" start="2024-08-03T16:19:46.014734" elapsed="0.001895"/>
</iter>
<iter>
<kw name="Dictionary Should Contain Key" owner="Collections">
<arg>${json_data['results'][0]}</arg>
<arg>${key}</arg>
<doc>Fails if ``key`` is not found from ``dictionary``.</doc>
<status status="PASS" start="2024-08-03T16:19:46.016911" elapsed="0.000377"/>
</kw>
<kw name="Log" owner="BuiltIn">
<msg time="2024-08-03T16:19:46.017859" level="INFO">{'gender': 'female', 'name': {'title': 'Miss', 'first': 'Lize', 'last': 'Ceylan'}, 'location': {'street': {'number': 3012, 'name': 'Avondroodstraat'}, 'city': 'Bergschenhoek', 'state': 'Overijssel', 'country': 'Netherlands', 'postcode': '5699 DN', 'coordinates': {'latitude': '37.1996', 'longitude': '99.4074'}, 'timezone': {'offset': '+7:00', 'description': 'Bangkok, Hanoi, Jakarta'}}, 'email': 'lize.ceylan@example.com', 'login': {'uuid': '810d411b-8a00-4122-9e35-54d464469bf0', 'username': 'greenfrog355', 'password': 'caroline', 'salt': 'Paddki14', 'md5': '8af321fd9ac59d0043e455c8824ba2d3', 'sha1': 'df4c7fa8d74e7b3f2f91a2182bbaef432bae1e1d', 'sha256': '44a03aad47177146e1e61154548aec59f9e172444628af7530df2f205783df72'}, 'dob': {'date': '1993-06-19T02:15:30.537Z', 'age': 31}, 'registered': {'date': '2007-08-30T18:44:58.508Z', 'age': 16}, 'phone': '(022) 4569084', 'cell': '(06) 26149651', 'id': {'name': 'BSN', 'value': '22557841'}, 'picture': {'large': 'https://randomuser.me/api/portraits/women/38.jpg', 'medium': 'https://randomuser.me/api/portraits/med/women/38.jpg', 'thumbnail': 'https://randomuser.me/api/portraits/thumb/women/38.jpg'}, 'nat': 'NL'}</msg>
<arg>${json_data['results'][0]}</arg>
<doc>Logs the given message with the given level.</doc>
<status status="PASS" start="2024-08-03T16:19:46.017467" elapsed="0.000440"/>
</kw>
<kw name="Log" owner="BuiltIn">
<msg time="2024-08-03T16:19:46.018335" level="INFO">login</msg>
<arg>${key}</arg>
<doc>Logs the given message with the given level.</doc>
<status status="PASS" start="2024-08-03T16:19:46.018206" elapsed="0.000167"/>
</kw>
<var name="${key}">login</var>
<status status="PASS" start="2024-08-03T16:19:46.016804" elapsed="0.001785"/>
</iter>
<var>${key}</var>
<value>@{expected_keys}</value>
<status status="PASS" start="2024-08-03T16:19:46.008531" elapsed="0.010181"/>
</for>
<kw name="Create List" owner="BuiltIn">
<msg time="2024-08-03T16:19:46.019044" level="INFO">${expected_keysTwo} = ['username', 'password']</msg>
<var>${expected_keysTwo}</var>
<arg>username</arg>
<arg>password</arg>
<doc>Returns a list containing given items.</doc>
<status status="PASS" start="2024-08-03T16:19:46.018906" elapsed="0.000188"/>
</kw>
<for flavor="IN">
<iter>
<kw name="Dictionary Should Contain Key" owner="Collections">
<arg>${json_data['results'][0]['login']}</arg>
<arg>${keyTwo}</arg>
<doc>Fails if ``key`` is not found from ``dictionary``.</doc>
<status status="PASS" start="2024-08-03T16:19:46.019605" elapsed="0.000379"/>
</kw>
<kw name="Dictionary Should Contain Key" owner="Collections">
<arg>${json_data['results'][0]['login']}</arg>
<arg>${keyTwo}</arg>
<doc>Fails if ``key`` is not found from ``dictionary``.</doc>
<status status="PASS" start="2024-08-03T16:19:46.020164" elapsed="0.000374"/>
</kw>
<kw name="Log" owner="BuiltIn">
<msg time="2024-08-03T16:19:46.020833" level="INFO">username</msg>
<arg>${keyTwo}</arg>
<doc>Logs the given message with the given level.</doc>
<status status="PASS" start="2024-08-03T16:19:46.020714" elapsed="0.000157"/>
</kw>
<var name="${keyTwo}">username</var>
<status status="PASS" start="2024-08-03T16:19:46.019499" elapsed="0.001589"/>
</iter>
<iter>
<kw name="Dictionary Should Contain Key" owner="Collections">
<arg>${json_data['results'][0]['login']}</arg>
<arg>${keyTwo}</arg>
<doc>Fails if ``key`` is not found from ``dictionary``.</doc>
<status status="PASS" start="2024-08-03T16:19:46.021364" elapsed="0.000442"/>
</kw>
<kw name="Dictionary Should Contain Key" owner="Collections">
<arg>${json_data['results'][0]['login']}</arg>
<arg>${keyTwo}</arg>
<doc>Fails if ``key`` is not found from ``dictionary``.</doc>
<status status="PASS" start="2024-08-03T16:19:46.021989" elapsed="0.000373"/>
</kw>
<kw name="Log" owner="BuiltIn">
<msg time="2024-08-03T16:19:46.022659" level="INFO">password</msg>
<arg>${keyTwo}</arg>
<doc>Logs the given message with the given level.</doc>
<status status="PASS" start="2024-08-03T16:19:46.022538" elapsed="0.000159"/>
</kw>
<var name="${keyTwo}">password</var>
<status status="PASS" start="2024-08-03T16:19:46.021260" elapsed="0.001677"/>
</iter>
<var>${keyTwo}</var>
<value>@{expected_keysTwo}</value>
<status status="PASS" start="2024-08-03T16:19:46.019343" elapsed="0.003746"/>
</for>
<status status="PASS" start="2024-08-03T16:19:45.918862" elapsed="0.104390"/>
</kw>
<doc>Testa a estrutura da resposta da API.</doc>
<tag>testeEstruturaResposta</tag>
<status status="PASS" start="2024-08-03T16:19:45.918264" elapsed="0.105151"/>
</test>
<test id="s1-s1-t4" name="Validar tipos de dados" line="28">
<kw name="Teste de Tipos de Dados" owner="random-user-service">
<kw name="GET On Session" owner="RequestsLibrary">
<msg time="2024-08-03T16:19:46.107977" level="INFO">GET Request : url=https://randomuser.me/api 
 path_url=/api 
 headers={'User-Agent': 'python-requests/2.32.3', 'Accept-Encoding': 'gzip, deflate', 'Accept': '*/*', 'Connection': 'keep-alive'} 
 body=None 
 </msg>
<msg time="2024-08-03T16:19:46.108087" level="INFO">GET Response : url=https://randomuser.me/api 
 status=200, reason=OK 
 headers={'Date': 'Sat, 03 Aug 2024 16:19:46 GMT', 'Content-Type': 'application/json; charset=utf-8', 'Transfer-Encoding': 'chunked', 'Connection': 'keep-alive', 'X-Powered-By': 'Express', 'Access-Control-Allow-Origin': '*', 'Cache-Control': 'no-cache', 'ETag': 'W/"490-3JbmAVp0OiN1XxYkhW+/aZk+dXM"', 'Vary': 'Accept-Encoding', 'Content-Encoding': 'gzip', 'CF-Cache-Status': 'DYNAMIC', 'Report-To': '{"endpoints":[{"url":"https:\\/\\/a.nel.cloudflare.com\\/report\\/v4?s=AfgbQGM1keBQsWdL6Y5Tk2MfuSB7D5gUEZnAIzod78HiGatMfi339oe1dYt4E9d6ceTEv0%2FTbs5ZrlqtLLuQJ4BiynCnQxCcbrbHSAFkeXi%2BaHtLefAh5YGQq5S9aJiH"}],"group":"cf-nel","max_age":604800}', 'NEL': '{"success_fraction":0,"report_to":"cf-nel","max_age":604800}', 'Server': 'cloudflare', 'CF-RAY': '8ad7a194bdc22896-IAD', 'alt-svc': 'h3=":443"; ma=86400'} 
 body={"results":[{"gender":"female","name":{"title":"Miss","first":"Nejla","last":"Hansma"},"location":{"street":{"number":5694,"name":"Dokter Schoustrastrjitte"},"city":"'t Buurtje","state":"Groningen","country":"Netherlands","postcode":"3295 HI","coordinates":{"latitude":"31.9792","longitude":"61.1840"},"timezone":{"offset":"+3:30","description":"Tehran"}},"email":"nejla.hansma@example.com","login":{"uuid":"b4099606-3a33-420d-8eec-1a14de1db128","username":"silverbutterfly710","password":"tongue","salt":"Nmoia3V7","md5":"f9f05e77b1a821bc79202a9b71de2097","sha1":"aa5196a77da5df667e40a21fdf5d9edc38bd43bf","sha256":"298fe49a3a6f17efadb992c15b155e012b74e895fe67140ce7c8bd7bc7d1a307"},"dob":{"date":"1949-12-21T00:52:12.698Z","age":74},"registered":{"date":"2007-09-16T03:08:10.606Z","age":16},"phone":"(0884) 046399","cell":"(06) 53182297","id":{"name":"BSN","value":"90925706"},"picture":{"large":"https://randomuser.me/api/portraits/women/84.jpg","medium":"https://randomuser.me/api/portraits/med/women/84.jpg","thumbnail":"https://randomuser.me/api/portraits/thumb/women/84.jpg"},"nat":"NL"}],"info":{"seed":"c8e68c6214212068","results":1,"page":1,"version":"1.4"}} 
 </msg>
<msg time="2024-08-03T16:19:46.108168" level="INFO">/opt/hostedtoolcache/Python/3.12.4/x64/lib/python3.12/site-packages/urllib3/connectionpool.py:1099: InsecureRequestWarning: Unverified HTTPS request is being made to host 'randomuser.me'. Adding certificate verification is strongly advised. See: https://urllib3.readthedocs.io/en/latest/advanced-usage.html#tls-warnings
  warnings.warn(</msg>
<msg time="2024-08-03T16:19:46.108305" level="INFO">${response} = &lt;Response [200]&gt;</msg>
<var>${response}</var>
<arg>consultarAPI</arg>
<arg>/api</arg>
<doc>Sends a GET request on a previously created HTTP Session.</doc>
<status status="PASS" start="2024-08-03T16:19:46.025988" elapsed="0.082357"/>
</kw>
<kw name="Set Variable" owner="BuiltIn">
<msg time="2024-08-03T16:19:46.109542" level="INFO">${json_data} = {'results': [{'gender': 'female', 'name': {'title': 'Miss', 'first': 'Nejla', 'last': 'Hansma'}, 'location': {'street': {'number': 5694, 'name': 'Dokter Schoustrastrjitte'}, 'city': "'t Buurtje", 'sta...</msg>
<var>${json_data}</var>
<arg>${response.json()}</arg>
<doc>Returns the given values which can then be assigned to a variables.</doc>
<status status="PASS" start="2024-08-03T16:19:46.108981" elapsed="0.000590"/>
</kw>
<kw name="Log" owner="BuiltIn">
<msg time="2024-08-03T16:19:46.110082" level="INFO">{'results': [{'gender': 'female', 'name': {'title': 'Miss', 'first': 'Nejla', 'last': 'Hansma'}, 'location': {'street': {'number': 5694, 'name': 'Dokter Schoustrastrjitte'}, 'city': "'t Buurtje", 'state': 'Groningen', 'country': 'Netherlands', 'postcode': '3295 HI', 'coordinates': {'latitude': '31.9792', 'longitude': '61.1840'}, 'timezone': {'offset': '+3:30', 'description': 'Tehran'}}, 'email': 'nejla.hansma@example.com', 'login': {'uuid': 'b4099606-3a33-420d-8eec-1a14de1db128', 'username': 'silverbutterfly710', 'password': 'tongue', 'salt': 'Nmoia3V7', 'md5': 'f9f05e77b1a821bc79202a9b71de2097', 'sha1': 'aa5196a77da5df667e40a21fdf5d9edc38bd43bf', 'sha256': '298fe49a3a6f17efadb992c15b155e012b74e895fe67140ce7c8bd7bc7d1a307'}, 'dob': {'date': '1949-12-21T00:52:12.698Z', 'age': 74}, 'registered': {'date': '2007-09-16T03:08:10.606Z', 'age': 16}, 'phone': '(0884) 046399', 'cell': '(06) 53182297', 'id': {'name': 'BSN', 'value': '90925706'}, 'picture': {'large': 'https://randomuser.me/api/portraits/women/84.jpg', 'medium': 'https://randomuser.me/api/portraits/med/women/84.jpg', 'thumbnail': 'https://randomuser.me/api/portraits/thumb/women/84.jpg'}, 'nat': 'NL'}], 'info': {'seed': 'c8e68c6214212068', 'results': 1, 'page': 1, 'version': '1.4'}}</msg>
<arg>${json_data}</arg>
<doc>Logs the given message with the given level.</doc>
<status status="PASS" start="2024-08-03T16:19:46.109927" elapsed="0.000203"/>
</kw>
<kw name="Should Be String" owner="String">
<arg>${json_data['results'][0]['gender']}</arg>
<doc>Fails if the given ``item`` is not a string.</doc>
<status status="PASS" start="2024-08-03T16:19:46.110428" elapsed="0.000359"/>
</kw>
<kw name="Should Match Regexp" owner="BuiltIn">
<arg>${json_data['results'][0]['email']}</arg>
<arg>^[a-zA-Z0-9._%+-]+@[a-zA-Z0-9.-]+\.[a-zA-Z]{2,}$</arg>
<doc>Fails if ``string`` does not match ``pattern`` as a regular expression.</doc>
<status status="PASS" start="2024-08-03T16:19:46.110984" elapsed="0.000555"/>
</kw>
<kw name="Should Match Regexp" owner="BuiltIn">
<arg>${json_data['results'][0]['dob']['date']}</arg>
<arg>\\d{4}-\\d{2}-\\d{2}T\\d{2}:\\d{2}:\\d{2}\\.\\d{3}Z</arg>
<doc>Fails if ``string`` does not match ``pattern`` as a regular expression.</doc>
<status status="PASS" start="2024-08-03T16:19:46.111738" elapsed="0.000646"/>
</kw>
<kw name="Should Match Regexp" owner="BuiltIn">
<arg>${json_data['results'][0]['registered']['date']}</arg>
<arg>\\d{4}-\\d{2}-\\d{2}T\\d{2}:\\d{2}:\\d{2}\\.\\d{3}Z</arg>
<doc>Fails if ``string`` does not match ``pattern`` as a regular expression.</doc>
<status status="PASS" start="2024-08-03T16:19:46.112576" elapsed="0.000368"/>
</kw>
<kw name="Should Match Regexp" owner="BuiltIn">
<arg>${json_data['results'][0]['picture']['large']}</arg>
<arg>^https?://.*\.(?:png|jpe?g|gif|bmp)$</arg>
<doc>Fails if ``string`` does not match ``pattern`` as a regular expression.</doc>
<status status="PASS" start="2024-08-03T16:19:46.113127" elapsed="0.000456"/>
</kw>
<kw name="Should Match Regexp" owner="BuiltIn">
<arg>${json_data['results'][0]['picture']['medium']}</arg>
<arg>^https?://.*\.(?:png|jpe?g|gif|bmp)$</arg>
<doc>Fails if ``string`` does not match ``pattern`` as a regular expression.</doc>
<status status="PASS" start="2024-08-03T16:19:46.113806" elapsed="0.000361"/>
</kw>
<kw name="Should Match Regexp" owner="BuiltIn">
<arg>${json_data['results'][0]['picture']['thumbnail']}</arg>
<arg>^https?://.*\.(?:png|jpe?g|gif|bmp)$</arg>
<doc>Fails if ``string`` does not match ``pattern`` as a regular expression.</doc>
<status status="PASS" start="2024-08-03T16:19:46.114352" elapsed="0.000352"/>
</kw>
<kw name="Log" owner="BuiltIn">
<msg time="2024-08-03T16:19:46.115212" level="INFO">{'large': 'https://randomuser.me/api/portraits/women/84.jpg', 'medium': 'https://randomuser.me/api/portraits/med/women/84.jpg', 'thumbnail': 'https://randomuser.me/api/portraits/thumb/women/84.jpg'}</msg>
<arg>${json_data['results'][0]['picture']}</arg>
<doc>Logs the given message with the given level.</doc>
<status status="PASS" start="2024-08-03T16:19:46.114893" elapsed="0.000362"/>
</kw>
<status status="PASS" start="2024-08-03T16:19:46.025751" elapsed="0.089780"/>
</kw>
<kw name="Teste de Tipos de Dados - Postcode" owner="random-user-service">
<kw name="GET On Session" owner="RequestsLibrary">
<msg time="2024-08-03T16:19:46.230416" level="INFO">GET Request : url=https://randomuser.me/api 
 path_url=/api 
 headers={'User-Agent': 'python-requests/2.32.3', 'Accept-Encoding': 'gzip, deflate', 'Accept': '*/*', 'Connection': 'keep-alive'} 
 body=None 
 </msg>
<msg time="2024-08-03T16:19:46.230515" level="INFO">GET Response : url=https://randomuser.me/api 
 status=200, reason=OK 
 headers={'Date': 'Sat, 03 Aug 2024 16:19:46 GMT', 'Content-Type': 'application/json; charset=utf-8', 'Transfer-Encoding': 'chunked', 'Connection': 'keep-alive', 'X-Powered-By': 'Express', 'Access-Control-Allow-Origin': '*', 'Cache-Control': 'no-cache', 'ETag': 'W/"476-U+RFVH3mmXtYmMnCp1mRtSK3iMw"', 'Vary': 'Accept-Encoding', 'Content-Encoding': 'gzip', 'CF-Cache-Status': 'DYNAMIC', 'Report-To': '{"endpoints":[{"url":"https:\\/\\/a.nel.cloudflare.com\\/report\\/v4?s=SQjCCTWTKlSqOx0ZdqaDj8Va%2FQMqX1z0U7d9m%2FPLGKP9leVYnFcBatPkBBXzKVm%2BkB0i7pYr3doivu%2BRbo8%2F1WPWnu0ZggQZLqqvaeNBZtcmpeh1LmdDPRboJYoSEa5Y"}],"group":"cf-nel","max_age":604800}', 'NEL': '{"success_fraction":0,"report_to":"cf-nel","max_age":604800}', 'Server': 'cloudflare', 'CF-RAY': '8ad7a1954e3e2896-IAD', 'alt-svc': 'h3=":443"; ma=86400'} 
 body={"results":[{"gender":"male","name":{"title":"Mr","first":"Chara","last":"Puchko"},"location":{"street":{"number":4452,"name":"Gavanna"},"city":"Dolinska","state":"Cherkaska","country":"Ukraine","postcode":15769,"coordinates":{"latitude":"77.3064","longitude":"-8.5036"},"timezone":{"offset":"-3:00","description":"Brazil, Buenos Aires, Georgetown"}},"email":"chara.puchko@example.com","login":{"uuid":"fb5734f1-5e45-4086-aa0f-05bdcf9e67a2","username":"angryzebra109","password":"nope","salt":"u6rudGy3","md5":"cfe18edb81427b46bed2f9f1a46152a5","sha1":"2a05c51ca63553de61cd3cbd4bfabc0ba0dc4c05","sha256":"b9890dec495687c2185638821ae1a4097b2104fe997625ed607a95f83a8d2237"},"dob":{"date":"1965-04-07T03:21:11.645Z","age":59},"registered":{"date":"2017-01-21T10:46:28.010Z","age":7},"phone":"(098) Z69-4461","cell":"(068) K01-0300","id":{"name":"","value":null},"picture":{"large":"https://randomuser.me/api/portraits/men/85.jpg","medium":"https://randomuser.me/api/portraits/med/men/85.jpg","thumbnail":"https://randomuser.me/api/portraits/thumb/men/85.jpg"},"nat":"UA"}],"info":{"seed":"c4d8ecd60a6e9e27","results":1,"page":1,"version":"1.4"}} 
 </msg>
<msg time="2024-08-03T16:19:46.230585" level="INFO">/opt/hostedtoolcache/Python/3.12.4/x64/lib/python3.12/site-packages/urllib3/connectionpool.py:1099: InsecureRequestWarning: Unverified HTTPS request is being made to host 'randomuser.me'. Adding certificate verification is strongly advised. See: https://urllib3.readthedocs.io/en/latest/advanced-usage.html#tls-warnings
  warnings.warn(</msg>
<msg time="2024-08-03T16:19:46.230706" level="INFO">${response} = &lt;Response [200]&gt;</msg>
<var>${response}</var>
<arg>consultarAPI</arg>
<arg>/api</arg>
<doc>Sends a GET request on a previously created HTTP Session.</doc>
<status status="PASS" start="2024-08-03T16:19:46.115990" elapsed="0.114756"/>
</kw>
<kw name="Set Variable" owner="BuiltIn">
<msg time="2024-08-03T16:19:46.231946" level="INFO">${json_data} = {'results': [{'gender': 'male', 'name': {'title': 'Mr', 'first': 'Chara', 'last': 'Puchko'}, 'location': {'street': {'number': 4452, 'name': 'Gavanna'}, 'city': 'Dolinska', 'state': 'Cherkaska', 'coun...</msg>
<var>${json_data}</var>
<arg>${response.json()}</arg>
<doc>Returns the given values which can then be assigned to a variables.</doc>
<status status="PASS" start="2024-08-03T16:19:46.231374" elapsed="0.000600"/>
</kw>
<kw name="Log" owner="BuiltIn">
<msg time="2024-08-03T16:19:46.232441" level="INFO">{'results': [{'gender': 'male', 'name': {'title': 'Mr', 'first': 'Chara', 'last': 'Puchko'}, 'location': {'street': {'number': 4452, 'name': 'Gavanna'}, 'city': 'Dolinska', 'state': 'Cherkaska', 'country': 'Ukraine', 'postcode': 15769, 'coordinates': {'latitude': '77.3064', 'longitude': '-8.5036'}, 'timezone': {'offset': '-3:00', 'description': 'Brazil, Buenos Aires, Georgetown'}}, 'email': 'chara.puchko@example.com', 'login': {'uuid': 'fb5734f1-5e45-4086-aa0f-05bdcf9e67a2', 'username': 'angryzebra109', 'password': 'nope', 'salt': 'u6rudGy3', 'md5': 'cfe18edb81427b46bed2f9f1a46152a5', 'sha1': '2a05c51ca63553de61cd3cbd4bfabc0ba0dc4c05', 'sha256': 'b9890dec495687c2185638821ae1a4097b2104fe997625ed607a95f83a8d2237'}, 'dob': {'date': '1965-04-07T03:21:11.645Z', 'age': 59}, 'registered': {'date': '2017-01-21T10:46:28.010Z', 'age': 7}, 'phone': '(098) Z69-4461', 'cell': '(068) K01-0300', 'id': {'name': '', 'value': None}, 'picture': {'large': 'https://randomuser.me/api/portraits/men/85.jpg', 'medium': 'https://randomuser.me/api/portraits/med/men/85.jpg', 'thumbnail': 'https://randomuser.me/api/portraits/thumb/men/85.jpg'}, 'nat': 'UA'}], 'info': {'seed': 'c4d8ecd60a6e9e27', 'results': 1, 'page': 1, 'version': '1.4'}}</msg>
<arg>${json_data}</arg>
<doc>Logs the given message with the given level.</doc>
<status status="PASS" start="2024-08-03T16:19:46.232285" elapsed="0.000203"/>
</kw>
<kw name="Should Be Equal As Numbers" owner="BuiltIn">
<arg>${json_data['results'][0]['location']['postcode']}</arg>
<arg>${json_data['results'][0]['location']['postcode']}</arg>
<doc>Fails if objects are unequal after converting them to real numbers.</doc>
<status status="PASS" start="2024-08-03T16:19:46.232777" elapsed="0.000617"/>
</kw>
<kw name="Log" owner="BuiltIn">
<msg time="2024-08-03T16:19:46.233963" level="INFO">15769</msg>
<arg>${json_data['results'][0]['location']['postcode']}</arg>
<doc>Logs the given message with the given level.</doc>
<status status="PASS" start="2024-08-03T16:19:46.233577" elapsed="0.000427"/>
</kw>
<status status="PASS" start="2024-08-03T16:19:46.115761" elapsed="0.118533"/>
</kw>
<doc>Testa se os tipos de dados na resposta da API estão corretos.</doc>
<tag>testeTiposDados</tag>
<status status="PASS" start="2024-08-03T16:19:46.025174" elapsed="0.209295"/>
</test>
<test id="s1-s1-t5" name="Validar conteudo" line="35">
<kw name="Teste de Tipos de Conteudo" owner="random-user-service">
<kw name="GET On Session" owner="RequestsLibrary">
<msg time="2024-08-03T16:19:46.305879" level="INFO">GET Request : url=https://randomuser.me/api 
 path_url=/api 
 headers={'User-Agent': 'python-requests/2.32.3', 'Accept-Encoding': 'gzip, deflate', 'Accept': '*/*', 'Connection': 'keep-alive'} 
 body=None 
 </msg>
<msg time="2024-08-03T16:19:46.305977" level="INFO">GET Response : url=https://randomuser.me/api 
 status=200, reason=OK 
 headers={'Date': 'Sat, 03 Aug 2024 16:19:46 GMT', 'Content-Type': 'application/json; charset=utf-8', 'Transfer-Encoding': 'chunked', 'Connection': 'keep-alive', 'X-Powered-By': 'Express', 'Access-Control-Allow-Origin': '*', 'Cache-Control': 'no-cache', 'ETag': 'W/"4aa-iv2S26iguLuGkDzqDtZzpFVW5Mg"', 'Vary': 'Accept-Encoding', 'Content-Encoding': 'gzip', 'CF-Cache-Status': 'DYNAMIC', 'Report-To': '{"endpoints":[{"url":"https:\\/\\/a.nel.cloudflare.com\\/report\\/v4?s=S7j0irdu48FNjCT41wp6E06ymJgZ4cP1a6ZS8WDaMStxJJRKJXaCJyluNxJ7fCUsOceAJvGx6ASmTsa8WfsDIjLsIPj3sMd3dchUz%2FqqrjJx1rPnmMyOApdAjP23Ixmx"}],"group":"cf-nel","max_age":604800}', 'NEL': '{"success_fraction":0,"report_to":"cf-nel","max_age":604800}', 'Server': 'cloudflare', 'CF-RAY': '8ad7a1960ef52896-IAD', 'alt-svc': 'h3=":443"; ma=86400'} 
 body={"results":[{"gender":"male","name":{"title":"Mr","first":"Patricio","last":"Téllez"},"location":{"street":{"number":747,"name":"Andador Bangladesh"},"city":"Baborigame","state":"Tamaulipas","country":"Mexico","postcode":13493,"coordinates":{"latitude":"23.7121","longitude":"-38.8608"},"timezone":{"offset":"+9:00","description":"Tokyo, Seoul, Osaka, Sapporo, Yakutsk"}},"email":"patricio.tellez@example.com","login":{"uuid":"cde101d0-9af5-4c67-a518-8f49ef694647","username":"beautifulleopard591","password":"eclipse1","salt":"IO7wXABP","md5":"142b9e0f20e603514d752176e7d145da","sha1":"f6e320880a51ecd77a6af6e63ed13e6ee75ee664","sha256":"7e1ed160678b8b96be6787a722512441a4fc28836a6d751bd6e0cd79072675df"},"dob":{"date":"2000-01-13T16:33:28.396Z","age":24},"registered":{"date":"2007-06-23T15:57:04.747Z","age":17},"phone":"(699) 362 3343","cell":"(644) 663 4996","id":{"name":"NSS","value":"12 94 05 2332 5"},"picture":{"large":"https://randomuser.me/api/portraits/men/56.jpg","medium":"https://randomuser.me/api/portraits/med/men/56.jpg","thumbnail":"https://randomuser.me/api/portraits/thumb/men/56.jpg"},"nat":"MX"}],"info":{"seed":"9d66c89b80eabab0","results":1,"page":1,"version":"1.4"}} 
 </msg>
<msg time="2024-08-03T16:19:46.306054" level="INFO">/opt/hostedtoolcache/Python/3.12.4/x64/lib/python3.12/site-packages/urllib3/connectionpool.py:1099: InsecureRequestWarning: Unverified HTTPS request is being made to host 'randomuser.me'. Adding certificate verification is strongly advised. See: https://urllib3.readthedocs.io/en/latest/advanced-usage.html#tls-warnings
  warnings.warn(</msg>
<msg time="2024-08-03T16:19:46.306175" level="INFO">${response} = &lt;Response [200]&gt;</msg>
<var>${response}</var>
<arg>consultarAPI</arg>
<arg>/api</arg>
<doc>Sends a GET request on a previously created HTTP Session.</doc>
<status status="PASS" start="2024-08-03T16:19:46.237042" elapsed="0.069172"/>
</kw>
<kw name="Set Variable" owner="BuiltIn">
<msg time="2024-08-03T16:19:46.307415" level="INFO">${json_data} = {'results': [{'gender': 'male', 'name': {'title': 'Mr', 'first': 'Patricio', 'last': 'Téllez'}, 'location': {'street': {'number': 747, 'name': 'Andador Bangladesh'}, 'city': 'Baborigame', 'state': 'Ta...</msg>
<var>${json_data}</var>
<arg>${response.json()}</arg>
<doc>Returns the given values which can then be assigned to a variables.</doc>
<status status="PASS" start="2024-08-03T16:19:46.306837" elapsed="0.000607"/>
</kw>
<kw name="Set Variable" owner="BuiltIn">
<msg time="2024-08-03T16:19:46.308132" level="INFO">${name_title} = Mr</msg>
<var>${name_title}</var>
<arg>${json_data["results"][0]["name"]["title"]}</arg>
<doc>Returns the given values which can then be assigned to a variables.</doc>
<status status="PASS" start="2024-08-03T16:19:46.307753" elapsed="0.000405"/>
</kw>
<kw name="Create List" owner="BuiltIn">
<msg time="2024-08-03T16:19:46.308603" level="INFO">${allowed_titles} = ['Mr', 'Ms', 'Miss', 'Mrs', 'Madame', 'Monsieur']</msg>
<var>${allowed_titles}</var>
<arg>Mr</arg>
<arg>Ms</arg>
<arg>Miss</arg>
<arg>Mrs</arg>
<arg>Madame</arg>
<arg>Monsieur</arg>
<doc>Returns a list containing given items.</doc>
<status status="PASS" start="2024-08-03T16:19:46.308454" elapsed="0.000173"/>
</kw>
<kw name="List Should Contain Value" owner="Collections">
<arg>${allowed_titles}</arg>
<arg>${name_title}</arg>
<doc>Fails if the ``value`` is not found from ``list``.</doc>
<status status="PASS" start="2024-08-03T16:19:46.308923" elapsed="0.000185"/>
</kw>
<kw name="Set Variable" owner="BuiltIn">
<msg time="2024-08-03T16:19:46.309692" level="INFO">${name_country} = MX</msg>
<var>${name_country}</var>
<arg>${json_data["results"][0]["nat"]}</arg>
<doc>Returns the given values which can then be assigned to a variables.</doc>
<status status="PASS" start="2024-08-03T16:19:46.309287" elapsed="0.000432"/>
</kw>
<kw name="Create List" owner="BuiltIn">
<msg time="2024-08-03T16:19:46.310613" level="INFO">${list_country} = ['AD', 'AE', 'AF', 'AG', 'AI', 'AL', 'AM', 'AO', 'AQ', 'AR', 'AS', 'AT', 'AU', 'AW', 'AX', 'AZ', 'BA', 'BB', 'BD', 'BE', 'BF', 'BG', 'BH', 'BI', 'BJ', 'BL', 'BM', 'BN', 'BO', 'BQ', 'BR', 'BS', 'BT', '...</msg>
<var>${list_country}</var>
<arg>AD</arg>
<arg>AE</arg>
<arg>AF</arg>
<arg>AG</arg>
<arg>AI</arg>
<arg>AL</arg>
<arg>AM</arg>
<arg>AO</arg>
<arg>AQ</arg>
<arg>AR</arg>
<arg>AS</arg>
<arg>AT</arg>
<arg>AU</arg>
<arg>AW</arg>
<arg>AX</arg>
<arg>AZ</arg>
<arg>BA</arg>
<arg>BB</arg>
<arg>BD</arg>
<arg>BE</arg>
<arg>BF</arg>
<arg>BG</arg>
<arg>BH</arg>
<arg>BI</arg>
<arg>BJ</arg>
<arg>BL</arg>
<arg>BM</arg>
<arg>BN</arg>
<arg>BO</arg>
<arg>BQ</arg>
<arg>BR</arg>
<arg>BS</arg>
<arg>BT</arg>
<arg>BV</arg>
<arg>BW</arg>
<arg>BY</arg>
<arg>BZ</arg>
<arg>CA</arg>
<arg>CC</arg>
<arg>CD</arg>
<arg>CF</arg>
<arg>CG</arg>
<arg>CH</arg>
<arg>CI</arg>
<arg>CK</arg>
<arg>CL</arg>
<arg>CM</arg>
<arg>CN</arg>
<arg>CO</arg>
<arg>CR</arg>
<arg>CU</arg>
<arg>CV</arg>
<arg>CW</arg>
<arg>CX</arg>
<arg>CY</arg>
<arg>CZ</arg>
<arg>DE</arg>
<arg>DJ</arg>
<arg>DK</arg>
<arg>DM</arg>
<arg>DO</arg>
<arg>DZ</arg>
<arg>EC</arg>
<arg>EE</arg>
<arg>EG</arg>
<arg>EH</arg>
<arg>ER</arg>
<arg>ES</arg>
<arg>ET</arg>
<arg>FI</arg>
<arg>FJ</arg>
<arg>FK</arg>
<arg>FM</arg>
<arg>FO</arg>
<arg>FR</arg>
<arg>GA</arg>
<arg>GB</arg>
<arg>GD</arg>
<arg>GE</arg>
<arg>GF</arg>
<arg>GG</arg>
<arg>GH</arg>
<arg>GI</arg>
<arg>GL</arg>
<arg>GM</arg>
<arg>GN</arg>
<arg>GP</arg>
<arg>GQ</arg>
<arg>GR</arg>
<arg>GS</arg>
<arg>GT</arg>
<arg>GU</arg>
<arg>GW</arg>
<arg>GY</arg>
<arg>HK</arg>
<arg>HM</arg>
<arg>HN</arg>
<arg>HR</arg>
<arg>HT</arg>
<arg>HU</arg>
<arg>ID</arg>
<arg>IE</arg>
<arg>IL</arg>
<arg>IM</arg>
<arg>IN</arg>
<arg>IO</arg>
<arg>IQ</arg>
<arg>IR</arg>
<arg>IS</arg>
<arg>IT</arg>
<arg>JE</arg>
<arg>JM</arg>
<arg>JO</arg>
<arg>JP</arg>
<arg>KE</arg>
<arg>KG</arg>
<arg>KH</arg>
<arg>KI</arg>
<arg>KM</arg>
<arg>KN</arg>
<arg>KP</arg>
<arg>KR</arg>
<arg>KW</arg>
<arg>KY</arg>
<arg>KZ</arg>
<arg>LA</arg>
<arg>LB</arg>
<arg>LC</arg>
<arg>LI</arg>
<arg>LK</arg>
<arg>LR</arg>
<arg>LS</arg>
<arg>LT</arg>
<arg>LU</arg>
<arg>LV</arg>
<arg>LY</arg>
<arg>MA</arg>
<arg>MC</arg>
<arg>MD</arg>
<arg>ME</arg>
<arg>MF</arg>
<arg>MG</arg>
<arg>MH</arg>
<arg>MK</arg>
<arg>ML</arg>
<arg>MM</arg>
<arg>MN</arg>
<arg>MO</arg>
<arg>MP</arg>
<arg>MQ</arg>
<arg>MR</arg>
<arg>MS</arg>
<arg>MT</arg>
<arg>MU</arg>
<arg>MV</arg>
<arg>MW</arg>
<arg>MX</arg>
<arg>MY</arg>
<arg>MZ</arg>
<arg>NA</arg>
<arg>NC</arg>
<arg>NE</arg>
<arg>NF</arg>
<arg>NG</arg>
<arg>NI</arg>
<arg>NL</arg>
<arg>NO</arg>
<arg>NP</arg>
<arg>NR</arg>
<arg>NU</arg>
<arg>NZ</arg>
<arg>OM</arg>
<arg>PA</arg>
<arg>PE</arg>
<arg>PF</arg>
<arg>PG</arg>
<arg>PH</arg>
<arg>PK</arg>
<arg>PL</arg>
<arg>PM</arg>
<arg>PN</arg>
<arg>PR</arg>
<arg>PS</arg>
<arg>PT</arg>
<arg>PW</arg>
<arg>PY</arg>
<arg>QA</arg>
<arg>RE</arg>
<arg>RO</arg>
<arg>RS</arg>
<arg>RU</arg>
<arg>RW</arg>
<arg>SA</arg>
<arg>SB</arg>
<arg>SC</arg>
<arg>SD</arg>
<arg>SE</arg>
<arg>SG</arg>
<arg>SH</arg>
<arg>SI</arg>
<arg>SJ</arg>
<arg>SK</arg>
<arg>SL</arg>
<arg>SM</arg>
<arg>SN</arg>
<arg>SO</arg>
<arg>SR</arg>
<arg>SS</arg>
<arg>ST</arg>
<arg>SV</arg>
<arg>SX</arg>
<arg>SY</arg>
<arg>SZ</arg>
<arg>TC</arg>
<arg>TD</arg>
<arg>TF</arg>
<arg>TG</arg>
<arg>TH</arg>
<arg>TJ</arg>
<arg>TK</arg>
<arg>TL</arg>
<arg>TM</arg>
<arg>TN</arg>
<arg>TO</arg>
<arg>TR</arg>
<arg>TT</arg>
<arg>TV</arg>
<arg>TW</arg>
<arg>TZ</arg>
<arg>UA</arg>
<arg>UG</arg>
<arg>UM</arg>
<arg>US</arg>
<arg>UY</arg>
<arg>UZ</arg>
<arg>VA</arg>
<arg>VC</arg>
<arg>VE</arg>
<arg>VG</arg>
<arg>VI</arg>
<arg>VN</arg>
<arg>VU</arg>
<arg>WF</arg>
<arg>WS</arg>
<arg>XK</arg>
<arg>YE</arg>
<arg>YT</arg>
<arg>ZA</arg>
<arg>ZM</arg>
<arg>ZW</arg>
<doc>Returns a list containing given items.</doc>
<status status="PASS" start="2024-08-03T16:19:46.310015" elapsed="0.000625"/>
</kw>
<kw name="List Should Contain Value" owner="Collections">
<arg>${list_country}</arg>
<arg>${name_country}</arg>
<doc>Fails if the ``value`` is not found from ``list``.</doc>
<status status="PASS" start="2024-08-03T16:19:46.311626" elapsed="0.000206"/>
</kw>
<kw name="Run Keyword If" owner="BuiltIn">
<kw name="Should Be True" owner="BuiltIn">
<arg>${True}</arg>
<doc>Fails if the given condition is not true.</doc>
<status status="PASS" start="2024-08-03T16:19:46.312784" elapsed="0.000142"/>
</kw>
<arg>${json_data["results"][0]["location"]["coordinates"]["latitude"]} &gt;= -90 and ${json_data["results"][0]["location"]["coordinates"]["latitude"]} &lt;= 90</arg>
<arg>Should Be True</arg>
<arg>${True}</arg>
<doc>Runs the given keyword with the given arguments, if ``condition`` is true.</doc>
<status status="PASS" start="2024-08-03T16:19:46.312027" elapsed="0.001026"/>
</kw>
<kw name="Run Keyword If" owner="BuiltIn">
<kw name="Should Be True" owner="BuiltIn">
<arg>${True}</arg>
<doc>Fails if the given condition is not true.</doc>
<status status="PASS" start="2024-08-03T16:19:46.313980" elapsed="0.000137"/>
</kw>
<arg>${json_data["results"][0]["location"]["coordinates"]["longitude"]} &gt;= -180 and ${json_data["results"][0]["location"]["coordinates"]["longitude"]} &lt;= 180</arg>
<arg>Should Be True</arg>
<arg>${True}</arg>
<doc>Runs the given keyword with the given arguments, if ``condition`` is true.</doc>
<status status="PASS" start="2024-08-03T16:19:46.313232" elapsed="0.001009"/>
</kw>
<status status="PASS" start="2024-08-03T16:19:46.236811" elapsed="0.077562"/>
</kw>
<doc>Testa o conteúdo específico dos campos retornados pela API.</doc>
<tag>testeConteudo</tag>
<status status="PASS" start="2024-08-03T16:19:46.236228" elapsed="0.078296"/>
</test>
<status status="PASS" start="2024-08-03T16:19:45.486422" elapsed="0.830075"/>
</suite>
<status status="PASS" start="2024-08-03T16:19:45.471825" elapsed="0.849822"/>
</suite>
<statistics>
<total>
<stat pass="5" fail="0" skip="0">All Tests</stat>
</total>
<tag>
<stat pass="1" fail="0" skip="0">testeConteudo</stat>
<stat pass="1" fail="0" skip="0">testeEstruturaResposta</stat>
<stat pass="1" fail="0" skip="0">testeRequisicaoBasica</stat>
<stat pass="1" fail="0" skip="0">testeTiposDados</stat>
</tag>
<suite>
<stat pass="5" fail="0" skip="0" id="s1" name="Tests">Tests</stat>
<stat pass="5" fail="0" skip="0" id="s1-s1" name="Random-User-Test">Tests.Random-User-Test</stat>
</suite>
</statistics>
<errors>
</errors>
</robot>
