<?xml version="1.0" encoding="UTF-8"?>
<robot generator="Robot 7.0.1 (Python 3.12.4 on linux)" generated="2024-07-17T03:18:12.967810" rpa="false" schemaversion="5">
<suite id="s1" name="Tests" source="/home/runner/work/ApiRandomUser/ApiRandomUser/RamdonUser/tests">
<suite id="s1-s1" name="Random-User-Test" source="/home/runner/work/ApiRandomUser/ApiRandomUser/RamdonUser/tests/random-user-test.robot">
<test id="s1-s1-t1" name="Conectar" line="13">
<kw name="Conectar API" owner="random-user-service">
<kw name="Create Session" owner="RequestsLibrary">
<msg time="2024-07-17T03:18:13.376199" level="INFO">Creating Session using : alias=consultarAPI, url=https://randomuser.me/, headers={},                     cookies={}, auth=None, timeout=None, proxies=None, verify=False,                     debug=0 </msg>
<arg>consultarAPI</arg>
<arg>${URL}</arg>
<doc>Create Session: create a HTTP session to a server</doc>
<status status="PASS" start="2024-07-17T03:18:13.375990" elapsed="0.000409"/>
</kw>
<status status="PASS" start="2024-07-17T03:18:13.374993" elapsed="0.001774"/>
</kw>
<status status="PASS" start="2024-07-17T03:18:13.374347" elapsed="0.002615"/>
</test>
<test id="s1-s1-t2" name="Validar retorno 200 e JSON Válido" line="16">
<kw name="Teste de Requisicao Basica" owner="random-user-service">
<kw name="GET On Session" owner="RequestsLibrary">
<msg time="2024-07-17T03:18:13.629391" level="INFO">GET Request : url=https://randomuser.me/api 
 path_url=/api 
 headers={'User-Agent': 'python-requests/2.32.3', 'Accept-Encoding': 'gzip, deflate', 'Accept': '*/*', 'Connection': 'keep-alive'} 
 body=None 
 </msg>
<msg time="2024-07-17T03:18:13.629565" level="INFO">GET Response : url=https://randomuser.me/api 
 status=200, reason=OK 
 headers={'Date': 'Wed, 17 Jul 2024 03:18:13 GMT', 'Content-Type': 'application/json; charset=utf-8', 'Transfer-Encoding': 'chunked', 'Connection': 'keep-alive', 'X-Powered-By': 'Express', 'Access-Control-Allow-Origin': '*', 'Cache-Control': 'no-cache', 'ETag': 'W/"49b-gTmCOYMrOKASOBqeDvEOVeHvVHE"', 'Vary': 'Accept-Encoding', 'Content-Encoding': 'gzip', 'CF-Cache-Status': 'DYNAMIC', 'Report-To': '{"endpoints":[{"url":"https:\\/\\/a.nel.cloudflare.com\\/report\\/v4?s=81Atj9m%2FYheyeHzmmfcPnPnBrugIWgAFuuBbtdFS%2BzRDRNCqLpSgYdd5nZFxG2XcoF5K7ru8VxqH3m%2FTty5Owxqtg3XS2FnnH9utmOmS%2FGFHxDMgeqYSUluU7nWAmfVw"}],"group":"cf-nel","max_age":604800}', 'NEL': '{"success_fraction":0,"report_to":"cf-nel","max_age":604800}', 'Server': 'cloudflare', 'CF-RAY': '8a47155eaf256458-SJC', 'alt-svc': 'h3=":443"; ma=86400'} 
 body={"results":[{"gender":"female","name":{"title":"Mrs","first":"Encarnación","last":"Herrera"},"location":{"street":{"number":1464,"name":"Avenida de Burgos"},"city":"Valencia","state":"Comunidad Valenciana","country":"Spain","postcode":41180,"coordinates":{"latitude":"-38.2256","longitude":"129.0456"},"timezone":{"offset":"-12:00","description":"Eniwetok, Kwajalein"}},"email":"encarnacion.herrera@example.com","login":{"uuid":"566021e9-5886-4fe7-b831-65ab59f8b427","username":"bigkoala411","password":"chuck","salt":"FFy73BDF","md5":"dc447366c5558d0836aef07f7e0e4398","sha1":"281bc032243a656a3e70312b12e250ae8b646c16","sha256":"3200a60cd86ca6294de8bc7a0f71aed5f7f4ada58a611e64978123ab4178fb52"},"dob":{"date":"1981-10-01T13:48:19.416Z","age":42},"registered":{"date":"2016-09-09T14:59:44.620Z","age":7},"phone":"959-573-147","cell":"662-630-373","id":{"name":"DNI","value":"12048352-R"},"picture":{"large":"https://randomuser.me/api/portraits/women/30.jpg","medium":"https://randomuser.me/api/portraits/med/women/30.jpg","thumbnail":"https://randomuser.me/api/portraits/thumb/women/30.jpg"},"nat":"ES"}],"info":{"seed":"5de62d6bd05ed81e","results":1,"page":1,"version":"1.4"}} 
 </msg>
<msg time="2024-07-17T03:18:13.629663" level="INFO">/opt/hostedtoolcache/Python/3.12.4/x64/lib/python3.12/site-packages/urllib3/connectionpool.py:1099: InsecureRequestWarning: Unverified HTTPS request is being made to host 'randomuser.me'. Adding certificate verification is strongly advised. See: https://urllib3.readthedocs.io/en/latest/advanced-usage.html#tls-warnings
  warnings.warn(</msg>
<msg time="2024-07-17T03:18:13.629823" level="INFO">${response} = &lt;Response [200]&gt;</msg>
<var>${response}</var>
<arg>consultarAPI</arg>
<arg>/api</arg>
<doc>Sends a GET request on a previously created HTTP Session.</doc>
<status status="PASS" start="2024-07-17T03:18:13.379696" elapsed="0.250169"/>
</kw>
<kw name="Should Be Equal As Numbers" owner="BuiltIn">
<msg time="2024-07-17T03:18:13.630893" level="INFO">Argument types are:
&lt;class 'int'&gt;
&lt;class 'str'&gt;</msg>
<arg>${response.status_code}</arg>
<arg>200</arg>
<doc>Fails if objects are unequal after converting them to real numbers.</doc>
<status status="PASS" start="2024-07-17T03:18:13.630430" elapsed="0.000529"/>
</kw>
<kw name="Log" owner="BuiltIn">
<msg time="2024-07-17T03:18:13.631638" level="INFO">200</msg>
<arg>${response.status_code}</arg>
<doc>Logs the given message with the given level.</doc>
<status status="PASS" start="2024-07-17T03:18:13.631281" elapsed="0.000401"/>
</kw>
<kw name="Set Variable" owner="BuiltIn">
<msg time="2024-07-17T03:18:13.632433" level="INFO">${json_data} = {'results': [{'gender': 'female', 'name': {'title': 'Mrs', 'first': 'Encarnación', 'last': 'Herrera'}, 'location': {'street': {'number': 1464, 'name': 'Avenida de Burgos'}, 'city': 'Valencia', 'state'...</msg>
<var>${json_data}</var>
<arg>${response.json()}</arg>
<doc>Returns the given values which can then be assigned to a variables.</doc>
<status status="PASS" start="2024-07-17T03:18:13.631986" elapsed="0.000477"/>
</kw>
<kw name="Dictionary Should Contain Key" owner="Collections">
<arg>${json_data}</arg>
<arg>results</arg>
<doc>Fails if ``key`` is not found from ``dictionary``.</doc>
<status status="PASS" start="2024-07-17T03:18:13.632764" elapsed="0.000166"/>
</kw>
<status status="PASS" start="2024-07-17T03:18:13.379448" elapsed="0.253637"/>
</kw>
<doc>Testa se a API responde corretamente e retorna um objeto JSON válido.</doc>
<tag>testeRequisicaoBasica</tag>
<status status="PASS" start="2024-07-17T03:18:13.378912" elapsed="0.254354"/>
</test>
<test id="s1-s1-t3" name="Validar estrutura de resposta" line="22">
<kw name="Teste de Estrutura de Resposta" owner="random-user-service">
<kw name="GET On Session" owner="RequestsLibrary">
<msg time="2024-07-17T03:18:13.744713" level="INFO">GET Request : url=https://randomuser.me/api 
 path_url=/api 
 headers={'User-Agent': 'python-requests/2.32.3', 'Accept-Encoding': 'gzip, deflate', 'Accept': '*/*', 'Connection': 'keep-alive'} 
 body=None 
 </msg>
<msg time="2024-07-17T03:18:13.744852" level="INFO">GET Response : url=https://randomuser.me/api 
 status=200, reason=OK 
 headers={'Date': 'Wed, 17 Jul 2024 03:18:13 GMT', 'Content-Type': 'application/json; charset=utf-8', 'Transfer-Encoding': 'chunked', 'Connection': 'keep-alive', 'X-Powered-By': 'Express', 'Access-Control-Allow-Origin': '*', 'Cache-Control': 'no-cache', 'ETag': 'W/"481-Uqh8i0Kb3L1s8OXC4wNCat6TpIY"', 'Vary': 'Accept-Encoding', 'Content-Encoding': 'gzip', 'CF-Cache-Status': 'DYNAMIC', 'Report-To': '{"endpoints":[{"url":"https:\\/\\/a.nel.cloudflare.com\\/report\\/v4?s=OAHQTSB0KRdPAPE4N3xGk%2BkbIVY76T7fr5Ydl1g3jfh9cJa717iiFLkrD5%2FAl7qP4k13jwx8GyHaU2AoHWVlFXJEOLGP%2BDOdowJDOWAKnAOG1t1vAPNkZx4ciRmutSEH"}],"group":"cf-nel","max_age":604800}', 'NEL': '{"success_fraction":0,"report_to":"cf-nel","max_age":604800}', 'Server': 'cloudflare', 'CF-RAY': '8a47155f4fc16458-SJC', 'alt-svc': 'h3=":443"; ma=86400'} 
 body={"results":[{"gender":"male","name":{"title":"Mr","first":"Kerim","last":"Doğan"},"location":{"street":{"number":5787,"name":"Bağdat Cd"},"city":"Bitlis","state":"Tunceli","country":"Turkey","postcode":44994,"coordinates":{"latitude":"70.4700","longitude":"-92.1803"},"timezone":{"offset":"+5:00","description":"Ekaterinburg, Islamabad, Karachi, Tashkent"}},"email":"kerim.dogan@example.com","login":{"uuid":"84b9d2c6-cf97-4d42-8c48-c22980be95a9","username":"crazylion781","password":"scooter","salt":"V9KE2rjb","md5":"802093b445404dfc192af9ebd2727686","sha1":"ebd4c0b662340ca1584ca9e0e8714a302c543a82","sha256":"fba66ca78fda923319b38ea17c7c60f7181051051220087c049a6d216f29b345"},"dob":{"date":"1952-06-19T21:09:50.632Z","age":72},"registered":{"date":"2005-06-24T10:29:57.571Z","age":19},"phone":"(507)-863-6697","cell":"(905)-094-1222","id":{"name":"","value":null},"picture":{"large":"https://randomuser.me/api/portraits/men/56.jpg","medium":"https://randomuser.me/api/portraits/med/men/56.jpg","thumbnail":"https://randomuser.me/api/portraits/thumb/men/56.jpg"},"nat":"TR"}],"info":{"seed":"5f93302b4027f65a","results":1,"page":1,"version":"1.4"}} 
 </msg>
<msg time="2024-07-17T03:18:13.745035" level="INFO">/opt/hostedtoolcache/Python/3.12.4/x64/lib/python3.12/site-packages/urllib3/connectionpool.py:1099: InsecureRequestWarning: Unverified HTTPS request is being made to host 'randomuser.me'. Adding certificate verification is strongly advised. See: https://urllib3.readthedocs.io/en/latest/advanced-usage.html#tls-warnings
  warnings.warn(</msg>
<msg time="2024-07-17T03:18:13.745202" level="INFO">${response} = &lt;Response [200]&gt;</msg>
<var>${response}</var>
<arg>consultarAPI</arg>
<arg>/api</arg>
<doc>Sends a GET request on a previously created HTTP Session.</doc>
<status status="PASS" start="2024-07-17T03:18:13.635983" elapsed="0.109265"/>
</kw>
<kw name="Set Variable" owner="BuiltIn">
<msg time="2024-07-17T03:18:13.746862" level="INFO">${json_data} = {'results': [{'gender': 'male', 'name': {'title': 'Mr', 'first': 'Kerim', 'last': 'Doğan'}, 'location': {'street': {'number': 5787, 'name': 'Bağdat Cd'}, 'city': 'Bitlis', 'state': 'Tunceli', 'country...</msg>
<var>${json_data}</var>
<arg>${response.json()}</arg>
<doc>Returns the given values which can then be assigned to a variables.</doc>
<status status="PASS" start="2024-07-17T03:18:13.745986" elapsed="0.000929"/>
</kw>
<kw name="Log" owner="BuiltIn">
<msg time="2024-07-17T03:18:13.747642" level="INFO">{'results': [{'gender': 'male', 'name': {'title': 'Mr', 'first': 'Kerim', 'last': 'Doğan'}, 'location': {'street': {'number': 5787, 'name': 'Bağdat Cd'}, 'city': 'Bitlis', 'state': 'Tunceli', 'country': 'Turkey', 'postcode': 44994, 'coordinates': {'latitude': '70.4700', 'longitude': '-92.1803'}, 'timezone': {'offset': '+5:00', 'description': 'Ekaterinburg, Islamabad, Karachi, Tashkent'}}, 'email': 'kerim.dogan@example.com', 'login': {'uuid': '84b9d2c6-cf97-4d42-8c48-c22980be95a9', 'username': 'crazylion781', 'password': 'scooter', 'salt': 'V9KE2rjb', 'md5': '802093b445404dfc192af9ebd2727686', 'sha1': 'ebd4c0b662340ca1584ca9e0e8714a302c543a82', 'sha256': 'fba66ca78fda923319b38ea17c7c60f7181051051220087c049a6d216f29b345'}, 'dob': {'date': '1952-06-19T21:09:50.632Z', 'age': 72}, 'registered': {'date': '2005-06-24T10:29:57.571Z', 'age': 19}, 'phone': '(507)-863-6697', 'cell': '(905)-094-1222', 'id': {'name': '', 'value': None}, 'picture': {'large': 'https://randomuser.me/api/portraits/men/56.jpg', 'medium': 'https://randomuser.me/api/portraits/med/men/56.jpg', 'thumbnail': 'https://randomuser.me/api/portraits/thumb/men/56.jpg'}, 'nat': 'TR'}], 'info': {'seed': '5f93302b4027f65a', 'results': 1, 'page': 1, 'version': '1.4'}}</msg>
<arg>${json_data}</arg>
<doc>Logs the given message with the given level.</doc>
<status status="PASS" start="2024-07-17T03:18:13.747406" elapsed="0.000321"/>
</kw>
<kw name="Dictionary Should Contain Key" owner="Collections">
<arg>${json_data}</arg>
<arg>results</arg>
<doc>Fails if ``key`` is not found from ``dictionary``.</doc>
<status status="PASS" start="2024-07-17T03:18:13.748154" elapsed="0.000239"/>
</kw>
<kw name="Should Not Be Empty" owner="BuiltIn">
<msg time="2024-07-17T03:18:13.748899" level="INFO">Length is 2.</msg>
<arg>${json_data}</arg>
<doc>Verifies that the given item is not empty.</doc>
<status status="PASS" start="2024-07-17T03:18:13.748705" elapsed="0.000254"/>
</kw>
<kw name="Create List" owner="BuiltIn">
<msg time="2024-07-17T03:18:13.749649" level="INFO">${expected_keys} = ['gender', 'name', 'location', 'email', 'login']</msg>
<var>${expected_keys}</var>
<arg>gender</arg>
<arg>name</arg>
<arg>location</arg>
<arg>email</arg>
<arg>login</arg>
<doc>Returns a list containing given items.</doc>
<status status="PASS" start="2024-07-17T03:18:13.749405" elapsed="0.000285"/>
</kw>
<for flavor="IN">
<iter>
<kw name="Dictionary Should Contain Key" owner="Collections">
<arg>${json_data['results'][0]}</arg>
<arg>${key}</arg>
<doc>Fails if ``key`` is not found from ``dictionary``.</doc>
<status status="PASS" start="2024-07-17T03:18:13.750880" elapsed="0.000683"/>
</kw>
<kw name="Log" owner="BuiltIn">
<msg time="2024-07-17T03:18:13.752479" level="INFO">{'gender': 'male', 'name': {'title': 'Mr', 'first': 'Kerim', 'last': 'Doğan'}, 'location': {'street': {'number': 5787, 'name': 'Bağdat Cd'}, 'city': 'Bitlis', 'state': 'Tunceli', 'country': 'Turkey', 'postcode': 44994, 'coordinates': {'latitude': '70.4700', 'longitude': '-92.1803'}, 'timezone': {'offset': '+5:00', 'description': 'Ekaterinburg, Islamabad, Karachi, Tashkent'}}, 'email': 'kerim.dogan@example.com', 'login': {'uuid': '84b9d2c6-cf97-4d42-8c48-c22980be95a9', 'username': 'crazylion781', 'password': 'scooter', 'salt': 'V9KE2rjb', 'md5': '802093b445404dfc192af9ebd2727686', 'sha1': 'ebd4c0b662340ca1584ca9e0e8714a302c543a82', 'sha256': 'fba66ca78fda923319b38ea17c7c60f7181051051220087c049a6d216f29b345'}, 'dob': {'date': '1952-06-19T21:09:50.632Z', 'age': 72}, 'registered': {'date': '2005-06-24T10:29:57.571Z', 'age': 19}, 'phone': '(507)-863-6697', 'cell': '(905)-094-1222', 'id': {'name': '', 'value': None}, 'picture': {'large': 'https://randomuser.me/api/portraits/men/56.jpg', 'medium': 'https://randomuser.me/api/portraits/med/men/56.jpg', 'thumbnail': 'https://randomuser.me/api/portraits/thumb/men/56.jpg'}, 'nat': 'TR'}</msg>
<arg>${json_data['results'][0]}</arg>
<doc>Logs the given message with the given level.</doc>
<status status="PASS" start="2024-07-17T03:18:13.751863" elapsed="0.000713"/>
</kw>
<kw name="Log" owner="BuiltIn">
<msg time="2024-07-17T03:18:13.753279" level="INFO">gender</msg>
<arg>${key}</arg>
<doc>Logs the given message with the given level.</doc>
<status status="PASS" start="2024-07-17T03:18:13.753064" elapsed="0.000286"/>
</kw>
<var name="${key}">gender</var>
<status status="PASS" start="2024-07-17T03:18:13.750671" elapsed="0.003007"/>
</iter>
<iter>
<kw name="Dictionary Should Contain Key" owner="Collections">
<arg>${json_data['results'][0]}</arg>
<arg>${key}</arg>
<doc>Fails if ``key`` is not found from ``dictionary``.</doc>
<status status="PASS" start="2024-07-17T03:18:13.754194" elapsed="0.000658"/>
</kw>
<kw name="Log" owner="BuiltIn">
<msg time="2024-07-17T03:18:13.755767" level="INFO">{'gender': 'male', 'name': {'title': 'Mr', 'first': 'Kerim', 'last': 'Doğan'}, 'location': {'street': {'number': 5787, 'name': 'Bağdat Cd'}, 'city': 'Bitlis', 'state': 'Tunceli', 'country': 'Turkey', 'postcode': 44994, 'coordinates': {'latitude': '70.4700', 'longitude': '-92.1803'}, 'timezone': {'offset': '+5:00', 'description': 'Ekaterinburg, Islamabad, Karachi, Tashkent'}}, 'email': 'kerim.dogan@example.com', 'login': {'uuid': '84b9d2c6-cf97-4d42-8c48-c22980be95a9', 'username': 'crazylion781', 'password': 'scooter', 'salt': 'V9KE2rjb', 'md5': '802093b445404dfc192af9ebd2727686', 'sha1': 'ebd4c0b662340ca1584ca9e0e8714a302c543a82', 'sha256': 'fba66ca78fda923319b38ea17c7c60f7181051051220087c049a6d216f29b345'}, 'dob': {'date': '1952-06-19T21:09:50.632Z', 'age': 72}, 'registered': {'date': '2005-06-24T10:29:57.571Z', 'age': 19}, 'phone': '(507)-863-6697', 'cell': '(905)-094-1222', 'id': {'name': '', 'value': None}, 'picture': {'large': 'https://randomuser.me/api/portraits/men/56.jpg', 'medium': 'https://randomuser.me/api/portraits/med/men/56.jpg', 'thumbnail': 'https://randomuser.me/api/portraits/thumb/men/56.jpg'}, 'nat': 'TR'}</msg>
<arg>${json_data['results'][0]}</arg>
<doc>Logs the given message with the given level.</doc>
<status status="PASS" start="2024-07-17T03:18:13.755178" elapsed="0.000726"/>
</kw>
<kw name="Log" owner="BuiltIn">
<msg time="2024-07-17T03:18:13.756573" level="INFO">name</msg>
<arg>${key}</arg>
<doc>Logs the given message with the given level.</doc>
<status status="PASS" start="2024-07-17T03:18:13.756383" elapsed="0.000249"/>
</kw>
<var name="${key}">name</var>
<status status="PASS" start="2024-07-17T03:18:13.753991" elapsed="0.002972"/>
</iter>
<iter>
<kw name="Dictionary Should Contain Key" owner="Collections">
<arg>${json_data['results'][0]}</arg>
<arg>${key}</arg>
<doc>Fails if ``key`` is not found from ``dictionary``.</doc>
<status status="PASS" start="2024-07-17T03:18:13.757454" elapsed="0.000635"/>
</kw>
<kw name="Log" owner="BuiltIn">
<msg time="2024-07-17T03:18:13.758983" level="INFO">{'gender': 'male', 'name': {'title': 'Mr', 'first': 'Kerim', 'last': 'Doğan'}, 'location': {'street': {'number': 5787, 'name': 'Bağdat Cd'}, 'city': 'Bitlis', 'state': 'Tunceli', 'country': 'Turkey', 'postcode': 44994, 'coordinates': {'latitude': '70.4700', 'longitude': '-92.1803'}, 'timezone': {'offset': '+5:00', 'description': 'Ekaterinburg, Islamabad, Karachi, Tashkent'}}, 'email': 'kerim.dogan@example.com', 'login': {'uuid': '84b9d2c6-cf97-4d42-8c48-c22980be95a9', 'username': 'crazylion781', 'password': 'scooter', 'salt': 'V9KE2rjb', 'md5': '802093b445404dfc192af9ebd2727686', 'sha1': 'ebd4c0b662340ca1584ca9e0e8714a302c543a82', 'sha256': 'fba66ca78fda923319b38ea17c7c60f7181051051220087c049a6d216f29b345'}, 'dob': {'date': '1952-06-19T21:09:50.632Z', 'age': 72}, 'registered': {'date': '2005-06-24T10:29:57.571Z', 'age': 19}, 'phone': '(507)-863-6697', 'cell': '(905)-094-1222', 'id': {'name': '', 'value': None}, 'picture': {'large': 'https://randomuser.me/api/portraits/men/56.jpg', 'medium': 'https://randomuser.me/api/portraits/med/men/56.jpg', 'thumbnail': 'https://randomuser.me/api/portraits/thumb/men/56.jpg'}, 'nat': 'TR'}</msg>
<arg>${json_data['results'][0]}</arg>
<doc>Logs the given message with the given level.</doc>
<status status="PASS" start="2024-07-17T03:18:13.758393" elapsed="0.000670"/>
</kw>
<kw name="Log" owner="BuiltIn">
<msg time="2024-07-17T03:18:13.759719" level="INFO">location</msg>
<arg>${key}</arg>
<doc>Logs the given message with the given level.</doc>
<status status="PASS" start="2024-07-17T03:18:13.759511" elapsed="0.000276"/>
</kw>
<var name="${key}">location</var>
<status status="PASS" start="2024-07-17T03:18:13.757273" elapsed="0.002869"/>
</iter>
<iter>
<kw name="Dictionary Should Contain Key" owner="Collections">
<arg>${json_data['results'][0]}</arg>
<arg>${key}</arg>
<doc>Fails if ``key`` is not found from ``dictionary``.</doc>
<status status="PASS" start="2024-07-17T03:18:13.760595" elapsed="0.000657"/>
</kw>
<kw name="Log" owner="BuiltIn">
<msg time="2024-07-17T03:18:13.762237" level="INFO">{'gender': 'male', 'name': {'title': 'Mr', 'first': 'Kerim', 'last': 'Doğan'}, 'location': {'street': {'number': 5787, 'name': 'Bağdat Cd'}, 'city': 'Bitlis', 'state': 'Tunceli', 'country': 'Turkey', 'postcode': 44994, 'coordinates': {'latitude': '70.4700', 'longitude': '-92.1803'}, 'timezone': {'offset': '+5:00', 'description': 'Ekaterinburg, Islamabad, Karachi, Tashkent'}}, 'email': 'kerim.dogan@example.com', 'login': {'uuid': '84b9d2c6-cf97-4d42-8c48-c22980be95a9', 'username': 'crazylion781', 'password': 'scooter', 'salt': 'V9KE2rjb', 'md5': '802093b445404dfc192af9ebd2727686', 'sha1': 'ebd4c0b662340ca1584ca9e0e8714a302c543a82', 'sha256': 'fba66ca78fda923319b38ea17c7c60f7181051051220087c049a6d216f29b345'}, 'dob': {'date': '1952-06-19T21:09:50.632Z', 'age': 72}, 'registered': {'date': '2005-06-24T10:29:57.571Z', 'age': 19}, 'phone': '(507)-863-6697', 'cell': '(905)-094-1222', 'id': {'name': '', 'value': None}, 'picture': {'large': 'https://randomuser.me/api/portraits/men/56.jpg', 'medium': 'https://randomuser.me/api/portraits/med/men/56.jpg', 'thumbnail': 'https://randomuser.me/api/portraits/thumb/men/56.jpg'}, 'nat': 'TR'}</msg>
<arg>${json_data['results'][0]}</arg>
<doc>Logs the given message with the given level.</doc>
<status status="PASS" start="2024-07-17T03:18:13.761576" elapsed="0.000755"/>
</kw>
<kw name="Log" owner="BuiltIn">
<msg time="2024-07-17T03:18:13.763013" level="INFO">email</msg>
<arg>${key}</arg>
<doc>Logs the given message with the given level.</doc>
<status status="PASS" start="2024-07-17T03:18:13.762806" elapsed="0.000273"/>
</kw>
<var name="${key}">email</var>
<status status="PASS" start="2024-07-17T03:18:13.760410" elapsed="0.003004"/>
</iter>
<iter>
<kw name="Dictionary Should Contain Key" owner="Collections">
<arg>${json_data['results'][0]}</arg>
<arg>${key}</arg>
<doc>Fails if ``key`` is not found from ``dictionary``.</doc>
<status status="PASS" start="2024-07-17T03:18:13.763879" elapsed="0.000673"/>
</kw>
<kw name="Log" owner="BuiltIn">
<msg time="2024-07-17T03:18:13.765487" level="INFO">{'gender': 'male', 'name': {'title': 'Mr', 'first': 'Kerim', 'last': 'Doğan'}, 'location': {'street': {'number': 5787, 'name': 'Bağdat Cd'}, 'city': 'Bitlis', 'state': 'Tunceli', 'country': 'Turkey', 'postcode': 44994, 'coordinates': {'latitude': '70.4700', 'longitude': '-92.1803'}, 'timezone': {'offset': '+5:00', 'description': 'Ekaterinburg, Islamabad, Karachi, Tashkent'}}, 'email': 'kerim.dogan@example.com', 'login': {'uuid': '84b9d2c6-cf97-4d42-8c48-c22980be95a9', 'username': 'crazylion781', 'password': 'scooter', 'salt': 'V9KE2rjb', 'md5': '802093b445404dfc192af9ebd2727686', 'sha1': 'ebd4c0b662340ca1584ca9e0e8714a302c543a82', 'sha256': 'fba66ca78fda923319b38ea17c7c60f7181051051220087c049a6d216f29b345'}, 'dob': {'date': '1952-06-19T21:09:50.632Z', 'age': 72}, 'registered': {'date': '2005-06-24T10:29:57.571Z', 'age': 19}, 'phone': '(507)-863-6697', 'cell': '(905)-094-1222', 'id': {'name': '', 'value': None}, 'picture': {'large': 'https://randomuser.me/api/portraits/men/56.jpg', 'medium': 'https://randomuser.me/api/portraits/med/men/56.jpg', 'thumbnail': 'https://randomuser.me/api/portraits/thumb/men/56.jpg'}, 'nat': 'TR'}</msg>
<arg>${json_data['results'][0]}</arg>
<doc>Logs the given message with the given level.</doc>
<status status="PASS" start="2024-07-17T03:18:13.764877" elapsed="0.000703"/>
</kw>
<kw name="Log" owner="BuiltIn">
<msg time="2024-07-17T03:18:13.766327" level="INFO">login</msg>
<arg>${key}</arg>
<doc>Logs the given message with the given level.</doc>
<status status="PASS" start="2024-07-17T03:18:13.766118" elapsed="0.000274"/>
</kw>
<var name="${key}">login</var>
<status status="PASS" start="2024-07-17T03:18:13.763689" elapsed="0.003027"/>
</iter>
<var>${key}</var>
<value>@{expected_keys}</value>
<status status="PASS" start="2024-07-17T03:18:13.750372" elapsed="0.016532"/>
</for>
<kw name="Create List" owner="BuiltIn">
<msg time="2024-07-17T03:18:13.767402" level="INFO">${expected_keysTwo} = ['username', 'password']</msg>
<var>${expected_keysTwo}</var>
<arg>username</arg>
<arg>password</arg>
<doc>Returns a list containing given items.</doc>
<status status="PASS" start="2024-07-17T03:18:13.767200" elapsed="0.000241"/>
</kw>
<for flavor="IN">
<iter>
<kw name="Dictionary Should Contain Key" owner="Collections">
<arg>${json_data['results'][0]['login']}</arg>
<arg>${keyTwo}</arg>
<doc>Fails if ``key`` is not found from ``dictionary``.</doc>
<status status="PASS" start="2024-07-17T03:18:13.768230" elapsed="0.000663"/>
</kw>
<kw name="Dictionary Should Contain Key" owner="Collections">
<arg>${json_data['results'][0]['login']}</arg>
<arg>${keyTwo}</arg>
<doc>Fails if ``key`` is not found from ``dictionary``.</doc>
<status status="PASS" start="2024-07-17T03:18:13.769220" elapsed="0.000631"/>
</kw>
<kw name="Log" owner="BuiltIn">
<msg time="2024-07-17T03:18:13.770388" level="INFO">username</msg>
<arg>${keyTwo}</arg>
<doc>Logs the given message with the given level.</doc>
<status status="PASS" start="2024-07-17T03:18:13.770183" elapsed="0.000275"/>
</kw>
<var name="${keyTwo}">username</var>
<status status="PASS" start="2024-07-17T03:18:13.768045" elapsed="0.002765"/>
</iter>
<iter>
<kw name="Dictionary Should Contain Key" owner="Collections">
<arg>${json_data['results'][0]['login']}</arg>
<arg>${keyTwo}</arg>
<doc>Fails if ``key`` is not found from ``dictionary``.</doc>
<status status="PASS" start="2024-07-17T03:18:13.771287" elapsed="0.000635"/>
</kw>
<kw name="Dictionary Should Contain Key" owner="Collections">
<arg>${json_data['results'][0]['login']}</arg>
<arg>${keyTwo}</arg>
<doc>Fails if ``key`` is not found from ``dictionary``.</doc>
<status status="PASS" start="2024-07-17T03:18:13.772241" elapsed="0.000685"/>
</kw>
<kw name="Log" owner="BuiltIn">
<msg time="2024-07-17T03:18:13.773420" level="INFO">password</msg>
<arg>${keyTwo}</arg>
<doc>Logs the given message with the given level.</doc>
<status status="PASS" start="2024-07-17T03:18:13.773220" elapsed="0.000268"/>
</kw>
<var name="${keyTwo}">password</var>
<status status="PASS" start="2024-07-17T03:18:13.771100" elapsed="0.002729"/>
</iter>
<var>${keyTwo}</var>
<value>@{expected_keysTwo}</value>
<status status="PASS" start="2024-07-17T03:18:13.767817" elapsed="0.006259"/>
</for>
<status status="PASS" start="2024-07-17T03:18:13.635746" elapsed="0.138559"/>
</kw>
<doc>Testa a estrutura da resposta da API.</doc>
<tag>testeEstruturaResposta</tag>
<status status="PASS" start="2024-07-17T03:18:13.635158" elapsed="0.139427"/>
</test>
<test id="s1-s1-t4" name="Validar tipos de dados" line="28">
<kw name="Teste de Tipos de Dados" owner="random-user-service">
<kw name="GET On Session" owner="RequestsLibrary">
<msg time="2024-07-17T03:18:13.879357" level="INFO">GET Request : url=https://randomuser.me/api 
 path_url=/api 
 headers={'User-Agent': 'python-requests/2.32.3', 'Accept-Encoding': 'gzip, deflate', 'Accept': '*/*', 'Connection': 'keep-alive'} 
 body=None 
 </msg>
<msg time="2024-07-17T03:18:13.879493" level="INFO">GET Response : url=https://randomuser.me/api 
 status=200, reason=OK 
 headers={'Date': 'Wed, 17 Jul 2024 03:18:13 GMT', 'Content-Type': 'application/json; charset=utf-8', 'Transfer-Encoding': 'chunked', 'Connection': 'keep-alive', 'X-Powered-By': 'Express', 'Access-Control-Allow-Origin': '*', 'Cache-Control': 'no-cache', 'ETag': 'W/"4b7-xrdc+tJ/uIxcXFTfXeackb39tP0"', 'Vary': 'Accept-Encoding', 'Content-Encoding': 'gzip', 'CF-Cache-Status': 'DYNAMIC', 'Report-To': '{"endpoints":[{"url":"https:\\/\\/a.nel.cloudflare.com\\/report\\/v4?s=AshIOaxAl7%2FlN7tS0Gmntdu%2BO5%2FYfXr7NKiOGVsN9l5nlNSz%2B9cdChRkwDrricWPex4UUfyWrSxm0MkCmpQdFMH2AiT3iRv3qTfCn8nAT65nN6%2F7sov%2FZhP5u81p%2BLOE"}],"group":"cf-nel","max_age":604800}', 'NEL': '{"success_fraction":0,"report_to":"cf-nel","max_age":604800}', 'Server': 'cloudflare', 'CF-RAY': '8a47156028e46458-SJC', 'alt-svc': 'h3=":443"; ma=86400'} 
 body={"results":[{"gender":"male","name":{"title":"Monsieur","first":"Fabrice","last":"Arnaud"},"location":{"street":{"number":2630,"name":"Rue Docteur-Bonhomme"},"city":"Saint-Aubin (Fr)","state":"Basel-Landschaft","country":"Switzerland","postcode":7211,"coordinates":{"latitude":"-63.5181","longitude":"-82.0843"},"timezone":{"offset":"+8:00","description":"Beijing, Perth, Singapore, Hong Kong"}},"email":"fabrice.arnaud@example.com","login":{"uuid":"40d4cc23-359e-439a-969d-350cb69e2fb6","username":"purpleswan320","password":"hearts","salt":"nvK6pJOK","md5":"3712cda21e1dc3fa92cfd0ffa8f8b9ce","sha1":"0dfd4cbccb0ac260777b0265035b9a9a19743779","sha256":"826b3136a9f7a79fac377b97072c8c9044f2de270dd1ed3f100bc1826db872e3"},"dob":{"date":"1962-05-23T01:18:56.039Z","age":62},"registered":{"date":"2002-06-20T03:08:50.880Z","age":22},"phone":"076 591 97 43","cell":"078 984 34 19","id":{"name":"AVS","value":"756.4846.3077.05"},"picture":{"large":"https://randomuser.me/api/portraits/men/79.jpg","medium":"https://randomuser.me/api/portraits/med/men/79.jpg","thumbnail":"https://randomuser.me/api/portraits/thumb/men/79.jpg"},"nat":"CH"}],"info":{"seed":"ea7043af29008d97","results":1,"page":1,"version":"1.4"}} 
 </msg>
<msg time="2024-07-17T03:18:13.879603" level="INFO">/opt/hostedtoolcache/Python/3.12.4/x64/lib/python3.12/site-packages/urllib3/connectionpool.py:1099: InsecureRequestWarning: Unverified HTTPS request is being made to host 'randomuser.me'. Adding certificate verification is strongly advised. See: https://urllib3.readthedocs.io/en/latest/advanced-usage.html#tls-warnings
  warnings.warn(</msg>
<msg time="2024-07-17T03:18:13.879782" level="INFO">${response} = &lt;Response [200]&gt;</msg>
<var>${response}</var>
<arg>consultarAPI</arg>
<arg>/api</arg>
<doc>Sends a GET request on a previously created HTTP Session.</doc>
<status status="PASS" start="2024-07-17T03:18:13.778660" elapsed="0.101170"/>
</kw>
<kw name="Set Variable" owner="BuiltIn">
<msg time="2024-07-17T03:18:13.881370" level="INFO">${json_data} = {'results': [{'gender': 'male', 'name': {'title': 'Monsieur', 'first': 'Fabrice', 'last': 'Arnaud'}, 'location': {'street': {'number': 2630, 'name': 'Rue Docteur-Bonhomme'}, 'city': 'Saint-Aubin (Fr)'...</msg>
<var>${json_data}</var>
<arg>${response.json()}</arg>
<doc>Returns the given values which can then be assigned to a variables.</doc>
<status status="PASS" start="2024-07-17T03:18:13.880560" elapsed="0.000853"/>
</kw>
<kw name="Log" owner="BuiltIn">
<msg time="2024-07-17T03:18:13.882141" level="INFO">{'results': [{'gender': 'male', 'name': {'title': 'Monsieur', 'first': 'Fabrice', 'last': 'Arnaud'}, 'location': {'street': {'number': 2630, 'name': 'Rue Docteur-Bonhomme'}, 'city': 'Saint-Aubin (Fr)', 'state': 'Basel-Landschaft', 'country': 'Switzerland', 'postcode': 7211, 'coordinates': {'latitude': '-63.5181', 'longitude': '-82.0843'}, 'timezone': {'offset': '+8:00', 'description': 'Beijing, Perth, Singapore, Hong Kong'}}, 'email': 'fabrice.arnaud@example.com', 'login': {'uuid': '40d4cc23-359e-439a-969d-350cb69e2fb6', 'username': 'purpleswan320', 'password': 'hearts', 'salt': 'nvK6pJOK', 'md5': '3712cda21e1dc3fa92cfd0ffa8f8b9ce', 'sha1': '0dfd4cbccb0ac260777b0265035b9a9a19743779', 'sha256': '826b3136a9f7a79fac377b97072c8c9044f2de270dd1ed3f100bc1826db872e3'}, 'dob': {'date': '1962-05-23T01:18:56.039Z', 'age': 62}, 'registered': {'date': '2002-06-20T03:08:50.880Z', 'age': 22}, 'phone': '076 591 97 43', 'cell': '078 984 34 19', 'id': {'name': 'AVS', 'value': '756.4846.3077.05'}, 'picture': {'large': 'https://randomuser.me/api/portraits/men/79.jpg', 'medium': 'https://randomuser.me/api/portraits/med/men/79.jpg', 'thumbnail': 'https://randomuser.me/api/portraits/thumb/men/79.jpg'}, 'nat': 'CH'}], 'info': {'seed': 'ea7043af29008d97', 'results': 1, 'page': 1, 'version': '1.4'}}</msg>
<arg>${json_data}</arg>
<doc>Logs the given message with the given level.</doc>
<status status="PASS" start="2024-07-17T03:18:13.881858" elapsed="0.000372"/>
</kw>
<kw name="Should Be String" owner="String">
<arg>${json_data['results'][0]['gender']}</arg>
<doc>Fails if the given ``item`` is not a string.</doc>
<status status="PASS" start="2024-07-17T03:18:13.882707" elapsed="0.000606"/>
</kw>
<kw name="Should Match Regexp" owner="BuiltIn">
<arg>${json_data['results'][0]['email']}</arg>
<arg>^[a-zA-Z0-9._%+-]+@[a-zA-Z0-9.-]+\.[a-zA-Z]{2,}$</arg>
<doc>Fails if ``string`` does not match ``pattern`` as a regular expression.</doc>
<status status="PASS" start="2024-07-17T03:18:13.883626" elapsed="0.000839"/>
</kw>
<kw name="Should Match Regexp" owner="BuiltIn">
<arg>${json_data['results'][0]['dob']['date']}</arg>
<arg>\\d{4}-\\d{2}-\\d{2}T\\d{2}:\\d{2}:\\d{2}\\.\\d{3}Z</arg>
<doc>Fails if ``string`` does not match ``pattern`` as a regular expression.</doc>
<status status="PASS" start="2024-07-17T03:18:13.884825" elapsed="0.000832"/>
</kw>
<kw name="Should Match Regexp" owner="BuiltIn">
<arg>${json_data['results'][0]['registered']['date']}</arg>
<arg>\\d{4}-\\d{2}-\\d{2}T\\d{2}:\\d{2}:\\d{2}\\.\\d{3}Z</arg>
<doc>Fails if ``string`` does not match ``pattern`` as a regular expression.</doc>
<status status="PASS" start="2024-07-17T03:18:13.885984" elapsed="0.000600"/>
</kw>
<kw name="Should Match Regexp" owner="BuiltIn">
<arg>${json_data['results'][0]['picture']['large']}</arg>
<arg>^https?://.*\.(?:png|jpe?g|gif|bmp)$</arg>
<doc>Fails if ``string`` does not match ``pattern`` as a regular expression.</doc>
<status status="PASS" start="2024-07-17T03:18:13.886916" elapsed="0.000793"/>
</kw>
<kw name="Should Match Regexp" owner="BuiltIn">
<arg>${json_data['results'][0]['picture']['medium']}</arg>
<arg>^https?://.*\.(?:png|jpe?g|gif|bmp)$</arg>
<doc>Fails if ``string`` does not match ``pattern`` as a regular expression.</doc>
<status status="PASS" start="2024-07-17T03:18:13.887975" elapsed="0.000380"/>
</kw>
<kw name="Should Match Regexp" owner="BuiltIn">
<arg>${json_data['results'][0]['picture']['thumbnail']}</arg>
<arg>^https?://.*\.(?:png|jpe?g|gif|bmp)$</arg>
<doc>Fails if ``string`` does not match ``pattern`` as a regular expression.</doc>
<status status="PASS" start="2024-07-17T03:18:13.888549" elapsed="0.000364"/>
</kw>
<kw name="Log" owner="BuiltIn">
<msg time="2024-07-17T03:18:13.889452" level="INFO">{'large': 'https://randomuser.me/api/portraits/men/79.jpg', 'medium': 'https://randomuser.me/api/portraits/med/men/79.jpg', 'thumbnail': 'https://randomuser.me/api/portraits/thumb/men/79.jpg'}</msg>
<arg>${json_data['results'][0]['picture']}</arg>
<doc>Logs the given message with the given level.</doc>
<status status="PASS" start="2024-07-17T03:18:13.889109" elapsed="0.000388"/>
</kw>
<status status="PASS" start="2024-07-17T03:18:13.778424" elapsed="0.111350"/>
</kw>
<kw name="Teste de Tipos de Dados - Postcode" owner="random-user-service">
<kw name="GET On Session" owner="RequestsLibrary">
<msg time="2024-07-17T03:18:14.004479" level="INFO">GET Request : url=https://randomuser.me/api 
 path_url=/api 
 headers={'User-Agent': 'python-requests/2.32.3', 'Accept-Encoding': 'gzip, deflate', 'Accept': '*/*', 'Connection': 'keep-alive'} 
 body=None 
 </msg>
<msg time="2024-07-17T03:18:14.004584" level="INFO">GET Response : url=https://randomuser.me/api 
 status=200, reason=OK 
 headers={'Date': 'Wed, 17 Jul 2024 03:18:14 GMT', 'Content-Type': 'application/json; charset=utf-8', 'Transfer-Encoding': 'chunked', 'Connection': 'keep-alive', 'X-Powered-By': 'Express', 'Access-Control-Allow-Origin': '*', 'Cache-Control': 'no-cache', 'ETag': 'W/"47d-EgVHrtohj/AmPpL1pu3slVScKYg"', 'Vary': 'Accept-Encoding', 'Content-Encoding': 'gzip', 'CF-Cache-Status': 'DYNAMIC', 'Report-To': '{"endpoints":[{"url":"https:\\/\\/a.nel.cloudflare.com\\/report\\/v4?s=pY9eFRME2iCvjPq4aLNwmKL%2BBFXRB%2FTVR8eOQQUP1XhSq4KdtZhdAy17QGkLKRFWlxD%2B4eBZJxUOLquyed3YqqcPCCsALJ37DiduJBA2wJtP1iSqtI0OKDR3M9HEzVRz"}],"group":"cf-nel","max_age":604800}', 'NEL': '{"success_fraction":0,"report_to":"cf-nel","max_age":604800}', 'Server': 'cloudflare', 'CF-RAY': '8a471560d98d6458-SJC', 'alt-svc': 'h3=":443"; ma=86400'} 
 body={"results":[{"gender":"female","name":{"title":"Mrs","first":"Emily","last":"Hansen"},"location":{"street":{"number":134,"name":"Klintevej"},"city":"Århus C.","state":"Nordjylland","country":"Denmark","postcode":23098,"coordinates":{"latitude":"-41.1762","longitude":"3.3147"},"timezone":{"offset":"+2:00","description":"Kaliningrad, South Africa"}},"email":"emily.hansen@example.com","login":{"uuid":"426806f8-24ac-4b54-b3a7-8097aa9ecaec","username":"lazylion144","password":"nofear","salt":"rOXSttpl","md5":"fac55b4c0f72d6e0aad5370e5abaa714","sha1":"9695ed603cbc0dfc07aedb1ad4467064240c48af","sha256":"e6cea1ce0617d7e7cfc87f8b1b2c3b932d0f75ed7d8dbb7c9911bb2c6ca784ad"},"dob":{"date":"1977-04-08T19:41:10.338Z","age":47},"registered":{"date":"2012-01-23T08:45:10.688Z","age":12},"phone":"66876976","cell":"79963554","id":{"name":"CPR","value":"080477-4567"},"picture":{"large":"https://randomuser.me/api/portraits/women/62.jpg","medium":"https://randomuser.me/api/portraits/med/women/62.jpg","thumbnail":"https://randomuser.me/api/portraits/thumb/women/62.jpg"},"nat":"DK"}],"info":{"seed":"2bdc907927871a57","results":1,"page":1,"version":"1.4"}} 
 </msg>
<msg time="2024-07-17T03:18:14.004656" level="INFO">/opt/hostedtoolcache/Python/3.12.4/x64/lib/python3.12/site-packages/urllib3/connectionpool.py:1099: InsecureRequestWarning: Unverified HTTPS request is being made to host 'randomuser.me'. Adding certificate verification is strongly advised. See: https://urllib3.readthedocs.io/en/latest/advanced-usage.html#tls-warnings
  warnings.warn(</msg>
<msg time="2024-07-17T03:18:14.004775" level="INFO">${response} = &lt;Response [200]&gt;</msg>
<var>${response}</var>
<arg>consultarAPI</arg>
<arg>/api</arg>
<doc>Sends a GET request on a previously created HTTP Session.</doc>
<status status="PASS" start="2024-07-17T03:18:13.890286" elapsed="0.114531"/>
</kw>
<kw name="Set Variable" owner="BuiltIn">
<msg time="2024-07-17T03:18:14.005867" level="INFO">${json_data} = {'results': [{'gender': 'female', 'name': {'title': 'Mrs', 'first': 'Emily', 'last': 'Hansen'}, 'location': {'street': {'number': 134, 'name': 'Klintevej'}, 'city': 'Århus C.', 'state': 'Nordjylland',...</msg>
<var>${json_data}</var>
<arg>${response.json()}</arg>
<doc>Returns the given values which can then be assigned to a variables.</doc>
<status status="PASS" start="2024-07-17T03:18:14.005337" elapsed="0.000594"/>
</kw>
<kw name="Log" owner="BuiltIn">
<msg time="2024-07-17T03:18:14.006439" level="INFO">{'results': [{'gender': 'female', 'name': {'title': 'Mrs', 'first': 'Emily', 'last': 'Hansen'}, 'location': {'street': {'number': 134, 'name': 'Klintevej'}, 'city': 'Århus C.', 'state': 'Nordjylland', 'country': 'Denmark', 'postcode': 23098, 'coordinates': {'latitude': '-41.1762', 'longitude': '3.3147'}, 'timezone': {'offset': '+2:00', 'description': 'Kaliningrad, South Africa'}}, 'email': 'emily.hansen@example.com', 'login': {'uuid': '426806f8-24ac-4b54-b3a7-8097aa9ecaec', 'username': 'lazylion144', 'password': 'nofear', 'salt': 'rOXSttpl', 'md5': 'fac55b4c0f72d6e0aad5370e5abaa714', 'sha1': '9695ed603cbc0dfc07aedb1ad4467064240c48af', 'sha256': 'e6cea1ce0617d7e7cfc87f8b1b2c3b932d0f75ed7d8dbb7c9911bb2c6ca784ad'}, 'dob': {'date': '1977-04-08T19:41:10.338Z', 'age': 47}, 'registered': {'date': '2012-01-23T08:45:10.688Z', 'age': 12}, 'phone': '66876976', 'cell': '79963554', 'id': {'name': 'CPR', 'value': '080477-4567'}, 'picture': {'large': 'https://randomuser.me/api/portraits/women/62.jpg', 'medium': 'https://randomuser.me/api/portraits/med/women/62.jpg', 'thumbnail': 'https://randomuser.me/api/portraits/thumb/women/62.jpg'}, 'nat': 'DK'}], 'info': {'seed': '2bdc907927871a57', 'results': 1, 'page': 1, 'version': '1.4'}}</msg>
<arg>${json_data}</arg>
<doc>Logs the given message with the given level.</doc>
<status status="PASS" start="2024-07-17T03:18:14.006270" elapsed="0.000220"/>
</kw>
<kw name="Should Be Equal As Numbers" owner="BuiltIn">
<arg>${json_data['results'][0]['location']['postcode']}</arg>
<arg>${json_data['results'][0]['location']['postcode']}</arg>
<doc>Fails if objects are unequal after converting them to real numbers.</doc>
<status status="PASS" start="2024-07-17T03:18:14.006789" elapsed="0.000628"/>
</kw>
<kw name="Log" owner="BuiltIn">
<msg time="2024-07-17T03:18:14.007961" level="INFO">23098</msg>
<arg>${json_data['results'][0]['location']['postcode']}</arg>
<doc>Logs the given message with the given level.</doc>
<status status="PASS" start="2024-07-17T03:18:14.007616" elapsed="0.000387"/>
</kw>
<status status="PASS" start="2024-07-17T03:18:13.890047" elapsed="0.118250"/>
</kw>
<doc>Testa se os tipos de dados na resposta da API estão corretos.</doc>
<tag>testeTiposDados</tag>
<status status="PASS" start="2024-07-17T03:18:13.777751" elapsed="0.230723"/>
</test>
<test id="s1-s1-t5" name="Validar conteudo" line="35">
<kw name="Teste de Tipos de Conteudo" owner="random-user-service">
<kw name="GET On Session" owner="RequestsLibrary">
<msg time="2024-07-17T03:18:14.107093" level="INFO">GET Request : url=https://randomuser.me/api 
 path_url=/api 
 headers={'User-Agent': 'python-requests/2.32.3', 'Accept-Encoding': 'gzip, deflate', 'Accept': '*/*', 'Connection': 'keep-alive'} 
 body=None 
 </msg>
<msg time="2024-07-17T03:18:14.107207" level="INFO">GET Response : url=https://randomuser.me/api 
 status=200, reason=OK 
 headers={'Date': 'Wed, 17 Jul 2024 03:18:14 GMT', 'Content-Type': 'application/json; charset=utf-8', 'Transfer-Encoding': 'chunked', 'Connection': 'keep-alive', 'X-Powered-By': 'Express', 'Access-Control-Allow-Origin': '*', 'Cache-Control': 'no-cache', 'ETag': 'W/"496-WIYX6TaXbWCGprTl+uc66hIOw+o"', 'Vary': 'Accept-Encoding', 'Content-Encoding': 'gzip', 'CF-Cache-Status': 'DYNAMIC', 'Report-To': '{"endpoints":[{"url":"https:\\/\\/a.nel.cloudflare.com\\/report\\/v4?s=yKwC7cAmkn26nMfPJ%2BCquPBx5FaTimd3LiipS7TTF6%2FU4Ac3Qdx%2BXspzgmY5X7TqtmznnxuveAeh%2F1y%2Bwohhxfe%2Be79zX%2BLFHSVTnch2sChAgKsk%2BHlem1Y6Z1kcpY46"}],"group":"cf-nel","max_age":604800}', 'NEL': '{"success_fraction":0,"report_to":"cf-nel","max_age":604800}', 'Server': 'cloudflare', 'CF-RAY': '8a4715619a396458-SJC', 'alt-svc': 'h3=":443"; ma=86400'} 
 body={"results":[{"gender":"male","name":{"title":"Mr","first":"Magnus","last":"Andersen"},"location":{"street":{"number":6102,"name":"Syrenvænget"},"city":"Øster Assels","state":"Midtjylland","country":"Denmark","postcode":50392,"coordinates":{"latitude":"-39.1570","longitude":"-149.2903"},"timezone":{"offset":"+5:30","description":"Bombay, Calcutta, Madras, New Delhi"}},"email":"magnus.andersen@example.com","login":{"uuid":"80b9df67-7487-4800-a489-0d1d10514f34","username":"orangemeercat154","password":"dolphins","salt":"CqGEIacO","md5":"458095b2119b1912575ce4c8b89cfe07","sha1":"8240f4773ce8293c14d6f070c3edccdbd905d4f6","sha256":"9e5832198ffff69034d4ee230f1f2e45810a17079913c48eb7ed4e2d2c3da736"},"dob":{"date":"1993-11-08T02:37:31.047Z","age":30},"registered":{"date":"2003-12-23T01:18:12.217Z","age":20},"phone":"10302922","cell":"78095361","id":{"name":"CPR","value":"071193-0593"},"picture":{"large":"https://randomuser.me/api/portraits/men/83.jpg","medium":"https://randomuser.me/api/portraits/med/men/83.jpg","thumbnail":"https://randomuser.me/api/portraits/thumb/men/83.jpg"},"nat":"DK"}],"info":{"seed":"9b7eb1de66c16487","results":1,"page":1,"version":"1.4"}} 
 </msg>
<msg time="2024-07-17T03:18:14.107310" level="INFO">/opt/hostedtoolcache/Python/3.12.4/x64/lib/python3.12/site-packages/urllib3/connectionpool.py:1099: InsecureRequestWarning: Unverified HTTPS request is being made to host 'randomuser.me'. Adding certificate verification is strongly advised. See: https://urllib3.readthedocs.io/en/latest/advanced-usage.html#tls-warnings
  warnings.warn(</msg>
<msg time="2024-07-17T03:18:14.107456" level="INFO">${response} = &lt;Response [200]&gt;</msg>
<var>${response}</var>
<arg>consultarAPI</arg>
<arg>/api</arg>
<doc>Sends a GET request on a previously created HTTP Session.</doc>
<status status="PASS" start="2024-07-17T03:18:14.011240" elapsed="0.096269"/>
</kw>
<kw name="Set Variable" owner="BuiltIn">
<msg time="2024-07-17T03:18:14.108733" level="INFO">${json_data} = {'results': [{'gender': 'male', 'name': {'title': 'Mr', 'first': 'Magnus', 'last': 'Andersen'}, 'location': {'street': {'number': 6102, 'name': 'Syrenvænget'}, 'city': 'Øster Assels', 'state': 'Midtjy...</msg>
<var>${json_data}</var>
<arg>${response.json()}</arg>
<doc>Returns the given values which can then be assigned to a variables.</doc>
<status status="PASS" start="2024-07-17T03:18:14.108167" elapsed="0.000597"/>
</kw>
<kw name="Set Variable" owner="BuiltIn">
<msg time="2024-07-17T03:18:14.109466" level="INFO">${name_title} = Mr</msg>
<var>${name_title}</var>
<arg>${json_data["results"][0]["name"]["title"]}</arg>
<doc>Returns the given values which can then be assigned to a variables.</doc>
<status status="PASS" start="2024-07-17T03:18:14.109083" elapsed="0.000409"/>
</kw>
<kw name="Create List" owner="BuiltIn">
<msg time="2024-07-17T03:18:14.110002" level="INFO">${allowed_titles} = ['Mr', 'Ms', 'Miss', 'Mrs', 'Madame', 'Monsieur']</msg>
<var>${allowed_titles}</var>
<arg>Mr</arg>
<arg>Ms</arg>
<arg>Miss</arg>
<arg>Mrs</arg>
<arg>Madame</arg>
<arg>Monsieur</arg>
<doc>Returns a list containing given items.</doc>
<status status="PASS" start="2024-07-17T03:18:14.109799" elapsed="0.000230"/>
</kw>
<kw name="List Should Contain Value" owner="Collections">
<arg>${allowed_titles}</arg>
<arg>${name_title}</arg>
<doc>Fails if the ``value`` is not found from ``list``.</doc>
<status status="PASS" start="2024-07-17T03:18:14.110336" elapsed="0.000182"/>
</kw>
<kw name="Set Variable" owner="BuiltIn">
<msg time="2024-07-17T03:18:14.111067" level="INFO">${name_country} = DK</msg>
<var>${name_country}</var>
<arg>${json_data["results"][0]["nat"]}</arg>
<doc>Returns the given values which can then be assigned to a variables.</doc>
<status status="PASS" start="2024-07-17T03:18:14.110701" elapsed="0.000391"/>
</kw>
<kw name="Create List" owner="BuiltIn">
<msg time="2024-07-17T03:18:14.111981" level="INFO">${list_country} = ['AD', 'AE', 'AF', 'AG', 'AI', 'AL', 'AM', 'AO', 'AQ', 'AR', 'AS', 'AT', 'AU', 'AW', 'AX', 'AZ', 'BA', 'BB', 'BD', 'BE', 'BF', 'BG', 'BH', 'BI', 'BJ', 'BL', 'BM', 'BN', 'BO', 'BQ', 'BR', 'BS', 'BT', '...</msg>
<var>${list_country}</var>
<arg>AD</arg>
<arg>AE</arg>
<arg>AF</arg>
<arg>AG</arg>
<arg>AI</arg>
<arg>AL</arg>
<arg>AM</arg>
<arg>AO</arg>
<arg>AQ</arg>
<arg>AR</arg>
<arg>AS</arg>
<arg>AT</arg>
<arg>AU</arg>
<arg>AW</arg>
<arg>AX</arg>
<arg>AZ</arg>
<arg>BA</arg>
<arg>BB</arg>
<arg>BD</arg>
<arg>BE</arg>
<arg>BF</arg>
<arg>BG</arg>
<arg>BH</arg>
<arg>BI</arg>
<arg>BJ</arg>
<arg>BL</arg>
<arg>BM</arg>
<arg>BN</arg>
<arg>BO</arg>
<arg>BQ</arg>
<arg>BR</arg>
<arg>BS</arg>
<arg>BT</arg>
<arg>BV</arg>
<arg>BW</arg>
<arg>BY</arg>
<arg>BZ</arg>
<arg>CA</arg>
<arg>CC</arg>
<arg>CD</arg>
<arg>CF</arg>
<arg>CG</arg>
<arg>CH</arg>
<arg>CI</arg>
<arg>CK</arg>
<arg>CL</arg>
<arg>CM</arg>
<arg>CN</arg>
<arg>CO</arg>
<arg>CR</arg>
<arg>CU</arg>
<arg>CV</arg>
<arg>CW</arg>
<arg>CX</arg>
<arg>CY</arg>
<arg>CZ</arg>
<arg>DE</arg>
<arg>DJ</arg>
<arg>DK</arg>
<arg>DM</arg>
<arg>DO</arg>
<arg>DZ</arg>
<arg>EC</arg>
<arg>EE</arg>
<arg>EG</arg>
<arg>EH</arg>
<arg>ER</arg>
<arg>ES</arg>
<arg>ET</arg>
<arg>FI</arg>
<arg>FJ</arg>
<arg>FK</arg>
<arg>FM</arg>
<arg>FO</arg>
<arg>FR</arg>
<arg>GA</arg>
<arg>GB</arg>
<arg>GD</arg>
<arg>GE</arg>
<arg>GF</arg>
<arg>GG</arg>
<arg>GH</arg>
<arg>GI</arg>
<arg>GL</arg>
<arg>GM</arg>
<arg>GN</arg>
<arg>GP</arg>
<arg>GQ</arg>
<arg>GR</arg>
<arg>GS</arg>
<arg>GT</arg>
<arg>GU</arg>
<arg>GW</arg>
<arg>GY</arg>
<arg>HK</arg>
<arg>HM</arg>
<arg>HN</arg>
<arg>HR</arg>
<arg>HT</arg>
<arg>HU</arg>
<arg>ID</arg>
<arg>IE</arg>
<arg>IL</arg>
<arg>IM</arg>
<arg>IN</arg>
<arg>IO</arg>
<arg>IQ</arg>
<arg>IR</arg>
<arg>IS</arg>
<arg>IT</arg>
<arg>JE</arg>
<arg>JM</arg>
<arg>JO</arg>
<arg>JP</arg>
<arg>KE</arg>
<arg>KG</arg>
<arg>KH</arg>
<arg>KI</arg>
<arg>KM</arg>
<arg>KN</arg>
<arg>KP</arg>
<arg>KR</arg>
<arg>KW</arg>
<arg>KY</arg>
<arg>KZ</arg>
<arg>LA</arg>
<arg>LB</arg>
<arg>LC</arg>
<arg>LI</arg>
<arg>LK</arg>
<arg>LR</arg>
<arg>LS</arg>
<arg>LT</arg>
<arg>LU</arg>
<arg>LV</arg>
<arg>LY</arg>
<arg>MA</arg>
<arg>MC</arg>
<arg>MD</arg>
<arg>ME</arg>
<arg>MF</arg>
<arg>MG</arg>
<arg>MH</arg>
<arg>MK</arg>
<arg>ML</arg>
<arg>MM</arg>
<arg>MN</arg>
<arg>MO</arg>
<arg>MP</arg>
<arg>MQ</arg>
<arg>MR</arg>
<arg>MS</arg>
<arg>MT</arg>
<arg>MU</arg>
<arg>MV</arg>
<arg>MW</arg>
<arg>MX</arg>
<arg>MY</arg>
<arg>MZ</arg>
<arg>NA</arg>
<arg>NC</arg>
<arg>NE</arg>
<arg>NF</arg>
<arg>NG</arg>
<arg>NI</arg>
<arg>NL</arg>
<arg>NO</arg>
<arg>NP</arg>
<arg>NR</arg>
<arg>NU</arg>
<arg>NZ</arg>
<arg>OM</arg>
<arg>PA</arg>
<arg>PE</arg>
<arg>PF</arg>
<arg>PG</arg>
<arg>PH</arg>
<arg>PK</arg>
<arg>PL</arg>
<arg>PM</arg>
<arg>PN</arg>
<arg>PR</arg>
<arg>PS</arg>
<arg>PT</arg>
<arg>PW</arg>
<arg>PY</arg>
<arg>QA</arg>
<arg>RE</arg>
<arg>RO</arg>
<arg>RS</arg>
<arg>RU</arg>
<arg>RW</arg>
<arg>SA</arg>
<arg>SB</arg>
<arg>SC</arg>
<arg>SD</arg>
<arg>SE</arg>
<arg>SG</arg>
<arg>SH</arg>
<arg>SI</arg>
<arg>SJ</arg>
<arg>SK</arg>
<arg>SL</arg>
<arg>SM</arg>
<arg>SN</arg>
<arg>SO</arg>
<arg>SR</arg>
<arg>SS</arg>
<arg>ST</arg>
<arg>SV</arg>
<arg>SX</arg>
<arg>SY</arg>
<arg>SZ</arg>
<arg>TC</arg>
<arg>TD</arg>
<arg>TF</arg>
<arg>TG</arg>
<arg>TH</arg>
<arg>TJ</arg>
<arg>TK</arg>
<arg>TL</arg>
<arg>TM</arg>
<arg>TN</arg>
<arg>TO</arg>
<arg>TR</arg>
<arg>TT</arg>
<arg>TV</arg>
<arg>TW</arg>
<arg>TZ</arg>
<arg>UA</arg>
<arg>UG</arg>
<arg>UM</arg>
<arg>US</arg>
<arg>UY</arg>
<arg>UZ</arg>
<arg>VA</arg>
<arg>VC</arg>
<arg>VE</arg>
<arg>VG</arg>
<arg>VI</arg>
<arg>VN</arg>
<arg>VU</arg>
<arg>WF</arg>
<arg>WS</arg>
<arg>XK</arg>
<arg>YE</arg>
<arg>YT</arg>
<arg>ZA</arg>
<arg>ZM</arg>
<arg>ZW</arg>
<doc>Returns a list containing given items.</doc>
<status status="PASS" start="2024-07-17T03:18:14.111391" elapsed="0.000616"/>
</kw>
<kw name="List Should Contain Value" owner="Collections">
<arg>${list_country}</arg>
<arg>${name_country}</arg>
<doc>Fails if the ``value`` is not found from ``list``.</doc>
<status status="PASS" start="2024-07-17T03:18:14.112810" elapsed="0.000205"/>
</kw>
<kw name="Run Keyword If" owner="BuiltIn">
<kw name="Should Be True" owner="BuiltIn">
<arg>${True}</arg>
<doc>Fails if the given condition is not true.</doc>
<status status="PASS" start="2024-07-17T03:18:14.113977" elapsed="0.000145"/>
</kw>
<arg>${json_data["results"][0]["location"]["coordinates"]["latitude"]} &gt;= -90 and ${json_data["results"][0]["location"]["coordinates"]["latitude"]} &lt;= 90</arg>
<arg>Should Be True</arg>
<arg>${True}</arg>
<doc>Runs the given keyword with the given arguments, if ``condition`` is true.</doc>
<status status="PASS" start="2024-07-17T03:18:14.113216" elapsed="0.001035"/>
</kw>
<kw name="Run Keyword If" owner="BuiltIn">
<kw name="Should Be True" owner="BuiltIn">
<arg>${True}</arg>
<doc>Fails if the given condition is not true.</doc>
<status status="PASS" start="2024-07-17T03:18:14.115128" elapsed="0.000138"/>
</kw>
<arg>${json_data["results"][0]["location"]["coordinates"]["longitude"]} &gt;= -180 and ${json_data["results"][0]["location"]["coordinates"]["longitude"]} &lt;= 180</arg>
<arg>Should Be True</arg>
<arg>${True}</arg>
<doc>Runs the given keyword with the given arguments, if ``condition`` is true.</doc>
<status status="PASS" start="2024-07-17T03:18:14.114435" elapsed="0.000958"/>
</kw>
<status status="PASS" start="2024-07-17T03:18:14.010852" elapsed="0.104676"/>
</kw>
<doc>Testa o conteúdo específico dos campos retornados pela API.</doc>
<tag>testeConteudo</tag>
<status status="PASS" start="2024-07-17T03:18:14.010311" elapsed="0.105373"/>
</test>
<status status="PASS" start="2024-07-17T03:18:13.028944" elapsed="1.088743"/>
</suite>
<status status="PASS" start="2024-07-17T03:18:13.013874" elapsed="1.109080"/>
</suite>
<statistics>
<total>
<stat pass="5" fail="0" skip="0">All Tests</stat>
</total>
<tag>
<stat pass="1" fail="0" skip="0">testeConteudo</stat>
<stat pass="1" fail="0" skip="0">testeEstruturaResposta</stat>
<stat pass="1" fail="0" skip="0">testeRequisicaoBasica</stat>
<stat pass="1" fail="0" skip="0">testeTiposDados</stat>
</tag>
<suite>
<stat pass="5" fail="0" skip="0" id="s1" name="Tests">Tests</stat>
<stat pass="5" fail="0" skip="0" id="s1-s1" name="Random-User-Test">Tests.Random-User-Test</stat>
</suite>
</statistics>
<errors>
</errors>
</robot>
