<?xml version="1.0" encoding="UTF-8"?>
<robot generator="Robot 7.0 (Python 3.12.3 on linux)" generated="2024-05-03T22:13:38.457222" rpa="false" schemaversion="5">
<suite id="s1" name="Tests" source="/home/runner/work/DesafioQAItauRogerioJordao/DesafioQAItauRogerioJordao/RamdonUser/tests">
<suite id="s1-s1" name="Random-User-Test" source="/home/runner/work/DesafioQAItauRogerioJordao/DesafioQAItauRogerioJordao/RamdonUser/tests/random-user-test.robot">
<test id="s1-s1-t1" name="Conectar" line="13">
<kw name="Conectar API" owner="random-user-service">
<kw name="Create Session" owner="RequestsLibrary">
<msg time="2024-05-03T22:13:38.817732" level="INFO">Creating Session using : alias=consultarAPI, url=https://randomuser.me/, headers={},                     cookies={}, auth=None, timeout=None, proxies=None, verify=False,                     debug=0 </msg>
<arg>consultarAPI</arg>
<arg>${URL}</arg>
<doc>Create Session: create a HTTP session to a server</doc>
<status status="PASS" start="2024-05-03T22:13:38.817528" elapsed="0.000389"/>
</kw>
<status status="PASS" start="2024-05-03T22:13:38.816525" elapsed="0.001755"/>
</kw>
<status status="PASS" start="2024-05-03T22:13:38.815962" elapsed="0.002522"/>
</test>
<test id="s1-s1-t2" name="Validar retorno 200 e JSON Válido" line="16">
<kw name="Teste de Requisicao Basica" owner="random-user-service">
<kw name="GET On Session" owner="RequestsLibrary">
<msg time="2024-05-03T22:13:39.026813" level="INFO">GET Request : url=https://randomuser.me/api 
 path_url=/api 
 headers={'User-Agent': 'python-requests/2.31.0', 'Accept-Encoding': 'gzip, deflate', 'Accept': '*/*', 'Connection': 'keep-alive'} 
 body=None 
 </msg>
<msg time="2024-05-03T22:13:39.026961" level="INFO">GET Response : url=https://randomuser.me/api 
 status=200, reason=OK 
 headers={'Date': 'Fri, 03 May 2024 22:13:39 GMT', 'Content-Type': 'application/json; charset=utf-8', 'Transfer-Encoding': 'chunked', 'Connection': 'keep-alive', 'X-Powered-By': 'Express', 'Access-Control-Allow-Origin': '*', 'Cache-Control': 'no-cache', 'ETag': 'W/"482-0zJNcODHLwTijJQzoQ4+mus5X/A"', 'Vary': 'Accept-Encoding', 'Content-Encoding': 'gzip', 'CF-Cache-Status': 'DYNAMIC', 'Report-To': '{"endpoints":[{"url":"https:\\/\\/a.nel.cloudflare.com\\/report\\/v4?s=qHRh7EoFO0Pe78Euew8107HqIHvIL6huKq5a5RE4jFjs01Azfu1ce5z4b0BLXjT8Pfe%2BzGpt9Kc7eRjOCUyBVr5SwiHBcb%2B%2FaR2yC2p1P1EdHGmesU5TbCcaGAg57gyI"}],"group":"cf-nel","max_age":604800}', 'NEL': '{"success_fraction":0,"report_to":"cf-nel","max_age":604800}', 'Server': 'cloudflare', 'CF-RAY': '87e39976991529b4-ORD', 'alt-svc': 'h3=":443"; ma=86400'} 
 body={"results":[{"gender":"female","name":{"title":"Miss","first":"Adriana","last":"Rubio"},"location":{"street":{"number":1946,"name":"Calle de Ferraz"},"city":"Logroño","state":"Región de Murcia","country":"Spain","postcode":81248,"coordinates":{"latitude":"-31.0860","longitude":"58.2821"},"timezone":{"offset":"+4:30","description":"Kabul"}},"email":"adriana.rubio@example.com","login":{"uuid":"0d3a377f-cba6-4088-b276-1ebf7fee7640","username":"greenbutterfly921","password":"iceman1","salt":"TOyaGHoi","md5":"526d398e24da906e4e1c7bdd1c88607f","sha1":"d1b851f88415cde8688e3c69a3efc090cc37f373","sha256":"c311e2b4df34599d90b721751df13670335b457b62f7b46130de9c8d74cf32c8"},"dob":{"date":"1986-04-04T16:15:06.073Z","age":38},"registered":{"date":"2021-04-20T20:15:17.735Z","age":3},"phone":"998-843-201","cell":"619-489-062","id":{"name":"DNI","value":"06794188-H"},"picture":{"large":"https://randomuser.me/api/portraits/women/43.jpg","medium":"https://randomuser.me/api/portraits/med/women/43.jpg","thumbnail":"https://randomuser.me/api/portraits/thumb/women/43.jpg"},"nat":"ES"}],"info":{"seed":"619525f253467ac8","results":1,"page":1,"version":"1.4"}} 
 </msg>
<msg time="2024-05-03T22:13:39.027062" level="INFO">/opt/hostedtoolcache/Python/3.12.3/x64/lib/python3.12/site-packages/urllib3/connectionpool.py:1103: InsecureRequestWarning: Unverified HTTPS request is being made to host 'randomuser.me'. Adding certificate verification is strongly advised. See: https://urllib3.readthedocs.io/en/latest/advanced-usage.html#tls-warnings
  warnings.warn(</msg>
<msg time="2024-05-03T22:13:39.027211" level="INFO">${response} = &lt;Response [200]&gt;</msg>
<var>${response}</var>
<arg>consultarAPI</arg>
<arg>/api</arg>
<doc>Sends a GET request on a previously created HTTP Session.</doc>
<status status="PASS" start="2024-05-03T22:13:38.821281" elapsed="0.205989"/>
</kw>
<kw name="Should Be Equal As Numbers" owner="BuiltIn">
<msg time="2024-05-03T22:13:39.028294" level="INFO">Argument types are:
&lt;class 'int'&gt;
&lt;class 'str'&gt;</msg>
<arg>${response.status_code}</arg>
<arg>200</arg>
<doc>Fails if objects are unequal after converting them to real numbers.</doc>
<status status="PASS" start="2024-05-03T22:13:39.027859" elapsed="0.000499"/>
</kw>
<kw name="Log" owner="BuiltIn">
<msg time="2024-05-03T22:13:39.029068" level="INFO">200</msg>
<arg>${response.status_code}</arg>
<doc>Logs the given message with the given level.</doc>
<status status="PASS" start="2024-05-03T22:13:39.028707" elapsed="0.000404"/>
</kw>
<kw name="Set Variable" owner="BuiltIn">
<msg time="2024-05-03T22:13:39.029862" level="INFO">${json_data} = {'results': [{'gender': 'female', 'name': {'title': 'Miss', 'first': 'Adriana', 'last': 'Rubio'}, 'location': {'street': {'number': 1946, 'name': 'Calle de Ferraz'}, 'city': 'Logroño', 'state': 'Regió...</msg>
<var>${json_data}</var>
<arg>${response.json()}</arg>
<doc>Returns the given values which can then be assigned to a variables.</doc>
<status status="PASS" start="2024-05-03T22:13:39.029416" elapsed="0.000476"/>
</kw>
<kw name="Dictionary Should Contain Key" owner="Collections">
<msg time="2024-05-03T22:13:39.030367" level="INFO">False</msg>
<arg>${json_data}</arg>
<arg>results</arg>
<doc>Fails if ``key`` is not found from ``dictionary``.</doc>
<status status="PASS" start="2024-05-03T22:13:39.030202" elapsed="0.000205"/>
</kw>
<status status="PASS" start="2024-05-03T22:13:38.821029" elapsed="0.209635"/>
</kw>
<doc>Testa se a API responde corretamente e retorna um objeto JSON válido.</doc>
<tag>testeRequisicaoBasica</tag>
<status status="PASS" start="2024-05-03T22:13:38.820546" elapsed="0.210294"/>
</test>
<test id="s1-s1-t3" name="Validar estrutura de resposta" line="22">
<kw name="Teste de Estrutura de Resposta" owner="random-user-service">
<kw name="GET On Session" owner="RequestsLibrary">
<msg time="2024-05-03T22:13:39.126199" level="INFO">GET Request : url=https://randomuser.me/api 
 path_url=/api 
 headers={'User-Agent': 'python-requests/2.31.0', 'Accept-Encoding': 'gzip, deflate', 'Accept': '*/*', 'Connection': 'keep-alive'} 
 body=None 
 </msg>
<msg time="2024-05-03T22:13:39.126265" level="INFO">GET Response : url=https://randomuser.me/api 
 status=200, reason=OK 
 headers={'Date': 'Fri, 03 May 2024 22:13:39 GMT', 'Content-Type': 'application/json; charset=utf-8', 'Transfer-Encoding': 'chunked', 'Connection': 'keep-alive', 'X-Powered-By': 'Express', 'Access-Control-Allow-Origin': '*', 'Cache-Control': 'no-cache', 'ETag': 'W/"49a-7Dot/VhJ2okbNGHSQAhN1z4Vtxg"', 'Vary': 'Accept-Encoding', 'Content-Encoding': 'gzip', 'CF-Cache-Status': 'DYNAMIC', 'Report-To': '{"endpoints":[{"url":"https:\\/\\/a.nel.cloudflare.com\\/report\\/v4?s=DT4iSTVYSeIcQjAPcK8QWFkMSzzJ1ZC4baJ2o%2BmabU%2FK%2FlK4NkGjen8vRKF3DcENIi%2BLcINZb3l%2FN6VowlOIJw%2BV8e7kHw0nkbUdrUlRtc%2B6qoSVrED05ajnjlV46U8D"}],"group":"cf-nel","max_age":604800}', 'NEL': '{"success_fraction":0,"report_to":"cf-nel","max_age":604800}', 'Server': 'cloudflare', 'CF-RAY': '87e39976f96129b4-ORD', 'alt-svc': 'h3=":443"; ma=86400'} 
 body={"results":[{"gender":"female","name":{"title":"Mrs","first":"Lucía","last":"Guevara"},"location":{"street":{"number":4694,"name":"Corredor Vera"},"city":"Santa María Zacatepec","state":"Morelos","country":"Mexico","postcode":85407,"coordinates":{"latitude":"26.4123","longitude":"41.9231"},"timezone":{"offset":"+6:00","description":"Almaty, Dhaka, Colombo"}},"email":"lucia.guevara@example.com","login":{"uuid":"965c78c8-da46-4a50-a457-0e38a452139e","username":"lazybear915","password":"finder","salt":"OrxNvdMp","md5":"38c8e332b54130b951a2b5c1b8fb462e","sha1":"ba53480aa636ecdfd333561bcd5e8e094bc22db7","sha256":"b18154d0756ee83c977ca22f4bd219dd31ee35bc7123e71b86237f88a47c9922"},"dob":{"date":"1956-05-31T11:37:28.997Z","age":67},"registered":{"date":"2012-06-04T11:11:03.976Z","age":11},"phone":"(623) 101 6823","cell":"(613) 718 0973","id":{"name":"NSS","value":"52 94 38 1631 9"},"picture":{"large":"https://randomuser.me/api/portraits/women/66.jpg","medium":"https://randomuser.me/api/portraits/med/women/66.jpg","thumbnail":"https://randomuser.me/api/portraits/thumb/women/66.jpg"},"nat":"MX"}],"info":{"seed":"c404f59c71a0a054","results":1,"page":1,"version":"1.4"}} 
 </msg>
<msg time="2024-05-03T22:13:39.126365" level="INFO">/opt/hostedtoolcache/Python/3.12.3/x64/lib/python3.12/site-packages/urllib3/connectionpool.py:1103: InsecureRequestWarning: Unverified HTTPS request is being made to host 'randomuser.me'. Adding certificate verification is strongly advised. See: https://urllib3.readthedocs.io/en/latest/advanced-usage.html#tls-warnings
  warnings.warn(</msg>
<msg time="2024-05-03T22:13:39.126456" level="INFO">${response} = &lt;Response [200]&gt;</msg>
<var>${response}</var>
<arg>consultarAPI</arg>
<arg>/api</arg>
<doc>Sends a GET request on a previously created HTTP Session.</doc>
<status status="PASS" start="2024-05-03T22:13:39.033541" elapsed="0.092942"/>
</kw>
<kw name="Set Variable" owner="BuiltIn">
<msg time="2024-05-03T22:13:39.127343" level="INFO">${json_data} = {'results': [{'gender': 'female', 'name': {'title': 'Mrs', 'first': 'Lucía', 'last': 'Guevara'}, 'location': {'street': {'number': 4694, 'name': 'Corredor Vera'}, 'city': 'Santa María Zacatepec', 'sta...</msg>
<var>${json_data}</var>
<arg>${response.json()}</arg>
<doc>Returns the given values which can then be assigned to a variables.</doc>
<status status="PASS" start="2024-05-03T22:13:39.126870" elapsed="0.000501"/>
</kw>
<kw name="Log" owner="BuiltIn">
<msg time="2024-05-03T22:13:39.127886" level="INFO">{'results': [{'gender': 'female', 'name': {'title': 'Mrs', 'first': 'Lucía', 'last': 'Guevara'}, 'location': {'street': {'number': 4694, 'name': 'Corredor Vera'}, 'city': 'Santa María Zacatepec', 'state': 'Morelos', 'country': 'Mexico', 'postcode': 85407, 'coordinates': {'latitude': '26.4123', 'longitude': '41.9231'}, 'timezone': {'offset': '+6:00', 'description': 'Almaty, Dhaka, Colombo'}}, 'email': 'lucia.guevara@example.com', 'login': {'uuid': '965c78c8-da46-4a50-a457-0e38a452139e', 'username': 'lazybear915', 'password': 'finder', 'salt': 'OrxNvdMp', 'md5': '38c8e332b54130b951a2b5c1b8fb462e', 'sha1': 'ba53480aa636ecdfd333561bcd5e8e094bc22db7', 'sha256': 'b18154d0756ee83c977ca22f4bd219dd31ee35bc7123e71b86237f88a47c9922'}, 'dob': {'date': '1956-05-31T11:37:28.997Z', 'age': 67}, 'registered': {'date': '2012-06-04T11:11:03.976Z', 'age': 11}, 'phone': '(623) 101 6823', 'cell': '(613) 718 0973', 'id': {'name': 'NSS', 'value': '52 94 38 1631 9'}, 'picture': {'large': 'https://randomuser.me/api/portraits/women/66.jpg', 'medium': 'https://randomuser.me/api/portraits/med/women/66.jpg', 'thumbnail': 'https://randomuser.me/api/portraits/thumb/women/66.jpg'}, 'nat': 'MX'}], 'info': {'seed': 'c404f59c71a0a054', 'results': 1, 'page': 1, 'version': '1.4'}}</msg>
<arg>${json_data}</arg>
<doc>Logs the given message with the given level.</doc>
<status status="PASS" start="2024-05-03T22:13:39.127722" elapsed="0.000215"/>
</kw>
<kw name="Dictionary Should Contain Key" owner="Collections">
<msg time="2024-05-03T22:13:39.128391" level="INFO">False</msg>
<arg>${json_data}</arg>
<arg>results</arg>
<doc>Fails if ``key`` is not found from ``dictionary``.</doc>
<status status="PASS" start="2024-05-03T22:13:39.128239" elapsed="0.000189"/>
</kw>
<kw name="Should Not Be Empty" owner="BuiltIn">
<msg time="2024-05-03T22:13:39.128860" level="INFO">Length is 2.</msg>
<arg>${json_data}</arg>
<doc>Verifies that the given item is not empty.</doc>
<status status="PASS" start="2024-05-03T22:13:39.128722" elapsed="0.000178"/>
</kw>
<kw name="Create List" owner="BuiltIn">
<msg time="2024-05-03T22:13:39.129467" level="INFO">${expected_keys} = ['gender', 'name', 'location', 'email', 'login']</msg>
<var>${expected_keys}</var>
<arg>gender</arg>
<arg>name</arg>
<arg>location</arg>
<arg>email</arg>
<arg>login</arg>
<doc>Returns a list containing given items.</doc>
<status status="PASS" start="2024-05-03T22:13:39.129191" elapsed="0.000301"/>
</kw>
<for flavor="IN">
<iter>
<kw name="Dictionary Should Contain Key" owner="Collections">
<msg time="2024-05-03T22:13:39.130483" level="INFO">False</msg>
<arg>${json_data['results'][0]}</arg>
<arg>${key}</arg>
<doc>Fails if ``key`` is not found from ``dictionary``.</doc>
<status status="PASS" start="2024-05-03T22:13:39.130073" elapsed="0.000448"/>
</kw>
<kw name="Log" owner="BuiltIn">
<msg time="2024-05-03T22:13:39.131192" level="INFO">{'gender': 'female', 'name': {'title': 'Mrs', 'first': 'Lucía', 'last': 'Guevara'}, 'location': {'street': {'number': 4694, 'name': 'Corredor Vera'}, 'city': 'Santa María Zacatepec', 'state': 'Morelos', 'country': 'Mexico', 'postcode': 85407, 'coordinates': {'latitude': '26.4123', 'longitude': '41.9231'}, 'timezone': {'offset': '+6:00', 'description': 'Almaty, Dhaka, Colombo'}}, 'email': 'lucia.guevara@example.com', 'login': {'uuid': '965c78c8-da46-4a50-a457-0e38a452139e', 'username': 'lazybear915', 'password': 'finder', 'salt': 'OrxNvdMp', 'md5': '38c8e332b54130b951a2b5c1b8fb462e', 'sha1': 'ba53480aa636ecdfd333561bcd5e8e094bc22db7', 'sha256': 'b18154d0756ee83c977ca22f4bd219dd31ee35bc7123e71b86237f88a47c9922'}, 'dob': {'date': '1956-05-31T11:37:28.997Z', 'age': 67}, 'registered': {'date': '2012-06-04T11:11:03.976Z', 'age': 11}, 'phone': '(623) 101 6823', 'cell': '(613) 718 0973', 'id': {'name': 'NSS', 'value': '52 94 38 1631 9'}, 'picture': {'large': 'https://randomuser.me/api/portraits/women/66.jpg', 'medium': 'https://randomuser.me/api/portraits/med/women/66.jpg', 'thumbnail': 'https://randomuser.me/api/portraits/thumb/women/66.jpg'}, 'nat': 'MX'}</msg>
<arg>${json_data['results'][0]}</arg>
<doc>Logs the given message with the given level.</doc>
<status status="PASS" start="2024-05-03T22:13:39.130821" elapsed="0.000422"/>
</kw>
<kw name="Log" owner="BuiltIn">
<msg time="2024-05-03T22:13:39.131699" level="INFO">gender</msg>
<arg>${key}</arg>
<doc>Logs the given message with the given level.</doc>
<status status="PASS" start="2024-05-03T22:13:39.131567" elapsed="0.000170"/>
</kw>
<var name="${key}">gender</var>
<status status="PASS" start="2024-05-03T22:13:39.129947" elapsed="0.002006"/>
</iter>
<iter>
<kw name="Dictionary Should Contain Key" owner="Collections">
<msg time="2024-05-03T22:13:39.132651" level="INFO">False</msg>
<arg>${json_data['results'][0]}</arg>
<arg>${key}</arg>
<doc>Fails if ``key`` is not found from ``dictionary``.</doc>
<status status="PASS" start="2024-05-03T22:13:39.132270" elapsed="0.000417"/>
</kw>
<kw name="Log" owner="BuiltIn">
<msg time="2024-05-03T22:13:39.133380" level="INFO">{'gender': 'female', 'name': {'title': 'Mrs', 'first': 'Lucía', 'last': 'Guevara'}, 'location': {'street': {'number': 4694, 'name': 'Corredor Vera'}, 'city': 'Santa María Zacatepec', 'state': 'Morelos', 'country': 'Mexico', 'postcode': 85407, 'coordinates': {'latitude': '26.4123', 'longitude': '41.9231'}, 'timezone': {'offset': '+6:00', 'description': 'Almaty, Dhaka, Colombo'}}, 'email': 'lucia.guevara@example.com', 'login': {'uuid': '965c78c8-da46-4a50-a457-0e38a452139e', 'username': 'lazybear915', 'password': 'finder', 'salt': 'OrxNvdMp', 'md5': '38c8e332b54130b951a2b5c1b8fb462e', 'sha1': 'ba53480aa636ecdfd333561bcd5e8e094bc22db7', 'sha256': 'b18154d0756ee83c977ca22f4bd219dd31ee35bc7123e71b86237f88a47c9922'}, 'dob': {'date': '1956-05-31T11:37:28.997Z', 'age': 67}, 'registered': {'date': '2012-06-04T11:11:03.976Z', 'age': 11}, 'phone': '(623) 101 6823', 'cell': '(613) 718 0973', 'id': {'name': 'NSS', 'value': '52 94 38 1631 9'}, 'picture': {'large': 'https://randomuser.me/api/portraits/women/66.jpg', 'medium': 'https://randomuser.me/api/portraits/med/women/66.jpg', 'thumbnail': 'https://randomuser.me/api/portraits/thumb/women/66.jpg'}, 'nat': 'MX'}</msg>
<arg>${json_data['results'][0]}</arg>
<doc>Logs the given message with the given level.</doc>
<status status="PASS" start="2024-05-03T22:13:39.133006" elapsed="0.000424"/>
</kw>
<kw name="Log" owner="BuiltIn">
<msg time="2024-05-03T22:13:39.133879" level="INFO">name</msg>
<arg>${key}</arg>
<doc>Logs the given message with the given level.</doc>
<status status="PASS" start="2024-05-03T22:13:39.133752" elapsed="0.000164"/>
</kw>
<var name="${key}">name</var>
<status status="PASS" start="2024-05-03T22:13:39.132149" elapsed="0.001979"/>
</iter>
<iter>
<kw name="Dictionary Should Contain Key" owner="Collections">
<msg time="2024-05-03T22:13:39.134807" level="INFO">False</msg>
<arg>${json_data['results'][0]}</arg>
<arg>${key}</arg>
<doc>Fails if ``key`` is not found from ``dictionary``.</doc>
<status status="PASS" start="2024-05-03T22:13:39.134422" elapsed="0.000421"/>
</kw>
<kw name="Log" owner="BuiltIn">
<msg time="2024-05-03T22:13:39.135531" level="INFO">{'gender': 'female', 'name': {'title': 'Mrs', 'first': 'Lucía', 'last': 'Guevara'}, 'location': {'street': {'number': 4694, 'name': 'Corredor Vera'}, 'city': 'Santa María Zacatepec', 'state': 'Morelos', 'country': 'Mexico', 'postcode': 85407, 'coordinates': {'latitude': '26.4123', 'longitude': '41.9231'}, 'timezone': {'offset': '+6:00', 'description': 'Almaty, Dhaka, Colombo'}}, 'email': 'lucia.guevara@example.com', 'login': {'uuid': '965c78c8-da46-4a50-a457-0e38a452139e', 'username': 'lazybear915', 'password': 'finder', 'salt': 'OrxNvdMp', 'md5': '38c8e332b54130b951a2b5c1b8fb462e', 'sha1': 'ba53480aa636ecdfd333561bcd5e8e094bc22db7', 'sha256': 'b18154d0756ee83c977ca22f4bd219dd31ee35bc7123e71b86237f88a47c9922'}, 'dob': {'date': '1956-05-31T11:37:28.997Z', 'age': 67}, 'registered': {'date': '2012-06-04T11:11:03.976Z', 'age': 11}, 'phone': '(623) 101 6823', 'cell': '(613) 718 0973', 'id': {'name': 'NSS', 'value': '52 94 38 1631 9'}, 'picture': {'large': 'https://randomuser.me/api/portraits/women/66.jpg', 'medium': 'https://randomuser.me/api/portraits/med/women/66.jpg', 'thumbnail': 'https://randomuser.me/api/portraits/thumb/women/66.jpg'}, 'nat': 'MX'}</msg>
<arg>${json_data['results'][0]}</arg>
<doc>Logs the given message with the given level.</doc>
<status status="PASS" start="2024-05-03T22:13:39.135138" elapsed="0.000457"/>
</kw>
<kw name="Log" owner="BuiltIn">
<msg time="2024-05-03T22:13:39.136021" level="INFO">location</msg>
<arg>${key}</arg>
<doc>Logs the given message with the given level.</doc>
<status status="PASS" start="2024-05-03T22:13:39.135895" elapsed="0.000163"/>
</kw>
<var name="${key}">location</var>
<status status="PASS" start="2024-05-03T22:13:39.134309" elapsed="0.001964"/>
</iter>
<iter>
<kw name="Dictionary Should Contain Key" owner="Collections">
<msg time="2024-05-03T22:13:39.136936" level="INFO">False</msg>
<arg>${json_data['results'][0]}</arg>
<arg>${key}</arg>
<doc>Fails if ``key`` is not found from ``dictionary``.</doc>
<status status="PASS" start="2024-05-03T22:13:39.136555" elapsed="0.000418"/>
</kw>
<kw name="Log" owner="BuiltIn">
<msg time="2024-05-03T22:13:39.137632" level="INFO">{'gender': 'female', 'name': {'title': 'Mrs', 'first': 'Lucía', 'last': 'Guevara'}, 'location': {'street': {'number': 4694, 'name': 'Corredor Vera'}, 'city': 'Santa María Zacatepec', 'state': 'Morelos', 'country': 'Mexico', 'postcode': 85407, 'coordinates': {'latitude': '26.4123', 'longitude': '41.9231'}, 'timezone': {'offset': '+6:00', 'description': 'Almaty, Dhaka, Colombo'}}, 'email': 'lucia.guevara@example.com', 'login': {'uuid': '965c78c8-da46-4a50-a457-0e38a452139e', 'username': 'lazybear915', 'password': 'finder', 'salt': 'OrxNvdMp', 'md5': '38c8e332b54130b951a2b5c1b8fb462e', 'sha1': 'ba53480aa636ecdfd333561bcd5e8e094bc22db7', 'sha256': 'b18154d0756ee83c977ca22f4bd219dd31ee35bc7123e71b86237f88a47c9922'}, 'dob': {'date': '1956-05-31T11:37:28.997Z', 'age': 67}, 'registered': {'date': '2012-06-04T11:11:03.976Z', 'age': 11}, 'phone': '(623) 101 6823', 'cell': '(613) 718 0973', 'id': {'name': 'NSS', 'value': '52 94 38 1631 9'}, 'picture': {'large': 'https://randomuser.me/api/portraits/women/66.jpg', 'medium': 'https://randomuser.me/api/portraits/med/women/66.jpg', 'thumbnail': 'https://randomuser.me/api/portraits/thumb/women/66.jpg'}, 'nat': 'MX'}</msg>
<arg>${json_data['results'][0]}</arg>
<doc>Logs the given message with the given level.</doc>
<status status="PASS" start="2024-05-03T22:13:39.137266" elapsed="0.000416"/>
</kw>
<kw name="Log" owner="BuiltIn">
<msg time="2024-05-03T22:13:39.138100" level="INFO">email</msg>
<arg>${key}</arg>
<doc>Logs the given message with the given level.</doc>
<status status="PASS" start="2024-05-03T22:13:39.137974" elapsed="0.000163"/>
</kw>
<var name="${key}">email</var>
<status status="PASS" start="2024-05-03T22:13:39.136446" elapsed="0.001904"/>
</iter>
<iter>
<kw name="Dictionary Should Contain Key" owner="Collections">
<msg time="2024-05-03T22:13:39.139018" level="INFO">False</msg>
<arg>${json_data['results'][0]}</arg>
<arg>${key}</arg>
<doc>Fails if ``key`` is not found from ``dictionary``.</doc>
<status status="PASS" start="2024-05-03T22:13:39.138632" elapsed="0.000422"/>
</kw>
<kw name="Log" owner="BuiltIn">
<msg time="2024-05-03T22:13:39.139737" level="INFO">{'gender': 'female', 'name': {'title': 'Mrs', 'first': 'Lucía', 'last': 'Guevara'}, 'location': {'street': {'number': 4694, 'name': 'Corredor Vera'}, 'city': 'Santa María Zacatepec', 'state': 'Morelos', 'country': 'Mexico', 'postcode': 85407, 'coordinates': {'latitude': '26.4123', 'longitude': '41.9231'}, 'timezone': {'offset': '+6:00', 'description': 'Almaty, Dhaka, Colombo'}}, 'email': 'lucia.guevara@example.com', 'login': {'uuid': '965c78c8-da46-4a50-a457-0e38a452139e', 'username': 'lazybear915', 'password': 'finder', 'salt': 'OrxNvdMp', 'md5': '38c8e332b54130b951a2b5c1b8fb462e', 'sha1': 'ba53480aa636ecdfd333561bcd5e8e094bc22db7', 'sha256': 'b18154d0756ee83c977ca22f4bd219dd31ee35bc7123e71b86237f88a47c9922'}, 'dob': {'date': '1956-05-31T11:37:28.997Z', 'age': 67}, 'registered': {'date': '2012-06-04T11:11:03.976Z', 'age': 11}, 'phone': '(623) 101 6823', 'cell': '(613) 718 0973', 'id': {'name': 'NSS', 'value': '52 94 38 1631 9'}, 'picture': {'large': 'https://randomuser.me/api/portraits/women/66.jpg', 'medium': 'https://randomuser.me/api/portraits/med/women/66.jpg', 'thumbnail': 'https://randomuser.me/api/portraits/thumb/women/66.jpg'}, 'nat': 'MX'}</msg>
<arg>${json_data['results'][0]}</arg>
<doc>Logs the given message with the given level.</doc>
<status status="PASS" start="2024-05-03T22:13:39.139344" elapsed="0.000442"/>
</kw>
<kw name="Log" owner="BuiltIn">
<msg time="2024-05-03T22:13:39.140207" level="INFO">login</msg>
<arg>${key}</arg>
<doc>Logs the given message with the given level.</doc>
<status status="PASS" start="2024-05-03T22:13:39.140082" elapsed="0.000163"/>
</kw>
<var name="${key}">login</var>
<status status="PASS" start="2024-05-03T22:13:39.138522" elapsed="0.001959"/>
</iter>
<var>${key}</var>
<value>@{expected_keys}</value>
<status status="PASS" start="2024-05-03T22:13:39.129759" elapsed="0.010847"/>
</for>
<kw name="Create List" owner="BuiltIn">
<msg time="2024-05-03T22:13:39.140936" level="INFO">${expected_keysTwo} = ['username', 'password']</msg>
<var>${expected_keysTwo}</var>
<arg>username</arg>
<arg>password</arg>
<doc>Returns a list containing given items.</doc>
<status status="PASS" start="2024-05-03T22:13:39.140799" elapsed="0.000160"/>
</kw>
<for flavor="IN">
<iter>
<kw name="Dictionary Should Contain Key" owner="Collections">
<msg time="2024-05-03T22:13:39.141850" level="INFO">False</msg>
<arg>${json_data['results'][0]['login']}</arg>
<arg>${keyTwo}</arg>
<doc>Fails if ``key`` is not found from ``dictionary``.</doc>
<status status="PASS" start="2024-05-03T22:13:39.141460" elapsed="0.000426"/>
</kw>
<kw name="Dictionary Should Contain Key" owner="Collections">
<msg time="2024-05-03T22:13:39.142563" level="INFO">False</msg>
<arg>${json_data['results'][0]['login']}</arg>
<arg>${keyTwo}</arg>
<doc>Fails if ``key`` is not found from ``dictionary``.</doc>
<status status="PASS" start="2024-05-03T22:13:39.142180" elapsed="0.000419"/>
</kw>
<kw name="Log" owner="BuiltIn">
<msg time="2024-05-03T22:13:39.143017" level="INFO">username</msg>
<arg>${keyTwo}</arg>
<doc>Logs the given message with the given level.</doc>
<status status="PASS" start="2024-05-03T22:13:39.142892" elapsed="0.000167"/>
</kw>
<var name="${keyTwo}">username</var>
<status status="PASS" start="2024-05-03T22:13:39.141346" elapsed="0.001926"/>
</iter>
<iter>
<kw name="Dictionary Should Contain Key" owner="Collections">
<msg time="2024-05-03T22:13:39.143981" level="INFO">False</msg>
<arg>${json_data['results'][0]['login']}</arg>
<arg>${keyTwo}</arg>
<doc>Fails if ``key`` is not found from ``dictionary``.</doc>
<status status="PASS" start="2024-05-03T22:13:39.143592" elapsed="0.000426"/>
</kw>
<kw name="Dictionary Should Contain Key" owner="Collections">
<msg time="2024-05-03T22:13:39.144772" level="INFO">False</msg>
<arg>${json_data['results'][0]['login']}</arg>
<arg>${keyTwo}</arg>
<doc>Fails if ``key`` is not found from ``dictionary``.</doc>
<status status="PASS" start="2024-05-03T22:13:39.144307" elapsed="0.000504"/>
</kw>
<kw name="Log" owner="BuiltIn">
<msg time="2024-05-03T22:13:39.145239" level="INFO">password</msg>
<arg>${keyTwo}</arg>
<doc>Logs the given message with the given level.</doc>
<status status="PASS" start="2024-05-03T22:13:39.145110" elapsed="0.000167"/>
</kw>
<var name="${keyTwo}">password</var>
<status status="PASS" start="2024-05-03T22:13:39.143451" elapsed="0.002045"/>
</iter>
<var>${keyTwo}</var>
<value>@{expected_keysTwo}</value>
<status status="PASS" start="2024-05-03T22:13:39.141194" elapsed="0.004426"/>
</for>
<status status="PASS" start="2024-05-03T22:13:39.033309" elapsed="0.112448"/>
</kw>
<doc>Testa a estrutura da resposta da API.</doc>
<tag>testeEstruturaResposta</tag>
<status status="PASS" start="2024-05-03T22:13:39.032751" elapsed="0.113154"/>
</test>
<test id="s1-s1-t4" name="Validar tipos de dados" line="28">
<kw name="Teste de Tipos de Dados" owner="random-user-service">
<kw name="GET On Session" owner="RequestsLibrary">
<msg time="2024-05-03T22:13:39.241485" level="INFO">GET Request : url=https://randomuser.me/api 
 path_url=/api 
 headers={'User-Agent': 'python-requests/2.31.0', 'Accept-Encoding': 'gzip, deflate', 'Accept': '*/*', 'Connection': 'keep-alive'} 
 body=None 
 </msg>
<msg time="2024-05-03T22:13:39.241559" level="INFO">GET Response : url=https://randomuser.me/api 
 status=200, reason=OK 
 headers={'Date': 'Fri, 03 May 2024 22:13:39 GMT', 'Content-Type': 'application/json; charset=utf-8', 'Transfer-Encoding': 'chunked', 'Connection': 'keep-alive', 'X-Powered-By': 'Express', 'Access-Control-Allow-Origin': '*', 'Cache-Control': 'no-cache', 'ETag': 'W/"485-zivvE/4nUaPsUzJ8Np3e2gDLBpg"', 'Vary': 'Accept-Encoding', 'Content-Encoding': 'gzip', 'CF-Cache-Status': 'DYNAMIC', 'Report-To': '{"endpoints":[{"url":"https:\\/\\/a.nel.cloudflare.com\\/report\\/v4?s=EfhxANKv056GkNNBsEDaPMlI6AZ5r4tDC2fDH7MF14XMXGL2wiiaj%2FRRFE%2ByeAgGBpqp0nkDWa4iEhkErnaoLxxLdIPqYhE8E5MK%2BGnEzcW3BEKc7gpDBb3k7yPs1wdS"}],"group":"cf-nel","max_age":604800}', 'NEL': '{"success_fraction":0,"report_to":"cf-nel","max_age":604800}', 'Server': 'cloudflare', 'CF-RAY': '87e39977aa0a29b4-ORD', 'alt-svc': 'h3=":443"; ma=86400'} 
 body={"results":[{"gender":"female","name":{"title":"Mrs","first":"Pamela","last":"Olson"},"location":{"street":{"number":4843,"name":"Lone Wolf Trail"},"city":"Busselton","state":"Northern Territory","country":"Australia","postcode":6458,"coordinates":{"latitude":"-84.6768","longitude":"28.4293"},"timezone":{"offset":"+5:45","description":"Kathmandu"}},"email":"pamela.olson@example.com","login":{"uuid":"ca6b7735-a2e8-434a-8c14-4dc81bca624d","username":"goldenfish859","password":"battle","salt":"k3GmrPtV","md5":"e79ba74f7efe0c0a13a5e9a0d1691bfd","sha1":"79db99388235df6b071a33e089403969c3c08cab","sha256":"aa397ed4a8c82624f699e16557379d8b15051aa6e2cebcf09fcea6b701dae8e1"},"dob":{"date":"1987-05-15T03:42:53.066Z","age":36},"registered":{"date":"2013-06-18T13:16:34.037Z","age":10},"phone":"06-7641-2886","cell":"0470-874-469","id":{"name":"TFN","value":"113476597"},"picture":{"large":"https://randomuser.me/api/portraits/women/11.jpg","medium":"https://randomuser.me/api/portraits/med/women/11.jpg","thumbnail":"https://randomuser.me/api/portraits/thumb/women/11.jpg"},"nat":"AU"}],"info":{"seed":"acc647bf39883610","results":1,"page":1,"version":"1.4"}} 
 </msg>
<msg time="2024-05-03T22:13:39.241626" level="INFO">/opt/hostedtoolcache/Python/3.12.3/x64/lib/python3.12/site-packages/urllib3/connectionpool.py:1103: InsecureRequestWarning: Unverified HTTPS request is being made to host 'randomuser.me'. Adding certificate verification is strongly advised. See: https://urllib3.readthedocs.io/en/latest/advanced-usage.html#tls-warnings
  warnings.warn(</msg>
<msg time="2024-05-03T22:13:39.241725" level="INFO">${response} = &lt;Response [200]&gt;</msg>
<var>${response}</var>
<arg>consultarAPI</arg>
<arg>/api</arg>
<doc>Sends a GET request on a previously created HTTP Session.</doc>
<status status="PASS" start="2024-05-03T22:13:39.148295" elapsed="0.093473"/>
</kw>
<kw name="Set Variable" owner="BuiltIn">
<msg time="2024-05-03T22:13:39.242681" level="INFO">${json_data} = {'results': [{'gender': 'female', 'name': {'title': 'Mrs', 'first': 'Pamela', 'last': 'Olson'}, 'location': {'street': {'number': 4843, 'name': 'Lone Wolf Trail'}, 'city': 'Busselton', 'state': 'North...</msg>
<var>${json_data}</var>
<arg>${response.json()}</arg>
<doc>Returns the given values which can then be assigned to a variables.</doc>
<status status="PASS" start="2024-05-03T22:13:39.242217" elapsed="0.000492"/>
</kw>
<kw name="Log" owner="BuiltIn">
<msg time="2024-05-03T22:13:39.243168" level="INFO">{'results': [{'gender': 'female', 'name': {'title': 'Mrs', 'first': 'Pamela', 'last': 'Olson'}, 'location': {'street': {'number': 4843, 'name': 'Lone Wolf Trail'}, 'city': 'Busselton', 'state': 'Northern Territory', 'country': 'Australia', 'postcode': 6458, 'coordinates': {'latitude': '-84.6768', 'longitude': '28.4293'}, 'timezone': {'offset': '+5:45', 'description': 'Kathmandu'}}, 'email': 'pamela.olson@example.com', 'login': {'uuid': 'ca6b7735-a2e8-434a-8c14-4dc81bca624d', 'username': 'goldenfish859', 'password': 'battle', 'salt': 'k3GmrPtV', 'md5': 'e79ba74f7efe0c0a13a5e9a0d1691bfd', 'sha1': '79db99388235df6b071a33e089403969c3c08cab', 'sha256': 'aa397ed4a8c82624f699e16557379d8b15051aa6e2cebcf09fcea6b701dae8e1'}, 'dob': {'date': '1987-05-15T03:42:53.066Z', 'age': 36}, 'registered': {'date': '2013-06-18T13:16:34.037Z', 'age': 10}, 'phone': '06-7641-2886', 'cell': '0470-874-469', 'id': {'name': 'TFN', 'value': '113476597'}, 'picture': {'large': 'https://randomuser.me/api/portraits/women/11.jpg', 'medium': 'https://randomuser.me/api/portraits/med/women/11.jpg', 'thumbnail': 'https://randomuser.me/api/portraits/thumb/women/11.jpg'}, 'nat': 'AU'}], 'info': {'seed': 'acc647bf39883610', 'results': 1, 'page': 1, 'version': '1.4'}}</msg>
<arg>${json_data}</arg>
<doc>Logs the given message with the given level.</doc>
<status status="PASS" start="2024-05-03T22:13:39.243011" elapsed="0.000234"/>
</kw>
<kw name="Should Be String" owner="String">
<arg>${json_data['results'][0]['gender']}</arg>
<doc>Fails if the given ``item`` is not a string.</doc>
<status status="PASS" start="2024-05-03T22:13:39.243595" elapsed="0.000361"/>
</kw>
<kw name="Should Match Regexp" owner="BuiltIn">
<arg>${json_data['results'][0]['email']}</arg>
<arg>^[a-zA-Z0-9._%+-]+@[a-zA-Z0-9.-]+\.[a-zA-Z]{2,}$</arg>
<doc>Fails if ``string`` does not match ``pattern`` as a regular expression.</doc>
<status status="PASS" start="2024-05-03T22:13:39.244144" elapsed="0.000506"/>
</kw>
<kw name="Should Match Regexp" owner="BuiltIn">
<arg>${json_data['results'][0]['dob']['date']}</arg>
<arg>\\d{4}-\\d{2}-\\d{2}T\\d{2}:\\d{2}:\\d{2}\\.\\d{3}Z</arg>
<doc>Fails if ``string`` does not match ``pattern`` as a regular expression.</doc>
<status status="PASS" start="2024-05-03T22:13:39.244842" elapsed="0.000501"/>
</kw>
<kw name="Should Match Regexp" owner="BuiltIn">
<arg>${json_data['results'][0]['registered']['date']}</arg>
<arg>\\d{4}-\\d{2}-\\d{2}T\\d{2}:\\d{2}:\\d{2}\\.\\d{3}Z</arg>
<doc>Fails if ``string`` does not match ``pattern`` as a regular expression.</doc>
<status status="PASS" start="2024-05-03T22:13:39.245538" elapsed="0.000362"/>
</kw>
<kw name="Should Match Regexp" owner="BuiltIn">
<arg>${json_data['results'][0]['picture']['large']}</arg>
<arg>^https?://.*\.(?:png|jpe?g|gif|bmp)$</arg>
<doc>Fails if ``string`` does not match ``pattern`` as a regular expression.</doc>
<status status="PASS" start="2024-05-03T22:13:39.246083" elapsed="0.000488"/>
</kw>
<kw name="Should Match Regexp" owner="BuiltIn">
<arg>${json_data['results'][0]['picture']['medium']}</arg>
<arg>^https?://.*\.(?:png|jpe?g|gif|bmp)$</arg>
<doc>Fails if ``string`` does not match ``pattern`` as a regular expression.</doc>
<status status="PASS" start="2024-05-03T22:13:39.246759" elapsed="0.000363"/>
</kw>
<kw name="Should Match Regexp" owner="BuiltIn">
<arg>${json_data['results'][0]['picture']['thumbnail']}</arg>
<arg>^https?://.*\.(?:png|jpe?g|gif|bmp)$</arg>
<doc>Fails if ``string`` does not match ``pattern`` as a regular expression.</doc>
<status status="PASS" start="2024-05-03T22:13:39.247310" elapsed="0.000375"/>
</kw>
<kw name="Log" owner="BuiltIn">
<msg time="2024-05-03T22:13:39.248188" level="INFO">{'large': 'https://randomuser.me/api/portraits/women/11.jpg', 'medium': 'https://randomuser.me/api/portraits/med/women/11.jpg', 'thumbnail': 'https://randomuser.me/api/portraits/thumb/women/11.jpg'}</msg>
<arg>${json_data['results'][0]['picture']}</arg>
<doc>Logs the given message with the given level.</doc>
<status status="PASS" start="2024-05-03T22:13:39.247865" elapsed="0.000364"/>
</kw>
<status status="PASS" start="2024-05-03T22:13:39.148077" elapsed="0.100420"/>
</kw>
<kw name="Teste de Tipos de Dados - Postcode" owner="random-user-service">
<kw name="GET On Session" owner="RequestsLibrary">
<msg time="2024-05-03T22:13:39.327815" level="INFO">GET Request : url=https://randomuser.me/api 
 path_url=/api 
 headers={'User-Agent': 'python-requests/2.31.0', 'Accept-Encoding': 'gzip, deflate', 'Accept': '*/*', 'Connection': 'keep-alive'} 
 body=None 
 </msg>
<msg time="2024-05-03T22:13:39.327894" level="INFO">GET Response : url=https://randomuser.me/api 
 status=200, reason=OK 
 headers={'Date': 'Fri, 03 May 2024 22:13:39 GMT', 'Content-Type': 'application/json; charset=utf-8', 'Transfer-Encoding': 'chunked', 'Connection': 'keep-alive', 'X-Powered-By': 'Express', 'Access-Control-Allow-Origin': '*', 'Cache-Control': 'no-cache', 'ETag': 'W/"491-AjaTXCViZl3/KcATYtF7Dz2NuGQ"', 'Vary': 'Accept-Encoding', 'Content-Encoding': 'gzip', 'CF-Cache-Status': 'DYNAMIC', 'Report-To': '{"endpoints":[{"url":"https:\\/\\/a.nel.cloudflare.com\\/report\\/v4?s=wR9IJtjQFKrBDRPnRaS5QyOBta9BBZhz2PqbZyGb5ZG5A2dDiAVCLIVVSQq1p3LCFyayhiYnTdwtLU67b6oh%2BweImc38t6VtUGGcqPR0xmulmVGteFMVoeXbrZYnxsy3"}],"group":"cf-nel","max_age":604800}', 'NEL': '{"success_fraction":0,"report_to":"cf-nel","max_age":604800}', 'Server': 'cloudflare', 'CF-RAY': '87e399785a9529b4-ORD', 'alt-svc': 'h3=":443"; ma=86400'} 
 body={"results":[{"gender":"female","name":{"title":"Mrs","first":"Fanny","last":"Girard"},"location":{"street":{"number":6855,"name":"Rue Louis-Garrand"},"city":"Nanterre","state":"Lot","country":"France","postcode":39821,"coordinates":{"latitude":"-14.8773","longitude":"171.0310"},"timezone":{"offset":"+7:00","description":"Bangkok, Hanoi, Jakarta"}},"email":"fanny.girard@example.com","login":{"uuid":"668dae99-5015-4c72-a643-04c8a03024fe","username":"bluebird342","password":"darkstar","salt":"ceuXChPy","md5":"071815d010892bcd294da88123a771d3","sha1":"697c62271d63dc4592275194f6b94931a8cefadb","sha256":"595baf631a95a3e0f263649dbb6a43090dd1ebf834398447b8426e3723a57730"},"dob":{"date":"1988-05-14T19:15:12.924Z","age":35},"registered":{"date":"2013-07-02T21:54:35.625Z","age":10},"phone":"01-20-12-98-94","cell":"06-27-19-83-82","id":{"name":"INSEE","value":"2880497797700 45"},"picture":{"large":"https://randomuser.me/api/portraits/women/61.jpg","medium":"https://randomuser.me/api/portraits/med/women/61.jpg","thumbnail":"https://randomuser.me/api/portraits/thumb/women/61.jpg"},"nat":"FR"}],"info":{"seed":"24e0fa994489628e","results":1,"page":1,"version":"1.4"}} 
 </msg>
<msg time="2024-05-03T22:13:39.327961" level="INFO">/opt/hostedtoolcache/Python/3.12.3/x64/lib/python3.12/site-packages/urllib3/connectionpool.py:1103: InsecureRequestWarning: Unverified HTTPS request is being made to host 'randomuser.me'. Adding certificate verification is strongly advised. See: https://urllib3.readthedocs.io/en/latest/advanced-usage.html#tls-warnings
  warnings.warn(</msg>
<msg time="2024-05-03T22:13:39.328071" level="INFO">${response} = &lt;Response [200]&gt;</msg>
<var>${response}</var>
<arg>consultarAPI</arg>
<arg>/api</arg>
<doc>Sends a GET request on a previously created HTTP Session.</doc>
<status status="PASS" start="2024-05-03T22:13:39.248940" elapsed="0.079177"/>
</kw>
<kw name="Set Variable" owner="BuiltIn">
<msg time="2024-05-03T22:13:39.328992" level="INFO">${json_data} = {'results': [{'gender': 'female', 'name': {'title': 'Mrs', 'first': 'Fanny', 'last': 'Girard'}, 'location': {'street': {'number': 6855, 'name': 'Rue Louis-Garrand'}, 'city': 'Nanterre', 'state': 'Lot'...</msg>
<var>${json_data}</var>
<arg>${response.json()}</arg>
<doc>Returns the given values which can then be assigned to a variables.</doc>
<status status="PASS" start="2024-05-03T22:13:39.328541" elapsed="0.000478"/>
</kw>
<kw name="Log" owner="BuiltIn">
<msg time="2024-05-03T22:13:39.329468" level="INFO">{'results': [{'gender': 'female', 'name': {'title': 'Mrs', 'first': 'Fanny', 'last': 'Girard'}, 'location': {'street': {'number': 6855, 'name': 'Rue Louis-Garrand'}, 'city': 'Nanterre', 'state': 'Lot', 'country': 'France', 'postcode': 39821, 'coordinates': {'latitude': '-14.8773', 'longitude': '171.0310'}, 'timezone': {'offset': '+7:00', 'description': 'Bangkok, Hanoi, Jakarta'}}, 'email': 'fanny.girard@example.com', 'login': {'uuid': '668dae99-5015-4c72-a643-04c8a03024fe', 'username': 'bluebird342', 'password': 'darkstar', 'salt': 'ceuXChPy', 'md5': '071815d010892bcd294da88123a771d3', 'sha1': '697c62271d63dc4592275194f6b94931a8cefadb', 'sha256': '595baf631a95a3e0f263649dbb6a43090dd1ebf834398447b8426e3723a57730'}, 'dob': {'date': '1988-05-14T19:15:12.924Z', 'age': 35}, 'registered': {'date': '2013-07-02T21:54:35.625Z', 'age': 10}, 'phone': '01-20-12-98-94', 'cell': '06-27-19-83-82', 'id': {'name': 'INSEE', 'value': '2880497797700 45'}, 'picture': {'large': 'https://randomuser.me/api/portraits/women/61.jpg', 'medium': 'https://randomuser.me/api/portraits/med/women/61.jpg', 'thumbnail': 'https://randomuser.me/api/portraits/thumb/women/61.jpg'}, 'nat': 'FR'}], 'info': {'seed': '24e0fa994489628e', 'results': 1, 'page': 1, 'version': '1.4'}}</msg>
<arg>${json_data}</arg>
<doc>Logs the given message with the given level.</doc>
<status status="PASS" start="2024-05-03T22:13:39.329317" elapsed="0.000229"/>
</kw>
<kw name="Should Be Equal As Numbers" owner="BuiltIn">
<arg>${json_data['results'][0]['location']['postcode']}</arg>
<arg>${json_data['results'][0]['location']['postcode']}</arg>
<doc>Fails if objects are unequal after converting them to real numbers.</doc>
<status status="PASS" start="2024-05-03T22:13:39.329844" elapsed="0.000763"/>
</kw>
<kw name="Log" owner="BuiltIn">
<msg time="2024-05-03T22:13:39.331138" level="INFO">39821</msg>
<arg>${json_data['results'][0]['location']['postcode']}</arg>
<doc>Logs the given message with the given level.</doc>
<status status="PASS" start="2024-05-03T22:13:39.330800" elapsed="0.000378"/>
</kw>
<status status="PASS" start="2024-05-03T22:13:39.248721" elapsed="0.082705"/>
</kw>
<doc>Testa se os tipos de dados na resposta da API estão corretos.</doc>
<tag>testeTiposDados</tag>
<status status="PASS" start="2024-05-03T22:13:39.147644" elapsed="0.183974"/>
</test>
<test id="s1-s1-t5" name="Validar conteudo" line="35">
<kw name="Teste de Tipos de Conteudo" owner="random-user-service">
<kw name="GET On Session" owner="RequestsLibrary">
<msg time="2024-05-03T22:13:39.428589" level="INFO">GET Request : url=https://randomuser.me/api 
 path_url=/api 
 headers={'User-Agent': 'python-requests/2.31.0', 'Accept-Encoding': 'gzip, deflate', 'Accept': '*/*', 'Connection': 'keep-alive'} 
 body=None 
 </msg>
<msg time="2024-05-03T22:13:39.428677" level="INFO">GET Response : url=https://randomuser.me/api 
 status=200, reason=OK 
 headers={'Date': 'Fri, 03 May 2024 22:13:39 GMT', 'Content-Type': 'application/json; charset=utf-8', 'Transfer-Encoding': 'chunked', 'Connection': 'keep-alive', 'X-Powered-By': 'Express', 'Access-Control-Allow-Origin': '*', 'Cache-Control': 'no-cache', 'ETag': 'W/"480-vjOgp0lpZtuLtm7bNq6TCBoQtIM"', 'Vary': 'Accept-Encoding', 'Content-Encoding': 'gzip', 'CF-Cache-Status': 'DYNAMIC', 'Report-To': '{"endpoints":[{"url":"https:\\/\\/a.nel.cloudflare.com\\/report\\/v4?s=wgVHfjfILAr5iFw4nK%2F9WzGmUQrIZ3WuhFcxvwwjygGH9iPFoBUS1v%2ByRCLeLhfRUEVvGdwOks%2BEO6HaM1RaX76rVylJAvdmx5T7RGNNJM1bMWahX7mqUqPmb86u%2Bq5U"}],"group":"cf-nel","max_age":604800}', 'NEL': '{"success_fraction":0,"report_to":"cf-nel","max_age":604800}', 'Server': 'cloudflare', 'CF-RAY': '87e39978db1329b4-ORD', 'alt-svc': 'h3=":443"; ma=86400'} 
 body={"results":[{"gender":"female","name":{"title":"Mrs","first":"Vlatka","last":"Isaković"},"location":{"street":{"number":6859,"name":"Ištvana Lakija"},"city":"Ruma","state":"Mačva","country":"Serbia","postcode":75894,"coordinates":{"latitude":"62.5626","longitude":"91.5091"},"timezone":{"offset":"-12:00","description":"Eniwetok, Kwajalein"}},"email":"vlatka.isakovic@example.com","login":{"uuid":"f390a4b5-bf2d-417b-a16b-27fa2d03e51a","username":"sadcat511","password":"graphics","salt":"7i1hDUQg","md5":"595f537eb7bc14479bf487f20ec4dee3","sha1":"7ad61efab484163d71db56b189379cec9e26e84e","sha256":"bff9d7a47ec3e783f0c21dddfe84f76dfa4c99c50813a14e810fafa7af5de2b1"},"dob":{"date":"2001-04-05T13:36:58.251Z","age":23},"registered":{"date":"2015-08-08T20:28:16.497Z","age":8},"phone":"030-1931-688","cell":"067-0562-803","id":{"name":"SID","value":"934185539"},"picture":{"large":"https://randomuser.me/api/portraits/women/16.jpg","medium":"https://randomuser.me/api/portraits/med/women/16.jpg","thumbnail":"https://randomuser.me/api/portraits/thumb/women/16.jpg"},"nat":"RS"}],"info":{"seed":"dacb8a61f5c5c933","results":1,"page":1,"version":"1.4"}} 
 </msg>
<msg time="2024-05-03T22:13:39.428736" level="INFO">/opt/hostedtoolcache/Python/3.12.3/x64/lib/python3.12/site-packages/urllib3/connectionpool.py:1103: InsecureRequestWarning: Unverified HTTPS request is being made to host 'randomuser.me'. Adding certificate verification is strongly advised. See: https://urllib3.readthedocs.io/en/latest/advanced-usage.html#tls-warnings
  warnings.warn(</msg>
<msg time="2024-05-03T22:13:39.428824" level="INFO">${response} = &lt;Response [200]&gt;</msg>
<var>${response}</var>
<arg>consultarAPI</arg>
<arg>/api</arg>
<doc>Sends a GET request on a previously created HTTP Session.</doc>
<status status="PASS" start="2024-05-03T22:13:39.334097" elapsed="0.094769"/>
</kw>
<kw name="Set Variable" owner="BuiltIn">
<msg time="2024-05-03T22:13:39.429899" level="INFO">${json_data} = {'results': [{'gender': 'female', 'name': {'title': 'Mrs', 'first': 'Vlatka', 'last': 'Isaković'}, 'location': {'street': {'number': 6859, 'name': 'Ištvana Lakija'}, 'city': 'Ruma', 'state': 'Mačva', ...</msg>
<var>${json_data}</var>
<arg>${response.json()}</arg>
<doc>Returns the given values which can then be assigned to a variables.</doc>
<status status="PASS" start="2024-05-03T22:13:39.429325" elapsed="0.000604"/>
</kw>
<kw name="Set Variable" owner="BuiltIn">
<msg time="2024-05-03T22:13:39.430618" level="INFO">${name_title} = Mrs</msg>
<var>${name_title}</var>
<arg>${json_data["results"][0]["name"]["title"]}</arg>
<doc>Returns the given values which can then be assigned to a variables.</doc>
<status status="PASS" start="2024-05-03T22:13:39.430237" elapsed="0.000406"/>
</kw>
<kw name="Create List" owner="BuiltIn">
<msg time="2024-05-03T22:13:39.431083" level="INFO">${allowed_titles} = ['Mr', 'Ms', 'Miss', 'Mrs', 'Madame', 'Monsieur']</msg>
<var>${allowed_titles}</var>
<arg>Mr</arg>
<arg>Ms</arg>
<arg>Miss</arg>
<arg>Mrs</arg>
<arg>Madame</arg>
<arg>Monsieur</arg>
<doc>Returns a list containing given items.</doc>
<status status="PASS" start="2024-05-03T22:13:39.430937" elapsed="0.000170"/>
</kw>
<kw name="List Should Contain Value" owner="Collections">
<msg time="2024-05-03T22:13:39.431633" level="INFO">False</msg>
<arg>${allowed_titles}</arg>
<arg>${name_title}</arg>
<doc>Fails if the ``value`` is not found from ``list``.</doc>
<status status="PASS" start="2024-05-03T22:13:39.431410" elapsed="0.000262"/>
</kw>
<kw name="Set Variable" owner="BuiltIn">
<msg time="2024-05-03T22:13:39.432349" level="INFO">${name_country} = RS</msg>
<var>${name_country}</var>
<arg>${json_data["results"][0]["nat"]}</arg>
<doc>Returns the given values which can then be assigned to a variables.</doc>
<status status="PASS" start="2024-05-03T22:13:39.431969" elapsed="0.000405"/>
</kw>
<kw name="Create List" owner="BuiltIn">
<msg time="2024-05-03T22:13:39.433268" level="INFO">${list_country} = ['AD', 'AE', 'AF', 'AG', 'AI', 'AL', 'AM', 'AO', 'AQ', 'AR', 'AS', 'AT', 'AU', 'AW', 'AX', 'AZ', 'BA', 'BB', 'BD', 'BE', 'BF', 'BG', 'BH', 'BI', 'BJ', 'BL', 'BM', 'BN', 'BO', 'BQ', 'BR', 'BS', 'BT', '...</msg>
<var>${list_country}</var>
<arg>AD</arg>
<arg>AE</arg>
<arg>AF</arg>
<arg>AG</arg>
<arg>AI</arg>
<arg>AL</arg>
<arg>AM</arg>
<arg>AO</arg>
<arg>AQ</arg>
<arg>AR</arg>
<arg>AS</arg>
<arg>AT</arg>
<arg>AU</arg>
<arg>AW</arg>
<arg>AX</arg>
<arg>AZ</arg>
<arg>BA</arg>
<arg>BB</arg>
<arg>BD</arg>
<arg>BE</arg>
<arg>BF</arg>
<arg>BG</arg>
<arg>BH</arg>
<arg>BI</arg>
<arg>BJ</arg>
<arg>BL</arg>
<arg>BM</arg>
<arg>BN</arg>
<arg>BO</arg>
<arg>BQ</arg>
<arg>BR</arg>
<arg>BS</arg>
<arg>BT</arg>
<arg>BV</arg>
<arg>BW</arg>
<arg>BY</arg>
<arg>BZ</arg>
<arg>CA</arg>
<arg>CC</arg>
<arg>CD</arg>
<arg>CF</arg>
<arg>CG</arg>
<arg>CH</arg>
<arg>CI</arg>
<arg>CK</arg>
<arg>CL</arg>
<arg>CM</arg>
<arg>CN</arg>
<arg>CO</arg>
<arg>CR</arg>
<arg>CU</arg>
<arg>CV</arg>
<arg>CW</arg>
<arg>CX</arg>
<arg>CY</arg>
<arg>CZ</arg>
<arg>DE</arg>
<arg>DJ</arg>
<arg>DK</arg>
<arg>DM</arg>
<arg>DO</arg>
<arg>DZ</arg>
<arg>EC</arg>
<arg>EE</arg>
<arg>EG</arg>
<arg>EH</arg>
<arg>ER</arg>
<arg>ES</arg>
<arg>ET</arg>
<arg>FI</arg>
<arg>FJ</arg>
<arg>FK</arg>
<arg>FM</arg>
<arg>FO</arg>
<arg>FR</arg>
<arg>GA</arg>
<arg>GB</arg>
<arg>GD</arg>
<arg>GE</arg>
<arg>GF</arg>
<arg>GG</arg>
<arg>GH</arg>
<arg>GI</arg>
<arg>GL</arg>
<arg>GM</arg>
<arg>GN</arg>
<arg>GP</arg>
<arg>GQ</arg>
<arg>GR</arg>
<arg>GS</arg>
<arg>GT</arg>
<arg>GU</arg>
<arg>GW</arg>
<arg>GY</arg>
<arg>HK</arg>
<arg>HM</arg>
<arg>HN</arg>
<arg>HR</arg>
<arg>HT</arg>
<arg>HU</arg>
<arg>ID</arg>
<arg>IE</arg>
<arg>IL</arg>
<arg>IM</arg>
<arg>IN</arg>
<arg>IO</arg>
<arg>IQ</arg>
<arg>IR</arg>
<arg>IS</arg>
<arg>IT</arg>
<arg>JE</arg>
<arg>JM</arg>
<arg>JO</arg>
<arg>JP</arg>
<arg>KE</arg>
<arg>KG</arg>
<arg>KH</arg>
<arg>KI</arg>
<arg>KM</arg>
<arg>KN</arg>
<arg>KP</arg>
<arg>KR</arg>
<arg>KW</arg>
<arg>KY</arg>
<arg>KZ</arg>
<arg>LA</arg>
<arg>LB</arg>
<arg>LC</arg>
<arg>LI</arg>
<arg>LK</arg>
<arg>LR</arg>
<arg>LS</arg>
<arg>LT</arg>
<arg>LU</arg>
<arg>LV</arg>
<arg>LY</arg>
<arg>MA</arg>
<arg>MC</arg>
<arg>MD</arg>
<arg>ME</arg>
<arg>MF</arg>
<arg>MG</arg>
<arg>MH</arg>
<arg>MK</arg>
<arg>ML</arg>
<arg>MM</arg>
<arg>MN</arg>
<arg>MO</arg>
<arg>MP</arg>
<arg>MQ</arg>
<arg>MR</arg>
<arg>MS</arg>
<arg>MT</arg>
<arg>MU</arg>
<arg>MV</arg>
<arg>MW</arg>
<arg>MX</arg>
<arg>MY</arg>
<arg>MZ</arg>
<arg>NA</arg>
<arg>NC</arg>
<arg>NE</arg>
<arg>NF</arg>
<arg>NG</arg>
<arg>NI</arg>
<arg>NL</arg>
<arg>NO</arg>
<arg>NP</arg>
<arg>NR</arg>
<arg>NU</arg>
<arg>NZ</arg>
<arg>OM</arg>
<arg>PA</arg>
<arg>PE</arg>
<arg>PF</arg>
<arg>PG</arg>
<arg>PH</arg>
<arg>PK</arg>
<arg>PL</arg>
<arg>PM</arg>
<arg>PN</arg>
<arg>PR</arg>
<arg>PS</arg>
<arg>PT</arg>
<arg>PW</arg>
<arg>PY</arg>
<arg>QA</arg>
<arg>RE</arg>
<arg>RO</arg>
<arg>RS</arg>
<arg>RU</arg>
<arg>RW</arg>
<arg>SA</arg>
<arg>SB</arg>
<arg>SC</arg>
<arg>SD</arg>
<arg>SE</arg>
<arg>SG</arg>
<arg>SH</arg>
<arg>SI</arg>
<arg>SJ</arg>
<arg>SK</arg>
<arg>SL</arg>
<arg>SM</arg>
<arg>SN</arg>
<arg>SO</arg>
<arg>SR</arg>
<arg>SS</arg>
<arg>ST</arg>
<arg>SV</arg>
<arg>SX</arg>
<arg>SY</arg>
<arg>SZ</arg>
<arg>TC</arg>
<arg>TD</arg>
<arg>TF</arg>
<arg>TG</arg>
<arg>TH</arg>
<arg>TJ</arg>
<arg>TK</arg>
<arg>TL</arg>
<arg>TM</arg>
<arg>TN</arg>
<arg>TO</arg>
<arg>TR</arg>
<arg>TT</arg>
<arg>TV</arg>
<arg>TW</arg>
<arg>TZ</arg>
<arg>UA</arg>
<arg>UG</arg>
<arg>UM</arg>
<arg>US</arg>
<arg>UY</arg>
<arg>UZ</arg>
<arg>VA</arg>
<arg>VC</arg>
<arg>VE</arg>
<arg>VG</arg>
<arg>VI</arg>
<arg>VN</arg>
<arg>VU</arg>
<arg>WF</arg>
<arg>WS</arg>
<arg>XK</arg>
<arg>YE</arg>
<arg>YT</arg>
<arg>ZA</arg>
<arg>ZM</arg>
<arg>ZW</arg>
<doc>Returns a list containing given items.</doc>
<status status="PASS" start="2024-05-03T22:13:39.432679" elapsed="0.000614"/>
</kw>
<kw name="List Should Contain Value" owner="Collections">
<msg time="2024-05-03T22:13:39.434280" level="INFO">False</msg>
<arg>${list_country}</arg>
<arg>${name_country}</arg>
<doc>Fails if the ``value`` is not found from ``list``.</doc>
<status status="PASS" start="2024-05-03T22:13:39.434081" elapsed="0.000236"/>
</kw>
<kw name="Run Keyword If" owner="BuiltIn">
<kw name="Should Be True" owner="BuiltIn">
<arg>${True}</arg>
<doc>Fails if the given condition is not true.</doc>
<status status="PASS" start="2024-05-03T22:13:39.435384" elapsed="0.000177"/>
</kw>
<arg>${json_data["results"][0]["location"]["coordinates"]["latitude"]} &gt;= -90 and ${json_data["results"][0]["location"]["coordinates"]["latitude"]} &lt;= 90</arg>
<arg>Should Be True</arg>
<arg>${True}</arg>
<doc>Runs the given keyword with the given arguments, if ``condition`` is true.</doc>
<status status="PASS" start="2024-05-03T22:13:39.434636" elapsed="0.001058"/>
</kw>
<kw name="Run Keyword If" owner="BuiltIn">
<kw name="Should Be True" owner="BuiltIn">
<arg>${True}</arg>
<doc>Fails if the given condition is not true.</doc>
<status status="PASS" start="2024-05-03T22:13:39.436570" elapsed="0.000241"/>
</kw>
<arg>${json_data["results"][0]["location"]["coordinates"]["longitude"]} &gt;= -180 and ${json_data["results"][0]["location"]["coordinates"]["longitude"]} &lt;= 180</arg>
<arg>Should Be True</arg>
<arg>${True}</arg>
<doc>Runs the given keyword with the given arguments, if ``condition`` is true.</doc>
<status status="PASS" start="2024-05-03T22:13:39.435876" elapsed="0.001060"/>
</kw>
<status status="PASS" start="2024-05-03T22:13:39.333878" elapsed="0.103185"/>
</kw>
<doc>Testa o conteúdo específico dos campos retornados pela API.</doc>
<tag>testeConteudo</tag>
<status status="PASS" start="2024-05-03T22:13:39.333373" elapsed="0.103834"/>
</test>
<status status="PASS" start="2024-05-03T22:13:38.517327" elapsed="0.921814"/>
</suite>
<status status="PASS" start="2024-05-03T22:13:38.502025" elapsed="0.942278"/>
</suite>
<statistics>
<total>
<stat pass="5" fail="0" skip="0">All Tests</stat>
</total>
<tag>
<stat pass="1" fail="0" skip="0">testeConteudo</stat>
<stat pass="1" fail="0" skip="0">testeEstruturaResposta</stat>
<stat pass="1" fail="0" skip="0">testeRequisicaoBasica</stat>
<stat pass="1" fail="0" skip="0">testeTiposDados</stat>
</tag>
<suite>
<stat pass="5" fail="0" skip="0" id="s1" name="Tests">Tests</stat>
<stat pass="5" fail="0" skip="0" id="s1-s1" name="Random-User-Test">Tests.Random-User-Test</stat>
</suite>
</statistics>
<errors>
</errors>
</robot>
