<?xml version="1.0" encoding="UTF-8"?>
<robot generator="Robot 7.0.1 (Python 3.12.4 on linux)" generated="2024-07-13T23:14:00.673951" rpa="false" schemaversion="5">
<suite id="s1" name="Tests" source="/home/runner/work/ApiRandomUser/ApiRandomUser/RamdonUser/tests">
<suite id="s1-s1" name="Random-User-Test" source="/home/runner/work/ApiRandomUser/ApiRandomUser/RamdonUser/tests/random-user-test.robot">
<test id="s1-s1-t1" name="Conectar" line="13">
<kw name="Conectar API" owner="random-user-service">
<kw name="Create Session" owner="RequestsLibrary">
<msg time="2024-07-13T23:14:01.121005" level="INFO">Creating Session using : alias=consultarAPI, url=https://randomuser.me/, headers={},                     cookies={}, auth=None, timeout=None, proxies=None, verify=False,                     debug=0 </msg>
<arg>consultarAPI</arg>
<arg>${URL}</arg>
<doc>Create Session: create a HTTP session to a server</doc>
<status status="PASS" start="2024-07-13T23:14:01.120790" elapsed="0.000416"/>
</kw>
<status status="PASS" start="2024-07-13T23:14:01.119765" elapsed="0.001821"/>
</kw>
<status status="PASS" start="2024-07-13T23:14:01.119097" elapsed="0.002681"/>
</test>
<test id="s1-s1-t2" name="Validar retorno 200 e JSON Válido" line="16">
<kw name="Teste de Requisicao Basica" owner="random-user-service">
<kw name="GET On Session" owner="RequestsLibrary">
<msg time="2024-07-13T23:14:01.389410" level="INFO">GET Request : url=https://randomuser.me/api 
 path_url=/api 
 headers={'User-Agent': 'python-requests/2.32.3', 'Accept-Encoding': 'gzip, deflate', 'Accept': '*/*', 'Connection': 'keep-alive'} 
 body=None 
 </msg>
<msg time="2024-07-13T23:14:01.389587" level="INFO">GET Response : url=https://randomuser.me/api 
 status=200, reason=OK 
 headers={'Date': 'Sat, 13 Jul 2024 23:14:01 GMT', 'Content-Type': 'application/json; charset=utf-8', 'Transfer-Encoding': 'chunked', 'Connection': 'keep-alive', 'X-Powered-By': 'Express', 'Access-Control-Allow-Origin': '*', 'Cache-Control': 'no-cache', 'ETag': 'W/"47f-JXRHZnU5wgVdqH2zL5V3zbrFd04"', 'Vary': 'Accept-Encoding', 'Content-Encoding': 'gzip', 'CF-Cache-Status': 'DYNAMIC', 'Report-To': '{"endpoints":[{"url":"https:\\/\\/a.nel.cloudflare.com\\/report\\/v4?s=aMqYaPWLxb6r6glQptHkN6YaNhzBiIndaQV0tc4LRXQE%2FGqFTiElvL%2Fn2ULUwYaIcPbPryKhSI7aPl3n%2Bi8x%2BA7ozAQQIeoWL%2BDUrHAu2tyEYt1xuEAMTQYkKl%2BXQW15"}],"group":"cf-nel","max_age":604800}', 'NEL': '{"success_fraction":0,"report_to":"cf-nel","max_age":604800}', 'Server': 'cloudflare', 'CF-RAY': '8a2cf7866a458274-IAD', 'alt-svc': 'h3=":443"; ma=86400'} 
 body={"results":[{"gender":"female","name":{"title":"Mrs","first":"Ece","last":"Aykaç"},"location":{"street":{"number":4953,"name":"Kushimoto Sk"},"city":"Trabzon","state":"Ankara","country":"Turkey","postcode":21218,"coordinates":{"latitude":"64.4733","longitude":"67.6750"},"timezone":{"offset":"+5:30","description":"Bombay, Calcutta, Madras, New Delhi"}},"email":"ece.aykac@example.com","login":{"uuid":"629b73c1-151e-4ef8-9c23-dcaa3ad8a228","username":"brownsnake817","password":"bmw325","salt":"wg469HhU","md5":"a5fb0106df045c66a1ffeceb2e43e757","sha1":"efb980054574104b9acb435887fda5fe61c4ac40","sha256":"4791d72b0f59ee41f137f0670fd36c10ea49ecf6c60acfded1d15deb56b575cc"},"dob":{"date":"1983-02-10T07:04:55.719Z","age":41},"registered":{"date":"2014-12-25T10:11:32.489Z","age":9},"phone":"(685)-611-5274","cell":"(939)-480-5174","id":{"name":"","value":null},"picture":{"large":"https://randomuser.me/api/portraits/women/23.jpg","medium":"https://randomuser.me/api/portraits/med/women/23.jpg","thumbnail":"https://randomuser.me/api/portraits/thumb/women/23.jpg"},"nat":"TR"}],"info":{"seed":"086575afa6bf602b","results":1,"page":1,"version":"1.4"}} 
 </msg>
<msg time="2024-07-13T23:14:01.389686" level="INFO">/opt/hostedtoolcache/Python/3.12.4/x64/lib/python3.12/site-packages/urllib3/connectionpool.py:1099: InsecureRequestWarning: Unverified HTTPS request is being made to host 'randomuser.me'. Adding certificate verification is strongly advised. See: https://urllib3.readthedocs.io/en/latest/advanced-usage.html#tls-warnings
  warnings.warn(</msg>
<msg time="2024-07-13T23:14:01.389842" level="INFO">${response} = &lt;Response [200]&gt;</msg>
<var>${response}</var>
<arg>consultarAPI</arg>
<arg>/api</arg>
<doc>Sends a GET request on a previously created HTTP Session.</doc>
<status status="PASS" start="2024-07-13T23:14:01.124473" elapsed="0.265412"/>
</kw>
<kw name="Should Be Equal As Numbers" owner="BuiltIn">
<msg time="2024-07-13T23:14:01.390935" level="INFO">Argument types are:
&lt;class 'int'&gt;
&lt;class 'str'&gt;</msg>
<arg>${response.status_code}</arg>
<arg>200</arg>
<doc>Fails if objects are unequal after converting them to real numbers.</doc>
<status status="PASS" start="2024-07-13T23:14:01.390457" elapsed="0.000545"/>
</kw>
<kw name="Log" owner="BuiltIn">
<msg time="2024-07-13T23:14:01.391731" level="INFO">200</msg>
<arg>${response.status_code}</arg>
<doc>Logs the given message with the given level.</doc>
<status status="PASS" start="2024-07-13T23:14:01.391329" elapsed="0.000447"/>
</kw>
<kw name="Set Variable" owner="BuiltIn">
<msg time="2024-07-13T23:14:01.392540" level="INFO">${json_data} = {'results': [{'gender': 'female', 'name': {'title': 'Mrs', 'first': 'Ece', 'last': 'Aykaç'}, 'location': {'street': {'number': 4953, 'name': 'Kushimoto Sk'}, 'city': 'Trabzon', 'state': 'Ankara', 'cou...</msg>
<var>${json_data}</var>
<arg>${response.json()}</arg>
<doc>Returns the given values which can then be assigned to a variables.</doc>
<status status="PASS" start="2024-07-13T23:14:01.392088" elapsed="0.000482"/>
</kw>
<kw name="Dictionary Should Contain Key" owner="Collections">
<arg>${json_data}</arg>
<arg>results</arg>
<doc>Fails if ``key`` is not found from ``dictionary``.</doc>
<status status="PASS" start="2024-07-13T23:14:01.392874" elapsed="0.000166"/>
</kw>
<status status="PASS" start="2024-07-13T23:14:01.124215" elapsed="0.268985"/>
</kw>
<doc>Testa se a API responde corretamente e retorna um objeto JSON válido.</doc>
<tag>testeRequisicaoBasica</tag>
<status status="PASS" start="2024-07-13T23:14:01.123667" elapsed="0.269718"/>
</test>
<test id="s1-s1-t3" name="Validar estrutura de resposta" line="22">
<kw name="Teste de Estrutura de Resposta" owner="random-user-service">
<kw name="GET On Session" owner="RequestsLibrary">
<msg time="2024-07-13T23:14:01.482161" level="INFO">GET Request : url=https://randomuser.me/api 
 path_url=/api 
 headers={'User-Agent': 'python-requests/2.32.3', 'Accept-Encoding': 'gzip, deflate', 'Accept': '*/*', 'Connection': 'keep-alive'} 
 body=None 
 </msg>
<msg time="2024-07-13T23:14:01.482270" level="INFO">GET Response : url=https://randomuser.me/api 
 status=200, reason=OK 
 headers={'Date': 'Sat, 13 Jul 2024 23:14:01 GMT', 'Content-Type': 'application/json; charset=utf-8', 'Transfer-Encoding': 'chunked', 'Connection': 'keep-alive', 'X-Powered-By': 'Express', 'Access-Control-Allow-Origin': '*', 'Cache-Control': 'no-cache', 'ETag': 'W/"48f-r5Q55yHNt3b9G991OUkssO+ZyvA"', 'Vary': 'Accept-Encoding', 'Content-Encoding': 'gzip', 'CF-Cache-Status': 'DYNAMIC', 'Report-To': '{"endpoints":[{"url":"https:\\/\\/a.nel.cloudflare.com\\/report\\/v4?s=reMvIIc3V0kgo3bb4M8Ggk0imKqOJeWL%2BTi3Gsw99eNtptnMiHEO8I1w3%2BZseWlV%2BEzllps23w5xBrYZIzaKGJ%2Flfn2iBXUHlvsQGbQsPMvJcjZHmVe6nGLfyx7zj%2F%2Fo"}],"group":"cf-nel","max_age":604800}', 'NEL': '{"success_fraction":0,"report_to":"cf-nel","max_age":604800}', 'Server': 'cloudflare', 'CF-RAY': '8a2cf786ca988274-IAD', 'alt-svc': 'h3=":443"; ma=86400'} 
 body={"results":[{"gender":"female","name":{"title":"Ms","first":"Avery","last":"Roy"},"location":{"street":{"number":9625,"name":"Grand Marais Ave"},"city":"Hudson","state":"Saskatchewan","country":"Canada","postcode":"X5G 8M4","coordinates":{"latitude":"-71.3712","longitude":"48.2613"},"timezone":{"offset":"-3:00","description":"Brazil, Buenos Aires, Georgetown"}},"email":"avery.roy@example.com","login":{"uuid":"3cb5f87d-a110-46a4-b12e-736365058ada","username":"whitekoala285","password":"bootsy","salt":"dgbAPq0g","md5":"bd0e1d2b5907bf3f6b0bbc78171eedf9","sha1":"c3ca5d0230cbac695e8d564e1a23245e6225b053","sha256":"ed2d7a25b5ca47da969ab38c232e510ced9389190c718c5dd99ae666b0bb44e3"},"dob":{"date":"1966-11-01T21:11:59.089Z","age":57},"registered":{"date":"2006-10-01T21:23:16.230Z","age":17},"phone":"I03 O68-6673","cell":"T58 M62-0242","id":{"name":"SIN","value":"594322869"},"picture":{"large":"https://randomuser.me/api/portraits/women/40.jpg","medium":"https://randomuser.me/api/portraits/med/women/40.jpg","thumbnail":"https://randomuser.me/api/portraits/thumb/women/40.jpg"},"nat":"CA"}],"info":{"seed":"b208fdf6bdd49ae1","results":1,"page":1,"version":"1.4"}} 
 </msg>
<msg time="2024-07-13T23:14:01.482412" level="INFO">/opt/hostedtoolcache/Python/3.12.4/x64/lib/python3.12/site-packages/urllib3/connectionpool.py:1099: InsecureRequestWarning: Unverified HTTPS request is being made to host 'randomuser.me'. Adding certificate verification is strongly advised. See: https://urllib3.readthedocs.io/en/latest/advanced-usage.html#tls-warnings
  warnings.warn(</msg>
<msg time="2024-07-13T23:14:01.482568" level="INFO">${response} = &lt;Response [200]&gt;</msg>
<var>${response}</var>
<arg>consultarAPI</arg>
<arg>/api</arg>
<doc>Sends a GET request on a previously created HTTP Session.</doc>
<status status="PASS" start="2024-07-13T23:14:01.396056" elapsed="0.086555"/>
</kw>
<kw name="Set Variable" owner="BuiltIn">
<msg time="2024-07-13T23:14:01.483708" level="INFO">${json_data} = {'results': [{'gender': 'female', 'name': {'title': 'Ms', 'first': 'Avery', 'last': 'Roy'}, 'location': {'street': {'number': 9625, 'name': 'Grand Marais Ave'}, 'city': 'Hudson', 'state': 'Saskatchewa...</msg>
<var>${json_data}</var>
<arg>${response.json()}</arg>
<doc>Returns the given values which can then be assigned to a variables.</doc>
<status status="PASS" start="2024-07-13T23:14:01.483142" elapsed="0.000595"/>
</kw>
<kw name="Log" owner="BuiltIn">
<msg time="2024-07-13T23:14:01.484226" level="INFO">{'results': [{'gender': 'female', 'name': {'title': 'Ms', 'first': 'Avery', 'last': 'Roy'}, 'location': {'street': {'number': 9625, 'name': 'Grand Marais Ave'}, 'city': 'Hudson', 'state': 'Saskatchewan', 'country': 'Canada', 'postcode': 'X5G 8M4', 'coordinates': {'latitude': '-71.3712', 'longitude': '48.2613'}, 'timezone': {'offset': '-3:00', 'description': 'Brazil, Buenos Aires, Georgetown'}}, 'email': 'avery.roy@example.com', 'login': {'uuid': '3cb5f87d-a110-46a4-b12e-736365058ada', 'username': 'whitekoala285', 'password': 'bootsy', 'salt': 'dgbAPq0g', 'md5': 'bd0e1d2b5907bf3f6b0bbc78171eedf9', 'sha1': 'c3ca5d0230cbac695e8d564e1a23245e6225b053', 'sha256': 'ed2d7a25b5ca47da969ab38c232e510ced9389190c718c5dd99ae666b0bb44e3'}, 'dob': {'date': '1966-11-01T21:11:59.089Z', 'age': 57}, 'registered': {'date': '2006-10-01T21:23:16.230Z', 'age': 17}, 'phone': 'I03 O68-6673', 'cell': 'T58 M62-0242', 'id': {'name': 'SIN', 'value': '594322869'}, 'picture': {'large': 'https://randomuser.me/api/portraits/women/40.jpg', 'medium': 'https://randomuser.me/api/portraits/med/women/40.jpg', 'thumbnail': 'https://randomuser.me/api/portraits/thumb/women/40.jpg'}, 'nat': 'CA'}], 'info': {'seed': 'b208fdf6bdd49ae1', 'results': 1, 'page': 1, 'version': '1.4'}}</msg>
<arg>${json_data}</arg>
<doc>Logs the given message with the given level.</doc>
<status status="PASS" start="2024-07-13T23:14:01.484063" elapsed="0.000212"/>
</kw>
<kw name="Dictionary Should Contain Key" owner="Collections">
<arg>${json_data}</arg>
<arg>results</arg>
<doc>Fails if ``key`` is not found from ``dictionary``.</doc>
<status status="PASS" start="2024-07-13T23:14:01.484568" elapsed="0.000156"/>
</kw>
<kw name="Should Not Be Empty" owner="BuiltIn">
<msg time="2024-07-13T23:14:01.485041" level="INFO">Length is 2.</msg>
<arg>${json_data}</arg>
<doc>Verifies that the given item is not empty.</doc>
<status status="PASS" start="2024-07-13T23:14:01.484911" elapsed="0.000170"/>
</kw>
<kw name="Create List" owner="BuiltIn">
<msg time="2024-07-13T23:14:01.485683" level="INFO">${expected_keys} = ['gender', 'name', 'location', 'email', 'login']</msg>
<var>${expected_keys}</var>
<arg>gender</arg>
<arg>name</arg>
<arg>location</arg>
<arg>email</arg>
<arg>login</arg>
<doc>Returns a list containing given items.</doc>
<status status="PASS" start="2024-07-13T23:14:01.485369" elapsed="0.000339"/>
</kw>
<for flavor="IN">
<iter>
<kw name="Dictionary Should Contain Key" owner="Collections">
<arg>${json_data['results'][0]}</arg>
<arg>${key}</arg>
<doc>Fails if ``key`` is not found from ``dictionary``.</doc>
<status status="PASS" start="2024-07-13T23:14:01.486300" elapsed="0.000403"/>
</kw>
<kw name="Log" owner="BuiltIn">
<msg time="2024-07-13T23:14:01.487250" level="INFO">{'gender': 'female', 'name': {'title': 'Ms', 'first': 'Avery', 'last': 'Roy'}, 'location': {'street': {'number': 9625, 'name': 'Grand Marais Ave'}, 'city': 'Hudson', 'state': 'Saskatchewan', 'country': 'Canada', 'postcode': 'X5G 8M4', 'coordinates': {'latitude': '-71.3712', 'longitude': '48.2613'}, 'timezone': {'offset': '-3:00', 'description': 'Brazil, Buenos Aires, Georgetown'}}, 'email': 'avery.roy@example.com', 'login': {'uuid': '3cb5f87d-a110-46a4-b12e-736365058ada', 'username': 'whitekoala285', 'password': 'bootsy', 'salt': 'dgbAPq0g', 'md5': 'bd0e1d2b5907bf3f6b0bbc78171eedf9', 'sha1': 'c3ca5d0230cbac695e8d564e1a23245e6225b053', 'sha256': 'ed2d7a25b5ca47da969ab38c232e510ced9389190c718c5dd99ae666b0bb44e3'}, 'dob': {'date': '1966-11-01T21:11:59.089Z', 'age': 57}, 'registered': {'date': '2006-10-01T21:23:16.230Z', 'age': 17}, 'phone': 'I03 O68-6673', 'cell': 'T58 M62-0242', 'id': {'name': 'SIN', 'value': '594322869'}, 'picture': {'large': 'https://randomuser.me/api/portraits/women/40.jpg', 'medium': 'https://randomuser.me/api/portraits/med/women/40.jpg', 'thumbnail': 'https://randomuser.me/api/portraits/thumb/women/40.jpg'}, 'nat': 'CA'}</msg>
<arg>${json_data['results'][0]}</arg>
<doc>Logs the given message with the given level.</doc>
<status status="PASS" start="2024-07-13T23:14:01.486887" elapsed="0.000412"/>
</kw>
<kw name="Log" owner="BuiltIn">
<msg time="2024-07-13T23:14:01.487792" level="INFO">gender</msg>
<arg>${key}</arg>
<doc>Logs the given message with the given level.</doc>
<status status="PASS" start="2024-07-13T23:14:01.487663" elapsed="0.000168"/>
</kw>
<var name="${key}">gender</var>
<status status="PASS" start="2024-07-13T23:14:01.486174" elapsed="0.001896"/>
</iter>
<iter>
<kw name="Dictionary Should Contain Key" owner="Collections">
<arg>${json_data['results'][0]}</arg>
<arg>${key}</arg>
<doc>Fails if ``key`` is not found from ``dictionary``.</doc>
<status status="PASS" start="2024-07-13T23:14:01.488374" elapsed="0.000389"/>
</kw>
<kw name="Log" owner="BuiltIn">
<msg time="2024-07-13T23:14:01.489301" level="INFO">{'gender': 'female', 'name': {'title': 'Ms', 'first': 'Avery', 'last': 'Roy'}, 'location': {'street': {'number': 9625, 'name': 'Grand Marais Ave'}, 'city': 'Hudson', 'state': 'Saskatchewan', 'country': 'Canada', 'postcode': 'X5G 8M4', 'coordinates': {'latitude': '-71.3712', 'longitude': '48.2613'}, 'timezone': {'offset': '-3:00', 'description': 'Brazil, Buenos Aires, Georgetown'}}, 'email': 'avery.roy@example.com', 'login': {'uuid': '3cb5f87d-a110-46a4-b12e-736365058ada', 'username': 'whitekoala285', 'password': 'bootsy', 'salt': 'dgbAPq0g', 'md5': 'bd0e1d2b5907bf3f6b0bbc78171eedf9', 'sha1': 'c3ca5d0230cbac695e8d564e1a23245e6225b053', 'sha256': 'ed2d7a25b5ca47da969ab38c232e510ced9389190c718c5dd99ae666b0bb44e3'}, 'dob': {'date': '1966-11-01T21:11:59.089Z', 'age': 57}, 'registered': {'date': '2006-10-01T21:23:16.230Z', 'age': 17}, 'phone': 'I03 O68-6673', 'cell': 'T58 M62-0242', 'id': {'name': 'SIN', 'value': '594322869'}, 'picture': {'large': 'https://randomuser.me/api/portraits/women/40.jpg', 'medium': 'https://randomuser.me/api/portraits/med/women/40.jpg', 'thumbnail': 'https://randomuser.me/api/portraits/thumb/women/40.jpg'}, 'nat': 'CA'}</msg>
<arg>${json_data['results'][0]}</arg>
<doc>Logs the given message with the given level.</doc>
<status status="PASS" start="2024-07-13T23:14:01.488949" elapsed="0.000436"/>
</kw>
<kw name="Log" owner="BuiltIn">
<msg time="2024-07-13T23:14:01.489821" level="INFO">name</msg>
<arg>${key}</arg>
<doc>Logs the given message with the given level.</doc>
<status status="PASS" start="2024-07-13T23:14:01.489691" elapsed="0.000167"/>
</kw>
<var name="${key}">name</var>
<status status="PASS" start="2024-07-13T23:14:01.488260" elapsed="0.001826"/>
</iter>
<iter>
<kw name="Dictionary Should Contain Key" owner="Collections">
<arg>${json_data['results'][0]}</arg>
<arg>${key}</arg>
<doc>Fails if ``key`` is not found from ``dictionary``.</doc>
<status status="PASS" start="2024-07-13T23:14:01.490376" elapsed="0.000376"/>
</kw>
<kw name="Log" owner="BuiltIn">
<msg time="2024-07-13T23:14:01.491289" level="INFO">{'gender': 'female', 'name': {'title': 'Ms', 'first': 'Avery', 'last': 'Roy'}, 'location': {'street': {'number': 9625, 'name': 'Grand Marais Ave'}, 'city': 'Hudson', 'state': 'Saskatchewan', 'country': 'Canada', 'postcode': 'X5G 8M4', 'coordinates': {'latitude': '-71.3712', 'longitude': '48.2613'}, 'timezone': {'offset': '-3:00', 'description': 'Brazil, Buenos Aires, Georgetown'}}, 'email': 'avery.roy@example.com', 'login': {'uuid': '3cb5f87d-a110-46a4-b12e-736365058ada', 'username': 'whitekoala285', 'password': 'bootsy', 'salt': 'dgbAPq0g', 'md5': 'bd0e1d2b5907bf3f6b0bbc78171eedf9', 'sha1': 'c3ca5d0230cbac695e8d564e1a23245e6225b053', 'sha256': 'ed2d7a25b5ca47da969ab38c232e510ced9389190c718c5dd99ae666b0bb44e3'}, 'dob': {'date': '1966-11-01T21:11:59.089Z', 'age': 57}, 'registered': {'date': '2006-10-01T21:23:16.230Z', 'age': 17}, 'phone': 'I03 O68-6673', 'cell': 'T58 M62-0242', 'id': {'name': 'SIN', 'value': '594322869'}, 'picture': {'large': 'https://randomuser.me/api/portraits/women/40.jpg', 'medium': 'https://randomuser.me/api/portraits/med/women/40.jpg', 'thumbnail': 'https://randomuser.me/api/portraits/thumb/women/40.jpg'}, 'nat': 'CA'}</msg>
<arg>${json_data['results'][0]}</arg>
<doc>Logs the given message with the given level.</doc>
<status status="PASS" start="2024-07-13T23:14:01.490935" elapsed="0.000406"/>
</kw>
<kw name="Log" owner="BuiltIn">
<msg time="2024-07-13T23:14:01.491821" level="INFO">location</msg>
<arg>${key}</arg>
<doc>Logs the given message with the given level.</doc>
<status status="PASS" start="2024-07-13T23:14:01.491687" elapsed="0.000172"/>
</kw>
<var name="${key}">location</var>
<status status="PASS" start="2024-07-13T23:14:01.490265" elapsed="0.001820"/>
</iter>
<iter>
<kw name="Dictionary Should Contain Key" owner="Collections">
<arg>${json_data['results'][0]}</arg>
<arg>${key}</arg>
<doc>Fails if ``key`` is not found from ``dictionary``.</doc>
<status status="PASS" start="2024-07-13T23:14:01.492369" elapsed="0.000411"/>
</kw>
<kw name="Log" owner="BuiltIn">
<msg time="2024-07-13T23:14:01.493323" level="INFO">{'gender': 'female', 'name': {'title': 'Ms', 'first': 'Avery', 'last': 'Roy'}, 'location': {'street': {'number': 9625, 'name': 'Grand Marais Ave'}, 'city': 'Hudson', 'state': 'Saskatchewan', 'country': 'Canada', 'postcode': 'X5G 8M4', 'coordinates': {'latitude': '-71.3712', 'longitude': '48.2613'}, 'timezone': {'offset': '-3:00', 'description': 'Brazil, Buenos Aires, Georgetown'}}, 'email': 'avery.roy@example.com', 'login': {'uuid': '3cb5f87d-a110-46a4-b12e-736365058ada', 'username': 'whitekoala285', 'password': 'bootsy', 'salt': 'dgbAPq0g', 'md5': 'bd0e1d2b5907bf3f6b0bbc78171eedf9', 'sha1': 'c3ca5d0230cbac695e8d564e1a23245e6225b053', 'sha256': 'ed2d7a25b5ca47da969ab38c232e510ced9389190c718c5dd99ae666b0bb44e3'}, 'dob': {'date': '1966-11-01T21:11:59.089Z', 'age': 57}, 'registered': {'date': '2006-10-01T21:23:16.230Z', 'age': 17}, 'phone': 'I03 O68-6673', 'cell': 'T58 M62-0242', 'id': {'name': 'SIN', 'value': '594322869'}, 'picture': {'large': 'https://randomuser.me/api/portraits/women/40.jpg', 'medium': 'https://randomuser.me/api/portraits/med/women/40.jpg', 'thumbnail': 'https://randomuser.me/api/portraits/thumb/women/40.jpg'}, 'nat': 'CA'}</msg>
<arg>${json_data['results'][0]}</arg>
<doc>Logs the given message with the given level.</doc>
<status status="PASS" start="2024-07-13T23:14:01.492970" elapsed="0.000401"/>
</kw>
<kw name="Log" owner="BuiltIn">
<msg time="2024-07-13T23:14:01.493813" level="INFO">email</msg>
<arg>${key}</arg>
<doc>Logs the given message with the given level.</doc>
<status status="PASS" start="2024-07-13T23:14:01.493679" elapsed="0.000175"/>
</kw>
<var name="${key}">email</var>
<status status="PASS" start="2024-07-13T23:14:01.492255" elapsed="0.001812"/>
</iter>
<iter>
<kw name="Dictionary Should Contain Key" owner="Collections">
<arg>${json_data['results'][0]}</arg>
<arg>${key}</arg>
<doc>Fails if ``key`` is not found from ``dictionary``.</doc>
<status status="PASS" start="2024-07-13T23:14:01.494352" elapsed="0.000387"/>
</kw>
<kw name="Log" owner="BuiltIn">
<msg time="2024-07-13T23:14:01.495287" level="INFO">{'gender': 'female', 'name': {'title': 'Ms', 'first': 'Avery', 'last': 'Roy'}, 'location': {'street': {'number': 9625, 'name': 'Grand Marais Ave'}, 'city': 'Hudson', 'state': 'Saskatchewan', 'country': 'Canada', 'postcode': 'X5G 8M4', 'coordinates': {'latitude': '-71.3712', 'longitude': '48.2613'}, 'timezone': {'offset': '-3:00', 'description': 'Brazil, Buenos Aires, Georgetown'}}, 'email': 'avery.roy@example.com', 'login': {'uuid': '3cb5f87d-a110-46a4-b12e-736365058ada', 'username': 'whitekoala285', 'password': 'bootsy', 'salt': 'dgbAPq0g', 'md5': 'bd0e1d2b5907bf3f6b0bbc78171eedf9', 'sha1': 'c3ca5d0230cbac695e8d564e1a23245e6225b053', 'sha256': 'ed2d7a25b5ca47da969ab38c232e510ced9389190c718c5dd99ae666b0bb44e3'}, 'dob': {'date': '1966-11-01T21:11:59.089Z', 'age': 57}, 'registered': {'date': '2006-10-01T21:23:16.230Z', 'age': 17}, 'phone': 'I03 O68-6673', 'cell': 'T58 M62-0242', 'id': {'name': 'SIN', 'value': '594322869'}, 'picture': {'large': 'https://randomuser.me/api/portraits/women/40.jpg', 'medium': 'https://randomuser.me/api/portraits/med/women/40.jpg', 'thumbnail': 'https://randomuser.me/api/portraits/thumb/women/40.jpg'}, 'nat': 'CA'}</msg>
<arg>${json_data['results'][0]}</arg>
<doc>Logs the given message with the given level.</doc>
<status status="PASS" start="2024-07-13T23:14:01.494918" elapsed="0.000423"/>
</kw>
<kw name="Log" owner="BuiltIn">
<msg time="2024-07-13T23:14:01.495870" level="INFO">login</msg>
<arg>${key}</arg>
<doc>Logs the given message with the given level.</doc>
<status status="PASS" start="2024-07-13T23:14:01.495738" elapsed="0.000169"/>
</kw>
<var name="${key}">login</var>
<status status="PASS" start="2024-07-13T23:14:01.494237" elapsed="0.001924"/>
</iter>
<var>${key}</var>
<value>@{expected_keys}</value>
<status status="PASS" start="2024-07-13T23:14:01.485976" elapsed="0.010318"/>
</for>
<kw name="Create List" owner="BuiltIn">
<msg time="2024-07-13T23:14:01.496640" level="INFO">${expected_keysTwo} = ['username', 'password']</msg>
<var>${expected_keysTwo}</var>
<arg>username</arg>
<arg>password</arg>
<doc>Returns a list containing given items.</doc>
<status status="PASS" start="2024-07-13T23:14:01.496495" elapsed="0.000203"/>
</kw>
<for flavor="IN">
<iter>
<kw name="Dictionary Should Contain Key" owner="Collections">
<arg>${json_data['results'][0]['login']}</arg>
<arg>${keyTwo}</arg>
<doc>Fails if ``key`` is not found from ``dictionary``.</doc>
<status status="PASS" start="2024-07-13T23:14:01.497224" elapsed="0.000400"/>
</kw>
<kw name="Dictionary Should Contain Key" owner="Collections">
<arg>${json_data['results'][0]['login']}</arg>
<arg>${keyTwo}</arg>
<doc>Fails if ``key`` is not found from ``dictionary``.</doc>
<status status="PASS" start="2024-07-13T23:14:01.497814" elapsed="0.000376"/>
</kw>
<kw name="Log" owner="BuiltIn">
<msg time="2024-07-13T23:14:01.498512" level="INFO">username</msg>
<arg>${keyTwo}</arg>
<doc>Logs the given message with the given level.</doc>
<status status="PASS" start="2024-07-13T23:14:01.498375" elapsed="0.000177"/>
</kw>
<var name="${keyTwo}">username</var>
<status status="PASS" start="2024-07-13T23:14:01.497115" elapsed="0.001670"/>
</iter>
<iter>
<kw name="Dictionary Should Contain Key" owner="Collections">
<arg>${json_data['results'][0]['login']}</arg>
<arg>${keyTwo}</arg>
<doc>Fails if ``key`` is not found from ``dictionary``.</doc>
<status status="PASS" start="2024-07-13T23:14:01.499075" elapsed="0.000400"/>
</kw>
<kw name="Dictionary Should Contain Key" owner="Collections">
<arg>${json_data['results'][0]['login']}</arg>
<arg>${keyTwo}</arg>
<doc>Fails if ``key`` is not found from ``dictionary``.</doc>
<status status="PASS" start="2024-07-13T23:14:01.499686" elapsed="0.000374"/>
</kw>
<kw name="Log" owner="BuiltIn">
<msg time="2024-07-13T23:14:01.500371" level="INFO">password</msg>
<arg>${keyTwo}</arg>
<doc>Logs the given message with the given level.</doc>
<status status="PASS" start="2024-07-13T23:14:01.500247" elapsed="0.000173"/>
</kw>
<var name="${keyTwo}">password</var>
<status status="PASS" start="2024-07-13T23:14:01.498964" elapsed="0.001827"/>
</iter>
<var>${keyTwo}</var>
<value>@{expected_keysTwo}</value>
<status status="PASS" start="2024-07-13T23:14:01.496954" elapsed="0.003958"/>
</for>
<status status="PASS" start="2024-07-13T23:14:01.395815" elapsed="0.105246"/>
</kw>
<doc>Testa a estrutura da resposta da API.</doc>
<tag>testeEstruturaResposta</tag>
<status status="PASS" start="2024-07-13T23:14:01.395248" elapsed="0.105974"/>
</test>
<test id="s1-s1-t4" name="Validar tipos de dados" line="28">
<kw name="Teste de Tipos de Dados" owner="random-user-service">
<kw name="GET On Session" owner="RequestsLibrary">
<msg time="2024-07-13T23:14:01.612282" level="INFO">GET Request : url=https://randomuser.me/api 
 path_url=/api 
 headers={'User-Agent': 'python-requests/2.32.3', 'Accept-Encoding': 'gzip, deflate', 'Accept': '*/*', 'Connection': 'keep-alive'} 
 body=None 
 </msg>
<msg time="2024-07-13T23:14:01.612389" level="INFO">GET Response : url=https://randomuser.me/api 
 status=200, reason=OK 
 headers={'Date': 'Sat, 13 Jul 2024 23:14:01 GMT', 'Content-Type': 'application/json; charset=utf-8', 'Transfer-Encoding': 'chunked', 'Connection': 'keep-alive', 'X-Powered-By': 'Express', 'Access-Control-Allow-Origin': '*', 'Cache-Control': 'no-cache', 'ETag': 'W/"486-jX5Er1y2oQYglnnveocMk5iJL60"', 'Vary': 'Accept-Encoding', 'Content-Encoding': 'gzip', 'CF-Cache-Status': 'DYNAMIC', 'Report-To': '{"endpoints":[{"url":"https:\\/\\/a.nel.cloudflare.com\\/report\\/v4?s=276VQHTxYWgu44Z0VnIPxJHLy7ngaaPiAey8sC8K%2FdXOQalwmCH556gHR%2FGLaqwfa9AFMeYA0OeEr9HqwSS3lCsiWQAl53zMwWGj4%2BlgmxoGmVS586cWzejFzdHn86Fu"}],"group":"cf-nel","max_age":604800}', 'NEL': '{"success_fraction":0,"report_to":"cf-nel","max_age":604800}', 'Server': 'cloudflare', 'CF-RAY': '8a2cf7877b378274-IAD', 'alt-svc': 'h3=":443"; ma=86400'} 
 body={"results":[{"gender":"male","name":{"title":"Mr","first":"Vasilije","last":"Silić"},"location":{"street":{"number":7740,"name":"Porodice Tanasijević"},"city":"Krupanj","state":"Toplica","country":"Serbia","postcode":55259,"coordinates":{"latitude":"58.8572","longitude":"-8.8574"},"timezone":{"offset":"+2:00","description":"Kaliningrad, South Africa"}},"email":"vasilije.silic@example.com","login":{"uuid":"db8cb5e8-2fda-47d7-9724-d7185251913c","username":"blackfish880","password":"jimmys","salt":"k7ZOB1De","md5":"fe080e4baedc964dad5a0c15da3f3230","sha1":"8a887d091fa4ba0d0a1bb11629063ebd2202fe2e","sha256":"f684b6a28ee42f2e6a41579ff5fcb755c1682121ad73487527d6219a39b4309e"},"dob":{"date":"1972-09-26T19:10:40.347Z","age":51},"registered":{"date":"2003-12-31T04:24:25.948Z","age":20},"phone":"011-3150-271","cell":"063-7601-814","id":{"name":"SID","value":"993426814"},"picture":{"large":"https://randomuser.me/api/portraits/men/53.jpg","medium":"https://randomuser.me/api/portraits/med/men/53.jpg","thumbnail":"https://randomuser.me/api/portraits/thumb/men/53.jpg"},"nat":"RS"}],"info":{"seed":"aac219cf7f6500fd","results":1,"page":1,"version":"1.4"}} 
 </msg>
<msg time="2024-07-13T23:14:01.612469" level="INFO">/opt/hostedtoolcache/Python/3.12.4/x64/lib/python3.12/site-packages/urllib3/connectionpool.py:1099: InsecureRequestWarning: Unverified HTTPS request is being made to host 'randomuser.me'. Adding certificate verification is strongly advised. See: https://urllib3.readthedocs.io/en/latest/advanced-usage.html#tls-warnings
  warnings.warn(</msg>
<msg time="2024-07-13T23:14:01.612593" level="INFO">${response} = &lt;Response [200]&gt;</msg>
<var>${response}</var>
<arg>consultarAPI</arg>
<arg>/api</arg>
<doc>Sends a GET request on a previously created HTTP Session.</doc>
<status status="PASS" start="2024-07-13T23:14:01.503847" elapsed="0.108774"/>
</kw>
<kw name="Set Variable" owner="BuiltIn">
<msg time="2024-07-13T23:14:01.613736" level="INFO">${json_data} = {'results': [{'gender': 'male', 'name': {'title': 'Mr', 'first': 'Vasilije', 'last': 'Silić'}, 'location': {'street': {'number': 7740, 'name': 'Porodice Tanasijević'}, 'city': 'Krupanj', 'state': 'Top...</msg>
<var>${json_data}</var>
<arg>${response.json()}</arg>
<doc>Returns the given values which can then be assigned to a variables.</doc>
<status status="PASS" start="2024-07-13T23:14:01.613181" elapsed="0.000586"/>
</kw>
<kw name="Log" owner="BuiltIn">
<msg time="2024-07-13T23:14:01.614255" level="INFO">{'results': [{'gender': 'male', 'name': {'title': 'Mr', 'first': 'Vasilije', 'last': 'Silić'}, 'location': {'street': {'number': 7740, 'name': 'Porodice Tanasijević'}, 'city': 'Krupanj', 'state': 'Toplica', 'country': 'Serbia', 'postcode': 55259, 'coordinates': {'latitude': '58.8572', 'longitude': '-8.8574'}, 'timezone': {'offset': '+2:00', 'description': 'Kaliningrad, South Africa'}}, 'email': 'vasilije.silic@example.com', 'login': {'uuid': 'db8cb5e8-2fda-47d7-9724-d7185251913c', 'username': 'blackfish880', 'password': 'jimmys', 'salt': 'k7ZOB1De', 'md5': 'fe080e4baedc964dad5a0c15da3f3230', 'sha1': '8a887d091fa4ba0d0a1bb11629063ebd2202fe2e', 'sha256': 'f684b6a28ee42f2e6a41579ff5fcb755c1682121ad73487527d6219a39b4309e'}, 'dob': {'date': '1972-09-26T19:10:40.347Z', 'age': 51}, 'registered': {'date': '2003-12-31T04:24:25.948Z', 'age': 20}, 'phone': '011-3150-271', 'cell': '063-7601-814', 'id': {'name': 'SID', 'value': '993426814'}, 'picture': {'large': 'https://randomuser.me/api/portraits/men/53.jpg', 'medium': 'https://randomuser.me/api/portraits/med/men/53.jpg', 'thumbnail': 'https://randomuser.me/api/portraits/thumb/men/53.jpg'}, 'nat': 'RS'}], 'info': {'seed': 'aac219cf7f6500fd', 'results': 1, 'page': 1, 'version': '1.4'}}</msg>
<arg>${json_data}</arg>
<doc>Logs the given message with the given level.</doc>
<status status="PASS" start="2024-07-13T23:14:01.614096" elapsed="0.000209"/>
</kw>
<kw name="Should Be String" owner="String">
<arg>${json_data['results'][0]['gender']}</arg>
<doc>Fails if the given ``item`` is not a string.</doc>
<status status="PASS" start="2024-07-13T23:14:01.614604" elapsed="0.000362"/>
</kw>
<kw name="Should Match Regexp" owner="BuiltIn">
<arg>${json_data['results'][0]['email']}</arg>
<arg>^[a-zA-Z0-9._%+-]+@[a-zA-Z0-9.-]+\.[a-zA-Z]{2,}$</arg>
<doc>Fails if ``string`` does not match ``pattern`` as a regular expression.</doc>
<status status="PASS" start="2024-07-13T23:14:01.615157" elapsed="0.000560"/>
</kw>
<kw name="Should Match Regexp" owner="BuiltIn">
<arg>${json_data['results'][0]['dob']['date']}</arg>
<arg>\\d{4}-\\d{2}-\\d{2}T\\d{2}:\\d{2}:\\d{2}\\.\\d{3}Z</arg>
<doc>Fails if ``string`` does not match ``pattern`` as a regular expression.</doc>
<status status="PASS" start="2024-07-13T23:14:01.615962" elapsed="0.000494"/>
</kw>
<kw name="Should Match Regexp" owner="BuiltIn">
<arg>${json_data['results'][0]['registered']['date']}</arg>
<arg>\\d{4}-\\d{2}-\\d{2}T\\d{2}:\\d{2}:\\d{2}\\.\\d{3}Z</arg>
<doc>Fails if ``string`` does not match ``pattern`` as a regular expression.</doc>
<status status="PASS" start="2024-07-13T23:14:01.616647" elapsed="0.000363"/>
</kw>
<kw name="Should Match Regexp" owner="BuiltIn">
<arg>${json_data['results'][0]['picture']['large']}</arg>
<arg>^https?://.*\.(?:png|jpe?g|gif|bmp)$</arg>
<doc>Fails if ``string`` does not match ``pattern`` as a regular expression.</doc>
<status status="PASS" start="2024-07-13T23:14:01.617196" elapsed="0.000471"/>
</kw>
<kw name="Should Match Regexp" owner="BuiltIn">
<arg>${json_data['results'][0]['picture']['medium']}</arg>
<arg>^https?://.*\.(?:png|jpe?g|gif|bmp)$</arg>
<doc>Fails if ``string`` does not match ``pattern`` as a regular expression.</doc>
<status status="PASS" start="2024-07-13T23:14:01.617857" elapsed="0.000348"/>
</kw>
<kw name="Should Match Regexp" owner="BuiltIn">
<arg>${json_data['results'][0]['picture']['thumbnail']}</arg>
<arg>^https?://.*\.(?:png|jpe?g|gif|bmp)$</arg>
<doc>Fails if ``string`` does not match ``pattern`` as a regular expression.</doc>
<status status="PASS" start="2024-07-13T23:14:01.618392" elapsed="0.000358"/>
</kw>
<kw name="Log" owner="BuiltIn">
<msg time="2024-07-13T23:14:01.619263" level="INFO">{'large': 'https://randomuser.me/api/portraits/men/53.jpg', 'medium': 'https://randomuser.me/api/portraits/med/men/53.jpg', 'thumbnail': 'https://randomuser.me/api/portraits/thumb/men/53.jpg'}</msg>
<arg>${json_data['results'][0]['picture']}</arg>
<doc>Logs the given message with the given level.</doc>
<status status="PASS" start="2024-07-13T23:14:01.618936" elapsed="0.000370"/>
</kw>
<status status="PASS" start="2024-07-13T23:14:01.503590" elapsed="0.116013"/>
</kw>
<kw name="Teste de Tipos de Dados - Postcode" owner="random-user-service">
<kw name="GET On Session" owner="RequestsLibrary">
<msg time="2024-07-13T23:14:01.687101" level="INFO">GET Request : url=https://randomuser.me/api 
 path_url=/api 
 headers={'User-Agent': 'python-requests/2.32.3', 'Accept-Encoding': 'gzip, deflate', 'Accept': '*/*', 'Connection': 'keep-alive'} 
 body=None 
 </msg>
<msg time="2024-07-13T23:14:01.687207" level="INFO">GET Response : url=https://randomuser.me/api 
 status=200, reason=OK 
 headers={'Date': 'Sat, 13 Jul 2024 23:14:01 GMT', 'Content-Type': 'application/json; charset=utf-8', 'Transfer-Encoding': 'chunked', 'Connection': 'keep-alive', 'X-Powered-By': 'Express', 'Access-Control-Allow-Origin': '*', 'Cache-Control': 'no-cache', 'ETag': 'W/"477-d6kV49bpO7A1LUFDq/6HBE9peKk"', 'Vary': 'Accept-Encoding', 'Content-Encoding': 'gzip', 'CF-Cache-Status': 'DYNAMIC', 'Report-To': '{"endpoints":[{"url":"https:\\/\\/a.nel.cloudflare.com\\/report\\/v4?s=Nu2DzDpqQw1me9QK%2B35J0KBK4iA40VBo2zGiP%2BgBbXxg%2BM87Ktgxq%2FKYHYg61lbJAOpqXxvqnrcBGSGyumiT0GT92Obj1AUY3LrlZ4eOBvY8dRhA%2FokiZDrrrh6zjkyn"}],"group":"cf-nel","max_age":604800}', 'NEL': '{"success_fraction":0,"report_to":"cf-nel","max_age":604800}', 'Server': 'cloudflare', 'CF-RAY': '8a2cf7882c128274-IAD', 'alt-svc': 'h3=":443"; ma=86400'} 
 body={"results":[{"gender":"male","name":{"title":"Mr","first":"رادین","last":"كامياران"},"location":{"street":{"number":598,"name":"فلاحی"},"city":"قرچک","state":"یزد","country":"Iran","postcode":67873,"coordinates":{"latitude":"13.0972","longitude":"-149.8238"},"timezone":{"offset":"-12:00","description":"Eniwetok, Kwajalein"}},"email":"rdyn.kmyrn@example.com","login":{"uuid":"58009afa-e3fb-4662-8811-d7734b9deaf5","username":"bigbutterfly879","password":"kitkat","salt":"3o7SzAjG","md5":"efdae3af922b2343bbd2689870b0f60d","sha1":"08b6c932e3cdd3fdb1c22fc218f91c77f0f14f37","sha256":"5061df22fb71a5a65f06ac6160836dbee0a5e038c0ae4f4ecb84c780d869a62e"},"dob":{"date":"1971-09-13T12:36:40.710Z","age":52},"registered":{"date":"2012-02-18T23:29:28.152Z","age":12},"phone":"027-58869338","cell":"0914-668-8767","id":{"name":"","value":null},"picture":{"large":"https://randomuser.me/api/portraits/men/23.jpg","medium":"https://randomuser.me/api/portraits/med/men/23.jpg","thumbnail":"https://randomuser.me/api/portraits/thumb/men/23.jpg"},"nat":"IR"}],"info":{"seed":"f1a75fca41c54f8d","results":1,"page":1,"version":"1.4"}} 
 </msg>
<msg time="2024-07-13T23:14:01.687286" level="INFO">/opt/hostedtoolcache/Python/3.12.4/x64/lib/python3.12/site-packages/urllib3/connectionpool.py:1099: InsecureRequestWarning: Unverified HTTPS request is being made to host 'randomuser.me'. Adding certificate verification is strongly advised. See: https://urllib3.readthedocs.io/en/latest/advanced-usage.html#tls-warnings
  warnings.warn(</msg>
<msg time="2024-07-13T23:14:01.687405" level="INFO">${response} = &lt;Response [200]&gt;</msg>
<var>${response}</var>
<arg>consultarAPI</arg>
<arg>/api</arg>
<doc>Sends a GET request on a previously created HTTP Session.</doc>
<status status="PASS" start="2024-07-13T23:14:01.620080" elapsed="0.067353"/>
</kw>
<kw name="Set Variable" owner="BuiltIn">
<msg time="2024-07-13T23:14:01.688544" level="INFO">${json_data} = {'results': [{'gender': 'male', 'name': {'title': 'Mr', 'first': 'رادین', 'last': 'كامياران'}, 'location': {'street': {'number': 598, 'name': 'فلاحی'}, 'city': 'قرچک', 'state': 'یزد', 'country': 'Iran...</msg>
<var>${json_data}</var>
<arg>${response.json()}</arg>
<doc>Returns the given values which can then be assigned to a variables.</doc>
<status status="PASS" start="2024-07-13T23:14:01.688016" elapsed="0.000559"/>
</kw>
<kw name="Log" owner="BuiltIn">
<msg time="2024-07-13T23:14:01.689052" level="INFO">{'results': [{'gender': 'male', 'name': {'title': 'Mr', 'first': 'رادین', 'last': 'كامياران'}, 'location': {'street': {'number': 598, 'name': 'فلاحی'}, 'city': 'قرچک', 'state': 'یزد', 'country': 'Iran', 'postcode': 67873, 'coordinates': {'latitude': '13.0972', 'longitude': '-149.8238'}, 'timezone': {'offset': '-12:00', 'description': 'Eniwetok, Kwajalein'}}, 'email': 'rdyn.kmyrn@example.com', 'login': {'uuid': '58009afa-e3fb-4662-8811-d7734b9deaf5', 'username': 'bigbutterfly879', 'password': 'kitkat', 'salt': '3o7SzAjG', 'md5': 'efdae3af922b2343bbd2689870b0f60d', 'sha1': '08b6c932e3cdd3fdb1c22fc218f91c77f0f14f37', 'sha256': '5061df22fb71a5a65f06ac6160836dbee0a5e038c0ae4f4ecb84c780d869a62e'}, 'dob': {'date': '1971-09-13T12:36:40.710Z', 'age': 52}, 'registered': {'date': '2012-02-18T23:29:28.152Z', 'age': 12}, 'phone': '027-58869338', 'cell': '0914-668-8767', 'id': {'name': '', 'value': None}, 'picture': {'large': 'https://randomuser.me/api/portraits/men/23.jpg', 'medium': 'https://randomuser.me/api/portraits/med/men/23.jpg', 'thumbnail': 'https://randomuser.me/api/portraits/thumb/men/23.jpg'}, 'nat': 'IR'}], 'info': {'seed': 'f1a75fca41c54f8d', 'results': 1, 'page': 1, 'version': '1.4'}}</msg>
<arg>${json_data}</arg>
<doc>Logs the given message with the given level.</doc>
<status status="PASS" start="2024-07-13T23:14:01.688889" elapsed="0.000213"/>
</kw>
<kw name="Should Be Equal As Numbers" owner="BuiltIn">
<arg>${json_data['results'][0]['location']['postcode']}</arg>
<arg>${json_data['results'][0]['location']['postcode']}</arg>
<doc>Fails if objects are unequal after converting them to real numbers.</doc>
<status status="PASS" start="2024-07-13T23:14:01.689394" elapsed="0.000633"/>
</kw>
<kw name="Log" owner="BuiltIn">
<msg time="2024-07-13T23:14:01.690723" level="INFO">67873</msg>
<arg>${json_data['results'][0]['location']['postcode']}</arg>
<doc>Logs the given message with the given level.</doc>
<status status="PASS" start="2024-07-13T23:14:01.690216" elapsed="0.000549"/>
</kw>
<status status="PASS" start="2024-07-13T23:14:01.619842" elapsed="0.071210"/>
</kw>
<doc>Testa se os tipos de dados na resposta da API estão corretos.</doc>
<tag>testeTiposDados</tag>
<status status="PASS" start="2024-07-13T23:14:01.503054" elapsed="0.188168"/>
</test>
<test id="s1-s1-t5" name="Validar conteudo" line="35">
<kw name="Teste de Tipos de Conteudo" owner="random-user-service">
<kw name="GET On Session" owner="RequestsLibrary">
<msg time="2024-07-13T23:14:01.783014" level="INFO">GET Request : url=https://randomuser.me/api 
 path_url=/api 
 headers={'User-Agent': 'python-requests/2.32.3', 'Accept-Encoding': 'gzip, deflate', 'Accept': '*/*', 'Connection': 'keep-alive'} 
 body=None 
 </msg>
<msg time="2024-07-13T23:14:01.783127" level="INFO">GET Response : url=https://randomuser.me/api 
 status=200, reason=OK 
 headers={'Date': 'Sat, 13 Jul 2024 23:14:01 GMT', 'Content-Type': 'application/json; charset=utf-8', 'Transfer-Encoding': 'chunked', 'Connection': 'keep-alive', 'X-Powered-By': 'Express', 'Access-Control-Allow-Origin': '*', 'Cache-Control': 'no-cache', 'ETag': 'W/"482-DoLtdl3E8UoB6G0XQ4FPXPWavbM"', 'Vary': 'Accept-Encoding', 'Content-Encoding': 'gzip', 'CF-Cache-Status': 'DYNAMIC', 'Report-To': '{"endpoints":[{"url":"https:\\/\\/a.nel.cloudflare.com\\/report\\/v4?s=5CkogVQocNwE%2BGhbX2qqoQHRwk8BvuALgD%2ByMAMi69jMyVoOu3yP%2FHOL3x9mi5QLrukQEBBYMAozoG3Vh2VspaQqYycal6VYAKxCNQZxsP0ERyYn0u8cvdJMyZrKN5AQ"}],"group":"cf-nel","max_age":604800}', 'NEL': '{"success_fraction":0,"report_to":"cf-nel","max_age":604800}', 'Server': 'cloudflare', 'CF-RAY': '8a2cf788ac928274-IAD', 'alt-svc': 'h3=":443"; ma=86400'} 
 body={"results":[{"gender":"male","name":{"title":"Mr","first":"Edmero","last":"Farias"},"location":{"street":{"number":6151,"name":"Rua Paraíba "},"city":"Rondonópolis","state":"Paraíba","country":"Brazil","postcode":42745,"coordinates":{"latitude":"-72.9468","longitude":"-18.5267"},"timezone":{"offset":"-9:00","description":"Alaska"}},"email":"edmero.farias@example.com","login":{"uuid":"46297c85-ccdc-4967-ab19-6412fef1de71","username":"beautifulmeercat451","password":"premium","salt":"VX2VMABP","md5":"4014d7456dd66492026e9640c81916dd","sha1":"740f43db5dd14d93066a07ecf29830f8d1339060","sha256":"8933b492628994b981a31fb1697e805b78963a04f0c9731cd7bef425d4775720"},"dob":{"date":"1960-08-24T18:41:03.086Z","age":63},"registered":{"date":"2004-08-06T13:46:19.208Z","age":19},"phone":"(99) 9089-4072","cell":"(17) 7194-3335","id":{"name":"CPF","value":"955.464.346-05"},"picture":{"large":"https://randomuser.me/api/portraits/men/16.jpg","medium":"https://randomuser.me/api/portraits/med/men/16.jpg","thumbnail":"https://randomuser.me/api/portraits/thumb/men/16.jpg"},"nat":"BR"}],"info":{"seed":"168f3ab107a50944","results":1,"page":1,"version":"1.4"}} 
 </msg>
<msg time="2024-07-13T23:14:01.783216" level="INFO">/opt/hostedtoolcache/Python/3.12.4/x64/lib/python3.12/site-packages/urllib3/connectionpool.py:1099: InsecureRequestWarning: Unverified HTTPS request is being made to host 'randomuser.me'. Adding certificate verification is strongly advised. See: https://urllib3.readthedocs.io/en/latest/advanced-usage.html#tls-warnings
  warnings.warn(</msg>
<msg time="2024-07-13T23:14:01.783351" level="INFO">${response} = &lt;Response [200]&gt;</msg>
<var>${response}</var>
<arg>consultarAPI</arg>
<arg>/api</arg>
<doc>Sends a GET request on a previously created HTTP Session.</doc>
<status status="PASS" start="2024-07-13T23:14:01.693723" elapsed="0.089659"/>
</kw>
<kw name="Set Variable" owner="BuiltIn">
<msg time="2024-07-13T23:14:01.784478" level="INFO">${json_data} = {'results': [{'gender': 'male', 'name': {'title': 'Mr', 'first': 'Edmero', 'last': 'Farias'}, 'location': {'street': {'number': 6151, 'name': 'Rua Paraíba '}, 'city': 'Rondonópolis', 'state': 'Paraíba...</msg>
<var>${json_data}</var>
<arg>${response.json()}</arg>
<doc>Returns the given values which can then be assigned to a variables.</doc>
<status status="PASS" start="2024-07-13T23:14:01.783962" elapsed="0.000545"/>
</kw>
<kw name="Set Variable" owner="BuiltIn">
<msg time="2024-07-13T23:14:01.785194" level="INFO">${name_title} = Mr</msg>
<var>${name_title}</var>
<arg>${json_data["results"][0]["name"]["title"]}</arg>
<doc>Returns the given values which can then be assigned to a variables.</doc>
<status status="PASS" start="2024-07-13T23:14:01.784813" elapsed="0.000407"/>
</kw>
<kw name="Create List" owner="BuiltIn">
<msg time="2024-07-13T23:14:01.785658" level="INFO">${allowed_titles} = ['Mr', 'Ms', 'Miss', 'Mrs', 'Madame', 'Monsieur']</msg>
<var>${allowed_titles}</var>
<arg>Mr</arg>
<arg>Ms</arg>
<arg>Miss</arg>
<arg>Mrs</arg>
<arg>Madame</arg>
<arg>Monsieur</arg>
<doc>Returns a list containing given items.</doc>
<status status="PASS" start="2024-07-13T23:14:01.785512" elapsed="0.000170"/>
</kw>
<kw name="List Should Contain Value" owner="Collections">
<arg>${allowed_titles}</arg>
<arg>${name_title}</arg>
<doc>Fails if the ``value`` is not found from ``list``.</doc>
<status status="PASS" start="2024-07-13T23:14:01.785973" elapsed="0.000178"/>
</kw>
<kw name="Set Variable" owner="BuiltIn">
<msg time="2024-07-13T23:14:01.786688" level="INFO">${name_country} = BR</msg>
<var>${name_country}</var>
<arg>${json_data["results"][0]["nat"]}</arg>
<doc>Returns the given values which can then be assigned to a variables.</doc>
<status status="PASS" start="2024-07-13T23:14:01.786327" elapsed="0.000386"/>
</kw>
<kw name="Create List" owner="BuiltIn">
<msg time="2024-07-13T23:14:01.787635" level="INFO">${list_country} = ['AD', 'AE', 'AF', 'AG', 'AI', 'AL', 'AM', 'AO', 'AQ', 'AR', 'AS', 'AT', 'AU', 'AW', 'AX', 'AZ', 'BA', 'BB', 'BD', 'BE', 'BF', 'BG', 'BH', 'BI', 'BJ', 'BL', 'BM', 'BN', 'BO', 'BQ', 'BR', 'BS', 'BT', '...</msg>
<var>${list_country}</var>
<arg>AD</arg>
<arg>AE</arg>
<arg>AF</arg>
<arg>AG</arg>
<arg>AI</arg>
<arg>AL</arg>
<arg>AM</arg>
<arg>AO</arg>
<arg>AQ</arg>
<arg>AR</arg>
<arg>AS</arg>
<arg>AT</arg>
<arg>AU</arg>
<arg>AW</arg>
<arg>AX</arg>
<arg>AZ</arg>
<arg>BA</arg>
<arg>BB</arg>
<arg>BD</arg>
<arg>BE</arg>
<arg>BF</arg>
<arg>BG</arg>
<arg>BH</arg>
<arg>BI</arg>
<arg>BJ</arg>
<arg>BL</arg>
<arg>BM</arg>
<arg>BN</arg>
<arg>BO</arg>
<arg>BQ</arg>
<arg>BR</arg>
<arg>BS</arg>
<arg>BT</arg>
<arg>BV</arg>
<arg>BW</arg>
<arg>BY</arg>
<arg>BZ</arg>
<arg>CA</arg>
<arg>CC</arg>
<arg>CD</arg>
<arg>CF</arg>
<arg>CG</arg>
<arg>CH</arg>
<arg>CI</arg>
<arg>CK</arg>
<arg>CL</arg>
<arg>CM</arg>
<arg>CN</arg>
<arg>CO</arg>
<arg>CR</arg>
<arg>CU</arg>
<arg>CV</arg>
<arg>CW</arg>
<arg>CX</arg>
<arg>CY</arg>
<arg>CZ</arg>
<arg>DE</arg>
<arg>DJ</arg>
<arg>DK</arg>
<arg>DM</arg>
<arg>DO</arg>
<arg>DZ</arg>
<arg>EC</arg>
<arg>EE</arg>
<arg>EG</arg>
<arg>EH</arg>
<arg>ER</arg>
<arg>ES</arg>
<arg>ET</arg>
<arg>FI</arg>
<arg>FJ</arg>
<arg>FK</arg>
<arg>FM</arg>
<arg>FO</arg>
<arg>FR</arg>
<arg>GA</arg>
<arg>GB</arg>
<arg>GD</arg>
<arg>GE</arg>
<arg>GF</arg>
<arg>GG</arg>
<arg>GH</arg>
<arg>GI</arg>
<arg>GL</arg>
<arg>GM</arg>
<arg>GN</arg>
<arg>GP</arg>
<arg>GQ</arg>
<arg>GR</arg>
<arg>GS</arg>
<arg>GT</arg>
<arg>GU</arg>
<arg>GW</arg>
<arg>GY</arg>
<arg>HK</arg>
<arg>HM</arg>
<arg>HN</arg>
<arg>HR</arg>
<arg>HT</arg>
<arg>HU</arg>
<arg>ID</arg>
<arg>IE</arg>
<arg>IL</arg>
<arg>IM</arg>
<arg>IN</arg>
<arg>IO</arg>
<arg>IQ</arg>
<arg>IR</arg>
<arg>IS</arg>
<arg>IT</arg>
<arg>JE</arg>
<arg>JM</arg>
<arg>JO</arg>
<arg>JP</arg>
<arg>KE</arg>
<arg>KG</arg>
<arg>KH</arg>
<arg>KI</arg>
<arg>KM</arg>
<arg>KN</arg>
<arg>KP</arg>
<arg>KR</arg>
<arg>KW</arg>
<arg>KY</arg>
<arg>KZ</arg>
<arg>LA</arg>
<arg>LB</arg>
<arg>LC</arg>
<arg>LI</arg>
<arg>LK</arg>
<arg>LR</arg>
<arg>LS</arg>
<arg>LT</arg>
<arg>LU</arg>
<arg>LV</arg>
<arg>LY</arg>
<arg>MA</arg>
<arg>MC</arg>
<arg>MD</arg>
<arg>ME</arg>
<arg>MF</arg>
<arg>MG</arg>
<arg>MH</arg>
<arg>MK</arg>
<arg>ML</arg>
<arg>MM</arg>
<arg>MN</arg>
<arg>MO</arg>
<arg>MP</arg>
<arg>MQ</arg>
<arg>MR</arg>
<arg>MS</arg>
<arg>MT</arg>
<arg>MU</arg>
<arg>MV</arg>
<arg>MW</arg>
<arg>MX</arg>
<arg>MY</arg>
<arg>MZ</arg>
<arg>NA</arg>
<arg>NC</arg>
<arg>NE</arg>
<arg>NF</arg>
<arg>NG</arg>
<arg>NI</arg>
<arg>NL</arg>
<arg>NO</arg>
<arg>NP</arg>
<arg>NR</arg>
<arg>NU</arg>
<arg>NZ</arg>
<arg>OM</arg>
<arg>PA</arg>
<arg>PE</arg>
<arg>PF</arg>
<arg>PG</arg>
<arg>PH</arg>
<arg>PK</arg>
<arg>PL</arg>
<arg>PM</arg>
<arg>PN</arg>
<arg>PR</arg>
<arg>PS</arg>
<arg>PT</arg>
<arg>PW</arg>
<arg>PY</arg>
<arg>QA</arg>
<arg>RE</arg>
<arg>RO</arg>
<arg>RS</arg>
<arg>RU</arg>
<arg>RW</arg>
<arg>SA</arg>
<arg>SB</arg>
<arg>SC</arg>
<arg>SD</arg>
<arg>SE</arg>
<arg>SG</arg>
<arg>SH</arg>
<arg>SI</arg>
<arg>SJ</arg>
<arg>SK</arg>
<arg>SL</arg>
<arg>SM</arg>
<arg>SN</arg>
<arg>SO</arg>
<arg>SR</arg>
<arg>SS</arg>
<arg>ST</arg>
<arg>SV</arg>
<arg>SX</arg>
<arg>SY</arg>
<arg>SZ</arg>
<arg>TC</arg>
<arg>TD</arg>
<arg>TF</arg>
<arg>TG</arg>
<arg>TH</arg>
<arg>TJ</arg>
<arg>TK</arg>
<arg>TL</arg>
<arg>TM</arg>
<arg>TN</arg>
<arg>TO</arg>
<arg>TR</arg>
<arg>TT</arg>
<arg>TV</arg>
<arg>TW</arg>
<arg>TZ</arg>
<arg>UA</arg>
<arg>UG</arg>
<arg>UM</arg>
<arg>US</arg>
<arg>UY</arg>
<arg>UZ</arg>
<arg>VA</arg>
<arg>VC</arg>
<arg>VE</arg>
<arg>VG</arg>
<arg>VI</arg>
<arg>VN</arg>
<arg>VU</arg>
<arg>WF</arg>
<arg>WS</arg>
<arg>XK</arg>
<arg>YE</arg>
<arg>YT</arg>
<arg>ZA</arg>
<arg>ZM</arg>
<arg>ZW</arg>
<doc>Returns a list containing given items.</doc>
<status status="PASS" start="2024-07-13T23:14:01.787002" elapsed="0.000661"/>
</kw>
<kw name="List Should Contain Value" owner="Collections">
<arg>${list_country}</arg>
<arg>${name_country}</arg>
<doc>Fails if the ``value`` is not found from ``list``.</doc>
<status status="PASS" start="2024-07-13T23:14:01.788463" elapsed="0.000199"/>
</kw>
<kw name="Run Keyword If" owner="BuiltIn">
<kw name="Should Be True" owner="BuiltIn">
<arg>${True}</arg>
<doc>Fails if the given condition is not true.</doc>
<status status="PASS" start="2024-07-13T23:14:01.789599" elapsed="0.000140"/>
</kw>
<arg>${json_data["results"][0]["location"]["coordinates"]["latitude"]} &gt;= -90 and ${json_data["results"][0]["location"]["coordinates"]["latitude"]} &lt;= 90</arg>
<arg>Should Be True</arg>
<arg>${True}</arg>
<doc>Runs the given keyword with the given arguments, if ``condition`` is true.</doc>
<status status="PASS" start="2024-07-13T23:14:01.788862" elapsed="0.001000"/>
</kw>
<kw name="Run Keyword If" owner="BuiltIn">
<kw name="Should Be True" owner="BuiltIn">
<arg>${True}</arg>
<doc>Fails if the given condition is not true.</doc>
<status status="PASS" start="2024-07-13T23:14:01.790728" elapsed="0.000239"/>
</kw>
<arg>${json_data["results"][0]["location"]["coordinates"]["longitude"]} &gt;= -180 and ${json_data["results"][0]["location"]["coordinates"]["longitude"]} &lt;= 180</arg>
<arg>Should Be True</arg>
<arg>${True}</arg>
<doc>Runs the given keyword with the given arguments, if ``condition`` is true.</doc>
<status status="PASS" start="2024-07-13T23:14:01.790043" elapsed="0.001051"/>
</kw>
<status status="PASS" start="2024-07-13T23:14:01.693501" elapsed="0.097726"/>
</kw>
<doc>Testa o conteúdo específico dos campos retornados pela API.</doc>
<tag>testeConteudo</tag>
<status status="PASS" start="2024-07-13T23:14:01.693043" elapsed="0.098334"/>
</test>
<status status="PASS" start="2024-07-13T23:14:00.734192" elapsed="1.059157"/>
</suite>
<status status="PASS" start="2024-07-13T23:14:00.719557" elapsed="1.078836"/>
</suite>
<statistics>
<total>
<stat pass="5" fail="0" skip="0">All Tests</stat>
</total>
<tag>
<stat pass="1" fail="0" skip="0">testeConteudo</stat>
<stat pass="1" fail="0" skip="0">testeEstruturaResposta</stat>
<stat pass="1" fail="0" skip="0">testeRequisicaoBasica</stat>
<stat pass="1" fail="0" skip="0">testeTiposDados</stat>
</tag>
<suite>
<stat pass="5" fail="0" skip="0" id="s1" name="Tests">Tests</stat>
<stat pass="5" fail="0" skip="0" id="s1-s1" name="Random-User-Test">Tests.Random-User-Test</stat>
</suite>
</statistics>
<errors>
</errors>
</robot>
