<?xml version="1.0" encoding="UTF-8"?>
<robot generator="Robot 7.0.1 (Python 3.12.4 on linux)" generated="2024-07-25T21:14:42.731037" rpa="false" schemaversion="5">
<suite id="s1" name="Tests" source="/home/runner/work/ApiRandomUser/ApiRandomUser/RamdonUser/tests">
<suite id="s1-s1" name="Random-User-Test" source="/home/runner/work/ApiRandomUser/ApiRandomUser/RamdonUser/tests/random-user-test.robot">
<test id="s1-s1-t1" name="Conectar" line="13">
<kw name="Conectar API" owner="random-user-service">
<kw name="Create Session" owner="RequestsLibrary">
<msg time="2024-07-25T21:14:43.149282" level="INFO">Creating Session using : alias=consultarAPI, url=https://randomuser.me/, headers={},                     cookies={}, auth=None, timeout=None, proxies=None, verify=False,                     debug=0 </msg>
<arg>consultarAPI</arg>
<arg>${URL}</arg>
<doc>Create Session: create a HTTP session to a server</doc>
<status status="PASS" start="2024-07-25T21:14:43.149041" elapsed="0.000439"/>
</kw>
<status status="PASS" start="2024-07-25T21:14:43.147966" elapsed="0.001897"/>
</kw>
<status status="PASS" start="2024-07-25T21:14:43.147302" elapsed="0.002753"/>
</test>
<test id="s1-s1-t2" name="Validar retorno 200 e JSON Válido" line="16">
<kw name="Teste de Requisicao Basica" owner="random-user-service">
<kw name="GET On Session" owner="RequestsLibrary">
<msg time="2024-07-25T21:14:43.337801" level="INFO">GET Request : url=https://randomuser.me/api 
 path_url=/api 
 headers={'User-Agent': 'python-requests/2.32.3', 'Accept-Encoding': 'gzip, deflate', 'Accept': '*/*', 'Connection': 'keep-alive'} 
 body=None 
 </msg>
<msg time="2024-07-25T21:14:43.337952" level="INFO">GET Response : url=https://randomuser.me/api 
 status=200, reason=OK 
 headers={'Date': 'Thu, 25 Jul 2024 21:14:43 GMT', 'Content-Type': 'application/json; charset=utf-8', 'Transfer-Encoding': 'chunked', 'Connection': 'keep-alive', 'X-Powered-By': 'Express', 'Access-Control-Allow-Origin': '*', 'Cache-Control': 'no-cache', 'ETag': 'W/"49d-HlEaYL3z+QGV6pTYjxRWI6++hM8"', 'Vary': 'Accept-Encoding', 'Content-Encoding': 'gzip', 'CF-Cache-Status': 'DYNAMIC', 'Report-To': '{"endpoints":[{"url":"https:\\/\\/a.nel.cloudflare.com\\/report\\/v4?s=YMiB%2FLDPc5jSxgjIack6GfHAagcQdCuPdKBDsylwLuK7VZvSpVScVvYaUN7jLIYDGJbxwhUO9ocYlGUm584t03Tej8FYEiOPOXra%2BTL3xFRTMTg%2FX4dZIb8Bl4fkFvg6"}],"group":"cf-nel","max_age":604800}', 'NEL': '{"success_fraction":0,"report_to":"cf-nel","max_age":604800}', 'Server': 'cloudflare', 'CF-RAY': '8a8f294498d71ff7-IAD', 'alt-svc': 'h3=":443"; ma=86400'} 
 body={"results":[{"gender":"female","name":{"title":"Miss","first":"Brunhild","last":"Jentsch"},"location":{"street":{"number":8008,"name":"Lerchenweg"},"city":"Belgern-Schildau","state":"Sachsen-Anhalt","country":"Germany","postcode":16750,"coordinates":{"latitude":"-50.4826","longitude":"137.9657"},"timezone":{"offset":"-12:00","description":"Eniwetok, Kwajalein"}},"email":"brunhild.jentsch@example.com","login":{"uuid":"2610c91d-1c68-4b0c-bb81-c8badaa274aa","username":"bigpeacock562","password":"loser1","salt":"XxHSdXSR","md5":"af24cac0459f88cebe22fa901af0cbfa","sha1":"4d55ffeb02a98c7a076a284071bf1b8cbf605774","sha256":"688caa90195615c496ffc0736666041b73e24a9428118d93919a5d894ada1237"},"dob":{"date":"1983-10-29T12:02:17.380Z","age":40},"registered":{"date":"2015-10-06T20:36:08.138Z","age":8},"phone":"0661-4366758","cell":"0171-0887648","id":{"name":"SVNR","value":"72 291083 J 754"},"picture":{"large":"https://randomuser.me/api/portraits/women/80.jpg","medium":"https://randomuser.me/api/portraits/med/women/80.jpg","thumbnail":"https://randomuser.me/api/portraits/thumb/women/80.jpg"},"nat":"DE"}],"info":{"seed":"d88a5427ab71a8ae","results":1,"page":1,"version":"1.4"}} 
 </msg>
<msg time="2024-07-25T21:14:43.338035" level="INFO">/opt/hostedtoolcache/Python/3.12.4/x64/lib/python3.12/site-packages/urllib3/connectionpool.py:1099: InsecureRequestWarning: Unverified HTTPS request is being made to host 'randomuser.me'. Adding certificate verification is strongly advised. See: https://urllib3.readthedocs.io/en/latest/advanced-usage.html#tls-warnings
  warnings.warn(</msg>
<msg time="2024-07-25T21:14:43.338195" level="INFO">${response} = &lt;Response [200]&gt;</msg>
<var>${response}</var>
<arg>consultarAPI</arg>
<arg>/api</arg>
<doc>Sends a GET request on a previously created HTTP Session.</doc>
<status status="PASS" start="2024-07-25T21:14:43.152709" elapsed="0.185522"/>
</kw>
<kw name="Should Be Equal As Numbers" owner="BuiltIn">
<msg time="2024-07-25T21:14:43.339207" level="INFO">Argument types are:
&lt;class 'int'&gt;
&lt;class 'str'&gt;</msg>
<arg>${response.status_code}</arg>
<arg>200</arg>
<doc>Fails if objects are unequal after converting them to real numbers.</doc>
<status status="PASS" start="2024-07-25T21:14:43.338743" elapsed="0.000530"/>
</kw>
<kw name="Log" owner="BuiltIn">
<msg time="2024-07-25T21:14:43.339939" level="INFO">200</msg>
<arg>${response.status_code}</arg>
<doc>Logs the given message with the given level.</doc>
<status status="PASS" start="2024-07-25T21:14:43.339593" elapsed="0.000388"/>
</kw>
<kw name="Set Variable" owner="BuiltIn">
<msg time="2024-07-25T21:14:43.340742" level="INFO">${json_data} = {'results': [{'gender': 'female', 'name': {'title': 'Miss', 'first': 'Brunhild', 'last': 'Jentsch'}, 'location': {'street': {'number': 8008, 'name': 'Lerchenweg'}, 'city': 'Belgern-Schildau', 'state':...</msg>
<var>${json_data}</var>
<arg>${response.json()}</arg>
<doc>Returns the given values which can then be assigned to a variables.</doc>
<status status="PASS" start="2024-07-25T21:14:43.340302" elapsed="0.000469"/>
</kw>
<kw name="Dictionary Should Contain Key" owner="Collections">
<arg>${json_data}</arg>
<arg>results</arg>
<doc>Fails if ``key`` is not found from ``dictionary``.</doc>
<status status="PASS" start="2024-07-25T21:14:43.341079" elapsed="0.000382"/>
</kw>
<status status="PASS" start="2024-07-25T21:14:43.152466" elapsed="0.189156"/>
</kw>
<doc>Testa se a API responde corretamente e retorna um objeto JSON válido.</doc>
<tag>testeRequisicaoBasica</tag>
<status status="PASS" start="2024-07-25T21:14:43.151932" elapsed="0.189870"/>
</test>
<test id="s1-s1-t3" name="Validar estrutura de resposta" line="22">
<kw name="Teste de Estrutura de Resposta" owner="random-user-service">
<kw name="GET On Session" owner="RequestsLibrary">
<msg time="2024-07-25T21:14:43.437570" level="INFO">GET Request : url=https://randomuser.me/api 
 path_url=/api 
 headers={'User-Agent': 'python-requests/2.32.3', 'Accept-Encoding': 'gzip, deflate', 'Accept': '*/*', 'Connection': 'keep-alive'} 
 body=None 
 </msg>
<msg time="2024-07-25T21:14:43.437685" level="INFO">GET Response : url=https://randomuser.me/api 
 status=200, reason=OK 
 headers={'Date': 'Thu, 25 Jul 2024 21:14:43 GMT', 'Content-Type': 'application/json; charset=utf-8', 'Transfer-Encoding': 'chunked', 'Connection': 'keep-alive', 'X-Powered-By': 'Express', 'Access-Control-Allow-Origin': '*', 'Cache-Control': 'no-cache', 'ETag': 'W/"4a5-At2QEWP0mIyNNmWgBuUDFNE8qfY"', 'Vary': 'Accept-Encoding', 'Content-Encoding': 'gzip', 'CF-Cache-Status': 'DYNAMIC', 'Report-To': '{"endpoints":[{"url":"https:\\/\\/a.nel.cloudflare.com\\/report\\/v4?s=t6QDkobx9oLzDg%2BSoqTP5NroenQGzyd5rfu33W8v9p8pH7xhx3i8kwcT1saYgLKm1RElGOxWWkbYAZtjbuDXyR8xs7KPRxiVxHabloUeaJGkR7X3GSxxrZVT9u1QRcT3"}],"group":"cf-nel","max_age":604800}', 'NEL': '{"success_fraction":0,"report_to":"cf-nel","max_age":604800}', 'Server': 'cloudflare', 'CF-RAY': '8a8f2944e9231ff7-IAD', 'alt-svc': 'h3=":443"; ma=86400'} 
 body={"results":[{"gender":"female","name":{"title":"Miss","first":"Pramila","last":"Prabhakaran"},"location":{"street":{"number":1843,"name":"Chimanlal Girdharlal Rd"},"city":"Bettiah","state":"Jharkhand","country":"India","postcode":46996,"coordinates":{"latitude":"8.6450","longitude":"48.2221"},"timezone":{"offset":"+5:30","description":"Bombay, Calcutta, Madras, New Delhi"}},"email":"pramila.prabhakaran@example.com","login":{"uuid":"8a1b2227-6ea2-4357-888a-e74bded9240d","username":"purpletiger543","password":"lobo","salt":"4MkmtDdF","md5":"e4c53b7f83d9b56e1ec720c4e55fcc04","sha1":"3c1d269ca9771213be94a999d05400e748acf9bf","sha256":"d53e2870b6d63c9ccb19942ef5cfb747bc9f0bcbc0bb486a2050bf20fa3b99aa"},"dob":{"date":"1961-10-02T10:18:13.766Z","age":62},"registered":{"date":"2017-01-19T03:42:07.311Z","age":7},"phone":"9851208332","cell":"9820627101","id":{"name":"UIDAI","value":"822799973541"},"picture":{"large":"https://randomuser.me/api/portraits/women/84.jpg","medium":"https://randomuser.me/api/portraits/med/women/84.jpg","thumbnail":"https://randomuser.me/api/portraits/thumb/women/84.jpg"},"nat":"IN"}],"info":{"seed":"1a515de20260a908","results":1,"page":1,"version":"1.4"}} 
 </msg>
<msg time="2024-07-25T21:14:43.437823" level="INFO">/opt/hostedtoolcache/Python/3.12.4/x64/lib/python3.12/site-packages/urllib3/connectionpool.py:1099: InsecureRequestWarning: Unverified HTTPS request is being made to host 'randomuser.me'. Adding certificate verification is strongly advised. See: https://urllib3.readthedocs.io/en/latest/advanced-usage.html#tls-warnings
  warnings.warn(</msg>
<msg time="2024-07-25T21:14:43.437969" level="INFO">${response} = &lt;Response [200]&gt;</msg>
<var>${response}</var>
<arg>consultarAPI</arg>
<arg>/api</arg>
<doc>Sends a GET request on a previously created HTTP Session.</doc>
<status status="PASS" start="2024-07-25T21:14:43.344469" elapsed="0.093547"/>
</kw>
<kw name="Set Variable" owner="BuiltIn">
<msg time="2024-07-25T21:14:43.439082" level="INFO">${json_data} = {'results': [{'gender': 'female', 'name': {'title': 'Miss', 'first': 'Pramila', 'last': 'Prabhakaran'}, 'location': {'street': {'number': 1843, 'name': 'Chimanlal Girdharlal Rd'}, 'city': 'Bettiah', '...</msg>
<var>${json_data}</var>
<arg>${response.json()}</arg>
<doc>Returns the given values which can then be assigned to a variables.</doc>
<status status="PASS" start="2024-07-25T21:14:43.438534" elapsed="0.000580"/>
</kw>
<kw name="Log" owner="BuiltIn">
<msg time="2024-07-25T21:14:43.439597" level="INFO">{'results': [{'gender': 'female', 'name': {'title': 'Miss', 'first': 'Pramila', 'last': 'Prabhakaran'}, 'location': {'street': {'number': 1843, 'name': 'Chimanlal Girdharlal Rd'}, 'city': 'Bettiah', 'state': 'Jharkhand', 'country': 'India', 'postcode': 46996, 'coordinates': {'latitude': '8.6450', 'longitude': '48.2221'}, 'timezone': {'offset': '+5:30', 'description': 'Bombay, Calcutta, Madras, New Delhi'}}, 'email': 'pramila.prabhakaran@example.com', 'login': {'uuid': '8a1b2227-6ea2-4357-888a-e74bded9240d', 'username': 'purpletiger543', 'password': 'lobo', 'salt': '4MkmtDdF', 'md5': 'e4c53b7f83d9b56e1ec720c4e55fcc04', 'sha1': '3c1d269ca9771213be94a999d05400e748acf9bf', 'sha256': 'd53e2870b6d63c9ccb19942ef5cfb747bc9f0bcbc0bb486a2050bf20fa3b99aa'}, 'dob': {'date': '1961-10-02T10:18:13.766Z', 'age': 62}, 'registered': {'date': '2017-01-19T03:42:07.311Z', 'age': 7}, 'phone': '9851208332', 'cell': '9820627101', 'id': {'name': 'UIDAI', 'value': '822799973541'}, 'picture': {'large': 'https://randomuser.me/api/portraits/women/84.jpg', 'medium': 'https://randomuser.me/api/portraits/med/women/84.jpg', 'thumbnail': 'https://randomuser.me/api/portraits/thumb/women/84.jpg'}, 'nat': 'IN'}], 'info': {'seed': '1a515de20260a908', 'results': 1, 'page': 1, 'version': '1.4'}}</msg>
<arg>${json_data}</arg>
<doc>Logs the given message with the given level.</doc>
<status status="PASS" start="2024-07-25T21:14:43.439429" elapsed="0.000219"/>
</kw>
<kw name="Dictionary Should Contain Key" owner="Collections">
<arg>${json_data}</arg>
<arg>results</arg>
<doc>Fails if ``key`` is not found from ``dictionary``.</doc>
<status status="PASS" start="2024-07-25T21:14:43.439951" elapsed="0.000172"/>
</kw>
<kw name="Should Not Be Empty" owner="BuiltIn">
<msg time="2024-07-25T21:14:43.440440" level="INFO">Length is 2.</msg>
<arg>${json_data}</arg>
<doc>Verifies that the given item is not empty.</doc>
<status status="PASS" start="2024-07-25T21:14:43.440312" elapsed="0.000166"/>
</kw>
<kw name="Create List" owner="BuiltIn">
<msg time="2024-07-25T21:14:43.440929" level="INFO">${expected_keys} = ['gender', 'name', 'location', 'email', 'login']</msg>
<var>${expected_keys}</var>
<arg>gender</arg>
<arg>name</arg>
<arg>location</arg>
<arg>email</arg>
<arg>login</arg>
<doc>Returns a list containing given items.</doc>
<status status="PASS" start="2024-07-25T21:14:43.440769" elapsed="0.000184"/>
</kw>
<for flavor="IN">
<iter>
<kw name="Dictionary Should Contain Key" owner="Collections">
<arg>${json_data['results'][0]}</arg>
<arg>${key}</arg>
<doc>Fails if ``key`` is not found from ``dictionary``.</doc>
<status status="PASS" start="2024-07-25T21:14:43.441607" elapsed="0.000413"/>
</kw>
<kw name="Log" owner="BuiltIn">
<msg time="2024-07-25T21:14:43.442570" level="INFO">{'gender': 'female', 'name': {'title': 'Miss', 'first': 'Pramila', 'last': 'Prabhakaran'}, 'location': {'street': {'number': 1843, 'name': 'Chimanlal Girdharlal Rd'}, 'city': 'Bettiah', 'state': 'Jharkhand', 'country': 'India', 'postcode': 46996, 'coordinates': {'latitude': '8.6450', 'longitude': '48.2221'}, 'timezone': {'offset': '+5:30', 'description': 'Bombay, Calcutta, Madras, New Delhi'}}, 'email': 'pramila.prabhakaran@example.com', 'login': {'uuid': '8a1b2227-6ea2-4357-888a-e74bded9240d', 'username': 'purpletiger543', 'password': 'lobo', 'salt': '4MkmtDdF', 'md5': 'e4c53b7f83d9b56e1ec720c4e55fcc04', 'sha1': '3c1d269ca9771213be94a999d05400e748acf9bf', 'sha256': 'd53e2870b6d63c9ccb19942ef5cfb747bc9f0bcbc0bb486a2050bf20fa3b99aa'}, 'dob': {'date': '1961-10-02T10:18:13.766Z', 'age': 62}, 'registered': {'date': '2017-01-19T03:42:07.311Z', 'age': 7}, 'phone': '9851208332', 'cell': '9820627101', 'id': {'name': 'UIDAI', 'value': '822799973541'}, 'picture': {'large': 'https://randomuser.me/api/portraits/women/84.jpg', 'medium': 'https://randomuser.me/api/portraits/med/women/84.jpg', 'thumbnail': 'https://randomuser.me/api/portraits/thumb/women/84.jpg'}, 'nat': 'IN'}</msg>
<arg>${json_data['results'][0]}</arg>
<doc>Logs the given message with the given level.</doc>
<status status="PASS" start="2024-07-25T21:14:43.442214" elapsed="0.000406"/>
</kw>
<kw name="Log" owner="BuiltIn">
<msg time="2024-07-25T21:14:43.443059" level="INFO">gender</msg>
<arg>${key}</arg>
<doc>Logs the given message with the given level.</doc>
<status status="PASS" start="2024-07-25T21:14:43.442927" elapsed="0.000171"/>
</kw>
<var name="${key}">gender</var>
<status status="PASS" start="2024-07-25T21:14:43.441476" elapsed="0.001842"/>
</iter>
<iter>
<kw name="Dictionary Should Contain Key" owner="Collections">
<arg>${json_data['results'][0]}</arg>
<arg>${key}</arg>
<doc>Fails if ``key`` is not found from ``dictionary``.</doc>
<status status="PASS" start="2024-07-25T21:14:43.443619" elapsed="0.000390"/>
</kw>
<kw name="Log" owner="BuiltIn">
<msg time="2024-07-25T21:14:43.444585" level="INFO">{'gender': 'female', 'name': {'title': 'Miss', 'first': 'Pramila', 'last': 'Prabhakaran'}, 'location': {'street': {'number': 1843, 'name': 'Chimanlal Girdharlal Rd'}, 'city': 'Bettiah', 'state': 'Jharkhand', 'country': 'India', 'postcode': 46996, 'coordinates': {'latitude': '8.6450', 'longitude': '48.2221'}, 'timezone': {'offset': '+5:30', 'description': 'Bombay, Calcutta, Madras, New Delhi'}}, 'email': 'pramila.prabhakaran@example.com', 'login': {'uuid': '8a1b2227-6ea2-4357-888a-e74bded9240d', 'username': 'purpletiger543', 'password': 'lobo', 'salt': '4MkmtDdF', 'md5': 'e4c53b7f83d9b56e1ec720c4e55fcc04', 'sha1': '3c1d269ca9771213be94a999d05400e748acf9bf', 'sha256': 'd53e2870b6d63c9ccb19942ef5cfb747bc9f0bcbc0bb486a2050bf20fa3b99aa'}, 'dob': {'date': '1961-10-02T10:18:13.766Z', 'age': 62}, 'registered': {'date': '2017-01-19T03:42:07.311Z', 'age': 7}, 'phone': '9851208332', 'cell': '9820627101', 'id': {'name': 'UIDAI', 'value': '822799973541'}, 'picture': {'large': 'https://randomuser.me/api/portraits/women/84.jpg', 'medium': 'https://randomuser.me/api/portraits/med/women/84.jpg', 'thumbnail': 'https://randomuser.me/api/portraits/thumb/women/84.jpg'}, 'nat': 'IN'}</msg>
<arg>${json_data['results'][0]}</arg>
<doc>Logs the given message with the given level.</doc>
<status status="PASS" start="2024-07-25T21:14:43.444192" elapsed="0.000444"/>
</kw>
<kw name="Log" owner="BuiltIn">
<msg time="2024-07-25T21:14:43.445067" level="INFO">name</msg>
<arg>${key}</arg>
<doc>Logs the given message with the given level.</doc>
<status status="PASS" start="2024-07-25T21:14:43.444936" elapsed="0.000191"/>
</kw>
<var name="${key}">name</var>
<status status="PASS" start="2024-07-25T21:14:43.443506" elapsed="0.001851"/>
</iter>
<iter>
<kw name="Dictionary Should Contain Key" owner="Collections">
<arg>${json_data['results'][0]}</arg>
<arg>${key}</arg>
<doc>Fails if ``key`` is not found from ``dictionary``.</doc>
<status status="PASS" start="2024-07-25T21:14:43.445647" elapsed="0.000383"/>
</kw>
<kw name="Log" owner="BuiltIn">
<msg time="2024-07-25T21:14:43.446567" level="INFO">{'gender': 'female', 'name': {'title': 'Miss', 'first': 'Pramila', 'last': 'Prabhakaran'}, 'location': {'street': {'number': 1843, 'name': 'Chimanlal Girdharlal Rd'}, 'city': 'Bettiah', 'state': 'Jharkhand', 'country': 'India', 'postcode': 46996, 'coordinates': {'latitude': '8.6450', 'longitude': '48.2221'}, 'timezone': {'offset': '+5:30', 'description': 'Bombay, Calcutta, Madras, New Delhi'}}, 'email': 'pramila.prabhakaran@example.com', 'login': {'uuid': '8a1b2227-6ea2-4357-888a-e74bded9240d', 'username': 'purpletiger543', 'password': 'lobo', 'salt': '4MkmtDdF', 'md5': 'e4c53b7f83d9b56e1ec720c4e55fcc04', 'sha1': '3c1d269ca9771213be94a999d05400e748acf9bf', 'sha256': 'd53e2870b6d63c9ccb19942ef5cfb747bc9f0bcbc0bb486a2050bf20fa3b99aa'}, 'dob': {'date': '1961-10-02T10:18:13.766Z', 'age': 62}, 'registered': {'date': '2017-01-19T03:42:07.311Z', 'age': 7}, 'phone': '9851208332', 'cell': '9820627101', 'id': {'name': 'UIDAI', 'value': '822799973541'}, 'picture': {'large': 'https://randomuser.me/api/portraits/women/84.jpg', 'medium': 'https://randomuser.me/api/portraits/med/women/84.jpg', 'thumbnail': 'https://randomuser.me/api/portraits/thumb/women/84.jpg'}, 'nat': 'IN'}</msg>
<arg>${json_data['results'][0]}</arg>
<doc>Logs the given message with the given level.</doc>
<status status="PASS" start="2024-07-25T21:14:43.446221" elapsed="0.000397"/>
</kw>
<kw name="Log" owner="BuiltIn">
<msg time="2024-07-25T21:14:43.447046" level="INFO">location</msg>
<arg>${key}</arg>
<doc>Logs the given message with the given level.</doc>
<status status="PASS" start="2024-07-25T21:14:43.446915" elapsed="0.000169"/>
</kw>
<var name="${key}">location</var>
<status status="PASS" start="2024-07-25T21:14:43.445533" elapsed="0.001770"/>
</iter>
<iter>
<kw name="Dictionary Should Contain Key" owner="Collections">
<arg>${json_data['results'][0]}</arg>
<arg>${key}</arg>
<doc>Fails if ``key`` is not found from ``dictionary``.</doc>
<status status="PASS" start="2024-07-25T21:14:43.447584" elapsed="0.000386"/>
</kw>
<kw name="Log" owner="BuiltIn">
<msg time="2024-07-25T21:14:43.448628" level="INFO">{'gender': 'female', 'name': {'title': 'Miss', 'first': 'Pramila', 'last': 'Prabhakaran'}, 'location': {'street': {'number': 1843, 'name': 'Chimanlal Girdharlal Rd'}, 'city': 'Bettiah', 'state': 'Jharkhand', 'country': 'India', 'postcode': 46996, 'coordinates': {'latitude': '8.6450', 'longitude': '48.2221'}, 'timezone': {'offset': '+5:30', 'description': 'Bombay, Calcutta, Madras, New Delhi'}}, 'email': 'pramila.prabhakaran@example.com', 'login': {'uuid': '8a1b2227-6ea2-4357-888a-e74bded9240d', 'username': 'purpletiger543', 'password': 'lobo', 'salt': '4MkmtDdF', 'md5': 'e4c53b7f83d9b56e1ec720c4e55fcc04', 'sha1': '3c1d269ca9771213be94a999d05400e748acf9bf', 'sha256': 'd53e2870b6d63c9ccb19942ef5cfb747bc9f0bcbc0bb486a2050bf20fa3b99aa'}, 'dob': {'date': '1961-10-02T10:18:13.766Z', 'age': 62}, 'registered': {'date': '2017-01-19T03:42:07.311Z', 'age': 7}, 'phone': '9851208332', 'cell': '9820627101', 'id': {'name': 'UIDAI', 'value': '822799973541'}, 'picture': {'large': 'https://randomuser.me/api/portraits/women/84.jpg', 'medium': 'https://randomuser.me/api/portraits/med/women/84.jpg', 'thumbnail': 'https://randomuser.me/api/portraits/thumb/women/84.jpg'}, 'nat': 'IN'}</msg>
<arg>${json_data['results'][0]}</arg>
<doc>Logs the given message with the given level.</doc>
<status status="PASS" start="2024-07-25T21:14:43.448275" elapsed="0.000400"/>
</kw>
<kw name="Log" owner="BuiltIn">
<msg time="2024-07-25T21:14:43.449141" level="INFO">email</msg>
<arg>${key}</arg>
<doc>Logs the given message with the given level.</doc>
<status status="PASS" start="2024-07-25T21:14:43.448977" elapsed="0.000212"/>
</kw>
<var name="${key}">email</var>
<status status="PASS" start="2024-07-25T21:14:43.447476" elapsed="0.001946"/>
</iter>
<iter>
<kw name="Dictionary Should Contain Key" owner="Collections">
<arg>${json_data['results'][0]}</arg>
<arg>${key}</arg>
<doc>Fails if ``key`` is not found from ``dictionary``.</doc>
<status status="PASS" start="2024-07-25T21:14:43.449705" elapsed="0.000393"/>
</kw>
<kw name="Log" owner="BuiltIn">
<msg time="2024-07-25T21:14:43.450637" level="INFO">{'gender': 'female', 'name': {'title': 'Miss', 'first': 'Pramila', 'last': 'Prabhakaran'}, 'location': {'street': {'number': 1843, 'name': 'Chimanlal Girdharlal Rd'}, 'city': 'Bettiah', 'state': 'Jharkhand', 'country': 'India', 'postcode': 46996, 'coordinates': {'latitude': '8.6450', 'longitude': '48.2221'}, 'timezone': {'offset': '+5:30', 'description': 'Bombay, Calcutta, Madras, New Delhi'}}, 'email': 'pramila.prabhakaran@example.com', 'login': {'uuid': '8a1b2227-6ea2-4357-888a-e74bded9240d', 'username': 'purpletiger543', 'password': 'lobo', 'salt': '4MkmtDdF', 'md5': 'e4c53b7f83d9b56e1ec720c4e55fcc04', 'sha1': '3c1d269ca9771213be94a999d05400e748acf9bf', 'sha256': 'd53e2870b6d63c9ccb19942ef5cfb747bc9f0bcbc0bb486a2050bf20fa3b99aa'}, 'dob': {'date': '1961-10-02T10:18:13.766Z', 'age': 62}, 'registered': {'date': '2017-01-19T03:42:07.311Z', 'age': 7}, 'phone': '9851208332', 'cell': '9820627101', 'id': {'name': 'UIDAI', 'value': '822799973541'}, 'picture': {'large': 'https://randomuser.me/api/portraits/women/84.jpg', 'medium': 'https://randomuser.me/api/portraits/med/women/84.jpg', 'thumbnail': 'https://randomuser.me/api/portraits/thumb/women/84.jpg'}, 'nat': 'IN'}</msg>
<arg>${json_data['results'][0]}</arg>
<doc>Logs the given message with the given level.</doc>
<status status="PASS" start="2024-07-25T21:14:43.450281" elapsed="0.000403"/>
</kw>
<kw name="Log" owner="BuiltIn">
<msg time="2024-07-25T21:14:43.451102" level="INFO">login</msg>
<arg>${key}</arg>
<doc>Logs the given message with the given level.</doc>
<status status="PASS" start="2024-07-25T21:14:43.450975" elapsed="0.000164"/>
</kw>
<var name="${key}">login</var>
<status status="PASS" start="2024-07-25T21:14:43.449596" elapsed="0.001756"/>
</iter>
<var>${key}</var>
<value>@{expected_keys}</value>
<status status="PASS" start="2024-07-25T21:14:43.441274" elapsed="0.010198"/>
</for>
<kw name="Create List" owner="BuiltIn">
<msg time="2024-07-25T21:14:43.451826" level="INFO">${expected_keysTwo} = ['username', 'password']</msg>
<var>${expected_keysTwo}</var>
<arg>username</arg>
<arg>password</arg>
<doc>Returns a list containing given items.</doc>
<status status="PASS" start="2024-07-25T21:14:43.451688" elapsed="0.000162"/>
</kw>
<for flavor="IN">
<iter>
<kw name="Dictionary Should Contain Key" owner="Collections">
<arg>${json_data['results'][0]['login']}</arg>
<arg>${keyTwo}</arg>
<doc>Fails if ``key`` is not found from ``dictionary``.</doc>
<status status="PASS" start="2024-07-25T21:14:43.452346" elapsed="0.000381"/>
</kw>
<kw name="Dictionary Should Contain Key" owner="Collections">
<arg>${json_data['results'][0]['login']}</arg>
<arg>${keyTwo}</arg>
<doc>Fails if ``key`` is not found from ``dictionary``.</doc>
<status status="PASS" start="2024-07-25T21:14:43.452908" elapsed="0.000412"/>
</kw>
<kw name="Log" owner="BuiltIn">
<msg time="2024-07-25T21:14:43.453617" level="INFO">username</msg>
<arg>${keyTwo}</arg>
<doc>Logs the given message with the given level.</doc>
<status status="PASS" start="2024-07-25T21:14:43.453499" elapsed="0.000155"/>
</kw>
<var name="${keyTwo}">username</var>
<status status="PASS" start="2024-07-25T21:14:43.452239" elapsed="0.001649"/>
</iter>
<iter>
<kw name="Dictionary Should Contain Key" owner="Collections">
<arg>${json_data['results'][0]['login']}</arg>
<arg>${keyTwo}</arg>
<doc>Fails if ``key`` is not found from ``dictionary``.</doc>
<status status="PASS" start="2024-07-25T21:14:43.454170" elapsed="0.000380"/>
</kw>
<kw name="Dictionary Should Contain Key" owner="Collections">
<arg>${json_data['results'][0]['login']}</arg>
<arg>${keyTwo}</arg>
<doc>Fails if ``key`` is not found from ``dictionary``.</doc>
<status status="PASS" start="2024-07-25T21:14:43.454728" elapsed="0.000366"/>
</kw>
<kw name="Log" owner="BuiltIn">
<msg time="2024-07-25T21:14:43.455391" level="INFO">password</msg>
<arg>${keyTwo}</arg>
<doc>Logs the given message with the given level.</doc>
<status status="PASS" start="2024-07-25T21:14:43.455268" elapsed="0.000160"/>
</kw>
<var name="${keyTwo}">password</var>
<status status="PASS" start="2024-07-25T21:14:43.454059" elapsed="0.001589"/>
</iter>
<var>${keyTwo}</var>
<value>@{expected_keysTwo}</value>
<status status="PASS" start="2024-07-25T21:14:43.452087" elapsed="0.003681"/>
</for>
<status status="PASS" start="2024-07-25T21:14:43.344235" elapsed="0.111670"/>
</kw>
<doc>Testa a estrutura da resposta da API.</doc>
<tag>testeEstruturaResposta</tag>
<status status="PASS" start="2024-07-25T21:14:43.343646" elapsed="0.112416"/>
</test>
<test id="s1-s1-t4" name="Validar tipos de dados" line="28">
<kw name="Teste de Tipos de Dados" owner="random-user-service">
<kw name="GET On Session" owner="RequestsLibrary">
<msg time="2024-07-25T21:14:43.540590" level="INFO">GET Request : url=https://randomuser.me/api 
 path_url=/api 
 headers={'User-Agent': 'python-requests/2.32.3', 'Accept-Encoding': 'gzip, deflate', 'Accept': '*/*', 'Connection': 'keep-alive'} 
 body=None 
 </msg>
<msg time="2024-07-25T21:14:43.540716" level="INFO">GET Response : url=https://randomuser.me/api 
 status=200, reason=OK 
 headers={'Date': 'Thu, 25 Jul 2024 21:14:43 GMT', 'Content-Type': 'application/json; charset=utf-8', 'Transfer-Encoding': 'chunked', 'Connection': 'keep-alive', 'X-Powered-By': 'Express', 'Access-Control-Allow-Origin': '*', 'Cache-Control': 'no-cache', 'ETag': 'W/"49d-UWUa1Q4wD54qlTznSbikYD2NeTg"', 'Vary': 'Accept-Encoding', 'Content-Encoding': 'gzip', 'CF-Cache-Status': 'DYNAMIC', 'Report-To': '{"endpoints":[{"url":"https:\\/\\/a.nel.cloudflare.com\\/report\\/v4?s=MVyh7NdK5TGUZ5ts4Z8EdNJzZnMm6x3jEzUcXlqXA7IkUVmQFZuR0B%2BiBweo%2FRCMUWoxM%2FmMj0BTDeFafZUZw868pShd%2FnL0C8cpYsk1HYuqGoIBOWdHYRXDxkLC1AmJ"}],"group":"cf-nel","max_age":604800}', 'NEL': '{"success_fraction":0,"report_to":"cf-nel","max_age":604800}', 'Server': 'cloudflare', 'CF-RAY': '8a8f2945a9d71ff7-IAD', 'alt-svc': 'h3=":443"; ma=86400'} 
 body={"results":[{"gender":"male","name":{"title":"Mr","first":"Manuel","last":"Evans"},"location":{"street":{"number":2913,"name":"Wycliff Ave"},"city":"Seymour","state":"South Carolina","country":"United States","postcode":91670,"coordinates":{"latitude":"85.7191","longitude":"-7.1091"},"timezone":{"offset":"-5:00","description":"Eastern Time (US &amp; Canada), Bogota, Lima"}},"email":"manuel.evans@example.com","login":{"uuid":"a334fdce-96d5-4431-b349-20fea7cc291a","username":"crazymeercat259","password":"claudio","salt":"LAYvsmeU","md5":"3eea028078a7e88bfdbc07926d1e993a","sha1":"ad49e8ece8677f57ab424e69e50153b520e7e3c5","sha256":"22997862403d91e1e3fec19e88e07cd5401fd3802222a98be8a6192d6ce781a7"},"dob":{"date":"1947-02-02T02:34:25.428Z","age":77},"registered":{"date":"2022-01-07T05:21:46.320Z","age":2},"phone":"(748) 816-0691","cell":"(234) 839-7712","id":{"name":"SSN","value":"640-94-8184"},"picture":{"large":"https://randomuser.me/api/portraits/men/89.jpg","medium":"https://randomuser.me/api/portraits/med/men/89.jpg","thumbnail":"https://randomuser.me/api/portraits/thumb/men/89.jpg"},"nat":"US"}],"info":{"seed":"377c92adce18c0af","results":1,"page":1,"version":"1.4"}} 
 </msg>
<msg time="2024-07-25T21:14:43.540803" level="INFO">/opt/hostedtoolcache/Python/3.12.4/x64/lib/python3.12/site-packages/urllib3/connectionpool.py:1099: InsecureRequestWarning: Unverified HTTPS request is being made to host 'randomuser.me'. Adding certificate verification is strongly advised. See: https://urllib3.readthedocs.io/en/latest/advanced-usage.html#tls-warnings
  warnings.warn(</msg>
<msg time="2024-07-25T21:14:43.540945" level="INFO">${response} = &lt;Response [200]&gt;</msg>
<var>${response}</var>
<arg>consultarAPI</arg>
<arg>/api</arg>
<doc>Sends a GET request on a previously created HTTP Session.</doc>
<status status="PASS" start="2024-07-25T21:14:43.458686" elapsed="0.082302"/>
</kw>
<kw name="Set Variable" owner="BuiltIn">
<msg time="2024-07-25T21:14:43.542129" level="INFO">${json_data} = {'results': [{'gender': 'male', 'name': {'title': 'Mr', 'first': 'Manuel', 'last': 'Evans'}, 'location': {'street': {'number': 2913, 'name': 'Wycliff Ave'}, 'city': 'Seymour', 'state': 'South Carolina...</msg>
<var>${json_data}</var>
<arg>${response.json()}</arg>
<doc>Returns the given values which can then be assigned to a variables.</doc>
<status status="PASS" start="2024-07-25T21:14:43.541550" elapsed="0.000608"/>
</kw>
<kw name="Log" owner="BuiltIn">
<msg time="2024-07-25T21:14:43.542624" level="INFO">{'results': [{'gender': 'male', 'name': {'title': 'Mr', 'first': 'Manuel', 'last': 'Evans'}, 'location': {'street': {'number': 2913, 'name': 'Wycliff Ave'}, 'city': 'Seymour', 'state': 'South Carolina', 'country': 'United States', 'postcode': 91670, 'coordinates': {'latitude': '85.7191', 'longitude': '-7.1091'}, 'timezone': {'offset': '-5:00', 'description': 'Eastern Time (US &amp; Canada), Bogota, Lima'}}, 'email': 'manuel.evans@example.com', 'login': {'uuid': 'a334fdce-96d5-4431-b349-20fea7cc291a', 'username': 'crazymeercat259', 'password': 'claudio', 'salt': 'LAYvsmeU', 'md5': '3eea028078a7e88bfdbc07926d1e993a', 'sha1': 'ad49e8ece8677f57ab424e69e50153b520e7e3c5', 'sha256': '22997862403d91e1e3fec19e88e07cd5401fd3802222a98be8a6192d6ce781a7'}, 'dob': {'date': '1947-02-02T02:34:25.428Z', 'age': 77}, 'registered': {'date': '2022-01-07T05:21:46.320Z', 'age': 2}, 'phone': '(748) 816-0691', 'cell': '(234) 839-7712', 'id': {'name': 'SSN', 'value': '640-94-8184'}, 'picture': {'large': 'https://randomuser.me/api/portraits/men/89.jpg', 'medium': 'https://randomuser.me/api/portraits/med/men/89.jpg', 'thumbnail': 'https://randomuser.me/api/portraits/thumb/men/89.jpg'}, 'nat': 'US'}], 'info': {'seed': '377c92adce18c0af', 'results': 1, 'page': 1, 'version': '1.4'}}</msg>
<arg>${json_data}</arg>
<doc>Logs the given message with the given level.</doc>
<status status="PASS" start="2024-07-25T21:14:43.542468" elapsed="0.000205"/>
</kw>
<kw name="Should Be String" owner="String">
<arg>${json_data['results'][0]['gender']}</arg>
<doc>Fails if the given ``item`` is not a string.</doc>
<status status="PASS" start="2024-07-25T21:14:43.542967" elapsed="0.000365"/>
</kw>
<kw name="Should Match Regexp" owner="BuiltIn">
<arg>${json_data['results'][0]['email']}</arg>
<arg>^[a-zA-Z0-9._%+-]+@[a-zA-Z0-9.-]+\.[a-zA-Z]{2,}$</arg>
<doc>Fails if ``string`` does not match ``pattern`` as a regular expression.</doc>
<status status="PASS" start="2024-07-25T21:14:43.543561" elapsed="0.000529"/>
</kw>
<kw name="Should Match Regexp" owner="BuiltIn">
<arg>${json_data['results'][0]['dob']['date']}</arg>
<arg>\\d{4}-\\d{2}-\\d{2}T\\d{2}:\\d{2}:\\d{2}\\.\\d{3}Z</arg>
<doc>Fails if ``string`` does not match ``pattern`` as a regular expression.</doc>
<status status="PASS" start="2024-07-25T21:14:43.544285" elapsed="0.000635"/>
</kw>
<kw name="Should Match Regexp" owner="BuiltIn">
<arg>${json_data['results'][0]['registered']['date']}</arg>
<arg>\\d{4}-\\d{2}-\\d{2}T\\d{2}:\\d{2}:\\d{2}\\.\\d{3}Z</arg>
<doc>Fails if ``string`` does not match ``pattern`` as a regular expression.</doc>
<status status="PASS" start="2024-07-25T21:14:43.545154" elapsed="0.000390"/>
</kw>
<kw name="Should Match Regexp" owner="BuiltIn">
<arg>${json_data['results'][0]['picture']['large']}</arg>
<arg>^https?://.*\.(?:png|jpe?g|gif|bmp)$</arg>
<doc>Fails if ``string`` does not match ``pattern`` as a regular expression.</doc>
<status status="PASS" start="2024-07-25T21:14:43.545749" elapsed="0.000474"/>
</kw>
<kw name="Should Match Regexp" owner="BuiltIn">
<arg>${json_data['results'][0]['picture']['medium']}</arg>
<arg>^https?://.*\.(?:png|jpe?g|gif|bmp)$</arg>
<doc>Fails if ``string`` does not match ``pattern`` as a regular expression.</doc>
<status status="PASS" start="2024-07-25T21:14:43.546410" elapsed="0.000356"/>
</kw>
<kw name="Should Match Regexp" owner="BuiltIn">
<arg>${json_data['results'][0]['picture']['thumbnail']}</arg>
<arg>^https?://.*\.(?:png|jpe?g|gif|bmp)$</arg>
<doc>Fails if ``string`` does not match ``pattern`` as a regular expression.</doc>
<status status="PASS" start="2024-07-25T21:14:43.546950" elapsed="0.000347"/>
</kw>
<kw name="Log" owner="BuiltIn">
<msg time="2024-07-25T21:14:43.547825" level="INFO">{'large': 'https://randomuser.me/api/portraits/men/89.jpg', 'medium': 'https://randomuser.me/api/portraits/med/men/89.jpg', 'thumbnail': 'https://randomuser.me/api/portraits/thumb/men/89.jpg'}</msg>
<arg>${json_data['results'][0]['picture']}</arg>
<doc>Logs the given message with the given level.</doc>
<status status="PASS" start="2024-07-25T21:14:43.547480" elapsed="0.000387"/>
</kw>
<status status="PASS" start="2024-07-25T21:14:43.458461" elapsed="0.089678"/>
</kw>
<kw name="Teste de Tipos de Dados - Postcode" owner="random-user-service">
<kw name="GET On Session" owner="RequestsLibrary">
<msg time="2024-07-25T21:14:43.638898" level="INFO">GET Request : url=https://randomuser.me/api 
 path_url=/api 
 headers={'User-Agent': 'python-requests/2.32.3', 'Accept-Encoding': 'gzip, deflate', 'Accept': '*/*', 'Connection': 'keep-alive'} 
 body=None 
 </msg>
<msg time="2024-07-25T21:14:43.639008" level="INFO">GET Response : url=https://randomuser.me/api 
 status=200, reason=OK 
 headers={'Date': 'Thu, 25 Jul 2024 21:14:43 GMT', 'Content-Type': 'application/json; charset=utf-8', 'Transfer-Encoding': 'chunked', 'Connection': 'keep-alive', 'X-Powered-By': 'Express', 'Access-Control-Allow-Origin': '*', 'Cache-Control': 'no-cache', 'ETag': 'W/"49f-obUdSN6GZa00avyfYuYqigpuSEU"', 'Vary': 'Accept-Encoding', 'Content-Encoding': 'gzip', 'CF-Cache-Status': 'DYNAMIC', 'Report-To': '{"endpoints":[{"url":"https:\\/\\/a.nel.cloudflare.com\\/report\\/v4?s=EcJm0nJmKuwMGYK8CjTEMCOBgzYYP5a2h2RMqak4OOXBECj2I8DigufUGUVq9DJONUiNC4YG5ATe%2Bi4xPakqhdh4ZPXvqWoLyR2IfBXdp%2B1OtH9%2BeCU29PhAKkUa94ew"}],"group":"cf-nel","max_age":604800}', 'NEL': '{"success_fraction":0,"report_to":"cf-nel","max_age":604800}', 'Server': 'cloudflare', 'CF-RAY': '8a8f29463a5f1ff7-IAD', 'alt-svc': 'h3=":443"; ma=86400'} 
 body={"results":[{"gender":"male","name":{"title":"Mr","first":"Jose","last":"Robertson"},"location":{"street":{"number":4157,"name":"Depaul Dr"},"city":"Sacramento","state":"Mississippi","country":"United States","postcode":20189,"coordinates":{"latitude":"83.0351","longitude":"-17.4643"},"timezone":{"offset":"-6:00","description":"Central Time (US &amp; Canada), Mexico City"}},"email":"jose.robertson@example.com","login":{"uuid":"8c362c71-18f9-4790-8a96-8bc2284ecfe4","username":"purplegorilla567","password":"oilers","salt":"gI0KELbG","md5":"046d9821f3bec57701d2655809ab5007","sha1":"75c8b6842ca47bf9ee47c26cc7b357be6c8cde23","sha256":"3730ddb0c255866c121b20a10ca698967587f9eeab96abcc89720c0871e6dcb1"},"dob":{"date":"1986-05-02T03:50:09.174Z","age":38},"registered":{"date":"2017-06-01T11:56:46.498Z","age":7},"phone":"(352) 989-9323","cell":"(522) 605-6294","id":{"name":"SSN","value":"754-47-2873"},"picture":{"large":"https://randomuser.me/api/portraits/men/14.jpg","medium":"https://randomuser.me/api/portraits/med/men/14.jpg","thumbnail":"https://randomuser.me/api/portraits/thumb/men/14.jpg"},"nat":"US"}],"info":{"seed":"a03675e11afcec79","results":1,"page":1,"version":"1.4"}} 
 </msg>
<msg time="2024-07-25T21:14:43.639084" level="INFO">/opt/hostedtoolcache/Python/3.12.4/x64/lib/python3.12/site-packages/urllib3/connectionpool.py:1099: InsecureRequestWarning: Unverified HTTPS request is being made to host 'randomuser.me'. Adding certificate verification is strongly advised. See: https://urllib3.readthedocs.io/en/latest/advanced-usage.html#tls-warnings
  warnings.warn(</msg>
<msg time="2024-07-25T21:14:43.639224" level="INFO">${response} = &lt;Response [200]&gt;</msg>
<var>${response}</var>
<arg>consultarAPI</arg>
<arg>/api</arg>
<doc>Sends a GET request on a previously created HTTP Session.</doc>
<status status="PASS" start="2024-07-25T21:14:43.548603" elapsed="0.090665"/>
</kw>
<kw name="Set Variable" owner="BuiltIn">
<msg time="2024-07-25T21:14:43.640297" level="INFO">${json_data} = {'results': [{'gender': 'male', 'name': {'title': 'Mr', 'first': 'Jose', 'last': 'Robertson'}, 'location': {'street': {'number': 4157, 'name': 'Depaul Dr'}, 'city': 'Sacramento', 'state': 'Mississippi...</msg>
<var>${json_data}</var>
<arg>${response.json()}</arg>
<doc>Returns the given values which can then be assigned to a variables.</doc>
<status status="PASS" start="2024-07-25T21:14:43.639776" elapsed="0.000549"/>
</kw>
<kw name="Log" owner="BuiltIn">
<msg time="2024-07-25T21:14:43.640795" level="INFO">{'results': [{'gender': 'male', 'name': {'title': 'Mr', 'first': 'Jose', 'last': 'Robertson'}, 'location': {'street': {'number': 4157, 'name': 'Depaul Dr'}, 'city': 'Sacramento', 'state': 'Mississippi', 'country': 'United States', 'postcode': 20189, 'coordinates': {'latitude': '83.0351', 'longitude': '-17.4643'}, 'timezone': {'offset': '-6:00', 'description': 'Central Time (US &amp; Canada), Mexico City'}}, 'email': 'jose.robertson@example.com', 'login': {'uuid': '8c362c71-18f9-4790-8a96-8bc2284ecfe4', 'username': 'purplegorilla567', 'password': 'oilers', 'salt': 'gI0KELbG', 'md5': '046d9821f3bec57701d2655809ab5007', 'sha1': '75c8b6842ca47bf9ee47c26cc7b357be6c8cde23', 'sha256': '3730ddb0c255866c121b20a10ca698967587f9eeab96abcc89720c0871e6dcb1'}, 'dob': {'date': '1986-05-02T03:50:09.174Z', 'age': 38}, 'registered': {'date': '2017-06-01T11:56:46.498Z', 'age': 7}, 'phone': '(352) 989-9323', 'cell': '(522) 605-6294', 'id': {'name': 'SSN', 'value': '754-47-2873'}, 'picture': {'large': 'https://randomuser.me/api/portraits/men/14.jpg', 'medium': 'https://randomuser.me/api/portraits/med/men/14.jpg', 'thumbnail': 'https://randomuser.me/api/portraits/thumb/men/14.jpg'}, 'nat': 'US'}], 'info': {'seed': 'a03675e11afcec79', 'results': 1, 'page': 1, 'version': '1.4'}}</msg>
<arg>${json_data}</arg>
<doc>Logs the given message with the given level.</doc>
<status status="PASS" start="2024-07-25T21:14:43.640638" elapsed="0.000205"/>
</kw>
<kw name="Should Be Equal As Numbers" owner="BuiltIn">
<arg>${json_data['results'][0]['location']['postcode']}</arg>
<arg>${json_data['results'][0]['location']['postcode']}</arg>
<doc>Fails if objects are unequal after converting them to real numbers.</doc>
<status status="PASS" start="2024-07-25T21:14:43.641189" elapsed="0.000634"/>
</kw>
<kw name="Log" owner="BuiltIn">
<msg time="2024-07-25T21:14:43.642396" level="INFO">20189</msg>
<arg>${json_data['results'][0]['location']['postcode']}</arg>
<doc>Logs the given message with the given level.</doc>
<status status="PASS" start="2024-07-25T21:14:43.642053" elapsed="0.000384"/>
</kw>
<status status="PASS" start="2024-07-25T21:14:43.548370" elapsed="0.094330"/>
</kw>
<doc>Testa se os tipos de dados na resposta da API estão corretos.</doc>
<tag>testeTiposDados</tag>
<status status="PASS" start="2024-07-25T21:14:43.457890" elapsed="0.184982"/>
</test>
<test id="s1-s1-t5" name="Validar conteudo" line="35">
<kw name="Teste de Tipos de Conteudo" owner="random-user-service">
<kw name="GET On Session" owner="RequestsLibrary">
<msg time="2024-07-25T21:14:43.731160" level="INFO">GET Request : url=https://randomuser.me/api 
 path_url=/api 
 headers={'User-Agent': 'python-requests/2.32.3', 'Accept-Encoding': 'gzip, deflate', 'Accept': '*/*', 'Connection': 'keep-alive'} 
 body=None 
 </msg>
<msg time="2024-07-25T21:14:43.731261" level="INFO">GET Response : url=https://randomuser.me/api 
 status=200, reason=OK 
 headers={'Date': 'Thu, 25 Jul 2024 21:14:43 GMT', 'Content-Type': 'application/json; charset=utf-8', 'Transfer-Encoding': 'chunked', 'Connection': 'keep-alive', 'X-Powered-By': 'Express', 'Access-Control-Allow-Origin': '*', 'Cache-Control': 'no-cache', 'ETag': 'W/"475-o3KDPCAC4qODAx4gi2CKxsTys+M"', 'Vary': 'Accept-Encoding', 'Content-Encoding': 'gzip', 'CF-Cache-Status': 'DYNAMIC', 'Report-To': '{"endpoints":[{"url":"https:\\/\\/a.nel.cloudflare.com\\/report\\/v4?s=1L0isTi%2BDrK0wzFwFZzTY3T9G11Bfjo5bo35fM24%2B%2FJ6GK2Xurccq366qDbaXrHGUMiWh1jx15sTpncn7rKj7SFIYJrpdLRRzZqRUo6YFAhYnV66Uh3os%2F%2BUuNyqu5PF"}],"group":"cf-nel","max_age":604800}', 'NEL': '{"success_fraction":0,"report_to":"cf-nel","max_age":604800}', 'Server': 'cloudflare', 'CF-RAY': '8a8f2946caff1ff7-IAD', 'alt-svc': 'h3=":443"; ma=86400'} 
 body={"results":[{"gender":"male","name":{"title":"Mr","first":"Thomas","last":"Kumar"},"location":{"street":{"number":5608,"name":"Otipua Road"},"city":"Porirua","state":"Gisborne","country":"New Zealand","postcode":44391,"coordinates":{"latitude":"54.7409","longitude":"-91.8704"},"timezone":{"offset":"+6:00","description":"Almaty, Dhaka, Colombo"}},"email":"thomas.kumar@example.com","login":{"uuid":"e6c89a36-74fc-494c-91c4-97e5c1eda302","username":"silverfish649","password":"annie1","salt":"Er8XJrXL","md5":"bfb469de9d01bfcebeabfe005b3485ea","sha1":"1fedfffa78c2a85426f238707a03b5cc54fef183","sha256":"63de7896b2946aef9b34b2aa15a7b9f71cff8243f40853749f3cdcb473c60518"},"dob":{"date":"1972-10-28T05:23:33.518Z","age":51},"registered":{"date":"2020-09-20T23:03:31.293Z","age":3},"phone":"(708)-862-0130","cell":"(512)-214-2557","id":{"name":"","value":null},"picture":{"large":"https://randomuser.me/api/portraits/men/36.jpg","medium":"https://randomuser.me/api/portraits/med/men/36.jpg","thumbnail":"https://randomuser.me/api/portraits/thumb/men/36.jpg"},"nat":"NZ"}],"info":{"seed":"1070b1ab64f0e3e4","results":1,"page":1,"version":"1.4"}} 
 </msg>
<msg time="2024-07-25T21:14:43.731335" level="INFO">/opt/hostedtoolcache/Python/3.12.4/x64/lib/python3.12/site-packages/urllib3/connectionpool.py:1099: InsecureRequestWarning: Unverified HTTPS request is being made to host 'randomuser.me'. Adding certificate verification is strongly advised. See: https://urllib3.readthedocs.io/en/latest/advanced-usage.html#tls-warnings
  warnings.warn(</msg>
<msg time="2024-07-25T21:14:43.731475" level="INFO">${response} = &lt;Response [200]&gt;</msg>
<var>${response}</var>
<arg>consultarAPI</arg>
<arg>/api</arg>
<doc>Sends a GET request on a previously created HTTP Session.</doc>
<status status="PASS" start="2024-07-25T21:14:43.645734" elapsed="0.085785"/>
</kw>
<kw name="Set Variable" owner="BuiltIn">
<msg time="2024-07-25T21:14:43.732553" level="INFO">${json_data} = {'results': [{'gender': 'male', 'name': {'title': 'Mr', 'first': 'Thomas', 'last': 'Kumar'}, 'location': {'street': {'number': 5608, 'name': 'Otipua Road'}, 'city': 'Porirua', 'state': 'Gisborne', 'co...</msg>
<var>${json_data}</var>
<arg>${response.json()}</arg>
<doc>Returns the given values which can then be assigned to a variables.</doc>
<status status="PASS" start="2024-07-25T21:14:43.732017" elapsed="0.000568"/>
</kw>
<kw name="Set Variable" owner="BuiltIn">
<msg time="2024-07-25T21:14:43.733349" level="INFO">${name_title} = Mr</msg>
<var>${name_title}</var>
<arg>${json_data["results"][0]["name"]["title"]}</arg>
<doc>Returns the given values which can then be assigned to a variables.</doc>
<status status="PASS" start="2024-07-25T21:14:43.732900" elapsed="0.000476"/>
</kw>
<kw name="Create List" owner="BuiltIn">
<msg time="2024-07-25T21:14:43.733836" level="INFO">${allowed_titles} = ['Mr', 'Ms', 'Miss', 'Mrs', 'Madame', 'Monsieur']</msg>
<var>${allowed_titles}</var>
<arg>Mr</arg>
<arg>Ms</arg>
<arg>Miss</arg>
<arg>Mrs</arg>
<arg>Madame</arg>
<arg>Monsieur</arg>
<doc>Returns a list containing given items.</doc>
<status status="PASS" start="2024-07-25T21:14:43.733680" elapsed="0.000181"/>
</kw>
<kw name="List Should Contain Value" owner="Collections">
<arg>${allowed_titles}</arg>
<arg>${name_title}</arg>
<doc>Fails if the ``value`` is not found from ``list``.</doc>
<status status="PASS" start="2024-07-25T21:14:43.734177" elapsed="0.000183"/>
</kw>
<kw name="Set Variable" owner="BuiltIn">
<msg time="2024-07-25T21:14:43.734922" level="INFO">${name_country} = NZ</msg>
<var>${name_country}</var>
<arg>${json_data["results"][0]["nat"]}</arg>
<doc>Returns the given values which can then be assigned to a variables.</doc>
<status status="PASS" start="2024-07-25T21:14:43.734546" elapsed="0.000403"/>
</kw>
<kw name="Create List" owner="BuiltIn">
<msg time="2024-07-25T21:14:43.735848" level="INFO">${list_country} = ['AD', 'AE', 'AF', 'AG', 'AI', 'AL', 'AM', 'AO', 'AQ', 'AR', 'AS', 'AT', 'AU', 'AW', 'AX', 'AZ', 'BA', 'BB', 'BD', 'BE', 'BF', 'BG', 'BH', 'BI', 'BJ', 'BL', 'BM', 'BN', 'BO', 'BQ', 'BR', 'BS', 'BT', '...</msg>
<var>${list_country}</var>
<arg>AD</arg>
<arg>AE</arg>
<arg>AF</arg>
<arg>AG</arg>
<arg>AI</arg>
<arg>AL</arg>
<arg>AM</arg>
<arg>AO</arg>
<arg>AQ</arg>
<arg>AR</arg>
<arg>AS</arg>
<arg>AT</arg>
<arg>AU</arg>
<arg>AW</arg>
<arg>AX</arg>
<arg>AZ</arg>
<arg>BA</arg>
<arg>BB</arg>
<arg>BD</arg>
<arg>BE</arg>
<arg>BF</arg>
<arg>BG</arg>
<arg>BH</arg>
<arg>BI</arg>
<arg>BJ</arg>
<arg>BL</arg>
<arg>BM</arg>
<arg>BN</arg>
<arg>BO</arg>
<arg>BQ</arg>
<arg>BR</arg>
<arg>BS</arg>
<arg>BT</arg>
<arg>BV</arg>
<arg>BW</arg>
<arg>BY</arg>
<arg>BZ</arg>
<arg>CA</arg>
<arg>CC</arg>
<arg>CD</arg>
<arg>CF</arg>
<arg>CG</arg>
<arg>CH</arg>
<arg>CI</arg>
<arg>CK</arg>
<arg>CL</arg>
<arg>CM</arg>
<arg>CN</arg>
<arg>CO</arg>
<arg>CR</arg>
<arg>CU</arg>
<arg>CV</arg>
<arg>CW</arg>
<arg>CX</arg>
<arg>CY</arg>
<arg>CZ</arg>
<arg>DE</arg>
<arg>DJ</arg>
<arg>DK</arg>
<arg>DM</arg>
<arg>DO</arg>
<arg>DZ</arg>
<arg>EC</arg>
<arg>EE</arg>
<arg>EG</arg>
<arg>EH</arg>
<arg>ER</arg>
<arg>ES</arg>
<arg>ET</arg>
<arg>FI</arg>
<arg>FJ</arg>
<arg>FK</arg>
<arg>FM</arg>
<arg>FO</arg>
<arg>FR</arg>
<arg>GA</arg>
<arg>GB</arg>
<arg>GD</arg>
<arg>GE</arg>
<arg>GF</arg>
<arg>GG</arg>
<arg>GH</arg>
<arg>GI</arg>
<arg>GL</arg>
<arg>GM</arg>
<arg>GN</arg>
<arg>GP</arg>
<arg>GQ</arg>
<arg>GR</arg>
<arg>GS</arg>
<arg>GT</arg>
<arg>GU</arg>
<arg>GW</arg>
<arg>GY</arg>
<arg>HK</arg>
<arg>HM</arg>
<arg>HN</arg>
<arg>HR</arg>
<arg>HT</arg>
<arg>HU</arg>
<arg>ID</arg>
<arg>IE</arg>
<arg>IL</arg>
<arg>IM</arg>
<arg>IN</arg>
<arg>IO</arg>
<arg>IQ</arg>
<arg>IR</arg>
<arg>IS</arg>
<arg>IT</arg>
<arg>JE</arg>
<arg>JM</arg>
<arg>JO</arg>
<arg>JP</arg>
<arg>KE</arg>
<arg>KG</arg>
<arg>KH</arg>
<arg>KI</arg>
<arg>KM</arg>
<arg>KN</arg>
<arg>KP</arg>
<arg>KR</arg>
<arg>KW</arg>
<arg>KY</arg>
<arg>KZ</arg>
<arg>LA</arg>
<arg>LB</arg>
<arg>LC</arg>
<arg>LI</arg>
<arg>LK</arg>
<arg>LR</arg>
<arg>LS</arg>
<arg>LT</arg>
<arg>LU</arg>
<arg>LV</arg>
<arg>LY</arg>
<arg>MA</arg>
<arg>MC</arg>
<arg>MD</arg>
<arg>ME</arg>
<arg>MF</arg>
<arg>MG</arg>
<arg>MH</arg>
<arg>MK</arg>
<arg>ML</arg>
<arg>MM</arg>
<arg>MN</arg>
<arg>MO</arg>
<arg>MP</arg>
<arg>MQ</arg>
<arg>MR</arg>
<arg>MS</arg>
<arg>MT</arg>
<arg>MU</arg>
<arg>MV</arg>
<arg>MW</arg>
<arg>MX</arg>
<arg>MY</arg>
<arg>MZ</arg>
<arg>NA</arg>
<arg>NC</arg>
<arg>NE</arg>
<arg>NF</arg>
<arg>NG</arg>
<arg>NI</arg>
<arg>NL</arg>
<arg>NO</arg>
<arg>NP</arg>
<arg>NR</arg>
<arg>NU</arg>
<arg>NZ</arg>
<arg>OM</arg>
<arg>PA</arg>
<arg>PE</arg>
<arg>PF</arg>
<arg>PG</arg>
<arg>PH</arg>
<arg>PK</arg>
<arg>PL</arg>
<arg>PM</arg>
<arg>PN</arg>
<arg>PR</arg>
<arg>PS</arg>
<arg>PT</arg>
<arg>PW</arg>
<arg>PY</arg>
<arg>QA</arg>
<arg>RE</arg>
<arg>RO</arg>
<arg>RS</arg>
<arg>RU</arg>
<arg>RW</arg>
<arg>SA</arg>
<arg>SB</arg>
<arg>SC</arg>
<arg>SD</arg>
<arg>SE</arg>
<arg>SG</arg>
<arg>SH</arg>
<arg>SI</arg>
<arg>SJ</arg>
<arg>SK</arg>
<arg>SL</arg>
<arg>SM</arg>
<arg>SN</arg>
<arg>SO</arg>
<arg>SR</arg>
<arg>SS</arg>
<arg>ST</arg>
<arg>SV</arg>
<arg>SX</arg>
<arg>SY</arg>
<arg>SZ</arg>
<arg>TC</arg>
<arg>TD</arg>
<arg>TF</arg>
<arg>TG</arg>
<arg>TH</arg>
<arg>TJ</arg>
<arg>TK</arg>
<arg>TL</arg>
<arg>TM</arg>
<arg>TN</arg>
<arg>TO</arg>
<arg>TR</arg>
<arg>TT</arg>
<arg>TV</arg>
<arg>TW</arg>
<arg>TZ</arg>
<arg>UA</arg>
<arg>UG</arg>
<arg>UM</arg>
<arg>US</arg>
<arg>UY</arg>
<arg>UZ</arg>
<arg>VA</arg>
<arg>VC</arg>
<arg>VE</arg>
<arg>VG</arg>
<arg>VI</arg>
<arg>VN</arg>
<arg>VU</arg>
<arg>WF</arg>
<arg>WS</arg>
<arg>XK</arg>
<arg>YE</arg>
<arg>YT</arg>
<arg>ZA</arg>
<arg>ZM</arg>
<arg>ZW</arg>
<doc>Returns a list containing given items.</doc>
<status status="PASS" start="2024-07-25T21:14:43.735244" elapsed="0.000631"/>
</kw>
<kw name="List Should Contain Value" owner="Collections">
<arg>${list_country}</arg>
<arg>${name_country}</arg>
<doc>Fails if the ``value`` is not found from ``list``.</doc>
<status status="PASS" start="2024-07-25T21:14:43.736863" elapsed="0.000217"/>
</kw>
<kw name="Run Keyword If" owner="BuiltIn">
<kw name="Should Be True" owner="BuiltIn">
<arg>${True}</arg>
<doc>Fails if the given condition is not true.</doc>
<status status="PASS" start="2024-07-25T21:14:43.738085" elapsed="0.000146"/>
</kw>
<arg>${json_data["results"][0]["location"]["coordinates"]["latitude"]} &gt;= -90 and ${json_data["results"][0]["location"]["coordinates"]["latitude"]} &lt;= 90</arg>
<arg>Should Be True</arg>
<arg>${True}</arg>
<doc>Runs the given keyword with the given arguments, if ``condition`` is true.</doc>
<status status="PASS" start="2024-07-25T21:14:43.737315" elapsed="0.001053"/>
</kw>
<kw name="Run Keyword If" owner="BuiltIn">
<kw name="Should Be True" owner="BuiltIn">
<arg>${True}</arg>
<doc>Fails if the given condition is not true.</doc>
<status status="PASS" start="2024-07-25T21:14:43.739259" elapsed="0.000139"/>
</kw>
<arg>${json_data["results"][0]["location"]["coordinates"]["longitude"]} &gt;= -180 and ${json_data["results"][0]["location"]["coordinates"]["longitude"]} &lt;= 180</arg>
<arg>Should Be True</arg>
<arg>${True}</arg>
<doc>Runs the given keyword with the given arguments, if ``condition`` is true.</doc>
<status status="PASS" start="2024-07-25T21:14:43.738553" elapsed="0.000970"/>
</kw>
<status status="PASS" start="2024-07-25T21:14:43.645349" elapsed="0.094310"/>
</kw>
<doc>Testa o conteúdo específico dos campos retornados pela API.</doc>
<tag>testeConteudo</tag>
<status status="PASS" start="2024-07-25T21:14:43.644663" elapsed="0.095153"/>
</test>
<status status="PASS" start="2024-07-25T21:14:42.791296" elapsed="0.950592"/>
</suite>
<status status="PASS" start="2024-07-25T21:14:42.776518" elapsed="0.970627"/>
</suite>
<statistics>
<total>
<stat pass="5" fail="0" skip="0">All Tests</stat>
</total>
<tag>
<stat pass="1" fail="0" skip="0">testeConteudo</stat>
<stat pass="1" fail="0" skip="0">testeEstruturaResposta</stat>
<stat pass="1" fail="0" skip="0">testeRequisicaoBasica</stat>
<stat pass="1" fail="0" skip="0">testeTiposDados</stat>
</tag>
<suite>
<stat pass="5" fail="0" skip="0" id="s1" name="Tests">Tests</stat>
<stat pass="5" fail="0" skip="0" id="s1-s1" name="Random-User-Test">Tests.Random-User-Test</stat>
</suite>
</statistics>
<errors>
</errors>
</robot>
