<?xml version="1.0" encoding="UTF-8"?>
<robot generator="Robot 7.0.1 (Python 3.12.4 on linux)" generated="2024-08-02T09:17:03.980011" rpa="false" schemaversion="5">
<suite id="s1" name="Tests" source="/home/runner/work/ApiRandomUser/ApiRandomUser/RamdonUser/tests">
<suite id="s1-s1" name="Random-User-Test" source="/home/runner/work/ApiRandomUser/ApiRandomUser/RamdonUser/tests/random-user-test.robot">
<test id="s1-s1-t1" name="Conectar" line="13">
<kw name="Conectar API" owner="random-user-service">
<kw name="Create Session" owner="RequestsLibrary">
<msg time="2024-08-02T09:17:04.390277" level="INFO">Creating Session using : alias=consultarAPI, url=https://randomuser.me/, headers={},                     cookies={}, auth=None, timeout=None, proxies=None, verify=False,                     debug=0 </msg>
<arg>consultarAPI</arg>
<arg>${URL}</arg>
<doc>Create Session: create a HTTP session to a server</doc>
<status status="PASS" start="2024-08-02T09:17:04.390080" elapsed="0.000372"/>
</kw>
<status status="PASS" start="2024-08-02T09:17:04.389049" elapsed="0.001753"/>
</kw>
<status status="PASS" start="2024-08-02T09:17:04.388364" elapsed="0.002675"/>
</test>
<test id="s1-s1-t2" name="Validar retorno 200 e JSON Válido" line="16">
<kw name="Teste de Requisicao Basica" owner="random-user-service">
<kw name="GET On Session" owner="RequestsLibrary">
<msg time="2024-08-02T09:17:05.836135" level="INFO">GET Request : url=https://randomuser.me/api 
 path_url=/api 
 headers={'User-Agent': 'python-requests/2.32.3', 'Accept-Encoding': 'gzip, deflate', 'Accept': '*/*', 'Connection': 'keep-alive'} 
 body=None 
 </msg>
<msg time="2024-08-02T09:17:05.836287" level="INFO">GET Response : url=https://randomuser.me/api 
 status=200, reason=OK 
 headers={'Date': 'Fri, 02 Aug 2024 09:17:05 GMT', 'Content-Type': 'application/json; charset=utf-8', 'Transfer-Encoding': 'chunked', 'Connection': 'keep-alive', 'X-Powered-By': 'Express', 'Access-Control-Allow-Origin': '*', 'Cache-Control': 'no-cache', 'ETag': 'W/"47d-kelnWhN2fYRrDt3UVPcj7GOazzY"', 'Vary': 'Accept-Encoding', 'Content-Encoding': 'gzip', 'CF-Cache-Status': 'DYNAMIC', 'Report-To': '{"endpoints":[{"url":"https:\\/\\/a.nel.cloudflare.com\\/report\\/v4?s=ZWOVF9aCh9mk8Z%2Bpbw65gAUJ55rDsF9z1NKy86dzIuGsS5PByZUVvoatmcouqyvW6FyAdEppMX5H%2BoA6EmaFWcVFkOmYgeXJyp4kQt6vit30iYD1Aw8B7Xuv3MAWUVwJ"}],"group":"cf-nel","max_age":604800}', 'NEL': '{"success_fraction":0,"report_to":"cf-nel","max_age":604800}', 'Server': 'cloudflare', 'CF-RAY': '8accf9073c34230a-SJC', 'alt-svc': 'h3=":443"; ma=86400'} 
 body={"results":[{"gender":"male","name":{"title":"Mr","first":"Onur","last":"Aybar"},"location":{"street":{"number":5045,"name":"Şehitler Cd"},"city":"Sivas","state":"Sinop","country":"Turkey","postcode":95237,"coordinates":{"latitude":"72.2791","longitude":"-112.6075"},"timezone":{"offset":"+10:00","description":"Eastern Australia, Guam, Vladivostok"}},"email":"onur.aybar@example.com","login":{"uuid":"d2f85bbf-d776-4139-a1f7-738ccb7690ec","username":"yellowladybug511","password":"aaaaaa1","salt":"YEEzgoKj","md5":"d0a1775b11ec24c90c3e6a14492e0a68","sha1":"52d41eda09f11754c1bd433e09620b35cec32628","sha256":"47b974f8da8f4d3c1f0534843f7e21a4b219294f94711f90bec6949f52a14575"},"dob":{"date":"1956-10-21T10:10:42.222Z","age":67},"registered":{"date":"2013-04-22T04:15:13.026Z","age":11},"phone":"(764)-350-8852","cell":"(654)-752-8930","id":{"name":"","value":null},"picture":{"large":"https://randomuser.me/api/portraits/men/79.jpg","medium":"https://randomuser.me/api/portraits/med/men/79.jpg","thumbnail":"https://randomuser.me/api/portraits/thumb/men/79.jpg"},"nat":"TR"}],"info":{"seed":"e02c4bbafd9329ad","results":1,"page":1,"version":"1.4"}} 
 </msg>
<msg time="2024-08-02T09:17:05.836367" level="INFO">/opt/hostedtoolcache/Python/3.12.4/x64/lib/python3.12/site-packages/urllib3/connectionpool.py:1099: InsecureRequestWarning: Unverified HTTPS request is being made to host 'randomuser.me'. Adding certificate verification is strongly advised. See: https://urllib3.readthedocs.io/en/latest/advanced-usage.html#tls-warnings
  warnings.warn(</msg>
<msg time="2024-08-02T09:17:05.836507" level="INFO">${response} = &lt;Response [200]&gt;</msg>
<var>${response}</var>
<arg>consultarAPI</arg>
<arg>/api</arg>
<doc>Sends a GET request on a previously created HTTP Session.</doc>
<status status="PASS" start="2024-08-02T09:17:04.393665" elapsed="1.442883"/>
</kw>
<kw name="Should Be Equal As Numbers" owner="BuiltIn">
<msg time="2024-08-02T09:17:05.837539" level="INFO">Argument types are:
&lt;class 'int'&gt;
&lt;class 'str'&gt;</msg>
<arg>${response.status_code}</arg>
<arg>200</arg>
<doc>Fails if objects are unequal after converting them to real numbers.</doc>
<status status="PASS" start="2024-08-02T09:17:05.837081" elapsed="0.000520"/>
</kw>
<kw name="Log" owner="BuiltIn">
<msg time="2024-08-02T09:17:05.838259" level="INFO">200</msg>
<arg>${response.status_code}</arg>
<doc>Logs the given message with the given level.</doc>
<status status="PASS" start="2024-08-02T09:17:05.837912" elapsed="0.000388"/>
</kw>
<kw name="Set Variable" owner="BuiltIn">
<msg time="2024-08-02T09:17:05.839094" level="INFO">${json_data} = {'results': [{'gender': 'male', 'name': {'title': 'Mr', 'first': 'Onur', 'last': 'Aybar'}, 'location': {'street': {'number': 5045, 'name': 'Şehitler Cd'}, 'city': 'Sivas', 'state': 'Sinop', 'country':...</msg>
<var>${json_data}</var>
<arg>${response.json()}</arg>
<doc>Returns the given values which can then be assigned to a variables.</doc>
<status status="PASS" start="2024-08-02T09:17:05.838601" elapsed="0.000536"/>
</kw>
<kw name="Dictionary Should Contain Key" owner="Collections">
<arg>${json_data}</arg>
<arg>results</arg>
<doc>Fails if ``key`` is not found from ``dictionary``.</doc>
<status status="PASS" start="2024-08-02T09:17:05.839488" elapsed="0.000345"/>
</kw>
<status status="PASS" start="2024-08-02T09:17:04.393427" elapsed="1.446563"/>
</kw>
<doc>Testa se a API responde corretamente e retorna um objeto JSON válido.</doc>
<tag>testeRequisicaoBasica</tag>
<status status="PASS" start="2024-08-02T09:17:04.392902" elapsed="1.447262"/>
</test>
<test id="s1-s1-t3" name="Validar estrutura de resposta" line="22">
<kw name="Teste de Estrutura de Resposta" owner="random-user-service">
<kw name="GET On Session" owner="RequestsLibrary">
<msg time="2024-08-02T09:17:07.019934" level="INFO">GET Request : url=https://randomuser.me/api 
 path_url=/api 
 headers={'User-Agent': 'python-requests/2.32.3', 'Accept-Encoding': 'gzip, deflate', 'Accept': '*/*', 'Connection': 'keep-alive'} 
 body=None 
 </msg>
<msg time="2024-08-02T09:17:07.020047" level="INFO">GET Response : url=https://randomuser.me/api 
 status=200, reason=OK 
 headers={'Date': 'Fri, 02 Aug 2024 09:17:07 GMT', 'Content-Type': 'application/json; charset=utf-8', 'Transfer-Encoding': 'chunked', 'Connection': 'keep-alive', 'X-Powered-By': 'Express', 'Access-Control-Allow-Origin': '*', 'Cache-Control': 'no-cache', 'ETag': 'W/"485-4NWJfVPCOyh6BipvqoXVLzAM1AE"', 'Vary': 'Accept-Encoding', 'Content-Encoding': 'gzip', 'CF-Cache-Status': 'DYNAMIC', 'Report-To': '{"endpoints":[{"url":"https:\\/\\/a.nel.cloudflare.com\\/report\\/v4?s=Uam%2BEkkMnM%2FaRilSdsbWekmdOZx%2BhV6NvPz26s6oI91gROJtDAKQ1%2Bu2tHiQaHU9z0eMLr46QecW%2FWSc9FsL3f2HPrbfY1hNGM2%2FdvjzUuhztQclpMcZ7kZSQ6sq7i7w"}],"group":"cf-nel","max_age":604800}', 'NEL': '{"success_fraction":0,"report_to":"cf-nel","max_age":604800}', 'Server': 'cloudflare', 'CF-RAY': '8accf90f8a7d230a-SJC', 'alt-svc': 'h3=":443"; ma=86400'} 
 body={"results":[{"gender":"female","name":{"title":"Mrs","first":"کیانا","last":"سلطانی نژاد"},"location":{"street":{"number":8708,"name":"داودی"},"city":"یزد","state":"اردبیل","country":"Iran","postcode":30151,"coordinates":{"latitude":"16.9612","longitude":"135.5545"},"timezone":{"offset":"+9:30","description":"Adelaide, Darwin"}},"email":"khyn.sltnynjd@example.com","login":{"uuid":"e55ed3f1-3cc2-41cb-b15b-7d1b5dae787d","username":"sadladybug872","password":"errors","salt":"XWlhXRTe","md5":"3deeb45dec3c016d381bf102e1a81d1c","sha1":"b000421c6682bfaab425c5a98a5164765119f5dd","sha256":"a84a3894c7ccf11b7b4ecea94948195e7ecad447dc0f39ed6aa490754bd80582"},"dob":{"date":"1949-04-04T10:06:46.874Z","age":75},"registered":{"date":"2016-10-06T07:27:18.369Z","age":7},"phone":"086-94548341","cell":"0963-438-6796","id":{"name":"","value":null},"picture":{"large":"https://randomuser.me/api/portraits/women/32.jpg","medium":"https://randomuser.me/api/portraits/med/women/32.jpg","thumbnail":"https://randomuser.me/api/portraits/thumb/women/32.jpg"},"nat":"IR"}],"info":{"seed":"6be172a7695d6766","results":1,"page":1,"version":"1.4"}} 
 </msg>
<msg time="2024-08-02T09:17:07.020190" level="INFO">/opt/hostedtoolcache/Python/3.12.4/x64/lib/python3.12/site-packages/urllib3/connectionpool.py:1099: InsecureRequestWarning: Unverified HTTPS request is being made to host 'randomuser.me'. Adding certificate verification is strongly advised. See: https://urllib3.readthedocs.io/en/latest/advanced-usage.html#tls-warnings
  warnings.warn(</msg>
<msg time="2024-08-02T09:17:07.020325" level="INFO">${response} = &lt;Response [200]&gt;</msg>
<var>${response}</var>
<arg>consultarAPI</arg>
<arg>/api</arg>
<doc>Sends a GET request on a previously created HTTP Session.</doc>
<status status="PASS" start="2024-08-02T09:17:05.842674" elapsed="1.177692"/>
</kw>
<kw name="Set Variable" owner="BuiltIn">
<msg time="2024-08-02T09:17:07.021627" level="INFO">${json_data} = {'results': [{'gender': 'female', 'name': {'title': 'Mrs', 'first': 'کیانا', 'last': 'سلطانی نژاد'}, 'location': {'street': {'number': 8708, 'name': 'داودی'}, 'city': 'یزد', 'state': 'اردبیل', 'countr...</msg>
<var>${json_data}</var>
<arg>${response.json()}</arg>
<doc>Returns the given values which can then be assigned to a variables.</doc>
<status status="PASS" start="2024-08-02T09:17:07.020990" elapsed="0.000668"/>
</kw>
<kw name="Log" owner="BuiltIn">
<msg time="2024-08-02T09:17:07.022139" level="INFO">{'results': [{'gender': 'female', 'name': {'title': 'Mrs', 'first': 'کیانا', 'last': 'سلطانی نژاد'}, 'location': {'street': {'number': 8708, 'name': 'داودی'}, 'city': 'یزد', 'state': 'اردبیل', 'country': 'Iran', 'postcode': 30151, 'coordinates': {'latitude': '16.9612', 'longitude': '135.5545'}, 'timezone': {'offset': '+9:30', 'description': 'Adelaide, Darwin'}}, 'email': 'khyn.sltnynjd@example.com', 'login': {'uuid': 'e55ed3f1-3cc2-41cb-b15b-7d1b5dae787d', 'username': 'sadladybug872', 'password': 'errors', 'salt': 'XWlhXRTe', 'md5': '3deeb45dec3c016d381bf102e1a81d1c', 'sha1': 'b000421c6682bfaab425c5a98a5164765119f5dd', 'sha256': 'a84a3894c7ccf11b7b4ecea94948195e7ecad447dc0f39ed6aa490754bd80582'}, 'dob': {'date': '1949-04-04T10:06:46.874Z', 'age': 75}, 'registered': {'date': '2016-10-06T07:27:18.369Z', 'age': 7}, 'phone': '086-94548341', 'cell': '0963-438-6796', 'id': {'name': '', 'value': None}, 'picture': {'large': 'https://randomuser.me/api/portraits/women/32.jpg', 'medium': 'https://randomuser.me/api/portraits/med/women/32.jpg', 'thumbnail': 'https://randomuser.me/api/portraits/thumb/women/32.jpg'}, 'nat': 'IR'}], 'info': {'seed': '6be172a7695d6766', 'results': 1, 'page': 1, 'version': '1.4'}}</msg>
<arg>${json_data}</arg>
<doc>Logs the given message with the given level.</doc>
<status status="PASS" start="2024-08-02T09:17:07.021969" elapsed="0.000228"/>
</kw>
<kw name="Dictionary Should Contain Key" owner="Collections">
<arg>${json_data}</arg>
<arg>results</arg>
<doc>Fails if ``key`` is not found from ``dictionary``.</doc>
<status status="PASS" start="2024-08-02T09:17:07.022493" elapsed="0.000162"/>
</kw>
<kw name="Should Not Be Empty" owner="BuiltIn">
<msg time="2024-08-02T09:17:07.023020" level="INFO">Length is 2.</msg>
<arg>${json_data}</arg>
<doc>Verifies that the given item is not empty.</doc>
<status status="PASS" start="2024-08-02T09:17:07.022874" elapsed="0.000185"/>
</kw>
<kw name="Create List" owner="BuiltIn">
<msg time="2024-08-02T09:17:07.023497" level="INFO">${expected_keys} = ['gender', 'name', 'location', 'email', 'login']</msg>
<var>${expected_keys}</var>
<arg>gender</arg>
<arg>name</arg>
<arg>location</arg>
<arg>email</arg>
<arg>login</arg>
<doc>Returns a list containing given items.</doc>
<status status="PASS" start="2024-08-02T09:17:07.023346" elapsed="0.000175"/>
</kw>
<for flavor="IN">
<iter>
<kw name="Dictionary Should Contain Key" owner="Collections">
<arg>${json_data['results'][0]}</arg>
<arg>${key}</arg>
<doc>Fails if ``key`` is not found from ``dictionary``.</doc>
<status status="PASS" start="2024-08-02T09:17:07.024105" elapsed="0.000412"/>
</kw>
<kw name="Log" owner="BuiltIn">
<msg time="2024-08-02T09:17:07.025057" level="INFO">{'gender': 'female', 'name': {'title': 'Mrs', 'first': 'کیانا', 'last': 'سلطانی نژاد'}, 'location': {'street': {'number': 8708, 'name': 'داودی'}, 'city': 'یزد', 'state': 'اردبیل', 'country': 'Iran', 'postcode': 30151, 'coordinates': {'latitude': '16.9612', 'longitude': '135.5545'}, 'timezone': {'offset': '+9:30', 'description': 'Adelaide, Darwin'}}, 'email': 'khyn.sltnynjd@example.com', 'login': {'uuid': 'e55ed3f1-3cc2-41cb-b15b-7d1b5dae787d', 'username': 'sadladybug872', 'password': 'errors', 'salt': 'XWlhXRTe', 'md5': '3deeb45dec3c016d381bf102e1a81d1c', 'sha1': 'b000421c6682bfaab425c5a98a5164765119f5dd', 'sha256': 'a84a3894c7ccf11b7b4ecea94948195e7ecad447dc0f39ed6aa490754bd80582'}, 'dob': {'date': '1949-04-04T10:06:46.874Z', 'age': 75}, 'registered': {'date': '2016-10-06T07:27:18.369Z', 'age': 7}, 'phone': '086-94548341', 'cell': '0963-438-6796', 'id': {'name': '', 'value': None}, 'picture': {'large': 'https://randomuser.me/api/portraits/women/32.jpg', 'medium': 'https://randomuser.me/api/portraits/med/women/32.jpg', 'thumbnail': 'https://randomuser.me/api/portraits/thumb/women/32.jpg'}, 'nat': 'IR'}</msg>
<arg>${json_data['results'][0]}</arg>
<doc>Logs the given message with the given level.</doc>
<status status="PASS" start="2024-08-02T09:17:07.024703" elapsed="0.000406"/>
</kw>
<kw name="Log" owner="BuiltIn">
<msg time="2024-08-02T09:17:07.025538" level="INFO">gender</msg>
<arg>${key}</arg>
<doc>Logs the given message with the given level.</doc>
<status status="PASS" start="2024-08-02T09:17:07.025408" elapsed="0.000168"/>
</kw>
<var name="${key}">gender</var>
<status status="PASS" start="2024-08-02T09:17:07.023979" elapsed="0.001814"/>
</iter>
<iter>
<kw name="Dictionary Should Contain Key" owner="Collections">
<arg>${json_data['results'][0]}</arg>
<arg>${key}</arg>
<doc>Fails if ``key`` is not found from ``dictionary``.</doc>
<status status="PASS" start="2024-08-02T09:17:07.026086" elapsed="0.000390"/>
</kw>
<kw name="Log" owner="BuiltIn">
<msg time="2024-08-02T09:17:07.027041" level="INFO">{'gender': 'female', 'name': {'title': 'Mrs', 'first': 'کیانا', 'last': 'سلطانی نژاد'}, 'location': {'street': {'number': 8708, 'name': 'داودی'}, 'city': 'یزد', 'state': 'اردبیل', 'country': 'Iran', 'postcode': 30151, 'coordinates': {'latitude': '16.9612', 'longitude': '135.5545'}, 'timezone': {'offset': '+9:30', 'description': 'Adelaide, Darwin'}}, 'email': 'khyn.sltnynjd@example.com', 'login': {'uuid': 'e55ed3f1-3cc2-41cb-b15b-7d1b5dae787d', 'username': 'sadladybug872', 'password': 'errors', 'salt': 'XWlhXRTe', 'md5': '3deeb45dec3c016d381bf102e1a81d1c', 'sha1': 'b000421c6682bfaab425c5a98a5164765119f5dd', 'sha256': 'a84a3894c7ccf11b7b4ecea94948195e7ecad447dc0f39ed6aa490754bd80582'}, 'dob': {'date': '1949-04-04T10:06:46.874Z', 'age': 75}, 'registered': {'date': '2016-10-06T07:27:18.369Z', 'age': 7}, 'phone': '086-94548341', 'cell': '0963-438-6796', 'id': {'name': '', 'value': None}, 'picture': {'large': 'https://randomuser.me/api/portraits/women/32.jpg', 'medium': 'https://randomuser.me/api/portraits/med/women/32.jpg', 'thumbnail': 'https://randomuser.me/api/portraits/thumb/women/32.jpg'}, 'nat': 'IR'}</msg>
<arg>${json_data['results'][0]}</arg>
<doc>Logs the given message with the given level.</doc>
<status status="PASS" start="2024-08-02T09:17:07.026655" elapsed="0.000470"/>
</kw>
<kw name="Log" owner="BuiltIn">
<msg time="2024-08-02T09:17:07.027551" level="INFO">name</msg>
<arg>${key}</arg>
<doc>Logs the given message with the given level.</doc>
<status status="PASS" start="2024-08-02T09:17:07.027424" elapsed="0.000164"/>
</kw>
<var name="${key}">name</var>
<status status="PASS" start="2024-08-02T09:17:07.025977" elapsed="0.001825"/>
</iter>
<iter>
<kw name="Dictionary Should Contain Key" owner="Collections">
<arg>${json_data['results'][0]}</arg>
<arg>${key}</arg>
<doc>Fails if ``key`` is not found from ``dictionary``.</doc>
<status status="PASS" start="2024-08-02T09:17:07.028085" elapsed="0.000387"/>
</kw>
<kw name="Log" owner="BuiltIn">
<msg time="2024-08-02T09:17:07.029006" level="INFO">{'gender': 'female', 'name': {'title': 'Mrs', 'first': 'کیانا', 'last': 'سلطانی نژاد'}, 'location': {'street': {'number': 8708, 'name': 'داودی'}, 'city': 'یزد', 'state': 'اردبیل', 'country': 'Iran', 'postcode': 30151, 'coordinates': {'latitude': '16.9612', 'longitude': '135.5545'}, 'timezone': {'offset': '+9:30', 'description': 'Adelaide, Darwin'}}, 'email': 'khyn.sltnynjd@example.com', 'login': {'uuid': 'e55ed3f1-3cc2-41cb-b15b-7d1b5dae787d', 'username': 'sadladybug872', 'password': 'errors', 'salt': 'XWlhXRTe', 'md5': '3deeb45dec3c016d381bf102e1a81d1c', 'sha1': 'b000421c6682bfaab425c5a98a5164765119f5dd', 'sha256': 'a84a3894c7ccf11b7b4ecea94948195e7ecad447dc0f39ed6aa490754bd80582'}, 'dob': {'date': '1949-04-04T10:06:46.874Z', 'age': 75}, 'registered': {'date': '2016-10-06T07:27:18.369Z', 'age': 7}, 'phone': '086-94548341', 'cell': '0963-438-6796', 'id': {'name': '', 'value': None}, 'picture': {'large': 'https://randomuser.me/api/portraits/women/32.jpg', 'medium': 'https://randomuser.me/api/portraits/med/women/32.jpg', 'thumbnail': 'https://randomuser.me/api/portraits/thumb/women/32.jpg'}, 'nat': 'IR'}</msg>
<arg>${json_data['results'][0]}</arg>
<doc>Logs the given message with the given level.</doc>
<status status="PASS" start="2024-08-02T09:17:07.028657" elapsed="0.000399"/>
</kw>
<kw name="Log" owner="BuiltIn">
<msg time="2024-08-02T09:17:07.029486" level="INFO">location</msg>
<arg>${key}</arg>
<doc>Logs the given message with the given level.</doc>
<status status="PASS" start="2024-08-02T09:17:07.029358" elapsed="0.000164"/>
</kw>
<var name="${key}">location</var>
<status status="PASS" start="2024-08-02T09:17:07.027978" elapsed="0.001755"/>
</iter>
<iter>
<kw name="Dictionary Should Contain Key" owner="Collections">
<arg>${json_data['results'][0]}</arg>
<arg>${key}</arg>
<doc>Fails if ``key`` is not found from ``dictionary``.</doc>
<status status="PASS" start="2024-08-02T09:17:07.030008" elapsed="0.000383"/>
</kw>
<kw name="Log" owner="BuiltIn">
<msg time="2024-08-02T09:17:07.031092" level="INFO">{'gender': 'female', 'name': {'title': 'Mrs', 'first': 'کیانا', 'last': 'سلطانی نژاد'}, 'location': {'street': {'number': 8708, 'name': 'داودی'}, 'city': 'یزد', 'state': 'اردبیل', 'country': 'Iran', 'postcode': 30151, 'coordinates': {'latitude': '16.9612', 'longitude': '135.5545'}, 'timezone': {'offset': '+9:30', 'description': 'Adelaide, Darwin'}}, 'email': 'khyn.sltnynjd@example.com', 'login': {'uuid': 'e55ed3f1-3cc2-41cb-b15b-7d1b5dae787d', 'username': 'sadladybug872', 'password': 'errors', 'salt': 'XWlhXRTe', 'md5': '3deeb45dec3c016d381bf102e1a81d1c', 'sha1': 'b000421c6682bfaab425c5a98a5164765119f5dd', 'sha256': 'a84a3894c7ccf11b7b4ecea94948195e7ecad447dc0f39ed6aa490754bd80582'}, 'dob': {'date': '1949-04-04T10:06:46.874Z', 'age': 75}, 'registered': {'date': '2016-10-06T07:27:18.369Z', 'age': 7}, 'phone': '086-94548341', 'cell': '0963-438-6796', 'id': {'name': '', 'value': None}, 'picture': {'large': 'https://randomuser.me/api/portraits/women/32.jpg', 'medium': 'https://randomuser.me/api/portraits/med/women/32.jpg', 'thumbnail': 'https://randomuser.me/api/portraits/thumb/women/32.jpg'}, 'nat': 'IR'}</msg>
<arg>${json_data['results'][0]}</arg>
<doc>Logs the given message with the given level.</doc>
<status status="PASS" start="2024-08-02T09:17:07.030696" elapsed="0.000447"/>
</kw>
<kw name="Log" owner="BuiltIn">
<msg time="2024-08-02T09:17:07.031575" level="INFO">email</msg>
<arg>${key}</arg>
<doc>Logs the given message with the given level.</doc>
<status status="PASS" start="2024-08-02T09:17:07.031444" elapsed="0.000169"/>
</kw>
<var name="${key}">email</var>
<status status="PASS" start="2024-08-02T09:17:07.029902" elapsed="0.001924"/>
</iter>
<iter>
<kw name="Dictionary Should Contain Key" owner="Collections">
<arg>${json_data['results'][0]}</arg>
<arg>${key}</arg>
<doc>Fails if ``key`` is not found from ``dictionary``.</doc>
<status status="PASS" start="2024-08-02T09:17:07.032107" elapsed="0.000388"/>
</kw>
<kw name="Log" owner="BuiltIn">
<msg time="2024-08-02T09:17:07.033026" level="INFO">{'gender': 'female', 'name': {'title': 'Mrs', 'first': 'کیانا', 'last': 'سلطانی نژاد'}, 'location': {'street': {'number': 8708, 'name': 'داودی'}, 'city': 'یزد', 'state': 'اردبیل', 'country': 'Iran', 'postcode': 30151, 'coordinates': {'latitude': '16.9612', 'longitude': '135.5545'}, 'timezone': {'offset': '+9:30', 'description': 'Adelaide, Darwin'}}, 'email': 'khyn.sltnynjd@example.com', 'login': {'uuid': 'e55ed3f1-3cc2-41cb-b15b-7d1b5dae787d', 'username': 'sadladybug872', 'password': 'errors', 'salt': 'XWlhXRTe', 'md5': '3deeb45dec3c016d381bf102e1a81d1c', 'sha1': 'b000421c6682bfaab425c5a98a5164765119f5dd', 'sha256': 'a84a3894c7ccf11b7b4ecea94948195e7ecad447dc0f39ed6aa490754bd80582'}, 'dob': {'date': '1949-04-04T10:06:46.874Z', 'age': 75}, 'registered': {'date': '2016-10-06T07:27:18.369Z', 'age': 7}, 'phone': '086-94548341', 'cell': '0963-438-6796', 'id': {'name': '', 'value': None}, 'picture': {'large': 'https://randomuser.me/api/portraits/women/32.jpg', 'medium': 'https://randomuser.me/api/portraits/med/women/32.jpg', 'thumbnail': 'https://randomuser.me/api/portraits/thumb/women/32.jpg'}, 'nat': 'IR'}</msg>
<arg>${json_data['results'][0]}</arg>
<doc>Logs the given message with the given level.</doc>
<status status="PASS" start="2024-08-02T09:17:07.032677" elapsed="0.000400"/>
</kw>
<kw name="Log" owner="BuiltIn">
<msg time="2024-08-02T09:17:07.033498" level="INFO">login</msg>
<arg>${key}</arg>
<doc>Logs the given message with the given level.</doc>
<status status="PASS" start="2024-08-02T09:17:07.033370" elapsed="0.000165"/>
</kw>
<var name="${key}">login</var>
<status status="PASS" start="2024-08-02T09:17:07.032000" elapsed="0.001747"/>
</iter>
<var>${key}</var>
<value>@{expected_keys}</value>
<status status="PASS" start="2024-08-02T09:17:07.023785" elapsed="0.010082"/>
</for>
<kw name="Create List" owner="BuiltIn">
<msg time="2024-08-02T09:17:07.034198" level="INFO">${expected_keysTwo} = ['username', 'password']</msg>
<var>${expected_keysTwo}</var>
<arg>username</arg>
<arg>password</arg>
<doc>Returns a list containing given items.</doc>
<status status="PASS" start="2024-08-02T09:17:07.034060" elapsed="0.000192"/>
</kw>
<for flavor="IN">
<iter>
<kw name="Dictionary Should Contain Key" owner="Collections">
<arg>${json_data['results'][0]['login']}</arg>
<arg>${keyTwo}</arg>
<doc>Fails if ``key`` is not found from ``dictionary``.</doc>
<status status="PASS" start="2024-08-02T09:17:07.034759" elapsed="0.000425"/>
</kw>
<kw name="Dictionary Should Contain Key" owner="Collections">
<arg>${json_data['results'][0]['login']}</arg>
<arg>${keyTwo}</arg>
<doc>Fails if ``key`` is not found from ``dictionary``.</doc>
<status status="PASS" start="2024-08-02T09:17:07.035366" elapsed="0.000367"/>
</kw>
<kw name="Log" owner="BuiltIn">
<msg time="2024-08-02T09:17:07.036026" level="INFO">username</msg>
<arg>${keyTwo}</arg>
<doc>Logs the given message with the given level.</doc>
<status status="PASS" start="2024-08-02T09:17:07.035908" elapsed="0.000155"/>
</kw>
<var name="${keyTwo}">username</var>
<status status="PASS" start="2024-08-02T09:17:07.034654" elapsed="0.001627"/>
</iter>
<iter>
<kw name="Dictionary Should Contain Key" owner="Collections">
<arg>${json_data['results'][0]['login']}</arg>
<arg>${keyTwo}</arg>
<doc>Fails if ``key`` is not found from ``dictionary``.</doc>
<status status="PASS" start="2024-08-02T09:17:07.036560" elapsed="0.000374"/>
</kw>
<kw name="Dictionary Should Contain Key" owner="Collections">
<arg>${json_data['results'][0]['login']}</arg>
<arg>${keyTwo}</arg>
<doc>Fails if ``key`` is not found from ``dictionary``.</doc>
<status status="PASS" start="2024-08-02T09:17:07.037112" elapsed="0.000375"/>
</kw>
<kw name="Log" owner="BuiltIn">
<msg time="2024-08-02T09:17:07.037784" level="INFO">password</msg>
<arg>${keyTwo}</arg>
<doc>Logs the given message with the given level.</doc>
<status status="PASS" start="2024-08-02T09:17:07.037660" elapsed="0.000162"/>
</kw>
<var name="${keyTwo}">password</var>
<status status="PASS" start="2024-08-02T09:17:07.036451" elapsed="0.001588"/>
</iter>
<var>${keyTwo}</var>
<value>@{expected_keysTwo}</value>
<status status="PASS" start="2024-08-02T09:17:07.034498" elapsed="0.003663"/>
</for>
<status status="PASS" start="2024-08-02T09:17:05.842442" elapsed="1.195860"/>
</kw>
<doc>Testa a estrutura da resposta da API.</doc>
<tag>testeEstruturaResposta</tag>
<status status="PASS" start="2024-08-02T09:17:05.841949" elapsed="1.196511"/>
</test>
<test id="s1-s1-t4" name="Validar tipos de dados" line="28">
<kw name="Teste de Tipos de Dados" owner="random-user-service">
<kw name="GET On Session" owner="RequestsLibrary">
<msg time="2024-08-02T09:17:07.952027" level="INFO">GET Request : url=https://randomuser.me/api 
 path_url=/api 
 headers={'User-Agent': 'python-requests/2.32.3', 'Accept-Encoding': 'gzip, deflate', 'Accept': '*/*', 'Connection': 'keep-alive'} 
 body=None 
 </msg>
<msg time="2024-08-02T09:17:07.952127" level="INFO">GET Response : url=https://randomuser.me/api 
 status=200, reason=OK 
 headers={'Date': 'Fri, 02 Aug 2024 09:17:07 GMT', 'Content-Type': 'application/json; charset=utf-8', 'Transfer-Encoding': 'chunked', 'Connection': 'keep-alive', 'X-Powered-By': 'Express', 'Access-Control-Allow-Origin': '*', 'Cache-Control': 'no-cache', 'ETag': 'W/"47f-iXfvfmlT4Fr3Lej+H6JjSyxrsJg"', 'Vary': 'Accept-Encoding', 'Content-Encoding': 'gzip', 'CF-Cache-Status': 'DYNAMIC', 'Report-To': '{"endpoints":[{"url":"https:\\/\\/a.nel.cloudflare.com\\/report\\/v4?s=Pj2azh5GLZxlpMgRe8O46gui69El9TlVS2JXbgRJA1Eoi64pnSbmIM5BkaOarhOS4LsInvbcWHsdkfU31Qz0UYi%2FHCkT%2BzQeHt1UWfXHRGoZ9qBKPQjFFL3LKiyMas3l"}],"group":"cf-nel","max_age":604800}', 'NEL': '{"success_fraction":0,"report_to":"cf-nel","max_age":604800}', 'Server': 'cloudflare', 'CF-RAY': '8accf9170f9d230a-SJC', 'alt-svc': 'h3=":443"; ma=86400'} 
 body={"results":[{"gender":"female","name":{"title":"Ms","first":"آیلین","last":"کریمی"},"location":{"street":{"number":1884,"name":"میدان آزادی"},"city":"زاهدان","state":"اردبیل","country":"Iran","postcode":87379,"coordinates":{"latitude":"16.6181","longitude":"37.2155"},"timezone":{"offset":"-9:00","description":"Alaska"}},"email":"aylyn.khrymy@example.com","login":{"uuid":"1de23a71-d4ec-4953-8b82-2b8760e007e3","username":"blackcat723","password":"longhorn","salt":"r4WJwmbR","md5":"09475a715105a1e8f521c025ced4fb6c","sha1":"3a787255151c99cc133e138724d30439179075fd","sha256":"5fe87e7d4d12d3feea4287b163c1a2f74d9f150d303180c26a103a78d17ed3dd"},"dob":{"date":"1976-01-25T05:22:38.749Z","age":48},"registered":{"date":"2011-06-22T15:04:27.037Z","age":13},"phone":"009-00482341","cell":"0959-565-4129","id":{"name":"","value":null},"picture":{"large":"https://randomuser.me/api/portraits/women/36.jpg","medium":"https://randomuser.me/api/portraits/med/women/36.jpg","thumbnail":"https://randomuser.me/api/portraits/thumb/women/36.jpg"},"nat":"IR"}],"info":{"seed":"38b82d74ba9cc608","results":1,"page":1,"version":"1.4"}} 
 </msg>
<msg time="2024-08-02T09:17:07.952196" level="INFO">/opt/hostedtoolcache/Python/3.12.4/x64/lib/python3.12/site-packages/urllib3/connectionpool.py:1099: InsecureRequestWarning: Unverified HTTPS request is being made to host 'randomuser.me'. Adding certificate verification is strongly advised. See: https://urllib3.readthedocs.io/en/latest/advanced-usage.html#tls-warnings
  warnings.warn(</msg>
<msg time="2024-08-02T09:17:07.952320" level="INFO">${response} = &lt;Response [200]&gt;</msg>
<var>${response}</var>
<arg>consultarAPI</arg>
<arg>/api</arg>
<doc>Sends a GET request on a previously created HTTP Session.</doc>
<status status="PASS" start="2024-08-02T09:17:07.041045" elapsed="0.911317"/>
</kw>
<kw name="Set Variable" owner="BuiltIn">
<msg time="2024-08-02T09:17:07.953541" level="INFO">${json_data} = {'results': [{'gender': 'female', 'name': {'title': 'Ms', 'first': 'آیلین', 'last': 'کریمی'}, 'location': {'street': {'number': 1884, 'name': 'میدان آزادی'}, 'city': 'زاهدان', 'state': 'اردبیل', 'coun...</msg>
<var>${json_data}</var>
<arg>${response.json()}</arg>
<doc>Returns the given values which can then be assigned to a variables.</doc>
<status status="PASS" start="2024-08-02T09:17:07.952980" elapsed="0.000591"/>
</kw>
<kw name="Log" owner="BuiltIn">
<msg time="2024-08-02T09:17:07.954040" level="INFO">{'results': [{'gender': 'female', 'name': {'title': 'Ms', 'first': 'آیلین', 'last': 'کریمی'}, 'location': {'street': {'number': 1884, 'name': 'میدان آزادی'}, 'city': 'زاهدان', 'state': 'اردبیل', 'country': 'Iran', 'postcode': 87379, 'coordinates': {'latitude': '16.6181', 'longitude': '37.2155'}, 'timezone': {'offset': '-9:00', 'description': 'Alaska'}}, 'email': 'aylyn.khrymy@example.com', 'login': {'uuid': '1de23a71-d4ec-4953-8b82-2b8760e007e3', 'username': 'blackcat723', 'password': 'longhorn', 'salt': 'r4WJwmbR', 'md5': '09475a715105a1e8f521c025ced4fb6c', 'sha1': '3a787255151c99cc133e138724d30439179075fd', 'sha256': '5fe87e7d4d12d3feea4287b163c1a2f74d9f150d303180c26a103a78d17ed3dd'}, 'dob': {'date': '1976-01-25T05:22:38.749Z', 'age': 48}, 'registered': {'date': '2011-06-22T15:04:27.037Z', 'age': 13}, 'phone': '009-00482341', 'cell': '0959-565-4129', 'id': {'name': '', 'value': None}, 'picture': {'large': 'https://randomuser.me/api/portraits/women/36.jpg', 'medium': 'https://randomuser.me/api/portraits/med/women/36.jpg', 'thumbnail': 'https://randomuser.me/api/portraits/thumb/women/36.jpg'}, 'nat': 'IR'}], 'info': {'seed': '38b82d74ba9cc608', 'results': 1, 'page': 1, 'version': '1.4'}}</msg>
<arg>${json_data}</arg>
<doc>Logs the given message with the given level.</doc>
<status status="PASS" start="2024-08-02T09:17:07.953879" elapsed="0.000211"/>
</kw>
<kw name="Should Be String" owner="String">
<arg>${json_data['results'][0]['gender']}</arg>
<doc>Fails if the given ``item`` is not a string.</doc>
<status status="PASS" start="2024-08-02T09:17:07.954381" elapsed="0.000366"/>
</kw>
<kw name="Should Match Regexp" owner="BuiltIn">
<arg>${json_data['results'][0]['email']}</arg>
<arg>^[a-zA-Z0-9._%+-]+@[a-zA-Z0-9.-]+\.[a-zA-Z]{2,}$</arg>
<doc>Fails if ``string`` does not match ``pattern`` as a regular expression.</doc>
<status status="PASS" start="2024-08-02T09:17:07.954982" elapsed="0.000529"/>
</kw>
<kw name="Should Match Regexp" owner="BuiltIn">
<arg>${json_data['results'][0]['dob']['date']}</arg>
<arg>\\d{4}-\\d{2}-\\d{2}T\\d{2}:\\d{2}:\\d{2}\\.\\d{3}Z</arg>
<doc>Fails if ``string`` does not match ``pattern`` as a regular expression.</doc>
<status status="PASS" start="2024-08-02T09:17:07.955745" elapsed="0.000634"/>
</kw>
<kw name="Should Match Regexp" owner="BuiltIn">
<arg>${json_data['results'][0]['registered']['date']}</arg>
<arg>\\d{4}-\\d{2}-\\d{2}T\\d{2}:\\d{2}:\\d{2}\\.\\d{3}Z</arg>
<doc>Fails if ``string`` does not match ``pattern`` as a regular expression.</doc>
<status status="PASS" start="2024-08-02T09:17:07.956572" elapsed="0.000371"/>
</kw>
<kw name="Should Match Regexp" owner="BuiltIn">
<arg>${json_data['results'][0]['picture']['large']}</arg>
<arg>^https?://.*\.(?:png|jpe?g|gif|bmp)$</arg>
<doc>Fails if ``string`` does not match ``pattern`` as a regular expression.</doc>
<status status="PASS" start="2024-08-02T09:17:07.957126" elapsed="0.000456"/>
</kw>
<kw name="Should Match Regexp" owner="BuiltIn">
<arg>${json_data['results'][0]['picture']['medium']}</arg>
<arg>^https?://.*\.(?:png|jpe?g|gif|bmp)$</arg>
<doc>Fails if ``string`` does not match ``pattern`` as a regular expression.</doc>
<status status="PASS" start="2024-08-02T09:17:07.957768" elapsed="0.000349"/>
</kw>
<kw name="Should Match Regexp" owner="BuiltIn">
<arg>${json_data['results'][0]['picture']['thumbnail']}</arg>
<arg>^https?://.*\.(?:png|jpe?g|gif|bmp)$</arg>
<doc>Fails if ``string`` does not match ``pattern`` as a regular expression.</doc>
<status status="PASS" start="2024-08-02T09:17:07.958298" elapsed="0.000351"/>
</kw>
<kw name="Log" owner="BuiltIn">
<msg time="2024-08-02T09:17:07.959184" level="INFO">{'large': 'https://randomuser.me/api/portraits/women/36.jpg', 'medium': 'https://randomuser.me/api/portraits/med/women/36.jpg', 'thumbnail': 'https://randomuser.me/api/portraits/thumb/women/36.jpg'}</msg>
<arg>${json_data['results'][0]['picture']}</arg>
<doc>Logs the given message with the given level.</doc>
<status status="PASS" start="2024-08-02T09:17:07.958852" elapsed="0.000377"/>
</kw>
<status status="PASS" start="2024-08-02T09:17:07.040820" elapsed="0.918667"/>
</kw>
<kw name="Teste de Tipos de Dados - Postcode" owner="random-user-service">
<kw name="GET On Session" owner="RequestsLibrary">
<msg time="2024-08-02T09:17:08.762786" level="INFO">GET Request : url=https://randomuser.me/api 
 path_url=/api 
 headers={'User-Agent': 'python-requests/2.32.3', 'Accept-Encoding': 'gzip, deflate', 'Accept': '*/*', 'Connection': 'keep-alive'} 
 body=None 
 </msg>
<msg time="2024-08-02T09:17:08.762941" level="INFO">GET Response : url=https://randomuser.me/api 
 status=200, reason=OK 
 headers={'Date': 'Fri, 02 Aug 2024 09:17:08 GMT', 'Content-Type': 'application/json; charset=utf-8', 'Transfer-Encoding': 'chunked', 'Connection': 'keep-alive', 'X-Powered-By': 'Express', 'Access-Control-Allow-Origin': '*', 'Cache-Control': 'no-cache', 'ETag': 'W/"493-WfToQ0oDtJUdY7BtdsuaQRVD+UM"', 'Vary': 'Accept-Encoding', 'Content-Encoding': 'gzip', 'CF-Cache-Status': 'DYNAMIC', 'Report-To': '{"endpoints":[{"url":"https:\\/\\/a.nel.cloudflare.com\\/report\\/v4?s=eXK2GIq83kv81G3Lk8wDpk77ae3jLVECTArHj7kP82nVPiMEt2gLRyrk24RlJTBu%2Fdz3M6JLjQuBkkZjXWUAHS5Zz3FF0XUJK4F8NGERz%2B2eaNPpwR1JBv7%2B3W8Boxbq"}],"group":"cf-nel","max_age":604800}', 'NEL': '{"success_fraction":0,"report_to":"cf-nel","max_age":604800}', 'Server': 'cloudflare', 'CF-RAY': '8accf91ccbe7230a-SJC', 'alt-svc': 'h3=":443"; ma=86400'} 
 body={"results":[{"gender":"female","name":{"title":"Miss","first":"Dunja","last":"Vuksanović"},"location":{"street":{"number":7713,"name":"Vranovačka"},"city":"Priština","state":"Braničevo","country":"Serbia","postcode":79933,"coordinates":{"latitude":"64.0641","longitude":"93.5263"},"timezone":{"offset":"+4:00","description":"Abu Dhabi, Muscat, Baku, Tbilisi"}},"email":"dunja.vuksanovic@example.com","login":{"uuid":"3f0acfa1-c70f-4189-8742-38484df7f97c","username":"blueduck560","password":"corn","salt":"Ed7eGMFE","md5":"e61b08cfdfeed0177fb0291c5f85d36d","sha1":"a5c7794cf48b9311facfc4c4d9583f34b4c9d6a8","sha256":"3b3a25c4a85a2322b6a3cf9c0297843994e784c24444df8e2eb72bc4df14bb36"},"dob":{"date":"1960-08-26T15:59:57.641Z","age":63},"registered":{"date":"2013-07-01T16:05:04.709Z","age":11},"phone":"039-4954-782","cell":"060-0919-963","id":{"name":"SID","value":"024012181"},"picture":{"large":"https://randomuser.me/api/portraits/women/27.jpg","medium":"https://randomuser.me/api/portraits/med/women/27.jpg","thumbnail":"https://randomuser.me/api/portraits/thumb/women/27.jpg"},"nat":"RS"}],"info":{"seed":"5233264d445d665b","results":1,"page":1,"version":"1.4"}} 
 </msg>
<msg time="2024-08-02T09:17:08.763048" level="INFO">/opt/hostedtoolcache/Python/3.12.4/x64/lib/python3.12/site-packages/urllib3/connectionpool.py:1099: InsecureRequestWarning: Unverified HTTPS request is being made to host 'randomuser.me'. Adding certificate verification is strongly advised. See: https://urllib3.readthedocs.io/en/latest/advanced-usage.html#tls-warnings
  warnings.warn(</msg>
<msg time="2024-08-02T09:17:08.763235" level="INFO">${response} = &lt;Response [200]&gt;</msg>
<var>${response}</var>
<arg>consultarAPI</arg>
<arg>/api</arg>
<doc>Sends a GET request on a previously created HTTP Session.</doc>
<status status="PASS" start="2024-08-02T09:17:07.959950" elapsed="0.803333"/>
</kw>
<kw name="Set Variable" owner="BuiltIn">
<msg time="2024-08-02T09:17:08.764355" level="INFO">${json_data} = {'results': [{'gender': 'female', 'name': {'title': 'Miss', 'first': 'Dunja', 'last': 'Vuksanović'}, 'location': {'street': {'number': 7713, 'name': 'Vranovačka'}, 'city': 'Priština', 'state': 'Branič...</msg>
<var>${json_data}</var>
<arg>${response.json()}</arg>
<doc>Returns the given values which can then be assigned to a variables.</doc>
<status status="PASS" start="2024-08-02T09:17:08.763821" elapsed="0.000566"/>
</kw>
<kw name="Log" owner="BuiltIn">
<msg time="2024-08-02T09:17:08.764854" level="INFO">{'results': [{'gender': 'female', 'name': {'title': 'Miss', 'first': 'Dunja', 'last': 'Vuksanović'}, 'location': {'street': {'number': 7713, 'name': 'Vranovačka'}, 'city': 'Priština', 'state': 'Braničevo', 'country': 'Serbia', 'postcode': 79933, 'coordinates': {'latitude': '64.0641', 'longitude': '93.5263'}, 'timezone': {'offset': '+4:00', 'description': 'Abu Dhabi, Muscat, Baku, Tbilisi'}}, 'email': 'dunja.vuksanovic@example.com', 'login': {'uuid': '3f0acfa1-c70f-4189-8742-38484df7f97c', 'username': 'blueduck560', 'password': 'corn', 'salt': 'Ed7eGMFE', 'md5': 'e61b08cfdfeed0177fb0291c5f85d36d', 'sha1': 'a5c7794cf48b9311facfc4c4d9583f34b4c9d6a8', 'sha256': '3b3a25c4a85a2322b6a3cf9c0297843994e784c24444df8e2eb72bc4df14bb36'}, 'dob': {'date': '1960-08-26T15:59:57.641Z', 'age': 63}, 'registered': {'date': '2013-07-01T16:05:04.709Z', 'age': 11}, 'phone': '039-4954-782', 'cell': '060-0919-963', 'id': {'name': 'SID', 'value': '024012181'}, 'picture': {'large': 'https://randomuser.me/api/portraits/women/27.jpg', 'medium': 'https://randomuser.me/api/portraits/med/women/27.jpg', 'thumbnail': 'https://randomuser.me/api/portraits/thumb/women/27.jpg'}, 'nat': 'RS'}], 'info': {'seed': '5233264d445d665b', 'results': 1, 'page': 1, 'version': '1.4'}}</msg>
<arg>${json_data}</arg>
<doc>Logs the given message with the given level.</doc>
<status status="PASS" start="2024-08-02T09:17:08.764695" elapsed="0.000209"/>
</kw>
<kw name="Should Be Equal As Numbers" owner="BuiltIn">
<arg>${json_data['results'][0]['location']['postcode']}</arg>
<arg>${json_data['results'][0]['location']['postcode']}</arg>
<doc>Fails if objects are unequal after converting them to real numbers.</doc>
<status status="PASS" start="2024-08-02T09:17:08.765208" elapsed="0.000618"/>
</kw>
<kw name="Log" owner="BuiltIn">
<msg time="2024-08-02T09:17:08.766357" level="INFO">79933</msg>
<arg>${json_data['results'][0]['location']['postcode']}</arg>
<doc>Logs the given message with the given level.</doc>
<status status="PASS" start="2024-08-02T09:17:08.766018" elapsed="0.000378"/>
</kw>
<status status="PASS" start="2024-08-02T09:17:07.959713" elapsed="0.806975"/>
</kw>
<doc>Testa se os tipos de dados na resposta da API estão corretos.</doc>
<tag>testeTiposDados</tag>
<status status="PASS" start="2024-08-02T09:17:07.040226" elapsed="1.726684"/>
</test>
<test id="s1-s1-t5" name="Validar conteudo" line="35">
<kw name="Teste de Tipos de Conteudo" owner="random-user-service">
<kw name="GET On Session" owner="RequestsLibrary">
<msg time="2024-08-02T09:17:09.523929" level="INFO">GET Request : url=https://randomuser.me/api 
 path_url=/api 
 headers={'User-Agent': 'python-requests/2.32.3', 'Accept-Encoding': 'gzip, deflate', 'Accept': '*/*', 'Connection': 'keep-alive'} 
 body=None 
 </msg>
<msg time="2024-08-02T09:17:09.524029" level="INFO">GET Response : url=https://randomuser.me/api 
 status=200, reason=OK 
 headers={'Date': 'Fri, 02 Aug 2024 09:17:09 GMT', 'Content-Type': 'application/json; charset=utf-8', 'Transfer-Encoding': 'chunked', 'Connection': 'keep-alive', 'X-Powered-By': 'Express', 'Access-Control-Allow-Origin': '*', 'Cache-Control': 'no-cache', 'ETag': 'W/"47c-E1iRKiERaPQ/fGTznr1h6+lqck4"', 'Vary': 'Accept-Encoding', 'Content-Encoding': 'gzip', 'CF-Cache-Status': 'DYNAMIC', 'Report-To': '{"endpoints":[{"url":"https:\\/\\/a.nel.cloudflare.com\\/report\\/v4?s=%2FDXKezx9kn0v4yqVHxZ77IH9YfT047Fedacw6nWSpUY8O%2F2u5uKDDPrw8JwGnsAOTNDfT6FEVDPYPnoVxjElGqgMvi5APHqWPScpaJ4%2FO2bH9jVgRd751goieO9niXyH"}],"group":"cf-nel","max_age":604800}', 'NEL': '{"success_fraction":0,"report_to":"cf-nel","max_age":604800}', 'Server': 'cloudflare', 'CF-RAY': '8accf921df49230a-SJC', 'alt-svc': 'h3=":443"; ma=86400'} 
 body={"results":[{"gender":"male","name":{"title":"Mr","first":"Stefan","last":"Ignjatović"},"location":{"street":{"number":7268,"name":"Đorđa Vujadinovića"},"city":"Rekovac","state":"Toplica","country":"Serbia","postcode":66251,"coordinates":{"latitude":"60.1335","longitude":"-136.0814"},"timezone":{"offset":"+3:30","description":"Tehran"}},"email":"stefan.ignjatovic@example.com","login":{"uuid":"c29b3bea-5f8c-4dcc-bce5-159f9c156d8d","username":"whitegoose173","password":"screen","salt":"w0FX2VX9","md5":"e05787c50ab49cced361313535f3425c","sha1":"f18a1dc55a0fd4fcad03aac92e83d84e57db2116","sha256":"9d995aebd2fa53aa29eb31c8581a8e5ad6784f44447e91973c91d77419c0262d"},"dob":{"date":"1962-07-24T13:46:11.789Z","age":62},"registered":{"date":"2013-11-21T17:14:29.876Z","age":10},"phone":"027-1348-582","cell":"068-0105-059","id":{"name":"SID","value":"055821031"},"picture":{"large":"https://randomuser.me/api/portraits/men/93.jpg","medium":"https://randomuser.me/api/portraits/med/men/93.jpg","thumbnail":"https://randomuser.me/api/portraits/thumb/men/93.jpg"},"nat":"RS"}],"info":{"seed":"ae34f3057347e7d3","results":1,"page":1,"version":"1.4"}} 
 </msg>
<msg time="2024-08-02T09:17:09.524099" level="INFO">/opt/hostedtoolcache/Python/3.12.4/x64/lib/python3.12/site-packages/urllib3/connectionpool.py:1099: InsecureRequestWarning: Unverified HTTPS request is being made to host 'randomuser.me'. Adding certificate verification is strongly advised. See: https://urllib3.readthedocs.io/en/latest/advanced-usage.html#tls-warnings
  warnings.warn(</msg>
<msg time="2024-08-02T09:17:09.524243" level="INFO">${response} = &lt;Response [200]&gt;</msg>
<var>${response}</var>
<arg>consultarAPI</arg>
<arg>/api</arg>
<doc>Sends a GET request on a previously created HTTP Session.</doc>
<status status="PASS" start="2024-08-02T09:17:08.769443" elapsed="0.754843"/>
</kw>
<kw name="Set Variable" owner="BuiltIn">
<msg time="2024-08-02T09:17:09.525289" level="INFO">${json_data} = {'results': [{'gender': 'male', 'name': {'title': 'Mr', 'first': 'Stefan', 'last': 'Ignjatović'}, 'location': {'street': {'number': 7268, 'name': 'Đorđa Vujadinovića'}, 'city': 'Rekovac', 'state': 'To...</msg>
<var>${json_data}</var>
<arg>${response.json()}</arg>
<doc>Returns the given values which can then be assigned to a variables.</doc>
<status status="PASS" start="2024-08-02T09:17:09.524773" elapsed="0.000547"/>
</kw>
<kw name="Set Variable" owner="BuiltIn">
<msg time="2024-08-02T09:17:09.526019" level="INFO">${name_title} = Mr</msg>
<var>${name_title}</var>
<arg>${json_data["results"][0]["name"]["title"]}</arg>
<doc>Returns the given values which can then be assigned to a variables.</doc>
<status status="PASS" start="2024-08-02T09:17:09.525633" elapsed="0.000412"/>
</kw>
<kw name="Create List" owner="BuiltIn">
<msg time="2024-08-02T09:17:09.526493" level="INFO">${allowed_titles} = ['Mr', 'Ms', 'Miss', 'Mrs', 'Madame', 'Monsieur']</msg>
<var>${allowed_titles}</var>
<arg>Mr</arg>
<arg>Ms</arg>
<arg>Miss</arg>
<arg>Mrs</arg>
<arg>Madame</arg>
<arg>Monsieur</arg>
<doc>Returns a list containing given items.</doc>
<status status="PASS" start="2024-08-02T09:17:09.526343" elapsed="0.000175"/>
</kw>
<kw name="List Should Contain Value" owner="Collections">
<arg>${allowed_titles}</arg>
<arg>${name_title}</arg>
<doc>Fails if the ``value`` is not found from ``list``.</doc>
<status status="PASS" start="2024-08-02T09:17:09.526846" elapsed="0.000202"/>
</kw>
<kw name="Set Variable" owner="BuiltIn">
<msg time="2024-08-02T09:17:09.527615" level="INFO">${name_country} = RS</msg>
<var>${name_country}</var>
<arg>${json_data["results"][0]["nat"]}</arg>
<doc>Returns the given values which can then be assigned to a variables.</doc>
<status status="PASS" start="2024-08-02T09:17:09.527243" elapsed="0.000398"/>
</kw>
<kw name="Create List" owner="BuiltIn">
<msg time="2024-08-02T09:17:09.528526" level="INFO">${list_country} = ['AD', 'AE', 'AF', 'AG', 'AI', 'AL', 'AM', 'AO', 'AQ', 'AR', 'AS', 'AT', 'AU', 'AW', 'AX', 'AZ', 'BA', 'BB', 'BD', 'BE', 'BF', 'BG', 'BH', 'BI', 'BJ', 'BL', 'BM', 'BN', 'BO', 'BQ', 'BR', 'BS', 'BT', '...</msg>
<var>${list_country}</var>
<arg>AD</arg>
<arg>AE</arg>
<arg>AF</arg>
<arg>AG</arg>
<arg>AI</arg>
<arg>AL</arg>
<arg>AM</arg>
<arg>AO</arg>
<arg>AQ</arg>
<arg>AR</arg>
<arg>AS</arg>
<arg>AT</arg>
<arg>AU</arg>
<arg>AW</arg>
<arg>AX</arg>
<arg>AZ</arg>
<arg>BA</arg>
<arg>BB</arg>
<arg>BD</arg>
<arg>BE</arg>
<arg>BF</arg>
<arg>BG</arg>
<arg>BH</arg>
<arg>BI</arg>
<arg>BJ</arg>
<arg>BL</arg>
<arg>BM</arg>
<arg>BN</arg>
<arg>BO</arg>
<arg>BQ</arg>
<arg>BR</arg>
<arg>BS</arg>
<arg>BT</arg>
<arg>BV</arg>
<arg>BW</arg>
<arg>BY</arg>
<arg>BZ</arg>
<arg>CA</arg>
<arg>CC</arg>
<arg>CD</arg>
<arg>CF</arg>
<arg>CG</arg>
<arg>CH</arg>
<arg>CI</arg>
<arg>CK</arg>
<arg>CL</arg>
<arg>CM</arg>
<arg>CN</arg>
<arg>CO</arg>
<arg>CR</arg>
<arg>CU</arg>
<arg>CV</arg>
<arg>CW</arg>
<arg>CX</arg>
<arg>CY</arg>
<arg>CZ</arg>
<arg>DE</arg>
<arg>DJ</arg>
<arg>DK</arg>
<arg>DM</arg>
<arg>DO</arg>
<arg>DZ</arg>
<arg>EC</arg>
<arg>EE</arg>
<arg>EG</arg>
<arg>EH</arg>
<arg>ER</arg>
<arg>ES</arg>
<arg>ET</arg>
<arg>FI</arg>
<arg>FJ</arg>
<arg>FK</arg>
<arg>FM</arg>
<arg>FO</arg>
<arg>FR</arg>
<arg>GA</arg>
<arg>GB</arg>
<arg>GD</arg>
<arg>GE</arg>
<arg>GF</arg>
<arg>GG</arg>
<arg>GH</arg>
<arg>GI</arg>
<arg>GL</arg>
<arg>GM</arg>
<arg>GN</arg>
<arg>GP</arg>
<arg>GQ</arg>
<arg>GR</arg>
<arg>GS</arg>
<arg>GT</arg>
<arg>GU</arg>
<arg>GW</arg>
<arg>GY</arg>
<arg>HK</arg>
<arg>HM</arg>
<arg>HN</arg>
<arg>HR</arg>
<arg>HT</arg>
<arg>HU</arg>
<arg>ID</arg>
<arg>IE</arg>
<arg>IL</arg>
<arg>IM</arg>
<arg>IN</arg>
<arg>IO</arg>
<arg>IQ</arg>
<arg>IR</arg>
<arg>IS</arg>
<arg>IT</arg>
<arg>JE</arg>
<arg>JM</arg>
<arg>JO</arg>
<arg>JP</arg>
<arg>KE</arg>
<arg>KG</arg>
<arg>KH</arg>
<arg>KI</arg>
<arg>KM</arg>
<arg>KN</arg>
<arg>KP</arg>
<arg>KR</arg>
<arg>KW</arg>
<arg>KY</arg>
<arg>KZ</arg>
<arg>LA</arg>
<arg>LB</arg>
<arg>LC</arg>
<arg>LI</arg>
<arg>LK</arg>
<arg>LR</arg>
<arg>LS</arg>
<arg>LT</arg>
<arg>LU</arg>
<arg>LV</arg>
<arg>LY</arg>
<arg>MA</arg>
<arg>MC</arg>
<arg>MD</arg>
<arg>ME</arg>
<arg>MF</arg>
<arg>MG</arg>
<arg>MH</arg>
<arg>MK</arg>
<arg>ML</arg>
<arg>MM</arg>
<arg>MN</arg>
<arg>MO</arg>
<arg>MP</arg>
<arg>MQ</arg>
<arg>MR</arg>
<arg>MS</arg>
<arg>MT</arg>
<arg>MU</arg>
<arg>MV</arg>
<arg>MW</arg>
<arg>MX</arg>
<arg>MY</arg>
<arg>MZ</arg>
<arg>NA</arg>
<arg>NC</arg>
<arg>NE</arg>
<arg>NF</arg>
<arg>NG</arg>
<arg>NI</arg>
<arg>NL</arg>
<arg>NO</arg>
<arg>NP</arg>
<arg>NR</arg>
<arg>NU</arg>
<arg>NZ</arg>
<arg>OM</arg>
<arg>PA</arg>
<arg>PE</arg>
<arg>PF</arg>
<arg>PG</arg>
<arg>PH</arg>
<arg>PK</arg>
<arg>PL</arg>
<arg>PM</arg>
<arg>PN</arg>
<arg>PR</arg>
<arg>PS</arg>
<arg>PT</arg>
<arg>PW</arg>
<arg>PY</arg>
<arg>QA</arg>
<arg>RE</arg>
<arg>RO</arg>
<arg>RS</arg>
<arg>RU</arg>
<arg>RW</arg>
<arg>SA</arg>
<arg>SB</arg>
<arg>SC</arg>
<arg>SD</arg>
<arg>SE</arg>
<arg>SG</arg>
<arg>SH</arg>
<arg>SI</arg>
<arg>SJ</arg>
<arg>SK</arg>
<arg>SL</arg>
<arg>SM</arg>
<arg>SN</arg>
<arg>SO</arg>
<arg>SR</arg>
<arg>SS</arg>
<arg>ST</arg>
<arg>SV</arg>
<arg>SX</arg>
<arg>SY</arg>
<arg>SZ</arg>
<arg>TC</arg>
<arg>TD</arg>
<arg>TF</arg>
<arg>TG</arg>
<arg>TH</arg>
<arg>TJ</arg>
<arg>TK</arg>
<arg>TL</arg>
<arg>TM</arg>
<arg>TN</arg>
<arg>TO</arg>
<arg>TR</arg>
<arg>TT</arg>
<arg>TV</arg>
<arg>TW</arg>
<arg>TZ</arg>
<arg>UA</arg>
<arg>UG</arg>
<arg>UM</arg>
<arg>US</arg>
<arg>UY</arg>
<arg>UZ</arg>
<arg>VA</arg>
<arg>VC</arg>
<arg>VE</arg>
<arg>VG</arg>
<arg>VI</arg>
<arg>VN</arg>
<arg>VU</arg>
<arg>WF</arg>
<arg>WS</arg>
<arg>XK</arg>
<arg>YE</arg>
<arg>YT</arg>
<arg>ZA</arg>
<arg>ZM</arg>
<arg>ZW</arg>
<doc>Returns a list containing given items.</doc>
<status status="PASS" start="2024-08-02T09:17:09.527929" elapsed="0.000622"/>
</kw>
<kw name="List Should Contain Value" owner="Collections">
<arg>${list_country}</arg>
<arg>${name_country}</arg>
<doc>Fails if the ``value`` is not found from ``list``.</doc>
<status status="PASS" start="2024-08-02T09:17:09.529526" elapsed="0.000211"/>
</kw>
<kw name="Run Keyword If" owner="BuiltIn">
<kw name="Should Be True" owner="BuiltIn">
<arg>${True}</arg>
<doc>Fails if the given condition is not true.</doc>
<status status="PASS" start="2024-08-02T09:17:09.530681" elapsed="0.000166"/>
</kw>
<arg>${json_data["results"][0]["location"]["coordinates"]["latitude"]} &gt;= -90 and ${json_data["results"][0]["location"]["coordinates"]["latitude"]} &lt;= 90</arg>
<arg>Should Be True</arg>
<arg>${True}</arg>
<doc>Runs the given keyword with the given arguments, if ``condition`` is true.</doc>
<status status="PASS" start="2024-08-02T09:17:09.529936" elapsed="0.001042"/>
</kw>
<kw name="Run Keyword If" owner="BuiltIn">
<kw name="Should Be True" owner="BuiltIn">
<arg>${True}</arg>
<doc>Fails if the given condition is not true.</doc>
<status status="PASS" start="2024-08-02T09:17:09.531861" elapsed="0.000138"/>
</kw>
<arg>${json_data["results"][0]["location"]["coordinates"]["longitude"]} &gt;= -180 and ${json_data["results"][0]["location"]["coordinates"]["longitude"]} &lt;= 180</arg>
<arg>Should Be True</arg>
<arg>${True}</arg>
<doc>Runs the given keyword with the given arguments, if ``condition`` is true.</doc>
<status status="PASS" start="2024-08-02T09:17:09.531162" elapsed="0.000962"/>
</kw>
<status status="PASS" start="2024-08-02T09:17:08.769212" elapsed="0.763043"/>
</kw>
<doc>Testa o conteúdo específico dos campos retornados pela API.</doc>
<tag>testeConteudo</tag>
<status status="PASS" start="2024-08-02T09:17:08.768673" elapsed="0.763736"/>
</test>
<status status="PASS" start="2024-08-02T09:17:04.040096" elapsed="5.494344"/>
</suite>
<status status="PASS" start="2024-08-02T09:17:04.025067" elapsed="5.514435"/>
</suite>
<statistics>
<total>
<stat pass="5" fail="0" skip="0">All Tests</stat>
</total>
<tag>
<stat pass="1" fail="0" skip="0">testeConteudo</stat>
<stat pass="1" fail="0" skip="0">testeEstruturaResposta</stat>
<stat pass="1" fail="0" skip="0">testeRequisicaoBasica</stat>
<stat pass="1" fail="0" skip="0">testeTiposDados</stat>
</tag>
<suite>
<stat pass="5" fail="0" skip="0" id="s1" name="Tests">Tests</stat>
<stat pass="5" fail="0" skip="0" id="s1-s1" name="Random-User-Test">Tests.Random-User-Test</stat>
</suite>
</statistics>
<errors>
</errors>
</robot>
