<?xml version="1.0" encoding="UTF-8"?>
<robot generator="Robot 7.0.1 (Python 3.12.4 on linux)" generated="2024-07-13T18:18:25.904686" rpa="false" schemaversion="5">
<suite id="s1" name="Tests" source="/home/runner/work/ApiRandomUser/ApiRandomUser/RamdonUser/tests">
<suite id="s1-s1" name="Random-User-Test" source="/home/runner/work/ApiRandomUser/ApiRandomUser/RamdonUser/tests/random-user-test.robot">
<test id="s1-s1-t1" name="Conectar" line="13">
<kw name="Conectar API" owner="random-user-service">
<kw name="Create Session" owner="RequestsLibrary">
<msg time="2024-07-13T18:18:26.298510" level="INFO">Creating Session using : alias=consultarAPI, url=https://randomuser.me/, headers={},                     cookies={}, auth=None, timeout=None, proxies=None, verify=False,                     debug=0 </msg>
<arg>consultarAPI</arg>
<arg>${URL}</arg>
<doc>Create Session: create a HTTP session to a server</doc>
<status status="PASS" start="2024-07-13T18:18:26.298299" elapsed="0.000404"/>
</kw>
<status status="PASS" start="2024-07-13T18:18:26.297281" elapsed="0.001790"/>
</kw>
<status status="PASS" start="2024-07-13T18:18:26.296700" elapsed="0.002565"/>
</test>
<test id="s1-s1-t2" name="Validar retorno 200 e JSON Válido" line="16">
<kw name="Teste de Requisicao Basica" owner="random-user-service">
<kw name="GET On Session" owner="RequestsLibrary">
<msg time="2024-07-13T18:18:26.660691" level="INFO">GET Request : url=https://randomuser.me/api 
 path_url=/api 
 headers={'User-Agent': 'python-requests/2.32.3', 'Accept-Encoding': 'gzip, deflate', 'Accept': '*/*', 'Connection': 'keep-alive'} 
 body=None 
 </msg>
<msg time="2024-07-13T18:18:26.660840" level="INFO">GET Response : url=https://randomuser.me/api 
 status=200, reason=OK 
 headers={'Date': 'Sat, 13 Jul 2024 18:18:26 GMT', 'Content-Type': 'application/json; charset=utf-8', 'Transfer-Encoding': 'chunked', 'Connection': 'keep-alive', 'X-Powered-By': 'Express', 'Access-Control-Allow-Origin': '*', 'Cache-Control': 'no-cache', 'ETag': 'W/"4a7-u3gU6ew31/f33pXHuZ7DUH6Fu9A"', 'Vary': 'Accept-Encoding', 'Content-Encoding': 'gzip', 'CF-Cache-Status': 'DYNAMIC', 'Report-To': '{"endpoints":[{"url":"https:\\/\\/a.nel.cloudflare.com\\/report\\/v4?s=xp4Q%2BPM0xpWnlX6gYlAHDVi69KkXTZWwLP%2BzQzg6Z5h33kAV3rzqlpybpW3vjoOTCnPvqjoMdfBA%2FHuuZIUg1nP2rPwN6WIwzO0DPhTFjk7gTuUISWsSmm55AMBS1enC"}],"group":"cf-nel","max_age":604800}', 'NEL': '{"success_fraction":0,"report_to":"cf-nel","max_age":604800}', 'Server': 'cloudflare', 'CF-RAY': '8a2b468c1de696ba-SJC', 'alt-svc': 'h3=":443"; ma=86400'} 
 body={"results":[{"gender":"male","name":{"title":"Mr","first":"Joabe","last":"Castro"},"location":{"street":{"number":7103,"name":"Rua São João "},"city":"Cabo de Santo Agostinho","state":"Alagoas","country":"Brazil","postcode":53283,"coordinates":{"latitude":"-77.0091","longitude":"-175.5098"},"timezone":{"offset":"+5:00","description":"Ekaterinburg, Islamabad, Karachi, Tashkent"}},"email":"joabe.castro@example.com","login":{"uuid":"82abc207-e20a-420e-85b0-b817f5348b30","username":"sadbear763","password":"egghead","salt":"5lcOjc3V","md5":"aca1bbf9fa497d9c4fb90fed1653a507","sha1":"b81675e3f35231f0a05dbff691ef067402a63793","sha256":"ddda3c77c1690365406c2f00ac73bbb7d795f3b6bda021b9911ed56332ba36d3"},"dob":{"date":"1975-02-04T14:13:09.552Z","age":49},"registered":{"date":"2003-07-05T16:41:08.178Z","age":21},"phone":"(93) 2257-2059","cell":"(88) 8984-1059","id":{"name":"CPF","value":"253.793.916-94"},"picture":{"large":"https://randomuser.me/api/portraits/men/46.jpg","medium":"https://randomuser.me/api/portraits/med/men/46.jpg","thumbnail":"https://randomuser.me/api/portraits/thumb/men/46.jpg"},"nat":"BR"}],"info":{"seed":"3a94c244d09bf09b","results":1,"page":1,"version":"1.4"}} 
 </msg>
<msg time="2024-07-13T18:18:26.660922" level="INFO">/opt/hostedtoolcache/Python/3.12.4/x64/lib/python3.12/site-packages/urllib3/connectionpool.py:1099: InsecureRequestWarning: Unverified HTTPS request is being made to host 'randomuser.me'. Adding certificate verification is strongly advised. See: https://urllib3.readthedocs.io/en/latest/advanced-usage.html#tls-warnings
  warnings.warn(</msg>
<msg time="2024-07-13T18:18:26.661067" level="INFO">${response} = &lt;Response [200]&gt;</msg>
<var>${response}</var>
<arg>consultarAPI</arg>
<arg>/api</arg>
<doc>Sends a GET request on a previously created HTTP Session.</doc>
<status status="PASS" start="2024-07-13T18:18:26.301865" elapsed="0.359251"/>
</kw>
<kw name="Should Be Equal As Numbers" owner="BuiltIn">
<msg time="2024-07-13T18:18:26.662331" level="INFO">Argument types are:
&lt;class 'int'&gt;
&lt;class 'str'&gt;</msg>
<arg>${response.status_code}</arg>
<arg>200</arg>
<doc>Fails if objects are unequal after converting them to real numbers.</doc>
<status status="PASS" start="2024-07-13T18:18:26.661779" elapsed="0.000618"/>
</kw>
<kw name="Log" owner="BuiltIn">
<msg time="2024-07-13T18:18:26.663063" level="INFO">200</msg>
<arg>${response.status_code}</arg>
<doc>Logs the given message with the given level.</doc>
<status status="PASS" start="2024-07-13T18:18:26.662717" elapsed="0.000389"/>
</kw>
<kw name="Set Variable" owner="BuiltIn">
<msg time="2024-07-13T18:18:26.663834" level="INFO">${json_data} = {'results': [{'gender': 'male', 'name': {'title': 'Mr', 'first': 'Joabe', 'last': 'Castro'}, 'location': {'street': {'number': 7103, 'name': 'Rua São João '}, 'city': 'Cabo de Santo Agostinho', 'state...</msg>
<var>${json_data}</var>
<arg>${response.json()}</arg>
<doc>Returns the given values which can then be assigned to a variables.</doc>
<status status="PASS" start="2024-07-13T18:18:26.663401" elapsed="0.000462"/>
</kw>
<kw name="Dictionary Should Contain Key" owner="Collections">
<arg>${json_data}</arg>
<arg>results</arg>
<doc>Fails if ``key`` is not found from ``dictionary``.</doc>
<status status="PASS" start="2024-07-13T18:18:26.664157" elapsed="0.000166"/>
</kw>
<status status="PASS" start="2024-07-13T18:18:26.301618" elapsed="0.362859"/>
</kw>
<doc>Testa se a API responde corretamente e retorna um objeto JSON válido.</doc>
<tag>testeRequisicaoBasica</tag>
<status status="PASS" start="2024-07-13T18:18:26.301154" elapsed="0.363508"/>
</test>
<test id="s1-s1-t3" name="Validar estrutura de resposta" line="22">
<kw name="Teste de Estrutura de Resposta" owner="random-user-service">
<kw name="GET On Session" owner="RequestsLibrary">
<msg time="2024-07-13T18:18:26.766590" level="INFO">GET Request : url=https://randomuser.me/api 
 path_url=/api 
 headers={'User-Agent': 'python-requests/2.32.3', 'Accept-Encoding': 'gzip, deflate', 'Accept': '*/*', 'Connection': 'keep-alive'} 
 body=None 
 </msg>
<msg time="2024-07-13T18:18:26.766693" level="INFO">GET Response : url=https://randomuser.me/api 
 status=200, reason=OK 
 headers={'Date': 'Sat, 13 Jul 2024 18:18:26 GMT', 'Content-Type': 'application/json; charset=utf-8', 'Transfer-Encoding': 'chunked', 'Connection': 'keep-alive', 'X-Powered-By': 'Express', 'Access-Control-Allow-Origin': '*', 'Cache-Control': 'no-cache', 'ETag': 'W/"48e-k71QkLhodBmOkeebKlWrqKgJUbU"', 'Vary': 'Accept-Encoding', 'Content-Encoding': 'gzip', 'CF-Cache-Status': 'DYNAMIC', 'Report-To': '{"endpoints":[{"url":"https:\\/\\/a.nel.cloudflare.com\\/report\\/v4?s=snv0DiE2fZ552EloSAn1HJacB7zNSglT8keIFNEvC0%2BATTXeeW00M7UWfadR2EeHluW%2FU1SsM2AFIBD1AZUu9IefzfDaicAhHPJkdAmFG0iG7C1VrjFwRjJBmOmOmWkL"}],"group":"cf-nel","max_age":604800}', 'NEL': '{"success_fraction":0,"report_to":"cf-nel","max_age":604800}', 'Server': 'cloudflare', 'CF-RAY': '8a2b468cbe6496ba-SJC', 'alt-svc': 'h3=":443"; ma=86400'} 
 body={"results":[{"gender":"female","name":{"title":"Mrs","first":"Maria","last":"Patel"},"location":{"street":{"number":6557,"name":"High Street"},"city":"Greymouth","state":"Waikato","country":"New Zealand","postcode":77635,"coordinates":{"latitude":"52.0882","longitude":"127.9921"},"timezone":{"offset":"+5:30","description":"Bombay, Calcutta, Madras, New Delhi"}},"email":"maria.patel@example.com","login":{"uuid":"a99ba63d-c932-4695-a18b-bdce749abec5","username":"silverpeacock834","password":"macbeth","salt":"LnixJuOf","md5":"d001f9ee9663c73dced25fa67b426102","sha1":"800f1b96c331e4190ce5e5cdd7f1a6b745fad34f","sha256":"38e8b1389ed6eba4f4778c2ca6fc6cb785c2bf9e17fbc55e55ffa989ee78534a"},"dob":{"date":"1989-08-14T15:12:18.231Z","age":34},"registered":{"date":"2020-12-13T00:03:39.631Z","age":3},"phone":"(356)-687-3746","cell":"(064)-827-6298","id":{"name":"","value":null},"picture":{"large":"https://randomuser.me/api/portraits/women/43.jpg","medium":"https://randomuser.me/api/portraits/med/women/43.jpg","thumbnail":"https://randomuser.me/api/portraits/thumb/women/43.jpg"},"nat":"NZ"}],"info":{"seed":"925712fdd5bad0bd","results":1,"page":1,"version":"1.4"}} 
 </msg>
<msg time="2024-07-13T18:18:26.766824" level="INFO">/opt/hostedtoolcache/Python/3.12.4/x64/lib/python3.12/site-packages/urllib3/connectionpool.py:1099: InsecureRequestWarning: Unverified HTTPS request is being made to host 'randomuser.me'. Adding certificate verification is strongly advised. See: https://urllib3.readthedocs.io/en/latest/advanced-usage.html#tls-warnings
  warnings.warn(</msg>
<msg time="2024-07-13T18:18:26.766953" level="INFO">${response} = &lt;Response [200]&gt;</msg>
<var>${response}</var>
<arg>consultarAPI</arg>
<arg>/api</arg>
<doc>Sends a GET request on a previously created HTTP Session.</doc>
<status status="PASS" start="2024-07-13T18:18:26.667322" elapsed="0.099675"/>
</kw>
<kw name="Set Variable" owner="BuiltIn">
<msg time="2024-07-13T18:18:26.768166" level="INFO">${json_data} = {'results': [{'gender': 'female', 'name': {'title': 'Mrs', 'first': 'Maria', 'last': 'Patel'}, 'location': {'street': {'number': 6557, 'name': 'High Street'}, 'city': 'Greymouth', 'state': 'Waikato', ...</msg>
<var>${json_data}</var>
<arg>${response.json()}</arg>
<doc>Returns the given values which can then be assigned to a variables.</doc>
<status status="PASS" start="2024-07-13T18:18:26.767600" elapsed="0.000594"/>
</kw>
<kw name="Log" owner="BuiltIn">
<msg time="2024-07-13T18:18:26.768664" level="INFO">{'results': [{'gender': 'female', 'name': {'title': 'Mrs', 'first': 'Maria', 'last': 'Patel'}, 'location': {'street': {'number': 6557, 'name': 'High Street'}, 'city': 'Greymouth', 'state': 'Waikato', 'country': 'New Zealand', 'postcode': 77635, 'coordinates': {'latitude': '52.0882', 'longitude': '127.9921'}, 'timezone': {'offset': '+5:30', 'description': 'Bombay, Calcutta, Madras, New Delhi'}}, 'email': 'maria.patel@example.com', 'login': {'uuid': 'a99ba63d-c932-4695-a18b-bdce749abec5', 'username': 'silverpeacock834', 'password': 'macbeth', 'salt': 'LnixJuOf', 'md5': 'd001f9ee9663c73dced25fa67b426102', 'sha1': '800f1b96c331e4190ce5e5cdd7f1a6b745fad34f', 'sha256': '38e8b1389ed6eba4f4778c2ca6fc6cb785c2bf9e17fbc55e55ffa989ee78534a'}, 'dob': {'date': '1989-08-14T15:12:18.231Z', 'age': 34}, 'registered': {'date': '2020-12-13T00:03:39.631Z', 'age': 3}, 'phone': '(356)-687-3746', 'cell': '(064)-827-6298', 'id': {'name': '', 'value': None}, 'picture': {'large': 'https://randomuser.me/api/portraits/women/43.jpg', 'medium': 'https://randomuser.me/api/portraits/med/women/43.jpg', 'thumbnail': 'https://randomuser.me/api/portraits/thumb/women/43.jpg'}, 'nat': 'NZ'}], 'info': {'seed': '925712fdd5bad0bd', 'results': 1, 'page': 1, 'version': '1.4'}}</msg>
<arg>${json_data}</arg>
<doc>Logs the given message with the given level.</doc>
<status status="PASS" start="2024-07-13T18:18:26.768504" elapsed="0.000208"/>
</kw>
<kw name="Dictionary Should Contain Key" owner="Collections">
<arg>${json_data}</arg>
<arg>results</arg>
<doc>Fails if ``key`` is not found from ``dictionary``.</doc>
<status status="PASS" start="2024-07-13T18:18:26.769002" elapsed="0.000164"/>
</kw>
<kw name="Should Not Be Empty" owner="BuiltIn">
<msg time="2024-07-13T18:18:26.769482" level="INFO">Length is 2.</msg>
<arg>${json_data}</arg>
<doc>Verifies that the given item is not empty.</doc>
<status status="PASS" start="2024-07-13T18:18:26.769357" elapsed="0.000161"/>
</kw>
<kw name="Create List" owner="BuiltIn">
<msg time="2024-07-13T18:18:26.769957" level="INFO">${expected_keys} = ['gender', 'name', 'location', 'email', 'login']</msg>
<var>${expected_keys}</var>
<arg>gender</arg>
<arg>name</arg>
<arg>location</arg>
<arg>email</arg>
<arg>login</arg>
<doc>Returns a list containing given items.</doc>
<status status="PASS" start="2024-07-13T18:18:26.769812" elapsed="0.000168"/>
</kw>
<for flavor="IN">
<iter>
<kw name="Dictionary Should Contain Key" owner="Collections">
<arg>${json_data['results'][0]}</arg>
<arg>${key}</arg>
<doc>Fails if ``key`` is not found from ``dictionary``.</doc>
<status status="PASS" start="2024-07-13T18:18:26.770767" elapsed="0.000404"/>
</kw>
<kw name="Log" owner="BuiltIn">
<msg time="2024-07-13T18:18:26.771724" level="INFO">{'gender': 'female', 'name': {'title': 'Mrs', 'first': 'Maria', 'last': 'Patel'}, 'location': {'street': {'number': 6557, 'name': 'High Street'}, 'city': 'Greymouth', 'state': 'Waikato', 'country': 'New Zealand', 'postcode': 77635, 'coordinates': {'latitude': '52.0882', 'longitude': '127.9921'}, 'timezone': {'offset': '+5:30', 'description': 'Bombay, Calcutta, Madras, New Delhi'}}, 'email': 'maria.patel@example.com', 'login': {'uuid': 'a99ba63d-c932-4695-a18b-bdce749abec5', 'username': 'silverpeacock834', 'password': 'macbeth', 'salt': 'LnixJuOf', 'md5': 'd001f9ee9663c73dced25fa67b426102', 'sha1': '800f1b96c331e4190ce5e5cdd7f1a6b745fad34f', 'sha256': '38e8b1389ed6eba4f4778c2ca6fc6cb785c2bf9e17fbc55e55ffa989ee78534a'}, 'dob': {'date': '1989-08-14T15:12:18.231Z', 'age': 34}, 'registered': {'date': '2020-12-13T00:03:39.631Z', 'age': 3}, 'phone': '(356)-687-3746', 'cell': '(064)-827-6298', 'id': {'name': '', 'value': None}, 'picture': {'large': 'https://randomuser.me/api/portraits/women/43.jpg', 'medium': 'https://randomuser.me/api/portraits/med/women/43.jpg', 'thumbnail': 'https://randomuser.me/api/portraits/thumb/women/43.jpg'}, 'nat': 'NZ'}</msg>
<arg>${json_data['results'][0]}</arg>
<doc>Logs the given message with the given level.</doc>
<status status="PASS" start="2024-07-13T18:18:26.771361" elapsed="0.000411"/>
</kw>
<kw name="Log" owner="BuiltIn">
<msg time="2024-07-13T18:18:26.772197" level="INFO">gender</msg>
<arg>${key}</arg>
<doc>Logs the given message with the given level.</doc>
<status status="PASS" start="2024-07-13T18:18:26.772068" elapsed="0.000167"/>
</kw>
<var name="${key}">gender</var>
<status status="PASS" start="2024-07-13T18:18:26.770643" elapsed="0.001807"/>
</iter>
<iter>
<kw name="Dictionary Should Contain Key" owner="Collections">
<arg>${json_data['results'][0]}</arg>
<arg>${key}</arg>
<doc>Fails if ``key`` is not found from ``dictionary``.</doc>
<status status="PASS" start="2024-07-13T18:18:26.772742" elapsed="0.000390"/>
</kw>
<kw name="Log" owner="BuiltIn">
<msg time="2024-07-13T18:18:26.773674" level="INFO">{'gender': 'female', 'name': {'title': 'Mrs', 'first': 'Maria', 'last': 'Patel'}, 'location': {'street': {'number': 6557, 'name': 'High Street'}, 'city': 'Greymouth', 'state': 'Waikato', 'country': 'New Zealand', 'postcode': 77635, 'coordinates': {'latitude': '52.0882', 'longitude': '127.9921'}, 'timezone': {'offset': '+5:30', 'description': 'Bombay, Calcutta, Madras, New Delhi'}}, 'email': 'maria.patel@example.com', 'login': {'uuid': 'a99ba63d-c932-4695-a18b-bdce749abec5', 'username': 'silverpeacock834', 'password': 'macbeth', 'salt': 'LnixJuOf', 'md5': 'd001f9ee9663c73dced25fa67b426102', 'sha1': '800f1b96c331e4190ce5e5cdd7f1a6b745fad34f', 'sha256': '38e8b1389ed6eba4f4778c2ca6fc6cb785c2bf9e17fbc55e55ffa989ee78534a'}, 'dob': {'date': '1989-08-14T15:12:18.231Z', 'age': 34}, 'registered': {'date': '2020-12-13T00:03:39.631Z', 'age': 3}, 'phone': '(356)-687-3746', 'cell': '(064)-827-6298', 'id': {'name': '', 'value': None}, 'picture': {'large': 'https://randomuser.me/api/portraits/women/43.jpg', 'medium': 'https://randomuser.me/api/portraits/med/women/43.jpg', 'thumbnail': 'https://randomuser.me/api/portraits/thumb/women/43.jpg'}, 'nat': 'NZ'}</msg>
<arg>${json_data['results'][0]}</arg>
<doc>Logs the given message with the given level.</doc>
<status status="PASS" start="2024-07-13T18:18:26.773315" elapsed="0.000442"/>
</kw>
<kw name="Log" owner="BuiltIn">
<msg time="2024-07-13T18:18:26.774180" level="INFO">name</msg>
<arg>${key}</arg>
<doc>Logs the given message with the given level.</doc>
<status status="PASS" start="2024-07-13T18:18:26.774053" elapsed="0.000201"/>
</kw>
<var name="${key}">name</var>
<status status="PASS" start="2024-07-13T18:18:26.772632" elapsed="0.001845"/>
</iter>
<iter>
<kw name="Dictionary Should Contain Key" owner="Collections">
<arg>${json_data['results'][0]}</arg>
<arg>${key}</arg>
<doc>Fails if ``key`` is not found from ``dictionary``.</doc>
<status status="PASS" start="2024-07-13T18:18:26.774758" elapsed="0.000379"/>
</kw>
<kw name="Log" owner="BuiltIn">
<msg time="2024-07-13T18:18:26.775668" level="INFO">{'gender': 'female', 'name': {'title': 'Mrs', 'first': 'Maria', 'last': 'Patel'}, 'location': {'street': {'number': 6557, 'name': 'High Street'}, 'city': 'Greymouth', 'state': 'Waikato', 'country': 'New Zealand', 'postcode': 77635, 'coordinates': {'latitude': '52.0882', 'longitude': '127.9921'}, 'timezone': {'offset': '+5:30', 'description': 'Bombay, Calcutta, Madras, New Delhi'}}, 'email': 'maria.patel@example.com', 'login': {'uuid': 'a99ba63d-c932-4695-a18b-bdce749abec5', 'username': 'silverpeacock834', 'password': 'macbeth', 'salt': 'LnixJuOf', 'md5': 'd001f9ee9663c73dced25fa67b426102', 'sha1': '800f1b96c331e4190ce5e5cdd7f1a6b745fad34f', 'sha256': '38e8b1389ed6eba4f4778c2ca6fc6cb785c2bf9e17fbc55e55ffa989ee78534a'}, 'dob': {'date': '1989-08-14T15:12:18.231Z', 'age': 34}, 'registered': {'date': '2020-12-13T00:03:39.631Z', 'age': 3}, 'phone': '(356)-687-3746', 'cell': '(064)-827-6298', 'id': {'name': '', 'value': None}, 'picture': {'large': 'https://randomuser.me/api/portraits/women/43.jpg', 'medium': 'https://randomuser.me/api/portraits/med/women/43.jpg', 'thumbnail': 'https://randomuser.me/api/portraits/thumb/women/43.jpg'}, 'nat': 'NZ'}</msg>
<arg>${json_data['results'][0]}</arg>
<doc>Logs the given message with the given level.</doc>
<status status="PASS" start="2024-07-13T18:18:26.775316" elapsed="0.000398"/>
</kw>
<kw name="Log" owner="BuiltIn">
<msg time="2024-07-13T18:18:26.776136" level="INFO">location</msg>
<arg>${key}</arg>
<doc>Logs the given message with the given level.</doc>
<status status="PASS" start="2024-07-13T18:18:26.776008" elapsed="0.000165"/>
</kw>
<var name="${key}">location</var>
<status status="PASS" start="2024-07-13T18:18:26.774651" elapsed="0.001736"/>
</iter>
<iter>
<kw name="Dictionary Should Contain Key" owner="Collections">
<arg>${json_data['results'][0]}</arg>
<arg>${key}</arg>
<doc>Fails if ``key`` is not found from ``dictionary``.</doc>
<status status="PASS" start="2024-07-13T18:18:26.776666" elapsed="0.000385"/>
</kw>
<kw name="Log" owner="BuiltIn">
<msg time="2024-07-13T18:18:26.777590" level="INFO">{'gender': 'female', 'name': {'title': 'Mrs', 'first': 'Maria', 'last': 'Patel'}, 'location': {'street': {'number': 6557, 'name': 'High Street'}, 'city': 'Greymouth', 'state': 'Waikato', 'country': 'New Zealand', 'postcode': 77635, 'coordinates': {'latitude': '52.0882', 'longitude': '127.9921'}, 'timezone': {'offset': '+5:30', 'description': 'Bombay, Calcutta, Madras, New Delhi'}}, 'email': 'maria.patel@example.com', 'login': {'uuid': 'a99ba63d-c932-4695-a18b-bdce749abec5', 'username': 'silverpeacock834', 'password': 'macbeth', 'salt': 'LnixJuOf', 'md5': 'd001f9ee9663c73dced25fa67b426102', 'sha1': '800f1b96c331e4190ce5e5cdd7f1a6b745fad34f', 'sha256': '38e8b1389ed6eba4f4778c2ca6fc6cb785c2bf9e17fbc55e55ffa989ee78534a'}, 'dob': {'date': '1989-08-14T15:12:18.231Z', 'age': 34}, 'registered': {'date': '2020-12-13T00:03:39.631Z', 'age': 3}, 'phone': '(356)-687-3746', 'cell': '(064)-827-6298', 'id': {'name': '', 'value': None}, 'picture': {'large': 'https://randomuser.me/api/portraits/women/43.jpg', 'medium': 'https://randomuser.me/api/portraits/med/women/43.jpg', 'thumbnail': 'https://randomuser.me/api/portraits/thumb/women/43.jpg'}, 'nat': 'NZ'}</msg>
<arg>${json_data['results'][0]}</arg>
<doc>Logs the given message with the given level.</doc>
<status status="PASS" start="2024-07-13T18:18:26.777239" elapsed="0.000397"/>
</kw>
<kw name="Log" owner="BuiltIn">
<msg time="2024-07-13T18:18:26.778053" level="INFO">email</msg>
<arg>${key}</arg>
<doc>Logs the given message with the given level.</doc>
<status status="PASS" start="2024-07-13T18:18:26.777928" elapsed="0.000163"/>
</kw>
<var name="${key}">email</var>
<status status="PASS" start="2024-07-13T18:18:26.776554" elapsed="0.001780"/>
</iter>
<iter>
<kw name="Dictionary Should Contain Key" owner="Collections">
<arg>${json_data['results'][0]}</arg>
<arg>${key}</arg>
<doc>Fails if ``key`` is not found from ``dictionary``.</doc>
<status status="PASS" start="2024-07-13T18:18:26.778618" elapsed="0.000388"/>
</kw>
<kw name="Log" owner="BuiltIn">
<msg time="2024-07-13T18:18:26.779545" level="INFO">{'gender': 'female', 'name': {'title': 'Mrs', 'first': 'Maria', 'last': 'Patel'}, 'location': {'street': {'number': 6557, 'name': 'High Street'}, 'city': 'Greymouth', 'state': 'Waikato', 'country': 'New Zealand', 'postcode': 77635, 'coordinates': {'latitude': '52.0882', 'longitude': '127.9921'}, 'timezone': {'offset': '+5:30', 'description': 'Bombay, Calcutta, Madras, New Delhi'}}, 'email': 'maria.patel@example.com', 'login': {'uuid': 'a99ba63d-c932-4695-a18b-bdce749abec5', 'username': 'silverpeacock834', 'password': 'macbeth', 'salt': 'LnixJuOf', 'md5': 'd001f9ee9663c73dced25fa67b426102', 'sha1': '800f1b96c331e4190ce5e5cdd7f1a6b745fad34f', 'sha256': '38e8b1389ed6eba4f4778c2ca6fc6cb785c2bf9e17fbc55e55ffa989ee78534a'}, 'dob': {'date': '1989-08-14T15:12:18.231Z', 'age': 34}, 'registered': {'date': '2020-12-13T00:03:39.631Z', 'age': 3}, 'phone': '(356)-687-3746', 'cell': '(064)-827-6298', 'id': {'name': '', 'value': None}, 'picture': {'large': 'https://randomuser.me/api/portraits/women/43.jpg', 'medium': 'https://randomuser.me/api/portraits/med/women/43.jpg', 'thumbnail': 'https://randomuser.me/api/portraits/thumb/women/43.jpg'}, 'nat': 'NZ'}</msg>
<arg>${json_data['results'][0]}</arg>
<doc>Logs the given message with the given level.</doc>
<status status="PASS" start="2024-07-13T18:18:26.779187" elapsed="0.000405"/>
</kw>
<kw name="Log" owner="BuiltIn">
<msg time="2024-07-13T18:18:26.780009" level="INFO">login</msg>
<arg>${key}</arg>
<doc>Logs the given message with the given level.</doc>
<status status="PASS" start="2024-07-13T18:18:26.779883" elapsed="0.000162"/>
</kw>
<var name="${key}">login</var>
<status status="PASS" start="2024-07-13T18:18:26.778505" elapsed="0.001762"/>
</iter>
<var>${key}</var>
<value>@{expected_keys}</value>
<status status="PASS" start="2024-07-13T18:18:26.770446" elapsed="0.009942"/>
</for>
<kw name="Create List" owner="BuiltIn">
<msg time="2024-07-13T18:18:26.780713" level="INFO">${expected_keysTwo} = ['username', 'password']</msg>
<var>${expected_keysTwo}</var>
<arg>username</arg>
<arg>password</arg>
<doc>Returns a list containing given items.</doc>
<status status="PASS" start="2024-07-13T18:18:26.780579" elapsed="0.000186"/>
</kw>
<for flavor="IN">
<iter>
<kw name="Dictionary Should Contain Key" owner="Collections">
<arg>${json_data['results'][0]['login']}</arg>
<arg>${keyTwo}</arg>
<doc>Fails if ``key`` is not found from ``dictionary``.</doc>
<status status="PASS" start="2024-07-13T18:18:26.781270" elapsed="0.000387"/>
</kw>
<kw name="Dictionary Should Contain Key" owner="Collections">
<arg>${json_data['results'][0]['login']}</arg>
<arg>${keyTwo}</arg>
<doc>Fails if ``key`` is not found from ``dictionary``.</doc>
<status status="PASS" start="2024-07-13T18:18:26.781835" elapsed="0.000395"/>
</kw>
<kw name="Log" owner="BuiltIn">
<msg time="2024-07-13T18:18:26.782554" level="INFO">username</msg>
<arg>${keyTwo}</arg>
<doc>Logs the given message with the given level.</doc>
<status status="PASS" start="2024-07-13T18:18:26.782423" elapsed="0.000168"/>
</kw>
<var name="${keyTwo}">username</var>
<status status="PASS" start="2024-07-13T18:18:26.781162" elapsed="0.001650"/>
</iter>
<iter>
<kw name="Dictionary Should Contain Key" owner="Collections">
<arg>${json_data['results'][0]['login']}</arg>
<arg>${keyTwo}</arg>
<doc>Fails if ``key`` is not found from ``dictionary``.</doc>
<status status="PASS" start="2024-07-13T18:18:26.783088" elapsed="0.000381"/>
</kw>
<kw name="Dictionary Should Contain Key" owner="Collections">
<arg>${json_data['results'][0]['login']}</arg>
<arg>${keyTwo}</arg>
<doc>Fails if ``key`` is not found from ``dictionary``.</doc>
<status status="PASS" start="2024-07-13T18:18:26.783649" elapsed="0.000372"/>
</kw>
<kw name="Log" owner="BuiltIn">
<msg time="2024-07-13T18:18:26.784315" level="INFO">password</msg>
<arg>${keyTwo}</arg>
<doc>Logs the given message with the given level.</doc>
<status status="PASS" start="2024-07-13T18:18:26.784197" elapsed="0.000160"/>
</kw>
<var name="${keyTwo}">password</var>
<status status="PASS" start="2024-07-13T18:18:26.782982" elapsed="0.001594"/>
</iter>
<var>${keyTwo}</var>
<value>@{expected_keysTwo}</value>
<status status="PASS" start="2024-07-13T18:18:26.781009" elapsed="0.003691"/>
</for>
<status status="PASS" start="2024-07-13T18:18:26.667089" elapsed="0.117752"/>
</kw>
<doc>Testa a estrutura da resposta da API.</doc>
<tag>testeEstruturaResposta</tag>
<status status="PASS" start="2024-07-13T18:18:26.666547" elapsed="0.118451"/>
</test>
<test id="s1-s1-t4" name="Validar tipos de dados" line="28">
<kw name="Teste de Tipos de Dados" owner="random-user-service">
<kw name="GET On Session" owner="RequestsLibrary">
<msg time="2024-07-13T18:18:26.886104" level="INFO">GET Request : url=https://randomuser.me/api 
 path_url=/api 
 headers={'User-Agent': 'python-requests/2.32.3', 'Accept-Encoding': 'gzip, deflate', 'Accept': '*/*', 'Connection': 'keep-alive'} 
 body=None 
 </msg>
<msg time="2024-07-13T18:18:26.886251" level="INFO">GET Response : url=https://randomuser.me/api 
 status=200, reason=OK 
 headers={'Date': 'Sat, 13 Jul 2024 18:18:26 GMT', 'Content-Type': 'application/json; charset=utf-8', 'Transfer-Encoding': 'chunked', 'Connection': 'keep-alive', 'X-Powered-By': 'Express', 'Access-Control-Allow-Origin': '*', 'Cache-Control': 'no-cache', 'ETag': 'W/"489-MtoRSnldmAy2T3RyaOAm1lU/keQ"', 'Vary': 'Accept-Encoding', 'Content-Encoding': 'gzip', 'CF-Cache-Status': 'DYNAMIC', 'Report-To': '{"endpoints":[{"url":"https:\\/\\/a.nel.cloudflare.com\\/report\\/v4?s=mRprdi4eUNWbRcRo12Df5U6dQsGZ6A6vVcMRDgAKsdNFccVhfMgY1pKFn0RMXp0AjTSy56Pki2viUUGiS0HWrz2HU9uxyr42sEi747nZ7wvSs9RqGXXvptYwslQfZDHd"}],"group":"cf-nel","max_age":604800}', 'NEL': '{"success_fraction":0,"report_to":"cf-nel","max_age":604800}', 'Server': 'cloudflare', 'CF-RAY': '8a2b468d7ec396ba-SJC', 'alt-svc': 'h3=":443"; ma=86400'} 
 body={"results":[{"gender":"male","name":{"title":"Mr","first":"Giovani","last":"Bokkers"},"location":{"street":{"number":8646,"name":"De Mussetstraat"},"city":"Zuidwolde Dr","state":"Flevoland","country":"Netherlands","postcode":"3065 PN","coordinates":{"latitude":"33.0296","longitude":"-13.9752"},"timezone":{"offset":"+9:30","description":"Adelaide, Darwin"}},"email":"giovani.bokkers@example.com","login":{"uuid":"51ed5f2c-2ab6-40e2-80d2-dded5a112d83","username":"ticklishdog875","password":"1989","salt":"jNTzb3kH","md5":"57e00012b6cfc8c05100a9bddfb005b4","sha1":"f3f5deedf67881cacb9d55ba036f175f84ff3bff","sha256":"5c66851d32e9547539f838154f05c8a62136d65d34dc57fab056dad1434de579"},"dob":{"date":"1993-12-02T23:11:43.073Z","age":30},"registered":{"date":"2021-02-14T11:32:21.870Z","age":3},"phone":"(0587) 557369","cell":"(06) 83709329","id":{"name":"BSN","value":"01613351"},"picture":{"large":"https://randomuser.me/api/portraits/men/84.jpg","medium":"https://randomuser.me/api/portraits/med/men/84.jpg","thumbnail":"https://randomuser.me/api/portraits/thumb/men/84.jpg"},"nat":"NL"}],"info":{"seed":"731c07d75a6d92b7","results":1,"page":1,"version":"1.4"}} 
 </msg>
<msg time="2024-07-13T18:18:26.886336" level="INFO">/opt/hostedtoolcache/Python/3.12.4/x64/lib/python3.12/site-packages/urllib3/connectionpool.py:1099: InsecureRequestWarning: Unverified HTTPS request is being made to host 'randomuser.me'. Adding certificate verification is strongly advised. See: https://urllib3.readthedocs.io/en/latest/advanced-usage.html#tls-warnings
  warnings.warn(</msg>
<msg time="2024-07-13T18:18:26.886476" level="INFO">${response} = &lt;Response [200]&gt;</msg>
<var>${response}</var>
<arg>consultarAPI</arg>
<arg>/api</arg>
<doc>Sends a GET request on a previously created HTTP Session.</doc>
<status status="PASS" start="2024-07-13T18:18:26.787710" elapsed="0.098816"/>
</kw>
<kw name="Set Variable" owner="BuiltIn">
<msg time="2024-07-13T18:18:26.887751" level="INFO">${json_data} = {'results': [{'gender': 'male', 'name': {'title': 'Mr', 'first': 'Giovani', 'last': 'Bokkers'}, 'location': {'street': {'number': 8646, 'name': 'De Mussetstraat'}, 'city': 'Zuidwolde Dr', 'state': 'Fl...</msg>
<var>${json_data}</var>
<arg>${response.json()}</arg>
<doc>Returns the given values which can then be assigned to a variables.</doc>
<status status="PASS" start="2024-07-13T18:18:26.887188" elapsed="0.000592"/>
</kw>
<kw name="Log" owner="BuiltIn">
<msg time="2024-07-13T18:18:26.888248" level="INFO">{'results': [{'gender': 'male', 'name': {'title': 'Mr', 'first': 'Giovani', 'last': 'Bokkers'}, 'location': {'street': {'number': 8646, 'name': 'De Mussetstraat'}, 'city': 'Zuidwolde Dr', 'state': 'Flevoland', 'country': 'Netherlands', 'postcode': '3065 PN', 'coordinates': {'latitude': '33.0296', 'longitude': '-13.9752'}, 'timezone': {'offset': '+9:30', 'description': 'Adelaide, Darwin'}}, 'email': 'giovani.bokkers@example.com', 'login': {'uuid': '51ed5f2c-2ab6-40e2-80d2-dded5a112d83', 'username': 'ticklishdog875', 'password': '1989', 'salt': 'jNTzb3kH', 'md5': '57e00012b6cfc8c05100a9bddfb005b4', 'sha1': 'f3f5deedf67881cacb9d55ba036f175f84ff3bff', 'sha256': '5c66851d32e9547539f838154f05c8a62136d65d34dc57fab056dad1434de579'}, 'dob': {'date': '1993-12-02T23:11:43.073Z', 'age': 30}, 'registered': {'date': '2021-02-14T11:32:21.870Z', 'age': 3}, 'phone': '(0587) 557369', 'cell': '(06) 83709329', 'id': {'name': 'BSN', 'value': '01613351'}, 'picture': {'large': 'https://randomuser.me/api/portraits/men/84.jpg', 'medium': 'https://randomuser.me/api/portraits/med/men/84.jpg', 'thumbnail': 'https://randomuser.me/api/portraits/thumb/men/84.jpg'}, 'nat': 'NL'}], 'info': {'seed': '731c07d75a6d92b7', 'results': 1, 'page': 1, 'version': '1.4'}}</msg>
<arg>${json_data}</arg>
<doc>Logs the given message with the given level.</doc>
<status status="PASS" start="2024-07-13T18:18:26.888089" elapsed="0.000207"/>
</kw>
<kw name="Should Be String" owner="String">
<arg>${json_data['results'][0]['gender']}</arg>
<doc>Fails if the given ``item`` is not a string.</doc>
<status status="PASS" start="2024-07-13T18:18:26.888584" elapsed="0.000370"/>
</kw>
<kw name="Should Match Regexp" owner="BuiltIn">
<arg>${json_data['results'][0]['email']}</arg>
<arg>^[a-zA-Z0-9._%+-]+@[a-zA-Z0-9.-]+\.[a-zA-Z]{2,}$</arg>
<doc>Fails if ``string`` does not match ``pattern`` as a regular expression.</doc>
<status status="PASS" start="2024-07-13T18:18:26.889142" elapsed="0.000507"/>
</kw>
<kw name="Should Match Regexp" owner="BuiltIn">
<arg>${json_data['results'][0]['dob']['date']}</arg>
<arg>\\d{4}-\\d{2}-\\d{2}T\\d{2}:\\d{2}:\\d{2}\\.\\d{3}Z</arg>
<doc>Fails if ``string`` does not match ``pattern`` as a regular expression.</doc>
<status status="PASS" start="2024-07-13T18:18:26.889880" elapsed="0.000525"/>
</kw>
<kw name="Should Match Regexp" owner="BuiltIn">
<arg>${json_data['results'][0]['registered']['date']}</arg>
<arg>\\d{4}-\\d{2}-\\d{2}T\\d{2}:\\d{2}:\\d{2}\\.\\d{3}Z</arg>
<doc>Fails if ``string`` does not match ``pattern`` as a regular expression.</doc>
<status status="PASS" start="2024-07-13T18:18:26.890600" elapsed="0.000367"/>
</kw>
<kw name="Should Match Regexp" owner="BuiltIn">
<arg>${json_data['results'][0]['picture']['large']}</arg>
<arg>^https?://.*\.(?:png|jpe?g|gif|bmp)$</arg>
<doc>Fails if ``string`` does not match ``pattern`` as a regular expression.</doc>
<status status="PASS" start="2024-07-13T18:18:26.891152" elapsed="0.000454"/>
</kw>
<kw name="Should Match Regexp" owner="BuiltIn">
<arg>${json_data['results'][0]['picture']['medium']}</arg>
<arg>^https?://.*\.(?:png|jpe?g|gif|bmp)$</arg>
<doc>Fails if ``string`` does not match ``pattern`` as a regular expression.</doc>
<status status="PASS" start="2024-07-13T18:18:26.891793" elapsed="0.000350"/>
</kw>
<kw name="Should Match Regexp" owner="BuiltIn">
<arg>${json_data['results'][0]['picture']['thumbnail']}</arg>
<arg>^https?://.*\.(?:png|jpe?g|gif|bmp)$</arg>
<doc>Fails if ``string`` does not match ``pattern`` as a regular expression.</doc>
<status status="PASS" start="2024-07-13T18:18:26.892327" elapsed="0.000356"/>
</kw>
<kw name="Log" owner="BuiltIn">
<msg time="2024-07-13T18:18:26.893192" level="INFO">{'large': 'https://randomuser.me/api/portraits/men/84.jpg', 'medium': 'https://randomuser.me/api/portraits/med/men/84.jpg', 'thumbnail': 'https://randomuser.me/api/portraits/thumb/men/84.jpg'}</msg>
<arg>${json_data['results'][0]['picture']}</arg>
<doc>Logs the given message with the given level.</doc>
<status status="PASS" start="2024-07-13T18:18:26.892867" elapsed="0.000367"/>
</kw>
<status status="PASS" start="2024-07-13T18:18:26.787480" elapsed="0.106017"/>
</kw>
<kw name="Teste de Tipos de Dados - Postcode" owner="random-user-service">
<kw name="GET On Session" owner="RequestsLibrary">
<msg time="2024-07-13T18:18:27.007965" level="INFO">GET Request : url=https://randomuser.me/api 
 path_url=/api 
 headers={'User-Agent': 'python-requests/2.32.3', 'Accept-Encoding': 'gzip, deflate', 'Accept': '*/*', 'Connection': 'keep-alive'} 
 body=None 
 </msg>
<msg time="2024-07-13T18:18:27.008062" level="INFO">GET Response : url=https://randomuser.me/api 
 status=200, reason=OK 
 headers={'Date': 'Sat, 13 Jul 2024 18:18:27 GMT', 'Content-Type': 'application/json; charset=utf-8', 'Transfer-Encoding': 'chunked', 'Connection': 'keep-alive', 'X-Powered-By': 'Express', 'Access-Control-Allow-Origin': '*', 'Cache-Control': 'no-cache', 'ETag': 'W/"493-g1GPV6OycU0bn1ITPqoIuvrL5K0"', 'Vary': 'Accept-Encoding', 'Content-Encoding': 'gzip', 'CF-Cache-Status': 'DYNAMIC', 'Report-To': '{"endpoints":[{"url":"https:\\/\\/a.nel.cloudflare.com\\/report\\/v4?s=HQCFXH%2F5WfR5XTA%2BFZniB5uJgJYipdpAYxzj2ObdEzf%2BaxyF1qfcFkEhXDxbE5D1eBF9%2BeamDPTfQumamxzjDXEbxO49HKmd3gXjYnV7TdnA22AmWg91vnWOXlqJ2PeF"}],"group":"cf-nel","max_age":604800}', 'NEL': '{"success_fraction":0,"report_to":"cf-nel","max_age":604800}', 'Server': 'cloudflare', 'CF-RAY': '8a2b468e1f3896ba-SJC', 'alt-svc': 'h3=":443"; ma=86400'} 
 body={"results":[{"gender":"female","name":{"title":"Miss","first":"Annette","last":"Otte"},"location":{"street":{"number":6257,"name":"Waldweg"},"city":"Heidenheim","state":"Nordrhein-Westfalen","country":"Germany","postcode":78063,"coordinates":{"latitude":"-49.3859","longitude":"73.0522"},"timezone":{"offset":"-11:00","description":"Midway Island, Samoa"}},"email":"annette.otte@example.com","login":{"uuid":"1a10af59-c840-4752-8255-78752763f79d","username":"goldenkoala560","password":"floppy","salt":"FqcCvkrh","md5":"17b5c01a698eab99a95e8f607e759006","sha1":"3b4f2c91a1f49044c9631cc4e861469204c8686c","sha256":"fb4b9eed1c348b0852986710c6211647687f56cdcd9c23fefbbc4bed93cf7938"},"dob":{"date":"1972-05-30T07:45:23.344Z","age":52},"registered":{"date":"2009-02-04T18:30:58.028Z","age":15},"phone":"0442-9468753","cell":"0176-4532622","id":{"name":"SVNR","value":"47 300572 O 505"},"picture":{"large":"https://randomuser.me/api/portraits/women/15.jpg","medium":"https://randomuser.me/api/portraits/med/women/15.jpg","thumbnail":"https://randomuser.me/api/portraits/thumb/women/15.jpg"},"nat":"DE"}],"info":{"seed":"3c3d4c87017aa19a","results":1,"page":1,"version":"1.4"}} 
 </msg>
<msg time="2024-07-13T18:18:27.008130" level="INFO">/opt/hostedtoolcache/Python/3.12.4/x64/lib/python3.12/site-packages/urllib3/connectionpool.py:1099: InsecureRequestWarning: Unverified HTTPS request is being made to host 'randomuser.me'. Adding certificate verification is strongly advised. See: https://urllib3.readthedocs.io/en/latest/advanced-usage.html#tls-warnings
  warnings.warn(</msg>
<msg time="2024-07-13T18:18:27.008254" level="INFO">${response} = &lt;Response [200]&gt;</msg>
<var>${response}</var>
<arg>consultarAPI</arg>
<arg>/api</arg>
<doc>Sends a GET request on a previously created HTTP Session.</doc>
<status status="PASS" start="2024-07-13T18:18:26.893948" elapsed="0.114346"/>
</kw>
<kw name="Set Variable" owner="BuiltIn">
<msg time="2024-07-13T18:18:27.009480" level="INFO">${json_data} = {'results': [{'gender': 'female', 'name': {'title': 'Miss', 'first': 'Annette', 'last': 'Otte'}, 'location': {'street': {'number': 6257, 'name': 'Waldweg'}, 'city': 'Heidenheim', 'state': 'Nordrhein-W...</msg>
<var>${json_data}</var>
<arg>${response.json()}</arg>
<doc>Returns the given values which can then be assigned to a variables.</doc>
<status status="PASS" start="2024-07-13T18:18:27.008910" elapsed="0.000599"/>
</kw>
<kw name="Log" owner="BuiltIn">
<msg time="2024-07-13T18:18:27.009983" level="INFO">{'results': [{'gender': 'female', 'name': {'title': 'Miss', 'first': 'Annette', 'last': 'Otte'}, 'location': {'street': {'number': 6257, 'name': 'Waldweg'}, 'city': 'Heidenheim', 'state': 'Nordrhein-Westfalen', 'country': 'Germany', 'postcode': 78063, 'coordinates': {'latitude': '-49.3859', 'longitude': '73.0522'}, 'timezone': {'offset': '-11:00', 'description': 'Midway Island, Samoa'}}, 'email': 'annette.otte@example.com', 'login': {'uuid': '1a10af59-c840-4752-8255-78752763f79d', 'username': 'goldenkoala560', 'password': 'floppy', 'salt': 'FqcCvkrh', 'md5': '17b5c01a698eab99a95e8f607e759006', 'sha1': '3b4f2c91a1f49044c9631cc4e861469204c8686c', 'sha256': 'fb4b9eed1c348b0852986710c6211647687f56cdcd9c23fefbbc4bed93cf7938'}, 'dob': {'date': '1972-05-30T07:45:23.344Z', 'age': 52}, 'registered': {'date': '2009-02-04T18:30:58.028Z', 'age': 15}, 'phone': '0442-9468753', 'cell': '0176-4532622', 'id': {'name': 'SVNR', 'value': '47 300572 O 505'}, 'picture': {'large': 'https://randomuser.me/api/portraits/women/15.jpg', 'medium': 'https://randomuser.me/api/portraits/med/women/15.jpg', 'thumbnail': 'https://randomuser.me/api/portraits/thumb/women/15.jpg'}, 'nat': 'DE'}], 'info': {'seed': '3c3d4c87017aa19a', 'results': 1, 'page': 1, 'version': '1.4'}}</msg>
<arg>${json_data}</arg>
<doc>Logs the given message with the given level.</doc>
<status status="PASS" start="2024-07-13T18:18:27.009819" elapsed="0.000211"/>
</kw>
<kw name="Should Be Equal As Numbers" owner="BuiltIn">
<arg>${json_data['results'][0]['location']['postcode']}</arg>
<arg>${json_data['results'][0]['location']['postcode']}</arg>
<doc>Fails if objects are unequal after converting them to real numbers.</doc>
<status status="PASS" start="2024-07-13T18:18:27.010370" elapsed="0.000621"/>
</kw>
<kw name="Log" owner="BuiltIn">
<msg time="2024-07-13T18:18:27.011527" level="INFO">78063</msg>
<arg>${json_data['results'][0]['location']['postcode']}</arg>
<doc>Logs the given message with the given level.</doc>
<status status="PASS" start="2024-07-13T18:18:27.011184" elapsed="0.000383"/>
</kw>
<status status="PASS" start="2024-07-13T18:18:26.893723" elapsed="0.118132"/>
</kw>
<doc>Testa se os tipos de dados na resposta da API estão corretos.</doc>
<tag>testeTiposDados</tag>
<status status="PASS" start="2024-07-13T18:18:26.786814" elapsed="0.225212"/>
</test>
<test id="s1-s1-t5" name="Validar conteudo" line="35">
<kw name="Teste de Tipos de Conteudo" owner="random-user-service">
<kw name="GET On Session" owner="RequestsLibrary">
<msg time="2024-07-13T18:18:27.110955" level="INFO">GET Request : url=https://randomuser.me/api 
 path_url=/api 
 headers={'User-Agent': 'python-requests/2.32.3', 'Accept-Encoding': 'gzip, deflate', 'Accept': '*/*', 'Connection': 'keep-alive'} 
 body=None 
 </msg>
<msg time="2024-07-13T18:18:27.111063" level="INFO">GET Response : url=https://randomuser.me/api 
 status=200, reason=OK 
 headers={'Date': 'Sat, 13 Jul 2024 18:18:27 GMT', 'Content-Type': 'application/json; charset=utf-8', 'Transfer-Encoding': 'chunked', 'Connection': 'keep-alive', 'X-Powered-By': 'Express', 'Access-Control-Allow-Origin': '*', 'Cache-Control': 'no-cache', 'ETag': 'W/"479-sTa71RQMVzljvfuJFwkZqFHidpE"', 'Vary': 'Accept-Encoding', 'Content-Encoding': 'gzip', 'CF-Cache-Status': 'DYNAMIC', 'Report-To': '{"endpoints":[{"url":"https:\\/\\/a.nel.cloudflare.com\\/report\\/v4?s=mUQ7tRGUzNPPFyXWnKb%2BgBTKstq8MQBNeKDsethN0c%2BwwmqDzOPIuZNrzBB7x3ahUI5ecxu0wpBty9P21nNgPHuRmGLaNi%2BhhfRuz3i%2F%2FQjwAz9vhLlsOg9Wl3roQMb7"}],"group":"cf-nel","max_age":604800}', 'NEL': '{"success_fraction":0,"report_to":"cf-nel","max_age":604800}', 'Server': 'cloudflare', 'CF-RAY': '8a2b468eefaa96ba-SJC', 'alt-svc': 'h3=":443"; ma=86400'} 
 body={"results":[{"gender":"male","name":{"title":"Mr","first":"Avni","last":"Pasman"},"location":{"street":{"number":8474,"name":"Kiebos"},"city":"Hoofddorp","state":"Utrecht","country":"Netherlands","postcode":"9167 OX","coordinates":{"latitude":"38.1521","longitude":"-50.1124"},"timezone":{"offset":"+6:00","description":"Almaty, Dhaka, Colombo"}},"email":"avni.pasman@example.com","login":{"uuid":"18cde5ca-9ba0-4c2d-a9e1-eba6a16eaf86","username":"tinybird916","password":"morales","salt":"KTMbWkZN","md5":"9a25bad062dd2b9a96c9da0746cf4b6b","sha1":"bbb1a6553bf177c777e236d93993493817ae195a","sha256":"4f4a5e420572fab8d0776d935d5869c9632193651ac9cdeb95fde9a4f594fcd6"},"dob":{"date":"1985-01-16T01:02:35.405Z","age":39},"registered":{"date":"2016-01-30T15:58:37.743Z","age":8},"phone":"(060) 3969540","cell":"(06) 44747322","id":{"name":"BSN","value":"87208335"},"picture":{"large":"https://randomuser.me/api/portraits/men/37.jpg","medium":"https://randomuser.me/api/portraits/med/men/37.jpg","thumbnail":"https://randomuser.me/api/portraits/thumb/men/37.jpg"},"nat":"NL"}],"info":{"seed":"42772e8d8d89748a","results":1,"page":1,"version":"1.4"}} 
 </msg>
<msg time="2024-07-13T18:18:27.111156" level="INFO">/opt/hostedtoolcache/Python/3.12.4/x64/lib/python3.12/site-packages/urllib3/connectionpool.py:1099: InsecureRequestWarning: Unverified HTTPS request is being made to host 'randomuser.me'. Adding certificate verification is strongly advised. See: https://urllib3.readthedocs.io/en/latest/advanced-usage.html#tls-warnings
  warnings.warn(</msg>
<msg time="2024-07-13T18:18:27.111275" level="INFO">${response} = &lt;Response [200]&gt;</msg>
<var>${response}</var>
<arg>consultarAPI</arg>
<arg>/api</arg>
<doc>Sends a GET request on a previously created HTTP Session.</doc>
<status status="PASS" start="2024-07-13T18:18:27.014766" elapsed="0.096550"/>
</kw>
<kw name="Set Variable" owner="BuiltIn">
<msg time="2024-07-13T18:18:27.112469" level="INFO">${json_data} = {'results': [{'gender': 'male', 'name': {'title': 'Mr', 'first': 'Avni', 'last': 'Pasman'}, 'location': {'street': {'number': 8474, 'name': 'Kiebos'}, 'city': 'Hoofddorp', 'state': 'Utrecht', 'country...</msg>
<var>${json_data}</var>
<arg>${response.json()}</arg>
<doc>Returns the given values which can then be assigned to a variables.</doc>
<status status="PASS" start="2024-07-13T18:18:27.111902" elapsed="0.000597"/>
</kw>
<kw name="Set Variable" owner="BuiltIn">
<msg time="2024-07-13T18:18:27.113185" level="INFO">${name_title} = Mr</msg>
<var>${name_title}</var>
<arg>${json_data["results"][0]["name"]["title"]}</arg>
<doc>Returns the given values which can then be assigned to a variables.</doc>
<status status="PASS" start="2024-07-13T18:18:27.112805" elapsed="0.000405"/>
</kw>
<kw name="Create List" owner="BuiltIn">
<msg time="2024-07-13T18:18:27.113656" level="INFO">${allowed_titles} = ['Mr', 'Ms', 'Miss', 'Mrs', 'Madame', 'Monsieur']</msg>
<var>${allowed_titles}</var>
<arg>Mr</arg>
<arg>Ms</arg>
<arg>Miss</arg>
<arg>Mrs</arg>
<arg>Madame</arg>
<arg>Monsieur</arg>
<doc>Returns a list containing given items.</doc>
<status status="PASS" start="2024-07-13T18:18:27.113508" elapsed="0.000173"/>
</kw>
<kw name="List Should Contain Value" owner="Collections">
<arg>${allowed_titles}</arg>
<arg>${name_title}</arg>
<doc>Fails if the ``value`` is not found from ``list``.</doc>
<status status="PASS" start="2024-07-13T18:18:27.113977" elapsed="0.000176"/>
</kw>
<kw name="Set Variable" owner="BuiltIn">
<msg time="2024-07-13T18:18:27.114757" level="INFO">${name_country} = NL</msg>
<var>${name_country}</var>
<arg>${json_data["results"][0]["nat"]}</arg>
<doc>Returns the given values which can then be assigned to a variables.</doc>
<status status="PASS" start="2024-07-13T18:18:27.114388" elapsed="0.000394"/>
</kw>
<kw name="Create List" owner="BuiltIn">
<msg time="2024-07-13T18:18:27.115673" level="INFO">${list_country} = ['AD', 'AE', 'AF', 'AG', 'AI', 'AL', 'AM', 'AO', 'AQ', 'AR', 'AS', 'AT', 'AU', 'AW', 'AX', 'AZ', 'BA', 'BB', 'BD', 'BE', 'BF', 'BG', 'BH', 'BI', 'BJ', 'BL', 'BM', 'BN', 'BO', 'BQ', 'BR', 'BS', 'BT', '...</msg>
<var>${list_country}</var>
<arg>AD</arg>
<arg>AE</arg>
<arg>AF</arg>
<arg>AG</arg>
<arg>AI</arg>
<arg>AL</arg>
<arg>AM</arg>
<arg>AO</arg>
<arg>AQ</arg>
<arg>AR</arg>
<arg>AS</arg>
<arg>AT</arg>
<arg>AU</arg>
<arg>AW</arg>
<arg>AX</arg>
<arg>AZ</arg>
<arg>BA</arg>
<arg>BB</arg>
<arg>BD</arg>
<arg>BE</arg>
<arg>BF</arg>
<arg>BG</arg>
<arg>BH</arg>
<arg>BI</arg>
<arg>BJ</arg>
<arg>BL</arg>
<arg>BM</arg>
<arg>BN</arg>
<arg>BO</arg>
<arg>BQ</arg>
<arg>BR</arg>
<arg>BS</arg>
<arg>BT</arg>
<arg>BV</arg>
<arg>BW</arg>
<arg>BY</arg>
<arg>BZ</arg>
<arg>CA</arg>
<arg>CC</arg>
<arg>CD</arg>
<arg>CF</arg>
<arg>CG</arg>
<arg>CH</arg>
<arg>CI</arg>
<arg>CK</arg>
<arg>CL</arg>
<arg>CM</arg>
<arg>CN</arg>
<arg>CO</arg>
<arg>CR</arg>
<arg>CU</arg>
<arg>CV</arg>
<arg>CW</arg>
<arg>CX</arg>
<arg>CY</arg>
<arg>CZ</arg>
<arg>DE</arg>
<arg>DJ</arg>
<arg>DK</arg>
<arg>DM</arg>
<arg>DO</arg>
<arg>DZ</arg>
<arg>EC</arg>
<arg>EE</arg>
<arg>EG</arg>
<arg>EH</arg>
<arg>ER</arg>
<arg>ES</arg>
<arg>ET</arg>
<arg>FI</arg>
<arg>FJ</arg>
<arg>FK</arg>
<arg>FM</arg>
<arg>FO</arg>
<arg>FR</arg>
<arg>GA</arg>
<arg>GB</arg>
<arg>GD</arg>
<arg>GE</arg>
<arg>GF</arg>
<arg>GG</arg>
<arg>GH</arg>
<arg>GI</arg>
<arg>GL</arg>
<arg>GM</arg>
<arg>GN</arg>
<arg>GP</arg>
<arg>GQ</arg>
<arg>GR</arg>
<arg>GS</arg>
<arg>GT</arg>
<arg>GU</arg>
<arg>GW</arg>
<arg>GY</arg>
<arg>HK</arg>
<arg>HM</arg>
<arg>HN</arg>
<arg>HR</arg>
<arg>HT</arg>
<arg>HU</arg>
<arg>ID</arg>
<arg>IE</arg>
<arg>IL</arg>
<arg>IM</arg>
<arg>IN</arg>
<arg>IO</arg>
<arg>IQ</arg>
<arg>IR</arg>
<arg>IS</arg>
<arg>IT</arg>
<arg>JE</arg>
<arg>JM</arg>
<arg>JO</arg>
<arg>JP</arg>
<arg>KE</arg>
<arg>KG</arg>
<arg>KH</arg>
<arg>KI</arg>
<arg>KM</arg>
<arg>KN</arg>
<arg>KP</arg>
<arg>KR</arg>
<arg>KW</arg>
<arg>KY</arg>
<arg>KZ</arg>
<arg>LA</arg>
<arg>LB</arg>
<arg>LC</arg>
<arg>LI</arg>
<arg>LK</arg>
<arg>LR</arg>
<arg>LS</arg>
<arg>LT</arg>
<arg>LU</arg>
<arg>LV</arg>
<arg>LY</arg>
<arg>MA</arg>
<arg>MC</arg>
<arg>MD</arg>
<arg>ME</arg>
<arg>MF</arg>
<arg>MG</arg>
<arg>MH</arg>
<arg>MK</arg>
<arg>ML</arg>
<arg>MM</arg>
<arg>MN</arg>
<arg>MO</arg>
<arg>MP</arg>
<arg>MQ</arg>
<arg>MR</arg>
<arg>MS</arg>
<arg>MT</arg>
<arg>MU</arg>
<arg>MV</arg>
<arg>MW</arg>
<arg>MX</arg>
<arg>MY</arg>
<arg>MZ</arg>
<arg>NA</arg>
<arg>NC</arg>
<arg>NE</arg>
<arg>NF</arg>
<arg>NG</arg>
<arg>NI</arg>
<arg>NL</arg>
<arg>NO</arg>
<arg>NP</arg>
<arg>NR</arg>
<arg>NU</arg>
<arg>NZ</arg>
<arg>OM</arg>
<arg>PA</arg>
<arg>PE</arg>
<arg>PF</arg>
<arg>PG</arg>
<arg>PH</arg>
<arg>PK</arg>
<arg>PL</arg>
<arg>PM</arg>
<arg>PN</arg>
<arg>PR</arg>
<arg>PS</arg>
<arg>PT</arg>
<arg>PW</arg>
<arg>PY</arg>
<arg>QA</arg>
<arg>RE</arg>
<arg>RO</arg>
<arg>RS</arg>
<arg>RU</arg>
<arg>RW</arg>
<arg>SA</arg>
<arg>SB</arg>
<arg>SC</arg>
<arg>SD</arg>
<arg>SE</arg>
<arg>SG</arg>
<arg>SH</arg>
<arg>SI</arg>
<arg>SJ</arg>
<arg>SK</arg>
<arg>SL</arg>
<arg>SM</arg>
<arg>SN</arg>
<arg>SO</arg>
<arg>SR</arg>
<arg>SS</arg>
<arg>ST</arg>
<arg>SV</arg>
<arg>SX</arg>
<arg>SY</arg>
<arg>SZ</arg>
<arg>TC</arg>
<arg>TD</arg>
<arg>TF</arg>
<arg>TG</arg>
<arg>TH</arg>
<arg>TJ</arg>
<arg>TK</arg>
<arg>TL</arg>
<arg>TM</arg>
<arg>TN</arg>
<arg>TO</arg>
<arg>TR</arg>
<arg>TT</arg>
<arg>TV</arg>
<arg>TW</arg>
<arg>TZ</arg>
<arg>UA</arg>
<arg>UG</arg>
<arg>UM</arg>
<arg>US</arg>
<arg>UY</arg>
<arg>UZ</arg>
<arg>VA</arg>
<arg>VC</arg>
<arg>VE</arg>
<arg>VG</arg>
<arg>VI</arg>
<arg>VN</arg>
<arg>VU</arg>
<arg>WF</arg>
<arg>WS</arg>
<arg>XK</arg>
<arg>YE</arg>
<arg>YT</arg>
<arg>ZA</arg>
<arg>ZM</arg>
<arg>ZW</arg>
<doc>Returns a list containing given items.</doc>
<status status="PASS" start="2024-07-13T18:18:27.115078" elapsed="0.000620"/>
</kw>
<kw name="List Should Contain Value" owner="Collections">
<arg>${list_country}</arg>
<arg>${name_country}</arg>
<doc>Fails if the ``value`` is not found from ``list``.</doc>
<status status="PASS" start="2024-07-13T18:18:27.116491" elapsed="0.000202"/>
</kw>
<kw name="Run Keyword If" owner="BuiltIn">
<kw name="Should Be True" owner="BuiltIn">
<arg>${True}</arg>
<doc>Fails if the given condition is not true.</doc>
<status status="PASS" start="2024-07-13T18:18:27.117648" elapsed="0.000143"/>
</kw>
<arg>${json_data["results"][0]["location"]["coordinates"]["latitude"]} &gt;= -90 and ${json_data["results"][0]["location"]["coordinates"]["latitude"]} &lt;= 90</arg>
<arg>Should Be True</arg>
<arg>${True}</arg>
<doc>Runs the given keyword with the given arguments, if ``condition`` is true.</doc>
<status status="PASS" start="2024-07-13T18:18:27.116889" elapsed="0.001035"/>
</kw>
<kw name="Run Keyword If" owner="BuiltIn">
<kw name="Should Be True" owner="BuiltIn">
<arg>${True}</arg>
<doc>Fails if the given condition is not true.</doc>
<status status="PASS" start="2024-07-13T18:18:27.118840" elapsed="0.000138"/>
</kw>
<arg>${json_data["results"][0]["location"]["coordinates"]["longitude"]} &gt;= -180 and ${json_data["results"][0]["location"]["coordinates"]["longitude"]} &lt;= 180</arg>
<arg>Should Be True</arg>
<arg>${True}</arg>
<doc>Runs the given keyword with the given arguments, if ``condition`` is true.</doc>
<status status="PASS" start="2024-07-13T18:18:27.118106" elapsed="0.000994"/>
</kw>
<status status="PASS" start="2024-07-13T18:18:27.014372" elapsed="0.104861"/>
</kw>
<doc>Testa o conteúdo específico dos campos retornados pela API.</doc>
<tag>testeConteudo</tag>
<status status="PASS" start="2024-07-13T18:18:27.013788" elapsed="0.105595"/>
</test>
<status status="PASS" start="2024-07-13T18:18:25.964645" elapsed="1.156727"/>
</suite>
<status status="PASS" start="2024-07-13T18:18:25.950244" elapsed="1.176327"/>
</suite>
<statistics>
<total>
<stat pass="5" fail="0" skip="0">All Tests</stat>
</total>
<tag>
<stat pass="1" fail="0" skip="0">testeConteudo</stat>
<stat pass="1" fail="0" skip="0">testeEstruturaResposta</stat>
<stat pass="1" fail="0" skip="0">testeRequisicaoBasica</stat>
<stat pass="1" fail="0" skip="0">testeTiposDados</stat>
</tag>
<suite>
<stat pass="5" fail="0" skip="0" id="s1" name="Tests">Tests</stat>
<stat pass="5" fail="0" skip="0" id="s1-s1" name="Random-User-Test">Tests.Random-User-Test</stat>
</suite>
</statistics>
<errors>
</errors>
</robot>
