<?xml version="1.0" encoding="UTF-8"?>
<robot generator="Robot 7.0.1 (Python 3.12.4 on linux)" generated="2024-06-26T08:19:03.306207" rpa="false" schemaversion="5">
<suite id="s1" name="Tests" source="/home/runner/work/ApiRandomUser/ApiRandomUser/RamdonUser/tests">
<suite id="s1-s1" name="Random-User-Test" source="/home/runner/work/ApiRandomUser/ApiRandomUser/RamdonUser/tests/random-user-test.robot">
<test id="s1-s1-t1" name="Conectar" line="13">
<kw name="Conectar API" owner="random-user-service">
<kw name="Create Session" owner="RequestsLibrary">
<msg time="2024-06-26T08:19:03.725167" level="INFO">Creating Session using : alias=consultarAPI, url=https://randomuser.me/, headers={},                     cookies={}, auth=None, timeout=None, proxies=None, verify=False,                     debug=0 </msg>
<arg>consultarAPI</arg>
<arg>${URL}</arg>
<doc>Create Session: create a HTTP session to a server</doc>
<status status="PASS" start="2024-06-26T08:19:03.724934" elapsed="0.000432"/>
</kw>
<status status="PASS" start="2024-06-26T08:19:03.723952" elapsed="0.001778"/>
</kw>
<status status="PASS" start="2024-06-26T08:19:03.723366" elapsed="0.002561"/>
</test>
<test id="s1-s1-t2" name="Validar retorno 200 e JSON Válido" line="16">
<kw name="Teste de Requisicao Basica" owner="random-user-service">
<kw name="GET On Session" owner="RequestsLibrary">
<msg time="2024-06-26T08:19:04.386158" level="INFO">GET Request : url=https://randomuser.me/api 
 path_url=/api 
 headers={'User-Agent': 'python-requests/2.32.3', 'Accept-Encoding': 'gzip, deflate', 'Accept': '*/*', 'Connection': 'keep-alive'} 
 body=None 
 </msg>
<msg time="2024-06-26T08:19:04.386359" level="INFO">GET Response : url=https://randomuser.me/api 
 status=200, reason=OK 
 headers={'Date': 'Wed, 26 Jun 2024 08:19:04 GMT', 'Content-Type': 'application/json; charset=utf-8', 'Transfer-Encoding': 'chunked', 'Connection': 'keep-alive', 'X-Powered-By': 'Express', 'Access-Control-Allow-Origin': '*', 'Cache-Control': 'no-cache', 'ETag': 'W/"49f-IdLFoZy6k00qlsUkDMuRjn4AMzI"', 'Vary': 'Accept-Encoding', 'Content-Encoding': 'gzip', 'CF-Cache-Status': 'DYNAMIC', 'Report-To': '{"endpoints":[{"url":"https:\\/\\/a.nel.cloudflare.com\\/report\\/v4?s=T%2Frz%2BnLVXM5OqP08Rlt5aG%2Fp1UsAsJuDBV9Z6dbyKF5p8m3qmrk7rQggIMiURSzOX1nw1NGb34lTMHDicCTkYYn3wO5xSdtK8mOCkwT7BBte%2BB1AynIyIRgh%2BBf7k0ea"}],"group":"cf-nel","max_age":604800}', 'NEL': '{"success_fraction":0,"report_to":"cf-nel","max_age":604800}', 'Server': 'cloudflare', 'CF-RAY': '899bc52d7d8cfb2c-SJC', 'alt-svc': 'h3=":443"; ma=86400'} 
 body={"results":[{"gender":"female","name":{"title":"Mrs","first":"Sam","last":"Rivera"},"location":{"street":{"number":6164,"name":"Main Street"},"city":"Nottingham","state":"Fife","country":"United Kingdom","postcode":"C96 9YX","coordinates":{"latitude":"-6.3574","longitude":"154.3062"},"timezone":{"offset":"+11:00","description":"Magadan, Solomon Islands, New Caledonia"}},"email":"sam.rivera@example.com","login":{"uuid":"dcaf9696-cf50-4310-92b6-fd696a775b30","username":"heavyzebra849","password":"qwerty7","salt":"7wbneafj","md5":"f1773c637357b718fcca86b21aed1983","sha1":"aa12231b89821de97cde1157c13e410811be1436","sha256":"7744f14b0a7c5d93bfde54e931692e3b409119daeb15941c785bc29006807207"},"dob":{"date":"1966-01-27T11:18:42.129Z","age":58},"registered":{"date":"2013-11-10T06:32:13.071Z","age":10},"phone":"015396 42916","cell":"07420 977502","id":{"name":"NINO","value":"YW 33 01 99 H"},"picture":{"large":"https://randomuser.me/api/portraits/women/38.jpg","medium":"https://randomuser.me/api/portraits/med/women/38.jpg","thumbnail":"https://randomuser.me/api/portraits/thumb/women/38.jpg"},"nat":"GB"}],"info":{"seed":"5bdc86e813bd4a46","results":1,"page":1,"version":"1.4"}} 
 </msg>
<msg time="2024-06-26T08:19:04.386483" level="INFO">/opt/hostedtoolcache/Python/3.12.4/x64/lib/python3.12/site-packages/urllib3/connectionpool.py:1099: InsecureRequestWarning: Unverified HTTPS request is being made to host 'randomuser.me'. Adding certificate verification is strongly advised. See: https://urllib3.readthedocs.io/en/latest/advanced-usage.html#tls-warnings
  warnings.warn(</msg>
<msg time="2024-06-26T08:19:04.386679" level="INFO">${response} = &lt;Response [200]&gt;</msg>
<var>${response}</var>
<arg>consultarAPI</arg>
<arg>/api</arg>
<doc>Sends a GET request on a previously created HTTP Session.</doc>
<status status="PASS" start="2024-06-26T08:19:03.728520" elapsed="0.658215"/>
</kw>
<kw name="Should Be Equal As Numbers" owner="BuiltIn">
<msg time="2024-06-26T08:19:04.387898" level="INFO">Argument types are:
&lt;class 'int'&gt;
&lt;class 'str'&gt;</msg>
<arg>${response.status_code}</arg>
<arg>200</arg>
<doc>Fails if objects are unequal after converting them to real numbers.</doc>
<status status="PASS" start="2024-06-26T08:19:04.387396" elapsed="0.000567"/>
</kw>
<kw name="Log" owner="BuiltIn">
<msg time="2024-06-26T08:19:04.388621" level="INFO">200</msg>
<arg>${response.status_code}</arg>
<doc>Logs the given message with the given level.</doc>
<status status="PASS" start="2024-06-26T08:19:04.388277" elapsed="0.000385"/>
</kw>
<kw name="Set Variable" owner="BuiltIn">
<msg time="2024-06-26T08:19:04.389415" level="INFO">${json_data} = {'results': [{'gender': 'female', 'name': {'title': 'Mrs', 'first': 'Sam', 'last': 'Rivera'}, 'location': {'street': {'number': 6164, 'name': 'Main Street'}, 'city': 'Nottingham', 'state': 'Fife', 'co...</msg>
<var>${json_data}</var>
<arg>${response.json()}</arg>
<doc>Returns the given values which can then be assigned to a variables.</doc>
<status status="PASS" start="2024-06-26T08:19:04.388955" elapsed="0.000490"/>
</kw>
<kw name="Dictionary Should Contain Key" owner="Collections">
<arg>${json_data}</arg>
<arg>results</arg>
<doc>Fails if ``key`` is not found from ``dictionary``.</doc>
<status status="PASS" start="2024-06-26T08:19:04.389736" elapsed="0.000160"/>
</kw>
<status status="PASS" start="2024-06-26T08:19:03.728266" elapsed="0.661777"/>
</kw>
<doc>Testa se a API responde corretamente e retorna um objeto JSON válido.</doc>
<tag>testeRequisicaoBasica</tag>
<status status="PASS" start="2024-06-26T08:19:03.727792" elapsed="0.662428"/>
</test>
<test id="s1-s1-t3" name="Validar estrutura de resposta" line="22">
<kw name="Teste de Estrutura de Resposta" owner="random-user-service">
<kw name="GET On Session" owner="RequestsLibrary">
<msg time="2024-06-26T08:19:04.678784" level="INFO">GET Request : url=https://randomuser.me/api 
 path_url=/api 
 headers={'User-Agent': 'python-requests/2.32.3', 'Accept-Encoding': 'gzip, deflate', 'Accept': '*/*', 'Connection': 'keep-alive'} 
 body=None 
 </msg>
<msg time="2024-06-26T08:19:04.678889" level="INFO">GET Response : url=https://randomuser.me/api 
 status=200, reason=OK 
 headers={'Date': 'Wed, 26 Jun 2024 08:19:04 GMT', 'Content-Type': 'application/json; charset=utf-8', 'Transfer-Encoding': 'chunked', 'Connection': 'keep-alive', 'X-Powered-By': 'Express', 'Access-Control-Allow-Origin': '*', 'Cache-Control': 'no-cache', 'ETag': 'W/"488-6HCeci8hjMiusHf62vhRINctJs0"', 'Vary': 'Accept-Encoding', 'Content-Encoding': 'gzip', 'CF-Cache-Status': 'DYNAMIC', 'Report-To': '{"endpoints":[{"url":"https:\\/\\/a.nel.cloudflare.com\\/report\\/v4?s=CFp7E5Ktk%2Buw44iRWd2qB8aHqUt0o8nlDtg8hAJQYGFdg3XOl586UDzXIAMy27CUc9OHOT1TJu5cBSkp%2Bo21C%2BM6xI5mmXmO9mdSjcC4FGYnDozpT%2Bz0m5YyFqna%2FyJ6"}],"group":"cf-nel","max_age":604800}', 'NEL': '{"success_fraction":0,"report_to":"cf-nel","max_age":604800}', 'Server': 'cloudflare', 'CF-RAY': '899bc5308fb6fb2c-SJC', 'alt-svc': 'h3=":443"; ma=86400'} 
 body={"results":[{"gender":"male","name":{"title":"Mr","first":"Nikola","last":"Bajević"},"location":{"street":{"number":4446,"name":"Oblačinska"},"city":"Preševo","state":"Prizren","country":"Serbia","postcode":85207,"coordinates":{"latitude":"59.7394","longitude":"-78.2331"},"timezone":{"offset":"-7:00","description":"Mountain Time (US &amp; Canada)"}},"email":"nikola.bajevic@example.com","login":{"uuid":"90279a9d-8805-4b70-911c-7c19d85c26e6","username":"beautifulrabbit524","password":"babybaby","salt":"FGcvREcv","md5":"51d91c04ad88f3da292b7e0263b03caa","sha1":"09a7abb0f9ab11d4eacaca2dcfd65a2b2ec81cd1","sha256":"a835428262d40d4cbc61e35a1b763d435153c4dc2be3e2f65d917bffa7833812"},"dob":{"date":"1988-11-03T10:23:18.501Z","age":35},"registered":{"date":"2004-06-06T10:38:22.957Z","age":20},"phone":"035-3714-937","cell":"062-3137-918","id":{"name":"SID","value":"418522347"},"picture":{"large":"https://randomuser.me/api/portraits/men/60.jpg","medium":"https://randomuser.me/api/portraits/med/men/60.jpg","thumbnail":"https://randomuser.me/api/portraits/thumb/men/60.jpg"},"nat":"RS"}],"info":{"seed":"eedf6751740b6b3a","results":1,"page":1,"version":"1.4"}} 
 </msg>
<msg time="2024-06-26T08:19:04.679018" level="INFO">/opt/hostedtoolcache/Python/3.12.4/x64/lib/python3.12/site-packages/urllib3/connectionpool.py:1099: InsecureRequestWarning: Unverified HTTPS request is being made to host 'randomuser.me'. Adding certificate verification is strongly advised. See: https://urllib3.readthedocs.io/en/latest/advanced-usage.html#tls-warnings
  warnings.warn(</msg>
<msg time="2024-06-26T08:19:04.679149" level="INFO">${response} = &lt;Response [200]&gt;</msg>
<var>${response}</var>
<arg>consultarAPI</arg>
<arg>/api</arg>
<doc>Sends a GET request on a previously created HTTP Session.</doc>
<status status="PASS" start="2024-06-26T08:19:04.392761" elapsed="0.286428"/>
</kw>
<kw name="Set Variable" owner="BuiltIn">
<msg time="2024-06-26T08:19:04.680218" level="INFO">${json_data} = {'results': [{'gender': 'male', 'name': {'title': 'Mr', 'first': 'Nikola', 'last': 'Bajević'}, 'location': {'street': {'number': 4446, 'name': 'Oblačinska'}, 'city': 'Preševo', 'state': 'Prizren', 'co...</msg>
<var>${json_data}</var>
<arg>${response.json()}</arg>
<doc>Returns the given values which can then be assigned to a variables.</doc>
<status status="PASS" start="2024-06-26T08:19:04.679699" elapsed="0.000549"/>
</kw>
<kw name="Log" owner="BuiltIn">
<msg time="2024-06-26T08:19:04.680723" level="INFO">{'results': [{'gender': 'male', 'name': {'title': 'Mr', 'first': 'Nikola', 'last': 'Bajević'}, 'location': {'street': {'number': 4446, 'name': 'Oblačinska'}, 'city': 'Preševo', 'state': 'Prizren', 'country': 'Serbia', 'postcode': 85207, 'coordinates': {'latitude': '59.7394', 'longitude': '-78.2331'}, 'timezone': {'offset': '-7:00', 'description': 'Mountain Time (US &amp; Canada)'}}, 'email': 'nikola.bajevic@example.com', 'login': {'uuid': '90279a9d-8805-4b70-911c-7c19d85c26e6', 'username': 'beautifulrabbit524', 'password': 'babybaby', 'salt': 'FGcvREcv', 'md5': '51d91c04ad88f3da292b7e0263b03caa', 'sha1': '09a7abb0f9ab11d4eacaca2dcfd65a2b2ec81cd1', 'sha256': 'a835428262d40d4cbc61e35a1b763d435153c4dc2be3e2f65d917bffa7833812'}, 'dob': {'date': '1988-11-03T10:23:18.501Z', 'age': 35}, 'registered': {'date': '2004-06-06T10:38:22.957Z', 'age': 20}, 'phone': '035-3714-937', 'cell': '062-3137-918', 'id': {'name': 'SID', 'value': '418522347'}, 'picture': {'large': 'https://randomuser.me/api/portraits/men/60.jpg', 'medium': 'https://randomuser.me/api/portraits/med/men/60.jpg', 'thumbnail': 'https://randomuser.me/api/portraits/thumb/men/60.jpg'}, 'nat': 'RS'}], 'info': {'seed': 'eedf6751740b6b3a', 'results': 1, 'page': 1, 'version': '1.4'}}</msg>
<arg>${json_data}</arg>
<doc>Logs the given message with the given level.</doc>
<status status="PASS" start="2024-06-26T08:19:04.680551" elapsed="0.000223"/>
</kw>
<kw name="Dictionary Should Contain Key" owner="Collections">
<arg>${json_data}</arg>
<arg>results</arg>
<doc>Fails if ``key`` is not found from ``dictionary``.</doc>
<status status="PASS" start="2024-06-26T08:19:04.681096" elapsed="0.000171"/>
</kw>
<kw name="Should Not Be Empty" owner="BuiltIn">
<msg time="2024-06-26T08:19:04.681584" level="INFO">Length is 2.</msg>
<arg>${json_data}</arg>
<doc>Verifies that the given item is not empty.</doc>
<status status="PASS" start="2024-06-26T08:19:04.681450" elapsed="0.000172"/>
</kw>
<kw name="Create List" owner="BuiltIn">
<msg time="2024-06-26T08:19:04.682066" level="INFO">${expected_keys} = ['gender', 'name', 'location', 'email', 'login']</msg>
<var>${expected_keys}</var>
<arg>gender</arg>
<arg>name</arg>
<arg>location</arg>
<arg>email</arg>
<arg>login</arg>
<doc>Returns a list containing given items.</doc>
<status status="PASS" start="2024-06-26T08:19:04.681914" elapsed="0.000176"/>
</kw>
<for flavor="IN">
<iter>
<kw name="Dictionary Should Contain Key" owner="Collections">
<arg>${json_data['results'][0]}</arg>
<arg>${key}</arg>
<doc>Fails if ``key`` is not found from ``dictionary``.</doc>
<status status="PASS" start="2024-06-26T08:19:04.682843" elapsed="0.000402"/>
</kw>
<kw name="Log" owner="BuiltIn">
<msg time="2024-06-26T08:19:04.683806" level="INFO">{'gender': 'male', 'name': {'title': 'Mr', 'first': 'Nikola', 'last': 'Bajević'}, 'location': {'street': {'number': 4446, 'name': 'Oblačinska'}, 'city': 'Preševo', 'state': 'Prizren', 'country': 'Serbia', 'postcode': 85207, 'coordinates': {'latitude': '59.7394', 'longitude': '-78.2331'}, 'timezone': {'offset': '-7:00', 'description': 'Mountain Time (US &amp; Canada)'}}, 'email': 'nikola.bajevic@example.com', 'login': {'uuid': '90279a9d-8805-4b70-911c-7c19d85c26e6', 'username': 'beautifulrabbit524', 'password': 'babybaby', 'salt': 'FGcvREcv', 'md5': '51d91c04ad88f3da292b7e0263b03caa', 'sha1': '09a7abb0f9ab11d4eacaca2dcfd65a2b2ec81cd1', 'sha256': 'a835428262d40d4cbc61e35a1b763d435153c4dc2be3e2f65d917bffa7833812'}, 'dob': {'date': '1988-11-03T10:23:18.501Z', 'age': 35}, 'registered': {'date': '2004-06-06T10:38:22.957Z', 'age': 20}, 'phone': '035-3714-937', 'cell': '062-3137-918', 'id': {'name': 'SID', 'value': '418522347'}, 'picture': {'large': 'https://randomuser.me/api/portraits/men/60.jpg', 'medium': 'https://randomuser.me/api/portraits/med/men/60.jpg', 'thumbnail': 'https://randomuser.me/api/portraits/thumb/men/60.jpg'}, 'nat': 'RS'}</msg>
<arg>${json_data['results'][0]}</arg>
<doc>Logs the given message with the given level.</doc>
<status status="PASS" start="2024-06-26T08:19:04.683441" elapsed="0.000419"/>
</kw>
<kw name="Log" owner="BuiltIn">
<msg time="2024-06-26T08:19:04.684283" level="INFO">gender</msg>
<arg>${key}</arg>
<doc>Logs the given message with the given level.</doc>
<status status="PASS" start="2024-06-26T08:19:04.684157" elapsed="0.000165"/>
</kw>
<var name="${key}">gender</var>
<status status="PASS" start="2024-06-26T08:19:04.682718" elapsed="0.001818"/>
</iter>
<iter>
<kw name="Dictionary Should Contain Key" owner="Collections">
<arg>${json_data['results'][0]}</arg>
<arg>${key}</arg>
<doc>Fails if ``key`` is not found from ``dictionary``.</doc>
<status status="PASS" start="2024-06-26T08:19:04.684832" elapsed="0.000431"/>
</kw>
<kw name="Log" owner="BuiltIn">
<msg time="2024-06-26T08:19:04.685801" level="INFO">{'gender': 'male', 'name': {'title': 'Mr', 'first': 'Nikola', 'last': 'Bajević'}, 'location': {'street': {'number': 4446, 'name': 'Oblačinska'}, 'city': 'Preševo', 'state': 'Prizren', 'country': 'Serbia', 'postcode': 85207, 'coordinates': {'latitude': '59.7394', 'longitude': '-78.2331'}, 'timezone': {'offset': '-7:00', 'description': 'Mountain Time (US &amp; Canada)'}}, 'email': 'nikola.bajevic@example.com', 'login': {'uuid': '90279a9d-8805-4b70-911c-7c19d85c26e6', 'username': 'beautifulrabbit524', 'password': 'babybaby', 'salt': 'FGcvREcv', 'md5': '51d91c04ad88f3da292b7e0263b03caa', 'sha1': '09a7abb0f9ab11d4eacaca2dcfd65a2b2ec81cd1', 'sha256': 'a835428262d40d4cbc61e35a1b763d435153c4dc2be3e2f65d917bffa7833812'}, 'dob': {'date': '1988-11-03T10:23:18.501Z', 'age': 35}, 'registered': {'date': '2004-06-06T10:38:22.957Z', 'age': 20}, 'phone': '035-3714-937', 'cell': '062-3137-918', 'id': {'name': 'SID', 'value': '418522347'}, 'picture': {'large': 'https://randomuser.me/api/portraits/men/60.jpg', 'medium': 'https://randomuser.me/api/portraits/med/men/60.jpg', 'thumbnail': 'https://randomuser.me/api/portraits/thumb/men/60.jpg'}, 'nat': 'RS'}</msg>
<arg>${json_data['results'][0]}</arg>
<doc>Logs the given message with the given level.</doc>
<status status="PASS" start="2024-06-26T08:19:04.685447" elapsed="0.000442"/>
</kw>
<kw name="Log" owner="BuiltIn">
<msg time="2024-06-26T08:19:04.686324" level="INFO">name</msg>
<arg>${key}</arg>
<doc>Logs the given message with the given level.</doc>
<status status="PASS" start="2024-06-26T08:19:04.686191" elapsed="0.000171"/>
</kw>
<var name="${key}">name</var>
<status status="PASS" start="2024-06-26T08:19:04.684721" elapsed="0.001854"/>
</iter>
<iter>
<kw name="Dictionary Should Contain Key" owner="Collections">
<arg>${json_data['results'][0]}</arg>
<arg>${key}</arg>
<doc>Fails if ``key`` is not found from ``dictionary``.</doc>
<status status="PASS" start="2024-06-26T08:19:04.686856" elapsed="0.000375"/>
</kw>
<kw name="Log" owner="BuiltIn">
<msg time="2024-06-26T08:19:04.687763" level="INFO">{'gender': 'male', 'name': {'title': 'Mr', 'first': 'Nikola', 'last': 'Bajević'}, 'location': {'street': {'number': 4446, 'name': 'Oblačinska'}, 'city': 'Preševo', 'state': 'Prizren', 'country': 'Serbia', 'postcode': 85207, 'coordinates': {'latitude': '59.7394', 'longitude': '-78.2331'}, 'timezone': {'offset': '-7:00', 'description': 'Mountain Time (US &amp; Canada)'}}, 'email': 'nikola.bajevic@example.com', 'login': {'uuid': '90279a9d-8805-4b70-911c-7c19d85c26e6', 'username': 'beautifulrabbit524', 'password': 'babybaby', 'salt': 'FGcvREcv', 'md5': '51d91c04ad88f3da292b7e0263b03caa', 'sha1': '09a7abb0f9ab11d4eacaca2dcfd65a2b2ec81cd1', 'sha256': 'a835428262d40d4cbc61e35a1b763d435153c4dc2be3e2f65d917bffa7833812'}, 'dob': {'date': '1988-11-03T10:23:18.501Z', 'age': 35}, 'registered': {'date': '2004-06-06T10:38:22.957Z', 'age': 20}, 'phone': '035-3714-937', 'cell': '062-3137-918', 'id': {'name': 'SID', 'value': '418522347'}, 'picture': {'large': 'https://randomuser.me/api/portraits/men/60.jpg', 'medium': 'https://randomuser.me/api/portraits/med/men/60.jpg', 'thumbnail': 'https://randomuser.me/api/portraits/thumb/men/60.jpg'}, 'nat': 'RS'}</msg>
<arg>${json_data['results'][0]}</arg>
<doc>Logs the given message with the given level.</doc>
<status status="PASS" start="2024-06-26T08:19:04.687412" elapsed="0.000403"/>
</kw>
<kw name="Log" owner="BuiltIn">
<msg time="2024-06-26T08:19:04.688235" level="INFO">location</msg>
<arg>${key}</arg>
<doc>Logs the given message with the given level.</doc>
<status status="PASS" start="2024-06-26T08:19:04.688109" elapsed="0.000162"/>
</kw>
<var name="${key}">location</var>
<status status="PASS" start="2024-06-26T08:19:04.686750" elapsed="0.001734"/>
</iter>
<iter>
<kw name="Dictionary Should Contain Key" owner="Collections">
<arg>${json_data['results'][0]}</arg>
<arg>${key}</arg>
<doc>Fails if ``key`` is not found from ``dictionary``.</doc>
<status status="PASS" start="2024-06-26T08:19:04.688758" elapsed="0.000405"/>
</kw>
<kw name="Log" owner="BuiltIn">
<msg time="2024-06-26T08:19:04.689697" level="INFO">{'gender': 'male', 'name': {'title': 'Mr', 'first': 'Nikola', 'last': 'Bajević'}, 'location': {'street': {'number': 4446, 'name': 'Oblačinska'}, 'city': 'Preševo', 'state': 'Prizren', 'country': 'Serbia', 'postcode': 85207, 'coordinates': {'latitude': '59.7394', 'longitude': '-78.2331'}, 'timezone': {'offset': '-7:00', 'description': 'Mountain Time (US &amp; Canada)'}}, 'email': 'nikola.bajevic@example.com', 'login': {'uuid': '90279a9d-8805-4b70-911c-7c19d85c26e6', 'username': 'beautifulrabbit524', 'password': 'babybaby', 'salt': 'FGcvREcv', 'md5': '51d91c04ad88f3da292b7e0263b03caa', 'sha1': '09a7abb0f9ab11d4eacaca2dcfd65a2b2ec81cd1', 'sha256': 'a835428262d40d4cbc61e35a1b763d435153c4dc2be3e2f65d917bffa7833812'}, 'dob': {'date': '1988-11-03T10:23:18.501Z', 'age': 35}, 'registered': {'date': '2004-06-06T10:38:22.957Z', 'age': 20}, 'phone': '035-3714-937', 'cell': '062-3137-918', 'id': {'name': 'SID', 'value': '418522347'}, 'picture': {'large': 'https://randomuser.me/api/portraits/men/60.jpg', 'medium': 'https://randomuser.me/api/portraits/med/men/60.jpg', 'thumbnail': 'https://randomuser.me/api/portraits/thumb/men/60.jpg'}, 'nat': 'RS'}</msg>
<arg>${json_data['results'][0]}</arg>
<doc>Logs the given message with the given level.</doc>
<status status="PASS" start="2024-06-26T08:19:04.689345" elapsed="0.000403"/>
</kw>
<kw name="Log" owner="BuiltIn">
<msg time="2024-06-26T08:19:04.690178" level="INFO">email</msg>
<arg>${key}</arg>
<doc>Logs the given message with the given level.</doc>
<status status="PASS" start="2024-06-26T08:19:04.690050" elapsed="0.000168"/>
</kw>
<var name="${key}">email</var>
<status status="PASS" start="2024-06-26T08:19:04.688651" elapsed="0.001786"/>
</iter>
<iter>
<kw name="Dictionary Should Contain Key" owner="Collections">
<arg>${json_data['results'][0]}</arg>
<arg>${key}</arg>
<doc>Fails if ``key`` is not found from ``dictionary``.</doc>
<status status="PASS" start="2024-06-26T08:19:04.690712" elapsed="0.000380"/>
</kw>
<kw name="Log" owner="BuiltIn">
<msg time="2024-06-26T08:19:04.691628" level="INFO">{'gender': 'male', 'name': {'title': 'Mr', 'first': 'Nikola', 'last': 'Bajević'}, 'location': {'street': {'number': 4446, 'name': 'Oblačinska'}, 'city': 'Preševo', 'state': 'Prizren', 'country': 'Serbia', 'postcode': 85207, 'coordinates': {'latitude': '59.7394', 'longitude': '-78.2331'}, 'timezone': {'offset': '-7:00', 'description': 'Mountain Time (US &amp; Canada)'}}, 'email': 'nikola.bajevic@example.com', 'login': {'uuid': '90279a9d-8805-4b70-911c-7c19d85c26e6', 'username': 'beautifulrabbit524', 'password': 'babybaby', 'salt': 'FGcvREcv', 'md5': '51d91c04ad88f3da292b7e0263b03caa', 'sha1': '09a7abb0f9ab11d4eacaca2dcfd65a2b2ec81cd1', 'sha256': 'a835428262d40d4cbc61e35a1b763d435153c4dc2be3e2f65d917bffa7833812'}, 'dob': {'date': '1988-11-03T10:23:18.501Z', 'age': 35}, 'registered': {'date': '2004-06-06T10:38:22.957Z', 'age': 20}, 'phone': '035-3714-937', 'cell': '062-3137-918', 'id': {'name': 'SID', 'value': '418522347'}, 'picture': {'large': 'https://randomuser.me/api/portraits/men/60.jpg', 'medium': 'https://randomuser.me/api/portraits/med/men/60.jpg', 'thumbnail': 'https://randomuser.me/api/portraits/thumb/men/60.jpg'}, 'nat': 'RS'}</msg>
<arg>${json_data['results'][0]}</arg>
<doc>Logs the given message with the given level.</doc>
<status status="PASS" start="2024-06-26T08:19:04.691272" elapsed="0.000409"/>
</kw>
<kw name="Log" owner="BuiltIn">
<msg time="2024-06-26T08:19:04.692113" level="INFO">login</msg>
<arg>${key}</arg>
<doc>Logs the given message with the given level.</doc>
<status status="PASS" start="2024-06-26T08:19:04.691975" elapsed="0.000176"/>
</kw>
<var name="${key}">login</var>
<status status="PASS" start="2024-06-26T08:19:04.690605" elapsed="0.001760"/>
</iter>
<var>${key}</var>
<value>@{expected_keys}</value>
<status status="PASS" start="2024-06-26T08:19:04.682517" elapsed="0.009969"/>
</for>
<kw name="Create List" owner="BuiltIn">
<msg time="2024-06-26T08:19:04.692819" level="INFO">${expected_keysTwo} = ['username', 'password']</msg>
<var>${expected_keysTwo}</var>
<arg>username</arg>
<arg>password</arg>
<doc>Returns a list containing given items.</doc>
<status status="PASS" start="2024-06-26T08:19:04.692677" elapsed="0.000194"/>
</kw>
<for flavor="IN">
<iter>
<kw name="Dictionary Should Contain Key" owner="Collections">
<arg>${json_data['results'][0]['login']}</arg>
<arg>${keyTwo}</arg>
<doc>Fails if ``key`` is not found from ``dictionary``.</doc>
<status status="PASS" start="2024-06-26T08:19:04.693401" elapsed="0.000399"/>
</kw>
<kw name="Dictionary Should Contain Key" owner="Collections">
<arg>${json_data['results'][0]['login']}</arg>
<arg>${keyTwo}</arg>
<doc>Fails if ``key`` is not found from ``dictionary``.</doc>
<status status="PASS" start="2024-06-26T08:19:04.693981" elapsed="0.000384"/>
</kw>
<kw name="Log" owner="BuiltIn">
<msg time="2024-06-26T08:19:04.694671" level="INFO">username</msg>
<arg>${keyTwo}</arg>
<doc>Logs the given message with the given level.</doc>
<status status="PASS" start="2024-06-26T08:19:04.694550" elapsed="0.000159"/>
</kw>
<var name="${keyTwo}">username</var>
<status status="PASS" start="2024-06-26T08:19:04.693289" elapsed="0.001638"/>
</iter>
<iter>
<kw name="Dictionary Should Contain Key" owner="Collections">
<arg>${json_data['results'][0]['login']}</arg>
<arg>${keyTwo}</arg>
<doc>Fails if ``key`` is not found from ``dictionary``.</doc>
<status status="PASS" start="2024-06-26T08:19:04.695206" elapsed="0.000383"/>
</kw>
<kw name="Dictionary Should Contain Key" owner="Collections">
<arg>${json_data['results'][0]['login']}</arg>
<arg>${keyTwo}</arg>
<doc>Fails if ``key`` is not found from ``dictionary``.</doc>
<status status="PASS" start="2024-06-26T08:19:04.695767" elapsed="0.000365"/>
</kw>
<kw name="Log" owner="BuiltIn">
<msg time="2024-06-26T08:19:04.696433" level="INFO">password</msg>
<arg>${keyTwo}</arg>
<doc>Logs the given message with the given level.</doc>
<status status="PASS" start="2024-06-26T08:19:04.696316" elapsed="0.000159"/>
</kw>
<var name="${keyTwo}">password</var>
<status status="PASS" start="2024-06-26T08:19:04.695096" elapsed="0.001598"/>
</iter>
<var>${keyTwo}</var>
<value>@{expected_keysTwo}</value>
<status status="PASS" start="2024-06-26T08:19:04.693132" elapsed="0.003683"/>
</for>
<status status="PASS" start="2024-06-26T08:19:04.392531" elapsed="0.304426"/>
</kw>
<doc>Testa a estrutura da resposta da API.</doc>
<tag>testeEstruturaResposta</tag>
<status status="PASS" start="2024-06-26T08:19:04.392019" elapsed="0.305122"/>
</test>
<test id="s1-s1-t4" name="Validar tipos de dados" line="28">
<kw name="Teste de Tipos de Dados" owner="random-user-service">
<kw name="GET On Session" owner="RequestsLibrary">
<msg time="2024-06-26T08:19:04.871166" level="INFO">GET Request : url=https://randomuser.me/api 
 path_url=/api 
 headers={'User-Agent': 'python-requests/2.32.3', 'Accept-Encoding': 'gzip, deflate', 'Accept': '*/*', 'Connection': 'keep-alive'} 
 body=None 
 </msg>
<msg time="2024-06-26T08:19:04.871263" level="INFO">GET Response : url=https://randomuser.me/api 
 status=200, reason=OK 
 headers={'Date': 'Wed, 26 Jun 2024 08:19:04 GMT', 'Content-Type': 'application/json; charset=utf-8', 'Transfer-Encoding': 'chunked', 'Connection': 'keep-alive', 'X-Powered-By': 'Express', 'Access-Control-Allow-Origin': '*', 'Cache-Control': 'no-cache', 'ETag': 'W/"49f-kLna6WHIUHrvR6K4ZhlkIFvqcxk"', 'Vary': 'Accept-Encoding', 'Content-Encoding': 'gzip', 'CF-Cache-Status': 'DYNAMIC', 'Report-To': '{"endpoints":[{"url":"https:\\/\\/a.nel.cloudflare.com\\/report\\/v4?s=faKrSWmGeZu0Hfy%2BwT2OnOaaGEoQuY7ui8bF1CpRUsOIhFWHRxfRHAFd0G9dAzJw35Ty8fjHGeJq%2FrVuNHuo3MgzBHK765REcFX%2BdzQ07ASt%2FQ1MEhD6wTF6Fs0N%2FdW0"}],"group":"cf-nel","max_age":604800}', 'NEL': '{"success_fraction":0,"report_to":"cf-nel","max_age":604800}', 'Server': 'cloudflare', 'CF-RAY': '899bc532690afb2c-SJC', 'alt-svc': 'h3=":443"; ma=86400'} 
 body={"results":[{"gender":"male","name":{"title":"Mr","first":"Nebojša","last":"Anđelković"},"location":{"street":{"number":122,"name":"Milana Mijatovića "},"city":"Trgovište","state":"West Bačka","country":"Serbia","postcode":42912,"coordinates":{"latitude":"58.2547","longitude":"-170.3361"},"timezone":{"offset":"+10:00","description":"Eastern Australia, Guam, Vladivostok"}},"email":"nebojsa.andelkovic@example.com","login":{"uuid":"80e08df5-8c77-4a17-9541-5ec98a03dcb3","username":"crazycat431","password":"films","salt":"IWBEPfBv","md5":"44d2144bca72df60d9de282fe715e206","sha1":"5247659b330c033b108e11d0409a39a9abdbe345","sha256":"f7fa21265fd32f6ac93745932491f961302e56520db1994e9166304fbc52d252"},"dob":{"date":"1997-04-04T02:53:59.318Z","age":27},"registered":{"date":"2018-04-03T02:55:49.171Z","age":6},"phone":"026-0287-725","cell":"067-2806-429","id":{"name":"SID","value":"888267676"},"picture":{"large":"https://randomuser.me/api/portraits/men/59.jpg","medium":"https://randomuser.me/api/portraits/med/men/59.jpg","thumbnail":"https://randomuser.me/api/portraits/thumb/men/59.jpg"},"nat":"RS"}],"info":{"seed":"055c25b87e145e58","results":1,"page":1,"version":"1.4"}} 
 </msg>
<msg time="2024-06-26T08:19:04.871338" level="INFO">/opt/hostedtoolcache/Python/3.12.4/x64/lib/python3.12/site-packages/urllib3/connectionpool.py:1099: InsecureRequestWarning: Unverified HTTPS request is being made to host 'randomuser.me'. Adding certificate verification is strongly advised. See: https://urllib3.readthedocs.io/en/latest/advanced-usage.html#tls-warnings
  warnings.warn(</msg>
<msg time="2024-06-26T08:19:04.871456" level="INFO">${response} = &lt;Response [200]&gt;</msg>
<var>${response}</var>
<arg>consultarAPI</arg>
<arg>/api</arg>
<doc>Sends a GET request on a previously created HTTP Session.</doc>
<status status="PASS" start="2024-06-26T08:19:04.699686" elapsed="0.171800"/>
</kw>
<kw name="Set Variable" owner="BuiltIn">
<msg time="2024-06-26T08:19:04.872535" level="INFO">${json_data} = {'results': [{'gender': 'male', 'name': {'title': 'Mr', 'first': 'Nebojša', 'last': 'Anđelković'}, 'location': {'street': {'number': 122, 'name': 'Milana Mijatovića '}, 'city': 'Trgovište', 'state': '...</msg>
<var>${json_data}</var>
<arg>${response.json()}</arg>
<doc>Returns the given values which can then be assigned to a variables.</doc>
<status status="PASS" start="2024-06-26T08:19:04.872001" elapsed="0.000565"/>
</kw>
<kw name="Log" owner="BuiltIn">
<msg time="2024-06-26T08:19:04.873036" level="INFO">{'results': [{'gender': 'male', 'name': {'title': 'Mr', 'first': 'Nebojša', 'last': 'Anđelković'}, 'location': {'street': {'number': 122, 'name': 'Milana Mijatovića '}, 'city': 'Trgovište', 'state': 'West Bačka', 'country': 'Serbia', 'postcode': 42912, 'coordinates': {'latitude': '58.2547', 'longitude': '-170.3361'}, 'timezone': {'offset': '+10:00', 'description': 'Eastern Australia, Guam, Vladivostok'}}, 'email': 'nebojsa.andelkovic@example.com', 'login': {'uuid': '80e08df5-8c77-4a17-9541-5ec98a03dcb3', 'username': 'crazycat431', 'password': 'films', 'salt': 'IWBEPfBv', 'md5': '44d2144bca72df60d9de282fe715e206', 'sha1': '5247659b330c033b108e11d0409a39a9abdbe345', 'sha256': 'f7fa21265fd32f6ac93745932491f961302e56520db1994e9166304fbc52d252'}, 'dob': {'date': '1997-04-04T02:53:59.318Z', 'age': 27}, 'registered': {'date': '2018-04-03T02:55:49.171Z', 'age': 6}, 'phone': '026-0287-725', 'cell': '067-2806-429', 'id': {'name': 'SID', 'value': '888267676'}, 'picture': {'large': 'https://randomuser.me/api/portraits/men/59.jpg', 'medium': 'https://randomuser.me/api/portraits/med/men/59.jpg', 'thumbnail': 'https://randomuser.me/api/portraits/thumb/men/59.jpg'}, 'nat': 'RS'}], 'info': {'seed': '055c25b87e145e58', 'results': 1, 'page': 1, 'version': '1.4'}}</msg>
<arg>${json_data}</arg>
<doc>Logs the given message with the given level.</doc>
<status status="PASS" start="2024-06-26T08:19:04.872877" elapsed="0.000245"/>
</kw>
<kw name="Should Be String" owner="String">
<arg>${json_data['results'][0]['gender']}</arg>
<doc>Fails if the given ``item`` is not a string.</doc>
<status status="PASS" start="2024-06-26T08:19:04.873430" elapsed="0.000363"/>
</kw>
<kw name="Should Match Regexp" owner="BuiltIn">
<arg>${json_data['results'][0]['email']}</arg>
<arg>^[a-zA-Z0-9._%+-]+@[a-zA-Z0-9.-]+\.[a-zA-Z]{2,}$</arg>
<doc>Fails if ``string`` does not match ``pattern`` as a regular expression.</doc>
<status status="PASS" start="2024-06-26T08:19:04.873980" elapsed="0.000522"/>
</kw>
<kw name="Should Match Regexp" owner="BuiltIn">
<arg>${json_data['results'][0]['dob']['date']}</arg>
<arg>\\d{4}-\\d{2}-\\d{2}T\\d{2}:\\d{2}:\\d{2}\\.\\d{3}Z</arg>
<doc>Fails if ``string`` does not match ``pattern`` as a regular expression.</doc>
<status status="PASS" start="2024-06-26T08:19:04.874731" elapsed="0.000482"/>
</kw>
<kw name="Should Match Regexp" owner="BuiltIn">
<arg>${json_data['results'][0]['registered']['date']}</arg>
<arg>\\d{4}-\\d{2}-\\d{2}T\\d{2}:\\d{2}:\\d{2}\\.\\d{3}Z</arg>
<doc>Fails if ``string`` does not match ``pattern`` as a regular expression.</doc>
<status status="PASS" start="2024-06-26T08:19:04.875399" elapsed="0.000385"/>
</kw>
<kw name="Should Match Regexp" owner="BuiltIn">
<arg>${json_data['results'][0]['picture']['large']}</arg>
<arg>^https?://.*\.(?:png|jpe?g|gif|bmp)$</arg>
<doc>Fails if ``string`` does not match ``pattern`` as a regular expression.</doc>
<status status="PASS" start="2024-06-26T08:19:04.875968" elapsed="0.000455"/>
</kw>
<kw name="Should Match Regexp" owner="BuiltIn">
<arg>${json_data['results'][0]['picture']['medium']}</arg>
<arg>^https?://.*\.(?:png|jpe?g|gif|bmp)$</arg>
<doc>Fails if ``string`` does not match ``pattern`` as a regular expression.</doc>
<status status="PASS" start="2024-06-26T08:19:04.876611" elapsed="0.000348"/>
</kw>
<kw name="Should Match Regexp" owner="BuiltIn">
<arg>${json_data['results'][0]['picture']['thumbnail']}</arg>
<arg>^https?://.*\.(?:png|jpe?g|gif|bmp)$</arg>
<doc>Fails if ``string`` does not match ``pattern`` as a regular expression.</doc>
<status status="PASS" start="2024-06-26T08:19:04.877168" elapsed="0.000366"/>
</kw>
<kw name="Log" owner="BuiltIn">
<msg time="2024-06-26T08:19:04.878105" level="INFO">{'large': 'https://randomuser.me/api/portraits/men/59.jpg', 'medium': 'https://randomuser.me/api/portraits/med/men/59.jpg', 'thumbnail': 'https://randomuser.me/api/portraits/thumb/men/59.jpg'}</msg>
<arg>${json_data['results'][0]['picture']}</arg>
<doc>Logs the given message with the given level.</doc>
<status status="PASS" start="2024-06-26T08:19:04.877725" elapsed="0.000425"/>
</kw>
<status status="PASS" start="2024-06-26T08:19:04.699458" elapsed="0.178964"/>
</kw>
<kw name="Teste de Tipos de Dados - Postcode" owner="random-user-service">
<kw name="GET On Session" owner="RequestsLibrary">
<msg time="2024-06-26T08:19:04.970893" level="INFO">GET Request : url=https://randomuser.me/api 
 path_url=/api 
 headers={'User-Agent': 'python-requests/2.32.3', 'Accept-Encoding': 'gzip, deflate', 'Accept': '*/*', 'Connection': 'keep-alive'} 
 body=None 
 </msg>
<msg time="2024-06-26T08:19:04.971001" level="INFO">GET Response : url=https://randomuser.me/api 
 status=200, reason=OK 
 headers={'Date': 'Wed, 26 Jun 2024 08:19:04 GMT', 'Content-Type': 'application/json; charset=utf-8', 'Transfer-Encoding': 'chunked', 'Connection': 'keep-alive', 'X-Powered-By': 'Express', 'Access-Control-Allow-Origin': '*', 'Cache-Control': 'no-cache', 'ETag': 'W/"48c-w2qqlFS9FFnNh4vFUft0ropPHNM"', 'Vary': 'Accept-Encoding', 'Content-Encoding': 'gzip', 'CF-Cache-Status': 'DYNAMIC', 'Report-To': '{"endpoints":[{"url":"https:\\/\\/a.nel.cloudflare.com\\/report\\/v4?s=qZ4eyF2Sjjuhe592uORCJogMDfRUMl6R8JMSXF%2FLf%2Fej1jjzo1irREgk2Wy%2FEE8OmY4rpbL1M06lQ%2Fc9qtr54odQzLSnohB9B%2BzWWOGSPBioNW%2Bp7I2TcZi%2Fcd9wFZKF"}],"group":"cf-nel","max_age":604800}', 'NEL': '{"success_fraction":0,"report_to":"cf-nel","max_age":604800}', 'Server': 'cloudflare', 'CF-RAY': '899bc53389d6fb2c-SJC', 'alt-svc': 'h3=":443"; ma=86400'} 
 body={"results":[{"gender":"male","name":{"title":"Mr","first":"Priam","last":"Silveira"},"location":{"street":{"number":361,"name":"Rua Dezenove de Outubro"},"city":"Formosa","state":"Rio de Janeiro","country":"Brazil","postcode":41935,"coordinates":{"latitude":"-74.5304","longitude":"-46.8058"},"timezone":{"offset":"-10:00","description":"Hawaii"}},"email":"priam.silveira@example.com","login":{"uuid":"ce1045a5-eb5d-466e-9b33-6c068e9fa64a","username":"brownelephant478","password":"randolph","salt":"5Sw2Ax3J","md5":"220ce86ab4672e8329d3300d112d8c4d","sha1":"d1f942583b008611072c974a5b52747eac4f227c","sha256":"a2225da974e118907986d9507276683062a0244a766528c49cc2690877b8b84d"},"dob":{"date":"1987-11-20T08:45:50.191Z","age":36},"registered":{"date":"2002-09-28T02:05:15.080Z","age":21},"phone":"(58) 5964-2669","cell":"(25) 0426-1056","id":{"name":"CPF","value":"043.954.829-45"},"picture":{"large":"https://randomuser.me/api/portraits/men/40.jpg","medium":"https://randomuser.me/api/portraits/med/men/40.jpg","thumbnail":"https://randomuser.me/api/portraits/thumb/men/40.jpg"},"nat":"BR"}],"info":{"seed":"86a22273e571ca8b","results":1,"page":1,"version":"1.4"}} 
 </msg>
<msg time="2024-06-26T08:19:04.971084" level="INFO">/opt/hostedtoolcache/Python/3.12.4/x64/lib/python3.12/site-packages/urllib3/connectionpool.py:1099: InsecureRequestWarning: Unverified HTTPS request is being made to host 'randomuser.me'. Adding certificate verification is strongly advised. See: https://urllib3.readthedocs.io/en/latest/advanced-usage.html#tls-warnings
  warnings.warn(</msg>
<msg time="2024-06-26T08:19:04.971220" level="INFO">${response} = &lt;Response [200]&gt;</msg>
<var>${response}</var>
<arg>consultarAPI</arg>
<arg>/api</arg>
<doc>Sends a GET request on a previously created HTTP Session.</doc>
<status status="PASS" start="2024-06-26T08:19:04.878886" elapsed="0.092367"/>
</kw>
<kw name="Set Variable" owner="BuiltIn">
<msg time="2024-06-26T08:19:04.972313" level="INFO">${json_data} = {'results': [{'gender': 'male', 'name': {'title': 'Mr', 'first': 'Priam', 'last': 'Silveira'}, 'location': {'street': {'number': 361, 'name': 'Rua Dezenove de Outubro'}, 'city': 'Formosa', 'state': 'R...</msg>
<var>${json_data}</var>
<arg>${response.json()}</arg>
<doc>Returns the given values which can then be assigned to a variables.</doc>
<status status="PASS" start="2024-06-26T08:19:04.971805" elapsed="0.000538"/>
</kw>
<kw name="Log" owner="BuiltIn">
<msg time="2024-06-26T08:19:04.972797" level="INFO">{'results': [{'gender': 'male', 'name': {'title': 'Mr', 'first': 'Priam', 'last': 'Silveira'}, 'location': {'street': {'number': 361, 'name': 'Rua Dezenove de Outubro'}, 'city': 'Formosa', 'state': 'Rio de Janeiro', 'country': 'Brazil', 'postcode': 41935, 'coordinates': {'latitude': '-74.5304', 'longitude': '-46.8058'}, 'timezone': {'offset': '-10:00', 'description': 'Hawaii'}}, 'email': 'priam.silveira@example.com', 'login': {'uuid': 'ce1045a5-eb5d-466e-9b33-6c068e9fa64a', 'username': 'brownelephant478', 'password': 'randolph', 'salt': '5Sw2Ax3J', 'md5': '220ce86ab4672e8329d3300d112d8c4d', 'sha1': 'd1f942583b008611072c974a5b52747eac4f227c', 'sha256': 'a2225da974e118907986d9507276683062a0244a766528c49cc2690877b8b84d'}, 'dob': {'date': '1987-11-20T08:45:50.191Z', 'age': 36}, 'registered': {'date': '2002-09-28T02:05:15.080Z', 'age': 21}, 'phone': '(58) 5964-2669', 'cell': '(25) 0426-1056', 'id': {'name': 'CPF', 'value': '043.954.829-45'}, 'picture': {'large': 'https://randomuser.me/api/portraits/men/40.jpg', 'medium': 'https://randomuser.me/api/portraits/med/men/40.jpg', 'thumbnail': 'https://randomuser.me/api/portraits/thumb/men/40.jpg'}, 'nat': 'BR'}], 'info': {'seed': '86a22273e571ca8b', 'results': 1, 'page': 1, 'version': '1.4'}}</msg>
<arg>${json_data}</arg>
<doc>Logs the given message with the given level.</doc>
<status status="PASS" start="2024-06-26T08:19:04.972645" elapsed="0.000198"/>
</kw>
<kw name="Should Be Equal As Numbers" owner="BuiltIn">
<arg>${json_data['results'][0]['location']['postcode']}</arg>
<arg>${json_data['results'][0]['location']['postcode']}</arg>
<doc>Fails if objects are unequal after converting them to real numbers.</doc>
<status status="PASS" start="2024-06-26T08:19:04.973166" elapsed="0.000647"/>
</kw>
<kw name="Log" owner="BuiltIn">
<msg time="2024-06-26T08:19:04.974333" level="INFO">41935</msg>
<arg>${json_data['results'][0]['location']['postcode']}</arg>
<doc>Logs the given message with the given level.</doc>
<status status="PASS" start="2024-06-26T08:19:04.974001" elapsed="0.000372"/>
</kw>
<status status="PASS" start="2024-06-26T08:19:04.878651" elapsed="0.096012"/>
</kw>
<doc>Testa se os tipos de dados na resposta da API estão corretos.</doc>
<tag>testeTiposDados</tag>
<status status="PASS" start="2024-06-26T08:19:04.698911" elapsed="0.275918"/>
</test>
<test id="s1-s1-t5" name="Validar conteudo" line="35">
<kw name="Teste de Tipos de Conteudo" owner="random-user-service">
<kw name="GET On Session" owner="RequestsLibrary">
<msg time="2024-06-26T08:19:05.187860" level="INFO">GET Request : url=https://randomuser.me/api 
 path_url=/api 
 headers={'User-Agent': 'python-requests/2.32.3', 'Accept-Encoding': 'gzip, deflate', 'Accept': '*/*', 'Connection': 'keep-alive'} 
 body=None 
 </msg>
<msg time="2024-06-26T08:19:05.187956" level="INFO">GET Response : url=https://randomuser.me/api 
 status=200, reason=OK 
 headers={'Date': 'Wed, 26 Jun 2024 08:19:05 GMT', 'Content-Type': 'application/json; charset=utf-8', 'Transfer-Encoding': 'chunked', 'Connection': 'keep-alive', 'X-Powered-By': 'Express', 'Access-Control-Allow-Origin': '*', 'Cache-Control': 'no-cache', 'ETag': 'W/"492-4o3ZptpmXD1qy6rSAWH9p1dbbuk"', 'Vary': 'Accept-Encoding', 'Content-Encoding': 'gzip', 'CF-Cache-Status': 'DYNAMIC', 'Report-To': '{"endpoints":[{"url":"https:\\/\\/a.nel.cloudflare.com\\/report\\/v4?s=RL01HzwQP98HQ75a35xdZ3fXu8kbWQjzjZ10szHwEJjIbpp9W2FKMny9VZDVuaFpA6bHJnWRHer9GTVN3aiQS9nl1V%2BGi43f0517W%2BjgYoYZ6tg3i4VZdPTxbfow5sUz"}],"group":"cf-nel","max_age":604800}', 'NEL': '{"success_fraction":0,"report_to":"cf-nel","max_age":604800}', 'Server': 'cloudflare', 'CF-RAY': '899bc5342a63fb2c-SJC', 'alt-svc': 'h3=":443"; ma=86400'} 
 body={"results":[{"gender":"male","name":{"title":"Monsieur","first":"Fritz","last":"Lacroix"},"location":{"street":{"number":6797,"name":"Rue Dugas-Montbel"},"city":"Gersau","state":"Valais","country":"Switzerland","postcode":2543,"coordinates":{"latitude":"-57.9956","longitude":"-9.0318"},"timezone":{"offset":"-1:00","description":"Azores, Cape Verde Islands"}},"email":"fritz.lacroix@example.com","login":{"uuid":"576ad5d3-81a9-453f-9910-9e1e255aad4f","username":"bigbear651","password":"moonshin","salt":"IhMJwo8t","md5":"378f95a22b6f369ca2d9947deea7bbc4","sha1":"c400afd3a121889e8accd4f60eee5e3593758246","sha256":"307bf0bd757a036d54c216f318d8d3bad4d77dddefd566a98c9a1017ae4236de"},"dob":{"date":"1994-09-14T21:07:42.044Z","age":29},"registered":{"date":"2004-05-08T06:51:09.818Z","age":20},"phone":"076 366 82 94","cell":"077 351 41 50","id":{"name":"AVS","value":"756.9450.6675.73"},"picture":{"large":"https://randomuser.me/api/portraits/men/87.jpg","medium":"https://randomuser.me/api/portraits/med/men/87.jpg","thumbnail":"https://randomuser.me/api/portraits/thumb/men/87.jpg"},"nat":"CH"}],"info":{"seed":"b1bbfb1da790b329","results":1,"page":1,"version":"1.4"}} 
 </msg>
<msg time="2024-06-26T08:19:05.188044" level="INFO">/opt/hostedtoolcache/Python/3.12.4/x64/lib/python3.12/site-packages/urllib3/connectionpool.py:1099: InsecureRequestWarning: Unverified HTTPS request is being made to host 'randomuser.me'. Adding certificate verification is strongly advised. See: https://urllib3.readthedocs.io/en/latest/advanced-usage.html#tls-warnings
  warnings.warn(</msg>
<msg time="2024-06-26T08:19:05.188178" level="INFO">${response} = &lt;Response [200]&gt;</msg>
<var>${response}</var>
<arg>consultarAPI</arg>
<arg>/api</arg>
<doc>Sends a GET request on a previously created HTTP Session.</doc>
<status status="PASS" start="2024-06-26T08:19:04.977891" elapsed="0.210329"/>
</kw>
<kw name="Set Variable" owner="BuiltIn">
<msg time="2024-06-26T08:19:05.189461" level="INFO">${json_data} = {'results': [{'gender': 'male', 'name': {'title': 'Monsieur', 'first': 'Fritz', 'last': 'Lacroix'}, 'location': {'street': {'number': 6797, 'name': 'Rue Dugas-Montbel'}, 'city': 'Gersau', 'state': 'Va...</msg>
<var>${json_data}</var>
<arg>${response.json()}</arg>
<doc>Returns the given values which can then be assigned to a variables.</doc>
<status status="PASS" start="2024-06-26T08:19:05.188866" elapsed="0.000623"/>
</kw>
<kw name="Set Variable" owner="BuiltIn">
<msg time="2024-06-26T08:19:05.190176" level="INFO">${name_title} = Monsieur</msg>
<var>${name_title}</var>
<arg>${json_data["results"][0]["name"]["title"]}</arg>
<doc>Returns the given values which can then be assigned to a variables.</doc>
<status status="PASS" start="2024-06-26T08:19:05.189797" elapsed="0.000404"/>
</kw>
<kw name="Create List" owner="BuiltIn">
<msg time="2024-06-26T08:19:05.190642" level="INFO">${allowed_titles} = ['Mr', 'Ms', 'Miss', 'Mrs', 'Madame', 'Monsieur']</msg>
<var>${allowed_titles}</var>
<arg>Mr</arg>
<arg>Ms</arg>
<arg>Miss</arg>
<arg>Mrs</arg>
<arg>Madame</arg>
<arg>Monsieur</arg>
<doc>Returns a list containing given items.</doc>
<status status="PASS" start="2024-06-26T08:19:05.190493" elapsed="0.000173"/>
</kw>
<kw name="List Should Contain Value" owner="Collections">
<arg>${allowed_titles}</arg>
<arg>${name_title}</arg>
<doc>Fails if the ``value`` is not found from ``list``.</doc>
<status status="PASS" start="2024-06-26T08:19:05.190960" elapsed="0.000177"/>
</kw>
<kw name="Set Variable" owner="BuiltIn">
<msg time="2024-06-26T08:19:05.191709" level="INFO">${name_country} = CH</msg>
<var>${name_country}</var>
<arg>${json_data["results"][0]["nat"]}</arg>
<doc>Returns the given values which can then be assigned to a variables.</doc>
<status status="PASS" start="2024-06-26T08:19:05.191331" elapsed="0.000403"/>
</kw>
<kw name="Create List" owner="BuiltIn">
<msg time="2024-06-26T08:19:05.192622" level="INFO">${list_country} = ['AD', 'AE', 'AF', 'AG', 'AI', 'AL', 'AM', 'AO', 'AQ', 'AR', 'AS', 'AT', 'AU', 'AW', 'AX', 'AZ', 'BA', 'BB', 'BD', 'BE', 'BF', 'BG', 'BH', 'BI', 'BJ', 'BL', 'BM', 'BN', 'BO', 'BQ', 'BR', 'BS', 'BT', '...</msg>
<var>${list_country}</var>
<arg>AD</arg>
<arg>AE</arg>
<arg>AF</arg>
<arg>AG</arg>
<arg>AI</arg>
<arg>AL</arg>
<arg>AM</arg>
<arg>AO</arg>
<arg>AQ</arg>
<arg>AR</arg>
<arg>AS</arg>
<arg>AT</arg>
<arg>AU</arg>
<arg>AW</arg>
<arg>AX</arg>
<arg>AZ</arg>
<arg>BA</arg>
<arg>BB</arg>
<arg>BD</arg>
<arg>BE</arg>
<arg>BF</arg>
<arg>BG</arg>
<arg>BH</arg>
<arg>BI</arg>
<arg>BJ</arg>
<arg>BL</arg>
<arg>BM</arg>
<arg>BN</arg>
<arg>BO</arg>
<arg>BQ</arg>
<arg>BR</arg>
<arg>BS</arg>
<arg>BT</arg>
<arg>BV</arg>
<arg>BW</arg>
<arg>BY</arg>
<arg>BZ</arg>
<arg>CA</arg>
<arg>CC</arg>
<arg>CD</arg>
<arg>CF</arg>
<arg>CG</arg>
<arg>CH</arg>
<arg>CI</arg>
<arg>CK</arg>
<arg>CL</arg>
<arg>CM</arg>
<arg>CN</arg>
<arg>CO</arg>
<arg>CR</arg>
<arg>CU</arg>
<arg>CV</arg>
<arg>CW</arg>
<arg>CX</arg>
<arg>CY</arg>
<arg>CZ</arg>
<arg>DE</arg>
<arg>DJ</arg>
<arg>DK</arg>
<arg>DM</arg>
<arg>DO</arg>
<arg>DZ</arg>
<arg>EC</arg>
<arg>EE</arg>
<arg>EG</arg>
<arg>EH</arg>
<arg>ER</arg>
<arg>ES</arg>
<arg>ET</arg>
<arg>FI</arg>
<arg>FJ</arg>
<arg>FK</arg>
<arg>FM</arg>
<arg>FO</arg>
<arg>FR</arg>
<arg>GA</arg>
<arg>GB</arg>
<arg>GD</arg>
<arg>GE</arg>
<arg>GF</arg>
<arg>GG</arg>
<arg>GH</arg>
<arg>GI</arg>
<arg>GL</arg>
<arg>GM</arg>
<arg>GN</arg>
<arg>GP</arg>
<arg>GQ</arg>
<arg>GR</arg>
<arg>GS</arg>
<arg>GT</arg>
<arg>GU</arg>
<arg>GW</arg>
<arg>GY</arg>
<arg>HK</arg>
<arg>HM</arg>
<arg>HN</arg>
<arg>HR</arg>
<arg>HT</arg>
<arg>HU</arg>
<arg>ID</arg>
<arg>IE</arg>
<arg>IL</arg>
<arg>IM</arg>
<arg>IN</arg>
<arg>IO</arg>
<arg>IQ</arg>
<arg>IR</arg>
<arg>IS</arg>
<arg>IT</arg>
<arg>JE</arg>
<arg>JM</arg>
<arg>JO</arg>
<arg>JP</arg>
<arg>KE</arg>
<arg>KG</arg>
<arg>KH</arg>
<arg>KI</arg>
<arg>KM</arg>
<arg>KN</arg>
<arg>KP</arg>
<arg>KR</arg>
<arg>KW</arg>
<arg>KY</arg>
<arg>KZ</arg>
<arg>LA</arg>
<arg>LB</arg>
<arg>LC</arg>
<arg>LI</arg>
<arg>LK</arg>
<arg>LR</arg>
<arg>LS</arg>
<arg>LT</arg>
<arg>LU</arg>
<arg>LV</arg>
<arg>LY</arg>
<arg>MA</arg>
<arg>MC</arg>
<arg>MD</arg>
<arg>ME</arg>
<arg>MF</arg>
<arg>MG</arg>
<arg>MH</arg>
<arg>MK</arg>
<arg>ML</arg>
<arg>MM</arg>
<arg>MN</arg>
<arg>MO</arg>
<arg>MP</arg>
<arg>MQ</arg>
<arg>MR</arg>
<arg>MS</arg>
<arg>MT</arg>
<arg>MU</arg>
<arg>MV</arg>
<arg>MW</arg>
<arg>MX</arg>
<arg>MY</arg>
<arg>MZ</arg>
<arg>NA</arg>
<arg>NC</arg>
<arg>NE</arg>
<arg>NF</arg>
<arg>NG</arg>
<arg>NI</arg>
<arg>NL</arg>
<arg>NO</arg>
<arg>NP</arg>
<arg>NR</arg>
<arg>NU</arg>
<arg>NZ</arg>
<arg>OM</arg>
<arg>PA</arg>
<arg>PE</arg>
<arg>PF</arg>
<arg>PG</arg>
<arg>PH</arg>
<arg>PK</arg>
<arg>PL</arg>
<arg>PM</arg>
<arg>PN</arg>
<arg>PR</arg>
<arg>PS</arg>
<arg>PT</arg>
<arg>PW</arg>
<arg>PY</arg>
<arg>QA</arg>
<arg>RE</arg>
<arg>RO</arg>
<arg>RS</arg>
<arg>RU</arg>
<arg>RW</arg>
<arg>SA</arg>
<arg>SB</arg>
<arg>SC</arg>
<arg>SD</arg>
<arg>SE</arg>
<arg>SG</arg>
<arg>SH</arg>
<arg>SI</arg>
<arg>SJ</arg>
<arg>SK</arg>
<arg>SL</arg>
<arg>SM</arg>
<arg>SN</arg>
<arg>SO</arg>
<arg>SR</arg>
<arg>SS</arg>
<arg>ST</arg>
<arg>SV</arg>
<arg>SX</arg>
<arg>SY</arg>
<arg>SZ</arg>
<arg>TC</arg>
<arg>TD</arg>
<arg>TF</arg>
<arg>TG</arg>
<arg>TH</arg>
<arg>TJ</arg>
<arg>TK</arg>
<arg>TL</arg>
<arg>TM</arg>
<arg>TN</arg>
<arg>TO</arg>
<arg>TR</arg>
<arg>TT</arg>
<arg>TV</arg>
<arg>TW</arg>
<arg>TZ</arg>
<arg>UA</arg>
<arg>UG</arg>
<arg>UM</arg>
<arg>US</arg>
<arg>UY</arg>
<arg>UZ</arg>
<arg>VA</arg>
<arg>VC</arg>
<arg>VE</arg>
<arg>VG</arg>
<arg>VI</arg>
<arg>VN</arg>
<arg>VU</arg>
<arg>WF</arg>
<arg>WS</arg>
<arg>XK</arg>
<arg>YE</arg>
<arg>YT</arg>
<arg>ZA</arg>
<arg>ZM</arg>
<arg>ZW</arg>
<doc>Returns a list containing given items.</doc>
<status status="PASS" start="2024-06-26T08:19:05.192023" elapsed="0.000624"/>
</kw>
<kw name="List Should Contain Value" owner="Collections">
<arg>${list_country}</arg>
<arg>${name_country}</arg>
<doc>Fails if the ``value`` is not found from ``list``.</doc>
<status status="PASS" start="2024-06-26T08:19:05.193484" elapsed="0.000204"/>
</kw>
<kw name="Run Keyword If" owner="BuiltIn">
<kw name="Should Be True" owner="BuiltIn">
<arg>${True}</arg>
<doc>Fails if the given condition is not true.</doc>
<status status="PASS" start="2024-06-26T08:19:05.194627" elapsed="0.000143"/>
</kw>
<arg>${json_data["results"][0]["location"]["coordinates"]["latitude"]} &gt;= -90 and ${json_data["results"][0]["location"]["coordinates"]["latitude"]} &lt;= 90</arg>
<arg>Should Be True</arg>
<arg>${True}</arg>
<doc>Runs the given keyword with the given arguments, if ``condition`` is true.</doc>
<status status="PASS" start="2024-06-26T08:19:05.193885" elapsed="0.001015"/>
</kw>
<kw name="Run Keyword If" owner="BuiltIn">
<kw name="Should Be True" owner="BuiltIn">
<arg>${True}</arg>
<doc>Fails if the given condition is not true.</doc>
<status status="PASS" start="2024-06-26T08:19:05.195769" elapsed="0.000136"/>
</kw>
<arg>${json_data["results"][0]["location"]["coordinates"]["longitude"]} &gt;= -180 and ${json_data["results"][0]["location"]["coordinates"]["longitude"]} &lt;= 180</arg>
<arg>Should Be True</arg>
<arg>${True}</arg>
<doc>Runs the given keyword with the given arguments, if ``condition`` is true.</doc>
<status status="PASS" start="2024-06-26T08:19:05.195081" elapsed="0.000948"/>
</kw>
<status status="PASS" start="2024-06-26T08:19:04.977290" elapsed="0.218873"/>
</kw>
<doc>Testa o conteúdo específico dos campos retornados pela API.</doc>
<tag>testeConteudo</tag>
<status status="PASS" start="2024-06-26T08:19:04.976594" elapsed="0.219724"/>
</test>
<status status="PASS" start="2024-06-26T08:19:03.368232" elapsed="1.830118"/>
</suite>
<status status="PASS" start="2024-06-26T08:19:03.352833" elapsed="1.850751"/>
</suite>
<statistics>
<total>
<stat pass="5" fail="0" skip="0">All Tests</stat>
</total>
<tag>
<stat pass="1" fail="0" skip="0">testeConteudo</stat>
<stat pass="1" fail="0" skip="0">testeEstruturaResposta</stat>
<stat pass="1" fail="0" skip="0">testeRequisicaoBasica</stat>
<stat pass="1" fail="0" skip="0">testeTiposDados</stat>
</tag>
<suite>
<stat pass="5" fail="0" skip="0" id="s1" name="Tests">Tests</stat>
<stat pass="5" fail="0" skip="0" id="s1-s1" name="Random-User-Test">Tests.Random-User-Test</stat>
</suite>
</statistics>
<errors>
</errors>
</robot>
