<?xml version="1.0" encoding="UTF-8"?>
<robot generator="Robot 7.0 (Python 3.12.3 on linux)" generated="2024-06-03T10:18:55.555705" rpa="false" schemaversion="5">
<suite id="s1" name="Tests" source="/home/runner/work/ApiRandomUser/ApiRandomUser/RamdonUser/tests">
<suite id="s1-s1" name="Random-User-Test" source="/home/runner/work/ApiRandomUser/ApiRandomUser/RamdonUser/tests/random-user-test.robot">
<test id="s1-s1-t1" name="Conectar" line="13">
<kw name="Conectar API" owner="random-user-service">
<kw name="Create Session" owner="RequestsLibrary">
<msg time="2024-06-03T10:18:55.948205" level="INFO">Creating Session using : alias=consultarAPI, url=https://randomuser.me/, headers={},                     cookies={}, auth=None, timeout=None, proxies=None, verify=False,                     debug=0 </msg>
<arg>consultarAPI</arg>
<arg>${URL}</arg>
<doc>Create Session: create a HTTP session to a server</doc>
<status status="PASS" start="2024-06-03T10:18:55.947991" elapsed="0.000435"/>
</kw>
<status status="PASS" start="2024-06-03T10:18:55.946907" elapsed="0.001906"/>
</kw>
<status status="PASS" start="2024-06-03T10:18:55.946338" elapsed="0.002682"/>
</test>
<test id="s1-s1-t2" name="Validar retorno 200 e JSON Válido" line="16">
<kw name="Teste de Requisicao Basica" owner="random-user-service">
<kw name="GET On Session" owner="RequestsLibrary">
<msg time="2024-06-03T10:18:57.492561" level="INFO">GET Request : url=https://randomuser.me/api 
 path_url=/api 
 headers={'User-Agent': 'python-requests/2.32.3', 'Accept-Encoding': 'gzip, deflate', 'Accept': '*/*', 'Connection': 'keep-alive'} 
 body=None 
 </msg>
<msg time="2024-06-03T10:18:57.492719" level="INFO">GET Response : url=https://randomuser.me/api 
 status=200, reason=OK 
 headers={'Date': 'Mon, 03 Jun 2024 10:18:57 GMT', 'Content-Type': 'application/json; charset=utf-8', 'Transfer-Encoding': 'chunked', 'Connection': 'keep-alive', 'X-Powered-By': 'Express', 'Access-Control-Allow-Origin': '*', 'Cache-Control': 'no-cache', 'ETag': 'W/"471-hU4WhtDOlvTuNj4AbIEHebVNFBc"', 'Vary': 'Accept-Encoding', 'Content-Encoding': 'gzip', 'CF-Cache-Status': 'DYNAMIC', 'Report-To': '{"endpoints":[{"url":"https:\\/\\/a.nel.cloudflare.com\\/report\\/v4?s=IZk5KNb4wZa4TWjntX2rotMqpIsHDqAlwObF%2Bmg%2B2BZ69lcHbwT4u4PqW7J%2BKFIeGootuvhY0ymJ4VejVl0PAI5zAUkk4ryKgGO8yPHNEAhKqDXoqcnc4VS4h6ivJSNB"}],"group":"cf-nel","max_age":604800}', 'NEL': '{"success_fraction":0,"report_to":"cf-nel","max_age":604800}', 'Server': 'cloudflare', 'CF-RAY': '88def123ef93874c-IAD', 'alt-svc': 'h3=":443"; ma=86400'} 
 body={"results":[{"gender":"male","name":{"title":"Mr","first":"Leif","last":"Turøy"},"location":{"street":{"number":7766,"name":"Osterhaus' gate"},"city":"Ubergsmoen","state":"Nordland","country":"Norway","postcode":"2866","coordinates":{"latitude":"46.2703","longitude":"-48.1901"},"timezone":{"offset":"+6:00","description":"Almaty, Dhaka, Colombo"}},"email":"leif.turoy@example.com","login":{"uuid":"8eccae74-f97d-4413-a0af-ce0159adade2","username":"redzebra794","password":"1818","salt":"9IE1qenA","md5":"5fa8d6e901d33a6ac9a6b504dfac5206","sha1":"b712292f5a285e51ac19f22d43fee0c47eb4ca2e","sha256":"e109b1d69dadc7689cdce0a5487c3dfb0bef94748537dc1feedfbbf87ef97027"},"dob":{"date":"1996-04-29T11:09:36.259Z","age":28},"registered":{"date":"2003-05-14T08:05:55.539Z","age":21},"phone":"35686891","cell":"93462686","id":{"name":"FN","value":"29049601563"},"picture":{"large":"https://randomuser.me/api/portraits/men/10.jpg","medium":"https://randomuser.me/api/portraits/med/men/10.jpg","thumbnail":"https://randomuser.me/api/portraits/thumb/men/10.jpg"},"nat":"NO"}],"info":{"seed":"5c0b165d72da43d4","results":1,"page":1,"version":"1.4"}} 
 </msg>
<msg time="2024-06-03T10:18:57.492835" level="INFO">/opt/hostedtoolcache/Python/3.12.3/x64/lib/python3.12/site-packages/urllib3/connectionpool.py:1103: InsecureRequestWarning: Unverified HTTPS request is being made to host 'randomuser.me'. Adding certificate verification is strongly advised. See: https://urllib3.readthedocs.io/en/latest/advanced-usage.html#tls-warnings
  warnings.warn(</msg>
<msg time="2024-06-03T10:18:57.493017" level="INFO">${response} = &lt;Response [200]&gt;</msg>
<var>${response}</var>
<arg>consultarAPI</arg>
<arg>/api</arg>
<doc>Sends a GET request on a previously created HTTP Session.</doc>
<status status="PASS" start="2024-06-03T10:18:55.951692" elapsed="1.541365"/>
</kw>
<kw name="Should Be Equal As Numbers" owner="BuiltIn">
<msg time="2024-06-03T10:18:57.494479" level="INFO">Argument types are:
&lt;class 'int'&gt;
&lt;class 'str'&gt;</msg>
<arg>${response.status_code}</arg>
<arg>200</arg>
<doc>Fails if objects are unequal after converting them to real numbers.</doc>
<status status="PASS" start="2024-06-03T10:18:57.493762" elapsed="0.000818"/>
</kw>
<kw name="Log" owner="BuiltIn">
<msg time="2024-06-03T10:18:57.495618" level="INFO">200</msg>
<arg>${response.status_code}</arg>
<doc>Logs the given message with the given level.</doc>
<status status="PASS" start="2024-06-03T10:18:57.495073" elapsed="0.000623"/>
</kw>
<kw name="Set Variable" owner="BuiltIn">
<msg time="2024-06-03T10:18:57.496966" level="INFO">${json_data} = {'results': [{'gender': 'male', 'name': {'title': 'Mr', 'first': 'Leif', 'last': 'Turøy'}, 'location': {'street': {'number': 7766, 'name': "Osterhaus' gate"}, 'city': 'Ubergsmoen', 'state': 'Nordland'...</msg>
<var>${json_data}</var>
<arg>${response.json()}</arg>
<doc>Returns the given values which can then be assigned to a variables.</doc>
<status status="PASS" start="2024-06-03T10:18:57.496189" elapsed="0.000823"/>
</kw>
<kw name="Dictionary Should Contain Key" owner="Collections">
<msg time="2024-06-03T10:18:57.497729" level="INFO">False</msg>
<arg>${json_data}</arg>
<arg>results</arg>
<doc>Fails if ``key`` is not found from ``dictionary``.</doc>
<status status="PASS" start="2024-06-03T10:18:57.497473" elapsed="0.000574"/>
</kw>
<status status="PASS" start="2024-06-03T10:18:55.951431" elapsed="1.546992"/>
</kw>
<doc>Testa se a API responde corretamente e retorna um objeto JSON válido.</doc>
<tag>testeRequisicaoBasica</tag>
<status status="PASS" start="2024-06-03T10:18:55.950952" elapsed="1.547745"/>
</test>
<test id="s1-s1-t3" name="Validar estrutura de resposta" line="22">
<kw name="Teste de Estrutura de Resposta" owner="random-user-service">
<kw name="GET On Session" owner="RequestsLibrary">
<msg time="2024-06-03T10:18:58.826932" level="INFO">GET Request : url=https://randomuser.me/api 
 path_url=/api 
 headers={'User-Agent': 'python-requests/2.32.3', 'Accept-Encoding': 'gzip, deflate', 'Accept': '*/*', 'Connection': 'keep-alive'} 
 body=None 
 </msg>
<msg time="2024-06-03T10:18:58.827046" level="INFO">GET Response : url=https://randomuser.me/api 
 status=200, reason=OK 
 headers={'Date': 'Mon, 03 Jun 2024 10:18:58 GMT', 'Content-Type': 'application/json; charset=utf-8', 'Transfer-Encoding': 'chunked', 'Connection': 'keep-alive', 'X-Powered-By': 'Express', 'Access-Control-Allow-Origin': '*', 'Cache-Control': 'no-cache', 'ETag': 'W/"4ae-1WO8VhalgxzGwGDbFN6Gcf9w9/k"', 'Vary': 'Accept-Encoding', 'Content-Encoding': 'gzip', 'CF-Cache-Status': 'DYNAMIC', 'Report-To': '{"endpoints":[{"url":"https:\\/\\/a.nel.cloudflare.com\\/report\\/v4?s=rClq2kIgQLlF14Qr6i1gSGDfMOeH6jxrAOKZ8uVrK72g3RGTXtcko0SC6La%2BF3NHZn6oVpl81hoy1V%2Fn%2ByD%2BUPBTelJnBlYlcQrUnUM2AjeEqpk5z3yfKGEWOaebzXlX"}],"group":"cf-nel","max_age":604800}', 'NEL': '{"success_fraction":0,"report_to":"cf-nel","max_age":604800}', 'Server': 'cloudflare', 'CF-RAY': '88def12d6f6f874c-IAD', 'alt-svc': 'h3=":443"; ma=86400'} 
 body={"results":[{"gender":"male","name":{"title":"Mr","first":"René","last":"Olvera"},"location":{"street":{"number":5567,"name":"Circunvalación Rodríquez"},"city":"Estación Yago","state":"Yucatan","country":"Mexico","postcode":62274,"coordinates":{"latitude":"29.7242","longitude":"-141.9155"},"timezone":{"offset":"0:00","description":"Western Europe Time, London, Lisbon, Casablanca"}},"email":"rene.olvera@example.com","login":{"uuid":"da6864f9-412d-4ab8-8b92-a36d19788d0f","username":"purplecat670","password":"respect","salt":"rgk1PUHc","md5":"7513c157b1b08a5cb79bd8a59ffc87be","sha1":"8300bc6ced40e28ee779304fe6e89fd1c7a3a25d","sha256":"d98439fa139ce5b34a3a400267db06fae9a5c7200ad46b00b2b13e6e28d59e8e"},"dob":{"date":"1957-05-20T04:21:28.084Z","age":67},"registered":{"date":"2010-10-04T09:25:08.972Z","age":13},"phone":"(615) 455 8096","cell":"(639) 041 1898","id":{"name":"NSS","value":"20 87 39 6369 7"},"picture":{"large":"https://randomuser.me/api/portraits/men/81.jpg","medium":"https://randomuser.me/api/portraits/med/men/81.jpg","thumbnail":"https://randomuser.me/api/portraits/thumb/men/81.jpg"},"nat":"MX"}],"info":{"seed":"a0d947a252d89a45","results":1,"page":1,"version":"1.4"}} 
 </msg>
<msg time="2024-06-03T10:18:58.827187" level="INFO">/opt/hostedtoolcache/Python/3.12.3/x64/lib/python3.12/site-packages/urllib3/connectionpool.py:1103: InsecureRequestWarning: Unverified HTTPS request is being made to host 'randomuser.me'. Adding certificate verification is strongly advised. See: https://urllib3.readthedocs.io/en/latest/advanced-usage.html#tls-warnings
  warnings.warn(</msg>
<msg time="2024-06-03T10:18:58.827324" level="INFO">${response} = &lt;Response [200]&gt;</msg>
<var>${response}</var>
<arg>consultarAPI</arg>
<arg>/api</arg>
<doc>Sends a GET request on a previously created HTTP Session.</doc>
<status status="PASS" start="2024-06-03T10:18:57.503203" elapsed="1.324160"/>
</kw>
<kw name="Set Variable" owner="BuiltIn">
<msg time="2024-06-03T10:18:58.828670" level="INFO">${json_data} = {'results': [{'gender': 'male', 'name': {'title': 'Mr', 'first': 'René', 'last': 'Olvera'}, 'location': {'street': {'number': 5567, 'name': 'Circunvalación Rodríquez'}, 'city': 'Estación Yago', 'state...</msg>
<var>${json_data}</var>
<arg>${response.json()}</arg>
<doc>Returns the given values which can then be assigned to a variables.</doc>
<status status="PASS" start="2024-06-03T10:18:58.828028" elapsed="0.000672"/>
</kw>
<kw name="Log" owner="BuiltIn">
<msg time="2024-06-03T10:18:58.829171" level="INFO">{'results': [{'gender': 'male', 'name': {'title': 'Mr', 'first': 'René', 'last': 'Olvera'}, 'location': {'street': {'number': 5567, 'name': 'Circunvalación Rodríquez'}, 'city': 'Estación Yago', 'state': 'Yucatan', 'country': 'Mexico', 'postcode': 62274, 'coordinates': {'latitude': '29.7242', 'longitude': '-141.9155'}, 'timezone': {'offset': '0:00', 'description': 'Western Europe Time, London, Lisbon, Casablanca'}}, 'email': 'rene.olvera@example.com', 'login': {'uuid': 'da6864f9-412d-4ab8-8b92-a36d19788d0f', 'username': 'purplecat670', 'password': 'respect', 'salt': 'rgk1PUHc', 'md5': '7513c157b1b08a5cb79bd8a59ffc87be', 'sha1': '8300bc6ced40e28ee779304fe6e89fd1c7a3a25d', 'sha256': 'd98439fa139ce5b34a3a400267db06fae9a5c7200ad46b00b2b13e6e28d59e8e'}, 'dob': {'date': '1957-05-20T04:21:28.084Z', 'age': 67}, 'registered': {'date': '2010-10-04T09:25:08.972Z', 'age': 13}, 'phone': '(615) 455 8096', 'cell': '(639) 041 1898', 'id': {'name': 'NSS', 'value': '20 87 39 6369 7'}, 'picture': {'large': 'https://randomuser.me/api/portraits/men/81.jpg', 'medium': 'https://randomuser.me/api/portraits/med/men/81.jpg', 'thumbnail': 'https://randomuser.me/api/portraits/thumb/men/81.jpg'}, 'nat': 'MX'}], 'info': {'seed': 'a0d947a252d89a45', 'results': 1, 'page': 1, 'version': '1.4'}}</msg>
<arg>${json_data}</arg>
<doc>Logs the given message with the given level.</doc>
<status status="PASS" start="2024-06-03T10:18:58.829009" elapsed="0.000211"/>
</kw>
<kw name="Dictionary Should Contain Key" owner="Collections">
<msg time="2024-06-03T10:18:58.829670" level="INFO">False</msg>
<arg>${json_data}</arg>
<arg>results</arg>
<doc>Fails if ``key`` is not found from ``dictionary``.</doc>
<status status="PASS" start="2024-06-03T10:18:58.829509" elapsed="0.000198"/>
</kw>
<kw name="Should Not Be Empty" owner="BuiltIn">
<msg time="2024-06-03T10:18:58.830144" level="INFO">Length is 2.</msg>
<arg>${json_data}</arg>
<doc>Verifies that the given item is not empty.</doc>
<status status="PASS" start="2024-06-03T10:18:58.830007" elapsed="0.000181"/>
</kw>
<kw name="Create List" owner="BuiltIn">
<msg time="2024-06-03T10:18:58.830630" level="INFO">${expected_keys} = ['gender', 'name', 'location', 'email', 'login']</msg>
<var>${expected_keys}</var>
<arg>gender</arg>
<arg>name</arg>
<arg>location</arg>
<arg>email</arg>
<arg>login</arg>
<doc>Returns a list containing given items.</doc>
<status status="PASS" start="2024-06-03T10:18:58.830480" elapsed="0.000173"/>
</kw>
<for flavor="IN">
<iter>
<kw name="Dictionary Should Contain Key" owner="Collections">
<msg time="2024-06-03T10:18:58.831649" level="INFO">False</msg>
<arg>${json_data['results'][0]}</arg>
<arg>${key}</arg>
<doc>Fails if ``key`` is not found from ``dictionary``.</doc>
<status status="PASS" start="2024-06-03T10:18:58.831235" elapsed="0.000457"/>
</kw>
<kw name="Log" owner="BuiltIn">
<msg time="2024-06-03T10:18:58.832384" level="INFO">{'gender': 'male', 'name': {'title': 'Mr', 'first': 'René', 'last': 'Olvera'}, 'location': {'street': {'number': 5567, 'name': 'Circunvalación Rodríquez'}, 'city': 'Estación Yago', 'state': 'Yucatan', 'country': 'Mexico', 'postcode': 62274, 'coordinates': {'latitude': '29.7242', 'longitude': '-141.9155'}, 'timezone': {'offset': '0:00', 'description': 'Western Europe Time, London, Lisbon, Casablanca'}}, 'email': 'rene.olvera@example.com', 'login': {'uuid': 'da6864f9-412d-4ab8-8b92-a36d19788d0f', 'username': 'purplecat670', 'password': 'respect', 'salt': 'rgk1PUHc', 'md5': '7513c157b1b08a5cb79bd8a59ffc87be', 'sha1': '8300bc6ced40e28ee779304fe6e89fd1c7a3a25d', 'sha256': 'd98439fa139ce5b34a3a400267db06fae9a5c7200ad46b00b2b13e6e28d59e8e'}, 'dob': {'date': '1957-05-20T04:21:28.084Z', 'age': 67}, 'registered': {'date': '2010-10-04T09:25:08.972Z', 'age': 13}, 'phone': '(615) 455 8096', 'cell': '(639) 041 1898', 'id': {'name': 'NSS', 'value': '20 87 39 6369 7'}, 'picture': {'large': 'https://randomuser.me/api/portraits/men/81.jpg', 'medium': 'https://randomuser.me/api/portraits/med/men/81.jpg', 'thumbnail': 'https://randomuser.me/api/portraits/thumb/men/81.jpg'}, 'nat': 'MX'}</msg>
<arg>${json_data['results'][0]}</arg>
<doc>Logs the given message with the given level.</doc>
<status status="PASS" start="2024-06-03T10:18:58.831990" elapsed="0.000454"/>
</kw>
<kw name="Log" owner="BuiltIn">
<msg time="2024-06-03T10:18:58.832881" level="INFO">gender</msg>
<arg>${key}</arg>
<doc>Logs the given message with the given level.</doc>
<status status="PASS" start="2024-06-03T10:18:58.832752" elapsed="0.000167"/>
</kw>
<var name="${key}">gender</var>
<status status="PASS" start="2024-06-03T10:18:58.831110" elapsed="0.002022"/>
</iter>
<iter>
<kw name="Dictionary Should Contain Key" owner="Collections">
<msg time="2024-06-03T10:18:58.833848" level="INFO">False</msg>
<arg>${json_data['results'][0]}</arg>
<arg>${key}</arg>
<doc>Fails if ``key`` is not found from ``dictionary``.</doc>
<status status="PASS" start="2024-06-03T10:18:58.833453" elapsed="0.000465"/>
</kw>
<kw name="Log" owner="BuiltIn">
<msg time="2024-06-03T10:18:58.834644" level="INFO">{'gender': 'male', 'name': {'title': 'Mr', 'first': 'René', 'last': 'Olvera'}, 'location': {'street': {'number': 5567, 'name': 'Circunvalación Rodríquez'}, 'city': 'Estación Yago', 'state': 'Yucatan', 'country': 'Mexico', 'postcode': 62274, 'coordinates': {'latitude': '29.7242', 'longitude': '-141.9155'}, 'timezone': {'offset': '0:00', 'description': 'Western Europe Time, London, Lisbon, Casablanca'}}, 'email': 'rene.olvera@example.com', 'login': {'uuid': 'da6864f9-412d-4ab8-8b92-a36d19788d0f', 'username': 'purplecat670', 'password': 'respect', 'salt': 'rgk1PUHc', 'md5': '7513c157b1b08a5cb79bd8a59ffc87be', 'sha1': '8300bc6ced40e28ee779304fe6e89fd1c7a3a25d', 'sha256': 'd98439fa139ce5b34a3a400267db06fae9a5c7200ad46b00b2b13e6e28d59e8e'}, 'dob': {'date': '1957-05-20T04:21:28.084Z', 'age': 67}, 'registered': {'date': '2010-10-04T09:25:08.972Z', 'age': 13}, 'phone': '(615) 455 8096', 'cell': '(639) 041 1898', 'id': {'name': 'NSS', 'value': '20 87 39 6369 7'}, 'picture': {'large': 'https://randomuser.me/api/portraits/men/81.jpg', 'medium': 'https://randomuser.me/api/portraits/med/men/81.jpg', 'thumbnail': 'https://randomuser.me/api/portraits/thumb/men/81.jpg'}, 'nat': 'MX'}</msg>
<arg>${json_data['results'][0]}</arg>
<doc>Logs the given message with the given level.</doc>
<status status="PASS" start="2024-06-03T10:18:58.834240" elapsed="0.000473"/>
</kw>
<kw name="Log" owner="BuiltIn">
<msg time="2024-06-03T10:18:58.835137" level="INFO">name</msg>
<arg>${key}</arg>
<doc>Logs the given message with the given level.</doc>
<status status="PASS" start="2024-06-03T10:18:58.835010" elapsed="0.000169"/>
</kw>
<var name="${key}">name</var>
<status status="PASS" start="2024-06-03T10:18:58.833318" elapsed="0.002078"/>
</iter>
<iter>
<kw name="Dictionary Should Contain Key" owner="Collections">
<msg time="2024-06-03T10:18:58.836057" level="INFO">False</msg>
<arg>${json_data['results'][0]}</arg>
<arg>${key}</arg>
<doc>Fails if ``key`` is not found from ``dictionary``.</doc>
<status status="PASS" start="2024-06-03T10:18:58.835684" elapsed="0.000410"/>
</kw>
<kw name="Log" owner="BuiltIn">
<msg time="2024-06-03T10:18:58.836809" level="INFO">{'gender': 'male', 'name': {'title': 'Mr', 'first': 'René', 'last': 'Olvera'}, 'location': {'street': {'number': 5567, 'name': 'Circunvalación Rodríquez'}, 'city': 'Estación Yago', 'state': 'Yucatan', 'country': 'Mexico', 'postcode': 62274, 'coordinates': {'latitude': '29.7242', 'longitude': '-141.9155'}, 'timezone': {'offset': '0:00', 'description': 'Western Europe Time, London, Lisbon, Casablanca'}}, 'email': 'rene.olvera@example.com', 'login': {'uuid': 'da6864f9-412d-4ab8-8b92-a36d19788d0f', 'username': 'purplecat670', 'password': 'respect', 'salt': 'rgk1PUHc', 'md5': '7513c157b1b08a5cb79bd8a59ffc87be', 'sha1': '8300bc6ced40e28ee779304fe6e89fd1c7a3a25d', 'sha256': 'd98439fa139ce5b34a3a400267db06fae9a5c7200ad46b00b2b13e6e28d59e8e'}, 'dob': {'date': '1957-05-20T04:21:28.084Z', 'age': 67}, 'registered': {'date': '2010-10-04T09:25:08.972Z', 'age': 13}, 'phone': '(615) 455 8096', 'cell': '(639) 041 1898', 'id': {'name': 'NSS', 'value': '20 87 39 6369 7'}, 'picture': {'large': 'https://randomuser.me/api/portraits/men/81.jpg', 'medium': 'https://randomuser.me/api/portraits/med/men/81.jpg', 'thumbnail': 'https://randomuser.me/api/portraits/thumb/men/81.jpg'}, 'nat': 'MX'}</msg>
<arg>${json_data['results'][0]}</arg>
<doc>Logs the given message with the given level.</doc>
<status status="PASS" start="2024-06-03T10:18:58.836434" elapsed="0.000425"/>
</kw>
<kw name="Log" owner="BuiltIn">
<msg time="2024-06-03T10:18:58.837281" level="INFO">location</msg>
<arg>${key}</arg>
<doc>Logs the given message with the given level.</doc>
<status status="PASS" start="2024-06-03T10:18:58.837153" elapsed="0.000166"/>
</kw>
<var name="${key}">location</var>
<status status="PASS" start="2024-06-03T10:18:58.835573" elapsed="0.001957"/>
</iter>
<iter>
<kw name="Dictionary Should Contain Key" owner="Collections">
<msg time="2024-06-03T10:18:58.838301" level="INFO">False</msg>
<arg>${json_data['results'][0]}</arg>
<arg>${key}</arg>
<doc>Fails if ``key`` is not found from ``dictionary``.</doc>
<status status="PASS" start="2024-06-03T10:18:58.837808" elapsed="0.000530"/>
</kw>
<kw name="Log" owner="BuiltIn">
<msg time="2024-06-03T10:18:58.838985" level="INFO">{'gender': 'male', 'name': {'title': 'Mr', 'first': 'René', 'last': 'Olvera'}, 'location': {'street': {'number': 5567, 'name': 'Circunvalación Rodríquez'}, 'city': 'Estación Yago', 'state': 'Yucatan', 'country': 'Mexico', 'postcode': 62274, 'coordinates': {'latitude': '29.7242', 'longitude': '-141.9155'}, 'timezone': {'offset': '0:00', 'description': 'Western Europe Time, London, Lisbon, Casablanca'}}, 'email': 'rene.olvera@example.com', 'login': {'uuid': 'da6864f9-412d-4ab8-8b92-a36d19788d0f', 'username': 'purplecat670', 'password': 'respect', 'salt': 'rgk1PUHc', 'md5': '7513c157b1b08a5cb79bd8a59ffc87be', 'sha1': '8300bc6ced40e28ee779304fe6e89fd1c7a3a25d', 'sha256': 'd98439fa139ce5b34a3a400267db06fae9a5c7200ad46b00b2b13e6e28d59e8e'}, 'dob': {'date': '1957-05-20T04:21:28.084Z', 'age': 67}, 'registered': {'date': '2010-10-04T09:25:08.972Z', 'age': 13}, 'phone': '(615) 455 8096', 'cell': '(639) 041 1898', 'id': {'name': 'NSS', 'value': '20 87 39 6369 7'}, 'picture': {'large': 'https://randomuser.me/api/portraits/men/81.jpg', 'medium': 'https://randomuser.me/api/portraits/med/men/81.jpg', 'thumbnail': 'https://randomuser.me/api/portraits/thumb/men/81.jpg'}, 'nat': 'MX'}</msg>
<arg>${json_data['results'][0]}</arg>
<doc>Logs the given message with the given level.</doc>
<status status="PASS" start="2024-06-03T10:18:58.838630" elapsed="0.000415"/>
</kw>
<kw name="Log" owner="BuiltIn">
<msg time="2024-06-03T10:18:58.839470" level="INFO">email</msg>
<arg>${key}</arg>
<doc>Logs the given message with the given level.</doc>
<status status="PASS" start="2024-06-03T10:18:58.839344" elapsed="0.000162"/>
</kw>
<var name="${key}">email</var>
<status status="PASS" start="2024-06-03T10:18:58.837699" elapsed="0.002016"/>
</iter>
<iter>
<kw name="Dictionary Should Contain Key" owner="Collections">
<msg time="2024-06-03T10:18:58.840411" level="INFO">False</msg>
<arg>${json_data['results'][0]}</arg>
<arg>${key}</arg>
<doc>Fails if ``key`` is not found from ``dictionary``.</doc>
<status status="PASS" start="2024-06-03T10:18:58.839996" elapsed="0.000453"/>
</kw>
<kw name="Log" owner="BuiltIn">
<msg time="2024-06-03T10:18:58.841100" level="INFO">{'gender': 'male', 'name': {'title': 'Mr', 'first': 'René', 'last': 'Olvera'}, 'location': {'street': {'number': 5567, 'name': 'Circunvalación Rodríquez'}, 'city': 'Estación Yago', 'state': 'Yucatan', 'country': 'Mexico', 'postcode': 62274, 'coordinates': {'latitude': '29.7242', 'longitude': '-141.9155'}, 'timezone': {'offset': '0:00', 'description': 'Western Europe Time, London, Lisbon, Casablanca'}}, 'email': 'rene.olvera@example.com', 'login': {'uuid': 'da6864f9-412d-4ab8-8b92-a36d19788d0f', 'username': 'purplecat670', 'password': 'respect', 'salt': 'rgk1PUHc', 'md5': '7513c157b1b08a5cb79bd8a59ffc87be', 'sha1': '8300bc6ced40e28ee779304fe6e89fd1c7a3a25d', 'sha256': 'd98439fa139ce5b34a3a400267db06fae9a5c7200ad46b00b2b13e6e28d59e8e'}, 'dob': {'date': '1957-05-20T04:21:28.084Z', 'age': 67}, 'registered': {'date': '2010-10-04T09:25:08.972Z', 'age': 13}, 'phone': '(615) 455 8096', 'cell': '(639) 041 1898', 'id': {'name': 'NSS', 'value': '20 87 39 6369 7'}, 'picture': {'large': 'https://randomuser.me/api/portraits/men/81.jpg', 'medium': 'https://randomuser.me/api/portraits/med/men/81.jpg', 'thumbnail': 'https://randomuser.me/api/portraits/thumb/men/81.jpg'}, 'nat': 'MX'}</msg>
<arg>${json_data['results'][0]}</arg>
<doc>Logs the given message with the given level.</doc>
<status status="PASS" start="2024-06-03T10:18:58.840744" elapsed="0.000407"/>
</kw>
<kw name="Log" owner="BuiltIn">
<msg time="2024-06-03T10:18:58.841595" level="INFO">login</msg>
<arg>${key}</arg>
<doc>Logs the given message with the given level.</doc>
<status status="PASS" start="2024-06-03T10:18:58.841467" elapsed="0.000178"/>
</kw>
<var name="${key}">login</var>
<status status="PASS" start="2024-06-03T10:18:58.839885" elapsed="0.001973"/>
</iter>
<var>${key}</var>
<value>@{expected_keys}</value>
<status status="PASS" start="2024-06-03T10:18:58.830911" elapsed="0.011065"/>
</for>
<kw name="Create List" owner="BuiltIn">
<msg time="2024-06-03T10:18:58.842297" level="INFO">${expected_keysTwo} = ['username', 'password']</msg>
<var>${expected_keysTwo}</var>
<arg>username</arg>
<arg>password</arg>
<doc>Returns a list containing given items.</doc>
<status status="PASS" start="2024-06-03T10:18:58.842164" elapsed="0.000157"/>
</kw>
<for flavor="IN">
<iter>
<kw name="Dictionary Should Contain Key" owner="Collections">
<msg time="2024-06-03T10:18:58.843190" level="INFO">False</msg>
<arg>${json_data['results'][0]['login']}</arg>
<arg>${keyTwo}</arg>
<doc>Fails if ``key`` is not found from ``dictionary``.</doc>
<status status="PASS" start="2024-06-03T10:18:58.842813" elapsed="0.000414"/>
</kw>
<kw name="Dictionary Should Contain Key" owner="Collections">
<msg time="2024-06-03T10:18:58.843891" level="INFO">False</msg>
<arg>${json_data['results'][0]['login']}</arg>
<arg>${keyTwo}</arg>
<doc>Fails if ``key`` is not found from ``dictionary``.</doc>
<status status="PASS" start="2024-06-03T10:18:58.843516" elapsed="0.000411"/>
</kw>
<kw name="Log" owner="BuiltIn">
<msg time="2024-06-03T10:18:58.844381" level="INFO">username</msg>
<arg>${keyTwo}</arg>
<doc>Logs the given message with the given level.</doc>
<status status="PASS" start="2024-06-03T10:18:58.844221" elapsed="0.000200"/>
</kw>
<var name="${keyTwo}">username</var>
<status status="PASS" start="2024-06-03T10:18:58.842704" elapsed="0.001942"/>
</iter>
<iter>
<kw name="Dictionary Should Contain Key" owner="Collections">
<msg time="2024-06-03T10:18:58.845378" level="INFO">False</msg>
<arg>${json_data['results'][0]['login']}</arg>
<arg>${keyTwo}</arg>
<doc>Fails if ``key`` is not found from ``dictionary``.</doc>
<status status="PASS" start="2024-06-03T10:18:58.844954" elapsed="0.000462"/>
</kw>
<kw name="Dictionary Should Contain Key" owner="Collections">
<msg time="2024-06-03T10:18:58.846107" level="INFO">False</msg>
<arg>${json_data['results'][0]['login']}</arg>
<arg>${keyTwo}</arg>
<doc>Fails if ``key`` is not found from ``dictionary``.</doc>
<status status="PASS" start="2024-06-03T10:18:58.845731" elapsed="0.000413"/>
</kw>
<kw name="Log" owner="BuiltIn">
<msg time="2024-06-03T10:18:58.846559" level="INFO">password</msg>
<arg>${keyTwo}</arg>
<doc>Logs the given message with the given level.</doc>
<status status="PASS" start="2024-06-03T10:18:58.846435" elapsed="0.000161"/>
</kw>
<var name="${keyTwo}">password</var>
<status status="PASS" start="2024-06-03T10:18:58.844830" elapsed="0.001978"/>
</iter>
<var>${keyTwo}</var>
<value>@{expected_keysTwo}</value>
<status status="PASS" start="2024-06-03T10:18:58.842554" elapsed="0.004370"/>
</for>
<status status="PASS" start="2024-06-03T10:18:57.502830" elapsed="1.344231"/>
</kw>
<doc>Testa a estrutura da resposta da API.</doc>
<tag>testeEstruturaResposta</tag>
<status status="PASS" start="2024-06-03T10:18:57.502032" elapsed="1.345210"/>
</test>
<test id="s1-s1-t4" name="Validar tipos de dados" line="28">
<kw name="Teste de Tipos de Dados" owner="random-user-service">
<kw name="GET On Session" owner="RequestsLibrary">
<msg time="2024-06-03T10:18:59.956771" level="INFO">GET Request : url=https://randomuser.me/api 
 path_url=/api 
 headers={'User-Agent': 'python-requests/2.32.3', 'Accept-Encoding': 'gzip, deflate', 'Accept': '*/*', 'Connection': 'keep-alive'} 
 body=None 
 </msg>
<msg time="2024-06-03T10:18:59.956881" level="INFO">GET Response : url=https://randomuser.me/api 
 status=200, reason=OK 
 headers={'Date': 'Mon, 03 Jun 2024 10:18:59 GMT', 'Content-Type': 'application/json; charset=utf-8', 'Transfer-Encoding': 'chunked', 'Connection': 'keep-alive', 'X-Powered-By': 'Express', 'Access-Control-Allow-Origin': '*', 'Cache-Control': 'no-cache', 'ETag': 'W/"479-gDmi7cLO9YLXaF9+MdP68yvEa0c"', 'Vary': 'Accept-Encoding', 'Content-Encoding': 'gzip', 'CF-Cache-Status': 'DYNAMIC', 'Report-To': '{"endpoints":[{"url":"https:\\/\\/a.nel.cloudflare.com\\/report\\/v4?s=OeT8kCxIz%2FkKg11fOPpgl725NFbMBRgol%2BnD0xR%2Fv9njnVfEAU1JaTOStE6QzPjBGKO8PhS37HHoZy392IFR4Zo07ZsbbQ%2Bf49C4xusYCRSllX94tsoJ0erTZjWoKvSE"}],"group":"cf-nel","max_age":604800}', 'NEL': '{"success_fraction":0,"report_to":"cf-nel","max_age":604800}', 'Server': 'cloudflare', 'CF-RAY': '88def135dfaf874c-IAD', 'alt-svc': 'h3=":443"; ma=86400'} 
 body={"results":[{"gender":"female","name":{"title":"Mrs","first":"هلیا","last":"کوتی"},"location":{"street":{"number":2593,"name":"شورا"},"city":"گرگان","state":"قم","country":"Iran","postcode":55279,"coordinates":{"latitude":"18.5605","longitude":"175.7616"},"timezone":{"offset":"+2:00","description":"Kaliningrad, South Africa"}},"email":"hly.khwty@example.com","login":{"uuid":"ce8848f9-8c6a-4cef-8c6b-64229abe8847","username":"silvergorilla341","password":"heaven","salt":"VyQV59pV","md5":"e9f36bbd677369ffe710679a82e846ae","sha1":"9aa79d6acb423528db20b20b8fd5ba6f7f782e69","sha256":"40801525666f64c9371b7e0342da887f76b0af59014b6ded877622c881ebc4dc"},"dob":{"date":"1952-09-05T22:49:53.373Z","age":71},"registered":{"date":"2005-01-13T10:45:32.044Z","age":19},"phone":"067-85524989","cell":"0991-215-6578","id":{"name":"","value":null},"picture":{"large":"https://randomuser.me/api/portraits/women/55.jpg","medium":"https://randomuser.me/api/portraits/med/women/55.jpg","thumbnail":"https://randomuser.me/api/portraits/thumb/women/55.jpg"},"nat":"IR"}],"info":{"seed":"90f16066d9ac781b","results":1,"page":1,"version":"1.4"}} 
 </msg>
<msg time="2024-06-03T10:18:59.956974" level="INFO">/opt/hostedtoolcache/Python/3.12.3/x64/lib/python3.12/site-packages/urllib3/connectionpool.py:1103: InsecureRequestWarning: Unverified HTTPS request is being made to host 'randomuser.me'. Adding certificate verification is strongly advised. See: https://urllib3.readthedocs.io/en/latest/advanced-usage.html#tls-warnings
  warnings.warn(</msg>
<msg time="2024-06-03T10:18:59.957107" level="INFO">${response} = &lt;Response [200]&gt;</msg>
<var>${response}</var>
<arg>consultarAPI</arg>
<arg>/api</arg>
<doc>Sends a GET request on a previously created HTTP Session.</doc>
<status status="PASS" start="2024-06-03T10:18:58.850029" elapsed="1.107117"/>
</kw>
<kw name="Set Variable" owner="BuiltIn">
<msg time="2024-06-03T10:18:59.958598" level="INFO">${json_data} = {'results': [{'gender': 'female', 'name': {'title': 'Mrs', 'first': 'هلیا', 'last': 'کوتی'}, 'location': {'street': {'number': 2593, 'name': 'شورا'}, 'city': 'گرگان', 'state': 'قم', 'country': 'Iran',...</msg>
<var>${json_data}</var>
<arg>${response.json()}</arg>
<doc>Returns the given values which can then be assigned to a variables.</doc>
<status status="PASS" start="2024-06-03T10:18:59.958058" elapsed="0.000572"/>
</kw>
<kw name="Log" owner="BuiltIn">
<msg time="2024-06-03T10:18:59.961949" level="INFO">{'results': [{'gender': 'female', 'name': {'title': 'Mrs', 'first': 'هلیا', 'last': 'کوتی'}, 'location': {'street': {'number': 2593, 'name': 'شورا'}, 'city': 'گرگان', 'state': 'قم', 'country': 'Iran', 'postcode': 55279, 'coordinates': {'latitude': '18.5605', 'longitude': '175.7616'}, 'timezone': {'offset': '+2:00', 'description': 'Kaliningrad, South Africa'}}, 'email': 'hly.khwty@example.com', 'login': {'uuid': 'ce8848f9-8c6a-4cef-8c6b-64229abe8847', 'username': 'silvergorilla341', 'password': 'heaven', 'salt': 'VyQV59pV', 'md5': 'e9f36bbd677369ffe710679a82e846ae', 'sha1': '9aa79d6acb423528db20b20b8fd5ba6f7f782e69', 'sha256': '40801525666f64c9371b7e0342da887f76b0af59014b6ded877622c881ebc4dc'}, 'dob': {'date': '1952-09-05T22:49:53.373Z', 'age': 71}, 'registered': {'date': '2005-01-13T10:45:32.044Z', 'age': 19}, 'phone': '067-85524989', 'cell': '0991-215-6578', 'id': {'name': '', 'value': None}, 'picture': {'large': 'https://randomuser.me/api/portraits/women/55.jpg', 'medium': 'https://randomuser.me/api/portraits/med/women/55.jpg', 'thumbnail': 'https://randomuser.me/api/portraits/thumb/women/55.jpg'}, 'nat': 'IR'}], 'info': {'seed': '90f16066d9ac781b', 'results': 1, 'page': 1, 'version': '1.4'}}</msg>
<arg>${json_data}</arg>
<doc>Logs the given message with the given level.</doc>
<status status="PASS" start="2024-06-03T10:18:59.961776" elapsed="0.000264"/>
</kw>
<kw name="Should Be String" owner="String">
<arg>${json_data['results'][0]['gender']}</arg>
<doc>Fails if the given ``item`` is not a string.</doc>
<status status="PASS" start="2024-06-03T10:18:59.962369" elapsed="0.000489"/>
</kw>
<kw name="Should Match Regexp" owner="BuiltIn">
<arg>${json_data['results'][0]['email']}</arg>
<arg>^[a-zA-Z0-9._%+-]+@[a-zA-Z0-9.-]+\.[a-zA-Z]{2,}$</arg>
<doc>Fails if ``string`` does not match ``pattern`` as a regular expression.</doc>
<status status="PASS" start="2024-06-03T10:18:59.963106" elapsed="0.000862"/>
</kw>
<kw name="Should Match Regexp" owner="BuiltIn">
<arg>${json_data['results'][0]['dob']['date']}</arg>
<arg>\\d{4}-\\d{2}-\\d{2}T\\d{2}:\\d{2}:\\d{2}\\.\\d{3}Z</arg>
<doc>Fails if ``string`` does not match ``pattern`` as a regular expression.</doc>
<status status="PASS" start="2024-06-03T10:18:59.964228" elapsed="0.000680"/>
</kw>
<kw name="Should Match Regexp" owner="BuiltIn">
<arg>${json_data['results'][0]['registered']['date']}</arg>
<arg>\\d{4}-\\d{2}-\\d{2}T\\d{2}:\\d{2}:\\d{2}\\.\\d{3}Z</arg>
<doc>Fails if ``string`` does not match ``pattern`` as a regular expression.</doc>
<status status="PASS" start="2024-06-03T10:18:59.965176" elapsed="0.000497"/>
</kw>
<kw name="Should Match Regexp" owner="BuiltIn">
<arg>${json_data['results'][0]['picture']['large']}</arg>
<arg>^https?://.*\.(?:png|jpe?g|gif|bmp)$</arg>
<doc>Fails if ``string`` does not match ``pattern`` as a regular expression.</doc>
<status status="PASS" start="2024-06-03T10:18:59.965919" elapsed="0.000618"/>
</kw>
<kw name="Should Match Regexp" owner="BuiltIn">
<arg>${json_data['results'][0]['picture']['medium']}</arg>
<arg>^https?://.*\.(?:png|jpe?g|gif|bmp)$</arg>
<doc>Fails if ``string`` does not match ``pattern`` as a regular expression.</doc>
<status status="PASS" start="2024-06-03T10:18:59.966819" elapsed="0.000462"/>
</kw>
<kw name="Should Match Regexp" owner="BuiltIn">
<arg>${json_data['results'][0]['picture']['thumbnail']}</arg>
<arg>^https?://.*\.(?:png|jpe?g|gif|bmp)$</arg>
<doc>Fails if ``string`` does not match ``pattern`` as a regular expression.</doc>
<status status="PASS" start="2024-06-03T10:18:59.967534" elapsed="0.000484"/>
</kw>
<kw name="Log" owner="BuiltIn">
<msg time="2024-06-03T10:18:59.968745" level="INFO">{'large': 'https://randomuser.me/api/portraits/women/55.jpg', 'medium': 'https://randomuser.me/api/portraits/med/women/55.jpg', 'thumbnail': 'https://randomuser.me/api/portraits/thumb/women/55.jpg'}</msg>
<arg>${json_data['results'][0]['picture']}</arg>
<doc>Logs the given message with the given level.</doc>
<status status="PASS" start="2024-06-03T10:18:59.968298" elapsed="0.000503"/>
</kw>
<status status="PASS" start="2024-06-03T10:18:58.849785" elapsed="1.119349"/>
</kw>
<kw name="Teste de Tipos de Dados - Postcode" owner="random-user-service">
<kw name="GET On Session" owner="RequestsLibrary">
<msg time="2024-06-03T10:19:01.918261" level="INFO">GET Request : url=https://randomuser.me/api 
 path_url=/api 
 headers={'User-Agent': 'python-requests/2.32.3', 'Accept-Encoding': 'gzip, deflate', 'Accept': '*/*', 'Connection': 'keep-alive'} 
 body=None 
 </msg>
<msg time="2024-06-03T10:19:01.918382" level="INFO">GET Response : url=https://randomuser.me/api 
 status=200, reason=OK 
 headers={'Date': 'Mon, 03 Jun 2024 10:19:01 GMT', 'Content-Type': 'application/json; charset=utf-8', 'Transfer-Encoding': 'chunked', 'Connection': 'keep-alive', 'X-Powered-By': 'Express', 'Access-Control-Allow-Origin': '*', 'Cache-Control': 'no-cache', 'ETag': 'W/"498-xuBRsye3hQzjumPlV2ZKrnXJrH8"', 'Vary': 'Accept-Encoding', 'Content-Encoding': 'gzip', 'CF-Cache-Status': 'DYNAMIC', 'Report-To': '{"endpoints":[{"url":"https:\\/\\/a.nel.cloudflare.com\\/report\\/v4?s=pid7dGKEKvGsK7pazrI1Yy5i6NkXGvNAXKV1gRMHGxpni0LqreYbPUdseWsnZJeu01rlQOoCKfhY3gsuUCBWxAXwkzXFzjpDUorJQFxrNc4CSb7lRBTleE6wt%2FaYuYU0"}],"group":"cf-nel","max_age":604800}', 'NEL': '{"success_fraction":0,"report_to":"cf-nel","max_age":604800}', 'Server': 'cloudflare', 'CF-RAY': '88def13cdd40874c-IAD', 'alt-svc': 'h3=":443"; ma=86400'} 
 body={"results":[{"gender":"male","name":{"title":"Mr","first":"Rodney","last":"Shaw"},"location":{"street":{"number":5807,"name":"Hunters Creek Dr"},"city":"Worcester","state":"Idaho","country":"United States","postcode":40815,"coordinates":{"latitude":"88.9405","longitude":"-124.8396"},"timezone":{"offset":"+8:00","description":"Beijing, Perth, Singapore, Hong Kong"}},"email":"rodney.shaw@example.com","login":{"uuid":"ddd96f35-a487-443c-8303-37efd2e4e306","username":"beautifulduck289","password":"cantona","salt":"PsFCrmWW","md5":"849f87d76ee4b12ccacfa8de2cbcd6fb","sha1":"298a1c50fabfecb3d04237118ea75cb2d9920799","sha256":"dbdafbaedbe7c742bb1e10295f1f2b71ab0fbe25231eafce63c02dec373d4f0b"},"dob":{"date":"1970-09-10T07:08:04.731Z","age":53},"registered":{"date":"2020-04-26T18:23:33.600Z","age":4},"phone":"(819) 482-0442","cell":"(500) 980-6325","id":{"name":"SSN","value":"044-52-5021"},"picture":{"large":"https://randomuser.me/api/portraits/men/97.jpg","medium":"https://randomuser.me/api/portraits/med/men/97.jpg","thumbnail":"https://randomuser.me/api/portraits/thumb/men/97.jpg"},"nat":"US"}],"info":{"seed":"1a4365e1f1a2b11c","results":1,"page":1,"version":"1.4"}} 
 </msg>
<msg time="2024-06-03T10:19:01.918468" level="INFO">/opt/hostedtoolcache/Python/3.12.3/x64/lib/python3.12/site-packages/urllib3/connectionpool.py:1103: InsecureRequestWarning: Unverified HTTPS request is being made to host 'randomuser.me'. Adding certificate verification is strongly advised. See: https://urllib3.readthedocs.io/en/latest/advanced-usage.html#tls-warnings
  warnings.warn(</msg>
<msg time="2024-06-03T10:19:01.918613" level="INFO">${response} = &lt;Response [200]&gt;</msg>
<var>${response}</var>
<arg>consultarAPI</arg>
<arg>/api</arg>
<doc>Sends a GET request on a previously created HTTP Session.</doc>
<status status="PASS" start="2024-06-03T10:18:59.969741" elapsed="1.949030"/>
</kw>
<kw name="Set Variable" owner="BuiltIn">
<msg time="2024-06-03T10:19:01.919845" level="INFO">${json_data} = {'results': [{'gender': 'male', 'name': {'title': 'Mr', 'first': 'Rodney', 'last': 'Shaw'}, 'location': {'street': {'number': 5807, 'name': 'Hunters Creek Dr'}, 'city': 'Worcester', 'state': 'Idaho', ...</msg>
<var>${json_data}</var>
<arg>${response.json()}</arg>
<doc>Returns the given values which can then be assigned to a variables.</doc>
<status status="PASS" start="2024-06-03T10:19:01.919301" elapsed="0.000574"/>
</kw>
<kw name="Log" owner="BuiltIn">
<msg time="2024-06-03T10:19:01.920374" level="INFO">{'results': [{'gender': 'male', 'name': {'title': 'Mr', 'first': 'Rodney', 'last': 'Shaw'}, 'location': {'street': {'number': 5807, 'name': 'Hunters Creek Dr'}, 'city': 'Worcester', 'state': 'Idaho', 'country': 'United States', 'postcode': 40815, 'coordinates': {'latitude': '88.9405', 'longitude': '-124.8396'}, 'timezone': {'offset': '+8:00', 'description': 'Beijing, Perth, Singapore, Hong Kong'}}, 'email': 'rodney.shaw@example.com', 'login': {'uuid': 'ddd96f35-a487-443c-8303-37efd2e4e306', 'username': 'beautifulduck289', 'password': 'cantona', 'salt': 'PsFCrmWW', 'md5': '849f87d76ee4b12ccacfa8de2cbcd6fb', 'sha1': '298a1c50fabfecb3d04237118ea75cb2d9920799', 'sha256': 'dbdafbaedbe7c742bb1e10295f1f2b71ab0fbe25231eafce63c02dec373d4f0b'}, 'dob': {'date': '1970-09-10T07:08:04.731Z', 'age': 53}, 'registered': {'date': '2020-04-26T18:23:33.600Z', 'age': 4}, 'phone': '(819) 482-0442', 'cell': '(500) 980-6325', 'id': {'name': 'SSN', 'value': '044-52-5021'}, 'picture': {'large': 'https://randomuser.me/api/portraits/men/97.jpg', 'medium': 'https://randomuser.me/api/portraits/med/men/97.jpg', 'thumbnail': 'https://randomuser.me/api/portraits/thumb/men/97.jpg'}, 'nat': 'US'}], 'info': {'seed': '1a4365e1f1a2b11c', 'results': 1, 'page': 1, 'version': '1.4'}}</msg>
<arg>${json_data}</arg>
<doc>Logs the given message with the given level.</doc>
<status status="PASS" start="2024-06-03T10:19:01.920184" elapsed="0.000272"/>
</kw>
<kw name="Should Be Equal As Numbers" owner="BuiltIn">
<arg>${json_data['results'][0]['location']['postcode']}</arg>
<arg>${json_data['results'][0]['location']['postcode']}</arg>
<doc>Fails if objects are unequal after converting them to real numbers.</doc>
<status status="PASS" start="2024-06-03T10:19:01.920766" elapsed="0.000639"/>
</kw>
<kw name="Log" owner="BuiltIn">
<msg time="2024-06-03T10:19:01.921934" level="INFO">40815</msg>
<arg>${json_data['results'][0]['location']['postcode']}</arg>
<doc>Logs the given message with the given level.</doc>
<status status="PASS" start="2024-06-03T10:19:01.921598" elapsed="0.000376"/>
</kw>
<status status="PASS" start="2024-06-03T10:18:59.969438" elapsed="1.952796"/>
</kw>
<doc>Testa se os tipos de dados na resposta da API estão corretos.</doc>
<tag>testeTiposDados</tag>
<status status="PASS" start="2024-06-03T10:18:58.849107" elapsed="3.073303"/>
</test>
<test id="s1-s1-t5" name="Validar conteudo" line="35">
<kw name="Teste de Tipos de Conteudo" owner="random-user-service">
<kw name="GET On Session" owner="RequestsLibrary">
<msg time="2024-06-03T10:19:03.809066" level="INFO">GET Request : url=https://randomuser.me/api 
 path_url=/api 
 headers={'User-Agent': 'python-requests/2.32.3', 'Accept-Encoding': 'gzip, deflate', 'Accept': '*/*', 'Connection': 'keep-alive'} 
 body=None 
 </msg>
<msg time="2024-06-03T10:19:03.809179" level="INFO">GET Response : url=https://randomuser.me/api 
 status=200, reason=OK 
 headers={'Date': 'Mon, 03 Jun 2024 10:19:03 GMT', 'Content-Type': 'application/json; charset=utf-8', 'Transfer-Encoding': 'chunked', 'Connection': 'keep-alive', 'X-Powered-By': 'Express', 'Access-Control-Allow-Origin': '*', 'Cache-Control': 'no-cache', 'ETag': 'W/"491-3XHtLYwQUhnHGhdDC4OzMHa3+s4"', 'Vary': 'Accept-Encoding', 'Content-Encoding': 'gzip', 'CF-Cache-Status': 'DYNAMIC', 'Report-To': '{"endpoints":[{"url":"https:\\/\\/a.nel.cloudflare.com\\/report\\/v4?s=f1I%2B8C533Wa%2B8Zz%2BhXPn9bXs3UsXW8U%2BaBqGsWQDirZuMtQWdJRx1PIcjPZ9tBzFQNtcvEJIBkshmaEx8Pnu3XONoQLHP0H9pxW9jzoaNSP4KdLrvi2MpgpS%2BPNWa9ib"}],"group":"cf-nel","max_age":604800}', 'NEL': '{"success_fraction":0,"report_to":"cf-nel","max_age":604800}', 'Server': 'cloudflare', 'CF-RAY': '88def1490837874c-IAD', 'alt-svc': 'h3=":443"; ma=86400'} 
 body={"results":[{"gender":"female","name":{"title":"Miss","first":"Graciete","last":"Fogaça"},"location":{"street":{"number":2185,"name":"Rua Bela Vista "},"city":"Imperatriz","state":"Distrito Federal","country":"Brazil","postcode":44081,"coordinates":{"latitude":"-75.9079","longitude":"16.1035"},"timezone":{"offset":"-10:00","description":"Hawaii"}},"email":"graciete.fogaca@example.com","login":{"uuid":"67013264-64f7-4574-a0d9-275f9364fd36","username":"purplecat519","password":"srinivas","salt":"s0EvEsic","md5":"98d7a81a289236c0a6ca5a4a521ccb8f","sha1":"fb9af96f3aa2f4646624822cc727ec0d4e37c591","sha256":"3a4458a2c636eb1deb1d45a837568e88758bba01f485a424f724c767de549e7d"},"dob":{"date":"1965-06-17T10:21:17.918Z","age":58},"registered":{"date":"2021-03-23T11:24:48.361Z","age":3},"phone":"(23) 2982-3739","cell":"(23) 9009-3240","id":{"name":"CPF","value":"455.135.873-58"},"picture":{"large":"https://randomuser.me/api/portraits/women/58.jpg","medium":"https://randomuser.me/api/portraits/med/women/58.jpg","thumbnail":"https://randomuser.me/api/portraits/thumb/women/58.jpg"},"nat":"BR"}],"info":{"seed":"8b3ad0b5b94d1bc7","results":1,"page":1,"version":"1.4"}} 
 </msg>
<msg time="2024-06-03T10:19:03.809264" level="INFO">/opt/hostedtoolcache/Python/3.12.3/x64/lib/python3.12/site-packages/urllib3/connectionpool.py:1103: InsecureRequestWarning: Unverified HTTPS request is being made to host 'randomuser.me'. Adding certificate verification is strongly advised. See: https://urllib3.readthedocs.io/en/latest/advanced-usage.html#tls-warnings
  warnings.warn(</msg>
<msg time="2024-06-03T10:19:03.809391" level="INFO">${response} = &lt;Response [200]&gt;</msg>
<var>${response}</var>
<arg>consultarAPI</arg>
<arg>/api</arg>
<doc>Sends a GET request on a previously created HTTP Session.</doc>
<status status="PASS" start="2024-06-03T10:19:01.924948" elapsed="1.884487"/>
</kw>
<kw name="Set Variable" owner="BuiltIn">
<msg time="2024-06-03T10:19:03.810575" level="INFO">${json_data} = {'results': [{'gender': 'female', 'name': {'title': 'Miss', 'first': 'Graciete', 'last': 'Fogaça'}, 'location': {'street': {'number': 2185, 'name': 'Rua Bela Vista '}, 'city': 'Imperatriz', 'state': '...</msg>
<var>${json_data}</var>
<arg>${response.json()}</arg>
<doc>Returns the given values which can then be assigned to a variables.</doc>
<status status="PASS" start="2024-06-03T10:19:03.810026" elapsed="0.000578"/>
</kw>
<kw name="Set Variable" owner="BuiltIn">
<msg time="2024-06-03T10:19:03.811302" level="INFO">${name_title} = Miss</msg>
<var>${name_title}</var>
<arg>${json_data["results"][0]["name"]["title"]}</arg>
<doc>Returns the given values which can then be assigned to a variables.</doc>
<status status="PASS" start="2024-06-03T10:19:03.810920" elapsed="0.000407"/>
</kw>
<kw name="Create List" owner="BuiltIn">
<msg time="2024-06-03T10:19:03.811772" level="INFO">${allowed_titles} = ['Mr', 'Ms', 'Miss', 'Mrs', 'Madame', 'Monsieur']</msg>
<var>${allowed_titles}</var>
<arg>Mr</arg>
<arg>Ms</arg>
<arg>Miss</arg>
<arg>Mrs</arg>
<arg>Madame</arg>
<arg>Monsieur</arg>
<doc>Returns a list containing given items.</doc>
<status status="PASS" start="2024-06-03T10:19:03.811623" elapsed="0.000173"/>
</kw>
<kw name="List Should Contain Value" owner="Collections">
<msg time="2024-06-03T10:19:03.812273" level="INFO">False</msg>
<arg>${allowed_titles}</arg>
<arg>${name_title}</arg>
<doc>Fails if the ``value`` is not found from ``list``.</doc>
<status status="PASS" start="2024-06-03T10:19:03.812099" elapsed="0.000244"/>
</kw>
<kw name="Set Variable" owner="BuiltIn">
<msg time="2024-06-03T10:19:03.813210" level="INFO">${name_country} = BR</msg>
<var>${name_country}</var>
<arg>${json_data["results"][0]["nat"]}</arg>
<doc>Returns the given values which can then be assigned to a variables.</doc>
<status status="PASS" start="2024-06-03T10:19:03.812645" elapsed="0.000591"/>
</kw>
<kw name="Create List" owner="BuiltIn">
<msg time="2024-06-03T10:19:03.814134" level="INFO">${list_country} = ['AD', 'AE', 'AF', 'AG', 'AI', 'AL', 'AM', 'AO', 'AQ', 'AR', 'AS', 'AT', 'AU', 'AW', 'AX', 'AZ', 'BA', 'BB', 'BD', 'BE', 'BF', 'BG', 'BH', 'BI', 'BJ', 'BL', 'BM', 'BN', 'BO', 'BQ', 'BR', 'BS', 'BT', '...</msg>
<var>${list_country}</var>
<arg>AD</arg>
<arg>AE</arg>
<arg>AF</arg>
<arg>AG</arg>
<arg>AI</arg>
<arg>AL</arg>
<arg>AM</arg>
<arg>AO</arg>
<arg>AQ</arg>
<arg>AR</arg>
<arg>AS</arg>
<arg>AT</arg>
<arg>AU</arg>
<arg>AW</arg>
<arg>AX</arg>
<arg>AZ</arg>
<arg>BA</arg>
<arg>BB</arg>
<arg>BD</arg>
<arg>BE</arg>
<arg>BF</arg>
<arg>BG</arg>
<arg>BH</arg>
<arg>BI</arg>
<arg>BJ</arg>
<arg>BL</arg>
<arg>BM</arg>
<arg>BN</arg>
<arg>BO</arg>
<arg>BQ</arg>
<arg>BR</arg>
<arg>BS</arg>
<arg>BT</arg>
<arg>BV</arg>
<arg>BW</arg>
<arg>BY</arg>
<arg>BZ</arg>
<arg>CA</arg>
<arg>CC</arg>
<arg>CD</arg>
<arg>CF</arg>
<arg>CG</arg>
<arg>CH</arg>
<arg>CI</arg>
<arg>CK</arg>
<arg>CL</arg>
<arg>CM</arg>
<arg>CN</arg>
<arg>CO</arg>
<arg>CR</arg>
<arg>CU</arg>
<arg>CV</arg>
<arg>CW</arg>
<arg>CX</arg>
<arg>CY</arg>
<arg>CZ</arg>
<arg>DE</arg>
<arg>DJ</arg>
<arg>DK</arg>
<arg>DM</arg>
<arg>DO</arg>
<arg>DZ</arg>
<arg>EC</arg>
<arg>EE</arg>
<arg>EG</arg>
<arg>EH</arg>
<arg>ER</arg>
<arg>ES</arg>
<arg>ET</arg>
<arg>FI</arg>
<arg>FJ</arg>
<arg>FK</arg>
<arg>FM</arg>
<arg>FO</arg>
<arg>FR</arg>
<arg>GA</arg>
<arg>GB</arg>
<arg>GD</arg>
<arg>GE</arg>
<arg>GF</arg>
<arg>GG</arg>
<arg>GH</arg>
<arg>GI</arg>
<arg>GL</arg>
<arg>GM</arg>
<arg>GN</arg>
<arg>GP</arg>
<arg>GQ</arg>
<arg>GR</arg>
<arg>GS</arg>
<arg>GT</arg>
<arg>GU</arg>
<arg>GW</arg>
<arg>GY</arg>
<arg>HK</arg>
<arg>HM</arg>
<arg>HN</arg>
<arg>HR</arg>
<arg>HT</arg>
<arg>HU</arg>
<arg>ID</arg>
<arg>IE</arg>
<arg>IL</arg>
<arg>IM</arg>
<arg>IN</arg>
<arg>IO</arg>
<arg>IQ</arg>
<arg>IR</arg>
<arg>IS</arg>
<arg>IT</arg>
<arg>JE</arg>
<arg>JM</arg>
<arg>JO</arg>
<arg>JP</arg>
<arg>KE</arg>
<arg>KG</arg>
<arg>KH</arg>
<arg>KI</arg>
<arg>KM</arg>
<arg>KN</arg>
<arg>KP</arg>
<arg>KR</arg>
<arg>KW</arg>
<arg>KY</arg>
<arg>KZ</arg>
<arg>LA</arg>
<arg>LB</arg>
<arg>LC</arg>
<arg>LI</arg>
<arg>LK</arg>
<arg>LR</arg>
<arg>LS</arg>
<arg>LT</arg>
<arg>LU</arg>
<arg>LV</arg>
<arg>LY</arg>
<arg>MA</arg>
<arg>MC</arg>
<arg>MD</arg>
<arg>ME</arg>
<arg>MF</arg>
<arg>MG</arg>
<arg>MH</arg>
<arg>MK</arg>
<arg>ML</arg>
<arg>MM</arg>
<arg>MN</arg>
<arg>MO</arg>
<arg>MP</arg>
<arg>MQ</arg>
<arg>MR</arg>
<arg>MS</arg>
<arg>MT</arg>
<arg>MU</arg>
<arg>MV</arg>
<arg>MW</arg>
<arg>MX</arg>
<arg>MY</arg>
<arg>MZ</arg>
<arg>NA</arg>
<arg>NC</arg>
<arg>NE</arg>
<arg>NF</arg>
<arg>NG</arg>
<arg>NI</arg>
<arg>NL</arg>
<arg>NO</arg>
<arg>NP</arg>
<arg>NR</arg>
<arg>NU</arg>
<arg>NZ</arg>
<arg>OM</arg>
<arg>PA</arg>
<arg>PE</arg>
<arg>PF</arg>
<arg>PG</arg>
<arg>PH</arg>
<arg>PK</arg>
<arg>PL</arg>
<arg>PM</arg>
<arg>PN</arg>
<arg>PR</arg>
<arg>PS</arg>
<arg>PT</arg>
<arg>PW</arg>
<arg>PY</arg>
<arg>QA</arg>
<arg>RE</arg>
<arg>RO</arg>
<arg>RS</arg>
<arg>RU</arg>
<arg>RW</arg>
<arg>SA</arg>
<arg>SB</arg>
<arg>SC</arg>
<arg>SD</arg>
<arg>SE</arg>
<arg>SG</arg>
<arg>SH</arg>
<arg>SI</arg>
<arg>SJ</arg>
<arg>SK</arg>
<arg>SL</arg>
<arg>SM</arg>
<arg>SN</arg>
<arg>SO</arg>
<arg>SR</arg>
<arg>SS</arg>
<arg>ST</arg>
<arg>SV</arg>
<arg>SX</arg>
<arg>SY</arg>
<arg>SZ</arg>
<arg>TC</arg>
<arg>TD</arg>
<arg>TF</arg>
<arg>TG</arg>
<arg>TH</arg>
<arg>TJ</arg>
<arg>TK</arg>
<arg>TL</arg>
<arg>TM</arg>
<arg>TN</arg>
<arg>TO</arg>
<arg>TR</arg>
<arg>TT</arg>
<arg>TV</arg>
<arg>TW</arg>
<arg>TZ</arg>
<arg>UA</arg>
<arg>UG</arg>
<arg>UM</arg>
<arg>US</arg>
<arg>UY</arg>
<arg>UZ</arg>
<arg>VA</arg>
<arg>VC</arg>
<arg>VE</arg>
<arg>VG</arg>
<arg>VI</arg>
<arg>VN</arg>
<arg>VU</arg>
<arg>WF</arg>
<arg>WS</arg>
<arg>XK</arg>
<arg>YE</arg>
<arg>YT</arg>
<arg>ZA</arg>
<arg>ZM</arg>
<arg>ZW</arg>
<doc>Returns a list containing given items.</doc>
<status status="PASS" start="2024-06-03T10:19:03.813537" elapsed="0.000623"/>
</kw>
<kw name="List Should Contain Value" owner="Collections">
<msg time="2024-06-03T10:19:03.815149" level="INFO">False</msg>
<arg>${list_country}</arg>
<arg>${name_country}</arg>
<doc>Fails if the ``value`` is not found from ``list``.</doc>
<status status="PASS" start="2024-06-03T10:19:03.814951" elapsed="0.000233"/>
</kw>
<kw name="Run Keyword If" owner="BuiltIn">
<kw name="Should Be True" owner="BuiltIn">
<arg>${True}</arg>
<doc>Fails if the given condition is not true.</doc>
<status status="PASS" start="2024-06-03T10:19:03.816239" elapsed="0.000174"/>
</kw>
<arg>${json_data["results"][0]["location"]["coordinates"]["latitude"]} &gt;= -90 and ${json_data["results"][0]["location"]["coordinates"]["latitude"]} &lt;= 90</arg>
<arg>Should Be True</arg>
<arg>${True}</arg>
<doc>Runs the given keyword with the given arguments, if ``condition`` is true.</doc>
<status status="PASS" start="2024-06-03T10:19:03.815493" elapsed="0.001048"/>
</kw>
<kw name="Run Keyword If" owner="BuiltIn">
<kw name="Should Be True" owner="BuiltIn">
<arg>${True}</arg>
<doc>Fails if the given condition is not true.</doc>
<status status="PASS" start="2024-06-03T10:19:03.817426" elapsed="0.000136"/>
</kw>
<arg>${json_data["results"][0]["location"]["coordinates"]["longitude"]} &gt;= -180 and ${json_data["results"][0]["location"]["coordinates"]["longitude"]} &lt;= 180</arg>
<arg>Should Be True</arg>
<arg>${True}</arg>
<doc>Runs the given keyword with the given arguments, if ``condition`` is true.</doc>
<status status="PASS" start="2024-06-03T10:19:03.816730" elapsed="0.000954"/>
</kw>
<status status="PASS" start="2024-06-03T10:19:01.924691" elapsed="1.893122"/>
</kw>
<doc>Testa o conteúdo específico dos campos retornados pela API.</doc>
<tag>testeConteudo</tag>
<status status="PASS" start="2024-06-03T10:19:01.924193" elapsed="1.893774"/>
</test>
<status status="PASS" start="2024-06-03T10:18:55.613974" elapsed="8.205947"/>
</suite>
<status status="PASS" start="2024-06-03T10:18:55.600348" elapsed="8.224759"/>
</suite>
<statistics>
<total>
<stat pass="5" fail="0" skip="0">All Tests</stat>
</total>
<tag>
<stat pass="1" fail="0" skip="0">testeConteudo</stat>
<stat pass="1" fail="0" skip="0">testeEstruturaResposta</stat>
<stat pass="1" fail="0" skip="0">testeRequisicaoBasica</stat>
<stat pass="1" fail="0" skip="0">testeTiposDados</stat>
</tag>
<suite>
<stat pass="5" fail="0" skip="0" id="s1" name="Tests">Tests</stat>
<stat pass="5" fail="0" skip="0" id="s1-s1" name="Random-User-Test">Tests.Random-User-Test</stat>
</suite>
</statistics>
<errors>
</errors>
</robot>
