<?xml version="1.0" encoding="UTF-8"?>
<robot generator="Robot 7.0.1 (Python 3.12.4 on linux)" generated="2024-07-04T22:14:36.036109" rpa="false" schemaversion="5">
<suite id="s1" name="Tests" source="/home/runner/work/ApiRandomUser/ApiRandomUser/RamdonUser/tests">
<suite id="s1-s1" name="Random-User-Test" source="/home/runner/work/ApiRandomUser/ApiRandomUser/RamdonUser/tests/random-user-test.robot">
<test id="s1-s1-t1" name="Conectar" line="13">
<kw name="Conectar API" owner="random-user-service">
<kw name="Create Session" owner="RequestsLibrary">
<msg time="2024-07-04T22:14:36.458594" level="INFO">Creating Session using : alias=consultarAPI, url=https://randomuser.me/, headers={},                     cookies={}, auth=None, timeout=None, proxies=None, verify=False,                     debug=0 </msg>
<arg>consultarAPI</arg>
<arg>${URL}</arg>
<doc>Create Session: create a HTTP session to a server</doc>
<status status="PASS" start="2024-07-04T22:14:36.458384" elapsed="0.000412"/>
</kw>
<status status="PASS" start="2024-07-04T22:14:36.457359" elapsed="0.001807"/>
</kw>
<status status="PASS" start="2024-07-04T22:14:36.456738" elapsed="0.002623"/>
</test>
<test id="s1-s1-t2" name="Validar retorno 200 e JSON Válido" line="16">
<kw name="Teste de Requisicao Basica" owner="random-user-service">
<kw name="GET On Session" owner="RequestsLibrary">
<msg time="2024-07-04T22:14:37.116399" level="INFO">GET Request : url=https://randomuser.me/api 
 path_url=/api 
 headers={'User-Agent': 'python-requests/2.32.3', 'Accept-Encoding': 'gzip, deflate', 'Accept': '*/*', 'Connection': 'keep-alive'} 
 body=None 
 </msg>
<msg time="2024-07-04T22:14:37.116551" level="INFO">GET Response : url=https://randomuser.me/api 
 status=200, reason=OK 
 headers={'Date': 'Thu, 04 Jul 2024 22:14:37 GMT', 'Content-Type': 'application/json; charset=utf-8', 'Transfer-Encoding': 'chunked', 'Connection': 'keep-alive', 'X-Powered-By': 'Express', 'Access-Control-Allow-Origin': '*', 'Cache-Control': 'no-cache', 'ETag': 'W/"47b-r/zLozhJwszMXyjJ63K+B9eWwaU"', 'Vary': 'Accept-Encoding', 'Content-Encoding': 'gzip', 'CF-Cache-Status': 'DYNAMIC', 'Report-To': '{"endpoints":[{"url":"https:\\/\\/a.nel.cloudflare.com\\/report\\/v4?s=O8FCt8WVujxU68XVxD8qddtu9Slgjijw1o6%2BAMvSmZmZhPLRpWz9aGje2FAVjVT%2Bx60dEmsTP5VJo8%2FsR7uFy5GwFiCc%2B8BohOnZvMxLIKRP9iAMFKBKUnzcI1GWHbre"}],"group":"cf-nel","max_age":604800}', 'NEL': '{"success_fraction":0,"report_to":"cf-nel","max_age":604800}', 'Server': 'cloudflare', 'CF-RAY': '89e278217f5222ea-SJC', 'alt-svc': 'h3=":443"; ma=86400'} 
 body={"results":[{"gender":"male","name":{"title":"Mr","first":"Dylan","last":"Patel"},"location":{"street":{"number":928,"name":"Prince Albert Road"},"city":"Palmerston North","state":"Bay of Plenty","country":"New Zealand","postcode":12082,"coordinates":{"latitude":"52.4055","longitude":"-152.6861"},"timezone":{"offset":"+3:30","description":"Tehran"}},"email":"dylan.patel@example.com","login":{"uuid":"4991b910-89d8-4f2e-a219-33d1e9b7fd33","username":"beautifulmeercat302","password":"bird33","salt":"HK2H0i4z","md5":"727495733d9b2b5b209428dd987f918f","sha1":"13bf9d1fb34c385fa73b4c6df284c9758a44a394","sha256":"e23fb1326abdccb9d4a7e9b69bf6ee5d25826855db80bafc357dd564c3d1c8a0"},"dob":{"date":"1957-12-10T18:24:06.826Z","age":66},"registered":{"date":"2019-08-27T15:32:47.163Z","age":4},"phone":"(957)-498-2299","cell":"(215)-111-1198","id":{"name":"","value":null},"picture":{"large":"https://randomuser.me/api/portraits/men/7.jpg","medium":"https://randomuser.me/api/portraits/med/men/7.jpg","thumbnail":"https://randomuser.me/api/portraits/thumb/men/7.jpg"},"nat":"NZ"}],"info":{"seed":"5385baca1a193075","results":1,"page":1,"version":"1.4"}} 
 </msg>
<msg time="2024-07-04T22:14:37.116633" level="INFO">/opt/hostedtoolcache/Python/3.12.4/x64/lib/python3.12/site-packages/urllib3/connectionpool.py:1099: InsecureRequestWarning: Unverified HTTPS request is being made to host 'randomuser.me'. Adding certificate verification is strongly advised. See: https://urllib3.readthedocs.io/en/latest/advanced-usage.html#tls-warnings
  warnings.warn(</msg>
<msg time="2024-07-04T22:14:37.116793" level="INFO">${response} = &lt;Response [200]&gt;</msg>
<var>${response}</var>
<arg>consultarAPI</arg>
<arg>/api</arg>
<doc>Sends a GET request on a previously created HTTP Session.</doc>
<status status="PASS" start="2024-07-04T22:14:36.462117" elapsed="0.654723"/>
</kw>
<kw name="Should Be Equal As Numbers" owner="BuiltIn">
<msg time="2024-07-04T22:14:37.117889" level="INFO">Argument types are:
&lt;class 'int'&gt;
&lt;class 'str'&gt;</msg>
<arg>${response.status_code}</arg>
<arg>200</arg>
<doc>Fails if objects are unequal after converting them to real numbers.</doc>
<status status="PASS" start="2024-07-04T22:14:37.117421" elapsed="0.000534"/>
</kw>
<kw name="Log" owner="BuiltIn">
<msg time="2024-07-04T22:14:37.118631" level="INFO">200</msg>
<arg>${response.status_code}</arg>
<doc>Logs the given message with the given level.</doc>
<status status="PASS" start="2024-07-04T22:14:37.118275" elapsed="0.000399"/>
</kw>
<kw name="Set Variable" owner="BuiltIn">
<msg time="2024-07-04T22:14:37.119418" level="INFO">${json_data} = {'results': [{'gender': 'male', 'name': {'title': 'Mr', 'first': 'Dylan', 'last': 'Patel'}, 'location': {'street': {'number': 928, 'name': 'Prince Albert Road'}, 'city': 'Palmerston North', 'state': '...</msg>
<var>${json_data}</var>
<arg>${response.json()}</arg>
<doc>Returns the given values which can then be assigned to a variables.</doc>
<status status="PASS" start="2024-07-04T22:14:37.118979" elapsed="0.000469"/>
</kw>
<kw name="Dictionary Should Contain Key" owner="Collections">
<arg>${json_data}</arg>
<arg>results</arg>
<doc>Fails if ``key`` is not found from ``dictionary``.</doc>
<status status="PASS" start="2024-07-04T22:14:37.119744" elapsed="0.000165"/>
</kw>
<status status="PASS" start="2024-07-04T22:14:36.461853" elapsed="0.658208"/>
</kw>
<doc>Testa se a API responde corretamente e retorna um objeto JSON válido.</doc>
<tag>testeRequisicaoBasica</tag>
<status status="PASS" start="2024-07-04T22:14:36.461284" elapsed="0.658954"/>
</test>
<test id="s1-s1-t3" name="Validar estrutura de resposta" line="22">
<kw name="Teste de Estrutura de Resposta" owner="random-user-service">
<kw name="GET On Session" owner="RequestsLibrary">
<msg time="2024-07-04T22:14:37.214270" level="INFO">GET Request : url=https://randomuser.me/api 
 path_url=/api 
 headers={'User-Agent': 'python-requests/2.32.3', 'Accept-Encoding': 'gzip, deflate', 'Accept': '*/*', 'Connection': 'keep-alive'} 
 body=None 
 </msg>
<msg time="2024-07-04T22:14:37.214353" level="INFO">GET Response : url=https://randomuser.me/api 
 status=200, reason=OK 
 headers={'Date': 'Thu, 04 Jul 2024 22:14:37 GMT', 'Content-Type': 'application/json; charset=utf-8', 'Transfer-Encoding': 'chunked', 'Connection': 'keep-alive', 'X-Powered-By': 'Express', 'Access-Control-Allow-Origin': '*', 'Cache-Control': 'no-cache', 'ETag': 'W/"49c-50RKItfrLYs7uLxOSko2028iQRU"', 'Vary': 'Accept-Encoding', 'Content-Encoding': 'gzip', 'CF-Cache-Status': 'DYNAMIC', 'Report-To': '{"endpoints":[{"url":"https:\\/\\/a.nel.cloudflare.com\\/report\\/v4?s=tMBr2UgO6Gz92XNMUfFspAYBemG7VB%2F%2B9icLAfWgHnzTaFhrfc%2BDZdRXiKoEBJcIZ%2BNxElsMP5NSKmh8%2FMnWmhQLDn0QpCD4wscXzks5gaB8c9gy73mc5FTx7Mfs3rpN"}],"group":"cf-nel","max_age":604800}', 'NEL': '{"success_fraction":0,"report_to":"cf-nel","max_age":604800}', 'Server': 'cloudflare', 'CF-RAY': '89e278220f9c22ea-SJC', 'alt-svc': 'h3=":443"; ma=86400'} 
 body={"results":[{"gender":"female","name":{"title":"Miss","first":"Eva","last":"Brown"},"location":{"street":{"number":5636,"name":"Eason Rd"},"city":"North Charleston","state":"Tennessee","country":"United States","postcode":32048,"coordinates":{"latitude":"87.0902","longitude":"129.8455"},"timezone":{"offset":"+5:30","description":"Bombay, Calcutta, Madras, New Delhi"}},"email":"eva.brown@example.com","login":{"uuid":"513b939d-3762-4d10-82b7-b60f636f1b57","username":"lazypanda458","password":"rainbow1","salt":"Dxi1gdqk","md5":"e416637431eed8b15bd46db7fafed435","sha1":"ea14f3317f75204d534640d4d0440b17d898515c","sha256":"c7ee655ddd2b34ae787887fa32b57f852844853fd334fc52ad4b9a616c3eb45c"},"dob":{"date":"1946-11-08T23:55:15.264Z","age":77},"registered":{"date":"2022-04-06T14:23:45.443Z","age":2},"phone":"(349) 273-4109","cell":"(296) 244-0024","id":{"name":"SSN","value":"747-74-3426"},"picture":{"large":"https://randomuser.me/api/portraits/women/41.jpg","medium":"https://randomuser.me/api/portraits/med/women/41.jpg","thumbnail":"https://randomuser.me/api/portraits/thumb/women/41.jpg"},"nat":"US"}],"info":{"seed":"f71a19f4a95dae24","results":1,"page":1,"version":"1.4"}} 
 </msg>
<msg time="2024-07-04T22:14:37.214472" level="INFO">/opt/hostedtoolcache/Python/3.12.4/x64/lib/python3.12/site-packages/urllib3/connectionpool.py:1099: InsecureRequestWarning: Unverified HTTPS request is being made to host 'randomuser.me'. Adding certificate verification is strongly advised. See: https://urllib3.readthedocs.io/en/latest/advanced-usage.html#tls-warnings
  warnings.warn(</msg>
<msg time="2024-07-04T22:14:37.214600" level="INFO">${response} = &lt;Response [200]&gt;</msg>
<var>${response}</var>
<arg>consultarAPI</arg>
<arg>/api</arg>
<doc>Sends a GET request on a previously created HTTP Session.</doc>
<status status="PASS" start="2024-07-04T22:14:37.122944" elapsed="0.091701"/>
</kw>
<kw name="Set Variable" owner="BuiltIn">
<msg time="2024-07-04T22:14:37.215564" level="INFO">${json_data} = {'results': [{'gender': 'female', 'name': {'title': 'Miss', 'first': 'Eva', 'last': 'Brown'}, 'location': {'street': {'number': 5636, 'name': 'Eason Rd'}, 'city': 'North Charleston', 'state': 'Tenness...</msg>
<var>${json_data}</var>
<arg>${response.json()}</arg>
<doc>Returns the given values which can then be assigned to a variables.</doc>
<status status="PASS" start="2024-07-04T22:14:37.215082" elapsed="0.000511"/>
</kw>
<kw name="Log" owner="BuiltIn">
<msg time="2024-07-04T22:14:37.216074" level="INFO">{'results': [{'gender': 'female', 'name': {'title': 'Miss', 'first': 'Eva', 'last': 'Brown'}, 'location': {'street': {'number': 5636, 'name': 'Eason Rd'}, 'city': 'North Charleston', 'state': 'Tennessee', 'country': 'United States', 'postcode': 32048, 'coordinates': {'latitude': '87.0902', 'longitude': '129.8455'}, 'timezone': {'offset': '+5:30', 'description': 'Bombay, Calcutta, Madras, New Delhi'}}, 'email': 'eva.brown@example.com', 'login': {'uuid': '513b939d-3762-4d10-82b7-b60f636f1b57', 'username': 'lazypanda458', 'password': 'rainbow1', 'salt': 'Dxi1gdqk', 'md5': 'e416637431eed8b15bd46db7fafed435', 'sha1': 'ea14f3317f75204d534640d4d0440b17d898515c', 'sha256': 'c7ee655ddd2b34ae787887fa32b57f852844853fd334fc52ad4b9a616c3eb45c'}, 'dob': {'date': '1946-11-08T23:55:15.264Z', 'age': 77}, 'registered': {'date': '2022-04-06T14:23:45.443Z', 'age': 2}, 'phone': '(349) 273-4109', 'cell': '(296) 244-0024', 'id': {'name': 'SSN', 'value': '747-74-3426'}, 'picture': {'large': 'https://randomuser.me/api/portraits/women/41.jpg', 'medium': 'https://randomuser.me/api/portraits/med/women/41.jpg', 'thumbnail': 'https://randomuser.me/api/portraits/thumb/women/41.jpg'}, 'nat': 'US'}], 'info': {'seed': 'f71a19f4a95dae24', 'results': 1, 'page': 1, 'version': '1.4'}}</msg>
<arg>${json_data}</arg>
<doc>Logs the given message with the given level.</doc>
<status status="PASS" start="2024-07-04T22:14:37.215900" elapsed="0.000232"/>
</kw>
<kw name="Dictionary Should Contain Key" owner="Collections">
<arg>${json_data}</arg>
<arg>results</arg>
<doc>Fails if ``key`` is not found from ``dictionary``.</doc>
<status status="PASS" start="2024-07-04T22:14:37.216437" elapsed="0.000154"/>
</kw>
<kw name="Should Not Be Empty" owner="BuiltIn">
<msg time="2024-07-04T22:14:37.216907" level="INFO">Length is 2.</msg>
<arg>${json_data}</arg>
<doc>Verifies that the given item is not empty.</doc>
<status status="PASS" start="2024-07-04T22:14:37.216771" elapsed="0.000180"/>
</kw>
<kw name="Create List" owner="BuiltIn">
<msg time="2024-07-04T22:14:37.217612" level="INFO">${expected_keys} = ['gender', 'name', 'location', 'email', 'login']</msg>
<var>${expected_keys}</var>
<arg>gender</arg>
<arg>name</arg>
<arg>location</arg>
<arg>email</arg>
<arg>login</arg>
<doc>Returns a list containing given items.</doc>
<status status="PASS" start="2024-07-04T22:14:37.217311" elapsed="0.000326"/>
</kw>
<for flavor="IN">
<iter>
<kw name="Dictionary Should Contain Key" owner="Collections">
<arg>${json_data['results'][0]}</arg>
<arg>${key}</arg>
<doc>Fails if ``key`` is not found from ``dictionary``.</doc>
<status status="PASS" start="2024-07-04T22:14:37.218220" elapsed="0.000401"/>
</kw>
<kw name="Log" owner="BuiltIn">
<msg time="2024-07-04T22:14:37.219166" level="INFO">{'gender': 'female', 'name': {'title': 'Miss', 'first': 'Eva', 'last': 'Brown'}, 'location': {'street': {'number': 5636, 'name': 'Eason Rd'}, 'city': 'North Charleston', 'state': 'Tennessee', 'country': 'United States', 'postcode': 32048, 'coordinates': {'latitude': '87.0902', 'longitude': '129.8455'}, 'timezone': {'offset': '+5:30', 'description': 'Bombay, Calcutta, Madras, New Delhi'}}, 'email': 'eva.brown@example.com', 'login': {'uuid': '513b939d-3762-4d10-82b7-b60f636f1b57', 'username': 'lazypanda458', 'password': 'rainbow1', 'salt': 'Dxi1gdqk', 'md5': 'e416637431eed8b15bd46db7fafed435', 'sha1': 'ea14f3317f75204d534640d4d0440b17d898515c', 'sha256': 'c7ee655ddd2b34ae787887fa32b57f852844853fd334fc52ad4b9a616c3eb45c'}, 'dob': {'date': '1946-11-08T23:55:15.264Z', 'age': 77}, 'registered': {'date': '2022-04-06T14:23:45.443Z', 'age': 2}, 'phone': '(349) 273-4109', 'cell': '(296) 244-0024', 'id': {'name': 'SSN', 'value': '747-74-3426'}, 'picture': {'large': 'https://randomuser.me/api/portraits/women/41.jpg', 'medium': 'https://randomuser.me/api/portraits/med/women/41.jpg', 'thumbnail': 'https://randomuser.me/api/portraits/thumb/women/41.jpg'}, 'nat': 'US'}</msg>
<arg>${json_data['results'][0]}</arg>
<doc>Logs the given message with the given level.</doc>
<status status="PASS" start="2024-07-04T22:14:37.218809" elapsed="0.000407"/>
</kw>
<kw name="Log" owner="BuiltIn">
<msg time="2024-07-04T22:14:37.219639" level="INFO">gender</msg>
<arg>${key}</arg>
<doc>Logs the given message with the given level.</doc>
<status status="PASS" start="2024-07-04T22:14:37.219510" elapsed="0.000168"/>
</kw>
<var name="${key}">gender</var>
<status status="PASS" start="2024-07-04T22:14:37.218095" elapsed="0.001804"/>
</iter>
<iter>
<kw name="Dictionary Should Contain Key" owner="Collections">
<arg>${json_data['results'][0]}</arg>
<arg>${key}</arg>
<doc>Fails if ``key`` is not found from ``dictionary``.</doc>
<status status="PASS" start="2024-07-04T22:14:37.220199" elapsed="0.000385"/>
</kw>
<kw name="Log" owner="BuiltIn">
<msg time="2024-07-04T22:14:37.221203" level="INFO">{'gender': 'female', 'name': {'title': 'Miss', 'first': 'Eva', 'last': 'Brown'}, 'location': {'street': {'number': 5636, 'name': 'Eason Rd'}, 'city': 'North Charleston', 'state': 'Tennessee', 'country': 'United States', 'postcode': 32048, 'coordinates': {'latitude': '87.0902', 'longitude': '129.8455'}, 'timezone': {'offset': '+5:30', 'description': 'Bombay, Calcutta, Madras, New Delhi'}}, 'email': 'eva.brown@example.com', 'login': {'uuid': '513b939d-3762-4d10-82b7-b60f636f1b57', 'username': 'lazypanda458', 'password': 'rainbow1', 'salt': 'Dxi1gdqk', 'md5': 'e416637431eed8b15bd46db7fafed435', 'sha1': 'ea14f3317f75204d534640d4d0440b17d898515c', 'sha256': 'c7ee655ddd2b34ae787887fa32b57f852844853fd334fc52ad4b9a616c3eb45c'}, 'dob': {'date': '1946-11-08T23:55:15.264Z', 'age': 77}, 'registered': {'date': '2022-04-06T14:23:45.443Z', 'age': 2}, 'phone': '(349) 273-4109', 'cell': '(296) 244-0024', 'id': {'name': 'SSN', 'value': '747-74-3426'}, 'picture': {'large': 'https://randomuser.me/api/portraits/women/41.jpg', 'medium': 'https://randomuser.me/api/portraits/med/women/41.jpg', 'thumbnail': 'https://randomuser.me/api/portraits/thumb/women/41.jpg'}, 'nat': 'US'}</msg>
<arg>${json_data['results'][0]}</arg>
<doc>Logs the given message with the given level.</doc>
<status status="PASS" start="2024-07-04T22:14:37.220764" elapsed="0.000493"/>
</kw>
<kw name="Log" owner="BuiltIn">
<msg time="2024-07-04T22:14:37.221720" level="INFO">name</msg>
<arg>${key}</arg>
<doc>Logs the given message with the given level.</doc>
<status status="PASS" start="2024-07-04T22:14:37.221582" elapsed="0.000184"/>
</kw>
<var name="${key}">name</var>
<status status="PASS" start="2024-07-04T22:14:37.220083" elapsed="0.001919"/>
</iter>
<iter>
<kw name="Dictionary Should Contain Key" owner="Collections">
<arg>${json_data['results'][0]}</arg>
<arg>${key}</arg>
<doc>Fails if ``key`` is not found from ``dictionary``.</doc>
<status status="PASS" start="2024-07-04T22:14:37.222295" elapsed="0.000378"/>
</kw>
<kw name="Log" owner="BuiltIn">
<msg time="2024-07-04T22:14:37.223197" level="INFO">{'gender': 'female', 'name': {'title': 'Miss', 'first': 'Eva', 'last': 'Brown'}, 'location': {'street': {'number': 5636, 'name': 'Eason Rd'}, 'city': 'North Charleston', 'state': 'Tennessee', 'country': 'United States', 'postcode': 32048, 'coordinates': {'latitude': '87.0902', 'longitude': '129.8455'}, 'timezone': {'offset': '+5:30', 'description': 'Bombay, Calcutta, Madras, New Delhi'}}, 'email': 'eva.brown@example.com', 'login': {'uuid': '513b939d-3762-4d10-82b7-b60f636f1b57', 'username': 'lazypanda458', 'password': 'rainbow1', 'salt': 'Dxi1gdqk', 'md5': 'e416637431eed8b15bd46db7fafed435', 'sha1': 'ea14f3317f75204d534640d4d0440b17d898515c', 'sha256': 'c7ee655ddd2b34ae787887fa32b57f852844853fd334fc52ad4b9a616c3eb45c'}, 'dob': {'date': '1946-11-08T23:55:15.264Z', 'age': 77}, 'registered': {'date': '2022-04-06T14:23:45.443Z', 'age': 2}, 'phone': '(349) 273-4109', 'cell': '(296) 244-0024', 'id': {'name': 'SSN', 'value': '747-74-3426'}, 'picture': {'large': 'https://randomuser.me/api/portraits/women/41.jpg', 'medium': 'https://randomuser.me/api/portraits/med/women/41.jpg', 'thumbnail': 'https://randomuser.me/api/portraits/thumb/women/41.jpg'}, 'nat': 'US'}</msg>
<arg>${json_data['results'][0]}</arg>
<doc>Logs the given message with the given level.</doc>
<status status="PASS" start="2024-07-04T22:14:37.222853" elapsed="0.000391"/>
</kw>
<kw name="Log" owner="BuiltIn">
<msg time="2024-07-04T22:14:37.223664" level="INFO">location</msg>
<arg>${key}</arg>
<doc>Logs the given message with the given level.</doc>
<status status="PASS" start="2024-07-04T22:14:37.223539" elapsed="0.000162"/>
</kw>
<var name="${key}">location</var>
<status status="PASS" start="2024-07-04T22:14:37.222188" elapsed="0.001728"/>
</iter>
<iter>
<kw name="Dictionary Should Contain Key" owner="Collections">
<arg>${json_data['results'][0]}</arg>
<arg>${key}</arg>
<doc>Fails if ``key`` is not found from ``dictionary``.</doc>
<status status="PASS" start="2024-07-04T22:14:37.224193" elapsed="0.000391"/>
</kw>
<kw name="Log" owner="BuiltIn">
<msg time="2024-07-04T22:14:37.225107" level="INFO">{'gender': 'female', 'name': {'title': 'Miss', 'first': 'Eva', 'last': 'Brown'}, 'location': {'street': {'number': 5636, 'name': 'Eason Rd'}, 'city': 'North Charleston', 'state': 'Tennessee', 'country': 'United States', 'postcode': 32048, 'coordinates': {'latitude': '87.0902', 'longitude': '129.8455'}, 'timezone': {'offset': '+5:30', 'description': 'Bombay, Calcutta, Madras, New Delhi'}}, 'email': 'eva.brown@example.com', 'login': {'uuid': '513b939d-3762-4d10-82b7-b60f636f1b57', 'username': 'lazypanda458', 'password': 'rainbow1', 'salt': 'Dxi1gdqk', 'md5': 'e416637431eed8b15bd46db7fafed435', 'sha1': 'ea14f3317f75204d534640d4d0440b17d898515c', 'sha256': 'c7ee655ddd2b34ae787887fa32b57f852844853fd334fc52ad4b9a616c3eb45c'}, 'dob': {'date': '1946-11-08T23:55:15.264Z', 'age': 77}, 'registered': {'date': '2022-04-06T14:23:45.443Z', 'age': 2}, 'phone': '(349) 273-4109', 'cell': '(296) 244-0024', 'id': {'name': 'SSN', 'value': '747-74-3426'}, 'picture': {'large': 'https://randomuser.me/api/portraits/women/41.jpg', 'medium': 'https://randomuser.me/api/portraits/med/women/41.jpg', 'thumbnail': 'https://randomuser.me/api/portraits/thumb/women/41.jpg'}, 'nat': 'US'}</msg>
<arg>${json_data['results'][0]}</arg>
<doc>Logs the given message with the given level.</doc>
<status status="PASS" start="2024-07-04T22:14:37.224762" elapsed="0.000414"/>
</kw>
<kw name="Log" owner="BuiltIn">
<msg time="2024-07-04T22:14:37.225594" level="INFO">email</msg>
<arg>${key}</arg>
<doc>Logs the given message with the given level.</doc>
<status status="PASS" start="2024-07-04T22:14:37.225469" elapsed="0.000163"/>
</kw>
<var name="${key}">email</var>
<status status="PASS" start="2024-07-04T22:14:37.224085" elapsed="0.001761"/>
</iter>
<iter>
<kw name="Dictionary Should Contain Key" owner="Collections">
<arg>${json_data['results'][0]}</arg>
<arg>${key}</arg>
<doc>Fails if ``key`` is not found from ``dictionary``.</doc>
<status status="PASS" start="2024-07-04T22:14:37.226129" elapsed="0.000379"/>
</kw>
<kw name="Log" owner="BuiltIn">
<msg time="2024-07-04T22:14:37.227045" level="INFO">{'gender': 'female', 'name': {'title': 'Miss', 'first': 'Eva', 'last': 'Brown'}, 'location': {'street': {'number': 5636, 'name': 'Eason Rd'}, 'city': 'North Charleston', 'state': 'Tennessee', 'country': 'United States', 'postcode': 32048, 'coordinates': {'latitude': '87.0902', 'longitude': '129.8455'}, 'timezone': {'offset': '+5:30', 'description': 'Bombay, Calcutta, Madras, New Delhi'}}, 'email': 'eva.brown@example.com', 'login': {'uuid': '513b939d-3762-4d10-82b7-b60f636f1b57', 'username': 'lazypanda458', 'password': 'rainbow1', 'salt': 'Dxi1gdqk', 'md5': 'e416637431eed8b15bd46db7fafed435', 'sha1': 'ea14f3317f75204d534640d4d0440b17d898515c', 'sha256': 'c7ee655ddd2b34ae787887fa32b57f852844853fd334fc52ad4b9a616c3eb45c'}, 'dob': {'date': '1946-11-08T23:55:15.264Z', 'age': 77}, 'registered': {'date': '2022-04-06T14:23:45.443Z', 'age': 2}, 'phone': '(349) 273-4109', 'cell': '(296) 244-0024', 'id': {'name': 'SSN', 'value': '747-74-3426'}, 'picture': {'large': 'https://randomuser.me/api/portraits/women/41.jpg', 'medium': 'https://randomuser.me/api/portraits/med/women/41.jpg', 'thumbnail': 'https://randomuser.me/api/portraits/thumb/women/41.jpg'}, 'nat': 'US'}</msg>
<arg>${json_data['results'][0]}</arg>
<doc>Logs the given message with the given level.</doc>
<status status="PASS" start="2024-07-04T22:14:37.226690" elapsed="0.000404"/>
</kw>
<kw name="Log" owner="BuiltIn">
<msg time="2024-07-04T22:14:37.227506" level="INFO">login</msg>
<arg>${key}</arg>
<doc>Logs the given message with the given level.</doc>
<status status="PASS" start="2024-07-04T22:14:37.227381" elapsed="0.000162"/>
</kw>
<var name="${key}">login</var>
<status status="PASS" start="2024-07-04T22:14:37.226015" elapsed="0.001744"/>
</iter>
<var>${key}</var>
<value>@{expected_keys}</value>
<status status="PASS" start="2024-07-04T22:14:37.217904" elapsed="0.009977"/>
</for>
<kw name="Create List" owner="BuiltIn">
<msg time="2024-07-04T22:14:37.228245" level="INFO">${expected_keysTwo} = ['username', 'password']</msg>
<var>${expected_keysTwo}</var>
<arg>username</arg>
<arg>password</arg>
<doc>Returns a list containing given items.</doc>
<status status="PASS" start="2024-07-04T22:14:37.228098" elapsed="0.000171"/>
</kw>
<for flavor="IN">
<iter>
<kw name="Dictionary Should Contain Key" owner="Collections">
<arg>${json_data['results'][0]['login']}</arg>
<arg>${keyTwo}</arg>
<doc>Fails if ``key`` is not found from ``dictionary``.</doc>
<status status="PASS" start="2024-07-04T22:14:37.228766" elapsed="0.000400"/>
</kw>
<kw name="Dictionary Should Contain Key" owner="Collections">
<arg>${json_data['results'][0]['login']}</arg>
<arg>${keyTwo}</arg>
<doc>Fails if ``key`` is not found from ``dictionary``.</doc>
<status status="PASS" start="2024-07-04T22:14:37.229349" elapsed="0.000379"/>
</kw>
<kw name="Log" owner="BuiltIn">
<msg time="2024-07-04T22:14:37.230034" level="INFO">username</msg>
<arg>${keyTwo}</arg>
<doc>Logs the given message with the given level.</doc>
<status status="PASS" start="2024-07-04T22:14:37.229913" elapsed="0.000158"/>
</kw>
<var name="${keyTwo}">username</var>
<status status="PASS" start="2024-07-04T22:14:37.228658" elapsed="0.001635"/>
</iter>
<iter>
<kw name="Dictionary Should Contain Key" owner="Collections">
<arg>${json_data['results'][0]['login']}</arg>
<arg>${keyTwo}</arg>
<doc>Fails if ``key`` is not found from ``dictionary``.</doc>
<status status="PASS" start="2024-07-04T22:14:37.230569" elapsed="0.000379"/>
</kw>
<kw name="Dictionary Should Contain Key" owner="Collections">
<arg>${json_data['results'][0]['login']}</arg>
<arg>${keyTwo}</arg>
<doc>Fails if ``key`` is not found from ``dictionary``.</doc>
<status status="PASS" start="2024-07-04T22:14:37.231127" elapsed="0.000362"/>
</kw>
<kw name="Log" owner="BuiltIn">
<msg time="2024-07-04T22:14:37.231791" level="INFO">password</msg>
<arg>${keyTwo}</arg>
<doc>Logs the given message with the given level.</doc>
<status status="PASS" start="2024-07-04T22:14:37.231674" elapsed="0.000159"/>
</kw>
<var name="${keyTwo}">password</var>
<status status="PASS" start="2024-07-04T22:14:37.230463" elapsed="0.001685"/>
</iter>
<var>${keyTwo}</var>
<value>@{expected_keysTwo}</value>
<status status="PASS" start="2024-07-04T22:14:37.228504" elapsed="0.003766"/>
</for>
<status status="PASS" start="2024-07-04T22:14:37.122706" elapsed="0.109709"/>
</kw>
<doc>Testa a estrutura da resposta da API.</doc>
<tag>testeEstruturaResposta</tag>
<status status="PASS" start="2024-07-04T22:14:37.122154" elapsed="0.110416"/>
</test>
<test id="s1-s1-t4" name="Validar tipos de dados" line="28">
<kw name="Teste de Tipos de Dados" owner="random-user-service">
<kw name="GET On Session" owner="RequestsLibrary">
<msg time="2024-07-04T22:14:37.324216" level="INFO">GET Request : url=https://randomuser.me/api 
 path_url=/api 
 headers={'User-Agent': 'python-requests/2.32.3', 'Accept-Encoding': 'gzip, deflate', 'Accept': '*/*', 'Connection': 'keep-alive'} 
 body=None 
 </msg>
<msg time="2024-07-04T22:14:37.324317" level="INFO">GET Response : url=https://randomuser.me/api 
 status=200, reason=OK 
 headers={'Date': 'Thu, 04 Jul 2024 22:14:37 GMT', 'Content-Type': 'application/json; charset=utf-8', 'Transfer-Encoding': 'chunked', 'Connection': 'keep-alive', 'X-Powered-By': 'Express', 'Access-Control-Allow-Origin': '*', 'Cache-Control': 'no-cache', 'ETag': 'W/"493-LdYwhnff72JG+N8uV6ZjDC7PXbk"', 'Vary': 'Accept-Encoding', 'Content-Encoding': 'gzip', 'CF-Cache-Status': 'DYNAMIC', 'Report-To': '{"endpoints":[{"url":"https:\\/\\/a.nel.cloudflare.com\\/report\\/v4?s=a8FYZNL377CFYsrE98hjAghywtV383JchddE2rOKsxHxtXI0aHQW4R%2BpYkWeW8UmjuM5v9%2F8EAzkVlS%2B8XQ4QyddSzNaexq%2F4cnLvgUjI8PwoPWmZyINUbBYsj%2Fw5TOv"}],"group":"cf-nel","max_age":604800}', 'NEL': '{"success_fraction":0,"report_to":"cf-nel","max_age":604800}', 'Server': 'cloudflare', 'CF-RAY': '89e27822bfe922ea-SJC', 'alt-svc': 'h3=":443"; ma=86400'} 
 body={"results":[{"gender":"female","name":{"title":"Miss","first":"Mavka","last":"Furs"},"location":{"street":{"number":6344,"name":"Volodimira Panchenka"},"city":"Gulyaypole","state":"Rivnenska","country":"Ukraine","postcode":86161,"coordinates":{"latitude":"80.3073","longitude":"42.1467"},"timezone":{"offset":"+10:00","description":"Eastern Australia, Guam, Vladivostok"}},"email":"mavka.furs@example.com","login":{"uuid":"7e2fa43b-db9f-4fe8-9cba-05ba39ef79ee","username":"purplebird424","password":"pirates","salt":"TJ803FMW","md5":"d87ba5b1dd85d1922a134193f9820f8c","sha1":"b2f5a51bff06867c4e4e91c9f7814df6fcc062c6","sha256":"ca03121ef9ab6a892d88247fe58c4ccb7b5476ecf5193356fb003c3df59321fa"},"dob":{"date":"1986-10-22T01:10:51.205Z","age":37},"registered":{"date":"2015-06-20T00:46:39.657Z","age":9},"phone":"(097) X94-5894","cell":"(098) X92-1337","id":{"name":"","value":null},"picture":{"large":"https://randomuser.me/api/portraits/women/21.jpg","medium":"https://randomuser.me/api/portraits/med/women/21.jpg","thumbnail":"https://randomuser.me/api/portraits/thumb/women/21.jpg"},"nat":"UA"}],"info":{"seed":"7311832706772c0e","results":1,"page":1,"version":"1.4"}} 
 </msg>
<msg time="2024-07-04T22:14:37.324395" level="INFO">/opt/hostedtoolcache/Python/3.12.4/x64/lib/python3.12/site-packages/urllib3/connectionpool.py:1099: InsecureRequestWarning: Unverified HTTPS request is being made to host 'randomuser.me'. Adding certificate verification is strongly advised. See: https://urllib3.readthedocs.io/en/latest/advanced-usage.html#tls-warnings
  warnings.warn(</msg>
<msg time="2024-07-04T22:14:37.324547" level="INFO">${response} = &lt;Response [200]&gt;</msg>
<var>${response}</var>
<arg>consultarAPI</arg>
<arg>/api</arg>
<doc>Sends a GET request on a previously created HTTP Session.</doc>
<status status="PASS" start="2024-07-04T22:14:37.235045" elapsed="0.089552"/>
</kw>
<kw name="Set Variable" owner="BuiltIn">
<msg time="2024-07-04T22:14:37.325610" level="INFO">${json_data} = {'results': [{'gender': 'female', 'name': {'title': 'Miss', 'first': 'Mavka', 'last': 'Furs'}, 'location': {'street': {'number': 6344, 'name': 'Volodimira Panchenka'}, 'city': 'Gulyaypole', 'state': '...</msg>
<var>${json_data}</var>
<arg>${response.json()}</arg>
<doc>Returns the given values which can then be assigned to a variables.</doc>
<status status="PASS" start="2024-07-04T22:14:37.325083" elapsed="0.000555"/>
</kw>
<kw name="Log" owner="BuiltIn">
<msg time="2024-07-04T22:14:37.326111" level="INFO">{'results': [{'gender': 'female', 'name': {'title': 'Miss', 'first': 'Mavka', 'last': 'Furs'}, 'location': {'street': {'number': 6344, 'name': 'Volodimira Panchenka'}, 'city': 'Gulyaypole', 'state': 'Rivnenska', 'country': 'Ukraine', 'postcode': 86161, 'coordinates': {'latitude': '80.3073', 'longitude': '42.1467'}, 'timezone': {'offset': '+10:00', 'description': 'Eastern Australia, Guam, Vladivostok'}}, 'email': 'mavka.furs@example.com', 'login': {'uuid': '7e2fa43b-db9f-4fe8-9cba-05ba39ef79ee', 'username': 'purplebird424', 'password': 'pirates', 'salt': 'TJ803FMW', 'md5': 'd87ba5b1dd85d1922a134193f9820f8c', 'sha1': 'b2f5a51bff06867c4e4e91c9f7814df6fcc062c6', 'sha256': 'ca03121ef9ab6a892d88247fe58c4ccb7b5476ecf5193356fb003c3df59321fa'}, 'dob': {'date': '1986-10-22T01:10:51.205Z', 'age': 37}, 'registered': {'date': '2015-06-20T00:46:39.657Z', 'age': 9}, 'phone': '(097) X94-5894', 'cell': '(098) X92-1337', 'id': {'name': '', 'value': None}, 'picture': {'large': 'https://randomuser.me/api/portraits/women/21.jpg', 'medium': 'https://randomuser.me/api/portraits/med/women/21.jpg', 'thumbnail': 'https://randomuser.me/api/portraits/thumb/women/21.jpg'}, 'nat': 'UA'}], 'info': {'seed': '7311832706772c0e', 'results': 1, 'page': 1, 'version': '1.4'}}</msg>
<arg>${json_data}</arg>
<doc>Logs the given message with the given level.</doc>
<status status="PASS" start="2024-07-04T22:14:37.325955" elapsed="0.000204"/>
</kw>
<kw name="Should Be String" owner="String">
<arg>${json_data['results'][0]['gender']}</arg>
<doc>Fails if the given ``item`` is not a string.</doc>
<status status="PASS" start="2024-07-04T22:14:37.326442" elapsed="0.000364"/>
</kw>
<kw name="Should Match Regexp" owner="BuiltIn">
<arg>${json_data['results'][0]['email']}</arg>
<arg>^[a-zA-Z0-9._%+-]+@[a-zA-Z0-9.-]+\.[a-zA-Z]{2,}$</arg>
<doc>Fails if ``string`` does not match ``pattern`` as a regular expression.</doc>
<status status="PASS" start="2024-07-04T22:14:37.327044" elapsed="0.000514"/>
</kw>
<kw name="Should Match Regexp" owner="BuiltIn">
<arg>${json_data['results'][0]['dob']['date']}</arg>
<arg>\\d{4}-\\d{2}-\\d{2}T\\d{2}:\\d{2}:\\d{2}\\.\\d{3}Z</arg>
<doc>Fails if ``string`` does not match ``pattern`` as a regular expression.</doc>
<status status="PASS" start="2024-07-04T22:14:37.327750" elapsed="0.000488"/>
</kw>
<kw name="Should Match Regexp" owner="BuiltIn">
<arg>${json_data['results'][0]['registered']['date']}</arg>
<arg>\\d{4}-\\d{2}-\\d{2}T\\d{2}:\\d{2}:\\d{2}\\.\\d{3}Z</arg>
<doc>Fails if ``string`` does not match ``pattern`` as a regular expression.</doc>
<status status="PASS" start="2024-07-04T22:14:37.328428" elapsed="0.000368"/>
</kw>
<kw name="Should Match Regexp" owner="BuiltIn">
<arg>${json_data['results'][0]['picture']['large']}</arg>
<arg>^https?://.*\.(?:png|jpe?g|gif|bmp)$</arg>
<doc>Fails if ``string`` does not match ``pattern`` as a regular expression.</doc>
<status status="PASS" start="2024-07-04T22:14:37.328975" elapsed="0.000469"/>
</kw>
<kw name="Should Match Regexp" owner="BuiltIn">
<arg>${json_data['results'][0]['picture']['medium']}</arg>
<arg>^https?://.*\.(?:png|jpe?g|gif|bmp)$</arg>
<doc>Fails if ``string`` does not match ``pattern`` as a regular expression.</doc>
<status status="PASS" start="2024-07-04T22:14:37.329629" elapsed="0.000352"/>
</kw>
<kw name="Should Match Regexp" owner="BuiltIn">
<arg>${json_data['results'][0]['picture']['thumbnail']}</arg>
<arg>^https?://.*\.(?:png|jpe?g|gif|bmp)$</arg>
<doc>Fails if ``string`` does not match ``pattern`` as a regular expression.</doc>
<status status="PASS" start="2024-07-04T22:14:37.330161" elapsed="0.000345"/>
</kw>
<kw name="Log" owner="BuiltIn">
<msg time="2024-07-04T22:14:37.331023" level="INFO">{'large': 'https://randomuser.me/api/portraits/women/21.jpg', 'medium': 'https://randomuser.me/api/portraits/med/women/21.jpg', 'thumbnail': 'https://randomuser.me/api/portraits/thumb/women/21.jpg'}</msg>
<arg>${json_data['results'][0]['picture']}</arg>
<doc>Logs the given message with the given level.</doc>
<status status="PASS" start="2024-07-04T22:14:37.330687" elapsed="0.000377"/>
</kw>
<status status="PASS" start="2024-07-04T22:14:37.234824" elapsed="0.096501"/>
</kw>
<kw name="Teste de Tipos de Dados - Postcode" owner="random-user-service">
<kw name="GET On Session" owner="RequestsLibrary">
<msg time="2024-07-04T22:14:37.423441" level="INFO">GET Request : url=https://randomuser.me/api 
 path_url=/api 
 headers={'User-Agent': 'python-requests/2.32.3', 'Accept-Encoding': 'gzip, deflate', 'Accept': '*/*', 'Connection': 'keep-alive'} 
 body=None 
 </msg>
<msg time="2024-07-04T22:14:37.423532" level="INFO">GET Response : url=https://randomuser.me/api 
 status=200, reason=OK 
 headers={'Date': 'Thu, 04 Jul 2024 22:14:37 GMT', 'Content-Type': 'application/json; charset=utf-8', 'Transfer-Encoding': 'chunked', 'Connection': 'keep-alive', 'X-Powered-By': 'Express', 'Access-Control-Allow-Origin': '*', 'Cache-Control': 'no-cache', 'ETag': 'W/"493-nIbmA9JB5ng/HCShjzxlgEa+Mgo"', 'Vary': 'Accept-Encoding', 'Content-Encoding': 'gzip', 'CF-Cache-Status': 'DYNAMIC', 'Report-To': '{"endpoints":[{"url":"https:\\/\\/a.nel.cloudflare.com\\/report\\/v4?s=JptK4tTo0ocI9Mw%2FSv1Yjqi3jIH1Mn7JjNwJkcqxTC9JzLDXjai7Sdo42iXVXoFc5o81DnsWuPFVqWwpPzy4KIsOuwyN5Eq7K%2BLljwIN%2BYGI2MwcWNl0uWHO%2Fp3TIWwO"}],"group":"cf-nel","max_age":604800}', 'NEL': '{"success_fraction":0,"report_to":"cf-nel","max_age":604800}', 'Server': 'cloudflare', 'CF-RAY': '89e27823585122ea-SJC', 'alt-svc': 'h3=":443"; ma=86400'} 
 body={"results":[{"gender":"female","name":{"title":"Mrs","first":"Rosalyn","last":"Black"},"location":{"street":{"number":9405,"name":"Grafton Street"},"city":"Rush","state":"Laois","country":"Ireland","postcode":43373,"coordinates":{"latitude":"2.1916","longitude":"88.9219"},"timezone":{"offset":"-6:00","description":"Central Time (US &amp; Canada), Mexico City"}},"email":"rosalyn.black@example.com","login":{"uuid":"c083f3d7-5203-4844-bb99-b6d75a72fa88","username":"organicpeacock438","password":"mariner","salt":"lcmFqroT","md5":"8fbb030e5746cf64b43bd8340288d2a2","sha1":"75882ef860f9192d5f26a1cac3e343168ccab8f3","sha256":"542435bf69e82a15ac845d180cab2dc93d8b6ed133ca64ed9252d5438bbf37aa"},"dob":{"date":"1991-01-24T20:26:52.634Z","age":33},"registered":{"date":"2011-03-12T06:44:56.338Z","age":13},"phone":"051-419-6550","cell":"081-964-6598","id":{"name":"PPS","value":"0628295T"},"picture":{"large":"https://randomuser.me/api/portraits/women/36.jpg","medium":"https://randomuser.me/api/portraits/med/women/36.jpg","thumbnail":"https://randomuser.me/api/portraits/thumb/women/36.jpg"},"nat":"IE"}],"info":{"seed":"eaef8b27f965b245","results":1,"page":1,"version":"1.4"}} 
 </msg>
<msg time="2024-07-04T22:14:37.423607" level="INFO">/opt/hostedtoolcache/Python/3.12.4/x64/lib/python3.12/site-packages/urllib3/connectionpool.py:1099: InsecureRequestWarning: Unverified HTTPS request is being made to host 'randomuser.me'. Adding certificate verification is strongly advised. See: https://urllib3.readthedocs.io/en/latest/advanced-usage.html#tls-warnings
  warnings.warn(</msg>
<msg time="2024-07-04T22:14:37.423747" level="INFO">${response} = &lt;Response [200]&gt;</msg>
<var>${response}</var>
<arg>consultarAPI</arg>
<arg>/api</arg>
<doc>Sends a GET request on a previously created HTTP Session.</doc>
<status status="PASS" start="2024-07-04T22:14:37.331768" elapsed="0.092032"/>
</kw>
<kw name="Set Variable" owner="BuiltIn">
<msg time="2024-07-04T22:14:37.424738" level="INFO">${json_data} = {'results': [{'gender': 'female', 'name': {'title': 'Mrs', 'first': 'Rosalyn', 'last': 'Black'}, 'location': {'street': {'number': 9405, 'name': 'Grafton Street'}, 'city': 'Rush', 'state': 'Laois', 'c...</msg>
<var>${json_data}</var>
<arg>${response.json()}</arg>
<doc>Returns the given values which can then be assigned to a variables.</doc>
<status status="PASS" start="2024-07-04T22:14:37.424247" elapsed="0.000519"/>
</kw>
<kw name="Log" owner="BuiltIn">
<msg time="2024-07-04T22:14:37.425260" level="INFO">{'results': [{'gender': 'female', 'name': {'title': 'Mrs', 'first': 'Rosalyn', 'last': 'Black'}, 'location': {'street': {'number': 9405, 'name': 'Grafton Street'}, 'city': 'Rush', 'state': 'Laois', 'country': 'Ireland', 'postcode': 43373, 'coordinates': {'latitude': '2.1916', 'longitude': '88.9219'}, 'timezone': {'offset': '-6:00', 'description': 'Central Time (US &amp; Canada), Mexico City'}}, 'email': 'rosalyn.black@example.com', 'login': {'uuid': 'c083f3d7-5203-4844-bb99-b6d75a72fa88', 'username': 'organicpeacock438', 'password': 'mariner', 'salt': 'lcmFqroT', 'md5': '8fbb030e5746cf64b43bd8340288d2a2', 'sha1': '75882ef860f9192d5f26a1cac3e343168ccab8f3', 'sha256': '542435bf69e82a15ac845d180cab2dc93d8b6ed133ca64ed9252d5438bbf37aa'}, 'dob': {'date': '1991-01-24T20:26:52.634Z', 'age': 33}, 'registered': {'date': '2011-03-12T06:44:56.338Z', 'age': 13}, 'phone': '051-419-6550', 'cell': '081-964-6598', 'id': {'name': 'PPS', 'value': '0628295T'}, 'picture': {'large': 'https://randomuser.me/api/portraits/women/36.jpg', 'medium': 'https://randomuser.me/api/portraits/med/women/36.jpg', 'thumbnail': 'https://randomuser.me/api/portraits/thumb/women/36.jpg'}, 'nat': 'IE'}], 'info': {'seed': 'eaef8b27f965b245', 'results': 1, 'page': 1, 'version': '1.4'}}</msg>
<arg>${json_data}</arg>
<doc>Logs the given message with the given level.</doc>
<status status="PASS" start="2024-07-04T22:14:37.425065" elapsed="0.000254"/>
</kw>
<kw name="Should Be Equal As Numbers" owner="BuiltIn">
<arg>${json_data['results'][0]['location']['postcode']}</arg>
<arg>${json_data['results'][0]['location']['postcode']}</arg>
<doc>Fails if objects are unequal after converting them to real numbers.</doc>
<status status="PASS" start="2024-07-04T22:14:37.425613" elapsed="0.000621"/>
</kw>
<kw name="Log" owner="BuiltIn">
<msg time="2024-07-04T22:14:37.426946" level="INFO">43373</msg>
<arg>${json_data['results'][0]['location']['postcode']}</arg>
<doc>Logs the given message with the given level.</doc>
<status status="PASS" start="2024-07-04T22:14:37.426458" elapsed="0.000530"/>
</kw>
<status status="PASS" start="2024-07-04T22:14:37.331543" elapsed="0.095696"/>
</kw>
<doc>Testa se os tipos de dados na resposta da API estão corretos.</doc>
<tag>testeTiposDados</tag>
<status status="PASS" start="2024-07-04T22:14:37.234376" elapsed="0.193024"/>
</test>
<test id="s1-s1-t5" name="Validar conteudo" line="35">
<kw name="Teste de Tipos de Conteudo" owner="random-user-service">
<kw name="GET On Session" owner="RequestsLibrary">
<msg time="2024-07-04T22:14:37.525692" level="INFO">GET Request : url=https://randomuser.me/api 
 path_url=/api 
 headers={'User-Agent': 'python-requests/2.32.3', 'Accept-Encoding': 'gzip, deflate', 'Accept': '*/*', 'Connection': 'keep-alive'} 
 body=None 
 </msg>
<msg time="2024-07-04T22:14:37.525806" level="INFO">GET Response : url=https://randomuser.me/api 
 status=200, reason=OK 
 headers={'Date': 'Thu, 04 Jul 2024 22:14:37 GMT', 'Content-Type': 'application/json; charset=utf-8', 'Transfer-Encoding': 'chunked', 'Connection': 'keep-alive', 'X-Powered-By': 'Express', 'Access-Control-Allow-Origin': '*', 'Cache-Control': 'no-cache', 'ETag': 'W/"4a1-rRb/dErd+0U0S9h8OpDi4SfmAmg"', 'Vary': 'Accept-Encoding', 'Content-Encoding': 'gzip', 'CF-Cache-Status': 'DYNAMIC', 'Report-To': '{"endpoints":[{"url":"https:\\/\\/a.nel.cloudflare.com\\/report\\/v4?s=EgjY6D9pNUwc%2BCUZov469rKMOLFkQl2WxsbYK1avd70vOh3ekl1xZPJtZLx3Hx5DvzdIpqmZEFUpbobaR89yL8Bqd5szhacIz7d1z5aaXKUIyHf90a9liMxZoDu8jBo6"}],"group":"cf-nel","max_age":604800}', 'NEL': '{"success_fraction":0,"report_to":"cf-nel","max_age":604800}', 'Server': 'cloudflare', 'CF-RAY': '89e27823f8c122ea-SJC', 'alt-svc': 'h3=":443"; ma=86400'} 
 body={"results":[{"gender":"female","name":{"title":"Miss","first":"یسنا","last":"قاسمی"},"location":{"street":{"number":5307,"name":"میدان ولیعصر (عج)"},"city":"مشهد","state":"گلستان","country":"Iran","postcode":83712,"coordinates":{"latitude":"16.0525","longitude":"174.0961"},"timezone":{"offset":"+3:00","description":"Baghdad, Riyadh, Moscow, St. Petersburg"}},"email":"ysn.qsmy@example.com","login":{"uuid":"f8188cbe-d761-4cd8-9d68-505ab9539666","username":"lazygoose146","password":"griffin","salt":"DyeWZIZZ","md5":"7e46c00507740ff827ec6e4dfe690758","sha1":"3c113a41825907f6f08995c55cca9266cc2d4056","sha256":"cc83da391f7fc1a463046d4224a3dbc37fbcabb9225410d16f0cde0dc4139ef3"},"dob":{"date":"1963-07-04T09:57:13.828Z","age":61},"registered":{"date":"2015-10-13T09:44:27.075Z","age":8},"phone":"053-26344780","cell":"0998-580-3274","id":{"name":"","value":null},"picture":{"large":"https://randomuser.me/api/portraits/women/67.jpg","medium":"https://randomuser.me/api/portraits/med/women/67.jpg","thumbnail":"https://randomuser.me/api/portraits/thumb/women/67.jpg"},"nat":"IR"}],"info":{"seed":"176b41f9a0c6fe61","results":1,"page":1,"version":"1.4"}} 
 </msg>
<msg time="2024-07-04T22:14:37.525901" level="INFO">/opt/hostedtoolcache/Python/3.12.4/x64/lib/python3.12/site-packages/urllib3/connectionpool.py:1099: InsecureRequestWarning: Unverified HTTPS request is being made to host 'randomuser.me'. Adding certificate verification is strongly advised. See: https://urllib3.readthedocs.io/en/latest/advanced-usage.html#tls-warnings
  warnings.warn(</msg>
<msg time="2024-07-04T22:14:37.526063" level="INFO">${response} = &lt;Response [200]&gt;</msg>
<var>${response}</var>
<arg>consultarAPI</arg>
<arg>/api</arg>
<doc>Sends a GET request on a previously created HTTP Session.</doc>
<status status="PASS" start="2024-07-04T22:14:37.429877" elapsed="0.096242"/>
</kw>
<kw name="Set Variable" owner="BuiltIn">
<msg time="2024-07-04T22:14:37.527130" level="INFO">${json_data} = {'results': [{'gender': 'female', 'name': {'title': 'Miss', 'first': 'یسنا', 'last': 'قاسمی'}, 'location': {'street': {'number': 5307, 'name': 'میدان ولیعصر (عج)'}, 'city': 'مشهد', 'state': 'گلستان', ...</msg>
<var>${json_data}</var>
<arg>${response.json()}</arg>
<doc>Returns the given values which can then be assigned to a variables.</doc>
<status status="PASS" start="2024-07-04T22:14:37.526607" elapsed="0.000553"/>
</kw>
<kw name="Set Variable" owner="BuiltIn">
<msg time="2024-07-04T22:14:37.527838" level="INFO">${name_title} = Miss</msg>
<var>${name_title}</var>
<arg>${json_data["results"][0]["name"]["title"]}</arg>
<doc>Returns the given values which can then be assigned to a variables.</doc>
<status status="PASS" start="2024-07-04T22:14:37.527463" elapsed="0.000401"/>
</kw>
<kw name="Create List" owner="BuiltIn">
<msg time="2024-07-04T22:14:37.528314" level="INFO">${allowed_titles} = ['Mr', 'Ms', 'Miss', 'Mrs', 'Madame', 'Monsieur']</msg>
<var>${allowed_titles}</var>
<arg>Mr</arg>
<arg>Ms</arg>
<arg>Miss</arg>
<arg>Mrs</arg>
<arg>Madame</arg>
<arg>Monsieur</arg>
<doc>Returns a list containing given items.</doc>
<status status="PASS" start="2024-07-04T22:14:37.528159" elapsed="0.000179"/>
</kw>
<kw name="List Should Contain Value" owner="Collections">
<arg>${allowed_titles}</arg>
<arg>${name_title}</arg>
<doc>Fails if the ``value`` is not found from ``list``.</doc>
<status status="PASS" start="2024-07-04T22:14:37.528631" elapsed="0.000178"/>
</kw>
<kw name="Set Variable" owner="BuiltIn">
<msg time="2024-07-04T22:14:37.529403" level="INFO">${name_country} = IR</msg>
<var>${name_country}</var>
<arg>${json_data["results"][0]["nat"]}</arg>
<doc>Returns the given values which can then be assigned to a variables.</doc>
<status status="PASS" start="2024-07-04T22:14:37.528990" elapsed="0.000438"/>
</kw>
<kw name="Create List" owner="BuiltIn">
<msg time="2024-07-04T22:14:37.530304" level="INFO">${list_country} = ['AD', 'AE', 'AF', 'AG', 'AI', 'AL', 'AM', 'AO', 'AQ', 'AR', 'AS', 'AT', 'AU', 'AW', 'AX', 'AZ', 'BA', 'BB', 'BD', 'BE', 'BF', 'BG', 'BH', 'BI', 'BJ', 'BL', 'BM', 'BN', 'BO', 'BQ', 'BR', 'BS', 'BT', '...</msg>
<var>${list_country}</var>
<arg>AD</arg>
<arg>AE</arg>
<arg>AF</arg>
<arg>AG</arg>
<arg>AI</arg>
<arg>AL</arg>
<arg>AM</arg>
<arg>AO</arg>
<arg>AQ</arg>
<arg>AR</arg>
<arg>AS</arg>
<arg>AT</arg>
<arg>AU</arg>
<arg>AW</arg>
<arg>AX</arg>
<arg>AZ</arg>
<arg>BA</arg>
<arg>BB</arg>
<arg>BD</arg>
<arg>BE</arg>
<arg>BF</arg>
<arg>BG</arg>
<arg>BH</arg>
<arg>BI</arg>
<arg>BJ</arg>
<arg>BL</arg>
<arg>BM</arg>
<arg>BN</arg>
<arg>BO</arg>
<arg>BQ</arg>
<arg>BR</arg>
<arg>BS</arg>
<arg>BT</arg>
<arg>BV</arg>
<arg>BW</arg>
<arg>BY</arg>
<arg>BZ</arg>
<arg>CA</arg>
<arg>CC</arg>
<arg>CD</arg>
<arg>CF</arg>
<arg>CG</arg>
<arg>CH</arg>
<arg>CI</arg>
<arg>CK</arg>
<arg>CL</arg>
<arg>CM</arg>
<arg>CN</arg>
<arg>CO</arg>
<arg>CR</arg>
<arg>CU</arg>
<arg>CV</arg>
<arg>CW</arg>
<arg>CX</arg>
<arg>CY</arg>
<arg>CZ</arg>
<arg>DE</arg>
<arg>DJ</arg>
<arg>DK</arg>
<arg>DM</arg>
<arg>DO</arg>
<arg>DZ</arg>
<arg>EC</arg>
<arg>EE</arg>
<arg>EG</arg>
<arg>EH</arg>
<arg>ER</arg>
<arg>ES</arg>
<arg>ET</arg>
<arg>FI</arg>
<arg>FJ</arg>
<arg>FK</arg>
<arg>FM</arg>
<arg>FO</arg>
<arg>FR</arg>
<arg>GA</arg>
<arg>GB</arg>
<arg>GD</arg>
<arg>GE</arg>
<arg>GF</arg>
<arg>GG</arg>
<arg>GH</arg>
<arg>GI</arg>
<arg>GL</arg>
<arg>GM</arg>
<arg>GN</arg>
<arg>GP</arg>
<arg>GQ</arg>
<arg>GR</arg>
<arg>GS</arg>
<arg>GT</arg>
<arg>GU</arg>
<arg>GW</arg>
<arg>GY</arg>
<arg>HK</arg>
<arg>HM</arg>
<arg>HN</arg>
<arg>HR</arg>
<arg>HT</arg>
<arg>HU</arg>
<arg>ID</arg>
<arg>IE</arg>
<arg>IL</arg>
<arg>IM</arg>
<arg>IN</arg>
<arg>IO</arg>
<arg>IQ</arg>
<arg>IR</arg>
<arg>IS</arg>
<arg>IT</arg>
<arg>JE</arg>
<arg>JM</arg>
<arg>JO</arg>
<arg>JP</arg>
<arg>KE</arg>
<arg>KG</arg>
<arg>KH</arg>
<arg>KI</arg>
<arg>KM</arg>
<arg>KN</arg>
<arg>KP</arg>
<arg>KR</arg>
<arg>KW</arg>
<arg>KY</arg>
<arg>KZ</arg>
<arg>LA</arg>
<arg>LB</arg>
<arg>LC</arg>
<arg>LI</arg>
<arg>LK</arg>
<arg>LR</arg>
<arg>LS</arg>
<arg>LT</arg>
<arg>LU</arg>
<arg>LV</arg>
<arg>LY</arg>
<arg>MA</arg>
<arg>MC</arg>
<arg>MD</arg>
<arg>ME</arg>
<arg>MF</arg>
<arg>MG</arg>
<arg>MH</arg>
<arg>MK</arg>
<arg>ML</arg>
<arg>MM</arg>
<arg>MN</arg>
<arg>MO</arg>
<arg>MP</arg>
<arg>MQ</arg>
<arg>MR</arg>
<arg>MS</arg>
<arg>MT</arg>
<arg>MU</arg>
<arg>MV</arg>
<arg>MW</arg>
<arg>MX</arg>
<arg>MY</arg>
<arg>MZ</arg>
<arg>NA</arg>
<arg>NC</arg>
<arg>NE</arg>
<arg>NF</arg>
<arg>NG</arg>
<arg>NI</arg>
<arg>NL</arg>
<arg>NO</arg>
<arg>NP</arg>
<arg>NR</arg>
<arg>NU</arg>
<arg>NZ</arg>
<arg>OM</arg>
<arg>PA</arg>
<arg>PE</arg>
<arg>PF</arg>
<arg>PG</arg>
<arg>PH</arg>
<arg>PK</arg>
<arg>PL</arg>
<arg>PM</arg>
<arg>PN</arg>
<arg>PR</arg>
<arg>PS</arg>
<arg>PT</arg>
<arg>PW</arg>
<arg>PY</arg>
<arg>QA</arg>
<arg>RE</arg>
<arg>RO</arg>
<arg>RS</arg>
<arg>RU</arg>
<arg>RW</arg>
<arg>SA</arg>
<arg>SB</arg>
<arg>SC</arg>
<arg>SD</arg>
<arg>SE</arg>
<arg>SG</arg>
<arg>SH</arg>
<arg>SI</arg>
<arg>SJ</arg>
<arg>SK</arg>
<arg>SL</arg>
<arg>SM</arg>
<arg>SN</arg>
<arg>SO</arg>
<arg>SR</arg>
<arg>SS</arg>
<arg>ST</arg>
<arg>SV</arg>
<arg>SX</arg>
<arg>SY</arg>
<arg>SZ</arg>
<arg>TC</arg>
<arg>TD</arg>
<arg>TF</arg>
<arg>TG</arg>
<arg>TH</arg>
<arg>TJ</arg>
<arg>TK</arg>
<arg>TL</arg>
<arg>TM</arg>
<arg>TN</arg>
<arg>TO</arg>
<arg>TR</arg>
<arg>TT</arg>
<arg>TV</arg>
<arg>TW</arg>
<arg>TZ</arg>
<arg>UA</arg>
<arg>UG</arg>
<arg>UM</arg>
<arg>US</arg>
<arg>UY</arg>
<arg>UZ</arg>
<arg>VA</arg>
<arg>VC</arg>
<arg>VE</arg>
<arg>VG</arg>
<arg>VI</arg>
<arg>VN</arg>
<arg>VU</arg>
<arg>WF</arg>
<arg>WS</arg>
<arg>XK</arg>
<arg>YE</arg>
<arg>YT</arg>
<arg>ZA</arg>
<arg>ZM</arg>
<arg>ZW</arg>
<doc>Returns a list containing given items.</doc>
<status status="PASS" start="2024-07-04T22:14:37.529720" elapsed="0.000610"/>
</kw>
<kw name="List Should Contain Value" owner="Collections">
<arg>${list_country}</arg>
<arg>${name_country}</arg>
<doc>Fails if the ``value`` is not found from ``list``.</doc>
<status status="PASS" start="2024-07-04T22:14:37.531114" elapsed="0.000203"/>
</kw>
<kw name="Run Keyword If" owner="BuiltIn">
<kw name="Should Be True" owner="BuiltIn">
<arg>${True}</arg>
<doc>Fails if the given condition is not true.</doc>
<status status="PASS" start="2024-07-04T22:14:37.532297" elapsed="0.000141"/>
</kw>
<arg>${json_data["results"][0]["location"]["coordinates"]["latitude"]} &gt;= -90 and ${json_data["results"][0]["location"]["coordinates"]["latitude"]} &lt;= 90</arg>
<arg>Should Be True</arg>
<arg>${True}</arg>
<doc>Runs the given keyword with the given arguments, if ``condition`` is true.</doc>
<status status="PASS" start="2024-07-04T22:14:37.531510" elapsed="0.001050"/>
</kw>
<kw name="Run Keyword If" owner="BuiltIn">
<kw name="Should Be True" owner="BuiltIn">
<arg>${True}</arg>
<doc>Fails if the given condition is not true.</doc>
<status status="PASS" start="2024-07-04T22:14:37.533463" elapsed="0.000262"/>
</kw>
<arg>${json_data["results"][0]["location"]["coordinates"]["longitude"]} &gt;= -180 and ${json_data["results"][0]["location"]["coordinates"]["longitude"]} &lt;= 180</arg>
<arg>Should Be True</arg>
<arg>${True}</arg>
<doc>Runs the given keyword with the given arguments, if ``condition`` is true.</doc>
<status status="PASS" start="2024-07-04T22:14:37.532739" elapsed="0.001121"/>
</kw>
<status status="PASS" start="2024-07-04T22:14:37.429656" elapsed="0.104339"/>
</kw>
<doc>Testa o conteúdo específico dos campos retornados pela API.</doc>
<tag>testeConteudo</tag>
<status status="PASS" start="2024-07-04T22:14:37.429187" elapsed="0.104962"/>
</test>
<status status="PASS" start="2024-07-04T22:14:36.096491" elapsed="1.439701"/>
</suite>
<status status="PASS" start="2024-07-04T22:14:36.081952" elapsed="1.459571"/>
</suite>
<statistics>
<total>
<stat pass="5" fail="0" skip="0">All Tests</stat>
</total>
<tag>
<stat pass="1" fail="0" skip="0">testeConteudo</stat>
<stat pass="1" fail="0" skip="0">testeEstruturaResposta</stat>
<stat pass="1" fail="0" skip="0">testeRequisicaoBasica</stat>
<stat pass="1" fail="0" skip="0">testeTiposDados</stat>
</tag>
<suite>
<stat pass="5" fail="0" skip="0" id="s1" name="Tests">Tests</stat>
<stat pass="5" fail="0" skip="0" id="s1-s1" name="Random-User-Test">Tests.Random-User-Test</stat>
</suite>
</statistics>
<errors>
</errors>
</robot>
