<?xml version="1.0" encoding="UTF-8"?>
<robot generator="Robot 7.0 (Python 3.12.3 on linux)" generated="2024-05-04T12:23:36.565573" rpa="false" schemaversion="5">
<suite id="s1" name="Tests" source="/home/runner/work/DesafioQAItauRogerioJordao/DesafioQAItauRogerioJordao/RamdonUser/tests">
<suite id="s1-s1" name="Random-User-Test" source="/home/runner/work/DesafioQAItauRogerioJordao/DesafioQAItauRogerioJordao/RamdonUser/tests/random-user-test.robot">
<test id="s1-s1-t1" name="Conectar" line="13">
<kw name="Conectar API" owner="random-user-service">
<kw name="Create Session" owner="RequestsLibrary">
<msg time="2024-05-04T12:23:36.951818" level="INFO">Creating Session using : alias=consultarAPI, url=https://randomuser.me/, headers={},                     cookies={}, auth=None, timeout=None, proxies=None, verify=False,                     debug=0 </msg>
<arg>consultarAPI</arg>
<arg>${URL}</arg>
<doc>Create Session: create a HTTP session to a server</doc>
<status status="PASS" start="2024-05-04T12:23:36.951608" elapsed="0.000405"/>
</kw>
<status status="PASS" start="2024-05-04T12:23:36.950588" elapsed="0.001798"/>
</kw>
<status status="PASS" start="2024-05-04T12:23:36.950031" elapsed="0.002547"/>
</test>
<test id="s1-s1-t2" name="Validar retorno 200 e JSON Válido" line="16">
<kw name="Teste de Requisicao Basica" owner="random-user-service">
<kw name="GET On Session" owner="RequestsLibrary">
<msg time="2024-05-04T12:23:37.073827" level="INFO">GET Request : url=https://randomuser.me/api 
 path_url=/api 
 headers={'User-Agent': 'python-requests/2.31.0', 'Accept-Encoding': 'gzip, deflate', 'Accept': '*/*', 'Connection': 'keep-alive'} 
 body=None 
 </msg>
<msg time="2024-05-04T12:23:37.073988" level="INFO">GET Response : url=https://randomuser.me/api 
 status=200, reason=OK 
 headers={'Date': 'Sat, 04 May 2024 12:23:37 GMT', 'Content-Type': 'application/json; charset=utf-8', 'Transfer-Encoding': 'chunked', 'Connection': 'keep-alive', 'X-Powered-By': 'Express', 'Access-Control-Allow-Origin': '*', 'Cache-Control': 'no-cache', 'ETag': 'W/"49c-L1f2J3xKTec1Hh4APc3VCNblX5s"', 'Vary': 'Accept-Encoding', 'Content-Encoding': 'gzip', 'CF-Cache-Status': 'DYNAMIC', 'Report-To': '{"endpoints":[{"url":"https:\\/\\/a.nel.cloudflare.com\\/report\\/v4?s=6uk3aTkJadPeU18k%2F42RVVFD352NXikldeI4VPBNO1SxwtGU3cw2DiSE5trwrO6BI7cFpBCi8i00jT9wLMMgDUCpKEEqcjrNgket9nSux9NhXjDTJgl%2FlMOnCv8S%2FMpu"}],"group":"cf-nel","max_age":604800}', 'NEL': '{"success_fraction":0,"report_to":"cf-nel","max_age":604800}', 'Server': 'cloudflare', 'CF-RAY': '87e8768839fe29a5-ORD', 'alt-svc': 'h3=":443"; ma=86400'} 
 body={"results":[{"gender":"female","name":{"title":"Ms","first":"Polda","last":"Carvalho"},"location":{"street":{"number":9416,"name":"Rua da Saudade"},"city":"Três Lagoas","state":"Tocantins","country":"Brazil","postcode":62657,"coordinates":{"latitude":"-78.9694","longitude":"35.5123"},"timezone":{"offset":"-7:00","description":"Mountain Time (US &amp; Canada)"}},"email":"polda.carvalho@example.com","login":{"uuid":"c2e3f3ef-902e-4e47-9aa6-914e2e697ea0","username":"happymeercat176","password":"neptune","salt":"bk33pBfN","md5":"fe3a24f85ba256bb27ff9490950d4369","sha1":"93f667f89f7c7a8fdbc767f50fb3369a4655aac4","sha256":"027b4811b9722da2c10a9db4a96eed7a5f5e6bd9d40031c76492569144cfe038"},"dob":{"date":"1960-10-04T15:38:48.308Z","age":63},"registered":{"date":"2020-12-24T14:41:54.611Z","age":3},"phone":"(94) 5486-0988","cell":"(08) 4949-5327","id":{"name":"CPF","value":"510.529.025-51"},"picture":{"large":"https://randomuser.me/api/portraits/women/13.jpg","medium":"https://randomuser.me/api/portraits/med/women/13.jpg","thumbnail":"https://randomuser.me/api/portraits/thumb/women/13.jpg"},"nat":"BR"}],"info":{"seed":"87b418427e07205e","results":1,"page":1,"version":"1.4"}} 
 </msg>
<msg time="2024-05-04T12:23:37.074083" level="INFO">/opt/hostedtoolcache/Python/3.12.3/x64/lib/python3.12/site-packages/urllib3/connectionpool.py:1103: InsecureRequestWarning: Unverified HTTPS request is being made to host 'randomuser.me'. Adding certificate verification is strongly advised. See: https://urllib3.readthedocs.io/en/latest/advanced-usage.html#tls-warnings
  warnings.warn(</msg>
<msg time="2024-05-04T12:23:37.074246" level="INFO">${response} = &lt;Response [200]&gt;</msg>
<var>${response}</var>
<arg>consultarAPI</arg>
<arg>/api</arg>
<doc>Sends a GET request on a previously created HTTP Session.</doc>
<status status="PASS" start="2024-05-04T12:23:36.955198" elapsed="0.119090"/>
</kw>
<kw name="Should Be Equal As Numbers" owner="BuiltIn">
<msg time="2024-05-04T12:23:37.075357" level="INFO">Argument types are:
&lt;class 'int'&gt;
&lt;class 'str'&gt;</msg>
<arg>${response.status_code}</arg>
<arg>200</arg>
<doc>Fails if objects are unequal after converting them to real numbers.</doc>
<status status="PASS" start="2024-05-04T12:23:37.074883" elapsed="0.000541"/>
</kw>
<kw name="Log" owner="BuiltIn">
<msg time="2024-05-04T12:23:37.076141" level="INFO">200</msg>
<arg>${response.status_code}</arg>
<doc>Logs the given message with the given level.</doc>
<status status="PASS" start="2024-05-04T12:23:37.075782" elapsed="0.000402"/>
</kw>
<kw name="Set Variable" owner="BuiltIn">
<msg time="2024-05-04T12:23:37.076941" level="INFO">${json_data} = {'results': [{'gender': 'female', 'name': {'title': 'Ms', 'first': 'Polda', 'last': 'Carvalho'}, 'location': {'street': {'number': 9416, 'name': 'Rua da Saudade'}, 'city': 'Três Lagoas', 'state': 'Toc...</msg>
<var>${json_data}</var>
<arg>${response.json()}</arg>
<doc>Returns the given values which can then be assigned to a variables.</doc>
<status status="PASS" start="2024-05-04T12:23:37.076490" elapsed="0.000481"/>
</kw>
<kw name="Dictionary Should Contain Key" owner="Collections">
<msg time="2024-05-04T12:23:37.077462" level="INFO">False</msg>
<arg>${json_data}</arg>
<arg>results</arg>
<doc>Fails if ``key`` is not found from ``dictionary``.</doc>
<status status="PASS" start="2024-05-04T12:23:37.077286" elapsed="0.000218"/>
</kw>
<status status="PASS" start="2024-05-04T12:23:36.954953" elapsed="0.122816"/>
</kw>
<doc>Testa se a API responde corretamente e retorna um objeto JSON válido.</doc>
<tag>testeRequisicaoBasica</tag>
<status status="PASS" start="2024-05-04T12:23:36.954459" elapsed="0.123501"/>
</test>
<test id="s1-s1-t3" name="Validar estrutura de resposta" line="22">
<kw name="Teste de Estrutura de Resposta" owner="random-user-service">
<kw name="GET On Session" owner="RequestsLibrary">
<msg time="2024-05-04T12:23:37.136643" level="INFO">GET Request : url=https://randomuser.me/api 
 path_url=/api 
 headers={'User-Agent': 'python-requests/2.31.0', 'Accept-Encoding': 'gzip, deflate', 'Accept': '*/*', 'Connection': 'keep-alive'} 
 body=None 
 </msg>
<msg time="2024-05-04T12:23:37.136741" level="INFO">GET Response : url=https://randomuser.me/api 
 status=200, reason=OK 
 headers={'Date': 'Sat, 04 May 2024 12:23:37 GMT', 'Content-Type': 'application/json; charset=utf-8', 'Transfer-Encoding': 'chunked', 'Connection': 'keep-alive', 'X-Powered-By': 'Express', 'Access-Control-Allow-Origin': '*', 'Cache-Control': 'no-cache', 'ETag': 'W/"494-z9GmtO4NohX0Pe8njb4Opvq6Y/M"', 'Vary': 'Accept-Encoding', 'Content-Encoding': 'gzip', 'CF-Cache-Status': 'DYNAMIC', 'Report-To': '{"endpoints":[{"url":"https:\\/\\/a.nel.cloudflare.com\\/report\\/v4?s=92ne7oYKahzMud%2Bvv8PPtxVmIatWhE1IR%2FR3RijsSL1K2FAEry4XH4fPK5QsPykZIkoSO8etD89mkX72b5%2FBneHQS0xMaRteRKD6R5Vv0ou%2BlN8vga%2Bueel9lihWvYXt"}],"group":"cf-nel","max_age":604800}', 'NEL': '{"success_fraction":0,"report_to":"cf-nel","max_age":604800}', 'Server': 'cloudflare', 'CF-RAY': '87e87688ca5429a5-ORD', 'alt-svc': 'h3=":443"; ma=86400'} 
 body={"results":[{"gender":"male","name":{"title":"Mr","first":"Eemil","last":"Eskola"},"location":{"street":{"number":2361,"name":"Korkeavuorenkatu"},"city":"Kuopio","state":"Lapland","country":"Finland","postcode":57995,"coordinates":{"latitude":"-23.0938","longitude":"-169.1256"},"timezone":{"offset":"-3:00","description":"Brazil, Buenos Aires, Georgetown"}},"email":"eemil.eskola@example.com","login":{"uuid":"30535648-e0d3-4d79-85c3-362a0f8b12b2","username":"smallelephant282","password":"ericsson","salt":"6d2n1CLr","md5":"8b37f786473f67584ce734c2ec156ab7","sha1":"81f70ff0800d7a263d9cc3c0ed724e86c7eb34df","sha256":"850d7d6ae9e60722cb63a5f4dd435cfccecb1a3fa9c0e1e2c8655d88b2026550"},"dob":{"date":"1967-05-20T18:54:28.307Z","age":56},"registered":{"date":"2005-03-31T22:17:53.323Z","age":19},"phone":"02-957-017","cell":"041-548-71-86","id":{"name":"HETU","value":"NaNNA641undefined"},"picture":{"large":"https://randomuser.me/api/portraits/men/67.jpg","medium":"https://randomuser.me/api/portraits/med/men/67.jpg","thumbnail":"https://randomuser.me/api/portraits/thumb/men/67.jpg"},"nat":"FI"}],"info":{"seed":"d1133358df24aec2","results":1,"page":1,"version":"1.4"}} 
 </msg>
<msg time="2024-05-04T12:23:37.136869" level="INFO">/opt/hostedtoolcache/Python/3.12.3/x64/lib/python3.12/site-packages/urllib3/connectionpool.py:1103: InsecureRequestWarning: Unverified HTTPS request is being made to host 'randomuser.me'. Adding certificate verification is strongly advised. See: https://urllib3.readthedocs.io/en/latest/advanced-usage.html#tls-warnings
  warnings.warn(</msg>
<msg time="2024-05-04T12:23:37.136993" level="INFO">${response} = &lt;Response [200]&gt;</msg>
<var>${response}</var>
<arg>consultarAPI</arg>
<arg>/api</arg>
<doc>Sends a GET request on a previously created HTTP Session.</doc>
<status status="PASS" start="2024-05-04T12:23:37.081200" elapsed="0.055831"/>
</kw>
<kw name="Set Variable" owner="BuiltIn">
<msg time="2024-05-04T12:23:37.138097" level="INFO">${json_data} = {'results': [{'gender': 'male', 'name': {'title': 'Mr', 'first': 'Eemil', 'last': 'Eskola'}, 'location': {'street': {'number': 2361, 'name': 'Korkeavuorenkatu'}, 'city': 'Kuopio', 'state': 'Lapland', ...</msg>
<var>${json_data}</var>
<arg>${response.json()}</arg>
<doc>Returns the given values which can then be assigned to a variables.</doc>
<status status="PASS" start="2024-05-04T12:23:37.137561" elapsed="0.000566"/>
</kw>
<kw name="Log" owner="BuiltIn">
<msg time="2024-05-04T12:23:37.138597" level="INFO">{'results': [{'gender': 'male', 'name': {'title': 'Mr', 'first': 'Eemil', 'last': 'Eskola'}, 'location': {'street': {'number': 2361, 'name': 'Korkeavuorenkatu'}, 'city': 'Kuopio', 'state': 'Lapland', 'country': 'Finland', 'postcode': 57995, 'coordinates': {'latitude': '-23.0938', 'longitude': '-169.1256'}, 'timezone': {'offset': '-3:00', 'description': 'Brazil, Buenos Aires, Georgetown'}}, 'email': 'eemil.eskola@example.com', 'login': {'uuid': '30535648-e0d3-4d79-85c3-362a0f8b12b2', 'username': 'smallelephant282', 'password': 'ericsson', 'salt': '6d2n1CLr', 'md5': '8b37f786473f67584ce734c2ec156ab7', 'sha1': '81f70ff0800d7a263d9cc3c0ed724e86c7eb34df', 'sha256': '850d7d6ae9e60722cb63a5f4dd435cfccecb1a3fa9c0e1e2c8655d88b2026550'}, 'dob': {'date': '1967-05-20T18:54:28.307Z', 'age': 56}, 'registered': {'date': '2005-03-31T22:17:53.323Z', 'age': 19}, 'phone': '02-957-017', 'cell': '041-548-71-86', 'id': {'name': 'HETU', 'value': 'NaNNA641undefined'}, 'picture': {'large': 'https://randomuser.me/api/portraits/men/67.jpg', 'medium': 'https://randomuser.me/api/portraits/med/men/67.jpg', 'thumbnail': 'https://randomuser.me/api/portraits/thumb/men/67.jpg'}, 'nat': 'FI'}], 'info': {'seed': 'd1133358df24aec2', 'results': 1, 'page': 1, 'version': '1.4'}}</msg>
<arg>${json_data}</arg>
<doc>Logs the given message with the given level.</doc>
<status status="PASS" start="2024-05-04T12:23:37.138438" elapsed="0.000208"/>
</kw>
<kw name="Dictionary Should Contain Key" owner="Collections">
<msg time="2024-05-04T12:23:37.139136" level="INFO">False</msg>
<arg>${json_data}</arg>
<arg>results</arg>
<doc>Fails if ``key`` is not found from ``dictionary``.</doc>
<status status="PASS" start="2024-05-04T12:23:37.138974" elapsed="0.000200"/>
</kw>
<kw name="Should Not Be Empty" owner="BuiltIn">
<msg time="2024-05-04T12:23:37.139606" level="INFO">Length is 2.</msg>
<arg>${json_data}</arg>
<doc>Verifies that the given item is not empty.</doc>
<status status="PASS" start="2024-05-04T12:23:37.139468" elapsed="0.000344"/>
</kw>
<kw name="Create List" owner="BuiltIn">
<msg time="2024-05-04T12:23:37.140275" level="INFO">${expected_keys} = ['gender', 'name', 'location', 'email', 'login']</msg>
<var>${expected_keys}</var>
<arg>gender</arg>
<arg>name</arg>
<arg>location</arg>
<arg>email</arg>
<arg>login</arg>
<doc>Returns a list containing given items.</doc>
<status status="PASS" start="2024-05-04T12:23:37.140119" elapsed="0.000181"/>
</kw>
<for flavor="IN">
<iter>
<kw name="Dictionary Should Contain Key" owner="Collections">
<msg time="2024-05-04T12:23:37.141307" level="INFO">False</msg>
<arg>${json_data['results'][0]}</arg>
<arg>${key}</arg>
<doc>Fails if ``key`` is not found from ``dictionary``.</doc>
<status status="PASS" start="2024-05-04T12:23:37.140893" elapsed="0.000453"/>
</kw>
<kw name="Log" owner="BuiltIn">
<msg time="2024-05-04T12:23:37.142010" level="INFO">{'gender': 'male', 'name': {'title': 'Mr', 'first': 'Eemil', 'last': 'Eskola'}, 'location': {'street': {'number': 2361, 'name': 'Korkeavuorenkatu'}, 'city': 'Kuopio', 'state': 'Lapland', 'country': 'Finland', 'postcode': 57995, 'coordinates': {'latitude': '-23.0938', 'longitude': '-169.1256'}, 'timezone': {'offset': '-3:00', 'description': 'Brazil, Buenos Aires, Georgetown'}}, 'email': 'eemil.eskola@example.com', 'login': {'uuid': '30535648-e0d3-4d79-85c3-362a0f8b12b2', 'username': 'smallelephant282', 'password': 'ericsson', 'salt': '6d2n1CLr', 'md5': '8b37f786473f67584ce734c2ec156ab7', 'sha1': '81f70ff0800d7a263d9cc3c0ed724e86c7eb34df', 'sha256': '850d7d6ae9e60722cb63a5f4dd435cfccecb1a3fa9c0e1e2c8655d88b2026550'}, 'dob': {'date': '1967-05-20T18:54:28.307Z', 'age': 56}, 'registered': {'date': '2005-03-31T22:17:53.323Z', 'age': 19}, 'phone': '02-957-017', 'cell': '041-548-71-86', 'id': {'name': 'HETU', 'value': 'NaNNA641undefined'}, 'picture': {'large': 'https://randomuser.me/api/portraits/men/67.jpg', 'medium': 'https://randomuser.me/api/portraits/med/men/67.jpg', 'thumbnail': 'https://randomuser.me/api/portraits/thumb/men/67.jpg'}, 'nat': 'FI'}</msg>
<arg>${json_data['results'][0]}</arg>
<doc>Logs the given message with the given level.</doc>
<status status="PASS" start="2024-05-04T12:23:37.141646" elapsed="0.000413"/>
</kw>
<kw name="Log" owner="BuiltIn">
<msg time="2024-05-04T12:23:37.142486" level="INFO">gender</msg>
<arg>${key}</arg>
<doc>Logs the given message with the given level.</doc>
<status status="PASS" start="2024-05-04T12:23:37.142359" elapsed="0.000166"/>
</kw>
<var name="${key}">gender</var>
<status status="PASS" start="2024-05-04T12:23:37.140765" elapsed="0.001977"/>
</iter>
<iter>
<kw name="Dictionary Should Contain Key" owner="Collections">
<msg time="2024-05-04T12:23:37.143466" level="INFO">False</msg>
<arg>${json_data['results'][0]}</arg>
<arg>${key}</arg>
<doc>Fails if ``key`` is not found from ``dictionary``.</doc>
<status status="PASS" start="2024-05-04T12:23:37.143077" elapsed="0.000427"/>
</kw>
<kw name="Log" owner="BuiltIn">
<msg time="2024-05-04T12:23:37.144189" level="INFO">{'gender': 'male', 'name': {'title': 'Mr', 'first': 'Eemil', 'last': 'Eskola'}, 'location': {'street': {'number': 2361, 'name': 'Korkeavuorenkatu'}, 'city': 'Kuopio', 'state': 'Lapland', 'country': 'Finland', 'postcode': 57995, 'coordinates': {'latitude': '-23.0938', 'longitude': '-169.1256'}, 'timezone': {'offset': '-3:00', 'description': 'Brazil, Buenos Aires, Georgetown'}}, 'email': 'eemil.eskola@example.com', 'login': {'uuid': '30535648-e0d3-4d79-85c3-362a0f8b12b2', 'username': 'smallelephant282', 'password': 'ericsson', 'salt': '6d2n1CLr', 'md5': '8b37f786473f67584ce734c2ec156ab7', 'sha1': '81f70ff0800d7a263d9cc3c0ed724e86c7eb34df', 'sha256': '850d7d6ae9e60722cb63a5f4dd435cfccecb1a3fa9c0e1e2c8655d88b2026550'}, 'dob': {'date': '1967-05-20T18:54:28.307Z', 'age': 56}, 'registered': {'date': '2005-03-31T22:17:53.323Z', 'age': 19}, 'phone': '02-957-017', 'cell': '041-548-71-86', 'id': {'name': 'HETU', 'value': 'NaNNA641undefined'}, 'picture': {'large': 'https://randomuser.me/api/portraits/men/67.jpg', 'medium': 'https://randomuser.me/api/portraits/med/men/67.jpg', 'thumbnail': 'https://randomuser.me/api/portraits/thumb/men/67.jpg'}, 'nat': 'FI'}</msg>
<arg>${json_data['results'][0]}</arg>
<doc>Logs the given message with the given level.</doc>
<status status="PASS" start="2024-05-04T12:23:37.143828" elapsed="0.000409"/>
</kw>
<kw name="Log" owner="BuiltIn">
<msg time="2024-05-04T12:23:37.144659" level="INFO">name</msg>
<arg>${key}</arg>
<doc>Logs the given message with the given level.</doc>
<status status="PASS" start="2024-05-04T12:23:37.144533" elapsed="0.000163"/>
</kw>
<var name="${key}">name</var>
<status status="PASS" start="2024-05-04T12:23:37.142954" elapsed="0.001952"/>
</iter>
<iter>
<kw name="Dictionary Should Contain Key" owner="Collections">
<msg time="2024-05-04T12:23:37.145582" level="INFO">False</msg>
<arg>${json_data['results'][0]}</arg>
<arg>${key}</arg>
<doc>Fails if ``key`` is not found from ``dictionary``.</doc>
<status status="PASS" start="2024-05-04T12:23:37.145198" elapsed="0.000422"/>
</kw>
<kw name="Log" owner="BuiltIn">
<msg time="2024-05-04T12:23:37.146282" level="INFO">{'gender': 'male', 'name': {'title': 'Mr', 'first': 'Eemil', 'last': 'Eskola'}, 'location': {'street': {'number': 2361, 'name': 'Korkeavuorenkatu'}, 'city': 'Kuopio', 'state': 'Lapland', 'country': 'Finland', 'postcode': 57995, 'coordinates': {'latitude': '-23.0938', 'longitude': '-169.1256'}, 'timezone': {'offset': '-3:00', 'description': 'Brazil, Buenos Aires, Georgetown'}}, 'email': 'eemil.eskola@example.com', 'login': {'uuid': '30535648-e0d3-4d79-85c3-362a0f8b12b2', 'username': 'smallelephant282', 'password': 'ericsson', 'salt': '6d2n1CLr', 'md5': '8b37f786473f67584ce734c2ec156ab7', 'sha1': '81f70ff0800d7a263d9cc3c0ed724e86c7eb34df', 'sha256': '850d7d6ae9e60722cb63a5f4dd435cfccecb1a3fa9c0e1e2c8655d88b2026550'}, 'dob': {'date': '1967-05-20T18:54:28.307Z', 'age': 56}, 'registered': {'date': '2005-03-31T22:17:53.323Z', 'age': 19}, 'phone': '02-957-017', 'cell': '041-548-71-86', 'id': {'name': 'HETU', 'value': 'NaNNA641undefined'}, 'picture': {'large': 'https://randomuser.me/api/portraits/men/67.jpg', 'medium': 'https://randomuser.me/api/portraits/med/men/67.jpg', 'thumbnail': 'https://randomuser.me/api/portraits/thumb/men/67.jpg'}, 'nat': 'FI'}</msg>
<arg>${json_data['results'][0]}</arg>
<doc>Logs the given message with the given level.</doc>
<status status="PASS" start="2024-05-04T12:23:37.145917" elapsed="0.000413"/>
</kw>
<kw name="Log" owner="BuiltIn">
<msg time="2024-05-04T12:23:37.146749" level="INFO">location</msg>
<arg>${key}</arg>
<doc>Logs the given message with the given level.</doc>
<status status="PASS" start="2024-05-04T12:23:37.146625" elapsed="0.000162"/>
</kw>
<var name="${key}">location</var>
<status status="PASS" start="2024-05-04T12:23:37.145085" elapsed="0.001938"/>
</iter>
<iter>
<kw name="Dictionary Should Contain Key" owner="Collections">
<msg time="2024-05-04T12:23:37.147692" level="INFO">False</msg>
<arg>${json_data['results'][0]}</arg>
<arg>${key}</arg>
<doc>Fails if ``key`` is not found from ``dictionary``.</doc>
<status status="PASS" start="2024-05-04T12:23:37.147308" elapsed="0.000421"/>
</kw>
<kw name="Log" owner="BuiltIn">
<msg time="2024-05-04T12:23:37.148440" level="INFO">{'gender': 'male', 'name': {'title': 'Mr', 'first': 'Eemil', 'last': 'Eskola'}, 'location': {'street': {'number': 2361, 'name': 'Korkeavuorenkatu'}, 'city': 'Kuopio', 'state': 'Lapland', 'country': 'Finland', 'postcode': 57995, 'coordinates': {'latitude': '-23.0938', 'longitude': '-169.1256'}, 'timezone': {'offset': '-3:00', 'description': 'Brazil, Buenos Aires, Georgetown'}}, 'email': 'eemil.eskola@example.com', 'login': {'uuid': '30535648-e0d3-4d79-85c3-362a0f8b12b2', 'username': 'smallelephant282', 'password': 'ericsson', 'salt': '6d2n1CLr', 'md5': '8b37f786473f67584ce734c2ec156ab7', 'sha1': '81f70ff0800d7a263d9cc3c0ed724e86c7eb34df', 'sha256': '850d7d6ae9e60722cb63a5f4dd435cfccecb1a3fa9c0e1e2c8655d88b2026550'}, 'dob': {'date': '1967-05-20T18:54:28.307Z', 'age': 56}, 'registered': {'date': '2005-03-31T22:17:53.323Z', 'age': 19}, 'phone': '02-957-017', 'cell': '041-548-71-86', 'id': {'name': 'HETU', 'value': 'NaNNA641undefined'}, 'picture': {'large': 'https://randomuser.me/api/portraits/men/67.jpg', 'medium': 'https://randomuser.me/api/portraits/med/men/67.jpg', 'thumbnail': 'https://randomuser.me/api/portraits/thumb/men/67.jpg'}, 'nat': 'FI'}</msg>
<arg>${json_data['results'][0]}</arg>
<doc>Logs the given message with the given level.</doc>
<status status="PASS" start="2024-05-04T12:23:37.148026" elapsed="0.000465"/>
</kw>
<kw name="Log" owner="BuiltIn">
<msg time="2024-05-04T12:23:37.148917" level="INFO">email</msg>
<arg>${key}</arg>
<doc>Logs the given message with the given level.</doc>
<status status="PASS" start="2024-05-04T12:23:37.148789" elapsed="0.000167"/>
</kw>
<var name="${key}">email</var>
<status status="PASS" start="2024-05-04T12:23:37.147197" elapsed="0.001982"/>
</iter>
<iter>
<kw name="Dictionary Should Contain Key" owner="Collections">
<msg time="2024-05-04T12:23:37.149849" level="INFO">False</msg>
<arg>${json_data['results'][0]}</arg>
<arg>${key}</arg>
<doc>Fails if ``key`` is not found from ``dictionary``.</doc>
<status status="PASS" start="2024-05-04T12:23:37.149464" elapsed="0.000431"/>
</kw>
<kw name="Log" owner="BuiltIn">
<msg time="2024-05-04T12:23:37.150572" level="INFO">{'gender': 'male', 'name': {'title': 'Mr', 'first': 'Eemil', 'last': 'Eskola'}, 'location': {'street': {'number': 2361, 'name': 'Korkeavuorenkatu'}, 'city': 'Kuopio', 'state': 'Lapland', 'country': 'Finland', 'postcode': 57995, 'coordinates': {'latitude': '-23.0938', 'longitude': '-169.1256'}, 'timezone': {'offset': '-3:00', 'description': 'Brazil, Buenos Aires, Georgetown'}}, 'email': 'eemil.eskola@example.com', 'login': {'uuid': '30535648-e0d3-4d79-85c3-362a0f8b12b2', 'username': 'smallelephant282', 'password': 'ericsson', 'salt': '6d2n1CLr', 'md5': '8b37f786473f67584ce734c2ec156ab7', 'sha1': '81f70ff0800d7a263d9cc3c0ed724e86c7eb34df', 'sha256': '850d7d6ae9e60722cb63a5f4dd435cfccecb1a3fa9c0e1e2c8655d88b2026550'}, 'dob': {'date': '1967-05-20T18:54:28.307Z', 'age': 56}, 'registered': {'date': '2005-03-31T22:17:53.323Z', 'age': 19}, 'phone': '02-957-017', 'cell': '041-548-71-86', 'id': {'name': 'HETU', 'value': 'NaNNA641undefined'}, 'picture': {'large': 'https://randomuser.me/api/portraits/men/67.jpg', 'medium': 'https://randomuser.me/api/portraits/med/men/67.jpg', 'thumbnail': 'https://randomuser.me/api/portraits/thumb/men/67.jpg'}, 'nat': 'FI'}</msg>
<arg>${json_data['results'][0]}</arg>
<doc>Logs the given message with the given level.</doc>
<status status="PASS" start="2024-05-04T12:23:37.150198" elapsed="0.000424"/>
</kw>
<kw name="Log" owner="BuiltIn">
<msg time="2024-05-04T12:23:37.151071" level="INFO">login</msg>
<arg>${key}</arg>
<doc>Logs the given message with the given level.</doc>
<status status="PASS" start="2024-05-04T12:23:37.150943" elapsed="0.000166"/>
</kw>
<var name="${key}">login</var>
<status status="PASS" start="2024-05-04T12:23:37.149352" elapsed="0.002003"/>
</iter>
<var>${key}</var>
<value>@{expected_keys}</value>
<status status="PASS" start="2024-05-04T12:23:37.140565" elapsed="0.010918"/>
</for>
<kw name="Create List" owner="BuiltIn">
<msg time="2024-05-04T12:23:37.151823" level="INFO">${expected_keysTwo} = ['username', 'password']</msg>
<var>${expected_keysTwo}</var>
<arg>username</arg>
<arg>password</arg>
<doc>Returns a list containing given items.</doc>
<status status="PASS" start="2024-05-04T12:23:37.151686" elapsed="0.000161"/>
</kw>
<for flavor="IN">
<iter>
<kw name="Dictionary Should Contain Key" owner="Collections">
<msg time="2024-05-04T12:23:37.152751" level="INFO">False</msg>
<arg>${json_data['results'][0]['login']}</arg>
<arg>${keyTwo}</arg>
<doc>Fails if ``key`` is not found from ``dictionary``.</doc>
<status status="PASS" start="2024-05-04T12:23:37.152358" elapsed="0.000429"/>
</kw>
<kw name="Dictionary Should Contain Key" owner="Collections">
<msg time="2024-05-04T12:23:37.153467" level="INFO">False</msg>
<arg>${json_data['results'][0]['login']}</arg>
<arg>${keyTwo}</arg>
<doc>Fails if ``key`` is not found from ``dictionary``.</doc>
<status status="PASS" start="2024-05-04T12:23:37.153081" elapsed="0.000423"/>
</kw>
<kw name="Log" owner="BuiltIn">
<msg time="2024-05-04T12:23:37.153918" level="INFO">username</msg>
<arg>${keyTwo}</arg>
<doc>Logs the given message with the given level.</doc>
<status status="PASS" start="2024-05-04T12:23:37.153793" elapsed="0.000167"/>
</kw>
<var name="${keyTwo}">username</var>
<status status="PASS" start="2024-05-04T12:23:37.152242" elapsed="0.001931"/>
</iter>
<iter>
<kw name="Dictionary Should Contain Key" owner="Collections">
<msg time="2024-05-04T12:23:37.154945" level="INFO">False</msg>
<arg>${json_data['results'][0]['login']}</arg>
<arg>${keyTwo}</arg>
<doc>Fails if ``key`` is not found from ``dictionary``.</doc>
<status status="PASS" start="2024-05-04T12:23:37.154455" elapsed="0.000532"/>
</kw>
<kw name="Dictionary Should Contain Key" owner="Collections">
<msg time="2024-05-04T12:23:37.155669" level="INFO">False</msg>
<arg>${json_data['results'][0]['login']}</arg>
<arg>${keyTwo}</arg>
<doc>Fails if ``key`` is not found from ``dictionary``.</doc>
<status status="PASS" start="2024-05-04T12:23:37.155288" elapsed="0.000418"/>
</kw>
<kw name="Log" owner="BuiltIn">
<msg time="2024-05-04T12:23:37.156120" level="INFO">password</msg>
<arg>${keyTwo}</arg>
<doc>Logs the given message with the given level.</doc>
<status status="PASS" start="2024-05-04T12:23:37.155994" elapsed="0.000164"/>
</kw>
<var name="${keyTwo}">password</var>
<status status="PASS" start="2024-05-04T12:23:37.154344" elapsed="0.002027"/>
</iter>
<var>${keyTwo}</var>
<value>@{expected_keysTwo}</value>
<status status="PASS" start="2024-05-04T12:23:37.152085" elapsed="0.004405"/>
</for>
<status status="PASS" start="2024-05-04T12:23:37.080839" elapsed="0.075791"/>
</kw>
<doc>Testa a estrutura da resposta da API.</doc>
<tag>testeEstruturaResposta</tag>
<status status="PASS" start="2024-05-04T12:23:37.079945" elapsed="0.076844"/>
</test>
<test id="s1-s1-t4" name="Validar tipos de dados" line="28">
<kw name="Teste de Tipos de Dados" owner="random-user-service">
<kw name="GET On Session" owner="RequestsLibrary">
<msg time="2024-05-04T12:23:37.232679" level="INFO">GET Request : url=https://randomuser.me/api 
 path_url=/api 
 headers={'User-Agent': 'python-requests/2.31.0', 'Accept-Encoding': 'gzip, deflate', 'Accept': '*/*', 'Connection': 'keep-alive'} 
 body=None 
 </msg>
<msg time="2024-05-04T12:23:37.232791" level="INFO">GET Response : url=https://randomuser.me/api 
 status=200, reason=OK 
 headers={'Date': 'Sat, 04 May 2024 12:23:37 GMT', 'Content-Type': 'application/json; charset=utf-8', 'Transfer-Encoding': 'chunked', 'Connection': 'keep-alive', 'X-Powered-By': 'Express', 'Access-Control-Allow-Origin': '*', 'Cache-Control': 'no-cache', 'ETag': 'W/"477-rddEV2gHVSoZiT/Bf3oFb23Ge6U"', 'Vary': 'Accept-Encoding', 'Content-Encoding': 'gzip', 'CF-Cache-Status': 'DYNAMIC', 'Report-To': '{"endpoints":[{"url":"https:\\/\\/a.nel.cloudflare.com\\/report\\/v4?s=D1luaYzFCf0Z7N7yvfSc90fDbanE1tVZPLM5Hc0HTnle7e%2FCHksxar6zhvKdbUDoVHr05osQEB6N%2BlPvA7iWi4M2UNmd49Fm%2FDE4q050HsA3AeeeAT9qgD3JQ4Zb%2BT9o"}],"group":"cf-nel","max_age":604800}', 'NEL': '{"success_fraction":0,"report_to":"cf-nel","max_age":604800}', 'Server': 'cloudflare', 'CF-RAY': '87e876894ab229a5-ORD', 'alt-svc': 'h3=":443"; ma=86400'} 
 body={"results":[{"gender":"male","name":{"title":"Mr","first":"Gary","last":"Phillips"},"location":{"street":{"number":6504,"name":"Locust Rd"},"city":"Orlando","state":"California","country":"United States","postcode":61004,"coordinates":{"latitude":"85.2019","longitude":"-159.3507"},"timezone":{"offset":"-10:00","description":"Hawaii"}},"email":"gary.phillips@example.com","login":{"uuid":"5b1a7a19-7160-4284-853f-936b8425288d","username":"brownwolf647","password":"fishon","salt":"CfydjGrW","md5":"3ef81e20699c67a5b1c12753804aba5b","sha1":"1f993e34e9a90c4246d4ff26dcba9b154577d941","sha256":"f4a61b959809401f45a80c1570ec69f47d4626a615854bf36852248b585bb8e3"},"dob":{"date":"1957-08-27T02:25:58.524Z","age":66},"registered":{"date":"2009-12-02T09:24:05.765Z","age":14},"phone":"(621) 415-5818","cell":"(868) 997-0268","id":{"name":"SSN","value":"592-54-0774"},"picture":{"large":"https://randomuser.me/api/portraits/men/71.jpg","medium":"https://randomuser.me/api/portraits/med/men/71.jpg","thumbnail":"https://randomuser.me/api/portraits/thumb/men/71.jpg"},"nat":"US"}],"info":{"seed":"fa8791742442e921","results":1,"page":1,"version":"1.4"}} 
 </msg>
<msg time="2024-05-04T12:23:37.232860" level="INFO">/opt/hostedtoolcache/Python/3.12.3/x64/lib/python3.12/site-packages/urllib3/connectionpool.py:1103: InsecureRequestWarning: Unverified HTTPS request is being made to host 'randomuser.me'. Adding certificate verification is strongly advised. See: https://urllib3.readthedocs.io/en/latest/advanced-usage.html#tls-warnings
  warnings.warn(</msg>
<msg time="2024-05-04T12:23:37.232984" level="INFO">${response} = &lt;Response [200]&gt;</msg>
<var>${response}</var>
<arg>consultarAPI</arg>
<arg>/api</arg>
<doc>Sends a GET request on a previously created HTTP Session.</doc>
<status status="PASS" start="2024-05-04T12:23:37.159399" elapsed="0.073625"/>
</kw>
<kw name="Set Variable" owner="BuiltIn">
<msg time="2024-05-04T12:23:37.234236" level="INFO">${json_data} = {'results': [{'gender': 'male', 'name': {'title': 'Mr', 'first': 'Gary', 'last': 'Phillips'}, 'location': {'street': {'number': 6504, 'name': 'Locust Rd'}, 'city': 'Orlando', 'state': 'California', 'c...</msg>
<var>${json_data}</var>
<arg>${response.json()}</arg>
<doc>Returns the given values which can then be assigned to a variables.</doc>
<status status="PASS" start="2024-05-04T12:23:37.233656" elapsed="0.000609"/>
</kw>
<kw name="Log" owner="BuiltIn">
<msg time="2024-05-04T12:23:37.234735" level="INFO">{'results': [{'gender': 'male', 'name': {'title': 'Mr', 'first': 'Gary', 'last': 'Phillips'}, 'location': {'street': {'number': 6504, 'name': 'Locust Rd'}, 'city': 'Orlando', 'state': 'California', 'country': 'United States', 'postcode': 61004, 'coordinates': {'latitude': '85.2019', 'longitude': '-159.3507'}, 'timezone': {'offset': '-10:00', 'description': 'Hawaii'}}, 'email': 'gary.phillips@example.com', 'login': {'uuid': '5b1a7a19-7160-4284-853f-936b8425288d', 'username': 'brownwolf647', 'password': 'fishon', 'salt': 'CfydjGrW', 'md5': '3ef81e20699c67a5b1c12753804aba5b', 'sha1': '1f993e34e9a90c4246d4ff26dcba9b154577d941', 'sha256': 'f4a61b959809401f45a80c1570ec69f47d4626a615854bf36852248b585bb8e3'}, 'dob': {'date': '1957-08-27T02:25:58.524Z', 'age': 66}, 'registered': {'date': '2009-12-02T09:24:05.765Z', 'age': 14}, 'phone': '(621) 415-5818', 'cell': '(868) 997-0268', 'id': {'name': 'SSN', 'value': '592-54-0774'}, 'picture': {'large': 'https://randomuser.me/api/portraits/men/71.jpg', 'medium': 'https://randomuser.me/api/portraits/med/men/71.jpg', 'thumbnail': 'https://randomuser.me/api/portraits/thumb/men/71.jpg'}, 'nat': 'US'}], 'info': {'seed': 'fa8791742442e921', 'results': 1, 'page': 1, 'version': '1.4'}}</msg>
<arg>${json_data}</arg>
<doc>Logs the given message with the given level.</doc>
<status status="PASS" start="2024-05-04T12:23:37.234580" elapsed="0.000239"/>
</kw>
<kw name="Should Be String" owner="String">
<arg>${json_data['results'][0]['gender']}</arg>
<doc>Fails if the given ``item`` is not a string.</doc>
<status status="PASS" start="2024-05-04T12:23:37.235178" elapsed="0.000369"/>
</kw>
<kw name="Should Match Regexp" owner="BuiltIn">
<arg>${json_data['results'][0]['email']}</arg>
<arg>^[a-zA-Z0-9._%+-]+@[a-zA-Z0-9.-]+\.[a-zA-Z]{2,}$</arg>
<doc>Fails if ``string`` does not match ``pattern`` as a regular expression.</doc>
<status status="PASS" start="2024-05-04T12:23:37.235766" elapsed="0.000521"/>
</kw>
<kw name="Should Match Regexp" owner="BuiltIn">
<arg>${json_data['results'][0]['dob']['date']}</arg>
<arg>\\d{4}-\\d{2}-\\d{2}T\\d{2}:\\d{2}:\\d{2}\\.\\d{3}Z</arg>
<doc>Fails if ``string`` does not match ``pattern`` as a regular expression.</doc>
<status status="PASS" start="2024-05-04T12:23:37.236490" elapsed="0.000523"/>
</kw>
<kw name="Should Match Regexp" owner="BuiltIn">
<arg>${json_data['results'][0]['registered']['date']}</arg>
<arg>\\d{4}-\\d{2}-\\d{2}T\\d{2}:\\d{2}:\\d{2}\\.\\d{3}Z</arg>
<doc>Fails if ``string`` does not match ``pattern`` as a regular expression.</doc>
<status status="PASS" start="2024-05-04T12:23:37.237209" elapsed="0.000422"/>
</kw>
<kw name="Should Match Regexp" owner="BuiltIn">
<arg>${json_data['results'][0]['picture']['large']}</arg>
<arg>^https?://.*\.(?:png|jpe?g|gif|bmp)$</arg>
<doc>Fails if ``string`` does not match ``pattern`` as a regular expression.</doc>
<status status="PASS" start="2024-05-04T12:23:37.237830" elapsed="0.000469"/>
</kw>
<kw name="Should Match Regexp" owner="BuiltIn">
<arg>${json_data['results'][0]['picture']['medium']}</arg>
<arg>^https?://.*\.(?:png|jpe?g|gif|bmp)$</arg>
<doc>Fails if ``string`` does not match ``pattern`` as a regular expression.</doc>
<status status="PASS" start="2024-05-04T12:23:37.238489" elapsed="0.000396"/>
</kw>
<kw name="Should Match Regexp" owner="BuiltIn">
<arg>${json_data['results'][0]['picture']['thumbnail']}</arg>
<arg>^https?://.*\.(?:png|jpe?g|gif|bmp)$</arg>
<doc>Fails if ``string`` does not match ``pattern`` as a regular expression.</doc>
<status status="PASS" start="2024-05-04T12:23:37.239083" elapsed="0.000358"/>
</kw>
<kw name="Log" owner="BuiltIn">
<msg time="2024-05-04T12:23:37.239951" level="INFO">{'large': 'https://randomuser.me/api/portraits/men/71.jpg', 'medium': 'https://randomuser.me/api/portraits/med/men/71.jpg', 'thumbnail': 'https://randomuser.me/api/portraits/thumb/men/71.jpg'}</msg>
<arg>${json_data['results'][0]['picture']}</arg>
<doc>Logs the given message with the given level.</doc>
<status status="PASS" start="2024-05-04T12:23:37.239623" elapsed="0.000371"/>
</kw>
<status status="PASS" start="2024-05-04T12:23:37.159165" elapsed="0.081090"/>
</kw>
<kw name="Teste de Tipos de Dados - Postcode" owner="random-user-service">
<kw name="GET On Session" owner="RequestsLibrary">
<msg time="2024-05-04T12:23:37.339807" level="INFO">GET Request : url=https://randomuser.me/api 
 path_url=/api 
 headers={'User-Agent': 'python-requests/2.31.0', 'Accept-Encoding': 'gzip, deflate', 'Accept': '*/*', 'Connection': 'keep-alive'} 
 body=None 
 </msg>
<msg time="2024-05-04T12:23:37.339957" level="INFO">GET Response : url=https://randomuser.me/api 
 status=200, reason=OK 
 headers={'Date': 'Sat, 04 May 2024 12:23:37 GMT', 'Content-Type': 'application/json; charset=utf-8', 'Transfer-Encoding': 'chunked', 'Connection': 'keep-alive', 'X-Powered-By': 'Express', 'Access-Control-Allow-Origin': '*', 'Cache-Control': 'no-cache', 'ETag': 'W/"497-0r8/oA2Ds8uha8Dgjay8+rzDcAw"', 'Vary': 'Accept-Encoding', 'Content-Encoding': 'gzip', 'CF-Cache-Status': 'DYNAMIC', 'Report-To': '{"endpoints":[{"url":"https:\\/\\/a.nel.cloudflare.com\\/report\\/v4?s=oWagTi8TnQNbl7W4LU7wbYT1I4Ygd884yNSNIBuO2FX98Dcxb6LWXrUmzVlcj9YHHRSyHtOwTfgdeXkR9udsqLadtGrtT8%2F3Pi%2F3f85ieq%2FXK4xco1kJLuDBq%2BOJ5nNc"}],"group":"cf-nel","max_age":604800}', 'NEL': '{"success_fraction":0,"report_to":"cf-nel","max_age":604800}', 'Server': 'cloudflare', 'CF-RAY': '87e87689cb0b29a5-ORD', 'alt-svc': 'h3=":443"; ma=86400'} 
 body={"results":[{"gender":"male","name":{"title":"Mr","first":"Marvão","last":"Nogueira"},"location":{"street":{"number":8654,"name":"Rua Principal"},"city":"Araçatuba","state":"Rio de Janeiro","country":"Brazil","postcode":88881,"coordinates":{"latitude":"-80.6808","longitude":"-40.4033"},"timezone":{"offset":"-8:00","description":"Pacific Time (US &amp; Canada)"}},"email":"marvao.nogueira@example.com","login":{"uuid":"aa2d81be-97d6-4c5b-ad60-c0a8e90c5432","username":"happybear779","password":"spanking","salt":"JBYxVuT5","md5":"e910792ad8d42cb7aab398b15217f350","sha1":"477a78dadf32fc078bfa059e0779ef3b799ec844","sha256":"a23b0902054b120ed19197d7d1de0f08de156dbd9be288a3056a05a989152f7f"},"dob":{"date":"1945-06-28T10:07:32.671Z","age":78},"registered":{"date":"2016-01-24T02:03:17.192Z","age":8},"phone":"(85) 0732-2146","cell":"(70) 9752-8445","id":{"name":"CPF","value":"355.675.721-23"},"picture":{"large":"https://randomuser.me/api/portraits/men/56.jpg","medium":"https://randomuser.me/api/portraits/med/men/56.jpg","thumbnail":"https://randomuser.me/api/portraits/thumb/men/56.jpg"},"nat":"BR"}],"info":{"seed":"cf36e0a37aeb673d","results":1,"page":1,"version":"1.4"}} 
 </msg>
<msg time="2024-05-04T12:23:37.340082" level="INFO">/opt/hostedtoolcache/Python/3.12.3/x64/lib/python3.12/site-packages/urllib3/connectionpool.py:1103: InsecureRequestWarning: Unverified HTTPS request is being made to host 'randomuser.me'. Adding certificate verification is strongly advised. See: https://urllib3.readthedocs.io/en/latest/advanced-usage.html#tls-warnings
  warnings.warn(</msg>
<msg time="2024-05-04T12:23:37.340271" level="INFO">${response} = &lt;Response [200]&gt;</msg>
<var>${response}</var>
<arg>consultarAPI</arg>
<arg>/api</arg>
<doc>Sends a GET request on a previously created HTTP Session.</doc>
<status status="PASS" start="2024-05-04T12:23:37.240722" elapsed="0.099596"/>
</kw>
<kw name="Set Variable" owner="BuiltIn">
<msg time="2024-05-04T12:23:37.341779" level="INFO">${json_data} = {'results': [{'gender': 'male', 'name': {'title': 'Mr', 'first': 'Marvão', 'last': 'Nogueira'}, 'location': {'street': {'number': 8654, 'name': 'Rua Principal'}, 'city': 'Araçatuba', 'state': 'Rio de ...</msg>
<var>${json_data}</var>
<arg>${response.json()}</arg>
<doc>Returns the given values which can then be assigned to a variables.</doc>
<status status="PASS" start="2024-05-04T12:23:37.341028" elapsed="0.000796"/>
</kw>
<kw name="Log" owner="BuiltIn">
<msg time="2024-05-04T12:23:37.342483" level="INFO">{'results': [{'gender': 'male', 'name': {'title': 'Mr', 'first': 'Marvão', 'last': 'Nogueira'}, 'location': {'street': {'number': 8654, 'name': 'Rua Principal'}, 'city': 'Araçatuba', 'state': 'Rio de Janeiro', 'country': 'Brazil', 'postcode': 88881, 'coordinates': {'latitude': '-80.6808', 'longitude': '-40.4033'}, 'timezone': {'offset': '-8:00', 'description': 'Pacific Time (US &amp; Canada)'}}, 'email': 'marvao.nogueira@example.com', 'login': {'uuid': 'aa2d81be-97d6-4c5b-ad60-c0a8e90c5432', 'username': 'happybear779', 'password': 'spanking', 'salt': 'JBYxVuT5', 'md5': 'e910792ad8d42cb7aab398b15217f350', 'sha1': '477a78dadf32fc078bfa059e0779ef3b799ec844', 'sha256': 'a23b0902054b120ed19197d7d1de0f08de156dbd9be288a3056a05a989152f7f'}, 'dob': {'date': '1945-06-28T10:07:32.671Z', 'age': 78}, 'registered': {'date': '2016-01-24T02:03:17.192Z', 'age': 8}, 'phone': '(85) 0732-2146', 'cell': '(70) 9752-8445', 'id': {'name': 'CPF', 'value': '355.675.721-23'}, 'picture': {'large': 'https://randomuser.me/api/portraits/men/56.jpg', 'medium': 'https://randomuser.me/api/portraits/med/men/56.jpg', 'thumbnail': 'https://randomuser.me/api/portraits/thumb/men/56.jpg'}, 'nat': 'BR'}], 'info': {'seed': 'cf36e0a37aeb673d', 'results': 1, 'page': 1, 'version': '1.4'}}</msg>
<arg>${json_data}</arg>
<doc>Logs the given message with the given level.</doc>
<status status="PASS" start="2024-05-04T12:23:37.342259" elapsed="0.000349"/>
</kw>
<kw name="Should Be Equal As Numbers" owner="BuiltIn">
<arg>${json_data['results'][0]['location']['postcode']}</arg>
<arg>${json_data['results'][0]['location']['postcode']}</arg>
<doc>Fails if objects are unequal after converting them to real numbers.</doc>
<status status="PASS" start="2024-05-04T12:23:37.343322" elapsed="0.001022"/>
</kw>
<kw name="Log" owner="BuiltIn">
<msg time="2024-05-04T12:23:37.345278" level="INFO">88881</msg>
<arg>${json_data['results'][0]['location']['postcode']}</arg>
<doc>Logs the given message with the given level.</doc>
<status status="PASS" start="2024-05-04T12:23:37.344671" elapsed="0.000679"/>
</kw>
<status status="PASS" start="2024-05-04T12:23:37.240487" elapsed="0.105278"/>
</kw>
<doc>Testa se os tipos de dados na resposta da API estão corretos.</doc>
<tag>testeTiposDados</tag>
<status status="PASS" start="2024-05-04T12:23:37.158580" elapsed="0.187478"/>
</test>
<test id="s1-s1-t5" name="Validar conteudo" line="35">
<kw name="Teste de Tipos de Conteudo" owner="random-user-service">
<kw name="GET On Session" owner="RequestsLibrary">
<msg time="2024-05-04T12:23:37.433217" level="INFO">GET Request : url=https://randomuser.me/api 
 path_url=/api 
 headers={'User-Agent': 'python-requests/2.31.0', 'Accept-Encoding': 'gzip, deflate', 'Accept': '*/*', 'Connection': 'keep-alive'} 
 body=None 
 </msg>
<msg time="2024-05-04T12:23:37.433315" level="INFO">GET Response : url=https://randomuser.me/api 
 status=200, reason=OK 
 headers={'Date': 'Sat, 04 May 2024 12:23:37 GMT', 'Content-Type': 'application/json; charset=utf-8', 'Transfer-Encoding': 'chunked', 'Connection': 'keep-alive', 'X-Powered-By': 'Express', 'Access-Control-Allow-Origin': '*', 'Cache-Control': 'no-cache', 'ETag': 'W/"47a-StXRbAtwX0B+PYcOD7Rwpek8v8g"', 'Vary': 'Accept-Encoding', 'Content-Encoding': 'gzip', 'CF-Cache-Status': 'DYNAMIC', 'Report-To': '{"endpoints":[{"url":"https:\\/\\/a.nel.cloudflare.com\\/report\\/v4?s=D%2B%2F8RD1otd10zm1bw4T73vylPLf5a29HJOf8Syl5fbsO6wLDoewOadc4dwphkj5hp%2FuWWt6ukBeBr2M04G1ybP8BzgaA3mEn6il1DaSk1hdjG6oGIQpn9S222ysFd0Sv"}],"group":"cf-nel","max_age":604800}', 'NEL': '{"success_fraction":0,"report_to":"cf-nel","max_age":604800}', 'Server': 'cloudflare', 'CF-RAY': '87e8768a7b8629a5-ORD', 'alt-svc': 'h3=":443"; ma=86400'} 
 body={"results":[{"gender":"male","name":{"title":"Mr","first":"Abdoel","last":"Kerssens"},"location":{"street":{"number":6926,"name":"Buitendijk West"},"city":"Grou","state":"Groningen","country":"Netherlands","postcode":"5228 PP","coordinates":{"latitude":"34.0174","longitude":"-98.9038"},"timezone":{"offset":"+5:45","description":"Kathmandu"}},"email":"abdoel.kerssens@example.com","login":{"uuid":"05bb3451-e547-4386-97cb-267edabad9e2","username":"smallpanda229","password":"jenn","salt":"3vqEpIAe","md5":"e3bd385d4c931f8d33ef48f6c4898f50","sha1":"95c3273ea06dc23f3d177cd641442834a72e6d76","sha256":"a92bd0c523770f2c8c18df17a774a88d60802efc2961268380f6e2353985ddf3"},"dob":{"date":"1968-02-02T01:26:01.343Z","age":56},"registered":{"date":"2011-12-17T03:32:57.812Z","age":12},"phone":"(086) 7686817","cell":"(06) 28498242","id":{"name":"BSN","value":"27962329"},"picture":{"large":"https://randomuser.me/api/portraits/men/92.jpg","medium":"https://randomuser.me/api/portraits/med/men/92.jpg","thumbnail":"https://randomuser.me/api/portraits/thumb/men/92.jpg"},"nat":"NL"}],"info":{"seed":"50f3307325de0de9","results":1,"page":1,"version":"1.4"}} 
 </msg>
<msg time="2024-05-04T12:23:37.433383" level="INFO">/opt/hostedtoolcache/Python/3.12.3/x64/lib/python3.12/site-packages/urllib3/connectionpool.py:1103: InsecureRequestWarning: Unverified HTTPS request is being made to host 'randomuser.me'. Adding certificate verification is strongly advised. See: https://urllib3.readthedocs.io/en/latest/advanced-usage.html#tls-warnings
  warnings.warn(</msg>
<msg time="2024-05-04T12:23:37.433502" level="INFO">${response} = &lt;Response [200]&gt;</msg>
<var>${response}</var>
<arg>consultarAPI</arg>
<arg>/api</arg>
<doc>Sends a GET request on a previously created HTTP Session.</doc>
<status status="PASS" start="2024-05-04T12:23:37.350140" elapsed="0.083424"/>
</kw>
<kw name="Set Variable" owner="BuiltIn">
<msg time="2024-05-04T12:23:37.434583" level="INFO">${json_data} = {'results': [{'gender': 'male', 'name': {'title': 'Mr', 'first': 'Abdoel', 'last': 'Kerssens'}, 'location': {'street': {'number': 6926, 'name': 'Buitendijk West'}, 'city': 'Grou', 'state': 'Groningen'...</msg>
<var>${json_data}</var>
<arg>${response.json()}</arg>
<doc>Returns the given values which can then be assigned to a variables.</doc>
<status status="PASS" start="2024-05-04T12:23:37.434070" elapsed="0.000541"/>
</kw>
<kw name="Set Variable" owner="BuiltIn">
<msg time="2024-05-04T12:23:37.435382" level="INFO">${name_title} = Mr</msg>
<var>${name_title}</var>
<arg>${json_data["results"][0]["name"]["title"]}</arg>
<doc>Returns the given values which can then be assigned to a variables.</doc>
<status status="PASS" start="2024-05-04T12:23:37.434976" elapsed="0.000431"/>
</kw>
<kw name="Create List" owner="BuiltIn">
<msg time="2024-05-04T12:23:37.435873" level="INFO">${allowed_titles} = ['Mr', 'Ms', 'Miss', 'Mrs', 'Madame', 'Monsieur']</msg>
<var>${allowed_titles}</var>
<arg>Mr</arg>
<arg>Ms</arg>
<arg>Miss</arg>
<arg>Mrs</arg>
<arg>Madame</arg>
<arg>Monsieur</arg>
<doc>Returns a list containing given items.</doc>
<status status="PASS" start="2024-05-04T12:23:37.435722" elapsed="0.000175"/>
</kw>
<kw name="List Should Contain Value" owner="Collections">
<msg time="2024-05-04T12:23:37.436373" level="INFO">False</msg>
<arg>${allowed_titles}</arg>
<arg>${name_title}</arg>
<doc>Fails if the ``value`` is not found from ``list``.</doc>
<status status="PASS" start="2024-05-04T12:23:37.436198" elapsed="0.000213"/>
</kw>
<kw name="Set Variable" owner="BuiltIn">
<msg time="2024-05-04T12:23:37.437103" level="INFO">${name_country} = NL</msg>
<var>${name_country}</var>
<arg>${json_data["results"][0]["nat"]}</arg>
<doc>Returns the given values which can then be assigned to a variables.</doc>
<status status="PASS" start="2024-05-04T12:23:37.436702" elapsed="0.000428"/>
</kw>
<kw name="Create List" owner="BuiltIn">
<msg time="2024-05-04T12:23:37.438022" level="INFO">${list_country} = ['AD', 'AE', 'AF', 'AG', 'AI', 'AL', 'AM', 'AO', 'AQ', 'AR', 'AS', 'AT', 'AU', 'AW', 'AX', 'AZ', 'BA', 'BB', 'BD', 'BE', 'BF', 'BG', 'BH', 'BI', 'BJ', 'BL', 'BM', 'BN', 'BO', 'BQ', 'BR', 'BS', 'BT', '...</msg>
<var>${list_country}</var>
<arg>AD</arg>
<arg>AE</arg>
<arg>AF</arg>
<arg>AG</arg>
<arg>AI</arg>
<arg>AL</arg>
<arg>AM</arg>
<arg>AO</arg>
<arg>AQ</arg>
<arg>AR</arg>
<arg>AS</arg>
<arg>AT</arg>
<arg>AU</arg>
<arg>AW</arg>
<arg>AX</arg>
<arg>AZ</arg>
<arg>BA</arg>
<arg>BB</arg>
<arg>BD</arg>
<arg>BE</arg>
<arg>BF</arg>
<arg>BG</arg>
<arg>BH</arg>
<arg>BI</arg>
<arg>BJ</arg>
<arg>BL</arg>
<arg>BM</arg>
<arg>BN</arg>
<arg>BO</arg>
<arg>BQ</arg>
<arg>BR</arg>
<arg>BS</arg>
<arg>BT</arg>
<arg>BV</arg>
<arg>BW</arg>
<arg>BY</arg>
<arg>BZ</arg>
<arg>CA</arg>
<arg>CC</arg>
<arg>CD</arg>
<arg>CF</arg>
<arg>CG</arg>
<arg>CH</arg>
<arg>CI</arg>
<arg>CK</arg>
<arg>CL</arg>
<arg>CM</arg>
<arg>CN</arg>
<arg>CO</arg>
<arg>CR</arg>
<arg>CU</arg>
<arg>CV</arg>
<arg>CW</arg>
<arg>CX</arg>
<arg>CY</arg>
<arg>CZ</arg>
<arg>DE</arg>
<arg>DJ</arg>
<arg>DK</arg>
<arg>DM</arg>
<arg>DO</arg>
<arg>DZ</arg>
<arg>EC</arg>
<arg>EE</arg>
<arg>EG</arg>
<arg>EH</arg>
<arg>ER</arg>
<arg>ES</arg>
<arg>ET</arg>
<arg>FI</arg>
<arg>FJ</arg>
<arg>FK</arg>
<arg>FM</arg>
<arg>FO</arg>
<arg>FR</arg>
<arg>GA</arg>
<arg>GB</arg>
<arg>GD</arg>
<arg>GE</arg>
<arg>GF</arg>
<arg>GG</arg>
<arg>GH</arg>
<arg>GI</arg>
<arg>GL</arg>
<arg>GM</arg>
<arg>GN</arg>
<arg>GP</arg>
<arg>GQ</arg>
<arg>GR</arg>
<arg>GS</arg>
<arg>GT</arg>
<arg>GU</arg>
<arg>GW</arg>
<arg>GY</arg>
<arg>HK</arg>
<arg>HM</arg>
<arg>HN</arg>
<arg>HR</arg>
<arg>HT</arg>
<arg>HU</arg>
<arg>ID</arg>
<arg>IE</arg>
<arg>IL</arg>
<arg>IM</arg>
<arg>IN</arg>
<arg>IO</arg>
<arg>IQ</arg>
<arg>IR</arg>
<arg>IS</arg>
<arg>IT</arg>
<arg>JE</arg>
<arg>JM</arg>
<arg>JO</arg>
<arg>JP</arg>
<arg>KE</arg>
<arg>KG</arg>
<arg>KH</arg>
<arg>KI</arg>
<arg>KM</arg>
<arg>KN</arg>
<arg>KP</arg>
<arg>KR</arg>
<arg>KW</arg>
<arg>KY</arg>
<arg>KZ</arg>
<arg>LA</arg>
<arg>LB</arg>
<arg>LC</arg>
<arg>LI</arg>
<arg>LK</arg>
<arg>LR</arg>
<arg>LS</arg>
<arg>LT</arg>
<arg>LU</arg>
<arg>LV</arg>
<arg>LY</arg>
<arg>MA</arg>
<arg>MC</arg>
<arg>MD</arg>
<arg>ME</arg>
<arg>MF</arg>
<arg>MG</arg>
<arg>MH</arg>
<arg>MK</arg>
<arg>ML</arg>
<arg>MM</arg>
<arg>MN</arg>
<arg>MO</arg>
<arg>MP</arg>
<arg>MQ</arg>
<arg>MR</arg>
<arg>MS</arg>
<arg>MT</arg>
<arg>MU</arg>
<arg>MV</arg>
<arg>MW</arg>
<arg>MX</arg>
<arg>MY</arg>
<arg>MZ</arg>
<arg>NA</arg>
<arg>NC</arg>
<arg>NE</arg>
<arg>NF</arg>
<arg>NG</arg>
<arg>NI</arg>
<arg>NL</arg>
<arg>NO</arg>
<arg>NP</arg>
<arg>NR</arg>
<arg>NU</arg>
<arg>NZ</arg>
<arg>OM</arg>
<arg>PA</arg>
<arg>PE</arg>
<arg>PF</arg>
<arg>PG</arg>
<arg>PH</arg>
<arg>PK</arg>
<arg>PL</arg>
<arg>PM</arg>
<arg>PN</arg>
<arg>PR</arg>
<arg>PS</arg>
<arg>PT</arg>
<arg>PW</arg>
<arg>PY</arg>
<arg>QA</arg>
<arg>RE</arg>
<arg>RO</arg>
<arg>RS</arg>
<arg>RU</arg>
<arg>RW</arg>
<arg>SA</arg>
<arg>SB</arg>
<arg>SC</arg>
<arg>SD</arg>
<arg>SE</arg>
<arg>SG</arg>
<arg>SH</arg>
<arg>SI</arg>
<arg>SJ</arg>
<arg>SK</arg>
<arg>SL</arg>
<arg>SM</arg>
<arg>SN</arg>
<arg>SO</arg>
<arg>SR</arg>
<arg>SS</arg>
<arg>ST</arg>
<arg>SV</arg>
<arg>SX</arg>
<arg>SY</arg>
<arg>SZ</arg>
<arg>TC</arg>
<arg>TD</arg>
<arg>TF</arg>
<arg>TG</arg>
<arg>TH</arg>
<arg>TJ</arg>
<arg>TK</arg>
<arg>TL</arg>
<arg>TM</arg>
<arg>TN</arg>
<arg>TO</arg>
<arg>TR</arg>
<arg>TT</arg>
<arg>TV</arg>
<arg>TW</arg>
<arg>TZ</arg>
<arg>UA</arg>
<arg>UG</arg>
<arg>UM</arg>
<arg>US</arg>
<arg>UY</arg>
<arg>UZ</arg>
<arg>VA</arg>
<arg>VC</arg>
<arg>VE</arg>
<arg>VG</arg>
<arg>VI</arg>
<arg>VN</arg>
<arg>VU</arg>
<arg>WF</arg>
<arg>WS</arg>
<arg>XK</arg>
<arg>YE</arg>
<arg>YT</arg>
<arg>ZA</arg>
<arg>ZM</arg>
<arg>ZW</arg>
<doc>Returns a list containing given items.</doc>
<status status="PASS" start="2024-05-04T12:23:37.437436" elapsed="0.000612"/>
</kw>
<kw name="List Should Contain Value" owner="Collections">
<msg time="2024-05-04T12:23:37.439072" level="INFO">False</msg>
<arg>${list_country}</arg>
<arg>${name_country}</arg>
<doc>Fails if the ``value`` is not found from ``list``.</doc>
<status status="PASS" start="2024-05-04T12:23:37.438867" elapsed="0.000243"/>
</kw>
<kw name="Run Keyword If" owner="BuiltIn">
<kw name="Should Be True" owner="BuiltIn">
<arg>${True}</arg>
<doc>Fails if the given condition is not true.</doc>
<status status="PASS" start="2024-05-04T12:23:37.440204" elapsed="0.000264"/>
</kw>
<arg>${json_data["results"][0]["location"]["coordinates"]["latitude"]} &gt;= -90 and ${json_data["results"][0]["location"]["coordinates"]["latitude"]} &lt;= 90</arg>
<arg>Should Be True</arg>
<arg>${True}</arg>
<doc>Runs the given keyword with the given arguments, if ``condition`` is true.</doc>
<status status="PASS" start="2024-05-04T12:23:37.439428" elapsed="0.001176"/>
</kw>
<kw name="Run Keyword If" owner="BuiltIn">
<kw name="Should Be True" owner="BuiltIn">
<arg>${True}</arg>
<doc>Fails if the given condition is not true.</doc>
<status status="PASS" start="2024-05-04T12:23:37.441514" elapsed="0.000142"/>
</kw>
<arg>${json_data["results"][0]["location"]["coordinates"]["longitude"]} &gt;= -180 and ${json_data["results"][0]["location"]["coordinates"]["longitude"]} &lt;= 180</arg>
<arg>Should Be True</arg>
<arg>${True}</arg>
<doc>Runs the given keyword with the given arguments, if ``condition`` is true.</doc>
<status status="PASS" start="2024-05-04T12:23:37.440796" elapsed="0.000986"/>
</kw>
<status status="PASS" start="2024-05-04T12:23:37.349765" elapsed="0.092152"/>
</kw>
<doc>Testa o conteúdo específico dos campos retornados pela API.</doc>
<tag>testeConteudo</tag>
<status status="PASS" start="2024-05-04T12:23:37.349068" elapsed="0.093003"/>
</test>
<status status="PASS" start="2024-05-04T12:23:36.624620" elapsed="0.819464"/>
</suite>
<status status="PASS" start="2024-05-04T12:23:36.610982" elapsed="0.838220"/>
</suite>
<statistics>
<total>
<stat pass="5" fail="0" skip="0">All Tests</stat>
</total>
<tag>
<stat pass="1" fail="0" skip="0">testeConteudo</stat>
<stat pass="1" fail="0" skip="0">testeEstruturaResposta</stat>
<stat pass="1" fail="0" skip="0">testeRequisicaoBasica</stat>
<stat pass="1" fail="0" skip="0">testeTiposDados</stat>
</tag>
<suite>
<stat pass="5" fail="0" skip="0" id="s1" name="Tests">Tests</stat>
<stat pass="5" fail="0" skip="0" id="s1-s1" name="Random-User-Test">Tests.Random-User-Test</stat>
</suite>
</statistics>
<errors>
</errors>
</robot>
