<?xml version="1.0" encoding="UTF-8"?>
<robot generator="Robot 7.0 (Python 3.12.2 on linux)" generated="2024-04-12T02:25:29.184036" rpa="false" schemaversion="5">
<suite id="s1" name="Tests" source="/home/runner/work/DesafioQAItauRogerioJordao/DesafioQAItauRogerioJordao/RamdonUser/tests">
<suite id="s1-s1" name="Random-User-Test" source="/home/runner/work/DesafioQAItauRogerioJordao/DesafioQAItauRogerioJordao/RamdonUser/tests/random-user-test.robot">
<test id="s1-s1-t1" name="Conectar" line="13">
<kw name="Conectar API" owner="random-user-service">
<kw name="Create Session" owner="RequestsLibrary">
<msg time="2024-04-12T02:25:29.551445" level="INFO">Creating Session using : alias=consultarAPI, url=https://randomuser.me/, headers={},                     cookies={}, auth=None, timeout=None, proxies=None, verify=False,                     debug=0 </msg>
<arg>consultarAPI</arg>
<arg>${URL}</arg>
<doc>Create Session: create a HTTP session to a server</doc>
<status status="PASS" start="2024-04-12T02:25:29.551240" elapsed="0.000371"/>
</kw>
<status status="PASS" start="2024-04-12T02:25:29.550232" elapsed="0.001727"/>
</kw>
<status status="PASS" start="2024-04-12T02:25:29.549622" elapsed="0.002545"/>
</test>
<test id="s1-s1-t2" name="Validar retorno 200 e JSON Válido" line="16">
<kw name="Teste de Requisicao Basica" owner="random-user-service">
<kw name="GET On Session" owner="RequestsLibrary">
<msg time="2024-04-12T02:25:29.646617" level="INFO">GET Request : url=https://randomuser.me/api 
 path_url=/api 
 headers={'User-Agent': 'python-requests/2.31.0', 'Accept-Encoding': 'gzip, deflate', 'Accept': '*/*', 'Connection': 'keep-alive'} 
 body=None 
 </msg>
<msg time="2024-04-12T02:25:29.646763" level="INFO">GET Response : url=https://randomuser.me/api 
 status=200, reason=OK 
 headers={'Date': 'Fri, 12 Apr 2024 02:25:29 GMT', 'Content-Type': 'application/json; charset=utf-8', 'Transfer-Encoding': 'chunked', 'Connection': 'keep-alive', 'X-Powered-By': 'Express', 'Access-Control-Allow-Origin': '*', 'Cache-Control': 'no-cache', 'ETag': 'W/"474-eKpj6KwnAOG34VN+H/xrFLhzo14"', 'Vary': 'Accept-Encoding', 'Content-Encoding': 'gzip', 'CF-Cache-Status': 'DYNAMIC', 'Report-To': '{"endpoints":[{"url":"https:\\/\\/a.nel.cloudflare.com\\/report\\/v4?s=Wh8bBtT4wklQO4c9BQ%2FIIBkCSz0C%2BKXU4t%2FI2ArA9Ae6F9cDMfU5ZjAoZ1e0faBQ9ObROUsb2cAh1pri4hLOPNsBfelBznXnDD0dxADQMcSE43zcNRHrDFinzZ9dE2Lx"}],"group":"cf-nel","max_age":604800}', 'NEL': '{"success_fraction":0,"report_to":"cf-nel","max_age":604800}', 'Server': 'cloudflare', 'CF-RAY': '872fc41feed9023b-ORD', 'alt-svc': 'h3=":443"; ma=86400'} 
 body={"results":[{"gender":"male","name":{"title":"Mr","first":"Joshua","last":"King"},"location":{"street":{"number":6056,"name":"Bealey Avenue"},"city":"Rotorua","state":"Marlborough","country":"New Zealand","postcode":83630,"coordinates":{"latitude":"50.6826","longitude":"-170.2868"},"timezone":{"offset":"+6:00","description":"Almaty, Dhaka, Colombo"}},"email":"joshua.king@example.com","login":{"uuid":"96c91a6d-dcfa-4664-ad1a-fff0ff6d61e6","username":"bigmouse983","password":"smokey","salt":"YW8Oxzqz","md5":"21629e9e35c881c6a7c11add467ba701","sha1":"2ab0433c8ca39fa1279e042e4a8f191ed6f10e91","sha256":"6aafce68388be93256d11644a78a19861bf4547af17fc6612833ddf47a4e6347"},"dob":{"date":"2000-03-30T05:08:32.124Z","age":24},"registered":{"date":"2022-01-30T10:40:52.814Z","age":2},"phone":"(993)-841-9372","cell":"(734)-102-7163","id":{"name":"","value":null},"picture":{"large":"https://randomuser.me/api/portraits/men/3.jpg","medium":"https://randomuser.me/api/portraits/med/men/3.jpg","thumbnail":"https://randomuser.me/api/portraits/thumb/men/3.jpg"},"nat":"NZ"}],"info":{"seed":"2710126c8a64856e","results":1,"page":1,"version":"1.4"}} 
 </msg>
<msg time="2024-04-12T02:25:29.646843" level="INFO">/opt/hostedtoolcache/Python/3.12.2/x64/lib/python3.12/site-packages/urllib3/connectionpool.py:1103: InsecureRequestWarning: Unverified HTTPS request is being made to host 'randomuser.me'. Adding certificate verification is strongly advised. See: https://urllib3.readthedocs.io/en/latest/advanced-usage.html#tls-warnings
  warnings.warn(</msg>
<msg time="2024-04-12T02:25:29.646997" level="INFO">${response} = &lt;Response [200]&gt;</msg>
<var>${response}</var>
<arg>consultarAPI</arg>
<arg>/api</arg>
<doc>Sends a GET request on a previously created HTTP Session.</doc>
<status status="PASS" start="2024-04-12T02:25:29.554850" elapsed="0.092188"/>
</kw>
<kw name="Should Be Equal As Numbers" owner="BuiltIn">
<msg time="2024-04-12T02:25:29.648193" level="INFO">Argument types are:
&lt;class 'int'&gt;
&lt;class 'str'&gt;</msg>
<arg>${response.status_code}</arg>
<arg>200</arg>
<doc>Fails if objects are unequal after converting them to real numbers.</doc>
<status status="PASS" start="2024-04-12T02:25:29.647695" elapsed="0.000570"/>
</kw>
<kw name="Log" owner="BuiltIn">
<msg time="2024-04-12T02:25:29.648992" level="INFO">200</msg>
<arg>${response.status_code}</arg>
<doc>Logs the given message with the given level.</doc>
<status status="PASS" start="2024-04-12T02:25:29.648591" elapsed="0.000444"/>
</kw>
<kw name="Set Variable" owner="BuiltIn">
<msg time="2024-04-12T02:25:29.649815" level="INFO">${json_data} = {'results': [{'gender': 'male', 'name': {'title': 'Mr', 'first': 'Joshua', 'last': 'King'}, 'location': {'street': {'number': 6056, 'name': 'Bealey Avenue'}, 'city': 'Rotorua', 'state': 'Marlborough',...</msg>
<var>${json_data}</var>
<arg>${response.json()}</arg>
<doc>Returns the given values which can then be assigned to a variables.</doc>
<status status="PASS" start="2024-04-12T02:25:29.649376" elapsed="0.000468"/>
</kw>
<kw name="Dictionary Should Contain Key" owner="Collections">
<msg time="2024-04-12T02:25:29.650320" level="INFO">False</msg>
<arg>${json_data}</arg>
<arg>results</arg>
<doc>Fails if ``key`` is not found from ``dictionary``.</doc>
<status status="PASS" start="2024-04-12T02:25:29.650150" elapsed="0.000210"/>
</kw>
<status status="PASS" start="2024-04-12T02:25:29.554600" elapsed="0.096021"/>
</kw>
<doc>Testa se a API responde corretamente e retorna um objeto JSON válido.</doc>
<tag>testeRequisicaoBasica</tag>
<status status="PASS" start="2024-04-12T02:25:29.554043" elapsed="0.096773"/>
</test>
<test id="s1-s1-t3" name="Validar estrutura de resposta" line="22">
<kw name="Teste de Estrutura de Resposta" owner="random-user-service">
<kw name="GET On Session" owner="RequestsLibrary">
<msg time="2024-04-12T02:25:29.742322" level="INFO">GET Request : url=https://randomuser.me/api 
 path_url=/api 
 headers={'User-Agent': 'python-requests/2.31.0', 'Accept-Encoding': 'gzip, deflate', 'Accept': '*/*', 'Connection': 'keep-alive'} 
 body=None 
 </msg>
<msg time="2024-04-12T02:25:29.742429" level="INFO">GET Response : url=https://randomuser.me/api 
 status=200, reason=OK 
 headers={'Date': 'Fri, 12 Apr 2024 02:25:29 GMT', 'Content-Type': 'application/json; charset=utf-8', 'Transfer-Encoding': 'chunked', 'Connection': 'keep-alive', 'X-Powered-By': 'Express', 'Access-Control-Allow-Origin': '*', 'Cache-Control': 'no-cache', 'ETag': 'W/"4a7-sYtBq6M7KJCahw4JB4D2DpVvtgs"', 'Vary': 'Accept-Encoding', 'Content-Encoding': 'gzip', 'CF-Cache-Status': 'DYNAMIC', 'Report-To': '{"endpoints":[{"url":"https:\\/\\/a.nel.cloudflare.com\\/report\\/v4?s=XMEHSCgiV5AWoLwgfSBaTb49btKGO04YNWw6jUEjYrhqKAtengIrnEVGXzvg1%2FrsAoazhLp9sXBTmANJsfcUDEKrASYCzysNb56e6I%2BBM17B%2BQ2uFBrN3CBy2a8NrbBO"}],"group":"cf-nel","max_age":604800}', 'NEL': '{"success_fraction":0,"report_to":"cf-nel","max_age":604800}', 'Server': 'cloudflare', 'CF-RAY': '872fc4205f70023b-ORD', 'alt-svc': 'h3=":443"; ma=86400'} 
 body={"results":[{"gender":"female","name":{"title":"Miss","first":"Stèphanie","last":"Nieuwstraten"},"location":{"street":{"number":8913,"name":"Hunebedstraat"},"city":"Lemselo","state":"Limburg","country":"Netherlands","postcode":"7628 WR","coordinates":{"latitude":"30.7275","longitude":"6.4081"},"timezone":{"offset":"-3:00","description":"Brazil, Buenos Aires, Georgetown"}},"email":"stephanie.nieuwstraten@example.com","login":{"uuid":"e825ec77-8836-4a4d-ad2f-d16144d08a36","username":"whiteswan159","password":"beech","salt":"HnxPpZQZ","md5":"0d03e150e3b830fac7c90eb576f6bfa6","sha1":"fb7588e17a5f18ffbdda6d95b47a0643aee9729d","sha256":"9f5bd88281b4cdb6ad9cdf477a19963942b42ae25a74404fab4f917d14b6c7a4"},"dob":{"date":"1966-09-26T11:43:26.092Z","age":57},"registered":{"date":"2004-07-24T12:02:59.218Z","age":19},"phone":"(028) 0562498","cell":"(06) 20251006","id":{"name":"BSN","value":"93508465"},"picture":{"large":"https://randomuser.me/api/portraits/women/29.jpg","medium":"https://randomuser.me/api/portraits/med/women/29.jpg","thumbnail":"https://randomuser.me/api/portraits/thumb/women/29.jpg"},"nat":"NL"}],"info":{"seed":"f475eacbe855de30","results":1,"page":1,"version":"1.4"}} 
 </msg>
<msg time="2024-04-12T02:25:29.742575" level="INFO">/opt/hostedtoolcache/Python/3.12.2/x64/lib/python3.12/site-packages/urllib3/connectionpool.py:1103: InsecureRequestWarning: Unverified HTTPS request is being made to host 'randomuser.me'. Adding certificate verification is strongly advised. See: https://urllib3.readthedocs.io/en/latest/advanced-usage.html#tls-warnings
  warnings.warn(</msg>
<msg time="2024-04-12T02:25:29.742716" level="INFO">${response} = &lt;Response [200]&gt;</msg>
<var>${response}</var>
<arg>consultarAPI</arg>
<arg>/api</arg>
<doc>Sends a GET request on a previously created HTTP Session.</doc>
<status status="PASS" start="2024-04-12T02:25:29.654071" elapsed="0.088686"/>
</kw>
<kw name="Set Variable" owner="BuiltIn">
<msg time="2024-04-12T02:25:29.743817" level="INFO">${json_data} = {'results': [{'gender': 'female', 'name': {'title': 'Miss', 'first': 'Stèphanie', 'last': 'Nieuwstraten'}, 'location': {'street': {'number': 8913, 'name': 'Hunebedstraat'}, 'city': 'Lemselo', 'state':...</msg>
<var>${json_data}</var>
<arg>${response.json()}</arg>
<doc>Returns the given values which can then be assigned to a variables.</doc>
<status status="PASS" start="2024-04-12T02:25:29.743273" elapsed="0.000576"/>
</kw>
<kw name="Log" owner="BuiltIn">
<msg time="2024-04-12T02:25:29.744372" level="INFO">{'results': [{'gender': 'female', 'name': {'title': 'Miss', 'first': 'Stèphanie', 'last': 'Nieuwstraten'}, 'location': {'street': {'number': 8913, 'name': 'Hunebedstraat'}, 'city': 'Lemselo', 'state': 'Limburg', 'country': 'Netherlands', 'postcode': '7628 WR', 'coordinates': {'latitude': '30.7275', 'longitude': '6.4081'}, 'timezone': {'offset': '-3:00', 'description': 'Brazil, Buenos Aires, Georgetown'}}, 'email': 'stephanie.nieuwstraten@example.com', 'login': {'uuid': 'e825ec77-8836-4a4d-ad2f-d16144d08a36', 'username': 'whiteswan159', 'password': 'beech', 'salt': 'HnxPpZQZ', 'md5': '0d03e150e3b830fac7c90eb576f6bfa6', 'sha1': 'fb7588e17a5f18ffbdda6d95b47a0643aee9729d', 'sha256': '9f5bd88281b4cdb6ad9cdf477a19963942b42ae25a74404fab4f917d14b6c7a4'}, 'dob': {'date': '1966-09-26T11:43:26.092Z', 'age': 57}, 'registered': {'date': '2004-07-24T12:02:59.218Z', 'age': 19}, 'phone': '(028) 0562498', 'cell': '(06) 20251006', 'id': {'name': 'BSN', 'value': '93508465'}, 'picture': {'large': 'https://randomuser.me/api/portraits/women/29.jpg', 'medium': 'https://randomuser.me/api/portraits/med/women/29.jpg', 'thumbnail': 'https://randomuser.me/api/portraits/thumb/women/29.jpg'}, 'nat': 'NL'}], 'info': {'seed': 'f475eacbe855de30', 'results': 1, 'page': 1, 'version': '1.4'}}</msg>
<arg>${json_data}</arg>
<doc>Logs the given message with the given level.</doc>
<status status="PASS" start="2024-04-12T02:25:29.744194" elapsed="0.000231"/>
</kw>
<kw name="Dictionary Should Contain Key" owner="Collections">
<msg time="2024-04-12T02:25:29.744952" level="INFO">False</msg>
<arg>${json_data}</arg>
<arg>results</arg>
<doc>Fails if ``key`` is not found from ``dictionary``.</doc>
<status status="PASS" start="2024-04-12T02:25:29.744779" elapsed="0.000212"/>
</kw>
<kw name="Should Not Be Empty" owner="BuiltIn">
<msg time="2024-04-12T02:25:29.745441" level="INFO">Length is 2.</msg>
<arg>${json_data}</arg>
<doc>Verifies that the given item is not empty.</doc>
<status status="PASS" start="2024-04-12T02:25:29.745299" elapsed="0.000182"/>
</kw>
<kw name="Create List" owner="BuiltIn">
<msg time="2024-04-12T02:25:29.745952" level="INFO">${expected_keys} = ['gender', 'name', 'location', 'email', 'login']</msg>
<var>${expected_keys}</var>
<arg>gender</arg>
<arg>name</arg>
<arg>location</arg>
<arg>email</arg>
<arg>login</arg>
<doc>Returns a list containing given items.</doc>
<status status="PASS" start="2024-04-12T02:25:29.745793" elapsed="0.000184"/>
</kw>
<for flavor="IN">
<iter>
<kw name="Dictionary Should Contain Key" owner="Collections">
<msg time="2024-04-12T02:25:29.747005" level="INFO">False</msg>
<arg>${json_data['results'][0]}</arg>
<arg>${key}</arg>
<doc>Fails if ``key`` is not found from ``dictionary``.</doc>
<status status="PASS" start="2024-04-12T02:25:29.746577" elapsed="0.000468"/>
</kw>
<kw name="Log" owner="BuiltIn">
<msg time="2024-04-12T02:25:29.747740" level="INFO">{'gender': 'female', 'name': {'title': 'Miss', 'first': 'Stèphanie', 'last': 'Nieuwstraten'}, 'location': {'street': {'number': 8913, 'name': 'Hunebedstraat'}, 'city': 'Lemselo', 'state': 'Limburg', 'country': 'Netherlands', 'postcode': '7628 WR', 'coordinates': {'latitude': '30.7275', 'longitude': '6.4081'}, 'timezone': {'offset': '-3:00', 'description': 'Brazil, Buenos Aires, Georgetown'}}, 'email': 'stephanie.nieuwstraten@example.com', 'login': {'uuid': 'e825ec77-8836-4a4d-ad2f-d16144d08a36', 'username': 'whiteswan159', 'password': 'beech', 'salt': 'HnxPpZQZ', 'md5': '0d03e150e3b830fac7c90eb576f6bfa6', 'sha1': 'fb7588e17a5f18ffbdda6d95b47a0643aee9729d', 'sha256': '9f5bd88281b4cdb6ad9cdf477a19963942b42ae25a74404fab4f917d14b6c7a4'}, 'dob': {'date': '1966-09-26T11:43:26.092Z', 'age': 57}, 'registered': {'date': '2004-07-24T12:02:59.218Z', 'age': 19}, 'phone': '(028) 0562498', 'cell': '(06) 20251006', 'id': {'name': 'BSN', 'value': '93508465'}, 'picture': {'large': 'https://randomuser.me/api/portraits/women/29.jpg', 'medium': 'https://randomuser.me/api/portraits/med/women/29.jpg', 'thumbnail': 'https://randomuser.me/api/portraits/thumb/women/29.jpg'}, 'nat': 'NL'}</msg>
<arg>${json_data['results'][0]}</arg>
<doc>Logs the given message with the given level.</doc>
<status status="PASS" start="2024-04-12T02:25:29.747362" elapsed="0.000430"/>
</kw>
<kw name="Log" owner="BuiltIn">
<msg time="2024-04-12T02:25:29.748233" level="INFO">gender</msg>
<arg>${key}</arg>
<doc>Logs the given message with the given level.</doc>
<status status="PASS" start="2024-04-12T02:25:29.748101" elapsed="0.000171"/>
</kw>
<var name="${key}">gender</var>
<status status="PASS" start="2024-04-12T02:25:29.746447" elapsed="0.002048"/>
</iter>
<iter>
<kw name="Dictionary Should Contain Key" owner="Collections">
<msg time="2024-04-12T02:25:29.749234" level="INFO">False</msg>
<arg>${json_data['results'][0]}</arg>
<arg>${key}</arg>
<doc>Fails if ``key`` is not found from ``dictionary``.</doc>
<status status="PASS" start="2024-04-12T02:25:29.748842" elapsed="0.000430"/>
</kw>
<kw name="Log" owner="BuiltIn">
<msg time="2024-04-12T02:25:29.750019" level="INFO">{'gender': 'female', 'name': {'title': 'Miss', 'first': 'Stèphanie', 'last': 'Nieuwstraten'}, 'location': {'street': {'number': 8913, 'name': 'Hunebedstraat'}, 'city': 'Lemselo', 'state': 'Limburg', 'country': 'Netherlands', 'postcode': '7628 WR', 'coordinates': {'latitude': '30.7275', 'longitude': '6.4081'}, 'timezone': {'offset': '-3:00', 'description': 'Brazil, Buenos Aires, Georgetown'}}, 'email': 'stephanie.nieuwstraten@example.com', 'login': {'uuid': 'e825ec77-8836-4a4d-ad2f-d16144d08a36', 'username': 'whiteswan159', 'password': 'beech', 'salt': 'HnxPpZQZ', 'md5': '0d03e150e3b830fac7c90eb576f6bfa6', 'sha1': 'fb7588e17a5f18ffbdda6d95b47a0643aee9729d', 'sha256': '9f5bd88281b4cdb6ad9cdf477a19963942b42ae25a74404fab4f917d14b6c7a4'}, 'dob': {'date': '1966-09-26T11:43:26.092Z', 'age': 57}, 'registered': {'date': '2004-07-24T12:02:59.218Z', 'age': 19}, 'phone': '(028) 0562498', 'cell': '(06) 20251006', 'id': {'name': 'BSN', 'value': '93508465'}, 'picture': {'large': 'https://randomuser.me/api/portraits/women/29.jpg', 'medium': 'https://randomuser.me/api/portraits/med/women/29.jpg', 'thumbnail': 'https://randomuser.me/api/portraits/thumb/women/29.jpg'}, 'nat': 'NL'}</msg>
<arg>${json_data['results'][0]}</arg>
<doc>Logs the given message with the given level.</doc>
<status status="PASS" start="2024-04-12T02:25:29.749610" elapsed="0.000459"/>
</kw>
<kw name="Log" owner="BuiltIn">
<msg time="2024-04-12T02:25:29.750505" level="INFO">name</msg>
<arg>${key}</arg>
<doc>Logs the given message with the given level.</doc>
<status status="PASS" start="2024-04-12T02:25:29.750376" elapsed="0.000168"/>
</kw>
<var name="${key}">name</var>
<status status="PASS" start="2024-04-12T02:25:29.748720" elapsed="0.002041"/>
</iter>
<iter>
<kw name="Dictionary Should Contain Key" owner="Collections">
<msg time="2024-04-12T02:25:29.751439" level="INFO">False</msg>
<arg>${json_data['results'][0]}</arg>
<arg>${key}</arg>
<doc>Fails if ``key`` is not found from ``dictionary``.</doc>
<status status="PASS" start="2024-04-12T02:25:29.751060" elapsed="0.000418"/>
</kw>
<kw name="Log" owner="BuiltIn">
<msg time="2024-04-12T02:25:29.752156" level="INFO">{'gender': 'female', 'name': {'title': 'Miss', 'first': 'Stèphanie', 'last': 'Nieuwstraten'}, 'location': {'street': {'number': 8913, 'name': 'Hunebedstraat'}, 'city': 'Lemselo', 'state': 'Limburg', 'country': 'Netherlands', 'postcode': '7628 WR', 'coordinates': {'latitude': '30.7275', 'longitude': '6.4081'}, 'timezone': {'offset': '-3:00', 'description': 'Brazil, Buenos Aires, Georgetown'}}, 'email': 'stephanie.nieuwstraten@example.com', 'login': {'uuid': 'e825ec77-8836-4a4d-ad2f-d16144d08a36', 'username': 'whiteswan159', 'password': 'beech', 'salt': 'HnxPpZQZ', 'md5': '0d03e150e3b830fac7c90eb576f6bfa6', 'sha1': 'fb7588e17a5f18ffbdda6d95b47a0643aee9729d', 'sha256': '9f5bd88281b4cdb6ad9cdf477a19963942b42ae25a74404fab4f917d14b6c7a4'}, 'dob': {'date': '1966-09-26T11:43:26.092Z', 'age': 57}, 'registered': {'date': '2004-07-24T12:02:59.218Z', 'age': 19}, 'phone': '(028) 0562498', 'cell': '(06) 20251006', 'id': {'name': 'BSN', 'value': '93508465'}, 'picture': {'large': 'https://randomuser.me/api/portraits/women/29.jpg', 'medium': 'https://randomuser.me/api/portraits/med/women/29.jpg', 'thumbnail': 'https://randomuser.me/api/portraits/thumb/women/29.jpg'}, 'nat': 'NL'}</msg>
<arg>${json_data['results'][0]}</arg>
<doc>Logs the given message with the given level.</doc>
<status status="PASS" start="2024-04-12T02:25:29.751786" elapsed="0.000425"/>
</kw>
<kw name="Log" owner="BuiltIn">
<msg time="2024-04-12T02:25:29.752638" level="INFO">location</msg>
<arg>${key}</arg>
<doc>Logs the given message with the given level.</doc>
<status status="PASS" start="2024-04-12T02:25:29.752510" elapsed="0.000196"/>
</kw>
<var name="${key}">location</var>
<status status="PASS" start="2024-04-12T02:25:29.750947" elapsed="0.001988"/>
</iter>
<iter>
<kw name="Dictionary Should Contain Key" owner="Collections">
<msg time="2024-04-12T02:25:29.753607" level="INFO">False</msg>
<arg>${json_data['results'][0]}</arg>
<arg>${key}</arg>
<doc>Fails if ``key`` is not found from ``dictionary``.</doc>
<status status="PASS" start="2024-04-12T02:25:29.753224" elapsed="0.000421"/>
</kw>
<kw name="Log" owner="BuiltIn">
<msg time="2024-04-12T02:25:29.754308" level="INFO">{'gender': 'female', 'name': {'title': 'Miss', 'first': 'Stèphanie', 'last': 'Nieuwstraten'}, 'location': {'street': {'number': 8913, 'name': 'Hunebedstraat'}, 'city': 'Lemselo', 'state': 'Limburg', 'country': 'Netherlands', 'postcode': '7628 WR', 'coordinates': {'latitude': '30.7275', 'longitude': '6.4081'}, 'timezone': {'offset': '-3:00', 'description': 'Brazil, Buenos Aires, Georgetown'}}, 'email': 'stephanie.nieuwstraten@example.com', 'login': {'uuid': 'e825ec77-8836-4a4d-ad2f-d16144d08a36', 'username': 'whiteswan159', 'password': 'beech', 'salt': 'HnxPpZQZ', 'md5': '0d03e150e3b830fac7c90eb576f6bfa6', 'sha1': 'fb7588e17a5f18ffbdda6d95b47a0643aee9729d', 'sha256': '9f5bd88281b4cdb6ad9cdf477a19963942b42ae25a74404fab4f917d14b6c7a4'}, 'dob': {'date': '1966-09-26T11:43:26.092Z', 'age': 57}, 'registered': {'date': '2004-07-24T12:02:59.218Z', 'age': 19}, 'phone': '(028) 0562498', 'cell': '(06) 20251006', 'id': {'name': 'BSN', 'value': '93508465'}, 'picture': {'large': 'https://randomuser.me/api/portraits/women/29.jpg', 'medium': 'https://randomuser.me/api/portraits/med/women/29.jpg', 'thumbnail': 'https://randomuser.me/api/portraits/thumb/women/29.jpg'}, 'nat': 'NL'}</msg>
<arg>${json_data['results'][0]}</arg>
<doc>Logs the given message with the given level.</doc>
<status status="PASS" start="2024-04-12T02:25:29.753947" elapsed="0.000412"/>
</kw>
<kw name="Log" owner="BuiltIn">
<msg time="2024-04-12T02:25:29.754788" level="INFO">email</msg>
<arg>${key}</arg>
<doc>Logs the given message with the given level.</doc>
<status status="PASS" start="2024-04-12T02:25:29.754660" elapsed="0.000168"/>
</kw>
<var name="${key}">email</var>
<status status="PASS" start="2024-04-12T02:25:29.753112" elapsed="0.001931"/>
</iter>
<iter>
<kw name="Dictionary Should Contain Key" owner="Collections">
<msg time="2024-04-12T02:25:29.755710" level="INFO">False</msg>
<arg>${json_data['results'][0]}</arg>
<arg>${key}</arg>
<doc>Fails if ``key`` is not found from ``dictionary``.</doc>
<status status="PASS" start="2024-04-12T02:25:29.755330" elapsed="0.000418"/>
</kw>
<kw name="Log" owner="BuiltIn">
<msg time="2024-04-12T02:25:29.756403" level="INFO">{'gender': 'female', 'name': {'title': 'Miss', 'first': 'Stèphanie', 'last': 'Nieuwstraten'}, 'location': {'street': {'number': 8913, 'name': 'Hunebedstraat'}, 'city': 'Lemselo', 'state': 'Limburg', 'country': 'Netherlands', 'postcode': '7628 WR', 'coordinates': {'latitude': '30.7275', 'longitude': '6.4081'}, 'timezone': {'offset': '-3:00', 'description': 'Brazil, Buenos Aires, Georgetown'}}, 'email': 'stephanie.nieuwstraten@example.com', 'login': {'uuid': 'e825ec77-8836-4a4d-ad2f-d16144d08a36', 'username': 'whiteswan159', 'password': 'beech', 'salt': 'HnxPpZQZ', 'md5': '0d03e150e3b830fac7c90eb576f6bfa6', 'sha1': 'fb7588e17a5f18ffbdda6d95b47a0643aee9729d', 'sha256': '9f5bd88281b4cdb6ad9cdf477a19963942b42ae25a74404fab4f917d14b6c7a4'}, 'dob': {'date': '1966-09-26T11:43:26.092Z', 'age': 57}, 'registered': {'date': '2004-07-24T12:02:59.218Z', 'age': 19}, 'phone': '(028) 0562498', 'cell': '(06) 20251006', 'id': {'name': 'BSN', 'value': '93508465'}, 'picture': {'large': 'https://randomuser.me/api/portraits/women/29.jpg', 'medium': 'https://randomuser.me/api/portraits/med/women/29.jpg', 'thumbnail': 'https://randomuser.me/api/portraits/thumb/women/29.jpg'}, 'nat': 'NL'}</msg>
<arg>${json_data['results'][0]}</arg>
<doc>Logs the given message with the given level.</doc>
<status status="PASS" start="2024-04-12T02:25:29.756043" elapsed="0.000410"/>
</kw>
<kw name="Log" owner="BuiltIn">
<msg time="2024-04-12T02:25:29.756962" level="INFO">login</msg>
<arg>${key}</arg>
<doc>Logs the given message with the given level.</doc>
<status status="PASS" start="2024-04-12T02:25:29.756786" elapsed="0.000286"/>
</kw>
<var name="${key}">login</var>
<status status="PASS" start="2024-04-12T02:25:29.755219" elapsed="0.002220"/>
</iter>
<var>${key}</var>
<value>@{expected_keys}</value>
<status status="PASS" start="2024-04-12T02:25:29.746244" elapsed="0.011409"/>
</for>
<kw name="Create List" owner="BuiltIn">
<msg time="2024-04-12T02:25:29.758225" level="INFO">${expected_keysTwo} = ['username', 'password']</msg>
<var>${expected_keysTwo}</var>
<arg>username</arg>
<arg>password</arg>
<doc>Returns a list containing given items.</doc>
<status status="PASS" start="2024-04-12T02:25:29.757961" elapsed="0.000302"/>
</kw>
<for flavor="IN">
<iter>
<kw name="Dictionary Should Contain Key" owner="Collections">
<msg time="2024-04-12T02:25:29.759852" level="INFO">False</msg>
<arg>${json_data['results'][0]['login']}</arg>
<arg>${keyTwo}</arg>
<doc>Fails if ``key`` is not found from ``dictionary``.</doc>
<status status="PASS" start="2024-04-12T02:25:29.759234" elapsed="0.000681"/>
</kw>
<kw name="Dictionary Should Contain Key" owner="Collections">
<msg time="2024-04-12T02:25:29.761111" level="INFO">False</msg>
<arg>${json_data['results'][0]['login']}</arg>
<arg>${keyTwo}</arg>
<doc>Fails if ``key`` is not found from ``dictionary``.</doc>
<status status="PASS" start="2024-04-12T02:25:29.760398" elapsed="0.000782"/>
</kw>
<kw name="Log" owner="BuiltIn">
<msg time="2024-04-12T02:25:29.761827" level="INFO">username</msg>
<arg>${keyTwo}</arg>
<doc>Logs the given message with the given level.</doc>
<status status="PASS" start="2024-04-12T02:25:29.761623" elapsed="0.000277"/>
</kw>
<var name="${keyTwo}">username</var>
<status status="PASS" start="2024-04-12T02:25:29.759042" elapsed="0.003215"/>
</iter>
<iter>
<kw name="Dictionary Should Contain Key" owner="Collections">
<msg time="2024-04-12T02:25:29.763327" level="INFO">False</msg>
<arg>${json_data['results'][0]['login']}</arg>
<arg>${keyTwo}</arg>
<doc>Fails if ``key`` is not found from ``dictionary``.</doc>
<status status="PASS" start="2024-04-12T02:25:29.762719" elapsed="0.000674"/>
</kw>
<kw name="Dictionary Should Contain Key" owner="Collections">
<msg time="2024-04-12T02:25:29.764523" level="INFO">False</msg>
<arg>${json_data['results'][0]['login']}</arg>
<arg>${keyTwo}</arg>
<doc>Fails if ``key`` is not found from ``dictionary``.</doc>
<status status="PASS" start="2024-04-12T02:25:29.763862" elapsed="0.000726"/>
</kw>
<kw name="Log" owner="BuiltIn">
<msg time="2024-04-12T02:25:29.765245" level="INFO">password</msg>
<arg>${keyTwo}</arg>
<doc>Logs the given message with the given level.</doc>
<status status="PASS" start="2024-04-12T02:25:29.765053" elapsed="0.000259"/>
</kw>
<var name="${keyTwo}">password</var>
<status status="PASS" start="2024-04-12T02:25:29.762539" elapsed="0.003124"/>
</iter>
<var>${keyTwo}</var>
<value>@{expected_keysTwo}</value>
<status status="PASS" start="2024-04-12T02:25:29.758614" elapsed="0.007256"/>
</for>
<status status="PASS" start="2024-04-12T02:25:29.653732" elapsed="0.112395"/>
</kw>
<doc>Testa a estrutura da resposta da API.</doc>
<tag>testeEstruturaResposta</tag>
<status status="PASS" start="2024-04-12T02:25:29.652753" elapsed="0.113666"/>
</test>
<test id="s1-s1-t4" name="Validar tipos de dados" line="28">
<kw name="Teste de Tipos de Dados" owner="random-user-service">
<kw name="GET On Session" owner="RequestsLibrary">
<msg time="2024-04-12T02:25:29.835886" level="INFO">GET Request : url=https://randomuser.me/api 
 path_url=/api 
 headers={'User-Agent': 'python-requests/2.31.0', 'Accept-Encoding': 'gzip, deflate', 'Accept': '*/*', 'Connection': 'keep-alive'} 
 body=None 
 </msg>
<msg time="2024-04-12T02:25:29.835989" level="INFO">GET Response : url=https://randomuser.me/api 
 status=200, reason=OK 
 headers={'Date': 'Fri, 12 Apr 2024 02:25:29 GMT', 'Content-Type': 'application/json; charset=utf-8', 'Transfer-Encoding': 'chunked', 'Connection': 'keep-alive', 'X-Powered-By': 'Express', 'Access-Control-Allow-Origin': '*', 'Cache-Control': 'no-cache', 'ETag': 'W/"487-MQgSnrD0MrT4wtqvYcHjaMgMLlA"', 'Vary': 'Accept-Encoding', 'Content-Encoding': 'gzip', 'CF-Cache-Status': 'DYNAMIC', 'Report-To': '{"endpoints":[{"url":"https:\\/\\/a.nel.cloudflare.com\\/report\\/v4?s=s74ezkdGHzYT5rxDpLVmWP%2BnQiTLDl77VAo3C7u53VzoneI07QSjafuMbxGfxTjJ5BAVfFmGegCe3H7IrZYWCOzNqYtttDPsrmH6QJ%2FlEU2tBL%2B%2BaHZWGngNITS%2FgFT0"}],"group":"cf-nel","max_age":604800}', 'NEL': '{"success_fraction":0,"report_to":"cf-nel","max_age":604800}', 'Server': 'cloudflare', 'CF-RAY': '872fc42118c1023b-ORD', 'alt-svc': 'h3=":443"; ma=86400'} 
 body={"results":[{"gender":"male","name":{"title":"Mr","first":"Cory","last":"Thomas"},"location":{"street":{"number":896,"name":"Rectory Lane"},"city":"Wells","state":"Highlands and Islands","country":"United Kingdom","postcode":"JI28 6QL","coordinates":{"latitude":"-5.3369","longitude":"-176.7278"},"timezone":{"offset":"-9:00","description":"Alaska"}},"email":"cory.thomas@example.com","login":{"uuid":"3e21be80-aba3-43a0-85c7-2b6d6c76755b","username":"silverladybug245","password":"everett","salt":"NRPlmOaH","md5":"ca8a10f5fe41d70316edb8a821563ff9","sha1":"4858ef8f960460f7f6abfb359f20650854344345","sha256":"ace96c383f908540951d7805a4cab023a7287b02f3deb6d23c0b76c2f06ad89e"},"dob":{"date":"1983-11-08T04:53:47.664Z","age":40},"registered":{"date":"2010-10-29T19:29:04.412Z","age":13},"phone":"016974 38751","cell":"07477 404644","id":{"name":"NINO","value":"SH 18 93 45 D"},"picture":{"large":"https://randomuser.me/api/portraits/men/85.jpg","medium":"https://randomuser.me/api/portraits/med/men/85.jpg","thumbnail":"https://randomuser.me/api/portraits/thumb/men/85.jpg"},"nat":"GB"}],"info":{"seed":"1558c21ca9282295","results":1,"page":1,"version":"1.4"}} 
 </msg>
<msg time="2024-04-12T02:25:29.836069" level="INFO">/opt/hostedtoolcache/Python/3.12.2/x64/lib/python3.12/site-packages/urllib3/connectionpool.py:1103: InsecureRequestWarning: Unverified HTTPS request is being made to host 'randomuser.me'. Adding certificate verification is strongly advised. See: https://urllib3.readthedocs.io/en/latest/advanced-usage.html#tls-warnings
  warnings.warn(</msg>
<msg time="2024-04-12T02:25:29.836207" level="INFO">${response} = &lt;Response [200]&gt;</msg>
<var>${response}</var>
<arg>consultarAPI</arg>
<arg>/api</arg>
<doc>Sends a GET request on a previously created HTTP Session.</doc>
<status status="PASS" start="2024-04-12T02:25:29.770663" elapsed="0.065595"/>
</kw>
<kw name="Set Variable" owner="BuiltIn">
<msg time="2024-04-12T02:25:29.837344" level="INFO">${json_data} = {'results': [{'gender': 'male', 'name': {'title': 'Mr', 'first': 'Cory', 'last': 'Thomas'}, 'location': {'street': {'number': 896, 'name': 'Rectory Lane'}, 'city': 'Wells', 'state': 'Highlands and Isl...</msg>
<var>${json_data}</var>
<arg>${response.json()}</arg>
<doc>Returns the given values which can then be assigned to a variables.</doc>
<status status="PASS" start="2024-04-12T02:25:29.836824" elapsed="0.000549"/>
</kw>
<kw name="Log" owner="BuiltIn">
<msg time="2024-04-12T02:25:29.837889" level="INFO">{'results': [{'gender': 'male', 'name': {'title': 'Mr', 'first': 'Cory', 'last': 'Thomas'}, 'location': {'street': {'number': 896, 'name': 'Rectory Lane'}, 'city': 'Wells', 'state': 'Highlands and Islands', 'country': 'United Kingdom', 'postcode': 'JI28 6QL', 'coordinates': {'latitude': '-5.3369', 'longitude': '-176.7278'}, 'timezone': {'offset': '-9:00', 'description': 'Alaska'}}, 'email': 'cory.thomas@example.com', 'login': {'uuid': '3e21be80-aba3-43a0-85c7-2b6d6c76755b', 'username': 'silverladybug245', 'password': 'everett', 'salt': 'NRPlmOaH', 'md5': 'ca8a10f5fe41d70316edb8a821563ff9', 'sha1': '4858ef8f960460f7f6abfb359f20650854344345', 'sha256': 'ace96c383f908540951d7805a4cab023a7287b02f3deb6d23c0b76c2f06ad89e'}, 'dob': {'date': '1983-11-08T04:53:47.664Z', 'age': 40}, 'registered': {'date': '2010-10-29T19:29:04.412Z', 'age': 13}, 'phone': '016974 38751', 'cell': '07477 404644', 'id': {'name': 'NINO', 'value': 'SH 18 93 45 D'}, 'picture': {'large': 'https://randomuser.me/api/portraits/men/85.jpg', 'medium': 'https://randomuser.me/api/portraits/med/men/85.jpg', 'thumbnail': 'https://randomuser.me/api/portraits/thumb/men/85.jpg'}, 'nat': 'GB'}], 'info': {'seed': '1558c21ca9282295', 'results': 1, 'page': 1, 'version': '1.4'}}</msg>
<arg>${json_data}</arg>
<doc>Logs the given message with the given level.</doc>
<status status="PASS" start="2024-04-12T02:25:29.837716" elapsed="0.000264"/>
</kw>
<kw name="Should Be String" owner="String">
<arg>${json_data['results'][0]['gender']}</arg>
<doc>Fails if the given ``item`` is not a string.</doc>
<status status="PASS" start="2024-04-12T02:25:29.838298" elapsed="0.000383"/>
</kw>
<kw name="Should Match Regexp" owner="BuiltIn">
<arg>${json_data['results'][0]['email']}</arg>
<arg>^[a-zA-Z0-9._%+-]+@[a-zA-Z0-9.-]+\.[a-zA-Z]{2,}$</arg>
<doc>Fails if ``string`` does not match ``pattern`` as a regular expression.</doc>
<status status="PASS" start="2024-04-12T02:25:29.838879" elapsed="0.000519"/>
</kw>
<kw name="Should Match Regexp" owner="BuiltIn">
<arg>${json_data['results'][0]['dob']['date']}</arg>
<arg>\\d{4}-\\d{2}-\\d{2}T\\d{2}:\\d{2}:\\d{2}\\.\\d{3}Z</arg>
<doc>Fails if ``string`` does not match ``pattern`` as a regular expression.</doc>
<status status="PASS" start="2024-04-12T02:25:29.839600" elapsed="0.000523"/>
</kw>
<kw name="Should Match Regexp" owner="BuiltIn">
<arg>${json_data['results'][0]['registered']['date']}</arg>
<arg>\\d{4}-\\d{2}-\\d{2}T\\d{2}:\\d{2}:\\d{2}\\.\\d{3}Z</arg>
<doc>Fails if ``string`` does not match ``pattern`` as a regular expression.</doc>
<status status="PASS" start="2024-04-12T02:25:29.840321" elapsed="0.000399"/>
</kw>
<kw name="Should Match Regexp" owner="BuiltIn">
<arg>${json_data['results'][0]['picture']['large']}</arg>
<arg>^https?://.*\.(?:png|jpe?g|gif|bmp)$</arg>
<doc>Fails if ``string`` does not match ``pattern`` as a regular expression.</doc>
<status status="PASS" start="2024-04-12T02:25:29.840916" elapsed="0.000460"/>
</kw>
<kw name="Should Match Regexp" owner="BuiltIn">
<arg>${json_data['results'][0]['picture']['medium']}</arg>
<arg>^https?://.*\.(?:png|jpe?g|gif|bmp)$</arg>
<doc>Fails if ``string`` does not match ``pattern`` as a regular expression.</doc>
<status status="PASS" start="2024-04-12T02:25:29.841566" elapsed="0.000357"/>
</kw>
<kw name="Should Match Regexp" owner="BuiltIn">
<arg>${json_data['results'][0]['picture']['thumbnail']}</arg>
<arg>^https?://.*\.(?:png|jpe?g|gif|bmp)$</arg>
<doc>Fails if ``string`` does not match ``pattern`` as a regular expression.</doc>
<status status="PASS" start="2024-04-12T02:25:29.842109" elapsed="0.000356"/>
</kw>
<kw name="Log" owner="BuiltIn">
<msg time="2024-04-12T02:25:29.843048" level="INFO">{'large': 'https://randomuser.me/api/portraits/men/85.jpg', 'medium': 'https://randomuser.me/api/portraits/med/men/85.jpg', 'thumbnail': 'https://randomuser.me/api/portraits/thumb/men/85.jpg'}</msg>
<arg>${json_data['results'][0]['picture']}</arg>
<doc>Logs the given message with the given level.</doc>
<status status="PASS" start="2024-04-12T02:25:29.842712" elapsed="0.000379"/>
</kw>
<status status="PASS" start="2024-04-12T02:25:29.770386" elapsed="0.072968"/>
</kw>
<kw name="Teste de Tipos de Dados - Postcode" owner="random-user-service">
<kw name="GET On Session" owner="RequestsLibrary">
<msg time="2024-04-12T02:25:29.936478" level="INFO">GET Request : url=https://randomuser.me/api 
 path_url=/api 
 headers={'User-Agent': 'python-requests/2.31.0', 'Accept-Encoding': 'gzip, deflate', 'Accept': '*/*', 'Connection': 'keep-alive'} 
 body=None 
 </msg>
<msg time="2024-04-12T02:25:29.936556" level="INFO">GET Response : url=https://randomuser.me/api 
 status=200, reason=OK 
 headers={'Date': 'Fri, 12 Apr 2024 02:25:29 GMT', 'Content-Type': 'application/json; charset=utf-8', 'Transfer-Encoding': 'chunked', 'Connection': 'keep-alive', 'X-Powered-By': 'Express', 'Access-Control-Allow-Origin': '*', 'Cache-Control': 'no-cache', 'ETag': 'W/"475-CTn2Q7RlYVYAQvzY1Ghq9JDzRfE"', 'Vary': 'Accept-Encoding', 'Content-Encoding': 'gzip', 'CF-Cache-Status': 'DYNAMIC', 'Report-To': '{"endpoints":[{"url":"https:\\/\\/a.nel.cloudflare.com\\/report\\/v4?s=Ltrxxf0wOCg6g1WzFmPrtFAq364dNycVe8htigk9TFV2NAoRXRoNv9BI9MMuzDpr%2BsjzcZ4Zr2bMcDwwyqzusKM%2FLzwIpA5ajTX3kzLXhA7Rh%2BMUEi5DFiuhsR4Un04W"}],"group":"cf-nel","max_age":604800}', 'NEL': '{"success_fraction":0,"report_to":"cf-nel","max_age":604800}', 'Server': 'cloudflare', 'CF-RAY': '872fc4218952023b-ORD', 'alt-svc': 'h3=":443"; ma=86400'} 
 body={"results":[{"gender":"male","name":{"title":"Mr","first":"Allen","last":"Douglas"},"location":{"street":{"number":4768,"name":"E Little York Rd"},"city":"Busselton","state":"Tasmania","country":"Australia","postcode":3328,"coordinates":{"latitude":"-82.7872","longitude":"-170.6271"},"timezone":{"offset":"-10:00","description":"Hawaii"}},"email":"allen.douglas@example.com","login":{"uuid":"031734a4-6a67-467e-8516-4d0ddf7327b5","username":"biggorilla344","password":"elaine","salt":"AOzByC4X","md5":"4d4fd867c72c11bfa3f8b263c47ade19","sha1":"aa270263eff024799ea24d59ac2523261c1d9727","sha256":"df909d13a49cdad25942e46632679b49470510a1d8d3bb0102caf4e68496eb64"},"dob":{"date":"1993-04-14T16:48:48.806Z","age":30},"registered":{"date":"2002-07-19T18:49:07.758Z","age":21},"phone":"08-9421-4733","cell":"0412-418-214","id":{"name":"TFN","value":"745553513"},"picture":{"large":"https://randomuser.me/api/portraits/men/83.jpg","medium":"https://randomuser.me/api/portraits/med/men/83.jpg","thumbnail":"https://randomuser.me/api/portraits/thumb/men/83.jpg"},"nat":"AU"}],"info":{"seed":"e9a3eaa6683e8d41","results":1,"page":1,"version":"1.4"}} 
 </msg>
<msg time="2024-04-12T02:25:29.936640" level="INFO">/opt/hostedtoolcache/Python/3.12.2/x64/lib/python3.12/site-packages/urllib3/connectionpool.py:1103: InsecureRequestWarning: Unverified HTTPS request is being made to host 'randomuser.me'. Adding certificate verification is strongly advised. See: https://urllib3.readthedocs.io/en/latest/advanced-usage.html#tls-warnings
  warnings.warn(</msg>
<msg time="2024-04-12T02:25:29.936774" level="INFO">${response} = &lt;Response [200]&gt;</msg>
<var>${response}</var>
<arg>consultarAPI</arg>
<arg>/api</arg>
<doc>Sends a GET request on a previously created HTTP Session.</doc>
<status status="PASS" start="2024-04-12T02:25:29.843827" elapsed="0.092989"/>
</kw>
<kw name="Set Variable" owner="BuiltIn">
<msg time="2024-04-12T02:25:29.937679" level="INFO">${json_data} = {'results': [{'gender': 'male', 'name': {'title': 'Mr', 'first': 'Allen', 'last': 'Douglas'}, 'location': {'street': {'number': 4768, 'name': 'E Little York Rd'}, 'city': 'Busselton', 'state': 'Tasman...</msg>
<var>${json_data}</var>
<arg>${response.json()}</arg>
<doc>Returns the given values which can then be assigned to a variables.</doc>
<status status="PASS" start="2024-04-12T02:25:29.937241" elapsed="0.000465"/>
</kw>
<kw name="Log" owner="BuiltIn">
<msg time="2024-04-12T02:25:29.938174" level="INFO">{'results': [{'gender': 'male', 'name': {'title': 'Mr', 'first': 'Allen', 'last': 'Douglas'}, 'location': {'street': {'number': 4768, 'name': 'E Little York Rd'}, 'city': 'Busselton', 'state': 'Tasmania', 'country': 'Australia', 'postcode': 3328, 'coordinates': {'latitude': '-82.7872', 'longitude': '-170.6271'}, 'timezone': {'offset': '-10:00', 'description': 'Hawaii'}}, 'email': 'allen.douglas@example.com', 'login': {'uuid': '031734a4-6a67-467e-8516-4d0ddf7327b5', 'username': 'biggorilla344', 'password': 'elaine', 'salt': 'AOzByC4X', 'md5': '4d4fd867c72c11bfa3f8b263c47ade19', 'sha1': 'aa270263eff024799ea24d59ac2523261c1d9727', 'sha256': 'df909d13a49cdad25942e46632679b49470510a1d8d3bb0102caf4e68496eb64'}, 'dob': {'date': '1993-04-14T16:48:48.806Z', 'age': 30}, 'registered': {'date': '2002-07-19T18:49:07.758Z', 'age': 21}, 'phone': '08-9421-4733', 'cell': '0412-418-214', 'id': {'name': 'TFN', 'value': '745553513'}, 'picture': {'large': 'https://randomuser.me/api/portraits/men/83.jpg', 'medium': 'https://randomuser.me/api/portraits/med/men/83.jpg', 'thumbnail': 'https://randomuser.me/api/portraits/thumb/men/83.jpg'}, 'nat': 'AU'}], 'info': {'seed': 'e9a3eaa6683e8d41', 'results': 1, 'page': 1, 'version': '1.4'}}</msg>
<arg>${json_data}</arg>
<doc>Logs the given message with the given level.</doc>
<status status="PASS" start="2024-04-12T02:25:29.938012" elapsed="0.000240"/>
</kw>
<kw name="Should Be Equal As Numbers" owner="BuiltIn">
<arg>${json_data['results'][0]['location']['postcode']}</arg>
<arg>${json_data['results'][0]['location']['postcode']}</arg>
<doc>Fails if objects are unequal after converting them to real numbers.</doc>
<status status="PASS" start="2024-04-12T02:25:29.938553" elapsed="0.000671"/>
</kw>
<kw name="Log" owner="BuiltIn">
<msg time="2024-04-12T02:25:29.939756" level="INFO">3328</msg>
<arg>${json_data['results'][0]['location']['postcode']}</arg>
<doc>Logs the given message with the given level.</doc>
<status status="PASS" start="2024-04-12T02:25:29.939420" elapsed="0.000377"/>
</kw>
<status status="PASS" start="2024-04-12T02:25:29.843588" elapsed="0.096464"/>
</kw>
<doc>Testa se os tipos de dados na resposta da API estão corretos.</doc>
<tag>testeTiposDados</tag>
<status status="PASS" start="2024-04-12T02:25:29.769670" elapsed="0.170553"/>
</test>
<test id="s1-s1-t5" name="Validar conteudo" line="35">
<kw name="Teste de Tipos de Conteudo" owner="random-user-service">
<kw name="GET On Session" owner="RequestsLibrary">
<msg time="2024-04-12T02:25:30.034308" level="INFO">GET Request : url=https://randomuser.me/api 
 path_url=/api 
 headers={'User-Agent': 'python-requests/2.31.0', 'Accept-Encoding': 'gzip, deflate', 'Accept': '*/*', 'Connection': 'keep-alive'} 
 body=None 
 </msg>
<msg time="2024-04-12T02:25:30.034375" level="INFO">GET Response : url=https://randomuser.me/api 
 status=200, reason=OK 
 headers={'Date': 'Fri, 12 Apr 2024 02:25:30 GMT', 'Content-Type': 'application/json; charset=utf-8', 'Transfer-Encoding': 'chunked', 'Connection': 'keep-alive', 'X-Powered-By': 'Express', 'Access-Control-Allow-Origin': '*', 'Cache-Control': 'no-cache', 'ETag': 'W/"486-RrDxjOpJmFlcM09IVKSNtnW3DRY"', 'Vary': 'Accept-Encoding', 'Content-Encoding': 'gzip', 'CF-Cache-Status': 'DYNAMIC', 'Report-To': '{"endpoints":[{"url":"https:\\/\\/a.nel.cloudflare.com\\/report\\/v4?s=JcYZRYRGTNEbwIr%2BjQ%2FJ%2BwtgsgrhrcUc5x0B8DC8vMmaYoZEQ5SjBRLBJIZeFCrsF0oOgTqVYiYL1AVnYmhiAFyNaBvdb4qWIm9uKXDhQuqg6XcamKYFS7xc8MEWHNfs"}],"group":"cf-nel","max_age":604800}', 'NEL': '{"success_fraction":0,"report_to":"cf-nel","max_age":604800}', 'Server': 'cloudflare', 'CF-RAY': '872fc4222a19023b-ORD', 'alt-svc': 'h3=":443"; ma=86400'} 
 body={"results":[{"gender":"female","name":{"title":"Ms","first":"Gonca","last":"Eronat"},"location":{"street":{"number":5353,"name":"Abanoz Sk"},"city":"Nevşehir","state":"Kırklareli","country":"Turkey","postcode":42731,"coordinates":{"latitude":"65.2414","longitude":"148.4378"},"timezone":{"offset":"+5:30","description":"Bombay, Calcutta, Madras, New Delhi"}},"email":"gonca.eronat@example.com","login":{"uuid":"76eb8697-5e72-40f6-85bc-88ab0d02d695","username":"smalllion594","password":"qwerasdf","salt":"4Eid0yGw","md5":"b4c95573d8dab1689e574006fe5df234","sha1":"71956b320d24b24184473824f67fffcc75ba4ee1","sha256":"03d6f492ea63e00e2f77ce82d81a3ea826cf7b46587a94ed1044849f0f9ec81c"},"dob":{"date":"1983-02-07T23:35:40.951Z","age":41},"registered":{"date":"2016-11-17T20:42:21.814Z","age":7},"phone":"(801)-845-3618","cell":"(475)-048-1625","id":{"name":"","value":null},"picture":{"large":"https://randomuser.me/api/portraits/women/1.jpg","medium":"https://randomuser.me/api/portraits/med/women/1.jpg","thumbnail":"https://randomuser.me/api/portraits/thumb/women/1.jpg"},"nat":"TR"}],"info":{"seed":"fc3515853b3f2ab8","results":1,"page":1,"version":"1.4"}} 
 </msg>
<msg time="2024-04-12T02:25:30.034438" level="INFO">/opt/hostedtoolcache/Python/3.12.2/x64/lib/python3.12/site-packages/urllib3/connectionpool.py:1103: InsecureRequestWarning: Unverified HTTPS request is being made to host 'randomuser.me'. Adding certificate verification is strongly advised. See: https://urllib3.readthedocs.io/en/latest/advanced-usage.html#tls-warnings
  warnings.warn(</msg>
<msg time="2024-04-12T02:25:30.034528" level="INFO">${response} = &lt;Response [200]&gt;</msg>
<var>${response}</var>
<arg>consultarAPI</arg>
<arg>/api</arg>
<doc>Sends a GET request on a previously created HTTP Session.</doc>
<status status="PASS" start="2024-04-12T02:25:29.942650" elapsed="0.091911"/>
</kw>
<kw name="Set Variable" owner="BuiltIn">
<msg time="2024-04-12T02:25:30.035427" level="INFO">${json_data} = {'results': [{'gender': 'female', 'name': {'title': 'Ms', 'first': 'Gonca', 'last': 'Eronat'}, 'location': {'street': {'number': 5353, 'name': 'Abanoz Sk'}, 'city': 'Nevşehir', 'state': 'Kırklareli', ...</msg>
<var>${json_data}</var>
<arg>${response.json()}</arg>
<doc>Returns the given values which can then be assigned to a variables.</doc>
<status status="PASS" start="2024-04-12T02:25:30.034954" elapsed="0.000504"/>
</kw>
<kw name="Set Variable" owner="BuiltIn">
<msg time="2024-04-12T02:25:30.036159" level="INFO">${name_title} = Ms</msg>
<var>${name_title}</var>
<arg>${json_data["results"][0]["name"]["title"]}</arg>
<doc>Returns the given values which can then be assigned to a variables.</doc>
<status status="PASS" start="2024-04-12T02:25:30.035770" elapsed="0.000416"/>
</kw>
<kw name="Create List" owner="BuiltIn">
<msg time="2024-04-12T02:25:30.036642" level="INFO">${allowed_titles} = ['Mr', 'Ms', 'Miss', 'Mrs', 'Madame', 'Monsieur']</msg>
<var>${allowed_titles}</var>
<arg>Mr</arg>
<arg>Ms</arg>
<arg>Miss</arg>
<arg>Mrs</arg>
<arg>Madame</arg>
<arg>Monsieur</arg>
<doc>Returns a list containing given items.</doc>
<status status="PASS" start="2024-04-12T02:25:30.036490" elapsed="0.000213"/>
</kw>
<kw name="List Should Contain Value" owner="Collections">
<msg time="2024-04-12T02:25:30.037209" level="INFO">False</msg>
<arg>${allowed_titles}</arg>
<arg>${name_title}</arg>
<doc>Fails if the ``value`` is not found from ``list``.</doc>
<status status="PASS" start="2024-04-12T02:25:30.037031" elapsed="0.000216"/>
</kw>
<kw name="Set Variable" owner="BuiltIn">
<msg time="2024-04-12T02:25:30.037934" level="INFO">${name_country} = TR</msg>
<var>${name_country}</var>
<arg>${json_data["results"][0]["nat"]}</arg>
<doc>Returns the given values which can then be assigned to a variables.</doc>
<status status="PASS" start="2024-04-12T02:25:30.037545" elapsed="0.000415"/>
</kw>
<kw name="Create List" owner="BuiltIn">
<msg time="2024-04-12T02:25:30.038872" level="INFO">${list_country} = ['AD', 'AE', 'AF', 'AG', 'AI', 'AL', 'AM', 'AO', 'AQ', 'AR', 'AS', 'AT', 'AU', 'AW', 'AX', 'AZ', 'BA', 'BB', 'BD', 'BE', 'BF', 'BG', 'BH', 'BI', 'BJ', 'BL', 'BM', 'BN', 'BO', 'BQ', 'BR', 'BS', 'BT', '...</msg>
<var>${list_country}</var>
<arg>AD</arg>
<arg>AE</arg>
<arg>AF</arg>
<arg>AG</arg>
<arg>AI</arg>
<arg>AL</arg>
<arg>AM</arg>
<arg>AO</arg>
<arg>AQ</arg>
<arg>AR</arg>
<arg>AS</arg>
<arg>AT</arg>
<arg>AU</arg>
<arg>AW</arg>
<arg>AX</arg>
<arg>AZ</arg>
<arg>BA</arg>
<arg>BB</arg>
<arg>BD</arg>
<arg>BE</arg>
<arg>BF</arg>
<arg>BG</arg>
<arg>BH</arg>
<arg>BI</arg>
<arg>BJ</arg>
<arg>BL</arg>
<arg>BM</arg>
<arg>BN</arg>
<arg>BO</arg>
<arg>BQ</arg>
<arg>BR</arg>
<arg>BS</arg>
<arg>BT</arg>
<arg>BV</arg>
<arg>BW</arg>
<arg>BY</arg>
<arg>BZ</arg>
<arg>CA</arg>
<arg>CC</arg>
<arg>CD</arg>
<arg>CF</arg>
<arg>CG</arg>
<arg>CH</arg>
<arg>CI</arg>
<arg>CK</arg>
<arg>CL</arg>
<arg>CM</arg>
<arg>CN</arg>
<arg>CO</arg>
<arg>CR</arg>
<arg>CU</arg>
<arg>CV</arg>
<arg>CW</arg>
<arg>CX</arg>
<arg>CY</arg>
<arg>CZ</arg>
<arg>DE</arg>
<arg>DJ</arg>
<arg>DK</arg>
<arg>DM</arg>
<arg>DO</arg>
<arg>DZ</arg>
<arg>EC</arg>
<arg>EE</arg>
<arg>EG</arg>
<arg>EH</arg>
<arg>ER</arg>
<arg>ES</arg>
<arg>ET</arg>
<arg>FI</arg>
<arg>FJ</arg>
<arg>FK</arg>
<arg>FM</arg>
<arg>FO</arg>
<arg>FR</arg>
<arg>GA</arg>
<arg>GB</arg>
<arg>GD</arg>
<arg>GE</arg>
<arg>GF</arg>
<arg>GG</arg>
<arg>GH</arg>
<arg>GI</arg>
<arg>GL</arg>
<arg>GM</arg>
<arg>GN</arg>
<arg>GP</arg>
<arg>GQ</arg>
<arg>GR</arg>
<arg>GS</arg>
<arg>GT</arg>
<arg>GU</arg>
<arg>GW</arg>
<arg>GY</arg>
<arg>HK</arg>
<arg>HM</arg>
<arg>HN</arg>
<arg>HR</arg>
<arg>HT</arg>
<arg>HU</arg>
<arg>ID</arg>
<arg>IE</arg>
<arg>IL</arg>
<arg>IM</arg>
<arg>IN</arg>
<arg>IO</arg>
<arg>IQ</arg>
<arg>IR</arg>
<arg>IS</arg>
<arg>IT</arg>
<arg>JE</arg>
<arg>JM</arg>
<arg>JO</arg>
<arg>JP</arg>
<arg>KE</arg>
<arg>KG</arg>
<arg>KH</arg>
<arg>KI</arg>
<arg>KM</arg>
<arg>KN</arg>
<arg>KP</arg>
<arg>KR</arg>
<arg>KW</arg>
<arg>KY</arg>
<arg>KZ</arg>
<arg>LA</arg>
<arg>LB</arg>
<arg>LC</arg>
<arg>LI</arg>
<arg>LK</arg>
<arg>LR</arg>
<arg>LS</arg>
<arg>LT</arg>
<arg>LU</arg>
<arg>LV</arg>
<arg>LY</arg>
<arg>MA</arg>
<arg>MC</arg>
<arg>MD</arg>
<arg>ME</arg>
<arg>MF</arg>
<arg>MG</arg>
<arg>MH</arg>
<arg>MK</arg>
<arg>ML</arg>
<arg>MM</arg>
<arg>MN</arg>
<arg>MO</arg>
<arg>MP</arg>
<arg>MQ</arg>
<arg>MR</arg>
<arg>MS</arg>
<arg>MT</arg>
<arg>MU</arg>
<arg>MV</arg>
<arg>MW</arg>
<arg>MX</arg>
<arg>MY</arg>
<arg>MZ</arg>
<arg>NA</arg>
<arg>NC</arg>
<arg>NE</arg>
<arg>NF</arg>
<arg>NG</arg>
<arg>NI</arg>
<arg>NL</arg>
<arg>NO</arg>
<arg>NP</arg>
<arg>NR</arg>
<arg>NU</arg>
<arg>NZ</arg>
<arg>OM</arg>
<arg>PA</arg>
<arg>PE</arg>
<arg>PF</arg>
<arg>PG</arg>
<arg>PH</arg>
<arg>PK</arg>
<arg>PL</arg>
<arg>PM</arg>
<arg>PN</arg>
<arg>PR</arg>
<arg>PS</arg>
<arg>PT</arg>
<arg>PW</arg>
<arg>PY</arg>
<arg>QA</arg>
<arg>RE</arg>
<arg>RO</arg>
<arg>RS</arg>
<arg>RU</arg>
<arg>RW</arg>
<arg>SA</arg>
<arg>SB</arg>
<arg>SC</arg>
<arg>SD</arg>
<arg>SE</arg>
<arg>SG</arg>
<arg>SH</arg>
<arg>SI</arg>
<arg>SJ</arg>
<arg>SK</arg>
<arg>SL</arg>
<arg>SM</arg>
<arg>SN</arg>
<arg>SO</arg>
<arg>SR</arg>
<arg>SS</arg>
<arg>ST</arg>
<arg>SV</arg>
<arg>SX</arg>
<arg>SY</arg>
<arg>SZ</arg>
<arg>TC</arg>
<arg>TD</arg>
<arg>TF</arg>
<arg>TG</arg>
<arg>TH</arg>
<arg>TJ</arg>
<arg>TK</arg>
<arg>TL</arg>
<arg>TM</arg>
<arg>TN</arg>
<arg>TO</arg>
<arg>TR</arg>
<arg>TT</arg>
<arg>TV</arg>
<arg>TW</arg>
<arg>TZ</arg>
<arg>UA</arg>
<arg>UG</arg>
<arg>UM</arg>
<arg>US</arg>
<arg>UY</arg>
<arg>UZ</arg>
<arg>VA</arg>
<arg>VC</arg>
<arg>VE</arg>
<arg>VG</arg>
<arg>VI</arg>
<arg>VN</arg>
<arg>VU</arg>
<arg>WF</arg>
<arg>WS</arg>
<arg>XK</arg>
<arg>YE</arg>
<arg>YT</arg>
<arg>ZA</arg>
<arg>ZM</arg>
<arg>ZW</arg>
<doc>Returns a list containing given items.</doc>
<status status="PASS" start="2024-04-12T02:25:30.038270" elapsed="0.000629"/>
</kw>
<kw name="List Should Contain Value" owner="Collections">
<msg time="2024-04-12T02:25:30.039901" level="INFO">False</msg>
<arg>${list_country}</arg>
<arg>${name_country}</arg>
<doc>Fails if the ``value`` is not found from ``list``.</doc>
<status status="PASS" start="2024-04-12T02:25:30.039685" elapsed="0.000254"/>
</kw>
<kw name="Run Keyword If" owner="BuiltIn">
<kw name="Should Be True" owner="BuiltIn">
<arg>${True}</arg>
<doc>Fails if the given condition is not true.</doc>
<status status="PASS" start="2024-04-12T02:25:30.041157" elapsed="0.000159"/>
</kw>
<arg>${json_data["results"][0]["location"]["coordinates"]["latitude"]} &gt;= -90 and ${json_data["results"][0]["location"]["coordinates"]["latitude"]} &lt;= 90</arg>
<arg>Should Be True</arg>
<arg>${True}</arg>
<doc>Runs the given keyword with the given arguments, if ``condition`` is true.</doc>
<status status="PASS" start="2024-04-12T02:25:30.040252" elapsed="0.001196"/>
</kw>
<kw name="Run Keyword If" owner="BuiltIn">
<kw name="Should Be True" owner="BuiltIn">
<arg>${True}</arg>
<doc>Fails if the given condition is not true.</doc>
<status status="PASS" start="2024-04-12T02:25:30.042345" elapsed="0.000138"/>
</kw>
<arg>${json_data["results"][0]["location"]["coordinates"]["longitude"]} &gt;= -180 and ${json_data["results"][0]["location"]["coordinates"]["longitude"]} &lt;= 180</arg>
<arg>Should Be True</arg>
<arg>${True}</arg>
<doc>Runs the given keyword with the given arguments, if ``condition`` is true.</doc>
<status status="PASS" start="2024-04-12T02:25:30.041639" elapsed="0.000970"/>
</kw>
<status status="PASS" start="2024-04-12T02:25:29.942424" elapsed="0.100315"/>
</kw>
<doc>Testa o conteúdo específico dos campos retornados pela API.</doc>
<tag>testeConteudo</tag>
<status status="PASS" start="2024-04-12T02:25:29.941992" elapsed="0.100896"/>
</test>
<status status="PASS" start="2024-04-12T02:25:29.240202" elapsed="0.804605"/>
</suite>
<status status="PASS" start="2024-04-12T02:25:29.225429" elapsed="0.824673"/>
</suite>
<statistics>
<total>
<stat pass="5" fail="0" skip="0">All Tests</stat>
</total>
<tag>
<stat pass="1" fail="0" skip="0">testeConteudo</stat>
<stat pass="1" fail="0" skip="0">testeEstruturaResposta</stat>
<stat pass="1" fail="0" skip="0">testeRequisicaoBasica</stat>
<stat pass="1" fail="0" skip="0">testeTiposDados</stat>
</tag>
<suite>
<stat pass="5" fail="0" skip="0" id="s1" name="Tests">Tests</stat>
<stat pass="5" fail="0" skip="0" id="s1-s1" name="Random-User-Test">Tests.Random-User-Test</stat>
</suite>
</statistics>
<errors>
</errors>
</robot>
