<?xml version="1.0" encoding="UTF-8"?>
<robot generator="Robot 7.0 (Python 3.12.3 on linux)" generated="2024-05-22T21:15:53.545026" rpa="false" schemaversion="5">
<suite id="s1" name="Tests" source="/home/runner/work/DesafioQAItauRogerioJordao/DesafioQAItauRogerioJordao/RamdonUser/tests">
<suite id="s1-s1" name="Random-User-Test" source="/home/runner/work/DesafioQAItauRogerioJordao/DesafioQAItauRogerioJordao/RamdonUser/tests/random-user-test.robot">
<test id="s1-s1-t1" name="Conectar" line="13">
<kw name="Conectar API" owner="random-user-service">
<kw name="Create Session" owner="RequestsLibrary">
<msg time="2024-05-22T21:15:53.933746" level="INFO">Creating Session using : alias=consultarAPI, url=https://randomuser.me/, headers={},                     cookies={}, auth=None, timeout=None, proxies=None, verify=False,                     debug=0 </msg>
<arg>consultarAPI</arg>
<arg>${URL}</arg>
<doc>Create Session: create a HTTP session to a server</doc>
<status status="PASS" start="2024-05-22T21:15:53.933546" elapsed="0.000391"/>
</kw>
<status status="PASS" start="2024-05-22T21:15:53.932521" elapsed="0.001785"/>
</kw>
<status status="PASS" start="2024-05-22T21:15:53.931906" elapsed="0.002597"/>
</test>
<test id="s1-s1-t2" name="Validar retorno 200 e JSON Válido" line="16">
<kw name="Teste de Requisicao Basica" owner="random-user-service">
<kw name="GET On Session" owner="RequestsLibrary">
<msg time="2024-05-22T21:15:54.058974" level="INFO">GET Request : url=https://randomuser.me/api 
 path_url=/api 
 headers={'User-Agent': 'python-requests/2.32.2', 'Accept-Encoding': 'gzip, deflate', 'Accept': '*/*', 'Connection': 'keep-alive'} 
 body=None 
 </msg>
<msg time="2024-05-22T21:15:54.059177" level="INFO">GET Response : url=https://randomuser.me/api 
 status=200, reason=OK 
 headers={'Date': 'Wed, 22 May 2024 21:15:54 GMT', 'Content-Type': 'application/json; charset=utf-8', 'Transfer-Encoding': 'chunked', 'Connection': 'keep-alive', 'X-Powered-By': 'Express', 'Access-Control-Allow-Origin': '*', 'Cache-Control': 'no-cache', 'ETag': 'W/"47c-RdB1FPAeu5ktqP3cI64f5dvyd6w"', 'Vary': 'Accept-Encoding', 'Content-Encoding': 'gzip', 'CF-Cache-Status': 'DYNAMIC', 'Report-To': '{"endpoints":[{"url":"https:\\/\\/a.nel.cloudflare.com\\/report\\/v4?s=PZJu9fR1UgjJ7I86tBDLe5N19RW2FlzDQaq7NUHUxI6cfcmmrgCg2l0%2FMffC55wgQRYxI3bdgei%2Bol8OLoB143L3OFEzdiGpxwH2QArBIlNwicqibq8SW4e3u9LN%2B8LB"}],"group":"cf-nel","max_age":604800}', 'NEL': '{"success_fraction":0,"report_to":"cf-nel","max_age":604800}', 'Server': 'cloudflare', 'CF-RAY': '887fd2fe487215e3-SJC', 'alt-svc': 'h3=":443"; ma=86400'} 
 body={"results":[{"gender":"female","name":{"title":"Mrs","first":"Kerttu","last":"Maki"},"location":{"street":{"number":6644,"name":"Pispalan Valtatie"},"city":"Pargas","state":"Uusimaa","country":"Finland","postcode":39312,"coordinates":{"latitude":"-22.4842","longitude":"12.9176"},"timezone":{"offset":"+5:45","description":"Kathmandu"}},"email":"kerttu.maki@example.com","login":{"uuid":"787ca99e-5c3e-4ca0-b42b-0a94d6ae75b1","username":"sadbear688","password":"bonkers","salt":"Wm5WNamr","md5":"4f5362a4194f0ddba9bffde7b60c79bb","sha1":"68cde237cc50065a1925a56dd1d3e5d89740be7d","sha256":"e7d4ac9fc01d6986faf52c977d92f499067357b4116291e202d2bc101e60e1d4"},"dob":{"date":"1979-01-10T21:09:49.144Z","age":45},"registered":{"date":"2008-02-11T03:01:36.935Z","age":16},"phone":"05-694-371","cell":"042-986-48-53","id":{"name":"HETU","value":"NaNNA514undefined"},"picture":{"large":"https://randomuser.me/api/portraits/women/81.jpg","medium":"https://randomuser.me/api/portraits/med/women/81.jpg","thumbnail":"https://randomuser.me/api/portraits/thumb/women/81.jpg"},"nat":"FI"}],"info":{"seed":"40546e2c9f8058d8","results":1,"page":1,"version":"1.4"}} 
 </msg>
<msg time="2024-05-22T21:15:54.059269" level="INFO">/opt/hostedtoolcache/Python/3.12.3/x64/lib/python3.12/site-packages/urllib3/connectionpool.py:1103: InsecureRequestWarning: Unverified HTTPS request is being made to host 'randomuser.me'. Adding certificate verification is strongly advised. See: https://urllib3.readthedocs.io/en/latest/advanced-usage.html#tls-warnings
  warnings.warn(</msg>
<msg time="2024-05-22T21:15:54.059408" level="INFO">${response} = &lt;Response [200]&gt;</msg>
<var>${response}</var>
<arg>consultarAPI</arg>
<arg>/api</arg>
<doc>Sends a GET request on a previously created HTTP Session.</doc>
<status status="PASS" start="2024-05-22T21:15:53.937268" elapsed="0.122181"/>
</kw>
<kw name="Should Be Equal As Numbers" owner="BuiltIn">
<msg time="2024-05-22T21:15:54.060498" level="INFO">Argument types are:
&lt;class 'int'&gt;
&lt;class 'str'&gt;</msg>
<arg>${response.status_code}</arg>
<arg>200</arg>
<doc>Fails if objects are unequal after converting them to real numbers.</doc>
<status status="PASS" start="2024-05-22T21:15:54.060023" elapsed="0.000555"/>
</kw>
<kw name="Log" owner="BuiltIn">
<msg time="2024-05-22T21:15:54.061345" level="INFO">200</msg>
<arg>${response.status_code}</arg>
<doc>Logs the given message with the given level.</doc>
<status status="PASS" start="2024-05-22T21:15:54.060973" elapsed="0.000422"/>
</kw>
<kw name="Set Variable" owner="BuiltIn">
<msg time="2024-05-22T21:15:54.062158" level="INFO">${json_data} = {'results': [{'gender': 'female', 'name': {'title': 'Mrs', 'first': 'Kerttu', 'last': 'Maki'}, 'location': {'street': {'number': 6644, 'name': 'Pispalan Valtatie'}, 'city': 'Pargas', 'state': 'Uusimaa...</msg>
<var>${json_data}</var>
<arg>${response.json()}</arg>
<doc>Returns the given values which can then be assigned to a variables.</doc>
<status status="PASS" start="2024-05-22T21:15:54.061714" elapsed="0.000473"/>
</kw>
<kw name="Dictionary Should Contain Key" owner="Collections">
<msg time="2024-05-22T21:15:54.062670" level="INFO">False</msg>
<arg>${json_data}</arg>
<arg>results</arg>
<doc>Fails if ``key`` is not found from ``dictionary``.</doc>
<status status="PASS" start="2024-05-22T21:15:54.062497" elapsed="0.000213"/>
</kw>
<status status="PASS" start="2024-05-22T21:15:53.937024" elapsed="0.125950"/>
</kw>
<doc>Testa se a API responde corretamente e retorna um objeto JSON válido.</doc>
<tag>testeRequisicaoBasica</tag>
<status status="PASS" start="2024-05-22T21:15:53.936460" elapsed="0.126748"/>
</test>
<test id="s1-s1-t3" name="Validar estrutura de resposta" line="22">
<kw name="Teste de Estrutura de Resposta" owner="random-user-service">
<kw name="GET On Session" owner="RequestsLibrary">
<msg time="2024-05-22T21:15:54.157816" level="INFO">GET Request : url=https://randomuser.me/api 
 path_url=/api 
 headers={'User-Agent': 'python-requests/2.32.2', 'Accept-Encoding': 'gzip, deflate', 'Accept': '*/*', 'Connection': 'keep-alive'} 
 body=None 
 </msg>
<msg time="2024-05-22T21:15:54.157913" level="INFO">GET Response : url=https://randomuser.me/api 
 status=200, reason=OK 
 headers={'Date': 'Wed, 22 May 2024 21:15:54 GMT', 'Content-Type': 'application/json; charset=utf-8', 'Transfer-Encoding': 'chunked', 'Connection': 'keep-alive', 'X-Powered-By': 'Express', 'Access-Control-Allow-Origin': '*', 'Cache-Control': 'no-cache', 'ETag': 'W/"47e-wUGfVYDk1zuosW9d1QywX8v34uw"', 'Vary': 'Accept-Encoding', 'Content-Encoding': 'gzip', 'CF-Cache-Status': 'DYNAMIC', 'Report-To': '{"endpoints":[{"url":"https:\\/\\/a.nel.cloudflare.com\\/report\\/v4?s=un2BBs1Xs66QvgdIiQaXlxM2Uufim6868d0A8KR4M%2BZ8Ps5y194KVfP0O%2B3drFarPmHGfDccNohyiZIKQu%2FJjovq1xU1ICWJrzCaxKiPsWOkJ7%2F8RNRRng73S9zGQzIS"}],"group":"cf-nel","max_age":604800}', 'NEL': '{"success_fraction":0,"report_to":"cf-nel","max_age":604800}', 'Server': 'cloudflare', 'CF-RAY': '887fd2fee90715e3-SJC', 'alt-svc': 'h3=":443"; ma=86400'} 
 body={"results":[{"gender":"female","name":{"title":"Ms","first":"آیلین","last":"گلشن"},"location":{"street":{"number":7684,"name":"شهید دکتر آیت"},"city":"کاشان","state":"مازندران","country":"Iran","postcode":19759,"coordinates":{"latitude":"15.6205","longitude":"2.4003"},"timezone":{"offset":"-9:00","description":"Alaska"}},"email":"aylyn.glshn@example.com","login":{"uuid":"2fb1c6da-1904-4d16-ab2f-9d0cdb9b48ee","username":"whitelion876","password":"bounce","salt":"Jap1gx4T","md5":"ea780e01c9838046c7574f7e46ccc528","sha1":"fd92a8290b51eff6847e1d3283b9f2d0f4b509a3","sha256":"0232e66680897fb0b282db1927486f167ac959ec7f580e7a18a01883d3eda99b"},"dob":{"date":"1946-02-11T22:15:26.488Z","age":78},"registered":{"date":"2017-10-27T19:27:23.634Z","age":6},"phone":"076-72589406","cell":"0990-114-1263","id":{"name":"","value":null},"picture":{"large":"https://randomuser.me/api/portraits/women/83.jpg","medium":"https://randomuser.me/api/portraits/med/women/83.jpg","thumbnail":"https://randomuser.me/api/portraits/thumb/women/83.jpg"},"nat":"IR"}],"info":{"seed":"ce089090428d95b7","results":1,"page":1,"version":"1.4"}} 
 </msg>
<msg time="2024-05-22T21:15:54.158031" level="INFO">/opt/hostedtoolcache/Python/3.12.3/x64/lib/python3.12/site-packages/urllib3/connectionpool.py:1103: InsecureRequestWarning: Unverified HTTPS request is being made to host 'randomuser.me'. Adding certificate verification is strongly advised. See: https://urllib3.readthedocs.io/en/latest/advanced-usage.html#tls-warnings
  warnings.warn(</msg>
<msg time="2024-05-22T21:15:54.158151" level="INFO">${response} = &lt;Response [200]&gt;</msg>
<var>${response}</var>
<arg>consultarAPI</arg>
<arg>/api</arg>
<doc>Sends a GET request on a previously created HTTP Session.</doc>
<status status="PASS" start="2024-05-22T21:15:54.066253" elapsed="0.091941"/>
</kw>
<kw name="Set Variable" owner="BuiltIn">
<msg time="2024-05-22T21:15:54.159264" level="INFO">${json_data} = {'results': [{'gender': 'female', 'name': {'title': 'Ms', 'first': 'آیلین', 'last': 'گلشن'}, 'location': {'street': {'number': 7684, 'name': 'شهید دکتر آیت'}, 'city': 'کاشان', 'state': 'مازندران', 'co...</msg>
<var>${json_data}</var>
<arg>${response.json()}</arg>
<doc>Returns the given values which can then be assigned to a variables.</doc>
<status status="PASS" start="2024-05-22T21:15:54.158687" elapsed="0.000609"/>
</kw>
<kw name="Log" owner="BuiltIn">
<msg time="2024-05-22T21:15:54.159810" level="INFO">{'results': [{'gender': 'female', 'name': {'title': 'Ms', 'first': 'آیلین', 'last': 'گلشن'}, 'location': {'street': {'number': 7684, 'name': 'شهید دکتر آیت'}, 'city': 'کاشان', 'state': 'مازندران', 'country': 'Iran', 'postcode': 19759, 'coordinates': {'latitude': '15.6205', 'longitude': '2.4003'}, 'timezone': {'offset': '-9:00', 'description': 'Alaska'}}, 'email': 'aylyn.glshn@example.com', 'login': {'uuid': '2fb1c6da-1904-4d16-ab2f-9d0cdb9b48ee', 'username': 'whitelion876', 'password': 'bounce', 'salt': 'Jap1gx4T', 'md5': 'ea780e01c9838046c7574f7e46ccc528', 'sha1': 'fd92a8290b51eff6847e1d3283b9f2d0f4b509a3', 'sha256': '0232e66680897fb0b282db1927486f167ac959ec7f580e7a18a01883d3eda99b'}, 'dob': {'date': '1946-02-11T22:15:26.488Z', 'age': 78}, 'registered': {'date': '2017-10-27T19:27:23.634Z', 'age': 6}, 'phone': '076-72589406', 'cell': '0990-114-1263', 'id': {'name': '', 'value': None}, 'picture': {'large': 'https://randomuser.me/api/portraits/women/83.jpg', 'medium': 'https://randomuser.me/api/portraits/med/women/83.jpg', 'thumbnail': 'https://randomuser.me/api/portraits/thumb/women/83.jpg'}, 'nat': 'IR'}], 'info': {'seed': 'ce089090428d95b7', 'results': 1, 'page': 1, 'version': '1.4'}}</msg>
<arg>${json_data}</arg>
<doc>Logs the given message with the given level.</doc>
<status status="PASS" start="2024-05-22T21:15:54.159638" elapsed="0.000233"/>
</kw>
<kw name="Dictionary Should Contain Key" owner="Collections">
<msg time="2024-05-22T21:15:54.160345" level="INFO">False</msg>
<arg>${json_data}</arg>
<arg>results</arg>
<doc>Fails if ``key`` is not found from ``dictionary``.</doc>
<status status="PASS" start="2024-05-22T21:15:54.160183" elapsed="0.000201"/>
</kw>
<kw name="Should Not Be Empty" owner="BuiltIn">
<msg time="2024-05-22T21:15:54.160830" level="INFO">Length is 2.</msg>
<arg>${json_data}</arg>
<doc>Verifies that the given item is not empty.</doc>
<status status="PASS" start="2024-05-22T21:15:54.160696" elapsed="0.000173"/>
</kw>
<kw name="Create List" owner="BuiltIn">
<msg time="2024-05-22T21:15:54.161492" level="INFO">${expected_keys} = ['gender', 'name', 'location', 'email', 'login']</msg>
<var>${expected_keys}</var>
<arg>gender</arg>
<arg>name</arg>
<arg>location</arg>
<arg>email</arg>
<arg>login</arg>
<doc>Returns a list containing given items.</doc>
<status status="PASS" start="2024-05-22T21:15:54.161172" elapsed="0.000345"/>
</kw>
<for flavor="IN">
<iter>
<kw name="Dictionary Should Contain Key" owner="Collections">
<msg time="2024-05-22T21:15:54.162539" level="INFO">False</msg>
<arg>${json_data['results'][0]}</arg>
<arg>${key}</arg>
<doc>Fails if ``key`` is not found from ``dictionary``.</doc>
<status status="PASS" start="2024-05-22T21:15:54.162112" elapsed="0.000467"/>
</kw>
<kw name="Log" owner="BuiltIn">
<msg time="2024-05-22T21:15:54.163289" level="INFO">{'gender': 'female', 'name': {'title': 'Ms', 'first': 'آیلین', 'last': 'گلشن'}, 'location': {'street': {'number': 7684, 'name': 'شهید دکتر آیت'}, 'city': 'کاشان', 'state': 'مازندران', 'country': 'Iran', 'postcode': 19759, 'coordinates': {'latitude': '15.6205', 'longitude': '2.4003'}, 'timezone': {'offset': '-9:00', 'description': 'Alaska'}}, 'email': 'aylyn.glshn@example.com', 'login': {'uuid': '2fb1c6da-1904-4d16-ab2f-9d0cdb9b48ee', 'username': 'whitelion876', 'password': 'bounce', 'salt': 'Jap1gx4T', 'md5': 'ea780e01c9838046c7574f7e46ccc528', 'sha1': 'fd92a8290b51eff6847e1d3283b9f2d0f4b509a3', 'sha256': '0232e66680897fb0b282db1927486f167ac959ec7f580e7a18a01883d3eda99b'}, 'dob': {'date': '1946-02-11T22:15:26.488Z', 'age': 78}, 'registered': {'date': '2017-10-27T19:27:23.634Z', 'age': 6}, 'phone': '076-72589406', 'cell': '0990-114-1263', 'id': {'name': '', 'value': None}, 'picture': {'large': 'https://randomuser.me/api/portraits/women/83.jpg', 'medium': 'https://randomuser.me/api/portraits/med/women/83.jpg', 'thumbnail': 'https://randomuser.me/api/portraits/thumb/women/83.jpg'}, 'nat': 'IR'}</msg>
<arg>${json_data['results'][0]}</arg>
<doc>Logs the given message with the given level.</doc>
<status status="PASS" start="2024-05-22T21:15:54.162886" elapsed="0.000457"/>
</kw>
<kw name="Log" owner="BuiltIn">
<msg time="2024-05-22T21:15:54.163775" level="INFO">gender</msg>
<arg>${key}</arg>
<doc>Logs the given message with the given level.</doc>
<status status="PASS" start="2024-05-22T21:15:54.163647" elapsed="0.000166"/>
</kw>
<var name="${key}">gender</var>
<status status="PASS" start="2024-05-22T21:15:54.161985" elapsed="0.002045"/>
</iter>
<iter>
<kw name="Dictionary Should Contain Key" owner="Collections">
<msg time="2024-05-22T21:15:54.164736" level="INFO">False</msg>
<arg>${json_data['results'][0]}</arg>
<arg>${key}</arg>
<doc>Fails if ``key`` is not found from ``dictionary``.</doc>
<status status="PASS" start="2024-05-22T21:15:54.164338" elapsed="0.000437"/>
</kw>
<kw name="Log" owner="BuiltIn">
<msg time="2024-05-22T21:15:54.165482" level="INFO">{'gender': 'female', 'name': {'title': 'Ms', 'first': 'آیلین', 'last': 'گلشن'}, 'location': {'street': {'number': 7684, 'name': 'شهید دکتر آیت'}, 'city': 'کاشان', 'state': 'مازندران', 'country': 'Iran', 'postcode': 19759, 'coordinates': {'latitude': '15.6205', 'longitude': '2.4003'}, 'timezone': {'offset': '-9:00', 'description': 'Alaska'}}, 'email': 'aylyn.glshn@example.com', 'login': {'uuid': '2fb1c6da-1904-4d16-ab2f-9d0cdb9b48ee', 'username': 'whitelion876', 'password': 'bounce', 'salt': 'Jap1gx4T', 'md5': 'ea780e01c9838046c7574f7e46ccc528', 'sha1': 'fd92a8290b51eff6847e1d3283b9f2d0f4b509a3', 'sha256': '0232e66680897fb0b282db1927486f167ac959ec7f580e7a18a01883d3eda99b'}, 'dob': {'date': '1946-02-11T22:15:26.488Z', 'age': 78}, 'registered': {'date': '2017-10-27T19:27:23.634Z', 'age': 6}, 'phone': '076-72589406', 'cell': '0990-114-1263', 'id': {'name': '', 'value': None}, 'picture': {'large': 'https://randomuser.me/api/portraits/women/83.jpg', 'medium': 'https://randomuser.me/api/portraits/med/women/83.jpg', 'thumbnail': 'https://randomuser.me/api/portraits/thumb/women/83.jpg'}, 'nat': 'IR'}</msg>
<arg>${json_data['results'][0]}</arg>
<doc>Logs the given message with the given level.</doc>
<status status="PASS" start="2024-05-22T21:15:54.165119" elapsed="0.000414"/>
</kw>
<kw name="Log" owner="BuiltIn">
<msg time="2024-05-22T21:15:54.165960" level="INFO">name</msg>
<arg>${key}</arg>
<doc>Logs the given message with the given level.</doc>
<status status="PASS" start="2024-05-22T21:15:54.165834" elapsed="0.000163"/>
</kw>
<var name="${key}">name</var>
<status status="PASS" start="2024-05-22T21:15:54.164221" elapsed="0.001991"/>
</iter>
<iter>
<kw name="Dictionary Should Contain Key" owner="Collections">
<msg time="2024-05-22T21:15:54.166893" level="INFO">False</msg>
<arg>${json_data['results'][0]}</arg>
<arg>${key}</arg>
<doc>Fails if ``key`` is not found from ``dictionary``.</doc>
<status status="PASS" start="2024-05-22T21:15:54.166508" elapsed="0.000422"/>
</kw>
<kw name="Log" owner="BuiltIn">
<msg time="2024-05-22T21:15:54.167636" level="INFO">{'gender': 'female', 'name': {'title': 'Ms', 'first': 'آیلین', 'last': 'گلشن'}, 'location': {'street': {'number': 7684, 'name': 'شهید دکتر آیت'}, 'city': 'کاشان', 'state': 'مازندران', 'country': 'Iran', 'postcode': 19759, 'coordinates': {'latitude': '15.6205', 'longitude': '2.4003'}, 'timezone': {'offset': '-9:00', 'description': 'Alaska'}}, 'email': 'aylyn.glshn@example.com', 'login': {'uuid': '2fb1c6da-1904-4d16-ab2f-9d0cdb9b48ee', 'username': 'whitelion876', 'password': 'bounce', 'salt': 'Jap1gx4T', 'md5': 'ea780e01c9838046c7574f7e46ccc528', 'sha1': 'fd92a8290b51eff6847e1d3283b9f2d0f4b509a3', 'sha256': '0232e66680897fb0b282db1927486f167ac959ec7f580e7a18a01883d3eda99b'}, 'dob': {'date': '1946-02-11T22:15:26.488Z', 'age': 78}, 'registered': {'date': '2017-10-27T19:27:23.634Z', 'age': 6}, 'phone': '076-72589406', 'cell': '0990-114-1263', 'id': {'name': '', 'value': None}, 'picture': {'large': 'https://randomuser.me/api/portraits/women/83.jpg', 'medium': 'https://randomuser.me/api/portraits/med/women/83.jpg', 'thumbnail': 'https://randomuser.me/api/portraits/thumb/women/83.jpg'}, 'nat': 'IR'}</msg>
<arg>${json_data['results'][0]}</arg>
<doc>Logs the given message with the given level.</doc>
<status status="PASS" start="2024-05-22T21:15:54.167269" elapsed="0.000418"/>
</kw>
<kw name="Log" owner="BuiltIn">
<msg time="2024-05-22T21:15:54.168119" level="INFO">location</msg>
<arg>${key}</arg>
<doc>Logs the given message with the given level.</doc>
<status status="PASS" start="2024-05-22T21:15:54.167992" elapsed="0.000165"/>
</kw>
<var name="${key}">location</var>
<status status="PASS" start="2024-05-22T21:15:54.166389" elapsed="0.001984"/>
</iter>
<iter>
<kw name="Dictionary Should Contain Key" owner="Collections">
<msg time="2024-05-22T21:15:54.169039" level="INFO">False</msg>
<arg>${json_data['results'][0]}</arg>
<arg>${key}</arg>
<doc>Fails if ``key`` is not found from ``dictionary``.</doc>
<status status="PASS" start="2024-05-22T21:15:54.168659" elapsed="0.000418"/>
</kw>
<kw name="Log" owner="BuiltIn">
<msg time="2024-05-22T21:15:54.169746" level="INFO">{'gender': 'female', 'name': {'title': 'Ms', 'first': 'آیلین', 'last': 'گلشن'}, 'location': {'street': {'number': 7684, 'name': 'شهید دکتر آیت'}, 'city': 'کاشان', 'state': 'مازندران', 'country': 'Iran', 'postcode': 19759, 'coordinates': {'latitude': '15.6205', 'longitude': '2.4003'}, 'timezone': {'offset': '-9:00', 'description': 'Alaska'}}, 'email': 'aylyn.glshn@example.com', 'login': {'uuid': '2fb1c6da-1904-4d16-ab2f-9d0cdb9b48ee', 'username': 'whitelion876', 'password': 'bounce', 'salt': 'Jap1gx4T', 'md5': 'ea780e01c9838046c7574f7e46ccc528', 'sha1': 'fd92a8290b51eff6847e1d3283b9f2d0f4b509a3', 'sha256': '0232e66680897fb0b282db1927486f167ac959ec7f580e7a18a01883d3eda99b'}, 'dob': {'date': '1946-02-11T22:15:26.488Z', 'age': 78}, 'registered': {'date': '2017-10-27T19:27:23.634Z', 'age': 6}, 'phone': '076-72589406', 'cell': '0990-114-1263', 'id': {'name': '', 'value': None}, 'picture': {'large': 'https://randomuser.me/api/portraits/women/83.jpg', 'medium': 'https://randomuser.me/api/portraits/med/women/83.jpg', 'thumbnail': 'https://randomuser.me/api/portraits/thumb/women/83.jpg'}, 'nat': 'IR'}</msg>
<arg>${json_data['results'][0]}</arg>
<doc>Logs the given message with the given level.</doc>
<status status="PASS" start="2024-05-22T21:15:54.169382" elapsed="0.000416"/>
</kw>
<kw name="Log" owner="BuiltIn">
<msg time="2024-05-22T21:15:54.170224" level="INFO">email</msg>
<arg>${key}</arg>
<doc>Logs the given message with the given level.</doc>
<status status="PASS" start="2024-05-22T21:15:54.170096" elapsed="0.000165"/>
</kw>
<var name="${key}">email</var>
<status status="PASS" start="2024-05-22T21:15:54.168548" elapsed="0.001929"/>
</iter>
<iter>
<kw name="Dictionary Should Contain Key" owner="Collections">
<msg time="2024-05-22T21:15:54.171175" level="INFO">False</msg>
<arg>${json_data['results'][0]}</arg>
<arg>${key}</arg>
<doc>Fails if ``key`` is not found from ``dictionary``.</doc>
<status status="PASS" start="2024-05-22T21:15:54.170758" elapsed="0.000455"/>
</kw>
<kw name="Log" owner="BuiltIn">
<msg time="2024-05-22T21:15:54.171875" level="INFO">{'gender': 'female', 'name': {'title': 'Ms', 'first': 'آیلین', 'last': 'گلشن'}, 'location': {'street': {'number': 7684, 'name': 'شهید دکتر آیت'}, 'city': 'کاشان', 'state': 'مازندران', 'country': 'Iran', 'postcode': 19759, 'coordinates': {'latitude': '15.6205', 'longitude': '2.4003'}, 'timezone': {'offset': '-9:00', 'description': 'Alaska'}}, 'email': 'aylyn.glshn@example.com', 'login': {'uuid': '2fb1c6da-1904-4d16-ab2f-9d0cdb9b48ee', 'username': 'whitelion876', 'password': 'bounce', 'salt': 'Jap1gx4T', 'md5': 'ea780e01c9838046c7574f7e46ccc528', 'sha1': 'fd92a8290b51eff6847e1d3283b9f2d0f4b509a3', 'sha256': '0232e66680897fb0b282db1927486f167ac959ec7f580e7a18a01883d3eda99b'}, 'dob': {'date': '1946-02-11T22:15:26.488Z', 'age': 78}, 'registered': {'date': '2017-10-27T19:27:23.634Z', 'age': 6}, 'phone': '076-72589406', 'cell': '0990-114-1263', 'id': {'name': '', 'value': None}, 'picture': {'large': 'https://randomuser.me/api/portraits/women/83.jpg', 'medium': 'https://randomuser.me/api/portraits/med/women/83.jpg', 'thumbnail': 'https://randomuser.me/api/portraits/thumb/women/83.jpg'}, 'nat': 'IR'}</msg>
<arg>${json_data['results'][0]}</arg>
<doc>Logs the given message with the given level.</doc>
<status status="PASS" start="2024-05-22T21:15:54.171514" elapsed="0.000421"/>
</kw>
<kw name="Log" owner="BuiltIn">
<msg time="2024-05-22T21:15:54.172357" level="INFO">login</msg>
<arg>${key}</arg>
<doc>Logs the given message with the given level.</doc>
<status status="PASS" start="2024-05-22T21:15:54.172230" elapsed="0.000166"/>
</kw>
<var name="${key}">login</var>
<status status="PASS" start="2024-05-22T21:15:54.170647" elapsed="0.001976"/>
</iter>
<var>${key}</var>
<value>@{expected_keys}</value>
<status status="PASS" start="2024-05-22T21:15:54.161791" elapsed="0.010981"/>
</for>
<kw name="Create List" owner="BuiltIn">
<msg time="2024-05-22T21:15:54.173116" level="INFO">${expected_keysTwo} = ['username', 'password']</msg>
<var>${expected_keysTwo}</var>
<arg>username</arg>
<arg>password</arg>
<doc>Returns a list containing given items.</doc>
<status status="PASS" start="2024-05-22T21:15:54.172979" elapsed="0.000161"/>
</kw>
<for flavor="IN">
<iter>
<kw name="Dictionary Should Contain Key" owner="Collections">
<msg time="2024-05-22T21:15:54.174034" level="INFO">False</msg>
<arg>${json_data['results'][0]['login']}</arg>
<arg>${keyTwo}</arg>
<doc>Fails if ``key`` is not found from ``dictionary``.</doc>
<status status="PASS" start="2024-05-22T21:15:54.173639" elapsed="0.000432"/>
</kw>
<kw name="Dictionary Should Contain Key" owner="Collections">
<msg time="2024-05-22T21:15:54.174747" level="INFO">False</msg>
<arg>${json_data['results'][0]['login']}</arg>
<arg>${keyTwo}</arg>
<doc>Fails if ``key`` is not found from ``dictionary``.</doc>
<status status="PASS" start="2024-05-22T21:15:54.174368" elapsed="0.000416"/>
</kw>
<kw name="Log" owner="BuiltIn">
<msg time="2024-05-22T21:15:54.175248" level="INFO">username</msg>
<arg>${keyTwo}</arg>
<doc>Logs the given message with the given level.</doc>
<status status="PASS" start="2024-05-22T21:15:54.175110" elapsed="0.000176"/>
</kw>
<var name="${keyTwo}">username</var>
<status status="PASS" start="2024-05-22T21:15:54.173532" elapsed="0.001968"/>
</iter>
<iter>
<kw name="Dictionary Should Contain Key" owner="Collections">
<msg time="2024-05-22T21:15:54.176154" level="INFO">False</msg>
<arg>${json_data['results'][0]['login']}</arg>
<arg>${keyTwo}</arg>
<doc>Fails if ``key`` is not found from ``dictionary``.</doc>
<status status="PASS" start="2024-05-22T21:15:54.175778" elapsed="0.000414"/>
</kw>
<kw name="Dictionary Should Contain Key" owner="Collections">
<msg time="2024-05-22T21:15:54.176949" level="INFO">False</msg>
<arg>${json_data['results'][0]['login']}</arg>
<arg>${keyTwo}</arg>
<doc>Fails if ``key`` is not found from ``dictionary``.</doc>
<status status="PASS" start="2024-05-22T21:15:54.176487" elapsed="0.000501"/>
</kw>
<kw name="Log" owner="BuiltIn">
<msg time="2024-05-22T21:15:54.177414" level="INFO">password</msg>
<arg>${keyTwo}</arg>
<doc>Logs the given message with the given level.</doc>
<status status="PASS" start="2024-05-22T21:15:54.177285" elapsed="0.000167"/>
</kw>
<var name="${keyTwo}">password</var>
<status status="PASS" start="2024-05-22T21:15:54.175670" elapsed="0.001999"/>
</iter>
<var>${keyTwo}</var>
<value>@{expected_keysTwo}</value>
<status status="PASS" start="2024-05-22T21:15:54.173379" elapsed="0.004412"/>
</for>
<status status="PASS" start="2024-05-22T21:15:54.065913" elapsed="0.112023"/>
</kw>
<doc>Testa a estrutura da resposta da API.</doc>
<tag>testeEstruturaResposta</tag>
<status status="PASS" start="2024-05-22T21:15:54.065102" elapsed="0.112995"/>
</test>
<test id="s1-s1-t4" name="Validar tipos de dados" line="28">
<kw name="Teste de Tipos de Dados" owner="random-user-service">
<kw name="GET On Session" owner="RequestsLibrary">
<msg time="2024-05-22T21:15:54.279513" level="INFO">GET Request : url=https://randomuser.me/api 
 path_url=/api 
 headers={'User-Agent': 'python-requests/2.32.2', 'Accept-Encoding': 'gzip, deflate', 'Accept': '*/*', 'Connection': 'keep-alive'} 
 body=None 
 </msg>
<msg time="2024-05-22T21:15:54.279633" level="INFO">GET Response : url=https://randomuser.me/api 
 status=200, reason=OK 
 headers={'Date': 'Wed, 22 May 2024 21:15:54 GMT', 'Content-Type': 'application/json; charset=utf-8', 'Transfer-Encoding': 'chunked', 'Connection': 'keep-alive', 'X-Powered-By': 'Express', 'Access-Control-Allow-Origin': '*', 'Cache-Control': 'no-cache', 'ETag': 'W/"48a-GN9zL4KZUd1JlxT9JQ9JzTxlh2Y"', 'Vary': 'Accept-Encoding', 'Content-Encoding': 'gzip', 'CF-Cache-Status': 'DYNAMIC', 'Report-To': '{"endpoints":[{"url":"https:\\/\\/a.nel.cloudflare.com\\/report\\/v4?s=GiqaThtwvhSk5OjRYzQ9npyJF%2BMHmeUUFsT9f%2BOVMY1QWu4%2FnKVRwtyaAT0W4HXfKVNXKHJS3uN1FDvUWeEEKENee7DUEigbLPVq8vmsCn5J2d297gmV5LSwsSNo9vJH"}],"group":"cf-nel","max_age":604800}', 'NEL': '{"success_fraction":0,"report_to":"cf-nel","max_age":604800}', 'Server': 'cloudflare', 'CF-RAY': '887fd2ffa9af15e3-SJC', 'alt-svc': 'h3=":443"; ma=86400'} 
 body={"results":[{"gender":"male","name":{"title":"Mr","first":"Mikkel","last":"Rasmussen"},"location":{"street":{"number":4236,"name":"Sofievej"},"city":"Askeby","state":"Sjælland","country":"Denmark","postcode":17996,"coordinates":{"latitude":"-46.2025","longitude":"-9.5910"},"timezone":{"offset":"+11:00","description":"Magadan, Solomon Islands, New Caledonia"}},"email":"mikkel.rasmussen@example.com","login":{"uuid":"aef6c1a1-9dba-4fdb-ae77-14982d15a3c9","username":"heavyladybug182","password":"teaser","salt":"M2TN02U7","md5":"098a6c377301ac6915eb54e999ffca18","sha1":"9880c891c714afa7992533b52921105a17cc2f6e","sha256":"52f76b6e70c656c8b86b1023f0a9f23a166018ccc3ef07806a18ba27313f7d37"},"dob":{"date":"1958-12-10T20:24:08.280Z","age":65},"registered":{"date":"2014-08-02T17:34:49.904Z","age":9},"phone":"18036276","cell":"29021476","id":{"name":"CPR","value":"101258-9599"},"picture":{"large":"https://randomuser.me/api/portraits/men/51.jpg","medium":"https://randomuser.me/api/portraits/med/men/51.jpg","thumbnail":"https://randomuser.me/api/portraits/thumb/men/51.jpg"},"nat":"DK"}],"info":{"seed":"ba27b02354b15dd2","results":1,"page":1,"version":"1.4"}} 
 </msg>
<msg time="2024-05-22T21:15:54.279725" level="INFO">/opt/hostedtoolcache/Python/3.12.3/x64/lib/python3.12/site-packages/urllib3/connectionpool.py:1103: InsecureRequestWarning: Unverified HTTPS request is being made to host 'randomuser.me'. Adding certificate verification is strongly advised. See: https://urllib3.readthedocs.io/en/latest/advanced-usage.html#tls-warnings
  warnings.warn(</msg>
<msg time="2024-05-22T21:15:54.279858" level="INFO">${response} = &lt;Response [200]&gt;</msg>
<var>${response}</var>
<arg>consultarAPI</arg>
<arg>/api</arg>
<doc>Sends a GET request on a previously created HTTP Session.</doc>
<status status="PASS" start="2024-05-22T21:15:54.180573" elapsed="0.099333"/>
</kw>
<kw name="Set Variable" owner="BuiltIn">
<msg time="2024-05-22T21:15:54.280979" level="INFO">${json_data} = {'results': [{'gender': 'male', 'name': {'title': 'Mr', 'first': 'Mikkel', 'last': 'Rasmussen'}, 'location': {'street': {'number': 4236, 'name': 'Sofievej'}, 'city': 'Askeby', 'state': 'Sjælland', 'co...</msg>
<var>${json_data}</var>
<arg>${response.json()}</arg>
<doc>Returns the given values which can then be assigned to a variables.</doc>
<status status="PASS" start="2024-05-22T21:15:54.280442" elapsed="0.000566"/>
</kw>
<kw name="Log" owner="BuiltIn">
<msg time="2024-05-22T21:15:54.281517" level="INFO">{'results': [{'gender': 'male', 'name': {'title': 'Mr', 'first': 'Mikkel', 'last': 'Rasmussen'}, 'location': {'street': {'number': 4236, 'name': 'Sofievej'}, 'city': 'Askeby', 'state': 'Sjælland', 'country': 'Denmark', 'postcode': 17996, 'coordinates': {'latitude': '-46.2025', 'longitude': '-9.5910'}, 'timezone': {'offset': '+11:00', 'description': 'Magadan, Solomon Islands, New Caledonia'}}, 'email': 'mikkel.rasmussen@example.com', 'login': {'uuid': 'aef6c1a1-9dba-4fdb-ae77-14982d15a3c9', 'username': 'heavyladybug182', 'password': 'teaser', 'salt': 'M2TN02U7', 'md5': '098a6c377301ac6915eb54e999ffca18', 'sha1': '9880c891c714afa7992533b52921105a17cc2f6e', 'sha256': '52f76b6e70c656c8b86b1023f0a9f23a166018ccc3ef07806a18ba27313f7d37'}, 'dob': {'date': '1958-12-10T20:24:08.280Z', 'age': 65}, 'registered': {'date': '2014-08-02T17:34:49.904Z', 'age': 9}, 'phone': '18036276', 'cell': '29021476', 'id': {'name': 'CPR', 'value': '101258-9599'}, 'picture': {'large': 'https://randomuser.me/api/portraits/men/51.jpg', 'medium': 'https://randomuser.me/api/portraits/med/men/51.jpg', 'thumbnail': 'https://randomuser.me/api/portraits/thumb/men/51.jpg'}, 'nat': 'DK'}], 'info': {'seed': 'ba27b02354b15dd2', 'results': 1, 'page': 1, 'version': '1.4'}}</msg>
<arg>${json_data}</arg>
<doc>Logs the given message with the given level.</doc>
<status status="PASS" start="2024-05-22T21:15:54.281350" elapsed="0.000255"/>
</kw>
<kw name="Should Be String" owner="String">
<arg>${json_data['results'][0]['gender']}</arg>
<doc>Fails if the given ``item`` is not a string.</doc>
<status status="PASS" start="2024-05-22T21:15:54.281922" elapsed="0.000382"/>
</kw>
<kw name="Should Match Regexp" owner="BuiltIn">
<arg>${json_data['results'][0]['email']}</arg>
<arg>^[a-zA-Z0-9._%+-]+@[a-zA-Z0-9.-]+\.[a-zA-Z]{2,}$</arg>
<doc>Fails if ``string`` does not match ``pattern`` as a regular expression.</doc>
<status status="PASS" start="2024-05-22T21:15:54.282503" elapsed="0.000539"/>
</kw>
<kw name="Should Match Regexp" owner="BuiltIn">
<arg>${json_data['results'][0]['dob']['date']}</arg>
<arg>\\d{4}-\\d{2}-\\d{2}T\\d{2}:\\d{2}:\\d{2}\\.\\d{3}Z</arg>
<doc>Fails if ``string`` does not match ``pattern`` as a regular expression.</doc>
<status status="PASS" start="2024-05-22T21:15:54.283280" elapsed="0.000496"/>
</kw>
<kw name="Should Match Regexp" owner="BuiltIn">
<arg>${json_data['results'][0]['registered']['date']}</arg>
<arg>\\d{4}-\\d{2}-\\d{2}T\\d{2}:\\d{2}:\\d{2}\\.\\d{3}Z</arg>
<doc>Fails if ``string`` does not match ``pattern`` as a regular expression.</doc>
<status status="PASS" start="2024-05-22T21:15:54.283972" elapsed="0.000368"/>
</kw>
<kw name="Should Match Regexp" owner="BuiltIn">
<arg>${json_data['results'][0]['picture']['large']}</arg>
<arg>^https?://.*\.(?:png|jpe?g|gif|bmp)$</arg>
<doc>Fails if ``string`` does not match ``pattern`` as a regular expression.</doc>
<status status="PASS" start="2024-05-22T21:15:54.284531" elapsed="0.000475"/>
</kw>
<kw name="Should Match Regexp" owner="BuiltIn">
<arg>${json_data['results'][0]['picture']['medium']}</arg>
<arg>^https?://.*\.(?:png|jpe?g|gif|bmp)$</arg>
<doc>Fails if ``string`` does not match ``pattern`` as a regular expression.</doc>
<status status="PASS" start="2024-05-22T21:15:54.285205" elapsed="0.000364"/>
</kw>
<kw name="Should Match Regexp" owner="BuiltIn">
<arg>${json_data['results'][0]['picture']['thumbnail']}</arg>
<arg>^https?://.*\.(?:png|jpe?g|gif|bmp)$</arg>
<doc>Fails if ``string`` does not match ``pattern`` as a regular expression.</doc>
<status status="PASS" start="2024-05-22T21:15:54.285761" elapsed="0.000385"/>
</kw>
<kw name="Log" owner="BuiltIn">
<msg time="2024-05-22T21:15:54.286666" level="INFO">{'large': 'https://randomuser.me/api/portraits/men/51.jpg', 'medium': 'https://randomuser.me/api/portraits/med/men/51.jpg', 'thumbnail': 'https://randomuser.me/api/portraits/thumb/men/51.jpg'}</msg>
<arg>${json_data['results'][0]['picture']}</arg>
<doc>Logs the given message with the given level.</doc>
<status status="PASS" start="2024-05-22T21:15:54.286341" elapsed="0.000369"/>
</kw>
<status status="PASS" start="2024-05-22T21:15:54.180339" elapsed="0.106638"/>
</kw>
<kw name="Teste de Tipos de Dados - Postcode" owner="random-user-service">
<kw name="GET On Session" owner="RequestsLibrary">
<msg time="2024-05-22T21:15:54.384226" level="INFO">GET Request : url=https://randomuser.me/api 
 path_url=/api 
 headers={'User-Agent': 'python-requests/2.32.2', 'Accept-Encoding': 'gzip, deflate', 'Accept': '*/*', 'Connection': 'keep-alive'} 
 body=None 
 </msg>
<msg time="2024-05-22T21:15:54.384319" level="INFO">GET Response : url=https://randomuser.me/api 
 status=200, reason=OK 
 headers={'Date': 'Wed, 22 May 2024 21:15:54 GMT', 'Content-Type': 'application/json; charset=utf-8', 'Transfer-Encoding': 'chunked', 'Connection': 'keep-alive', 'X-Powered-By': 'Express', 'Access-Control-Allow-Origin': '*', 'Cache-Control': 'no-cache', 'ETag': 'W/"480-nku4bnzIF1IhzZHO3aqiUUudqrk"', 'Vary': 'Accept-Encoding', 'Content-Encoding': 'gzip', 'CF-Cache-Status': 'DYNAMIC', 'Report-To': '{"endpoints":[{"url":"https:\\/\\/a.nel.cloudflare.com\\/report\\/v4?s=EstmuzVLFSmMSUxsgMXRHMFRjcxkN2R5ANIlr90iBxLYNCTMRGy%2BsA6gP7l%2F%2Ba3EVmryIvX9fVXtUS74%2B2UYFKCm5mroWbvvblyyyLyQOTR4ImTJKIRH65fl8HtYD4JY"}],"group":"cf-nel","max_age":604800}', 'NEL': '{"success_fraction":0,"report_to":"cf-nel","max_age":604800}', 'Server': 'cloudflare', 'CF-RAY': '887fd3004a6615e3-SJC', 'alt-svc': 'h3=":443"; ma=86400'} 
 body={"results":[{"gender":"female","name":{"title":"Ms","first":"Eiril","last":"Aurdal"},"location":{"street":{"number":7280,"name":"Oslo gate"},"city":"Lysthaugen","state":"Sogn og Fjordane","country":"Norway","postcode":"1658","coordinates":{"latitude":"41.0004","longitude":"32.6783"},"timezone":{"offset":"-11:00","description":"Midway Island, Samoa"}},"email":"eiril.aurdal@example.com","login":{"uuid":"30e0ba7a-6f34-4683-81b9-4d92cdac0569","username":"orangefish855","password":"poland","salt":"7nqAHnah","md5":"2aabd8e3f20b2f0aed4b16d201c44d27","sha1":"a57ff61a924ff30dbb8e20dd8ec076ee5e7f5c33","sha256":"1fa6cc1395e48e895bac632838ee3b0963d4fea68123ea1d81081055ab993f2f"},"dob":{"date":"1977-03-22T09:49:30.411Z","age":47},"registered":{"date":"2005-01-31T08:08:10.558Z","age":19},"phone":"76803365","cell":"90550658","id":{"name":"FN","value":"22037730002"},"picture":{"large":"https://randomuser.me/api/portraits/women/75.jpg","medium":"https://randomuser.me/api/portraits/med/women/75.jpg","thumbnail":"https://randomuser.me/api/portraits/thumb/women/75.jpg"},"nat":"NO"}],"info":{"seed":"6bc66ad9ca631578","results":1,"page":1,"version":"1.4"}} 
 </msg>
<msg time="2024-05-22T21:15:54.384388" level="INFO">/opt/hostedtoolcache/Python/3.12.3/x64/lib/python3.12/site-packages/urllib3/connectionpool.py:1103: InsecureRequestWarning: Unverified HTTPS request is being made to host 'randomuser.me'. Adding certificate verification is strongly advised. See: https://urllib3.readthedocs.io/en/latest/advanced-usage.html#tls-warnings
  warnings.warn(</msg>
<msg time="2024-05-22T21:15:54.384515" level="INFO">${response} = &lt;Response [200]&gt;</msg>
<var>${response}</var>
<arg>consultarAPI</arg>
<arg>/api</arg>
<doc>Sends a GET request on a previously created HTTP Session.</doc>
<status status="PASS" start="2024-05-22T21:15:54.287475" elapsed="0.097080"/>
</kw>
<kw name="Set Variable" owner="BuiltIn">
<msg time="2024-05-22T21:15:54.385713" level="INFO">${json_data} = {'results': [{'gender': 'female', 'name': {'title': 'Ms', 'first': 'Eiril', 'last': 'Aurdal'}, 'location': {'street': {'number': 7280, 'name': 'Oslo gate'}, 'city': 'Lysthaugen', 'state': 'Sogn og Fjo...</msg>
<var>${json_data}</var>
<arg>${response.json()}</arg>
<doc>Returns the given values which can then be assigned to a variables.</doc>
<status status="PASS" start="2024-05-22T21:15:54.385155" elapsed="0.000589"/>
</kw>
<kw name="Log" owner="BuiltIn">
<msg time="2024-05-22T21:15:54.386285" level="INFO">{'results': [{'gender': 'female', 'name': {'title': 'Ms', 'first': 'Eiril', 'last': 'Aurdal'}, 'location': {'street': {'number': 7280, 'name': 'Oslo gate'}, 'city': 'Lysthaugen', 'state': 'Sogn og Fjordane', 'country': 'Norway', 'postcode': '1658', 'coordinates': {'latitude': '41.0004', 'longitude': '32.6783'}, 'timezone': {'offset': '-11:00', 'description': 'Midway Island, Samoa'}}, 'email': 'eiril.aurdal@example.com', 'login': {'uuid': '30e0ba7a-6f34-4683-81b9-4d92cdac0569', 'username': 'orangefish855', 'password': 'poland', 'salt': '7nqAHnah', 'md5': '2aabd8e3f20b2f0aed4b16d201c44d27', 'sha1': 'a57ff61a924ff30dbb8e20dd8ec076ee5e7f5c33', 'sha256': '1fa6cc1395e48e895bac632838ee3b0963d4fea68123ea1d81081055ab993f2f'}, 'dob': {'date': '1977-03-22T09:49:30.411Z', 'age': 47}, 'registered': {'date': '2005-01-31T08:08:10.558Z', 'age': 19}, 'phone': '76803365', 'cell': '90550658', 'id': {'name': 'FN', 'value': '22037730002'}, 'picture': {'large': 'https://randomuser.me/api/portraits/women/75.jpg', 'medium': 'https://randomuser.me/api/portraits/med/women/75.jpg', 'thumbnail': 'https://randomuser.me/api/portraits/thumb/women/75.jpg'}, 'nat': 'NO'}], 'info': {'seed': '6bc66ad9ca631578', 'results': 1, 'page': 1, 'version': '1.4'}}</msg>
<arg>${json_data}</arg>
<doc>Logs the given message with the given level.</doc>
<status status="PASS" start="2024-05-22T21:15:54.386116" elapsed="0.000269"/>
</kw>
<kw name="Should Be Equal As Numbers" owner="BuiltIn">
<arg>${json_data['results'][0]['location']['postcode']}</arg>
<arg>${json_data['results'][0]['location']['postcode']}</arg>
<doc>Fails if objects are unequal after converting them to real numbers.</doc>
<status status="PASS" start="2024-05-22T21:15:54.386717" elapsed="0.000870"/>
</kw>
<kw name="Log" owner="BuiltIn">
<msg time="2024-05-22T21:15:54.388133" level="INFO">1658</msg>
<arg>${json_data['results'][0]['location']['postcode']}</arg>
<doc>Logs the given message with the given level.</doc>
<status status="PASS" start="2024-05-22T21:15:54.387790" elapsed="0.000385"/>
</kw>
<status status="PASS" start="2024-05-22T21:15:54.287236" elapsed="0.101206"/>
</kw>
<doc>Testa se os tipos de dados na resposta da API estão corretos.</doc>
<tag>testeTiposDados</tag>
<status status="PASS" start="2024-05-22T21:15:54.179879" elapsed="0.208738"/>
</test>
<test id="s1-s1-t5" name="Validar conteudo" line="35">
<kw name="Teste de Tipos de Conteudo" owner="random-user-service">
<kw name="GET On Session" owner="RequestsLibrary">
<msg time="2024-05-22T21:15:54.484447" level="INFO">GET Request : url=https://randomuser.me/api 
 path_url=/api 
 headers={'User-Agent': 'python-requests/2.32.2', 'Accept-Encoding': 'gzip, deflate', 'Accept': '*/*', 'Connection': 'keep-alive'} 
 body=None 
 </msg>
<msg time="2024-05-22T21:15:54.484526" level="INFO">GET Response : url=https://randomuser.me/api 
 status=200, reason=OK 
 headers={'Date': 'Wed, 22 May 2024 21:15:54 GMT', 'Content-Type': 'application/json; charset=utf-8', 'Transfer-Encoding': 'chunked', 'Connection': 'keep-alive', 'X-Powered-By': 'Express', 'Access-Control-Allow-Origin': '*', 'Cache-Control': 'no-cache', 'ETag': 'W/"499-wIIWyJHPDvtVmR0W375kEQs6KA4"', 'Vary': 'Accept-Encoding', 'Content-Encoding': 'gzip', 'CF-Cache-Status': 'DYNAMIC', 'Report-To': '{"endpoints":[{"url":"https:\\/\\/a.nel.cloudflare.com\\/report\\/v4?s=mh8cPPG%2BvN0RFO6S6paQKXrWNasNPUC%2FPwngojyfDJ9EA4pNKLAcfnJ8ziXIF%2Fwj%2FBNbT8HdoHL5O%2Fk1%2FCuVO7vtVF4yn50knPff03AQKQvYHA1Nrzh4Qwg6p4SN%2FL9U"}],"group":"cf-nel","max_age":604800}', 'NEL': '{"success_fraction":0,"report_to":"cf-nel","max_age":604800}', 'Server': 'cloudflare', 'CF-RAY': '887fd300fae015e3-SJC', 'alt-svc': 'h3=":443"; ma=86400'} 
 body={"results":[{"gender":"female","name":{"title":"Ms","first":"Kathleen","last":"Sanders"},"location":{"street":{"number":2461,"name":"Manor Road"},"city":"Longford","state":"Kilkenny","country":"Ireland","postcode":65584,"coordinates":{"latitude":"-2.2544","longitude":"22.0070"},"timezone":{"offset":"-6:00","description":"Central Time (US &amp; Canada), Mexico City"}},"email":"kathleen.sanders@example.com","login":{"uuid":"8df33697-9eb8-4132-87e9-95595bba1110","username":"orangelion429","password":"theforce","salt":"6SHfmkqE","md5":"6dbf1a62d53812a309a668e6479b9cb9","sha1":"95f835527b3e0932c57c25ded09bd0062145562c","sha256":"14e48d1f8385822e4c7f987ca9602976bbb79694dd0c8f1d65c4c6ec5332a840"},"dob":{"date":"1963-04-23T09:27:17.485Z","age":61},"registered":{"date":"2014-01-30T10:41:03.830Z","age":10},"phone":"051-661-0104","cell":"081-115-9944","id":{"name":"PPS","value":"1786201T"},"picture":{"large":"https://randomuser.me/api/portraits/women/33.jpg","medium":"https://randomuser.me/api/portraits/med/women/33.jpg","thumbnail":"https://randomuser.me/api/portraits/thumb/women/33.jpg"},"nat":"IE"}],"info":{"seed":"4186cd5dae90e11c","results":1,"page":1,"version":"1.4"}} 
 </msg>
<msg time="2024-05-22T21:15:54.484590" level="INFO">/opt/hostedtoolcache/Python/3.12.3/x64/lib/python3.12/site-packages/urllib3/connectionpool.py:1103: InsecureRequestWarning: Unverified HTTPS request is being made to host 'randomuser.me'. Adding certificate verification is strongly advised. See: https://urllib3.readthedocs.io/en/latest/advanced-usage.html#tls-warnings
  warnings.warn(</msg>
<msg time="2024-05-22T21:15:54.484691" level="INFO">${response} = &lt;Response [200]&gt;</msg>
<var>${response}</var>
<arg>consultarAPI</arg>
<arg>/api</arg>
<doc>Sends a GET request on a previously created HTTP Session.</doc>
<status status="PASS" start="2024-05-22T21:15:54.391792" elapsed="0.092927"/>
</kw>
<kw name="Set Variable" owner="BuiltIn">
<msg time="2024-05-22T21:15:54.485665" level="INFO">${json_data} = {'results': [{'gender': 'female', 'name': {'title': 'Ms', 'first': 'Kathleen', 'last': 'Sanders'}, 'location': {'street': {'number': 2461, 'name': 'Manor Road'}, 'city': 'Longford', 'state': 'Kilkenny...</msg>
<var>${json_data}</var>
<arg>${response.json()}</arg>
<doc>Returns the given values which can then be assigned to a variables.</doc>
<status status="PASS" start="2024-05-22T21:15:54.485178" elapsed="0.000517"/>
</kw>
<kw name="Set Variable" owner="BuiltIn">
<msg time="2024-05-22T21:15:54.486391" level="INFO">${name_title} = Ms</msg>
<var>${name_title}</var>
<arg>${json_data["results"][0]["name"]["title"]}</arg>
<doc>Returns the given values which can then be assigned to a variables.</doc>
<status status="PASS" start="2024-05-22T21:15:54.486008" elapsed="0.000409"/>
</kw>
<kw name="Create List" owner="BuiltIn">
<msg time="2024-05-22T21:15:54.486870" level="INFO">${allowed_titles} = ['Mr', 'Ms', 'Miss', 'Mrs', 'Madame', 'Monsieur']</msg>
<var>${allowed_titles}</var>
<arg>Mr</arg>
<arg>Ms</arg>
<arg>Miss</arg>
<arg>Mrs</arg>
<arg>Madame</arg>
<arg>Monsieur</arg>
<doc>Returns a list containing given items.</doc>
<status status="PASS" start="2024-05-22T21:15:54.486721" elapsed="0.000174"/>
</kw>
<kw name="List Should Contain Value" owner="Collections">
<msg time="2024-05-22T21:15:54.487425" level="INFO">False</msg>
<arg>${allowed_titles}</arg>
<arg>${name_title}</arg>
<doc>Fails if the ``value`` is not found from ``list``.</doc>
<status status="PASS" start="2024-05-22T21:15:54.487246" elapsed="0.000215"/>
</kw>
<kw name="Set Variable" owner="BuiltIn">
<msg time="2024-05-22T21:15:54.488132" level="INFO">${name_country} = IE</msg>
<var>${name_country}</var>
<arg>${json_data["results"][0]["nat"]}</arg>
<doc>Returns the given values which can then be assigned to a variables.</doc>
<status status="PASS" start="2024-05-22T21:15:54.487752" elapsed="0.000404"/>
</kw>
<kw name="Create List" owner="BuiltIn">
<msg time="2024-05-22T21:15:54.489055" level="INFO">${list_country} = ['AD', 'AE', 'AF', 'AG', 'AI', 'AL', 'AM', 'AO', 'AQ', 'AR', 'AS', 'AT', 'AU', 'AW', 'AX', 'AZ', 'BA', 'BB', 'BD', 'BE', 'BF', 'BG', 'BH', 'BI', 'BJ', 'BL', 'BM', 'BN', 'BO', 'BQ', 'BR', 'BS', 'BT', '...</msg>
<var>${list_country}</var>
<arg>AD</arg>
<arg>AE</arg>
<arg>AF</arg>
<arg>AG</arg>
<arg>AI</arg>
<arg>AL</arg>
<arg>AM</arg>
<arg>AO</arg>
<arg>AQ</arg>
<arg>AR</arg>
<arg>AS</arg>
<arg>AT</arg>
<arg>AU</arg>
<arg>AW</arg>
<arg>AX</arg>
<arg>AZ</arg>
<arg>BA</arg>
<arg>BB</arg>
<arg>BD</arg>
<arg>BE</arg>
<arg>BF</arg>
<arg>BG</arg>
<arg>BH</arg>
<arg>BI</arg>
<arg>BJ</arg>
<arg>BL</arg>
<arg>BM</arg>
<arg>BN</arg>
<arg>BO</arg>
<arg>BQ</arg>
<arg>BR</arg>
<arg>BS</arg>
<arg>BT</arg>
<arg>BV</arg>
<arg>BW</arg>
<arg>BY</arg>
<arg>BZ</arg>
<arg>CA</arg>
<arg>CC</arg>
<arg>CD</arg>
<arg>CF</arg>
<arg>CG</arg>
<arg>CH</arg>
<arg>CI</arg>
<arg>CK</arg>
<arg>CL</arg>
<arg>CM</arg>
<arg>CN</arg>
<arg>CO</arg>
<arg>CR</arg>
<arg>CU</arg>
<arg>CV</arg>
<arg>CW</arg>
<arg>CX</arg>
<arg>CY</arg>
<arg>CZ</arg>
<arg>DE</arg>
<arg>DJ</arg>
<arg>DK</arg>
<arg>DM</arg>
<arg>DO</arg>
<arg>DZ</arg>
<arg>EC</arg>
<arg>EE</arg>
<arg>EG</arg>
<arg>EH</arg>
<arg>ER</arg>
<arg>ES</arg>
<arg>ET</arg>
<arg>FI</arg>
<arg>FJ</arg>
<arg>FK</arg>
<arg>FM</arg>
<arg>FO</arg>
<arg>FR</arg>
<arg>GA</arg>
<arg>GB</arg>
<arg>GD</arg>
<arg>GE</arg>
<arg>GF</arg>
<arg>GG</arg>
<arg>GH</arg>
<arg>GI</arg>
<arg>GL</arg>
<arg>GM</arg>
<arg>GN</arg>
<arg>GP</arg>
<arg>GQ</arg>
<arg>GR</arg>
<arg>GS</arg>
<arg>GT</arg>
<arg>GU</arg>
<arg>GW</arg>
<arg>GY</arg>
<arg>HK</arg>
<arg>HM</arg>
<arg>HN</arg>
<arg>HR</arg>
<arg>HT</arg>
<arg>HU</arg>
<arg>ID</arg>
<arg>IE</arg>
<arg>IL</arg>
<arg>IM</arg>
<arg>IN</arg>
<arg>IO</arg>
<arg>IQ</arg>
<arg>IR</arg>
<arg>IS</arg>
<arg>IT</arg>
<arg>JE</arg>
<arg>JM</arg>
<arg>JO</arg>
<arg>JP</arg>
<arg>KE</arg>
<arg>KG</arg>
<arg>KH</arg>
<arg>KI</arg>
<arg>KM</arg>
<arg>KN</arg>
<arg>KP</arg>
<arg>KR</arg>
<arg>KW</arg>
<arg>KY</arg>
<arg>KZ</arg>
<arg>LA</arg>
<arg>LB</arg>
<arg>LC</arg>
<arg>LI</arg>
<arg>LK</arg>
<arg>LR</arg>
<arg>LS</arg>
<arg>LT</arg>
<arg>LU</arg>
<arg>LV</arg>
<arg>LY</arg>
<arg>MA</arg>
<arg>MC</arg>
<arg>MD</arg>
<arg>ME</arg>
<arg>MF</arg>
<arg>MG</arg>
<arg>MH</arg>
<arg>MK</arg>
<arg>ML</arg>
<arg>MM</arg>
<arg>MN</arg>
<arg>MO</arg>
<arg>MP</arg>
<arg>MQ</arg>
<arg>MR</arg>
<arg>MS</arg>
<arg>MT</arg>
<arg>MU</arg>
<arg>MV</arg>
<arg>MW</arg>
<arg>MX</arg>
<arg>MY</arg>
<arg>MZ</arg>
<arg>NA</arg>
<arg>NC</arg>
<arg>NE</arg>
<arg>NF</arg>
<arg>NG</arg>
<arg>NI</arg>
<arg>NL</arg>
<arg>NO</arg>
<arg>NP</arg>
<arg>NR</arg>
<arg>NU</arg>
<arg>NZ</arg>
<arg>OM</arg>
<arg>PA</arg>
<arg>PE</arg>
<arg>PF</arg>
<arg>PG</arg>
<arg>PH</arg>
<arg>PK</arg>
<arg>PL</arg>
<arg>PM</arg>
<arg>PN</arg>
<arg>PR</arg>
<arg>PS</arg>
<arg>PT</arg>
<arg>PW</arg>
<arg>PY</arg>
<arg>QA</arg>
<arg>RE</arg>
<arg>RO</arg>
<arg>RS</arg>
<arg>RU</arg>
<arg>RW</arg>
<arg>SA</arg>
<arg>SB</arg>
<arg>SC</arg>
<arg>SD</arg>
<arg>SE</arg>
<arg>SG</arg>
<arg>SH</arg>
<arg>SI</arg>
<arg>SJ</arg>
<arg>SK</arg>
<arg>SL</arg>
<arg>SM</arg>
<arg>SN</arg>
<arg>SO</arg>
<arg>SR</arg>
<arg>SS</arg>
<arg>ST</arg>
<arg>SV</arg>
<arg>SX</arg>
<arg>SY</arg>
<arg>SZ</arg>
<arg>TC</arg>
<arg>TD</arg>
<arg>TF</arg>
<arg>TG</arg>
<arg>TH</arg>
<arg>TJ</arg>
<arg>TK</arg>
<arg>TL</arg>
<arg>TM</arg>
<arg>TN</arg>
<arg>TO</arg>
<arg>TR</arg>
<arg>TT</arg>
<arg>TV</arg>
<arg>TW</arg>
<arg>TZ</arg>
<arg>UA</arg>
<arg>UG</arg>
<arg>UM</arg>
<arg>US</arg>
<arg>UY</arg>
<arg>UZ</arg>
<arg>VA</arg>
<arg>VC</arg>
<arg>VE</arg>
<arg>VG</arg>
<arg>VI</arg>
<arg>VN</arg>
<arg>VU</arg>
<arg>WF</arg>
<arg>WS</arg>
<arg>XK</arg>
<arg>YE</arg>
<arg>YT</arg>
<arg>ZA</arg>
<arg>ZM</arg>
<arg>ZW</arg>
<doc>Returns a list containing given items.</doc>
<status status="PASS" start="2024-05-22T21:15:54.488461" elapsed="0.000620"/>
</kw>
<kw name="List Should Contain Value" owner="Collections">
<msg time="2024-05-22T21:15:54.490083" level="INFO">False</msg>
<arg>${list_country}</arg>
<arg>${name_country}</arg>
<doc>Fails if the ``value`` is not found from ``list``.</doc>
<status status="PASS" start="2024-05-22T21:15:54.489877" elapsed="0.000242"/>
</kw>
<kw name="Run Keyword If" owner="BuiltIn">
<kw name="Should Be True" owner="BuiltIn">
<arg>${True}</arg>
<doc>Fails if the given condition is not true.</doc>
<status status="PASS" start="2024-05-22T21:15:54.491209" elapsed="0.000146"/>
</kw>
<arg>${json_data["results"][0]["location"]["coordinates"]["latitude"]} &gt;= -90 and ${json_data["results"][0]["location"]["coordinates"]["latitude"]} &lt;= 90</arg>
<arg>Should Be True</arg>
<arg>${True}</arg>
<doc>Runs the given keyword with the given arguments, if ``condition`` is true.</doc>
<status status="PASS" start="2024-05-22T21:15:54.490428" elapsed="0.001053"/>
</kw>
<kw name="Run Keyword If" owner="BuiltIn">
<kw name="Should Be True" owner="BuiltIn">
<arg>${True}</arg>
<doc>Fails if the given condition is not true.</doc>
<status status="PASS" start="2024-05-22T21:15:54.492370" elapsed="0.000249"/>
</kw>
<arg>${json_data["results"][0]["location"]["coordinates"]["longitude"]} &gt;= -180 and ${json_data["results"][0]["location"]["coordinates"]["longitude"]} &lt;= 180</arg>
<arg>Should Be True</arg>
<arg>${True}</arg>
<doc>Runs the given keyword with the given arguments, if ``condition`` is true.</doc>
<status status="PASS" start="2024-05-22T21:15:54.491666" elapsed="0.001080"/>
</kw>
<status status="PASS" start="2024-05-22T21:15:54.391413" elapsed="0.101465"/>
</kw>
<doc>Testa o conteúdo específico dos campos retornados pela API.</doc>
<tag>testeConteudo</tag>
<status status="PASS" start="2024-05-22T21:15:54.390755" elapsed="0.102271"/>
</test>
<status status="PASS" start="2024-05-22T21:15:53.602659" elapsed="0.892323"/>
</suite>
<status status="PASS" start="2024-05-22T21:15:53.589196" elapsed="0.914762"/>
</suite>
<statistics>
<total>
<stat pass="5" fail="0" skip="0">All Tests</stat>
</total>
<tag>
<stat pass="1" fail="0" skip="0">testeConteudo</stat>
<stat pass="1" fail="0" skip="0">testeEstruturaResposta</stat>
<stat pass="1" fail="0" skip="0">testeRequisicaoBasica</stat>
<stat pass="1" fail="0" skip="0">testeTiposDados</stat>
</tag>
<suite>
<stat pass="5" fail="0" skip="0" id="s1" name="Tests">Tests</stat>
<stat pass="5" fail="0" skip="0" id="s1-s1" name="Random-User-Test">Tests.Random-User-Test</stat>
</suite>
</statistics>
<errors>
</errors>
</robot>
