<?xml version="1.0" encoding="UTF-8"?>
<robot generator="Robot 7.0 (Python 3.12.3 on linux)" generated="2024-05-27T06:21:09.890723" rpa="false" schemaversion="5">
<suite id="s1" name="Tests" source="/home/runner/work/ApiRandomUser/ApiRandomUser/RamdonUser/tests">
<suite id="s1-s1" name="Random-User-Test" source="/home/runner/work/ApiRandomUser/ApiRandomUser/RamdonUser/tests/random-user-test.robot">
<test id="s1-s1-t1" name="Conectar" line="13">
<kw name="Conectar API" owner="random-user-service">
<kw name="Create Session" owner="RequestsLibrary">
<msg time="2024-05-27T06:21:10.299368" level="INFO">Creating Session using : alias=consultarAPI, url=https://randomuser.me/, headers={},                     cookies={}, auth=None, timeout=None, proxies=None, verify=False,                     debug=0 </msg>
<arg>consultarAPI</arg>
<arg>${URL}</arg>
<doc>Create Session: create a HTTP session to a server</doc>
<status status="PASS" start="2024-05-27T06:21:10.299156" elapsed="0.000392"/>
</kw>
<status status="PASS" start="2024-05-27T06:21:10.298157" elapsed="0.001745"/>
</kw>
<status status="PASS" start="2024-05-27T06:21:10.297626" elapsed="0.002473"/>
</test>
<test id="s1-s1-t2" name="Validar retorno 200 e JSON Válido" line="16">
<kw name="Teste de Requisicao Basica" owner="random-user-service">
<kw name="GET On Session" owner="RequestsLibrary">
<msg time="2024-05-27T06:21:10.487121" level="INFO">GET Request : url=https://randomuser.me/api 
 path_url=/api 
 headers={'User-Agent': 'python-requests/2.32.2', 'Accept-Encoding': 'gzip, deflate', 'Accept': '*/*', 'Connection': 'keep-alive'} 
 body=None 
 </msg>
<msg time="2024-05-27T06:21:10.487263" level="INFO">GET Response : url=https://randomuser.me/api 
 status=200, reason=OK 
 headers={'Date': 'Mon, 27 May 2024 06:21:10 GMT', 'Content-Type': 'application/json; charset=utf-8', 'Transfer-Encoding': 'chunked', 'Connection': 'keep-alive', 'X-Powered-By': 'Express', 'Access-Control-Allow-Origin': '*', 'Cache-Control': 'no-cache', 'ETag': 'W/"47b-t1a8OMNexwKoDQBsDsLQLkGXgMM"', 'Vary': 'Accept-Encoding', 'Content-Encoding': 'gzip', 'CF-Cache-Status': 'DYNAMIC', 'Report-To': '{"endpoints":[{"url":"https:\\/\\/a.nel.cloudflare.com\\/report\\/v4?s=OjrtApaHxw%2BU8vyykKEuGTqJO44DU7DgiWakZP%2FVlY%2BoM5%2Bj3uMGpSRhQ1yV6O3O9c05oL7vkf%2BsnUdkcxZyk2BgzMhLXWpo8CtMufmql5d9ojy0Sb5dyUCNca8XOCrP"}],"group":"cf-nel","max_age":604800}', 'NEL': '{"success_fraction":0,"report_to":"cf-nel","max_age":604800}', 'Server': 'cloudflare', 'CF-RAY': '88a3e73c4c6d9c25-IAD', 'alt-svc': 'h3=":443"; ma=86400'} 
 body={"results":[{"gender":"female","name":{"title":"Miss","first":"Aino","last":"Mikkola"},"location":{"street":{"number":5881,"name":"Myllypuronkatu"},"city":"Kihniö","state":"Åland","country":"Finland","postcode":21349,"coordinates":{"latitude":"-28.7774","longitude":"166.4659"},"timezone":{"offset":"-10:00","description":"Hawaii"}},"email":"aino.mikkola@example.com","login":{"uuid":"0921964f-246e-47b5-b824-8f6da7d22aa7","username":"crazylion973","password":"beemer","salt":"rA4CRtCI","md5":"a0b2f249e74ce9080815a787f5d5e4ff","sha1":"35c84e91eb213df730d087f0118d6e03009dc7df","sha256":"9055f5f01b7cf388ccf962d855534aacbf410ebf2dbb3e0067aff6d110624fca"},"dob":{"date":"1968-09-29T00:56:47.728Z","age":55},"registered":{"date":"2019-10-25T18:21:45.521Z","age":4},"phone":"05-811-664","cell":"040-315-85-68","id":{"name":"HETU","value":"NaNNA948undefined"},"picture":{"large":"https://randomuser.me/api/portraits/women/66.jpg","medium":"https://randomuser.me/api/portraits/med/women/66.jpg","thumbnail":"https://randomuser.me/api/portraits/thumb/women/66.jpg"},"nat":"FI"}],"info":{"seed":"55bbeb3528ddd81c","results":1,"page":1,"version":"1.4"}} 
 </msg>
<msg time="2024-05-27T06:21:10.487342" level="INFO">/opt/hostedtoolcache/Python/3.12.3/x64/lib/python3.12/site-packages/urllib3/connectionpool.py:1103: InsecureRequestWarning: Unverified HTTPS request is being made to host 'randomuser.me'. Adding certificate verification is strongly advised. See: https://urllib3.readthedocs.io/en/latest/advanced-usage.html#tls-warnings
  warnings.warn(</msg>
<msg time="2024-05-27T06:21:10.487490" level="INFO">${response} = &lt;Response [200]&gt;</msg>
<var>${response}</var>
<arg>consultarAPI</arg>
<arg>/api</arg>
<doc>Sends a GET request on a previously created HTTP Session.</doc>
<status status="PASS" start="2024-05-27T06:21:10.302689" elapsed="0.184842"/>
</kw>
<kw name="Should Be Equal As Numbers" owner="BuiltIn">
<msg time="2024-05-27T06:21:10.488440" level="INFO">Argument types are:
&lt;class 'int'&gt;
&lt;class 'str'&gt;</msg>
<arg>${response.status_code}</arg>
<arg>200</arg>
<doc>Fails if objects are unequal after converting them to real numbers.</doc>
<status status="PASS" start="2024-05-27T06:21:10.488005" elapsed="0.000500"/>
</kw>
<kw name="Log" owner="BuiltIn">
<msg time="2024-05-27T06:21:10.489225" level="INFO">200</msg>
<arg>${response.status_code}</arg>
<doc>Logs the given message with the given level.</doc>
<status status="PASS" start="2024-05-27T06:21:10.488872" elapsed="0.000400"/>
</kw>
<kw name="Set Variable" owner="BuiltIn">
<msg time="2024-05-27T06:21:10.490009" level="INFO">${json_data} = {'results': [{'gender': 'female', 'name': {'title': 'Miss', 'first': 'Aino', 'last': 'Mikkola'}, 'location': {'street': {'number': 5881, 'name': 'Myllypuronkatu'}, 'city': 'Kihniö', 'state': 'Åland', ...</msg>
<var>${json_data}</var>
<arg>${response.json()}</arg>
<doc>Returns the given values which can then be assigned to a variables.</doc>
<status status="PASS" start="2024-05-27T06:21:10.489576" elapsed="0.000462"/>
</kw>
<kw name="Dictionary Should Contain Key" owner="Collections">
<msg time="2024-05-27T06:21:10.490518" level="INFO">False</msg>
<arg>${json_data}</arg>
<arg>results</arg>
<doc>Fails if ``key`` is not found from ``dictionary``.</doc>
<status status="PASS" start="2024-05-27T06:21:10.490351" elapsed="0.000205"/>
</kw>
<status status="PASS" start="2024-05-27T06:21:10.302434" elapsed="0.188385"/>
</kw>
<doc>Testa se a API responde corretamente e retorna um objeto JSON válido.</doc>
<tag>testeRequisicaoBasica</tag>
<status status="PASS" start="2024-05-27T06:21:10.301966" elapsed="0.189058"/>
</test>
<test id="s1-s1-t3" name="Validar estrutura de resposta" line="22">
<kw name="Teste de Estrutura de Resposta" owner="random-user-service">
<kw name="GET On Session" owner="RequestsLibrary">
<msg time="2024-05-27T06:21:10.580814" level="INFO">GET Request : url=https://randomuser.me/api 
 path_url=/api 
 headers={'User-Agent': 'python-requests/2.32.2', 'Accept-Encoding': 'gzip, deflate', 'Accept': '*/*', 'Connection': 'keep-alive'} 
 body=None 
 </msg>
<msg time="2024-05-27T06:21:10.580890" level="INFO">GET Response : url=https://randomuser.me/api 
 status=200, reason=OK 
 headers={'Date': 'Mon, 27 May 2024 06:21:10 GMT', 'Content-Type': 'application/json; charset=utf-8', 'Transfer-Encoding': 'chunked', 'Connection': 'keep-alive', 'X-Powered-By': 'Express', 'Access-Control-Allow-Origin': '*', 'Cache-Control': 'no-cache', 'ETag': 'W/"480-h0CCnBWHPvf0pKINt67QCUq6iog"', 'Vary': 'Accept-Encoding', 'Content-Encoding': 'gzip', 'CF-Cache-Status': 'DYNAMIC', 'Report-To': '{"endpoints":[{"url":"https:\\/\\/a.nel.cloudflare.com\\/report\\/v4?s=ERgv9%2BP8%2FertnLSY5KWu4LPn0Ltb6OgUBUSwojYp1X8u6vPKeNBb9v9DXChg%2B%2F7e%2BYQDaHaYr81F%2FcDXxoxgggFGzxIloZ4fQ5tC9gkyxWQWFonS7ak3fKg%2BE5%2F%2B3KEp"}],"group":"cf-nel","max_age":604800}', 'NEL': '{"success_fraction":0,"report_to":"cf-nel","max_age":604800}', 'Server': 'cloudflare', 'CF-RAY': '88a3e73c9cb19c25-IAD', 'alt-svc': 'h3=":443"; ma=86400'} 
 body={"results":[{"gender":"female","name":{"title":"Miss","first":"سارا","last":"حسینی"},"location":{"street":{"number":7277,"name":"میدان رسالت"},"city":"شیراز","state":"هرمزگان","country":"Iran","postcode":53868,"coordinates":{"latitude":"20.6718","longitude":"27.2204"},"timezone":{"offset":"+4:30","description":"Kabul"}},"email":"sr.hsyny@example.com","login":{"uuid":"714abb9b-7755-402c-b96f-10f566140388","username":"yellowbutterfly111","password":"gunners","salt":"BvucjW8J","md5":"cd1ad9df779608195f0143c8e6115c1b","sha1":"4a5450025eaf7c5327a4d0a99a90b57255267aea","sha256":"a51800a67085f97703cdc723d1b2344af641151cc373aad6bb98501f65520830"},"dob":{"date":"2001-01-30T15:19:22.222Z","age":23},"registered":{"date":"2009-03-14T13:47:45.825Z","age":15},"phone":"040-20255484","cell":"0900-074-0757","id":{"name":"","value":null},"picture":{"large":"https://randomuser.me/api/portraits/women/39.jpg","medium":"https://randomuser.me/api/portraits/med/women/39.jpg","thumbnail":"https://randomuser.me/api/portraits/thumb/women/39.jpg"},"nat":"IR"}],"info":{"seed":"ffbe8589b7adcb5a","results":1,"page":1,"version":"1.4"}} 
 </msg>
<msg time="2024-05-27T06:21:10.580990" level="INFO">/opt/hostedtoolcache/Python/3.12.3/x64/lib/python3.12/site-packages/urllib3/connectionpool.py:1103: InsecureRequestWarning: Unverified HTTPS request is being made to host 'randomuser.me'. Adding certificate verification is strongly advised. See: https://urllib3.readthedocs.io/en/latest/advanced-usage.html#tls-warnings
  warnings.warn(</msg>
<msg time="2024-05-27T06:21:10.581110" level="INFO">${response} = &lt;Response [200]&gt;</msg>
<var>${response}</var>
<arg>consultarAPI</arg>
<arg>/api</arg>
<doc>Sends a GET request on a previously created HTTP Session.</doc>
<status status="PASS" start="2024-05-27T06:21:10.493717" elapsed="0.087432"/>
</kw>
<kw name="Set Variable" owner="BuiltIn">
<msg time="2024-05-27T06:21:10.582012" level="INFO">${json_data} = {'results': [{'gender': 'female', 'name': {'title': 'Miss', 'first': 'سارا', 'last': 'حسینی'}, 'location': {'street': {'number': 7277, 'name': 'میدان رسالت'}, 'city': 'شیراز', 'state': 'هرمزگان', 'cou...</msg>
<var>${json_data}</var>
<arg>${response.json()}</arg>
<doc>Returns the given values which can then be assigned to a variables.</doc>
<status status="PASS" start="2024-05-27T06:21:10.581533" elapsed="0.000510"/>
</kw>
<kw name="Log" owner="BuiltIn">
<msg time="2024-05-27T06:21:10.582513" level="INFO">{'results': [{'gender': 'female', 'name': {'title': 'Miss', 'first': 'سارا', 'last': 'حسینی'}, 'location': {'street': {'number': 7277, 'name': 'میدان رسالت'}, 'city': 'شیراز', 'state': 'هرمزگان', 'country': 'Iran', 'postcode': 53868, 'coordinates': {'latitude': '20.6718', 'longitude': '27.2204'}, 'timezone': {'offset': '+4:30', 'description': 'Kabul'}}, 'email': 'sr.hsyny@example.com', 'login': {'uuid': '714abb9b-7755-402c-b96f-10f566140388', 'username': 'yellowbutterfly111', 'password': 'gunners', 'salt': 'BvucjW8J', 'md5': 'cd1ad9df779608195f0143c8e6115c1b', 'sha1': '4a5450025eaf7c5327a4d0a99a90b57255267aea', 'sha256': 'a51800a67085f97703cdc723d1b2344af641151cc373aad6bb98501f65520830'}, 'dob': {'date': '2001-01-30T15:19:22.222Z', 'age': 23}, 'registered': {'date': '2009-03-14T13:47:45.825Z', 'age': 15}, 'phone': '040-20255484', 'cell': '0900-074-0757', 'id': {'name': '', 'value': None}, 'picture': {'large': 'https://randomuser.me/api/portraits/women/39.jpg', 'medium': 'https://randomuser.me/api/portraits/med/women/39.jpg', 'thumbnail': 'https://randomuser.me/api/portraits/thumb/women/39.jpg'}, 'nat': 'IR'}], 'info': {'seed': 'ffbe8589b7adcb5a', 'results': 1, 'page': 1, 'version': '1.4'}}</msg>
<arg>${json_data}</arg>
<doc>Logs the given message with the given level.</doc>
<status status="PASS" start="2024-05-27T06:21:10.582353" elapsed="0.000214"/>
</kw>
<kw name="Dictionary Should Contain Key" owner="Collections">
<msg time="2024-05-27T06:21:10.583041" level="INFO">False</msg>
<arg>${json_data}</arg>
<arg>results</arg>
<doc>Fails if ``key`` is not found from ``dictionary``.</doc>
<status status="PASS" start="2024-05-27T06:21:10.582862" elapsed="0.000218"/>
</kw>
<kw name="Should Not Be Empty" owner="BuiltIn">
<msg time="2024-05-27T06:21:10.583513" level="INFO">Length is 2.</msg>
<arg>${json_data}</arg>
<doc>Verifies that the given item is not empty.</doc>
<status status="PASS" start="2024-05-27T06:21:10.583376" elapsed="0.000175"/>
</kw>
<kw name="Create List" owner="BuiltIn">
<msg time="2024-05-27T06:21:10.584159" level="INFO">${expected_keys} = ['gender', 'name', 'location', 'email', 'login']</msg>
<var>${expected_keys}</var>
<arg>gender</arg>
<arg>name</arg>
<arg>location</arg>
<arg>email</arg>
<arg>login</arg>
<doc>Returns a list containing given items.</doc>
<status status="PASS" start="2024-05-27T06:21:10.583841" elapsed="0.000343"/>
</kw>
<for flavor="IN">
<iter>
<kw name="Dictionary Should Contain Key" owner="Collections">
<msg time="2024-05-27T06:21:10.585165" level="INFO">False</msg>
<arg>${json_data['results'][0]}</arg>
<arg>${key}</arg>
<doc>Fails if ``key`` is not found from ``dictionary``.</doc>
<status status="PASS" start="2024-05-27T06:21:10.584765" elapsed="0.000440"/>
</kw>
<kw name="Log" owner="BuiltIn">
<msg time="2024-05-27T06:21:10.585895" level="INFO">{'gender': 'female', 'name': {'title': 'Miss', 'first': 'سارا', 'last': 'حسینی'}, 'location': {'street': {'number': 7277, 'name': 'میدان رسالت'}, 'city': 'شیراز', 'state': 'هرمزگان', 'country': 'Iran', 'postcode': 53868, 'coordinates': {'latitude': '20.6718', 'longitude': '27.2204'}, 'timezone': {'offset': '+4:30', 'description': 'Kabul'}}, 'email': 'sr.hsyny@example.com', 'login': {'uuid': '714abb9b-7755-402c-b96f-10f566140388', 'username': 'yellowbutterfly111', 'password': 'gunners', 'salt': 'BvucjW8J', 'md5': 'cd1ad9df779608195f0143c8e6115c1b', 'sha1': '4a5450025eaf7c5327a4d0a99a90b57255267aea', 'sha256': 'a51800a67085f97703cdc723d1b2344af641151cc373aad6bb98501f65520830'}, 'dob': {'date': '2001-01-30T15:19:22.222Z', 'age': 23}, 'registered': {'date': '2009-03-14T13:47:45.825Z', 'age': 15}, 'phone': '040-20255484', 'cell': '0900-074-0757', 'id': {'name': '', 'value': None}, 'picture': {'large': 'https://randomuser.me/api/portraits/women/39.jpg', 'medium': 'https://randomuser.me/api/portraits/med/women/39.jpg', 'thumbnail': 'https://randomuser.me/api/portraits/thumb/women/39.jpg'}, 'nat': 'IR'}</msg>
<arg>${json_data['results'][0]}</arg>
<doc>Logs the given message with the given level.</doc>
<status status="PASS" start="2024-05-27T06:21:10.585514" elapsed="0.000441"/>
</kw>
<kw name="Log" owner="BuiltIn">
<msg time="2024-05-27T06:21:10.586396" level="INFO">gender</msg>
<arg>${key}</arg>
<doc>Logs the given message with the given level.</doc>
<status status="PASS" start="2024-05-27T06:21:10.586267" elapsed="0.000166"/>
</kw>
<var name="${key}">gender</var>
<status status="PASS" start="2024-05-27T06:21:10.584639" elapsed="0.002010"/>
</iter>
<iter>
<kw name="Dictionary Should Contain Key" owner="Collections">
<msg time="2024-05-27T06:21:10.587376" level="INFO">False</msg>
<arg>${json_data['results'][0]}</arg>
<arg>${key}</arg>
<doc>Fails if ``key`` is not found from ``dictionary``.</doc>
<status status="PASS" start="2024-05-27T06:21:10.586951" elapsed="0.000463"/>
</kw>
<kw name="Log" owner="BuiltIn">
<msg time="2024-05-27T06:21:10.588106" level="INFO">{'gender': 'female', 'name': {'title': 'Miss', 'first': 'سارا', 'last': 'حسینی'}, 'location': {'street': {'number': 7277, 'name': 'میدان رسالت'}, 'city': 'شیراز', 'state': 'هرمزگان', 'country': 'Iran', 'postcode': 53868, 'coordinates': {'latitude': '20.6718', 'longitude': '27.2204'}, 'timezone': {'offset': '+4:30', 'description': 'Kabul'}}, 'email': 'sr.hsyny@example.com', 'login': {'uuid': '714abb9b-7755-402c-b96f-10f566140388', 'username': 'yellowbutterfly111', 'password': 'gunners', 'salt': 'BvucjW8J', 'md5': 'cd1ad9df779608195f0143c8e6115c1b', 'sha1': '4a5450025eaf7c5327a4d0a99a90b57255267aea', 'sha256': 'a51800a67085f97703cdc723d1b2344af641151cc373aad6bb98501f65520830'}, 'dob': {'date': '2001-01-30T15:19:22.222Z', 'age': 23}, 'registered': {'date': '2009-03-14T13:47:45.825Z', 'age': 15}, 'phone': '040-20255484', 'cell': '0900-074-0757', 'id': {'name': '', 'value': None}, 'picture': {'large': 'https://randomuser.me/api/portraits/women/39.jpg', 'medium': 'https://randomuser.me/api/portraits/med/women/39.jpg', 'thumbnail': 'https://randomuser.me/api/portraits/thumb/women/39.jpg'}, 'nat': 'IR'}</msg>
<arg>${json_data['results'][0]}</arg>
<doc>Logs the given message with the given level.</doc>
<status status="PASS" start="2024-05-27T06:21:10.587739" elapsed="0.000418"/>
</kw>
<kw name="Log" owner="BuiltIn">
<msg time="2024-05-27T06:21:10.588588" level="INFO">name</msg>
<arg>${key}</arg>
<doc>Logs the given message with the given level.</doc>
<status status="PASS" start="2024-05-27T06:21:10.588458" elapsed="0.000167"/>
</kw>
<var name="${key}">name</var>
<status status="PASS" start="2024-05-27T06:21:10.586835" elapsed="0.002016"/>
</iter>
<iter>
<kw name="Dictionary Should Contain Key" owner="Collections">
<msg time="2024-05-27T06:21:10.589517" level="INFO">False</msg>
<arg>${json_data['results'][0]}</arg>
<arg>${key}</arg>
<doc>Fails if ``key`` is not found from ``dictionary``.</doc>
<status status="PASS" start="2024-05-27T06:21:10.589142" elapsed="0.000412"/>
</kw>
<kw name="Log" owner="BuiltIn">
<msg time="2024-05-27T06:21:10.590211" level="INFO">{'gender': 'female', 'name': {'title': 'Miss', 'first': 'سارا', 'last': 'حسینی'}, 'location': {'street': {'number': 7277, 'name': 'میدان رسالت'}, 'city': 'شیراز', 'state': 'هرمزگان', 'country': 'Iran', 'postcode': 53868, 'coordinates': {'latitude': '20.6718', 'longitude': '27.2204'}, 'timezone': {'offset': '+4:30', 'description': 'Kabul'}}, 'email': 'sr.hsyny@example.com', 'login': {'uuid': '714abb9b-7755-402c-b96f-10f566140388', 'username': 'yellowbutterfly111', 'password': 'gunners', 'salt': 'BvucjW8J', 'md5': 'cd1ad9df779608195f0143c8e6115c1b', 'sha1': '4a5450025eaf7c5327a4d0a99a90b57255267aea', 'sha256': 'a51800a67085f97703cdc723d1b2344af641151cc373aad6bb98501f65520830'}, 'dob': {'date': '2001-01-30T15:19:22.222Z', 'age': 23}, 'registered': {'date': '2009-03-14T13:47:45.825Z', 'age': 15}, 'phone': '040-20255484', 'cell': '0900-074-0757', 'id': {'name': '', 'value': None}, 'picture': {'large': 'https://randomuser.me/api/portraits/women/39.jpg', 'medium': 'https://randomuser.me/api/portraits/med/women/39.jpg', 'thumbnail': 'https://randomuser.me/api/portraits/thumb/women/39.jpg'}, 'nat': 'IR'}</msg>
<arg>${json_data['results'][0]}</arg>
<doc>Logs the given message with the given level.</doc>
<status status="PASS" start="2024-05-27T06:21:10.589849" elapsed="0.000413"/>
</kw>
<kw name="Log" owner="BuiltIn">
<msg time="2024-05-27T06:21:10.590697" level="INFO">location</msg>
<arg>${key}</arg>
<doc>Logs the given message with the given level.</doc>
<status status="PASS" start="2024-05-27T06:21:10.590569" elapsed="0.000165"/>
</kw>
<var name="${key}">location</var>
<status status="PASS" start="2024-05-27T06:21:10.589030" elapsed="0.001925"/>
</iter>
<iter>
<kw name="Dictionary Should Contain Key" owner="Collections">
<msg time="2024-05-27T06:21:10.591667" level="INFO">False</msg>
<arg>${json_data['results'][0]}</arg>
<arg>${key}</arg>
<doc>Fails if ``key`` is not found from ``dictionary``.</doc>
<status status="PASS" start="2024-05-27T06:21:10.591276" elapsed="0.000428"/>
</kw>
<kw name="Log" owner="BuiltIn">
<msg time="2024-05-27T06:21:10.592362" level="INFO">{'gender': 'female', 'name': {'title': 'Miss', 'first': 'سارا', 'last': 'حسینی'}, 'location': {'street': {'number': 7277, 'name': 'میدان رسالت'}, 'city': 'شیراز', 'state': 'هرمزگان', 'country': 'Iran', 'postcode': 53868, 'coordinates': {'latitude': '20.6718', 'longitude': '27.2204'}, 'timezone': {'offset': '+4:30', 'description': 'Kabul'}}, 'email': 'sr.hsyny@example.com', 'login': {'uuid': '714abb9b-7755-402c-b96f-10f566140388', 'username': 'yellowbutterfly111', 'password': 'gunners', 'salt': 'BvucjW8J', 'md5': 'cd1ad9df779608195f0143c8e6115c1b', 'sha1': '4a5450025eaf7c5327a4d0a99a90b57255267aea', 'sha256': 'a51800a67085f97703cdc723d1b2344af641151cc373aad6bb98501f65520830'}, 'dob': {'date': '2001-01-30T15:19:22.222Z', 'age': 23}, 'registered': {'date': '2009-03-14T13:47:45.825Z', 'age': 15}, 'phone': '040-20255484', 'cell': '0900-074-0757', 'id': {'name': '', 'value': None}, 'picture': {'large': 'https://randomuser.me/api/portraits/women/39.jpg', 'medium': 'https://randomuser.me/api/portraits/med/women/39.jpg', 'thumbnail': 'https://randomuser.me/api/portraits/thumb/women/39.jpg'}, 'nat': 'IR'}</msg>
<arg>${json_data['results'][0]}</arg>
<doc>Logs the given message with the given level.</doc>
<status status="PASS" start="2024-05-27T06:21:10.591999" elapsed="0.000413"/>
</kw>
<kw name="Log" owner="BuiltIn">
<msg time="2024-05-27T06:21:10.592837" level="INFO">email</msg>
<arg>${key}</arg>
<doc>Logs the given message with the given level.</doc>
<status status="PASS" start="2024-05-27T06:21:10.592710" elapsed="0.000164"/>
</kw>
<var name="${key}">email</var>
<status status="PASS" start="2024-05-27T06:21:10.591158" elapsed="0.001926"/>
</iter>
<iter>
<kw name="Dictionary Should Contain Key" owner="Collections">
<msg time="2024-05-27T06:21:10.593743" level="INFO">False</msg>
<arg>${json_data['results'][0]}</arg>
<arg>${key}</arg>
<doc>Fails if ``key`` is not found from ``dictionary``.</doc>
<status status="PASS" start="2024-05-27T06:21:10.593361" elapsed="0.000419"/>
</kw>
<kw name="Log" owner="BuiltIn">
<msg time="2024-05-27T06:21:10.594438" level="INFO">{'gender': 'female', 'name': {'title': 'Miss', 'first': 'سارا', 'last': 'حسینی'}, 'location': {'street': {'number': 7277, 'name': 'میدان رسالت'}, 'city': 'شیراز', 'state': 'هرمزگان', 'country': 'Iran', 'postcode': 53868, 'coordinates': {'latitude': '20.6718', 'longitude': '27.2204'}, 'timezone': {'offset': '+4:30', 'description': 'Kabul'}}, 'email': 'sr.hsyny@example.com', 'login': {'uuid': '714abb9b-7755-402c-b96f-10f566140388', 'username': 'yellowbutterfly111', 'password': 'gunners', 'salt': 'BvucjW8J', 'md5': 'cd1ad9df779608195f0143c8e6115c1b', 'sha1': '4a5450025eaf7c5327a4d0a99a90b57255267aea', 'sha256': 'a51800a67085f97703cdc723d1b2344af641151cc373aad6bb98501f65520830'}, 'dob': {'date': '2001-01-30T15:19:22.222Z', 'age': 23}, 'registered': {'date': '2009-03-14T13:47:45.825Z', 'age': 15}, 'phone': '040-20255484', 'cell': '0900-074-0757', 'id': {'name': '', 'value': None}, 'picture': {'large': 'https://randomuser.me/api/portraits/women/39.jpg', 'medium': 'https://randomuser.me/api/portraits/med/women/39.jpg', 'thumbnail': 'https://randomuser.me/api/portraits/thumb/women/39.jpg'}, 'nat': 'IR'}</msg>
<arg>${json_data['results'][0]}</arg>
<doc>Logs the given message with the given level.</doc>
<status status="PASS" start="2024-05-27T06:21:10.594070" elapsed="0.000418"/>
</kw>
<kw name="Log" owner="BuiltIn">
<msg time="2024-05-27T06:21:10.594917" level="INFO">login</msg>
<arg>${key}</arg>
<doc>Logs the given message with the given level.</doc>
<status status="PASS" start="2024-05-27T06:21:10.594790" elapsed="0.000165"/>
</kw>
<var name="${key}">login</var>
<status status="PASS" start="2024-05-27T06:21:10.593251" elapsed="0.001939"/>
</iter>
<var>${key}</var>
<value>@{expected_keys}</value>
<status status="PASS" start="2024-05-27T06:21:10.584445" elapsed="0.010901"/>
</for>
<kw name="Create List" owner="BuiltIn">
<msg time="2024-05-27T06:21:10.595684" level="INFO">${expected_keysTwo} = ['username', 'password']</msg>
<var>${expected_keysTwo}</var>
<arg>username</arg>
<arg>password</arg>
<doc>Returns a list containing given items.</doc>
<status status="PASS" start="2024-05-27T06:21:10.595546" elapsed="0.000161"/>
</kw>
<for flavor="IN">
<iter>
<kw name="Dictionary Should Contain Key" owner="Collections">
<msg time="2024-05-27T06:21:10.596585" level="INFO">False</msg>
<arg>${json_data['results'][0]['login']}</arg>
<arg>${keyTwo}</arg>
<doc>Fails if ``key`` is not found from ``dictionary``.</doc>
<status status="PASS" start="2024-05-27T06:21:10.596208" elapsed="0.000414"/>
</kw>
<kw name="Dictionary Should Contain Key" owner="Collections">
<msg time="2024-05-27T06:21:10.597300" level="INFO">False</msg>
<arg>${json_data['results'][0]['login']}</arg>
<arg>${keyTwo}</arg>
<doc>Fails if ``key`` is not found from ``dictionary``.</doc>
<status status="PASS" start="2024-05-27T06:21:10.596920" elapsed="0.000416"/>
</kw>
<kw name="Log" owner="BuiltIn">
<msg time="2024-05-27T06:21:10.597748" level="INFO">username</msg>
<arg>${keyTwo}</arg>
<doc>Logs the given message with the given level.</doc>
<status status="PASS" start="2024-05-27T06:21:10.597624" elapsed="0.000161"/>
</kw>
<var name="${keyTwo}">username</var>
<status status="PASS" start="2024-05-27T06:21:10.596099" elapsed="0.001896"/>
</iter>
<iter>
<kw name="Dictionary Should Contain Key" owner="Collections">
<msg time="2024-05-27T06:21:10.598646" level="INFO">False</msg>
<arg>${json_data['results'][0]['login']}</arg>
<arg>${keyTwo}</arg>
<doc>Fails if ``key`` is not found from ``dictionary``.</doc>
<status status="PASS" start="2024-05-27T06:21:10.598272" elapsed="0.000410"/>
</kw>
<kw name="Dictionary Should Contain Key" owner="Collections">
<msg time="2024-05-27T06:21:10.599442" level="INFO">False</msg>
<arg>${json_data['results'][0]['login']}</arg>
<arg>${keyTwo}</arg>
<doc>Fails if ``key`` is not found from ``dictionary``.</doc>
<status status="PASS" start="2024-05-27T06:21:10.598967" elapsed="0.000514"/>
</kw>
<kw name="Log" owner="BuiltIn">
<msg time="2024-05-27T06:21:10.599925" level="INFO">password</msg>
<arg>${keyTwo}</arg>
<doc>Logs the given message with the given level.</doc>
<status status="PASS" start="2024-05-27T06:21:10.599799" elapsed="0.000163"/>
</kw>
<var name="${keyTwo}">password</var>
<status status="PASS" start="2024-05-27T06:21:10.598160" elapsed="0.002025"/>
</iter>
<var>${keyTwo}</var>
<value>@{expected_keysTwo}</value>
<status status="PASS" start="2024-05-27T06:21:10.595940" elapsed="0.004374"/>
</for>
<status status="PASS" start="2024-05-27T06:21:10.493472" elapsed="0.106995"/>
</kw>
<doc>Testa a estrutura da resposta da API.</doc>
<tag>testeEstruturaResposta</tag>
<status status="PASS" start="2024-05-27T06:21:10.492876" elapsed="0.107741"/>
</test>
<test id="s1-s1-t4" name="Validar tipos de dados" line="28">
<kw name="Teste de Tipos de Dados" owner="random-user-service">
<kw name="GET On Session" owner="RequestsLibrary">
<msg time="2024-05-27T06:21:10.681626" level="INFO">GET Request : url=https://randomuser.me/api 
 path_url=/api 
 headers={'User-Agent': 'python-requests/2.32.2', 'Accept-Encoding': 'gzip, deflate', 'Accept': '*/*', 'Connection': 'keep-alive'} 
 body=None 
 </msg>
<msg time="2024-05-27T06:21:10.681706" level="INFO">GET Response : url=https://randomuser.me/api 
 status=200, reason=OK 
 headers={'Date': 'Mon, 27 May 2024 06:21:10 GMT', 'Content-Type': 'application/json; charset=utf-8', 'Transfer-Encoding': 'chunked', 'Connection': 'keep-alive', 'X-Powered-By': 'Express', 'Access-Control-Allow-Origin': '*', 'Cache-Control': 'no-cache', 'ETag': 'W/"483-8E65IJgEF4n2h1gAlyfiRfXh+6k"', 'Vary': 'Accept-Encoding', 'Content-Encoding': 'gzip', 'CF-Cache-Status': 'DYNAMIC', 'Report-To': '{"endpoints":[{"url":"https:\\/\\/a.nel.cloudflare.com\\/report\\/v4?s=CcJhibjohndaOxxAUSkolcj%2Bt2qqhQCIYQ048iVhcvYw2g33Xfd6HMbx64%2Bc37xDLmhIfhon3dpDmzNnf6DPyYw2jmRzk8bFp1SSJfTEHGtRlXIWvNkQaVb5jTd9hB%2FW"}],"group":"cf-nel","max_age":604800}', 'NEL': '{"success_fraction":0,"report_to":"cf-nel","max_age":604800}', 'Server': 'cloudflare', 'CF-RAY': '88a3e73d4d419c25-IAD', 'alt-svc': 'h3=":443"; ma=86400'} 
 body={"results":[{"gender":"male","name":{"title":"Mr","first":"رضا","last":"احمدی"},"location":{"street":{"number":1591,"name":"شهید شواخ"},"city":"رشت","state":"اصفهان","country":"Iran","postcode":83630,"coordinates":{"latitude":"20.5520","longitude":"-124.8261"},"timezone":{"offset":"+4:00","description":"Abu Dhabi, Muscat, Baku, Tbilisi"}},"email":"rd.hmdy@example.com","login":{"uuid":"6092761d-c9f9-471c-94eb-9b4b0c9860a4","username":"whiteostrich624","password":"dogfood","salt":"VK9KDdWw","md5":"bcf58069998ed48edbeacda6fdb8cb35","sha1":"111441b664946c77701f39f0168b1dc2e795996d","sha256":"6ea4f2f7b96d47d899190f4528deff829fa8af24a677f2e5b181f40078d79f1c"},"dob":{"date":"1986-12-17T19:10:38.120Z","age":37},"registered":{"date":"2007-05-21T17:48:47.723Z","age":17},"phone":"007-65406366","cell":"0957-886-8972","id":{"name":"","value":null},"picture":{"large":"https://randomuser.me/api/portraits/men/71.jpg","medium":"https://randomuser.me/api/portraits/med/men/71.jpg","thumbnail":"https://randomuser.me/api/portraits/thumb/men/71.jpg"},"nat":"IR"}],"info":{"seed":"97ef3f8af073fb33","results":1,"page":1,"version":"1.4"}} 
 </msg>
<msg time="2024-05-27T06:21:10.681773" level="INFO">/opt/hostedtoolcache/Python/3.12.3/x64/lib/python3.12/site-packages/urllib3/connectionpool.py:1103: InsecureRequestWarning: Unverified HTTPS request is being made to host 'randomuser.me'. Adding certificate verification is strongly advised. See: https://urllib3.readthedocs.io/en/latest/advanced-usage.html#tls-warnings
  warnings.warn(</msg>
<msg time="2024-05-27T06:21:10.681895" level="INFO">${response} = &lt;Response [200]&gt;</msg>
<var>${response}</var>
<arg>consultarAPI</arg>
<arg>/api</arg>
<doc>Sends a GET request on a previously created HTTP Session.</doc>
<status status="PASS" start="2024-05-27T06:21:10.603120" elapsed="0.078814"/>
</kw>
<kw name="Set Variable" owner="BuiltIn">
<msg time="2024-05-27T06:21:10.682864" level="INFO">${json_data} = {'results': [{'gender': 'male', 'name': {'title': 'Mr', 'first': 'رضا', 'last': 'احمدی'}, 'location': {'street': {'number': 1591, 'name': 'شهید شواخ'}, 'city': 'رشت', 'state': 'اصفهان', 'country': 'Ir...</msg>
<var>${json_data}</var>
<arg>${response.json()}</arg>
<doc>Returns the given values which can then be assigned to a variables.</doc>
<status status="PASS" start="2024-05-27T06:21:10.682373" elapsed="0.000521"/>
</kw>
<kw name="Log" owner="BuiltIn">
<msg time="2024-05-27T06:21:10.683387" level="INFO">{'results': [{'gender': 'male', 'name': {'title': 'Mr', 'first': 'رضا', 'last': 'احمدی'}, 'location': {'street': {'number': 1591, 'name': 'شهید شواخ'}, 'city': 'رشت', 'state': 'اصفهان', 'country': 'Iran', 'postcode': 83630, 'coordinates': {'latitude': '20.5520', 'longitude': '-124.8261'}, 'timezone': {'offset': '+4:00', 'description': 'Abu Dhabi, Muscat, Baku, Tbilisi'}}, 'email': 'rd.hmdy@example.com', 'login': {'uuid': '6092761d-c9f9-471c-94eb-9b4b0c9860a4', 'username': 'whiteostrich624', 'password': 'dogfood', 'salt': 'VK9KDdWw', 'md5': 'bcf58069998ed48edbeacda6fdb8cb35', 'sha1': '111441b664946c77701f39f0168b1dc2e795996d', 'sha256': '6ea4f2f7b96d47d899190f4528deff829fa8af24a677f2e5b181f40078d79f1c'}, 'dob': {'date': '1986-12-17T19:10:38.120Z', 'age': 37}, 'registered': {'date': '2007-05-21T17:48:47.723Z', 'age': 17}, 'phone': '007-65406366', 'cell': '0957-886-8972', 'id': {'name': '', 'value': None}, 'picture': {'large': 'https://randomuser.me/api/portraits/men/71.jpg', 'medium': 'https://randomuser.me/api/portraits/med/men/71.jpg', 'thumbnail': 'https://randomuser.me/api/portraits/thumb/men/71.jpg'}, 'nat': 'IR'}], 'info': {'seed': '97ef3f8af073fb33', 'results': 1, 'page': 1, 'version': '1.4'}}</msg>
<arg>${json_data}</arg>
<doc>Logs the given message with the given level.</doc>
<status status="PASS" start="2024-05-27T06:21:10.683229" elapsed="0.000243"/>
</kw>
<kw name="Should Be String" owner="String">
<arg>${json_data['results'][0]['gender']}</arg>
<doc>Fails if the given ``item`` is not a string.</doc>
<status status="PASS" start="2024-05-27T06:21:10.683776" elapsed="0.000362"/>
</kw>
<kw name="Should Match Regexp" owner="BuiltIn">
<arg>${json_data['results'][0]['email']}</arg>
<arg>^[a-zA-Z0-9._%+-]+@[a-zA-Z0-9.-]+\.[a-zA-Z]{2,}$</arg>
<doc>Fails if ``string`` does not match ``pattern`` as a regular expression.</doc>
<status status="PASS" start="2024-05-27T06:21:10.684333" elapsed="0.000525"/>
</kw>
<kw name="Should Match Regexp" owner="BuiltIn">
<arg>${json_data['results'][0]['dob']['date']}</arg>
<arg>\\d{4}-\\d{2}-\\d{2}T\\d{2}:\\d{2}:\\d{2}\\.\\d{3}Z</arg>
<doc>Fails if ``string`` does not match ``pattern`` as a regular expression.</doc>
<status status="PASS" start="2024-05-27T06:21:10.685057" elapsed="0.000483"/>
</kw>
<kw name="Should Match Regexp" owner="BuiltIn">
<arg>${json_data['results'][0]['registered']['date']}</arg>
<arg>\\d{4}-\\d{2}-\\d{2}T\\d{2}:\\d{2}:\\d{2}\\.\\d{3}Z</arg>
<doc>Fails if ``string`` does not match ``pattern`` as a regular expression.</doc>
<status status="PASS" start="2024-05-27T06:21:10.685732" elapsed="0.000366"/>
</kw>
<kw name="Should Match Regexp" owner="BuiltIn">
<arg>${json_data['results'][0]['picture']['large']}</arg>
<arg>^https?://.*\.(?:png|jpe?g|gif|bmp)$</arg>
<doc>Fails if ``string`` does not match ``pattern`` as a regular expression.</doc>
<status status="PASS" start="2024-05-27T06:21:10.686289" elapsed="0.000456"/>
</kw>
<kw name="Should Match Regexp" owner="BuiltIn">
<arg>${json_data['results'][0]['picture']['medium']}</arg>
<arg>^https?://.*\.(?:png|jpe?g|gif|bmp)$</arg>
<doc>Fails if ``string`` does not match ``pattern`` as a regular expression.</doc>
<status status="PASS" start="2024-05-27T06:21:10.686936" elapsed="0.000394"/>
</kw>
<kw name="Should Match Regexp" owner="BuiltIn">
<arg>${json_data['results'][0]['picture']['thumbnail']}</arg>
<arg>^https?://.*\.(?:png|jpe?g|gif|bmp)$</arg>
<doc>Fails if ``string`` does not match ``pattern`` as a regular expression.</doc>
<status status="PASS" start="2024-05-27T06:21:10.687521" elapsed="0.000371"/>
</kw>
<kw name="Log" owner="BuiltIn">
<msg time="2024-05-27T06:21:10.688411" level="INFO">{'large': 'https://randomuser.me/api/portraits/men/71.jpg', 'medium': 'https://randomuser.me/api/portraits/med/men/71.jpg', 'thumbnail': 'https://randomuser.me/api/portraits/thumb/men/71.jpg'}</msg>
<arg>${json_data['results'][0]['picture']}</arg>
<doc>Logs the given message with the given level.</doc>
<status status="PASS" start="2024-05-27T06:21:10.688086" elapsed="0.000366"/>
</kw>
<status status="PASS" start="2024-05-27T06:21:10.602869" elapsed="0.085835"/>
</kw>
<kw name="Teste de Tipos de Dados - Postcode" owner="random-user-service">
<kw name="GET On Session" owner="RequestsLibrary">
<msg time="2024-05-27T06:21:10.782659" level="INFO">GET Request : url=https://randomuser.me/api 
 path_url=/api 
 headers={'User-Agent': 'python-requests/2.32.2', 'Accept-Encoding': 'gzip, deflate', 'Accept': '*/*', 'Connection': 'keep-alive'} 
 body=None 
 </msg>
<msg time="2024-05-27T06:21:10.782727" level="INFO">GET Response : url=https://randomuser.me/api 
 status=200, reason=OK 
 headers={'Date': 'Mon, 27 May 2024 06:21:10 GMT', 'Content-Type': 'application/json; charset=utf-8', 'Transfer-Encoding': 'chunked', 'Connection': 'keep-alive', 'X-Powered-By': 'Express', 'Access-Control-Allow-Origin': '*', 'Cache-Control': 'no-cache', 'ETag': 'W/"48c-Pa5YncQsXG4LljCLfuqIZxcF3oE"', 'Vary': 'Accept-Encoding', 'Content-Encoding': 'gzip', 'CF-Cache-Status': 'DYNAMIC', 'Report-To': '{"endpoints":[{"url":"https:\\/\\/a.nel.cloudflare.com\\/report\\/v4?s=aZc2qSYccm2dppOjUkXtOqFOwaBkmX2KxknraBzVsgmt8iXC3EGWxXnbfPRP%2FsPYHl08HPvdtdZwqxclwvM8Bo40LF3WXYigesmrNEj%2BsTuNMVp%2F6a1gV30YCs7OPnAC"}],"group":"cf-nel","max_age":604800}', 'NEL': '{"success_fraction":0,"report_to":"cf-nel","max_age":604800}', 'Server': 'cloudflare', 'CF-RAY': '88a3e73dddf19c25-IAD', 'alt-svc': 'h3=":443"; ma=86400'} 
 body={"results":[{"gender":"male","name":{"title":"Monsieur","first":"Albert","last":"Nguyen"},"location":{"street":{"number":3250,"name":"Rue du Cardinal-Gerlier"},"city":"Oberrieden","state":"Zug","country":"Switzerland","postcode":7172,"coordinates":{"latitude":"-57.1150","longitude":"-146.2617"},"timezone":{"offset":"-3:30","description":"Newfoundland"}},"email":"albert.nguyen@example.com","login":{"uuid":"0b45caff-2f0e-4d16-97d9-28cba7e24723","username":"tinymouse215","password":"joanne","salt":"i7c51gAg","md5":"bacb6a89fa8e499bb60b4d1cd4603d4f","sha1":"b1b142dd2e8f8260070baa18c95c4f0ab90b0f58","sha256":"5cdd1326deccfaad3b97dd68f6ca97c1cc6b8866209deb3ef96c437b68f54b36"},"dob":{"date":"1975-09-03T05:32:38.368Z","age":48},"registered":{"date":"2017-11-02T20:58:28.264Z","age":6},"phone":"077 812 41 24","cell":"078 963 67 30","id":{"name":"AVS","value":"756.3049.5203.66"},"picture":{"large":"https://randomuser.me/api/portraits/men/73.jpg","medium":"https://randomuser.me/api/portraits/med/men/73.jpg","thumbnail":"https://randomuser.me/api/portraits/thumb/men/73.jpg"},"nat":"CH"}],"info":{"seed":"8599ebe17bf10732","results":1,"page":1,"version":"1.4"}} 
 </msg>
<msg time="2024-05-27T06:21:10.782781" level="INFO">/opt/hostedtoolcache/Python/3.12.3/x64/lib/python3.12/site-packages/urllib3/connectionpool.py:1103: InsecureRequestWarning: Unverified HTTPS request is being made to host 'randomuser.me'. Adding certificate verification is strongly advised. See: https://urllib3.readthedocs.io/en/latest/advanced-usage.html#tls-warnings
  warnings.warn(</msg>
<msg time="2024-05-27T06:21:10.782885" level="INFO">${response} = &lt;Response [200]&gt;</msg>
<var>${response}</var>
<arg>consultarAPI</arg>
<arg>/api</arg>
<doc>Sends a GET request on a previously created HTTP Session.</doc>
<status status="PASS" start="2024-05-27T06:21:10.689167" elapsed="0.093758"/>
</kw>
<kw name="Set Variable" owner="BuiltIn">
<msg time="2024-05-27T06:21:10.783833" level="INFO">${json_data} = {'results': [{'gender': 'male', 'name': {'title': 'Monsieur', 'first': 'Albert', 'last': 'Nguyen'}, 'location': {'street': {'number': 3250, 'name': 'Rue du Cardinal-Gerlier'}, 'city': 'Oberrieden', 's...</msg>
<var>${json_data}</var>
<arg>${response.json()}</arg>
<doc>Returns the given values which can then be assigned to a variables.</doc>
<status status="PASS" start="2024-05-27T06:21:10.783377" elapsed="0.000491"/>
</kw>
<kw name="Log" owner="BuiltIn">
<msg time="2024-05-27T06:21:10.784339" level="INFO">{'results': [{'gender': 'male', 'name': {'title': 'Monsieur', 'first': 'Albert', 'last': 'Nguyen'}, 'location': {'street': {'number': 3250, 'name': 'Rue du Cardinal-Gerlier'}, 'city': 'Oberrieden', 'state': 'Zug', 'country': 'Switzerland', 'postcode': 7172, 'coordinates': {'latitude': '-57.1150', 'longitude': '-146.2617'}, 'timezone': {'offset': '-3:30', 'description': 'Newfoundland'}}, 'email': 'albert.nguyen@example.com', 'login': {'uuid': '0b45caff-2f0e-4d16-97d9-28cba7e24723', 'username': 'tinymouse215', 'password': 'joanne', 'salt': 'i7c51gAg', 'md5': 'bacb6a89fa8e499bb60b4d1cd4603d4f', 'sha1': 'b1b142dd2e8f8260070baa18c95c4f0ab90b0f58', 'sha256': '5cdd1326deccfaad3b97dd68f6ca97c1cc6b8866209deb3ef96c437b68f54b36'}, 'dob': {'date': '1975-09-03T05:32:38.368Z', 'age': 48}, 'registered': {'date': '2017-11-02T20:58:28.264Z', 'age': 6}, 'phone': '077 812 41 24', 'cell': '078 963 67 30', 'id': {'name': 'AVS', 'value': '756.3049.5203.66'}, 'picture': {'large': 'https://randomuser.me/api/portraits/men/73.jpg', 'medium': 'https://randomuser.me/api/portraits/med/men/73.jpg', 'thumbnail': 'https://randomuser.me/api/portraits/thumb/men/73.jpg'}, 'nat': 'CH'}], 'info': {'seed': '8599ebe17bf10732', 'results': 1, 'page': 1, 'version': '1.4'}}</msg>
<arg>${json_data}</arg>
<doc>Logs the given message with the given level.</doc>
<status status="PASS" start="2024-05-27T06:21:10.784179" elapsed="0.000237"/>
</kw>
<kw name="Should Be Equal As Numbers" owner="BuiltIn">
<arg>${json_data['results'][0]['location']['postcode']}</arg>
<arg>${json_data['results'][0]['location']['postcode']}</arg>
<doc>Fails if objects are unequal after converting them to real numbers.</doc>
<status status="PASS" start="2024-05-27T06:21:10.784717" elapsed="0.000742"/>
</kw>
<kw name="Log" owner="BuiltIn">
<msg time="2024-05-27T06:21:10.785986" level="INFO">7172</msg>
<arg>${json_data['results'][0]['location']['postcode']}</arg>
<doc>Logs the given message with the given level.</doc>
<status status="PASS" start="2024-05-27T06:21:10.785651" elapsed="0.000375"/>
</kw>
<status status="PASS" start="2024-05-27T06:21:10.688927" elapsed="0.097346"/>
</kw>
<doc>Testa se os tipos de dados na resposta da API estão corretos.</doc>
<tag>testeTiposDados</tag>
<status status="PASS" start="2024-05-27T06:21:10.602352" elapsed="0.184083"/>
</test>
<test id="s1-s1-t5" name="Validar conteudo" line="35">
<kw name="Teste de Tipos de Conteudo" owner="random-user-service">
<kw name="GET On Session" owner="RequestsLibrary">
<msg time="2024-05-27T06:21:10.953612" level="INFO">GET Request : url=https://randomuser.me/api 
 path_url=/api 
 headers={'User-Agent': 'python-requests/2.32.2', 'Accept-Encoding': 'gzip, deflate', 'Accept': '*/*', 'Connection': 'keep-alive'} 
 body=None 
 </msg>
<msg time="2024-05-27T06:21:10.953700" level="INFO">GET Response : url=https://randomuser.me/api 
 status=200, reason=OK 
 headers={'Date': 'Mon, 27 May 2024 06:21:10 GMT', 'Content-Type': 'application/json; charset=utf-8', 'Transfer-Encoding': 'chunked', 'Connection': 'keep-alive', 'X-Powered-By': 'Express', 'Access-Control-Allow-Origin': '*', 'Cache-Control': 'no-cache', 'ETag': 'W/"4a3-QYRd0vBcJARXVi1RMeyVFH9WuRw"', 'Vary': 'Accept-Encoding', 'Content-Encoding': 'gzip', 'CF-Cache-Status': 'DYNAMIC', 'Report-To': '{"endpoints":[{"url":"https:\\/\\/a.nel.cloudflare.com\\/report\\/v4?s=CVqZAreQHm5xk1iQ%2B7007fpoMpmJ5QKpib6vbnxJao4JgwZeEp5d8CXawxMeRjmatYPCVwKzH1%2FzcEs6Q5%2F9pkkY0fQ9qj8B2DssHhi9kMUoOpjy1Gb2kr6cw3Vpx%2Flv"}],"group":"cf-nel","max_age":604800}', 'NEL': '{"success_fraction":0,"report_to":"cf-nel","max_age":604800}', 'Server': 'cloudflare', 'CF-RAY': '88a3e73e7e7b9c25-IAD', 'alt-svc': 'h3=":443"; ma=86400'} 
 body={"results":[{"gender":"female","name":{"title":"Miss","first":"Colleen","last":"Elbertsen"},"location":{"street":{"number":8953,"name":"De Veenderij"},"city":"Munstergeleen","state":"Overijssel","country":"Netherlands","postcode":"8407 NB","coordinates":{"latitude":"35.3871","longitude":"97.0748"},"timezone":{"offset":"+4:00","description":"Abu Dhabi, Muscat, Baku, Tbilisi"}},"email":"colleen.elbertsen@example.com","login":{"uuid":"2349e68a-065a-47d7-9d2b-dfeba3fd12aa","username":"sadswan995","password":"bryant","salt":"yuPCYDe3","md5":"fd9c60198b444d7bd48e048ae91c5c5e","sha1":"ee29bf9ea1a2d500d3d0d0410aa394da315056ce","sha256":"0eb463660b53b5abe0667fd46fe777208bfa8b7c9f1ab345c95c09ee056fce6e"},"dob":{"date":"1996-08-01T04:29:00.948Z","age":27},"registered":{"date":"2016-02-25T11:35:00.984Z","age":8},"phone":"(0849) 092481","cell":"(06) 15675761","id":{"name":"BSN","value":"62168257"},"picture":{"large":"https://randomuser.me/api/portraits/women/64.jpg","medium":"https://randomuser.me/api/portraits/med/women/64.jpg","thumbnail":"https://randomuser.me/api/portraits/thumb/women/64.jpg"},"nat":"NL"}],"info":{"seed":"e887694f15bec7c3","results":1,"page":1,"version":"1.4"}} 
 </msg>
<msg time="2024-05-27T06:21:10.953772" level="INFO">/opt/hostedtoolcache/Python/3.12.3/x64/lib/python3.12/site-packages/urllib3/connectionpool.py:1103: InsecureRequestWarning: Unverified HTTPS request is being made to host 'randomuser.me'. Adding certificate verification is strongly advised. See: https://urllib3.readthedocs.io/en/latest/advanced-usage.html#tls-warnings
  warnings.warn(</msg>
<msg time="2024-05-27T06:21:10.953892" level="INFO">${response} = &lt;Response [200]&gt;</msg>
<var>${response}</var>
<arg>consultarAPI</arg>
<arg>/api</arg>
<doc>Sends a GET request on a previously created HTTP Session.</doc>
<status status="PASS" start="2024-05-27T06:21:10.788941" elapsed="0.165006"/>
</kw>
<kw name="Set Variable" owner="BuiltIn">
<msg time="2024-05-27T06:21:10.954953" level="INFO">${json_data} = {'results': [{'gender': 'female', 'name': {'title': 'Miss', 'first': 'Colleen', 'last': 'Elbertsen'}, 'location': {'street': {'number': 8953, 'name': 'De Veenderij'}, 'city': 'Munstergeleen', 'state':...</msg>
<var>${json_data}</var>
<arg>${response.json()}</arg>
<doc>Returns the given values which can then be assigned to a variables.</doc>
<status status="PASS" start="2024-05-27T06:21:10.954413" elapsed="0.000570"/>
</kw>
<kw name="Set Variable" owner="BuiltIn">
<msg time="2024-05-27T06:21:10.955700" level="INFO">${name_title} = Miss</msg>
<var>${name_title}</var>
<arg>${json_data["results"][0]["name"]["title"]}</arg>
<doc>Returns the given values which can then be assigned to a variables.</doc>
<status status="PASS" start="2024-05-27T06:21:10.955321" elapsed="0.000404"/>
</kw>
<kw name="Create List" owner="BuiltIn">
<msg time="2024-05-27T06:21:10.956164" level="INFO">${allowed_titles} = ['Mr', 'Ms', 'Miss', 'Mrs', 'Madame', 'Monsieur']</msg>
<var>${allowed_titles}</var>
<arg>Mr</arg>
<arg>Ms</arg>
<arg>Miss</arg>
<arg>Mrs</arg>
<arg>Madame</arg>
<arg>Monsieur</arg>
<doc>Returns a list containing given items.</doc>
<status status="PASS" start="2024-05-27T06:21:10.956019" elapsed="0.000169"/>
</kw>
<kw name="List Should Contain Value" owner="Collections">
<msg time="2024-05-27T06:21:10.956661" level="INFO">False</msg>
<arg>${allowed_titles}</arg>
<arg>${name_title}</arg>
<doc>Fails if the ``value`` is not found from ``list``.</doc>
<status status="PASS" start="2024-05-27T06:21:10.956485" elapsed="0.000213"/>
</kw>
<kw name="Set Variable" owner="BuiltIn">
<msg time="2024-05-27T06:21:10.957388" level="INFO">${name_country} = NL</msg>
<var>${name_country}</var>
<arg>${json_data["results"][0]["nat"]}</arg>
<doc>Returns the given values which can then be assigned to a variables.</doc>
<status status="PASS" start="2024-05-27T06:21:10.956990" elapsed="0.000424"/>
</kw>
<kw name="Create List" owner="BuiltIn">
<msg time="2024-05-27T06:21:10.958303" level="INFO">${list_country} = ['AD', 'AE', 'AF', 'AG', 'AI', 'AL', 'AM', 'AO', 'AQ', 'AR', 'AS', 'AT', 'AU', 'AW', 'AX', 'AZ', 'BA', 'BB', 'BD', 'BE', 'BF', 'BG', 'BH', 'BI', 'BJ', 'BL', 'BM', 'BN', 'BO', 'BQ', 'BR', 'BS', 'BT', '...</msg>
<var>${list_country}</var>
<arg>AD</arg>
<arg>AE</arg>
<arg>AF</arg>
<arg>AG</arg>
<arg>AI</arg>
<arg>AL</arg>
<arg>AM</arg>
<arg>AO</arg>
<arg>AQ</arg>
<arg>AR</arg>
<arg>AS</arg>
<arg>AT</arg>
<arg>AU</arg>
<arg>AW</arg>
<arg>AX</arg>
<arg>AZ</arg>
<arg>BA</arg>
<arg>BB</arg>
<arg>BD</arg>
<arg>BE</arg>
<arg>BF</arg>
<arg>BG</arg>
<arg>BH</arg>
<arg>BI</arg>
<arg>BJ</arg>
<arg>BL</arg>
<arg>BM</arg>
<arg>BN</arg>
<arg>BO</arg>
<arg>BQ</arg>
<arg>BR</arg>
<arg>BS</arg>
<arg>BT</arg>
<arg>BV</arg>
<arg>BW</arg>
<arg>BY</arg>
<arg>BZ</arg>
<arg>CA</arg>
<arg>CC</arg>
<arg>CD</arg>
<arg>CF</arg>
<arg>CG</arg>
<arg>CH</arg>
<arg>CI</arg>
<arg>CK</arg>
<arg>CL</arg>
<arg>CM</arg>
<arg>CN</arg>
<arg>CO</arg>
<arg>CR</arg>
<arg>CU</arg>
<arg>CV</arg>
<arg>CW</arg>
<arg>CX</arg>
<arg>CY</arg>
<arg>CZ</arg>
<arg>DE</arg>
<arg>DJ</arg>
<arg>DK</arg>
<arg>DM</arg>
<arg>DO</arg>
<arg>DZ</arg>
<arg>EC</arg>
<arg>EE</arg>
<arg>EG</arg>
<arg>EH</arg>
<arg>ER</arg>
<arg>ES</arg>
<arg>ET</arg>
<arg>FI</arg>
<arg>FJ</arg>
<arg>FK</arg>
<arg>FM</arg>
<arg>FO</arg>
<arg>FR</arg>
<arg>GA</arg>
<arg>GB</arg>
<arg>GD</arg>
<arg>GE</arg>
<arg>GF</arg>
<arg>GG</arg>
<arg>GH</arg>
<arg>GI</arg>
<arg>GL</arg>
<arg>GM</arg>
<arg>GN</arg>
<arg>GP</arg>
<arg>GQ</arg>
<arg>GR</arg>
<arg>GS</arg>
<arg>GT</arg>
<arg>GU</arg>
<arg>GW</arg>
<arg>GY</arg>
<arg>HK</arg>
<arg>HM</arg>
<arg>HN</arg>
<arg>HR</arg>
<arg>HT</arg>
<arg>HU</arg>
<arg>ID</arg>
<arg>IE</arg>
<arg>IL</arg>
<arg>IM</arg>
<arg>IN</arg>
<arg>IO</arg>
<arg>IQ</arg>
<arg>IR</arg>
<arg>IS</arg>
<arg>IT</arg>
<arg>JE</arg>
<arg>JM</arg>
<arg>JO</arg>
<arg>JP</arg>
<arg>KE</arg>
<arg>KG</arg>
<arg>KH</arg>
<arg>KI</arg>
<arg>KM</arg>
<arg>KN</arg>
<arg>KP</arg>
<arg>KR</arg>
<arg>KW</arg>
<arg>KY</arg>
<arg>KZ</arg>
<arg>LA</arg>
<arg>LB</arg>
<arg>LC</arg>
<arg>LI</arg>
<arg>LK</arg>
<arg>LR</arg>
<arg>LS</arg>
<arg>LT</arg>
<arg>LU</arg>
<arg>LV</arg>
<arg>LY</arg>
<arg>MA</arg>
<arg>MC</arg>
<arg>MD</arg>
<arg>ME</arg>
<arg>MF</arg>
<arg>MG</arg>
<arg>MH</arg>
<arg>MK</arg>
<arg>ML</arg>
<arg>MM</arg>
<arg>MN</arg>
<arg>MO</arg>
<arg>MP</arg>
<arg>MQ</arg>
<arg>MR</arg>
<arg>MS</arg>
<arg>MT</arg>
<arg>MU</arg>
<arg>MV</arg>
<arg>MW</arg>
<arg>MX</arg>
<arg>MY</arg>
<arg>MZ</arg>
<arg>NA</arg>
<arg>NC</arg>
<arg>NE</arg>
<arg>NF</arg>
<arg>NG</arg>
<arg>NI</arg>
<arg>NL</arg>
<arg>NO</arg>
<arg>NP</arg>
<arg>NR</arg>
<arg>NU</arg>
<arg>NZ</arg>
<arg>OM</arg>
<arg>PA</arg>
<arg>PE</arg>
<arg>PF</arg>
<arg>PG</arg>
<arg>PH</arg>
<arg>PK</arg>
<arg>PL</arg>
<arg>PM</arg>
<arg>PN</arg>
<arg>PR</arg>
<arg>PS</arg>
<arg>PT</arg>
<arg>PW</arg>
<arg>PY</arg>
<arg>QA</arg>
<arg>RE</arg>
<arg>RO</arg>
<arg>RS</arg>
<arg>RU</arg>
<arg>RW</arg>
<arg>SA</arg>
<arg>SB</arg>
<arg>SC</arg>
<arg>SD</arg>
<arg>SE</arg>
<arg>SG</arg>
<arg>SH</arg>
<arg>SI</arg>
<arg>SJ</arg>
<arg>SK</arg>
<arg>SL</arg>
<arg>SM</arg>
<arg>SN</arg>
<arg>SO</arg>
<arg>SR</arg>
<arg>SS</arg>
<arg>ST</arg>
<arg>SV</arg>
<arg>SX</arg>
<arg>SY</arg>
<arg>SZ</arg>
<arg>TC</arg>
<arg>TD</arg>
<arg>TF</arg>
<arg>TG</arg>
<arg>TH</arg>
<arg>TJ</arg>
<arg>TK</arg>
<arg>TL</arg>
<arg>TM</arg>
<arg>TN</arg>
<arg>TO</arg>
<arg>TR</arg>
<arg>TT</arg>
<arg>TV</arg>
<arg>TW</arg>
<arg>TZ</arg>
<arg>UA</arg>
<arg>UG</arg>
<arg>UM</arg>
<arg>US</arg>
<arg>UY</arg>
<arg>UZ</arg>
<arg>VA</arg>
<arg>VC</arg>
<arg>VE</arg>
<arg>VG</arg>
<arg>VI</arg>
<arg>VN</arg>
<arg>VU</arg>
<arg>WF</arg>
<arg>WS</arg>
<arg>XK</arg>
<arg>YE</arg>
<arg>YT</arg>
<arg>ZA</arg>
<arg>ZM</arg>
<arg>ZW</arg>
<doc>Returns a list containing given items.</doc>
<status status="PASS" start="2024-05-27T06:21:10.957711" elapsed="0.000618"/>
</kw>
<kw name="List Should Contain Value" owner="Collections">
<msg time="2024-05-27T06:21:10.959353" level="INFO">False</msg>
<arg>${list_country}</arg>
<arg>${name_country}</arg>
<doc>Fails if the ``value`` is not found from ``list``.</doc>
<status status="PASS" start="2024-05-27T06:21:10.959149" elapsed="0.000241"/>
</kw>
<kw name="Run Keyword If" owner="BuiltIn">
<kw name="Should Be True" owner="BuiltIn">
<arg>${True}</arg>
<doc>Fails if the given condition is not true.</doc>
<status status="PASS" start="2024-05-27T06:21:10.960443" elapsed="0.000142"/>
</kw>
<arg>${json_data["results"][0]["location"]["coordinates"]["latitude"]} &gt;= -90 and ${json_data["results"][0]["location"]["coordinates"]["latitude"]} &lt;= 90</arg>
<arg>Should Be True</arg>
<arg>${True}</arg>
<doc>Runs the given keyword with the given arguments, if ``condition`` is true.</doc>
<status status="PASS" start="2024-05-27T06:21:10.959702" elapsed="0.001018"/>
</kw>
<kw name="Run Keyword If" owner="BuiltIn">
<kw name="Should Be True" owner="BuiltIn">
<arg>${True}</arg>
<doc>Fails if the given condition is not true.</doc>
<status status="PASS" start="2024-05-27T06:21:10.961607" elapsed="0.000244"/>
</kw>
<arg>${json_data["results"][0]["location"]["coordinates"]["longitude"]} &gt;= -180 and ${json_data["results"][0]["location"]["coordinates"]["longitude"]} &lt;= 180</arg>
<arg>Should Be True</arg>
<arg>${True}</arg>
<doc>Runs the given keyword with the given arguments, if ``condition`` is true.</doc>
<status status="PASS" start="2024-05-27T06:21:10.960905" elapsed="0.001076"/>
</kw>
<status status="PASS" start="2024-05-27T06:21:10.788713" elapsed="0.173409"/>
</kw>
<doc>Testa o conteúdo específico dos campos retornados pela API.</doc>
<tag>testeConteudo</tag>
<status status="PASS" start="2024-05-27T06:21:10.788203" elapsed="0.174064"/>
</test>
<status status="PASS" start="2024-05-27T06:21:09.950937" elapsed="1.013317"/>
</suite>
<status status="PASS" start="2024-05-27T06:21:09.936572" elapsed="1.032837"/>
</suite>
<statistics>
<total>
<stat pass="5" fail="0" skip="0">All Tests</stat>
</total>
<tag>
<stat pass="1" fail="0" skip="0">testeConteudo</stat>
<stat pass="1" fail="0" skip="0">testeEstruturaResposta</stat>
<stat pass="1" fail="0" skip="0">testeRequisicaoBasica</stat>
<stat pass="1" fail="0" skip="0">testeTiposDados</stat>
</tag>
<suite>
<stat pass="5" fail="0" skip="0" id="s1" name="Tests">Tests</stat>
<stat pass="5" fail="0" skip="0" id="s1-s1" name="Random-User-Test">Tests.Random-User-Test</stat>
</suite>
</statistics>
<errors>
</errors>
</robot>
