<?xml version="1.0" encoding="UTF-8"?>
<robot generator="Robot 7.0.1 (Python 3.12.4 on linux)" generated="2024-07-26T12:28:25.615111" rpa="false" schemaversion="5">
<suite id="s1" name="Tests" source="/home/runner/work/ApiRandomUser/ApiRandomUser/RamdonUser/tests">
<suite id="s1-s1" name="Random-User-Test" source="/home/runner/work/ApiRandomUser/ApiRandomUser/RamdonUser/tests/random-user-test.robot">
<test id="s1-s1-t1" name="Conectar" line="13">
<kw name="Conectar API" owner="random-user-service">
<kw name="Create Session" owner="RequestsLibrary">
<msg time="2024-07-26T12:28:26.014243" level="INFO">Creating Session using : alias=consultarAPI, url=https://randomuser.me/, headers={},                     cookies={}, auth=None, timeout=None, proxies=None, verify=False,                     debug=0 </msg>
<arg>consultarAPI</arg>
<arg>${URL}</arg>
<doc>Create Session: create a HTTP session to a server</doc>
<status status="PASS" start="2024-07-26T12:28:26.014019" elapsed="0.000396"/>
</kw>
<status status="PASS" start="2024-07-26T12:28:26.013021" elapsed="0.001743"/>
</kw>
<status status="PASS" start="2024-07-26T12:28:26.012506" elapsed="0.002454"/>
</test>
<test id="s1-s1-t2" name="Validar retorno 200 e JSON Válido" line="16">
<kw name="Teste de Requisicao Basica" owner="random-user-service">
<kw name="GET On Session" owner="RequestsLibrary">
<msg time="2024-07-26T12:28:26.291367" level="INFO">GET Request : url=https://randomuser.me/api 
 path_url=/api 
 headers={'User-Agent': 'python-requests/2.32.3', 'Accept-Encoding': 'gzip, deflate', 'Accept': '*/*', 'Connection': 'keep-alive'} 
 body=None 
 </msg>
<msg time="2024-07-26T12:28:26.291492" level="INFO">GET Response : url=https://randomuser.me/api 
 status=200, reason=OK 
 headers={'Date': 'Fri, 26 Jul 2024 12:28:26 GMT', 'Content-Type': 'application/json; charset=utf-8', 'Transfer-Encoding': 'chunked', 'Connection': 'keep-alive', 'X-Powered-By': 'Express', 'Access-Control-Allow-Origin': '*', 'Cache-Control': 'no-cache', 'ETag': 'W/"48b-1mq7FURVSW+foLNa7OlLtrim3YY"', 'Vary': 'Accept-Encoding', 'Content-Encoding': 'gzip', 'CF-Cache-Status': 'DYNAMIC', 'Report-To': '{"endpoints":[{"url":"https:\\/\\/a.nel.cloudflare.com\\/report\\/v4?s=8bPyijvfuMRu%2F5%2F8m%2BesZz5178WLAF%2BXhdPwXyYz%2F%2BXos83TiDP5pIulb5FKJKg7ZuWEz8hAjExibrLdgXXqx35ASCi%2FowWiaXZrLCTI05iFtqs1dxYCQ16%2BKpe4Swt%2B"}],"group":"cf-nel","max_age":604800}', 'NEL': '{"success_fraction":0,"report_to":"cf-nel","max_age":604800}', 'Server': 'cloudflare', 'CF-RAY': '8a9463b7a9d267e3-SJC', 'alt-svc': 'h3=":443"; ma=86400'} 
 body={"results":[{"gender":"female","name":{"title":"Miss","first":"Bozhena","last":"Kuzmovich"},"location":{"street":{"number":2098,"name":"Golosiyivska ploshcha"},"city":"Shargorod","state":"Zakarpatska","country":"Ukraine","postcode":36021,"coordinates":{"latitude":"80.7438","longitude":"95.3661"},"timezone":{"offset":"-3:30","description":"Newfoundland"}},"email":"bozhena.kuzmovich@example.com","login":{"uuid":"174534f4-457b-44cb-9465-c77cb23743e5","username":"goldenrabbit529","password":"gibson","salt":"uDSrXRfs","md5":"77befba42fbe7e971d9d144c2f431317","sha1":"55a547b5c109606493aa047af9c83911f42d4689","sha256":"32589f71c94545a55054ce9f538ef6a17522374de7b715e1ce94c75c56eaff86"},"dob":{"date":"1972-11-23T09:02:09.549Z","age":51},"registered":{"date":"2018-07-23T20:53:07.739Z","age":6},"phone":"(066) F42-2836","cell":"(096) Y70-1361","id":{"name":"","value":null},"picture":{"large":"https://randomuser.me/api/portraits/women/69.jpg","medium":"https://randomuser.me/api/portraits/med/women/69.jpg","thumbnail":"https://randomuser.me/api/portraits/thumb/women/69.jpg"},"nat":"UA"}],"info":{"seed":"9e307ada112609ea","results":1,"page":1,"version":"1.4"}} 
 </msg>
<msg time="2024-07-26T12:28:26.291567" level="INFO">/opt/hostedtoolcache/Python/3.12.4/x64/lib/python3.12/site-packages/urllib3/connectionpool.py:1099: InsecureRequestWarning: Unverified HTTPS request is being made to host 'randomuser.me'. Adding certificate verification is strongly advised. See: https://urllib3.readthedocs.io/en/latest/advanced-usage.html#tls-warnings
  warnings.warn(</msg>
<msg time="2024-07-26T12:28:26.291680" level="INFO">${response} = &lt;Response [200]&gt;</msg>
<var>${response}</var>
<arg>consultarAPI</arg>
<arg>/api</arg>
<doc>Sends a GET request on a previously created HTTP Session.</doc>
<status status="PASS" start="2024-07-26T12:28:26.017530" elapsed="0.274190"/>
</kw>
<kw name="Should Be Equal As Numbers" owner="BuiltIn">
<msg time="2024-07-26T12:28:26.292620" level="INFO">Argument types are:
&lt;class 'int'&gt;
&lt;class 'str'&gt;</msg>
<arg>${response.status_code}</arg>
<arg>200</arg>
<doc>Fails if objects are unequal after converting them to real numbers.</doc>
<status status="PASS" start="2024-07-26T12:28:26.292195" elapsed="0.000488"/>
</kw>
<kw name="Log" owner="BuiltIn">
<msg time="2024-07-26T12:28:26.293353" level="INFO">200</msg>
<arg>${response.status_code}</arg>
<doc>Logs the given message with the given level.</doc>
<status status="PASS" start="2024-07-26T12:28:26.292998" elapsed="0.000398"/>
</kw>
<kw name="Set Variable" owner="BuiltIn">
<msg time="2024-07-26T12:28:26.294166" level="INFO">${json_data} = {'results': [{'gender': 'female', 'name': {'title': 'Miss', 'first': 'Bozhena', 'last': 'Kuzmovich'}, 'location': {'street': {'number': 2098, 'name': 'Golosiyivska ploshcha'}, 'city': 'Shargorod', 'st...</msg>
<var>${json_data}</var>
<arg>${response.json()}</arg>
<doc>Returns the given values which can then be assigned to a variables.</doc>
<status status="PASS" start="2024-07-26T12:28:26.293707" elapsed="0.000497"/>
</kw>
<kw name="Dictionary Should Contain Key" owner="Collections">
<arg>${json_data}</arg>
<arg>results</arg>
<doc>Fails if ``key`` is not found from ``dictionary``.</doc>
<status status="PASS" start="2024-07-26T12:28:26.294509" elapsed="0.000305"/>
</kw>
<status status="PASS" start="2024-07-26T12:28:26.017279" elapsed="0.277686"/>
</kw>
<doc>Testa se a API responde corretamente e retorna um objeto JSON válido.</doc>
<tag>testeRequisicaoBasica</tag>
<status status="PASS" start="2024-07-26T12:28:26.016824" elapsed="0.278310"/>
</test>
<test id="s1-s1-t3" name="Validar estrutura de resposta" line="22">
<kw name="Teste de Estrutura de Resposta" owner="random-user-service">
<kw name="GET On Session" owner="RequestsLibrary">
<msg time="2024-07-26T12:28:26.405841" level="INFO">GET Request : url=https://randomuser.me/api 
 path_url=/api 
 headers={'User-Agent': 'python-requests/2.32.3', 'Accept-Encoding': 'gzip, deflate', 'Accept': '*/*', 'Connection': 'keep-alive'} 
 body=None 
 </msg>
<msg time="2024-07-26T12:28:26.405908" level="INFO">GET Response : url=https://randomuser.me/api 
 status=200, reason=OK 
 headers={'Date': 'Fri, 26 Jul 2024 12:28:26 GMT', 'Content-Type': 'application/json; charset=utf-8', 'Transfer-Encoding': 'chunked', 'Connection': 'keep-alive', 'X-Powered-By': 'Express', 'Access-Control-Allow-Origin': '*', 'Cache-Control': 'no-cache', 'ETag': 'W/"478-mIGzVtyyt2ZrA+zMY8UwS0pyDuI"', 'Vary': 'Accept-Encoding', 'Content-Encoding': 'gzip', 'CF-Cache-Status': 'DYNAMIC', 'Report-To': '{"endpoints":[{"url":"https:\\/\\/a.nel.cloudflare.com\\/report\\/v4?s=KRrHAQIeWDsIqamqw%2BcP46l%2FBPD3gRTfb0zgX1luwZy6RIVIBNXIL04Z2oyBSHEfMpuu4jxCr53OykEviOySXomwq3Z4nEbnbZ7lRVhjUbwta9R2%2BRwGiVrUlhcdHgs%2F"}],"group":"cf-nel","max_age":604800}', 'NEL': '{"success_fraction":0,"report_to":"cf-nel","max_age":604800}', 'Server': 'cloudflare', 'CF-RAY': '8a9463b86a6767e3-SJC', 'alt-svc': 'h3=":443"; ma=86400'} 
 body={"results":[{"gender":"female","name":{"title":"Miss","first":"آوین","last":"احمدی"},"location":{"street":{"number":2088,"name":"کلاهدوز"},"city":"ساری","state":"اصفهان","country":"Iran","postcode":47741,"coordinates":{"latitude":"13.3788","longitude":"80.7321"},"timezone":{"offset":"-2:00","description":"Mid-Atlantic"}},"email":"awyn.hmdy@example.com","login":{"uuid":"10453f71-6922-40ca-9c82-ade4f132ab6e","username":"blueostrich872","password":"lololo","salt":"LkhbYN2X","md5":"236f80dae7d0f149652b78a9e5395c17","sha1":"04fcc6deb07f0bbe25726f8a01cb06d5b1c8aae8","sha256":"cb684252debb7c23fda29c1e74069a102a83addf21a8f5d5d8f64718de317cce"},"dob":{"date":"1997-11-04T01:21:45.503Z","age":26},"registered":{"date":"2007-08-18T14:23:00.286Z","age":16},"phone":"012-16749753","cell":"0930-426-0943","id":{"name":"","value":null},"picture":{"large":"https://randomuser.me/api/portraits/women/92.jpg","medium":"https://randomuser.me/api/portraits/med/women/92.jpg","thumbnail":"https://randomuser.me/api/portraits/thumb/women/92.jpg"},"nat":"IR"}],"info":{"seed":"ab8961ee4c11acb4","results":1,"page":1,"version":"1.4"}} 
 </msg>
<msg time="2024-07-26T12:28:26.406008" level="INFO">/opt/hostedtoolcache/Python/3.12.4/x64/lib/python3.12/site-packages/urllib3/connectionpool.py:1099: InsecureRequestWarning: Unverified HTTPS request is being made to host 'randomuser.me'. Adding certificate verification is strongly advised. See: https://urllib3.readthedocs.io/en/latest/advanced-usage.html#tls-warnings
  warnings.warn(</msg>
<msg time="2024-07-26T12:28:26.406120" level="INFO">${response} = &lt;Response [200]&gt;</msg>
<var>${response}</var>
<arg>consultarAPI</arg>
<arg>/api</arg>
<doc>Sends a GET request on a previously created HTTP Session.</doc>
<status status="PASS" start="2024-07-26T12:28:26.297680" elapsed="0.108472"/>
</kw>
<kw name="Set Variable" owner="BuiltIn">
<msg time="2024-07-26T12:28:26.406989" level="INFO">${json_data} = {'results': [{'gender': 'female', 'name': {'title': 'Miss', 'first': 'آوین', 'last': 'احمدی'}, 'location': {'street': {'number': 2088, 'name': 'کلاهدوز'}, 'city': 'ساری', 'state': 'اصفهان', 'country':...</msg>
<var>${json_data}</var>
<arg>${response.json()}</arg>
<doc>Returns the given values which can then be assigned to a variables.</doc>
<status status="PASS" start="2024-07-26T12:28:26.406532" elapsed="0.000488"/>
</kw>
<kw name="Log" owner="BuiltIn">
<msg time="2024-07-26T12:28:26.407485" level="INFO">{'results': [{'gender': 'female', 'name': {'title': 'Miss', 'first': 'آوین', 'last': 'احمدی'}, 'location': {'street': {'number': 2088, 'name': 'کلاهدوز'}, 'city': 'ساری', 'state': 'اصفهان', 'country': 'Iran', 'postcode': 47741, 'coordinates': {'latitude': '13.3788', 'longitude': '80.7321'}, 'timezone': {'offset': '-2:00', 'description': 'Mid-Atlantic'}}, 'email': 'awyn.hmdy@example.com', 'login': {'uuid': '10453f71-6922-40ca-9c82-ade4f132ab6e', 'username': 'blueostrich872', 'password': 'lololo', 'salt': 'LkhbYN2X', 'md5': '236f80dae7d0f149652b78a9e5395c17', 'sha1': '04fcc6deb07f0bbe25726f8a01cb06d5b1c8aae8', 'sha256': 'cb684252debb7c23fda29c1e74069a102a83addf21a8f5d5d8f64718de317cce'}, 'dob': {'date': '1997-11-04T01:21:45.503Z', 'age': 26}, 'registered': {'date': '2007-08-18T14:23:00.286Z', 'age': 16}, 'phone': '012-16749753', 'cell': '0930-426-0943', 'id': {'name': '', 'value': None}, 'picture': {'large': 'https://randomuser.me/api/portraits/women/92.jpg', 'medium': 'https://randomuser.me/api/portraits/med/women/92.jpg', 'thumbnail': 'https://randomuser.me/api/portraits/thumb/women/92.jpg'}, 'nat': 'IR'}], 'info': {'seed': 'ab8961ee4c11acb4', 'results': 1, 'page': 1, 'version': '1.4'}}</msg>
<arg>${json_data}</arg>
<doc>Logs the given message with the given level.</doc>
<status status="PASS" start="2024-07-26T12:28:26.407321" elapsed="0.000215"/>
</kw>
<kw name="Dictionary Should Contain Key" owner="Collections">
<arg>${json_data}</arg>
<arg>results</arg>
<doc>Fails if ``key`` is not found from ``dictionary``.</doc>
<status status="PASS" start="2024-07-26T12:28:26.407825" elapsed="0.000161"/>
</kw>
<kw name="Should Not Be Empty" owner="BuiltIn">
<msg time="2024-07-26T12:28:26.408298" level="INFO">Length is 2.</msg>
<arg>${json_data}</arg>
<doc>Verifies that the given item is not empty.</doc>
<status status="PASS" start="2024-07-26T12:28:26.408170" elapsed="0.000165"/>
</kw>
<kw name="Create List" owner="BuiltIn">
<msg time="2024-07-26T12:28:26.408776" level="INFO">${expected_keys} = ['gender', 'name', 'location', 'email', 'login']</msg>
<var>${expected_keys}</var>
<arg>gender</arg>
<arg>name</arg>
<arg>location</arg>
<arg>email</arg>
<arg>login</arg>
<doc>Returns a list containing given items.</doc>
<status status="PASS" start="2024-07-26T12:28:26.408626" elapsed="0.000174"/>
</kw>
<for flavor="IN">
<iter>
<kw name="Dictionary Should Contain Key" owner="Collections">
<arg>${json_data['results'][0]}</arg>
<arg>${key}</arg>
<doc>Fails if ``key`` is not found from ``dictionary``.</doc>
<status status="PASS" start="2024-07-26T12:28:26.409361" elapsed="0.000412"/>
</kw>
<kw name="Log" owner="BuiltIn">
<msg time="2024-07-26T12:28:26.410351" level="INFO">{'gender': 'female', 'name': {'title': 'Miss', 'first': 'آوین', 'last': 'احمدی'}, 'location': {'street': {'number': 2088, 'name': 'کلاهدوز'}, 'city': 'ساری', 'state': 'اصفهان', 'country': 'Iran', 'postcode': 47741, 'coordinates': {'latitude': '13.3788', 'longitude': '80.7321'}, 'timezone': {'offset': '-2:00', 'description': 'Mid-Atlantic'}}, 'email': 'awyn.hmdy@example.com', 'login': {'uuid': '10453f71-6922-40ca-9c82-ade4f132ab6e', 'username': 'blueostrich872', 'password': 'lololo', 'salt': 'LkhbYN2X', 'md5': '236f80dae7d0f149652b78a9e5395c17', 'sha1': '04fcc6deb07f0bbe25726f8a01cb06d5b1c8aae8', 'sha256': 'cb684252debb7c23fda29c1e74069a102a83addf21a8f5d5d8f64718de317cce'}, 'dob': {'date': '1997-11-04T01:21:45.503Z', 'age': 26}, 'registered': {'date': '2007-08-18T14:23:00.286Z', 'age': 16}, 'phone': '012-16749753', 'cell': '0930-426-0943', 'id': {'name': '', 'value': None}, 'picture': {'large': 'https://randomuser.me/api/portraits/women/92.jpg', 'medium': 'https://randomuser.me/api/portraits/med/women/92.jpg', 'thumbnail': 'https://randomuser.me/api/portraits/thumb/women/92.jpg'}, 'nat': 'IR'}</msg>
<arg>${json_data['results'][0]}</arg>
<doc>Logs the given message with the given level.</doc>
<status status="PASS" start="2024-07-26T12:28:26.409958" elapsed="0.000445"/>
</kw>
<kw name="Log" owner="BuiltIn">
<msg time="2024-07-26T12:28:26.410836" level="INFO">gender</msg>
<arg>${key}</arg>
<doc>Logs the given message with the given level.</doc>
<status status="PASS" start="2024-07-26T12:28:26.410706" elapsed="0.000168"/>
</kw>
<var name="${key}">gender</var>
<status status="PASS" start="2024-07-26T12:28:26.409235" elapsed="0.001857"/>
</iter>
<iter>
<kw name="Dictionary Should Contain Key" owner="Collections">
<arg>${json_data['results'][0]}</arg>
<arg>${key}</arg>
<doc>Fails if ``key`` is not found from ``dictionary``.</doc>
<status status="PASS" start="2024-07-26T12:28:26.411386" elapsed="0.000390"/>
</kw>
<kw name="Log" owner="BuiltIn">
<msg time="2024-07-26T12:28:26.412315" level="INFO">{'gender': 'female', 'name': {'title': 'Miss', 'first': 'آوین', 'last': 'احمدی'}, 'location': {'street': {'number': 2088, 'name': 'کلاهدوز'}, 'city': 'ساری', 'state': 'اصفهان', 'country': 'Iran', 'postcode': 47741, 'coordinates': {'latitude': '13.3788', 'longitude': '80.7321'}, 'timezone': {'offset': '-2:00', 'description': 'Mid-Atlantic'}}, 'email': 'awyn.hmdy@example.com', 'login': {'uuid': '10453f71-6922-40ca-9c82-ade4f132ab6e', 'username': 'blueostrich872', 'password': 'lololo', 'salt': 'LkhbYN2X', 'md5': '236f80dae7d0f149652b78a9e5395c17', 'sha1': '04fcc6deb07f0bbe25726f8a01cb06d5b1c8aae8', 'sha256': 'cb684252debb7c23fda29c1e74069a102a83addf21a8f5d5d8f64718de317cce'}, 'dob': {'date': '1997-11-04T01:21:45.503Z', 'age': 26}, 'registered': {'date': '2007-08-18T14:23:00.286Z', 'age': 16}, 'phone': '012-16749753', 'cell': '0930-426-0943', 'id': {'name': '', 'value': None}, 'picture': {'large': 'https://randomuser.me/api/portraits/women/92.jpg', 'medium': 'https://randomuser.me/api/portraits/med/women/92.jpg', 'thumbnail': 'https://randomuser.me/api/portraits/thumb/women/92.jpg'}, 'nat': 'IR'}</msg>
<arg>${json_data['results'][0]}</arg>
<doc>Logs the given message with the given level.</doc>
<status status="PASS" start="2024-07-26T12:28:26.411956" elapsed="0.000443"/>
</kw>
<kw name="Log" owner="BuiltIn">
<msg time="2024-07-26T12:28:26.412823" level="INFO">name</msg>
<arg>${key}</arg>
<doc>Logs the given message with the given level.</doc>
<status status="PASS" start="2024-07-26T12:28:26.412696" elapsed="0.000165"/>
</kw>
<var name="${key}">name</var>
<status status="PASS" start="2024-07-26T12:28:26.411276" elapsed="0.001799"/>
</iter>
<iter>
<kw name="Dictionary Should Contain Key" owner="Collections">
<arg>${json_data['results'][0]}</arg>
<arg>${key}</arg>
<doc>Fails if ``key`` is not found from ``dictionary``.</doc>
<status status="PASS" start="2024-07-26T12:28:26.413353" elapsed="0.000385"/>
</kw>
<kw name="Log" owner="BuiltIn">
<msg time="2024-07-26T12:28:26.414309" level="INFO">{'gender': 'female', 'name': {'title': 'Miss', 'first': 'آوین', 'last': 'احمدی'}, 'location': {'street': {'number': 2088, 'name': 'کلاهدوز'}, 'city': 'ساری', 'state': 'اصفهان', 'country': 'Iran', 'postcode': 47741, 'coordinates': {'latitude': '13.3788', 'longitude': '80.7321'}, 'timezone': {'offset': '-2:00', 'description': 'Mid-Atlantic'}}, 'email': 'awyn.hmdy@example.com', 'login': {'uuid': '10453f71-6922-40ca-9c82-ade4f132ab6e', 'username': 'blueostrich872', 'password': 'lololo', 'salt': 'LkhbYN2X', 'md5': '236f80dae7d0f149652b78a9e5395c17', 'sha1': '04fcc6deb07f0bbe25726f8a01cb06d5b1c8aae8', 'sha256': 'cb684252debb7c23fda29c1e74069a102a83addf21a8f5d5d8f64718de317cce'}, 'dob': {'date': '1997-11-04T01:21:45.503Z', 'age': 26}, 'registered': {'date': '2007-08-18T14:23:00.286Z', 'age': 16}, 'phone': '012-16749753', 'cell': '0930-426-0943', 'id': {'name': '', 'value': None}, 'picture': {'large': 'https://randomuser.me/api/portraits/women/92.jpg', 'medium': 'https://randomuser.me/api/portraits/med/women/92.jpg', 'thumbnail': 'https://randomuser.me/api/portraits/thumb/women/92.jpg'}, 'nat': 'IR'}</msg>
<arg>${json_data['results'][0]}</arg>
<doc>Logs the given message with the given level.</doc>
<status status="PASS" start="2024-07-26T12:28:26.413922" elapsed="0.000438"/>
</kw>
<kw name="Log" owner="BuiltIn">
<msg time="2024-07-26T12:28:26.414780" level="INFO">location</msg>
<arg>${key}</arg>
<doc>Logs the given message with the given level.</doc>
<status status="PASS" start="2024-07-26T12:28:26.414654" elapsed="0.000163"/>
</kw>
<var name="${key}">location</var>
<status status="PASS" start="2024-07-26T12:28:26.413247" elapsed="0.001788"/>
</iter>
<iter>
<kw name="Dictionary Should Contain Key" owner="Collections">
<arg>${json_data['results'][0]}</arg>
<arg>${key}</arg>
<doc>Fails if ``key`` is not found from ``dictionary``.</doc>
<status status="PASS" start="2024-07-26T12:28:26.415310" elapsed="0.000377"/>
</kw>
<kw name="Log" owner="BuiltIn">
<msg time="2024-07-26T12:28:26.416338" level="INFO">{'gender': 'female', 'name': {'title': 'Miss', 'first': 'آوین', 'last': 'احمدی'}, 'location': {'street': {'number': 2088, 'name': 'کلاهدوز'}, 'city': 'ساری', 'state': 'اصفهان', 'country': 'Iran', 'postcode': 47741, 'coordinates': {'latitude': '13.3788', 'longitude': '80.7321'}, 'timezone': {'offset': '-2:00', 'description': 'Mid-Atlantic'}}, 'email': 'awyn.hmdy@example.com', 'login': {'uuid': '10453f71-6922-40ca-9c82-ade4f132ab6e', 'username': 'blueostrich872', 'password': 'lololo', 'salt': 'LkhbYN2X', 'md5': '236f80dae7d0f149652b78a9e5395c17', 'sha1': '04fcc6deb07f0bbe25726f8a01cb06d5b1c8aae8', 'sha256': 'cb684252debb7c23fda29c1e74069a102a83addf21a8f5d5d8f64718de317cce'}, 'dob': {'date': '1997-11-04T01:21:45.503Z', 'age': 26}, 'registered': {'date': '2007-08-18T14:23:00.286Z', 'age': 16}, 'phone': '012-16749753', 'cell': '0930-426-0943', 'id': {'name': '', 'value': None}, 'picture': {'large': 'https://randomuser.me/api/portraits/women/92.jpg', 'medium': 'https://randomuser.me/api/portraits/med/women/92.jpg', 'thumbnail': 'https://randomuser.me/api/portraits/thumb/women/92.jpg'}, 'nat': 'IR'}</msg>
<arg>${json_data['results'][0]}</arg>
<doc>Logs the given message with the given level.</doc>
<status status="PASS" start="2024-07-26T12:28:26.415980" elapsed="0.000407"/>
</kw>
<kw name="Log" owner="BuiltIn">
<msg time="2024-07-26T12:28:26.416813" level="INFO">email</msg>
<arg>${key}</arg>
<doc>Logs the given message with the given level.</doc>
<status status="PASS" start="2024-07-26T12:28:26.416684" elapsed="0.000167"/>
</kw>
<var name="${key}">email</var>
<status status="PASS" start="2024-07-26T12:28:26.415205" elapsed="0.001862"/>
</iter>
<iter>
<kw name="Dictionary Should Contain Key" owner="Collections">
<arg>${json_data['results'][0]}</arg>
<arg>${key}</arg>
<doc>Fails if ``key`` is not found from ``dictionary``.</doc>
<status status="PASS" start="2024-07-26T12:28:26.417348" elapsed="0.000375"/>
</kw>
<kw name="Log" owner="BuiltIn">
<msg time="2024-07-26T12:28:26.418281" level="INFO">{'gender': 'female', 'name': {'title': 'Miss', 'first': 'آوین', 'last': 'احمدی'}, 'location': {'street': {'number': 2088, 'name': 'کلاهدوز'}, 'city': 'ساری', 'state': 'اصفهان', 'country': 'Iran', 'postcode': 47741, 'coordinates': {'latitude': '13.3788', 'longitude': '80.7321'}, 'timezone': {'offset': '-2:00', 'description': 'Mid-Atlantic'}}, 'email': 'awyn.hmdy@example.com', 'login': {'uuid': '10453f71-6922-40ca-9c82-ade4f132ab6e', 'username': 'blueostrich872', 'password': 'lololo', 'salt': 'LkhbYN2X', 'md5': '236f80dae7d0f149652b78a9e5395c17', 'sha1': '04fcc6deb07f0bbe25726f8a01cb06d5b1c8aae8', 'sha256': 'cb684252debb7c23fda29c1e74069a102a83addf21a8f5d5d8f64718de317cce'}, 'dob': {'date': '1997-11-04T01:21:45.503Z', 'age': 26}, 'registered': {'date': '2007-08-18T14:23:00.286Z', 'age': 16}, 'phone': '012-16749753', 'cell': '0930-426-0943', 'id': {'name': '', 'value': None}, 'picture': {'large': 'https://randomuser.me/api/portraits/women/92.jpg', 'medium': 'https://randomuser.me/api/portraits/med/women/92.jpg', 'thumbnail': 'https://randomuser.me/api/portraits/thumb/women/92.jpg'}, 'nat': 'IR'}</msg>
<arg>${json_data['results'][0]}</arg>
<doc>Logs the given message with the given level.</doc>
<status status="PASS" start="2024-07-26T12:28:26.417901" elapsed="0.000429"/>
</kw>
<kw name="Log" owner="BuiltIn">
<msg time="2024-07-26T12:28:26.418748" level="INFO">login</msg>
<arg>${key}</arg>
<doc>Logs the given message with the given level.</doc>
<status status="PASS" start="2024-07-26T12:28:26.418621" elapsed="0.000163"/>
</kw>
<var name="${key}">login</var>
<status status="PASS" start="2024-07-26T12:28:26.417241" elapsed="0.001756"/>
</iter>
<var>${key}</var>
<value>@{expected_keys}</value>
<status status="PASS" start="2024-07-26T12:28:26.409056" elapsed="0.010059"/>
</for>
<kw name="Create List" owner="BuiltIn">
<msg time="2024-07-26T12:28:26.419434" level="INFO">${expected_keysTwo} = ['username', 'password']</msg>
<var>${expected_keysTwo}</var>
<arg>username</arg>
<arg>password</arg>
<doc>Returns a list containing given items.</doc>
<status status="PASS" start="2024-07-26T12:28:26.419301" elapsed="0.000156"/>
</kw>
<for flavor="IN">
<iter>
<kw name="Dictionary Should Contain Key" owner="Collections">
<arg>${json_data['results'][0]['login']}</arg>
<arg>${keyTwo}</arg>
<doc>Fails if ``key`` is not found from ``dictionary``.</doc>
<status status="PASS" start="2024-07-26T12:28:26.419977" elapsed="0.000404"/>
</kw>
<kw name="Dictionary Should Contain Key" owner="Collections">
<arg>${json_data['results'][0]['login']}</arg>
<arg>${keyTwo}</arg>
<doc>Fails if ``key`` is not found from ``dictionary``.</doc>
<status status="PASS" start="2024-07-26T12:28:26.420570" elapsed="0.000378"/>
</kw>
<kw name="Log" owner="BuiltIn">
<msg time="2024-07-26T12:28:26.421243" level="INFO">username</msg>
<arg>${keyTwo}</arg>
<doc>Logs the given message with the given level.</doc>
<status status="PASS" start="2024-07-26T12:28:26.421124" elapsed="0.000157"/>
</kw>
<var name="${keyTwo}">username</var>
<status status="PASS" start="2024-07-26T12:28:26.419869" elapsed="0.001632"/>
</iter>
<iter>
<kw name="Dictionary Should Contain Key" owner="Collections">
<arg>${json_data['results'][0]['login']}</arg>
<arg>${keyTwo}</arg>
<doc>Fails if ``key`` is not found from ``dictionary``.</doc>
<status status="PASS" start="2024-07-26T12:28:26.421782" elapsed="0.000409"/>
</kw>
<kw name="Dictionary Should Contain Key" owner="Collections">
<arg>${json_data['results'][0]['login']}</arg>
<arg>${keyTwo}</arg>
<doc>Fails if ``key`` is not found from ``dictionary``.</doc>
<status status="PASS" start="2024-07-26T12:28:26.422369" elapsed="0.000364"/>
</kw>
<kw name="Log" owner="BuiltIn">
<msg time="2024-07-26T12:28:26.423033" level="INFO">password</msg>
<arg>${keyTwo}</arg>
<doc>Logs the given message with the given level.</doc>
<status status="PASS" start="2024-07-26T12:28:26.422908" elapsed="0.000161"/>
</kw>
<var name="${keyTwo}">password</var>
<status status="PASS" start="2024-07-26T12:28:26.421671" elapsed="0.001616"/>
</iter>
<var>${keyTwo}</var>
<value>@{expected_keysTwo}</value>
<status status="PASS" start="2024-07-26T12:28:26.419717" elapsed="0.003691"/>
</for>
<status status="PASS" start="2024-07-26T12:28:26.297442" elapsed="0.126104"/>
</kw>
<doc>Testa a estrutura da resposta da API.</doc>
<tag>testeEstruturaResposta</tag>
<status status="PASS" start="2024-07-26T12:28:26.296952" elapsed="0.126740"/>
</test>
<test id="s1-s1-t4" name="Validar tipos de dados" line="28">
<kw name="Teste de Tipos de Dados" owner="random-user-service">
<kw name="GET On Session" owner="RequestsLibrary">
<msg time="2024-07-26T12:28:26.514939" level="INFO">GET Request : url=https://randomuser.me/api 
 path_url=/api 
 headers={'User-Agent': 'python-requests/2.32.3', 'Accept-Encoding': 'gzip, deflate', 'Accept': '*/*', 'Connection': 'keep-alive'} 
 body=None 
 </msg>
<msg time="2024-07-26T12:28:26.515003" level="INFO">GET Response : url=https://randomuser.me/api 
 status=200, reason=OK 
 headers={'Date': 'Fri, 26 Jul 2024 12:28:26 GMT', 'Content-Type': 'application/json; charset=utf-8', 'Transfer-Encoding': 'chunked', 'Connection': 'keep-alive', 'X-Powered-By': 'Express', 'Access-Control-Allow-Origin': '*', 'Cache-Control': 'no-cache', 'ETag': 'W/"49c-A5cQZXm8jigmSzs4zo197f10fgQ"', 'Vary': 'Accept-Encoding', 'Content-Encoding': 'gzip', 'CF-Cache-Status': 'DYNAMIC', 'Report-To': '{"endpoints":[{"url":"https:\\/\\/a.nel.cloudflare.com\\/report\\/v4?s=wU7l0YrmUqhz1vM0B%2FKKYqeZrN2Q1LtvOZHIOnkasv9qN7GJLMn0ATBC1TZoCzWR%2Bpl2NaexXDcvTtNfXrKSj%2BZ3NP%2FXC8MGSPWG1VzCEQxDlr74ZZ9E2%2BYg%2Bcd2JkWB"}],"group":"cf-nel","max_age":604800}', 'NEL': '{"success_fraction":0,"report_to":"cf-nel","max_age":604800}', 'Server': 'cloudflare', 'CF-RAY': '8a9463b92b1267e3-SJC', 'alt-svc': 'h3=":443"; ma=86400'} 
 body={"results":[{"gender":"male","name":{"title":"Mr","first":"Norman","last":"Walker"},"location":{"street":{"number":405,"name":"Queen Street"},"city":"Bath","state":"Isle of Wight","country":"United Kingdom","postcode":"FB2 2FE","coordinates":{"latitude":"-9.8804","longitude":"-145.1835"},"timezone":{"offset":"+8:00","description":"Beijing, Perth, Singapore, Hong Kong"}},"email":"norman.walker@example.com","login":{"uuid":"bed0908a-9d12-4dde-9fd3-7a70259933c6","username":"ticklishduck498","password":"warlock","salt":"M1gl2Z61","md5":"d6e4e12764f7a9b961e5190610c91c30","sha1":"7489735de68e42313bc8d27c60ad3651b12a6091","sha256":"323202b7d1a1f35a18d742dab607bcd784758dff300efbc9d5c5ee5892831084"},"dob":{"date":"1982-05-10T14:23:45.260Z","age":42},"registered":{"date":"2011-09-28T10:33:32.063Z","age":12},"phone":"0161 504 3506","cell":"07532 892279","id":{"name":"NINO","value":"JB 00 18 22 R"},"picture":{"large":"https://randomuser.me/api/portraits/men/2.jpg","medium":"https://randomuser.me/api/portraits/med/men/2.jpg","thumbnail":"https://randomuser.me/api/portraits/thumb/men/2.jpg"},"nat":"GB"}],"info":{"seed":"ac06b04640168f9a","results":1,"page":1,"version":"1.4"}} 
 </msg>
<msg time="2024-07-26T12:28:26.515063" level="INFO">/opt/hostedtoolcache/Python/3.12.4/x64/lib/python3.12/site-packages/urllib3/connectionpool.py:1099: InsecureRequestWarning: Unverified HTTPS request is being made to host 'randomuser.me'. Adding certificate verification is strongly advised. See: https://urllib3.readthedocs.io/en/latest/advanced-usage.html#tls-warnings
  warnings.warn(</msg>
<msg time="2024-07-26T12:28:26.515149" level="INFO">${response} = &lt;Response [200]&gt;</msg>
<var>${response}</var>
<arg>consultarAPI</arg>
<arg>/api</arg>
<doc>Sends a GET request on a previously created HTTP Session.</doc>
<status status="PASS" start="2024-07-26T12:28:26.426089" elapsed="0.089107"/>
</kw>
<kw name="Set Variable" owner="BuiltIn">
<msg time="2024-07-26T12:28:26.516237" level="INFO">${json_data} = {'results': [{'gender': 'male', 'name': {'title': 'Mr', 'first': 'Norman', 'last': 'Walker'}, 'location': {'street': {'number': 405, 'name': 'Queen Street'}, 'city': 'Bath', 'state': 'Isle of Wight', ...</msg>
<var>${json_data}</var>
<arg>${response.json()}</arg>
<doc>Returns the given values which can then be assigned to a variables.</doc>
<status status="PASS" start="2024-07-26T12:28:26.515672" elapsed="0.000594"/>
</kw>
<kw name="Log" owner="BuiltIn">
<msg time="2024-07-26T12:28:26.516738" level="INFO">{'results': [{'gender': 'male', 'name': {'title': 'Mr', 'first': 'Norman', 'last': 'Walker'}, 'location': {'street': {'number': 405, 'name': 'Queen Street'}, 'city': 'Bath', 'state': 'Isle of Wight', 'country': 'United Kingdom', 'postcode': 'FB2 2FE', 'coordinates': {'latitude': '-9.8804', 'longitude': '-145.1835'}, 'timezone': {'offset': '+8:00', 'description': 'Beijing, Perth, Singapore, Hong Kong'}}, 'email': 'norman.walker@example.com', 'login': {'uuid': 'bed0908a-9d12-4dde-9fd3-7a70259933c6', 'username': 'ticklishduck498', 'password': 'warlock', 'salt': 'M1gl2Z61', 'md5': 'd6e4e12764f7a9b961e5190610c91c30', 'sha1': '7489735de68e42313bc8d27c60ad3651b12a6091', 'sha256': '323202b7d1a1f35a18d742dab607bcd784758dff300efbc9d5c5ee5892831084'}, 'dob': {'date': '1982-05-10T14:23:45.260Z', 'age': 42}, 'registered': {'date': '2011-09-28T10:33:32.063Z', 'age': 12}, 'phone': '0161 504 3506', 'cell': '07532 892279', 'id': {'name': 'NINO', 'value': 'JB 00 18 22 R'}, 'picture': {'large': 'https://randomuser.me/api/portraits/men/2.jpg', 'medium': 'https://randomuser.me/api/portraits/med/men/2.jpg', 'thumbnail': 'https://randomuser.me/api/portraits/thumb/men/2.jpg'}, 'nat': 'GB'}], 'info': {'seed': 'ac06b04640168f9a', 'results': 1, 'page': 1, 'version': '1.4'}}</msg>
<arg>${json_data}</arg>
<doc>Logs the given message with the given level.</doc>
<status status="PASS" start="2024-07-26T12:28:26.516571" elapsed="0.000215"/>
</kw>
<kw name="Should Be String" owner="String">
<arg>${json_data['results'][0]['gender']}</arg>
<doc>Fails if the given ``item`` is not a string.</doc>
<status status="PASS" start="2024-07-26T12:28:26.517079" elapsed="0.000368"/>
</kw>
<kw name="Should Match Regexp" owner="BuiltIn">
<arg>${json_data['results'][0]['email']}</arg>
<arg>^[a-zA-Z0-9._%+-]+@[a-zA-Z0-9.-]+\.[a-zA-Z]{2,}$</arg>
<doc>Fails if ``string`` does not match ``pattern`` as a regular expression.</doc>
<status status="PASS" start="2024-07-26T12:28:26.517645" elapsed="0.000542"/>
</kw>
<kw name="Should Match Regexp" owner="BuiltIn">
<arg>${json_data['results'][0]['dob']['date']}</arg>
<arg>\\d{4}-\\d{2}-\\d{2}T\\d{2}:\\d{2}:\\d{2}\\.\\d{3}Z</arg>
<doc>Fails if ``string`` does not match ``pattern`` as a regular expression.</doc>
<status status="PASS" start="2024-07-26T12:28:26.518436" elapsed="0.000611"/>
</kw>
<kw name="Should Match Regexp" owner="BuiltIn">
<arg>${json_data['results'][0]['registered']['date']}</arg>
<arg>\\d{4}-\\d{2}-\\d{2}T\\d{2}:\\d{2}:\\d{2}\\.\\d{3}Z</arg>
<doc>Fails if ``string`` does not match ``pattern`` as a regular expression.</doc>
<status status="PASS" start="2024-07-26T12:28:26.519243" elapsed="0.000386"/>
</kw>
<kw name="Should Match Regexp" owner="BuiltIn">
<arg>${json_data['results'][0]['picture']['large']}</arg>
<arg>^https?://.*\.(?:png|jpe?g|gif|bmp)$</arg>
<doc>Fails if ``string`` does not match ``pattern`` as a regular expression.</doc>
<status status="PASS" start="2024-07-26T12:28:26.519816" elapsed="0.000458"/>
</kw>
<kw name="Should Match Regexp" owner="BuiltIn">
<arg>${json_data['results'][0]['picture']['medium']}</arg>
<arg>^https?://.*\.(?:png|jpe?g|gif|bmp)$</arg>
<doc>Fails if ``string`` does not match ``pattern`` as a regular expression.</doc>
<status status="PASS" start="2024-07-26T12:28:26.520462" elapsed="0.000353"/>
</kw>
<kw name="Should Match Regexp" owner="BuiltIn">
<arg>${json_data['results'][0]['picture']['thumbnail']}</arg>
<arg>^https?://.*\.(?:png|jpe?g|gif|bmp)$</arg>
<doc>Fails if ``string`` does not match ``pattern`` as a regular expression.</doc>
<status status="PASS" start="2024-07-26T12:28:26.520996" elapsed="0.000349"/>
</kw>
<kw name="Log" owner="BuiltIn">
<msg time="2024-07-26T12:28:26.521845" level="INFO">{'large': 'https://randomuser.me/api/portraits/men/2.jpg', 'medium': 'https://randomuser.me/api/portraits/med/men/2.jpg', 'thumbnail': 'https://randomuser.me/api/portraits/thumb/men/2.jpg'}</msg>
<arg>${json_data['results'][0]['picture']}</arg>
<doc>Logs the given message with the given level.</doc>
<status status="PASS" start="2024-07-26T12:28:26.521523" elapsed="0.000366"/>
</kw>
<status status="PASS" start="2024-07-26T12:28:26.425873" elapsed="0.096297"/>
</kw>
<kw name="Teste de Tipos de Dados - Postcode" owner="random-user-service">
<kw name="GET On Session" owner="RequestsLibrary">
<msg time="2024-07-26T12:28:26.638559" level="INFO">GET Request : url=https://randomuser.me/api 
 path_url=/api 
 headers={'User-Agent': 'python-requests/2.32.3', 'Accept-Encoding': 'gzip, deflate', 'Accept': '*/*', 'Connection': 'keep-alive'} 
 body=None 
 </msg>
<msg time="2024-07-26T12:28:26.638636" level="INFO">GET Response : url=https://randomuser.me/api 
 status=200, reason=OK 
 headers={'Date': 'Fri, 26 Jul 2024 12:28:26 GMT', 'Content-Type': 'application/json; charset=utf-8', 'Transfer-Encoding': 'chunked', 'Connection': 'keep-alive', 'X-Powered-By': 'Express', 'Access-Control-Allow-Origin': '*', 'Cache-Control': 'no-cache', 'ETag': 'W/"490-HkYZoTtfUDWnxO5rmNcD0pnmGP8"', 'Vary': 'Accept-Encoding', 'Content-Encoding': 'gzip', 'CF-Cache-Status': 'DYNAMIC', 'Report-To': '{"endpoints":[{"url":"https:\\/\\/a.nel.cloudflare.com\\/report\\/v4?s=0YOhDid9NYtTdiOvzQ%2BR%2BiFJPQajYjCP7G1FZYlbYIOMZvoKYQeBYGlks8KXEDH1h917RlaA1MJP1Tj%2FDtXf81KWhBh2%2FyvMsNLax9Y1sgyIFWOeuV2m25CcclE2aLif"}],"group":"cf-nel","max_age":604800}', 'NEL': '{"success_fraction":0,"report_to":"cf-nel","max_age":604800}', 'Server': 'cloudflare', 'CF-RAY': '8a9463b9cb9e67e3-SJC', 'alt-svc': 'h3=":443"; ma=86400'} 
 body={"results":[{"gender":"female","name":{"title":"Ms","first":"Eva","last":"Arias"},"location":{"street":{"number":5612,"name":"Calle de Argumosa"},"city":"Alicante","state":"País Vasco","country":"Spain","postcode":49643,"coordinates":{"latitude":"-33.4412","longitude":"103.4001"},"timezone":{"offset":"+8:00","description":"Beijing, Perth, Singapore, Hong Kong"}},"email":"eva.arias@example.com","login":{"uuid":"50cd850f-7584-4140-a1d9-068e65938e60","username":"organicbear440","password":"simon1","salt":"tGthqaje","md5":"b9fff12c9d03854811531109025d7708","sha1":"2c15f6c570bed88095ffbf05dfaa74644eb635f8","sha256":"3643c58c6cee1307359a731cacd4dcc9b5feb023ebf801811b68f5cb2899b5af"},"dob":{"date":"1975-10-21T13:10:31.400Z","age":48},"registered":{"date":"2020-01-01T18:06:21.137Z","age":4},"phone":"935-258-308","cell":"611-807-759","id":{"name":"DNI","value":"49600391-B"},"picture":{"large":"https://randomuser.me/api/portraits/women/42.jpg","medium":"https://randomuser.me/api/portraits/med/women/42.jpg","thumbnail":"https://randomuser.me/api/portraits/thumb/women/42.jpg"},"nat":"ES"}],"info":{"seed":"b7226a37b0d72df2","results":1,"page":1,"version":"1.4"}} 
 </msg>
<msg time="2024-07-26T12:28:26.638707" level="INFO">/opt/hostedtoolcache/Python/3.12.4/x64/lib/python3.12/site-packages/urllib3/connectionpool.py:1099: InsecureRequestWarning: Unverified HTTPS request is being made to host 'randomuser.me'. Adding certificate verification is strongly advised. See: https://urllib3.readthedocs.io/en/latest/advanced-usage.html#tls-warnings
  warnings.warn(</msg>
<msg time="2024-07-26T12:28:26.638812" level="INFO">${response} = &lt;Response [200]&gt;</msg>
<var>${response}</var>
<arg>consultarAPI</arg>
<arg>/api</arg>
<doc>Sends a GET request on a previously created HTTP Session.</doc>
<status status="PASS" start="2024-07-26T12:28:26.522613" elapsed="0.116240"/>
</kw>
<kw name="Set Variable" owner="BuiltIn">
<msg time="2024-07-26T12:28:26.639971" level="INFO">${json_data} = {'results': [{'gender': 'female', 'name': {'title': 'Ms', 'first': 'Eva', 'last': 'Arias'}, 'location': {'street': {'number': 5612, 'name': 'Calle de Argumosa'}, 'city': 'Alicante', 'state': 'País Vas...</msg>
<var>${json_data}</var>
<arg>${response.json()}</arg>
<doc>Returns the given values which can then be assigned to a variables.</doc>
<status status="PASS" start="2024-07-26T12:28:26.639324" elapsed="0.000677"/>
</kw>
<kw name="Log" owner="BuiltIn">
<msg time="2024-07-26T12:28:26.640469" level="INFO">{'results': [{'gender': 'female', 'name': {'title': 'Ms', 'first': 'Eva', 'last': 'Arias'}, 'location': {'street': {'number': 5612, 'name': 'Calle de Argumosa'}, 'city': 'Alicante', 'state': 'País Vasco', 'country': 'Spain', 'postcode': 49643, 'coordinates': {'latitude': '-33.4412', 'longitude': '103.4001'}, 'timezone': {'offset': '+8:00', 'description': 'Beijing, Perth, Singapore, Hong Kong'}}, 'email': 'eva.arias@example.com', 'login': {'uuid': '50cd850f-7584-4140-a1d9-068e65938e60', 'username': 'organicbear440', 'password': 'simon1', 'salt': 'tGthqaje', 'md5': 'b9fff12c9d03854811531109025d7708', 'sha1': '2c15f6c570bed88095ffbf05dfaa74644eb635f8', 'sha256': '3643c58c6cee1307359a731cacd4dcc9b5feb023ebf801811b68f5cb2899b5af'}, 'dob': {'date': '1975-10-21T13:10:31.400Z', 'age': 48}, 'registered': {'date': '2020-01-01T18:06:21.137Z', 'age': 4}, 'phone': '935-258-308', 'cell': '611-807-759', 'id': {'name': 'DNI', 'value': '49600391-B'}, 'picture': {'large': 'https://randomuser.me/api/portraits/women/42.jpg', 'medium': 'https://randomuser.me/api/portraits/med/women/42.jpg', 'thumbnail': 'https://randomuser.me/api/portraits/thumb/women/42.jpg'}, 'nat': 'ES'}], 'info': {'seed': 'b7226a37b0d72df2', 'results': 1, 'page': 1, 'version': '1.4'}}</msg>
<arg>${json_data}</arg>
<doc>Logs the given message with the given level.</doc>
<status status="PASS" start="2024-07-26T12:28:26.640312" elapsed="0.000205"/>
</kw>
<kw name="Should Be Equal As Numbers" owner="BuiltIn">
<arg>${json_data['results'][0]['location']['postcode']}</arg>
<arg>${json_data['results'][0]['location']['postcode']}</arg>
<doc>Fails if objects are unequal after converting them to real numbers.</doc>
<status status="PASS" start="2024-07-26T12:28:26.640812" elapsed="0.000625"/>
</kw>
<kw name="Log" owner="BuiltIn">
<msg time="2024-07-26T12:28:26.641967" level="INFO">49643</msg>
<arg>${json_data['results'][0]['location']['postcode']}</arg>
<doc>Logs the given message with the given level.</doc>
<status status="PASS" start="2024-07-26T12:28:26.641631" elapsed="0.000375"/>
</kw>
<status status="PASS" start="2024-07-26T12:28:26.522386" elapsed="0.119936"/>
</kw>
<doc>Testa se os tipos de dados na resposta da API estão corretos.</doc>
<tag>testeTiposDados</tag>
<status status="PASS" start="2024-07-26T12:28:26.425428" elapsed="0.217057"/>
</test>
<test id="s1-s1-t5" name="Validar conteudo" line="35">
<kw name="Teste de Tipos de Conteudo" owner="random-user-service">
<kw name="GET On Session" owner="RequestsLibrary">
<msg time="2024-07-26T12:28:26.748014" level="INFO">GET Request : url=https://randomuser.me/api 
 path_url=/api 
 headers={'User-Agent': 'python-requests/2.32.3', 'Accept-Encoding': 'gzip, deflate', 'Accept': '*/*', 'Connection': 'keep-alive'} 
 body=None 
 </msg>
<msg time="2024-07-26T12:28:26.748087" level="INFO">GET Response : url=https://randomuser.me/api 
 status=200, reason=OK 
 headers={'Date': 'Fri, 26 Jul 2024 12:28:26 GMT', 'Content-Type': 'application/json; charset=utf-8', 'Transfer-Encoding': 'chunked', 'Connection': 'keep-alive', 'X-Powered-By': 'Express', 'Access-Control-Allow-Origin': '*', 'Cache-Control': 'no-cache', 'ETag': 'W/"494-40IZQg+Z2G4muRUqKDw0zo8Tl7c"', 'Vary': 'Accept-Encoding', 'Content-Encoding': 'gzip', 'CF-Cache-Status': 'DYNAMIC', 'Report-To': '{"endpoints":[{"url":"https:\\/\\/a.nel.cloudflare.com\\/report\\/v4?s=T9BdxDQ5oOpAYj7SB9JmoA5m0fXBjtngkgdZzglE9Sw1rmbAynWtR2W6YovreBIY1ylxxZ5nSoivLWTaq5FnbBAG%2FH8WFihcApAGnKTQgAwy478WFZXNoFpMvY2GxAtQ"}],"group":"cf-nel","max_age":604800}', 'NEL': '{"success_fraction":0,"report_to":"cf-nel","max_age":604800}', 'Server': 'cloudflare', 'CF-RAY': '8a9463ba8c4267e3-SJC', 'alt-svc': 'h3=":443"; ma=86400'} 
 body={"results":[{"gender":"female","name":{"title":"Mrs","first":"Lena","last":"Hamilton"},"location":{"street":{"number":9473,"name":"E Little York Rd"},"city":"South Bend","state":"New York","country":"United States","postcode":45581,"coordinates":{"latitude":"87.3081","longitude":"21.8458"},"timezone":{"offset":"+7:00","description":"Bangkok, Hanoi, Jakarta"}},"email":"lena.hamilton@example.com","login":{"uuid":"959df3d9-6181-4698-9858-30dee6f6ce3e","username":"orangeduck115","password":"farm","salt":"gFgyKGuI","md5":"bd385fffaaee5e0097e88b043e1004cb","sha1":"50cb57407fee2df1a84caa8ffdb830f545dde34b","sha256":"660f7ec62bcdf0508533a65cc6699fbcfaf3c15183f92da9fbe8124e11d3c10c"},"dob":{"date":"1991-08-12T05:08:19.622Z","age":32},"registered":{"date":"2021-02-04T08:56:59.365Z","age":3},"phone":"(594) 892-8225","cell":"(426) 706-9909","id":{"name":"SSN","value":"804-97-2666"},"picture":{"large":"https://randomuser.me/api/portraits/women/85.jpg","medium":"https://randomuser.me/api/portraits/med/women/85.jpg","thumbnail":"https://randomuser.me/api/portraits/thumb/women/85.jpg"},"nat":"US"}],"info":{"seed":"4c442b13e741d177","results":1,"page":1,"version":"1.4"}} 
 </msg>
<msg time="2024-07-26T12:28:26.748146" level="INFO">/opt/hostedtoolcache/Python/3.12.4/x64/lib/python3.12/site-packages/urllib3/connectionpool.py:1099: InsecureRequestWarning: Unverified HTTPS request is being made to host 'randomuser.me'. Adding certificate verification is strongly advised. See: https://urllib3.readthedocs.io/en/latest/advanced-usage.html#tls-warnings
  warnings.warn(</msg>
<msg time="2024-07-26T12:28:26.748237" level="INFO">${response} = &lt;Response [200]&gt;</msg>
<var>${response}</var>
<arg>consultarAPI</arg>
<arg>/api</arg>
<doc>Sends a GET request on a previously created HTTP Session.</doc>
<status status="PASS" start="2024-07-26T12:28:26.644848" elapsed="0.103432"/>
</kw>
<kw name="Set Variable" owner="BuiltIn">
<msg time="2024-07-26T12:28:26.749386" level="INFO">${json_data} = {'results': [{'gender': 'female', 'name': {'title': 'Mrs', 'first': 'Lena', 'last': 'Hamilton'}, 'location': {'street': {'number': 9473, 'name': 'E Little York Rd'}, 'city': 'South Bend', 'state': 'Ne...</msg>
<var>${json_data}</var>
<arg>${response.json()}</arg>
<doc>Returns the given values which can then be assigned to a variables.</doc>
<status status="PASS" start="2024-07-26T12:28:26.748767" elapsed="0.000650"/>
</kw>
<kw name="Set Variable" owner="BuiltIn">
<msg time="2024-07-26T12:28:26.750145" level="INFO">${name_title} = Mrs</msg>
<var>${name_title}</var>
<arg>${json_data["results"][0]["name"]["title"]}</arg>
<doc>Returns the given values which can then be assigned to a variables.</doc>
<status status="PASS" start="2024-07-26T12:28:26.749727" elapsed="0.000447"/>
</kw>
<kw name="Create List" owner="BuiltIn">
<msg time="2024-07-26T12:28:26.750632" level="INFO">${allowed_titles} = ['Mr', 'Ms', 'Miss', 'Mrs', 'Madame', 'Monsieur']</msg>
<var>${allowed_titles}</var>
<arg>Mr</arg>
<arg>Ms</arg>
<arg>Miss</arg>
<arg>Mrs</arg>
<arg>Madame</arg>
<arg>Monsieur</arg>
<doc>Returns a list containing given items.</doc>
<status status="PASS" start="2024-07-26T12:28:26.750480" elapsed="0.000177"/>
</kw>
<kw name="List Should Contain Value" owner="Collections">
<arg>${allowed_titles}</arg>
<arg>${name_title}</arg>
<doc>Fails if the ``value`` is not found from ``list``.</doc>
<status status="PASS" start="2024-07-26T12:28:26.750956" elapsed="0.000180"/>
</kw>
<kw name="Set Variable" owner="BuiltIn">
<msg time="2024-07-26T12:28:26.751698" level="INFO">${name_country} = US</msg>
<var>${name_country}</var>
<arg>${json_data["results"][0]["nat"]}</arg>
<doc>Returns the given values which can then be assigned to a variables.</doc>
<status status="PASS" start="2024-07-26T12:28:26.751318" elapsed="0.000405"/>
</kw>
<kw name="Create List" owner="BuiltIn">
<msg time="2024-07-26T12:28:26.752614" level="INFO">${list_country} = ['AD', 'AE', 'AF', 'AG', 'AI', 'AL', 'AM', 'AO', 'AQ', 'AR', 'AS', 'AT', 'AU', 'AW', 'AX', 'AZ', 'BA', 'BB', 'BD', 'BE', 'BF', 'BG', 'BH', 'BI', 'BJ', 'BL', 'BM', 'BN', 'BO', 'BQ', 'BR', 'BS', 'BT', '...</msg>
<var>${list_country}</var>
<arg>AD</arg>
<arg>AE</arg>
<arg>AF</arg>
<arg>AG</arg>
<arg>AI</arg>
<arg>AL</arg>
<arg>AM</arg>
<arg>AO</arg>
<arg>AQ</arg>
<arg>AR</arg>
<arg>AS</arg>
<arg>AT</arg>
<arg>AU</arg>
<arg>AW</arg>
<arg>AX</arg>
<arg>AZ</arg>
<arg>BA</arg>
<arg>BB</arg>
<arg>BD</arg>
<arg>BE</arg>
<arg>BF</arg>
<arg>BG</arg>
<arg>BH</arg>
<arg>BI</arg>
<arg>BJ</arg>
<arg>BL</arg>
<arg>BM</arg>
<arg>BN</arg>
<arg>BO</arg>
<arg>BQ</arg>
<arg>BR</arg>
<arg>BS</arg>
<arg>BT</arg>
<arg>BV</arg>
<arg>BW</arg>
<arg>BY</arg>
<arg>BZ</arg>
<arg>CA</arg>
<arg>CC</arg>
<arg>CD</arg>
<arg>CF</arg>
<arg>CG</arg>
<arg>CH</arg>
<arg>CI</arg>
<arg>CK</arg>
<arg>CL</arg>
<arg>CM</arg>
<arg>CN</arg>
<arg>CO</arg>
<arg>CR</arg>
<arg>CU</arg>
<arg>CV</arg>
<arg>CW</arg>
<arg>CX</arg>
<arg>CY</arg>
<arg>CZ</arg>
<arg>DE</arg>
<arg>DJ</arg>
<arg>DK</arg>
<arg>DM</arg>
<arg>DO</arg>
<arg>DZ</arg>
<arg>EC</arg>
<arg>EE</arg>
<arg>EG</arg>
<arg>EH</arg>
<arg>ER</arg>
<arg>ES</arg>
<arg>ET</arg>
<arg>FI</arg>
<arg>FJ</arg>
<arg>FK</arg>
<arg>FM</arg>
<arg>FO</arg>
<arg>FR</arg>
<arg>GA</arg>
<arg>GB</arg>
<arg>GD</arg>
<arg>GE</arg>
<arg>GF</arg>
<arg>GG</arg>
<arg>GH</arg>
<arg>GI</arg>
<arg>GL</arg>
<arg>GM</arg>
<arg>GN</arg>
<arg>GP</arg>
<arg>GQ</arg>
<arg>GR</arg>
<arg>GS</arg>
<arg>GT</arg>
<arg>GU</arg>
<arg>GW</arg>
<arg>GY</arg>
<arg>HK</arg>
<arg>HM</arg>
<arg>HN</arg>
<arg>HR</arg>
<arg>HT</arg>
<arg>HU</arg>
<arg>ID</arg>
<arg>IE</arg>
<arg>IL</arg>
<arg>IM</arg>
<arg>IN</arg>
<arg>IO</arg>
<arg>IQ</arg>
<arg>IR</arg>
<arg>IS</arg>
<arg>IT</arg>
<arg>JE</arg>
<arg>JM</arg>
<arg>JO</arg>
<arg>JP</arg>
<arg>KE</arg>
<arg>KG</arg>
<arg>KH</arg>
<arg>KI</arg>
<arg>KM</arg>
<arg>KN</arg>
<arg>KP</arg>
<arg>KR</arg>
<arg>KW</arg>
<arg>KY</arg>
<arg>KZ</arg>
<arg>LA</arg>
<arg>LB</arg>
<arg>LC</arg>
<arg>LI</arg>
<arg>LK</arg>
<arg>LR</arg>
<arg>LS</arg>
<arg>LT</arg>
<arg>LU</arg>
<arg>LV</arg>
<arg>LY</arg>
<arg>MA</arg>
<arg>MC</arg>
<arg>MD</arg>
<arg>ME</arg>
<arg>MF</arg>
<arg>MG</arg>
<arg>MH</arg>
<arg>MK</arg>
<arg>ML</arg>
<arg>MM</arg>
<arg>MN</arg>
<arg>MO</arg>
<arg>MP</arg>
<arg>MQ</arg>
<arg>MR</arg>
<arg>MS</arg>
<arg>MT</arg>
<arg>MU</arg>
<arg>MV</arg>
<arg>MW</arg>
<arg>MX</arg>
<arg>MY</arg>
<arg>MZ</arg>
<arg>NA</arg>
<arg>NC</arg>
<arg>NE</arg>
<arg>NF</arg>
<arg>NG</arg>
<arg>NI</arg>
<arg>NL</arg>
<arg>NO</arg>
<arg>NP</arg>
<arg>NR</arg>
<arg>NU</arg>
<arg>NZ</arg>
<arg>OM</arg>
<arg>PA</arg>
<arg>PE</arg>
<arg>PF</arg>
<arg>PG</arg>
<arg>PH</arg>
<arg>PK</arg>
<arg>PL</arg>
<arg>PM</arg>
<arg>PN</arg>
<arg>PR</arg>
<arg>PS</arg>
<arg>PT</arg>
<arg>PW</arg>
<arg>PY</arg>
<arg>QA</arg>
<arg>RE</arg>
<arg>RO</arg>
<arg>RS</arg>
<arg>RU</arg>
<arg>RW</arg>
<arg>SA</arg>
<arg>SB</arg>
<arg>SC</arg>
<arg>SD</arg>
<arg>SE</arg>
<arg>SG</arg>
<arg>SH</arg>
<arg>SI</arg>
<arg>SJ</arg>
<arg>SK</arg>
<arg>SL</arg>
<arg>SM</arg>
<arg>SN</arg>
<arg>SO</arg>
<arg>SR</arg>
<arg>SS</arg>
<arg>ST</arg>
<arg>SV</arg>
<arg>SX</arg>
<arg>SY</arg>
<arg>SZ</arg>
<arg>TC</arg>
<arg>TD</arg>
<arg>TF</arg>
<arg>TG</arg>
<arg>TH</arg>
<arg>TJ</arg>
<arg>TK</arg>
<arg>TL</arg>
<arg>TM</arg>
<arg>TN</arg>
<arg>TO</arg>
<arg>TR</arg>
<arg>TT</arg>
<arg>TV</arg>
<arg>TW</arg>
<arg>TZ</arg>
<arg>UA</arg>
<arg>UG</arg>
<arg>UM</arg>
<arg>US</arg>
<arg>UY</arg>
<arg>UZ</arg>
<arg>VA</arg>
<arg>VC</arg>
<arg>VE</arg>
<arg>VG</arg>
<arg>VI</arg>
<arg>VN</arg>
<arg>VU</arg>
<arg>WF</arg>
<arg>WS</arg>
<arg>XK</arg>
<arg>YE</arg>
<arg>YT</arg>
<arg>ZA</arg>
<arg>ZM</arg>
<arg>ZW</arg>
<doc>Returns a list containing given items.</doc>
<status status="PASS" start="2024-07-26T12:28:26.752024" elapsed="0.000615"/>
</kw>
<kw name="List Should Contain Value" owner="Collections">
<arg>${list_country}</arg>
<arg>${name_country}</arg>
<doc>Fails if the ``value`` is not found from ``list``.</doc>
<status status="PASS" start="2024-07-26T12:28:26.753596" elapsed="0.000217"/>
</kw>
<kw name="Run Keyword If" owner="BuiltIn">
<kw name="Should Be True" owner="BuiltIn">
<arg>${True}</arg>
<doc>Fails if the given condition is not true.</doc>
<status status="PASS" start="2024-07-26T12:28:26.754787" elapsed="0.000145"/>
</kw>
<arg>${json_data["results"][0]["location"]["coordinates"]["latitude"]} &gt;= -90 and ${json_data["results"][0]["location"]["coordinates"]["latitude"]} &lt;= 90</arg>
<arg>Should Be True</arg>
<arg>${True}</arg>
<doc>Runs the given keyword with the given arguments, if ``condition`` is true.</doc>
<status status="PASS" start="2024-07-26T12:28:26.754013" elapsed="0.001046"/>
</kw>
<kw name="Run Keyword If" owner="BuiltIn">
<kw name="Should Be True" owner="BuiltIn">
<arg>${True}</arg>
<doc>Fails if the given condition is not true.</doc>
<status status="PASS" start="2024-07-26T12:28:26.755947" elapsed="0.000140"/>
</kw>
<arg>${json_data["results"][0]["location"]["coordinates"]["longitude"]} &gt;= -180 and ${json_data["results"][0]["location"]["coordinates"]["longitude"]} &lt;= 180</arg>
<arg>Should Be True</arg>
<arg>${True}</arg>
<doc>Runs the given keyword with the given arguments, if ``condition`` is true.</doc>
<status status="PASS" start="2024-07-26T12:28:26.755241" elapsed="0.000971"/>
</kw>
<status status="PASS" start="2024-07-26T12:28:26.644624" elapsed="0.111717"/>
</kw>
<doc>Testa o conteúdo específico dos campos retornados pela API.</doc>
<tag>testeConteudo</tag>
<status status="PASS" start="2024-07-26T12:28:26.644205" elapsed="0.112284"/>
</test>
<status status="PASS" start="2024-07-26T12:28:25.674197" elapsed="1.084240"/>
</suite>
<status status="PASS" start="2024-07-26T12:28:25.659791" elapsed="1.103953"/>
</suite>
<statistics>
<total>
<stat pass="5" fail="0" skip="0">All Tests</stat>
</total>
<tag>
<stat pass="1" fail="0" skip="0">testeConteudo</stat>
<stat pass="1" fail="0" skip="0">testeEstruturaResposta</stat>
<stat pass="1" fail="0" skip="0">testeRequisicaoBasica</stat>
<stat pass="1" fail="0" skip="0">testeTiposDados</stat>
</tag>
<suite>
<stat pass="5" fail="0" skip="0" id="s1" name="Tests">Tests</stat>
<stat pass="5" fail="0" skip="0" id="s1-s1" name="Random-User-Test">Tests.Random-User-Test</stat>
</suite>
</statistics>
<errors>
</errors>
</robot>
