<?xml version="1.0" encoding="UTF-8"?>
<robot generator="Robot 7.0 (Python 3.12.3 on linux)" generated="2024-05-25T18:17:39.029826" rpa="false" schemaversion="5">
<suite id="s1" name="Tests" source="/home/runner/work/DesafioQAItauRogerioJordao/DesafioQAItauRogerioJordao/RamdonUser/tests">
<suite id="s1-s1" name="Random-User-Test" source="/home/runner/work/DesafioQAItauRogerioJordao/DesafioQAItauRogerioJordao/RamdonUser/tests/random-user-test.robot">
<test id="s1-s1-t1" name="Conectar" line="13">
<kw name="Conectar API" owner="random-user-service">
<kw name="Create Session" owner="RequestsLibrary">
<msg time="2024-05-25T18:17:39.451971" level="INFO">Creating Session using : alias=consultarAPI, url=https://randomuser.me/, headers={},                     cookies={}, auth=None, timeout=None, proxies=None, verify=False,                     debug=0 </msg>
<arg>consultarAPI</arg>
<arg>${URL}</arg>
<doc>Create Session: create a HTTP session to a server</doc>
<status status="PASS" start="2024-05-25T18:17:39.451760" elapsed="0.000398"/>
</kw>
<status status="PASS" start="2024-05-25T18:17:39.450665" elapsed="0.001866"/>
</kw>
<status status="PASS" start="2024-05-25T18:17:39.450068" elapsed="0.002702"/>
</test>
<test id="s1-s1-t2" name="Validar retorno 200 e JSON Válido" line="16">
<kw name="Teste de Requisicao Basica" owner="random-user-service">
<kw name="GET On Session" owner="RequestsLibrary">
<msg time="2024-05-25T18:17:39.553799" level="INFO">GET Request : url=https://randomuser.me/api 
 path_url=/api 
 headers={'User-Agent': 'python-requests/2.32.2', 'Accept-Encoding': 'gzip, deflate', 'Accept': '*/*', 'Connection': 'keep-alive'} 
 body=None 
 </msg>
<msg time="2024-05-25T18:17:39.553962" level="INFO">GET Response : url=https://randomuser.me/api 
 status=200, reason=OK 
 headers={'Date': 'Sat, 25 May 2024 18:17:39 GMT', 'Content-Type': 'application/json; charset=utf-8', 'Transfer-Encoding': 'chunked', 'Connection': 'keep-alive', 'X-Powered-By': 'Express', 'Access-Control-Allow-Origin': '*', 'Cache-Control': 'no-cache', 'ETag': 'W/"488-Ywm85VwFbzXGKiIJbt5RwmwYzmY"', 'Vary': 'Accept-Encoding', 'Content-Encoding': 'gzip', 'CF-Cache-Status': 'DYNAMIC', 'Report-To': '{"endpoints":[{"url":"https:\\/\\/a.nel.cloudflare.com\\/report\\/v4?s=q145aOA8LTe6yFmiqU7TR08gx6Ga2k7NeTPaNENTwvZwfOdjdnxWmwm30YDMiZO5%2FcbUNO9WLkPWqv4i77W7sHaybcdBumDAHeMu%2BzTXEM37EdR5B3GMySz63yLJs20W"}],"group":"cf-nel","max_age":604800}', 'NEL': '{"success_fraction":0,"report_to":"cf-nel","max_age":604800}', 'Server': 'cloudflare', 'CF-RAY': '88978605df24e270-ORD', 'alt-svc': 'h3=":443"; ma=86400'} 
 body={"results":[{"gender":"female","name":{"title":"Ms","first":"Avery","last":"Gill"},"location":{"street":{"number":6125,"name":"King St"},"city":"Vanier","state":"Saskatchewan","country":"Canada","postcode":"F8V 0L5","coordinates":{"latitude":"-69.8925","longitude":"91.8484"},"timezone":{"offset":"+9:00","description":"Tokyo, Seoul, Osaka, Sapporo, Yakutsk"}},"email":"avery.gill@example.com","login":{"uuid":"35ee98ed-e7cd-46f7-b754-21ee0c3edb82","username":"browncat175","password":"eastern","salt":"DVZx0D7E","md5":"796c490d739c7fc08ff2a8fe072be81e","sha1":"0e160597e70d5bfa152688d1cd819151ceb97ebc","sha256":"dac67a1775221b897a71cd471ace96e4ed58c08253fb0fd14cc0e220b90934a0"},"dob":{"date":"1996-10-02T18:14:48.609Z","age":27},"registered":{"date":"2020-10-28T12:46:50.605Z","age":3},"phone":"U28 W75-1581","cell":"V98 J63-4438","id":{"name":"SIN","value":"593901929"},"picture":{"large":"https://randomuser.me/api/portraits/women/5.jpg","medium":"https://randomuser.me/api/portraits/med/women/5.jpg","thumbnail":"https://randomuser.me/api/portraits/thumb/women/5.jpg"},"nat":"CA"}],"info":{"seed":"3c1fed550c9a532c","results":1,"page":1,"version":"1.4"}} 
 </msg>
<msg time="2024-05-25T18:17:39.554053" level="INFO">/opt/hostedtoolcache/Python/3.12.3/x64/lib/python3.12/site-packages/urllib3/connectionpool.py:1103: InsecureRequestWarning: Unverified HTTPS request is being made to host 'randomuser.me'. Adding certificate verification is strongly advised. See: https://urllib3.readthedocs.io/en/latest/advanced-usage.html#tls-warnings
  warnings.warn(</msg>
<msg time="2024-05-25T18:17:39.554234" level="INFO">${response} = &lt;Response [200]&gt;</msg>
<var>${response}</var>
<arg>consultarAPI</arg>
<arg>/api</arg>
<doc>Sends a GET request on a previously created HTTP Session.</doc>
<status status="PASS" start="2024-05-25T18:17:39.455442" elapsed="0.098846"/>
</kw>
<kw name="Should Be Equal As Numbers" owner="BuiltIn">
<msg time="2024-05-25T18:17:39.555227" level="INFO">Argument types are:
&lt;class 'int'&gt;
&lt;class 'str'&gt;</msg>
<arg>${response.status_code}</arg>
<arg>200</arg>
<doc>Fails if objects are unequal after converting them to real numbers.</doc>
<status status="PASS" start="2024-05-25T18:17:39.554774" elapsed="0.000520"/>
</kw>
<kw name="Log" owner="BuiltIn">
<msg time="2024-05-25T18:17:39.556023" level="INFO">200</msg>
<arg>${response.status_code}</arg>
<doc>Logs the given message with the given level.</doc>
<status status="PASS" start="2024-05-25T18:17:39.555659" elapsed="0.000414"/>
</kw>
<kw name="Set Variable" owner="BuiltIn">
<msg time="2024-05-25T18:17:39.556868" level="INFO">${json_data} = {'results': [{'gender': 'female', 'name': {'title': 'Ms', 'first': 'Avery', 'last': 'Gill'}, 'location': {'street': {'number': 6125, 'name': 'King St'}, 'city': 'Vanier', 'state': 'Saskatchewan', 'cou...</msg>
<var>${json_data}</var>
<arg>${response.json()}</arg>
<doc>Returns the given values which can then be assigned to a variables.</doc>
<status status="PASS" start="2024-05-25T18:17:39.556390" elapsed="0.000507"/>
</kw>
<kw name="Dictionary Should Contain Key" owner="Collections">
<msg time="2024-05-25T18:17:39.557396" level="INFO">False</msg>
<arg>${json_data}</arg>
<arg>results</arg>
<doc>Fails if ``key`` is not found from ``dictionary``.</doc>
<status status="PASS" start="2024-05-25T18:17:39.557208" elapsed="0.000394"/>
</kw>
<status status="PASS" start="2024-05-25T18:17:39.455181" elapsed="0.102690"/>
</kw>
<doc>Testa se a API responde corretamente e retorna um objeto JSON válido.</doc>
<tag>testeRequisicaoBasica</tag>
<status status="PASS" start="2024-05-25T18:17:39.454653" elapsed="0.103401"/>
</test>
<test id="s1-s1-t3" name="Validar estrutura de resposta" line="22">
<kw name="Teste de Estrutura de Resposta" owner="random-user-service">
<kw name="GET On Session" owner="RequestsLibrary">
<msg time="2024-05-25T18:17:39.919643" level="INFO">GET Request : url=https://randomuser.me/api 
 path_url=/api 
 headers={'User-Agent': 'python-requests/2.32.2', 'Accept-Encoding': 'gzip, deflate', 'Accept': '*/*', 'Connection': 'keep-alive'} 
 body=None 
 </msg>
<msg time="2024-05-25T18:17:39.919750" level="INFO">GET Response : url=https://randomuser.me/api 
 status=200, reason=OK 
 headers={'Date': 'Sat, 25 May 2024 18:17:39 GMT', 'Content-Type': 'application/json; charset=utf-8', 'Transfer-Encoding': 'chunked', 'Connection': 'keep-alive', 'X-Powered-By': 'Express', 'Access-Control-Allow-Origin': '*', 'Cache-Control': 'no-cache', 'ETag': 'W/"482-1jENFvT6t2MDgCffSig4dUrQV0o"', 'Vary': 'Accept-Encoding', 'Content-Encoding': 'gzip', 'CF-Cache-Status': 'DYNAMIC', 'Report-To': '{"endpoints":[{"url":"https:\\/\\/a.nel.cloudflare.com\\/report\\/v4?s=VIzCw26Exx82r7yItsMnRJWIqJ%2FLiSMZ8XGZJiaIFxp7dXnmnVBXYqs50J9azO5XvGMayTWkhQY%2BSOFviF0cQl34%2BQfzEnCTmNTFBGIyfXzO5kw8bQPkIu%2BRSSG0RXue"}],"group":"cf-nel","max_age":604800}', 'NEL': '{"success_fraction":0,"report_to":"cf-nel","max_age":604800}', 'Server': 'cloudflare', 'CF-RAY': '889786064f95e270-ORD', 'alt-svc': 'h3=":443"; ma=86400'} 
 body={"results":[{"gender":"male","name":{"title":"Mr","first":"بنیامین","last":"گلشن"},"location":{"street":{"number":2088,"name":"شهید عباس افضلی"},"city":"رشت","state":"فارس","country":"Iran","postcode":25551,"coordinates":{"latitude":"17.4411","longitude":"-88.4900"},"timezone":{"offset":"+7:00","description":"Bangkok, Hanoi, Jakarta"}},"email":"bnymyn.glshn@example.com","login":{"uuid":"4fd37682-e756-45b0-a76d-08a12a556a35","username":"happyswan140","password":"jiang","salt":"3CwyvRcQ","md5":"cbe0fcb44dd1ff92e8d5dbefe2de25b9","sha1":"6c0106697b82a03caa880d2f1b04ecdd6b81f219","sha256":"c531d888dfc93c946f3688d7ce8c44510b074116d56287fedc73753a834da939"},"dob":{"date":"1975-11-23T00:02:17.298Z","age":48},"registered":{"date":"2015-02-03T11:00:18.998Z","age":9},"phone":"016-33462389","cell":"0979-547-0588","id":{"name":"","value":null},"picture":{"large":"https://randomuser.me/api/portraits/men/6.jpg","medium":"https://randomuser.me/api/portraits/med/men/6.jpg","thumbnail":"https://randomuser.me/api/portraits/thumb/men/6.jpg"},"nat":"IR"}],"info":{"seed":"fa9ef1024b12bdc4","results":1,"page":1,"version":"1.4"}} 
 </msg>
<msg time="2024-05-25T18:17:39.919886" level="INFO">/opt/hostedtoolcache/Python/3.12.3/x64/lib/python3.12/site-packages/urllib3/connectionpool.py:1103: InsecureRequestWarning: Unverified HTTPS request is being made to host 'randomuser.me'. Adding certificate verification is strongly advised. See: https://urllib3.readthedocs.io/en/latest/advanced-usage.html#tls-warnings
  warnings.warn(</msg>
<msg time="2024-05-25T18:17:39.920031" level="INFO">${response} = &lt;Response [200]&gt;</msg>
<var>${response}</var>
<arg>consultarAPI</arg>
<arg>/api</arg>
<doc>Sends a GET request on a previously created HTTP Session.</doc>
<status status="PASS" start="2024-05-25T18:17:39.560653" elapsed="0.359422"/>
</kw>
<kw name="Set Variable" owner="BuiltIn">
<msg time="2024-05-25T18:17:39.921153" level="INFO">${json_data} = {'results': [{'gender': 'male', 'name': {'title': 'Mr', 'first': 'بنیامین', 'last': 'گلشن'}, 'location': {'street': {'number': 2088, 'name': 'شهید عباس افضلی'}, 'city': 'رشت', 'state': 'فارس', 'countr...</msg>
<var>${json_data}</var>
<arg>${response.json()}</arg>
<doc>Returns the given values which can then be assigned to a variables.</doc>
<status status="PASS" start="2024-05-25T18:17:39.920579" elapsed="0.000607"/>
</kw>
<kw name="Log" owner="BuiltIn">
<msg time="2024-05-25T18:17:39.921667" level="INFO">{'results': [{'gender': 'male', 'name': {'title': 'Mr', 'first': 'بنیامین', 'last': 'گلشن'}, 'location': {'street': {'number': 2088, 'name': 'شهید عباس افضلی'}, 'city': 'رشت', 'state': 'فارس', 'country': 'Iran', 'postcode': 25551, 'coordinates': {'latitude': '17.4411', 'longitude': '-88.4900'}, 'timezone': {'offset': '+7:00', 'description': 'Bangkok, Hanoi, Jakarta'}}, 'email': 'bnymyn.glshn@example.com', 'login': {'uuid': '4fd37682-e756-45b0-a76d-08a12a556a35', 'username': 'happyswan140', 'password': 'jiang', 'salt': '3CwyvRcQ', 'md5': 'cbe0fcb44dd1ff92e8d5dbefe2de25b9', 'sha1': '6c0106697b82a03caa880d2f1b04ecdd6b81f219', 'sha256': 'c531d888dfc93c946f3688d7ce8c44510b074116d56287fedc73753a834da939'}, 'dob': {'date': '1975-11-23T00:02:17.298Z', 'age': 48}, 'registered': {'date': '2015-02-03T11:00:18.998Z', 'age': 9}, 'phone': '016-33462389', 'cell': '0979-547-0588', 'id': {'name': '', 'value': None}, 'picture': {'large': 'https://randomuser.me/api/portraits/men/6.jpg', 'medium': 'https://randomuser.me/api/portraits/med/men/6.jpg', 'thumbnail': 'https://randomuser.me/api/portraits/thumb/men/6.jpg'}, 'nat': 'IR'}], 'info': {'seed': 'fa9ef1024b12bdc4', 'results': 1, 'page': 1, 'version': '1.4'}}</msg>
<arg>${json_data}</arg>
<doc>Logs the given message with the given level.</doc>
<status status="PASS" start="2024-05-25T18:17:39.921497" elapsed="0.000223"/>
</kw>
<kw name="Dictionary Should Contain Key" owner="Collections">
<msg time="2024-05-25T18:17:39.922173" level="INFO">False</msg>
<arg>${json_data}</arg>
<arg>results</arg>
<doc>Fails if ``key`` is not found from ``dictionary``.</doc>
<status status="PASS" start="2024-05-25T18:17:39.922015" elapsed="0.000200"/>
</kw>
<kw name="Should Not Be Empty" owner="BuiltIn">
<msg time="2024-05-25T18:17:39.922655" level="INFO">Length is 2.</msg>
<arg>${json_data}</arg>
<doc>Verifies that the given item is not empty.</doc>
<status status="PASS" start="2024-05-25T18:17:39.922509" elapsed="0.000184"/>
</kw>
<kw name="Create List" owner="BuiltIn">
<msg time="2024-05-25T18:17:39.923138" level="INFO">${expected_keys} = ['gender', 'name', 'location', 'email', 'login']</msg>
<var>${expected_keys}</var>
<arg>gender</arg>
<arg>name</arg>
<arg>location</arg>
<arg>email</arg>
<arg>login</arg>
<doc>Returns a list containing given items.</doc>
<status status="PASS" start="2024-05-25T18:17:39.922986" elapsed="0.000176"/>
</kw>
<for flavor="IN">
<iter>
<kw name="Dictionary Should Contain Key" owner="Collections">
<msg time="2024-05-25T18:17:39.924152" level="INFO">False</msg>
<arg>${json_data['results'][0]}</arg>
<arg>${key}</arg>
<doc>Fails if ``key`` is not found from ``dictionary``.</doc>
<status status="PASS" start="2024-05-25T18:17:39.923744" elapsed="0.000453"/>
</kw>
<kw name="Log" owner="BuiltIn">
<msg time="2024-05-25T18:17:39.924903" level="INFO">{'gender': 'male', 'name': {'title': 'Mr', 'first': 'بنیامین', 'last': 'گلشن'}, 'location': {'street': {'number': 2088, 'name': 'شهید عباس افضلی'}, 'city': 'رشت', 'state': 'فارس', 'country': 'Iran', 'postcode': 25551, 'coordinates': {'latitude': '17.4411', 'longitude': '-88.4900'}, 'timezone': {'offset': '+7:00', 'description': 'Bangkok, Hanoi, Jakarta'}}, 'email': 'bnymyn.glshn@example.com', 'login': {'uuid': '4fd37682-e756-45b0-a76d-08a12a556a35', 'username': 'happyswan140', 'password': 'jiang', 'salt': '3CwyvRcQ', 'md5': 'cbe0fcb44dd1ff92e8d5dbefe2de25b9', 'sha1': '6c0106697b82a03caa880d2f1b04ecdd6b81f219', 'sha256': 'c531d888dfc93c946f3688d7ce8c44510b074116d56287fedc73753a834da939'}, 'dob': {'date': '1975-11-23T00:02:17.298Z', 'age': 48}, 'registered': {'date': '2015-02-03T11:00:18.998Z', 'age': 9}, 'phone': '016-33462389', 'cell': '0979-547-0588', 'id': {'name': '', 'value': None}, 'picture': {'large': 'https://randomuser.me/api/portraits/men/6.jpg', 'medium': 'https://randomuser.me/api/portraits/med/men/6.jpg', 'thumbnail': 'https://randomuser.me/api/portraits/thumb/men/6.jpg'}, 'nat': 'IR'}</msg>
<arg>${json_data['results'][0]}</arg>
<doc>Logs the given message with the given level.</doc>
<status status="PASS" start="2024-05-25T18:17:39.924499" elapsed="0.000456"/>
</kw>
<kw name="Log" owner="BuiltIn">
<msg time="2024-05-25T18:17:39.925384" level="INFO">gender</msg>
<arg>${key}</arg>
<doc>Logs the given message with the given level.</doc>
<status status="PASS" start="2024-05-25T18:17:39.925257" elapsed="0.000163"/>
</kw>
<var name="${key}">gender</var>
<status status="PASS" start="2024-05-25T18:17:39.923618" elapsed="0.002015"/>
</iter>
<iter>
<kw name="Dictionary Should Contain Key" owner="Collections">
<msg time="2024-05-25T18:17:39.926329" level="INFO">False</msg>
<arg>${json_data['results'][0]}</arg>
<arg>${key}</arg>
<doc>Fails if ``key`` is not found from ``dictionary``.</doc>
<status status="PASS" start="2024-05-25T18:17:39.925934" elapsed="0.000431"/>
</kw>
<kw name="Log" owner="BuiltIn">
<msg time="2024-05-25T18:17:39.927049" level="INFO">{'gender': 'male', 'name': {'title': 'Mr', 'first': 'بنیامین', 'last': 'گلشن'}, 'location': {'street': {'number': 2088, 'name': 'شهید عباس افضلی'}, 'city': 'رشت', 'state': 'فارس', 'country': 'Iran', 'postcode': 25551, 'coordinates': {'latitude': '17.4411', 'longitude': '-88.4900'}, 'timezone': {'offset': '+7:00', 'description': 'Bangkok, Hanoi, Jakarta'}}, 'email': 'bnymyn.glshn@example.com', 'login': {'uuid': '4fd37682-e756-45b0-a76d-08a12a556a35', 'username': 'happyswan140', 'password': 'jiang', 'salt': '3CwyvRcQ', 'md5': 'cbe0fcb44dd1ff92e8d5dbefe2de25b9', 'sha1': '6c0106697b82a03caa880d2f1b04ecdd6b81f219', 'sha256': 'c531d888dfc93c946f3688d7ce8c44510b074116d56287fedc73753a834da939'}, 'dob': {'date': '1975-11-23T00:02:17.298Z', 'age': 48}, 'registered': {'date': '2015-02-03T11:00:18.998Z', 'age': 9}, 'phone': '016-33462389', 'cell': '0979-547-0588', 'id': {'name': '', 'value': None}, 'picture': {'large': 'https://randomuser.me/api/portraits/men/6.jpg', 'medium': 'https://randomuser.me/api/portraits/med/men/6.jpg', 'thumbnail': 'https://randomuser.me/api/portraits/thumb/men/6.jpg'}, 'nat': 'IR'}</msg>
<arg>${json_data['results'][0]}</arg>
<doc>Logs the given message with the given level.</doc>
<status status="PASS" start="2024-05-25T18:17:39.926688" elapsed="0.000412"/>
</kw>
<kw name="Log" owner="BuiltIn">
<msg time="2024-05-25T18:17:39.927525" level="INFO">name</msg>
<arg>${key}</arg>
<doc>Logs the given message with the given level.</doc>
<status status="PASS" start="2024-05-25T18:17:39.927399" elapsed="0.000163"/>
</kw>
<var name="${key}">name</var>
<status status="PASS" start="2024-05-25T18:17:39.925821" elapsed="0.001962"/>
</iter>
<iter>
<kw name="Dictionary Should Contain Key" owner="Collections">
<msg time="2024-05-25T18:17:39.928440" level="INFO">False</msg>
<arg>${json_data['results'][0]}</arg>
<arg>${key}</arg>
<doc>Fails if ``key`` is not found from ``dictionary``.</doc>
<status status="PASS" start="2024-05-25T18:17:39.928069" elapsed="0.000408"/>
</kw>
<kw name="Log" owner="BuiltIn">
<msg time="2024-05-25T18:17:39.929177" level="INFO">{'gender': 'male', 'name': {'title': 'Mr', 'first': 'بنیامین', 'last': 'گلشن'}, 'location': {'street': {'number': 2088, 'name': 'شهید عباس افضلی'}, 'city': 'رشت', 'state': 'فارس', 'country': 'Iran', 'postcode': 25551, 'coordinates': {'latitude': '17.4411', 'longitude': '-88.4900'}, 'timezone': {'offset': '+7:00', 'description': 'Bangkok, Hanoi, Jakarta'}}, 'email': 'bnymyn.glshn@example.com', 'login': {'uuid': '4fd37682-e756-45b0-a76d-08a12a556a35', 'username': 'happyswan140', 'password': 'jiang', 'salt': '3CwyvRcQ', 'md5': 'cbe0fcb44dd1ff92e8d5dbefe2de25b9', 'sha1': '6c0106697b82a03caa880d2f1b04ecdd6b81f219', 'sha256': 'c531d888dfc93c946f3688d7ce8c44510b074116d56287fedc73753a834da939'}, 'dob': {'date': '1975-11-23T00:02:17.298Z', 'age': 48}, 'registered': {'date': '2015-02-03T11:00:18.998Z', 'age': 9}, 'phone': '016-33462389', 'cell': '0979-547-0588', 'id': {'name': '', 'value': None}, 'picture': {'large': 'https://randomuser.me/api/portraits/men/6.jpg', 'medium': 'https://randomuser.me/api/portraits/med/men/6.jpg', 'thumbnail': 'https://randomuser.me/api/portraits/thumb/men/6.jpg'}, 'nat': 'IR'}</msg>
<arg>${json_data['results'][0]}</arg>
<doc>Logs the given message with the given level.</doc>
<status status="PASS" start="2024-05-25T18:17:39.928807" elapsed="0.000421"/>
</kw>
<kw name="Log" owner="BuiltIn">
<msg time="2024-05-25T18:17:39.929647" level="INFO">location</msg>
<arg>${key}</arg>
<doc>Logs the given message with the given level.</doc>
<status status="PASS" start="2024-05-25T18:17:39.929523" elapsed="0.000162"/>
</kw>
<var name="${key}">location</var>
<status status="PASS" start="2024-05-25T18:17:39.927959" elapsed="0.001943"/>
</iter>
<iter>
<kw name="Dictionary Should Contain Key" owner="Collections">
<msg time="2024-05-25T18:17:39.930676" level="INFO">False</msg>
<arg>${json_data['results'][0]}</arg>
<arg>${key}</arg>
<doc>Fails if ``key`` is not found from ``dictionary``.</doc>
<status status="PASS" start="2024-05-25T18:17:39.930182" elapsed="0.000531"/>
</kw>
<kw name="Log" owner="BuiltIn">
<msg time="2024-05-25T18:17:39.931373" level="INFO">{'gender': 'male', 'name': {'title': 'Mr', 'first': 'بنیامین', 'last': 'گلشن'}, 'location': {'street': {'number': 2088, 'name': 'شهید عباس افضلی'}, 'city': 'رشت', 'state': 'فارس', 'country': 'Iran', 'postcode': 25551, 'coordinates': {'latitude': '17.4411', 'longitude': '-88.4900'}, 'timezone': {'offset': '+7:00', 'description': 'Bangkok, Hanoi, Jakarta'}}, 'email': 'bnymyn.glshn@example.com', 'login': {'uuid': '4fd37682-e756-45b0-a76d-08a12a556a35', 'username': 'happyswan140', 'password': 'jiang', 'salt': '3CwyvRcQ', 'md5': 'cbe0fcb44dd1ff92e8d5dbefe2de25b9', 'sha1': '6c0106697b82a03caa880d2f1b04ecdd6b81f219', 'sha256': 'c531d888dfc93c946f3688d7ce8c44510b074116d56287fedc73753a834da939'}, 'dob': {'date': '1975-11-23T00:02:17.298Z', 'age': 48}, 'registered': {'date': '2015-02-03T11:00:18.998Z', 'age': 9}, 'phone': '016-33462389', 'cell': '0979-547-0588', 'id': {'name': '', 'value': None}, 'picture': {'large': 'https://randomuser.me/api/portraits/men/6.jpg', 'medium': 'https://randomuser.me/api/portraits/med/men/6.jpg', 'thumbnail': 'https://randomuser.me/api/portraits/thumb/men/6.jpg'}, 'nat': 'IR'}</msg>
<arg>${json_data['results'][0]}</arg>
<doc>Logs the given message with the given level.</doc>
<status status="PASS" start="2024-05-25T18:17:39.931013" elapsed="0.000411"/>
</kw>
<kw name="Log" owner="BuiltIn">
<msg time="2024-05-25T18:17:39.931850" level="INFO">email</msg>
<arg>${key}</arg>
<doc>Logs the given message with the given level.</doc>
<status status="PASS" start="2024-05-25T18:17:39.931722" elapsed="0.000164"/>
</kw>
<var name="${key}">email</var>
<status status="PASS" start="2024-05-25T18:17:39.930071" elapsed="0.002029"/>
</iter>
<iter>
<kw name="Dictionary Should Contain Key" owner="Collections">
<msg time="2024-05-25T18:17:39.932790" level="INFO">False</msg>
<arg>${json_data['results'][0]}</arg>
<arg>${key}</arg>
<doc>Fails if ``key`` is not found from ``dictionary``.</doc>
<status status="PASS" start="2024-05-25T18:17:39.932386" elapsed="0.000442"/>
</kw>
<kw name="Log" owner="BuiltIn">
<msg time="2024-05-25T18:17:39.933484" level="INFO">{'gender': 'male', 'name': {'title': 'Mr', 'first': 'بنیامین', 'last': 'گلشن'}, 'location': {'street': {'number': 2088, 'name': 'شهید عباس افضلی'}, 'city': 'رشت', 'state': 'فارس', 'country': 'Iran', 'postcode': 25551, 'coordinates': {'latitude': '17.4411', 'longitude': '-88.4900'}, 'timezone': {'offset': '+7:00', 'description': 'Bangkok, Hanoi, Jakarta'}}, 'email': 'bnymyn.glshn@example.com', 'login': {'uuid': '4fd37682-e756-45b0-a76d-08a12a556a35', 'username': 'happyswan140', 'password': 'jiang', 'salt': '3CwyvRcQ', 'md5': 'cbe0fcb44dd1ff92e8d5dbefe2de25b9', 'sha1': '6c0106697b82a03caa880d2f1b04ecdd6b81f219', 'sha256': 'c531d888dfc93c946f3688d7ce8c44510b074116d56287fedc73753a834da939'}, 'dob': {'date': '1975-11-23T00:02:17.298Z', 'age': 48}, 'registered': {'date': '2015-02-03T11:00:18.998Z', 'age': 9}, 'phone': '016-33462389', 'cell': '0979-547-0588', 'id': {'name': '', 'value': None}, 'picture': {'large': 'https://randomuser.me/api/portraits/men/6.jpg', 'medium': 'https://randomuser.me/api/portraits/med/men/6.jpg', 'thumbnail': 'https://randomuser.me/api/portraits/thumb/men/6.jpg'}, 'nat': 'IR'}</msg>
<arg>${json_data['results'][0]}</arg>
<doc>Logs the given message with the given level.</doc>
<status status="PASS" start="2024-05-25T18:17:39.933127" elapsed="0.000406"/>
</kw>
<kw name="Log" owner="BuiltIn">
<msg time="2024-05-25T18:17:39.933953" level="INFO">login</msg>
<arg>${key}</arg>
<doc>Logs the given message with the given level.</doc>
<status status="PASS" start="2024-05-25T18:17:39.933825" elapsed="0.000166"/>
</kw>
<var name="${key}">login</var>
<status status="PASS" start="2024-05-25T18:17:39.932275" elapsed="0.001930"/>
</iter>
<var>${key}</var>
<value>@{expected_keys}</value>
<status status="PASS" start="2024-05-25T18:17:39.923424" elapsed="0.010930"/>
</for>
<kw name="Create List" owner="BuiltIn">
<msg time="2024-05-25T18:17:39.934695" level="INFO">${expected_keysTwo} = ['username', 'password']</msg>
<var>${expected_keysTwo}</var>
<arg>username</arg>
<arg>password</arg>
<doc>Returns a list containing given items.</doc>
<status status="PASS" start="2024-05-25T18:17:39.934558" elapsed="0.000160"/>
</kw>
<for flavor="IN">
<iter>
<kw name="Dictionary Should Contain Key" owner="Collections">
<msg time="2024-05-25T18:17:39.935605" level="INFO">False</msg>
<arg>${json_data['results'][0]['login']}</arg>
<arg>${keyTwo}</arg>
<doc>Fails if ``key`` is not found from ``dictionary``.</doc>
<status status="PASS" start="2024-05-25T18:17:39.935220" elapsed="0.000422"/>
</kw>
<kw name="Dictionary Should Contain Key" owner="Collections">
<msg time="2024-05-25T18:17:39.936306" level="INFO">False</msg>
<arg>${json_data['results'][0]['login']}</arg>
<arg>${keyTwo}</arg>
<doc>Fails if ``key`` is not found from ``dictionary``.</doc>
<status status="PASS" start="2024-05-25T18:17:39.935934" elapsed="0.000409"/>
</kw>
<kw name="Log" owner="BuiltIn">
<msg time="2024-05-25T18:17:39.936792" level="INFO">username</msg>
<arg>${keyTwo}</arg>
<doc>Logs the given message with the given level.</doc>
<status status="PASS" start="2024-05-25T18:17:39.936654" elapsed="0.000174"/>
</kw>
<var name="${keyTwo}">username</var>
<status status="PASS" start="2024-05-25T18:17:39.935109" elapsed="0.001930"/>
</iter>
<iter>
<kw name="Dictionary Should Contain Key" owner="Collections">
<msg time="2024-05-25T18:17:39.937697" level="INFO">False</msg>
<arg>${json_data['results'][0]['login']}</arg>
<arg>${keyTwo}</arg>
<doc>Fails if ``key`` is not found from ``dictionary``.</doc>
<status status="PASS" start="2024-05-25T18:17:39.937319" elapsed="0.000415"/>
</kw>
<kw name="Dictionary Should Contain Key" owner="Collections">
<msg time="2024-05-25T18:17:39.938400" level="INFO">False</msg>
<arg>${json_data['results'][0]['login']}</arg>
<arg>${keyTwo}</arg>
<doc>Fails if ``key`` is not found from ``dictionary``.</doc>
<status status="PASS" start="2024-05-25T18:17:39.938027" elapsed="0.000410"/>
</kw>
<kw name="Log" owner="BuiltIn">
<msg time="2024-05-25T18:17:39.938867" level="INFO">password</msg>
<arg>${keyTwo}</arg>
<doc>Logs the given message with the given level.</doc>
<status status="PASS" start="2024-05-25T18:17:39.938731" elapsed="0.000172"/>
</kw>
<var name="${keyTwo}">password</var>
<status status="PASS" start="2024-05-25T18:17:39.937210" elapsed="0.001907"/>
</iter>
<var>${keyTwo}</var>
<value>@{expected_keysTwo}</value>
<status status="PASS" start="2024-05-25T18:17:39.934952" elapsed="0.004284"/>
</for>
<status status="PASS" start="2024-05-25T18:17:39.560376" elapsed="0.379000"/>
</kw>
<doc>Testa a estrutura da resposta da API.</doc>
<tag>testeEstruturaResposta</tag>
<status status="PASS" start="2024-05-25T18:17:39.559879" elapsed="0.379653"/>
</test>
<test id="s1-s1-t4" name="Validar tipos de dados" line="28">
<kw name="Teste de Tipos de Dados" owner="random-user-service">
<kw name="GET On Session" owner="RequestsLibrary">
<msg time="2024-05-25T18:17:39.997706" level="INFO">GET Request : url=https://randomuser.me/api 
 path_url=/api 
 headers={'User-Agent': 'python-requests/2.32.2', 'Accept-Encoding': 'gzip, deflate', 'Accept': '*/*', 'Connection': 'keep-alive'} 
 body=None 
 </msg>
<msg time="2024-05-25T18:17:39.997786" level="INFO">GET Response : url=https://randomuser.me/api 
 status=200, reason=OK 
 headers={'Date': 'Sat, 25 May 2024 18:17:39 GMT', 'Content-Type': 'application/json; charset=utf-8', 'Transfer-Encoding': 'chunked', 'Connection': 'keep-alive', 'X-Powered-By': 'Express', 'Access-Control-Allow-Origin': '*', 'Cache-Control': 'no-cache', 'ETag': 'W/"48b-JPShUu4tC2z5xG3ZD1ZjxbgZr3M"', 'Vary': 'Accept-Encoding', 'Content-Encoding': 'gzip', 'CF-Cache-Status': 'DYNAMIC', 'Report-To': '{"endpoints":[{"url":"https:\\/\\/a.nel.cloudflare.com\\/report\\/v4?s=LdLDSjw0w4rtr5Kotn6S%2F3EVhkxVYSbVdgNtHhOQbMweP07fYrcS7z36HFyvsTHVkBSJg%2FvTyjUYsNjmW3oULWhuW2El%2F7TbxTBhk3y43TH%2FiR15mmzEtS4uJSwu8V3D"}],"group":"cf-nel","max_age":604800}', 'NEL': '{"success_fraction":0,"report_to":"cf-nel","max_age":604800}', 'Server': 'cloudflare', 'CF-RAY': '88978608a9d3e270-ORD', 'alt-svc': 'h3=":443"; ma=86400'} 
 body={"results":[{"gender":"male","name":{"title":"Mr","first":"Nagesh","last":"Acharya"},"location":{"street":{"number":9507,"name":"Ratha Bheedi"},"city":"Ambala","state":"Punjab","country":"India","postcode":80392,"coordinates":{"latitude":"7.6652","longitude":"-115.0738"},"timezone":{"offset":"+11:00","description":"Magadan, Solomon Islands, New Caledonia"}},"email":"nagesh.acharya@example.com","login":{"uuid":"90ffc0cc-9637-4795-bd7d-860638c73e20","username":"lazyswan586","password":"stonecol","salt":"LApCCJu9","md5":"6d4888112ab198ed165fdc24d5bbec35","sha1":"bdc3da10dc6c29b377c388b59668d744c91bd2c3","sha256":"f9002651b3eb1bb606173f77d59b2fe628d84bf85ddd1d51f6f51117f8f79a3d"},"dob":{"date":"1968-01-31T19:34:46.893Z","age":56},"registered":{"date":"2002-12-23T14:48:33.939Z","age":21},"phone":"7574281043","cell":"7130750345","id":{"name":"UIDAI","value":"502473329439"},"picture":{"large":"https://randomuser.me/api/portraits/men/39.jpg","medium":"https://randomuser.me/api/portraits/med/men/39.jpg","thumbnail":"https://randomuser.me/api/portraits/thumb/men/39.jpg"},"nat":"IN"}],"info":{"seed":"17dd8dd6161b4585","results":1,"page":1,"version":"1.4"}} 
 </msg>
<msg time="2024-05-25T18:17:39.997858" level="INFO">/opt/hostedtoolcache/Python/3.12.3/x64/lib/python3.12/site-packages/urllib3/connectionpool.py:1103: InsecureRequestWarning: Unverified HTTPS request is being made to host 'randomuser.me'. Adding certificate verification is strongly advised. See: https://urllib3.readthedocs.io/en/latest/advanced-usage.html#tls-warnings
  warnings.warn(</msg>
<msg time="2024-05-25T18:17:39.997991" level="INFO">${response} = &lt;Response [200]&gt;</msg>
<var>${response}</var>
<arg>consultarAPI</arg>
<arg>/api</arg>
<doc>Sends a GET request on a previously created HTTP Session.</doc>
<status status="PASS" start="2024-05-25T18:17:39.942027" elapsed="0.056004"/>
</kw>
<kw name="Set Variable" owner="BuiltIn">
<msg time="2024-05-25T18:17:39.998910" level="INFO">${json_data} = {'results': [{'gender': 'male', 'name': {'title': 'Mr', 'first': 'Nagesh', 'last': 'Acharya'}, 'location': {'street': {'number': 9507, 'name': 'Ratha Bheedi'}, 'city': 'Ambala', 'state': 'Punjab', 'co...</msg>
<var>${json_data}</var>
<arg>${response.json()}</arg>
<doc>Returns the given values which can then be assigned to a variables.</doc>
<status status="PASS" start="2024-05-25T18:17:39.998465" elapsed="0.000472"/>
</kw>
<kw name="Log" owner="BuiltIn">
<msg time="2024-05-25T18:17:39.999393" level="INFO">{'results': [{'gender': 'male', 'name': {'title': 'Mr', 'first': 'Nagesh', 'last': 'Acharya'}, 'location': {'street': {'number': 9507, 'name': 'Ratha Bheedi'}, 'city': 'Ambala', 'state': 'Punjab', 'country': 'India', 'postcode': 80392, 'coordinates': {'latitude': '7.6652', 'longitude': '-115.0738'}, 'timezone': {'offset': '+11:00', 'description': 'Magadan, Solomon Islands, New Caledonia'}}, 'email': 'nagesh.acharya@example.com', 'login': {'uuid': '90ffc0cc-9637-4795-bd7d-860638c73e20', 'username': 'lazyswan586', 'password': 'stonecol', 'salt': 'LApCCJu9', 'md5': '6d4888112ab198ed165fdc24d5bbec35', 'sha1': 'bdc3da10dc6c29b377c388b59668d744c91bd2c3', 'sha256': 'f9002651b3eb1bb606173f77d59b2fe628d84bf85ddd1d51f6f51117f8f79a3d'}, 'dob': {'date': '1968-01-31T19:34:46.893Z', 'age': 56}, 'registered': {'date': '2002-12-23T14:48:33.939Z', 'age': 21}, 'phone': '7574281043', 'cell': '7130750345', 'id': {'name': 'UIDAI', 'value': '502473329439'}, 'picture': {'large': 'https://randomuser.me/api/portraits/men/39.jpg', 'medium': 'https://randomuser.me/api/portraits/med/men/39.jpg', 'thumbnail': 'https://randomuser.me/api/portraits/thumb/men/39.jpg'}, 'nat': 'IN'}], 'info': {'seed': '17dd8dd6161b4585', 'results': 1, 'page': 1, 'version': '1.4'}}</msg>
<arg>${json_data}</arg>
<doc>Logs the given message with the given level.</doc>
<status status="PASS" start="2024-05-25T18:17:39.999244" elapsed="0.000226"/>
</kw>
<kw name="Should Be String" owner="String">
<arg>${json_data['results'][0]['gender']}</arg>
<doc>Fails if the given ``item`` is not a string.</doc>
<status status="PASS" start="2024-05-25T18:17:39.999769" elapsed="0.000359"/>
</kw>
<kw name="Should Match Regexp" owner="BuiltIn">
<arg>${json_data['results'][0]['email']}</arg>
<arg>^[a-zA-Z0-9._%+-]+@[a-zA-Z0-9.-]+\.[a-zA-Z]{2,}$</arg>
<doc>Fails if ``string`` does not match ``pattern`` as a regular expression.</doc>
<status status="PASS" start="2024-05-25T18:17:40.000317" elapsed="0.000656"/>
</kw>
<kw name="Should Match Regexp" owner="BuiltIn">
<arg>${json_data['results'][0]['dob']['date']}</arg>
<arg>\\d{4}-\\d{2}-\\d{2}T\\d{2}:\\d{2}:\\d{2}\\.\\d{3}Z</arg>
<doc>Fails if ``string`` does not match ``pattern`` as a regular expression.</doc>
<status status="PASS" start="2024-05-25T18:17:40.001173" elapsed="0.000482"/>
</kw>
<kw name="Should Match Regexp" owner="BuiltIn">
<arg>${json_data['results'][0]['registered']['date']}</arg>
<arg>\\d{4}-\\d{2}-\\d{2}T\\d{2}:\\d{2}:\\d{2}\\.\\d{3}Z</arg>
<doc>Fails if ``string`` does not match ``pattern`` as a regular expression.</doc>
<status status="PASS" start="2024-05-25T18:17:40.001848" elapsed="0.000361"/>
</kw>
<kw name="Should Match Regexp" owner="BuiltIn">
<arg>${json_data['results'][0]['picture']['large']}</arg>
<arg>^https?://.*\.(?:png|jpe?g|gif|bmp)$</arg>
<doc>Fails if ``string`` does not match ``pattern`` as a regular expression.</doc>
<status status="PASS" start="2024-05-25T18:17:40.002397" elapsed="0.000468"/>
</kw>
<kw name="Should Match Regexp" owner="BuiltIn">
<arg>${json_data['results'][0]['picture']['medium']}</arg>
<arg>^https?://.*\.(?:png|jpe?g|gif|bmp)$</arg>
<doc>Fails if ``string`` does not match ``pattern`` as a regular expression.</doc>
<status status="PASS" start="2024-05-25T18:17:40.003053" elapsed="0.000344"/>
</kw>
<kw name="Should Match Regexp" owner="BuiltIn">
<arg>${json_data['results'][0]['picture']['thumbnail']}</arg>
<arg>^https?://.*\.(?:png|jpe?g|gif|bmp)$</arg>
<doc>Fails if ``string`` does not match ``pattern`` as a regular expression.</doc>
<status status="PASS" start="2024-05-25T18:17:40.003581" elapsed="0.000341"/>
</kw>
<kw name="Log" owner="BuiltIn">
<msg time="2024-05-25T18:17:40.004418" level="INFO">{'large': 'https://randomuser.me/api/portraits/men/39.jpg', 'medium': 'https://randomuser.me/api/portraits/med/men/39.jpg', 'thumbnail': 'https://randomuser.me/api/portraits/thumb/men/39.jpg'}</msg>
<arg>${json_data['results'][0]['picture']}</arg>
<doc>Logs the given message with the given level.</doc>
<status status="PASS" start="2024-05-25T18:17:40.004101" elapsed="0.000359"/>
</kw>
<status status="PASS" start="2024-05-25T18:17:39.941789" elapsed="0.062948"/>
</kw>
<kw name="Teste de Tipos de Dados - Postcode" owner="random-user-service">
<kw name="GET On Session" owner="RequestsLibrary">
<msg time="2024-05-25T18:17:40.082252" level="INFO">GET Request : url=https://randomuser.me/api 
 path_url=/api 
 headers={'User-Agent': 'python-requests/2.32.2', 'Accept-Encoding': 'gzip, deflate', 'Accept': '*/*', 'Connection': 'keep-alive'} 
 body=None 
 </msg>
<msg time="2024-05-25T18:17:40.082381" level="INFO">GET Response : url=https://randomuser.me/api 
 status=200, reason=OK 
 headers={'Date': 'Sat, 25 May 2024 18:17:40 GMT', 'Content-Type': 'application/json; charset=utf-8', 'Transfer-Encoding': 'chunked', 'Connection': 'keep-alive', 'X-Powered-By': 'Express', 'Access-Control-Allow-Origin': '*', 'Cache-Control': 'no-cache', 'ETag': 'W/"488-dxPKB9GwVkI/eNTPDRJwiCY1ZrI"', 'Vary': 'Accept-Encoding', 'Content-Encoding': 'gzip', 'CF-Cache-Status': 'DYNAMIC', 'Report-To': '{"endpoints":[{"url":"https:\\/\\/a.nel.cloudflare.com\\/report\\/v4?s=WsKWEpsSa4ERJGEnk4hMTGVtB5xtN3D4XLklgkeU%2FoNpZPN8LVhEBbuY4yPm6J0JiaXpMd5X4JSjDWCAqcIE0%2F77R1ikp2yFDl7pUowp%2BPtjg9sXJ0WcXJPPrWP1QIWN"}],"group":"cf-nel","max_age":604800}', 'NEL': '{"success_fraction":0,"report_to":"cf-nel","max_age":604800}', 'Server': 'cloudflare', 'CF-RAY': '889786090a4de270-ORD', 'alt-svc': 'h3=":443"; ma=86400'} 
 body={"results":[{"gender":"male","name":{"title":"Mr","first":"Magne","last":"Dalaker"},"location":{"street":{"number":5745,"name":"Morells vei"},"city":"Svelgen","state":"Sør-Trøndelag","country":"Norway","postcode":"9651","coordinates":{"latitude":"44.3450","longitude":"-10.3547"},"timezone":{"offset":"+5:30","description":"Bombay, Calcutta, Madras, New Delhi"}},"email":"magne.dalaker@example.com","login":{"uuid":"82b99cb4-4425-4da0-a780-9ecfc4d73149","username":"orangebear647","password":"jeanette","salt":"rsjwZNdA","md5":"426f58ad0ac3c0760bde881fa92b1845","sha1":"22184dd2a0e6128390554c46566cf57d130bb702","sha256":"9be7a11ba06f24f08008aea723fce150e715d7881e52347280048109ec8b4673"},"dob":{"date":"1994-08-10T21:23:29.938Z","age":29},"registered":{"date":"2018-04-03T16:00:53.457Z","age":6},"phone":"72842135","cell":"49352897","id":{"name":"FN","value":"10089445561"},"picture":{"large":"https://randomuser.me/api/portraits/men/98.jpg","medium":"https://randomuser.me/api/portraits/med/men/98.jpg","thumbnail":"https://randomuser.me/api/portraits/thumb/men/98.jpg"},"nat":"NO"}],"info":{"seed":"a609d5dc21d2ab42","results":1,"page":1,"version":"1.4"}} 
 </msg>
<msg time="2024-05-25T18:17:40.082448" level="INFO">/opt/hostedtoolcache/Python/3.12.3/x64/lib/python3.12/site-packages/urllib3/connectionpool.py:1103: InsecureRequestWarning: Unverified HTTPS request is being made to host 'randomuser.me'. Adding certificate verification is strongly advised. See: https://urllib3.readthedocs.io/en/latest/advanced-usage.html#tls-warnings
  warnings.warn(</msg>
<msg time="2024-05-25T18:17:40.082650" level="INFO">${response} = &lt;Response [200]&gt;</msg>
<var>${response}</var>
<arg>consultarAPI</arg>
<arg>/api</arg>
<doc>Sends a GET request on a previously created HTTP Session.</doc>
<status status="PASS" start="2024-05-25T18:17:40.005172" elapsed="0.077516"/>
</kw>
<kw name="Set Variable" owner="BuiltIn">
<msg time="2024-05-25T18:17:40.084016" level="INFO">${json_data} = {'results': [{'gender': 'male', 'name': {'title': 'Mr', 'first': 'Magne', 'last': 'Dalaker'}, 'location': {'street': {'number': 5745, 'name': 'Morells vei'}, 'city': 'Svelgen', 'state': 'Sør-Trøndelag...</msg>
<var>${json_data}</var>
<arg>${response.json()}</arg>
<doc>Returns the given values which can then be assigned to a variables.</doc>
<status status="PASS" start="2024-05-25T18:17:40.083284" elapsed="0.000764"/>
</kw>
<kw name="Log" owner="BuiltIn">
<msg time="2024-05-25T18:17:40.084975" level="INFO">{'results': [{'gender': 'male', 'name': {'title': 'Mr', 'first': 'Magne', 'last': 'Dalaker'}, 'location': {'street': {'number': 5745, 'name': 'Morells vei'}, 'city': 'Svelgen', 'state': 'Sør-Trøndelag', 'country': 'Norway', 'postcode': '9651', 'coordinates': {'latitude': '44.3450', 'longitude': '-10.3547'}, 'timezone': {'offset': '+5:30', 'description': 'Bombay, Calcutta, Madras, New Delhi'}}, 'email': 'magne.dalaker@example.com', 'login': {'uuid': '82b99cb4-4425-4da0-a780-9ecfc4d73149', 'username': 'orangebear647', 'password': 'jeanette', 'salt': 'rsjwZNdA', 'md5': '426f58ad0ac3c0760bde881fa92b1845', 'sha1': '22184dd2a0e6128390554c46566cf57d130bb702', 'sha256': '9be7a11ba06f24f08008aea723fce150e715d7881e52347280048109ec8b4673'}, 'dob': {'date': '1994-08-10T21:23:29.938Z', 'age': 29}, 'registered': {'date': '2018-04-03T16:00:53.457Z', 'age': 6}, 'phone': '72842135', 'cell': '49352897', 'id': {'name': 'FN', 'value': '10089445561'}, 'picture': {'large': 'https://randomuser.me/api/portraits/men/98.jpg', 'medium': 'https://randomuser.me/api/portraits/med/men/98.jpg', 'thumbnail': 'https://randomuser.me/api/portraits/thumb/men/98.jpg'}, 'nat': 'NO'}], 'info': {'seed': 'a609d5dc21d2ab42', 'results': 1, 'page': 1, 'version': '1.4'}}</msg>
<arg>${json_data}</arg>
<doc>Logs the given message with the given level.</doc>
<status status="PASS" start="2024-05-25T18:17:40.084559" elapsed="0.000513"/>
</kw>
<kw name="Should Be Equal As Numbers" owner="BuiltIn">
<arg>${json_data['results'][0]['location']['postcode']}</arg>
<arg>${json_data['results'][0]['location']['postcode']}</arg>
<doc>Fails if objects are unequal after converting them to real numbers.</doc>
<status status="PASS" start="2024-05-25T18:17:40.085569" elapsed="0.001015"/>
</kw>
<kw name="Log" owner="BuiltIn">
<msg time="2024-05-25T18:17:40.087422" level="INFO">9651</msg>
<arg>${json_data['results'][0]['location']['postcode']}</arg>
<doc>Logs the given message with the given level.</doc>
<status status="PASS" start="2024-05-25T18:17:40.086897" elapsed="0.000620"/>
</kw>
<status status="PASS" start="2024-05-25T18:17:40.004951" elapsed="0.082944"/>
</kw>
<doc>Testa se os tipos de dados na resposta da API estão corretos.</doc>
<tag>testeTiposDados</tag>
<status status="PASS" start="2024-05-25T18:17:39.941315" elapsed="0.146864"/>
</test>
<test id="s1-s1-t5" name="Validar conteudo" line="35">
<kw name="Teste de Tipos de Conteudo" owner="random-user-service">
<kw name="GET On Session" owner="RequestsLibrary">
<msg time="2024-05-25T18:17:40.182374" level="INFO">GET Request : url=https://randomuser.me/api 
 path_url=/api 
 headers={'User-Agent': 'python-requests/2.32.2', 'Accept-Encoding': 'gzip, deflate', 'Accept': '*/*', 'Connection': 'keep-alive'} 
 body=None 
 </msg>
<msg time="2024-05-25T18:17:40.182461" level="INFO">GET Response : url=https://randomuser.me/api 
 status=200, reason=OK 
 headers={'Date': 'Sat, 25 May 2024 18:17:40 GMT', 'Content-Type': 'application/json; charset=utf-8', 'Transfer-Encoding': 'chunked', 'Connection': 'keep-alive', 'X-Powered-By': 'Express', 'Access-Control-Allow-Origin': '*', 'Cache-Control': 'no-cache', 'ETag': 'W/"477-vuqSfGk/pUgIvqIilEMgFtncfZc"', 'Vary': 'Accept-Encoding', 'Content-Encoding': 'gzip', 'CF-Cache-Status': 'DYNAMIC', 'Report-To': '{"endpoints":[{"url":"https:\\/\\/a.nel.cloudflare.com\\/report\\/v4?s=ZZjvX%2B6nXcTFBnBXiNNM%2Fdg6ysE%2BuVcpMw5lFAJUprGdCtQSjHvosGA85Ts54h0VxrmiRuQSV9GEslXj%2F8ZZaqXuR97zmiPMnvDp9DRf7GRZa7gpPSL%2FSkzNjTIFNf64"}],"group":"cf-nel","max_age":604800}', 'NEL': '{"success_fraction":0,"report_to":"cf-nel","max_age":604800}', 'Server': 'cloudflare', 'CF-RAY': '889786099b21e270-ORD', 'alt-svc': 'h3=":443"; ma=86400'} 
 body={"results":[{"gender":"male","name":{"title":"Mr","first":"Dan","last":"Myers"},"location":{"street":{"number":8396,"name":"Northaven Rd"},"city":"Caldwell","state":"Idaho","country":"United States","postcode":37331,"coordinates":{"latitude":"89.1629","longitude":"-5.3211"},"timezone":{"offset":"+6:00","description":"Almaty, Dhaka, Colombo"}},"email":"dan.myers@example.com","login":{"uuid":"3acd8134-4f23-44c1-93b2-62edcb861c14","username":"sadcat437","password":"camber","salt":"t8impYev","md5":"9c5d6cec2afceb03b6e5b3801148d59a","sha1":"6691a51fd0405c4dbcfa56248115045f0aa491b0","sha256":"98baa281ec8a90903a12c6dd8b6795d49f63d624a1b9fe29686c124709b8817f"},"dob":{"date":"1955-01-02T01:42:38.835Z","age":69},"registered":{"date":"2020-10-07T19:41:39.585Z","age":3},"phone":"(875) 508-0210","cell":"(817) 593-5530","id":{"name":"SSN","value":"321-36-1341"},"picture":{"large":"https://randomuser.me/api/portraits/men/85.jpg","medium":"https://randomuser.me/api/portraits/med/men/85.jpg","thumbnail":"https://randomuser.me/api/portraits/thumb/men/85.jpg"},"nat":"US"}],"info":{"seed":"07562da9f3d85dfe","results":1,"page":1,"version":"1.4"}} 
 </msg>
<msg time="2024-05-25T18:17:40.182538" level="INFO">/opt/hostedtoolcache/Python/3.12.3/x64/lib/python3.12/site-packages/urllib3/connectionpool.py:1103: InsecureRequestWarning: Unverified HTTPS request is being made to host 'randomuser.me'. Adding certificate verification is strongly advised. See: https://urllib3.readthedocs.io/en/latest/advanced-usage.html#tls-warnings
  warnings.warn(</msg>
<msg time="2024-05-25T18:17:40.182662" level="INFO">${response} = &lt;Response [200]&gt;</msg>
<var>${response}</var>
<arg>consultarAPI</arg>
<arg>/api</arg>
<doc>Sends a GET request on a previously created HTTP Session.</doc>
<status status="PASS" start="2024-05-25T18:17:40.092025" elapsed="0.090691"/>
</kw>
<kw name="Set Variable" owner="BuiltIn">
<msg time="2024-05-25T18:17:40.183803" level="INFO">${json_data} = {'results': [{'gender': 'male', 'name': {'title': 'Mr', 'first': 'Dan', 'last': 'Myers'}, 'location': {'street': {'number': 8396, 'name': 'Northaven Rd'}, 'city': 'Caldwell', 'state': 'Idaho', 'countr...</msg>
<var>${json_data}</var>
<arg>${response.json()}</arg>
<doc>Returns the given values which can then be assigned to a variables.</doc>
<status status="PASS" start="2024-05-25T18:17:40.183238" elapsed="0.000594"/>
</kw>
<kw name="Set Variable" owner="BuiltIn">
<msg time="2024-05-25T18:17:40.184527" level="INFO">${name_title} = Mr</msg>
<var>${name_title}</var>
<arg>${json_data["results"][0]["name"]["title"]}</arg>
<doc>Returns the given values which can then be assigned to a variables.</doc>
<status status="PASS" start="2024-05-25T18:17:40.184142" elapsed="0.000411"/>
</kw>
<kw name="Create List" owner="BuiltIn">
<msg time="2024-05-25T18:17:40.185031" level="INFO">${allowed_titles} = ['Mr', 'Ms', 'Miss', 'Mrs', 'Madame', 'Monsieur']</msg>
<var>${allowed_titles}</var>
<arg>Mr</arg>
<arg>Ms</arg>
<arg>Miss</arg>
<arg>Mrs</arg>
<arg>Madame</arg>
<arg>Monsieur</arg>
<doc>Returns a list containing given items.</doc>
<status status="PASS" start="2024-05-25T18:17:40.184884" elapsed="0.000171"/>
</kw>
<kw name="List Should Contain Value" owner="Collections">
<msg time="2024-05-25T18:17:40.185538" level="INFO">False</msg>
<arg>${allowed_titles}</arg>
<arg>${name_title}</arg>
<doc>Fails if the ``value`` is not found from ``list``.</doc>
<status status="PASS" start="2024-05-25T18:17:40.185359" elapsed="0.000216"/>
</kw>
<kw name="Set Variable" owner="BuiltIn">
<msg time="2024-05-25T18:17:40.186399" level="INFO">${name_country} = US</msg>
<var>${name_country}</var>
<arg>${json_data["results"][0]["nat"]}</arg>
<doc>Returns the given values which can then be assigned to a variables.</doc>
<status status="PASS" start="2024-05-25T18:17:40.185867" elapsed="0.000558"/>
</kw>
<kw name="Create List" owner="BuiltIn">
<msg time="2024-05-25T18:17:40.187328" level="INFO">${list_country} = ['AD', 'AE', 'AF', 'AG', 'AI', 'AL', 'AM', 'AO', 'AQ', 'AR', 'AS', 'AT', 'AU', 'AW', 'AX', 'AZ', 'BA', 'BB', 'BD', 'BE', 'BF', 'BG', 'BH', 'BI', 'BJ', 'BL', 'BM', 'BN', 'BO', 'BQ', 'BR', 'BS', 'BT', '...</msg>
<var>${list_country}</var>
<arg>AD</arg>
<arg>AE</arg>
<arg>AF</arg>
<arg>AG</arg>
<arg>AI</arg>
<arg>AL</arg>
<arg>AM</arg>
<arg>AO</arg>
<arg>AQ</arg>
<arg>AR</arg>
<arg>AS</arg>
<arg>AT</arg>
<arg>AU</arg>
<arg>AW</arg>
<arg>AX</arg>
<arg>AZ</arg>
<arg>BA</arg>
<arg>BB</arg>
<arg>BD</arg>
<arg>BE</arg>
<arg>BF</arg>
<arg>BG</arg>
<arg>BH</arg>
<arg>BI</arg>
<arg>BJ</arg>
<arg>BL</arg>
<arg>BM</arg>
<arg>BN</arg>
<arg>BO</arg>
<arg>BQ</arg>
<arg>BR</arg>
<arg>BS</arg>
<arg>BT</arg>
<arg>BV</arg>
<arg>BW</arg>
<arg>BY</arg>
<arg>BZ</arg>
<arg>CA</arg>
<arg>CC</arg>
<arg>CD</arg>
<arg>CF</arg>
<arg>CG</arg>
<arg>CH</arg>
<arg>CI</arg>
<arg>CK</arg>
<arg>CL</arg>
<arg>CM</arg>
<arg>CN</arg>
<arg>CO</arg>
<arg>CR</arg>
<arg>CU</arg>
<arg>CV</arg>
<arg>CW</arg>
<arg>CX</arg>
<arg>CY</arg>
<arg>CZ</arg>
<arg>DE</arg>
<arg>DJ</arg>
<arg>DK</arg>
<arg>DM</arg>
<arg>DO</arg>
<arg>DZ</arg>
<arg>EC</arg>
<arg>EE</arg>
<arg>EG</arg>
<arg>EH</arg>
<arg>ER</arg>
<arg>ES</arg>
<arg>ET</arg>
<arg>FI</arg>
<arg>FJ</arg>
<arg>FK</arg>
<arg>FM</arg>
<arg>FO</arg>
<arg>FR</arg>
<arg>GA</arg>
<arg>GB</arg>
<arg>GD</arg>
<arg>GE</arg>
<arg>GF</arg>
<arg>GG</arg>
<arg>GH</arg>
<arg>GI</arg>
<arg>GL</arg>
<arg>GM</arg>
<arg>GN</arg>
<arg>GP</arg>
<arg>GQ</arg>
<arg>GR</arg>
<arg>GS</arg>
<arg>GT</arg>
<arg>GU</arg>
<arg>GW</arg>
<arg>GY</arg>
<arg>HK</arg>
<arg>HM</arg>
<arg>HN</arg>
<arg>HR</arg>
<arg>HT</arg>
<arg>HU</arg>
<arg>ID</arg>
<arg>IE</arg>
<arg>IL</arg>
<arg>IM</arg>
<arg>IN</arg>
<arg>IO</arg>
<arg>IQ</arg>
<arg>IR</arg>
<arg>IS</arg>
<arg>IT</arg>
<arg>JE</arg>
<arg>JM</arg>
<arg>JO</arg>
<arg>JP</arg>
<arg>KE</arg>
<arg>KG</arg>
<arg>KH</arg>
<arg>KI</arg>
<arg>KM</arg>
<arg>KN</arg>
<arg>KP</arg>
<arg>KR</arg>
<arg>KW</arg>
<arg>KY</arg>
<arg>KZ</arg>
<arg>LA</arg>
<arg>LB</arg>
<arg>LC</arg>
<arg>LI</arg>
<arg>LK</arg>
<arg>LR</arg>
<arg>LS</arg>
<arg>LT</arg>
<arg>LU</arg>
<arg>LV</arg>
<arg>LY</arg>
<arg>MA</arg>
<arg>MC</arg>
<arg>MD</arg>
<arg>ME</arg>
<arg>MF</arg>
<arg>MG</arg>
<arg>MH</arg>
<arg>MK</arg>
<arg>ML</arg>
<arg>MM</arg>
<arg>MN</arg>
<arg>MO</arg>
<arg>MP</arg>
<arg>MQ</arg>
<arg>MR</arg>
<arg>MS</arg>
<arg>MT</arg>
<arg>MU</arg>
<arg>MV</arg>
<arg>MW</arg>
<arg>MX</arg>
<arg>MY</arg>
<arg>MZ</arg>
<arg>NA</arg>
<arg>NC</arg>
<arg>NE</arg>
<arg>NF</arg>
<arg>NG</arg>
<arg>NI</arg>
<arg>NL</arg>
<arg>NO</arg>
<arg>NP</arg>
<arg>NR</arg>
<arg>NU</arg>
<arg>NZ</arg>
<arg>OM</arg>
<arg>PA</arg>
<arg>PE</arg>
<arg>PF</arg>
<arg>PG</arg>
<arg>PH</arg>
<arg>PK</arg>
<arg>PL</arg>
<arg>PM</arg>
<arg>PN</arg>
<arg>PR</arg>
<arg>PS</arg>
<arg>PT</arg>
<arg>PW</arg>
<arg>PY</arg>
<arg>QA</arg>
<arg>RE</arg>
<arg>RO</arg>
<arg>RS</arg>
<arg>RU</arg>
<arg>RW</arg>
<arg>SA</arg>
<arg>SB</arg>
<arg>SC</arg>
<arg>SD</arg>
<arg>SE</arg>
<arg>SG</arg>
<arg>SH</arg>
<arg>SI</arg>
<arg>SJ</arg>
<arg>SK</arg>
<arg>SL</arg>
<arg>SM</arg>
<arg>SN</arg>
<arg>SO</arg>
<arg>SR</arg>
<arg>SS</arg>
<arg>ST</arg>
<arg>SV</arg>
<arg>SX</arg>
<arg>SY</arg>
<arg>SZ</arg>
<arg>TC</arg>
<arg>TD</arg>
<arg>TF</arg>
<arg>TG</arg>
<arg>TH</arg>
<arg>TJ</arg>
<arg>TK</arg>
<arg>TL</arg>
<arg>TM</arg>
<arg>TN</arg>
<arg>TO</arg>
<arg>TR</arg>
<arg>TT</arg>
<arg>TV</arg>
<arg>TW</arg>
<arg>TZ</arg>
<arg>UA</arg>
<arg>UG</arg>
<arg>UM</arg>
<arg>US</arg>
<arg>UY</arg>
<arg>UZ</arg>
<arg>VA</arg>
<arg>VC</arg>
<arg>VE</arg>
<arg>VG</arg>
<arg>VI</arg>
<arg>VN</arg>
<arg>VU</arg>
<arg>WF</arg>
<arg>WS</arg>
<arg>XK</arg>
<arg>YE</arg>
<arg>YT</arg>
<arg>ZA</arg>
<arg>ZM</arg>
<arg>ZW</arg>
<doc>Returns a list containing given items.</doc>
<status status="PASS" start="2024-05-25T18:17:40.186735" elapsed="0.000618"/>
</kw>
<kw name="List Should Contain Value" owner="Collections">
<msg time="2024-05-25T18:17:40.188347" level="INFO">False</msg>
<arg>${list_country}</arg>
<arg>${name_country}</arg>
<doc>Fails if the ``value`` is not found from ``list``.</doc>
<status status="PASS" start="2024-05-25T18:17:40.188136" elapsed="0.000246"/>
</kw>
<kw name="Run Keyword If" owner="BuiltIn">
<kw name="Should Be True" owner="BuiltIn">
<arg>${True}</arg>
<doc>Fails if the given condition is not true.</doc>
<status status="PASS" start="2024-05-25T18:17:40.189483" elapsed="0.000143"/>
</kw>
<arg>${json_data["results"][0]["location"]["coordinates"]["latitude"]} &gt;= -90 and ${json_data["results"][0]["location"]["coordinates"]["latitude"]} &lt;= 90</arg>
<arg>Should Be True</arg>
<arg>${True}</arg>
<doc>Runs the given keyword with the given arguments, if ``condition`` is true.</doc>
<status status="PASS" start="2024-05-25T18:17:40.188718" elapsed="0.001036"/>
</kw>
<kw name="Run Keyword If" owner="BuiltIn">
<kw name="Should Be True" owner="BuiltIn">
<arg>${True}</arg>
<doc>Fails if the given condition is not true.</doc>
<status status="PASS" start="2024-05-25T18:17:40.190639" elapsed="0.000139"/>
</kw>
<arg>${json_data["results"][0]["location"]["coordinates"]["longitude"]} &gt;= -180 and ${json_data["results"][0]["location"]["coordinates"]["longitude"]} &lt;= 180</arg>
<arg>Should Be True</arg>
<arg>${True}</arg>
<doc>Runs the given keyword with the given arguments, if ``condition`` is true.</doc>
<status status="PASS" start="2024-05-25T18:17:40.189942" elapsed="0.000959"/>
</kw>
<status status="PASS" start="2024-05-25T18:17:40.091674" elapsed="0.099354"/>
</kw>
<doc>Testa o conteúdo específico dos campos retornados pela API.</doc>
<tag>testeConteudo</tag>
<status status="PASS" start="2024-05-25T18:17:40.091044" elapsed="0.100134"/>
</test>
<status status="PASS" start="2024-05-25T18:17:39.087218" elapsed="1.105928"/>
</suite>
<status status="PASS" start="2024-05-25T18:17:39.073654" elapsed="1.124734"/>
</suite>
<statistics>
<total>
<stat pass="5" fail="0" skip="0">All Tests</stat>
</total>
<tag>
<stat pass="1" fail="0" skip="0">testeConteudo</stat>
<stat pass="1" fail="0" skip="0">testeEstruturaResposta</stat>
<stat pass="1" fail="0" skip="0">testeRequisicaoBasica</stat>
<stat pass="1" fail="0" skip="0">testeTiposDados</stat>
</tag>
<suite>
<stat pass="5" fail="0" skip="0" id="s1" name="Tests">Tests</stat>
<stat pass="5" fail="0" skip="0" id="s1-s1" name="Random-User-Test">Tests.Random-User-Test</stat>
</suite>
</statistics>
<errors>
</errors>
</robot>
