<?xml version="1.0" encoding="UTF-8"?>
<robot generator="Robot 7.0.1 (Python 3.12.4 on linux)" generated="2024-08-10T12:28:01.372111" rpa="false" schemaversion="5">
<suite id="s1" name="Tests" source="/home/runner/work/ApiRandomUser/ApiRandomUser/RamdonUser/tests">
<suite id="s1-s1" name="Random-User-Test" source="/home/runner/work/ApiRandomUser/ApiRandomUser/RamdonUser/tests/random-user-test.robot">
<test id="s1-s1-t1" name="Conectar" line="13">
<kw name="Conectar API" owner="random-user-service">
<kw name="Create Session" owner="RequestsLibrary">
<msg time="2024-08-10T12:28:01.840791" level="INFO">Creating Session using : alias=consultarAPI, url=https://randomuser.me/, headers={},                     cookies={}, auth=None, timeout=None, proxies=None, verify=False,                     debug=0 </msg>
<arg>consultarAPI</arg>
<arg>${URL}</arg>
<doc>Create Session: create a HTTP session to a server</doc>
<status status="PASS" start="2024-08-10T12:28:01.840586" elapsed="0.000388"/>
</kw>
<status status="PASS" start="2024-08-10T12:28:01.839489" elapsed="0.001850"/>
</kw>
<status status="PASS" start="2024-08-10T12:28:01.838914" elapsed="0.002621"/>
</test>
<test id="s1-s1-t2" name="Validar retorno 200 e JSON Válido" line="16">
<kw name="Teste de Requisicao Basica" owner="random-user-service">
<kw name="GET On Session" owner="RequestsLibrary">
<msg time="2024-08-10T12:28:01.899499" level="INFO">GET Request : url=https://randomuser.me/api 
 path_url=/api 
 headers={'User-Agent': 'python-requests/2.32.3', 'Accept-Encoding': 'gzip, deflate', 'Accept': '*/*', 'Connection': 'keep-alive'} 
 body=None 
 </msg>
<msg time="2024-08-10T12:28:01.899643" level="INFO">GET Response : url=https://randomuser.me/api 
 status=200, reason=OK 
 headers={'Date': 'Sat, 10 Aug 2024 12:28:01 GMT', 'Content-Type': 'application/json; charset=utf-8', 'Transfer-Encoding': 'chunked', 'Connection': 'keep-alive', 'X-Powered-By': 'Express', 'Access-Control-Allow-Origin': '*', 'Cache-Control': 'no-cache', 'ETag': 'W/"487-vJC2YLTy7ZTVMbM95KhLHhMgOgc"', 'Vary': 'Accept-Encoding', 'Content-Encoding': 'gzip', 'CF-Cache-Status': 'DYNAMIC', 'Report-To': '{"endpoints":[{"url":"https:\\/\\/a.nel.cloudflare.com\\/report\\/v4?s=ZczKMQkHou2xAH3asx7nxA0b2ubdzDhfrFj%2BZ4VStzpOcNMVT2VqnVD2LjRni8qq8uHMfG4FknjipzDm4Br%2BpwYEhm3q4zEcCOiIc%2Fyv9VcFVuA29jgK9uOuLkKa6Ekt"}],"group":"cf-nel","max_age":604800}', 'NEL': '{"success_fraction":0,"report_to":"cf-nel","max_age":604800}', 'Server': 'cloudflare', 'CF-RAY': '8b0ffbbf9ca15b41-IAD', 'alt-svc': 'h3=":443"; ma=86400'} 
 body={"results":[{"gender":"male","name":{"title":"Mr","first":"Uroš","last":"Borojević"},"location":{"street":{"number":8245,"name":"Gedeona Dunđerskog "},"city":"Veliko Gradište","state":"Kolubara","country":"Serbia","postcode":80344,"coordinates":{"latitude":"59.4821","longitude":"-35.3298"},"timezone":{"offset":"+5:45","description":"Kathmandu"}},"email":"uros.borojevic@example.com","login":{"uuid":"d1cd4e2c-0e39-411e-ba93-6e3b26a3d75c","username":"organicelephant437","password":"passat","salt":"d5oKeg4D","md5":"df1534fecf3699cef062d8b55a58eb43","sha1":"20ee4d63200d007eb7dfb39f0a50f8c3e5a5d624","sha256":"2aa897cc37a855c944a5cc847e373cbf56da25fef9fcc5921538b584d6d35f7f"},"dob":{"date":"1995-07-15T13:04:35.830Z","age":29},"registered":{"date":"2006-06-07T15:14:07.092Z","age":18},"phone":"013-6184-373","cell":"065-3729-684","id":{"name":"SID","value":"529200036"},"picture":{"large":"https://randomuser.me/api/portraits/men/71.jpg","medium":"https://randomuser.me/api/portraits/med/men/71.jpg","thumbnail":"https://randomuser.me/api/portraits/thumb/men/71.jpg"},"nat":"RS"}],"info":{"seed":"4e4d26afeb6a506d","results":1,"page":1,"version":"1.4"}} 
 </msg>
<msg time="2024-08-10T12:28:01.899750" level="INFO">/opt/hostedtoolcache/Python/3.12.4/x64/lib/python3.12/site-packages/urllib3/connectionpool.py:1099: InsecureRequestWarning: Unverified HTTPS request is being made to host 'randomuser.me'. Adding certificate verification is strongly advised. See: https://urllib3.readthedocs.io/en/latest/advanced-usage.html#tls-warnings
  warnings.warn(</msg>
<msg time="2024-08-10T12:28:01.899909" level="INFO">${response} = &lt;Response [200]&gt;</msg>
<var>${response}</var>
<arg>consultarAPI</arg>
<arg>/api</arg>
<doc>Sends a GET request on a previously created HTTP Session.</doc>
<status status="PASS" start="2024-08-10T12:28:01.844120" elapsed="0.055829"/>
</kw>
<kw name="Should Be Equal As Numbers" owner="BuiltIn">
<msg time="2024-08-10T12:28:01.900934" level="INFO">Argument types are:
&lt;class 'int'&gt;
&lt;class 'str'&gt;</msg>
<arg>${response.status_code}</arg>
<arg>200</arg>
<doc>Fails if objects are unequal after converting them to real numbers.</doc>
<status status="PASS" start="2024-08-10T12:28:01.900474" elapsed="0.000524"/>
</kw>
<kw name="Log" owner="BuiltIn">
<msg time="2024-08-10T12:28:01.901671" level="INFO">200</msg>
<arg>${response.status_code}</arg>
<doc>Logs the given message with the given level.</doc>
<status status="PASS" start="2024-08-10T12:28:01.901315" elapsed="0.000398"/>
</kw>
<kw name="Set Variable" owner="BuiltIn">
<msg time="2024-08-10T12:28:01.902462" level="INFO">${json_data} = {'results': [{'gender': 'male', 'name': {'title': 'Mr', 'first': 'Uroš', 'last': 'Borojević'}, 'location': {'street': {'number': 8245, 'name': 'Gedeona Dunđerskog '}, 'city': 'Veliko Gradište', 'state...</msg>
<var>${json_data}</var>
<arg>${response.json()}</arg>
<doc>Returns the given values which can then be assigned to a variables.</doc>
<status status="PASS" start="2024-08-10T12:28:01.902017" elapsed="0.000475"/>
</kw>
<kw name="Dictionary Should Contain Key" owner="Collections">
<arg>${json_data}</arg>
<arg>results</arg>
<doc>Fails if ``key`` is not found from ``dictionary``.</doc>
<status status="PASS" start="2024-08-10T12:28:01.902798" elapsed="0.000315"/>
</kw>
<status status="PASS" start="2024-08-10T12:28:01.843863" elapsed="0.059404"/>
</kw>
<doc>Testa se a API responde corretamente e retorna um objeto JSON válido.</doc>
<tag>testeRequisicaoBasica</tag>
<status status="PASS" start="2024-08-10T12:28:01.843382" elapsed="0.060055"/>
</test>
<test id="s1-s1-t3" name="Validar estrutura de resposta" line="22">
<kw name="Teste de Estrutura de Resposta" owner="random-user-service">
<kw name="GET On Session" owner="RequestsLibrary">
<msg time="2024-08-10T12:28:02.012845" level="INFO">GET Request : url=https://randomuser.me/api 
 path_url=/api 
 headers={'User-Agent': 'python-requests/2.32.3', 'Accept-Encoding': 'gzip, deflate', 'Accept': '*/*', 'Connection': 'keep-alive'} 
 body=None 
 </msg>
<msg time="2024-08-10T12:28:02.012953" level="INFO">GET Response : url=https://randomuser.me/api 
 status=200, reason=OK 
 headers={'Date': 'Sat, 10 Aug 2024 12:28:02 GMT', 'Content-Type': 'application/json; charset=utf-8', 'Transfer-Encoding': 'chunked', 'Connection': 'keep-alive', 'X-Powered-By': 'Express', 'Access-Control-Allow-Origin': '*', 'Cache-Control': 'no-cache', 'ETag': 'W/"468-K8qld11IIvdJtMw8TyBX2ntz6mw"', 'Vary': 'Accept-Encoding', 'Content-Encoding': 'gzip', 'CF-Cache-Status': 'DYNAMIC', 'Report-To': '{"endpoints":[{"url":"https:\\/\\/a.nel.cloudflare.com\\/report\\/v4?s=ykX1J4b4GGqm1rD4xf%2B8kmQsiVCGDmIfVzEXGvCwn6rHcA%2FWJvPoq1rQFulWGEyoDdz7QNZQ7hyoeTDEq3eqztCq8cEWGQvF7jCTHwyz%2FYL1UX%2BVBtqxhxFNIN%2Bg%2FswC"}],"group":"cf-nel","max_age":604800}', 'NEL': '{"success_fraction":0,"report_to":"cf-nel","max_age":604800}', 'Server': 'cloudflare', 'CF-RAY': '8b0ffbbfecb85b41-IAD', 'alt-svc': 'h3=":443"; ma=86400'} 
 body={"results":[{"gender":"male","name":{"title":"Mr","first":"Daniel","last":"Scott"},"location":{"street":{"number":2484,"name":"Dieppe Ave"},"city":"Chipman","state":"Nunavut","country":"Canada","postcode":"C1E 5O3","coordinates":{"latitude":"-64.6173","longitude":"-97.4614"},"timezone":{"offset":"-10:00","description":"Hawaii"}},"email":"daniel.scott@example.com","login":{"uuid":"3d13539e-5cdb-437c-9b3f-72c10ed6afc1","username":"bluezebra510","password":"punkrock","salt":"xX2UnDXw","md5":"d4f14bd8374b2f87df4d28265b426572","sha1":"a87b6984593bd97cd24467aa15a9639d07b5fe0a","sha256":"de5a31ae6e236bb6b057b5692b486528bc20d1a9326168da70a4162dc7b789c0"},"dob":{"date":"1952-04-13T01:36:38.633Z","age":72},"registered":{"date":"2018-06-17T22:13:30.517Z","age":6},"phone":"B88 L69-7122","cell":"W11 R30-1567","id":{"name":"SIN","value":"903981603"},"picture":{"large":"https://randomuser.me/api/portraits/men/8.jpg","medium":"https://randomuser.me/api/portraits/med/men/8.jpg","thumbnail":"https://randomuser.me/api/portraits/thumb/men/8.jpg"},"nat":"CA"}],"info":{"seed":"c13470d51bb117a5","results":1,"page":1,"version":"1.4"}} 
 </msg>
<msg time="2024-08-10T12:28:02.013097" level="INFO">/opt/hostedtoolcache/Python/3.12.4/x64/lib/python3.12/site-packages/urllib3/connectionpool.py:1099: InsecureRequestWarning: Unverified HTTPS request is being made to host 'randomuser.me'. Adding certificate verification is strongly advised. See: https://urllib3.readthedocs.io/en/latest/advanced-usage.html#tls-warnings
  warnings.warn(</msg>
<msg time="2024-08-10T12:28:02.013265" level="INFO">${response} = &lt;Response [200]&gt;</msg>
<var>${response}</var>
<arg>consultarAPI</arg>
<arg>/api</arg>
<doc>Sends a GET request on a previously created HTTP Session.</doc>
<status status="PASS" start="2024-08-10T12:28:01.906024" elapsed="0.107294"/>
</kw>
<kw name="Set Variable" owner="BuiltIn">
<msg time="2024-08-10T12:28:02.014321" level="INFO">${json_data} = {'results': [{'gender': 'male', 'name': {'title': 'Mr', 'first': 'Daniel', 'last': 'Scott'}, 'location': {'street': {'number': 2484, 'name': 'Dieppe Ave'}, 'city': 'Chipman', 'state': 'Nunavut', 'coun...</msg>
<var>${json_data}</var>
<arg>${response.json()}</arg>
<doc>Returns the given values which can then be assigned to a variables.</doc>
<status status="PASS" start="2024-08-10T12:28:02.013811" elapsed="0.000538"/>
</kw>
<kw name="Log" owner="BuiltIn">
<msg time="2024-08-10T12:28:02.014821" level="INFO">{'results': [{'gender': 'male', 'name': {'title': 'Mr', 'first': 'Daniel', 'last': 'Scott'}, 'location': {'street': {'number': 2484, 'name': 'Dieppe Ave'}, 'city': 'Chipman', 'state': 'Nunavut', 'country': 'Canada', 'postcode': 'C1E 5O3', 'coordinates': {'latitude': '-64.6173', 'longitude': '-97.4614'}, 'timezone': {'offset': '-10:00', 'description': 'Hawaii'}}, 'email': 'daniel.scott@example.com', 'login': {'uuid': '3d13539e-5cdb-437c-9b3f-72c10ed6afc1', 'username': 'bluezebra510', 'password': 'punkrock', 'salt': 'xX2UnDXw', 'md5': 'd4f14bd8374b2f87df4d28265b426572', 'sha1': 'a87b6984593bd97cd24467aa15a9639d07b5fe0a', 'sha256': 'de5a31ae6e236bb6b057b5692b486528bc20d1a9326168da70a4162dc7b789c0'}, 'dob': {'date': '1952-04-13T01:36:38.633Z', 'age': 72}, 'registered': {'date': '2018-06-17T22:13:30.517Z', 'age': 6}, 'phone': 'B88 L69-7122', 'cell': 'W11 R30-1567', 'id': {'name': 'SIN', 'value': '903981603'}, 'picture': {'large': 'https://randomuser.me/api/portraits/men/8.jpg', 'medium': 'https://randomuser.me/api/portraits/med/men/8.jpg', 'thumbnail': 'https://randomuser.me/api/portraits/thumb/men/8.jpg'}, 'nat': 'CA'}], 'info': {'seed': 'c13470d51bb117a5', 'results': 1, 'page': 1, 'version': '1.4'}}</msg>
<arg>${json_data}</arg>
<doc>Logs the given message with the given level.</doc>
<status status="PASS" start="2024-08-10T12:28:02.014662" elapsed="0.000206"/>
</kw>
<kw name="Dictionary Should Contain Key" owner="Collections">
<arg>${json_data}</arg>
<arg>results</arg>
<doc>Fails if ``key`` is not found from ``dictionary``.</doc>
<status status="PASS" start="2024-08-10T12:28:02.015157" elapsed="0.000162"/>
</kw>
<kw name="Should Not Be Empty" owner="BuiltIn">
<msg time="2024-08-10T12:28:02.015622" level="INFO">Length is 2.</msg>
<arg>${json_data}</arg>
<doc>Verifies that the given item is not empty.</doc>
<status status="PASS" start="2024-08-10T12:28:02.015499" elapsed="0.000161"/>
</kw>
<kw name="Create List" owner="BuiltIn">
<msg time="2024-08-10T12:28:02.016163" level="INFO">${expected_keys} = ['gender', 'name', 'location', 'email', 'login']</msg>
<var>${expected_keys}</var>
<arg>gender</arg>
<arg>name</arg>
<arg>location</arg>
<arg>email</arg>
<arg>login</arg>
<doc>Returns a list containing given items.</doc>
<status status="PASS" start="2024-08-10T12:28:02.016006" elapsed="0.000181"/>
</kw>
<for flavor="IN">
<iter>
<kw name="Dictionary Should Contain Key" owner="Collections">
<arg>${json_data['results'][0]}</arg>
<arg>${key}</arg>
<doc>Fails if ``key`` is not found from ``dictionary``.</doc>
<status status="PASS" start="2024-08-10T12:28:02.016762" elapsed="0.000418"/>
</kw>
<kw name="Log" owner="BuiltIn">
<msg time="2024-08-10T12:28:02.017727" level="INFO">{'gender': 'male', 'name': {'title': 'Mr', 'first': 'Daniel', 'last': 'Scott'}, 'location': {'street': {'number': 2484, 'name': 'Dieppe Ave'}, 'city': 'Chipman', 'state': 'Nunavut', 'country': 'Canada', 'postcode': 'C1E 5O3', 'coordinates': {'latitude': '-64.6173', 'longitude': '-97.4614'}, 'timezone': {'offset': '-10:00', 'description': 'Hawaii'}}, 'email': 'daniel.scott@example.com', 'login': {'uuid': '3d13539e-5cdb-437c-9b3f-72c10ed6afc1', 'username': 'bluezebra510', 'password': 'punkrock', 'salt': 'xX2UnDXw', 'md5': 'd4f14bd8374b2f87df4d28265b426572', 'sha1': 'a87b6984593bd97cd24467aa15a9639d07b5fe0a', 'sha256': 'de5a31ae6e236bb6b057b5692b486528bc20d1a9326168da70a4162dc7b789c0'}, 'dob': {'date': '1952-04-13T01:36:38.633Z', 'age': 72}, 'registered': {'date': '2018-06-17T22:13:30.517Z', 'age': 6}, 'phone': 'B88 L69-7122', 'cell': 'W11 R30-1567', 'id': {'name': 'SIN', 'value': '903981603'}, 'picture': {'large': 'https://randomuser.me/api/portraits/men/8.jpg', 'medium': 'https://randomuser.me/api/portraits/med/men/8.jpg', 'thumbnail': 'https://randomuser.me/api/portraits/thumb/men/8.jpg'}, 'nat': 'CA'}</msg>
<arg>${json_data['results'][0]}</arg>
<doc>Logs the given message with the given level.</doc>
<status status="PASS" start="2024-08-10T12:28:02.017372" elapsed="0.000403"/>
</kw>
<kw name="Log" owner="BuiltIn">
<msg time="2024-08-10T12:28:02.018199" level="INFO">gender</msg>
<arg>${key}</arg>
<doc>Logs the given message with the given level.</doc>
<status status="PASS" start="2024-08-10T12:28:02.018071" elapsed="0.000167"/>
</kw>
<var name="${key}">gender</var>
<status status="PASS" start="2024-08-10T12:28:02.016638" elapsed="0.001821"/>
</iter>
<iter>
<kw name="Dictionary Should Contain Key" owner="Collections">
<arg>${json_data['results'][0]}</arg>
<arg>${key}</arg>
<doc>Fails if ``key`` is not found from ``dictionary``.</doc>
<status status="PASS" start="2024-08-10T12:28:02.018757" elapsed="0.000387"/>
</kw>
<kw name="Log" owner="BuiltIn">
<msg time="2024-08-10T12:28:02.019683" level="INFO">{'gender': 'male', 'name': {'title': 'Mr', 'first': 'Daniel', 'last': 'Scott'}, 'location': {'street': {'number': 2484, 'name': 'Dieppe Ave'}, 'city': 'Chipman', 'state': 'Nunavut', 'country': 'Canada', 'postcode': 'C1E 5O3', 'coordinates': {'latitude': '-64.6173', 'longitude': '-97.4614'}, 'timezone': {'offset': '-10:00', 'description': 'Hawaii'}}, 'email': 'daniel.scott@example.com', 'login': {'uuid': '3d13539e-5cdb-437c-9b3f-72c10ed6afc1', 'username': 'bluezebra510', 'password': 'punkrock', 'salt': 'xX2UnDXw', 'md5': 'd4f14bd8374b2f87df4d28265b426572', 'sha1': 'a87b6984593bd97cd24467aa15a9639d07b5fe0a', 'sha256': 'de5a31ae6e236bb6b057b5692b486528bc20d1a9326168da70a4162dc7b789c0'}, 'dob': {'date': '1952-04-13T01:36:38.633Z', 'age': 72}, 'registered': {'date': '2018-06-17T22:13:30.517Z', 'age': 6}, 'phone': 'B88 L69-7122', 'cell': 'W11 R30-1567', 'id': {'name': 'SIN', 'value': '903981603'}, 'picture': {'large': 'https://randomuser.me/api/portraits/men/8.jpg', 'medium': 'https://randomuser.me/api/portraits/med/men/8.jpg', 'thumbnail': 'https://randomuser.me/api/portraits/thumb/men/8.jpg'}, 'nat': 'CA'}</msg>
<arg>${json_data['results'][0]}</arg>
<doc>Logs the given message with the given level.</doc>
<status status="PASS" start="2024-08-10T12:28:02.019329" elapsed="0.000457"/>
</kw>
<kw name="Log" owner="BuiltIn">
<msg time="2024-08-10T12:28:02.020211" level="INFO">name</msg>
<arg>${key}</arg>
<doc>Logs the given message with the given level.</doc>
<status status="PASS" start="2024-08-10T12:28:02.020086" elapsed="0.000163"/>
</kw>
<var name="${key}">name</var>
<status status="PASS" start="2024-08-10T12:28:02.018642" elapsed="0.001821"/>
</iter>
<iter>
<kw name="Dictionary Should Contain Key" owner="Collections">
<arg>${json_data['results'][0]}</arg>
<arg>${key}</arg>
<doc>Fails if ``key`` is not found from ``dictionary``.</doc>
<status status="PASS" start="2024-08-10T12:28:02.020745" elapsed="0.000403"/>
</kw>
<kw name="Log" owner="BuiltIn">
<msg time="2024-08-10T12:28:02.021675" level="INFO">{'gender': 'male', 'name': {'title': 'Mr', 'first': 'Daniel', 'last': 'Scott'}, 'location': {'street': {'number': 2484, 'name': 'Dieppe Ave'}, 'city': 'Chipman', 'state': 'Nunavut', 'country': 'Canada', 'postcode': 'C1E 5O3', 'coordinates': {'latitude': '-64.6173', 'longitude': '-97.4614'}, 'timezone': {'offset': '-10:00', 'description': 'Hawaii'}}, 'email': 'daniel.scott@example.com', 'login': {'uuid': '3d13539e-5cdb-437c-9b3f-72c10ed6afc1', 'username': 'bluezebra510', 'password': 'punkrock', 'salt': 'xX2UnDXw', 'md5': 'd4f14bd8374b2f87df4d28265b426572', 'sha1': 'a87b6984593bd97cd24467aa15a9639d07b5fe0a', 'sha256': 'de5a31ae6e236bb6b057b5692b486528bc20d1a9326168da70a4162dc7b789c0'}, 'dob': {'date': '1952-04-13T01:36:38.633Z', 'age': 72}, 'registered': {'date': '2018-06-17T22:13:30.517Z', 'age': 6}, 'phone': 'B88 L69-7122', 'cell': 'W11 R30-1567', 'id': {'name': 'SIN', 'value': '903981603'}, 'picture': {'large': 'https://randomuser.me/api/portraits/men/8.jpg', 'medium': 'https://randomuser.me/api/portraits/med/men/8.jpg', 'thumbnail': 'https://randomuser.me/api/portraits/thumb/men/8.jpg'}, 'nat': 'CA'}</msg>
<arg>${json_data['results'][0]}</arg>
<doc>Logs the given message with the given level.</doc>
<status status="PASS" start="2024-08-10T12:28:02.021331" elapsed="0.000391"/>
</kw>
<kw name="Log" owner="BuiltIn">
<msg time="2024-08-10T12:28:02.022150" level="INFO">location</msg>
<arg>${key}</arg>
<doc>Logs the given message with the given level.</doc>
<status status="PASS" start="2024-08-10T12:28:02.022023" elapsed="0.000164"/>
</kw>
<var name="${key}">location</var>
<status status="PASS" start="2024-08-10T12:28:02.020636" elapsed="0.001763"/>
</iter>
<iter>
<kw name="Dictionary Should Contain Key" owner="Collections">
<arg>${json_data['results'][0]}</arg>
<arg>${key}</arg>
<doc>Fails if ``key`` is not found from ``dictionary``.</doc>
<status status="PASS" start="2024-08-10T12:28:02.022673" elapsed="0.000413"/>
</kw>
<kw name="Log" owner="BuiltIn">
<msg time="2024-08-10T12:28:02.023758" level="INFO">{'gender': 'male', 'name': {'title': 'Mr', 'first': 'Daniel', 'last': 'Scott'}, 'location': {'street': {'number': 2484, 'name': 'Dieppe Ave'}, 'city': 'Chipman', 'state': 'Nunavut', 'country': 'Canada', 'postcode': 'C1E 5O3', 'coordinates': {'latitude': '-64.6173', 'longitude': '-97.4614'}, 'timezone': {'offset': '-10:00', 'description': 'Hawaii'}}, 'email': 'daniel.scott@example.com', 'login': {'uuid': '3d13539e-5cdb-437c-9b3f-72c10ed6afc1', 'username': 'bluezebra510', 'password': 'punkrock', 'salt': 'xX2UnDXw', 'md5': 'd4f14bd8374b2f87df4d28265b426572', 'sha1': 'a87b6984593bd97cd24467aa15a9639d07b5fe0a', 'sha256': 'de5a31ae6e236bb6b057b5692b486528bc20d1a9326168da70a4162dc7b789c0'}, 'dob': {'date': '1952-04-13T01:36:38.633Z', 'age': 72}, 'registered': {'date': '2018-06-17T22:13:30.517Z', 'age': 6}, 'phone': 'B88 L69-7122', 'cell': 'W11 R30-1567', 'id': {'name': 'SIN', 'value': '903981603'}, 'picture': {'large': 'https://randomuser.me/api/portraits/men/8.jpg', 'medium': 'https://randomuser.me/api/portraits/med/men/8.jpg', 'thumbnail': 'https://randomuser.me/api/portraits/thumb/men/8.jpg'}, 'nat': 'CA'}</msg>
<arg>${json_data['results'][0]}</arg>
<doc>Logs the given message with the given level.</doc>
<status status="PASS" start="2024-08-10T12:28:02.023388" elapsed="0.000421"/>
</kw>
<kw name="Log" owner="BuiltIn">
<msg time="2024-08-10T12:28:02.024246" level="INFO">email</msg>
<arg>${key}</arg>
<doc>Logs the given message with the given level.</doc>
<status status="PASS" start="2024-08-10T12:28:02.024118" elapsed="0.000167"/>
</kw>
<var name="${key}">email</var>
<status status="PASS" start="2024-08-10T12:28:02.022567" elapsed="0.001930"/>
</iter>
<iter>
<kw name="Dictionary Should Contain Key" owner="Collections">
<arg>${json_data['results'][0]}</arg>
<arg>${key}</arg>
<doc>Fails if ``key`` is not found from ``dictionary``.</doc>
<status status="PASS" start="2024-08-10T12:28:02.024774" elapsed="0.000425"/>
</kw>
<kw name="Log" owner="BuiltIn">
<msg time="2024-08-10T12:28:02.025728" level="INFO">{'gender': 'male', 'name': {'title': 'Mr', 'first': 'Daniel', 'last': 'Scott'}, 'location': {'street': {'number': 2484, 'name': 'Dieppe Ave'}, 'city': 'Chipman', 'state': 'Nunavut', 'country': 'Canada', 'postcode': 'C1E 5O3', 'coordinates': {'latitude': '-64.6173', 'longitude': '-97.4614'}, 'timezone': {'offset': '-10:00', 'description': 'Hawaii'}}, 'email': 'daniel.scott@example.com', 'login': {'uuid': '3d13539e-5cdb-437c-9b3f-72c10ed6afc1', 'username': 'bluezebra510', 'password': 'punkrock', 'salt': 'xX2UnDXw', 'md5': 'd4f14bd8374b2f87df4d28265b426572', 'sha1': 'a87b6984593bd97cd24467aa15a9639d07b5fe0a', 'sha256': 'de5a31ae6e236bb6b057b5692b486528bc20d1a9326168da70a4162dc7b789c0'}, 'dob': {'date': '1952-04-13T01:36:38.633Z', 'age': 72}, 'registered': {'date': '2018-06-17T22:13:30.517Z', 'age': 6}, 'phone': 'B88 L69-7122', 'cell': 'W11 R30-1567', 'id': {'name': 'SIN', 'value': '903981603'}, 'picture': {'large': 'https://randomuser.me/api/portraits/men/8.jpg', 'medium': 'https://randomuser.me/api/portraits/med/men/8.jpg', 'thumbnail': 'https://randomuser.me/api/portraits/thumb/men/8.jpg'}, 'nat': 'CA'}</msg>
<arg>${json_data['results'][0]}</arg>
<doc>Logs the given message with the given level.</doc>
<status status="PASS" start="2024-08-10T12:28:02.025383" elapsed="0.000392"/>
</kw>
<kw name="Log" owner="BuiltIn">
<msg time="2024-08-10T12:28:02.026206" level="INFO">login</msg>
<arg>${key}</arg>
<doc>Logs the given message with the given level.</doc>
<status status="PASS" start="2024-08-10T12:28:02.026078" elapsed="0.000166"/>
</kw>
<var name="${key}">login</var>
<status status="PASS" start="2024-08-10T12:28:02.024667" elapsed="0.001789"/>
</iter>
<var>${key}</var>
<value>@{expected_keys}</value>
<status status="PASS" start="2024-08-10T12:28:02.016446" elapsed="0.010130"/>
</for>
<kw name="Create List" owner="BuiltIn">
<msg time="2024-08-10T12:28:02.026895" level="INFO">${expected_keysTwo} = ['username', 'password']</msg>
<var>${expected_keysTwo}</var>
<arg>username</arg>
<arg>password</arg>
<doc>Returns a list containing given items.</doc>
<status status="PASS" start="2024-08-10T12:28:02.026762" elapsed="0.000162"/>
</kw>
<for flavor="IN">
<iter>
<kw name="Dictionary Should Contain Key" owner="Collections">
<arg>${json_data['results'][0]['login']}</arg>
<arg>${keyTwo}</arg>
<doc>Fails if ``key`` is not found from ``dictionary``.</doc>
<status status="PASS" start="2024-08-10T12:28:02.027449" elapsed="0.000415"/>
</kw>
<kw name="Dictionary Should Contain Key" owner="Collections">
<arg>${json_data['results'][0]['login']}</arg>
<arg>${keyTwo}</arg>
<doc>Fails if ``key`` is not found from ``dictionary``.</doc>
<status status="PASS" start="2024-08-10T12:28:02.028048" elapsed="0.000381"/>
</kw>
<kw name="Log" owner="BuiltIn">
<msg time="2024-08-10T12:28:02.028726" level="INFO">username</msg>
<arg>${keyTwo}</arg>
<doc>Logs the given message with the given level.</doc>
<status status="PASS" start="2024-08-10T12:28:02.028607" elapsed="0.000157"/>
</kw>
<var name="${keyTwo}">username</var>
<status status="PASS" start="2024-08-10T12:28:02.027344" elapsed="0.001638"/>
</iter>
<iter>
<kw name="Dictionary Should Contain Key" owner="Collections">
<arg>${json_data['results'][0]['login']}</arg>
<arg>${keyTwo}</arg>
<doc>Fails if ``key`` is not found from ``dictionary``.</doc>
<status status="PASS" start="2024-08-10T12:28:02.029260" elapsed="0.000384"/>
</kw>
<kw name="Dictionary Should Contain Key" owner="Collections">
<arg>${json_data['results'][0]['login']}</arg>
<arg>${keyTwo}</arg>
<doc>Fails if ``key`` is not found from ``dictionary``.</doc>
<status status="PASS" start="2024-08-10T12:28:02.029828" elapsed="0.000373"/>
</kw>
<kw name="Log" owner="BuiltIn">
<msg time="2024-08-10T12:28:02.030497" level="INFO">password</msg>
<arg>${keyTwo}</arg>
<doc>Logs the given message with the given level.</doc>
<status status="PASS" start="2024-08-10T12:28:02.030377" elapsed="0.000157"/>
</kw>
<var name="${keyTwo}">password</var>
<status status="PASS" start="2024-08-10T12:28:02.029155" elapsed="0.001602"/>
</iter>
<var>${keyTwo}</var>
<value>@{expected_keysTwo}</value>
<status status="PASS" start="2024-08-10T12:28:02.027191" elapsed="0.003689"/>
</for>
<status status="PASS" start="2024-08-10T12:28:01.905796" elapsed="0.125227"/>
</kw>
<doc>Testa a estrutura da resposta da API.</doc>
<tag>testeEstruturaResposta</tag>
<status status="PASS" start="2024-08-10T12:28:01.905296" elapsed="0.125886"/>
</test>
<test id="s1-s1-t4" name="Validar tipos de dados" line="28">
<kw name="Teste de Tipos de Dados" owner="random-user-service">
<kw name="GET On Session" owner="RequestsLibrary">
<msg time="2024-08-10T12:28:02.099266" level="INFO">GET Request : url=https://randomuser.me/api 
 path_url=/api 
 headers={'User-Agent': 'python-requests/2.32.3', 'Accept-Encoding': 'gzip, deflate', 'Accept': '*/*', 'Connection': 'keep-alive'} 
 body=None 
 </msg>
<msg time="2024-08-10T12:28:02.099353" level="INFO">GET Response : url=https://randomuser.me/api 
 status=200, reason=OK 
 headers={'Date': 'Sat, 10 Aug 2024 12:28:02 GMT', 'Content-Type': 'application/json; charset=utf-8', 'Transfer-Encoding': 'chunked', 'Connection': 'keep-alive', 'X-Powered-By': 'Express', 'Access-Control-Allow-Origin': '*', 'Cache-Control': 'no-cache', 'ETag': 'W/"4a4-MGpGiWFilwkLytu7d4so5xlyGPQ"', 'Vary': 'Accept-Encoding', 'Content-Encoding': 'gzip', 'CF-Cache-Status': 'DYNAMIC', 'Report-To': '{"endpoints":[{"url":"https:\\/\\/a.nel.cloudflare.com\\/report\\/v4?s=fQ7XgXwAq1jve1hQzUtyAL0QR73wPJPmceM5L0ycvog%2Fzzd4eFJPpmiU5vzCTWdXNOCJ4rIXd8m08NgyezIkAH%2B78qYExqUBjxn2RN7zX%2FwzD7wj%2BgefZlPTmMd8sJ2x"}],"group":"cf-nel","max_age":604800}', 'NEL': '{"success_fraction":0,"report_to":"cf-nel","max_age":604800}', 'Server': 'cloudflare', 'CF-RAY': '8b0ffbc0bd135b41-IAD', 'alt-svc': 'h3=":443"; ma=86400'} 
 body={"results":[{"gender":"male","name":{"title":"Mr","first":"Willard","last":"Marshall"},"location":{"street":{"number":7290,"name":"E Center St"},"city":"Mackay","state":"Australian Capital Territory","country":"Australia","postcode":3858,"coordinates":{"latitude":"-84.4835","longitude":"-122.3290"},"timezone":{"offset":"+8:00","description":"Beijing, Perth, Singapore, Hong Kong"}},"email":"willard.marshall@example.com","login":{"uuid":"f8db381b-3128-4fd6-ab3e-971a087d91a3","username":"bluetiger614","password":"queenie","salt":"mglH82xx","md5":"bd4ba8148f6ff7171f69e2ac3852a29d","sha1":"947c339519084181312953ddf2be3069e5610494","sha256":"ad0d8a93f8edefe133ea49687f06bf593eb606587f9877ad71950cd99a43a49e"},"dob":{"date":"1972-02-13T03:50:52.852Z","age":52},"registered":{"date":"2003-12-26T08:18:45.925Z","age":20},"phone":"00-5486-0624","cell":"0475-853-293","id":{"name":"TFN","value":"853340693"},"picture":{"large":"https://randomuser.me/api/portraits/men/65.jpg","medium":"https://randomuser.me/api/portraits/med/men/65.jpg","thumbnail":"https://randomuser.me/api/portraits/thumb/men/65.jpg"},"nat":"AU"}],"info":{"seed":"e1b8847697a87ed3","results":1,"page":1,"version":"1.4"}} 
 </msg>
<msg time="2024-08-10T12:28:02.099430" level="INFO">/opt/hostedtoolcache/Python/3.12.4/x64/lib/python3.12/site-packages/urllib3/connectionpool.py:1099: InsecureRequestWarning: Unverified HTTPS request is being made to host 'randomuser.me'. Adding certificate verification is strongly advised. See: https://urllib3.readthedocs.io/en/latest/advanced-usage.html#tls-warnings
  warnings.warn(</msg>
<msg time="2024-08-10T12:28:02.099578" level="INFO">${response} = &lt;Response [200]&gt;</msg>
<var>${response}</var>
<arg>consultarAPI</arg>
<arg>/api</arg>
<doc>Sends a GET request on a previously created HTTP Session.</doc>
<status status="PASS" start="2024-08-10T12:28:02.033683" elapsed="0.065946"/>
</kw>
<kw name="Set Variable" owner="BuiltIn">
<msg time="2024-08-10T12:28:02.100536" level="INFO">${json_data} = {'results': [{'gender': 'male', 'name': {'title': 'Mr', 'first': 'Willard', 'last': 'Marshall'}, 'location': {'street': {'number': 7290, 'name': 'E Center St'}, 'city': 'Mackay', 'state': 'Australian ...</msg>
<var>${json_data}</var>
<arg>${response.json()}</arg>
<doc>Returns the given values which can then be assigned to a variables.</doc>
<status status="PASS" start="2024-08-10T12:28:02.100058" elapsed="0.000506"/>
</kw>
<kw name="Log" owner="BuiltIn">
<msg time="2024-08-10T12:28:02.101025" level="INFO">{'results': [{'gender': 'male', 'name': {'title': 'Mr', 'first': 'Willard', 'last': 'Marshall'}, 'location': {'street': {'number': 7290, 'name': 'E Center St'}, 'city': 'Mackay', 'state': 'Australian Capital Territory', 'country': 'Australia', 'postcode': 3858, 'coordinates': {'latitude': '-84.4835', 'longitude': '-122.3290'}, 'timezone': {'offset': '+8:00', 'description': 'Beijing, Perth, Singapore, Hong Kong'}}, 'email': 'willard.marshall@example.com', 'login': {'uuid': 'f8db381b-3128-4fd6-ab3e-971a087d91a3', 'username': 'bluetiger614', 'password': 'queenie', 'salt': 'mglH82xx', 'md5': 'bd4ba8148f6ff7171f69e2ac3852a29d', 'sha1': '947c339519084181312953ddf2be3069e5610494', 'sha256': 'ad0d8a93f8edefe133ea49687f06bf593eb606587f9877ad71950cd99a43a49e'}, 'dob': {'date': '1972-02-13T03:50:52.852Z', 'age': 52}, 'registered': {'date': '2003-12-26T08:18:45.925Z', 'age': 20}, 'phone': '00-5486-0624', 'cell': '0475-853-293', 'id': {'name': 'TFN', 'value': '853340693'}, 'picture': {'large': 'https://randomuser.me/api/portraits/men/65.jpg', 'medium': 'https://randomuser.me/api/portraits/med/men/65.jpg', 'thumbnail': 'https://randomuser.me/api/portraits/thumb/men/65.jpg'}, 'nat': 'AU'}], 'info': {'seed': 'e1b8847697a87ed3', 'results': 1, 'page': 1, 'version': '1.4'}}</msg>
<arg>${json_data}</arg>
<doc>Logs the given message with the given level.</doc>
<status status="PASS" start="2024-08-10T12:28:02.100870" elapsed="0.000202"/>
</kw>
<kw name="Should Be String" owner="String">
<arg>${json_data['results'][0]['gender']}</arg>
<doc>Fails if the given ``item`` is not a string.</doc>
<status status="PASS" start="2024-08-10T12:28:02.101361" elapsed="0.000360"/>
</kw>
<kw name="Should Match Regexp" owner="BuiltIn">
<arg>${json_data['results'][0]['email']}</arg>
<arg>^[a-zA-Z0-9._%+-]+@[a-zA-Z0-9.-]+\.[a-zA-Z]{2,}$</arg>
<doc>Fails if ``string`` does not match ``pattern`` as a regular expression.</doc>
<status status="PASS" start="2024-08-10T12:28:02.101917" elapsed="0.000522"/>
</kw>
<kw name="Should Match Regexp" owner="BuiltIn">
<arg>${json_data['results'][0]['dob']['date']}</arg>
<arg>\\d{4}-\\d{2}-\\d{2}T\\d{2}:\\d{2}:\\d{2}\\.\\d{3}Z</arg>
<doc>Fails if ``string`` does not match ``pattern`` as a regular expression.</doc>
<status status="PASS" start="2024-08-10T12:28:02.102682" elapsed="0.000624"/>
</kw>
<kw name="Should Match Regexp" owner="BuiltIn">
<arg>${json_data['results'][0]['registered']['date']}</arg>
<arg>\\d{4}-\\d{2}-\\d{2}T\\d{2}:\\d{2}:\\d{2}\\.\\d{3}Z</arg>
<doc>Fails if ``string`` does not match ``pattern`` as a regular expression.</doc>
<status status="PASS" start="2024-08-10T12:28:02.103499" elapsed="0.000420"/>
</kw>
<kw name="Should Match Regexp" owner="BuiltIn">
<arg>${json_data['results'][0]['picture']['large']}</arg>
<arg>^https?://.*\.(?:png|jpe?g|gif|bmp)$</arg>
<doc>Fails if ``string`` does not match ``pattern`` as a regular expression.</doc>
<status status="PASS" start="2024-08-10T12:28:02.104109" elapsed="0.000471"/>
</kw>
<kw name="Should Match Regexp" owner="BuiltIn">
<arg>${json_data['results'][0]['picture']['medium']}</arg>
<arg>^https?://.*\.(?:png|jpe?g|gif|bmp)$</arg>
<doc>Fails if ``string`` does not match ``pattern`` as a regular expression.</doc>
<status status="PASS" start="2024-08-10T12:28:02.104768" elapsed="0.000357"/>
</kw>
<kw name="Should Match Regexp" owner="BuiltIn">
<arg>${json_data['results'][0]['picture']['thumbnail']}</arg>
<arg>^https?://.*\.(?:png|jpe?g|gif|bmp)$</arg>
<doc>Fails if ``string`` does not match ``pattern`` as a regular expression.</doc>
<status status="PASS" start="2024-08-10T12:28:02.105308" elapsed="0.000346"/>
</kw>
<kw name="Log" owner="BuiltIn">
<msg time="2024-08-10T12:28:02.106150" level="INFO">{'large': 'https://randomuser.me/api/portraits/men/65.jpg', 'medium': 'https://randomuser.me/api/portraits/med/men/65.jpg', 'thumbnail': 'https://randomuser.me/api/portraits/thumb/men/65.jpg'}</msg>
<arg>${json_data['results'][0]['picture']}</arg>
<doc>Logs the given message with the given level.</doc>
<status status="PASS" start="2024-08-10T12:28:02.105833" elapsed="0.000358"/>
</kw>
<status status="PASS" start="2024-08-10T12:28:02.033454" elapsed="0.072992"/>
</kw>
<kw name="Teste de Tipos de Dados - Postcode" owner="random-user-service">
<kw name="GET On Session" owner="RequestsLibrary">
<msg time="2024-08-10T12:28:02.200919" level="INFO">GET Request : url=https://randomuser.me/api 
 path_url=/api 
 headers={'User-Agent': 'python-requests/2.32.3', 'Accept-Encoding': 'gzip, deflate', 'Accept': '*/*', 'Connection': 'keep-alive'} 
 body=None 
 </msg>
<msg time="2024-08-10T12:28:02.200999" level="INFO">GET Response : url=https://randomuser.me/api 
 status=200, reason=OK 
 headers={'Date': 'Sat, 10 Aug 2024 12:28:02 GMT', 'Content-Type': 'application/json; charset=utf-8', 'Transfer-Encoding': 'chunked', 'Connection': 'keep-alive', 'X-Powered-By': 'Express', 'Access-Control-Allow-Origin': '*', 'Cache-Control': 'no-cache', 'ETag': 'W/"495-AoEIYErajQMxuX2/Ns26TektBd4"', 'Vary': 'Accept-Encoding', 'Content-Encoding': 'gzip', 'CF-Cache-Status': 'DYNAMIC', 'Report-To': '{"endpoints":[{"url":"https:\\/\\/a.nel.cloudflare.com\\/report\\/v4?s=eEo9x60R50AbBNB3hLzBm32dnH3LBPzol8u8cfrryS92ihnveW732DZlrtagoduJFShW5W59d%2FipfdFXAUzEj7IuJrKYtfN3l8ka1haPT6aXLekyZGcj95e25TmeRMdQ"}],"group":"cf-nel","max_age":604800}', 'NEL': '{"success_fraction":0,"report_to":"cf-nel","max_age":604800}', 'Server': 'cloudflare', 'CF-RAY': '8b0ffbc12d425b41-IAD', 'alt-svc': 'h3=":443"; ma=86400'} 
 body={"results":[{"gender":"male","name":{"title":"Mr","first":"Gerardo","last":"Villareal"},"location":{"street":{"number":1950,"name":"Corredor Sur Arevalo"},"city":"El Derramadero","state":"Zacatecas","country":"Mexico","postcode":16495,"coordinates":{"latitude":"25.9232","longitude":"-12.3143"},"timezone":{"offset":"-3:30","description":"Newfoundland"}},"email":"gerardo.villareal@example.com","login":{"uuid":"5f5384f1-12c8-4ce1-abdf-2baed704edfd","username":"ticklishzebra261","password":"pothead","salt":"gkXGU5gz","md5":"52a66a7d1ea169829f05053426b2a4e2","sha1":"2232897c60ba0079762d5567dc3ca0c0733ff8c4","sha256":"f3b802f1d75a29f15519b3a32b68803d7c8edd8ae179e30c4db5d99b0a9882d9"},"dob":{"date":"1986-02-27T08:02:24.434Z","age":38},"registered":{"date":"2015-06-17T22:34:57.894Z","age":9},"phone":"(684) 038 8986","cell":"(670) 854 1554","id":{"name":"NSS","value":"15 24 51 6762 3"},"picture":{"large":"https://randomuser.me/api/portraits/men/93.jpg","medium":"https://randomuser.me/api/portraits/med/men/93.jpg","thumbnail":"https://randomuser.me/api/portraits/thumb/men/93.jpg"},"nat":"MX"}],"info":{"seed":"2bb6cb3bc598953b","results":1,"page":1,"version":"1.4"}} 
 </msg>
<msg time="2024-08-10T12:28:02.201063" level="INFO">/opt/hostedtoolcache/Python/3.12.4/x64/lib/python3.12/site-packages/urllib3/connectionpool.py:1099: InsecureRequestWarning: Unverified HTTPS request is being made to host 'randomuser.me'. Adding certificate verification is strongly advised. See: https://urllib3.readthedocs.io/en/latest/advanced-usage.html#tls-warnings
  warnings.warn(</msg>
<msg time="2024-08-10T12:28:02.201187" level="INFO">${response} = &lt;Response [200]&gt;</msg>
<var>${response}</var>
<arg>consultarAPI</arg>
<arg>/api</arg>
<doc>Sends a GET request on a previously created HTTP Session.</doc>
<status status="PASS" start="2024-08-10T12:28:02.106884" elapsed="0.094342"/>
</kw>
<kw name="Set Variable" owner="BuiltIn">
<msg time="2024-08-10T12:28:02.202106" level="INFO">${json_data} = {'results': [{'gender': 'male', 'name': {'title': 'Mr', 'first': 'Gerardo', 'last': 'Villareal'}, 'location': {'street': {'number': 1950, 'name': 'Corredor Sur Arevalo'}, 'city': 'El Derramadero', 'st...</msg>
<var>${json_data}</var>
<arg>${response.json()}</arg>
<doc>Returns the given values which can then be assigned to a variables.</doc>
<status status="PASS" start="2024-08-10T12:28:02.201632" elapsed="0.000503"/>
</kw>
<kw name="Log" owner="BuiltIn">
<msg time="2024-08-10T12:28:02.202589" level="INFO">{'results': [{'gender': 'male', 'name': {'title': 'Mr', 'first': 'Gerardo', 'last': 'Villareal'}, 'location': {'street': {'number': 1950, 'name': 'Corredor Sur Arevalo'}, 'city': 'El Derramadero', 'state': 'Zacatecas', 'country': 'Mexico', 'postcode': 16495, 'coordinates': {'latitude': '25.9232', 'longitude': '-12.3143'}, 'timezone': {'offset': '-3:30', 'description': 'Newfoundland'}}, 'email': 'gerardo.villareal@example.com', 'login': {'uuid': '5f5384f1-12c8-4ce1-abdf-2baed704edfd', 'username': 'ticklishzebra261', 'password': 'pothead', 'salt': 'gkXGU5gz', 'md5': '52a66a7d1ea169829f05053426b2a4e2', 'sha1': '2232897c60ba0079762d5567dc3ca0c0733ff8c4', 'sha256': 'f3b802f1d75a29f15519b3a32b68803d7c8edd8ae179e30c4db5d99b0a9882d9'}, 'dob': {'date': '1986-02-27T08:02:24.434Z', 'age': 38}, 'registered': {'date': '2015-06-17T22:34:57.894Z', 'age': 9}, 'phone': '(684) 038 8986', 'cell': '(670) 854 1554', 'id': {'name': 'NSS', 'value': '15 24 51 6762 3'}, 'picture': {'large': 'https://randomuser.me/api/portraits/men/93.jpg', 'medium': 'https://randomuser.me/api/portraits/med/men/93.jpg', 'thumbnail': 'https://randomuser.me/api/portraits/thumb/men/93.jpg'}, 'nat': 'MX'}], 'info': {'seed': '2bb6cb3bc598953b', 'results': 1, 'page': 1, 'version': '1.4'}}</msg>
<arg>${json_data}</arg>
<doc>Logs the given message with the given level.</doc>
<status status="PASS" start="2024-08-10T12:28:02.202435" elapsed="0.000201"/>
</kw>
<kw name="Should Be Equal As Numbers" owner="BuiltIn">
<arg>${json_data['results'][0]['location']['postcode']}</arg>
<arg>${json_data['results'][0]['location']['postcode']}</arg>
<doc>Fails if objects are unequal after converting them to real numbers.</doc>
<status status="PASS" start="2024-08-10T12:28:02.202939" elapsed="0.000656"/>
</kw>
<kw name="Log" owner="BuiltIn">
<msg time="2024-08-10T12:28:02.204173" level="INFO">16495</msg>
<arg>${json_data['results'][0]['location']['postcode']}</arg>
<doc>Logs the given message with the given level.</doc>
<status status="PASS" start="2024-08-10T12:28:02.203821" elapsed="0.000394"/>
</kw>
<status status="PASS" start="2024-08-10T12:28:02.106663" elapsed="0.097834"/>
</kw>
<doc>Testa se os tipos de dados na resposta da API estão corretos.</doc>
<tag>testeTiposDados</tag>
<status status="PASS" start="2024-08-10T12:28:02.032996" elapsed="0.171685"/>
</test>
<test id="s1-s1-t5" name="Validar conteudo" line="35">
<kw name="Teste de Tipos de Conteudo" owner="random-user-service">
<kw name="GET On Session" owner="RequestsLibrary">
<msg time="2024-08-10T12:28:02.317687" level="INFO">GET Request : url=https://randomuser.me/api 
 path_url=/api 
 headers={'User-Agent': 'python-requests/2.32.3', 'Accept-Encoding': 'gzip, deflate', 'Accept': '*/*', 'Connection': 'keep-alive'} 
 body=None 
 </msg>
<msg time="2024-08-10T12:28:02.317797" level="INFO">GET Response : url=https://randomuser.me/api 
 status=200, reason=OK 
 headers={'Date': 'Sat, 10 Aug 2024 12:28:02 GMT', 'Content-Type': 'application/json; charset=utf-8', 'Transfer-Encoding': 'chunked', 'Connection': 'keep-alive', 'X-Powered-By': 'Express', 'Access-Control-Allow-Origin': '*', 'Cache-Control': 'no-cache', 'ETag': 'W/"47f-mPWRP9FvSfqu0wgWmOP6wQmCjGQ"', 'Vary': 'Accept-Encoding', 'Content-Encoding': 'gzip', 'CF-Cache-Status': 'DYNAMIC', 'Report-To': '{"endpoints":[{"url":"https:\\/\\/a.nel.cloudflare.com\\/report\\/v4?s=74YW6xpCHD7lN1%2FGln1brb7wuzEuzAKIz0r06gwD1v12iYZhhyNMBxZYz9RBB97Ld0KGMvWLwYUGZ4jTvNoj2DZWom5diaBhiW6nrGkHWjj%2FXyqZf36KEyhN0mA68Hcl"}],"group":"cf-nel","max_age":604800}', 'NEL': '{"success_fraction":0,"report_to":"cf-nel","max_age":604800}', 'Server': 'cloudflare', 'CF-RAY': '8b0ffbc1cd875b41-IAD', 'alt-svc': 'h3=":443"; ma=86400'} 
 body={"results":[{"gender":"male","name":{"title":"Mr","first":"Larry","last":"Reynolds"},"location":{"street":{"number":1273,"name":"Westmoreland Street"},"city":"Tramore","state":"Cavan","country":"Ireland","postcode":77829,"coordinates":{"latitude":"-2.7059","longitude":"-94.6550"},"timezone":{"offset":"-11:00","description":"Midway Island, Samoa"}},"email":"larry.reynolds@example.com","login":{"uuid":"9c02fe0c-66ad-4920-bc40-941962f3b4a3","username":"goldenbird633","password":"runner","salt":"AAN1Kjc7","md5":"7a34d3cff99a8b450722be310cabb3cc","sha1":"4bee81a023616d33f6ce18dbe7f5a817ae0441f3","sha256":"f395f7e3caaee52f4c0abf17bc4815baca313a0565c18c06e928cd2b73f5902a"},"dob":{"date":"1959-11-25T04:00:22.339Z","age":64},"registered":{"date":"2004-09-01T15:40:36.162Z","age":19},"phone":"031-192-7262","cell":"081-261-5072","id":{"name":"PPS","value":"3613951T"},"picture":{"large":"https://randomuser.me/api/portraits/men/61.jpg","medium":"https://randomuser.me/api/portraits/med/men/61.jpg","thumbnail":"https://randomuser.me/api/portraits/thumb/men/61.jpg"},"nat":"IE"}],"info":{"seed":"b79631223ea20042","results":1,"page":1,"version":"1.4"}} 
 </msg>
<msg time="2024-08-10T12:28:02.317878" level="INFO">/opt/hostedtoolcache/Python/3.12.4/x64/lib/python3.12/site-packages/urllib3/connectionpool.py:1099: InsecureRequestWarning: Unverified HTTPS request is being made to host 'randomuser.me'. Adding certificate verification is strongly advised. See: https://urllib3.readthedocs.io/en/latest/advanced-usage.html#tls-warnings
  warnings.warn(</msg>
<msg time="2024-08-10T12:28:02.318040" level="INFO">${response} = &lt;Response [200]&gt;</msg>
<var>${response}</var>
<arg>consultarAPI</arg>
<arg>/api</arg>
<doc>Sends a GET request on a previously created HTTP Session.</doc>
<status status="PASS" start="2024-08-10T12:28:02.207093" elapsed="0.111002"/>
</kw>
<kw name="Set Variable" owner="BuiltIn">
<msg time="2024-08-10T12:28:02.319188" level="INFO">${json_data} = {'results': [{'gender': 'male', 'name': {'title': 'Mr', 'first': 'Larry', 'last': 'Reynolds'}, 'location': {'street': {'number': 1273, 'name': 'Westmoreland Street'}, 'city': 'Tramore', 'state': 'Cava...</msg>
<var>${json_data}</var>
<arg>${response.json()}</arg>
<doc>Returns the given values which can then be assigned to a variables.</doc>
<status status="PASS" start="2024-08-10T12:28:02.318669" elapsed="0.000549"/>
</kw>
<kw name="Set Variable" owner="BuiltIn">
<msg time="2024-08-10T12:28:02.319954" level="INFO">${name_title} = Mr</msg>
<var>${name_title}</var>
<arg>${json_data["results"][0]["name"]["title"]}</arg>
<doc>Returns the given values which can then be assigned to a variables.</doc>
<status status="PASS" start="2024-08-10T12:28:02.319529" elapsed="0.000451"/>
</kw>
<kw name="Create List" owner="BuiltIn">
<msg time="2024-08-10T12:28:02.320427" level="INFO">${allowed_titles} = ['Mr', 'Ms', 'Miss', 'Mrs', 'Madame', 'Monsieur']</msg>
<var>${allowed_titles}</var>
<arg>Mr</arg>
<arg>Ms</arg>
<arg>Miss</arg>
<arg>Mrs</arg>
<arg>Madame</arg>
<arg>Monsieur</arg>
<doc>Returns a list containing given items.</doc>
<status status="PASS" start="2024-08-10T12:28:02.320278" elapsed="0.000174"/>
</kw>
<kw name="List Should Contain Value" owner="Collections">
<arg>${allowed_titles}</arg>
<arg>${name_title}</arg>
<doc>Fails if the ``value`` is not found from ``list``.</doc>
<status status="PASS" start="2024-08-10T12:28:02.320759" elapsed="0.000176"/>
</kw>
<kw name="Set Variable" owner="BuiltIn">
<msg time="2024-08-10T12:28:02.321497" level="INFO">${name_country} = IE</msg>
<var>${name_country}</var>
<arg>${json_data["results"][0]["nat"]}</arg>
<doc>Returns the given values which can then be assigned to a variables.</doc>
<status status="PASS" start="2024-08-10T12:28:02.321120" elapsed="0.000402"/>
</kw>
<kw name="Create List" owner="BuiltIn">
<msg time="2024-08-10T12:28:02.322399" level="INFO">${list_country} = ['AD', 'AE', 'AF', 'AG', 'AI', 'AL', 'AM', 'AO', 'AQ', 'AR', 'AS', 'AT', 'AU', 'AW', 'AX', 'AZ', 'BA', 'BB', 'BD', 'BE', 'BF', 'BG', 'BH', 'BI', 'BJ', 'BL', 'BM', 'BN', 'BO', 'BQ', 'BR', 'BS', 'BT', '...</msg>
<var>${list_country}</var>
<arg>AD</arg>
<arg>AE</arg>
<arg>AF</arg>
<arg>AG</arg>
<arg>AI</arg>
<arg>AL</arg>
<arg>AM</arg>
<arg>AO</arg>
<arg>AQ</arg>
<arg>AR</arg>
<arg>AS</arg>
<arg>AT</arg>
<arg>AU</arg>
<arg>AW</arg>
<arg>AX</arg>
<arg>AZ</arg>
<arg>BA</arg>
<arg>BB</arg>
<arg>BD</arg>
<arg>BE</arg>
<arg>BF</arg>
<arg>BG</arg>
<arg>BH</arg>
<arg>BI</arg>
<arg>BJ</arg>
<arg>BL</arg>
<arg>BM</arg>
<arg>BN</arg>
<arg>BO</arg>
<arg>BQ</arg>
<arg>BR</arg>
<arg>BS</arg>
<arg>BT</arg>
<arg>BV</arg>
<arg>BW</arg>
<arg>BY</arg>
<arg>BZ</arg>
<arg>CA</arg>
<arg>CC</arg>
<arg>CD</arg>
<arg>CF</arg>
<arg>CG</arg>
<arg>CH</arg>
<arg>CI</arg>
<arg>CK</arg>
<arg>CL</arg>
<arg>CM</arg>
<arg>CN</arg>
<arg>CO</arg>
<arg>CR</arg>
<arg>CU</arg>
<arg>CV</arg>
<arg>CW</arg>
<arg>CX</arg>
<arg>CY</arg>
<arg>CZ</arg>
<arg>DE</arg>
<arg>DJ</arg>
<arg>DK</arg>
<arg>DM</arg>
<arg>DO</arg>
<arg>DZ</arg>
<arg>EC</arg>
<arg>EE</arg>
<arg>EG</arg>
<arg>EH</arg>
<arg>ER</arg>
<arg>ES</arg>
<arg>ET</arg>
<arg>FI</arg>
<arg>FJ</arg>
<arg>FK</arg>
<arg>FM</arg>
<arg>FO</arg>
<arg>FR</arg>
<arg>GA</arg>
<arg>GB</arg>
<arg>GD</arg>
<arg>GE</arg>
<arg>GF</arg>
<arg>GG</arg>
<arg>GH</arg>
<arg>GI</arg>
<arg>GL</arg>
<arg>GM</arg>
<arg>GN</arg>
<arg>GP</arg>
<arg>GQ</arg>
<arg>GR</arg>
<arg>GS</arg>
<arg>GT</arg>
<arg>GU</arg>
<arg>GW</arg>
<arg>GY</arg>
<arg>HK</arg>
<arg>HM</arg>
<arg>HN</arg>
<arg>HR</arg>
<arg>HT</arg>
<arg>HU</arg>
<arg>ID</arg>
<arg>IE</arg>
<arg>IL</arg>
<arg>IM</arg>
<arg>IN</arg>
<arg>IO</arg>
<arg>IQ</arg>
<arg>IR</arg>
<arg>IS</arg>
<arg>IT</arg>
<arg>JE</arg>
<arg>JM</arg>
<arg>JO</arg>
<arg>JP</arg>
<arg>KE</arg>
<arg>KG</arg>
<arg>KH</arg>
<arg>KI</arg>
<arg>KM</arg>
<arg>KN</arg>
<arg>KP</arg>
<arg>KR</arg>
<arg>KW</arg>
<arg>KY</arg>
<arg>KZ</arg>
<arg>LA</arg>
<arg>LB</arg>
<arg>LC</arg>
<arg>LI</arg>
<arg>LK</arg>
<arg>LR</arg>
<arg>LS</arg>
<arg>LT</arg>
<arg>LU</arg>
<arg>LV</arg>
<arg>LY</arg>
<arg>MA</arg>
<arg>MC</arg>
<arg>MD</arg>
<arg>ME</arg>
<arg>MF</arg>
<arg>MG</arg>
<arg>MH</arg>
<arg>MK</arg>
<arg>ML</arg>
<arg>MM</arg>
<arg>MN</arg>
<arg>MO</arg>
<arg>MP</arg>
<arg>MQ</arg>
<arg>MR</arg>
<arg>MS</arg>
<arg>MT</arg>
<arg>MU</arg>
<arg>MV</arg>
<arg>MW</arg>
<arg>MX</arg>
<arg>MY</arg>
<arg>MZ</arg>
<arg>NA</arg>
<arg>NC</arg>
<arg>NE</arg>
<arg>NF</arg>
<arg>NG</arg>
<arg>NI</arg>
<arg>NL</arg>
<arg>NO</arg>
<arg>NP</arg>
<arg>NR</arg>
<arg>NU</arg>
<arg>NZ</arg>
<arg>OM</arg>
<arg>PA</arg>
<arg>PE</arg>
<arg>PF</arg>
<arg>PG</arg>
<arg>PH</arg>
<arg>PK</arg>
<arg>PL</arg>
<arg>PM</arg>
<arg>PN</arg>
<arg>PR</arg>
<arg>PS</arg>
<arg>PT</arg>
<arg>PW</arg>
<arg>PY</arg>
<arg>QA</arg>
<arg>RE</arg>
<arg>RO</arg>
<arg>RS</arg>
<arg>RU</arg>
<arg>RW</arg>
<arg>SA</arg>
<arg>SB</arg>
<arg>SC</arg>
<arg>SD</arg>
<arg>SE</arg>
<arg>SG</arg>
<arg>SH</arg>
<arg>SI</arg>
<arg>SJ</arg>
<arg>SK</arg>
<arg>SL</arg>
<arg>SM</arg>
<arg>SN</arg>
<arg>SO</arg>
<arg>SR</arg>
<arg>SS</arg>
<arg>ST</arg>
<arg>SV</arg>
<arg>SX</arg>
<arg>SY</arg>
<arg>SZ</arg>
<arg>TC</arg>
<arg>TD</arg>
<arg>TF</arg>
<arg>TG</arg>
<arg>TH</arg>
<arg>TJ</arg>
<arg>TK</arg>
<arg>TL</arg>
<arg>TM</arg>
<arg>TN</arg>
<arg>TO</arg>
<arg>TR</arg>
<arg>TT</arg>
<arg>TV</arg>
<arg>TW</arg>
<arg>TZ</arg>
<arg>UA</arg>
<arg>UG</arg>
<arg>UM</arg>
<arg>US</arg>
<arg>UY</arg>
<arg>UZ</arg>
<arg>VA</arg>
<arg>VC</arg>
<arg>VE</arg>
<arg>VG</arg>
<arg>VI</arg>
<arg>VN</arg>
<arg>VU</arg>
<arg>WF</arg>
<arg>WS</arg>
<arg>XK</arg>
<arg>YE</arg>
<arg>YT</arg>
<arg>ZA</arg>
<arg>ZM</arg>
<arg>ZW</arg>
<doc>Returns a list containing given items.</doc>
<status status="PASS" start="2024-08-10T12:28:02.321811" elapsed="0.000613"/>
</kw>
<kw name="List Should Contain Value" owner="Collections">
<arg>${list_country}</arg>
<arg>${name_country}</arg>
<doc>Fails if the ``value`` is not found from ``list``.</doc>
<status status="PASS" start="2024-08-10T12:28:02.323394" elapsed="0.000215"/>
</kw>
<kw name="Run Keyword If" owner="BuiltIn">
<kw name="Should Be True" owner="BuiltIn">
<arg>${True}</arg>
<doc>Fails if the given condition is not true.</doc>
<status status="PASS" start="2024-08-10T12:28:02.324589" elapsed="0.000143"/>
</kw>
<arg>${json_data["results"][0]["location"]["coordinates"]["latitude"]} &gt;= -90 and ${json_data["results"][0]["location"]["coordinates"]["latitude"]} &lt;= 90</arg>
<arg>Should Be True</arg>
<arg>${True}</arg>
<doc>Runs the given keyword with the given arguments, if ``condition`` is true.</doc>
<status status="PASS" start="2024-08-10T12:28:02.323826" elapsed="0.001032"/>
</kw>
<kw name="Run Keyword If" owner="BuiltIn">
<kw name="Should Be True" owner="BuiltIn">
<arg>${True}</arg>
<doc>Fails if the given condition is not true.</doc>
<status status="PASS" start="2024-08-10T12:28:02.325723" elapsed="0.000137"/>
</kw>
<arg>${json_data["results"][0]["location"]["coordinates"]["longitude"]} &gt;= -180 and ${json_data["results"][0]["location"]["coordinates"]["longitude"]} &lt;= 180</arg>
<arg>Should Be True</arg>
<arg>${True}</arg>
<doc>Runs the given keyword with the given arguments, if ``condition`` is true.</doc>
<status status="PASS" start="2024-08-10T12:28:02.325038" elapsed="0.000944"/>
</kw>
<status status="PASS" start="2024-08-10T12:28:02.206871" elapsed="0.119240"/>
</kw>
<doc>Testa o conteúdo específico dos campos retornados pela API.</doc>
<tag>testeConteudo</tag>
<status status="PASS" start="2024-08-10T12:28:02.206418" elapsed="0.119845"/>
</test>
<status status="PASS" start="2024-08-10T12:28:01.431093" elapsed="0.897109"/>
</suite>
<status status="PASS" start="2024-08-10T12:28:01.416789" elapsed="0.916443"/>
</suite>
<statistics>
<total>
<stat pass="5" fail="0" skip="0">All Tests</stat>
</total>
<tag>
<stat pass="1" fail="0" skip="0">testeConteudo</stat>
<stat pass="1" fail="0" skip="0">testeEstruturaResposta</stat>
<stat pass="1" fail="0" skip="0">testeRequisicaoBasica</stat>
<stat pass="1" fail="0" skip="0">testeTiposDados</stat>
</tag>
<suite>
<stat pass="5" fail="0" skip="0" id="s1" name="Tests">Tests</stat>
<stat pass="5" fail="0" skip="0" id="s1-s1" name="Random-User-Test">Tests.Random-User-Test</stat>
</suite>
</statistics>
<errors>
</errors>
</robot>
