<?xml version="1.0" encoding="UTF-8"?>
<robot generator="Robot 7.0 (Python 3.12.2 on linux)" generated="2024-04-07T22:12:18.839732" rpa="false" schemaversion="5">
<suite id="s1" name="Tests" source="/home/runner/work/DesafioQAItauRogerioJordao/DesafioQAItauRogerioJordao/RamdonUser/tests">
<suite id="s1-s1" name="Random-User-Test" source="/home/runner/work/DesafioQAItauRogerioJordao/DesafioQAItauRogerioJordao/RamdonUser/tests/random-user-test.robot">
<test id="s1-s1-t1" name="Conectar" line="13">
<kw name="Conectar API" owner="random-user-service">
<kw name="Create Session" owner="RequestsLibrary">
<msg time="2024-04-07T22:12:19.206138" level="INFO">Creating Session using : alias=consultarAPI, url=https://randomuser.me/, headers={},                     cookies={}, auth=None, timeout=None, proxies=None, verify=False,                     debug=0 </msg>
<arg>consultarAPI</arg>
<arg>${URL}</arg>
<doc>Create Session: create a HTTP session to a server</doc>
<status status="PASS" start="2024-04-07T22:12:19.205942" elapsed="0.000368"/>
</kw>
<status status="PASS" start="2024-04-07T22:12:19.204915" elapsed="0.001750"/>
</kw>
<status status="PASS" start="2024-04-07T22:12:19.204319" elapsed="0.002603"/>
</test>
<test id="s1-s1-t2" name="Validar retorno 200 e JSON Válido" line="16">
<kw name="Teste de Requisicao Basica" owner="random-user-service">
<kw name="GET On Session" owner="RequestsLibrary">
<msg time="2024-04-07T22:12:19.371285" level="INFO">GET Request : url=https://randomuser.me/api 
 path_url=/api 
 headers={'User-Agent': 'python-requests/2.31.0', 'Accept-Encoding': 'gzip, deflate', 'Accept': '*/*', 'Connection': 'keep-alive'} 
 body=None 
 </msg>
<msg time="2024-04-07T22:12:19.371430" level="INFO">GET Response : url=https://randomuser.me/api 
 status=200, reason=OK 
 headers={'Date': 'Sun, 07 Apr 2024 22:12:19 GMT', 'Content-Type': 'application/json; charset=utf-8', 'Transfer-Encoding': 'chunked', 'Connection': 'keep-alive', 'X-Powered-By': 'Express', 'Access-Control-Allow-Origin': '*', 'Cache-Control': 'no-cache', 'ETag': 'W/"497-dcND0b/1zR4wjHIGCjLYzkA0Ql8"', 'Vary': 'Accept-Encoding', 'Content-Encoding': 'gzip', 'CF-Cache-Status': 'DYNAMIC', 'Report-To': '{"endpoints":[{"url":"https:\\/\\/a.nel.cloudflare.com\\/report\\/v4?s=vLDTRxfa%2BiqQOVTllDxCVqUWn9nohEPe%2B4P5vn4WPEeE1YTHv75Cn1aHava0%2BiJPHNLbffEy1%2FflU0OJrKEo%2B%2FRNoiq5grw2umoR27EZDHMRI4v%2FFstmUuqkfap1o%2Fq2"}],"group":"cf-nel","max_age":604800}', 'NEL': '{"success_fraction":0,"report_to":"cf-nel","max_age":604800}', 'Server': 'cloudflare', 'CF-RAY': '870d5bc469c22b57-LAX', 'alt-svc': 'h3=":443"; ma=86400'} 
 body={"results":[{"gender":"male","name":{"title":"Mr","first":"Carlos","last":"Moreno"},"location":{"street":{"number":1697,"name":"Paseo de Zorrilla"},"city":"Córdoba","state":"Castilla la Mancha","country":"Spain","postcode":74489,"coordinates":{"latitude":"-33.0583","longitude":"-72.6435"},"timezone":{"offset":"+3:00","description":"Baghdad, Riyadh, Moscow, St. Petersburg"}},"email":"carlos.moreno@example.com","login":{"uuid":"2992f34b-f7be-4832-96ba-7e9ff691ec2e","username":"sadostrich513","password":"glow","salt":"7CR3Fnig","md5":"5d554fd06c5bf7fec5f07420e1ef6411","sha1":"499017a406b2e8baa231fbb683c1ba182f326bdb","sha256":"d50aab14038923d353ea2951f55ebce4b3c812e6b904f4a7856b870e1b54bab8"},"dob":{"date":"1995-03-20T13:07:59.941Z","age":29},"registered":{"date":"2014-08-28T23:35:38.581Z","age":9},"phone":"993-519-819","cell":"610-808-181","id":{"name":"DNI","value":"17822208-G"},"picture":{"large":"https://randomuser.me/api/portraits/men/99.jpg","medium":"https://randomuser.me/api/portraits/med/men/99.jpg","thumbnail":"https://randomuser.me/api/portraits/thumb/men/99.jpg"},"nat":"ES"}],"info":{"seed":"1d433a2d70f66733","results":1,"page":1,"version":"1.4"}} 
 </msg>
<msg time="2024-04-07T22:12:19.371556" level="INFO">/opt/hostedtoolcache/Python/3.12.2/x64/lib/python3.12/site-packages/urllib3/connectionpool.py:1103: InsecureRequestWarning: Unverified HTTPS request is being made to host 'randomuser.me'. Adding certificate verification is strongly advised. See: https://urllib3.readthedocs.io/en/latest/advanced-usage.html#tls-warnings
  warnings.warn(</msg>
<msg time="2024-04-07T22:12:19.371743" level="INFO">${response} = &lt;Response [200]&gt;</msg>
<var>${response}</var>
<arg>consultarAPI</arg>
<arg>/api</arg>
<doc>Sends a GET request on a previously created HTTP Session.</doc>
<status status="PASS" start="2024-04-07T22:12:19.209605" elapsed="0.162195"/>
</kw>
<kw name="Should Be Equal As Numbers" owner="BuiltIn">
<msg time="2024-04-07T22:12:19.372677" level="INFO">Argument types are:
&lt;class 'int'&gt;
&lt;class 'str'&gt;</msg>
<arg>${response.status_code}</arg>
<arg>200</arg>
<doc>Fails if objects are unequal after converting them to real numbers.</doc>
<status status="PASS" start="2024-04-07T22:12:19.372243" elapsed="0.000504"/>
</kw>
<kw name="Log" owner="BuiltIn">
<msg time="2024-04-07T22:12:19.373436" level="INFO">200</msg>
<arg>${response.status_code}</arg>
<doc>Logs the given message with the given level.</doc>
<status status="PASS" start="2024-04-07T22:12:19.373078" elapsed="0.000403"/>
</kw>
<kw name="Set Variable" owner="BuiltIn">
<msg time="2024-04-07T22:12:19.374268" level="INFO">${json_data} = {'results': [{'gender': 'male', 'name': {'title': 'Mr', 'first': 'Carlos', 'last': 'Moreno'}, 'location': {'street': {'number': 1697, 'name': 'Paseo de Zorrilla'}, 'city': 'Córdoba', 'state': 'Castill...</msg>
<var>${json_data}</var>
<arg>${response.json()}</arg>
<doc>Returns the given values which can then be assigned to a variables.</doc>
<status status="PASS" start="2024-04-07T22:12:19.373819" elapsed="0.000478"/>
</kw>
<kw name="Dictionary Should Contain Key" owner="Collections">
<msg time="2024-04-07T22:12:19.374818" level="INFO">False</msg>
<arg>${json_data}</arg>
<arg>results</arg>
<doc>Fails if ``key`` is not found from ``dictionary``.</doc>
<status status="PASS" start="2024-04-07T22:12:19.374604" elapsed="0.000255"/>
</kw>
<status status="PASS" start="2024-04-07T22:12:19.209347" elapsed="0.165779"/>
</kw>
<doc>Testa se a API responde corretamente e retorna um objeto JSON válido.</doc>
<tag>testeRequisicaoBasica</tag>
<status status="PASS" start="2024-04-07T22:12:19.208794" elapsed="0.166516"/>
</test>
<test id="s1-s1-t3" name="Validar estrutura de resposta" line="22">
<kw name="Teste de Estrutura de Resposta" owner="random-user-service">
<kw name="GET On Session" owner="RequestsLibrary">
<msg time="2024-04-07T22:12:19.488212" level="INFO">GET Request : url=https://randomuser.me/api 
 path_url=/api 
 headers={'User-Agent': 'python-requests/2.31.0', 'Accept-Encoding': 'gzip, deflate', 'Accept': '*/*', 'Connection': 'keep-alive'} 
 body=None 
 </msg>
<msg time="2024-04-07T22:12:19.488293" level="INFO">GET Response : url=https://randomuser.me/api 
 status=200, reason=OK 
 headers={'Date': 'Sun, 07 Apr 2024 22:12:19 GMT', 'Content-Type': 'application/json; charset=utf-8', 'Transfer-Encoding': 'chunked', 'Connection': 'keep-alive', 'X-Powered-By': 'Express', 'Access-Control-Allow-Origin': '*', 'Cache-Control': 'no-cache', 'ETag': 'W/"491-UTKUTfepDUi+1aa5D99TOc/GzmY"', 'Vary': 'Accept-Encoding', 'Content-Encoding': 'gzip', 'CF-Cache-Status': 'DYNAMIC', 'Report-To': '{"endpoints":[{"url":"https:\\/\\/a.nel.cloudflare.com\\/report\\/v4?s=FrZsAcW6reJwR7soefF0je7lsX5BaLNhxIZy75RmMg4MHePFgS3SgNyEQOLWv5p25XDVLf3X6P9ZZu6wbAyi0vMRfACPQYv18CS8%2Fe2JwGW4zYm%2FxhZloow04wqlnJ6c"}],"group":"cf-nel","max_age":604800}', 'NEL': '{"success_fraction":0,"report_to":"cf-nel","max_age":604800}', 'Server': 'cloudflare', 'CF-RAY': '870d5bc52aa02b57-LAX', 'alt-svc': 'h3=":443"; ma=86400'} 
 body={"results":[{"gender":"male","name":{"title":"Mr","first":"Alexandre","last":"Singh"},"location":{"street":{"number":7236,"name":"Queen St"},"city":"Westport","state":"Nova Scotia","country":"Canada","postcode":"B5L 0M4","coordinates":{"latitude":"-64.7131","longitude":"-152.3903"},"timezone":{"offset":"+10:00","description":"Eastern Australia, Guam, Vladivostok"}},"email":"alexandre.singh@example.com","login":{"uuid":"0dfbcf72-f25b-4a16-9672-3816f992ce4e","username":"lazycat322","password":"germany","salt":"8kxRNgA2","md5":"20d69e111869b95c14586f6eda86deb6","sha1":"af6356123d411977cf3723110fe75aa68936fe1b","sha256":"7a6a993a4fc082dcc9efeade6baac38c5d408a11e49e2b9bdb64751b669a28ad"},"dob":{"date":"1975-10-28T22:46:28.446Z","age":48},"registered":{"date":"2003-08-29T14:10:39.604Z","age":20},"phone":"Y55 D89-2936","cell":"N84 Q32-8959","id":{"name":"SIN","value":"524923372"},"picture":{"large":"https://randomuser.me/api/portraits/men/38.jpg","medium":"https://randomuser.me/api/portraits/med/men/38.jpg","thumbnail":"https://randomuser.me/api/portraits/thumb/men/38.jpg"},"nat":"CA"}],"info":{"seed":"a93c71db0b5abccd","results":1,"page":1,"version":"1.4"}} 
 </msg>
<msg time="2024-04-07T22:12:19.488415" level="INFO">/opt/hostedtoolcache/Python/3.12.2/x64/lib/python3.12/site-packages/urllib3/connectionpool.py:1103: InsecureRequestWarning: Unverified HTTPS request is being made to host 'randomuser.me'. Adding certificate verification is strongly advised. See: https://urllib3.readthedocs.io/en/latest/advanced-usage.html#tls-warnings
  warnings.warn(</msg>
<msg time="2024-04-07T22:12:19.488509" level="INFO">${response} = &lt;Response [200]&gt;</msg>
<var>${response}</var>
<arg>consultarAPI</arg>
<arg>/api</arg>
<doc>Sends a GET request on a previously created HTTP Session.</doc>
<status status="PASS" start="2024-04-07T22:12:19.377986" elapsed="0.110549"/>
</kw>
<kw name="Set Variable" owner="BuiltIn">
<msg time="2024-04-07T22:12:19.489447" level="INFO">${json_data} = {'results': [{'gender': 'male', 'name': {'title': 'Mr', 'first': 'Alexandre', 'last': 'Singh'}, 'location': {'street': {'number': 7236, 'name': 'Queen St'}, 'city': 'Westport', 'state': 'Nova Scotia',...</msg>
<var>${json_data}</var>
<arg>${response.json()}</arg>
<doc>Returns the given values which can then be assigned to a variables.</doc>
<status status="PASS" start="2024-04-07T22:12:19.488991" elapsed="0.000485"/>
</kw>
<kw name="Log" owner="BuiltIn">
<msg time="2024-04-07T22:12:19.489951" level="INFO">{'results': [{'gender': 'male', 'name': {'title': 'Mr', 'first': 'Alexandre', 'last': 'Singh'}, 'location': {'street': {'number': 7236, 'name': 'Queen St'}, 'city': 'Westport', 'state': 'Nova Scotia', 'country': 'Canada', 'postcode': 'B5L 0M4', 'coordinates': {'latitude': '-64.7131', 'longitude': '-152.3903'}, 'timezone': {'offset': '+10:00', 'description': 'Eastern Australia, Guam, Vladivostok'}}, 'email': 'alexandre.singh@example.com', 'login': {'uuid': '0dfbcf72-f25b-4a16-9672-3816f992ce4e', 'username': 'lazycat322', 'password': 'germany', 'salt': '8kxRNgA2', 'md5': '20d69e111869b95c14586f6eda86deb6', 'sha1': 'af6356123d411977cf3723110fe75aa68936fe1b', 'sha256': '7a6a993a4fc082dcc9efeade6baac38c5d408a11e49e2b9bdb64751b669a28ad'}, 'dob': {'date': '1975-10-28T22:46:28.446Z', 'age': 48}, 'registered': {'date': '2003-08-29T14:10:39.604Z', 'age': 20}, 'phone': 'Y55 D89-2936', 'cell': 'N84 Q32-8959', 'id': {'name': 'SIN', 'value': '524923372'}, 'picture': {'large': 'https://randomuser.me/api/portraits/men/38.jpg', 'medium': 'https://randomuser.me/api/portraits/med/men/38.jpg', 'thumbnail': 'https://randomuser.me/api/portraits/thumb/men/38.jpg'}, 'nat': 'CA'}], 'info': {'seed': 'a93c71db0b5abccd', 'results': 1, 'page': 1, 'version': '1.4'}}</msg>
<arg>${json_data}</arg>
<doc>Logs the given message with the given level.</doc>
<status status="PASS" start="2024-04-07T22:12:19.489794" elapsed="0.000204"/>
</kw>
<kw name="Dictionary Should Contain Key" owner="Collections">
<msg time="2024-04-07T22:12:19.490445" level="INFO">False</msg>
<arg>${json_data}</arg>
<arg>results</arg>
<doc>Fails if ``key`` is not found from ``dictionary``.</doc>
<status status="PASS" start="2024-04-07T22:12:19.490291" elapsed="0.000191"/>
</kw>
<kw name="Should Not Be Empty" owner="BuiltIn">
<msg time="2024-04-07T22:12:19.490945" level="INFO">Length is 2.</msg>
<arg>${json_data}</arg>
<doc>Verifies that the given item is not empty.</doc>
<status status="PASS" start="2024-04-07T22:12:19.490811" elapsed="0.000171"/>
</kw>
<kw name="Create List" owner="BuiltIn">
<msg time="2024-04-07T22:12:19.491423" level="INFO">${expected_keys} = ['gender', 'name', 'location', 'email', 'login']</msg>
<var>${expected_keys}</var>
<arg>gender</arg>
<arg>name</arg>
<arg>location</arg>
<arg>email</arg>
<arg>login</arg>
<doc>Returns a list containing given items.</doc>
<status status="PASS" start="2024-04-07T22:12:19.491275" elapsed="0.000171"/>
</kw>
<for flavor="IN">
<iter>
<kw name="Dictionary Should Contain Key" owner="Collections">
<msg time="2024-04-07T22:12:19.492392" level="INFO">False</msg>
<arg>${json_data['results'][0]}</arg>
<arg>${key}</arg>
<doc>Fails if ``key`` is not found from ``dictionary``.</doc>
<status status="PASS" start="2024-04-07T22:12:19.491997" elapsed="0.000433"/>
</kw>
<kw name="Log" owner="BuiltIn">
<msg time="2024-04-07T22:12:19.493116" level="INFO">{'gender': 'male', 'name': {'title': 'Mr', 'first': 'Alexandre', 'last': 'Singh'}, 'location': {'street': {'number': 7236, 'name': 'Queen St'}, 'city': 'Westport', 'state': 'Nova Scotia', 'country': 'Canada', 'postcode': 'B5L 0M4', 'coordinates': {'latitude': '-64.7131', 'longitude': '-152.3903'}, 'timezone': {'offset': '+10:00', 'description': 'Eastern Australia, Guam, Vladivostok'}}, 'email': 'alexandre.singh@example.com', 'login': {'uuid': '0dfbcf72-f25b-4a16-9672-3816f992ce4e', 'username': 'lazycat322', 'password': 'germany', 'salt': '8kxRNgA2', 'md5': '20d69e111869b95c14586f6eda86deb6', 'sha1': 'af6356123d411977cf3723110fe75aa68936fe1b', 'sha256': '7a6a993a4fc082dcc9efeade6baac38c5d408a11e49e2b9bdb64751b669a28ad'}, 'dob': {'date': '1975-10-28T22:46:28.446Z', 'age': 48}, 'registered': {'date': '2003-08-29T14:10:39.604Z', 'age': 20}, 'phone': 'Y55 D89-2936', 'cell': 'N84 Q32-8959', 'id': {'name': 'SIN', 'value': '524923372'}, 'picture': {'large': 'https://randomuser.me/api/portraits/men/38.jpg', 'medium': 'https://randomuser.me/api/portraits/med/men/38.jpg', 'thumbnail': 'https://randomuser.me/api/portraits/thumb/men/38.jpg'}, 'nat': 'CA'}</msg>
<arg>${json_data['results'][0]}</arg>
<doc>Logs the given message with the given level.</doc>
<status status="PASS" start="2024-04-07T22:12:19.492749" elapsed="0.000414"/>
</kw>
<kw name="Log" owner="BuiltIn">
<msg time="2024-04-07T22:12:19.493587" level="INFO">gender</msg>
<arg>${key}</arg>
<doc>Logs the given message with the given level.</doc>
<status status="PASS" start="2024-04-07T22:12:19.493459" elapsed="0.000166"/>
</kw>
<var name="${key}">gender</var>
<status status="PASS" start="2024-04-07T22:12:19.491876" elapsed="0.001967"/>
</iter>
<iter>
<kw name="Dictionary Should Contain Key" owner="Collections">
<msg time="2024-04-07T22:12:19.494529" level="INFO">False</msg>
<arg>${json_data['results'][0]}</arg>
<arg>${key}</arg>
<doc>Fails if ``key`` is not found from ``dictionary``.</doc>
<status status="PASS" start="2024-04-07T22:12:19.494145" elapsed="0.000421"/>
</kw>
<kw name="Log" owner="BuiltIn">
<msg time="2024-04-07T22:12:19.495293" level="INFO">{'gender': 'male', 'name': {'title': 'Mr', 'first': 'Alexandre', 'last': 'Singh'}, 'location': {'street': {'number': 7236, 'name': 'Queen St'}, 'city': 'Westport', 'state': 'Nova Scotia', 'country': 'Canada', 'postcode': 'B5L 0M4', 'coordinates': {'latitude': '-64.7131', 'longitude': '-152.3903'}, 'timezone': {'offset': '+10:00', 'description': 'Eastern Australia, Guam, Vladivostok'}}, 'email': 'alexandre.singh@example.com', 'login': {'uuid': '0dfbcf72-f25b-4a16-9672-3816f992ce4e', 'username': 'lazycat322', 'password': 'germany', 'salt': '8kxRNgA2', 'md5': '20d69e111869b95c14586f6eda86deb6', 'sha1': 'af6356123d411977cf3723110fe75aa68936fe1b', 'sha256': '7a6a993a4fc082dcc9efeade6baac38c5d408a11e49e2b9bdb64751b669a28ad'}, 'dob': {'date': '1975-10-28T22:46:28.446Z', 'age': 48}, 'registered': {'date': '2003-08-29T14:10:39.604Z', 'age': 20}, 'phone': 'Y55 D89-2936', 'cell': 'N84 Q32-8959', 'id': {'name': 'SIN', 'value': '524923372'}, 'picture': {'large': 'https://randomuser.me/api/portraits/men/38.jpg', 'medium': 'https://randomuser.me/api/portraits/med/men/38.jpg', 'thumbnail': 'https://randomuser.me/api/portraits/thumb/men/38.jpg'}, 'nat': 'CA'}</msg>
<arg>${json_data['results'][0]}</arg>
<doc>Logs the given message with the given level.</doc>
<status status="PASS" start="2024-04-07T22:12:19.494927" elapsed="0.000412"/>
</kw>
<kw name="Log" owner="BuiltIn">
<msg time="2024-04-07T22:12:19.495765" level="INFO">name</msg>
<arg>${key}</arg>
<doc>Logs the given message with the given level.</doc>
<status status="PASS" start="2024-04-07T22:12:19.495636" elapsed="0.000167"/>
</kw>
<var name="${key}">name</var>
<status status="PASS" start="2024-04-07T22:12:19.494031" elapsed="0.001988"/>
</iter>
<iter>
<kw name="Dictionary Should Contain Key" owner="Collections">
<msg time="2024-04-07T22:12:19.496680" level="INFO">False</msg>
<arg>${json_data['results'][0]}</arg>
<arg>${key}</arg>
<doc>Fails if ``key`` is not found from ``dictionary``.</doc>
<status status="PASS" start="2024-04-07T22:12:19.496307" elapsed="0.000409"/>
</kw>
<kw name="Log" owner="BuiltIn">
<msg time="2024-04-07T22:12:19.497376" level="INFO">{'gender': 'male', 'name': {'title': 'Mr', 'first': 'Alexandre', 'last': 'Singh'}, 'location': {'street': {'number': 7236, 'name': 'Queen St'}, 'city': 'Westport', 'state': 'Nova Scotia', 'country': 'Canada', 'postcode': 'B5L 0M4', 'coordinates': {'latitude': '-64.7131', 'longitude': '-152.3903'}, 'timezone': {'offset': '+10:00', 'description': 'Eastern Australia, Guam, Vladivostok'}}, 'email': 'alexandre.singh@example.com', 'login': {'uuid': '0dfbcf72-f25b-4a16-9672-3816f992ce4e', 'username': 'lazycat322', 'password': 'germany', 'salt': '8kxRNgA2', 'md5': '20d69e111869b95c14586f6eda86deb6', 'sha1': 'af6356123d411977cf3723110fe75aa68936fe1b', 'sha256': '7a6a993a4fc082dcc9efeade6baac38c5d408a11e49e2b9bdb64751b669a28ad'}, 'dob': {'date': '1975-10-28T22:46:28.446Z', 'age': 48}, 'registered': {'date': '2003-08-29T14:10:39.604Z', 'age': 20}, 'phone': 'Y55 D89-2936', 'cell': 'N84 Q32-8959', 'id': {'name': 'SIN', 'value': '524923372'}, 'picture': {'large': 'https://randomuser.me/api/portraits/men/38.jpg', 'medium': 'https://randomuser.me/api/portraits/med/men/38.jpg', 'thumbnail': 'https://randomuser.me/api/portraits/thumb/men/38.jpg'}, 'nat': 'CA'}</msg>
<arg>${json_data['results'][0]}</arg>
<doc>Logs the given message with the given level.</doc>
<status status="PASS" start="2024-04-07T22:12:19.497017" elapsed="0.000411"/>
</kw>
<kw name="Log" owner="BuiltIn">
<msg time="2024-04-07T22:12:19.497850" level="INFO">location</msg>
<arg>${key}</arg>
<doc>Logs the given message with the given level.</doc>
<status status="PASS" start="2024-04-07T22:12:19.497720" elapsed="0.000168"/>
</kw>
<var name="${key}">location</var>
<status status="PASS" start="2024-04-07T22:12:19.496198" elapsed="0.001905"/>
</iter>
<iter>
<kw name="Dictionary Should Contain Key" owner="Collections">
<msg time="2024-04-07T22:12:19.498796" level="INFO">False</msg>
<arg>${json_data['results'][0]}</arg>
<arg>${key}</arg>
<doc>Fails if ``key`` is not found from ``dictionary``.</doc>
<status status="PASS" start="2024-04-07T22:12:19.498385" elapsed="0.000449"/>
</kw>
<kw name="Log" owner="BuiltIn">
<msg time="2024-04-07T22:12:19.499477" level="INFO">{'gender': 'male', 'name': {'title': 'Mr', 'first': 'Alexandre', 'last': 'Singh'}, 'location': {'street': {'number': 7236, 'name': 'Queen St'}, 'city': 'Westport', 'state': 'Nova Scotia', 'country': 'Canada', 'postcode': 'B5L 0M4', 'coordinates': {'latitude': '-64.7131', 'longitude': '-152.3903'}, 'timezone': {'offset': '+10:00', 'description': 'Eastern Australia, Guam, Vladivostok'}}, 'email': 'alexandre.singh@example.com', 'login': {'uuid': '0dfbcf72-f25b-4a16-9672-3816f992ce4e', 'username': 'lazycat322', 'password': 'germany', 'salt': '8kxRNgA2', 'md5': '20d69e111869b95c14586f6eda86deb6', 'sha1': 'af6356123d411977cf3723110fe75aa68936fe1b', 'sha256': '7a6a993a4fc082dcc9efeade6baac38c5d408a11e49e2b9bdb64751b669a28ad'}, 'dob': {'date': '1975-10-28T22:46:28.446Z', 'age': 48}, 'registered': {'date': '2003-08-29T14:10:39.604Z', 'age': 20}, 'phone': 'Y55 D89-2936', 'cell': 'N84 Q32-8959', 'id': {'name': 'SIN', 'value': '524923372'}, 'picture': {'large': 'https://randomuser.me/api/portraits/men/38.jpg', 'medium': 'https://randomuser.me/api/portraits/med/men/38.jpg', 'thumbnail': 'https://randomuser.me/api/portraits/thumb/men/38.jpg'}, 'nat': 'CA'}</msg>
<arg>${json_data['results'][0]}</arg>
<doc>Logs the given message with the given level.</doc>
<status status="PASS" start="2024-04-07T22:12:19.499127" elapsed="0.000397"/>
</kw>
<kw name="Log" owner="BuiltIn">
<msg time="2024-04-07T22:12:19.499952" level="INFO">email</msg>
<arg>${key}</arg>
<doc>Logs the given message with the given level.</doc>
<status status="PASS" start="2024-04-07T22:12:19.499828" elapsed="0.000161"/>
</kw>
<var name="${key}">email</var>
<status status="PASS" start="2024-04-07T22:12:19.498275" elapsed="0.001927"/>
</iter>
<iter>
<kw name="Dictionary Should Contain Key" owner="Collections">
<msg time="2024-04-07T22:12:19.500857" level="INFO">False</msg>
<arg>${json_data['results'][0]}</arg>
<arg>${key}</arg>
<doc>Fails if ``key`` is not found from ``dictionary``.</doc>
<status status="PASS" start="2024-04-07T22:12:19.500487" elapsed="0.000407"/>
</kw>
<kw name="Log" owner="BuiltIn">
<msg time="2024-04-07T22:12:19.501556" level="INFO">{'gender': 'male', 'name': {'title': 'Mr', 'first': 'Alexandre', 'last': 'Singh'}, 'location': {'street': {'number': 7236, 'name': 'Queen St'}, 'city': 'Westport', 'state': 'Nova Scotia', 'country': 'Canada', 'postcode': 'B5L 0M4', 'coordinates': {'latitude': '-64.7131', 'longitude': '-152.3903'}, 'timezone': {'offset': '+10:00', 'description': 'Eastern Australia, Guam, Vladivostok'}}, 'email': 'alexandre.singh@example.com', 'login': {'uuid': '0dfbcf72-f25b-4a16-9672-3816f992ce4e', 'username': 'lazycat322', 'password': 'germany', 'salt': '8kxRNgA2', 'md5': '20d69e111869b95c14586f6eda86deb6', 'sha1': 'af6356123d411977cf3723110fe75aa68936fe1b', 'sha256': '7a6a993a4fc082dcc9efeade6baac38c5d408a11e49e2b9bdb64751b669a28ad'}, 'dob': {'date': '1975-10-28T22:46:28.446Z', 'age': 48}, 'registered': {'date': '2003-08-29T14:10:39.604Z', 'age': 20}, 'phone': 'Y55 D89-2936', 'cell': 'N84 Q32-8959', 'id': {'name': 'SIN', 'value': '524923372'}, 'picture': {'large': 'https://randomuser.me/api/portraits/men/38.jpg', 'medium': 'https://randomuser.me/api/portraits/med/men/38.jpg', 'thumbnail': 'https://randomuser.me/api/portraits/thumb/men/38.jpg'}, 'nat': 'CA'}</msg>
<arg>${json_data['results'][0]}</arg>
<doc>Logs the given message with the given level.</doc>
<status status="PASS" start="2024-04-07T22:12:19.501192" elapsed="0.000410"/>
</kw>
<kw name="Log" owner="BuiltIn">
<msg time="2024-04-07T22:12:19.502021" level="INFO">login</msg>
<arg>${key}</arg>
<doc>Logs the given message with the given level.</doc>
<status status="PASS" start="2024-04-07T22:12:19.501897" elapsed="0.000262"/>
</kw>
<var name="${key}">login</var>
<status status="PASS" start="2024-04-07T22:12:19.500373" elapsed="0.002031"/>
</iter>
<var>${key}</var>
<value>@{expected_keys}</value>
<status status="PASS" start="2024-04-07T22:12:19.491697" elapsed="0.010835"/>
</for>
<kw name="Create List" owner="BuiltIn">
<msg time="2024-04-07T22:12:19.502900" level="INFO">${expected_keysTwo} = ['username', 'password']</msg>
<var>${expected_keysTwo}</var>
<arg>username</arg>
<arg>password</arg>
<doc>Returns a list containing given items.</doc>
<status status="PASS" start="2024-04-07T22:12:19.502752" elapsed="0.000171"/>
</kw>
<for flavor="IN">
<iter>
<kw name="Dictionary Should Contain Key" owner="Collections">
<msg time="2024-04-07T22:12:19.503838" level="INFO">False</msg>
<arg>${json_data['results'][0]['login']}</arg>
<arg>${keyTwo}</arg>
<doc>Fails if ``key`` is not found from ``dictionary``.</doc>
<status status="PASS" start="2024-04-07T22:12:19.503421" elapsed="0.000470"/>
</kw>
<kw name="Dictionary Should Contain Key" owner="Collections">
<msg time="2024-04-07T22:12:19.504565" level="INFO">False</msg>
<arg>${json_data['results'][0]['login']}</arg>
<arg>${keyTwo}</arg>
<doc>Fails if ``key`` is not found from ``dictionary``.</doc>
<status status="PASS" start="2024-04-07T22:12:19.504191" elapsed="0.000411"/>
</kw>
<kw name="Log" owner="BuiltIn">
<msg time="2024-04-07T22:12:19.505016" level="INFO">username</msg>
<arg>${keyTwo}</arg>
<doc>Logs the given message with the given level.</doc>
<status status="PASS" start="2024-04-07T22:12:19.504890" elapsed="0.000163"/>
</kw>
<var name="${keyTwo}">username</var>
<status status="PASS" start="2024-04-07T22:12:19.503312" elapsed="0.001951"/>
</iter>
<iter>
<kw name="Dictionary Should Contain Key" owner="Collections">
<msg time="2024-04-07T22:12:19.505922" level="INFO">False</msg>
<arg>${json_data['results'][0]['login']}</arg>
<arg>${keyTwo}</arg>
<doc>Fails if ``key`` is not found from ``dictionary``.</doc>
<status status="PASS" start="2024-04-07T22:12:19.505543" elapsed="0.000417"/>
</kw>
<kw name="Dictionary Should Contain Key" owner="Collections">
<msg time="2024-04-07T22:12:19.506625" level="INFO">False</msg>
<arg>${json_data['results'][0]['login']}</arg>
<arg>${keyTwo}</arg>
<doc>Fails if ``key`` is not found from ``dictionary``.</doc>
<status status="PASS" start="2024-04-07T22:12:19.506250" elapsed="0.000411"/>
</kw>
<kw name="Log" owner="BuiltIn">
<msg time="2024-04-07T22:12:19.507110" level="INFO">password</msg>
<arg>${keyTwo}</arg>
<doc>Logs the given message with the given level.</doc>
<status status="PASS" start="2024-04-07T22:12:19.506983" elapsed="0.000164"/>
</kw>
<var name="${keyTwo}">password</var>
<status status="PASS" start="2024-04-07T22:12:19.505435" elapsed="0.001925"/>
</iter>
<var>${keyTwo}</var>
<value>@{expected_keysTwo}</value>
<status status="PASS" start="2024-04-07T22:12:19.503161" elapsed="0.004319"/>
</for>
<status status="PASS" start="2024-04-07T22:12:19.377750" elapsed="0.129868"/>
</kw>
<doc>Testa a estrutura da resposta da API.</doc>
<tag>testeEstruturaResposta</tag>
<status status="PASS" start="2024-04-07T22:12:19.377134" elapsed="0.130637"/>
</test>
<test id="s1-s1-t4" name="Validar tipos de dados" line="28">
<kw name="Teste de Tipos de Dados" owner="random-user-service">
<kw name="GET On Session" owner="RequestsLibrary">
<msg time="2024-04-07T22:12:19.607065" level="INFO">GET Request : url=https://randomuser.me/api 
 path_url=/api 
 headers={'User-Agent': 'python-requests/2.31.0', 'Accept-Encoding': 'gzip, deflate', 'Accept': '*/*', 'Connection': 'keep-alive'} 
 body=None 
 </msg>
<msg time="2024-04-07T22:12:19.607158" level="INFO">GET Response : url=https://randomuser.me/api 
 status=200, reason=OK 
 headers={'Date': 'Sun, 07 Apr 2024 22:12:19 GMT', 'Content-Type': 'application/json; charset=utf-8', 'Transfer-Encoding': 'chunked', 'Connection': 'keep-alive', 'X-Powered-By': 'Express', 'Access-Control-Allow-Origin': '*', 'Cache-Control': 'no-cache', 'ETag': 'W/"48e-YGMg0Fkh7chN5dZ9x6RwWpmbqMM"', 'Vary': 'Accept-Encoding', 'Content-Encoding': 'gzip', 'CF-Cache-Status': 'DYNAMIC', 'Report-To': '{"endpoints":[{"url":"https:\\/\\/a.nel.cloudflare.com\\/report\\/v4?s=LV9C7jaiS0D4AM%2FJ0vv44vCxClq%2BkrcQTlMR0cmeYniWkykTMylEc7kIDeGfC0MYUMtxCKSoudoAXr1YXLCptHKRz%2FM30YyiB8nsMiV5U%2FTZaoJfZrRjdXAajNUMwipP"}],"group":"cf-nel","max_age":604800}', 'NEL': '{"success_fraction":0,"report_to":"cf-nel","max_age":604800}', 'Server': 'cloudflare', 'CF-RAY': '870d5bc5fb4c2b57-LAX', 'alt-svc': 'h3=":443"; ma=86400'} 
 body={"results":[{"gender":"female","name":{"title":"Ms","first":"Leta","last":"Price"},"location":{"street":{"number":1302,"name":"Lakeview St"},"city":"Sydney","state":"Queensland","country":"Australia","postcode":7526,"coordinates":{"latitude":"-85.1308","longitude":"177.8102"},"timezone":{"offset":"+9:00","description":"Tokyo, Seoul, Osaka, Sapporo, Yakutsk"}},"email":"leta.price@example.com","login":{"uuid":"9bce26c7-e129-4b86-8b38-7721ca2c0e26","username":"lazykoala523","password":"caravan","salt":"eiJRGyGR","md5":"2a46acd6cdbf5880258c07f85826e989","sha1":"b5a9f73dc00ad2fdc0dcaa6e7900ccde5b953342","sha256":"f124a3fe794642d036892627f5a55a5fca58f10c5964c9836d0c64c4f66a0171"},"dob":{"date":"1954-01-06T01:49:23.913Z","age":70},"registered":{"date":"2004-08-20T07:53:50.466Z","age":19},"phone":"06-1709-1319","cell":"0424-475-834","id":{"name":"TFN","value":"651350416"},"picture":{"large":"https://randomuser.me/api/portraits/women/75.jpg","medium":"https://randomuser.me/api/portraits/med/women/75.jpg","thumbnail":"https://randomuser.me/api/portraits/thumb/women/75.jpg"},"nat":"AU"}],"info":{"seed":"5bbb979e14016eec","results":1,"page":1,"version":"1.4"}} 
 </msg>
<msg time="2024-04-07T22:12:19.607235" level="INFO">/opt/hostedtoolcache/Python/3.12.2/x64/lib/python3.12/site-packages/urllib3/connectionpool.py:1103: InsecureRequestWarning: Unverified HTTPS request is being made to host 'randomuser.me'. Adding certificate verification is strongly advised. See: https://urllib3.readthedocs.io/en/latest/advanced-usage.html#tls-warnings
  warnings.warn(</msg>
<msg time="2024-04-07T22:12:19.607356" level="INFO">${response} = &lt;Response [200]&gt;</msg>
<var>${response}</var>
<arg>consultarAPI</arg>
<arg>/api</arg>
<doc>Sends a GET request on a previously created HTTP Session.</doc>
<status status="PASS" start="2024-04-07T22:12:19.510274" elapsed="0.097137"/>
</kw>
<kw name="Set Variable" owner="BuiltIn">
<msg time="2024-04-07T22:12:19.608670" level="INFO">${json_data} = {'results': [{'gender': 'female', 'name': {'title': 'Ms', 'first': 'Leta', 'last': 'Price'}, 'location': {'street': {'number': 1302, 'name': 'Lakeview St'}, 'city': 'Sydney', 'state': 'Queensland', 'c...</msg>
<var>${json_data}</var>
<arg>${response.json()}</arg>
<doc>Returns the given values which can then be assigned to a variables.</doc>
<status status="PASS" start="2024-04-07T22:12:19.607982" elapsed="0.000717"/>
</kw>
<kw name="Log" owner="BuiltIn">
<msg time="2024-04-07T22:12:19.609180" level="INFO">{'results': [{'gender': 'female', 'name': {'title': 'Ms', 'first': 'Leta', 'last': 'Price'}, 'location': {'street': {'number': 1302, 'name': 'Lakeview St'}, 'city': 'Sydney', 'state': 'Queensland', 'country': 'Australia', 'postcode': 7526, 'coordinates': {'latitude': '-85.1308', 'longitude': '177.8102'}, 'timezone': {'offset': '+9:00', 'description': 'Tokyo, Seoul, Osaka, Sapporo, Yakutsk'}}, 'email': 'leta.price@example.com', 'login': {'uuid': '9bce26c7-e129-4b86-8b38-7721ca2c0e26', 'username': 'lazykoala523', 'password': 'caravan', 'salt': 'eiJRGyGR', 'md5': '2a46acd6cdbf5880258c07f85826e989', 'sha1': 'b5a9f73dc00ad2fdc0dcaa6e7900ccde5b953342', 'sha256': 'f124a3fe794642d036892627f5a55a5fca58f10c5964c9836d0c64c4f66a0171'}, 'dob': {'date': '1954-01-06T01:49:23.913Z', 'age': 70}, 'registered': {'date': '2004-08-20T07:53:50.466Z', 'age': 19}, 'phone': '06-1709-1319', 'cell': '0424-475-834', 'id': {'name': 'TFN', 'value': '651350416'}, 'picture': {'large': 'https://randomuser.me/api/portraits/women/75.jpg', 'medium': 'https://randomuser.me/api/portraits/med/women/75.jpg', 'thumbnail': 'https://randomuser.me/api/portraits/thumb/women/75.jpg'}, 'nat': 'AU'}], 'info': {'seed': '5bbb979e14016eec', 'results': 1, 'page': 1, 'version': '1.4'}}</msg>
<arg>${json_data}</arg>
<doc>Logs the given message with the given level.</doc>
<status status="PASS" start="2024-04-07T22:12:19.609018" elapsed="0.000246"/>
</kw>
<kw name="Should Be String" owner="String">
<arg>${json_data['results'][0]['gender']}</arg>
<doc>Fails if the given ``item`` is not a string.</doc>
<status status="PASS" start="2024-04-07T22:12:19.609566" elapsed="0.000367"/>
</kw>
<kw name="Should Match Regexp" owner="BuiltIn">
<arg>${json_data['results'][0]['email']}</arg>
<arg>^[a-zA-Z0-9._%+-]+@[a-zA-Z0-9.-]+\.[a-zA-Z]{2,}$</arg>
<doc>Fails if ``string`` does not match ``pattern`` as a regular expression.</doc>
<status status="PASS" start="2024-04-07T22:12:19.610128" elapsed="0.000519"/>
</kw>
<kw name="Should Match Regexp" owner="BuiltIn">
<arg>${json_data['results'][0]['dob']['date']}</arg>
<arg>\\d{4}-\\d{2}-\\d{2}T\\d{2}:\\d{2}:\\d{2}\\.\\d{3}Z</arg>
<doc>Fails if ``string`` does not match ``pattern`` as a regular expression.</doc>
<status status="PASS" start="2024-04-07T22:12:19.610897" elapsed="0.000497"/>
</kw>
<kw name="Should Match Regexp" owner="BuiltIn">
<arg>${json_data['results'][0]['registered']['date']}</arg>
<arg>\\d{4}-\\d{2}-\\d{2}T\\d{2}:\\d{2}:\\d{2}\\.\\d{3}Z</arg>
<doc>Fails if ``string`` does not match ``pattern`` as a regular expression.</doc>
<status status="PASS" start="2024-04-07T22:12:19.611589" elapsed="0.000369"/>
</kw>
<kw name="Should Match Regexp" owner="BuiltIn">
<arg>${json_data['results'][0]['picture']['large']}</arg>
<arg>^https?://.*\.(?:png|jpe?g|gif|bmp)$</arg>
<doc>Fails if ``string`` does not match ``pattern`` as a regular expression.</doc>
<status status="PASS" start="2024-04-07T22:12:19.612144" elapsed="0.000454"/>
</kw>
<kw name="Should Match Regexp" owner="BuiltIn">
<arg>${json_data['results'][0]['picture']['medium']}</arg>
<arg>^https?://.*\.(?:png|jpe?g|gif|bmp)$</arg>
<doc>Fails if ``string`` does not match ``pattern`` as a regular expression.</doc>
<status status="PASS" start="2024-04-07T22:12:19.612798" elapsed="0.000360"/>
</kw>
<kw name="Should Match Regexp" owner="BuiltIn">
<arg>${json_data['results'][0]['picture']['thumbnail']}</arg>
<arg>^https?://.*\.(?:png|jpe?g|gif|bmp)$</arg>
<doc>Fails if ``string`` does not match ``pattern`` as a regular expression.</doc>
<status status="PASS" start="2024-04-07T22:12:19.613347" elapsed="0.000393"/>
</kw>
<kw name="Log" owner="BuiltIn">
<msg time="2024-04-07T22:12:19.614264" level="INFO">{'large': 'https://randomuser.me/api/portraits/women/75.jpg', 'medium': 'https://randomuser.me/api/portraits/med/women/75.jpg', 'thumbnail': 'https://randomuser.me/api/portraits/thumb/women/75.jpg'}</msg>
<arg>${json_data['results'][0]['picture']}</arg>
<doc>Logs the given message with the given level.</doc>
<status status="PASS" start="2024-04-07T22:12:19.613935" elapsed="0.000371"/>
</kw>
<status status="PASS" start="2024-04-07T22:12:19.510053" elapsed="0.104508"/>
</kw>
<kw name="Teste de Tipos de Dados - Postcode" owner="random-user-service">
<kw name="GET On Session" owner="RequestsLibrary">
<msg time="2024-04-07T22:12:19.720623" level="INFO">GET Request : url=https://randomuser.me/api 
 path_url=/api 
 headers={'User-Agent': 'python-requests/2.31.0', 'Accept-Encoding': 'gzip, deflate', 'Accept': '*/*', 'Connection': 'keep-alive'} 
 body=None 
 </msg>
<msg time="2024-04-07T22:12:19.720715" level="INFO">GET Response : url=https://randomuser.me/api 
 status=200, reason=OK 
 headers={'Date': 'Sun, 07 Apr 2024 22:12:19 GMT', 'Content-Type': 'application/json; charset=utf-8', 'Transfer-Encoding': 'chunked', 'Connection': 'keep-alive', 'X-Powered-By': 'Express', 'Access-Control-Allow-Origin': '*', 'Cache-Control': 'no-cache', 'ETag': 'W/"485-s2tOa2ioPqdbUqPjTzgn6UZu26s"', 'Vary': 'Accept-Encoding', 'Content-Encoding': 'gzip', 'CF-Cache-Status': 'DYNAMIC', 'Report-To': '{"endpoints":[{"url":"https:\\/\\/a.nel.cloudflare.com\\/report\\/v4?s=BA8XOxwLcwX1JcTGC8k9gKnCB5bq6OYBAr1ixkubWw4lTfsA4qd7CNc%2BbBZDd5pZielgJgczexxtHU80JLuhzj0QLs%2FOvaTu6O2BzrlJ%2FXgHxbqdVkoONfJVNyLm5%2Bp%2F"}],"group":"cf-nel","max_age":604800}', 'NEL': '{"success_fraction":0,"report_to":"cf-nel","max_age":604800}', 'Server': 'cloudflare', 'CF-RAY': '870d5bc6abee2b57-LAX', 'alt-svc': 'h3=":443"; ma=86400'} 
 body={"results":[{"gender":"male","name":{"title":"Mr","first":"Zlat","last":"Maystrenko"},"location":{"street":{"number":7254,"name":"Osinnya"},"city":"Slavuta","state":"Kirovogradska","country":"Ukraine","postcode":22440,"coordinates":{"latitude":"77.1455","longitude":"-52.1408"},"timezone":{"offset":"+9:00","description":"Tokyo, Seoul, Osaka, Sapporo, Yakutsk"}},"email":"zlat.maystrenko@example.com","login":{"uuid":"68ebac62-e55e-450a-b86b-cee35069c5d1","username":"heavypanda786","password":"kool","salt":"4vt4wbMC","md5":"b558603542b422083e75a296767cf7de","sha1":"9758e24229d1cde381d23e352e3a0c8895d70339","sha256":"fcc6eef3aeaa33fc4abac284b4cc7428433e05569fc6aea2d18f54cd44813a84"},"dob":{"date":"1997-09-01T00:37:41.106Z","age":26},"registered":{"date":"2020-01-04T01:02:54.457Z","age":4},"phone":"(068) A45-7380","cell":"(068) R87-3359","id":{"name":"","value":null},"picture":{"large":"https://randomuser.me/api/portraits/men/23.jpg","medium":"https://randomuser.me/api/portraits/med/men/23.jpg","thumbnail":"https://randomuser.me/api/portraits/thumb/men/23.jpg"},"nat":"UA"}],"info":{"seed":"b47a22877be8739c","results":1,"page":1,"version":"1.4"}} 
 </msg>
<msg time="2024-04-07T22:12:19.720808" level="INFO">/opt/hostedtoolcache/Python/3.12.2/x64/lib/python3.12/site-packages/urllib3/connectionpool.py:1103: InsecureRequestWarning: Unverified HTTPS request is being made to host 'randomuser.me'. Adding certificate verification is strongly advised. See: https://urllib3.readthedocs.io/en/latest/advanced-usage.html#tls-warnings
  warnings.warn(</msg>
<msg time="2024-04-07T22:12:19.720930" level="INFO">${response} = &lt;Response [200]&gt;</msg>
<var>${response}</var>
<arg>consultarAPI</arg>
<arg>/api</arg>
<doc>Sends a GET request on a previously created HTTP Session.</doc>
<status status="PASS" start="2024-04-07T22:12:19.615182" elapsed="0.105792"/>
</kw>
<kw name="Set Variable" owner="BuiltIn">
<msg time="2024-04-07T22:12:19.722189" level="INFO">${json_data} = {'results': [{'gender': 'male', 'name': {'title': 'Mr', 'first': 'Zlat', 'last': 'Maystrenko'}, 'location': {'street': {'number': 7254, 'name': 'Osinnya'}, 'city': 'Slavuta', 'state': 'Kirovogradska',...</msg>
<var>${json_data}</var>
<arg>${response.json()}</arg>
<doc>Returns the given values which can then be assigned to a variables.</doc>
<status status="PASS" start="2024-04-07T22:12:19.721545" elapsed="0.000673"/>
</kw>
<kw name="Log" owner="BuiltIn">
<msg time="2024-04-07T22:12:19.722688" level="INFO">{'results': [{'gender': 'male', 'name': {'title': 'Mr', 'first': 'Zlat', 'last': 'Maystrenko'}, 'location': {'street': {'number': 7254, 'name': 'Osinnya'}, 'city': 'Slavuta', 'state': 'Kirovogradska', 'country': 'Ukraine', 'postcode': 22440, 'coordinates': {'latitude': '77.1455', 'longitude': '-52.1408'}, 'timezone': {'offset': '+9:00', 'description': 'Tokyo, Seoul, Osaka, Sapporo, Yakutsk'}}, 'email': 'zlat.maystrenko@example.com', 'login': {'uuid': '68ebac62-e55e-450a-b86b-cee35069c5d1', 'username': 'heavypanda786', 'password': 'kool', 'salt': '4vt4wbMC', 'md5': 'b558603542b422083e75a296767cf7de', 'sha1': '9758e24229d1cde381d23e352e3a0c8895d70339', 'sha256': 'fcc6eef3aeaa33fc4abac284b4cc7428433e05569fc6aea2d18f54cd44813a84'}, 'dob': {'date': '1997-09-01T00:37:41.106Z', 'age': 26}, 'registered': {'date': '2020-01-04T01:02:54.457Z', 'age': 4}, 'phone': '(068) A45-7380', 'cell': '(068) R87-3359', 'id': {'name': '', 'value': None}, 'picture': {'large': 'https://randomuser.me/api/portraits/men/23.jpg', 'medium': 'https://randomuser.me/api/portraits/med/men/23.jpg', 'thumbnail': 'https://randomuser.me/api/portraits/thumb/men/23.jpg'}, 'nat': 'UA'}], 'info': {'seed': 'b47a22877be8739c', 'results': 1, 'page': 1, 'version': '1.4'}}</msg>
<arg>${json_data}</arg>
<doc>Logs the given message with the given level.</doc>
<status status="PASS" start="2024-04-07T22:12:19.722530" elapsed="0.000277"/>
</kw>
<kw name="Should Be Equal As Numbers" owner="BuiltIn">
<arg>${json_data['results'][0]['location']['postcode']}</arg>
<arg>${json_data['results'][0]['location']['postcode']}</arg>
<doc>Fails if objects are unequal after converting them to real numbers.</doc>
<status status="PASS" start="2024-04-07T22:12:19.723121" elapsed="0.000632"/>
</kw>
<kw name="Log" owner="BuiltIn">
<msg time="2024-04-07T22:12:19.724288" level="INFO">22440</msg>
<arg>${json_data['results'][0]['location']['postcode']}</arg>
<doc>Logs the given message with the given level.</doc>
<status status="PASS" start="2024-04-07T22:12:19.723947" elapsed="0.000381"/>
</kw>
<status status="PASS" start="2024-04-07T22:12:19.614831" elapsed="0.109752"/>
</kw>
<doc>Testa se os tipos de dados na resposta da API estão corretos.</doc>
<tag>testeTiposDados</tag>
<status status="PASS" start="2024-04-07T22:12:19.509538" elapsed="0.215215"/>
</test>
<test id="s1-s1-t5" name="Validar conteudo" line="35">
<kw name="Teste de Tipos de Conteudo" owner="random-user-service">
<kw name="GET On Session" owner="RequestsLibrary">
<msg time="2024-04-07T22:12:19.824360" level="INFO">GET Request : url=https://randomuser.me/api 
 path_url=/api 
 headers={'User-Agent': 'python-requests/2.31.0', 'Accept-Encoding': 'gzip, deflate', 'Accept': '*/*', 'Connection': 'keep-alive'} 
 body=None 
 </msg>
<msg time="2024-04-07T22:12:19.824448" level="INFO">GET Response : url=https://randomuser.me/api 
 status=200, reason=OK 
 headers={'Date': 'Sun, 07 Apr 2024 22:12:19 GMT', 'Content-Type': 'application/json; charset=utf-8', 'Transfer-Encoding': 'chunked', 'Connection': 'keep-alive', 'X-Powered-By': 'Express', 'Access-Control-Allow-Origin': '*', 'Cache-Control': 'no-cache', 'ETag': 'W/"49f-8xvBhEP1/uhdc2Lp+kPuQMvPHXQ"', 'Vary': 'Accept-Encoding', 'Content-Encoding': 'gzip', 'CF-Cache-Status': 'DYNAMIC', 'Report-To': '{"endpoints":[{"url":"https:\\/\\/a.nel.cloudflare.com\\/report\\/v4?s=hQcQ338S7OzPuT86CH0o8vrb8dezgni8AGts4BN9Bp9htjQeo%2FQHq%2FASXua5lIkZVhMi8TP3potyFCgtXdefi7GLpW3UdhMoBnYE4NqnfMtx5DsBV4zflY6W1okoYPuE"}],"group":"cf-nel","max_age":604800}', 'NEL': '{"success_fraction":0,"report_to":"cf-nel","max_age":604800}', 'Server': 'cloudflare', 'CF-RAY': '870d5bc75c952b57-LAX', 'alt-svc': 'h3=":443"; ma=86400'} 
 body={"results":[{"gender":"female","name":{"title":"Mrs","first":"Emma","last":"Peltola"},"location":{"street":{"number":9849,"name":"Verkatehtaankatu"},"city":"Polvijärvi","state":"Satakunta","country":"Finland","postcode":62651,"coordinates":{"latitude":"-23.7403","longitude":"112.4044"},"timezone":{"offset":"+4:00","description":"Abu Dhabi, Muscat, Baku, Tbilisi"}},"email":"emma.peltola@example.com","login":{"uuid":"3ba9feaa-9d22-4ea6-bc98-deb5acc91e09","username":"orangeswan900","password":"message","salt":"Zjj6OzDV","md5":"c4183c9fff917728ddd3eed5246f50c6","sha1":"b9ff884dd5f89357a4326dbb17ba5ef823c2eebe","sha256":"a79ab5a32e401291635a0861fc260e482026aac2b181d004a529219b839d8338"},"dob":{"date":"1985-03-06T23:40:47.902Z","age":39},"registered":{"date":"2008-11-12T20:58:45.023Z","age":15},"phone":"08-750-805","cell":"040-304-36-75","id":{"name":"HETU","value":"NaNNA758undefined"},"picture":{"large":"https://randomuser.me/api/portraits/women/61.jpg","medium":"https://randomuser.me/api/portraits/med/women/61.jpg","thumbnail":"https://randomuser.me/api/portraits/thumb/women/61.jpg"},"nat":"FI"}],"info":{"seed":"628f86f80ac2b8ce","results":1,"page":1,"version":"1.4"}} 
 </msg>
<msg time="2024-04-07T22:12:19.824526" level="INFO">/opt/hostedtoolcache/Python/3.12.2/x64/lib/python3.12/site-packages/urllib3/connectionpool.py:1103: InsecureRequestWarning: Unverified HTTPS request is being made to host 'randomuser.me'. Adding certificate verification is strongly advised. See: https://urllib3.readthedocs.io/en/latest/advanced-usage.html#tls-warnings
  warnings.warn(</msg>
<msg time="2024-04-07T22:12:19.824646" level="INFO">${response} = &lt;Response [200]&gt;</msg>
<var>${response}</var>
<arg>consultarAPI</arg>
<arg>/api</arg>
<doc>Sends a GET request on a previously created HTTP Session.</doc>
<status status="PASS" start="2024-04-07T22:12:19.727318" elapsed="0.097382"/>
</kw>
<kw name="Set Variable" owner="BuiltIn">
<msg time="2024-04-07T22:12:19.825984" level="INFO">${json_data} = {'results': [{'gender': 'female', 'name': {'title': 'Mrs', 'first': 'Emma', 'last': 'Peltola'}, 'location': {'street': {'number': 9849, 'name': 'Verkatehtaankatu'}, 'city': 'Polvijärvi', 'state': 'Sat...</msg>
<var>${json_data}</var>
<arg>${response.json()}</arg>
<doc>Returns the given values which can then be assigned to a variables.</doc>
<status status="PASS" start="2024-04-07T22:12:19.825305" elapsed="0.000709"/>
</kw>
<kw name="Set Variable" owner="BuiltIn">
<msg time="2024-04-07T22:12:19.826764" level="INFO">${name_title} = Mrs</msg>
<var>${name_title}</var>
<arg>${json_data["results"][0]["name"]["title"]}</arg>
<doc>Returns the given values which can then be assigned to a variables.</doc>
<status status="PASS" start="2024-04-07T22:12:19.826324" elapsed="0.000476"/>
</kw>
<kw name="Create List" owner="BuiltIn">
<msg time="2024-04-07T22:12:19.827265" level="INFO">${allowed_titles} = ['Mr', 'Ms', 'Miss', 'Mrs', 'Madame', 'Monsieur']</msg>
<var>${allowed_titles}</var>
<arg>Mr</arg>
<arg>Ms</arg>
<arg>Miss</arg>
<arg>Mrs</arg>
<arg>Madame</arg>
<arg>Monsieur</arg>
<doc>Returns a list containing given items.</doc>
<status status="PASS" start="2024-04-07T22:12:19.827112" elapsed="0.000178"/>
</kw>
<kw name="List Should Contain Value" owner="Collections">
<msg time="2024-04-07T22:12:19.827785" level="INFO">False</msg>
<arg>${allowed_titles}</arg>
<arg>${name_title}</arg>
<doc>Fails if the ``value`` is not found from ``list``.</doc>
<status status="PASS" start="2024-04-07T22:12:19.827596" elapsed="0.000226"/>
</kw>
<kw name="Set Variable" owner="BuiltIn">
<msg time="2024-04-07T22:12:19.828503" level="INFO">${name_country} = FI</msg>
<var>${name_country}</var>
<arg>${json_data["results"][0]["nat"]}</arg>
<doc>Returns the given values which can then be assigned to a variables.</doc>
<status status="PASS" start="2024-04-07T22:12:19.828112" elapsed="0.000417"/>
</kw>
<kw name="Create List" owner="BuiltIn">
<msg time="2024-04-07T22:12:19.829441" level="INFO">${list_country} = ['AD', 'AE', 'AF', 'AG', 'AI', 'AL', 'AM', 'AO', 'AQ', 'AR', 'AS', 'AT', 'AU', 'AW', 'AX', 'AZ', 'BA', 'BB', 'BD', 'BE', 'BF', 'BG', 'BH', 'BI', 'BJ', 'BL', 'BM', 'BN', 'BO', 'BQ', 'BR', 'BS', 'BT', '...</msg>
<var>${list_country}</var>
<arg>AD</arg>
<arg>AE</arg>
<arg>AF</arg>
<arg>AG</arg>
<arg>AI</arg>
<arg>AL</arg>
<arg>AM</arg>
<arg>AO</arg>
<arg>AQ</arg>
<arg>AR</arg>
<arg>AS</arg>
<arg>AT</arg>
<arg>AU</arg>
<arg>AW</arg>
<arg>AX</arg>
<arg>AZ</arg>
<arg>BA</arg>
<arg>BB</arg>
<arg>BD</arg>
<arg>BE</arg>
<arg>BF</arg>
<arg>BG</arg>
<arg>BH</arg>
<arg>BI</arg>
<arg>BJ</arg>
<arg>BL</arg>
<arg>BM</arg>
<arg>BN</arg>
<arg>BO</arg>
<arg>BQ</arg>
<arg>BR</arg>
<arg>BS</arg>
<arg>BT</arg>
<arg>BV</arg>
<arg>BW</arg>
<arg>BY</arg>
<arg>BZ</arg>
<arg>CA</arg>
<arg>CC</arg>
<arg>CD</arg>
<arg>CF</arg>
<arg>CG</arg>
<arg>CH</arg>
<arg>CI</arg>
<arg>CK</arg>
<arg>CL</arg>
<arg>CM</arg>
<arg>CN</arg>
<arg>CO</arg>
<arg>CR</arg>
<arg>CU</arg>
<arg>CV</arg>
<arg>CW</arg>
<arg>CX</arg>
<arg>CY</arg>
<arg>CZ</arg>
<arg>DE</arg>
<arg>DJ</arg>
<arg>DK</arg>
<arg>DM</arg>
<arg>DO</arg>
<arg>DZ</arg>
<arg>EC</arg>
<arg>EE</arg>
<arg>EG</arg>
<arg>EH</arg>
<arg>ER</arg>
<arg>ES</arg>
<arg>ET</arg>
<arg>FI</arg>
<arg>FJ</arg>
<arg>FK</arg>
<arg>FM</arg>
<arg>FO</arg>
<arg>FR</arg>
<arg>GA</arg>
<arg>GB</arg>
<arg>GD</arg>
<arg>GE</arg>
<arg>GF</arg>
<arg>GG</arg>
<arg>GH</arg>
<arg>GI</arg>
<arg>GL</arg>
<arg>GM</arg>
<arg>GN</arg>
<arg>GP</arg>
<arg>GQ</arg>
<arg>GR</arg>
<arg>GS</arg>
<arg>GT</arg>
<arg>GU</arg>
<arg>GW</arg>
<arg>GY</arg>
<arg>HK</arg>
<arg>HM</arg>
<arg>HN</arg>
<arg>HR</arg>
<arg>HT</arg>
<arg>HU</arg>
<arg>ID</arg>
<arg>IE</arg>
<arg>IL</arg>
<arg>IM</arg>
<arg>IN</arg>
<arg>IO</arg>
<arg>IQ</arg>
<arg>IR</arg>
<arg>IS</arg>
<arg>IT</arg>
<arg>JE</arg>
<arg>JM</arg>
<arg>JO</arg>
<arg>JP</arg>
<arg>KE</arg>
<arg>KG</arg>
<arg>KH</arg>
<arg>KI</arg>
<arg>KM</arg>
<arg>KN</arg>
<arg>KP</arg>
<arg>KR</arg>
<arg>KW</arg>
<arg>KY</arg>
<arg>KZ</arg>
<arg>LA</arg>
<arg>LB</arg>
<arg>LC</arg>
<arg>LI</arg>
<arg>LK</arg>
<arg>LR</arg>
<arg>LS</arg>
<arg>LT</arg>
<arg>LU</arg>
<arg>LV</arg>
<arg>LY</arg>
<arg>MA</arg>
<arg>MC</arg>
<arg>MD</arg>
<arg>ME</arg>
<arg>MF</arg>
<arg>MG</arg>
<arg>MH</arg>
<arg>MK</arg>
<arg>ML</arg>
<arg>MM</arg>
<arg>MN</arg>
<arg>MO</arg>
<arg>MP</arg>
<arg>MQ</arg>
<arg>MR</arg>
<arg>MS</arg>
<arg>MT</arg>
<arg>MU</arg>
<arg>MV</arg>
<arg>MW</arg>
<arg>MX</arg>
<arg>MY</arg>
<arg>MZ</arg>
<arg>NA</arg>
<arg>NC</arg>
<arg>NE</arg>
<arg>NF</arg>
<arg>NG</arg>
<arg>NI</arg>
<arg>NL</arg>
<arg>NO</arg>
<arg>NP</arg>
<arg>NR</arg>
<arg>NU</arg>
<arg>NZ</arg>
<arg>OM</arg>
<arg>PA</arg>
<arg>PE</arg>
<arg>PF</arg>
<arg>PG</arg>
<arg>PH</arg>
<arg>PK</arg>
<arg>PL</arg>
<arg>PM</arg>
<arg>PN</arg>
<arg>PR</arg>
<arg>PS</arg>
<arg>PT</arg>
<arg>PW</arg>
<arg>PY</arg>
<arg>QA</arg>
<arg>RE</arg>
<arg>RO</arg>
<arg>RS</arg>
<arg>RU</arg>
<arg>RW</arg>
<arg>SA</arg>
<arg>SB</arg>
<arg>SC</arg>
<arg>SD</arg>
<arg>SE</arg>
<arg>SG</arg>
<arg>SH</arg>
<arg>SI</arg>
<arg>SJ</arg>
<arg>SK</arg>
<arg>SL</arg>
<arg>SM</arg>
<arg>SN</arg>
<arg>SO</arg>
<arg>SR</arg>
<arg>SS</arg>
<arg>ST</arg>
<arg>SV</arg>
<arg>SX</arg>
<arg>SY</arg>
<arg>SZ</arg>
<arg>TC</arg>
<arg>TD</arg>
<arg>TF</arg>
<arg>TG</arg>
<arg>TH</arg>
<arg>TJ</arg>
<arg>TK</arg>
<arg>TL</arg>
<arg>TM</arg>
<arg>TN</arg>
<arg>TO</arg>
<arg>TR</arg>
<arg>TT</arg>
<arg>TV</arg>
<arg>TW</arg>
<arg>TZ</arg>
<arg>UA</arg>
<arg>UG</arg>
<arg>UM</arg>
<arg>US</arg>
<arg>UY</arg>
<arg>UZ</arg>
<arg>VA</arg>
<arg>VC</arg>
<arg>VE</arg>
<arg>VG</arg>
<arg>VI</arg>
<arg>VN</arg>
<arg>VU</arg>
<arg>WF</arg>
<arg>WS</arg>
<arg>XK</arg>
<arg>YE</arg>
<arg>YT</arg>
<arg>ZA</arg>
<arg>ZM</arg>
<arg>ZW</arg>
<doc>Returns a list containing given items.</doc>
<status status="PASS" start="2024-04-07T22:12:19.828838" elapsed="0.000628"/>
</kw>
<kw name="List Should Contain Value" owner="Collections">
<msg time="2024-04-07T22:12:19.830555" level="INFO">False</msg>
<arg>${list_country}</arg>
<arg>${name_country}</arg>
<doc>Fails if the ``value`` is not found from ``list``.</doc>
<status status="PASS" start="2024-04-07T22:12:19.830351" elapsed="0.000242"/>
</kw>
<kw name="Run Keyword If" owner="BuiltIn">
<kw name="Should Be True" owner="BuiltIn">
<arg>${True}</arg>
<doc>Fails if the given condition is not true.</doc>
<status status="PASS" start="2024-04-07T22:12:19.831701" elapsed="0.000145"/>
</kw>
<arg>${json_data["results"][0]["location"]["coordinates"]["latitude"]} &gt;= -90 and ${json_data["results"][0]["location"]["coordinates"]["latitude"]} &lt;= 90</arg>
<arg>Should Be True</arg>
<arg>${True}</arg>
<doc>Runs the given keyword with the given arguments, if ``condition`` is true.</doc>
<status status="PASS" start="2024-04-07T22:12:19.830952" elapsed="0.001020"/>
</kw>
<kw name="Run Keyword If" owner="BuiltIn">
<kw name="Should Be True" owner="BuiltIn">
<arg>${True}</arg>
<doc>Fails if the given condition is not true.</doc>
<status status="PASS" start="2024-04-07T22:12:19.832868" elapsed="0.000148"/>
</kw>
<arg>${json_data["results"][0]["location"]["coordinates"]["longitude"]} &gt;= -180 and ${json_data["results"][0]["location"]["coordinates"]["longitude"]} &lt;= 180</arg>
<arg>Should Be True</arg>
<arg>${True}</arg>
<doc>Runs the given keyword with the given arguments, if ``condition`` is true.</doc>
<status status="PASS" start="2024-04-07T22:12:19.832155" elapsed="0.000986"/>
</kw>
<status status="PASS" start="2024-04-07T22:12:19.727086" elapsed="0.106187"/>
</kw>
<doc>Testa o conteúdo específico dos campos retornados pela API.</doc>
<tag>testeConteudo</tag>
<status status="PASS" start="2024-04-07T22:12:19.726547" elapsed="0.106876"/>
</test>
<status status="PASS" start="2024-04-07T22:12:18.892665" elapsed="0.942741"/>
</suite>
<status status="PASS" start="2024-04-07T22:12:18.878922" elapsed="0.961823"/>
</suite>
<statistics>
<total>
<stat pass="5" fail="0" skip="0">All Tests</stat>
</total>
<tag>
<stat pass="1" fail="0" skip="0">testeConteudo</stat>
<stat pass="1" fail="0" skip="0">testeEstruturaResposta</stat>
<stat pass="1" fail="0" skip="0">testeRequisicaoBasica</stat>
<stat pass="1" fail="0" skip="0">testeTiposDados</stat>
</tag>
<suite>
<stat pass="5" fail="0" skip="0" id="s1" name="Tests">Tests</stat>
<stat pass="5" fail="0" skip="0" id="s1-s1" name="Random-User-Test">Tests.Random-User-Test</stat>
</suite>
</statistics>
<errors>
</errors>
</robot>
