<?xml version="1.0" encoding="UTF-8"?>
<robot generator="Robot 7.0.1 (Python 3.12.4 on linux)" generated="2024-06-26T06:21:42.706754" rpa="false" schemaversion="5">
<suite id="s1" name="Tests" source="/home/runner/work/ApiRandomUser/ApiRandomUser/RamdonUser/tests">
<suite id="s1-s1" name="Random-User-Test" source="/home/runner/work/ApiRandomUser/ApiRandomUser/RamdonUser/tests/random-user-test.robot">
<test id="s1-s1-t1" name="Conectar" line="13">
<kw name="Conectar API" owner="random-user-service">
<kw name="Create Session" owner="RequestsLibrary">
<msg time="2024-06-26T06:21:43.151293" level="INFO">Creating Session using : alias=consultarAPI, url=https://randomuser.me/, headers={},                     cookies={}, auth=None, timeout=None, proxies=None, verify=False,                     debug=0 </msg>
<arg>consultarAPI</arg>
<arg>${URL}</arg>
<doc>Create Session: create a HTTP session to a server</doc>
<status status="PASS" start="2024-06-26T06:21:43.151089" elapsed="0.000377"/>
</kw>
<status status="PASS" start="2024-06-26T06:21:43.150104" elapsed="0.001714"/>
</kw>
<status status="PASS" start="2024-06-26T06:21:43.149482" elapsed="0.002524"/>
</test>
<test id="s1-s1-t2" name="Validar retorno 200 e JSON Válido" line="16">
<kw name="Teste de Requisicao Basica" owner="random-user-service">
<kw name="GET On Session" owner="RequestsLibrary">
<msg time="2024-06-26T06:21:43.427149" level="INFO">GET Request : url=https://randomuser.me/api 
 path_url=/api 
 headers={'User-Agent': 'python-requests/2.32.3', 'Accept-Encoding': 'gzip, deflate', 'Accept': '*/*', 'Connection': 'keep-alive'} 
 body=None 
 </msg>
<msg time="2024-06-26T06:21:43.427297" level="INFO">GET Response : url=https://randomuser.me/api 
 status=200, reason=OK 
 headers={'Date': 'Wed, 26 Jun 2024 06:21:43 GMT', 'Content-Type': 'application/json; charset=utf-8', 'Transfer-Encoding': 'chunked', 'Connection': 'keep-alive', 'X-Powered-By': 'Express', 'Access-Control-Allow-Origin': '*', 'Cache-Control': 'no-cache', 'ETag': 'W/"498-3jpJNrqy2lsg7tobszF+32Z3xKY"', 'Vary': 'Accept-Encoding', 'Content-Encoding': 'gzip', 'CF-Cache-Status': 'DYNAMIC', 'Report-To': '{"endpoints":[{"url":"https:\\/\\/a.nel.cloudflare.com\\/report\\/v4?s=9xCiGH4u3u0e4YC%2FVes0AVQUbtJgs2U0ujEaDhstcsSuOvf2UGuDgD6AQa%2Fw%2Fc2Hnl7lUQ0BWUtTm2cNtkCt2VOfSoVVYvrLR1uoGW%2FROVqmDDJX3tuXgkT1DpC5LmSc"}],"group":"cf-nel","max_age":604800}', 'NEL': '{"success_fraction":0,"report_to":"cf-nel","max_age":604800}', 'Server': 'cloudflare', 'CF-RAY': '899b19499dbd57f7-IAD', 'alt-svc': 'h3=":443"; ma=86400'} 
 body={"results":[{"gender":"male","name":{"title":"Mr","first":"Juan","last":"Gutiérrez"},"location":{"street":{"number":4627,"name":"Calle de Tetuán"},"city":"Logroño","state":"Región de Murcia","country":"Spain","postcode":53627,"coordinates":{"latitude":"-30.1443","longitude":"-78.8693"},"timezone":{"offset":"+3:00","description":"Baghdad, Riyadh, Moscow, St. Petersburg"}},"email":"juan.gutierrez@example.com","login":{"uuid":"a687a7f7-5463-4c6b-8fbf-5d3c8228b3b5","username":"sadwolf389","password":"worker","salt":"wqynUzTX","md5":"1b065f7884d8d793b037a5348d3d59ae","sha1":"381643b0089ae9955ccd7da4f07d05c957fd455b","sha256":"0848b44d7ca7918dfc2f2780d8aeebc9ab211a8bce1c04894912357f588a3af8"},"dob":{"date":"1992-01-26T06:21:13.549Z","age":32},"registered":{"date":"2006-06-20T12:44:03.715Z","age":18},"phone":"951-156-263","cell":"614-810-157","id":{"name":"DNI","value":"58201179-A"},"picture":{"large":"https://randomuser.me/api/portraits/men/76.jpg","medium":"https://randomuser.me/api/portraits/med/men/76.jpg","thumbnail":"https://randomuser.me/api/portraits/thumb/men/76.jpg"},"nat":"ES"}],"info":{"seed":"fdc499c92a4f86e6","results":1,"page":1,"version":"1.4"}} 
 </msg>
<msg time="2024-06-26T06:21:43.427381" level="INFO">/opt/hostedtoolcache/Python/3.12.4/x64/lib/python3.12/site-packages/urllib3/connectionpool.py:1099: InsecureRequestWarning: Unverified HTTPS request is being made to host 'randomuser.me'. Adding certificate verification is strongly advised. See: https://urllib3.readthedocs.io/en/latest/advanced-usage.html#tls-warnings
  warnings.warn(</msg>
<msg time="2024-06-26T06:21:43.427543" level="INFO">${response} = &lt;Response [200]&gt;</msg>
<var>${response}</var>
<arg>consultarAPI</arg>
<arg>/api</arg>
<doc>Sends a GET request on a previously created HTTP Session.</doc>
<status status="PASS" start="2024-06-26T06:21:43.154690" elapsed="0.272894"/>
</kw>
<kw name="Should Be Equal As Numbers" owner="BuiltIn">
<msg time="2024-06-26T06:21:43.428531" level="INFO">Argument types are:
&lt;class 'int'&gt;
&lt;class 'str'&gt;</msg>
<arg>${response.status_code}</arg>
<arg>200</arg>
<doc>Fails if objects are unequal after converting them to real numbers.</doc>
<status status="PASS" start="2024-06-26T06:21:43.428086" elapsed="0.000508"/>
</kw>
<kw name="Log" owner="BuiltIn">
<msg time="2024-06-26T06:21:43.429248" level="INFO">200</msg>
<arg>${response.status_code}</arg>
<doc>Logs the given message with the given level.</doc>
<status status="PASS" start="2024-06-26T06:21:43.428904" elapsed="0.000385"/>
</kw>
<kw name="Set Variable" owner="BuiltIn">
<msg time="2024-06-26T06:21:43.430014" level="INFO">${json_data} = {'results': [{'gender': 'male', 'name': {'title': 'Mr', 'first': 'Juan', 'last': 'Gutiérrez'}, 'location': {'street': {'number': 4627, 'name': 'Calle de Tetuán'}, 'city': 'Logroño', 'state': 'Región d...</msg>
<var>${json_data}</var>
<arg>${response.json()}</arg>
<doc>Returns the given values which can then be assigned to a variables.</doc>
<status status="PASS" start="2024-06-26T06:21:43.429584" elapsed="0.000457"/>
</kw>
<kw name="Dictionary Should Contain Key" owner="Collections">
<arg>${json_data}</arg>
<arg>results</arg>
<doc>Fails if ``key`` is not found from ``dictionary``.</doc>
<status status="PASS" start="2024-06-26T06:21:43.430368" elapsed="0.000163"/>
</kw>
<status status="PASS" start="2024-06-26T06:21:43.154436" elapsed="0.276242"/>
</kw>
<doc>Testa se a API responde corretamente e retorna um objeto JSON válido.</doc>
<tag>testeRequisicaoBasica</tag>
<status status="PASS" start="2024-06-26T06:21:43.153857" elapsed="0.276990"/>
</test>
<test id="s1-s1-t3" name="Validar estrutura de resposta" line="22">
<kw name="Teste de Estrutura de Resposta" owner="random-user-service">
<kw name="GET On Session" owner="RequestsLibrary">
<msg time="2024-06-26T06:21:43.564290" level="INFO">GET Request : url=https://randomuser.me/api 
 path_url=/api 
 headers={'User-Agent': 'python-requests/2.32.3', 'Accept-Encoding': 'gzip, deflate', 'Accept': '*/*', 'Connection': 'keep-alive'} 
 body=None 
 </msg>
<msg time="2024-06-26T06:21:43.564390" level="INFO">GET Response : url=https://randomuser.me/api 
 status=200, reason=OK 
 headers={'Date': 'Wed, 26 Jun 2024 06:21:43 GMT', 'Content-Type': 'application/json; charset=utf-8', 'Transfer-Encoding': 'chunked', 'Connection': 'keep-alive', 'X-Powered-By': 'Express', 'Access-Control-Allow-Origin': '*', 'Cache-Control': 'no-cache', 'ETag': 'W/"485-4ViL1JCyf+qnI2wweD7X6tYViyQ"', 'Vary': 'Accept-Encoding', 'Content-Encoding': 'gzip', 'CF-Cache-Status': 'DYNAMIC', 'Report-To': '{"endpoints":[{"url":"https:\\/\\/a.nel.cloudflare.com\\/report\\/v4?s=16HTtS1%2B8U0abSP%2BRww2xOs2wq0qo8Yj91zdrFVSUlgsGfqGcQQvXfP882nMzd8H5QaPmOhBum0Qso6LENpyyMwVvxcBHVLF%2Fc7ER2sTCVBLUnmDDlfQ5FBWpzTfBpfH"}],"group":"cf-nel","max_age":604800}', 'NEL': '{"success_fraction":0,"report_to":"cf-nel","max_age":604800}', 'Server': 'cloudflare', 'CF-RAY': '899b194a7e6c57f7-IAD', 'alt-svc': 'h3=":443"; ma=86400'} 
 body={"results":[{"gender":"female","name":{"title":"Mrs","first":"Oya","last":"Koçyiğit"},"location":{"street":{"number":1834,"name":"Abanoz Sk"},"city":"Çankırı","state":"Hatay","country":"Turkey","postcode":65937,"coordinates":{"latitude":"64.5429","longitude":"105.5915"},"timezone":{"offset":"+5:30","description":"Bombay, Calcutta, Madras, New Delhi"}},"email":"oya.kocyigit@example.com","login":{"uuid":"c86b2636-96ab-4df4-9c62-dda1eb972bf1","username":"blacksnake853","password":"goku","salt":"yOR10qwW","md5":"82419e148cb4e74e67b23743aa89cf33","sha1":"78f8efe737b0d2c0976cc5f600b51dfd75ba5ef1","sha256":"2fb2785aa27a9d529c24c906fb5ecd1dcc45db075debe338cf7c2d9e40f66f46"},"dob":{"date":"1981-09-05T04:11:08.060Z","age":42},"registered":{"date":"2003-11-22T01:39:32.888Z","age":20},"phone":"(754)-179-1166","cell":"(589)-018-9674","id":{"name":"","value":null},"picture":{"large":"https://randomuser.me/api/portraits/women/90.jpg","medium":"https://randomuser.me/api/portraits/med/women/90.jpg","thumbnail":"https://randomuser.me/api/portraits/thumb/women/90.jpg"},"nat":"TR"}],"info":{"seed":"706dd75453df0cd8","results":1,"page":1,"version":"1.4"}} 
 </msg>
<msg time="2024-06-26T06:21:43.564521" level="INFO">/opt/hostedtoolcache/Python/3.12.4/x64/lib/python3.12/site-packages/urllib3/connectionpool.py:1099: InsecureRequestWarning: Unverified HTTPS request is being made to host 'randomuser.me'. Adding certificate verification is strongly advised. See: https://urllib3.readthedocs.io/en/latest/advanced-usage.html#tls-warnings
  warnings.warn(</msg>
<msg time="2024-06-26T06:21:43.564675" level="INFO">${response} = &lt;Response [200]&gt;</msg>
<var>${response}</var>
<arg>consultarAPI</arg>
<arg>/api</arg>
<doc>Sends a GET request on a previously created HTTP Session.</doc>
<status status="PASS" start="2024-06-26T06:21:43.433462" elapsed="0.131266"/>
</kw>
<kw name="Set Variable" owner="BuiltIn">
<msg time="2024-06-26T06:21:43.565714" level="INFO">${json_data} = {'results': [{'gender': 'female', 'name': {'title': 'Mrs', 'first': 'Oya', 'last': 'Koçyiğit'}, 'location': {'street': {'number': 1834, 'name': 'Abanoz Sk'}, 'city': 'Çankırı', 'state': 'Hatay', 'coun...</msg>
<var>${json_data}</var>
<arg>${response.json()}</arg>
<doc>Returns the given values which can then be assigned to a variables.</doc>
<status status="PASS" start="2024-06-26T06:21:43.565230" elapsed="0.000514"/>
</kw>
<kw name="Log" owner="BuiltIn">
<msg time="2024-06-26T06:21:43.566237" level="INFO">{'results': [{'gender': 'female', 'name': {'title': 'Mrs', 'first': 'Oya', 'last': 'Koçyiğit'}, 'location': {'street': {'number': 1834, 'name': 'Abanoz Sk'}, 'city': 'Çankırı', 'state': 'Hatay', 'country': 'Turkey', 'postcode': 65937, 'coordinates': {'latitude': '64.5429', 'longitude': '105.5915'}, 'timezone': {'offset': '+5:30', 'description': 'Bombay, Calcutta, Madras, New Delhi'}}, 'email': 'oya.kocyigit@example.com', 'login': {'uuid': 'c86b2636-96ab-4df4-9c62-dda1eb972bf1', 'username': 'blacksnake853', 'password': 'goku', 'salt': 'yOR10qwW', 'md5': '82419e148cb4e74e67b23743aa89cf33', 'sha1': '78f8efe737b0d2c0976cc5f600b51dfd75ba5ef1', 'sha256': '2fb2785aa27a9d529c24c906fb5ecd1dcc45db075debe338cf7c2d9e40f66f46'}, 'dob': {'date': '1981-09-05T04:11:08.060Z', 'age': 42}, 'registered': {'date': '2003-11-22T01:39:32.888Z', 'age': 20}, 'phone': '(754)-179-1166', 'cell': '(589)-018-9674', 'id': {'name': '', 'value': None}, 'picture': {'large': 'https://randomuser.me/api/portraits/women/90.jpg', 'medium': 'https://randomuser.me/api/portraits/med/women/90.jpg', 'thumbnail': 'https://randomuser.me/api/portraits/thumb/women/90.jpg'}, 'nat': 'TR'}], 'info': {'seed': '706dd75453df0cd8', 'results': 1, 'page': 1, 'version': '1.4'}}</msg>
<arg>${json_data}</arg>
<doc>Logs the given message with the given level.</doc>
<status status="PASS" start="2024-06-26T06:21:43.566048" elapsed="0.000244"/>
</kw>
<kw name="Dictionary Should Contain Key" owner="Collections">
<arg>${json_data}</arg>
<arg>results</arg>
<doc>Fails if ``key`` is not found from ``dictionary``.</doc>
<status status="PASS" start="2024-06-26T06:21:43.566598" elapsed="0.000157"/>
</kw>
<kw name="Should Not Be Empty" owner="BuiltIn">
<msg time="2024-06-26T06:21:43.567065" level="INFO">Length is 2.</msg>
<arg>${json_data}</arg>
<doc>Verifies that the given item is not empty.</doc>
<status status="PASS" start="2024-06-26T06:21:43.566936" elapsed="0.000172"/>
</kw>
<kw name="Create List" owner="BuiltIn">
<msg time="2024-06-26T06:21:43.567697" level="INFO">${expected_keys} = ['gender', 'name', 'location', 'email', 'login']</msg>
<var>${expected_keys}</var>
<arg>gender</arg>
<arg>name</arg>
<arg>location</arg>
<arg>email</arg>
<arg>login</arg>
<doc>Returns a list containing given items.</doc>
<status status="PASS" start="2024-06-26T06:21:43.567403" elapsed="0.000318"/>
</kw>
<for flavor="IN">
<iter>
<kw name="Dictionary Should Contain Key" owner="Collections">
<arg>${json_data['results'][0]}</arg>
<arg>${key}</arg>
<doc>Fails if ``key`` is not found from ``dictionary``.</doc>
<status status="PASS" start="2024-06-26T06:21:43.568297" elapsed="0.000397"/>
</kw>
<kw name="Log" owner="BuiltIn">
<msg time="2024-06-26T06:21:43.569241" level="INFO">{'gender': 'female', 'name': {'title': 'Mrs', 'first': 'Oya', 'last': 'Koçyiğit'}, 'location': {'street': {'number': 1834, 'name': 'Abanoz Sk'}, 'city': 'Çankırı', 'state': 'Hatay', 'country': 'Turkey', 'postcode': 65937, 'coordinates': {'latitude': '64.5429', 'longitude': '105.5915'}, 'timezone': {'offset': '+5:30', 'description': 'Bombay, Calcutta, Madras, New Delhi'}}, 'email': 'oya.kocyigit@example.com', 'login': {'uuid': 'c86b2636-96ab-4df4-9c62-dda1eb972bf1', 'username': 'blacksnake853', 'password': 'goku', 'salt': 'yOR10qwW', 'md5': '82419e148cb4e74e67b23743aa89cf33', 'sha1': '78f8efe737b0d2c0976cc5f600b51dfd75ba5ef1', 'sha256': '2fb2785aa27a9d529c24c906fb5ecd1dcc45db075debe338cf7c2d9e40f66f46'}, 'dob': {'date': '1981-09-05T04:11:08.060Z', 'age': 42}, 'registered': {'date': '2003-11-22T01:39:32.888Z', 'age': 20}, 'phone': '(754)-179-1166', 'cell': '(589)-018-9674', 'id': {'name': '', 'value': None}, 'picture': {'large': 'https://randomuser.me/api/portraits/women/90.jpg', 'medium': 'https://randomuser.me/api/portraits/med/women/90.jpg', 'thumbnail': 'https://randomuser.me/api/portraits/thumb/women/90.jpg'}, 'nat': 'TR'}</msg>
<arg>${json_data['results'][0]}</arg>
<doc>Logs the given message with the given level.</doc>
<status status="PASS" start="2024-06-26T06:21:43.568878" elapsed="0.000414"/>
</kw>
<kw name="Log" owner="BuiltIn">
<msg time="2024-06-26T06:21:43.569712" level="INFO">gender</msg>
<arg>${key}</arg>
<doc>Logs the given message with the given level.</doc>
<status status="PASS" start="2024-06-26T06:21:43.569585" elapsed="0.000164"/>
</kw>
<var name="${key}">gender</var>
<status status="PASS" start="2024-06-26T06:21:43.568175" elapsed="0.001789"/>
</iter>
<iter>
<kw name="Dictionary Should Contain Key" owner="Collections">
<arg>${json_data['results'][0]}</arg>
<arg>${key}</arg>
<doc>Fails if ``key`` is not found from ``dictionary``.</doc>
<status status="PASS" start="2024-06-26T06:21:43.570276" elapsed="0.000411"/>
</kw>
<kw name="Log" owner="BuiltIn">
<msg time="2024-06-26T06:21:43.571216" level="INFO">{'gender': 'female', 'name': {'title': 'Mrs', 'first': 'Oya', 'last': 'Koçyiğit'}, 'location': {'street': {'number': 1834, 'name': 'Abanoz Sk'}, 'city': 'Çankırı', 'state': 'Hatay', 'country': 'Turkey', 'postcode': 65937, 'coordinates': {'latitude': '64.5429', 'longitude': '105.5915'}, 'timezone': {'offset': '+5:30', 'description': 'Bombay, Calcutta, Madras, New Delhi'}}, 'email': 'oya.kocyigit@example.com', 'login': {'uuid': 'c86b2636-96ab-4df4-9c62-dda1eb972bf1', 'username': 'blacksnake853', 'password': 'goku', 'salt': 'yOR10qwW', 'md5': '82419e148cb4e74e67b23743aa89cf33', 'sha1': '78f8efe737b0d2c0976cc5f600b51dfd75ba5ef1', 'sha256': '2fb2785aa27a9d529c24c906fb5ecd1dcc45db075debe338cf7c2d9e40f66f46'}, 'dob': {'date': '1981-09-05T04:11:08.060Z', 'age': 42}, 'registered': {'date': '2003-11-22T01:39:32.888Z', 'age': 20}, 'phone': '(754)-179-1166', 'cell': '(589)-018-9674', 'id': {'name': '', 'value': None}, 'picture': {'large': 'https://randomuser.me/api/portraits/women/90.jpg', 'medium': 'https://randomuser.me/api/portraits/med/women/90.jpg', 'thumbnail': 'https://randomuser.me/api/portraits/thumb/women/90.jpg'}, 'nat': 'TR'}</msg>
<arg>${json_data['results'][0]}</arg>
<doc>Logs the given message with the given level.</doc>
<status status="PASS" start="2024-06-26T06:21:43.570867" elapsed="0.000432"/>
</kw>
<kw name="Log" owner="BuiltIn">
<msg time="2024-06-26T06:21:43.571723" level="INFO">name</msg>
<arg>${key}</arg>
<doc>Logs the given message with the given level.</doc>
<status status="PASS" start="2024-06-26T06:21:43.571597" elapsed="0.000162"/>
</kw>
<var name="${key}">name</var>
<status status="PASS" start="2024-06-26T06:21:43.570143" elapsed="0.001829"/>
</iter>
<iter>
<kw name="Dictionary Should Contain Key" owner="Collections">
<arg>${json_data['results'][0]}</arg>
<arg>${key}</arg>
<doc>Fails if ``key`` is not found from ``dictionary``.</doc>
<status status="PASS" start="2024-06-26T06:21:43.572250" elapsed="0.000374"/>
</kw>
<kw name="Log" owner="BuiltIn">
<msg time="2024-06-26T06:21:43.573153" level="INFO">{'gender': 'female', 'name': {'title': 'Mrs', 'first': 'Oya', 'last': 'Koçyiğit'}, 'location': {'street': {'number': 1834, 'name': 'Abanoz Sk'}, 'city': 'Çankırı', 'state': 'Hatay', 'country': 'Turkey', 'postcode': 65937, 'coordinates': {'latitude': '64.5429', 'longitude': '105.5915'}, 'timezone': {'offset': '+5:30', 'description': 'Bombay, Calcutta, Madras, New Delhi'}}, 'email': 'oya.kocyigit@example.com', 'login': {'uuid': 'c86b2636-96ab-4df4-9c62-dda1eb972bf1', 'username': 'blacksnake853', 'password': 'goku', 'salt': 'yOR10qwW', 'md5': '82419e148cb4e74e67b23743aa89cf33', 'sha1': '78f8efe737b0d2c0976cc5f600b51dfd75ba5ef1', 'sha256': '2fb2785aa27a9d529c24c906fb5ecd1dcc45db075debe338cf7c2d9e40f66f46'}, 'dob': {'date': '1981-09-05T04:11:08.060Z', 'age': 42}, 'registered': {'date': '2003-11-22T01:39:32.888Z', 'age': 20}, 'phone': '(754)-179-1166', 'cell': '(589)-018-9674', 'id': {'name': '', 'value': None}, 'picture': {'large': 'https://randomuser.me/api/portraits/women/90.jpg', 'medium': 'https://randomuser.me/api/portraits/med/women/90.jpg', 'thumbnail': 'https://randomuser.me/api/portraits/thumb/women/90.jpg'}, 'nat': 'TR'}</msg>
<arg>${json_data['results'][0]}</arg>
<doc>Logs the given message with the given level.</doc>
<status status="PASS" start="2024-06-26T06:21:43.572804" elapsed="0.000399"/>
</kw>
<kw name="Log" owner="BuiltIn">
<msg time="2024-06-26T06:21:43.573624" level="INFO">location</msg>
<arg>${key}</arg>
<doc>Logs the given message with the given level.</doc>
<status status="PASS" start="2024-06-26T06:21:43.573498" elapsed="0.000163"/>
</kw>
<var name="${key}">location</var>
<status status="PASS" start="2024-06-26T06:21:43.572144" elapsed="0.001733"/>
</iter>
<iter>
<kw name="Dictionary Should Contain Key" owner="Collections">
<arg>${json_data['results'][0]}</arg>
<arg>${key}</arg>
<doc>Fails if ``key`` is not found from ``dictionary``.</doc>
<status status="PASS" start="2024-06-26T06:21:43.574149" elapsed="0.000407"/>
</kw>
<kw name="Log" owner="BuiltIn">
<msg time="2024-06-26T06:21:43.575089" level="INFO">{'gender': 'female', 'name': {'title': 'Mrs', 'first': 'Oya', 'last': 'Koçyiğit'}, 'location': {'street': {'number': 1834, 'name': 'Abanoz Sk'}, 'city': 'Çankırı', 'state': 'Hatay', 'country': 'Turkey', 'postcode': 65937, 'coordinates': {'latitude': '64.5429', 'longitude': '105.5915'}, 'timezone': {'offset': '+5:30', 'description': 'Bombay, Calcutta, Madras, New Delhi'}}, 'email': 'oya.kocyigit@example.com', 'login': {'uuid': 'c86b2636-96ab-4df4-9c62-dda1eb972bf1', 'username': 'blacksnake853', 'password': 'goku', 'salt': 'yOR10qwW', 'md5': '82419e148cb4e74e67b23743aa89cf33', 'sha1': '78f8efe737b0d2c0976cc5f600b51dfd75ba5ef1', 'sha256': '2fb2785aa27a9d529c24c906fb5ecd1dcc45db075debe338cf7c2d9e40f66f46'}, 'dob': {'date': '1981-09-05T04:11:08.060Z', 'age': 42}, 'registered': {'date': '2003-11-22T01:39:32.888Z', 'age': 20}, 'phone': '(754)-179-1166', 'cell': '(589)-018-9674', 'id': {'name': '', 'value': None}, 'picture': {'large': 'https://randomuser.me/api/portraits/women/90.jpg', 'medium': 'https://randomuser.me/api/portraits/med/women/90.jpg', 'thumbnail': 'https://randomuser.me/api/portraits/thumb/women/90.jpg'}, 'nat': 'TR'}</msg>
<arg>${json_data['results'][0]}</arg>
<doc>Logs the given message with the given level.</doc>
<status status="PASS" start="2024-06-26T06:21:43.574740" elapsed="0.000400"/>
</kw>
<kw name="Log" owner="BuiltIn">
<msg time="2024-06-26T06:21:43.575561" level="INFO">email</msg>
<arg>${key}</arg>
<doc>Logs the given message with the given level.</doc>
<status status="PASS" start="2024-06-26T06:21:43.575435" elapsed="0.000165"/>
</kw>
<var name="${key}">email</var>
<status status="PASS" start="2024-06-26T06:21:43.574044" elapsed="0.001768"/>
</iter>
<iter>
<kw name="Dictionary Should Contain Key" owner="Collections">
<arg>${json_data['results'][0]}</arg>
<arg>${key}</arg>
<doc>Fails if ``key`` is not found from ``dictionary``.</doc>
<status status="PASS" start="2024-06-26T06:21:43.576085" elapsed="0.000388"/>
</kw>
<kw name="Log" owner="BuiltIn">
<msg time="2024-06-26T06:21:43.577021" level="INFO">{'gender': 'female', 'name': {'title': 'Mrs', 'first': 'Oya', 'last': 'Koçyiğit'}, 'location': {'street': {'number': 1834, 'name': 'Abanoz Sk'}, 'city': 'Çankırı', 'state': 'Hatay', 'country': 'Turkey', 'postcode': 65937, 'coordinates': {'latitude': '64.5429', 'longitude': '105.5915'}, 'timezone': {'offset': '+5:30', 'description': 'Bombay, Calcutta, Madras, New Delhi'}}, 'email': 'oya.kocyigit@example.com', 'login': {'uuid': 'c86b2636-96ab-4df4-9c62-dda1eb972bf1', 'username': 'blacksnake853', 'password': 'goku', 'salt': 'yOR10qwW', 'md5': '82419e148cb4e74e67b23743aa89cf33', 'sha1': '78f8efe737b0d2c0976cc5f600b51dfd75ba5ef1', 'sha256': '2fb2785aa27a9d529c24c906fb5ecd1dcc45db075debe338cf7c2d9e40f66f46'}, 'dob': {'date': '1981-09-05T04:11:08.060Z', 'age': 42}, 'registered': {'date': '2003-11-22T01:39:32.888Z', 'age': 20}, 'phone': '(754)-179-1166', 'cell': '(589)-018-9674', 'id': {'name': '', 'value': None}, 'picture': {'large': 'https://randomuser.me/api/portraits/women/90.jpg', 'medium': 'https://randomuser.me/api/portraits/med/women/90.jpg', 'thumbnail': 'https://randomuser.me/api/portraits/thumb/women/90.jpg'}, 'nat': 'TR'}</msg>
<arg>${json_data['results'][0]}</arg>
<doc>Logs the given message with the given level.</doc>
<status status="PASS" start="2024-06-26T06:21:43.576671" elapsed="0.000401"/>
</kw>
<kw name="Log" owner="BuiltIn">
<msg time="2024-06-26T06:21:43.577493" level="INFO">login</msg>
<arg>${key}</arg>
<doc>Logs the given message with the given level.</doc>
<status status="PASS" start="2024-06-26T06:21:43.577360" elapsed="0.000171"/>
</kw>
<var name="${key}">login</var>
<status status="PASS" start="2024-06-26T06:21:43.575979" elapsed="0.001764"/>
</iter>
<var>${key}</var>
<value>@{expected_keys}</value>
<status status="PASS" start="2024-06-26T06:21:43.567981" elapsed="0.009882"/>
</for>
<kw name="Create List" owner="BuiltIn">
<msg time="2024-06-26T06:21:43.578183" level="INFO">${expected_keysTwo} = ['username', 'password']</msg>
<var>${expected_keysTwo}</var>
<arg>username</arg>
<arg>password</arg>
<doc>Returns a list containing given items.</doc>
<status status="PASS" start="2024-06-26T06:21:43.578051" elapsed="0.000177"/>
</kw>
<for flavor="IN">
<iter>
<kw name="Dictionary Should Contain Key" owner="Collections">
<arg>${json_data['results'][0]['login']}</arg>
<arg>${keyTwo}</arg>
<doc>Fails if ``key`` is not found from ``dictionary``.</doc>
<status status="PASS" start="2024-06-26T06:21:43.578770" elapsed="0.000381"/>
</kw>
<kw name="Dictionary Should Contain Key" owner="Collections">
<arg>${json_data['results'][0]['login']}</arg>
<arg>${keyTwo}</arg>
<doc>Fails if ``key`` is not found from ``dictionary``.</doc>
<status status="PASS" start="2024-06-26T06:21:43.579330" elapsed="0.000368"/>
</kw>
<kw name="Log" owner="BuiltIn">
<msg time="2024-06-26T06:21:43.580027" level="INFO">username</msg>
<arg>${keyTwo}</arg>
<doc>Logs the given message with the given level.</doc>
<status status="PASS" start="2024-06-26T06:21:43.579902" elapsed="0.000162"/>
</kw>
<var name="${keyTwo}">username</var>
<status status="PASS" start="2024-06-26T06:21:43.578655" elapsed="0.001635"/>
</iter>
<iter>
<kw name="Dictionary Should Contain Key" owner="Collections">
<arg>${json_data['results'][0]['login']}</arg>
<arg>${keyTwo}</arg>
<doc>Fails if ``key`` is not found from ``dictionary``.</doc>
<status status="PASS" start="2024-06-26T06:21:43.580576" elapsed="0.000376"/>
</kw>
<kw name="Dictionary Should Contain Key" owner="Collections">
<arg>${json_data['results'][0]['login']}</arg>
<arg>${keyTwo}</arg>
<doc>Fails if ``key`` is not found from ``dictionary``.</doc>
<status status="PASS" start="2024-06-26T06:21:43.581128" elapsed="0.000358"/>
</kw>
<kw name="Log" owner="BuiltIn">
<msg time="2024-06-26T06:21:43.581773" level="INFO">password</msg>
<arg>${keyTwo}</arg>
<doc>Logs the given message with the given level.</doc>
<status status="PASS" start="2024-06-26T06:21:43.581658" elapsed="0.000159"/>
</kw>
<var name="${keyTwo}">password</var>
<status status="PASS" start="2024-06-26T06:21:43.580466" elapsed="0.001660"/>
</iter>
<var>${keyTwo}</var>
<value>@{expected_keysTwo}</value>
<status status="PASS" start="2024-06-26T06:21:43.578497" elapsed="0.003770"/>
</for>
<status status="PASS" start="2024-06-26T06:21:43.433227" elapsed="0.149179"/>
</kw>
<doc>Testa a estrutura da resposta da API.</doc>
<tag>testeEstruturaResposta</tag>
<status status="PASS" start="2024-06-26T06:21:43.432648" elapsed="0.149904"/>
</test>
<test id="s1-s1-t4" name="Validar tipos de dados" line="28">
<kw name="Teste de Tipos de Dados" owner="random-user-service">
<kw name="GET On Session" owner="RequestsLibrary">
<msg time="2024-06-26T06:21:43.739301" level="INFO">GET Request : url=https://randomuser.me/api 
 path_url=/api 
 headers={'User-Agent': 'python-requests/2.32.3', 'Accept-Encoding': 'gzip, deflate', 'Accept': '*/*', 'Connection': 'keep-alive'} 
 body=None 
 </msg>
<msg time="2024-06-26T06:21:43.739383" level="INFO">GET Response : url=https://randomuser.me/api 
 status=200, reason=OK 
 headers={'Date': 'Wed, 26 Jun 2024 06:21:43 GMT', 'Content-Type': 'application/json; charset=utf-8', 'Transfer-Encoding': 'chunked', 'Connection': 'keep-alive', 'X-Powered-By': 'Express', 'Access-Control-Allow-Origin': '*', 'Cache-Control': 'no-cache', 'ETag': 'W/"485-Z+Fq63NzSnvy3cFToFB7q5/iNKA"', 'Vary': 'Accept-Encoding', 'Content-Encoding': 'gzip', 'CF-Cache-Status': 'DYNAMIC', 'Report-To': '{"endpoints":[{"url":"https:\\/\\/a.nel.cloudflare.com\\/report\\/v4?s=9O1%2BRNYhOjYIWsNwPOi1g9C966Uvljqtd7ElqElpRapvA0ethmF8Kx80yPiFggw%2Fq8yLIpiAiGV9SWkzfrhGbk%2BXT7hb27cPwVZhFOOZCwCTKueui6UsdoaezhrQNeSp"}],"group":"cf-nel","max_age":604800}', 'NEL': '{"success_fraction":0,"report_to":"cf-nel","max_age":604800}', 'Server': 'cloudflare', 'CF-RAY': '899b194b6ed157f7-IAD', 'alt-svc': 'h3=":443"; ma=86400'} 
 body={"results":[{"gender":"female","name":{"title":"Ms","first":"Frida","last":"Kristensen"},"location":{"street":{"number":6282,"name":"Kærsangervej"},"city":"Stokkemarke","state":"Nordjylland","country":"Denmark","postcode":70579,"coordinates":{"latitude":"-44.5950","longitude":"89.7659"},"timezone":{"offset":"+9:30","description":"Adelaide, Darwin"}},"email":"frida.kristensen@example.com","login":{"uuid":"56fea7d8-a82d-4333-b01d-e9918e21905e","username":"smalltiger654","password":"adonis","salt":"IkZolmCd","md5":"6db1c398b87573db1ad3048831f79b65","sha1":"9d33744087b91ee195829797c250ac48081e6bae","sha256":"4c8598ced90d7a0c0b01dd4983d26c7ec8fd9a5fe022c42bab4b135e8b02b833"},"dob":{"date":"1977-01-08T07:55:54.063Z","age":47},"registered":{"date":"2004-08-26T23:18:30.231Z","age":19},"phone":"81060393","cell":"59808859","id":{"name":"CPR","value":"080177-1754"},"picture":{"large":"https://randomuser.me/api/portraits/women/49.jpg","medium":"https://randomuser.me/api/portraits/med/women/49.jpg","thumbnail":"https://randomuser.me/api/portraits/thumb/women/49.jpg"},"nat":"DK"}],"info":{"seed":"68c7c7b5b583a5da","results":1,"page":1,"version":"1.4"}} 
 </msg>
<msg time="2024-06-26T06:21:43.739448" level="INFO">/opt/hostedtoolcache/Python/3.12.4/x64/lib/python3.12/site-packages/urllib3/connectionpool.py:1099: InsecureRequestWarning: Unverified HTTPS request is being made to host 'randomuser.me'. Adding certificate verification is strongly advised. See: https://urllib3.readthedocs.io/en/latest/advanced-usage.html#tls-warnings
  warnings.warn(</msg>
<msg time="2024-06-26T06:21:43.739572" level="INFO">${response} = &lt;Response [200]&gt;</msg>
<var>${response}</var>
<arg>consultarAPI</arg>
<arg>/api</arg>
<doc>Sends a GET request on a previously created HTTP Session.</doc>
<status status="PASS" start="2024-06-26T06:21:43.585055" elapsed="0.154554"/>
</kw>
<kw name="Set Variable" owner="BuiltIn">
<msg time="2024-06-26T06:21:43.740507" level="INFO">${json_data} = {'results': [{'gender': 'female', 'name': {'title': 'Ms', 'first': 'Frida', 'last': 'Kristensen'}, 'location': {'street': {'number': 6282, 'name': 'Kærsangervej'}, 'city': 'Stokkemarke', 'state': 'Nor...</msg>
<var>${json_data}</var>
<arg>${response.json()}</arg>
<doc>Returns the given values which can then be assigned to a variables.</doc>
<status status="PASS" start="2024-06-26T06:21:43.740023" elapsed="0.000514"/>
</kw>
<kw name="Log" owner="BuiltIn">
<msg time="2024-06-26T06:21:43.741001" level="INFO">{'results': [{'gender': 'female', 'name': {'title': 'Ms', 'first': 'Frida', 'last': 'Kristensen'}, 'location': {'street': {'number': 6282, 'name': 'Kærsangervej'}, 'city': 'Stokkemarke', 'state': 'Nordjylland', 'country': 'Denmark', 'postcode': 70579, 'coordinates': {'latitude': '-44.5950', 'longitude': '89.7659'}, 'timezone': {'offset': '+9:30', 'description': 'Adelaide, Darwin'}}, 'email': 'frida.kristensen@example.com', 'login': {'uuid': '56fea7d8-a82d-4333-b01d-e9918e21905e', 'username': 'smalltiger654', 'password': 'adonis', 'salt': 'IkZolmCd', 'md5': '6db1c398b87573db1ad3048831f79b65', 'sha1': '9d33744087b91ee195829797c250ac48081e6bae', 'sha256': '4c8598ced90d7a0c0b01dd4983d26c7ec8fd9a5fe022c42bab4b135e8b02b833'}, 'dob': {'date': '1977-01-08T07:55:54.063Z', 'age': 47}, 'registered': {'date': '2004-08-26T23:18:30.231Z', 'age': 19}, 'phone': '81060393', 'cell': '59808859', 'id': {'name': 'CPR', 'value': '080177-1754'}, 'picture': {'large': 'https://randomuser.me/api/portraits/women/49.jpg', 'medium': 'https://randomuser.me/api/portraits/med/women/49.jpg', 'thumbnail': 'https://randomuser.me/api/portraits/thumb/women/49.jpg'}, 'nat': 'DK'}], 'info': {'seed': '68c7c7b5b583a5da', 'results': 1, 'page': 1, 'version': '1.4'}}</msg>
<arg>${json_data}</arg>
<doc>Logs the given message with the given level.</doc>
<status status="PASS" start="2024-06-26T06:21:43.740838" elapsed="0.000211"/>
</kw>
<kw name="Should Be String" owner="String">
<arg>${json_data['results'][0]['gender']}</arg>
<doc>Fails if the given ``item`` is not a string.</doc>
<status status="PASS" start="2024-06-26T06:21:43.741337" elapsed="0.000359"/>
</kw>
<kw name="Should Match Regexp" owner="BuiltIn">
<arg>${json_data['results'][0]['email']}</arg>
<arg>^[a-zA-Z0-9._%+-]+@[a-zA-Z0-9.-]+\.[a-zA-Z]{2,}$</arg>
<doc>Fails if ``string`` does not match ``pattern`` as a regular expression.</doc>
<status status="PASS" start="2024-06-26T06:21:43.741883" elapsed="0.000543"/>
</kw>
<kw name="Should Match Regexp" owner="BuiltIn">
<arg>${json_data['results'][0]['dob']['date']}</arg>
<arg>\\d{4}-\\d{2}-\\d{2}T\\d{2}:\\d{2}:\\d{2}\\.\\d{3}Z</arg>
<doc>Fails if ``string`` does not match ``pattern`` as a regular expression.</doc>
<status status="PASS" start="2024-06-26T06:21:43.742655" elapsed="0.000481"/>
</kw>
<kw name="Should Match Regexp" owner="BuiltIn">
<arg>${json_data['results'][0]['registered']['date']}</arg>
<arg>\\d{4}-\\d{2}-\\d{2}T\\d{2}:\\d{2}:\\d{2}\\.\\d{3}Z</arg>
<doc>Fails if ``string`` does not match ``pattern`` as a regular expression.</doc>
<status status="PASS" start="2024-06-26T06:21:43.743323" elapsed="0.000362"/>
</kw>
<kw name="Should Match Regexp" owner="BuiltIn">
<arg>${json_data['results'][0]['picture']['large']}</arg>
<arg>^https?://.*\.(?:png|jpe?g|gif|bmp)$</arg>
<doc>Fails if ``string`` does not match ``pattern`` as a regular expression.</doc>
<status status="PASS" start="2024-06-26T06:21:43.743869" elapsed="0.000447"/>
</kw>
<kw name="Should Match Regexp" owner="BuiltIn">
<arg>${json_data['results'][0]['picture']['medium']}</arg>
<arg>^https?://.*\.(?:png|jpe?g|gif|bmp)$</arg>
<doc>Fails if ``string`` does not match ``pattern`` as a regular expression.</doc>
<status status="PASS" start="2024-06-26T06:21:43.744501" elapsed="0.000352"/>
</kw>
<kw name="Should Match Regexp" owner="BuiltIn">
<arg>${json_data['results'][0]['picture']['thumbnail']}</arg>
<arg>^https?://.*\.(?:png|jpe?g|gif|bmp)$</arg>
<doc>Fails if ``string`` does not match ``pattern`` as a regular expression.</doc>
<status status="PASS" start="2024-06-26T06:21:43.745037" elapsed="0.000343"/>
</kw>
<kw name="Log" owner="BuiltIn">
<msg time="2024-06-26T06:21:43.745912" level="INFO">{'large': 'https://randomuser.me/api/portraits/women/49.jpg', 'medium': 'https://randomuser.me/api/portraits/med/women/49.jpg', 'thumbnail': 'https://randomuser.me/api/portraits/thumb/women/49.jpg'}</msg>
<arg>${json_data['results'][0]['picture']}</arg>
<doc>Logs the given message with the given level.</doc>
<status status="PASS" start="2024-06-26T06:21:43.745554" elapsed="0.000402"/>
</kw>
<status status="PASS" start="2024-06-26T06:21:43.584835" elapsed="0.161395"/>
</kw>
<kw name="Teste de Tipos de Dados - Postcode" owner="random-user-service">
<kw name="GET On Session" owner="RequestsLibrary">
<msg time="2024-06-26T06:21:43.816999" level="INFO">GET Request : url=https://randomuser.me/api 
 path_url=/api 
 headers={'User-Agent': 'python-requests/2.32.3', 'Accept-Encoding': 'gzip, deflate', 'Accept': '*/*', 'Connection': 'keep-alive'} 
 body=None 
 </msg>
<msg time="2024-06-26T06:21:43.817074" level="INFO">GET Response : url=https://randomuser.me/api 
 status=200, reason=OK 
 headers={'Date': 'Wed, 26 Jun 2024 06:21:43 GMT', 'Content-Type': 'application/json; charset=utf-8', 'Transfer-Encoding': 'chunked', 'Connection': 'keep-alive', 'X-Powered-By': 'Express', 'Access-Control-Allow-Origin': '*', 'Cache-Control': 'no-cache', 'ETag': 'W/"4a1-5BTLykM6DQw5qEtQDJF8M9CBu1k"', 'Vary': 'Accept-Encoding', 'Content-Encoding': 'gzip', 'CF-Cache-Status': 'DYNAMIC', 'Report-To': '{"endpoints":[{"url":"https:\\/\\/a.nel.cloudflare.com\\/report\\/v4?s=4Py4wOBPu9vKtzYfdW83sE0swh1g5EWxAFRYvt6he%2FsyEiHf53Xl671g8p6KNa0ILO9FXGqB%2BSH4k67tZcMC0BxGjxurbBlpB3xYW2dJbgAuc0V3qt7xEHyd9vVD%2Fa2B"}],"group":"cf-nel","max_age":604800}', 'NEL': '{"success_fraction":0,"report_to":"cf-nel","max_age":604800}', 'Server': 'cloudflare', 'CF-RAY': '899b194c6f4f57f7-IAD', 'alt-svc': 'h3=":443"; ma=86400'} 
 body={"results":[{"gender":"female","name":{"title":"Mrs","first":"Amelia","last":"Guerrero"},"location":{"street":{"number":5807,"name":"Circuito Ledesma"},"city":"Tamiahua","state":"Durango","country":"Mexico","postcode":17137,"coordinates":{"latitude":"22.0386","longitude":"74.1604"},"timezone":{"offset":"+1:00","description":"Brussels, Copenhagen, Madrid, Paris"}},"email":"amelia.guerrero@example.com","login":{"uuid":"167795d4-18a9-496a-a803-46ab21e1efef","username":"brownelephant479","password":"2525","salt":"GOJLAO6F","md5":"30d87a87546b01976112cc05ad22110f","sha1":"95328260eb228e96a1e2b772c9b25b34b9c9058f","sha256":"d609a20f36ea033d47af5afb0214500fd518630c7397fabbedb3cc5865aa3a19"},"dob":{"date":"1980-07-24T01:05:30.194Z","age":43},"registered":{"date":"2016-07-03T12:59:16.784Z","age":7},"phone":"(618) 189 8901","cell":"(602) 007 6195","id":{"name":"NSS","value":"26 33 19 5765 8"},"picture":{"large":"https://randomuser.me/api/portraits/women/14.jpg","medium":"https://randomuser.me/api/portraits/med/women/14.jpg","thumbnail":"https://randomuser.me/api/portraits/thumb/women/14.jpg"},"nat":"MX"}],"info":{"seed":"ce6efaba7f6069d2","results":1,"page":1,"version":"1.4"}} 
 </msg>
<msg time="2024-06-26T06:21:43.817142" level="INFO">/opt/hostedtoolcache/Python/3.12.4/x64/lib/python3.12/site-packages/urllib3/connectionpool.py:1099: InsecureRequestWarning: Unverified HTTPS request is being made to host 'randomuser.me'. Adding certificate verification is strongly advised. See: https://urllib3.readthedocs.io/en/latest/advanced-usage.html#tls-warnings
  warnings.warn(</msg>
<msg time="2024-06-26T06:21:43.817268" level="INFO">${response} = &lt;Response [200]&gt;</msg>
<var>${response}</var>
<arg>consultarAPI</arg>
<arg>/api</arg>
<doc>Sends a GET request on a previously created HTTP Session.</doc>
<status status="PASS" start="2024-06-26T06:21:43.746676" elapsed="0.070645"/>
</kw>
<kw name="Set Variable" owner="BuiltIn">
<msg time="2024-06-26T06:21:43.818120" level="INFO">${json_data} = {'results': [{'gender': 'female', 'name': {'title': 'Mrs', 'first': 'Amelia', 'last': 'Guerrero'}, 'location': {'street': {'number': 5807, 'name': 'Circuito Ledesma'}, 'city': 'Tamiahua', 'state': 'Du...</msg>
<var>${json_data}</var>
<arg>${response.json()}</arg>
<doc>Returns the given values which can then be assigned to a variables.</doc>
<status status="PASS" start="2024-06-26T06:21:43.817690" elapsed="0.000460"/>
</kw>
<kw name="Log" owner="BuiltIn">
<msg time="2024-06-26T06:21:43.818673" level="INFO">{'results': [{'gender': 'female', 'name': {'title': 'Mrs', 'first': 'Amelia', 'last': 'Guerrero'}, 'location': {'street': {'number': 5807, 'name': 'Circuito Ledesma'}, 'city': 'Tamiahua', 'state': 'Durango', 'country': 'Mexico', 'postcode': 17137, 'coordinates': {'latitude': '22.0386', 'longitude': '74.1604'}, 'timezone': {'offset': '+1:00', 'description': 'Brussels, Copenhagen, Madrid, Paris'}}, 'email': 'amelia.guerrero@example.com', 'login': {'uuid': '167795d4-18a9-496a-a803-46ab21e1efef', 'username': 'brownelephant479', 'password': '2525', 'salt': 'GOJLAO6F', 'md5': '30d87a87546b01976112cc05ad22110f', 'sha1': '95328260eb228e96a1e2b772c9b25b34b9c9058f', 'sha256': 'd609a20f36ea033d47af5afb0214500fd518630c7397fabbedb3cc5865aa3a19'}, 'dob': {'date': '1980-07-24T01:05:30.194Z', 'age': 43}, 'registered': {'date': '2016-07-03T12:59:16.784Z', 'age': 7}, 'phone': '(618) 189 8901', 'cell': '(602) 007 6195', 'id': {'name': 'NSS', 'value': '26 33 19 5765 8'}, 'picture': {'large': 'https://randomuser.me/api/portraits/women/14.jpg', 'medium': 'https://randomuser.me/api/portraits/med/women/14.jpg', 'thumbnail': 'https://randomuser.me/api/portraits/thumb/women/14.jpg'}, 'nat': 'MX'}], 'info': {'seed': 'ce6efaba7f6069d2', 'results': 1, 'page': 1, 'version': '1.4'}}</msg>
<arg>${json_data}</arg>
<doc>Logs the given message with the given level.</doc>
<status status="PASS" start="2024-06-26T06:21:43.818522" elapsed="0.000198"/>
</kw>
<kw name="Should Be Equal As Numbers" owner="BuiltIn">
<arg>${json_data['results'][0]['location']['postcode']}</arg>
<arg>${json_data['results'][0]['location']['postcode']}</arg>
<doc>Fails if objects are unequal after converting them to real numbers.</doc>
<status status="PASS" start="2024-06-26T06:21:43.819017" elapsed="0.000618"/>
</kw>
<kw name="Log" owner="BuiltIn">
<msg time="2024-06-26T06:21:43.820286" level="INFO">17137</msg>
<arg>${json_data['results'][0]['location']['postcode']}</arg>
<doc>Logs the given message with the given level.</doc>
<status status="PASS" start="2024-06-26T06:21:43.819819" elapsed="0.000508"/>
</kw>
<status status="PASS" start="2024-06-26T06:21:43.746451" elapsed="0.074152"/>
</kw>
<doc>Testa se os tipos de dados na resposta da API estão corretos.</doc>
<tag>testeTiposDados</tag>
<status status="PASS" start="2024-06-26T06:21:43.584293" elapsed="0.236470"/>
</test>
<test id="s1-s1-t5" name="Validar conteudo" line="35">
<kw name="Teste de Tipos de Conteudo" owner="random-user-service">
<kw name="GET On Session" owner="RequestsLibrary">
<msg time="2024-06-26T06:21:43.895929" level="INFO">GET Request : url=https://randomuser.me/api 
 path_url=/api 
 headers={'User-Agent': 'python-requests/2.32.3', 'Accept-Encoding': 'gzip, deflate', 'Accept': '*/*', 'Connection': 'keep-alive'} 
 body=None 
 </msg>
<msg time="2024-06-26T06:21:43.896009" level="INFO">GET Response : url=https://randomuser.me/api 
 status=200, reason=OK 
 headers={'Date': 'Wed, 26 Jun 2024 06:21:43 GMT', 'Content-Type': 'application/json; charset=utf-8', 'Transfer-Encoding': 'chunked', 'Connection': 'keep-alive', 'X-Powered-By': 'Express', 'Access-Control-Allow-Origin': '*', 'Cache-Control': 'no-cache', 'ETag': 'W/"471-wjaqQh9V727CNCAWTViqOrMdONY"', 'Vary': 'Accept-Encoding', 'Content-Encoding': 'gzip', 'CF-Cache-Status': 'DYNAMIC', 'Report-To': '{"endpoints":[{"url":"https:\\/\\/a.nel.cloudflare.com\\/report\\/v4?s=dUo1NbTTYUl76zaZvWPZQmqWTLGf1gbe%2FAQPEDiFi5cQOEzKodXyU85WKU1AF6%2BjCVBBG0F5Tes0C61M8a2hLbG%2BNbaSSfaRxY%2BYBp0Bl6dugvmIVQ%2B2C4%2BZCmoMZpUz"}],"group":"cf-nel","max_age":604800}', 'NEL': '{"success_fraction":0,"report_to":"cf-nel","max_age":604800}', 'Server': 'cloudflare', 'CF-RAY': '899b194cef8a57f7-IAD', 'alt-svc': 'h3=":443"; ma=86400'} 
 body={"results":[{"gender":"male","name":{"title":"Mr","first":"Kvitan","last":"Somko"},"location":{"street":{"number":1587,"name":"Polkovnika Zatievahina"},"city":"Armyansk","state":"Mikolayivska","country":"Ukraine","postcode":90124,"coordinates":{"latitude":"78.6075","longitude":"-125.2633"},"timezone":{"offset":"+4:30","description":"Kabul"}},"email":"kvitan.somko@example.com","login":{"uuid":"7ca2509e-0feb-49b3-8e58-a95ebafe04ca","username":"greenlion678","password":"texas1","salt":"c75SITmW","md5":"be7cac6e789d14dd8c28f73536b55a44","sha1":"b620afb3c76cc371c2acfdb2fa2aaca65451b0b9","sha256":"f766621d2c8d9a7e02f6af8750a439ab09e7d8971e894213a1ea2e20fe5b37af"},"dob":{"date":"1978-03-04T06:31:05.086Z","age":46},"registered":{"date":"2009-08-26T01:43:05.834Z","age":14},"phone":"(098) Q99-0386","cell":"(096) Y24-1932","id":{"name":"","value":null},"picture":{"large":"https://randomuser.me/api/portraits/men/91.jpg","medium":"https://randomuser.me/api/portraits/med/men/91.jpg","thumbnail":"https://randomuser.me/api/portraits/thumb/men/91.jpg"},"nat":"UA"}],"info":{"seed":"d1e3726ce00cca5f","results":1,"page":1,"version":"1.4"}} 
 </msg>
<msg time="2024-06-26T06:21:43.896078" level="INFO">/opt/hostedtoolcache/Python/3.12.4/x64/lib/python3.12/site-packages/urllib3/connectionpool.py:1099: InsecureRequestWarning: Unverified HTTPS request is being made to host 'randomuser.me'. Adding certificate verification is strongly advised. See: https://urllib3.readthedocs.io/en/latest/advanced-usage.html#tls-warnings
  warnings.warn(</msg>
<msg time="2024-06-26T06:21:43.896210" level="INFO">${response} = &lt;Response [200]&gt;</msg>
<var>${response}</var>
<arg>consultarAPI</arg>
<arg>/api</arg>
<doc>Sends a GET request on a previously created HTTP Session.</doc>
<status status="PASS" start="2024-06-26T06:21:43.823127" elapsed="0.073137"/>
</kw>
<kw name="Set Variable" owner="BuiltIn">
<msg time="2024-06-26T06:21:43.897109" level="INFO">${json_data} = {'results': [{'gender': 'male', 'name': {'title': 'Mr', 'first': 'Kvitan', 'last': 'Somko'}, 'location': {'street': {'number': 1587, 'name': 'Polkovnika Zatievahina'}, 'city': 'Armyansk', 'state': 'Mi...</msg>
<var>${json_data}</var>
<arg>${response.json()}</arg>
<doc>Returns the given values which can then be assigned to a variables.</doc>
<status status="PASS" start="2024-06-26T06:21:43.896673" elapsed="0.000466"/>
</kw>
<kw name="Set Variable" owner="BuiltIn">
<msg time="2024-06-26T06:21:43.897810" level="INFO">${name_title} = Mr</msg>
<var>${name_title}</var>
<arg>${json_data["results"][0]["name"]["title"]}</arg>
<doc>Returns the given values which can then be assigned to a variables.</doc>
<status status="PASS" start="2024-06-26T06:21:43.897435" elapsed="0.000401"/>
</kw>
<kw name="Create List" owner="BuiltIn">
<msg time="2024-06-26T06:21:43.898297" level="INFO">${allowed_titles} = ['Mr', 'Ms', 'Miss', 'Mrs', 'Madame', 'Monsieur']</msg>
<var>${allowed_titles}</var>
<arg>Mr</arg>
<arg>Ms</arg>
<arg>Miss</arg>
<arg>Mrs</arg>
<arg>Madame</arg>
<arg>Monsieur</arg>
<doc>Returns a list containing given items.</doc>
<status status="PASS" start="2024-06-26T06:21:43.898124" elapsed="0.000204"/>
</kw>
<kw name="List Should Contain Value" owner="Collections">
<arg>${allowed_titles}</arg>
<arg>${name_title}</arg>
<doc>Fails if the ``value`` is not found from ``list``.</doc>
<status status="PASS" start="2024-06-26T06:21:43.898625" elapsed="0.000178"/>
</kw>
<kw name="Set Variable" owner="BuiltIn">
<msg time="2024-06-26T06:21:43.899335" level="INFO">${name_country} = UA</msg>
<var>${name_country}</var>
<arg>${json_data["results"][0]["nat"]}</arg>
<doc>Returns the given values which can then be assigned to a variables.</doc>
<status status="PASS" start="2024-06-26T06:21:43.898978" elapsed="0.000382"/>
</kw>
<kw name="Create List" owner="BuiltIn">
<msg time="2024-06-26T06:21:43.900231" level="INFO">${list_country} = ['AD', 'AE', 'AF', 'AG', 'AI', 'AL', 'AM', 'AO', 'AQ', 'AR', 'AS', 'AT', 'AU', 'AW', 'AX', 'AZ', 'BA', 'BB', 'BD', 'BE', 'BF', 'BG', 'BH', 'BI', 'BJ', 'BL', 'BM', 'BN', 'BO', 'BQ', 'BR', 'BS', 'BT', '...</msg>
<var>${list_country}</var>
<arg>AD</arg>
<arg>AE</arg>
<arg>AF</arg>
<arg>AG</arg>
<arg>AI</arg>
<arg>AL</arg>
<arg>AM</arg>
<arg>AO</arg>
<arg>AQ</arg>
<arg>AR</arg>
<arg>AS</arg>
<arg>AT</arg>
<arg>AU</arg>
<arg>AW</arg>
<arg>AX</arg>
<arg>AZ</arg>
<arg>BA</arg>
<arg>BB</arg>
<arg>BD</arg>
<arg>BE</arg>
<arg>BF</arg>
<arg>BG</arg>
<arg>BH</arg>
<arg>BI</arg>
<arg>BJ</arg>
<arg>BL</arg>
<arg>BM</arg>
<arg>BN</arg>
<arg>BO</arg>
<arg>BQ</arg>
<arg>BR</arg>
<arg>BS</arg>
<arg>BT</arg>
<arg>BV</arg>
<arg>BW</arg>
<arg>BY</arg>
<arg>BZ</arg>
<arg>CA</arg>
<arg>CC</arg>
<arg>CD</arg>
<arg>CF</arg>
<arg>CG</arg>
<arg>CH</arg>
<arg>CI</arg>
<arg>CK</arg>
<arg>CL</arg>
<arg>CM</arg>
<arg>CN</arg>
<arg>CO</arg>
<arg>CR</arg>
<arg>CU</arg>
<arg>CV</arg>
<arg>CW</arg>
<arg>CX</arg>
<arg>CY</arg>
<arg>CZ</arg>
<arg>DE</arg>
<arg>DJ</arg>
<arg>DK</arg>
<arg>DM</arg>
<arg>DO</arg>
<arg>DZ</arg>
<arg>EC</arg>
<arg>EE</arg>
<arg>EG</arg>
<arg>EH</arg>
<arg>ER</arg>
<arg>ES</arg>
<arg>ET</arg>
<arg>FI</arg>
<arg>FJ</arg>
<arg>FK</arg>
<arg>FM</arg>
<arg>FO</arg>
<arg>FR</arg>
<arg>GA</arg>
<arg>GB</arg>
<arg>GD</arg>
<arg>GE</arg>
<arg>GF</arg>
<arg>GG</arg>
<arg>GH</arg>
<arg>GI</arg>
<arg>GL</arg>
<arg>GM</arg>
<arg>GN</arg>
<arg>GP</arg>
<arg>GQ</arg>
<arg>GR</arg>
<arg>GS</arg>
<arg>GT</arg>
<arg>GU</arg>
<arg>GW</arg>
<arg>GY</arg>
<arg>HK</arg>
<arg>HM</arg>
<arg>HN</arg>
<arg>HR</arg>
<arg>HT</arg>
<arg>HU</arg>
<arg>ID</arg>
<arg>IE</arg>
<arg>IL</arg>
<arg>IM</arg>
<arg>IN</arg>
<arg>IO</arg>
<arg>IQ</arg>
<arg>IR</arg>
<arg>IS</arg>
<arg>IT</arg>
<arg>JE</arg>
<arg>JM</arg>
<arg>JO</arg>
<arg>JP</arg>
<arg>KE</arg>
<arg>KG</arg>
<arg>KH</arg>
<arg>KI</arg>
<arg>KM</arg>
<arg>KN</arg>
<arg>KP</arg>
<arg>KR</arg>
<arg>KW</arg>
<arg>KY</arg>
<arg>KZ</arg>
<arg>LA</arg>
<arg>LB</arg>
<arg>LC</arg>
<arg>LI</arg>
<arg>LK</arg>
<arg>LR</arg>
<arg>LS</arg>
<arg>LT</arg>
<arg>LU</arg>
<arg>LV</arg>
<arg>LY</arg>
<arg>MA</arg>
<arg>MC</arg>
<arg>MD</arg>
<arg>ME</arg>
<arg>MF</arg>
<arg>MG</arg>
<arg>MH</arg>
<arg>MK</arg>
<arg>ML</arg>
<arg>MM</arg>
<arg>MN</arg>
<arg>MO</arg>
<arg>MP</arg>
<arg>MQ</arg>
<arg>MR</arg>
<arg>MS</arg>
<arg>MT</arg>
<arg>MU</arg>
<arg>MV</arg>
<arg>MW</arg>
<arg>MX</arg>
<arg>MY</arg>
<arg>MZ</arg>
<arg>NA</arg>
<arg>NC</arg>
<arg>NE</arg>
<arg>NF</arg>
<arg>NG</arg>
<arg>NI</arg>
<arg>NL</arg>
<arg>NO</arg>
<arg>NP</arg>
<arg>NR</arg>
<arg>NU</arg>
<arg>NZ</arg>
<arg>OM</arg>
<arg>PA</arg>
<arg>PE</arg>
<arg>PF</arg>
<arg>PG</arg>
<arg>PH</arg>
<arg>PK</arg>
<arg>PL</arg>
<arg>PM</arg>
<arg>PN</arg>
<arg>PR</arg>
<arg>PS</arg>
<arg>PT</arg>
<arg>PW</arg>
<arg>PY</arg>
<arg>QA</arg>
<arg>RE</arg>
<arg>RO</arg>
<arg>RS</arg>
<arg>RU</arg>
<arg>RW</arg>
<arg>SA</arg>
<arg>SB</arg>
<arg>SC</arg>
<arg>SD</arg>
<arg>SE</arg>
<arg>SG</arg>
<arg>SH</arg>
<arg>SI</arg>
<arg>SJ</arg>
<arg>SK</arg>
<arg>SL</arg>
<arg>SM</arg>
<arg>SN</arg>
<arg>SO</arg>
<arg>SR</arg>
<arg>SS</arg>
<arg>ST</arg>
<arg>SV</arg>
<arg>SX</arg>
<arg>SY</arg>
<arg>SZ</arg>
<arg>TC</arg>
<arg>TD</arg>
<arg>TF</arg>
<arg>TG</arg>
<arg>TH</arg>
<arg>TJ</arg>
<arg>TK</arg>
<arg>TL</arg>
<arg>TM</arg>
<arg>TN</arg>
<arg>TO</arg>
<arg>TR</arg>
<arg>TT</arg>
<arg>TV</arg>
<arg>TW</arg>
<arg>TZ</arg>
<arg>UA</arg>
<arg>UG</arg>
<arg>UM</arg>
<arg>US</arg>
<arg>UY</arg>
<arg>UZ</arg>
<arg>VA</arg>
<arg>VC</arg>
<arg>VE</arg>
<arg>VG</arg>
<arg>VI</arg>
<arg>VN</arg>
<arg>VU</arg>
<arg>WF</arg>
<arg>WS</arg>
<arg>XK</arg>
<arg>YE</arg>
<arg>YT</arg>
<arg>ZA</arg>
<arg>ZM</arg>
<arg>ZW</arg>
<doc>Returns a list containing given items.</doc>
<status status="PASS" start="2024-06-26T06:21:43.899642" elapsed="0.000614"/>
</kw>
<kw name="List Should Contain Value" owner="Collections">
<arg>${list_country}</arg>
<arg>${name_country}</arg>
<doc>Fails if the ``value`` is not found from ``list``.</doc>
<status status="PASS" start="2024-06-26T06:21:43.901042" elapsed="0.000208"/>
</kw>
<kw name="Run Keyword If" owner="BuiltIn">
<kw name="Should Be True" owner="BuiltIn">
<arg>${True}</arg>
<doc>Fails if the given condition is not true.</doc>
<status status="PASS" start="2024-06-26T06:21:43.902172" elapsed="0.000182"/>
</kw>
<arg>${json_data["results"][0]["location"]["coordinates"]["latitude"]} &gt;= -90 and ${json_data["results"][0]["location"]["coordinates"]["latitude"]} &lt;= 90</arg>
<arg>Should Be True</arg>
<arg>${True}</arg>
<doc>Runs the given keyword with the given arguments, if ``condition`` is true.</doc>
<status status="PASS" start="2024-06-26T06:21:43.901441" elapsed="0.001037"/>
</kw>
<kw name="Run Keyword If" owner="BuiltIn">
<kw name="Should Be True" owner="BuiltIn">
<arg>${True}</arg>
<doc>Fails if the given condition is not true.</doc>
<status status="PASS" start="2024-06-26T06:21:43.903337" elapsed="0.000232"/>
</kw>
<arg>${json_data["results"][0]["location"]["coordinates"]["longitude"]} &gt;= -180 and ${json_data["results"][0]["location"]["coordinates"]["longitude"]} &lt;= 180</arg>
<arg>Should Be True</arg>
<arg>${True}</arg>
<doc>Runs the given keyword with the given arguments, if ``condition`` is true.</doc>
<status status="PASS" start="2024-06-26T06:21:43.902656" elapsed="0.001040"/>
</kw>
<status status="PASS" start="2024-06-26T06:21:43.822916" elapsed="0.080911"/>
</kw>
<doc>Testa o conteúdo específico dos campos retornados pela API.</doc>
<tag>testeConteudo</tag>
<status status="PASS" start="2024-06-26T06:21:43.822483" elapsed="0.081485"/>
</test>
<status status="PASS" start="2024-06-26T06:21:42.766407" elapsed="1.139442"/>
</suite>
<status status="PASS" start="2024-06-26T06:21:42.752255" elapsed="1.158623"/>
</suite>
<statistics>
<total>
<stat pass="5" fail="0" skip="0">All Tests</stat>
</total>
<tag>
<stat pass="1" fail="0" skip="0">testeConteudo</stat>
<stat pass="1" fail="0" skip="0">testeEstruturaResposta</stat>
<stat pass="1" fail="0" skip="0">testeRequisicaoBasica</stat>
<stat pass="1" fail="0" skip="0">testeTiposDados</stat>
</tag>
<suite>
<stat pass="5" fail="0" skip="0" id="s1" name="Tests">Tests</stat>
<stat pass="5" fail="0" skip="0" id="s1-s1" name="Random-User-Test">Tests.Random-User-Test</stat>
</suite>
</statistics>
<errors>
</errors>
</robot>
