<?xml version="1.0" encoding="UTF-8"?>
<robot generator="Robot 7.0.1 (Python 3.12.4 on linux)" generated="2024-07-14T16:29:24.384609" rpa="false" schemaversion="5">
<suite id="s1" name="Tests" source="/home/runner/work/ApiRandomUser/ApiRandomUser/RamdonUser/tests">
<suite id="s1-s1" name="Random-User-Test" source="/home/runner/work/ApiRandomUser/ApiRandomUser/RamdonUser/tests/random-user-test.robot">
<test id="s1-s1-t1" name="Conectar" line="13">
<kw name="Conectar API" owner="random-user-service">
<kw name="Create Session" owner="RequestsLibrary">
<msg time="2024-07-14T16:29:24.770728" level="INFO">Creating Session using : alias=consultarAPI, url=https://randomuser.me/, headers={},                     cookies={}, auth=None, timeout=None, proxies=None, verify=False,                     debug=0 </msg>
<arg>consultarAPI</arg>
<arg>${URL}</arg>
<doc>Create Session: create a HTTP session to a server</doc>
<status status="PASS" start="2024-07-14T16:29:24.770528" elapsed="0.000373"/>
</kw>
<status status="PASS" start="2024-07-14T16:29:24.769596" elapsed="0.001660"/>
</kw>
<status status="PASS" start="2024-07-14T16:29:24.769064" elapsed="0.002386"/>
</test>
<test id="s1-s1-t2" name="Validar retorno 200 e JSON Válido" line="16">
<kw name="Teste de Requisicao Basica" owner="random-user-service">
<kw name="GET On Session" owner="RequestsLibrary">
<msg time="2024-07-14T16:29:24.946026" level="INFO">GET Request : url=https://randomuser.me/api 
 path_url=/api 
 headers={'User-Agent': 'python-requests/2.32.3', 'Accept-Encoding': 'gzip, deflate', 'Accept': '*/*', 'Connection': 'keep-alive'} 
 body=None 
 </msg>
<msg time="2024-07-14T16:29:24.946169" level="INFO">GET Response : url=https://randomuser.me/api 
 status=200, reason=OK 
 headers={'Date': 'Sun, 14 Jul 2024 16:29:24 GMT', 'Content-Type': 'application/json; charset=utf-8', 'Transfer-Encoding': 'chunked', 'Connection': 'keep-alive', 'X-Powered-By': 'Express', 'Access-Control-Allow-Origin': '*', 'Cache-Control': 'no-cache', 'ETag': 'W/"487-KYWaSrWk6BPtdtUziczDfl0X+EY"', 'Vary': 'Accept-Encoding', 'Content-Encoding': 'gzip', 'CF-Cache-Status': 'DYNAMIC', 'Report-To': '{"endpoints":[{"url":"https:\\/\\/a.nel.cloudflare.com\\/report\\/v4?s=Fx2xTgapu4ZvdD%2B3tRxBXBvlgFYbEfMDnAvWL6yPJU4GkUabH6bD95VikHxgUfHnlwTVSQwE00ccIBhOLrpa%2BnkiGHqKgu5KqMhjkouX5PkwrKODhSBcH3TX6ntSiXUi"}],"group":"cf-nel","max_age":604800}', 'NEL': '{"success_fraction":0,"report_to":"cf-nel","max_age":604800}', 'Server': 'cloudflare', 'CF-RAY': '8a32e436389c08d4-LAX', 'alt-svc': 'h3=":443"; ma=86400'} 
 body={"results":[{"gender":"female","name":{"title":"Ms","first":"Ilariya","last":"Sergiychuk"},"location":{"street":{"number":2126,"name":"V'yizd Gukivskiy"},"city":"Korostishiv","state":"Dnipropetrovska","country":"Ukraine","postcode":89772,"coordinates":{"latitude":"74.8897","longitude":"159.5884"},"timezone":{"offset":"+4:30","description":"Kabul"}},"email":"ilariya.sergiychuk@example.com","login":{"uuid":"5cba3472-e144-4aac-8bfe-a529f54c5918","username":"whiteostrich417","password":"yoyoyo","salt":"ftqMOXbT","md5":"02c8d3ef93343d0e7eb8ee07eae92f85","sha1":"d241a5285cb94fb11fb13a68b2651c268ff6dc9e","sha256":"c286f05839d6707b303d842996ef65ad8c8a8380c6f63c5f7fa8afc95a07893d"},"dob":{"date":"1952-03-30T10:22:44.898Z","age":72},"registered":{"date":"2013-10-04T17:12:24.743Z","age":10},"phone":"(068) H83-6055","cell":"(099) S22-9625","id":{"name":"","value":null},"picture":{"large":"https://randomuser.me/api/portraits/women/96.jpg","medium":"https://randomuser.me/api/portraits/med/women/96.jpg","thumbnail":"https://randomuser.me/api/portraits/thumb/women/96.jpg"},"nat":"UA"}],"info":{"seed":"f5f93aca32f89807","results":1,"page":1,"version":"1.4"}} 
 </msg>
<msg time="2024-07-14T16:29:24.946258" level="INFO">/opt/hostedtoolcache/Python/3.12.4/x64/lib/python3.12/site-packages/urllib3/connectionpool.py:1099: InsecureRequestWarning: Unverified HTTPS request is being made to host 'randomuser.me'. Adding certificate verification is strongly advised. See: https://urllib3.readthedocs.io/en/latest/advanced-usage.html#tls-warnings
  warnings.warn(</msg>
<msg time="2024-07-14T16:29:24.946389" level="INFO">${response} = &lt;Response [200]&gt;</msg>
<var>${response}</var>
<arg>consultarAPI</arg>
<arg>/api</arg>
<doc>Sends a GET request on a previously created HTTP Session.</doc>
<status status="PASS" start="2024-07-14T16:29:24.774054" elapsed="0.172381"/>
</kw>
<kw name="Should Be Equal As Numbers" owner="BuiltIn">
<msg time="2024-07-14T16:29:24.947288" level="INFO">Argument types are:
&lt;class 'int'&gt;
&lt;class 'str'&gt;</msg>
<arg>${response.status_code}</arg>
<arg>200</arg>
<doc>Fails if objects are unequal after converting them to real numbers.</doc>
<status status="PASS" start="2024-07-14T16:29:24.946853" elapsed="0.000500"/>
</kw>
<kw name="Log" owner="BuiltIn">
<msg time="2024-07-14T16:29:24.948078" level="INFO">200</msg>
<arg>${response.status_code}</arg>
<doc>Logs the given message with the given level.</doc>
<status status="PASS" start="2024-07-14T16:29:24.947680" elapsed="0.000442"/>
</kw>
<kw name="Set Variable" owner="BuiltIn">
<msg time="2024-07-14T16:29:24.948865" level="INFO">${json_data} = {'results': [{'gender': 'female', 'name': {'title': 'Ms', 'first': 'Ilariya', 'last': 'Sergiychuk'}, 'location': {'street': {'number': 2126, 'name': "V'yizd Gukivskiy"}, 'city': 'Korostishiv', 'state'...</msg>
<var>${json_data}</var>
<arg>${response.json()}</arg>
<doc>Returns the given values which can then be assigned to a variables.</doc>
<status status="PASS" start="2024-07-14T16:29:24.948430" elapsed="0.000466"/>
</kw>
<kw name="Dictionary Should Contain Key" owner="Collections">
<arg>${json_data}</arg>
<arg>results</arg>
<doc>Fails if ``key`` is not found from ``dictionary``.</doc>
<status status="PASS" start="2024-07-14T16:29:24.949194" elapsed="0.000161"/>
</kw>
<status status="PASS" start="2024-07-14T16:29:24.773798" elapsed="0.175703"/>
</kw>
<doc>Testa se a API responde corretamente e retorna um objeto JSON válido.</doc>
<tag>testeRequisicaoBasica</tag>
<status status="PASS" start="2024-07-14T16:29:24.773339" elapsed="0.176336"/>
</test>
<test id="s1-s1-t3" name="Validar estrutura de resposta" line="22">
<kw name="Teste de Estrutura de Resposta" owner="random-user-service">
<kw name="GET On Session" owner="RequestsLibrary">
<msg time="2024-07-14T16:29:25.049272" level="INFO">GET Request : url=https://randomuser.me/api 
 path_url=/api 
 headers={'User-Agent': 'python-requests/2.32.3', 'Accept-Encoding': 'gzip, deflate', 'Accept': '*/*', 'Connection': 'keep-alive'} 
 body=None 
 </msg>
<msg time="2024-07-14T16:29:25.049348" level="INFO">GET Response : url=https://randomuser.me/api 
 status=200, reason=OK 
 headers={'Date': 'Sun, 14 Jul 2024 16:29:25 GMT', 'Content-Type': 'application/json; charset=utf-8', 'Transfer-Encoding': 'chunked', 'Connection': 'keep-alive', 'X-Powered-By': 'Express', 'Access-Control-Allow-Origin': '*', 'Cache-Control': 'no-cache', 'ETag': 'W/"48f-oFiqY/ULIm6ul9eSOEB0OZsfmo8"', 'Vary': 'Accept-Encoding', 'Content-Encoding': 'gzip', 'CF-Cache-Status': 'DYNAMIC', 'Report-To': '{"endpoints":[{"url":"https:\\/\\/a.nel.cloudflare.com\\/report\\/v4?s=DEDIREXaHtug88RWc7VTHaC6K9J%2F1rKQ8w%2Fywhm9Y8VivsfPiFQY1iGae%2BYSo9fvonfpaKnekcSi0vIQm5L0DLoRLUJZ4VziHNWWnVg1T3Hu4CZB7w1OYA9Z%2BLZ7eTy%2F"}],"group":"cf-nel","max_age":604800}', 'NEL': '{"success_fraction":0,"report_to":"cf-nel","max_age":604800}', 'Server': 'cloudflare', 'CF-RAY': '8a32e436f9a408d4-LAX', 'alt-svc': 'h3=":443"; ma=86400'} 
 body={"results":[{"gender":"male","name":{"title":"Mr","first":"Jonathan","last":"Nelson"},"location":{"street":{"number":758,"name":"Pecan Acres Ln"},"city":"Chattanooga","state":"Nebraska","country":"United States","postcode":95530,"coordinates":{"latitude":"83.6428","longitude":"-173.9351"},"timezone":{"offset":"-11:00","description":"Midway Island, Samoa"}},"email":"jonathan.nelson@example.com","login":{"uuid":"8a01928f-b895-4887-ab5c-848d5392b7dc","username":"goldensnake586","password":"pppp","salt":"TFMuHHB3","md5":"505e1cc04a681a225d24cb2369c2f6ad","sha1":"a59dd0b9aa04ce1a59acbc8996a058930165dc6c","sha256":"a8655fee5d3f82a04ed3b4c18860655e71374d537c76c66db6fdb9ecc1191fbe"},"dob":{"date":"1961-05-15T17:07:45.457Z","age":63},"registered":{"date":"2013-01-15T03:46:59.314Z","age":11},"phone":"(425) 374-8723","cell":"(250) 797-0453","id":{"name":"SSN","value":"121-29-2283"},"picture":{"large":"https://randomuser.me/api/portraits/men/81.jpg","medium":"https://randomuser.me/api/portraits/med/men/81.jpg","thumbnail":"https://randomuser.me/api/portraits/thumb/men/81.jpg"},"nat":"US"}],"info":{"seed":"a45ef9288792c07a","results":1,"page":1,"version":"1.4"}} 
 </msg>
<msg time="2024-07-14T16:29:25.049459" level="INFO">/opt/hostedtoolcache/Python/3.12.4/x64/lib/python3.12/site-packages/urllib3/connectionpool.py:1099: InsecureRequestWarning: Unverified HTTPS request is being made to host 'randomuser.me'. Adding certificate verification is strongly advised. See: https://urllib3.readthedocs.io/en/latest/advanced-usage.html#tls-warnings
  warnings.warn(</msg>
<msg time="2024-07-14T16:29:25.049563" level="INFO">${response} = &lt;Response [200]&gt;</msg>
<var>${response}</var>
<arg>consultarAPI</arg>
<arg>/api</arg>
<doc>Sends a GET request on a previously created HTTP Session.</doc>
<status status="PASS" start="2024-07-14T16:29:24.952236" elapsed="0.097367"/>
</kw>
<kw name="Set Variable" owner="BuiltIn">
<msg time="2024-07-14T16:29:25.050496" level="INFO">${json_data} = {'results': [{'gender': 'male', 'name': {'title': 'Mr', 'first': 'Jonathan', 'last': 'Nelson'}, 'location': {'street': {'number': 758, 'name': 'Pecan Acres Ln'}, 'city': 'Chattanooga', 'state': 'Nebra...</msg>
<var>${json_data}</var>
<arg>${response.json()}</arg>
<doc>Returns the given values which can then be assigned to a variables.</doc>
<status status="PASS" start="2024-07-14T16:29:25.050026" elapsed="0.000499"/>
</kw>
<kw name="Log" owner="BuiltIn">
<msg time="2024-07-14T16:29:25.050995" level="INFO">{'results': [{'gender': 'male', 'name': {'title': 'Mr', 'first': 'Jonathan', 'last': 'Nelson'}, 'location': {'street': {'number': 758, 'name': 'Pecan Acres Ln'}, 'city': 'Chattanooga', 'state': 'Nebraska', 'country': 'United States', 'postcode': 95530, 'coordinates': {'latitude': '83.6428', 'longitude': '-173.9351'}, 'timezone': {'offset': '-11:00', 'description': 'Midway Island, Samoa'}}, 'email': 'jonathan.nelson@example.com', 'login': {'uuid': '8a01928f-b895-4887-ab5c-848d5392b7dc', 'username': 'goldensnake586', 'password': 'pppp', 'salt': 'TFMuHHB3', 'md5': '505e1cc04a681a225d24cb2369c2f6ad', 'sha1': 'a59dd0b9aa04ce1a59acbc8996a058930165dc6c', 'sha256': 'a8655fee5d3f82a04ed3b4c18860655e71374d537c76c66db6fdb9ecc1191fbe'}, 'dob': {'date': '1961-05-15T17:07:45.457Z', 'age': 63}, 'registered': {'date': '2013-01-15T03:46:59.314Z', 'age': 11}, 'phone': '(425) 374-8723', 'cell': '(250) 797-0453', 'id': {'name': 'SSN', 'value': '121-29-2283'}, 'picture': {'large': 'https://randomuser.me/api/portraits/men/81.jpg', 'medium': 'https://randomuser.me/api/portraits/med/men/81.jpg', 'thumbnail': 'https://randomuser.me/api/portraits/thumb/men/81.jpg'}, 'nat': 'US'}], 'info': {'seed': 'a45ef9288792c07a', 'results': 1, 'page': 1, 'version': '1.4'}}</msg>
<arg>${json_data}</arg>
<doc>Logs the given message with the given level.</doc>
<status status="PASS" start="2024-07-14T16:29:25.050836" elapsed="0.000209"/>
</kw>
<kw name="Dictionary Should Contain Key" owner="Collections">
<arg>${json_data}</arg>
<arg>results</arg>
<doc>Fails if ``key`` is not found from ``dictionary``.</doc>
<status status="PASS" start="2024-07-14T16:29:25.051335" elapsed="0.000160"/>
</kw>
<kw name="Should Not Be Empty" owner="BuiltIn">
<msg time="2024-07-14T16:29:25.051876" level="INFO">Length is 2.</msg>
<arg>${json_data}</arg>
<doc>Verifies that the given item is not empty.</doc>
<status status="PASS" start="2024-07-14T16:29:25.051725" elapsed="0.000192"/>
</kw>
<kw name="Create List" owner="BuiltIn">
<msg time="2024-07-14T16:29:25.052358" level="INFO">${expected_keys} = ['gender', 'name', 'location', 'email', 'login']</msg>
<var>${expected_keys}</var>
<arg>gender</arg>
<arg>name</arg>
<arg>location</arg>
<arg>email</arg>
<arg>login</arg>
<doc>Returns a list containing given items.</doc>
<status status="PASS" start="2024-07-14T16:29:25.052211" elapsed="0.000172"/>
</kw>
<for flavor="IN">
<iter>
<kw name="Dictionary Should Contain Key" owner="Collections">
<arg>${json_data['results'][0]}</arg>
<arg>${key}</arg>
<doc>Fails if ``key`` is not found from ``dictionary``.</doc>
<status status="PASS" start="2024-07-14T16:29:25.053101" elapsed="0.000401"/>
</kw>
<kw name="Log" owner="BuiltIn">
<msg time="2024-07-14T16:29:25.054152" level="INFO">{'gender': 'male', 'name': {'title': 'Mr', 'first': 'Jonathan', 'last': 'Nelson'}, 'location': {'street': {'number': 758, 'name': 'Pecan Acres Ln'}, 'city': 'Chattanooga', 'state': 'Nebraska', 'country': 'United States', 'postcode': 95530, 'coordinates': {'latitude': '83.6428', 'longitude': '-173.9351'}, 'timezone': {'offset': '-11:00', 'description': 'Midway Island, Samoa'}}, 'email': 'jonathan.nelson@example.com', 'login': {'uuid': '8a01928f-b895-4887-ab5c-848d5392b7dc', 'username': 'goldensnake586', 'password': 'pppp', 'salt': 'TFMuHHB3', 'md5': '505e1cc04a681a225d24cb2369c2f6ad', 'sha1': 'a59dd0b9aa04ce1a59acbc8996a058930165dc6c', 'sha256': 'a8655fee5d3f82a04ed3b4c18860655e71374d537c76c66db6fdb9ecc1191fbe'}, 'dob': {'date': '1961-05-15T17:07:45.457Z', 'age': 63}, 'registered': {'date': '2013-01-15T03:46:59.314Z', 'age': 11}, 'phone': '(425) 374-8723', 'cell': '(250) 797-0453', 'id': {'name': 'SSN', 'value': '121-29-2283'}, 'picture': {'large': 'https://randomuser.me/api/portraits/men/81.jpg', 'medium': 'https://randomuser.me/api/portraits/med/men/81.jpg', 'thumbnail': 'https://randomuser.me/api/portraits/thumb/men/81.jpg'}, 'nat': 'US'}</msg>
<arg>${json_data['results'][0]}</arg>
<doc>Logs the given message with the given level.</doc>
<status status="PASS" start="2024-07-14T16:29:25.053707" elapsed="0.000496"/>
</kw>
<kw name="Log" owner="BuiltIn">
<msg time="2024-07-14T16:29:25.054660" level="INFO">gender</msg>
<arg>${key}</arg>
<doc>Logs the given message with the given level.</doc>
<status status="PASS" start="2024-07-14T16:29:25.054527" elapsed="0.000171"/>
</kw>
<var name="${key}">gender</var>
<status status="PASS" start="2024-07-14T16:29:25.052978" elapsed="0.001938"/>
</iter>
<iter>
<kw name="Dictionary Should Contain Key" owner="Collections">
<arg>${json_data['results'][0]}</arg>
<arg>${key}</arg>
<doc>Fails if ``key`` is not found from ``dictionary``.</doc>
<status status="PASS" start="2024-07-14T16:29:25.055215" elapsed="0.000389"/>
</kw>
<kw name="Log" owner="BuiltIn">
<msg time="2024-07-14T16:29:25.056162" level="INFO">{'gender': 'male', 'name': {'title': 'Mr', 'first': 'Jonathan', 'last': 'Nelson'}, 'location': {'street': {'number': 758, 'name': 'Pecan Acres Ln'}, 'city': 'Chattanooga', 'state': 'Nebraska', 'country': 'United States', 'postcode': 95530, 'coordinates': {'latitude': '83.6428', 'longitude': '-173.9351'}, 'timezone': {'offset': '-11:00', 'description': 'Midway Island, Samoa'}}, 'email': 'jonathan.nelson@example.com', 'login': {'uuid': '8a01928f-b895-4887-ab5c-848d5392b7dc', 'username': 'goldensnake586', 'password': 'pppp', 'salt': 'TFMuHHB3', 'md5': '505e1cc04a681a225d24cb2369c2f6ad', 'sha1': 'a59dd0b9aa04ce1a59acbc8996a058930165dc6c', 'sha256': 'a8655fee5d3f82a04ed3b4c18860655e71374d537c76c66db6fdb9ecc1191fbe'}, 'dob': {'date': '1961-05-15T17:07:45.457Z', 'age': 63}, 'registered': {'date': '2013-01-15T03:46:59.314Z', 'age': 11}, 'phone': '(425) 374-8723', 'cell': '(250) 797-0453', 'id': {'name': 'SSN', 'value': '121-29-2283'}, 'picture': {'large': 'https://randomuser.me/api/portraits/men/81.jpg', 'medium': 'https://randomuser.me/api/portraits/med/men/81.jpg', 'thumbnail': 'https://randomuser.me/api/portraits/thumb/men/81.jpg'}, 'nat': 'US'}</msg>
<arg>${json_data['results'][0]}</arg>
<doc>Logs the given message with the given level.</doc>
<status status="PASS" start="2024-07-14T16:29:25.055814" elapsed="0.000432"/>
</kw>
<kw name="Log" owner="BuiltIn">
<msg time="2024-07-14T16:29:25.056672" level="INFO">name</msg>
<arg>${key}</arg>
<doc>Logs the given message with the given level.</doc>
<status status="PASS" start="2024-07-14T16:29:25.056543" elapsed="0.000168"/>
</kw>
<var name="${key}">name</var>
<status status="PASS" start="2024-07-14T16:29:25.055104" elapsed="0.001825"/>
</iter>
<iter>
<kw name="Dictionary Should Contain Key" owner="Collections">
<arg>${json_data['results'][0]}</arg>
<arg>${key}</arg>
<doc>Fails if ``key`` is not found from ``dictionary``.</doc>
<status status="PASS" start="2024-07-14T16:29:25.057213" elapsed="0.000379"/>
</kw>
<kw name="Log" owner="BuiltIn">
<msg time="2024-07-14T16:29:25.058122" level="INFO">{'gender': 'male', 'name': {'title': 'Mr', 'first': 'Jonathan', 'last': 'Nelson'}, 'location': {'street': {'number': 758, 'name': 'Pecan Acres Ln'}, 'city': 'Chattanooga', 'state': 'Nebraska', 'country': 'United States', 'postcode': 95530, 'coordinates': {'latitude': '83.6428', 'longitude': '-173.9351'}, 'timezone': {'offset': '-11:00', 'description': 'Midway Island, Samoa'}}, 'email': 'jonathan.nelson@example.com', 'login': {'uuid': '8a01928f-b895-4887-ab5c-848d5392b7dc', 'username': 'goldensnake586', 'password': 'pppp', 'salt': 'TFMuHHB3', 'md5': '505e1cc04a681a225d24cb2369c2f6ad', 'sha1': 'a59dd0b9aa04ce1a59acbc8996a058930165dc6c', 'sha256': 'a8655fee5d3f82a04ed3b4c18860655e71374d537c76c66db6fdb9ecc1191fbe'}, 'dob': {'date': '1961-05-15T17:07:45.457Z', 'age': 63}, 'registered': {'date': '2013-01-15T03:46:59.314Z', 'age': 11}, 'phone': '(425) 374-8723', 'cell': '(250) 797-0453', 'id': {'name': 'SSN', 'value': '121-29-2283'}, 'picture': {'large': 'https://randomuser.me/api/portraits/men/81.jpg', 'medium': 'https://randomuser.me/api/portraits/med/men/81.jpg', 'thumbnail': 'https://randomuser.me/api/portraits/thumb/men/81.jpg'}, 'nat': 'US'}</msg>
<arg>${json_data['results'][0]}</arg>
<doc>Logs the given message with the given level.</doc>
<status status="PASS" start="2024-07-14T16:29:25.057773" elapsed="0.000403"/>
</kw>
<kw name="Log" owner="BuiltIn">
<msg time="2024-07-14T16:29:25.058600" level="INFO">location</msg>
<arg>${key}</arg>
<doc>Logs the given message with the given level.</doc>
<status status="PASS" start="2024-07-14T16:29:25.058473" elapsed="0.000166"/>
</kw>
<var name="${key}">location</var>
<status status="PASS" start="2024-07-14T16:29:25.057107" elapsed="0.001745"/>
</iter>
<iter>
<kw name="Dictionary Should Contain Key" owner="Collections">
<arg>${json_data['results'][0]}</arg>
<arg>${key}</arg>
<doc>Fails if ``key`` is not found from ``dictionary``.</doc>
<status status="PASS" start="2024-07-14T16:29:25.059127" elapsed="0.000384"/>
</kw>
<kw name="Log" owner="BuiltIn">
<msg time="2024-07-14T16:29:25.060076" level="INFO">{'gender': 'male', 'name': {'title': 'Mr', 'first': 'Jonathan', 'last': 'Nelson'}, 'location': {'street': {'number': 758, 'name': 'Pecan Acres Ln'}, 'city': 'Chattanooga', 'state': 'Nebraska', 'country': 'United States', 'postcode': 95530, 'coordinates': {'latitude': '83.6428', 'longitude': '-173.9351'}, 'timezone': {'offset': '-11:00', 'description': 'Midway Island, Samoa'}}, 'email': 'jonathan.nelson@example.com', 'login': {'uuid': '8a01928f-b895-4887-ab5c-848d5392b7dc', 'username': 'goldensnake586', 'password': 'pppp', 'salt': 'TFMuHHB3', 'md5': '505e1cc04a681a225d24cb2369c2f6ad', 'sha1': 'a59dd0b9aa04ce1a59acbc8996a058930165dc6c', 'sha256': 'a8655fee5d3f82a04ed3b4c18860655e71374d537c76c66db6fdb9ecc1191fbe'}, 'dob': {'date': '1961-05-15T17:07:45.457Z', 'age': 63}, 'registered': {'date': '2013-01-15T03:46:59.314Z', 'age': 11}, 'phone': '(425) 374-8723', 'cell': '(250) 797-0453', 'id': {'name': 'SSN', 'value': '121-29-2283'}, 'picture': {'large': 'https://randomuser.me/api/portraits/men/81.jpg', 'medium': 'https://randomuser.me/api/portraits/med/men/81.jpg', 'thumbnail': 'https://randomuser.me/api/portraits/thumb/men/81.jpg'}, 'nat': 'US'}</msg>
<arg>${json_data['results'][0]}</arg>
<doc>Logs the given message with the given level.</doc>
<status status="PASS" start="2024-07-14T16:29:25.059718" elapsed="0.000408"/>
</kw>
<kw name="Log" owner="BuiltIn">
<msg time="2024-07-14T16:29:25.060547" level="INFO">email</msg>
<arg>${key}</arg>
<doc>Logs the given message with the given level.</doc>
<status status="PASS" start="2024-07-14T16:29:25.060420" elapsed="0.000166"/>
</kw>
<var name="${key}">email</var>
<status status="PASS" start="2024-07-14T16:29:25.059021" elapsed="0.001779"/>
</iter>
<iter>
<kw name="Dictionary Should Contain Key" owner="Collections">
<arg>${json_data['results'][0]}</arg>
<arg>${key}</arg>
<doc>Fails if ``key`` is not found from ``dictionary``.</doc>
<status status="PASS" start="2024-07-14T16:29:25.061080" elapsed="0.000387"/>
</kw>
<kw name="Log" owner="BuiltIn">
<msg time="2024-07-14T16:29:25.061994" level="INFO">{'gender': 'male', 'name': {'title': 'Mr', 'first': 'Jonathan', 'last': 'Nelson'}, 'location': {'street': {'number': 758, 'name': 'Pecan Acres Ln'}, 'city': 'Chattanooga', 'state': 'Nebraska', 'country': 'United States', 'postcode': 95530, 'coordinates': {'latitude': '83.6428', 'longitude': '-173.9351'}, 'timezone': {'offset': '-11:00', 'description': 'Midway Island, Samoa'}}, 'email': 'jonathan.nelson@example.com', 'login': {'uuid': '8a01928f-b895-4887-ab5c-848d5392b7dc', 'username': 'goldensnake586', 'password': 'pppp', 'salt': 'TFMuHHB3', 'md5': '505e1cc04a681a225d24cb2369c2f6ad', 'sha1': 'a59dd0b9aa04ce1a59acbc8996a058930165dc6c', 'sha256': 'a8655fee5d3f82a04ed3b4c18860655e71374d537c76c66db6fdb9ecc1191fbe'}, 'dob': {'date': '1961-05-15T17:07:45.457Z', 'age': 63}, 'registered': {'date': '2013-01-15T03:46:59.314Z', 'age': 11}, 'phone': '(425) 374-8723', 'cell': '(250) 797-0453', 'id': {'name': 'SSN', 'value': '121-29-2283'}, 'picture': {'large': 'https://randomuser.me/api/portraits/men/81.jpg', 'medium': 'https://randomuser.me/api/portraits/med/men/81.jpg', 'thumbnail': 'https://randomuser.me/api/portraits/thumb/men/81.jpg'}, 'nat': 'US'}</msg>
<arg>${json_data['results'][0]}</arg>
<doc>Logs the given message with the given level.</doc>
<status status="PASS" start="2024-07-14T16:29:25.061649" elapsed="0.000394"/>
</kw>
<kw name="Log" owner="BuiltIn">
<msg time="2024-07-14T16:29:25.062492" level="INFO">login</msg>
<arg>${key}</arg>
<doc>Logs the given message with the given level.</doc>
<status status="PASS" start="2024-07-14T16:29:25.062353" elapsed="0.000177"/>
</kw>
<var name="${key}">login</var>
<status status="PASS" start="2024-07-14T16:29:25.060970" elapsed="0.001801"/>
</iter>
<var>${key}</var>
<value>@{expected_keys}</value>
<status status="PASS" start="2024-07-14T16:29:25.052789" elapsed="0.010109"/>
</for>
<kw name="Create List" owner="BuiltIn">
<msg time="2024-07-14T16:29:25.063224" level="INFO">${expected_keysTwo} = ['username', 'password']</msg>
<var>${expected_keysTwo}</var>
<arg>username</arg>
<arg>password</arg>
<doc>Returns a list containing given items.</doc>
<status status="PASS" start="2024-07-14T16:29:25.063088" elapsed="0.000189"/>
</kw>
<for flavor="IN">
<iter>
<kw name="Dictionary Should Contain Key" owner="Collections">
<arg>${json_data['results'][0]['login']}</arg>
<arg>${keyTwo}</arg>
<doc>Fails if ``key`` is not found from ``dictionary``.</doc>
<status status="PASS" start="2024-07-14T16:29:25.063822" elapsed="0.000392"/>
</kw>
<kw name="Dictionary Should Contain Key" owner="Collections">
<arg>${json_data['results'][0]['login']}</arg>
<arg>${keyTwo}</arg>
<doc>Fails if ``key`` is not found from ``dictionary``.</doc>
<status status="PASS" start="2024-07-14T16:29:25.064394" elapsed="0.000371"/>
</kw>
<kw name="Log" owner="BuiltIn">
<msg time="2024-07-14T16:29:25.065066" level="INFO">username</msg>
<arg>${keyTwo}</arg>
<doc>Logs the given message with the given level.</doc>
<status status="PASS" start="2024-07-14T16:29:25.064945" elapsed="0.000159"/>
</kw>
<var name="${keyTwo}">username</var>
<status status="PASS" start="2024-07-14T16:29:25.063678" elapsed="0.001651"/>
</iter>
<iter>
<kw name="Dictionary Should Contain Key" owner="Collections">
<arg>${json_data['results'][0]['login']}</arg>
<arg>${keyTwo}</arg>
<doc>Fails if ``key`` is not found from ``dictionary``.</doc>
<status status="PASS" start="2024-07-14T16:29:25.065603" elapsed="0.000383"/>
</kw>
<kw name="Dictionary Should Contain Key" owner="Collections">
<arg>${json_data['results'][0]['login']}</arg>
<arg>${keyTwo}</arg>
<doc>Fails if ``key`` is not found from ``dictionary``.</doc>
<status status="PASS" start="2024-07-14T16:29:25.066164" elapsed="0.000374"/>
</kw>
<kw name="Log" owner="BuiltIn">
<msg time="2024-07-14T16:29:25.066834" level="INFO">password</msg>
<arg>${keyTwo}</arg>
<doc>Logs the given message with the given level.</doc>
<status status="PASS" start="2024-07-14T16:29:25.066713" elapsed="0.000163"/>
</kw>
<var name="${keyTwo}">password</var>
<status status="PASS" start="2024-07-14T16:29:25.065497" elapsed="0.001599"/>
</iter>
<var>${keyTwo}</var>
<value>@{expected_keysTwo}</value>
<status status="PASS" start="2024-07-14T16:29:25.063523" elapsed="0.003694"/>
</for>
<status status="PASS" start="2024-07-14T16:29:24.952002" elapsed="0.115360"/>
</kw>
<doc>Testa a estrutura da resposta da API.</doc>
<tag>testeEstruturaResposta</tag>
<status status="PASS" start="2024-07-14T16:29:24.951495" elapsed="0.116020"/>
</test>
<test id="s1-s1-t4" name="Validar tipos de dados" line="28">
<kw name="Teste de Tipos de Dados" owner="random-user-service">
<kw name="GET On Session" owner="RequestsLibrary">
<msg time="2024-07-14T16:29:25.169619" level="INFO">GET Request : url=https://randomuser.me/api 
 path_url=/api 
 headers={'User-Agent': 'python-requests/2.32.3', 'Accept-Encoding': 'gzip, deflate', 'Accept': '*/*', 'Connection': 'keep-alive'} 
 body=None 
 </msg>
<msg time="2024-07-14T16:29:25.169699" level="INFO">GET Response : url=https://randomuser.me/api 
 status=200, reason=OK 
 headers={'Date': 'Sun, 14 Jul 2024 16:29:25 GMT', 'Content-Type': 'application/json; charset=utf-8', 'Transfer-Encoding': 'chunked', 'Connection': 'keep-alive', 'X-Powered-By': 'Express', 'Access-Control-Allow-Origin': '*', 'Cache-Control': 'no-cache', 'ETag': 'W/"498-b5lKV4bsBH3S/8XjGZYwlOEQQFk"', 'Vary': 'Accept-Encoding', 'Content-Encoding': 'gzip', 'CF-Cache-Status': 'DYNAMIC', 'Report-To': '{"endpoints":[{"url":"https:\\/\\/a.nel.cloudflare.com\\/report\\/v4?s=SgI9vETU%2BAp2aeIlEnqlBEr8GH2GrknNOYzXCRL9tA3wBKMBuWTi%2BvP%2BAWGUArWwPYa%2F%2B9G5HN0pWLc5mR88IRG5KNXK8QEeN7IpTcanzMzqp4APDPkpFDzRWCSX0t%2B0"}],"group":"cf-nel","max_age":604800}', 'NEL': '{"success_fraction":0,"report_to":"cf-nel","max_age":604800}', 'Server': 'cloudflare', 'CF-RAY': '8a32e437bac308d4-LAX', 'alt-svc': 'h3=":443"; ma=86400'} 
 body={"results":[{"gender":"female","name":{"title":"Miss","first":"Ludwina","last":"Seeger"},"location":{"street":{"number":6851,"name":"Schulstraße"},"city":"Forchtenberg","state":"Sachsen-Anhalt","country":"Germany","postcode":79407,"coordinates":{"latitude":"-49.6330","longitude":"142.5963"},"timezone":{"offset":"+9:30","description":"Adelaide, Darwin"}},"email":"ludwina.seeger@example.com","login":{"uuid":"ad2ead4d-cbe3-490a-bd44-10ff265f44cf","username":"brownbutterfly122","password":"curious","salt":"R4oLaPT2","md5":"fc38e88bd8b22493d0a7abed0106a27d","sha1":"c53346bdf9bb6e7835d4b41380c02a0341342b5d","sha256":"5f72dac23bbfbba12972797fb113e8b7a075e64922953f144c9685c2dba95098"},"dob":{"date":"1998-06-26T18:13:06.154Z","age":26},"registered":{"date":"2021-07-07T07:14:45.737Z","age":3},"phone":"0439-2289549","cell":"0170-7067301","id":{"name":"SVNR","value":"60 260698 S 712"},"picture":{"large":"https://randomuser.me/api/portraits/women/17.jpg","medium":"https://randomuser.me/api/portraits/med/women/17.jpg","thumbnail":"https://randomuser.me/api/portraits/thumb/women/17.jpg"},"nat":"DE"}],"info":{"seed":"9463f356a9ff756d","results":1,"page":1,"version":"1.4"}} 
 </msg>
<msg time="2024-07-14T16:29:25.169765" level="INFO">/opt/hostedtoolcache/Python/3.12.4/x64/lib/python3.12/site-packages/urllib3/connectionpool.py:1099: InsecureRequestWarning: Unverified HTTPS request is being made to host 'randomuser.me'. Adding certificate verification is strongly advised. See: https://urllib3.readthedocs.io/en/latest/advanced-usage.html#tls-warnings
  warnings.warn(</msg>
<msg time="2024-07-14T16:29:25.169856" level="INFO">${response} = &lt;Response [200]&gt;</msg>
<var>${response}</var>
<arg>consultarAPI</arg>
<arg>/api</arg>
<doc>Sends a GET request on a previously created HTTP Session.</doc>
<status status="PASS" start="2024-07-14T16:29:25.070099" elapsed="0.099798"/>
</kw>
<kw name="Set Variable" owner="BuiltIn">
<msg time="2024-07-14T16:29:25.170733" level="INFO">${json_data} = {'results': [{'gender': 'female', 'name': {'title': 'Miss', 'first': 'Ludwina', 'last': 'Seeger'}, 'location': {'street': {'number': 6851, 'name': 'Schulstraße'}, 'city': 'Forchtenberg', 'state': 'Sac...</msg>
<var>${json_data}</var>
<arg>${response.json()}</arg>
<doc>Returns the given values which can then be assigned to a variables.</doc>
<status status="PASS" start="2024-07-14T16:29:25.170272" elapsed="0.000491"/>
</kw>
<kw name="Log" owner="BuiltIn">
<msg time="2024-07-14T16:29:25.171234" level="INFO">{'results': [{'gender': 'female', 'name': {'title': 'Miss', 'first': 'Ludwina', 'last': 'Seeger'}, 'location': {'street': {'number': 6851, 'name': 'Schulstraße'}, 'city': 'Forchtenberg', 'state': 'Sachsen-Anhalt', 'country': 'Germany', 'postcode': 79407, 'coordinates': {'latitude': '-49.6330', 'longitude': '142.5963'}, 'timezone': {'offset': '+9:30', 'description': 'Adelaide, Darwin'}}, 'email': 'ludwina.seeger@example.com', 'login': {'uuid': 'ad2ead4d-cbe3-490a-bd44-10ff265f44cf', 'username': 'brownbutterfly122', 'password': 'curious', 'salt': 'R4oLaPT2', 'md5': 'fc38e88bd8b22493d0a7abed0106a27d', 'sha1': 'c53346bdf9bb6e7835d4b41380c02a0341342b5d', 'sha256': '5f72dac23bbfbba12972797fb113e8b7a075e64922953f144c9685c2dba95098'}, 'dob': {'date': '1998-06-26T18:13:06.154Z', 'age': 26}, 'registered': {'date': '2021-07-07T07:14:45.737Z', 'age': 3}, 'phone': '0439-2289549', 'cell': '0170-7067301', 'id': {'name': 'SVNR', 'value': '60 260698 S 712'}, 'picture': {'large': 'https://randomuser.me/api/portraits/women/17.jpg', 'medium': 'https://randomuser.me/api/portraits/med/women/17.jpg', 'thumbnail': 'https://randomuser.me/api/portraits/thumb/women/17.jpg'}, 'nat': 'DE'}], 'info': {'seed': '9463f356a9ff756d', 'results': 1, 'page': 1, 'version': '1.4'}}</msg>
<arg>${json_data}</arg>
<doc>Logs the given message with the given level.</doc>
<status status="PASS" start="2024-07-14T16:29:25.171077" elapsed="0.000207"/>
</kw>
<kw name="Should Be String" owner="String">
<arg>${json_data['results'][0]['gender']}</arg>
<doc>Fails if the given ``item`` is not a string.</doc>
<status status="PASS" start="2024-07-14T16:29:25.171597" elapsed="0.000405"/>
</kw>
<kw name="Should Match Regexp" owner="BuiltIn">
<arg>${json_data['results'][0]['email']}</arg>
<arg>^[a-zA-Z0-9._%+-]+@[a-zA-Z0-9.-]+\.[a-zA-Z]{2,}$</arg>
<doc>Fails if ``string`` does not match ``pattern`` as a regular expression.</doc>
<status status="PASS" start="2024-07-14T16:29:25.172192" elapsed="0.000559"/>
</kw>
<kw name="Should Match Regexp" owner="BuiltIn">
<arg>${json_data['results'][0]['dob']['date']}</arg>
<arg>\\d{4}-\\d{2}-\\d{2}T\\d{2}:\\d{2}:\\d{2}\\.\\d{3}Z</arg>
<doc>Fails if ``string`` does not match ``pattern`` as a regular expression.</doc>
<status status="PASS" start="2024-07-14T16:29:25.172945" elapsed="0.000481"/>
</kw>
<kw name="Should Match Regexp" owner="BuiltIn">
<arg>${json_data['results'][0]['registered']['date']}</arg>
<arg>\\d{4}-\\d{2}-\\d{2}T\\d{2}:\\d{2}:\\d{2}\\.\\d{3}Z</arg>
<doc>Fails if ``string`` does not match ``pattern`` as a regular expression.</doc>
<status status="PASS" start="2024-07-14T16:29:25.173617" elapsed="0.000369"/>
</kw>
<kw name="Should Match Regexp" owner="BuiltIn">
<arg>${json_data['results'][0]['picture']['large']}</arg>
<arg>^https?://.*\.(?:png|jpe?g|gif|bmp)$</arg>
<doc>Fails if ``string`` does not match ``pattern`` as a regular expression.</doc>
<status status="PASS" start="2024-07-14T16:29:25.174169" elapsed="0.000455"/>
</kw>
<kw name="Should Match Regexp" owner="BuiltIn">
<arg>${json_data['results'][0]['picture']['medium']}</arg>
<arg>^https?://.*\.(?:png|jpe?g|gif|bmp)$</arg>
<doc>Fails if ``string`` does not match ``pattern`` as a regular expression.</doc>
<status status="PASS" start="2024-07-14T16:29:25.174810" elapsed="0.000349"/>
</kw>
<kw name="Should Match Regexp" owner="BuiltIn">
<arg>${json_data['results'][0]['picture']['thumbnail']}</arg>
<arg>^https?://.*\.(?:png|jpe?g|gif|bmp)$</arg>
<doc>Fails if ``string`` does not match ``pattern`` as a regular expression.</doc>
<status status="PASS" start="2024-07-14T16:29:25.175340" elapsed="0.000363"/>
</kw>
<kw name="Log" owner="BuiltIn">
<msg time="2024-07-14T16:29:25.176227" level="INFO">{'large': 'https://randomuser.me/api/portraits/women/17.jpg', 'medium': 'https://randomuser.me/api/portraits/med/women/17.jpg', 'thumbnail': 'https://randomuser.me/api/portraits/thumb/women/17.jpg'}</msg>
<arg>${json_data['results'][0]['picture']}</arg>
<doc>Logs the given message with the given level.</doc>
<status status="PASS" start="2024-07-14T16:29:25.175899" elapsed="0.000372"/>
</kw>
<status status="PASS" start="2024-07-14T16:29:25.069870" elapsed="0.106656"/>
</kw>
<kw name="Teste de Tipos de Dados - Postcode" owner="random-user-service">
<kw name="GET On Session" owner="RequestsLibrary">
<msg time="2024-07-14T16:29:25.287941" level="INFO">GET Request : url=https://randomuser.me/api 
 path_url=/api 
 headers={'User-Agent': 'python-requests/2.32.3', 'Accept-Encoding': 'gzip, deflate', 'Accept': '*/*', 'Connection': 'keep-alive'} 
 body=None 
 </msg>
<msg time="2024-07-14T16:29:25.288005" level="INFO">GET Response : url=https://randomuser.me/api 
 status=200, reason=OK 
 headers={'Date': 'Sun, 14 Jul 2024 16:29:25 GMT', 'Content-Type': 'application/json; charset=utf-8', 'Transfer-Encoding': 'chunked', 'Connection': 'keep-alive', 'X-Powered-By': 'Express', 'Access-Control-Allow-Origin': '*', 'Cache-Control': 'no-cache', 'ETag': 'W/"4aa-r2kZBmZt6ySy9C3koMeDXf1xg2A"', 'Vary': 'Accept-Encoding', 'Content-Encoding': 'gzip', 'CF-Cache-Status': 'DYNAMIC', 'Report-To': '{"endpoints":[{"url":"https:\\/\\/a.nel.cloudflare.com\\/report\\/v4?s=tqnHLiOho%2FXbnjk7kL%2BrKBSQtzOMVpt4bDI0SEifKMK0zyXeHefYFoloOLPR%2FQlitKG%2F8gDU%2BRX4z59ObL62hd3AGJZ0haqTn6TwtpCjAewnbyh9qun%2BByYdpwSYz6qA"}],"group":"cf-nel","max_age":604800}', 'NEL': '{"success_fraction":0,"report_to":"cf-nel","max_age":604800}', 'Server': 'cloudflare', 'CF-RAY': '8a32e4386bb508d4-LAX', 'alt-svc': 'h3=":443"; ma=86400'} 
 body={"results":[{"gender":"male","name":{"title":"Mr","first":"Darren","last":"Hernandez"},"location":{"street":{"number":6234,"name":"Ranchview Dr"},"city":"Pomona","state":"North Carolina","country":"United States","postcode":80813,"coordinates":{"latitude":"86.6826","longitude":"-49.8459"},"timezone":{"offset":"0:00","description":"Western Europe Time, London, Lisbon, Casablanca"}},"email":"darren.hernandez@example.com","login":{"uuid":"3679aaac-b382-4986-aaaf-d4c2b7bb3691","username":"purplezebra858","password":"nt5d27","salt":"TnGlJFAP","md5":"605a3a32286fb24409f4ed547eb14d62","sha1":"2eb9989fc7b30b51358e505d9fd3da9dd8c3dc75","sha256":"6ca1774b8fe8d3aa8fe9ab07aa40551b0aa3e4ddb881f4fa1e6a89d09fe17ae7"},"dob":{"date":"1960-10-24T22:36:25.381Z","age":63},"registered":{"date":"2017-10-03T19:12:25.256Z","age":6},"phone":"(747) 723-5018","cell":"(951) 935-0412","id":{"name":"SSN","value":"337-63-2156"},"picture":{"large":"https://randomuser.me/api/portraits/men/13.jpg","medium":"https://randomuser.me/api/portraits/med/men/13.jpg","thumbnail":"https://randomuser.me/api/portraits/thumb/men/13.jpg"},"nat":"US"}],"info":{"seed":"9ba28a654f1f2092","results":1,"page":1,"version":"1.4"}} 
 </msg>
<msg time="2024-07-14T16:29:25.288063" level="INFO">/opt/hostedtoolcache/Python/3.12.4/x64/lib/python3.12/site-packages/urllib3/connectionpool.py:1099: InsecureRequestWarning: Unverified HTTPS request is being made to host 'randomuser.me'. Adding certificate verification is strongly advised. See: https://urllib3.readthedocs.io/en/latest/advanced-usage.html#tls-warnings
  warnings.warn(</msg>
<msg time="2024-07-14T16:29:25.288147" level="INFO">${response} = &lt;Response [200]&gt;</msg>
<var>${response}</var>
<arg>consultarAPI</arg>
<arg>/api</arg>
<doc>Sends a GET request on a previously created HTTP Session.</doc>
<status status="PASS" start="2024-07-14T16:29:25.176966" elapsed="0.111218"/>
</kw>
<kw name="Set Variable" owner="BuiltIn">
<msg time="2024-07-14T16:29:25.288981" level="INFO">${json_data} = {'results': [{'gender': 'male', 'name': {'title': 'Mr', 'first': 'Darren', 'last': 'Hernandez'}, 'location': {'street': {'number': 6234, 'name': 'Ranchview Dr'}, 'city': 'Pomona', 'state': 'North Caro...</msg>
<var>${json_data}</var>
<arg>${response.json()}</arg>
<doc>Returns the given values which can then be assigned to a variables.</doc>
<status status="PASS" start="2024-07-14T16:29:25.288547" elapsed="0.000462"/>
</kw>
<kw name="Log" owner="BuiltIn">
<msg time="2024-07-14T16:29:25.289461" level="INFO">{'results': [{'gender': 'male', 'name': {'title': 'Mr', 'first': 'Darren', 'last': 'Hernandez'}, 'location': {'street': {'number': 6234, 'name': 'Ranchview Dr'}, 'city': 'Pomona', 'state': 'North Carolina', 'country': 'United States', 'postcode': 80813, 'coordinates': {'latitude': '86.6826', 'longitude': '-49.8459'}, 'timezone': {'offset': '0:00', 'description': 'Western Europe Time, London, Lisbon, Casablanca'}}, 'email': 'darren.hernandez@example.com', 'login': {'uuid': '3679aaac-b382-4986-aaaf-d4c2b7bb3691', 'username': 'purplezebra858', 'password': 'nt5d27', 'salt': 'TnGlJFAP', 'md5': '605a3a32286fb24409f4ed547eb14d62', 'sha1': '2eb9989fc7b30b51358e505d9fd3da9dd8c3dc75', 'sha256': '6ca1774b8fe8d3aa8fe9ab07aa40551b0aa3e4ddb881f4fa1e6a89d09fe17ae7'}, 'dob': {'date': '1960-10-24T22:36:25.381Z', 'age': 63}, 'registered': {'date': '2017-10-03T19:12:25.256Z', 'age': 6}, 'phone': '(747) 723-5018', 'cell': '(951) 935-0412', 'id': {'name': 'SSN', 'value': '337-63-2156'}, 'picture': {'large': 'https://randomuser.me/api/portraits/men/13.jpg', 'medium': 'https://randomuser.me/api/portraits/med/men/13.jpg', 'thumbnail': 'https://randomuser.me/api/portraits/thumb/men/13.jpg'}, 'nat': 'US'}], 'info': {'seed': '9ba28a654f1f2092', 'results': 1, 'page': 1, 'version': '1.4'}}</msg>
<arg>${json_data}</arg>
<doc>Logs the given message with the given level.</doc>
<status status="PASS" start="2024-07-14T16:29:25.289304" elapsed="0.000204"/>
</kw>
<kw name="Should Be Equal As Numbers" owner="BuiltIn">
<arg>${json_data['results'][0]['location']['postcode']}</arg>
<arg>${json_data['results'][0]['location']['postcode']}</arg>
<doc>Fails if objects are unequal after converting them to real numbers.</doc>
<status status="PASS" start="2024-07-14T16:29:25.289793" elapsed="0.000610"/>
</kw>
<kw name="Log" owner="BuiltIn">
<msg time="2024-07-14T16:29:25.290979" level="INFO">80813</msg>
<arg>${json_data['results'][0]['location']['postcode']}</arg>
<doc>Logs the given message with the given level.</doc>
<status status="PASS" start="2024-07-14T16:29:25.290606" elapsed="0.000413"/>
</kw>
<status status="PASS" start="2024-07-14T16:29:25.176744" elapsed="0.114519"/>
</kw>
<doc>Testa se os tipos de dados na resposta da API estão corretos.</doc>
<tag>testeTiposDados</tag>
<status status="PASS" start="2024-07-14T16:29:25.069311" elapsed="0.222112"/>
</test>
<test id="s1-s1-t5" name="Validar conteudo" line="35">
<kw name="Teste de Tipos de Conteudo" owner="random-user-service">
<kw name="GET On Session" owner="RequestsLibrary">
<msg time="2024-07-14T16:29:25.416234" level="INFO">GET Request : url=https://randomuser.me/api 
 path_url=/api 
 headers={'User-Agent': 'python-requests/2.32.3', 'Accept-Encoding': 'gzip, deflate', 'Accept': '*/*', 'Connection': 'keep-alive'} 
 body=None 
 </msg>
<msg time="2024-07-14T16:29:25.416305" level="INFO">GET Response : url=https://randomuser.me/api 
 status=200, reason=OK 
 headers={'Date': 'Sun, 14 Jul 2024 16:29:25 GMT', 'Content-Type': 'application/json; charset=utf-8', 'Transfer-Encoding': 'chunked', 'Connection': 'keep-alive', 'X-Powered-By': 'Express', 'Access-Control-Allow-Origin': '*', 'Cache-Control': 'no-cache', 'ETag': 'W/"481-rZZB6DhgOoRo/6judYZJRHlw8gA"', 'Vary': 'Accept-Encoding', 'Content-Encoding': 'gzip', 'CF-Cache-Status': 'DYNAMIC', 'Report-To': '{"endpoints":[{"url":"https:\\/\\/a.nel.cloudflare.com\\/report\\/v4?s=kJ155mqKfX4%2B%2FIk%2FeiZiCFI8Zb6kXGF2PkJhfLS1pWUFXLx4VdgNG%2Fj7q5OO7o0fMkdOCIOvtmJZVGuc9LDtJeDLLAbWfGPJy%2BSCROQ9njX7ehrNTs7ng1LRLwqnWFnN"}],"group":"cf-nel","max_age":604800}', 'NEL': '{"success_fraction":0,"report_to":"cf-nel","max_age":604800}', 'Server': 'cloudflare', 'CF-RAY': '8a32e4391cb308d4-LAX', 'alt-svc': 'h3=":443"; ma=86400'} 
 body={"results":[{"gender":"female","name":{"title":"Miss","first":"Angie","last":"Oliver"},"location":{"street":{"number":3267,"name":"Rookery Road"},"city":"Bray","state":"Roscommon","country":"Ireland","postcode":43542,"coordinates":{"latitude":"-0.3700","longitude":"48.5500"},"timezone":{"offset":"+7:00","description":"Bangkok, Hanoi, Jakarta"}},"email":"angie.oliver@example.com","login":{"uuid":"1a1d5b2c-5b94-4344-8ba5-d79f78fc241c","username":"goldensnake520","password":"october","salt":"QItnrpGS","md5":"593e60c70a414bed0b8d26ab6e46e75e","sha1":"49e4e7631236477cd2b308c0aaebb2ef5a6a8a1b","sha256":"76cbd1e7a087f3ed676cfa22016ccc312461bf1e6ee3148a0a14437eb71d20e5"},"dob":{"date":"1977-04-12T03:19:42.162Z","age":47},"registered":{"date":"2021-04-14T23:00:47.098Z","age":3},"phone":"041-971-2075","cell":"081-948-2699","id":{"name":"PPS","value":"1853194T"},"picture":{"large":"https://randomuser.me/api/portraits/women/44.jpg","medium":"https://randomuser.me/api/portraits/med/women/44.jpg","thumbnail":"https://randomuser.me/api/portraits/thumb/women/44.jpg"},"nat":"IE"}],"info":{"seed":"a366f2f22986f4a5","results":1,"page":1,"version":"1.4"}} 
 </msg>
<msg time="2024-07-14T16:29:25.416378" level="INFO">/opt/hostedtoolcache/Python/3.12.4/x64/lib/python3.12/site-packages/urllib3/connectionpool.py:1099: InsecureRequestWarning: Unverified HTTPS request is being made to host 'randomuser.me'. Adding certificate verification is strongly advised. See: https://urllib3.readthedocs.io/en/latest/advanced-usage.html#tls-warnings
  warnings.warn(</msg>
<msg time="2024-07-14T16:29:25.416468" level="INFO">${response} = &lt;Response [200]&gt;</msg>
<var>${response}</var>
<arg>consultarAPI</arg>
<arg>/api</arg>
<doc>Sends a GET request on a previously created HTTP Session.</doc>
<status status="PASS" start="2024-07-14T16:29:25.294001" elapsed="0.122492"/>
</kw>
<kw name="Set Variable" owner="BuiltIn">
<msg time="2024-07-14T16:29:25.417351" level="INFO">${json_data} = {'results': [{'gender': 'female', 'name': {'title': 'Miss', 'first': 'Angie', 'last': 'Oliver'}, 'location': {'street': {'number': 3267, 'name': 'Rookery Road'}, 'city': 'Bray', 'state': 'Roscommon', ...</msg>
<var>${json_data}</var>
<arg>${response.json()}</arg>
<doc>Returns the given values which can then be assigned to a variables.</doc>
<status status="PASS" start="2024-07-14T16:29:25.416892" elapsed="0.000487"/>
</kw>
<kw name="Set Variable" owner="BuiltIn">
<msg time="2024-07-14T16:29:25.418049" level="INFO">${name_title} = Miss</msg>
<var>${name_title}</var>
<arg>${json_data["results"][0]["name"]["title"]}</arg>
<doc>Returns the given values which can then be assigned to a variables.</doc>
<status status="PASS" start="2024-07-14T16:29:25.417679" elapsed="0.000396"/>
</kw>
<kw name="Create List" owner="BuiltIn">
<msg time="2024-07-14T16:29:25.418518" level="INFO">${allowed_titles} = ['Mr', 'Ms', 'Miss', 'Mrs', 'Madame', 'Monsieur']</msg>
<var>${allowed_titles}</var>
<arg>Mr</arg>
<arg>Ms</arg>
<arg>Miss</arg>
<arg>Mrs</arg>
<arg>Madame</arg>
<arg>Monsieur</arg>
<doc>Returns a list containing given items.</doc>
<status status="PASS" start="2024-07-14T16:29:25.418369" elapsed="0.000174"/>
</kw>
<kw name="List Should Contain Value" owner="Collections">
<arg>${allowed_titles}</arg>
<arg>${name_title}</arg>
<doc>Fails if the ``value`` is not found from ``list``.</doc>
<status status="PASS" start="2024-07-14T16:29:25.418838" elapsed="0.000174"/>
</kw>
<kw name="Set Variable" owner="BuiltIn">
<msg time="2024-07-14T16:29:25.419551" level="INFO">${name_country} = IE</msg>
<var>${name_country}</var>
<arg>${json_data["results"][0]["nat"]}</arg>
<doc>Returns the given values which can then be assigned to a variables.</doc>
<status status="PASS" start="2024-07-14T16:29:25.419188" elapsed="0.000387"/>
</kw>
<kw name="Create List" owner="BuiltIn">
<msg time="2024-07-14T16:29:25.420501" level="INFO">${list_country} = ['AD', 'AE', 'AF', 'AG', 'AI', 'AL', 'AM', 'AO', 'AQ', 'AR', 'AS', 'AT', 'AU', 'AW', 'AX', 'AZ', 'BA', 'BB', 'BD', 'BE', 'BF', 'BG', 'BH', 'BI', 'BJ', 'BL', 'BM', 'BN', 'BO', 'BQ', 'BR', 'BS', 'BT', '...</msg>
<var>${list_country}</var>
<arg>AD</arg>
<arg>AE</arg>
<arg>AF</arg>
<arg>AG</arg>
<arg>AI</arg>
<arg>AL</arg>
<arg>AM</arg>
<arg>AO</arg>
<arg>AQ</arg>
<arg>AR</arg>
<arg>AS</arg>
<arg>AT</arg>
<arg>AU</arg>
<arg>AW</arg>
<arg>AX</arg>
<arg>AZ</arg>
<arg>BA</arg>
<arg>BB</arg>
<arg>BD</arg>
<arg>BE</arg>
<arg>BF</arg>
<arg>BG</arg>
<arg>BH</arg>
<arg>BI</arg>
<arg>BJ</arg>
<arg>BL</arg>
<arg>BM</arg>
<arg>BN</arg>
<arg>BO</arg>
<arg>BQ</arg>
<arg>BR</arg>
<arg>BS</arg>
<arg>BT</arg>
<arg>BV</arg>
<arg>BW</arg>
<arg>BY</arg>
<arg>BZ</arg>
<arg>CA</arg>
<arg>CC</arg>
<arg>CD</arg>
<arg>CF</arg>
<arg>CG</arg>
<arg>CH</arg>
<arg>CI</arg>
<arg>CK</arg>
<arg>CL</arg>
<arg>CM</arg>
<arg>CN</arg>
<arg>CO</arg>
<arg>CR</arg>
<arg>CU</arg>
<arg>CV</arg>
<arg>CW</arg>
<arg>CX</arg>
<arg>CY</arg>
<arg>CZ</arg>
<arg>DE</arg>
<arg>DJ</arg>
<arg>DK</arg>
<arg>DM</arg>
<arg>DO</arg>
<arg>DZ</arg>
<arg>EC</arg>
<arg>EE</arg>
<arg>EG</arg>
<arg>EH</arg>
<arg>ER</arg>
<arg>ES</arg>
<arg>ET</arg>
<arg>FI</arg>
<arg>FJ</arg>
<arg>FK</arg>
<arg>FM</arg>
<arg>FO</arg>
<arg>FR</arg>
<arg>GA</arg>
<arg>GB</arg>
<arg>GD</arg>
<arg>GE</arg>
<arg>GF</arg>
<arg>GG</arg>
<arg>GH</arg>
<arg>GI</arg>
<arg>GL</arg>
<arg>GM</arg>
<arg>GN</arg>
<arg>GP</arg>
<arg>GQ</arg>
<arg>GR</arg>
<arg>GS</arg>
<arg>GT</arg>
<arg>GU</arg>
<arg>GW</arg>
<arg>GY</arg>
<arg>HK</arg>
<arg>HM</arg>
<arg>HN</arg>
<arg>HR</arg>
<arg>HT</arg>
<arg>HU</arg>
<arg>ID</arg>
<arg>IE</arg>
<arg>IL</arg>
<arg>IM</arg>
<arg>IN</arg>
<arg>IO</arg>
<arg>IQ</arg>
<arg>IR</arg>
<arg>IS</arg>
<arg>IT</arg>
<arg>JE</arg>
<arg>JM</arg>
<arg>JO</arg>
<arg>JP</arg>
<arg>KE</arg>
<arg>KG</arg>
<arg>KH</arg>
<arg>KI</arg>
<arg>KM</arg>
<arg>KN</arg>
<arg>KP</arg>
<arg>KR</arg>
<arg>KW</arg>
<arg>KY</arg>
<arg>KZ</arg>
<arg>LA</arg>
<arg>LB</arg>
<arg>LC</arg>
<arg>LI</arg>
<arg>LK</arg>
<arg>LR</arg>
<arg>LS</arg>
<arg>LT</arg>
<arg>LU</arg>
<arg>LV</arg>
<arg>LY</arg>
<arg>MA</arg>
<arg>MC</arg>
<arg>MD</arg>
<arg>ME</arg>
<arg>MF</arg>
<arg>MG</arg>
<arg>MH</arg>
<arg>MK</arg>
<arg>ML</arg>
<arg>MM</arg>
<arg>MN</arg>
<arg>MO</arg>
<arg>MP</arg>
<arg>MQ</arg>
<arg>MR</arg>
<arg>MS</arg>
<arg>MT</arg>
<arg>MU</arg>
<arg>MV</arg>
<arg>MW</arg>
<arg>MX</arg>
<arg>MY</arg>
<arg>MZ</arg>
<arg>NA</arg>
<arg>NC</arg>
<arg>NE</arg>
<arg>NF</arg>
<arg>NG</arg>
<arg>NI</arg>
<arg>NL</arg>
<arg>NO</arg>
<arg>NP</arg>
<arg>NR</arg>
<arg>NU</arg>
<arg>NZ</arg>
<arg>OM</arg>
<arg>PA</arg>
<arg>PE</arg>
<arg>PF</arg>
<arg>PG</arg>
<arg>PH</arg>
<arg>PK</arg>
<arg>PL</arg>
<arg>PM</arg>
<arg>PN</arg>
<arg>PR</arg>
<arg>PS</arg>
<arg>PT</arg>
<arg>PW</arg>
<arg>PY</arg>
<arg>QA</arg>
<arg>RE</arg>
<arg>RO</arg>
<arg>RS</arg>
<arg>RU</arg>
<arg>RW</arg>
<arg>SA</arg>
<arg>SB</arg>
<arg>SC</arg>
<arg>SD</arg>
<arg>SE</arg>
<arg>SG</arg>
<arg>SH</arg>
<arg>SI</arg>
<arg>SJ</arg>
<arg>SK</arg>
<arg>SL</arg>
<arg>SM</arg>
<arg>SN</arg>
<arg>SO</arg>
<arg>SR</arg>
<arg>SS</arg>
<arg>ST</arg>
<arg>SV</arg>
<arg>SX</arg>
<arg>SY</arg>
<arg>SZ</arg>
<arg>TC</arg>
<arg>TD</arg>
<arg>TF</arg>
<arg>TG</arg>
<arg>TH</arg>
<arg>TJ</arg>
<arg>TK</arg>
<arg>TL</arg>
<arg>TM</arg>
<arg>TN</arg>
<arg>TO</arg>
<arg>TR</arg>
<arg>TT</arg>
<arg>TV</arg>
<arg>TW</arg>
<arg>TZ</arg>
<arg>UA</arg>
<arg>UG</arg>
<arg>UM</arg>
<arg>US</arg>
<arg>UY</arg>
<arg>UZ</arg>
<arg>VA</arg>
<arg>VC</arg>
<arg>VE</arg>
<arg>VG</arg>
<arg>VI</arg>
<arg>VN</arg>
<arg>VU</arg>
<arg>WF</arg>
<arg>WS</arg>
<arg>XK</arg>
<arg>YE</arg>
<arg>YT</arg>
<arg>ZA</arg>
<arg>ZM</arg>
<arg>ZW</arg>
<doc>Returns a list containing given items.</doc>
<status status="PASS" start="2024-07-14T16:29:25.419911" elapsed="0.000616"/>
</kw>
<kw name="List Should Contain Value" owner="Collections">
<arg>${list_country}</arg>
<arg>${name_country}</arg>
<doc>Fails if the ``value`` is not found from ``list``.</doc>
<status status="PASS" start="2024-07-14T16:29:25.421314" elapsed="0.000201"/>
</kw>
<kw name="Run Keyword If" owner="BuiltIn">
<kw name="Should Be True" owner="BuiltIn">
<arg>${True}</arg>
<doc>Fails if the given condition is not true.</doc>
<status status="PASS" start="2024-07-14T16:29:25.422453" elapsed="0.000140"/>
</kw>
<arg>${json_data["results"][0]["location"]["coordinates"]["latitude"]} &gt;= -90 and ${json_data["results"][0]["location"]["coordinates"]["latitude"]} &lt;= 90</arg>
<arg>Should Be True</arg>
<arg>${True}</arg>
<doc>Runs the given keyword with the given arguments, if ``condition`` is true.</doc>
<status status="PASS" start="2024-07-14T16:29:25.421721" elapsed="0.000997"/>
</kw>
<kw name="Run Keyword If" owner="BuiltIn">
<kw name="Should Be True" owner="BuiltIn">
<arg>${True}</arg>
<doc>Fails if the given condition is not true.</doc>
<status status="PASS" start="2024-07-14T16:29:25.423579" elapsed="0.000155"/>
</kw>
<arg>${json_data["results"][0]["location"]["coordinates"]["longitude"]} &gt;= -180 and ${json_data["results"][0]["location"]["coordinates"]["longitude"]} &lt;= 180</arg>
<arg>Should Be True</arg>
<arg>${True}</arg>
<doc>Runs the given keyword with the given arguments, if ``condition`` is true.</doc>
<status status="PASS" start="2024-07-14T16:29:25.422897" elapsed="0.000966"/>
</kw>
<status status="PASS" start="2024-07-14T16:29:25.293652" elapsed="0.130340"/>
</kw>
<doc>Testa o conteúdo específico dos campos retornados pela API.</doc>
<tag>testeConteudo</tag>
<status status="PASS" start="2024-07-14T16:29:25.293227" elapsed="0.130912"/>
</test>
<status status="PASS" start="2024-07-14T16:29:24.442770" elapsed="0.983257"/>
</suite>
<status status="PASS" start="2024-07-14T16:29:24.428293" elapsed="1.002822"/>
</suite>
<statistics>
<total>
<stat pass="5" fail="0" skip="0">All Tests</stat>
</total>
<tag>
<stat pass="1" fail="0" skip="0">testeConteudo</stat>
<stat pass="1" fail="0" skip="0">testeEstruturaResposta</stat>
<stat pass="1" fail="0" skip="0">testeRequisicaoBasica</stat>
<stat pass="1" fail="0" skip="0">testeTiposDados</stat>
</tag>
<suite>
<stat pass="5" fail="0" skip="0" id="s1" name="Tests">Tests</stat>
<stat pass="5" fail="0" skip="0" id="s1-s1" name="Random-User-Test">Tests.Random-User-Test</stat>
</suite>
</statistics>
<errors>
</errors>
</robot>
