<?xml version="1.0" encoding="UTF-8"?>
<robot generator="Robot 7.0.1 (Python 3.12.4 on linux)" generated="2024-07-23T17:13:46.569267" rpa="false" schemaversion="5">
<suite id="s1" name="Tests" source="/home/runner/work/ApiRandomUser/ApiRandomUser/RamdonUser/tests">
<suite id="s1-s1" name="Random-User-Test" source="/home/runner/work/ApiRandomUser/ApiRandomUser/RamdonUser/tests/random-user-test.robot">
<test id="s1-s1-t1" name="Conectar" line="13">
<kw name="Conectar API" owner="random-user-service">
<kw name="Create Session" owner="RequestsLibrary">
<msg time="2024-07-23T17:13:46.973613" level="INFO">Creating Session using : alias=consultarAPI, url=https://randomuser.me/, headers={},                     cookies={}, auth=None, timeout=None, proxies=None, verify=False,                     debug=0 </msg>
<arg>consultarAPI</arg>
<arg>${URL}</arg>
<doc>Create Session: create a HTTP session to a server</doc>
<status status="PASS" start="2024-07-23T17:13:46.973410" elapsed="0.000396"/>
</kw>
<status status="PASS" start="2024-07-23T17:13:46.972345" elapsed="0.001824"/>
</kw>
<status status="PASS" start="2024-07-23T17:13:46.971798" elapsed="0.002586"/>
</test>
<test id="s1-s1-t2" name="Validar retorno 200 e JSON Válido" line="16">
<kw name="Teste de Requisicao Basica" owner="random-user-service">
<kw name="GET On Session" owner="RequestsLibrary">
<msg time="2024-07-23T17:13:47.402436" level="INFO">GET Request : url=https://randomuser.me/api 
 path_url=/api 
 headers={'User-Agent': 'python-requests/2.32.3', 'Accept-Encoding': 'gzip, deflate', 'Accept': '*/*', 'Connection': 'keep-alive'} 
 body=None 
 </msg>
<msg time="2024-07-23T17:13:47.402613" level="INFO">GET Response : url=https://randomuser.me/api 
 status=200, reason=OK 
 headers={'Date': 'Tue, 23 Jul 2024 17:13:47 GMT', 'Content-Type': 'application/json; charset=utf-8', 'Transfer-Encoding': 'chunked', 'Connection': 'keep-alive', 'X-Powered-By': 'Express', 'Access-Control-Allow-Origin': '*', 'Cache-Control': 'no-cache', 'ETag': 'W/"48f-/JY4R8Bmm1dxYlvqYJhw8pZ4yu0"', 'Vary': 'Accept-Encoding', 'Content-Encoding': 'gzip', 'CF-Cache-Status': 'DYNAMIC', 'Report-To': '{"endpoints":[{"url":"https:\\/\\/a.nel.cloudflare.com\\/report\\/v4?s=QebFKezquYYh2mVwsWRlBW509tZb25qTOC4lbHzjit1mCdvfAuFO%2BbrNdV%2FRA2%2FXwPhwh29n6WD5WlF6QQQ8R1gr6Arn7Ynt4hwfFUR%2FoNhnwea%2FCn7XudUo8wPHlHp5"}],"group":"cf-nel","max_age":604800}', 'NEL': '{"success_fraction":0,"report_to":"cf-nel","max_age":604800}', 'Server': 'cloudflare', 'CF-RAY': '8a7d4d95d915e269-ORD', 'alt-svc': 'h3=":443"; ma=86400'} 
 body={"results":[{"gender":"male","name":{"title":"Mr","first":"Jayden","last":"West"},"location":{"street":{"number":9238,"name":"Poplar Dr"},"city":"Sunshine Coast","state":"Tasmania","country":"Australia","postcode":5415,"coordinates":{"latitude":"-86.9696","longitude":"-165.0564"},"timezone":{"offset":"+10:00","description":"Eastern Australia, Guam, Vladivostok"}},"email":"jayden.west@example.com","login":{"uuid":"7ffeaca2-bece-46e1-beda-eb026efc7619","username":"ticklishmouse929","password":"tyson","salt":"T5V3A5g0","md5":"368df0714b2eb9f0b163fffba445d365","sha1":"4e5eea7fb278c245ae3f4f286531667167ef2853","sha256":"a9fd110fd6fc1cfcd291e27e64f6866d43a437f83a60af6f90a85c86d4478fe5"},"dob":{"date":"1984-06-19T21:33:43.570Z","age":40},"registered":{"date":"2002-07-18T04:33:54.296Z","age":22},"phone":"03-9974-4054","cell":"0407-127-382","id":{"name":"TFN","value":"166401850"},"picture":{"large":"https://randomuser.me/api/portraits/men/18.jpg","medium":"https://randomuser.me/api/portraits/med/men/18.jpg","thumbnail":"https://randomuser.me/api/portraits/thumb/men/18.jpg"},"nat":"AU"}],"info":{"seed":"7ea82a14c1380015","results":1,"page":1,"version":"1.4"}} 
 </msg>
<msg time="2024-07-23T17:13:47.402705" level="INFO">/opt/hostedtoolcache/Python/3.12.4/x64/lib/python3.12/site-packages/urllib3/connectionpool.py:1099: InsecureRequestWarning: Unverified HTTPS request is being made to host 'randomuser.me'. Adding certificate verification is strongly advised. See: https://urllib3.readthedocs.io/en/latest/advanced-usage.html#tls-warnings
  warnings.warn(</msg>
<msg time="2024-07-23T17:13:47.402867" level="INFO">${response} = &lt;Response [200]&gt;</msg>
<var>${response}</var>
<arg>consultarAPI</arg>
<arg>/api</arg>
<doc>Sends a GET request on a previously created HTTP Session.</doc>
<status status="PASS" start="2024-07-23T17:13:46.976996" elapsed="0.425916"/>
</kw>
<kw name="Should Be Equal As Numbers" owner="BuiltIn">
<msg time="2024-07-23T17:13:47.403920" level="INFO">Argument types are:
&lt;class 'int'&gt;
&lt;class 'str'&gt;</msg>
<arg>${response.status_code}</arg>
<arg>200</arg>
<doc>Fails if objects are unequal after converting them to real numbers.</doc>
<status status="PASS" start="2024-07-23T17:13:47.403445" elapsed="0.000540"/>
</kw>
<kw name="Log" owner="BuiltIn">
<msg time="2024-07-23T17:13:47.404653" level="INFO">200</msg>
<arg>${response.status_code}</arg>
<doc>Logs the given message with the given level.</doc>
<status status="PASS" start="2024-07-23T17:13:47.404307" elapsed="0.000389"/>
</kw>
<kw name="Set Variable" owner="BuiltIn">
<msg time="2024-07-23T17:13:47.405437" level="INFO">${json_data} = {'results': [{'gender': 'male', 'name': {'title': 'Mr', 'first': 'Jayden', 'last': 'West'}, 'location': {'street': {'number': 9238, 'name': 'Poplar Dr'}, 'city': 'Sunshine Coast', 'state': 'Tasmania',...</msg>
<var>${json_data}</var>
<arg>${response.json()}</arg>
<doc>Returns the given values which can then be assigned to a variables.</doc>
<status status="PASS" start="2024-07-23T17:13:47.405001" elapsed="0.000464"/>
</kw>
<kw name="Dictionary Should Contain Key" owner="Collections">
<arg>${json_data}</arg>
<arg>results</arg>
<doc>Fails if ``key`` is not found from ``dictionary``.</doc>
<status status="PASS" start="2024-07-23T17:13:47.405810" elapsed="0.000346"/>
</kw>
<status status="PASS" start="2024-07-23T17:13:46.976752" elapsed="0.429591"/>
</kw>
<doc>Testa se a API responde corretamente e retorna um objeto JSON válido.</doc>
<tag>testeRequisicaoBasica</tag>
<status status="PASS" start="2024-07-23T17:13:46.976285" elapsed="0.430238"/>
</test>
<test id="s1-s1-t3" name="Validar estrutura de resposta" line="22">
<kw name="Teste de Estrutura de Resposta" owner="random-user-service">
<kw name="GET On Session" owner="RequestsLibrary">
<msg time="2024-07-23T17:13:47.481389" level="INFO">GET Request : url=https://randomuser.me/api 
 path_url=/api 
 headers={'User-Agent': 'python-requests/2.32.3', 'Accept-Encoding': 'gzip, deflate', 'Accept': '*/*', 'Connection': 'keep-alive'} 
 body=None 
 </msg>
<msg time="2024-07-23T17:13:47.481505" level="INFO">GET Response : url=https://randomuser.me/api 
 status=200, reason=OK 
 headers={'Date': 'Tue, 23 Jul 2024 17:13:47 GMT', 'Content-Type': 'application/json; charset=utf-8', 'Transfer-Encoding': 'chunked', 'Connection': 'keep-alive', 'X-Powered-By': 'Express', 'Access-Control-Allow-Origin': '*', 'Cache-Control': 'no-cache', 'ETag': 'W/"499-exaYnUO6Ga6J0GmLJTZs2YEa+Wg"', 'Vary': 'Accept-Encoding', 'Content-Encoding': 'gzip', 'CF-Cache-Status': 'DYNAMIC', 'Report-To': '{"endpoints":[{"url":"https:\\/\\/a.nel.cloudflare.com\\/report\\/v4?s=NF%2FGjLqE0VaxoleDuxVa6W%2B9uKgRM2zOWBkjHl6ZC6jH3hdZKytnfxlkDP7w3OSQjopeU%2B4YMuzhKGBw%2BUwGafO3hksr9WkJvbvYqaiqX8OVr8vw%2BVjKQblMRX%2FVKTmT"}],"group":"cf-nel","max_age":604800}', 'NEL': '{"success_fraction":0,"report_to":"cf-nel","max_age":604800}', 'Server': 'cloudflare', 'CF-RAY': '8a7d4d975b09e269-ORD', 'alt-svc': 'h3=":443"; ma=86400'} 
 body={"results":[{"gender":"female","name":{"title":"Miss","first":"Pramila","last":"Shroff"},"location":{"street":{"number":8072,"name":"Lamington Rd"},"city":"Kadapa","state":"Maharashtra","country":"India","postcode":39856,"coordinates":{"latitude":"11.3805","longitude":"172.9922"},"timezone":{"offset":"+9:00","description":"Tokyo, Seoul, Osaka, Sapporo, Yakutsk"}},"email":"pramila.shroff@example.com","login":{"uuid":"8e2ec679-5ac1-4a2d-978d-2af7582023f7","username":"ticklishcat685","password":"katrina","salt":"PWgNi2eE","md5":"f886e7fed5635953ed70760f9fd26bf7","sha1":"33d4dbff93eab7b485aa5a02d70f82b375dbb0e4","sha256":"b5222af77ff2cfd8956ea281a9270831ff611349dfc9fd6fac57964bd9195033"},"dob":{"date":"2001-03-15T16:44:13.697Z","age":23},"registered":{"date":"2011-06-26T00:58:50.268Z","age":13},"phone":"8101294938","cell":"7211254025","id":{"name":"UIDAI","value":"369757095248"},"picture":{"large":"https://randomuser.me/api/portraits/women/32.jpg","medium":"https://randomuser.me/api/portraits/med/women/32.jpg","thumbnail":"https://randomuser.me/api/portraits/thumb/women/32.jpg"},"nat":"IN"}],"info":{"seed":"1a2e44caf617232d","results":1,"page":1,"version":"1.4"}} 
 </msg>
<msg time="2024-07-23T17:13:47.481664" level="INFO">/opt/hostedtoolcache/Python/3.12.4/x64/lib/python3.12/site-packages/urllib3/connectionpool.py:1099: InsecureRequestWarning: Unverified HTTPS request is being made to host 'randomuser.me'. Adding certificate verification is strongly advised. See: https://urllib3.readthedocs.io/en/latest/advanced-usage.html#tls-warnings
  warnings.warn(</msg>
<msg time="2024-07-23T17:13:47.481836" level="INFO">${response} = &lt;Response [200]&gt;</msg>
<var>${response}</var>
<arg>consultarAPI</arg>
<arg>/api</arg>
<doc>Sends a GET request on a previously created HTTP Session.</doc>
<status status="PASS" start="2024-07-23T17:13:47.409093" elapsed="0.072798"/>
</kw>
<kw name="Set Variable" owner="BuiltIn">
<msg time="2024-07-23T17:13:47.482934" level="INFO">${json_data} = {'results': [{'gender': 'female', 'name': {'title': 'Miss', 'first': 'Pramila', 'last': 'Shroff'}, 'location': {'street': {'number': 8072, 'name': 'Lamington Rd'}, 'city': 'Kadapa', 'state': 'Maharash...</msg>
<var>${json_data}</var>
<arg>${response.json()}</arg>
<doc>Returns the given values which can then be assigned to a variables.</doc>
<status status="PASS" start="2024-07-23T17:13:47.482419" elapsed="0.000545"/>
</kw>
<kw name="Log" owner="BuiltIn">
<msg time="2024-07-23T17:13:47.483442" level="INFO">{'results': [{'gender': 'female', 'name': {'title': 'Miss', 'first': 'Pramila', 'last': 'Shroff'}, 'location': {'street': {'number': 8072, 'name': 'Lamington Rd'}, 'city': 'Kadapa', 'state': 'Maharashtra', 'country': 'India', 'postcode': 39856, 'coordinates': {'latitude': '11.3805', 'longitude': '172.9922'}, 'timezone': {'offset': '+9:00', 'description': 'Tokyo, Seoul, Osaka, Sapporo, Yakutsk'}}, 'email': 'pramila.shroff@example.com', 'login': {'uuid': '8e2ec679-5ac1-4a2d-978d-2af7582023f7', 'username': 'ticklishcat685', 'password': 'katrina', 'salt': 'PWgNi2eE', 'md5': 'f886e7fed5635953ed70760f9fd26bf7', 'sha1': '33d4dbff93eab7b485aa5a02d70f82b375dbb0e4', 'sha256': 'b5222af77ff2cfd8956ea281a9270831ff611349dfc9fd6fac57964bd9195033'}, 'dob': {'date': '2001-03-15T16:44:13.697Z', 'age': 23}, 'registered': {'date': '2011-06-26T00:58:50.268Z', 'age': 13}, 'phone': '8101294938', 'cell': '7211254025', 'id': {'name': 'UIDAI', 'value': '369757095248'}, 'picture': {'large': 'https://randomuser.me/api/portraits/women/32.jpg', 'medium': 'https://randomuser.me/api/portraits/med/women/32.jpg', 'thumbnail': 'https://randomuser.me/api/portraits/thumb/women/32.jpg'}, 'nat': 'IN'}], 'info': {'seed': '1a2e44caf617232d', 'results': 1, 'page': 1, 'version': '1.4'}}</msg>
<arg>${json_data}</arg>
<doc>Logs the given message with the given level.</doc>
<status status="PASS" start="2024-07-23T17:13:47.483277" elapsed="0.000213"/>
</kw>
<kw name="Dictionary Should Contain Key" owner="Collections">
<arg>${json_data}</arg>
<arg>results</arg>
<doc>Fails if ``key`` is not found from ``dictionary``.</doc>
<status status="PASS" start="2024-07-23T17:13:47.483784" elapsed="0.000175"/>
</kw>
<kw name="Should Not Be Empty" owner="BuiltIn">
<msg time="2024-07-23T17:13:47.484310" level="INFO">Length is 2.</msg>
<arg>${json_data}</arg>
<doc>Verifies that the given item is not empty.</doc>
<status status="PASS" start="2024-07-23T17:13:47.484168" elapsed="0.000180"/>
</kw>
<kw name="Create List" owner="BuiltIn">
<msg time="2024-07-23T17:13:47.484788" level="INFO">${expected_keys} = ['gender', 'name', 'location', 'email', 'login']</msg>
<var>${expected_keys}</var>
<arg>gender</arg>
<arg>name</arg>
<arg>location</arg>
<arg>email</arg>
<arg>login</arg>
<doc>Returns a list containing given items.</doc>
<status status="PASS" start="2024-07-23T17:13:47.484637" elapsed="0.000175"/>
</kw>
<for flavor="IN">
<iter>
<kw name="Dictionary Should Contain Key" owner="Collections">
<arg>${json_data['results'][0]}</arg>
<arg>${key}</arg>
<doc>Fails if ``key`` is not found from ``dictionary``.</doc>
<status status="PASS" start="2024-07-23T17:13:47.485401" elapsed="0.000401"/>
</kw>
<kw name="Log" owner="BuiltIn">
<msg time="2024-07-23T17:13:47.486386" level="INFO">{'gender': 'female', 'name': {'title': 'Miss', 'first': 'Pramila', 'last': 'Shroff'}, 'location': {'street': {'number': 8072, 'name': 'Lamington Rd'}, 'city': 'Kadapa', 'state': 'Maharashtra', 'country': 'India', 'postcode': 39856, 'coordinates': {'latitude': '11.3805', 'longitude': '172.9922'}, 'timezone': {'offset': '+9:00', 'description': 'Tokyo, Seoul, Osaka, Sapporo, Yakutsk'}}, 'email': 'pramila.shroff@example.com', 'login': {'uuid': '8e2ec679-5ac1-4a2d-978d-2af7582023f7', 'username': 'ticklishcat685', 'password': 'katrina', 'salt': 'PWgNi2eE', 'md5': 'f886e7fed5635953ed70760f9fd26bf7', 'sha1': '33d4dbff93eab7b485aa5a02d70f82b375dbb0e4', 'sha256': 'b5222af77ff2cfd8956ea281a9270831ff611349dfc9fd6fac57964bd9195033'}, 'dob': {'date': '2001-03-15T16:44:13.697Z', 'age': 23}, 'registered': {'date': '2011-06-26T00:58:50.268Z', 'age': 13}, 'phone': '8101294938', 'cell': '7211254025', 'id': {'name': 'UIDAI', 'value': '369757095248'}, 'picture': {'large': 'https://randomuser.me/api/portraits/women/32.jpg', 'medium': 'https://randomuser.me/api/portraits/med/women/32.jpg', 'thumbnail': 'https://randomuser.me/api/portraits/thumb/women/32.jpg'}, 'nat': 'IN'}</msg>
<arg>${json_data['results'][0]}</arg>
<doc>Logs the given message with the given level.</doc>
<status status="PASS" start="2024-07-23T17:13:47.485993" elapsed="0.000442"/>
</kw>
<kw name="Log" owner="BuiltIn">
<msg time="2024-07-23T17:13:47.486862" level="INFO">gender</msg>
<arg>${key}</arg>
<doc>Logs the given message with the given level.</doc>
<status status="PASS" start="2024-07-23T17:13:47.486734" elapsed="0.000166"/>
</kw>
<var name="${key}">gender</var>
<status status="PASS" start="2024-07-23T17:13:47.485273" elapsed="0.001844"/>
</iter>
<iter>
<kw name="Dictionary Should Contain Key" owner="Collections">
<arg>${json_data['results'][0]}</arg>
<arg>${key}</arg>
<doc>Fails if ``key`` is not found from ``dictionary``.</doc>
<status status="PASS" start="2024-07-23T17:13:47.487415" elapsed="0.000384"/>
</kw>
<kw name="Log" owner="BuiltIn">
<msg time="2024-07-23T17:13:47.488331" level="INFO">{'gender': 'female', 'name': {'title': 'Miss', 'first': 'Pramila', 'last': 'Shroff'}, 'location': {'street': {'number': 8072, 'name': 'Lamington Rd'}, 'city': 'Kadapa', 'state': 'Maharashtra', 'country': 'India', 'postcode': 39856, 'coordinates': {'latitude': '11.3805', 'longitude': '172.9922'}, 'timezone': {'offset': '+9:00', 'description': 'Tokyo, Seoul, Osaka, Sapporo, Yakutsk'}}, 'email': 'pramila.shroff@example.com', 'login': {'uuid': '8e2ec679-5ac1-4a2d-978d-2af7582023f7', 'username': 'ticklishcat685', 'password': 'katrina', 'salt': 'PWgNi2eE', 'md5': 'f886e7fed5635953ed70760f9fd26bf7', 'sha1': '33d4dbff93eab7b485aa5a02d70f82b375dbb0e4', 'sha256': 'b5222af77ff2cfd8956ea281a9270831ff611349dfc9fd6fac57964bd9195033'}, 'dob': {'date': '2001-03-15T16:44:13.697Z', 'age': 23}, 'registered': {'date': '2011-06-26T00:58:50.268Z', 'age': 13}, 'phone': '8101294938', 'cell': '7211254025', 'id': {'name': 'UIDAI', 'value': '369757095248'}, 'picture': {'large': 'https://randomuser.me/api/portraits/women/32.jpg', 'medium': 'https://randomuser.me/api/portraits/med/women/32.jpg', 'thumbnail': 'https://randomuser.me/api/portraits/thumb/women/32.jpg'}, 'nat': 'IN'}</msg>
<arg>${json_data['results'][0]}</arg>
<doc>Logs the given message with the given level.</doc>
<status status="PASS" start="2024-07-23T17:13:47.487982" elapsed="0.000430"/>
</kw>
<kw name="Log" owner="BuiltIn">
<msg time="2024-07-23T17:13:47.488839" level="INFO">name</msg>
<arg>${key}</arg>
<doc>Logs the given message with the given level.</doc>
<status status="PASS" start="2024-07-23T17:13:47.488711" elapsed="0.000166"/>
</kw>
<var name="${key}">name</var>
<status status="PASS" start="2024-07-23T17:13:47.487303" elapsed="0.001790"/>
</iter>
<iter>
<kw name="Dictionary Should Contain Key" owner="Collections">
<arg>${json_data['results'][0]}</arg>
<arg>${key}</arg>
<doc>Fails if ``key`` is not found from ``dictionary``.</doc>
<status status="PASS" start="2024-07-23T17:13:47.489379" elapsed="0.000386"/>
</kw>
<kw name="Log" owner="BuiltIn">
<msg time="2024-07-23T17:13:47.490337" level="INFO">{'gender': 'female', 'name': {'title': 'Miss', 'first': 'Pramila', 'last': 'Shroff'}, 'location': {'street': {'number': 8072, 'name': 'Lamington Rd'}, 'city': 'Kadapa', 'state': 'Maharashtra', 'country': 'India', 'postcode': 39856, 'coordinates': {'latitude': '11.3805', 'longitude': '172.9922'}, 'timezone': {'offset': '+9:00', 'description': 'Tokyo, Seoul, Osaka, Sapporo, Yakutsk'}}, 'email': 'pramila.shroff@example.com', 'login': {'uuid': '8e2ec679-5ac1-4a2d-978d-2af7582023f7', 'username': 'ticklishcat685', 'password': 'katrina', 'salt': 'PWgNi2eE', 'md5': 'f886e7fed5635953ed70760f9fd26bf7', 'sha1': '33d4dbff93eab7b485aa5a02d70f82b375dbb0e4', 'sha256': 'b5222af77ff2cfd8956ea281a9270831ff611349dfc9fd6fac57964bd9195033'}, 'dob': {'date': '2001-03-15T16:44:13.697Z', 'age': 23}, 'registered': {'date': '2011-06-26T00:58:50.268Z', 'age': 13}, 'phone': '8101294938', 'cell': '7211254025', 'id': {'name': 'UIDAI', 'value': '369757095248'}, 'picture': {'large': 'https://randomuser.me/api/portraits/women/32.jpg', 'medium': 'https://randomuser.me/api/portraits/med/women/32.jpg', 'thumbnail': 'https://randomuser.me/api/portraits/thumb/women/32.jpg'}, 'nat': 'IN'}</msg>
<arg>${json_data['results'][0]}</arg>
<doc>Logs the given message with the given level.</doc>
<status status="PASS" start="2024-07-23T17:13:47.489956" elapsed="0.000429"/>
</kw>
<kw name="Log" owner="BuiltIn">
<msg time="2024-07-23T17:13:47.490818" level="INFO">location</msg>
<arg>${key}</arg>
<doc>Logs the given message with the given level.</doc>
<status status="PASS" start="2024-07-23T17:13:47.490685" elapsed="0.000173"/>
</kw>
<var name="${key}">location</var>
<status status="PASS" start="2024-07-23T17:13:47.489269" elapsed="0.001804"/>
</iter>
<iter>
<kw name="Dictionary Should Contain Key" owner="Collections">
<arg>${json_data['results'][0]}</arg>
<arg>${key}</arg>
<doc>Fails if ``key`` is not found from ``dictionary``.</doc>
<status status="PASS" start="2024-07-23T17:13:47.491352" elapsed="0.000376"/>
</kw>
<kw name="Log" owner="BuiltIn">
<msg time="2024-07-23T17:13:47.492420" level="INFO">{'gender': 'female', 'name': {'title': 'Miss', 'first': 'Pramila', 'last': 'Shroff'}, 'location': {'street': {'number': 8072, 'name': 'Lamington Rd'}, 'city': 'Kadapa', 'state': 'Maharashtra', 'country': 'India', 'postcode': 39856, 'coordinates': {'latitude': '11.3805', 'longitude': '172.9922'}, 'timezone': {'offset': '+9:00', 'description': 'Tokyo, Seoul, Osaka, Sapporo, Yakutsk'}}, 'email': 'pramila.shroff@example.com', 'login': {'uuid': '8e2ec679-5ac1-4a2d-978d-2af7582023f7', 'username': 'ticklishcat685', 'password': 'katrina', 'salt': 'PWgNi2eE', 'md5': 'f886e7fed5635953ed70760f9fd26bf7', 'sha1': '33d4dbff93eab7b485aa5a02d70f82b375dbb0e4', 'sha256': 'b5222af77ff2cfd8956ea281a9270831ff611349dfc9fd6fac57964bd9195033'}, 'dob': {'date': '2001-03-15T16:44:13.697Z', 'age': 23}, 'registered': {'date': '2011-06-26T00:58:50.268Z', 'age': 13}, 'phone': '8101294938', 'cell': '7211254025', 'id': {'name': 'UIDAI', 'value': '369757095248'}, 'picture': {'large': 'https://randomuser.me/api/portraits/women/32.jpg', 'medium': 'https://randomuser.me/api/portraits/med/women/32.jpg', 'thumbnail': 'https://randomuser.me/api/portraits/thumb/women/32.jpg'}, 'nat': 'IN'}</msg>
<arg>${json_data['results'][0]}</arg>
<doc>Logs the given message with the given level.</doc>
<status status="PASS" start="2024-07-23T17:13:47.492068" elapsed="0.000401"/>
</kw>
<kw name="Log" owner="BuiltIn">
<msg time="2024-07-23T17:13:47.492896" level="INFO">email</msg>
<arg>${key}</arg>
<doc>Logs the given message with the given level.</doc>
<status status="PASS" start="2024-07-23T17:13:47.492766" elapsed="0.000168"/>
</kw>
<var name="${key}">email</var>
<status status="PASS" start="2024-07-23T17:13:47.491244" elapsed="0.001906"/>
</iter>
<iter>
<kw name="Dictionary Should Contain Key" owner="Collections">
<arg>${json_data['results'][0]}</arg>
<arg>${key}</arg>
<doc>Fails if ``key`` is not found from ``dictionary``.</doc>
<status status="PASS" start="2024-07-23T17:13:47.493432" elapsed="0.000376"/>
</kw>
<kw name="Log" owner="BuiltIn">
<msg time="2024-07-23T17:13:47.494411" level="INFO">{'gender': 'female', 'name': {'title': 'Miss', 'first': 'Pramila', 'last': 'Shroff'}, 'location': {'street': {'number': 8072, 'name': 'Lamington Rd'}, 'city': 'Kadapa', 'state': 'Maharashtra', 'country': 'India', 'postcode': 39856, 'coordinates': {'latitude': '11.3805', 'longitude': '172.9922'}, 'timezone': {'offset': '+9:00', 'description': 'Tokyo, Seoul, Osaka, Sapporo, Yakutsk'}}, 'email': 'pramila.shroff@example.com', 'login': {'uuid': '8e2ec679-5ac1-4a2d-978d-2af7582023f7', 'username': 'ticklishcat685', 'password': 'katrina', 'salt': 'PWgNi2eE', 'md5': 'f886e7fed5635953ed70760f9fd26bf7', 'sha1': '33d4dbff93eab7b485aa5a02d70f82b375dbb0e4', 'sha256': 'b5222af77ff2cfd8956ea281a9270831ff611349dfc9fd6fac57964bd9195033'}, 'dob': {'date': '2001-03-15T16:44:13.697Z', 'age': 23}, 'registered': {'date': '2011-06-26T00:58:50.268Z', 'age': 13}, 'phone': '8101294938', 'cell': '7211254025', 'id': {'name': 'UIDAI', 'value': '369757095248'}, 'picture': {'large': 'https://randomuser.me/api/portraits/women/32.jpg', 'medium': 'https://randomuser.me/api/portraits/med/women/32.jpg', 'thumbnail': 'https://randomuser.me/api/portraits/thumb/women/32.jpg'}, 'nat': 'IN'}</msg>
<arg>${json_data['results'][0]}</arg>
<doc>Logs the given message with the given level.</doc>
<status status="PASS" start="2024-07-23T17:13:47.493999" elapsed="0.000462"/>
</kw>
<kw name="Log" owner="BuiltIn">
<msg time="2024-07-23T17:13:47.494890" level="INFO">login</msg>
<arg>${key}</arg>
<doc>Logs the given message with the given level.</doc>
<status status="PASS" start="2024-07-23T17:13:47.494760" elapsed="0.000167"/>
</kw>
<var name="${key}">login</var>
<status status="PASS" start="2024-07-23T17:13:47.493322" elapsed="0.001826"/>
</iter>
<var>${key}</var>
<value>@{expected_keys}</value>
<status status="PASS" start="2024-07-23T17:13:47.485080" elapsed="0.010188"/>
</for>
<kw name="Create List" owner="BuiltIn">
<msg time="2024-07-23T17:13:47.495628" level="INFO">${expected_keysTwo} = ['username', 'password']</msg>
<var>${expected_keysTwo}</var>
<arg>username</arg>
<arg>password</arg>
<doc>Returns a list containing given items.</doc>
<status status="PASS" start="2024-07-23T17:13:47.495458" elapsed="0.000195"/>
</kw>
<for flavor="IN">
<iter>
<kw name="Dictionary Should Contain Key" owner="Collections">
<arg>${json_data['results'][0]['login']}</arg>
<arg>${keyTwo}</arg>
<doc>Fails if ``key`` is not found from ``dictionary``.</doc>
<status status="PASS" start="2024-07-23T17:13:47.496153" elapsed="0.000381"/>
</kw>
<kw name="Dictionary Should Contain Key" owner="Collections">
<arg>${json_data['results'][0]['login']}</arg>
<arg>${keyTwo}</arg>
<doc>Fails if ``key`` is not found from ``dictionary``.</doc>
<status status="PASS" start="2024-07-23T17:13:47.496715" elapsed="0.000371"/>
</kw>
<kw name="Log" owner="BuiltIn">
<msg time="2024-07-23T17:13:47.497393" level="INFO">username</msg>
<arg>${keyTwo}</arg>
<doc>Logs the given message with the given level.</doc>
<status status="PASS" start="2024-07-23T17:13:47.497272" elapsed="0.000159"/>
</kw>
<var name="${keyTwo}">username</var>
<status status="PASS" start="2024-07-23T17:13:47.496044" elapsed="0.001607"/>
</iter>
<iter>
<kw name="Dictionary Should Contain Key" owner="Collections">
<arg>${json_data['results'][0]['login']}</arg>
<arg>${keyTwo}</arg>
<doc>Fails if ``key`` is not found from ``dictionary``.</doc>
<status status="PASS" start="2024-07-23T17:13:47.497941" elapsed="0.000413"/>
</kw>
<kw name="Dictionary Should Contain Key" owner="Collections">
<arg>${json_data['results'][0]['login']}</arg>
<arg>${keyTwo}</arg>
<doc>Fails if ``key`` is not found from ``dictionary``.</doc>
<status status="PASS" start="2024-07-23T17:13:47.498537" elapsed="0.000373"/>
</kw>
<kw name="Log" owner="BuiltIn">
<msg time="2024-07-23T17:13:47.499212" level="INFO">password</msg>
<arg>${keyTwo}</arg>
<doc>Logs the given message with the given level.</doc>
<status status="PASS" start="2024-07-23T17:13:47.499087" elapsed="0.000161"/>
</kw>
<var name="${keyTwo}">password</var>
<status status="PASS" start="2024-07-23T17:13:47.497825" elapsed="0.001643"/>
</iter>
<var>${keyTwo}</var>
<value>@{expected_keysTwo}</value>
<status status="PASS" start="2024-07-23T17:13:47.495893" elapsed="0.003696"/>
</for>
<status status="PASS" start="2024-07-23T17:13:47.408856" elapsed="0.090875"/>
</kw>
<doc>Testa a estrutura da resposta da API.</doc>
<tag>testeEstruturaResposta</tag>
<status status="PASS" start="2024-07-23T17:13:47.408361" elapsed="0.091529"/>
</test>
<test id="s1-s1-t4" name="Validar tipos de dados" line="28">
<kw name="Teste de Tipos de Dados" owner="random-user-service">
<kw name="GET On Session" owner="RequestsLibrary">
<msg time="2024-07-23T17:13:47.570813" level="INFO">GET Request : url=https://randomuser.me/api 
 path_url=/api 
 headers={'User-Agent': 'python-requests/2.32.3', 'Accept-Encoding': 'gzip, deflate', 'Accept': '*/*', 'Connection': 'keep-alive'} 
 body=None 
 </msg>
<msg time="2024-07-23T17:13:47.570925" level="INFO">GET Response : url=https://randomuser.me/api 
 status=200, reason=OK 
 headers={'Date': 'Tue, 23 Jul 2024 17:13:47 GMT', 'Content-Type': 'application/json; charset=utf-8', 'Transfer-Encoding': 'chunked', 'Connection': 'keep-alive', 'X-Powered-By': 'Express', 'Access-Control-Allow-Origin': '*', 'Cache-Control': 'no-cache', 'ETag': 'W/"486-5vZZXFZyOvpNZKtsCMY4oD6/k0g"', 'Vary': 'Accept-Encoding', 'Content-Encoding': 'gzip', 'CF-Cache-Status': 'DYNAMIC', 'Report-To': '{"endpoints":[{"url":"https:\\/\\/a.nel.cloudflare.com\\/report\\/v4?s=EvtDDqfnT92z2oZrS%2FXLOSH5JJ6N8QKiCrI39yGcOVwpK5Mvuc0m8vtTfWdhzcZgpDnJuwg8PJqdkfBmBGnULX3TTnE%2BrsVrFPoy8YCrfEXDOy8KedQlDodHnkBlgCzL"}],"group":"cf-nel","max_age":604800}', 'NEL': '{"success_fraction":0,"report_to":"cf-nel","max_age":604800}', 'Server': 'cloudflare', 'CF-RAY': '8a7d4d97eb98e269-ORD', 'alt-svc': 'h3=":443"; ma=86400'} 
 body={"results":[{"gender":"female","name":{"title":"Ms","first":"Nalan","last":"Hakyemez"},"location":{"street":{"number":8575,"name":"Kushimoto Sk"},"city":"Karaman","state":"Tokat","country":"Turkey","postcode":20111,"coordinates":{"latitude":"64.5931","longitude":"83.2402"},"timezone":{"offset":"+8:00","description":"Beijing, Perth, Singapore, Hong Kong"}},"email":"nalan.hakyemez@example.com","login":{"uuid":"b6ddd3db-14ec-428c-8513-fbeaf4786a0d","username":"brownwolf744","password":"abcdef","salt":"s4ViGXUt","md5":"f81eabd7d64e1def3876621945041208","sha1":"851ece11723e608205dd38b2dd1f45dd3ec1a8ef","sha256":"0ccf5802291a5c61bd405be79c5360f6603b35ba708f9ec1667c3c76543ec480"},"dob":{"date":"1997-05-25T01:43:30.640Z","age":27},"registered":{"date":"2015-07-14T06:16:06.905Z","age":9},"phone":"(245)-460-8790","cell":"(533)-335-6272","id":{"name":"","value":null},"picture":{"large":"https://randomuser.me/api/portraits/women/95.jpg","medium":"https://randomuser.me/api/portraits/med/women/95.jpg","thumbnail":"https://randomuser.me/api/portraits/thumb/women/95.jpg"},"nat":"TR"}],"info":{"seed":"386a1f760b65b6f2","results":1,"page":1,"version":"1.4"}} 
 </msg>
<msg time="2024-07-23T17:13:47.571005" level="INFO">/opt/hostedtoolcache/Python/3.12.4/x64/lib/python3.12/site-packages/urllib3/connectionpool.py:1099: InsecureRequestWarning: Unverified HTTPS request is being made to host 'randomuser.me'. Adding certificate verification is strongly advised. See: https://urllib3.readthedocs.io/en/latest/advanced-usage.html#tls-warnings
  warnings.warn(</msg>
<msg time="2024-07-23T17:13:47.571144" level="INFO">${response} = &lt;Response [200]&gt;</msg>
<var>${response}</var>
<arg>consultarAPI</arg>
<arg>/api</arg>
<doc>Sends a GET request on a previously created HTTP Session.</doc>
<status status="PASS" start="2024-07-23T17:13:47.502344" elapsed="0.068845"/>
</kw>
<kw name="Set Variable" owner="BuiltIn">
<msg time="2024-07-23T17:13:47.572217" level="INFO">${json_data} = {'results': [{'gender': 'female', 'name': {'title': 'Ms', 'first': 'Nalan', 'last': 'Hakyemez'}, 'location': {'street': {'number': 8575, 'name': 'Kushimoto Sk'}, 'city': 'Karaman', 'state': 'Tokat', '...</msg>
<var>${json_data}</var>
<arg>${response.json()}</arg>
<doc>Returns the given values which can then be assigned to a variables.</doc>
<status status="PASS" start="2024-07-23T17:13:47.571690" elapsed="0.000557"/>
</kw>
<kw name="Log" owner="BuiltIn">
<msg time="2024-07-23T17:13:47.572720" level="INFO">{'results': [{'gender': 'female', 'name': {'title': 'Ms', 'first': 'Nalan', 'last': 'Hakyemez'}, 'location': {'street': {'number': 8575, 'name': 'Kushimoto Sk'}, 'city': 'Karaman', 'state': 'Tokat', 'country': 'Turkey', 'postcode': 20111, 'coordinates': {'latitude': '64.5931', 'longitude': '83.2402'}, 'timezone': {'offset': '+8:00', 'description': 'Beijing, Perth, Singapore, Hong Kong'}}, 'email': 'nalan.hakyemez@example.com', 'login': {'uuid': 'b6ddd3db-14ec-428c-8513-fbeaf4786a0d', 'username': 'brownwolf744', 'password': 'abcdef', 'salt': 's4ViGXUt', 'md5': 'f81eabd7d64e1def3876621945041208', 'sha1': '851ece11723e608205dd38b2dd1f45dd3ec1a8ef', 'sha256': '0ccf5802291a5c61bd405be79c5360f6603b35ba708f9ec1667c3c76543ec480'}, 'dob': {'date': '1997-05-25T01:43:30.640Z', 'age': 27}, 'registered': {'date': '2015-07-14T06:16:06.905Z', 'age': 9}, 'phone': '(245)-460-8790', 'cell': '(533)-335-6272', 'id': {'name': '', 'value': None}, 'picture': {'large': 'https://randomuser.me/api/portraits/women/95.jpg', 'medium': 'https://randomuser.me/api/portraits/med/women/95.jpg', 'thumbnail': 'https://randomuser.me/api/portraits/thumb/women/95.jpg'}, 'nat': 'TR'}], 'info': {'seed': '386a1f760b65b6f2', 'results': 1, 'page': 1, 'version': '1.4'}}</msg>
<arg>${json_data}</arg>
<doc>Logs the given message with the given level.</doc>
<status status="PASS" start="2024-07-23T17:13:47.572562" elapsed="0.000208"/>
</kw>
<kw name="Should Be String" owner="String">
<arg>${json_data['results'][0]['gender']}</arg>
<doc>Fails if the given ``item`` is not a string.</doc>
<status status="PASS" start="2024-07-23T17:13:47.573067" elapsed="0.000373"/>
</kw>
<kw name="Should Match Regexp" owner="BuiltIn">
<arg>${json_data['results'][0]['email']}</arg>
<arg>^[a-zA-Z0-9._%+-]+@[a-zA-Z0-9.-]+\.[a-zA-Z]{2,}$</arg>
<doc>Fails if ``string`` does not match ``pattern`` as a regular expression.</doc>
<status status="PASS" start="2024-07-23T17:13:47.573634" elapsed="0.000535"/>
</kw>
<kw name="Should Match Regexp" owner="BuiltIn">
<arg>${json_data['results'][0]['dob']['date']}</arg>
<arg>\\d{4}-\\d{2}-\\d{2}T\\d{2}:\\d{2}:\\d{2}\\.\\d{3}Z</arg>
<doc>Fails if ``string`` does not match ``pattern`` as a regular expression.</doc>
<status status="PASS" start="2024-07-23T17:13:47.574448" elapsed="0.000654"/>
</kw>
<kw name="Should Match Regexp" owner="BuiltIn">
<arg>${json_data['results'][0]['registered']['date']}</arg>
<arg>\\d{4}-\\d{2}-\\d{2}T\\d{2}:\\d{2}:\\d{2}\\.\\d{3}Z</arg>
<doc>Fails if ``string`` does not match ``pattern`` as a regular expression.</doc>
<status status="PASS" start="2024-07-23T17:13:47.575300" elapsed="0.000379"/>
</kw>
<kw name="Should Match Regexp" owner="BuiltIn">
<arg>${json_data['results'][0]['picture']['large']}</arg>
<arg>^https?://.*\.(?:png|jpe?g|gif|bmp)$</arg>
<doc>Fails if ``string`` does not match ``pattern`` as a regular expression.</doc>
<status status="PASS" start="2024-07-23T17:13:47.575870" elapsed="0.000478"/>
</kw>
<kw name="Should Match Regexp" owner="BuiltIn">
<arg>${json_data['results'][0]['picture']['medium']}</arg>
<arg>^https?://.*\.(?:png|jpe?g|gif|bmp)$</arg>
<doc>Fails if ``string`` does not match ``pattern`` as a regular expression.</doc>
<status status="PASS" start="2024-07-23T17:13:47.576540" elapsed="0.000359"/>
</kw>
<kw name="Should Match Regexp" owner="BuiltIn">
<arg>${json_data['results'][0]['picture']['thumbnail']}</arg>
<arg>^https?://.*\.(?:png|jpe?g|gif|bmp)$</arg>
<doc>Fails if ``string`` does not match ``pattern`` as a regular expression.</doc>
<status status="PASS" start="2024-07-23T17:13:47.577085" elapsed="0.000352"/>
</kw>
<kw name="Log" owner="BuiltIn">
<msg time="2024-07-23T17:13:47.577940" level="INFO">{'large': 'https://randomuser.me/api/portraits/women/95.jpg', 'medium': 'https://randomuser.me/api/portraits/med/women/95.jpg', 'thumbnail': 'https://randomuser.me/api/portraits/thumb/women/95.jpg'}</msg>
<arg>${json_data['results'][0]['picture']}</arg>
<doc>Logs the given message with the given level.</doc>
<status status="PASS" start="2024-07-23T17:13:47.577616" elapsed="0.000368"/>
</kw>
<status status="PASS" start="2024-07-23T17:13:47.502101" elapsed="0.076166"/>
</kw>
<kw name="Teste de Tipos de Dados - Postcode" owner="random-user-service">
<kw name="GET On Session" owner="RequestsLibrary">
<msg time="2024-07-23T17:13:47.672300" level="INFO">GET Request : url=https://randomuser.me/api 
 path_url=/api 
 headers={'User-Agent': 'python-requests/2.32.3', 'Accept-Encoding': 'gzip, deflate', 'Accept': '*/*', 'Connection': 'keep-alive'} 
 body=None 
 </msg>
<msg time="2024-07-23T17:13:47.672438" level="INFO">GET Response : url=https://randomuser.me/api 
 status=200, reason=OK 
 headers={'Date': 'Tue, 23 Jul 2024 17:13:47 GMT', 'Content-Type': 'application/json; charset=utf-8', 'Transfer-Encoding': 'chunked', 'Connection': 'keep-alive', 'X-Powered-By': 'Express', 'Access-Control-Allow-Origin': '*', 'Cache-Control': 'no-cache', 'ETag': 'W/"484-op019cHUpy9nKS9Gu5tMXznwE7g"', 'Vary': 'Accept-Encoding', 'Content-Encoding': 'gzip', 'CF-Cache-Status': 'DYNAMIC', 'Report-To': '{"endpoints":[{"url":"https:\\/\\/a.nel.cloudflare.com\\/report\\/v4?s=VQze2EcetOI6E%2BaBFwt5bhtP%2F27mITb0oWMNWO%2BVk7ZGIPla3Z7me6duTv0HmPGFQDeEmZyXze5Gns5VOYRyPCrnUwnu9u%2FILDRnXpGdidfdqdrd2cW8vNoKbJqz9Rsc"}],"group":"cf-nel","max_age":604800}', 'NEL': '{"success_fraction":0,"report_to":"cf-nel","max_age":604800}', 'Server': 'cloudflare', 'CF-RAY': '8a7d4d985c14e269-ORD', 'alt-svc': 'h3=":443"; ma=86400'} 
 body={"results":[{"gender":"male","name":{"title":"Mr","first":"Francis","last":"Nelson"},"location":{"street":{"number":9168,"name":"Spring St"},"city":"Adelaide","state":"Australian Capital Territory","country":"Australia","postcode":7684,"coordinates":{"latitude":"-88.8590","longitude":"-168.1661"},"timezone":{"offset":"+3:30","description":"Tehran"}},"email":"francis.nelson@example.com","login":{"uuid":"5a9ec011-5b52-40be-b17f-4f6cb77f2bd7","username":"lazyzebra329","password":"barcelona","salt":"wRtkcS4E","md5":"9c2f056e14241dd4c9c0fc542fe6d49b","sha1":"483fbd23d59847f384eff2f4caec539f63536b0c","sha256":"b75a22d8777110206fa45e33f28d96f753802d735537a2c668b6319ab648ec17"},"dob":{"date":"1999-11-19T23:23:45.527Z","age":24},"registered":{"date":"2010-07-05T18:26:09.045Z","age":14},"phone":"06-4491-6848","cell":"0421-458-398","id":{"name":"TFN","value":"349440067"},"picture":{"large":"https://randomuser.me/api/portraits/men/77.jpg","medium":"https://randomuser.me/api/portraits/med/men/77.jpg","thumbnail":"https://randomuser.me/api/portraits/thumb/men/77.jpg"},"nat":"AU"}],"info":{"seed":"97486ea049d8e56a","results":1,"page":1,"version":"1.4"}} 
 </msg>
<msg time="2024-07-23T17:13:47.672556" level="INFO">/opt/hostedtoolcache/Python/3.12.4/x64/lib/python3.12/site-packages/urllib3/connectionpool.py:1099: InsecureRequestWarning: Unverified HTTPS request is being made to host 'randomuser.me'. Adding certificate verification is strongly advised. See: https://urllib3.readthedocs.io/en/latest/advanced-usage.html#tls-warnings
  warnings.warn(</msg>
<msg time="2024-07-23T17:13:47.672728" level="INFO">${response} = &lt;Response [200]&gt;</msg>
<var>${response}</var>
<arg>consultarAPI</arg>
<arg>/api</arg>
<doc>Sends a GET request on a previously created HTTP Session.</doc>
<status status="PASS" start="2024-07-23T17:13:47.578746" elapsed="0.094021"/>
</kw>
<kw name="Set Variable" owner="BuiltIn">
<msg time="2024-07-23T17:13:47.674041" level="INFO">${json_data} = {'results': [{'gender': 'male', 'name': {'title': 'Mr', 'first': 'Francis', 'last': 'Nelson'}, 'location': {'street': {'number': 9168, 'name': 'Spring St'}, 'city': 'Adelaide', 'state': 'Australian Ca...</msg>
<var>${json_data}</var>
<arg>${response.json()}</arg>
<doc>Returns the given values which can then be assigned to a variables.</doc>
<status status="PASS" start="2024-07-23T17:13:47.673360" elapsed="0.000719"/>
</kw>
<kw name="Log" owner="BuiltIn">
<msg time="2024-07-23T17:13:47.674790" level="INFO">{'results': [{'gender': 'male', 'name': {'title': 'Mr', 'first': 'Francis', 'last': 'Nelson'}, 'location': {'street': {'number': 9168, 'name': 'Spring St'}, 'city': 'Adelaide', 'state': 'Australian Capital Territory', 'country': 'Australia', 'postcode': 7684, 'coordinates': {'latitude': '-88.8590', 'longitude': '-168.1661'}, 'timezone': {'offset': '+3:30', 'description': 'Tehran'}}, 'email': 'francis.nelson@example.com', 'login': {'uuid': '5a9ec011-5b52-40be-b17f-4f6cb77f2bd7', 'username': 'lazyzebra329', 'password': 'barcelona', 'salt': 'wRtkcS4E', 'md5': '9c2f056e14241dd4c9c0fc542fe6d49b', 'sha1': '483fbd23d59847f384eff2f4caec539f63536b0c', 'sha256': 'b75a22d8777110206fa45e33f28d96f753802d735537a2c668b6319ab648ec17'}, 'dob': {'date': '1999-11-19T23:23:45.527Z', 'age': 24}, 'registered': {'date': '2010-07-05T18:26:09.045Z', 'age': 14}, 'phone': '06-4491-6848', 'cell': '0421-458-398', 'id': {'name': 'TFN', 'value': '349440067'}, 'picture': {'large': 'https://randomuser.me/api/portraits/men/77.jpg', 'medium': 'https://randomuser.me/api/portraits/med/men/77.jpg', 'thumbnail': 'https://randomuser.me/api/portraits/thumb/men/77.jpg'}, 'nat': 'AU'}], 'info': {'seed': '97486ea049d8e56a', 'results': 1, 'page': 1, 'version': '1.4'}}</msg>
<arg>${json_data}</arg>
<doc>Logs the given message with the given level.</doc>
<status status="PASS" start="2024-07-23T17:13:47.674569" elapsed="0.000289"/>
</kw>
<kw name="Should Be Equal As Numbers" owner="BuiltIn">
<arg>${json_data['results'][0]['location']['postcode']}</arg>
<arg>${json_data['results'][0]['location']['postcode']}</arg>
<doc>Fails if objects are unequal after converting them to real numbers.</doc>
<status status="PASS" start="2024-07-23T17:13:47.675263" elapsed="0.000684"/>
</kw>
<kw name="Log" owner="BuiltIn">
<msg time="2024-07-23T17:13:47.676500" level="INFO">7684</msg>
<arg>${json_data['results'][0]['location']['postcode']}</arg>
<doc>Logs the given message with the given level.</doc>
<status status="PASS" start="2024-07-23T17:13:47.676155" elapsed="0.000386"/>
</kw>
<status status="PASS" start="2024-07-23T17:13:47.578509" elapsed="0.098330"/>
</kw>
<doc>Testa se os tipos de dados na resposta da API estão corretos.</doc>
<tag>testeTiposDados</tag>
<status status="PASS" start="2024-07-23T17:13:47.501639" elapsed="0.175380"/>
</test>
<test id="s1-s1-t5" name="Validar conteudo" line="35">
<kw name="Teste de Tipos de Conteudo" owner="random-user-service">
<kw name="GET On Session" owner="RequestsLibrary">
<msg time="2024-07-23T17:13:47.844796" level="INFO">GET Request : url=https://randomuser.me/api 
 path_url=/api 
 headers={'User-Agent': 'python-requests/2.32.3', 'Accept-Encoding': 'gzip, deflate', 'Accept': '*/*', 'Connection': 'keep-alive'} 
 body=None 
 </msg>
<msg time="2024-07-23T17:13:47.844894" level="INFO">GET Response : url=https://randomuser.me/api 
 status=200, reason=OK 
 headers={'Date': 'Tue, 23 Jul 2024 17:13:47 GMT', 'Content-Type': 'application/json; charset=utf-8', 'Transfer-Encoding': 'chunked', 'Connection': 'keep-alive', 'X-Powered-By': 'Express', 'Access-Control-Allow-Origin': '*', 'Cache-Control': 'no-cache', 'ETag': 'W/"4ac-n3UvShx58nbo/byE/EE2QvVMEsU"', 'Vary': 'Accept-Encoding', 'Content-Encoding': 'gzip', 'CF-Cache-Status': 'DYNAMIC', 'Report-To': '{"endpoints":[{"url":"https:\\/\\/a.nel.cloudflare.com\\/report\\/v4?s=G3fHwWK8gB3WkX7reqrw9tqKhMOhIFRntoK1pS%2B43c4gW1i08PPf9gvuj3Fwy88BTgD85l3LtwFaz8wy4yDu%2BxNrARbebjV%2FKVku0XL7LNKyvhHJMMkTAcIYAg%2FjOUAS"}],"group":"cf-nel","max_age":604800}', 'NEL': '{"success_fraction":0,"report_to":"cf-nel","max_age":604800}', 'Server': 'cloudflare', 'CF-RAY': '8a7d4d990ce6e269-ORD', 'alt-svc': 'h3=":443"; ma=86400'} 
 body={"results":[{"gender":"male","name":{"title":"Mr","first":"Viriato","last":"Araújo"},"location":{"street":{"number":8918,"name":"Rua Um"},"city":"Nossa Senhora do Socorro","state":"Distrito Federal","country":"Brazil","postcode":39215,"coordinates":{"latitude":"-76.9787","longitude":"-166.5259"},"timezone":{"offset":"+3:00","description":"Baghdad, Riyadh, Moscow, St. Petersburg"}},"email":"viriato.araujo@example.com","login":{"uuid":"f08ee935-dc1e-4980-9a7e-fe844f7a0315","username":"heavytiger960","password":"ou8122","salt":"ZXh6KIau","md5":"15399293d1e38fc8657effc269373fef","sha1":"593e90b02ed323003784fd2727633a6d9b1c5448","sha256":"5c04ff4dd67f0bb5a7f40cc1f75e2b70e60efa7b7c2d39ebef53680dbb4ba567"},"dob":{"date":"1995-11-16T18:41:45.957Z","age":28},"registered":{"date":"2012-10-26T12:53:25.339Z","age":11},"phone":"(39) 4601-0324","cell":"(31) 2086-9366","id":{"name":"CPF","value":"704.465.918-94"},"picture":{"large":"https://randomuser.me/api/portraits/men/30.jpg","medium":"https://randomuser.me/api/portraits/med/men/30.jpg","thumbnail":"https://randomuser.me/api/portraits/thumb/men/30.jpg"},"nat":"BR"}],"info":{"seed":"5131eeeb733e3470","results":1,"page":1,"version":"1.4"}} 
 </msg>
<msg time="2024-07-23T17:13:47.844965" level="INFO">/opt/hostedtoolcache/Python/3.12.4/x64/lib/python3.12/site-packages/urllib3/connectionpool.py:1099: InsecureRequestWarning: Unverified HTTPS request is being made to host 'randomuser.me'. Adding certificate verification is strongly advised. See: https://urllib3.readthedocs.io/en/latest/advanced-usage.html#tls-warnings
  warnings.warn(</msg>
<msg time="2024-07-23T17:13:47.845089" level="INFO">${response} = &lt;Response [200]&gt;</msg>
<var>${response}</var>
<arg>consultarAPI</arg>
<arg>/api</arg>
<doc>Sends a GET request on a previously created HTTP Session.</doc>
<status status="PASS" start="2024-07-23T17:13:47.680097" elapsed="0.165033"/>
</kw>
<kw name="Set Variable" owner="BuiltIn">
<msg time="2024-07-23T17:13:47.846424" level="INFO">${json_data} = {'results': [{'gender': 'male', 'name': {'title': 'Mr', 'first': 'Viriato', 'last': 'Araújo'}, 'location': {'street': {'number': 8918, 'name': 'Rua Um'}, 'city': 'Nossa Senhora do Socorro', 'state': '...</msg>
<var>${json_data}</var>
<arg>${response.json()}</arg>
<doc>Returns the given values which can then be assigned to a variables.</doc>
<status status="PASS" start="2024-07-23T17:13:47.845763" elapsed="0.000691"/>
</kw>
<kw name="Set Variable" owner="BuiltIn">
<msg time="2024-07-23T17:13:47.847158" level="INFO">${name_title} = Mr</msg>
<var>${name_title}</var>
<arg>${json_data["results"][0]["name"]["title"]}</arg>
<doc>Returns the given values which can then be assigned to a variables.</doc>
<status status="PASS" start="2024-07-23T17:13:47.846778" elapsed="0.000406"/>
</kw>
<kw name="Create List" owner="BuiltIn">
<msg time="2024-07-23T17:13:47.847634" level="INFO">${allowed_titles} = ['Mr', 'Ms', 'Miss', 'Mrs', 'Madame', 'Monsieur']</msg>
<var>${allowed_titles}</var>
<arg>Mr</arg>
<arg>Ms</arg>
<arg>Miss</arg>
<arg>Mrs</arg>
<arg>Madame</arg>
<arg>Monsieur</arg>
<doc>Returns a list containing given items.</doc>
<status status="PASS" start="2024-07-23T17:13:47.847484" elapsed="0.000176"/>
</kw>
<kw name="List Should Contain Value" owner="Collections">
<arg>${allowed_titles}</arg>
<arg>${name_title}</arg>
<doc>Fails if the ``value`` is not found from ``list``.</doc>
<status status="PASS" start="2024-07-23T17:13:47.847957" elapsed="0.000186"/>
</kw>
<kw name="Set Variable" owner="BuiltIn">
<msg time="2024-07-23T17:13:47.848707" level="INFO">${name_country} = BR</msg>
<var>${name_country}</var>
<arg>${json_data["results"][0]["nat"]}</arg>
<doc>Returns the given values which can then be assigned to a variables.</doc>
<status status="PASS" start="2024-07-23T17:13:47.848333" elapsed="0.000400"/>
</kw>
<kw name="Create List" owner="BuiltIn">
<msg time="2024-07-23T17:13:47.849610" level="INFO">${list_country} = ['AD', 'AE', 'AF', 'AG', 'AI', 'AL', 'AM', 'AO', 'AQ', 'AR', 'AS', 'AT', 'AU', 'AW', 'AX', 'AZ', 'BA', 'BB', 'BD', 'BE', 'BF', 'BG', 'BH', 'BI', 'BJ', 'BL', 'BM', 'BN', 'BO', 'BQ', 'BR', 'BS', 'BT', '...</msg>
<var>${list_country}</var>
<arg>AD</arg>
<arg>AE</arg>
<arg>AF</arg>
<arg>AG</arg>
<arg>AI</arg>
<arg>AL</arg>
<arg>AM</arg>
<arg>AO</arg>
<arg>AQ</arg>
<arg>AR</arg>
<arg>AS</arg>
<arg>AT</arg>
<arg>AU</arg>
<arg>AW</arg>
<arg>AX</arg>
<arg>AZ</arg>
<arg>BA</arg>
<arg>BB</arg>
<arg>BD</arg>
<arg>BE</arg>
<arg>BF</arg>
<arg>BG</arg>
<arg>BH</arg>
<arg>BI</arg>
<arg>BJ</arg>
<arg>BL</arg>
<arg>BM</arg>
<arg>BN</arg>
<arg>BO</arg>
<arg>BQ</arg>
<arg>BR</arg>
<arg>BS</arg>
<arg>BT</arg>
<arg>BV</arg>
<arg>BW</arg>
<arg>BY</arg>
<arg>BZ</arg>
<arg>CA</arg>
<arg>CC</arg>
<arg>CD</arg>
<arg>CF</arg>
<arg>CG</arg>
<arg>CH</arg>
<arg>CI</arg>
<arg>CK</arg>
<arg>CL</arg>
<arg>CM</arg>
<arg>CN</arg>
<arg>CO</arg>
<arg>CR</arg>
<arg>CU</arg>
<arg>CV</arg>
<arg>CW</arg>
<arg>CX</arg>
<arg>CY</arg>
<arg>CZ</arg>
<arg>DE</arg>
<arg>DJ</arg>
<arg>DK</arg>
<arg>DM</arg>
<arg>DO</arg>
<arg>DZ</arg>
<arg>EC</arg>
<arg>EE</arg>
<arg>EG</arg>
<arg>EH</arg>
<arg>ER</arg>
<arg>ES</arg>
<arg>ET</arg>
<arg>FI</arg>
<arg>FJ</arg>
<arg>FK</arg>
<arg>FM</arg>
<arg>FO</arg>
<arg>FR</arg>
<arg>GA</arg>
<arg>GB</arg>
<arg>GD</arg>
<arg>GE</arg>
<arg>GF</arg>
<arg>GG</arg>
<arg>GH</arg>
<arg>GI</arg>
<arg>GL</arg>
<arg>GM</arg>
<arg>GN</arg>
<arg>GP</arg>
<arg>GQ</arg>
<arg>GR</arg>
<arg>GS</arg>
<arg>GT</arg>
<arg>GU</arg>
<arg>GW</arg>
<arg>GY</arg>
<arg>HK</arg>
<arg>HM</arg>
<arg>HN</arg>
<arg>HR</arg>
<arg>HT</arg>
<arg>HU</arg>
<arg>ID</arg>
<arg>IE</arg>
<arg>IL</arg>
<arg>IM</arg>
<arg>IN</arg>
<arg>IO</arg>
<arg>IQ</arg>
<arg>IR</arg>
<arg>IS</arg>
<arg>IT</arg>
<arg>JE</arg>
<arg>JM</arg>
<arg>JO</arg>
<arg>JP</arg>
<arg>KE</arg>
<arg>KG</arg>
<arg>KH</arg>
<arg>KI</arg>
<arg>KM</arg>
<arg>KN</arg>
<arg>KP</arg>
<arg>KR</arg>
<arg>KW</arg>
<arg>KY</arg>
<arg>KZ</arg>
<arg>LA</arg>
<arg>LB</arg>
<arg>LC</arg>
<arg>LI</arg>
<arg>LK</arg>
<arg>LR</arg>
<arg>LS</arg>
<arg>LT</arg>
<arg>LU</arg>
<arg>LV</arg>
<arg>LY</arg>
<arg>MA</arg>
<arg>MC</arg>
<arg>MD</arg>
<arg>ME</arg>
<arg>MF</arg>
<arg>MG</arg>
<arg>MH</arg>
<arg>MK</arg>
<arg>ML</arg>
<arg>MM</arg>
<arg>MN</arg>
<arg>MO</arg>
<arg>MP</arg>
<arg>MQ</arg>
<arg>MR</arg>
<arg>MS</arg>
<arg>MT</arg>
<arg>MU</arg>
<arg>MV</arg>
<arg>MW</arg>
<arg>MX</arg>
<arg>MY</arg>
<arg>MZ</arg>
<arg>NA</arg>
<arg>NC</arg>
<arg>NE</arg>
<arg>NF</arg>
<arg>NG</arg>
<arg>NI</arg>
<arg>NL</arg>
<arg>NO</arg>
<arg>NP</arg>
<arg>NR</arg>
<arg>NU</arg>
<arg>NZ</arg>
<arg>OM</arg>
<arg>PA</arg>
<arg>PE</arg>
<arg>PF</arg>
<arg>PG</arg>
<arg>PH</arg>
<arg>PK</arg>
<arg>PL</arg>
<arg>PM</arg>
<arg>PN</arg>
<arg>PR</arg>
<arg>PS</arg>
<arg>PT</arg>
<arg>PW</arg>
<arg>PY</arg>
<arg>QA</arg>
<arg>RE</arg>
<arg>RO</arg>
<arg>RS</arg>
<arg>RU</arg>
<arg>RW</arg>
<arg>SA</arg>
<arg>SB</arg>
<arg>SC</arg>
<arg>SD</arg>
<arg>SE</arg>
<arg>SG</arg>
<arg>SH</arg>
<arg>SI</arg>
<arg>SJ</arg>
<arg>SK</arg>
<arg>SL</arg>
<arg>SM</arg>
<arg>SN</arg>
<arg>SO</arg>
<arg>SR</arg>
<arg>SS</arg>
<arg>ST</arg>
<arg>SV</arg>
<arg>SX</arg>
<arg>SY</arg>
<arg>SZ</arg>
<arg>TC</arg>
<arg>TD</arg>
<arg>TF</arg>
<arg>TG</arg>
<arg>TH</arg>
<arg>TJ</arg>
<arg>TK</arg>
<arg>TL</arg>
<arg>TM</arg>
<arg>TN</arg>
<arg>TO</arg>
<arg>TR</arg>
<arg>TT</arg>
<arg>TV</arg>
<arg>TW</arg>
<arg>TZ</arg>
<arg>UA</arg>
<arg>UG</arg>
<arg>UM</arg>
<arg>US</arg>
<arg>UY</arg>
<arg>UZ</arg>
<arg>VA</arg>
<arg>VC</arg>
<arg>VE</arg>
<arg>VG</arg>
<arg>VI</arg>
<arg>VN</arg>
<arg>VU</arg>
<arg>WF</arg>
<arg>WS</arg>
<arg>XK</arg>
<arg>YE</arg>
<arg>YT</arg>
<arg>ZA</arg>
<arg>ZM</arg>
<arg>ZW</arg>
<doc>Returns a list containing given items.</doc>
<status status="PASS" start="2024-07-23T17:13:47.849022" elapsed="0.000614"/>
</kw>
<kw name="List Should Contain Value" owner="Collections">
<arg>${list_country}</arg>
<arg>${name_country}</arg>
<doc>Fails if the ``value`` is not found from ``list``.</doc>
<status status="PASS" start="2024-07-23T17:13:47.850643" elapsed="0.000211"/>
</kw>
<kw name="Run Keyword If" owner="BuiltIn">
<kw name="Should Be True" owner="BuiltIn">
<arg>${True}</arg>
<doc>Fails if the given condition is not true.</doc>
<status status="PASS" start="2024-07-23T17:13:47.851838" elapsed="0.000145"/>
</kw>
<arg>${json_data["results"][0]["location"]["coordinates"]["latitude"]} &gt;= -90 and ${json_data["results"][0]["location"]["coordinates"]["latitude"]} &lt;= 90</arg>
<arg>Should Be True</arg>
<arg>${True}</arg>
<doc>Runs the given keyword with the given arguments, if ``condition`` is true.</doc>
<status status="PASS" start="2024-07-23T17:13:47.851056" elapsed="0.001052"/>
</kw>
<kw name="Run Keyword If" owner="BuiltIn">
<kw name="Should Be True" owner="BuiltIn">
<arg>${True}</arg>
<doc>Fails if the given condition is not true.</doc>
<status status="PASS" start="2024-07-23T17:13:47.852981" elapsed="0.000136"/>
</kw>
<arg>${json_data["results"][0]["location"]["coordinates"]["longitude"]} &gt;= -180 and ${json_data["results"][0]["location"]["coordinates"]["longitude"]} &lt;= 180</arg>
<arg>Should Be True</arg>
<arg>${True}</arg>
<doc>Runs the given keyword with the given arguments, if ``condition`` is true.</doc>
<status status="PASS" start="2024-07-23T17:13:47.852291" elapsed="0.000948"/>
</kw>
<status status="PASS" start="2024-07-23T17:13:47.679684" elapsed="0.173685"/>
</kw>
<doc>Testa o conteúdo específico dos campos retornados pela API.</doc>
<tag>testeConteudo</tag>
<status status="PASS" start="2024-07-23T17:13:47.678952" elapsed="0.174572"/>
</test>
<status status="PASS" start="2024-07-23T17:13:46.628607" elapsed="1.226934"/>
</suite>
<status status="PASS" start="2024-07-23T17:13:46.613967" elapsed="1.246776"/>
</suite>
<statistics>
<total>
<stat pass="5" fail="0" skip="0">All Tests</stat>
</total>
<tag>
<stat pass="1" fail="0" skip="0">testeConteudo</stat>
<stat pass="1" fail="0" skip="0">testeEstruturaResposta</stat>
<stat pass="1" fail="0" skip="0">testeRequisicaoBasica</stat>
<stat pass="1" fail="0" skip="0">testeTiposDados</stat>
</tag>
<suite>
<stat pass="5" fail="0" skip="0" id="s1" name="Tests">Tests</stat>
<stat pass="5" fail="0" skip="0" id="s1-s1" name="Random-User-Test">Tests.Random-User-Test</stat>
</suite>
</statistics>
<errors>
</errors>
</robot>
