<?xml version="1.0" encoding="UTF-8"?>
<robot generator="Robot 7.0 (Python 3.12.2 on linux)" generated="2024-03-29T13:14:46.166920" rpa="false" schemaversion="5">
<suite id="s1" name="Tests" source="/home/runner/work/DesafioQAItauRogerioJordao/DesafioQAItauRogerioJordao/RamdonUser/tests">
<suite id="s1-s1" name="Random-User-Test" source="/home/runner/work/DesafioQAItauRogerioJordao/DesafioQAItauRogerioJordao/RamdonUser/tests/random-user-test.robot">
<test id="s1-s1-t1" name="Conectar" line="13">
<kw name="Conectar API" owner="random-user-service">
<kw name="Create Session" owner="RequestsLibrary">
<msg time="2024-03-29T13:14:46.529257" level="INFO">Creating Session using : alias=consultarAPI, url=https://randomuser.me/, headers={},                     cookies={}, auth=None, timeout=None, proxies=None, verify=False,                     debug=0 </msg>
<arg>consultarAPI</arg>
<arg>${URL}</arg>
<doc>Create Session: create a HTTP session to a server</doc>
<status status="PASS" start="2024-03-29T13:14:46.529059" elapsed="0.000356"/>
</kw>
<status status="PASS" start="2024-03-29T13:14:46.528075" elapsed="0.001685"/>
</kw>
<status status="PASS" start="2024-03-29T13:14:46.527472" elapsed="0.002492"/>
</test>
<test id="s1-s1-t2" name="Validar retorno 200 e JSON Válido" line="16">
<kw name="Teste de Requisicao Basica" owner="random-user-service">
<kw name="GET On Session" owner="RequestsLibrary">
<msg time="2024-03-29T13:14:46.747025" level="INFO">GET Request : url=https://randomuser.me/api 
 path_url=/api 
 headers={'User-Agent': 'python-requests/2.31.0', 'Accept-Encoding': 'gzip, deflate', 'Accept': '*/*', 'Connection': 'keep-alive'} 
 body=None 
 </msg>
<msg time="2024-03-29T13:14:46.747155" level="INFO">GET Response : url=https://randomuser.me/api 
 status=200, reason=OK 
 headers={'Date': 'Fri, 29 Mar 2024 13:14:46 GMT', 'Content-Type': 'application/json; charset=utf-8', 'Transfer-Encoding': 'chunked', 'Connection': 'keep-alive', 'X-Powered-By': 'Express', 'Access-Control-Allow-Origin': '*', 'Cache-Control': 'no-cache', 'ETag': 'W/"484-l9KJyTCGtbySjSQAAm1lfTc1U1U"', 'Vary': 'Accept-Encoding', 'Content-Encoding': 'gzip', 'CF-Cache-Status': 'DYNAMIC', 'Report-To': '{"endpoints":[{"url":"https:\\/\\/a.nel.cloudflare.com\\/report\\/v4?s=zc0xkF90txgXgmet8uu0Vz%2Fr3GWNrVr0qharGGumvA9rw2zthDWmc0N0IMaju5J72pHFjKYpoUvht6WgnPjq5ek4mcQO%2F%2Fdj8rGa4xTHgqUmvmNorMQJwC3H1qy%2F9vfC"}],"group":"cf-nel","max_age":604800}', 'NEL': '{"success_fraction":0,"report_to":"cf-nel","max_age":604800}', 'Server': 'cloudflare', 'CF-RAY': '86c01ff99d749447-SJC', 'alt-svc': 'h3=":443"; ma=86400'} 
 body={"results":[{"gender":"male","name":{"title":"Mr","first":"Justin","last":"Ma"},"location":{"street":{"number":5050,"name":"Bay Ave"},"city":"Princeton","state":"Prince Edward Island","country":"Canada","postcode":"W7X 9Z8","coordinates":{"latitude":"-70.2570","longitude":"-176.7727"},"timezone":{"offset":"+2:00","description":"Kaliningrad, South Africa"}},"email":"justin.ma@example.com","login":{"uuid":"89883ab0-1753-4e7b-8291-982f261b0ca4","username":"purplecat628","password":"believe","salt":"fDvn6BSY","md5":"eda51d3c1b3cb0658487ba166e4fe2e4","sha1":"111be702ad63de02c7336d08fd83dc723d998ad1","sha256":"68bae4622291e5d744975afde6a5c2de975b95d5a5fe651ef3b09adc8780a326"},"dob":{"date":"1973-11-23T17:46:38.243Z","age":50},"registered":{"date":"2004-12-01T22:48:12.304Z","age":19},"phone":"E30 T07-6278","cell":"V65 F99-4072","id":{"name":"SIN","value":"506541036"},"picture":{"large":"https://randomuser.me/api/portraits/men/97.jpg","medium":"https://randomuser.me/api/portraits/med/men/97.jpg","thumbnail":"https://randomuser.me/api/portraits/thumb/men/97.jpg"},"nat":"CA"}],"info":{"seed":"4c77777b1916a803","results":1,"page":1,"version":"1.4"}} 
 </msg>
<msg time="2024-03-29T13:14:46.747269" level="INFO">/opt/hostedtoolcache/Python/3.12.2/x64/lib/python3.12/site-packages/urllib3/connectionpool.py:1103: InsecureRequestWarning: Unverified HTTPS request is being made to host 'randomuser.me'. Adding certificate verification is strongly advised. See: https://urllib3.readthedocs.io/en/latest/advanced-usage.html#tls-warnings
  warnings.warn(</msg>
<msg time="2024-03-29T13:14:46.747435" level="INFO">${response} = &lt;Response [200]&gt;</msg>
<var>${response}</var>
<arg>consultarAPI</arg>
<arg>/api</arg>
<doc>Sends a GET request on a previously created HTTP Session.</doc>
<status status="PASS" start="2024-03-29T13:14:46.532598" elapsed="0.214883"/>
</kw>
<kw name="Should Be Equal As Numbers" owner="BuiltIn">
<msg time="2024-03-29T13:14:46.748281" level="INFO">Argument types are:
&lt;class 'int'&gt;
&lt;class 'str'&gt;</msg>
<arg>${response.status_code}</arg>
<arg>200</arg>
<doc>Fails if objects are unequal after converting them to real numbers.</doc>
<status status="PASS" start="2024-03-29T13:14:46.747888" elapsed="0.000455"/>
</kw>
<kw name="Log" owner="BuiltIn">
<msg time="2024-03-29T13:14:46.749001" level="INFO">200</msg>
<arg>${response.status_code}</arg>
<doc>Logs the given message with the given level.</doc>
<status status="PASS" start="2024-03-29T13:14:46.748655" elapsed="0.000387"/>
</kw>
<kw name="Set Variable" owner="BuiltIn">
<msg time="2024-03-29T13:14:46.749795" level="INFO">${json_data} = {'results': [{'gender': 'male', 'name': {'title': 'Mr', 'first': 'Justin', 'last': 'Ma'}, 'location': {'street': {'number': 5050, 'name': 'Bay Ave'}, 'city': 'Princeton', 'state': 'Prince Edward Islan...</msg>
<var>${json_data}</var>
<arg>${response.json()}</arg>
<doc>Returns the given values which can then be assigned to a variables.</doc>
<status status="PASS" start="2024-03-29T13:14:46.749370" elapsed="0.000452"/>
</kw>
<kw name="Dictionary Should Contain Key" owner="Collections">
<msg time="2024-03-29T13:14:46.750279" level="INFO">False</msg>
<arg>${json_data}</arg>
<arg>results</arg>
<doc>Fails if ``key`` is not found from ``dictionary``.</doc>
<status status="PASS" start="2024-03-29T13:14:46.750116" elapsed="0.000201"/>
</kw>
<status status="PASS" start="2024-03-29T13:14:46.532346" elapsed="0.218219"/>
</kw>
<doc>Testa se a API responde corretamente e retorna um objeto JSON válido.</doc>
<tag>testeRequisicaoBasica</tag>
<status status="PASS" start="2024-03-29T13:14:46.531831" elapsed="0.218901"/>
</test>
<test id="s1-s1-t3" name="Validar estrutura de resposta" line="22">
<kw name="Teste de Estrutura de Resposta" owner="random-user-service">
<kw name="GET On Session" owner="RequestsLibrary">
<msg time="2024-03-29T13:14:46.837375" level="INFO">GET Request : url=https://randomuser.me/api 
 path_url=/api 
 headers={'User-Agent': 'python-requests/2.31.0', 'Accept-Encoding': 'gzip, deflate', 'Accept': '*/*', 'Connection': 'keep-alive'} 
 body=None 
 </msg>
<msg time="2024-03-29T13:14:46.837445" level="INFO">GET Response : url=https://randomuser.me/api 
 status=200, reason=OK 
 headers={'Date': 'Fri, 29 Mar 2024 13:14:46 GMT', 'Content-Type': 'application/json; charset=utf-8', 'Transfer-Encoding': 'chunked', 'Connection': 'keep-alive', 'X-Powered-By': 'Express', 'Access-Control-Allow-Origin': '*', 'Cache-Control': 'no-cache', 'ETag': 'W/"478-zBc1iqff9dyKOPRyF4+ByDqoido"', 'Vary': 'Accept-Encoding', 'Content-Encoding': 'gzip', 'CF-Cache-Status': 'DYNAMIC', 'Report-To': '{"endpoints":[{"url":"https:\\/\\/a.nel.cloudflare.com\\/report\\/v4?s=1qZKl572X02iifV1k%2FNDAaZpEjEc48cU1aV80SLKX9aKRzykrKt6mSwjeCqXmpkgm2S84kD6Xr4Vl6zEU53q3IgU1l%2F8AenMNEZ0%2FUrbJ1o4n47kromSr261j6XEnNN1"}],"group":"cf-nel","max_age":604800}', 'NEL': '{"success_fraction":0,"report_to":"cf-nel","max_age":604800}', 'Server': 'cloudflare', 'CF-RAY': '86c01ffa3dd29447-SJC', 'alt-svc': 'h3=":443"; ma=86400'} 
 body={"results":[{"gender":"male","name":{"title":"Mr","first":"Volkan","last":"Adal"},"location":{"street":{"number":2092,"name":"Filistin Cd"},"city":"Bolu","state":"Bursa","country":"Turkey","postcode":35616,"coordinates":{"latitude":"67.4686","longitude":"-43.9237"},"timezone":{"offset":"+8:00","description":"Beijing, Perth, Singapore, Hong Kong"}},"email":"volkan.adal@example.com","login":{"uuid":"f0d39234-ecc5-4a2a-8494-8c04407efa37","username":"organicfish577","password":"doudou","salt":"4YWxPkNW","md5":"1eff7e87e7c6bd26b6f8a19d78b5a11e","sha1":"12d6a6a10d7c7f59985c54c111e49a29a8989066","sha256":"5b76c1633816ea0bdf54ee42b0c0444dd618f20ecbc1e3af1f8b7b3173173791"},"dob":{"date":"1987-10-06T21:43:21.000Z","age":36},"registered":{"date":"2002-07-09T09:11:22.159Z","age":21},"phone":"(204)-996-1448","cell":"(694)-220-7051","id":{"name":"","value":null},"picture":{"large":"https://randomuser.me/api/portraits/men/29.jpg","medium":"https://randomuser.me/api/portraits/med/men/29.jpg","thumbnail":"https://randomuser.me/api/portraits/thumb/men/29.jpg"},"nat":"TR"}],"info":{"seed":"bb76d69c707854c3","results":1,"page":1,"version":"1.4"}} 
 </msg>
<msg time="2024-03-29T13:14:46.837544" level="INFO">/opt/hostedtoolcache/Python/3.12.2/x64/lib/python3.12/site-packages/urllib3/connectionpool.py:1103: InsecureRequestWarning: Unverified HTTPS request is being made to host 'randomuser.me'. Adding certificate verification is strongly advised. See: https://urllib3.readthedocs.io/en/latest/advanced-usage.html#tls-warnings
  warnings.warn(</msg>
<msg time="2024-03-29T13:14:46.837656" level="INFO">${response} = &lt;Response [200]&gt;</msg>
<var>${response}</var>
<arg>consultarAPI</arg>
<arg>/api</arg>
<doc>Sends a GET request on a previously created HTTP Session.</doc>
<status status="PASS" start="2024-03-29T13:14:46.753423" elapsed="0.084272"/>
</kw>
<kw name="Set Variable" owner="BuiltIn">
<msg time="2024-03-29T13:14:46.838495" level="INFO">${json_data} = {'results': [{'gender': 'male', 'name': {'title': 'Mr', 'first': 'Volkan', 'last': 'Adal'}, 'location': {'street': {'number': 2092, 'name': 'Filistin Cd'}, 'city': 'Bolu', 'state': 'Bursa', 'country':...</msg>
<var>${json_data}</var>
<arg>${response.json()}</arg>
<doc>Returns the given values which can then be assigned to a variables.</doc>
<status status="PASS" start="2024-03-29T13:14:46.838031" elapsed="0.000492"/>
</kw>
<kw name="Log" owner="BuiltIn">
<msg time="2024-03-29T13:14:46.838980" level="INFO">{'results': [{'gender': 'male', 'name': {'title': 'Mr', 'first': 'Volkan', 'last': 'Adal'}, 'location': {'street': {'number': 2092, 'name': 'Filistin Cd'}, 'city': 'Bolu', 'state': 'Bursa', 'country': 'Turkey', 'postcode': 35616, 'coordinates': {'latitude': '67.4686', 'longitude': '-43.9237'}, 'timezone': {'offset': '+8:00', 'description': 'Beijing, Perth, Singapore, Hong Kong'}}, 'email': 'volkan.adal@example.com', 'login': {'uuid': 'f0d39234-ecc5-4a2a-8494-8c04407efa37', 'username': 'organicfish577', 'password': 'doudou', 'salt': '4YWxPkNW', 'md5': '1eff7e87e7c6bd26b6f8a19d78b5a11e', 'sha1': '12d6a6a10d7c7f59985c54c111e49a29a8989066', 'sha256': '5b76c1633816ea0bdf54ee42b0c0444dd618f20ecbc1e3af1f8b7b3173173791'}, 'dob': {'date': '1987-10-06T21:43:21.000Z', 'age': 36}, 'registered': {'date': '2002-07-09T09:11:22.159Z', 'age': 21}, 'phone': '(204)-996-1448', 'cell': '(694)-220-7051', 'id': {'name': '', 'value': None}, 'picture': {'large': 'https://randomuser.me/api/portraits/men/29.jpg', 'medium': 'https://randomuser.me/api/portraits/med/men/29.jpg', 'thumbnail': 'https://randomuser.me/api/portraits/thumb/men/29.jpg'}, 'nat': 'TR'}], 'info': {'seed': 'bb76d69c707854c3', 'results': 1, 'page': 1, 'version': '1.4'}}</msg>
<arg>${json_data}</arg>
<doc>Logs the given message with the given level.</doc>
<status status="PASS" start="2024-03-29T13:14:46.838826" elapsed="0.000200"/>
</kw>
<kw name="Dictionary Should Contain Key" owner="Collections">
<msg time="2024-03-29T13:14:46.839537" level="INFO">False</msg>
<arg>${json_data}</arg>
<arg>results</arg>
<doc>Fails if ``key`` is not found from ``dictionary``.</doc>
<status status="PASS" start="2024-03-29T13:14:46.839367" elapsed="0.000207"/>
</kw>
<kw name="Should Not Be Empty" owner="BuiltIn">
<msg time="2024-03-29T13:14:46.840033" level="INFO">Length is 2.</msg>
<arg>${json_data}</arg>
<doc>Verifies that the given item is not empty.</doc>
<status status="PASS" start="2024-03-29T13:14:46.839900" elapsed="0.000171"/>
</kw>
<kw name="Create List" owner="BuiltIn">
<msg time="2024-03-29T13:14:46.840508" level="INFO">${expected_keys} = ['gender', 'name', 'location', 'email', 'login']</msg>
<var>${expected_keys}</var>
<arg>gender</arg>
<arg>name</arg>
<arg>location</arg>
<arg>email</arg>
<arg>login</arg>
<doc>Returns a list containing given items.</doc>
<status status="PASS" start="2024-03-29T13:14:46.840356" elapsed="0.000176"/>
</kw>
<for flavor="IN">
<iter>
<kw name="Dictionary Should Contain Key" owner="Collections">
<msg time="2024-03-29T13:14:46.841483" level="INFO">False</msg>
<arg>${json_data['results'][0]}</arg>
<arg>${key}</arg>
<doc>Fails if ``key`` is not found from ``dictionary``.</doc>
<status status="PASS" start="2024-03-29T13:14:46.841076" elapsed="0.000446"/>
</kw>
<kw name="Log" owner="BuiltIn">
<msg time="2024-03-29T13:14:46.842185" level="INFO">{'gender': 'male', 'name': {'title': 'Mr', 'first': 'Volkan', 'last': 'Adal'}, 'location': {'street': {'number': 2092, 'name': 'Filistin Cd'}, 'city': 'Bolu', 'state': 'Bursa', 'country': 'Turkey', 'postcode': 35616, 'coordinates': {'latitude': '67.4686', 'longitude': '-43.9237'}, 'timezone': {'offset': '+8:00', 'description': 'Beijing, Perth, Singapore, Hong Kong'}}, 'email': 'volkan.adal@example.com', 'login': {'uuid': 'f0d39234-ecc5-4a2a-8494-8c04407efa37', 'username': 'organicfish577', 'password': 'doudou', 'salt': '4YWxPkNW', 'md5': '1eff7e87e7c6bd26b6f8a19d78b5a11e', 'sha1': '12d6a6a10d7c7f59985c54c111e49a29a8989066', 'sha256': '5b76c1633816ea0bdf54ee42b0c0444dd618f20ecbc1e3af1f8b7b3173173791'}, 'dob': {'date': '1987-10-06T21:43:21.000Z', 'age': 36}, 'registered': {'date': '2002-07-09T09:11:22.159Z', 'age': 21}, 'phone': '(204)-996-1448', 'cell': '(694)-220-7051', 'id': {'name': '', 'value': None}, 'picture': {'large': 'https://randomuser.me/api/portraits/men/29.jpg', 'medium': 'https://randomuser.me/api/portraits/med/men/29.jpg', 'thumbnail': 'https://randomuser.me/api/portraits/thumb/men/29.jpg'}, 'nat': 'TR'}</msg>
<arg>${json_data['results'][0]}</arg>
<doc>Logs the given message with the given level.</doc>
<status status="PASS" start="2024-03-29T13:14:46.841824" elapsed="0.000413"/>
</kw>
<kw name="Log" owner="BuiltIn">
<msg time="2024-03-29T13:14:46.842665" level="INFO">gender</msg>
<arg>${key}</arg>
<doc>Logs the given message with the given level.</doc>
<status status="PASS" start="2024-03-29T13:14:46.842536" elapsed="0.000167"/>
</kw>
<var name="${key}">gender</var>
<status status="PASS" start="2024-03-29T13:14:46.840955" elapsed="0.001968"/>
</iter>
<iter>
<kw name="Dictionary Should Contain Key" owner="Collections">
<msg time="2024-03-29T13:14:46.843622" level="INFO">False</msg>
<arg>${json_data['results'][0]}</arg>
<arg>${key}</arg>
<doc>Fails if ``key`` is not found from ``dictionary``.</doc>
<status status="PASS" start="2024-03-29T13:14:46.843222" elapsed="0.000436"/>
</kw>
<kw name="Log" owner="BuiltIn">
<msg time="2024-03-29T13:14:46.844368" level="INFO">{'gender': 'male', 'name': {'title': 'Mr', 'first': 'Volkan', 'last': 'Adal'}, 'location': {'street': {'number': 2092, 'name': 'Filistin Cd'}, 'city': 'Bolu', 'state': 'Bursa', 'country': 'Turkey', 'postcode': 35616, 'coordinates': {'latitude': '67.4686', 'longitude': '-43.9237'}, 'timezone': {'offset': '+8:00', 'description': 'Beijing, Perth, Singapore, Hong Kong'}}, 'email': 'volkan.adal@example.com', 'login': {'uuid': 'f0d39234-ecc5-4a2a-8494-8c04407efa37', 'username': 'organicfish577', 'password': 'doudou', 'salt': '4YWxPkNW', 'md5': '1eff7e87e7c6bd26b6f8a19d78b5a11e', 'sha1': '12d6a6a10d7c7f59985c54c111e49a29a8989066', 'sha256': '5b76c1633816ea0bdf54ee42b0c0444dd618f20ecbc1e3af1f8b7b3173173791'}, 'dob': {'date': '1987-10-06T21:43:21.000Z', 'age': 36}, 'registered': {'date': '2002-07-09T09:11:22.159Z', 'age': 21}, 'phone': '(204)-996-1448', 'cell': '(694)-220-7051', 'id': {'name': '', 'value': None}, 'picture': {'large': 'https://randomuser.me/api/portraits/men/29.jpg', 'medium': 'https://randomuser.me/api/portraits/med/men/29.jpg', 'thumbnail': 'https://randomuser.me/api/portraits/thumb/men/29.jpg'}, 'nat': 'TR'}</msg>
<arg>${json_data['results'][0]}</arg>
<doc>Logs the given message with the given level.</doc>
<status status="PASS" start="2024-03-29T13:14:46.844007" elapsed="0.000409"/>
</kw>
<kw name="Log" owner="BuiltIn">
<msg time="2024-03-29T13:14:46.844839" level="INFO">name</msg>
<arg>${key}</arg>
<doc>Logs the given message with the given level.</doc>
<status status="PASS" start="2024-03-29T13:14:46.844711" elapsed="0.000166"/>
</kw>
<var name="${key}">name</var>
<status status="PASS" start="2024-03-29T13:14:46.843107" elapsed="0.001985"/>
</iter>
<iter>
<kw name="Dictionary Should Contain Key" owner="Collections">
<msg time="2024-03-29T13:14:46.845750" level="INFO">False</msg>
<arg>${json_data['results'][0]}</arg>
<arg>${key}</arg>
<doc>Fails if ``key`` is not found from ``dictionary``.</doc>
<status status="PASS" start="2024-03-29T13:14:46.845379" elapsed="0.000408"/>
</kw>
<kw name="Log" owner="BuiltIn">
<msg time="2024-03-29T13:14:46.846440" level="INFO">{'gender': 'male', 'name': {'title': 'Mr', 'first': 'Volkan', 'last': 'Adal'}, 'location': {'street': {'number': 2092, 'name': 'Filistin Cd'}, 'city': 'Bolu', 'state': 'Bursa', 'country': 'Turkey', 'postcode': 35616, 'coordinates': {'latitude': '67.4686', 'longitude': '-43.9237'}, 'timezone': {'offset': '+8:00', 'description': 'Beijing, Perth, Singapore, Hong Kong'}}, 'email': 'volkan.adal@example.com', 'login': {'uuid': 'f0d39234-ecc5-4a2a-8494-8c04407efa37', 'username': 'organicfish577', 'password': 'doudou', 'salt': '4YWxPkNW', 'md5': '1eff7e87e7c6bd26b6f8a19d78b5a11e', 'sha1': '12d6a6a10d7c7f59985c54c111e49a29a8989066', 'sha256': '5b76c1633816ea0bdf54ee42b0c0444dd618f20ecbc1e3af1f8b7b3173173791'}, 'dob': {'date': '1987-10-06T21:43:21.000Z', 'age': 36}, 'registered': {'date': '2002-07-09T09:11:22.159Z', 'age': 21}, 'phone': '(204)-996-1448', 'cell': '(694)-220-7051', 'id': {'name': '', 'value': None}, 'picture': {'large': 'https://randomuser.me/api/portraits/men/29.jpg', 'medium': 'https://randomuser.me/api/portraits/med/men/29.jpg', 'thumbnail': 'https://randomuser.me/api/portraits/thumb/men/29.jpg'}, 'nat': 'TR'}</msg>
<arg>${json_data['results'][0]}</arg>
<doc>Logs the given message with the given level.</doc>
<status status="PASS" start="2024-03-29T13:14:46.846081" elapsed="0.000409"/>
</kw>
<kw name="Log" owner="BuiltIn">
<msg time="2024-03-29T13:14:46.846920" level="INFO">location</msg>
<arg>${key}</arg>
<doc>Logs the given message with the given level.</doc>
<status status="PASS" start="2024-03-29T13:14:46.846778" elapsed="0.000187"/>
</kw>
<var name="${key}">location</var>
<status status="PASS" start="2024-03-29T13:14:46.845268" elapsed="0.001914"/>
</iter>
<iter>
<kw name="Dictionary Should Contain Key" owner="Collections">
<msg time="2024-03-29T13:14:46.847884" level="INFO">False</msg>
<arg>${json_data['results'][0]}</arg>
<arg>${key}</arg>
<doc>Fails if ``key`` is not found from ``dictionary``.</doc>
<status status="PASS" start="2024-03-29T13:14:46.847464" elapsed="0.000457"/>
</kw>
<kw name="Log" owner="BuiltIn">
<msg time="2024-03-29T13:14:46.848570" level="INFO">{'gender': 'male', 'name': {'title': 'Mr', 'first': 'Volkan', 'last': 'Adal'}, 'location': {'street': {'number': 2092, 'name': 'Filistin Cd'}, 'city': 'Bolu', 'state': 'Bursa', 'country': 'Turkey', 'postcode': 35616, 'coordinates': {'latitude': '67.4686', 'longitude': '-43.9237'}, 'timezone': {'offset': '+8:00', 'description': 'Beijing, Perth, Singapore, Hong Kong'}}, 'email': 'volkan.adal@example.com', 'login': {'uuid': 'f0d39234-ecc5-4a2a-8494-8c04407efa37', 'username': 'organicfish577', 'password': 'doudou', 'salt': '4YWxPkNW', 'md5': '1eff7e87e7c6bd26b6f8a19d78b5a11e', 'sha1': '12d6a6a10d7c7f59985c54c111e49a29a8989066', 'sha256': '5b76c1633816ea0bdf54ee42b0c0444dd618f20ecbc1e3af1f8b7b3173173791'}, 'dob': {'date': '1987-10-06T21:43:21.000Z', 'age': 36}, 'registered': {'date': '2002-07-09T09:11:22.159Z', 'age': 21}, 'phone': '(204)-996-1448', 'cell': '(694)-220-7051', 'id': {'name': '', 'value': None}, 'picture': {'large': 'https://randomuser.me/api/portraits/men/29.jpg', 'medium': 'https://randomuser.me/api/portraits/med/men/29.jpg', 'thumbnail': 'https://randomuser.me/api/portraits/thumb/men/29.jpg'}, 'nat': 'TR'}</msg>
<arg>${json_data['results'][0]}</arg>
<doc>Logs the given message with the given level.</doc>
<status status="PASS" start="2024-03-29T13:14:46.848219" elapsed="0.000397"/>
</kw>
<kw name="Log" owner="BuiltIn">
<msg time="2024-03-29T13:14:46.849073" level="INFO">email</msg>
<arg>${key}</arg>
<doc>Logs the given message with the given level.</doc>
<status status="PASS" start="2024-03-29T13:14:46.848904" elapsed="0.000230"/>
</kw>
<var name="${key}">email</var>
<status status="PASS" start="2024-03-29T13:14:46.847354" elapsed="0.002055"/>
</iter>
<iter>
<kw name="Dictionary Should Contain Key" owner="Collections">
<msg time="2024-03-29T13:14:46.850092" level="INFO">False</msg>
<arg>${json_data['results'][0]}</arg>
<arg>${key}</arg>
<doc>Fails if ``key`` is not found from ``dictionary``.</doc>
<status status="PASS" start="2024-03-29T13:14:46.849709" elapsed="0.000420"/>
</kw>
<kw name="Log" owner="BuiltIn">
<msg time="2024-03-29T13:14:46.850774" level="INFO">{'gender': 'male', 'name': {'title': 'Mr', 'first': 'Volkan', 'last': 'Adal'}, 'location': {'street': {'number': 2092, 'name': 'Filistin Cd'}, 'city': 'Bolu', 'state': 'Bursa', 'country': 'Turkey', 'postcode': 35616, 'coordinates': {'latitude': '67.4686', 'longitude': '-43.9237'}, 'timezone': {'offset': '+8:00', 'description': 'Beijing, Perth, Singapore, Hong Kong'}}, 'email': 'volkan.adal@example.com', 'login': {'uuid': 'f0d39234-ecc5-4a2a-8494-8c04407efa37', 'username': 'organicfish577', 'password': 'doudou', 'salt': '4YWxPkNW', 'md5': '1eff7e87e7c6bd26b6f8a19d78b5a11e', 'sha1': '12d6a6a10d7c7f59985c54c111e49a29a8989066', 'sha256': '5b76c1633816ea0bdf54ee42b0c0444dd618f20ecbc1e3af1f8b7b3173173791'}, 'dob': {'date': '1987-10-06T21:43:21.000Z', 'age': 36}, 'registered': {'date': '2002-07-09T09:11:22.159Z', 'age': 21}, 'phone': '(204)-996-1448', 'cell': '(694)-220-7051', 'id': {'name': '', 'value': None}, 'picture': {'large': 'https://randomuser.me/api/portraits/men/29.jpg', 'medium': 'https://randomuser.me/api/portraits/med/men/29.jpg', 'thumbnail': 'https://randomuser.me/api/portraits/thumb/men/29.jpg'}, 'nat': 'TR'}</msg>
<arg>${json_data['results'][0]}</arg>
<doc>Logs the given message with the given level.</doc>
<status status="PASS" start="2024-03-29T13:14:46.850418" elapsed="0.000402"/>
</kw>
<kw name="Log" owner="BuiltIn">
<msg time="2024-03-29T13:14:46.851234" level="INFO">login</msg>
<arg>${key}</arg>
<doc>Logs the given message with the given level.</doc>
<status status="PASS" start="2024-03-29T13:14:46.851108" elapsed="0.000268"/>
</kw>
<var name="${key}">login</var>
<status status="PASS" start="2024-03-29T13:14:46.849591" elapsed="0.002011"/>
</iter>
<var>${key}</var>
<value>@{expected_keys}</value>
<status status="PASS" start="2024-03-29T13:14:46.840780" elapsed="0.011000"/>
</for>
<kw name="Create List" owner="BuiltIn">
<msg time="2024-03-29T13:14:46.852120" level="INFO">${expected_keysTwo} = ['username', 'password']</msg>
<var>${expected_keysTwo}</var>
<arg>username</arg>
<arg>password</arg>
<doc>Returns a list containing given items.</doc>
<status status="PASS" start="2024-03-29T13:14:46.851982" elapsed="0.000161"/>
</kw>
<for flavor="IN">
<iter>
<kw name="Dictionary Should Contain Key" owner="Collections">
<msg time="2024-03-29T13:14:46.853027" level="INFO">False</msg>
<arg>${json_data['results'][0]['login']}</arg>
<arg>${keyTwo}</arg>
<doc>Fails if ``key`` is not found from ``dictionary``.</doc>
<status status="PASS" start="2024-03-29T13:14:46.852644" elapsed="0.000420"/>
</kw>
<kw name="Dictionary Should Contain Key" owner="Collections">
<msg time="2024-03-29T13:14:46.853734" level="INFO">False</msg>
<arg>${json_data['results'][0]['login']}</arg>
<arg>${keyTwo}</arg>
<doc>Fails if ``key`` is not found from ``dictionary``.</doc>
<status status="PASS" start="2024-03-29T13:14:46.853360" elapsed="0.000411"/>
</kw>
<kw name="Log" owner="BuiltIn">
<msg time="2024-03-29T13:14:46.854187" level="INFO">username</msg>
<arg>${keyTwo}</arg>
<doc>Logs the given message with the given level.</doc>
<status status="PASS" start="2024-03-29T13:14:46.854061" elapsed="0.000163"/>
</kw>
<var name="${keyTwo}">username</var>
<status status="PASS" start="2024-03-29T13:14:46.852533" elapsed="0.001905"/>
</iter>
<iter>
<kw name="Dictionary Should Contain Key" owner="Collections">
<msg time="2024-03-29T13:14:46.855187" level="INFO">False</msg>
<arg>${json_data['results'][0]['login']}</arg>
<arg>${keyTwo}</arg>
<doc>Fails if ``key`` is not found from ``dictionary``.</doc>
<status status="PASS" start="2024-03-29T13:14:46.854721" elapsed="0.000531"/>
</kw>
<kw name="Dictionary Should Contain Key" owner="Collections">
<msg time="2024-03-29T13:14:46.856381" level="INFO">False</msg>
<arg>${json_data['results'][0]['login']}</arg>
<arg>${keyTwo}</arg>
<doc>Fails if ``key`` is not found from ``dictionary``.</doc>
<status status="PASS" start="2024-03-29T13:14:46.855752" elapsed="0.000684"/>
</kw>
<kw name="Log" owner="BuiltIn">
<msg time="2024-03-29T13:14:46.857062" level="INFO">password</msg>
<arg>${keyTwo}</arg>
<doc>Logs the given message with the given level.</doc>
<status status="PASS" start="2024-03-29T13:14:46.856864" elapsed="0.000265"/>
</kw>
<var name="${keyTwo}">password</var>
<status status="PASS" start="2024-03-29T13:14:46.854611" elapsed="0.002871"/>
</iter>
<var>${keyTwo}</var>
<value>@{expected_keysTwo}</value>
<status status="PASS" start="2024-03-29T13:14:46.852383" elapsed="0.005312"/>
</for>
<status status="PASS" start="2024-03-29T13:14:46.753195" elapsed="0.104751"/>
</kw>
<doc>Testa a estrutura da resposta da API.</doc>
<tag>testeEstruturaResposta</tag>
<status status="PASS" start="2024-03-29T13:14:46.752543" elapsed="0.105680"/>
</test>
<test id="s1-s1-t4" name="Validar tipos de dados" line="28">
<kw name="Teste de Tipos de Dados" owner="random-user-service">
<kw name="GET On Session" owner="RequestsLibrary">
<msg time="2024-03-29T13:14:46.955907" level="INFO">GET Request : url=https://randomuser.me/api 
 path_url=/api 
 headers={'User-Agent': 'python-requests/2.31.0', 'Accept-Encoding': 'gzip, deflate', 'Accept': '*/*', 'Connection': 'keep-alive'} 
 body=None 
 </msg>
<msg time="2024-03-29T13:14:46.955994" level="INFO">GET Response : url=https://randomuser.me/api 
 status=200, reason=OK 
 headers={'Date': 'Fri, 29 Mar 2024 13:14:46 GMT', 'Content-Type': 'application/json; charset=utf-8', 'Transfer-Encoding': 'chunked', 'Connection': 'keep-alive', 'X-Powered-By': 'Express', 'Access-Control-Allow-Origin': '*', 'Cache-Control': 'no-cache', 'ETag': 'W/"4b3-LdmfHzg/yNQMGk5XibfWUqj8M3A"', 'Vary': 'Accept-Encoding', 'Content-Encoding': 'gzip', 'CF-Cache-Status': 'DYNAMIC', 'Report-To': '{"endpoints":[{"url":"https:\\/\\/a.nel.cloudflare.com\\/report\\/v4?s=jzVhz%2FRi7frz%2FaM9qdZ2RiVpRQ2%2BEe9XKMKwUTLPu%2BW%2FiwmjT%2FPSgYi1v8xji1z%2Bm5cRRayTMsHrwWtve9gsGFd1A7ESWFferS17fVjen5UMdK%2FAgbCyobJZtRuze93A"}],"group":"cf-nel","max_age":604800}', 'NEL': '{"success_fraction":0,"report_to":"cf-nel","max_age":604800}', 'Server': 'cloudflare', 'CF-RAY': '86c01ffaee1b9447-SJC', 'alt-svc': 'h3=":443"; ma=86400'} 
 body={"results":[{"gender":"male","name":{"title":"Mr","first":"Tristan","last":"Carpentier"},"location":{"street":{"number":8707,"name":"Rue Abel-Hovelacque"},"city":"Bordeaux","state":"Saône-et-Loire","country":"France","postcode":59975,"coordinates":{"latitude":"-18.3206","longitude":"-166.9331"},"timezone":{"offset":"-4:00","description":"Atlantic Time (Canada), Caracas, La Paz"}},"email":"tristan.carpentier@example.com","login":{"uuid":"f24d52d8-3f4a-41ac-adcd-536afdc740cd","username":"smallswan402","password":"spinner","salt":"p0qOeQUz","md5":"bc468f195cb561a6719ba2101f068224","sha1":"1e9f2577f010d3b54cba3cdc29f7c60238891615","sha256":"96cc0bb211d9e9f3a2085117efa5400f861b93a2ef09205d1bf9dd2fb0225902"},"dob":{"date":"1955-08-05T14:56:16.665Z","age":68},"registered":{"date":"2010-01-21T07:53:55.787Z","age":14},"phone":"05-87-43-08-83","cell":"06-48-58-20-26","id":{"name":"INSEE","value":"1550780875150 41"},"picture":{"large":"https://randomuser.me/api/portraits/men/66.jpg","medium":"https://randomuser.me/api/portraits/med/men/66.jpg","thumbnail":"https://randomuser.me/api/portraits/thumb/men/66.jpg"},"nat":"FR"}],"info":{"seed":"f326b41478a0da2c","results":1,"page":1,"version":"1.4"}} 
 </msg>
<msg time="2024-03-29T13:14:46.956069" level="INFO">/opt/hostedtoolcache/Python/3.12.2/x64/lib/python3.12/site-packages/urllib3/connectionpool.py:1103: InsecureRequestWarning: Unverified HTTPS request is being made to host 'randomuser.me'. Adding certificate verification is strongly advised. See: https://urllib3.readthedocs.io/en/latest/advanced-usage.html#tls-warnings
  warnings.warn(</msg>
<msg time="2024-03-29T13:14:46.956211" level="INFO">${response} = &lt;Response [200]&gt;</msg>
<var>${response}</var>
<arg>consultarAPI</arg>
<arg>/api</arg>
<doc>Sends a GET request on a previously created HTTP Session.</doc>
<status status="PASS" start="2024-03-29T13:14:46.862428" elapsed="0.093842"/>
</kw>
<kw name="Set Variable" owner="BuiltIn">
<msg time="2024-03-29T13:14:46.957167" level="INFO">${json_data} = {'results': [{'gender': 'male', 'name': {'title': 'Mr', 'first': 'Tristan', 'last': 'Carpentier'}, 'location': {'street': {'number': 8707, 'name': 'Rue Abel-Hovelacque'}, 'city': 'Bordeaux', 'state': ...</msg>
<var>${json_data}</var>
<arg>${response.json()}</arg>
<doc>Returns the given values which can then be assigned to a variables.</doc>
<status status="PASS" start="2024-03-29T13:14:46.956708" elapsed="0.000487"/>
</kw>
<kw name="Log" owner="BuiltIn">
<msg time="2024-03-29T13:14:46.957669" level="INFO">{'results': [{'gender': 'male', 'name': {'title': 'Mr', 'first': 'Tristan', 'last': 'Carpentier'}, 'location': {'street': {'number': 8707, 'name': 'Rue Abel-Hovelacque'}, 'city': 'Bordeaux', 'state': 'Saône-et-Loire', 'country': 'France', 'postcode': 59975, 'coordinates': {'latitude': '-18.3206', 'longitude': '-166.9331'}, 'timezone': {'offset': '-4:00', 'description': 'Atlantic Time (Canada), Caracas, La Paz'}}, 'email': 'tristan.carpentier@example.com', 'login': {'uuid': 'f24d52d8-3f4a-41ac-adcd-536afdc740cd', 'username': 'smallswan402', 'password': 'spinner', 'salt': 'p0qOeQUz', 'md5': 'bc468f195cb561a6719ba2101f068224', 'sha1': '1e9f2577f010d3b54cba3cdc29f7c60238891615', 'sha256': '96cc0bb211d9e9f3a2085117efa5400f861b93a2ef09205d1bf9dd2fb0225902'}, 'dob': {'date': '1955-08-05T14:56:16.665Z', 'age': 68}, 'registered': {'date': '2010-01-21T07:53:55.787Z', 'age': 14}, 'phone': '05-87-43-08-83', 'cell': '06-48-58-20-26', 'id': {'name': 'INSEE', 'value': '1550780875150 41'}, 'picture': {'large': 'https://randomuser.me/api/portraits/men/66.jpg', 'medium': 'https://randomuser.me/api/portraits/med/men/66.jpg', 'thumbnail': 'https://randomuser.me/api/portraits/thumb/men/66.jpg'}, 'nat': 'FR'}], 'info': {'seed': 'f326b41478a0da2c', 'results': 1, 'page': 1, 'version': '1.4'}}</msg>
<arg>${json_data}</arg>
<doc>Logs the given message with the given level.</doc>
<status status="PASS" start="2024-03-29T13:14:46.957511" elapsed="0.000239"/>
</kw>
<kw name="Should Be String" owner="String">
<arg>${json_data['results'][0]['gender']}</arg>
<doc>Fails if the given ``item`` is not a string.</doc>
<status status="PASS" start="2024-03-29T13:14:46.958052" elapsed="0.000364"/>
</kw>
<kw name="Should Match Regexp" owner="BuiltIn">
<arg>${json_data['results'][0]['email']}</arg>
<arg>^[a-zA-Z0-9._%+-]+@[a-zA-Z0-9.-]+\.[a-zA-Z]{2,}$</arg>
<doc>Fails if ``string`` does not match ``pattern`` as a regular expression.</doc>
<status status="PASS" start="2024-03-29T13:14:46.958613" elapsed="0.000501"/>
</kw>
<kw name="Should Match Regexp" owner="BuiltIn">
<arg>${json_data['results'][0]['dob']['date']}</arg>
<arg>\\d{4}-\\d{2}-\\d{2}T\\d{2}:\\d{2}:\\d{2}\\.\\d{3}Z</arg>
<doc>Fails if ``string`` does not match ``pattern`` as a regular expression.</doc>
<status status="PASS" start="2024-03-29T13:14:46.959312" elapsed="0.000530"/>
</kw>
<kw name="Should Match Regexp" owner="BuiltIn">
<arg>${json_data['results'][0]['registered']['date']}</arg>
<arg>\\d{4}-\\d{2}-\\d{2}T\\d{2}:\\d{2}:\\d{2}\\.\\d{3}Z</arg>
<doc>Fails if ``string`` does not match ``pattern`` as a regular expression.</doc>
<status status="PASS" start="2024-03-29T13:14:46.960054" elapsed="0.000374"/>
</kw>
<kw name="Should Match Regexp" owner="BuiltIn">
<arg>${json_data['results'][0]['picture']['large']}</arg>
<arg>^https?://.*\.(?:png|jpe?g|gif|bmp)$</arg>
<doc>Fails if ``string`` does not match ``pattern`` as a regular expression.</doc>
<status status="PASS" start="2024-03-29T13:14:46.960619" elapsed="0.000468"/>
</kw>
<kw name="Should Match Regexp" owner="BuiltIn">
<arg>${json_data['results'][0]['picture']['medium']}</arg>
<arg>^https?://.*\.(?:png|jpe?g|gif|bmp)$</arg>
<doc>Fails if ``string`` does not match ``pattern`` as a regular expression.</doc>
<status status="PASS" start="2024-03-29T13:14:46.961280" elapsed="0.000364"/>
</kw>
<kw name="Should Match Regexp" owner="BuiltIn">
<arg>${json_data['results'][0]['picture']['thumbnail']}</arg>
<arg>^https?://.*\.(?:png|jpe?g|gif|bmp)$</arg>
<doc>Fails if ``string`` does not match ``pattern`` as a regular expression.</doc>
<status status="PASS" start="2024-03-29T13:14:46.961833" elapsed="0.000349"/>
</kw>
<kw name="Log" owner="BuiltIn">
<msg time="2024-03-29T13:14:46.962689" level="INFO">{'large': 'https://randomuser.me/api/portraits/men/66.jpg', 'medium': 'https://randomuser.me/api/portraits/med/men/66.jpg', 'thumbnail': 'https://randomuser.me/api/portraits/thumb/men/66.jpg'}</msg>
<arg>${json_data['results'][0]['picture']}</arg>
<doc>Logs the given message with the given level.</doc>
<status status="PASS" start="2024-03-29T13:14:46.962363" elapsed="0.000373"/>
</kw>
<status status="PASS" start="2024-03-29T13:14:46.862123" elapsed="0.100865"/>
</kw>
<kw name="Teste de Tipos de Dados - Postcode" owner="random-user-service">
<kw name="GET On Session" owner="RequestsLibrary">
<msg time="2024-03-29T13:14:47.052054" level="INFO">GET Request : url=https://randomuser.me/api 
 path_url=/api 
 headers={'User-Agent': 'python-requests/2.31.0', 'Accept-Encoding': 'gzip, deflate', 'Accept': '*/*', 'Connection': 'keep-alive'} 
 body=None 
 </msg>
<msg time="2024-03-29T13:14:47.052138" level="INFO">GET Response : url=https://randomuser.me/api 
 status=200, reason=OK 
 headers={'Date': 'Fri, 29 Mar 2024 13:14:47 GMT', 'Content-Type': 'application/json; charset=utf-8', 'Transfer-Encoding': 'chunked', 'Connection': 'keep-alive', 'X-Powered-By': 'Express', 'Access-Control-Allow-Origin': '*', 'Cache-Control': 'no-cache', 'ETag': 'W/"474-wNTK8zPX3q5c4BYJRsgCIMQwpzo"', 'Vary': 'Accept-Encoding', 'Content-Encoding': 'gzip', 'CF-Cache-Status': 'DYNAMIC', 'Report-To': '{"endpoints":[{"url":"https:\\/\\/a.nel.cloudflare.com\\/report\\/v4?s=GAI6YBeaF2EKmrMqepb4QkRD%2Bbyg51T3KOG1ESlpuxJhQD1wRKhT69%2B4qBXj%2BKF%2BJQkuSZawEJcYR35reSqWqotcY7Z7nerK4kglMw90W4FdWpjC2LFZ9i9Krq%2BmP7QD"}],"group":"cf-nel","max_age":604800}', 'NEL': '{"success_fraction":0,"report_to":"cf-nel","max_age":604800}', 'Server': 'cloudflare', 'CF-RAY': '86c01ffb8e5a9447-SJC', 'alt-svc': 'h3=":443"; ma=86400'} 
 body={"results":[{"gender":"female","name":{"title":"Mrs","first":"Stephanie","last":"Pena"},"location":{"street":{"number":9456,"name":"Saddle Dr"},"city":"Tweed","state":"Queensland","country":"Australia","postcode":7170,"coordinates":{"latitude":"-88.4047","longitude":"130.7331"},"timezone":{"offset":"+3:30","description":"Tehran"}},"email":"stephanie.pena@example.com","login":{"uuid":"eb59fbe6-c17e-4915-81cd-94beb78b639a","username":"smallmouse329","password":"server","salt":"hC3Kexqf","md5":"2e6eb962a303ade0e28e7167ff3edb0f","sha1":"307586be918b75c8b548db84f35e5a443d4590b5","sha256":"bd3ee38caea0229c74b7e63002af90371e2c80ec6c4f028d29ea145d74bfc318"},"dob":{"date":"1986-11-05T13:15:20.222Z","age":37},"registered":{"date":"2020-09-20T09:10:52.783Z","age":3},"phone":"04-5642-5651","cell":"0467-218-225","id":{"name":"TFN","value":"399993568"},"picture":{"large":"https://randomuser.me/api/portraits/women/68.jpg","medium":"https://randomuser.me/api/portraits/med/women/68.jpg","thumbnail":"https://randomuser.me/api/portraits/thumb/women/68.jpg"},"nat":"AU"}],"info":{"seed":"1efa93dc43720081","results":1,"page":1,"version":"1.4"}} 
 </msg>
<msg time="2024-03-29T13:14:47.052221" level="INFO">/opt/hostedtoolcache/Python/3.12.2/x64/lib/python3.12/site-packages/urllib3/connectionpool.py:1103: InsecureRequestWarning: Unverified HTTPS request is being made to host 'randomuser.me'. Adding certificate verification is strongly advised. See: https://urllib3.readthedocs.io/en/latest/advanced-usage.html#tls-warnings
  warnings.warn(</msg>
<msg time="2024-03-29T13:14:47.052363" level="INFO">${response} = &lt;Response [200]&gt;</msg>
<var>${response}</var>
<arg>consultarAPI</arg>
<arg>/api</arg>
<doc>Sends a GET request on a previously created HTTP Session.</doc>
<status status="PASS" start="2024-03-29T13:14:46.963556" elapsed="0.088862"/>
</kw>
<kw name="Set Variable" owner="BuiltIn">
<msg time="2024-03-29T13:14:47.053334" level="INFO">${json_data} = {'results': [{'gender': 'female', 'name': {'title': 'Mrs', 'first': 'Stephanie', 'last': 'Pena'}, 'location': {'street': {'number': 9456, 'name': 'Saddle Dr'}, 'city': 'Tweed', 'state': 'Queensland', ...</msg>
<var>${json_data}</var>
<arg>${response.json()}</arg>
<doc>Returns the given values which can then be assigned to a variables.</doc>
<status status="PASS" start="2024-03-29T13:14:47.052894" elapsed="0.000469"/>
</kw>
<kw name="Log" owner="BuiltIn">
<msg time="2024-03-29T13:14:47.053817" level="INFO">{'results': [{'gender': 'female', 'name': {'title': 'Mrs', 'first': 'Stephanie', 'last': 'Pena'}, 'location': {'street': {'number': 9456, 'name': 'Saddle Dr'}, 'city': 'Tweed', 'state': 'Queensland', 'country': 'Australia', 'postcode': 7170, 'coordinates': {'latitude': '-88.4047', 'longitude': '130.7331'}, 'timezone': {'offset': '+3:30', 'description': 'Tehran'}}, 'email': 'stephanie.pena@example.com', 'login': {'uuid': 'eb59fbe6-c17e-4915-81cd-94beb78b639a', 'username': 'smallmouse329', 'password': 'server', 'salt': 'hC3Kexqf', 'md5': '2e6eb962a303ade0e28e7167ff3edb0f', 'sha1': '307586be918b75c8b548db84f35e5a443d4590b5', 'sha256': 'bd3ee38caea0229c74b7e63002af90371e2c80ec6c4f028d29ea145d74bfc318'}, 'dob': {'date': '1986-11-05T13:15:20.222Z', 'age': 37}, 'registered': {'date': '2020-09-20T09:10:52.783Z', 'age': 3}, 'phone': '04-5642-5651', 'cell': '0467-218-225', 'id': {'name': 'TFN', 'value': '399993568'}, 'picture': {'large': 'https://randomuser.me/api/portraits/women/68.jpg', 'medium': 'https://randomuser.me/api/portraits/med/women/68.jpg', 'thumbnail': 'https://randomuser.me/api/portraits/thumb/women/68.jpg'}, 'nat': 'AU'}], 'info': {'seed': '1efa93dc43720081', 'results': 1, 'page': 1, 'version': '1.4'}}</msg>
<arg>${json_data}</arg>
<doc>Logs the given message with the given level.</doc>
<status status="PASS" start="2024-03-29T13:14:47.053663" elapsed="0.000230"/>
</kw>
<kw name="Should Be Equal As Numbers" owner="BuiltIn">
<arg>${json_data['results'][0]['location']['postcode']}</arg>
<arg>${json_data['results'][0]['location']['postcode']}</arg>
<doc>Fails if objects are unequal after converting them to real numbers.</doc>
<status status="PASS" start="2024-03-29T13:14:47.054191" elapsed="0.000626"/>
</kw>
<kw name="Log" owner="BuiltIn">
<msg time="2024-03-29T13:14:47.055343" level="INFO">7170</msg>
<arg>${json_data['results'][0]['location']['postcode']}</arg>
<doc>Logs the given message with the given level.</doc>
<status status="PASS" start="2024-03-29T13:14:47.055009" elapsed="0.000374"/>
</kw>
<status status="PASS" start="2024-03-29T13:14:46.963202" elapsed="0.092429"/>
</kw>
<doc>Testa se os tipos de dados na resposta da API estão corretos.</doc>
<tag>testeTiposDados</tag>
<status status="PASS" start="2024-03-29T13:14:46.861515" elapsed="0.194338"/>
</test>
<test id="s1-s1-t5" name="Validar conteudo" line="35">
<kw name="Teste de Tipos de Conteudo" owner="random-user-service">
<kw name="GET On Session" owner="RequestsLibrary">
<msg time="2024-03-29T13:14:47.152731" level="INFO">GET Request : url=https://randomuser.me/api 
 path_url=/api 
 headers={'User-Agent': 'python-requests/2.31.0', 'Accept-Encoding': 'gzip, deflate', 'Accept': '*/*', 'Connection': 'keep-alive'} 
 body=None 
 </msg>
<msg time="2024-03-29T13:14:47.152814" level="INFO">GET Response : url=https://randomuser.me/api 
 status=200, reason=OK 
 headers={'Date': 'Fri, 29 Mar 2024 13:14:47 GMT', 'Content-Type': 'application/json; charset=utf-8', 'Transfer-Encoding': 'chunked', 'Connection': 'keep-alive', 'X-Powered-By': 'Express', 'Access-Control-Allow-Origin': '*', 'Cache-Control': 'no-cache', 'ETag': 'W/"49a-j5XKFwHS/r/x/UcL+xgGMLY3ziA"', 'Vary': 'Accept-Encoding', 'Content-Encoding': 'gzip', 'CF-Cache-Status': 'DYNAMIC', 'Report-To': '{"endpoints":[{"url":"https:\\/\\/a.nel.cloudflare.com\\/report\\/v4?s=RwNPYuYglaPLIgF32dpu3OU86gTwZIbzwz9oMQ2ZSEtUPtavPBd35BZLnYiHdnOJqdJD4BPYdA%2BQ6u%2FqpnEG9BPWXdKkVe2kJgeWnwsBPB7wyISPVtNgSJAX4Du1aTCP"}],"group":"cf-nel","max_age":604800}', 'NEL': '{"success_fraction":0,"report_to":"cf-nel","max_age":604800}', 'Server': 'cloudflare', 'CF-RAY': '86c01ffc2eaa9447-SJC', 'alt-svc': 'h3=":443"; ma=86400'} 
 body={"results":[{"gender":"male","name":{"title":"Mr","first":"Lauriano","last":"Melo"},"location":{"street":{"number":5832,"name":"Rua Santos Dumont "},"city":"Parnamirim","state":"Santa Catarina","country":"Brazil","postcode":40824,"coordinates":{"latitude":"-77.3490","longitude":"-130.7625"},"timezone":{"offset":"+2:00","description":"Kaliningrad, South Africa"}},"email":"lauriano.melo@example.com","login":{"uuid":"9989bad5-3a6d-457a-8b06-fa7ceb070d44","username":"angrygorilla998","password":"reptile","salt":"lPy1uCOp","md5":"d36dde9ed5c439cab7ebc2554e31d58d","sha1":"1067d2b22b8b1739df6e8811d82e22f14b5ccdfb","sha256":"4757aba2d6fe4548e5acd7de7a253705df3f53ff09a58a0b2a5c4b06470895a8"},"dob":{"date":"1981-11-09T15:57:13.549Z","age":42},"registered":{"date":"2011-12-12T20:48:58.942Z","age":12},"phone":"(87) 0408-2289","cell":"(15) 0342-5856","id":{"name":"CPF","value":"413.754.555-89"},"picture":{"large":"https://randomuser.me/api/portraits/men/79.jpg","medium":"https://randomuser.me/api/portraits/med/men/79.jpg","thumbnail":"https://randomuser.me/api/portraits/thumb/men/79.jpg"},"nat":"BR"}],"info":{"seed":"7a0b4488afd24855","results":1,"page":1,"version":"1.4"}} 
 </msg>
<msg time="2024-03-29T13:14:47.152885" level="INFO">/opt/hostedtoolcache/Python/3.12.2/x64/lib/python3.12/site-packages/urllib3/connectionpool.py:1103: InsecureRequestWarning: Unverified HTTPS request is being made to host 'randomuser.me'. Adding certificate verification is strongly advised. See: https://urllib3.readthedocs.io/en/latest/advanced-usage.html#tls-warnings
  warnings.warn(</msg>
<msg time="2024-03-29T13:14:47.152997" level="INFO">${response} = &lt;Response [200]&gt;</msg>
<var>${response}</var>
<arg>consultarAPI</arg>
<arg>/api</arg>
<doc>Sends a GET request on a previously created HTTP Session.</doc>
<status status="PASS" start="2024-03-29T13:14:47.058224" elapsed="0.094807"/>
</kw>
<kw name="Set Variable" owner="BuiltIn">
<msg time="2024-03-29T13:14:47.153910" level="INFO">${json_data} = {'results': [{'gender': 'male', 'name': {'title': 'Mr', 'first': 'Lauriano', 'last': 'Melo'}, 'location': {'street': {'number': 5832, 'name': 'Rua Santos Dumont '}, 'city': 'Parnamirim', 'state': 'San...</msg>
<var>${json_data}</var>
<arg>${response.json()}</arg>
<doc>Returns the given values which can then be assigned to a variables.</doc>
<status status="PASS" start="2024-03-29T13:14:47.153476" elapsed="0.000461"/>
</kw>
<kw name="Set Variable" owner="BuiltIn">
<msg time="2024-03-29T13:14:47.154611" level="INFO">${name_title} = Mr</msg>
<var>${name_title}</var>
<arg>${json_data["results"][0]["name"]["title"]}</arg>
<doc>Returns the given values which can then be assigned to a variables.</doc>
<status status="PASS" start="2024-03-29T13:14:47.154236" elapsed="0.000399"/>
</kw>
<kw name="Create List" owner="BuiltIn">
<msg time="2024-03-29T13:14:47.155073" level="INFO">${allowed_titles} = ['Mr', 'Ms', 'Miss', 'Mrs', 'Madame', 'Monsieur']</msg>
<var>${allowed_titles}</var>
<arg>Mr</arg>
<arg>Ms</arg>
<arg>Miss</arg>
<arg>Mrs</arg>
<arg>Madame</arg>
<arg>Monsieur</arg>
<doc>Returns a list containing given items.</doc>
<status status="PASS" start="2024-03-29T13:14:47.154926" elapsed="0.000170"/>
</kw>
<kw name="List Should Contain Value" owner="Collections">
<msg time="2024-03-29T13:14:47.155561" level="INFO">False</msg>
<arg>${allowed_titles}</arg>
<arg>${name_title}</arg>
<doc>Fails if the ``value`` is not found from ``list``.</doc>
<status status="PASS" start="2024-03-29T13:14:47.155394" elapsed="0.000208"/>
</kw>
<kw name="Set Variable" owner="BuiltIn">
<msg time="2024-03-29T13:14:47.156327" level="INFO">${name_country} = BR</msg>
<var>${name_country}</var>
<arg>${json_data["results"][0]["nat"]}</arg>
<doc>Returns the given values which can then be assigned to a variables.</doc>
<status status="PASS" start="2024-03-29T13:14:47.155954" elapsed="0.000397"/>
</kw>
<kw name="Create List" owner="BuiltIn">
<msg time="2024-03-29T13:14:47.157250" level="INFO">${list_country} = ['AD', 'AE', 'AF', 'AG', 'AI', 'AL', 'AM', 'AO', 'AQ', 'AR', 'AS', 'AT', 'AU', 'AW', 'AX', 'AZ', 'BA', 'BB', 'BD', 'BE', 'BF', 'BG', 'BH', 'BI', 'BJ', 'BL', 'BM', 'BN', 'BO', 'BQ', 'BR', 'BS', 'BT', '...</msg>
<var>${list_country}</var>
<arg>AD</arg>
<arg>AE</arg>
<arg>AF</arg>
<arg>AG</arg>
<arg>AI</arg>
<arg>AL</arg>
<arg>AM</arg>
<arg>AO</arg>
<arg>AQ</arg>
<arg>AR</arg>
<arg>AS</arg>
<arg>AT</arg>
<arg>AU</arg>
<arg>AW</arg>
<arg>AX</arg>
<arg>AZ</arg>
<arg>BA</arg>
<arg>BB</arg>
<arg>BD</arg>
<arg>BE</arg>
<arg>BF</arg>
<arg>BG</arg>
<arg>BH</arg>
<arg>BI</arg>
<arg>BJ</arg>
<arg>BL</arg>
<arg>BM</arg>
<arg>BN</arg>
<arg>BO</arg>
<arg>BQ</arg>
<arg>BR</arg>
<arg>BS</arg>
<arg>BT</arg>
<arg>BV</arg>
<arg>BW</arg>
<arg>BY</arg>
<arg>BZ</arg>
<arg>CA</arg>
<arg>CC</arg>
<arg>CD</arg>
<arg>CF</arg>
<arg>CG</arg>
<arg>CH</arg>
<arg>CI</arg>
<arg>CK</arg>
<arg>CL</arg>
<arg>CM</arg>
<arg>CN</arg>
<arg>CO</arg>
<arg>CR</arg>
<arg>CU</arg>
<arg>CV</arg>
<arg>CW</arg>
<arg>CX</arg>
<arg>CY</arg>
<arg>CZ</arg>
<arg>DE</arg>
<arg>DJ</arg>
<arg>DK</arg>
<arg>DM</arg>
<arg>DO</arg>
<arg>DZ</arg>
<arg>EC</arg>
<arg>EE</arg>
<arg>EG</arg>
<arg>EH</arg>
<arg>ER</arg>
<arg>ES</arg>
<arg>ET</arg>
<arg>FI</arg>
<arg>FJ</arg>
<arg>FK</arg>
<arg>FM</arg>
<arg>FO</arg>
<arg>FR</arg>
<arg>GA</arg>
<arg>GB</arg>
<arg>GD</arg>
<arg>GE</arg>
<arg>GF</arg>
<arg>GG</arg>
<arg>GH</arg>
<arg>GI</arg>
<arg>GL</arg>
<arg>GM</arg>
<arg>GN</arg>
<arg>GP</arg>
<arg>GQ</arg>
<arg>GR</arg>
<arg>GS</arg>
<arg>GT</arg>
<arg>GU</arg>
<arg>GW</arg>
<arg>GY</arg>
<arg>HK</arg>
<arg>HM</arg>
<arg>HN</arg>
<arg>HR</arg>
<arg>HT</arg>
<arg>HU</arg>
<arg>ID</arg>
<arg>IE</arg>
<arg>IL</arg>
<arg>IM</arg>
<arg>IN</arg>
<arg>IO</arg>
<arg>IQ</arg>
<arg>IR</arg>
<arg>IS</arg>
<arg>IT</arg>
<arg>JE</arg>
<arg>JM</arg>
<arg>JO</arg>
<arg>JP</arg>
<arg>KE</arg>
<arg>KG</arg>
<arg>KH</arg>
<arg>KI</arg>
<arg>KM</arg>
<arg>KN</arg>
<arg>KP</arg>
<arg>KR</arg>
<arg>KW</arg>
<arg>KY</arg>
<arg>KZ</arg>
<arg>LA</arg>
<arg>LB</arg>
<arg>LC</arg>
<arg>LI</arg>
<arg>LK</arg>
<arg>LR</arg>
<arg>LS</arg>
<arg>LT</arg>
<arg>LU</arg>
<arg>LV</arg>
<arg>LY</arg>
<arg>MA</arg>
<arg>MC</arg>
<arg>MD</arg>
<arg>ME</arg>
<arg>MF</arg>
<arg>MG</arg>
<arg>MH</arg>
<arg>MK</arg>
<arg>ML</arg>
<arg>MM</arg>
<arg>MN</arg>
<arg>MO</arg>
<arg>MP</arg>
<arg>MQ</arg>
<arg>MR</arg>
<arg>MS</arg>
<arg>MT</arg>
<arg>MU</arg>
<arg>MV</arg>
<arg>MW</arg>
<arg>MX</arg>
<arg>MY</arg>
<arg>MZ</arg>
<arg>NA</arg>
<arg>NC</arg>
<arg>NE</arg>
<arg>NF</arg>
<arg>NG</arg>
<arg>NI</arg>
<arg>NL</arg>
<arg>NO</arg>
<arg>NP</arg>
<arg>NR</arg>
<arg>NU</arg>
<arg>NZ</arg>
<arg>OM</arg>
<arg>PA</arg>
<arg>PE</arg>
<arg>PF</arg>
<arg>PG</arg>
<arg>PH</arg>
<arg>PK</arg>
<arg>PL</arg>
<arg>PM</arg>
<arg>PN</arg>
<arg>PR</arg>
<arg>PS</arg>
<arg>PT</arg>
<arg>PW</arg>
<arg>PY</arg>
<arg>QA</arg>
<arg>RE</arg>
<arg>RO</arg>
<arg>RS</arg>
<arg>RU</arg>
<arg>RW</arg>
<arg>SA</arg>
<arg>SB</arg>
<arg>SC</arg>
<arg>SD</arg>
<arg>SE</arg>
<arg>SG</arg>
<arg>SH</arg>
<arg>SI</arg>
<arg>SJ</arg>
<arg>SK</arg>
<arg>SL</arg>
<arg>SM</arg>
<arg>SN</arg>
<arg>SO</arg>
<arg>SR</arg>
<arg>SS</arg>
<arg>ST</arg>
<arg>SV</arg>
<arg>SX</arg>
<arg>SY</arg>
<arg>SZ</arg>
<arg>TC</arg>
<arg>TD</arg>
<arg>TF</arg>
<arg>TG</arg>
<arg>TH</arg>
<arg>TJ</arg>
<arg>TK</arg>
<arg>TL</arg>
<arg>TM</arg>
<arg>TN</arg>
<arg>TO</arg>
<arg>TR</arg>
<arg>TT</arg>
<arg>TV</arg>
<arg>TW</arg>
<arg>TZ</arg>
<arg>UA</arg>
<arg>UG</arg>
<arg>UM</arg>
<arg>US</arg>
<arg>UY</arg>
<arg>UZ</arg>
<arg>VA</arg>
<arg>VC</arg>
<arg>VE</arg>
<arg>VG</arg>
<arg>VI</arg>
<arg>VN</arg>
<arg>VU</arg>
<arg>WF</arg>
<arg>WS</arg>
<arg>XK</arg>
<arg>YE</arg>
<arg>YT</arg>
<arg>ZA</arg>
<arg>ZM</arg>
<arg>ZW</arg>
<doc>Returns a list containing given items.</doc>
<status status="PASS" start="2024-03-29T13:14:47.156656" elapsed="0.000618"/>
</kw>
<kw name="List Should Contain Value" owner="Collections">
<msg time="2024-03-29T13:14:47.158369" level="INFO">False</msg>
<arg>${list_country}</arg>
<arg>${name_country}</arg>
<doc>Fails if the ``value`` is not found from ``list``.</doc>
<status status="PASS" start="2024-03-29T13:14:47.158166" elapsed="0.000241"/>
</kw>
<kw name="Run Keyword If" owner="BuiltIn">
<kw name="Should Be True" owner="BuiltIn">
<arg>${True}</arg>
<doc>Fails if the given condition is not true.</doc>
<status status="PASS" start="2024-03-29T13:14:47.159455" elapsed="0.000144"/>
</kw>
<arg>${json_data["results"][0]["location"]["coordinates"]["latitude"]} &gt;= -90 and ${json_data["results"][0]["location"]["coordinates"]["latitude"]} &lt;= 90</arg>
<arg>Should Be True</arg>
<arg>${True}</arg>
<doc>Runs the given keyword with the given arguments, if ``condition`` is true.</doc>
<status status="PASS" start="2024-03-29T13:14:47.158714" elapsed="0.001042"/>
</kw>
<kw name="Run Keyword If" owner="BuiltIn">
<kw name="Should Be True" owner="BuiltIn">
<arg>${True}</arg>
<doc>Fails if the given condition is not true.</doc>
<status status="PASS" start="2024-03-29T13:14:47.160635" elapsed="0.000137"/>
</kw>
<arg>${json_data["results"][0]["location"]["coordinates"]["longitude"]} &gt;= -180 and ${json_data["results"][0]["location"]["coordinates"]["longitude"]} &lt;= 180</arg>
<arg>Should Be True</arg>
<arg>${True}</arg>
<doc>Runs the given keyword with the given arguments, if ``condition`` is true.</doc>
<status status="PASS" start="2024-03-29T13:14:47.159945" elapsed="0.000950"/>
</kw>
<status status="PASS" start="2024-03-29T13:14:47.058004" elapsed="0.103018"/>
</kw>
<doc>Testa o conteúdo específico dos campos retornados pela API.</doc>
<tag>testeConteudo</tag>
<status status="PASS" start="2024-03-29T13:14:47.057577" elapsed="0.103587"/>
</test>
<status status="PASS" start="2024-03-29T13:14:46.218518" elapsed="0.944533"/>
</suite>
<status status="PASS" start="2024-03-29T13:14:46.205036" elapsed="0.963373"/>
</suite>
<statistics>
<total>
<stat pass="5" fail="0" skip="0">All Tests</stat>
</total>
<tag>
<stat pass="1" fail="0" skip="0">testeConteudo</stat>
<stat pass="1" fail="0" skip="0">testeEstruturaResposta</stat>
<stat pass="1" fail="0" skip="0">testeRequisicaoBasica</stat>
<stat pass="1" fail="0" skip="0">testeTiposDados</stat>
</tag>
<suite>
<stat pass="5" fail="0" skip="0" id="s1" name="Tests">Tests</stat>
<stat pass="5" fail="0" skip="0" id="s1-s1" name="Random-User-Test">Tests.Random-User-Test</stat>
</suite>
</statistics>
<errors>
</errors>
</robot>
