<?xml version="1.0" encoding="UTF-8"?>
<robot generator="Robot 7.0 (Python 3.12.2 on linux)" generated="2024-03-31T04:17:16.727680" rpa="false" schemaversion="5">
<suite id="s1" name="Tests" source="/home/runner/work/DesafioQAItauRogerioJordao/DesafioQAItauRogerioJordao/RamdonUser/tests">
<suite id="s1-s1" name="Random-User-Test" source="/home/runner/work/DesafioQAItauRogerioJordao/DesafioQAItauRogerioJordao/RamdonUser/tests/random-user-test.robot">
<test id="s1-s1-t1" name="Conectar" line="13">
<kw name="Conectar API" owner="random-user-service">
<kw name="Create Session" owner="RequestsLibrary">
<msg time="2024-03-31T04:17:17.094957" level="INFO">Creating Session using : alias=consultarAPI, url=https://randomuser.me/, headers={},                     cookies={}, auth=None, timeout=None, proxies=None, verify=False,                     debug=0 </msg>
<arg>consultarAPI</arg>
<arg>${URL}</arg>
<doc>Create Session: create a HTTP session to a server</doc>
<status status="PASS" start="2024-03-31T04:17:17.094759" elapsed="0.000371"/>
</kw>
<status status="PASS" start="2024-03-31T04:17:17.093760" elapsed="0.001741"/>
</kw>
<status status="PASS" start="2024-03-31T04:17:17.093115" elapsed="0.002591"/>
</test>
<test id="s1-s1-t2" name="Validar retorno 200 e JSON Válido" line="16">
<kw name="Teste de Requisicao Basica" owner="random-user-service">
<kw name="GET On Session" owner="RequestsLibrary">
<msg time="2024-03-31T04:17:17.166909" level="INFO">GET Request : url=https://randomuser.me/api 
 path_url=/api 
 headers={'User-Agent': 'python-requests/2.31.0', 'Accept-Encoding': 'gzip, deflate', 'Accept': '*/*', 'Connection': 'keep-alive'} 
 body=None 
 </msg>
<msg time="2024-03-31T04:17:17.167049" level="INFO">GET Response : url=https://randomuser.me/api 
 status=200, reason=OK 
 headers={'Date': 'Sun, 31 Mar 2024 04:17:17 GMT', 'Content-Type': 'application/json; charset=utf-8', 'Transfer-Encoding': 'chunked', 'Connection': 'keep-alive', 'X-Powered-By': 'Express', 'Access-Control-Allow-Origin': '*', 'Cache-Control': 'no-cache', 'ETag': 'W/"4b2-Pq57np+RaMQbM4EQhJNFS00dmPc"', 'Vary': 'Accept-Encoding', 'Content-Encoding': 'gzip', 'CF-Cache-Status': 'DYNAMIC', 'Report-To': '{"endpoints":[{"url":"https:\\/\\/a.nel.cloudflare.com\\/report\\/v4?s=TbzY%2BmfgXyBE0BrPWUsfYcWLHNUpbi%2FW7Ipsvbo6jX1uQbFkixluRp8QM%2BuxaBmuMx5hJq5Lj%2BQ4HrlBiCFFMI0rvhVvwol4xSWJ2ZAe6Sr%2BTF8d4LbR%2FBphRtoaUyL9"}],"group":"cf-nel","max_age":604800}', 'NEL': '{"success_fraction":0,"report_to":"cf-nel","max_age":604800}', 'Server': 'cloudflare', 'CF-RAY': '86cd876218921783-IAD', 'alt-svc': 'h3=":443"; ma=86400'} 
 body={"results":[{"gender":"female","name":{"title":"Mrs","first":"کیمیا","last":"زارعی"},"location":{"street":{"number":5242,"name":"شهید باهنر"},"city":"ملارد","state":"چهارمحال و بختیاری","country":"Iran","postcode":60333,"coordinates":{"latitude":"13.6847","longitude":"58.3275"},"timezone":{"offset":"+3:00","description":"Baghdad, Riyadh, Moscow, St. Petersburg"}},"email":"khymy.zraay@example.com","login":{"uuid":"e48886bc-80b0-44ac-b0d2-f4bcab24e5ca","username":"bluezebra340","password":"southern","salt":"bTaqMURd","md5":"e919b6f865423d2d06d911968d2b47d0","sha1":"d8514d4766d95d33dc2db53e1bf91d1230ef1c0f","sha256":"48e33e09664726fb9e2d29ad6b2f9f4020b2717c1c356f9e50443361231f2f90"},"dob":{"date":"1985-02-08T08:56:02.151Z","age":39},"registered":{"date":"2017-08-29T00:33:20.589Z","age":6},"phone":"071-29376740","cell":"0999-204-8049","id":{"name":"","value":null},"picture":{"large":"https://randomuser.me/api/portraits/women/66.jpg","medium":"https://randomuser.me/api/portraits/med/women/66.jpg","thumbnail":"https://randomuser.me/api/portraits/thumb/women/66.jpg"},"nat":"IR"}],"info":{"seed":"e4b2ae58fbbf701d","results":1,"page":1,"version":"1.4"}} 
 </msg>
<msg time="2024-03-31T04:17:17.167177" level="INFO">/opt/hostedtoolcache/Python/3.12.2/x64/lib/python3.12/site-packages/urllib3/connectionpool.py:1103: InsecureRequestWarning: Unverified HTTPS request is being made to host 'randomuser.me'. Adding certificate verification is strongly advised. See: https://urllib3.readthedocs.io/en/latest/advanced-usage.html#tls-warnings
  warnings.warn(</msg>
<msg time="2024-03-31T04:17:17.167346" level="INFO">${response} = &lt;Response [200]&gt;</msg>
<var>${response}</var>
<arg>consultarAPI</arg>
<arg>/api</arg>
<doc>Sends a GET request on a previously created HTTP Session.</doc>
<status status="PASS" start="2024-03-31T04:17:17.098354" elapsed="0.069052"/>
</kw>
<kw name="Should Be Equal As Numbers" owner="BuiltIn">
<msg time="2024-03-31T04:17:17.168213" level="INFO">Argument types are:
&lt;class 'int'&gt;
&lt;class 'str'&gt;</msg>
<arg>${response.status_code}</arg>
<arg>200</arg>
<doc>Fails if objects are unequal after converting them to real numbers.</doc>
<status status="PASS" start="2024-03-31T04:17:17.167803" elapsed="0.000473"/>
</kw>
<kw name="Log" owner="BuiltIn">
<msg time="2024-03-31T04:17:17.168951" level="INFO">200</msg>
<arg>${response.status_code}</arg>
<doc>Logs the given message with the given level.</doc>
<status status="PASS" start="2024-03-31T04:17:17.168595" elapsed="0.000399"/>
</kw>
<kw name="Set Variable" owner="BuiltIn">
<msg time="2024-03-31T04:17:17.169800" level="INFO">${json_data} = {'results': [{'gender': 'female', 'name': {'title': 'Mrs', 'first': 'کیمیا', 'last': 'زارعی'}, 'location': {'street': {'number': 5242, 'name': 'شهید باهنر'}, 'city': 'ملارد', 'state': 'چهارمحال و بختی...</msg>
<var>${json_data}</var>
<arg>${response.json()}</arg>
<doc>Returns the given values which can then be assigned to a variables.</doc>
<status status="PASS" start="2024-03-31T04:17:17.169321" elapsed="0.000510"/>
</kw>
<kw name="Dictionary Should Contain Key" owner="Collections">
<msg time="2024-03-31T04:17:17.170300" level="INFO">False</msg>
<arg>${json_data}</arg>
<arg>results</arg>
<doc>Fails if ``key`` is not found from ``dictionary``.</doc>
<status status="PASS" start="2024-03-31T04:17:17.170137" elapsed="0.000203"/>
</kw>
<status status="PASS" start="2024-03-31T04:17:17.098104" elapsed="0.072486"/>
</kw>
<doc>Testa se a API responde corretamente e retorna um objeto JSON válido.</doc>
<tag>testeRequisicaoBasica</tag>
<status status="PASS" start="2024-03-31T04:17:17.097578" elapsed="0.073183"/>
</test>
<test id="s1-s1-t3" name="Validar estrutura de resposta" line="22">
<kw name="Teste de Estrutura de Resposta" owner="random-user-service">
<kw name="GET On Session" owner="RequestsLibrary">
<msg time="2024-03-31T04:17:17.264136" level="INFO">GET Request : url=https://randomuser.me/api 
 path_url=/api 
 headers={'User-Agent': 'python-requests/2.31.0', 'Accept-Encoding': 'gzip, deflate', 'Accept': '*/*', 'Connection': 'keep-alive'} 
 body=None 
 </msg>
<msg time="2024-03-31T04:17:17.264215" level="INFO">GET Response : url=https://randomuser.me/api 
 status=200, reason=OK 
 headers={'Date': 'Sun, 31 Mar 2024 04:17:17 GMT', 'Content-Type': 'application/json; charset=utf-8', 'Transfer-Encoding': 'chunked', 'Connection': 'keep-alive', 'X-Powered-By': 'Express', 'Access-Control-Allow-Origin': '*', 'Cache-Control': 'no-cache', 'ETag': 'W/"487-vhQIvH+HYByD5Megx5AhqOhrVoY"', 'Vary': 'Accept-Encoding', 'Content-Encoding': 'gzip', 'CF-Cache-Status': 'DYNAMIC', 'Report-To': '{"endpoints":[{"url":"https:\\/\\/a.nel.cloudflare.com\\/report\\/v4?s=PNuUgRDVNdPb1uLirhun11tUHe7UXIKx90GQxAY%2FoH67uGGC%2BbLJRqSjkGTF46USrPG1DYyD9kT7Vy4fR9lB2cDcGfA0ZC9xExIBTAx1N2fyPpk36IKeA32E90VugUpE"}],"group":"cf-nel","max_age":604800}', 'NEL': '{"success_fraction":0,"report_to":"cf-nel","max_age":604800}', 'Server': 'cloudflare', 'CF-RAY': '86cd876258e91783-IAD', 'alt-svc': 'h3=":443"; ma=86400'} 
 body={"results":[{"gender":"male","name":{"title":"Mr","first":"Levi","last":"Garcia"},"location":{"street":{"number":1778,"name":"Alnagata"},"city":"Innbygda","state":"Finnmark - Finnmárku","country":"Norway","postcode":"3153","coordinates":{"latitude":"41.8017","longitude":"-150.7498"},"timezone":{"offset":"+8:00","description":"Beijing, Perth, Singapore, Hong Kong"}},"email":"levi.garcia@example.com","login":{"uuid":"83d20543-6014-4780-a22d-9f24389a1839","username":"blacksnake647","password":"bill","salt":"AdgtEFaQ","md5":"d5ad9c97763e3522e455c3e19afa25b8","sha1":"40713a764a71a95a490832e082067f85ede16844","sha256":"f84322c64c150c056e6cc54eceefa48f3f916435f3bbd749f0ebf515db90cb90"},"dob":{"date":"1998-09-18T22:05:45.139Z","age":25},"registered":{"date":"2005-09-24T04:55:59.967Z","age":18},"phone":"35560515","cell":"91256745","id":{"name":"FN","value":"18099835717"},"picture":{"large":"https://randomuser.me/api/portraits/men/28.jpg","medium":"https://randomuser.me/api/portraits/med/men/28.jpg","thumbnail":"https://randomuser.me/api/portraits/thumb/men/28.jpg"},"nat":"NO"}],"info":{"seed":"ffa17bbe2e52f976","results":1,"page":1,"version":"1.4"}} 
 </msg>
<msg time="2024-03-31T04:17:17.264346" level="INFO">/opt/hostedtoolcache/Python/3.12.2/x64/lib/python3.12/site-packages/urllib3/connectionpool.py:1103: InsecureRequestWarning: Unverified HTTPS request is being made to host 'randomuser.me'. Adding certificate verification is strongly advised. See: https://urllib3.readthedocs.io/en/latest/advanced-usage.html#tls-warnings
  warnings.warn(</msg>
<msg time="2024-03-31T04:17:17.264486" level="INFO">${response} = &lt;Response [200]&gt;</msg>
<var>${response}</var>
<arg>consultarAPI</arg>
<arg>/api</arg>
<doc>Sends a GET request on a previously created HTTP Session.</doc>
<status status="PASS" start="2024-03-31T04:17:17.173370" elapsed="0.091169"/>
</kw>
<kw name="Set Variable" owner="BuiltIn">
<msg time="2024-03-31T04:17:17.265403" level="INFO">${json_data} = {'results': [{'gender': 'male', 'name': {'title': 'Mr', 'first': 'Levi', 'last': 'Garcia'}, 'location': {'street': {'number': 1778, 'name': 'Alnagata'}, 'city': 'Innbygda', 'state': 'Finnmark - Finnmá...</msg>
<var>${json_data}</var>
<arg>${response.json()}</arg>
<doc>Returns the given values which can then be assigned to a variables.</doc>
<status status="PASS" start="2024-03-31T04:17:17.264943" elapsed="0.000518"/>
</kw>
<kw name="Log" owner="BuiltIn">
<msg time="2024-03-31T04:17:17.265942" level="INFO">{'results': [{'gender': 'male', 'name': {'title': 'Mr', 'first': 'Levi', 'last': 'Garcia'}, 'location': {'street': {'number': 1778, 'name': 'Alnagata'}, 'city': 'Innbygda', 'state': 'Finnmark - Finnmárku', 'country': 'Norway', 'postcode': '3153', 'coordinates': {'latitude': '41.8017', 'longitude': '-150.7498'}, 'timezone': {'offset': '+8:00', 'description': 'Beijing, Perth, Singapore, Hong Kong'}}, 'email': 'levi.garcia@example.com', 'login': {'uuid': '83d20543-6014-4780-a22d-9f24389a1839', 'username': 'blacksnake647', 'password': 'bill', 'salt': 'AdgtEFaQ', 'md5': 'd5ad9c97763e3522e455c3e19afa25b8', 'sha1': '40713a764a71a95a490832e082067f85ede16844', 'sha256': 'f84322c64c150c056e6cc54eceefa48f3f916435f3bbd749f0ebf515db90cb90'}, 'dob': {'date': '1998-09-18T22:05:45.139Z', 'age': 25}, 'registered': {'date': '2005-09-24T04:55:59.967Z', 'age': 18}, 'phone': '35560515', 'cell': '91256745', 'id': {'name': 'FN', 'value': '18099835717'}, 'picture': {'large': 'https://randomuser.me/api/portraits/men/28.jpg', 'medium': 'https://randomuser.me/api/portraits/med/men/28.jpg', 'thumbnail': 'https://randomuser.me/api/portraits/thumb/men/28.jpg'}, 'nat': 'NO'}], 'info': {'seed': 'ffa17bbe2e52f976', 'results': 1, 'page': 1, 'version': '1.4'}}</msg>
<arg>${json_data}</arg>
<doc>Logs the given message with the given level.</doc>
<status status="PASS" start="2024-03-31T04:17:17.265782" elapsed="0.000209"/>
</kw>
<kw name="Dictionary Should Contain Key" owner="Collections">
<msg time="2024-03-31T04:17:17.266453" level="INFO">False</msg>
<arg>${json_data}</arg>
<arg>results</arg>
<doc>Fails if ``key`` is not found from ``dictionary``.</doc>
<status status="PASS" start="2024-03-31T04:17:17.266291" elapsed="0.000200"/>
</kw>
<kw name="Should Not Be Empty" owner="BuiltIn">
<msg time="2024-03-31T04:17:17.266920" level="INFO">Length is 2.</msg>
<arg>${json_data}</arg>
<doc>Verifies that the given item is not empty.</doc>
<status status="PASS" start="2024-03-31T04:17:17.266787" elapsed="0.000173"/>
</kw>
<kw name="Create List" owner="BuiltIn">
<msg time="2024-03-31T04:17:17.267398" level="INFO">${expected_keys} = ['gender', 'name', 'location', 'email', 'login']</msg>
<var>${expected_keys}</var>
<arg>gender</arg>
<arg>name</arg>
<arg>location</arg>
<arg>email</arg>
<arg>login</arg>
<doc>Returns a list containing given items.</doc>
<status status="PASS" start="2024-03-31T04:17:17.267249" elapsed="0.000173"/>
</kw>
<for flavor="IN">
<iter>
<kw name="Dictionary Should Contain Key" owner="Collections">
<msg time="2024-03-31T04:17:17.268390" level="INFO">False</msg>
<arg>${json_data['results'][0]}</arg>
<arg>${key}</arg>
<doc>Fails if ``key`` is not found from ``dictionary``.</doc>
<status status="PASS" start="2024-03-31T04:17:17.267989" elapsed="0.000441"/>
</kw>
<kw name="Log" owner="BuiltIn">
<msg time="2024-03-31T04:17:17.269121" level="INFO">{'gender': 'male', 'name': {'title': 'Mr', 'first': 'Levi', 'last': 'Garcia'}, 'location': {'street': {'number': 1778, 'name': 'Alnagata'}, 'city': 'Innbygda', 'state': 'Finnmark - Finnmárku', 'country': 'Norway', 'postcode': '3153', 'coordinates': {'latitude': '41.8017', 'longitude': '-150.7498'}, 'timezone': {'offset': '+8:00', 'description': 'Beijing, Perth, Singapore, Hong Kong'}}, 'email': 'levi.garcia@example.com', 'login': {'uuid': '83d20543-6014-4780-a22d-9f24389a1839', 'username': 'blacksnake647', 'password': 'bill', 'salt': 'AdgtEFaQ', 'md5': 'd5ad9c97763e3522e455c3e19afa25b8', 'sha1': '40713a764a71a95a490832e082067f85ede16844', 'sha256': 'f84322c64c150c056e6cc54eceefa48f3f916435f3bbd749f0ebf515db90cb90'}, 'dob': {'date': '1998-09-18T22:05:45.139Z', 'age': 25}, 'registered': {'date': '2005-09-24T04:55:59.967Z', 'age': 18}, 'phone': '35560515', 'cell': '91256745', 'id': {'name': 'FN', 'value': '18099835717'}, 'picture': {'large': 'https://randomuser.me/api/portraits/men/28.jpg', 'medium': 'https://randomuser.me/api/portraits/med/men/28.jpg', 'thumbnail': 'https://randomuser.me/api/portraits/thumb/men/28.jpg'}, 'nat': 'NO'}</msg>
<arg>${json_data['results'][0]}</arg>
<doc>Logs the given message with the given level.</doc>
<status status="PASS" start="2024-03-31T04:17:17.268738" elapsed="0.000441"/>
</kw>
<kw name="Log" owner="BuiltIn">
<msg time="2024-03-31T04:17:17.269654" level="INFO">gender</msg>
<arg>${key}</arg>
<doc>Logs the given message with the given level.</doc>
<status status="PASS" start="2024-03-31T04:17:17.269510" elapsed="0.000185"/>
</kw>
<var name="${key}">gender</var>
<status status="PASS" start="2024-03-31T04:17:17.267865" elapsed="0.002057"/>
</iter>
<iter>
<kw name="Dictionary Should Contain Key" owner="Collections">
<msg time="2024-03-31T04:17:17.270629" level="INFO">False</msg>
<arg>${json_data['results'][0]}</arg>
<arg>${key}</arg>
<doc>Fails if ``key`` is not found from ``dictionary``.</doc>
<status status="PASS" start="2024-03-31T04:17:17.270240" elapsed="0.000428"/>
</kw>
<kw name="Log" owner="BuiltIn">
<msg time="2024-03-31T04:17:17.271365" level="INFO">{'gender': 'male', 'name': {'title': 'Mr', 'first': 'Levi', 'last': 'Garcia'}, 'location': {'street': {'number': 1778, 'name': 'Alnagata'}, 'city': 'Innbygda', 'state': 'Finnmark - Finnmárku', 'country': 'Norway', 'postcode': '3153', 'coordinates': {'latitude': '41.8017', 'longitude': '-150.7498'}, 'timezone': {'offset': '+8:00', 'description': 'Beijing, Perth, Singapore, Hong Kong'}}, 'email': 'levi.garcia@example.com', 'login': {'uuid': '83d20543-6014-4780-a22d-9f24389a1839', 'username': 'blacksnake647', 'password': 'bill', 'salt': 'AdgtEFaQ', 'md5': 'd5ad9c97763e3522e455c3e19afa25b8', 'sha1': '40713a764a71a95a490832e082067f85ede16844', 'sha256': 'f84322c64c150c056e6cc54eceefa48f3f916435f3bbd749f0ebf515db90cb90'}, 'dob': {'date': '1998-09-18T22:05:45.139Z', 'age': 25}, 'registered': {'date': '2005-09-24T04:55:59.967Z', 'age': 18}, 'phone': '35560515', 'cell': '91256745', 'id': {'name': 'FN', 'value': '18099835717'}, 'picture': {'large': 'https://randomuser.me/api/portraits/men/28.jpg', 'medium': 'https://randomuser.me/api/portraits/med/men/28.jpg', 'thumbnail': 'https://randomuser.me/api/portraits/thumb/men/28.jpg'}, 'nat': 'NO'}</msg>
<arg>${json_data['results'][0]}</arg>
<doc>Logs the given message with the given level.</doc>
<status status="PASS" start="2024-03-31T04:17:17.271000" elapsed="0.000416"/>
</kw>
<kw name="Log" owner="BuiltIn">
<msg time="2024-03-31T04:17:17.271850" level="INFO">name</msg>
<arg>${key}</arg>
<doc>Logs the given message with the given level.</doc>
<status status="PASS" start="2024-03-31T04:17:17.271721" elapsed="0.000168"/>
</kw>
<var name="${key}">name</var>
<status status="PASS" start="2024-03-31T04:17:17.270125" elapsed="0.001982"/>
</iter>
<iter>
<kw name="Dictionary Should Contain Key" owner="Collections">
<msg time="2024-03-31T04:17:17.272782" level="INFO">False</msg>
<arg>${json_data['results'][0]}</arg>
<arg>${key}</arg>
<doc>Fails if ``key`` is not found from ``dictionary``.</doc>
<status status="PASS" start="2024-03-31T04:17:17.272404" elapsed="0.000417"/>
</kw>
<kw name="Log" owner="BuiltIn">
<msg time="2024-03-31T04:17:17.273533" level="INFO">{'gender': 'male', 'name': {'title': 'Mr', 'first': 'Levi', 'last': 'Garcia'}, 'location': {'street': {'number': 1778, 'name': 'Alnagata'}, 'city': 'Innbygda', 'state': 'Finnmark - Finnmárku', 'country': 'Norway', 'postcode': '3153', 'coordinates': {'latitude': '41.8017', 'longitude': '-150.7498'}, 'timezone': {'offset': '+8:00', 'description': 'Beijing, Perth, Singapore, Hong Kong'}}, 'email': 'levi.garcia@example.com', 'login': {'uuid': '83d20543-6014-4780-a22d-9f24389a1839', 'username': 'blacksnake647', 'password': 'bill', 'salt': 'AdgtEFaQ', 'md5': 'd5ad9c97763e3522e455c3e19afa25b8', 'sha1': '40713a764a71a95a490832e082067f85ede16844', 'sha256': 'f84322c64c150c056e6cc54eceefa48f3f916435f3bbd749f0ebf515db90cb90'}, 'dob': {'date': '1998-09-18T22:05:45.139Z', 'age': 25}, 'registered': {'date': '2005-09-24T04:55:59.967Z', 'age': 18}, 'phone': '35560515', 'cell': '91256745', 'id': {'name': 'FN', 'value': '18099835717'}, 'picture': {'large': 'https://randomuser.me/api/portraits/men/28.jpg', 'medium': 'https://randomuser.me/api/portraits/med/men/28.jpg', 'thumbnail': 'https://randomuser.me/api/portraits/thumb/men/28.jpg'}, 'nat': 'NO'}</msg>
<arg>${json_data['results'][0]}</arg>
<doc>Logs the given message with the given level.</doc>
<status status="PASS" start="2024-03-31T04:17:17.273123" elapsed="0.000471"/>
</kw>
<kw name="Log" owner="BuiltIn">
<msg time="2024-03-31T04:17:17.274030" level="INFO">location</msg>
<arg>${key}</arg>
<doc>Logs the given message with the given level.</doc>
<status status="PASS" start="2024-03-31T04:17:17.273899" elapsed="0.000171"/>
</kw>
<var name="${key}">location</var>
<status status="PASS" start="2024-03-31T04:17:17.272291" elapsed="0.002014"/>
</iter>
<iter>
<kw name="Dictionary Should Contain Key" owner="Collections">
<msg time="2024-03-31T04:17:17.274980" level="INFO">False</msg>
<arg>${json_data['results'][0]}</arg>
<arg>${key}</arg>
<doc>Fails if ``key`` is not found from ``dictionary``.</doc>
<status status="PASS" start="2024-03-31T04:17:17.274595" elapsed="0.000424"/>
</kw>
<kw name="Log" owner="BuiltIn">
<msg time="2024-03-31T04:17:17.275679" level="INFO">{'gender': 'male', 'name': {'title': 'Mr', 'first': 'Levi', 'last': 'Garcia'}, 'location': {'street': {'number': 1778, 'name': 'Alnagata'}, 'city': 'Innbygda', 'state': 'Finnmark - Finnmárku', 'country': 'Norway', 'postcode': '3153', 'coordinates': {'latitude': '41.8017', 'longitude': '-150.7498'}, 'timezone': {'offset': '+8:00', 'description': 'Beijing, Perth, Singapore, Hong Kong'}}, 'email': 'levi.garcia@example.com', 'login': {'uuid': '83d20543-6014-4780-a22d-9f24389a1839', 'username': 'blacksnake647', 'password': 'bill', 'salt': 'AdgtEFaQ', 'md5': 'd5ad9c97763e3522e455c3e19afa25b8', 'sha1': '40713a764a71a95a490832e082067f85ede16844', 'sha256': 'f84322c64c150c056e6cc54eceefa48f3f916435f3bbd749f0ebf515db90cb90'}, 'dob': {'date': '1998-09-18T22:05:45.139Z', 'age': 25}, 'registered': {'date': '2005-09-24T04:55:59.967Z', 'age': 18}, 'phone': '35560515', 'cell': '91256745', 'id': {'name': 'FN', 'value': '18099835717'}, 'picture': {'large': 'https://randomuser.me/api/portraits/men/28.jpg', 'medium': 'https://randomuser.me/api/portraits/med/men/28.jpg', 'thumbnail': 'https://randomuser.me/api/portraits/thumb/men/28.jpg'}, 'nat': 'NO'}</msg>
<arg>${json_data['results'][0]}</arg>
<doc>Logs the given message with the given level.</doc>
<status status="PASS" start="2024-03-31T04:17:17.275319" elapsed="0.000410"/>
</kw>
<kw name="Log" owner="BuiltIn">
<msg time="2024-03-31T04:17:17.276154" level="INFO">email</msg>
<arg>${key}</arg>
<doc>Logs the given message with the given level.</doc>
<status status="PASS" start="2024-03-31T04:17:17.276025" elapsed="0.000168"/>
</kw>
<var name="${key}">email</var>
<status status="PASS" start="2024-03-31T04:17:17.274483" elapsed="0.001928"/>
</iter>
<iter>
<kw name="Dictionary Should Contain Key" owner="Collections">
<msg time="2024-03-31T04:17:17.277087" level="INFO">False</msg>
<arg>${json_data['results'][0]}</arg>
<arg>${key}</arg>
<doc>Fails if ``key`` is not found from ``dictionary``.</doc>
<status status="PASS" start="2024-03-31T04:17:17.276702" elapsed="0.000424"/>
</kw>
<kw name="Log" owner="BuiltIn">
<msg time="2024-03-31T04:17:17.277815" level="INFO">{'gender': 'male', 'name': {'title': 'Mr', 'first': 'Levi', 'last': 'Garcia'}, 'location': {'street': {'number': 1778, 'name': 'Alnagata'}, 'city': 'Innbygda', 'state': 'Finnmark - Finnmárku', 'country': 'Norway', 'postcode': '3153', 'coordinates': {'latitude': '41.8017', 'longitude': '-150.7498'}, 'timezone': {'offset': '+8:00', 'description': 'Beijing, Perth, Singapore, Hong Kong'}}, 'email': 'levi.garcia@example.com', 'login': {'uuid': '83d20543-6014-4780-a22d-9f24389a1839', 'username': 'blacksnake647', 'password': 'bill', 'salt': 'AdgtEFaQ', 'md5': 'd5ad9c97763e3522e455c3e19afa25b8', 'sha1': '40713a764a71a95a490832e082067f85ede16844', 'sha256': 'f84322c64c150c056e6cc54eceefa48f3f916435f3bbd749f0ebf515db90cb90'}, 'dob': {'date': '1998-09-18T22:05:45.139Z', 'age': 25}, 'registered': {'date': '2005-09-24T04:55:59.967Z', 'age': 18}, 'phone': '35560515', 'cell': '91256745', 'id': {'name': 'FN', 'value': '18099835717'}, 'picture': {'large': 'https://randomuser.me/api/portraits/men/28.jpg', 'medium': 'https://randomuser.me/api/portraits/med/men/28.jpg', 'thumbnail': 'https://randomuser.me/api/portraits/thumb/men/28.jpg'}, 'nat': 'NO'}</msg>
<arg>${json_data['results'][0]}</arg>
<doc>Logs the given message with the given level.</doc>
<status status="PASS" start="2024-03-31T04:17:17.277440" elapsed="0.000425"/>
</kw>
<kw name="Log" owner="BuiltIn">
<msg time="2024-03-31T04:17:17.278291" level="INFO">login</msg>
<arg>${key}</arg>
<doc>Logs the given message with the given level.</doc>
<status status="PASS" start="2024-03-31T04:17:17.278160" elapsed="0.000274"/>
</kw>
<var name="${key}">login</var>
<status status="PASS" start="2024-03-31T04:17:17.276587" elapsed="0.002105"/>
</iter>
<var>${key}</var>
<value>@{expected_keys}</value>
<status status="PASS" start="2024-03-31T04:17:17.267683" elapsed="0.011142"/>
</for>
<kw name="Create List" owner="BuiltIn">
<msg time="2024-03-31T04:17:17.279161" level="INFO">${expected_keysTwo} = ['username', 'password']</msg>
<var>${expected_keysTwo}</var>
<arg>username</arg>
<arg>password</arg>
<doc>Returns a list containing given items.</doc>
<status status="PASS" start="2024-03-31T04:17:17.279021" elapsed="0.000164"/>
</kw>
<for flavor="IN">
<iter>
<kw name="Dictionary Should Contain Key" owner="Collections">
<msg time="2024-03-31T04:17:17.280078" level="INFO">False</msg>
<arg>${json_data['results'][0]['login']}</arg>
<arg>${keyTwo}</arg>
<doc>Fails if ``key`` is not found from ``dictionary``.</doc>
<status status="PASS" start="2024-03-31T04:17:17.279697" elapsed="0.000421"/>
</kw>
<kw name="Dictionary Should Contain Key" owner="Collections">
<msg time="2024-03-31T04:17:17.280793" level="INFO">False</msg>
<arg>${json_data['results'][0]['login']}</arg>
<arg>${keyTwo}</arg>
<doc>Fails if ``key`` is not found from ``dictionary``.</doc>
<status status="PASS" start="2024-03-31T04:17:17.280414" elapsed="0.000419"/>
</kw>
<kw name="Log" owner="BuiltIn">
<msg time="2024-03-31T04:17:17.281261" level="INFO">username</msg>
<arg>${keyTwo}</arg>
<doc>Logs the given message with the given level.</doc>
<status status="PASS" start="2024-03-31T04:17:17.281130" elapsed="0.000170"/>
</kw>
<var name="${keyTwo}">username</var>
<status status="PASS" start="2024-03-31T04:17:17.279587" elapsed="0.001958"/>
</iter>
<iter>
<kw name="Dictionary Should Contain Key" owner="Collections">
<msg time="2024-03-31T04:17:17.282220" level="INFO">False</msg>
<arg>${json_data['results'][0]['login']}</arg>
<arg>${keyTwo}</arg>
<doc>Fails if ``key`` is not found from ``dictionary``.</doc>
<status status="PASS" start="2024-03-31T04:17:17.281839" elapsed="0.000421"/>
</kw>
<kw name="Dictionary Should Contain Key" owner="Collections">
<msg time="2024-03-31T04:17:17.282938" level="INFO">False</msg>
<arg>${json_data['results'][0]['login']}</arg>
<arg>${keyTwo}</arg>
<doc>Fails if ``key`` is not found from ``dictionary``.</doc>
<status status="PASS" start="2024-03-31T04:17:17.282555" elapsed="0.000422"/>
</kw>
<kw name="Log" owner="BuiltIn">
<msg time="2024-03-31T04:17:17.283400" level="INFO">password</msg>
<arg>${keyTwo}</arg>
<doc>Logs the given message with the given level.</doc>
<status status="PASS" start="2024-03-31T04:17:17.283271" elapsed="0.000169"/>
</kw>
<var name="${keyTwo}">password</var>
<status status="PASS" start="2024-03-31T04:17:17.281727" elapsed="0.001938"/>
</iter>
<var>${keyTwo}</var>
<value>@{expected_keysTwo}</value>
<status status="PASS" start="2024-03-31T04:17:17.279435" elapsed="0.004355"/>
</for>
<status status="PASS" start="2024-03-31T04:17:17.173140" elapsed="0.110792"/>
</kw>
<doc>Testa a estrutura da resposta da API.</doc>
<tag>testeEstruturaResposta</tag>
<status status="PASS" start="2024-03-31T04:17:17.172534" elapsed="0.111550"/>
</test>
<test id="s1-s1-t4" name="Validar tipos de dados" line="28">
<kw name="Teste de Tipos de Dados" owner="random-user-service">
<kw name="GET On Session" owner="RequestsLibrary">
<msg time="2024-03-31T04:17:17.362985" level="INFO">GET Request : url=https://randomuser.me/api 
 path_url=/api 
 headers={'User-Agent': 'python-requests/2.31.0', 'Accept-Encoding': 'gzip, deflate', 'Accept': '*/*', 'Connection': 'keep-alive'} 
 body=None 
 </msg>
<msg time="2024-03-31T04:17:17.363069" level="INFO">GET Response : url=https://randomuser.me/api 
 status=200, reason=OK 
 headers={'Date': 'Sun, 31 Mar 2024 04:17:17 GMT', 'Content-Type': 'application/json; charset=utf-8', 'Transfer-Encoding': 'chunked', 'Connection': 'keep-alive', 'X-Powered-By': 'Express', 'Access-Control-Allow-Origin': '*', 'Cache-Control': 'no-cache', 'ETag': 'W/"493-GVILf1HZ2dKm0H+wMSIPtqCgn+I"', 'Vary': 'Accept-Encoding', 'Content-Encoding': 'gzip', 'CF-Cache-Status': 'DYNAMIC', 'Report-To': '{"endpoints":[{"url":"https:\\/\\/a.nel.cloudflare.com\\/report\\/v4?s=t4UZ1zfysTHvJJxE2mYRc4QTUfX2xPNi%2FVqfzCDg7t58ePmgOIJgSFbl6mQTci5OMCbKgMTxQQHA2Z%2B3EJ9dRdfU6EaEyvXrU0PCEuSVwnGGtTrXGs8cY6Uo1NjZU6ol"}],"group":"cf-nel","max_age":604800}', 'NEL': '{"success_fraction":0,"report_to":"cf-nel","max_age":604800}', 'Server': 'cloudflare', 'CF-RAY': '86cd876309811783-IAD', 'alt-svc': 'h3=":443"; ma=86400'} 
 body={"results":[{"gender":"female","name":{"title":"Miss","first":"Carolyn","last":"Sullivan"},"location":{"street":{"number":3095,"name":"Mill Road"},"city":"Longford","state":"Fingal","country":"Ireland","postcode":91552,"coordinates":{"latitude":"-0.5577","longitude":"47.7212"},"timezone":{"offset":"+1:00","description":"Brussels, Copenhagen, Madrid, Paris"}},"email":"carolyn.sullivan@example.com","login":{"uuid":"3e274794-ef7e-4dcd-8beb-4851a94b7ad7","username":"silverfish557","password":"unicorn","salt":"7D62XZFT","md5":"7c072243e3cd3e0c33a22aea04867ea1","sha1":"8b15bc7419c0b8094761c6707a982b42cf8eab8a","sha256":"5b468280246caa56b43b0bee8d0a73da882ac2ac30ae3506f7f7b3c74ff172c3"},"dob":{"date":"1963-09-12T05:34:12.101Z","age":60},"registered":{"date":"2004-01-07T15:12:10.086Z","age":20},"phone":"051-274-6847","cell":"081-123-1961","id":{"name":"PPS","value":"7271696T"},"picture":{"large":"https://randomuser.me/api/portraits/women/65.jpg","medium":"https://randomuser.me/api/portraits/med/women/65.jpg","thumbnail":"https://randomuser.me/api/portraits/thumb/women/65.jpg"},"nat":"IE"}],"info":{"seed":"39e9d6b8291132d6","results":1,"page":1,"version":"1.4"}} 
 </msg>
<msg time="2024-03-31T04:17:17.363141" level="INFO">/opt/hostedtoolcache/Python/3.12.2/x64/lib/python3.12/site-packages/urllib3/connectionpool.py:1103: InsecureRequestWarning: Unverified HTTPS request is being made to host 'randomuser.me'. Adding certificate verification is strongly advised. See: https://urllib3.readthedocs.io/en/latest/advanced-usage.html#tls-warnings
  warnings.warn(</msg>
<msg time="2024-03-31T04:17:17.363281" level="INFO">${response} = &lt;Response [200]&gt;</msg>
<var>${response}</var>
<arg>consultarAPI</arg>
<arg>/api</arg>
<doc>Sends a GET request on a previously created HTTP Session.</doc>
<status status="PASS" start="2024-03-31T04:17:17.286511" elapsed="0.076828"/>
</kw>
<kw name="Set Variable" owner="BuiltIn">
<msg time="2024-03-31T04:17:17.364418" level="INFO">${json_data} = {'results': [{'gender': 'female', 'name': {'title': 'Miss', 'first': 'Carolyn', 'last': 'Sullivan'}, 'location': {'street': {'number': 3095, 'name': 'Mill Road'}, 'city': 'Longford', 'state': 'Fingal'...</msg>
<var>${json_data}</var>
<arg>${response.json()}</arg>
<doc>Returns the given values which can then be assigned to a variables.</doc>
<status status="PASS" start="2024-03-31T04:17:17.363832" elapsed="0.000615"/>
</kw>
<kw name="Log" owner="BuiltIn">
<msg time="2024-03-31T04:17:17.364908" level="INFO">{'results': [{'gender': 'female', 'name': {'title': 'Miss', 'first': 'Carolyn', 'last': 'Sullivan'}, 'location': {'street': {'number': 3095, 'name': 'Mill Road'}, 'city': 'Longford', 'state': 'Fingal', 'country': 'Ireland', 'postcode': 91552, 'coordinates': {'latitude': '-0.5577', 'longitude': '47.7212'}, 'timezone': {'offset': '+1:00', 'description': 'Brussels, Copenhagen, Madrid, Paris'}}, 'email': 'carolyn.sullivan@example.com', 'login': {'uuid': '3e274794-ef7e-4dcd-8beb-4851a94b7ad7', 'username': 'silverfish557', 'password': 'unicorn', 'salt': '7D62XZFT', 'md5': '7c072243e3cd3e0c33a22aea04867ea1', 'sha1': '8b15bc7419c0b8094761c6707a982b42cf8eab8a', 'sha256': '5b468280246caa56b43b0bee8d0a73da882ac2ac30ae3506f7f7b3c74ff172c3'}, 'dob': {'date': '1963-09-12T05:34:12.101Z', 'age': 60}, 'registered': {'date': '2004-01-07T15:12:10.086Z', 'age': 20}, 'phone': '051-274-6847', 'cell': '081-123-1961', 'id': {'name': 'PPS', 'value': '7271696T'}, 'picture': {'large': 'https://randomuser.me/api/portraits/women/65.jpg', 'medium': 'https://randomuser.me/api/portraits/med/women/65.jpg', 'thumbnail': 'https://randomuser.me/api/portraits/thumb/women/65.jpg'}, 'nat': 'IE'}], 'info': {'seed': '39e9d6b8291132d6', 'results': 1, 'page': 1, 'version': '1.4'}}</msg>
<arg>${json_data}</arg>
<doc>Logs the given message with the given level.</doc>
<status status="PASS" start="2024-03-31T04:17:17.364758" elapsed="0.000230"/>
</kw>
<kw name="Should Be String" owner="String">
<arg>${json_data['results'][0]['gender']}</arg>
<doc>Fails if the given ``item`` is not a string.</doc>
<status status="PASS" start="2024-03-31T04:17:17.365288" elapsed="0.000395"/>
</kw>
<kw name="Should Match Regexp" owner="BuiltIn">
<arg>${json_data['results'][0]['email']}</arg>
<arg>^[a-zA-Z0-9._%+-]+@[a-zA-Z0-9.-]+\.[a-zA-Z]{2,}$</arg>
<doc>Fails if ``string`` does not match ``pattern`` as a regular expression.</doc>
<status status="PASS" start="2024-03-31T04:17:17.365878" elapsed="0.000511"/>
</kw>
<kw name="Should Match Regexp" owner="BuiltIn">
<arg>${json_data['results'][0]['dob']['date']}</arg>
<arg>\\d{4}-\\d{2}-\\d{2}T\\d{2}:\\d{2}:\\d{2}\\.\\d{3}Z</arg>
<doc>Fails if ``string`` does not match ``pattern`` as a regular expression.</doc>
<status status="PASS" start="2024-03-31T04:17:17.366584" elapsed="0.000494"/>
</kw>
<kw name="Should Match Regexp" owner="BuiltIn">
<arg>${json_data['results'][0]['registered']['date']}</arg>
<arg>\\d{4}-\\d{2}-\\d{2}T\\d{2}:\\d{2}:\\d{2}\\.\\d{3}Z</arg>
<doc>Fails if ``string`` does not match ``pattern`` as a regular expression.</doc>
<status status="PASS" start="2024-03-31T04:17:17.367269" elapsed="0.000363"/>
</kw>
<kw name="Should Match Regexp" owner="BuiltIn">
<arg>${json_data['results'][0]['picture']['large']}</arg>
<arg>^https?://.*\.(?:png|jpe?g|gif|bmp)$</arg>
<doc>Fails if ``string`` does not match ``pattern`` as a regular expression.</doc>
<status status="PASS" start="2024-03-31T04:17:17.367817" elapsed="0.000460"/>
</kw>
<kw name="Should Match Regexp" owner="BuiltIn">
<arg>${json_data['results'][0]['picture']['medium']}</arg>
<arg>^https?://.*\.(?:png|jpe?g|gif|bmp)$</arg>
<doc>Fails if ``string`` does not match ``pattern`` as a regular expression.</doc>
<status status="PASS" start="2024-03-31T04:17:17.368467" elapsed="0.000364"/>
</kw>
<kw name="Should Match Regexp" owner="BuiltIn">
<arg>${json_data['results'][0]['picture']['thumbnail']}</arg>
<arg>^https?://.*\.(?:png|jpe?g|gif|bmp)$</arg>
<doc>Fails if ``string`` does not match ``pattern`` as a regular expression.</doc>
<status status="PASS" start="2024-03-31T04:17:17.369015" elapsed="0.000344"/>
</kw>
<kw name="Log" owner="BuiltIn">
<msg time="2024-03-31T04:17:17.369893" level="INFO">{'large': 'https://randomuser.me/api/portraits/women/65.jpg', 'medium': 'https://randomuser.me/api/portraits/med/women/65.jpg', 'thumbnail': 'https://randomuser.me/api/portraits/thumb/women/65.jpg'}</msg>
<arg>${json_data['results'][0]['picture']}</arg>
<doc>Logs the given message with the given level.</doc>
<status status="PASS" start="2024-03-31T04:17:17.369565" elapsed="0.000376"/>
</kw>
<status status="PASS" start="2024-03-31T04:17:17.286287" elapsed="0.083906"/>
</kw>
<kw name="Teste de Tipos de Dados - Postcode" owner="random-user-service">
<kw name="GET On Session" owner="RequestsLibrary">
<msg time="2024-03-31T04:17:17.462453" level="INFO">GET Request : url=https://randomuser.me/api 
 path_url=/api 
 headers={'User-Agent': 'python-requests/2.31.0', 'Accept-Encoding': 'gzip, deflate', 'Accept': '*/*', 'Connection': 'keep-alive'} 
 body=None 
 </msg>
<msg time="2024-03-31T04:17:17.462530" level="INFO">GET Response : url=https://randomuser.me/api 
 status=200, reason=OK 
 headers={'Date': 'Sun, 31 Mar 2024 04:17:17 GMT', 'Content-Type': 'application/json; charset=utf-8', 'Transfer-Encoding': 'chunked', 'Connection': 'keep-alive', 'X-Powered-By': 'Express', 'Access-Control-Allow-Origin': '*', 'Cache-Control': 'no-cache', 'ETag': 'W/"475-DFr6yq9jroT0doTEkD0bVnqtm30"', 'Vary': 'Accept-Encoding', 'Content-Encoding': 'gzip', 'CF-Cache-Status': 'DYNAMIC', 'Report-To': '{"endpoints":[{"url":"https:\\/\\/a.nel.cloudflare.com\\/report\\/v4?s=UUc6mzqHngZRQthRbYEfKdqyEfjPtb7mnV0R6dHDUXMXR4KmNF1jj0g2Oq%2BOhlumzdiWWzZi7lcAtTdEN25Sid6tNfRqwk0q6sei%2F%2FFyRjsyIrnVa%2BqN%2FZLXFduGN0Nw"}],"group":"cf-nel","max_age":604800}', 'NEL': '{"success_fraction":0,"report_to":"cf-nel","max_age":604800}', 'Server': 'cloudflare', 'CF-RAY': '86cd876399e61783-IAD', 'alt-svc': 'h3=":443"; ma=86400'} 
 body={"results":[{"gender":"male","name":{"title":"Mr","first":"Mario","last":"Blanco"},"location":{"street":{"number":555,"name":"Calle Nebrija"},"city":"Móstoles","state":"Castilla y León","country":"Spain","postcode":41053,"coordinates":{"latitude":"-36.1876","longitude":"-90.8110"},"timezone":{"offset":"-2:00","description":"Mid-Atlantic"}},"email":"mario.blanco@example.com","login":{"uuid":"c060e955-b9f9-4c58-bef0-1ae38c6b7c96","username":"whitebear162","password":"topher","salt":"SK0JWwI9","md5":"5d72c9b89c2d420c49f0a6ab1e691a54","sha1":"3aaab3eff3784c675a33d840ac6f3c4746a7ab49","sha256":"c4f059f9df781481b27f605b5e09f1f76e2d20a881ec671a0a4aea139b619be2"},"dob":{"date":"1980-11-01T16:24:19.414Z","age":43},"registered":{"date":"2020-11-05T10:14:25.153Z","age":3},"phone":"957-474-753","cell":"697-463-398","id":{"name":"DNI","value":"10445983-M"},"picture":{"large":"https://randomuser.me/api/portraits/men/21.jpg","medium":"https://randomuser.me/api/portraits/med/men/21.jpg","thumbnail":"https://randomuser.me/api/portraits/thumb/men/21.jpg"},"nat":"ES"}],"info":{"seed":"a6a8d21e3f60f442","results":1,"page":1,"version":"1.4"}} 
 </msg>
<msg time="2024-03-31T04:17:17.462615" level="INFO">/opt/hostedtoolcache/Python/3.12.2/x64/lib/python3.12/site-packages/urllib3/connectionpool.py:1103: InsecureRequestWarning: Unverified HTTPS request is being made to host 'randomuser.me'. Adding certificate verification is strongly advised. See: https://urllib3.readthedocs.io/en/latest/advanced-usage.html#tls-warnings
  warnings.warn(</msg>
<msg time="2024-03-31T04:17:17.462746" level="INFO">${response} = &lt;Response [200]&gt;</msg>
<var>${response}</var>
<arg>consultarAPI</arg>
<arg>/api</arg>
<doc>Sends a GET request on a previously created HTTP Session.</doc>
<status status="PASS" start="2024-03-31T04:17:17.370752" elapsed="0.092046"/>
</kw>
<kw name="Set Variable" owner="BuiltIn">
<msg time="2024-03-31T04:17:17.463622" level="INFO">${json_data} = {'results': [{'gender': 'male', 'name': {'title': 'Mr', 'first': 'Mario', 'last': 'Blanco'}, 'location': {'street': {'number': 555, 'name': 'Calle Nebrija'}, 'city': 'Móstoles', 'state': 'Castilla y L...</msg>
<var>${json_data}</var>
<arg>${response.json()}</arg>
<doc>Returns the given values which can then be assigned to a variables.</doc>
<status status="PASS" start="2024-03-31T04:17:17.463176" elapsed="0.000475"/>
</kw>
<kw name="Log" owner="BuiltIn">
<msg time="2024-03-31T04:17:17.464118" level="INFO">{'results': [{'gender': 'male', 'name': {'title': 'Mr', 'first': 'Mario', 'last': 'Blanco'}, 'location': {'street': {'number': 555, 'name': 'Calle Nebrija'}, 'city': 'Móstoles', 'state': 'Castilla y León', 'country': 'Spain', 'postcode': 41053, 'coordinates': {'latitude': '-36.1876', 'longitude': '-90.8110'}, 'timezone': {'offset': '-2:00', 'description': 'Mid-Atlantic'}}, 'email': 'mario.blanco@example.com', 'login': {'uuid': 'c060e955-b9f9-4c58-bef0-1ae38c6b7c96', 'username': 'whitebear162', 'password': 'topher', 'salt': 'SK0JWwI9', 'md5': '5d72c9b89c2d420c49f0a6ab1e691a54', 'sha1': '3aaab3eff3784c675a33d840ac6f3c4746a7ab49', 'sha256': 'c4f059f9df781481b27f605b5e09f1f76e2d20a881ec671a0a4aea139b619be2'}, 'dob': {'date': '1980-11-01T16:24:19.414Z', 'age': 43}, 'registered': {'date': '2020-11-05T10:14:25.153Z', 'age': 3}, 'phone': '957-474-753', 'cell': '697-463-398', 'id': {'name': 'DNI', 'value': '10445983-M'}, 'picture': {'large': 'https://randomuser.me/api/portraits/men/21.jpg', 'medium': 'https://randomuser.me/api/portraits/med/men/21.jpg', 'thumbnail': 'https://randomuser.me/api/portraits/thumb/men/21.jpg'}, 'nat': 'ES'}], 'info': {'seed': 'a6a8d21e3f60f442', 'results': 1, 'page': 1, 'version': '1.4'}}</msg>
<arg>${json_data}</arg>
<doc>Logs the given message with the given level.</doc>
<status status="PASS" start="2024-03-31T04:17:17.463964" elapsed="0.000241"/>
</kw>
<kw name="Should Be Equal As Numbers" owner="BuiltIn">
<arg>${json_data['results'][0]['location']['postcode']}</arg>
<arg>${json_data['results'][0]['location']['postcode']}</arg>
<doc>Fails if objects are unequal after converting them to real numbers.</doc>
<status status="PASS" start="2024-03-31T04:17:17.464512" elapsed="0.000631"/>
</kw>
<kw name="Log" owner="BuiltIn">
<msg time="2024-03-31T04:17:17.465707" level="INFO">41053</msg>
<arg>${json_data['results'][0]['location']['postcode']}</arg>
<doc>Logs the given message with the given level.</doc>
<status status="PASS" start="2024-03-31T04:17:17.465336" elapsed="0.000413"/>
</kw>
<status status="PASS" start="2024-03-31T04:17:17.370407" elapsed="0.095593"/>
</kw>
<doc>Testa se os tipos de dados na resposta da API estão corretos.</doc>
<tag>testeTiposDados</tag>
<status status="PASS" start="2024-03-31T04:17:17.285842" elapsed="0.180320"/>
</test>
<test id="s1-s1-t5" name="Validar conteudo" line="35">
<kw name="Teste de Tipos de Conteudo" owner="random-user-service">
<kw name="GET On Session" owner="RequestsLibrary">
<msg time="2024-03-31T04:17:17.563769" level="INFO">GET Request : url=https://randomuser.me/api 
 path_url=/api 
 headers={'User-Agent': 'python-requests/2.31.0', 'Accept-Encoding': 'gzip, deflate', 'Accept': '*/*', 'Connection': 'keep-alive'} 
 body=None 
 </msg>
<msg time="2024-03-31T04:17:17.563862" level="INFO">GET Response : url=https://randomuser.me/api 
 status=200, reason=OK 
 headers={'Date': 'Sun, 31 Mar 2024 04:17:17 GMT', 'Content-Type': 'application/json; charset=utf-8', 'Transfer-Encoding': 'chunked', 'Connection': 'keep-alive', 'X-Powered-By': 'Express', 'Access-Control-Allow-Origin': '*', 'Cache-Control': 'no-cache', 'ETag': 'W/"4a1-up6ZmVceGmJLP90xCoSHZ4Xilj4"', 'Vary': 'Accept-Encoding', 'Content-Encoding': 'gzip', 'CF-Cache-Status': 'DYNAMIC', 'Report-To': '{"endpoints":[{"url":"https:\\/\\/a.nel.cloudflare.com\\/report\\/v4?s=bHi18ceI4B%2BCDFJI51LWYMH3o8Xl63AWUmkEzyL7Zv1Dh4oUUatmmVjHOG%2BwX8wC%2FL7JajsoZRhZz816gFA0xcUEq%2FPLiCnFHy4mnxHo7tRk4t2OyoKLFMENdsVYYyG%2F"}],"group":"cf-nel","max_age":604800}', 'NEL': '{"success_fraction":0,"report_to":"cf-nel","max_age":604800}', 'Server': 'cloudflare', 'CF-RAY': '86cd87643a631783-IAD', 'alt-svc': 'h3=":443"; ma=86400'} 
 body={"results":[{"gender":"female","name":{"title":"Ms","first":"Fadoua","last":"Munster"},"location":{"street":{"number":6666,"name":"Coendersborg"},"city":"Vleuten","state":"Zuid-Holland","country":"Netherlands","postcode":"5731 FZ","coordinates":{"latitude":"35.6979","longitude":"153.4330"},"timezone":{"offset":"+5:30","description":"Bombay, Calcutta, Madras, New Delhi"}},"email":"fadoua.munster@example.com","login":{"uuid":"47cba4ee-2089-48ae-853b-63a5df729128","username":"sadgorilla316","password":"cbr900rr","salt":"dGLHN6Ht","md5":"17f731562b3d20c79587eddd88bbb7e1","sha1":"63313f7837ace53b855e42011e63bf1dc82a3f90","sha256":"402cb0e69ff8eac581d427f7bedb0763d976581f35c9519da6cfe218d1cc7b11"},"dob":{"date":"1981-05-06T05:27:35.055Z","age":42},"registered":{"date":"2008-08-29T18:22:15.975Z","age":15},"phone":"(0807) 340044","cell":"(06) 45127658","id":{"name":"BSN","value":"28383385"},"picture":{"large":"https://randomuser.me/api/portraits/women/80.jpg","medium":"https://randomuser.me/api/portraits/med/women/80.jpg","thumbnail":"https://randomuser.me/api/portraits/thumb/women/80.jpg"},"nat":"NL"}],"info":{"seed":"bdc90e0431220548","results":1,"page":1,"version":"1.4"}} 
 </msg>
<msg time="2024-03-31T04:17:17.563935" level="INFO">/opt/hostedtoolcache/Python/3.12.2/x64/lib/python3.12/site-packages/urllib3/connectionpool.py:1103: InsecureRequestWarning: Unverified HTTPS request is being made to host 'randomuser.me'. Adding certificate verification is strongly advised. See: https://urllib3.readthedocs.io/en/latest/advanced-usage.html#tls-warnings
  warnings.warn(</msg>
<msg time="2024-03-31T04:17:17.564077" level="INFO">${response} = &lt;Response [200]&gt;</msg>
<var>${response}</var>
<arg>consultarAPI</arg>
<arg>/api</arg>
<doc>Sends a GET request on a previously created HTTP Session.</doc>
<status status="PASS" start="2024-03-31T04:17:17.468579" elapsed="0.095540"/>
</kw>
<kw name="Set Variable" owner="BuiltIn">
<msg time="2024-03-31T04:17:17.565077" level="INFO">${json_data} = {'results': [{'gender': 'female', 'name': {'title': 'Ms', 'first': 'Fadoua', 'last': 'Munster'}, 'location': {'street': {'number': 6666, 'name': 'Coendersborg'}, 'city': 'Vleuten', 'state': 'Zuid-Holl...</msg>
<var>${json_data}</var>
<arg>${response.json()}</arg>
<doc>Returns the given values which can then be assigned to a variables.</doc>
<status status="PASS" start="2024-03-31T04:17:17.564587" elapsed="0.000518"/>
</kw>
<kw name="Set Variable" owner="BuiltIn">
<msg time="2024-03-31T04:17:17.565839" level="INFO">${name_title} = Ms</msg>
<var>${name_title}</var>
<arg>${json_data["results"][0]["name"]["title"]}</arg>
<doc>Returns the given values which can then be assigned to a variables.</doc>
<status status="PASS" start="2024-03-31T04:17:17.565444" elapsed="0.000420"/>
</kw>
<kw name="Create List" owner="BuiltIn">
<msg time="2024-03-31T04:17:17.566321" level="INFO">${allowed_titles} = ['Mr', 'Ms', 'Miss', 'Mrs', 'Madame', 'Monsieur']</msg>
<var>${allowed_titles}</var>
<arg>Mr</arg>
<arg>Ms</arg>
<arg>Miss</arg>
<arg>Mrs</arg>
<arg>Madame</arg>
<arg>Monsieur</arg>
<doc>Returns a list containing given items.</doc>
<status status="PASS" start="2024-03-31T04:17:17.566162" elapsed="0.000183"/>
</kw>
<kw name="List Should Contain Value" owner="Collections">
<msg time="2024-03-31T04:17:17.566819" level="INFO">False</msg>
<arg>${allowed_titles}</arg>
<arg>${name_title}</arg>
<doc>Fails if the ``value`` is not found from ``list``.</doc>
<status status="PASS" start="2024-03-31T04:17:17.566646" elapsed="0.000209"/>
</kw>
<kw name="Set Variable" owner="BuiltIn">
<msg time="2024-03-31T04:17:17.567532" level="INFO">${name_country} = NL</msg>
<var>${name_country}</var>
<arg>${json_data["results"][0]["nat"]}</arg>
<doc>Returns the given values which can then be assigned to a variables.</doc>
<status status="PASS" start="2024-03-31T04:17:17.567144" elapsed="0.000412"/>
</kw>
<kw name="Create List" owner="BuiltIn">
<msg time="2024-03-31T04:17:17.568470" level="INFO">${list_country} = ['AD', 'AE', 'AF', 'AG', 'AI', 'AL', 'AM', 'AO', 'AQ', 'AR', 'AS', 'AT', 'AU', 'AW', 'AX', 'AZ', 'BA', 'BB', 'BD', 'BE', 'BF', 'BG', 'BH', 'BI', 'BJ', 'BL', 'BM', 'BN', 'BO', 'BQ', 'BR', 'BS', 'BT', '...</msg>
<var>${list_country}</var>
<arg>AD</arg>
<arg>AE</arg>
<arg>AF</arg>
<arg>AG</arg>
<arg>AI</arg>
<arg>AL</arg>
<arg>AM</arg>
<arg>AO</arg>
<arg>AQ</arg>
<arg>AR</arg>
<arg>AS</arg>
<arg>AT</arg>
<arg>AU</arg>
<arg>AW</arg>
<arg>AX</arg>
<arg>AZ</arg>
<arg>BA</arg>
<arg>BB</arg>
<arg>BD</arg>
<arg>BE</arg>
<arg>BF</arg>
<arg>BG</arg>
<arg>BH</arg>
<arg>BI</arg>
<arg>BJ</arg>
<arg>BL</arg>
<arg>BM</arg>
<arg>BN</arg>
<arg>BO</arg>
<arg>BQ</arg>
<arg>BR</arg>
<arg>BS</arg>
<arg>BT</arg>
<arg>BV</arg>
<arg>BW</arg>
<arg>BY</arg>
<arg>BZ</arg>
<arg>CA</arg>
<arg>CC</arg>
<arg>CD</arg>
<arg>CF</arg>
<arg>CG</arg>
<arg>CH</arg>
<arg>CI</arg>
<arg>CK</arg>
<arg>CL</arg>
<arg>CM</arg>
<arg>CN</arg>
<arg>CO</arg>
<arg>CR</arg>
<arg>CU</arg>
<arg>CV</arg>
<arg>CW</arg>
<arg>CX</arg>
<arg>CY</arg>
<arg>CZ</arg>
<arg>DE</arg>
<arg>DJ</arg>
<arg>DK</arg>
<arg>DM</arg>
<arg>DO</arg>
<arg>DZ</arg>
<arg>EC</arg>
<arg>EE</arg>
<arg>EG</arg>
<arg>EH</arg>
<arg>ER</arg>
<arg>ES</arg>
<arg>ET</arg>
<arg>FI</arg>
<arg>FJ</arg>
<arg>FK</arg>
<arg>FM</arg>
<arg>FO</arg>
<arg>FR</arg>
<arg>GA</arg>
<arg>GB</arg>
<arg>GD</arg>
<arg>GE</arg>
<arg>GF</arg>
<arg>GG</arg>
<arg>GH</arg>
<arg>GI</arg>
<arg>GL</arg>
<arg>GM</arg>
<arg>GN</arg>
<arg>GP</arg>
<arg>GQ</arg>
<arg>GR</arg>
<arg>GS</arg>
<arg>GT</arg>
<arg>GU</arg>
<arg>GW</arg>
<arg>GY</arg>
<arg>HK</arg>
<arg>HM</arg>
<arg>HN</arg>
<arg>HR</arg>
<arg>HT</arg>
<arg>HU</arg>
<arg>ID</arg>
<arg>IE</arg>
<arg>IL</arg>
<arg>IM</arg>
<arg>IN</arg>
<arg>IO</arg>
<arg>IQ</arg>
<arg>IR</arg>
<arg>IS</arg>
<arg>IT</arg>
<arg>JE</arg>
<arg>JM</arg>
<arg>JO</arg>
<arg>JP</arg>
<arg>KE</arg>
<arg>KG</arg>
<arg>KH</arg>
<arg>KI</arg>
<arg>KM</arg>
<arg>KN</arg>
<arg>KP</arg>
<arg>KR</arg>
<arg>KW</arg>
<arg>KY</arg>
<arg>KZ</arg>
<arg>LA</arg>
<arg>LB</arg>
<arg>LC</arg>
<arg>LI</arg>
<arg>LK</arg>
<arg>LR</arg>
<arg>LS</arg>
<arg>LT</arg>
<arg>LU</arg>
<arg>LV</arg>
<arg>LY</arg>
<arg>MA</arg>
<arg>MC</arg>
<arg>MD</arg>
<arg>ME</arg>
<arg>MF</arg>
<arg>MG</arg>
<arg>MH</arg>
<arg>MK</arg>
<arg>ML</arg>
<arg>MM</arg>
<arg>MN</arg>
<arg>MO</arg>
<arg>MP</arg>
<arg>MQ</arg>
<arg>MR</arg>
<arg>MS</arg>
<arg>MT</arg>
<arg>MU</arg>
<arg>MV</arg>
<arg>MW</arg>
<arg>MX</arg>
<arg>MY</arg>
<arg>MZ</arg>
<arg>NA</arg>
<arg>NC</arg>
<arg>NE</arg>
<arg>NF</arg>
<arg>NG</arg>
<arg>NI</arg>
<arg>NL</arg>
<arg>NO</arg>
<arg>NP</arg>
<arg>NR</arg>
<arg>NU</arg>
<arg>NZ</arg>
<arg>OM</arg>
<arg>PA</arg>
<arg>PE</arg>
<arg>PF</arg>
<arg>PG</arg>
<arg>PH</arg>
<arg>PK</arg>
<arg>PL</arg>
<arg>PM</arg>
<arg>PN</arg>
<arg>PR</arg>
<arg>PS</arg>
<arg>PT</arg>
<arg>PW</arg>
<arg>PY</arg>
<arg>QA</arg>
<arg>RE</arg>
<arg>RO</arg>
<arg>RS</arg>
<arg>RU</arg>
<arg>RW</arg>
<arg>SA</arg>
<arg>SB</arg>
<arg>SC</arg>
<arg>SD</arg>
<arg>SE</arg>
<arg>SG</arg>
<arg>SH</arg>
<arg>SI</arg>
<arg>SJ</arg>
<arg>SK</arg>
<arg>SL</arg>
<arg>SM</arg>
<arg>SN</arg>
<arg>SO</arg>
<arg>SR</arg>
<arg>SS</arg>
<arg>ST</arg>
<arg>SV</arg>
<arg>SX</arg>
<arg>SY</arg>
<arg>SZ</arg>
<arg>TC</arg>
<arg>TD</arg>
<arg>TF</arg>
<arg>TG</arg>
<arg>TH</arg>
<arg>TJ</arg>
<arg>TK</arg>
<arg>TL</arg>
<arg>TM</arg>
<arg>TN</arg>
<arg>TO</arg>
<arg>TR</arg>
<arg>TT</arg>
<arg>TV</arg>
<arg>TW</arg>
<arg>TZ</arg>
<arg>UA</arg>
<arg>UG</arg>
<arg>UM</arg>
<arg>US</arg>
<arg>UY</arg>
<arg>UZ</arg>
<arg>VA</arg>
<arg>VC</arg>
<arg>VE</arg>
<arg>VG</arg>
<arg>VI</arg>
<arg>VN</arg>
<arg>VU</arg>
<arg>WF</arg>
<arg>WS</arg>
<arg>XK</arg>
<arg>YE</arg>
<arg>YT</arg>
<arg>ZA</arg>
<arg>ZM</arg>
<arg>ZW</arg>
<doc>Returns a list containing given items.</doc>
<status status="PASS" start="2024-03-31T04:17:17.567872" elapsed="0.000624"/>
</kw>
<kw name="List Should Contain Value" owner="Collections">
<msg time="2024-03-31T04:17:17.569657" level="INFO">False</msg>
<arg>${list_country}</arg>
<arg>${name_country}</arg>
<doc>Fails if the ``value`` is not found from ``list``.</doc>
<status status="PASS" start="2024-03-31T04:17:17.569434" elapsed="0.000261"/>
</kw>
<kw name="Run Keyword If" owner="BuiltIn">
<kw name="Should Be True" owner="BuiltIn">
<arg>${True}</arg>
<doc>Fails if the given condition is not true.</doc>
<status status="PASS" start="2024-03-31T04:17:17.570783" elapsed="0.000146"/>
</kw>
<arg>${json_data["results"][0]["location"]["coordinates"]["latitude"]} &gt;= -90 and ${json_data["results"][0]["location"]["coordinates"]["latitude"]} &lt;= 90</arg>
<arg>Should Be True</arg>
<arg>${True}</arg>
<doc>Runs the given keyword with the given arguments, if ``condition`` is true.</doc>
<status status="PASS" start="2024-03-31T04:17:17.570016" elapsed="0.001042"/>
</kw>
<kw name="Run Keyword If" owner="BuiltIn">
<kw name="Should Be True" owner="BuiltIn">
<arg>${True}</arg>
<doc>Fails if the given condition is not true.</doc>
<status status="PASS" start="2024-03-31T04:17:17.571952" elapsed="0.000139"/>
</kw>
<arg>${json_data["results"][0]["location"]["coordinates"]["longitude"]} &gt;= -180 and ${json_data["results"][0]["location"]["coordinates"]["longitude"]} &lt;= 180</arg>
<arg>Should Be True</arg>
<arg>${True}</arg>
<doc>Runs the given keyword with the given arguments, if ``condition`` is true.</doc>
<status status="PASS" start="2024-03-31T04:17:17.571244" elapsed="0.000971"/>
</kw>
<status status="PASS" start="2024-03-31T04:17:17.468351" elapsed="0.103996"/>
</kw>
<doc>Testa o conteúdo específico dos campos retornados pela API.</doc>
<tag>testeConteudo</tag>
<status status="PASS" start="2024-03-31T04:17:17.467906" elapsed="0.104589"/>
</test>
<status status="PASS" start="2024-03-31T04:17:16.780169" elapsed="0.794269"/>
</suite>
<status status="PASS" start="2024-03-31T04:17:16.766528" elapsed="0.813238"/>
</suite>
<statistics>
<total>
<stat pass="5" fail="0" skip="0">All Tests</stat>
</total>
<tag>
<stat pass="1" fail="0" skip="0">testeConteudo</stat>
<stat pass="1" fail="0" skip="0">testeEstruturaResposta</stat>
<stat pass="1" fail="0" skip="0">testeRequisicaoBasica</stat>
<stat pass="1" fail="0" skip="0">testeTiposDados</stat>
</tag>
<suite>
<stat pass="5" fail="0" skip="0" id="s1" name="Tests">Tests</stat>
<stat pass="5" fail="0" skip="0" id="s1-s1" name="Random-User-Test">Tests.Random-User-Test</stat>
</suite>
</statistics>
<errors>
</errors>
</robot>
