<?xml version="1.0" encoding="UTF-8"?>
<robot generator="Robot 7.0.1 (Python 3.12.4 on linux)" generated="2024-07-02T08:19:06.354428" rpa="false" schemaversion="5">
<suite id="s1" name="Tests" source="/home/runner/work/ApiRandomUser/ApiRandomUser/RamdonUser/tests">
<suite id="s1-s1" name="Random-User-Test" source="/home/runner/work/ApiRandomUser/ApiRandomUser/RamdonUser/tests/random-user-test.robot">
<test id="s1-s1-t1" name="Conectar" line="13">
<kw name="Conectar API" owner="random-user-service">
<kw name="Create Session" owner="RequestsLibrary">
<msg time="2024-07-02T08:19:06.752180" level="INFO">Creating Session using : alias=consultarAPI, url=https://randomuser.me/, headers={},                     cookies={}, auth=None, timeout=None, proxies=None, verify=False,                     debug=0 </msg>
<arg>consultarAPI</arg>
<arg>${URL}</arg>
<doc>Create Session: create a HTTP session to a server</doc>
<status status="PASS" start="2024-07-02T08:19:06.751972" elapsed="0.000393"/>
</kw>
<status status="PASS" start="2024-07-02T08:19:06.750955" elapsed="0.001769"/>
</kw>
<status status="PASS" start="2024-07-02T08:19:06.750396" elapsed="0.002521"/>
</test>
<test id="s1-s1-t2" name="Validar retorno 200 e JSON Válido" line="16">
<kw name="Teste de Requisicao Basica" owner="random-user-service">
<kw name="GET On Session" owner="RequestsLibrary">
<msg time="2024-07-02T08:19:07.049788" level="INFO">GET Request : url=https://randomuser.me/api 
 path_url=/api 
 headers={'User-Agent': 'python-requests/2.32.3', 'Accept-Encoding': 'gzip, deflate', 'Accept': '*/*', 'Connection': 'keep-alive'} 
 body=None 
 </msg>
<msg time="2024-07-02T08:19:07.049951" level="INFO">GET Response : url=https://randomuser.me/api 
 status=200, reason=OK 
 headers={'Date': 'Tue, 02 Jul 2024 08:19:07 GMT', 'Content-Type': 'application/json; charset=utf-8', 'Transfer-Encoding': 'chunked', 'Connection': 'keep-alive', 'X-Powered-By': 'Express', 'Access-Control-Allow-Origin': '*', 'Cache-Control': 'no-cache', 'ETag': 'W/"493-FmIADR++Op3NoOsdKYvTBJLrcfc"', 'Vary': 'Accept-Encoding', 'Content-Encoding': 'gzip', 'CF-Cache-Status': 'DYNAMIC', 'Report-To': '{"endpoints":[{"url":"https:\\/\\/a.nel.cloudflare.com\\/report\\/v4?s=n3koUStxmgMhVK1VknIss%2FcjMOW1m0U4YC4p4S7xoBUcQVrFYnCEBsb8pr%2BOTHw1zB87ThAR3epLNh8ualHhSkRKEMoKIfjCgQuxnC84h1PJH4vPJ47z3ZrMIRFi0XGB"}],"group":"cf-nel","max_age":604800}', 'NEL': '{"success_fraction":0,"report_to":"cf-nel","max_age":604800}', 'Server': 'cloudflare', 'CF-RAY': '89cd35806bfb7c59-LAX', 'alt-svc': 'h3=":443"; ma=86400'} 
 body={"results":[{"gender":"female","name":{"title":"Miss","first":"Kristin","last":"West"},"location":{"street":{"number":1660,"name":"Fairview St"},"city":"Perth","state":"New South Wales","country":"Australia","postcode":592,"coordinates":{"latitude":"-85.1065","longitude":"62.1331"},"timezone":{"offset":"+10:00","description":"Eastern Australia, Guam, Vladivostok"}},"email":"kristin.west@example.com","login":{"uuid":"8f0f24a2-64eb-43c5-ae28-ca4708815329","username":"orangerabbit715","password":"bone","salt":"q4TnVvj6","md5":"edaba848a1844854da27195584d414b6","sha1":"59fd56bd629428597c834601b11fad58a8722f29","sha256":"4177a7f2deaad350798b1db0d54dd00ea3f9589bfdbf8cb3d5094d25ad01514e"},"dob":{"date":"1959-12-31T12:50:20.874Z","age":64},"registered":{"date":"2011-11-25T11:29:00.200Z","age":12},"phone":"05-5132-1646","cell":"0448-146-898","id":{"name":"TFN","value":"776417821"},"picture":{"large":"https://randomuser.me/api/portraits/women/3.jpg","medium":"https://randomuser.me/api/portraits/med/women/3.jpg","thumbnail":"https://randomuser.me/api/portraits/thumb/women/3.jpg"},"nat":"AU"}],"info":{"seed":"a402e3c8cbdfbe15","results":1,"page":1,"version":"1.4"}} 
 </msg>
<msg time="2024-07-02T08:19:07.050047" level="INFO">/opt/hostedtoolcache/Python/3.12.4/x64/lib/python3.12/site-packages/urllib3/connectionpool.py:1099: InsecureRequestWarning: Unverified HTTPS request is being made to host 'randomuser.me'. Adding certificate verification is strongly advised. See: https://urllib3.readthedocs.io/en/latest/advanced-usage.html#tls-warnings
  warnings.warn(</msg>
<msg time="2024-07-02T08:19:07.050189" level="INFO">${response} = &lt;Response [200]&gt;</msg>
<var>${response}</var>
<arg>consultarAPI</arg>
<arg>/api</arg>
<doc>Sends a GET request on a previously created HTTP Session.</doc>
<status status="PASS" start="2024-07-02T08:19:06.755495" elapsed="0.294737"/>
</kw>
<kw name="Should Be Equal As Numbers" owner="BuiltIn">
<msg time="2024-07-02T08:19:07.051204" level="INFO">Argument types are:
&lt;class 'int'&gt;
&lt;class 'str'&gt;</msg>
<arg>${response.status_code}</arg>
<arg>200</arg>
<doc>Fails if objects are unequal after converting them to real numbers.</doc>
<status status="PASS" start="2024-07-02T08:19:07.050747" elapsed="0.000521"/>
</kw>
<kw name="Log" owner="BuiltIn">
<msg time="2024-07-02T08:19:07.051978" level="INFO">200</msg>
<arg>${response.status_code}</arg>
<doc>Logs the given message with the given level.</doc>
<status status="PASS" start="2024-07-02T08:19:07.051577" elapsed="0.000444"/>
</kw>
<kw name="Set Variable" owner="BuiltIn">
<msg time="2024-07-02T08:19:07.052755" level="INFO">${json_data} = {'results': [{'gender': 'female', 'name': {'title': 'Miss', 'first': 'Kristin', 'last': 'West'}, 'location': {'street': {'number': 1660, 'name': 'Fairview St'}, 'city': 'Perth', 'state': 'New South Wa...</msg>
<var>${json_data}</var>
<arg>${response.json()}</arg>
<doc>Returns the given values which can then be assigned to a variables.</doc>
<status status="PASS" start="2024-07-02T08:19:07.052323" elapsed="0.000460"/>
</kw>
<kw name="Dictionary Should Contain Key" owner="Collections">
<arg>${json_data}</arg>
<arg>results</arg>
<doc>Fails if ``key`` is not found from ``dictionary``.</doc>
<status status="PASS" start="2024-07-02T08:19:07.053082" elapsed="0.000163"/>
</kw>
<status status="PASS" start="2024-07-02T08:19:06.755248" elapsed="0.298151"/>
</kw>
<doc>Testa se a API responde corretamente e retorna um objeto JSON válido.</doc>
<tag>testeRequisicaoBasica</tag>
<status status="PASS" start="2024-07-02T08:19:06.754774" elapsed="0.298803"/>
</test>
<test id="s1-s1-t3" name="Validar estrutura de resposta" line="22">
<kw name="Teste de Estrutura de Resposta" owner="random-user-service">
<kw name="GET On Session" owner="RequestsLibrary">
<msg time="2024-07-02T08:19:07.189541" level="INFO">GET Request : url=https://randomuser.me/api 
 path_url=/api 
 headers={'User-Agent': 'python-requests/2.32.3', 'Accept-Encoding': 'gzip, deflate', 'Accept': '*/*', 'Connection': 'keep-alive'} 
 body=None 
 </msg>
<msg time="2024-07-02T08:19:07.189660" level="INFO">GET Response : url=https://randomuser.me/api 
 status=200, reason=OK 
 headers={'Date': 'Tue, 02 Jul 2024 08:19:07 GMT', 'Content-Type': 'application/json; charset=utf-8', 'Transfer-Encoding': 'chunked', 'Connection': 'keep-alive', 'X-Powered-By': 'Express', 'Access-Control-Allow-Origin': '*', 'Cache-Control': 'no-cache', 'ETag': 'W/"494-dhvRIxI5rito1lw/jt+qI249WuY"', 'Vary': 'Accept-Encoding', 'Content-Encoding': 'gzip', 'CF-Cache-Status': 'DYNAMIC', 'Report-To': '{"endpoints":[{"url":"https:\\/\\/a.nel.cloudflare.com\\/report\\/v4?s=JidpFAXAn4cZTw0QD7fmZGmUP1afH0%2FUmZFNgeqdG7v3olBZUisgiCVv%2B5re9N09v%2F6V6NZOl0tnGXv6a%2FxXn0p57B5FSJDSg8zNMRfh8BB2oGOi%2B4Tc7RTsePC8bP00"}],"group":"cf-nel","max_age":604800}', 'NEL': '{"success_fraction":0,"report_to":"cf-nel","max_age":604800}', 'Server': 'cloudflare', 'CF-RAY': '89cd35812c967c59-LAX', 'alt-svc': 'h3=":443"; ma=86400'} 
 body={"results":[{"gender":"female","name":{"title":"Ms","first":"Hannah","last":"Gill"},"location":{"street":{"number":6824,"name":"9th St"},"city":"Wellington","state":"Saskatchewan","country":"Canada","postcode":"S4Q 7E1","coordinates":{"latitude":"-66.9921","longitude":"62.4875"},"timezone":{"offset":"+11:00","description":"Magadan, Solomon Islands, New Caledonia"}},"email":"hannah.gill@example.com","login":{"uuid":"85efa1fe-0fda-490f-814e-cb4bef1f8bf0","username":"tinyrabbit751","password":"deeper","salt":"0YQJc9Wf","md5":"827f735b25a3aadd64be5628c93419f2","sha1":"6ca739d0949dbbcc9defc944cf777c8ca1b838a4","sha256":"eecb7cc10a384afaddea3676d67558eb838050f3bd2d457ed859215db9a50fbe"},"dob":{"date":"1960-04-12T06:27:02.357Z","age":64},"registered":{"date":"2016-03-26T01:06:39.965Z","age":8},"phone":"Y09 O79-0794","cell":"U66 G54-7353","id":{"name":"SIN","value":"582540902"},"picture":{"large":"https://randomuser.me/api/portraits/women/90.jpg","medium":"https://randomuser.me/api/portraits/med/women/90.jpg","thumbnail":"https://randomuser.me/api/portraits/thumb/women/90.jpg"},"nat":"CA"}],"info":{"seed":"64b68cb11532611a","results":1,"page":1,"version":"1.4"}} 
 </msg>
<msg time="2024-07-02T08:19:07.189785" level="INFO">/opt/hostedtoolcache/Python/3.12.4/x64/lib/python3.12/site-packages/urllib3/connectionpool.py:1099: InsecureRequestWarning: Unverified HTTPS request is being made to host 'randomuser.me'. Adding certificate verification is strongly advised. See: https://urllib3.readthedocs.io/en/latest/advanced-usage.html#tls-warnings
  warnings.warn(</msg>
<msg time="2024-07-02T08:19:07.189906" level="INFO">${response} = &lt;Response [200]&gt;</msg>
<var>${response}</var>
<arg>consultarAPI</arg>
<arg>/api</arg>
<doc>Sends a GET request on a previously created HTTP Session.</doc>
<status status="PASS" start="2024-07-02T08:19:07.056186" elapsed="0.133763"/>
</kw>
<kw name="Set Variable" owner="BuiltIn">
<msg time="2024-07-02T08:19:07.190919" level="INFO">${json_data} = {'results': [{'gender': 'female', 'name': {'title': 'Ms', 'first': 'Hannah', 'last': 'Gill'}, 'location': {'street': {'number': 6824, 'name': '9th St'}, 'city': 'Wellington', 'state': 'Saskatchewan', ...</msg>
<var>${json_data}</var>
<arg>${response.json()}</arg>
<doc>Returns the given values which can then be assigned to a variables.</doc>
<status status="PASS" start="2024-07-02T08:19:07.190418" elapsed="0.000531"/>
</kw>
<kw name="Log" owner="BuiltIn">
<msg time="2024-07-02T08:19:07.191406" level="INFO">{'results': [{'gender': 'female', 'name': {'title': 'Ms', 'first': 'Hannah', 'last': 'Gill'}, 'location': {'street': {'number': 6824, 'name': '9th St'}, 'city': 'Wellington', 'state': 'Saskatchewan', 'country': 'Canada', 'postcode': 'S4Q 7E1', 'coordinates': {'latitude': '-66.9921', 'longitude': '62.4875'}, 'timezone': {'offset': '+11:00', 'description': 'Magadan, Solomon Islands, New Caledonia'}}, 'email': 'hannah.gill@example.com', 'login': {'uuid': '85efa1fe-0fda-490f-814e-cb4bef1f8bf0', 'username': 'tinyrabbit751', 'password': 'deeper', 'salt': '0YQJc9Wf', 'md5': '827f735b25a3aadd64be5628c93419f2', 'sha1': '6ca739d0949dbbcc9defc944cf777c8ca1b838a4', 'sha256': 'eecb7cc10a384afaddea3676d67558eb838050f3bd2d457ed859215db9a50fbe'}, 'dob': {'date': '1960-04-12T06:27:02.357Z', 'age': 64}, 'registered': {'date': '2016-03-26T01:06:39.965Z', 'age': 8}, 'phone': 'Y09 O79-0794', 'cell': 'U66 G54-7353', 'id': {'name': 'SIN', 'value': '582540902'}, 'picture': {'large': 'https://randomuser.me/api/portraits/women/90.jpg', 'medium': 'https://randomuser.me/api/portraits/med/women/90.jpg', 'thumbnail': 'https://randomuser.me/api/portraits/thumb/women/90.jpg'}, 'nat': 'CA'}], 'info': {'seed': '64b68cb11532611a', 'results': 1, 'page': 1, 'version': '1.4'}}</msg>
<arg>${json_data}</arg>
<doc>Logs the given message with the given level.</doc>
<status status="PASS" start="2024-07-02T08:19:07.191248" elapsed="0.000206"/>
</kw>
<kw name="Dictionary Should Contain Key" owner="Collections">
<arg>${json_data}</arg>
<arg>results</arg>
<doc>Fails if ``key`` is not found from ``dictionary``.</doc>
<status status="PASS" start="2024-07-02T08:19:07.191739" elapsed="0.000216"/>
</kw>
<kw name="Should Not Be Empty" owner="BuiltIn">
<msg time="2024-07-02T08:19:07.192273" level="INFO">Length is 2.</msg>
<arg>${json_data}</arg>
<doc>Verifies that the given item is not empty.</doc>
<status status="PASS" start="2024-07-02T08:19:07.192145" elapsed="0.000167"/>
</kw>
<kw name="Create List" owner="BuiltIn">
<msg time="2024-07-02T08:19:07.192758" level="INFO">${expected_keys} = ['gender', 'name', 'location', 'email', 'login']</msg>
<var>${expected_keys}</var>
<arg>gender</arg>
<arg>name</arg>
<arg>location</arg>
<arg>email</arg>
<arg>login</arg>
<doc>Returns a list containing given items.</doc>
<status status="PASS" start="2024-07-02T08:19:07.192607" elapsed="0.000175"/>
</kw>
<for flavor="IN">
<iter>
<kw name="Dictionary Should Contain Key" owner="Collections">
<arg>${json_data['results'][0]}</arg>
<arg>${key}</arg>
<doc>Fails if ``key`` is not found from ``dictionary``.</doc>
<status status="PASS" start="2024-07-02T08:19:07.193511" elapsed="0.000401"/>
</kw>
<kw name="Log" owner="BuiltIn">
<msg time="2024-07-02T08:19:07.194489" level="INFO">{'gender': 'female', 'name': {'title': 'Ms', 'first': 'Hannah', 'last': 'Gill'}, 'location': {'street': {'number': 6824, 'name': '9th St'}, 'city': 'Wellington', 'state': 'Saskatchewan', 'country': 'Canada', 'postcode': 'S4Q 7E1', 'coordinates': {'latitude': '-66.9921', 'longitude': '62.4875'}, 'timezone': {'offset': '+11:00', 'description': 'Magadan, Solomon Islands, New Caledonia'}}, 'email': 'hannah.gill@example.com', 'login': {'uuid': '85efa1fe-0fda-490f-814e-cb4bef1f8bf0', 'username': 'tinyrabbit751', 'password': 'deeper', 'salt': '0YQJc9Wf', 'md5': '827f735b25a3aadd64be5628c93419f2', 'sha1': '6ca739d0949dbbcc9defc944cf777c8ca1b838a4', 'sha256': 'eecb7cc10a384afaddea3676d67558eb838050f3bd2d457ed859215db9a50fbe'}, 'dob': {'date': '1960-04-12T06:27:02.357Z', 'age': 64}, 'registered': {'date': '2016-03-26T01:06:39.965Z', 'age': 8}, 'phone': 'Y09 O79-0794', 'cell': 'U66 G54-7353', 'id': {'name': 'SIN', 'value': '582540902'}, 'picture': {'large': 'https://randomuser.me/api/portraits/women/90.jpg', 'medium': 'https://randomuser.me/api/portraits/med/women/90.jpg', 'thumbnail': 'https://randomuser.me/api/portraits/thumb/women/90.jpg'}, 'nat': 'CA'}</msg>
<arg>${json_data['results'][0]}</arg>
<doc>Logs the given message with the given level.</doc>
<status status="PASS" start="2024-07-02T08:19:07.194122" elapsed="0.000416"/>
</kw>
<kw name="Log" owner="BuiltIn">
<msg time="2024-07-02T08:19:07.194971" level="INFO">gender</msg>
<arg>${key}</arg>
<doc>Logs the given message with the given level.</doc>
<status status="PASS" start="2024-07-02T08:19:07.194836" elapsed="0.000173"/>
</kw>
<var name="${key}">gender</var>
<status status="PASS" start="2024-07-02T08:19:07.193387" elapsed="0.001869"/>
</iter>
<iter>
<kw name="Dictionary Should Contain Key" owner="Collections">
<arg>${json_data['results'][0]}</arg>
<arg>${key}</arg>
<doc>Fails if ``key`` is not found from ``dictionary``.</doc>
<status status="PASS" start="2024-07-02T08:19:07.195552" elapsed="0.000408"/>
</kw>
<kw name="Log" owner="BuiltIn">
<msg time="2024-07-02T08:19:07.196481" level="INFO">{'gender': 'female', 'name': {'title': 'Ms', 'first': 'Hannah', 'last': 'Gill'}, 'location': {'street': {'number': 6824, 'name': '9th St'}, 'city': 'Wellington', 'state': 'Saskatchewan', 'country': 'Canada', 'postcode': 'S4Q 7E1', 'coordinates': {'latitude': '-66.9921', 'longitude': '62.4875'}, 'timezone': {'offset': '+11:00', 'description': 'Magadan, Solomon Islands, New Caledonia'}}, 'email': 'hannah.gill@example.com', 'login': {'uuid': '85efa1fe-0fda-490f-814e-cb4bef1f8bf0', 'username': 'tinyrabbit751', 'password': 'deeper', 'salt': '0YQJc9Wf', 'md5': '827f735b25a3aadd64be5628c93419f2', 'sha1': '6ca739d0949dbbcc9defc944cf777c8ca1b838a4', 'sha256': 'eecb7cc10a384afaddea3676d67558eb838050f3bd2d457ed859215db9a50fbe'}, 'dob': {'date': '1960-04-12T06:27:02.357Z', 'age': 64}, 'registered': {'date': '2016-03-26T01:06:39.965Z', 'age': 8}, 'phone': 'Y09 O79-0794', 'cell': 'U66 G54-7353', 'id': {'name': 'SIN', 'value': '582540902'}, 'picture': {'large': 'https://randomuser.me/api/portraits/women/90.jpg', 'medium': 'https://randomuser.me/api/portraits/med/women/90.jpg', 'thumbnail': 'https://randomuser.me/api/portraits/thumb/women/90.jpg'}, 'nat': 'CA'}</msg>
<arg>${json_data['results'][0]}</arg>
<doc>Logs the given message with the given level.</doc>
<status status="PASS" start="2024-07-02T08:19:07.196139" elapsed="0.000421"/>
</kw>
<kw name="Log" owner="BuiltIn">
<msg time="2024-07-02T08:19:07.196983" level="INFO">name</msg>
<arg>${key}</arg>
<doc>Logs the given message with the given level.</doc>
<status status="PASS" start="2024-07-02T08:19:07.196856" elapsed="0.000164"/>
</kw>
<var name="${key}">name</var>
<status status="PASS" start="2024-07-02T08:19:07.195441" elapsed="0.001795"/>
</iter>
<iter>
<kw name="Dictionary Should Contain Key" owner="Collections">
<arg>${json_data['results'][0]}</arg>
<arg>${key}</arg>
<doc>Fails if ``key`` is not found from ``dictionary``.</doc>
<status status="PASS" start="2024-07-02T08:19:07.197526" elapsed="0.000374"/>
</kw>
<kw name="Log" owner="BuiltIn">
<msg time="2024-07-02T08:19:07.198418" level="INFO">{'gender': 'female', 'name': {'title': 'Ms', 'first': 'Hannah', 'last': 'Gill'}, 'location': {'street': {'number': 6824, 'name': '9th St'}, 'city': 'Wellington', 'state': 'Saskatchewan', 'country': 'Canada', 'postcode': 'S4Q 7E1', 'coordinates': {'latitude': '-66.9921', 'longitude': '62.4875'}, 'timezone': {'offset': '+11:00', 'description': 'Magadan, Solomon Islands, New Caledonia'}}, 'email': 'hannah.gill@example.com', 'login': {'uuid': '85efa1fe-0fda-490f-814e-cb4bef1f8bf0', 'username': 'tinyrabbit751', 'password': 'deeper', 'salt': '0YQJc9Wf', 'md5': '827f735b25a3aadd64be5628c93419f2', 'sha1': '6ca739d0949dbbcc9defc944cf777c8ca1b838a4', 'sha256': 'eecb7cc10a384afaddea3676d67558eb838050f3bd2d457ed859215db9a50fbe'}, 'dob': {'date': '1960-04-12T06:27:02.357Z', 'age': 64}, 'registered': {'date': '2016-03-26T01:06:39.965Z', 'age': 8}, 'phone': 'Y09 O79-0794', 'cell': 'U66 G54-7353', 'id': {'name': 'SIN', 'value': '582540902'}, 'picture': {'large': 'https://randomuser.me/api/portraits/women/90.jpg', 'medium': 'https://randomuser.me/api/portraits/med/women/90.jpg', 'thumbnail': 'https://randomuser.me/api/portraits/thumb/women/90.jpg'}, 'nat': 'CA'}</msg>
<arg>${json_data['results'][0]}</arg>
<doc>Logs the given message with the given level.</doc>
<status status="PASS" start="2024-07-02T08:19:07.198077" elapsed="0.000386"/>
</kw>
<kw name="Log" owner="BuiltIn">
<msg time="2024-07-02T08:19:07.198885" level="INFO">location</msg>
<arg>${key}</arg>
<doc>Logs the given message with the given level.</doc>
<status status="PASS" start="2024-07-02T08:19:07.198758" elapsed="0.000164"/>
</kw>
<var name="${key}">location</var>
<status status="PASS" start="2024-07-02T08:19:07.197420" elapsed="0.001714"/>
</iter>
<iter>
<kw name="Dictionary Should Contain Key" owner="Collections">
<arg>${json_data['results'][0]}</arg>
<arg>${key}</arg>
<doc>Fails if ``key`` is not found from ``dictionary``.</doc>
<status status="PASS" start="2024-07-02T08:19:07.199411" elapsed="0.000418"/>
</kw>
<kw name="Log" owner="BuiltIn">
<msg time="2024-07-02T08:19:07.200368" level="INFO">{'gender': 'female', 'name': {'title': 'Ms', 'first': 'Hannah', 'last': 'Gill'}, 'location': {'street': {'number': 6824, 'name': '9th St'}, 'city': 'Wellington', 'state': 'Saskatchewan', 'country': 'Canada', 'postcode': 'S4Q 7E1', 'coordinates': {'latitude': '-66.9921', 'longitude': '62.4875'}, 'timezone': {'offset': '+11:00', 'description': 'Magadan, Solomon Islands, New Caledonia'}}, 'email': 'hannah.gill@example.com', 'login': {'uuid': '85efa1fe-0fda-490f-814e-cb4bef1f8bf0', 'username': 'tinyrabbit751', 'password': 'deeper', 'salt': '0YQJc9Wf', 'md5': '827f735b25a3aadd64be5628c93419f2', 'sha1': '6ca739d0949dbbcc9defc944cf777c8ca1b838a4', 'sha256': 'eecb7cc10a384afaddea3676d67558eb838050f3bd2d457ed859215db9a50fbe'}, 'dob': {'date': '1960-04-12T06:27:02.357Z', 'age': 64}, 'registered': {'date': '2016-03-26T01:06:39.965Z', 'age': 8}, 'phone': 'Y09 O79-0794', 'cell': 'U66 G54-7353', 'id': {'name': 'SIN', 'value': '582540902'}, 'picture': {'large': 'https://randomuser.me/api/portraits/women/90.jpg', 'medium': 'https://randomuser.me/api/portraits/med/women/90.jpg', 'thumbnail': 'https://randomuser.me/api/portraits/thumb/women/90.jpg'}, 'nat': 'CA'}</msg>
<arg>${json_data['results'][0]}</arg>
<doc>Logs the given message with the given level.</doc>
<status status="PASS" start="2024-07-02T08:19:07.200023" elapsed="0.000392"/>
</kw>
<kw name="Log" owner="BuiltIn">
<msg time="2024-07-02T08:19:07.200830" level="INFO">email</msg>
<arg>${key}</arg>
<doc>Logs the given message with the given level.</doc>
<status status="PASS" start="2024-07-02T08:19:07.200705" elapsed="0.000164"/>
</kw>
<var name="${key}">email</var>
<status status="PASS" start="2024-07-02T08:19:07.199305" elapsed="0.001783"/>
</iter>
<iter>
<kw name="Dictionary Should Contain Key" owner="Collections">
<arg>${json_data['results'][0]}</arg>
<arg>${key}</arg>
<doc>Fails if ``key`` is not found from ``dictionary``.</doc>
<status status="PASS" start="2024-07-02T08:19:07.201367" elapsed="0.000382"/>
</kw>
<kw name="Log" owner="BuiltIn">
<msg time="2024-07-02T08:19:07.202281" level="INFO">{'gender': 'female', 'name': {'title': 'Ms', 'first': 'Hannah', 'last': 'Gill'}, 'location': {'street': {'number': 6824, 'name': '9th St'}, 'city': 'Wellington', 'state': 'Saskatchewan', 'country': 'Canada', 'postcode': 'S4Q 7E1', 'coordinates': {'latitude': '-66.9921', 'longitude': '62.4875'}, 'timezone': {'offset': '+11:00', 'description': 'Magadan, Solomon Islands, New Caledonia'}}, 'email': 'hannah.gill@example.com', 'login': {'uuid': '85efa1fe-0fda-490f-814e-cb4bef1f8bf0', 'username': 'tinyrabbit751', 'password': 'deeper', 'salt': '0YQJc9Wf', 'md5': '827f735b25a3aadd64be5628c93419f2', 'sha1': '6ca739d0949dbbcc9defc944cf777c8ca1b838a4', 'sha256': 'eecb7cc10a384afaddea3676d67558eb838050f3bd2d457ed859215db9a50fbe'}, 'dob': {'date': '1960-04-12T06:27:02.357Z', 'age': 64}, 'registered': {'date': '2016-03-26T01:06:39.965Z', 'age': 8}, 'phone': 'Y09 O79-0794', 'cell': 'U66 G54-7353', 'id': {'name': 'SIN', 'value': '582540902'}, 'picture': {'large': 'https://randomuser.me/api/portraits/women/90.jpg', 'medium': 'https://randomuser.me/api/portraits/med/women/90.jpg', 'thumbnail': 'https://randomuser.me/api/portraits/thumb/women/90.jpg'}, 'nat': 'CA'}</msg>
<arg>${json_data['results'][0]}</arg>
<doc>Logs the given message with the given level.</doc>
<status status="PASS" start="2024-07-02T08:19:07.201929" elapsed="0.000399"/>
</kw>
<kw name="Log" owner="BuiltIn">
<msg time="2024-07-02T08:19:07.202742" level="INFO">login</msg>
<arg>${key}</arg>
<doc>Logs the given message with the given level.</doc>
<status status="PASS" start="2024-07-02T08:19:07.202616" elapsed="0.000163"/>
</kw>
<var name="${key}">login</var>
<status status="PASS" start="2024-07-02T08:19:07.201256" elapsed="0.001741"/>
</iter>
<var>${key}</var>
<value>@{expected_keys}</value>
<status status="PASS" start="2024-07-02T08:19:07.193194" elapsed="0.009924"/>
</for>
<kw name="Create List" owner="BuiltIn">
<msg time="2024-07-02T08:19:07.203438" level="INFO">${expected_keysTwo} = ['username', 'password']</msg>
<var>${expected_keysTwo}</var>
<arg>username</arg>
<arg>password</arg>
<doc>Returns a list containing given items.</doc>
<status status="PASS" start="2024-07-02T08:19:07.203305" elapsed="0.000184"/>
</kw>
<for flavor="IN">
<iter>
<kw name="Dictionary Should Contain Key" owner="Collections">
<arg>${json_data['results'][0]['login']}</arg>
<arg>${keyTwo}</arg>
<doc>Fails if ``key`` is not found from ``dictionary``.</doc>
<status status="PASS" start="2024-07-02T08:19:07.204012" elapsed="0.000384"/>
</kw>
<kw name="Dictionary Should Contain Key" owner="Collections">
<arg>${json_data['results'][0]['login']}</arg>
<arg>${keyTwo}</arg>
<doc>Fails if ``key`` is not found from ``dictionary``.</doc>
<status status="PASS" start="2024-07-02T08:19:07.204573" elapsed="0.000378"/>
</kw>
<kw name="Log" owner="BuiltIn">
<msg time="2024-07-02T08:19:07.205253" level="INFO">username</msg>
<arg>${keyTwo}</arg>
<doc>Logs the given message with the given level.</doc>
<status status="PASS" start="2024-07-02T08:19:07.205130" elapsed="0.000161"/>
</kw>
<var name="${keyTwo}">username</var>
<status status="PASS" start="2024-07-02T08:19:07.203907" elapsed="0.001603"/>
</iter>
<iter>
<kw name="Dictionary Should Contain Key" owner="Collections">
<arg>${json_data['results'][0]['login']}</arg>
<arg>${keyTwo}</arg>
<doc>Fails if ``key`` is not found from ``dictionary``.</doc>
<status status="PASS" start="2024-07-02T08:19:07.205784" elapsed="0.000391"/>
</kw>
<kw name="Dictionary Should Contain Key" owner="Collections">
<arg>${json_data['results'][0]['login']}</arg>
<arg>${keyTwo}</arg>
<doc>Fails if ``key`` is not found from ``dictionary``.</doc>
<status status="PASS" start="2024-07-02T08:19:07.206349" elapsed="0.000362"/>
</kw>
<kw name="Log" owner="BuiltIn">
<msg time="2024-07-02T08:19:07.207010" level="INFO">password</msg>
<arg>${keyTwo}</arg>
<doc>Logs the given message with the given level.</doc>
<status status="PASS" start="2024-07-02T08:19:07.206884" elapsed="0.000168"/>
</kw>
<var name="${keyTwo}">password</var>
<status status="PASS" start="2024-07-02T08:19:07.205679" elapsed="0.001589"/>
</iter>
<var>${keyTwo}</var>
<value>@{expected_keysTwo}</value>
<status status="PASS" start="2024-07-02T08:19:07.203730" elapsed="0.003663"/>
</for>
<status status="PASS" start="2024-07-02T08:19:07.055945" elapsed="0.151586"/>
</kw>
<doc>Testa a estrutura da resposta da API.</doc>
<tag>testeEstruturaResposta</tag>
<status status="PASS" start="2024-07-02T08:19:07.055397" elapsed="0.152286"/>
</test>
<test id="s1-s1-t4" name="Validar tipos de dados" line="28">
<kw name="Teste de Tipos de Dados" owner="random-user-service">
<kw name="GET On Session" owner="RequestsLibrary">
<msg time="2024-07-02T08:19:07.314874" level="INFO">GET Request : url=https://randomuser.me/api 
 path_url=/api 
 headers={'User-Agent': 'python-requests/2.32.3', 'Accept-Encoding': 'gzip, deflate', 'Accept': '*/*', 'Connection': 'keep-alive'} 
 body=None 
 </msg>
<msg time="2024-07-02T08:19:07.314981" level="INFO">GET Response : url=https://randomuser.me/api 
 status=200, reason=OK 
 headers={'Date': 'Tue, 02 Jul 2024 08:19:07 GMT', 'Content-Type': 'application/json; charset=utf-8', 'Transfer-Encoding': 'chunked', 'Connection': 'keep-alive', 'X-Powered-By': 'Express', 'Access-Control-Allow-Origin': '*', 'Cache-Control': 'no-cache', 'ETag': 'W/"487-N8edsvNlIb7v/VCps4XzzjwRpAs"', 'Vary': 'Accept-Encoding', 'Content-Encoding': 'gzip', 'CF-Cache-Status': 'DYNAMIC', 'Report-To': '{"endpoints":[{"url":"https:\\/\\/a.nel.cloudflare.com\\/report\\/v4?s=Ikd87r06yei6%2BPjyfsb7OiUcduFin%2FnEiEqOUJ0SCHCmFdirmzeYhZ50unQlXOWmCRcHCrQikNB5yi173pDxLse1vkU%2FW4d9i0BCcUWV3BKN%2FzrKtXzv2%2B5LePccv4b1"}],"group":"cf-nel","max_age":604800}', 'NEL': '{"success_fraction":0,"report_to":"cf-nel","max_age":604800}', 'Server': 'cloudflare', 'CF-RAY': '89cd35821d547c59-LAX', 'alt-svc': 'h3=":443"; ma=86400'} 
 body={"results":[{"gender":"male","name":{"title":"Mr","first":"Bogdan","last":"Podushko"},"location":{"street":{"number":1355,"name":"Korolenka"},"city":"Berezhani","state":"Ivano-Frankivska","country":"Ukraine","postcode":83820,"coordinates":{"latitude":"79.2156","longitude":"-43.6370"},"timezone":{"offset":"-3:00","description":"Brazil, Buenos Aires, Georgetown"}},"email":"bogdan.podushko@example.com","login":{"uuid":"1a52305d-ba4b-417d-9212-717533509d1e","username":"bigdog521","password":"bouncer","salt":"SOsTgB1J","md5":"fb3766e061506407f1ef3e96ea804e5b","sha1":"ad3b09128f75535b8727d441a22996e455fc13dd","sha256":"e30c0495a3d21f2e660cc217f72ee5523b0ee8d5ba4ab6e86f22e776c4333c78"},"dob":{"date":"1948-05-26T23:45:10.062Z","age":76},"registered":{"date":"2011-08-05T14:59:38.783Z","age":12},"phone":"(067) F30-6809","cell":"(066) M80-8017","id":{"name":"","value":null},"picture":{"large":"https://randomuser.me/api/portraits/men/37.jpg","medium":"https://randomuser.me/api/portraits/med/men/37.jpg","thumbnail":"https://randomuser.me/api/portraits/thumb/men/37.jpg"},"nat":"UA"}],"info":{"seed":"ca0e0d8724b19067","results":1,"page":1,"version":"1.4"}} 
 </msg>
<msg time="2024-07-02T08:19:07.315046" level="INFO">/opt/hostedtoolcache/Python/3.12.4/x64/lib/python3.12/site-packages/urllib3/connectionpool.py:1099: InsecureRequestWarning: Unverified HTTPS request is being made to host 'randomuser.me'. Adding certificate verification is strongly advised. See: https://urllib3.readthedocs.io/en/latest/advanced-usage.html#tls-warnings
  warnings.warn(</msg>
<msg time="2024-07-02T08:19:07.315171" level="INFO">${response} = &lt;Response [200]&gt;</msg>
<var>${response}</var>
<arg>consultarAPI</arg>
<arg>/api</arg>
<doc>Sends a GET request on a previously created HTTP Session.</doc>
<status status="PASS" start="2024-07-02T08:19:07.210242" elapsed="0.104968"/>
</kw>
<kw name="Set Variable" owner="BuiltIn">
<msg time="2024-07-02T08:19:07.316388" level="INFO">${json_data} = {'results': [{'gender': 'male', 'name': {'title': 'Mr', 'first': 'Bogdan', 'last': 'Podushko'}, 'location': {'street': {'number': 1355, 'name': 'Korolenka'}, 'city': 'Berezhani', 'state': 'Ivano-Frank...</msg>
<var>${json_data}</var>
<arg>${response.json()}</arg>
<doc>Returns the given values which can then be assigned to a variables.</doc>
<status status="PASS" start="2024-07-02T08:19:07.315844" elapsed="0.000572"/>
</kw>
<kw name="Log" owner="BuiltIn">
<msg time="2024-07-02T08:19:07.316885" level="INFO">{'results': [{'gender': 'male', 'name': {'title': 'Mr', 'first': 'Bogdan', 'last': 'Podushko'}, 'location': {'street': {'number': 1355, 'name': 'Korolenka'}, 'city': 'Berezhani', 'state': 'Ivano-Frankivska', 'country': 'Ukraine', 'postcode': 83820, 'coordinates': {'latitude': '79.2156', 'longitude': '-43.6370'}, 'timezone': {'offset': '-3:00', 'description': 'Brazil, Buenos Aires, Georgetown'}}, 'email': 'bogdan.podushko@example.com', 'login': {'uuid': '1a52305d-ba4b-417d-9212-717533509d1e', 'username': 'bigdog521', 'password': 'bouncer', 'salt': 'SOsTgB1J', 'md5': 'fb3766e061506407f1ef3e96ea804e5b', 'sha1': 'ad3b09128f75535b8727d441a22996e455fc13dd', 'sha256': 'e30c0495a3d21f2e660cc217f72ee5523b0ee8d5ba4ab6e86f22e776c4333c78'}, 'dob': {'date': '1948-05-26T23:45:10.062Z', 'age': 76}, 'registered': {'date': '2011-08-05T14:59:38.783Z', 'age': 12}, 'phone': '(067) F30-6809', 'cell': '(066) M80-8017', 'id': {'name': '', 'value': None}, 'picture': {'large': 'https://randomuser.me/api/portraits/men/37.jpg', 'medium': 'https://randomuser.me/api/portraits/med/men/37.jpg', 'thumbnail': 'https://randomuser.me/api/portraits/thumb/men/37.jpg'}, 'nat': 'UA'}], 'info': {'seed': 'ca0e0d8724b19067', 'results': 1, 'page': 1, 'version': '1.4'}}</msg>
<arg>${json_data}</arg>
<doc>Logs the given message with the given level.</doc>
<status status="PASS" start="2024-07-02T08:19:07.316730" elapsed="0.000207"/>
</kw>
<kw name="Should Be String" owner="String">
<arg>${json_data['results'][0]['gender']}</arg>
<doc>Fails if the given ``item`` is not a string.</doc>
<status status="PASS" start="2024-07-02T08:19:07.317228" elapsed="0.000356"/>
</kw>
<kw name="Should Match Regexp" owner="BuiltIn">
<arg>${json_data['results'][0]['email']}</arg>
<arg>^[a-zA-Z0-9._%+-]+@[a-zA-Z0-9.-]+\.[a-zA-Z]{2,}$</arg>
<doc>Fails if ``string`` does not match ``pattern`` as a regular expression.</doc>
<status status="PASS" start="2024-07-02T08:19:07.317769" elapsed="0.000515"/>
</kw>
<kw name="Should Match Regexp" owner="BuiltIn">
<arg>${json_data['results'][0]['dob']['date']}</arg>
<arg>\\d{4}-\\d{2}-\\d{2}T\\d{2}:\\d{2}:\\d{2}\\.\\d{3}Z</arg>
<doc>Fails if ``string`` does not match ``pattern`` as a regular expression.</doc>
<status status="PASS" start="2024-07-02T08:19:07.318517" elapsed="0.000483"/>
</kw>
<kw name="Should Match Regexp" owner="BuiltIn">
<arg>${json_data['results'][0]['registered']['date']}</arg>
<arg>\\d{4}-\\d{2}-\\d{2}T\\d{2}:\\d{2}:\\d{2}\\.\\d{3}Z</arg>
<doc>Fails if ``string`` does not match ``pattern`` as a regular expression.</doc>
<status status="PASS" start="2024-07-02T08:19:07.319184" elapsed="0.000363"/>
</kw>
<kw name="Should Match Regexp" owner="BuiltIn">
<arg>${json_data['results'][0]['picture']['large']}</arg>
<arg>^https?://.*\.(?:png|jpe?g|gif|bmp)$</arg>
<doc>Fails if ``string`` does not match ``pattern`` as a regular expression.</doc>
<status status="PASS" start="2024-07-02T08:19:07.319727" elapsed="0.000495"/>
</kw>
<kw name="Should Match Regexp" owner="BuiltIn">
<arg>${json_data['results'][0]['picture']['medium']}</arg>
<arg>^https?://.*\.(?:png|jpe?g|gif|bmp)$</arg>
<doc>Fails if ``string`` does not match ``pattern`` as a regular expression.</doc>
<status status="PASS" start="2024-07-02T08:19:07.320407" elapsed="0.000350"/>
</kw>
<kw name="Should Match Regexp" owner="BuiltIn">
<arg>${json_data['results'][0]['picture']['thumbnail']}</arg>
<arg>^https?://.*\.(?:png|jpe?g|gif|bmp)$</arg>
<doc>Fails if ``string`` does not match ``pattern`` as a regular expression.</doc>
<status status="PASS" start="2024-07-02T08:19:07.320935" elapsed="0.000360"/>
</kw>
<kw name="Log" owner="BuiltIn">
<msg time="2024-07-02T08:19:07.321799" level="INFO">{'large': 'https://randomuser.me/api/portraits/men/37.jpg', 'medium': 'https://randomuser.me/api/portraits/med/men/37.jpg', 'thumbnail': 'https://randomuser.me/api/portraits/thumb/men/37.jpg'}</msg>
<arg>${json_data['results'][0]['picture']}</arg>
<doc>Logs the given message with the given level.</doc>
<status status="PASS" start="2024-07-02T08:19:07.321473" elapsed="0.000368"/>
</kw>
<status status="PASS" start="2024-07-02T08:19:07.210019" elapsed="0.112079"/>
</kw>
<kw name="Teste de Tipos de Dados - Postcode" owner="random-user-service">
<kw name="GET On Session" owner="RequestsLibrary">
<msg time="2024-07-02T08:19:07.415968" level="INFO">GET Request : url=https://randomuser.me/api 
 path_url=/api 
 headers={'User-Agent': 'python-requests/2.32.3', 'Accept-Encoding': 'gzip, deflate', 'Accept': '*/*', 'Connection': 'keep-alive'} 
 body=None 
 </msg>
<msg time="2024-07-02T08:19:07.416074" level="INFO">GET Response : url=https://randomuser.me/api 
 status=200, reason=OK 
 headers={'Date': 'Tue, 02 Jul 2024 08:19:07 GMT', 'Content-Type': 'application/json; charset=utf-8', 'Transfer-Encoding': 'chunked', 'Connection': 'keep-alive', 'X-Powered-By': 'Express', 'Access-Control-Allow-Origin': '*', 'Cache-Control': 'no-cache', 'ETag': 'W/"48e-gseT5DIC2IydEaKoqp838TMwdLM"', 'Vary': 'Accept-Encoding', 'Content-Encoding': 'gzip', 'CF-Cache-Status': 'DYNAMIC', 'Report-To': '{"endpoints":[{"url":"https:\\/\\/a.nel.cloudflare.com\\/report\\/v4?s=WAaJTUfjdp58fkNwckveqPsARMC4OlPRxzyzqNfJZcVJ5liu3%2Bl%2Bn%2FCtju5uc%2F7WCV7bdRJAVLGvEOuf5YI7rnn29uGKA6XkikaFJBIvQWglvNHHORItF9vgPfSzMq9z"}],"group":"cf-nel","max_age":604800}', 'NEL': '{"success_fraction":0,"report_to":"cf-nel","max_age":604800}', 'Server': 'cloudflare', 'CF-RAY': '89cd3582ce2c7c59-LAX', 'alt-svc': 'h3=":443"; ma=86400'} 
 body={"results":[{"gender":"male","name":{"title":"Mr","first":"Héctor","last":"Blanco"},"location":{"street":{"number":5513,"name":"Calle de Alcalá"},"city":"Santander","state":"Ceuta","country":"Spain","postcode":13355,"coordinates":{"latitude":"-31.6307","longitude":"-10.9076"},"timezone":{"offset":"+10:00","description":"Eastern Australia, Guam, Vladivostok"}},"email":"hector.blanco@example.com","login":{"uuid":"70e84c70-d425-4b81-91a1-a19cf865e9d8","username":"redbutterfly669","password":"astros","salt":"ZskwTHeK","md5":"3b565cc030902aafa937f0424ed4a43d","sha1":"b747ae3adfe145ad429639d5eeab9137a8b3a0ae","sha256":"8aa7103b79e96006f9779c9c6e99e60ab277d57d3a3296e55a56c4f260fdd3aa"},"dob":{"date":"1949-09-08T00:49:07.060Z","age":74},"registered":{"date":"2014-03-12T07:33:09.279Z","age":10},"phone":"995-439-585","cell":"680-412-609","id":{"name":"DNI","value":"60639311-Q"},"picture":{"large":"https://randomuser.me/api/portraits/men/76.jpg","medium":"https://randomuser.me/api/portraits/med/men/76.jpg","thumbnail":"https://randomuser.me/api/portraits/thumb/men/76.jpg"},"nat":"ES"}],"info":{"seed":"766a2cfadbd8387d","results":1,"page":1,"version":"1.4"}} 
 </msg>
<msg time="2024-07-02T08:19:07.416152" level="INFO">/opt/hostedtoolcache/Python/3.12.4/x64/lib/python3.12/site-packages/urllib3/connectionpool.py:1099: InsecureRequestWarning: Unverified HTTPS request is being made to host 'randomuser.me'. Adding certificate verification is strongly advised. See: https://urllib3.readthedocs.io/en/latest/advanced-usage.html#tls-warnings
  warnings.warn(</msg>
<msg time="2024-07-02T08:19:07.416269" level="INFO">${response} = &lt;Response [200]&gt;</msg>
<var>${response}</var>
<arg>consultarAPI</arg>
<arg>/api</arg>
<doc>Sends a GET request on a previously created HTTP Session.</doc>
<status status="PASS" start="2024-07-02T08:19:07.322544" elapsed="0.093765"/>
</kw>
<kw name="Set Variable" owner="BuiltIn">
<msg time="2024-07-02T08:19:07.417470" level="INFO">${json_data} = {'results': [{'gender': 'male', 'name': {'title': 'Mr', 'first': 'Héctor', 'last': 'Blanco'}, 'location': {'street': {'number': 5513, 'name': 'Calle de Alcalá'}, 'city': 'Santander', 'state': 'Ceuta',...</msg>
<var>${json_data}</var>
<arg>${response.json()}</arg>
<doc>Returns the given values which can then be assigned to a variables.</doc>
<status status="PASS" start="2024-07-02T08:19:07.416887" elapsed="0.000613"/>
</kw>
<kw name="Log" owner="BuiltIn">
<msg time="2024-07-02T08:19:07.417975" level="INFO">{'results': [{'gender': 'male', 'name': {'title': 'Mr', 'first': 'Héctor', 'last': 'Blanco'}, 'location': {'street': {'number': 5513, 'name': 'Calle de Alcalá'}, 'city': 'Santander', 'state': 'Ceuta', 'country': 'Spain', 'postcode': 13355, 'coordinates': {'latitude': '-31.6307', 'longitude': '-10.9076'}, 'timezone': {'offset': '+10:00', 'description': 'Eastern Australia, Guam, Vladivostok'}}, 'email': 'hector.blanco@example.com', 'login': {'uuid': '70e84c70-d425-4b81-91a1-a19cf865e9d8', 'username': 'redbutterfly669', 'password': 'astros', 'salt': 'ZskwTHeK', 'md5': '3b565cc030902aafa937f0424ed4a43d', 'sha1': 'b747ae3adfe145ad429639d5eeab9137a8b3a0ae', 'sha256': '8aa7103b79e96006f9779c9c6e99e60ab277d57d3a3296e55a56c4f260fdd3aa'}, 'dob': {'date': '1949-09-08T00:49:07.060Z', 'age': 74}, 'registered': {'date': '2014-03-12T07:33:09.279Z', 'age': 10}, 'phone': '995-439-585', 'cell': '680-412-609', 'id': {'name': 'DNI', 'value': '60639311-Q'}, 'picture': {'large': 'https://randomuser.me/api/portraits/men/76.jpg', 'medium': 'https://randomuser.me/api/portraits/med/men/76.jpg', 'thumbnail': 'https://randomuser.me/api/portraits/thumb/men/76.jpg'}, 'nat': 'ES'}], 'info': {'seed': '766a2cfadbd8387d', 'results': 1, 'page': 1, 'version': '1.4'}}</msg>
<arg>${json_data}</arg>
<doc>Logs the given message with the given level.</doc>
<status status="PASS" start="2024-07-02T08:19:07.417810" elapsed="0.000214"/>
</kw>
<kw name="Should Be Equal As Numbers" owner="BuiltIn">
<arg>${json_data['results'][0]['location']['postcode']}</arg>
<arg>${json_data['results'][0]['location']['postcode']}</arg>
<doc>Fails if objects are unequal after converting them to real numbers.</doc>
<status status="PASS" start="2024-07-02T08:19:07.418317" elapsed="0.000618"/>
</kw>
<kw name="Log" owner="BuiltIn">
<msg time="2024-07-02T08:19:07.419460" level="INFO">13355</msg>
<arg>${json_data['results'][0]['location']['postcode']}</arg>
<doc>Logs the given message with the given level.</doc>
<status status="PASS" start="2024-07-02T08:19:07.419121" elapsed="0.000381"/>
</kw>
<status status="PASS" start="2024-07-02T08:19:07.322319" elapsed="0.097493"/>
</kw>
<doc>Testa se os tipos de dados na resposta da API estão corretos.</doc>
<tag>testeTiposDados</tag>
<status status="PASS" start="2024-07-02T08:19:07.209490" elapsed="0.210492"/>
</test>
<test id="s1-s1-t5" name="Validar conteudo" line="35">
<kw name="Teste de Tipos de Conteudo" owner="random-user-service">
<kw name="GET On Session" owner="RequestsLibrary">
<msg time="2024-07-02T08:19:07.519931" level="INFO">GET Request : url=https://randomuser.me/api 
 path_url=/api 
 headers={'User-Agent': 'python-requests/2.32.3', 'Accept-Encoding': 'gzip, deflate', 'Accept': '*/*', 'Connection': 'keep-alive'} 
 body=None 
 </msg>
<msg time="2024-07-02T08:19:07.520064" level="INFO">GET Response : url=https://randomuser.me/api 
 status=200, reason=OK 
 headers={'Date': 'Tue, 02 Jul 2024 08:19:07 GMT', 'Content-Type': 'application/json; charset=utf-8', 'Transfer-Encoding': 'chunked', 'Connection': 'keep-alive', 'X-Powered-By': 'Express', 'Access-Control-Allow-Origin': '*', 'Cache-Control': 'no-cache', 'ETag': 'W/"47a-dr8nfvVn7wsbUOW/U06gR1xrfD0"', 'Vary': 'Accept-Encoding', 'Content-Encoding': 'gzip', 'CF-Cache-Status': 'DYNAMIC', 'Report-To': '{"endpoints":[{"url":"https:\\/\\/a.nel.cloudflare.com\\/report\\/v4?s=ZzUCKvjy7nM9aHarg773xJqR2jLG%2BkA6Ka%2Bs9SNSb3kOy%2Ba5za0RWKSbq6rpJqheA%2FmYd1DAoDfs%2B6Dqv6bRaYcbEsTNILPjbLR6bRCQy7g%2FjGFAwfYdEXKToaiCrJEl"}],"group":"cf-nel","max_age":604800}', 'NEL': '{"success_fraction":0,"report_to":"cf-nel","max_age":604800}', 'Server': 'cloudflare', 'CF-RAY': '89cd35836ec57c59-LAX', 'alt-svc': 'h3=":443"; ma=86400'} 
 body={"results":[{"gender":"male","name":{"title":"Mr","first":"Edgar","last":"Nicolas"},"location":{"street":{"number":6348,"name":"Rue Abel"},"city":"Orléans","state":"Paris","country":"France","postcode":20965,"coordinates":{"latitude":"-20.6516","longitude":"-174.0491"},"timezone":{"offset":"+9:30","description":"Adelaide, Darwin"}},"email":"edgar.nicolas@example.com","login":{"uuid":"3cea5ac1-fec7-498a-b442-670b74363ff8","username":"browndog443","password":"cyber","salt":"94VCLFOU","md5":"4a0ff4791965e9d9e7cec996fe8dfd83","sha1":"93847e119b4e5bf37995f71906760af95f513cd7","sha256":"dbb32afee9a4360e1e03eaa7543876926a444f424a1d2f08b5ac4d985c658aaf"},"dob":{"date":"1972-02-14T07:48:03.583Z","age":52},"registered":{"date":"2002-09-05T16:22:47.054Z","age":21},"phone":"03-22-42-99-51","cell":"06-85-70-26-02","id":{"name":"INSEE","value":"1720134653134 46"},"picture":{"large":"https://randomuser.me/api/portraits/men/70.jpg","medium":"https://randomuser.me/api/portraits/med/men/70.jpg","thumbnail":"https://randomuser.me/api/portraits/thumb/men/70.jpg"},"nat":"FR"}],"info":{"seed":"95283d5accdfa8f9","results":1,"page":1,"version":"1.4"}} 
 </msg>
<msg time="2024-07-02T08:19:07.520204" level="INFO">/opt/hostedtoolcache/Python/3.12.4/x64/lib/python3.12/site-packages/urllib3/connectionpool.py:1099: InsecureRequestWarning: Unverified HTTPS request is being made to host 'randomuser.me'. Adding certificate verification is strongly advised. See: https://urllib3.readthedocs.io/en/latest/advanced-usage.html#tls-warnings
  warnings.warn(</msg>
<msg time="2024-07-02T08:19:07.520353" level="INFO">${response} = &lt;Response [200]&gt;</msg>
<var>${response}</var>
<arg>consultarAPI</arg>
<arg>/api</arg>
<doc>Sends a GET request on a previously created HTTP Session.</doc>
<status status="PASS" start="2024-07-02T08:19:07.422678" elapsed="0.097714"/>
</kw>
<kw name="Set Variable" owner="BuiltIn">
<msg time="2024-07-02T08:19:07.521393" level="INFO">${json_data} = {'results': [{'gender': 'male', 'name': {'title': 'Mr', 'first': 'Edgar', 'last': 'Nicolas'}, 'location': {'street': {'number': 6348, 'name': 'Rue Abel'}, 'city': 'Orléans', 'state': 'Paris', 'country...</msg>
<var>${json_data}</var>
<arg>${response.json()}</arg>
<doc>Returns the given values which can then be assigned to a variables.</doc>
<status status="PASS" start="2024-07-02T08:19:07.520884" elapsed="0.000538"/>
</kw>
<kw name="Set Variable" owner="BuiltIn">
<msg time="2024-07-02T08:19:07.522118" level="INFO">${name_title} = Mr</msg>
<var>${name_title}</var>
<arg>${json_data["results"][0]["name"]["title"]}</arg>
<doc>Returns the given values which can then be assigned to a variables.</doc>
<status status="PASS" start="2024-07-02T08:19:07.521736" elapsed="0.000407"/>
</kw>
<kw name="Create List" owner="BuiltIn">
<msg time="2024-07-02T08:19:07.522588" level="INFO">${allowed_titles} = ['Mr', 'Ms', 'Miss', 'Mrs', 'Madame', 'Monsieur']</msg>
<var>${allowed_titles}</var>
<arg>Mr</arg>
<arg>Ms</arg>
<arg>Miss</arg>
<arg>Mrs</arg>
<arg>Madame</arg>
<arg>Monsieur</arg>
<doc>Returns a list containing given items.</doc>
<status status="PASS" start="2024-07-02T08:19:07.522437" elapsed="0.000175"/>
</kw>
<kw name="List Should Contain Value" owner="Collections">
<arg>${allowed_titles}</arg>
<arg>${name_title}</arg>
<doc>Fails if the ``value`` is not found from ``list``.</doc>
<status status="PASS" start="2024-07-02T08:19:07.522910" elapsed="0.000177"/>
</kw>
<kw name="Set Variable" owner="BuiltIn">
<msg time="2024-07-02T08:19:07.523627" level="INFO">${name_country} = FR</msg>
<var>${name_country}</var>
<arg>${json_data["results"][0]["nat"]}</arg>
<doc>Returns the given values which can then be assigned to a variables.</doc>
<status status="PASS" start="2024-07-02T08:19:07.523265" elapsed="0.000387"/>
</kw>
<kw name="Create List" owner="BuiltIn">
<msg time="2024-07-02T08:19:07.524568" level="INFO">${list_country} = ['AD', 'AE', 'AF', 'AG', 'AI', 'AL', 'AM', 'AO', 'AQ', 'AR', 'AS', 'AT', 'AU', 'AW', 'AX', 'AZ', 'BA', 'BB', 'BD', 'BE', 'BF', 'BG', 'BH', 'BI', 'BJ', 'BL', 'BM', 'BN', 'BO', 'BQ', 'BR', 'BS', 'BT', '...</msg>
<var>${list_country}</var>
<arg>AD</arg>
<arg>AE</arg>
<arg>AF</arg>
<arg>AG</arg>
<arg>AI</arg>
<arg>AL</arg>
<arg>AM</arg>
<arg>AO</arg>
<arg>AQ</arg>
<arg>AR</arg>
<arg>AS</arg>
<arg>AT</arg>
<arg>AU</arg>
<arg>AW</arg>
<arg>AX</arg>
<arg>AZ</arg>
<arg>BA</arg>
<arg>BB</arg>
<arg>BD</arg>
<arg>BE</arg>
<arg>BF</arg>
<arg>BG</arg>
<arg>BH</arg>
<arg>BI</arg>
<arg>BJ</arg>
<arg>BL</arg>
<arg>BM</arg>
<arg>BN</arg>
<arg>BO</arg>
<arg>BQ</arg>
<arg>BR</arg>
<arg>BS</arg>
<arg>BT</arg>
<arg>BV</arg>
<arg>BW</arg>
<arg>BY</arg>
<arg>BZ</arg>
<arg>CA</arg>
<arg>CC</arg>
<arg>CD</arg>
<arg>CF</arg>
<arg>CG</arg>
<arg>CH</arg>
<arg>CI</arg>
<arg>CK</arg>
<arg>CL</arg>
<arg>CM</arg>
<arg>CN</arg>
<arg>CO</arg>
<arg>CR</arg>
<arg>CU</arg>
<arg>CV</arg>
<arg>CW</arg>
<arg>CX</arg>
<arg>CY</arg>
<arg>CZ</arg>
<arg>DE</arg>
<arg>DJ</arg>
<arg>DK</arg>
<arg>DM</arg>
<arg>DO</arg>
<arg>DZ</arg>
<arg>EC</arg>
<arg>EE</arg>
<arg>EG</arg>
<arg>EH</arg>
<arg>ER</arg>
<arg>ES</arg>
<arg>ET</arg>
<arg>FI</arg>
<arg>FJ</arg>
<arg>FK</arg>
<arg>FM</arg>
<arg>FO</arg>
<arg>FR</arg>
<arg>GA</arg>
<arg>GB</arg>
<arg>GD</arg>
<arg>GE</arg>
<arg>GF</arg>
<arg>GG</arg>
<arg>GH</arg>
<arg>GI</arg>
<arg>GL</arg>
<arg>GM</arg>
<arg>GN</arg>
<arg>GP</arg>
<arg>GQ</arg>
<arg>GR</arg>
<arg>GS</arg>
<arg>GT</arg>
<arg>GU</arg>
<arg>GW</arg>
<arg>GY</arg>
<arg>HK</arg>
<arg>HM</arg>
<arg>HN</arg>
<arg>HR</arg>
<arg>HT</arg>
<arg>HU</arg>
<arg>ID</arg>
<arg>IE</arg>
<arg>IL</arg>
<arg>IM</arg>
<arg>IN</arg>
<arg>IO</arg>
<arg>IQ</arg>
<arg>IR</arg>
<arg>IS</arg>
<arg>IT</arg>
<arg>JE</arg>
<arg>JM</arg>
<arg>JO</arg>
<arg>JP</arg>
<arg>KE</arg>
<arg>KG</arg>
<arg>KH</arg>
<arg>KI</arg>
<arg>KM</arg>
<arg>KN</arg>
<arg>KP</arg>
<arg>KR</arg>
<arg>KW</arg>
<arg>KY</arg>
<arg>KZ</arg>
<arg>LA</arg>
<arg>LB</arg>
<arg>LC</arg>
<arg>LI</arg>
<arg>LK</arg>
<arg>LR</arg>
<arg>LS</arg>
<arg>LT</arg>
<arg>LU</arg>
<arg>LV</arg>
<arg>LY</arg>
<arg>MA</arg>
<arg>MC</arg>
<arg>MD</arg>
<arg>ME</arg>
<arg>MF</arg>
<arg>MG</arg>
<arg>MH</arg>
<arg>MK</arg>
<arg>ML</arg>
<arg>MM</arg>
<arg>MN</arg>
<arg>MO</arg>
<arg>MP</arg>
<arg>MQ</arg>
<arg>MR</arg>
<arg>MS</arg>
<arg>MT</arg>
<arg>MU</arg>
<arg>MV</arg>
<arg>MW</arg>
<arg>MX</arg>
<arg>MY</arg>
<arg>MZ</arg>
<arg>NA</arg>
<arg>NC</arg>
<arg>NE</arg>
<arg>NF</arg>
<arg>NG</arg>
<arg>NI</arg>
<arg>NL</arg>
<arg>NO</arg>
<arg>NP</arg>
<arg>NR</arg>
<arg>NU</arg>
<arg>NZ</arg>
<arg>OM</arg>
<arg>PA</arg>
<arg>PE</arg>
<arg>PF</arg>
<arg>PG</arg>
<arg>PH</arg>
<arg>PK</arg>
<arg>PL</arg>
<arg>PM</arg>
<arg>PN</arg>
<arg>PR</arg>
<arg>PS</arg>
<arg>PT</arg>
<arg>PW</arg>
<arg>PY</arg>
<arg>QA</arg>
<arg>RE</arg>
<arg>RO</arg>
<arg>RS</arg>
<arg>RU</arg>
<arg>RW</arg>
<arg>SA</arg>
<arg>SB</arg>
<arg>SC</arg>
<arg>SD</arg>
<arg>SE</arg>
<arg>SG</arg>
<arg>SH</arg>
<arg>SI</arg>
<arg>SJ</arg>
<arg>SK</arg>
<arg>SL</arg>
<arg>SM</arg>
<arg>SN</arg>
<arg>SO</arg>
<arg>SR</arg>
<arg>SS</arg>
<arg>ST</arg>
<arg>SV</arg>
<arg>SX</arg>
<arg>SY</arg>
<arg>SZ</arg>
<arg>TC</arg>
<arg>TD</arg>
<arg>TF</arg>
<arg>TG</arg>
<arg>TH</arg>
<arg>TJ</arg>
<arg>TK</arg>
<arg>TL</arg>
<arg>TM</arg>
<arg>TN</arg>
<arg>TO</arg>
<arg>TR</arg>
<arg>TT</arg>
<arg>TV</arg>
<arg>TW</arg>
<arg>TZ</arg>
<arg>UA</arg>
<arg>UG</arg>
<arg>UM</arg>
<arg>US</arg>
<arg>UY</arg>
<arg>UZ</arg>
<arg>VA</arg>
<arg>VC</arg>
<arg>VE</arg>
<arg>VG</arg>
<arg>VI</arg>
<arg>VN</arg>
<arg>VU</arg>
<arg>WF</arg>
<arg>WS</arg>
<arg>XK</arg>
<arg>YE</arg>
<arg>YT</arg>
<arg>ZA</arg>
<arg>ZM</arg>
<arg>ZW</arg>
<doc>Returns a list containing given items.</doc>
<status status="PASS" start="2024-07-02T08:19:07.523965" elapsed="0.000629"/>
</kw>
<kw name="List Should Contain Value" owner="Collections">
<arg>${list_country}</arg>
<arg>${name_country}</arg>
<doc>Fails if the ``value`` is not found from ``list``.</doc>
<status status="PASS" start="2024-07-02T08:19:07.525412" elapsed="0.000204"/>
</kw>
<kw name="Run Keyword If" owner="BuiltIn">
<kw name="Should Be True" owner="BuiltIn">
<arg>${True}</arg>
<doc>Fails if the given condition is not true.</doc>
<status status="PASS" start="2024-07-02T08:19:07.526548" elapsed="0.000141"/>
</kw>
<arg>${json_data["results"][0]["location"]["coordinates"]["latitude"]} &gt;= -90 and ${json_data["results"][0]["location"]["coordinates"]["latitude"]} &lt;= 90</arg>
<arg>Should Be True</arg>
<arg>${True}</arg>
<doc>Runs the given keyword with the given arguments, if ``condition`` is true.</doc>
<status status="PASS" start="2024-07-02T08:19:07.525812" elapsed="0.001000"/>
</kw>
<kw name="Run Keyword If" owner="BuiltIn">
<kw name="Should Be True" owner="BuiltIn">
<arg>${True}</arg>
<doc>Fails if the given condition is not true.</doc>
<status status="PASS" start="2024-07-02T08:19:07.527677" elapsed="0.000170"/>
</kw>
<arg>${json_data["results"][0]["location"]["coordinates"]["longitude"]} &gt;= -180 and ${json_data["results"][0]["location"]["coordinates"]["longitude"]} &lt;= 180</arg>
<arg>Should Be True</arg>
<arg>${True}</arg>
<doc>Runs the given keyword with the given arguments, if ``condition`` is true.</doc>
<status status="PASS" start="2024-07-02T08:19:07.526990" elapsed="0.000980"/>
</kw>
<status status="PASS" start="2024-07-02T08:19:07.422292" elapsed="0.105809"/>
</kw>
<doc>Testa o conteúdo específico dos campos retornados pela API.</doc>
<tag>testeConteudo</tag>
<status status="PASS" start="2024-07-02T08:19:07.421758" elapsed="0.106495"/>
</test>
<status status="PASS" start="2024-07-02T08:19:06.414880" elapsed="1.115288"/>
</suite>
<status status="PASS" start="2024-07-02T08:19:06.400085" elapsed="1.135181"/>
</suite>
<statistics>
<total>
<stat pass="5" fail="0" skip="0">All Tests</stat>
</total>
<tag>
<stat pass="1" fail="0" skip="0">testeConteudo</stat>
<stat pass="1" fail="0" skip="0">testeEstruturaResposta</stat>
<stat pass="1" fail="0" skip="0">testeRequisicaoBasica</stat>
<stat pass="1" fail="0" skip="0">testeTiposDados</stat>
</tag>
<suite>
<stat pass="5" fail="0" skip="0" id="s1" name="Tests">Tests</stat>
<stat pass="5" fail="0" skip="0" id="s1-s1" name="Random-User-Test">Tests.Random-User-Test</stat>
</suite>
</statistics>
<errors>
</errors>
</robot>
