<?xml version="1.0" encoding="UTF-8"?>
<robot generator="Robot 7.0.1 (Python 3.12.4 on linux)" generated="2024-07-02T05:15:46.783009" rpa="false" schemaversion="5">
<suite id="s1" name="Tests" source="/home/runner/work/ApiRandomUser/ApiRandomUser/RamdonUser/tests">
<suite id="s1-s1" name="Random-User-Test" source="/home/runner/work/ApiRandomUser/ApiRandomUser/RamdonUser/tests/random-user-test.robot">
<test id="s1-s1-t1" name="Conectar" line="13">
<kw name="Conectar API" owner="random-user-service">
<kw name="Create Session" owner="RequestsLibrary">
<msg time="2024-07-02T05:15:47.220861" level="INFO">Creating Session using : alias=consultarAPI, url=https://randomuser.me/, headers={},                     cookies={}, auth=None, timeout=None, proxies=None, verify=False,                     debug=0 </msg>
<arg>consultarAPI</arg>
<arg>${URL}</arg>
<doc>Create Session: create a HTTP session to a server</doc>
<status status="PASS" start="2024-07-02T05:15:47.220649" elapsed="0.000411"/>
</kw>
<status status="PASS" start="2024-07-02T05:15:47.219650" elapsed="0.001792"/>
</kw>
<status status="PASS" start="2024-07-02T05:15:47.219078" elapsed="0.002558"/>
</test>
<test id="s1-s1-t2" name="Validar retorno 200 e JSON Válido" line="16">
<kw name="Teste de Requisicao Basica" owner="random-user-service">
<kw name="GET On Session" owner="RequestsLibrary">
<msg time="2024-07-02T05:15:47.340008" level="INFO">GET Request : url=https://randomuser.me/api 
 path_url=/api 
 headers={'User-Agent': 'python-requests/2.32.3', 'Accept-Encoding': 'gzip, deflate', 'Accept': '*/*', 'Connection': 'keep-alive'} 
 body=None 
 </msg>
<msg time="2024-07-02T05:15:47.340187" level="INFO">GET Response : url=https://randomuser.me/api 
 status=200, reason=OK 
 headers={'Date': 'Tue, 02 Jul 2024 05:15:47 GMT', 'Content-Type': 'application/json; charset=utf-8', 'Transfer-Encoding': 'chunked', 'Connection': 'keep-alive', 'X-Powered-By': 'Express', 'Access-Control-Allow-Origin': '*', 'Cache-Control': 'no-cache', 'ETag': 'W/"4af-pYhxQ6u8ZlXElCzjjCMIIPktRAs"', 'Vary': 'Accept-Encoding', 'Content-Encoding': 'gzip', 'CF-Cache-Status': 'DYNAMIC', 'Report-To': '{"endpoints":[{"url":"https:\\/\\/a.nel.cloudflare.com\\/report\\/v4?s=vktmnmhrr8kDDhLOXzD7MmHL3OexFCU2fWgZqbgZyKxoE1k4QBf9RiohOIgSu9%2FBEpp%2BVlnVCiOxBlHTfbpMew9cvoi8QuWSzzEgh8lQBAhk6ewtpCeWdg%2FT%2BF3tDMqJ"}],"group":"cf-nel","max_age":604800}', 'NEL': '{"success_fraction":0,"report_to":"cf-nel","max_age":604800}', 'Server': 'cloudflare', 'CF-RAY': '89cc28f458ed6897-SJC', 'alt-svc': 'h3=":443"; ma=86400'} 
 body={"results":[{"gender":"male","name":{"title":"Mr","first":"Soan","last":"Clement"},"location":{"street":{"number":5040,"name":"Rue de L'Abbé-Patureau"},"city":"Orléans","state":"Tarn-et-Garonne","country":"France","postcode":73079,"coordinates":{"latitude":"-18.5399","longitude":"-76.0927"},"timezone":{"offset":"+5:00","description":"Ekaterinburg, Islamabad, Karachi, Tashkent"}},"email":"soan.clement@example.com","login":{"uuid":"e2a89aeb-2db7-43ff-a72c-a7ac228d0559","username":"blackrabbit680","password":"jellybea","salt":"j2TDn976","md5":"6e17cc2a895cee02ef330790200b2639","sha1":"41122c98902db530d2ea502f36780ff74bdcab41","sha256":"2ee7bb4dc4bb3049fa84a163818b0fad6a1e7b67428bd2ff244e396467125d07"},"dob":{"date":"1969-09-06T23:24:53.989Z","age":54},"registered":{"date":"2015-04-26T18:44:24.212Z","age":9},"phone":"01-15-80-33-52","cell":"06-17-64-41-01","id":{"name":"INSEE","value":"1690892717277 71"},"picture":{"large":"https://randomuser.me/api/portraits/men/78.jpg","medium":"https://randomuser.me/api/portraits/med/men/78.jpg","thumbnail":"https://randomuser.me/api/portraits/thumb/men/78.jpg"},"nat":"FR"}],"info":{"seed":"27a9cfc4363b8333","results":1,"page":1,"version":"1.4"}} 
 </msg>
<msg time="2024-07-02T05:15:47.340281" level="INFO">/opt/hostedtoolcache/Python/3.12.4/x64/lib/python3.12/site-packages/urllib3/connectionpool.py:1099: InsecureRequestWarning: Unverified HTTPS request is being made to host 'randomuser.me'. Adding certificate verification is strongly advised. See: https://urllib3.readthedocs.io/en/latest/advanced-usage.html#tls-warnings
  warnings.warn(</msg>
<msg time="2024-07-02T05:15:47.340444" level="INFO">${response} = &lt;Response [200]&gt;</msg>
<var>${response}</var>
<arg>consultarAPI</arg>
<arg>/api</arg>
<doc>Sends a GET request on a previously created HTTP Session.</doc>
<status status="PASS" start="2024-07-02T05:15:47.224352" elapsed="0.116137"/>
</kw>
<kw name="Should Be Equal As Numbers" owner="BuiltIn">
<msg time="2024-07-02T05:15:47.341707" level="INFO">Argument types are:
&lt;class 'int'&gt;
&lt;class 'str'&gt;</msg>
<arg>${response.status_code}</arg>
<arg>200</arg>
<doc>Fails if objects are unequal after converting them to real numbers.</doc>
<status status="PASS" start="2024-07-02T05:15:47.341180" elapsed="0.000597"/>
</kw>
<kw name="Log" owner="BuiltIn">
<msg time="2024-07-02T05:15:47.342520" level="INFO">200</msg>
<arg>${response.status_code}</arg>
<doc>Logs the given message with the given level.</doc>
<status status="PASS" start="2024-07-02T05:15:47.342154" elapsed="0.000408"/>
</kw>
<kw name="Set Variable" owner="BuiltIn">
<msg time="2024-07-02T05:15:47.343327" level="INFO">${json_data} = {'results': [{'gender': 'male', 'name': {'title': 'Mr', 'first': 'Soan', 'last': 'Clement'}, 'location': {'street': {'number': 5040, 'name': "Rue de L'Abbé-Patureau"}, 'city': 'Orléans', 'state': 'Tar...</msg>
<var>${json_data}</var>
<arg>${response.json()}</arg>
<doc>Returns the given values which can then be assigned to a variables.</doc>
<status status="PASS" start="2024-07-02T05:15:47.342873" elapsed="0.000485"/>
</kw>
<kw name="Dictionary Should Contain Key" owner="Collections">
<arg>${json_data}</arg>
<arg>results</arg>
<doc>Fails if ``key`` is not found from ``dictionary``.</doc>
<status status="PASS" start="2024-07-02T05:15:47.343660" elapsed="0.000173"/>
</kw>
<status status="PASS" start="2024-07-02T05:15:47.224098" elapsed="0.119894"/>
</kw>
<doc>Testa se a API responde corretamente e retorna um objeto JSON válido.</doc>
<tag>testeRequisicaoBasica</tag>
<status status="PASS" start="2024-07-02T05:15:47.223553" elapsed="0.120624"/>
</test>
<test id="s1-s1-t3" name="Validar estrutura de resposta" line="22">
<kw name="Teste de Estrutura de Resposta" owner="random-user-service">
<kw name="GET On Session" owner="RequestsLibrary">
<msg time="2024-07-02T05:15:47.438323" level="INFO">GET Request : url=https://randomuser.me/api 
 path_url=/api 
 headers={'User-Agent': 'python-requests/2.32.3', 'Accept-Encoding': 'gzip, deflate', 'Accept': '*/*', 'Connection': 'keep-alive'} 
 body=None 
 </msg>
<msg time="2024-07-02T05:15:47.438433" level="INFO">GET Response : url=https://randomuser.me/api 
 status=200, reason=OK 
 headers={'Date': 'Tue, 02 Jul 2024 05:15:47 GMT', 'Content-Type': 'application/json; charset=utf-8', 'Transfer-Encoding': 'chunked', 'Connection': 'keep-alive', 'X-Powered-By': 'Express', 'Access-Control-Allow-Origin': '*', 'Cache-Control': 'no-cache', 'ETag': 'W/"493-zCzN3Oh+okZLfaXBjde63zOOmpM"', 'Vary': 'Accept-Encoding', 'Content-Encoding': 'gzip', 'CF-Cache-Status': 'DYNAMIC', 'Report-To': '{"endpoints":[{"url":"https:\\/\\/a.nel.cloudflare.com\\/report\\/v4?s=OjF8hKrEWDlnu2uT88ODRi%2BiUNFT8QbFFiXRosUJXVIZ8NPScPTnVh3sszSDBKpu9GZ0H2Ta1wBBX3v%2ByhViSplGhWbTUrkE9xgTM%2FD6CDL9IKOnTFmgA3L6R1gUtBry"}],"group":"cf-nel","max_age":604800}', 'NEL': '{"success_fraction":0,"report_to":"cf-nel","max_age":604800}', 'Server': 'cloudflare', 'CF-RAY': '89cc28f4f97b6897-SJC', 'alt-svc': 'h3=":443"; ma=86400'} 
 body={"results":[{"gender":"female","name":{"title":"Miss","first":"Sapna","last":"Gugale"},"location":{"street":{"number":5173,"name":"Rasta Peth"},"city":"Parbhani","state":"Karnataka","country":"India","postcode":28136,"coordinates":{"latitude":"10.1129","longitude":"8.8860"},"timezone":{"offset":"-5:00","description":"Eastern Time (US &amp; Canada), Bogota, Lima"}},"email":"sapna.gugale@example.com","login":{"uuid":"b5348bb7-3da3-499c-be54-a0fb76f59560","username":"crazyostrich137","password":"faster","salt":"ZNmLLW86","md5":"116d20ace8861e7f6aaf6c36c472ee43","sha1":"3d505c81ba3349337c7c0d4adeed51978e5d9045","sha256":"b9cca4b460eb764faf19a43f70e6213950cefc182fb2205477f9542ef6e56fa5"},"dob":{"date":"1998-12-04T21:02:42.167Z","age":25},"registered":{"date":"2016-03-23T02:08:02.802Z","age":8},"phone":"8935330048","cell":"7219465426","id":{"name":"UIDAI","value":"746443405163"},"picture":{"large":"https://randomuser.me/api/portraits/women/43.jpg","medium":"https://randomuser.me/api/portraits/med/women/43.jpg","thumbnail":"https://randomuser.me/api/portraits/thumb/women/43.jpg"},"nat":"IN"}],"info":{"seed":"a05c745a6c7670e3","results":1,"page":1,"version":"1.4"}} 
 </msg>
<msg time="2024-07-02T05:15:47.438560" level="INFO">/opt/hostedtoolcache/Python/3.12.4/x64/lib/python3.12/site-packages/urllib3/connectionpool.py:1099: InsecureRequestWarning: Unverified HTTPS request is being made to host 'randomuser.me'. Adding certificate verification is strongly advised. See: https://urllib3.readthedocs.io/en/latest/advanced-usage.html#tls-warnings
  warnings.warn(</msg>
<msg time="2024-07-02T05:15:47.438706" level="INFO">${response} = &lt;Response [200]&gt;</msg>
<var>${response}</var>
<arg>consultarAPI</arg>
<arg>/api</arg>
<doc>Sends a GET request on a previously created HTTP Session.</doc>
<status status="PASS" start="2024-07-02T05:15:47.346940" elapsed="0.091809"/>
</kw>
<kw name="Set Variable" owner="BuiltIn">
<msg time="2024-07-02T05:15:47.439941" level="INFO">${json_data} = {'results': [{'gender': 'female', 'name': {'title': 'Miss', 'first': 'Sapna', 'last': 'Gugale'}, 'location': {'street': {'number': 5173, 'name': 'Rasta Peth'}, 'city': 'Parbhani', 'state': 'Karnataka'...</msg>
<var>${json_data}</var>
<arg>${response.json()}</arg>
<doc>Returns the given values which can then be assigned to a variables.</doc>
<status status="PASS" start="2024-07-02T05:15:47.439380" elapsed="0.000589"/>
</kw>
<kw name="Log" owner="BuiltIn">
<msg time="2024-07-02T05:15:47.440456" level="INFO">{'results': [{'gender': 'female', 'name': {'title': 'Miss', 'first': 'Sapna', 'last': 'Gugale'}, 'location': {'street': {'number': 5173, 'name': 'Rasta Peth'}, 'city': 'Parbhani', 'state': 'Karnataka', 'country': 'India', 'postcode': 28136, 'coordinates': {'latitude': '10.1129', 'longitude': '8.8860'}, 'timezone': {'offset': '-5:00', 'description': 'Eastern Time (US &amp; Canada), Bogota, Lima'}}, 'email': 'sapna.gugale@example.com', 'login': {'uuid': 'b5348bb7-3da3-499c-be54-a0fb76f59560', 'username': 'crazyostrich137', 'password': 'faster', 'salt': 'ZNmLLW86', 'md5': '116d20ace8861e7f6aaf6c36c472ee43', 'sha1': '3d505c81ba3349337c7c0d4adeed51978e5d9045', 'sha256': 'b9cca4b460eb764faf19a43f70e6213950cefc182fb2205477f9542ef6e56fa5'}, 'dob': {'date': '1998-12-04T21:02:42.167Z', 'age': 25}, 'registered': {'date': '2016-03-23T02:08:02.802Z', 'age': 8}, 'phone': '8935330048', 'cell': '7219465426', 'id': {'name': 'UIDAI', 'value': '746443405163'}, 'picture': {'large': 'https://randomuser.me/api/portraits/women/43.jpg', 'medium': 'https://randomuser.me/api/portraits/med/women/43.jpg', 'thumbnail': 'https://randomuser.me/api/portraits/thumb/women/43.jpg'}, 'nat': 'IN'}], 'info': {'seed': 'a05c745a6c7670e3', 'results': 1, 'page': 1, 'version': '1.4'}}</msg>
<arg>${json_data}</arg>
<doc>Logs the given message with the given level.</doc>
<status status="PASS" start="2024-07-02T05:15:47.440292" elapsed="0.000214"/>
</kw>
<kw name="Dictionary Should Contain Key" owner="Collections">
<arg>${json_data}</arg>
<arg>results</arg>
<doc>Fails if ``key`` is not found from ``dictionary``.</doc>
<status status="PASS" start="2024-07-02T05:15:47.440813" elapsed="0.000162"/>
</kw>
<kw name="Should Not Be Empty" owner="BuiltIn">
<msg time="2024-07-02T05:15:47.441297" level="INFO">Length is 2.</msg>
<arg>${json_data}</arg>
<doc>Verifies that the given item is not empty.</doc>
<status status="PASS" start="2024-07-02T05:15:47.441164" elapsed="0.000172"/>
</kw>
<kw name="Create List" owner="BuiltIn">
<msg time="2024-07-02T05:15:47.441991" level="INFO">${expected_keys} = ['gender', 'name', 'location', 'email', 'login']</msg>
<var>${expected_keys}</var>
<arg>gender</arg>
<arg>name</arg>
<arg>location</arg>
<arg>email</arg>
<arg>login</arg>
<doc>Returns a list containing given items.</doc>
<status status="PASS" start="2024-07-02T05:15:47.441632" elapsed="0.000386"/>
</kw>
<for flavor="IN">
<iter>
<kw name="Dictionary Should Contain Key" owner="Collections">
<arg>${json_data['results'][0]}</arg>
<arg>${key}</arg>
<doc>Fails if ``key`` is not found from ``dictionary``.</doc>
<status status="PASS" start="2024-07-02T05:15:47.442614" elapsed="0.000406"/>
</kw>
<kw name="Log" owner="BuiltIn">
<msg time="2024-07-02T05:15:47.443572" level="INFO">{'gender': 'female', 'name': {'title': 'Miss', 'first': 'Sapna', 'last': 'Gugale'}, 'location': {'street': {'number': 5173, 'name': 'Rasta Peth'}, 'city': 'Parbhani', 'state': 'Karnataka', 'country': 'India', 'postcode': 28136, 'coordinates': {'latitude': '10.1129', 'longitude': '8.8860'}, 'timezone': {'offset': '-5:00', 'description': 'Eastern Time (US &amp; Canada), Bogota, Lima'}}, 'email': 'sapna.gugale@example.com', 'login': {'uuid': 'b5348bb7-3da3-499c-be54-a0fb76f59560', 'username': 'crazyostrich137', 'password': 'faster', 'salt': 'ZNmLLW86', 'md5': '116d20ace8861e7f6aaf6c36c472ee43', 'sha1': '3d505c81ba3349337c7c0d4adeed51978e5d9045', 'sha256': 'b9cca4b460eb764faf19a43f70e6213950cefc182fb2205477f9542ef6e56fa5'}, 'dob': {'date': '1998-12-04T21:02:42.167Z', 'age': 25}, 'registered': {'date': '2016-03-23T02:08:02.802Z', 'age': 8}, 'phone': '8935330048', 'cell': '7219465426', 'id': {'name': 'UIDAI', 'value': '746443405163'}, 'picture': {'large': 'https://randomuser.me/api/portraits/women/43.jpg', 'medium': 'https://randomuser.me/api/portraits/med/women/43.jpg', 'thumbnail': 'https://randomuser.me/api/portraits/thumb/women/43.jpg'}, 'nat': 'IN'}</msg>
<arg>${json_data['results'][0]}</arg>
<doc>Logs the given message with the given level.</doc>
<status status="PASS" start="2024-07-02T05:15:47.443207" elapsed="0.000415"/>
</kw>
<kw name="Log" owner="BuiltIn">
<msg time="2024-07-02T05:15:47.444052" level="INFO">gender</msg>
<arg>${key}</arg>
<doc>Logs the given message with the given level.</doc>
<status status="PASS" start="2024-07-02T05:15:47.443923" elapsed="0.000168"/>
</kw>
<var name="${key}">gender</var>
<status status="PASS" start="2024-07-02T05:15:47.442489" elapsed="0.001821"/>
</iter>
<iter>
<kw name="Dictionary Should Contain Key" owner="Collections">
<arg>${json_data['results'][0]}</arg>
<arg>${key}</arg>
<doc>Fails if ``key`` is not found from ``dictionary``.</doc>
<status status="PASS" start="2024-07-02T05:15:47.444606" elapsed="0.000393"/>
</kw>
<kw name="Log" owner="BuiltIn">
<msg time="2024-07-02T05:15:47.445532" level="INFO">{'gender': 'female', 'name': {'title': 'Miss', 'first': 'Sapna', 'last': 'Gugale'}, 'location': {'street': {'number': 5173, 'name': 'Rasta Peth'}, 'city': 'Parbhani', 'state': 'Karnataka', 'country': 'India', 'postcode': 28136, 'coordinates': {'latitude': '10.1129', 'longitude': '8.8860'}, 'timezone': {'offset': '-5:00', 'description': 'Eastern Time (US &amp; Canada), Bogota, Lima'}}, 'email': 'sapna.gugale@example.com', 'login': {'uuid': 'b5348bb7-3da3-499c-be54-a0fb76f59560', 'username': 'crazyostrich137', 'password': 'faster', 'salt': 'ZNmLLW86', 'md5': '116d20ace8861e7f6aaf6c36c472ee43', 'sha1': '3d505c81ba3349337c7c0d4adeed51978e5d9045', 'sha256': 'b9cca4b460eb764faf19a43f70e6213950cefc182fb2205477f9542ef6e56fa5'}, 'dob': {'date': '1998-12-04T21:02:42.167Z', 'age': 25}, 'registered': {'date': '2016-03-23T02:08:02.802Z', 'age': 8}, 'phone': '8935330048', 'cell': '7219465426', 'id': {'name': 'UIDAI', 'value': '746443405163'}, 'picture': {'large': 'https://randomuser.me/api/portraits/women/43.jpg', 'medium': 'https://randomuser.me/api/portraits/med/women/43.jpg', 'thumbnail': 'https://randomuser.me/api/portraits/thumb/women/43.jpg'}, 'nat': 'IN'}</msg>
<arg>${json_data['results'][0]}</arg>
<doc>Logs the given message with the given level.</doc>
<status status="PASS" start="2024-07-02T05:15:47.445183" elapsed="0.000431"/>
</kw>
<kw name="Log" owner="BuiltIn">
<msg time="2024-07-02T05:15:47.446073" level="INFO">name</msg>
<arg>${key}</arg>
<doc>Logs the given message with the given level.</doc>
<status status="PASS" start="2024-07-02T05:15:47.445939" elapsed="0.000172"/>
</kw>
<var name="${key}">name</var>
<status status="PASS" start="2024-07-02T05:15:47.444497" elapsed="0.001836"/>
</iter>
<iter>
<kw name="Dictionary Should Contain Key" owner="Collections">
<arg>${json_data['results'][0]}</arg>
<arg>${key}</arg>
<doc>Fails if ``key`` is not found from ``dictionary``.</doc>
<status status="PASS" start="2024-07-02T05:15:47.446619" elapsed="0.000381"/>
</kw>
<kw name="Log" owner="BuiltIn">
<msg time="2024-07-02T05:15:47.447537" level="INFO">{'gender': 'female', 'name': {'title': 'Miss', 'first': 'Sapna', 'last': 'Gugale'}, 'location': {'street': {'number': 5173, 'name': 'Rasta Peth'}, 'city': 'Parbhani', 'state': 'Karnataka', 'country': 'India', 'postcode': 28136, 'coordinates': {'latitude': '10.1129', 'longitude': '8.8860'}, 'timezone': {'offset': '-5:00', 'description': 'Eastern Time (US &amp; Canada), Bogota, Lima'}}, 'email': 'sapna.gugale@example.com', 'login': {'uuid': 'b5348bb7-3da3-499c-be54-a0fb76f59560', 'username': 'crazyostrich137', 'password': 'faster', 'salt': 'ZNmLLW86', 'md5': '116d20ace8861e7f6aaf6c36c472ee43', 'sha1': '3d505c81ba3349337c7c0d4adeed51978e5d9045', 'sha256': 'b9cca4b460eb764faf19a43f70e6213950cefc182fb2205477f9542ef6e56fa5'}, 'dob': {'date': '1998-12-04T21:02:42.167Z', 'age': 25}, 'registered': {'date': '2016-03-23T02:08:02.802Z', 'age': 8}, 'phone': '8935330048', 'cell': '7219465426', 'id': {'name': 'UIDAI', 'value': '746443405163'}, 'picture': {'large': 'https://randomuser.me/api/portraits/women/43.jpg', 'medium': 'https://randomuser.me/api/portraits/med/women/43.jpg', 'thumbnail': 'https://randomuser.me/api/portraits/thumb/women/43.jpg'}, 'nat': 'IN'}</msg>
<arg>${json_data['results'][0]}</arg>
<doc>Logs the given message with the given level.</doc>
<status status="PASS" start="2024-07-02T05:15:47.447184" elapsed="0.000402"/>
</kw>
<kw name="Log" owner="BuiltIn">
<msg time="2024-07-02T05:15:47.448020" level="INFO">location</msg>
<arg>${key}</arg>
<doc>Logs the given message with the given level.</doc>
<status status="PASS" start="2024-07-02T05:15:47.447891" elapsed="0.000167"/>
</kw>
<var name="${key}">location</var>
<status status="PASS" start="2024-07-02T05:15:47.446511" elapsed="0.001762"/>
</iter>
<iter>
<kw name="Dictionary Should Contain Key" owner="Collections">
<arg>${json_data['results'][0]}</arg>
<arg>${key}</arg>
<doc>Fails if ``key`` is not found from ``dictionary``.</doc>
<status status="PASS" start="2024-07-02T05:15:47.448552" elapsed="0.000389"/>
</kw>
<kw name="Log" owner="BuiltIn">
<msg time="2024-07-02T05:15:47.449473" level="INFO">{'gender': 'female', 'name': {'title': 'Miss', 'first': 'Sapna', 'last': 'Gugale'}, 'location': {'street': {'number': 5173, 'name': 'Rasta Peth'}, 'city': 'Parbhani', 'state': 'Karnataka', 'country': 'India', 'postcode': 28136, 'coordinates': {'latitude': '10.1129', 'longitude': '8.8860'}, 'timezone': {'offset': '-5:00', 'description': 'Eastern Time (US &amp; Canada), Bogota, Lima'}}, 'email': 'sapna.gugale@example.com', 'login': {'uuid': 'b5348bb7-3da3-499c-be54-a0fb76f59560', 'username': 'crazyostrich137', 'password': 'faster', 'salt': 'ZNmLLW86', 'md5': '116d20ace8861e7f6aaf6c36c472ee43', 'sha1': '3d505c81ba3349337c7c0d4adeed51978e5d9045', 'sha256': 'b9cca4b460eb764faf19a43f70e6213950cefc182fb2205477f9542ef6e56fa5'}, 'dob': {'date': '1998-12-04T21:02:42.167Z', 'age': 25}, 'registered': {'date': '2016-03-23T02:08:02.802Z', 'age': 8}, 'phone': '8935330048', 'cell': '7219465426', 'id': {'name': 'UIDAI', 'value': '746443405163'}, 'picture': {'large': 'https://randomuser.me/api/portraits/women/43.jpg', 'medium': 'https://randomuser.me/api/portraits/med/women/43.jpg', 'thumbnail': 'https://randomuser.me/api/portraits/thumb/women/43.jpg'}, 'nat': 'IN'}</msg>
<arg>${json_data['results'][0]}</arg>
<doc>Logs the given message with the given level.</doc>
<status status="PASS" start="2024-07-02T05:15:47.449120" elapsed="0.000402"/>
</kw>
<kw name="Log" owner="BuiltIn">
<msg time="2024-07-02T05:15:47.449994" level="INFO">email</msg>
<arg>${key}</arg>
<doc>Logs the given message with the given level.</doc>
<status status="PASS" start="2024-07-02T05:15:47.449860" elapsed="0.000178"/>
</kw>
<var name="${key}">email</var>
<status status="PASS" start="2024-07-02T05:15:47.448445" elapsed="0.001814"/>
</iter>
<iter>
<kw name="Dictionary Should Contain Key" owner="Collections">
<arg>${json_data['results'][0]}</arg>
<arg>${key}</arg>
<doc>Fails if ``key`` is not found from ``dictionary``.</doc>
<status status="PASS" start="2024-07-02T05:15:47.450547" elapsed="0.000390"/>
</kw>
<kw name="Log" owner="BuiltIn">
<msg time="2024-07-02T05:15:47.451467" level="INFO">{'gender': 'female', 'name': {'title': 'Miss', 'first': 'Sapna', 'last': 'Gugale'}, 'location': {'street': {'number': 5173, 'name': 'Rasta Peth'}, 'city': 'Parbhani', 'state': 'Karnataka', 'country': 'India', 'postcode': 28136, 'coordinates': {'latitude': '10.1129', 'longitude': '8.8860'}, 'timezone': {'offset': '-5:00', 'description': 'Eastern Time (US &amp; Canada), Bogota, Lima'}}, 'email': 'sapna.gugale@example.com', 'login': {'uuid': 'b5348bb7-3da3-499c-be54-a0fb76f59560', 'username': 'crazyostrich137', 'password': 'faster', 'salt': 'ZNmLLW86', 'md5': '116d20ace8861e7f6aaf6c36c472ee43', 'sha1': '3d505c81ba3349337c7c0d4adeed51978e5d9045', 'sha256': 'b9cca4b460eb764faf19a43f70e6213950cefc182fb2205477f9542ef6e56fa5'}, 'dob': {'date': '1998-12-04T21:02:42.167Z', 'age': 25}, 'registered': {'date': '2016-03-23T02:08:02.802Z', 'age': 8}, 'phone': '8935330048', 'cell': '7219465426', 'id': {'name': 'UIDAI', 'value': '746443405163'}, 'picture': {'large': 'https://randomuser.me/api/portraits/women/43.jpg', 'medium': 'https://randomuser.me/api/portraits/med/women/43.jpg', 'thumbnail': 'https://randomuser.me/api/portraits/thumb/women/43.jpg'}, 'nat': 'IN'}</msg>
<arg>${json_data['results'][0]}</arg>
<doc>Logs the given message with the given level.</doc>
<status status="PASS" start="2024-07-02T05:15:47.451118" elapsed="0.000397"/>
</kw>
<kw name="Log" owner="BuiltIn">
<msg time="2024-07-02T05:15:47.451933" level="INFO">login</msg>
<arg>${key}</arg>
<doc>Logs the given message with the given level.</doc>
<status status="PASS" start="2024-07-02T05:15:47.451807" elapsed="0.000164"/>
</kw>
<var name="${key}">login</var>
<status status="PASS" start="2024-07-02T05:15:47.450429" elapsed="0.001756"/>
</iter>
<var>${key}</var>
<value>@{expected_keys}</value>
<status status="PASS" start="2024-07-02T05:15:47.442290" elapsed="0.010017"/>
</for>
<kw name="Create List" owner="BuiltIn">
<msg time="2024-07-02T05:15:47.452643" level="INFO">${expected_keysTwo} = ['username', 'password']</msg>
<var>${expected_keysTwo}</var>
<arg>username</arg>
<arg>password</arg>
<doc>Returns a list containing given items.</doc>
<status status="PASS" start="2024-07-02T05:15:47.452502" elapsed="0.000195"/>
</kw>
<for flavor="IN">
<iter>
<kw name="Dictionary Should Contain Key" owner="Collections">
<arg>${json_data['results'][0]['login']}</arg>
<arg>${keyTwo}</arg>
<doc>Fails if ``key`` is not found from ``dictionary``.</doc>
<status status="PASS" start="2024-07-02T05:15:47.453208" elapsed="0.000388"/>
</kw>
<kw name="Dictionary Should Contain Key" owner="Collections">
<arg>${json_data['results'][0]['login']}</arg>
<arg>${keyTwo}</arg>
<doc>Fails if ``key`` is not found from ``dictionary``.</doc>
<status status="PASS" start="2024-07-02T05:15:47.453776" elapsed="0.000424"/>
</kw>
<kw name="Log" owner="BuiltIn">
<msg time="2024-07-02T05:15:47.454510" level="INFO">username</msg>
<arg>${keyTwo}</arg>
<doc>Logs the given message with the given level.</doc>
<status status="PASS" start="2024-07-02T05:15:47.454387" elapsed="0.000160"/>
</kw>
<var name="${keyTwo}">username</var>
<status status="PASS" start="2024-07-02T05:15:47.453101" elapsed="0.001678"/>
</iter>
<iter>
<kw name="Dictionary Should Contain Key" owner="Collections">
<arg>${json_data['results'][0]['login']}</arg>
<arg>${keyTwo}</arg>
<doc>Fails if ``key`` is not found from ``dictionary``.</doc>
<status status="PASS" start="2024-07-02T05:15:47.455057" elapsed="0.000382"/>
</kw>
<kw name="Dictionary Should Contain Key" owner="Collections">
<arg>${json_data['results'][0]['login']}</arg>
<arg>${keyTwo}</arg>
<doc>Fails if ``key`` is not found from ``dictionary``.</doc>
<status status="PASS" start="2024-07-02T05:15:47.455615" elapsed="0.000367"/>
</kw>
<kw name="Log" owner="BuiltIn">
<msg time="2024-07-02T05:15:47.456285" level="INFO">password</msg>
<arg>${keyTwo}</arg>
<doc>Logs the given message with the given level.</doc>
<status status="PASS" start="2024-07-02T05:15:47.456166" elapsed="0.000162"/>
</kw>
<var name="${keyTwo}">password</var>
<status status="PASS" start="2024-07-02T05:15:47.454950" elapsed="0.001704"/>
</iter>
<var>${keyTwo}</var>
<value>@{expected_keysTwo}</value>
<status status="PASS" start="2024-07-02T05:15:47.452946" elapsed="0.003828"/>
</for>
<status status="PASS" start="2024-07-02T05:15:47.346692" elapsed="0.110225"/>
</kw>
<doc>Testa a estrutura da resposta da API.</doc>
<tag>testeEstruturaResposta</tag>
<status status="PASS" start="2024-07-02T05:15:47.346081" elapsed="0.110994"/>
</test>
<test id="s1-s1-t4" name="Validar tipos de dados" line="28">
<kw name="Teste de Tipos de Dados" owner="random-user-service">
<kw name="GET On Session" owner="RequestsLibrary">
<msg time="2024-07-02T05:15:47.750506" level="INFO">GET Request : url=https://randomuser.me/api 
 path_url=/api 
 headers={'User-Agent': 'python-requests/2.32.3', 'Accept-Encoding': 'gzip, deflate', 'Accept': '*/*', 'Connection': 'keep-alive'} 
 body=None 
 </msg>
<msg time="2024-07-02T05:15:47.750618" level="INFO">GET Response : url=https://randomuser.me/api 
 status=200, reason=OK 
 headers={'Date': 'Tue, 02 Jul 2024 05:15:47 GMT', 'Content-Type': 'application/json; charset=utf-8', 'Transfer-Encoding': 'chunked', 'Connection': 'keep-alive', 'X-Powered-By': 'Express', 'Access-Control-Allow-Origin': '*', 'Cache-Control': 'no-cache', 'ETag': 'W/"4ae-ur4wK6PkLs2tPK/a2Ln3qyUx424"', 'Vary': 'Accept-Encoding', 'Content-Encoding': 'gzip', 'CF-Cache-Status': 'DYNAMIC', 'Report-To': '{"endpoints":[{"url":"https:\\/\\/a.nel.cloudflare.com\\/report\\/v4?s=MtOsZpyLk2ZA3MVIPHV569rKdBuCjvJnM0KaXTDgRgTyGcmkhu9wVqtIMBu83wBWFgoImx0Vu5u9ott2DTKBQpU156uYoPsPMqoLXliZ90NBJJeXNwWXxHlBFbbUSyh5"}],"group":"cf-nel","max_age":604800}', 'NEL': '{"success_fraction":0,"report_to":"cf-nel","max_age":604800}', 'Server': 'cloudflare', 'CF-RAY': '89cc28f5aa256897-SJC', 'alt-svc': 'h3=":443"; ma=86400'} 
 body={"results":[{"gender":"female","name":{"title":"Mademoiselle","first":"Antonia","last":"Lambert"},"location":{"street":{"number":9917,"name":"Rue Barrier"},"city":"Muriaux","state":"Bern","country":"Switzerland","postcode":4332,"coordinates":{"latitude":"-62.0887","longitude":"48.2994"},"timezone":{"offset":"+5:00","description":"Ekaterinburg, Islamabad, Karachi, Tashkent"}},"email":"antonia.lambert@example.com","login":{"uuid":"179bf693-a391-4b6f-b3d6-9c4f645cc171","username":"happymeercat793","password":"sleeper","salt":"nLfRx9Bo","md5":"ea6b7ca8e0695bdfc019d30ec8fcd1bf","sha1":"f553470cd6e8d33acba69ee398899644a400c89a","sha256":"2483d4de8899826f41a05bda9f4cbffc037c7b05954682a7f8435b48dc7e5c25"},"dob":{"date":"1958-12-27T18:45:15.163Z","age":65},"registered":{"date":"2021-03-09T03:22:43.118Z","age":3},"phone":"079 704 00 89","cell":"075 926 46 00","id":{"name":"AVS","value":"756.9588.9872.40"},"picture":{"large":"https://randomuser.me/api/portraits/women/41.jpg","medium":"https://randomuser.me/api/portraits/med/women/41.jpg","thumbnail":"https://randomuser.me/api/portraits/thumb/women/41.jpg"},"nat":"CH"}],"info":{"seed":"06873e721ae286e6","results":1,"page":1,"version":"1.4"}} 
 </msg>
<msg time="2024-07-02T05:15:47.750691" level="INFO">/opt/hostedtoolcache/Python/3.12.4/x64/lib/python3.12/site-packages/urllib3/connectionpool.py:1099: InsecureRequestWarning: Unverified HTTPS request is being made to host 'randomuser.me'. Adding certificate verification is strongly advised. See: https://urllib3.readthedocs.io/en/latest/advanced-usage.html#tls-warnings
  warnings.warn(</msg>
<msg time="2024-07-02T05:15:47.750817" level="INFO">${response} = &lt;Response [200]&gt;</msg>
<var>${response}</var>
<arg>consultarAPI</arg>
<arg>/api</arg>
<doc>Sends a GET request on a previously created HTTP Session.</doc>
<status status="PASS" start="2024-07-02T05:15:47.459707" elapsed="0.291152"/>
</kw>
<kw name="Set Variable" owner="BuiltIn">
<msg time="2024-07-02T05:15:47.752178" level="INFO">${json_data} = {'results': [{'gender': 'female', 'name': {'title': 'Mademoiselle', 'first': 'Antonia', 'last': 'Lambert'}, 'location': {'street': {'number': 9917, 'name': 'Rue Barrier'}, 'city': 'Muriaux', 'state': ...</msg>
<var>${json_data}</var>
<arg>${response.json()}</arg>
<doc>Returns the given values which can then be assigned to a variables.</doc>
<status status="PASS" start="2024-07-02T05:15:47.751558" elapsed="0.000648"/>
</kw>
<kw name="Log" owner="BuiltIn">
<msg time="2024-07-02T05:15:47.752700" level="INFO">{'results': [{'gender': 'female', 'name': {'title': 'Mademoiselle', 'first': 'Antonia', 'last': 'Lambert'}, 'location': {'street': {'number': 9917, 'name': 'Rue Barrier'}, 'city': 'Muriaux', 'state': 'Bern', 'country': 'Switzerland', 'postcode': 4332, 'coordinates': {'latitude': '-62.0887', 'longitude': '48.2994'}, 'timezone': {'offset': '+5:00', 'description': 'Ekaterinburg, Islamabad, Karachi, Tashkent'}}, 'email': 'antonia.lambert@example.com', 'login': {'uuid': '179bf693-a391-4b6f-b3d6-9c4f645cc171', 'username': 'happymeercat793', 'password': 'sleeper', 'salt': 'nLfRx9Bo', 'md5': 'ea6b7ca8e0695bdfc019d30ec8fcd1bf', 'sha1': 'f553470cd6e8d33acba69ee398899644a400c89a', 'sha256': '2483d4de8899826f41a05bda9f4cbffc037c7b05954682a7f8435b48dc7e5c25'}, 'dob': {'date': '1958-12-27T18:45:15.163Z', 'age': 65}, 'registered': {'date': '2021-03-09T03:22:43.118Z', 'age': 3}, 'phone': '079 704 00 89', 'cell': '075 926 46 00', 'id': {'name': 'AVS', 'value': '756.9588.9872.40'}, 'picture': {'large': 'https://randomuser.me/api/portraits/women/41.jpg', 'medium': 'https://randomuser.me/api/portraits/med/women/41.jpg', 'thumbnail': 'https://randomuser.me/api/portraits/thumb/women/41.jpg'}, 'nat': 'CH'}], 'info': {'seed': '06873e721ae286e6', 'results': 1, 'page': 1, 'version': '1.4'}}</msg>
<arg>${json_data}</arg>
<doc>Logs the given message with the given level.</doc>
<status status="PASS" start="2024-07-02T05:15:47.752539" elapsed="0.000213"/>
</kw>
<kw name="Should Be String" owner="String">
<arg>${json_data['results'][0]['gender']}</arg>
<doc>Fails if the given ``item`` is not a string.</doc>
<status status="PASS" start="2024-07-02T05:15:47.753044" elapsed="0.000357"/>
</kw>
<kw name="Should Match Regexp" owner="BuiltIn">
<arg>${json_data['results'][0]['email']}</arg>
<arg>^[a-zA-Z0-9._%+-]+@[a-zA-Z0-9.-]+\.[a-zA-Z]{2,}$</arg>
<doc>Fails if ``string`` does not match ``pattern`` as a regular expression.</doc>
<status status="PASS" start="2024-07-02T05:15:47.753624" elapsed="0.000576"/>
</kw>
<kw name="Should Match Regexp" owner="BuiltIn">
<arg>${json_data['results'][0]['dob']['date']}</arg>
<arg>\\d{4}-\\d{2}-\\d{2}T\\d{2}:\\d{2}:\\d{2}\\.\\d{3}Z</arg>
<doc>Fails if ``string`` does not match ``pattern`` as a regular expression.</doc>
<status status="PASS" start="2024-07-02T05:15:47.754394" elapsed="0.000492"/>
</kw>
<kw name="Should Match Regexp" owner="BuiltIn">
<arg>${json_data['results'][0]['registered']['date']}</arg>
<arg>\\d{4}-\\d{2}-\\d{2}T\\d{2}:\\d{2}:\\d{2}\\.\\d{3}Z</arg>
<doc>Fails if ``string`` does not match ``pattern`` as a regular expression.</doc>
<status status="PASS" start="2024-07-02T05:15:47.755072" elapsed="0.000360"/>
</kw>
<kw name="Should Match Regexp" owner="BuiltIn">
<arg>${json_data['results'][0]['picture']['large']}</arg>
<arg>^https?://.*\.(?:png|jpe?g|gif|bmp)$</arg>
<doc>Fails if ``string`` does not match ``pattern`` as a regular expression.</doc>
<status status="PASS" start="2024-07-02T05:15:47.755611" elapsed="0.000449"/>
</kw>
<kw name="Should Match Regexp" owner="BuiltIn">
<arg>${json_data['results'][0]['picture']['medium']}</arg>
<arg>^https?://.*\.(?:png|jpe?g|gif|bmp)$</arg>
<doc>Fails if ``string`` does not match ``pattern`` as a regular expression.</doc>
<status status="PASS" start="2024-07-02T05:15:47.756244" elapsed="0.000344"/>
</kw>
<kw name="Should Match Regexp" owner="BuiltIn">
<arg>${json_data['results'][0]['picture']['thumbnail']}</arg>
<arg>^https?://.*\.(?:png|jpe?g|gif|bmp)$</arg>
<doc>Fails if ``string`` does not match ``pattern`` as a regular expression.</doc>
<status status="PASS" start="2024-07-02T05:15:47.756773" elapsed="0.000350"/>
</kw>
<kw name="Log" owner="BuiltIn">
<msg time="2024-07-02T05:15:47.757644" level="INFO">{'large': 'https://randomuser.me/api/portraits/women/41.jpg', 'medium': 'https://randomuser.me/api/portraits/med/women/41.jpg', 'thumbnail': 'https://randomuser.me/api/portraits/thumb/women/41.jpg'}</msg>
<arg>${json_data['results'][0]['picture']}</arg>
<doc>Logs the given message with the given level.</doc>
<status status="PASS" start="2024-07-02T05:15:47.757317" elapsed="0.000369"/>
</kw>
<status status="PASS" start="2024-07-02T05:15:47.459479" elapsed="0.298495"/>
</kw>
<kw name="Teste de Tipos de Dados - Postcode" owner="random-user-service">
<kw name="GET On Session" owner="RequestsLibrary">
<msg time="2024-07-02T05:15:47.860099" level="INFO">GET Request : url=https://randomuser.me/api 
 path_url=/api 
 headers={'User-Agent': 'python-requests/2.32.3', 'Accept-Encoding': 'gzip, deflate', 'Accept': '*/*', 'Connection': 'keep-alive'} 
 body=None 
 </msg>
<msg time="2024-07-02T05:15:47.860202" level="INFO">GET Response : url=https://randomuser.me/api 
 status=200, reason=OK 
 headers={'Date': 'Tue, 02 Jul 2024 05:15:47 GMT', 'Content-Type': 'application/json; charset=utf-8', 'Transfer-Encoding': 'chunked', 'Connection': 'keep-alive', 'X-Powered-By': 'Express', 'Access-Control-Allow-Origin': '*', 'Cache-Control': 'no-cache', 'ETag': 'W/"488-L+byBPj0mUNIZVJX1V8TXOpVg5I"', 'Vary': 'Accept-Encoding', 'Content-Encoding': 'gzip', 'CF-Cache-Status': 'DYNAMIC', 'Report-To': '{"endpoints":[{"url":"https:\\/\\/a.nel.cloudflare.com\\/report\\/v4?s=5iAGpmIg5K0z00OdD0d3%2BptLZTX%2FDHhbVQIc%2F0p4PuBmIY6cCHIYfAXyQOyTsVEQlpn13c%2BfXkq1UrRrUBdBp57IT6D%2F0zlt2TTafrBH5P5Q6aoxYAilsVQzyXFYNEkJ"}],"group":"cf-nel","max_age":604800}', 'NEL': '{"success_fraction":0,"report_to":"cf-nel","max_age":604800}', 'Server': 'cloudflare', 'CF-RAY': '89cc28f78c156897-SJC', 'alt-svc': 'h3=":443"; ma=86400'} 
 body={"results":[{"gender":"male","name":{"title":"Mr","first":"Messias","last":"Peixoto"},"location":{"street":{"number":2471,"name":"Travessa dos Martírios"},"city":"Campo Grande","state":"Amapá","country":"Brazil","postcode":70392,"coordinates":{"latitude":"-79.6787","longitude":"-80.8617"},"timezone":{"offset":"+3:30","description":"Tehran"}},"email":"messias.peixoto@example.com","login":{"uuid":"ab93f31a-7dbf-4387-be7c-a2558bdf1c5d","username":"heavyrabbit697","password":"uuuuuuu","salt":"B1R8mGDC","md5":"169f574de6df26e0a7d9ff1dc978ecdd","sha1":"cd2752bf7e3c22064b9557eaabec0072b98ebcd5","sha256":"3f43d40fbc7e158b233e008dd2e73d94f3eaf5fb8e1a840bc2bdb3b2cc434f82"},"dob":{"date":"1951-12-25T00:05:25.264Z","age":72},"registered":{"date":"2009-06-21T12:45:02.693Z","age":15},"phone":"(56) 8917-3899","cell":"(99) 2081-6439","id":{"name":"CPF","value":"374.472.186-29"},"picture":{"large":"https://randomuser.me/api/portraits/men/35.jpg","medium":"https://randomuser.me/api/portraits/med/men/35.jpg","thumbnail":"https://randomuser.me/api/portraits/thumb/men/35.jpg"},"nat":"BR"}],"info":{"seed":"515561f5a27a6e46","results":1,"page":1,"version":"1.4"}} 
 </msg>
<msg time="2024-07-02T05:15:47.860280" level="INFO">/opt/hostedtoolcache/Python/3.12.4/x64/lib/python3.12/site-packages/urllib3/connectionpool.py:1099: InsecureRequestWarning: Unverified HTTPS request is being made to host 'randomuser.me'. Adding certificate verification is strongly advised. See: https://urllib3.readthedocs.io/en/latest/advanced-usage.html#tls-warnings
  warnings.warn(</msg>
<msg time="2024-07-02T05:15:47.860412" level="INFO">${response} = &lt;Response [200]&gt;</msg>
<var>${response}</var>
<arg>consultarAPI</arg>
<arg>/api</arg>
<doc>Sends a GET request on a previously created HTTP Session.</doc>
<status status="PASS" start="2024-07-02T05:15:47.758431" elapsed="0.102023"/>
</kw>
<kw name="Set Variable" owner="BuiltIn">
<msg time="2024-07-02T05:15:47.861730" level="INFO">${json_data} = {'results': [{'gender': 'male', 'name': {'title': 'Mr', 'first': 'Messias', 'last': 'Peixoto'}, 'location': {'street': {'number': 2471, 'name': 'Travessa dos Martírios'}, 'city': 'Campo Grande', 'stat...</msg>
<var>${json_data}</var>
<arg>${response.json()}</arg>
<doc>Returns the given values which can then be assigned to a variables.</doc>
<status status="PASS" start="2024-07-02T05:15:47.861129" elapsed="0.000631"/>
</kw>
<kw name="Log" owner="BuiltIn">
<msg time="2024-07-02T05:15:47.862293" level="INFO">{'results': [{'gender': 'male', 'name': {'title': 'Mr', 'first': 'Messias', 'last': 'Peixoto'}, 'location': {'street': {'number': 2471, 'name': 'Travessa dos Martírios'}, 'city': 'Campo Grande', 'state': 'Amapá', 'country': 'Brazil', 'postcode': 70392, 'coordinates': {'latitude': '-79.6787', 'longitude': '-80.8617'}, 'timezone': {'offset': '+3:30', 'description': 'Tehran'}}, 'email': 'messias.peixoto@example.com', 'login': {'uuid': 'ab93f31a-7dbf-4387-be7c-a2558bdf1c5d', 'username': 'heavyrabbit697', 'password': 'uuuuuuu', 'salt': 'B1R8mGDC', 'md5': '169f574de6df26e0a7d9ff1dc978ecdd', 'sha1': 'cd2752bf7e3c22064b9557eaabec0072b98ebcd5', 'sha256': '3f43d40fbc7e158b233e008dd2e73d94f3eaf5fb8e1a840bc2bdb3b2cc434f82'}, 'dob': {'date': '1951-12-25T00:05:25.264Z', 'age': 72}, 'registered': {'date': '2009-06-21T12:45:02.693Z', 'age': 15}, 'phone': '(56) 8917-3899', 'cell': '(99) 2081-6439', 'id': {'name': 'CPF', 'value': '374.472.186-29'}, 'picture': {'large': 'https://randomuser.me/api/portraits/men/35.jpg', 'medium': 'https://randomuser.me/api/portraits/med/men/35.jpg', 'thumbnail': 'https://randomuser.me/api/portraits/thumb/men/35.jpg'}, 'nat': 'BR'}], 'info': {'seed': '515561f5a27a6e46', 'results': 1, 'page': 1, 'version': '1.4'}}</msg>
<arg>${json_data}</arg>
<doc>Logs the given message with the given level.</doc>
<status status="PASS" start="2024-07-02T05:15:47.862127" elapsed="0.000216"/>
</kw>
<kw name="Should Be Equal As Numbers" owner="BuiltIn">
<arg>${json_data['results'][0]['location']['postcode']}</arg>
<arg>${json_data['results'][0]['location']['postcode']}</arg>
<doc>Fails if objects are unequal after converting them to real numbers.</doc>
<status status="PASS" start="2024-07-02T05:15:47.862639" elapsed="0.000631"/>
</kw>
<kw name="Log" owner="BuiltIn">
<msg time="2024-07-02T05:15:47.864013" level="INFO">70392</msg>
<arg>${json_data['results'][0]['location']['postcode']}</arg>
<doc>Logs the given message with the given level.</doc>
<status status="PASS" start="2024-07-02T05:15:47.863494" elapsed="0.000560"/>
</kw>
<status status="PASS" start="2024-07-02T05:15:47.758203" elapsed="0.106109"/>
</kw>
<doc>Testa se os tipos de dados na resposta da API estão corretos.</doc>
<tag>testeTiposDados</tag>
<status status="PASS" start="2024-07-02T05:15:47.458908" elapsed="0.405573"/>
</test>
<test id="s1-s1-t5" name="Validar conteudo" line="35">
<kw name="Teste de Tipos de Conteudo" owner="random-user-service">
<kw name="GET On Session" owner="RequestsLibrary">
<msg time="2024-07-02T05:15:47.963398" level="INFO">GET Request : url=https://randomuser.me/api 
 path_url=/api 
 headers={'User-Agent': 'python-requests/2.32.3', 'Accept-Encoding': 'gzip, deflate', 'Accept': '*/*', 'Connection': 'keep-alive'} 
 body=None 
 </msg>
<msg time="2024-07-02T05:15:47.963510" level="INFO">GET Response : url=https://randomuser.me/api 
 status=200, reason=OK 
 headers={'Date': 'Tue, 02 Jul 2024 05:15:47 GMT', 'Content-Type': 'application/json; charset=utf-8', 'Transfer-Encoding': 'chunked', 'Connection': 'keep-alive', 'X-Powered-By': 'Express', 'Access-Control-Allow-Origin': '*', 'Cache-Control': 'no-cache', 'ETag': 'W/"49e-U99PpFaiwD9V1oMbkDEBxWznJqY"', 'Vary': 'Accept-Encoding', 'Content-Encoding': 'gzip', 'CF-Cache-Status': 'DYNAMIC', 'Report-To': '{"endpoints":[{"url":"https:\\/\\/a.nel.cloudflare.com\\/report\\/v4?s=UBX0%2BCITzPK7bwEVhnc9L%2FSrIMyLNEmwLYsTZJeDpP7lmmuQ4jQOnNDqpWGfiHbPa6FvqLDqHHYz707kZU4rmnRd8jobjuPic%2BBlAJjocuCM5L0WTbsh%2FGf1k7vT4uFe"}],"group":"cf-nel","max_age":604800}', 'NEL': '{"success_fraction":0,"report_to":"cf-nel","max_age":604800}', 'Server': 'cloudflare', 'CF-RAY': '89cc28f83ce96897-SJC', 'alt-svc': 'h3=":443"; ma=86400'} 
 body={"results":[{"gender":"female","name":{"title":"Miss","first":"Zilda","last":"Araújo"},"location":{"street":{"number":5550,"name":"Rua Onze "},"city":"Belo Horizonte","state":"Rio Grande do Norte","country":"Brazil","postcode":66204,"coordinates":{"latitude":"-78.0219","longitude":"146.2400"},"timezone":{"offset":"-1:00","description":"Azores, Cape Verde Islands"}},"email":"zilda.araujo@example.com","login":{"uuid":"f046871b-93af-4501-b8f7-0753aa6e7762","username":"lazybird534","password":"womble","salt":"pN0tdg8G","md5":"8828e0185f751b23d5d76a5531757271","sha1":"9eddbdc878e4ec8cfdea721a3141b64ba9728c68","sha256":"007a0359aeb4e7a154783861fde87a141e708a14f5e93ec250933e06700a6ab8"},"dob":{"date":"1962-08-14T03:57:29.256Z","age":61},"registered":{"date":"2006-05-19T11:07:44.986Z","age":18},"phone":"(63) 9444-1989","cell":"(38) 4528-5309","id":{"name":"CPF","value":"274.517.205-33"},"picture":{"large":"https://randomuser.me/api/portraits/women/65.jpg","medium":"https://randomuser.me/api/portraits/med/women/65.jpg","thumbnail":"https://randomuser.me/api/portraits/thumb/women/65.jpg"},"nat":"BR"}],"info":{"seed":"485804c22511d23e","results":1,"page":1,"version":"1.4"}} 
 </msg>
<msg time="2024-07-02T05:15:47.963595" level="INFO">/opt/hostedtoolcache/Python/3.12.4/x64/lib/python3.12/site-packages/urllib3/connectionpool.py:1099: InsecureRequestWarning: Unverified HTTPS request is being made to host 'randomuser.me'. Adding certificate verification is strongly advised. See: https://urllib3.readthedocs.io/en/latest/advanced-usage.html#tls-warnings
  warnings.warn(</msg>
<msg time="2024-07-02T05:15:47.963728" level="INFO">${response} = &lt;Response [200]&gt;</msg>
<var>${response}</var>
<arg>consultarAPI</arg>
<arg>/api</arg>
<doc>Sends a GET request on a previously created HTTP Session.</doc>
<status status="PASS" start="2024-07-02T05:15:47.867075" elapsed="0.096684"/>
</kw>
<kw name="Set Variable" owner="BuiltIn">
<msg time="2024-07-02T05:15:47.965256" level="INFO">${json_data} = {'results': [{'gender': 'female', 'name': {'title': 'Miss', 'first': 'Zilda', 'last': 'Araújo'}, 'location': {'street': {'number': 5550, 'name': 'Rua Onze '}, 'city': 'Belo Horizonte', 'state': 'Rio G...</msg>
<var>${json_data}</var>
<arg>${response.json()}</arg>
<doc>Returns the given values which can then be assigned to a variables.</doc>
<status status="PASS" start="2024-07-02T05:15:47.964622" elapsed="0.000664"/>
</kw>
<kw name="Set Variable" owner="BuiltIn">
<msg time="2024-07-02T05:15:47.966128" level="INFO">${name_title} = Miss</msg>
<var>${name_title}</var>
<arg>${json_data["results"][0]["name"]["title"]}</arg>
<doc>Returns the given values which can then be assigned to a variables.</doc>
<status status="PASS" start="2024-07-02T05:15:47.965650" elapsed="0.000504"/>
</kw>
<kw name="Create List" owner="BuiltIn">
<msg time="2024-07-02T05:15:47.966614" level="INFO">${allowed_titles} = ['Mr', 'Ms', 'Miss', 'Mrs', 'Madame', 'Monsieur']</msg>
<var>${allowed_titles}</var>
<arg>Mr</arg>
<arg>Ms</arg>
<arg>Miss</arg>
<arg>Mrs</arg>
<arg>Madame</arg>
<arg>Monsieur</arg>
<doc>Returns a list containing given items.</doc>
<status status="PASS" start="2024-07-02T05:15:47.966462" elapsed="0.000177"/>
</kw>
<kw name="List Should Contain Value" owner="Collections">
<arg>${allowed_titles}</arg>
<arg>${name_title}</arg>
<doc>Fails if the ``value`` is not found from ``list``.</doc>
<status status="PASS" start="2024-07-02T05:15:47.966945" elapsed="0.000182"/>
</kw>
<kw name="Set Variable" owner="BuiltIn">
<msg time="2024-07-02T05:15:47.967684" level="INFO">${name_country} = BR</msg>
<var>${name_country}</var>
<arg>${json_data["results"][0]["nat"]}</arg>
<doc>Returns the given values which can then be assigned to a variables.</doc>
<status status="PASS" start="2024-07-02T05:15:47.967308" elapsed="0.000400"/>
</kw>
<kw name="Create List" owner="BuiltIn">
<msg time="2024-07-02T05:15:47.968599" level="INFO">${list_country} = ['AD', 'AE', 'AF', 'AG', 'AI', 'AL', 'AM', 'AO', 'AQ', 'AR', 'AS', 'AT', 'AU', 'AW', 'AX', 'AZ', 'BA', 'BB', 'BD', 'BE', 'BF', 'BG', 'BH', 'BI', 'BJ', 'BL', 'BM', 'BN', 'BO', 'BQ', 'BR', 'BS', 'BT', '...</msg>
<var>${list_country}</var>
<arg>AD</arg>
<arg>AE</arg>
<arg>AF</arg>
<arg>AG</arg>
<arg>AI</arg>
<arg>AL</arg>
<arg>AM</arg>
<arg>AO</arg>
<arg>AQ</arg>
<arg>AR</arg>
<arg>AS</arg>
<arg>AT</arg>
<arg>AU</arg>
<arg>AW</arg>
<arg>AX</arg>
<arg>AZ</arg>
<arg>BA</arg>
<arg>BB</arg>
<arg>BD</arg>
<arg>BE</arg>
<arg>BF</arg>
<arg>BG</arg>
<arg>BH</arg>
<arg>BI</arg>
<arg>BJ</arg>
<arg>BL</arg>
<arg>BM</arg>
<arg>BN</arg>
<arg>BO</arg>
<arg>BQ</arg>
<arg>BR</arg>
<arg>BS</arg>
<arg>BT</arg>
<arg>BV</arg>
<arg>BW</arg>
<arg>BY</arg>
<arg>BZ</arg>
<arg>CA</arg>
<arg>CC</arg>
<arg>CD</arg>
<arg>CF</arg>
<arg>CG</arg>
<arg>CH</arg>
<arg>CI</arg>
<arg>CK</arg>
<arg>CL</arg>
<arg>CM</arg>
<arg>CN</arg>
<arg>CO</arg>
<arg>CR</arg>
<arg>CU</arg>
<arg>CV</arg>
<arg>CW</arg>
<arg>CX</arg>
<arg>CY</arg>
<arg>CZ</arg>
<arg>DE</arg>
<arg>DJ</arg>
<arg>DK</arg>
<arg>DM</arg>
<arg>DO</arg>
<arg>DZ</arg>
<arg>EC</arg>
<arg>EE</arg>
<arg>EG</arg>
<arg>EH</arg>
<arg>ER</arg>
<arg>ES</arg>
<arg>ET</arg>
<arg>FI</arg>
<arg>FJ</arg>
<arg>FK</arg>
<arg>FM</arg>
<arg>FO</arg>
<arg>FR</arg>
<arg>GA</arg>
<arg>GB</arg>
<arg>GD</arg>
<arg>GE</arg>
<arg>GF</arg>
<arg>GG</arg>
<arg>GH</arg>
<arg>GI</arg>
<arg>GL</arg>
<arg>GM</arg>
<arg>GN</arg>
<arg>GP</arg>
<arg>GQ</arg>
<arg>GR</arg>
<arg>GS</arg>
<arg>GT</arg>
<arg>GU</arg>
<arg>GW</arg>
<arg>GY</arg>
<arg>HK</arg>
<arg>HM</arg>
<arg>HN</arg>
<arg>HR</arg>
<arg>HT</arg>
<arg>HU</arg>
<arg>ID</arg>
<arg>IE</arg>
<arg>IL</arg>
<arg>IM</arg>
<arg>IN</arg>
<arg>IO</arg>
<arg>IQ</arg>
<arg>IR</arg>
<arg>IS</arg>
<arg>IT</arg>
<arg>JE</arg>
<arg>JM</arg>
<arg>JO</arg>
<arg>JP</arg>
<arg>KE</arg>
<arg>KG</arg>
<arg>KH</arg>
<arg>KI</arg>
<arg>KM</arg>
<arg>KN</arg>
<arg>KP</arg>
<arg>KR</arg>
<arg>KW</arg>
<arg>KY</arg>
<arg>KZ</arg>
<arg>LA</arg>
<arg>LB</arg>
<arg>LC</arg>
<arg>LI</arg>
<arg>LK</arg>
<arg>LR</arg>
<arg>LS</arg>
<arg>LT</arg>
<arg>LU</arg>
<arg>LV</arg>
<arg>LY</arg>
<arg>MA</arg>
<arg>MC</arg>
<arg>MD</arg>
<arg>ME</arg>
<arg>MF</arg>
<arg>MG</arg>
<arg>MH</arg>
<arg>MK</arg>
<arg>ML</arg>
<arg>MM</arg>
<arg>MN</arg>
<arg>MO</arg>
<arg>MP</arg>
<arg>MQ</arg>
<arg>MR</arg>
<arg>MS</arg>
<arg>MT</arg>
<arg>MU</arg>
<arg>MV</arg>
<arg>MW</arg>
<arg>MX</arg>
<arg>MY</arg>
<arg>MZ</arg>
<arg>NA</arg>
<arg>NC</arg>
<arg>NE</arg>
<arg>NF</arg>
<arg>NG</arg>
<arg>NI</arg>
<arg>NL</arg>
<arg>NO</arg>
<arg>NP</arg>
<arg>NR</arg>
<arg>NU</arg>
<arg>NZ</arg>
<arg>OM</arg>
<arg>PA</arg>
<arg>PE</arg>
<arg>PF</arg>
<arg>PG</arg>
<arg>PH</arg>
<arg>PK</arg>
<arg>PL</arg>
<arg>PM</arg>
<arg>PN</arg>
<arg>PR</arg>
<arg>PS</arg>
<arg>PT</arg>
<arg>PW</arg>
<arg>PY</arg>
<arg>QA</arg>
<arg>RE</arg>
<arg>RO</arg>
<arg>RS</arg>
<arg>RU</arg>
<arg>RW</arg>
<arg>SA</arg>
<arg>SB</arg>
<arg>SC</arg>
<arg>SD</arg>
<arg>SE</arg>
<arg>SG</arg>
<arg>SH</arg>
<arg>SI</arg>
<arg>SJ</arg>
<arg>SK</arg>
<arg>SL</arg>
<arg>SM</arg>
<arg>SN</arg>
<arg>SO</arg>
<arg>SR</arg>
<arg>SS</arg>
<arg>ST</arg>
<arg>SV</arg>
<arg>SX</arg>
<arg>SY</arg>
<arg>SZ</arg>
<arg>TC</arg>
<arg>TD</arg>
<arg>TF</arg>
<arg>TG</arg>
<arg>TH</arg>
<arg>TJ</arg>
<arg>TK</arg>
<arg>TL</arg>
<arg>TM</arg>
<arg>TN</arg>
<arg>TO</arg>
<arg>TR</arg>
<arg>TT</arg>
<arg>TV</arg>
<arg>TW</arg>
<arg>TZ</arg>
<arg>UA</arg>
<arg>UG</arg>
<arg>UM</arg>
<arg>US</arg>
<arg>UY</arg>
<arg>UZ</arg>
<arg>VA</arg>
<arg>VC</arg>
<arg>VE</arg>
<arg>VG</arg>
<arg>VI</arg>
<arg>VN</arg>
<arg>VU</arg>
<arg>WF</arg>
<arg>WS</arg>
<arg>XK</arg>
<arg>YE</arg>
<arg>YT</arg>
<arg>ZA</arg>
<arg>ZM</arg>
<arg>ZW</arg>
<doc>Returns a list containing given items.</doc>
<status status="PASS" start="2024-07-02T05:15:47.968002" elapsed="0.000621"/>
</kw>
<kw name="List Should Contain Value" owner="Collections">
<arg>${list_country}</arg>
<arg>${name_country}</arg>
<doc>Fails if the ``value`` is not found from ``list``.</doc>
<status status="PASS" start="2024-07-02T05:15:47.969422" elapsed="0.000203"/>
</kw>
<kw name="Run Keyword If" owner="BuiltIn">
<kw name="Should Be True" owner="BuiltIn">
<arg>${True}</arg>
<doc>Fails if the given condition is not true.</doc>
<status status="PASS" start="2024-07-02T05:15:47.970594" elapsed="0.000142"/>
</kw>
<arg>${json_data["results"][0]["location"]["coordinates"]["latitude"]} &gt;= -90 and ${json_data["results"][0]["location"]["coordinates"]["latitude"]} &lt;= 90</arg>
<arg>Should Be True</arg>
<arg>${True}</arg>
<doc>Runs the given keyword with the given arguments, if ``condition`` is true.</doc>
<status status="PASS" start="2024-07-02T05:15:47.969843" elapsed="0.001015"/>
</kw>
<kw name="Run Keyword If" owner="BuiltIn">
<kw name="Should Be True" owner="BuiltIn">
<arg>${True}</arg>
<doc>Fails if the given condition is not true.</doc>
<status status="PASS" start="2024-07-02T05:15:47.971719" elapsed="0.000249"/>
</kw>
<arg>${json_data["results"][0]["location"]["coordinates"]["longitude"]} &gt;= -180 and ${json_data["results"][0]["location"]["coordinates"]["longitude"]} &lt;= 180</arg>
<arg>Should Be True</arg>
<arg>${True}</arg>
<doc>Runs the given keyword with the given arguments, if ``condition`` is true.</doc>
<status status="PASS" start="2024-07-02T05:15:47.971037" elapsed="0.001057"/>
</kw>
<status status="PASS" start="2024-07-02T05:15:47.866844" elapsed="0.105383"/>
</kw>
<doc>Testa o conteúdo específico dos campos retornados pela API.</doc>
<tag>testeConteudo</tag>
<status status="PASS" start="2024-07-02T05:15:47.866300" elapsed="0.106077"/>
</test>
<status status="PASS" start="2024-07-02T05:15:46.843019" elapsed="1.131403"/>
</suite>
<status status="PASS" start="2024-07-02T05:15:46.828418" elapsed="1.151208"/>
</suite>
<statistics>
<total>
<stat pass="5" fail="0" skip="0">All Tests</stat>
</total>
<tag>
<stat pass="1" fail="0" skip="0">testeConteudo</stat>
<stat pass="1" fail="0" skip="0">testeEstruturaResposta</stat>
<stat pass="1" fail="0" skip="0">testeRequisicaoBasica</stat>
<stat pass="1" fail="0" skip="0">testeTiposDados</stat>
</tag>
<suite>
<stat pass="5" fail="0" skip="0" id="s1" name="Tests">Tests</stat>
<stat pass="5" fail="0" skip="0" id="s1-s1" name="Random-User-Test">Tests.Random-User-Test</stat>
</suite>
</statistics>
<errors>
</errors>
</robot>
