<?xml version="1.0" encoding="UTF-8"?>
<robot generator="Robot 7.0 (Python 3.12.2 on linux)" generated="2024-03-28T13:15:02.642415" rpa="false" schemaversion="5">
<suite id="s1" name="Tests" source="/home/runner/work/DesafioQAItauRogerioJordao/DesafioQAItauRogerioJordao/RamdonUser/tests">
<suite id="s1-s1" name="Random-User-Test" source="/home/runner/work/DesafioQAItauRogerioJordao/DesafioQAItauRogerioJordao/RamdonUser/tests/random-user-test.robot">
<test id="s1-s1-t1" name="Conectar" line="13">
<kw name="Conectar API" owner="random-user-service">
<kw name="Create Session" owner="RequestsLibrary">
<msg time="2024-03-28T13:15:03.043412" level="INFO">Creating Session using : alias=consultarAPI, url=https://randomuser.me/, headers={},                     cookies={}, auth=None, timeout=None, proxies=None, verify=False,                     debug=0 </msg>
<arg>consultarAPI</arg>
<arg>${URL}</arg>
<doc>Create Session: create a HTTP session to a server</doc>
<status status="PASS" start="2024-03-28T13:15:03.043207" elapsed="0.000379"/>
</kw>
<status status="PASS" start="2024-03-28T13:15:03.042194" elapsed="0.001769"/>
</kw>
<status status="PASS" start="2024-03-28T13:15:03.041583" elapsed="0.002592"/>
</test>
<test id="s1-s1-t2" name="Validar retorno 200 e JSON Válido" line="16">
<kw name="Teste de Requisicao Basica" owner="random-user-service">
<kw name="GET On Session" owner="RequestsLibrary">
<msg time="2024-03-28T13:15:03.128457" level="INFO">GET Request : url=https://randomuser.me/api 
 path_url=/api 
 headers={'User-Agent': 'python-requests/2.31.0', 'Accept-Encoding': 'gzip, deflate', 'Accept': '*/*', 'Connection': 'keep-alive'} 
 body=None 
 </msg>
<msg time="2024-03-28T13:15:03.128591" level="INFO">GET Response : url=https://randomuser.me/api 
 status=200, reason=OK 
 headers={'Date': 'Thu, 28 Mar 2024 13:15:03 GMT', 'Content-Type': 'application/json; charset=utf-8', 'Transfer-Encoding': 'chunked', 'Connection': 'keep-alive', 'X-Powered-By': 'Express', 'Access-Control-Allow-Origin': '*', 'Cache-Control': 'no-cache', 'ETag': 'W/"490-oRXk2m5GeATp51pS3sNwPs2h7v4"', 'Vary': 'Accept-Encoding', 'Content-Encoding': 'gzip', 'CF-Cache-Status': 'DYNAMIC', 'Report-To': '{"endpoints":[{"url":"https:\\/\\/a.nel.cloudflare.com\\/report\\/v4?s=btRu%2BrT2O1E3bLTd4fbswhxPGL6iK80RmrEoJgVklbk9cMOl5ejFSI9vvgJvDVBtdpfeqqT%2BnGC68Xi6CogWWrXhZ092heqtlqrq4y9dCco6ajAXyEAStvSIViA75zi%2F"}],"group":"cf-nel","max_age":604800}', 'NEL': '{"success_fraction":0,"report_to":"cf-nel","max_age":604800}', 'Server': 'cloudflare', 'CF-RAY': '86b7e30049a62327-ORD', 'alt-svc': 'h3=":443"; ma=86400'} 
 body={"results":[{"gender":"female","name":{"title":"Miss","first":"Patsy","last":"Black"},"location":{"street":{"number":3390,"name":"Prospect Rd"},"city":"Hobart","state":"New South Wales","country":"Australia","postcode":405,"coordinates":{"latitude":"-81.9077","longitude":"130.7960"},"timezone":{"offset":"-8:00","description":"Pacific Time (US &amp; Canada)"}},"email":"patsy.black@example.com","login":{"uuid":"c1425a72-a7cb-4095-963d-1ed4bbc1be2f","username":"ticklishbutterfly906","password":"club","salt":"EWRcKwMy","md5":"eb4dd2e8c641c40d0cd666f4d3e00e1c","sha1":"d14ec1a9cefca33846b8cfdbd968760a0cb6ba9d","sha256":"df14198c42e34945c56401669edd58a0382301585100d9cfb4141bee0f80fa89"},"dob":{"date":"1992-07-21T09:35:32.400Z","age":31},"registered":{"date":"2008-03-28T04:34:17.714Z","age":16},"phone":"07-7178-1987","cell":"0466-537-168","id":{"name":"TFN","value":"757727881"},"picture":{"large":"https://randomuser.me/api/portraits/women/70.jpg","medium":"https://randomuser.me/api/portraits/med/women/70.jpg","thumbnail":"https://randomuser.me/api/portraits/thumb/women/70.jpg"},"nat":"AU"}],"info":{"seed":"1d480a98c10e3fbf","results":1,"page":1,"version":"1.4"}} 
 </msg>
<msg time="2024-03-28T13:15:03.128704" level="INFO">/opt/hostedtoolcache/Python/3.12.2/x64/lib/python3.12/site-packages/urllib3/connectionpool.py:1103: InsecureRequestWarning: Unverified HTTPS request is being made to host 'randomuser.me'. Adding certificate verification is strongly advised. See: https://urllib3.readthedocs.io/en/latest/advanced-usage.html#tls-warnings
  warnings.warn(</msg>
<msg time="2024-03-28T13:15:03.128877" level="INFO">${response} = &lt;Response [200]&gt;</msg>
<var>${response}</var>
<arg>consultarAPI</arg>
<arg>/api</arg>
<doc>Sends a GET request on a previously created HTTP Session.</doc>
<status status="PASS" start="2024-03-28T13:15:03.046886" elapsed="0.082034"/>
</kw>
<kw name="Should Be Equal As Numbers" owner="BuiltIn">
<msg time="2024-03-28T13:15:03.129856" level="INFO">Argument types are:
&lt;class 'int'&gt;
&lt;class 'str'&gt;</msg>
<arg>${response.status_code}</arg>
<arg>200</arg>
<doc>Fails if objects are unequal after converting them to real numbers.</doc>
<status status="PASS" start="2024-03-28T13:15:03.129402" elapsed="0.000524"/>
</kw>
<kw name="Log" owner="BuiltIn">
<msg time="2024-03-28T13:15:03.130639" level="INFO">200</msg>
<arg>${response.status_code}</arg>
<doc>Logs the given message with the given level.</doc>
<status status="PASS" start="2024-03-28T13:15:03.130268" elapsed="0.000416"/>
</kw>
<kw name="Set Variable" owner="BuiltIn">
<msg time="2024-03-28T13:15:03.131476" level="INFO">${json_data} = {'results': [{'gender': 'female', 'name': {'title': 'Miss', 'first': 'Patsy', 'last': 'Black'}, 'location': {'street': {'number': 3390, 'name': 'Prospect Rd'}, 'city': 'Hobart', 'state': 'New South Wa...</msg>
<var>${json_data}</var>
<arg>${response.json()}</arg>
<doc>Returns the given values which can then be assigned to a variables.</doc>
<status status="PASS" start="2024-03-28T13:15:03.131022" elapsed="0.000483"/>
</kw>
<kw name="Dictionary Should Contain Key" owner="Collections">
<msg time="2024-03-28T13:15:03.131987" level="INFO">False</msg>
<arg>${json_data}</arg>
<arg>results</arg>
<doc>Fails if ``key`` is not found from ``dictionary``.</doc>
<status status="PASS" start="2024-03-28T13:15:03.131815" elapsed="0.000212"/>
</kw>
<status status="PASS" start="2024-03-28T13:15:03.046622" elapsed="0.085670"/>
</kw>
<doc>Testa se a API responde corretamente e retorna um objeto JSON válido.</doc>
<tag>testeRequisicaoBasica</tag>
<status status="PASS" start="2024-03-28T13:15:03.046084" elapsed="0.086401"/>
</test>
<test id="s1-s1-t3" name="Validar estrutura de resposta" line="22">
<kw name="Teste de Estrutura de Resposta" owner="random-user-service">
<kw name="GET On Session" owner="RequestsLibrary">
<msg time="2024-03-28T13:15:03.252418" level="INFO">GET Request : url=https://randomuser.me/api 
 path_url=/api 
 headers={'User-Agent': 'python-requests/2.31.0', 'Accept-Encoding': 'gzip, deflate', 'Accept': '*/*', 'Connection': 'keep-alive'} 
 body=None 
 </msg>
<msg time="2024-03-28T13:15:03.252526" level="INFO">GET Response : url=https://randomuser.me/api 
 status=200, reason=OK 
 headers={'Date': 'Thu, 28 Mar 2024 13:15:03 GMT', 'Content-Type': 'application/json; charset=utf-8', 'Transfer-Encoding': 'chunked', 'Connection': 'keep-alive', 'X-Powered-By': 'Express', 'Access-Control-Allow-Origin': '*', 'Cache-Control': 'no-cache', 'ETag': 'W/"496-oPZtY+lTfdNpqZ9Bj8h+1UOL13A"', 'Vary': 'Accept-Encoding', 'Content-Encoding': 'gzip', 'CF-Cache-Status': 'DYNAMIC', 'Report-To': '{"endpoints":[{"url":"https:\\/\\/a.nel.cloudflare.com\\/report\\/v4?s=uNzP1mQiv5krY7jU%2FzvRrJv4FXWD1%2BvtWgRa9KbyuQvC7B8Pq6PxHAhc9a6FEiQLa%2FezN6O4u0KE%2FXJ%2BEzAcDmmKVoHbUFlbG9f6rKigHfvM7nCTEKgT5UlBn1Q%2Bu7RW"}],"group":"cf-nel","max_age":604800}', 'NEL': '{"success_fraction":0,"report_to":"cf-nel","max_age":604800}', 'Server': 'cloudflare', 'CF-RAY': '86b7e3009a292327-ORD', 'alt-svc': 'h3=":443"; ma=86400'} 
 body={"results":[{"gender":"male","name":{"title":"Mr","first":"Kalenik","last":"Zalishchuk"},"location":{"street":{"number":984,"name":"Varvari Maslyuchenko"},"city":"Slavuta","state":"Mikolayivska","country":"Ukraine","postcode":36326,"coordinates":{"latitude":"79.8193","longitude":"-58.6016"},"timezone":{"offset":"+8:00","description":"Beijing, Perth, Singapore, Hong Kong"}},"email":"kalenik.zalishchuk@example.com","login":{"uuid":"75d18c84-7f9c-4576-a690-8fe74b0b2bcb","username":"organicbird598","password":"hate","salt":"C7IUuByx","md5":"74315a4b650494e89bab7ce797055649","sha1":"e2dc86f26258d024127a600aca6713578ce463d0","sha256":"19e8ed28946f3de5bd0d3cf94156329204ac6c3681f7194f7642a1ba273d17e8"},"dob":{"date":"2001-05-01T20:02:44.035Z","age":22},"registered":{"date":"2020-02-09T23:56:52.125Z","age":4},"phone":"(068) R07-1787","cell":"(097) V85-6609","id":{"name":"","value":null},"picture":{"large":"https://randomuser.me/api/portraits/men/44.jpg","medium":"https://randomuser.me/api/portraits/med/men/44.jpg","thumbnail":"https://randomuser.me/api/portraits/thumb/men/44.jpg"},"nat":"UA"}],"info":{"seed":"aff004f2aed7cec5","results":1,"page":1,"version":"1.4"}} 
 </msg>
<msg time="2024-03-28T13:15:03.252676" level="INFO">/opt/hostedtoolcache/Python/3.12.2/x64/lib/python3.12/site-packages/urllib3/connectionpool.py:1103: InsecureRequestWarning: Unverified HTTPS request is being made to host 'randomuser.me'. Adding certificate verification is strongly advised. See: https://urllib3.readthedocs.io/en/latest/advanced-usage.html#tls-warnings
  warnings.warn(</msg>
<msg time="2024-03-28T13:15:03.252853" level="INFO">${response} = &lt;Response [200]&gt;</msg>
<var>${response}</var>
<arg>consultarAPI</arg>
<arg>/api</arg>
<doc>Sends a GET request on a previously created HTTP Session.</doc>
<status status="PASS" start="2024-03-28T13:15:03.135265" elapsed="0.117636"/>
</kw>
<kw name="Set Variable" owner="BuiltIn">
<msg time="2024-03-28T13:15:03.253990" level="INFO">${json_data} = {'results': [{'gender': 'male', 'name': {'title': 'Mr', 'first': 'Kalenik', 'last': 'Zalishchuk'}, 'location': {'street': {'number': 984, 'name': 'Varvari Maslyuchenko'}, 'city': 'Slavuta', 'state': '...</msg>
<var>${json_data}</var>
<arg>${response.json()}</arg>
<doc>Returns the given values which can then be assigned to a variables.</doc>
<status status="PASS" start="2024-03-28T13:15:03.253420" elapsed="0.000600"/>
</kw>
<kw name="Log" owner="BuiltIn">
<msg time="2024-03-28T13:15:03.254602" level="INFO">{'results': [{'gender': 'male', 'name': {'title': 'Mr', 'first': 'Kalenik', 'last': 'Zalishchuk'}, 'location': {'street': {'number': 984, 'name': 'Varvari Maslyuchenko'}, 'city': 'Slavuta', 'state': 'Mikolayivska', 'country': 'Ukraine', 'postcode': 36326, 'coordinates': {'latitude': '79.8193', 'longitude': '-58.6016'}, 'timezone': {'offset': '+8:00', 'description': 'Beijing, Perth, Singapore, Hong Kong'}}, 'email': 'kalenik.zalishchuk@example.com', 'login': {'uuid': '75d18c84-7f9c-4576-a690-8fe74b0b2bcb', 'username': 'organicbird598', 'password': 'hate', 'salt': 'C7IUuByx', 'md5': '74315a4b650494e89bab7ce797055649', 'sha1': 'e2dc86f26258d024127a600aca6713578ce463d0', 'sha256': '19e8ed28946f3de5bd0d3cf94156329204ac6c3681f7194f7642a1ba273d17e8'}, 'dob': {'date': '2001-05-01T20:02:44.035Z', 'age': 22}, 'registered': {'date': '2020-02-09T23:56:52.125Z', 'age': 4}, 'phone': '(068) R07-1787', 'cell': '(097) V85-6609', 'id': {'name': '', 'value': None}, 'picture': {'large': 'https://randomuser.me/api/portraits/men/44.jpg', 'medium': 'https://randomuser.me/api/portraits/med/men/44.jpg', 'thumbnail': 'https://randomuser.me/api/portraits/thumb/men/44.jpg'}, 'nat': 'UA'}], 'info': {'seed': 'aff004f2aed7cec5', 'results': 1, 'page': 1, 'version': '1.4'}}</msg>
<arg>${json_data}</arg>
<doc>Logs the given message with the given level.</doc>
<status status="PASS" start="2024-03-28T13:15:03.254415" elapsed="0.000238"/>
</kw>
<kw name="Dictionary Should Contain Key" owner="Collections">
<msg time="2024-03-28T13:15:03.255162" level="INFO">False</msg>
<arg>${json_data}</arg>
<arg>results</arg>
<doc>Fails if ``key`` is not found from ``dictionary``.</doc>
<status status="PASS" start="2024-03-28T13:15:03.254987" elapsed="0.000213"/>
</kw>
<kw name="Should Not Be Empty" owner="BuiltIn">
<msg time="2024-03-28T13:15:03.255657" level="INFO">Length is 2.</msg>
<arg>${json_data}</arg>
<doc>Verifies that the given item is not empty.</doc>
<status status="PASS" start="2024-03-28T13:15:03.255517" elapsed="0.000180"/>
</kw>
<kw name="Create List" owner="BuiltIn">
<msg time="2024-03-28T13:15:03.256169" level="INFO">${expected_keys} = ['gender', 'name', 'location', 'email', 'login']</msg>
<var>${expected_keys}</var>
<arg>gender</arg>
<arg>name</arg>
<arg>location</arg>
<arg>email</arg>
<arg>login</arg>
<doc>Returns a list containing given items.</doc>
<status status="PASS" start="2024-03-28T13:15:03.256004" elapsed="0.000191"/>
</kw>
<for flavor="IN">
<iter>
<kw name="Dictionary Should Contain Key" owner="Collections">
<msg time="2024-03-28T13:15:03.257302" level="INFO">False</msg>
<arg>${json_data['results'][0]}</arg>
<arg>${key}</arg>
<doc>Fails if ``key`` is not found from ``dictionary``.</doc>
<status status="PASS" start="2024-03-28T13:15:03.256854" elapsed="0.000489"/>
</kw>
<kw name="Log" owner="BuiltIn">
<msg time="2024-03-28T13:15:03.258043" level="INFO">{'gender': 'male', 'name': {'title': 'Mr', 'first': 'Kalenik', 'last': 'Zalishchuk'}, 'location': {'street': {'number': 984, 'name': 'Varvari Maslyuchenko'}, 'city': 'Slavuta', 'state': 'Mikolayivska', 'country': 'Ukraine', 'postcode': 36326, 'coordinates': {'latitude': '79.8193', 'longitude': '-58.6016'}, 'timezone': {'offset': '+8:00', 'description': 'Beijing, Perth, Singapore, Hong Kong'}}, 'email': 'kalenik.zalishchuk@example.com', 'login': {'uuid': '75d18c84-7f9c-4576-a690-8fe74b0b2bcb', 'username': 'organicbird598', 'password': 'hate', 'salt': 'C7IUuByx', 'md5': '74315a4b650494e89bab7ce797055649', 'sha1': 'e2dc86f26258d024127a600aca6713578ce463d0', 'sha256': '19e8ed28946f3de5bd0d3cf94156329204ac6c3681f7194f7642a1ba273d17e8'}, 'dob': {'date': '2001-05-01T20:02:44.035Z', 'age': 22}, 'registered': {'date': '2020-02-09T23:56:52.125Z', 'age': 4}, 'phone': '(068) R07-1787', 'cell': '(097) V85-6609', 'id': {'name': '', 'value': None}, 'picture': {'large': 'https://randomuser.me/api/portraits/men/44.jpg', 'medium': 'https://randomuser.me/api/portraits/med/men/44.jpg', 'thumbnail': 'https://randomuser.me/api/portraits/thumb/men/44.jpg'}, 'nat': 'UA'}</msg>
<arg>${json_data['results'][0]}</arg>
<doc>Logs the given message with the given level.</doc>
<status status="PASS" start="2024-03-28T13:15:03.257659" elapsed="0.000440"/>
</kw>
<kw name="Log" owner="BuiltIn">
<msg time="2024-03-28T13:15:03.258541" level="INFO">gender</msg>
<arg>${key}</arg>
<doc>Logs the given message with the given level.</doc>
<status status="PASS" start="2024-03-28T13:15:03.258407" elapsed="0.000173"/>
</kw>
<var name="${key}">gender</var>
<status status="PASS" start="2024-03-28T13:15:03.256678" elapsed="0.002128"/>
</iter>
<iter>
<kw name="Dictionary Should Contain Key" owner="Collections">
<msg time="2024-03-28T13:15:03.259513" level="INFO">False</msg>
<arg>${json_data['results'][0]}</arg>
<arg>${key}</arg>
<doc>Fails if ``key`` is not found from ``dictionary``.</doc>
<status status="PASS" start="2024-03-28T13:15:03.259125" elapsed="0.000426"/>
</kw>
<kw name="Log" owner="BuiltIn">
<msg time="2024-03-28T13:15:03.260263" level="INFO">{'gender': 'male', 'name': {'title': 'Mr', 'first': 'Kalenik', 'last': 'Zalishchuk'}, 'location': {'street': {'number': 984, 'name': 'Varvari Maslyuchenko'}, 'city': 'Slavuta', 'state': 'Mikolayivska', 'country': 'Ukraine', 'postcode': 36326, 'coordinates': {'latitude': '79.8193', 'longitude': '-58.6016'}, 'timezone': {'offset': '+8:00', 'description': 'Beijing, Perth, Singapore, Hong Kong'}}, 'email': 'kalenik.zalishchuk@example.com', 'login': {'uuid': '75d18c84-7f9c-4576-a690-8fe74b0b2bcb', 'username': 'organicbird598', 'password': 'hate', 'salt': 'C7IUuByx', 'md5': '74315a4b650494e89bab7ce797055649', 'sha1': 'e2dc86f26258d024127a600aca6713578ce463d0', 'sha256': '19e8ed28946f3de5bd0d3cf94156329204ac6c3681f7194f7642a1ba273d17e8'}, 'dob': {'date': '2001-05-01T20:02:44.035Z', 'age': 22}, 'registered': {'date': '2020-02-09T23:56:52.125Z', 'age': 4}, 'phone': '(068) R07-1787', 'cell': '(097) V85-6609', 'id': {'name': '', 'value': None}, 'picture': {'large': 'https://randomuser.me/api/portraits/men/44.jpg', 'medium': 'https://randomuser.me/api/portraits/med/men/44.jpg', 'thumbnail': 'https://randomuser.me/api/portraits/thumb/men/44.jpg'}, 'nat': 'UA'}</msg>
<arg>${json_data['results'][0]}</arg>
<doc>Logs the given message with the given level.</doc>
<status status="PASS" start="2024-03-28T13:15:03.259894" elapsed="0.000418"/>
</kw>
<kw name="Log" owner="BuiltIn">
<msg time="2024-03-28T13:15:03.260745" level="INFO">name</msg>
<arg>${key}</arg>
<doc>Logs the given message with the given level.</doc>
<status status="PASS" start="2024-03-28T13:15:03.260615" elapsed="0.000190"/>
</kw>
<var name="${key}">name</var>
<status status="PASS" start="2024-03-28T13:15:03.259007" elapsed="0.002030"/>
</iter>
<iter>
<kw name="Dictionary Should Contain Key" owner="Collections">
<msg time="2024-03-28T13:15:03.261715" level="INFO">False</msg>
<arg>${json_data['results'][0]}</arg>
<arg>${key}</arg>
<doc>Fails if ``key`` is not found from ``dictionary``.</doc>
<status status="PASS" start="2024-03-28T13:15:03.261337" elapsed="0.000417"/>
</kw>
<kw name="Log" owner="BuiltIn">
<msg time="2024-03-28T13:15:03.262427" level="INFO">{'gender': 'male', 'name': {'title': 'Mr', 'first': 'Kalenik', 'last': 'Zalishchuk'}, 'location': {'street': {'number': 984, 'name': 'Varvari Maslyuchenko'}, 'city': 'Slavuta', 'state': 'Mikolayivska', 'country': 'Ukraine', 'postcode': 36326, 'coordinates': {'latitude': '79.8193', 'longitude': '-58.6016'}, 'timezone': {'offset': '+8:00', 'description': 'Beijing, Perth, Singapore, Hong Kong'}}, 'email': 'kalenik.zalishchuk@example.com', 'login': {'uuid': '75d18c84-7f9c-4576-a690-8fe74b0b2bcb', 'username': 'organicbird598', 'password': 'hate', 'salt': 'C7IUuByx', 'md5': '74315a4b650494e89bab7ce797055649', 'sha1': 'e2dc86f26258d024127a600aca6713578ce463d0', 'sha256': '19e8ed28946f3de5bd0d3cf94156329204ac6c3681f7194f7642a1ba273d17e8'}, 'dob': {'date': '2001-05-01T20:02:44.035Z', 'age': 22}, 'registered': {'date': '2020-02-09T23:56:52.125Z', 'age': 4}, 'phone': '(068) R07-1787', 'cell': '(097) V85-6609', 'id': {'name': '', 'value': None}, 'picture': {'large': 'https://randomuser.me/api/portraits/men/44.jpg', 'medium': 'https://randomuser.me/api/portraits/med/men/44.jpg', 'thumbnail': 'https://randomuser.me/api/portraits/thumb/men/44.jpg'}, 'nat': 'UA'}</msg>
<arg>${json_data['results'][0]}</arg>
<doc>Logs the given message with the given level.</doc>
<status status="PASS" start="2024-03-28T13:15:03.262062" elapsed="0.000417"/>
</kw>
<kw name="Log" owner="BuiltIn">
<msg time="2024-03-28T13:15:03.262902" level="INFO">location</msg>
<arg>${key}</arg>
<doc>Logs the given message with the given level.</doc>
<status status="PASS" start="2024-03-28T13:15:03.262774" elapsed="0.000168"/>
</kw>
<var name="${key}">location</var>
<status status="PASS" start="2024-03-28T13:15:03.261224" elapsed="0.001937"/>
</iter>
<iter>
<kw name="Dictionary Should Contain Key" owner="Collections">
<msg time="2024-03-28T13:15:03.263831" level="INFO">False</msg>
<arg>${json_data['results'][0]}</arg>
<arg>${key}</arg>
<doc>Fails if ``key`` is not found from ``dictionary``.</doc>
<status status="PASS" start="2024-03-28T13:15:03.263449" elapsed="0.000420"/>
</kw>
<kw name="Log" owner="BuiltIn">
<msg time="2024-03-28T13:15:03.264531" level="INFO">{'gender': 'male', 'name': {'title': 'Mr', 'first': 'Kalenik', 'last': 'Zalishchuk'}, 'location': {'street': {'number': 984, 'name': 'Varvari Maslyuchenko'}, 'city': 'Slavuta', 'state': 'Mikolayivska', 'country': 'Ukraine', 'postcode': 36326, 'coordinates': {'latitude': '79.8193', 'longitude': '-58.6016'}, 'timezone': {'offset': '+8:00', 'description': 'Beijing, Perth, Singapore, Hong Kong'}}, 'email': 'kalenik.zalishchuk@example.com', 'login': {'uuid': '75d18c84-7f9c-4576-a690-8fe74b0b2bcb', 'username': 'organicbird598', 'password': 'hate', 'salt': 'C7IUuByx', 'md5': '74315a4b650494e89bab7ce797055649', 'sha1': 'e2dc86f26258d024127a600aca6713578ce463d0', 'sha256': '19e8ed28946f3de5bd0d3cf94156329204ac6c3681f7194f7642a1ba273d17e8'}, 'dob': {'date': '2001-05-01T20:02:44.035Z', 'age': 22}, 'registered': {'date': '2020-02-09T23:56:52.125Z', 'age': 4}, 'phone': '(068) R07-1787', 'cell': '(097) V85-6609', 'id': {'name': '', 'value': None}, 'picture': {'large': 'https://randomuser.me/api/portraits/men/44.jpg', 'medium': 'https://randomuser.me/api/portraits/med/men/44.jpg', 'thumbnail': 'https://randomuser.me/api/portraits/thumb/men/44.jpg'}, 'nat': 'UA'}</msg>
<arg>${json_data['results'][0]}</arg>
<doc>Logs the given message with the given level.</doc>
<status status="PASS" start="2024-03-28T13:15:03.264173" elapsed="0.000406"/>
</kw>
<kw name="Log" owner="BuiltIn">
<msg time="2024-03-28T13:15:03.265060" level="INFO">email</msg>
<arg>${key}</arg>
<doc>Logs the given message with the given level.</doc>
<status status="PASS" start="2024-03-28T13:15:03.264922" elapsed="0.000177"/>
</kw>
<var name="${key}">email</var>
<status status="PASS" start="2024-03-28T13:15:03.263338" elapsed="0.001987"/>
</iter>
<iter>
<kw name="Dictionary Should Contain Key" owner="Collections">
<msg time="2024-03-28T13:15:03.266006" level="INFO">False</msg>
<arg>${json_data['results'][0]}</arg>
<arg>${key}</arg>
<doc>Fails if ``key`` is not found from ``dictionary``.</doc>
<status status="PASS" start="2024-03-28T13:15:03.265618" elapsed="0.000425"/>
</kw>
<kw name="Log" owner="BuiltIn">
<msg time="2024-03-28T13:15:03.266697" level="INFO">{'gender': 'male', 'name': {'title': 'Mr', 'first': 'Kalenik', 'last': 'Zalishchuk'}, 'location': {'street': {'number': 984, 'name': 'Varvari Maslyuchenko'}, 'city': 'Slavuta', 'state': 'Mikolayivska', 'country': 'Ukraine', 'postcode': 36326, 'coordinates': {'latitude': '79.8193', 'longitude': '-58.6016'}, 'timezone': {'offset': '+8:00', 'description': 'Beijing, Perth, Singapore, Hong Kong'}}, 'email': 'kalenik.zalishchuk@example.com', 'login': {'uuid': '75d18c84-7f9c-4576-a690-8fe74b0b2bcb', 'username': 'organicbird598', 'password': 'hate', 'salt': 'C7IUuByx', 'md5': '74315a4b650494e89bab7ce797055649', 'sha1': 'e2dc86f26258d024127a600aca6713578ce463d0', 'sha256': '19e8ed28946f3de5bd0d3cf94156329204ac6c3681f7194f7642a1ba273d17e8'}, 'dob': {'date': '2001-05-01T20:02:44.035Z', 'age': 22}, 'registered': {'date': '2020-02-09T23:56:52.125Z', 'age': 4}, 'phone': '(068) R07-1787', 'cell': '(097) V85-6609', 'id': {'name': '', 'value': None}, 'picture': {'large': 'https://randomuser.me/api/portraits/men/44.jpg', 'medium': 'https://randomuser.me/api/portraits/med/men/44.jpg', 'thumbnail': 'https://randomuser.me/api/portraits/thumb/men/44.jpg'}, 'nat': 'UA'}</msg>
<arg>${json_data['results'][0]}</arg>
<doc>Logs the given message with the given level.</doc>
<status status="PASS" start="2024-03-28T13:15:03.266335" elapsed="0.000409"/>
</kw>
<kw name="Log" owner="BuiltIn">
<msg time="2024-03-28T13:15:03.267167" level="INFO">login</msg>
<arg>${key}</arg>
<doc>Logs the given message with the given level.</doc>
<status status="PASS" start="2024-03-28T13:15:03.267038" elapsed="0.000283"/>
</kw>
<var name="${key}">login</var>
<status status="PASS" start="2024-03-28T13:15:03.265501" elapsed="0.002074"/>
</iter>
<var>${key}</var>
<value>@{expected_keys}</value>
<status status="PASS" start="2024-03-28T13:15:03.256471" elapsed="0.011255"/>
</for>
<kw name="Create List" owner="BuiltIn">
<msg time="2024-03-28T13:15:03.268076" level="INFO">${expected_keysTwo} = ['username', 'password']</msg>
<var>${expected_keysTwo}</var>
<arg>username</arg>
<arg>password</arg>
<doc>Returns a list containing given items.</doc>
<status status="PASS" start="2024-03-28T13:15:03.267936" elapsed="0.000164"/>
</kw>
<for flavor="IN">
<iter>
<kw name="Dictionary Should Contain Key" owner="Collections">
<msg time="2024-03-28T13:15:03.269026" level="INFO">False</msg>
<arg>${json_data['results'][0]['login']}</arg>
<arg>${keyTwo}</arg>
<doc>Fails if ``key`` is not found from ``dictionary``.</doc>
<status status="PASS" start="2024-03-28T13:15:03.268616" elapsed="0.000448"/>
</kw>
<kw name="Dictionary Should Contain Key" owner="Collections">
<msg time="2024-03-28T13:15:03.269745" level="INFO">False</msg>
<arg>${json_data['results'][0]['login']}</arg>
<arg>${keyTwo}</arg>
<doc>Fails if ``key`` is not found from ``dictionary``.</doc>
<status status="PASS" start="2024-03-28T13:15:03.269364" elapsed="0.000418"/>
</kw>
<kw name="Log" owner="BuiltIn">
<msg time="2024-03-28T13:15:03.270201" level="INFO">username</msg>
<arg>${keyTwo}</arg>
<doc>Logs the given message with the given level.</doc>
<status status="PASS" start="2024-03-28T13:15:03.270074" elapsed="0.000164"/>
</kw>
<var name="${keyTwo}">username</var>
<status status="PASS" start="2024-03-28T13:15:03.268503" elapsed="0.001951"/>
</iter>
<iter>
<kw name="Dictionary Should Contain Key" owner="Collections">
<msg time="2024-03-28T13:15:03.271112" level="INFO">False</msg>
<arg>${json_data['results'][0]['login']}</arg>
<arg>${keyTwo}</arg>
<doc>Fails if ``key`` is not found from ``dictionary``.</doc>
<status status="PASS" start="2024-03-28T13:15:03.270740" elapsed="0.000410"/>
</kw>
<kw name="Dictionary Should Contain Key" owner="Collections">
<msg time="2024-03-28T13:15:03.271862" level="INFO">False</msg>
<arg>${json_data['results'][0]['login']}</arg>
<arg>${keyTwo}</arg>
<doc>Fails if ``key`` is not found from ``dictionary``.</doc>
<status status="PASS" start="2024-03-28T13:15:03.271445" elapsed="0.000470"/>
</kw>
<kw name="Log" owner="BuiltIn">
<msg time="2024-03-28T13:15:03.272522" level="INFO">password</msg>
<arg>${keyTwo}</arg>
<doc>Logs the given message with the given level.</doc>
<status status="PASS" start="2024-03-28T13:15:03.272337" elapsed="0.000246"/>
</kw>
<var name="${keyTwo}">password</var>
<status status="PASS" start="2024-03-28T13:15:03.270629" elapsed="0.002241"/>
</iter>
<var>${keyTwo}</var>
<value>@{expected_keysTwo}</value>
<status status="PASS" start="2024-03-28T13:15:03.268344" elapsed="0.004660"/>
</for>
<status status="PASS" start="2024-03-28T13:15:03.135013" elapsed="0.138141"/>
</kw>
<doc>Testa a estrutura da resposta da API.</doc>
<tag>testeEstruturaResposta</tag>
<status status="PASS" start="2024-03-28T13:15:03.134365" elapsed="0.138964"/>
</test>
<test id="s1-s1-t4" name="Validar tipos de dados" line="28">
<kw name="Teste de Tipos de Dados" owner="random-user-service">
<kw name="GET On Session" owner="RequestsLibrary">
<msg time="2024-03-28T13:15:03.328845" level="INFO">GET Request : url=https://randomuser.me/api 
 path_url=/api 
 headers={'User-Agent': 'python-requests/2.31.0', 'Accept-Encoding': 'gzip, deflate', 'Accept': '*/*', 'Connection': 'keep-alive'} 
 body=None 
 </msg>
<msg time="2024-03-28T13:15:03.328946" level="INFO">GET Response : url=https://randomuser.me/api 
 status=200, reason=OK 
 headers={'Date': 'Thu, 28 Mar 2024 13:15:03 GMT', 'Content-Type': 'application/json; charset=utf-8', 'Transfer-Encoding': 'chunked', 'Connection': 'keep-alive', 'X-Powered-By': 'Express', 'Access-Control-Allow-Origin': '*', 'Cache-Control': 'no-cache', 'ETag': 'W/"476-63Z5AatvqXePQVyw7Ju6rIqhIZ8"', 'Vary': 'Accept-Encoding', 'Content-Encoding': 'gzip', 'CF-Cache-Status': 'DYNAMIC', 'Report-To': '{"endpoints":[{"url":"https:\\/\\/a.nel.cloudflare.com\\/report\\/v4?s=nYlz7%2Bq6ZqjRxJsVy1W8l7NCOYZQBNCxzXnDFM%2BjUo9zIj3EYHY3%2FN8Rm7%2BTAK7UTeWfKQ6AgRxG4wwh0%2FtnCLjAjbyq%2FmHQXespz9JFGv4bFDk3PcRMLlofzcChZEzR"}],"group":"cf-nel","max_age":604800}', 'NEL': '{"success_fraction":0,"report_to":"cf-nel","max_age":604800}', 'Server': 'cloudflare', 'CF-RAY': '86b7e3017b962327-ORD', 'alt-svc': 'h3=":443"; ma=86400'} 
 body={"results":[{"gender":"male","name":{"title":"Mr","first":"Onni","last":"Wuollet"},"location":{"street":{"number":1764,"name":"Korkeavuorenkatu"},"city":"Töysä","state":"North Karelia","country":"Finland","postcode":10222,"coordinates":{"latitude":"-23.3758","longitude":"-50.6511"},"timezone":{"offset":"+3:30","description":"Tehran"}},"email":"onni.wuollet@example.com","login":{"uuid":"bf925e50-5b7e-459e-a12e-f537fa566982","username":"bigswan948","password":"base","salt":"uTD6uK4z","md5":"06edc46fee3068cd2301c6008dff1424","sha1":"f1e58056a51a6bbcbdaa05a7fc654f9305638997","sha256":"aa6f8b4760df4d3b3fc3df77e057f5c9bfca7b363a76ef3704ca1047fe348926"},"dob":{"date":"1964-06-16T02:12:53.643Z","age":59},"registered":{"date":"2006-08-17T14:46:42.010Z","age":17},"phone":"09-633-455","cell":"041-326-36-38","id":{"name":"HETU","value":"NaNNA953undefined"},"picture":{"large":"https://randomuser.me/api/portraits/men/46.jpg","medium":"https://randomuser.me/api/portraits/med/men/46.jpg","thumbnail":"https://randomuser.me/api/portraits/thumb/men/46.jpg"},"nat":"FI"}],"info":{"seed":"4af9cae0a621f5dd","results":1,"page":1,"version":"1.4"}} 
 </msg>
<msg time="2024-03-28T13:15:03.329038" level="INFO">/opt/hostedtoolcache/Python/3.12.2/x64/lib/python3.12/site-packages/urllib3/connectionpool.py:1103: InsecureRequestWarning: Unverified HTTPS request is being made to host 'randomuser.me'. Adding certificate verification is strongly advised. See: https://urllib3.readthedocs.io/en/latest/advanced-usage.html#tls-warnings
  warnings.warn(</msg>
<msg time="2024-03-28T13:15:03.329177" level="INFO">${response} = &lt;Response [200]&gt;</msg>
<var>${response}</var>
<arg>consultarAPI</arg>
<arg>/api</arg>
<doc>Sends a GET request on a previously created HTTP Session.</doc>
<status status="PASS" start="2024-03-28T13:15:03.275861" elapsed="0.053363"/>
</kw>
<kw name="Set Variable" owner="BuiltIn">
<msg time="2024-03-28T13:15:03.330149" level="INFO">${json_data} = {'results': [{'gender': 'male', 'name': {'title': 'Mr', 'first': 'Onni', 'last': 'Wuollet'}, 'location': {'street': {'number': 1764, 'name': 'Korkeavuorenkatu'}, 'city': 'Töysä', 'state': 'North Karel...</msg>
<var>${json_data}</var>
<arg>${response.json()}</arg>
<doc>Returns the given values which can then be assigned to a variables.</doc>
<status status="PASS" start="2024-03-28T13:15:03.329668" elapsed="0.000511"/>
</kw>
<kw name="Log" owner="BuiltIn">
<msg time="2024-03-28T13:15:03.330661" level="INFO">{'results': [{'gender': 'male', 'name': {'title': 'Mr', 'first': 'Onni', 'last': 'Wuollet'}, 'location': {'street': {'number': 1764, 'name': 'Korkeavuorenkatu'}, 'city': 'Töysä', 'state': 'North Karelia', 'country': 'Finland', 'postcode': 10222, 'coordinates': {'latitude': '-23.3758', 'longitude': '-50.6511'}, 'timezone': {'offset': '+3:30', 'description': 'Tehran'}}, 'email': 'onni.wuollet@example.com', 'login': {'uuid': 'bf925e50-5b7e-459e-a12e-f537fa566982', 'username': 'bigswan948', 'password': 'base', 'salt': 'uTD6uK4z', 'md5': '06edc46fee3068cd2301c6008dff1424', 'sha1': 'f1e58056a51a6bbcbdaa05a7fc654f9305638997', 'sha256': 'aa6f8b4760df4d3b3fc3df77e057f5c9bfca7b363a76ef3704ca1047fe348926'}, 'dob': {'date': '1964-06-16T02:12:53.643Z', 'age': 59}, 'registered': {'date': '2006-08-17T14:46:42.010Z', 'age': 17}, 'phone': '09-633-455', 'cell': '041-326-36-38', 'id': {'name': 'HETU', 'value': 'NaNNA953undefined'}, 'picture': {'large': 'https://randomuser.me/api/portraits/men/46.jpg', 'medium': 'https://randomuser.me/api/portraits/med/men/46.jpg', 'thumbnail': 'https://randomuser.me/api/portraits/thumb/men/46.jpg'}, 'nat': 'FI'}], 'info': {'seed': '4af9cae0a621f5dd', 'results': 1, 'page': 1, 'version': '1.4'}}</msg>
<arg>${json_data}</arg>
<doc>Logs the given message with the given level.</doc>
<status status="PASS" start="2024-03-28T13:15:03.330497" elapsed="0.000253"/>
</kw>
<kw name="Should Be String" owner="String">
<arg>${json_data['results'][0]['gender']}</arg>
<doc>Fails if the given ``item`` is not a string.</doc>
<status status="PASS" start="2024-03-28T13:15:03.331059" elapsed="0.000368"/>
</kw>
<kw name="Should Match Regexp" owner="BuiltIn">
<arg>${json_data['results'][0]['email']}</arg>
<arg>^[a-zA-Z0-9._%+-]+@[a-zA-Z0-9.-]+\.[a-zA-Z]{2,}$</arg>
<doc>Fails if ``string`` does not match ``pattern`` as a regular expression.</doc>
<status status="PASS" start="2024-03-28T13:15:03.331634" elapsed="0.000528"/>
</kw>
<kw name="Should Match Regexp" owner="BuiltIn">
<arg>${json_data['results'][0]['dob']['date']}</arg>
<arg>\\d{4}-\\d{2}-\\d{2}T\\d{2}:\\d{2}:\\d{2}\\.\\d{3}Z</arg>
<doc>Fails if ``string`` does not match ``pattern`` as a regular expression.</doc>
<status status="PASS" start="2024-03-28T13:15:03.332364" elapsed="0.000538"/>
</kw>
<kw name="Should Match Regexp" owner="BuiltIn">
<arg>${json_data['results'][0]['registered']['date']}</arg>
<arg>\\d{4}-\\d{2}-\\d{2}T\\d{2}:\\d{2}:\\d{2}\\.\\d{3}Z</arg>
<doc>Fails if ``string`` does not match ``pattern`` as a regular expression.</doc>
<status status="PASS" start="2024-03-28T13:15:03.333104" elapsed="0.000371"/>
</kw>
<kw name="Should Match Regexp" owner="BuiltIn">
<arg>${json_data['results'][0]['picture']['large']}</arg>
<arg>^https?://.*\.(?:png|jpe?g|gif|bmp)$</arg>
<doc>Fails if ``string`` does not match ``pattern`` as a regular expression.</doc>
<status status="PASS" start="2024-03-28T13:15:03.333665" elapsed="0.000463"/>
</kw>
<kw name="Should Match Regexp" owner="BuiltIn">
<arg>${json_data['results'][0]['picture']['medium']}</arg>
<arg>^https?://.*\.(?:png|jpe?g|gif|bmp)$</arg>
<doc>Fails if ``string`` does not match ``pattern`` as a regular expression.</doc>
<status status="PASS" start="2024-03-28T13:15:03.334321" elapsed="0.000365"/>
</kw>
<kw name="Should Match Regexp" owner="BuiltIn">
<arg>${json_data['results'][0]['picture']['thumbnail']}</arg>
<arg>^https?://.*\.(?:png|jpe?g|gif|bmp)$</arg>
<doc>Fails if ``string`` does not match ``pattern`` as a regular expression.</doc>
<status status="PASS" start="2024-03-28T13:15:03.334874" elapsed="0.000347"/>
</kw>
<kw name="Log" owner="BuiltIn">
<msg time="2024-03-28T13:15:03.335731" level="INFO">{'large': 'https://randomuser.me/api/portraits/men/46.jpg', 'medium': 'https://randomuser.me/api/portraits/med/men/46.jpg', 'thumbnail': 'https://randomuser.me/api/portraits/thumb/men/46.jpg'}</msg>
<arg>${json_data['results'][0]['picture']}</arg>
<doc>Logs the given message with the given level.</doc>
<status status="PASS" start="2024-03-28T13:15:03.335404" elapsed="0.000374"/>
</kw>
<status status="PASS" start="2024-03-28T13:15:03.275629" elapsed="0.060407"/>
</kw>
<kw name="Teste de Tipos de Dados - Postcode" owner="random-user-service">
<kw name="GET On Session" owner="RequestsLibrary">
<msg time="2024-03-28T13:15:03.429920" level="INFO">GET Request : url=https://randomuser.me/api 
 path_url=/api 
 headers={'User-Agent': 'python-requests/2.31.0', 'Accept-Encoding': 'gzip, deflate', 'Accept': '*/*', 'Connection': 'keep-alive'} 
 body=None 
 </msg>
<msg time="2024-03-28T13:15:03.430023" level="INFO">GET Response : url=https://randomuser.me/api 
 status=200, reason=OK 
 headers={'Date': 'Thu, 28 Mar 2024 13:15:03 GMT', 'Content-Type': 'application/json; charset=utf-8', 'Transfer-Encoding': 'chunked', 'Connection': 'keep-alive', 'X-Powered-By': 'Express', 'Access-Control-Allow-Origin': '*', 'Cache-Control': 'no-cache', 'ETag': 'W/"480-3EPC/D/FIFaOQLKENAKFmNMFtSw"', 'Vary': 'Accept-Encoding', 'Content-Encoding': 'gzip', 'CF-Cache-Status': 'DYNAMIC', 'Report-To': '{"endpoints":[{"url":"https:\\/\\/a.nel.cloudflare.com\\/report\\/v4?s=e0HQOhDsH0QkLK8TBjOY2FjtjjKqCwIjPnD3jcA8ZU%2FJua67uqKPp3DlYqviKozzFZXg%2F%2BnBzQmZI0Yp00pyb5UFgwrae5eXMjAyiEIQfPkyz1h917XVN8OoGtD9JfjV"}],"group":"cf-nel","max_age":604800}', 'NEL': '{"success_fraction":0,"report_to":"cf-nel","max_age":604800}', 'Server': 'cloudflare', 'CF-RAY': '86b7e301dc192327-ORD', 'alt-svc': 'h3=":443"; ma=86400'} 
 body={"results":[{"gender":"male","name":{"title":"Mr","first":"Mathias","last":"Rasmussen"},"location":{"street":{"number":3919,"name":"Sundtoften"},"city":"Nørre Sundby","state":"Sjælland","country":"Denmark","postcode":53817,"coordinates":{"latitude":"-39.4271","longitude":"-171.9757"},"timezone":{"offset":"-11:00","description":"Midway Island, Samoa"}},"email":"mathias.rasmussen@example.com","login":{"uuid":"9d06c8b7-b051-4aea-a037-797799481e0c","username":"bluekoala504","password":"1369","salt":"SaweN5Oj","md5":"d821d998abf8ef34019e27aa38c4b218","sha1":"c6c3b07a079a360031b544f128c8c6a396d10e65","sha256":"2f2ece47d765e1ee6ca1754864f73964d259493a730c341e8f1f324313088bb2"},"dob":{"date":"1977-11-24T09:36:55.808Z","age":46},"registered":{"date":"2012-03-17T00:24:50.297Z","age":12},"phone":"65350907","cell":"82410167","id":{"name":"CPR","value":"241177-8694"},"picture":{"large":"https://randomuser.me/api/portraits/men/46.jpg","medium":"https://randomuser.me/api/portraits/med/men/46.jpg","thumbnail":"https://randomuser.me/api/portraits/thumb/men/46.jpg"},"nat":"DK"}],"info":{"seed":"c941c2a3ba6fb760","results":1,"page":1,"version":"1.4"}} 
 </msg>
<msg time="2024-03-28T13:15:03.430119" level="INFO">/opt/hostedtoolcache/Python/3.12.2/x64/lib/python3.12/site-packages/urllib3/connectionpool.py:1103: InsecureRequestWarning: Unverified HTTPS request is being made to host 'randomuser.me'. Adding certificate verification is strongly advised. See: https://urllib3.readthedocs.io/en/latest/advanced-usage.html#tls-warnings
  warnings.warn(</msg>
<msg time="2024-03-28T13:15:03.430266" level="INFO">${response} = &lt;Response [200]&gt;</msg>
<var>${response}</var>
<arg>consultarAPI</arg>
<arg>/api</arg>
<doc>Sends a GET request on a previously created HTTP Session.</doc>
<status status="PASS" start="2024-03-28T13:15:03.336617" elapsed="0.093693"/>
</kw>
<kw name="Set Variable" owner="BuiltIn">
<msg time="2024-03-28T13:15:03.431418" level="INFO">${json_data} = {'results': [{'gender': 'male', 'name': {'title': 'Mr', 'first': 'Mathias', 'last': 'Rasmussen'}, 'location': {'street': {'number': 3919, 'name': 'Sundtoften'}, 'city': 'Nørre Sundby', 'state': 'Sjæll...</msg>
<var>${json_data}</var>
<arg>${response.json()}</arg>
<doc>Returns the given values which can then be assigned to a variables.</doc>
<status status="PASS" start="2024-03-28T13:15:03.430886" elapsed="0.000562"/>
</kw>
<kw name="Log" owner="BuiltIn">
<msg time="2024-03-28T13:15:03.431983" level="INFO">{'results': [{'gender': 'male', 'name': {'title': 'Mr', 'first': 'Mathias', 'last': 'Rasmussen'}, 'location': {'street': {'number': 3919, 'name': 'Sundtoften'}, 'city': 'Nørre Sundby', 'state': 'Sjælland', 'country': 'Denmark', 'postcode': 53817, 'coordinates': {'latitude': '-39.4271', 'longitude': '-171.9757'}, 'timezone': {'offset': '-11:00', 'description': 'Midway Island, Samoa'}}, 'email': 'mathias.rasmussen@example.com', 'login': {'uuid': '9d06c8b7-b051-4aea-a037-797799481e0c', 'username': 'bluekoala504', 'password': '1369', 'salt': 'SaweN5Oj', 'md5': 'd821d998abf8ef34019e27aa38c4b218', 'sha1': 'c6c3b07a079a360031b544f128c8c6a396d10e65', 'sha256': '2f2ece47d765e1ee6ca1754864f73964d259493a730c341e8f1f324313088bb2'}, 'dob': {'date': '1977-11-24T09:36:55.808Z', 'age': 46}, 'registered': {'date': '2012-03-17T00:24:50.297Z', 'age': 12}, 'phone': '65350907', 'cell': '82410167', 'id': {'name': 'CPR', 'value': '241177-8694'}, 'picture': {'large': 'https://randomuser.me/api/portraits/men/46.jpg', 'medium': 'https://randomuser.me/api/portraits/med/men/46.jpg', 'thumbnail': 'https://randomuser.me/api/portraits/thumb/men/46.jpg'}, 'nat': 'DK'}], 'info': {'seed': 'c941c2a3ba6fb760', 'results': 1, 'page': 1, 'version': '1.4'}}</msg>
<arg>${json_data}</arg>
<doc>Logs the given message with the given level.</doc>
<status status="PASS" start="2024-03-28T13:15:03.431810" elapsed="0.000259"/>
</kw>
<kw name="Should Be Equal As Numbers" owner="BuiltIn">
<arg>${json_data['results'][0]['location']['postcode']}</arg>
<arg>${json_data['results'][0]['location']['postcode']}</arg>
<doc>Fails if objects are unequal after converting them to real numbers.</doc>
<status status="PASS" start="2024-03-28T13:15:03.432390" elapsed="0.000706"/>
</kw>
<kw name="Log" owner="BuiltIn">
<msg time="2024-03-28T13:15:03.433641" level="INFO">53817</msg>
<arg>${json_data['results'][0]['location']['postcode']}</arg>
<doc>Logs the given message with the given level.</doc>
<status status="PASS" start="2024-03-28T13:15:03.433296" elapsed="0.000387"/>
</kw>
<status status="PASS" start="2024-03-28T13:15:03.336258" elapsed="0.097692"/>
</kw>
<doc>Testa se os tipos de dados na resposta da API estão corretos.</doc>
<tag>testeTiposDados</tag>
<status status="PASS" start="2024-03-28T13:15:03.275159" elapsed="0.158967"/>
</test>
<test id="s1-s1-t5" name="Validar conteudo" line="35">
<kw name="Teste de Tipos de Conteudo" owner="random-user-service">
<kw name="GET On Session" owner="RequestsLibrary">
<msg time="2024-03-28T13:15:03.534987" level="INFO">GET Request : url=https://randomuser.me/api 
 path_url=/api 
 headers={'User-Agent': 'python-requests/2.31.0', 'Accept-Encoding': 'gzip, deflate', 'Accept': '*/*', 'Connection': 'keep-alive'} 
 body=None 
 </msg>
<msg time="2024-03-28T13:15:03.535093" level="INFO">GET Response : url=https://randomuser.me/api 
 status=200, reason=OK 
 headers={'Date': 'Thu, 28 Mar 2024 13:15:03 GMT', 'Content-Type': 'application/json; charset=utf-8', 'Transfer-Encoding': 'chunked', 'Connection': 'keep-alive', 'X-Powered-By': 'Express', 'Access-Control-Allow-Origin': '*', 'Cache-Control': 'no-cache', 'ETag': 'W/"47e-fb2GGFBdgkSA5FaMuyZppuZmoz8"', 'Vary': 'Accept-Encoding', 'Content-Encoding': 'gzip', 'CF-Cache-Status': 'DYNAMIC', 'Report-To': '{"endpoints":[{"url":"https:\\/\\/a.nel.cloudflare.com\\/report\\/v4?s=byN01t5%2FC1yRKQ1hcMaz5S4S5Cwebt5%2FA49BCQgvTAysBBGFRRfM4ihei1sYYrcy2Q%2FhhgbyG2MLqALeCYp%2BjW%2BgRgqr9%2BMuppaEOtIJuDcKzovxxGKMQSYEv3cBocX8"}],"group":"cf-nel","max_age":604800}', 'NEL': '{"success_fraction":0,"report_to":"cf-nel","max_age":604800}', 'Server': 'cloudflare', 'CF-RAY': '86b7e3027cf72327-ORD', 'alt-svc': 'h3=":443"; ma=86400'} 
 body={"results":[{"gender":"female","name":{"title":"Mrs","first":"Jessica","last":"Neal"},"location":{"street":{"number":6846,"name":"Manor Road"},"city":"Galway","state":"Dún Laoghaire–Rathdown","country":"Ireland","postcode":22735,"coordinates":{"latitude":"2.1544","longitude":"71.0579"},"timezone":{"offset":"-10:00","description":"Hawaii"}},"email":"jessica.neal@example.com","login":{"uuid":"7a51a664-267f-44ac-907d-f26fb0b9fdab","username":"ticklishzebra240","password":"hong","salt":"AB8rOY1c","md5":"bf64c1e7456d4e3d11a07408101e83a0","sha1":"2ea0f47d902eeee08ae5cf53d850db32e7e7ab04","sha256":"39a3411cc6586bbced995168d64902867b04ae4bdebc470f6f0c04fef7f09d9c"},"dob":{"date":"1968-01-02T22:53:24.001Z","age":56},"registered":{"date":"2021-08-11T10:33:27.103Z","age":2},"phone":"011-759-8666","cell":"081-641-1112","id":{"name":"PPS","value":"0117433T"},"picture":{"large":"https://randomuser.me/api/portraits/women/69.jpg","medium":"https://randomuser.me/api/portraits/med/women/69.jpg","thumbnail":"https://randomuser.me/api/portraits/thumb/women/69.jpg"},"nat":"IE"}],"info":{"seed":"4d83fb3af220032c","results":1,"page":1,"version":"1.4"}} 
 </msg>
<msg time="2024-03-28T13:15:03.535168" level="INFO">/opt/hostedtoolcache/Python/3.12.2/x64/lib/python3.12/site-packages/urllib3/connectionpool.py:1103: InsecureRequestWarning: Unverified HTTPS request is being made to host 'randomuser.me'. Adding certificate verification is strongly advised. See: https://urllib3.readthedocs.io/en/latest/advanced-usage.html#tls-warnings
  warnings.warn(</msg>
<msg time="2024-03-28T13:15:03.535313" level="INFO">${response} = &lt;Response [200]&gt;</msg>
<var>${response}</var>
<arg>consultarAPI</arg>
<arg>/api</arg>
<doc>Sends a GET request on a previously created HTTP Session.</doc>
<status status="PASS" start="2024-03-28T13:15:03.436712" elapsed="0.098645"/>
</kw>
<kw name="Set Variable" owner="BuiltIn">
<msg time="2024-03-28T13:15:03.536469" level="INFO">${json_data} = {'results': [{'gender': 'female', 'name': {'title': 'Mrs', 'first': 'Jessica', 'last': 'Neal'}, 'location': {'street': {'number': 6846, 'name': 'Manor Road'}, 'city': 'Galway', 'state': 'Dún Laoghaire...</msg>
<var>${json_data}</var>
<arg>${response.json()}</arg>
<doc>Returns the given values which can then be assigned to a variables.</doc>
<status status="PASS" start="2024-03-28T13:15:03.535921" elapsed="0.000578"/>
</kw>
<kw name="Set Variable" owner="BuiltIn">
<msg time="2024-03-28T13:15:03.537238" level="INFO">${name_title} = Mrs</msg>
<var>${name_title}</var>
<arg>${json_data["results"][0]["name"]["title"]}</arg>
<doc>Returns the given values which can then be assigned to a variables.</doc>
<status status="PASS" start="2024-03-28T13:15:03.536839" elapsed="0.000433"/>
</kw>
<kw name="Create List" owner="BuiltIn">
<msg time="2024-03-28T13:15:03.537728" level="INFO">${allowed_titles} = ['Mr', 'Ms', 'Miss', 'Mrs', 'Madame', 'Monsieur']</msg>
<var>${allowed_titles}</var>
<arg>Mr</arg>
<arg>Ms</arg>
<arg>Miss</arg>
<arg>Mrs</arg>
<arg>Madame</arg>
<arg>Monsieur</arg>
<doc>Returns a list containing given items.</doc>
<status status="PASS" start="2024-03-28T13:15:03.537576" elapsed="0.000176"/>
</kw>
<kw name="List Should Contain Value" owner="Collections">
<msg time="2024-03-28T13:15:03.538233" level="INFO">False</msg>
<arg>${allowed_titles}</arg>
<arg>${name_title}</arg>
<doc>Fails if the ``value`` is not found from ``list``.</doc>
<status status="PASS" start="2024-03-28T13:15:03.538059" elapsed="0.000211"/>
</kw>
<kw name="Set Variable" owner="BuiltIn">
<msg time="2024-03-28T13:15:03.538945" level="INFO">${name_country} = IE</msg>
<var>${name_country}</var>
<arg>${json_data["results"][0]["nat"]}</arg>
<doc>Returns the given values which can then be assigned to a variables.</doc>
<status status="PASS" start="2024-03-28T13:15:03.538561" elapsed="0.000409"/>
</kw>
<kw name="Create List" owner="BuiltIn">
<msg time="2024-03-28T13:15:03.539887" level="INFO">${list_country} = ['AD', 'AE', 'AF', 'AG', 'AI', 'AL', 'AM', 'AO', 'AQ', 'AR', 'AS', 'AT', 'AU', 'AW', 'AX', 'AZ', 'BA', 'BB', 'BD', 'BE', 'BF', 'BG', 'BH', 'BI', 'BJ', 'BL', 'BM', 'BN', 'BO', 'BQ', 'BR', 'BS', 'BT', '...</msg>
<var>${list_country}</var>
<arg>AD</arg>
<arg>AE</arg>
<arg>AF</arg>
<arg>AG</arg>
<arg>AI</arg>
<arg>AL</arg>
<arg>AM</arg>
<arg>AO</arg>
<arg>AQ</arg>
<arg>AR</arg>
<arg>AS</arg>
<arg>AT</arg>
<arg>AU</arg>
<arg>AW</arg>
<arg>AX</arg>
<arg>AZ</arg>
<arg>BA</arg>
<arg>BB</arg>
<arg>BD</arg>
<arg>BE</arg>
<arg>BF</arg>
<arg>BG</arg>
<arg>BH</arg>
<arg>BI</arg>
<arg>BJ</arg>
<arg>BL</arg>
<arg>BM</arg>
<arg>BN</arg>
<arg>BO</arg>
<arg>BQ</arg>
<arg>BR</arg>
<arg>BS</arg>
<arg>BT</arg>
<arg>BV</arg>
<arg>BW</arg>
<arg>BY</arg>
<arg>BZ</arg>
<arg>CA</arg>
<arg>CC</arg>
<arg>CD</arg>
<arg>CF</arg>
<arg>CG</arg>
<arg>CH</arg>
<arg>CI</arg>
<arg>CK</arg>
<arg>CL</arg>
<arg>CM</arg>
<arg>CN</arg>
<arg>CO</arg>
<arg>CR</arg>
<arg>CU</arg>
<arg>CV</arg>
<arg>CW</arg>
<arg>CX</arg>
<arg>CY</arg>
<arg>CZ</arg>
<arg>DE</arg>
<arg>DJ</arg>
<arg>DK</arg>
<arg>DM</arg>
<arg>DO</arg>
<arg>DZ</arg>
<arg>EC</arg>
<arg>EE</arg>
<arg>EG</arg>
<arg>EH</arg>
<arg>ER</arg>
<arg>ES</arg>
<arg>ET</arg>
<arg>FI</arg>
<arg>FJ</arg>
<arg>FK</arg>
<arg>FM</arg>
<arg>FO</arg>
<arg>FR</arg>
<arg>GA</arg>
<arg>GB</arg>
<arg>GD</arg>
<arg>GE</arg>
<arg>GF</arg>
<arg>GG</arg>
<arg>GH</arg>
<arg>GI</arg>
<arg>GL</arg>
<arg>GM</arg>
<arg>GN</arg>
<arg>GP</arg>
<arg>GQ</arg>
<arg>GR</arg>
<arg>GS</arg>
<arg>GT</arg>
<arg>GU</arg>
<arg>GW</arg>
<arg>GY</arg>
<arg>HK</arg>
<arg>HM</arg>
<arg>HN</arg>
<arg>HR</arg>
<arg>HT</arg>
<arg>HU</arg>
<arg>ID</arg>
<arg>IE</arg>
<arg>IL</arg>
<arg>IM</arg>
<arg>IN</arg>
<arg>IO</arg>
<arg>IQ</arg>
<arg>IR</arg>
<arg>IS</arg>
<arg>IT</arg>
<arg>JE</arg>
<arg>JM</arg>
<arg>JO</arg>
<arg>JP</arg>
<arg>KE</arg>
<arg>KG</arg>
<arg>KH</arg>
<arg>KI</arg>
<arg>KM</arg>
<arg>KN</arg>
<arg>KP</arg>
<arg>KR</arg>
<arg>KW</arg>
<arg>KY</arg>
<arg>KZ</arg>
<arg>LA</arg>
<arg>LB</arg>
<arg>LC</arg>
<arg>LI</arg>
<arg>LK</arg>
<arg>LR</arg>
<arg>LS</arg>
<arg>LT</arg>
<arg>LU</arg>
<arg>LV</arg>
<arg>LY</arg>
<arg>MA</arg>
<arg>MC</arg>
<arg>MD</arg>
<arg>ME</arg>
<arg>MF</arg>
<arg>MG</arg>
<arg>MH</arg>
<arg>MK</arg>
<arg>ML</arg>
<arg>MM</arg>
<arg>MN</arg>
<arg>MO</arg>
<arg>MP</arg>
<arg>MQ</arg>
<arg>MR</arg>
<arg>MS</arg>
<arg>MT</arg>
<arg>MU</arg>
<arg>MV</arg>
<arg>MW</arg>
<arg>MX</arg>
<arg>MY</arg>
<arg>MZ</arg>
<arg>NA</arg>
<arg>NC</arg>
<arg>NE</arg>
<arg>NF</arg>
<arg>NG</arg>
<arg>NI</arg>
<arg>NL</arg>
<arg>NO</arg>
<arg>NP</arg>
<arg>NR</arg>
<arg>NU</arg>
<arg>NZ</arg>
<arg>OM</arg>
<arg>PA</arg>
<arg>PE</arg>
<arg>PF</arg>
<arg>PG</arg>
<arg>PH</arg>
<arg>PK</arg>
<arg>PL</arg>
<arg>PM</arg>
<arg>PN</arg>
<arg>PR</arg>
<arg>PS</arg>
<arg>PT</arg>
<arg>PW</arg>
<arg>PY</arg>
<arg>QA</arg>
<arg>RE</arg>
<arg>RO</arg>
<arg>RS</arg>
<arg>RU</arg>
<arg>RW</arg>
<arg>SA</arg>
<arg>SB</arg>
<arg>SC</arg>
<arg>SD</arg>
<arg>SE</arg>
<arg>SG</arg>
<arg>SH</arg>
<arg>SI</arg>
<arg>SJ</arg>
<arg>SK</arg>
<arg>SL</arg>
<arg>SM</arg>
<arg>SN</arg>
<arg>SO</arg>
<arg>SR</arg>
<arg>SS</arg>
<arg>ST</arg>
<arg>SV</arg>
<arg>SX</arg>
<arg>SY</arg>
<arg>SZ</arg>
<arg>TC</arg>
<arg>TD</arg>
<arg>TF</arg>
<arg>TG</arg>
<arg>TH</arg>
<arg>TJ</arg>
<arg>TK</arg>
<arg>TL</arg>
<arg>TM</arg>
<arg>TN</arg>
<arg>TO</arg>
<arg>TR</arg>
<arg>TT</arg>
<arg>TV</arg>
<arg>TW</arg>
<arg>TZ</arg>
<arg>UA</arg>
<arg>UG</arg>
<arg>UM</arg>
<arg>US</arg>
<arg>UY</arg>
<arg>UZ</arg>
<arg>VA</arg>
<arg>VC</arg>
<arg>VE</arg>
<arg>VG</arg>
<arg>VI</arg>
<arg>VN</arg>
<arg>VU</arg>
<arg>WF</arg>
<arg>WS</arg>
<arg>XK</arg>
<arg>YE</arg>
<arg>YT</arg>
<arg>ZA</arg>
<arg>ZM</arg>
<arg>ZW</arg>
<doc>Returns a list containing given items.</doc>
<status status="PASS" start="2024-03-28T13:15:03.539278" elapsed="0.000634"/>
</kw>
<kw name="List Should Contain Value" owner="Collections">
<msg time="2024-03-28T13:15:03.541104" level="INFO">False</msg>
<arg>${list_country}</arg>
<arg>${name_country}</arg>
<doc>Fails if the ``value`` is not found from ``list``.</doc>
<status status="PASS" start="2024-03-28T13:15:03.540887" elapsed="0.000254"/>
</kw>
<kw name="Run Keyword If" owner="BuiltIn">
<kw name="Should Be True" owner="BuiltIn">
<arg>${True}</arg>
<doc>Fails if the given condition is not true.</doc>
<status status="PASS" start="2024-03-28T13:15:03.542217" elapsed="0.000145"/>
</kw>
<arg>${json_data["results"][0]["location"]["coordinates"]["latitude"]} &gt;= -90 and ${json_data["results"][0]["location"]["coordinates"]["latitude"]} &lt;= 90</arg>
<arg>Should Be True</arg>
<arg>${True}</arg>
<doc>Runs the given keyword with the given arguments, if ``condition`` is true.</doc>
<status status="PASS" start="2024-03-28T13:15:03.541460" elapsed="0.001030"/>
</kw>
<kw name="Run Keyword If" owner="BuiltIn">
<kw name="Should Be True" owner="BuiltIn">
<arg>${True}</arg>
<doc>Fails if the given condition is not true.</doc>
<status status="PASS" start="2024-03-28T13:15:03.543384" elapsed="0.000141"/>
</kw>
<arg>${json_data["results"][0]["location"]["coordinates"]["longitude"]} &gt;= -180 and ${json_data["results"][0]["location"]["coordinates"]["longitude"]} &lt;= 180</arg>
<arg>Should Be True</arg>
<arg>${True}</arg>
<doc>Runs the given keyword with the given arguments, if ``condition`` is true.</doc>
<status status="PASS" start="2024-03-28T13:15:03.542677" elapsed="0.000974"/>
</kw>
<status status="PASS" start="2024-03-28T13:15:03.436475" elapsed="0.107311"/>
</kw>
<doc>Testa o conteúdo específico dos campos retornados pela API.</doc>
<tag>testeConteudo</tag>
<status status="PASS" start="2024-03-28T13:15:03.435895" elapsed="0.108046"/>
</test>
<status status="PASS" start="2024-03-28T13:15:02.695610" elapsed="0.850296"/>
</suite>
<status status="PASS" start="2024-03-28T13:15:02.681858" elapsed="0.869367"/>
</suite>
<statistics>
<total>
<stat pass="5" fail="0" skip="0">All Tests</stat>
</total>
<tag>
<stat pass="1" fail="0" skip="0">testeConteudo</stat>
<stat pass="1" fail="0" skip="0">testeEstruturaResposta</stat>
<stat pass="1" fail="0" skip="0">testeRequisicaoBasica</stat>
<stat pass="1" fail="0" skip="0">testeTiposDados</stat>
</tag>
<suite>
<stat pass="5" fail="0" skip="0" id="s1" name="Tests">Tests</stat>
<stat pass="5" fail="0" skip="0" id="s1-s1" name="Random-User-Test">Tests.Random-User-Test</stat>
</suite>
</statistics>
<errors>
</errors>
</robot>
