<?xml version="1.0" encoding="UTF-8"?>
<robot generator="Robot 7.0 (Python 3.12.3 on linux)" generated="2024-04-21T07:13:03.395126" rpa="false" schemaversion="5">
<suite id="s1" name="Tests" source="/home/runner/work/DesafioQAItauRogerioJordao/DesafioQAItauRogerioJordao/RamdonUser/tests">
<suite id="s1-s1" name="Random-User-Test" source="/home/runner/work/DesafioQAItauRogerioJordao/DesafioQAItauRogerioJordao/RamdonUser/tests/random-user-test.robot">
<test id="s1-s1-t1" name="Conectar" line="13">
<kw name="Conectar API" owner="random-user-service">
<kw name="Create Session" owner="RequestsLibrary">
<msg time="2024-04-21T07:13:04.137076" level="INFO">Creating Session using : alias=consultarAPI, url=https://randomuser.me/, headers={},                     cookies={}, auth=None, timeout=None, proxies=None, verify=False,                     debug=0 </msg>
<arg>consultarAPI</arg>
<arg>${URL}</arg>
<doc>Create Session: create a HTTP session to a server</doc>
<status status="PASS" start="2024-04-21T07:13:04.136885" elapsed="0.000355"/>
</kw>
<status status="PASS" start="2024-04-21T07:13:04.135977" elapsed="0.001606"/>
</kw>
<status status="PASS" start="2024-04-21T07:13:04.135457" elapsed="0.002340"/>
</test>
<test id="s1-s1-t2" name="Validar retorno 200 e JSON Válido" line="16">
<kw name="Teste de Requisicao Basica" owner="random-user-service">
<kw name="GET On Session" owner="RequestsLibrary">
<msg time="2024-04-21T07:13:04.320366" level="INFO">GET Request : url=https://randomuser.me/api 
 path_url=/api 
 headers={'User-Agent': 'python-requests/2.31.0', 'Accept-Encoding': 'gzip, deflate', 'Accept': '*/*', 'Connection': 'keep-alive'} 
 body=None 
 </msg>
<msg time="2024-04-21T07:13:04.320497" level="INFO">GET Response : url=https://randomuser.me/api 
 status=200, reason=OK 
 headers={'Date': 'Sun, 21 Apr 2024 07:13:04 GMT', 'Content-Type': 'application/json; charset=utf-8', 'Transfer-Encoding': 'chunked', 'Connection': 'keep-alive', 'X-Powered-By': 'Express', 'Access-Control-Allow-Origin': '*', 'Cache-Control': 'no-cache', 'ETag': 'W/"483-uLV7xtEFYWVlHi+F+Tm39zaMrPE"', 'Vary': 'Accept-Encoding', 'Content-Encoding': 'gzip', 'CF-Cache-Status': 'DYNAMIC', 'Report-To': '{"endpoints":[{"url":"https:\\/\\/a.nel.cloudflare.com\\/report\\/v4?s=NgVcpsOV1esYQnzyW8cR9M7TNnLEI86CUKGGDAddHakYivInBS5c8ajMfPn2r7SSfwerr2JTMy7zM%2FoB1ZjjSGe%2FOtxplrtXIadDso3xQwKLX09VC9Luwllp%2B0lF39Ln"}],"group":"cf-nel","max_age":604800}', 'NEL': '{"success_fraction":0,"report_to":"cf-nel","max_age":604800}', 'Server': 'cloudflare', 'CF-RAY': '877b91c1dd4b595b-IAD', 'alt-svc': 'h3=":443"; ma=86400'} 
 body={"results":[{"gender":"female","name":{"title":"Ms","first":"Lotte","last":"Øvsthus"},"location":{"street":{"number":1466,"name":"Svarttrostveien"},"city":"Torpo","state":"Vestfold","country":"Norway","postcode":"5522","coordinates":{"latitude":"43.5986","longitude":"45.1047"},"timezone":{"offset":"+4:00","description":"Abu Dhabi, Muscat, Baku, Tbilisi"}},"email":"lotte.ovsthus@example.com","login":{"uuid":"9fba2ddf-8d9b-44f2-bfe1-ee6212897c1c","username":"bigtiger903","password":"tuan","salt":"2LQq7hD0","md5":"eed84c470a084334e88dd979a08fde70","sha1":"0c20a5ba902e5d755740ce3a82b69f178f904f57","sha256":"6d39dd831a0483b8eb0405e699b823bc106644815e0d5f3799f8ea2a79a884e9"},"dob":{"date":"1967-07-19T10:30:46.424Z","age":56},"registered":{"date":"2005-11-15T11:15:54.924Z","age":18},"phone":"25647172","cell":"41409246","id":{"name":"FN","value":"19076737277"},"picture":{"large":"https://randomuser.me/api/portraits/women/10.jpg","medium":"https://randomuser.me/api/portraits/med/women/10.jpg","thumbnail":"https://randomuser.me/api/portraits/thumb/women/10.jpg"},"nat":"NO"}],"info":{"seed":"199598d80c35063b","results":1,"page":1,"version":"1.4"}} 
 </msg>
<msg time="2024-04-21T07:13:04.320573" level="INFO">/opt/hostedtoolcache/Python/3.12.3/x64/lib/python3.12/site-packages/urllib3/connectionpool.py:1103: InsecureRequestWarning: Unverified HTTPS request is being made to host 'randomuser.me'. Adding certificate verification is strongly advised. See: https://urllib3.readthedocs.io/en/latest/advanced-usage.html#tls-warnings
  warnings.warn(</msg>
<msg time="2024-04-21T07:13:04.320803" level="INFO">${response} = &lt;Response [200]&gt;</msg>
<var>${response}</var>
<arg>consultarAPI</arg>
<arg>/api</arg>
<doc>Sends a GET request on a previously created HTTP Session.</doc>
<status status="PASS" start="2024-04-21T07:13:04.140460" elapsed="0.180379"/>
</kw>
<kw name="Should Be Equal As Numbers" owner="BuiltIn">
<msg time="2024-04-21T07:13:04.321692" level="INFO">Argument types are:
&lt;class 'int'&gt;
&lt;class 'str'&gt;</msg>
<arg>${response.status_code}</arg>
<arg>200</arg>
<doc>Fails if objects are unequal after converting them to real numbers.</doc>
<status status="PASS" start="2024-04-21T07:13:04.321271" elapsed="0.000517"/>
</kw>
<kw name="Log" owner="BuiltIn">
<msg time="2024-04-21T07:13:04.322466" level="INFO">200</msg>
<arg>${response.status_code}</arg>
<doc>Logs the given message with the given level.</doc>
<status status="PASS" start="2024-04-21T07:13:04.322113" elapsed="0.000395"/>
</kw>
<kw name="Set Variable" owner="BuiltIn">
<msg time="2024-04-21T07:13:04.323246" level="INFO">${json_data} = {'results': [{'gender': 'female', 'name': {'title': 'Ms', 'first': 'Lotte', 'last': 'Øvsthus'}, 'location': {'street': {'number': 1466, 'name': 'Svarttrostveien'}, 'city': 'Torpo', 'state': 'Vestfold'...</msg>
<var>${json_data}</var>
<arg>${response.json()}</arg>
<doc>Returns the given values which can then be assigned to a variables.</doc>
<status status="PASS" start="2024-04-21T07:13:04.322809" elapsed="0.000466"/>
</kw>
<kw name="Dictionary Should Contain Key" owner="Collections">
<msg time="2024-04-21T07:13:04.323748" level="INFO">False</msg>
<arg>${json_data}</arg>
<arg>results</arg>
<doc>Fails if ``key`` is not found from ``dictionary``.</doc>
<status status="PASS" start="2024-04-21T07:13:04.323582" elapsed="0.000206"/>
</kw>
<status status="PASS" start="2024-04-21T07:13:04.140218" elapsed="0.183835"/>
</kw>
<doc>Testa se a API responde corretamente e retorna um objeto JSON válido.</doc>
<tag>testeRequisicaoBasica</tag>
<status status="PASS" start="2024-04-21T07:13:04.139661" elapsed="0.184568"/>
</test>
<test id="s1-s1-t3" name="Validar estrutura de resposta" line="22">
<kw name="Teste de Estrutura de Resposta" owner="random-user-service">
<kw name="GET On Session" owner="RequestsLibrary">
<msg time="2024-04-21T07:13:04.418663" level="INFO">GET Request : url=https://randomuser.me/api 
 path_url=/api 
 headers={'User-Agent': 'python-requests/2.31.0', 'Accept-Encoding': 'gzip, deflate', 'Accept': '*/*', 'Connection': 'keep-alive'} 
 body=None 
 </msg>
<msg time="2024-04-21T07:13:04.418731" level="INFO">GET Response : url=https://randomuser.me/api 
 status=200, reason=OK 
 headers={'Date': 'Sun, 21 Apr 2024 07:13:04 GMT', 'Content-Type': 'application/json; charset=utf-8', 'Transfer-Encoding': 'chunked', 'Connection': 'keep-alive', 'X-Powered-By': 'Express', 'Access-Control-Allow-Origin': '*', 'Cache-Control': 'no-cache', 'ETag': 'W/"494-gQrPPhg9ugMBDH2nGkZk4322WCQ"', 'Vary': 'Accept-Encoding', 'Content-Encoding': 'gzip', 'CF-Cache-Status': 'DYNAMIC', 'Report-To': '{"endpoints":[{"url":"https:\\/\\/a.nel.cloudflare.com\\/report\\/v4?s=D3kFtSw9xT1217jUTI0i9m0Yc6HWL%2FYnSAAYg7%2FpXa8sRBI53deP%2BSGYL%2FuGUv%2FcTBOCtNgkoipWrT0JUUEAwYXXZWvGp%2BkfjKvvkktb2iSITuz2wnTbq80rkjyMcUGj"}],"group":"cf-nel","max_age":604800}', 'NEL': '{"success_fraction":0,"report_to":"cf-nel","max_age":604800}', 'Server': 'cloudflare', 'CF-RAY': '877b91c20d65595b-IAD', 'alt-svc': 'h3=":443"; ma=86400'} 
 body={"results":[{"gender":"female","name":{"title":"Mrs","first":"Johanne","last":"Nielsen"},"location":{"street":{"number":7783,"name":"Faaborgvej"},"city":"København V","state":"Nordjylland","country":"Denmark","postcode":25734,"coordinates":{"latitude":"-45.7711","longitude":"3.1807"},"timezone":{"offset":"+3:00","description":"Baghdad, Riyadh, Moscow, St. Petersburg"}},"email":"johanne.nielsen@example.com","login":{"uuid":"6a88c279-2abb-44ec-bc58-27e2ea658c50","username":"lazydog527","password":"ducks","salt":"OTUq6V8U","md5":"de55da7904aa5594e037bef026fe1284","sha1":"d1a32f039f52dc62e93ddc60c278db9cad07272e","sha256":"023ac9c92ed7d5011e32a43daf69b91d037572726cc9674477c33df5060f5fb3"},"dob":{"date":"1995-02-27T15:21:43.081Z","age":29},"registered":{"date":"2005-05-05T09:52:07.154Z","age":18},"phone":"64357305","cell":"83591464","id":{"name":"CPR","value":"270295-4091"},"picture":{"large":"https://randomuser.me/api/portraits/women/85.jpg","medium":"https://randomuser.me/api/portraits/med/women/85.jpg","thumbnail":"https://randomuser.me/api/portraits/thumb/women/85.jpg"},"nat":"DK"}],"info":{"seed":"2a13224d110bcb07","results":1,"page":1,"version":"1.4"}} 
 </msg>
<msg time="2024-04-21T07:13:04.418824" level="INFO">/opt/hostedtoolcache/Python/3.12.3/x64/lib/python3.12/site-packages/urllib3/connectionpool.py:1103: InsecureRequestWarning: Unverified HTTPS request is being made to host 'randomuser.me'. Adding certificate verification is strongly advised. See: https://urllib3.readthedocs.io/en/latest/advanced-usage.html#tls-warnings
  warnings.warn(</msg>
<msg time="2024-04-21T07:13:04.418915" level="INFO">${response} = &lt;Response [200]&gt;</msg>
<var>${response}</var>
<arg>consultarAPI</arg>
<arg>/api</arg>
<doc>Sends a GET request on a previously created HTTP Session.</doc>
<status status="PASS" start="2024-04-21T07:13:04.326843" elapsed="0.092105"/>
</kw>
<kw name="Set Variable" owner="BuiltIn">
<msg time="2024-04-21T07:13:04.419797" level="INFO">${json_data} = {'results': [{'gender': 'female', 'name': {'title': 'Mrs', 'first': 'Johanne', 'last': 'Nielsen'}, 'location': {'street': {'number': 7783, 'name': 'Faaborgvej'}, 'city': 'København V', 'state': 'Nordj...</msg>
<var>${json_data}</var>
<arg>${response.json()}</arg>
<doc>Returns the given values which can then be assigned to a variables.</doc>
<status status="PASS" start="2024-04-21T07:13:04.419331" elapsed="0.000496"/>
</kw>
<kw name="Log" owner="BuiltIn">
<msg time="2024-04-21T07:13:04.420299" level="INFO">{'results': [{'gender': 'female', 'name': {'title': 'Mrs', 'first': 'Johanne', 'last': 'Nielsen'}, 'location': {'street': {'number': 7783, 'name': 'Faaborgvej'}, 'city': 'København V', 'state': 'Nordjylland', 'country': 'Denmark', 'postcode': 25734, 'coordinates': {'latitude': '-45.7711', 'longitude': '3.1807'}, 'timezone': {'offset': '+3:00', 'description': 'Baghdad, Riyadh, Moscow, St. Petersburg'}}, 'email': 'johanne.nielsen@example.com', 'login': {'uuid': '6a88c279-2abb-44ec-bc58-27e2ea658c50', 'username': 'lazydog527', 'password': 'ducks', 'salt': 'OTUq6V8U', 'md5': 'de55da7904aa5594e037bef026fe1284', 'sha1': 'd1a32f039f52dc62e93ddc60c278db9cad07272e', 'sha256': '023ac9c92ed7d5011e32a43daf69b91d037572726cc9674477c33df5060f5fb3'}, 'dob': {'date': '1995-02-27T15:21:43.081Z', 'age': 29}, 'registered': {'date': '2005-05-05T09:52:07.154Z', 'age': 18}, 'phone': '64357305', 'cell': '83591464', 'id': {'name': 'CPR', 'value': '270295-4091'}, 'picture': {'large': 'https://randomuser.me/api/portraits/women/85.jpg', 'medium': 'https://randomuser.me/api/portraits/med/women/85.jpg', 'thumbnail': 'https://randomuser.me/api/portraits/thumb/women/85.jpg'}, 'nat': 'DK'}], 'info': {'seed': '2a13224d110bcb07', 'results': 1, 'page': 1, 'version': '1.4'}}</msg>
<arg>${json_data}</arg>
<doc>Logs the given message with the given level.</doc>
<status status="PASS" start="2024-04-21T07:13:04.420138" elapsed="0.000212"/>
</kw>
<kw name="Dictionary Should Contain Key" owner="Collections">
<msg time="2024-04-21T07:13:04.420810" level="INFO">False</msg>
<arg>${json_data}</arg>
<arg>results</arg>
<doc>Fails if ``key`` is not found from ``dictionary``.</doc>
<status status="PASS" start="2024-04-21T07:13:04.420650" elapsed="0.000198"/>
</kw>
<kw name="Should Not Be Empty" owner="BuiltIn">
<msg time="2024-04-21T07:13:04.421277" level="INFO">Length is 2.</msg>
<arg>${json_data}</arg>
<doc>Verifies that the given item is not empty.</doc>
<status status="PASS" start="2024-04-21T07:13:04.421143" elapsed="0.000306"/>
</kw>
<kw name="Create List" owner="BuiltIn">
<msg time="2024-04-21T07:13:04.421952" level="INFO">${expected_keys} = ['gender', 'name', 'location', 'email', 'login']</msg>
<var>${expected_keys}</var>
<arg>gender</arg>
<arg>name</arg>
<arg>location</arg>
<arg>email</arg>
<arg>login</arg>
<doc>Returns a list containing given items.</doc>
<status status="PASS" start="2024-04-21T07:13:04.421783" elapsed="0.000194"/>
</kw>
<for flavor="IN">
<iter>
<kw name="Dictionary Should Contain Key" owner="Collections">
<msg time="2024-04-21T07:13:04.422948" level="INFO">False</msg>
<arg>${json_data['results'][0]}</arg>
<arg>${key}</arg>
<doc>Fails if ``key`` is not found from ``dictionary``.</doc>
<status status="PASS" start="2024-04-21T07:13:04.422547" elapsed="0.000439"/>
</kw>
<kw name="Log" owner="BuiltIn">
<msg time="2024-04-21T07:13:04.423670" level="INFO">{'gender': 'female', 'name': {'title': 'Mrs', 'first': 'Johanne', 'last': 'Nielsen'}, 'location': {'street': {'number': 7783, 'name': 'Faaborgvej'}, 'city': 'København V', 'state': 'Nordjylland', 'country': 'Denmark', 'postcode': 25734, 'coordinates': {'latitude': '-45.7711', 'longitude': '3.1807'}, 'timezone': {'offset': '+3:00', 'description': 'Baghdad, Riyadh, Moscow, St. Petersburg'}}, 'email': 'johanne.nielsen@example.com', 'login': {'uuid': '6a88c279-2abb-44ec-bc58-27e2ea658c50', 'username': 'lazydog527', 'password': 'ducks', 'salt': 'OTUq6V8U', 'md5': 'de55da7904aa5594e037bef026fe1284', 'sha1': 'd1a32f039f52dc62e93ddc60c278db9cad07272e', 'sha256': '023ac9c92ed7d5011e32a43daf69b91d037572726cc9674477c33df5060f5fb3'}, 'dob': {'date': '1995-02-27T15:21:43.081Z', 'age': 29}, 'registered': {'date': '2005-05-05T09:52:07.154Z', 'age': 18}, 'phone': '64357305', 'cell': '83591464', 'id': {'name': 'CPR', 'value': '270295-4091'}, 'picture': {'large': 'https://randomuser.me/api/portraits/women/85.jpg', 'medium': 'https://randomuser.me/api/portraits/med/women/85.jpg', 'thumbnail': 'https://randomuser.me/api/portraits/thumb/women/85.jpg'}, 'nat': 'DK'}</msg>
<arg>${json_data['results'][0]}</arg>
<doc>Logs the given message with the given level.</doc>
<status status="PASS" start="2024-04-21T07:13:04.423292" elapsed="0.000428"/>
</kw>
<kw name="Log" owner="BuiltIn">
<msg time="2024-04-21T07:13:04.424145" level="INFO">gender</msg>
<arg>${key}</arg>
<doc>Logs the given message with the given level.</doc>
<status status="PASS" start="2024-04-21T07:13:04.424018" elapsed="0.000165"/>
</kw>
<var name="${key}">gender</var>
<status status="PASS" start="2024-04-21T07:13:04.422420" elapsed="0.001981"/>
</iter>
<iter>
<kw name="Dictionary Should Contain Key" owner="Collections">
<msg time="2024-04-21T07:13:04.425081" level="INFO">False</msg>
<arg>${json_data['results'][0]}</arg>
<arg>${key}</arg>
<doc>Fails if ``key`` is not found from ``dictionary``.</doc>
<status status="PASS" start="2024-04-21T07:13:04.424702" elapsed="0.000417"/>
</kw>
<kw name="Log" owner="BuiltIn">
<msg time="2024-04-21T07:13:04.425832" level="INFO">{'gender': 'female', 'name': {'title': 'Mrs', 'first': 'Johanne', 'last': 'Nielsen'}, 'location': {'street': {'number': 7783, 'name': 'Faaborgvej'}, 'city': 'København V', 'state': 'Nordjylland', 'country': 'Denmark', 'postcode': 25734, 'coordinates': {'latitude': '-45.7711', 'longitude': '3.1807'}, 'timezone': {'offset': '+3:00', 'description': 'Baghdad, Riyadh, Moscow, St. Petersburg'}}, 'email': 'johanne.nielsen@example.com', 'login': {'uuid': '6a88c279-2abb-44ec-bc58-27e2ea658c50', 'username': 'lazydog527', 'password': 'ducks', 'salt': 'OTUq6V8U', 'md5': 'de55da7904aa5594e037bef026fe1284', 'sha1': 'd1a32f039f52dc62e93ddc60c278db9cad07272e', 'sha256': '023ac9c92ed7d5011e32a43daf69b91d037572726cc9674477c33df5060f5fb3'}, 'dob': {'date': '1995-02-27T15:21:43.081Z', 'age': 29}, 'registered': {'date': '2005-05-05T09:52:07.154Z', 'age': 18}, 'phone': '64357305', 'cell': '83591464', 'id': {'name': 'CPR', 'value': '270295-4091'}, 'picture': {'large': 'https://randomuser.me/api/portraits/women/85.jpg', 'medium': 'https://randomuser.me/api/portraits/med/women/85.jpg', 'thumbnail': 'https://randomuser.me/api/portraits/thumb/women/85.jpg'}, 'nat': 'DK'}</msg>
<arg>${json_data['results'][0]}</arg>
<doc>Logs the given message with the given level.</doc>
<status status="PASS" start="2024-04-21T07:13:04.425441" elapsed="0.000441"/>
</kw>
<kw name="Log" owner="BuiltIn">
<msg time="2024-04-21T07:13:04.426306" level="INFO">name</msg>
<arg>${key}</arg>
<doc>Logs the given message with the given level.</doc>
<status status="PASS" start="2024-04-21T07:13:04.426180" elapsed="0.000162"/>
</kw>
<var name="${key}">name</var>
<status status="PASS" start="2024-04-21T07:13:04.424585" elapsed="0.001971"/>
</iter>
<iter>
<kw name="Dictionary Should Contain Key" owner="Collections">
<msg time="2024-04-21T07:13:04.427235" level="INFO">False</msg>
<arg>${json_data['results'][0]}</arg>
<arg>${key}</arg>
<doc>Fails if ``key`` is not found from ``dictionary``.</doc>
<status status="PASS" start="2024-04-21T07:13:04.426848" elapsed="0.000424"/>
</kw>
<kw name="Log" owner="BuiltIn">
<msg time="2024-04-21T07:13:04.427936" level="INFO">{'gender': 'female', 'name': {'title': 'Mrs', 'first': 'Johanne', 'last': 'Nielsen'}, 'location': {'street': {'number': 7783, 'name': 'Faaborgvej'}, 'city': 'København V', 'state': 'Nordjylland', 'country': 'Denmark', 'postcode': 25734, 'coordinates': {'latitude': '-45.7711', 'longitude': '3.1807'}, 'timezone': {'offset': '+3:00', 'description': 'Baghdad, Riyadh, Moscow, St. Petersburg'}}, 'email': 'johanne.nielsen@example.com', 'login': {'uuid': '6a88c279-2abb-44ec-bc58-27e2ea658c50', 'username': 'lazydog527', 'password': 'ducks', 'salt': 'OTUq6V8U', 'md5': 'de55da7904aa5594e037bef026fe1284', 'sha1': 'd1a32f039f52dc62e93ddc60c278db9cad07272e', 'sha256': '023ac9c92ed7d5011e32a43daf69b91d037572726cc9674477c33df5060f5fb3'}, 'dob': {'date': '1995-02-27T15:21:43.081Z', 'age': 29}, 'registered': {'date': '2005-05-05T09:52:07.154Z', 'age': 18}, 'phone': '64357305', 'cell': '83591464', 'id': {'name': 'CPR', 'value': '270295-4091'}, 'picture': {'large': 'https://randomuser.me/api/portraits/women/85.jpg', 'medium': 'https://randomuser.me/api/portraits/med/women/85.jpg', 'thumbnail': 'https://randomuser.me/api/portraits/thumb/women/85.jpg'}, 'nat': 'DK'}</msg>
<arg>${json_data['results'][0]}</arg>
<doc>Logs the given message with the given level.</doc>
<status status="PASS" start="2024-04-21T07:13:04.427574" elapsed="0.000411"/>
</kw>
<kw name="Log" owner="BuiltIn">
<msg time="2024-04-21T07:13:04.428400" level="INFO">location</msg>
<arg>${key}</arg>
<doc>Logs the given message with the given level.</doc>
<status status="PASS" start="2024-04-21T07:13:04.428278" elapsed="0.000160"/>
</kw>
<var name="${key}">location</var>
<status status="PASS" start="2024-04-21T07:13:04.426735" elapsed="0.001917"/>
</iter>
<iter>
<kw name="Dictionary Should Contain Key" owner="Collections">
<msg time="2024-04-21T07:13:04.429324" level="INFO">False</msg>
<arg>${json_data['results'][0]}</arg>
<arg>${key}</arg>
<doc>Fails if ``key`` is not found from ``dictionary``.</doc>
<status status="PASS" start="2024-04-21T07:13:04.428935" elapsed="0.000427"/>
</kw>
<kw name="Log" owner="BuiltIn">
<msg time="2024-04-21T07:13:04.430051" level="INFO">{'gender': 'female', 'name': {'title': 'Mrs', 'first': 'Johanne', 'last': 'Nielsen'}, 'location': {'street': {'number': 7783, 'name': 'Faaborgvej'}, 'city': 'København V', 'state': 'Nordjylland', 'country': 'Denmark', 'postcode': 25734, 'coordinates': {'latitude': '-45.7711', 'longitude': '3.1807'}, 'timezone': {'offset': '+3:00', 'description': 'Baghdad, Riyadh, Moscow, St. Petersburg'}}, 'email': 'johanne.nielsen@example.com', 'login': {'uuid': '6a88c279-2abb-44ec-bc58-27e2ea658c50', 'username': 'lazydog527', 'password': 'ducks', 'salt': 'OTUq6V8U', 'md5': 'de55da7904aa5594e037bef026fe1284', 'sha1': 'd1a32f039f52dc62e93ddc60c278db9cad07272e', 'sha256': '023ac9c92ed7d5011e32a43daf69b91d037572726cc9674477c33df5060f5fb3'}, 'dob': {'date': '1995-02-27T15:21:43.081Z', 'age': 29}, 'registered': {'date': '2005-05-05T09:52:07.154Z', 'age': 18}, 'phone': '64357305', 'cell': '83591464', 'id': {'name': 'CPR', 'value': '270295-4091'}, 'picture': {'large': 'https://randomuser.me/api/portraits/women/85.jpg', 'medium': 'https://randomuser.me/api/portraits/med/women/85.jpg', 'thumbnail': 'https://randomuser.me/api/portraits/thumb/women/85.jpg'}, 'nat': 'DK'}</msg>
<arg>${json_data['results'][0]}</arg>
<doc>Logs the given message with the given level.</doc>
<status status="PASS" start="2024-04-21T07:13:04.429660" elapsed="0.000441"/>
</kw>
<kw name="Log" owner="BuiltIn">
<msg time="2024-04-21T07:13:04.430522" level="INFO">email</msg>
<arg>${key}</arg>
<doc>Logs the given message with the given level.</doc>
<status status="PASS" start="2024-04-21T07:13:04.430395" elapsed="0.000164"/>
</kw>
<var name="${key}">email</var>
<status status="PASS" start="2024-04-21T07:13:04.428824" elapsed="0.001947"/>
</iter>
<iter>
<kw name="Dictionary Should Contain Key" owner="Collections">
<msg time="2024-04-21T07:13:04.431448" level="INFO">False</msg>
<arg>${json_data['results'][0]}</arg>
<arg>${key}</arg>
<doc>Fails if ``key`` is not found from ``dictionary``.</doc>
<status status="PASS" start="2024-04-21T07:13:04.431054" elapsed="0.000433"/>
</kw>
<kw name="Log" owner="BuiltIn">
<msg time="2024-04-21T07:13:04.432151" level="INFO">{'gender': 'female', 'name': {'title': 'Mrs', 'first': 'Johanne', 'last': 'Nielsen'}, 'location': {'street': {'number': 7783, 'name': 'Faaborgvej'}, 'city': 'København V', 'state': 'Nordjylland', 'country': 'Denmark', 'postcode': 25734, 'coordinates': {'latitude': '-45.7711', 'longitude': '3.1807'}, 'timezone': {'offset': '+3:00', 'description': 'Baghdad, Riyadh, Moscow, St. Petersburg'}}, 'email': 'johanne.nielsen@example.com', 'login': {'uuid': '6a88c279-2abb-44ec-bc58-27e2ea658c50', 'username': 'lazydog527', 'password': 'ducks', 'salt': 'OTUq6V8U', 'md5': 'de55da7904aa5594e037bef026fe1284', 'sha1': 'd1a32f039f52dc62e93ddc60c278db9cad07272e', 'sha256': '023ac9c92ed7d5011e32a43daf69b91d037572726cc9674477c33df5060f5fb3'}, 'dob': {'date': '1995-02-27T15:21:43.081Z', 'age': 29}, 'registered': {'date': '2005-05-05T09:52:07.154Z', 'age': 18}, 'phone': '64357305', 'cell': '83591464', 'id': {'name': 'CPR', 'value': '270295-4091'}, 'picture': {'large': 'https://randomuser.me/api/portraits/women/85.jpg', 'medium': 'https://randomuser.me/api/portraits/med/women/85.jpg', 'thumbnail': 'https://randomuser.me/api/portraits/thumb/women/85.jpg'}, 'nat': 'DK'}</msg>
<arg>${json_data['results'][0]}</arg>
<doc>Logs the given message with the given level.</doc>
<status status="PASS" start="2024-04-21T07:13:04.431781" elapsed="0.000419"/>
</kw>
<kw name="Log" owner="BuiltIn">
<msg time="2024-04-21T07:13:04.432623" level="INFO">login</msg>
<arg>${key}</arg>
<doc>Logs the given message with the given level.</doc>
<status status="PASS" start="2024-04-21T07:13:04.432498" elapsed="0.000164"/>
</kw>
<var name="${key}">login</var>
<status status="PASS" start="2024-04-21T07:13:04.430944" elapsed="0.001953"/>
</iter>
<var>${key}</var>
<value>@{expected_keys}</value>
<status status="PASS" start="2024-04-21T07:13:04.422236" elapsed="0.010784"/>
</for>
<kw name="Create List" owner="BuiltIn">
<msg time="2024-04-21T07:13:04.433350" level="INFO">${expected_keysTwo} = ['username', 'password']</msg>
<var>${expected_keysTwo}</var>
<arg>username</arg>
<arg>password</arg>
<doc>Returns a list containing given items.</doc>
<status status="PASS" start="2024-04-21T07:13:04.433214" elapsed="0.000160"/>
</kw>
<for flavor="IN">
<iter>
<kw name="Dictionary Should Contain Key" owner="Collections">
<msg time="2024-04-21T07:13:04.434292" level="INFO">False</msg>
<arg>${json_data['results'][0]['login']}</arg>
<arg>${keyTwo}</arg>
<doc>Fails if ``key`` is not found from ``dictionary``.</doc>
<status status="PASS" start="2024-04-21T07:13:04.433900" elapsed="0.000430"/>
</kw>
<kw name="Dictionary Should Contain Key" owner="Collections">
<msg time="2024-04-21T07:13:04.435004" level="INFO">False</msg>
<arg>${json_data['results'][0]['login']}</arg>
<arg>${keyTwo}</arg>
<doc>Fails if ``key`` is not found from ``dictionary``.</doc>
<status status="PASS" start="2024-04-21T07:13:04.434623" elapsed="0.000417"/>
</kw>
<kw name="Log" owner="BuiltIn">
<msg time="2024-04-21T07:13:04.435457" level="INFO">username</msg>
<arg>${keyTwo}</arg>
<doc>Logs the given message with the given level.</doc>
<status status="PASS" start="2024-04-21T07:13:04.435330" elapsed="0.000170"/>
</kw>
<var name="${keyTwo}">username</var>
<status status="PASS" start="2024-04-21T07:13:04.433786" elapsed="0.001928"/>
</iter>
<iter>
<kw name="Dictionary Should Contain Key" owner="Collections">
<msg time="2024-04-21T07:13:04.436465" level="INFO">False</msg>
<arg>${json_data['results'][0]['login']}</arg>
<arg>${keyTwo}</arg>
<doc>Fails if ``key`` is not found from ``dictionary``.</doc>
<status status="PASS" start="2024-04-21T07:13:04.435995" elapsed="0.000514"/>
</kw>
<kw name="Dictionary Should Contain Key" owner="Collections">
<msg time="2024-04-21T07:13:04.437183" level="INFO">False</msg>
<arg>${json_data['results'][0]['login']}</arg>
<arg>${keyTwo}</arg>
<doc>Fails if ``key`` is not found from ``dictionary``.</doc>
<status status="PASS" start="2024-04-21T07:13:04.436804" elapsed="0.000415"/>
</kw>
<kw name="Log" owner="BuiltIn">
<msg time="2024-04-21T07:13:04.437636" level="INFO">password</msg>
<arg>${keyTwo}</arg>
<doc>Logs the given message with the given level.</doc>
<status status="PASS" start="2024-04-21T07:13:04.437509" elapsed="0.000164"/>
</kw>
<var name="${keyTwo}">password</var>
<status status="PASS" start="2024-04-21T07:13:04.435886" elapsed="0.002036"/>
</iter>
<var>${keyTwo}</var>
<value>@{expected_keysTwo}</value>
<status status="PASS" start="2024-04-21T07:13:04.433609" elapsed="0.004435"/>
</for>
<status status="PASS" start="2024-04-21T07:13:04.326611" elapsed="0.111573"/>
</kw>
<doc>Testa a estrutura da resposta da API.</doc>
<tag>testeEstruturaResposta</tag>
<status status="PASS" start="2024-04-21T07:13:04.326139" elapsed="0.112193"/>
</test>
<test id="s1-s1-t4" name="Validar tipos de dados" line="28">
<kw name="Teste de Tipos de Dados" owner="random-user-service">
<kw name="GET On Session" owner="RequestsLibrary">
<msg time="2024-04-21T07:13:04.518533" level="INFO">GET Request : url=https://randomuser.me/api 
 path_url=/api 
 headers={'User-Agent': 'python-requests/2.31.0', 'Accept-Encoding': 'gzip, deflate', 'Accept': '*/*', 'Connection': 'keep-alive'} 
 body=None 
 </msg>
<msg time="2024-04-21T07:13:04.518617" level="INFO">GET Response : url=https://randomuser.me/api 
 status=200, reason=OK 
 headers={'Date': 'Sun, 21 Apr 2024 07:13:04 GMT', 'Content-Type': 'application/json; charset=utf-8', 'Transfer-Encoding': 'chunked', 'Connection': 'keep-alive', 'X-Powered-By': 'Express', 'Access-Control-Allow-Origin': '*', 'Cache-Control': 'no-cache', 'ETag': 'W/"49a-u4C+Ze+qqvaj1c3H3La4XD+r/q8"', 'Vary': 'Accept-Encoding', 'Content-Encoding': 'gzip', 'CF-Cache-Status': 'DYNAMIC', 'Report-To': '{"endpoints":[{"url":"https:\\/\\/a.nel.cloudflare.com\\/report\\/v4?s=0OEb8wEdyGEitxXeb8fJd2fSEd7UeeNarSiAr9UkNCybqXTbuHUhZyQhWC927tc0%2FD0Y42TlMXqj%2FP6Y4okE6lrxU3MGsu0hqNNu0zbY5N6NzrogHz1%2F7QEwg0YLdalG"}],"group":"cf-nel","max_age":604800}', 'NEL': '{"success_fraction":0,"report_to":"cf-nel","max_age":604800}', 'Server': 'cloudflare', 'CF-RAY': '877b91c2cdc2595b-IAD', 'alt-svc': 'h3=":443"; ma=86400'} 
 body={"results":[{"gender":"male","name":{"title":"Mr","first":"Jayden","last":"Burton"},"location":{"street":{"number":2121,"name":"Dane St"},"city":"Chesapeake","state":"Montana","country":"United States","postcode":10947,"coordinates":{"latitude":"86.3320","longitude":"-73.3057"},"timezone":{"offset":"0:00","description":"Western Europe Time, London, Lisbon, Casablanca"}},"email":"jayden.burton@example.com","login":{"uuid":"71732280-476a-4a83-8ce5-6c27527d8027","username":"tinygoose481","password":"shang","salt":"qEAONGna","md5":"7ab7af7ccdf2b6980593d0ca54031e09","sha1":"12001a680b56dea61618568d9b50d0d5947b7550","sha256":"9ac9f9f2847bc006f5c6e033eb6a0657d87fcbe9d3cccbe27216f72272684ef2"},"dob":{"date":"1988-04-05T01:29:40.312Z","age":36},"registered":{"date":"2005-03-03T07:48:46.398Z","age":19},"phone":"(414) 850-1481","cell":"(722) 463-3818","id":{"name":"SSN","value":"231-43-6738"},"picture":{"large":"https://randomuser.me/api/portraits/men/48.jpg","medium":"https://randomuser.me/api/portraits/med/men/48.jpg","thumbnail":"https://randomuser.me/api/portraits/thumb/men/48.jpg"},"nat":"US"}],"info":{"seed":"c64c3bcdb52ac51e","results":1,"page":1,"version":"1.4"}} 
 </msg>
<msg time="2024-04-21T07:13:04.518686" level="INFO">/opt/hostedtoolcache/Python/3.12.3/x64/lib/python3.12/site-packages/urllib3/connectionpool.py:1103: InsecureRequestWarning: Unverified HTTPS request is being made to host 'randomuser.me'. Adding certificate verification is strongly advised. See: https://urllib3.readthedocs.io/en/latest/advanced-usage.html#tls-warnings
  warnings.warn(</msg>
<msg time="2024-04-21T07:13:04.518767" level="INFO">${response} = &lt;Response [200]&gt;</msg>
<var>${response}</var>
<arg>consultarAPI</arg>
<arg>/api</arg>
<doc>Sends a GET request on a previously created HTTP Session.</doc>
<status status="PASS" start="2024-04-21T07:13:04.440709" elapsed="0.078086"/>
</kw>
<kw name="Set Variable" owner="BuiltIn">
<msg time="2024-04-21T07:13:04.519682" level="INFO">${json_data} = {'results': [{'gender': 'male', 'name': {'title': 'Mr', 'first': 'Jayden', 'last': 'Burton'}, 'location': {'street': {'number': 2121, 'name': 'Dane St'}, 'city': 'Chesapeake', 'state': 'Montana', 'cou...</msg>
<var>${json_data}</var>
<arg>${response.json()}</arg>
<doc>Returns the given values which can then be assigned to a variables.</doc>
<status status="PASS" start="2024-04-21T07:13:04.519238" elapsed="0.000472"/>
</kw>
<kw name="Log" owner="BuiltIn">
<msg time="2024-04-21T07:13:04.520161" level="INFO">{'results': [{'gender': 'male', 'name': {'title': 'Mr', 'first': 'Jayden', 'last': 'Burton'}, 'location': {'street': {'number': 2121, 'name': 'Dane St'}, 'city': 'Chesapeake', 'state': 'Montana', 'country': 'United States', 'postcode': 10947, 'coordinates': {'latitude': '86.3320', 'longitude': '-73.3057'}, 'timezone': {'offset': '0:00', 'description': 'Western Europe Time, London, Lisbon, Casablanca'}}, 'email': 'jayden.burton@example.com', 'login': {'uuid': '71732280-476a-4a83-8ce5-6c27527d8027', 'username': 'tinygoose481', 'password': 'shang', 'salt': 'qEAONGna', 'md5': '7ab7af7ccdf2b6980593d0ca54031e09', 'sha1': '12001a680b56dea61618568d9b50d0d5947b7550', 'sha256': '9ac9f9f2847bc006f5c6e033eb6a0657d87fcbe9d3cccbe27216f72272684ef2'}, 'dob': {'date': '1988-04-05T01:29:40.312Z', 'age': 36}, 'registered': {'date': '2005-03-03T07:48:46.398Z', 'age': 19}, 'phone': '(414) 850-1481', 'cell': '(722) 463-3818', 'id': {'name': 'SSN', 'value': '231-43-6738'}, 'picture': {'large': 'https://randomuser.me/api/portraits/men/48.jpg', 'medium': 'https://randomuser.me/api/portraits/med/men/48.jpg', 'thumbnail': 'https://randomuser.me/api/portraits/thumb/men/48.jpg'}, 'nat': 'US'}], 'info': {'seed': 'c64c3bcdb52ac51e', 'results': 1, 'page': 1, 'version': '1.4'}}</msg>
<arg>${json_data}</arg>
<doc>Logs the given message with the given level.</doc>
<status status="PASS" start="2024-04-21T07:13:04.520011" elapsed="0.000227"/>
</kw>
<kw name="Should Be String" owner="String">
<arg>${json_data['results'][0]['gender']}</arg>
<doc>Fails if the given ``item`` is not a string.</doc>
<status status="PASS" start="2024-04-21T07:13:04.520533" elapsed="0.000357"/>
</kw>
<kw name="Should Match Regexp" owner="BuiltIn">
<arg>${json_data['results'][0]['email']}</arg>
<arg>^[a-zA-Z0-9._%+-]+@[a-zA-Z0-9.-]+\.[a-zA-Z]{2,}$</arg>
<doc>Fails if ``string`` does not match ``pattern`` as a regular expression.</doc>
<status status="PASS" start="2024-04-21T07:13:04.521081" elapsed="0.000502"/>
</kw>
<kw name="Should Match Regexp" owner="BuiltIn">
<arg>${json_data['results'][0]['dob']['date']}</arg>
<arg>\\d{4}-\\d{2}-\\d{2}T\\d{2}:\\d{2}:\\d{2}\\.\\d{3}Z</arg>
<doc>Fails if ``string`` does not match ``pattern`` as a regular expression.</doc>
<status status="PASS" start="2024-04-21T07:13:04.521823" elapsed="0.000488"/>
</kw>
<kw name="Should Match Regexp" owner="BuiltIn">
<arg>${json_data['results'][0]['registered']['date']}</arg>
<arg>\\d{4}-\\d{2}-\\d{2}T\\d{2}:\\d{2}:\\d{2}\\.\\d{3}Z</arg>
<doc>Fails if ``string`` does not match ``pattern`` as a regular expression.</doc>
<status status="PASS" start="2024-04-21T07:13:04.522501" elapsed="0.000375"/>
</kw>
<kw name="Should Match Regexp" owner="BuiltIn">
<arg>${json_data['results'][0]['picture']['large']}</arg>
<arg>^https?://.*\.(?:png|jpe?g|gif|bmp)$</arg>
<doc>Fails if ``string`` does not match ``pattern`` as a regular expression.</doc>
<status status="PASS" start="2024-04-21T07:13:04.523063" elapsed="0.000466"/>
</kw>
<kw name="Should Match Regexp" owner="BuiltIn">
<arg>${json_data['results'][0]['picture']['medium']}</arg>
<arg>^https?://.*\.(?:png|jpe?g|gif|bmp)$</arg>
<doc>Fails if ``string`` does not match ``pattern`` as a regular expression.</doc>
<status status="PASS" start="2024-04-21T07:13:04.523718" elapsed="0.000363"/>
</kw>
<kw name="Should Match Regexp" owner="BuiltIn">
<arg>${json_data['results'][0]['picture']['thumbnail']}</arg>
<arg>^https?://.*\.(?:png|jpe?g|gif|bmp)$</arg>
<doc>Fails if ``string`` does not match ``pattern`` as a regular expression.</doc>
<status status="PASS" start="2024-04-21T07:13:04.524272" elapsed="0.000345"/>
</kw>
<kw name="Log" owner="BuiltIn">
<msg time="2024-04-21T07:13:04.525118" level="INFO">{'large': 'https://randomuser.me/api/portraits/men/48.jpg', 'medium': 'https://randomuser.me/api/portraits/med/men/48.jpg', 'thumbnail': 'https://randomuser.me/api/portraits/thumb/men/48.jpg'}</msg>
<arg>${json_data['results'][0]['picture']}</arg>
<doc>Logs the given message with the given level.</doc>
<status status="PASS" start="2024-04-21T07:13:04.524795" elapsed="0.000364"/>
</kw>
<status status="PASS" start="2024-04-21T07:13:04.440488" elapsed="0.084920"/>
</kw>
<kw name="Teste de Tipos de Dados - Postcode" owner="random-user-service">
<kw name="GET On Session" owner="RequestsLibrary">
<msg time="2024-04-21T07:13:04.617923" level="INFO">GET Request : url=https://randomuser.me/api 
 path_url=/api 
 headers={'User-Agent': 'python-requests/2.31.0', 'Accept-Encoding': 'gzip, deflate', 'Accept': '*/*', 'Connection': 'keep-alive'} 
 body=None 
 </msg>
<msg time="2024-04-21T07:13:04.617984" level="INFO">GET Response : url=https://randomuser.me/api 
 status=200, reason=OK 
 headers={'Date': 'Sun, 21 Apr 2024 07:13:04 GMT', 'Content-Type': 'application/json; charset=utf-8', 'Transfer-Encoding': 'chunked', 'Connection': 'keep-alive', 'X-Powered-By': 'Express', 'Access-Control-Allow-Origin': '*', 'Cache-Control': 'no-cache', 'ETag': 'W/"482-L/y6L7v9w79pH1AOdbRFLfo7yYs"', 'Vary': 'Accept-Encoding', 'Content-Encoding': 'gzip', 'CF-Cache-Status': 'DYNAMIC', 'Report-To': '{"endpoints":[{"url":"https:\\/\\/a.nel.cloudflare.com\\/report\\/v4?s=DXrA8%2F5%2FBQq3i1PftemEnQ3y0X%2BidGZryfAiOaQrW2wwGqpHFpXxXyqa3mpnVJT2zz4GWjLc8o%2Bw6WApe8NkPpCp%2Fb03neiXKoaNd0plzLQYQQc4lmyId6vtqwG2X0BR"}],"group":"cf-nel","max_age":604800}', 'NEL': '{"success_fraction":0,"report_to":"cf-nel","max_age":604800}', 'Server': 'cloudflare', 'CF-RAY': '877b91c34e05595b-IAD', 'alt-svc': 'h3=":443"; ma=86400'} 
 body={"results":[{"gender":"female","name":{"title":"Mrs","first":"Adela","last":"Kleiveland"},"location":{"street":{"number":4439,"name":"Bekkefaret"},"city":"Momoen","state":"Telemark","country":"Norway","postcode":"0375","coordinates":{"latitude":"41.8022","longitude":"166.0624"},"timezone":{"offset":"-1:00","description":"Azores, Cape Verde Islands"}},"email":"adela.kleiveland@example.com","login":{"uuid":"0696708c-fc1b-484c-831e-af5ed1950039","username":"tinymouse970","password":"barbie","salt":"VgTGqVqp","md5":"bf2f10ff2efd61fb7da8f4e8766a4ea6","sha1":"7d13604b12d479133dfc085d7edc1abe73277962","sha256":"949ec746dab09ce3b1c846809a015616b9fb3542848b19cf4e22edff8e2f35f8"},"dob":{"date":"1965-06-21T13:15:53.548Z","age":58},"registered":{"date":"2021-02-02T14:12:30.584Z","age":3},"phone":"25300260","cell":"92016378","id":{"name":"FN","value":"21066545447"},"picture":{"large":"https://randomuser.me/api/portraits/women/80.jpg","medium":"https://randomuser.me/api/portraits/med/women/80.jpg","thumbnail":"https://randomuser.me/api/portraits/thumb/women/80.jpg"},"nat":"NO"}],"info":{"seed":"fe4e378a485f6d9e","results":1,"page":1,"version":"1.4"}} 
 </msg>
<msg time="2024-04-21T07:13:04.618038" level="INFO">/opt/hostedtoolcache/Python/3.12.3/x64/lib/python3.12/site-packages/urllib3/connectionpool.py:1103: InsecureRequestWarning: Unverified HTTPS request is being made to host 'randomuser.me'. Adding certificate verification is strongly advised. See: https://urllib3.readthedocs.io/en/latest/advanced-usage.html#tls-warnings
  warnings.warn(</msg>
<msg time="2024-04-21T07:13:04.618119" level="INFO">${response} = &lt;Response [200]&gt;</msg>
<var>${response}</var>
<arg>consultarAPI</arg>
<arg>/api</arg>
<doc>Sends a GET request on a previously created HTTP Session.</doc>
<status status="PASS" start="2024-04-21T07:13:04.525876" elapsed="0.092266"/>
</kw>
<kw name="Set Variable" owner="BuiltIn">
<msg time="2024-04-21T07:13:04.618975" level="INFO">${json_data} = {'results': [{'gender': 'female', 'name': {'title': 'Mrs', 'first': 'Adela', 'last': 'Kleiveland'}, 'location': {'street': {'number': 4439, 'name': 'Bekkefaret'}, 'city': 'Momoen', 'state': 'Telemark'...</msg>
<var>${json_data}</var>
<arg>${response.json()}</arg>
<doc>Returns the given values which can then be assigned to a variables.</doc>
<status status="PASS" start="2024-04-21T07:13:04.618524" elapsed="0.000478"/>
</kw>
<kw name="Log" owner="BuiltIn">
<msg time="2024-04-21T07:13:04.619455" level="INFO">{'results': [{'gender': 'female', 'name': {'title': 'Mrs', 'first': 'Adela', 'last': 'Kleiveland'}, 'location': {'street': {'number': 4439, 'name': 'Bekkefaret'}, 'city': 'Momoen', 'state': 'Telemark', 'country': 'Norway', 'postcode': '0375', 'coordinates': {'latitude': '41.8022', 'longitude': '166.0624'}, 'timezone': {'offset': '-1:00', 'description': 'Azores, Cape Verde Islands'}}, 'email': 'adela.kleiveland@example.com', 'login': {'uuid': '0696708c-fc1b-484c-831e-af5ed1950039', 'username': 'tinymouse970', 'password': 'barbie', 'salt': 'VgTGqVqp', 'md5': 'bf2f10ff2efd61fb7da8f4e8766a4ea6', 'sha1': '7d13604b12d479133dfc085d7edc1abe73277962', 'sha256': '949ec746dab09ce3b1c846809a015616b9fb3542848b19cf4e22edff8e2f35f8'}, 'dob': {'date': '1965-06-21T13:15:53.548Z', 'age': 58}, 'registered': {'date': '2021-02-02T14:12:30.584Z', 'age': 3}, 'phone': '25300260', 'cell': '92016378', 'id': {'name': 'FN', 'value': '21066545447'}, 'picture': {'large': 'https://randomuser.me/api/portraits/women/80.jpg', 'medium': 'https://randomuser.me/api/portraits/med/women/80.jpg', 'thumbnail': 'https://randomuser.me/api/portraits/thumb/women/80.jpg'}, 'nat': 'NO'}], 'info': {'seed': 'fe4e378a485f6d9e', 'results': 1, 'page': 1, 'version': '1.4'}}</msg>
<arg>${json_data}</arg>
<doc>Logs the given message with the given level.</doc>
<status status="PASS" start="2024-04-21T07:13:04.619306" elapsed="0.000228"/>
</kw>
<kw name="Should Be Equal As Numbers" owner="BuiltIn">
<arg>${json_data['results'][0]['location']['postcode']}</arg>
<arg>${json_data['results'][0]['location']['postcode']}</arg>
<doc>Fails if objects are unequal after converting them to real numbers.</doc>
<status status="PASS" start="2024-04-21T07:13:04.619969" elapsed="0.000613"/>
</kw>
<kw name="Log" owner="BuiltIn">
<msg time="2024-04-21T07:13:04.621105" level="INFO">0375</msg>
<arg>${json_data['results'][0]['location']['postcode']}</arg>
<doc>Logs the given message with the given level.</doc>
<status status="PASS" start="2024-04-21T07:13:04.620773" elapsed="0.000372"/>
</kw>
<status status="PASS" start="2024-04-21T07:13:04.525619" elapsed="0.095775"/>
</kw>
<doc>Testa se os tipos de dados na resposta da API estão corretos.</doc>
<tag>testeTiposDados</tag>
<status status="PASS" start="2024-04-21T07:13:04.440053" elapsed="0.181498"/>
</test>
<test id="s1-s1-t5" name="Validar conteudo" line="35">
<kw name="Teste de Tipos de Conteudo" owner="random-user-service">
<kw name="GET On Session" owner="RequestsLibrary">
<msg time="2024-04-21T07:13:04.717624" level="INFO">GET Request : url=https://randomuser.me/api 
 path_url=/api 
 headers={'User-Agent': 'python-requests/2.31.0', 'Accept-Encoding': 'gzip, deflate', 'Accept': '*/*', 'Connection': 'keep-alive'} 
 body=None 
 </msg>
<msg time="2024-04-21T07:13:04.717749" level="INFO">GET Response : url=https://randomuser.me/api 
 status=200, reason=OK 
 headers={'Date': 'Sun, 21 Apr 2024 07:13:04 GMT', 'Content-Type': 'application/json; charset=utf-8', 'Transfer-Encoding': 'chunked', 'Connection': 'keep-alive', 'X-Powered-By': 'Express', 'Access-Control-Allow-Origin': '*', 'Cache-Control': 'no-cache', 'ETag': 'W/"4a1-So9zHMGiLpvVzDhxs9GugQAfPhE"', 'Vary': 'Accept-Encoding', 'Content-Encoding': 'gzip', 'CF-Cache-Status': 'DYNAMIC', 'Report-To': '{"endpoints":[{"url":"https:\\/\\/a.nel.cloudflare.com\\/report\\/v4?s=ZFbwG3soZr%2B6LDtgeLh%2FHTWrsc%2BLnxMphVbGQY%2BgbZnHP4bpN0TDo1mlBKwOihZHLzJmFp4RKIqTTZ8fKV8PnqKm6pqZjr%2B8azKeI91g5o0OobWTxJqXBvz2zqOTGYTz"}],"group":"cf-nel","max_age":604800}', 'NEL': '{"success_fraction":0,"report_to":"cf-nel","max_age":604800}', 'Server': 'cloudflare', 'CF-RAY': '877b91c3ee4e595b-IAD', 'alt-svc': 'h3=":443"; ma=86400'} 
 body={"results":[{"gender":"male","name":{"title":"Mr","first":"Ethan","last":"Marchand"},"location":{"street":{"number":81,"name":"Rue du Stade"},"city":"Nantes","state":"Saône-et-Loire","country":"France","postcode":93051,"coordinates":{"latitude":"-15.4903","longitude":"-141.1754"},"timezone":{"offset":"-5:00","description":"Eastern Time (US &amp; Canada), Bogota, Lima"}},"email":"ethan.marchand@example.com","login":{"uuid":"4940d9de-447d-4e92-a12d-c758e9c80170","username":"blackswan815","password":"alberto","salt":"rrCZ4MlA","md5":"8777adf168a3cd44a21fb341be8249da","sha1":"82af604b9302c7dba21c87023da94e2ec7b6d55b","sha256":"94cd3a70740b25c99a610ad3387f9acb6935cd70d01fe74a662f07f8bb67285e"},"dob":{"date":"1971-03-29T23:04:46.692Z","age":53},"registered":{"date":"2009-06-28T11:35:45.920Z","age":14},"phone":"05-57-50-04-01","cell":"06-82-17-83-21","id":{"name":"INSEE","value":"1710235317267 40"},"picture":{"large":"https://randomuser.me/api/portraits/men/51.jpg","medium":"https://randomuser.me/api/portraits/med/men/51.jpg","thumbnail":"https://randomuser.me/api/portraits/thumb/men/51.jpg"},"nat":"FR"}],"info":{"seed":"56619adddc5ec86c","results":1,"page":1,"version":"1.4"}} 
 </msg>
<msg time="2024-04-21T07:13:04.717838" level="INFO">/opt/hostedtoolcache/Python/3.12.3/x64/lib/python3.12/site-packages/urllib3/connectionpool.py:1103: InsecureRequestWarning: Unverified HTTPS request is being made to host 'randomuser.me'. Adding certificate verification is strongly advised. See: https://urllib3.readthedocs.io/en/latest/advanced-usage.html#tls-warnings
  warnings.warn(</msg>
<msg time="2024-04-21T07:13:04.717956" level="INFO">${response} = &lt;Response [200]&gt;</msg>
<var>${response}</var>
<arg>consultarAPI</arg>
<arg>/api</arg>
<doc>Sends a GET request on a previously created HTTP Session.</doc>
<status status="PASS" start="2024-04-21T07:13:04.624788" elapsed="0.093211"/>
</kw>
<kw name="Set Variable" owner="BuiltIn">
<msg time="2024-04-21T07:13:04.718850" level="INFO">${json_data} = {'results': [{'gender': 'male', 'name': {'title': 'Mr', 'first': 'Ethan', 'last': 'Marchand'}, 'location': {'street': {'number': 81, 'name': 'Rue du Stade'}, 'city': 'Nantes', 'state': 'Saône-et-Loire...</msg>
<var>${json_data}</var>
<arg>${response.json()}</arg>
<doc>Returns the given values which can then be assigned to a variables.</doc>
<status status="PASS" start="2024-04-21T07:13:04.718391" elapsed="0.000489"/>
</kw>
<kw name="Set Variable" owner="BuiltIn">
<msg time="2024-04-21T07:13:04.719583" level="INFO">${name_title} = Mr</msg>
<var>${name_title}</var>
<arg>${json_data["results"][0]["name"]["title"]}</arg>
<doc>Returns the given values which can then be assigned to a variables.</doc>
<status status="PASS" start="2024-04-21T07:13:04.719193" elapsed="0.000417"/>
</kw>
<kw name="Create List" owner="BuiltIn">
<msg time="2024-04-21T07:13:04.720060" level="INFO">${allowed_titles} = ['Mr', 'Ms', 'Miss', 'Mrs', 'Madame', 'Monsieur']</msg>
<var>${allowed_titles}</var>
<arg>Mr</arg>
<arg>Ms</arg>
<arg>Miss</arg>
<arg>Mrs</arg>
<arg>Madame</arg>
<arg>Monsieur</arg>
<doc>Returns a list containing given items.</doc>
<status status="PASS" start="2024-04-21T07:13:04.719912" elapsed="0.000173"/>
</kw>
<kw name="List Should Contain Value" owner="Collections">
<msg time="2024-04-21T07:13:04.720557" level="INFO">False</msg>
<arg>${allowed_titles}</arg>
<arg>${name_title}</arg>
<doc>Fails if the ``value`` is not found from ``list``.</doc>
<status status="PASS" start="2024-04-21T07:13:04.720387" elapsed="0.000207"/>
</kw>
<kw name="Set Variable" owner="BuiltIn">
<msg time="2024-04-21T07:13:04.721271" level="INFO">${name_country} = FR</msg>
<var>${name_country}</var>
<arg>${json_data["results"][0]["nat"]}</arg>
<doc>Returns the given values which can then be assigned to a variables.</doc>
<status status="PASS" start="2024-04-21T07:13:04.720883" elapsed="0.000414"/>
</kw>
<kw name="Create List" owner="BuiltIn">
<msg time="2024-04-21T07:13:04.722242" level="INFO">${list_country} = ['AD', 'AE', 'AF', 'AG', 'AI', 'AL', 'AM', 'AO', 'AQ', 'AR', 'AS', 'AT', 'AU', 'AW', 'AX', 'AZ', 'BA', 'BB', 'BD', 'BE', 'BF', 'BG', 'BH', 'BI', 'BJ', 'BL', 'BM', 'BN', 'BO', 'BQ', 'BR', 'BS', 'BT', '...</msg>
<var>${list_country}</var>
<arg>AD</arg>
<arg>AE</arg>
<arg>AF</arg>
<arg>AG</arg>
<arg>AI</arg>
<arg>AL</arg>
<arg>AM</arg>
<arg>AO</arg>
<arg>AQ</arg>
<arg>AR</arg>
<arg>AS</arg>
<arg>AT</arg>
<arg>AU</arg>
<arg>AW</arg>
<arg>AX</arg>
<arg>AZ</arg>
<arg>BA</arg>
<arg>BB</arg>
<arg>BD</arg>
<arg>BE</arg>
<arg>BF</arg>
<arg>BG</arg>
<arg>BH</arg>
<arg>BI</arg>
<arg>BJ</arg>
<arg>BL</arg>
<arg>BM</arg>
<arg>BN</arg>
<arg>BO</arg>
<arg>BQ</arg>
<arg>BR</arg>
<arg>BS</arg>
<arg>BT</arg>
<arg>BV</arg>
<arg>BW</arg>
<arg>BY</arg>
<arg>BZ</arg>
<arg>CA</arg>
<arg>CC</arg>
<arg>CD</arg>
<arg>CF</arg>
<arg>CG</arg>
<arg>CH</arg>
<arg>CI</arg>
<arg>CK</arg>
<arg>CL</arg>
<arg>CM</arg>
<arg>CN</arg>
<arg>CO</arg>
<arg>CR</arg>
<arg>CU</arg>
<arg>CV</arg>
<arg>CW</arg>
<arg>CX</arg>
<arg>CY</arg>
<arg>CZ</arg>
<arg>DE</arg>
<arg>DJ</arg>
<arg>DK</arg>
<arg>DM</arg>
<arg>DO</arg>
<arg>DZ</arg>
<arg>EC</arg>
<arg>EE</arg>
<arg>EG</arg>
<arg>EH</arg>
<arg>ER</arg>
<arg>ES</arg>
<arg>ET</arg>
<arg>FI</arg>
<arg>FJ</arg>
<arg>FK</arg>
<arg>FM</arg>
<arg>FO</arg>
<arg>FR</arg>
<arg>GA</arg>
<arg>GB</arg>
<arg>GD</arg>
<arg>GE</arg>
<arg>GF</arg>
<arg>GG</arg>
<arg>GH</arg>
<arg>GI</arg>
<arg>GL</arg>
<arg>GM</arg>
<arg>GN</arg>
<arg>GP</arg>
<arg>GQ</arg>
<arg>GR</arg>
<arg>GS</arg>
<arg>GT</arg>
<arg>GU</arg>
<arg>GW</arg>
<arg>GY</arg>
<arg>HK</arg>
<arg>HM</arg>
<arg>HN</arg>
<arg>HR</arg>
<arg>HT</arg>
<arg>HU</arg>
<arg>ID</arg>
<arg>IE</arg>
<arg>IL</arg>
<arg>IM</arg>
<arg>IN</arg>
<arg>IO</arg>
<arg>IQ</arg>
<arg>IR</arg>
<arg>IS</arg>
<arg>IT</arg>
<arg>JE</arg>
<arg>JM</arg>
<arg>JO</arg>
<arg>JP</arg>
<arg>KE</arg>
<arg>KG</arg>
<arg>KH</arg>
<arg>KI</arg>
<arg>KM</arg>
<arg>KN</arg>
<arg>KP</arg>
<arg>KR</arg>
<arg>KW</arg>
<arg>KY</arg>
<arg>KZ</arg>
<arg>LA</arg>
<arg>LB</arg>
<arg>LC</arg>
<arg>LI</arg>
<arg>LK</arg>
<arg>LR</arg>
<arg>LS</arg>
<arg>LT</arg>
<arg>LU</arg>
<arg>LV</arg>
<arg>LY</arg>
<arg>MA</arg>
<arg>MC</arg>
<arg>MD</arg>
<arg>ME</arg>
<arg>MF</arg>
<arg>MG</arg>
<arg>MH</arg>
<arg>MK</arg>
<arg>ML</arg>
<arg>MM</arg>
<arg>MN</arg>
<arg>MO</arg>
<arg>MP</arg>
<arg>MQ</arg>
<arg>MR</arg>
<arg>MS</arg>
<arg>MT</arg>
<arg>MU</arg>
<arg>MV</arg>
<arg>MW</arg>
<arg>MX</arg>
<arg>MY</arg>
<arg>MZ</arg>
<arg>NA</arg>
<arg>NC</arg>
<arg>NE</arg>
<arg>NF</arg>
<arg>NG</arg>
<arg>NI</arg>
<arg>NL</arg>
<arg>NO</arg>
<arg>NP</arg>
<arg>NR</arg>
<arg>NU</arg>
<arg>NZ</arg>
<arg>OM</arg>
<arg>PA</arg>
<arg>PE</arg>
<arg>PF</arg>
<arg>PG</arg>
<arg>PH</arg>
<arg>PK</arg>
<arg>PL</arg>
<arg>PM</arg>
<arg>PN</arg>
<arg>PR</arg>
<arg>PS</arg>
<arg>PT</arg>
<arg>PW</arg>
<arg>PY</arg>
<arg>QA</arg>
<arg>RE</arg>
<arg>RO</arg>
<arg>RS</arg>
<arg>RU</arg>
<arg>RW</arg>
<arg>SA</arg>
<arg>SB</arg>
<arg>SC</arg>
<arg>SD</arg>
<arg>SE</arg>
<arg>SG</arg>
<arg>SH</arg>
<arg>SI</arg>
<arg>SJ</arg>
<arg>SK</arg>
<arg>SL</arg>
<arg>SM</arg>
<arg>SN</arg>
<arg>SO</arg>
<arg>SR</arg>
<arg>SS</arg>
<arg>ST</arg>
<arg>SV</arg>
<arg>SX</arg>
<arg>SY</arg>
<arg>SZ</arg>
<arg>TC</arg>
<arg>TD</arg>
<arg>TF</arg>
<arg>TG</arg>
<arg>TH</arg>
<arg>TJ</arg>
<arg>TK</arg>
<arg>TL</arg>
<arg>TM</arg>
<arg>TN</arg>
<arg>TO</arg>
<arg>TR</arg>
<arg>TT</arg>
<arg>TV</arg>
<arg>TW</arg>
<arg>TZ</arg>
<arg>UA</arg>
<arg>UG</arg>
<arg>UM</arg>
<arg>US</arg>
<arg>UY</arg>
<arg>UZ</arg>
<arg>VA</arg>
<arg>VC</arg>
<arg>VE</arg>
<arg>VG</arg>
<arg>VI</arg>
<arg>VN</arg>
<arg>VU</arg>
<arg>WF</arg>
<arg>WS</arg>
<arg>XK</arg>
<arg>YE</arg>
<arg>YT</arg>
<arg>ZA</arg>
<arg>ZM</arg>
<arg>ZW</arg>
<doc>Returns a list containing given items.</doc>
<status status="PASS" start="2024-04-21T07:13:04.721602" elapsed="0.000667"/>
</kw>
<kw name="List Should Contain Value" owner="Collections">
<msg time="2024-04-21T07:13:04.723264" level="INFO">False</msg>
<arg>${list_country}</arg>
<arg>${name_country}</arg>
<doc>Fails if the ``value`` is not found from ``list``.</doc>
<status status="PASS" start="2024-04-21T07:13:04.723065" elapsed="0.000236"/>
</kw>
<kw name="Run Keyword If" owner="BuiltIn">
<kw name="Should Be True" owner="BuiltIn">
<arg>${True}</arg>
<doc>Fails if the given condition is not true.</doc>
<status status="PASS" start="2024-04-21T07:13:04.724358" elapsed="0.000246"/>
</kw>
<arg>${json_data["results"][0]["location"]["coordinates"]["latitude"]} &gt;= -90 and ${json_data["results"][0]["location"]["coordinates"]["latitude"]} &lt;= 90</arg>
<arg>Should Be True</arg>
<arg>${True}</arg>
<doc>Runs the given keyword with the given arguments, if ``condition`` is true.</doc>
<status status="PASS" start="2024-04-21T07:13:04.723610" elapsed="0.001127"/>
</kw>
<kw name="Run Keyword If" owner="BuiltIn">
<kw name="Should Be True" owner="BuiltIn">
<arg>${True}</arg>
<doc>Fails if the given condition is not true.</doc>
<status status="PASS" start="2024-04-21T07:13:04.725636" elapsed="0.000171"/>
</kw>
<arg>${json_data["results"][0]["location"]["coordinates"]["longitude"]} &gt;= -180 and ${json_data["results"][0]["location"]["coordinates"]["longitude"]} &lt;= 180</arg>
<arg>Should Be True</arg>
<arg>${True}</arg>
<doc>Runs the given keyword with the given arguments, if ``condition`` is true.</doc>
<status status="PASS" start="2024-04-21T07:13:04.724925" elapsed="0.001007"/>
</kw>
<status status="PASS" start="2024-04-21T07:13:04.624419" elapsed="0.101642"/>
</kw>
<doc>Testa o conteúdo específico dos campos retornados pela API.</doc>
<tag>testeConteudo</tag>
<status status="PASS" start="2024-04-21T07:13:04.623746" elapsed="0.102457"/>
</test>
<status status="PASS" start="2024-04-21T07:13:03.452205" elapsed="1.275894"/>
</suite>
<status status="PASS" start="2024-04-21T07:13:03.438807" elapsed="1.294317"/>
</suite>
<statistics>
<total>
<stat pass="5" fail="0" skip="0">All Tests</stat>
</total>
<tag>
<stat pass="1" fail="0" skip="0">testeConteudo</stat>
<stat pass="1" fail="0" skip="0">testeEstruturaResposta</stat>
<stat pass="1" fail="0" skip="0">testeRequisicaoBasica</stat>
<stat pass="1" fail="0" skip="0">testeTiposDados</stat>
</tag>
<suite>
<stat pass="5" fail="0" skip="0" id="s1" name="Tests">Tests</stat>
<stat pass="5" fail="0" skip="0" id="s1-s1" name="Random-User-Test">Tests.Random-User-Test</stat>
</suite>
</statistics>
<errors>
</errors>
</robot>
