<?xml version="1.0" encoding="UTF-8"?>
<robot generator="Robot 7.0.1 (Python 3.12.4 on linux)" generated="2024-07-31T01:42:33.876779" rpa="false" schemaversion="5">
<suite id="s1" name="Tests" source="/home/runner/work/ApiRandomUser/ApiRandomUser/RamdonUser/tests">
<suite id="s1-s1" name="Random-User-Test" source="/home/runner/work/ApiRandomUser/ApiRandomUser/RamdonUser/tests/random-user-test.robot">
<test id="s1-s1-t1" name="Conectar" line="13">
<kw name="Conectar API" owner="random-user-service">
<kw name="Create Session" owner="RequestsLibrary">
<msg time="2024-07-31T01:42:34.267003" level="INFO">Creating Session using : alias=consultarAPI, url=https://randomuser.me/, headers={},                     cookies={}, auth=None, timeout=None, proxies=None, verify=False,                     debug=0 </msg>
<arg>consultarAPI</arg>
<arg>${URL}</arg>
<doc>Create Session: create a HTTP session to a server</doc>
<status status="PASS" start="2024-07-31T01:42:34.266806" elapsed="0.000371"/>
</kw>
<status status="PASS" start="2024-07-31T01:42:34.265790" elapsed="0.001743"/>
</kw>
<status status="PASS" start="2024-07-31T01:42:34.265168" elapsed="0.002559"/>
</test>
<test id="s1-s1-t2" name="Validar retorno 200 e JSON Válido" line="16">
<kw name="Teste de Requisicao Basica" owner="random-user-service">
<kw name="GET On Session" owner="RequestsLibrary">
<msg time="2024-07-31T01:42:34.381989" level="INFO">GET Request : url=https://randomuser.me/api 
 path_url=/api 
 headers={'User-Agent': 'python-requests/2.32.3', 'Accept-Encoding': 'gzip, deflate', 'Accept': '*/*', 'Connection': 'keep-alive'} 
 body=None 
 </msg>
<msg time="2024-07-31T01:42:34.382096" level="INFO">GET Response : url=https://randomuser.me/api 
 status=200, reason=OK 
 headers={'Date': 'Wed, 31 Jul 2024 01:42:34 GMT', 'Content-Type': 'application/json; charset=utf-8', 'Transfer-Encoding': 'chunked', 'Connection': 'keep-alive', 'X-Powered-By': 'Express', 'Access-Control-Allow-Origin': '*', 'Cache-Control': 'no-cache', 'ETag': 'W/"48e-Xzll7jczL/HfmcelUydhSf3M/uI"', 'Vary': 'Accept-Encoding', 'Content-Encoding': 'gzip', 'CF-Cache-Status': 'DYNAMIC', 'Report-To': '{"endpoints":[{"url":"https:\\/\\/a.nel.cloudflare.com\\/report\\/v4?s=iN6rRfsoDhkquIbrYhQu%2Flz0I1Vh6QTXOXMVblOwsXwcE%2FEr2%2F83%2B0qV303hy%2FLcuzSpxFGdl5VuU7lCZKjl8hGygopi30LlWoADx8WrZhlwkuI2bkx0a5dO0YfCFAOh"}],"group":"cf-nel","max_age":604800}', 'NEL': '{"success_fraction":0,"report_to":"cf-nel","max_age":604800}', 'Server': 'cloudflare', 'CF-RAY': '8ab9e4806946118f-ORD', 'alt-svc': 'h3=":443"; ma=86400'} 
 body={"results":[{"gender":"male","name":{"title":"Mr","first":"Leo","last":"Mackay"},"location":{"street":{"number":8568,"name":"Dalhousie Ave"},"city":"Lloydminster","state":"Ontario","country":"Canada","postcode":"R4C 3G6","coordinates":{"latitude":"-70.0363","longitude":"-84.6184"},"timezone":{"offset":"+11:00","description":"Magadan, Solomon Islands, New Caledonia"}},"email":"leo.mackay@example.com","login":{"uuid":"89fd58ac-ad3e-4a36-9f32-2422c51799ad","username":"browncat244","password":"zaphod","salt":"PYo6MpAv","md5":"6e6a0d2feb20df761caf6ec8decc4ecd","sha1":"46a0515f9255329eabf0a17fa6440e735104090f","sha256":"7adf75724da08d859390dcded3c24434f9fbf0d153bd312a5c21dc378e7098d9"},"dob":{"date":"1960-09-02T17:23:40.065Z","age":63},"registered":{"date":"2005-01-14T01:42:35.432Z","age":19},"phone":"T31 M55-6845","cell":"N82 W34-9471","id":{"name":"SIN","value":"849927298"},"picture":{"large":"https://randomuser.me/api/portraits/men/14.jpg","medium":"https://randomuser.me/api/portraits/med/men/14.jpg","thumbnail":"https://randomuser.me/api/portraits/thumb/men/14.jpg"},"nat":"CA"}],"info":{"seed":"4e38f35a847ae9ff","results":1,"page":1,"version":"1.4"}} 
 </msg>
<msg time="2024-07-31T01:42:34.382164" level="INFO">/opt/hostedtoolcache/Python/3.12.4/x64/lib/python3.12/site-packages/urllib3/connectionpool.py:1099: InsecureRequestWarning: Unverified HTTPS request is being made to host 'randomuser.me'. Adding certificate verification is strongly advised. See: https://urllib3.readthedocs.io/en/latest/advanced-usage.html#tls-warnings
  warnings.warn(</msg>
<msg time="2024-07-31T01:42:34.382269" level="INFO">${response} = &lt;Response [200]&gt;</msg>
<var>${response}</var>
<arg>consultarAPI</arg>
<arg>/api</arg>
<doc>Sends a GET request on a previously created HTTP Session.</doc>
<status status="PASS" start="2024-07-31T01:42:34.270361" elapsed="0.111946"/>
</kw>
<kw name="Should Be Equal As Numbers" owner="BuiltIn">
<msg time="2024-07-31T01:42:34.383099" level="INFO">Argument types are:
&lt;class 'int'&gt;
&lt;class 'str'&gt;</msg>
<arg>${response.status_code}</arg>
<arg>200</arg>
<doc>Fails if objects are unequal after converting them to real numbers.</doc>
<status status="PASS" start="2024-07-31T01:42:34.382699" elapsed="0.000462"/>
</kw>
<kw name="Log" owner="BuiltIn">
<msg time="2024-07-31T01:42:34.383825" level="INFO">200</msg>
<arg>${response.status_code}</arg>
<doc>Logs the given message with the given level.</doc>
<status status="PASS" start="2024-07-31T01:42:34.383475" elapsed="0.000392"/>
</kw>
<kw name="Set Variable" owner="BuiltIn">
<msg time="2024-07-31T01:42:34.384600" level="INFO">${json_data} = {'results': [{'gender': 'male', 'name': {'title': 'Mr', 'first': 'Leo', 'last': 'Mackay'}, 'location': {'street': {'number': 8568, 'name': 'Dalhousie Ave'}, 'city': 'Lloydminster', 'state': 'Ontario',...</msg>
<var>${json_data}</var>
<arg>${response.json()}</arg>
<doc>Returns the given values which can then be assigned to a variables.</doc>
<status status="PASS" start="2024-07-31T01:42:34.384169" elapsed="0.000460"/>
</kw>
<kw name="Dictionary Should Contain Key" owner="Collections">
<arg>${json_data}</arg>
<arg>results</arg>
<doc>Fails if ``key`` is not found from ``dictionary``.</doc>
<status status="PASS" start="2024-07-31T01:42:34.384931" elapsed="0.000290"/>
</kw>
<status status="PASS" start="2024-07-31T01:42:34.270118" elapsed="0.115249"/>
</kw>
<doc>Testa se a API responde corretamente e retorna um objeto JSON válido.</doc>
<tag>testeRequisicaoBasica</tag>
<status status="PASS" start="2024-07-31T01:42:34.269594" elapsed="0.115930"/>
</test>
<test id="s1-s1-t3" name="Validar estrutura de resposta" line="22">
<kw name="Teste de Estrutura de Resposta" owner="random-user-service">
<kw name="GET On Session" owner="RequestsLibrary">
<msg time="2024-07-31T01:42:34.464570" level="INFO">GET Request : url=https://randomuser.me/api 
 path_url=/api 
 headers={'User-Agent': 'python-requests/2.32.3', 'Accept-Encoding': 'gzip, deflate', 'Accept': '*/*', 'Connection': 'keep-alive'} 
 body=None 
 </msg>
<msg time="2024-07-31T01:42:34.464656" level="INFO">GET Response : url=https://randomuser.me/api 
 status=200, reason=OK 
 headers={'Date': 'Wed, 31 Jul 2024 01:42:34 GMT', 'Content-Type': 'application/json; charset=utf-8', 'Transfer-Encoding': 'chunked', 'Connection': 'keep-alive', 'X-Powered-By': 'Express', 'Access-Control-Allow-Origin': '*', 'Cache-Control': 'no-cache', 'ETag': 'W/"49d-S5B9B2NbC/aAVUZOANbShqR0c+g"', 'Vary': 'Accept-Encoding', 'Content-Encoding': 'gzip', 'CF-Cache-Status': 'DYNAMIC', 'Report-To': '{"endpoints":[{"url":"https:\\/\\/a.nel.cloudflare.com\\/report\\/v4?s=l0Xuud2OuRqRD%2BakuBC2yYuK2OrI6e%2BgiiyT4tn%2BEcAuZnxtRKYM63MxhYCGLWNlJ3CUezyHV9L5SGRwMw3gauYoZ4WJ6ATL1b9z4XozQ%2BaoNRObPHFjNBw%2FbI13%2BYSf"}],"group":"cf-nel","max_age":604800}', 'NEL': '{"success_fraction":0,"report_to":"cf-nel","max_age":604800}', 'Server': 'cloudflare', 'CF-RAY': '8ab9e480ea21118f-ORD', 'alt-svc': 'h3=":443"; ma=86400'} 
 body={"results":[{"gender":"female","name":{"title":"Miss","first":"Savannah","last":"Lewis"},"location":{"street":{"number":2101,"name":"Hugh Watt Drive"},"city":"Nelson","state":"Wellington","country":"New Zealand","postcode":24196,"coordinates":{"latitude":"52.5554","longitude":"110.6341"},"timezone":{"offset":"+11:00","description":"Magadan, Solomon Islands, New Caledonia"}},"email":"savannah.lewis@example.com","login":{"uuid":"e75f368e-2bc4-4c13-8e45-e76628b65e1f","username":"greentiger494","password":"doughnut","salt":"RWpXfoV4","md5":"34fd264e1e4edd49af54c70a91c1f51a","sha1":"90dcf7745e9f9ac911132671fcf75ff66676dabe","sha256":"cb57a8dabfc39004d502cbd61c64c284ba79318dcac4e8a6ecca6816ae262a1e"},"dob":{"date":"1967-08-10T10:37:17.835Z","age":56},"registered":{"date":"2010-12-17T11:47:05.122Z","age":13},"phone":"(574)-391-9800","cell":"(749)-249-7789","id":{"name":"","value":null},"picture":{"large":"https://randomuser.me/api/portraits/women/16.jpg","medium":"https://randomuser.me/api/portraits/med/women/16.jpg","thumbnail":"https://randomuser.me/api/portraits/thumb/women/16.jpg"},"nat":"NZ"}],"info":{"seed":"50eb77ad8aad4af1","results":1,"page":1,"version":"1.4"}} 
 </msg>
<msg time="2024-07-31T01:42:34.464780" level="INFO">/opt/hostedtoolcache/Python/3.12.4/x64/lib/python3.12/site-packages/urllib3/connectionpool.py:1099: InsecureRequestWarning: Unverified HTTPS request is being made to host 'randomuser.me'. Adding certificate verification is strongly advised. See: https://urllib3.readthedocs.io/en/latest/advanced-usage.html#tls-warnings
  warnings.warn(</msg>
<msg time="2024-07-31T01:42:34.464907" level="INFO">${response} = &lt;Response [200]&gt;</msg>
<var>${response}</var>
<arg>consultarAPI</arg>
<arg>/api</arg>
<doc>Sends a GET request on a previously created HTTP Session.</doc>
<status status="PASS" start="2024-07-31T01:42:34.388121" elapsed="0.076831"/>
</kw>
<kw name="Set Variable" owner="BuiltIn">
<msg time="2024-07-31T01:42:34.465960" level="INFO">${json_data} = {'results': [{'gender': 'female', 'name': {'title': 'Miss', 'first': 'Savannah', 'last': 'Lewis'}, 'location': {'street': {'number': 2101, 'name': 'Hugh Watt Drive'}, 'city': 'Nelson', 'state': 'Welli...</msg>
<var>${json_data}</var>
<arg>${response.json()}</arg>
<doc>Returns the given values which can then be assigned to a variables.</doc>
<status status="PASS" start="2024-07-31T01:42:34.465415" elapsed="0.000574"/>
</kw>
<kw name="Log" owner="BuiltIn">
<msg time="2024-07-31T01:42:34.466457" level="INFO">{'results': [{'gender': 'female', 'name': {'title': 'Miss', 'first': 'Savannah', 'last': 'Lewis'}, 'location': {'street': {'number': 2101, 'name': 'Hugh Watt Drive'}, 'city': 'Nelson', 'state': 'Wellington', 'country': 'New Zealand', 'postcode': 24196, 'coordinates': {'latitude': '52.5554', 'longitude': '110.6341'}, 'timezone': {'offset': '+11:00', 'description': 'Magadan, Solomon Islands, New Caledonia'}}, 'email': 'savannah.lewis@example.com', 'login': {'uuid': 'e75f368e-2bc4-4c13-8e45-e76628b65e1f', 'username': 'greentiger494', 'password': 'doughnut', 'salt': 'RWpXfoV4', 'md5': '34fd264e1e4edd49af54c70a91c1f51a', 'sha1': '90dcf7745e9f9ac911132671fcf75ff66676dabe', 'sha256': 'cb57a8dabfc39004d502cbd61c64c284ba79318dcac4e8a6ecca6816ae262a1e'}, 'dob': {'date': '1967-08-10T10:37:17.835Z', 'age': 56}, 'registered': {'date': '2010-12-17T11:47:05.122Z', 'age': 13}, 'phone': '(574)-391-9800', 'cell': '(749)-249-7789', 'id': {'name': '', 'value': None}, 'picture': {'large': 'https://randomuser.me/api/portraits/women/16.jpg', 'medium': 'https://randomuser.me/api/portraits/med/women/16.jpg', 'thumbnail': 'https://randomuser.me/api/portraits/thumb/women/16.jpg'}, 'nat': 'NZ'}], 'info': {'seed': '50eb77ad8aad4af1', 'results': 1, 'page': 1, 'version': '1.4'}}</msg>
<arg>${json_data}</arg>
<doc>Logs the given message with the given level.</doc>
<status status="PASS" start="2024-07-31T01:42:34.466295" elapsed="0.000210"/>
</kw>
<kw name="Dictionary Should Contain Key" owner="Collections">
<arg>${json_data}</arg>
<arg>results</arg>
<doc>Fails if ``key`` is not found from ``dictionary``.</doc>
<status status="PASS" start="2024-07-31T01:42:34.466800" elapsed="0.000163"/>
</kw>
<kw name="Should Not Be Empty" owner="BuiltIn">
<msg time="2024-07-31T01:42:34.467275" level="INFO">Length is 2.</msg>
<arg>${json_data}</arg>
<doc>Verifies that the given item is not empty.</doc>
<status status="PASS" start="2024-07-31T01:42:34.467147" elapsed="0.000166"/>
</kw>
<kw name="Create List" owner="BuiltIn">
<msg time="2024-07-31T01:42:34.467751" level="INFO">${expected_keys} = ['gender', 'name', 'location', 'email', 'login']</msg>
<var>${expected_keys}</var>
<arg>gender</arg>
<arg>name</arg>
<arg>location</arg>
<arg>email</arg>
<arg>login</arg>
<doc>Returns a list containing given items.</doc>
<status status="PASS" start="2024-07-31T01:42:34.467600" elapsed="0.000175"/>
</kw>
<for flavor="IN">
<iter>
<kw name="Dictionary Should Contain Key" owner="Collections">
<arg>${json_data['results'][0]}</arg>
<arg>${key}</arg>
<doc>Fails if ``key`` is not found from ``dictionary``.</doc>
<status status="PASS" start="2024-07-31T01:42:34.468341" elapsed="0.000401"/>
</kw>
<kw name="Log" owner="BuiltIn">
<msg time="2024-07-31T01:42:34.469282" level="INFO">{'gender': 'female', 'name': {'title': 'Miss', 'first': 'Savannah', 'last': 'Lewis'}, 'location': {'street': {'number': 2101, 'name': 'Hugh Watt Drive'}, 'city': 'Nelson', 'state': 'Wellington', 'country': 'New Zealand', 'postcode': 24196, 'coordinates': {'latitude': '52.5554', 'longitude': '110.6341'}, 'timezone': {'offset': '+11:00', 'description': 'Magadan, Solomon Islands, New Caledonia'}}, 'email': 'savannah.lewis@example.com', 'login': {'uuid': 'e75f368e-2bc4-4c13-8e45-e76628b65e1f', 'username': 'greentiger494', 'password': 'doughnut', 'salt': 'RWpXfoV4', 'md5': '34fd264e1e4edd49af54c70a91c1f51a', 'sha1': '90dcf7745e9f9ac911132671fcf75ff66676dabe', 'sha256': 'cb57a8dabfc39004d502cbd61c64c284ba79318dcac4e8a6ecca6816ae262a1e'}, 'dob': {'date': '1967-08-10T10:37:17.835Z', 'age': 56}, 'registered': {'date': '2010-12-17T11:47:05.122Z', 'age': 13}, 'phone': '(574)-391-9800', 'cell': '(749)-249-7789', 'id': {'name': '', 'value': None}, 'picture': {'large': 'https://randomuser.me/api/portraits/women/16.jpg', 'medium': 'https://randomuser.me/api/portraits/med/women/16.jpg', 'thumbnail': 'https://randomuser.me/api/portraits/thumb/women/16.jpg'}, 'nat': 'NZ'}</msg>
<arg>${json_data['results'][0]}</arg>
<doc>Logs the given message with the given level.</doc>
<status status="PASS" start="2024-07-31T01:42:34.468929" elapsed="0.000411"/>
</kw>
<kw name="Log" owner="BuiltIn">
<msg time="2024-07-31T01:42:34.469795" level="INFO">gender</msg>
<arg>${key}</arg>
<doc>Logs the given message with the given level.</doc>
<status status="PASS" start="2024-07-31T01:42:34.469663" elapsed="0.000170"/>
</kw>
<var name="${key}">gender</var>
<status status="PASS" start="2024-07-31T01:42:34.468215" elapsed="0.001835"/>
</iter>
<iter>
<kw name="Dictionary Should Contain Key" owner="Collections">
<arg>${json_data['results'][0]}</arg>
<arg>${key}</arg>
<doc>Fails if ``key`` is not found from ``dictionary``.</doc>
<status status="PASS" start="2024-07-31T01:42:34.470349" elapsed="0.000381"/>
</kw>
<kw name="Log" owner="BuiltIn">
<msg time="2024-07-31T01:42:34.471312" level="INFO">{'gender': 'female', 'name': {'title': 'Miss', 'first': 'Savannah', 'last': 'Lewis'}, 'location': {'street': {'number': 2101, 'name': 'Hugh Watt Drive'}, 'city': 'Nelson', 'state': 'Wellington', 'country': 'New Zealand', 'postcode': 24196, 'coordinates': {'latitude': '52.5554', 'longitude': '110.6341'}, 'timezone': {'offset': '+11:00', 'description': 'Magadan, Solomon Islands, New Caledonia'}}, 'email': 'savannah.lewis@example.com', 'login': {'uuid': 'e75f368e-2bc4-4c13-8e45-e76628b65e1f', 'username': 'greentiger494', 'password': 'doughnut', 'salt': 'RWpXfoV4', 'md5': '34fd264e1e4edd49af54c70a91c1f51a', 'sha1': '90dcf7745e9f9ac911132671fcf75ff66676dabe', 'sha256': 'cb57a8dabfc39004d502cbd61c64c284ba79318dcac4e8a6ecca6816ae262a1e'}, 'dob': {'date': '1967-08-10T10:37:17.835Z', 'age': 56}, 'registered': {'date': '2010-12-17T11:47:05.122Z', 'age': 13}, 'phone': '(574)-391-9800', 'cell': '(749)-249-7789', 'id': {'name': '', 'value': None}, 'picture': {'large': 'https://randomuser.me/api/portraits/women/16.jpg', 'medium': 'https://randomuser.me/api/portraits/med/women/16.jpg', 'thumbnail': 'https://randomuser.me/api/portraits/thumb/women/16.jpg'}, 'nat': 'NZ'}</msg>
<arg>${json_data['results'][0]}</arg>
<doc>Logs the given message with the given level.</doc>
<status status="PASS" start="2024-07-31T01:42:34.470912" elapsed="0.000450"/>
</kw>
<kw name="Log" owner="BuiltIn">
<msg time="2024-07-31T01:42:34.471786" level="INFO">name</msg>
<arg>${key}</arg>
<doc>Logs the given message with the given level.</doc>
<status status="PASS" start="2024-07-31T01:42:34.471657" elapsed="0.000167"/>
</kw>
<var name="${key}">name</var>
<status status="PASS" start="2024-07-31T01:42:34.470237" elapsed="0.001810"/>
</iter>
<iter>
<kw name="Dictionary Should Contain Key" owner="Collections">
<arg>${json_data['results'][0]}</arg>
<arg>${key}</arg>
<doc>Fails if ``key`` is not found from ``dictionary``.</doc>
<status status="PASS" start="2024-07-31T01:42:34.472334" elapsed="0.000386"/>
</kw>
<kw name="Log" owner="BuiltIn">
<msg time="2024-07-31T01:42:34.473261" level="INFO">{'gender': 'female', 'name': {'title': 'Miss', 'first': 'Savannah', 'last': 'Lewis'}, 'location': {'street': {'number': 2101, 'name': 'Hugh Watt Drive'}, 'city': 'Nelson', 'state': 'Wellington', 'country': 'New Zealand', 'postcode': 24196, 'coordinates': {'latitude': '52.5554', 'longitude': '110.6341'}, 'timezone': {'offset': '+11:00', 'description': 'Magadan, Solomon Islands, New Caledonia'}}, 'email': 'savannah.lewis@example.com', 'login': {'uuid': 'e75f368e-2bc4-4c13-8e45-e76628b65e1f', 'username': 'greentiger494', 'password': 'doughnut', 'salt': 'RWpXfoV4', 'md5': '34fd264e1e4edd49af54c70a91c1f51a', 'sha1': '90dcf7745e9f9ac911132671fcf75ff66676dabe', 'sha256': 'cb57a8dabfc39004d502cbd61c64c284ba79318dcac4e8a6ecca6816ae262a1e'}, 'dob': {'date': '1967-08-10T10:37:17.835Z', 'age': 56}, 'registered': {'date': '2010-12-17T11:47:05.122Z', 'age': 13}, 'phone': '(574)-391-9800', 'cell': '(749)-249-7789', 'id': {'name': '', 'value': None}, 'picture': {'large': 'https://randomuser.me/api/portraits/women/16.jpg', 'medium': 'https://randomuser.me/api/portraits/med/women/16.jpg', 'thumbnail': 'https://randomuser.me/api/portraits/thumb/women/16.jpg'}, 'nat': 'NZ'}</msg>
<arg>${json_data['results'][0]}</arg>
<doc>Logs the given message with the given level.</doc>
<status status="PASS" start="2024-07-31T01:42:34.472907" elapsed="0.000401"/>
</kw>
<kw name="Log" owner="BuiltIn">
<msg time="2024-07-31T01:42:34.473770" level="INFO">location</msg>
<arg>${key}</arg>
<doc>Logs the given message with the given level.</doc>
<status status="PASS" start="2024-07-31T01:42:34.473622" elapsed="0.000186"/>
</kw>
<var name="${key}">location</var>
<status status="PASS" start="2024-07-31T01:42:34.472225" elapsed="0.001803"/>
</iter>
<iter>
<kw name="Dictionary Should Contain Key" owner="Collections">
<arg>${json_data['results'][0]}</arg>
<arg>${key}</arg>
<doc>Fails if ``key`` is not found from ``dictionary``.</doc>
<status status="PASS" start="2024-07-31T01:42:34.474308" elapsed="0.000387"/>
</kw>
<kw name="Log" owner="BuiltIn">
<msg time="2024-07-31T01:42:34.475347" level="INFO">{'gender': 'female', 'name': {'title': 'Miss', 'first': 'Savannah', 'last': 'Lewis'}, 'location': {'street': {'number': 2101, 'name': 'Hugh Watt Drive'}, 'city': 'Nelson', 'state': 'Wellington', 'country': 'New Zealand', 'postcode': 24196, 'coordinates': {'latitude': '52.5554', 'longitude': '110.6341'}, 'timezone': {'offset': '+11:00', 'description': 'Magadan, Solomon Islands, New Caledonia'}}, 'email': 'savannah.lewis@example.com', 'login': {'uuid': 'e75f368e-2bc4-4c13-8e45-e76628b65e1f', 'username': 'greentiger494', 'password': 'doughnut', 'salt': 'RWpXfoV4', 'md5': '34fd264e1e4edd49af54c70a91c1f51a', 'sha1': '90dcf7745e9f9ac911132671fcf75ff66676dabe', 'sha256': 'cb57a8dabfc39004d502cbd61c64c284ba79318dcac4e8a6ecca6816ae262a1e'}, 'dob': {'date': '1967-08-10T10:37:17.835Z', 'age': 56}, 'registered': {'date': '2010-12-17T11:47:05.122Z', 'age': 13}, 'phone': '(574)-391-9800', 'cell': '(749)-249-7789', 'id': {'name': '', 'value': None}, 'picture': {'large': 'https://randomuser.me/api/portraits/women/16.jpg', 'medium': 'https://randomuser.me/api/portraits/med/women/16.jpg', 'thumbnail': 'https://randomuser.me/api/portraits/thumb/women/16.jpg'}, 'nat': 'NZ'}</msg>
<arg>${json_data['results'][0]}</arg>
<doc>Logs the given message with the given level.</doc>
<status status="PASS" start="2024-07-31T01:42:34.474992" elapsed="0.000402"/>
</kw>
<kw name="Log" owner="BuiltIn">
<msg time="2024-07-31T01:42:34.475822" level="INFO">email</msg>
<arg>${key}</arg>
<doc>Logs the given message with the given level.</doc>
<status status="PASS" start="2024-07-31T01:42:34.475692" elapsed="0.000169"/>
</kw>
<var name="${key}">email</var>
<status status="PASS" start="2024-07-31T01:42:34.474201" elapsed="0.001880"/>
</iter>
<iter>
<kw name="Dictionary Should Contain Key" owner="Collections">
<arg>${json_data['results'][0]}</arg>
<arg>${key}</arg>
<doc>Fails if ``key`` is not found from ``dictionary``.</doc>
<status status="PASS" start="2024-07-31T01:42:34.476364" elapsed="0.000379"/>
</kw>
<kw name="Log" owner="BuiltIn">
<msg time="2024-07-31T01:42:34.477271" level="INFO">{'gender': 'female', 'name': {'title': 'Miss', 'first': 'Savannah', 'last': 'Lewis'}, 'location': {'street': {'number': 2101, 'name': 'Hugh Watt Drive'}, 'city': 'Nelson', 'state': 'Wellington', 'country': 'New Zealand', 'postcode': 24196, 'coordinates': {'latitude': '52.5554', 'longitude': '110.6341'}, 'timezone': {'offset': '+11:00', 'description': 'Magadan, Solomon Islands, New Caledonia'}}, 'email': 'savannah.lewis@example.com', 'login': {'uuid': 'e75f368e-2bc4-4c13-8e45-e76628b65e1f', 'username': 'greentiger494', 'password': 'doughnut', 'salt': 'RWpXfoV4', 'md5': '34fd264e1e4edd49af54c70a91c1f51a', 'sha1': '90dcf7745e9f9ac911132671fcf75ff66676dabe', 'sha256': 'cb57a8dabfc39004d502cbd61c64c284ba79318dcac4e8a6ecca6816ae262a1e'}, 'dob': {'date': '1967-08-10T10:37:17.835Z', 'age': 56}, 'registered': {'date': '2010-12-17T11:47:05.122Z', 'age': 13}, 'phone': '(574)-391-9800', 'cell': '(749)-249-7789', 'id': {'name': '', 'value': None}, 'picture': {'large': 'https://randomuser.me/api/portraits/women/16.jpg', 'medium': 'https://randomuser.me/api/portraits/med/women/16.jpg', 'thumbnail': 'https://randomuser.me/api/portraits/thumb/women/16.jpg'}, 'nat': 'NZ'}</msg>
<arg>${json_data['results'][0]}</arg>
<doc>Logs the given message with the given level.</doc>
<status status="PASS" start="2024-07-31T01:42:34.476925" elapsed="0.000394"/>
</kw>
<kw name="Log" owner="BuiltIn">
<msg time="2024-07-31T01:42:34.477767" level="INFO">login</msg>
<arg>${key}</arg>
<doc>Logs the given message with the given level.</doc>
<status status="PASS" start="2024-07-31T01:42:34.477634" elapsed="0.000170"/>
</kw>
<var name="${key}">login</var>
<status status="PASS" start="2024-07-31T01:42:34.476254" elapsed="0.001768"/>
</iter>
<var>${key}</var>
<value>@{expected_keys}</value>
<status status="PASS" start="2024-07-31T01:42:34.468033" elapsed="0.010113"/>
</for>
<kw name="Create List" owner="BuiltIn">
<msg time="2024-07-31T01:42:34.478503" level="INFO">${expected_keysTwo} = ['username', 'password']</msg>
<var>${expected_keysTwo}</var>
<arg>username</arg>
<arg>password</arg>
<doc>Returns a list containing given items.</doc>
<status status="PASS" start="2024-07-31T01:42:34.478364" elapsed="0.000163"/>
</kw>
<for flavor="IN">
<iter>
<kw name="Dictionary Should Contain Key" owner="Collections">
<arg>${json_data['results'][0]['login']}</arg>
<arg>${keyTwo}</arg>
<doc>Fails if ``key`` is not found from ``dictionary``.</doc>
<status status="PASS" start="2024-07-31T01:42:34.479026" elapsed="0.000385"/>
</kw>
<kw name="Dictionary Should Contain Key" owner="Collections">
<arg>${json_data['results'][0]['login']}</arg>
<arg>${keyTwo}</arg>
<doc>Fails if ``key`` is not found from ``dictionary``.</doc>
<status status="PASS" start="2024-07-31T01:42:34.479593" elapsed="0.000380"/>
</kw>
<kw name="Log" owner="BuiltIn">
<msg time="2024-07-31T01:42:34.480271" level="INFO">username</msg>
<arg>${keyTwo}</arg>
<doc>Logs the given message with the given level.</doc>
<status status="PASS" start="2024-07-31T01:42:34.480150" elapsed="0.000158"/>
</kw>
<var name="${keyTwo}">username</var>
<status status="PASS" start="2024-07-31T01:42:34.478917" elapsed="0.001612"/>
</iter>
<iter>
<kw name="Dictionary Should Contain Key" owner="Collections">
<arg>${json_data['results'][0]['login']}</arg>
<arg>${keyTwo}</arg>
<doc>Fails if ``key`` is not found from ``dictionary``.</doc>
<status status="PASS" start="2024-07-31T01:42:34.480816" elapsed="0.000377"/>
</kw>
<kw name="Dictionary Should Contain Key" owner="Collections">
<arg>${json_data['results'][0]['login']}</arg>
<arg>${keyTwo}</arg>
<doc>Fails if ``key`` is not found from ``dictionary``.</doc>
<status status="PASS" start="2024-07-31T01:42:34.481371" elapsed="0.000411"/>
</kw>
<kw name="Log" owner="BuiltIn">
<msg time="2024-07-31T01:42:34.482098" level="INFO">password</msg>
<arg>${keyTwo}</arg>
<doc>Logs the given message with the given level.</doc>
<status status="PASS" start="2024-07-31T01:42:34.481970" elapsed="0.000165"/>
</kw>
<var name="${keyTwo}">password</var>
<status status="PASS" start="2024-07-31T01:42:34.480703" elapsed="0.001653"/>
</iter>
<var>${keyTwo}</var>
<value>@{expected_keysTwo}</value>
<status status="PASS" start="2024-07-31T01:42:34.478764" elapsed="0.003715"/>
</for>
<status status="PASS" start="2024-07-31T01:42:34.387885" elapsed="0.094732"/>
</kw>
<doc>Testa a estrutura da resposta da API.</doc>
<tag>testeEstruturaResposta</tag>
<status status="PASS" start="2024-07-31T01:42:34.387342" elapsed="0.095424"/>
</test>
<test id="s1-s1-t4" name="Validar tipos de dados" line="28">
<kw name="Teste de Tipos de Dados" owner="random-user-service">
<kw name="GET On Session" owner="RequestsLibrary">
<msg time="2024-07-31T01:42:34.557506" level="INFO">GET Request : url=https://randomuser.me/api 
 path_url=/api 
 headers={'User-Agent': 'python-requests/2.32.3', 'Accept-Encoding': 'gzip, deflate', 'Accept': '*/*', 'Connection': 'keep-alive'} 
 body=None 
 </msg>
<msg time="2024-07-31T01:42:34.557592" level="INFO">GET Response : url=https://randomuser.me/api 
 status=200, reason=OK 
 headers={'Date': 'Wed, 31 Jul 2024 01:42:34 GMT', 'Content-Type': 'application/json; charset=utf-8', 'Transfer-Encoding': 'chunked', 'Connection': 'keep-alive', 'X-Powered-By': 'Express', 'Access-Control-Allow-Origin': '*', 'Cache-Control': 'no-cache', 'ETag': 'W/"46e-FSAQTQut2/MnFX0YvfE+RxkJIk0"', 'Vary': 'Accept-Encoding', 'Content-Encoding': 'gzip', 'CF-Cache-Status': 'DYNAMIC', 'Report-To': '{"endpoints":[{"url":"https:\\/\\/a.nel.cloudflare.com\\/report\\/v4?s=o0mIinTFhp0kMVZ0GnQr97TTeWoul%2BOq8%2FQ%2FqDnbHqVIGJ0sfVYyke%2F2cVIofeXdEObXlLTb0FDNElW7P1j4z6wuGxvuGgV4iHudcQSsH8s%2Fw%2BtNycjMXn8seN1jISwL"}],"group":"cf-nel","max_age":604800}', 'NEL': '{"success_fraction":0,"report_to":"cf-nel","max_age":604800}', 'Server': 'cloudflare', 'CF-RAY': '8ab9e4818b0f118f-ORD', 'alt-svc': 'h3=":443"; ma=86400'} 
 body={"results":[{"gender":"female","name":{"title":"Mrs","first":"سارا","last":"یاسمی"},"location":{"street":{"number":352,"name":"پیروزی"},"city":"کرمان","state":"اردبیل","country":"Iran","postcode":31502,"coordinates":{"latitude":"16.8975","longitude":"16.9948"},"timezone":{"offset":"+4:30","description":"Kabul"}},"email":"sr.ysmy@example.com","login":{"uuid":"7f6a0fe1-35bb-4d34-98d4-bd4d43fd2880","username":"crazypeacock844","password":"skyline","salt":"uQTZmqdG","md5":"08c3338ec2b98a034cf118d4699aa6d1","sha1":"b64854751b0bc4f77c3c8ea1c9c773dec4128886","sha256":"a984aae29fcdee2180a00c6950ce5f6c625d8c77c6c21f8453305d8213bf2a09"},"dob":{"date":"1962-01-12T09:51:32.639Z","age":62},"registered":{"date":"2019-08-23T20:41:05.486Z","age":4},"phone":"029-81550809","cell":"0931-037-1600","id":{"name":"","value":null},"picture":{"large":"https://randomuser.me/api/portraits/women/27.jpg","medium":"https://randomuser.me/api/portraits/med/women/27.jpg","thumbnail":"https://randomuser.me/api/portraits/thumb/women/27.jpg"},"nat":"IR"}],"info":{"seed":"61ef5aeec1e46338","results":1,"page":1,"version":"1.4"}} 
 </msg>
<msg time="2024-07-31T01:42:34.557702" level="INFO">/opt/hostedtoolcache/Python/3.12.4/x64/lib/python3.12/site-packages/urllib3/connectionpool.py:1099: InsecureRequestWarning: Unverified HTTPS request is being made to host 'randomuser.me'. Adding certificate verification is strongly advised. See: https://urllib3.readthedocs.io/en/latest/advanced-usage.html#tls-warnings
  warnings.warn(</msg>
<msg time="2024-07-31T01:42:34.557821" level="INFO">${response} = &lt;Response [200]&gt;</msg>
<var>${response}</var>
<arg>consultarAPI</arg>
<arg>/api</arg>
<doc>Sends a GET request on a previously created HTTP Session.</doc>
<status status="PASS" start="2024-07-31T01:42:34.485206" elapsed="0.072665"/>
</kw>
<kw name="Set Variable" owner="BuiltIn">
<msg time="2024-07-31T01:42:34.558802" level="INFO">${json_data} = {'results': [{'gender': 'female', 'name': {'title': 'Mrs', 'first': 'سارا', 'last': 'یاسمی'}, 'location': {'street': {'number': 352, 'name': 'پیروزی'}, 'city': 'کرمان', 'state': 'اردبیل', 'country': '...</msg>
<var>${json_data}</var>
<arg>${response.json()}</arg>
<doc>Returns the given values which can then be assigned to a variables.</doc>
<status status="PASS" start="2024-07-31T01:42:34.558340" elapsed="0.000493"/>
</kw>
<kw name="Log" owner="BuiltIn">
<msg time="2024-07-31T01:42:34.559299" level="INFO">{'results': [{'gender': 'female', 'name': {'title': 'Mrs', 'first': 'سارا', 'last': 'یاسمی'}, 'location': {'street': {'number': 352, 'name': 'پیروزی'}, 'city': 'کرمان', 'state': 'اردبیل', 'country': 'Iran', 'postcode': 31502, 'coordinates': {'latitude': '16.8975', 'longitude': '16.9948'}, 'timezone': {'offset': '+4:30', 'description': 'Kabul'}}, 'email': 'sr.ysmy@example.com', 'login': {'uuid': '7f6a0fe1-35bb-4d34-98d4-bd4d43fd2880', 'username': 'crazypeacock844', 'password': 'skyline', 'salt': 'uQTZmqdG', 'md5': '08c3338ec2b98a034cf118d4699aa6d1', 'sha1': 'b64854751b0bc4f77c3c8ea1c9c773dec4128886', 'sha256': 'a984aae29fcdee2180a00c6950ce5f6c625d8c77c6c21f8453305d8213bf2a09'}, 'dob': {'date': '1962-01-12T09:51:32.639Z', 'age': 62}, 'registered': {'date': '2019-08-23T20:41:05.486Z', 'age': 4}, 'phone': '029-81550809', 'cell': '0931-037-1600', 'id': {'name': '', 'value': None}, 'picture': {'large': 'https://randomuser.me/api/portraits/women/27.jpg', 'medium': 'https://randomuser.me/api/portraits/med/women/27.jpg', 'thumbnail': 'https://randomuser.me/api/portraits/thumb/women/27.jpg'}, 'nat': 'IR'}], 'info': {'seed': '61ef5aeec1e46338', 'results': 1, 'page': 1, 'version': '1.4'}}</msg>
<arg>${json_data}</arg>
<doc>Logs the given message with the given level.</doc>
<status status="PASS" start="2024-07-31T01:42:34.559141" elapsed="0.000207"/>
</kw>
<kw name="Should Be String" owner="String">
<arg>${json_data['results'][0]['gender']}</arg>
<doc>Fails if the given ``item`` is not a string.</doc>
<status status="PASS" start="2024-07-31T01:42:34.559644" elapsed="0.000370"/>
</kw>
<kw name="Should Match Regexp" owner="BuiltIn">
<arg>${json_data['results'][0]['email']}</arg>
<arg>^[a-zA-Z0-9._%+-]+@[a-zA-Z0-9.-]+\.[a-zA-Z]{2,}$</arg>
<doc>Fails if ``string`` does not match ``pattern`` as a regular expression.</doc>
<status status="PASS" start="2024-07-31T01:42:34.560205" elapsed="0.000549"/>
</kw>
<kw name="Should Match Regexp" owner="BuiltIn">
<arg>${json_data['results'][0]['dob']['date']}</arg>
<arg>\\d{4}-\\d{2}-\\d{2}T\\d{2}:\\d{2}:\\d{2}\\.\\d{3}Z</arg>
<doc>Fails if ``string`` does not match ``pattern`` as a regular expression.</doc>
<status status="PASS" start="2024-07-31T01:42:34.560950" elapsed="0.000592"/>
</kw>
<kw name="Should Match Regexp" owner="BuiltIn">
<arg>${json_data['results'][0]['registered']['date']}</arg>
<arg>\\d{4}-\\d{2}-\\d{2}T\\d{2}:\\d{2}:\\d{2}\\.\\d{3}Z</arg>
<doc>Fails if ``string`` does not match ``pattern`` as a regular expression.</doc>
<status status="PASS" start="2024-07-31T01:42:34.561786" elapsed="0.000377"/>
</kw>
<kw name="Should Match Regexp" owner="BuiltIn">
<arg>${json_data['results'][0]['picture']['large']}</arg>
<arg>^https?://.*\.(?:png|jpe?g|gif|bmp)$</arg>
<doc>Fails if ``string`` does not match ``pattern`` as a regular expression.</doc>
<status status="PASS" start="2024-07-31T01:42:34.562357" elapsed="0.000464"/>
</kw>
<kw name="Should Match Regexp" owner="BuiltIn">
<arg>${json_data['results'][0]['picture']['medium']}</arg>
<arg>^https?://.*\.(?:png|jpe?g|gif|bmp)$</arg>
<doc>Fails if ``string`` does not match ``pattern`` as a regular expression.</doc>
<status status="PASS" start="2024-07-31T01:42:34.563012" elapsed="0.000356"/>
</kw>
<kw name="Should Match Regexp" owner="BuiltIn">
<arg>${json_data['results'][0]['picture']['thumbnail']}</arg>
<arg>^https?://.*\.(?:png|jpe?g|gif|bmp)$</arg>
<doc>Fails if ``string`` does not match ``pattern`` as a regular expression.</doc>
<status status="PASS" start="2024-07-31T01:42:34.563551" elapsed="0.000349"/>
</kw>
<kw name="Log" owner="BuiltIn">
<msg time="2024-07-31T01:42:34.564406" level="INFO">{'large': 'https://randomuser.me/api/portraits/women/27.jpg', 'medium': 'https://randomuser.me/api/portraits/med/women/27.jpg', 'thumbnail': 'https://randomuser.me/api/portraits/thumb/women/27.jpg'}</msg>
<arg>${json_data['results'][0]['picture']}</arg>
<doc>Logs the given message with the given level.</doc>
<status status="PASS" start="2024-07-31T01:42:34.564082" elapsed="0.000366"/>
</kw>
<status status="PASS" start="2024-07-31T01:42:34.484991" elapsed="0.079712"/>
</kw>
<kw name="Teste de Tipos de Dados - Postcode" owner="random-user-service">
<kw name="GET On Session" owner="RequestsLibrary">
<msg time="2024-07-31T01:42:34.671802" level="INFO">GET Request : url=https://randomuser.me/api 
 path_url=/api 
 headers={'User-Agent': 'python-requests/2.32.3', 'Accept-Encoding': 'gzip, deflate', 'Accept': '*/*', 'Connection': 'keep-alive'} 
 body=None 
 </msg>
<msg time="2024-07-31T01:42:34.671878" level="INFO">GET Response : url=https://randomuser.me/api 
 status=200, reason=OK 
 headers={'Date': 'Wed, 31 Jul 2024 01:42:34 GMT', 'Content-Type': 'application/json; charset=utf-8', 'Transfer-Encoding': 'chunked', 'Connection': 'keep-alive', 'X-Powered-By': 'Express', 'Access-Control-Allow-Origin': '*', 'Cache-Control': 'no-cache', 'ETag': 'W/"4a4-7Vvgj4dsVAQ1F/rG4CDOOdpHawQ"', 'Vary': 'Accept-Encoding', 'Content-Encoding': 'gzip', 'CF-Cache-Status': 'DYNAMIC', 'Report-To': '{"endpoints":[{"url":"https:\\/\\/a.nel.cloudflare.com\\/report\\/v4?s=TnscQd86g39RO0l1I54hwQJ4p1LCs9InkL1sLnc4nzYPd%2FmlqOV2oeyOdC6fVkyuijZlc6T%2FX4c8Hdr9F8zOIkgQQ3arLyN0b8WpC2ybN7gIZh3OMZbOHG3gR8Ryhkrd"}],"group":"cf-nel","max_age":604800}', 'NEL': '{"success_fraction":0,"report_to":"cf-nel","max_age":604800}', 'Server': 'cloudflare', 'CF-RAY': '8ab9e4820bf0118f-ORD', 'alt-svc': 'h3=":443"; ma=86400'} 
 body={"results":[{"gender":"male","name":{"title":"Mr","first":"Charlie","last":"Colin"},"location":{"street":{"number":283,"name":"Rue Abel-Gance"},"city":"Rennes","state":"Landes","country":"France","postcode":61053,"coordinates":{"latitude":"-14.9430","longitude":"-77.9014"},"timezone":{"offset":"0:00","description":"Western Europe Time, London, Lisbon, Casablanca"}},"email":"charlie.colin@example.com","login":{"uuid":"22605b89-1a29-4414-881d-7a9a04e9eea0","username":"beautifulswan543","password":"lockerroom","salt":"fNiKrgpr","md5":"f2ff5f38792814b5eea1a3bdefd94a0d","sha1":"ffd672abe800e9657e565e83120d0930f306c3d4","sha256":"5dbcd058210e8ecb1256d2332b26d32e25d111d454b654897382592a2ab805b5"},"dob":{"date":"1982-11-27T00:53:46.854Z","age":41},"registered":{"date":"2014-09-16T00:37:39.442Z","age":9},"phone":"01-29-69-86-06","cell":"06-92-18-01-20","id":{"name":"INSEE","value":"1821038678506 22"},"picture":{"large":"https://randomuser.me/api/portraits/men/67.jpg","medium":"https://randomuser.me/api/portraits/med/men/67.jpg","thumbnail":"https://randomuser.me/api/portraits/thumb/men/67.jpg"},"nat":"FR"}],"info":{"seed":"22035aa500cdbbb5","results":1,"page":1,"version":"1.4"}} 
 </msg>
<msg time="2024-07-31T01:42:34.671945" level="INFO">/opt/hostedtoolcache/Python/3.12.4/x64/lib/python3.12/site-packages/urllib3/connectionpool.py:1099: InsecureRequestWarning: Unverified HTTPS request is being made to host 'randomuser.me'. Adding certificate verification is strongly advised. See: https://urllib3.readthedocs.io/en/latest/advanced-usage.html#tls-warnings
  warnings.warn(</msg>
<msg time="2024-07-31T01:42:34.672057" level="INFO">${response} = &lt;Response [200]&gt;</msg>
<var>${response}</var>
<arg>consultarAPI</arg>
<arg>/api</arg>
<doc>Sends a GET request on a previously created HTTP Session.</doc>
<status status="PASS" start="2024-07-31T01:42:34.565126" elapsed="0.106981"/>
</kw>
<kw name="Set Variable" owner="BuiltIn">
<msg time="2024-07-31T01:42:34.673128" level="INFO">${json_data} = {'results': [{'gender': 'male', 'name': {'title': 'Mr', 'first': 'Charlie', 'last': 'Colin'}, 'location': {'street': {'number': 283, 'name': 'Rue Abel-Gance'}, 'city': 'Rennes', 'state': 'Landes', 'co...</msg>
<var>${json_data}</var>
<arg>${response.json()}</arg>
<doc>Returns the given values which can then be assigned to a variables.</doc>
<status status="PASS" start="2024-07-31T01:42:34.672613" elapsed="0.000543"/>
</kw>
<kw name="Log" owner="BuiltIn">
<msg time="2024-07-31T01:42:34.673648" level="INFO">{'results': [{'gender': 'male', 'name': {'title': 'Mr', 'first': 'Charlie', 'last': 'Colin'}, 'location': {'street': {'number': 283, 'name': 'Rue Abel-Gance'}, 'city': 'Rennes', 'state': 'Landes', 'country': 'France', 'postcode': 61053, 'coordinates': {'latitude': '-14.9430', 'longitude': '-77.9014'}, 'timezone': {'offset': '0:00', 'description': 'Western Europe Time, London, Lisbon, Casablanca'}}, 'email': 'charlie.colin@example.com', 'login': {'uuid': '22605b89-1a29-4414-881d-7a9a04e9eea0', 'username': 'beautifulswan543', 'password': 'lockerroom', 'salt': 'fNiKrgpr', 'md5': 'f2ff5f38792814b5eea1a3bdefd94a0d', 'sha1': 'ffd672abe800e9657e565e83120d0930f306c3d4', 'sha256': '5dbcd058210e8ecb1256d2332b26d32e25d111d454b654897382592a2ab805b5'}, 'dob': {'date': '1982-11-27T00:53:46.854Z', 'age': 41}, 'registered': {'date': '2014-09-16T00:37:39.442Z', 'age': 9}, 'phone': '01-29-69-86-06', 'cell': '06-92-18-01-20', 'id': {'name': 'INSEE', 'value': '1821038678506 22'}, 'picture': {'large': 'https://randomuser.me/api/portraits/men/67.jpg', 'medium': 'https://randomuser.me/api/portraits/med/men/67.jpg', 'thumbnail': 'https://randomuser.me/api/portraits/thumb/men/67.jpg'}, 'nat': 'FR'}], 'info': {'seed': '22035aa500cdbbb5', 'results': 1, 'page': 1, 'version': '1.4'}}</msg>
<arg>${json_data}</arg>
<doc>Logs the given message with the given level.</doc>
<status status="PASS" start="2024-07-31T01:42:34.673461" elapsed="0.000240"/>
</kw>
<kw name="Should Be Equal As Numbers" owner="BuiltIn">
<arg>${json_data['results'][0]['location']['postcode']}</arg>
<arg>${json_data['results'][0]['location']['postcode']}</arg>
<doc>Fails if objects are unequal after converting them to real numbers.</doc>
<status status="PASS" start="2024-07-31T01:42:34.673999" elapsed="0.000622"/>
</kw>
<kw name="Log" owner="BuiltIn">
<msg time="2024-07-31T01:42:34.675143" level="INFO">61053</msg>
<arg>${json_data['results'][0]['location']['postcode']}</arg>
<doc>Logs the given message with the given level.</doc>
<status status="PASS" start="2024-07-31T01:42:34.674813" elapsed="0.000401"/>
</kw>
<status status="PASS" start="2024-07-31T01:42:34.564910" elapsed="0.110555"/>
</kw>
<doc>Testa se os tipos de dados na resposta da API estão corretos.</doc>
<tag>testeTiposDados</tag>
<status status="PASS" start="2024-07-31T01:42:34.484469" elapsed="0.191149"/>
</test>
<test id="s1-s1-t5" name="Validar conteudo" line="35">
<kw name="Teste de Tipos de Conteudo" owner="random-user-service">
<kw name="GET On Session" owner="RequestsLibrary">
<msg time="2024-07-31T01:42:34.758999" level="INFO">GET Request : url=https://randomuser.me/api 
 path_url=/api 
 headers={'User-Agent': 'python-requests/2.32.3', 'Accept-Encoding': 'gzip, deflate', 'Accept': '*/*', 'Connection': 'keep-alive'} 
 body=None 
 </msg>
<msg time="2024-07-31T01:42:34.759100" level="INFO">GET Response : url=https://randomuser.me/api 
 status=200, reason=OK 
 headers={'Date': 'Wed, 31 Jul 2024 01:42:34 GMT', 'Content-Type': 'application/json; charset=utf-8', 'Transfer-Encoding': 'chunked', 'Connection': 'keep-alive', 'X-Powered-By': 'Express', 'Access-Control-Allow-Origin': '*', 'Cache-Control': 'no-cache', 'ETag': 'W/"47c-8wPHJpt8stCcIAFZ8QNLdmZQR20"', 'Vary': 'Accept-Encoding', 'Content-Encoding': 'gzip', 'CF-Cache-Status': 'DYNAMIC', 'Report-To': '{"endpoints":[{"url":"https:\\/\\/a.nel.cloudflare.com\\/report\\/v4?s=GDH32%2FbIElPABQbReoXSOVClOUTJaqQ26ha5YWJo0sEO1E6vTgDDjwTy8kkqAKsKeq0rzNRzOvDB5F3SokQRb%2BUSxerjsdzQBaVMgpVim%2F0iWcodgmNV1Kf5g97EDfE0"}],"group":"cf-nel","max_age":604800}', 'NEL': '{"success_fraction":0,"report_to":"cf-nel","max_age":604800}', 'Server': 'cloudflare', 'CF-RAY': '8ab9e482bcfc118f-ORD', 'alt-svc': 'h3=":443"; ma=86400'} 
 body={"results":[{"gender":"male","name":{"title":"Mr","first":"Johan","last":"Møller"},"location":{"street":{"number":7533,"name":"Søndervej"},"city":"Askeby","state":"Midtjylland","country":"Denmark","postcode":38175,"coordinates":{"latitude":"-39.4005","longitude":"-10.9269"},"timezone":{"offset":"-12:00","description":"Eniwetok, Kwajalein"}},"email":"johan.moller@example.com","login":{"uuid":"690cd175-2941-4366-831a-764ce617beb0","username":"beautifulostrich496","password":"christine","salt":"iKsfnyyI","md5":"45dda77ef59bb0bb2f4e4a4ebb4ab1a9","sha1":"b652e4a305818c71a7e5395d8554638d0cd5b827","sha256":"e39c852a0cac98f3d872801033a5c7f0056e3bd78276e7ff528957d84dfced2b"},"dob":{"date":"1965-12-23T23:03:22.564Z","age":58},"registered":{"date":"2007-09-28T06:12:13.708Z","age":16},"phone":"93046970","cell":"40656291","id":{"name":"CPR","value":"231265-2041"},"picture":{"large":"https://randomuser.me/api/portraits/men/77.jpg","medium":"https://randomuser.me/api/portraits/med/men/77.jpg","thumbnail":"https://randomuser.me/api/portraits/thumb/men/77.jpg"},"nat":"DK"}],"info":{"seed":"bf91357dd089e72d","results":1,"page":1,"version":"1.4"}} 
 </msg>
<msg time="2024-07-31T01:42:34.759184" level="INFO">/opt/hostedtoolcache/Python/3.12.4/x64/lib/python3.12/site-packages/urllib3/connectionpool.py:1099: InsecureRequestWarning: Unverified HTTPS request is being made to host 'randomuser.me'. Adding certificate verification is strongly advised. See: https://urllib3.readthedocs.io/en/latest/advanced-usage.html#tls-warnings
  warnings.warn(</msg>
<msg time="2024-07-31T01:42:34.759316" level="INFO">${response} = &lt;Response [200]&gt;</msg>
<var>${response}</var>
<arg>consultarAPI</arg>
<arg>/api</arg>
<doc>Sends a GET request on a previously created HTTP Session.</doc>
<status status="PASS" start="2024-07-31T01:42:34.678087" elapsed="0.081285"/>
</kw>
<kw name="Set Variable" owner="BuiltIn">
<msg time="2024-07-31T01:42:34.760652" level="INFO">${json_data} = {'results': [{'gender': 'male', 'name': {'title': 'Mr', 'first': 'Johan', 'last': 'Møller'}, 'location': {'street': {'number': 7533, 'name': 'Søndervej'}, 'city': 'Askeby', 'state': 'Midtjylland', 'co...</msg>
<var>${json_data}</var>
<arg>${response.json()}</arg>
<doc>Returns the given values which can then be assigned to a variables.</doc>
<status status="PASS" start="2024-07-31T01:42:34.760034" elapsed="0.000666"/>
</kw>
<kw name="Set Variable" owner="BuiltIn">
<msg time="2024-07-31T01:42:34.761503" level="INFO">${name_title} = Mr</msg>
<var>${name_title}</var>
<arg>${json_data["results"][0]["name"]["title"]}</arg>
<doc>Returns the given values which can then be assigned to a variables.</doc>
<status status="PASS" start="2024-07-31T01:42:34.761110" elapsed="0.000419"/>
</kw>
<kw name="Create List" owner="BuiltIn">
<msg time="2024-07-31T01:42:34.762003" level="INFO">${allowed_titles} = ['Mr', 'Ms', 'Miss', 'Mrs', 'Madame', 'Monsieur']</msg>
<var>${allowed_titles}</var>
<arg>Mr</arg>
<arg>Ms</arg>
<arg>Miss</arg>
<arg>Mrs</arg>
<arg>Madame</arg>
<arg>Monsieur</arg>
<doc>Returns a list containing given items.</doc>
<status status="PASS" start="2024-07-31T01:42:34.761852" elapsed="0.000176"/>
</kw>
<kw name="List Should Contain Value" owner="Collections">
<arg>${allowed_titles}</arg>
<arg>${name_title}</arg>
<doc>Fails if the ``value`` is not found from ``list``.</doc>
<status status="PASS" start="2024-07-31T01:42:34.762326" elapsed="0.000184"/>
</kw>
<kw name="Set Variable" owner="BuiltIn">
<msg time="2024-07-31T01:42:34.763068" level="INFO">${name_country} = DK</msg>
<var>${name_country}</var>
<arg>${json_data["results"][0]["nat"]}</arg>
<doc>Returns the given values which can then be assigned to a variables.</doc>
<status status="PASS" start="2024-07-31T01:42:34.762693" elapsed="0.000400"/>
</kw>
<kw name="Create List" owner="BuiltIn">
<msg time="2024-07-31T01:42:34.763980" level="INFO">${list_country} = ['AD', 'AE', 'AF', 'AG', 'AI', 'AL', 'AM', 'AO', 'AQ', 'AR', 'AS', 'AT', 'AU', 'AW', 'AX', 'AZ', 'BA', 'BB', 'BD', 'BE', 'BF', 'BG', 'BH', 'BI', 'BJ', 'BL', 'BM', 'BN', 'BO', 'BQ', 'BR', 'BS', 'BT', '...</msg>
<var>${list_country}</var>
<arg>AD</arg>
<arg>AE</arg>
<arg>AF</arg>
<arg>AG</arg>
<arg>AI</arg>
<arg>AL</arg>
<arg>AM</arg>
<arg>AO</arg>
<arg>AQ</arg>
<arg>AR</arg>
<arg>AS</arg>
<arg>AT</arg>
<arg>AU</arg>
<arg>AW</arg>
<arg>AX</arg>
<arg>AZ</arg>
<arg>BA</arg>
<arg>BB</arg>
<arg>BD</arg>
<arg>BE</arg>
<arg>BF</arg>
<arg>BG</arg>
<arg>BH</arg>
<arg>BI</arg>
<arg>BJ</arg>
<arg>BL</arg>
<arg>BM</arg>
<arg>BN</arg>
<arg>BO</arg>
<arg>BQ</arg>
<arg>BR</arg>
<arg>BS</arg>
<arg>BT</arg>
<arg>BV</arg>
<arg>BW</arg>
<arg>BY</arg>
<arg>BZ</arg>
<arg>CA</arg>
<arg>CC</arg>
<arg>CD</arg>
<arg>CF</arg>
<arg>CG</arg>
<arg>CH</arg>
<arg>CI</arg>
<arg>CK</arg>
<arg>CL</arg>
<arg>CM</arg>
<arg>CN</arg>
<arg>CO</arg>
<arg>CR</arg>
<arg>CU</arg>
<arg>CV</arg>
<arg>CW</arg>
<arg>CX</arg>
<arg>CY</arg>
<arg>CZ</arg>
<arg>DE</arg>
<arg>DJ</arg>
<arg>DK</arg>
<arg>DM</arg>
<arg>DO</arg>
<arg>DZ</arg>
<arg>EC</arg>
<arg>EE</arg>
<arg>EG</arg>
<arg>EH</arg>
<arg>ER</arg>
<arg>ES</arg>
<arg>ET</arg>
<arg>FI</arg>
<arg>FJ</arg>
<arg>FK</arg>
<arg>FM</arg>
<arg>FO</arg>
<arg>FR</arg>
<arg>GA</arg>
<arg>GB</arg>
<arg>GD</arg>
<arg>GE</arg>
<arg>GF</arg>
<arg>GG</arg>
<arg>GH</arg>
<arg>GI</arg>
<arg>GL</arg>
<arg>GM</arg>
<arg>GN</arg>
<arg>GP</arg>
<arg>GQ</arg>
<arg>GR</arg>
<arg>GS</arg>
<arg>GT</arg>
<arg>GU</arg>
<arg>GW</arg>
<arg>GY</arg>
<arg>HK</arg>
<arg>HM</arg>
<arg>HN</arg>
<arg>HR</arg>
<arg>HT</arg>
<arg>HU</arg>
<arg>ID</arg>
<arg>IE</arg>
<arg>IL</arg>
<arg>IM</arg>
<arg>IN</arg>
<arg>IO</arg>
<arg>IQ</arg>
<arg>IR</arg>
<arg>IS</arg>
<arg>IT</arg>
<arg>JE</arg>
<arg>JM</arg>
<arg>JO</arg>
<arg>JP</arg>
<arg>KE</arg>
<arg>KG</arg>
<arg>KH</arg>
<arg>KI</arg>
<arg>KM</arg>
<arg>KN</arg>
<arg>KP</arg>
<arg>KR</arg>
<arg>KW</arg>
<arg>KY</arg>
<arg>KZ</arg>
<arg>LA</arg>
<arg>LB</arg>
<arg>LC</arg>
<arg>LI</arg>
<arg>LK</arg>
<arg>LR</arg>
<arg>LS</arg>
<arg>LT</arg>
<arg>LU</arg>
<arg>LV</arg>
<arg>LY</arg>
<arg>MA</arg>
<arg>MC</arg>
<arg>MD</arg>
<arg>ME</arg>
<arg>MF</arg>
<arg>MG</arg>
<arg>MH</arg>
<arg>MK</arg>
<arg>ML</arg>
<arg>MM</arg>
<arg>MN</arg>
<arg>MO</arg>
<arg>MP</arg>
<arg>MQ</arg>
<arg>MR</arg>
<arg>MS</arg>
<arg>MT</arg>
<arg>MU</arg>
<arg>MV</arg>
<arg>MW</arg>
<arg>MX</arg>
<arg>MY</arg>
<arg>MZ</arg>
<arg>NA</arg>
<arg>NC</arg>
<arg>NE</arg>
<arg>NF</arg>
<arg>NG</arg>
<arg>NI</arg>
<arg>NL</arg>
<arg>NO</arg>
<arg>NP</arg>
<arg>NR</arg>
<arg>NU</arg>
<arg>NZ</arg>
<arg>OM</arg>
<arg>PA</arg>
<arg>PE</arg>
<arg>PF</arg>
<arg>PG</arg>
<arg>PH</arg>
<arg>PK</arg>
<arg>PL</arg>
<arg>PM</arg>
<arg>PN</arg>
<arg>PR</arg>
<arg>PS</arg>
<arg>PT</arg>
<arg>PW</arg>
<arg>PY</arg>
<arg>QA</arg>
<arg>RE</arg>
<arg>RO</arg>
<arg>RS</arg>
<arg>RU</arg>
<arg>RW</arg>
<arg>SA</arg>
<arg>SB</arg>
<arg>SC</arg>
<arg>SD</arg>
<arg>SE</arg>
<arg>SG</arg>
<arg>SH</arg>
<arg>SI</arg>
<arg>SJ</arg>
<arg>SK</arg>
<arg>SL</arg>
<arg>SM</arg>
<arg>SN</arg>
<arg>SO</arg>
<arg>SR</arg>
<arg>SS</arg>
<arg>ST</arg>
<arg>SV</arg>
<arg>SX</arg>
<arg>SY</arg>
<arg>SZ</arg>
<arg>TC</arg>
<arg>TD</arg>
<arg>TF</arg>
<arg>TG</arg>
<arg>TH</arg>
<arg>TJ</arg>
<arg>TK</arg>
<arg>TL</arg>
<arg>TM</arg>
<arg>TN</arg>
<arg>TO</arg>
<arg>TR</arg>
<arg>TT</arg>
<arg>TV</arg>
<arg>TW</arg>
<arg>TZ</arg>
<arg>UA</arg>
<arg>UG</arg>
<arg>UM</arg>
<arg>US</arg>
<arg>UY</arg>
<arg>UZ</arg>
<arg>VA</arg>
<arg>VC</arg>
<arg>VE</arg>
<arg>VG</arg>
<arg>VI</arg>
<arg>VN</arg>
<arg>VU</arg>
<arg>WF</arg>
<arg>WS</arg>
<arg>XK</arg>
<arg>YE</arg>
<arg>YT</arg>
<arg>ZA</arg>
<arg>ZM</arg>
<arg>ZW</arg>
<doc>Returns a list containing given items.</doc>
<status status="PASS" start="2024-07-31T01:42:34.763386" elapsed="0.000620"/>
</kw>
<kw name="List Should Contain Value" owner="Collections">
<arg>${list_country}</arg>
<arg>${name_country}</arg>
<doc>Fails if the ``value`` is not found from ``list``.</doc>
<status status="PASS" start="2024-07-31T01:42:34.764948" elapsed="0.000215"/>
</kw>
<kw name="Run Keyword If" owner="BuiltIn">
<kw name="Should Be True" owner="BuiltIn">
<arg>${True}</arg>
<doc>Fails if the given condition is not true.</doc>
<status status="PASS" start="2024-07-31T01:42:34.766134" elapsed="0.000146"/>
</kw>
<arg>${json_data["results"][0]["location"]["coordinates"]["latitude"]} &gt;= -90 and ${json_data["results"][0]["location"]["coordinates"]["latitude"]} &lt;= 90</arg>
<arg>Should Be True</arg>
<arg>${True}</arg>
<doc>Runs the given keyword with the given arguments, if ``condition`` is true.</doc>
<status status="PASS" start="2024-07-31T01:42:34.765363" elapsed="0.001043"/>
</kw>
<kw name="Run Keyword If" owner="BuiltIn">
<kw name="Should Be True" owner="BuiltIn">
<arg>${True}</arg>
<doc>Fails if the given condition is not true.</doc>
<status status="PASS" start="2024-07-31T01:42:34.767283" elapsed="0.000138"/>
</kw>
<arg>${json_data["results"][0]["location"]["coordinates"]["longitude"]} &gt;= -180 and ${json_data["results"][0]["location"]["coordinates"]["longitude"]} &lt;= 180</arg>
<arg>Should Be True</arg>
<arg>${True}</arg>
<doc>Runs the given keyword with the given arguments, if ``condition`` is true.</doc>
<status status="PASS" start="2024-07-31T01:42:34.766588" elapsed="0.000956"/>
</kw>
<status status="PASS" start="2024-07-31T01:42:34.677868" elapsed="0.089804"/>
</kw>
<doc>Testa o conteúdo específico dos campos retornados pela API.</doc>
<tag>testeConteudo</tag>
<status status="PASS" start="2024-07-31T01:42:34.677349" elapsed="0.090465"/>
</test>
<status status="PASS" start="2024-07-31T01:42:33.935170" elapsed="0.834571"/>
</suite>
<status status="PASS" start="2024-07-31T01:42:33.920605" elapsed="0.854186"/>
</suite>
<statistics>
<total>
<stat pass="5" fail="0" skip="0">All Tests</stat>
</total>
<tag>
<stat pass="1" fail="0" skip="0">testeConteudo</stat>
<stat pass="1" fail="0" skip="0">testeEstruturaResposta</stat>
<stat pass="1" fail="0" skip="0">testeRequisicaoBasica</stat>
<stat pass="1" fail="0" skip="0">testeTiposDados</stat>
</tag>
<suite>
<stat pass="5" fail="0" skip="0" id="s1" name="Tests">Tests</stat>
<stat pass="5" fail="0" skip="0" id="s1-s1" name="Random-User-Test">Tests.Random-User-Test</stat>
</suite>
</statistics>
<errors>
</errors>
</robot>
