<?xml version="1.0" encoding="UTF-8"?>
<robot generator="Robot 7.0 (Python 3.12.3 on linux)" generated="2024-05-02T11:11:55.156391" rpa="false" schemaversion="5">
<suite id="s1" name="Tests" source="/home/runner/work/DesafioQAItauRogerioJordao/DesafioQAItauRogerioJordao/RamdonUser/tests">
<suite id="s1-s1" name="Random-User-Test" source="/home/runner/work/DesafioQAItauRogerioJordao/DesafioQAItauRogerioJordao/RamdonUser/tests/random-user-test.robot">
<test id="s1-s1-t1" name="Conectar" line="13">
<kw name="Conectar API" owner="random-user-service">
<kw name="Create Session" owner="RequestsLibrary">
<msg time="2024-05-02T11:11:55.512412" level="INFO">Creating Session using : alias=consultarAPI, url=https://randomuser.me/, headers={},                     cookies={}, auth=None, timeout=None, proxies=None, verify=False,                     debug=0 </msg>
<arg>consultarAPI</arg>
<arg>${URL}</arg>
<doc>Create Session: create a HTTP session to a server</doc>
<status status="PASS" start="2024-05-02T11:11:55.512217" elapsed="0.000368"/>
</kw>
<status status="PASS" start="2024-05-02T11:11:55.511277" elapsed="0.001657"/>
</kw>
<status status="PASS" start="2024-05-02T11:11:55.510765" elapsed="0.002362"/>
</test>
<test id="s1-s1-t2" name="Validar retorno 200 e JSON Válido" line="16">
<kw name="Teste de Requisicao Basica" owner="random-user-service">
<kw name="GET On Session" owner="RequestsLibrary">
<msg time="2024-05-02T11:11:55.627219" level="INFO">GET Request : url=https://randomuser.me/api 
 path_url=/api 
 headers={'User-Agent': 'python-requests/2.31.0', 'Accept-Encoding': 'gzip, deflate', 'Accept': '*/*', 'Connection': 'keep-alive'} 
 body=None 
 </msg>
<msg time="2024-05-02T11:11:55.627358" level="INFO">GET Response : url=https://randomuser.me/api 
 status=200, reason=OK 
 headers={'Date': 'Thu, 02 May 2024 11:11:55 GMT', 'Content-Type': 'application/json; charset=utf-8', 'Transfer-Encoding': 'chunked', 'Connection': 'keep-alive', 'X-Powered-By': 'Express', 'Access-Control-Allow-Origin': '*', 'Cache-Control': 'no-cache', 'ETag': 'W/"48c-fgpmCptPgBrjcGTL5xKJ9++I+Sc"', 'Vary': 'Accept-Encoding', 'Content-Encoding': 'gzip', 'CF-Cache-Status': 'DYNAMIC', 'Report-To': '{"endpoints":[{"url":"https:\\/\\/a.nel.cloudflare.com\\/report\\/v4?s=ndG%2BqBB5ej7jFkPcJORSg5XQDolkIb%2FII4ovZb4kp6pkbVW%2FxTThm6F7OuToRSEJ02sT%2BOuRrR8jg%2BFwcv3TlVo%2BRYc3r%2FqQa3v7h6qu9qFDm72tfAQEeVhnLeUOYBsT"}],"group":"cf-nel","max_age":604800}', 'NEL': '{"success_fraction":0,"report_to":"cf-nel","max_age":604800}', 'Server': 'cloudflare', 'CF-RAY': '87d792c428c5cfdd-SJC', 'alt-svc': 'h3=":443"; ma=86400'} 
 body={"results":[{"gender":"male","name":{"title":"Mr","first":"Milan","last":"Roussel"},"location":{"street":{"number":2265,"name":"Place de L'Abbé-Jean-Lebeuf"},"city":"Saint-Pierre","state":"Hérault","country":"France","postcode":63502,"coordinates":{"latitude":"-18.2503","longitude":"-70.4120"},"timezone":{"offset":"+3:30","description":"Tehran"}},"email":"milan.roussel@example.com","login":{"uuid":"ae933d79-3c2d-4afe-abfb-149488746bb1","username":"yellowpanda201","password":"poker","salt":"oYh1P84y","md5":"c798a306c15ed0dbf131069be62c02bb","sha1":"dab8d85adbbed66591604b301df6ef01c7bc6d86","sha256":"6c5f38ad69caa1d778d092ca395a6061a1be0fd0e67ff8543005f9bc491f1dbb"},"dob":{"date":"1961-03-31T02:14:01.253Z","age":63},"registered":{"date":"2014-09-04T15:11:39.922Z","age":9},"phone":"03-54-34-77-13","cell":"06-41-47-59-44","id":{"name":"INSEE","value":"1610268866298 16"},"picture":{"large":"https://randomuser.me/api/portraits/men/30.jpg","medium":"https://randomuser.me/api/portraits/med/men/30.jpg","thumbnail":"https://randomuser.me/api/portraits/thumb/men/30.jpg"},"nat":"FR"}],"info":{"seed":"14ceef5d52ba3bc4","results":1,"page":1,"version":"1.4"}} 
 </msg>
<msg time="2024-05-02T11:11:55.627445" level="INFO">/opt/hostedtoolcache/Python/3.12.3/x64/lib/python3.12/site-packages/urllib3/connectionpool.py:1103: InsecureRequestWarning: Unverified HTTPS request is being made to host 'randomuser.me'. Adding certificate verification is strongly advised. See: https://urllib3.readthedocs.io/en/latest/advanced-usage.html#tls-warnings
  warnings.warn(</msg>
<msg time="2024-05-02T11:11:55.627595" level="INFO">${response} = &lt;Response [200]&gt;</msg>
<var>${response}</var>
<arg>consultarAPI</arg>
<arg>/api</arg>
<doc>Sends a GET request on a previously created HTTP Session.</doc>
<status status="PASS" start="2024-05-02T11:11:55.515735" elapsed="0.111910"/>
</kw>
<kw name="Should Be Equal As Numbers" owner="BuiltIn">
<msg time="2024-05-02T11:11:55.628766" level="INFO">Argument types are:
&lt;class 'int'&gt;
&lt;class 'str'&gt;</msg>
<arg>${response.status_code}</arg>
<arg>200</arg>
<doc>Fails if objects are unequal after converting them to real numbers.</doc>
<status status="PASS" start="2024-05-02T11:11:55.628235" elapsed="0.000596"/>
</kw>
<kw name="Log" owner="BuiltIn">
<msg time="2024-05-02T11:11:55.629537" level="INFO">200</msg>
<arg>${response.status_code}</arg>
<doc>Logs the given message with the given level.</doc>
<status status="PASS" start="2024-05-02T11:11:55.629178" elapsed="0.000402"/>
</kw>
<kw name="Set Variable" owner="BuiltIn">
<msg time="2024-05-02T11:11:55.630329" level="INFO">${json_data} = {'results': [{'gender': 'male', 'name': {'title': 'Mr', 'first': 'Milan', 'last': 'Roussel'}, 'location': {'street': {'number': 2265, 'name': "Place de L'Abbé-Jean-Lebeuf"}, 'city': 'Saint-Pierre', 's...</msg>
<var>${json_data}</var>
<arg>${response.json()}</arg>
<doc>Returns the given values which can then be assigned to a variables.</doc>
<status status="PASS" start="2024-05-02T11:11:55.629886" elapsed="0.000473"/>
</kw>
<kw name="Dictionary Should Contain Key" owner="Collections">
<msg time="2024-05-02T11:11:55.630871" level="INFO">False</msg>
<arg>${json_data}</arg>
<arg>results</arg>
<doc>Fails if ``key`` is not found from ``dictionary``.</doc>
<status status="PASS" start="2024-05-02T11:11:55.630703" elapsed="0.000208"/>
</kw>
<status status="PASS" start="2024-05-02T11:11:55.515493" elapsed="0.115674"/>
</kw>
<doc>Testa se a API responde corretamente e retorna um objeto JSON válido.</doc>
<tag>testeRequisicaoBasica</tag>
<status status="PASS" start="2024-05-02T11:11:55.515048" elapsed="0.116301"/>
</test>
<test id="s1-s1-t3" name="Validar estrutura de resposta" line="22">
<kw name="Teste de Estrutura de Resposta" owner="random-user-service">
<kw name="GET On Session" owner="RequestsLibrary">
<msg time="2024-05-02T11:11:55.742686" level="INFO">GET Request : url=https://randomuser.me/api 
 path_url=/api 
 headers={'User-Agent': 'python-requests/2.31.0', 'Accept-Encoding': 'gzip, deflate', 'Accept': '*/*', 'Connection': 'keep-alive'} 
 body=None 
 </msg>
<msg time="2024-05-02T11:11:55.742777" level="INFO">GET Response : url=https://randomuser.me/api 
 status=200, reason=OK 
 headers={'Date': 'Thu, 02 May 2024 11:11:55 GMT', 'Content-Type': 'application/json; charset=utf-8', 'Transfer-Encoding': 'chunked', 'Connection': 'keep-alive', 'X-Powered-By': 'Express', 'Access-Control-Allow-Origin': '*', 'Cache-Control': 'no-cache', 'ETag': 'W/"478-MU3YUop8cmgvpbkE0exmCmO8rpo"', 'Vary': 'Accept-Encoding', 'Content-Encoding': 'gzip', 'CF-Cache-Status': 'DYNAMIC', 'Report-To': '{"endpoints":[{"url":"https:\\/\\/a.nel.cloudflare.com\\/report\\/v4?s=6QB0sioqWWIw3QEA1yaRixB4aOqLKfgxTlzkeSC6d%2BClh3Vedm3P2GTk2%2FeCf1AuCDjR2WuWU4kuqaVdqVHKYFVbkiYY1rxRDS%2BiWuHW%2Fh5ZYymANgqyfCeuXVQ4QFTO"}],"group":"cf-nel","max_age":604800}', 'NEL': '{"success_fraction":0,"report_to":"cf-nel","max_age":604800}', 'Server': 'cloudflare', 'CF-RAY': '87d792c4b936cfdd-SJC', 'alt-svc': 'h3=":443"; ma=86400'} 
 body={"results":[{"gender":"female","name":{"title":"Ms","first":"Greta","last":"Storm"},"location":{"street":{"number":6920,"name":"Raiffeisenstraße"},"city":"Ulm","state":"Saarland","country":"Germany","postcode":61023,"coordinates":{"latitude":"-53.3246","longitude":"155.7290"},"timezone":{"offset":"+4:30","description":"Kabul"}},"email":"greta.storm@example.com","login":{"uuid":"5daabceb-9575-4712-a6db-2664947124a1","username":"silverdog460","password":"sunnyday","salt":"wBuDfkAy","md5":"cdaeef604f86bf13a894d1f199d79164","sha1":"7de3e30790aaa56133ec2bac839e6639c41ce668","sha256":"3e24fc9ff6db999758476ebd14a2fb8e3d4ef2541fee5c29ce5f8f372df383a4"},"dob":{"date":"1966-11-26T17:04:45.259Z","age":57},"registered":{"date":"2007-09-21T02:59:19.258Z","age":16},"phone":"0240-1360749","cell":"0178-7473972","id":{"name":"SVNR","value":"47 261166 S 771"},"picture":{"large":"https://randomuser.me/api/portraits/women/59.jpg","medium":"https://randomuser.me/api/portraits/med/women/59.jpg","thumbnail":"https://randomuser.me/api/portraits/thumb/women/59.jpg"},"nat":"DE"}],"info":{"seed":"0b3dd4ec6c54d670","results":1,"page":1,"version":"1.4"}} 
 </msg>
<msg time="2024-05-02T11:11:55.742903" level="INFO">/opt/hostedtoolcache/Python/3.12.3/x64/lib/python3.12/site-packages/urllib3/connectionpool.py:1103: InsecureRequestWarning: Unverified HTTPS request is being made to host 'randomuser.me'. Adding certificate verification is strongly advised. See: https://urllib3.readthedocs.io/en/latest/advanced-usage.html#tls-warnings
  warnings.warn(</msg>
<msg time="2024-05-02T11:11:55.743035" level="INFO">${response} = &lt;Response [200]&gt;</msg>
<var>${response}</var>
<arg>consultarAPI</arg>
<arg>/api</arg>
<doc>Sends a GET request on a previously created HTTP Session.</doc>
<status status="PASS" start="2024-05-02T11:11:55.634007" elapsed="0.109072"/>
</kw>
<kw name="Set Variable" owner="BuiltIn">
<msg time="2024-05-02T11:11:55.743924" level="INFO">${json_data} = {'results': [{'gender': 'female', 'name': {'title': 'Ms', 'first': 'Greta', 'last': 'Storm'}, 'location': {'street': {'number': 6920, 'name': 'Raiffeisenstraße'}, 'city': 'Ulm', 'state': 'Saarland', '...</msg>
<var>${json_data}</var>
<arg>${response.json()}</arg>
<doc>Returns the given values which can then be assigned to a variables.</doc>
<status status="PASS" start="2024-05-02T11:11:55.743461" elapsed="0.000493"/>
</kw>
<kw name="Log" owner="BuiltIn">
<msg time="2024-05-02T11:11:55.744429" level="INFO">{'results': [{'gender': 'female', 'name': {'title': 'Ms', 'first': 'Greta', 'last': 'Storm'}, 'location': {'street': {'number': 6920, 'name': 'Raiffeisenstraße'}, 'city': 'Ulm', 'state': 'Saarland', 'country': 'Germany', 'postcode': 61023, 'coordinates': {'latitude': '-53.3246', 'longitude': '155.7290'}, 'timezone': {'offset': '+4:30', 'description': 'Kabul'}}, 'email': 'greta.storm@example.com', 'login': {'uuid': '5daabceb-9575-4712-a6db-2664947124a1', 'username': 'silverdog460', 'password': 'sunnyday', 'salt': 'wBuDfkAy', 'md5': 'cdaeef604f86bf13a894d1f199d79164', 'sha1': '7de3e30790aaa56133ec2bac839e6639c41ce668', 'sha256': '3e24fc9ff6db999758476ebd14a2fb8e3d4ef2541fee5c29ce5f8f372df383a4'}, 'dob': {'date': '1966-11-26T17:04:45.259Z', 'age': 57}, 'registered': {'date': '2007-09-21T02:59:19.258Z', 'age': 16}, 'phone': '0240-1360749', 'cell': '0178-7473972', 'id': {'name': 'SVNR', 'value': '47 261166 S 771'}, 'picture': {'large': 'https://randomuser.me/api/portraits/women/59.jpg', 'medium': 'https://randomuser.me/api/portraits/med/women/59.jpg', 'thumbnail': 'https://randomuser.me/api/portraits/thumb/women/59.jpg'}, 'nat': 'DE'}], 'info': {'seed': '0b3dd4ec6c54d670', 'results': 1, 'page': 1, 'version': '1.4'}}</msg>
<arg>${json_data}</arg>
<doc>Logs the given message with the given level.</doc>
<status status="PASS" start="2024-05-02T11:11:55.744263" elapsed="0.000216"/>
</kw>
<kw name="Dictionary Should Contain Key" owner="Collections">
<msg time="2024-05-02T11:11:55.744936" level="INFO">False</msg>
<arg>${json_data}</arg>
<arg>results</arg>
<doc>Fails if ``key`` is not found from ``dictionary``.</doc>
<status status="PASS" start="2024-05-02T11:11:55.744782" elapsed="0.000192"/>
</kw>
<kw name="Should Not Be Empty" owner="BuiltIn">
<msg time="2024-05-02T11:11:55.745646" level="INFO">Length is 2.</msg>
<arg>${json_data}</arg>
<doc>Verifies that the given item is not empty.</doc>
<status status="PASS" start="2024-05-02T11:11:55.745419" elapsed="0.000296"/>
</kw>
<kw name="Create List" owner="BuiltIn">
<msg time="2024-05-02T11:11:55.746690" level="INFO">${expected_keys} = ['gender', 'name', 'location', 'email', 'login']</msg>
<var>${expected_keys}</var>
<arg>gender</arg>
<arg>name</arg>
<arg>location</arg>
<arg>email</arg>
<arg>login</arg>
<doc>Returns a list containing given items.</doc>
<status status="PASS" start="2024-05-02T11:11:55.746227" elapsed="0.000504"/>
</kw>
<for flavor="IN">
<iter>
<kw name="Dictionary Should Contain Key" owner="Collections">
<msg time="2024-05-02T11:11:55.748140" level="INFO">False</msg>
<arg>${json_data['results'][0]}</arg>
<arg>${key}</arg>
<doc>Fails if ``key`` is not found from ``dictionary``.</doc>
<status status="PASS" start="2024-05-02T11:11:55.747547" elapsed="0.000647"/>
</kw>
<kw name="Log" owner="BuiltIn">
<msg time="2024-05-02T11:11:55.748981" level="INFO">{'gender': 'female', 'name': {'title': 'Ms', 'first': 'Greta', 'last': 'Storm'}, 'location': {'street': {'number': 6920, 'name': 'Raiffeisenstraße'}, 'city': 'Ulm', 'state': 'Saarland', 'country': 'Germany', 'postcode': 61023, 'coordinates': {'latitude': '-53.3246', 'longitude': '155.7290'}, 'timezone': {'offset': '+4:30', 'description': 'Kabul'}}, 'email': 'greta.storm@example.com', 'login': {'uuid': '5daabceb-9575-4712-a6db-2664947124a1', 'username': 'silverdog460', 'password': 'sunnyday', 'salt': 'wBuDfkAy', 'md5': 'cdaeef604f86bf13a894d1f199d79164', 'sha1': '7de3e30790aaa56133ec2bac839e6639c41ce668', 'sha256': '3e24fc9ff6db999758476ebd14a2fb8e3d4ef2541fee5c29ce5f8f372df383a4'}, 'dob': {'date': '1966-11-26T17:04:45.259Z', 'age': 57}, 'registered': {'date': '2007-09-21T02:59:19.258Z', 'age': 16}, 'phone': '0240-1360749', 'cell': '0178-7473972', 'id': {'name': 'SVNR', 'value': '47 261166 S 771'}, 'picture': {'large': 'https://randomuser.me/api/portraits/women/59.jpg', 'medium': 'https://randomuser.me/api/portraits/med/women/59.jpg', 'thumbnail': 'https://randomuser.me/api/portraits/thumb/women/59.jpg'}, 'nat': 'DE'}</msg>
<arg>${json_data['results'][0]}</arg>
<doc>Logs the given message with the given level.</doc>
<status status="PASS" start="2024-05-02T11:11:55.748581" elapsed="0.000452"/>
</kw>
<kw name="Log" owner="BuiltIn">
<msg time="2024-05-02T11:11:55.749480" level="INFO">gender</msg>
<arg>${key}</arg>
<doc>Logs the given message with the given level.</doc>
<status status="PASS" start="2024-05-02T11:11:55.749346" elapsed="0.000174"/>
</kw>
<var name="${key}">gender</var>
<status status="PASS" start="2024-05-02T11:11:55.747369" elapsed="0.002373"/>
</iter>
<iter>
<kw name="Dictionary Should Contain Key" owner="Collections">
<msg time="2024-05-02T11:11:55.750465" level="INFO">False</msg>
<arg>${json_data['results'][0]}</arg>
<arg>${key}</arg>
<doc>Fails if ``key`` is not found from ``dictionary``.</doc>
<status status="PASS" start="2024-05-02T11:11:55.750056" elapsed="0.000451"/>
</kw>
<kw name="Log" owner="BuiltIn">
<msg time="2024-05-02T11:11:55.751207" level="INFO">{'gender': 'female', 'name': {'title': 'Ms', 'first': 'Greta', 'last': 'Storm'}, 'location': {'street': {'number': 6920, 'name': 'Raiffeisenstraße'}, 'city': 'Ulm', 'state': 'Saarland', 'country': 'Germany', 'postcode': 61023, 'coordinates': {'latitude': '-53.3246', 'longitude': '155.7290'}, 'timezone': {'offset': '+4:30', 'description': 'Kabul'}}, 'email': 'greta.storm@example.com', 'login': {'uuid': '5daabceb-9575-4712-a6db-2664947124a1', 'username': 'silverdog460', 'password': 'sunnyday', 'salt': 'wBuDfkAy', 'md5': 'cdaeef604f86bf13a894d1f199d79164', 'sha1': '7de3e30790aaa56133ec2bac839e6639c41ce668', 'sha256': '3e24fc9ff6db999758476ebd14a2fb8e3d4ef2541fee5c29ce5f8f372df383a4'}, 'dob': {'date': '1966-11-26T17:04:45.259Z', 'age': 57}, 'registered': {'date': '2007-09-21T02:59:19.258Z', 'age': 16}, 'phone': '0240-1360749', 'cell': '0178-7473972', 'id': {'name': 'SVNR', 'value': '47 261166 S 771'}, 'picture': {'large': 'https://randomuser.me/api/portraits/women/59.jpg', 'medium': 'https://randomuser.me/api/portraits/med/women/59.jpg', 'thumbnail': 'https://randomuser.me/api/portraits/thumb/women/59.jpg'}, 'nat': 'DE'}</msg>
<arg>${json_data['results'][0]}</arg>
<doc>Logs the given message with the given level.</doc>
<status status="PASS" start="2024-05-02T11:11:55.750836" elapsed="0.000422"/>
</kw>
<kw name="Log" owner="BuiltIn">
<msg time="2024-05-02T11:11:55.751691" level="INFO">name</msg>
<arg>${key}</arg>
<doc>Logs the given message with the given level.</doc>
<status status="PASS" start="2024-05-02T11:11:55.751561" elapsed="0.000168"/>
</kw>
<var name="${key}">name</var>
<status status="PASS" start="2024-05-02T11:11:55.749937" elapsed="0.002011"/>
</iter>
<iter>
<kw name="Dictionary Should Contain Key" owner="Collections">
<msg time="2024-05-02T11:11:55.752623" level="INFO">False</msg>
<arg>${json_data['results'][0]}</arg>
<arg>${key}</arg>
<doc>Fails if ``key`` is not found from ``dictionary``.</doc>
<status status="PASS" start="2024-05-02T11:11:55.752241" elapsed="0.000420"/>
</kw>
<kw name="Log" owner="BuiltIn">
<msg time="2024-05-02T11:11:55.753320" level="INFO">{'gender': 'female', 'name': {'title': 'Ms', 'first': 'Greta', 'last': 'Storm'}, 'location': {'street': {'number': 6920, 'name': 'Raiffeisenstraße'}, 'city': 'Ulm', 'state': 'Saarland', 'country': 'Germany', 'postcode': 61023, 'coordinates': {'latitude': '-53.3246', 'longitude': '155.7290'}, 'timezone': {'offset': '+4:30', 'description': 'Kabul'}}, 'email': 'greta.storm@example.com', 'login': {'uuid': '5daabceb-9575-4712-a6db-2664947124a1', 'username': 'silverdog460', 'password': 'sunnyday', 'salt': 'wBuDfkAy', 'md5': 'cdaeef604f86bf13a894d1f199d79164', 'sha1': '7de3e30790aaa56133ec2bac839e6639c41ce668', 'sha256': '3e24fc9ff6db999758476ebd14a2fb8e3d4ef2541fee5c29ce5f8f372df383a4'}, 'dob': {'date': '1966-11-26T17:04:45.259Z', 'age': 57}, 'registered': {'date': '2007-09-21T02:59:19.258Z', 'age': 16}, 'phone': '0240-1360749', 'cell': '0178-7473972', 'id': {'name': 'SVNR', 'value': '47 261166 S 771'}, 'picture': {'large': 'https://randomuser.me/api/portraits/women/59.jpg', 'medium': 'https://randomuser.me/api/portraits/med/women/59.jpg', 'thumbnail': 'https://randomuser.me/api/portraits/thumb/women/59.jpg'}, 'nat': 'DE'}</msg>
<arg>${json_data['results'][0]}</arg>
<doc>Logs the given message with the given level.</doc>
<status status="PASS" start="2024-05-02T11:11:55.752957" elapsed="0.000412"/>
</kw>
<kw name="Log" owner="BuiltIn">
<msg time="2024-05-02T11:11:55.753791" level="INFO">location</msg>
<arg>${key}</arg>
<doc>Logs the given message with the given level.</doc>
<status status="PASS" start="2024-05-02T11:11:55.753665" elapsed="0.000164"/>
</kw>
<var name="${key}">location</var>
<status status="PASS" start="2024-05-02T11:11:55.752127" elapsed="0.001914"/>
</iter>
<iter>
<kw name="Dictionary Should Contain Key" owner="Collections">
<msg time="2024-05-02T11:11:55.754727" level="INFO">False</msg>
<arg>${json_data['results'][0]}</arg>
<arg>${key}</arg>
<doc>Fails if ``key`` is not found from ``dictionary``.</doc>
<status status="PASS" start="2024-05-02T11:11:55.754325" elapsed="0.000440"/>
</kw>
<kw name="Log" owner="BuiltIn">
<msg time="2024-05-02T11:11:55.755426" level="INFO">{'gender': 'female', 'name': {'title': 'Ms', 'first': 'Greta', 'last': 'Storm'}, 'location': {'street': {'number': 6920, 'name': 'Raiffeisenstraße'}, 'city': 'Ulm', 'state': 'Saarland', 'country': 'Germany', 'postcode': 61023, 'coordinates': {'latitude': '-53.3246', 'longitude': '155.7290'}, 'timezone': {'offset': '+4:30', 'description': 'Kabul'}}, 'email': 'greta.storm@example.com', 'login': {'uuid': '5daabceb-9575-4712-a6db-2664947124a1', 'username': 'silverdog460', 'password': 'sunnyday', 'salt': 'wBuDfkAy', 'md5': 'cdaeef604f86bf13a894d1f199d79164', 'sha1': '7de3e30790aaa56133ec2bac839e6639c41ce668', 'sha256': '3e24fc9ff6db999758476ebd14a2fb8e3d4ef2541fee5c29ce5f8f372df383a4'}, 'dob': {'date': '1966-11-26T17:04:45.259Z', 'age': 57}, 'registered': {'date': '2007-09-21T02:59:19.258Z', 'age': 16}, 'phone': '0240-1360749', 'cell': '0178-7473972', 'id': {'name': 'SVNR', 'value': '47 261166 S 771'}, 'picture': {'large': 'https://randomuser.me/api/portraits/women/59.jpg', 'medium': 'https://randomuser.me/api/portraits/med/women/59.jpg', 'thumbnail': 'https://randomuser.me/api/portraits/thumb/women/59.jpg'}, 'nat': 'DE'}</msg>
<arg>${json_data['results'][0]}</arg>
<doc>Logs the given message with the given level.</doc>
<status status="PASS" start="2024-05-02T11:11:55.755068" elapsed="0.000407"/>
</kw>
<kw name="Log" owner="BuiltIn">
<msg time="2024-05-02T11:11:55.755893" level="INFO">email</msg>
<arg>${key}</arg>
<doc>Logs the given message with the given level.</doc>
<status status="PASS" start="2024-05-02T11:11:55.755768" elapsed="0.000163"/>
</kw>
<var name="${key}">email</var>
<status status="PASS" start="2024-05-02T11:11:55.754216" elapsed="0.001935"/>
</iter>
<iter>
<kw name="Dictionary Should Contain Key" owner="Collections">
<msg time="2024-05-02T11:11:55.756830" level="INFO">False</msg>
<arg>${json_data['results'][0]}</arg>
<arg>${key}</arg>
<doc>Fails if ``key`` is not found from ``dictionary``.</doc>
<status status="PASS" start="2024-05-02T11:11:55.756437" elapsed="0.000431"/>
</kw>
<kw name="Log" owner="BuiltIn">
<msg time="2024-05-02T11:11:55.757528" level="INFO">{'gender': 'female', 'name': {'title': 'Ms', 'first': 'Greta', 'last': 'Storm'}, 'location': {'street': {'number': 6920, 'name': 'Raiffeisenstraße'}, 'city': 'Ulm', 'state': 'Saarland', 'country': 'Germany', 'postcode': 61023, 'coordinates': {'latitude': '-53.3246', 'longitude': '155.7290'}, 'timezone': {'offset': '+4:30', 'description': 'Kabul'}}, 'email': 'greta.storm@example.com', 'login': {'uuid': '5daabceb-9575-4712-a6db-2664947124a1', 'username': 'silverdog460', 'password': 'sunnyday', 'salt': 'wBuDfkAy', 'md5': 'cdaeef604f86bf13a894d1f199d79164', 'sha1': '7de3e30790aaa56133ec2bac839e6639c41ce668', 'sha256': '3e24fc9ff6db999758476ebd14a2fb8e3d4ef2541fee5c29ce5f8f372df383a4'}, 'dob': {'date': '1966-11-26T17:04:45.259Z', 'age': 57}, 'registered': {'date': '2007-09-21T02:59:19.258Z', 'age': 16}, 'phone': '0240-1360749', 'cell': '0178-7473972', 'id': {'name': 'SVNR', 'value': '47 261166 S 771'}, 'picture': {'large': 'https://randomuser.me/api/portraits/women/59.jpg', 'medium': 'https://randomuser.me/api/portraits/med/women/59.jpg', 'thumbnail': 'https://randomuser.me/api/portraits/thumb/women/59.jpg'}, 'nat': 'DE'}</msg>
<arg>${json_data['results'][0]}</arg>
<doc>Logs the given message with the given level.</doc>
<status status="PASS" start="2024-05-02T11:11:55.757163" elapsed="0.000416"/>
</kw>
<kw name="Log" owner="BuiltIn">
<msg time="2024-05-02T11:11:55.758008" level="INFO">login</msg>
<arg>${key}</arg>
<doc>Logs the given message with the given level.</doc>
<status status="PASS" start="2024-05-02T11:11:55.757880" elapsed="0.000166"/>
</kw>
<var name="${key}">login</var>
<status status="PASS" start="2024-05-02T11:11:55.756325" elapsed="0.001935"/>
</iter>
<var>${key}</var>
<value>@{expected_keys}</value>
<status status="PASS" start="2024-05-02T11:11:55.747107" elapsed="0.011301"/>
</for>
<kw name="Create List" owner="BuiltIn">
<msg time="2024-05-02T11:11:55.758774" level="INFO">${expected_keysTwo} = ['username', 'password']</msg>
<var>${expected_keysTwo}</var>
<arg>username</arg>
<arg>password</arg>
<doc>Returns a list containing given items.</doc>
<status status="PASS" start="2024-05-02T11:11:55.758636" elapsed="0.000162"/>
</kw>
<for flavor="IN">
<iter>
<kw name="Dictionary Should Contain Key" owner="Collections">
<msg time="2024-05-02T11:11:55.759690" level="INFO">False</msg>
<arg>${json_data['results'][0]['login']}</arg>
<arg>${keyTwo}</arg>
<doc>Fails if ``key`` is not found from ``dictionary``.</doc>
<status status="PASS" start="2024-05-02T11:11:55.759304" elapsed="0.000422"/>
</kw>
<kw name="Dictionary Should Contain Key" owner="Collections">
<msg time="2024-05-02T11:11:55.760393" level="INFO">False</msg>
<arg>${json_data['results'][0]['login']}</arg>
<arg>${keyTwo}</arg>
<doc>Fails if ``key`` is not found from ``dictionary``.</doc>
<status status="PASS" start="2024-05-02T11:11:55.760016" elapsed="0.000414"/>
</kw>
<kw name="Log" owner="BuiltIn">
<msg time="2024-05-02T11:11:55.760841" level="INFO">username</msg>
<arg>${keyTwo}</arg>
<doc>Logs the given message with the given level.</doc>
<status status="PASS" start="2024-05-02T11:11:55.760717" elapsed="0.000166"/>
</kw>
<var name="${keyTwo}">username</var>
<status status="PASS" start="2024-05-02T11:11:55.759194" elapsed="0.001905"/>
</iter>
<iter>
<kw name="Dictionary Should Contain Key" owner="Collections">
<msg time="2024-05-02T11:11:55.761762" level="INFO">False</msg>
<arg>${json_data['results'][0]['login']}</arg>
<arg>${keyTwo}</arg>
<doc>Fails if ``key`` is not found from ``dictionary``.</doc>
<status status="PASS" start="2024-05-02T11:11:55.761382" elapsed="0.000416"/>
</kw>
<kw name="Dictionary Should Contain Key" owner="Collections">
<msg time="2024-05-02T11:11:55.762580" level="INFO">False</msg>
<arg>${json_data['results'][0]['login']}</arg>
<arg>${keyTwo}</arg>
<doc>Fails if ``key`` is not found from ``dictionary``.</doc>
<status status="PASS" start="2024-05-02T11:11:55.762093" elapsed="0.000526"/>
</kw>
<kw name="Log" owner="BuiltIn">
<msg time="2024-05-02T11:11:55.763046" level="INFO">password</msg>
<arg>${keyTwo}</arg>
<doc>Logs the given message with the given level.</doc>
<status status="PASS" start="2024-05-02T11:11:55.762918" elapsed="0.000165"/>
</kw>
<var name="${keyTwo}">password</var>
<status status="PASS" start="2024-05-02T11:11:55.761272" elapsed="0.002024"/>
</iter>
<var>${keyTwo}</var>
<value>@{expected_keysTwo}</value>
<status status="PASS" start="2024-05-02T11:11:55.759042" elapsed="0.004376"/>
</for>
<status status="PASS" start="2024-05-02T11:11:55.633768" elapsed="0.129787"/>
</kw>
<doc>Testa a estrutura da resposta da API.</doc>
<tag>testeEstruturaResposta</tag>
<status status="PASS" start="2024-05-02T11:11:55.633173" elapsed="0.130530"/>
</test>
<test id="s1-s1-t4" name="Validar tipos de dados" line="28">
<kw name="Teste de Tipos de Dados" owner="random-user-service">
<kw name="GET On Session" owner="RequestsLibrary">
<msg time="2024-05-02T11:11:55.858120" level="INFO">GET Request : url=https://randomuser.me/api 
 path_url=/api 
 headers={'User-Agent': 'python-requests/2.31.0', 'Accept-Encoding': 'gzip, deflate', 'Accept': '*/*', 'Connection': 'keep-alive'} 
 body=None 
 </msg>
<msg time="2024-05-02T11:11:55.858184" level="INFO">GET Response : url=https://randomuser.me/api 
 status=200, reason=OK 
 headers={'Date': 'Thu, 02 May 2024 11:11:55 GMT', 'Content-Type': 'application/json; charset=utf-8', 'Transfer-Encoding': 'chunked', 'Connection': 'keep-alive', 'X-Powered-By': 'Express', 'Access-Control-Allow-Origin': '*', 'Cache-Control': 'no-cache', 'ETag': 'W/"490-ESmFFMX+ju9bwYC5JgYrlKd0lcM"', 'Vary': 'Accept-Encoding', 'Content-Encoding': 'gzip', 'CF-Cache-Status': 'DYNAMIC', 'Report-To': '{"endpoints":[{"url":"https:\\/\\/a.nel.cloudflare.com\\/report\\/v4?s=UfD8orlsGGxkyyboG46KuON1m3ASx7QK8LFjV0QlDKWc%2BpoPPngaqr8HdebKrJceO3hdBZbazaiRH%2FwroVzjgMoVD4tHKU3gRV7L7qNRIwQtz62JZwL%2F4qW1Jnfb72Dr"}],"group":"cf-nel","max_age":604800}', 'NEL': '{"success_fraction":0,"report_to":"cf-nel","max_age":604800}', 'Server': 'cloudflare', 'CF-RAY': '87d792c589decfdd-SJC', 'alt-svc': 'h3=":443"; ma=86400'} 
 body={"results":[{"gender":"male","name":{"title":"Mr","first":"Alexander","last":"Evans"},"location":{"street":{"number":4755,"name":"The Grove"},"city":"Glasgow","state":"West Sussex","country":"United Kingdom","postcode":"J58 6DQ","coordinates":{"latitude":"-8.6525","longitude":"-157.8559"},"timezone":{"offset":"-11:00","description":"Midway Island, Samoa"}},"email":"alexander.evans@example.com","login":{"uuid":"0307e5fe-a24e-4f94-b627-30763beda10b","username":"bigladybug300","password":"harrier","salt":"Mls39Mr0","md5":"66daede3eaa6d8376e3f3c84b06a7a88","sha1":"576d449ba56c6ed6a3d88a14952808ba07d90642","sha256":"900060951550e8580e714bacc319c034961eb5e039bc5de1fd977ab8ec1b6394"},"dob":{"date":"1946-01-11T22:30:59.868Z","age":78},"registered":{"date":"2011-09-09T19:31:04.869Z","age":12},"phone":"015394 76050","cell":"07187 440631","id":{"name":"NINO","value":"SC 55 75 57 R"},"picture":{"large":"https://randomuser.me/api/portraits/men/43.jpg","medium":"https://randomuser.me/api/portraits/med/men/43.jpg","thumbnail":"https://randomuser.me/api/portraits/thumb/men/43.jpg"},"nat":"GB"}],"info":{"seed":"d1e5ce770dfe9506","results":1,"page":1,"version":"1.4"}} 
 </msg>
<msg time="2024-05-02T11:11:55.858239" level="INFO">/opt/hostedtoolcache/Python/3.12.3/x64/lib/python3.12/site-packages/urllib3/connectionpool.py:1103: InsecureRequestWarning: Unverified HTTPS request is being made to host 'randomuser.me'. Adding certificate verification is strongly advised. See: https://urllib3.readthedocs.io/en/latest/advanced-usage.html#tls-warnings
  warnings.warn(</msg>
<msg time="2024-05-02T11:11:55.858325" level="INFO">${response} = &lt;Response [200]&gt;</msg>
<var>${response}</var>
<arg>consultarAPI</arg>
<arg>/api</arg>
<doc>Sends a GET request on a previously created HTTP Session.</doc>
<status status="PASS" start="2024-05-02T11:11:55.766079" elapsed="0.092278"/>
</kw>
<kw name="Set Variable" owner="BuiltIn">
<msg time="2024-05-02T11:11:55.859219" level="INFO">${json_data} = {'results': [{'gender': 'male', 'name': {'title': 'Mr', 'first': 'Alexander', 'last': 'Evans'}, 'location': {'street': {'number': 4755, 'name': 'The Grove'}, 'city': 'Glasgow', 'state': 'West Sussex',...</msg>
<var>${json_data}</var>
<arg>${response.json()}</arg>
<doc>Returns the given values which can then be assigned to a variables.</doc>
<status status="PASS" start="2024-05-02T11:11:55.858762" elapsed="0.000486"/>
</kw>
<kw name="Log" owner="BuiltIn">
<msg time="2024-05-02T11:11:55.859709" level="INFO">{'results': [{'gender': 'male', 'name': {'title': 'Mr', 'first': 'Alexander', 'last': 'Evans'}, 'location': {'street': {'number': 4755, 'name': 'The Grove'}, 'city': 'Glasgow', 'state': 'West Sussex', 'country': 'United Kingdom', 'postcode': 'J58 6DQ', 'coordinates': {'latitude': '-8.6525', 'longitude': '-157.8559'}, 'timezone': {'offset': '-11:00', 'description': 'Midway Island, Samoa'}}, 'email': 'alexander.evans@example.com', 'login': {'uuid': '0307e5fe-a24e-4f94-b627-30763beda10b', 'username': 'bigladybug300', 'password': 'harrier', 'salt': 'Mls39Mr0', 'md5': '66daede3eaa6d8376e3f3c84b06a7a88', 'sha1': '576d449ba56c6ed6a3d88a14952808ba07d90642', 'sha256': '900060951550e8580e714bacc319c034961eb5e039bc5de1fd977ab8ec1b6394'}, 'dob': {'date': '1946-01-11T22:30:59.868Z', 'age': 78}, 'registered': {'date': '2011-09-09T19:31:04.869Z', 'age': 12}, 'phone': '015394 76050', 'cell': '07187 440631', 'id': {'name': 'NINO', 'value': 'SC 55 75 57 R'}, 'picture': {'large': 'https://randomuser.me/api/portraits/men/43.jpg', 'medium': 'https://randomuser.me/api/portraits/med/men/43.jpg', 'thumbnail': 'https://randomuser.me/api/portraits/thumb/men/43.jpg'}, 'nat': 'GB'}], 'info': {'seed': 'd1e5ce770dfe9506', 'results': 1, 'page': 1, 'version': '1.4'}}</msg>
<arg>${json_data}</arg>
<doc>Logs the given message with the given level.</doc>
<status status="PASS" start="2024-05-02T11:11:55.859556" elapsed="0.000201"/>
</kw>
<kw name="Should Be String" owner="String">
<arg>${json_data['results'][0]['gender']}</arg>
<doc>Fails if the given ``item`` is not a string.</doc>
<status status="PASS" start="2024-05-02T11:11:55.860081" elapsed="0.000375"/>
</kw>
<kw name="Should Match Regexp" owner="BuiltIn">
<arg>${json_data['results'][0]['email']}</arg>
<arg>^[a-zA-Z0-9._%+-]+@[a-zA-Z0-9.-]+\.[a-zA-Z]{2,}$</arg>
<doc>Fails if ``string`` does not match ``pattern`` as a regular expression.</doc>
<status status="PASS" start="2024-05-02T11:11:55.860652" elapsed="0.000516"/>
</kw>
<kw name="Should Match Regexp" owner="BuiltIn">
<arg>${json_data['results'][0]['dob']['date']}</arg>
<arg>\\d{4}-\\d{2}-\\d{2}T\\d{2}:\\d{2}:\\d{2}\\.\\d{3}Z</arg>
<doc>Fails if ``string`` does not match ``pattern`` as a regular expression.</doc>
<status status="PASS" start="2024-05-02T11:11:55.861363" elapsed="0.000491"/>
</kw>
<kw name="Should Match Regexp" owner="BuiltIn">
<arg>${json_data['results'][0]['registered']['date']}</arg>
<arg>\\d{4}-\\d{2}-\\d{2}T\\d{2}:\\d{2}:\\d{2}\\.\\d{3}Z</arg>
<doc>Fails if ``string`` does not match ``pattern`` as a regular expression.</doc>
<status status="PASS" start="2024-05-02T11:11:55.862044" elapsed="0.000369"/>
</kw>
<kw name="Should Match Regexp" owner="BuiltIn">
<arg>${json_data['results'][0]['picture']['large']}</arg>
<arg>^https?://.*\.(?:png|jpe?g|gif|bmp)$</arg>
<doc>Fails if ``string`` does not match ``pattern`` as a regular expression.</doc>
<status status="PASS" start="2024-05-02T11:11:55.862645" elapsed="0.000472"/>
</kw>
<kw name="Should Match Regexp" owner="BuiltIn">
<arg>${json_data['results'][0]['picture']['medium']}</arg>
<arg>^https?://.*\.(?:png|jpe?g|gif|bmp)$</arg>
<doc>Fails if ``string`` does not match ``pattern`` as a regular expression.</doc>
<status status="PASS" start="2024-05-02T11:11:55.863308" elapsed="0.000361"/>
</kw>
<kw name="Should Match Regexp" owner="BuiltIn">
<arg>${json_data['results'][0]['picture']['thumbnail']}</arg>
<arg>^https?://.*\.(?:png|jpe?g|gif|bmp)$</arg>
<doc>Fails if ``string`` does not match ``pattern`` as a regular expression.</doc>
<status status="PASS" start="2024-05-02T11:11:55.863858" elapsed="0.000352"/>
</kw>
<kw name="Log" owner="BuiltIn">
<msg time="2024-05-02T11:11:55.864714" level="INFO">{'large': 'https://randomuser.me/api/portraits/men/43.jpg', 'medium': 'https://randomuser.me/api/portraits/med/men/43.jpg', 'thumbnail': 'https://randomuser.me/api/portraits/thumb/men/43.jpg'}</msg>
<arg>${json_data['results'][0]['picture']}</arg>
<doc>Logs the given message with the given level.</doc>
<status status="PASS" start="2024-05-02T11:11:55.864391" elapsed="0.000363"/>
</kw>
<status status="PASS" start="2024-05-02T11:11:55.765860" elapsed="0.099143"/>
</kw>
<kw name="Teste de Tipos de Dados - Postcode" owner="random-user-service">
<kw name="GET On Session" owner="RequestsLibrary">
<msg time="2024-05-02T11:11:55.955883" level="INFO">GET Request : url=https://randomuser.me/api 
 path_url=/api 
 headers={'User-Agent': 'python-requests/2.31.0', 'Accept-Encoding': 'gzip, deflate', 'Accept': '*/*', 'Connection': 'keep-alive'} 
 body=None 
 </msg>
<msg time="2024-05-02T11:11:55.955947" level="INFO">GET Response : url=https://randomuser.me/api 
 status=200, reason=OK 
 headers={'Date': 'Thu, 02 May 2024 11:11:55 GMT', 'Content-Type': 'application/json; charset=utf-8', 'Transfer-Encoding': 'chunked', 'Connection': 'keep-alive', 'X-Powered-By': 'Express', 'Access-Control-Allow-Origin': '*', 'Cache-Control': 'no-cache', 'ETag': 'W/"492-rpI72bC6At2by80CgBArKWAmURI"', 'Vary': 'Accept-Encoding', 'Content-Encoding': 'gzip', 'CF-Cache-Status': 'DYNAMIC', 'Report-To': '{"endpoints":[{"url":"https:\\/\\/a.nel.cloudflare.com\\/report\\/v4?s=T0NOshD1%2FcmTA4cpmrCwICoiO%2FMqlPmQJUvMepK5Mge0cIAS%2By7%2FAEzMbFhkg4JqUJOWcyyaowgKBcM4ZkZqnOOs98g2xfLgnp0sWjJ47HeGcfnC2gM11pzYVvSR%2B1%2Bf"}],"group":"cf-nel","max_age":604800}', 'NEL': '{"success_fraction":0,"report_to":"cf-nel","max_age":604800}', 'Server': 'cloudflare', 'CF-RAY': '87d792c62a35cfdd-SJC', 'alt-svc': 'h3=":443"; ma=86400'} 
 body={"results":[{"gender":"female","name":{"title":"Ms","first":"بهار","last":"یاسمی"},"location":{"street":{"number":8612,"name":"شهید باهنر"},"city":"ساوه","state":"مازندران","country":"Iran","postcode":57730,"coordinates":{"latitude":"19.5482","longitude":"24.0448"},"timezone":{"offset":"+10:00","description":"Eastern Australia, Guam, Vladivostok"}},"email":"bhr.ysmy@example.com","login":{"uuid":"3fefd68a-88f5-4429-8331-23cc81369228","username":"bigcat270","password":"christi","salt":"F9tpjKGl","md5":"ce90977eb0ee336aa0fd9ae63a6634f1","sha1":"51c4911be60a3d8cd40b4e179ca76f5b148f0fe6","sha256":"1aa38273d8e8c2c4eb8c2a02010d0cfcae100f8e071dc5cc587e61292e9d196f"},"dob":{"date":"1988-08-16T03:51:41.011Z","age":35},"registered":{"date":"2017-07-31T04:50:44.087Z","age":6},"phone":"002-45115531","cell":"0910-560-5478","id":{"name":"","value":null},"picture":{"large":"https://randomuser.me/api/portraits/women/51.jpg","medium":"https://randomuser.me/api/portraits/med/women/51.jpg","thumbnail":"https://randomuser.me/api/portraits/thumb/women/51.jpg"},"nat":"IR"}],"info":{"seed":"c524fee9abf66e17","results":1,"page":1,"version":"1.4"}} 
 </msg>
<msg time="2024-05-02T11:11:55.956005" level="INFO">/opt/hostedtoolcache/Python/3.12.3/x64/lib/python3.12/site-packages/urllib3/connectionpool.py:1103: InsecureRequestWarning: Unverified HTTPS request is being made to host 'randomuser.me'. Adding certificate verification is strongly advised. See: https://urllib3.readthedocs.io/en/latest/advanced-usage.html#tls-warnings
  warnings.warn(</msg>
<msg time="2024-05-02T11:11:55.956088" level="INFO">${response} = &lt;Response [200]&gt;</msg>
<var>${response}</var>
<arg>consultarAPI</arg>
<arg>/api</arg>
<doc>Sends a GET request on a previously created HTTP Session.</doc>
<status status="PASS" start="2024-05-02T11:11:55.865438" elapsed="0.090674"/>
</kw>
<kw name="Set Variable" owner="BuiltIn">
<msg time="2024-05-02T11:11:55.956960" level="INFO">${json_data} = {'results': [{'gender': 'female', 'name': {'title': 'Ms', 'first': 'بهار', 'last': 'یاسمی'}, 'location': {'street': {'number': 8612, 'name': 'شهید باهنر'}, 'city': 'ساوه', 'state': 'مازندران', 'countr...</msg>
<var>${json_data}</var>
<arg>${response.json()}</arg>
<doc>Returns the given values which can then be assigned to a variables.</doc>
<status status="PASS" start="2024-05-02T11:11:55.956502" elapsed="0.000488"/>
</kw>
<kw name="Log" owner="BuiltIn">
<msg time="2024-05-02T11:11:55.957446" level="INFO">{'results': [{'gender': 'female', 'name': {'title': 'Ms', 'first': 'بهار', 'last': 'یاسمی'}, 'location': {'street': {'number': 8612, 'name': 'شهید باهنر'}, 'city': 'ساوه', 'state': 'مازندران', 'country': 'Iran', 'postcode': 57730, 'coordinates': {'latitude': '19.5482', 'longitude': '24.0448'}, 'timezone': {'offset': '+10:00', 'description': 'Eastern Australia, Guam, Vladivostok'}}, 'email': 'bhr.ysmy@example.com', 'login': {'uuid': '3fefd68a-88f5-4429-8331-23cc81369228', 'username': 'bigcat270', 'password': 'christi', 'salt': 'F9tpjKGl', 'md5': 'ce90977eb0ee336aa0fd9ae63a6634f1', 'sha1': '51c4911be60a3d8cd40b4e179ca76f5b148f0fe6', 'sha256': '1aa38273d8e8c2c4eb8c2a02010d0cfcae100f8e071dc5cc587e61292e9d196f'}, 'dob': {'date': '1988-08-16T03:51:41.011Z', 'age': 35}, 'registered': {'date': '2017-07-31T04:50:44.087Z', 'age': 6}, 'phone': '002-45115531', 'cell': '0910-560-5478', 'id': {'name': '', 'value': None}, 'picture': {'large': 'https://randomuser.me/api/portraits/women/51.jpg', 'medium': 'https://randomuser.me/api/portraits/med/women/51.jpg', 'thumbnail': 'https://randomuser.me/api/portraits/thumb/women/51.jpg'}, 'nat': 'IR'}], 'info': {'seed': 'c524fee9abf66e17', 'results': 1, 'page': 1, 'version': '1.4'}}</msg>
<arg>${json_data}</arg>
<doc>Logs the given message with the given level.</doc>
<status status="PASS" start="2024-05-02T11:11:55.957292" elapsed="0.000204"/>
</kw>
<kw name="Should Be Equal As Numbers" owner="BuiltIn">
<arg>${json_data['results'][0]['location']['postcode']}</arg>
<arg>${json_data['results'][0]['location']['postcode']}</arg>
<doc>Fails if objects are unequal after converting them to real numbers.</doc>
<status status="PASS" start="2024-05-02T11:11:55.957820" elapsed="0.000795"/>
</kw>
<kw name="Log" owner="BuiltIn">
<msg time="2024-05-02T11:11:55.959154" level="INFO">57730</msg>
<arg>${json_data['results'][0]['location']['postcode']}</arg>
<doc>Logs the given message with the given level.</doc>
<status status="PASS" start="2024-05-02T11:11:55.958814" elapsed="0.000380"/>
</kw>
<status status="PASS" start="2024-05-02T11:11:55.865218" elapsed="0.094226"/>
</kw>
<doc>Testa se os tipos de dados na resposta da API estão corretos.</doc>
<tag>testeTiposDados</tag>
<status status="PASS" start="2024-05-02T11:11:55.765438" elapsed="0.194166"/>
</test>
<test id="s1-s1-t5" name="Validar conteudo" line="35">
<kw name="Teste de Tipos de Conteudo" owner="random-user-service">
<kw name="GET On Session" owner="RequestsLibrary">
<msg time="2024-05-02T11:11:56.064769" level="INFO">GET Request : url=https://randomuser.me/api 
 path_url=/api 
 headers={'User-Agent': 'python-requests/2.31.0', 'Accept-Encoding': 'gzip, deflate', 'Accept': '*/*', 'Connection': 'keep-alive'} 
 body=None 
 </msg>
<msg time="2024-05-02T11:11:56.064847" level="INFO">GET Response : url=https://randomuser.me/api 
 status=200, reason=OK 
 headers={'Date': 'Thu, 02 May 2024 11:11:56 GMT', 'Content-Type': 'application/json; charset=utf-8', 'Transfer-Encoding': 'chunked', 'Connection': 'keep-alive', 'X-Powered-By': 'Express', 'Access-Control-Allow-Origin': '*', 'Cache-Control': 'no-cache', 'ETag': 'W/"496-ve3MPu94yLiqmPzNeHCyUawzJNU"', 'Vary': 'Accept-Encoding', 'Content-Encoding': 'gzip', 'CF-Cache-Status': 'DYNAMIC', 'Report-To': '{"endpoints":[{"url":"https:\\/\\/a.nel.cloudflare.com\\/report\\/v4?s=dMDn7ttfmLz3rsxokgjmstuIznV9UYGpUtEGYMhnppLoTbGfnOJIkQGdRuAvVfjAyrit2TCOWAxvvDMk1Dd9fKxPho%2FOGffoibmCGb%2Bv4gJ6DxpbiP2mUQPLdcSqttaS"}],"group":"cf-nel","max_age":604800}', 'NEL': '{"success_fraction":0,"report_to":"cf-nel","max_age":604800}', 'Server': 'cloudflare', 'CF-RAY': '87d792c6ca9ccfdd-SJC', 'alt-svc': 'h3=":443"; ma=86400'} 
 body={"results":[{"gender":"female","name":{"title":"Miss","first":"Peppi","last":"Kallio"},"location":{"street":{"number":1898,"name":"Visiokatu"},"city":"Ypäjä","state":"Pirkanmaa","country":"Finland","postcode":94146,"coordinates":{"latitude":"-28.3859","longitude":"70.1108"},"timezone":{"offset":"-3:00","description":"Brazil, Buenos Aires, Georgetown"}},"email":"peppi.kallio@example.com","login":{"uuid":"b3353ff8-e097-4c4e-8aa0-9e03c4539770","username":"beautifullion898","password":"nikita","salt":"aJEVt3qN","md5":"c391d487b1eddb24c7d1839ba1ce708f","sha1":"b544eb091dbc39cc7548dca41145d788f26d5251","sha256":"c77b522389ec1f99a7cef89fa724cf16fa300b289e7c4cd175a9b9826e805708"},"dob":{"date":"1945-04-20T13:42:16.440Z","age":79},"registered":{"date":"2006-10-23T03:55:27.102Z","age":17},"phone":"04-326-440","cell":"047-170-50-08","id":{"name":"HETU","value":"NaNNA188undefined"},"picture":{"large":"https://randomuser.me/api/portraits/women/76.jpg","medium":"https://randomuser.me/api/portraits/med/women/76.jpg","thumbnail":"https://randomuser.me/api/portraits/thumb/women/76.jpg"},"nat":"FI"}],"info":{"seed":"1a3544e7137e58e5","results":1,"page":1,"version":"1.4"}} 
 </msg>
<msg time="2024-05-02T11:11:56.064918" level="INFO">/opt/hostedtoolcache/Python/3.12.3/x64/lib/python3.12/site-packages/urllib3/connectionpool.py:1103: InsecureRequestWarning: Unverified HTTPS request is being made to host 'randomuser.me'. Adding certificate verification is strongly advised. See: https://urllib3.readthedocs.io/en/latest/advanced-usage.html#tls-warnings
  warnings.warn(</msg>
<msg time="2024-05-02T11:11:56.065019" level="INFO">${response} = &lt;Response [200]&gt;</msg>
<var>${response}</var>
<arg>consultarAPI</arg>
<arg>/api</arg>
<doc>Sends a GET request on a previously created HTTP Session.</doc>
<status status="PASS" start="2024-05-02T11:11:55.962317" elapsed="0.102748"/>
</kw>
<kw name="Set Variable" owner="BuiltIn">
<msg time="2024-05-02T11:11:56.065981" level="INFO">${json_data} = {'results': [{'gender': 'female', 'name': {'title': 'Miss', 'first': 'Peppi', 'last': 'Kallio'}, 'location': {'street': {'number': 1898, 'name': 'Visiokatu'}, 'city': 'Ypäjä', 'state': 'Pirkanmaa', 'c...</msg>
<var>${json_data}</var>
<arg>${response.json()}</arg>
<doc>Returns the given values which can then be assigned to a variables.</doc>
<status status="PASS" start="2024-05-02T11:11:56.065515" elapsed="0.000495"/>
</kw>
<kw name="Set Variable" owner="BuiltIn">
<msg time="2024-05-02T11:11:56.066735" level="INFO">${name_title} = Miss</msg>
<var>${name_title}</var>
<arg>${json_data["results"][0]["name"]["title"]}</arg>
<doc>Returns the given values which can then be assigned to a variables.</doc>
<status status="PASS" start="2024-05-02T11:11:56.066310" elapsed="0.000450"/>
</kw>
<kw name="Create List" owner="BuiltIn">
<msg time="2024-05-02T11:11:56.067202" level="INFO">${allowed_titles} = ['Mr', 'Ms', 'Miss', 'Mrs', 'Madame', 'Monsieur']</msg>
<var>${allowed_titles}</var>
<arg>Mr</arg>
<arg>Ms</arg>
<arg>Miss</arg>
<arg>Mrs</arg>
<arg>Madame</arg>
<arg>Monsieur</arg>
<doc>Returns a list containing given items.</doc>
<status status="PASS" start="2024-05-02T11:11:56.067055" elapsed="0.000171"/>
</kw>
<kw name="List Should Contain Value" owner="Collections">
<msg time="2024-05-02T11:11:56.067687" level="INFO">False</msg>
<arg>${allowed_titles}</arg>
<arg>${name_title}</arg>
<doc>Fails if the ``value`` is not found from ``list``.</doc>
<status status="PASS" start="2024-05-02T11:11:56.067519" elapsed="0.000210"/>
</kw>
<kw name="Set Variable" owner="BuiltIn">
<msg time="2024-05-02T11:11:56.068400" level="INFO">${name_country} = FI</msg>
<var>${name_country}</var>
<arg>${json_data["results"][0]["nat"]}</arg>
<doc>Returns the given values which can then be assigned to a variables.</doc>
<status status="PASS" start="2024-05-02T11:11:56.068019" elapsed="0.000405"/>
</kw>
<kw name="Create List" owner="BuiltIn">
<msg time="2024-05-02T11:11:56.069298" level="INFO">${list_country} = ['AD', 'AE', 'AF', 'AG', 'AI', 'AL', 'AM', 'AO', 'AQ', 'AR', 'AS', 'AT', 'AU', 'AW', 'AX', 'AZ', 'BA', 'BB', 'BD', 'BE', 'BF', 'BG', 'BH', 'BI', 'BJ', 'BL', 'BM', 'BN', 'BO', 'BQ', 'BR', 'BS', 'BT', '...</msg>
<var>${list_country}</var>
<arg>AD</arg>
<arg>AE</arg>
<arg>AF</arg>
<arg>AG</arg>
<arg>AI</arg>
<arg>AL</arg>
<arg>AM</arg>
<arg>AO</arg>
<arg>AQ</arg>
<arg>AR</arg>
<arg>AS</arg>
<arg>AT</arg>
<arg>AU</arg>
<arg>AW</arg>
<arg>AX</arg>
<arg>AZ</arg>
<arg>BA</arg>
<arg>BB</arg>
<arg>BD</arg>
<arg>BE</arg>
<arg>BF</arg>
<arg>BG</arg>
<arg>BH</arg>
<arg>BI</arg>
<arg>BJ</arg>
<arg>BL</arg>
<arg>BM</arg>
<arg>BN</arg>
<arg>BO</arg>
<arg>BQ</arg>
<arg>BR</arg>
<arg>BS</arg>
<arg>BT</arg>
<arg>BV</arg>
<arg>BW</arg>
<arg>BY</arg>
<arg>BZ</arg>
<arg>CA</arg>
<arg>CC</arg>
<arg>CD</arg>
<arg>CF</arg>
<arg>CG</arg>
<arg>CH</arg>
<arg>CI</arg>
<arg>CK</arg>
<arg>CL</arg>
<arg>CM</arg>
<arg>CN</arg>
<arg>CO</arg>
<arg>CR</arg>
<arg>CU</arg>
<arg>CV</arg>
<arg>CW</arg>
<arg>CX</arg>
<arg>CY</arg>
<arg>CZ</arg>
<arg>DE</arg>
<arg>DJ</arg>
<arg>DK</arg>
<arg>DM</arg>
<arg>DO</arg>
<arg>DZ</arg>
<arg>EC</arg>
<arg>EE</arg>
<arg>EG</arg>
<arg>EH</arg>
<arg>ER</arg>
<arg>ES</arg>
<arg>ET</arg>
<arg>FI</arg>
<arg>FJ</arg>
<arg>FK</arg>
<arg>FM</arg>
<arg>FO</arg>
<arg>FR</arg>
<arg>GA</arg>
<arg>GB</arg>
<arg>GD</arg>
<arg>GE</arg>
<arg>GF</arg>
<arg>GG</arg>
<arg>GH</arg>
<arg>GI</arg>
<arg>GL</arg>
<arg>GM</arg>
<arg>GN</arg>
<arg>GP</arg>
<arg>GQ</arg>
<arg>GR</arg>
<arg>GS</arg>
<arg>GT</arg>
<arg>GU</arg>
<arg>GW</arg>
<arg>GY</arg>
<arg>HK</arg>
<arg>HM</arg>
<arg>HN</arg>
<arg>HR</arg>
<arg>HT</arg>
<arg>HU</arg>
<arg>ID</arg>
<arg>IE</arg>
<arg>IL</arg>
<arg>IM</arg>
<arg>IN</arg>
<arg>IO</arg>
<arg>IQ</arg>
<arg>IR</arg>
<arg>IS</arg>
<arg>IT</arg>
<arg>JE</arg>
<arg>JM</arg>
<arg>JO</arg>
<arg>JP</arg>
<arg>KE</arg>
<arg>KG</arg>
<arg>KH</arg>
<arg>KI</arg>
<arg>KM</arg>
<arg>KN</arg>
<arg>KP</arg>
<arg>KR</arg>
<arg>KW</arg>
<arg>KY</arg>
<arg>KZ</arg>
<arg>LA</arg>
<arg>LB</arg>
<arg>LC</arg>
<arg>LI</arg>
<arg>LK</arg>
<arg>LR</arg>
<arg>LS</arg>
<arg>LT</arg>
<arg>LU</arg>
<arg>LV</arg>
<arg>LY</arg>
<arg>MA</arg>
<arg>MC</arg>
<arg>MD</arg>
<arg>ME</arg>
<arg>MF</arg>
<arg>MG</arg>
<arg>MH</arg>
<arg>MK</arg>
<arg>ML</arg>
<arg>MM</arg>
<arg>MN</arg>
<arg>MO</arg>
<arg>MP</arg>
<arg>MQ</arg>
<arg>MR</arg>
<arg>MS</arg>
<arg>MT</arg>
<arg>MU</arg>
<arg>MV</arg>
<arg>MW</arg>
<arg>MX</arg>
<arg>MY</arg>
<arg>MZ</arg>
<arg>NA</arg>
<arg>NC</arg>
<arg>NE</arg>
<arg>NF</arg>
<arg>NG</arg>
<arg>NI</arg>
<arg>NL</arg>
<arg>NO</arg>
<arg>NP</arg>
<arg>NR</arg>
<arg>NU</arg>
<arg>NZ</arg>
<arg>OM</arg>
<arg>PA</arg>
<arg>PE</arg>
<arg>PF</arg>
<arg>PG</arg>
<arg>PH</arg>
<arg>PK</arg>
<arg>PL</arg>
<arg>PM</arg>
<arg>PN</arg>
<arg>PR</arg>
<arg>PS</arg>
<arg>PT</arg>
<arg>PW</arg>
<arg>PY</arg>
<arg>QA</arg>
<arg>RE</arg>
<arg>RO</arg>
<arg>RS</arg>
<arg>RU</arg>
<arg>RW</arg>
<arg>SA</arg>
<arg>SB</arg>
<arg>SC</arg>
<arg>SD</arg>
<arg>SE</arg>
<arg>SG</arg>
<arg>SH</arg>
<arg>SI</arg>
<arg>SJ</arg>
<arg>SK</arg>
<arg>SL</arg>
<arg>SM</arg>
<arg>SN</arg>
<arg>SO</arg>
<arg>SR</arg>
<arg>SS</arg>
<arg>ST</arg>
<arg>SV</arg>
<arg>SX</arg>
<arg>SY</arg>
<arg>SZ</arg>
<arg>TC</arg>
<arg>TD</arg>
<arg>TF</arg>
<arg>TG</arg>
<arg>TH</arg>
<arg>TJ</arg>
<arg>TK</arg>
<arg>TL</arg>
<arg>TM</arg>
<arg>TN</arg>
<arg>TO</arg>
<arg>TR</arg>
<arg>TT</arg>
<arg>TV</arg>
<arg>TW</arg>
<arg>TZ</arg>
<arg>UA</arg>
<arg>UG</arg>
<arg>UM</arg>
<arg>US</arg>
<arg>UY</arg>
<arg>UZ</arg>
<arg>VA</arg>
<arg>VC</arg>
<arg>VE</arg>
<arg>VG</arg>
<arg>VI</arg>
<arg>VN</arg>
<arg>VU</arg>
<arg>WF</arg>
<arg>WS</arg>
<arg>XK</arg>
<arg>YE</arg>
<arg>YT</arg>
<arg>ZA</arg>
<arg>ZM</arg>
<arg>ZW</arg>
<doc>Returns a list containing given items.</doc>
<status status="PASS" start="2024-05-02T11:11:56.068718" elapsed="0.000606"/>
</kw>
<kw name="List Should Contain Value" owner="Collections">
<msg time="2024-05-02T11:11:56.070310" level="INFO">False</msg>
<arg>${list_country}</arg>
<arg>${name_country}</arg>
<doc>Fails if the ``value`` is not found from ``list``.</doc>
<status status="PASS" start="2024-05-02T11:11:56.070114" elapsed="0.000231"/>
</kw>
<kw name="Run Keyword If" owner="BuiltIn">
<kw name="Should Be True" owner="BuiltIn">
<arg>${True}</arg>
<doc>Fails if the given condition is not true.</doc>
<status status="PASS" start="2024-05-02T11:11:56.071420" elapsed="0.000141"/>
</kw>
<arg>${json_data["results"][0]["location"]["coordinates"]["latitude"]} &gt;= -90 and ${json_data["results"][0]["location"]["coordinates"]["latitude"]} &lt;= 90</arg>
<arg>Should Be True</arg>
<arg>${True}</arg>
<doc>Runs the given keyword with the given arguments, if ``condition`` is true.</doc>
<status status="PASS" start="2024-05-02T11:11:56.070679" elapsed="0.001008"/>
</kw>
<kw name="Run Keyword If" owner="BuiltIn">
<kw name="Should Be True" owner="BuiltIn">
<arg>${True}</arg>
<doc>Fails if the given condition is not true.</doc>
<status status="PASS" start="2024-05-02T11:11:56.072555" elapsed="0.000236"/>
</kw>
<arg>${json_data["results"][0]["location"]["coordinates"]["longitude"]} &gt;= -180 and ${json_data["results"][0]["location"]["coordinates"]["longitude"]} &lt;= 180</arg>
<arg>Should Be True</arg>
<arg>${True}</arg>
<doc>Runs the given keyword with the given arguments, if ``condition`` is true.</doc>
<status status="PASS" start="2024-05-02T11:11:56.071867" elapsed="0.001048"/>
</kw>
<status status="PASS" start="2024-05-02T11:11:55.961949" elapsed="0.111094"/>
</kw>
<doc>Testa o conteúdo específico dos campos retornados pela API.</doc>
<tag>testeConteudo</tag>
<status status="PASS" start="2024-05-02T11:11:55.961306" elapsed="0.111878"/>
</test>
<status status="PASS" start="2024-05-02T11:11:55.213906" elapsed="0.861172"/>
</suite>
<status status="PASS" start="2024-05-02T11:11:55.200510" elapsed="0.879582"/>
</suite>
<statistics>
<total>
<stat pass="5" fail="0" skip="0">All Tests</stat>
</total>
<tag>
<stat pass="1" fail="0" skip="0">testeConteudo</stat>
<stat pass="1" fail="0" skip="0">testeEstruturaResposta</stat>
<stat pass="1" fail="0" skip="0">testeRequisicaoBasica</stat>
<stat pass="1" fail="0" skip="0">testeTiposDados</stat>
</tag>
<suite>
<stat pass="5" fail="0" skip="0" id="s1" name="Tests">Tests</stat>
<stat pass="5" fail="0" skip="0" id="s1-s1" name="Random-User-Test">Tests.Random-User-Test</stat>
</suite>
</statistics>
<errors>
</errors>
</robot>
