<?xml version="1.0" encoding="UTF-8"?>
<robot generator="Robot 7.0 (Python 3.12.2 on linux)" generated="2024-03-23T12:25:24.227263" rpa="false" schemaversion="5">
<suite id="s1" name="Tests" source="/home/runner/work/DesafioQAItauRogerioJordao/DesafioQAItauRogerioJordao/RamdonUser/tests">
<suite id="s1-s1" name="Random-User-Test" source="/home/runner/work/DesafioQAItauRogerioJordao/DesafioQAItauRogerioJordao/RamdonUser/tests/random-user-test.robot">
<test id="s1-s1-t1" name="Conectar" line="13">
<kw name="Conectar API" owner="random-user-service">
<kw name="Create Session" owner="RequestsLibrary">
<msg time="2024-03-23T12:25:24.630979" level="INFO">Creating Session using : alias=consultarAPI, url=https://randomuser.me/, headers={},                     cookies={}, auth=None, timeout=None, proxies=None, verify=False,                     debug=0 </msg>
<arg>consultarAPI</arg>
<arg>${URL}</arg>
<doc>Create Session: create a HTTP session to a server</doc>
<status status="PASS" start="2024-03-23T12:25:24.630776" elapsed="0.000381"/>
</kw>
<status status="PASS" start="2024-03-23T12:25:24.629740" elapsed="0.001821"/>
</kw>
<status status="PASS" start="2024-03-23T12:25:24.629191" elapsed="0.002580"/>
</test>
<test id="s1-s1-t2" name="Validar retorno 200 e JSON Válido" line="16">
<kw name="Teste de Requisicao Basica" owner="random-user-service">
<kw name="GET On Session" owner="RequestsLibrary">
<msg time="2024-03-23T12:25:24.715287" level="INFO">GET Request : url=https://randomuser.me/api 
 path_url=/api 
 headers={'User-Agent': 'python-requests/2.31.0', 'Accept-Encoding': 'gzip, deflate', 'Accept': '*/*', 'Connection': 'keep-alive'} 
 body=None 
 </msg>
<msg time="2024-03-23T12:25:24.715465" level="INFO">GET Response : url=https://randomuser.me/api 
 status=200, reason=OK 
 headers={'Date': 'Sat, 23 Mar 2024 12:25:24 GMT', 'Content-Type': 'application/json; charset=utf-8', 'Transfer-Encoding': 'chunked', 'Connection': 'keep-alive', 'X-Powered-By': 'Express', 'Access-Control-Allow-Origin': '*', 'Cache-Control': 'no-cache', 'ETag': 'W/"49e-WcCEYZnjgh7JQ3K7j6Qc2jCUVsg"', 'Vary': 'Accept-Encoding', 'Content-Encoding': 'gzip', 'CF-Cache-Status': 'DYNAMIC', 'Report-To': '{"endpoints":[{"url":"https:\\/\\/a.nel.cloudflare.com\\/report\\/v4?s=Z6LG%2BR31foZPehZwpqZBELY%2BJAv%2BPkX4RRs3WdBxUv3aIo%2FEl9mj4OPbEy5ac6JGUeydKN7u3yQQrtkUqYQhO6LQvtAmMC9KLmUPilcKVc8GQeVyBnq187rmahLU0Yx8"}],"group":"cf-nel","max_age":604800}', 'NEL': '{"success_fraction":0,"report_to":"cf-nel","max_age":604800}', 'Server': 'cloudflare', 'CF-RAY': '868e67694fb9054a-IAD', 'alt-svc': 'h3=":443"; ma=86400'} 
 body={"results":[{"gender":"male","name":{"title":"Mr","first":"Konsta","last":"Pakkala"},"location":{"street":{"number":5221,"name":"Rautatienkatu"},"city":"Kronoby","state":"Kymenlaakso","country":"Finland","postcode":82139,"coordinates":{"latitude":"-22.6086","longitude":"-147.3149"},"timezone":{"offset":"-5:00","description":"Eastern Time (US &amp; Canada), Bogota, Lima"}},"email":"konsta.pakkala@example.com","login":{"uuid":"7a48a54c-30fa-49d5-82da-a4e9f95d151b","username":"ticklishmouse717","password":"books","salt":"oa0NJ1xt","md5":"caf2370e5c3b7ef6aec06cd8b6eed253","sha1":"7eec67575175c95824d27e4448da40ae96605db8","sha256":"6ac9773f8c49a4973a0f86216f91d2b90bd8fb1a13d41fdeb04b86b966890fc3"},"dob":{"date":"1959-09-30T11:04:27.755Z","age":64},"registered":{"date":"2021-01-27T10:06:35.157Z","age":3},"phone":"09-538-131","cell":"046-988-17-62","id":{"name":"HETU","value":"NaNNA795undefined"},"picture":{"large":"https://randomuser.me/api/portraits/men/62.jpg","medium":"https://randomuser.me/api/portraits/med/men/62.jpg","thumbnail":"https://randomuser.me/api/portraits/thumb/men/62.jpg"},"nat":"FI"}],"info":{"seed":"b4032bced34c831e","results":1,"page":1,"version":"1.4"}} 
 </msg>
<msg time="2024-03-23T12:25:24.715601" level="INFO">/opt/hostedtoolcache/Python/3.12.2/x64/lib/python3.12/site-packages/urllib3/connectionpool.py:1103: InsecureRequestWarning: Unverified HTTPS request is being made to host 'randomuser.me'. Adding certificate verification is strongly advised. See: https://urllib3.readthedocs.io/en/latest/advanced-usage.html#tls-warnings
  warnings.warn(</msg>
<msg time="2024-03-23T12:25:24.715718" level="INFO">${response} = &lt;Response [200]&gt;</msg>
<var>${response}</var>
<arg>consultarAPI</arg>
<arg>/api</arg>
<doc>Sends a GET request on a previously created HTTP Session.</doc>
<status status="PASS" start="2024-03-23T12:25:24.634322" elapsed="0.081439"/>
</kw>
<kw name="Should Be Equal As Numbers" owner="BuiltIn">
<msg time="2024-03-23T12:25:24.716690" level="INFO">Argument types are:
&lt;class 'int'&gt;
&lt;class 'str'&gt;</msg>
<arg>${response.status_code}</arg>
<arg>200</arg>
<doc>Fails if objects are unequal after converting them to real numbers.</doc>
<status status="PASS" start="2024-03-23T12:25:24.716227" elapsed="0.000527"/>
</kw>
<kw name="Log" owner="BuiltIn">
<msg time="2024-03-23T12:25:24.717437" level="INFO">200</msg>
<arg>${response.status_code}</arg>
<doc>Logs the given message with the given level.</doc>
<status status="PASS" start="2024-03-23T12:25:24.717076" elapsed="0.000405"/>
</kw>
<kw name="Set Variable" owner="BuiltIn">
<msg time="2024-03-23T12:25:24.718264" level="INFO">${json_data} = {'results': [{'gender': 'male', 'name': {'title': 'Mr', 'first': 'Konsta', 'last': 'Pakkala'}, 'location': {'street': {'number': 5221, 'name': 'Rautatienkatu'}, 'city': 'Kronoby', 'state': 'Kymenlaaks...</msg>
<var>${json_data}</var>
<arg>${response.json()}</arg>
<doc>Returns the given values which can then be assigned to a variables.</doc>
<status status="PASS" start="2024-03-23T12:25:24.717824" elapsed="0.000468"/>
</kw>
<kw name="Dictionary Should Contain Key" owner="Collections">
<msg time="2024-03-23T12:25:24.718760" level="INFO">False</msg>
<arg>${json_data}</arg>
<arg>results</arg>
<doc>Fails if ``key`` is not found from ``dictionary``.</doc>
<status status="PASS" start="2024-03-23T12:25:24.718594" elapsed="0.000205"/>
</kw>
<status status="PASS" start="2024-03-23T12:25:24.634068" elapsed="0.084988"/>
</kw>
<doc>Testa se a API responde corretamente e retorna um objeto JSON válido.</doc>
<tag>testeRequisicaoBasica</tag>
<status status="PASS" start="2024-03-23T12:25:24.633603" elapsed="0.085636"/>
</test>
<test id="s1-s1-t3" name="Validar estrutura de resposta" line="22">
<kw name="Teste de Estrutura de Resposta" owner="random-user-service">
<kw name="GET On Session" owner="RequestsLibrary">
<msg time="2024-03-23T12:25:24.822160" level="INFO">GET Request : url=https://randomuser.me/api 
 path_url=/api 
 headers={'User-Agent': 'python-requests/2.31.0', 'Accept-Encoding': 'gzip, deflate', 'Accept': '*/*', 'Connection': 'keep-alive'} 
 body=None 
 </msg>
<msg time="2024-03-23T12:25:24.822250" level="INFO">GET Response : url=https://randomuser.me/api 
 status=200, reason=OK 
 headers={'Date': 'Sat, 23 Mar 2024 12:25:24 GMT', 'Content-Type': 'application/json; charset=utf-8', 'Transfer-Encoding': 'chunked', 'Connection': 'keep-alive', 'X-Powered-By': 'Express', 'Access-Control-Allow-Origin': '*', 'Cache-Control': 'no-cache', 'ETag': 'W/"47d-j0EUeTf7DG6iLczo7ee3nEWIdVk"', 'Vary': 'Accept-Encoding', 'Content-Encoding': 'gzip', 'CF-Cache-Status': 'DYNAMIC', 'Report-To': '{"endpoints":[{"url":"https:\\/\\/a.nel.cloudflare.com\\/report\\/v4?s=L8tUaD0vVS1Dp0hKpm0bQRVFj0eqHw2llRnuHWD48tM99pQyThgmdYVmLLsKKNeTAgR0zceqQDZC%2BMcdei04OYGAQMhqwLi%2BiZ5CpIiErUa0Mt1FOXfk%2FIkX3Z03WXyI"}],"group":"cf-nel","max_age":604800}', 'NEL': '{"success_fraction":0,"report_to":"cf-nel","max_age":604800}', 'Server': 'cloudflare', 'CF-RAY': '868e67698807054a-IAD', 'alt-svc': 'h3=":443"; ma=86400'} 
 body={"results":[{"gender":"female","name":{"title":"Miss","first":"Peggy","last":"Boyd"},"location":{"street":{"number":6574,"name":"Washington Ave"},"city":"Anna","state":"Delaware","country":"United States","postcode":39502,"coordinates":{"latitude":"83.2000","longitude":"20.5525"},"timezone":{"offset":"-9:00","description":"Alaska"}},"email":"peggy.boyd@example.com","login":{"uuid":"c141af02-5005-4f93-8bc9-82807ce23df5","username":"organicleopard226","password":"rrrrrr","salt":"bav0JmtS","md5":"3b87aa23e0d636e46342fc702c530be1","sha1":"a333787b490f20c90427d474efaf411710eb915d","sha256":"7ace9d8352d9e2999590bcb7108c29672284af3350f650348061257049956569"},"dob":{"date":"1974-05-01T13:27:35.536Z","age":49},"registered":{"date":"2003-03-10T13:00:12.767Z","age":21},"phone":"(891) 389-3923","cell":"(578) 306-0635","id":{"name":"SSN","value":"164-44-2204"},"picture":{"large":"https://randomuser.me/api/portraits/women/42.jpg","medium":"https://randomuser.me/api/portraits/med/women/42.jpg","thumbnail":"https://randomuser.me/api/portraits/thumb/women/42.jpg"},"nat":"US"}],"info":{"seed":"e4158a88844d1060","results":1,"page":1,"version":"1.4"}} 
 </msg>
<msg time="2024-03-23T12:25:24.822394" level="INFO">/opt/hostedtoolcache/Python/3.12.2/x64/lib/python3.12/site-packages/urllib3/connectionpool.py:1103: InsecureRequestWarning: Unverified HTTPS request is being made to host 'randomuser.me'. Adding certificate verification is strongly advised. See: https://urllib3.readthedocs.io/en/latest/advanced-usage.html#tls-warnings
  warnings.warn(</msg>
<msg time="2024-03-23T12:25:24.822517" level="INFO">${response} = &lt;Response [200]&gt;</msg>
<var>${response}</var>
<arg>consultarAPI</arg>
<arg>/api</arg>
<doc>Sends a GET request on a previously created HTTP Session.</doc>
<status status="PASS" start="2024-03-23T12:25:24.722350" elapsed="0.100212"/>
</kw>
<kw name="Set Variable" owner="BuiltIn">
<msg time="2024-03-23T12:25:24.823616" level="INFO">${json_data} = {'results': [{'gender': 'female', 'name': {'title': 'Miss', 'first': 'Peggy', 'last': 'Boyd'}, 'location': {'street': {'number': 6574, 'name': 'Washington Ave'}, 'city': 'Anna', 'state': 'Delaware', '...</msg>
<var>${json_data}</var>
<arg>${response.json()}</arg>
<doc>Returns the given values which can then be assigned to a variables.</doc>
<status status="PASS" start="2024-03-23T12:25:24.823069" elapsed="0.000578"/>
</kw>
<kw name="Log" owner="BuiltIn">
<msg time="2024-03-23T12:25:24.824125" level="INFO">{'results': [{'gender': 'female', 'name': {'title': 'Miss', 'first': 'Peggy', 'last': 'Boyd'}, 'location': {'street': {'number': 6574, 'name': 'Washington Ave'}, 'city': 'Anna', 'state': 'Delaware', 'country': 'United States', 'postcode': 39502, 'coordinates': {'latitude': '83.2000', 'longitude': '20.5525'}, 'timezone': {'offset': '-9:00', 'description': 'Alaska'}}, 'email': 'peggy.boyd@example.com', 'login': {'uuid': 'c141af02-5005-4f93-8bc9-82807ce23df5', 'username': 'organicleopard226', 'password': 'rrrrrr', 'salt': 'bav0JmtS', 'md5': '3b87aa23e0d636e46342fc702c530be1', 'sha1': 'a333787b490f20c90427d474efaf411710eb915d', 'sha256': '7ace9d8352d9e2999590bcb7108c29672284af3350f650348061257049956569'}, 'dob': {'date': '1974-05-01T13:27:35.536Z', 'age': 49}, 'registered': {'date': '2003-03-10T13:00:12.767Z', 'age': 21}, 'phone': '(891) 389-3923', 'cell': '(578) 306-0635', 'id': {'name': 'SSN', 'value': '164-44-2204'}, 'picture': {'large': 'https://randomuser.me/api/portraits/women/42.jpg', 'medium': 'https://randomuser.me/api/portraits/med/women/42.jpg', 'thumbnail': 'https://randomuser.me/api/portraits/thumb/women/42.jpg'}, 'nat': 'US'}], 'info': {'seed': 'e4158a88844d1060', 'results': 1, 'page': 1, 'version': '1.4'}}</msg>
<arg>${json_data}</arg>
<doc>Logs the given message with the given level.</doc>
<status status="PASS" start="2024-03-23T12:25:24.823967" elapsed="0.000206"/>
</kw>
<kw name="Dictionary Should Contain Key" owner="Collections">
<msg time="2024-03-23T12:25:24.824624" level="INFO">False</msg>
<arg>${json_data}</arg>
<arg>results</arg>
<doc>Fails if ``key`` is not found from ``dictionary``.</doc>
<status status="PASS" start="2024-03-23T12:25:24.824471" elapsed="0.000192"/>
</kw>
<kw name="Should Not Be Empty" owner="BuiltIn">
<msg time="2024-03-23T12:25:24.825099" level="INFO">Length is 2.</msg>
<arg>${json_data}</arg>
<doc>Verifies that the given item is not empty.</doc>
<status status="PASS" start="2024-03-23T12:25:24.824964" elapsed="0.000174"/>
</kw>
<kw name="Create List" owner="BuiltIn">
<msg time="2024-03-23T12:25:24.825584" level="INFO">${expected_keys} = ['gender', 'name', 'location', 'email', 'login']</msg>
<var>${expected_keys}</var>
<arg>gender</arg>
<arg>name</arg>
<arg>location</arg>
<arg>email</arg>
<arg>login</arg>
<doc>Returns a list containing given items.</doc>
<status status="PASS" start="2024-03-23T12:25:24.825433" elapsed="0.000175"/>
</kw>
<for flavor="IN">
<iter>
<kw name="Dictionary Should Contain Key" owner="Collections">
<msg time="2024-03-23T12:25:24.826594" level="INFO">False</msg>
<arg>${json_data['results'][0]}</arg>
<arg>${key}</arg>
<doc>Fails if ``key`` is not found from ``dictionary``.</doc>
<status status="PASS" start="2024-03-23T12:25:24.826187" elapsed="0.000447"/>
</kw>
<kw name="Log" owner="BuiltIn">
<msg time="2024-03-23T12:25:24.827344" level="INFO">{'gender': 'female', 'name': {'title': 'Miss', 'first': 'Peggy', 'last': 'Boyd'}, 'location': {'street': {'number': 6574, 'name': 'Washington Ave'}, 'city': 'Anna', 'state': 'Delaware', 'country': 'United States', 'postcode': 39502, 'coordinates': {'latitude': '83.2000', 'longitude': '20.5525'}, 'timezone': {'offset': '-9:00', 'description': 'Alaska'}}, 'email': 'peggy.boyd@example.com', 'login': {'uuid': 'c141af02-5005-4f93-8bc9-82807ce23df5', 'username': 'organicleopard226', 'password': 'rrrrrr', 'salt': 'bav0JmtS', 'md5': '3b87aa23e0d636e46342fc702c530be1', 'sha1': 'a333787b490f20c90427d474efaf411710eb915d', 'sha256': '7ace9d8352d9e2999590bcb7108c29672284af3350f650348061257049956569'}, 'dob': {'date': '1974-05-01T13:27:35.536Z', 'age': 49}, 'registered': {'date': '2003-03-10T13:00:12.767Z', 'age': 21}, 'phone': '(891) 389-3923', 'cell': '(578) 306-0635', 'id': {'name': 'SSN', 'value': '164-44-2204'}, 'picture': {'large': 'https://randomuser.me/api/portraits/women/42.jpg', 'medium': 'https://randomuser.me/api/portraits/med/women/42.jpg', 'thumbnail': 'https://randomuser.me/api/portraits/thumb/women/42.jpg'}, 'nat': 'US'}</msg>
<arg>${json_data['results'][0]}</arg>
<doc>Logs the given message with the given level.</doc>
<status status="PASS" start="2024-03-23T12:25:24.826941" elapsed="0.000460"/>
</kw>
<kw name="Log" owner="BuiltIn">
<msg time="2024-03-23T12:25:24.827849" level="INFO">gender</msg>
<arg>${key}</arg>
<doc>Logs the given message with the given level.</doc>
<status status="PASS" start="2024-03-23T12:25:24.827718" elapsed="0.000171"/>
</kw>
<var name="${key}">gender</var>
<status status="PASS" start="2024-03-23T12:25:24.826061" elapsed="0.002054"/>
</iter>
<iter>
<kw name="Dictionary Should Contain Key" owner="Collections">
<msg time="2024-03-23T12:25:24.828815" level="INFO">False</msg>
<arg>${json_data['results'][0]}</arg>
<arg>${key}</arg>
<doc>Fails if ``key`` is not found from ``dictionary``.</doc>
<status status="PASS" start="2024-03-23T12:25:24.828426" elapsed="0.000428"/>
</kw>
<kw name="Log" owner="BuiltIn">
<msg time="2024-03-23T12:25:24.829560" level="INFO">{'gender': 'female', 'name': {'title': 'Miss', 'first': 'Peggy', 'last': 'Boyd'}, 'location': {'street': {'number': 6574, 'name': 'Washington Ave'}, 'city': 'Anna', 'state': 'Delaware', 'country': 'United States', 'postcode': 39502, 'coordinates': {'latitude': '83.2000', 'longitude': '20.5525'}, 'timezone': {'offset': '-9:00', 'description': 'Alaska'}}, 'email': 'peggy.boyd@example.com', 'login': {'uuid': 'c141af02-5005-4f93-8bc9-82807ce23df5', 'username': 'organicleopard226', 'password': 'rrrrrr', 'salt': 'bav0JmtS', 'md5': '3b87aa23e0d636e46342fc702c530be1', 'sha1': 'a333787b490f20c90427d474efaf411710eb915d', 'sha256': '7ace9d8352d9e2999590bcb7108c29672284af3350f650348061257049956569'}, 'dob': {'date': '1974-05-01T13:27:35.536Z', 'age': 49}, 'registered': {'date': '2003-03-10T13:00:12.767Z', 'age': 21}, 'phone': '(891) 389-3923', 'cell': '(578) 306-0635', 'id': {'name': 'SSN', 'value': '164-44-2204'}, 'picture': {'large': 'https://randomuser.me/api/portraits/women/42.jpg', 'medium': 'https://randomuser.me/api/portraits/med/women/42.jpg', 'thumbnail': 'https://randomuser.me/api/portraits/thumb/women/42.jpg'}, 'nat': 'US'}</msg>
<arg>${json_data['results'][0]}</arg>
<doc>Logs the given message with the given level.</doc>
<status status="PASS" start="2024-03-23T12:25:24.829191" elapsed="0.000418"/>
</kw>
<kw name="Log" owner="BuiltIn">
<msg time="2024-03-23T12:25:24.830041" level="INFO">name</msg>
<arg>${key}</arg>
<doc>Logs the given message with the given level.</doc>
<status status="PASS" start="2024-03-23T12:25:24.829909" elapsed="0.000171"/>
</kw>
<var name="${key}">name</var>
<status status="PASS" start="2024-03-23T12:25:24.828311" elapsed="0.001994"/>
</iter>
<iter>
<kw name="Dictionary Should Contain Key" owner="Collections">
<msg time="2024-03-23T12:25:24.830983" level="INFO">False</msg>
<arg>${json_data['results'][0]}</arg>
<arg>${key}</arg>
<doc>Fails if ``key`` is not found from ``dictionary``.</doc>
<status status="PASS" start="2024-03-23T12:25:24.830607" elapsed="0.000415"/>
</kw>
<kw name="Log" owner="BuiltIn">
<msg time="2024-03-23T12:25:24.831718" level="INFO">{'gender': 'female', 'name': {'title': 'Miss', 'first': 'Peggy', 'last': 'Boyd'}, 'location': {'street': {'number': 6574, 'name': 'Washington Ave'}, 'city': 'Anna', 'state': 'Delaware', 'country': 'United States', 'postcode': 39502, 'coordinates': {'latitude': '83.2000', 'longitude': '20.5525'}, 'timezone': {'offset': '-9:00', 'description': 'Alaska'}}, 'email': 'peggy.boyd@example.com', 'login': {'uuid': 'c141af02-5005-4f93-8bc9-82807ce23df5', 'username': 'organicleopard226', 'password': 'rrrrrr', 'salt': 'bav0JmtS', 'md5': '3b87aa23e0d636e46342fc702c530be1', 'sha1': 'a333787b490f20c90427d474efaf411710eb915d', 'sha256': '7ace9d8352d9e2999590bcb7108c29672284af3350f650348061257049956569'}, 'dob': {'date': '1974-05-01T13:27:35.536Z', 'age': 49}, 'registered': {'date': '2003-03-10T13:00:12.767Z', 'age': 21}, 'phone': '(891) 389-3923', 'cell': '(578) 306-0635', 'id': {'name': 'SSN', 'value': '164-44-2204'}, 'picture': {'large': 'https://randomuser.me/api/portraits/women/42.jpg', 'medium': 'https://randomuser.me/api/portraits/med/women/42.jpg', 'thumbnail': 'https://randomuser.me/api/portraits/thumb/women/42.jpg'}, 'nat': 'US'}</msg>
<arg>${json_data['results'][0]}</arg>
<doc>Logs the given message with the given level.</doc>
<status status="PASS" start="2024-03-23T12:25:24.831349" elapsed="0.000423"/>
</kw>
<kw name="Log" owner="BuiltIn">
<msg time="2024-03-23T12:25:24.832196" level="INFO">location</msg>
<arg>${key}</arg>
<doc>Logs the given message with the given level.</doc>
<status status="PASS" start="2024-03-23T12:25:24.832069" elapsed="0.000173"/>
</kw>
<var name="${key}">location</var>
<status status="PASS" start="2024-03-23T12:25:24.830487" elapsed="0.001972"/>
</iter>
<iter>
<kw name="Dictionary Should Contain Key" owner="Collections">
<msg time="2024-03-23T12:25:24.833133" level="INFO">False</msg>
<arg>${json_data['results'][0]}</arg>
<arg>${key}</arg>
<doc>Fails if ``key`` is not found from ``dictionary``.</doc>
<status status="PASS" start="2024-03-23T12:25:24.832744" elapsed="0.000427"/>
</kw>
<kw name="Log" owner="BuiltIn">
<msg time="2024-03-23T12:25:24.833835" level="INFO">{'gender': 'female', 'name': {'title': 'Miss', 'first': 'Peggy', 'last': 'Boyd'}, 'location': {'street': {'number': 6574, 'name': 'Washington Ave'}, 'city': 'Anna', 'state': 'Delaware', 'country': 'United States', 'postcode': 39502, 'coordinates': {'latitude': '83.2000', 'longitude': '20.5525'}, 'timezone': {'offset': '-9:00', 'description': 'Alaska'}}, 'email': 'peggy.boyd@example.com', 'login': {'uuid': 'c141af02-5005-4f93-8bc9-82807ce23df5', 'username': 'organicleopard226', 'password': 'rrrrrr', 'salt': 'bav0JmtS', 'md5': '3b87aa23e0d636e46342fc702c530be1', 'sha1': 'a333787b490f20c90427d474efaf411710eb915d', 'sha256': '7ace9d8352d9e2999590bcb7108c29672284af3350f650348061257049956569'}, 'dob': {'date': '1974-05-01T13:27:35.536Z', 'age': 49}, 'registered': {'date': '2003-03-10T13:00:12.767Z', 'age': 21}, 'phone': '(891) 389-3923', 'cell': '(578) 306-0635', 'id': {'name': 'SSN', 'value': '164-44-2204'}, 'picture': {'large': 'https://randomuser.me/api/portraits/women/42.jpg', 'medium': 'https://randomuser.me/api/portraits/med/women/42.jpg', 'thumbnail': 'https://randomuser.me/api/portraits/thumb/women/42.jpg'}, 'nat': 'US'}</msg>
<arg>${json_data['results'][0]}</arg>
<doc>Logs the given message with the given level.</doc>
<status status="PASS" start="2024-03-23T12:25:24.833474" elapsed="0.000409"/>
</kw>
<kw name="Log" owner="BuiltIn">
<msg time="2024-03-23T12:25:24.834311" level="INFO">email</msg>
<arg>${key}</arg>
<doc>Logs the given message with the given level.</doc>
<status status="PASS" start="2024-03-23T12:25:24.834178" elapsed="0.000171"/>
</kw>
<var name="${key}">email</var>
<status status="PASS" start="2024-03-23T12:25:24.832633" elapsed="0.001931"/>
</iter>
<iter>
<kw name="Dictionary Should Contain Key" owner="Collections">
<msg time="2024-03-23T12:25:24.835238" level="INFO">False</msg>
<arg>${json_data['results'][0]}</arg>
<arg>${key}</arg>
<doc>Fails if ``key`` is not found from ``dictionary``.</doc>
<status status="PASS" start="2024-03-23T12:25:24.834853" elapsed="0.000423"/>
</kw>
<kw name="Log" owner="BuiltIn">
<msg time="2024-03-23T12:25:24.835956" level="INFO">{'gender': 'female', 'name': {'title': 'Miss', 'first': 'Peggy', 'last': 'Boyd'}, 'location': {'street': {'number': 6574, 'name': 'Washington Ave'}, 'city': 'Anna', 'state': 'Delaware', 'country': 'United States', 'postcode': 39502, 'coordinates': {'latitude': '83.2000', 'longitude': '20.5525'}, 'timezone': {'offset': '-9:00', 'description': 'Alaska'}}, 'email': 'peggy.boyd@example.com', 'login': {'uuid': 'c141af02-5005-4f93-8bc9-82807ce23df5', 'username': 'organicleopard226', 'password': 'rrrrrr', 'salt': 'bav0JmtS', 'md5': '3b87aa23e0d636e46342fc702c530be1', 'sha1': 'a333787b490f20c90427d474efaf411710eb915d', 'sha256': '7ace9d8352d9e2999590bcb7108c29672284af3350f650348061257049956569'}, 'dob': {'date': '1974-05-01T13:27:35.536Z', 'age': 49}, 'registered': {'date': '2003-03-10T13:00:12.767Z', 'age': 21}, 'phone': '(891) 389-3923', 'cell': '(578) 306-0635', 'id': {'name': 'SSN', 'value': '164-44-2204'}, 'picture': {'large': 'https://randomuser.me/api/portraits/women/42.jpg', 'medium': 'https://randomuser.me/api/portraits/med/women/42.jpg', 'thumbnail': 'https://randomuser.me/api/portraits/thumb/women/42.jpg'}, 'nat': 'US'}</msg>
<arg>${json_data['results'][0]}</arg>
<doc>Logs the given message with the given level.</doc>
<status status="PASS" start="2024-03-23T12:25:24.835603" elapsed="0.000400"/>
</kw>
<kw name="Log" owner="BuiltIn">
<msg time="2024-03-23T12:25:24.836427" level="INFO">login</msg>
<arg>${key}</arg>
<doc>Logs the given message with the given level.</doc>
<status status="PASS" start="2024-03-23T12:25:24.836299" elapsed="0.000271"/>
</kw>
<var name="${key}">login</var>
<status status="PASS" start="2024-03-23T12:25:24.834737" elapsed="0.002059"/>
</iter>
<var>${key}</var>
<value>@{expected_keys}</value>
<status status="PASS" start="2024-03-23T12:25:24.825871" elapsed="0.011076"/>
</for>
<kw name="Create List" owner="BuiltIn">
<msg time="2024-03-23T12:25:24.837302" level="INFO">${expected_keysTwo} = ['username', 'password']</msg>
<var>${expected_keysTwo}</var>
<arg>username</arg>
<arg>password</arg>
<doc>Returns a list containing given items.</doc>
<status status="PASS" start="2024-03-23T12:25:24.837155" elapsed="0.000172"/>
</kw>
<for flavor="IN">
<iter>
<kw name="Dictionary Should Contain Key" owner="Collections">
<msg time="2024-03-23T12:25:24.838225" level="INFO">False</msg>
<arg>${json_data['results'][0]['login']}</arg>
<arg>${keyTwo}</arg>
<doc>Fails if ``key`` is not found from ``dictionary``.</doc>
<status status="PASS" start="2024-03-23T12:25:24.837834" elapsed="0.000430"/>
</kw>
<kw name="Dictionary Should Contain Key" owner="Collections">
<msg time="2024-03-23T12:25:24.838948" level="INFO">False</msg>
<arg>${json_data['results'][0]['login']}</arg>
<arg>${keyTwo}</arg>
<doc>Fails if ``key`` is not found from ``dictionary``.</doc>
<status status="PASS" start="2024-03-23T12:25:24.838562" elapsed="0.000425"/>
</kw>
<kw name="Log" owner="BuiltIn">
<msg time="2024-03-23T12:25:24.839446" level="INFO">username</msg>
<arg>${keyTwo}</arg>
<doc>Logs the given message with the given level.</doc>
<status status="PASS" start="2024-03-23T12:25:24.839290" elapsed="0.000196"/>
</kw>
<var name="${keyTwo}">username</var>
<status status="PASS" start="2024-03-23T12:25:24.837723" elapsed="0.001979"/>
</iter>
<iter>
<kw name="Dictionary Should Contain Key" owner="Collections">
<msg time="2024-03-23T12:25:24.840380" level="INFO">False</msg>
<arg>${json_data['results'][0]['login']}</arg>
<arg>${keyTwo}</arg>
<doc>Fails if ``key`` is not found from ``dictionary``.</doc>
<status status="PASS" start="2024-03-23T12:25:24.839988" elapsed="0.000431"/>
</kw>
<kw name="Dictionary Should Contain Key" owner="Collections">
<msg time="2024-03-23T12:25:24.841092" level="INFO">False</msg>
<arg>${json_data['results'][0]['login']}</arg>
<arg>${keyTwo}</arg>
<doc>Fails if ``key`` is not found from ``dictionary``.</doc>
<status status="PASS" start="2024-03-23T12:25:24.840719" elapsed="0.000410"/>
</kw>
<kw name="Log" owner="BuiltIn">
<msg time="2024-03-23T12:25:24.841546" level="INFO">password</msg>
<arg>${keyTwo}</arg>
<doc>Logs the given message with the given level.</doc>
<status status="PASS" start="2024-03-23T12:25:24.841419" elapsed="0.000165"/>
</kw>
<var name="${keyTwo}">password</var>
<status status="PASS" start="2024-03-23T12:25:24.839878" elapsed="0.001922"/>
</iter>
<var>${keyTwo}</var>
<value>@{expected_keysTwo}</value>
<status status="PASS" start="2024-03-23T12:25:24.837568" elapsed="0.004356"/>
</for>
<status status="PASS" start="2024-03-23T12:25:24.722014" elapsed="0.120053"/>
</kw>
<doc>Testa a estrutura da resposta da API.</doc>
<tag>testeEstruturaResposta</tag>
<status status="PASS" start="2024-03-23T12:25:24.721093" elapsed="0.121134"/>
</test>
<test id="s1-s1-t4" name="Validar tipos de dados" line="28">
<kw name="Teste de Tipos de Dados" owner="random-user-service">
<kw name="GET On Session" owner="RequestsLibrary">
<msg time="2024-03-23T12:25:24.918014" level="INFO">GET Request : url=https://randomuser.me/api 
 path_url=/api 
 headers={'User-Agent': 'python-requests/2.31.0', 'Accept-Encoding': 'gzip, deflate', 'Accept': '*/*', 'Connection': 'keep-alive'} 
 body=None 
 </msg>
<msg time="2024-03-23T12:25:24.918103" level="INFO">GET Response : url=https://randomuser.me/api 
 status=200, reason=OK 
 headers={'Date': 'Sat, 23 Mar 2024 12:25:24 GMT', 'Content-Type': 'application/json; charset=utf-8', 'Transfer-Encoding': 'chunked', 'Connection': 'keep-alive', 'X-Powered-By': 'Express', 'Access-Control-Allow-Origin': '*', 'Cache-Control': 'no-cache', 'ETag': 'W/"481-uIMFjQpVaPNLQWL4qPdKOKMcn7g"', 'Vary': 'Accept-Encoding', 'Content-Encoding': 'gzip', 'CF-Cache-Status': 'DYNAMIC', 'Report-To': '{"endpoints":[{"url":"https:\\/\\/a.nel.cloudflare.com\\/report\\/v4?s=4msrG20sOQMBq%2FJBzxDXndq7IdOwR5pMQ8i2gtyabjDz0jnptN3vs1zBou34N2V7FvrxMmcd0cJLcDdoJjGuWd6EVZb6RT1ug629fvcYv2EyhWwJVGs8N%2FcCcVP8W1KM"}],"group":"cf-nel","max_age":604800}', 'NEL': '{"success_fraction":0,"report_to":"cf-nel","max_age":604800}', 'Server': 'cloudflare', 'CF-RAY': '868e676a48d2054a-IAD', 'alt-svc': 'h3=":443"; ma=86400'} 
 body={"results":[{"gender":"male","name":{"title":"Mr","first":"Ernest","last":"Grant"},"location":{"street":{"number":2669,"name":"Rookery Road"},"city":"Buncrana","state":"Westmeath","country":"Ireland","postcode":75086,"coordinates":{"latitude":"-1.7675","longitude":"-83.8949"},"timezone":{"offset":"+7:00","description":"Bangkok, Hanoi, Jakarta"}},"email":"ernest.grant@example.com","login":{"uuid":"45d4b2eb-2d54-40a4-b4d7-57ee9c5faae1","username":"ticklishladybug387","password":"costello","salt":"kZtpcQrD","md5":"5cf7355319b26662e6956fad280a7266","sha1":"817fb61d594e4db922bad6d913103488085cef98","sha256":"a0413f2acaf96235d5410982b73dc5cdc0c4d4020e50a65cce4fe82ad52e871b"},"dob":{"date":"1971-07-25T10:34:26.168Z","age":52},"registered":{"date":"2019-12-03T15:30:32.375Z","age":4},"phone":"051-739-6691","cell":"081-478-6667","id":{"name":"PPS","value":"2046911T"},"picture":{"large":"https://randomuser.me/api/portraits/men/93.jpg","medium":"https://randomuser.me/api/portraits/med/men/93.jpg","thumbnail":"https://randomuser.me/api/portraits/thumb/men/93.jpg"},"nat":"IE"}],"info":{"seed":"80113d2be767890e","results":1,"page":1,"version":"1.4"}} 
 </msg>
<msg time="2024-03-23T12:25:24.918179" level="INFO">/opt/hostedtoolcache/Python/3.12.2/x64/lib/python3.12/site-packages/urllib3/connectionpool.py:1103: InsecureRequestWarning: Unverified HTTPS request is being made to host 'randomuser.me'. Adding certificate verification is strongly advised. See: https://urllib3.readthedocs.io/en/latest/advanced-usage.html#tls-warnings
  warnings.warn(</msg>
<msg time="2024-03-23T12:25:24.918291" level="INFO">${response} = &lt;Response [200]&gt;</msg>
<var>${response}</var>
<arg>consultarAPI</arg>
<arg>/api</arg>
<doc>Sends a GET request on a previously created HTTP Session.</doc>
<status status="PASS" start="2024-03-23T12:25:24.844692" elapsed="0.073638"/>
</kw>
<kw name="Set Variable" owner="BuiltIn">
<msg time="2024-03-23T12:25:24.919494" level="INFO">${json_data} = {'results': [{'gender': 'male', 'name': {'title': 'Mr', 'first': 'Ernest', 'last': 'Grant'}, 'location': {'street': {'number': 2669, 'name': 'Rookery Road'}, 'city': 'Buncrana', 'state': 'Westmeath', ...</msg>
<var>${json_data}</var>
<arg>${response.json()}</arg>
<doc>Returns the given values which can then be assigned to a variables.</doc>
<status status="PASS" start="2024-03-23T12:25:24.918883" elapsed="0.000644"/>
</kw>
<kw name="Log" owner="BuiltIn">
<msg time="2024-03-23T12:25:24.920025" level="INFO">{'results': [{'gender': 'male', 'name': {'title': 'Mr', 'first': 'Ernest', 'last': 'Grant'}, 'location': {'street': {'number': 2669, 'name': 'Rookery Road'}, 'city': 'Buncrana', 'state': 'Westmeath', 'country': 'Ireland', 'postcode': 75086, 'coordinates': {'latitude': '-1.7675', 'longitude': '-83.8949'}, 'timezone': {'offset': '+7:00', 'description': 'Bangkok, Hanoi, Jakarta'}}, 'email': 'ernest.grant@example.com', 'login': {'uuid': '45d4b2eb-2d54-40a4-b4d7-57ee9c5faae1', 'username': 'ticklishladybug387', 'password': 'costello', 'salt': 'kZtpcQrD', 'md5': '5cf7355319b26662e6956fad280a7266', 'sha1': '817fb61d594e4db922bad6d913103488085cef98', 'sha256': 'a0413f2acaf96235d5410982b73dc5cdc0c4d4020e50a65cce4fe82ad52e871b'}, 'dob': {'date': '1971-07-25T10:34:26.168Z', 'age': 52}, 'registered': {'date': '2019-12-03T15:30:32.375Z', 'age': 4}, 'phone': '051-739-6691', 'cell': '081-478-6667', 'id': {'name': 'PPS', 'value': '2046911T'}, 'picture': {'large': 'https://randomuser.me/api/portraits/men/93.jpg', 'medium': 'https://randomuser.me/api/portraits/med/men/93.jpg', 'thumbnail': 'https://randomuser.me/api/portraits/thumb/men/93.jpg'}, 'nat': 'IE'}], 'info': {'seed': '80113d2be767890e', 'results': 1, 'page': 1, 'version': '1.4'}}</msg>
<arg>${json_data}</arg>
<doc>Logs the given message with the given level.</doc>
<status status="PASS" start="2024-03-23T12:25:24.919864" elapsed="0.000247"/>
</kw>
<kw name="Should Be String" owner="String">
<arg>${json_data['results'][0]['gender']}</arg>
<doc>Fails if the given ``item`` is not a string.</doc>
<status status="PASS" start="2024-03-23T12:25:24.920414" elapsed="0.000363"/>
</kw>
<kw name="Should Match Regexp" owner="BuiltIn">
<arg>${json_data['results'][0]['email']}</arg>
<arg>^[a-zA-Z0-9._%+-]+@[a-zA-Z0-9.-]+\.[a-zA-Z]{2,}$</arg>
<doc>Fails if ``string`` does not match ``pattern`` as a regular expression.</doc>
<status status="PASS" start="2024-03-23T12:25:24.920975" elapsed="0.000524"/>
</kw>
<kw name="Should Match Regexp" owner="BuiltIn">
<arg>${json_data['results'][0]['dob']['date']}</arg>
<arg>\\d{4}-\\d{2}-\\d{2}T\\d{2}:\\d{2}:\\d{2}\\.\\d{3}Z</arg>
<doc>Fails if ``string`` does not match ``pattern`` as a regular expression.</doc>
<status status="PASS" start="2024-03-23T12:25:24.921697" elapsed="0.000489"/>
</kw>
<kw name="Should Match Regexp" owner="BuiltIn">
<arg>${json_data['results'][0]['registered']['date']}</arg>
<arg>\\d{4}-\\d{2}-\\d{2}T\\d{2}:\\d{2}:\\d{2}\\.\\d{3}Z</arg>
<doc>Fails if ``string`` does not match ``pattern`` as a regular expression.</doc>
<status status="PASS" start="2024-03-23T12:25:24.922385" elapsed="0.000367"/>
</kw>
<kw name="Should Match Regexp" owner="BuiltIn">
<arg>${json_data['results'][0]['picture']['large']}</arg>
<arg>^https?://.*\.(?:png|jpe?g|gif|bmp)$</arg>
<doc>Fails if ``string`` does not match ``pattern`` as a regular expression.</doc>
<status status="PASS" start="2024-03-23T12:25:24.922939" elapsed="0.000494"/>
</kw>
<kw name="Should Match Regexp" owner="BuiltIn">
<arg>${json_data['results'][0]['picture']['medium']}</arg>
<arg>^https?://.*\.(?:png|jpe?g|gif|bmp)$</arg>
<doc>Fails if ``string`` does not match ``pattern`` as a regular expression.</doc>
<status status="PASS" start="2024-03-23T12:25:24.923628" elapsed="0.000457"/>
</kw>
<kw name="Should Match Regexp" owner="BuiltIn">
<arg>${json_data['results'][0]['picture']['thumbnail']}</arg>
<arg>^https?://.*\.(?:png|jpe?g|gif|bmp)$</arg>
<doc>Fails if ``string`` does not match ``pattern`` as a regular expression.</doc>
<status status="PASS" start="2024-03-23T12:25:24.924287" elapsed="0.000362"/>
</kw>
<kw name="Log" owner="BuiltIn">
<msg time="2024-03-23T12:25:24.925161" level="INFO">{'large': 'https://randomuser.me/api/portraits/men/93.jpg', 'medium': 'https://randomuser.me/api/portraits/med/men/93.jpg', 'thumbnail': 'https://randomuser.me/api/portraits/thumb/men/93.jpg'}</msg>
<arg>${json_data['results'][0]['picture']}</arg>
<doc>Logs the given message with the given level.</doc>
<status status="PASS" start="2024-03-23T12:25:24.924831" elapsed="0.000378"/>
</kw>
<status status="PASS" start="2024-03-23T12:25:24.844462" elapsed="0.081007"/>
</kw>
<kw name="Teste de Tipos de Dados - Postcode" owner="random-user-service">
<kw name="GET On Session" owner="RequestsLibrary">
<msg time="2024-03-23T12:25:25.020514" level="INFO">GET Request : url=https://randomuser.me/api 
 path_url=/api 
 headers={'User-Agent': 'python-requests/2.31.0', 'Accept-Encoding': 'gzip, deflate', 'Accept': '*/*', 'Connection': 'keep-alive'} 
 body=None 
 </msg>
<msg time="2024-03-23T12:25:25.020604" level="INFO">GET Response : url=https://randomuser.me/api 
 status=200, reason=OK 
 headers={'Date': 'Sat, 23 Mar 2024 12:25:25 GMT', 'Content-Type': 'application/json; charset=utf-8', 'Transfer-Encoding': 'chunked', 'Connection': 'keep-alive', 'X-Powered-By': 'Express', 'Access-Control-Allow-Origin': '*', 'Cache-Control': 'no-cache', 'ETag': 'W/"4a2-nqMBje0J8LIZ11uLr1M+q2rDq84"', 'Vary': 'Accept-Encoding', 'Content-Encoding': 'gzip', 'CF-Cache-Status': 'DYNAMIC', 'Report-To': '{"endpoints":[{"url":"https:\\/\\/a.nel.cloudflare.com\\/report\\/v4?s=bPU193G99a%2FMrZdDtQ46yiRYu%2FgIUh6a0XERrLEQ%2BUnwTxRJXoMLn8iqcXVkbeApKVYXrwJTMKV0S1g6U%2B0PWWLtLR1u3Gzeeii9kz2%2F9tsIxB0g2ZyF7dHPDRsj72cs"}],"group":"cf-nel","max_age":604800}', 'NEL': '{"success_fraction":0,"report_to":"cf-nel","max_age":604800}', 'Server': 'cloudflare', 'CF-RAY': '868e676ac965054a-IAD', 'alt-svc': 'h3=":443"; ma=86400'} 
 body={"results":[{"gender":"female","name":{"title":"Ms","first":"Iris","last":"Yilmaz"},"location":{"street":{"number":6269,"name":"Fasanenweg"},"city":"Lebus","state":"Sachsen-Anhalt","country":"Germany","postcode":51577,"coordinates":{"latitude":"-50.0703","longitude":"108.9008"},"timezone":{"offset":"0:00","description":"Western Europe Time, London, Lisbon, Casablanca"}},"email":"iris.yilmaz@example.com","login":{"uuid":"7fc7a47d-7b2b-4d03-89f4-27e5e84b0653","username":"goldendog549","password":"wireless","salt":"SjQ1bntK","md5":"3eaf2750bffc88ccf69ac71318244e57","sha1":"e82d083601783b96c87fdc9fc1cd119ff7dfe788","sha256":"3f1a58ff0dae015baf4cfc2c52ea4e7223bb3e16f2e3bea2acf3b820c0190da0"},"dob":{"date":"1995-12-26T11:17:36.690Z","age":28},"registered":{"date":"2009-02-23T06:26:15.093Z","age":15},"phone":"0527-0432242","cell":"0177-8709091","id":{"name":"SVNR","value":"73 261295 Y 507"},"picture":{"large":"https://randomuser.me/api/portraits/women/88.jpg","medium":"https://randomuser.me/api/portraits/med/women/88.jpg","thumbnail":"https://randomuser.me/api/portraits/thumb/women/88.jpg"},"nat":"DE"}],"info":{"seed":"8efaf4aa40109f92","results":1,"page":1,"version":"1.4"}} 
 </msg>
<msg time="2024-03-23T12:25:25.020692" level="INFO">/opt/hostedtoolcache/Python/3.12.2/x64/lib/python3.12/site-packages/urllib3/connectionpool.py:1103: InsecureRequestWarning: Unverified HTTPS request is being made to host 'randomuser.me'. Adding certificate verification is strongly advised. See: https://urllib3.readthedocs.io/en/latest/advanced-usage.html#tls-warnings
  warnings.warn(</msg>
<msg time="2024-03-23T12:25:25.020811" level="INFO">${response} = &lt;Response [200]&gt;</msg>
<var>${response}</var>
<arg>consultarAPI</arg>
<arg>/api</arg>
<doc>Sends a GET request on a previously created HTTP Session.</doc>
<status status="PASS" start="2024-03-23T12:25:24.926063" elapsed="0.094790"/>
</kw>
<kw name="Set Variable" owner="BuiltIn">
<msg time="2024-03-23T12:25:25.021894" level="INFO">${json_data} = {'results': [{'gender': 'female', 'name': {'title': 'Ms', 'first': 'Iris', 'last': 'Yilmaz'}, 'location': {'street': {'number': 6269, 'name': 'Fasanenweg'}, 'city': 'Lebus', 'state': 'Sachsen-Anhalt',...</msg>
<var>${json_data}</var>
<arg>${response.json()}</arg>
<doc>Returns the given values which can then be assigned to a variables.</doc>
<status status="PASS" start="2024-03-23T12:25:25.021377" elapsed="0.000546"/>
</kw>
<kw name="Log" owner="BuiltIn">
<msg time="2024-03-23T12:25:25.022387" level="INFO">{'results': [{'gender': 'female', 'name': {'title': 'Ms', 'first': 'Iris', 'last': 'Yilmaz'}, 'location': {'street': {'number': 6269, 'name': 'Fasanenweg'}, 'city': 'Lebus', 'state': 'Sachsen-Anhalt', 'country': 'Germany', 'postcode': 51577, 'coordinates': {'latitude': '-50.0703', 'longitude': '108.9008'}, 'timezone': {'offset': '0:00', 'description': 'Western Europe Time, London, Lisbon, Casablanca'}}, 'email': 'iris.yilmaz@example.com', 'login': {'uuid': '7fc7a47d-7b2b-4d03-89f4-27e5e84b0653', 'username': 'goldendog549', 'password': 'wireless', 'salt': 'SjQ1bntK', 'md5': '3eaf2750bffc88ccf69ac71318244e57', 'sha1': 'e82d083601783b96c87fdc9fc1cd119ff7dfe788', 'sha256': '3f1a58ff0dae015baf4cfc2c52ea4e7223bb3e16f2e3bea2acf3b820c0190da0'}, 'dob': {'date': '1995-12-26T11:17:36.690Z', 'age': 28}, 'registered': {'date': '2009-02-23T06:26:15.093Z', 'age': 15}, 'phone': '0527-0432242', 'cell': '0177-8709091', 'id': {'name': 'SVNR', 'value': '73 261295 Y 507'}, 'picture': {'large': 'https://randomuser.me/api/portraits/women/88.jpg', 'medium': 'https://randomuser.me/api/portraits/med/women/88.jpg', 'thumbnail': 'https://randomuser.me/api/portraits/thumb/women/88.jpg'}, 'nat': 'DE'}], 'info': {'seed': '8efaf4aa40109f92', 'results': 1, 'page': 1, 'version': '1.4'}}</msg>
<arg>${json_data}</arg>
<doc>Logs the given message with the given level.</doc>
<status status="PASS" start="2024-03-23T12:25:25.022236" elapsed="0.000242"/>
</kw>
<kw name="Should Be Equal As Numbers" owner="BuiltIn">
<arg>${json_data['results'][0]['location']['postcode']}</arg>
<arg>${json_data['results'][0]['location']['postcode']}</arg>
<doc>Fails if objects are unequal after converting them to real numbers.</doc>
<status status="PASS" start="2024-03-23T12:25:25.022785" elapsed="0.000674"/>
</kw>
<kw name="Log" owner="BuiltIn">
<msg time="2024-03-23T12:25:25.024002" level="INFO">51577</msg>
<arg>${json_data['results'][0]['location']['postcode']}</arg>
<doc>Logs the given message with the given level.</doc>
<status status="PASS" start="2024-03-23T12:25:25.023659" elapsed="0.000384"/>
</kw>
<status status="PASS" start="2024-03-23T12:25:24.925697" elapsed="0.098608"/>
</kw>
<doc>Testa se os tipos de dados na resposta da API estão corretos.</doc>
<tag>testeTiposDados</tag>
<status status="PASS" start="2024-03-23T12:25:24.844021" elapsed="0.180459"/>
</test>
<test id="s1-s1-t5" name="Validar conteudo" line="35">
<kw name="Teste de Tipos de Conteudo" owner="random-user-service">
<kw name="GET On Session" owner="RequestsLibrary">
<msg time="2024-03-23T12:25:25.126048" level="INFO">GET Request : url=https://randomuser.me/api 
 path_url=/api 
 headers={'User-Agent': 'python-requests/2.31.0', 'Accept-Encoding': 'gzip, deflate', 'Accept': '*/*', 'Connection': 'keep-alive'} 
 body=None 
 </msg>
<msg time="2024-03-23T12:25:25.126141" level="INFO">GET Response : url=https://randomuser.me/api 
 status=200, reason=OK 
 headers={'Date': 'Sat, 23 Mar 2024 12:25:25 GMT', 'Content-Type': 'application/json; charset=utf-8', 'Transfer-Encoding': 'chunked', 'Connection': 'keep-alive', 'X-Powered-By': 'Express', 'Access-Control-Allow-Origin': '*', 'Cache-Control': 'no-cache', 'ETag': 'W/"48c-YxmbkH1KfK04QG2GGqpRPZqHgk8"', 'Vary': 'Accept-Encoding', 'Content-Encoding': 'gzip', 'CF-Cache-Status': 'DYNAMIC', 'Report-To': '{"endpoints":[{"url":"https:\\/\\/a.nel.cloudflare.com\\/report\\/v4?s=kyPAx9QnP55o420Pc6JJGtBrg7HEZ4T0%2FKSlLg%2BJ3JjkA4PBs%2BY%2FkwYqtOYlY0Ko6dwQkgVQgC1DCbVMPB62D8YSL8cYCndAnaeBXKbwzq35VBOUvIlLq1%2FndrO2JLga"}],"group":"cf-nel","max_age":604800}', 'NEL': '{"success_fraction":0,"report_to":"cf-nel","max_age":604800}', 'Server': 'cloudflare', 'CF-RAY': '868e676b79fa054a-IAD', 'alt-svc': 'h3=":443"; ma=86400'} 
 body={"results":[{"gender":"female","name":{"title":"Miss","first":"مریم","last":"یاسمی"},"location":{"street":{"number":7139,"name":"میدان توحید"},"city":"اصفهان","state":"همدان","country":"Iran","postcode":92728,"coordinates":{"latitude":"20.2154","longitude":"147.9355"},"timezone":{"offset":"-12:00","description":"Eniwetok, Kwajalein"}},"email":"mrym.ysmy@example.com","login":{"uuid":"af10bb1b-e508-4923-8577-b6736ccadc62","username":"heavyostrich488","password":"johnny1","salt":"xdHMjmtu","md5":"6dd099a859f1887b4fd8dc222a94bf2a","sha1":"c059c2ea599f909d51b377573aa976c37cba0f88","sha256":"bc49fc289f9759c0ec642bbe88991ab279c0fd017b37173ca33b604a5d3a6434"},"dob":{"date":"1972-02-27T18:16:45.311Z","age":52},"registered":{"date":"2006-09-27T22:05:15.781Z","age":17},"phone":"077-68841852","cell":"0937-036-4777","id":{"name":"","value":null},"picture":{"large":"https://randomuser.me/api/portraits/women/40.jpg","medium":"https://randomuser.me/api/portraits/med/women/40.jpg","thumbnail":"https://randomuser.me/api/portraits/thumb/women/40.jpg"},"nat":"IR"}],"info":{"seed":"300040125eb9edbe","results":1,"page":1,"version":"1.4"}} 
 </msg>
<msg time="2024-03-23T12:25:25.126226" level="INFO">/opt/hostedtoolcache/Python/3.12.2/x64/lib/python3.12/site-packages/urllib3/connectionpool.py:1103: InsecureRequestWarning: Unverified HTTPS request is being made to host 'randomuser.me'. Adding certificate verification is strongly advised. See: https://urllib3.readthedocs.io/en/latest/advanced-usage.html#tls-warnings
  warnings.warn(</msg>
<msg time="2024-03-23T12:25:25.126341" level="INFO">${response} = &lt;Response [200]&gt;</msg>
<var>${response}</var>
<arg>consultarAPI</arg>
<arg>/api</arg>
<doc>Sends a GET request on a previously created HTTP Session.</doc>
<status status="PASS" start="2024-03-23T12:25:25.026947" elapsed="0.099439"/>
</kw>
<kw name="Set Variable" owner="BuiltIn">
<msg time="2024-03-23T12:25:25.127397" level="INFO">${json_data} = {'results': [{'gender': 'female', 'name': {'title': 'Miss', 'first': 'مریم', 'last': 'یاسمی'}, 'location': {'street': {'number': 7139, 'name': 'میدان توحید'}, 'city': 'اصفهان', 'state': 'همدان', 'coun...</msg>
<var>${json_data}</var>
<arg>${response.json()}</arg>
<doc>Returns the given values which can then be assigned to a variables.</doc>
<status status="PASS" start="2024-03-23T12:25:25.126827" elapsed="0.000610"/>
</kw>
<kw name="Set Variable" owner="BuiltIn">
<msg time="2024-03-23T12:25:25.128124" level="INFO">${name_title} = Miss</msg>
<var>${name_title}</var>
<arg>${json_data["results"][0]["name"]["title"]}</arg>
<doc>Returns the given values which can then be assigned to a variables.</doc>
<status status="PASS" start="2024-03-23T12:25:25.127747" elapsed="0.000403"/>
</kw>
<kw name="Create List" owner="BuiltIn">
<msg time="2024-03-23T12:25:25.128599" level="INFO">${allowed_titles} = ['Mr', 'Ms', 'Miss', 'Mrs', 'Madame', 'Monsieur']</msg>
<var>${allowed_titles}</var>
<arg>Mr</arg>
<arg>Ms</arg>
<arg>Miss</arg>
<arg>Mrs</arg>
<arg>Madame</arg>
<arg>Monsieur</arg>
<doc>Returns a list containing given items.</doc>
<status status="PASS" start="2024-03-23T12:25:25.128450" elapsed="0.000173"/>
</kw>
<kw name="List Should Contain Value" owner="Collections">
<msg time="2024-03-23T12:25:25.129106" level="INFO">False</msg>
<arg>${allowed_titles}</arg>
<arg>${name_title}</arg>
<doc>Fails if the ``value`` is not found from ``list``.</doc>
<status status="PASS" start="2024-03-23T12:25:25.128931" elapsed="0.000213"/>
</kw>
<kw name="Set Variable" owner="BuiltIn">
<msg time="2024-03-23T12:25:25.129812" level="INFO">${name_country} = IR</msg>
<var>${name_country}</var>
<arg>${json_data["results"][0]["nat"]}</arg>
<doc>Returns the given values which can then be assigned to a variables.</doc>
<status status="PASS" start="2024-03-23T12:25:25.129433" elapsed="0.000405"/>
</kw>
<kw name="Create List" owner="BuiltIn">
<msg time="2024-03-23T12:25:25.130760" level="INFO">${list_country} = ['AD', 'AE', 'AF', 'AG', 'AI', 'AL', 'AM', 'AO', 'AQ', 'AR', 'AS', 'AT', 'AU', 'AW', 'AX', 'AZ', 'BA', 'BB', 'BD', 'BE', 'BF', 'BG', 'BH', 'BI', 'BJ', 'BL', 'BM', 'BN', 'BO', 'BQ', 'BR', 'BS', 'BT', '...</msg>
<var>${list_country}</var>
<arg>AD</arg>
<arg>AE</arg>
<arg>AF</arg>
<arg>AG</arg>
<arg>AI</arg>
<arg>AL</arg>
<arg>AM</arg>
<arg>AO</arg>
<arg>AQ</arg>
<arg>AR</arg>
<arg>AS</arg>
<arg>AT</arg>
<arg>AU</arg>
<arg>AW</arg>
<arg>AX</arg>
<arg>AZ</arg>
<arg>BA</arg>
<arg>BB</arg>
<arg>BD</arg>
<arg>BE</arg>
<arg>BF</arg>
<arg>BG</arg>
<arg>BH</arg>
<arg>BI</arg>
<arg>BJ</arg>
<arg>BL</arg>
<arg>BM</arg>
<arg>BN</arg>
<arg>BO</arg>
<arg>BQ</arg>
<arg>BR</arg>
<arg>BS</arg>
<arg>BT</arg>
<arg>BV</arg>
<arg>BW</arg>
<arg>BY</arg>
<arg>BZ</arg>
<arg>CA</arg>
<arg>CC</arg>
<arg>CD</arg>
<arg>CF</arg>
<arg>CG</arg>
<arg>CH</arg>
<arg>CI</arg>
<arg>CK</arg>
<arg>CL</arg>
<arg>CM</arg>
<arg>CN</arg>
<arg>CO</arg>
<arg>CR</arg>
<arg>CU</arg>
<arg>CV</arg>
<arg>CW</arg>
<arg>CX</arg>
<arg>CY</arg>
<arg>CZ</arg>
<arg>DE</arg>
<arg>DJ</arg>
<arg>DK</arg>
<arg>DM</arg>
<arg>DO</arg>
<arg>DZ</arg>
<arg>EC</arg>
<arg>EE</arg>
<arg>EG</arg>
<arg>EH</arg>
<arg>ER</arg>
<arg>ES</arg>
<arg>ET</arg>
<arg>FI</arg>
<arg>FJ</arg>
<arg>FK</arg>
<arg>FM</arg>
<arg>FO</arg>
<arg>FR</arg>
<arg>GA</arg>
<arg>GB</arg>
<arg>GD</arg>
<arg>GE</arg>
<arg>GF</arg>
<arg>GG</arg>
<arg>GH</arg>
<arg>GI</arg>
<arg>GL</arg>
<arg>GM</arg>
<arg>GN</arg>
<arg>GP</arg>
<arg>GQ</arg>
<arg>GR</arg>
<arg>GS</arg>
<arg>GT</arg>
<arg>GU</arg>
<arg>GW</arg>
<arg>GY</arg>
<arg>HK</arg>
<arg>HM</arg>
<arg>HN</arg>
<arg>HR</arg>
<arg>HT</arg>
<arg>HU</arg>
<arg>ID</arg>
<arg>IE</arg>
<arg>IL</arg>
<arg>IM</arg>
<arg>IN</arg>
<arg>IO</arg>
<arg>IQ</arg>
<arg>IR</arg>
<arg>IS</arg>
<arg>IT</arg>
<arg>JE</arg>
<arg>JM</arg>
<arg>JO</arg>
<arg>JP</arg>
<arg>KE</arg>
<arg>KG</arg>
<arg>KH</arg>
<arg>KI</arg>
<arg>KM</arg>
<arg>KN</arg>
<arg>KP</arg>
<arg>KR</arg>
<arg>KW</arg>
<arg>KY</arg>
<arg>KZ</arg>
<arg>LA</arg>
<arg>LB</arg>
<arg>LC</arg>
<arg>LI</arg>
<arg>LK</arg>
<arg>LR</arg>
<arg>LS</arg>
<arg>LT</arg>
<arg>LU</arg>
<arg>LV</arg>
<arg>LY</arg>
<arg>MA</arg>
<arg>MC</arg>
<arg>MD</arg>
<arg>ME</arg>
<arg>MF</arg>
<arg>MG</arg>
<arg>MH</arg>
<arg>MK</arg>
<arg>ML</arg>
<arg>MM</arg>
<arg>MN</arg>
<arg>MO</arg>
<arg>MP</arg>
<arg>MQ</arg>
<arg>MR</arg>
<arg>MS</arg>
<arg>MT</arg>
<arg>MU</arg>
<arg>MV</arg>
<arg>MW</arg>
<arg>MX</arg>
<arg>MY</arg>
<arg>MZ</arg>
<arg>NA</arg>
<arg>NC</arg>
<arg>NE</arg>
<arg>NF</arg>
<arg>NG</arg>
<arg>NI</arg>
<arg>NL</arg>
<arg>NO</arg>
<arg>NP</arg>
<arg>NR</arg>
<arg>NU</arg>
<arg>NZ</arg>
<arg>OM</arg>
<arg>PA</arg>
<arg>PE</arg>
<arg>PF</arg>
<arg>PG</arg>
<arg>PH</arg>
<arg>PK</arg>
<arg>PL</arg>
<arg>PM</arg>
<arg>PN</arg>
<arg>PR</arg>
<arg>PS</arg>
<arg>PT</arg>
<arg>PW</arg>
<arg>PY</arg>
<arg>QA</arg>
<arg>RE</arg>
<arg>RO</arg>
<arg>RS</arg>
<arg>RU</arg>
<arg>RW</arg>
<arg>SA</arg>
<arg>SB</arg>
<arg>SC</arg>
<arg>SD</arg>
<arg>SE</arg>
<arg>SG</arg>
<arg>SH</arg>
<arg>SI</arg>
<arg>SJ</arg>
<arg>SK</arg>
<arg>SL</arg>
<arg>SM</arg>
<arg>SN</arg>
<arg>SO</arg>
<arg>SR</arg>
<arg>SS</arg>
<arg>ST</arg>
<arg>SV</arg>
<arg>SX</arg>
<arg>SY</arg>
<arg>SZ</arg>
<arg>TC</arg>
<arg>TD</arg>
<arg>TF</arg>
<arg>TG</arg>
<arg>TH</arg>
<arg>TJ</arg>
<arg>TK</arg>
<arg>TL</arg>
<arg>TM</arg>
<arg>TN</arg>
<arg>TO</arg>
<arg>TR</arg>
<arg>TT</arg>
<arg>TV</arg>
<arg>TW</arg>
<arg>TZ</arg>
<arg>UA</arg>
<arg>UG</arg>
<arg>UM</arg>
<arg>US</arg>
<arg>UY</arg>
<arg>UZ</arg>
<arg>VA</arg>
<arg>VC</arg>
<arg>VE</arg>
<arg>VG</arg>
<arg>VI</arg>
<arg>VN</arg>
<arg>VU</arg>
<arg>WF</arg>
<arg>WS</arg>
<arg>XK</arg>
<arg>YE</arg>
<arg>YT</arg>
<arg>ZA</arg>
<arg>ZM</arg>
<arg>ZW</arg>
<doc>Returns a list containing given items.</doc>
<status status="PASS" start="2024-03-23T12:25:25.130149" elapsed="0.000637"/>
</kw>
<kw name="List Should Contain Value" owner="Collections">
<msg time="2024-03-23T12:25:25.131935" level="INFO">False</msg>
<arg>${list_country}</arg>
<arg>${name_country}</arg>
<doc>Fails if the ``value`` is not found from ``list``.</doc>
<status status="PASS" start="2024-03-23T12:25:25.131728" elapsed="0.000245"/>
</kw>
<kw name="Run Keyword If" owner="BuiltIn">
<kw name="Should Be True" owner="BuiltIn">
<arg>${True}</arg>
<doc>Fails if the given condition is not true.</doc>
<status status="PASS" start="2024-03-23T12:25:25.133062" elapsed="0.000146"/>
</kw>
<arg>${json_data["results"][0]["location"]["coordinates"]["latitude"]} &gt;= -90 and ${json_data["results"][0]["location"]["coordinates"]["latitude"]} &lt;= 90</arg>
<arg>Should Be True</arg>
<arg>${True}</arg>
<doc>Runs the given keyword with the given arguments, if ``condition`` is true.</doc>
<status status="PASS" start="2024-03-23T12:25:25.132287" elapsed="0.001051"/>
</kw>
<kw name="Run Keyword If" owner="BuiltIn">
<kw name="Should Be True" owner="BuiltIn">
<arg>${True}</arg>
<doc>Fails if the given condition is not true.</doc>
<status status="PASS" start="2024-03-23T12:25:25.134215" elapsed="0.000139"/>
</kw>
<arg>${json_data["results"][0]["location"]["coordinates"]["longitude"]} &gt;= -180 and ${json_data["results"][0]["location"]["coordinates"]["longitude"]} &lt;= 180</arg>
<arg>Should Be True</arg>
<arg>${True}</arg>
<doc>Runs the given keyword with the given arguments, if ``condition`` is true.</doc>
<status status="PASS" start="2024-03-23T12:25:25.133523" elapsed="0.000955"/>
</kw>
<status status="PASS" start="2024-03-23T12:25:25.026715" elapsed="0.107893"/>
</kw>
<doc>Testa o conteúdo específico dos campos retornados pela API.</doc>
<tag>testeConteudo</tag>
<status status="PASS" start="2024-03-23T12:25:25.026231" elapsed="0.108528"/>
</test>
<status status="PASS" start="2024-03-23T12:25:24.284384" elapsed="0.852380"/>
</suite>
<status status="PASS" start="2024-03-23T12:25:24.266112" elapsed="0.875978"/>
</suite>
<statistics>
<total>
<stat pass="5" fail="0" skip="0">All Tests</stat>
</total>
<tag>
<stat pass="1" fail="0" skip="0">testeConteudo</stat>
<stat pass="1" fail="0" skip="0">testeEstruturaResposta</stat>
<stat pass="1" fail="0" skip="0">testeRequisicaoBasica</stat>
<stat pass="1" fail="0" skip="0">testeTiposDados</stat>
</tag>
<suite>
<stat pass="5" fail="0" skip="0" id="s1" name="Tests">Tests</stat>
<stat pass="5" fail="0" skip="0" id="s1-s1" name="Random-User-Test">Tests.Random-User-Test</stat>
</suite>
</statistics>
<errors>
</errors>
</robot>
