<?xml version="1.0" encoding="UTF-8"?>
<robot generator="Robot 7.0.1 (Python 3.12.4 on linux)" generated="2024-06-20T13:17:10.417265" rpa="false" schemaversion="5">
<suite id="s1" name="Tests" source="/home/runner/work/ApiRandomUser/ApiRandomUser/RamdonUser/tests">
<suite id="s1-s1" name="Random-User-Test" source="/home/runner/work/ApiRandomUser/ApiRandomUser/RamdonUser/tests/random-user-test.robot">
<test id="s1-s1-t1" name="Conectar" line="13">
<kw name="Conectar API" owner="random-user-service">
<kw name="Create Session" owner="RequestsLibrary">
<msg time="2024-06-20T13:17:10.842081" level="INFO">Creating Session using : alias=consultarAPI, url=https://randomuser.me/, headers={},                     cookies={}, auth=None, timeout=None, proxies=None, verify=False,                     debug=0 </msg>
<arg>consultarAPI</arg>
<arg>${URL}</arg>
<doc>Create Session: create a HTTP session to a server</doc>
<status status="PASS" start="2024-06-20T13:17:10.841869" elapsed="0.000404"/>
</kw>
<status status="PASS" start="2024-06-20T13:17:10.840876" elapsed="0.001793"/>
</kw>
<status status="PASS" start="2024-06-20T13:17:10.840221" elapsed="0.002642"/>
</test>
<test id="s1-s1-t2" name="Validar retorno 200 e JSON Válido" line="16">
<kw name="Teste de Requisicao Basica" owner="random-user-service">
<kw name="GET On Session" owner="RequestsLibrary">
<msg time="2024-06-20T13:17:11.261942" level="INFO">GET Request : url=https://randomuser.me/api 
 path_url=/api 
 headers={'User-Agent': 'python-requests/2.32.3', 'Accept-Encoding': 'gzip, deflate', 'Accept': '*/*', 'Connection': 'keep-alive'} 
 body=None 
 </msg>
<msg time="2024-06-20T13:17:11.262120" level="INFO">GET Response : url=https://randomuser.me/api 
 status=200, reason=OK 
 headers={'Date': 'Thu, 20 Jun 2024 13:17:11 GMT', 'Content-Type': 'application/json; charset=utf-8', 'Transfer-Encoding': 'chunked', 'Connection': 'keep-alive', 'X-Powered-By': 'Express', 'Access-Control-Allow-Origin': '*', 'Cache-Control': 'no-cache', 'ETag': 'W/"48f-RWQgU2k/61I1MgNO0inVRxUhSyc"', 'Vary': 'Accept-Encoding', 'Content-Encoding': 'gzip', 'CF-Cache-Status': 'DYNAMIC', 'Report-To': '{"endpoints":[{"url":"https:\\/\\/a.nel.cloudflare.com\\/report\\/v4?s=j%2FWt%2BVhdWz8k7hXDXF07gvV5ziumwqjr09O%2F6qZQhNFl4vduRNBE9%2BcAfGQIlJqZzMDmIQsxo70BTUXVjvMEFnKlNHBFRha2LaF5%2FDBSZZxAP9zvepCe0Eq2m93PYY5b"}],"group":"cf-nel","max_age":604800}', 'NEL': '{"success_fraction":0,"report_to":"cf-nel","max_age":604800}', 'Server': 'cloudflare', 'CF-RAY': '896c099efe5a69a2-SJC', 'alt-svc': 'h3=":443"; ma=86400'} 
 body={"results":[{"gender":"female","name":{"title":"Miss","first":"Leila","last":"Jevnaker"},"location":{"street":{"number":3031,"name":"Hellinga"},"city":"Velde","state":"Vest-Agder","country":"Norway","postcode":"1102","coordinates":{"latitude":"44.9221","longitude":"86.4662"},"timezone":{"offset":"-6:00","description":"Central Time (US &amp; Canada), Mexico City"}},"email":"leila.jevnaker@example.com","login":{"uuid":"863345ee-6002-4f3c-bc80-4520b2044db9","username":"angryelephant401","password":"karen1","salt":"adk7nVTV","md5":"74fe9a737dce4d0f35020ca20b50e1eb","sha1":"241e40b0f7ea68710d1d22b798a5c36b88b96296","sha256":"dcee378ff6389927bd91e96d44ffa18d14d0335bf960c7a3d0e92786691bad8b"},"dob":{"date":"1954-10-19T08:46:06.640Z","age":69},"registered":{"date":"2002-03-25T11:47:53.424Z","age":22},"phone":"30228763","cell":"41753422","id":{"name":"FN","value":"19105429676"},"picture":{"large":"https://randomuser.me/api/portraits/women/72.jpg","medium":"https://randomuser.me/api/portraits/med/women/72.jpg","thumbnail":"https://randomuser.me/api/portraits/thumb/women/72.jpg"},"nat":"NO"}],"info":{"seed":"be07fdc6556e8494","results":1,"page":1,"version":"1.4"}} 
 </msg>
<msg time="2024-06-20T13:17:11.262222" level="INFO">/opt/hostedtoolcache/Python/3.12.4/x64/lib/python3.12/site-packages/urllib3/connectionpool.py:1099: InsecureRequestWarning: Unverified HTTPS request is being made to host 'randomuser.me'. Adding certificate verification is strongly advised. See: https://urllib3.readthedocs.io/en/latest/advanced-usage.html#tls-warnings
  warnings.warn(</msg>
<msg time="2024-06-20T13:17:11.262372" level="INFO">${response} = &lt;Response [200]&gt;</msg>
<var>${response}</var>
<arg>consultarAPI</arg>
<arg>/api</arg>
<doc>Sends a GET request on a previously created HTTP Session.</doc>
<status status="PASS" start="2024-06-20T13:17:10.845524" elapsed="0.416890"/>
</kw>
<kw name="Should Be Equal As Numbers" owner="BuiltIn">
<msg time="2024-06-20T13:17:11.263729" level="INFO">Argument types are:
&lt;class 'int'&gt;
&lt;class 'str'&gt;</msg>
<arg>${response.status_code}</arg>
<arg>200</arg>
<doc>Fails if objects are unequal after converting them to real numbers.</doc>
<status status="PASS" start="2024-06-20T13:17:11.263191" elapsed="0.000609"/>
</kw>
<kw name="Log" owner="BuiltIn">
<msg time="2024-06-20T13:17:11.264484" level="INFO">200</msg>
<arg>${response.status_code}</arg>
<doc>Logs the given message with the given level.</doc>
<status status="PASS" start="2024-06-20T13:17:11.264128" elapsed="0.000397"/>
</kw>
<kw name="Set Variable" owner="BuiltIn">
<msg time="2024-06-20T13:17:11.265256" level="INFO">${json_data} = {'results': [{'gender': 'female', 'name': {'title': 'Miss', 'first': 'Leila', 'last': 'Jevnaker'}, 'location': {'street': {'number': 3031, 'name': 'Hellinga'}, 'city': 'Velde', 'state': 'Vest-Agder', ...</msg>
<var>${json_data}</var>
<arg>${response.json()}</arg>
<doc>Returns the given values which can then be assigned to a variables.</doc>
<status status="PASS" start="2024-06-20T13:17:11.264825" elapsed="0.000459"/>
</kw>
<kw name="Dictionary Should Contain Key" owner="Collections">
<arg>${json_data}</arg>
<arg>results</arg>
<doc>Fails if ``key`` is not found from ``dictionary``.</doc>
<status status="PASS" start="2024-06-20T13:17:11.265578" elapsed="0.000166"/>
</kw>
<status status="PASS" start="2024-06-20T13:17:10.845279" elapsed="0.420636"/>
</kw>
<doc>Testa se a API responde corretamente e retorna um objeto JSON válido.</doc>
<tag>testeRequisicaoBasica</tag>
<status status="PASS" start="2024-06-20T13:17:10.844763" elapsed="0.421327"/>
</test>
<test id="s1-s1-t3" name="Validar estrutura de resposta" line="22">
<kw name="Teste de Estrutura de Resposta" owner="random-user-service">
<kw name="GET On Session" owner="RequestsLibrary">
<msg time="2024-06-20T13:17:11.672189" level="INFO">GET Request : url=https://randomuser.me/api 
 path_url=/api 
 headers={'User-Agent': 'python-requests/2.32.3', 'Accept-Encoding': 'gzip, deflate', 'Accept': '*/*', 'Connection': 'keep-alive'} 
 body=None 
 </msg>
<msg time="2024-06-20T13:17:11.672319" level="INFO">GET Response : url=https://randomuser.me/api 
 status=200, reason=OK 
 headers={'Date': 'Thu, 20 Jun 2024 13:17:11 GMT', 'Content-Type': 'application/json; charset=utf-8', 'Transfer-Encoding': 'chunked', 'Connection': 'keep-alive', 'X-Powered-By': 'Express', 'Access-Control-Allow-Origin': '*', 'Cache-Control': 'no-cache', 'ETag': 'W/"484-URS6aE4abQdP6PblnxAWroFKIT4"', 'Vary': 'Accept-Encoding', 'Content-Encoding': 'gzip', 'CF-Cache-Status': 'DYNAMIC', 'Report-To': '{"endpoints":[{"url":"https:\\/\\/a.nel.cloudflare.com\\/report\\/v4?s=tQtyvUInXCfOD7bN1XfKw%2FjkcpBkDhNEUj%2FwoD2%2FSbK5p%2BJKGK86byUl44Z630dyTV0%2FzNL%2FdQFuJ7RPohG7NZDi4P5wMjntqdZPLraIXce510XJDkzxPi%2BjVi7WyclM"}],"group":"cf-nel","max_age":604800}', 'NEL': '{"success_fraction":0,"report_to":"cf-nel","max_age":604800}', 'Server': 'cloudflare', 'CF-RAY': '896c09a16ffc69a2-SJC', 'alt-svc': 'h3=":443"; ma=86400'} 
 body={"results":[{"gender":"female","name":{"title":"Mrs","first":"Indie","last":"Walker"},"location":{"street":{"number":851,"name":"Grey Street"},"city":"Tauranga","state":"Waikato","country":"New Zealand","postcode":12373,"coordinates":{"latitude":"51.6293","longitude":"63.0441"},"timezone":{"offset":"+4:00","description":"Abu Dhabi, Muscat, Baku, Tbilisi"}},"email":"indie.walker@example.com","login":{"uuid":"6c6915cd-063c-4ad2-b17b-0962a914dfbf","username":"redbear647","password":"hrfzlz","salt":"ymVO1iCe","md5":"78c6395bbf50cec77c7db59684f981c1","sha1":"d3e2d7f688acf3584f2b6d05a25c44525b8f292e","sha256":"55392e53f4e104b1fb8d19564e880deef1b80634f1dd31fdcf205e2c1a858d31"},"dob":{"date":"1968-07-10T06:20:46.390Z","age":55},"registered":{"date":"2005-11-20T10:59:47.623Z","age":18},"phone":"(603)-897-9205","cell":"(628)-991-4107","id":{"name":"","value":null},"picture":{"large":"https://randomuser.me/api/portraits/women/61.jpg","medium":"https://randomuser.me/api/portraits/med/women/61.jpg","thumbnail":"https://randomuser.me/api/portraits/thumb/women/61.jpg"},"nat":"NZ"}],"info":{"seed":"4f8d781bed8d674f","results":1,"page":1,"version":"1.4"}} 
 </msg>
<msg time="2024-06-20T13:17:11.672480" level="INFO">/opt/hostedtoolcache/Python/3.12.4/x64/lib/python3.12/site-packages/urllib3/connectionpool.py:1099: InsecureRequestWarning: Unverified HTTPS request is being made to host 'randomuser.me'. Adding certificate verification is strongly advised. See: https://urllib3.readthedocs.io/en/latest/advanced-usage.html#tls-warnings
  warnings.warn(</msg>
<msg time="2024-06-20T13:17:11.672622" level="INFO">${response} = &lt;Response [200]&gt;</msg>
<var>${response}</var>
<arg>consultarAPI</arg>
<arg>/api</arg>
<doc>Sends a GET request on a previously created HTTP Session.</doc>
<status status="PASS" start="2024-06-20T13:17:11.268816" elapsed="0.403840"/>
</kw>
<kw name="Set Variable" owner="BuiltIn">
<msg time="2024-06-20T13:17:11.673768" level="INFO">${json_data} = {'results': [{'gender': 'female', 'name': {'title': 'Mrs', 'first': 'Indie', 'last': 'Walker'}, 'location': {'street': {'number': 851, 'name': 'Grey Street'}, 'city': 'Tauranga', 'state': 'Waikato', '...</msg>
<var>${json_data}</var>
<arg>${response.json()}</arg>
<doc>Returns the given values which can then be assigned to a variables.</doc>
<status status="PASS" start="2024-06-20T13:17:11.673243" elapsed="0.000554"/>
</kw>
<kw name="Log" owner="BuiltIn">
<msg time="2024-06-20T13:17:11.674276" level="INFO">{'results': [{'gender': 'female', 'name': {'title': 'Mrs', 'first': 'Indie', 'last': 'Walker'}, 'location': {'street': {'number': 851, 'name': 'Grey Street'}, 'city': 'Tauranga', 'state': 'Waikato', 'country': 'New Zealand', 'postcode': 12373, 'coordinates': {'latitude': '51.6293', 'longitude': '63.0441'}, 'timezone': {'offset': '+4:00', 'description': 'Abu Dhabi, Muscat, Baku, Tbilisi'}}, 'email': 'indie.walker@example.com', 'login': {'uuid': '6c6915cd-063c-4ad2-b17b-0962a914dfbf', 'username': 'redbear647', 'password': 'hrfzlz', 'salt': 'ymVO1iCe', 'md5': '78c6395bbf50cec77c7db59684f981c1', 'sha1': 'd3e2d7f688acf3584f2b6d05a25c44525b8f292e', 'sha256': '55392e53f4e104b1fb8d19564e880deef1b80634f1dd31fdcf205e2c1a858d31'}, 'dob': {'date': '1968-07-10T06:20:46.390Z', 'age': 55}, 'registered': {'date': '2005-11-20T10:59:47.623Z', 'age': 18}, 'phone': '(603)-897-9205', 'cell': '(628)-991-4107', 'id': {'name': '', 'value': None}, 'picture': {'large': 'https://randomuser.me/api/portraits/women/61.jpg', 'medium': 'https://randomuser.me/api/portraits/med/women/61.jpg', 'thumbnail': 'https://randomuser.me/api/portraits/thumb/women/61.jpg'}, 'nat': 'NZ'}], 'info': {'seed': '4f8d781bed8d674f', 'results': 1, 'page': 1, 'version': '1.4'}}</msg>
<arg>${json_data}</arg>
<doc>Logs the given message with the given level.</doc>
<status status="PASS" start="2024-06-20T13:17:11.674111" elapsed="0.000213"/>
</kw>
<kw name="Dictionary Should Contain Key" owner="Collections">
<arg>${json_data}</arg>
<arg>results</arg>
<doc>Fails if ``key`` is not found from ``dictionary``.</doc>
<status status="PASS" start="2024-06-20T13:17:11.674675" elapsed="0.000178"/>
</kw>
<kw name="Should Not Be Empty" owner="BuiltIn">
<msg time="2024-06-20T13:17:11.675170" level="INFO">Length is 2.</msg>
<arg>${json_data}</arg>
<doc>Verifies that the given item is not empty.</doc>
<status status="PASS" start="2024-06-20T13:17:11.675038" elapsed="0.000170"/>
</kw>
<kw name="Create List" owner="BuiltIn">
<msg time="2024-06-20T13:17:11.675812" level="INFO">${expected_keys} = ['gender', 'name', 'location', 'email', 'login']</msg>
<var>${expected_keys}</var>
<arg>gender</arg>
<arg>name</arg>
<arg>location</arg>
<arg>email</arg>
<arg>login</arg>
<doc>Returns a list containing given items.</doc>
<status status="PASS" start="2024-06-20T13:17:11.675498" elapsed="0.000339"/>
</kw>
<for flavor="IN">
<iter>
<kw name="Dictionary Should Contain Key" owner="Collections">
<arg>${json_data['results'][0]}</arg>
<arg>${key}</arg>
<doc>Fails if ``key`` is not found from ``dictionary``.</doc>
<status status="PASS" start="2024-06-20T13:17:11.676426" elapsed="0.000402"/>
</kw>
<kw name="Log" owner="BuiltIn">
<msg time="2024-06-20T13:17:11.677374" level="INFO">{'gender': 'female', 'name': {'title': 'Mrs', 'first': 'Indie', 'last': 'Walker'}, 'location': {'street': {'number': 851, 'name': 'Grey Street'}, 'city': 'Tauranga', 'state': 'Waikato', 'country': 'New Zealand', 'postcode': 12373, 'coordinates': {'latitude': '51.6293', 'longitude': '63.0441'}, 'timezone': {'offset': '+4:00', 'description': 'Abu Dhabi, Muscat, Baku, Tbilisi'}}, 'email': 'indie.walker@example.com', 'login': {'uuid': '6c6915cd-063c-4ad2-b17b-0962a914dfbf', 'username': 'redbear647', 'password': 'hrfzlz', 'salt': 'ymVO1iCe', 'md5': '78c6395bbf50cec77c7db59684f981c1', 'sha1': 'd3e2d7f688acf3584f2b6d05a25c44525b8f292e', 'sha256': '55392e53f4e104b1fb8d19564e880deef1b80634f1dd31fdcf205e2c1a858d31'}, 'dob': {'date': '1968-07-10T06:20:46.390Z', 'age': 55}, 'registered': {'date': '2005-11-20T10:59:47.623Z', 'age': 18}, 'phone': '(603)-897-9205', 'cell': '(628)-991-4107', 'id': {'name': '', 'value': None}, 'picture': {'large': 'https://randomuser.me/api/portraits/women/61.jpg', 'medium': 'https://randomuser.me/api/portraits/med/women/61.jpg', 'thumbnail': 'https://randomuser.me/api/portraits/thumb/women/61.jpg'}, 'nat': 'NZ'}</msg>
<arg>${json_data['results'][0]}</arg>
<doc>Logs the given message with the given level.</doc>
<status status="PASS" start="2024-06-20T13:17:11.677021" elapsed="0.000399"/>
</kw>
<kw name="Log" owner="BuiltIn">
<msg time="2024-06-20T13:17:11.677862" level="INFO">gender</msg>
<arg>${key}</arg>
<doc>Logs the given message with the given level.</doc>
<status status="PASS" start="2024-06-20T13:17:11.677733" elapsed="0.000167"/>
</kw>
<var name="${key}">gender</var>
<status status="PASS" start="2024-06-20T13:17:11.676302" elapsed="0.001812"/>
</iter>
<iter>
<kw name="Dictionary Should Contain Key" owner="Collections">
<arg>${json_data['results'][0]}</arg>
<arg>${key}</arg>
<doc>Fails if ``key`` is not found from ``dictionary``.</doc>
<status status="PASS" start="2024-06-20T13:17:11.678411" elapsed="0.000422"/>
</kw>
<kw name="Log" owner="BuiltIn">
<msg time="2024-06-20T13:17:11.679376" level="INFO">{'gender': 'female', 'name': {'title': 'Mrs', 'first': 'Indie', 'last': 'Walker'}, 'location': {'street': {'number': 851, 'name': 'Grey Street'}, 'city': 'Tauranga', 'state': 'Waikato', 'country': 'New Zealand', 'postcode': 12373, 'coordinates': {'latitude': '51.6293', 'longitude': '63.0441'}, 'timezone': {'offset': '+4:00', 'description': 'Abu Dhabi, Muscat, Baku, Tbilisi'}}, 'email': 'indie.walker@example.com', 'login': {'uuid': '6c6915cd-063c-4ad2-b17b-0962a914dfbf', 'username': 'redbear647', 'password': 'hrfzlz', 'salt': 'ymVO1iCe', 'md5': '78c6395bbf50cec77c7db59684f981c1', 'sha1': 'd3e2d7f688acf3584f2b6d05a25c44525b8f292e', 'sha256': '55392e53f4e104b1fb8d19564e880deef1b80634f1dd31fdcf205e2c1a858d31'}, 'dob': {'date': '1968-07-10T06:20:46.390Z', 'age': 55}, 'registered': {'date': '2005-11-20T10:59:47.623Z', 'age': 18}, 'phone': '(603)-897-9205', 'cell': '(628)-991-4107', 'id': {'name': '', 'value': None}, 'picture': {'large': 'https://randomuser.me/api/portraits/women/61.jpg', 'medium': 'https://randomuser.me/api/portraits/med/women/61.jpg', 'thumbnail': 'https://randomuser.me/api/portraits/thumb/women/61.jpg'}, 'nat': 'NZ'}</msg>
<arg>${json_data['results'][0]}</arg>
<doc>Logs the given message with the given level.</doc>
<status status="PASS" start="2024-06-20T13:17:11.679021" elapsed="0.000444"/>
</kw>
<kw name="Log" owner="BuiltIn">
<msg time="2024-06-20T13:17:11.679894" level="INFO">name</msg>
<arg>${key}</arg>
<doc>Logs the given message with the given level.</doc>
<status status="PASS" start="2024-06-20T13:17:11.679767" elapsed="0.000164"/>
</kw>
<var name="${key}">name</var>
<status status="PASS" start="2024-06-20T13:17:11.678299" elapsed="0.001849"/>
</iter>
<iter>
<kw name="Dictionary Should Contain Key" owner="Collections">
<arg>${json_data['results'][0]}</arg>
<arg>${key}</arg>
<doc>Fails if ``key`` is not found from ``dictionary``.</doc>
<status status="PASS" start="2024-06-20T13:17:11.680430" elapsed="0.000388"/>
</kw>
<kw name="Log" owner="BuiltIn">
<msg time="2024-06-20T13:17:11.681350" level="INFO">{'gender': 'female', 'name': {'title': 'Mrs', 'first': 'Indie', 'last': 'Walker'}, 'location': {'street': {'number': 851, 'name': 'Grey Street'}, 'city': 'Tauranga', 'state': 'Waikato', 'country': 'New Zealand', 'postcode': 12373, 'coordinates': {'latitude': '51.6293', 'longitude': '63.0441'}, 'timezone': {'offset': '+4:00', 'description': 'Abu Dhabi, Muscat, Baku, Tbilisi'}}, 'email': 'indie.walker@example.com', 'login': {'uuid': '6c6915cd-063c-4ad2-b17b-0962a914dfbf', 'username': 'redbear647', 'password': 'hrfzlz', 'salt': 'ymVO1iCe', 'md5': '78c6395bbf50cec77c7db59684f981c1', 'sha1': 'd3e2d7f688acf3584f2b6d05a25c44525b8f292e', 'sha256': '55392e53f4e104b1fb8d19564e880deef1b80634f1dd31fdcf205e2c1a858d31'}, 'dob': {'date': '1968-07-10T06:20:46.390Z', 'age': 55}, 'registered': {'date': '2005-11-20T10:59:47.623Z', 'age': 18}, 'phone': '(603)-897-9205', 'cell': '(628)-991-4107', 'id': {'name': '', 'value': None}, 'picture': {'large': 'https://randomuser.me/api/portraits/women/61.jpg', 'medium': 'https://randomuser.me/api/portraits/med/women/61.jpg', 'thumbnail': 'https://randomuser.me/api/portraits/thumb/women/61.jpg'}, 'nat': 'NZ'}</msg>
<arg>${json_data['results'][0]}</arg>
<doc>Logs the given message with the given level.</doc>
<status status="PASS" start="2024-06-20T13:17:11.680997" elapsed="0.000401"/>
</kw>
<kw name="Log" owner="BuiltIn">
<msg time="2024-06-20T13:17:11.681819" level="INFO">location</msg>
<arg>${key}</arg>
<doc>Logs the given message with the given level.</doc>
<status status="PASS" start="2024-06-20T13:17:11.681692" elapsed="0.000164"/>
</kw>
<var name="${key}">location</var>
<status status="PASS" start="2024-06-20T13:17:11.680323" elapsed="0.001753"/>
</iter>
<iter>
<kw name="Dictionary Should Contain Key" owner="Collections">
<arg>${json_data['results'][0]}</arg>
<arg>${key}</arg>
<doc>Fails if ``key`` is not found from ``dictionary``.</doc>
<status status="PASS" start="2024-06-20T13:17:11.682369" elapsed="0.000432"/>
</kw>
<kw name="Log" owner="BuiltIn">
<msg time="2024-06-20T13:17:11.683343" level="INFO">{'gender': 'female', 'name': {'title': 'Mrs', 'first': 'Indie', 'last': 'Walker'}, 'location': {'street': {'number': 851, 'name': 'Grey Street'}, 'city': 'Tauranga', 'state': 'Waikato', 'country': 'New Zealand', 'postcode': 12373, 'coordinates': {'latitude': '51.6293', 'longitude': '63.0441'}, 'timezone': {'offset': '+4:00', 'description': 'Abu Dhabi, Muscat, Baku, Tbilisi'}}, 'email': 'indie.walker@example.com', 'login': {'uuid': '6c6915cd-063c-4ad2-b17b-0962a914dfbf', 'username': 'redbear647', 'password': 'hrfzlz', 'salt': 'ymVO1iCe', 'md5': '78c6395bbf50cec77c7db59684f981c1', 'sha1': 'd3e2d7f688acf3584f2b6d05a25c44525b8f292e', 'sha256': '55392e53f4e104b1fb8d19564e880deef1b80634f1dd31fdcf205e2c1a858d31'}, 'dob': {'date': '1968-07-10T06:20:46.390Z', 'age': 55}, 'registered': {'date': '2005-11-20T10:59:47.623Z', 'age': 18}, 'phone': '(603)-897-9205', 'cell': '(628)-991-4107', 'id': {'name': '', 'value': None}, 'picture': {'large': 'https://randomuser.me/api/portraits/women/61.jpg', 'medium': 'https://randomuser.me/api/portraits/med/women/61.jpg', 'thumbnail': 'https://randomuser.me/api/portraits/thumb/women/61.jpg'}, 'nat': 'NZ'}</msg>
<arg>${json_data['results'][0]}</arg>
<doc>Logs the given message with the given level.</doc>
<status status="PASS" start="2024-06-20T13:17:11.682989" elapsed="0.000406"/>
</kw>
<kw name="Log" owner="BuiltIn">
<msg time="2024-06-20T13:17:11.683818" level="INFO">email</msg>
<arg>${key}</arg>
<doc>Logs the given message with the given level.</doc>
<status status="PASS" start="2024-06-20T13:17:11.683689" elapsed="0.000166"/>
</kw>
<var name="${key}">email</var>
<status status="PASS" start="2024-06-20T13:17:11.682260" elapsed="0.001807"/>
</iter>
<iter>
<kw name="Dictionary Should Contain Key" owner="Collections">
<arg>${json_data['results'][0]}</arg>
<arg>${key}</arg>
<doc>Fails if ``key`` is not found from ``dictionary``.</doc>
<status status="PASS" start="2024-06-20T13:17:11.684341" elapsed="0.000402"/>
</kw>
<kw name="Log" owner="BuiltIn">
<msg time="2024-06-20T13:17:11.685314" level="INFO">{'gender': 'female', 'name': {'title': 'Mrs', 'first': 'Indie', 'last': 'Walker'}, 'location': {'street': {'number': 851, 'name': 'Grey Street'}, 'city': 'Tauranga', 'state': 'Waikato', 'country': 'New Zealand', 'postcode': 12373, 'coordinates': {'latitude': '51.6293', 'longitude': '63.0441'}, 'timezone': {'offset': '+4:00', 'description': 'Abu Dhabi, Muscat, Baku, Tbilisi'}}, 'email': 'indie.walker@example.com', 'login': {'uuid': '6c6915cd-063c-4ad2-b17b-0962a914dfbf', 'username': 'redbear647', 'password': 'hrfzlz', 'salt': 'ymVO1iCe', 'md5': '78c6395bbf50cec77c7db59684f981c1', 'sha1': 'd3e2d7f688acf3584f2b6d05a25c44525b8f292e', 'sha256': '55392e53f4e104b1fb8d19564e880deef1b80634f1dd31fdcf205e2c1a858d31'}, 'dob': {'date': '1968-07-10T06:20:46.390Z', 'age': 55}, 'registered': {'date': '2005-11-20T10:59:47.623Z', 'age': 18}, 'phone': '(603)-897-9205', 'cell': '(628)-991-4107', 'id': {'name': '', 'value': None}, 'picture': {'large': 'https://randomuser.me/api/portraits/women/61.jpg', 'medium': 'https://randomuser.me/api/portraits/med/women/61.jpg', 'thumbnail': 'https://randomuser.me/api/portraits/thumb/women/61.jpg'}, 'nat': 'NZ'}</msg>
<arg>${json_data['results'][0]}</arg>
<doc>Logs the given message with the given level.</doc>
<status status="PASS" start="2024-06-20T13:17:11.684925" elapsed="0.000436"/>
</kw>
<kw name="Log" owner="BuiltIn">
<msg time="2024-06-20T13:17:11.685792" level="INFO">login</msg>
<arg>${key}</arg>
<doc>Logs the given message with the given level.</doc>
<status status="PASS" start="2024-06-20T13:17:11.685664" elapsed="0.000166"/>
</kw>
<var name="${key}">login</var>
<status status="PASS" start="2024-06-20T13:17:11.684234" elapsed="0.001811"/>
</iter>
<var>${key}</var>
<value>@{expected_keys}</value>
<status status="PASS" start="2024-06-20T13:17:11.676101" elapsed="0.010062"/>
</for>
<kw name="Create List" owner="BuiltIn">
<msg time="2024-06-20T13:17:11.686484" level="INFO">${expected_keysTwo} = ['username', 'password']</msg>
<var>${expected_keysTwo}</var>
<arg>username</arg>
<arg>password</arg>
<doc>Returns a list containing given items.</doc>
<status status="PASS" start="2024-06-20T13:17:11.686350" elapsed="0.000157"/>
</kw>
<for flavor="IN">
<iter>
<kw name="Dictionary Should Contain Key" owner="Collections">
<arg>${json_data['results'][0]['login']}</arg>
<arg>${keyTwo}</arg>
<doc>Fails if ``key`` is not found from ``dictionary``.</doc>
<status status="PASS" start="2024-06-20T13:17:11.687064" elapsed="0.000383"/>
</kw>
<kw name="Dictionary Should Contain Key" owner="Collections">
<arg>${json_data['results'][0]['login']}</arg>
<arg>${keyTwo}</arg>
<doc>Fails if ``key`` is not found from ``dictionary``.</doc>
<status status="PASS" start="2024-06-20T13:17:11.687634" elapsed="0.000383"/>
</kw>
<kw name="Log" owner="BuiltIn">
<msg time="2024-06-20T13:17:11.688313" level="INFO">username</msg>
<arg>${keyTwo}</arg>
<doc>Logs the given message with the given level.</doc>
<status status="PASS" start="2024-06-20T13:17:11.688194" elapsed="0.000155"/>
</kw>
<var name="${keyTwo}">username</var>
<status status="PASS" start="2024-06-20T13:17:11.686957" elapsed="0.001617"/>
</iter>
<iter>
<kw name="Dictionary Should Contain Key" owner="Collections">
<arg>${json_data['results'][0]['login']}</arg>
<arg>${keyTwo}</arg>
<doc>Fails if ``key`` is not found from ``dictionary``.</doc>
<status status="PASS" start="2024-06-20T13:17:11.688858" elapsed="0.000384"/>
</kw>
<kw name="Dictionary Should Contain Key" owner="Collections">
<arg>${json_data['results'][0]['login']}</arg>
<arg>${keyTwo}</arg>
<doc>Fails if ``key`` is not found from ``dictionary``.</doc>
<status status="PASS" start="2024-06-20T13:17:11.689421" elapsed="0.000377"/>
</kw>
<kw name="Log" owner="BuiltIn">
<msg time="2024-06-20T13:17:11.690098" level="INFO">password</msg>
<arg>${keyTwo}</arg>
<doc>Logs the given message with the given level.</doc>
<status status="PASS" start="2024-06-20T13:17:11.689977" elapsed="0.000158"/>
</kw>
<var name="${keyTwo}">password</var>
<status status="PASS" start="2024-06-20T13:17:11.688750" elapsed="0.001697"/>
</iter>
<var>${keyTwo}</var>
<value>@{expected_keysTwo}</value>
<status status="PASS" start="2024-06-20T13:17:11.686805" elapsed="0.003802"/>
</for>
<status status="PASS" start="2024-06-20T13:17:11.268579" elapsed="0.422176"/>
</kw>
<doc>Testa a estrutura da resposta da API.</doc>
<tag>testeEstruturaResposta</tag>
<status status="PASS" start="2024-06-20T13:17:11.267965" elapsed="0.422949"/>
</test>
<test id="s1-s1-t4" name="Validar tipos de dados" line="28">
<kw name="Teste de Tipos de Dados" owner="random-user-service">
<kw name="GET On Session" owner="RequestsLibrary">
<msg time="2024-06-20T13:17:11.934188" level="INFO">GET Request : url=https://randomuser.me/api 
 path_url=/api 
 headers={'User-Agent': 'python-requests/2.32.3', 'Accept-Encoding': 'gzip, deflate', 'Accept': '*/*', 'Connection': 'keep-alive'} 
 body=None 
 </msg>
<msg time="2024-06-20T13:17:11.934299" level="INFO">GET Response : url=https://randomuser.me/api 
 status=200, reason=OK 
 headers={'Date': 'Thu, 20 Jun 2024 13:17:11 GMT', 'Content-Type': 'application/json; charset=utf-8', 'Transfer-Encoding': 'chunked', 'Connection': 'keep-alive', 'X-Powered-By': 'Express', 'Access-Control-Allow-Origin': '*', 'Cache-Control': 'no-cache', 'ETag': 'W/"491-++ALiAGqSOX7+cTcqQI1X2gAvQc"', 'Vary': 'Accept-Encoding', 'Content-Encoding': 'gzip', 'CF-Cache-Status': 'DYNAMIC', 'Report-To': '{"endpoints":[{"url":"https:\\/\\/a.nel.cloudflare.com\\/report\\/v4?s=pv871Nm9x%2FDW7bb5vma%2BLNYbjh9HIfgrWdV%2FRdefZhNpF0d5ZB%2Bgchu03lu4anyV17tNapwOdMaQTdrHo91A6tlhoBwAEiGU2B%2BBnTmRa6k6KnY2X6sw5bY0c7J1aWM3"}],"group":"cf-nel","max_age":604800}', 'NEL': '{"success_fraction":0,"report_to":"cf-nel","max_age":604800}', 'Server': 'cloudflare', 'CF-RAY': '896c09a41a5469a2-SJC', 'alt-svc': 'h3=":443"; ma=86400'} 
 body={"results":[{"gender":"male","name":{"title":"Mr","first":"Zachary","last":"Roy"},"location":{"street":{"number":3942,"name":"Peel St"},"city":"Carleton","state":"Northwest Territories","country":"Canada","postcode":"F0O 8J6","coordinates":{"latitude":"-67.6077","longitude":"-82.1720"},"timezone":{"offset":"+8:00","description":"Beijing, Perth, Singapore, Hong Kong"}},"email":"zachary.roy@example.com","login":{"uuid":"fcd6b260-2d21-4c93-b66e-e9273d69b59c","username":"happywolf910","password":"gotham","salt":"l1khWJm7","md5":"e49cbebd400df59d2ae5bbf2b948cce1","sha1":"7971d85f313096f0f4e7ce8a6cf22524f957c631","sha256":"5709190e9866e2e661e75e77db5a7ce41d3fa48c3fb21fe8a60de6c3d4065e0b"},"dob":{"date":"1978-11-08T02:13:51.204Z","age":45},"registered":{"date":"2005-10-07T01:15:25.577Z","age":18},"phone":"F84 O73-5726","cell":"M00 L89-1571","id":{"name":"SIN","value":"065795478"},"picture":{"large":"https://randomuser.me/api/portraits/men/46.jpg","medium":"https://randomuser.me/api/portraits/med/men/46.jpg","thumbnail":"https://randomuser.me/api/portraits/thumb/men/46.jpg"},"nat":"CA"}],"info":{"seed":"c76acb6b6cee90ea","results":1,"page":1,"version":"1.4"}} 
 </msg>
<msg time="2024-06-20T13:17:11.934387" level="INFO">/opt/hostedtoolcache/Python/3.12.4/x64/lib/python3.12/site-packages/urllib3/connectionpool.py:1099: InsecureRequestWarning: Unverified HTTPS request is being made to host 'randomuser.me'. Adding certificate verification is strongly advised. See: https://urllib3.readthedocs.io/en/latest/advanced-usage.html#tls-warnings
  warnings.warn(</msg>
<msg time="2024-06-20T13:17:11.934516" level="INFO">${response} = &lt;Response [200]&gt;</msg>
<var>${response}</var>
<arg>consultarAPI</arg>
<arg>/api</arg>
<doc>Sends a GET request on a previously created HTTP Session.</doc>
<status status="PASS" start="2024-06-20T13:17:11.693353" elapsed="0.241307"/>
</kw>
<kw name="Set Variable" owner="BuiltIn">
<msg time="2024-06-20T13:17:11.935722" level="INFO">${json_data} = {'results': [{'gender': 'male', 'name': {'title': 'Mr', 'first': 'Zachary', 'last': 'Roy'}, 'location': {'street': {'number': 3942, 'name': 'Peel St'}, 'city': 'Carleton', 'state': 'Northwest Territor...</msg>
<var>${json_data}</var>
<arg>${response.json()}</arg>
<doc>Returns the given values which can then be assigned to a variables.</doc>
<status status="PASS" start="2024-06-20T13:17:11.935197" elapsed="0.000554"/>
</kw>
<kw name="Log" owner="BuiltIn">
<msg time="2024-06-20T13:17:11.936220" level="INFO">{'results': [{'gender': 'male', 'name': {'title': 'Mr', 'first': 'Zachary', 'last': 'Roy'}, 'location': {'street': {'number': 3942, 'name': 'Peel St'}, 'city': 'Carleton', 'state': 'Northwest Territories', 'country': 'Canada', 'postcode': 'F0O 8J6', 'coordinates': {'latitude': '-67.6077', 'longitude': '-82.1720'}, 'timezone': {'offset': '+8:00', 'description': 'Beijing, Perth, Singapore, Hong Kong'}}, 'email': 'zachary.roy@example.com', 'login': {'uuid': 'fcd6b260-2d21-4c93-b66e-e9273d69b59c', 'username': 'happywolf910', 'password': 'gotham', 'salt': 'l1khWJm7', 'md5': 'e49cbebd400df59d2ae5bbf2b948cce1', 'sha1': '7971d85f313096f0f4e7ce8a6cf22524f957c631', 'sha256': '5709190e9866e2e661e75e77db5a7ce41d3fa48c3fb21fe8a60de6c3d4065e0b'}, 'dob': {'date': '1978-11-08T02:13:51.204Z', 'age': 45}, 'registered': {'date': '2005-10-07T01:15:25.577Z', 'age': 18}, 'phone': 'F84 O73-5726', 'cell': 'M00 L89-1571', 'id': {'name': 'SIN', 'value': '065795478'}, 'picture': {'large': 'https://randomuser.me/api/portraits/men/46.jpg', 'medium': 'https://randomuser.me/api/portraits/med/men/46.jpg', 'thumbnail': 'https://randomuser.me/api/portraits/thumb/men/46.jpg'}, 'nat': 'CA'}], 'info': {'seed': 'c76acb6b6cee90ea', 'results': 1, 'page': 1, 'version': '1.4'}}</msg>
<arg>${json_data}</arg>
<doc>Logs the given message with the given level.</doc>
<status status="PASS" start="2024-06-20T13:17:11.936064" elapsed="0.000204"/>
</kw>
<kw name="Should Be String" owner="String">
<arg>${json_data['results'][0]['gender']}</arg>
<doc>Fails if the given ``item`` is not a string.</doc>
<status status="PASS" start="2024-06-20T13:17:11.936560" elapsed="0.000367"/>
</kw>
<kw name="Should Match Regexp" owner="BuiltIn">
<arg>${json_data['results'][0]['email']}</arg>
<arg>^[a-zA-Z0-9._%+-]+@[a-zA-Z0-9.-]+\.[a-zA-Z]{2,}$</arg>
<doc>Fails if ``string`` does not match ``pattern`` as a regular expression.</doc>
<status status="PASS" start="2024-06-20T13:17:11.937121" elapsed="0.000516"/>
</kw>
<kw name="Should Match Regexp" owner="BuiltIn">
<arg>${json_data['results'][0]['dob']['date']}</arg>
<arg>\\d{4}-\\d{2}-\\d{2}T\\d{2}:\\d{2}:\\d{2}\\.\\d{3}Z</arg>
<doc>Fails if ``string`` does not match ``pattern`` as a regular expression.</doc>
<status status="PASS" start="2024-06-20T13:17:11.937869" elapsed="0.000498"/>
</kw>
<kw name="Should Match Regexp" owner="BuiltIn">
<arg>${json_data['results'][0]['registered']['date']}</arg>
<arg>\\d{4}-\\d{2}-\\d{2}T\\d{2}:\\d{2}:\\d{2}\\.\\d{3}Z</arg>
<doc>Fails if ``string`` does not match ``pattern`` as a regular expression.</doc>
<status status="PASS" start="2024-06-20T13:17:11.938603" elapsed="0.000394"/>
</kw>
<kw name="Should Match Regexp" owner="BuiltIn">
<arg>${json_data['results'][0]['picture']['large']}</arg>
<arg>^https?://.*\.(?:png|jpe?g|gif|bmp)$</arg>
<doc>Fails if ``string`` does not match ``pattern`` as a regular expression.</doc>
<status status="PASS" start="2024-06-20T13:17:11.939186" elapsed="0.000464"/>
</kw>
<kw name="Should Match Regexp" owner="BuiltIn">
<arg>${json_data['results'][0]['picture']['medium']}</arg>
<arg>^https?://.*\.(?:png|jpe?g|gif|bmp)$</arg>
<doc>Fails if ``string`` does not match ``pattern`` as a regular expression.</doc>
<status status="PASS" start="2024-06-20T13:17:11.939847" elapsed="0.000358"/>
</kw>
<kw name="Should Match Regexp" owner="BuiltIn">
<arg>${json_data['results'][0]['picture']['thumbnail']}</arg>
<arg>^https?://.*\.(?:png|jpe?g|gif|bmp)$</arg>
<doc>Fails if ``string`` does not match ``pattern`` as a regular expression.</doc>
<status status="PASS" start="2024-06-20T13:17:11.940390" elapsed="0.000360"/>
</kw>
<kw name="Log" owner="BuiltIn">
<msg time="2024-06-20T13:17:11.941268" level="INFO">{'large': 'https://randomuser.me/api/portraits/men/46.jpg', 'medium': 'https://randomuser.me/api/portraits/med/men/46.jpg', 'thumbnail': 'https://randomuser.me/api/portraits/thumb/men/46.jpg'}</msg>
<arg>${json_data['results'][0]['picture']}</arg>
<doc>Logs the given message with the given level.</doc>
<status status="PASS" start="2024-06-20T13:17:11.940944" elapsed="0.000365"/>
</kw>
<status status="PASS" start="2024-06-20T13:17:11.693132" elapsed="0.248439"/>
</kw>
<kw name="Teste de Tipos de Dados - Postcode" owner="random-user-service">
<kw name="GET On Session" owner="RequestsLibrary">
<msg time="2024-06-20T13:17:12.115152" level="INFO">GET Request : url=https://randomuser.me/api 
 path_url=/api 
 headers={'User-Agent': 'python-requests/2.32.3', 'Accept-Encoding': 'gzip, deflate', 'Accept': '*/*', 'Connection': 'keep-alive'} 
 body=None 
 </msg>
<msg time="2024-06-20T13:17:12.115253" level="INFO">GET Response : url=https://randomuser.me/api 
 status=200, reason=OK 
 headers={'Date': 'Thu, 20 Jun 2024 13:17:12 GMT', 'Content-Type': 'application/json; charset=utf-8', 'Transfer-Encoding': 'chunked', 'Connection': 'keep-alive', 'X-Powered-By': 'Express', 'Access-Control-Allow-Origin': '*', 'Cache-Control': 'no-cache', 'ETag': 'W/"492-mO4G0EnbJuRxCwYngYEI67+gt1s"', 'Vary': 'Accept-Encoding', 'Content-Encoding': 'gzip', 'CF-Cache-Status': 'DYNAMIC', 'Report-To': '{"endpoints":[{"url":"https:\\/\\/a.nel.cloudflare.com\\/report\\/v4?s=sJi7mvzLrt5KOXMd6rYY2vcF6IQJVIoKagDd66ROcnUUn%2FkZcZDbNYeck8DlUjK%2BkSFBv%2BqVkvcHiTEtJMrnU4bXvKnzDWw08DohWmF34UhwGgSqFDuEjpQOTRLeZ%2F6b"}],"group":"cf-nel","max_age":604800}', 'NEL': '{"success_fraction":0,"report_to":"cf-nel","max_age":604800}', 'Server': 'cloudflare', 'CF-RAY': '896c09a5abcd69a2-SJC', 'alt-svc': 'h3=":443"; ma=86400'} 
 body={"results":[{"gender":"male","name":{"title":"Mr","first":"Deepak","last":"Mardhekar"},"location":{"street":{"number":3951,"name":"Coaker's Walk"},"city":"Jalna","state":"Maharashtra","country":"India","postcode":47091,"coordinates":{"latitude":"8.5437","longitude":"-172.5900"},"timezone":{"offset":"+8:00","description":"Beijing, Perth, Singapore, Hong Kong"}},"email":"deepak.mardhekar@example.com","login":{"uuid":"48d63696-cd89-45c1-9d6a-3f2440f7bb67","username":"happymouse274","password":"squirrel","salt":"W1HJvYe1","md5":"d70b21ea1681d3be0e17942333c0ecc2","sha1":"5c0afb655f507eecbda520f56d72c951593bc2a9","sha256":"03e9f6ed673cb5f2aa5ab4d8f31fd3c63257ca1553d13191ed9efab59b7ca41b"},"dob":{"date":"2000-09-02T07:18:44.468Z","age":23},"registered":{"date":"2005-04-29T03:36:41.207Z","age":19},"phone":"7094773438","cell":"8008666092","id":{"name":"UIDAI","value":"102757089665"},"picture":{"large":"https://randomuser.me/api/portraits/men/27.jpg","medium":"https://randomuser.me/api/portraits/med/men/27.jpg","thumbnail":"https://randomuser.me/api/portraits/thumb/men/27.jpg"},"nat":"IN"}],"info":{"seed":"e1b669b85b308bb2","results":1,"page":1,"version":"1.4"}} 
 </msg>
<msg time="2024-06-20T13:17:12.115328" level="INFO">/opt/hostedtoolcache/Python/3.12.4/x64/lib/python3.12/site-packages/urllib3/connectionpool.py:1099: InsecureRequestWarning: Unverified HTTPS request is being made to host 'randomuser.me'. Adding certificate verification is strongly advised. See: https://urllib3.readthedocs.io/en/latest/advanced-usage.html#tls-warnings
  warnings.warn(</msg>
<msg time="2024-06-20T13:17:12.115449" level="INFO">${response} = &lt;Response [200]&gt;</msg>
<var>${response}</var>
<arg>consultarAPI</arg>
<arg>/api</arg>
<doc>Sends a GET request on a previously created HTTP Session.</doc>
<status status="PASS" start="2024-06-20T13:17:11.942028" elapsed="0.173460"/>
</kw>
<kw name="Set Variable" owner="BuiltIn">
<msg time="2024-06-20T13:17:12.116549" level="INFO">${json_data} = {'results': [{'gender': 'male', 'name': {'title': 'Mr', 'first': 'Deepak', 'last': 'Mardhekar'}, 'location': {'street': {'number': 3951, 'name': "Coaker's Walk"}, 'city': 'Jalna', 'state': 'Maharashtr...</msg>
<var>${json_data}</var>
<arg>${response.json()}</arg>
<doc>Returns the given values which can then be assigned to a variables.</doc>
<status status="PASS" start="2024-06-20T13:17:12.116015" elapsed="0.000562"/>
</kw>
<kw name="Log" owner="BuiltIn">
<msg time="2024-06-20T13:17:12.117038" level="INFO">{'results': [{'gender': 'male', 'name': {'title': 'Mr', 'first': 'Deepak', 'last': 'Mardhekar'}, 'location': {'street': {'number': 3951, 'name': "Coaker's Walk"}, 'city': 'Jalna', 'state': 'Maharashtra', 'country': 'India', 'postcode': 47091, 'coordinates': {'latitude': '8.5437', 'longitude': '-172.5900'}, 'timezone': {'offset': '+8:00', 'description': 'Beijing, Perth, Singapore, Hong Kong'}}, 'email': 'deepak.mardhekar@example.com', 'login': {'uuid': '48d63696-cd89-45c1-9d6a-3f2440f7bb67', 'username': 'happymouse274', 'password': 'squirrel', 'salt': 'W1HJvYe1', 'md5': 'd70b21ea1681d3be0e17942333c0ecc2', 'sha1': '5c0afb655f507eecbda520f56d72c951593bc2a9', 'sha256': '03e9f6ed673cb5f2aa5ab4d8f31fd3c63257ca1553d13191ed9efab59b7ca41b'}, 'dob': {'date': '2000-09-02T07:18:44.468Z', 'age': 23}, 'registered': {'date': '2005-04-29T03:36:41.207Z', 'age': 19}, 'phone': '7094773438', 'cell': '8008666092', 'id': {'name': 'UIDAI', 'value': '102757089665'}, 'picture': {'large': 'https://randomuser.me/api/portraits/men/27.jpg', 'medium': 'https://randomuser.me/api/portraits/med/men/27.jpg', 'thumbnail': 'https://randomuser.me/api/portraits/thumb/men/27.jpg'}, 'nat': 'IN'}], 'info': {'seed': 'e1b669b85b308bb2', 'results': 1, 'page': 1, 'version': '1.4'}}</msg>
<arg>${json_data}</arg>
<doc>Logs the given message with the given level.</doc>
<status status="PASS" start="2024-06-20T13:17:12.116884" elapsed="0.000201"/>
</kw>
<kw name="Should Be Equal As Numbers" owner="BuiltIn">
<arg>${json_data['results'][0]['location']['postcode']}</arg>
<arg>${json_data['results'][0]['location']['postcode']}</arg>
<doc>Fails if objects are unequal after converting them to real numbers.</doc>
<status status="PASS" start="2024-06-20T13:17:12.117381" elapsed="0.000642"/>
</kw>
<kw name="Log" owner="BuiltIn">
<msg time="2024-06-20T13:17:12.118786" level="INFO">47091</msg>
<arg>${json_data['results'][0]['location']['postcode']}</arg>
<doc>Logs the given message with the given level.</doc>
<status status="PASS" start="2024-06-20T13:17:12.118210" elapsed="0.000617"/>
</kw>
<status status="PASS" start="2024-06-20T13:17:11.941798" elapsed="0.177320"/>
</kw>
<doc>Testa se os tipos de dados na resposta da API estão corretos.</doc>
<tag>testeTiposDados</tag>
<status status="PASS" start="2024-06-20T13:17:11.692680" elapsed="0.426610"/>
</test>
<test id="s1-s1-t5" name="Validar conteudo" line="35">
<kw name="Teste de Tipos de Conteudo" owner="random-user-service">
<kw name="GET On Session" owner="RequestsLibrary">
<msg time="2024-06-20T13:17:12.252496" level="INFO">GET Request : url=https://randomuser.me/api 
 path_url=/api 
 headers={'User-Agent': 'python-requests/2.32.3', 'Accept-Encoding': 'gzip, deflate', 'Accept': '*/*', 'Connection': 'keep-alive'} 
 body=None 
 </msg>
<msg time="2024-06-20T13:17:12.252607" level="INFO">GET Response : url=https://randomuser.me/api 
 status=200, reason=OK 
 headers={'Date': 'Thu, 20 Jun 2024 13:17:12 GMT', 'Content-Type': 'application/json; charset=utf-8', 'Transfer-Encoding': 'chunked', 'Connection': 'keep-alive', 'X-Powered-By': 'Express', 'Access-Control-Allow-Origin': '*', 'Cache-Control': 'no-cache', 'ETag': 'W/"49f-dELGHTQJjIzIgkL0nsPwtl3utzs"', 'Vary': 'Accept-Encoding', 'Content-Encoding': 'gzip', 'CF-Cache-Status': 'DYNAMIC', 'Report-To': '{"endpoints":[{"url":"https:\\/\\/a.nel.cloudflare.com\\/report\\/v4?s=HTD8bCaWDiE7werZmUKpXbhEATGRuLL7kBJh3d%2FEseLhGOW%2FUjHttps%2BprYKOiYf%2Bi2WcsVy5JeGv3shAgg%2FGvxobyQmLi82q%2FdwfQwWJyhDx%2F5Y4HGhqVJEGuEfEY3m"}],"group":"cf-nel","max_age":604800}', 'NEL': '{"success_fraction":0,"report_to":"cf-nel","max_age":604800}', 'Server': 'cloudflare', 'CF-RAY': '896c09a6ccef69a2-SJC', 'alt-svc': 'h3=":443"; ma=86400'} 
 body={"results":[{"gender":"female","name":{"title":"Miss","first":"Geralda","last":"da Rosa"},"location":{"street":{"number":5297,"name":"Travessa dos Martírios"},"city":"Magé","state":"Amazonas","country":"Brazil","postcode":30358,"coordinates":{"latitude":"-73.5944","longitude":"61.9328"},"timezone":{"offset":"-8:00","description":"Pacific Time (US &amp; Canada)"}},"email":"geralda.darosa@example.com","login":{"uuid":"55228f81-3018-44fd-a3b5-9a5935d8ef65","username":"greenmeercat667","password":"pizzas","salt":"ahGs0Zyo","md5":"90a2efde5e8df162a54bc77ba431888c","sha1":"e9f452efcab0386bd24d3bef674ab3e215a6ab07","sha256":"3cce0cef5f95e2f695c8a98541633595f55028ce23736b7c0857c598ccce1335"},"dob":{"date":"1963-07-12T03:37:27.591Z","age":60},"registered":{"date":"2014-01-02T14:32:35.876Z","age":10},"phone":"(38) 5893-3725","cell":"(20) 3336-7697","id":{"name":"CPF","value":"570.670.655-39"},"picture":{"large":"https://randomuser.me/api/portraits/women/22.jpg","medium":"https://randomuser.me/api/portraits/med/women/22.jpg","thumbnail":"https://randomuser.me/api/portraits/thumb/women/22.jpg"},"nat":"BR"}],"info":{"seed":"feb6ef98f5580b5e","results":1,"page":1,"version":"1.4"}} 
 </msg>
<msg time="2024-06-20T13:17:12.252703" level="INFO">/opt/hostedtoolcache/Python/3.12.4/x64/lib/python3.12/site-packages/urllib3/connectionpool.py:1099: InsecureRequestWarning: Unverified HTTPS request is being made to host 'randomuser.me'. Adding certificate verification is strongly advised. See: https://urllib3.readthedocs.io/en/latest/advanced-usage.html#tls-warnings
  warnings.warn(</msg>
<msg time="2024-06-20T13:17:12.252841" level="INFO">${response} = &lt;Response [200]&gt;</msg>
<var>${response}</var>
<arg>consultarAPI</arg>
<arg>/api</arg>
<doc>Sends a GET request on a previously created HTTP Session.</doc>
<status status="PASS" start="2024-06-20T13:17:12.121717" elapsed="0.131173"/>
</kw>
<kw name="Set Variable" owner="BuiltIn">
<msg time="2024-06-20T13:17:12.253969" level="INFO">${json_data} = {'results': [{'gender': 'female', 'name': {'title': 'Miss', 'first': 'Geralda', 'last': 'da Rosa'}, 'location': {'street': {'number': 5297, 'name': 'Travessa dos Martírios'}, 'city': 'Magé', 'state': ...</msg>
<var>${json_data}</var>
<arg>${response.json()}</arg>
<doc>Returns the given values which can then be assigned to a variables.</doc>
<status status="PASS" start="2024-06-20T13:17:12.253443" elapsed="0.000556"/>
</kw>
<kw name="Set Variable" owner="BuiltIn">
<msg time="2024-06-20T13:17:12.254765" level="INFO">${name_title} = Miss</msg>
<var>${name_title}</var>
<arg>${json_data["results"][0]["name"]["title"]}</arg>
<doc>Returns the given values which can then be assigned to a variables.</doc>
<status status="PASS" start="2024-06-20T13:17:12.254309" elapsed="0.000482"/>
</kw>
<kw name="Create List" owner="BuiltIn">
<msg time="2024-06-20T13:17:12.255245" level="INFO">${allowed_titles} = ['Mr', 'Ms', 'Miss', 'Mrs', 'Madame', 'Monsieur']</msg>
<var>${allowed_titles}</var>
<arg>Mr</arg>
<arg>Ms</arg>
<arg>Miss</arg>
<arg>Mrs</arg>
<arg>Madame</arg>
<arg>Monsieur</arg>
<doc>Returns a list containing given items.</doc>
<status status="PASS" start="2024-06-20T13:17:12.255094" elapsed="0.000176"/>
</kw>
<kw name="List Should Contain Value" owner="Collections">
<arg>${allowed_titles}</arg>
<arg>${name_title}</arg>
<doc>Fails if the ``value`` is not found from ``list``.</doc>
<status status="PASS" start="2024-06-20T13:17:12.255574" elapsed="0.000182"/>
</kw>
<kw name="Set Variable" owner="BuiltIn">
<msg time="2024-06-20T13:17:12.256313" level="INFO">${name_country} = BR</msg>
<var>${name_country}</var>
<arg>${json_data["results"][0]["nat"]}</arg>
<doc>Returns the given values which can then be assigned to a variables.</doc>
<status status="PASS" start="2024-06-20T13:17:12.255936" elapsed="0.000402"/>
</kw>
<kw name="Create List" owner="BuiltIn">
<msg time="2024-06-20T13:17:12.257227" level="INFO">${list_country} = ['AD', 'AE', 'AF', 'AG', 'AI', 'AL', 'AM', 'AO', 'AQ', 'AR', 'AS', 'AT', 'AU', 'AW', 'AX', 'AZ', 'BA', 'BB', 'BD', 'BE', 'BF', 'BG', 'BH', 'BI', 'BJ', 'BL', 'BM', 'BN', 'BO', 'BQ', 'BR', 'BS', 'BT', '...</msg>
<var>${list_country}</var>
<arg>AD</arg>
<arg>AE</arg>
<arg>AF</arg>
<arg>AG</arg>
<arg>AI</arg>
<arg>AL</arg>
<arg>AM</arg>
<arg>AO</arg>
<arg>AQ</arg>
<arg>AR</arg>
<arg>AS</arg>
<arg>AT</arg>
<arg>AU</arg>
<arg>AW</arg>
<arg>AX</arg>
<arg>AZ</arg>
<arg>BA</arg>
<arg>BB</arg>
<arg>BD</arg>
<arg>BE</arg>
<arg>BF</arg>
<arg>BG</arg>
<arg>BH</arg>
<arg>BI</arg>
<arg>BJ</arg>
<arg>BL</arg>
<arg>BM</arg>
<arg>BN</arg>
<arg>BO</arg>
<arg>BQ</arg>
<arg>BR</arg>
<arg>BS</arg>
<arg>BT</arg>
<arg>BV</arg>
<arg>BW</arg>
<arg>BY</arg>
<arg>BZ</arg>
<arg>CA</arg>
<arg>CC</arg>
<arg>CD</arg>
<arg>CF</arg>
<arg>CG</arg>
<arg>CH</arg>
<arg>CI</arg>
<arg>CK</arg>
<arg>CL</arg>
<arg>CM</arg>
<arg>CN</arg>
<arg>CO</arg>
<arg>CR</arg>
<arg>CU</arg>
<arg>CV</arg>
<arg>CW</arg>
<arg>CX</arg>
<arg>CY</arg>
<arg>CZ</arg>
<arg>DE</arg>
<arg>DJ</arg>
<arg>DK</arg>
<arg>DM</arg>
<arg>DO</arg>
<arg>DZ</arg>
<arg>EC</arg>
<arg>EE</arg>
<arg>EG</arg>
<arg>EH</arg>
<arg>ER</arg>
<arg>ES</arg>
<arg>ET</arg>
<arg>FI</arg>
<arg>FJ</arg>
<arg>FK</arg>
<arg>FM</arg>
<arg>FO</arg>
<arg>FR</arg>
<arg>GA</arg>
<arg>GB</arg>
<arg>GD</arg>
<arg>GE</arg>
<arg>GF</arg>
<arg>GG</arg>
<arg>GH</arg>
<arg>GI</arg>
<arg>GL</arg>
<arg>GM</arg>
<arg>GN</arg>
<arg>GP</arg>
<arg>GQ</arg>
<arg>GR</arg>
<arg>GS</arg>
<arg>GT</arg>
<arg>GU</arg>
<arg>GW</arg>
<arg>GY</arg>
<arg>HK</arg>
<arg>HM</arg>
<arg>HN</arg>
<arg>HR</arg>
<arg>HT</arg>
<arg>HU</arg>
<arg>ID</arg>
<arg>IE</arg>
<arg>IL</arg>
<arg>IM</arg>
<arg>IN</arg>
<arg>IO</arg>
<arg>IQ</arg>
<arg>IR</arg>
<arg>IS</arg>
<arg>IT</arg>
<arg>JE</arg>
<arg>JM</arg>
<arg>JO</arg>
<arg>JP</arg>
<arg>KE</arg>
<arg>KG</arg>
<arg>KH</arg>
<arg>KI</arg>
<arg>KM</arg>
<arg>KN</arg>
<arg>KP</arg>
<arg>KR</arg>
<arg>KW</arg>
<arg>KY</arg>
<arg>KZ</arg>
<arg>LA</arg>
<arg>LB</arg>
<arg>LC</arg>
<arg>LI</arg>
<arg>LK</arg>
<arg>LR</arg>
<arg>LS</arg>
<arg>LT</arg>
<arg>LU</arg>
<arg>LV</arg>
<arg>LY</arg>
<arg>MA</arg>
<arg>MC</arg>
<arg>MD</arg>
<arg>ME</arg>
<arg>MF</arg>
<arg>MG</arg>
<arg>MH</arg>
<arg>MK</arg>
<arg>ML</arg>
<arg>MM</arg>
<arg>MN</arg>
<arg>MO</arg>
<arg>MP</arg>
<arg>MQ</arg>
<arg>MR</arg>
<arg>MS</arg>
<arg>MT</arg>
<arg>MU</arg>
<arg>MV</arg>
<arg>MW</arg>
<arg>MX</arg>
<arg>MY</arg>
<arg>MZ</arg>
<arg>NA</arg>
<arg>NC</arg>
<arg>NE</arg>
<arg>NF</arg>
<arg>NG</arg>
<arg>NI</arg>
<arg>NL</arg>
<arg>NO</arg>
<arg>NP</arg>
<arg>NR</arg>
<arg>NU</arg>
<arg>NZ</arg>
<arg>OM</arg>
<arg>PA</arg>
<arg>PE</arg>
<arg>PF</arg>
<arg>PG</arg>
<arg>PH</arg>
<arg>PK</arg>
<arg>PL</arg>
<arg>PM</arg>
<arg>PN</arg>
<arg>PR</arg>
<arg>PS</arg>
<arg>PT</arg>
<arg>PW</arg>
<arg>PY</arg>
<arg>QA</arg>
<arg>RE</arg>
<arg>RO</arg>
<arg>RS</arg>
<arg>RU</arg>
<arg>RW</arg>
<arg>SA</arg>
<arg>SB</arg>
<arg>SC</arg>
<arg>SD</arg>
<arg>SE</arg>
<arg>SG</arg>
<arg>SH</arg>
<arg>SI</arg>
<arg>SJ</arg>
<arg>SK</arg>
<arg>SL</arg>
<arg>SM</arg>
<arg>SN</arg>
<arg>SO</arg>
<arg>SR</arg>
<arg>SS</arg>
<arg>ST</arg>
<arg>SV</arg>
<arg>SX</arg>
<arg>SY</arg>
<arg>SZ</arg>
<arg>TC</arg>
<arg>TD</arg>
<arg>TF</arg>
<arg>TG</arg>
<arg>TH</arg>
<arg>TJ</arg>
<arg>TK</arg>
<arg>TL</arg>
<arg>TM</arg>
<arg>TN</arg>
<arg>TO</arg>
<arg>TR</arg>
<arg>TT</arg>
<arg>TV</arg>
<arg>TW</arg>
<arg>TZ</arg>
<arg>UA</arg>
<arg>UG</arg>
<arg>UM</arg>
<arg>US</arg>
<arg>UY</arg>
<arg>UZ</arg>
<arg>VA</arg>
<arg>VC</arg>
<arg>VE</arg>
<arg>VG</arg>
<arg>VI</arg>
<arg>VN</arg>
<arg>VU</arg>
<arg>WF</arg>
<arg>WS</arg>
<arg>XK</arg>
<arg>YE</arg>
<arg>YT</arg>
<arg>ZA</arg>
<arg>ZM</arg>
<arg>ZW</arg>
<doc>Returns a list containing given items.</doc>
<status status="PASS" start="2024-06-20T13:17:12.256628" elapsed="0.000623"/>
</kw>
<kw name="List Should Contain Value" owner="Collections">
<arg>${list_country}</arg>
<arg>${name_country}</arg>
<doc>Fails if the ``value`` is not found from ``list``.</doc>
<status status="PASS" start="2024-06-20T13:17:12.258045" elapsed="0.000201"/>
</kw>
<kw name="Run Keyword If" owner="BuiltIn">
<kw name="Should Be True" owner="BuiltIn">
<arg>${True}</arg>
<doc>Fails if the given condition is not true.</doc>
<status status="PASS" start="2024-06-20T13:17:12.259222" elapsed="0.000142"/>
</kw>
<arg>${json_data["results"][0]["location"]["coordinates"]["latitude"]} &gt;= -90 and ${json_data["results"][0]["location"]["coordinates"]["latitude"]} &lt;= 90</arg>
<arg>Should Be True</arg>
<arg>${True}</arg>
<doc>Runs the given keyword with the given arguments, if ``condition`` is true.</doc>
<status status="PASS" start="2024-06-20T13:17:12.258447" elapsed="0.001041"/>
</kw>
<kw name="Run Keyword If" owner="BuiltIn">
<kw name="Should Be True" owner="BuiltIn">
<arg>${True}</arg>
<doc>Fails if the given condition is not true.</doc>
<status status="PASS" start="2024-06-20T13:17:12.260372" elapsed="0.000248"/>
</kw>
<arg>${json_data["results"][0]["location"]["coordinates"]["longitude"]} &gt;= -180 and ${json_data["results"][0]["location"]["coordinates"]["longitude"]} &lt;= 180</arg>
<arg>Should Be True</arg>
<arg>${True}</arg>
<doc>Runs the given keyword with the given arguments, if ``condition`` is true.</doc>
<status status="PASS" start="2024-06-20T13:17:12.259677" elapsed="0.001071"/>
</kw>
<status status="PASS" start="2024-06-20T13:17:12.121494" elapsed="0.139388"/>
</kw>
<doc>Testa o conteúdo específico dos campos retornados pela API.</doc>
<tag>testeConteudo</tag>
<status status="PASS" start="2024-06-20T13:17:12.121041" elapsed="0.139996"/>
</test>
<status status="PASS" start="2024-06-20T13:17:10.478793" elapsed="1.784292"/>
</suite>
<status status="PASS" start="2024-06-20T13:17:10.463347" elapsed="1.804927"/>
</suite>
<statistics>
<total>
<stat pass="5" fail="0" skip="0">All Tests</stat>
</total>
<tag>
<stat pass="1" fail="0" skip="0">testeConteudo</stat>
<stat pass="1" fail="0" skip="0">testeEstruturaResposta</stat>
<stat pass="1" fail="0" skip="0">testeRequisicaoBasica</stat>
<stat pass="1" fail="0" skip="0">testeTiposDados</stat>
</tag>
<suite>
<stat pass="5" fail="0" skip="0" id="s1" name="Tests">Tests</stat>
<stat pass="5" fail="0" skip="0" id="s1-s1" name="Random-User-Test">Tests.Random-User-Test</stat>
</suite>
</statistics>
<errors>
</errors>
</robot>
