<?xml version="1.0" encoding="UTF-8"?>
<robot generator="Robot 7.0 (Python 3.12.3 on linux)" generated="2024-05-23T09:16:29.512346" rpa="false" schemaversion="5">
<suite id="s1" name="Tests" source="/home/runner/work/DesafioQAItauRogerioJordao/DesafioQAItauRogerioJordao/RamdonUser/tests">
<suite id="s1-s1" name="Random-User-Test" source="/home/runner/work/DesafioQAItauRogerioJordao/DesafioQAItauRogerioJordao/RamdonUser/tests/random-user-test.robot">
<test id="s1-s1-t1" name="Conectar" line="13">
<kw name="Conectar API" owner="random-user-service">
<kw name="Create Session" owner="RequestsLibrary">
<msg time="2024-05-23T09:16:29.914032" level="INFO">Creating Session using : alias=consultarAPI, url=https://randomuser.me/, headers={},                     cookies={}, auth=None, timeout=None, proxies=None, verify=False,                     debug=0 </msg>
<arg>consultarAPI</arg>
<arg>${URL}</arg>
<doc>Create Session: create a HTTP session to a server</doc>
<status status="PASS" start="2024-05-23T09:16:29.913824" elapsed="0.000396"/>
</kw>
<status status="PASS" start="2024-05-23T09:16:29.912744" elapsed="0.001847"/>
</kw>
<status status="PASS" start="2024-05-23T09:16:29.912174" elapsed="0.002615"/>
</test>
<test id="s1-s1-t2" name="Validar retorno 200 e JSON Válido" line="16">
<kw name="Teste de Requisicao Basica" owner="random-user-service">
<kw name="GET On Session" owner="RequestsLibrary">
<msg time="2024-05-23T09:16:29.988974" level="INFO">GET Request : url=https://randomuser.me/api 
 path_url=/api 
 headers={'User-Agent': 'python-requests/2.32.2', 'Accept-Encoding': 'gzip, deflate', 'Accept': '*/*', 'Connection': 'keep-alive'} 
 body=None 
 </msg>
<msg time="2024-05-23T09:16:29.989138" level="INFO">GET Response : url=https://randomuser.me/api 
 status=200, reason=OK 
 headers={'Date': 'Thu, 23 May 2024 09:16:29 GMT', 'Content-Type': 'application/json; charset=utf-8', 'Transfer-Encoding': 'chunked', 'Connection': 'keep-alive', 'X-Powered-By': 'Express', 'Access-Control-Allow-Origin': '*', 'Cache-Control': 'no-cache', 'ETag': 'W/"483-O8SGuD02wt9JJcohyr4WRCbRPec"', 'Vary': 'Accept-Encoding', 'Content-Encoding': 'gzip', 'CF-Cache-Status': 'DYNAMIC', 'Report-To': '{"endpoints":[{"url":"https:\\/\\/a.nel.cloudflare.com\\/report\\/v4?s=It1JXtRPatNdUGOQXzSmT5HJ%2BvH2FuxTY%2BVZ3dXqR3Kdj7s%2BPVsSmCxDGfEGPkgbca7Qb5S6Wf5qU7FmhbvJfxR7rZ9kzpiDqTya5jkGrcMws1OQRt2kUeaxkr3%2FGH1G"}],"group":"cf-nel","max_age":604800}', 'NEL': '{"success_fraction":0,"report_to":"cf-nel","max_age":604800}', 'Server': 'cloudflare', 'CF-RAY': '8883f28f3e982bc4-ORD', 'alt-svc': 'h3=":443"; ma=86400'} 
 body={"results":[{"gender":"male","name":{"title":"Mr","first":"Stephen","last":"Hicks"},"location":{"street":{"number":3312,"name":"Fincher Rd"},"city":"Brisbane","state":"South Australia","country":"Australia","postcode":7048,"coordinates":{"latitude":"-86.0125","longitude":"-36.4654"},"timezone":{"offset":"+6:00","description":"Almaty, Dhaka, Colombo"}},"email":"stephen.hicks@example.com","login":{"uuid":"e6c54383-fd67-4364-a52e-f22842179ca2","username":"blacktiger967","password":"duckie","salt":"92ACozqB","md5":"4f5ebbcf70bf5ca886349d8cc7f91e71","sha1":"1545136fb5bfbf84b22fa87cc7a1cdf982dfbf20","sha256":"b6b6470cc1abf18a6003132fe283a4edfaa1d508a6ee5e1e87f7533b60d5df44"},"dob":{"date":"1954-08-31T02:49:36.765Z","age":69},"registered":{"date":"2005-03-24T12:21:43.844Z","age":19},"phone":"02-1145-8618","cell":"0400-358-902","id":{"name":"TFN","value":"818318287"},"picture":{"large":"https://randomuser.me/api/portraits/men/54.jpg","medium":"https://randomuser.me/api/portraits/med/men/54.jpg","thumbnail":"https://randomuser.me/api/portraits/thumb/men/54.jpg"},"nat":"AU"}],"info":{"seed":"1e8b64a68a3b8f3f","results":1,"page":1,"version":"1.4"}} 
 </msg>
<msg time="2024-05-23T09:16:29.989228" level="INFO">/opt/hostedtoolcache/Python/3.12.3/x64/lib/python3.12/site-packages/urllib3/connectionpool.py:1103: InsecureRequestWarning: Unverified HTTPS request is being made to host 'randomuser.me'. Adding certificate verification is strongly advised. See: https://urllib3.readthedocs.io/en/latest/advanced-usage.html#tls-warnings
  warnings.warn(</msg>
<msg time="2024-05-23T09:16:29.989392" level="INFO">${response} = &lt;Response [200]&gt;</msg>
<var>${response}</var>
<arg>consultarAPI</arg>
<arg>/api</arg>
<doc>Sends a GET request on a previously created HTTP Session.</doc>
<status status="PASS" start="2024-05-23T09:16:29.917439" elapsed="0.072000"/>
</kw>
<kw name="Should Be Equal As Numbers" owner="BuiltIn">
<msg time="2024-05-23T09:16:29.990648" level="INFO">Argument types are:
&lt;class 'int'&gt;
&lt;class 'str'&gt;</msg>
<arg>${response.status_code}</arg>
<arg>200</arg>
<doc>Fails if objects are unequal after converting them to real numbers.</doc>
<status status="PASS" start="2024-05-23T09:16:29.990137" elapsed="0.000580"/>
</kw>
<kw name="Log" owner="BuiltIn">
<msg time="2024-05-23T09:16:29.991504" level="INFO">200</msg>
<arg>${response.status_code}</arg>
<doc>Logs the given message with the given level.</doc>
<status status="PASS" start="2024-05-23T09:16:29.991094" elapsed="0.000462"/>
</kw>
<kw name="Set Variable" owner="BuiltIn">
<msg time="2024-05-23T09:16:29.992325" level="INFO">${json_data} = {'results': [{'gender': 'male', 'name': {'title': 'Mr', 'first': 'Stephen', 'last': 'Hicks'}, 'location': {'street': {'number': 3312, 'name': 'Fincher Rd'}, 'city': 'Brisbane', 'state': 'South Austral...</msg>
<var>${json_data}</var>
<arg>${response.json()}</arg>
<doc>Returns the given values which can then be assigned to a variables.</doc>
<status status="PASS" start="2024-05-23T09:16:29.991889" elapsed="0.000464"/>
</kw>
<kw name="Dictionary Should Contain Key" owner="Collections">
<msg time="2024-05-23T09:16:29.992843" level="INFO">False</msg>
<arg>${json_data}</arg>
<arg>results</arg>
<doc>Fails if ``key`` is not found from ``dictionary``.</doc>
<status status="PASS" start="2024-05-23T09:16:29.992665" elapsed="0.000391"/>
</kw>
<status status="PASS" start="2024-05-23T09:16:29.917185" elapsed="0.076150"/>
</kw>
<doc>Testa se a API responde corretamente e retorna um objeto JSON válido.</doc>
<tag>testeRequisicaoBasica</tag>
<status status="PASS" start="2024-05-23T09:16:29.916714" elapsed="0.076810"/>
</test>
<test id="s1-s1-t3" name="Validar estrutura de resposta" line="22">
<kw name="Teste de Estrutura de Resposta" owner="random-user-service">
<kw name="GET On Session" owner="RequestsLibrary">
<msg time="2024-05-23T09:16:30.099912" level="INFO">GET Request : url=https://randomuser.me/api 
 path_url=/api 
 headers={'User-Agent': 'python-requests/2.32.2', 'Accept-Encoding': 'gzip, deflate', 'Accept': '*/*', 'Connection': 'keep-alive'} 
 body=None 
 </msg>
<msg time="2024-05-23T09:16:30.100017" level="INFO">GET Response : url=https://randomuser.me/api 
 status=200, reason=OK 
 headers={'Date': 'Thu, 23 May 2024 09:16:30 GMT', 'Content-Type': 'application/json; charset=utf-8', 'Transfer-Encoding': 'chunked', 'Connection': 'keep-alive', 'X-Powered-By': 'Express', 'Access-Control-Allow-Origin': '*', 'Cache-Control': 'no-cache', 'ETag': 'W/"4ab-ml01xq438odoyv3ny40ol5CPl5A"', 'Vary': 'Accept-Encoding', 'Content-Encoding': 'gzip', 'CF-Cache-Status': 'DYNAMIC', 'Report-To': '{"endpoints":[{"url":"https:\\/\\/a.nel.cloudflare.com\\/report\\/v4?s=qzR5fSTOYx5fsxWRxGVQyf5y6TEty713fIg4KM8BCRy14R5g40FmR7ZGnDUzvu%2FwUyE7Yc1e4K3t4oJbz%2Fe5W7U7oGRzOgWw5mp4PCi4kFyJw40Tynsx89x4cW%2B08PGX"}],"group":"cf-nel","max_age":604800}', 'NEL': '{"success_fraction":0,"report_to":"cf-nel","max_age":604800}', 'Server': 'cloudflare', 'CF-RAY': '8883f28f8eba2bc4-ORD', 'alt-svc': 'h3=":443"; ma=86400'} 
 body={"results":[{"gender":"female","name":{"title":"Mrs","first":"Gavina","last":"Silveira"},"location":{"street":{"number":1019,"name":"Rua Rui Barbosa "},"city":"João Pessoa","state":"Bahia","country":"Brazil","postcode":52106,"coordinates":{"latitude":"-80.4787","longitude":"65.3728"},"timezone":{"offset":"-4:00","description":"Atlantic Time (Canada), Caracas, La Paz"}},"email":"gavina.silveira@example.com","login":{"uuid":"5f741972-7a3e-42a2-be61-6a12ba9ae7c3","username":"beautifulgoose678","password":"gramma","salt":"Pn3jOiR5","md5":"1d7b2fbcec64049a6b9d43729a0e7f55","sha1":"046e561687b6209cf83c1ad17ad4b3e77487625c","sha256":"7b77fdd083d859f11435c7c0f3ec5386175c7a5ad33e8cfc93f0ebb19138a4db"},"dob":{"date":"1948-05-03T12:23:38.565Z","age":76},"registered":{"date":"2004-10-01T17:15:01.586Z","age":19},"phone":"(65) 6847-2387","cell":"(00) 9938-4884","id":{"name":"CPF","value":"676.747.846-24"},"picture":{"large":"https://randomuser.me/api/portraits/women/71.jpg","medium":"https://randomuser.me/api/portraits/med/women/71.jpg","thumbnail":"https://randomuser.me/api/portraits/thumb/women/71.jpg"},"nat":"BR"}],"info":{"seed":"fb8e8676e7561f05","results":1,"page":1,"version":"1.4"}} 
 </msg>
<msg time="2024-05-23T09:16:30.100150" level="INFO">/opt/hostedtoolcache/Python/3.12.3/x64/lib/python3.12/site-packages/urllib3/connectionpool.py:1103: InsecureRequestWarning: Unverified HTTPS request is being made to host 'randomuser.me'. Adding certificate verification is strongly advised. See: https://urllib3.readthedocs.io/en/latest/advanced-usage.html#tls-warnings
  warnings.warn(</msg>
<msg time="2024-05-23T09:16:30.100293" level="INFO">${response} = &lt;Response [200]&gt;</msg>
<var>${response}</var>
<arg>consultarAPI</arg>
<arg>/api</arg>
<doc>Sends a GET request on a previously created HTTP Session.</doc>
<status status="PASS" start="2024-05-23T09:16:29.996251" elapsed="0.104081"/>
</kw>
<kw name="Set Variable" owner="BuiltIn">
<msg time="2024-05-23T09:16:30.101551" level="INFO">${json_data} = {'results': [{'gender': 'female', 'name': {'title': 'Mrs', 'first': 'Gavina', 'last': 'Silveira'}, 'location': {'street': {'number': 1019, 'name': 'Rua Rui Barbosa '}, 'city': 'João Pessoa', 'state': ...</msg>
<var>${json_data}</var>
<arg>${response.json()}</arg>
<doc>Returns the given values which can then be assigned to a variables.</doc>
<status status="PASS" start="2024-05-23T09:16:30.100957" elapsed="0.000625"/>
</kw>
<kw name="Log" owner="BuiltIn">
<msg time="2024-05-23T09:16:30.102064" level="INFO">{'results': [{'gender': 'female', 'name': {'title': 'Mrs', 'first': 'Gavina', 'last': 'Silveira'}, 'location': {'street': {'number': 1019, 'name': 'Rua Rui Barbosa '}, 'city': 'João Pessoa', 'state': 'Bahia', 'country': 'Brazil', 'postcode': 52106, 'coordinates': {'latitude': '-80.4787', 'longitude': '65.3728'}, 'timezone': {'offset': '-4:00', 'description': 'Atlantic Time (Canada), Caracas, La Paz'}}, 'email': 'gavina.silveira@example.com', 'login': {'uuid': '5f741972-7a3e-42a2-be61-6a12ba9ae7c3', 'username': 'beautifulgoose678', 'password': 'gramma', 'salt': 'Pn3jOiR5', 'md5': '1d7b2fbcec64049a6b9d43729a0e7f55', 'sha1': '046e561687b6209cf83c1ad17ad4b3e77487625c', 'sha256': '7b77fdd083d859f11435c7c0f3ec5386175c7a5ad33e8cfc93f0ebb19138a4db'}, 'dob': {'date': '1948-05-03T12:23:38.565Z', 'age': 76}, 'registered': {'date': '2004-10-01T17:15:01.586Z', 'age': 19}, 'phone': '(65) 6847-2387', 'cell': '(00) 9938-4884', 'id': {'name': 'CPF', 'value': '676.747.846-24'}, 'picture': {'large': 'https://randomuser.me/api/portraits/women/71.jpg', 'medium': 'https://randomuser.me/api/portraits/med/women/71.jpg', 'thumbnail': 'https://randomuser.me/api/portraits/thumb/women/71.jpg'}, 'nat': 'BR'}], 'info': {'seed': 'fb8e8676e7561f05', 'results': 1, 'page': 1, 'version': '1.4'}}</msg>
<arg>${json_data}</arg>
<doc>Logs the given message with the given level.</doc>
<status status="PASS" start="2024-05-23T09:16:30.101899" elapsed="0.000216"/>
</kw>
<kw name="Dictionary Should Contain Key" owner="Collections">
<msg time="2024-05-23T09:16:30.102570" level="INFO">False</msg>
<arg>${json_data}</arg>
<arg>results</arg>
<doc>Fails if ``key`` is not found from ``dictionary``.</doc>
<status status="PASS" start="2024-05-23T09:16:30.102414" elapsed="0.000193"/>
</kw>
<kw name="Should Not Be Empty" owner="BuiltIn">
<msg time="2024-05-23T09:16:30.103045" level="INFO">Length is 2.</msg>
<arg>${json_data}</arg>
<doc>Verifies that the given item is not empty.</doc>
<status status="PASS" start="2024-05-23T09:16:30.102909" elapsed="0.000175"/>
</kw>
<kw name="Create List" owner="BuiltIn">
<msg time="2024-05-23T09:16:30.103567" level="INFO">${expected_keys} = ['gender', 'name', 'location', 'email', 'login']</msg>
<var>${expected_keys}</var>
<arg>gender</arg>
<arg>name</arg>
<arg>location</arg>
<arg>email</arg>
<arg>login</arg>
<doc>Returns a list containing given items.</doc>
<status status="PASS" start="2024-05-23T09:16:30.103411" elapsed="0.000180"/>
</kw>
<for flavor="IN">
<iter>
<kw name="Dictionary Should Contain Key" owner="Collections">
<msg time="2024-05-23T09:16:30.104595" level="INFO">False</msg>
<arg>${json_data['results'][0]}</arg>
<arg>${key}</arg>
<doc>Fails if ``key`` is not found from ``dictionary``.</doc>
<status status="PASS" start="2024-05-23T09:16:30.104188" elapsed="0.000451"/>
</kw>
<kw name="Log" owner="BuiltIn">
<msg time="2024-05-23T09:16:30.105315" level="INFO">{'gender': 'female', 'name': {'title': 'Mrs', 'first': 'Gavina', 'last': 'Silveira'}, 'location': {'street': {'number': 1019, 'name': 'Rua Rui Barbosa '}, 'city': 'João Pessoa', 'state': 'Bahia', 'country': 'Brazil', 'postcode': 52106, 'coordinates': {'latitude': '-80.4787', 'longitude': '65.3728'}, 'timezone': {'offset': '-4:00', 'description': 'Atlantic Time (Canada), Caracas, La Paz'}}, 'email': 'gavina.silveira@example.com', 'login': {'uuid': '5f741972-7a3e-42a2-be61-6a12ba9ae7c3', 'username': 'beautifulgoose678', 'password': 'gramma', 'salt': 'Pn3jOiR5', 'md5': '1d7b2fbcec64049a6b9d43729a0e7f55', 'sha1': '046e561687b6209cf83c1ad17ad4b3e77487625c', 'sha256': '7b77fdd083d859f11435c7c0f3ec5386175c7a5ad33e8cfc93f0ebb19138a4db'}, 'dob': {'date': '1948-05-03T12:23:38.565Z', 'age': 76}, 'registered': {'date': '2004-10-01T17:15:01.586Z', 'age': 19}, 'phone': '(65) 6847-2387', 'cell': '(00) 9938-4884', 'id': {'name': 'CPF', 'value': '676.747.846-24'}, 'picture': {'large': 'https://randomuser.me/api/portraits/women/71.jpg', 'medium': 'https://randomuser.me/api/portraits/med/women/71.jpg', 'thumbnail': 'https://randomuser.me/api/portraits/thumb/women/71.jpg'}, 'nat': 'BR'}</msg>
<arg>${json_data['results'][0]}</arg>
<doc>Logs the given message with the given level.</doc>
<status status="PASS" start="2024-05-23T09:16:30.104943" elapsed="0.000433"/>
</kw>
<kw name="Log" owner="BuiltIn">
<msg time="2024-05-23T09:16:30.105807" level="INFO">gender</msg>
<arg>${key}</arg>
<doc>Logs the given message with the given level.</doc>
<status status="PASS" start="2024-05-23T09:16:30.105678" elapsed="0.000167"/>
</kw>
<var name="${key}">gender</var>
<status status="PASS" start="2024-05-23T09:16:30.104061" elapsed="0.002001"/>
</iter>
<iter>
<kw name="Dictionary Should Contain Key" owner="Collections">
<msg time="2024-05-23T09:16:30.106756" level="INFO">False</msg>
<arg>${json_data['results'][0]}</arg>
<arg>${key}</arg>
<doc>Fails if ``key`` is not found from ``dictionary``.</doc>
<status status="PASS" start="2024-05-23T09:16:30.106367" elapsed="0.000458"/>
</kw>
<kw name="Log" owner="BuiltIn">
<msg time="2024-05-23T09:16:30.107513" level="INFO">{'gender': 'female', 'name': {'title': 'Mrs', 'first': 'Gavina', 'last': 'Silveira'}, 'location': {'street': {'number': 1019, 'name': 'Rua Rui Barbosa '}, 'city': 'João Pessoa', 'state': 'Bahia', 'country': 'Brazil', 'postcode': 52106, 'coordinates': {'latitude': '-80.4787', 'longitude': '65.3728'}, 'timezone': {'offset': '-4:00', 'description': 'Atlantic Time (Canada), Caracas, La Paz'}}, 'email': 'gavina.silveira@example.com', 'login': {'uuid': '5f741972-7a3e-42a2-be61-6a12ba9ae7c3', 'username': 'beautifulgoose678', 'password': 'gramma', 'salt': 'Pn3jOiR5', 'md5': '1d7b2fbcec64049a6b9d43729a0e7f55', 'sha1': '046e561687b6209cf83c1ad17ad4b3e77487625c', 'sha256': '7b77fdd083d859f11435c7c0f3ec5386175c7a5ad33e8cfc93f0ebb19138a4db'}, 'dob': {'date': '1948-05-03T12:23:38.565Z', 'age': 76}, 'registered': {'date': '2004-10-01T17:15:01.586Z', 'age': 19}, 'phone': '(65) 6847-2387', 'cell': '(00) 9938-4884', 'id': {'name': 'CPF', 'value': '676.747.846-24'}, 'picture': {'large': 'https://randomuser.me/api/portraits/women/71.jpg', 'medium': 'https://randomuser.me/api/portraits/med/women/71.jpg', 'thumbnail': 'https://randomuser.me/api/portraits/thumb/women/71.jpg'}, 'nat': 'BR'}</msg>
<arg>${json_data['results'][0]}</arg>
<doc>Logs the given message with the given level.</doc>
<status status="PASS" start="2024-05-23T09:16:30.107128" elapsed="0.000436"/>
</kw>
<kw name="Log" owner="BuiltIn">
<msg time="2024-05-23T09:16:30.108002" level="INFO">name</msg>
<arg>${key}</arg>
<doc>Logs the given message with the given level.</doc>
<status status="PASS" start="2024-05-23T09:16:30.107873" elapsed="0.000166"/>
</kw>
<var name="${key}">name</var>
<status status="PASS" start="2024-05-23T09:16:30.106251" elapsed="0.002007"/>
</iter>
<iter>
<kw name="Dictionary Should Contain Key" owner="Collections">
<msg time="2024-05-23T09:16:30.108946" level="INFO">False</msg>
<arg>${json_data['results'][0]}</arg>
<arg>${key}</arg>
<doc>Fails if ``key`` is not found from ``dictionary``.</doc>
<status status="PASS" start="2024-05-23T09:16:30.108560" elapsed="0.000424"/>
</kw>
<kw name="Log" owner="BuiltIn">
<msg time="2024-05-23T09:16:30.109649" level="INFO">{'gender': 'female', 'name': {'title': 'Mrs', 'first': 'Gavina', 'last': 'Silveira'}, 'location': {'street': {'number': 1019, 'name': 'Rua Rui Barbosa '}, 'city': 'João Pessoa', 'state': 'Bahia', 'country': 'Brazil', 'postcode': 52106, 'coordinates': {'latitude': '-80.4787', 'longitude': '65.3728'}, 'timezone': {'offset': '-4:00', 'description': 'Atlantic Time (Canada), Caracas, La Paz'}}, 'email': 'gavina.silveira@example.com', 'login': {'uuid': '5f741972-7a3e-42a2-be61-6a12ba9ae7c3', 'username': 'beautifulgoose678', 'password': 'gramma', 'salt': 'Pn3jOiR5', 'md5': '1d7b2fbcec64049a6b9d43729a0e7f55', 'sha1': '046e561687b6209cf83c1ad17ad4b3e77487625c', 'sha256': '7b77fdd083d859f11435c7c0f3ec5386175c7a5ad33e8cfc93f0ebb19138a4db'}, 'dob': {'date': '1948-05-03T12:23:38.565Z', 'age': 76}, 'registered': {'date': '2004-10-01T17:15:01.586Z', 'age': 19}, 'phone': '(65) 6847-2387', 'cell': '(00) 9938-4884', 'id': {'name': 'CPF', 'value': '676.747.846-24'}, 'picture': {'large': 'https://randomuser.me/api/portraits/women/71.jpg', 'medium': 'https://randomuser.me/api/portraits/med/women/71.jpg', 'thumbnail': 'https://randomuser.me/api/portraits/thumb/women/71.jpg'}, 'nat': 'BR'}</msg>
<arg>${json_data['results'][0]}</arg>
<doc>Logs the given message with the given level.</doc>
<status status="PASS" start="2024-05-23T09:16:30.109281" elapsed="0.000419"/>
</kw>
<kw name="Log" owner="BuiltIn">
<msg time="2024-05-23T09:16:30.110130" level="INFO">location</msg>
<arg>${key}</arg>
<doc>Logs the given message with the given level.</doc>
<status status="PASS" start="2024-05-23T09:16:30.110002" elapsed="0.000166"/>
</kw>
<var name="${key}">location</var>
<status status="PASS" start="2024-05-23T09:16:30.108446" elapsed="0.001943"/>
</iter>
<iter>
<kw name="Dictionary Should Contain Key" owner="Collections">
<msg time="2024-05-23T09:16:30.111174" level="INFO">False</msg>
<arg>${json_data['results'][0]}</arg>
<arg>${key}</arg>
<doc>Fails if ``key`` is not found from ``dictionary``.</doc>
<status status="PASS" start="2024-05-23T09:16:30.110673" elapsed="0.000541"/>
</kw>
<kw name="Log" owner="BuiltIn">
<msg time="2024-05-23T09:16:30.111901" level="INFO">{'gender': 'female', 'name': {'title': 'Mrs', 'first': 'Gavina', 'last': 'Silveira'}, 'location': {'street': {'number': 1019, 'name': 'Rua Rui Barbosa '}, 'city': 'João Pessoa', 'state': 'Bahia', 'country': 'Brazil', 'postcode': 52106, 'coordinates': {'latitude': '-80.4787', 'longitude': '65.3728'}, 'timezone': {'offset': '-4:00', 'description': 'Atlantic Time (Canada), Caracas, La Paz'}}, 'email': 'gavina.silveira@example.com', 'login': {'uuid': '5f741972-7a3e-42a2-be61-6a12ba9ae7c3', 'username': 'beautifulgoose678', 'password': 'gramma', 'salt': 'Pn3jOiR5', 'md5': '1d7b2fbcec64049a6b9d43729a0e7f55', 'sha1': '046e561687b6209cf83c1ad17ad4b3e77487625c', 'sha256': '7b77fdd083d859f11435c7c0f3ec5386175c7a5ad33e8cfc93f0ebb19138a4db'}, 'dob': {'date': '1948-05-03T12:23:38.565Z', 'age': 76}, 'registered': {'date': '2004-10-01T17:15:01.586Z', 'age': 19}, 'phone': '(65) 6847-2387', 'cell': '(00) 9938-4884', 'id': {'name': 'CPF', 'value': '676.747.846-24'}, 'picture': {'large': 'https://randomuser.me/api/portraits/women/71.jpg', 'medium': 'https://randomuser.me/api/portraits/med/women/71.jpg', 'thumbnail': 'https://randomuser.me/api/portraits/thumb/women/71.jpg'}, 'nat': 'BR'}</msg>
<arg>${json_data['results'][0]}</arg>
<doc>Logs the given message with the given level.</doc>
<status status="PASS" start="2024-05-23T09:16:30.111538" elapsed="0.000415"/>
</kw>
<kw name="Log" owner="BuiltIn">
<msg time="2024-05-23T09:16:30.112381" level="INFO">email</msg>
<arg>${key}</arg>
<doc>Logs the given message with the given level.</doc>
<status status="PASS" start="2024-05-23T09:16:30.112254" elapsed="0.000164"/>
</kw>
<var name="${key}">email</var>
<status status="PASS" start="2024-05-23T09:16:30.110562" elapsed="0.002072"/>
</iter>
<iter>
<kw name="Dictionary Should Contain Key" owner="Collections">
<msg time="2024-05-23T09:16:30.113294" level="INFO">False</msg>
<arg>${json_data['results'][0]}</arg>
<arg>${key}</arg>
<doc>Fails if ``key`` is not found from ``dictionary``.</doc>
<status status="PASS" start="2024-05-23T09:16:30.112919" elapsed="0.000412"/>
</kw>
<kw name="Log" owner="BuiltIn">
<msg time="2024-05-23T09:16:30.113993" level="INFO">{'gender': 'female', 'name': {'title': 'Mrs', 'first': 'Gavina', 'last': 'Silveira'}, 'location': {'street': {'number': 1019, 'name': 'Rua Rui Barbosa '}, 'city': 'João Pessoa', 'state': 'Bahia', 'country': 'Brazil', 'postcode': 52106, 'coordinates': {'latitude': '-80.4787', 'longitude': '65.3728'}, 'timezone': {'offset': '-4:00', 'description': 'Atlantic Time (Canada), Caracas, La Paz'}}, 'email': 'gavina.silveira@example.com', 'login': {'uuid': '5f741972-7a3e-42a2-be61-6a12ba9ae7c3', 'username': 'beautifulgoose678', 'password': 'gramma', 'salt': 'Pn3jOiR5', 'md5': '1d7b2fbcec64049a6b9d43729a0e7f55', 'sha1': '046e561687b6209cf83c1ad17ad4b3e77487625c', 'sha256': '7b77fdd083d859f11435c7c0f3ec5386175c7a5ad33e8cfc93f0ebb19138a4db'}, 'dob': {'date': '1948-05-03T12:23:38.565Z', 'age': 76}, 'registered': {'date': '2004-10-01T17:15:01.586Z', 'age': 19}, 'phone': '(65) 6847-2387', 'cell': '(00) 9938-4884', 'id': {'name': 'CPF', 'value': '676.747.846-24'}, 'picture': {'large': 'https://randomuser.me/api/portraits/women/71.jpg', 'medium': 'https://randomuser.me/api/portraits/med/women/71.jpg', 'thumbnail': 'https://randomuser.me/api/portraits/thumb/women/71.jpg'}, 'nat': 'BR'}</msg>
<arg>${json_data['results'][0]}</arg>
<doc>Logs the given message with the given level.</doc>
<status status="PASS" start="2024-05-23T09:16:30.113631" elapsed="0.000411"/>
</kw>
<kw name="Log" owner="BuiltIn">
<msg time="2024-05-23T09:16:30.114467" level="INFO">login</msg>
<arg>${key}</arg>
<doc>Logs the given message with the given level.</doc>
<status status="PASS" start="2024-05-23T09:16:30.114340" elapsed="0.000197"/>
</kw>
<var name="${key}">login</var>
<status status="PASS" start="2024-05-23T09:16:30.112808" elapsed="0.001953"/>
</iter>
<var>${key}</var>
<value>@{expected_keys}</value>
<status status="PASS" start="2024-05-23T09:16:30.103859" elapsed="0.011023"/>
</for>
<kw name="Create List" owner="BuiltIn">
<msg time="2024-05-23T09:16:30.115215" level="INFO">${expected_keysTwo} = ['username', 'password']</msg>
<var>${expected_keysTwo}</var>
<arg>username</arg>
<arg>password</arg>
<doc>Returns a list containing given items.</doc>
<status status="PASS" start="2024-05-23T09:16:30.115078" elapsed="0.000161"/>
</kw>
<for flavor="IN">
<iter>
<kw name="Dictionary Should Contain Key" owner="Collections">
<msg time="2024-05-23T09:16:30.116156" level="INFO">False</msg>
<arg>${json_data['results'][0]['login']}</arg>
<arg>${keyTwo}</arg>
<doc>Fails if ``key`` is not found from ``dictionary``.</doc>
<status status="PASS" start="2024-05-23T09:16:30.115771" elapsed="0.000422"/>
</kw>
<kw name="Dictionary Should Contain Key" owner="Collections">
<msg time="2024-05-23T09:16:30.116873" level="INFO">False</msg>
<arg>${json_data['results'][0]['login']}</arg>
<arg>${keyTwo}</arg>
<doc>Fails if ``key`` is not found from ``dictionary``.</doc>
<status status="PASS" start="2024-05-23T09:16:30.116495" elapsed="0.000416"/>
</kw>
<kw name="Log" owner="BuiltIn">
<msg time="2024-05-23T09:16:30.117331" level="INFO">username</msg>
<arg>${keyTwo}</arg>
<doc>Logs the given message with the given level.</doc>
<status status="PASS" start="2024-05-23T09:16:30.117204" elapsed="0.000164"/>
</kw>
<var name="${keyTwo}">username</var>
<status status="PASS" start="2024-05-23T09:16:30.115661" elapsed="0.001920"/>
</iter>
<iter>
<kw name="Dictionary Should Contain Key" owner="Collections">
<msg time="2024-05-23T09:16:30.118239" level="INFO">False</msg>
<arg>${json_data['results'][0]['login']}</arg>
<arg>${keyTwo}</arg>
<doc>Fails if ``key`` is not found from ``dictionary``.</doc>
<status status="PASS" start="2024-05-23T09:16:30.117861" elapsed="0.000416"/>
</kw>
<kw name="Dictionary Should Contain Key" owner="Collections">
<msg time="2024-05-23T09:16:30.118952" level="INFO">False</msg>
<arg>${json_data['results'][0]['login']}</arg>
<arg>${keyTwo}</arg>
<doc>Fails if ``key`` is not found from ``dictionary``.</doc>
<status status="PASS" start="2024-05-23T09:16:30.118578" elapsed="0.000411"/>
</kw>
<kw name="Log" owner="BuiltIn">
<msg time="2024-05-23T09:16:30.119434" level="INFO">password</msg>
<arg>${keyTwo}</arg>
<doc>Logs the given message with the given level.</doc>
<status status="PASS" start="2024-05-23T09:16:30.119282" elapsed="0.000190"/>
</kw>
<var name="${keyTwo}">password</var>
<status status="PASS" start="2024-05-23T09:16:30.117752" elapsed="0.001938"/>
</iter>
<var>${keyTwo}</var>
<value>@{expected_keysTwo}</value>
<status status="PASS" start="2024-05-23T09:16:30.115506" elapsed="0.004305"/>
</for>
<status status="PASS" start="2024-05-23T09:16:29.995991" elapsed="0.123959"/>
</kw>
<doc>Testa a estrutura da resposta da API.</doc>
<tag>testeEstruturaResposta</tag>
<status status="PASS" start="2024-05-23T09:16:29.995414" elapsed="0.124697"/>
</test>
<test id="s1-s1-t4" name="Validar tipos de dados" line="28">
<kw name="Teste de Tipos de Dados" owner="random-user-service">
<kw name="GET On Session" owner="RequestsLibrary">
<msg time="2024-05-23T09:16:30.188655" level="INFO">GET Request : url=https://randomuser.me/api 
 path_url=/api 
 headers={'User-Agent': 'python-requests/2.32.2', 'Accept-Encoding': 'gzip, deflate', 'Accept': '*/*', 'Connection': 'keep-alive'} 
 body=None 
 </msg>
<msg time="2024-05-23T09:16:30.188765" level="INFO">GET Response : url=https://randomuser.me/api 
 status=200, reason=OK 
 headers={'Date': 'Thu, 23 May 2024 09:16:30 GMT', 'Content-Type': 'application/json; charset=utf-8', 'Transfer-Encoding': 'chunked', 'Connection': 'keep-alive', 'X-Powered-By': 'Express', 'Access-Control-Allow-Origin': '*', 'Cache-Control': 'no-cache', 'ETag': 'W/"478-1qHKU+xqECS09iiEKNo7SKq93xQ"', 'Vary': 'Accept-Encoding', 'Content-Encoding': 'gzip', 'CF-Cache-Status': 'DYNAMIC', 'Report-To': '{"endpoints":[{"url":"https:\\/\\/a.nel.cloudflare.com\\/report\\/v4?s=Abkj1V9pW9L97gtGPNx6vlF%2BoQuJ7YGOHQxG6ZRL%2FFn7pA07aliHg9ajVYyGhaZEY%2FL%2FfY1i9tQ96UIhr0Inilf3rch3lgMJgsnmvCpN3MApi3Yad9gV16OaQV8401q4"}],"group":"cf-nel","max_age":604800}', 'NEL': '{"success_fraction":0,"report_to":"cf-nel","max_age":604800}', 'Server': 'cloudflare', 'CF-RAY': '8883f2904f172bc4-ORD', 'alt-svc': 'h3=":443"; ma=86400'} 
 body={"results":[{"gender":"female","name":{"title":"Miss","first":"Neea","last":"Justi"},"location":{"street":{"number":9883,"name":"Esplanadi"},"city":"Konnevesi","state":"Pirkanmaa","country":"Finland","postcode":42542,"coordinates":{"latitude":"-28.9389","longitude":"172.3332"},"timezone":{"offset":"+4:30","description":"Kabul"}},"email":"neea.justi@example.com","login":{"uuid":"a31af158-521a-407c-a86b-195c767575a8","username":"sadbutterfly622","password":"giants","salt":"leMbDV4F","md5":"68a0d59b37d82a5933fea7fff994b4e0","sha1":"eb113d08d99ee07d606766755a88080ac0e506be","sha256":"155c569459e7b15b2a8af0cac99c07b010e320d594821c71f651226aed9ccb8b"},"dob":{"date":"1964-11-15T14:02:59.152Z","age":59},"registered":{"date":"2018-05-21T14:34:31.256Z","age":6},"phone":"05-434-365","cell":"045-545-64-60","id":{"name":"HETU","value":"NaNNA706undefined"},"picture":{"large":"https://randomuser.me/api/portraits/women/46.jpg","medium":"https://randomuser.me/api/portraits/med/women/46.jpg","thumbnail":"https://randomuser.me/api/portraits/thumb/women/46.jpg"},"nat":"FI"}],"info":{"seed":"8373ca8f8d373b67","results":1,"page":1,"version":"1.4"}} 
 </msg>
<msg time="2024-05-23T09:16:30.188852" level="INFO">/opt/hostedtoolcache/Python/3.12.3/x64/lib/python3.12/site-packages/urllib3/connectionpool.py:1103: InsecureRequestWarning: Unverified HTTPS request is being made to host 'randomuser.me'. Adding certificate verification is strongly advised. See: https://urllib3.readthedocs.io/en/latest/advanced-usage.html#tls-warnings
  warnings.warn(</msg>
<msg time="2024-05-23T09:16:30.188984" level="INFO">${response} = &lt;Response [200]&gt;</msg>
<var>${response}</var>
<arg>consultarAPI</arg>
<arg>/api</arg>
<doc>Sends a GET request on a previously created HTTP Session.</doc>
<status status="PASS" start="2024-05-23T09:16:30.122625" elapsed="0.066400"/>
</kw>
<kw name="Set Variable" owner="BuiltIn">
<msg time="2024-05-23T09:16:30.190084" level="INFO">${json_data} = {'results': [{'gender': 'female', 'name': {'title': 'Miss', 'first': 'Neea', 'last': 'Justi'}, 'location': {'street': {'number': 9883, 'name': 'Esplanadi'}, 'city': 'Konnevesi', 'state': 'Pirkanmaa', ...</msg>
<var>${json_data}</var>
<arg>${response.json()}</arg>
<doc>Returns the given values which can then be assigned to a variables.</doc>
<status status="PASS" start="2024-05-23T09:16:30.189554" elapsed="0.000559"/>
</kw>
<kw name="Log" owner="BuiltIn">
<msg time="2024-05-23T09:16:30.190629" level="INFO">{'results': [{'gender': 'female', 'name': {'title': 'Miss', 'first': 'Neea', 'last': 'Justi'}, 'location': {'street': {'number': 9883, 'name': 'Esplanadi'}, 'city': 'Konnevesi', 'state': 'Pirkanmaa', 'country': 'Finland', 'postcode': 42542, 'coordinates': {'latitude': '-28.9389', 'longitude': '172.3332'}, 'timezone': {'offset': '+4:30', 'description': 'Kabul'}}, 'email': 'neea.justi@example.com', 'login': {'uuid': 'a31af158-521a-407c-a86b-195c767575a8', 'username': 'sadbutterfly622', 'password': 'giants', 'salt': 'leMbDV4F', 'md5': '68a0d59b37d82a5933fea7fff994b4e0', 'sha1': 'eb113d08d99ee07d606766755a88080ac0e506be', 'sha256': '155c569459e7b15b2a8af0cac99c07b010e320d594821c71f651226aed9ccb8b'}, 'dob': {'date': '1964-11-15T14:02:59.152Z', 'age': 59}, 'registered': {'date': '2018-05-21T14:34:31.256Z', 'age': 6}, 'phone': '05-434-365', 'cell': '045-545-64-60', 'id': {'name': 'HETU', 'value': 'NaNNA706undefined'}, 'picture': {'large': 'https://randomuser.me/api/portraits/women/46.jpg', 'medium': 'https://randomuser.me/api/portraits/med/women/46.jpg', 'thumbnail': 'https://randomuser.me/api/portraits/thumb/women/46.jpg'}, 'nat': 'FI'}], 'info': {'seed': '8373ca8f8d373b67', 'results': 1, 'page': 1, 'version': '1.4'}}</msg>
<arg>${json_data}</arg>
<doc>Logs the given message with the given level.</doc>
<status status="PASS" start="2024-05-23T09:16:30.190462" elapsed="0.000255"/>
</kw>
<kw name="Should Be String" owner="String">
<arg>${json_data['results'][0]['gender']}</arg>
<doc>Fails if the given ``item`` is not a string.</doc>
<status status="PASS" start="2024-05-23T09:16:30.191030" elapsed="0.000446"/>
</kw>
<kw name="Should Match Regexp" owner="BuiltIn">
<arg>${json_data['results'][0]['email']}</arg>
<arg>^[a-zA-Z0-9._%+-]+@[a-zA-Z0-9.-]+\.[a-zA-Z]{2,}$</arg>
<doc>Fails if ``string`` does not match ``pattern`` as a regular expression.</doc>
<status status="PASS" start="2024-05-23T09:16:30.191679" elapsed="0.000693"/>
</kw>
<kw name="Should Match Regexp" owner="BuiltIn">
<arg>${json_data['results'][0]['dob']['date']}</arg>
<arg>\\d{4}-\\d{2}-\\d{2}T\\d{2}:\\d{2}:\\d{2}\\.\\d{3}Z</arg>
<doc>Fails if ``string`` does not match ``pattern`` as a regular expression.</doc>
<status status="PASS" start="2024-05-23T09:16:30.192577" elapsed="0.000499"/>
</kw>
<kw name="Should Match Regexp" owner="BuiltIn">
<arg>${json_data['results'][0]['registered']['date']}</arg>
<arg>\\d{4}-\\d{2}-\\d{2}T\\d{2}:\\d{2}:\\d{2}\\.\\d{3}Z</arg>
<doc>Fails if ``string`` does not match ``pattern`` as a regular expression.</doc>
<status status="PASS" start="2024-05-23T09:16:30.193275" elapsed="0.000367"/>
</kw>
<kw name="Should Match Regexp" owner="BuiltIn">
<arg>${json_data['results'][0]['picture']['large']}</arg>
<arg>^https?://.*\.(?:png|jpe?g|gif|bmp)$</arg>
<doc>Fails if ``string`` does not match ``pattern`` as a regular expression.</doc>
<status status="PASS" start="2024-05-23T09:16:30.193833" elapsed="0.000473"/>
</kw>
<kw name="Should Match Regexp" owner="BuiltIn">
<arg>${json_data['results'][0]['picture']['medium']}</arg>
<arg>^https?://.*\.(?:png|jpe?g|gif|bmp)$</arg>
<doc>Fails if ``string`` does not match ``pattern`` as a regular expression.</doc>
<status status="PASS" start="2024-05-23T09:16:30.194500" elapsed="0.000356"/>
</kw>
<kw name="Should Match Regexp" owner="BuiltIn">
<arg>${json_data['results'][0]['picture']['thumbnail']}</arg>
<arg>^https?://.*\.(?:png|jpe?g|gif|bmp)$</arg>
<doc>Fails if ``string`` does not match ``pattern`` as a regular expression.</doc>
<status status="PASS" start="2024-05-23T09:16:30.195050" elapsed="0.000374"/>
</kw>
<kw name="Log" owner="BuiltIn">
<msg time="2024-05-23T09:16:30.195942" level="INFO">{'large': 'https://randomuser.me/api/portraits/women/46.jpg', 'medium': 'https://randomuser.me/api/portraits/med/women/46.jpg', 'thumbnail': 'https://randomuser.me/api/portraits/thumb/women/46.jpg'}</msg>
<arg>${json_data['results'][0]['picture']}</arg>
<doc>Logs the given message with the given level.</doc>
<status status="PASS" start="2024-05-23T09:16:30.195614" elapsed="0.000371"/>
</kw>
<status status="PASS" start="2024-05-23T09:16:30.122381" elapsed="0.073872"/>
</kw>
<kw name="Teste de Tipos de Dados - Postcode" owner="random-user-service">
<kw name="GET On Session" owner="RequestsLibrary">
<msg time="2024-05-23T09:16:30.292365" level="INFO">GET Request : url=https://randomuser.me/api 
 path_url=/api 
 headers={'User-Agent': 'python-requests/2.32.2', 'Accept-Encoding': 'gzip, deflate', 'Accept': '*/*', 'Connection': 'keep-alive'} 
 body=None 
 </msg>
<msg time="2024-05-23T09:16:30.292468" level="INFO">GET Response : url=https://randomuser.me/api 
 status=200, reason=OK 
 headers={'Date': 'Thu, 23 May 2024 09:16:30 GMT', 'Content-Type': 'application/json; charset=utf-8', 'Transfer-Encoding': 'chunked', 'Connection': 'keep-alive', 'X-Powered-By': 'Express', 'Access-Control-Allow-Origin': '*', 'Cache-Control': 'no-cache', 'ETag': 'W/"484-qcslzKzdI38hrrh3f07lWo9TxsE"', 'Vary': 'Accept-Encoding', 'Content-Encoding': 'gzip', 'CF-Cache-Status': 'DYNAMIC', 'Report-To': '{"endpoints":[{"url":"https:\\/\\/a.nel.cloudflare.com\\/report\\/v4?s=0m2hZlGvezi9oza2ETkRox6qoNgGUubqI2j5aGyuxro2Ocgd%2FDGMtaOqJo8fc6jZ6oW4tsYZ06RdBsHv8fvRg2QIKi%2FtGIkDI4XEuDxPDlAfxj9XjAC8nfarPmHgXonL"}],"group":"cf-nel","max_age":604800}', 'NEL': '{"success_fraction":0,"report_to":"cf-nel","max_age":604800}', 'Server': 'cloudflare', 'CF-RAY': '8883f290bf542bc4-ORD', 'alt-svc': 'h3=":443"; ma=86400'} 
 body={"results":[{"gender":"male","name":{"title":"Mr","first":"Kuzey","last":"Türkdoğan"},"location":{"street":{"number":2509,"name":"Bağdat Cd"},"city":"Kayseri","state":"Batman","country":"Turkey","postcode":37100,"coordinates":{"latitude":"70.1596","longitude":"-107.6168"},"timezone":{"offset":"-5:00","description":"Eastern Time (US &amp; Canada), Bogota, Lima"}},"email":"kuzey.turkdogan@example.com","login":{"uuid":"8d34d7e4-1248-4b7c-83d2-63f042128343","username":"tinycat472","password":"cambridg","salt":"elqGRDYX","md5":"a82ad2a82a14cbd9d0f5cebfec9dce70","sha1":"75dbca83fbd05da88098f98a95aab341d8b368ef","sha256":"ebd7c556c1a346a56aeece1be13fc9ba16650ca478ef94d3ca84af7b079ae655"},"dob":{"date":"1956-08-23T17:09:48.886Z","age":67},"registered":{"date":"2021-10-25T10:15:56.697Z","age":2},"phone":"(310)-152-2295","cell":"(312)-955-9205","id":{"name":"","value":null},"picture":{"large":"https://randomuser.me/api/portraits/men/2.jpg","medium":"https://randomuser.me/api/portraits/med/men/2.jpg","thumbnail":"https://randomuser.me/api/portraits/thumb/men/2.jpg"},"nat":"TR"}],"info":{"seed":"02cd2d66870570f8","results":1,"page":1,"version":"1.4"}} 
 </msg>
<msg time="2024-05-23T09:16:30.292552" level="INFO">/opt/hostedtoolcache/Python/3.12.3/x64/lib/python3.12/site-packages/urllib3/connectionpool.py:1103: InsecureRequestWarning: Unverified HTTPS request is being made to host 'randomuser.me'. Adding certificate verification is strongly advised. See: https://urllib3.readthedocs.io/en/latest/advanced-usage.html#tls-warnings
  warnings.warn(</msg>
<msg time="2024-05-23T09:16:30.292691" level="INFO">${response} = &lt;Response [200]&gt;</msg>
<var>${response}</var>
<arg>consultarAPI</arg>
<arg>/api</arg>
<doc>Sends a GET request on a previously created HTTP Session.</doc>
<status status="PASS" start="2024-05-23T09:16:30.196728" elapsed="0.096005"/>
</kw>
<kw name="Set Variable" owner="BuiltIn">
<msg time="2024-05-23T09:16:30.293993" level="INFO">${json_data} = {'results': [{'gender': 'male', 'name': {'title': 'Mr', 'first': 'Kuzey', 'last': 'Türkdoğan'}, 'location': {'street': {'number': 2509, 'name': 'Bağdat Cd'}, 'city': 'Kayseri', 'state': 'Batman', 'cou...</msg>
<var>${json_data}</var>
<arg>${response.json()}</arg>
<doc>Returns the given values which can then be assigned to a variables.</doc>
<status status="PASS" start="2024-05-23T09:16:30.293406" elapsed="0.000620"/>
</kw>
<kw name="Log" owner="BuiltIn">
<msg time="2024-05-23T09:16:30.294608" level="INFO">{'results': [{'gender': 'male', 'name': {'title': 'Mr', 'first': 'Kuzey', 'last': 'Türkdoğan'}, 'location': {'street': {'number': 2509, 'name': 'Bağdat Cd'}, 'city': 'Kayseri', 'state': 'Batman', 'country': 'Turkey', 'postcode': 37100, 'coordinates': {'latitude': '70.1596', 'longitude': '-107.6168'}, 'timezone': {'offset': '-5:00', 'description': 'Eastern Time (US &amp; Canada), Bogota, Lima'}}, 'email': 'kuzey.turkdogan@example.com', 'login': {'uuid': '8d34d7e4-1248-4b7c-83d2-63f042128343', 'username': 'tinycat472', 'password': 'cambridg', 'salt': 'elqGRDYX', 'md5': 'a82ad2a82a14cbd9d0f5cebfec9dce70', 'sha1': '75dbca83fbd05da88098f98a95aab341d8b368ef', 'sha256': 'ebd7c556c1a346a56aeece1be13fc9ba16650ca478ef94d3ca84af7b079ae655'}, 'dob': {'date': '1956-08-23T17:09:48.886Z', 'age': 67}, 'registered': {'date': '2021-10-25T10:15:56.697Z', 'age': 2}, 'phone': '(310)-152-2295', 'cell': '(312)-955-9205', 'id': {'name': '', 'value': None}, 'picture': {'large': 'https://randomuser.me/api/portraits/men/2.jpg', 'medium': 'https://randomuser.me/api/portraits/med/men/2.jpg', 'thumbnail': 'https://randomuser.me/api/portraits/thumb/men/2.jpg'}, 'nat': 'TR'}], 'info': {'seed': '02cd2d66870570f8', 'results': 1, 'page': 1, 'version': '1.4'}}</msg>
<arg>${json_data}</arg>
<doc>Logs the given message with the given level.</doc>
<status status="PASS" start="2024-05-23T09:16:30.294419" elapsed="0.000283"/>
</kw>
<kw name="Should Be Equal As Numbers" owner="BuiltIn">
<arg>${json_data['results'][0]['location']['postcode']}</arg>
<arg>${json_data['results'][0]['location']['postcode']}</arg>
<doc>Fails if objects are unequal after converting them to real numbers.</doc>
<status status="PASS" start="2024-05-23T09:16:30.295039" elapsed="0.000718"/>
</kw>
<kw name="Log" owner="BuiltIn">
<msg time="2024-05-23T09:16:30.296313" level="INFO">37100</msg>
<arg>${json_data['results'][0]['location']['postcode']}</arg>
<doc>Logs the given message with the given level.</doc>
<status status="PASS" start="2024-05-23T09:16:30.295962" elapsed="0.000394"/>
</kw>
<status status="PASS" start="2024-05-23T09:16:30.196490" elapsed="0.100162"/>
</kw>
<doc>Testa se os tipos de dados na resposta da API estão corretos.</doc>
<tag>testeTiposDados</tag>
<status status="PASS" start="2024-05-23T09:16:30.121889" elapsed="0.174942"/>
</test>
<test id="s1-s1-t5" name="Validar conteudo" line="35">
<kw name="Teste de Tipos de Conteudo" owner="random-user-service">
<kw name="GET On Session" owner="RequestsLibrary">
<msg time="2024-05-23T09:16:30.390883" level="INFO">GET Request : url=https://randomuser.me/api 
 path_url=/api 
 headers={'User-Agent': 'python-requests/2.32.2', 'Accept-Encoding': 'gzip, deflate', 'Accept': '*/*', 'Connection': 'keep-alive'} 
 body=None 
 </msg>
<msg time="2024-05-23T09:16:30.390990" level="INFO">GET Response : url=https://randomuser.me/api 
 status=200, reason=OK 
 headers={'Date': 'Thu, 23 May 2024 09:16:30 GMT', 'Content-Type': 'application/json; charset=utf-8', 'Transfer-Encoding': 'chunked', 'Connection': 'keep-alive', 'X-Powered-By': 'Express', 'Access-Control-Allow-Origin': '*', 'Cache-Control': 'no-cache', 'ETag': 'W/"494-3ap7FjxanNETqcrFLPdr9JrO3SY"', 'Vary': 'Accept-Encoding', 'Content-Encoding': 'gzip', 'CF-Cache-Status': 'DYNAMIC', 'Report-To': '{"endpoints":[{"url":"https:\\/\\/a.nel.cloudflare.com\\/report\\/v4?s=9cJgjEvLx80VA7cogQP1FK9nQkkiIDNgtWsA0iiSvd55qD5cu9W6aSFale0OntX4RnSC4mesqyuS%2BbgsDpaI8hagKn2r4cRI1%2F84EkA87gYikZ7YFnDcehCpaHiP5z0C"}],"group":"cf-nel","max_age":604800}', 'NEL': '{"success_fraction":0,"report_to":"cf-nel","max_age":604800}', 'Server': 'cloudflare', 'CF-RAY': '8883f2916fba2bc4-ORD', 'alt-svc': 'h3=":443"; ma=86400'} 
 body={"results":[{"gender":"female","name":{"title":"Miss","first":"Alexis","last":"Martin"},"location":{"street":{"number":8358,"name":"Duke St"},"city":"Carleton","state":"Ontario","country":"Canada","postcode":"E5O 1C8","coordinates":{"latitude":"-70.7459","longitude":"122.3784"},"timezone":{"offset":"-5:00","description":"Eastern Time (US &amp; Canada), Bogota, Lima"}},"email":"alexis.martin@example.com","login":{"uuid":"0a23d62a-f6b3-43cf-8b43-1ac960f51b25","username":"bluecat716","password":"corndog","salt":"zRnoU7XU","md5":"51b20921f32e55bb0fdfe01bdca2f56a","sha1":"dea0e1544daa5a0cc8f4a0638cba939f0d5a7399","sha256":"ea7e380ce8cb4dc35ce529e0ce6eb3f47321b4bf61a34544c8c5657054859d21"},"dob":{"date":"1988-09-03T06:39:39.302Z","age":35},"registered":{"date":"2014-02-24T23:30:27.321Z","age":10},"phone":"B93 B71-3247","cell":"F56 T32-2741","id":{"name":"SIN","value":"965836216"},"picture":{"large":"https://randomuser.me/api/portraits/women/37.jpg","medium":"https://randomuser.me/api/portraits/med/women/37.jpg","thumbnail":"https://randomuser.me/api/portraits/thumb/women/37.jpg"},"nat":"CA"}],"info":{"seed":"35b00f96cded5aa7","results":1,"page":1,"version":"1.4"}} 
 </msg>
<msg time="2024-05-23T09:16:30.391073" level="INFO">/opt/hostedtoolcache/Python/3.12.3/x64/lib/python3.12/site-packages/urllib3/connectionpool.py:1103: InsecureRequestWarning: Unverified HTTPS request is being made to host 'randomuser.me'. Adding certificate verification is strongly advised. See: https://urllib3.readthedocs.io/en/latest/advanced-usage.html#tls-warnings
  warnings.warn(</msg>
<msg time="2024-05-23T09:16:30.391209" level="INFO">${response} = &lt;Response [200]&gt;</msg>
<var>${response}</var>
<arg>consultarAPI</arg>
<arg>/api</arg>
<doc>Sends a GET request on a previously created HTTP Session.</doc>
<status status="PASS" start="2024-05-23T09:16:30.299295" elapsed="0.091951"/>
</kw>
<kw name="Set Variable" owner="BuiltIn">
<msg time="2024-05-23T09:16:30.392452" level="INFO">${json_data} = {'results': [{'gender': 'female', 'name': {'title': 'Miss', 'first': 'Alexis', 'last': 'Martin'}, 'location': {'street': {'number': 8358, 'name': 'Duke St'}, 'city': 'Carleton', 'state': 'Ontario', 'c...</msg>
<var>${json_data}</var>
<arg>${response.json()}</arg>
<doc>Returns the given values which can then be assigned to a variables.</doc>
<status status="PASS" start="2024-05-23T09:16:30.391912" elapsed="0.000570"/>
</kw>
<kw name="Set Variable" owner="BuiltIn">
<msg time="2024-05-23T09:16:30.393168" level="INFO">${name_title} = Miss</msg>
<var>${name_title}</var>
<arg>${json_data["results"][0]["name"]["title"]}</arg>
<doc>Returns the given values which can then be assigned to a variables.</doc>
<status status="PASS" start="2024-05-23T09:16:30.392786" elapsed="0.000407"/>
</kw>
<kw name="Create List" owner="BuiltIn">
<msg time="2024-05-23T09:16:30.393638" level="INFO">${allowed_titles} = ['Mr', 'Ms', 'Miss', 'Mrs', 'Madame', 'Monsieur']</msg>
<var>${allowed_titles}</var>
<arg>Mr</arg>
<arg>Ms</arg>
<arg>Miss</arg>
<arg>Mrs</arg>
<arg>Madame</arg>
<arg>Monsieur</arg>
<doc>Returns a list containing given items.</doc>
<status status="PASS" start="2024-05-23T09:16:30.393491" elapsed="0.000171"/>
</kw>
<kw name="List Should Contain Value" owner="Collections">
<msg time="2024-05-23T09:16:30.394135" level="INFO">False</msg>
<arg>${allowed_titles}</arg>
<arg>${name_title}</arg>
<doc>Fails if the ``value`` is not found from ``list``.</doc>
<status status="PASS" start="2024-05-23T09:16:30.393961" elapsed="0.000210"/>
</kw>
<kw name="Set Variable" owner="BuiltIn">
<msg time="2024-05-23T09:16:30.395021" level="INFO">${name_country} = CA</msg>
<var>${name_country}</var>
<arg>${json_data["results"][0]["nat"]}</arg>
<doc>Returns the given values which can then be assigned to a variables.</doc>
<status status="PASS" start="2024-05-23T09:16:30.394459" elapsed="0.000587"/>
</kw>
<kw name="Create List" owner="BuiltIn">
<msg time="2024-05-23T09:16:30.396000" level="INFO">${list_country} = ['AD', 'AE', 'AF', 'AG', 'AI', 'AL', 'AM', 'AO', 'AQ', 'AR', 'AS', 'AT', 'AU', 'AW', 'AX', 'AZ', 'BA', 'BB', 'BD', 'BE', 'BF', 'BG', 'BH', 'BI', 'BJ', 'BL', 'BM', 'BN', 'BO', 'BQ', 'BR', 'BS', 'BT', '...</msg>
<var>${list_country}</var>
<arg>AD</arg>
<arg>AE</arg>
<arg>AF</arg>
<arg>AG</arg>
<arg>AI</arg>
<arg>AL</arg>
<arg>AM</arg>
<arg>AO</arg>
<arg>AQ</arg>
<arg>AR</arg>
<arg>AS</arg>
<arg>AT</arg>
<arg>AU</arg>
<arg>AW</arg>
<arg>AX</arg>
<arg>AZ</arg>
<arg>BA</arg>
<arg>BB</arg>
<arg>BD</arg>
<arg>BE</arg>
<arg>BF</arg>
<arg>BG</arg>
<arg>BH</arg>
<arg>BI</arg>
<arg>BJ</arg>
<arg>BL</arg>
<arg>BM</arg>
<arg>BN</arg>
<arg>BO</arg>
<arg>BQ</arg>
<arg>BR</arg>
<arg>BS</arg>
<arg>BT</arg>
<arg>BV</arg>
<arg>BW</arg>
<arg>BY</arg>
<arg>BZ</arg>
<arg>CA</arg>
<arg>CC</arg>
<arg>CD</arg>
<arg>CF</arg>
<arg>CG</arg>
<arg>CH</arg>
<arg>CI</arg>
<arg>CK</arg>
<arg>CL</arg>
<arg>CM</arg>
<arg>CN</arg>
<arg>CO</arg>
<arg>CR</arg>
<arg>CU</arg>
<arg>CV</arg>
<arg>CW</arg>
<arg>CX</arg>
<arg>CY</arg>
<arg>CZ</arg>
<arg>DE</arg>
<arg>DJ</arg>
<arg>DK</arg>
<arg>DM</arg>
<arg>DO</arg>
<arg>DZ</arg>
<arg>EC</arg>
<arg>EE</arg>
<arg>EG</arg>
<arg>EH</arg>
<arg>ER</arg>
<arg>ES</arg>
<arg>ET</arg>
<arg>FI</arg>
<arg>FJ</arg>
<arg>FK</arg>
<arg>FM</arg>
<arg>FO</arg>
<arg>FR</arg>
<arg>GA</arg>
<arg>GB</arg>
<arg>GD</arg>
<arg>GE</arg>
<arg>GF</arg>
<arg>GG</arg>
<arg>GH</arg>
<arg>GI</arg>
<arg>GL</arg>
<arg>GM</arg>
<arg>GN</arg>
<arg>GP</arg>
<arg>GQ</arg>
<arg>GR</arg>
<arg>GS</arg>
<arg>GT</arg>
<arg>GU</arg>
<arg>GW</arg>
<arg>GY</arg>
<arg>HK</arg>
<arg>HM</arg>
<arg>HN</arg>
<arg>HR</arg>
<arg>HT</arg>
<arg>HU</arg>
<arg>ID</arg>
<arg>IE</arg>
<arg>IL</arg>
<arg>IM</arg>
<arg>IN</arg>
<arg>IO</arg>
<arg>IQ</arg>
<arg>IR</arg>
<arg>IS</arg>
<arg>IT</arg>
<arg>JE</arg>
<arg>JM</arg>
<arg>JO</arg>
<arg>JP</arg>
<arg>KE</arg>
<arg>KG</arg>
<arg>KH</arg>
<arg>KI</arg>
<arg>KM</arg>
<arg>KN</arg>
<arg>KP</arg>
<arg>KR</arg>
<arg>KW</arg>
<arg>KY</arg>
<arg>KZ</arg>
<arg>LA</arg>
<arg>LB</arg>
<arg>LC</arg>
<arg>LI</arg>
<arg>LK</arg>
<arg>LR</arg>
<arg>LS</arg>
<arg>LT</arg>
<arg>LU</arg>
<arg>LV</arg>
<arg>LY</arg>
<arg>MA</arg>
<arg>MC</arg>
<arg>MD</arg>
<arg>ME</arg>
<arg>MF</arg>
<arg>MG</arg>
<arg>MH</arg>
<arg>MK</arg>
<arg>ML</arg>
<arg>MM</arg>
<arg>MN</arg>
<arg>MO</arg>
<arg>MP</arg>
<arg>MQ</arg>
<arg>MR</arg>
<arg>MS</arg>
<arg>MT</arg>
<arg>MU</arg>
<arg>MV</arg>
<arg>MW</arg>
<arg>MX</arg>
<arg>MY</arg>
<arg>MZ</arg>
<arg>NA</arg>
<arg>NC</arg>
<arg>NE</arg>
<arg>NF</arg>
<arg>NG</arg>
<arg>NI</arg>
<arg>NL</arg>
<arg>NO</arg>
<arg>NP</arg>
<arg>NR</arg>
<arg>NU</arg>
<arg>NZ</arg>
<arg>OM</arg>
<arg>PA</arg>
<arg>PE</arg>
<arg>PF</arg>
<arg>PG</arg>
<arg>PH</arg>
<arg>PK</arg>
<arg>PL</arg>
<arg>PM</arg>
<arg>PN</arg>
<arg>PR</arg>
<arg>PS</arg>
<arg>PT</arg>
<arg>PW</arg>
<arg>PY</arg>
<arg>QA</arg>
<arg>RE</arg>
<arg>RO</arg>
<arg>RS</arg>
<arg>RU</arg>
<arg>RW</arg>
<arg>SA</arg>
<arg>SB</arg>
<arg>SC</arg>
<arg>SD</arg>
<arg>SE</arg>
<arg>SG</arg>
<arg>SH</arg>
<arg>SI</arg>
<arg>SJ</arg>
<arg>SK</arg>
<arg>SL</arg>
<arg>SM</arg>
<arg>SN</arg>
<arg>SO</arg>
<arg>SR</arg>
<arg>SS</arg>
<arg>ST</arg>
<arg>SV</arg>
<arg>SX</arg>
<arg>SY</arg>
<arg>SZ</arg>
<arg>TC</arg>
<arg>TD</arg>
<arg>TF</arg>
<arg>TG</arg>
<arg>TH</arg>
<arg>TJ</arg>
<arg>TK</arg>
<arg>TL</arg>
<arg>TM</arg>
<arg>TN</arg>
<arg>TO</arg>
<arg>TR</arg>
<arg>TT</arg>
<arg>TV</arg>
<arg>TW</arg>
<arg>TZ</arg>
<arg>UA</arg>
<arg>UG</arg>
<arg>UM</arg>
<arg>US</arg>
<arg>UY</arg>
<arg>UZ</arg>
<arg>VA</arg>
<arg>VC</arg>
<arg>VE</arg>
<arg>VG</arg>
<arg>VI</arg>
<arg>VN</arg>
<arg>VU</arg>
<arg>WF</arg>
<arg>WS</arg>
<arg>XK</arg>
<arg>YE</arg>
<arg>YT</arg>
<arg>ZA</arg>
<arg>ZM</arg>
<arg>ZW</arg>
<doc>Returns a list containing given items.</doc>
<status status="PASS" start="2024-05-23T09:16:30.395393" elapsed="0.000632"/>
</kw>
<kw name="List Should Contain Value" owner="Collections">
<msg time="2024-05-23T09:16:30.397010" level="INFO">False</msg>
<arg>${list_country}</arg>
<arg>${name_country}</arg>
<doc>Fails if the ``value`` is not found from ``list``.</doc>
<status status="PASS" start="2024-05-23T09:16:30.396809" elapsed="0.000237"/>
</kw>
<kw name="Run Keyword If" owner="BuiltIn">
<kw name="Should Be True" owner="BuiltIn">
<arg>${True}</arg>
<doc>Fails if the given condition is not true.</doc>
<status status="PASS" start="2024-05-23T09:16:30.398115" elapsed="0.000146"/>
</kw>
<arg>${json_data["results"][0]["location"]["coordinates"]["latitude"]} &gt;= -90 and ${json_data["results"][0]["location"]["coordinates"]["latitude"]} &lt;= 90</arg>
<arg>Should Be True</arg>
<arg>${True}</arg>
<doc>Runs the given keyword with the given arguments, if ``condition`` is true.</doc>
<status status="PASS" start="2024-05-23T09:16:30.397355" elapsed="0.001032"/>
</kw>
<kw name="Run Keyword If" owner="BuiltIn">
<kw name="Should Be True" owner="BuiltIn">
<arg>${True}</arg>
<doc>Fails if the given condition is not true.</doc>
<status status="PASS" start="2024-05-23T09:16:30.399252" elapsed="0.000164"/>
</kw>
<arg>${json_data["results"][0]["location"]["coordinates"]["longitude"]} &gt;= -180 and ${json_data["results"][0]["location"]["coordinates"]["longitude"]} &lt;= 180</arg>
<arg>Should Be True</arg>
<arg>${True}</arg>
<doc>Runs the given keyword with the given arguments, if ``condition`` is true.</doc>
<status status="PASS" start="2024-05-23T09:16:30.398572" elapsed="0.000978"/>
</kw>
<status status="PASS" start="2024-05-23T09:16:30.299061" elapsed="0.100618"/>
</kw>
<doc>Testa o conteúdo específico dos campos retornados pela API.</doc>
<tag>testeConteudo</tag>
<status status="PASS" start="2024-05-23T09:16:30.298598" elapsed="0.101231"/>
</test>
<status status="PASS" start="2024-05-23T09:16:29.572884" elapsed="0.828829"/>
</suite>
<status status="PASS" start="2024-05-23T09:16:29.558799" elapsed="0.848066"/>
</suite>
<statistics>
<total>
<stat pass="5" fail="0" skip="0">All Tests</stat>
</total>
<tag>
<stat pass="1" fail="0" skip="0">testeConteudo</stat>
<stat pass="1" fail="0" skip="0">testeEstruturaResposta</stat>
<stat pass="1" fail="0" skip="0">testeRequisicaoBasica</stat>
<stat pass="1" fail="0" skip="0">testeTiposDados</stat>
</tag>
<suite>
<stat pass="5" fail="0" skip="0" id="s1" name="Tests">Tests</stat>
<stat pass="5" fail="0" skip="0" id="s1-s1" name="Random-User-Test">Tests.Random-User-Test</stat>
</suite>
</statistics>
<errors>
</errors>
</robot>
