<?xml version="1.0" encoding="UTF-8"?>
<robot generator="Robot 7.0.1 (Python 3.12.4 on linux)" generated="2024-07-23T16:21:28.282861" rpa="false" schemaversion="5">
<suite id="s1" name="Tests" source="/home/runner/work/ApiRandomUser/ApiRandomUser/RamdonUser/tests">
<suite id="s1-s1" name="Random-User-Test" source="/home/runner/work/ApiRandomUser/ApiRandomUser/RamdonUser/tests/random-user-test.robot">
<test id="s1-s1-t1" name="Conectar" line="13">
<kw name="Conectar API" owner="random-user-service">
<kw name="Create Session" owner="RequestsLibrary">
<msg time="2024-07-23T16:21:28.725685" level="INFO">Creating Session using : alias=consultarAPI, url=https://randomuser.me/, headers={},                     cookies={}, auth=None, timeout=None, proxies=None, verify=False,                     debug=0 </msg>
<arg>consultarAPI</arg>
<arg>${URL}</arg>
<doc>Create Session: create a HTTP session to a server</doc>
<status status="PASS" start="2024-07-23T16:21:28.725500" elapsed="0.000347"/>
</kw>
<status status="PASS" start="2024-07-23T16:21:28.724539" elapsed="0.001641"/>
</kw>
<status status="PASS" start="2024-07-23T16:21:28.724066" elapsed="0.002302"/>
</test>
<test id="s1-s1-t2" name="Validar retorno 200 e JSON Válido" line="16">
<kw name="Teste de Requisicao Basica" owner="random-user-service">
<kw name="GET On Session" owner="RequestsLibrary">
<msg time="2024-07-23T16:21:28.934089" level="INFO">GET Request : url=https://randomuser.me/api 
 path_url=/api 
 headers={'User-Agent': 'python-requests/2.32.3', 'Accept-Encoding': 'gzip, deflate', 'Accept': '*/*', 'Connection': 'keep-alive'} 
 body=None 
 </msg>
<msg time="2024-07-23T16:21:28.934233" level="INFO">GET Response : url=https://randomuser.me/api 
 status=200, reason=OK 
 headers={'Date': 'Tue, 23 Jul 2024 16:21:28 GMT', 'Content-Type': 'application/json; charset=utf-8', 'Transfer-Encoding': 'chunked', 'Connection': 'keep-alive', 'X-Powered-By': 'Express', 'Access-Control-Allow-Origin': '*', 'Cache-Control': 'no-cache', 'ETag': 'W/"4ae-BqEkO3uTOz60qV93tDm6u62By/g"', 'Vary': 'Accept-Encoding', 'Content-Encoding': 'gzip', 'CF-Cache-Status': 'DYNAMIC', 'Report-To': '{"endpoints":[{"url":"https:\\/\\/a.nel.cloudflare.com\\/report\\/v4?s=nzTU4A5I5yUM438cVSm9ZU9PxWAFZltIFskGbzDCqOfmrvEQRkItJg9QFLJ1xUs3UZ6nPEwABi%2B1ns7v5znY5n%2F2M8oaMh4nMt0Hp4%2FrTcrQMpk9Nt3Je2ebApSy01In"}],"group":"cf-nel","max_age":604800}', 'NEL': '{"success_fraction":0,"report_to":"cf-nel","max_age":604800}', 'Server': 'cloudflare', 'CF-RAY': '8a7d00f77d1a9c64-IAD', 'alt-svc': 'h3=":443"; ma=86400'} 
 body={"results":[{"gender":"female","name":{"title":"Miss","first":"Sophie","last":"Margaret"},"location":{"street":{"number":8930,"name":"St. Catherine St"},"city":"Flatrock","state":"Newfoundland and Labrador","country":"Canada","postcode":"C4N 0F5","coordinates":{"latitude":"-70.0026","longitude":"156.4864"},"timezone":{"offset":"+10:00","description":"Eastern Australia, Guam, Vladivostok"}},"email":"sophie.margaret@example.com","login":{"uuid":"fa2fed56-b8bd-4f13-a41a-1ef72cd32dc4","username":"redcat902","password":"basset","salt":"IRY8gpyq","md5":"67537f40fb98068ff187d13562c48e04","sha1":"2304d89de6f71af47bdf247d8b4985d01b4590e8","sha256":"dc2c7f0f3682cbd028e048b11cefb341370815d8935a9ed250c9055a393171a1"},"dob":{"date":"1997-11-15T03:14:09.885Z","age":26},"registered":{"date":"2011-11-21T00:56:40.156Z","age":12},"phone":"T82 E87-3722","cell":"L12 F62-6848","id":{"name":"SIN","value":"636089724"},"picture":{"large":"https://randomuser.me/api/portraits/women/14.jpg","medium":"https://randomuser.me/api/portraits/med/women/14.jpg","thumbnail":"https://randomuser.me/api/portraits/thumb/women/14.jpg"},"nat":"CA"}],"info":{"seed":"8a14b6f195f005e0","results":1,"page":1,"version":"1.4"}} 
 </msg>
<msg time="2024-07-23T16:21:28.934311" level="INFO">/opt/hostedtoolcache/Python/3.12.4/x64/lib/python3.12/site-packages/urllib3/connectionpool.py:1099: InsecureRequestWarning: Unverified HTTPS request is being made to host 'randomuser.me'. Adding certificate verification is strongly advised. See: https://urllib3.readthedocs.io/en/latest/advanced-usage.html#tls-warnings
  warnings.warn(</msg>
<msg time="2024-07-23T16:21:28.934442" level="INFO">${response} = &lt;Response [200]&gt;</msg>
<var>${response}</var>
<arg>consultarAPI</arg>
<arg>/api</arg>
<doc>Sends a GET request on a previously created HTTP Session.</doc>
<status status="PASS" start="2024-07-23T16:21:28.728921" elapsed="0.205558"/>
</kw>
<kw name="Should Be Equal As Numbers" owner="BuiltIn">
<msg time="2024-07-23T16:21:28.935321" level="INFO">Argument types are:
&lt;class 'int'&gt;
&lt;class 'str'&gt;</msg>
<arg>${response.status_code}</arg>
<arg>200</arg>
<doc>Fails if objects are unequal after converting them to real numbers.</doc>
<status status="PASS" start="2024-07-23T16:21:28.934872" elapsed="0.000513"/>
</kw>
<kw name="Log" owner="BuiltIn">
<msg time="2024-07-23T16:21:28.936058" level="INFO">200</msg>
<arg>${response.status_code}</arg>
<doc>Logs the given message with the given level.</doc>
<status status="PASS" start="2024-07-23T16:21:28.935701" elapsed="0.000401"/>
</kw>
<kw name="Set Variable" owner="BuiltIn">
<msg time="2024-07-23T16:21:28.936840" level="INFO">${json_data} = {'results': [{'gender': 'female', 'name': {'title': 'Miss', 'first': 'Sophie', 'last': 'Margaret'}, 'location': {'street': {'number': 8930, 'name': 'St. Catherine St'}, 'city': 'Flatrock', 'state': 'N...</msg>
<var>${json_data}</var>
<arg>${response.json()}</arg>
<doc>Returns the given values which can then be assigned to a variables.</doc>
<status status="PASS" start="2024-07-23T16:21:28.936412" elapsed="0.000456"/>
</kw>
<kw name="Dictionary Should Contain Key" owner="Collections">
<arg>${json_data}</arg>
<arg>results</arg>
<doc>Fails if ``key`` is not found from ``dictionary``.</doc>
<status status="PASS" start="2024-07-23T16:21:28.937170" elapsed="0.000293"/>
</kw>
<status status="PASS" start="2024-07-23T16:21:28.728685" elapsed="0.208928"/>
</kw>
<doc>Testa se a API responde corretamente e retorna um objeto JSON válido.</doc>
<tag>testeRequisicaoBasica</tag>
<status status="PASS" start="2024-07-23T16:21:28.728246" elapsed="0.209531"/>
</test>
<test id="s1-s1-t3" name="Validar estrutura de resposta" line="22">
<kw name="Teste de Estrutura de Resposta" owner="random-user-service">
<kw name="GET On Session" owner="RequestsLibrary">
<msg time="2024-07-23T16:21:29.021032" level="INFO">GET Request : url=https://randomuser.me/api 
 path_url=/api 
 headers={'User-Agent': 'python-requests/2.32.3', 'Accept-Encoding': 'gzip, deflate', 'Accept': '*/*', 'Connection': 'keep-alive'} 
 body=None 
 </msg>
<msg time="2024-07-23T16:21:29.021096" level="INFO">GET Response : url=https://randomuser.me/api 
 status=200, reason=OK 
 headers={'Date': 'Tue, 23 Jul 2024 16:21:29 GMT', 'Content-Type': 'application/json; charset=utf-8', 'Transfer-Encoding': 'chunked', 'Connection': 'keep-alive', 'X-Powered-By': 'Express', 'Access-Control-Allow-Origin': '*', 'Cache-Control': 'no-cache', 'ETag': 'W/"49d-kHv6lX3gaN/Zsv7VS8Ap4brutP4"', 'Vary': 'Accept-Encoding', 'Content-Encoding': 'gzip', 'CF-Cache-Status': 'DYNAMIC', 'Report-To': '{"endpoints":[{"url":"https:\\/\\/a.nel.cloudflare.com\\/report\\/v4?s=cOPuPMTYNDOeshn%2BGSsmywFPXovjarner0gK6DqKXtEf%2BjVz7KrVINv7jg1OPo%2FKPmQ7narxexqSJXwwi3dXyC5%2FANj0ou2kJch%2FxwvH1iG%2Ba7W0KIH9eqHZjjPqS39W"}],"group":"cf-nel","max_age":604800}', 'NEL': '{"success_fraction":0,"report_to":"cf-nel","max_age":604800}', 'Server': 'cloudflare', 'CF-RAY': '8a7d00f7eda49c64-IAD', 'alt-svc': 'h3=":443"; ma=86400'} 
 body={"results":[{"gender":"male","name":{"title":"Mr","first":"Noame","last":"Rodrigues"},"location":{"street":{"number":2511,"name":"Rua Rio de Janeiro "},"city":"Magé","state":"Mato Grosso","country":"Brazil","postcode":84657,"coordinates":{"latitude":"-73.5425","longitude":"-61.2627"},"timezone":{"offset":"+10:00","description":"Eastern Australia, Guam, Vladivostok"}},"email":"noame.rodrigues@example.com","login":{"uuid":"bef4985d-165e-4d30-9ddf-a3198fffe4a7","username":"tinywolf702","password":"stella","salt":"gxw6Zobf","md5":"3271c59bc8ae3cbb2fd94d97fdaf207b","sha1":"b38b5b61d3e23e55b6205a84ce8aca6bde13336c","sha256":"31f7a802f98f146714c92d21b2e8210634256359af3c65ee529a4b22a69e7a93"},"dob":{"date":"1958-06-07T03:19:07.508Z","age":66},"registered":{"date":"2003-07-25T17:33:44.623Z","age":20},"phone":"(59) 9993-6453","cell":"(35) 4884-5881","id":{"name":"CPF","value":"805.842.591-56"},"picture":{"large":"https://randomuser.me/api/portraits/men/56.jpg","medium":"https://randomuser.me/api/portraits/med/men/56.jpg","thumbnail":"https://randomuser.me/api/portraits/thumb/men/56.jpg"},"nat":"BR"}],"info":{"seed":"db78e41e85a9ab30","results":1,"page":1,"version":"1.4"}} 
 </msg>
<msg time="2024-07-23T16:21:29.021192" level="INFO">/opt/hostedtoolcache/Python/3.12.4/x64/lib/python3.12/site-packages/urllib3/connectionpool.py:1099: InsecureRequestWarning: Unverified HTTPS request is being made to host 'randomuser.me'. Adding certificate verification is strongly advised. See: https://urllib3.readthedocs.io/en/latest/advanced-usage.html#tls-warnings
  warnings.warn(</msg>
<msg time="2024-07-23T16:21:29.021304" level="INFO">${response} = &lt;Response [200]&gt;</msg>
<var>${response}</var>
<arg>consultarAPI</arg>
<arg>/api</arg>
<doc>Sends a GET request on a previously created HTTP Session.</doc>
<status status="PASS" start="2024-07-23T16:21:28.940341" elapsed="0.081007"/>
</kw>
<kw name="Set Variable" owner="BuiltIn">
<msg time="2024-07-23T16:21:29.022158" level="INFO">${json_data} = {'results': [{'gender': 'male', 'name': {'title': 'Mr', 'first': 'Noame', 'last': 'Rodrigues'}, 'location': {'street': {'number': 2511, 'name': 'Rua Rio de Janeiro '}, 'city': 'Magé', 'state': 'Mato G...</msg>
<var>${json_data}</var>
<arg>${response.json()}</arg>
<doc>Returns the given values which can then be assigned to a variables.</doc>
<status status="PASS" start="2024-07-23T16:21:29.021708" elapsed="0.000480"/>
</kw>
<kw name="Log" owner="BuiltIn">
<msg time="2024-07-23T16:21:29.022662" level="INFO">{'results': [{'gender': 'male', 'name': {'title': 'Mr', 'first': 'Noame', 'last': 'Rodrigues'}, 'location': {'street': {'number': 2511, 'name': 'Rua Rio de Janeiro '}, 'city': 'Magé', 'state': 'Mato Grosso', 'country': 'Brazil', 'postcode': 84657, 'coordinates': {'latitude': '-73.5425', 'longitude': '-61.2627'}, 'timezone': {'offset': '+10:00', 'description': 'Eastern Australia, Guam, Vladivostok'}}, 'email': 'noame.rodrigues@example.com', 'login': {'uuid': 'bef4985d-165e-4d30-9ddf-a3198fffe4a7', 'username': 'tinywolf702', 'password': 'stella', 'salt': 'gxw6Zobf', 'md5': '3271c59bc8ae3cbb2fd94d97fdaf207b', 'sha1': 'b38b5b61d3e23e55b6205a84ce8aca6bde13336c', 'sha256': '31f7a802f98f146714c92d21b2e8210634256359af3c65ee529a4b22a69e7a93'}, 'dob': {'date': '1958-06-07T03:19:07.508Z', 'age': 66}, 'registered': {'date': '2003-07-25T17:33:44.623Z', 'age': 20}, 'phone': '(59) 9993-6453', 'cell': '(35) 4884-5881', 'id': {'name': 'CPF', 'value': '805.842.591-56'}, 'picture': {'large': 'https://randomuser.me/api/portraits/men/56.jpg', 'medium': 'https://randomuser.me/api/portraits/med/men/56.jpg', 'thumbnail': 'https://randomuser.me/api/portraits/thumb/men/56.jpg'}, 'nat': 'BR'}], 'info': {'seed': 'db78e41e85a9ab30', 'results': 1, 'page': 1, 'version': '1.4'}}</msg>
<arg>${json_data}</arg>
<doc>Logs the given message with the given level.</doc>
<status status="PASS" start="2024-07-23T16:21:29.022499" elapsed="0.000213"/>
</kw>
<kw name="Dictionary Should Contain Key" owner="Collections">
<arg>${json_data}</arg>
<arg>results</arg>
<doc>Fails if ``key`` is not found from ``dictionary``.</doc>
<status status="PASS" start="2024-07-23T16:21:29.023003" elapsed="0.000195"/>
</kw>
<kw name="Should Not Be Empty" owner="BuiltIn">
<msg time="2024-07-23T16:21:29.023526" level="INFO">Length is 2.</msg>
<arg>${json_data}</arg>
<doc>Verifies that the given item is not empty.</doc>
<status status="PASS" start="2024-07-23T16:21:29.023393" elapsed="0.000171"/>
</kw>
<kw name="Create List" owner="BuiltIn">
<msg time="2024-07-23T16:21:29.024007" level="INFO">${expected_keys} = ['gender', 'name', 'location', 'email', 'login']</msg>
<var>${expected_keys}</var>
<arg>gender</arg>
<arg>name</arg>
<arg>location</arg>
<arg>email</arg>
<arg>login</arg>
<doc>Returns a list containing given items.</doc>
<status status="PASS" start="2024-07-23T16:21:29.023854" elapsed="0.000177"/>
</kw>
<for flavor="IN">
<iter>
<kw name="Dictionary Should Contain Key" owner="Collections">
<arg>${json_data['results'][0]}</arg>
<arg>${key}</arg>
<doc>Fails if ``key`` is not found from ``dictionary``.</doc>
<status status="PASS" start="2024-07-23T16:21:29.024584" elapsed="0.000406"/>
</kw>
<kw name="Log" owner="BuiltIn">
<msg time="2024-07-23T16:21:29.025528" level="INFO">{'gender': 'male', 'name': {'title': 'Mr', 'first': 'Noame', 'last': 'Rodrigues'}, 'location': {'street': {'number': 2511, 'name': 'Rua Rio de Janeiro '}, 'city': 'Magé', 'state': 'Mato Grosso', 'country': 'Brazil', 'postcode': 84657, 'coordinates': {'latitude': '-73.5425', 'longitude': '-61.2627'}, 'timezone': {'offset': '+10:00', 'description': 'Eastern Australia, Guam, Vladivostok'}}, 'email': 'noame.rodrigues@example.com', 'login': {'uuid': 'bef4985d-165e-4d30-9ddf-a3198fffe4a7', 'username': 'tinywolf702', 'password': 'stella', 'salt': 'gxw6Zobf', 'md5': '3271c59bc8ae3cbb2fd94d97fdaf207b', 'sha1': 'b38b5b61d3e23e55b6205a84ce8aca6bde13336c', 'sha256': '31f7a802f98f146714c92d21b2e8210634256359af3c65ee529a4b22a69e7a93'}, 'dob': {'date': '1958-06-07T03:19:07.508Z', 'age': 66}, 'registered': {'date': '2003-07-25T17:33:44.623Z', 'age': 20}, 'phone': '(59) 9993-6453', 'cell': '(35) 4884-5881', 'id': {'name': 'CPF', 'value': '805.842.591-56'}, 'picture': {'large': 'https://randomuser.me/api/portraits/men/56.jpg', 'medium': 'https://randomuser.me/api/portraits/med/men/56.jpg', 'thumbnail': 'https://randomuser.me/api/portraits/thumb/men/56.jpg'}, 'nat': 'BR'}</msg>
<arg>${json_data['results'][0]}</arg>
<doc>Logs the given message with the given level.</doc>
<status status="PASS" start="2024-07-23T16:21:29.025173" elapsed="0.000406"/>
</kw>
<kw name="Log" owner="BuiltIn">
<msg time="2024-07-23T16:21:29.026007" level="INFO">gender</msg>
<arg>${key}</arg>
<doc>Logs the given message with the given level.</doc>
<status status="PASS" start="2024-07-23T16:21:29.025881" elapsed="0.000164"/>
</kw>
<var name="${key}">gender</var>
<status status="PASS" start="2024-07-23T16:21:29.024460" elapsed="0.001799"/>
</iter>
<iter>
<kw name="Dictionary Should Contain Key" owner="Collections">
<arg>${json_data['results'][0]}</arg>
<arg>${key}</arg>
<doc>Fails if ``key`` is not found from ``dictionary``.</doc>
<status status="PASS" start="2024-07-23T16:21:29.026559" elapsed="0.000387"/>
</kw>
<kw name="Log" owner="BuiltIn">
<msg time="2024-07-23T16:21:29.027552" level="INFO">{'gender': 'male', 'name': {'title': 'Mr', 'first': 'Noame', 'last': 'Rodrigues'}, 'location': {'street': {'number': 2511, 'name': 'Rua Rio de Janeiro '}, 'city': 'Magé', 'state': 'Mato Grosso', 'country': 'Brazil', 'postcode': 84657, 'coordinates': {'latitude': '-73.5425', 'longitude': '-61.2627'}, 'timezone': {'offset': '+10:00', 'description': 'Eastern Australia, Guam, Vladivostok'}}, 'email': 'noame.rodrigues@example.com', 'login': {'uuid': 'bef4985d-165e-4d30-9ddf-a3198fffe4a7', 'username': 'tinywolf702', 'password': 'stella', 'salt': 'gxw6Zobf', 'md5': '3271c59bc8ae3cbb2fd94d97fdaf207b', 'sha1': 'b38b5b61d3e23e55b6205a84ce8aca6bde13336c', 'sha256': '31f7a802f98f146714c92d21b2e8210634256359af3c65ee529a4b22a69e7a93'}, 'dob': {'date': '1958-06-07T03:19:07.508Z', 'age': 66}, 'registered': {'date': '2003-07-25T17:33:44.623Z', 'age': 20}, 'phone': '(59) 9993-6453', 'cell': '(35) 4884-5881', 'id': {'name': 'CPF', 'value': '805.842.591-56'}, 'picture': {'large': 'https://randomuser.me/api/portraits/men/56.jpg', 'medium': 'https://randomuser.me/api/portraits/med/men/56.jpg', 'thumbnail': 'https://randomuser.me/api/portraits/thumb/men/56.jpg'}, 'nat': 'BR'}</msg>
<arg>${json_data['results'][0]}</arg>
<doc>Logs the given message with the given level.</doc>
<status status="PASS" start="2024-07-23T16:21:29.027128" elapsed="0.000475"/>
</kw>
<kw name="Log" owner="BuiltIn">
<msg time="2024-07-23T16:21:29.028021" level="INFO">name</msg>
<arg>${key}</arg>
<doc>Logs the given message with the given level.</doc>
<status status="PASS" start="2024-07-23T16:21:29.027895" elapsed="0.000163"/>
</kw>
<var name="${key}">name</var>
<status status="PASS" start="2024-07-23T16:21:29.026447" elapsed="0.001823"/>
</iter>
<iter>
<kw name="Dictionary Should Contain Key" owner="Collections">
<arg>${json_data['results'][0]}</arg>
<arg>${key}</arg>
<doc>Fails if ``key`` is not found from ``dictionary``.</doc>
<status status="PASS" start="2024-07-23T16:21:29.028551" elapsed="0.000380"/>
</kw>
<kw name="Log" owner="BuiltIn">
<msg time="2024-07-23T16:21:29.029464" level="INFO">{'gender': 'male', 'name': {'title': 'Mr', 'first': 'Noame', 'last': 'Rodrigues'}, 'location': {'street': {'number': 2511, 'name': 'Rua Rio de Janeiro '}, 'city': 'Magé', 'state': 'Mato Grosso', 'country': 'Brazil', 'postcode': 84657, 'coordinates': {'latitude': '-73.5425', 'longitude': '-61.2627'}, 'timezone': {'offset': '+10:00', 'description': 'Eastern Australia, Guam, Vladivostok'}}, 'email': 'noame.rodrigues@example.com', 'login': {'uuid': 'bef4985d-165e-4d30-9ddf-a3198fffe4a7', 'username': 'tinywolf702', 'password': 'stella', 'salt': 'gxw6Zobf', 'md5': '3271c59bc8ae3cbb2fd94d97fdaf207b', 'sha1': 'b38b5b61d3e23e55b6205a84ce8aca6bde13336c', 'sha256': '31f7a802f98f146714c92d21b2e8210634256359af3c65ee529a4b22a69e7a93'}, 'dob': {'date': '1958-06-07T03:19:07.508Z', 'age': 66}, 'registered': {'date': '2003-07-25T17:33:44.623Z', 'age': 20}, 'phone': '(59) 9993-6453', 'cell': '(35) 4884-5881', 'id': {'name': 'CPF', 'value': '805.842.591-56'}, 'picture': {'large': 'https://randomuser.me/api/portraits/men/56.jpg', 'medium': 'https://randomuser.me/api/portraits/med/men/56.jpg', 'thumbnail': 'https://randomuser.me/api/portraits/thumb/men/56.jpg'}, 'nat': 'BR'}</msg>
<arg>${json_data['results'][0]}</arg>
<doc>Logs the given message with the given level.</doc>
<status status="PASS" start="2024-07-23T16:21:29.029116" elapsed="0.000398"/>
</kw>
<kw name="Log" owner="BuiltIn">
<msg time="2024-07-23T16:21:29.029935" level="INFO">location</msg>
<arg>${key}</arg>
<doc>Logs the given message with the given level.</doc>
<status status="PASS" start="2024-07-23T16:21:29.029809" elapsed="0.000164"/>
</kw>
<var name="${key}">location</var>
<status status="PASS" start="2024-07-23T16:21:29.028444" elapsed="0.001741"/>
</iter>
<iter>
<kw name="Dictionary Should Contain Key" owner="Collections">
<arg>${json_data['results'][0]}</arg>
<arg>${key}</arg>
<doc>Fails if ``key`` is not found from ``dictionary``.</doc>
<status status="PASS" start="2024-07-23T16:21:29.030471" elapsed="0.000393"/>
</kw>
<kw name="Log" owner="BuiltIn">
<msg time="2024-07-23T16:21:29.031561" level="INFO">{'gender': 'male', 'name': {'title': 'Mr', 'first': 'Noame', 'last': 'Rodrigues'}, 'location': {'street': {'number': 2511, 'name': 'Rua Rio de Janeiro '}, 'city': 'Magé', 'state': 'Mato Grosso', 'country': 'Brazil', 'postcode': 84657, 'coordinates': {'latitude': '-73.5425', 'longitude': '-61.2627'}, 'timezone': {'offset': '+10:00', 'description': 'Eastern Australia, Guam, Vladivostok'}}, 'email': 'noame.rodrigues@example.com', 'login': {'uuid': 'bef4985d-165e-4d30-9ddf-a3198fffe4a7', 'username': 'tinywolf702', 'password': 'stella', 'salt': 'gxw6Zobf', 'md5': '3271c59bc8ae3cbb2fd94d97fdaf207b', 'sha1': 'b38b5b61d3e23e55b6205a84ce8aca6bde13336c', 'sha256': '31f7a802f98f146714c92d21b2e8210634256359af3c65ee529a4b22a69e7a93'}, 'dob': {'date': '1958-06-07T03:19:07.508Z', 'age': 66}, 'registered': {'date': '2003-07-25T17:33:44.623Z', 'age': 20}, 'phone': '(59) 9993-6453', 'cell': '(35) 4884-5881', 'id': {'name': 'CPF', 'value': '805.842.591-56'}, 'picture': {'large': 'https://randomuser.me/api/portraits/men/56.jpg', 'medium': 'https://randomuser.me/api/portraits/med/men/56.jpg', 'thumbnail': 'https://randomuser.me/api/portraits/thumb/men/56.jpg'}, 'nat': 'BR'}</msg>
<arg>${json_data['results'][0]}</arg>
<doc>Logs the given message with the given level.</doc>
<status status="PASS" start="2024-07-23T16:21:29.031185" elapsed="0.000436"/>
</kw>
<kw name="Log" owner="BuiltIn">
<msg time="2024-07-23T16:21:29.032045" level="INFO">email</msg>
<arg>${key}</arg>
<doc>Logs the given message with the given level.</doc>
<status status="PASS" start="2024-07-23T16:21:29.031917" elapsed="0.000167"/>
</kw>
<var name="${key}">email</var>
<status status="PASS" start="2024-07-23T16:21:29.030355" elapsed="0.001942"/>
</iter>
<iter>
<kw name="Dictionary Should Contain Key" owner="Collections">
<arg>${json_data['results'][0]}</arg>
<arg>${key}</arg>
<doc>Fails if ``key`` is not found from ``dictionary``.</doc>
<status status="PASS" start="2024-07-23T16:21:29.032578" elapsed="0.000378"/>
</kw>
<kw name="Log" owner="BuiltIn">
<msg time="2024-07-23T16:21:29.033484" level="INFO">{'gender': 'male', 'name': {'title': 'Mr', 'first': 'Noame', 'last': 'Rodrigues'}, 'location': {'street': {'number': 2511, 'name': 'Rua Rio de Janeiro '}, 'city': 'Magé', 'state': 'Mato Grosso', 'country': 'Brazil', 'postcode': 84657, 'coordinates': {'latitude': '-73.5425', 'longitude': '-61.2627'}, 'timezone': {'offset': '+10:00', 'description': 'Eastern Australia, Guam, Vladivostok'}}, 'email': 'noame.rodrigues@example.com', 'login': {'uuid': 'bef4985d-165e-4d30-9ddf-a3198fffe4a7', 'username': 'tinywolf702', 'password': 'stella', 'salt': 'gxw6Zobf', 'md5': '3271c59bc8ae3cbb2fd94d97fdaf207b', 'sha1': 'b38b5b61d3e23e55b6205a84ce8aca6bde13336c', 'sha256': '31f7a802f98f146714c92d21b2e8210634256359af3c65ee529a4b22a69e7a93'}, 'dob': {'date': '1958-06-07T03:19:07.508Z', 'age': 66}, 'registered': {'date': '2003-07-25T17:33:44.623Z', 'age': 20}, 'phone': '(59) 9993-6453', 'cell': '(35) 4884-5881', 'id': {'name': 'CPF', 'value': '805.842.591-56'}, 'picture': {'large': 'https://randomuser.me/api/portraits/men/56.jpg', 'medium': 'https://randomuser.me/api/portraits/med/men/56.jpg', 'thumbnail': 'https://randomuser.me/api/portraits/thumb/men/56.jpg'}, 'nat': 'BR'}</msg>
<arg>${json_data['results'][0]}</arg>
<doc>Logs the given message with the given level.</doc>
<status status="PASS" start="2024-07-23T16:21:29.033137" elapsed="0.000396"/>
</kw>
<kw name="Log" owner="BuiltIn">
<msg time="2024-07-23T16:21:29.033948" level="INFO">login</msg>
<arg>${key}</arg>
<doc>Logs the given message with the given level.</doc>
<status status="PASS" start="2024-07-23T16:21:29.033822" elapsed="0.000163"/>
</kw>
<var name="${key}">login</var>
<status status="PASS" start="2024-07-23T16:21:29.032469" elapsed="0.001731"/>
</iter>
<var>${key}</var>
<value>@{expected_keys}</value>
<status status="PASS" start="2024-07-23T16:21:29.024283" elapsed="0.010036"/>
</for>
<kw name="Create List" owner="BuiltIn">
<msg time="2024-07-23T16:21:29.034672" level="INFO">${expected_keysTwo} = ['username', 'password']</msg>
<var>${expected_keysTwo}</var>
<arg>username</arg>
<arg>password</arg>
<doc>Returns a list containing given items.</doc>
<status status="PASS" start="2024-07-23T16:21:29.034535" elapsed="0.000162"/>
</kw>
<for flavor="IN">
<iter>
<kw name="Dictionary Should Contain Key" owner="Collections">
<arg>${json_data['results'][0]['login']}</arg>
<arg>${keyTwo}</arg>
<doc>Fails if ``key`` is not found from ``dictionary``.</doc>
<status status="PASS" start="2024-07-23T16:21:29.035208" elapsed="0.000390"/>
</kw>
<kw name="Dictionary Should Contain Key" owner="Collections">
<arg>${json_data['results'][0]['login']}</arg>
<arg>${keyTwo}</arg>
<doc>Fails if ``key`` is not found from ``dictionary``.</doc>
<status status="PASS" start="2024-07-23T16:21:29.035784" elapsed="0.000373"/>
</kw>
<kw name="Log" owner="BuiltIn">
<msg time="2024-07-23T16:21:29.036449" level="INFO">username</msg>
<arg>${keyTwo}</arg>
<doc>Logs the given message with the given level.</doc>
<status status="PASS" start="2024-07-23T16:21:29.036331" elapsed="0.000156"/>
</kw>
<var name="${keyTwo}">username</var>
<status status="PASS" start="2024-07-23T16:21:29.035080" elapsed="0.001625"/>
</iter>
<iter>
<kw name="Dictionary Should Contain Key" owner="Collections">
<arg>${json_data['results'][0]['login']}</arg>
<arg>${keyTwo}</arg>
<doc>Fails if ``key`` is not found from ``dictionary``.</doc>
<status status="PASS" start="2024-07-23T16:21:29.036988" elapsed="0.000377"/>
</kw>
<kw name="Dictionary Should Contain Key" owner="Collections">
<arg>${json_data['results'][0]['login']}</arg>
<arg>${keyTwo}</arg>
<doc>Fails if ``key`` is not found from ``dictionary``.</doc>
<status status="PASS" start="2024-07-23T16:21:29.037542" elapsed="0.000365"/>
</kw>
<kw name="Log" owner="BuiltIn">
<msg time="2024-07-23T16:21:29.038203" level="INFO">password</msg>
<arg>${keyTwo}</arg>
<doc>Logs the given message with the given level.</doc>
<status status="PASS" start="2024-07-23T16:21:29.038080" elapsed="0.000160"/>
</kw>
<var name="${keyTwo}">password</var>
<status status="PASS" start="2024-07-23T16:21:29.036876" elapsed="0.001580"/>
</iter>
<var>${keyTwo}</var>
<value>@{expected_keysTwo}</value>
<status status="PASS" start="2024-07-23T16:21:29.034931" elapsed="0.003644"/>
</for>
<status status="PASS" start="2024-07-23T16:21:28.940112" elapsed="0.098599"/>
</kw>
<doc>Testa a estrutura da resposta da API.</doc>
<tag>testeEstruturaResposta</tag>
<status status="PASS" start="2024-07-23T16:21:28.939652" elapsed="0.099203"/>
</test>
<test id="s1-s1-t4" name="Validar tipos de dados" line="28">
<kw name="Teste de Tipos de Dados" owner="random-user-service">
<kw name="GET On Session" owner="RequestsLibrary">
<msg time="2024-07-23T16:21:29.117415" level="INFO">GET Request : url=https://randomuser.me/api 
 path_url=/api 
 headers={'User-Agent': 'python-requests/2.32.3', 'Accept-Encoding': 'gzip, deflate', 'Accept': '*/*', 'Connection': 'keep-alive'} 
 body=None 
 </msg>
<msg time="2024-07-23T16:21:29.117476" level="INFO">GET Response : url=https://randomuser.me/api 
 status=200, reason=OK 
 headers={'Date': 'Tue, 23 Jul 2024 16:21:29 GMT', 'Content-Type': 'application/json; charset=utf-8', 'Transfer-Encoding': 'chunked', 'Connection': 'keep-alive', 'X-Powered-By': 'Express', 'Access-Control-Allow-Origin': '*', 'Cache-Control': 'no-cache', 'ETag': 'W/"46e-t9K8+FQB4ihJOIZCXrO6kHCsYjA"', 'Vary': 'Accept-Encoding', 'Content-Encoding': 'gzip', 'CF-Cache-Status': 'DYNAMIC', 'Report-To': '{"endpoints":[{"url":"https:\\/\\/a.nel.cloudflare.com\\/report\\/v4?s=NqEmMXBBPPb2caIKqQrndDnH63tJFB7I2nYEd2xUUay1UMH2KfNndIs7dljzIb%2BSU4%2BhtNIzG%2FhbkJ9yuQSID0LVcqpEfUUm2DB85LWNROk5aUdOtTGqGXC6bKhWIf8S"}],"group":"cf-nel","max_age":604800}', 'NEL': '{"success_fraction":0,"report_to":"cf-nel","max_age":604800}', 'Server': 'cloudflare', 'CF-RAY': '8a7d00f88e799c64-IAD', 'alt-svc': 'h3=":443"; ma=86400'} 
 body={"results":[{"gender":"female","name":{"title":"Ms","first":"Emma","last":"Harris"},"location":{"street":{"number":6025,"name":"Main Street"},"city":"Listowel","state":"Tipperary","country":"Ireland","postcode":74576,"coordinates":{"latitude":"-3.4926","longitude":"126.8890"},"timezone":{"offset":"+3:30","description":"Tehran"}},"email":"emma.harris@example.com","login":{"uuid":"55d9968d-beb0-469a-877c-10e1ea599bc0","username":"silvercat105","password":"hookup","salt":"5ScBKNHD","md5":"75631534665261818031624d915ee259","sha1":"21355f5760f710dc194b3091231c6942cf2acd48","sha256":"d4a86227b23e03f0e8f336d8b8a117e0dab8a964560f032946bcab936b6c6113"},"dob":{"date":"1996-10-04T21:47:10.912Z","age":27},"registered":{"date":"2003-11-17T22:36:28.268Z","age":20},"phone":"051-366-7708","cell":"081-481-5799","id":{"name":"PPS","value":"0466031T"},"picture":{"large":"https://randomuser.me/api/portraits/women/90.jpg","medium":"https://randomuser.me/api/portraits/med/women/90.jpg","thumbnail":"https://randomuser.me/api/portraits/thumb/women/90.jpg"},"nat":"IE"}],"info":{"seed":"45618252bcd99c16","results":1,"page":1,"version":"1.4"}} 
 </msg>
<msg time="2024-07-23T16:21:29.117532" level="INFO">/opt/hostedtoolcache/Python/3.12.4/x64/lib/python3.12/site-packages/urllib3/connectionpool.py:1099: InsecureRequestWarning: Unverified HTTPS request is being made to host 'randomuser.me'. Adding certificate verification is strongly advised. See: https://urllib3.readthedocs.io/en/latest/advanced-usage.html#tls-warnings
  warnings.warn(</msg>
<msg time="2024-07-23T16:21:29.117634" level="INFO">${response} = &lt;Response [200]&gt;</msg>
<var>${response}</var>
<arg>consultarAPI</arg>
<arg>/api</arg>
<doc>Sends a GET request on a previously created HTTP Session.</doc>
<status status="PASS" start="2024-07-23T16:21:29.041284" elapsed="0.076389"/>
</kw>
<kw name="Set Variable" owner="BuiltIn">
<msg time="2024-07-23T16:21:29.118458" level="INFO">${json_data} = {'results': [{'gender': 'female', 'name': {'title': 'Ms', 'first': 'Emma', 'last': 'Harris'}, 'location': {'street': {'number': 6025, 'name': 'Main Street'}, 'city': 'Listowel', 'state': 'Tipperary', ...</msg>
<var>${json_data}</var>
<arg>${response.json()}</arg>
<doc>Returns the given values which can then be assigned to a variables.</doc>
<status status="PASS" start="2024-07-23T16:21:29.118007" elapsed="0.000480"/>
</kw>
<kw name="Log" owner="BuiltIn">
<msg time="2024-07-23T16:21:29.118936" level="INFO">{'results': [{'gender': 'female', 'name': {'title': 'Ms', 'first': 'Emma', 'last': 'Harris'}, 'location': {'street': {'number': 6025, 'name': 'Main Street'}, 'city': 'Listowel', 'state': 'Tipperary', 'country': 'Ireland', 'postcode': 74576, 'coordinates': {'latitude': '-3.4926', 'longitude': '126.8890'}, 'timezone': {'offset': '+3:30', 'description': 'Tehran'}}, 'email': 'emma.harris@example.com', 'login': {'uuid': '55d9968d-beb0-469a-877c-10e1ea599bc0', 'username': 'silvercat105', 'password': 'hookup', 'salt': '5ScBKNHD', 'md5': '75631534665261818031624d915ee259', 'sha1': '21355f5760f710dc194b3091231c6942cf2acd48', 'sha256': 'd4a86227b23e03f0e8f336d8b8a117e0dab8a964560f032946bcab936b6c6113'}, 'dob': {'date': '1996-10-04T21:47:10.912Z', 'age': 27}, 'registered': {'date': '2003-11-17T22:36:28.268Z', 'age': 20}, 'phone': '051-366-7708', 'cell': '081-481-5799', 'id': {'name': 'PPS', 'value': '0466031T'}, 'picture': {'large': 'https://randomuser.me/api/portraits/women/90.jpg', 'medium': 'https://randomuser.me/api/portraits/med/women/90.jpg', 'thumbnail': 'https://randomuser.me/api/portraits/thumb/women/90.jpg'}, 'nat': 'IE'}], 'info': {'seed': '45618252bcd99c16', 'results': 1, 'page': 1, 'version': '1.4'}}</msg>
<arg>${json_data}</arg>
<doc>Logs the given message with the given level.</doc>
<status status="PASS" start="2024-07-23T16:21:29.118788" elapsed="0.000194"/>
</kw>
<kw name="Should Be String" owner="String">
<arg>${json_data['results'][0]['gender']}</arg>
<doc>Fails if the given ``item`` is not a string.</doc>
<status status="PASS" start="2024-07-23T16:21:29.119301" elapsed="0.000366"/>
</kw>
<kw name="Should Match Regexp" owner="BuiltIn">
<arg>${json_data['results'][0]['email']}</arg>
<arg>^[a-zA-Z0-9._%+-]+@[a-zA-Z0-9.-]+\.[a-zA-Z]{2,}$</arg>
<doc>Fails if ``string`` does not match ``pattern`` as a regular expression.</doc>
<status status="PASS" start="2024-07-23T16:21:29.119855" elapsed="0.000497"/>
</kw>
<kw name="Should Match Regexp" owner="BuiltIn">
<arg>${json_data['results'][0]['dob']['date']}</arg>
<arg>\\d{4}-\\d{2}-\\d{2}T\\d{2}:\\d{2}:\\d{2}\\.\\d{3}Z</arg>
<doc>Fails if ``string`` does not match ``pattern`` as a regular expression.</doc>
<status status="PASS" start="2024-07-23T16:21:29.120576" elapsed="0.000613"/>
</kw>
<kw name="Should Match Regexp" owner="BuiltIn">
<arg>${json_data['results'][0]['registered']['date']}</arg>
<arg>\\d{4}-\\d{2}-\\d{2}T\\d{2}:\\d{2}:\\d{2}\\.\\d{3}Z</arg>
<doc>Fails if ``string`` does not match ``pattern`` as a regular expression.</doc>
<status status="PASS" start="2024-07-23T16:21:29.121388" elapsed="0.000374"/>
</kw>
<kw name="Should Match Regexp" owner="BuiltIn">
<arg>${json_data['results'][0]['picture']['large']}</arg>
<arg>^https?://.*\.(?:png|jpe?g|gif|bmp)$</arg>
<doc>Fails if ``string`` does not match ``pattern`` as a regular expression.</doc>
<status status="PASS" start="2024-07-23T16:21:29.121948" elapsed="0.000457"/>
</kw>
<kw name="Should Match Regexp" owner="BuiltIn">
<arg>${json_data['results'][0]['picture']['medium']}</arg>
<arg>^https?://.*\.(?:png|jpe?g|gif|bmp)$</arg>
<doc>Fails if ``string`` does not match ``pattern`` as a regular expression.</doc>
<status status="PASS" start="2024-07-23T16:21:29.122593" elapsed="0.000350"/>
</kw>
<kw name="Should Match Regexp" owner="BuiltIn">
<arg>${json_data['results'][0]['picture']['thumbnail']}</arg>
<arg>^https?://.*\.(?:png|jpe?g|gif|bmp)$</arg>
<doc>Fails if ``string`` does not match ``pattern`` as a regular expression.</doc>
<status status="PASS" start="2024-07-23T16:21:29.123125" elapsed="0.000394"/>
</kw>
<kw name="Log" owner="BuiltIn">
<msg time="2024-07-23T16:21:29.124023" level="INFO">{'large': 'https://randomuser.me/api/portraits/women/90.jpg', 'medium': 'https://randomuser.me/api/portraits/med/women/90.jpg', 'thumbnail': 'https://randomuser.me/api/portraits/thumb/women/90.jpg'}</msg>
<arg>${json_data['results'][0]['picture']}</arg>
<doc>Logs the given message with the given level.</doc>
<status status="PASS" start="2024-07-23T16:21:29.123701" elapsed="0.000365"/>
</kw>
<status status="PASS" start="2024-07-23T16:21:29.041071" elapsed="0.083245"/>
</kw>
<kw name="Teste de Tipos de Dados - Postcode" owner="random-user-service">
<kw name="GET On Session" owner="RequestsLibrary">
<msg time="2024-07-23T16:21:29.292505" level="INFO">GET Request : url=https://randomuser.me/api 
 path_url=/api 
 headers={'User-Agent': 'python-requests/2.32.3', 'Accept-Encoding': 'gzip, deflate', 'Accept': '*/*', 'Connection': 'keep-alive'} 
 body=None 
 </msg>
<msg time="2024-07-23T16:21:29.292594" level="INFO">GET Response : url=https://randomuser.me/api 
 status=200, reason=OK 
 headers={'Date': 'Tue, 23 Jul 2024 16:21:29 GMT', 'Content-Type': 'application/json; charset=utf-8', 'Transfer-Encoding': 'chunked', 'Connection': 'keep-alive', 'X-Powered-By': 'Express', 'Access-Control-Allow-Origin': '*', 'Cache-Control': 'no-cache', 'ETag': 'W/"4ab-swoMEu1BEkK/Mqs0IDjefO0+4N0"', 'Vary': 'Accept-Encoding', 'Content-Encoding': 'gzip', 'CF-Cache-Status': 'DYNAMIC', 'Report-To': '{"endpoints":[{"url":"https:\\/\\/a.nel.cloudflare.com\\/report\\/v4?s=D0R06nOs01IOCrKMUOuZZbGf8sH%2BKn6FoamsQhR2HQQ5DhfzSVCi63MqYL1WvpUPJgTjBeq5yEvhFU1p7GiVwqiFs2rDn44iaZlR17eG75tB4NGWSERdvKPOYm5Zm3bX"}],"group":"cf-nel","max_age":604800}', 'NEL': '{"success_fraction":0,"report_to":"cf-nel","max_age":604800}', 'Server': 'cloudflare', 'CF-RAY': '8a7d00f90f029c64-IAD', 'alt-svc': 'h3=":443"; ma=86400'} 
 body={"results":[{"gender":"female","name":{"title":"Madame","first":"Henriette","last":"Mathieu"},"location":{"street":{"number":2993,"name":"Rue de L'Abbé-Soulange-Bodin"},"city":"Gommiswald","state":"Appenzell Ausserrhoden","country":"Switzerland","postcode":2244,"coordinates":{"latitude":"-63.7923","longitude":"33.3709"},"timezone":{"offset":"+4:30","description":"Kabul"}},"email":"henriette.mathieu@example.com","login":{"uuid":"6afa4950-23c5-4f7b-916f-b41f5f26f322","username":"yellowpanda332","password":"gumby","salt":"nXw7BQfh","md5":"0f8ff52e960608b1f5b1534743af28d8","sha1":"620c9940ecac02a3fc8419ff74035f6bbc44cd34","sha256":"10b250173713fd8b6c76be87e88ff73a67276d478e4b2410bdf433d1f093d10e"},"dob":{"date":"1949-06-16T08:11:11.563Z","age":75},"registered":{"date":"2022-05-14T07:18:07.905Z","age":2},"phone":"077 911 10 14","cell":"078 514 83 10","id":{"name":"AVS","value":"756.9613.8192.27"},"picture":{"large":"https://randomuser.me/api/portraits/women/35.jpg","medium":"https://randomuser.me/api/portraits/med/women/35.jpg","thumbnail":"https://randomuser.me/api/portraits/thumb/women/35.jpg"},"nat":"CH"}],"info":{"seed":"a41bb77faf7a02c7","results":1,"page":1,"version":"1.4"}} 
 </msg>
<msg time="2024-07-23T16:21:29.292672" level="INFO">/opt/hostedtoolcache/Python/3.12.4/x64/lib/python3.12/site-packages/urllib3/connectionpool.py:1099: InsecureRequestWarning: Unverified HTTPS request is being made to host 'randomuser.me'. Adding certificate verification is strongly advised. See: https://urllib3.readthedocs.io/en/latest/advanced-usage.html#tls-warnings
  warnings.warn(</msg>
<msg time="2024-07-23T16:21:29.292810" level="INFO">${response} = &lt;Response [200]&gt;</msg>
<var>${response}</var>
<arg>consultarAPI</arg>
<arg>/api</arg>
<doc>Sends a GET request on a previously created HTTP Session.</doc>
<status status="PASS" start="2024-07-23T16:21:29.124745" elapsed="0.168122"/>
</kw>
<kw name="Set Variable" owner="BuiltIn">
<msg time="2024-07-23T16:21:29.293689" level="INFO">${json_data} = {'results': [{'gender': 'female', 'name': {'title': 'Madame', 'first': 'Henriette', 'last': 'Mathieu'}, 'location': {'street': {'number': 2993, 'name': "Rue de L'Abbé-Soulange-Bodin"}, 'city': 'Gommis...</msg>
<var>${json_data}</var>
<arg>${response.json()}</arg>
<doc>Returns the given values which can then be assigned to a variables.</doc>
<status status="PASS" start="2024-07-23T16:21:29.293246" elapsed="0.000473"/>
</kw>
<kw name="Log" owner="BuiltIn">
<msg time="2024-07-23T16:21:29.294188" level="INFO">{'results': [{'gender': 'female', 'name': {'title': 'Madame', 'first': 'Henriette', 'last': 'Mathieu'}, 'location': {'street': {'number': 2993, 'name': "Rue de L'Abbé-Soulange-Bodin"}, 'city': 'Gommiswald', 'state': 'Appenzell Ausserrhoden', 'country': 'Switzerland', 'postcode': 2244, 'coordinates': {'latitude': '-63.7923', 'longitude': '33.3709'}, 'timezone': {'offset': '+4:30', 'description': 'Kabul'}}, 'email': 'henriette.mathieu@example.com', 'login': {'uuid': '6afa4950-23c5-4f7b-916f-b41f5f26f322', 'username': 'yellowpanda332', 'password': 'gumby', 'salt': 'nXw7BQfh', 'md5': '0f8ff52e960608b1f5b1534743af28d8', 'sha1': '620c9940ecac02a3fc8419ff74035f6bbc44cd34', 'sha256': '10b250173713fd8b6c76be87e88ff73a67276d478e4b2410bdf433d1f093d10e'}, 'dob': {'date': '1949-06-16T08:11:11.563Z', 'age': 75}, 'registered': {'date': '2022-05-14T07:18:07.905Z', 'age': 2}, 'phone': '077 911 10 14', 'cell': '078 514 83 10', 'id': {'name': 'AVS', 'value': '756.9613.8192.27'}, 'picture': {'large': 'https://randomuser.me/api/portraits/women/35.jpg', 'medium': 'https://randomuser.me/api/portraits/med/women/35.jpg', 'thumbnail': 'https://randomuser.me/api/portraits/thumb/women/35.jpg'}, 'nat': 'CH'}], 'info': {'seed': 'a41bb77faf7a02c7', 'results': 1, 'page': 1, 'version': '1.4'}}</msg>
<arg>${json_data}</arg>
<doc>Logs the given message with the given level.</doc>
<status status="PASS" start="2024-07-23T16:21:29.294034" elapsed="0.000204"/>
</kw>
<kw name="Should Be Equal As Numbers" owner="BuiltIn">
<arg>${json_data['results'][0]['location']['postcode']}</arg>
<arg>${json_data['results'][0]['location']['postcode']}</arg>
<doc>Fails if objects are unequal after converting them to real numbers.</doc>
<status status="PASS" start="2024-07-23T16:21:29.294525" elapsed="0.000610"/>
</kw>
<kw name="Log" owner="BuiltIn">
<msg time="2024-07-23T16:21:29.295724" level="INFO">2244</msg>
<arg>${json_data['results'][0]['location']['postcode']}</arg>
<doc>Logs the given message with the given level.</doc>
<status status="PASS" start="2024-07-23T16:21:29.295379" elapsed="0.000418"/>
</kw>
<status status="PASS" start="2024-07-23T16:21:29.124520" elapsed="0.171532"/>
</kw>
<doc>Testa se os tipos de dados na resposta da API estão corretos.</doc>
<tag>testeTiposDados</tag>
<status status="PASS" start="2024-07-23T16:21:29.040638" elapsed="0.255574"/>
</test>
<test id="s1-s1-t5" name="Validar conteudo" line="35">
<kw name="Teste de Tipos de Conteudo" owner="random-user-service">
<kw name="GET On Session" owner="RequestsLibrary">
<msg time="2024-07-23T16:21:29.552475" level="INFO">GET Request : url=https://randomuser.me/api 
 path_url=/api 
 headers={'User-Agent': 'python-requests/2.32.3', 'Accept-Encoding': 'gzip, deflate', 'Accept': '*/*', 'Connection': 'keep-alive'} 
 body=None 
 </msg>
<msg time="2024-07-23T16:21:29.552540" level="INFO">GET Response : url=https://randomuser.me/api 
 status=200, reason=OK 
 headers={'Date': 'Tue, 23 Jul 2024 16:21:29 GMT', 'Content-Type': 'application/json; charset=utf-8', 'Transfer-Encoding': 'chunked', 'Connection': 'keep-alive', 'X-Powered-By': 'Express', 'Access-Control-Allow-Origin': '*', 'Cache-Control': 'no-cache', 'ETag': 'W/"477-w+zy7O7Oz6WoBRoYAecSLPK/W1o"', 'Vary': 'Accept-Encoding', 'Content-Encoding': 'gzip', 'CF-Cache-Status': 'DYNAMIC', 'Report-To': '{"endpoints":[{"url":"https:\\/\\/a.nel.cloudflare.com\\/report\\/v4?s=qUFth4ftXRo3urNbMZWBI0mZ46vZ1wrpc6gXrjDnfHQYKVa63i7CDD%2FlOI9r08fD%2F1FiHULlCO9TlnYNDaXvlkOplfSvX0Yh%2BucQXD69l%2BVJO%2BELB7Ts9ADdFVLDFo6A"}],"group":"cf-nel","max_age":604800}', 'NEL': '{"success_fraction":0,"report_to":"cf-nel","max_age":604800}', 'Server': 'cloudflare', 'CF-RAY': '8a7d00fa289a9c64-IAD', 'alt-svc': 'h3=":443"; ma=86400'} 
 body={"results":[{"gender":"female","name":{"title":"Ms","first":"Lene","last":"Østvik"},"location":{"street":{"number":894,"name":"Raschs vei"},"city":"Fuglevik","state":"Finnmark - Finnmárku","country":"Norway","postcode":"0177","coordinates":{"latitude":"44.8417","longitude":"157.0785"},"timezone":{"offset":"-9:00","description":"Alaska"}},"email":"lene.ostvik@example.com","login":{"uuid":"8fa11a33-6b24-46ea-aed2-31fad934aca2","username":"blackelephant172","password":"studman","salt":"RiqA6Ox5","md5":"6bf9c88867f86b4aee1e85ff2ad7120f","sha1":"98344a7ba3916385558b998a2129af27e7717ab5","sha256":"97673235da8d78715b9bfc22e31189bce6d86e9ab1417ee9ac8525b7c6be292c"},"dob":{"date":"1998-05-05T18:19:22.483Z","age":26},"registered":{"date":"2015-12-24T08:39:51.930Z","age":8},"phone":"62267619","cell":"91177068","id":{"name":"FN","value":"05059830025"},"picture":{"large":"https://randomuser.me/api/portraits/women/83.jpg","medium":"https://randomuser.me/api/portraits/med/women/83.jpg","thumbnail":"https://randomuser.me/api/portraits/thumb/women/83.jpg"},"nat":"NO"}],"info":{"seed":"35f2f96f0f843de5","results":1,"page":1,"version":"1.4"}} 
 </msg>
<msg time="2024-07-23T16:21:29.552601" level="INFO">/opt/hostedtoolcache/Python/3.12.4/x64/lib/python3.12/site-packages/urllib3/connectionpool.py:1099: InsecureRequestWarning: Unverified HTTPS request is being made to host 'randomuser.me'. Adding certificate verification is strongly advised. See: https://urllib3.readthedocs.io/en/latest/advanced-usage.html#tls-warnings
  warnings.warn(</msg>
<msg time="2024-07-23T16:21:29.552708" level="INFO">${response} = &lt;Response [200]&gt;</msg>
<var>${response}</var>
<arg>consultarAPI</arg>
<arg>/api</arg>
<doc>Sends a GET request on a previously created HTTP Session.</doc>
<status status="PASS" start="2024-07-23T16:21:29.298660" elapsed="0.254089"/>
</kw>
<kw name="Set Variable" owner="BuiltIn">
<msg time="2024-07-23T16:21:29.553604" level="INFO">${json_data} = {'results': [{'gender': 'female', 'name': {'title': 'Ms', 'first': 'Lene', 'last': 'Østvik'}, 'location': {'street': {'number': 894, 'name': 'Raschs vei'}, 'city': 'Fuglevik', 'state': 'Finnmark - Fin...</msg>
<var>${json_data}</var>
<arg>${response.json()}</arg>
<doc>Returns the given values which can then be assigned to a variables.</doc>
<status status="PASS" start="2024-07-23T16:21:29.553128" elapsed="0.000506"/>
</kw>
<kw name="Set Variable" owner="BuiltIn">
<msg time="2024-07-23T16:21:29.554321" level="INFO">${name_title} = Ms</msg>
<var>${name_title}</var>
<arg>${json_data["results"][0]["name"]["title"]}</arg>
<doc>Returns the given values which can then be assigned to a variables.</doc>
<status status="PASS" start="2024-07-23T16:21:29.553940" elapsed="0.000407"/>
</kw>
<kw name="Create List" owner="BuiltIn">
<msg time="2024-07-23T16:21:29.554814" level="INFO">${allowed_titles} = ['Mr', 'Ms', 'Miss', 'Mrs', 'Madame', 'Monsieur']</msg>
<var>${allowed_titles}</var>
<arg>Mr</arg>
<arg>Ms</arg>
<arg>Miss</arg>
<arg>Mrs</arg>
<arg>Madame</arg>
<arg>Monsieur</arg>
<doc>Returns a list containing given items.</doc>
<status status="PASS" start="2024-07-23T16:21:29.554644" elapsed="0.000196"/>
</kw>
<kw name="List Should Contain Value" owner="Collections">
<arg>${allowed_titles}</arg>
<arg>${name_title}</arg>
<doc>Fails if the ``value`` is not found from ``list``.</doc>
<status status="PASS" start="2024-07-23T16:21:29.555136" elapsed="0.000223"/>
</kw>
<kw name="Set Variable" owner="BuiltIn">
<msg time="2024-07-23T16:21:29.555919" level="INFO">${name_country} = NO</msg>
<var>${name_country}</var>
<arg>${json_data["results"][0]["nat"]}</arg>
<doc>Returns the given values which can then be assigned to a variables.</doc>
<status status="PASS" start="2024-07-23T16:21:29.555540" elapsed="0.000404"/>
</kw>
<kw name="Create List" owner="BuiltIn">
<msg time="2024-07-23T16:21:29.556823" level="INFO">${list_country} = ['AD', 'AE', 'AF', 'AG', 'AI', 'AL', 'AM', 'AO', 'AQ', 'AR', 'AS', 'AT', 'AU', 'AW', 'AX', 'AZ', 'BA', 'BB', 'BD', 'BE', 'BF', 'BG', 'BH', 'BI', 'BJ', 'BL', 'BM', 'BN', 'BO', 'BQ', 'BR', 'BS', 'BT', '...</msg>
<var>${list_country}</var>
<arg>AD</arg>
<arg>AE</arg>
<arg>AF</arg>
<arg>AG</arg>
<arg>AI</arg>
<arg>AL</arg>
<arg>AM</arg>
<arg>AO</arg>
<arg>AQ</arg>
<arg>AR</arg>
<arg>AS</arg>
<arg>AT</arg>
<arg>AU</arg>
<arg>AW</arg>
<arg>AX</arg>
<arg>AZ</arg>
<arg>BA</arg>
<arg>BB</arg>
<arg>BD</arg>
<arg>BE</arg>
<arg>BF</arg>
<arg>BG</arg>
<arg>BH</arg>
<arg>BI</arg>
<arg>BJ</arg>
<arg>BL</arg>
<arg>BM</arg>
<arg>BN</arg>
<arg>BO</arg>
<arg>BQ</arg>
<arg>BR</arg>
<arg>BS</arg>
<arg>BT</arg>
<arg>BV</arg>
<arg>BW</arg>
<arg>BY</arg>
<arg>BZ</arg>
<arg>CA</arg>
<arg>CC</arg>
<arg>CD</arg>
<arg>CF</arg>
<arg>CG</arg>
<arg>CH</arg>
<arg>CI</arg>
<arg>CK</arg>
<arg>CL</arg>
<arg>CM</arg>
<arg>CN</arg>
<arg>CO</arg>
<arg>CR</arg>
<arg>CU</arg>
<arg>CV</arg>
<arg>CW</arg>
<arg>CX</arg>
<arg>CY</arg>
<arg>CZ</arg>
<arg>DE</arg>
<arg>DJ</arg>
<arg>DK</arg>
<arg>DM</arg>
<arg>DO</arg>
<arg>DZ</arg>
<arg>EC</arg>
<arg>EE</arg>
<arg>EG</arg>
<arg>EH</arg>
<arg>ER</arg>
<arg>ES</arg>
<arg>ET</arg>
<arg>FI</arg>
<arg>FJ</arg>
<arg>FK</arg>
<arg>FM</arg>
<arg>FO</arg>
<arg>FR</arg>
<arg>GA</arg>
<arg>GB</arg>
<arg>GD</arg>
<arg>GE</arg>
<arg>GF</arg>
<arg>GG</arg>
<arg>GH</arg>
<arg>GI</arg>
<arg>GL</arg>
<arg>GM</arg>
<arg>GN</arg>
<arg>GP</arg>
<arg>GQ</arg>
<arg>GR</arg>
<arg>GS</arg>
<arg>GT</arg>
<arg>GU</arg>
<arg>GW</arg>
<arg>GY</arg>
<arg>HK</arg>
<arg>HM</arg>
<arg>HN</arg>
<arg>HR</arg>
<arg>HT</arg>
<arg>HU</arg>
<arg>ID</arg>
<arg>IE</arg>
<arg>IL</arg>
<arg>IM</arg>
<arg>IN</arg>
<arg>IO</arg>
<arg>IQ</arg>
<arg>IR</arg>
<arg>IS</arg>
<arg>IT</arg>
<arg>JE</arg>
<arg>JM</arg>
<arg>JO</arg>
<arg>JP</arg>
<arg>KE</arg>
<arg>KG</arg>
<arg>KH</arg>
<arg>KI</arg>
<arg>KM</arg>
<arg>KN</arg>
<arg>KP</arg>
<arg>KR</arg>
<arg>KW</arg>
<arg>KY</arg>
<arg>KZ</arg>
<arg>LA</arg>
<arg>LB</arg>
<arg>LC</arg>
<arg>LI</arg>
<arg>LK</arg>
<arg>LR</arg>
<arg>LS</arg>
<arg>LT</arg>
<arg>LU</arg>
<arg>LV</arg>
<arg>LY</arg>
<arg>MA</arg>
<arg>MC</arg>
<arg>MD</arg>
<arg>ME</arg>
<arg>MF</arg>
<arg>MG</arg>
<arg>MH</arg>
<arg>MK</arg>
<arg>ML</arg>
<arg>MM</arg>
<arg>MN</arg>
<arg>MO</arg>
<arg>MP</arg>
<arg>MQ</arg>
<arg>MR</arg>
<arg>MS</arg>
<arg>MT</arg>
<arg>MU</arg>
<arg>MV</arg>
<arg>MW</arg>
<arg>MX</arg>
<arg>MY</arg>
<arg>MZ</arg>
<arg>NA</arg>
<arg>NC</arg>
<arg>NE</arg>
<arg>NF</arg>
<arg>NG</arg>
<arg>NI</arg>
<arg>NL</arg>
<arg>NO</arg>
<arg>NP</arg>
<arg>NR</arg>
<arg>NU</arg>
<arg>NZ</arg>
<arg>OM</arg>
<arg>PA</arg>
<arg>PE</arg>
<arg>PF</arg>
<arg>PG</arg>
<arg>PH</arg>
<arg>PK</arg>
<arg>PL</arg>
<arg>PM</arg>
<arg>PN</arg>
<arg>PR</arg>
<arg>PS</arg>
<arg>PT</arg>
<arg>PW</arg>
<arg>PY</arg>
<arg>QA</arg>
<arg>RE</arg>
<arg>RO</arg>
<arg>RS</arg>
<arg>RU</arg>
<arg>RW</arg>
<arg>SA</arg>
<arg>SB</arg>
<arg>SC</arg>
<arg>SD</arg>
<arg>SE</arg>
<arg>SG</arg>
<arg>SH</arg>
<arg>SI</arg>
<arg>SJ</arg>
<arg>SK</arg>
<arg>SL</arg>
<arg>SM</arg>
<arg>SN</arg>
<arg>SO</arg>
<arg>SR</arg>
<arg>SS</arg>
<arg>ST</arg>
<arg>SV</arg>
<arg>SX</arg>
<arg>SY</arg>
<arg>SZ</arg>
<arg>TC</arg>
<arg>TD</arg>
<arg>TF</arg>
<arg>TG</arg>
<arg>TH</arg>
<arg>TJ</arg>
<arg>TK</arg>
<arg>TL</arg>
<arg>TM</arg>
<arg>TN</arg>
<arg>TO</arg>
<arg>TR</arg>
<arg>TT</arg>
<arg>TV</arg>
<arg>TW</arg>
<arg>TZ</arg>
<arg>UA</arg>
<arg>UG</arg>
<arg>UM</arg>
<arg>US</arg>
<arg>UY</arg>
<arg>UZ</arg>
<arg>VA</arg>
<arg>VC</arg>
<arg>VE</arg>
<arg>VG</arg>
<arg>VI</arg>
<arg>VN</arg>
<arg>VU</arg>
<arg>WF</arg>
<arg>WS</arg>
<arg>XK</arg>
<arg>YE</arg>
<arg>YT</arg>
<arg>ZA</arg>
<arg>ZM</arg>
<arg>ZW</arg>
<doc>Returns a list containing given items.</doc>
<status status="PASS" start="2024-07-23T16:21:29.556232" elapsed="0.000616"/>
</kw>
<kw name="List Should Contain Value" owner="Collections">
<arg>${list_country}</arg>
<arg>${name_country}</arg>
<doc>Fails if the ``value`` is not found from ``list``.</doc>
<status status="PASS" start="2024-07-23T16:21:29.557771" elapsed="0.000207"/>
</kw>
<kw name="Run Keyword If" owner="BuiltIn">
<kw name="Should Be True" owner="BuiltIn">
<arg>${True}</arg>
<doc>Fails if the given condition is not true.</doc>
<status status="PASS" start="2024-07-23T16:21:29.558906" elapsed="0.000141"/>
</kw>
<arg>${json_data["results"][0]["location"]["coordinates"]["latitude"]} &gt;= -90 and ${json_data["results"][0]["location"]["coordinates"]["latitude"]} &lt;= 90</arg>
<arg>Should Be True</arg>
<arg>${True}</arg>
<doc>Runs the given keyword with the given arguments, if ``condition`` is true.</doc>
<status status="PASS" start="2024-07-23T16:21:29.558177" elapsed="0.001028"/>
</kw>
<kw name="Run Keyword If" owner="BuiltIn">
<kw name="Should Be True" owner="BuiltIn">
<arg>${True}</arg>
<doc>Fails if the given condition is not true.</doc>
<status status="PASS" start="2024-07-23T16:21:29.560089" elapsed="0.000136"/>
</kw>
<arg>${json_data["results"][0]["location"]["coordinates"]["longitude"]} &gt;= -180 and ${json_data["results"][0]["location"]["coordinates"]["longitude"]} &lt;= 180</arg>
<arg>Should Be True</arg>
<arg>${True}</arg>
<doc>Runs the given keyword with the given arguments, if ``condition`` is true.</doc>
<status status="PASS" start="2024-07-23T16:21:29.559399" elapsed="0.000949"/>
</kw>
<status status="PASS" start="2024-07-23T16:21:29.298445" elapsed="0.262031"/>
</kw>
<doc>Testa o conteúdo específico dos campos retornados pela API.</doc>
<tag>testeConteudo</tag>
<status status="PASS" start="2024-07-23T16:21:29.297948" elapsed="0.262668"/>
</test>
<status status="PASS" start="2024-07-23T16:21:28.342697" elapsed="1.219790"/>
</suite>
<status status="PASS" start="2024-07-23T16:21:28.328238" elapsed="1.239335"/>
</suite>
<statistics>
<total>
<stat pass="5" fail="0" skip="0">All Tests</stat>
</total>
<tag>
<stat pass="1" fail="0" skip="0">testeConteudo</stat>
<stat pass="1" fail="0" skip="0">testeEstruturaResposta</stat>
<stat pass="1" fail="0" skip="0">testeRequisicaoBasica</stat>
<stat pass="1" fail="0" skip="0">testeTiposDados</stat>
</tag>
<suite>
<stat pass="5" fail="0" skip="0" id="s1" name="Tests">Tests</stat>
<stat pass="5" fail="0" skip="0" id="s1-s1" name="Random-User-Test">Tests.Random-User-Test</stat>
</suite>
</statistics>
<errors>
</errors>
</robot>
