<?xml version="1.0" encoding="UTF-8"?>
<robot generator="Robot 7.0 (Python 3.12.3 on linux)" generated="2024-05-11T13:13:59.922555" rpa="false" schemaversion="5">
<suite id="s1" name="Tests" source="/home/runner/work/DesafioQAItauRogerioJordao/DesafioQAItauRogerioJordao/RamdonUser/tests">
<suite id="s1-s1" name="Random-User-Test" source="/home/runner/work/DesafioQAItauRogerioJordao/DesafioQAItauRogerioJordao/RamdonUser/tests/random-user-test.robot">
<test id="s1-s1-t1" name="Conectar" line="13">
<kw name="Conectar API" owner="random-user-service">
<kw name="Create Session" owner="RequestsLibrary">
<msg time="2024-05-11T13:14:00.284384" level="INFO">Creating Session using : alias=consultarAPI, url=https://randomuser.me/, headers={},                     cookies={}, auth=None, timeout=None, proxies=None, verify=False,                     debug=0 </msg>
<arg>consultarAPI</arg>
<arg>${URL}</arg>
<doc>Create Session: create a HTTP session to a server</doc>
<status status="PASS" start="2024-05-11T13:14:00.284186" elapsed="0.000403"/>
</kw>
<status status="PASS" start="2024-05-11T13:14:00.283256" elapsed="0.001684"/>
</kw>
<status status="PASS" start="2024-05-11T13:14:00.282676" elapsed="0.002459"/>
</test>
<test id="s1-s1-t2" name="Validar retorno 200 e JSON Válido" line="16">
<kw name="Teste de Requisicao Basica" owner="random-user-service">
<kw name="GET On Session" owner="RequestsLibrary">
<msg time="2024-05-11T13:14:00.542944" level="INFO">GET Request : url=https://randomuser.me/api 
 path_url=/api 
 headers={'User-Agent': 'python-requests/2.31.0', 'Accept-Encoding': 'gzip, deflate', 'Accept': '*/*', 'Connection': 'keep-alive'} 
 body=None 
 </msg>
<msg time="2024-05-11T13:14:00.543083" level="INFO">GET Response : url=https://randomuser.me/api 
 status=200, reason=OK 
 headers={'Date': 'Sat, 11 May 2024 13:14:00 GMT', 'Content-Type': 'application/json; charset=utf-8', 'Transfer-Encoding': 'chunked', 'Connection': 'keep-alive', 'X-Powered-By': 'Express', 'Access-Control-Allow-Origin': '*', 'Cache-Control': 'no-cache', 'ETag': 'W/"487-okz7U82mZ7wsT3cTfA1Fcj5F8OM"', 'Vary': 'Accept-Encoding', 'Content-Encoding': 'gzip', 'CF-Cache-Status': 'DYNAMIC', 'Report-To': '{"endpoints":[{"url":"https:\\/\\/a.nel.cloudflare.com\\/report\\/v4?s=0yBAOSl0EkJnRHh4a2i6YNc4al7086xNWNDb6WnghAIgyhGb4RSiZmvIF2mP9VXi3em%2Fv4BBszQN%2FmQi8f15UzHMjMsFZMdWTIDjqcF9e8AdrJ1zMzbzh3YK35ebD0jJ"}],"group":"cf-nel","max_age":604800}', 'NEL': '{"success_fraction":0,"report_to":"cf-nel","max_age":604800}', 'Server': 'cloudflare', 'CF-RAY': '88226df8de5b9e56-SJC', 'alt-svc': 'h3=":443"; ma=86400'} 
 body={"results":[{"gender":"male","name":{"title":"Mr","first":"Raúl","last":"Lucero"},"location":{"street":{"number":655,"name":"Avenida Hidalgo"},"city":"Tepetixtla","state":"Guerrero","country":"Mexico","postcode":54387,"coordinates":{"latitude":"21.7461","longitude":"-70.8681"},"timezone":{"offset":"-1:00","description":"Azores, Cape Verde Islands"}},"email":"raul.lucero@example.com","login":{"uuid":"c7611d67-d117-45f6-89c8-451098e4ab0a","username":"smallleopard360","password":"mary","salt":"ZhfCv9yW","md5":"7608b1f42abd7da300c22199645c678b","sha1":"ee7dde44033e507f5bdf5a39e0112cad3c1153b1","sha256":"918137494a0fec238839f736a4fce91d2eb2b35a94f77230668250e5a0583a4b"},"dob":{"date":"1965-04-12T14:23:37.841Z","age":59},"registered":{"date":"2003-07-17T13:55:26.532Z","age":20},"phone":"(655) 826 7062","cell":"(628) 759 4540","id":{"name":"NSS","value":"81 02 96 8069 7"},"picture":{"large":"https://randomuser.me/api/portraits/men/3.jpg","medium":"https://randomuser.me/api/portraits/med/men/3.jpg","thumbnail":"https://randomuser.me/api/portraits/thumb/men/3.jpg"},"nat":"MX"}],"info":{"seed":"6a70e34ee083bf01","results":1,"page":1,"version":"1.4"}} 
 </msg>
<msg time="2024-05-11T13:14:00.543175" level="INFO">/opt/hostedtoolcache/Python/3.12.3/x64/lib/python3.12/site-packages/urllib3/connectionpool.py:1103: InsecureRequestWarning: Unverified HTTPS request is being made to host 'randomuser.me'. Adding certificate verification is strongly advised. See: https://urllib3.readthedocs.io/en/latest/advanced-usage.html#tls-warnings
  warnings.warn(</msg>
<msg time="2024-05-11T13:14:00.543345" level="INFO">${response} = &lt;Response [200]&gt;</msg>
<var>${response}</var>
<arg>consultarAPI</arg>
<arg>/api</arg>
<doc>Sends a GET request on a previously created HTTP Session.</doc>
<status status="PASS" start="2024-05-11T13:14:00.287878" elapsed="0.255503"/>
</kw>
<kw name="Should Be Equal As Numbers" owner="BuiltIn">
<msg time="2024-05-11T13:14:00.544170" level="INFO">Argument types are:
&lt;class 'int'&gt;
&lt;class 'str'&gt;</msg>
<arg>${response.status_code}</arg>
<arg>200</arg>
<doc>Fails if objects are unequal after converting them to real numbers.</doc>
<status status="PASS" start="2024-05-11T13:14:00.543771" elapsed="0.000462"/>
</kw>
<kw name="Log" owner="BuiltIn">
<msg time="2024-05-11T13:14:00.544937" level="INFO">200</msg>
<arg>${response.status_code}</arg>
<doc>Logs the given message with the given level.</doc>
<status status="PASS" start="2024-05-11T13:14:00.544580" elapsed="0.000398"/>
</kw>
<kw name="Set Variable" owner="BuiltIn">
<msg time="2024-05-11T13:14:00.545719" level="INFO">${json_data} = {'results': [{'gender': 'male', 'name': {'title': 'Mr', 'first': 'Raúl', 'last': 'Lucero'}, 'location': {'street': {'number': 655, 'name': 'Avenida Hidalgo'}, 'city': 'Tepetixtla', 'state': 'Guerrero'...</msg>
<var>${json_data}</var>
<arg>${response.json()}</arg>
<doc>Returns the given values which can then be assigned to a variables.</doc>
<status status="PASS" start="2024-05-11T13:14:00.545280" elapsed="0.000467"/>
</kw>
<kw name="Dictionary Should Contain Key" owner="Collections">
<msg time="2024-05-11T13:14:00.546224" level="INFO">False</msg>
<arg>${json_data}</arg>
<arg>results</arg>
<doc>Fails if ``key`` is not found from ``dictionary``.</doc>
<status status="PASS" start="2024-05-11T13:14:00.546052" elapsed="0.000210"/>
</kw>
<status status="PASS" start="2024-05-11T13:14:00.287628" elapsed="0.258886"/>
</kw>
<doc>Testa se a API responde corretamente e retorna um objeto JSON válido.</doc>
<tag>testeRequisicaoBasica</tag>
<status status="PASS" start="2024-05-11T13:14:00.287032" elapsed="0.259652"/>
</test>
<test id="s1-s1-t3" name="Validar estrutura de resposta" line="22">
<kw name="Teste de Estrutura de Resposta" owner="random-user-service">
<kw name="GET On Session" owner="RequestsLibrary">
<msg time="2024-05-11T13:14:00.646668" level="INFO">GET Request : url=https://randomuser.me/api 
 path_url=/api 
 headers={'User-Agent': 'python-requests/2.31.0', 'Accept-Encoding': 'gzip, deflate', 'Accept': '*/*', 'Connection': 'keep-alive'} 
 body=None 
 </msg>
<msg time="2024-05-11T13:14:00.646735" level="INFO">GET Response : url=https://randomuser.me/api 
 status=200, reason=OK 
 headers={'Date': 'Sat, 11 May 2024 13:14:00 GMT', 'Content-Type': 'application/json; charset=utf-8', 'Transfer-Encoding': 'chunked', 'Connection': 'keep-alive', 'X-Powered-By': 'Express', 'Access-Control-Allow-Origin': '*', 'Cache-Control': 'no-cache', 'ETag': 'W/"490-ocsC0cuKSjbI1T8TaE59b8TjGFI"', 'Vary': 'Accept-Encoding', 'Content-Encoding': 'gzip', 'CF-Cache-Status': 'DYNAMIC', 'Report-To': '{"endpoints":[{"url":"https:\\/\\/a.nel.cloudflare.com\\/report\\/v4?s=WAFsEBAvrE5yJonTu5mRn1lXFk4LI%2B3vRoyPkZpa2XEkW0%2FYUxJ2pLQGz3P4D4kp98KiXS5qEKwHIhmrQLhafoGOApLW0P6HZHCG%2Bv%2FJbetnWIvJ3sfFiDNq5%2BD%2BMmOV"}],"group":"cf-nel","max_age":604800}', 'NEL': '{"success_fraction":0,"report_to":"cf-nel","max_age":604800}', 'Server': 'cloudflare', 'CF-RAY': '88226df97ea99e56-SJC', 'alt-svc': 'h3=":443"; ma=86400'} 
 body={"results":[{"gender":"male","name":{"title":"Mr","first":"Liliano","last":"Nascimento"},"location":{"street":{"number":997,"name":"Travessa dos Martírios"},"city":"Jequié","state":"Espírito Santo","country":"Brazil","postcode":61875,"coordinates":{"latitude":"-73.4214","longitude":"-71.0412"},"timezone":{"offset":"+4:30","description":"Kabul"}},"email":"liliano.nascimento@example.com","login":{"uuid":"9aa1f749-f4cd-4353-b2a1-8fcc025d27b5","username":"redbutterfly597","password":"bubbles","salt":"0sWZnump","md5":"a897c8ab5dcab621fdb08a68ea05b330","sha1":"f2b852fdeccb6e6c7c0a45d04baedb84180ccc31","sha256":"a0ff7f66c595587afa20b4ab1804f120f3de13a365c665bac5f80611aad84b07"},"dob":{"date":"1998-12-03T20:52:27.563Z","age":25},"registered":{"date":"2018-04-25T04:32:53.719Z","age":6},"phone":"(01) 3814-6362","cell":"(27) 5398-8573","id":{"name":"CPF","value":"333.191.669-91"},"picture":{"large":"https://randomuser.me/api/portraits/men/81.jpg","medium":"https://randomuser.me/api/portraits/med/men/81.jpg","thumbnail":"https://randomuser.me/api/portraits/thumb/men/81.jpg"},"nat":"BR"}],"info":{"seed":"479147b90f16992f","results":1,"page":1,"version":"1.4"}} 
 </msg>
<msg time="2024-05-11T13:14:00.646835" level="INFO">/opt/hostedtoolcache/Python/3.12.3/x64/lib/python3.12/site-packages/urllib3/connectionpool.py:1103: InsecureRequestWarning: Unverified HTTPS request is being made to host 'randomuser.me'. Adding certificate verification is strongly advised. See: https://urllib3.readthedocs.io/en/latest/advanced-usage.html#tls-warnings
  warnings.warn(</msg>
<msg time="2024-05-11T13:14:00.646948" level="INFO">${response} = &lt;Response [200]&gt;</msg>
<var>${response}</var>
<arg>consultarAPI</arg>
<arg>/api</arg>
<doc>Sends a GET request on a previously created HTTP Session.</doc>
<status status="PASS" start="2024-05-11T13:14:00.549222" elapsed="0.097766"/>
</kw>
<kw name="Set Variable" owner="BuiltIn">
<msg time="2024-05-11T13:14:00.647782" level="INFO">${json_data} = {'results': [{'gender': 'male', 'name': {'title': 'Mr', 'first': 'Liliano', 'last': 'Nascimento'}, 'location': {'street': {'number': 997, 'name': 'Travessa dos Martírios'}, 'city': 'Jequié', 'state': ...</msg>
<var>${json_data}</var>
<arg>${response.json()}</arg>
<doc>Returns the given values which can then be assigned to a variables.</doc>
<status status="PASS" start="2024-05-11T13:14:00.647329" elapsed="0.000482"/>
</kw>
<kw name="Log" owner="BuiltIn">
<msg time="2024-05-11T13:14:00.648282" level="INFO">{'results': [{'gender': 'male', 'name': {'title': 'Mr', 'first': 'Liliano', 'last': 'Nascimento'}, 'location': {'street': {'number': 997, 'name': 'Travessa dos Martírios'}, 'city': 'Jequié', 'state': 'Espírito Santo', 'country': 'Brazil', 'postcode': 61875, 'coordinates': {'latitude': '-73.4214', 'longitude': '-71.0412'}, 'timezone': {'offset': '+4:30', 'description': 'Kabul'}}, 'email': 'liliano.nascimento@example.com', 'login': {'uuid': '9aa1f749-f4cd-4353-b2a1-8fcc025d27b5', 'username': 'redbutterfly597', 'password': 'bubbles', 'salt': '0sWZnump', 'md5': 'a897c8ab5dcab621fdb08a68ea05b330', 'sha1': 'f2b852fdeccb6e6c7c0a45d04baedb84180ccc31', 'sha256': 'a0ff7f66c595587afa20b4ab1804f120f3de13a365c665bac5f80611aad84b07'}, 'dob': {'date': '1998-12-03T20:52:27.563Z', 'age': 25}, 'registered': {'date': '2018-04-25T04:32:53.719Z', 'age': 6}, 'phone': '(01) 3814-6362', 'cell': '(27) 5398-8573', 'id': {'name': 'CPF', 'value': '333.191.669-91'}, 'picture': {'large': 'https://randomuser.me/api/portraits/men/81.jpg', 'medium': 'https://randomuser.me/api/portraits/med/men/81.jpg', 'thumbnail': 'https://randomuser.me/api/portraits/thumb/men/81.jpg'}, 'nat': 'BR'}], 'info': {'seed': '479147b90f16992f', 'results': 1, 'page': 1, 'version': '1.4'}}</msg>
<arg>${json_data}</arg>
<doc>Logs the given message with the given level.</doc>
<status status="PASS" start="2024-05-11T13:14:00.648114" elapsed="0.000218"/>
</kw>
<kw name="Dictionary Should Contain Key" owner="Collections">
<msg time="2024-05-11T13:14:00.648822" level="INFO">False</msg>
<arg>${json_data}</arg>
<arg>results</arg>
<doc>Fails if ``key`` is not found from ``dictionary``.</doc>
<status status="PASS" start="2024-05-11T13:14:00.648668" elapsed="0.000190"/>
</kw>
<kw name="Should Not Be Empty" owner="BuiltIn">
<msg time="2024-05-11T13:14:00.649277" level="INFO">Length is 2.</msg>
<arg>${json_data}</arg>
<doc>Verifies that the given item is not empty.</doc>
<status status="PASS" start="2024-05-11T13:14:00.649148" elapsed="0.000167"/>
</kw>
<kw name="Create List" owner="BuiltIn">
<msg time="2024-05-11T13:14:00.649868" level="INFO">${expected_keys} = ['gender', 'name', 'location', 'email', 'login']</msg>
<var>${expected_keys}</var>
<arg>gender</arg>
<arg>name</arg>
<arg>location</arg>
<arg>email</arg>
<arg>login</arg>
<doc>Returns a list containing given items.</doc>
<status status="PASS" start="2024-05-11T13:14:00.649600" elapsed="0.000292"/>
</kw>
<for flavor="IN">
<iter>
<kw name="Dictionary Should Contain Key" owner="Collections">
<msg time="2024-05-11T13:14:00.650868" level="INFO">False</msg>
<arg>${json_data['results'][0]}</arg>
<arg>${key}</arg>
<doc>Fails if ``key`` is not found from ``dictionary``.</doc>
<status status="PASS" start="2024-05-11T13:14:00.650473" elapsed="0.000432"/>
</kw>
<kw name="Log" owner="BuiltIn">
<msg time="2024-05-11T13:14:00.651638" level="INFO">{'gender': 'male', 'name': {'title': 'Mr', 'first': 'Liliano', 'last': 'Nascimento'}, 'location': {'street': {'number': 997, 'name': 'Travessa dos Martírios'}, 'city': 'Jequié', 'state': 'Espírito Santo', 'country': 'Brazil', 'postcode': 61875, 'coordinates': {'latitude': '-73.4214', 'longitude': '-71.0412'}, 'timezone': {'offset': '+4:30', 'description': 'Kabul'}}, 'email': 'liliano.nascimento@example.com', 'login': {'uuid': '9aa1f749-f4cd-4353-b2a1-8fcc025d27b5', 'username': 'redbutterfly597', 'password': 'bubbles', 'salt': '0sWZnump', 'md5': 'a897c8ab5dcab621fdb08a68ea05b330', 'sha1': 'f2b852fdeccb6e6c7c0a45d04baedb84180ccc31', 'sha256': 'a0ff7f66c595587afa20b4ab1804f120f3de13a365c665bac5f80611aad84b07'}, 'dob': {'date': '1998-12-03T20:52:27.563Z', 'age': 25}, 'registered': {'date': '2018-04-25T04:32:53.719Z', 'age': 6}, 'phone': '(01) 3814-6362', 'cell': '(27) 5398-8573', 'id': {'name': 'CPF', 'value': '333.191.669-91'}, 'picture': {'large': 'https://randomuser.me/api/portraits/men/81.jpg', 'medium': 'https://randomuser.me/api/portraits/med/men/81.jpg', 'thumbnail': 'https://randomuser.me/api/portraits/thumb/men/81.jpg'}, 'nat': 'BR'}</msg>
<arg>${json_data['results'][0]}</arg>
<doc>Logs the given message with the given level.</doc>
<status status="PASS" start="2024-05-11T13:14:00.651254" elapsed="0.000434"/>
</kw>
<kw name="Log" owner="BuiltIn">
<msg time="2024-05-11T13:14:00.652123" level="INFO">gender</msg>
<arg>${key}</arg>
<doc>Logs the given message with the given level.</doc>
<status status="PASS" start="2024-05-11T13:14:00.651994" elapsed="0.000166"/>
</kw>
<var name="${key}">gender</var>
<status status="PASS" start="2024-05-11T13:14:00.650347" elapsed="0.002026"/>
</iter>
<iter>
<kw name="Dictionary Should Contain Key" owner="Collections">
<msg time="2024-05-11T13:14:00.653094" level="INFO">False</msg>
<arg>${json_data['results'][0]}</arg>
<arg>${key}</arg>
<doc>Fails if ``key`` is not found from ``dictionary``.</doc>
<status status="PASS" start="2024-05-11T13:14:00.652711" elapsed="0.000420"/>
</kw>
<kw name="Log" owner="BuiltIn">
<msg time="2024-05-11T13:14:00.653829" level="INFO">{'gender': 'male', 'name': {'title': 'Mr', 'first': 'Liliano', 'last': 'Nascimento'}, 'location': {'street': {'number': 997, 'name': 'Travessa dos Martírios'}, 'city': 'Jequié', 'state': 'Espírito Santo', 'country': 'Brazil', 'postcode': 61875, 'coordinates': {'latitude': '-73.4214', 'longitude': '-71.0412'}, 'timezone': {'offset': '+4:30', 'description': 'Kabul'}}, 'email': 'liliano.nascimento@example.com', 'login': {'uuid': '9aa1f749-f4cd-4353-b2a1-8fcc025d27b5', 'username': 'redbutterfly597', 'password': 'bubbles', 'salt': '0sWZnump', 'md5': 'a897c8ab5dcab621fdb08a68ea05b330', 'sha1': 'f2b852fdeccb6e6c7c0a45d04baedb84180ccc31', 'sha256': 'a0ff7f66c595587afa20b4ab1804f120f3de13a365c665bac5f80611aad84b07'}, 'dob': {'date': '1998-12-03T20:52:27.563Z', 'age': 25}, 'registered': {'date': '2018-04-25T04:32:53.719Z', 'age': 6}, 'phone': '(01) 3814-6362', 'cell': '(27) 5398-8573', 'id': {'name': 'CPF', 'value': '333.191.669-91'}, 'picture': {'large': 'https://randomuser.me/api/portraits/men/81.jpg', 'medium': 'https://randomuser.me/api/portraits/med/men/81.jpg', 'thumbnail': 'https://randomuser.me/api/portraits/thumb/men/81.jpg'}, 'nat': 'BR'}</msg>
<arg>${json_data['results'][0]}</arg>
<doc>Logs the given message with the given level.</doc>
<status status="PASS" start="2024-05-11T13:14:00.653456" elapsed="0.000423"/>
</kw>
<kw name="Log" owner="BuiltIn">
<msg time="2024-05-11T13:14:00.654301" level="INFO">name</msg>
<arg>${key}</arg>
<doc>Logs the given message with the given level.</doc>
<status status="PASS" start="2024-05-11T13:14:00.654175" elapsed="0.000164"/>
</kw>
<var name="${key}">name</var>
<status status="PASS" start="2024-05-11T13:14:00.652594" elapsed="0.001957"/>
</iter>
<iter>
<kw name="Dictionary Should Contain Key" owner="Collections">
<msg time="2024-05-11T13:14:00.655221" level="INFO">False</msg>
<arg>${json_data['results'][0]}</arg>
<arg>${key}</arg>
<doc>Fails if ``key`` is not found from ``dictionary``.</doc>
<status status="PASS" start="2024-05-11T13:14:00.654839" elapsed="0.000419"/>
</kw>
<kw name="Log" owner="BuiltIn">
<msg time="2024-05-11T13:14:00.655910" level="INFO">{'gender': 'male', 'name': {'title': 'Mr', 'first': 'Liliano', 'last': 'Nascimento'}, 'location': {'street': {'number': 997, 'name': 'Travessa dos Martírios'}, 'city': 'Jequié', 'state': 'Espírito Santo', 'country': 'Brazil', 'postcode': 61875, 'coordinates': {'latitude': '-73.4214', 'longitude': '-71.0412'}, 'timezone': {'offset': '+4:30', 'description': 'Kabul'}}, 'email': 'liliano.nascimento@example.com', 'login': {'uuid': '9aa1f749-f4cd-4353-b2a1-8fcc025d27b5', 'username': 'redbutterfly597', 'password': 'bubbles', 'salt': '0sWZnump', 'md5': 'a897c8ab5dcab621fdb08a68ea05b330', 'sha1': 'f2b852fdeccb6e6c7c0a45d04baedb84180ccc31', 'sha256': 'a0ff7f66c595587afa20b4ab1804f120f3de13a365c665bac5f80611aad84b07'}, 'dob': {'date': '1998-12-03T20:52:27.563Z', 'age': 25}, 'registered': {'date': '2018-04-25T04:32:53.719Z', 'age': 6}, 'phone': '(01) 3814-6362', 'cell': '(27) 5398-8573', 'id': {'name': 'CPF', 'value': '333.191.669-91'}, 'picture': {'large': 'https://randomuser.me/api/portraits/men/81.jpg', 'medium': 'https://randomuser.me/api/portraits/med/men/81.jpg', 'thumbnail': 'https://randomuser.me/api/portraits/thumb/men/81.jpg'}, 'nat': 'BR'}</msg>
<arg>${json_data['results'][0]}</arg>
<doc>Logs the given message with the given level.</doc>
<status status="PASS" start="2024-05-11T13:14:00.655552" elapsed="0.000406"/>
</kw>
<kw name="Log" owner="BuiltIn">
<msg time="2024-05-11T13:14:00.656373" level="INFO">location</msg>
<arg>${key}</arg>
<doc>Logs the given message with the given level.</doc>
<status status="PASS" start="2024-05-11T13:14:00.656248" elapsed="0.000161"/>
</kw>
<var name="${key}">location</var>
<status status="PASS" start="2024-05-11T13:14:00.654727" elapsed="0.001936"/>
</iter>
<iter>
<kw name="Dictionary Should Contain Key" owner="Collections">
<msg time="2024-05-11T13:14:00.657377" level="INFO">False</msg>
<arg>${json_data['results'][0]}</arg>
<arg>${key}</arg>
<doc>Fails if ``key`` is not found from ``dictionary``.</doc>
<status status="PASS" start="2024-05-11T13:14:00.656943" elapsed="0.000471"/>
</kw>
<kw name="Log" owner="BuiltIn">
<msg time="2024-05-11T13:14:00.658078" level="INFO">{'gender': 'male', 'name': {'title': 'Mr', 'first': 'Liliano', 'last': 'Nascimento'}, 'location': {'street': {'number': 997, 'name': 'Travessa dos Martírios'}, 'city': 'Jequié', 'state': 'Espírito Santo', 'country': 'Brazil', 'postcode': 61875, 'coordinates': {'latitude': '-73.4214', 'longitude': '-71.0412'}, 'timezone': {'offset': '+4:30', 'description': 'Kabul'}}, 'email': 'liliano.nascimento@example.com', 'login': {'uuid': '9aa1f749-f4cd-4353-b2a1-8fcc025d27b5', 'username': 'redbutterfly597', 'password': 'bubbles', 'salt': '0sWZnump', 'md5': 'a897c8ab5dcab621fdb08a68ea05b330', 'sha1': 'f2b852fdeccb6e6c7c0a45d04baedb84180ccc31', 'sha256': 'a0ff7f66c595587afa20b4ab1804f120f3de13a365c665bac5f80611aad84b07'}, 'dob': {'date': '1998-12-03T20:52:27.563Z', 'age': 25}, 'registered': {'date': '2018-04-25T04:32:53.719Z', 'age': 6}, 'phone': '(01) 3814-6362', 'cell': '(27) 5398-8573', 'id': {'name': 'CPF', 'value': '333.191.669-91'}, 'picture': {'large': 'https://randomuser.me/api/portraits/men/81.jpg', 'medium': 'https://randomuser.me/api/portraits/med/men/81.jpg', 'thumbnail': 'https://randomuser.me/api/portraits/thumb/men/81.jpg'}, 'nat': 'BR'}</msg>
<arg>${json_data['results'][0]}</arg>
<doc>Logs the given message with the given level.</doc>
<status status="PASS" start="2024-05-11T13:14:00.657713" elapsed="0.000415"/>
</kw>
<kw name="Log" owner="BuiltIn">
<msg time="2024-05-11T13:14:00.658557" level="INFO">email</msg>
<arg>${key}</arg>
<doc>Logs the given message with the given level.</doc>
<status status="PASS" start="2024-05-11T13:14:00.658431" elapsed="0.000163"/>
</kw>
<var name="${key}">email</var>
<status status="PASS" start="2024-05-11T13:14:00.656833" elapsed="0.001977"/>
</iter>
<iter>
<kw name="Dictionary Should Contain Key" owner="Collections">
<msg time="2024-05-11T13:14:00.659471" level="INFO">False</msg>
<arg>${json_data['results'][0]}</arg>
<arg>${key}</arg>
<doc>Fails if ``key`` is not found from ``dictionary``.</doc>
<status status="PASS" start="2024-05-11T13:14:00.659092" elapsed="0.000416"/>
</kw>
<kw name="Log" owner="BuiltIn">
<msg time="2024-05-11T13:14:00.660164" level="INFO">{'gender': 'male', 'name': {'title': 'Mr', 'first': 'Liliano', 'last': 'Nascimento'}, 'location': {'street': {'number': 997, 'name': 'Travessa dos Martírios'}, 'city': 'Jequié', 'state': 'Espírito Santo', 'country': 'Brazil', 'postcode': 61875, 'coordinates': {'latitude': '-73.4214', 'longitude': '-71.0412'}, 'timezone': {'offset': '+4:30', 'description': 'Kabul'}}, 'email': 'liliano.nascimento@example.com', 'login': {'uuid': '9aa1f749-f4cd-4353-b2a1-8fcc025d27b5', 'username': 'redbutterfly597', 'password': 'bubbles', 'salt': '0sWZnump', 'md5': 'a897c8ab5dcab621fdb08a68ea05b330', 'sha1': 'f2b852fdeccb6e6c7c0a45d04baedb84180ccc31', 'sha256': 'a0ff7f66c595587afa20b4ab1804f120f3de13a365c665bac5f80611aad84b07'}, 'dob': {'date': '1998-12-03T20:52:27.563Z', 'age': 25}, 'registered': {'date': '2018-04-25T04:32:53.719Z', 'age': 6}, 'phone': '(01) 3814-6362', 'cell': '(27) 5398-8573', 'id': {'name': 'CPF', 'value': '333.191.669-91'}, 'picture': {'large': 'https://randomuser.me/api/portraits/men/81.jpg', 'medium': 'https://randomuser.me/api/portraits/med/men/81.jpg', 'thumbnail': 'https://randomuser.me/api/portraits/thumb/men/81.jpg'}, 'nat': 'BR'}</msg>
<arg>${json_data['results'][0]}</arg>
<doc>Logs the given message with the given level.</doc>
<status status="PASS" start="2024-05-11T13:14:00.659800" elapsed="0.000413"/>
</kw>
<kw name="Log" owner="BuiltIn">
<msg time="2024-05-11T13:14:00.660661" level="INFO">login</msg>
<arg>${key}</arg>
<doc>Logs the given message with the given level.</doc>
<status status="PASS" start="2024-05-11T13:14:00.660530" elapsed="0.000169"/>
</kw>
<var name="${key}">login</var>
<status status="PASS" start="2024-05-11T13:14:00.658980" elapsed="0.001961"/>
</iter>
<var>${key}</var>
<value>@{expected_keys}</value>
<status status="PASS" start="2024-05-11T13:14:00.650166" elapsed="0.010901"/>
</for>
<kw name="Create List" owner="BuiltIn">
<msg time="2024-05-11T13:14:00.661400" level="INFO">${expected_keysTwo} = ['username', 'password']</msg>
<var>${expected_keysTwo}</var>
<arg>username</arg>
<arg>password</arg>
<doc>Returns a list containing given items.</doc>
<status status="PASS" start="2024-05-11T13:14:00.661263" elapsed="0.000161"/>
</kw>
<for flavor="IN">
<iter>
<kw name="Dictionary Should Contain Key" owner="Collections">
<msg time="2024-05-11T13:14:00.662301" level="INFO">False</msg>
<arg>${json_data['results'][0]['login']}</arg>
<arg>${keyTwo}</arg>
<doc>Fails if ``key`` is not found from ``dictionary``.</doc>
<status status="PASS" start="2024-05-11T13:14:00.661917" elapsed="0.000422"/>
</kw>
<kw name="Dictionary Should Contain Key" owner="Collections">
<msg time="2024-05-11T13:14:00.663019" level="INFO">False</msg>
<arg>${json_data['results'][0]['login']}</arg>
<arg>${keyTwo}</arg>
<doc>Fails if ``key`` is not found from ``dictionary``.</doc>
<status status="PASS" start="2024-05-11T13:14:00.662634" elapsed="0.000423"/>
</kw>
<kw name="Log" owner="BuiltIn">
<msg time="2024-05-11T13:14:00.663476" level="INFO">username</msg>
<arg>${keyTwo}</arg>
<doc>Logs the given message with the given level.</doc>
<status status="PASS" start="2024-05-11T13:14:00.663349" elapsed="0.000169"/>
</kw>
<var name="${keyTwo}">username</var>
<status status="PASS" start="2024-05-11T13:14:00.661807" elapsed="0.001926"/>
</iter>
<iter>
<kw name="Dictionary Should Contain Key" owner="Collections">
<msg time="2024-05-11T13:14:00.664397" level="INFO">False</msg>
<arg>${json_data['results'][0]['login']}</arg>
<arg>${keyTwo}</arg>
<doc>Fails if ``key`` is not found from ``dictionary``.</doc>
<status status="PASS" start="2024-05-11T13:14:00.664016" elapsed="0.000418"/>
</kw>
<kw name="Dictionary Should Contain Key" owner="Collections">
<msg time="2024-05-11T13:14:00.665240" level="INFO">False</msg>
<arg>${json_data['results'][0]['login']}</arg>
<arg>${keyTwo}</arg>
<doc>Fails if ``key`` is not found from ``dictionary``.</doc>
<status status="PASS" start="2024-05-11T13:14:00.664771" elapsed="0.000508"/>
</kw>
<kw name="Log" owner="BuiltIn">
<msg time="2024-05-11T13:14:00.665701" level="INFO">password</msg>
<arg>${keyTwo}</arg>
<doc>Logs the given message with the given level.</doc>
<status status="PASS" start="2024-05-11T13:14:00.665573" elapsed="0.000166"/>
</kw>
<var name="${keyTwo}">password</var>
<status status="PASS" start="2024-05-11T13:14:00.663905" elapsed="0.002049"/>
</iter>
<var>${keyTwo}</var>
<value>@{expected_keysTwo}</value>
<status status="PASS" start="2024-05-11T13:14:00.661657" elapsed="0.004418"/>
</for>
<status status="PASS" start="2024-05-11T13:14:00.548988" elapsed="0.117223"/>
</kw>
<doc>Testa a estrutura da resposta da API.</doc>
<tag>testeEstruturaResposta</tag>
<status status="PASS" start="2024-05-11T13:14:00.548526" elapsed="0.117830"/>
</test>
<test id="s1-s1-t4" name="Validar tipos de dados" line="28">
<kw name="Teste de Tipos de Dados" owner="random-user-service">
<kw name="GET On Session" owner="RequestsLibrary">
<msg time="2024-05-11T13:14:00.760710" level="INFO">GET Request : url=https://randomuser.me/api 
 path_url=/api 
 headers={'User-Agent': 'python-requests/2.31.0', 'Accept-Encoding': 'gzip, deflate', 'Accept': '*/*', 'Connection': 'keep-alive'} 
 body=None 
 </msg>
<msg time="2024-05-11T13:14:00.760783" level="INFO">GET Response : url=https://randomuser.me/api 
 status=200, reason=OK 
 headers={'Date': 'Sat, 11 May 2024 13:14:00 GMT', 'Content-Type': 'application/json; charset=utf-8', 'Transfer-Encoding': 'chunked', 'Connection': 'keep-alive', 'X-Powered-By': 'Express', 'Access-Control-Allow-Origin': '*', 'Cache-Control': 'no-cache', 'ETag': 'W/"484-KKpIMBJqVoNCmg2oIfRr9aVhy+o"', 'Vary': 'Accept-Encoding', 'Content-Encoding': 'gzip', 'CF-Cache-Status': 'DYNAMIC', 'Report-To': '{"endpoints":[{"url":"https:\\/\\/a.nel.cloudflare.com\\/report\\/v4?s=C0zWHbWKQIZeVEQWGwyGwWgQqyOzR8linDkyl83Yf9fcXwIFGteh6RDThdH9s9NRTFBv7%2BGIYDAF0pizs0N3qryme1Cg0Gq7r8E4TldSkYTu4yRm%2FxYLdUEvCWSBQNTG"}],"group":"cf-nel","max_age":604800}', 'NEL': '{"success_fraction":0,"report_to":"cf-nel","max_age":604800}', 'Server': 'cloudflare', 'CF-RAY': '88226dfa3f2d9e56-SJC', 'alt-svc': 'h3=":443"; ma=86400'} 
 body={"results":[{"gender":"female","name":{"title":"Miss","first":"Noelia","last":"Cortes"},"location":{"street":{"number":8260,"name":"Calle de Segovia"},"city":"Ciudad Real","state":"Extremadura","country":"Spain","postcode":39546,"coordinates":{"latitude":"-32.0567","longitude":"108.3199"},"timezone":{"offset":"-3:30","description":"Newfoundland"}},"email":"noelia.cortes@example.com","login":{"uuid":"b224d939-5ea0-4a53-abf4-8a9c901588e3","username":"crazyleopard715","password":"wifes","salt":"6NaPvm4T","md5":"c688cde9c05f0dfc1d04c1ba80b6c41c","sha1":"0f3695d2fd210ac9a7e024d92efe12ea45664451","sha256":"6889c1d3f1edaa19e97646e3a1f381b86b47f3a0643594f388fd3977afcd08b5"},"dob":{"date":"1979-07-17T09:52:49.421Z","age":44},"registered":{"date":"2017-06-15T22:20:36.458Z","age":6},"phone":"900-355-823","cell":"643-008-955","id":{"name":"DNI","value":"85660845-Y"},"picture":{"large":"https://randomuser.me/api/portraits/women/60.jpg","medium":"https://randomuser.me/api/portraits/med/women/60.jpg","thumbnail":"https://randomuser.me/api/portraits/thumb/women/60.jpg"},"nat":"ES"}],"info":{"seed":"69755f7e61a578f2","results":1,"page":1,"version":"1.4"}} 
 </msg>
<msg time="2024-05-11T13:14:00.760837" level="INFO">/opt/hostedtoolcache/Python/3.12.3/x64/lib/python3.12/site-packages/urllib3/connectionpool.py:1103: InsecureRequestWarning: Unverified HTTPS request is being made to host 'randomuser.me'. Adding certificate verification is strongly advised. See: https://urllib3.readthedocs.io/en/latest/advanced-usage.html#tls-warnings
  warnings.warn(</msg>
<msg time="2024-05-11T13:14:00.760940" level="INFO">${response} = &lt;Response [200]&gt;</msg>
<var>${response}</var>
<arg>consultarAPI</arg>
<arg>/api</arg>
<doc>Sends a GET request on a previously created HTTP Session.</doc>
<status status="PASS" start="2024-05-11T13:14:00.668743" elapsed="0.092240"/>
</kw>
<kw name="Set Variable" owner="BuiltIn">
<msg time="2024-05-11T13:14:00.761780" level="INFO">${json_data} = {'results': [{'gender': 'female', 'name': {'title': 'Miss', 'first': 'Noelia', 'last': 'Cortes'}, 'location': {'street': {'number': 8260, 'name': 'Calle de Segovia'}, 'city': 'Ciudad Real', 'state': '...</msg>
<var>${json_data}</var>
<arg>${response.json()}</arg>
<doc>Returns the given values which can then be assigned to a variables.</doc>
<status status="PASS" start="2024-05-11T13:14:00.761333" elapsed="0.000476"/>
</kw>
<kw name="Log" owner="BuiltIn">
<msg time="2024-05-11T13:14:00.762271" level="INFO">{'results': [{'gender': 'female', 'name': {'title': 'Miss', 'first': 'Noelia', 'last': 'Cortes'}, 'location': {'street': {'number': 8260, 'name': 'Calle de Segovia'}, 'city': 'Ciudad Real', 'state': 'Extremadura', 'country': 'Spain', 'postcode': 39546, 'coordinates': {'latitude': '-32.0567', 'longitude': '108.3199'}, 'timezone': {'offset': '-3:30', 'description': 'Newfoundland'}}, 'email': 'noelia.cortes@example.com', 'login': {'uuid': 'b224d939-5ea0-4a53-abf4-8a9c901588e3', 'username': 'crazyleopard715', 'password': 'wifes', 'salt': '6NaPvm4T', 'md5': 'c688cde9c05f0dfc1d04c1ba80b6c41c', 'sha1': '0f3695d2fd210ac9a7e024d92efe12ea45664451', 'sha256': '6889c1d3f1edaa19e97646e3a1f381b86b47f3a0643594f388fd3977afcd08b5'}, 'dob': {'date': '1979-07-17T09:52:49.421Z', 'age': 44}, 'registered': {'date': '2017-06-15T22:20:36.458Z', 'age': 6}, 'phone': '900-355-823', 'cell': '643-008-955', 'id': {'name': 'DNI', 'value': '85660845-Y'}, 'picture': {'large': 'https://randomuser.me/api/portraits/women/60.jpg', 'medium': 'https://randomuser.me/api/portraits/med/women/60.jpg', 'thumbnail': 'https://randomuser.me/api/portraits/thumb/women/60.jpg'}, 'nat': 'ES'}], 'info': {'seed': '69755f7e61a578f2', 'results': 1, 'page': 1, 'version': '1.4'}}</msg>
<arg>${json_data}</arg>
<doc>Logs the given message with the given level.</doc>
<status status="PASS" start="2024-05-11T13:14:00.762113" elapsed="0.000239"/>
</kw>
<kw name="Should Be String" owner="String">
<arg>${json_data['results'][0]['gender']}</arg>
<doc>Fails if the given ``item`` is not a string.</doc>
<status status="PASS" start="2024-05-11T13:14:00.762655" elapsed="0.000365"/>
</kw>
<kw name="Should Match Regexp" owner="BuiltIn">
<arg>${json_data['results'][0]['email']}</arg>
<arg>^[a-zA-Z0-9._%+-]+@[a-zA-Z0-9.-]+\.[a-zA-Z]{2,}$</arg>
<doc>Fails if ``string`` does not match ``pattern`` as a regular expression.</doc>
<status status="PASS" start="2024-05-11T13:14:00.763217" elapsed="0.000507"/>
</kw>
<kw name="Should Match Regexp" owner="BuiltIn">
<arg>${json_data['results'][0]['dob']['date']}</arg>
<arg>\\d{4}-\\d{2}-\\d{2}T\\d{2}:\\d{2}:\\d{2}\\.\\d{3}Z</arg>
<doc>Fails if ``string`` does not match ``pattern`` as a regular expression.</doc>
<status status="PASS" start="2024-05-11T13:14:00.763919" elapsed="0.000483"/>
</kw>
<kw name="Should Match Regexp" owner="BuiltIn">
<arg>${json_data['results'][0]['registered']['date']}</arg>
<arg>\\d{4}-\\d{2}-\\d{2}T\\d{2}:\\d{2}:\\d{2}\\.\\d{3}Z</arg>
<doc>Fails if ``string`` does not match ``pattern`` as a regular expression.</doc>
<status status="PASS" start="2024-05-11T13:14:00.764649" elapsed="0.000372"/>
</kw>
<kw name="Should Match Regexp" owner="BuiltIn">
<arg>${json_data['results'][0]['picture']['large']}</arg>
<arg>^https?://.*\.(?:png|jpe?g|gif|bmp)$</arg>
<doc>Fails if ``string`` does not match ``pattern`` as a regular expression.</doc>
<status status="PASS" start="2024-05-11T13:14:00.765209" elapsed="0.000463"/>
</kw>
<kw name="Should Match Regexp" owner="BuiltIn">
<arg>${json_data['results'][0]['picture']['medium']}</arg>
<arg>^https?://.*\.(?:png|jpe?g|gif|bmp)$</arg>
<doc>Fails if ``string`` does not match ``pattern`` as a regular expression.</doc>
<status status="PASS" start="2024-05-11T13:14:00.765862" elapsed="0.000362"/>
</kw>
<kw name="Should Match Regexp" owner="BuiltIn">
<arg>${json_data['results'][0]['picture']['thumbnail']}</arg>
<arg>^https?://.*\.(?:png|jpe?g|gif|bmp)$</arg>
<doc>Fails if ``string`` does not match ``pattern`` as a regular expression.</doc>
<status status="PASS" start="2024-05-11T13:14:00.766416" elapsed="0.000354"/>
</kw>
<kw name="Log" owner="BuiltIn">
<msg time="2024-05-11T13:14:00.767273" level="INFO">{'large': 'https://randomuser.me/api/portraits/women/60.jpg', 'medium': 'https://randomuser.me/api/portraits/med/women/60.jpg', 'thumbnail': 'https://randomuser.me/api/portraits/thumb/women/60.jpg'}</msg>
<arg>${json_data['results'][0]['picture']}</arg>
<doc>Logs the given message with the given level.</doc>
<status status="PASS" start="2024-05-11T13:14:00.766952" elapsed="0.000362"/>
</kw>
<status status="PASS" start="2024-05-11T13:14:00.668518" elapsed="0.099048"/>
</kw>
<kw name="Teste de Tipos de Dados - Postcode" owner="random-user-service">
<kw name="GET On Session" owner="RequestsLibrary">
<msg time="2024-05-11T13:14:00.860318" level="INFO">GET Request : url=https://randomuser.me/api 
 path_url=/api 
 headers={'User-Agent': 'python-requests/2.31.0', 'Accept-Encoding': 'gzip, deflate', 'Accept': '*/*', 'Connection': 'keep-alive'} 
 body=None 
 </msg>
<msg time="2024-05-11T13:14:00.860404" level="INFO">GET Response : url=https://randomuser.me/api 
 status=200, reason=OK 
 headers={'Date': 'Sat, 11 May 2024 13:14:00 GMT', 'Content-Type': 'application/json; charset=utf-8', 'Transfer-Encoding': 'chunked', 'Connection': 'keep-alive', 'X-Powered-By': 'Express', 'Access-Control-Allow-Origin': '*', 'Cache-Control': 'no-cache', 'ETag': 'W/"4a0-mGrfNSD4VE7vRhoN16Lx5rsR1Nc"', 'Vary': 'Accept-Encoding', 'Content-Encoding': 'gzip', 'CF-Cache-Status': 'DYNAMIC', 'Report-To': '{"endpoints":[{"url":"https:\\/\\/a.nel.cloudflare.com\\/report\\/v4?s=psBwBG2gBNSE5EQ%2BPWD6ALL9KB4GiOlPekdysZiTk8DD%2BaadA6gZ2FvgVSfKvqXigurtKATWWY361hpfsZDuUiGhQz81PnLvUKYvKgOgDphv7pbKTpVBKxlyW0mVB47v"}],"group":"cf-nel","max_age":604800}', 'NEL': '{"success_fraction":0,"report_to":"cf-nel","max_age":604800}', 'Server': 'cloudflare', 'CF-RAY': '88226dfadf759e56-SJC', 'alt-svc': 'h3=":443"; ma=86400'} 
 body={"results":[{"gender":"male","name":{"title":"Mr","first":"Henry","last":"Tucker"},"location":{"street":{"number":5712,"name":"Lakeshore Rd"},"city":"Bathurst","state":"Australian Capital Territory","country":"Australia","postcode":9951,"coordinates":{"latitude":"-83.6836","longitude":"-21.4413"},"timezone":{"offset":"+5:30","description":"Bombay, Calcutta, Madras, New Delhi"}},"email":"henry.tucker@example.com","login":{"uuid":"6eb96108-b33d-4ae6-948c-857e502c4c13","username":"orangepeacock575","password":"condor","salt":"Snm2O3Aw","md5":"8b69510a33056f4e2c5f0eb467225ff6","sha1":"a894570746ef71a5835ee4a455254d11f92c8047","sha256":"7d5bc6d4543f19313c805f52816fd7f22f4e2b59f195f9585fe2157a0971cd2f"},"dob":{"date":"1965-11-06T08:15:56.348Z","age":58},"registered":{"date":"2011-04-19T04:24:56.310Z","age":13},"phone":"03-0172-7024","cell":"0440-361-853","id":{"name":"TFN","value":"971974541"},"picture":{"large":"https://randomuser.me/api/portraits/men/93.jpg","medium":"https://randomuser.me/api/portraits/med/men/93.jpg","thumbnail":"https://randomuser.me/api/portraits/thumb/men/93.jpg"},"nat":"AU"}],"info":{"seed":"41c19c3e99b1c3ff","results":1,"page":1,"version":"1.4"}} 
 </msg>
<msg time="2024-05-11T13:14:00.860518" level="INFO">/opt/hostedtoolcache/Python/3.12.3/x64/lib/python3.12/site-packages/urllib3/connectionpool.py:1103: InsecureRequestWarning: Unverified HTTPS request is being made to host 'randomuser.me'. Adding certificate verification is strongly advised. See: https://urllib3.readthedocs.io/en/latest/advanced-usage.html#tls-warnings
  warnings.warn(</msg>
<msg time="2024-05-11T13:14:00.860667" level="INFO">${response} = &lt;Response [200]&gt;</msg>
<var>${response}</var>
<arg>consultarAPI</arg>
<arg>/api</arg>
<doc>Sends a GET request on a previously created HTTP Session.</doc>
<status status="PASS" start="2024-05-11T13:14:00.767999" elapsed="0.092726"/>
</kw>
<kw name="Set Variable" owner="BuiltIn">
<msg time="2024-05-11T13:14:00.861622" level="INFO">${json_data} = {'results': [{'gender': 'male', 'name': {'title': 'Mr', 'first': 'Henry', 'last': 'Tucker'}, 'location': {'street': {'number': 5712, 'name': 'Lakeshore Rd'}, 'city': 'Bathurst', 'state': 'Australian C...</msg>
<var>${json_data}</var>
<arg>${response.json()}</arg>
<doc>Returns the given values which can then be assigned to a variables.</doc>
<status status="PASS" start="2024-05-11T13:14:00.861158" elapsed="0.000493"/>
</kw>
<kw name="Log" owner="BuiltIn">
<msg time="2024-05-11T13:14:00.862116" level="INFO">{'results': [{'gender': 'male', 'name': {'title': 'Mr', 'first': 'Henry', 'last': 'Tucker'}, 'location': {'street': {'number': 5712, 'name': 'Lakeshore Rd'}, 'city': 'Bathurst', 'state': 'Australian Capital Territory', 'country': 'Australia', 'postcode': 9951, 'coordinates': {'latitude': '-83.6836', 'longitude': '-21.4413'}, 'timezone': {'offset': '+5:30', 'description': 'Bombay, Calcutta, Madras, New Delhi'}}, 'email': 'henry.tucker@example.com', 'login': {'uuid': '6eb96108-b33d-4ae6-948c-857e502c4c13', 'username': 'orangepeacock575', 'password': 'condor', 'salt': 'Snm2O3Aw', 'md5': '8b69510a33056f4e2c5f0eb467225ff6', 'sha1': 'a894570746ef71a5835ee4a455254d11f92c8047', 'sha256': '7d5bc6d4543f19313c805f52816fd7f22f4e2b59f195f9585fe2157a0971cd2f'}, 'dob': {'date': '1965-11-06T08:15:56.348Z', 'age': 58}, 'registered': {'date': '2011-04-19T04:24:56.310Z', 'age': 13}, 'phone': '03-0172-7024', 'cell': '0440-361-853', 'id': {'name': 'TFN', 'value': '971974541'}, 'picture': {'large': 'https://randomuser.me/api/portraits/men/93.jpg', 'medium': 'https://randomuser.me/api/portraits/med/men/93.jpg', 'thumbnail': 'https://randomuser.me/api/portraits/thumb/men/93.jpg'}, 'nat': 'AU'}], 'info': {'seed': '41c19c3e99b1c3ff', 'results': 1, 'page': 1, 'version': '1.4'}}</msg>
<arg>${json_data}</arg>
<doc>Logs the given message with the given level.</doc>
<status status="PASS" start="2024-05-11T13:14:00.861962" elapsed="0.000233"/>
</kw>
<kw name="Should Be Equal As Numbers" owner="BuiltIn">
<arg>${json_data['results'][0]['location']['postcode']}</arg>
<arg>${json_data['results'][0]['location']['postcode']}</arg>
<doc>Fails if objects are unequal after converting them to real numbers.</doc>
<status status="PASS" start="2024-05-11T13:14:00.862502" elapsed="0.000768"/>
</kw>
<kw name="Log" owner="BuiltIn">
<msg time="2024-05-11T13:14:00.863813" level="INFO">9951</msg>
<arg>${json_data['results'][0]['location']['postcode']}</arg>
<doc>Logs the given message with the given level.</doc>
<status status="PASS" start="2024-05-11T13:14:00.863469" elapsed="0.000385"/>
</kw>
<status status="PASS" start="2024-05-11T13:14:00.767778" elapsed="0.096330"/>
</kw>
<doc>Testa se os tipos de dados na resposta da API estão corretos.</doc>
<tag>testeTiposDados</tag>
<status status="PASS" start="2024-05-11T13:14:00.668078" elapsed="0.196189"/>
</test>
<test id="s1-s1-t5" name="Validar conteudo" line="35">
<kw name="Teste de Tipos de Conteudo" owner="random-user-service">
<kw name="GET On Session" owner="RequestsLibrary">
<msg time="2024-05-11T13:14:00.968172" level="INFO">GET Request : url=https://randomuser.me/api 
 path_url=/api 
 headers={'User-Agent': 'python-requests/2.31.0', 'Accept-Encoding': 'gzip, deflate', 'Accept': '*/*', 'Connection': 'keep-alive'} 
 body=None 
 </msg>
<msg time="2024-05-11T13:14:00.968235" level="INFO">GET Response : url=https://randomuser.me/api 
 status=200, reason=OK 
 headers={'Date': 'Sat, 11 May 2024 13:14:00 GMT', 'Content-Type': 'application/json; charset=utf-8', 'Transfer-Encoding': 'chunked', 'Connection': 'keep-alive', 'X-Powered-By': 'Express', 'Access-Control-Allow-Origin': '*', 'Cache-Control': 'no-cache', 'ETag': 'W/"4a6-hg+R581EHBGICipGTVbwVWIGg/k"', 'Vary': 'Accept-Encoding', 'Content-Encoding': 'gzip', 'CF-Cache-Status': 'DYNAMIC', 'Report-To': '{"endpoints":[{"url":"https:\\/\\/a.nel.cloudflare.com\\/report\\/v4?s=nxWiulHnj8N2CQ0%2BtxZhhbj%2BgbfHwoXe0t3EXIHSTUmqW%2FKWcVGWt95CqSy8Qh3AcpTwvjrXTOM8RZDluW0d7epmXPYvxFHEa216yqprRIQHDVWDGZUDDy3YcOxf%2BTmG"}],"group":"cf-nel","max_age":604800}', 'NEL': '{"success_fraction":0,"report_to":"cf-nel","max_age":604800}', 'Server': 'cloudflare', 'CF-RAY': '88226dfb7fca9e56-SJC', 'alt-svc': 'h3=":443"; ma=86400'} 
 body={"results":[{"gender":"male","name":{"title":"Mr","first":"Clarence","last":"Van Overdijk"},"location":{"street":{"number":1613,"name":"Fonteinkruidweg"},"city":"Dinteloord","state":"Groningen","country":"Netherlands","postcode":"0568 HI","coordinates":{"latitude":"30.1862","longitude":"-51.4432"},"timezone":{"offset":"+8:00","description":"Beijing, Perth, Singapore, Hong Kong"}},"email":"clarence.vanoverdijk@example.com","login":{"uuid":"2dd28263-16a3-41a1-9ecf-7cc008380716","username":"silverzebra543","password":"tiffany","salt":"ezOpgOhY","md5":"c5aa9b2bcf69b3bca32c923fa2ef4dbf","sha1":"8bb0265cd9c31c2df18c919ae273da996273f649","sha256":"f46728f627892762d2f3a6bc1e3178fb6875bb19b7fd3011ea4f6cabf6c31e61"},"dob":{"date":"1990-10-01T09:47:20.540Z","age":33},"registered":{"date":"2018-01-27T01:46:50.419Z","age":6},"phone":"(005) 2504039","cell":"(06) 03388172","id":{"name":"BSN","value":"74540072"},"picture":{"large":"https://randomuser.me/api/portraits/men/0.jpg","medium":"https://randomuser.me/api/portraits/med/men/0.jpg","thumbnail":"https://randomuser.me/api/portraits/thumb/men/0.jpg"},"nat":"NL"}],"info":{"seed":"da89fc1c9dd900fd","results":1,"page":1,"version":"1.4"}} 
 </msg>
<msg time="2024-05-11T13:14:00.968289" level="INFO">/opt/hostedtoolcache/Python/3.12.3/x64/lib/python3.12/site-packages/urllib3/connectionpool.py:1103: InsecureRequestWarning: Unverified HTTPS request is being made to host 'randomuser.me'. Adding certificate verification is strongly advised. See: https://urllib3.readthedocs.io/en/latest/advanced-usage.html#tls-warnings
  warnings.warn(</msg>
<msg time="2024-05-11T13:14:00.968391" level="INFO">${response} = &lt;Response [200]&gt;</msg>
<var>${response}</var>
<arg>consultarAPI</arg>
<arg>/api</arg>
<doc>Sends a GET request on a previously created HTTP Session.</doc>
<status status="PASS" start="2024-05-11T13:14:00.866724" elapsed="0.101710"/>
</kw>
<kw name="Set Variable" owner="BuiltIn">
<msg time="2024-05-11T13:14:00.969244" level="INFO">${json_data} = {'results': [{'gender': 'male', 'name': {'title': 'Mr', 'first': 'Clarence', 'last': 'Van Overdijk'}, 'location': {'street': {'number': 1613, 'name': 'Fonteinkruidweg'}, 'city': 'Dinteloord', 'state':...</msg>
<var>${json_data}</var>
<arg>${response.json()}</arg>
<doc>Returns the given values which can then be assigned to a variables.</doc>
<status status="PASS" start="2024-05-11T13:14:00.968808" elapsed="0.000464"/>
</kw>
<kw name="Set Variable" owner="BuiltIn">
<msg time="2024-05-11T13:14:00.969958" level="INFO">${name_title} = Mr</msg>
<var>${name_title}</var>
<arg>${json_data["results"][0]["name"]["title"]}</arg>
<doc>Returns the given values which can then be assigned to a variables.</doc>
<status status="PASS" start="2024-05-11T13:14:00.969573" elapsed="0.000410"/>
</kw>
<kw name="Create List" owner="BuiltIn">
<msg time="2024-05-11T13:14:00.970427" level="INFO">${allowed_titles} = ['Mr', 'Ms', 'Miss', 'Mrs', 'Madame', 'Monsieur']</msg>
<var>${allowed_titles}</var>
<arg>Mr</arg>
<arg>Ms</arg>
<arg>Miss</arg>
<arg>Mrs</arg>
<arg>Madame</arg>
<arg>Monsieur</arg>
<doc>Returns a list containing given items.</doc>
<status status="PASS" start="2024-05-11T13:14:00.970279" elapsed="0.000172"/>
</kw>
<kw name="List Should Contain Value" owner="Collections">
<msg time="2024-05-11T13:14:00.970911" level="INFO">False</msg>
<arg>${allowed_titles}</arg>
<arg>${name_title}</arg>
<doc>Fails if the ``value`` is not found from ``list``.</doc>
<status status="PASS" start="2024-05-11T13:14:00.970745" elapsed="0.000202"/>
</kw>
<kw name="Set Variable" owner="BuiltIn">
<msg time="2024-05-11T13:14:00.971612" level="INFO">${name_country} = NL</msg>
<var>${name_country}</var>
<arg>${json_data["results"][0]["nat"]}</arg>
<doc>Returns the given values which can then be assigned to a variables.</doc>
<status status="PASS" start="2024-05-11T13:14:00.971237" elapsed="0.000400"/>
</kw>
<kw name="Create List" owner="BuiltIn">
<msg time="2024-05-11T13:14:00.972568" level="INFO">${list_country} = ['AD', 'AE', 'AF', 'AG', 'AI', 'AL', 'AM', 'AO', 'AQ', 'AR', 'AS', 'AT', 'AU', 'AW', 'AX', 'AZ', 'BA', 'BB', 'BD', 'BE', 'BF', 'BG', 'BH', 'BI', 'BJ', 'BL', 'BM', 'BN', 'BO', 'BQ', 'BR', 'BS', 'BT', '...</msg>
<var>${list_country}</var>
<arg>AD</arg>
<arg>AE</arg>
<arg>AF</arg>
<arg>AG</arg>
<arg>AI</arg>
<arg>AL</arg>
<arg>AM</arg>
<arg>AO</arg>
<arg>AQ</arg>
<arg>AR</arg>
<arg>AS</arg>
<arg>AT</arg>
<arg>AU</arg>
<arg>AW</arg>
<arg>AX</arg>
<arg>AZ</arg>
<arg>BA</arg>
<arg>BB</arg>
<arg>BD</arg>
<arg>BE</arg>
<arg>BF</arg>
<arg>BG</arg>
<arg>BH</arg>
<arg>BI</arg>
<arg>BJ</arg>
<arg>BL</arg>
<arg>BM</arg>
<arg>BN</arg>
<arg>BO</arg>
<arg>BQ</arg>
<arg>BR</arg>
<arg>BS</arg>
<arg>BT</arg>
<arg>BV</arg>
<arg>BW</arg>
<arg>BY</arg>
<arg>BZ</arg>
<arg>CA</arg>
<arg>CC</arg>
<arg>CD</arg>
<arg>CF</arg>
<arg>CG</arg>
<arg>CH</arg>
<arg>CI</arg>
<arg>CK</arg>
<arg>CL</arg>
<arg>CM</arg>
<arg>CN</arg>
<arg>CO</arg>
<arg>CR</arg>
<arg>CU</arg>
<arg>CV</arg>
<arg>CW</arg>
<arg>CX</arg>
<arg>CY</arg>
<arg>CZ</arg>
<arg>DE</arg>
<arg>DJ</arg>
<arg>DK</arg>
<arg>DM</arg>
<arg>DO</arg>
<arg>DZ</arg>
<arg>EC</arg>
<arg>EE</arg>
<arg>EG</arg>
<arg>EH</arg>
<arg>ER</arg>
<arg>ES</arg>
<arg>ET</arg>
<arg>FI</arg>
<arg>FJ</arg>
<arg>FK</arg>
<arg>FM</arg>
<arg>FO</arg>
<arg>FR</arg>
<arg>GA</arg>
<arg>GB</arg>
<arg>GD</arg>
<arg>GE</arg>
<arg>GF</arg>
<arg>GG</arg>
<arg>GH</arg>
<arg>GI</arg>
<arg>GL</arg>
<arg>GM</arg>
<arg>GN</arg>
<arg>GP</arg>
<arg>GQ</arg>
<arg>GR</arg>
<arg>GS</arg>
<arg>GT</arg>
<arg>GU</arg>
<arg>GW</arg>
<arg>GY</arg>
<arg>HK</arg>
<arg>HM</arg>
<arg>HN</arg>
<arg>HR</arg>
<arg>HT</arg>
<arg>HU</arg>
<arg>ID</arg>
<arg>IE</arg>
<arg>IL</arg>
<arg>IM</arg>
<arg>IN</arg>
<arg>IO</arg>
<arg>IQ</arg>
<arg>IR</arg>
<arg>IS</arg>
<arg>IT</arg>
<arg>JE</arg>
<arg>JM</arg>
<arg>JO</arg>
<arg>JP</arg>
<arg>KE</arg>
<arg>KG</arg>
<arg>KH</arg>
<arg>KI</arg>
<arg>KM</arg>
<arg>KN</arg>
<arg>KP</arg>
<arg>KR</arg>
<arg>KW</arg>
<arg>KY</arg>
<arg>KZ</arg>
<arg>LA</arg>
<arg>LB</arg>
<arg>LC</arg>
<arg>LI</arg>
<arg>LK</arg>
<arg>LR</arg>
<arg>LS</arg>
<arg>LT</arg>
<arg>LU</arg>
<arg>LV</arg>
<arg>LY</arg>
<arg>MA</arg>
<arg>MC</arg>
<arg>MD</arg>
<arg>ME</arg>
<arg>MF</arg>
<arg>MG</arg>
<arg>MH</arg>
<arg>MK</arg>
<arg>ML</arg>
<arg>MM</arg>
<arg>MN</arg>
<arg>MO</arg>
<arg>MP</arg>
<arg>MQ</arg>
<arg>MR</arg>
<arg>MS</arg>
<arg>MT</arg>
<arg>MU</arg>
<arg>MV</arg>
<arg>MW</arg>
<arg>MX</arg>
<arg>MY</arg>
<arg>MZ</arg>
<arg>NA</arg>
<arg>NC</arg>
<arg>NE</arg>
<arg>NF</arg>
<arg>NG</arg>
<arg>NI</arg>
<arg>NL</arg>
<arg>NO</arg>
<arg>NP</arg>
<arg>NR</arg>
<arg>NU</arg>
<arg>NZ</arg>
<arg>OM</arg>
<arg>PA</arg>
<arg>PE</arg>
<arg>PF</arg>
<arg>PG</arg>
<arg>PH</arg>
<arg>PK</arg>
<arg>PL</arg>
<arg>PM</arg>
<arg>PN</arg>
<arg>PR</arg>
<arg>PS</arg>
<arg>PT</arg>
<arg>PW</arg>
<arg>PY</arg>
<arg>QA</arg>
<arg>RE</arg>
<arg>RO</arg>
<arg>RS</arg>
<arg>RU</arg>
<arg>RW</arg>
<arg>SA</arg>
<arg>SB</arg>
<arg>SC</arg>
<arg>SD</arg>
<arg>SE</arg>
<arg>SG</arg>
<arg>SH</arg>
<arg>SI</arg>
<arg>SJ</arg>
<arg>SK</arg>
<arg>SL</arg>
<arg>SM</arg>
<arg>SN</arg>
<arg>SO</arg>
<arg>SR</arg>
<arg>SS</arg>
<arg>ST</arg>
<arg>SV</arg>
<arg>SX</arg>
<arg>SY</arg>
<arg>SZ</arg>
<arg>TC</arg>
<arg>TD</arg>
<arg>TF</arg>
<arg>TG</arg>
<arg>TH</arg>
<arg>TJ</arg>
<arg>TK</arg>
<arg>TL</arg>
<arg>TM</arg>
<arg>TN</arg>
<arg>TO</arg>
<arg>TR</arg>
<arg>TT</arg>
<arg>TV</arg>
<arg>TW</arg>
<arg>TZ</arg>
<arg>UA</arg>
<arg>UG</arg>
<arg>UM</arg>
<arg>US</arg>
<arg>UY</arg>
<arg>UZ</arg>
<arg>VA</arg>
<arg>VC</arg>
<arg>VE</arg>
<arg>VG</arg>
<arg>VI</arg>
<arg>VN</arg>
<arg>VU</arg>
<arg>WF</arg>
<arg>WS</arg>
<arg>XK</arg>
<arg>YE</arg>
<arg>YT</arg>
<arg>ZA</arg>
<arg>ZM</arg>
<arg>ZW</arg>
<doc>Returns a list containing given items.</doc>
<status status="PASS" start="2024-05-11T13:14:00.971932" elapsed="0.000664"/>
</kw>
<kw name="List Should Contain Value" owner="Collections">
<msg time="2024-05-11T13:14:00.973588" level="INFO">False</msg>
<arg>${list_country}</arg>
<arg>${name_country}</arg>
<doc>Fails if the ``value`` is not found from ``list``.</doc>
<status status="PASS" start="2024-05-11T13:14:00.973388" elapsed="0.000237"/>
</kw>
<kw name="Run Keyword If" owner="BuiltIn">
<kw name="Should Be True" owner="BuiltIn">
<arg>${True}</arg>
<doc>Fails if the given condition is not true.</doc>
<status status="PASS" start="2024-05-11T13:14:00.974673" elapsed="0.000142"/>
</kw>
<arg>${json_data["results"][0]["location"]["coordinates"]["latitude"]} &gt;= -90 and ${json_data["results"][0]["location"]["coordinates"]["latitude"]} &lt;= 90</arg>
<arg>Should Be True</arg>
<arg>${True}</arg>
<doc>Runs the given keyword with the given arguments, if ``condition`` is true.</doc>
<status status="PASS" start="2024-05-11T13:14:00.973931" elapsed="0.001010"/>
</kw>
<kw name="Run Keyword If" owner="BuiltIn">
<kw name="Should Be True" owner="BuiltIn">
<arg>${True}</arg>
<doc>Fails if the given condition is not true.</doc>
<status status="PASS" start="2024-05-11T13:14:00.975818" elapsed="0.000243"/>
</kw>
<arg>${json_data["results"][0]["location"]["coordinates"]["longitude"]} &gt;= -180 and ${json_data["results"][0]["location"]["coordinates"]["longitude"]} &lt;= 180</arg>
<arg>Should Be True</arg>
<arg>${True}</arg>
<doc>Runs the given keyword with the given arguments, if ``condition`` is true.</doc>
<status status="PASS" start="2024-05-11T13:14:00.975126" elapsed="0.001070"/>
</kw>
<status status="PASS" start="2024-05-11T13:14:00.866496" elapsed="0.109831"/>
</kw>
<doc>Testa o conteúdo específico dos campos retornados pela API.</doc>
<tag>testeConteudo</tag>
<status status="PASS" start="2024-05-11T13:14:00.866069" elapsed="0.110432"/>
</test>
<status status="PASS" start="2024-05-11T13:13:59.979712" elapsed="0.998731"/>
</suite>
<status status="PASS" start="2024-05-11T13:13:59.966271" elapsed="1.017256"/>
</suite>
<statistics>
<total>
<stat pass="5" fail="0" skip="0">All Tests</stat>
</total>
<tag>
<stat pass="1" fail="0" skip="0">testeConteudo</stat>
<stat pass="1" fail="0" skip="0">testeEstruturaResposta</stat>
<stat pass="1" fail="0" skip="0">testeRequisicaoBasica</stat>
<stat pass="1" fail="0" skip="0">testeTiposDados</stat>
</tag>
<suite>
<stat pass="5" fail="0" skip="0" id="s1" name="Tests">Tests</stat>
<stat pass="5" fail="0" skip="0" id="s1-s1" name="Random-User-Test">Tests.Random-User-Test</stat>
</suite>
</statistics>
<errors>
</errors>
</robot>
