<?xml version="1.0" encoding="UTF-8"?>
<robot generator="Robot 7.0.1 (Python 3.12.4 on linux)" generated="2024-07-16T19:13:17.924902" rpa="false" schemaversion="5">
<suite id="s1" name="Tests" source="/home/runner/work/ApiRandomUser/ApiRandomUser/RamdonUser/tests">
<suite id="s1-s1" name="Random-User-Test" source="/home/runner/work/ApiRandomUser/ApiRandomUser/RamdonUser/tests/random-user-test.robot">
<test id="s1-s1-t1" name="Conectar" line="13">
<kw name="Conectar API" owner="random-user-service">
<kw name="Create Session" owner="RequestsLibrary">
<msg time="2024-07-16T19:13:18.366386" level="INFO">Creating Session using : alias=consultarAPI, url=https://randomuser.me/, headers={},                     cookies={}, auth=None, timeout=None, proxies=None, verify=False,                     debug=0 </msg>
<arg>consultarAPI</arg>
<arg>${URL}</arg>
<doc>Create Session: create a HTTP session to a server</doc>
<status status="PASS" start="2024-07-16T19:13:18.366149" elapsed="0.000469"/>
</kw>
<status status="PASS" start="2024-07-16T19:13:18.365061" elapsed="0.001962"/>
</kw>
<status status="PASS" start="2024-07-16T19:13:18.364470" elapsed="0.002750"/>
</test>
<test id="s1-s1-t2" name="Validar retorno 200 e JSON Válido" line="16">
<kw name="Teste de Requisicao Basica" owner="random-user-service">
<kw name="GET On Session" owner="RequestsLibrary">
<msg time="2024-07-16T19:13:18.495809" level="INFO">GET Request : url=https://randomuser.me/api 
 path_url=/api 
 headers={'User-Agent': 'python-requests/2.32.3', 'Accept-Encoding': 'gzip, deflate', 'Accept': '*/*', 'Connection': 'keep-alive'} 
 body=None 
 </msg>
<msg time="2024-07-16T19:13:18.495980" level="INFO">GET Response : url=https://randomuser.me/api 
 status=200, reason=OK 
 headers={'Date': 'Tue, 16 Jul 2024 19:13:18 GMT', 'Content-Type': 'application/json; charset=utf-8', 'Transfer-Encoding': 'chunked', 'Connection': 'keep-alive', 'X-Powered-By': 'Express', 'Access-Control-Allow-Origin': '*', 'Cache-Control': 'no-cache', 'ETag': 'W/"492-paXqOKZojdvcp/EeCbWX9XFIsmo"', 'Vary': 'Accept-Encoding', 'Content-Encoding': 'gzip', 'CF-Cache-Status': 'DYNAMIC', 'Report-To': '{"endpoints":[{"url":"https:\\/\\/a.nel.cloudflare.com\\/report\\/v4?s=eyBH7E89oJ0%2FeQQo5OfIhwh86SPc2sEcnJXqwt%2FkyCTapDaUxWePHOAkq9PkSuw3AImfL47ksQK%2BGCXyJ9970vn2nP7oxZCj07UrUTpcjU6WrGB7aKoxeQHaHc26dRMk"}],"group":"cf-nel","max_age":604800}', 'NEL': '{"success_fraction":0,"report_to":"cf-nel","max_age":604800}', 'Server': 'cloudflare', 'CF-RAY': '8a444f0a09fe1664-SJC', 'alt-svc': 'h3=":443"; ma=86400'} 
 body={"results":[{"gender":"female","name":{"title":"Ms","first":"Silke","last":"Sørensen"},"location":{"street":{"number":5078,"name":"Nymarksvej"},"city":"Nørre Sundby","state":"Danmark","country":"Denmark","postcode":68185,"coordinates":{"latitude":"-45.4614","longitude":"21.9945"},"timezone":{"offset":"+1:00","description":"Brussels, Copenhagen, Madrid, Paris"}},"email":"silke.sorensen@example.com","login":{"uuid":"eef78980-a6f2-44e2-8514-f6c41baf4cd5","username":"crazyzebra488","password":"bearbear","salt":"B0jq5iVt","md5":"f3014757e46a17daf84d90061dfff73b","sha1":"d5230c305a226a0b718c73c5210232966c9b2dcb","sha256":"162c0a9e35da30af31b3af1c378789f3204e1841efedcdcbeecd999da02f6105"},"dob":{"date":"1988-01-16T01:46:09.082Z","age":36},"registered":{"date":"2008-06-27T10:14:53.684Z","age":16},"phone":"76927832","cell":"95820959","id":{"name":"CPR","value":"150188-1014"},"picture":{"large":"https://randomuser.me/api/portraits/women/10.jpg","medium":"https://randomuser.me/api/portraits/med/women/10.jpg","thumbnail":"https://randomuser.me/api/portraits/thumb/women/10.jpg"},"nat":"DK"}],"info":{"seed":"8d4c50982e74df4e","results":1,"page":1,"version":"1.4"}} 
 </msg>
<msg time="2024-07-16T19:13:18.496083" level="INFO">/opt/hostedtoolcache/Python/3.12.4/x64/lib/python3.12/site-packages/urllib3/connectionpool.py:1099: InsecureRequestWarning: Unverified HTTPS request is being made to host 'randomuser.me'. Adding certificate verification is strongly advised. See: https://urllib3.readthedocs.io/en/latest/advanced-usage.html#tls-warnings
  warnings.warn(</msg>
<msg time="2024-07-16T19:13:18.496252" level="INFO">${response} = &lt;Response [200]&gt;</msg>
<var>${response}</var>
<arg>consultarAPI</arg>
<arg>/api</arg>
<doc>Sends a GET request on a previously created HTTP Session.</doc>
<status status="PASS" start="2024-07-16T19:13:18.369885" elapsed="0.126411"/>
</kw>
<kw name="Should Be Equal As Numbers" owner="BuiltIn">
<msg time="2024-07-16T19:13:18.497413" level="INFO">Argument types are:
&lt;class 'int'&gt;
&lt;class 'str'&gt;</msg>
<arg>${response.status_code}</arg>
<arg>200</arg>
<doc>Fails if objects are unequal after converting them to real numbers.</doc>
<status status="PASS" start="2024-07-16T19:13:18.496904" elapsed="0.000582"/>
</kw>
<kw name="Log" owner="BuiltIn">
<msg time="2024-07-16T19:13:18.498332" level="INFO">200</msg>
<arg>${response.status_code}</arg>
<doc>Logs the given message with the given level.</doc>
<status status="PASS" start="2024-07-16T19:13:18.497929" elapsed="0.000450"/>
</kw>
<kw name="Set Variable" owner="BuiltIn">
<msg time="2024-07-16T19:13:18.499199" level="INFO">${json_data} = {'results': [{'gender': 'female', 'name': {'title': 'Ms', 'first': 'Silke', 'last': 'Sørensen'}, 'location': {'street': {'number': 5078, 'name': 'Nymarksvej'}, 'city': 'Nørre Sundby', 'state': 'Danmar...</msg>
<var>${json_data}</var>
<arg>${response.json()}</arg>
<doc>Returns the given values which can then be assigned to a variables.</doc>
<status status="PASS" start="2024-07-16T19:13:18.498728" elapsed="0.000501"/>
</kw>
<kw name="Dictionary Should Contain Key" owner="Collections">
<arg>${json_data}</arg>
<arg>results</arg>
<doc>Fails if ``key`` is not found from ``dictionary``.</doc>
<status status="PASS" start="2024-07-16T19:13:18.499556" elapsed="0.000187"/>
</kw>
<status status="PASS" start="2024-07-16T19:13:18.369600" elapsed="0.130302"/>
</kw>
<doc>Testa se a API responde corretamente e retorna um objeto JSON válido.</doc>
<tag>testeRequisicaoBasica</tag>
<status status="PASS" start="2024-07-16T19:13:18.369117" elapsed="0.130977"/>
</test>
<test id="s1-s1-t3" name="Validar estrutura de resposta" line="22">
<kw name="Teste de Estrutura de Resposta" owner="random-user-service">
<kw name="GET On Session" owner="RequestsLibrary">
<msg time="2024-07-16T19:13:18.603371" level="INFO">GET Request : url=https://randomuser.me/api 
 path_url=/api 
 headers={'User-Agent': 'python-requests/2.32.3', 'Accept-Encoding': 'gzip, deflate', 'Accept': '*/*', 'Connection': 'keep-alive'} 
 body=None 
 </msg>
<msg time="2024-07-16T19:13:18.603483" level="INFO">GET Response : url=https://randomuser.me/api 
 status=200, reason=OK 
 headers={'Date': 'Tue, 16 Jul 2024 19:13:18 GMT', 'Content-Type': 'application/json; charset=utf-8', 'Transfer-Encoding': 'chunked', 'Connection': 'keep-alive', 'X-Powered-By': 'Express', 'Access-Control-Allow-Origin': '*', 'Cache-Control': 'no-cache', 'ETag': 'W/"487-QInvOBL55W54pdL54FpSarYW7B8"', 'Vary': 'Accept-Encoding', 'Content-Encoding': 'gzip', 'CF-Cache-Status': 'DYNAMIC', 'Report-To': '{"endpoints":[{"url":"https:\\/\\/a.nel.cloudflare.com\\/report\\/v4?s=KWSMXuQeMmUQRiZQjVbykJ5aHJXk6SN18EK3bl2qcUBUfoOHMg2UZb%2BbG21sxC3La5yXv%2BoizKR7qTI0KaRQ9M274I%2FBBwbtGl0xc6Zlceb0GhIphIOc00z0NffRgG5o"}],"group":"cf-nel","max_age":604800}', 'NEL': '{"success_fraction":0,"report_to":"cf-nel","max_age":604800}', 'Server': 'cloudflare', 'CF-RAY': '8a444f0aba881664-SJC', 'alt-svc': 'h3=":443"; ma=86400'} 
 body={"results":[{"gender":"male","name":{"title":"Mr","first":"Justus","last":"Nijveld"},"location":{"street":{"number":4653,"name":"Dr. Colijnlaan"},"city":"Menameradiel","state":"Zuid-Holland","country":"Netherlands","postcode":"4954 QN","coordinates":{"latitude":"34.2826","longitude":"-52.7923"},"timezone":{"offset":"+9:30","description":"Adelaide, Darwin"}},"email":"justus.nijveld@example.com","login":{"uuid":"78e778f3-864b-4c66-bfd2-66bb0fcf49d5","username":"tinydog482","password":"vedder","salt":"IysSXyyC","md5":"7953acfa499aa779e63a405203af813d","sha1":"7922df9cec1b2ea80c81696ea0a4375775dd30d5","sha256":"38b1c414c86fdfb18c2207e2b3ca7a8fc0019aec9905b0384724db608d548044"},"dob":{"date":"1969-03-14T13:08:16.906Z","age":55},"registered":{"date":"2017-01-24T20:54:18.221Z","age":7},"phone":"(0931) 630408","cell":"(06) 69638981","id":{"name":"BSN","value":"58696989"},"picture":{"large":"https://randomuser.me/api/portraits/men/69.jpg","medium":"https://randomuser.me/api/portraits/med/men/69.jpg","thumbnail":"https://randomuser.me/api/portraits/thumb/men/69.jpg"},"nat":"NL"}],"info":{"seed":"ef390ec448a5a586","results":1,"page":1,"version":"1.4"}} 
 </msg>
<msg time="2024-07-16T19:13:18.603633" level="INFO">/opt/hostedtoolcache/Python/3.12.4/x64/lib/python3.12/site-packages/urllib3/connectionpool.py:1099: InsecureRequestWarning: Unverified HTTPS request is being made to host 'randomuser.me'. Adding certificate verification is strongly advised. See: https://urllib3.readthedocs.io/en/latest/advanced-usage.html#tls-warnings
  warnings.warn(</msg>
<msg time="2024-07-16T19:13:18.603780" level="INFO">${response} = &lt;Response [200]&gt;</msg>
<var>${response}</var>
<arg>consultarAPI</arg>
<arg>/api</arg>
<doc>Sends a GET request on a previously created HTTP Session.</doc>
<status status="PASS" start="2024-07-16T19:13:18.502844" elapsed="0.100982"/>
</kw>
<kw name="Set Variable" owner="BuiltIn">
<msg time="2024-07-16T19:13:18.605234" level="INFO">${json_data} = {'results': [{'gender': 'male', 'name': {'title': 'Mr', 'first': 'Justus', 'last': 'Nijveld'}, 'location': {'street': {'number': 4653, 'name': 'Dr. Colijnlaan'}, 'city': 'Menameradiel', 'state': 'Zuid...</msg>
<var>${json_data}</var>
<arg>${response.json()}</arg>
<doc>Returns the given values which can then be assigned to a variables.</doc>
<status status="PASS" start="2024-07-16T19:13:18.604529" elapsed="0.000753"/>
</kw>
<kw name="Log" owner="BuiltIn">
<msg time="2024-07-16T19:13:18.606140" level="INFO">{'results': [{'gender': 'male', 'name': {'title': 'Mr', 'first': 'Justus', 'last': 'Nijveld'}, 'location': {'street': {'number': 4653, 'name': 'Dr. Colijnlaan'}, 'city': 'Menameradiel', 'state': 'Zuid-Holland', 'country': 'Netherlands', 'postcode': '4954 QN', 'coordinates': {'latitude': '34.2826', 'longitude': '-52.7923'}, 'timezone': {'offset': '+9:30', 'description': 'Adelaide, Darwin'}}, 'email': 'justus.nijveld@example.com', 'login': {'uuid': '78e778f3-864b-4c66-bfd2-66bb0fcf49d5', 'username': 'tinydog482', 'password': 'vedder', 'salt': 'IysSXyyC', 'md5': '7953acfa499aa779e63a405203af813d', 'sha1': '7922df9cec1b2ea80c81696ea0a4375775dd30d5', 'sha256': '38b1c414c86fdfb18c2207e2b3ca7a8fc0019aec9905b0384724db608d548044'}, 'dob': {'date': '1969-03-14T13:08:16.906Z', 'age': 55}, 'registered': {'date': '2017-01-24T20:54:18.221Z', 'age': 7}, 'phone': '(0931) 630408', 'cell': '(06) 69638981', 'id': {'name': 'BSN', 'value': '58696989'}, 'picture': {'large': 'https://randomuser.me/api/portraits/men/69.jpg', 'medium': 'https://randomuser.me/api/portraits/med/men/69.jpg', 'thumbnail': 'https://randomuser.me/api/portraits/thumb/men/69.jpg'}, 'nat': 'NL'}], 'info': {'seed': 'ef390ec448a5a586', 'results': 1, 'page': 1, 'version': '1.4'}}</msg>
<arg>${json_data}</arg>
<doc>Logs the given message with the given level.</doc>
<status status="PASS" start="2024-07-16T19:13:18.605797" elapsed="0.000427"/>
</kw>
<kw name="Dictionary Should Contain Key" owner="Collections">
<arg>${json_data}</arg>
<arg>results</arg>
<doc>Fails if ``key`` is not found from ``dictionary``.</doc>
<status status="PASS" start="2024-07-16T19:13:18.606602" elapsed="0.000196"/>
</kw>
<kw name="Should Not Be Empty" owner="BuiltIn">
<msg time="2024-07-16T19:13:18.607151" level="INFO">Length is 2.</msg>
<arg>${json_data}</arg>
<doc>Verifies that the given item is not empty.</doc>
<status status="PASS" start="2024-07-16T19:13:18.606998" elapsed="0.000194"/>
</kw>
<kw name="Create List" owner="BuiltIn">
<msg time="2024-07-16T19:13:18.607864" level="INFO">${expected_keys} = ['gender', 'name', 'location', 'email', 'login']</msg>
<var>${expected_keys}</var>
<arg>gender</arg>
<arg>name</arg>
<arg>location</arg>
<arg>email</arg>
<arg>login</arg>
<doc>Returns a list containing given items.</doc>
<status status="PASS" start="2024-07-16T19:13:18.607512" elapsed="0.000379"/>
</kw>
<for flavor="IN">
<iter>
<kw name="Dictionary Should Contain Key" owner="Collections">
<arg>${json_data['results'][0]}</arg>
<arg>${key}</arg>
<doc>Fails if ``key`` is not found from ``dictionary``.</doc>
<status status="PASS" start="2024-07-16T19:13:18.608502" elapsed="0.000436"/>
</kw>
<kw name="Log" owner="BuiltIn">
<msg time="2024-07-16T19:13:18.609494" level="INFO">{'gender': 'male', 'name': {'title': 'Mr', 'first': 'Justus', 'last': 'Nijveld'}, 'location': {'street': {'number': 4653, 'name': 'Dr. Colijnlaan'}, 'city': 'Menameradiel', 'state': 'Zuid-Holland', 'country': 'Netherlands', 'postcode': '4954 QN', 'coordinates': {'latitude': '34.2826', 'longitude': '-52.7923'}, 'timezone': {'offset': '+9:30', 'description': 'Adelaide, Darwin'}}, 'email': 'justus.nijveld@example.com', 'login': {'uuid': '78e778f3-864b-4c66-bfd2-66bb0fcf49d5', 'username': 'tinydog482', 'password': 'vedder', 'salt': 'IysSXyyC', 'md5': '7953acfa499aa779e63a405203af813d', 'sha1': '7922df9cec1b2ea80c81696ea0a4375775dd30d5', 'sha256': '38b1c414c86fdfb18c2207e2b3ca7a8fc0019aec9905b0384724db608d548044'}, 'dob': {'date': '1969-03-14T13:08:16.906Z', 'age': 55}, 'registered': {'date': '2017-01-24T20:54:18.221Z', 'age': 7}, 'phone': '(0931) 630408', 'cell': '(06) 69638981', 'id': {'name': 'BSN', 'value': '58696989'}, 'picture': {'large': 'https://randomuser.me/api/portraits/men/69.jpg', 'medium': 'https://randomuser.me/api/portraits/med/men/69.jpg', 'thumbnail': 'https://randomuser.me/api/portraits/thumb/men/69.jpg'}, 'nat': 'NL'}</msg>
<arg>${json_data['results'][0]}</arg>
<doc>Logs the given message with the given level.</doc>
<status status="PASS" start="2024-07-16T19:13:18.609127" elapsed="0.000418"/>
</kw>
<kw name="Log" owner="BuiltIn">
<msg time="2024-07-16T19:13:18.610032" level="INFO">gender</msg>
<arg>${key}</arg>
<doc>Logs the given message with the given level.</doc>
<status status="PASS" start="2024-07-16T19:13:18.609890" elapsed="0.000182"/>
</kw>
<var name="${key}">gender</var>
<status status="PASS" start="2024-07-16T19:13:18.608372" elapsed="0.001922"/>
</iter>
<iter>
<kw name="Dictionary Should Contain Key" owner="Collections">
<arg>${json_data['results'][0]}</arg>
<arg>${key}</arg>
<doc>Fails if ``key`` is not found from ``dictionary``.</doc>
<status status="PASS" start="2024-07-16T19:13:18.610607" elapsed="0.000410"/>
</kw>
<kw name="Log" owner="BuiltIn">
<msg time="2024-07-16T19:13:18.611572" level="INFO">{'gender': 'male', 'name': {'title': 'Mr', 'first': 'Justus', 'last': 'Nijveld'}, 'location': {'street': {'number': 4653, 'name': 'Dr. Colijnlaan'}, 'city': 'Menameradiel', 'state': 'Zuid-Holland', 'country': 'Netherlands', 'postcode': '4954 QN', 'coordinates': {'latitude': '34.2826', 'longitude': '-52.7923'}, 'timezone': {'offset': '+9:30', 'description': 'Adelaide, Darwin'}}, 'email': 'justus.nijveld@example.com', 'login': {'uuid': '78e778f3-864b-4c66-bfd2-66bb0fcf49d5', 'username': 'tinydog482', 'password': 'vedder', 'salt': 'IysSXyyC', 'md5': '7953acfa499aa779e63a405203af813d', 'sha1': '7922df9cec1b2ea80c81696ea0a4375775dd30d5', 'sha256': '38b1c414c86fdfb18c2207e2b3ca7a8fc0019aec9905b0384724db608d548044'}, 'dob': {'date': '1969-03-14T13:08:16.906Z', 'age': 55}, 'registered': {'date': '2017-01-24T20:54:18.221Z', 'age': 7}, 'phone': '(0931) 630408', 'cell': '(06) 69638981', 'id': {'name': 'BSN', 'value': '58696989'}, 'picture': {'large': 'https://randomuser.me/api/portraits/men/69.jpg', 'medium': 'https://randomuser.me/api/portraits/med/men/69.jpg', 'thumbnail': 'https://randomuser.me/api/portraits/thumb/men/69.jpg'}, 'nat': 'NL'}</msg>
<arg>${json_data['results'][0]}</arg>
<doc>Logs the given message with the given level.</doc>
<status status="PASS" start="2024-07-16T19:13:18.611212" elapsed="0.000447"/>
</kw>
<kw name="Log" owner="BuiltIn">
<msg time="2024-07-16T19:13:18.612102" level="INFO">name</msg>
<arg>${key}</arg>
<doc>Logs the given message with the given level.</doc>
<status status="PASS" start="2024-07-16T19:13:18.611971" elapsed="0.000169"/>
</kw>
<var name="${key}">name</var>
<status status="PASS" start="2024-07-16T19:13:18.610492" elapsed="0.001873"/>
</iter>
<iter>
<kw name="Dictionary Should Contain Key" owner="Collections">
<arg>${json_data['results'][0]}</arg>
<arg>${key}</arg>
<doc>Fails if ``key`` is not found from ``dictionary``.</doc>
<status status="PASS" start="2024-07-16T19:13:18.612665" elapsed="0.000389"/>
</kw>
<kw name="Log" owner="BuiltIn">
<msg time="2024-07-16T19:13:18.613589" level="INFO">{'gender': 'male', 'name': {'title': 'Mr', 'first': 'Justus', 'last': 'Nijveld'}, 'location': {'street': {'number': 4653, 'name': 'Dr. Colijnlaan'}, 'city': 'Menameradiel', 'state': 'Zuid-Holland', 'country': 'Netherlands', 'postcode': '4954 QN', 'coordinates': {'latitude': '34.2826', 'longitude': '-52.7923'}, 'timezone': {'offset': '+9:30', 'description': 'Adelaide, Darwin'}}, 'email': 'justus.nijveld@example.com', 'login': {'uuid': '78e778f3-864b-4c66-bfd2-66bb0fcf49d5', 'username': 'tinydog482', 'password': 'vedder', 'salt': 'IysSXyyC', 'md5': '7953acfa499aa779e63a405203af813d', 'sha1': '7922df9cec1b2ea80c81696ea0a4375775dd30d5', 'sha256': '38b1c414c86fdfb18c2207e2b3ca7a8fc0019aec9905b0384724db608d548044'}, 'dob': {'date': '1969-03-14T13:08:16.906Z', 'age': 55}, 'registered': {'date': '2017-01-24T20:54:18.221Z', 'age': 7}, 'phone': '(0931) 630408', 'cell': '(06) 69638981', 'id': {'name': 'BSN', 'value': '58696989'}, 'picture': {'large': 'https://randomuser.me/api/portraits/men/69.jpg', 'medium': 'https://randomuser.me/api/portraits/med/men/69.jpg', 'thumbnail': 'https://randomuser.me/api/portraits/thumb/men/69.jpg'}, 'nat': 'NL'}</msg>
<arg>${json_data['results'][0]}</arg>
<doc>Logs the given message with the given level.</doc>
<status status="PASS" start="2024-07-16T19:13:18.613236" elapsed="0.000400"/>
</kw>
<kw name="Log" owner="BuiltIn">
<msg time="2024-07-16T19:13:18.614141" level="INFO">location</msg>
<arg>${key}</arg>
<doc>Logs the given message with the given level.</doc>
<status status="PASS" start="2024-07-16T19:13:18.614007" elapsed="0.000171"/>
</kw>
<var name="${key}">location</var>
<status status="PASS" start="2024-07-16T19:13:18.612555" elapsed="0.001843"/>
</iter>
<iter>
<kw name="Dictionary Should Contain Key" owner="Collections">
<arg>${json_data['results'][0]}</arg>
<arg>${key}</arg>
<doc>Fails if ``key`` is not found from ``dictionary``.</doc>
<status status="PASS" start="2024-07-16T19:13:18.614686" elapsed="0.000390"/>
</kw>
<kw name="Log" owner="BuiltIn">
<msg time="2024-07-16T19:13:18.615605" level="INFO">{'gender': 'male', 'name': {'title': 'Mr', 'first': 'Justus', 'last': 'Nijveld'}, 'location': {'street': {'number': 4653, 'name': 'Dr. Colijnlaan'}, 'city': 'Menameradiel', 'state': 'Zuid-Holland', 'country': 'Netherlands', 'postcode': '4954 QN', 'coordinates': {'latitude': '34.2826', 'longitude': '-52.7923'}, 'timezone': {'offset': '+9:30', 'description': 'Adelaide, Darwin'}}, 'email': 'justus.nijveld@example.com', 'login': {'uuid': '78e778f3-864b-4c66-bfd2-66bb0fcf49d5', 'username': 'tinydog482', 'password': 'vedder', 'salt': 'IysSXyyC', 'md5': '7953acfa499aa779e63a405203af813d', 'sha1': '7922df9cec1b2ea80c81696ea0a4375775dd30d5', 'sha256': '38b1c414c86fdfb18c2207e2b3ca7a8fc0019aec9905b0384724db608d548044'}, 'dob': {'date': '1969-03-14T13:08:16.906Z', 'age': 55}, 'registered': {'date': '2017-01-24T20:54:18.221Z', 'age': 7}, 'phone': '(0931) 630408', 'cell': '(06) 69638981', 'id': {'name': 'BSN', 'value': '58696989'}, 'picture': {'large': 'https://randomuser.me/api/portraits/men/69.jpg', 'medium': 'https://randomuser.me/api/portraits/med/men/69.jpg', 'thumbnail': 'https://randomuser.me/api/portraits/thumb/men/69.jpg'}, 'nat': 'NL'}</msg>
<arg>${json_data['results'][0]}</arg>
<doc>Logs the given message with the given level.</doc>
<status status="PASS" start="2024-07-16T19:13:18.615257" elapsed="0.000397"/>
</kw>
<kw name="Log" owner="BuiltIn">
<msg time="2024-07-16T19:13:18.616090" level="INFO">email</msg>
<arg>${key}</arg>
<doc>Logs the given message with the given level.</doc>
<status status="PASS" start="2024-07-16T19:13:18.615953" elapsed="0.000176"/>
</kw>
<var name="${key}">email</var>
<status status="PASS" start="2024-07-16T19:13:18.614577" elapsed="0.001765"/>
</iter>
<iter>
<kw name="Dictionary Should Contain Key" owner="Collections">
<arg>${json_data['results'][0]}</arg>
<arg>${key}</arg>
<doc>Fails if ``key`` is not found from ``dictionary``.</doc>
<status status="PASS" start="2024-07-16T19:13:18.616627" elapsed="0.000392"/>
</kw>
<kw name="Log" owner="BuiltIn">
<msg time="2024-07-16T19:13:18.617539" level="INFO">{'gender': 'male', 'name': {'title': 'Mr', 'first': 'Justus', 'last': 'Nijveld'}, 'location': {'street': {'number': 4653, 'name': 'Dr. Colijnlaan'}, 'city': 'Menameradiel', 'state': 'Zuid-Holland', 'country': 'Netherlands', 'postcode': '4954 QN', 'coordinates': {'latitude': '34.2826', 'longitude': '-52.7923'}, 'timezone': {'offset': '+9:30', 'description': 'Adelaide, Darwin'}}, 'email': 'justus.nijveld@example.com', 'login': {'uuid': '78e778f3-864b-4c66-bfd2-66bb0fcf49d5', 'username': 'tinydog482', 'password': 'vedder', 'salt': 'IysSXyyC', 'md5': '7953acfa499aa779e63a405203af813d', 'sha1': '7922df9cec1b2ea80c81696ea0a4375775dd30d5', 'sha256': '38b1c414c86fdfb18c2207e2b3ca7a8fc0019aec9905b0384724db608d548044'}, 'dob': {'date': '1969-03-14T13:08:16.906Z', 'age': 55}, 'registered': {'date': '2017-01-24T20:54:18.221Z', 'age': 7}, 'phone': '(0931) 630408', 'cell': '(06) 69638981', 'id': {'name': 'BSN', 'value': '58696989'}, 'picture': {'large': 'https://randomuser.me/api/portraits/men/69.jpg', 'medium': 'https://randomuser.me/api/portraits/med/men/69.jpg', 'thumbnail': 'https://randomuser.me/api/portraits/thumb/men/69.jpg'}, 'nat': 'NL'}</msg>
<arg>${json_data['results'][0]}</arg>
<doc>Logs the given message with the given level.</doc>
<status status="PASS" start="2024-07-16T19:13:18.617197" elapsed="0.000390"/>
</kw>
<kw name="Log" owner="BuiltIn">
<msg time="2024-07-16T19:13:18.618051" level="INFO">login</msg>
<arg>${key}</arg>
<doc>Logs the given message with the given level.</doc>
<status status="PASS" start="2024-07-16T19:13:18.617920" elapsed="0.000168"/>
</kw>
<var name="${key}">login</var>
<status status="PASS" start="2024-07-16T19:13:18.616514" elapsed="0.001790"/>
</iter>
<var>${key}</var>
<value>@{expected_keys}</value>
<status status="PASS" start="2024-07-16T19:13:18.608168" elapsed="0.010257"/>
</for>
<kw name="Create List" owner="BuiltIn">
<msg time="2024-07-16T19:13:18.618770" level="INFO">${expected_keysTwo} = ['username', 'password']</msg>
<var>${expected_keysTwo}</var>
<arg>username</arg>
<arg>password</arg>
<doc>Returns a list containing given items.</doc>
<status status="PASS" start="2024-07-16T19:13:18.618624" elapsed="0.000170"/>
</kw>
<for flavor="IN">
<iter>
<kw name="Dictionary Should Contain Key" owner="Collections">
<arg>${json_data['results'][0]['login']}</arg>
<arg>${keyTwo}</arg>
<doc>Fails if ``key`` is not found from ``dictionary``.</doc>
<status status="PASS" start="2024-07-16T19:13:18.619332" elapsed="0.000387"/>
</kw>
<kw name="Dictionary Should Contain Key" owner="Collections">
<arg>${json_data['results'][0]['login']}</arg>
<arg>${keyTwo}</arg>
<doc>Fails if ``key`` is not found from ``dictionary``.</doc>
<status status="PASS" start="2024-07-16T19:13:18.619899" elapsed="0.000377"/>
</kw>
<kw name="Log" owner="BuiltIn">
<msg time="2024-07-16T19:13:18.620577" level="INFO">username</msg>
<arg>${keyTwo}</arg>
<doc>Logs the given message with the given level.</doc>
<status status="PASS" start="2024-07-16T19:13:18.620456" elapsed="0.000158"/>
</kw>
<var name="${keyTwo}">username</var>
<status status="PASS" start="2024-07-16T19:13:18.619225" elapsed="0.001606"/>
</iter>
<iter>
<kw name="Dictionary Should Contain Key" owner="Collections">
<arg>${json_data['results'][0]['login']}</arg>
<arg>${keyTwo}</arg>
<doc>Fails if ``key`` is not found from ``dictionary``.</doc>
<status status="PASS" start="2024-07-16T19:13:18.621110" elapsed="0.000383"/>
</kw>
<kw name="Dictionary Should Contain Key" owner="Collections">
<arg>${json_data['results'][0]['login']}</arg>
<arg>${keyTwo}</arg>
<doc>Fails if ``key`` is not found from ``dictionary``.</doc>
<status status="PASS" start="2024-07-16T19:13:18.621671" elapsed="0.000396"/>
</kw>
<kw name="Log" owner="BuiltIn">
<msg time="2024-07-16T19:13:18.622362" level="INFO">password</msg>
<arg>${keyTwo}</arg>
<doc>Logs the given message with the given level.</doc>
<status status="PASS" start="2024-07-16T19:13:18.622243" elapsed="0.000162"/>
</kw>
<var name="${keyTwo}">password</var>
<status status="PASS" start="2024-07-16T19:13:18.621005" elapsed="0.001733"/>
</iter>
<var>${keyTwo}</var>
<value>@{expected_keysTwo}</value>
<status status="PASS" start="2024-07-16T19:13:18.619059" elapsed="0.003801"/>
</for>
<status status="PASS" start="2024-07-16T19:13:18.502592" elapsed="0.120415"/>
</kw>
<doc>Testa a estrutura da resposta da API.</doc>
<tag>testeEstruturaResposta</tag>
<status status="PASS" start="2024-07-16T19:13:18.501995" elapsed="0.121171"/>
</test>
<test id="s1-s1-t4" name="Validar tipos de dados" line="28">
<kw name="Teste de Tipos de Dados" owner="random-user-service">
<kw name="GET On Session" owner="RequestsLibrary">
<msg time="2024-07-16T19:13:18.714840" level="INFO">GET Request : url=https://randomuser.me/api 
 path_url=/api 
 headers={'User-Agent': 'python-requests/2.32.3', 'Accept-Encoding': 'gzip, deflate', 'Accept': '*/*', 'Connection': 'keep-alive'} 
 body=None 
 </msg>
<msg time="2024-07-16T19:13:18.714962" level="INFO">GET Response : url=https://randomuser.me/api 
 status=200, reason=OK 
 headers={'Date': 'Tue, 16 Jul 2024 19:13:18 GMT', 'Content-Type': 'application/json; charset=utf-8', 'Transfer-Encoding': 'chunked', 'Connection': 'keep-alive', 'X-Powered-By': 'Express', 'Access-Control-Allow-Origin': '*', 'Cache-Control': 'no-cache', 'ETag': 'W/"47f-+7zWxxi+nzv3Dd9f0shd2mnzWvc"', 'Vary': 'Accept-Encoding', 'Content-Encoding': 'gzip', 'CF-Cache-Status': 'DYNAMIC', 'Report-To': '{"endpoints":[{"url":"https:\\/\\/a.nel.cloudflare.com\\/report\\/v4?s=BIlUXQjlL9u7veP30CDv%2BJrztdExBej2Ud%2FAPRP8kOvWiMA3pnyyrb0SDxwn5qZbn13OGFBT8PzRar8Xtk0ngz1c6BVVb885O72fk7HtqTSvD2GPazVw%2BVCpTZj5MP0w"}],"group":"cf-nel","max_age":604800}', 'NEL': '{"success_fraction":0,"report_to":"cf-nel","max_age":604800}', 'Server': 'cloudflare', 'CF-RAY': '8a444f0b7b361664-SJC', 'alt-svc': 'h3=":443"; ma=86400'} 
 body={"results":[{"gender":"female","name":{"title":"Ms","first":"Maria","last":"Poulsen"},"location":{"street":{"number":3820,"name":"Højdevej"},"city":"Silkeboeg","state":"Sjælland","country":"Denmark","postcode":51755,"coordinates":{"latitude":"-46.2449","longitude":"121.1521"},"timezone":{"offset":"+2:00","description":"Kaliningrad, South Africa"}},"email":"maria.poulsen@example.com","login":{"uuid":"acf865bc-7f99-4e30-a2d3-709dbfff45c0","username":"bluekoala112","password":"stoney","salt":"8LJ5ncPk","md5":"a091a433a588a68d2ca9caeb85a4136c","sha1":"0bb1a44de3afdb645f8cfec30fa67e6558e68dfd","sha256":"bfbf5d3e51f97b2af90e58032b20ed3eaff9081eafce160d747577d4ad0adfd1"},"dob":{"date":"1979-01-20T13:46:18.248Z","age":45},"registered":{"date":"2019-07-27T16:16:29.045Z","age":4},"phone":"99923700","cell":"62580641","id":{"name":"CPR","value":"200179-5882"},"picture":{"large":"https://randomuser.me/api/portraits/women/68.jpg","medium":"https://randomuser.me/api/portraits/med/women/68.jpg","thumbnail":"https://randomuser.me/api/portraits/thumb/women/68.jpg"},"nat":"DK"}],"info":{"seed":"34a95e45a7df66dc","results":1,"page":1,"version":"1.4"}} 
 </msg>
<msg time="2024-07-16T19:13:18.715049" level="INFO">/opt/hostedtoolcache/Python/3.12.4/x64/lib/python3.12/site-packages/urllib3/connectionpool.py:1099: InsecureRequestWarning: Unverified HTTPS request is being made to host 'randomuser.me'. Adding certificate verification is strongly advised. See: https://urllib3.readthedocs.io/en/latest/advanced-usage.html#tls-warnings
  warnings.warn(</msg>
<msg time="2024-07-16T19:13:18.715188" level="INFO">${response} = &lt;Response [200]&gt;</msg>
<var>${response}</var>
<arg>consultarAPI</arg>
<arg>/api</arg>
<doc>Sends a GET request on a previously created HTTP Session.</doc>
<status status="PASS" start="2024-07-16T19:13:18.625742" elapsed="0.089489"/>
</kw>
<kw name="Set Variable" owner="BuiltIn">
<msg time="2024-07-16T19:13:18.716629" level="INFO">${json_data} = {'results': [{'gender': 'female', 'name': {'title': 'Ms', 'first': 'Maria', 'last': 'Poulsen'}, 'location': {'street': {'number': 3820, 'name': 'Højdevej'}, 'city': 'Silkeboeg', 'state': 'Sjælland', '...</msg>
<var>${json_data}</var>
<arg>${response.json()}</arg>
<doc>Returns the given values which can then be assigned to a variables.</doc>
<status status="PASS" start="2024-07-16T19:13:18.715963" elapsed="0.000699"/>
</kw>
<kw name="Log" owner="BuiltIn">
<msg time="2024-07-16T19:13:18.717272" level="INFO">{'results': [{'gender': 'female', 'name': {'title': 'Ms', 'first': 'Maria', 'last': 'Poulsen'}, 'location': {'street': {'number': 3820, 'name': 'Højdevej'}, 'city': 'Silkeboeg', 'state': 'Sjælland', 'country': 'Denmark', 'postcode': 51755, 'coordinates': {'latitude': '-46.2449', 'longitude': '121.1521'}, 'timezone': {'offset': '+2:00', 'description': 'Kaliningrad, South Africa'}}, 'email': 'maria.poulsen@example.com', 'login': {'uuid': 'acf865bc-7f99-4e30-a2d3-709dbfff45c0', 'username': 'bluekoala112', 'password': 'stoney', 'salt': '8LJ5ncPk', 'md5': 'a091a433a588a68d2ca9caeb85a4136c', 'sha1': '0bb1a44de3afdb645f8cfec30fa67e6558e68dfd', 'sha256': 'bfbf5d3e51f97b2af90e58032b20ed3eaff9081eafce160d747577d4ad0adfd1'}, 'dob': {'date': '1979-01-20T13:46:18.248Z', 'age': 45}, 'registered': {'date': '2019-07-27T16:16:29.045Z', 'age': 4}, 'phone': '99923700', 'cell': '62580641', 'id': {'name': 'CPR', 'value': '200179-5882'}, 'picture': {'large': 'https://randomuser.me/api/portraits/women/68.jpg', 'medium': 'https://randomuser.me/api/portraits/med/women/68.jpg', 'thumbnail': 'https://randomuser.me/api/portraits/thumb/women/68.jpg'}, 'nat': 'DK'}], 'info': {'seed': '34a95e45a7df66dc', 'results': 1, 'page': 1, 'version': '1.4'}}</msg>
<arg>${json_data}</arg>
<doc>Logs the given message with the given level.</doc>
<status status="PASS" start="2024-07-16T19:13:18.717077" elapsed="0.000249"/>
</kw>
<kw name="Should Be String" owner="String">
<arg>${json_data['results'][0]['gender']}</arg>
<doc>Fails if the given ``item`` is not a string.</doc>
<status status="PASS" start="2024-07-16T19:13:18.717669" elapsed="0.000450"/>
</kw>
<kw name="Should Match Regexp" owner="BuiltIn">
<arg>${json_data['results'][0]['email']}</arg>
<arg>^[a-zA-Z0-9._%+-]+@[a-zA-Z0-9.-]+\.[a-zA-Z]{2,}$</arg>
<doc>Fails if ``string`` does not match ``pattern`` as a regular expression.</doc>
<status status="PASS" start="2024-07-16T19:13:18.718318" elapsed="0.000533"/>
</kw>
<kw name="Should Match Regexp" owner="BuiltIn">
<arg>${json_data['results'][0]['dob']['date']}</arg>
<arg>\\d{4}-\\d{2}-\\d{2}T\\d{2}:\\d{2}:\\d{2}\\.\\d{3}Z</arg>
<doc>Fails if ``string`` does not match ``pattern`` as a regular expression.</doc>
<status status="PASS" start="2024-07-16T19:13:18.719094" elapsed="0.000532"/>
</kw>
<kw name="Should Match Regexp" owner="BuiltIn">
<arg>${json_data['results'][0]['registered']['date']}</arg>
<arg>\\d{4}-\\d{2}-\\d{2}T\\d{2}:\\d{2}:\\d{2}\\.\\d{3}Z</arg>
<doc>Fails if ``string`` does not match ``pattern`` as a regular expression.</doc>
<status status="PASS" start="2024-07-16T19:13:18.719830" elapsed="0.000410"/>
</kw>
<kw name="Should Match Regexp" owner="BuiltIn">
<arg>${json_data['results'][0]['picture']['large']}</arg>
<arg>^https?://.*\.(?:png|jpe?g|gif|bmp)$</arg>
<doc>Fails if ``string`` does not match ``pattern`` as a regular expression.</doc>
<status status="PASS" start="2024-07-16T19:13:18.720469" elapsed="0.000474"/>
</kw>
<kw name="Should Match Regexp" owner="BuiltIn">
<arg>${json_data['results'][0]['picture']['medium']}</arg>
<arg>^https?://.*\.(?:png|jpe?g|gif|bmp)$</arg>
<doc>Fails if ``string`` does not match ``pattern`` as a regular expression.</doc>
<status status="PASS" start="2024-07-16T19:13:18.721126" elapsed="0.000367"/>
</kw>
<kw name="Should Match Regexp" owner="BuiltIn">
<arg>${json_data['results'][0]['picture']['thumbnail']}</arg>
<arg>^https?://.*\.(?:png|jpe?g|gif|bmp)$</arg>
<doc>Fails if ``string`` does not match ``pattern`` as a regular expression.</doc>
<status status="PASS" start="2024-07-16T19:13:18.721677" elapsed="0.000394"/>
</kw>
<kw name="Log" owner="BuiltIn">
<msg time="2024-07-16T19:13:18.722610" level="INFO">{'large': 'https://randomuser.me/api/portraits/women/68.jpg', 'medium': 'https://randomuser.me/api/portraits/med/women/68.jpg', 'thumbnail': 'https://randomuser.me/api/portraits/thumb/women/68.jpg'}</msg>
<arg>${json_data['results'][0]['picture']}</arg>
<doc>Logs the given message with the given level.</doc>
<status status="PASS" start="2024-07-16T19:13:18.722262" elapsed="0.000391"/>
</kw>
<status status="PASS" start="2024-07-16T19:13:18.625512" elapsed="0.097439"/>
</kw>
<kw name="Teste de Tipos de Dados - Postcode" owner="random-user-service">
<kw name="GET On Session" owner="RequestsLibrary">
<msg time="2024-07-16T19:13:18.817237" level="INFO">GET Request : url=https://randomuser.me/api 
 path_url=/api 
 headers={'User-Agent': 'python-requests/2.32.3', 'Accept-Encoding': 'gzip, deflate', 'Accept': '*/*', 'Connection': 'keep-alive'} 
 body=None 
 </msg>
<msg time="2024-07-16T19:13:18.817344" level="INFO">GET Response : url=https://randomuser.me/api 
 status=200, reason=OK 
 headers={'Date': 'Tue, 16 Jul 2024 19:13:18 GMT', 'Content-Type': 'application/json; charset=utf-8', 'Transfer-Encoding': 'chunked', 'Connection': 'keep-alive', 'X-Powered-By': 'Express', 'Access-Control-Allow-Origin': '*', 'Cache-Control': 'no-cache', 'ETag': 'W/"4b7-9nPG5ZsjzQixX7nCc/Grei67m7w"', 'Vary': 'Accept-Encoding', 'Content-Encoding': 'gzip', 'CF-Cache-Status': 'DYNAMIC', 'Report-To': '{"endpoints":[{"url":"https:\\/\\/a.nel.cloudflare.com\\/report\\/v4?s=OknOansvUHQFYNB9cR3h4LS%2BJ6mzGmO6npcgQkIIjDWx0aFR8kNI4ZwZI3usCmIvnCG1WVaRWpIG0S%2FjOhmnupsEToph%2B0%2BKoc2RtSiKADuTYn%2B8ErMh1Ty71Gs%2FgT%2FZ"}],"group":"cf-nel","max_age":604800}', 'NEL': '{"success_fraction":0,"report_to":"cf-nel","max_age":604800}', 'Server': 'cloudflare', 'CF-RAY': '8a444f0c1bdd1664-SJC', 'alt-svc': 'h3=":443"; ma=86400'} 
 body={"results":[{"gender":"female","name":{"title":"Ms","first":"Maëlle","last":"Garcia"},"location":{"street":{"number":4013,"name":"Rue de L'Abbé-Rousselot"},"city":"Rueil-Malmaison","state":"Haute-Loire","country":"France","postcode":70644,"coordinates":{"latitude":"-15.0914","longitude":"27.5301"},"timezone":{"offset":"+8:00","description":"Beijing, Perth, Singapore, Hong Kong"}},"email":"maelle.garcia@example.com","login":{"uuid":"b5fd69c6-aea6-4ada-9460-625dda6d149c","username":"angrygorilla259","password":"hawkins","salt":"5NyPYQvt","md5":"fc49fe8790ab0ae94bfbbb5e2efbc6a1","sha1":"743a0a0ea863c61f4fd465f3371109e0a6745a96","sha256":"6d104d7464ab303a41330ea025b93644b7d969390a86f77ac29c6489b857aabd"},"dob":{"date":"1964-08-27T08:20:34.666Z","age":59},"registered":{"date":"2019-04-27T06:31:19.643Z","age":5},"phone":"04-48-13-67-52","cell":"06-22-12-41-69","id":{"name":"INSEE","value":"2640738875476 67"},"picture":{"large":"https://randomuser.me/api/portraits/women/80.jpg","medium":"https://randomuser.me/api/portraits/med/women/80.jpg","thumbnail":"https://randomuser.me/api/portraits/thumb/women/80.jpg"},"nat":"FR"}],"info":{"seed":"ac0942b8011ac0ca","results":1,"page":1,"version":"1.4"}} 
 </msg>
<msg time="2024-07-16T19:13:18.817423" level="INFO">/opt/hostedtoolcache/Python/3.12.4/x64/lib/python3.12/site-packages/urllib3/connectionpool.py:1099: InsecureRequestWarning: Unverified HTTPS request is being made to host 'randomuser.me'. Adding certificate verification is strongly advised. See: https://urllib3.readthedocs.io/en/latest/advanced-usage.html#tls-warnings
  warnings.warn(</msg>
<msg time="2024-07-16T19:13:18.817550" level="INFO">${response} = &lt;Response [200]&gt;</msg>
<var>${response}</var>
<arg>consultarAPI</arg>
<arg>/api</arg>
<doc>Sends a GET request on a previously created HTTP Session.</doc>
<status status="PASS" start="2024-07-16T19:13:18.723437" elapsed="0.094155"/>
</kw>
<kw name="Set Variable" owner="BuiltIn">
<msg time="2024-07-16T19:13:18.818869" level="INFO">${json_data} = {'results': [{'gender': 'female', 'name': {'title': 'Ms', 'first': 'Maëlle', 'last': 'Garcia'}, 'location': {'street': {'number': 4013, 'name': "Rue de L'Abbé-Rousselot"}, 'city': 'Rueil-Malmaison', '...</msg>
<var>${json_data}</var>
<arg>${response.json()}</arg>
<doc>Returns the given values which can then be assigned to a variables.</doc>
<status status="PASS" start="2024-07-16T19:13:18.818288" elapsed="0.000612"/>
</kw>
<kw name="Log" owner="BuiltIn">
<msg time="2024-07-16T19:13:18.819396" level="INFO">{'results': [{'gender': 'female', 'name': {'title': 'Ms', 'first': 'Maëlle', 'last': 'Garcia'}, 'location': {'street': {'number': 4013, 'name': "Rue de L'Abbé-Rousselot"}, 'city': 'Rueil-Malmaison', 'state': 'Haute-Loire', 'country': 'France', 'postcode': 70644, 'coordinates': {'latitude': '-15.0914', 'longitude': '27.5301'}, 'timezone': {'offset': '+8:00', 'description': 'Beijing, Perth, Singapore, Hong Kong'}}, 'email': 'maelle.garcia@example.com', 'login': {'uuid': 'b5fd69c6-aea6-4ada-9460-625dda6d149c', 'username': 'angrygorilla259', 'password': 'hawkins', 'salt': '5NyPYQvt', 'md5': 'fc49fe8790ab0ae94bfbbb5e2efbc6a1', 'sha1': '743a0a0ea863c61f4fd465f3371109e0a6745a96', 'sha256': '6d104d7464ab303a41330ea025b93644b7d969390a86f77ac29c6489b857aabd'}, 'dob': {'date': '1964-08-27T08:20:34.666Z', 'age': 59}, 'registered': {'date': '2019-04-27T06:31:19.643Z', 'age': 5}, 'phone': '04-48-13-67-52', 'cell': '06-22-12-41-69', 'id': {'name': 'INSEE', 'value': '2640738875476 67'}, 'picture': {'large': 'https://randomuser.me/api/portraits/women/80.jpg', 'medium': 'https://randomuser.me/api/portraits/med/women/80.jpg', 'thumbnail': 'https://randomuser.me/api/portraits/thumb/women/80.jpg'}, 'nat': 'FR'}], 'info': {'seed': 'ac0942b8011ac0ca', 'results': 1, 'page': 1, 'version': '1.4'}}</msg>
<arg>${json_data}</arg>
<doc>Logs the given message with the given level.</doc>
<status status="PASS" start="2024-07-16T19:13:18.819230" elapsed="0.000215"/>
</kw>
<kw name="Should Be Equal As Numbers" owner="BuiltIn">
<arg>${json_data['results'][0]['location']['postcode']}</arg>
<arg>${json_data['results'][0]['location']['postcode']}</arg>
<doc>Fails if objects are unequal after converting them to real numbers.</doc>
<status status="PASS" start="2024-07-16T19:13:18.819753" elapsed="0.000632"/>
</kw>
<kw name="Log" owner="BuiltIn">
<msg time="2024-07-16T19:13:18.821104" level="INFO">70644</msg>
<arg>${json_data['results'][0]['location']['postcode']}</arg>
<doc>Logs the given message with the given level.</doc>
<status status="PASS" start="2024-07-16T19:13:18.820575" elapsed="0.000571"/>
</kw>
<status status="PASS" start="2024-07-16T19:13:18.723188" elapsed="0.098252"/>
</kw>
<doc>Testa se os tipos de dados na resposta da API estão corretos.</doc>
<tag>testeTiposDados</tag>
<status status="PASS" start="2024-07-16T19:13:18.624934" elapsed="0.196676"/>
</test>
<test id="s1-s1-t5" name="Validar conteudo" line="35">
<kw name="Teste de Tipos de Conteudo" owner="random-user-service">
<kw name="GET On Session" owner="RequestsLibrary">
<msg time="2024-07-16T19:13:18.921255" level="INFO">GET Request : url=https://randomuser.me/api 
 path_url=/api 
 headers={'User-Agent': 'python-requests/2.32.3', 'Accept-Encoding': 'gzip, deflate', 'Accept': '*/*', 'Connection': 'keep-alive'} 
 body=None 
 </msg>
<msg time="2024-07-16T19:13:18.921362" level="INFO">GET Response : url=https://randomuser.me/api 
 status=200, reason=OK 
 headers={'Date': 'Tue, 16 Jul 2024 19:13:18 GMT', 'Content-Type': 'application/json; charset=utf-8', 'Transfer-Encoding': 'chunked', 'Connection': 'keep-alive', 'X-Powered-By': 'Express', 'Access-Control-Allow-Origin': '*', 'Cache-Control': 'no-cache', 'ETag': 'W/"4b0-2S/jur4iRcY6w2A59Va5jzcFc4U"', 'Vary': 'Accept-Encoding', 'Content-Encoding': 'gzip', 'CF-Cache-Status': 'DYNAMIC', 'Report-To': '{"endpoints":[{"url":"https:\\/\\/a.nel.cloudflare.com\\/report\\/v4?s=T2sqCYz3nBNKsBMNwJMKF%2FiDw93Lha47sFqKtnLhg7cNek6L9izvoAJWT9I%2FyoaA0eW4oeFK9xSquJjkZIoE%2FXZbL8RmNJxRQUYhsBX97Y28PpwVQy6ll1Uba3qfsTuR"}],"group":"cf-nel","max_age":604800}', 'NEL': '{"success_fraction":0,"report_to":"cf-nel","max_age":604800}', 'Server': 'cloudflare', 'CF-RAY': '8a444f0cbc791664-SJC', 'alt-svc': 'h3=":443"; ma=86400'} 
 body={"results":[{"gender":"female","name":{"title":"Mrs","first":"Marine","last":"Leclercq"},"location":{"street":{"number":7465,"name":"Route de Genas"},"city":"Besançon","state":"Gironde","country":"France","postcode":82917,"coordinates":{"latitude":"-19.1943","longitude":"82.6630"},"timezone":{"offset":"0:00","description":"Western Europe Time, London, Lisbon, Casablanca"}},"email":"marine.leclercq@example.com","login":{"uuid":"b877b525-ce82-4bee-bb93-945345108bce","username":"bluemeercat372","password":"max123","salt":"4IkQ45SS","md5":"fea089d3603c2d4cba019296b0656a7d","sha1":"366a4f933835b3992b45a1863b8730b25ba110ea","sha256":"ffd4774fd3588a9e444e3c40fe2bee04fceec00c6465053d842568d7570cc7d7"},"dob":{"date":"1963-06-29T00:08:48.897Z","age":61},"registered":{"date":"2006-04-25T04:12:47.988Z","age":18},"phone":"02-00-56-79-74","cell":"06-25-29-43-62","id":{"name":"INSEE","value":"2630507241815 08"},"picture":{"large":"https://randomuser.me/api/portraits/women/26.jpg","medium":"https://randomuser.me/api/portraits/med/women/26.jpg","thumbnail":"https://randomuser.me/api/portraits/thumb/women/26.jpg"},"nat":"FR"}],"info":{"seed":"f125b6faf4b782d0","results":1,"page":1,"version":"1.4"}} 
 </msg>
<msg time="2024-07-16T19:13:18.921443" level="INFO">/opt/hostedtoolcache/Python/3.12.4/x64/lib/python3.12/site-packages/urllib3/connectionpool.py:1099: InsecureRequestWarning: Unverified HTTPS request is being made to host 'randomuser.me'. Adding certificate verification is strongly advised. See: https://urllib3.readthedocs.io/en/latest/advanced-usage.html#tls-warnings
  warnings.warn(</msg>
<msg time="2024-07-16T19:13:18.921579" level="INFO">${response} = &lt;Response [200]&gt;</msg>
<var>${response}</var>
<arg>consultarAPI</arg>
<arg>/api</arg>
<doc>Sends a GET request on a previously created HTTP Session.</doc>
<status status="PASS" start="2024-07-16T19:13:18.824249" elapsed="0.097375"/>
</kw>
<kw name="Set Variable" owner="BuiltIn">
<msg time="2024-07-16T19:13:18.922928" level="INFO">${json_data} = {'results': [{'gender': 'female', 'name': {'title': 'Mrs', 'first': 'Marine', 'last': 'Leclercq'}, 'location': {'street': {'number': 7465, 'name': 'Route de Genas'}, 'city': 'Besançon', 'state': 'Giro...</msg>
<var>${json_data}</var>
<arg>${response.json()}</arg>
<doc>Returns the given values which can then be assigned to a variables.</doc>
<status status="PASS" start="2024-07-16T19:13:18.922334" elapsed="0.000625"/>
</kw>
<kw name="Set Variable" owner="BuiltIn">
<msg time="2024-07-16T19:13:18.923683" level="INFO">${name_title} = Mrs</msg>
<var>${name_title}</var>
<arg>${json_data["results"][0]["name"]["title"]}</arg>
<doc>Returns the given values which can then be assigned to a variables.</doc>
<status status="PASS" start="2024-07-16T19:13:18.923284" elapsed="0.000425"/>
</kw>
<kw name="Create List" owner="BuiltIn">
<msg time="2024-07-16T19:13:18.924162" level="INFO">${allowed_titles} = ['Mr', 'Ms', 'Miss', 'Mrs', 'Madame', 'Monsieur']</msg>
<var>${allowed_titles}</var>
<arg>Mr</arg>
<arg>Ms</arg>
<arg>Miss</arg>
<arg>Mrs</arg>
<arg>Madame</arg>
<arg>Monsieur</arg>
<doc>Returns a list containing given items.</doc>
<status status="PASS" start="2024-07-16T19:13:18.924013" elapsed="0.000173"/>
</kw>
<kw name="List Should Contain Value" owner="Collections">
<arg>${allowed_titles}</arg>
<arg>${name_title}</arg>
<doc>Fails if the ``value`` is not found from ``list``.</doc>
<status status="PASS" start="2024-07-16T19:13:18.924495" elapsed="0.000177"/>
</kw>
<kw name="Set Variable" owner="BuiltIn">
<msg time="2024-07-16T19:13:18.925222" level="INFO">${name_country} = FR</msg>
<var>${name_country}</var>
<arg>${json_data["results"][0]["nat"]}</arg>
<doc>Returns the given values which can then be assigned to a variables.</doc>
<status status="PASS" start="2024-07-16T19:13:18.924852" elapsed="0.000395"/>
</kw>
<kw name="Create List" owner="BuiltIn">
<msg time="2024-07-16T19:13:18.926170" level="INFO">${list_country} = ['AD', 'AE', 'AF', 'AG', 'AI', 'AL', 'AM', 'AO', 'AQ', 'AR', 'AS', 'AT', 'AU', 'AW', 'AX', 'AZ', 'BA', 'BB', 'BD', 'BE', 'BF', 'BG', 'BH', 'BI', 'BJ', 'BL', 'BM', 'BN', 'BO', 'BQ', 'BR', 'BS', 'BT', '...</msg>
<var>${list_country}</var>
<arg>AD</arg>
<arg>AE</arg>
<arg>AF</arg>
<arg>AG</arg>
<arg>AI</arg>
<arg>AL</arg>
<arg>AM</arg>
<arg>AO</arg>
<arg>AQ</arg>
<arg>AR</arg>
<arg>AS</arg>
<arg>AT</arg>
<arg>AU</arg>
<arg>AW</arg>
<arg>AX</arg>
<arg>AZ</arg>
<arg>BA</arg>
<arg>BB</arg>
<arg>BD</arg>
<arg>BE</arg>
<arg>BF</arg>
<arg>BG</arg>
<arg>BH</arg>
<arg>BI</arg>
<arg>BJ</arg>
<arg>BL</arg>
<arg>BM</arg>
<arg>BN</arg>
<arg>BO</arg>
<arg>BQ</arg>
<arg>BR</arg>
<arg>BS</arg>
<arg>BT</arg>
<arg>BV</arg>
<arg>BW</arg>
<arg>BY</arg>
<arg>BZ</arg>
<arg>CA</arg>
<arg>CC</arg>
<arg>CD</arg>
<arg>CF</arg>
<arg>CG</arg>
<arg>CH</arg>
<arg>CI</arg>
<arg>CK</arg>
<arg>CL</arg>
<arg>CM</arg>
<arg>CN</arg>
<arg>CO</arg>
<arg>CR</arg>
<arg>CU</arg>
<arg>CV</arg>
<arg>CW</arg>
<arg>CX</arg>
<arg>CY</arg>
<arg>CZ</arg>
<arg>DE</arg>
<arg>DJ</arg>
<arg>DK</arg>
<arg>DM</arg>
<arg>DO</arg>
<arg>DZ</arg>
<arg>EC</arg>
<arg>EE</arg>
<arg>EG</arg>
<arg>EH</arg>
<arg>ER</arg>
<arg>ES</arg>
<arg>ET</arg>
<arg>FI</arg>
<arg>FJ</arg>
<arg>FK</arg>
<arg>FM</arg>
<arg>FO</arg>
<arg>FR</arg>
<arg>GA</arg>
<arg>GB</arg>
<arg>GD</arg>
<arg>GE</arg>
<arg>GF</arg>
<arg>GG</arg>
<arg>GH</arg>
<arg>GI</arg>
<arg>GL</arg>
<arg>GM</arg>
<arg>GN</arg>
<arg>GP</arg>
<arg>GQ</arg>
<arg>GR</arg>
<arg>GS</arg>
<arg>GT</arg>
<arg>GU</arg>
<arg>GW</arg>
<arg>GY</arg>
<arg>HK</arg>
<arg>HM</arg>
<arg>HN</arg>
<arg>HR</arg>
<arg>HT</arg>
<arg>HU</arg>
<arg>ID</arg>
<arg>IE</arg>
<arg>IL</arg>
<arg>IM</arg>
<arg>IN</arg>
<arg>IO</arg>
<arg>IQ</arg>
<arg>IR</arg>
<arg>IS</arg>
<arg>IT</arg>
<arg>JE</arg>
<arg>JM</arg>
<arg>JO</arg>
<arg>JP</arg>
<arg>KE</arg>
<arg>KG</arg>
<arg>KH</arg>
<arg>KI</arg>
<arg>KM</arg>
<arg>KN</arg>
<arg>KP</arg>
<arg>KR</arg>
<arg>KW</arg>
<arg>KY</arg>
<arg>KZ</arg>
<arg>LA</arg>
<arg>LB</arg>
<arg>LC</arg>
<arg>LI</arg>
<arg>LK</arg>
<arg>LR</arg>
<arg>LS</arg>
<arg>LT</arg>
<arg>LU</arg>
<arg>LV</arg>
<arg>LY</arg>
<arg>MA</arg>
<arg>MC</arg>
<arg>MD</arg>
<arg>ME</arg>
<arg>MF</arg>
<arg>MG</arg>
<arg>MH</arg>
<arg>MK</arg>
<arg>ML</arg>
<arg>MM</arg>
<arg>MN</arg>
<arg>MO</arg>
<arg>MP</arg>
<arg>MQ</arg>
<arg>MR</arg>
<arg>MS</arg>
<arg>MT</arg>
<arg>MU</arg>
<arg>MV</arg>
<arg>MW</arg>
<arg>MX</arg>
<arg>MY</arg>
<arg>MZ</arg>
<arg>NA</arg>
<arg>NC</arg>
<arg>NE</arg>
<arg>NF</arg>
<arg>NG</arg>
<arg>NI</arg>
<arg>NL</arg>
<arg>NO</arg>
<arg>NP</arg>
<arg>NR</arg>
<arg>NU</arg>
<arg>NZ</arg>
<arg>OM</arg>
<arg>PA</arg>
<arg>PE</arg>
<arg>PF</arg>
<arg>PG</arg>
<arg>PH</arg>
<arg>PK</arg>
<arg>PL</arg>
<arg>PM</arg>
<arg>PN</arg>
<arg>PR</arg>
<arg>PS</arg>
<arg>PT</arg>
<arg>PW</arg>
<arg>PY</arg>
<arg>QA</arg>
<arg>RE</arg>
<arg>RO</arg>
<arg>RS</arg>
<arg>RU</arg>
<arg>RW</arg>
<arg>SA</arg>
<arg>SB</arg>
<arg>SC</arg>
<arg>SD</arg>
<arg>SE</arg>
<arg>SG</arg>
<arg>SH</arg>
<arg>SI</arg>
<arg>SJ</arg>
<arg>SK</arg>
<arg>SL</arg>
<arg>SM</arg>
<arg>SN</arg>
<arg>SO</arg>
<arg>SR</arg>
<arg>SS</arg>
<arg>ST</arg>
<arg>SV</arg>
<arg>SX</arg>
<arg>SY</arg>
<arg>SZ</arg>
<arg>TC</arg>
<arg>TD</arg>
<arg>TF</arg>
<arg>TG</arg>
<arg>TH</arg>
<arg>TJ</arg>
<arg>TK</arg>
<arg>TL</arg>
<arg>TM</arg>
<arg>TN</arg>
<arg>TO</arg>
<arg>TR</arg>
<arg>TT</arg>
<arg>TV</arg>
<arg>TW</arg>
<arg>TZ</arg>
<arg>UA</arg>
<arg>UG</arg>
<arg>UM</arg>
<arg>US</arg>
<arg>UY</arg>
<arg>UZ</arg>
<arg>VA</arg>
<arg>VC</arg>
<arg>VE</arg>
<arg>VG</arg>
<arg>VI</arg>
<arg>VN</arg>
<arg>VU</arg>
<arg>WF</arg>
<arg>WS</arg>
<arg>XK</arg>
<arg>YE</arg>
<arg>YT</arg>
<arg>ZA</arg>
<arg>ZM</arg>
<arg>ZW</arg>
<doc>Returns a list containing given items.</doc>
<status status="PASS" start="2024-07-16T19:13:18.925541" elapsed="0.000655"/>
</kw>
<kw name="List Should Contain Value" owner="Collections">
<arg>${list_country}</arg>
<arg>${name_country}</arg>
<doc>Fails if the ``value`` is not found from ``list``.</doc>
<status status="PASS" start="2024-07-16T19:13:18.927002" elapsed="0.000205"/>
</kw>
<kw name="Run Keyword If" owner="BuiltIn">
<kw name="Should Be True" owner="BuiltIn">
<arg>${True}</arg>
<doc>Fails if the given condition is not true.</doc>
<status status="PASS" start="2024-07-16T19:13:18.928167" elapsed="0.000144"/>
</kw>
<arg>${json_data["results"][0]["location"]["coordinates"]["latitude"]} &gt;= -90 and ${json_data["results"][0]["location"]["coordinates"]["latitude"]} &lt;= 90</arg>
<arg>Should Be True</arg>
<arg>${True}</arg>
<doc>Runs the given keyword with the given arguments, if ``condition`` is true.</doc>
<status status="PASS" start="2024-07-16T19:13:18.927405" elapsed="0.001034"/>
</kw>
<kw name="Run Keyword If" owner="BuiltIn">
<kw name="Should Be True" owner="BuiltIn">
<arg>${True}</arg>
<doc>Fails if the given condition is not true.</doc>
<status status="PASS" start="2024-07-16T19:13:18.929318" elapsed="0.000255"/>
</kw>
<arg>${json_data["results"][0]["location"]["coordinates"]["longitude"]} &gt;= -180 and ${json_data["results"][0]["location"]["coordinates"]["longitude"]} &lt;= 180</arg>
<arg>Should Be True</arg>
<arg>${True}</arg>
<doc>Runs the given keyword with the given arguments, if ``condition`` is true.</doc>
<status status="PASS" start="2024-07-16T19:13:18.928621" elapsed="0.001085"/>
</kw>
<status status="PASS" start="2024-07-16T19:13:18.824013" elapsed="0.105854"/>
</kw>
<doc>Testa o conteúdo específico dos campos retornados pela API.</doc>
<tag>testeConteudo</tag>
<status status="PASS" start="2024-07-16T19:13:18.823442" elapsed="0.106588"/>
</test>
<status status="PASS" start="2024-07-16T19:13:17.985910" elapsed="0.946161"/>
</suite>
<status status="PASS" start="2024-07-16T19:13:17.971127" elapsed="0.966191"/>
</suite>
<statistics>
<total>
<stat pass="5" fail="0" skip="0">All Tests</stat>
</total>
<tag>
<stat pass="1" fail="0" skip="0">testeConteudo</stat>
<stat pass="1" fail="0" skip="0">testeEstruturaResposta</stat>
<stat pass="1" fail="0" skip="0">testeRequisicaoBasica</stat>
<stat pass="1" fail="0" skip="0">testeTiposDados</stat>
</tag>
<suite>
<stat pass="5" fail="0" skip="0" id="s1" name="Tests">Tests</stat>
<stat pass="5" fail="0" skip="0" id="s1-s1" name="Random-User-Test">Tests.Random-User-Test</stat>
</suite>
</statistics>
<errors>
</errors>
</robot>
