<?xml version="1.0" encoding="UTF-8"?>
<robot generator="Robot 7.0 (Python 3.12.2 on linux)" generated="2024-04-15T21:14:03.450267" rpa="false" schemaversion="5">
<suite id="s1" name="Tests" source="/home/runner/work/DesafioQAItauRogerioJordao/DesafioQAItauRogerioJordao/RamdonUser/tests">
<suite id="s1-s1" name="Random-User-Test" source="/home/runner/work/DesafioQAItauRogerioJordao/DesafioQAItauRogerioJordao/RamdonUser/tests/random-user-test.robot">
<test id="s1-s1-t1" name="Conectar" line="13">
<kw name="Conectar API" owner="random-user-service">
<kw name="Create Session" owner="RequestsLibrary">
<msg time="2024-04-15T21:14:03.844254" level="INFO">Creating Session using : alias=consultarAPI, url=https://randomuser.me/, headers={},                     cookies={}, auth=None, timeout=None, proxies=None, verify=False,                     debug=0 </msg>
<arg>consultarAPI</arg>
<arg>${URL}</arg>
<doc>Create Session: create a HTTP session to a server</doc>
<status status="PASS" start="2024-04-15T21:14:03.844040" elapsed="0.000419"/>
</kw>
<status status="PASS" start="2024-04-15T21:14:03.842898" elapsed="0.001942"/>
</kw>
<status status="PASS" start="2024-04-15T21:14:03.842128" elapsed="0.002922"/>
</test>
<test id="s1-s1-t2" name="Validar retorno 200 e JSON Válido" line="16">
<kw name="Teste de Requisicao Basica" owner="random-user-service">
<kw name="GET On Session" owner="RequestsLibrary">
<msg time="2024-04-15T21:14:04.074775" level="INFO">GET Request : url=https://randomuser.me/api 
 path_url=/api 
 headers={'User-Agent': 'python-requests/2.31.0', 'Accept-Encoding': 'gzip, deflate', 'Accept': '*/*', 'Connection': 'keep-alive'} 
 body=None 
 </msg>
<msg time="2024-04-15T21:14:04.074935" level="INFO">GET Response : url=https://randomuser.me/api 
 status=200, reason=OK 
 headers={'Date': 'Mon, 15 Apr 2024 21:14:04 GMT', 'Content-Type': 'application/json; charset=utf-8', 'Transfer-Encoding': 'chunked', 'Connection': 'keep-alive', 'X-Powered-By': 'Express', 'Access-Control-Allow-Origin': '*', 'Cache-Control': 'no-cache', 'ETag': 'W/"492-10+3Lr5PRviu9WFWHMqiiZnBvH8"', 'Vary': 'Accept-Encoding', 'Content-Encoding': 'gzip', 'CF-Cache-Status': 'DYNAMIC', 'Report-To': '{"endpoints":[{"url":"https:\\/\\/a.nel.cloudflare.com\\/report\\/v4?s=cRX9Kb9iuPcomC0l71%2BTu%2FmxQHtf8q3s4poKlH%2BzpJ2JfgTCXlkBGx6fR1sMmVPM7lmVVAxXcwEoH51aR8D5YDzaDJ7%2F4pEFc4UKuwr9TZNgc5xIy0t7cYEFsCU4%2Bv%2BI"}],"group":"cf-nel","max_age":604800}', 'NEL': '{"success_fraction":0,"report_to":"cf-nel","max_age":604800}', 'Server': 'cloudflare', 'CF-RAY': '874ef16f4add2316-ORD', 'alt-svc': 'h3=":443"; ma=86400'} 
 body={"results":[{"gender":"female","name":{"title":"Miss","first":"Elizabeth","last":"Li"},"location":{"street":{"number":3429,"name":"Royal Road"},"city":"Auckland","state":"Gisborne","country":"New Zealand","postcode":89679,"coordinates":{"latitude":"48.0836","longitude":"158.0413"},"timezone":{"offset":"-5:00","description":"Eastern Time (US &amp; Canada), Bogota, Lima"}},"email":"elizabeth.li@example.com","login":{"uuid":"37145c03-e088-4e51-82fd-35d83049ab85","username":"smallduck408","password":"walmart","salt":"bGF6vgrl","md5":"7c6d179a1843a6ce2f6dce8c9b872e47","sha1":"75b62642b53b4aea9c4c1d8c63a53d5d827bb851","sha256":"1a59e8092f7955e21a255f0a3d638b01da8f1e5d7a3c062b0bdbe6787c146f66"},"dob":{"date":"1993-11-19T16:50:07.665Z","age":30},"registered":{"date":"2013-06-13T14:53:53.311Z","age":10},"phone":"(036)-675-3981","cell":"(194)-936-3823","id":{"name":"","value":null},"picture":{"large":"https://randomuser.me/api/portraits/women/21.jpg","medium":"https://randomuser.me/api/portraits/med/women/21.jpg","thumbnail":"https://randomuser.me/api/portraits/thumb/women/21.jpg"},"nat":"NZ"}],"info":{"seed":"1075f58ab1c04996","results":1,"page":1,"version":"1.4"}} 
 </msg>
<msg time="2024-04-15T21:14:04.075021" level="INFO">/opt/hostedtoolcache/Python/3.12.2/x64/lib/python3.12/site-packages/urllib3/connectionpool.py:1103: InsecureRequestWarning: Unverified HTTPS request is being made to host 'randomuser.me'. Adding certificate verification is strongly advised. See: https://urllib3.readthedocs.io/en/latest/advanced-usage.html#tls-warnings
  warnings.warn(</msg>
<msg time="2024-04-15T21:14:04.075172" level="INFO">${response} = &lt;Response [200]&gt;</msg>
<var>${response}</var>
<arg>consultarAPI</arg>
<arg>/api</arg>
<doc>Sends a GET request on a previously created HTTP Session.</doc>
<status status="PASS" start="2024-04-15T21:14:03.847737" elapsed="0.227475"/>
</kw>
<kw name="Should Be Equal As Numbers" owner="BuiltIn">
<msg time="2024-04-15T21:14:04.076252" level="INFO">Argument types are:
&lt;class 'int'&gt;
&lt;class 'str'&gt;</msg>
<arg>${response.status_code}</arg>
<arg>200</arg>
<doc>Fails if objects are unequal after converting them to real numbers.</doc>
<status status="PASS" start="2024-04-15T21:14:04.075781" elapsed="0.000539"/>
</kw>
<kw name="Log" owner="BuiltIn">
<msg time="2024-04-15T21:14:04.077029" level="INFO">200</msg>
<arg>${response.status_code}</arg>
<doc>Logs the given message with the given level.</doc>
<status status="PASS" start="2024-04-15T21:14:04.076661" elapsed="0.000412"/>
</kw>
<kw name="Set Variable" owner="BuiltIn">
<msg time="2024-04-15T21:14:04.077892" level="INFO">${json_data} = {'results': [{'gender': 'female', 'name': {'title': 'Miss', 'first': 'Elizabeth', 'last': 'Li'}, 'location': {'street': {'number': 3429, 'name': 'Royal Road'}, 'city': 'Auckland', 'state': 'Gisborne',...</msg>
<var>${json_data}</var>
<arg>${response.json()}</arg>
<doc>Returns the given values which can then be assigned to a variables.</doc>
<status status="PASS" start="2024-04-15T21:14:04.077445" elapsed="0.000476"/>
</kw>
<kw name="Dictionary Should Contain Key" owner="Collections">
<msg time="2024-04-15T21:14:04.078407" level="INFO">False</msg>
<arg>${json_data}</arg>
<arg>results</arg>
<doc>Fails if ``key`` is not found from ``dictionary``.</doc>
<status status="PASS" start="2024-04-15T21:14:04.078234" elapsed="0.000219"/>
</kw>
<status status="PASS" start="2024-04-15T21:14:03.847474" elapsed="0.231252"/>
</kw>
<doc>Testa se a API responde corretamente e retorna um objeto JSON válido.</doc>
<tag>testeRequisicaoBasica</tag>
<status status="PASS" start="2024-04-15T21:14:03.846999" elapsed="0.231921"/>
</test>
<test id="s1-s1-t3" name="Validar estrutura de resposta" line="22">
<kw name="Teste de Estrutura de Resposta" owner="random-user-service">
<kw name="GET On Session" owner="RequestsLibrary">
<msg time="2024-04-15T21:14:04.181610" level="INFO">GET Request : url=https://randomuser.me/api 
 path_url=/api 
 headers={'User-Agent': 'python-requests/2.31.0', 'Accept-Encoding': 'gzip, deflate', 'Accept': '*/*', 'Connection': 'keep-alive'} 
 body=None 
 </msg>
<msg time="2024-04-15T21:14:04.181724" level="INFO">GET Response : url=https://randomuser.me/api 
 status=200, reason=OK 
 headers={'Date': 'Mon, 15 Apr 2024 21:14:04 GMT', 'Content-Type': 'application/json; charset=utf-8', 'Transfer-Encoding': 'chunked', 'Connection': 'keep-alive', 'X-Powered-By': 'Express', 'Access-Control-Allow-Origin': '*', 'Cache-Control': 'no-cache', 'ETag': 'W/"484-uQ61HTn2AndD46lP1EJt2rwAYhM"', 'Vary': 'Accept-Encoding', 'Content-Encoding': 'gzip', 'CF-Cache-Status': 'DYNAMIC', 'Report-To': '{"endpoints":[{"url":"https:\\/\\/a.nel.cloudflare.com\\/report\\/v4?s=y5B5lwrWY9XTtmmCDKTtuGiRTTlEwlrC2odR2q%2BKdeRxYlh6wnVOiPoUmWnseQqQEkf1ePjVulJuW0ALpQ5s%2FZLg4aHoZyPXvU8DNLjKHkvZ%2BMeuGADE58Yrlrr%2FfSMR"}],"group":"cf-nel","max_age":604800}', 'NEL': '{"success_fraction":0,"report_to":"cf-nel","max_age":604800}', 'Server': 'cloudflare', 'CF-RAY': '874ef16fab772316-ORD', 'alt-svc': 'h3=":443"; ma=86400'} 
 body={"results":[{"gender":"male","name":{"title":"Mr","first":"Anton","last":"Christensen"},"location":{"street":{"number":7481,"name":"Bøgelunden"},"city":"København S","state":"Midtjylland","country":"Denmark","postcode":73072,"coordinates":{"latitude":"-45.8361","longitude":"-153.4637"},"timezone":{"offset":"-11:00","description":"Midway Island, Samoa"}},"email":"anton.christensen@example.com","login":{"uuid":"110b166b-f801-42e1-a06b-68d7caa25718","username":"happypanda447","password":"646464","salt":"8Fdek4ei","md5":"88fdd4d786d82241ccaea90f94c80e3a","sha1":"4718c0bc12fea240e999cc27951243e0c1acacc9","sha256":"7bf14dce9c5d00f52acba68ae69c7aeffcc984010c481e0e60829037264795de"},"dob":{"date":"1973-10-04T18:53:11.638Z","age":50},"registered":{"date":"2018-11-21T09:07:41.238Z","age":5},"phone":"76613405","cell":"26298339","id":{"name":"CPR","value":"041073-9401"},"picture":{"large":"https://randomuser.me/api/portraits/men/46.jpg","medium":"https://randomuser.me/api/portraits/med/men/46.jpg","thumbnail":"https://randomuser.me/api/portraits/thumb/men/46.jpg"},"nat":"DK"}],"info":{"seed":"f7d869e16dcfb196","results":1,"page":1,"version":"1.4"}} 
 </msg>
<msg time="2024-04-15T21:14:04.181884" level="INFO">/opt/hostedtoolcache/Python/3.12.2/x64/lib/python3.12/site-packages/urllib3/connectionpool.py:1103: InsecureRequestWarning: Unverified HTTPS request is being made to host 'randomuser.me'. Adding certificate verification is strongly advised. See: https://urllib3.readthedocs.io/en/latest/advanced-usage.html#tls-warnings
  warnings.warn(</msg>
<msg time="2024-04-15T21:14:04.182024" level="INFO">${response} = &lt;Response [200]&gt;</msg>
<var>${response}</var>
<arg>consultarAPI</arg>
<arg>/api</arg>
<doc>Sends a GET request on a previously created HTTP Session.</doc>
<status status="PASS" start="2024-04-15T21:14:04.081746" elapsed="0.100319"/>
</kw>
<kw name="Set Variable" owner="BuiltIn">
<msg time="2024-04-15T21:14:04.183133" level="INFO">${json_data} = {'results': [{'gender': 'male', 'name': {'title': 'Mr', 'first': 'Anton', 'last': 'Christensen'}, 'location': {'street': {'number': 7481, 'name': 'Bøgelunden'}, 'city': 'København S', 'state': 'Midtjy...</msg>
<var>${json_data}</var>
<arg>${response.json()}</arg>
<doc>Returns the given values which can then be assigned to a variables.</doc>
<status status="PASS" start="2024-04-15T21:14:04.182599" elapsed="0.000563"/>
</kw>
<kw name="Log" owner="BuiltIn">
<msg time="2024-04-15T21:14:04.183652" level="INFO">{'results': [{'gender': 'male', 'name': {'title': 'Mr', 'first': 'Anton', 'last': 'Christensen'}, 'location': {'street': {'number': 7481, 'name': 'Bøgelunden'}, 'city': 'København S', 'state': 'Midtjylland', 'country': 'Denmark', 'postcode': 73072, 'coordinates': {'latitude': '-45.8361', 'longitude': '-153.4637'}, 'timezone': {'offset': '-11:00', 'description': 'Midway Island, Samoa'}}, 'email': 'anton.christensen@example.com', 'login': {'uuid': '110b166b-f801-42e1-a06b-68d7caa25718', 'username': 'happypanda447', 'password': '646464', 'salt': '8Fdek4ei', 'md5': '88fdd4d786d82241ccaea90f94c80e3a', 'sha1': '4718c0bc12fea240e999cc27951243e0c1acacc9', 'sha256': '7bf14dce9c5d00f52acba68ae69c7aeffcc984010c481e0e60829037264795de'}, 'dob': {'date': '1973-10-04T18:53:11.638Z', 'age': 50}, 'registered': {'date': '2018-11-21T09:07:41.238Z', 'age': 5}, 'phone': '76613405', 'cell': '26298339', 'id': {'name': 'CPR', 'value': '041073-9401'}, 'picture': {'large': 'https://randomuser.me/api/portraits/men/46.jpg', 'medium': 'https://randomuser.me/api/portraits/med/men/46.jpg', 'thumbnail': 'https://randomuser.me/api/portraits/thumb/men/46.jpg'}, 'nat': 'DK'}], 'info': {'seed': 'f7d869e16dcfb196', 'results': 1, 'page': 1, 'version': '1.4'}}</msg>
<arg>${json_data}</arg>
<doc>Logs the given message with the given level.</doc>
<status status="PASS" start="2024-04-15T21:14:04.183485" elapsed="0.000218"/>
</kw>
<kw name="Dictionary Should Contain Key" owner="Collections">
<msg time="2024-04-15T21:14:04.184168" level="INFO">False</msg>
<arg>${json_data}</arg>
<arg>results</arg>
<doc>Fails if ``key`` is not found from ``dictionary``.</doc>
<status status="PASS" start="2024-04-15T21:14:04.184007" elapsed="0.000199"/>
</kw>
<kw name="Should Not Be Empty" owner="BuiltIn">
<msg time="2024-04-15T21:14:04.184643" level="INFO">Length is 2.</msg>
<arg>${json_data}</arg>
<doc>Verifies that the given item is not empty.</doc>
<status status="PASS" start="2024-04-15T21:14:04.184507" elapsed="0.000175"/>
</kw>
<kw name="Create List" owner="BuiltIn">
<msg time="2024-04-15T21:14:04.185164" level="INFO">${expected_keys} = ['gender', 'name', 'location', 'email', 'login']</msg>
<var>${expected_keys}</var>
<arg>gender</arg>
<arg>name</arg>
<arg>location</arg>
<arg>email</arg>
<arg>login</arg>
<doc>Returns a list containing given items.</doc>
<status status="PASS" start="2024-04-15T21:14:04.184979" elapsed="0.000214"/>
</kw>
<for flavor="IN">
<iter>
<kw name="Dictionary Should Contain Key" owner="Collections">
<msg time="2024-04-15T21:14:04.186211" level="INFO">False</msg>
<arg>${json_data['results'][0]}</arg>
<arg>${key}</arg>
<doc>Fails if ``key`` is not found from ``dictionary``.</doc>
<status status="PASS" start="2024-04-15T21:14:04.185797" elapsed="0.000454"/>
</kw>
<kw name="Log" owner="BuiltIn">
<msg time="2024-04-15T21:14:04.186947" level="INFO">{'gender': 'male', 'name': {'title': 'Mr', 'first': 'Anton', 'last': 'Christensen'}, 'location': {'street': {'number': 7481, 'name': 'Bøgelunden'}, 'city': 'København S', 'state': 'Midtjylland', 'country': 'Denmark', 'postcode': 73072, 'coordinates': {'latitude': '-45.8361', 'longitude': '-153.4637'}, 'timezone': {'offset': '-11:00', 'description': 'Midway Island, Samoa'}}, 'email': 'anton.christensen@example.com', 'login': {'uuid': '110b166b-f801-42e1-a06b-68d7caa25718', 'username': 'happypanda447', 'password': '646464', 'salt': '8Fdek4ei', 'md5': '88fdd4d786d82241ccaea90f94c80e3a', 'sha1': '4718c0bc12fea240e999cc27951243e0c1acacc9', 'sha256': '7bf14dce9c5d00f52acba68ae69c7aeffcc984010c481e0e60829037264795de'}, 'dob': {'date': '1973-10-04T18:53:11.638Z', 'age': 50}, 'registered': {'date': '2018-11-21T09:07:41.238Z', 'age': 5}, 'phone': '76613405', 'cell': '26298339', 'id': {'name': 'CPR', 'value': '041073-9401'}, 'picture': {'large': 'https://randomuser.me/api/portraits/men/46.jpg', 'medium': 'https://randomuser.me/api/portraits/med/men/46.jpg', 'thumbnail': 'https://randomuser.me/api/portraits/thumb/men/46.jpg'}, 'nat': 'DK'}</msg>
<arg>${json_data['results'][0]}</arg>
<doc>Logs the given message with the given level.</doc>
<status status="PASS" start="2024-04-15T21:14:04.186567" elapsed="0.000430"/>
</kw>
<kw name="Log" owner="BuiltIn">
<msg time="2024-04-15T21:14:04.187434" level="INFO">gender</msg>
<arg>${key}</arg>
<doc>Logs the given message with the given level.</doc>
<status status="PASS" start="2024-04-15T21:14:04.187303" elapsed="0.000171"/>
</kw>
<var name="${key}">gender</var>
<status status="PASS" start="2024-04-15T21:14:04.185667" elapsed="0.002037"/>
</iter>
<iter>
<kw name="Dictionary Should Contain Key" owner="Collections">
<msg time="2024-04-15T21:14:04.188406" level="INFO">False</msg>
<arg>${json_data['results'][0]}</arg>
<arg>${key}</arg>
<doc>Fails if ``key`` is not found from ``dictionary``.</doc>
<status status="PASS" start="2024-04-15T21:14:04.188016" elapsed="0.000428"/>
</kw>
<kw name="Log" owner="BuiltIn">
<msg time="2024-04-15T21:14:04.189188" level="INFO">{'gender': 'male', 'name': {'title': 'Mr', 'first': 'Anton', 'last': 'Christensen'}, 'location': {'street': {'number': 7481, 'name': 'Bøgelunden'}, 'city': 'København S', 'state': 'Midtjylland', 'country': 'Denmark', 'postcode': 73072, 'coordinates': {'latitude': '-45.8361', 'longitude': '-153.4637'}, 'timezone': {'offset': '-11:00', 'description': 'Midway Island, Samoa'}}, 'email': 'anton.christensen@example.com', 'login': {'uuid': '110b166b-f801-42e1-a06b-68d7caa25718', 'username': 'happypanda447', 'password': '646464', 'salt': '8Fdek4ei', 'md5': '88fdd4d786d82241ccaea90f94c80e3a', 'sha1': '4718c0bc12fea240e999cc27951243e0c1acacc9', 'sha256': '7bf14dce9c5d00f52acba68ae69c7aeffcc984010c481e0e60829037264795de'}, 'dob': {'date': '1973-10-04T18:53:11.638Z', 'age': 50}, 'registered': {'date': '2018-11-21T09:07:41.238Z', 'age': 5}, 'phone': '76613405', 'cell': '26298339', 'id': {'name': 'CPR', 'value': '041073-9401'}, 'picture': {'large': 'https://randomuser.me/api/portraits/men/46.jpg', 'medium': 'https://randomuser.me/api/portraits/med/men/46.jpg', 'thumbnail': 'https://randomuser.me/api/portraits/thumb/men/46.jpg'}, 'nat': 'DK'}</msg>
<arg>${json_data['results'][0]}</arg>
<doc>Logs the given message with the given level.</doc>
<status status="PASS" start="2024-04-15T21:14:04.188775" elapsed="0.000472"/>
</kw>
<kw name="Log" owner="BuiltIn">
<msg time="2024-04-15T21:14:04.189697" level="INFO">name</msg>
<arg>${key}</arg>
<doc>Logs the given message with the given level.</doc>
<status status="PASS" start="2024-04-15T21:14:04.189564" elapsed="0.000173"/>
</kw>
<var name="${key}">name</var>
<status status="PASS" start="2024-04-15T21:14:04.187899" elapsed="0.002064"/>
</iter>
<iter>
<kw name="Dictionary Should Contain Key" owner="Collections">
<msg time="2024-04-15T21:14:04.190641" level="INFO">False</msg>
<arg>${json_data['results'][0]}</arg>
<arg>${key}</arg>
<doc>Fails if ``key`` is not found from ``dictionary``.</doc>
<status status="PASS" start="2024-04-15T21:14:04.190257" elapsed="0.000421"/>
</kw>
<kw name="Log" owner="BuiltIn">
<msg time="2024-04-15T21:14:04.191345" level="INFO">{'gender': 'male', 'name': {'title': 'Mr', 'first': 'Anton', 'last': 'Christensen'}, 'location': {'street': {'number': 7481, 'name': 'Bøgelunden'}, 'city': 'København S', 'state': 'Midtjylland', 'country': 'Denmark', 'postcode': 73072, 'coordinates': {'latitude': '-45.8361', 'longitude': '-153.4637'}, 'timezone': {'offset': '-11:00', 'description': 'Midway Island, Samoa'}}, 'email': 'anton.christensen@example.com', 'login': {'uuid': '110b166b-f801-42e1-a06b-68d7caa25718', 'username': 'happypanda447', 'password': '646464', 'salt': '8Fdek4ei', 'md5': '88fdd4d786d82241ccaea90f94c80e3a', 'sha1': '4718c0bc12fea240e999cc27951243e0c1acacc9', 'sha256': '7bf14dce9c5d00f52acba68ae69c7aeffcc984010c481e0e60829037264795de'}, 'dob': {'date': '1973-10-04T18:53:11.638Z', 'age': 50}, 'registered': {'date': '2018-11-21T09:07:41.238Z', 'age': 5}, 'phone': '76613405', 'cell': '26298339', 'id': {'name': 'CPR', 'value': '041073-9401'}, 'picture': {'large': 'https://randomuser.me/api/portraits/men/46.jpg', 'medium': 'https://randomuser.me/api/portraits/med/men/46.jpg', 'thumbnail': 'https://randomuser.me/api/portraits/thumb/men/46.jpg'}, 'nat': 'DK'}</msg>
<arg>${json_data['results'][0]}</arg>
<doc>Logs the given message with the given level.</doc>
<status status="PASS" start="2024-04-15T21:14:04.190978" elapsed="0.000417"/>
</kw>
<kw name="Log" owner="BuiltIn">
<msg time="2024-04-15T21:14:04.191829" level="INFO">location</msg>
<arg>${key}</arg>
<doc>Logs the given message with the given level.</doc>
<status status="PASS" start="2024-04-15T21:14:04.191702" elapsed="0.000165"/>
</kw>
<var name="${key}">location</var>
<status status="PASS" start="2024-04-15T21:14:04.190143" elapsed="0.001941"/>
</iter>
<iter>
<kw name="Dictionary Should Contain Key" owner="Collections">
<msg time="2024-04-15T21:14:04.192749" level="INFO">False</msg>
<arg>${json_data['results'][0]}</arg>
<arg>${key}</arg>
<doc>Fails if ``key`` is not found from ``dictionary``.</doc>
<status status="PASS" start="2024-04-15T21:14:04.192366" elapsed="0.000427"/>
</kw>
<kw name="Log" owner="BuiltIn">
<msg time="2024-04-15T21:14:04.193499" level="INFO">{'gender': 'male', 'name': {'title': 'Mr', 'first': 'Anton', 'last': 'Christensen'}, 'location': {'street': {'number': 7481, 'name': 'Bøgelunden'}, 'city': 'København S', 'state': 'Midtjylland', 'country': 'Denmark', 'postcode': 73072, 'coordinates': {'latitude': '-45.8361', 'longitude': '-153.4637'}, 'timezone': {'offset': '-11:00', 'description': 'Midway Island, Samoa'}}, 'email': 'anton.christensen@example.com', 'login': {'uuid': '110b166b-f801-42e1-a06b-68d7caa25718', 'username': 'happypanda447', 'password': '646464', 'salt': '8Fdek4ei', 'md5': '88fdd4d786d82241ccaea90f94c80e3a', 'sha1': '4718c0bc12fea240e999cc27951243e0c1acacc9', 'sha256': '7bf14dce9c5d00f52acba68ae69c7aeffcc984010c481e0e60829037264795de'}, 'dob': {'date': '1973-10-04T18:53:11.638Z', 'age': 50}, 'registered': {'date': '2018-11-21T09:07:41.238Z', 'age': 5}, 'phone': '76613405', 'cell': '26298339', 'id': {'name': 'CPR', 'value': '041073-9401'}, 'picture': {'large': 'https://randomuser.me/api/portraits/men/46.jpg', 'medium': 'https://randomuser.me/api/portraits/med/men/46.jpg', 'thumbnail': 'https://randomuser.me/api/portraits/thumb/men/46.jpg'}, 'nat': 'DK'}</msg>
<arg>${json_data['results'][0]}</arg>
<doc>Logs the given message with the given level.</doc>
<status status="PASS" start="2024-04-15T21:14:04.193094" elapsed="0.000457"/>
</kw>
<kw name="Log" owner="BuiltIn">
<msg time="2024-04-15T21:14:04.193985" level="INFO">email</msg>
<arg>${key}</arg>
<doc>Logs the given message with the given level.</doc>
<status status="PASS" start="2024-04-15T21:14:04.193857" elapsed="0.000167"/>
</kw>
<var name="${key}">email</var>
<status status="PASS" start="2024-04-15T21:14:04.192256" elapsed="0.001984"/>
</iter>
<iter>
<kw name="Dictionary Should Contain Key" owner="Collections">
<msg time="2024-04-15T21:14:04.194900" level="INFO">False</msg>
<arg>${json_data['results'][0]}</arg>
<arg>${key}</arg>
<doc>Fails if ``key`` is not found from ``dictionary``.</doc>
<status status="PASS" start="2024-04-15T21:14:04.194527" elapsed="0.000410"/>
</kw>
<kw name="Log" owner="BuiltIn">
<msg time="2024-04-15T21:14:04.195635" level="INFO">{'gender': 'male', 'name': {'title': 'Mr', 'first': 'Anton', 'last': 'Christensen'}, 'location': {'street': {'number': 7481, 'name': 'Bøgelunden'}, 'city': 'København S', 'state': 'Midtjylland', 'country': 'Denmark', 'postcode': 73072, 'coordinates': {'latitude': '-45.8361', 'longitude': '-153.4637'}, 'timezone': {'offset': '-11:00', 'description': 'Midway Island, Samoa'}}, 'email': 'anton.christensen@example.com', 'login': {'uuid': '110b166b-f801-42e1-a06b-68d7caa25718', 'username': 'happypanda447', 'password': '646464', 'salt': '8Fdek4ei', 'md5': '88fdd4d786d82241ccaea90f94c80e3a', 'sha1': '4718c0bc12fea240e999cc27951243e0c1acacc9', 'sha256': '7bf14dce9c5d00f52acba68ae69c7aeffcc984010c481e0e60829037264795de'}, 'dob': {'date': '1973-10-04T18:53:11.638Z', 'age': 50}, 'registered': {'date': '2018-11-21T09:07:41.238Z', 'age': 5}, 'phone': '76613405', 'cell': '26298339', 'id': {'name': 'CPR', 'value': '041073-9401'}, 'picture': {'large': 'https://randomuser.me/api/portraits/men/46.jpg', 'medium': 'https://randomuser.me/api/portraits/med/men/46.jpg', 'thumbnail': 'https://randomuser.me/api/portraits/thumb/men/46.jpg'}, 'nat': 'DK'}</msg>
<arg>${json_data['results'][0]}</arg>
<doc>Logs the given message with the given level.</doc>
<status status="PASS" start="2024-04-15T21:14:04.195248" elapsed="0.000436"/>
</kw>
<kw name="Log" owner="BuiltIn">
<msg time="2024-04-15T21:14:04.196111" level="INFO">login</msg>
<arg>${key}</arg>
<doc>Logs the given message with the given level.</doc>
<status status="PASS" start="2024-04-15T21:14:04.195984" elapsed="0.000166"/>
</kw>
<var name="${key}">login</var>
<status status="PASS" start="2024-04-15T21:14:04.194416" elapsed="0.001951"/>
</iter>
<var>${key}</var>
<value>@{expected_keys}</value>
<status status="PASS" start="2024-04-15T21:14:04.185467" elapsed="0.011054"/>
</for>
<kw name="Create List" owner="BuiltIn">
<msg time="2024-04-15T21:14:04.196869" level="INFO">${expected_keysTwo} = ['username', 'password']</msg>
<var>${expected_keysTwo}</var>
<arg>username</arg>
<arg>password</arg>
<doc>Returns a list containing given items.</doc>
<status status="PASS" start="2024-04-15T21:14:04.196729" elapsed="0.000164"/>
</kw>
<for flavor="IN">
<iter>
<kw name="Dictionary Should Contain Key" owner="Collections">
<msg time="2024-04-15T21:14:04.197947" level="INFO">False</msg>
<arg>${json_data['results'][0]['login']}</arg>
<arg>${keyTwo}</arg>
<doc>Fails if ``key`` is not found from ``dictionary``.</doc>
<status status="PASS" start="2024-04-15T21:14:04.197562" elapsed="0.000424"/>
</kw>
<kw name="Dictionary Should Contain Key" owner="Collections">
<msg time="2024-04-15T21:14:04.198671" level="INFO">False</msg>
<arg>${json_data['results'][0]['login']}</arg>
<arg>${keyTwo}</arg>
<doc>Fails if ``key`` is not found from ``dictionary``.</doc>
<status status="PASS" start="2024-04-15T21:14:04.198290" elapsed="0.000420"/>
</kw>
<kw name="Log" owner="BuiltIn">
<msg time="2024-04-15T21:14:04.199144" level="INFO">username</msg>
<arg>${keyTwo}</arg>
<doc>Logs the given message with the given level.</doc>
<status status="PASS" start="2024-04-15T21:14:04.199012" elapsed="0.000171"/>
</kw>
<var name="${keyTwo}">username</var>
<status status="PASS" start="2024-04-15T21:14:04.197448" elapsed="0.001953"/>
</iter>
<iter>
<kw name="Dictionary Should Contain Key" owner="Collections">
<msg time="2024-04-15T21:14:04.200068" level="INFO">False</msg>
<arg>${json_data['results'][0]['login']}</arg>
<arg>${keyTwo}</arg>
<doc>Fails if ``key`` is not found from ``dictionary``.</doc>
<status status="PASS" start="2024-04-15T21:14:04.199686" elapsed="0.000419"/>
</kw>
<kw name="Dictionary Should Contain Key" owner="Collections">
<msg time="2024-04-15T21:14:04.200788" level="INFO">False</msg>
<arg>${json_data['results'][0]['login']}</arg>
<arg>${keyTwo}</arg>
<doc>Fails if ``key`` is not found from ``dictionary``.</doc>
<status status="PASS" start="2024-04-15T21:14:04.200403" elapsed="0.000423"/>
</kw>
<kw name="Log" owner="BuiltIn">
<msg time="2024-04-15T21:14:04.201290" level="INFO">password</msg>
<arg>${keyTwo}</arg>
<doc>Logs the given message with the given level.</doc>
<status status="PASS" start="2024-04-15T21:14:04.201155" elapsed="0.000173"/>
</kw>
<var name="${keyTwo}">password</var>
<status status="PASS" start="2024-04-15T21:14:04.199576" elapsed="0.001979"/>
</iter>
<var>${keyTwo}</var>
<value>@{expected_keysTwo}</value>
<status status="PASS" start="2024-04-15T21:14:04.197174" elapsed="0.004504"/>
</for>
<status status="PASS" start="2024-04-15T21:14:04.081499" elapsed="0.120324"/>
</kw>
<doc>Testa a estrutura da resposta da API.</doc>
<tag>testeEstruturaResposta</tag>
<status status="PASS" start="2024-04-15T21:14:04.080791" elapsed="0.121198"/>
</test>
<test id="s1-s1-t4" name="Validar tipos de dados" line="28">
<kw name="Teste de Tipos de Dados" owner="random-user-service">
<kw name="GET On Session" owner="RequestsLibrary">
<msg time="2024-04-15T21:14:04.279964" level="INFO">GET Request : url=https://randomuser.me/api 
 path_url=/api 
 headers={'User-Agent': 'python-requests/2.31.0', 'Accept-Encoding': 'gzip, deflate', 'Accept': '*/*', 'Connection': 'keep-alive'} 
 body=None 
 </msg>
<msg time="2024-04-15T21:14:04.280069" level="INFO">GET Response : url=https://randomuser.me/api 
 status=200, reason=OK 
 headers={'Date': 'Mon, 15 Apr 2024 21:14:04 GMT', 'Content-Type': 'application/json; charset=utf-8', 'Transfer-Encoding': 'chunked', 'Connection': 'keep-alive', 'X-Powered-By': 'Express', 'Access-Control-Allow-Origin': '*', 'Cache-Control': 'no-cache', 'ETag': 'W/"49e-qdnWz+qCCvvF0P2nfs+TGK+XRzE"', 'Vary': 'Accept-Encoding', 'Content-Encoding': 'gzip', 'CF-Cache-Status': 'DYNAMIC', 'Report-To': '{"endpoints":[{"url":"https:\\/\\/a.nel.cloudflare.com\\/report\\/v4?s=unvuRvowAfZOaJ7CTcdEWw1IWgSlV%2FnQn7883jfKrl7IGpmII5KErr0lKtwL%2FqClI2HBKy2VbY5Y8sU2NY0UqxaIxDwYdb29iL1336r%2F64DukRlUDiI94Pxbbgzh0LRr"}],"group":"cf-nel","max_age":604800}', 'NEL': '{"success_fraction":0,"report_to":"cf-nel","max_age":604800}', 'Server': 'cloudflare', 'CF-RAY': '874ef1706c7d2316-ORD', 'alt-svc': 'h3=":443"; ma=86400'} 
 body={"results":[{"gender":"male","name":{"title":"Mr","first":"Evan","last":"Martin"},"location":{"street":{"number":9074,"name":"Richmond Road"},"city":"Exeter","state":"Gloucestershire","country":"United Kingdom","postcode":"BN9 6YE","coordinates":{"latitude":"-10.2220","longitude":"-95.0205"},"timezone":{"offset":"-5:00","description":"Eastern Time (US &amp; Canada), Bogota, Lima"}},"email":"evan.martin@example.com","login":{"uuid":"583ea56f-6416-49f0-9357-71b091aed3bb","username":"goldenkoala516","password":"camaro","salt":"zshxK0be","md5":"e493ee426bfe5254373c9bd5bf0fc239","sha1":"db4bf27ae45b22bb8b2a55711e0047ffbe317d92","sha256":"5e97c32924e9d7864cbd5ba031bdf0123ce21cf7641c84532a34212d1d6a7b93"},"dob":{"date":"1948-10-09T23:15:19.268Z","age":75},"registered":{"date":"2016-03-04T06:15:18.531Z","age":8},"phone":"017687 33526","cell":"07447 169438","id":{"name":"NINO","value":"XR 66 69 29 B"},"picture":{"large":"https://randomuser.me/api/portraits/men/4.jpg","medium":"https://randomuser.me/api/portraits/med/men/4.jpg","thumbnail":"https://randomuser.me/api/portraits/thumb/men/4.jpg"},"nat":"GB"}],"info":{"seed":"0e8b2dd908ea6db7","results":1,"page":1,"version":"1.4"}} 
 </msg>
<msg time="2024-04-15T21:14:04.280152" level="INFO">/opt/hostedtoolcache/Python/3.12.2/x64/lib/python3.12/site-packages/urllib3/connectionpool.py:1103: InsecureRequestWarning: Unverified HTTPS request is being made to host 'randomuser.me'. Adding certificate verification is strongly advised. See: https://urllib3.readthedocs.io/en/latest/advanced-usage.html#tls-warnings
  warnings.warn(</msg>
<msg time="2024-04-15T21:14:04.280277" level="INFO">${response} = &lt;Response [200]&gt;</msg>
<var>${response}</var>
<arg>consultarAPI</arg>
<arg>/api</arg>
<doc>Sends a GET request on a previously created HTTP Session.</doc>
<status status="PASS" start="2024-04-15T21:14:04.204452" elapsed="0.075861"/>
</kw>
<kw name="Set Variable" owner="BuiltIn">
<msg time="2024-04-15T21:14:04.281505" level="INFO">${json_data} = {'results': [{'gender': 'male', 'name': {'title': 'Mr', 'first': 'Evan', 'last': 'Martin'}, 'location': {'street': {'number': 9074, 'name': 'Richmond Road'}, 'city': 'Exeter', 'state': 'Gloucestershir...</msg>
<var>${json_data}</var>
<arg>${response.json()}</arg>
<doc>Returns the given values which can then be assigned to a variables.</doc>
<status status="PASS" start="2024-04-15T21:14:04.280883" elapsed="0.000652"/>
</kw>
<kw name="Log" owner="BuiltIn">
<msg time="2024-04-15T21:14:04.282125" level="INFO">{'results': [{'gender': 'male', 'name': {'title': 'Mr', 'first': 'Evan', 'last': 'Martin'}, 'location': {'street': {'number': 9074, 'name': 'Richmond Road'}, 'city': 'Exeter', 'state': 'Gloucestershire', 'country': 'United Kingdom', 'postcode': 'BN9 6YE', 'coordinates': {'latitude': '-10.2220', 'longitude': '-95.0205'}, 'timezone': {'offset': '-5:00', 'description': 'Eastern Time (US &amp; Canada), Bogota, Lima'}}, 'email': 'evan.martin@example.com', 'login': {'uuid': '583ea56f-6416-49f0-9357-71b091aed3bb', 'username': 'goldenkoala516', 'password': 'camaro', 'salt': 'zshxK0be', 'md5': 'e493ee426bfe5254373c9bd5bf0fc239', 'sha1': 'db4bf27ae45b22bb8b2a55711e0047ffbe317d92', 'sha256': '5e97c32924e9d7864cbd5ba031bdf0123ce21cf7641c84532a34212d1d6a7b93'}, 'dob': {'date': '1948-10-09T23:15:19.268Z', 'age': 75}, 'registered': {'date': '2016-03-04T06:15:18.531Z', 'age': 8}, 'phone': '017687 33526', 'cell': '07447 169438', 'id': {'name': 'NINO', 'value': 'XR 66 69 29 B'}, 'picture': {'large': 'https://randomuser.me/api/portraits/men/4.jpg', 'medium': 'https://randomuser.me/api/portraits/med/men/4.jpg', 'thumbnail': 'https://randomuser.me/api/portraits/thumb/men/4.jpg'}, 'nat': 'GB'}], 'info': {'seed': '0e8b2dd908ea6db7', 'results': 1, 'page': 1, 'version': '1.4'}}</msg>
<arg>${json_data}</arg>
<doc>Logs the given message with the given level.</doc>
<status status="PASS" start="2024-04-15T21:14:04.281938" elapsed="0.000278"/>
</kw>
<kw name="Should Be String" owner="String">
<arg>${json_data['results'][0]['gender']}</arg>
<doc>Fails if the given ``item`` is not a string.</doc>
<status status="PASS" start="2024-04-15T21:14:04.282563" elapsed="0.000403"/>
</kw>
<kw name="Should Match Regexp" owner="BuiltIn">
<arg>${json_data['results'][0]['email']}</arg>
<arg>^[a-zA-Z0-9._%+-]+@[a-zA-Z0-9.-]+\.[a-zA-Z]{2,}$</arg>
<doc>Fails if ``string`` does not match ``pattern`` as a regular expression.</doc>
<status status="PASS" start="2024-04-15T21:14:04.283184" elapsed="0.000553"/>
</kw>
<kw name="Should Match Regexp" owner="BuiltIn">
<arg>${json_data['results'][0]['dob']['date']}</arg>
<arg>\\d{4}-\\d{2}-\\d{2}T\\d{2}:\\d{2}:\\d{2}\\.\\d{3}Z</arg>
<doc>Fails if ``string`` does not match ``pattern`` as a regular expression.</doc>
<status status="PASS" start="2024-04-15T21:14:04.283948" elapsed="0.000513"/>
</kw>
<kw name="Should Match Regexp" owner="BuiltIn">
<arg>${json_data['results'][0]['registered']['date']}</arg>
<arg>\\d{4}-\\d{2}-\\d{2}T\\d{2}:\\d{2}:\\d{2}\\.\\d{3}Z</arg>
<doc>Fails if ``string`` does not match ``pattern`` as a regular expression.</doc>
<status status="PASS" start="2024-04-15T21:14:04.284668" elapsed="0.000378"/>
</kw>
<kw name="Should Match Regexp" owner="BuiltIn">
<arg>${json_data['results'][0]['picture']['large']}</arg>
<arg>^https?://.*\.(?:png|jpe?g|gif|bmp)$</arg>
<doc>Fails if ``string`` does not match ``pattern`` as a regular expression.</doc>
<status status="PASS" start="2024-04-15T21:14:04.285275" elapsed="0.000469"/>
</kw>
<kw name="Should Match Regexp" owner="BuiltIn">
<arg>${json_data['results'][0]['picture']['medium']}</arg>
<arg>^https?://.*\.(?:png|jpe?g|gif|bmp)$</arg>
<doc>Fails if ``string`` does not match ``pattern`` as a regular expression.</doc>
<status status="PASS" start="2024-04-15T21:14:04.285937" elapsed="0.000364"/>
</kw>
<kw name="Should Match Regexp" owner="BuiltIn">
<arg>${json_data['results'][0]['picture']['thumbnail']}</arg>
<arg>^https?://.*\.(?:png|jpe?g|gif|bmp)$</arg>
<doc>Fails if ``string`` does not match ``pattern`` as a regular expression.</doc>
<status status="PASS" start="2024-04-15T21:14:04.286492" elapsed="0.000363"/>
</kw>
<kw name="Log" owner="BuiltIn">
<msg time="2024-04-15T21:14:04.287375" level="INFO">{'large': 'https://randomuser.me/api/portraits/men/4.jpg', 'medium': 'https://randomuser.me/api/portraits/med/men/4.jpg', 'thumbnail': 'https://randomuser.me/api/portraits/thumb/men/4.jpg'}</msg>
<arg>${json_data['results'][0]['picture']}</arg>
<doc>Logs the given message with the given level.</doc>
<status status="PASS" start="2024-04-15T21:14:04.287041" elapsed="0.000378"/>
</kw>
<status status="PASS" start="2024-04-15T21:14:04.204220" elapsed="0.083484"/>
</kw>
<kw name="Teste de Tipos de Dados - Postcode" owner="random-user-service">
<kw name="GET On Session" owner="RequestsLibrary">
<msg time="2024-04-15T21:14:04.373660" level="INFO">GET Request : url=https://randomuser.me/api 
 path_url=/api 
 headers={'User-Agent': 'python-requests/2.31.0', 'Accept-Encoding': 'gzip, deflate', 'Accept': '*/*', 'Connection': 'keep-alive'} 
 body=None 
 </msg>
<msg time="2024-04-15T21:14:04.373778" level="INFO">GET Response : url=https://randomuser.me/api 
 status=200, reason=OK 
 headers={'Date': 'Mon, 15 Apr 2024 21:14:04 GMT', 'Content-Type': 'application/json; charset=utf-8', 'Transfer-Encoding': 'chunked', 'Connection': 'keep-alive', 'X-Powered-By': 'Express', 'Access-Control-Allow-Origin': '*', 'Cache-Control': 'no-cache', 'ETag': 'W/"479-QQJY9LEXof67ZxtBfo8RmfEcB08"', 'Vary': 'Accept-Encoding', 'Content-Encoding': 'gzip', 'CF-Cache-Status': 'DYNAMIC', 'Report-To': '{"endpoints":[{"url":"https:\\/\\/a.nel.cloudflare.com\\/report\\/v4?s=ICgFQnchpnEXRBhNmq6T%2FHw%2BD9ZTHnjkLl23YNUySzl8pTOPy2cluGgcELkzgYwMfWt0sceOTLrngiQcJ0KAxAOgvbqeIw86YPk6DBEF%2FMH%2ByTH4KpcUGsd8X2DgBjp4"}],"group":"cf-nel","max_age":604800}', 'NEL': '{"success_fraction":0,"report_to":"cf-nel","max_age":604800}', 'Server': 'cloudflare', 'CF-RAY': '874ef170ed4d2316-ORD', 'alt-svc': 'h3=":443"; ma=86400'} 
 body={"results":[{"gender":"male","name":{"title":"Mr","first":"Mehmet","last":"Başoğlu"},"location":{"street":{"number":7335,"name":"Anafartalar Cd"},"city":"Niğde","state":"Bitlis","country":"Turkey","postcode":43564,"coordinates":{"latitude":"70.2750","longitude":"-127.9022"},"timezone":{"offset":"-12:00","description":"Eniwetok, Kwajalein"}},"email":"mehmet.basoglu@example.com","login":{"uuid":"a30b1a25-76a3-4168-b087-e9546ee48186","username":"orangekoala892","password":"1234abcd","salt":"DAQmeyHT","md5":"e461c9d1e695ff4a1ab962f457db8cd4","sha1":"0a8f384cbd8f94abe66e4244c1d781c45e5751dc","sha256":"4324f67f6b1b34bfb455e7d92d06ac6513f68b3cf2d9b8895d2acc18b87e90d4"},"dob":{"date":"1978-06-30T21:48:31.899Z","age":45},"registered":{"date":"2008-12-16T13:00:07.182Z","age":15},"phone":"(389)-250-5476","cell":"(868)-771-8087","id":{"name":"","value":null},"picture":{"large":"https://randomuser.me/api/portraits/men/26.jpg","medium":"https://randomuser.me/api/portraits/med/men/26.jpg","thumbnail":"https://randomuser.me/api/portraits/thumb/men/26.jpg"},"nat":"TR"}],"info":{"seed":"fae647345d3765be","results":1,"page":1,"version":"1.4"}} 
 </msg>
<msg time="2024-04-15T21:14:04.373895" level="INFO">/opt/hostedtoolcache/Python/3.12.2/x64/lib/python3.12/site-packages/urllib3/connectionpool.py:1103: InsecureRequestWarning: Unverified HTTPS request is being made to host 'randomuser.me'. Adding certificate verification is strongly advised. See: https://urllib3.readthedocs.io/en/latest/advanced-usage.html#tls-warnings
  warnings.warn(</msg>
<msg time="2024-04-15T21:14:04.374032" level="INFO">${response} = &lt;Response [200]&gt;</msg>
<var>${response}</var>
<arg>consultarAPI</arg>
<arg>/api</arg>
<doc>Sends a GET request on a previously created HTTP Session.</doc>
<status status="PASS" start="2024-04-15T21:14:04.288213" elapsed="0.085854"/>
</kw>
<kw name="Set Variable" owner="BuiltIn">
<msg time="2024-04-15T21:14:04.375193" level="INFO">${json_data} = {'results': [{'gender': 'male', 'name': {'title': 'Mr', 'first': 'Mehmet', 'last': 'Başoğlu'}, 'location': {'street': {'number': 7335, 'name': 'Anafartalar Cd'}, 'city': 'Niğde', 'state': 'Bitlis', 'c...</msg>
<var>${json_data}</var>
<arg>${response.json()}</arg>
<doc>Returns the given values which can then be assigned to a variables.</doc>
<status status="PASS" start="2024-04-15T21:14:04.374632" elapsed="0.000593"/>
</kw>
<kw name="Log" owner="BuiltIn">
<msg time="2024-04-15T21:14:04.375793" level="INFO">{'results': [{'gender': 'male', 'name': {'title': 'Mr', 'first': 'Mehmet', 'last': 'Başoğlu'}, 'location': {'street': {'number': 7335, 'name': 'Anafartalar Cd'}, 'city': 'Niğde', 'state': 'Bitlis', 'country': 'Turkey', 'postcode': 43564, 'coordinates': {'latitude': '70.2750', 'longitude': '-127.9022'}, 'timezone': {'offset': '-12:00', 'description': 'Eniwetok, Kwajalein'}}, 'email': 'mehmet.basoglu@example.com', 'login': {'uuid': 'a30b1a25-76a3-4168-b087-e9546ee48186', 'username': 'orangekoala892', 'password': '1234abcd', 'salt': 'DAQmeyHT', 'md5': 'e461c9d1e695ff4a1ab962f457db8cd4', 'sha1': '0a8f384cbd8f94abe66e4244c1d781c45e5751dc', 'sha256': '4324f67f6b1b34bfb455e7d92d06ac6513f68b3cf2d9b8895d2acc18b87e90d4'}, 'dob': {'date': '1978-06-30T21:48:31.899Z', 'age': 45}, 'registered': {'date': '2008-12-16T13:00:07.182Z', 'age': 15}, 'phone': '(389)-250-5476', 'cell': '(868)-771-8087', 'id': {'name': '', 'value': None}, 'picture': {'large': 'https://randomuser.me/api/portraits/men/26.jpg', 'medium': 'https://randomuser.me/api/portraits/med/men/26.jpg', 'thumbnail': 'https://randomuser.me/api/portraits/thumb/men/26.jpg'}, 'nat': 'TR'}], 'info': {'seed': 'fae647345d3765be', 'results': 1, 'page': 1, 'version': '1.4'}}</msg>
<arg>${json_data}</arg>
<doc>Logs the given message with the given level.</doc>
<status status="PASS" start="2024-04-15T21:14:04.375597" elapsed="0.000295"/>
</kw>
<kw name="Should Be Equal As Numbers" owner="BuiltIn">
<arg>${json_data['results'][0]['location']['postcode']}</arg>
<arg>${json_data['results'][0]['location']['postcode']}</arg>
<doc>Fails if objects are unequal after converting them to real numbers.</doc>
<status status="PASS" start="2024-04-15T21:14:04.376249" elapsed="0.000666"/>
</kw>
<kw name="Log" owner="BuiltIn">
<msg time="2024-04-15T21:14:04.377529" level="INFO">43564</msg>
<arg>${json_data['results'][0]['location']['postcode']}</arg>
<doc>Logs the given message with the given level.</doc>
<status status="PASS" start="2024-04-15T21:14:04.377160" elapsed="0.000413"/>
</kw>
<status status="PASS" start="2024-04-15T21:14:04.287956" elapsed="0.089891"/>
</kw>
<doc>Testa se os tipos de dados na resposta da API estão corretos.</doc>
<tag>testeTiposDados</tag>
<status status="PASS" start="2024-04-15T21:14:04.203744" elapsed="0.174285"/>
</test>
<test id="s1-s1-t5" name="Validar conteudo" line="35">
<kw name="Teste de Tipos de Conteudo" owner="random-user-service">
<kw name="GET On Session" owner="RequestsLibrary">
<msg time="2024-04-15T21:14:04.472589" level="INFO">GET Request : url=https://randomuser.me/api 
 path_url=/api 
 headers={'User-Agent': 'python-requests/2.31.0', 'Accept-Encoding': 'gzip, deflate', 'Accept': '*/*', 'Connection': 'keep-alive'} 
 body=None 
 </msg>
<msg time="2024-04-15T21:14:04.472689" level="INFO">GET Response : url=https://randomuser.me/api 
 status=200, reason=OK 
 headers={'Date': 'Mon, 15 Apr 2024 21:14:04 GMT', 'Content-Type': 'application/json; charset=utf-8', 'Transfer-Encoding': 'chunked', 'Connection': 'keep-alive', 'X-Powered-By': 'Express', 'Access-Control-Allow-Origin': '*', 'Cache-Control': 'no-cache', 'ETag': 'W/"479-LgFXgFvQ/Hh+5k7q4xgnbC2lLzI"', 'Vary': 'Accept-Encoding', 'Content-Encoding': 'gzip', 'CF-Cache-Status': 'DYNAMIC', 'Report-To': '{"endpoints":[{"url":"https:\\/\\/a.nel.cloudflare.com\\/report\\/v4?s=vqXBpJ4n8zZEi9ocpA6eg5QQ9nzqndMNka%2Fpr7agMX2orZI%2BgMVo6hgRANPNyZipbTpLQRVdoBwyV6fBddTJmrSGljVBLuDISVzYldMDPskcG2CDEF1yAhEBw%2FaLV72f"}],"group":"cf-nel","max_age":604800}', 'NEL': '{"success_fraction":0,"report_to":"cf-nel","max_age":604800}', 'Server': 'cloudflare', 'CF-RAY': '874ef1718e432316-ORD', 'alt-svc': 'h3=":443"; ma=86400'} 
 body={"results":[{"gender":"female","name":{"title":"Miss","first":"Rose","last":"Petit"},"location":{"street":{"number":4447,"name":"Route de Genas"},"city":"Nancy","state":"Sarthe","country":"France","postcode":31420,"coordinates":{"latitude":"-18.9372","longitude":"75.1254"},"timezone":{"offset":"-10:00","description":"Hawaii"}},"email":"rose.petit@example.com","login":{"uuid":"ec21759d-3ccf-4c73-b693-b9adf634b6bb","username":"bluepanda617","password":"massimo","salt":"XV0UDpRy","md5":"4fb5a715b0fdbad1f600cdcf4320f722","sha1":"5f459d02df1fedd1f296d1e0a233be33dbd1f1df","sha256":"3aa3f017c8b571cf35a43048b4d3bcdf38639e4c8a6f3bce2504465dbcc81de1"},"dob":{"date":"1981-01-04T17:59:54.764Z","age":43},"registered":{"date":"2018-11-24T08:52:01.749Z","age":5},"phone":"02-22-64-67-90","cell":"06-42-63-21-39","id":{"name":"INSEE","value":"2810095213460 96"},"picture":{"large":"https://randomuser.me/api/portraits/women/96.jpg","medium":"https://randomuser.me/api/portraits/med/women/96.jpg","thumbnail":"https://randomuser.me/api/portraits/thumb/women/96.jpg"},"nat":"FR"}],"info":{"seed":"2ed756a829208302","results":1,"page":1,"version":"1.4"}} 
 </msg>
<msg time="2024-04-15T21:14:04.472760" level="INFO">/opt/hostedtoolcache/Python/3.12.2/x64/lib/python3.12/site-packages/urllib3/connectionpool.py:1103: InsecureRequestWarning: Unverified HTTPS request is being made to host 'randomuser.me'. Adding certificate verification is strongly advised. See: https://urllib3.readthedocs.io/en/latest/advanced-usage.html#tls-warnings
  warnings.warn(</msg>
<msg time="2024-04-15T21:14:04.472876" level="INFO">${response} = &lt;Response [200]&gt;</msg>
<var>${response}</var>
<arg>consultarAPI</arg>
<arg>/api</arg>
<doc>Sends a GET request on a previously created HTTP Session.</doc>
<status status="PASS" start="2024-04-15T21:14:04.380553" elapsed="0.092349"/>
</kw>
<kw name="Set Variable" owner="BuiltIn">
<msg time="2024-04-15T21:14:04.474030" level="INFO">${json_data} = {'results': [{'gender': 'female', 'name': {'title': 'Miss', 'first': 'Rose', 'last': 'Petit'}, 'location': {'street': {'number': 4447, 'name': 'Route de Genas'}, 'city': 'Nancy', 'state': 'Sarthe', 'c...</msg>
<var>${json_data}</var>
<arg>${response.json()}</arg>
<doc>Returns the given values which can then be assigned to a variables.</doc>
<status status="PASS" start="2024-04-15T21:14:04.473509" elapsed="0.000549"/>
</kw>
<kw name="Set Variable" owner="BuiltIn">
<msg time="2024-04-15T21:14:04.474759" level="INFO">${name_title} = Miss</msg>
<var>${name_title}</var>
<arg>${json_data["results"][0]["name"]["title"]}</arg>
<doc>Returns the given values which can then be assigned to a variables.</doc>
<status status="PASS" start="2024-04-15T21:14:04.474378" elapsed="0.000406"/>
</kw>
<kw name="Create List" owner="BuiltIn">
<msg time="2024-04-15T21:14:04.475232" level="INFO">${allowed_titles} = ['Mr', 'Ms', 'Miss', 'Mrs', 'Madame', 'Monsieur']</msg>
<var>${allowed_titles}</var>
<arg>Mr</arg>
<arg>Ms</arg>
<arg>Miss</arg>
<arg>Mrs</arg>
<arg>Madame</arg>
<arg>Monsieur</arg>
<doc>Returns a list containing given items.</doc>
<status status="PASS" start="2024-04-15T21:14:04.475085" elapsed="0.000171"/>
</kw>
<kw name="List Should Contain Value" owner="Collections">
<msg time="2024-04-15T21:14:04.475734" level="INFO">False</msg>
<arg>${allowed_titles}</arg>
<arg>${name_title}</arg>
<doc>Fails if the ``value`` is not found from ``list``.</doc>
<status status="PASS" start="2024-04-15T21:14:04.475553" elapsed="0.000222"/>
</kw>
<kw name="Set Variable" owner="BuiltIn">
<msg time="2024-04-15T21:14:04.476448" level="INFO">${name_country} = FR</msg>
<var>${name_country}</var>
<arg>${json_data["results"][0]["nat"]}</arg>
<doc>Returns the given values which can then be assigned to a variables.</doc>
<status status="PASS" start="2024-04-15T21:14:04.476074" elapsed="0.000400"/>
</kw>
<kw name="Create List" owner="BuiltIn">
<msg time="2024-04-15T21:14:04.477419" level="INFO">${list_country} = ['AD', 'AE', 'AF', 'AG', 'AI', 'AL', 'AM', 'AO', 'AQ', 'AR', 'AS', 'AT', 'AU', 'AW', 'AX', 'AZ', 'BA', 'BB', 'BD', 'BE', 'BF', 'BG', 'BH', 'BI', 'BJ', 'BL', 'BM', 'BN', 'BO', 'BQ', 'BR', 'BS', 'BT', '...</msg>
<var>${list_country}</var>
<arg>AD</arg>
<arg>AE</arg>
<arg>AF</arg>
<arg>AG</arg>
<arg>AI</arg>
<arg>AL</arg>
<arg>AM</arg>
<arg>AO</arg>
<arg>AQ</arg>
<arg>AR</arg>
<arg>AS</arg>
<arg>AT</arg>
<arg>AU</arg>
<arg>AW</arg>
<arg>AX</arg>
<arg>AZ</arg>
<arg>BA</arg>
<arg>BB</arg>
<arg>BD</arg>
<arg>BE</arg>
<arg>BF</arg>
<arg>BG</arg>
<arg>BH</arg>
<arg>BI</arg>
<arg>BJ</arg>
<arg>BL</arg>
<arg>BM</arg>
<arg>BN</arg>
<arg>BO</arg>
<arg>BQ</arg>
<arg>BR</arg>
<arg>BS</arg>
<arg>BT</arg>
<arg>BV</arg>
<arg>BW</arg>
<arg>BY</arg>
<arg>BZ</arg>
<arg>CA</arg>
<arg>CC</arg>
<arg>CD</arg>
<arg>CF</arg>
<arg>CG</arg>
<arg>CH</arg>
<arg>CI</arg>
<arg>CK</arg>
<arg>CL</arg>
<arg>CM</arg>
<arg>CN</arg>
<arg>CO</arg>
<arg>CR</arg>
<arg>CU</arg>
<arg>CV</arg>
<arg>CW</arg>
<arg>CX</arg>
<arg>CY</arg>
<arg>CZ</arg>
<arg>DE</arg>
<arg>DJ</arg>
<arg>DK</arg>
<arg>DM</arg>
<arg>DO</arg>
<arg>DZ</arg>
<arg>EC</arg>
<arg>EE</arg>
<arg>EG</arg>
<arg>EH</arg>
<arg>ER</arg>
<arg>ES</arg>
<arg>ET</arg>
<arg>FI</arg>
<arg>FJ</arg>
<arg>FK</arg>
<arg>FM</arg>
<arg>FO</arg>
<arg>FR</arg>
<arg>GA</arg>
<arg>GB</arg>
<arg>GD</arg>
<arg>GE</arg>
<arg>GF</arg>
<arg>GG</arg>
<arg>GH</arg>
<arg>GI</arg>
<arg>GL</arg>
<arg>GM</arg>
<arg>GN</arg>
<arg>GP</arg>
<arg>GQ</arg>
<arg>GR</arg>
<arg>GS</arg>
<arg>GT</arg>
<arg>GU</arg>
<arg>GW</arg>
<arg>GY</arg>
<arg>HK</arg>
<arg>HM</arg>
<arg>HN</arg>
<arg>HR</arg>
<arg>HT</arg>
<arg>HU</arg>
<arg>ID</arg>
<arg>IE</arg>
<arg>IL</arg>
<arg>IM</arg>
<arg>IN</arg>
<arg>IO</arg>
<arg>IQ</arg>
<arg>IR</arg>
<arg>IS</arg>
<arg>IT</arg>
<arg>JE</arg>
<arg>JM</arg>
<arg>JO</arg>
<arg>JP</arg>
<arg>KE</arg>
<arg>KG</arg>
<arg>KH</arg>
<arg>KI</arg>
<arg>KM</arg>
<arg>KN</arg>
<arg>KP</arg>
<arg>KR</arg>
<arg>KW</arg>
<arg>KY</arg>
<arg>KZ</arg>
<arg>LA</arg>
<arg>LB</arg>
<arg>LC</arg>
<arg>LI</arg>
<arg>LK</arg>
<arg>LR</arg>
<arg>LS</arg>
<arg>LT</arg>
<arg>LU</arg>
<arg>LV</arg>
<arg>LY</arg>
<arg>MA</arg>
<arg>MC</arg>
<arg>MD</arg>
<arg>ME</arg>
<arg>MF</arg>
<arg>MG</arg>
<arg>MH</arg>
<arg>MK</arg>
<arg>ML</arg>
<arg>MM</arg>
<arg>MN</arg>
<arg>MO</arg>
<arg>MP</arg>
<arg>MQ</arg>
<arg>MR</arg>
<arg>MS</arg>
<arg>MT</arg>
<arg>MU</arg>
<arg>MV</arg>
<arg>MW</arg>
<arg>MX</arg>
<arg>MY</arg>
<arg>MZ</arg>
<arg>NA</arg>
<arg>NC</arg>
<arg>NE</arg>
<arg>NF</arg>
<arg>NG</arg>
<arg>NI</arg>
<arg>NL</arg>
<arg>NO</arg>
<arg>NP</arg>
<arg>NR</arg>
<arg>NU</arg>
<arg>NZ</arg>
<arg>OM</arg>
<arg>PA</arg>
<arg>PE</arg>
<arg>PF</arg>
<arg>PG</arg>
<arg>PH</arg>
<arg>PK</arg>
<arg>PL</arg>
<arg>PM</arg>
<arg>PN</arg>
<arg>PR</arg>
<arg>PS</arg>
<arg>PT</arg>
<arg>PW</arg>
<arg>PY</arg>
<arg>QA</arg>
<arg>RE</arg>
<arg>RO</arg>
<arg>RS</arg>
<arg>RU</arg>
<arg>RW</arg>
<arg>SA</arg>
<arg>SB</arg>
<arg>SC</arg>
<arg>SD</arg>
<arg>SE</arg>
<arg>SG</arg>
<arg>SH</arg>
<arg>SI</arg>
<arg>SJ</arg>
<arg>SK</arg>
<arg>SL</arg>
<arg>SM</arg>
<arg>SN</arg>
<arg>SO</arg>
<arg>SR</arg>
<arg>SS</arg>
<arg>ST</arg>
<arg>SV</arg>
<arg>SX</arg>
<arg>SY</arg>
<arg>SZ</arg>
<arg>TC</arg>
<arg>TD</arg>
<arg>TF</arg>
<arg>TG</arg>
<arg>TH</arg>
<arg>TJ</arg>
<arg>TK</arg>
<arg>TL</arg>
<arg>TM</arg>
<arg>TN</arg>
<arg>TO</arg>
<arg>TR</arg>
<arg>TT</arg>
<arg>TV</arg>
<arg>TW</arg>
<arg>TZ</arg>
<arg>UA</arg>
<arg>UG</arg>
<arg>UM</arg>
<arg>US</arg>
<arg>UY</arg>
<arg>UZ</arg>
<arg>VA</arg>
<arg>VC</arg>
<arg>VE</arg>
<arg>VG</arg>
<arg>VI</arg>
<arg>VN</arg>
<arg>VU</arg>
<arg>WF</arg>
<arg>WS</arg>
<arg>XK</arg>
<arg>YE</arg>
<arg>YT</arg>
<arg>ZA</arg>
<arg>ZM</arg>
<arg>ZW</arg>
<doc>Returns a list containing given items.</doc>
<status status="PASS" start="2024-04-15T21:14:04.476779" elapsed="0.000666"/>
</kw>
<kw name="List Should Contain Value" owner="Collections">
<msg time="2024-04-15T21:14:04.478460" level="INFO">False</msg>
<arg>${list_country}</arg>
<arg>${name_country}</arg>
<doc>Fails if the ``value`` is not found from ``list``.</doc>
<status status="PASS" start="2024-04-15T21:14:04.478252" elapsed="0.000245"/>
</kw>
<kw name="Run Keyword If" owner="BuiltIn">
<kw name="Should Be True" owner="BuiltIn">
<arg>${True}</arg>
<doc>Fails if the given condition is not true.</doc>
<status status="PASS" start="2024-04-15T21:14:04.479718" elapsed="0.000148"/>
</kw>
<arg>${json_data["results"][0]["location"]["coordinates"]["latitude"]} &gt;= -90 and ${json_data["results"][0]["location"]["coordinates"]["latitude"]} &lt;= 90</arg>
<arg>Should Be True</arg>
<arg>${True}</arg>
<doc>Runs the given keyword with the given arguments, if ``condition`` is true.</doc>
<status status="PASS" start="2024-04-15T21:14:04.478812" elapsed="0.001182"/>
</kw>
<kw name="Run Keyword If" owner="BuiltIn">
<kw name="Should Be True" owner="BuiltIn">
<arg>${True}</arg>
<doc>Fails if the given condition is not true.</doc>
<status status="PASS" start="2024-04-15T21:14:04.480867" elapsed="0.000136"/>
</kw>
<arg>${json_data["results"][0]["location"]["coordinates"]["longitude"]} &gt;= -180 and ${json_data["results"][0]["location"]["coordinates"]["longitude"]} &lt;= 180</arg>
<arg>Should Be True</arg>
<arg>${True}</arg>
<doc>Runs the given keyword with the given arguments, if ``condition`` is true.</doc>
<status status="PASS" start="2024-04-15T21:14:04.480180" elapsed="0.000969"/>
</kw>
<status status="PASS" start="2024-04-15T21:14:04.380303" elapsed="0.100989"/>
</kw>
<doc>Testa o conteúdo específico dos campos retornados pela API.</doc>
<tag>testeConteudo</tag>
<status status="PASS" start="2024-04-15T21:14:04.379795" elapsed="0.101653"/>
</test>
<status status="PASS" start="2024-04-15T21:14:03.515317" elapsed="0.968087"/>
</suite>
<status status="PASS" start="2024-04-15T21:14:03.500980" elapsed="0.987809"/>
</suite>
<statistics>
<total>
<stat pass="5" fail="0" skip="0">All Tests</stat>
</total>
<tag>
<stat pass="1" fail="0" skip="0">testeConteudo</stat>
<stat pass="1" fail="0" skip="0">testeEstruturaResposta</stat>
<stat pass="1" fail="0" skip="0">testeRequisicaoBasica</stat>
<stat pass="1" fail="0" skip="0">testeTiposDados</stat>
</tag>
<suite>
<stat pass="5" fail="0" skip="0" id="s1" name="Tests">Tests</stat>
<stat pass="5" fail="0" skip="0" id="s1-s1" name="Random-User-Test">Tests.Random-User-Test</stat>
</suite>
</statistics>
<errors>
</errors>
</robot>
