<?xml version="1.0" encoding="UTF-8"?>
<robot generator="Robot 7.0 (Python 3.12.3 on linux)" generated="2024-05-16T17:13:59.302305" rpa="false" schemaversion="5">
<suite id="s1" name="Tests" source="/home/runner/work/DesafioQAItauRogerioJordao/DesafioQAItauRogerioJordao/RamdonUser/tests">
<suite id="s1-s1" name="Random-User-Test" source="/home/runner/work/DesafioQAItauRogerioJordao/DesafioQAItauRogerioJordao/RamdonUser/tests/random-user-test.robot">
<test id="s1-s1-t1" name="Conectar" line="13">
<kw name="Conectar API" owner="random-user-service">
<kw name="Create Session" owner="RequestsLibrary">
<msg time="2024-05-16T17:13:59.668182" level="INFO">Creating Session using : alias=consultarAPI, url=https://randomuser.me/, headers={},                     cookies={}, auth=None, timeout=None, proxies=None, verify=False,                     debug=0 </msg>
<arg>consultarAPI</arg>
<arg>${URL}</arg>
<doc>Create Session: create a HTTP session to a server</doc>
<status status="PASS" start="2024-05-16T17:13:59.667990" elapsed="0.000354"/>
</kw>
<status status="PASS" start="2024-05-16T17:13:59.667086" elapsed="0.001598"/>
</kw>
<status status="PASS" start="2024-05-16T17:13:59.666536" elapsed="0.002340"/>
</test>
<test id="s1-s1-t2" name="Validar retorno 200 e JSON Válido" line="16">
<kw name="Teste de Requisicao Basica" owner="random-user-service">
<kw name="GET On Session" owner="RequestsLibrary">
<msg time="2024-05-16T17:13:59.780470" level="INFO">GET Request : url=https://randomuser.me/api 
 path_url=/api 
 headers={'User-Agent': 'python-requests/2.31.0', 'Accept-Encoding': 'gzip, deflate', 'Accept': '*/*', 'Connection': 'keep-alive'} 
 body=None 
 </msg>
<msg time="2024-05-16T17:13:59.780609" level="INFO">GET Response : url=https://randomuser.me/api 
 status=200, reason=OK 
 headers={'Date': 'Thu, 16 May 2024 17:13:59 GMT', 'Content-Type': 'application/json; charset=utf-8', 'Transfer-Encoding': 'chunked', 'Connection': 'keep-alive', 'X-Powered-By': 'Express', 'Access-Control-Allow-Origin': '*', 'Cache-Control': 'no-cache', 'ETag': 'W/"496-8AEG5PM3b53WD5d99r0t+r7EPD8"', 'Vary': 'Accept-Encoding', 'Content-Encoding': 'gzip', 'CF-Cache-Status': 'DYNAMIC', 'Report-To': '{"endpoints":[{"url":"https:\\/\\/a.nel.cloudflare.com\\/report\\/v4?s=w0TvvYWPJlKVhoEj0ln243Pf8JpFxAr%2B0%2FydZos8XSQ6B5%2FzB4X5JKZO00ZzseP%2F3jRRlusMjX9qOjHfDKNFbCXWzg2gt1N1NngJbRlNk1hR60hmm9Xr0IFmRYnwW%2FH2"}],"group":"cf-nel","max_age":604800}', 'NEL': '{"success_fraction":0,"report_to":"cf-nel","max_age":604800}', 'Server': 'cloudflare', 'CF-RAY': '884d00645c867281-EWR', 'alt-svc': 'h3=":443"; ma=86400'} 
 body={"results":[{"gender":"female","name":{"title":"Miss","first":"Marsha","last":"Stephens"},"location":{"street":{"number":675,"name":"Lakeview St"},"city":"Lubbock","state":"Michigan","country":"United States","postcode":24374,"coordinates":{"latitude":"83.2687","longitude":"53.7362"},"timezone":{"offset":"-1:00","description":"Azores, Cape Verde Islands"}},"email":"marsha.stephens@example.com","login":{"uuid":"ad161786-2842-425a-a11b-c606d1cf1c59","username":"sadpeacock441","password":"allen1","salt":"IriktPyg","md5":"e2404a324a3a271b9f5db490e7645fc3","sha1":"8388a2bf14202d0563980d4f1761932ce1d667a5","sha256":"6c34884185db93bf83cd1ac3213fb5b7a212890f7f25b7ccfdc7b4c533ecaacd"},"dob":{"date":"1945-07-03T12:42:43.480Z","age":78},"registered":{"date":"2010-02-13T07:21:31.992Z","age":14},"phone":"(279) 273-5275","cell":"(825) 568-3054","id":{"name":"SSN","value":"412-15-5991"},"picture":{"large":"https://randomuser.me/api/portraits/women/81.jpg","medium":"https://randomuser.me/api/portraits/med/women/81.jpg","thumbnail":"https://randomuser.me/api/portraits/thumb/women/81.jpg"},"nat":"US"}],"info":{"seed":"affdedd172bc1d30","results":1,"page":1,"version":"1.4"}} 
 </msg>
<msg time="2024-05-16T17:13:59.780687" level="INFO">/opt/hostedtoolcache/Python/3.12.3/x64/lib/python3.12/site-packages/urllib3/connectionpool.py:1103: InsecureRequestWarning: Unverified HTTPS request is being made to host 'randomuser.me'. Adding certificate verification is strongly advised. See: https://urllib3.readthedocs.io/en/latest/advanced-usage.html#tls-warnings
  warnings.warn(</msg>
<msg time="2024-05-16T17:13:59.780835" level="INFO">${response} = &lt;Response [200]&gt;</msg>
<var>${response}</var>
<arg>consultarAPI</arg>
<arg>/api</arg>
<doc>Sends a GET request on a previously created HTTP Session.</doc>
<status status="PASS" start="2024-05-16T17:13:59.671473" elapsed="0.109404"/>
</kw>
<kw name="Should Be Equal As Numbers" owner="BuiltIn">
<msg time="2024-05-16T17:13:59.781961" level="INFO">Argument types are:
&lt;class 'int'&gt;
&lt;class 'str'&gt;</msg>
<arg>${response.status_code}</arg>
<arg>200</arg>
<doc>Fails if objects are unequal after converting them to real numbers.</doc>
<status status="PASS" start="2024-05-16T17:13:59.781494" elapsed="0.000534"/>
</kw>
<kw name="Log" owner="BuiltIn">
<msg time="2024-05-16T17:13:59.782756" level="INFO">200</msg>
<arg>${response.status_code}</arg>
<doc>Logs the given message with the given level.</doc>
<status status="PASS" start="2024-05-16T17:13:59.782375" elapsed="0.000425"/>
</kw>
<kw name="Set Variable" owner="BuiltIn">
<msg time="2024-05-16T17:13:59.783544" level="INFO">${json_data} = {'results': [{'gender': 'female', 'name': {'title': 'Miss', 'first': 'Marsha', 'last': 'Stephens'}, 'location': {'street': {'number': 675, 'name': 'Lakeview St'}, 'city': 'Lubbock', 'state': 'Michigan...</msg>
<var>${json_data}</var>
<arg>${response.json()}</arg>
<doc>Returns the given values which can then be assigned to a variables.</doc>
<status status="PASS" start="2024-05-16T17:13:59.783111" elapsed="0.000461"/>
</kw>
<kw name="Dictionary Should Contain Key" owner="Collections">
<msg time="2024-05-16T17:13:59.784155" level="INFO">False</msg>
<arg>${json_data}</arg>
<arg>results</arg>
<doc>Fails if ``key`` is not found from ``dictionary``.</doc>
<status status="PASS" start="2024-05-16T17:13:59.783919" elapsed="0.000303"/>
</kw>
<status status="PASS" start="2024-05-16T17:13:59.671227" elapsed="0.113384"/>
</kw>
<doc>Testa se a API responde corretamente e retorna um objeto JSON válido.</doc>
<tag>testeRequisicaoBasica</tag>
<status status="PASS" start="2024-05-16T17:13:59.670764" elapsed="0.114118"/>
</test>
<test id="s1-s1-t3" name="Validar estrutura de resposta" line="22">
<kw name="Teste de Estrutura de Resposta" owner="random-user-service">
<kw name="GET On Session" owner="RequestsLibrary">
<msg time="2024-05-16T17:13:59.864419" level="INFO">GET Request : url=https://randomuser.me/api 
 path_url=/api 
 headers={'User-Agent': 'python-requests/2.31.0', 'Accept-Encoding': 'gzip, deflate', 'Accept': '*/*', 'Connection': 'keep-alive'} 
 body=None 
 </msg>
<msg time="2024-05-16T17:13:59.864507" level="INFO">GET Response : url=https://randomuser.me/api 
 status=200, reason=OK 
 headers={'Date': 'Thu, 16 May 2024 17:13:59 GMT', 'Content-Type': 'application/json; charset=utf-8', 'Transfer-Encoding': 'chunked', 'Connection': 'keep-alive', 'X-Powered-By': 'Express', 'Access-Control-Allow-Origin': '*', 'Cache-Control': 'no-cache', 'ETag': 'W/"47d-89mejLhEmw+ZsAylMfX82B39Ne0"', 'Vary': 'Accept-Encoding', 'Content-Encoding': 'gzip', 'CF-Cache-Status': 'DYNAMIC', 'Report-To': '{"endpoints":[{"url":"https:\\/\\/a.nel.cloudflare.com\\/report\\/v4?s=2vGrNvtoVOFP0zc56dsGVMpCnX5fjK7sW9JTUwHZPpVsa9d1MtG3m1lknBvTWPZ0EBwKg76UZpK%2FCiTRujUt7ZdMkrVMUZHjAZw7WzMAo3y6c5qbDaVGkqeVDtWdJZkw"}],"group":"cf-nel","max_age":604800}', 'NEL': '{"success_fraction":0,"report_to":"cf-nel","max_age":604800}', 'Server': 'cloudflare', 'CF-RAY': '884d0064bd447281-EWR', 'alt-svc': 'h3=":443"; ma=86400'} 
 body={"results":[{"gender":"female","name":{"title":"Miss","first":"Raksha","last":"Shenoy"},"location":{"street":{"number":2883,"name":"Gandhi Maidan Marg"},"city":"Tinsukia","state":"Manipur","country":"India","postcode":77162,"coordinates":{"latitude":"10.8327","longitude":"5.0568"},"timezone":{"offset":"-3:30","description":"Newfoundland"}},"email":"raksha.shenoy@example.com","login":{"uuid":"9d3545e9-bc7d-4cde-997e-06389b9d0cbf","username":"whitebear470","password":"hothot","salt":"XD3Y24hL","md5":"6f0c4ec8c48add18f5837788cc5dac40","sha1":"b2aa1c417d940a0f27a120414ec2aa9492bc74eb","sha256":"6581e317d1a41cfcfb12eec84c54d78aed617d0ae469dfa0c4a744fca0fb8b79"},"dob":{"date":"1958-01-14T17:04:46.117Z","age":66},"registered":{"date":"2012-11-23T01:46:48.431Z","age":11},"phone":"9580879976","cell":"9613689688","id":{"name":"UIDAI","value":"042407666265"},"picture":{"large":"https://randomuser.me/api/portraits/women/55.jpg","medium":"https://randomuser.me/api/portraits/med/women/55.jpg","thumbnail":"https://randomuser.me/api/portraits/thumb/women/55.jpg"},"nat":"IN"}],"info":{"seed":"097a5e359a0f3cef","results":1,"page":1,"version":"1.4"}} 
 </msg>
<msg time="2024-05-16T17:13:59.864625" level="INFO">/opt/hostedtoolcache/Python/3.12.3/x64/lib/python3.12/site-packages/urllib3/connectionpool.py:1103: InsecureRequestWarning: Unverified HTTPS request is being made to host 'randomuser.me'. Adding certificate verification is strongly advised. See: https://urllib3.readthedocs.io/en/latest/advanced-usage.html#tls-warnings
  warnings.warn(</msg>
<msg time="2024-05-16T17:13:59.864752" level="INFO">${response} = &lt;Response [200]&gt;</msg>
<var>${response}</var>
<arg>consultarAPI</arg>
<arg>/api</arg>
<doc>Sends a GET request on a previously created HTTP Session.</doc>
<status status="PASS" start="2024-05-16T17:13:59.789228" elapsed="0.075564"/>
</kw>
<kw name="Set Variable" owner="BuiltIn">
<msg time="2024-05-16T17:13:59.865676" level="INFO">${json_data} = {'results': [{'gender': 'female', 'name': {'title': 'Miss', 'first': 'Raksha', 'last': 'Shenoy'}, 'location': {'street': {'number': 2883, 'name': 'Gandhi Maidan Marg'}, 'city': 'Tinsukia', 'state': 'M...</msg>
<var>${json_data}</var>
<arg>${response.json()}</arg>
<doc>Returns the given values which can then be assigned to a variables.</doc>
<status status="PASS" start="2024-05-16T17:13:59.865188" elapsed="0.000517"/>
</kw>
<kw name="Log" owner="BuiltIn">
<msg time="2024-05-16T17:13:59.866174" level="INFO">{'results': [{'gender': 'female', 'name': {'title': 'Miss', 'first': 'Raksha', 'last': 'Shenoy'}, 'location': {'street': {'number': 2883, 'name': 'Gandhi Maidan Marg'}, 'city': 'Tinsukia', 'state': 'Manipur', 'country': 'India', 'postcode': 77162, 'coordinates': {'latitude': '10.8327', 'longitude': '5.0568'}, 'timezone': {'offset': '-3:30', 'description': 'Newfoundland'}}, 'email': 'raksha.shenoy@example.com', 'login': {'uuid': '9d3545e9-bc7d-4cde-997e-06389b9d0cbf', 'username': 'whitebear470', 'password': 'hothot', 'salt': 'XD3Y24hL', 'md5': '6f0c4ec8c48add18f5837788cc5dac40', 'sha1': 'b2aa1c417d940a0f27a120414ec2aa9492bc74eb', 'sha256': '6581e317d1a41cfcfb12eec84c54d78aed617d0ae469dfa0c4a744fca0fb8b79'}, 'dob': {'date': '1958-01-14T17:04:46.117Z', 'age': 66}, 'registered': {'date': '2012-11-23T01:46:48.431Z', 'age': 11}, 'phone': '9580879976', 'cell': '9613689688', 'id': {'name': 'UIDAI', 'value': '042407666265'}, 'picture': {'large': 'https://randomuser.me/api/portraits/women/55.jpg', 'medium': 'https://randomuser.me/api/portraits/med/women/55.jpg', 'thumbnail': 'https://randomuser.me/api/portraits/thumb/women/55.jpg'}, 'nat': 'IN'}], 'info': {'seed': '097a5e359a0f3cef', 'results': 1, 'page': 1, 'version': '1.4'}}</msg>
<arg>${json_data}</arg>
<doc>Logs the given message with the given level.</doc>
<status status="PASS" start="2024-05-16T17:13:59.866014" elapsed="0.000211"/>
</kw>
<kw name="Dictionary Should Contain Key" owner="Collections">
<msg time="2024-05-16T17:13:59.866712" level="INFO">False</msg>
<arg>${json_data}</arg>
<arg>results</arg>
<doc>Fails if ``key`` is not found from ``dictionary``.</doc>
<status status="PASS" start="2024-05-16T17:13:59.866526" elapsed="0.000227"/>
</kw>
<kw name="Should Not Be Empty" owner="BuiltIn">
<msg time="2024-05-16T17:13:59.867194" level="INFO">Length is 2.</msg>
<arg>${json_data}</arg>
<doc>Verifies that the given item is not empty.</doc>
<status status="PASS" start="2024-05-16T17:13:59.867058" elapsed="0.000318"/>
</kw>
<kw name="Create List" owner="BuiltIn">
<msg time="2024-05-16T17:13:59.867834" level="INFO">${expected_keys} = ['gender', 'name', 'location', 'email', 'login']</msg>
<var>${expected_keys}</var>
<arg>gender</arg>
<arg>name</arg>
<arg>location</arg>
<arg>email</arg>
<arg>login</arg>
<doc>Returns a list containing given items.</doc>
<status status="PASS" start="2024-05-16T17:13:59.867678" elapsed="0.000181"/>
</kw>
<for flavor="IN">
<iter>
<kw name="Dictionary Should Contain Key" owner="Collections">
<msg time="2024-05-16T17:13:59.868844" level="INFO">False</msg>
<arg>${json_data['results'][0]}</arg>
<arg>${key}</arg>
<doc>Fails if ``key`` is not found from ``dictionary``.</doc>
<status status="PASS" start="2024-05-16T17:13:59.868439" elapsed="0.000445"/>
</kw>
<kw name="Log" owner="BuiltIn">
<msg time="2024-05-16T17:13:59.869555" level="INFO">{'gender': 'female', 'name': {'title': 'Miss', 'first': 'Raksha', 'last': 'Shenoy'}, 'location': {'street': {'number': 2883, 'name': 'Gandhi Maidan Marg'}, 'city': 'Tinsukia', 'state': 'Manipur', 'country': 'India', 'postcode': 77162, 'coordinates': {'latitude': '10.8327', 'longitude': '5.0568'}, 'timezone': {'offset': '-3:30', 'description': 'Newfoundland'}}, 'email': 'raksha.shenoy@example.com', 'login': {'uuid': '9d3545e9-bc7d-4cde-997e-06389b9d0cbf', 'username': 'whitebear470', 'password': 'hothot', 'salt': 'XD3Y24hL', 'md5': '6f0c4ec8c48add18f5837788cc5dac40', 'sha1': 'b2aa1c417d940a0f27a120414ec2aa9492bc74eb', 'sha256': '6581e317d1a41cfcfb12eec84c54d78aed617d0ae469dfa0c4a744fca0fb8b79'}, 'dob': {'date': '1958-01-14T17:04:46.117Z', 'age': 66}, 'registered': {'date': '2012-11-23T01:46:48.431Z', 'age': 11}, 'phone': '9580879976', 'cell': '9613689688', 'id': {'name': 'UIDAI', 'value': '042407666265'}, 'picture': {'large': 'https://randomuser.me/api/portraits/women/55.jpg', 'medium': 'https://randomuser.me/api/portraits/med/women/55.jpg', 'thumbnail': 'https://randomuser.me/api/portraits/thumb/women/55.jpg'}, 'nat': 'IN'}</msg>
<arg>${json_data['results'][0]}</arg>
<doc>Logs the given message with the given level.</doc>
<status status="PASS" start="2024-05-16T17:13:59.869188" elapsed="0.000418"/>
</kw>
<kw name="Log" owner="BuiltIn">
<msg time="2024-05-16T17:13:59.870040" level="INFO">gender</msg>
<arg>${key}</arg>
<doc>Logs the given message with the given level.</doc>
<status status="PASS" start="2024-05-16T17:13:59.869909" elapsed="0.000169"/>
</kw>
<var name="${key}">gender</var>
<status status="PASS" start="2024-05-16T17:13:59.868307" elapsed="0.001989"/>
</iter>
<iter>
<kw name="Dictionary Should Contain Key" owner="Collections">
<msg time="2024-05-16T17:13:59.871009" level="INFO">False</msg>
<arg>${json_data['results'][0]}</arg>
<arg>${key}</arg>
<doc>Fails if ``key`` is not found from ``dictionary``.</doc>
<status status="PASS" start="2024-05-16T17:13:59.870600" elapsed="0.000447"/>
</kw>
<kw name="Log" owner="BuiltIn">
<msg time="2024-05-16T17:13:59.871734" level="INFO">{'gender': 'female', 'name': {'title': 'Miss', 'first': 'Raksha', 'last': 'Shenoy'}, 'location': {'street': {'number': 2883, 'name': 'Gandhi Maidan Marg'}, 'city': 'Tinsukia', 'state': 'Manipur', 'country': 'India', 'postcode': 77162, 'coordinates': {'latitude': '10.8327', 'longitude': '5.0568'}, 'timezone': {'offset': '-3:30', 'description': 'Newfoundland'}}, 'email': 'raksha.shenoy@example.com', 'login': {'uuid': '9d3545e9-bc7d-4cde-997e-06389b9d0cbf', 'username': 'whitebear470', 'password': 'hothot', 'salt': 'XD3Y24hL', 'md5': '6f0c4ec8c48add18f5837788cc5dac40', 'sha1': 'b2aa1c417d940a0f27a120414ec2aa9492bc74eb', 'sha256': '6581e317d1a41cfcfb12eec84c54d78aed617d0ae469dfa0c4a744fca0fb8b79'}, 'dob': {'date': '1958-01-14T17:04:46.117Z', 'age': 66}, 'registered': {'date': '2012-11-23T01:46:48.431Z', 'age': 11}, 'phone': '9580879976', 'cell': '9613689688', 'id': {'name': 'UIDAI', 'value': '042407666265'}, 'picture': {'large': 'https://randomuser.me/api/portraits/women/55.jpg', 'medium': 'https://randomuser.me/api/portraits/med/women/55.jpg', 'thumbnail': 'https://randomuser.me/api/portraits/thumb/women/55.jpg'}, 'nat': 'IN'}</msg>
<arg>${json_data['results'][0]}</arg>
<doc>Logs the given message with the given level.</doc>
<status status="PASS" start="2024-05-16T17:13:59.871376" elapsed="0.000408"/>
</kw>
<kw name="Log" owner="BuiltIn">
<msg time="2024-05-16T17:13:59.872206" level="INFO">name</msg>
<arg>${key}</arg>
<doc>Logs the given message with the given level.</doc>
<status status="PASS" start="2024-05-16T17:13:59.872079" elapsed="0.000166"/>
</kw>
<var name="${key}">name</var>
<status status="PASS" start="2024-05-16T17:13:59.870485" elapsed="0.001975"/>
</iter>
<iter>
<kw name="Dictionary Should Contain Key" owner="Collections">
<msg time="2024-05-16T17:13:59.873139" level="INFO">False</msg>
<arg>${json_data['results'][0]}</arg>
<arg>${key}</arg>
<doc>Fails if ``key`` is not found from ``dictionary``.</doc>
<status status="PASS" start="2024-05-16T17:13:59.872756" elapsed="0.000421"/>
</kw>
<kw name="Log" owner="BuiltIn">
<msg time="2024-05-16T17:13:59.873846" level="INFO">{'gender': 'female', 'name': {'title': 'Miss', 'first': 'Raksha', 'last': 'Shenoy'}, 'location': {'street': {'number': 2883, 'name': 'Gandhi Maidan Marg'}, 'city': 'Tinsukia', 'state': 'Manipur', 'country': 'India', 'postcode': 77162, 'coordinates': {'latitude': '10.8327', 'longitude': '5.0568'}, 'timezone': {'offset': '-3:30', 'description': 'Newfoundland'}}, 'email': 'raksha.shenoy@example.com', 'login': {'uuid': '9d3545e9-bc7d-4cde-997e-06389b9d0cbf', 'username': 'whitebear470', 'password': 'hothot', 'salt': 'XD3Y24hL', 'md5': '6f0c4ec8c48add18f5837788cc5dac40', 'sha1': 'b2aa1c417d940a0f27a120414ec2aa9492bc74eb', 'sha256': '6581e317d1a41cfcfb12eec84c54d78aed617d0ae469dfa0c4a744fca0fb8b79'}, 'dob': {'date': '1958-01-14T17:04:46.117Z', 'age': 66}, 'registered': {'date': '2012-11-23T01:46:48.431Z', 'age': 11}, 'phone': '9580879976', 'cell': '9613689688', 'id': {'name': 'UIDAI', 'value': '042407666265'}, 'picture': {'large': 'https://randomuser.me/api/portraits/women/55.jpg', 'medium': 'https://randomuser.me/api/portraits/med/women/55.jpg', 'thumbnail': 'https://randomuser.me/api/portraits/thumb/women/55.jpg'}, 'nat': 'IN'}</msg>
<arg>${json_data['results'][0]}</arg>
<doc>Logs the given message with the given level.</doc>
<status status="PASS" start="2024-05-16T17:13:59.873483" elapsed="0.000420"/>
</kw>
<kw name="Log" owner="BuiltIn">
<msg time="2024-05-16T17:13:59.874330" level="INFO">location</msg>
<arg>${key}</arg>
<doc>Logs the given message with the given level.</doc>
<status status="PASS" start="2024-05-16T17:13:59.874203" elapsed="0.000166"/>
</kw>
<var name="${key}">location</var>
<status status="PASS" start="2024-05-16T17:13:59.872644" elapsed="0.001941"/>
</iter>
<iter>
<kw name="Dictionary Should Contain Key" owner="Collections">
<msg time="2024-05-16T17:13:59.875276" level="INFO">False</msg>
<arg>${json_data['results'][0]}</arg>
<arg>${key}</arg>
<doc>Fails if ``key`` is not found from ``dictionary``.</doc>
<status status="PASS" start="2024-05-16T17:13:59.874898" elapsed="0.000416"/>
</kw>
<kw name="Log" owner="BuiltIn">
<msg time="2024-05-16T17:13:59.875969" level="INFO">{'gender': 'female', 'name': {'title': 'Miss', 'first': 'Raksha', 'last': 'Shenoy'}, 'location': {'street': {'number': 2883, 'name': 'Gandhi Maidan Marg'}, 'city': 'Tinsukia', 'state': 'Manipur', 'country': 'India', 'postcode': 77162, 'coordinates': {'latitude': '10.8327', 'longitude': '5.0568'}, 'timezone': {'offset': '-3:30', 'description': 'Newfoundland'}}, 'email': 'raksha.shenoy@example.com', 'login': {'uuid': '9d3545e9-bc7d-4cde-997e-06389b9d0cbf', 'username': 'whitebear470', 'password': 'hothot', 'salt': 'XD3Y24hL', 'md5': '6f0c4ec8c48add18f5837788cc5dac40', 'sha1': 'b2aa1c417d940a0f27a120414ec2aa9492bc74eb', 'sha256': '6581e317d1a41cfcfb12eec84c54d78aed617d0ae469dfa0c4a744fca0fb8b79'}, 'dob': {'date': '1958-01-14T17:04:46.117Z', 'age': 66}, 'registered': {'date': '2012-11-23T01:46:48.431Z', 'age': 11}, 'phone': '9580879976', 'cell': '9613689688', 'id': {'name': 'UIDAI', 'value': '042407666265'}, 'picture': {'large': 'https://randomuser.me/api/portraits/women/55.jpg', 'medium': 'https://randomuser.me/api/portraits/med/women/55.jpg', 'thumbnail': 'https://randomuser.me/api/portraits/thumb/women/55.jpg'}, 'nat': 'IN'}</msg>
<arg>${json_data['results'][0]}</arg>
<doc>Logs the given message with the given level.</doc>
<status status="PASS" start="2024-05-16T17:13:59.875609" elapsed="0.000418"/>
</kw>
<kw name="Log" owner="BuiltIn">
<msg time="2024-05-16T17:13:59.876447" level="INFO">email</msg>
<arg>${key}</arg>
<doc>Logs the given message with the given level.</doc>
<status status="PASS" start="2024-05-16T17:13:59.876321" elapsed="0.000163"/>
</kw>
<var name="${key}">email</var>
<status status="PASS" start="2024-05-16T17:13:59.874788" elapsed="0.001911"/>
</iter>
<iter>
<kw name="Dictionary Should Contain Key" owner="Collections">
<msg time="2024-05-16T17:13:59.877372" level="INFO">False</msg>
<arg>${json_data['results'][0]}</arg>
<arg>${key}</arg>
<doc>Fails if ``key`` is not found from ``dictionary``.</doc>
<status status="PASS" start="2024-05-16T17:13:59.876982" elapsed="0.000447"/>
</kw>
<kw name="Log" owner="BuiltIn">
<msg time="2024-05-16T17:13:59.878380" level="INFO">{'gender': 'female', 'name': {'title': 'Miss', 'first': 'Raksha', 'last': 'Shenoy'}, 'location': {'street': {'number': 2883, 'name': 'Gandhi Maidan Marg'}, 'city': 'Tinsukia', 'state': 'Manipur', 'country': 'India', 'postcode': 77162, 'coordinates': {'latitude': '10.8327', 'longitude': '5.0568'}, 'timezone': {'offset': '-3:30', 'description': 'Newfoundland'}}, 'email': 'raksha.shenoy@example.com', 'login': {'uuid': '9d3545e9-bc7d-4cde-997e-06389b9d0cbf', 'username': 'whitebear470', 'password': 'hothot', 'salt': 'XD3Y24hL', 'md5': '6f0c4ec8c48add18f5837788cc5dac40', 'sha1': 'b2aa1c417d940a0f27a120414ec2aa9492bc74eb', 'sha256': '6581e317d1a41cfcfb12eec84c54d78aed617d0ae469dfa0c4a744fca0fb8b79'}, 'dob': {'date': '1958-01-14T17:04:46.117Z', 'age': 66}, 'registered': {'date': '2012-11-23T01:46:48.431Z', 'age': 11}, 'phone': '9580879976', 'cell': '9613689688', 'id': {'name': 'UIDAI', 'value': '042407666265'}, 'picture': {'large': 'https://randomuser.me/api/portraits/women/55.jpg', 'medium': 'https://randomuser.me/api/portraits/med/women/55.jpg', 'thumbnail': 'https://randomuser.me/api/portraits/thumb/women/55.jpg'}, 'nat': 'IN'}</msg>
<arg>${json_data['results'][0]}</arg>
<doc>Logs the given message with the given level.</doc>
<status status="PASS" start="2024-05-16T17:13:59.877848" elapsed="0.000580"/>
</kw>
<kw name="Log" owner="BuiltIn">
<msg time="2024-05-16T17:13:59.878889" level="INFO">login</msg>
<arg>${key}</arg>
<doc>Logs the given message with the given level.</doc>
<status status="PASS" start="2024-05-16T17:13:59.878757" elapsed="0.000171"/>
</kw>
<var name="${key}">login</var>
<status status="PASS" start="2024-05-16T17:13:59.876872" elapsed="0.002282"/>
</iter>
<var>${key}</var>
<value>@{expected_keys}</value>
<status status="PASS" start="2024-05-16T17:13:59.868118" elapsed="0.011184"/>
</for>
<kw name="Create List" owner="BuiltIn">
<msg time="2024-05-16T17:13:59.879643" level="INFO">${expected_keysTwo} = ['username', 'password']</msg>
<var>${expected_keysTwo}</var>
<arg>username</arg>
<arg>password</arg>
<doc>Returns a list containing given items.</doc>
<status status="PASS" start="2024-05-16T17:13:59.879505" elapsed="0.000161"/>
</kw>
<for flavor="IN">
<iter>
<kw name="Dictionary Should Contain Key" owner="Collections">
<msg time="2024-05-16T17:13:59.880548" level="INFO">False</msg>
<arg>${json_data['results'][0]['login']}</arg>
<arg>${keyTwo}</arg>
<doc>Fails if ``key`` is not found from ``dictionary``.</doc>
<status status="PASS" start="2024-05-16T17:13:59.880163" elapsed="0.000423"/>
</kw>
<kw name="Dictionary Should Contain Key" owner="Collections">
<msg time="2024-05-16T17:13:59.881256" level="INFO">False</msg>
<arg>${json_data['results'][0]['login']}</arg>
<arg>${keyTwo}</arg>
<doc>Fails if ``key`` is not found from ``dictionary``.</doc>
<status status="PASS" start="2024-05-16T17:13:59.880882" elapsed="0.000412"/>
</kw>
<kw name="Log" owner="BuiltIn">
<msg time="2024-05-16T17:13:59.881716" level="INFO">username</msg>
<arg>${keyTwo}</arg>
<doc>Logs the given message with the given level.</doc>
<status status="PASS" start="2024-05-16T17:13:59.881588" elapsed="0.000171"/>
</kw>
<var name="${keyTwo}">username</var>
<status status="PASS" start="2024-05-16T17:13:59.880055" elapsed="0.001921"/>
</iter>
<iter>
<kw name="Dictionary Should Contain Key" owner="Collections">
<msg time="2024-05-16T17:13:59.882751" level="INFO">False</msg>
<arg>${json_data['results'][0]['login']}</arg>
<arg>${keyTwo}</arg>
<doc>Fails if ``key`` is not found from ``dictionary``.</doc>
<status status="PASS" start="2024-05-16T17:13:59.882256" elapsed="0.000539"/>
</kw>
<kw name="Dictionary Should Contain Key" owner="Collections">
<msg time="2024-05-16T17:13:59.883478" level="INFO">False</msg>
<arg>${json_data['results'][0]['login']}</arg>
<arg>${keyTwo}</arg>
<doc>Fails if ``key`` is not found from ``dictionary``.</doc>
<status status="PASS" start="2024-05-16T17:13:59.883099" elapsed="0.000416"/>
</kw>
<kw name="Log" owner="BuiltIn">
<msg time="2024-05-16T17:13:59.883940" level="INFO">password</msg>
<arg>${keyTwo}</arg>
<doc>Logs the given message with the given level.</doc>
<status status="PASS" start="2024-05-16T17:13:59.883812" elapsed="0.000165"/>
</kw>
<var name="${keyTwo}">password</var>
<status status="PASS" start="2024-05-16T17:13:59.882147" elapsed="0.002045"/>
</iter>
<var>${keyTwo}</var>
<value>@{expected_keysTwo}</value>
<status status="PASS" start="2024-05-16T17:13:59.879902" elapsed="0.004412"/>
</for>
<status status="PASS" start="2024-05-16T17:13:59.788850" elapsed="0.095602"/>
</kw>
<doc>Testa a estrutura da resposta da API.</doc>
<tag>testeEstruturaResposta</tag>
<status status="PASS" start="2024-05-16T17:13:59.788086" elapsed="0.096519"/>
</test>
<test id="s1-s1-t4" name="Validar tipos de dados" line="28">
<kw name="Teste de Tipos de Dados" owner="random-user-service">
<kw name="GET On Session" owner="RequestsLibrary">
<msg time="2024-05-16T17:13:59.978611" level="INFO">GET Request : url=https://randomuser.me/api 
 path_url=/api 
 headers={'User-Agent': 'python-requests/2.31.0', 'Accept-Encoding': 'gzip, deflate', 'Accept': '*/*', 'Connection': 'keep-alive'} 
 body=None 
 </msg>
<msg time="2024-05-16T17:13:59.978724" level="INFO">GET Response : url=https://randomuser.me/api 
 status=200, reason=OK 
 headers={'Date': 'Thu, 16 May 2024 17:13:59 GMT', 'Content-Type': 'application/json; charset=utf-8', 'Transfer-Encoding': 'chunked', 'Connection': 'keep-alive', 'X-Powered-By': 'Express', 'Access-Control-Allow-Origin': '*', 'Cache-Control': 'no-cache', 'ETag': 'W/"468-rH24mxibiViw60XkBI+N1j00O3Q"', 'Vary': 'Accept-Encoding', 'Content-Encoding': 'gzip', 'CF-Cache-Status': 'DYNAMIC', 'Report-To': '{"endpoints":[{"url":"https:\\/\\/a.nel.cloudflare.com\\/report\\/v4?s=Xmyfm6KOX869AcXjtguIm7xr%2FIc2rfQqhNtWvgVveGNmfPaqvChuq3vZgh7FGlgZ8s4qXRPRz4N6w8lFY3%2BMGYHKzS6KlbILkfCJ14tqwKE1qq2km5C%2BPMegrhkCrL7T"}],"group":"cf-nel","max_age":604800}', 'NEL': '{"success_fraction":0,"report_to":"cf-nel","max_age":604800}', 'Server': 'cloudflare', 'CF-RAY': '884d00655e8a7281-EWR', 'alt-svc': 'h3=":443"; ma=86400'} 
 body={"results":[{"gender":"male","name":{"title":"Mr","first":"Kuzma","last":"Fedik"},"location":{"street":{"number":821,"name":"Mihayla Kotelnikova"},"city":"Dolinska","state":"Sumska","country":"Ukraine","postcode":72314,"coordinates":{"latitude":"75.0623","longitude":"-171.9456"},"timezone":{"offset":"+3:30","description":"Tehran"}},"email":"kuzma.fedik@example.com","login":{"uuid":"7d9174bb-cab1-45da-abea-3698a0de83f1","username":"tinyostrich314","password":"racing","salt":"XNThvZQi","md5":"58bf79d35d707fa532f73ee9995df18a","sha1":"513cb9fb5a03b66e0e73b401beb2515c6b688872","sha256":"c28b66864aafaa919e5ede8d2252320765f816dcdcb35b3f1b90eca015eb1c8c"},"dob":{"date":"1967-11-02T06:11:43.143Z","age":56},"registered":{"date":"2013-11-13T02:38:18.681Z","age":10},"phone":"(097) A89-5290","cell":"(066) T45-9998","id":{"name":"","value":null},"picture":{"large":"https://randomuser.me/api/portraits/men/53.jpg","medium":"https://randomuser.me/api/portraits/med/men/53.jpg","thumbnail":"https://randomuser.me/api/portraits/thumb/men/53.jpg"},"nat":"UA"}],"info":{"seed":"15b191db29b3645f","results":1,"page":1,"version":"1.4"}} 
 </msg>
<msg time="2024-05-16T17:13:59.978805" level="INFO">/opt/hostedtoolcache/Python/3.12.3/x64/lib/python3.12/site-packages/urllib3/connectionpool.py:1103: InsecureRequestWarning: Unverified HTTPS request is being made to host 'randomuser.me'. Adding certificate verification is strongly advised. See: https://urllib3.readthedocs.io/en/latest/advanced-usage.html#tls-warnings
  warnings.warn(</msg>
<msg time="2024-05-16T17:13:59.978914" level="INFO">${response} = &lt;Response [200]&gt;</msg>
<var>${response}</var>
<arg>consultarAPI</arg>
<arg>/api</arg>
<doc>Sends a GET request on a previously created HTTP Session.</doc>
<status status="PASS" start="2024-05-16T17:13:59.887126" elapsed="0.091831"/>
</kw>
<kw name="Set Variable" owner="BuiltIn">
<msg time="2024-05-16T17:13:59.980016" level="INFO">${json_data} = {'results': [{'gender': 'male', 'name': {'title': 'Mr', 'first': 'Kuzma', 'last': 'Fedik'}, 'location': {'street': {'number': 821, 'name': 'Mihayla Kotelnikova'}, 'city': 'Dolinska', 'state': 'Sumska'...</msg>
<var>${json_data}</var>
<arg>${response.json()}</arg>
<doc>Returns the given values which can then be assigned to a variables.</doc>
<status status="PASS" start="2024-05-16T17:13:59.979428" elapsed="0.000617"/>
</kw>
<kw name="Log" owner="BuiltIn">
<msg time="2024-05-16T17:13:59.980506" level="INFO">{'results': [{'gender': 'male', 'name': {'title': 'Mr', 'first': 'Kuzma', 'last': 'Fedik'}, 'location': {'street': {'number': 821, 'name': 'Mihayla Kotelnikova'}, 'city': 'Dolinska', 'state': 'Sumska', 'country': 'Ukraine', 'postcode': 72314, 'coordinates': {'latitude': '75.0623', 'longitude': '-171.9456'}, 'timezone': {'offset': '+3:30', 'description': 'Tehran'}}, 'email': 'kuzma.fedik@example.com', 'login': {'uuid': '7d9174bb-cab1-45da-abea-3698a0de83f1', 'username': 'tinyostrich314', 'password': 'racing', 'salt': 'XNThvZQi', 'md5': '58bf79d35d707fa532f73ee9995df18a', 'sha1': '513cb9fb5a03b66e0e73b401beb2515c6b688872', 'sha256': 'c28b66864aafaa919e5ede8d2252320765f816dcdcb35b3f1b90eca015eb1c8c'}, 'dob': {'date': '1967-11-02T06:11:43.143Z', 'age': 56}, 'registered': {'date': '2013-11-13T02:38:18.681Z', 'age': 10}, 'phone': '(097) A89-5290', 'cell': '(066) T45-9998', 'id': {'name': '', 'value': None}, 'picture': {'large': 'https://randomuser.me/api/portraits/men/53.jpg', 'medium': 'https://randomuser.me/api/portraits/med/men/53.jpg', 'thumbnail': 'https://randomuser.me/api/portraits/thumb/men/53.jpg'}, 'nat': 'UA'}], 'info': {'seed': '15b191db29b3645f', 'results': 1, 'page': 1, 'version': '1.4'}}</msg>
<arg>${json_data}</arg>
<doc>Logs the given message with the given level.</doc>
<status status="PASS" start="2024-05-16T17:13:59.980353" elapsed="0.000200"/>
</kw>
<kw name="Should Be String" owner="String">
<arg>${json_data['results'][0]['gender']}</arg>
<doc>Fails if the given ``item`` is not a string.</doc>
<status status="PASS" start="2024-05-16T17:13:59.980879" elapsed="0.000365"/>
</kw>
<kw name="Should Match Regexp" owner="BuiltIn">
<arg>${json_data['results'][0]['email']}</arg>
<arg>^[a-zA-Z0-9._%+-]+@[a-zA-Z0-9.-]+\.[a-zA-Z]{2,}$</arg>
<doc>Fails if ``string`` does not match ``pattern`` as a regular expression.</doc>
<status status="PASS" start="2024-05-16T17:13:59.981437" elapsed="0.000506"/>
</kw>
<kw name="Should Match Regexp" owner="BuiltIn">
<arg>${json_data['results'][0]['dob']['date']}</arg>
<arg>\\d{4}-\\d{2}-\\d{2}T\\d{2}:\\d{2}:\\d{2}\\.\\d{3}Z</arg>
<doc>Fails if ``string`` does not match ``pattern`` as a regular expression.</doc>
<status status="PASS" start="2024-05-16T17:13:59.982143" elapsed="0.000487"/>
</kw>
<kw name="Should Match Regexp" owner="BuiltIn">
<arg>${json_data['results'][0]['registered']['date']}</arg>
<arg>\\d{4}-\\d{2}-\\d{2}T\\d{2}:\\d{2}:\\d{2}\\.\\d{3}Z</arg>
<doc>Fails if ``string`` does not match ``pattern`` as a regular expression.</doc>
<status status="PASS" start="2024-05-16T17:13:59.982874" elapsed="0.000375"/>
</kw>
<kw name="Should Match Regexp" owner="BuiltIn">
<arg>${json_data['results'][0]['picture']['large']}</arg>
<arg>^https?://.*\.(?:png|jpe?g|gif|bmp)$</arg>
<doc>Fails if ``string`` does not match ``pattern`` as a regular expression.</doc>
<status status="PASS" start="2024-05-16T17:13:59.983444" elapsed="0.000657"/>
</kw>
<kw name="Should Match Regexp" owner="BuiltIn">
<arg>${json_data['results'][0]['picture']['medium']}</arg>
<arg>^https?://.*\.(?:png|jpe?g|gif|bmp)$</arg>
<doc>Fails if ``string`` does not match ``pattern`` as a regular expression.</doc>
<status status="PASS" start="2024-05-16T17:13:59.984391" elapsed="0.000586"/>
</kw>
<kw name="Should Match Regexp" owner="BuiltIn">
<arg>${json_data['results'][0]['picture']['thumbnail']}</arg>
<arg>^https?://.*\.(?:png|jpe?g|gif|bmp)$</arg>
<doc>Fails if ``string`` does not match ``pattern`` as a regular expression.</doc>
<status status="PASS" start="2024-05-16T17:13:59.985236" elapsed="0.000408"/>
</kw>
<kw name="Log" owner="BuiltIn">
<msg time="2024-05-16T17:13:59.986188" level="INFO">{'large': 'https://randomuser.me/api/portraits/men/53.jpg', 'medium': 'https://randomuser.me/api/portraits/med/men/53.jpg', 'thumbnail': 'https://randomuser.me/api/portraits/thumb/men/53.jpg'}</msg>
<arg>${json_data['results'][0]['picture']}</arg>
<doc>Logs the given message with the given level.</doc>
<status status="PASS" start="2024-05-16T17:13:59.985841" elapsed="0.000392"/>
</kw>
<status status="PASS" start="2024-05-16T17:13:59.886898" elapsed="0.099591"/>
</kw>
<kw name="Teste de Tipos de Dados - Postcode" owner="random-user-service">
<kw name="GET On Session" owner="RequestsLibrary">
<msg time="2024-05-16T17:14:00.084011" level="INFO">GET Request : url=https://randomuser.me/api 
 path_url=/api 
 headers={'User-Agent': 'python-requests/2.31.0', 'Accept-Encoding': 'gzip, deflate', 'Accept': '*/*', 'Connection': 'keep-alive'} 
 body=None 
 </msg>
<msg time="2024-05-16T17:14:00.084108" level="INFO">GET Response : url=https://randomuser.me/api 
 status=200, reason=OK 
 headers={'Date': 'Thu, 16 May 2024 17:14:00 GMT', 'Content-Type': 'application/json; charset=utf-8', 'Transfer-Encoding': 'chunked', 'Connection': 'keep-alive', 'X-Powered-By': 'Express', 'Access-Control-Allow-Origin': '*', 'Cache-Control': 'no-cache', 'ETag': 'W/"498-8mjxnTsHglQLHrKFWg8zydEQxiI"', 'Vary': 'Accept-Encoding', 'Content-Encoding': 'gzip', 'CF-Cache-Status': 'DYNAMIC', 'Report-To': '{"endpoints":[{"url":"https:\\/\\/a.nel.cloudflare.com\\/report\\/v4?s=4m53eXS%2FDsZ8GVY5ZiM08dVbK%2FunjO08phrl%2B42ZTMGNdIwwOXqbIKJQzyp%2FI1RB29YqWJvHWXeH%2Fi4bTmuCc%2BVKp564v%2BwI7v3Izkvxnk8Sa4XSd9mnGH%2B9pxfQYbY0"}],"group":"cf-nel","max_age":604800}', 'NEL': '{"success_fraction":0,"report_to":"cf-nel","max_age":604800}', 'Server': 'cloudflare', 'CF-RAY': '884d0065ff9f7281-EWR', 'alt-svc': 'h3=":443"; ma=86400'} 
 body={"results":[{"gender":"female","name":{"title":"Mrs","first":"Isabelle","last":"Taylor"},"location":{"street":{"number":8570,"name":"East Tamaki Road"},"city":"Taupo","state":"Southland","country":"New Zealand","postcode":83140,"coordinates":{"latitude":"51.2863","longitude":"21.9938"},"timezone":{"offset":"-5:00","description":"Eastern Time (US &amp; Canada), Bogota, Lima"}},"email":"isabelle.taylor@example.com","login":{"uuid":"7a53d3ba-dc6f-47e8-9bff-081c20f0d6bc","username":"yellowbear554","password":"vgirl","salt":"XA8E4GLS","md5":"31122ba8c9db7c989bbeb12dced20d57","sha1":"38735ca5efccca0635572c048f4514ce170b73f5","sha256":"5cd774e44bb9e96f13c7029dc2a513912b7fcb141a6911d63444d4bdd3711f4d"},"dob":{"date":"1948-07-12T04:10:37.640Z","age":75},"registered":{"date":"2017-06-27T03:18:48.562Z","age":6},"phone":"(090)-836-7215","cell":"(785)-689-1924","id":{"name":"","value":null},"picture":{"large":"https://randomuser.me/api/portraits/women/15.jpg","medium":"https://randomuser.me/api/portraits/med/women/15.jpg","thumbnail":"https://randomuser.me/api/portraits/thumb/women/15.jpg"},"nat":"NZ"}],"info":{"seed":"d738ebef4fc491da","results":1,"page":1,"version":"1.4"}} 
 </msg>
<msg time="2024-05-16T17:14:00.084179" level="INFO">/opt/hostedtoolcache/Python/3.12.3/x64/lib/python3.12/site-packages/urllib3/connectionpool.py:1103: InsecureRequestWarning: Unverified HTTPS request is being made to host 'randomuser.me'. Adding certificate verification is strongly advised. See: https://urllib3.readthedocs.io/en/latest/advanced-usage.html#tls-warnings
  warnings.warn(</msg>
<msg time="2024-05-16T17:14:00.084292" level="INFO">${response} = &lt;Response [200]&gt;</msg>
<var>${response}</var>
<arg>consultarAPI</arg>
<arg>/api</arg>
<doc>Sends a GET request on a previously created HTTP Session.</doc>
<status status="PASS" start="2024-05-16T17:13:59.986972" elapsed="0.097361"/>
</kw>
<kw name="Set Variable" owner="BuiltIn">
<msg time="2024-05-16T17:14:00.085437" level="INFO">${json_data} = {'results': [{'gender': 'female', 'name': {'title': 'Mrs', 'first': 'Isabelle', 'last': 'Taylor'}, 'location': {'street': {'number': 8570, 'name': 'East Tamaki Road'}, 'city': 'Taupo', 'state': 'South...</msg>
<var>${json_data}</var>
<arg>${response.json()}</arg>
<doc>Returns the given values which can then be assigned to a variables.</doc>
<status status="PASS" start="2024-05-16T17:14:00.084902" elapsed="0.000564"/>
</kw>
<kw name="Log" owner="BuiltIn">
<msg time="2024-05-16T17:14:00.085932" level="INFO">{'results': [{'gender': 'female', 'name': {'title': 'Mrs', 'first': 'Isabelle', 'last': 'Taylor'}, 'location': {'street': {'number': 8570, 'name': 'East Tamaki Road'}, 'city': 'Taupo', 'state': 'Southland', 'country': 'New Zealand', 'postcode': 83140, 'coordinates': {'latitude': '51.2863', 'longitude': '21.9938'}, 'timezone': {'offset': '-5:00', 'description': 'Eastern Time (US &amp; Canada), Bogota, Lima'}}, 'email': 'isabelle.taylor@example.com', 'login': {'uuid': '7a53d3ba-dc6f-47e8-9bff-081c20f0d6bc', 'username': 'yellowbear554', 'password': 'vgirl', 'salt': 'XA8E4GLS', 'md5': '31122ba8c9db7c989bbeb12dced20d57', 'sha1': '38735ca5efccca0635572c048f4514ce170b73f5', 'sha256': '5cd774e44bb9e96f13c7029dc2a513912b7fcb141a6911d63444d4bdd3711f4d'}, 'dob': {'date': '1948-07-12T04:10:37.640Z', 'age': 75}, 'registered': {'date': '2017-06-27T03:18:48.562Z', 'age': 6}, 'phone': '(090)-836-7215', 'cell': '(785)-689-1924', 'id': {'name': '', 'value': None}, 'picture': {'large': 'https://randomuser.me/api/portraits/women/15.jpg', 'medium': 'https://randomuser.me/api/portraits/med/women/15.jpg', 'thumbnail': 'https://randomuser.me/api/portraits/thumb/women/15.jpg'}, 'nat': 'NZ'}], 'info': {'seed': 'd738ebef4fc491da', 'results': 1, 'page': 1, 'version': '1.4'}}</msg>
<arg>${json_data}</arg>
<doc>Logs the given message with the given level.</doc>
<status status="PASS" start="2024-05-16T17:14:00.085777" elapsed="0.000204"/>
</kw>
<kw name="Should Be Equal As Numbers" owner="BuiltIn">
<arg>${json_data['results'][0]['location']['postcode']}</arg>
<arg>${json_data['results'][0]['location']['postcode']}</arg>
<doc>Fails if objects are unequal after converting them to real numbers.</doc>
<status status="PASS" start="2024-05-16T17:14:00.086487" elapsed="0.000682"/>
</kw>
<kw name="Log" owner="BuiltIn">
<msg time="2024-05-16T17:14:00.087695" level="INFO">83140</msg>
<arg>${json_data['results'][0]['location']['postcode']}</arg>
<doc>Logs the given message with the given level.</doc>
<status status="PASS" start="2024-05-16T17:14:00.087364" elapsed="0.000372"/>
</kw>
<status status="PASS" start="2024-05-16T17:13:59.986735" elapsed="0.101255"/>
</kw>
<doc>Testa se os tipos de dados na resposta da API estão corretos.</doc>
<tag>testeTiposDados</tag>
<status status="PASS" start="2024-05-16T17:13:59.886347" elapsed="0.201811"/>
</test>
<test id="s1-s1-t5" name="Validar conteudo" line="35">
<kw name="Teste de Tipos de Conteudo" owner="random-user-service">
<kw name="GET On Session" owner="RequestsLibrary">
<msg time="2024-05-16T17:14:00.163320" level="INFO">GET Request : url=https://randomuser.me/api 
 path_url=/api 
 headers={'User-Agent': 'python-requests/2.31.0', 'Accept-Encoding': 'gzip, deflate', 'Accept': '*/*', 'Connection': 'keep-alive'} 
 body=None 
 </msg>
<msg time="2024-05-16T17:14:00.163408" level="INFO">GET Response : url=https://randomuser.me/api 
 status=200, reason=OK 
 headers={'Date': 'Thu, 16 May 2024 17:14:00 GMT', 'Content-Type': 'application/json; charset=utf-8', 'Transfer-Encoding': 'chunked', 'Connection': 'keep-alive', 'X-Powered-By': 'Express', 'Access-Control-Allow-Origin': '*', 'Cache-Control': 'no-cache', 'ETag': 'W/"479-IaMkRHkdCYGuiOGOyLCIbosVb00"', 'Vary': 'Accept-Encoding', 'Content-Encoding': 'gzip', 'CF-Cache-Status': 'DYNAMIC', 'Report-To': '{"endpoints":[{"url":"https:\\/\\/a.nel.cloudflare.com\\/report\\/v4?s=kQoplcN%2FsKSk7pOT%2FHOhinRTQC5p6Sg3VHcA1LrW9rVlsFj64UmWxmzaetVbQ7bs%2FjKy4pCu7ngWY0CqjLMzonsHKq55g7aBsnpfCeXceyEfVZbkFF99CMcQ3DN1i7MF"}],"group":"cf-nel","max_age":604800}', 'NEL': '{"success_fraction":0,"report_to":"cf-nel","max_age":604800}', 'Server': 'cloudflare', 'CF-RAY': '884d006699047281-EWR', 'alt-svc': 'h3=":443"; ma=86400'} 
 body={"results":[{"gender":"male","name":{"title":"Mr","first":"Adam","last":"Jean-Baptiste"},"location":{"street":{"number":3800,"name":"Park Rd"},"city":"Lafontaine","state":"Alberta","country":"Canada","postcode":"P6H 0J6","coordinates":{"latitude":"-66.1499","longitude":"-33.9973"},"timezone":{"offset":"-3:30","description":"Newfoundland"}},"email":"adam.jean-baptiste@example.com","login":{"uuid":"0646a805-6488-4d90-bcef-18c4cd452114","username":"whitezebra177","password":"rick","salt":"xrHH1Lc8","md5":"964e18bca38571596d9a3e9481f52694","sha1":"a43d86512e8aa8f9d55dd793994707f5d95ec93e","sha256":"b376ba0cb56b1e00cd259311f0be3a0d9a522f9c9f8439c90b6485d404ce5150"},"dob":{"date":"1974-04-26T01:37:22.326Z","age":50},"registered":{"date":"2018-01-04T13:00:48.239Z","age":6},"phone":"U82 J10-0299","cell":"K25 T93-4087","id":{"name":"SIN","value":"067363697"},"picture":{"large":"https://randomuser.me/api/portraits/men/26.jpg","medium":"https://randomuser.me/api/portraits/med/men/26.jpg","thumbnail":"https://randomuser.me/api/portraits/thumb/men/26.jpg"},"nat":"CA"}],"info":{"seed":"756b4b12d7fa3b98","results":1,"page":1,"version":"1.4"}} 
 </msg>
<msg time="2024-05-16T17:14:00.163496" level="INFO">/opt/hostedtoolcache/Python/3.12.3/x64/lib/python3.12/site-packages/urllib3/connectionpool.py:1103: InsecureRequestWarning: Unverified HTTPS request is being made to host 'randomuser.me'. Adding certificate verification is strongly advised. See: https://urllib3.readthedocs.io/en/latest/advanced-usage.html#tls-warnings
  warnings.warn(</msg>
<msg time="2024-05-16T17:14:00.163618" level="INFO">${response} = &lt;Response [200]&gt;</msg>
<var>${response}</var>
<arg>consultarAPI</arg>
<arg>/api</arg>
<doc>Sends a GET request on a previously created HTTP Session.</doc>
<status status="PASS" start="2024-05-16T17:14:00.090658" elapsed="0.072999"/>
</kw>
<kw name="Set Variable" owner="BuiltIn">
<msg time="2024-05-16T17:14:00.164869" level="INFO">${json_data} = {'results': [{'gender': 'male', 'name': {'title': 'Mr', 'first': 'Adam', 'last': 'Jean-Baptiste'}, 'location': {'street': {'number': 3800, 'name': 'Park Rd'}, 'city': 'Lafontaine', 'state': 'Alberta',...</msg>
<var>${json_data}</var>
<arg>${response.json()}</arg>
<doc>Returns the given values which can then be assigned to a variables.</doc>
<status status="PASS" start="2024-05-16T17:14:00.164176" elapsed="0.000735"/>
</kw>
<kw name="Set Variable" owner="BuiltIn">
<msg time="2024-05-16T17:14:00.166041" level="INFO">${name_title} = Mr</msg>
<var>${name_title}</var>
<arg>${json_data["results"][0]["name"]["title"]}</arg>
<doc>Returns the given values which can then be assigned to a variables.</doc>
<status status="PASS" start="2024-05-16T17:14:00.165394" elapsed="0.000692"/>
</kw>
<kw name="Create List" owner="BuiltIn">
<msg time="2024-05-16T17:14:00.166853" level="INFO">${allowed_titles} = ['Mr', 'Ms', 'Miss', 'Mrs', 'Madame', 'Monsieur']</msg>
<var>${allowed_titles}</var>
<arg>Mr</arg>
<arg>Ms</arg>
<arg>Miss</arg>
<arg>Mrs</arg>
<arg>Madame</arg>
<arg>Monsieur</arg>
<doc>Returns a list containing given items.</doc>
<status status="PASS" start="2024-05-16T17:14:00.166564" elapsed="0.000333"/>
</kw>
<kw name="List Should Contain Value" owner="Collections">
<msg time="2024-05-16T17:14:00.167623" level="INFO">False</msg>
<arg>${allowed_titles}</arg>
<arg>${name_title}</arg>
<doc>Fails if the ``value`` is not found from ``list``.</doc>
<status status="PASS" start="2024-05-16T17:14:00.167374" elapsed="0.000303"/>
</kw>
<kw name="Set Variable" owner="BuiltIn">
<msg time="2024-05-16T17:14:00.168673" level="INFO">${name_country} = CA</msg>
<var>${name_country}</var>
<arg>${json_data["results"][0]["nat"]}</arg>
<doc>Returns the given values which can then be assigned to a variables.</doc>
<status status="PASS" start="2024-05-16T17:14:00.168099" elapsed="0.000611"/>
</kw>
<kw name="Create List" owner="BuiltIn">
<msg time="2024-05-16T17:14:00.170306" level="INFO">${list_country} = ['AD', 'AE', 'AF', 'AG', 'AI', 'AL', 'AM', 'AO', 'AQ', 'AR', 'AS', 'AT', 'AU', 'AW', 'AX', 'AZ', 'BA', 'BB', 'BD', 'BE', 'BF', 'BG', 'BH', 'BI', 'BJ', 'BL', 'BM', 'BN', 'BO', 'BQ', 'BR', 'BS', 'BT', '...</msg>
<var>${list_country}</var>
<arg>AD</arg>
<arg>AE</arg>
<arg>AF</arg>
<arg>AG</arg>
<arg>AI</arg>
<arg>AL</arg>
<arg>AM</arg>
<arg>AO</arg>
<arg>AQ</arg>
<arg>AR</arg>
<arg>AS</arg>
<arg>AT</arg>
<arg>AU</arg>
<arg>AW</arg>
<arg>AX</arg>
<arg>AZ</arg>
<arg>BA</arg>
<arg>BB</arg>
<arg>BD</arg>
<arg>BE</arg>
<arg>BF</arg>
<arg>BG</arg>
<arg>BH</arg>
<arg>BI</arg>
<arg>BJ</arg>
<arg>BL</arg>
<arg>BM</arg>
<arg>BN</arg>
<arg>BO</arg>
<arg>BQ</arg>
<arg>BR</arg>
<arg>BS</arg>
<arg>BT</arg>
<arg>BV</arg>
<arg>BW</arg>
<arg>BY</arg>
<arg>BZ</arg>
<arg>CA</arg>
<arg>CC</arg>
<arg>CD</arg>
<arg>CF</arg>
<arg>CG</arg>
<arg>CH</arg>
<arg>CI</arg>
<arg>CK</arg>
<arg>CL</arg>
<arg>CM</arg>
<arg>CN</arg>
<arg>CO</arg>
<arg>CR</arg>
<arg>CU</arg>
<arg>CV</arg>
<arg>CW</arg>
<arg>CX</arg>
<arg>CY</arg>
<arg>CZ</arg>
<arg>DE</arg>
<arg>DJ</arg>
<arg>DK</arg>
<arg>DM</arg>
<arg>DO</arg>
<arg>DZ</arg>
<arg>EC</arg>
<arg>EE</arg>
<arg>EG</arg>
<arg>EH</arg>
<arg>ER</arg>
<arg>ES</arg>
<arg>ET</arg>
<arg>FI</arg>
<arg>FJ</arg>
<arg>FK</arg>
<arg>FM</arg>
<arg>FO</arg>
<arg>FR</arg>
<arg>GA</arg>
<arg>GB</arg>
<arg>GD</arg>
<arg>GE</arg>
<arg>GF</arg>
<arg>GG</arg>
<arg>GH</arg>
<arg>GI</arg>
<arg>GL</arg>
<arg>GM</arg>
<arg>GN</arg>
<arg>GP</arg>
<arg>GQ</arg>
<arg>GR</arg>
<arg>GS</arg>
<arg>GT</arg>
<arg>GU</arg>
<arg>GW</arg>
<arg>GY</arg>
<arg>HK</arg>
<arg>HM</arg>
<arg>HN</arg>
<arg>HR</arg>
<arg>HT</arg>
<arg>HU</arg>
<arg>ID</arg>
<arg>IE</arg>
<arg>IL</arg>
<arg>IM</arg>
<arg>IN</arg>
<arg>IO</arg>
<arg>IQ</arg>
<arg>IR</arg>
<arg>IS</arg>
<arg>IT</arg>
<arg>JE</arg>
<arg>JM</arg>
<arg>JO</arg>
<arg>JP</arg>
<arg>KE</arg>
<arg>KG</arg>
<arg>KH</arg>
<arg>KI</arg>
<arg>KM</arg>
<arg>KN</arg>
<arg>KP</arg>
<arg>KR</arg>
<arg>KW</arg>
<arg>KY</arg>
<arg>KZ</arg>
<arg>LA</arg>
<arg>LB</arg>
<arg>LC</arg>
<arg>LI</arg>
<arg>LK</arg>
<arg>LR</arg>
<arg>LS</arg>
<arg>LT</arg>
<arg>LU</arg>
<arg>LV</arg>
<arg>LY</arg>
<arg>MA</arg>
<arg>MC</arg>
<arg>MD</arg>
<arg>ME</arg>
<arg>MF</arg>
<arg>MG</arg>
<arg>MH</arg>
<arg>MK</arg>
<arg>ML</arg>
<arg>MM</arg>
<arg>MN</arg>
<arg>MO</arg>
<arg>MP</arg>
<arg>MQ</arg>
<arg>MR</arg>
<arg>MS</arg>
<arg>MT</arg>
<arg>MU</arg>
<arg>MV</arg>
<arg>MW</arg>
<arg>MX</arg>
<arg>MY</arg>
<arg>MZ</arg>
<arg>NA</arg>
<arg>NC</arg>
<arg>NE</arg>
<arg>NF</arg>
<arg>NG</arg>
<arg>NI</arg>
<arg>NL</arg>
<arg>NO</arg>
<arg>NP</arg>
<arg>NR</arg>
<arg>NU</arg>
<arg>NZ</arg>
<arg>OM</arg>
<arg>PA</arg>
<arg>PE</arg>
<arg>PF</arg>
<arg>PG</arg>
<arg>PH</arg>
<arg>PK</arg>
<arg>PL</arg>
<arg>PM</arg>
<arg>PN</arg>
<arg>PR</arg>
<arg>PS</arg>
<arg>PT</arg>
<arg>PW</arg>
<arg>PY</arg>
<arg>QA</arg>
<arg>RE</arg>
<arg>RO</arg>
<arg>RS</arg>
<arg>RU</arg>
<arg>RW</arg>
<arg>SA</arg>
<arg>SB</arg>
<arg>SC</arg>
<arg>SD</arg>
<arg>SE</arg>
<arg>SG</arg>
<arg>SH</arg>
<arg>SI</arg>
<arg>SJ</arg>
<arg>SK</arg>
<arg>SL</arg>
<arg>SM</arg>
<arg>SN</arg>
<arg>SO</arg>
<arg>SR</arg>
<arg>SS</arg>
<arg>ST</arg>
<arg>SV</arg>
<arg>SX</arg>
<arg>SY</arg>
<arg>SZ</arg>
<arg>TC</arg>
<arg>TD</arg>
<arg>TF</arg>
<arg>TG</arg>
<arg>TH</arg>
<arg>TJ</arg>
<arg>TK</arg>
<arg>TL</arg>
<arg>TM</arg>
<arg>TN</arg>
<arg>TO</arg>
<arg>TR</arg>
<arg>TT</arg>
<arg>TV</arg>
<arg>TW</arg>
<arg>TZ</arg>
<arg>UA</arg>
<arg>UG</arg>
<arg>UM</arg>
<arg>US</arg>
<arg>UY</arg>
<arg>UZ</arg>
<arg>VA</arg>
<arg>VC</arg>
<arg>VE</arg>
<arg>VG</arg>
<arg>VI</arg>
<arg>VN</arg>
<arg>VU</arg>
<arg>WF</arg>
<arg>WS</arg>
<arg>XK</arg>
<arg>YE</arg>
<arg>YT</arg>
<arg>ZA</arg>
<arg>ZM</arg>
<arg>ZW</arg>
<doc>Returns a list containing given items.</doc>
<status status="PASS" start="2024-05-16T17:14:00.169140" elapsed="0.001216"/>
</kw>
<kw name="List Should Contain Value" owner="Collections">
<msg time="2024-05-16T17:14:00.172142" level="INFO">False</msg>
<arg>${list_country}</arg>
<arg>${name_country}</arg>
<doc>Fails if the ``value`` is not found from ``list``.</doc>
<status status="PASS" start="2024-05-16T17:14:00.171822" elapsed="0.000385"/>
</kw>
<kw name="Run Keyword If" owner="BuiltIn">
<kw name="Should Be True" owner="BuiltIn">
<arg>${True}</arg>
<doc>Fails if the given condition is not true.</doc>
<status status="PASS" start="2024-05-16T17:14:00.173955" elapsed="0.000351"/>
</kw>
<arg>${json_data["results"][0]["location"]["coordinates"]["latitude"]} &gt;= -90 and ${json_data["results"][0]["location"]["coordinates"]["latitude"]} &lt;= 90</arg>
<arg>Should Be True</arg>
<arg>${True}</arg>
<doc>Runs the given keyword with the given arguments, if ``condition`` is true.</doc>
<status status="PASS" start="2024-05-16T17:14:00.172711" elapsed="0.001803"/>
</kw>
<kw name="Run Keyword If" owner="BuiltIn">
<kw name="Should Be True" owner="BuiltIn">
<arg>${True}</arg>
<doc>Fails if the given condition is not true.</doc>
<status status="PASS" start="2024-05-16T17:14:00.176076" elapsed="0.000213"/>
</kw>
<arg>${json_data["results"][0]["location"]["coordinates"]["longitude"]} &gt;= -180 and ${json_data["results"][0]["location"]["coordinates"]["longitude"]} &lt;= 180</arg>
<arg>Should Be True</arg>
<arg>${True}</arg>
<doc>Runs the given keyword with the given arguments, if ``condition`` is true.</doc>
<status status="PASS" start="2024-05-16T17:14:00.174871" elapsed="0.001618"/>
</kw>
<status status="PASS" start="2024-05-16T17:14:00.090436" elapsed="0.086262"/>
</kw>
<doc>Testa o conteúdo específico dos campos retornados pela API.</doc>
<tag>testeConteudo</tag>
<status status="PASS" start="2024-05-16T17:14:00.089897" elapsed="0.087066"/>
</test>
<status status="PASS" start="2024-05-16T17:13:59.361298" elapsed="0.818738"/>
</suite>
<status status="PASS" start="2024-05-16T17:13:59.347620" elapsed="0.837541"/>
</suite>
<statistics>
<total>
<stat pass="5" fail="0" skip="0">All Tests</stat>
</total>
<tag>
<stat pass="1" fail="0" skip="0">testeConteudo</stat>
<stat pass="1" fail="0" skip="0">testeEstruturaResposta</stat>
<stat pass="1" fail="0" skip="0">testeRequisicaoBasica</stat>
<stat pass="1" fail="0" skip="0">testeTiposDados</stat>
</tag>
<suite>
<stat pass="5" fail="0" skip="0" id="s1" name="Tests">Tests</stat>
<stat pass="5" fail="0" skip="0" id="s1-s1" name="Random-User-Test">Tests.Random-User-Test</stat>
</suite>
</statistics>
<errors>
</errors>
</robot>
