<?xml version="1.0" encoding="UTF-8"?>
<robot generator="Robot 7.0.1 (Python 3.12.4 on linux)" generated="2024-06-20T20:15:36.818824" rpa="false" schemaversion="5">
<suite id="s1" name="Tests" source="/home/runner/work/ApiRandomUser/ApiRandomUser/RamdonUser/tests">
<suite id="s1-s1" name="Random-User-Test" source="/home/runner/work/ApiRandomUser/ApiRandomUser/RamdonUser/tests/random-user-test.robot">
<test id="s1-s1-t1" name="Conectar" line="13">
<kw name="Conectar API" owner="random-user-service">
<kw name="Create Session" owner="RequestsLibrary">
<msg time="2024-06-20T20:15:37.223866" level="INFO">Creating Session using : alias=consultarAPI, url=https://randomuser.me/, headers={},                     cookies={}, auth=None, timeout=None, proxies=None, verify=False,                     debug=0 </msg>
<arg>consultarAPI</arg>
<arg>${URL}</arg>
<doc>Create Session: create a HTTP session to a server</doc>
<status status="PASS" start="2024-06-20T20:15:37.223662" elapsed="0.000371"/>
</kw>
<status status="PASS" start="2024-06-20T20:15:37.222696" elapsed="0.001721"/>
</kw>
<status status="PASS" start="2024-06-20T20:15:37.222145" elapsed="0.002475"/>
</test>
<test id="s1-s1-t2" name="Validar retorno 200 e JSON Válido" line="16">
<kw name="Teste de Requisicao Basica" owner="random-user-service">
<kw name="GET On Session" owner="RequestsLibrary">
<msg time="2024-06-20T20:15:37.403786" level="INFO">GET Request : url=https://randomuser.me/api 
 path_url=/api 
 headers={'User-Agent': 'python-requests/2.32.3', 'Accept-Encoding': 'gzip, deflate', 'Accept': '*/*', 'Connection': 'keep-alive'} 
 body=None 
 </msg>
<msg time="2024-06-20T20:15:37.403906" level="INFO">GET Response : url=https://randomuser.me/api 
 status=200, reason=OK 
 headers={'Date': 'Thu, 20 Jun 2024 20:15:37 GMT', 'Content-Type': 'application/json; charset=utf-8', 'Transfer-Encoding': 'chunked', 'Connection': 'keep-alive', 'X-Powered-By': 'Express', 'Access-Control-Allow-Origin': '*', 'Cache-Control': 'no-cache', 'ETag': 'W/"478-ZFSiZ+AAK/c3qRyG0FpTVHirZhQ"', 'Vary': 'Accept-Encoding', 'Content-Encoding': 'gzip', 'CF-Cache-Status': 'DYNAMIC', 'Report-To': '{"endpoints":[{"url":"https:\\/\\/a.nel.cloudflare.com\\/report\\/v4?s=U8R2VJqC7HOBR0xsorK7lbZokSJ2OnGNmJQ%2FcKwfrnDHn0RCt4KpfdEQyQPIP5miwT%2FmU%2F6%2BhUufg7k%2Bj93ZbyVLZjm21HHUFPP5uhWSrsEJFPwf0KVePLvsKTXZSgAI"}],"group":"cf-nel","max_age":604800}', 'NEL': '{"success_fraction":0,"report_to":"cf-nel","max_age":604800}', 'Server': 'cloudflare', 'CF-RAY': '896e6e922a2b2f46-LAX', 'alt-svc': 'h3=":443"; ma=86400'} 
 body={"results":[{"gender":"female","name":{"title":"Miss","first":"Swathi","last":"Dhamdhame"},"location":{"street":{"number":5851,"name":"S.A Rd"},"city":"Ramagundam","state":"Chhattisgarh","country":"India","postcode":96764,"coordinates":{"latitude":"5.7215","longitude":"17.3901"},"timezone":{"offset":"+3:30","description":"Tehran"}},"email":"swathi.dhamdhame@example.com","login":{"uuid":"e4499cc3-f3dc-4408-9f75-ef87b633da1a","username":"greenwolf955","password":"hollow","salt":"p1VraHw8","md5":"a2ecfd0391f2e094d63e08af51c14d0e","sha1":"a86b419660158f425bb1bf44fcbe0dbadee0406e","sha256":"3aa8d1e2a0085d0cb5667ec94a2549be4e85ac157fff25a7436cf64eb0715abc"},"dob":{"date":"1974-06-29T09:07:49.895Z","age":49},"registered":{"date":"2012-02-14T05:46:39.700Z","age":12},"phone":"8228616328","cell":"9967078126","id":{"name":"UIDAI","value":"058860701536"},"picture":{"large":"https://randomuser.me/api/portraits/women/69.jpg","medium":"https://randomuser.me/api/portraits/med/women/69.jpg","thumbnail":"https://randomuser.me/api/portraits/thumb/women/69.jpg"},"nat":"IN"}],"info":{"seed":"15eb59eaefd21c14","results":1,"page":1,"version":"1.4"}} 
 </msg>
<msg time="2024-06-20T20:15:37.403979" level="INFO">/opt/hostedtoolcache/Python/3.12.4/x64/lib/python3.12/site-packages/urllib3/connectionpool.py:1099: InsecureRequestWarning: Unverified HTTPS request is being made to host 'randomuser.me'. Adding certificate verification is strongly advised. See: https://urllib3.readthedocs.io/en/latest/advanced-usage.html#tls-warnings
  warnings.warn(</msg>
<msg time="2024-06-20T20:15:37.404106" level="INFO">${response} = &lt;Response [200]&gt;</msg>
<var>${response}</var>
<arg>consultarAPI</arg>
<arg>/api</arg>
<doc>Sends a GET request on a previously created HTTP Session.</doc>
<status status="PASS" start="2024-06-20T20:15:37.227209" elapsed="0.176938"/>
</kw>
<kw name="Should Be Equal As Numbers" owner="BuiltIn">
<msg time="2024-06-20T20:15:37.405059" level="INFO">Argument types are:
&lt;class 'int'&gt;
&lt;class 'str'&gt;</msg>
<arg>${response.status_code}</arg>
<arg>200</arg>
<doc>Fails if objects are unequal after converting them to real numbers.</doc>
<status status="PASS" start="2024-06-20T20:15:37.404634" elapsed="0.000493"/>
</kw>
<kw name="Log" owner="BuiltIn">
<msg time="2024-06-20T20:15:37.405789" level="INFO">200</msg>
<arg>${response.status_code}</arg>
<doc>Logs the given message with the given level.</doc>
<status status="PASS" start="2024-06-20T20:15:37.405444" elapsed="0.000387"/>
</kw>
<kw name="Set Variable" owner="BuiltIn">
<msg time="2024-06-20T20:15:37.406554" level="INFO">${json_data} = {'results': [{'gender': 'female', 'name': {'title': 'Miss', 'first': 'Swathi', 'last': 'Dhamdhame'}, 'location': {'street': {'number': 5851, 'name': 'S.A Rd'}, 'city': 'Ramagundam', 'state': 'Chhattis...</msg>
<var>${json_data}</var>
<arg>${response.json()}</arg>
<doc>Returns the given values which can then be assigned to a variables.</doc>
<status status="PASS" start="2024-06-20T20:15:37.406130" elapsed="0.000452"/>
</kw>
<kw name="Dictionary Should Contain Key" owner="Collections">
<arg>${json_data}</arg>
<arg>results</arg>
<doc>Fails if ``key`` is not found from ``dictionary``.</doc>
<status status="PASS" start="2024-06-20T20:15:37.406878" elapsed="0.000177"/>
</kw>
<status status="PASS" start="2024-06-20T20:15:37.226968" elapsed="0.180234"/>
</kw>
<doc>Testa se a API responde corretamente e retorna um objeto JSON válido.</doc>
<tag>testeRequisicaoBasica</tag>
<status status="PASS" start="2024-06-20T20:15:37.226504" elapsed="0.180863"/>
</test>
<test id="s1-s1-t3" name="Validar estrutura de resposta" line="22">
<kw name="Teste de Estrutura de Resposta" owner="random-user-service">
<kw name="GET On Session" owner="RequestsLibrary">
<msg time="2024-06-20T20:15:37.512443" level="INFO">GET Request : url=https://randomuser.me/api 
 path_url=/api 
 headers={'User-Agent': 'python-requests/2.32.3', 'Accept-Encoding': 'gzip, deflate', 'Accept': '*/*', 'Connection': 'keep-alive'} 
 body=None 
 </msg>
<msg time="2024-06-20T20:15:37.512527" level="INFO">GET Response : url=https://randomuser.me/api 
 status=200, reason=OK 
 headers={'Date': 'Thu, 20 Jun 2024 20:15:37 GMT', 'Content-Type': 'application/json; charset=utf-8', 'Transfer-Encoding': 'chunked', 'Connection': 'keep-alive', 'X-Powered-By': 'Express', 'Access-Control-Allow-Origin': '*', 'Cache-Control': 'no-cache', 'ETag': 'W/"48a-hq6EL1A37mSon/33CsEpEmfhH/M"', 'Vary': 'Accept-Encoding', 'Content-Encoding': 'gzip', 'CF-Cache-Status': 'DYNAMIC', 'Report-To': '{"endpoints":[{"url":"https:\\/\\/a.nel.cloudflare.com\\/report\\/v4?s=zQoL22nPCuqAh9rA47x%2FkM41UC3Q%2B%2FR%2BylrMZSZlM%2BtgW3%2BPoytAcXQU79rnMXh2iyqx5%2BrKh3JKlGcZ3eKk4K82DcwF9jNnWoLyKtuM3%2FtRc1ZR0FCxJqa3j9F8683n"}],"group":"cf-nel","max_age":604800}', 'NEL': '{"success_fraction":0,"report_to":"cf-nel","max_age":604800}', 'Server': 'cloudflare', 'CF-RAY': '896e6e92db232f46-LAX', 'alt-svc': 'h3=":443"; ma=86400'} 
 body={"results":[{"gender":"male","name":{"title":"Mr","first":"Wade","last":"Cooper"},"location":{"street":{"number":2478,"name":"N Stelling Rd"},"city":"Flint","state":"Idaho","country":"United States","postcode":82962,"coordinates":{"latitude":"85.6519","longitude":"-9.8796"},"timezone":{"offset":"+1:00","description":"Brussels, Copenhagen, Madrid, Paris"}},"email":"wade.cooper@example.com","login":{"uuid":"f273843c-552f-4746-b598-f394bc059d0e","username":"purplelion984","password":"eeyore","salt":"uuh7DsAB","md5":"74efb7e47bdf17e4a7bc5d2cdcbd0c58","sha1":"9e71c0ce72182c41aeda0163241fe1e25f4357ec","sha256":"ad1b338ce428dfd50df3aef91c328f2cac9dbc77683438cc3038a3b3b6950c88"},"dob":{"date":"1958-10-17T06:37:08.222Z","age":65},"registered":{"date":"2014-10-10T19:08:18.249Z","age":9},"phone":"(770) 458-0920","cell":"(640) 704-2321","id":{"name":"SSN","value":"740-07-9234"},"picture":{"large":"https://randomuser.me/api/portraits/men/26.jpg","medium":"https://randomuser.me/api/portraits/med/men/26.jpg","thumbnail":"https://randomuser.me/api/portraits/thumb/men/26.jpg"},"nat":"US"}],"info":{"seed":"45cdb4f25f331639","results":1,"page":1,"version":"1.4"}} 
 </msg>
<msg time="2024-06-20T20:15:37.512622" level="INFO">/opt/hostedtoolcache/Python/3.12.4/x64/lib/python3.12/site-packages/urllib3/connectionpool.py:1099: InsecureRequestWarning: Unverified HTTPS request is being made to host 'randomuser.me'. Adding certificate verification is strongly advised. See: https://urllib3.readthedocs.io/en/latest/advanced-usage.html#tls-warnings
  warnings.warn(</msg>
<msg time="2024-06-20T20:15:37.512711" level="INFO">${response} = &lt;Response [200]&gt;</msg>
<var>${response}</var>
<arg>consultarAPI</arg>
<arg>/api</arg>
<doc>Sends a GET request on a previously created HTTP Session.</doc>
<status status="PASS" start="2024-06-20T20:15:37.409932" elapsed="0.102807"/>
</kw>
<kw name="Set Variable" owner="BuiltIn">
<msg time="2024-06-20T20:15:37.513632" level="INFO">${json_data} = {'results': [{'gender': 'male', 'name': {'title': 'Mr', 'first': 'Wade', 'last': 'Cooper'}, 'location': {'street': {'number': 2478, 'name': 'N Stelling Rd'}, 'city': 'Flint', 'state': 'Idaho', 'countr...</msg>
<var>${json_data}</var>
<arg>${response.json()}</arg>
<doc>Returns the given values which can then be assigned to a variables.</doc>
<status status="PASS" start="2024-06-20T20:15:37.513191" elapsed="0.000469"/>
</kw>
<kw name="Log" owner="BuiltIn">
<msg time="2024-06-20T20:15:37.514121" level="INFO">{'results': [{'gender': 'male', 'name': {'title': 'Mr', 'first': 'Wade', 'last': 'Cooper'}, 'location': {'street': {'number': 2478, 'name': 'N Stelling Rd'}, 'city': 'Flint', 'state': 'Idaho', 'country': 'United States', 'postcode': 82962, 'coordinates': {'latitude': '85.6519', 'longitude': '-9.8796'}, 'timezone': {'offset': '+1:00', 'description': 'Brussels, Copenhagen, Madrid, Paris'}}, 'email': 'wade.cooper@example.com', 'login': {'uuid': 'f273843c-552f-4746-b598-f394bc059d0e', 'username': 'purplelion984', 'password': 'eeyore', 'salt': 'uuh7DsAB', 'md5': '74efb7e47bdf17e4a7bc5d2cdcbd0c58', 'sha1': '9e71c0ce72182c41aeda0163241fe1e25f4357ec', 'sha256': 'ad1b338ce428dfd50df3aef91c328f2cac9dbc77683438cc3038a3b3b6950c88'}, 'dob': {'date': '1958-10-17T06:37:08.222Z', 'age': 65}, 'registered': {'date': '2014-10-10T19:08:18.249Z', 'age': 9}, 'phone': '(770) 458-0920', 'cell': '(640) 704-2321', 'id': {'name': 'SSN', 'value': '740-07-9234'}, 'picture': {'large': 'https://randomuser.me/api/portraits/men/26.jpg', 'medium': 'https://randomuser.me/api/portraits/med/men/26.jpg', 'thumbnail': 'https://randomuser.me/api/portraits/thumb/men/26.jpg'}, 'nat': 'US'}], 'info': {'seed': '45cdb4f25f331639', 'results': 1, 'page': 1, 'version': '1.4'}}</msg>
<arg>${json_data}</arg>
<doc>Logs the given message with the given level.</doc>
<status status="PASS" start="2024-06-20T20:15:37.513968" elapsed="0.000210"/>
</kw>
<kw name="Dictionary Should Contain Key" owner="Collections">
<arg>${json_data}</arg>
<arg>results</arg>
<doc>Fails if ``key`` is not found from ``dictionary``.</doc>
<status status="PASS" start="2024-06-20T20:15:37.514468" elapsed="0.000156"/>
</kw>
<kw name="Should Not Be Empty" owner="BuiltIn">
<msg time="2024-06-20T20:15:37.514943" level="INFO">Length is 2.</msg>
<arg>${json_data}</arg>
<doc>Verifies that the given item is not empty.</doc>
<status status="PASS" start="2024-06-20T20:15:37.514810" elapsed="0.000171"/>
</kw>
<kw name="Create List" owner="BuiltIn">
<msg time="2024-06-20T20:15:37.515535" level="INFO">${expected_keys} = ['gender', 'name', 'location', 'email', 'login']</msg>
<var>${expected_keys}</var>
<arg>gender</arg>
<arg>name</arg>
<arg>location</arg>
<arg>email</arg>
<arg>login</arg>
<doc>Returns a list containing given items.</doc>
<status status="PASS" start="2024-06-20T20:15:37.515262" elapsed="0.000297"/>
</kw>
<for flavor="IN">
<iter>
<kw name="Dictionary Should Contain Key" owner="Collections">
<arg>${json_data['results'][0]}</arg>
<arg>${key}</arg>
<doc>Fails if ``key`` is not found from ``dictionary``.</doc>
<status status="PASS" start="2024-06-20T20:15:37.516126" elapsed="0.000442"/>
</kw>
<kw name="Log" owner="BuiltIn">
<msg time="2024-06-20T20:15:37.517116" level="INFO">{'gender': 'male', 'name': {'title': 'Mr', 'first': 'Wade', 'last': 'Cooper'}, 'location': {'street': {'number': 2478, 'name': 'N Stelling Rd'}, 'city': 'Flint', 'state': 'Idaho', 'country': 'United States', 'postcode': 82962, 'coordinates': {'latitude': '85.6519', 'longitude': '-9.8796'}, 'timezone': {'offset': '+1:00', 'description': 'Brussels, Copenhagen, Madrid, Paris'}}, 'email': 'wade.cooper@example.com', 'login': {'uuid': 'f273843c-552f-4746-b598-f394bc059d0e', 'username': 'purplelion984', 'password': 'eeyore', 'salt': 'uuh7DsAB', 'md5': '74efb7e47bdf17e4a7bc5d2cdcbd0c58', 'sha1': '9e71c0ce72182c41aeda0163241fe1e25f4357ec', 'sha256': 'ad1b338ce428dfd50df3aef91c328f2cac9dbc77683438cc3038a3b3b6950c88'}, 'dob': {'date': '1958-10-17T06:37:08.222Z', 'age': 65}, 'registered': {'date': '2014-10-10T19:08:18.249Z', 'age': 9}, 'phone': '(770) 458-0920', 'cell': '(640) 704-2321', 'id': {'name': 'SSN', 'value': '740-07-9234'}, 'picture': {'large': 'https://randomuser.me/api/portraits/men/26.jpg', 'medium': 'https://randomuser.me/api/portraits/med/men/26.jpg', 'thumbnail': 'https://randomuser.me/api/portraits/thumb/men/26.jpg'}, 'nat': 'US'}</msg>
<arg>${json_data['results'][0]}</arg>
<doc>Logs the given message with the given level.</doc>
<status status="PASS" start="2024-06-20T20:15:37.516758" elapsed="0.000406"/>
</kw>
<kw name="Log" owner="BuiltIn">
<msg time="2024-06-20T20:15:37.517592" level="INFO">gender</msg>
<arg>${key}</arg>
<doc>Logs the given message with the given level.</doc>
<status status="PASS" start="2024-06-20T20:15:37.517463" elapsed="0.000167"/>
</kw>
<var name="${key}">gender</var>
<status status="PASS" start="2024-06-20T20:15:37.516004" elapsed="0.001844"/>
</iter>
<iter>
<kw name="Dictionary Should Contain Key" owner="Collections">
<arg>${json_data['results'][0]}</arg>
<arg>${key}</arg>
<doc>Fails if ``key`` is not found from ``dictionary``.</doc>
<status status="PASS" start="2024-06-20T20:15:37.518140" elapsed="0.000382"/>
</kw>
<kw name="Log" owner="BuiltIn">
<msg time="2024-06-20T20:15:37.519074" level="INFO">{'gender': 'male', 'name': {'title': 'Mr', 'first': 'Wade', 'last': 'Cooper'}, 'location': {'street': {'number': 2478, 'name': 'N Stelling Rd'}, 'city': 'Flint', 'state': 'Idaho', 'country': 'United States', 'postcode': 82962, 'coordinates': {'latitude': '85.6519', 'longitude': '-9.8796'}, 'timezone': {'offset': '+1:00', 'description': 'Brussels, Copenhagen, Madrid, Paris'}}, 'email': 'wade.cooper@example.com', 'login': {'uuid': 'f273843c-552f-4746-b598-f394bc059d0e', 'username': 'purplelion984', 'password': 'eeyore', 'salt': 'uuh7DsAB', 'md5': '74efb7e47bdf17e4a7bc5d2cdcbd0c58', 'sha1': '9e71c0ce72182c41aeda0163241fe1e25f4357ec', 'sha256': 'ad1b338ce428dfd50df3aef91c328f2cac9dbc77683438cc3038a3b3b6950c88'}, 'dob': {'date': '1958-10-17T06:37:08.222Z', 'age': 65}, 'registered': {'date': '2014-10-10T19:08:18.249Z', 'age': 9}, 'phone': '(770) 458-0920', 'cell': '(640) 704-2321', 'id': {'name': 'SSN', 'value': '740-07-9234'}, 'picture': {'large': 'https://randomuser.me/api/portraits/men/26.jpg', 'medium': 'https://randomuser.me/api/portraits/med/men/26.jpg', 'thumbnail': 'https://randomuser.me/api/portraits/thumb/men/26.jpg'}, 'nat': 'US'}</msg>
<arg>${json_data['results'][0]}</arg>
<doc>Logs the given message with the given level.</doc>
<status status="PASS" start="2024-06-20T20:15:37.518710" elapsed="0.000442"/>
</kw>
<kw name="Log" owner="BuiltIn">
<msg time="2024-06-20T20:15:37.519575" level="INFO">name</msg>
<arg>${key}</arg>
<doc>Logs the given message with the given level.</doc>
<status status="PASS" start="2024-06-20T20:15:37.519449" elapsed="0.000162"/>
</kw>
<var name="${key}">name</var>
<status status="PASS" start="2024-06-20T20:15:37.518029" elapsed="0.001796"/>
</iter>
<iter>
<kw name="Dictionary Should Contain Key" owner="Collections">
<arg>${json_data['results'][0]}</arg>
<arg>${key}</arg>
<doc>Fails if ``key`` is not found from ``dictionary``.</doc>
<status status="PASS" start="2024-06-20T20:15:37.520120" elapsed="0.000410"/>
</kw>
<kw name="Log" owner="BuiltIn">
<msg time="2024-06-20T20:15:37.521066" level="INFO">{'gender': 'male', 'name': {'title': 'Mr', 'first': 'Wade', 'last': 'Cooper'}, 'location': {'street': {'number': 2478, 'name': 'N Stelling Rd'}, 'city': 'Flint', 'state': 'Idaho', 'country': 'United States', 'postcode': 82962, 'coordinates': {'latitude': '85.6519', 'longitude': '-9.8796'}, 'timezone': {'offset': '+1:00', 'description': 'Brussels, Copenhagen, Madrid, Paris'}}, 'email': 'wade.cooper@example.com', 'login': {'uuid': 'f273843c-552f-4746-b598-f394bc059d0e', 'username': 'purplelion984', 'password': 'eeyore', 'salt': 'uuh7DsAB', 'md5': '74efb7e47bdf17e4a7bc5d2cdcbd0c58', 'sha1': '9e71c0ce72182c41aeda0163241fe1e25f4357ec', 'sha256': 'ad1b338ce428dfd50df3aef91c328f2cac9dbc77683438cc3038a3b3b6950c88'}, 'dob': {'date': '1958-10-17T06:37:08.222Z', 'age': 65}, 'registered': {'date': '2014-10-10T19:08:18.249Z', 'age': 9}, 'phone': '(770) 458-0920', 'cell': '(640) 704-2321', 'id': {'name': 'SSN', 'value': '740-07-9234'}, 'picture': {'large': 'https://randomuser.me/api/portraits/men/26.jpg', 'medium': 'https://randomuser.me/api/portraits/med/men/26.jpg', 'thumbnail': 'https://randomuser.me/api/portraits/thumb/men/26.jpg'}, 'nat': 'US'}</msg>
<arg>${json_data['results'][0]}</arg>
<doc>Logs the given message with the given level.</doc>
<status status="PASS" start="2024-06-20T20:15:37.520712" elapsed="0.000402"/>
</kw>
<kw name="Log" owner="BuiltIn">
<msg time="2024-06-20T20:15:37.521537" level="INFO">location</msg>
<arg>${key}</arg>
<doc>Logs the given message with the given level.</doc>
<status status="PASS" start="2024-06-20T20:15:37.521409" elapsed="0.000166"/>
</kw>
<var name="${key}">location</var>
<status status="PASS" start="2024-06-20T20:15:37.520001" elapsed="0.001789"/>
</iter>
<iter>
<kw name="Dictionary Should Contain Key" owner="Collections">
<arg>${json_data['results'][0]}</arg>
<arg>${key}</arg>
<doc>Fails if ``key`` is not found from ``dictionary``.</doc>
<status status="PASS" start="2024-06-20T20:15:37.522065" elapsed="0.000378"/>
</kw>
<kw name="Log" owner="BuiltIn">
<msg time="2024-06-20T20:15:37.522981" level="INFO">{'gender': 'male', 'name': {'title': 'Mr', 'first': 'Wade', 'last': 'Cooper'}, 'location': {'street': {'number': 2478, 'name': 'N Stelling Rd'}, 'city': 'Flint', 'state': 'Idaho', 'country': 'United States', 'postcode': 82962, 'coordinates': {'latitude': '85.6519', 'longitude': '-9.8796'}, 'timezone': {'offset': '+1:00', 'description': 'Brussels, Copenhagen, Madrid, Paris'}}, 'email': 'wade.cooper@example.com', 'login': {'uuid': 'f273843c-552f-4746-b598-f394bc059d0e', 'username': 'purplelion984', 'password': 'eeyore', 'salt': 'uuh7DsAB', 'md5': '74efb7e47bdf17e4a7bc5d2cdcbd0c58', 'sha1': '9e71c0ce72182c41aeda0163241fe1e25f4357ec', 'sha256': 'ad1b338ce428dfd50df3aef91c328f2cac9dbc77683438cc3038a3b3b6950c88'}, 'dob': {'date': '1958-10-17T06:37:08.222Z', 'age': 65}, 'registered': {'date': '2014-10-10T19:08:18.249Z', 'age': 9}, 'phone': '(770) 458-0920', 'cell': '(640) 704-2321', 'id': {'name': 'SSN', 'value': '740-07-9234'}, 'picture': {'large': 'https://randomuser.me/api/portraits/men/26.jpg', 'medium': 'https://randomuser.me/api/portraits/med/men/26.jpg', 'thumbnail': 'https://randomuser.me/api/portraits/thumb/men/26.jpg'}, 'nat': 'US'}</msg>
<arg>${json_data['results'][0]}</arg>
<doc>Logs the given message with the given level.</doc>
<status status="PASS" start="2024-06-20T20:15:37.522627" elapsed="0.000406"/>
</kw>
<kw name="Log" owner="BuiltIn">
<msg time="2024-06-20T20:15:37.523450" level="INFO">email</msg>
<arg>${key}</arg>
<doc>Logs the given message with the given level.</doc>
<status status="PASS" start="2024-06-20T20:15:37.523322" elapsed="0.000165"/>
</kw>
<var name="${key}">email</var>
<status status="PASS" start="2024-06-20T20:15:37.521958" elapsed="0.001740"/>
</iter>
<iter>
<kw name="Dictionary Should Contain Key" owner="Collections">
<arg>${json_data['results'][0]}</arg>
<arg>${key}</arg>
<doc>Fails if ``key`` is not found from ``dictionary``.</doc>
<status status="PASS" start="2024-06-20T20:15:37.523972" elapsed="0.000436"/>
</kw>
<kw name="Log" owner="BuiltIn">
<msg time="2024-06-20T20:15:37.524948" level="INFO">{'gender': 'male', 'name': {'title': 'Mr', 'first': 'Wade', 'last': 'Cooper'}, 'location': {'street': {'number': 2478, 'name': 'N Stelling Rd'}, 'city': 'Flint', 'state': 'Idaho', 'country': 'United States', 'postcode': 82962, 'coordinates': {'latitude': '85.6519', 'longitude': '-9.8796'}, 'timezone': {'offset': '+1:00', 'description': 'Brussels, Copenhagen, Madrid, Paris'}}, 'email': 'wade.cooper@example.com', 'login': {'uuid': 'f273843c-552f-4746-b598-f394bc059d0e', 'username': 'purplelion984', 'password': 'eeyore', 'salt': 'uuh7DsAB', 'md5': '74efb7e47bdf17e4a7bc5d2cdcbd0c58', 'sha1': '9e71c0ce72182c41aeda0163241fe1e25f4357ec', 'sha256': 'ad1b338ce428dfd50df3aef91c328f2cac9dbc77683438cc3038a3b3b6950c88'}, 'dob': {'date': '1958-10-17T06:37:08.222Z', 'age': 65}, 'registered': {'date': '2014-10-10T19:08:18.249Z', 'age': 9}, 'phone': '(770) 458-0920', 'cell': '(640) 704-2321', 'id': {'name': 'SSN', 'value': '740-07-9234'}, 'picture': {'large': 'https://randomuser.me/api/portraits/men/26.jpg', 'medium': 'https://randomuser.me/api/portraits/med/men/26.jpg', 'thumbnail': 'https://randomuser.me/api/portraits/thumb/men/26.jpg'}, 'nat': 'US'}</msg>
<arg>${json_data['results'][0]}</arg>
<doc>Logs the given message with the given level.</doc>
<status status="PASS" start="2024-06-20T20:15:37.524594" elapsed="0.000401"/>
</kw>
<kw name="Log" owner="BuiltIn">
<msg time="2024-06-20T20:15:37.525433" level="INFO">login</msg>
<arg>${key}</arg>
<doc>Logs the given message with the given level.</doc>
<status status="PASS" start="2024-06-20T20:15:37.525304" elapsed="0.000177"/>
</kw>
<var name="${key}">login</var>
<status status="PASS" start="2024-06-20T20:15:37.523867" elapsed="0.001844"/>
</iter>
<var>${key}</var>
<value>@{expected_keys}</value>
<status status="PASS" start="2024-06-20T20:15:37.515819" elapsed="0.010012"/>
</for>
<kw name="Create List" owner="BuiltIn">
<msg time="2024-06-20T20:15:37.526162" level="INFO">${expected_keysTwo} = ['username', 'password']</msg>
<var>${expected_keysTwo}</var>
<arg>username</arg>
<arg>password</arg>
<doc>Returns a list containing given items.</doc>
<status status="PASS" start="2024-06-20T20:15:37.526019" elapsed="0.000194"/>
</kw>
<for flavor="IN">
<iter>
<kw name="Dictionary Should Contain Key" owner="Collections">
<arg>${json_data['results'][0]['login']}</arg>
<arg>${keyTwo}</arg>
<doc>Fails if ``key`` is not found from ``dictionary``.</doc>
<status status="PASS" start="2024-06-20T20:15:37.526711" elapsed="0.000416"/>
</kw>
<kw name="Dictionary Should Contain Key" owner="Collections">
<arg>${json_data['results'][0]['login']}</arg>
<arg>${keyTwo}</arg>
<doc>Fails if ``key`` is not found from ``dictionary``.</doc>
<status status="PASS" start="2024-06-20T20:15:37.527338" elapsed="0.000373"/>
</kw>
<kw name="Log" owner="BuiltIn">
<msg time="2024-06-20T20:15:37.528006" level="INFO">username</msg>
<arg>${keyTwo}</arg>
<doc>Logs the given message with the given level.</doc>
<status status="PASS" start="2024-06-20T20:15:37.527888" elapsed="0.000155"/>
</kw>
<var name="${keyTwo}">username</var>
<status status="PASS" start="2024-06-20T20:15:37.526604" elapsed="0.001681"/>
</iter>
<iter>
<kw name="Dictionary Should Contain Key" owner="Collections">
<arg>${json_data['results'][0]['login']}</arg>
<arg>${keyTwo}</arg>
<doc>Fails if ``key`` is not found from ``dictionary``.</doc>
<status status="PASS" start="2024-06-20T20:15:37.528565" elapsed="0.000389"/>
</kw>
<kw name="Dictionary Should Contain Key" owner="Collections">
<arg>${json_data['results'][0]['login']}</arg>
<arg>${keyTwo}</arg>
<doc>Fails if ``key`` is not found from ``dictionary``.</doc>
<status status="PASS" start="2024-06-20T20:15:37.529133" elapsed="0.000382"/>
</kw>
<kw name="Log" owner="BuiltIn">
<msg time="2024-06-20T20:15:37.529808" level="INFO">password</msg>
<arg>${keyTwo}</arg>
<doc>Logs the given message with the given level.</doc>
<status status="PASS" start="2024-06-20T20:15:37.529690" elapsed="0.000155"/>
</kw>
<var name="${keyTwo}">password</var>
<status status="PASS" start="2024-06-20T20:15:37.528460" elapsed="0.001691"/>
</iter>
<var>${keyTwo}</var>
<value>@{expected_keysTwo}</value>
<status status="PASS" start="2024-06-20T20:15:37.526454" elapsed="0.003826"/>
</for>
<status status="PASS" start="2024-06-20T20:15:37.409704" elapsed="0.120713"/>
</kw>
<doc>Testa a estrutura da resposta da API.</doc>
<tag>testeEstruturaResposta</tag>
<status status="PASS" start="2024-06-20T20:15:37.409228" elapsed="0.121330"/>
</test>
<test id="s1-s1-t4" name="Validar tipos de dados" line="28">
<kw name="Teste de Tipos de Dados" owner="random-user-service">
<kw name="GET On Session" owner="RequestsLibrary">
<msg time="2024-06-20T20:15:37.641720" level="INFO">GET Request : url=https://randomuser.me/api 
 path_url=/api 
 headers={'User-Agent': 'python-requests/2.32.3', 'Accept-Encoding': 'gzip, deflate', 'Accept': '*/*', 'Connection': 'keep-alive'} 
 body=None 
 </msg>
<msg time="2024-06-20T20:15:37.641803" level="INFO">GET Response : url=https://randomuser.me/api 
 status=200, reason=OK 
 headers={'Date': 'Thu, 20 Jun 2024 20:15:37 GMT', 'Content-Type': 'application/json; charset=utf-8', 'Transfer-Encoding': 'chunked', 'Connection': 'keep-alive', 'X-Powered-By': 'Express', 'Access-Control-Allow-Origin': '*', 'Cache-Control': 'no-cache', 'ETag': 'W/"483-04MyuaKyM0HGFn1oPIukw72oQeI"', 'Vary': 'Accept-Encoding', 'Content-Encoding': 'gzip', 'CF-Cache-Status': 'DYNAMIC', 'Report-To': '{"endpoints":[{"url":"https:\\/\\/a.nel.cloudflare.com\\/report\\/v4?s=DqsCztGL7Pn7Ez%2BtVbrTzu3a6QTW418tKPDf3aWGyPSornE3UTE1UbLqnTgykYbWCRWucbzN3QDm%2Bq8fSpvB9mgWpMNT19oW6IElJn%2FseZF1SBt%2FP6S1qFaByDLRkTPt"}],"group":"cf-nel","max_age":604800}', 'NEL': '{"success_fraction":0,"report_to":"cf-nel","max_age":604800}', 'Server': 'cloudflare', 'CF-RAY': '896e6e939c3a2f46-LAX', 'alt-svc': 'h3=":443"; ma=86400'} 
 body={"results":[{"gender":"male","name":{"title":"Mr","first":"Jesse","last":"Jokinen"},"location":{"street":{"number":9371,"name":"Hatanpään Valtatie"},"city":"Suomenniemi","state":"Satakunta","country":"Finland","postcode":41691,"coordinates":{"latitude":"-23.9093","longitude":"-159.6396"},"timezone":{"offset":"+4:30","description":"Kabul"}},"email":"jesse.jokinen@example.com","login":{"uuid":"53ae2da5-a86e-4080-b936-7419a8c342db","username":"bluegorilla542","password":"mnbvcxz","salt":"PFA5cIa7","md5":"b73abbd69319e2d42dddd3097aa73300","sha1":"af119199dbc44699210fbdcbc59ed692634e474a","sha256":"90fd018430f9b6a7e9cb1cee52470df22bf2c6d035a8a5c7e6b1af31d6b1e025"},"dob":{"date":"1961-06-25T06:53:01.596Z","age":62},"registered":{"date":"2004-07-07T13:31:07.912Z","age":19},"phone":"07-572-218","cell":"047-267-00-24","id":{"name":"HETU","value":"NaNNA175undefined"},"picture":{"large":"https://randomuser.me/api/portraits/men/61.jpg","medium":"https://randomuser.me/api/portraits/med/men/61.jpg","thumbnail":"https://randomuser.me/api/portraits/thumb/men/61.jpg"},"nat":"FI"}],"info":{"seed":"0529f1da3ed323a6","results":1,"page":1,"version":"1.4"}} 
 </msg>
<msg time="2024-06-20T20:15:37.641873" level="INFO">/opt/hostedtoolcache/Python/3.12.4/x64/lib/python3.12/site-packages/urllib3/connectionpool.py:1099: InsecureRequestWarning: Unverified HTTPS request is being made to host 'randomuser.me'. Adding certificate verification is strongly advised. See: https://urllib3.readthedocs.io/en/latest/advanced-usage.html#tls-warnings
  warnings.warn(</msg>
<msg time="2024-06-20T20:15:37.641992" level="INFO">${response} = &lt;Response [200]&gt;</msg>
<var>${response}</var>
<arg>consultarAPI</arg>
<arg>/api</arg>
<doc>Sends a GET request on a previously created HTTP Session.</doc>
<status status="PASS" start="2024-06-20T20:15:37.532973" elapsed="0.109071"/>
</kw>
<kw name="Set Variable" owner="BuiltIn">
<msg time="2024-06-20T20:15:37.643176" level="INFO">${json_data} = {'results': [{'gender': 'male', 'name': {'title': 'Mr', 'first': 'Jesse', 'last': 'Jokinen'}, 'location': {'street': {'number': 9371, 'name': 'Hatanpään Valtatie'}, 'city': 'Suomenniemi', 'state': 'Sa...</msg>
<var>${json_data}</var>
<arg>${response.json()}</arg>
<doc>Returns the given values which can then be assigned to a variables.</doc>
<status status="PASS" start="2024-06-20T20:15:37.642612" elapsed="0.000594"/>
</kw>
<kw name="Log" owner="BuiltIn">
<msg time="2024-06-20T20:15:37.643672" level="INFO">{'results': [{'gender': 'male', 'name': {'title': 'Mr', 'first': 'Jesse', 'last': 'Jokinen'}, 'location': {'street': {'number': 9371, 'name': 'Hatanpään Valtatie'}, 'city': 'Suomenniemi', 'state': 'Satakunta', 'country': 'Finland', 'postcode': 41691, 'coordinates': {'latitude': '-23.9093', 'longitude': '-159.6396'}, 'timezone': {'offset': '+4:30', 'description': 'Kabul'}}, 'email': 'jesse.jokinen@example.com', 'login': {'uuid': '53ae2da5-a86e-4080-b936-7419a8c342db', 'username': 'bluegorilla542', 'password': 'mnbvcxz', 'salt': 'PFA5cIa7', 'md5': 'b73abbd69319e2d42dddd3097aa73300', 'sha1': 'af119199dbc44699210fbdcbc59ed692634e474a', 'sha256': '90fd018430f9b6a7e9cb1cee52470df22bf2c6d035a8a5c7e6b1af31d6b1e025'}, 'dob': {'date': '1961-06-25T06:53:01.596Z', 'age': 62}, 'registered': {'date': '2004-07-07T13:31:07.912Z', 'age': 19}, 'phone': '07-572-218', 'cell': '047-267-00-24', 'id': {'name': 'HETU', 'value': 'NaNNA175undefined'}, 'picture': {'large': 'https://randomuser.me/api/portraits/men/61.jpg', 'medium': 'https://randomuser.me/api/portraits/med/men/61.jpg', 'thumbnail': 'https://randomuser.me/api/portraits/thumb/men/61.jpg'}, 'nat': 'FI'}], 'info': {'seed': '0529f1da3ed323a6', 'results': 1, 'page': 1, 'version': '1.4'}}</msg>
<arg>${json_data}</arg>
<doc>Logs the given message with the given level.</doc>
<status status="PASS" start="2024-06-20T20:15:37.643517" elapsed="0.000204"/>
</kw>
<kw name="Should Be String" owner="String">
<arg>${json_data['results'][0]['gender']}</arg>
<doc>Fails if the given ``item`` is not a string.</doc>
<status status="PASS" start="2024-06-20T20:15:37.644014" elapsed="0.000419"/>
</kw>
<kw name="Should Match Regexp" owner="BuiltIn">
<arg>${json_data['results'][0]['email']}</arg>
<arg>^[a-zA-Z0-9._%+-]+@[a-zA-Z0-9.-]+\.[a-zA-Z]{2,}$</arg>
<doc>Fails if ``string`` does not match ``pattern`` as a regular expression.</doc>
<status status="PASS" start="2024-06-20T20:15:37.644624" elapsed="0.000527"/>
</kw>
<kw name="Should Match Regexp" owner="BuiltIn">
<arg>${json_data['results'][0]['dob']['date']}</arg>
<arg>\\d{4}-\\d{2}-\\d{2}T\\d{2}:\\d{2}:\\d{2}\\.\\d{3}Z</arg>
<doc>Fails if ``string`` does not match ``pattern`` as a regular expression.</doc>
<status status="PASS" start="2024-06-20T20:15:37.645384" elapsed="0.000491"/>
</kw>
<kw name="Should Match Regexp" owner="BuiltIn">
<arg>${json_data['results'][0]['registered']['date']}</arg>
<arg>\\d{4}-\\d{2}-\\d{2}T\\d{2}:\\d{2}:\\d{2}\\.\\d{3}Z</arg>
<doc>Fails if ``string`` does not match ``pattern`` as a regular expression.</doc>
<status status="PASS" start="2024-06-20T20:15:37.646065" elapsed="0.000376"/>
</kw>
<kw name="Should Match Regexp" owner="BuiltIn">
<arg>${json_data['results'][0]['picture']['large']}</arg>
<arg>^https?://.*\.(?:png|jpe?g|gif|bmp)$</arg>
<doc>Fails if ``string`` does not match ``pattern`` as a regular expression.</doc>
<status status="PASS" start="2024-06-20T20:15:37.646642" elapsed="0.000465"/>
</kw>
<kw name="Should Match Regexp" owner="BuiltIn">
<arg>${json_data['results'][0]['picture']['medium']}</arg>
<arg>^https?://.*\.(?:png|jpe?g|gif|bmp)$</arg>
<doc>Fails if ``string`` does not match ``pattern`` as a regular expression.</doc>
<status status="PASS" start="2024-06-20T20:15:37.647298" elapsed="0.000358"/>
</kw>
<kw name="Should Match Regexp" owner="BuiltIn">
<arg>${json_data['results'][0]['picture']['thumbnail']}</arg>
<arg>^https?://.*\.(?:png|jpe?g|gif|bmp)$</arg>
<doc>Fails if ``string`` does not match ``pattern`` as a regular expression.</doc>
<status status="PASS" start="2024-06-20T20:15:37.647843" elapsed="0.000348"/>
</kw>
<kw name="Log" owner="BuiltIn">
<msg time="2024-06-20T20:15:37.648734" level="INFO">{'large': 'https://randomuser.me/api/portraits/men/61.jpg', 'medium': 'https://randomuser.me/api/portraits/med/men/61.jpg', 'thumbnail': 'https://randomuser.me/api/portraits/thumb/men/61.jpg'}</msg>
<arg>${json_data['results'][0]['picture']}</arg>
<doc>Logs the given message with the given level.</doc>
<status status="PASS" start="2024-06-20T20:15:37.648404" elapsed="0.000373"/>
</kw>
<status status="PASS" start="2024-06-20T20:15:37.532758" elapsed="0.116271"/>
</kw>
<kw name="Teste de Tipos de Dados - Postcode" owner="random-user-service">
<kw name="GET On Session" owner="RequestsLibrary">
<msg time="2024-06-20T20:15:37.754458" level="INFO">GET Request : url=https://randomuser.me/api 
 path_url=/api 
 headers={'User-Agent': 'python-requests/2.32.3', 'Accept-Encoding': 'gzip, deflate', 'Accept': '*/*', 'Connection': 'keep-alive'} 
 body=None 
 </msg>
<msg time="2024-06-20T20:15:37.754548" level="INFO">GET Response : url=https://randomuser.me/api 
 status=200, reason=OK 
 headers={'Date': 'Thu, 20 Jun 2024 20:15:37 GMT', 'Content-Type': 'application/json; charset=utf-8', 'Transfer-Encoding': 'chunked', 'Connection': 'keep-alive', 'X-Powered-By': 'Express', 'Access-Control-Allow-Origin': '*', 'Cache-Control': 'no-cache', 'ETag': 'W/"480-VYazoy/dZafAo3S5bRHTyYgErZ8"', 'Vary': 'Accept-Encoding', 'Content-Encoding': 'gzip', 'CF-Cache-Status': 'DYNAMIC', 'Report-To': '{"endpoints":[{"url":"https:\\/\\/a.nel.cloudflare.com\\/report\\/v4?s=trrvau%2Flw00DLrU7c2UsyWwpS5weNvEnkS5sMh3AckU3UmDORlDjmPY6CycGSuKQIHLA%2BoLUsOMIap82LTZa500iI6iIENUpJGXlPr55oeWJsuF9sdhgZuidcKf%2BRJe9"}],"group":"cf-nel","max_age":604800}', 'NEL': '{"success_fraction":0,"report_to":"cf-nel","max_age":604800}', 'Server': 'cloudflare', 'CF-RAY': '896e6e945d182f46-LAX', 'alt-svc': 'h3=":443"; ma=86400'} 
 body={"results":[{"gender":"male","name":{"title":"Mr","first":"Nikolaj","last":"Johansen"},"location":{"street":{"number":4777,"name":"Jasminvej"},"city":"Pandrup","state":"Midtjylland","country":"Denmark","postcode":16838,"coordinates":{"latitude":"-44.0671","longitude":"-19.3486"},"timezone":{"offset":"-11:00","description":"Midway Island, Samoa"}},"email":"nikolaj.johansen@example.com","login":{"uuid":"a4076951-8910-416b-b9b6-b716d2319a1a","username":"silvergorilla719","password":"michigan","salt":"HLebhAQ7","md5":"f3c94d22bb5f9d7a069f7dddda2e42ba","sha1":"a1a8fa66eab4a196bd575ce069c4af3f57eb39d2","sha256":"47a58b71426e21d115d8b24a3c1996d1b84feab140093f0c85c464df6db8f89c"},"dob":{"date":"1970-04-13T23:12:26.314Z","age":54},"registered":{"date":"2004-03-14T14:44:08.722Z","age":20},"phone":"81216606","cell":"39158442","id":{"name":"CPR","value":"130470-4034"},"picture":{"large":"https://randomuser.me/api/portraits/men/41.jpg","medium":"https://randomuser.me/api/portraits/med/men/41.jpg","thumbnail":"https://randomuser.me/api/portraits/thumb/men/41.jpg"},"nat":"DK"}],"info":{"seed":"ecb77cde5da002bd","results":1,"page":1,"version":"1.4"}} 
 </msg>
<msg time="2024-06-20T20:15:37.754617" level="INFO">/opt/hostedtoolcache/Python/3.12.4/x64/lib/python3.12/site-packages/urllib3/connectionpool.py:1099: InsecureRequestWarning: Unverified HTTPS request is being made to host 'randomuser.me'. Adding certificate verification is strongly advised. See: https://urllib3.readthedocs.io/en/latest/advanced-usage.html#tls-warnings
  warnings.warn(</msg>
<msg time="2024-06-20T20:15:37.754733" level="INFO">${response} = &lt;Response [200]&gt;</msg>
<var>${response}</var>
<arg>consultarAPI</arg>
<arg>/api</arg>
<doc>Sends a GET request on a previously created HTTP Session.</doc>
<status status="PASS" start="2024-06-20T20:15:37.649454" elapsed="0.105335"/>
</kw>
<kw name="Set Variable" owner="BuiltIn">
<msg time="2024-06-20T20:15:37.755795" level="INFO">${json_data} = {'results': [{'gender': 'male', 'name': {'title': 'Mr', 'first': 'Nikolaj', 'last': 'Johansen'}, 'location': {'street': {'number': 4777, 'name': 'Jasminvej'}, 'city': 'Pandrup', 'state': 'Midtjylland'...</msg>
<var>${json_data}</var>
<arg>${response.json()}</arg>
<doc>Returns the given values which can then be assigned to a variables.</doc>
<status status="PASS" start="2024-06-20T20:15:37.755240" elapsed="0.000583"/>
</kw>
<kw name="Log" owner="BuiltIn">
<msg time="2024-06-20T20:15:37.756316" level="INFO">{'results': [{'gender': 'male', 'name': {'title': 'Mr', 'first': 'Nikolaj', 'last': 'Johansen'}, 'location': {'street': {'number': 4777, 'name': 'Jasminvej'}, 'city': 'Pandrup', 'state': 'Midtjylland', 'country': 'Denmark', 'postcode': 16838, 'coordinates': {'latitude': '-44.0671', 'longitude': '-19.3486'}, 'timezone': {'offset': '-11:00', 'description': 'Midway Island, Samoa'}}, 'email': 'nikolaj.johansen@example.com', 'login': {'uuid': 'a4076951-8910-416b-b9b6-b716d2319a1a', 'username': 'silvergorilla719', 'password': 'michigan', 'salt': 'HLebhAQ7', 'md5': 'f3c94d22bb5f9d7a069f7dddda2e42ba', 'sha1': 'a1a8fa66eab4a196bd575ce069c4af3f57eb39d2', 'sha256': '47a58b71426e21d115d8b24a3c1996d1b84feab140093f0c85c464df6db8f89c'}, 'dob': {'date': '1970-04-13T23:12:26.314Z', 'age': 54}, 'registered': {'date': '2004-03-14T14:44:08.722Z', 'age': 20}, 'phone': '81216606', 'cell': '39158442', 'id': {'name': 'CPR', 'value': '130470-4034'}, 'picture': {'large': 'https://randomuser.me/api/portraits/men/41.jpg', 'medium': 'https://randomuser.me/api/portraits/med/men/41.jpg', 'thumbnail': 'https://randomuser.me/api/portraits/thumb/men/41.jpg'}, 'nat': 'DK'}], 'info': {'seed': 'ecb77cde5da002bd', 'results': 1, 'page': 1, 'version': '1.4'}}</msg>
<arg>${json_data}</arg>
<doc>Logs the given message with the given level.</doc>
<status status="PASS" start="2024-06-20T20:15:37.756125" elapsed="0.000240"/>
</kw>
<kw name="Should Be Equal As Numbers" owner="BuiltIn">
<arg>${json_data['results'][0]['location']['postcode']}</arg>
<arg>${json_data['results'][0]['location']['postcode']}</arg>
<doc>Fails if objects are unequal after converting them to real numbers.</doc>
<status status="PASS" start="2024-06-20T20:15:37.756663" elapsed="0.000607"/>
</kw>
<kw name="Log" owner="BuiltIn">
<msg time="2024-06-20T20:15:37.757909" level="INFO">16838</msg>
<arg>${json_data['results'][0]['location']['postcode']}</arg>
<doc>Logs the given message with the given level.</doc>
<status status="PASS" start="2024-06-20T20:15:37.757455" elapsed="0.000495"/>
</kw>
<status status="PASS" start="2024-06-20T20:15:37.649238" elapsed="0.108992"/>
</kw>
<doc>Testa se os tipos de dados na resposta da API estão corretos.</doc>
<tag>testeTiposDados</tag>
<status status="PASS" start="2024-06-20T20:15:37.532308" elapsed="0.226078"/>
</test>
<test id="s1-s1-t5" name="Validar conteudo" line="35">
<kw name="Teste de Tipos de Conteudo" owner="random-user-service">
<kw name="GET On Session" owner="RequestsLibrary">
<msg time="2024-06-20T20:15:37.863944" level="INFO">GET Request : url=https://randomuser.me/api 
 path_url=/api 
 headers={'User-Agent': 'python-requests/2.32.3', 'Accept-Encoding': 'gzip, deflate', 'Accept': '*/*', 'Connection': 'keep-alive'} 
 body=None 
 </msg>
<msg time="2024-06-20T20:15:37.864022" level="INFO">GET Response : url=https://randomuser.me/api 
 status=200, reason=OK 
 headers={'Date': 'Thu, 20 Jun 2024 20:15:37 GMT', 'Content-Type': 'application/json; charset=utf-8', 'Transfer-Encoding': 'chunked', 'Connection': 'keep-alive', 'X-Powered-By': 'Express', 'Access-Control-Allow-Origin': '*', 'Cache-Control': 'no-cache', 'ETag': 'W/"49c-XZ0/RjV58p8iIUiP1f4PufVkRRs"', 'Vary': 'Accept-Encoding', 'Content-Encoding': 'gzip', 'CF-Cache-Status': 'DYNAMIC', 'Report-To': '{"endpoints":[{"url":"https:\\/\\/a.nel.cloudflare.com\\/report\\/v4?s=CAbo3vacHgl3uWYFEdAPYP5YPBlXi81gdz70Bxlve%2Bx%2Fnb59S%2F0RarZQUJ0T9q3IeBSjQIOiOwzPVTvXj4MMWjq25SxGXXL4rzQxFq%2Foy9OSRFUfNsZYreezi5N5qcXW"}],"group":"cf-nel","max_age":604800}', 'NEL': '{"success_fraction":0,"report_to":"cf-nel","max_age":604800}', 'Server': 'cloudflare', 'CF-RAY': '896e6e950e322f46-LAX', 'alt-svc': 'h3=":443"; ma=86400'} 
 body={"results":[{"gender":"female","name":{"title":"Ms","first":"Etelvina","last":"Martins"},"location":{"street":{"number":4549,"name":"Rua Mato Grosso "},"city":"Ji-Paraná","state":"Amapá","country":"Brazil","postcode":94758,"coordinates":{"latitude":"-76.7873","longitude":"70.7578"},"timezone":{"offset":"+4:00","description":"Abu Dhabi, Muscat, Baku, Tbilisi"}},"email":"etelvina.martins@example.com","login":{"uuid":"48d97671-f182-4f89-8d80-d1fc020310a6","username":"angrysnake172","password":"ludwig","salt":"hGi8HJcZ","md5":"87c072b423336a3c3d4958791a0f269f","sha1":"661047fa9617ddd01d4132202bdef9d1a7a7d30c","sha256":"9010f54cccc968dfc37e63ac9291ddbb246dbc26f7160d2bb5a1419fa5e4ff8c"},"dob":{"date":"1999-11-01T20:10:41.376Z","age":24},"registered":{"date":"2017-11-11T02:06:46.037Z","age":6},"phone":"(10) 1006-3680","cell":"(33) 4191-5573","id":{"name":"CPF","value":"140.531.283-24"},"picture":{"large":"https://randomuser.me/api/portraits/women/1.jpg","medium":"https://randomuser.me/api/portraits/med/women/1.jpg","thumbnail":"https://randomuser.me/api/portraits/thumb/women/1.jpg"},"nat":"BR"}],"info":{"seed":"aee7aa05605fb190","results":1,"page":1,"version":"1.4"}} 
 </msg>
<msg time="2024-06-20T20:15:37.864079" level="INFO">/opt/hostedtoolcache/Python/3.12.4/x64/lib/python3.12/site-packages/urllib3/connectionpool.py:1099: InsecureRequestWarning: Unverified HTTPS request is being made to host 'randomuser.me'. Adding certificate verification is strongly advised. See: https://urllib3.readthedocs.io/en/latest/advanced-usage.html#tls-warnings
  warnings.warn(</msg>
<msg time="2024-06-20T20:15:37.864168" level="INFO">${response} = &lt;Response [200]&gt;</msg>
<var>${response}</var>
<arg>consultarAPI</arg>
<arg>/api</arg>
<doc>Sends a GET request on a previously created HTTP Session.</doc>
<status status="PASS" start="2024-06-20T20:15:37.761645" elapsed="0.102563"/>
</kw>
<kw name="Set Variable" owner="BuiltIn">
<msg time="2024-06-20T20:15:37.865229" level="INFO">${json_data} = {'results': [{'gender': 'female', 'name': {'title': 'Ms', 'first': 'Etelvina', 'last': 'Martins'}, 'location': {'street': {'number': 4549, 'name': 'Rua Mato Grosso '}, 'city': 'Ji-Paraná', 'state': 'A...</msg>
<var>${json_data}</var>
<arg>${response.json()}</arg>
<doc>Returns the given values which can then be assigned to a variables.</doc>
<status status="PASS" start="2024-06-20T20:15:37.864680" elapsed="0.000578"/>
</kw>
<kw name="Set Variable" owner="BuiltIn">
<msg time="2024-06-20T20:15:37.865935" level="INFO">${name_title} = Ms</msg>
<var>${name_title}</var>
<arg>${json_data["results"][0]["name"]["title"]}</arg>
<doc>Returns the given values which can then be assigned to a variables.</doc>
<status status="PASS" start="2024-06-20T20:15:37.865560" elapsed="0.000401"/>
</kw>
<kw name="Create List" owner="BuiltIn">
<msg time="2024-06-20T20:15:37.866400" level="INFO">${allowed_titles} = ['Mr', 'Ms', 'Miss', 'Mrs', 'Madame', 'Monsieur']</msg>
<var>${allowed_titles}</var>
<arg>Mr</arg>
<arg>Ms</arg>
<arg>Miss</arg>
<arg>Mrs</arg>
<arg>Madame</arg>
<arg>Monsieur</arg>
<doc>Returns a list containing given items.</doc>
<status status="PASS" start="2024-06-20T20:15:37.866254" elapsed="0.000171"/>
</kw>
<kw name="List Should Contain Value" owner="Collections">
<arg>${allowed_titles}</arg>
<arg>${name_title}</arg>
<doc>Fails if the ``value`` is not found from ``list``.</doc>
<status status="PASS" start="2024-06-20T20:15:37.866736" elapsed="0.000182"/>
</kw>
<kw name="Set Variable" owner="BuiltIn">
<msg time="2024-06-20T20:15:37.867473" level="INFO">${name_country} = BR</msg>
<var>${name_country}</var>
<arg>${json_data["results"][0]["nat"]}</arg>
<doc>Returns the given values which can then be assigned to a variables.</doc>
<status status="PASS" start="2024-06-20T20:15:37.867094" elapsed="0.000404"/>
</kw>
<kw name="Create List" owner="BuiltIn">
<msg time="2024-06-20T20:15:37.868421" level="INFO">${list_country} = ['AD', 'AE', 'AF', 'AG', 'AI', 'AL', 'AM', 'AO', 'AQ', 'AR', 'AS', 'AT', 'AU', 'AW', 'AX', 'AZ', 'BA', 'BB', 'BD', 'BE', 'BF', 'BG', 'BH', 'BI', 'BJ', 'BL', 'BM', 'BN', 'BO', 'BQ', 'BR', 'BS', 'BT', '...</msg>
<var>${list_country}</var>
<arg>AD</arg>
<arg>AE</arg>
<arg>AF</arg>
<arg>AG</arg>
<arg>AI</arg>
<arg>AL</arg>
<arg>AM</arg>
<arg>AO</arg>
<arg>AQ</arg>
<arg>AR</arg>
<arg>AS</arg>
<arg>AT</arg>
<arg>AU</arg>
<arg>AW</arg>
<arg>AX</arg>
<arg>AZ</arg>
<arg>BA</arg>
<arg>BB</arg>
<arg>BD</arg>
<arg>BE</arg>
<arg>BF</arg>
<arg>BG</arg>
<arg>BH</arg>
<arg>BI</arg>
<arg>BJ</arg>
<arg>BL</arg>
<arg>BM</arg>
<arg>BN</arg>
<arg>BO</arg>
<arg>BQ</arg>
<arg>BR</arg>
<arg>BS</arg>
<arg>BT</arg>
<arg>BV</arg>
<arg>BW</arg>
<arg>BY</arg>
<arg>BZ</arg>
<arg>CA</arg>
<arg>CC</arg>
<arg>CD</arg>
<arg>CF</arg>
<arg>CG</arg>
<arg>CH</arg>
<arg>CI</arg>
<arg>CK</arg>
<arg>CL</arg>
<arg>CM</arg>
<arg>CN</arg>
<arg>CO</arg>
<arg>CR</arg>
<arg>CU</arg>
<arg>CV</arg>
<arg>CW</arg>
<arg>CX</arg>
<arg>CY</arg>
<arg>CZ</arg>
<arg>DE</arg>
<arg>DJ</arg>
<arg>DK</arg>
<arg>DM</arg>
<arg>DO</arg>
<arg>DZ</arg>
<arg>EC</arg>
<arg>EE</arg>
<arg>EG</arg>
<arg>EH</arg>
<arg>ER</arg>
<arg>ES</arg>
<arg>ET</arg>
<arg>FI</arg>
<arg>FJ</arg>
<arg>FK</arg>
<arg>FM</arg>
<arg>FO</arg>
<arg>FR</arg>
<arg>GA</arg>
<arg>GB</arg>
<arg>GD</arg>
<arg>GE</arg>
<arg>GF</arg>
<arg>GG</arg>
<arg>GH</arg>
<arg>GI</arg>
<arg>GL</arg>
<arg>GM</arg>
<arg>GN</arg>
<arg>GP</arg>
<arg>GQ</arg>
<arg>GR</arg>
<arg>GS</arg>
<arg>GT</arg>
<arg>GU</arg>
<arg>GW</arg>
<arg>GY</arg>
<arg>HK</arg>
<arg>HM</arg>
<arg>HN</arg>
<arg>HR</arg>
<arg>HT</arg>
<arg>HU</arg>
<arg>ID</arg>
<arg>IE</arg>
<arg>IL</arg>
<arg>IM</arg>
<arg>IN</arg>
<arg>IO</arg>
<arg>IQ</arg>
<arg>IR</arg>
<arg>IS</arg>
<arg>IT</arg>
<arg>JE</arg>
<arg>JM</arg>
<arg>JO</arg>
<arg>JP</arg>
<arg>KE</arg>
<arg>KG</arg>
<arg>KH</arg>
<arg>KI</arg>
<arg>KM</arg>
<arg>KN</arg>
<arg>KP</arg>
<arg>KR</arg>
<arg>KW</arg>
<arg>KY</arg>
<arg>KZ</arg>
<arg>LA</arg>
<arg>LB</arg>
<arg>LC</arg>
<arg>LI</arg>
<arg>LK</arg>
<arg>LR</arg>
<arg>LS</arg>
<arg>LT</arg>
<arg>LU</arg>
<arg>LV</arg>
<arg>LY</arg>
<arg>MA</arg>
<arg>MC</arg>
<arg>MD</arg>
<arg>ME</arg>
<arg>MF</arg>
<arg>MG</arg>
<arg>MH</arg>
<arg>MK</arg>
<arg>ML</arg>
<arg>MM</arg>
<arg>MN</arg>
<arg>MO</arg>
<arg>MP</arg>
<arg>MQ</arg>
<arg>MR</arg>
<arg>MS</arg>
<arg>MT</arg>
<arg>MU</arg>
<arg>MV</arg>
<arg>MW</arg>
<arg>MX</arg>
<arg>MY</arg>
<arg>MZ</arg>
<arg>NA</arg>
<arg>NC</arg>
<arg>NE</arg>
<arg>NF</arg>
<arg>NG</arg>
<arg>NI</arg>
<arg>NL</arg>
<arg>NO</arg>
<arg>NP</arg>
<arg>NR</arg>
<arg>NU</arg>
<arg>NZ</arg>
<arg>OM</arg>
<arg>PA</arg>
<arg>PE</arg>
<arg>PF</arg>
<arg>PG</arg>
<arg>PH</arg>
<arg>PK</arg>
<arg>PL</arg>
<arg>PM</arg>
<arg>PN</arg>
<arg>PR</arg>
<arg>PS</arg>
<arg>PT</arg>
<arg>PW</arg>
<arg>PY</arg>
<arg>QA</arg>
<arg>RE</arg>
<arg>RO</arg>
<arg>RS</arg>
<arg>RU</arg>
<arg>RW</arg>
<arg>SA</arg>
<arg>SB</arg>
<arg>SC</arg>
<arg>SD</arg>
<arg>SE</arg>
<arg>SG</arg>
<arg>SH</arg>
<arg>SI</arg>
<arg>SJ</arg>
<arg>SK</arg>
<arg>SL</arg>
<arg>SM</arg>
<arg>SN</arg>
<arg>SO</arg>
<arg>SR</arg>
<arg>SS</arg>
<arg>ST</arg>
<arg>SV</arg>
<arg>SX</arg>
<arg>SY</arg>
<arg>SZ</arg>
<arg>TC</arg>
<arg>TD</arg>
<arg>TF</arg>
<arg>TG</arg>
<arg>TH</arg>
<arg>TJ</arg>
<arg>TK</arg>
<arg>TL</arg>
<arg>TM</arg>
<arg>TN</arg>
<arg>TO</arg>
<arg>TR</arg>
<arg>TT</arg>
<arg>TV</arg>
<arg>TW</arg>
<arg>TZ</arg>
<arg>UA</arg>
<arg>UG</arg>
<arg>UM</arg>
<arg>US</arg>
<arg>UY</arg>
<arg>UZ</arg>
<arg>VA</arg>
<arg>VC</arg>
<arg>VE</arg>
<arg>VG</arg>
<arg>VI</arg>
<arg>VN</arg>
<arg>VU</arg>
<arg>WF</arg>
<arg>WS</arg>
<arg>XK</arg>
<arg>YE</arg>
<arg>YT</arg>
<arg>ZA</arg>
<arg>ZM</arg>
<arg>ZW</arg>
<doc>Returns a list containing given items.</doc>
<status status="PASS" start="2024-06-20T20:15:37.867783" elapsed="0.000666"/>
</kw>
<kw name="List Should Contain Value" owner="Collections">
<arg>${list_country}</arg>
<arg>${name_country}</arg>
<doc>Fails if the ``value`` is not found from ``list``.</doc>
<status status="PASS" start="2024-06-20T20:15:37.869247" elapsed="0.000203"/>
</kw>
<kw name="Run Keyword If" owner="BuiltIn">
<kw name="Should Be True" owner="BuiltIn">
<arg>${True}</arg>
<doc>Fails if the given condition is not true.</doc>
<status status="PASS" start="2024-06-20T20:15:37.870376" elapsed="0.000141"/>
</kw>
<arg>${json_data["results"][0]["location"]["coordinates"]["latitude"]} &gt;= -90 and ${json_data["results"][0]["location"]["coordinates"]["latitude"]} &lt;= 90</arg>
<arg>Should Be True</arg>
<arg>${True}</arg>
<doc>Runs the given keyword with the given arguments, if ``condition`` is true.</doc>
<status status="PASS" start="2024-06-20T20:15:37.869645" elapsed="0.000997"/>
</kw>
<kw name="Run Keyword If" owner="BuiltIn">
<kw name="Should Be True" owner="BuiltIn">
<arg>${True}</arg>
<doc>Fails if the given condition is not true.</doc>
<status status="PASS" start="2024-06-20T20:15:37.871509" elapsed="0.000237"/>
</kw>
<arg>${json_data["results"][0]["location"]["coordinates"]["longitude"]} &gt;= -180 and ${json_data["results"][0]["location"]["coordinates"]["longitude"]} &lt;= 180</arg>
<arg>Should Be True</arg>
<arg>${True}</arg>
<doc>Runs the given keyword with the given arguments, if ``condition`` is true.</doc>
<status status="PASS" start="2024-06-20T20:15:37.870823" elapsed="0.001049"/>
</kw>
<status status="PASS" start="2024-06-20T20:15:37.761283" elapsed="0.110716"/>
</kw>
<doc>Testa o conteúdo específico dos campos retornados pela API.</doc>
<tag>testeConteudo</tag>
<status status="PASS" start="2024-06-20T20:15:37.760614" elapsed="0.111525"/>
</test>
<status status="PASS" start="2024-06-20T20:15:36.878734" elapsed="0.995413"/>
</suite>
<status status="PASS" start="2024-06-20T20:15:36.863572" elapsed="1.015814"/>
</suite>
<statistics>
<total>
<stat pass="5" fail="0" skip="0">All Tests</stat>
</total>
<tag>
<stat pass="1" fail="0" skip="0">testeConteudo</stat>
<stat pass="1" fail="0" skip="0">testeEstruturaResposta</stat>
<stat pass="1" fail="0" skip="0">testeRequisicaoBasica</stat>
<stat pass="1" fail="0" skip="0">testeTiposDados</stat>
</tag>
<suite>
<stat pass="5" fail="0" skip="0" id="s1" name="Tests">Tests</stat>
<stat pass="5" fail="0" skip="0" id="s1-s1" name="Random-User-Test">Tests.Random-User-Test</stat>
</suite>
</statistics>
<errors>
</errors>
</robot>
