<?xml version="1.0" encoding="UTF-8"?>
<robot generator="Robot 7.0 (Python 3.12.3 on linux)" generated="2024-05-23T21:13:17.687462" rpa="false" schemaversion="5">
<suite id="s1" name="Tests" source="/home/runner/work/DesafioQAItauRogerioJordao/DesafioQAItauRogerioJordao/RamdonUser/tests">
<suite id="s1-s1" name="Random-User-Test" source="/home/runner/work/DesafioQAItauRogerioJordao/DesafioQAItauRogerioJordao/RamdonUser/tests/random-user-test.robot">
<test id="s1-s1-t1" name="Conectar" line="13">
<kw name="Conectar API" owner="random-user-service">
<kw name="Create Session" owner="RequestsLibrary">
<msg time="2024-05-23T21:13:18.093428" level="INFO">Creating Session using : alias=consultarAPI, url=https://randomuser.me/, headers={},                     cookies={}, auth=None, timeout=None, proxies=None, verify=False,                     debug=0 </msg>
<arg>consultarAPI</arg>
<arg>${URL}</arg>
<doc>Create Session: create a HTTP session to a server</doc>
<status status="PASS" start="2024-05-23T21:13:18.093217" elapsed="0.000421"/>
</kw>
<status status="PASS" start="2024-05-23T21:13:18.092127" elapsed="0.001886"/>
</kw>
<status status="PASS" start="2024-05-23T21:13:18.091503" elapsed="0.002744"/>
</test>
<test id="s1-s1-t2" name="Validar retorno 200 e JSON Válido" line="16">
<kw name="Teste de Requisicao Basica" owner="random-user-service">
<kw name="GET On Session" owner="RequestsLibrary">
<msg time="2024-05-23T21:13:18.351927" level="INFO">GET Request : url=https://randomuser.me/api 
 path_url=/api 
 headers={'User-Agent': 'python-requests/2.32.2', 'Accept-Encoding': 'gzip, deflate', 'Accept': '*/*', 'Connection': 'keep-alive'} 
 body=None 
 </msg>
<msg time="2024-05-23T21:13:18.352103" level="INFO">GET Response : url=https://randomuser.me/api 
 status=200, reason=OK 
 headers={'Date': 'Thu, 23 May 2024 21:13:18 GMT', 'Content-Type': 'application/json; charset=utf-8', 'Transfer-Encoding': 'chunked', 'Connection': 'keep-alive', 'X-Powered-By': 'Express', 'Access-Control-Allow-Origin': '*', 'Cache-Control': 'no-cache', 'ETag': 'W/"491-OuiXC8640yiVZ505t+lH6PASBRg"', 'Vary': 'Accept-Encoding', 'Content-Encoding': 'gzip', 'CF-Cache-Status': 'DYNAMIC', 'Report-To': '{"endpoints":[{"url":"https:\\/\\/a.nel.cloudflare.com\\/report\\/v4?s=kvcl5%2BCLJXfowA0CKDs3PFY8EOYkMoK24w3Roo%2BUhgHACYlvbgTiBM7qn9wNSQy7qVXqo730sag64qFyT7CbrQjh%2B8fA4l9PMLPr6S7BIbYA5LrZevlNixTkjRy9A3KL"}],"group":"cf-nel","max_age":604800}', 'NEL': '{"success_fraction":0,"report_to":"cf-nel","max_age":604800}', 'Server': 'cloudflare', 'CF-RAY': '88880c916a952ade-ORD', 'alt-svc': 'h3=":443"; ma=86400'} 
 body={"results":[{"gender":"male","name":{"title":"Mr","first":"Christian","last":"Bravo"},"location":{"street":{"number":2503,"name":"Avenida de Burgos"},"city":"Toledo","state":"Asturias","country":"Spain","postcode":92400,"coordinates":{"latitude":"-35.4929","longitude":"-156.0271"},"timezone":{"offset":"+8:00","description":"Beijing, Perth, Singapore, Hong Kong"}},"email":"christian.bravo@example.com","login":{"uuid":"31d41d1e-6c1b-4214-963e-142d9ecd5b8a","username":"browntiger199","password":"golfing","salt":"yXgTjgqf","md5":"6d1e8855c9a112b6200ed7d5a73eab71","sha1":"4748b86dbd6feb77bb303a2db1b7e3fb3cce44f7","sha256":"53c7d27bf59e2c161594e862fc272c0a2c3e8eaf30d8d451eb647b7f38fc5949"},"dob":{"date":"1961-02-20T21:43:59.024Z","age":63},"registered":{"date":"2005-04-25T19:08:04.476Z","age":19},"phone":"958-783-756","cell":"649-645-750","id":{"name":"DNI","value":"96237150-D"},"picture":{"large":"https://randomuser.me/api/portraits/men/81.jpg","medium":"https://randomuser.me/api/portraits/med/men/81.jpg","thumbnail":"https://randomuser.me/api/portraits/thumb/men/81.jpg"},"nat":"ES"}],"info":{"seed":"8c03f899c1df6f6e","results":1,"page":1,"version":"1.4"}} 
 </msg>
<msg time="2024-05-23T21:13:18.352200" level="INFO">/opt/hostedtoolcache/Python/3.12.3/x64/lib/python3.12/site-packages/urllib3/connectionpool.py:1103: InsecureRequestWarning: Unverified HTTPS request is being made to host 'randomuser.me'. Adding certificate verification is strongly advised. See: https://urllib3.readthedocs.io/en/latest/advanced-usage.html#tls-warnings
  warnings.warn(</msg>
<msg time="2024-05-23T21:13:18.352370" level="INFO">${response} = &lt;Response [200]&gt;</msg>
<var>${response}</var>
<arg>consultarAPI</arg>
<arg>/api</arg>
<doc>Sends a GET request on a previously created HTTP Session.</doc>
<status status="PASS" start="2024-05-23T21:13:18.096916" elapsed="0.255498"/>
</kw>
<kw name="Should Be Equal As Numbers" owner="BuiltIn">
<msg time="2024-05-23T21:13:18.353445" level="INFO">Argument types are:
&lt;class 'int'&gt;
&lt;class 'str'&gt;</msg>
<arg>${response.status_code}</arg>
<arg>200</arg>
<doc>Fails if objects are unequal after converting them to real numbers.</doc>
<status status="PASS" start="2024-05-23T21:13:18.352972" elapsed="0.000549"/>
</kw>
<kw name="Log" owner="BuiltIn">
<msg time="2024-05-23T21:13:18.354244" level="INFO">200</msg>
<arg>${response.status_code}</arg>
<doc>Logs the given message with the given level.</doc>
<status status="PASS" start="2024-05-23T21:13:18.353857" elapsed="0.000443"/>
</kw>
<kw name="Set Variable" owner="BuiltIn">
<msg time="2024-05-23T21:13:18.355045" level="INFO">${json_data} = {'results': [{'gender': 'male', 'name': {'title': 'Mr', 'first': 'Christian', 'last': 'Bravo'}, 'location': {'street': {'number': 2503, 'name': 'Avenida de Burgos'}, 'city': 'Toledo', 'state': 'Asturi...</msg>
<var>${json_data}</var>
<arg>${response.json()}</arg>
<doc>Returns the given values which can then be assigned to a variables.</doc>
<status status="PASS" start="2024-05-23T21:13:18.354613" elapsed="0.000460"/>
</kw>
<kw name="Dictionary Should Contain Key" owner="Collections">
<msg time="2024-05-23T21:13:18.355544" level="INFO">False</msg>
<arg>${json_data}</arg>
<arg>results</arg>
<doc>Fails if ``key`` is not found from ``dictionary``.</doc>
<status status="PASS" start="2024-05-23T21:13:18.355377" elapsed="0.000369"/>
</kw>
<status status="PASS" start="2024-05-23T21:13:18.096653" elapsed="0.259362"/>
</kw>
<doc>Testa se a API responde corretamente e retorna um objeto JSON válido.</doc>
<tag>testeRequisicaoBasica</tag>
<status status="PASS" start="2024-05-23T21:13:18.096135" elapsed="0.260065"/>
</test>
<test id="s1-s1-t3" name="Validar estrutura de resposta" line="22">
<kw name="Teste de Estrutura de Resposta" owner="random-user-service">
<kw name="GET On Session" owner="RequestsLibrary">
<msg time="2024-05-23T21:13:18.447936" level="INFO">GET Request : url=https://randomuser.me/api 
 path_url=/api 
 headers={'User-Agent': 'python-requests/2.32.2', 'Accept-Encoding': 'gzip, deflate', 'Accept': '*/*', 'Connection': 'keep-alive'} 
 body=None 
 </msg>
<msg time="2024-05-23T21:13:18.448037" level="INFO">GET Response : url=https://randomuser.me/api 
 status=200, reason=OK 
 headers={'Date': 'Thu, 23 May 2024 21:13:18 GMT', 'Content-Type': 'application/json; charset=utf-8', 'Transfer-Encoding': 'chunked', 'Connection': 'keep-alive', 'X-Powered-By': 'Express', 'Access-Control-Allow-Origin': '*', 'Cache-Control': 'no-cache', 'ETag': 'W/"4a8-X9F20KAWn+6egkcPO94laZEsVo8"', 'Vary': 'Accept-Encoding', 'Content-Encoding': 'gzip', 'CF-Cache-Status': 'DYNAMIC', 'Report-To': '{"endpoints":[{"url":"https:\\/\\/a.nel.cloudflare.com\\/report\\/v4?s=lsNg7KLgqxmjZguPrTh3lWgihVF8qrU2a9YahQ8TLKWHqGtcLAc7Bu4biQz7P9cYFn19LYjxzUGlKWBiMdAeL8hfNOZbxTI9dGaxVhsl1mvL%2FfkNJ4EafNLNWC0dfU1%2F"}],"group":"cf-nel","max_age":604800}', 'NEL': '{"success_fraction":0,"report_to":"cf-nel","max_age":604800}', 'Server': 'cloudflare', 'CF-RAY': '88880c91caf82ade-ORD', 'alt-svc': 'h3=":443"; ma=86400'} 
 body={"results":[{"gender":"female","name":{"title":"Miss","first":"Monali","last":"Prabhakaran"},"location":{"street":{"number":5209,"name":"Bannerghatta Rd"},"city":"Khora","state":"Meghalaya","country":"India","postcode":61248,"coordinates":{"latitude":"12.7092","longitude":"117.0953"},"timezone":{"offset":"+5:00","description":"Ekaterinburg, Islamabad, Karachi, Tashkent"}},"email":"monali.prabhakaran@example.com","login":{"uuid":"6a2b807a-9e5f-4228-9ad9-8a3338e773d8","username":"orangeleopard687","password":"speaker","salt":"6t8kjILQ","md5":"f60defe4dda559f96e72e01cb81df8cc","sha1":"e596d3f0b80b1a39a53914d1408a4df32ff43542","sha256":"fcdc2ab9cb3fc91dde13546f3b128907c4c065997947a42037679fe15d8c4461"},"dob":{"date":"1956-11-29T15:38:34.393Z","age":67},"registered":{"date":"2006-08-01T05:16:25.387Z","age":17},"phone":"8944285269","cell":"9585952291","id":{"name":"UIDAI","value":"758812612224"},"picture":{"large":"https://randomuser.me/api/portraits/women/23.jpg","medium":"https://randomuser.me/api/portraits/med/women/23.jpg","thumbnail":"https://randomuser.me/api/portraits/thumb/women/23.jpg"},"nat":"IN"}],"info":{"seed":"54097bc582d37f20","results":1,"page":1,"version":"1.4"}} 
 </msg>
<msg time="2024-05-23T21:13:18.448163" level="INFO">/opt/hostedtoolcache/Python/3.12.3/x64/lib/python3.12/site-packages/urllib3/connectionpool.py:1103: InsecureRequestWarning: Unverified HTTPS request is being made to host 'randomuser.me'. Adding certificate verification is strongly advised. See: https://urllib3.readthedocs.io/en/latest/advanced-usage.html#tls-warnings
  warnings.warn(</msg>
<msg time="2024-05-23T21:13:18.448307" level="INFO">${response} = &lt;Response [200]&gt;</msg>
<var>${response}</var>
<arg>consultarAPI</arg>
<arg>/api</arg>
<doc>Sends a GET request on a previously created HTTP Session.</doc>
<status status="PASS" start="2024-05-23T21:13:18.358783" elapsed="0.089568"/>
</kw>
<kw name="Set Variable" owner="BuiltIn">
<msg time="2024-05-23T21:13:18.449377" level="INFO">${json_data} = {'results': [{'gender': 'female', 'name': {'title': 'Miss', 'first': 'Monali', 'last': 'Prabhakaran'}, 'location': {'street': {'number': 5209, 'name': 'Bannerghatta Rd'}, 'city': 'Khora', 'state': 'Me...</msg>
<var>${json_data}</var>
<arg>${response.json()}</arg>
<doc>Returns the given values which can then be assigned to a variables.</doc>
<status status="PASS" start="2024-05-23T21:13:18.448854" elapsed="0.000553"/>
</kw>
<kw name="Log" owner="BuiltIn">
<msg time="2024-05-23T21:13:18.449873" level="INFO">{'results': [{'gender': 'female', 'name': {'title': 'Miss', 'first': 'Monali', 'last': 'Prabhakaran'}, 'location': {'street': {'number': 5209, 'name': 'Bannerghatta Rd'}, 'city': 'Khora', 'state': 'Meghalaya', 'country': 'India', 'postcode': 61248, 'coordinates': {'latitude': '12.7092', 'longitude': '117.0953'}, 'timezone': {'offset': '+5:00', 'description': 'Ekaterinburg, Islamabad, Karachi, Tashkent'}}, 'email': 'monali.prabhakaran@example.com', 'login': {'uuid': '6a2b807a-9e5f-4228-9ad9-8a3338e773d8', 'username': 'orangeleopard687', 'password': 'speaker', 'salt': '6t8kjILQ', 'md5': 'f60defe4dda559f96e72e01cb81df8cc', 'sha1': 'e596d3f0b80b1a39a53914d1408a4df32ff43542', 'sha256': 'fcdc2ab9cb3fc91dde13546f3b128907c4c065997947a42037679fe15d8c4461'}, 'dob': {'date': '1956-11-29T15:38:34.393Z', 'age': 67}, 'registered': {'date': '2006-08-01T05:16:25.387Z', 'age': 17}, 'phone': '8944285269', 'cell': '9585952291', 'id': {'name': 'UIDAI', 'value': '758812612224'}, 'picture': {'large': 'https://randomuser.me/api/portraits/women/23.jpg', 'medium': 'https://randomuser.me/api/portraits/med/women/23.jpg', 'thumbnail': 'https://randomuser.me/api/portraits/thumb/women/23.jpg'}, 'nat': 'IN'}], 'info': {'seed': '54097bc582d37f20', 'results': 1, 'page': 1, 'version': '1.4'}}</msg>
<arg>${json_data}</arg>
<doc>Logs the given message with the given level.</doc>
<status status="PASS" start="2024-05-23T21:13:18.449715" elapsed="0.000204"/>
</kw>
<kw name="Dictionary Should Contain Key" owner="Collections">
<msg time="2024-05-23T21:13:18.450417" level="INFO">False</msg>
<arg>${json_data}</arg>
<arg>results</arg>
<doc>Fails if ``key`` is not found from ``dictionary``.</doc>
<status status="PASS" start="2024-05-23T21:13:18.450248" elapsed="0.000210"/>
</kw>
<kw name="Should Not Be Empty" owner="BuiltIn">
<msg time="2024-05-23T21:13:18.450892" level="INFO">Length is 2.</msg>
<arg>${json_data}</arg>
<doc>Verifies that the given item is not empty.</doc>
<status status="PASS" start="2024-05-23T21:13:18.450762" elapsed="0.000168"/>
</kw>
<kw name="Create List" owner="BuiltIn">
<msg time="2024-05-23T21:13:18.451370" level="INFO">${expected_keys} = ['gender', 'name', 'location', 'email', 'login']</msg>
<var>${expected_keys}</var>
<arg>gender</arg>
<arg>name</arg>
<arg>location</arg>
<arg>email</arg>
<arg>login</arg>
<doc>Returns a list containing given items.</doc>
<status status="PASS" start="2024-05-23T21:13:18.451222" elapsed="0.000172"/>
</kw>
<for flavor="IN">
<iter>
<kw name="Dictionary Should Contain Key" owner="Collections">
<msg time="2024-05-23T21:13:18.452382" level="INFO">False</msg>
<arg>${json_data['results'][0]}</arg>
<arg>${key}</arg>
<doc>Fails if ``key`` is not found from ``dictionary``.</doc>
<status status="PASS" start="2024-05-23T21:13:18.451982" elapsed="0.000442"/>
</kw>
<kw name="Log" owner="BuiltIn">
<msg time="2024-05-23T21:13:18.453086" level="INFO">{'gender': 'female', 'name': {'title': 'Miss', 'first': 'Monali', 'last': 'Prabhakaran'}, 'location': {'street': {'number': 5209, 'name': 'Bannerghatta Rd'}, 'city': 'Khora', 'state': 'Meghalaya', 'country': 'India', 'postcode': 61248, 'coordinates': {'latitude': '12.7092', 'longitude': '117.0953'}, 'timezone': {'offset': '+5:00', 'description': 'Ekaterinburg, Islamabad, Karachi, Tashkent'}}, 'email': 'monali.prabhakaran@example.com', 'login': {'uuid': '6a2b807a-9e5f-4228-9ad9-8a3338e773d8', 'username': 'orangeleopard687', 'password': 'speaker', 'salt': '6t8kjILQ', 'md5': 'f60defe4dda559f96e72e01cb81df8cc', 'sha1': 'e596d3f0b80b1a39a53914d1408a4df32ff43542', 'sha256': 'fcdc2ab9cb3fc91dde13546f3b128907c4c065997947a42037679fe15d8c4461'}, 'dob': {'date': '1956-11-29T15:38:34.393Z', 'age': 67}, 'registered': {'date': '2006-08-01T05:16:25.387Z', 'age': 17}, 'phone': '8944285269', 'cell': '9585952291', 'id': {'name': 'UIDAI', 'value': '758812612224'}, 'picture': {'large': 'https://randomuser.me/api/portraits/women/23.jpg', 'medium': 'https://randomuser.me/api/portraits/med/women/23.jpg', 'thumbnail': 'https://randomuser.me/api/portraits/thumb/women/23.jpg'}, 'nat': 'IN'}</msg>
<arg>${json_data['results'][0]}</arg>
<doc>Logs the given message with the given level.</doc>
<status status="PASS" start="2024-05-23T21:13:18.452722" elapsed="0.000413"/>
</kw>
<kw name="Log" owner="BuiltIn">
<msg time="2024-05-23T21:13:18.453559" level="INFO">gender</msg>
<arg>${key}</arg>
<doc>Logs the given message with the given level.</doc>
<status status="PASS" start="2024-05-23T21:13:18.453431" elapsed="0.000175"/>
</kw>
<var name="${key}">gender</var>
<status status="PASS" start="2024-05-23T21:13:18.451855" elapsed="0.001963"/>
</iter>
<iter>
<kw name="Dictionary Should Contain Key" owner="Collections">
<msg time="2024-05-23T21:13:18.454540" level="INFO">False</msg>
<arg>${json_data['results'][0]}</arg>
<arg>${key}</arg>
<doc>Fails if ``key`` is not found from ``dictionary``.</doc>
<status status="PASS" start="2024-05-23T21:13:18.454120" elapsed="0.000456"/>
</kw>
<kw name="Log" owner="BuiltIn">
<msg time="2024-05-23T21:13:18.455247" level="INFO">{'gender': 'female', 'name': {'title': 'Miss', 'first': 'Monali', 'last': 'Prabhakaran'}, 'location': {'street': {'number': 5209, 'name': 'Bannerghatta Rd'}, 'city': 'Khora', 'state': 'Meghalaya', 'country': 'India', 'postcode': 61248, 'coordinates': {'latitude': '12.7092', 'longitude': '117.0953'}, 'timezone': {'offset': '+5:00', 'description': 'Ekaterinburg, Islamabad, Karachi, Tashkent'}}, 'email': 'monali.prabhakaran@example.com', 'login': {'uuid': '6a2b807a-9e5f-4228-9ad9-8a3338e773d8', 'username': 'orangeleopard687', 'password': 'speaker', 'salt': '6t8kjILQ', 'md5': 'f60defe4dda559f96e72e01cb81df8cc', 'sha1': 'e596d3f0b80b1a39a53914d1408a4df32ff43542', 'sha256': 'fcdc2ab9cb3fc91dde13546f3b128907c4c065997947a42037679fe15d8c4461'}, 'dob': {'date': '1956-11-29T15:38:34.393Z', 'age': 67}, 'registered': {'date': '2006-08-01T05:16:25.387Z', 'age': 17}, 'phone': '8944285269', 'cell': '9585952291', 'id': {'name': 'UIDAI', 'value': '758812612224'}, 'picture': {'large': 'https://randomuser.me/api/portraits/women/23.jpg', 'medium': 'https://randomuser.me/api/portraits/med/women/23.jpg', 'thumbnail': 'https://randomuser.me/api/portraits/thumb/women/23.jpg'}, 'nat': 'IN'}</msg>
<arg>${json_data['results'][0]}</arg>
<doc>Logs the given message with the given level.</doc>
<status status="PASS" start="2024-05-23T21:13:18.454895" elapsed="0.000400"/>
</kw>
<kw name="Log" owner="BuiltIn">
<msg time="2024-05-23T21:13:18.455726" level="INFO">name</msg>
<arg>${key}</arg>
<doc>Logs the given message with the given level.</doc>
<status status="PASS" start="2024-05-23T21:13:18.455599" elapsed="0.000163"/>
</kw>
<var name="${key}">name</var>
<status status="PASS" start="2024-05-23T21:13:18.454006" elapsed="0.001971"/>
</iter>
<iter>
<kw name="Dictionary Should Contain Key" owner="Collections">
<msg time="2024-05-23T21:13:18.456635" level="INFO">False</msg>
<arg>${json_data['results'][0]}</arg>
<arg>${key}</arg>
<doc>Fails if ``key`` is not found from ``dictionary``.</doc>
<status status="PASS" start="2024-05-23T21:13:18.456267" elapsed="0.000405"/>
</kw>
<kw name="Log" owner="BuiltIn">
<msg time="2024-05-23T21:13:18.457334" level="INFO">{'gender': 'female', 'name': {'title': 'Miss', 'first': 'Monali', 'last': 'Prabhakaran'}, 'location': {'street': {'number': 5209, 'name': 'Bannerghatta Rd'}, 'city': 'Khora', 'state': 'Meghalaya', 'country': 'India', 'postcode': 61248, 'coordinates': {'latitude': '12.7092', 'longitude': '117.0953'}, 'timezone': {'offset': '+5:00', 'description': 'Ekaterinburg, Islamabad, Karachi, Tashkent'}}, 'email': 'monali.prabhakaran@example.com', 'login': {'uuid': '6a2b807a-9e5f-4228-9ad9-8a3338e773d8', 'username': 'orangeleopard687', 'password': 'speaker', 'salt': '6t8kjILQ', 'md5': 'f60defe4dda559f96e72e01cb81df8cc', 'sha1': 'e596d3f0b80b1a39a53914d1408a4df32ff43542', 'sha256': 'fcdc2ab9cb3fc91dde13546f3b128907c4c065997947a42037679fe15d8c4461'}, 'dob': {'date': '1956-11-29T15:38:34.393Z', 'age': 67}, 'registered': {'date': '2006-08-01T05:16:25.387Z', 'age': 17}, 'phone': '8944285269', 'cell': '9585952291', 'id': {'name': 'UIDAI', 'value': '758812612224'}, 'picture': {'large': 'https://randomuser.me/api/portraits/women/23.jpg', 'medium': 'https://randomuser.me/api/portraits/med/women/23.jpg', 'thumbnail': 'https://randomuser.me/api/portraits/thumb/women/23.jpg'}, 'nat': 'IN'}</msg>
<arg>${json_data['results'][0]}</arg>
<doc>Logs the given message with the given level.</doc>
<status status="PASS" start="2024-05-23T21:13:18.456966" elapsed="0.000425"/>
</kw>
<kw name="Log" owner="BuiltIn">
<msg time="2024-05-23T21:13:18.457812" level="INFO">location</msg>
<arg>${key}</arg>
<doc>Logs the given message with the given level.</doc>
<status status="PASS" start="2024-05-23T21:13:18.457686" elapsed="0.000164"/>
</kw>
<var name="${key}">location</var>
<status status="PASS" start="2024-05-23T21:13:18.456154" elapsed="0.001913"/>
</iter>
<iter>
<kw name="Dictionary Should Contain Key" owner="Collections">
<msg time="2024-05-23T21:13:18.458901" level="INFO">False</msg>
<arg>${json_data['results'][0]}</arg>
<arg>${key}</arg>
<doc>Fails if ``key`` is not found from ``dictionary``.</doc>
<status status="PASS" start="2024-05-23T21:13:18.458401" elapsed="0.000538"/>
</kw>
<kw name="Log" owner="BuiltIn">
<msg time="2024-05-23T21:13:18.459606" level="INFO">{'gender': 'female', 'name': {'title': 'Miss', 'first': 'Monali', 'last': 'Prabhakaran'}, 'location': {'street': {'number': 5209, 'name': 'Bannerghatta Rd'}, 'city': 'Khora', 'state': 'Meghalaya', 'country': 'India', 'postcode': 61248, 'coordinates': {'latitude': '12.7092', 'longitude': '117.0953'}, 'timezone': {'offset': '+5:00', 'description': 'Ekaterinburg, Islamabad, Karachi, Tashkent'}}, 'email': 'monali.prabhakaran@example.com', 'login': {'uuid': '6a2b807a-9e5f-4228-9ad9-8a3338e773d8', 'username': 'orangeleopard687', 'password': 'speaker', 'salt': '6t8kjILQ', 'md5': 'f60defe4dda559f96e72e01cb81df8cc', 'sha1': 'e596d3f0b80b1a39a53914d1408a4df32ff43542', 'sha256': 'fcdc2ab9cb3fc91dde13546f3b128907c4c065997947a42037679fe15d8c4461'}, 'dob': {'date': '1956-11-29T15:38:34.393Z', 'age': 67}, 'registered': {'date': '2006-08-01T05:16:25.387Z', 'age': 17}, 'phone': '8944285269', 'cell': '9585952291', 'id': {'name': 'UIDAI', 'value': '758812612224'}, 'picture': {'large': 'https://randomuser.me/api/portraits/women/23.jpg', 'medium': 'https://randomuser.me/api/portraits/med/women/23.jpg', 'thumbnail': 'https://randomuser.me/api/portraits/thumb/women/23.jpg'}, 'nat': 'IN'}</msg>
<arg>${json_data['results'][0]}</arg>
<doc>Logs the given message with the given level.</doc>
<status status="PASS" start="2024-05-23T21:13:18.459249" elapsed="0.000405"/>
</kw>
<kw name="Log" owner="BuiltIn">
<msg time="2024-05-23T21:13:18.460076" level="INFO">email</msg>
<arg>${key}</arg>
<doc>Logs the given message with the given level.</doc>
<status status="PASS" start="2024-05-23T21:13:18.459948" elapsed="0.000165"/>
</kw>
<var name="${key}">email</var>
<status status="PASS" start="2024-05-23T21:13:18.458285" elapsed="0.002044"/>
</iter>
<iter>
<kw name="Dictionary Should Contain Key" owner="Collections">
<msg time="2024-05-23T21:13:18.460990" level="INFO">False</msg>
<arg>${json_data['results'][0]}</arg>
<arg>${key}</arg>
<doc>Fails if ``key`` is not found from ``dictionary``.</doc>
<status status="PASS" start="2024-05-23T21:13:18.460613" elapsed="0.000414"/>
</kw>
<kw name="Log" owner="BuiltIn">
<msg time="2024-05-23T21:13:18.461694" level="INFO">{'gender': 'female', 'name': {'title': 'Miss', 'first': 'Monali', 'last': 'Prabhakaran'}, 'location': {'street': {'number': 5209, 'name': 'Bannerghatta Rd'}, 'city': 'Khora', 'state': 'Meghalaya', 'country': 'India', 'postcode': 61248, 'coordinates': {'latitude': '12.7092', 'longitude': '117.0953'}, 'timezone': {'offset': '+5:00', 'description': 'Ekaterinburg, Islamabad, Karachi, Tashkent'}}, 'email': 'monali.prabhakaran@example.com', 'login': {'uuid': '6a2b807a-9e5f-4228-9ad9-8a3338e773d8', 'username': 'orangeleopard687', 'password': 'speaker', 'salt': '6t8kjILQ', 'md5': 'f60defe4dda559f96e72e01cb81df8cc', 'sha1': 'e596d3f0b80b1a39a53914d1408a4df32ff43542', 'sha256': 'fcdc2ab9cb3fc91dde13546f3b128907c4c065997947a42037679fe15d8c4461'}, 'dob': {'date': '1956-11-29T15:38:34.393Z', 'age': 67}, 'registered': {'date': '2006-08-01T05:16:25.387Z', 'age': 17}, 'phone': '8944285269', 'cell': '9585952291', 'id': {'name': 'UIDAI', 'value': '758812612224'}, 'picture': {'large': 'https://randomuser.me/api/portraits/women/23.jpg', 'medium': 'https://randomuser.me/api/portraits/med/women/23.jpg', 'thumbnail': 'https://randomuser.me/api/portraits/thumb/women/23.jpg'}, 'nat': 'IN'}</msg>
<arg>${json_data['results'][0]}</arg>
<doc>Logs the given message with the given level.</doc>
<status status="PASS" start="2024-05-23T21:13:18.461333" elapsed="0.000409"/>
</kw>
<kw name="Log" owner="BuiltIn">
<msg time="2024-05-23T21:13:18.462193" level="INFO">login</msg>
<arg>${key}</arg>
<doc>Logs the given message with the given level.</doc>
<status status="PASS" start="2024-05-23T21:13:18.462037" elapsed="0.000239"/>
</kw>
<var name="${key}">login</var>
<status status="PASS" start="2024-05-23T21:13:18.460502" elapsed="0.002004"/>
</iter>
<var>${key}</var>
<value>@{expected_keys}</value>
<status status="PASS" start="2024-05-23T21:13:18.451660" elapsed="0.010965"/>
</for>
<kw name="Create List" owner="BuiltIn">
<msg time="2024-05-23T21:13:18.462956" level="INFO">${expected_keysTwo} = ['username', 'password']</msg>
<var>${expected_keysTwo}</var>
<arg>username</arg>
<arg>password</arg>
<doc>Returns a list containing given items.</doc>
<status status="PASS" start="2024-05-23T21:13:18.462820" elapsed="0.000159"/>
</kw>
<for flavor="IN">
<iter>
<kw name="Dictionary Should Contain Key" owner="Collections">
<msg time="2024-05-23T21:13:18.463861" level="INFO">False</msg>
<arg>${json_data['results'][0]['login']}</arg>
<arg>${keyTwo}</arg>
<doc>Fails if ``key`` is not found from ``dictionary``.</doc>
<status status="PASS" start="2024-05-23T21:13:18.463480" elapsed="0.000418"/>
</kw>
<kw name="Dictionary Should Contain Key" owner="Collections">
<msg time="2024-05-23T21:13:18.464572" level="INFO">False</msg>
<arg>${json_data['results'][0]['login']}</arg>
<arg>${keyTwo}</arg>
<doc>Fails if ``key`` is not found from ``dictionary``.</doc>
<status status="PASS" start="2024-05-23T21:13:18.464193" elapsed="0.000416"/>
</kw>
<kw name="Log" owner="BuiltIn">
<msg time="2024-05-23T21:13:18.465031" level="INFO">username</msg>
<arg>${keyTwo}</arg>
<doc>Logs the given message with the given level.</doc>
<status status="PASS" start="2024-05-23T21:13:18.464905" elapsed="0.000163"/>
</kw>
<var name="${keyTwo}">username</var>
<status status="PASS" start="2024-05-23T21:13:18.463371" elapsed="0.001910"/>
</iter>
<iter>
<kw name="Dictionary Should Contain Key" owner="Collections">
<msg time="2024-05-23T21:13:18.465938" level="INFO">False</msg>
<arg>${json_data['results'][0]['login']}</arg>
<arg>${keyTwo}</arg>
<doc>Fails if ``key`` is not found from ``dictionary``.</doc>
<status status="PASS" start="2024-05-23T21:13:18.465560" elapsed="0.000415"/>
</kw>
<kw name="Dictionary Should Contain Key" owner="Collections">
<msg time="2024-05-23T21:13:18.466673" level="INFO">False</msg>
<arg>${json_data['results'][0]['login']}</arg>
<arg>${keyTwo}</arg>
<doc>Fails if ``key`` is not found from ``dictionary``.</doc>
<status status="PASS" start="2024-05-23T21:13:18.466293" elapsed="0.000417"/>
</kw>
<kw name="Log" owner="BuiltIn">
<msg time="2024-05-23T21:13:18.467133" level="INFO">password</msg>
<arg>${keyTwo}</arg>
<doc>Logs the given message with the given level.</doc>
<status status="PASS" start="2024-05-23T21:13:18.467008" elapsed="0.000163"/>
</kw>
<var name="${keyTwo}">password</var>
<status status="PASS" start="2024-05-23T21:13:18.465450" elapsed="0.001935"/>
</iter>
<var>${keyTwo}</var>
<value>@{expected_keysTwo}</value>
<status status="PASS" start="2024-05-23T21:13:18.463219" elapsed="0.004286"/>
</for>
<status status="PASS" start="2024-05-23T21:13:18.358530" elapsed="0.109117"/>
</kw>
<doc>Testa a estrutura da resposta da API.</doc>
<tag>testeEstruturaResposta</tag>
<status status="PASS" start="2024-05-23T21:13:18.357997" elapsed="0.109806"/>
</test>
<test id="s1-s1-t4" name="Validar tipos de dados" line="28">
<kw name="Teste de Tipos de Dados" owner="random-user-service">
<kw name="GET On Session" owner="RequestsLibrary">
<msg time="2024-05-23T21:13:18.550287" level="INFO">GET Request : url=https://randomuser.me/api 
 path_url=/api 
 headers={'User-Agent': 'python-requests/2.32.2', 'Accept-Encoding': 'gzip, deflate', 'Accept': '*/*', 'Connection': 'keep-alive'} 
 body=None 
 </msg>
<msg time="2024-05-23T21:13:18.550400" level="INFO">GET Response : url=https://randomuser.me/api 
 status=200, reason=OK 
 headers={'Date': 'Thu, 23 May 2024 21:13:18 GMT', 'Content-Type': 'application/json; charset=utf-8', 'Transfer-Encoding': 'chunked', 'Connection': 'keep-alive', 'X-Powered-By': 'Express', 'Access-Control-Allow-Origin': '*', 'Cache-Control': 'no-cache', 'ETag': 'W/"490-n4uvyE1orE5XBHUx33r27J8NIMc"', 'Vary': 'Accept-Encoding', 'Content-Encoding': 'gzip', 'CF-Cache-Status': 'DYNAMIC', 'Report-To': '{"endpoints":[{"url":"https:\\/\\/a.nel.cloudflare.com\\/report\\/v4?s=ag8kc1YNiLeWg692B7e5dStf9RmH6ZMPb7ayjwZ46p4pwVWN8ktDIIWZEb40pXuFUxmwxLK%2BexgHZPXMdoivwejYd5D1QyYAiuZMiX3wZghjBJsLEhs6sSNIvQI3maz4"}],"group":"cf-nel","max_age":604800}', 'NEL': '{"success_fraction":0,"report_to":"cf-nel","max_age":604800}', 'Server': 'cloudflare', 'CF-RAY': '88880c927bd02ade-ORD', 'alt-svc': 'h3=":443"; ma=86400'} 
 body={"results":[{"gender":"female","name":{"title":"Mrs","first":"Pratima","last":"Kaur"},"location":{"street":{"number":6354,"name":"Kasba Peth"},"city":"Guntur","state":"Madhya Pradesh","country":"India","postcode":37835,"coordinates":{"latitude":"6.5534","longitude":"91.8760"},"timezone":{"offset":"+8:00","description":"Beijing, Perth, Singapore, Hong Kong"}},"email":"pratima.kaur@example.com","login":{"uuid":"866da659-44bc-4ed5-bdc8-805efb5fd560","username":"orangelion104","password":"sebring","salt":"rTV3Zt81","md5":"b12c6673cf49258187575c66a358a6bc","sha1":"499620238a54817e2a9db612b1e708947f62f3b8","sha256":"04380cf714b76580a19ce94286fe352129e83db6434ca31e98310c8f2b122d2b"},"dob":{"date":"1963-10-31T23:51:04.638Z","age":60},"registered":{"date":"2020-11-13T17:15:44.881Z","age":3},"phone":"9398340850","cell":"7396896759","id":{"name":"UIDAI","value":"397642556261"},"picture":{"large":"https://randomuser.me/api/portraits/women/94.jpg","medium":"https://randomuser.me/api/portraits/med/women/94.jpg","thumbnail":"https://randomuser.me/api/portraits/thumb/women/94.jpg"},"nat":"IN"}],"info":{"seed":"36a13255278b0afa","results":1,"page":1,"version":"1.4"}} 
 </msg>
<msg time="2024-05-23T21:13:18.550483" level="INFO">/opt/hostedtoolcache/Python/3.12.3/x64/lib/python3.12/site-packages/urllib3/connectionpool.py:1103: InsecureRequestWarning: Unverified HTTPS request is being made to host 'randomuser.me'. Adding certificate verification is strongly advised. See: https://urllib3.readthedocs.io/en/latest/advanced-usage.html#tls-warnings
  warnings.warn(</msg>
<msg time="2024-05-23T21:13:18.550643" level="INFO">${response} = &lt;Response [200]&gt;</msg>
<var>${response}</var>
<arg>consultarAPI</arg>
<arg>/api</arg>
<doc>Sends a GET request on a previously created HTTP Session.</doc>
<status status="PASS" start="2024-05-23T21:13:18.470283" elapsed="0.080405"/>
</kw>
<kw name="Set Variable" owner="BuiltIn">
<msg time="2024-05-23T21:13:18.551736" level="INFO">${json_data} = {'results': [{'gender': 'female', 'name': {'title': 'Mrs', 'first': 'Pratima', 'last': 'Kaur'}, 'location': {'street': {'number': 6354, 'name': 'Kasba Peth'}, 'city': 'Guntur', 'state': 'Madhya Prades...</msg>
<var>${json_data}</var>
<arg>${response.json()}</arg>
<doc>Returns the given values which can then be assigned to a variables.</doc>
<status status="PASS" start="2024-05-23T21:13:18.551214" elapsed="0.000552"/>
</kw>
<kw name="Log" owner="BuiltIn">
<msg time="2024-05-23T21:13:18.552248" level="INFO">{'results': [{'gender': 'female', 'name': {'title': 'Mrs', 'first': 'Pratima', 'last': 'Kaur'}, 'location': {'street': {'number': 6354, 'name': 'Kasba Peth'}, 'city': 'Guntur', 'state': 'Madhya Pradesh', 'country': 'India', 'postcode': 37835, 'coordinates': {'latitude': '6.5534', 'longitude': '91.8760'}, 'timezone': {'offset': '+8:00', 'description': 'Beijing, Perth, Singapore, Hong Kong'}}, 'email': 'pratima.kaur@example.com', 'login': {'uuid': '866da659-44bc-4ed5-bdc8-805efb5fd560', 'username': 'orangelion104', 'password': 'sebring', 'salt': 'rTV3Zt81', 'md5': 'b12c6673cf49258187575c66a358a6bc', 'sha1': '499620238a54817e2a9db612b1e708947f62f3b8', 'sha256': '04380cf714b76580a19ce94286fe352129e83db6434ca31e98310c8f2b122d2b'}, 'dob': {'date': '1963-10-31T23:51:04.638Z', 'age': 60}, 'registered': {'date': '2020-11-13T17:15:44.881Z', 'age': 3}, 'phone': '9398340850', 'cell': '7396896759', 'id': {'name': 'UIDAI', 'value': '397642556261'}, 'picture': {'large': 'https://randomuser.me/api/portraits/women/94.jpg', 'medium': 'https://randomuser.me/api/portraits/med/women/94.jpg', 'thumbnail': 'https://randomuser.me/api/portraits/thumb/women/94.jpg'}, 'nat': 'IN'}], 'info': {'seed': '36a13255278b0afa', 'results': 1, 'page': 1, 'version': '1.4'}}</msg>
<arg>${json_data}</arg>
<doc>Logs the given message with the given level.</doc>
<status status="PASS" start="2024-05-23T21:13:18.552088" elapsed="0.000247"/>
</kw>
<kw name="Should Be String" owner="String">
<arg>${json_data['results'][0]['gender']}</arg>
<doc>Fails if the given ``item`` is not a string.</doc>
<status status="PASS" start="2024-05-23T21:13:18.552638" elapsed="0.000370"/>
</kw>
<kw name="Should Match Regexp" owner="BuiltIn">
<arg>${json_data['results'][0]['email']}</arg>
<arg>^[a-zA-Z0-9._%+-]+@[a-zA-Z0-9.-]+\.[a-zA-Z]{2,}$</arg>
<doc>Fails if ``string`` does not match ``pattern`` as a regular expression.</doc>
<status status="PASS" start="2024-05-23T21:13:18.553208" elapsed="0.000688"/>
</kw>
<kw name="Should Match Regexp" owner="BuiltIn">
<arg>${json_data['results'][0]['dob']['date']}</arg>
<arg>\\d{4}-\\d{2}-\\d{2}T\\d{2}:\\d{2}:\\d{2}\\.\\d{3}Z</arg>
<doc>Fails if ``string`` does not match ``pattern`` as a regular expression.</doc>
<status status="PASS" start="2024-05-23T21:13:18.554105" elapsed="0.000519"/>
</kw>
<kw name="Should Match Regexp" owner="BuiltIn">
<arg>${json_data['results'][0]['registered']['date']}</arg>
<arg>\\d{4}-\\d{2}-\\d{2}T\\d{2}:\\d{2}:\\d{2}\\.\\d{3}Z</arg>
<doc>Fails if ``string`` does not match ``pattern`` as a regular expression.</doc>
<status status="PASS" start="2024-05-23T21:13:18.554821" elapsed="0.000367"/>
</kw>
<kw name="Should Match Regexp" owner="BuiltIn">
<arg>${json_data['results'][0]['picture']['large']}</arg>
<arg>^https?://.*\.(?:png|jpe?g|gif|bmp)$</arg>
<doc>Fails if ``string`` does not match ``pattern`` as a regular expression.</doc>
<status status="PASS" start="2024-05-23T21:13:18.555377" elapsed="0.000484"/>
</kw>
<kw name="Should Match Regexp" owner="BuiltIn">
<arg>${json_data['results'][0]['picture']['medium']}</arg>
<arg>^https?://.*\.(?:png|jpe?g|gif|bmp)$</arg>
<doc>Fails if ``string`` does not match ``pattern`` as a regular expression.</doc>
<status status="PASS" start="2024-05-23T21:13:18.556060" elapsed="0.000359"/>
</kw>
<kw name="Should Match Regexp" owner="BuiltIn">
<arg>${json_data['results'][0]['picture']['thumbnail']}</arg>
<arg>^https?://.*\.(?:png|jpe?g|gif|bmp)$</arg>
<doc>Fails if ``string`` does not match ``pattern`` as a regular expression.</doc>
<status status="PASS" start="2024-05-23T21:13:18.556632" elapsed="0.000411"/>
</kw>
<kw name="Log" owner="BuiltIn">
<msg time="2024-05-23T21:13:18.557557" level="INFO">{'large': 'https://randomuser.me/api/portraits/women/94.jpg', 'medium': 'https://randomuser.me/api/portraits/med/women/94.jpg', 'thumbnail': 'https://randomuser.me/api/portraits/thumb/women/94.jpg'}</msg>
<arg>${json_data['results'][0]['picture']}</arg>
<doc>Logs the given message with the given level.</doc>
<status status="PASS" start="2024-05-23T21:13:18.557230" elapsed="0.000370"/>
</kw>
<status status="PASS" start="2024-05-23T21:13:18.470000" elapsed="0.087867"/>
</kw>
<kw name="Teste de Tipos de Dados - Postcode" owner="random-user-service">
<kw name="GET On Session" owner="RequestsLibrary">
<msg time="2024-05-23T21:13:18.666366" level="INFO">GET Request : url=https://randomuser.me/api 
 path_url=/api 
 headers={'User-Agent': 'python-requests/2.32.2', 'Accept-Encoding': 'gzip, deflate', 'Accept': '*/*', 'Connection': 'keep-alive'} 
 body=None 
 </msg>
<msg time="2024-05-23T21:13:18.666487" level="INFO">GET Response : url=https://randomuser.me/api 
 status=200, reason=OK 
 headers={'Date': 'Thu, 23 May 2024 21:13:18 GMT', 'Content-Type': 'application/json; charset=utf-8', 'Transfer-Encoding': 'chunked', 'Connection': 'keep-alive', 'X-Powered-By': 'Express', 'Access-Control-Allow-Origin': '*', 'Cache-Control': 'no-cache', 'ETag': 'W/"485-V5sPzX65yimOzst9csonfCxhPyk"', 'Vary': 'Accept-Encoding', 'Content-Encoding': 'gzip', 'CF-Cache-Status': 'DYNAMIC', 'Report-To': '{"endpoints":[{"url":"https:\\/\\/a.nel.cloudflare.com\\/report\\/v4?s=AkZBMTUufmpyBJZpMLbktgUSUjk4PzVFq9P%2FEgno9YJ%2FSBvAbzJCBGeWTb3XPwD%2Fx1M1Y6rac7v8ZeNfALcS2m%2Bo%2BMS5g2Chkco4%2FJdQav2OXF%2FO66r6IjmN08AOIn2R"}],"group":"cf-nel","max_age":604800}', 'NEL': '{"success_fraction":0,"report_to":"cf-nel","max_age":604800}', 'Server': 'cloudflare', 'CF-RAY': '88880c92fc812ade-ORD', 'alt-svc': 'h3=":443"; ma=86400'} 
 body={"results":[{"gender":"male","name":{"title":"Mr","first":"Rasmus","last":"Jensen"},"location":{"street":{"number":3102,"name":"Oddesundvej"},"city":"Klitmøller","state":"Syddanmark","country":"Denmark","postcode":19031,"coordinates":{"latitude":"-46.1606","longitude":"-16.8782"},"timezone":{"offset":"+1:00","description":"Brussels, Copenhagen, Madrid, Paris"}},"email":"rasmus.jensen@example.com","login":{"uuid":"c37495e1-5933-4f25-95c2-76663ee3610c","username":"silverdog525","password":"fdsa","salt":"uMom8jwY","md5":"d2faf7c6732131662446fba07e0c6089","sha1":"4cb31b942843c8eed778ca0e198c6fd06ed6a3c6","sha256":"deae37d745c0e65ea2f07d496f1f45a40e32316e076cc682dca55df02019bc9e"},"dob":{"date":"1968-05-25T11:18:13.696Z","age":55},"registered":{"date":"2010-09-26T15:23:45.649Z","age":13},"phone":"18813107","cell":"13435332","id":{"name":"CPR","value":"250568-7078"},"picture":{"large":"https://randomuser.me/api/portraits/men/37.jpg","medium":"https://randomuser.me/api/portraits/med/men/37.jpg","thumbnail":"https://randomuser.me/api/portraits/thumb/men/37.jpg"},"nat":"DK"}],"info":{"seed":"45bfe9601813d093","results":1,"page":1,"version":"1.4"}} 
 </msg>
<msg time="2024-05-23T21:13:18.666572" level="INFO">/opt/hostedtoolcache/Python/3.12.3/x64/lib/python3.12/site-packages/urllib3/connectionpool.py:1103: InsecureRequestWarning: Unverified HTTPS request is being made to host 'randomuser.me'. Adding certificate verification is strongly advised. See: https://urllib3.readthedocs.io/en/latest/advanced-usage.html#tls-warnings
  warnings.warn(</msg>
<msg time="2024-05-23T21:13:18.666734" level="INFO">${response} = &lt;Response [200]&gt;</msg>
<var>${response}</var>
<arg>consultarAPI</arg>
<arg>/api</arg>
<doc>Sends a GET request on a previously created HTTP Session.</doc>
<status status="PASS" start="2024-05-23T21:13:18.558384" elapsed="0.108400"/>
</kw>
<kw name="Set Variable" owner="BuiltIn">
<msg time="2024-05-23T21:13:18.667881" level="INFO">${json_data} = {'results': [{'gender': 'male', 'name': {'title': 'Mr', 'first': 'Rasmus', 'last': 'Jensen'}, 'location': {'street': {'number': 3102, 'name': 'Oddesundvej'}, 'city': 'Klitmøller', 'state': 'Syddanmark...</msg>
<var>${json_data}</var>
<arg>${response.json()}</arg>
<doc>Returns the given values which can then be assigned to a variables.</doc>
<status status="PASS" start="2024-05-23T21:13:18.667337" elapsed="0.000573"/>
</kw>
<kw name="Log" owner="BuiltIn">
<msg time="2024-05-23T21:13:18.668394" level="INFO">{'results': [{'gender': 'male', 'name': {'title': 'Mr', 'first': 'Rasmus', 'last': 'Jensen'}, 'location': {'street': {'number': 3102, 'name': 'Oddesundvej'}, 'city': 'Klitmøller', 'state': 'Syddanmark', 'country': 'Denmark', 'postcode': 19031, 'coordinates': {'latitude': '-46.1606', 'longitude': '-16.8782'}, 'timezone': {'offset': '+1:00', 'description': 'Brussels, Copenhagen, Madrid, Paris'}}, 'email': 'rasmus.jensen@example.com', 'login': {'uuid': 'c37495e1-5933-4f25-95c2-76663ee3610c', 'username': 'silverdog525', 'password': 'fdsa', 'salt': 'uMom8jwY', 'md5': 'd2faf7c6732131662446fba07e0c6089', 'sha1': '4cb31b942843c8eed778ca0e198c6fd06ed6a3c6', 'sha256': 'deae37d745c0e65ea2f07d496f1f45a40e32316e076cc682dca55df02019bc9e'}, 'dob': {'date': '1968-05-25T11:18:13.696Z', 'age': 55}, 'registered': {'date': '2010-09-26T15:23:45.649Z', 'age': 13}, 'phone': '18813107', 'cell': '13435332', 'id': {'name': 'CPR', 'value': '250568-7078'}, 'picture': {'large': 'https://randomuser.me/api/portraits/men/37.jpg', 'medium': 'https://randomuser.me/api/portraits/med/men/37.jpg', 'thumbnail': 'https://randomuser.me/api/portraits/thumb/men/37.jpg'}, 'nat': 'DK'}], 'info': {'seed': '45bfe9601813d093', 'results': 1, 'page': 1, 'version': '1.4'}}</msg>
<arg>${json_data}</arg>
<doc>Logs the given message with the given level.</doc>
<status status="PASS" start="2024-05-23T21:13:18.668233" elapsed="0.000260"/>
</kw>
<kw name="Should Be Equal As Numbers" owner="BuiltIn">
<arg>${json_data['results'][0]['location']['postcode']}</arg>
<arg>${json_data['results'][0]['location']['postcode']}</arg>
<doc>Fails if objects are unequal after converting them to real numbers.</doc>
<status status="PASS" start="2024-05-23T21:13:18.668794" elapsed="0.000626"/>
</kw>
<kw name="Log" owner="BuiltIn">
<msg time="2024-05-23T21:13:18.669949" level="INFO">19031</msg>
<arg>${json_data['results'][0]['location']['postcode']}</arg>
<doc>Logs the given message with the given level.</doc>
<status status="PASS" start="2024-05-23T21:13:18.669612" elapsed="0.000379"/>
</kw>
<status status="PASS" start="2024-05-23T21:13:18.558102" elapsed="0.112180"/>
</kw>
<doc>Testa se os tipos de dados na resposta da API estão corretos.</doc>
<tag>testeTiposDados</tag>
<status status="PASS" start="2024-05-23T21:13:18.469518" elapsed="0.200949"/>
</test>
<test id="s1-s1-t5" name="Validar conteudo" line="35">
<kw name="Teste de Tipos de Conteudo" owner="random-user-service">
<kw name="GET On Session" owner="RequestsLibrary">
<msg time="2024-05-23T21:13:18.756176" level="INFO">GET Request : url=https://randomuser.me/api 
 path_url=/api 
 headers={'User-Agent': 'python-requests/2.32.2', 'Accept-Encoding': 'gzip, deflate', 'Accept': '*/*', 'Connection': 'keep-alive'} 
 body=None 
 </msg>
<msg time="2024-05-23T21:13:18.756274" level="INFO">GET Response : url=https://randomuser.me/api 
 status=200, reason=OK 
 headers={'Date': 'Thu, 23 May 2024 21:13:18 GMT', 'Content-Type': 'application/json; charset=utf-8', 'Transfer-Encoding': 'chunked', 'Connection': 'keep-alive', 'X-Powered-By': 'Express', 'Access-Control-Allow-Origin': '*', 'Cache-Control': 'no-cache', 'ETag': 'W/"47b-wkJzD+MhMk4TSYac0v5pQ6Gat9o"', 'Vary': 'Accept-Encoding', 'Content-Encoding': 'gzip', 'CF-Cache-Status': 'DYNAMIC', 'Report-To': '{"endpoints":[{"url":"https:\\/\\/a.nel.cloudflare.com\\/report\\/v4?s=Sq3tC3rwvUsppJGRkKejMcTSlZVQnfwauDAgCWVTzTYGkv98pMLih9Af2zsWe1x6Sr9R6%2FdpzWB1H027NtgTSONCf%2FAqS0pxH2JnKfERDnQjuyp7MKpBZ9RdaweYGW3%2B"}],"group":"cf-nel","max_age":604800}', 'NEL': '{"success_fraction":0,"report_to":"cf-nel","max_age":604800}', 'Server': 'cloudflare', 'CF-RAY': '88880c93bd2f2ade-ORD', 'alt-svc': 'h3=":443"; ma=86400'} 
 body={"results":[{"gender":"male","name":{"title":"Mr","first":"امیر","last":"گلشن"},"location":{"street":{"number":7909,"name":"17 شهریور"},"city":"ملارد","state":"ایلام","country":"Iran","postcode":29834,"coordinates":{"latitude":"17.2734","longitude":"-33.3549"},"timezone":{"offset":"+4:00","description":"Abu Dhabi, Muscat, Baku, Tbilisi"}},"email":"myr.glshn@example.com","login":{"uuid":"3f9c0c23-e18a-442c-b915-7411afbfb0ef","username":"biggoose517","password":"mitch","salt":"5gFNrlVD","md5":"2c83b3e47db7890fea473fe63955fa6b","sha1":"d4d1a3f04ef4854e0d88c5c91a6517d7e088aa05","sha256":"d61cf4defdd3e64fe6ac399a2312dad1e1c8bfabedb01c12426299054842431d"},"dob":{"date":"1961-09-05T15:14:42.769Z","age":62},"registered":{"date":"2004-09-16T07:29:34.025Z","age":19},"phone":"069-69608921","cell":"0934-911-0583","id":{"name":"","value":null},"picture":{"large":"https://randomuser.me/api/portraits/men/7.jpg","medium":"https://randomuser.me/api/portraits/med/men/7.jpg","thumbnail":"https://randomuser.me/api/portraits/thumb/men/7.jpg"},"nat":"IR"}],"info":{"seed":"4c7674b71e17ff29","results":1,"page":1,"version":"1.4"}} 
 </msg>
<msg time="2024-05-23T21:13:18.756347" level="INFO">/opt/hostedtoolcache/Python/3.12.3/x64/lib/python3.12/site-packages/urllib3/connectionpool.py:1103: InsecureRequestWarning: Unverified HTTPS request is being made to host 'randomuser.me'. Adding certificate verification is strongly advised. See: https://urllib3.readthedocs.io/en/latest/advanced-usage.html#tls-warnings
  warnings.warn(</msg>
<msg time="2024-05-23T21:13:18.756471" level="INFO">${response} = &lt;Response [200]&gt;</msg>
<var>${response}</var>
<arg>consultarAPI</arg>
<arg>/api</arg>
<doc>Sends a GET request on a previously created HTTP Session.</doc>
<status status="PASS" start="2024-05-23T21:13:18.672940" elapsed="0.083563"/>
</kw>
<kw name="Set Variable" owner="BuiltIn">
<msg time="2024-05-23T21:13:18.757582" level="INFO">${json_data} = {'results': [{'gender': 'male', 'name': {'title': 'Mr', 'first': 'امیر', 'last': 'گلشن'}, 'location': {'street': {'number': 7909, 'name': '17 شهریور'}, 'city': 'ملارد', 'state': 'ایلام', 'country': 'I...</msg>
<var>${json_data}</var>
<arg>${response.json()}</arg>
<doc>Returns the given values which can then be assigned to a variables.</doc>
<status status="PASS" start="2024-05-23T21:13:18.757033" elapsed="0.000580"/>
</kw>
<kw name="Set Variable" owner="BuiltIn">
<msg time="2024-05-23T21:13:18.758350" level="INFO">${name_title} = Mr</msg>
<var>${name_title}</var>
<arg>${json_data["results"][0]["name"]["title"]}</arg>
<doc>Returns the given values which can then be assigned to a variables.</doc>
<status status="PASS" start="2024-05-23T21:13:18.757922" elapsed="0.000453"/>
</kw>
<kw name="Create List" owner="BuiltIn">
<msg time="2024-05-23T21:13:18.758824" level="INFO">${allowed_titles} = ['Mr', 'Ms', 'Miss', 'Mrs', 'Madame', 'Monsieur']</msg>
<var>${allowed_titles}</var>
<arg>Mr</arg>
<arg>Ms</arg>
<arg>Miss</arg>
<arg>Mrs</arg>
<arg>Madame</arg>
<arg>Monsieur</arg>
<doc>Returns a list containing given items.</doc>
<status status="PASS" start="2024-05-23T21:13:18.758675" elapsed="0.000173"/>
</kw>
<kw name="List Should Contain Value" owner="Collections">
<msg time="2024-05-23T21:13:18.759316" level="INFO">False</msg>
<arg>${allowed_titles}</arg>
<arg>${name_title}</arg>
<doc>Fails if the ``value`` is not found from ``list``.</doc>
<status status="PASS" start="2024-05-23T21:13:18.759145" elapsed="0.000208"/>
</kw>
<kw name="Set Variable" owner="BuiltIn">
<msg time="2024-05-23T21:13:18.760227" level="INFO">${name_country} = IR</msg>
<var>${name_country}</var>
<arg>${json_data["results"][0]["nat"]}</arg>
<doc>Returns the given values which can then be assigned to a variables.</doc>
<status status="PASS" start="2024-05-23T21:13:18.759638" elapsed="0.000616"/>
</kw>
<kw name="Create List" owner="BuiltIn">
<msg time="2024-05-23T21:13:18.761171" level="INFO">${list_country} = ['AD', 'AE', 'AF', 'AG', 'AI', 'AL', 'AM', 'AO', 'AQ', 'AR', 'AS', 'AT', 'AU', 'AW', 'AX', 'AZ', 'BA', 'BB', 'BD', 'BE', 'BF', 'BG', 'BH', 'BI', 'BJ', 'BL', 'BM', 'BN', 'BO', 'BQ', 'BR', 'BS', 'BT', '...</msg>
<var>${list_country}</var>
<arg>AD</arg>
<arg>AE</arg>
<arg>AF</arg>
<arg>AG</arg>
<arg>AI</arg>
<arg>AL</arg>
<arg>AM</arg>
<arg>AO</arg>
<arg>AQ</arg>
<arg>AR</arg>
<arg>AS</arg>
<arg>AT</arg>
<arg>AU</arg>
<arg>AW</arg>
<arg>AX</arg>
<arg>AZ</arg>
<arg>BA</arg>
<arg>BB</arg>
<arg>BD</arg>
<arg>BE</arg>
<arg>BF</arg>
<arg>BG</arg>
<arg>BH</arg>
<arg>BI</arg>
<arg>BJ</arg>
<arg>BL</arg>
<arg>BM</arg>
<arg>BN</arg>
<arg>BO</arg>
<arg>BQ</arg>
<arg>BR</arg>
<arg>BS</arg>
<arg>BT</arg>
<arg>BV</arg>
<arg>BW</arg>
<arg>BY</arg>
<arg>BZ</arg>
<arg>CA</arg>
<arg>CC</arg>
<arg>CD</arg>
<arg>CF</arg>
<arg>CG</arg>
<arg>CH</arg>
<arg>CI</arg>
<arg>CK</arg>
<arg>CL</arg>
<arg>CM</arg>
<arg>CN</arg>
<arg>CO</arg>
<arg>CR</arg>
<arg>CU</arg>
<arg>CV</arg>
<arg>CW</arg>
<arg>CX</arg>
<arg>CY</arg>
<arg>CZ</arg>
<arg>DE</arg>
<arg>DJ</arg>
<arg>DK</arg>
<arg>DM</arg>
<arg>DO</arg>
<arg>DZ</arg>
<arg>EC</arg>
<arg>EE</arg>
<arg>EG</arg>
<arg>EH</arg>
<arg>ER</arg>
<arg>ES</arg>
<arg>ET</arg>
<arg>FI</arg>
<arg>FJ</arg>
<arg>FK</arg>
<arg>FM</arg>
<arg>FO</arg>
<arg>FR</arg>
<arg>GA</arg>
<arg>GB</arg>
<arg>GD</arg>
<arg>GE</arg>
<arg>GF</arg>
<arg>GG</arg>
<arg>GH</arg>
<arg>GI</arg>
<arg>GL</arg>
<arg>GM</arg>
<arg>GN</arg>
<arg>GP</arg>
<arg>GQ</arg>
<arg>GR</arg>
<arg>GS</arg>
<arg>GT</arg>
<arg>GU</arg>
<arg>GW</arg>
<arg>GY</arg>
<arg>HK</arg>
<arg>HM</arg>
<arg>HN</arg>
<arg>HR</arg>
<arg>HT</arg>
<arg>HU</arg>
<arg>ID</arg>
<arg>IE</arg>
<arg>IL</arg>
<arg>IM</arg>
<arg>IN</arg>
<arg>IO</arg>
<arg>IQ</arg>
<arg>IR</arg>
<arg>IS</arg>
<arg>IT</arg>
<arg>JE</arg>
<arg>JM</arg>
<arg>JO</arg>
<arg>JP</arg>
<arg>KE</arg>
<arg>KG</arg>
<arg>KH</arg>
<arg>KI</arg>
<arg>KM</arg>
<arg>KN</arg>
<arg>KP</arg>
<arg>KR</arg>
<arg>KW</arg>
<arg>KY</arg>
<arg>KZ</arg>
<arg>LA</arg>
<arg>LB</arg>
<arg>LC</arg>
<arg>LI</arg>
<arg>LK</arg>
<arg>LR</arg>
<arg>LS</arg>
<arg>LT</arg>
<arg>LU</arg>
<arg>LV</arg>
<arg>LY</arg>
<arg>MA</arg>
<arg>MC</arg>
<arg>MD</arg>
<arg>ME</arg>
<arg>MF</arg>
<arg>MG</arg>
<arg>MH</arg>
<arg>MK</arg>
<arg>ML</arg>
<arg>MM</arg>
<arg>MN</arg>
<arg>MO</arg>
<arg>MP</arg>
<arg>MQ</arg>
<arg>MR</arg>
<arg>MS</arg>
<arg>MT</arg>
<arg>MU</arg>
<arg>MV</arg>
<arg>MW</arg>
<arg>MX</arg>
<arg>MY</arg>
<arg>MZ</arg>
<arg>NA</arg>
<arg>NC</arg>
<arg>NE</arg>
<arg>NF</arg>
<arg>NG</arg>
<arg>NI</arg>
<arg>NL</arg>
<arg>NO</arg>
<arg>NP</arg>
<arg>NR</arg>
<arg>NU</arg>
<arg>NZ</arg>
<arg>OM</arg>
<arg>PA</arg>
<arg>PE</arg>
<arg>PF</arg>
<arg>PG</arg>
<arg>PH</arg>
<arg>PK</arg>
<arg>PL</arg>
<arg>PM</arg>
<arg>PN</arg>
<arg>PR</arg>
<arg>PS</arg>
<arg>PT</arg>
<arg>PW</arg>
<arg>PY</arg>
<arg>QA</arg>
<arg>RE</arg>
<arg>RO</arg>
<arg>RS</arg>
<arg>RU</arg>
<arg>RW</arg>
<arg>SA</arg>
<arg>SB</arg>
<arg>SC</arg>
<arg>SD</arg>
<arg>SE</arg>
<arg>SG</arg>
<arg>SH</arg>
<arg>SI</arg>
<arg>SJ</arg>
<arg>SK</arg>
<arg>SL</arg>
<arg>SM</arg>
<arg>SN</arg>
<arg>SO</arg>
<arg>SR</arg>
<arg>SS</arg>
<arg>ST</arg>
<arg>SV</arg>
<arg>SX</arg>
<arg>SY</arg>
<arg>SZ</arg>
<arg>TC</arg>
<arg>TD</arg>
<arg>TF</arg>
<arg>TG</arg>
<arg>TH</arg>
<arg>TJ</arg>
<arg>TK</arg>
<arg>TL</arg>
<arg>TM</arg>
<arg>TN</arg>
<arg>TO</arg>
<arg>TR</arg>
<arg>TT</arg>
<arg>TV</arg>
<arg>TW</arg>
<arg>TZ</arg>
<arg>UA</arg>
<arg>UG</arg>
<arg>UM</arg>
<arg>US</arg>
<arg>UY</arg>
<arg>UZ</arg>
<arg>VA</arg>
<arg>VC</arg>
<arg>VE</arg>
<arg>VG</arg>
<arg>VI</arg>
<arg>VN</arg>
<arg>VU</arg>
<arg>WF</arg>
<arg>WS</arg>
<arg>XK</arg>
<arg>YE</arg>
<arg>YT</arg>
<arg>ZA</arg>
<arg>ZM</arg>
<arg>ZW</arg>
<doc>Returns a list containing given items.</doc>
<status status="PASS" start="2024-05-23T21:13:18.760572" elapsed="0.000624"/>
</kw>
<kw name="List Should Contain Value" owner="Collections">
<msg time="2024-05-23T21:13:18.762232" level="INFO">False</msg>
<arg>${list_country}</arg>
<arg>${name_country}</arg>
<doc>Fails if the ``value`` is not found from ``list``.</doc>
<status status="PASS" start="2024-05-23T21:13:18.761982" elapsed="0.000289"/>
</kw>
<kw name="Run Keyword If" owner="BuiltIn">
<kw name="Should Be True" owner="BuiltIn">
<arg>${True}</arg>
<doc>Fails if the given condition is not true.</doc>
<status status="PASS" start="2024-05-23T21:13:18.763346" elapsed="0.000142"/>
</kw>
<arg>${json_data["results"][0]["location"]["coordinates"]["latitude"]} &gt;= -90 and ${json_data["results"][0]["location"]["coordinates"]["latitude"]} &lt;= 90</arg>
<arg>Should Be True</arg>
<arg>${True}</arg>
<doc>Runs the given keyword with the given arguments, if ``condition`` is true.</doc>
<status status="PASS" start="2024-05-23T21:13:18.762591" elapsed="0.001023"/>
</kw>
<kw name="Run Keyword If" owner="BuiltIn">
<kw name="Should Be True" owner="BuiltIn">
<arg>${True}</arg>
<doc>Fails if the given condition is not true.</doc>
<status status="PASS" start="2024-05-23T21:13:18.764486" elapsed="0.000137"/>
</kw>
<arg>${json_data["results"][0]["location"]["coordinates"]["longitude"]} &gt;= -180 and ${json_data["results"][0]["location"]["coordinates"]["longitude"]} &lt;= 180</arg>
<arg>Should Be True</arg>
<arg>${True}</arg>
<doc>Runs the given keyword with the given arguments, if ``condition`` is true.</doc>
<status status="PASS" start="2024-05-23T21:13:18.763797" elapsed="0.000947"/>
</kw>
<status status="PASS" start="2024-05-23T21:13:18.672707" elapsed="0.092169"/>
</kw>
<doc>Testa o conteúdo específico dos campos retornados pela API.</doc>
<tag>testeConteudo</tag>
<status status="PASS" start="2024-05-23T21:13:18.672228" elapsed="0.092801"/>
</test>
<status status="PASS" start="2024-05-23T21:13:17.746743" elapsed="1.020331"/>
</suite>
<status status="PASS" start="2024-05-23T21:13:17.732622" elapsed="1.039657"/>
</suite>
<statistics>
<total>
<stat pass="5" fail="0" skip="0">All Tests</stat>
</total>
<tag>
<stat pass="1" fail="0" skip="0">testeConteudo</stat>
<stat pass="1" fail="0" skip="0">testeEstruturaResposta</stat>
<stat pass="1" fail="0" skip="0">testeRequisicaoBasica</stat>
<stat pass="1" fail="0" skip="0">testeTiposDados</stat>
</tag>
<suite>
<stat pass="5" fail="0" skip="0" id="s1" name="Tests">Tests</stat>
<stat pass="5" fail="0" skip="0" id="s1-s1" name="Random-User-Test">Tests.Random-User-Test</stat>
</suite>
</statistics>
<errors>
</errors>
</robot>
