<?xml version="1.0" encoding="UTF-8"?>
<robot generator="Robot 7.0 (Python 3.12.2 on linux)" generated="2024-04-04T23:14:42.263910" rpa="false" schemaversion="5">
<suite id="s1" name="Tests" source="/home/runner/work/DesafioQAItauRogerioJordao/DesafioQAItauRogerioJordao/RamdonUser/tests">
<suite id="s1-s1" name="Random-User-Test" source="/home/runner/work/DesafioQAItauRogerioJordao/DesafioQAItauRogerioJordao/RamdonUser/tests/random-user-test.robot">
<test id="s1-s1-t1" name="Conectar" line="13">
<kw name="Conectar API" owner="random-user-service">
<kw name="Create Session" owner="RequestsLibrary">
<msg time="2024-04-04T23:14:42.653638" level="INFO">Creating Session using : alias=consultarAPI, url=https://randomuser.me/, headers={},                     cookies={}, auth=None, timeout=None, proxies=None, verify=False,                     debug=0 </msg>
<arg>consultarAPI</arg>
<arg>${URL}</arg>
<doc>Create Session: create a HTTP session to a server</doc>
<status status="PASS" start="2024-04-04T23:14:42.653432" elapsed="0.000390"/>
</kw>
<status status="PASS" start="2024-04-04T23:14:42.652372" elapsed="0.001821"/>
</kw>
<status status="PASS" start="2024-04-04T23:14:42.651830" elapsed="0.002574"/>
</test>
<test id="s1-s1-t2" name="Validar retorno 200 e JSON Válido" line="16">
<kw name="Teste de Requisicao Basica" owner="random-user-service">
<kw name="GET On Session" owner="RequestsLibrary">
<msg time="2024-04-04T23:14:42.727996" level="INFO">GET Request : url=https://randomuser.me/api 
 path_url=/api 
 headers={'User-Agent': 'python-requests/2.31.0', 'Accept-Encoding': 'gzip, deflate', 'Accept': '*/*', 'Connection': 'keep-alive'} 
 body=None 
 </msg>
<msg time="2024-04-04T23:14:42.728141" level="INFO">GET Response : url=https://randomuser.me/api 
 status=200, reason=OK 
 headers={'Date': 'Thu, 04 Apr 2024 23:14:42 GMT', 'Content-Type': 'application/json; charset=utf-8', 'Transfer-Encoding': 'chunked', 'Connection': 'keep-alive', 'X-Powered-By': 'Express', 'Access-Control-Allow-Origin': '*', 'Cache-Control': 'no-cache', 'ETag': 'W/"495-bcULIAQ91Nek10bYU+MWRZ/fQVI"', 'Vary': 'Accept-Encoding', 'Content-Encoding': 'gzip', 'CF-Cache-Status': 'DYNAMIC', 'Report-To': '{"endpoints":[{"url":"https:\\/\\/a.nel.cloudflare.com\\/report\\/v4?s=w1HeUDRATLX3Uh%2F19tovHzAyiGZT42PXUrVkFE4zOrVDg3lHUw99Tdt2WbgdGqOjKs7ufhH4x0vAkkjrP9vdtyaeAfnTOkcEZZtK8FqfcoBwv%2B354GbUuJ2TKkufr3XU"}],"group":"cf-nel","max_age":604800}', 'NEL': '{"success_fraction":0,"report_to":"cf-nel","max_age":604800}', 'Server': 'cloudflare', 'CF-RAY': '86f4ff08dda65800-IAD', 'alt-svc': 'h3=":443"; ma=86400'} 
 body={"results":[{"gender":"female","name":{"title":"Miss","first":"Anna","last":"Wang"},"location":{"street":{"number":5067,"name":"Hanover Street"},"city":"Palmerston North","state":"Northland","country":"New Zealand","postcode":33877,"coordinates":{"latitude":"48.0475","longitude":"77.1878"},"timezone":{"offset":"+3:00","description":"Baghdad, Riyadh, Moscow, St. Petersburg"}},"email":"anna.wang@example.com","login":{"uuid":"1d188598-4ac3-4a9e-aeb6-e1583559408f","username":"greentiger163","password":"reds","salt":"NXnNI634","md5":"20430540a161ac2d4ec6f4dda788ac60","sha1":"53b6c9a3ab6294cc2afc0f2ab4541eb414800c92","sha256":"998a02edcb9d2f3892fca7ea986583bc8e2ad1d54a4b0b9389cb03b214488a42"},"dob":{"date":"1965-01-20T22:47:53.674Z","age":59},"registered":{"date":"2012-06-28T03:11:14.404Z","age":11},"phone":"(335)-205-9040","cell":"(858)-584-4180","id":{"name":"","value":null},"picture":{"large":"https://randomuser.me/api/portraits/women/23.jpg","medium":"https://randomuser.me/api/portraits/med/women/23.jpg","thumbnail":"https://randomuser.me/api/portraits/thumb/women/23.jpg"},"nat":"NZ"}],"info":{"seed":"08d66c04d1429c64","results":1,"page":1,"version":"1.4"}} 
 </msg>
<msg time="2024-04-04T23:14:42.728242" level="INFO">/opt/hostedtoolcache/Python/3.12.2/x64/lib/python3.12/site-packages/urllib3/connectionpool.py:1103: InsecureRequestWarning: Unverified HTTPS request is being made to host 'randomuser.me'. Adding certificate verification is strongly advised. See: https://urllib3.readthedocs.io/en/latest/advanced-usage.html#tls-warnings
  warnings.warn(</msg>
<msg time="2024-04-04T23:14:42.728389" level="INFO">${response} = &lt;Response [200]&gt;</msg>
<var>${response}</var>
<arg>consultarAPI</arg>
<arg>/api</arg>
<doc>Sends a GET request on a previously created HTTP Session.</doc>
<status status="PASS" start="2024-04-04T23:14:42.656974" elapsed="0.071455"/>
</kw>
<kw name="Should Be Equal As Numbers" owner="BuiltIn">
<msg time="2024-04-04T23:14:42.729438" level="INFO">Argument types are:
&lt;class 'int'&gt;
&lt;class 'str'&gt;</msg>
<arg>${response.status_code}</arg>
<arg>200</arg>
<doc>Fails if objects are unequal after converting them to real numbers.</doc>
<status status="PASS" start="2024-04-04T23:14:42.728954" elapsed="0.000549"/>
</kw>
<kw name="Log" owner="BuiltIn">
<msg time="2024-04-04T23:14:42.730190" level="INFO">200</msg>
<arg>${response.status_code}</arg>
<doc>Logs the given message with the given level.</doc>
<status status="PASS" start="2024-04-04T23:14:42.729830" elapsed="0.000404"/>
</kw>
<kw name="Set Variable" owner="BuiltIn">
<msg time="2024-04-04T23:14:42.731016" level="INFO">${json_data} = {'results': [{'gender': 'female', 'name': {'title': 'Miss', 'first': 'Anna', 'last': 'Wang'}, 'location': {'street': {'number': 5067, 'name': 'Hanover Street'}, 'city': 'Palmerston North', 'state': 'N...</msg>
<var>${json_data}</var>
<arg>${response.json()}</arg>
<doc>Returns the given values which can then be assigned to a variables.</doc>
<status status="PASS" start="2024-04-04T23:14:42.730579" elapsed="0.000465"/>
</kw>
<kw name="Dictionary Should Contain Key" owner="Collections">
<msg time="2024-04-04T23:14:42.731551" level="INFO">False</msg>
<arg>${json_data}</arg>
<arg>results</arg>
<doc>Fails if ``key`` is not found from ``dictionary``.</doc>
<status status="PASS" start="2024-04-04T23:14:42.731348" elapsed="0.000243"/>
</kw>
<status status="PASS" start="2024-04-04T23:14:42.656728" elapsed="0.075130"/>
</kw>
<doc>Testa se a API responde corretamente e retorna um objeto JSON válido.</doc>
<tag>testeRequisicaoBasica</tag>
<status status="PASS" start="2024-04-04T23:14:42.656280" elapsed="0.075772"/>
</test>
<test id="s1-s1-t3" name="Validar estrutura de resposta" line="22">
<kw name="Teste de Estrutura de Resposta" owner="random-user-service">
<kw name="GET On Session" owner="RequestsLibrary">
<msg time="2024-04-04T23:14:42.831370" level="INFO">GET Request : url=https://randomuser.me/api 
 path_url=/api 
 headers={'User-Agent': 'python-requests/2.31.0', 'Accept-Encoding': 'gzip, deflate', 'Accept': '*/*', 'Connection': 'keep-alive'} 
 body=None 
 </msg>
<msg time="2024-04-04T23:14:42.831515" level="INFO">GET Response : url=https://randomuser.me/api 
 status=200, reason=OK 
 headers={'Date': 'Thu, 04 Apr 2024 23:14:42 GMT', 'Content-Type': 'application/json; charset=utf-8', 'Transfer-Encoding': 'chunked', 'Connection': 'keep-alive', 'X-Powered-By': 'Express', 'Access-Control-Allow-Origin': '*', 'Cache-Control': 'no-cache', 'ETag': 'W/"49b-+e50fuD+E9OYea8BbrNtyXc1V80"', 'Vary': 'Accept-Encoding', 'Content-Encoding': 'gzip', 'CF-Cache-Status': 'DYNAMIC', 'Report-To': '{"endpoints":[{"url":"https:\\/\\/a.nel.cloudflare.com\\/report\\/v4?s=5vC6JoO9YUJuIhGu%2Bo8RG1HtHOBPUI3KkMPRYgOTJVbdp2ZcquqQQBW%2FoR1D4mHs4sEKk4G%2Fj8eZDpPScU%2B12yfjnh6tAfOMdyf2f1yozQXSeTtGIrCkSx5VOu65IWbJ"}],"group":"cf-nel","max_age":604800}', 'NEL': '{"success_fraction":0,"report_to":"cf-nel","max_age":604800}', 'Server': 'cloudflare', 'CF-RAY': '86f4ff091dd15800-IAD', 'alt-svc': 'h3=":443"; ma=86400'} 
 body={"results":[{"gender":"female","name":{"title":"Mrs","first":"Esmeralda","last":"Zhibak"},"location":{"street":{"number":4422,"name":"Bobrovickiy provulok"},"city":"Merefa","state":"Lvivska","country":"Ukraine","postcode":84003,"coordinates":{"latitude":"74.5875","longitude":"174.0856"},"timezone":{"offset":"-6:00","description":"Central Time (US &amp; Canada), Mexico City"}},"email":"esmeralda.zhibak@example.com","login":{"uuid":"44637188-dbd2-49a4-879a-b3820a7f7a2c","username":"purplepanda290","password":"moonligh","salt":"R2lINrFE","md5":"c303c678eeb3aeda0d027efcc2f582dd","sha1":"ad553a1165c99245aa2479edf5ff9239ae78717f","sha256":"a791c8e67b401601830bc8cf399e5ac23c1f1f9516def52a6417874a4f32ac81"},"dob":{"date":"1975-01-05T05:07:17.207Z","age":49},"registered":{"date":"2005-11-15T20:33:37.033Z","age":18},"phone":"(097) M94-6173","cell":"(098) I91-4211","id":{"name":"","value":null},"picture":{"large":"https://randomuser.me/api/portraits/women/3.jpg","medium":"https://randomuser.me/api/portraits/med/women/3.jpg","thumbnail":"https://randomuser.me/api/portraits/thumb/women/3.jpg"},"nat":"UA"}],"info":{"seed":"954d9c1376dfd4e8","results":1,"page":1,"version":"1.4"}} 
 </msg>
<msg time="2024-04-04T23:14:42.831658" level="INFO">/opt/hostedtoolcache/Python/3.12.2/x64/lib/python3.12/site-packages/urllib3/connectionpool.py:1103: InsecureRequestWarning: Unverified HTTPS request is being made to host 'randomuser.me'. Adding certificate verification is strongly advised. See: https://urllib3.readthedocs.io/en/latest/advanced-usage.html#tls-warnings
  warnings.warn(</msg>
<msg time="2024-04-04T23:14:42.831795" level="INFO">${response} = &lt;Response [200]&gt;</msg>
<var>${response}</var>
<arg>consultarAPI</arg>
<arg>/api</arg>
<doc>Sends a GET request on a previously created HTTP Session.</doc>
<status status="PASS" start="2024-04-04T23:14:42.734929" elapsed="0.096905"/>
</kw>
<kw name="Set Variable" owner="BuiltIn">
<msg time="2024-04-04T23:14:42.833000" level="INFO">${json_data} = {'results': [{'gender': 'female', 'name': {'title': 'Mrs', 'first': 'Esmeralda', 'last': 'Zhibak'}, 'location': {'street': {'number': 4422, 'name': 'Bobrovickiy provulok'}, 'city': 'Merefa', 'state': ...</msg>
<var>${json_data}</var>
<arg>${response.json()}</arg>
<doc>Returns the given values which can then be assigned to a variables.</doc>
<status status="PASS" start="2024-04-04T23:14:42.832440" elapsed="0.000589"/>
</kw>
<kw name="Log" owner="BuiltIn">
<msg time="2024-04-04T23:14:42.833530" level="INFO">{'results': [{'gender': 'female', 'name': {'title': 'Mrs', 'first': 'Esmeralda', 'last': 'Zhibak'}, 'location': {'street': {'number': 4422, 'name': 'Bobrovickiy provulok'}, 'city': 'Merefa', 'state': 'Lvivska', 'country': 'Ukraine', 'postcode': 84003, 'coordinates': {'latitude': '74.5875', 'longitude': '174.0856'}, 'timezone': {'offset': '-6:00', 'description': 'Central Time (US &amp; Canada), Mexico City'}}, 'email': 'esmeralda.zhibak@example.com', 'login': {'uuid': '44637188-dbd2-49a4-879a-b3820a7f7a2c', 'username': 'purplepanda290', 'password': 'moonligh', 'salt': 'R2lINrFE', 'md5': 'c303c678eeb3aeda0d027efcc2f582dd', 'sha1': 'ad553a1165c99245aa2479edf5ff9239ae78717f', 'sha256': 'a791c8e67b401601830bc8cf399e5ac23c1f1f9516def52a6417874a4f32ac81'}, 'dob': {'date': '1975-01-05T05:07:17.207Z', 'age': 49}, 'registered': {'date': '2005-11-15T20:33:37.033Z', 'age': 18}, 'phone': '(097) M94-6173', 'cell': '(098) I91-4211', 'id': {'name': '', 'value': None}, 'picture': {'large': 'https://randomuser.me/api/portraits/women/3.jpg', 'medium': 'https://randomuser.me/api/portraits/med/women/3.jpg', 'thumbnail': 'https://randomuser.me/api/portraits/thumb/women/3.jpg'}, 'nat': 'UA'}], 'info': {'seed': '954d9c1376dfd4e8', 'results': 1, 'page': 1, 'version': '1.4'}}</msg>
<arg>${json_data}</arg>
<doc>Logs the given message with the given level.</doc>
<status status="PASS" start="2024-04-04T23:14:42.833354" elapsed="0.000225"/>
</kw>
<kw name="Dictionary Should Contain Key" owner="Collections">
<msg time="2024-04-04T23:14:42.834036" level="INFO">False</msg>
<arg>${json_data}</arg>
<arg>results</arg>
<doc>Fails if ``key`` is not found from ``dictionary``.</doc>
<status status="PASS" start="2024-04-04T23:14:42.833878" elapsed="0.000196"/>
</kw>
<kw name="Should Not Be Empty" owner="BuiltIn">
<msg time="2024-04-04T23:14:42.834502" level="INFO">Length is 2.</msg>
<arg>${json_data}</arg>
<doc>Verifies that the given item is not empty.</doc>
<status status="PASS" start="2024-04-04T23:14:42.834370" elapsed="0.000170"/>
</kw>
<kw name="Create List" owner="BuiltIn">
<msg time="2024-04-04T23:14:42.834978" level="INFO">${expected_keys} = ['gender', 'name', 'location', 'email', 'login']</msg>
<var>${expected_keys}</var>
<arg>gender</arg>
<arg>name</arg>
<arg>location</arg>
<arg>email</arg>
<arg>login</arg>
<doc>Returns a list containing given items.</doc>
<status status="PASS" start="2024-04-04T23:14:42.834830" elapsed="0.000172"/>
</kw>
<for flavor="IN">
<iter>
<kw name="Dictionary Should Contain Key" owner="Collections">
<msg time="2024-04-04T23:14:42.836034" level="INFO">False</msg>
<arg>${json_data['results'][0]}</arg>
<arg>${key}</arg>
<doc>Fails if ``key`` is not found from ``dictionary``.</doc>
<status status="PASS" start="2024-04-04T23:14:42.835619" elapsed="0.000455"/>
</kw>
<kw name="Log" owner="BuiltIn">
<msg time="2024-04-04T23:14:42.836746" level="INFO">{'gender': 'female', 'name': {'title': 'Mrs', 'first': 'Esmeralda', 'last': 'Zhibak'}, 'location': {'street': {'number': 4422, 'name': 'Bobrovickiy provulok'}, 'city': 'Merefa', 'state': 'Lvivska', 'country': 'Ukraine', 'postcode': 84003, 'coordinates': {'latitude': '74.5875', 'longitude': '174.0856'}, 'timezone': {'offset': '-6:00', 'description': 'Central Time (US &amp; Canada), Mexico City'}}, 'email': 'esmeralda.zhibak@example.com', 'login': {'uuid': '44637188-dbd2-49a4-879a-b3820a7f7a2c', 'username': 'purplepanda290', 'password': 'moonligh', 'salt': 'R2lINrFE', 'md5': 'c303c678eeb3aeda0d027efcc2f582dd', 'sha1': 'ad553a1165c99245aa2479edf5ff9239ae78717f', 'sha256': 'a791c8e67b401601830bc8cf399e5ac23c1f1f9516def52a6417874a4f32ac81'}, 'dob': {'date': '1975-01-05T05:07:17.207Z', 'age': 49}, 'registered': {'date': '2005-11-15T20:33:37.033Z', 'age': 18}, 'phone': '(097) M94-6173', 'cell': '(098) I91-4211', 'id': {'name': '', 'value': None}, 'picture': {'large': 'https://randomuser.me/api/portraits/women/3.jpg', 'medium': 'https://randomuser.me/api/portraits/med/women/3.jpg', 'thumbnail': 'https://randomuser.me/api/portraits/thumb/women/3.jpg'}, 'nat': 'UA'}</msg>
<arg>${json_data['results'][0]}</arg>
<doc>Logs the given message with the given level.</doc>
<status status="PASS" start="2024-04-04T23:14:42.836385" elapsed="0.000416"/>
</kw>
<kw name="Log" owner="BuiltIn">
<msg time="2024-04-04T23:14:42.837230" level="INFO">gender</msg>
<arg>${key}</arg>
<doc>Logs the given message with the given level.</doc>
<status status="PASS" start="2024-04-04T23:14:42.837101" elapsed="0.000167"/>
</kw>
<var name="${key}">gender</var>
<status status="PASS" start="2024-04-04T23:14:42.835489" elapsed="0.001999"/>
</iter>
<iter>
<kw name="Dictionary Should Contain Key" owner="Collections">
<msg time="2024-04-04T23:14:42.838178" level="INFO">False</msg>
<arg>${json_data['results'][0]}</arg>
<arg>${key}</arg>
<doc>Fails if ``key`` is not found from ``dictionary``.</doc>
<status status="PASS" start="2024-04-04T23:14:42.837789" elapsed="0.000427"/>
</kw>
<kw name="Log" owner="BuiltIn">
<msg time="2024-04-04T23:14:42.838910" level="INFO">{'gender': 'female', 'name': {'title': 'Mrs', 'first': 'Esmeralda', 'last': 'Zhibak'}, 'location': {'street': {'number': 4422, 'name': 'Bobrovickiy provulok'}, 'city': 'Merefa', 'state': 'Lvivska', 'country': 'Ukraine', 'postcode': 84003, 'coordinates': {'latitude': '74.5875', 'longitude': '174.0856'}, 'timezone': {'offset': '-6:00', 'description': 'Central Time (US &amp; Canada), Mexico City'}}, 'email': 'esmeralda.zhibak@example.com', 'login': {'uuid': '44637188-dbd2-49a4-879a-b3820a7f7a2c', 'username': 'purplepanda290', 'password': 'moonligh', 'salt': 'R2lINrFE', 'md5': 'c303c678eeb3aeda0d027efcc2f582dd', 'sha1': 'ad553a1165c99245aa2479edf5ff9239ae78717f', 'sha256': 'a791c8e67b401601830bc8cf399e5ac23c1f1f9516def52a6417874a4f32ac81'}, 'dob': {'date': '1975-01-05T05:07:17.207Z', 'age': 49}, 'registered': {'date': '2005-11-15T20:33:37.033Z', 'age': 18}, 'phone': '(097) M94-6173', 'cell': '(098) I91-4211', 'id': {'name': '', 'value': None}, 'picture': {'large': 'https://randomuser.me/api/portraits/women/3.jpg', 'medium': 'https://randomuser.me/api/portraits/med/women/3.jpg', 'thumbnail': 'https://randomuser.me/api/portraits/thumb/women/3.jpg'}, 'nat': 'UA'}</msg>
<arg>${json_data['results'][0]}</arg>
<doc>Logs the given message with the given level.</doc>
<status status="PASS" start="2024-04-04T23:14:42.838544" elapsed="0.000415"/>
</kw>
<kw name="Log" owner="BuiltIn">
<msg time="2024-04-04T23:14:42.839395" level="INFO">name</msg>
<arg>${key}</arg>
<doc>Logs the given message with the given level.</doc>
<status status="PASS" start="2024-04-04T23:14:42.839265" elapsed="0.000194"/>
</kw>
<var name="${key}">name</var>
<status status="PASS" start="2024-04-04T23:14:42.837674" elapsed="0.002010"/>
</iter>
<iter>
<kw name="Dictionary Should Contain Key" owner="Collections">
<msg time="2024-04-04T23:14:42.840354" level="INFO">False</msg>
<arg>${json_data['results'][0]}</arg>
<arg>${key}</arg>
<doc>Fails if ``key`` is not found from ``dictionary``.</doc>
<status status="PASS" start="2024-04-04T23:14:42.839978" elapsed="0.000414"/>
</kw>
<kw name="Log" owner="BuiltIn">
<msg time="2024-04-04T23:14:42.841049" level="INFO">{'gender': 'female', 'name': {'title': 'Mrs', 'first': 'Esmeralda', 'last': 'Zhibak'}, 'location': {'street': {'number': 4422, 'name': 'Bobrovickiy provulok'}, 'city': 'Merefa', 'state': 'Lvivska', 'country': 'Ukraine', 'postcode': 84003, 'coordinates': {'latitude': '74.5875', 'longitude': '174.0856'}, 'timezone': {'offset': '-6:00', 'description': 'Central Time (US &amp; Canada), Mexico City'}}, 'email': 'esmeralda.zhibak@example.com', 'login': {'uuid': '44637188-dbd2-49a4-879a-b3820a7f7a2c', 'username': 'purplepanda290', 'password': 'moonligh', 'salt': 'R2lINrFE', 'md5': 'c303c678eeb3aeda0d027efcc2f582dd', 'sha1': 'ad553a1165c99245aa2479edf5ff9239ae78717f', 'sha256': 'a791c8e67b401601830bc8cf399e5ac23c1f1f9516def52a6417874a4f32ac81'}, 'dob': {'date': '1975-01-05T05:07:17.207Z', 'age': 49}, 'registered': {'date': '2005-11-15T20:33:37.033Z', 'age': 18}, 'phone': '(097) M94-6173', 'cell': '(098) I91-4211', 'id': {'name': '', 'value': None}, 'picture': {'large': 'https://randomuser.me/api/portraits/women/3.jpg', 'medium': 'https://randomuser.me/api/portraits/med/women/3.jpg', 'thumbnail': 'https://randomuser.me/api/portraits/thumb/women/3.jpg'}, 'nat': 'UA'}</msg>
<arg>${json_data['results'][0]}</arg>
<doc>Logs the given message with the given level.</doc>
<status status="PASS" start="2024-04-04T23:14:42.840693" elapsed="0.000410"/>
</kw>
<kw name="Log" owner="BuiltIn">
<msg time="2024-04-04T23:14:42.841526" level="INFO">location</msg>
<arg>${key}</arg>
<doc>Logs the given message with the given level.</doc>
<status status="PASS" start="2024-04-04T23:14:42.841399" elapsed="0.000165"/>
</kw>
<var name="${key}">location</var>
<status status="PASS" start="2024-04-04T23:14:42.839864" elapsed="0.001916"/>
</iter>
<iter>
<kw name="Dictionary Should Contain Key" owner="Collections">
<msg time="2024-04-04T23:14:42.842442" level="INFO">False</msg>
<arg>${json_data['results'][0]}</arg>
<arg>${key}</arg>
<doc>Fails if ``key`` is not found from ``dictionary``.</doc>
<status status="PASS" start="2024-04-04T23:14:42.842062" elapsed="0.000428"/>
</kw>
<kw name="Log" owner="BuiltIn">
<msg time="2024-04-04T23:14:42.843158" level="INFO">{'gender': 'female', 'name': {'title': 'Mrs', 'first': 'Esmeralda', 'last': 'Zhibak'}, 'location': {'street': {'number': 4422, 'name': 'Bobrovickiy provulok'}, 'city': 'Merefa', 'state': 'Lvivska', 'country': 'Ukraine', 'postcode': 84003, 'coordinates': {'latitude': '74.5875', 'longitude': '174.0856'}, 'timezone': {'offset': '-6:00', 'description': 'Central Time (US &amp; Canada), Mexico City'}}, 'email': 'esmeralda.zhibak@example.com', 'login': {'uuid': '44637188-dbd2-49a4-879a-b3820a7f7a2c', 'username': 'purplepanda290', 'password': 'moonligh', 'salt': 'R2lINrFE', 'md5': 'c303c678eeb3aeda0d027efcc2f582dd', 'sha1': 'ad553a1165c99245aa2479edf5ff9239ae78717f', 'sha256': 'a791c8e67b401601830bc8cf399e5ac23c1f1f9516def52a6417874a4f32ac81'}, 'dob': {'date': '1975-01-05T05:07:17.207Z', 'age': 49}, 'registered': {'date': '2005-11-15T20:33:37.033Z', 'age': 18}, 'phone': '(097) M94-6173', 'cell': '(098) I91-4211', 'id': {'name': '', 'value': None}, 'picture': {'large': 'https://randomuser.me/api/portraits/women/3.jpg', 'medium': 'https://randomuser.me/api/portraits/med/women/3.jpg', 'thumbnail': 'https://randomuser.me/api/portraits/thumb/women/3.jpg'}, 'nat': 'UA'}</msg>
<arg>${json_data['results'][0]}</arg>
<doc>Logs the given message with the given level.</doc>
<status status="PASS" start="2024-04-04T23:14:42.842790" elapsed="0.000415"/>
</kw>
<kw name="Log" owner="BuiltIn">
<msg time="2024-04-04T23:14:42.843651" level="INFO">email</msg>
<arg>${key}</arg>
<doc>Logs the given message with the given level.</doc>
<status status="PASS" start="2024-04-04T23:14:42.843520" elapsed="0.000169"/>
</kw>
<var name="${key}">email</var>
<status status="PASS" start="2024-04-04T23:14:42.841952" elapsed="0.001952"/>
</iter>
<iter>
<kw name="Dictionary Should Contain Key" owner="Collections">
<msg time="2024-04-04T23:14:42.844601" level="INFO">False</msg>
<arg>${json_data['results'][0]}</arg>
<arg>${key}</arg>
<doc>Fails if ``key`` is not found from ``dictionary``.</doc>
<status status="PASS" start="2024-04-04T23:14:42.844193" elapsed="0.000446"/>
</kw>
<kw name="Log" owner="BuiltIn">
<msg time="2024-04-04T23:14:42.845353" level="INFO">{'gender': 'female', 'name': {'title': 'Mrs', 'first': 'Esmeralda', 'last': 'Zhibak'}, 'location': {'street': {'number': 4422, 'name': 'Bobrovickiy provulok'}, 'city': 'Merefa', 'state': 'Lvivska', 'country': 'Ukraine', 'postcode': 84003, 'coordinates': {'latitude': '74.5875', 'longitude': '174.0856'}, 'timezone': {'offset': '-6:00', 'description': 'Central Time (US &amp; Canada), Mexico City'}}, 'email': 'esmeralda.zhibak@example.com', 'login': {'uuid': '44637188-dbd2-49a4-879a-b3820a7f7a2c', 'username': 'purplepanda290', 'password': 'moonligh', 'salt': 'R2lINrFE', 'md5': 'c303c678eeb3aeda0d027efcc2f582dd', 'sha1': 'ad553a1165c99245aa2479edf5ff9239ae78717f', 'sha256': 'a791c8e67b401601830bc8cf399e5ac23c1f1f9516def52a6417874a4f32ac81'}, 'dob': {'date': '1975-01-05T05:07:17.207Z', 'age': 49}, 'registered': {'date': '2005-11-15T20:33:37.033Z', 'age': 18}, 'phone': '(097) M94-6173', 'cell': '(098) I91-4211', 'id': {'name': '', 'value': None}, 'picture': {'large': 'https://randomuser.me/api/portraits/women/3.jpg', 'medium': 'https://randomuser.me/api/portraits/med/women/3.jpg', 'thumbnail': 'https://randomuser.me/api/portraits/thumb/women/3.jpg'}, 'nat': 'UA'}</msg>
<arg>${json_data['results'][0]}</arg>
<doc>Logs the given message with the given level.</doc>
<status status="PASS" start="2024-04-04T23:14:42.844936" elapsed="0.000478"/>
</kw>
<kw name="Log" owner="BuiltIn">
<msg time="2024-04-04T23:14:42.845845" level="INFO">login</msg>
<arg>${key}</arg>
<doc>Logs the given message with the given level.</doc>
<status status="PASS" start="2024-04-04T23:14:42.845718" elapsed="0.000273"/>
</kw>
<var name="${key}">login</var>
<status status="PASS" start="2024-04-04T23:14:42.844078" elapsed="0.002164"/>
</iter>
<var>${key}</var>
<value>@{expected_keys}</value>
<status status="PASS" start="2024-04-04T23:14:42.835260" elapsed="0.011108"/>
</for>
<kw name="Create List" owner="BuiltIn">
<msg time="2024-04-04T23:14:42.846702" level="INFO">${expected_keysTwo} = ['username', 'password']</msg>
<var>${expected_keysTwo}</var>
<arg>username</arg>
<arg>password</arg>
<doc>Returns a list containing given items.</doc>
<status status="PASS" start="2024-04-04T23:14:42.846562" elapsed="0.000164"/>
</kw>
<for flavor="IN">
<iter>
<kw name="Dictionary Should Contain Key" owner="Collections">
<msg time="2024-04-04T23:14:42.847642" level="INFO">False</msg>
<arg>${json_data['results'][0]['login']}</arg>
<arg>${keyTwo}</arg>
<doc>Fails if ``key`` is not found from ``dictionary``.</doc>
<status status="PASS" start="2024-04-04T23:14:42.847229" elapsed="0.000451"/>
</kw>
<kw name="Dictionary Should Contain Key" owner="Collections">
<msg time="2024-04-04T23:14:42.848368" level="INFO">False</msg>
<arg>${json_data['results'][0]['login']}</arg>
<arg>${keyTwo}</arg>
<doc>Fails if ``key`` is not found from ``dictionary``.</doc>
<status status="PASS" start="2024-04-04T23:14:42.847985" elapsed="0.000419"/>
</kw>
<kw name="Log" owner="BuiltIn">
<msg time="2024-04-04T23:14:42.848829" level="INFO">username</msg>
<arg>${keyTwo}</arg>
<doc>Logs the given message with the given level.</doc>
<status status="PASS" start="2024-04-04T23:14:42.848701" elapsed="0.000166"/>
</kw>
<var name="${keyTwo}">username</var>
<status status="PASS" start="2024-04-04T23:14:42.847118" elapsed="0.001963"/>
</iter>
<iter>
<kw name="Dictionary Should Contain Key" owner="Collections">
<msg time="2024-04-04T23:14:42.849765" level="INFO">False</msg>
<arg>${json_data['results'][0]['login']}</arg>
<arg>${keyTwo}</arg>
<doc>Fails if ``key`` is not found from ``dictionary``.</doc>
<status status="PASS" start="2024-04-04T23:14:42.849371" elapsed="0.000431"/>
</kw>
<kw name="Dictionary Should Contain Key" owner="Collections">
<msg time="2024-04-04T23:14:42.850469" level="INFO">False</msg>
<arg>${json_data['results'][0]['login']}</arg>
<arg>${keyTwo}</arg>
<doc>Fails if ``key`` is not found from ``dictionary``.</doc>
<status status="PASS" start="2024-04-04T23:14:42.850096" elapsed="0.000409"/>
</kw>
<kw name="Log" owner="BuiltIn">
<msg time="2024-04-04T23:14:42.850920" level="INFO">password</msg>
<arg>${keyTwo}</arg>
<doc>Logs the given message with the given level.</doc>
<status status="PASS" start="2024-04-04T23:14:42.850794" elapsed="0.000163"/>
</kw>
<var name="${keyTwo}">password</var>
<status status="PASS" start="2024-04-04T23:14:42.849253" elapsed="0.001919"/>
</iter>
<var>${keyTwo}</var>
<value>@{expected_keysTwo}</value>
<status status="PASS" start="2024-04-04T23:14:42.846966" elapsed="0.004339"/>
</for>
<status status="PASS" start="2024-04-04T23:14:42.734685" elapsed="0.116787"/>
</kw>
<doc>Testa a estrutura da resposta da API.</doc>
<tag>testeEstruturaResposta</tag>
<status status="PASS" start="2024-04-04T23:14:42.733925" elapsed="0.117714"/>
</test>
<test id="s1-s1-t4" name="Validar tipos de dados" line="28">
<kw name="Teste de Tipos de Dados" owner="random-user-service">
<kw name="GET On Session" owner="RequestsLibrary">
<msg time="2024-04-04T23:14:42.928089" level="INFO">GET Request : url=https://randomuser.me/api 
 path_url=/api 
 headers={'User-Agent': 'python-requests/2.31.0', 'Accept-Encoding': 'gzip, deflate', 'Accept': '*/*', 'Connection': 'keep-alive'} 
 body=None 
 </msg>
<msg time="2024-04-04T23:14:42.928199" level="INFO">GET Response : url=https://randomuser.me/api 
 status=200, reason=OK 
 headers={'Date': 'Thu, 04 Apr 2024 23:14:42 GMT', 'Content-Type': 'application/json; charset=utf-8', 'Transfer-Encoding': 'chunked', 'Connection': 'keep-alive', 'X-Powered-By': 'Express', 'Access-Control-Allow-Origin': '*', 'Cache-Control': 'no-cache', 'ETag': 'W/"48f-tCjKEq9QYiS42xyW0HAXG9hkEkk"', 'Vary': 'Accept-Encoding', 'Content-Encoding': 'gzip', 'CF-Cache-Status': 'DYNAMIC', 'Report-To': '{"endpoints":[{"url":"https:\\/\\/a.nel.cloudflare.com\\/report\\/v4?s=9MljkCOSCjrNjZQjScJGcJGJ38evJnWM%2FrmuurPnIMuAZQUR9iPUPl6Wzf2ixoMsHRh9Y87C5sToDPnfXbX%2BSIoPmGNgHPSVbbkko4HD1VJMNcaJzt0ZQoveLYH0G5Wm"}],"group":"cf-nel","max_age":604800}', 'NEL': '{"success_fraction":0,"report_to":"cf-nel","max_age":604800}', 'Server': 'cloudflare', 'CF-RAY': '86f4ff09de4a5800-IAD', 'alt-svc': 'h3=":443"; ma=86400'} 
 body={"results":[{"gender":"female","name":{"title":"Ms","first":"Zorica","last":"Drljača"},"location":{"street":{"number":8974,"name":"Stevana Georgijevića "},"city":"Merošina","state":"Rasina","country":"Serbia","postcode":54691,"coordinates":{"latitude":"61.8410","longitude":"105.3076"},"timezone":{"offset":"-11:00","description":"Midway Island, Samoa"}},"email":"zorica.drljaca@example.com","login":{"uuid":"f2e0ed7b-7b05-4b14-af7f-6693f101c559","username":"yellowgorilla448","password":"java","salt":"QavUet37","md5":"d1d95f98ac1a26e63779415f2c4794f4","sha1":"5324825b9d19e8f708c34dbd4b96f4fed3e00a92","sha256":"5fbb5ee7e6bbd9d8f15c4eee22602c73766c3ba5603dee16ce41641d565fced4"},"dob":{"date":"1977-03-09T23:14:42.039Z","age":47},"registered":{"date":"2006-10-26T08:45:30.997Z","age":17},"phone":"010-0833-659","cell":"067-0281-957","id":{"name":"SID","value":"924238510"},"picture":{"large":"https://randomuser.me/api/portraits/women/92.jpg","medium":"https://randomuser.me/api/portraits/med/women/92.jpg","thumbnail":"https://randomuser.me/api/portraits/thumb/women/92.jpg"},"nat":"RS"}],"info":{"seed":"4a5f86e35335c82f","results":1,"page":1,"version":"1.4"}} 
 </msg>
<msg time="2024-04-04T23:14:42.928281" level="INFO">/opt/hostedtoolcache/Python/3.12.2/x64/lib/python3.12/site-packages/urllib3/connectionpool.py:1103: InsecureRequestWarning: Unverified HTTPS request is being made to host 'randomuser.me'. Adding certificate verification is strongly advised. See: https://urllib3.readthedocs.io/en/latest/advanced-usage.html#tls-warnings
  warnings.warn(</msg>
<msg time="2024-04-04T23:14:42.928428" level="INFO">${response} = &lt;Response [200]&gt;</msg>
<var>${response}</var>
<arg>consultarAPI</arg>
<arg>/api</arg>
<doc>Sends a GET request on a previously created HTTP Session.</doc>
<status status="PASS" start="2024-04-04T23:14:42.854200" elapsed="0.074274"/>
</kw>
<kw name="Set Variable" owner="BuiltIn">
<msg time="2024-04-04T23:14:42.929665" level="INFO">${json_data} = {'results': [{'gender': 'female', 'name': {'title': 'Ms', 'first': 'Zorica', 'last': 'Drljača'}, 'location': {'street': {'number': 8974, 'name': 'Stevana Georgijevića '}, 'city': 'Merošina', 'state': ...</msg>
<var>${json_data}</var>
<arg>${response.json()}</arg>
<doc>Returns the given values which can then be assigned to a variables.</doc>
<status status="PASS" start="2024-04-04T23:14:42.929119" elapsed="0.000576"/>
</kw>
<kw name="Log" owner="BuiltIn">
<msg time="2024-04-04T23:14:42.930177" level="INFO">{'results': [{'gender': 'female', 'name': {'title': 'Ms', 'first': 'Zorica', 'last': 'Drljača'}, 'location': {'street': {'number': 8974, 'name': 'Stevana Georgijevića '}, 'city': 'Merošina', 'state': 'Rasina', 'country': 'Serbia', 'postcode': 54691, 'coordinates': {'latitude': '61.8410', 'longitude': '105.3076'}, 'timezone': {'offset': '-11:00', 'description': 'Midway Island, Samoa'}}, 'email': 'zorica.drljaca@example.com', 'login': {'uuid': 'f2e0ed7b-7b05-4b14-af7f-6693f101c559', 'username': 'yellowgorilla448', 'password': 'java', 'salt': 'QavUet37', 'md5': 'd1d95f98ac1a26e63779415f2c4794f4', 'sha1': '5324825b9d19e8f708c34dbd4b96f4fed3e00a92', 'sha256': '5fbb5ee7e6bbd9d8f15c4eee22602c73766c3ba5603dee16ce41641d565fced4'}, 'dob': {'date': '1977-03-09T23:14:42.039Z', 'age': 47}, 'registered': {'date': '2006-10-26T08:45:30.997Z', 'age': 17}, 'phone': '010-0833-659', 'cell': '067-0281-957', 'id': {'name': 'SID', 'value': '924238510'}, 'picture': {'large': 'https://randomuser.me/api/portraits/women/92.jpg', 'medium': 'https://randomuser.me/api/portraits/med/women/92.jpg', 'thumbnail': 'https://randomuser.me/api/portraits/thumb/women/92.jpg'}, 'nat': 'RS'}], 'info': {'seed': '4a5f86e35335c82f', 'results': 1, 'page': 1, 'version': '1.4'}}</msg>
<arg>${json_data}</arg>
<doc>Logs the given message with the given level.</doc>
<status status="PASS" start="2024-04-04T23:14:42.930015" elapsed="0.000250"/>
</kw>
<kw name="Should Be String" owner="String">
<arg>${json_data['results'][0]['gender']}</arg>
<doc>Fails if the given ``item`` is not a string.</doc>
<status status="PASS" start="2024-04-04T23:14:42.930570" elapsed="0.000368"/>
</kw>
<kw name="Should Match Regexp" owner="BuiltIn">
<arg>${json_data['results'][0]['email']}</arg>
<arg>^[a-zA-Z0-9._%+-]+@[a-zA-Z0-9.-]+\.[a-zA-Z]{2,}$</arg>
<doc>Fails if ``string`` does not match ``pattern`` as a regular expression.</doc>
<status status="PASS" start="2024-04-04T23:14:42.931132" elapsed="0.000579"/>
</kw>
<kw name="Should Match Regexp" owner="BuiltIn">
<arg>${json_data['results'][0]['dob']['date']}</arg>
<arg>\\d{4}-\\d{2}-\\d{2}T\\d{2}:\\d{2}:\\d{2}\\.\\d{3}Z</arg>
<doc>Fails if ``string`` does not match ``pattern`` as a regular expression.</doc>
<status status="PASS" start="2024-04-04T23:14:42.931919" elapsed="0.000499"/>
</kw>
<kw name="Should Match Regexp" owner="BuiltIn">
<arg>${json_data['results'][0]['registered']['date']}</arg>
<arg>\\d{4}-\\d{2}-\\d{2}T\\d{2}:\\d{2}:\\d{2}\\.\\d{3}Z</arg>
<doc>Fails if ``string`` does not match ``pattern`` as a regular expression.</doc>
<status status="PASS" start="2024-04-04T23:14:42.932615" elapsed="0.000379"/>
</kw>
<kw name="Should Match Regexp" owner="BuiltIn">
<arg>${json_data['results'][0]['picture']['large']}</arg>
<arg>^https?://.*\.(?:png|jpe?g|gif|bmp)$</arg>
<doc>Fails if ``string`` does not match ``pattern`` as a regular expression.</doc>
<status status="PASS" start="2024-04-04T23:14:42.933181" elapsed="0.000456"/>
</kw>
<kw name="Should Match Regexp" owner="BuiltIn">
<arg>${json_data['results'][0]['picture']['medium']}</arg>
<arg>^https?://.*\.(?:png|jpe?g|gif|bmp)$</arg>
<doc>Fails if ``string`` does not match ``pattern`` as a regular expression.</doc>
<status status="PASS" start="2024-04-04T23:14:42.933826" elapsed="0.000359"/>
</kw>
<kw name="Should Match Regexp" owner="BuiltIn">
<arg>${json_data['results'][0]['picture']['thumbnail']}</arg>
<arg>^https?://.*\.(?:png|jpe?g|gif|bmp)$</arg>
<doc>Fails if ``string`` does not match ``pattern`` as a regular expression.</doc>
<status status="PASS" start="2024-04-04T23:14:42.934372" elapsed="0.000350"/>
</kw>
<kw name="Log" owner="BuiltIn">
<msg time="2024-04-04T23:14:42.935228" level="INFO">{'large': 'https://randomuser.me/api/portraits/women/92.jpg', 'medium': 'https://randomuser.me/api/portraits/med/women/92.jpg', 'thumbnail': 'https://randomuser.me/api/portraits/thumb/women/92.jpg'}</msg>
<arg>${json_data['results'][0]['picture']}</arg>
<doc>Logs the given message with the given level.</doc>
<status status="PASS" start="2024-04-04T23:14:42.934903" elapsed="0.000371"/>
</kw>
<status status="PASS" start="2024-04-04T23:14:42.853960" elapsed="0.081602"/>
</kw>
<kw name="Teste de Tipos de Dados - Postcode" owner="random-user-service">
<kw name="GET On Session" owner="RequestsLibrary">
<msg time="2024-04-04T23:14:43.024706" level="INFO">GET Request : url=https://randomuser.me/api 
 path_url=/api 
 headers={'User-Agent': 'python-requests/2.31.0', 'Accept-Encoding': 'gzip, deflate', 'Accept': '*/*', 'Connection': 'keep-alive'} 
 body=None 
 </msg>
<msg time="2024-04-04T23:14:43.024803" level="INFO">GET Response : url=https://randomuser.me/api 
 status=200, reason=OK 
 headers={'Date': 'Thu, 04 Apr 2024 23:14:43 GMT', 'Content-Type': 'application/json; charset=utf-8', 'Transfer-Encoding': 'chunked', 'Connection': 'keep-alive', 'X-Powered-By': 'Express', 'Access-Control-Allow-Origin': '*', 'Cache-Control': 'no-cache', 'ETag': 'W/"489-GA37RixuNl/CuGmHTq/iOOoyp8c"', 'Vary': 'Accept-Encoding', 'Content-Encoding': 'gzip', 'CF-Cache-Status': 'DYNAMIC', 'Report-To': '{"endpoints":[{"url":"https:\\/\\/a.nel.cloudflare.com\\/report\\/v4?s=j%2BBBmCSpy4lTShqcdbwfGZm%2FivjGrn1eSK15tGjBicLrHCKh6Ka7%2B2GTFRG7OOS1PP1e2iBcdCp0%2FIUXdQqlx6JWBTkx2YTW8XtesyTbw1PnrjmtX45R9vKUn80mPXEd"}],"group":"cf-nel","max_age":604800}', 'NEL': '{"success_fraction":0,"report_to":"cf-nel","max_age":604800}', 'Server': 'cloudflare', 'CF-RAY': '86f4ff0a6ec95800-IAD', 'alt-svc': 'h3=":443"; ma=86400'} 
 body={"results":[{"gender":"male","name":{"title":"Mr","first":"Desimir","last":"Preković"},"location":{"street":{"number":718,"name":"Marte Malagurski"},"city":"Aleksandrovac","state":"Peć","country":"Serbia","postcode":40382,"coordinates":{"latitude":"64.1276","longitude":"-142.9007"},"timezone":{"offset":"+2:00","description":"Kaliningrad, South Africa"}},"email":"desimir.prekovic@example.com","login":{"uuid":"28817075-021c-41a5-91e4-ddee03d3fcbd","username":"tinyfish841","password":"barefoot","salt":"dkgWfNv2","md5":"7a09a5df8d273a561526d5b398fd69b4","sha1":"d08c4f4002d49c7535c2ce1d3615b1a94e9faf55","sha256":"1e2180e0dbf7322a2099c2f6f1051cdd08b33ea568ef308fd149e922f9b729d7"},"dob":{"date":"1991-03-28T08:28:17.486Z","age":33},"registered":{"date":"2020-12-11T07:40:40.894Z","age":3},"phone":"011-8297-782","cell":"062-7043-479","id":{"name":"SID","value":"139336627"},"picture":{"large":"https://randomuser.me/api/portraits/men/90.jpg","medium":"https://randomuser.me/api/portraits/med/men/90.jpg","thumbnail":"https://randomuser.me/api/portraits/thumb/men/90.jpg"},"nat":"RS"}],"info":{"seed":"ddc672c70ada532c","results":1,"page":1,"version":"1.4"}} 
 </msg>
<msg time="2024-04-04T23:14:43.024896" level="INFO">/opt/hostedtoolcache/Python/3.12.2/x64/lib/python3.12/site-packages/urllib3/connectionpool.py:1103: InsecureRequestWarning: Unverified HTTPS request is being made to host 'randomuser.me'. Adding certificate verification is strongly advised. See: https://urllib3.readthedocs.io/en/latest/advanced-usage.html#tls-warnings
  warnings.warn(</msg>
<msg time="2024-04-04T23:14:43.025029" level="INFO">${response} = &lt;Response [200]&gt;</msg>
<var>${response}</var>
<arg>consultarAPI</arg>
<arg>/api</arg>
<doc>Sends a GET request on a previously created HTTP Session.</doc>
<status status="PASS" start="2024-04-04T23:14:42.936177" elapsed="0.088895"/>
</kw>
<kw name="Set Variable" owner="BuiltIn">
<msg time="2024-04-04T23:14:43.026298" level="INFO">${json_data} = {'results': [{'gender': 'male', 'name': {'title': 'Mr', 'first': 'Desimir', 'last': 'Preković'}, 'location': {'street': {'number': 718, 'name': 'Marte Malagurski'}, 'city': 'Aleksandrovac', 'state': '...</msg>
<var>${json_data}</var>
<arg>${response.json()}</arg>
<doc>Returns the given values which can then be assigned to a variables.</doc>
<status status="PASS" start="2024-04-04T23:14:43.025711" elapsed="0.000618"/>
</kw>
<kw name="Log" owner="BuiltIn">
<msg time="2024-04-04T23:14:43.026801" level="INFO">{'results': [{'gender': 'male', 'name': {'title': 'Mr', 'first': 'Desimir', 'last': 'Preković'}, 'location': {'street': {'number': 718, 'name': 'Marte Malagurski'}, 'city': 'Aleksandrovac', 'state': 'Peć', 'country': 'Serbia', 'postcode': 40382, 'coordinates': {'latitude': '64.1276', 'longitude': '-142.9007'}, 'timezone': {'offset': '+2:00', 'description': 'Kaliningrad, South Africa'}}, 'email': 'desimir.prekovic@example.com', 'login': {'uuid': '28817075-021c-41a5-91e4-ddee03d3fcbd', 'username': 'tinyfish841', 'password': 'barefoot', 'salt': 'dkgWfNv2', 'md5': '7a09a5df8d273a561526d5b398fd69b4', 'sha1': 'd08c4f4002d49c7535c2ce1d3615b1a94e9faf55', 'sha256': '1e2180e0dbf7322a2099c2f6f1051cdd08b33ea568ef308fd149e922f9b729d7'}, 'dob': {'date': '1991-03-28T08:28:17.486Z', 'age': 33}, 'registered': {'date': '2020-12-11T07:40:40.894Z', 'age': 3}, 'phone': '011-8297-782', 'cell': '062-7043-479', 'id': {'name': 'SID', 'value': '139336627'}, 'picture': {'large': 'https://randomuser.me/api/portraits/men/90.jpg', 'medium': 'https://randomuser.me/api/portraits/med/men/90.jpg', 'thumbnail': 'https://randomuser.me/api/portraits/thumb/men/90.jpg'}, 'nat': 'RS'}], 'info': {'seed': 'ddc672c70ada532c', 'results': 1, 'page': 1, 'version': '1.4'}}</msg>
<arg>${json_data}</arg>
<doc>Logs the given message with the given level.</doc>
<status status="PASS" start="2024-04-04T23:14:43.026642" elapsed="0.000244"/>
</kw>
<kw name="Should Be Equal As Numbers" owner="BuiltIn">
<arg>${json_data['results'][0]['location']['postcode']}</arg>
<arg>${json_data['results'][0]['location']['postcode']}</arg>
<doc>Fails if objects are unequal after converting them to real numbers.</doc>
<status status="PASS" start="2024-04-04T23:14:43.027191" elapsed="0.000677"/>
</kw>
<kw name="Log" owner="BuiltIn">
<msg time="2024-04-04T23:14:43.028405" level="INFO">40382</msg>
<arg>${json_data['results'][0]['location']['postcode']}</arg>
<doc>Logs the given message with the given level.</doc>
<status status="PASS" start="2024-04-04T23:14:43.028064" elapsed="0.000382"/>
</kw>
<status status="PASS" start="2024-04-04T23:14:42.935797" elapsed="0.092913"/>
</kw>
<doc>Testa se os tipos de dados na resposta da API estão corretos.</doc>
<tag>testeTiposDados</tag>
<status status="PASS" start="2024-04-04T23:14:42.853406" elapsed="0.175487"/>
</test>
<test id="s1-s1-t5" name="Validar conteudo" line="35">
<kw name="Teste de Tipos de Conteudo" owner="random-user-service">
<kw name="GET On Session" owner="RequestsLibrary">
<msg time="2024-04-04T23:14:43.136766" level="INFO">GET Request : url=https://randomuser.me/api 
 path_url=/api 
 headers={'User-Agent': 'python-requests/2.31.0', 'Accept-Encoding': 'gzip, deflate', 'Accept': '*/*', 'Connection': 'keep-alive'} 
 body=None 
 </msg>
<msg time="2024-04-04T23:14:43.136885" level="INFO">GET Response : url=https://randomuser.me/api 
 status=200, reason=OK 
 headers={'Date': 'Thu, 04 Apr 2024 23:14:43 GMT', 'Content-Type': 'application/json; charset=utf-8', 'Transfer-Encoding': 'chunked', 'Connection': 'keep-alive', 'X-Powered-By': 'Express', 'Access-Control-Allow-Origin': '*', 'Cache-Control': 'no-cache', 'ETag': 'W/"48c-WXV8oJ6Stp0a0uYAoxB2IiIUPNs"', 'Vary': 'Accept-Encoding', 'Content-Encoding': 'gzip', 'CF-Cache-Status': 'DYNAMIC', 'Report-To': '{"endpoints":[{"url":"https:\\/\\/a.nel.cloudflare.com\\/report\\/v4?s=Uc7vmx51%2BQFqDeaXVIqBwvAaTP7P%2BiMJqdbUs%2Fr6sLZ3oUOIlhgchnabulxYejYTQTcsTPsPXA9VwhdXVJ1M%2FeRAGuk8jf7MOyf%2FC6aRYvlMkpz%2BpFziT50A5oIJC6JD"}],"group":"cf-nel","max_age":604800}', 'NEL': '{"success_fraction":0,"report_to":"cf-nel","max_age":604800}', 'Server': 'cloudflare', 'CF-RAY': '86f4ff0aff465800-IAD', 'alt-svc': 'h3=":443"; ma=86400'} 
 body={"results":[{"gender":"female","name":{"title":"Ms","first":"Linnea","last":"Oja"},"location":{"street":{"number":2884,"name":"Tahmelantie"},"city":"Köyliö","state":"Northern Savonia","country":"Finland","postcode":95061,"coordinates":{"latitude":"-21.9336","longitude":"68.0216"},"timezone":{"offset":"+2:00","description":"Kaliningrad, South Africa"}},"email":"linnea.oja@example.com","login":{"uuid":"7af84e67-fbd1-43cd-b783-717b675da5e5","username":"bluekoala160","password":"lust","salt":"S2flYZEB","md5":"8f8b23ed7e3775aa4a49723ee2d6280e","sha1":"c95e49ca678d8b92eddc8ae5d95cf5f1b79c33c4","sha256":"c7dd69e3e3c1dddcd6f11c86c2bd13d53e468a4900c002cea873aeb224aa3791"},"dob":{"date":"1969-12-07T18:37:05.415Z","age":54},"registered":{"date":"2016-04-23T21:23:58.102Z","age":7},"phone":"05-386-393","cell":"040-870-52-24","id":{"name":"HETU","value":"NaNNA250undefined"},"picture":{"large":"https://randomuser.me/api/portraits/women/39.jpg","medium":"https://randomuser.me/api/portraits/med/women/39.jpg","thumbnail":"https://randomuser.me/api/portraits/thumb/women/39.jpg"},"nat":"FI"}],"info":{"seed":"418f1af5dd9eff16","results":1,"page":1,"version":"1.4"}} 
 </msg>
<msg time="2024-04-04T23:14:43.136959" level="INFO">/opt/hostedtoolcache/Python/3.12.2/x64/lib/python3.12/site-packages/urllib3/connectionpool.py:1103: InsecureRequestWarning: Unverified HTTPS request is being made to host 'randomuser.me'. Adding certificate verification is strongly advised. See: https://urllib3.readthedocs.io/en/latest/advanced-usage.html#tls-warnings
  warnings.warn(</msg>
<msg time="2024-04-04T23:14:43.137087" level="INFO">${response} = &lt;Response [200]&gt;</msg>
<var>${response}</var>
<arg>consultarAPI</arg>
<arg>/api</arg>
<doc>Sends a GET request on a previously created HTTP Session.</doc>
<status status="PASS" start="2024-04-04T23:14:43.031449" elapsed="0.105680"/>
</kw>
<kw name="Set Variable" owner="BuiltIn">
<msg time="2024-04-04T23:14:43.138432" level="INFO">${json_data} = {'results': [{'gender': 'female', 'name': {'title': 'Ms', 'first': 'Linnea', 'last': 'Oja'}, 'location': {'street': {'number': 2884, 'name': 'Tahmelantie'}, 'city': 'Köyliö', 'state': 'Northern Savoni...</msg>
<var>${json_data}</var>
<arg>${response.json()}</arg>
<doc>Returns the given values which can then be assigned to a variables.</doc>
<status status="PASS" start="2024-04-04T23:14:43.137790" elapsed="0.000674"/>
</kw>
<kw name="Set Variable" owner="BuiltIn">
<msg time="2024-04-04T23:14:43.139229" level="INFO">${name_title} = Ms</msg>
<var>${name_title}</var>
<arg>${json_data["results"][0]["name"]["title"]}</arg>
<doc>Returns the given values which can then be assigned to a variables.</doc>
<status status="PASS" start="2024-04-04T23:14:43.138796" elapsed="0.000458"/>
</kw>
<kw name="Create List" owner="BuiltIn">
<msg time="2024-04-04T23:14:43.139815" level="INFO">${allowed_titles} = ['Mr', 'Ms', 'Miss', 'Mrs', 'Madame', 'Monsieur']</msg>
<var>${allowed_titles}</var>
<arg>Mr</arg>
<arg>Ms</arg>
<arg>Miss</arg>
<arg>Mrs</arg>
<arg>Madame</arg>
<arg>Monsieur</arg>
<doc>Returns a list containing given items.</doc>
<status status="PASS" start="2024-04-04T23:14:43.139650" elapsed="0.000195"/>
</kw>
<kw name="List Should Contain Value" owner="Collections">
<msg time="2024-04-04T23:14:43.140397" level="INFO">False</msg>
<arg>${allowed_titles}</arg>
<arg>${name_title}</arg>
<doc>Fails if the ``value`` is not found from ``list``.</doc>
<status status="PASS" start="2024-04-04T23:14:43.140188" elapsed="0.000246"/>
</kw>
<kw name="Set Variable" owner="BuiltIn">
<msg time="2024-04-04T23:14:43.141185" level="INFO">${name_country} = FI</msg>
<var>${name_country}</var>
<arg>${json_data["results"][0]["nat"]}</arg>
<doc>Returns the given values which can then be assigned to a variables.</doc>
<status status="PASS" start="2024-04-04T23:14:43.140770" elapsed="0.000441"/>
</kw>
<kw name="Create List" owner="BuiltIn">
<msg time="2024-04-04T23:14:43.142288" level="INFO">${list_country} = ['AD', 'AE', 'AF', 'AG', 'AI', 'AL', 'AM', 'AO', 'AQ', 'AR', 'AS', 'AT', 'AU', 'AW', 'AX', 'AZ', 'BA', 'BB', 'BD', 'BE', 'BF', 'BG', 'BH', 'BI', 'BJ', 'BL', 'BM', 'BN', 'BO', 'BQ', 'BR', 'BS', 'BT', '...</msg>
<var>${list_country}</var>
<arg>AD</arg>
<arg>AE</arg>
<arg>AF</arg>
<arg>AG</arg>
<arg>AI</arg>
<arg>AL</arg>
<arg>AM</arg>
<arg>AO</arg>
<arg>AQ</arg>
<arg>AR</arg>
<arg>AS</arg>
<arg>AT</arg>
<arg>AU</arg>
<arg>AW</arg>
<arg>AX</arg>
<arg>AZ</arg>
<arg>BA</arg>
<arg>BB</arg>
<arg>BD</arg>
<arg>BE</arg>
<arg>BF</arg>
<arg>BG</arg>
<arg>BH</arg>
<arg>BI</arg>
<arg>BJ</arg>
<arg>BL</arg>
<arg>BM</arg>
<arg>BN</arg>
<arg>BO</arg>
<arg>BQ</arg>
<arg>BR</arg>
<arg>BS</arg>
<arg>BT</arg>
<arg>BV</arg>
<arg>BW</arg>
<arg>BY</arg>
<arg>BZ</arg>
<arg>CA</arg>
<arg>CC</arg>
<arg>CD</arg>
<arg>CF</arg>
<arg>CG</arg>
<arg>CH</arg>
<arg>CI</arg>
<arg>CK</arg>
<arg>CL</arg>
<arg>CM</arg>
<arg>CN</arg>
<arg>CO</arg>
<arg>CR</arg>
<arg>CU</arg>
<arg>CV</arg>
<arg>CW</arg>
<arg>CX</arg>
<arg>CY</arg>
<arg>CZ</arg>
<arg>DE</arg>
<arg>DJ</arg>
<arg>DK</arg>
<arg>DM</arg>
<arg>DO</arg>
<arg>DZ</arg>
<arg>EC</arg>
<arg>EE</arg>
<arg>EG</arg>
<arg>EH</arg>
<arg>ER</arg>
<arg>ES</arg>
<arg>ET</arg>
<arg>FI</arg>
<arg>FJ</arg>
<arg>FK</arg>
<arg>FM</arg>
<arg>FO</arg>
<arg>FR</arg>
<arg>GA</arg>
<arg>GB</arg>
<arg>GD</arg>
<arg>GE</arg>
<arg>GF</arg>
<arg>GG</arg>
<arg>GH</arg>
<arg>GI</arg>
<arg>GL</arg>
<arg>GM</arg>
<arg>GN</arg>
<arg>GP</arg>
<arg>GQ</arg>
<arg>GR</arg>
<arg>GS</arg>
<arg>GT</arg>
<arg>GU</arg>
<arg>GW</arg>
<arg>GY</arg>
<arg>HK</arg>
<arg>HM</arg>
<arg>HN</arg>
<arg>HR</arg>
<arg>HT</arg>
<arg>HU</arg>
<arg>ID</arg>
<arg>IE</arg>
<arg>IL</arg>
<arg>IM</arg>
<arg>IN</arg>
<arg>IO</arg>
<arg>IQ</arg>
<arg>IR</arg>
<arg>IS</arg>
<arg>IT</arg>
<arg>JE</arg>
<arg>JM</arg>
<arg>JO</arg>
<arg>JP</arg>
<arg>KE</arg>
<arg>KG</arg>
<arg>KH</arg>
<arg>KI</arg>
<arg>KM</arg>
<arg>KN</arg>
<arg>KP</arg>
<arg>KR</arg>
<arg>KW</arg>
<arg>KY</arg>
<arg>KZ</arg>
<arg>LA</arg>
<arg>LB</arg>
<arg>LC</arg>
<arg>LI</arg>
<arg>LK</arg>
<arg>LR</arg>
<arg>LS</arg>
<arg>LT</arg>
<arg>LU</arg>
<arg>LV</arg>
<arg>LY</arg>
<arg>MA</arg>
<arg>MC</arg>
<arg>MD</arg>
<arg>ME</arg>
<arg>MF</arg>
<arg>MG</arg>
<arg>MH</arg>
<arg>MK</arg>
<arg>ML</arg>
<arg>MM</arg>
<arg>MN</arg>
<arg>MO</arg>
<arg>MP</arg>
<arg>MQ</arg>
<arg>MR</arg>
<arg>MS</arg>
<arg>MT</arg>
<arg>MU</arg>
<arg>MV</arg>
<arg>MW</arg>
<arg>MX</arg>
<arg>MY</arg>
<arg>MZ</arg>
<arg>NA</arg>
<arg>NC</arg>
<arg>NE</arg>
<arg>NF</arg>
<arg>NG</arg>
<arg>NI</arg>
<arg>NL</arg>
<arg>NO</arg>
<arg>NP</arg>
<arg>NR</arg>
<arg>NU</arg>
<arg>NZ</arg>
<arg>OM</arg>
<arg>PA</arg>
<arg>PE</arg>
<arg>PF</arg>
<arg>PG</arg>
<arg>PH</arg>
<arg>PK</arg>
<arg>PL</arg>
<arg>PM</arg>
<arg>PN</arg>
<arg>PR</arg>
<arg>PS</arg>
<arg>PT</arg>
<arg>PW</arg>
<arg>PY</arg>
<arg>QA</arg>
<arg>RE</arg>
<arg>RO</arg>
<arg>RS</arg>
<arg>RU</arg>
<arg>RW</arg>
<arg>SA</arg>
<arg>SB</arg>
<arg>SC</arg>
<arg>SD</arg>
<arg>SE</arg>
<arg>SG</arg>
<arg>SH</arg>
<arg>SI</arg>
<arg>SJ</arg>
<arg>SK</arg>
<arg>SL</arg>
<arg>SM</arg>
<arg>SN</arg>
<arg>SO</arg>
<arg>SR</arg>
<arg>SS</arg>
<arg>ST</arg>
<arg>SV</arg>
<arg>SX</arg>
<arg>SY</arg>
<arg>SZ</arg>
<arg>TC</arg>
<arg>TD</arg>
<arg>TF</arg>
<arg>TG</arg>
<arg>TH</arg>
<arg>TJ</arg>
<arg>TK</arg>
<arg>TL</arg>
<arg>TM</arg>
<arg>TN</arg>
<arg>TO</arg>
<arg>TR</arg>
<arg>TT</arg>
<arg>TV</arg>
<arg>TW</arg>
<arg>TZ</arg>
<arg>UA</arg>
<arg>UG</arg>
<arg>UM</arg>
<arg>US</arg>
<arg>UY</arg>
<arg>UZ</arg>
<arg>VA</arg>
<arg>VC</arg>
<arg>VE</arg>
<arg>VG</arg>
<arg>VI</arg>
<arg>VN</arg>
<arg>VU</arg>
<arg>WF</arg>
<arg>WS</arg>
<arg>XK</arg>
<arg>YE</arg>
<arg>YT</arg>
<arg>ZA</arg>
<arg>ZM</arg>
<arg>ZW</arg>
<doc>Returns a list containing given items.</doc>
<status status="PASS" start="2024-04-04T23:14:43.141581" elapsed="0.000736"/>
</kw>
<kw name="List Should Contain Value" owner="Collections">
<msg time="2024-04-04T23:14:43.143688" level="INFO">False</msg>
<arg>${list_country}</arg>
<arg>${name_country}</arg>
<doc>Fails if the ``value`` is not found from ``list``.</doc>
<status status="PASS" start="2024-04-04T23:14:43.143378" elapsed="0.000354"/>
</kw>
<kw name="Run Keyword If" owner="BuiltIn">
<kw name="Should Be True" owner="BuiltIn">
<arg>${True}</arg>
<doc>Fails if the given condition is not true.</doc>
<status status="PASS" start="2024-04-04T23:14:43.144959" elapsed="0.000165"/>
</kw>
<arg>${json_data["results"][0]["location"]["coordinates"]["latitude"]} &gt;= -90 and ${json_data["results"][0]["location"]["coordinates"]["latitude"]} &lt;= 90</arg>
<arg>Should Be True</arg>
<arg>${True}</arg>
<doc>Runs the given keyword with the given arguments, if ``condition`` is true.</doc>
<status status="PASS" start="2024-04-04T23:14:43.144076" elapsed="0.001183"/>
</kw>
<kw name="Run Keyword If" owner="BuiltIn">
<kw name="Should Be True" owner="BuiltIn">
<arg>${True}</arg>
<doc>Fails if the given condition is not true.</doc>
<status status="PASS" start="2024-04-04T23:14:43.146253" elapsed="0.000164"/>
</kw>
<arg>${json_data["results"][0]["location"]["coordinates"]["longitude"]} &gt;= -180 and ${json_data["results"][0]["location"]["coordinates"]["longitude"]} &lt;= 180</arg>
<arg>Should Be True</arg>
<arg>${True}</arg>
<doc>Runs the given keyword with the given arguments, if ``condition`` is true.</doc>
<status status="PASS" start="2024-04-04T23:14:43.145471" elapsed="0.001085"/>
</kw>
<status status="PASS" start="2024-04-04T23:14:43.031193" elapsed="0.115504"/>
</kw>
<doc>Testa o conteúdo específico dos campos retornados pela API.</doc>
<tag>testeConteudo</tag>
<status status="PASS" start="2024-04-04T23:14:43.030659" elapsed="0.116218"/>
</test>
<status status="PASS" start="2024-04-04T23:14:42.317004" elapsed="0.832101"/>
</suite>
<status status="PASS" start="2024-04-04T23:14:42.303166" elapsed="0.852035"/>
</suite>
<statistics>
<total>
<stat pass="5" fail="0" skip="0">All Tests</stat>
</total>
<tag>
<stat pass="1" fail="0" skip="0">testeConteudo</stat>
<stat pass="1" fail="0" skip="0">testeEstruturaResposta</stat>
<stat pass="1" fail="0" skip="0">testeRequisicaoBasica</stat>
<stat pass="1" fail="0" skip="0">testeTiposDados</stat>
</tag>
<suite>
<stat pass="5" fail="0" skip="0" id="s1" name="Tests">Tests</stat>
<stat pass="5" fail="0" skip="0" id="s1-s1" name="Random-User-Test">Tests.Random-User-Test</stat>
</suite>
</statistics>
<errors>
</errors>
</robot>
