<?xml version="1.0" encoding="UTF-8"?>
<robot generator="Robot 7.0 (Python 3.12.2 on linux)" generated="2024-04-13T11:09:57.467487" rpa="false" schemaversion="5">
<suite id="s1" name="Tests" source="/home/runner/work/DesafioQAItauRogerioJordao/DesafioQAItauRogerioJordao/RamdonUser/tests">
<suite id="s1-s1" name="Random-User-Test" source="/home/runner/work/DesafioQAItauRogerioJordao/DesafioQAItauRogerioJordao/RamdonUser/tests/random-user-test.robot">
<test id="s1-s1-t1" name="Conectar" line="13">
<kw name="Conectar API" owner="random-user-service">
<kw name="Create Session" owner="RequestsLibrary">
<msg time="2024-04-13T11:09:57.821628" level="INFO">Creating Session using : alias=consultarAPI, url=https://randomuser.me/, headers={},                     cookies={}, auth=None, timeout=None, proxies=None, verify=False,                     debug=0 </msg>
<arg>consultarAPI</arg>
<arg>${URL}</arg>
<doc>Create Session: create a HTTP session to a server</doc>
<status status="PASS" start="2024-04-13T11:09:57.821420" elapsed="0.000389"/>
</kw>
<status status="PASS" start="2024-04-13T11:09:57.820369" elapsed="0.001797"/>
</kw>
<status status="PASS" start="2024-04-13T11:09:57.819724" elapsed="0.002650"/>
</test>
<test id="s1-s1-t2" name="Validar retorno 200 e JSON Válido" line="16">
<kw name="Teste de Requisicao Basica" owner="random-user-service">
<kw name="GET On Session" owner="RequestsLibrary">
<msg time="2024-04-13T11:09:57.980777" level="INFO">GET Request : url=https://randomuser.me/api 
 path_url=/api 
 headers={'User-Agent': 'python-requests/2.31.0', 'Accept-Encoding': 'gzip, deflate', 'Accept': '*/*', 'Connection': 'keep-alive'} 
 body=None 
 </msg>
<msg time="2024-04-13T11:09:57.980902" level="INFO">GET Response : url=https://randomuser.me/api 
 status=200, reason=OK 
 headers={'Date': 'Sat, 13 Apr 2024 11:09:57 GMT', 'Content-Type': 'application/json; charset=utf-8', 'Transfer-Encoding': 'chunked', 'Connection': 'keep-alive', 'X-Powered-By': 'Express', 'Access-Control-Allow-Origin': '*', 'Cache-Control': 'no-cache', 'ETag': 'W/"495-TyhZdQTYN9MMaRxWDpr1D5d87zM"', 'Vary': 'Accept-Encoding', 'Content-Encoding': 'gzip', 'CF-Cache-Status': 'DYNAMIC', 'Report-To': '{"endpoints":[{"url":"https:\\/\\/a.nel.cloudflare.com\\/report\\/v4?s=3HDDigtkdTOEKLx4zvY1waxZS2UmcVfzo30wxkuDlLVe770nSTir%2ByA34xR21QGUeqMbOw0PXhIfJjccD1rwgbWV80Rs83Fjaq1QicvN0OlAahI26EhvXFpJ8XD4GL%2Bu"}],"group":"cf-nel","max_age":604800}', 'NEL': '{"success_fraction":0,"report_to":"cf-nel","max_age":604800}', 'Server': 'cloudflare', 'CF-RAY': '873b01c53ef38215-IAD', 'alt-svc': 'h3=":443"; ma=86400'} 
 body={"results":[{"gender":"male","name":{"title":"Mr","first":"Valtteri","last":"Rautio"},"location":{"street":{"number":1575,"name":"Siilitie"},"city":"Askola","state":"Ostrobothnia","country":"Finland","postcode":87976,"coordinates":{"latitude":"-26.1430","longitude":"-173.8326"},"timezone":{"offset":"+9:00","description":"Tokyo, Seoul, Osaka, Sapporo, Yakutsk"}},"email":"valtteri.rautio@example.com","login":{"uuid":"ece2c08d-dfbd-4225-9abb-0e61bb00e1e8","username":"sadpanda141","password":"obiwan","salt":"Y8SZliwg","md5":"6e76cf75e3960a75fb7160e7295f0d0d","sha1":"22b4347ecf9fbb5e88f1dfbc17cc795a8cea00c7","sha256":"8b5954c8ece98e72b655f163d4dd0740d02bc2fed653faa3d30c864f9b8b25dc"},"dob":{"date":"1995-07-18T10:44:01.345Z","age":28},"registered":{"date":"2010-07-07T06:28:32.318Z","age":13},"phone":"07-700-809","cell":"045-528-18-73","id":{"name":"HETU","value":"NaNNA767undefined"},"picture":{"large":"https://randomuser.me/api/portraits/men/12.jpg","medium":"https://randomuser.me/api/portraits/med/men/12.jpg","thumbnail":"https://randomuser.me/api/portraits/thumb/men/12.jpg"},"nat":"FI"}],"info":{"seed":"a7e9abcdd46bd022","results":1,"page":1,"version":"1.4"}} 
 </msg>
<msg time="2024-04-13T11:09:57.980976" level="INFO">/opt/hostedtoolcache/Python/3.12.2/x64/lib/python3.12/site-packages/urllib3/connectionpool.py:1103: InsecureRequestWarning: Unverified HTTPS request is being made to host 'randomuser.me'. Adding certificate verification is strongly advised. See: https://urllib3.readthedocs.io/en/latest/advanced-usage.html#tls-warnings
  warnings.warn(</msg>
<msg time="2024-04-13T11:09:57.981126" level="INFO">${response} = &lt;Response [200]&gt;</msg>
<var>${response}</var>
<arg>consultarAPI</arg>
<arg>/api</arg>
<doc>Sends a GET request on a previously created HTTP Session.</doc>
<status status="PASS" start="2024-04-13T11:09:57.825039" elapsed="0.156130"/>
</kw>
<kw name="Should Be Equal As Numbers" owner="BuiltIn">
<msg time="2024-04-13T11:09:57.982136" level="INFO">Argument types are:
&lt;class 'int'&gt;
&lt;class 'str'&gt;</msg>
<arg>${response.status_code}</arg>
<arg>200</arg>
<doc>Fails if objects are unequal after converting them to real numbers.</doc>
<status status="PASS" start="2024-04-13T11:09:57.981626" elapsed="0.000577"/>
</kw>
<kw name="Log" owner="BuiltIn">
<msg time="2024-04-13T11:09:57.982933" level="INFO">200</msg>
<arg>${response.status_code}</arg>
<doc>Logs the given message with the given level.</doc>
<status status="PASS" start="2024-04-13T11:09:57.982555" elapsed="0.000423"/>
</kw>
<kw name="Set Variable" owner="BuiltIn">
<msg time="2024-04-13T11:09:57.983766" level="INFO">${json_data} = {'results': [{'gender': 'male', 'name': {'title': 'Mr', 'first': 'Valtteri', 'last': 'Rautio'}, 'location': {'street': {'number': 1575, 'name': 'Siilitie'}, 'city': 'Askola', 'state': 'Ostrobothnia', ...</msg>
<var>${json_data}</var>
<arg>${response.json()}</arg>
<doc>Returns the given values which can then be assigned to a variables.</doc>
<status status="PASS" start="2024-04-13T11:09:57.983323" elapsed="0.000471"/>
</kw>
<kw name="Dictionary Should Contain Key" owner="Collections">
<msg time="2024-04-13T11:09:57.984308" level="INFO">False</msg>
<arg>${json_data}</arg>
<arg>results</arg>
<doc>Fails if ``key`` is not found from ``dictionary``.</doc>
<status status="PASS" start="2024-04-13T11:09:57.984134" elapsed="0.000215"/>
</kw>
<status status="PASS" start="2024-04-13T11:09:57.824780" elapsed="0.159829"/>
</kw>
<doc>Testa se a API responde corretamente e retorna um objeto JSON válido.</doc>
<tag>testeRequisicaoBasica</tag>
<status status="PASS" start="2024-04-13T11:09:57.824245" elapsed="0.160549"/>
</test>
<test id="s1-s1-t3" name="Validar estrutura de resposta" line="22">
<kw name="Teste de Estrutura de Resposta" owner="random-user-service">
<kw name="GET On Session" owner="RequestsLibrary">
<msg time="2024-04-13T11:09:58.079666" level="INFO">GET Request : url=https://randomuser.me/api 
 path_url=/api 
 headers={'User-Agent': 'python-requests/2.31.0', 'Accept-Encoding': 'gzip, deflate', 'Accept': '*/*', 'Connection': 'keep-alive'} 
 body=None 
 </msg>
<msg time="2024-04-13T11:09:58.079739" level="INFO">GET Response : url=https://randomuser.me/api 
 status=200, reason=OK 
 headers={'Date': 'Sat, 13 Apr 2024 11:09:58 GMT', 'Content-Type': 'application/json; charset=utf-8', 'Transfer-Encoding': 'chunked', 'Connection': 'keep-alive', 'X-Powered-By': 'Express', 'Access-Control-Allow-Origin': '*', 'Cache-Control': 'no-cache', 'ETag': 'W/"48e-fpPEs3jMdt/B6xVe44/J9XEtRQI"', 'Vary': 'Accept-Encoding', 'Content-Encoding': 'gzip', 'CF-Cache-Status': 'DYNAMIC', 'Report-To': '{"endpoints":[{"url":"https:\\/\\/a.nel.cloudflare.com\\/report\\/v4?s=7s9rr2vHyKFtbyBeHDCKywAEl4bFh1ZHnj3isOvR8BRUHZdfWAKNkrCN4%2FX2eIg7%2FlTLIbsLPs2EF%2B33Mm5dHcvxbnakagaw0sG6Zto%2BDY6HpVsah5GujA9d9LUC5NTG"}],"group":"cf-nel","max_age":604800}', 'NEL': '{"success_fraction":0,"report_to":"cf-nel","max_age":604800}', 'Server': 'cloudflare', 'CF-RAY': '873b01c56f168215-IAD', 'alt-svc': 'h3=":443"; ma=86400'} 
 body={"results":[{"gender":"female","name":{"title":"Ms","first":"Lily","last":"Brar"},"location":{"street":{"number":2520,"name":"College Ave"},"city":"Stirling","state":"Ontario","country":"Canada","postcode":"K4D 7Q8","coordinates":{"latitude":"-65.5641","longitude":"110.9537"},"timezone":{"offset":"-5:00","description":"Eastern Time (US &amp; Canada), Bogota, Lima"}},"email":"lily.brar@example.com","login":{"uuid":"b1c344d9-4d22-4de3-a6c7-b6621ec2896b","username":"heavypeacock443","password":"saint","salt":"ZkkY4o6x","md5":"835f51bce2284b6d4582084d4b1e8375","sha1":"7017b5063fc003edf8d105baa9b053e53c1df1d4","sha256":"2653cce90428ac8f4f9540cf87ca07ae46ca9abbd3086482487cfb435b22ff60"},"dob":{"date":"1966-12-11T10:43:39.620Z","age":57},"registered":{"date":"2005-04-05T08:33:31.756Z","age":19},"phone":"X71 O64-7905","cell":"D22 O19-1776","id":{"name":"SIN","value":"644983694"},"picture":{"large":"https://randomuser.me/api/portraits/women/8.jpg","medium":"https://randomuser.me/api/portraits/med/women/8.jpg","thumbnail":"https://randomuser.me/api/portraits/thumb/women/8.jpg"},"nat":"CA"}],"info":{"seed":"84842e8e17387c29","results":1,"page":1,"version":"1.4"}} 
 </msg>
<msg time="2024-04-13T11:09:58.079855" level="INFO">/opt/hostedtoolcache/Python/3.12.2/x64/lib/python3.12/site-packages/urllib3/connectionpool.py:1103: InsecureRequestWarning: Unverified HTTPS request is being made to host 'randomuser.me'. Adding certificate verification is strongly advised. See: https://urllib3.readthedocs.io/en/latest/advanced-usage.html#tls-warnings
  warnings.warn(</msg>
<msg time="2024-04-13T11:09:58.079950" level="INFO">${response} = &lt;Response [200]&gt;</msg>
<var>${response}</var>
<arg>consultarAPI</arg>
<arg>/api</arg>
<doc>Sends a GET request on a previously created HTTP Session.</doc>
<status status="PASS" start="2024-04-13T11:09:57.987503" elapsed="0.092473"/>
</kw>
<kw name="Set Variable" owner="BuiltIn">
<msg time="2024-04-13T11:09:58.080850" level="INFO">${json_data} = {'results': [{'gender': 'female', 'name': {'title': 'Ms', 'first': 'Lily', 'last': 'Brar'}, 'location': {'street': {'number': 2520, 'name': 'College Ave'}, 'city': 'Stirling', 'state': 'Ontario', 'cou...</msg>
<var>${json_data}</var>
<arg>${response.json()}</arg>
<doc>Returns the given values which can then be assigned to a variables.</doc>
<status status="PASS" start="2024-04-13T11:09:58.080393" elapsed="0.000485"/>
</kw>
<kw name="Log" owner="BuiltIn">
<msg time="2024-04-13T11:09:58.081344" level="INFO">{'results': [{'gender': 'female', 'name': {'title': 'Ms', 'first': 'Lily', 'last': 'Brar'}, 'location': {'street': {'number': 2520, 'name': 'College Ave'}, 'city': 'Stirling', 'state': 'Ontario', 'country': 'Canada', 'postcode': 'K4D 7Q8', 'coordinates': {'latitude': '-65.5641', 'longitude': '110.9537'}, 'timezone': {'offset': '-5:00', 'description': 'Eastern Time (US &amp; Canada), Bogota, Lima'}}, 'email': 'lily.brar@example.com', 'login': {'uuid': 'b1c344d9-4d22-4de3-a6c7-b6621ec2896b', 'username': 'heavypeacock443', 'password': 'saint', 'salt': 'ZkkY4o6x', 'md5': '835f51bce2284b6d4582084d4b1e8375', 'sha1': '7017b5063fc003edf8d105baa9b053e53c1df1d4', 'sha256': '2653cce90428ac8f4f9540cf87ca07ae46ca9abbd3086482487cfb435b22ff60'}, 'dob': {'date': '1966-12-11T10:43:39.620Z', 'age': 57}, 'registered': {'date': '2005-04-05T08:33:31.756Z', 'age': 19}, 'phone': 'X71 O64-7905', 'cell': 'D22 O19-1776', 'id': {'name': 'SIN', 'value': '644983694'}, 'picture': {'large': 'https://randomuser.me/api/portraits/women/8.jpg', 'medium': 'https://randomuser.me/api/portraits/med/women/8.jpg', 'thumbnail': 'https://randomuser.me/api/portraits/thumb/women/8.jpg'}, 'nat': 'CA'}], 'info': {'seed': '84842e8e17387c29', 'results': 1, 'page': 1, 'version': '1.4'}}</msg>
<arg>${json_data}</arg>
<doc>Logs the given message with the given level.</doc>
<status status="PASS" start="2024-04-13T11:09:58.081187" elapsed="0.000206"/>
</kw>
<kw name="Dictionary Should Contain Key" owner="Collections">
<msg time="2024-04-13T11:09:58.081847" level="INFO">False</msg>
<arg>${json_data}</arg>
<arg>results</arg>
<doc>Fails if ``key`` is not found from ``dictionary``.</doc>
<status status="PASS" start="2024-04-13T11:09:58.081691" elapsed="0.000201"/>
</kw>
<kw name="Should Not Be Empty" owner="BuiltIn">
<msg time="2024-04-13T11:09:58.082324" level="INFO">Length is 2.</msg>
<arg>${json_data}</arg>
<doc>Verifies that the given item is not empty.</doc>
<status status="PASS" start="2024-04-13T11:09:58.082190" elapsed="0.000173"/>
</kw>
<kw name="Create List" owner="BuiltIn">
<msg time="2024-04-13T11:09:58.082815" level="INFO">${expected_keys} = ['gender', 'name', 'location', 'email', 'login']</msg>
<var>${expected_keys}</var>
<arg>gender</arg>
<arg>name</arg>
<arg>location</arg>
<arg>email</arg>
<arg>login</arg>
<doc>Returns a list containing given items.</doc>
<status status="PASS" start="2024-04-13T11:09:58.082665" elapsed="0.000174"/>
</kw>
<for flavor="IN">
<iter>
<kw name="Dictionary Should Contain Key" owner="Collections">
<msg time="2024-04-13T11:09:58.083817" level="INFO">False</msg>
<arg>${json_data['results'][0]}</arg>
<arg>${key}</arg>
<doc>Fails if ``key`` is not found from ``dictionary``.</doc>
<status status="PASS" start="2024-04-13T11:09:58.083407" elapsed="0.000450"/>
</kw>
<kw name="Log" owner="BuiltIn">
<msg time="2024-04-13T11:09:58.084586" level="INFO">{'gender': 'female', 'name': {'title': 'Ms', 'first': 'Lily', 'last': 'Brar'}, 'location': {'street': {'number': 2520, 'name': 'College Ave'}, 'city': 'Stirling', 'state': 'Ontario', 'country': 'Canada', 'postcode': 'K4D 7Q8', 'coordinates': {'latitude': '-65.5641', 'longitude': '110.9537'}, 'timezone': {'offset': '-5:00', 'description': 'Eastern Time (US &amp; Canada), Bogota, Lima'}}, 'email': 'lily.brar@example.com', 'login': {'uuid': 'b1c344d9-4d22-4de3-a6c7-b6621ec2896b', 'username': 'heavypeacock443', 'password': 'saint', 'salt': 'ZkkY4o6x', 'md5': '835f51bce2284b6d4582084d4b1e8375', 'sha1': '7017b5063fc003edf8d105baa9b053e53c1df1d4', 'sha256': '2653cce90428ac8f4f9540cf87ca07ae46ca9abbd3086482487cfb435b22ff60'}, 'dob': {'date': '1966-12-11T10:43:39.620Z', 'age': 57}, 'registered': {'date': '2005-04-05T08:33:31.756Z', 'age': 19}, 'phone': 'X71 O64-7905', 'cell': 'D22 O19-1776', 'id': {'name': 'SIN', 'value': '644983694'}, 'picture': {'large': 'https://randomuser.me/api/portraits/women/8.jpg', 'medium': 'https://randomuser.me/api/portraits/med/women/8.jpg', 'thumbnail': 'https://randomuser.me/api/portraits/thumb/women/8.jpg'}, 'nat': 'CA'}</msg>
<arg>${json_data['results'][0]}</arg>
<doc>Logs the given message with the given level.</doc>
<status status="PASS" start="2024-04-13T11:09:58.084208" elapsed="0.000428"/>
</kw>
<kw name="Log" owner="BuiltIn">
<msg time="2024-04-13T11:09:58.085075" level="INFO">gender</msg>
<arg>${key}</arg>
<doc>Logs the given message with the given level.</doc>
<status status="PASS" start="2024-04-13T11:09:58.084944" elapsed="0.000170"/>
</kw>
<var name="${key}">gender</var>
<status status="PASS" start="2024-04-13T11:09:58.083283" elapsed="0.002048"/>
</iter>
<iter>
<kw name="Dictionary Should Contain Key" owner="Collections">
<msg time="2024-04-13T11:09:58.086022" level="INFO">False</msg>
<arg>${json_data['results'][0]}</arg>
<arg>${key}</arg>
<doc>Fails if ``key`` is not found from ``dictionary``.</doc>
<status status="PASS" start="2024-04-13T11:09:58.085635" elapsed="0.000425"/>
</kw>
<kw name="Log" owner="BuiltIn">
<msg time="2024-04-13T11:09:58.086756" level="INFO">{'gender': 'female', 'name': {'title': 'Ms', 'first': 'Lily', 'last': 'Brar'}, 'location': {'street': {'number': 2520, 'name': 'College Ave'}, 'city': 'Stirling', 'state': 'Ontario', 'country': 'Canada', 'postcode': 'K4D 7Q8', 'coordinates': {'latitude': '-65.5641', 'longitude': '110.9537'}, 'timezone': {'offset': '-5:00', 'description': 'Eastern Time (US &amp; Canada), Bogota, Lima'}}, 'email': 'lily.brar@example.com', 'login': {'uuid': 'b1c344d9-4d22-4de3-a6c7-b6621ec2896b', 'username': 'heavypeacock443', 'password': 'saint', 'salt': 'ZkkY4o6x', 'md5': '835f51bce2284b6d4582084d4b1e8375', 'sha1': '7017b5063fc003edf8d105baa9b053e53c1df1d4', 'sha256': '2653cce90428ac8f4f9540cf87ca07ae46ca9abbd3086482487cfb435b22ff60'}, 'dob': {'date': '1966-12-11T10:43:39.620Z', 'age': 57}, 'registered': {'date': '2005-04-05T08:33:31.756Z', 'age': 19}, 'phone': 'X71 O64-7905', 'cell': 'D22 O19-1776', 'id': {'name': 'SIN', 'value': '644983694'}, 'picture': {'large': 'https://randomuser.me/api/portraits/women/8.jpg', 'medium': 'https://randomuser.me/api/portraits/med/women/8.jpg', 'thumbnail': 'https://randomuser.me/api/portraits/thumb/women/8.jpg'}, 'nat': 'CA'}</msg>
<arg>${json_data['results'][0]}</arg>
<doc>Logs the given message with the given level.</doc>
<status status="PASS" start="2024-04-13T11:09:58.086394" elapsed="0.000411"/>
</kw>
<kw name="Log" owner="BuiltIn">
<msg time="2024-04-13T11:09:58.087246" level="INFO">name</msg>
<arg>${key}</arg>
<doc>Logs the given message with the given level.</doc>
<status status="PASS" start="2024-04-13T11:09:58.087115" elapsed="0.000170"/>
</kw>
<var name="${key}">name</var>
<status status="PASS" start="2024-04-13T11:09:58.085519" elapsed="0.001996"/>
</iter>
<iter>
<kw name="Dictionary Should Contain Key" owner="Collections">
<msg time="2024-04-13T11:09:58.088229" level="INFO">False</msg>
<arg>${json_data['results'][0]}</arg>
<arg>${key}</arg>
<doc>Fails if ``key`` is not found from ``dictionary``.</doc>
<status status="PASS" start="2024-04-13T11:09:58.087809" elapsed="0.000458"/>
</kw>
<kw name="Log" owner="BuiltIn">
<msg time="2024-04-13T11:09:58.088932" level="INFO">{'gender': 'female', 'name': {'title': 'Ms', 'first': 'Lily', 'last': 'Brar'}, 'location': {'street': {'number': 2520, 'name': 'College Ave'}, 'city': 'Stirling', 'state': 'Ontario', 'country': 'Canada', 'postcode': 'K4D 7Q8', 'coordinates': {'latitude': '-65.5641', 'longitude': '110.9537'}, 'timezone': {'offset': '-5:00', 'description': 'Eastern Time (US &amp; Canada), Bogota, Lima'}}, 'email': 'lily.brar@example.com', 'login': {'uuid': 'b1c344d9-4d22-4de3-a6c7-b6621ec2896b', 'username': 'heavypeacock443', 'password': 'saint', 'salt': 'ZkkY4o6x', 'md5': '835f51bce2284b6d4582084d4b1e8375', 'sha1': '7017b5063fc003edf8d105baa9b053e53c1df1d4', 'sha256': '2653cce90428ac8f4f9540cf87ca07ae46ca9abbd3086482487cfb435b22ff60'}, 'dob': {'date': '1966-12-11T10:43:39.620Z', 'age': 57}, 'registered': {'date': '2005-04-05T08:33:31.756Z', 'age': 19}, 'phone': 'X71 O64-7905', 'cell': 'D22 O19-1776', 'id': {'name': 'SIN', 'value': '644983694'}, 'picture': {'large': 'https://randomuser.me/api/portraits/women/8.jpg', 'medium': 'https://randomuser.me/api/portraits/med/women/8.jpg', 'thumbnail': 'https://randomuser.me/api/portraits/thumb/women/8.jpg'}, 'nat': 'CA'}</msg>
<arg>${json_data['results'][0]}</arg>
<doc>Logs the given message with the given level.</doc>
<status status="PASS" start="2024-04-13T11:09:58.088572" elapsed="0.000414"/>
</kw>
<kw name="Log" owner="BuiltIn">
<msg time="2024-04-13T11:09:58.089411" level="INFO">location</msg>
<arg>${key}</arg>
<doc>Logs the given message with the given level.</doc>
<status status="PASS" start="2024-04-13T11:09:58.089283" elapsed="0.000166"/>
</kw>
<var name="${key}">location</var>
<status status="PASS" start="2024-04-13T11:09:58.087696" elapsed="0.002005"/>
</iter>
<iter>
<kw name="Dictionary Should Contain Key" owner="Collections">
<msg time="2024-04-13T11:09:58.090363" level="INFO">False</msg>
<arg>${json_data['results'][0]}</arg>
<arg>${key}</arg>
<doc>Fails if ``key`` is not found from ``dictionary``.</doc>
<status status="PASS" start="2024-04-13T11:09:58.089987" elapsed="0.000414"/>
</kw>
<kw name="Log" owner="BuiltIn">
<msg time="2024-04-13T11:09:58.091085" level="INFO">{'gender': 'female', 'name': {'title': 'Ms', 'first': 'Lily', 'last': 'Brar'}, 'location': {'street': {'number': 2520, 'name': 'College Ave'}, 'city': 'Stirling', 'state': 'Ontario', 'country': 'Canada', 'postcode': 'K4D 7Q8', 'coordinates': {'latitude': '-65.5641', 'longitude': '110.9537'}, 'timezone': {'offset': '-5:00', 'description': 'Eastern Time (US &amp; Canada), Bogota, Lima'}}, 'email': 'lily.brar@example.com', 'login': {'uuid': 'b1c344d9-4d22-4de3-a6c7-b6621ec2896b', 'username': 'heavypeacock443', 'password': 'saint', 'salt': 'ZkkY4o6x', 'md5': '835f51bce2284b6d4582084d4b1e8375', 'sha1': '7017b5063fc003edf8d105baa9b053e53c1df1d4', 'sha256': '2653cce90428ac8f4f9540cf87ca07ae46ca9abbd3086482487cfb435b22ff60'}, 'dob': {'date': '1966-12-11T10:43:39.620Z', 'age': 57}, 'registered': {'date': '2005-04-05T08:33:31.756Z', 'age': 19}, 'phone': 'X71 O64-7905', 'cell': 'D22 O19-1776', 'id': {'name': 'SIN', 'value': '644983694'}, 'picture': {'large': 'https://randomuser.me/api/portraits/women/8.jpg', 'medium': 'https://randomuser.me/api/portraits/med/women/8.jpg', 'thumbnail': 'https://randomuser.me/api/portraits/thumb/women/8.jpg'}, 'nat': 'CA'}</msg>
<arg>${json_data['results'][0]}</arg>
<doc>Logs the given message with the given level.</doc>
<status status="PASS" start="2024-04-13T11:09:58.090721" elapsed="0.000412"/>
</kw>
<kw name="Log" owner="BuiltIn">
<msg time="2024-04-13T11:09:58.091571" level="INFO">email</msg>
<arg>${key}</arg>
<doc>Logs the given message with the given level.</doc>
<status status="PASS" start="2024-04-13T11:09:58.091441" elapsed="0.000168"/>
</kw>
<var name="${key}">email</var>
<status status="PASS" start="2024-04-13T11:09:58.089876" elapsed="0.001957"/>
</iter>
<iter>
<kw name="Dictionary Should Contain Key" owner="Collections">
<msg time="2024-04-13T11:09:58.092556" level="INFO">False</msg>
<arg>${json_data['results'][0]}</arg>
<arg>${key}</arg>
<doc>Fails if ``key`` is not found from ``dictionary``.</doc>
<status status="PASS" start="2024-04-13T11:09:58.092163" elapsed="0.000430"/>
</kw>
<kw name="Log" owner="BuiltIn">
<msg time="2024-04-13T11:09:58.093259" level="INFO">{'gender': 'female', 'name': {'title': 'Ms', 'first': 'Lily', 'last': 'Brar'}, 'location': {'street': {'number': 2520, 'name': 'College Ave'}, 'city': 'Stirling', 'state': 'Ontario', 'country': 'Canada', 'postcode': 'K4D 7Q8', 'coordinates': {'latitude': '-65.5641', 'longitude': '110.9537'}, 'timezone': {'offset': '-5:00', 'description': 'Eastern Time (US &amp; Canada), Bogota, Lima'}}, 'email': 'lily.brar@example.com', 'login': {'uuid': 'b1c344d9-4d22-4de3-a6c7-b6621ec2896b', 'username': 'heavypeacock443', 'password': 'saint', 'salt': 'ZkkY4o6x', 'md5': '835f51bce2284b6d4582084d4b1e8375', 'sha1': '7017b5063fc003edf8d105baa9b053e53c1df1d4', 'sha256': '2653cce90428ac8f4f9540cf87ca07ae46ca9abbd3086482487cfb435b22ff60'}, 'dob': {'date': '1966-12-11T10:43:39.620Z', 'age': 57}, 'registered': {'date': '2005-04-05T08:33:31.756Z', 'age': 19}, 'phone': 'X71 O64-7905', 'cell': 'D22 O19-1776', 'id': {'name': 'SIN', 'value': '644983694'}, 'picture': {'large': 'https://randomuser.me/api/portraits/women/8.jpg', 'medium': 'https://randomuser.me/api/portraits/med/women/8.jpg', 'thumbnail': 'https://randomuser.me/api/portraits/thumb/women/8.jpg'}, 'nat': 'CA'}</msg>
<arg>${json_data['results'][0]}</arg>
<doc>Logs the given message with the given level.</doc>
<status status="PASS" start="2024-04-13T11:09:58.092892" elapsed="0.000415"/>
</kw>
<kw name="Log" owner="BuiltIn">
<msg time="2024-04-13T11:09:58.093741" level="INFO">login</msg>
<arg>${key}</arg>
<doc>Logs the given message with the given level.</doc>
<status status="PASS" start="2024-04-13T11:09:58.093611" elapsed="0.000168"/>
</kw>
<var name="${key}">login</var>
<status status="PASS" start="2024-04-13T11:09:58.092038" elapsed="0.001981"/>
</iter>
<var>${key}</var>
<value>@{expected_keys}</value>
<status status="PASS" start="2024-04-13T11:09:58.083098" elapsed="0.011051"/>
</for>
<kw name="Create List" owner="BuiltIn">
<msg time="2024-04-13T11:09:58.094481" level="INFO">${expected_keysTwo} = ['username', 'password']</msg>
<var>${expected_keysTwo}</var>
<arg>username</arg>
<arg>password</arg>
<doc>Returns a list containing given items.</doc>
<status status="PASS" start="2024-04-13T11:09:58.094343" elapsed="0.000163"/>
</kw>
<for flavor="IN">
<iter>
<kw name="Dictionary Should Contain Key" owner="Collections">
<msg time="2024-04-13T11:09:58.095497" level="INFO">False</msg>
<arg>${json_data['results'][0]['login']}</arg>
<arg>${keyTwo}</arg>
<doc>Fails if ``key`` is not found from ``dictionary``.</doc>
<status status="PASS" start="2024-04-13T11:09:58.095110" elapsed="0.000425"/>
</kw>
<kw name="Dictionary Should Contain Key" owner="Collections">
<msg time="2024-04-13T11:09:58.096258" level="INFO">False</msg>
<arg>${json_data['results'][0]['login']}</arg>
<arg>${keyTwo}</arg>
<doc>Fails if ``key`` is not found from ``dictionary``.</doc>
<status status="PASS" start="2024-04-13T11:09:58.095846" elapsed="0.000450"/>
</kw>
<kw name="Log" owner="BuiltIn">
<msg time="2024-04-13T11:09:58.096725" level="INFO">username</msg>
<arg>${keyTwo}</arg>
<doc>Logs the given message with the given level.</doc>
<status status="PASS" start="2024-04-13T11:09:58.096595" elapsed="0.000167"/>
</kw>
<var name="${keyTwo}">username</var>
<status status="PASS" start="2024-04-13T11:09:58.094995" elapsed="0.001987"/>
</iter>
<iter>
<kw name="Dictionary Should Contain Key" owner="Collections">
<msg time="2024-04-13T11:09:58.097642" level="INFO">False</msg>
<arg>${json_data['results'][0]['login']}</arg>
<arg>${keyTwo}</arg>
<doc>Fails if ``key`` is not found from ``dictionary``.</doc>
<status status="PASS" start="2024-04-13T11:09:58.097267" elapsed="0.000412"/>
</kw>
<kw name="Dictionary Should Contain Key" owner="Collections">
<msg time="2024-04-13T11:09:58.098350" level="INFO">False</msg>
<arg>${json_data['results'][0]['login']}</arg>
<arg>${keyTwo}</arg>
<doc>Fails if ``key`` is not found from ``dictionary``.</doc>
<status status="PASS" start="2024-04-13T11:09:58.097971" elapsed="0.000414"/>
</kw>
<kw name="Log" owner="BuiltIn">
<msg time="2024-04-13T11:09:58.098803" level="INFO">password</msg>
<arg>${keyTwo}</arg>
<doc>Logs the given message with the given level.</doc>
<status status="PASS" start="2024-04-13T11:09:58.098675" elapsed="0.000166"/>
</kw>
<var name="${keyTwo}">password</var>
<status status="PASS" start="2024-04-13T11:09:58.097156" elapsed="0.001899"/>
</iter>
<var>${keyTwo}</var>
<value>@{expected_keysTwo}</value>
<status status="PASS" start="2024-04-13T11:09:58.094743" elapsed="0.004435"/>
</for>
<status status="PASS" start="2024-04-13T11:09:57.987260" elapsed="0.112059"/>
</kw>
<doc>Testa a estrutura da resposta da API.</doc>
<tag>testeEstruturaResposta</tag>
<status status="PASS" start="2024-04-13T11:09:57.986618" elapsed="0.112855"/>
</test>
<test id="s1-s1-t4" name="Validar tipos de dados" line="28">
<kw name="Teste de Tipos de Dados" owner="random-user-service">
<kw name="GET On Session" owner="RequestsLibrary">
<msg time="2024-04-13T11:09:58.179684" level="INFO">GET Request : url=https://randomuser.me/api 
 path_url=/api 
 headers={'User-Agent': 'python-requests/2.31.0', 'Accept-Encoding': 'gzip, deflate', 'Accept': '*/*', 'Connection': 'keep-alive'} 
 body=None 
 </msg>
<msg time="2024-04-13T11:09:58.179771" level="INFO">GET Response : url=https://randomuser.me/api 
 status=200, reason=OK 
 headers={'Date': 'Sat, 13 Apr 2024 11:09:58 GMT', 'Content-Type': 'application/json; charset=utf-8', 'Transfer-Encoding': 'chunked', 'Connection': 'keep-alive', 'X-Powered-By': 'Express', 'Access-Control-Allow-Origin': '*', 'Cache-Control': 'no-cache', 'ETag': 'W/"492-zManqWWGUbuim+BEyUxbCavBKZs"', 'Vary': 'Accept-Encoding', 'Content-Encoding': 'gzip', 'CF-Cache-Status': 'DYNAMIC', 'Report-To': '{"endpoints":[{"url":"https:\\/\\/a.nel.cloudflare.com\\/report\\/v4?s=Za25bQKWzcfB0uEsrS3Zv6q8Ea7OrKyl2s7cJA8aVnMMz1vO7M5WXPxz7tbcLK%2F%2F6m8XtAjlp4XNV1ibhMjh0UppyGmHwMLPd%2Ffe7HrUlt82DmUF5S8nkIE7CH7qWYoK"}],"group":"cf-nel","max_age":604800}', 'NEL': '{"success_fraction":0,"report_to":"cf-nel","max_age":604800}', 'Server': 'cloudflare', 'CF-RAY': '873b01c62fab8215-IAD', 'alt-svc': 'h3=":443"; ma=86400'} 
 body={"results":[{"gender":"male","name":{"title":"Mr","first":"Álvaro","last":"Vidal"},"location":{"street":{"number":6061,"name":"Calle de Alberto Aguilera"},"city":"Castellón de la Plana","state":"Castilla la Mancha","country":"Spain","postcode":25105,"coordinates":{"latitude":"-33.7273","longitude":"-171.8418"},"timezone":{"offset":"+4:30","description":"Kabul"}},"email":"alvaro.vidal@example.com","login":{"uuid":"1fa93342-b698-401a-837c-35954f5ce1dd","username":"heavypeacock293","password":"cashmone","salt":"RyKHbeNI","md5":"ca4d53b4a772fd94bfd94e2435fda2fd","sha1":"f3b704047e30caae3f1bad602bdee5d333873f20","sha256":"9a228502323f5ed482a236592a360733a5a143fdcd212c85aaa39f024eaed4e7"},"dob":{"date":"1962-07-04T15:27:32.782Z","age":61},"registered":{"date":"2013-11-19T18:05:31.423Z","age":10},"phone":"929-389-188","cell":"666-597-368","id":{"name":"DNI","value":"47066526-W"},"picture":{"large":"https://randomuser.me/api/portraits/men/35.jpg","medium":"https://randomuser.me/api/portraits/med/men/35.jpg","thumbnail":"https://randomuser.me/api/portraits/thumb/men/35.jpg"},"nat":"ES"}],"info":{"seed":"61db744dc6e42c7d","results":1,"page":1,"version":"1.4"}} 
 </msg>
<msg time="2024-04-13T11:09:58.179835" level="INFO">/opt/hostedtoolcache/Python/3.12.2/x64/lib/python3.12/site-packages/urllib3/connectionpool.py:1103: InsecureRequestWarning: Unverified HTTPS request is being made to host 'randomuser.me'. Adding certificate verification is strongly advised. See: https://urllib3.readthedocs.io/en/latest/advanced-usage.html#tls-warnings
  warnings.warn(</msg>
<msg time="2024-04-13T11:09:58.179936" level="INFO">${response} = &lt;Response [200]&gt;</msg>
<var>${response}</var>
<arg>consultarAPI</arg>
<arg>/api</arg>
<doc>Sends a GET request on a previously created HTTP Session.</doc>
<status status="PASS" start="2024-04-13T11:09:58.102034" elapsed="0.077941"/>
</kw>
<kw name="Set Variable" owner="BuiltIn">
<msg time="2024-04-13T11:09:58.180928" level="INFO">${json_data} = {'results': [{'gender': 'male', 'name': {'title': 'Mr', 'first': 'Álvaro', 'last': 'Vidal'}, 'location': {'street': {'number': 6061, 'name': 'Calle de Alberto Aguilera'}, 'city': 'Castellón de la Plan...</msg>
<var>${json_data}</var>
<arg>${response.json()}</arg>
<doc>Returns the given values which can then be assigned to a variables.</doc>
<status status="PASS" start="2024-04-13T11:09:58.180436" elapsed="0.000522"/>
</kw>
<kw name="Log" owner="BuiltIn">
<msg time="2024-04-13T11:09:58.181452" level="INFO">{'results': [{'gender': 'male', 'name': {'title': 'Mr', 'first': 'Álvaro', 'last': 'Vidal'}, 'location': {'street': {'number': 6061, 'name': 'Calle de Alberto Aguilera'}, 'city': 'Castellón de la Plana', 'state': 'Castilla la Mancha', 'country': 'Spain', 'postcode': 25105, 'coordinates': {'latitude': '-33.7273', 'longitude': '-171.8418'}, 'timezone': {'offset': '+4:30', 'description': 'Kabul'}}, 'email': 'alvaro.vidal@example.com', 'login': {'uuid': '1fa93342-b698-401a-837c-35954f5ce1dd', 'username': 'heavypeacock293', 'password': 'cashmone', 'salt': 'RyKHbeNI', 'md5': 'ca4d53b4a772fd94bfd94e2435fda2fd', 'sha1': 'f3b704047e30caae3f1bad602bdee5d333873f20', 'sha256': '9a228502323f5ed482a236592a360733a5a143fdcd212c85aaa39f024eaed4e7'}, 'dob': {'date': '1962-07-04T15:27:32.782Z', 'age': 61}, 'registered': {'date': '2013-11-19T18:05:31.423Z', 'age': 10}, 'phone': '929-389-188', 'cell': '666-597-368', 'id': {'name': 'DNI', 'value': '47066526-W'}, 'picture': {'large': 'https://randomuser.me/api/portraits/men/35.jpg', 'medium': 'https://randomuser.me/api/portraits/med/men/35.jpg', 'thumbnail': 'https://randomuser.me/api/portraits/thumb/men/35.jpg'}, 'nat': 'ES'}], 'info': {'seed': '61db744dc6e42c7d', 'results': 1, 'page': 1, 'version': '1.4'}}</msg>
<arg>${json_data}</arg>
<doc>Logs the given message with the given level.</doc>
<status status="PASS" start="2024-04-13T11:09:58.181285" elapsed="0.000254"/>
</kw>
<kw name="Should Be String" owner="String">
<arg>${json_data['results'][0]['gender']}</arg>
<doc>Fails if the given ``item`` is not a string.</doc>
<status status="PASS" start="2024-04-13T11:09:58.181846" elapsed="0.000368"/>
</kw>
<kw name="Should Match Regexp" owner="BuiltIn">
<arg>${json_data['results'][0]['email']}</arg>
<arg>^[a-zA-Z0-9._%+-]+@[a-zA-Z0-9.-]+\.[a-zA-Z]{2,}$</arg>
<doc>Fails if ``string`` does not match ``pattern`` as a regular expression.</doc>
<status status="PASS" start="2024-04-13T11:09:58.182410" elapsed="0.000514"/>
</kw>
<kw name="Should Match Regexp" owner="BuiltIn">
<arg>${json_data['results'][0]['dob']['date']}</arg>
<arg>\\d{4}-\\d{2}-\\d{2}T\\d{2}:\\d{2}:\\d{2}\\.\\d{3}Z</arg>
<doc>Fails if ``string`` does not match ``pattern`` as a regular expression.</doc>
<status status="PASS" start="2024-04-13T11:09:58.183122" elapsed="0.000501"/>
</kw>
<kw name="Should Match Regexp" owner="BuiltIn">
<arg>${json_data['results'][0]['registered']['date']}</arg>
<arg>\\d{4}-\\d{2}-\\d{2}T\\d{2}:\\d{2}:\\d{2}\\.\\d{3}Z</arg>
<doc>Fails if ``string`` does not match ``pattern`` as a regular expression.</doc>
<status status="PASS" start="2024-04-13T11:09:58.183818" elapsed="0.000408"/>
</kw>
<kw name="Should Match Regexp" owner="BuiltIn">
<arg>${json_data['results'][0]['picture']['large']}</arg>
<arg>^https?://.*\.(?:png|jpe?g|gif|bmp)$</arg>
<doc>Fails if ``string`` does not match ``pattern`` as a regular expression.</doc>
<status status="PASS" start="2024-04-13T11:09:58.184414" elapsed="0.000461"/>
</kw>
<kw name="Should Match Regexp" owner="BuiltIn">
<arg>${json_data['results'][0]['picture']['medium']}</arg>
<arg>^https?://.*\.(?:png|jpe?g|gif|bmp)$</arg>
<doc>Fails if ``string`` does not match ``pattern`` as a regular expression.</doc>
<status status="PASS" start="2024-04-13T11:09:58.185067" elapsed="0.000360"/>
</kw>
<kw name="Should Match Regexp" owner="BuiltIn">
<arg>${json_data['results'][0]['picture']['thumbnail']}</arg>
<arg>^https?://.*\.(?:png|jpe?g|gif|bmp)$</arg>
<doc>Fails if ``string`` does not match ``pattern`` as a regular expression.</doc>
<status status="PASS" start="2024-04-13T11:09:58.185612" elapsed="0.000354"/>
</kw>
<kw name="Log" owner="BuiltIn">
<msg time="2024-04-13T11:09:58.186479" level="INFO">{'large': 'https://randomuser.me/api/portraits/men/35.jpg', 'medium': 'https://randomuser.me/api/portraits/med/men/35.jpg', 'thumbnail': 'https://randomuser.me/api/portraits/thumb/men/35.jpg'}</msg>
<arg>${json_data['results'][0]['picture']}</arg>
<doc>Logs the given message with the given level.</doc>
<status status="PASS" start="2024-04-13T11:09:58.186149" elapsed="0.000372"/>
</kw>
<status status="PASS" start="2024-04-13T11:09:58.101792" elapsed="0.084988"/>
</kw>
<kw name="Teste de Tipos de Dados - Postcode" owner="random-user-service">
<kw name="GET On Session" owner="RequestsLibrary">
<msg time="2024-04-13T11:09:58.280439" level="INFO">GET Request : url=https://randomuser.me/api 
 path_url=/api 
 headers={'User-Agent': 'python-requests/2.31.0', 'Accept-Encoding': 'gzip, deflate', 'Accept': '*/*', 'Connection': 'keep-alive'} 
 body=None 
 </msg>
<msg time="2024-04-13T11:09:58.280515" level="INFO">GET Response : url=https://randomuser.me/api 
 status=200, reason=OK 
 headers={'Date': 'Sat, 13 Apr 2024 11:09:58 GMT', 'Content-Type': 'application/json; charset=utf-8', 'Transfer-Encoding': 'chunked', 'Connection': 'keep-alive', 'X-Powered-By': 'Express', 'Access-Control-Allow-Origin': '*', 'Cache-Control': 'no-cache', 'ETag': 'W/"490-mdmNDF5NE6fd7OB8Wd25OLS/Ua4"', 'Vary': 'Accept-Encoding', 'Content-Encoding': 'gzip', 'CF-Cache-Status': 'DYNAMIC', 'Report-To': '{"endpoints":[{"url":"https:\\/\\/a.nel.cloudflare.com\\/report\\/v4?s=F1TU%2BH7G3ZvomYlCyn%2BzqncNyWf2Q%2Fket2A%2F0kAap5%2FWkiQno8Dp4J3jlzIEZNqLIryBSDrTUGvEAfVqAY%2FCj8WVkGw%2FFqHjuw8OeeCYliT7Xb7LYD%2B6x4ZE%2BREp%2FWp5"}],"group":"cf-nel","max_age":604800}', 'NEL': '{"success_fraction":0,"report_to":"cf-nel","max_age":604800}', 'Server': 'cloudflare', 'CF-RAY': '873b01c6a83a8215-IAD', 'alt-svc': 'h3=":443"; ma=86400'} 
 body={"results":[{"gender":"male","name":{"title":"Mr","first":"Jackson","last":"Hall"},"location":{"street":{"number":4892,"name":"Colombo Street"},"city":"Whanganui","state":"Southland","country":"New Zealand","postcode":44457,"coordinates":{"latitude":"49.5406","longitude":"-37.5093"},"timezone":{"offset":"-5:00","description":"Eastern Time (US &amp; Canada), Bogota, Lima"}},"email":"jackson.hall@example.com","login":{"uuid":"73472ea6-1d31-40b7-9179-b87d38ab1d2c","username":"heavymeercat748","password":"avalon","salt":"g2mgdTCe","md5":"bb870c902f9d2a974c8e5e1d4b401230","sha1":"9c72e999b58525faea18c87c18c76e263ca250e6","sha256":"986baf89ce301e93c21e97513d7e8e5370d01681065df30561459c9e2715b32f"},"dob":{"date":"1975-07-22T16:01:20.607Z","age":48},"registered":{"date":"2011-05-15T14:33:38.979Z","age":12},"phone":"(256)-708-1716","cell":"(327)-105-1306","id":{"name":"","value":null},"picture":{"large":"https://randomuser.me/api/portraits/men/84.jpg","medium":"https://randomuser.me/api/portraits/med/men/84.jpg","thumbnail":"https://randomuser.me/api/portraits/thumb/men/84.jpg"},"nat":"NZ"}],"info":{"seed":"ed1c017c71849666","results":1,"page":1,"version":"1.4"}} 
 </msg>
<msg time="2024-04-13T11:09:58.280602" level="INFO">/opt/hostedtoolcache/Python/3.12.2/x64/lib/python3.12/site-packages/urllib3/connectionpool.py:1103: InsecureRequestWarning: Unverified HTTPS request is being made to host 'randomuser.me'. Adding certificate verification is strongly advised. See: https://urllib3.readthedocs.io/en/latest/advanced-usage.html#tls-warnings
  warnings.warn(</msg>
<msg time="2024-04-13T11:09:58.280727" level="INFO">${response} = &lt;Response [200]&gt;</msg>
<var>${response}</var>
<arg>consultarAPI</arg>
<arg>/api</arg>
<doc>Sends a GET request on a previously created HTTP Session.</doc>
<status status="PASS" start="2024-04-13T11:09:58.187240" elapsed="0.093536"/>
</kw>
<kw name="Set Variable" owner="BuiltIn">
<msg time="2024-04-13T11:09:58.281824" level="INFO">${json_data} = {'results': [{'gender': 'male', 'name': {'title': 'Mr', 'first': 'Jackson', 'last': 'Hall'}, 'location': {'street': {'number': 4892, 'name': 'Colombo Street'}, 'city': 'Whanganui', 'state': 'Southland...</msg>
<var>${json_data}</var>
<arg>${response.json()}</arg>
<doc>Returns the given values which can then be assigned to a variables.</doc>
<status status="PASS" start="2024-04-13T11:09:58.281265" elapsed="0.000587"/>
</kw>
<kw name="Log" owner="BuiltIn">
<msg time="2024-04-13T11:09:58.282311" level="INFO">{'results': [{'gender': 'male', 'name': {'title': 'Mr', 'first': 'Jackson', 'last': 'Hall'}, 'location': {'street': {'number': 4892, 'name': 'Colombo Street'}, 'city': 'Whanganui', 'state': 'Southland', 'country': 'New Zealand', 'postcode': 44457, 'coordinates': {'latitude': '49.5406', 'longitude': '-37.5093'}, 'timezone': {'offset': '-5:00', 'description': 'Eastern Time (US &amp; Canada), Bogota, Lima'}}, 'email': 'jackson.hall@example.com', 'login': {'uuid': '73472ea6-1d31-40b7-9179-b87d38ab1d2c', 'username': 'heavymeercat748', 'password': 'avalon', 'salt': 'g2mgdTCe', 'md5': 'bb870c902f9d2a974c8e5e1d4b401230', 'sha1': '9c72e999b58525faea18c87c18c76e263ca250e6', 'sha256': '986baf89ce301e93c21e97513d7e8e5370d01681065df30561459c9e2715b32f'}, 'dob': {'date': '1975-07-22T16:01:20.607Z', 'age': 48}, 'registered': {'date': '2011-05-15T14:33:38.979Z', 'age': 12}, 'phone': '(256)-708-1716', 'cell': '(327)-105-1306', 'id': {'name': '', 'value': None}, 'picture': {'large': 'https://randomuser.me/api/portraits/men/84.jpg', 'medium': 'https://randomuser.me/api/portraits/med/men/84.jpg', 'thumbnail': 'https://randomuser.me/api/portraits/thumb/men/84.jpg'}, 'nat': 'NZ'}], 'info': {'seed': 'ed1c017c71849666', 'results': 1, 'page': 1, 'version': '1.4'}}</msg>
<arg>${json_data}</arg>
<doc>Logs the given message with the given level.</doc>
<status status="PASS" start="2024-04-13T11:09:58.282159" elapsed="0.000233"/>
</kw>
<kw name="Should Be Equal As Numbers" owner="BuiltIn">
<arg>${json_data['results'][0]['location']['postcode']}</arg>
<arg>${json_data['results'][0]['location']['postcode']}</arg>
<doc>Fails if objects are unequal after converting them to real numbers.</doc>
<status status="PASS" start="2024-04-13T11:09:58.282696" elapsed="0.000615"/>
</kw>
<kw name="Log" owner="BuiltIn">
<msg time="2024-04-13T11:09:58.283842" level="INFO">44457</msg>
<arg>${json_data['results'][0]['location']['postcode']}</arg>
<doc>Logs the given message with the given level.</doc>
<status status="PASS" start="2024-04-13T11:09:58.283502" elapsed="0.000381"/>
</kw>
<status status="PASS" start="2024-04-13T11:09:58.187002" elapsed="0.097162"/>
</kw>
<doc>Testa se os tipos de dados na resposta da API estão corretos.</doc>
<tag>testeTiposDados</tag>
<status status="PASS" start="2024-04-13T11:09:58.101259" elapsed="0.183076"/>
</test>
<test id="s1-s1-t5" name="Validar conteudo" line="35">
<kw name="Teste de Tipos de Conteudo" owner="random-user-service">
<kw name="GET On Session" owner="RequestsLibrary">
<msg time="2024-04-13T11:09:59.106196" level="INFO">GET Request : url=https://randomuser.me/api 
 path_url=/api 
 headers={'User-Agent': 'python-requests/2.31.0', 'Accept-Encoding': 'gzip, deflate', 'Accept': '*/*', 'Connection': 'keep-alive'} 
 body=None 
 </msg>
<msg time="2024-04-13T11:09:59.106312" level="INFO">GET Response : url=https://randomuser.me/api 
 status=200, reason=OK 
 headers={'Date': 'Sat, 13 Apr 2024 11:09:59 GMT', 'Content-Type': 'application/json; charset=utf-8', 'Transfer-Encoding': 'chunked', 'Connection': 'keep-alive', 'X-Powered-By': 'Express', 'Access-Control-Allow-Origin': '*', 'Cache-Control': 'no-cache', 'ETag': 'W/"496-cTJ5dDD6hNIY1Cuuv8QfAsSOIj0"', 'Vary': 'Accept-Encoding', 'Content-Encoding': 'gzip', 'CF-Cache-Status': 'DYNAMIC', 'Report-To': '{"endpoints":[{"url":"https:\\/\\/a.nel.cloudflare.com\\/report\\/v4?s=7iMTfiacnfQOeWNy0Vvth%2BytFlPLzq%2BGVusFgAQsjbsK2ANBbo7cjDifT3k95hH6BpzttCYXQW8hFj1P%2BkZLI8r8K8HnNNK3sUNtuXmODi%2BLF2YGMPMqD16h0s1hAB%2F2"}],"group":"cf-nel","max_age":604800}', 'NEL': '{"success_fraction":0,"report_to":"cf-nel","max_age":604800}', 'Server': 'cloudflare', 'CF-RAY': '873b01c748a98215-IAD', 'alt-svc': 'h3=":443"; ma=86400'} 
 body={"results":[{"gender":"female","name":{"title":"Mrs","first":"Evin","last":"Schep"},"location":{"street":{"number":9254,"name":"Engelandweg"},"city":"Papenhoven","state":"Zeeland","country":"Netherlands","postcode":"2643 UW","coordinates":{"latitude":"37.9932","longitude":"108.3446"},"timezone":{"offset":"+3:00","description":"Baghdad, Riyadh, Moscow, St. Petersburg"}},"email":"evin.schep@example.com","login":{"uuid":"4988e8ae-103c-48e5-95f1-d8926c982d3a","username":"bigswan581","password":"weasel","salt":"cnYH4vZx","md5":"3985f2d98b4e1b5c6cdf6ee8ca8c2b09","sha1":"4988a673fd974d225f36eca4b01e3f1581322330","sha256":"a04af4ff0056f0df1782c8ab7f97d5fd3095d97d406982e89a8df4b120ec4df7"},"dob":{"date":"1979-06-26T12:25:23.102Z","age":44},"registered":{"date":"2005-10-04T05:31:04.120Z","age":18},"phone":"(075) 5182612","cell":"(06) 14718021","id":{"name":"BSN","value":"15605238"},"picture":{"large":"https://randomuser.me/api/portraits/women/40.jpg","medium":"https://randomuser.me/api/portraits/med/women/40.jpg","thumbnail":"https://randomuser.me/api/portraits/thumb/women/40.jpg"},"nat":"NL"}],"info":{"seed":"37ee7d5c41a04379","results":1,"page":1,"version":"1.4"}} 
 </msg>
<msg time="2024-04-13T11:09:59.106402" level="INFO">/opt/hostedtoolcache/Python/3.12.2/x64/lib/python3.12/site-packages/urllib3/connectionpool.py:1103: InsecureRequestWarning: Unverified HTTPS request is being made to host 'randomuser.me'. Adding certificate verification is strongly advised. See: https://urllib3.readthedocs.io/en/latest/advanced-usage.html#tls-warnings
  warnings.warn(</msg>
<msg time="2024-04-13T11:09:59.106544" level="INFO">${response} = &lt;Response [200]&gt;</msg>
<var>${response}</var>
<arg>consultarAPI</arg>
<arg>/api</arg>
<doc>Sends a GET request on a previously created HTTP Session.</doc>
<status status="PASS" start="2024-04-13T11:09:58.286793" elapsed="0.819792"/>
</kw>
<kw name="Set Variable" owner="BuiltIn">
<msg time="2024-04-13T11:09:59.107668" level="INFO">${json_data} = {'results': [{'gender': 'female', 'name': {'title': 'Mrs', 'first': 'Evin', 'last': 'Schep'}, 'location': {'street': {'number': 9254, 'name': 'Engelandweg'}, 'city': 'Papenhoven', 'state': 'Zeeland', ...</msg>
<var>${json_data}</var>
<arg>${response.json()}</arg>
<doc>Returns the given values which can then be assigned to a variables.</doc>
<status status="PASS" start="2024-04-13T11:09:59.107151" elapsed="0.000546"/>
</kw>
<kw name="Set Variable" owner="BuiltIn">
<msg time="2024-04-13T11:09:59.108428" level="INFO">${name_title} = Mrs</msg>
<var>${name_title}</var>
<arg>${json_data["results"][0]["name"]["title"]}</arg>
<doc>Returns the given values which can then be assigned to a variables.</doc>
<status status="PASS" start="2024-04-13T11:09:59.108031" elapsed="0.000422"/>
</kw>
<kw name="Create List" owner="BuiltIn">
<msg time="2024-04-13T11:09:59.108903" level="INFO">${allowed_titles} = ['Mr', 'Ms', 'Miss', 'Mrs', 'Madame', 'Monsieur']</msg>
<var>${allowed_titles}</var>
<arg>Mr</arg>
<arg>Ms</arg>
<arg>Miss</arg>
<arg>Mrs</arg>
<arg>Madame</arg>
<arg>Monsieur</arg>
<doc>Returns a list containing given items.</doc>
<status status="PASS" start="2024-04-13T11:09:59.108755" elapsed="0.000172"/>
</kw>
<kw name="List Should Contain Value" owner="Collections">
<msg time="2024-04-13T11:09:59.109404" level="INFO">False</msg>
<arg>${allowed_titles}</arg>
<arg>${name_title}</arg>
<doc>Fails if the ``value`` is not found from ``list``.</doc>
<status status="PASS" start="2024-04-13T11:09:59.109229" elapsed="0.000211"/>
</kw>
<kw name="Set Variable" owner="BuiltIn">
<msg time="2024-04-13T11:09:59.110128" level="INFO">${name_country} = NL</msg>
<var>${name_country}</var>
<arg>${json_data["results"][0]["nat"]}</arg>
<doc>Returns the given values which can then be assigned to a variables.</doc>
<status status="PASS" start="2024-04-13T11:09:59.109746" elapsed="0.000409"/>
</kw>
<kw name="Create List" owner="BuiltIn">
<msg time="2024-04-13T11:09:59.111057" level="INFO">${list_country} = ['AD', 'AE', 'AF', 'AG', 'AI', 'AL', 'AM', 'AO', 'AQ', 'AR', 'AS', 'AT', 'AU', 'AW', 'AX', 'AZ', 'BA', 'BB', 'BD', 'BE', 'BF', 'BG', 'BH', 'BI', 'BJ', 'BL', 'BM', 'BN', 'BO', 'BQ', 'BR', 'BS', 'BT', '...</msg>
<var>${list_country}</var>
<arg>AD</arg>
<arg>AE</arg>
<arg>AF</arg>
<arg>AG</arg>
<arg>AI</arg>
<arg>AL</arg>
<arg>AM</arg>
<arg>AO</arg>
<arg>AQ</arg>
<arg>AR</arg>
<arg>AS</arg>
<arg>AT</arg>
<arg>AU</arg>
<arg>AW</arg>
<arg>AX</arg>
<arg>AZ</arg>
<arg>BA</arg>
<arg>BB</arg>
<arg>BD</arg>
<arg>BE</arg>
<arg>BF</arg>
<arg>BG</arg>
<arg>BH</arg>
<arg>BI</arg>
<arg>BJ</arg>
<arg>BL</arg>
<arg>BM</arg>
<arg>BN</arg>
<arg>BO</arg>
<arg>BQ</arg>
<arg>BR</arg>
<arg>BS</arg>
<arg>BT</arg>
<arg>BV</arg>
<arg>BW</arg>
<arg>BY</arg>
<arg>BZ</arg>
<arg>CA</arg>
<arg>CC</arg>
<arg>CD</arg>
<arg>CF</arg>
<arg>CG</arg>
<arg>CH</arg>
<arg>CI</arg>
<arg>CK</arg>
<arg>CL</arg>
<arg>CM</arg>
<arg>CN</arg>
<arg>CO</arg>
<arg>CR</arg>
<arg>CU</arg>
<arg>CV</arg>
<arg>CW</arg>
<arg>CX</arg>
<arg>CY</arg>
<arg>CZ</arg>
<arg>DE</arg>
<arg>DJ</arg>
<arg>DK</arg>
<arg>DM</arg>
<arg>DO</arg>
<arg>DZ</arg>
<arg>EC</arg>
<arg>EE</arg>
<arg>EG</arg>
<arg>EH</arg>
<arg>ER</arg>
<arg>ES</arg>
<arg>ET</arg>
<arg>FI</arg>
<arg>FJ</arg>
<arg>FK</arg>
<arg>FM</arg>
<arg>FO</arg>
<arg>FR</arg>
<arg>GA</arg>
<arg>GB</arg>
<arg>GD</arg>
<arg>GE</arg>
<arg>GF</arg>
<arg>GG</arg>
<arg>GH</arg>
<arg>GI</arg>
<arg>GL</arg>
<arg>GM</arg>
<arg>GN</arg>
<arg>GP</arg>
<arg>GQ</arg>
<arg>GR</arg>
<arg>GS</arg>
<arg>GT</arg>
<arg>GU</arg>
<arg>GW</arg>
<arg>GY</arg>
<arg>HK</arg>
<arg>HM</arg>
<arg>HN</arg>
<arg>HR</arg>
<arg>HT</arg>
<arg>HU</arg>
<arg>ID</arg>
<arg>IE</arg>
<arg>IL</arg>
<arg>IM</arg>
<arg>IN</arg>
<arg>IO</arg>
<arg>IQ</arg>
<arg>IR</arg>
<arg>IS</arg>
<arg>IT</arg>
<arg>JE</arg>
<arg>JM</arg>
<arg>JO</arg>
<arg>JP</arg>
<arg>KE</arg>
<arg>KG</arg>
<arg>KH</arg>
<arg>KI</arg>
<arg>KM</arg>
<arg>KN</arg>
<arg>KP</arg>
<arg>KR</arg>
<arg>KW</arg>
<arg>KY</arg>
<arg>KZ</arg>
<arg>LA</arg>
<arg>LB</arg>
<arg>LC</arg>
<arg>LI</arg>
<arg>LK</arg>
<arg>LR</arg>
<arg>LS</arg>
<arg>LT</arg>
<arg>LU</arg>
<arg>LV</arg>
<arg>LY</arg>
<arg>MA</arg>
<arg>MC</arg>
<arg>MD</arg>
<arg>ME</arg>
<arg>MF</arg>
<arg>MG</arg>
<arg>MH</arg>
<arg>MK</arg>
<arg>ML</arg>
<arg>MM</arg>
<arg>MN</arg>
<arg>MO</arg>
<arg>MP</arg>
<arg>MQ</arg>
<arg>MR</arg>
<arg>MS</arg>
<arg>MT</arg>
<arg>MU</arg>
<arg>MV</arg>
<arg>MW</arg>
<arg>MX</arg>
<arg>MY</arg>
<arg>MZ</arg>
<arg>NA</arg>
<arg>NC</arg>
<arg>NE</arg>
<arg>NF</arg>
<arg>NG</arg>
<arg>NI</arg>
<arg>NL</arg>
<arg>NO</arg>
<arg>NP</arg>
<arg>NR</arg>
<arg>NU</arg>
<arg>NZ</arg>
<arg>OM</arg>
<arg>PA</arg>
<arg>PE</arg>
<arg>PF</arg>
<arg>PG</arg>
<arg>PH</arg>
<arg>PK</arg>
<arg>PL</arg>
<arg>PM</arg>
<arg>PN</arg>
<arg>PR</arg>
<arg>PS</arg>
<arg>PT</arg>
<arg>PW</arg>
<arg>PY</arg>
<arg>QA</arg>
<arg>RE</arg>
<arg>RO</arg>
<arg>RS</arg>
<arg>RU</arg>
<arg>RW</arg>
<arg>SA</arg>
<arg>SB</arg>
<arg>SC</arg>
<arg>SD</arg>
<arg>SE</arg>
<arg>SG</arg>
<arg>SH</arg>
<arg>SI</arg>
<arg>SJ</arg>
<arg>SK</arg>
<arg>SL</arg>
<arg>SM</arg>
<arg>SN</arg>
<arg>SO</arg>
<arg>SR</arg>
<arg>SS</arg>
<arg>ST</arg>
<arg>SV</arg>
<arg>SX</arg>
<arg>SY</arg>
<arg>SZ</arg>
<arg>TC</arg>
<arg>TD</arg>
<arg>TF</arg>
<arg>TG</arg>
<arg>TH</arg>
<arg>TJ</arg>
<arg>TK</arg>
<arg>TL</arg>
<arg>TM</arg>
<arg>TN</arg>
<arg>TO</arg>
<arg>TR</arg>
<arg>TT</arg>
<arg>TV</arg>
<arg>TW</arg>
<arg>TZ</arg>
<arg>UA</arg>
<arg>UG</arg>
<arg>UM</arg>
<arg>US</arg>
<arg>UY</arg>
<arg>UZ</arg>
<arg>VA</arg>
<arg>VC</arg>
<arg>VE</arg>
<arg>VG</arg>
<arg>VI</arg>
<arg>VN</arg>
<arg>VU</arg>
<arg>WF</arg>
<arg>WS</arg>
<arg>XK</arg>
<arg>YE</arg>
<arg>YT</arg>
<arg>ZA</arg>
<arg>ZM</arg>
<arg>ZW</arg>
<doc>Returns a list containing given items.</doc>
<status status="PASS" start="2024-04-13T11:09:59.110458" elapsed="0.000625"/>
</kw>
<kw name="List Should Contain Value" owner="Collections">
<msg time="2024-04-13T11:09:59.112100" level="INFO">False</msg>
<arg>${list_country}</arg>
<arg>${name_country}</arg>
<doc>Fails if the ``value`` is not found from ``list``.</doc>
<status status="PASS" start="2024-04-13T11:09:59.111869" elapsed="0.000270"/>
</kw>
<kw name="Run Keyword If" owner="BuiltIn">
<kw name="Should Be True" owner="BuiltIn">
<arg>${True}</arg>
<doc>Fails if the given condition is not true.</doc>
<status status="PASS" start="2024-04-13T11:09:59.113369" elapsed="0.000146"/>
</kw>
<arg>${json_data["results"][0]["location"]["coordinates"]["latitude"]} &gt;= -90 and ${json_data["results"][0]["location"]["coordinates"]["latitude"]} &lt;= 90</arg>
<arg>Should Be True</arg>
<arg>${True}</arg>
<doc>Runs the given keyword with the given arguments, if ``condition`` is true.</doc>
<status status="PASS" start="2024-04-13T11:09:59.112454" elapsed="0.001197"/>
</kw>
<kw name="Run Keyword If" owner="BuiltIn">
<kw name="Should Be True" owner="BuiltIn">
<arg>${True}</arg>
<doc>Fails if the given condition is not true.</doc>
<status status="PASS" start="2024-04-13T11:09:59.114533" elapsed="0.000138"/>
</kw>
<arg>${json_data["results"][0]["location"]["coordinates"]["longitude"]} &gt;= -180 and ${json_data["results"][0]["location"]["coordinates"]["longitude"]} &lt;= 180</arg>
<arg>Should Be True</arg>
<arg>${True}</arg>
<doc>Runs the given keyword with the given arguments, if ``condition`` is true.</doc>
<status status="PASS" start="2024-04-13T11:09:59.113840" elapsed="0.000957"/>
</kw>
<status status="PASS" start="2024-04-13T11:09:58.286569" elapsed="0.828360"/>
</kw>
<doc>Testa o conteúdo específico dos campos retornados pela API.</doc>
<tag>testeConteudo</tag>
<status status="PASS" start="2024-04-13T11:09:58.286041" elapsed="0.829045"/>
</test>
<status status="PASS" start="2024-04-13T11:09:57.520119" elapsed="1.596929"/>
</suite>
<status status="PASS" start="2024-04-13T11:09:57.506419" elapsed="1.615964"/>
</suite>
<statistics>
<total>
<stat pass="5" fail="0" skip="0">All Tests</stat>
</total>
<tag>
<stat pass="1" fail="0" skip="0">testeConteudo</stat>
<stat pass="1" fail="0" skip="0">testeEstruturaResposta</stat>
<stat pass="1" fail="0" skip="0">testeRequisicaoBasica</stat>
<stat pass="1" fail="0" skip="0">testeTiposDados</stat>
</tag>
<suite>
<stat pass="5" fail="0" skip="0" id="s1" name="Tests">Tests</stat>
<stat pass="5" fail="0" skip="0" id="s1-s1" name="Random-User-Test">Tests.Random-User-Test</stat>
</suite>
</statistics>
<errors>
</errors>
</robot>
