<?xml version="1.0" encoding="UTF-8"?>
<robot generator="Robot 7.0.1 (Python 3.12.4 on linux)" generated="2024-07-31T06:18:06.592978" rpa="false" schemaversion="5">
<suite id="s1" name="Tests" source="/home/runner/work/ApiRandomUser/ApiRandomUser/RamdonUser/tests">
<suite id="s1-s1" name="Random-User-Test" source="/home/runner/work/ApiRandomUser/ApiRandomUser/RamdonUser/tests/random-user-test.robot">
<test id="s1-s1-t1" name="Conectar" line="13">
<kw name="Conectar API" owner="random-user-service">
<kw name="Create Session" owner="RequestsLibrary">
<msg time="2024-07-31T06:18:07.019618" level="INFO">Creating Session using : alias=consultarAPI, url=https://randomuser.me/, headers={},                     cookies={}, auth=None, timeout=None, proxies=None, verify=False,                     debug=0 </msg>
<arg>consultarAPI</arg>
<arg>${URL}</arg>
<doc>Create Session: create a HTTP session to a server</doc>
<status status="PASS" start="2024-07-31T06:18:07.019421" elapsed="0.000379"/>
</kw>
<status status="PASS" start="2024-07-31T06:18:07.018380" elapsed="0.001778"/>
</kw>
<status status="PASS" start="2024-07-31T06:18:07.017775" elapsed="0.002581"/>
</test>
<test id="s1-s1-t2" name="Validar retorno 200 e JSON Válido" line="16">
<kw name="Teste de Requisicao Basica" owner="random-user-service">
<kw name="GET On Session" owner="RequestsLibrary">
<msg time="2024-07-31T06:18:07.197293" level="INFO">GET Request : url=https://randomuser.me/api 
 path_url=/api 
 headers={'User-Agent': 'python-requests/2.32.3', 'Accept-Encoding': 'gzip, deflate', 'Accept': '*/*', 'Connection': 'keep-alive'} 
 body=None 
 </msg>
<msg time="2024-07-31T06:18:07.197443" level="INFO">GET Response : url=https://randomuser.me/api 
 status=200, reason=OK 
 headers={'Date': 'Wed, 31 Jul 2024 06:18:07 GMT', 'Content-Type': 'application/json; charset=utf-8', 'Transfer-Encoding': 'chunked', 'Connection': 'keep-alive', 'X-Powered-By': 'Express', 'Access-Control-Allow-Origin': '*', 'Cache-Control': 'no-cache', 'ETag': 'W/"49b-53QiVtotSMvFD3rs2gWxl1K543A"', 'Vary': 'Accept-Encoding', 'Content-Encoding': 'gzip', 'CF-Cache-Status': 'DYNAMIC', 'Report-To': '{"endpoints":[{"url":"https:\\/\\/a.nel.cloudflare.com\\/report\\/v4?s=2UU3EuA%2BuOyiBAIG25AQL7AjmoGLlnNhFYXFjENLhCoKPlhdxfxJVZPg6t8LT2FcOBYkwZEbhqsbcQaa9yCU4%2BMseSjeMz9goRobpRjIQh97rR%2B3j2rew7OVvVFPDI33"}],"group":"cf-nel","max_age":604800}', 'NEL': '{"success_fraction":0,"report_to":"cf-nel","max_age":604800}', 'Server': 'cloudflare', 'CF-RAY': '8abb7822cbe681c1-IAD', 'alt-svc': 'h3=":443"; ma=86400'} 
 body={"results":[{"gender":"female","name":{"title":"Miss","first":"Elizabeth","last":"Walker"},"location":{"street":{"number":5568,"name":"Mornington Road"},"city":"Christchurch","state":"West Coast","country":"New Zealand","postcode":19655,"coordinates":{"latitude":"54.4323","longitude":"109.8582"},"timezone":{"offset":"-1:00","description":"Azores, Cape Verde Islands"}},"email":"elizabeth.walker@example.com","login":{"uuid":"3c46881f-133b-46ff-98f9-aa9648a965c7","username":"organicmouse713","password":"yamahar1","salt":"mpUy00YH","md5":"b4ef5e411b2be2859ba42a6eea52f602","sha1":"d40366c0a516552d9963ea142d4f3b4590aadcfa","sha256":"efdb620dbd7a2359751a7009c6664b63440416f56e6cc7487da09def6d8bc243"},"dob":{"date":"1977-02-08T10:10:28.736Z","age":47},"registered":{"date":"2010-10-01T06:55:53.911Z","age":13},"phone":"(565)-437-4005","cell":"(972)-918-7260","id":{"name":"","value":null},"picture":{"large":"https://randomuser.me/api/portraits/women/27.jpg","medium":"https://randomuser.me/api/portraits/med/women/27.jpg","thumbnail":"https://randomuser.me/api/portraits/thumb/women/27.jpg"},"nat":"NZ"}],"info":{"seed":"24d251247a9c55f3","results":1,"page":1,"version":"1.4"}} 
 </msg>
<msg time="2024-07-31T06:18:07.197523" level="INFO">/opt/hostedtoolcache/Python/3.12.4/x64/lib/python3.12/site-packages/urllib3/connectionpool.py:1099: InsecureRequestWarning: Unverified HTTPS request is being made to host 'randomuser.me'. Adding certificate verification is strongly advised. See: https://urllib3.readthedocs.io/en/latest/advanced-usage.html#tls-warnings
  warnings.warn(</msg>
<msg time="2024-07-31T06:18:07.198204" level="INFO">${response} = &lt;Response [200]&gt;</msg>
<var>${response}</var>
<arg>consultarAPI</arg>
<arg>/api</arg>
<doc>Sends a GET request on a previously created HTTP Session.</doc>
<status status="PASS" start="2024-07-31T06:18:07.022980" elapsed="0.175276"/>
</kw>
<kw name="Should Be Equal As Numbers" owner="BuiltIn">
<msg time="2024-07-31T06:18:07.199231" level="INFO">Argument types are:
&lt;class 'int'&gt;
&lt;class 'str'&gt;</msg>
<arg>${response.status_code}</arg>
<arg>200</arg>
<doc>Fails if objects are unequal after converting them to real numbers.</doc>
<status status="PASS" start="2024-07-31T06:18:07.198766" elapsed="0.000530"/>
</kw>
<kw name="Log" owner="BuiltIn">
<msg time="2024-07-31T06:18:07.199972" level="INFO">200</msg>
<arg>${response.status_code}</arg>
<doc>Logs the given message with the given level.</doc>
<status status="PASS" start="2024-07-31T06:18:07.199616" elapsed="0.000398"/>
</kw>
<kw name="Set Variable" owner="BuiltIn">
<msg time="2024-07-31T06:18:07.200762" level="INFO">${json_data} = {'results': [{'gender': 'female', 'name': {'title': 'Miss', 'first': 'Elizabeth', 'last': 'Walker'}, 'location': {'street': {'number': 5568, 'name': 'Mornington Road'}, 'city': 'Christchurch', 'state'...</msg>
<var>${json_data}</var>
<arg>${response.json()}</arg>
<doc>Returns the given values which can then be assigned to a variables.</doc>
<status status="PASS" start="2024-07-31T06:18:07.200325" elapsed="0.000466"/>
</kw>
<kw name="Dictionary Should Contain Key" owner="Collections">
<arg>${json_data}</arg>
<arg>results</arg>
<doc>Fails if ``key`` is not found from ``dictionary``.</doc>
<status status="PASS" start="2024-07-31T06:18:07.201100" elapsed="0.000331"/>
</kw>
<status status="PASS" start="2024-07-31T06:18:07.022734" elapsed="0.178853"/>
</kw>
<doc>Testa se a API responde corretamente e retorna um objeto JSON válido.</doc>
<tag>testeRequisicaoBasica</tag>
<status status="PASS" start="2024-07-31T06:18:07.022247" elapsed="0.179513"/>
</test>
<test id="s1-s1-t3" name="Validar estrutura de resposta" line="22">
<kw name="Teste de Estrutura de Resposta" owner="random-user-service">
<kw name="GET On Session" owner="RequestsLibrary">
<msg time="2024-07-31T06:18:07.297915" level="INFO">GET Request : url=https://randomuser.me/api 
 path_url=/api 
 headers={'User-Agent': 'python-requests/2.32.3', 'Accept-Encoding': 'gzip, deflate', 'Accept': '*/*', 'Connection': 'keep-alive'} 
 body=None 
 </msg>
<msg time="2024-07-31T06:18:07.298042" level="INFO">GET Response : url=https://randomuser.me/api 
 status=200, reason=OK 
 headers={'Date': 'Wed, 31 Jul 2024 06:18:07 GMT', 'Content-Type': 'application/json; charset=utf-8', 'Transfer-Encoding': 'chunked', 'Connection': 'keep-alive', 'X-Powered-By': 'Express', 'Access-Control-Allow-Origin': '*', 'Cache-Control': 'no-cache', 'ETag': 'W/"488-BEbXUDrr5LO8XcTL1NvCslkMTBA"', 'Vary': 'Accept-Encoding', 'Content-Encoding': 'gzip', 'CF-Cache-Status': 'DYNAMIC', 'Report-To': '{"endpoints":[{"url":"https:\\/\\/a.nel.cloudflare.com\\/report\\/v4?s=eNvEUai5fYTe0%2F0yRihTlyj%2BObBJRaQ6Y1qZpgc0R51BgfBN2T93kfiOMb9W3wP0lwgFbok6fLYHKbJ8mW5KS5uqcHFTu0cFbiLf%2BUVqGxcfevu47gxpaLj7rbyHSIbN"}],"group":"cf-nel","max_age":604800}', 'NEL': '{"success_fraction":0,"report_to":"cf-nel","max_age":604800}', 'Server': 'cloudflare', 'CF-RAY': '8abb78230c1f81c1-IAD', 'alt-svc': 'h3=":443"; ma=86400'} 
 body={"results":[{"gender":"male","name":{"title":"Mr","first":"Angus","last":"Zhang"},"location":{"street":{"number":1977,"name":"Rattray Street"},"city":"Upper Hutt","state":"Taranaki","country":"New Zealand","postcode":37247,"coordinates":{"latitude":"50.9583","longitude":"-178.5229"},"timezone":{"offset":"+9:00","description":"Tokyo, Seoul, Osaka, Sapporo, Yakutsk"}},"email":"angus.zhang@example.com","login":{"uuid":"1fe3bdb4-fbc2-4f9f-9dcc-40f19164eeef","username":"smallrabbit334","password":"station","salt":"0SWj7L81","md5":"8f838e4035e3f7d995bf0527bb5b6c92","sha1":"7bd1f18a9b38caa537d4193b1eb57ca4dcb7cd66","sha256":"a1947f8acb1f901c795722b385dd4280f85d1d6f0351b350737e59bde8a49058"},"dob":{"date":"1946-03-29T21:11:53.163Z","age":78},"registered":{"date":"2021-05-05T14:03:25.022Z","age":3},"phone":"(604)-299-8960","cell":"(300)-277-8724","id":{"name":"","value":null},"picture":{"large":"https://randomuser.me/api/portraits/men/9.jpg","medium":"https://randomuser.me/api/portraits/med/men/9.jpg","thumbnail":"https://randomuser.me/api/portraits/thumb/men/9.jpg"},"nat":"NZ"}],"info":{"seed":"2861707375f940be","results":1,"page":1,"version":"1.4"}} 
 </msg>
<msg time="2024-07-31T06:18:07.298176" level="INFO">/opt/hostedtoolcache/Python/3.12.4/x64/lib/python3.12/site-packages/urllib3/connectionpool.py:1099: InsecureRequestWarning: Unverified HTTPS request is being made to host 'randomuser.me'. Adding certificate verification is strongly advised. See: https://urllib3.readthedocs.io/en/latest/advanced-usage.html#tls-warnings
  warnings.warn(</msg>
<msg time="2024-07-31T06:18:07.298294" level="INFO">${response} = &lt;Response [200]&gt;</msg>
<var>${response}</var>
<arg>consultarAPI</arg>
<arg>/api</arg>
<doc>Sends a GET request on a previously created HTTP Session.</doc>
<status status="PASS" start="2024-07-31T06:18:07.204447" elapsed="0.093883"/>
</kw>
<kw name="Set Variable" owner="BuiltIn">
<msg time="2024-07-31T06:18:07.299472" level="INFO">${json_data} = {'results': [{'gender': 'male', 'name': {'title': 'Mr', 'first': 'Angus', 'last': 'Zhang'}, 'location': {'street': {'number': 1977, 'name': 'Rattray Street'}, 'city': 'Upper Hutt', 'state': 'Taranaki'...</msg>
<var>${json_data}</var>
<arg>${response.json()}</arg>
<doc>Returns the given values which can then be assigned to a variables.</doc>
<status status="PASS" start="2024-07-31T06:18:07.298786" elapsed="0.000728"/>
</kw>
<kw name="Log" owner="BuiltIn">
<msg time="2024-07-31T06:18:07.300062" level="INFO">{'results': [{'gender': 'male', 'name': {'title': 'Mr', 'first': 'Angus', 'last': 'Zhang'}, 'location': {'street': {'number': 1977, 'name': 'Rattray Street'}, 'city': 'Upper Hutt', 'state': 'Taranaki', 'country': 'New Zealand', 'postcode': 37247, 'coordinates': {'latitude': '50.9583', 'longitude': '-178.5229'}, 'timezone': {'offset': '+9:00', 'description': 'Tokyo, Seoul, Osaka, Sapporo, Yakutsk'}}, 'email': 'angus.zhang@example.com', 'login': {'uuid': '1fe3bdb4-fbc2-4f9f-9dcc-40f19164eeef', 'username': 'smallrabbit334', 'password': 'station', 'salt': '0SWj7L81', 'md5': '8f838e4035e3f7d995bf0527bb5b6c92', 'sha1': '7bd1f18a9b38caa537d4193b1eb57ca4dcb7cd66', 'sha256': 'a1947f8acb1f901c795722b385dd4280f85d1d6f0351b350737e59bde8a49058'}, 'dob': {'date': '1946-03-29T21:11:53.163Z', 'age': 78}, 'registered': {'date': '2021-05-05T14:03:25.022Z', 'age': 3}, 'phone': '(604)-299-8960', 'cell': '(300)-277-8724', 'id': {'name': '', 'value': None}, 'picture': {'large': 'https://randomuser.me/api/portraits/men/9.jpg', 'medium': 'https://randomuser.me/api/portraits/med/men/9.jpg', 'thumbnail': 'https://randomuser.me/api/portraits/thumb/men/9.jpg'}, 'nat': 'NZ'}], 'info': {'seed': '2861707375f940be', 'results': 1, 'page': 1, 'version': '1.4'}}</msg>
<arg>${json_data}</arg>
<doc>Logs the given message with the given level.</doc>
<status status="PASS" start="2024-07-31T06:18:07.299894" elapsed="0.000217"/>
</kw>
<kw name="Dictionary Should Contain Key" owner="Collections">
<arg>${json_data}</arg>
<arg>results</arg>
<doc>Fails if ``key`` is not found from ``dictionary``.</doc>
<status status="PASS" start="2024-07-31T06:18:07.300410" elapsed="0.000173"/>
</kw>
<kw name="Should Not Be Empty" owner="BuiltIn">
<msg time="2024-07-31T06:18:07.300900" level="INFO">Length is 2.</msg>
<arg>${json_data}</arg>
<doc>Verifies that the given item is not empty.</doc>
<status status="PASS" start="2024-07-31T06:18:07.300770" elapsed="0.000169"/>
</kw>
<kw name="Create List" owner="BuiltIn">
<msg time="2024-07-31T06:18:07.301382" level="INFO">${expected_keys} = ['gender', 'name', 'location', 'email', 'login']</msg>
<var>${expected_keys}</var>
<arg>gender</arg>
<arg>name</arg>
<arg>location</arg>
<arg>email</arg>
<arg>login</arg>
<doc>Returns a list containing given items.</doc>
<status status="PASS" start="2024-07-31T06:18:07.301227" elapsed="0.000180"/>
</kw>
<for flavor="IN">
<iter>
<kw name="Dictionary Should Contain Key" owner="Collections">
<arg>${json_data['results'][0]}</arg>
<arg>${key}</arg>
<doc>Fails if ``key`` is not found from ``dictionary``.</doc>
<status status="PASS" start="2024-07-31T06:18:07.302011" elapsed="0.000423"/>
</kw>
<kw name="Log" owner="BuiltIn">
<msg time="2024-07-31T06:18:07.302973" level="INFO">{'gender': 'male', 'name': {'title': 'Mr', 'first': 'Angus', 'last': 'Zhang'}, 'location': {'street': {'number': 1977, 'name': 'Rattray Street'}, 'city': 'Upper Hutt', 'state': 'Taranaki', 'country': 'New Zealand', 'postcode': 37247, 'coordinates': {'latitude': '50.9583', 'longitude': '-178.5229'}, 'timezone': {'offset': '+9:00', 'description': 'Tokyo, Seoul, Osaka, Sapporo, Yakutsk'}}, 'email': 'angus.zhang@example.com', 'login': {'uuid': '1fe3bdb4-fbc2-4f9f-9dcc-40f19164eeef', 'username': 'smallrabbit334', 'password': 'station', 'salt': '0SWj7L81', 'md5': '8f838e4035e3f7d995bf0527bb5b6c92', 'sha1': '7bd1f18a9b38caa537d4193b1eb57ca4dcb7cd66', 'sha256': 'a1947f8acb1f901c795722b385dd4280f85d1d6f0351b350737e59bde8a49058'}, 'dob': {'date': '1946-03-29T21:11:53.163Z', 'age': 78}, 'registered': {'date': '2021-05-05T14:03:25.022Z', 'age': 3}, 'phone': '(604)-299-8960', 'cell': '(300)-277-8724', 'id': {'name': '', 'value': None}, 'picture': {'large': 'https://randomuser.me/api/portraits/men/9.jpg', 'medium': 'https://randomuser.me/api/portraits/med/men/9.jpg', 'thumbnail': 'https://randomuser.me/api/portraits/thumb/men/9.jpg'}, 'nat': 'NZ'}</msg>
<arg>${json_data['results'][0]}</arg>
<doc>Logs the given message with the given level.</doc>
<status status="PASS" start="2024-07-31T06:18:07.302621" elapsed="0.000409"/>
</kw>
<kw name="Log" owner="BuiltIn">
<msg time="2024-07-31T06:18:07.303464" level="INFO">gender</msg>
<arg>${key}</arg>
<doc>Logs the given message with the given level.</doc>
<status status="PASS" start="2024-07-31T06:18:07.303334" elapsed="0.000169"/>
</kw>
<var name="${key}">gender</var>
<status status="PASS" start="2024-07-31T06:18:07.301854" elapsed="0.001869"/>
</iter>
<iter>
<kw name="Dictionary Should Contain Key" owner="Collections">
<arg>${json_data['results'][0]}</arg>
<arg>${key}</arg>
<doc>Fails if ``key`` is not found from ``dictionary``.</doc>
<status status="PASS" start="2024-07-31T06:18:07.304018" elapsed="0.000388"/>
</kw>
<kw name="Log" owner="BuiltIn">
<msg time="2024-07-31T06:18:07.304942" level="INFO">{'gender': 'male', 'name': {'title': 'Mr', 'first': 'Angus', 'last': 'Zhang'}, 'location': {'street': {'number': 1977, 'name': 'Rattray Street'}, 'city': 'Upper Hutt', 'state': 'Taranaki', 'country': 'New Zealand', 'postcode': 37247, 'coordinates': {'latitude': '50.9583', 'longitude': '-178.5229'}, 'timezone': {'offset': '+9:00', 'description': 'Tokyo, Seoul, Osaka, Sapporo, Yakutsk'}}, 'email': 'angus.zhang@example.com', 'login': {'uuid': '1fe3bdb4-fbc2-4f9f-9dcc-40f19164eeef', 'username': 'smallrabbit334', 'password': 'station', 'salt': '0SWj7L81', 'md5': '8f838e4035e3f7d995bf0527bb5b6c92', 'sha1': '7bd1f18a9b38caa537d4193b1eb57ca4dcb7cd66', 'sha256': 'a1947f8acb1f901c795722b385dd4280f85d1d6f0351b350737e59bde8a49058'}, 'dob': {'date': '1946-03-29T21:11:53.163Z', 'age': 78}, 'registered': {'date': '2021-05-05T14:03:25.022Z', 'age': 3}, 'phone': '(604)-299-8960', 'cell': '(300)-277-8724', 'id': {'name': '', 'value': None}, 'picture': {'large': 'https://randomuser.me/api/portraits/men/9.jpg', 'medium': 'https://randomuser.me/api/portraits/med/men/9.jpg', 'thumbnail': 'https://randomuser.me/api/portraits/thumb/men/9.jpg'}, 'nat': 'NZ'}</msg>
<arg>${json_data['results'][0]}</arg>
<doc>Logs the given message with the given level.</doc>
<status status="PASS" start="2024-07-31T06:18:07.304589" elapsed="0.000433"/>
</kw>
<kw name="Log" owner="BuiltIn">
<msg time="2024-07-31T06:18:07.305451" level="INFO">name</msg>
<arg>${key}</arg>
<doc>Logs the given message with the given level.</doc>
<status status="PASS" start="2024-07-31T06:18:07.305321" elapsed="0.000168"/>
</kw>
<var name="${key}">name</var>
<status status="PASS" start="2024-07-31T06:18:07.303907" elapsed="0.001797"/>
</iter>
<iter>
<kw name="Dictionary Should Contain Key" owner="Collections">
<arg>${json_data['results'][0]}</arg>
<arg>${key}</arg>
<doc>Fails if ``key`` is not found from ``dictionary``.</doc>
<status status="PASS" start="2024-07-31T06:18:07.306008" elapsed="0.000395"/>
</kw>
<kw name="Log" owner="BuiltIn">
<msg time="2024-07-31T06:18:07.306946" level="INFO">{'gender': 'male', 'name': {'title': 'Mr', 'first': 'Angus', 'last': 'Zhang'}, 'location': {'street': {'number': 1977, 'name': 'Rattray Street'}, 'city': 'Upper Hutt', 'state': 'Taranaki', 'country': 'New Zealand', 'postcode': 37247, 'coordinates': {'latitude': '50.9583', 'longitude': '-178.5229'}, 'timezone': {'offset': '+9:00', 'description': 'Tokyo, Seoul, Osaka, Sapporo, Yakutsk'}}, 'email': 'angus.zhang@example.com', 'login': {'uuid': '1fe3bdb4-fbc2-4f9f-9dcc-40f19164eeef', 'username': 'smallrabbit334', 'password': 'station', 'salt': '0SWj7L81', 'md5': '8f838e4035e3f7d995bf0527bb5b6c92', 'sha1': '7bd1f18a9b38caa537d4193b1eb57ca4dcb7cd66', 'sha256': 'a1947f8acb1f901c795722b385dd4280f85d1d6f0351b350737e59bde8a49058'}, 'dob': {'date': '1946-03-29T21:11:53.163Z', 'age': 78}, 'registered': {'date': '2021-05-05T14:03:25.022Z', 'age': 3}, 'phone': '(604)-299-8960', 'cell': '(300)-277-8724', 'id': {'name': '', 'value': None}, 'picture': {'large': 'https://randomuser.me/api/portraits/men/9.jpg', 'medium': 'https://randomuser.me/api/portraits/med/men/9.jpg', 'thumbnail': 'https://randomuser.me/api/portraits/thumb/men/9.jpg'}, 'nat': 'NZ'}</msg>
<arg>${json_data['results'][0]}</arg>
<doc>Logs the given message with the given level.</doc>
<status status="PASS" start="2024-07-31T06:18:07.306592" elapsed="0.000410"/>
</kw>
<kw name="Log" owner="BuiltIn">
<msg time="2024-07-31T06:18:07.307423" level="INFO">location</msg>
<arg>${key}</arg>
<doc>Logs the given message with the given level.</doc>
<status status="PASS" start="2024-07-31T06:18:07.307296" elapsed="0.000165"/>
</kw>
<var name="${key}">location</var>
<status status="PASS" start="2024-07-31T06:18:07.305877" elapsed="0.001803"/>
</iter>
<iter>
<kw name="Dictionary Should Contain Key" owner="Collections">
<arg>${json_data['results'][0]}</arg>
<arg>${key}</arg>
<doc>Fails if ``key`` is not found from ``dictionary``.</doc>
<status status="PASS" start="2024-07-31T06:18:07.307957" elapsed="0.000377"/>
</kw>
<kw name="Log" owner="BuiltIn">
<msg time="2024-07-31T06:18:07.308990" level="INFO">{'gender': 'male', 'name': {'title': 'Mr', 'first': 'Angus', 'last': 'Zhang'}, 'location': {'street': {'number': 1977, 'name': 'Rattray Street'}, 'city': 'Upper Hutt', 'state': 'Taranaki', 'country': 'New Zealand', 'postcode': 37247, 'coordinates': {'latitude': '50.9583', 'longitude': '-178.5229'}, 'timezone': {'offset': '+9:00', 'description': 'Tokyo, Seoul, Osaka, Sapporo, Yakutsk'}}, 'email': 'angus.zhang@example.com', 'login': {'uuid': '1fe3bdb4-fbc2-4f9f-9dcc-40f19164eeef', 'username': 'smallrabbit334', 'password': 'station', 'salt': '0SWj7L81', 'md5': '8f838e4035e3f7d995bf0527bb5b6c92', 'sha1': '7bd1f18a9b38caa537d4193b1eb57ca4dcb7cd66', 'sha256': 'a1947f8acb1f901c795722b385dd4280f85d1d6f0351b350737e59bde8a49058'}, 'dob': {'date': '1946-03-29T21:11:53.163Z', 'age': 78}, 'registered': {'date': '2021-05-05T14:03:25.022Z', 'age': 3}, 'phone': '(604)-299-8960', 'cell': '(300)-277-8724', 'id': {'name': '', 'value': None}, 'picture': {'large': 'https://randomuser.me/api/portraits/men/9.jpg', 'medium': 'https://randomuser.me/api/portraits/med/men/9.jpg', 'thumbnail': 'https://randomuser.me/api/portraits/thumb/men/9.jpg'}, 'nat': 'NZ'}</msg>
<arg>${json_data['results'][0]}</arg>
<doc>Logs the given message with the given level.</doc>
<status status="PASS" start="2024-07-31T06:18:07.308637" elapsed="0.000400"/>
</kw>
<kw name="Log" owner="BuiltIn">
<msg time="2024-07-31T06:18:07.309465" level="INFO">email</msg>
<arg>${key}</arg>
<doc>Logs the given message with the given level.</doc>
<status status="PASS" start="2024-07-31T06:18:07.309334" elapsed="0.000170"/>
</kw>
<var name="${key}">email</var>
<status status="PASS" start="2024-07-31T06:18:07.307851" elapsed="0.001872"/>
</iter>
<iter>
<kw name="Dictionary Should Contain Key" owner="Collections">
<arg>${json_data['results'][0]}</arg>
<arg>${key}</arg>
<doc>Fails if ``key`` is not found from ``dictionary``.</doc>
<status status="PASS" start="2024-07-31T06:18:07.310030" elapsed="0.000391"/>
</kw>
<kw name="Log" owner="BuiltIn">
<msg time="2024-07-31T06:18:07.310945" level="INFO">{'gender': 'male', 'name': {'title': 'Mr', 'first': 'Angus', 'last': 'Zhang'}, 'location': {'street': {'number': 1977, 'name': 'Rattray Street'}, 'city': 'Upper Hutt', 'state': 'Taranaki', 'country': 'New Zealand', 'postcode': 37247, 'coordinates': {'latitude': '50.9583', 'longitude': '-178.5229'}, 'timezone': {'offset': '+9:00', 'description': 'Tokyo, Seoul, Osaka, Sapporo, Yakutsk'}}, 'email': 'angus.zhang@example.com', 'login': {'uuid': '1fe3bdb4-fbc2-4f9f-9dcc-40f19164eeef', 'username': 'smallrabbit334', 'password': 'station', 'salt': '0SWj7L81', 'md5': '8f838e4035e3f7d995bf0527bb5b6c92', 'sha1': '7bd1f18a9b38caa537d4193b1eb57ca4dcb7cd66', 'sha256': 'a1947f8acb1f901c795722b385dd4280f85d1d6f0351b350737e59bde8a49058'}, 'dob': {'date': '1946-03-29T21:11:53.163Z', 'age': 78}, 'registered': {'date': '2021-05-05T14:03:25.022Z', 'age': 3}, 'phone': '(604)-299-8960', 'cell': '(300)-277-8724', 'id': {'name': '', 'value': None}, 'picture': {'large': 'https://randomuser.me/api/portraits/men/9.jpg', 'medium': 'https://randomuser.me/api/portraits/med/men/9.jpg', 'thumbnail': 'https://randomuser.me/api/portraits/thumb/men/9.jpg'}, 'nat': 'NZ'}</msg>
<arg>${json_data['results'][0]}</arg>
<doc>Logs the given message with the given level.</doc>
<status status="PASS" start="2024-07-31T06:18:07.310604" elapsed="0.000388"/>
</kw>
<kw name="Log" owner="BuiltIn">
<msg time="2024-07-31T06:18:07.311409" level="INFO">login</msg>
<arg>${key}</arg>
<doc>Logs the given message with the given level.</doc>
<status status="PASS" start="2024-07-31T06:18:07.311283" elapsed="0.000163"/>
</kw>
<var name="${key}">login</var>
<status status="PASS" start="2024-07-31T06:18:07.309895" elapsed="0.001764"/>
</iter>
<var>${key}</var>
<value>@{expected_keys}</value>
<status status="PASS" start="2024-07-31T06:18:07.301665" elapsed="0.010113"/>
</for>
<kw name="Create List" owner="BuiltIn">
<msg time="2024-07-31T06:18:07.312096" level="INFO">${expected_keysTwo} = ['username', 'password']</msg>
<var>${expected_keysTwo}</var>
<arg>username</arg>
<arg>password</arg>
<doc>Returns a list containing given items.</doc>
<status status="PASS" start="2024-07-31T06:18:07.311962" elapsed="0.000158"/>
</kw>
<for flavor="IN">
<iter>
<kw name="Dictionary Should Contain Key" owner="Collections">
<arg>${json_data['results'][0]['login']}</arg>
<arg>${keyTwo}</arg>
<doc>Fails if ``key`` is not found from ``dictionary``.</doc>
<status status="PASS" start="2024-07-31T06:18:07.312646" elapsed="0.000390"/>
</kw>
<kw name="Dictionary Should Contain Key" owner="Collections">
<arg>${json_data['results'][0]['login']}</arg>
<arg>${keyTwo}</arg>
<doc>Fails if ``key`` is not found from ``dictionary``.</doc>
<status status="PASS" start="2024-07-31T06:18:07.313217" elapsed="0.000371"/>
</kw>
<kw name="Log" owner="BuiltIn">
<msg time="2024-07-31T06:18:07.313885" level="INFO">username</msg>
<arg>${keyTwo}</arg>
<doc>Logs the given message with the given level.</doc>
<status status="PASS" start="2024-07-31T06:18:07.313766" elapsed="0.000156"/>
</kw>
<var name="${keyTwo}">username</var>
<status status="PASS" start="2024-07-31T06:18:07.312539" elapsed="0.001635"/>
</iter>
<iter>
<kw name="Dictionary Should Contain Key" owner="Collections">
<arg>${json_data['results'][0]['login']}</arg>
<arg>${keyTwo}</arg>
<doc>Fails if ``key`` is not found from ``dictionary``.</doc>
<status status="PASS" start="2024-07-31T06:18:07.314459" elapsed="0.000384"/>
</kw>
<kw name="Dictionary Should Contain Key" owner="Collections">
<arg>${json_data['results'][0]['login']}</arg>
<arg>${keyTwo}</arg>
<doc>Fails if ``key`` is not found from ``dictionary``.</doc>
<status status="PASS" start="2024-07-31T06:18:07.315024" elapsed="0.000563"/>
</kw>
<kw name="Log" owner="BuiltIn">
<msg time="2024-07-31T06:18:07.316047" level="INFO">password</msg>
<arg>${keyTwo}</arg>
<doc>Logs the given message with the given level.</doc>
<status status="PASS" start="2024-07-31T06:18:07.315857" elapsed="0.000246"/>
</kw>
<var name="${keyTwo}">password</var>
<status status="PASS" start="2024-07-31T06:18:07.314347" elapsed="0.002001"/>
</iter>
<var>${keyTwo}</var>
<value>@{expected_keysTwo}</value>
<status status="PASS" start="2024-07-31T06:18:07.312387" elapsed="0.004083"/>
</for>
<status status="PASS" start="2024-07-31T06:18:07.204194" elapsed="0.112418"/>
</kw>
<doc>Testa a estrutura da resposta da API.</doc>
<tag>testeEstruturaResposta</tag>
<status status="PASS" start="2024-07-31T06:18:07.203663" elapsed="0.113134"/>
</test>
<test id="s1-s1-t4" name="Validar tipos de dados" line="28">
<kw name="Teste de Tipos de Dados" owner="random-user-service">
<kw name="GET On Session" owner="RequestsLibrary">
<msg time="2024-07-31T06:18:07.399882" level="INFO">GET Request : url=https://randomuser.me/api 
 path_url=/api 
 headers={'User-Agent': 'python-requests/2.32.3', 'Accept-Encoding': 'gzip, deflate', 'Accept': '*/*', 'Connection': 'keep-alive'} 
 body=None 
 </msg>
<msg time="2024-07-31T06:18:07.399962" level="INFO">GET Response : url=https://randomuser.me/api 
 status=200, reason=OK 
 headers={'Date': 'Wed, 31 Jul 2024 06:18:07 GMT', 'Content-Type': 'application/json; charset=utf-8', 'Transfer-Encoding': 'chunked', 'Connection': 'keep-alive', 'X-Powered-By': 'Express', 'Access-Control-Allow-Origin': '*', 'Cache-Control': 'no-cache', 'ETag': 'W/"49c-Zi77gwC+EsmQ1bmujSfc+TL5j3c"', 'Vary': 'Accept-Encoding', 'Content-Encoding': 'gzip', 'CF-Cache-Status': 'DYNAMIC', 'Report-To': '{"endpoints":[{"url":"https:\\/\\/a.nel.cloudflare.com\\/report\\/v4?s=2AcCmOIbJoH%2BD149AaB5lovT816yyWSlmJSTWhdUK0W4DY0GSL5FgVRDYfsQQwQzx%2Bi%2Fz4oR57QMyYvW%2FJMiGkFfMgnFfjBhjCT59rmZDA4lDLbIRwefKQ9QXzWLOjHd"}],"group":"cf-nel","max_age":604800}', 'NEL': '{"success_fraction":0,"report_to":"cf-nel","max_age":604800}', 'Server': 'cloudflare', 'CF-RAY': '8abb7823ccb281c1-IAD', 'alt-svc': 'h3=":443"; ma=86400'} 
 body={"results":[{"gender":"male","name":{"title":"Mr","first":"Jesse","last":"Niemela"},"location":{"street":{"number":1650,"name":"Fredrikinkatu"},"city":"Saarijärvi","state":"Central Finland","country":"Finland","postcode":10744,"coordinates":{"latitude":"-22.7065","longitude":"-9.7218"},"timezone":{"offset":"+4:00","description":"Abu Dhabi, Muscat, Baku, Tbilisi"}},"email":"jesse.niemela@example.com","login":{"uuid":"59921c00-30e7-48f1-b88a-774956ce120e","username":"orangemouse500","password":"luv2epus","salt":"nb6DF0fC","md5":"9b67568f8b2deb10e5e0c8cdd653321d","sha1":"54d5bea21f53116ed5b23d17dcda1834658a406b","sha256":"5b0cfbf1fd32c119cc6c61d5f8f1f02fab0df13cb427bf9025447b15f87318d7"},"dob":{"date":"1971-02-19T09:12:12.514Z","age":53},"registered":{"date":"2008-02-17T06:48:49.498Z","age":16},"phone":"04-479-010","cell":"049-957-56-30","id":{"name":"HETU","value":"NaNNA475undefined"},"picture":{"large":"https://randomuser.me/api/portraits/men/60.jpg","medium":"https://randomuser.me/api/portraits/med/men/60.jpg","thumbnail":"https://randomuser.me/api/portraits/thumb/men/60.jpg"},"nat":"FI"}],"info":{"seed":"8fc924b98abf9aeb","results":1,"page":1,"version":"1.4"}} 
 </msg>
<msg time="2024-07-31T06:18:07.400036" level="INFO">/opt/hostedtoolcache/Python/3.12.4/x64/lib/python3.12/site-packages/urllib3/connectionpool.py:1099: InsecureRequestWarning: Unverified HTTPS request is being made to host 'randomuser.me'. Adding certificate verification is strongly advised. See: https://urllib3.readthedocs.io/en/latest/advanced-usage.html#tls-warnings
  warnings.warn(</msg>
<msg time="2024-07-31T06:18:07.400146" level="INFO">${response} = &lt;Response [200]&gt;</msg>
<var>${response}</var>
<arg>consultarAPI</arg>
<arg>/api</arg>
<doc>Sends a GET request on a previously created HTTP Session.</doc>
<status status="PASS" start="2024-07-31T06:18:07.319304" elapsed="0.080897"/>
</kw>
<kw name="Set Variable" owner="BuiltIn">
<msg time="2024-07-31T06:18:07.401238" level="INFO">${json_data} = {'results': [{'gender': 'male', 'name': {'title': 'Mr', 'first': 'Jesse', 'last': 'Niemela'}, 'location': {'street': {'number': 1650, 'name': 'Fredrikinkatu'}, 'city': 'Saarijärvi', 'state': 'Central ...</msg>
<var>${json_data}</var>
<arg>${response.json()}</arg>
<doc>Returns the given values which can then be assigned to a variables.</doc>
<status status="PASS" start="2024-07-31T06:18:07.400733" elapsed="0.000536"/>
</kw>
<kw name="Log" owner="BuiltIn">
<msg time="2024-07-31T06:18:07.401736" level="INFO">{'results': [{'gender': 'male', 'name': {'title': 'Mr', 'first': 'Jesse', 'last': 'Niemela'}, 'location': {'street': {'number': 1650, 'name': 'Fredrikinkatu'}, 'city': 'Saarijärvi', 'state': 'Central Finland', 'country': 'Finland', 'postcode': 10744, 'coordinates': {'latitude': '-22.7065', 'longitude': '-9.7218'}, 'timezone': {'offset': '+4:00', 'description': 'Abu Dhabi, Muscat, Baku, Tbilisi'}}, 'email': 'jesse.niemela@example.com', 'login': {'uuid': '59921c00-30e7-48f1-b88a-774956ce120e', 'username': 'orangemouse500', 'password': 'luv2epus', 'salt': 'nb6DF0fC', 'md5': '9b67568f8b2deb10e5e0c8cdd653321d', 'sha1': '54d5bea21f53116ed5b23d17dcda1834658a406b', 'sha256': '5b0cfbf1fd32c119cc6c61d5f8f1f02fab0df13cb427bf9025447b15f87318d7'}, 'dob': {'date': '1971-02-19T09:12:12.514Z', 'age': 53}, 'registered': {'date': '2008-02-17T06:48:49.498Z', 'age': 16}, 'phone': '04-479-010', 'cell': '049-957-56-30', 'id': {'name': 'HETU', 'value': 'NaNNA475undefined'}, 'picture': {'large': 'https://randomuser.me/api/portraits/men/60.jpg', 'medium': 'https://randomuser.me/api/portraits/med/men/60.jpg', 'thumbnail': 'https://randomuser.me/api/portraits/thumb/men/60.jpg'}, 'nat': 'FI'}], 'info': {'seed': '8fc924b98abf9aeb', 'results': 1, 'page': 1, 'version': '1.4'}}</msg>
<arg>${json_data}</arg>
<doc>Logs the given message with the given level.</doc>
<status status="PASS" start="2024-07-31T06:18:07.401578" elapsed="0.000218"/>
</kw>
<kw name="Should Be String" owner="String">
<arg>${json_data['results'][0]['gender']}</arg>
<doc>Fails if the given ``item`` is not a string.</doc>
<status status="PASS" start="2024-07-31T06:18:07.402130" elapsed="0.000373"/>
</kw>
<kw name="Should Match Regexp" owner="BuiltIn">
<arg>${json_data['results'][0]['email']}</arg>
<arg>^[a-zA-Z0-9._%+-]+@[a-zA-Z0-9.-]+\.[a-zA-Z]{2,}$</arg>
<doc>Fails if ``string`` does not match ``pattern`` as a regular expression.</doc>
<status status="PASS" start="2024-07-31T06:18:07.402694" elapsed="0.000509"/>
</kw>
<kw name="Should Match Regexp" owner="BuiltIn">
<arg>${json_data['results'][0]['dob']['date']}</arg>
<arg>\\d{4}-\\d{2}-\\d{2}T\\d{2}:\\d{2}:\\d{2}\\.\\d{3}Z</arg>
<doc>Fails if ``string`` does not match ``pattern`` as a regular expression.</doc>
<status status="PASS" start="2024-07-31T06:18:07.403439" elapsed="0.000613"/>
</kw>
<kw name="Should Match Regexp" owner="BuiltIn">
<arg>${json_data['results'][0]['registered']['date']}</arg>
<arg>\\d{4}-\\d{2}-\\d{2}T\\d{2}:\\d{2}:\\d{2}\\.\\d{3}Z</arg>
<doc>Fails if ``string`` does not match ``pattern`` as a regular expression.</doc>
<status status="PASS" start="2024-07-31T06:18:07.404247" elapsed="0.000370"/>
</kw>
<kw name="Should Match Regexp" owner="BuiltIn">
<arg>${json_data['results'][0]['picture']['large']}</arg>
<arg>^https?://.*\.(?:png|jpe?g|gif|bmp)$</arg>
<doc>Fails if ``string`` does not match ``pattern`` as a regular expression.</doc>
<status status="PASS" start="2024-07-31T06:18:07.404804" elapsed="0.000466"/>
</kw>
<kw name="Should Match Regexp" owner="BuiltIn">
<arg>${json_data['results'][0]['picture']['medium']}</arg>
<arg>^https?://.*\.(?:png|jpe?g|gif|bmp)$</arg>
<doc>Fails if ``string`` does not match ``pattern`` as a regular expression.</doc>
<status status="PASS" start="2024-07-31T06:18:07.405459" elapsed="0.000352"/>
</kw>
<kw name="Should Match Regexp" owner="BuiltIn">
<arg>${json_data['results'][0]['picture']['thumbnail']}</arg>
<arg>^https?://.*\.(?:png|jpe?g|gif|bmp)$</arg>
<doc>Fails if ``string`` does not match ``pattern`` as a regular expression.</doc>
<status status="PASS" start="2024-07-31T06:18:07.406018" elapsed="0.000361"/>
</kw>
<kw name="Log" owner="BuiltIn">
<msg time="2024-07-31T06:18:07.406892" level="INFO">{'large': 'https://randomuser.me/api/portraits/men/60.jpg', 'medium': 'https://randomuser.me/api/portraits/med/men/60.jpg', 'thumbnail': 'https://randomuser.me/api/portraits/thumb/men/60.jpg'}</msg>
<arg>${json_data['results'][0]['picture']}</arg>
<doc>Logs the given message with the given level.</doc>
<status status="PASS" start="2024-07-31T06:18:07.406564" elapsed="0.000373"/>
</kw>
<status status="PASS" start="2024-07-31T06:18:07.319077" elapsed="0.088116"/>
</kw>
<kw name="Teste de Tipos de Dados - Postcode" owner="random-user-service">
<kw name="GET On Session" owner="RequestsLibrary">
<msg time="2024-07-31T06:18:07.508112" level="INFO">GET Request : url=https://randomuser.me/api 
 path_url=/api 
 headers={'User-Agent': 'python-requests/2.32.3', 'Accept-Encoding': 'gzip, deflate', 'Accept': '*/*', 'Connection': 'keep-alive'} 
 body=None 
 </msg>
<msg time="2024-07-31T06:18:07.508218" level="INFO">GET Response : url=https://randomuser.me/api 
 status=200, reason=OK 
 headers={'Date': 'Wed, 31 Jul 2024 06:18:07 GMT', 'Content-Type': 'application/json; charset=utf-8', 'Transfer-Encoding': 'chunked', 'Connection': 'keep-alive', 'X-Powered-By': 'Express', 'Access-Control-Allow-Origin': '*', 'Cache-Control': 'no-cache', 'ETag': 'W/"4ab-z3VlqM129vCbb0L+xX1isanCQM0"', 'Vary': 'Accept-Encoding', 'Content-Encoding': 'gzip', 'CF-Cache-Status': 'DYNAMIC', 'Report-To': '{"endpoints":[{"url":"https:\\/\\/a.nel.cloudflare.com\\/report\\/v4?s=4A%2B8w%2Bw%2BdWUDlr8nLMNU4oSyMTHhxp%2BP3m%2FTkiXeMSydkDAhAe8OpgRv8isuaWddcMPoOKDLplNmkt6uPWfpimYH3E%2FiHs8Fy9H5Vr%2F%2B%2BODWACo0reiiUaRuQ%2F8LaT72"}],"group":"cf-nel","max_age":604800}', 'NEL': '{"success_fraction":0,"report_to":"cf-nel","max_age":604800}', 'Server': 'cloudflare', 'CF-RAY': '8abb78245d1a81c1-IAD', 'alt-svc': 'h3=":443"; ma=86400'} 
 body={"results":[{"gender":"female","name":{"title":"Mrs","first":"Anastasia","last":"Schaefer"},"location":{"street":{"number":3149,"name":"Eichenweg"},"city":"Dahme/Mark","state":"Brandenburg","country":"Germany","postcode":59677,"coordinates":{"latitude":"-52.6926","longitude":"115.2302"},"timezone":{"offset":"+8:00","description":"Beijing, Perth, Singapore, Hong Kong"}},"email":"anastasia.schaefer@example.com","login":{"uuid":"0cad5423-8742-4715-955d-d664c9f6db9f","username":"ticklishsnake464","password":"forrest","salt":"CsiBhvwu","md5":"406625cd8f31073f4cc51d269c83784f","sha1":"9b96cda44b9ce2501a698d4c9c7916c01a25f11c","sha256":"66ef8086093f0ef7aeef4b9971d1e9efa342c154ba066bb4f7d2974fc71b9e8e"},"dob":{"date":"1966-03-19T11:45:34.653Z","age":58},"registered":{"date":"2007-07-30T02:30:29.288Z","age":17},"phone":"0694-8759054","cell":"0178-3700293","id":{"name":"SVNR","value":"64 190366 S 844"},"picture":{"large":"https://randomuser.me/api/portraits/women/74.jpg","medium":"https://randomuser.me/api/portraits/med/women/74.jpg","thumbnail":"https://randomuser.me/api/portraits/thumb/women/74.jpg"},"nat":"DE"}],"info":{"seed":"c38015df3dce34f6","results":1,"page":1,"version":"1.4"}} 
 </msg>
<msg time="2024-07-31T06:18:07.508299" level="INFO">/opt/hostedtoolcache/Python/3.12.4/x64/lib/python3.12/site-packages/urllib3/connectionpool.py:1099: InsecureRequestWarning: Unverified HTTPS request is being made to host 'randomuser.me'. Adding certificate verification is strongly advised. See: https://urllib3.readthedocs.io/en/latest/advanced-usage.html#tls-warnings
  warnings.warn(</msg>
<msg time="2024-07-31T06:18:07.508444" level="INFO">${response} = &lt;Response [200]&gt;</msg>
<var>${response}</var>
<arg>consultarAPI</arg>
<arg>/api</arg>
<doc>Sends a GET request on a previously created HTTP Session.</doc>
<status status="PASS" start="2024-07-31T06:18:07.407639" elapsed="0.100854"/>
</kw>
<kw name="Set Variable" owner="BuiltIn">
<msg time="2024-07-31T06:18:07.509707" level="INFO">${json_data} = {'results': [{'gender': 'female', 'name': {'title': 'Mrs', 'first': 'Anastasia', 'last': 'Schaefer'}, 'location': {'street': {'number': 3149, 'name': 'Eichenweg'}, 'city': 'Dahme/Mark', 'state': 'Bran...</msg>
<var>${json_data}</var>
<arg>${response.json()}</arg>
<doc>Returns the given values which can then be assigned to a variables.</doc>
<status status="PASS" start="2024-07-31T06:18:07.509176" elapsed="0.000560"/>
</kw>
<kw name="Log" owner="BuiltIn">
<msg time="2024-07-31T06:18:07.510250" level="INFO">{'results': [{'gender': 'female', 'name': {'title': 'Mrs', 'first': 'Anastasia', 'last': 'Schaefer'}, 'location': {'street': {'number': 3149, 'name': 'Eichenweg'}, 'city': 'Dahme/Mark', 'state': 'Brandenburg', 'country': 'Germany', 'postcode': 59677, 'coordinates': {'latitude': '-52.6926', 'longitude': '115.2302'}, 'timezone': {'offset': '+8:00', 'description': 'Beijing, Perth, Singapore, Hong Kong'}}, 'email': 'anastasia.schaefer@example.com', 'login': {'uuid': '0cad5423-8742-4715-955d-d664c9f6db9f', 'username': 'ticklishsnake464', 'password': 'forrest', 'salt': 'CsiBhvwu', 'md5': '406625cd8f31073f4cc51d269c83784f', 'sha1': '9b96cda44b9ce2501a698d4c9c7916c01a25f11c', 'sha256': '66ef8086093f0ef7aeef4b9971d1e9efa342c154ba066bb4f7d2974fc71b9e8e'}, 'dob': {'date': '1966-03-19T11:45:34.653Z', 'age': 58}, 'registered': {'date': '2007-07-30T02:30:29.288Z', 'age': 17}, 'phone': '0694-8759054', 'cell': '0178-3700293', 'id': {'name': 'SVNR', 'value': '64 190366 S 844'}, 'picture': {'large': 'https://randomuser.me/api/portraits/women/74.jpg', 'medium': 'https://randomuser.me/api/portraits/med/women/74.jpg', 'thumbnail': 'https://randomuser.me/api/portraits/thumb/women/74.jpg'}, 'nat': 'DE'}], 'info': {'seed': 'c38015df3dce34f6', 'results': 1, 'page': 1, 'version': '1.4'}}</msg>
<arg>${json_data}</arg>
<doc>Logs the given message with the given level.</doc>
<status status="PASS" start="2024-07-31T06:18:07.510085" elapsed="0.000214"/>
</kw>
<kw name="Should Be Equal As Numbers" owner="BuiltIn">
<arg>${json_data['results'][0]['location']['postcode']}</arg>
<arg>${json_data['results'][0]['location']['postcode']}</arg>
<doc>Fails if objects are unequal after converting them to real numbers.</doc>
<status status="PASS" start="2024-07-31T06:18:07.510600" elapsed="0.000648"/>
</kw>
<kw name="Log" owner="BuiltIn">
<msg time="2024-07-31T06:18:07.511792" level="INFO">59677</msg>
<arg>${json_data['results'][0]['location']['postcode']}</arg>
<doc>Logs the given message with the given level.</doc>
<status status="PASS" start="2024-07-31T06:18:07.511449" elapsed="0.000385"/>
</kw>
<status status="PASS" start="2024-07-31T06:18:07.407411" elapsed="0.104711"/>
</kw>
<doc>Testa se os tipos de dados na resposta da API estão corretos.</doc>
<tag>testeTiposDados</tag>
<status status="PASS" start="2024-07-31T06:18:07.318610" elapsed="0.193688"/>
</test>
<test id="s1-s1-t5" name="Validar conteudo" line="35">
<kw name="Teste de Tipos de Conteudo" owner="random-user-service">
<kw name="GET On Session" owner="RequestsLibrary">
<msg time="2024-07-31T06:18:07.620015" level="INFO">GET Request : url=https://randomuser.me/api 
 path_url=/api 
 headers={'User-Agent': 'python-requests/2.32.3', 'Accept-Encoding': 'gzip, deflate', 'Accept': '*/*', 'Connection': 'keep-alive'} 
 body=None 
 </msg>
<msg time="2024-07-31T06:18:07.620094" level="INFO">GET Response : url=https://randomuser.me/api 
 status=200, reason=OK 
 headers={'Date': 'Wed, 31 Jul 2024 06:18:07 GMT', 'Content-Type': 'application/json; charset=utf-8', 'Transfer-Encoding': 'chunked', 'Connection': 'keep-alive', 'X-Powered-By': 'Express', 'Access-Control-Allow-Origin': '*', 'Cache-Control': 'no-cache', 'ETag': 'W/"4a3-pY+yVFy2dQh6nN9B7/ZCaA8tcdI"', 'Vary': 'Accept-Encoding', 'Content-Encoding': 'gzip', 'CF-Cache-Status': 'DYNAMIC', 'Report-To': '{"endpoints":[{"url":"https:\\/\\/a.nel.cloudflare.com\\/report\\/v4?s=hyv6k7YLtiBjLqypfQbkuGaeTiz5%2Fn3MZPle8UyQeTQHMYGNcc8TySs9i3XznuMAii%2FIzWu1xpODJrPVKHZi0vL8qodpndy8Ric%2BJl0Q5UyaTKJzYfPvolY6ZMdyefvt"}],"group":"cf-nel","max_age":604800}', 'NEL': '{"success_fraction":0,"report_to":"cf-nel","max_age":604800}', 'Server': 'cloudflare', 'CF-RAY': '8abb7824fda481c1-IAD', 'alt-svc': 'h3=":443"; ma=86400'} 
 body={"results":[{"gender":"female","name":{"title":"Miss","first":"Hannah","last":"Wilson"},"location":{"street":{"number":3861,"name":"Worcester Street"},"city":"Palmerston North","state":"Bay of Plenty","country":"New Zealand","postcode":64959,"coordinates":{"latitude":"52.3308","longitude":"93.0805"},"timezone":{"offset":"+9:00","description":"Tokyo, Seoul, Osaka, Sapporo, Yakutsk"}},"email":"hannah.wilson@example.com","login":{"uuid":"5e0e6f91-9d8b-4904-a672-762b3eb4bf2c","username":"blueladybug469","password":"javier","salt":"2HRLarOz","md5":"64003472c8399dff948cec05cdae75b7","sha1":"7564c13634dcd1ad66133a3c4b84b2b5c8141740","sha256":"f4777b509bcca77d05f449de30e2fe98e683c95fe0a327b4bb4d57c64e155128"},"dob":{"date":"1952-12-07T20:03:32.144Z","age":71},"registered":{"date":"2016-09-25T19:55:07.954Z","age":7},"phone":"(972)-791-7770","cell":"(816)-222-0098","id":{"name":"","value":null},"picture":{"large":"https://randomuser.me/api/portraits/women/20.jpg","medium":"https://randomuser.me/api/portraits/med/women/20.jpg","thumbnail":"https://randomuser.me/api/portraits/thumb/women/20.jpg"},"nat":"NZ"}],"info":{"seed":"5271d112c300e073","results":1,"page":1,"version":"1.4"}} 
 </msg>
<msg time="2024-07-31T06:18:07.620160" level="INFO">/opt/hostedtoolcache/Python/3.12.4/x64/lib/python3.12/site-packages/urllib3/connectionpool.py:1099: InsecureRequestWarning: Unverified HTTPS request is being made to host 'randomuser.me'. Adding certificate verification is strongly advised. See: https://urllib3.readthedocs.io/en/latest/advanced-usage.html#tls-warnings
  warnings.warn(</msg>
<msg time="2024-07-31T06:18:07.620262" level="INFO">${response} = &lt;Response [200]&gt;</msg>
<var>${response}</var>
<arg>consultarAPI</arg>
<arg>/api</arg>
<doc>Sends a GET request on a previously created HTTP Session.</doc>
<status status="PASS" start="2024-07-31T06:18:07.515164" elapsed="0.105125"/>
</kw>
<kw name="Set Variable" owner="BuiltIn">
<msg time="2024-07-31T06:18:07.621235" level="INFO">${json_data} = {'results': [{'gender': 'female', 'name': {'title': 'Miss', 'first': 'Hannah', 'last': 'Wilson'}, 'location': {'street': {'number': 3861, 'name': 'Worcester Street'}, 'city': 'Palmerston North', 'stat...</msg>
<var>${json_data}</var>
<arg>${response.json()}</arg>
<doc>Returns the given values which can then be assigned to a variables.</doc>
<status status="PASS" start="2024-07-31T06:18:07.620740" elapsed="0.000523"/>
</kw>
<kw name="Set Variable" owner="BuiltIn">
<msg time="2024-07-31T06:18:07.621964" level="INFO">${name_title} = Miss</msg>
<var>${name_title}</var>
<arg>${json_data["results"][0]["name"]["title"]}</arg>
<doc>Returns the given values which can then be assigned to a variables.</doc>
<status status="PASS" start="2024-07-31T06:18:07.621580" elapsed="0.000443"/>
</kw>
<kw name="Create List" owner="BuiltIn">
<msg time="2024-07-31T06:18:07.622481" level="INFO">${allowed_titles} = ['Mr', 'Ms', 'Miss', 'Mrs', 'Madame', 'Monsieur']</msg>
<var>${allowed_titles}</var>
<arg>Mr</arg>
<arg>Ms</arg>
<arg>Miss</arg>
<arg>Mrs</arg>
<arg>Madame</arg>
<arg>Monsieur</arg>
<doc>Returns a list containing given items.</doc>
<status status="PASS" start="2024-07-31T06:18:07.622332" elapsed="0.000174"/>
</kw>
<kw name="List Should Contain Value" owner="Collections">
<arg>${allowed_titles}</arg>
<arg>${name_title}</arg>
<doc>Fails if the ``value`` is not found from ``list``.</doc>
<status status="PASS" start="2024-07-31T06:18:07.622803" elapsed="0.000182"/>
</kw>
<kw name="Set Variable" owner="BuiltIn">
<msg time="2024-07-31T06:18:07.623543" level="INFO">${name_country} = NZ</msg>
<var>${name_country}</var>
<arg>${json_data["results"][0]["nat"]}</arg>
<doc>Returns the given values which can then be assigned to a variables.</doc>
<status status="PASS" start="2024-07-31T06:18:07.623168" elapsed="0.000401"/>
</kw>
<kw name="Create List" owner="BuiltIn">
<msg time="2024-07-31T06:18:07.624449" level="INFO">${list_country} = ['AD', 'AE', 'AF', 'AG', 'AI', 'AL', 'AM', 'AO', 'AQ', 'AR', 'AS', 'AT', 'AU', 'AW', 'AX', 'AZ', 'BA', 'BB', 'BD', 'BE', 'BF', 'BG', 'BH', 'BI', 'BJ', 'BL', 'BM', 'BN', 'BO', 'BQ', 'BR', 'BS', 'BT', '...</msg>
<var>${list_country}</var>
<arg>AD</arg>
<arg>AE</arg>
<arg>AF</arg>
<arg>AG</arg>
<arg>AI</arg>
<arg>AL</arg>
<arg>AM</arg>
<arg>AO</arg>
<arg>AQ</arg>
<arg>AR</arg>
<arg>AS</arg>
<arg>AT</arg>
<arg>AU</arg>
<arg>AW</arg>
<arg>AX</arg>
<arg>AZ</arg>
<arg>BA</arg>
<arg>BB</arg>
<arg>BD</arg>
<arg>BE</arg>
<arg>BF</arg>
<arg>BG</arg>
<arg>BH</arg>
<arg>BI</arg>
<arg>BJ</arg>
<arg>BL</arg>
<arg>BM</arg>
<arg>BN</arg>
<arg>BO</arg>
<arg>BQ</arg>
<arg>BR</arg>
<arg>BS</arg>
<arg>BT</arg>
<arg>BV</arg>
<arg>BW</arg>
<arg>BY</arg>
<arg>BZ</arg>
<arg>CA</arg>
<arg>CC</arg>
<arg>CD</arg>
<arg>CF</arg>
<arg>CG</arg>
<arg>CH</arg>
<arg>CI</arg>
<arg>CK</arg>
<arg>CL</arg>
<arg>CM</arg>
<arg>CN</arg>
<arg>CO</arg>
<arg>CR</arg>
<arg>CU</arg>
<arg>CV</arg>
<arg>CW</arg>
<arg>CX</arg>
<arg>CY</arg>
<arg>CZ</arg>
<arg>DE</arg>
<arg>DJ</arg>
<arg>DK</arg>
<arg>DM</arg>
<arg>DO</arg>
<arg>DZ</arg>
<arg>EC</arg>
<arg>EE</arg>
<arg>EG</arg>
<arg>EH</arg>
<arg>ER</arg>
<arg>ES</arg>
<arg>ET</arg>
<arg>FI</arg>
<arg>FJ</arg>
<arg>FK</arg>
<arg>FM</arg>
<arg>FO</arg>
<arg>FR</arg>
<arg>GA</arg>
<arg>GB</arg>
<arg>GD</arg>
<arg>GE</arg>
<arg>GF</arg>
<arg>GG</arg>
<arg>GH</arg>
<arg>GI</arg>
<arg>GL</arg>
<arg>GM</arg>
<arg>GN</arg>
<arg>GP</arg>
<arg>GQ</arg>
<arg>GR</arg>
<arg>GS</arg>
<arg>GT</arg>
<arg>GU</arg>
<arg>GW</arg>
<arg>GY</arg>
<arg>HK</arg>
<arg>HM</arg>
<arg>HN</arg>
<arg>HR</arg>
<arg>HT</arg>
<arg>HU</arg>
<arg>ID</arg>
<arg>IE</arg>
<arg>IL</arg>
<arg>IM</arg>
<arg>IN</arg>
<arg>IO</arg>
<arg>IQ</arg>
<arg>IR</arg>
<arg>IS</arg>
<arg>IT</arg>
<arg>JE</arg>
<arg>JM</arg>
<arg>JO</arg>
<arg>JP</arg>
<arg>KE</arg>
<arg>KG</arg>
<arg>KH</arg>
<arg>KI</arg>
<arg>KM</arg>
<arg>KN</arg>
<arg>KP</arg>
<arg>KR</arg>
<arg>KW</arg>
<arg>KY</arg>
<arg>KZ</arg>
<arg>LA</arg>
<arg>LB</arg>
<arg>LC</arg>
<arg>LI</arg>
<arg>LK</arg>
<arg>LR</arg>
<arg>LS</arg>
<arg>LT</arg>
<arg>LU</arg>
<arg>LV</arg>
<arg>LY</arg>
<arg>MA</arg>
<arg>MC</arg>
<arg>MD</arg>
<arg>ME</arg>
<arg>MF</arg>
<arg>MG</arg>
<arg>MH</arg>
<arg>MK</arg>
<arg>ML</arg>
<arg>MM</arg>
<arg>MN</arg>
<arg>MO</arg>
<arg>MP</arg>
<arg>MQ</arg>
<arg>MR</arg>
<arg>MS</arg>
<arg>MT</arg>
<arg>MU</arg>
<arg>MV</arg>
<arg>MW</arg>
<arg>MX</arg>
<arg>MY</arg>
<arg>MZ</arg>
<arg>NA</arg>
<arg>NC</arg>
<arg>NE</arg>
<arg>NF</arg>
<arg>NG</arg>
<arg>NI</arg>
<arg>NL</arg>
<arg>NO</arg>
<arg>NP</arg>
<arg>NR</arg>
<arg>NU</arg>
<arg>NZ</arg>
<arg>OM</arg>
<arg>PA</arg>
<arg>PE</arg>
<arg>PF</arg>
<arg>PG</arg>
<arg>PH</arg>
<arg>PK</arg>
<arg>PL</arg>
<arg>PM</arg>
<arg>PN</arg>
<arg>PR</arg>
<arg>PS</arg>
<arg>PT</arg>
<arg>PW</arg>
<arg>PY</arg>
<arg>QA</arg>
<arg>RE</arg>
<arg>RO</arg>
<arg>RS</arg>
<arg>RU</arg>
<arg>RW</arg>
<arg>SA</arg>
<arg>SB</arg>
<arg>SC</arg>
<arg>SD</arg>
<arg>SE</arg>
<arg>SG</arg>
<arg>SH</arg>
<arg>SI</arg>
<arg>SJ</arg>
<arg>SK</arg>
<arg>SL</arg>
<arg>SM</arg>
<arg>SN</arg>
<arg>SO</arg>
<arg>SR</arg>
<arg>SS</arg>
<arg>ST</arg>
<arg>SV</arg>
<arg>SX</arg>
<arg>SY</arg>
<arg>SZ</arg>
<arg>TC</arg>
<arg>TD</arg>
<arg>TF</arg>
<arg>TG</arg>
<arg>TH</arg>
<arg>TJ</arg>
<arg>TK</arg>
<arg>TL</arg>
<arg>TM</arg>
<arg>TN</arg>
<arg>TO</arg>
<arg>TR</arg>
<arg>TT</arg>
<arg>TV</arg>
<arg>TW</arg>
<arg>TZ</arg>
<arg>UA</arg>
<arg>UG</arg>
<arg>UM</arg>
<arg>US</arg>
<arg>UY</arg>
<arg>UZ</arg>
<arg>VA</arg>
<arg>VC</arg>
<arg>VE</arg>
<arg>VG</arg>
<arg>VI</arg>
<arg>VN</arg>
<arg>VU</arg>
<arg>WF</arg>
<arg>WS</arg>
<arg>XK</arg>
<arg>YE</arg>
<arg>YT</arg>
<arg>ZA</arg>
<arg>ZM</arg>
<arg>ZW</arg>
<doc>Returns a list containing given items.</doc>
<status status="PASS" start="2024-07-31T06:18:07.623858" elapsed="0.000619"/>
</kw>
<kw name="List Should Contain Value" owner="Collections">
<arg>${list_country}</arg>
<arg>${name_country}</arg>
<doc>Fails if the ``value`` is not found from ``list``.</doc>
<status status="PASS" start="2024-07-31T06:18:07.625435" elapsed="0.000209"/>
</kw>
<kw name="Run Keyword If" owner="BuiltIn">
<kw name="Should Be True" owner="BuiltIn">
<arg>${True}</arg>
<doc>Fails if the given condition is not true.</doc>
<status status="PASS" start="2024-07-31T06:18:07.626619" elapsed="0.000142"/>
</kw>
<arg>${json_data["results"][0]["location"]["coordinates"]["latitude"]} &gt;= -90 and ${json_data["results"][0]["location"]["coordinates"]["latitude"]} &lt;= 90</arg>
<arg>Should Be True</arg>
<arg>${True}</arg>
<doc>Runs the given keyword with the given arguments, if ``condition`` is true.</doc>
<status status="PASS" start="2024-07-31T06:18:07.625845" elapsed="0.001044"/>
</kw>
<kw name="Run Keyword If" owner="BuiltIn">
<kw name="Should Be True" owner="BuiltIn">
<arg>${True}</arg>
<doc>Fails if the given condition is not true.</doc>
<status status="PASS" start="2024-07-31T06:18:07.627764" elapsed="0.000136"/>
</kw>
<arg>${json_data["results"][0]["location"]["coordinates"]["longitude"]} &gt;= -180 and ${json_data["results"][0]["location"]["coordinates"]["longitude"]} &lt;= 180</arg>
<arg>Should Be True</arg>
<arg>${True}</arg>
<doc>Runs the given keyword with the given arguments, if ``condition`` is true.</doc>
<status status="PASS" start="2024-07-31T06:18:07.627069" elapsed="0.000953"/>
</kw>
<status status="PASS" start="2024-07-31T06:18:07.514804" elapsed="0.113347"/>
</kw>
<doc>Testa o conteúdo específico dos campos retornados pela API.</doc>
<tag>testeConteudo</tag>
<status status="PASS" start="2024-07-31T06:18:07.514120" elapsed="0.114176"/>
</test>
<status status="PASS" start="2024-07-31T06:18:06.653312" elapsed="0.976954"/>
</suite>
<status status="PASS" start="2024-07-31T06:18:06.638688" elapsed="0.996674"/>
</suite>
<statistics>
<total>
<stat pass="5" fail="0" skip="0">All Tests</stat>
</total>
<tag>
<stat pass="1" fail="0" skip="0">testeConteudo</stat>
<stat pass="1" fail="0" skip="0">testeEstruturaResposta</stat>
<stat pass="1" fail="0" skip="0">testeRequisicaoBasica</stat>
<stat pass="1" fail="0" skip="0">testeTiposDados</stat>
</tag>
<suite>
<stat pass="5" fail="0" skip="0" id="s1" name="Tests">Tests</stat>
<stat pass="5" fail="0" skip="0" id="s1-s1" name="Random-User-Test">Tests.Random-User-Test</stat>
</suite>
</statistics>
<errors>
</errors>
</robot>
