<?xml version="1.0" encoding="UTF-8"?>
<robot generator="Robot 7.0 (Python 3.12.3 on linux)" generated="2024-05-12T22:12:20.380230" rpa="false" schemaversion="5">
<suite id="s1" name="Tests" source="/home/runner/work/DesafioQAItauRogerioJordao/DesafioQAItauRogerioJordao/RamdonUser/tests">
<suite id="s1-s1" name="Random-User-Test" source="/home/runner/work/DesafioQAItauRogerioJordao/DesafioQAItauRogerioJordao/RamdonUser/tests/random-user-test.robot">
<test id="s1-s1-t1" name="Conectar" line="13">
<kw name="Conectar API" owner="random-user-service">
<kw name="Create Session" owner="RequestsLibrary">
<msg time="2024-05-12T22:12:20.744300" level="INFO">Creating Session using : alias=consultarAPI, url=https://randomuser.me/, headers={},                     cookies={}, auth=None, timeout=None, proxies=None, verify=False,                     debug=0 </msg>
<arg>consultarAPI</arg>
<arg>${URL}</arg>
<doc>Create Session: create a HTTP session to a server</doc>
<status status="PASS" start="2024-05-12T22:12:20.744083" elapsed="0.000409"/>
</kw>
<status status="PASS" start="2024-05-12T22:12:20.743059" elapsed="0.001798"/>
</kw>
<status status="PASS" start="2024-05-12T22:12:20.742423" elapsed="0.002629"/>
</test>
<test id="s1-s1-t2" name="Validar retorno 200 e JSON Válido" line="16">
<kw name="Teste de Requisicao Basica" owner="random-user-service">
<kw name="GET On Session" owner="RequestsLibrary">
<msg time="2024-05-12T22:12:20.816956" level="INFO">GET Request : url=https://randomuser.me/api 
 path_url=/api 
 headers={'User-Agent': 'python-requests/2.31.0', 'Accept-Encoding': 'gzip, deflate', 'Accept': '*/*', 'Connection': 'keep-alive'} 
 body=None 
 </msg>
<msg time="2024-05-12T22:12:20.817116" level="INFO">GET Response : url=https://randomuser.me/api 
 status=200, reason=OK 
 headers={'Date': 'Sun, 12 May 2024 22:12:20 GMT', 'Content-Type': 'application/json; charset=utf-8', 'Transfer-Encoding': 'chunked', 'Connection': 'keep-alive', 'X-Powered-By': 'Express', 'Access-Control-Allow-Origin': '*', 'Cache-Control': 'no-cache', 'ETag': 'W/"484-NsjRdj4yk9GMPessipr9orOslCw"', 'Vary': 'Accept-Encoding', 'Content-Encoding': 'gzip', 'CF-Cache-Status': 'DYNAMIC', 'Report-To': '{"endpoints":[{"url":"https:\\/\\/a.nel.cloudflare.com\\/report\\/v4?s=p%2BIybIRZwVWuxf%2BeGbrCr5SAv7keAlxDQGz3XIv9MHdCABCWL7G6%2FAnpJPAZkvj4X%2FrwOKtC0z3iLYFLHjstRsEXK2an2ZgDvOKZNZYCGf3vgDIDpzTL89ezrdAeNRjy"}],"group":"cf-nel","max_age":604800}', 'NEL': '{"success_fraction":0,"report_to":"cf-nel","max_age":604800}', 'Server': 'cloudflare', 'CF-RAY': '882dbfedc96d9c25-IAD', 'alt-svc': 'h3=":443"; ma=86400'} 
 body={"results":[{"gender":"female","name":{"title":"Miss","first":"Hilla","last":"Suomi"},"location":{"street":{"number":2055,"name":"Esplanadi"},"city":"Ikaalinen","state":"Finland Proper","country":"Finland","postcode":18029,"coordinates":{"latitude":"-23.1191","longitude":"94.7540"},"timezone":{"offset":"-2:00","description":"Mid-Atlantic"}},"email":"hilla.suomi@example.com","login":{"uuid":"5e463122-1d06-4b7f-a914-8730aa7e9bd1","username":"crazyleopard545","password":"alfa","salt":"YbxSC7AJ","md5":"3b403a8ce6e3386aff40085a37f0c382","sha1":"4b770b31cfe01e2fbe4bffc910580a93cc766f56","sha256":"eb97934c3193fae04d752f81a00cbb8e954daad73f65c0c7f5056b4ec81da84c"},"dob":{"date":"1957-09-28T16:43:49.906Z","age":66},"registered":{"date":"2002-12-05T06:00:57.539Z","age":21},"phone":"07-485-780","cell":"046-516-34-66","id":{"name":"HETU","value":"NaNNA788undefined"},"picture":{"large":"https://randomuser.me/api/portraits/women/62.jpg","medium":"https://randomuser.me/api/portraits/med/women/62.jpg","thumbnail":"https://randomuser.me/api/portraits/thumb/women/62.jpg"},"nat":"FI"}],"info":{"seed":"f1acf41b2dc0e4e4","results":1,"page":1,"version":"1.4"}} 
 </msg>
<msg time="2024-05-12T22:12:20.817215" level="INFO">/opt/hostedtoolcache/Python/3.12.3/x64/lib/python3.12/site-packages/urllib3/connectionpool.py:1103: InsecureRequestWarning: Unverified HTTPS request is being made to host 'randomuser.me'. Adding certificate verification is strongly advised. See: https://urllib3.readthedocs.io/en/latest/advanced-usage.html#tls-warnings
  warnings.warn(</msg>
<msg time="2024-05-12T22:12:20.817393" level="INFO">${response} = &lt;Response [200]&gt;</msg>
<var>${response}</var>
<arg>consultarAPI</arg>
<arg>/api</arg>
<doc>Sends a GET request on a previously created HTTP Session.</doc>
<status status="PASS" start="2024-05-12T22:12:20.747794" elapsed="0.069653"/>
</kw>
<kw name="Should Be Equal As Numbers" owner="BuiltIn">
<msg time="2024-05-12T22:12:20.818638" level="INFO">Argument types are:
&lt;class 'int'&gt;
&lt;class 'str'&gt;</msg>
<arg>${response.status_code}</arg>
<arg>200</arg>
<doc>Fails if objects are unequal after converting them to real numbers.</doc>
<status status="PASS" start="2024-05-12T22:12:20.818108" elapsed="0.000599"/>
</kw>
<kw name="Log" owner="BuiltIn">
<msg time="2024-05-12T22:12:20.819442" level="INFO">200</msg>
<arg>${response.status_code}</arg>
<doc>Logs the given message with the given level.</doc>
<status status="PASS" start="2024-05-12T22:12:20.819078" elapsed="0.000408"/>
</kw>
<kw name="Set Variable" owner="BuiltIn">
<msg time="2024-05-12T22:12:20.820288" level="INFO">${json_data} = {'results': [{'gender': 'female', 'name': {'title': 'Miss', 'first': 'Hilla', 'last': 'Suomi'}, 'location': {'street': {'number': 2055, 'name': 'Esplanadi'}, 'city': 'Ikaalinen', 'state': 'Finland Pro...</msg>
<var>${json_data}</var>
<arg>${response.json()}</arg>
<doc>Returns the given values which can then be assigned to a variables.</doc>
<status status="PASS" start="2024-05-12T22:12:20.819797" elapsed="0.000521"/>
</kw>
<kw name="Dictionary Should Contain Key" owner="Collections">
<msg time="2024-05-12T22:12:20.820801" level="INFO">False</msg>
<arg>${json_data}</arg>
<arg>results</arg>
<doc>Fails if ``key`` is not found from ``dictionary``.</doc>
<status status="PASS" start="2024-05-12T22:12:20.820631" elapsed="0.000212"/>
</kw>
<status status="PASS" start="2024-05-12T22:12:20.747542" elapsed="0.073554"/>
</kw>
<doc>Testa se a API responde corretamente e retorna um objeto JSON válido.</doc>
<tag>testeRequisicaoBasica</tag>
<status status="PASS" start="2024-05-12T22:12:20.746954" elapsed="0.074323"/>
</test>
<test id="s1-s1-t3" name="Validar estrutura de resposta" line="22">
<kw name="Teste de Estrutura de Resposta" owner="random-user-service">
<kw name="GET On Session" owner="RequestsLibrary">
<msg time="2024-05-12T22:12:20.904120" level="INFO">GET Request : url=https://randomuser.me/api 
 path_url=/api 
 headers={'User-Agent': 'python-requests/2.31.0', 'Accept-Encoding': 'gzip, deflate', 'Accept': '*/*', 'Connection': 'keep-alive'} 
 body=None 
 </msg>
<msg time="2024-05-12T22:12:20.904209" level="INFO">GET Response : url=https://randomuser.me/api 
 status=200, reason=OK 
 headers={'Date': 'Sun, 12 May 2024 22:12:20 GMT', 'Content-Type': 'application/json; charset=utf-8', 'Transfer-Encoding': 'chunked', 'Connection': 'keep-alive', 'X-Powered-By': 'Express', 'Access-Control-Allow-Origin': '*', 'Cache-Control': 'no-cache', 'ETag': 'W/"489-bkomxC0+sojfN2i5+32W1YplBss"', 'Vary': 'Accept-Encoding', 'Content-Encoding': 'gzip', 'CF-Cache-Status': 'DYNAMIC', 'Report-To': '{"endpoints":[{"url":"https:\\/\\/a.nel.cloudflare.com\\/report\\/v4?s=%2BoXPgyUT8PXt%2B7QRQJIcRuyy9jlfKMcROb12cWTHAEkP4GyNpfgXZ%2FnArc7tY40TKqE%2FRQXtOE14Hdx5gQObW1lc4ZK4BLFmtOr2hQj1LGGziLYCKEAoL%2BDtZhP%2FXrpk"}],"group":"cf-nel","max_age":604800}', 'NEL': '{"success_fraction":0,"report_to":"cf-nel","max_age":604800}', 'Server': 'cloudflare', 'CF-RAY': '882dbfee29b89c25-IAD', 'alt-svc': 'h3=":443"; ma=86400'} 
 body={"results":[{"gender":"female","name":{"title":"Ms","first":"Gloria","last":"Garrido"},"location":{"street":{"number":2384,"name":"Calle de Bravo Murillo"},"city":"Pamplona","state":"Galicia","country":"Spain","postcode":56964,"coordinates":{"latitude":"-32.0940","longitude":"98.0803"},"timezone":{"offset":"-11:00","description":"Midway Island, Samoa"}},"email":"gloria.garrido@example.com","login":{"uuid":"65f036aa-8cd3-4345-aaa2-de8eeb81bd55","username":"blacksnake938","password":"paula","salt":"VYppqwzQ","md5":"230c5db8ad352c0a9e25357eb58af2ad","sha1":"92a1d0daa9303447fb2949a4719b04aab1d0a7c6","sha256":"b1132a4fb5ad17b8a6525ffd364f5b7542ef0d1dbf06b907b25e1e657a36f772"},"dob":{"date":"1974-07-05T04:45:19.374Z","age":49},"registered":{"date":"2020-11-19T04:20:33.994Z","age":3},"phone":"975-078-337","cell":"649-802-560","id":{"name":"DNI","value":"86195753-Q"},"picture":{"large":"https://randomuser.me/api/portraits/women/90.jpg","medium":"https://randomuser.me/api/portraits/med/women/90.jpg","thumbnail":"https://randomuser.me/api/portraits/thumb/women/90.jpg"},"nat":"ES"}],"info":{"seed":"ddf2f05de95698ff","results":1,"page":1,"version":"1.4"}} 
 </msg>
<msg time="2024-05-12T22:12:20.904327" level="INFO">/opt/hostedtoolcache/Python/3.12.3/x64/lib/python3.12/site-packages/urllib3/connectionpool.py:1103: InsecureRequestWarning: Unverified HTTPS request is being made to host 'randomuser.me'. Adding certificate verification is strongly advised. See: https://urllib3.readthedocs.io/en/latest/advanced-usage.html#tls-warnings
  warnings.warn(</msg>
<msg time="2024-05-12T22:12:20.904451" level="INFO">${response} = &lt;Response [200]&gt;</msg>
<var>${response}</var>
<arg>consultarAPI</arg>
<arg>/api</arg>
<doc>Sends a GET request on a previously created HTTP Session.</doc>
<status status="PASS" start="2024-05-12T22:12:20.823985" elapsed="0.080506"/>
</kw>
<kw name="Set Variable" owner="BuiltIn">
<msg time="2024-05-12T22:12:20.905644" level="INFO">${json_data} = {'results': [{'gender': 'female', 'name': {'title': 'Ms', 'first': 'Gloria', 'last': 'Garrido'}, 'location': {'street': {'number': 2384, 'name': 'Calle de Bravo Murillo'}, 'city': 'Pamplona', 'state':...</msg>
<var>${json_data}</var>
<arg>${response.json()}</arg>
<doc>Returns the given values which can then be assigned to a variables.</doc>
<status status="PASS" start="2024-05-12T22:12:20.905053" elapsed="0.000621"/>
</kw>
<kw name="Log" owner="BuiltIn">
<msg time="2024-05-12T22:12:20.906176" level="INFO">{'results': [{'gender': 'female', 'name': {'title': 'Ms', 'first': 'Gloria', 'last': 'Garrido'}, 'location': {'street': {'number': 2384, 'name': 'Calle de Bravo Murillo'}, 'city': 'Pamplona', 'state': 'Galicia', 'country': 'Spain', 'postcode': 56964, 'coordinates': {'latitude': '-32.0940', 'longitude': '98.0803'}, 'timezone': {'offset': '-11:00', 'description': 'Midway Island, Samoa'}}, 'email': 'gloria.garrido@example.com', 'login': {'uuid': '65f036aa-8cd3-4345-aaa2-de8eeb81bd55', 'username': 'blacksnake938', 'password': 'paula', 'salt': 'VYppqwzQ', 'md5': '230c5db8ad352c0a9e25357eb58af2ad', 'sha1': '92a1d0daa9303447fb2949a4719b04aab1d0a7c6', 'sha256': 'b1132a4fb5ad17b8a6525ffd364f5b7542ef0d1dbf06b907b25e1e657a36f772'}, 'dob': {'date': '1974-07-05T04:45:19.374Z', 'age': 49}, 'registered': {'date': '2020-11-19T04:20:33.994Z', 'age': 3}, 'phone': '975-078-337', 'cell': '649-802-560', 'id': {'name': 'DNI', 'value': '86195753-Q'}, 'picture': {'large': 'https://randomuser.me/api/portraits/women/90.jpg', 'medium': 'https://randomuser.me/api/portraits/med/women/90.jpg', 'thumbnail': 'https://randomuser.me/api/portraits/thumb/women/90.jpg'}, 'nat': 'ES'}], 'info': {'seed': 'ddf2f05de95698ff', 'results': 1, 'page': 1, 'version': '1.4'}}</msg>
<arg>${json_data}</arg>
<doc>Logs the given message with the given level.</doc>
<status status="PASS" start="2024-05-12T22:12:20.906008" elapsed="0.000220"/>
</kw>
<kw name="Dictionary Should Contain Key" owner="Collections">
<msg time="2024-05-12T22:12:20.906697" level="INFO">False</msg>
<arg>${json_data}</arg>
<arg>results</arg>
<doc>Fails if ``key`` is not found from ``dictionary``.</doc>
<status status="PASS" start="2024-05-12T22:12:20.906536" elapsed="0.000198"/>
</kw>
<kw name="Should Not Be Empty" owner="BuiltIn">
<msg time="2024-05-12T22:12:20.907177" level="INFO">Length is 2.</msg>
<arg>${json_data}</arg>
<doc>Verifies that the given item is not empty.</doc>
<status status="PASS" start="2024-05-12T22:12:20.907036" elapsed="0.000180"/>
</kw>
<kw name="Create List" owner="BuiltIn">
<msg time="2024-05-12T22:12:20.907810" level="INFO">${expected_keys} = ['gender', 'name', 'location', 'email', 'login']</msg>
<var>${expected_keys}</var>
<arg>gender</arg>
<arg>name</arg>
<arg>location</arg>
<arg>email</arg>
<arg>login</arg>
<doc>Returns a list containing given items.</doc>
<status status="PASS" start="2024-05-12T22:12:20.907504" elapsed="0.000332"/>
</kw>
<for flavor="IN">
<iter>
<kw name="Dictionary Should Contain Key" owner="Collections">
<msg time="2024-05-12T22:12:20.908884" level="INFO">False</msg>
<arg>${json_data['results'][0]}</arg>
<arg>${key}</arg>
<doc>Fails if ``key`` is not found from ``dictionary``.</doc>
<status status="PASS" start="2024-05-12T22:12:20.908471" elapsed="0.000453"/>
</kw>
<kw name="Log" owner="BuiltIn">
<msg time="2024-05-12T22:12:20.909607" level="INFO">{'gender': 'female', 'name': {'title': 'Ms', 'first': 'Gloria', 'last': 'Garrido'}, 'location': {'street': {'number': 2384, 'name': 'Calle de Bravo Murillo'}, 'city': 'Pamplona', 'state': 'Galicia', 'country': 'Spain', 'postcode': 56964, 'coordinates': {'latitude': '-32.0940', 'longitude': '98.0803'}, 'timezone': {'offset': '-11:00', 'description': 'Midway Island, Samoa'}}, 'email': 'gloria.garrido@example.com', 'login': {'uuid': '65f036aa-8cd3-4345-aaa2-de8eeb81bd55', 'username': 'blacksnake938', 'password': 'paula', 'salt': 'VYppqwzQ', 'md5': '230c5db8ad352c0a9e25357eb58af2ad', 'sha1': '92a1d0daa9303447fb2949a4719b04aab1d0a7c6', 'sha256': 'b1132a4fb5ad17b8a6525ffd364f5b7542ef0d1dbf06b907b25e1e657a36f772'}, 'dob': {'date': '1974-07-05T04:45:19.374Z', 'age': 49}, 'registered': {'date': '2020-11-19T04:20:33.994Z', 'age': 3}, 'phone': '975-078-337', 'cell': '649-802-560', 'id': {'name': 'DNI', 'value': '86195753-Q'}, 'picture': {'large': 'https://randomuser.me/api/portraits/women/90.jpg', 'medium': 'https://randomuser.me/api/portraits/med/women/90.jpg', 'thumbnail': 'https://randomuser.me/api/portraits/thumb/women/90.jpg'}, 'nat': 'ES'}</msg>
<arg>${json_data['results'][0]}</arg>
<doc>Logs the given message with the given level.</doc>
<status status="PASS" start="2024-05-12T22:12:20.909225" elapsed="0.000431"/>
</kw>
<kw name="Log" owner="BuiltIn">
<msg time="2024-05-12T22:12:20.910084" level="INFO">gender</msg>
<arg>${key}</arg>
<doc>Logs the given message with the given level.</doc>
<status status="PASS" start="2024-05-12T22:12:20.909956" elapsed="0.000167"/>
</kw>
<var name="${key}">gender</var>
<status status="PASS" start="2024-05-12T22:12:20.908342" elapsed="0.001995"/>
</iter>
<iter>
<kw name="Dictionary Should Contain Key" owner="Collections">
<msg time="2024-05-12T22:12:20.911032" level="INFO">False</msg>
<arg>${json_data['results'][0]}</arg>
<arg>${key}</arg>
<doc>Fails if ``key`` is not found from ``dictionary``.</doc>
<status status="PASS" start="2024-05-12T22:12:20.910648" elapsed="0.000423"/>
</kw>
<kw name="Log" owner="BuiltIn">
<msg time="2024-05-12T22:12:20.911762" level="INFO">{'gender': 'female', 'name': {'title': 'Ms', 'first': 'Gloria', 'last': 'Garrido'}, 'location': {'street': {'number': 2384, 'name': 'Calle de Bravo Murillo'}, 'city': 'Pamplona', 'state': 'Galicia', 'country': 'Spain', 'postcode': 56964, 'coordinates': {'latitude': '-32.0940', 'longitude': '98.0803'}, 'timezone': {'offset': '-11:00', 'description': 'Midway Island, Samoa'}}, 'email': 'gloria.garrido@example.com', 'login': {'uuid': '65f036aa-8cd3-4345-aaa2-de8eeb81bd55', 'username': 'blacksnake938', 'password': 'paula', 'salt': 'VYppqwzQ', 'md5': '230c5db8ad352c0a9e25357eb58af2ad', 'sha1': '92a1d0daa9303447fb2949a4719b04aab1d0a7c6', 'sha256': 'b1132a4fb5ad17b8a6525ffd364f5b7542ef0d1dbf06b907b25e1e657a36f772'}, 'dob': {'date': '1974-07-05T04:45:19.374Z', 'age': 49}, 'registered': {'date': '2020-11-19T04:20:33.994Z', 'age': 3}, 'phone': '975-078-337', 'cell': '649-802-560', 'id': {'name': 'DNI', 'value': '86195753-Q'}, 'picture': {'large': 'https://randomuser.me/api/portraits/women/90.jpg', 'medium': 'https://randomuser.me/api/portraits/med/women/90.jpg', 'thumbnail': 'https://randomuser.me/api/portraits/thumb/women/90.jpg'}, 'nat': 'ES'}</msg>
<arg>${json_data['results'][0]}</arg>
<doc>Logs the given message with the given level.</doc>
<status status="PASS" start="2024-05-12T22:12:20.911395" elapsed="0.000416"/>
</kw>
<kw name="Log" owner="BuiltIn">
<msg time="2024-05-12T22:12:20.912271" level="INFO">name</msg>
<arg>${key}</arg>
<doc>Logs the given message with the given level.</doc>
<status status="PASS" start="2024-05-12T22:12:20.912138" elapsed="0.000172"/>
</kw>
<var name="${key}">name</var>
<status status="PASS" start="2024-05-12T22:12:20.910531" elapsed="0.002000"/>
</iter>
<iter>
<kw name="Dictionary Should Contain Key" owner="Collections">
<msg time="2024-05-12T22:12:20.913219" level="INFO">False</msg>
<arg>${json_data['results'][0]}</arg>
<arg>${key}</arg>
<doc>Fails if ``key`` is not found from ``dictionary``.</doc>
<status status="PASS" start="2024-05-12T22:12:20.912827" elapsed="0.000431"/>
</kw>
<kw name="Log" owner="BuiltIn">
<msg time="2024-05-12T22:12:20.913927" level="INFO">{'gender': 'female', 'name': {'title': 'Ms', 'first': 'Gloria', 'last': 'Garrido'}, 'location': {'street': {'number': 2384, 'name': 'Calle de Bravo Murillo'}, 'city': 'Pamplona', 'state': 'Galicia', 'country': 'Spain', 'postcode': 56964, 'coordinates': {'latitude': '-32.0940', 'longitude': '98.0803'}, 'timezone': {'offset': '-11:00', 'description': 'Midway Island, Samoa'}}, 'email': 'gloria.garrido@example.com', 'login': {'uuid': '65f036aa-8cd3-4345-aaa2-de8eeb81bd55', 'username': 'blacksnake938', 'password': 'paula', 'salt': 'VYppqwzQ', 'md5': '230c5db8ad352c0a9e25357eb58af2ad', 'sha1': '92a1d0daa9303447fb2949a4719b04aab1d0a7c6', 'sha256': 'b1132a4fb5ad17b8a6525ffd364f5b7542ef0d1dbf06b907b25e1e657a36f772'}, 'dob': {'date': '1974-07-05T04:45:19.374Z', 'age': 49}, 'registered': {'date': '2020-11-19T04:20:33.994Z', 'age': 3}, 'phone': '975-078-337', 'cell': '649-802-560', 'id': {'name': 'DNI', 'value': '86195753-Q'}, 'picture': {'large': 'https://randomuser.me/api/portraits/women/90.jpg', 'medium': 'https://randomuser.me/api/portraits/med/women/90.jpg', 'thumbnail': 'https://randomuser.me/api/portraits/thumb/women/90.jpg'}, 'nat': 'ES'}</msg>
<arg>${json_data['results'][0]}</arg>
<doc>Logs the given message with the given level.</doc>
<status status="PASS" start="2024-05-12T22:12:20.913562" elapsed="0.000413"/>
</kw>
<kw name="Log" owner="BuiltIn">
<msg time="2024-05-12T22:12:20.914396" level="INFO">location</msg>
<arg>${key}</arg>
<doc>Logs the given message with the given level.</doc>
<status status="PASS" start="2024-05-12T22:12:20.914269" elapsed="0.000166"/>
</kw>
<var name="${key}">location</var>
<status status="PASS" start="2024-05-12T22:12:20.912713" elapsed="0.001936"/>
</iter>
<iter>
<kw name="Dictionary Should Contain Key" owner="Collections">
<msg time="2024-05-12T22:12:20.915321" level="INFO">False</msg>
<arg>${json_data['results'][0]}</arg>
<arg>${key}</arg>
<doc>Fails if ``key`` is not found from ``dictionary``.</doc>
<status status="PASS" start="2024-05-12T22:12:20.914934" elapsed="0.000424"/>
</kw>
<kw name="Log" owner="BuiltIn">
<msg time="2024-05-12T22:12:20.916022" level="INFO">{'gender': 'female', 'name': {'title': 'Ms', 'first': 'Gloria', 'last': 'Garrido'}, 'location': {'street': {'number': 2384, 'name': 'Calle de Bravo Murillo'}, 'city': 'Pamplona', 'state': 'Galicia', 'country': 'Spain', 'postcode': 56964, 'coordinates': {'latitude': '-32.0940', 'longitude': '98.0803'}, 'timezone': {'offset': '-11:00', 'description': 'Midway Island, Samoa'}}, 'email': 'gloria.garrido@example.com', 'login': {'uuid': '65f036aa-8cd3-4345-aaa2-de8eeb81bd55', 'username': 'blacksnake938', 'password': 'paula', 'salt': 'VYppqwzQ', 'md5': '230c5db8ad352c0a9e25357eb58af2ad', 'sha1': '92a1d0daa9303447fb2949a4719b04aab1d0a7c6', 'sha256': 'b1132a4fb5ad17b8a6525ffd364f5b7542ef0d1dbf06b907b25e1e657a36f772'}, 'dob': {'date': '1974-07-05T04:45:19.374Z', 'age': 49}, 'registered': {'date': '2020-11-19T04:20:33.994Z', 'age': 3}, 'phone': '975-078-337', 'cell': '649-802-560', 'id': {'name': 'DNI', 'value': '86195753-Q'}, 'picture': {'large': 'https://randomuser.me/api/portraits/women/90.jpg', 'medium': 'https://randomuser.me/api/portraits/med/women/90.jpg', 'thumbnail': 'https://randomuser.me/api/portraits/thumb/women/90.jpg'}, 'nat': 'ES'}</msg>
<arg>${json_data['results'][0]}</arg>
<doc>Logs the given message with the given level.</doc>
<status status="PASS" start="2024-05-12T22:12:20.915660" elapsed="0.000441"/>
</kw>
<kw name="Log" owner="BuiltIn">
<msg time="2024-05-12T22:12:20.916543" level="INFO">email</msg>
<arg>${key}</arg>
<doc>Logs the given message with the given level.</doc>
<status status="PASS" start="2024-05-12T22:12:20.916404" elapsed="0.000177"/>
</kw>
<var name="${key}">email</var>
<status status="PASS" start="2024-05-12T22:12:20.914823" elapsed="0.001984"/>
</iter>
<iter>
<kw name="Dictionary Should Contain Key" owner="Collections">
<msg time="2024-05-12T22:12:20.917489" level="INFO">False</msg>
<arg>${json_data['results'][0]}</arg>
<arg>${key}</arg>
<doc>Fails if ``key`` is not found from ``dictionary``.</doc>
<status status="PASS" start="2024-05-12T22:12:20.917095" elapsed="0.000432"/>
</kw>
<kw name="Log" owner="BuiltIn">
<msg time="2024-05-12T22:12:20.918186" level="INFO">{'gender': 'female', 'name': {'title': 'Ms', 'first': 'Gloria', 'last': 'Garrido'}, 'location': {'street': {'number': 2384, 'name': 'Calle de Bravo Murillo'}, 'city': 'Pamplona', 'state': 'Galicia', 'country': 'Spain', 'postcode': 56964, 'coordinates': {'latitude': '-32.0940', 'longitude': '98.0803'}, 'timezone': {'offset': '-11:00', 'description': 'Midway Island, Samoa'}}, 'email': 'gloria.garrido@example.com', 'login': {'uuid': '65f036aa-8cd3-4345-aaa2-de8eeb81bd55', 'username': 'blacksnake938', 'password': 'paula', 'salt': 'VYppqwzQ', 'md5': '230c5db8ad352c0a9e25357eb58af2ad', 'sha1': '92a1d0daa9303447fb2949a4719b04aab1d0a7c6', 'sha256': 'b1132a4fb5ad17b8a6525ffd364f5b7542ef0d1dbf06b907b25e1e657a36f772'}, 'dob': {'date': '1974-07-05T04:45:19.374Z', 'age': 49}, 'registered': {'date': '2020-11-19T04:20:33.994Z', 'age': 3}, 'phone': '975-078-337', 'cell': '649-802-560', 'id': {'name': 'DNI', 'value': '86195753-Q'}, 'picture': {'large': 'https://randomuser.me/api/portraits/women/90.jpg', 'medium': 'https://randomuser.me/api/portraits/med/women/90.jpg', 'thumbnail': 'https://randomuser.me/api/portraits/thumb/women/90.jpg'}, 'nat': 'ES'}</msg>
<arg>${json_data['results'][0]}</arg>
<doc>Logs the given message with the given level.</doc>
<status status="PASS" start="2024-05-12T22:12:20.917824" elapsed="0.000410"/>
</kw>
<kw name="Log" owner="BuiltIn">
<msg time="2024-05-12T22:12:20.918661" level="INFO">login</msg>
<arg>${key}</arg>
<doc>Logs the given message with the given level.</doc>
<status status="PASS" start="2024-05-12T22:12:20.918531" elapsed="0.000169"/>
</kw>
<var name="${key}">login</var>
<status status="PASS" start="2024-05-12T22:12:20.916982" elapsed="0.001965"/>
</iter>
<var>${key}</var>
<value>@{expected_keys}</value>
<status status="PASS" start="2024-05-12T22:12:20.908141" elapsed="0.010933"/>
</for>
<kw name="Create List" owner="BuiltIn">
<msg time="2024-05-12T22:12:20.919407" level="INFO">${expected_keysTwo} = ['username', 'password']</msg>
<var>${expected_keysTwo}</var>
<arg>username</arg>
<arg>password</arg>
<doc>Returns a list containing given items.</doc>
<status status="PASS" start="2024-05-12T22:12:20.919269" elapsed="0.000163"/>
</kw>
<for flavor="IN">
<iter>
<kw name="Dictionary Should Contain Key" owner="Collections">
<msg time="2024-05-12T22:12:20.920370" level="INFO">False</msg>
<arg>${json_data['results'][0]['login']}</arg>
<arg>${keyTwo}</arg>
<doc>Fails if ``key`` is not found from ``dictionary``.</doc>
<status status="PASS" start="2024-05-12T22:12:20.919939" elapsed="0.000470"/>
</kw>
<kw name="Dictionary Should Contain Key" owner="Collections">
<msg time="2024-05-12T22:12:20.921088" level="INFO">False</msg>
<arg>${json_data['results'][0]['login']}</arg>
<arg>${keyTwo}</arg>
<doc>Fails if ``key`` is not found from ``dictionary``.</doc>
<status status="PASS" start="2024-05-12T22:12:20.920705" elapsed="0.000421"/>
</kw>
<kw name="Log" owner="BuiltIn">
<msg time="2024-05-12T22:12:20.921549" level="INFO">username</msg>
<arg>${keyTwo}</arg>
<doc>Logs the given message with the given level.</doc>
<status status="PASS" start="2024-05-12T22:12:20.921418" elapsed="0.000174"/>
</kw>
<var name="${keyTwo}">username</var>
<status status="PASS" start="2024-05-12T22:12:20.919831" elapsed="0.001977"/>
</iter>
<iter>
<kw name="Dictionary Should Contain Key" owner="Collections">
<msg time="2024-05-12T22:12:20.922478" level="INFO">False</msg>
<arg>${json_data['results'][0]['login']}</arg>
<arg>${keyTwo}</arg>
<doc>Fails if ``key`` is not found from ``dictionary``.</doc>
<status status="PASS" start="2024-05-12T22:12:20.922092" elapsed="0.000425"/>
</kw>
<kw name="Dictionary Should Contain Key" owner="Collections">
<msg time="2024-05-12T22:12:20.923279" level="INFO">False</msg>
<arg>${json_data['results'][0]['login']}</arg>
<arg>${keyTwo}</arg>
<doc>Fails if ``key`` is not found from ``dictionary``.</doc>
<status status="PASS" start="2024-05-12T22:12:20.922806" elapsed="0.000513"/>
</kw>
<kw name="Log" owner="BuiltIn">
<msg time="2024-05-12T22:12:20.923748" level="INFO">password</msg>
<arg>${keyTwo}</arg>
<doc>Logs the given message with the given level.</doc>
<status status="PASS" start="2024-05-12T22:12:20.923618" elapsed="0.000168"/>
</kw>
<var name="${keyTwo}">password</var>
<status status="PASS" start="2024-05-12T22:12:20.921981" elapsed="0.002020"/>
</iter>
<var>${keyTwo}</var>
<value>@{expected_keysTwo}</value>
<status status="PASS" start="2024-05-12T22:12:20.919674" elapsed="0.004491"/>
</for>
<status status="PASS" start="2024-05-12T22:12:20.823744" elapsed="0.100567"/>
</kw>
<doc>Testa a estrutura da resposta da API.</doc>
<tag>testeEstruturaResposta</tag>
<status status="PASS" start="2024-05-12T22:12:20.823139" elapsed="0.101330"/>
</test>
<test id="s1-s1-t4" name="Validar tipos de dados" line="28">
<kw name="Teste de Tipos de Dados" owner="random-user-service">
<kw name="GET On Session" owner="RequestsLibrary">
<msg time="2024-05-12T22:12:21.001498" level="INFO">GET Request : url=https://randomuser.me/api 
 path_url=/api 
 headers={'User-Agent': 'python-requests/2.31.0', 'Accept-Encoding': 'gzip, deflate', 'Accept': '*/*', 'Connection': 'keep-alive'} 
 body=None 
 </msg>
<msg time="2024-05-12T22:12:21.001600" level="INFO">GET Response : url=https://randomuser.me/api 
 status=200, reason=OK 
 headers={'Date': 'Sun, 12 May 2024 22:12:21 GMT', 'Content-Type': 'application/json; charset=utf-8', 'Transfer-Encoding': 'chunked', 'Connection': 'keep-alive', 'X-Powered-By': 'Express', 'Access-Control-Allow-Origin': '*', 'Cache-Control': 'no-cache', 'ETag': 'W/"480-fA1YIWGGV6sQTR/WJZJhAalNwN4"', 'Vary': 'Accept-Encoding', 'Content-Encoding': 'gzip', 'CF-Cache-Status': 'DYNAMIC', 'Report-To': '{"endpoints":[{"url":"https:\\/\\/a.nel.cloudflare.com\\/report\\/v4?s=SUybBW4VrEU%2BiM90P5KpslnUCARyoPhpTPj2hAupOLvvdzNfonlR%2BZssm%2BTSaawK7hwxaRr%2FYGVUXuPCSlJjT7%2FOBlBQDgItaEBYeaF1IhHIoWaG9HeJSM8SP7ionfEE"}],"group":"cf-nel","max_age":604800}', 'NEL': '{"success_fraction":0,"report_to":"cf-nel","max_age":604800}', 'Server': 'cloudflare', 'CF-RAY': '882dbfeeca499c25-IAD', 'alt-svc': 'h3=":443"; ma=86400'} 
 body={"results":[{"gender":"male","name":{"title":"Mr","first":"Antonio","last":"Lawrence"},"location":{"street":{"number":6341,"name":"Bruce St"},"city":"Albury","state":"Northern Territory","country":"Australia","postcode":1899,"coordinates":{"latitude":"-84.1259","longitude":"-94.7595"},"timezone":{"offset":"-3:30","description":"Newfoundland"}},"email":"antonio.lawrence@example.com","login":{"uuid":"085a1041-2050-47c0-be97-383b67fd510b","username":"organicladybug269","password":"vamp","salt":"ibucBWdm","md5":"0776b9f479737d3862b790fd302c3c95","sha1":"b4e366ec5022f48a1e7464f6952bb2ee92a61a6d","sha256":"7e68346be058597024655a2e8e1746bc5fca6cf542cccc63ec54453c15d01b61"},"dob":{"date":"1974-02-26T13:11:32.148Z","age":50},"registered":{"date":"2006-11-20T01:00:59.386Z","age":17},"phone":"03-4983-0073","cell":"0439-316-746","id":{"name":"TFN","value":"038854208"},"picture":{"large":"https://randomuser.me/api/portraits/men/71.jpg","medium":"https://randomuser.me/api/portraits/med/men/71.jpg","thumbnail":"https://randomuser.me/api/portraits/thumb/men/71.jpg"},"nat":"AU"}],"info":{"seed":"a27ea0b70e2d0975","results":1,"page":1,"version":"1.4"}} 
 </msg>
<msg time="2024-05-12T22:12:21.001668" level="INFO">/opt/hostedtoolcache/Python/3.12.3/x64/lib/python3.12/site-packages/urllib3/connectionpool.py:1103: InsecureRequestWarning: Unverified HTTPS request is being made to host 'randomuser.me'. Adding certificate verification is strongly advised. See: https://urllib3.readthedocs.io/en/latest/advanced-usage.html#tls-warnings
  warnings.warn(</msg>
<msg time="2024-05-12T22:12:21.001758" level="INFO">${response} = &lt;Response [200]&gt;</msg>
<var>${response}</var>
<arg>consultarAPI</arg>
<arg>/api</arg>
<doc>Sends a GET request on a previously created HTTP Session.</doc>
<status status="PASS" start="2024-05-12T22:12:20.927059" elapsed="0.074739"/>
</kw>
<kw name="Set Variable" owner="BuiltIn">
<msg time="2024-05-12T22:12:21.002828" level="INFO">${json_data} = {'results': [{'gender': 'male', 'name': {'title': 'Mr', 'first': 'Antonio', 'last': 'Lawrence'}, 'location': {'street': {'number': 6341, 'name': 'Bruce St'}, 'city': 'Albury', 'state': 'Northern Terri...</msg>
<var>${json_data}</var>
<arg>${response.json()}</arg>
<doc>Returns the given values which can then be assigned to a variables.</doc>
<status status="PASS" start="2024-05-12T22:12:21.002265" elapsed="0.000592"/>
</kw>
<kw name="Log" owner="BuiltIn">
<msg time="2024-05-12T22:12:21.003321" level="INFO">{'results': [{'gender': 'male', 'name': {'title': 'Mr', 'first': 'Antonio', 'last': 'Lawrence'}, 'location': {'street': {'number': 6341, 'name': 'Bruce St'}, 'city': 'Albury', 'state': 'Northern Territory', 'country': 'Australia', 'postcode': 1899, 'coordinates': {'latitude': '-84.1259', 'longitude': '-94.7595'}, 'timezone': {'offset': '-3:30', 'description': 'Newfoundland'}}, 'email': 'antonio.lawrence@example.com', 'login': {'uuid': '085a1041-2050-47c0-be97-383b67fd510b', 'username': 'organicladybug269', 'password': 'vamp', 'salt': 'ibucBWdm', 'md5': '0776b9f479737d3862b790fd302c3c95', 'sha1': 'b4e366ec5022f48a1e7464f6952bb2ee92a61a6d', 'sha256': '7e68346be058597024655a2e8e1746bc5fca6cf542cccc63ec54453c15d01b61'}, 'dob': {'date': '1974-02-26T13:11:32.148Z', 'age': 50}, 'registered': {'date': '2006-11-20T01:00:59.386Z', 'age': 17}, 'phone': '03-4983-0073', 'cell': '0439-316-746', 'id': {'name': 'TFN', 'value': '038854208'}, 'picture': {'large': 'https://randomuser.me/api/portraits/men/71.jpg', 'medium': 'https://randomuser.me/api/portraits/med/men/71.jpg', 'thumbnail': 'https://randomuser.me/api/portraits/thumb/men/71.jpg'}, 'nat': 'AU'}], 'info': {'seed': 'a27ea0b70e2d0975', 'results': 1, 'page': 1, 'version': '1.4'}}</msg>
<arg>${json_data}</arg>
<doc>Logs the given message with the given level.</doc>
<status status="PASS" start="2024-05-12T22:12:21.003167" elapsed="0.000234"/>
</kw>
<kw name="Should Be String" owner="String">
<arg>${json_data['results'][0]['gender']}</arg>
<doc>Fails if the given ``item`` is not a string.</doc>
<status status="PASS" start="2024-05-12T22:12:21.003704" elapsed="0.000405"/>
</kw>
<kw name="Should Match Regexp" owner="BuiltIn">
<arg>${json_data['results'][0]['email']}</arg>
<arg>^[a-zA-Z0-9._%+-]+@[a-zA-Z0-9.-]+\.[a-zA-Z]{2,}$</arg>
<doc>Fails if ``string`` does not match ``pattern`` as a regular expression.</doc>
<status status="PASS" start="2024-05-12T22:12:21.004314" elapsed="0.000519"/>
</kw>
<kw name="Should Match Regexp" owner="BuiltIn">
<arg>${json_data['results'][0]['dob']['date']}</arg>
<arg>\\d{4}-\\d{2}-\\d{2}T\\d{2}:\\d{2}:\\d{2}\\.\\d{3}Z</arg>
<doc>Fails if ``string`` does not match ``pattern`` as a regular expression.</doc>
<status status="PASS" start="2024-05-12T22:12:21.005029" elapsed="0.000499"/>
</kw>
<kw name="Should Match Regexp" owner="BuiltIn">
<arg>${json_data['results'][0]['registered']['date']}</arg>
<arg>\\d{4}-\\d{2}-\\d{2}T\\d{2}:\\d{2}:\\d{2}\\.\\d{3}Z</arg>
<doc>Fails if ``string`` does not match ``pattern`` as a regular expression.</doc>
<status status="PASS" start="2024-05-12T22:12:21.005717" elapsed="0.000365"/>
</kw>
<kw name="Should Match Regexp" owner="BuiltIn">
<arg>${json_data['results'][0]['picture']['large']}</arg>
<arg>^https?://.*\.(?:png|jpe?g|gif|bmp)$</arg>
<doc>Fails if ``string`` does not match ``pattern`` as a regular expression.</doc>
<status status="PASS" start="2024-05-12T22:12:21.006267" elapsed="0.000479"/>
</kw>
<kw name="Should Match Regexp" owner="BuiltIn">
<arg>${json_data['results'][0]['picture']['medium']}</arg>
<arg>^https?://.*\.(?:png|jpe?g|gif|bmp)$</arg>
<doc>Fails if ``string`` does not match ``pattern`` as a regular expression.</doc>
<status status="PASS" start="2024-05-12T22:12:21.006935" elapsed="0.000363"/>
</kw>
<kw name="Should Match Regexp" owner="BuiltIn">
<arg>${json_data['results'][0]['picture']['thumbnail']}</arg>
<arg>^https?://.*\.(?:png|jpe?g|gif|bmp)$</arg>
<doc>Fails if ``string`` does not match ``pattern`` as a regular expression.</doc>
<status status="PASS" start="2024-05-12T22:12:21.007485" elapsed="0.000352"/>
</kw>
<kw name="Log" owner="BuiltIn">
<msg time="2024-05-12T22:12:21.008374" level="INFO">{'large': 'https://randomuser.me/api/portraits/men/71.jpg', 'medium': 'https://randomuser.me/api/portraits/med/men/71.jpg', 'thumbnail': 'https://randomuser.me/api/portraits/thumb/men/71.jpg'}</msg>
<arg>${json_data['results'][0]['picture']}</arg>
<doc>Logs the given message with the given level.</doc>
<status status="PASS" start="2024-05-12T22:12:21.008015" elapsed="0.000402"/>
</kw>
<status status="PASS" start="2024-05-12T22:12:20.926828" elapsed="0.081845"/>
</kw>
<kw name="Teste de Tipos de Dados - Postcode" owner="random-user-service">
<kw name="GET On Session" owner="RequestsLibrary">
<msg time="2024-05-12T22:12:21.106403" level="INFO">GET Request : url=https://randomuser.me/api 
 path_url=/api 
 headers={'User-Agent': 'python-requests/2.31.0', 'Accept-Encoding': 'gzip, deflate', 'Accept': '*/*', 'Connection': 'keep-alive'} 
 body=None 
 </msg>
<msg time="2024-05-12T22:12:21.106497" level="INFO">GET Response : url=https://randomuser.me/api 
 status=200, reason=OK 
 headers={'Date': 'Sun, 12 May 2024 22:12:21 GMT', 'Content-Type': 'application/json; charset=utf-8', 'Transfer-Encoding': 'chunked', 'Connection': 'keep-alive', 'X-Powered-By': 'Express', 'Access-Control-Allow-Origin': '*', 'Cache-Control': 'no-cache', 'ETag': 'W/"47f-xoXExPW1na6NB3iPEOnLM4lDbNg"', 'Vary': 'Accept-Encoding', 'Content-Encoding': 'gzip', 'CF-Cache-Status': 'DYNAMIC', 'Report-To': '{"endpoints":[{"url":"https:\\/\\/a.nel.cloudflare.com\\/report\\/v4?s=FKhxwvl5FJcJwc%2FLIQvVZBmI6Hk8Li4yI5Jxi0w3b6jnAsla%2BbjdemZ7uK4m24D8EYGwV%2FxhFgwO2xfB2aqnOTRPAtHOdHSD8b9OL%2F56q7d06ZyILxYKeaUXAP1iIqjQ"}],"group":"cf-nel","max_age":604800}', 'NEL': '{"success_fraction":0,"report_to":"cf-nel","max_age":604800}', 'Server': 'cloudflare', 'CF-RAY': '882dbfef5ac59c25-IAD', 'alt-svc': 'h3=":443"; ma=86400'} 
 body={"results":[{"gender":"female","name":{"title":"Ms","first":"Isobel","last":"Li"},"location":{"street":{"number":784,"name":"Pt Chevalier Road"},"city":"Napier","state":"Hawke'S Bay","country":"New Zealand","postcode":21546,"coordinates":{"latitude":"54.6471","longitude":"49.5888"},"timezone":{"offset":"-1:00","description":"Azores, Cape Verde Islands"}},"email":"isobel.li@example.com","login":{"uuid":"77b61b74-2936-493e-b436-923ccf657405","username":"happylion227","password":"chess","salt":"MozIo4Tt","md5":"59d8c0858b8e03903355a51072848688","sha1":"281b774cb054f261fa8523c87f15fde04b91c816","sha256":"d816fc416613e82bf5f7fb1720120c6ee420a3ebdc6cfad65c7a4aef37873e36"},"dob":{"date":"1956-07-15T22:42:54.504Z","age":67},"registered":{"date":"2017-10-19T13:09:20.355Z","age":6},"phone":"(943)-420-3013","cell":"(612)-953-1275","id":{"name":"","value":null},"picture":{"large":"https://randomuser.me/api/portraits/women/77.jpg","medium":"https://randomuser.me/api/portraits/med/women/77.jpg","thumbnail":"https://randomuser.me/api/portraits/thumb/women/77.jpg"},"nat":"NZ"}],"info":{"seed":"b589ec764007a1a7","results":1,"page":1,"version":"1.4"}} 
 </msg>
<msg time="2024-05-12T22:12:21.106569" level="INFO">/opt/hostedtoolcache/Python/3.12.3/x64/lib/python3.12/site-packages/urllib3/connectionpool.py:1103: InsecureRequestWarning: Unverified HTTPS request is being made to host 'randomuser.me'. Adding certificate verification is strongly advised. See: https://urllib3.readthedocs.io/en/latest/advanced-usage.html#tls-warnings
  warnings.warn(</msg>
<msg time="2024-05-12T22:12:21.106692" level="INFO">${response} = &lt;Response [200]&gt;</msg>
<var>${response}</var>
<arg>consultarAPI</arg>
<arg>/api</arg>
<doc>Sends a GET request on a previously created HTTP Session.</doc>
<status status="PASS" start="2024-05-12T22:12:21.009116" elapsed="0.097629"/>
</kw>
<kw name="Set Variable" owner="BuiltIn">
<msg time="2024-05-12T22:12:21.108000" level="INFO">${json_data} = {'results': [{'gender': 'female', 'name': {'title': 'Ms', 'first': 'Isobel', 'last': 'Li'}, 'location': {'street': {'number': 784, 'name': 'Pt Chevalier Road'}, 'city': 'Napier', 'state': "Hawke'S Bay...</msg>
<var>${json_data}</var>
<arg>${response.json()}</arg>
<doc>Returns the given values which can then be assigned to a variables.</doc>
<status status="PASS" start="2024-05-12T22:12:21.107405" elapsed="0.000625"/>
</kw>
<kw name="Log" owner="BuiltIn">
<msg time="2024-05-12T22:12:21.108611" level="INFO">{'results': [{'gender': 'female', 'name': {'title': 'Ms', 'first': 'Isobel', 'last': 'Li'}, 'location': {'street': {'number': 784, 'name': 'Pt Chevalier Road'}, 'city': 'Napier', 'state': "Hawke'S Bay", 'country': 'New Zealand', 'postcode': 21546, 'coordinates': {'latitude': '54.6471', 'longitude': '49.5888'}, 'timezone': {'offset': '-1:00', 'description': 'Azores, Cape Verde Islands'}}, 'email': 'isobel.li@example.com', 'login': {'uuid': '77b61b74-2936-493e-b436-923ccf657405', 'username': 'happylion227', 'password': 'chess', 'salt': 'MozIo4Tt', 'md5': '59d8c0858b8e03903355a51072848688', 'sha1': '281b774cb054f261fa8523c87f15fde04b91c816', 'sha256': 'd816fc416613e82bf5f7fb1720120c6ee420a3ebdc6cfad65c7a4aef37873e36'}, 'dob': {'date': '1956-07-15T22:42:54.504Z', 'age': 67}, 'registered': {'date': '2017-10-19T13:09:20.355Z', 'age': 6}, 'phone': '(943)-420-3013', 'cell': '(612)-953-1275', 'id': {'name': '', 'value': None}, 'picture': {'large': 'https://randomuser.me/api/portraits/women/77.jpg', 'medium': 'https://randomuser.me/api/portraits/med/women/77.jpg', 'thumbnail': 'https://randomuser.me/api/portraits/thumb/women/77.jpg'}, 'nat': 'NZ'}], 'info': {'seed': 'b589ec764007a1a7', 'results': 1, 'page': 1, 'version': '1.4'}}</msg>
<arg>${json_data}</arg>
<doc>Logs the given message with the given level.</doc>
<status status="PASS" start="2024-05-12T22:12:21.108443" elapsed="0.000252"/>
</kw>
<kw name="Should Be Equal As Numbers" owner="BuiltIn">
<arg>${json_data['results'][0]['location']['postcode']}</arg>
<arg>${json_data['results'][0]['location']['postcode']}</arg>
<doc>Fails if objects are unequal after converting them to real numbers.</doc>
<status status="PASS" start="2024-05-12T22:12:21.109014" elapsed="0.000840"/>
</kw>
<kw name="Log" owner="BuiltIn">
<msg time="2024-05-12T22:12:21.110395" level="INFO">21546</msg>
<arg>${json_data['results'][0]['location']['postcode']}</arg>
<doc>Logs the given message with the given level.</doc>
<status status="PASS" start="2024-05-12T22:12:21.110052" elapsed="0.000385"/>
</kw>
<status status="PASS" start="2024-05-12T22:12:21.008893" elapsed="0.101807"/>
</kw>
<doc>Testa se os tipos de dados na resposta da API estão corretos.</doc>
<tag>testeTiposDados</tag>
<status status="PASS" start="2024-05-12T22:12:20.926282" elapsed="0.184592"/>
</test>
<test id="s1-s1-t5" name="Validar conteudo" line="35">
<kw name="Teste de Tipos de Conteudo" owner="random-user-service">
<kw name="GET On Session" owner="RequestsLibrary">
<msg time="2024-05-12T22:12:21.211056" level="INFO">GET Request : url=https://randomuser.me/api 
 path_url=/api 
 headers={'User-Agent': 'python-requests/2.31.0', 'Accept-Encoding': 'gzip, deflate', 'Accept': '*/*', 'Connection': 'keep-alive'} 
 body=None 
 </msg>
<msg time="2024-05-12T22:12:21.211140" level="INFO">GET Response : url=https://randomuser.me/api 
 status=200, reason=OK 
 headers={'Date': 'Sun, 12 May 2024 22:12:21 GMT', 'Content-Type': 'application/json; charset=utf-8', 'Transfer-Encoding': 'chunked', 'Connection': 'keep-alive', 'X-Powered-By': 'Express', 'Access-Control-Allow-Origin': '*', 'Cache-Control': 'no-cache', 'ETag': 'W/"499-gMPoqGNTFjf+A2HOzNhcD48JRWU"', 'Vary': 'Accept-Encoding', 'Content-Encoding': 'gzip', 'CF-Cache-Status': 'DYNAMIC', 'Report-To': '{"endpoints":[{"url":"https:\\/\\/a.nel.cloudflare.com\\/report\\/v4?s=Bi09oPtW09OZ6k%2B02Q5GBSU0ajW9OWfggdChXKEw7THBAw0CsqxJK6Q2vBFeeyGGWcDjQYMvzt3Sly7bTyQh86zvkTunZQj4q92QhafpCNwdWO0MEdDfQ9nPuUH%2BV3im"}],"group":"cf-nel","max_age":604800}', 'NEL': '{"success_fraction":0,"report_to":"cf-nel","max_age":604800}', 'Server': 'cloudflare', 'CF-RAY': '882dbfeffb669c25-IAD', 'alt-svc': 'h3=":443"; ma=86400'} 
 body={"results":[{"gender":"male","name":{"title":"Mr","first":"Marcos","last":"Santiago"},"location":{"street":{"number":7842,"name":"Calle de Ángel García"},"city":"Lorca","state":"Castilla y León","country":"Spain","postcode":95453,"coordinates":{"latitude":"-31.8730","longitude":"-144.9858"},"timezone":{"offset":"-7:00","description":"Mountain Time (US &amp; Canada)"}},"email":"marcos.santiago@example.com","login":{"uuid":"bd2cb75f-ef72-4672-99d6-58532fe78b78","username":"ticklishkoala397","password":"morpheus","salt":"68ClzCiK","md5":"d87f33846099a145e7868acb054d99aa","sha1":"29edfab50bbbb880ea7079b070dd0db4dbbdd048","sha256":"76bfe96112899dcb487a01e35529af6eb84b49f7f7f3f5326529b72afb9a9c6b"},"dob":{"date":"1974-09-25T08:12:23.892Z","age":49},"registered":{"date":"2008-07-12T04:09:12.294Z","age":15},"phone":"919-845-745","cell":"647-839-770","id":{"name":"DNI","value":"86040975-J"},"picture":{"large":"https://randomuser.me/api/portraits/men/22.jpg","medium":"https://randomuser.me/api/portraits/med/men/22.jpg","thumbnail":"https://randomuser.me/api/portraits/thumb/men/22.jpg"},"nat":"ES"}],"info":{"seed":"098e4797be561153","results":1,"page":1,"version":"1.4"}} 
 </msg>
<msg time="2024-05-12T22:12:21.211210" level="INFO">/opt/hostedtoolcache/Python/3.12.3/x64/lib/python3.12/site-packages/urllib3/connectionpool.py:1103: InsecureRequestWarning: Unverified HTTPS request is being made to host 'randomuser.me'. Adding certificate verification is strongly advised. See: https://urllib3.readthedocs.io/en/latest/advanced-usage.html#tls-warnings
  warnings.warn(</msg>
<msg time="2024-05-12T22:12:21.211321" level="INFO">${response} = &lt;Response [200]&gt;</msg>
<var>${response}</var>
<arg>consultarAPI</arg>
<arg>/api</arg>
<doc>Sends a GET request on a previously created HTTP Session.</doc>
<status status="PASS" start="2024-05-12T22:12:21.113527" elapsed="0.097833"/>
</kw>
<kw name="Set Variable" owner="BuiltIn">
<msg time="2024-05-12T22:12:21.212535" level="INFO">${json_data} = {'results': [{'gender': 'male', 'name': {'title': 'Mr', 'first': 'Marcos', 'last': 'Santiago'}, 'location': {'street': {'number': 7842, 'name': 'Calle de Ángel García'}, 'city': 'Lorca', 'state': 'Cas...</msg>
<var>${json_data}</var>
<arg>${response.json()}</arg>
<doc>Returns the given values which can then be assigned to a variables.</doc>
<status status="PASS" start="2024-05-12T22:12:21.211915" elapsed="0.000650"/>
</kw>
<kw name="Set Variable" owner="BuiltIn">
<msg time="2024-05-12T22:12:21.213406" level="INFO">${name_title} = Mr</msg>
<var>${name_title}</var>
<arg>${json_data["results"][0]["name"]["title"]}</arg>
<doc>Returns the given values which can then be assigned to a variables.</doc>
<status status="PASS" start="2024-05-12T22:12:21.212972" elapsed="0.000460"/>
</kw>
<kw name="Create List" owner="BuiltIn">
<msg time="2024-05-12T22:12:21.213919" level="INFO">${allowed_titles} = ['Mr', 'Ms', 'Miss', 'Mrs', 'Madame', 'Monsieur']</msg>
<var>${allowed_titles}</var>
<arg>Mr</arg>
<arg>Ms</arg>
<arg>Miss</arg>
<arg>Mrs</arg>
<arg>Madame</arg>
<arg>Monsieur</arg>
<doc>Returns a list containing given items.</doc>
<status status="PASS" start="2024-05-12T22:12:21.213734" elapsed="0.000210"/>
</kw>
<kw name="List Should Contain Value" owner="Collections">
<msg time="2024-05-12T22:12:21.214433" level="INFO">False</msg>
<arg>${allowed_titles}</arg>
<arg>${name_title}</arg>
<doc>Fails if the ``value`` is not found from ``list``.</doc>
<status status="PASS" start="2024-05-12T22:12:21.214257" elapsed="0.000213"/>
</kw>
<kw name="Set Variable" owner="BuiltIn">
<msg time="2024-05-12T22:12:21.215148" level="INFO">${name_country} = ES</msg>
<var>${name_country}</var>
<arg>${json_data["results"][0]["nat"]}</arg>
<doc>Returns the given values which can then be assigned to a variables.</doc>
<status status="PASS" start="2024-05-12T22:12:21.214761" elapsed="0.000413"/>
</kw>
<kw name="Create List" owner="BuiltIn">
<msg time="2024-05-12T22:12:21.216052" level="INFO">${list_country} = ['AD', 'AE', 'AF', 'AG', 'AI', 'AL', 'AM', 'AO', 'AQ', 'AR', 'AS', 'AT', 'AU', 'AW', 'AX', 'AZ', 'BA', 'BB', 'BD', 'BE', 'BF', 'BG', 'BH', 'BI', 'BJ', 'BL', 'BM', 'BN', 'BO', 'BQ', 'BR', 'BS', 'BT', '...</msg>
<var>${list_country}</var>
<arg>AD</arg>
<arg>AE</arg>
<arg>AF</arg>
<arg>AG</arg>
<arg>AI</arg>
<arg>AL</arg>
<arg>AM</arg>
<arg>AO</arg>
<arg>AQ</arg>
<arg>AR</arg>
<arg>AS</arg>
<arg>AT</arg>
<arg>AU</arg>
<arg>AW</arg>
<arg>AX</arg>
<arg>AZ</arg>
<arg>BA</arg>
<arg>BB</arg>
<arg>BD</arg>
<arg>BE</arg>
<arg>BF</arg>
<arg>BG</arg>
<arg>BH</arg>
<arg>BI</arg>
<arg>BJ</arg>
<arg>BL</arg>
<arg>BM</arg>
<arg>BN</arg>
<arg>BO</arg>
<arg>BQ</arg>
<arg>BR</arg>
<arg>BS</arg>
<arg>BT</arg>
<arg>BV</arg>
<arg>BW</arg>
<arg>BY</arg>
<arg>BZ</arg>
<arg>CA</arg>
<arg>CC</arg>
<arg>CD</arg>
<arg>CF</arg>
<arg>CG</arg>
<arg>CH</arg>
<arg>CI</arg>
<arg>CK</arg>
<arg>CL</arg>
<arg>CM</arg>
<arg>CN</arg>
<arg>CO</arg>
<arg>CR</arg>
<arg>CU</arg>
<arg>CV</arg>
<arg>CW</arg>
<arg>CX</arg>
<arg>CY</arg>
<arg>CZ</arg>
<arg>DE</arg>
<arg>DJ</arg>
<arg>DK</arg>
<arg>DM</arg>
<arg>DO</arg>
<arg>DZ</arg>
<arg>EC</arg>
<arg>EE</arg>
<arg>EG</arg>
<arg>EH</arg>
<arg>ER</arg>
<arg>ES</arg>
<arg>ET</arg>
<arg>FI</arg>
<arg>FJ</arg>
<arg>FK</arg>
<arg>FM</arg>
<arg>FO</arg>
<arg>FR</arg>
<arg>GA</arg>
<arg>GB</arg>
<arg>GD</arg>
<arg>GE</arg>
<arg>GF</arg>
<arg>GG</arg>
<arg>GH</arg>
<arg>GI</arg>
<arg>GL</arg>
<arg>GM</arg>
<arg>GN</arg>
<arg>GP</arg>
<arg>GQ</arg>
<arg>GR</arg>
<arg>GS</arg>
<arg>GT</arg>
<arg>GU</arg>
<arg>GW</arg>
<arg>GY</arg>
<arg>HK</arg>
<arg>HM</arg>
<arg>HN</arg>
<arg>HR</arg>
<arg>HT</arg>
<arg>HU</arg>
<arg>ID</arg>
<arg>IE</arg>
<arg>IL</arg>
<arg>IM</arg>
<arg>IN</arg>
<arg>IO</arg>
<arg>IQ</arg>
<arg>IR</arg>
<arg>IS</arg>
<arg>IT</arg>
<arg>JE</arg>
<arg>JM</arg>
<arg>JO</arg>
<arg>JP</arg>
<arg>KE</arg>
<arg>KG</arg>
<arg>KH</arg>
<arg>KI</arg>
<arg>KM</arg>
<arg>KN</arg>
<arg>KP</arg>
<arg>KR</arg>
<arg>KW</arg>
<arg>KY</arg>
<arg>KZ</arg>
<arg>LA</arg>
<arg>LB</arg>
<arg>LC</arg>
<arg>LI</arg>
<arg>LK</arg>
<arg>LR</arg>
<arg>LS</arg>
<arg>LT</arg>
<arg>LU</arg>
<arg>LV</arg>
<arg>LY</arg>
<arg>MA</arg>
<arg>MC</arg>
<arg>MD</arg>
<arg>ME</arg>
<arg>MF</arg>
<arg>MG</arg>
<arg>MH</arg>
<arg>MK</arg>
<arg>ML</arg>
<arg>MM</arg>
<arg>MN</arg>
<arg>MO</arg>
<arg>MP</arg>
<arg>MQ</arg>
<arg>MR</arg>
<arg>MS</arg>
<arg>MT</arg>
<arg>MU</arg>
<arg>MV</arg>
<arg>MW</arg>
<arg>MX</arg>
<arg>MY</arg>
<arg>MZ</arg>
<arg>NA</arg>
<arg>NC</arg>
<arg>NE</arg>
<arg>NF</arg>
<arg>NG</arg>
<arg>NI</arg>
<arg>NL</arg>
<arg>NO</arg>
<arg>NP</arg>
<arg>NR</arg>
<arg>NU</arg>
<arg>NZ</arg>
<arg>OM</arg>
<arg>PA</arg>
<arg>PE</arg>
<arg>PF</arg>
<arg>PG</arg>
<arg>PH</arg>
<arg>PK</arg>
<arg>PL</arg>
<arg>PM</arg>
<arg>PN</arg>
<arg>PR</arg>
<arg>PS</arg>
<arg>PT</arg>
<arg>PW</arg>
<arg>PY</arg>
<arg>QA</arg>
<arg>RE</arg>
<arg>RO</arg>
<arg>RS</arg>
<arg>RU</arg>
<arg>RW</arg>
<arg>SA</arg>
<arg>SB</arg>
<arg>SC</arg>
<arg>SD</arg>
<arg>SE</arg>
<arg>SG</arg>
<arg>SH</arg>
<arg>SI</arg>
<arg>SJ</arg>
<arg>SK</arg>
<arg>SL</arg>
<arg>SM</arg>
<arg>SN</arg>
<arg>SO</arg>
<arg>SR</arg>
<arg>SS</arg>
<arg>ST</arg>
<arg>SV</arg>
<arg>SX</arg>
<arg>SY</arg>
<arg>SZ</arg>
<arg>TC</arg>
<arg>TD</arg>
<arg>TF</arg>
<arg>TG</arg>
<arg>TH</arg>
<arg>TJ</arg>
<arg>TK</arg>
<arg>TL</arg>
<arg>TM</arg>
<arg>TN</arg>
<arg>TO</arg>
<arg>TR</arg>
<arg>TT</arg>
<arg>TV</arg>
<arg>TW</arg>
<arg>TZ</arg>
<arg>UA</arg>
<arg>UG</arg>
<arg>UM</arg>
<arg>US</arg>
<arg>UY</arg>
<arg>UZ</arg>
<arg>VA</arg>
<arg>VC</arg>
<arg>VE</arg>
<arg>VG</arg>
<arg>VI</arg>
<arg>VN</arg>
<arg>VU</arg>
<arg>WF</arg>
<arg>WS</arg>
<arg>XK</arg>
<arg>YE</arg>
<arg>YT</arg>
<arg>ZA</arg>
<arg>ZM</arg>
<arg>ZW</arg>
<doc>Returns a list containing given items.</doc>
<status status="PASS" start="2024-05-12T22:12:21.215472" elapsed="0.000640"/>
</kw>
<kw name="List Should Contain Value" owner="Collections">
<msg time="2024-05-12T22:12:21.217116" level="INFO">False</msg>
<arg>${list_country}</arg>
<arg>${name_country}</arg>
<doc>Fails if the ``value`` is not found from ``list``.</doc>
<status status="PASS" start="2024-05-12T22:12:21.216913" elapsed="0.000239"/>
</kw>
<kw name="Run Keyword If" owner="BuiltIn">
<kw name="Should Be True" owner="BuiltIn">
<arg>${True}</arg>
<doc>Fails if the given condition is not true.</doc>
<status status="PASS" start="2024-05-12T22:12:21.218232" elapsed="0.000142"/>
</kw>
<arg>${json_data["results"][0]["location"]["coordinates"]["latitude"]} &gt;= -90 and ${json_data["results"][0]["location"]["coordinates"]["latitude"]} &lt;= 90</arg>
<arg>Should Be True</arg>
<arg>${True}</arg>
<doc>Runs the given keyword with the given arguments, if ``condition`` is true.</doc>
<status status="PASS" start="2024-05-12T22:12:21.217466" elapsed="0.001032"/>
</kw>
<kw name="Run Keyword If" owner="BuiltIn">
<kw name="Should Be True" owner="BuiltIn">
<arg>${True}</arg>
<doc>Fails if the given condition is not true.</doc>
<status status="PASS" start="2024-05-12T22:12:21.219371" elapsed="0.000253"/>
</kw>
<arg>${json_data["results"][0]["location"]["coordinates"]["longitude"]} &gt;= -180 and ${json_data["results"][0]["location"]["coordinates"]["longitude"]} &lt;= 180</arg>
<arg>Should Be True</arg>
<arg>${True}</arg>
<doc>Runs the given keyword with the given arguments, if ``condition`` is true.</doc>
<status status="PASS" start="2024-05-12T22:12:21.218679" elapsed="0.001070"/>
</kw>
<status status="PASS" start="2024-05-12T22:12:21.113291" elapsed="0.106588"/>
</kw>
<doc>Testa o conteúdo específico dos campos retornados pela API.</doc>
<tag>testeConteudo</tag>
<status status="PASS" start="2024-05-12T22:12:21.112725" elapsed="0.107302"/>
</test>
<status status="PASS" start="2024-05-12T22:12:20.440432" elapsed="0.781641"/>
</suite>
<status status="PASS" start="2024-05-12T22:12:20.425994" elapsed="0.801235"/>
</suite>
<statistics>
<total>
<stat pass="5" fail="0" skip="0">All Tests</stat>
</total>
<tag>
<stat pass="1" fail="0" skip="0">testeConteudo</stat>
<stat pass="1" fail="0" skip="0">testeEstruturaResposta</stat>
<stat pass="1" fail="0" skip="0">testeRequisicaoBasica</stat>
<stat pass="1" fail="0" skip="0">testeTiposDados</stat>
</tag>
<suite>
<stat pass="5" fail="0" skip="0" id="s1" name="Tests">Tests</stat>
<stat pass="5" fail="0" skip="0" id="s1-s1" name="Random-User-Test">Tests.Random-User-Test</stat>
</suite>
</statistics>
<errors>
</errors>
</robot>
