<?xml version="1.0" encoding="UTF-8"?>
<robot generator="Robot 7.0 (Python 3.12.3 on linux)" generated="2024-05-17T19:11:58.402157" rpa="false" schemaversion="5">
<suite id="s1" name="Tests" source="/home/runner/work/DesafioQAItauRogerioJordao/DesafioQAItauRogerioJordao/RamdonUser/tests">
<suite id="s1-s1" name="Random-User-Test" source="/home/runner/work/DesafioQAItauRogerioJordao/DesafioQAItauRogerioJordao/RamdonUser/tests/random-user-test.robot">
<test id="s1-s1-t1" name="Conectar" line="13">
<kw name="Conectar API" owner="random-user-service">
<kw name="Create Session" owner="RequestsLibrary">
<msg time="2024-05-17T19:11:58.754628" level="INFO">Creating Session using : alias=consultarAPI, url=https://randomuser.me/, headers={},                     cookies={}, auth=None, timeout=None, proxies=None, verify=False,                     debug=0 </msg>
<arg>consultarAPI</arg>
<arg>${URL}</arg>
<doc>Create Session: create a HTTP session to a server</doc>
<status status="PASS" start="2024-05-17T19:11:58.754431" elapsed="0.000366"/>
</kw>
<status status="PASS" start="2024-05-17T19:11:58.753459" elapsed="0.001681"/>
</kw>
<status status="PASS" start="2024-05-17T19:11:58.752959" elapsed="0.002376"/>
</test>
<test id="s1-s1-t2" name="Validar retorno 200 e JSON Válido" line="16">
<kw name="Teste de Requisicao Basica" owner="random-user-service">
<kw name="GET On Session" owner="RequestsLibrary">
<msg time="2024-05-17T19:11:58.868395" level="INFO">GET Request : url=https://randomuser.me/api 
 path_url=/api 
 headers={'User-Agent': 'python-requests/2.31.0', 'Accept-Encoding': 'gzip, deflate', 'Accept': '*/*', 'Connection': 'keep-alive'} 
 body=None 
 </msg>
<msg time="2024-05-17T19:11:58.868496" level="INFO">GET Response : url=https://randomuser.me/api 
 status=200, reason=OK 
 headers={'Date': 'Fri, 17 May 2024 19:11:58 GMT', 'Content-Type': 'application/json; charset=utf-8', 'Transfer-Encoding': 'chunked', 'Connection': 'keep-alive', 'X-Powered-By': 'Express', 'Access-Control-Allow-Origin': '*', 'Cache-Control': 'no-cache', 'ETag': 'W/"499-SzkB93JguXYId1xjSrDM9ZBmVHI"', 'Vary': 'Accept-Encoding', 'Content-Encoding': 'gzip', 'CF-Cache-Status': 'DYNAMIC', 'Report-To': '{"endpoints":[{"url":"https:\\/\\/a.nel.cloudflare.com\\/report\\/v4?s=bcRq6Z%2BEmMgk1K1Gf%2FAJ9S8SaX6h5lfYLxbUsDg7%2B%2Fwvt8JTro0%2BvpJNcPfOXTuFo65jEJ8cSdB9wAiCaR93VjQQeax6uS9UqExRCTY9ajx6Fu%2BuZghSf4qOyUiVltmw"}],"group":"cf-nel","max_age":604800}', 'NEL': '{"success_fraction":0,"report_to":"cf-nel","max_age":604800}', 'Server': 'cloudflare', 'CF-RAY': '8855ea985feccfb0-SJC', 'alt-svc': 'h3=":443"; ma=86400'} 
 body={"results":[{"gender":"female","name":{"title":"Mademoiselle","first":"Roberta","last":"Guillaume"},"location":{"street":{"number":6531,"name":"Rue Gasparin"},"city":"Syens","state":"Basel-Landschaft","country":"Switzerland","postcode":2872,"coordinates":{"latitude":"-63.7041","longitude":"165.4601"},"timezone":{"offset":"-10:00","description":"Hawaii"}},"email":"roberta.guillaume@example.com","login":{"uuid":"d6a1aed2-d532-4c7e-8921-6e9c533b7ba5","username":"biggorilla906","password":"brownie","salt":"wmjWD3pK","md5":"fbe6c5494682eda2861a1e6fb67bb079","sha1":"f559d177490ee1c7834aaa4dee7251a9eb7dc391","sha256":"a02cc14425d2e5510403b377fee55c6fa651c20dbd3cc584e7f34573c225978c"},"dob":{"date":"1978-09-23T13:00:15.428Z","age":45},"registered":{"date":"2018-04-04T16:21:12.182Z","age":6},"phone":"078 466 31 36","cell":"079 152 62 32","id":{"name":"AVS","value":"756.8174.7152.72"},"picture":{"large":"https://randomuser.me/api/portraits/women/33.jpg","medium":"https://randomuser.me/api/portraits/med/women/33.jpg","thumbnail":"https://randomuser.me/api/portraits/thumb/women/33.jpg"},"nat":"CH"}],"info":{"seed":"c83bafce7328ad73","results":1,"page":1,"version":"1.4"}} 
 </msg>
<msg time="2024-05-17T19:11:58.868563" level="INFO">/opt/hostedtoolcache/Python/3.12.3/x64/lib/python3.12/site-packages/urllib3/connectionpool.py:1103: InsecureRequestWarning: Unverified HTTPS request is being made to host 'randomuser.me'. Adding certificate verification is strongly advised. See: https://urllib3.readthedocs.io/en/latest/advanced-usage.html#tls-warnings
  warnings.warn(</msg>
<msg time="2024-05-17T19:11:58.868691" level="INFO">${response} = &lt;Response [200]&gt;</msg>
<var>${response}</var>
<arg>consultarAPI</arg>
<arg>/api</arg>
<doc>Sends a GET request on a previously created HTTP Session.</doc>
<status status="PASS" start="2024-05-17T19:11:58.758068" elapsed="0.110668"/>
</kw>
<kw name="Should Be Equal As Numbers" owner="BuiltIn">
<msg time="2024-05-17T19:11:58.869526" level="INFO">Argument types are:
&lt;class 'int'&gt;
&lt;class 'str'&gt;</msg>
<arg>${response.status_code}</arg>
<arg>200</arg>
<doc>Fails if objects are unequal after converting them to real numbers.</doc>
<status status="PASS" start="2024-05-17T19:11:58.869125" elapsed="0.000464"/>
</kw>
<kw name="Log" owner="BuiltIn">
<msg time="2024-05-17T19:11:58.870335" level="INFO">200</msg>
<arg>${response.status_code}</arg>
<doc>Logs the given message with the given level.</doc>
<status status="PASS" start="2024-05-17T19:11:58.869972" elapsed="0.000405"/>
</kw>
<kw name="Set Variable" owner="BuiltIn">
<msg time="2024-05-17T19:11:58.871128" level="INFO">${json_data} = {'results': [{'gender': 'female', 'name': {'title': 'Mademoiselle', 'first': 'Roberta', 'last': 'Guillaume'}, 'location': {'street': {'number': 6531, 'name': 'Rue Gasparin'}, 'city': 'Syens', 'state':...</msg>
<var>${json_data}</var>
<arg>${response.json()}</arg>
<doc>Returns the given values which can then be assigned to a variables.</doc>
<status status="PASS" start="2024-05-17T19:11:58.870685" elapsed="0.000471"/>
</kw>
<kw name="Dictionary Should Contain Key" owner="Collections">
<msg time="2024-05-17T19:11:58.871625" level="INFO">False</msg>
<arg>${json_data}</arg>
<arg>results</arg>
<doc>Fails if ``key`` is not found from ``dictionary``.</doc>
<status status="PASS" start="2024-05-17T19:11:58.871458" elapsed="0.000206"/>
</kw>
<status status="PASS" start="2024-05-17T19:11:58.757819" elapsed="0.114096"/>
</kw>
<doc>Testa se a API responde corretamente e retorna um objeto JSON válido.</doc>
<tag>testeRequisicaoBasica</tag>
<status status="PASS" start="2024-05-17T19:11:58.757242" elapsed="0.114844"/>
</test>
<test id="s1-s1-t3" name="Validar estrutura de resposta" line="22">
<kw name="Teste de Estrutura de Resposta" owner="random-user-service">
<kw name="GET On Session" owner="RequestsLibrary">
<msg time="2024-05-17T19:11:58.963297" level="INFO">GET Request : url=https://randomuser.me/api 
 path_url=/api 
 headers={'User-Agent': 'python-requests/2.31.0', 'Accept-Encoding': 'gzip, deflate', 'Accept': '*/*', 'Connection': 'keep-alive'} 
 body=None 
 </msg>
<msg time="2024-05-17T19:11:58.963362" level="INFO">GET Response : url=https://randomuser.me/api 
 status=200, reason=OK 
 headers={'Date': 'Fri, 17 May 2024 19:11:58 GMT', 'Content-Type': 'application/json; charset=utf-8', 'Transfer-Encoding': 'chunked', 'Connection': 'keep-alive', 'X-Powered-By': 'Express', 'Access-Control-Allow-Origin': '*', 'Cache-Control': 'no-cache', 'ETag': 'W/"494-atCwEewIxDrQdU4S/mQXCuBJ6o8"', 'Vary': 'Accept-Encoding', 'Content-Encoding': 'gzip', 'CF-Cache-Status': 'DYNAMIC', 'Report-To': '{"endpoints":[{"url":"https:\\/\\/a.nel.cloudflare.com\\/report\\/v4?s=jxlOJDhSaYb%2FJx3%2B0TzdsOJqWjayYhXk5ODV1QLvoUg25A7E7Cmp8c37IT4X9b4VWFAf1NRYYKuC%2Bo7TE8TjDrf7Es8MY6BzRVGbiSGKVuN9%2BbYKCntBtdBo6niGKKsY"}],"group":"cf-nel","max_age":604800}', 'NEL': '{"success_fraction":0,"report_to":"cf-nel","max_age":604800}', 'Server': 'cloudflare', 'CF-RAY': '8855ea98f85bcfb0-SJC', 'alt-svc': 'h3=":443"; ma=86400'} 
 body={"results":[{"gender":"male","name":{"title":"Mr","first":"Vicente","last":"Núñez"},"location":{"street":{"number":9646,"name":"Calle de Toledo"},"city":"Guadalajara","state":"Cataluña","country":"Spain","postcode":37296,"coordinates":{"latitude":"-30.8249","longitude":"-134.6426"},"timezone":{"offset":"+10:00","description":"Eastern Australia, Guam, Vladivostok"}},"email":"vicente.nunez@example.com","login":{"uuid":"faffa564-2c02-4bda-b92f-188cef251f2c","username":"blackzebra184","password":"mclaren","salt":"iXakS1N8","md5":"925ae48565ab5a4c1eccd07ac347fa68","sha1":"8905580879e97954b6db8bafca5cc5287c3da0db","sha256":"c042a1673fbbc008596c149803eb81c7e71c7af30a2d15422e8fb2771a5fc5fb"},"dob":{"date":"1976-06-30T13:51:56.126Z","age":47},"registered":{"date":"2012-06-05T02:59:33.723Z","age":11},"phone":"999-131-917","cell":"647-560-763","id":{"name":"DNI","value":"63415377-E"},"picture":{"large":"https://randomuser.me/api/portraits/men/76.jpg","medium":"https://randomuser.me/api/portraits/med/men/76.jpg","thumbnail":"https://randomuser.me/api/portraits/thumb/men/76.jpg"},"nat":"ES"}],"info":{"seed":"7e6ed879a1c8f245","results":1,"page":1,"version":"1.4"}} 
 </msg>
<msg time="2024-05-17T19:11:58.963457" level="INFO">/opt/hostedtoolcache/Python/3.12.3/x64/lib/python3.12/site-packages/urllib3/connectionpool.py:1103: InsecureRequestWarning: Unverified HTTPS request is being made to host 'randomuser.me'. Adding certificate verification is strongly advised. See: https://urllib3.readthedocs.io/en/latest/advanced-usage.html#tls-warnings
  warnings.warn(</msg>
<msg time="2024-05-17T19:11:58.963568" level="INFO">${response} = &lt;Response [200]&gt;</msg>
<var>${response}</var>
<arg>consultarAPI</arg>
<arg>/api</arg>
<doc>Sends a GET request on a previously created HTTP Session.</doc>
<status status="PASS" start="2024-05-17T19:11:58.874633" elapsed="0.088974"/>
</kw>
<kw name="Set Variable" owner="BuiltIn">
<msg time="2024-05-17T19:11:58.964437" level="INFO">${json_data} = {'results': [{'gender': 'male', 'name': {'title': 'Mr', 'first': 'Vicente', 'last': 'Núñez'}, 'location': {'street': {'number': 9646, 'name': 'Calle de Toledo'}, 'city': 'Guadalajara', 'state': 'Catal...</msg>
<var>${json_data}</var>
<arg>${response.json()}</arg>
<doc>Returns the given values which can then be assigned to a variables.</doc>
<status status="PASS" start="2024-05-17T19:11:58.963974" elapsed="0.000493"/>
</kw>
<kw name="Log" owner="BuiltIn">
<msg time="2024-05-17T19:11:58.964948" level="INFO">{'results': [{'gender': 'male', 'name': {'title': 'Mr', 'first': 'Vicente', 'last': 'Núñez'}, 'location': {'street': {'number': 9646, 'name': 'Calle de Toledo'}, 'city': 'Guadalajara', 'state': 'Cataluña', 'country': 'Spain', 'postcode': 37296, 'coordinates': {'latitude': '-30.8249', 'longitude': '-134.6426'}, 'timezone': {'offset': '+10:00', 'description': 'Eastern Australia, Guam, Vladivostok'}}, 'email': 'vicente.nunez@example.com', 'login': {'uuid': 'faffa564-2c02-4bda-b92f-188cef251f2c', 'username': 'blackzebra184', 'password': 'mclaren', 'salt': 'iXakS1N8', 'md5': '925ae48565ab5a4c1eccd07ac347fa68', 'sha1': '8905580879e97954b6db8bafca5cc5287c3da0db', 'sha256': 'c042a1673fbbc008596c149803eb81c7e71c7af30a2d15422e8fb2771a5fc5fb'}, 'dob': {'date': '1976-06-30T13:51:56.126Z', 'age': 47}, 'registered': {'date': '2012-06-05T02:59:33.723Z', 'age': 11}, 'phone': '999-131-917', 'cell': '647-560-763', 'id': {'name': 'DNI', 'value': '63415377-E'}, 'picture': {'large': 'https://randomuser.me/api/portraits/men/76.jpg', 'medium': 'https://randomuser.me/api/portraits/med/men/76.jpg', 'thumbnail': 'https://randomuser.me/api/portraits/thumb/men/76.jpg'}, 'nat': 'ES'}], 'info': {'seed': '7e6ed879a1c8f245', 'results': 1, 'page': 1, 'version': '1.4'}}</msg>
<arg>${json_data}</arg>
<doc>Logs the given message with the given level.</doc>
<status status="PASS" start="2024-05-17T19:11:58.964778" elapsed="0.000222"/>
</kw>
<kw name="Dictionary Should Contain Key" owner="Collections">
<msg time="2024-05-17T19:11:58.965459" level="INFO">False</msg>
<arg>${json_data}</arg>
<arg>results</arg>
<doc>Fails if ``key`` is not found from ``dictionary``.</doc>
<status status="PASS" start="2024-05-17T19:11:58.965305" elapsed="0.000192"/>
</kw>
<kw name="Should Not Be Empty" owner="BuiltIn">
<msg time="2024-05-17T19:11:58.965974" level="INFO">Length is 2.</msg>
<arg>${json_data}</arg>
<doc>Verifies that the given item is not empty.</doc>
<status status="PASS" start="2024-05-17T19:11:58.965834" elapsed="0.000180"/>
</kw>
<kw name="Create List" owner="BuiltIn">
<msg time="2024-05-17T19:11:58.966577" level="INFO">${expected_keys} = ['gender', 'name', 'location', 'email', 'login']</msg>
<var>${expected_keys}</var>
<arg>gender</arg>
<arg>name</arg>
<arg>location</arg>
<arg>email</arg>
<arg>login</arg>
<doc>Returns a list containing given items.</doc>
<status status="PASS" start="2024-05-17T19:11:58.966306" elapsed="0.000301"/>
</kw>
<for flavor="IN">
<iter>
<kw name="Dictionary Should Contain Key" owner="Collections">
<msg time="2024-05-17T19:11:58.967582" level="INFO">False</msg>
<arg>${json_data['results'][0]}</arg>
<arg>${key}</arg>
<doc>Fails if ``key`` is not found from ``dictionary``.</doc>
<status status="PASS" start="2024-05-17T19:11:58.967182" elapsed="0.000438"/>
</kw>
<kw name="Log" owner="BuiltIn">
<msg time="2024-05-17T19:11:58.968288" level="INFO">{'gender': 'male', 'name': {'title': 'Mr', 'first': 'Vicente', 'last': 'Núñez'}, 'location': {'street': {'number': 9646, 'name': 'Calle de Toledo'}, 'city': 'Guadalajara', 'state': 'Cataluña', 'country': 'Spain', 'postcode': 37296, 'coordinates': {'latitude': '-30.8249', 'longitude': '-134.6426'}, 'timezone': {'offset': '+10:00', 'description': 'Eastern Australia, Guam, Vladivostok'}}, 'email': 'vicente.nunez@example.com', 'login': {'uuid': 'faffa564-2c02-4bda-b92f-188cef251f2c', 'username': 'blackzebra184', 'password': 'mclaren', 'salt': 'iXakS1N8', 'md5': '925ae48565ab5a4c1eccd07ac347fa68', 'sha1': '8905580879e97954b6db8bafca5cc5287c3da0db', 'sha256': 'c042a1673fbbc008596c149803eb81c7e71c7af30a2d15422e8fb2771a5fc5fb'}, 'dob': {'date': '1976-06-30T13:51:56.126Z', 'age': 47}, 'registered': {'date': '2012-06-05T02:59:33.723Z', 'age': 11}, 'phone': '999-131-917', 'cell': '647-560-763', 'id': {'name': 'DNI', 'value': '63415377-E'}, 'picture': {'large': 'https://randomuser.me/api/portraits/men/76.jpg', 'medium': 'https://randomuser.me/api/portraits/med/men/76.jpg', 'thumbnail': 'https://randomuser.me/api/portraits/thumb/men/76.jpg'}, 'nat': 'ES'}</msg>
<arg>${json_data['results'][0]}</arg>
<doc>Logs the given message with the given level.</doc>
<status status="PASS" start="2024-05-17T19:11:58.967918" elapsed="0.000422"/>
</kw>
<kw name="Log" owner="BuiltIn">
<msg time="2024-05-17T19:11:58.968768" level="INFO">gender</msg>
<arg>${key}</arg>
<doc>Logs the given message with the given level.</doc>
<status status="PASS" start="2024-05-17T19:11:58.968640" elapsed="0.000165"/>
</kw>
<var name="${key}">gender</var>
<status status="PASS" start="2024-05-17T19:11:58.967056" elapsed="0.001965"/>
</iter>
<iter>
<kw name="Dictionary Should Contain Key" owner="Collections">
<msg time="2024-05-17T19:11:58.969755" level="INFO">False</msg>
<arg>${json_data['results'][0]}</arg>
<arg>${key}</arg>
<doc>Fails if ``key`` is not found from ``dictionary``.</doc>
<status status="PASS" start="2024-05-17T19:11:58.969330" elapsed="0.000463"/>
</kw>
<kw name="Log" owner="BuiltIn">
<msg time="2024-05-17T19:11:58.970488" level="INFO">{'gender': 'male', 'name': {'title': 'Mr', 'first': 'Vicente', 'last': 'Núñez'}, 'location': {'street': {'number': 9646, 'name': 'Calle de Toledo'}, 'city': 'Guadalajara', 'state': 'Cataluña', 'country': 'Spain', 'postcode': 37296, 'coordinates': {'latitude': '-30.8249', 'longitude': '-134.6426'}, 'timezone': {'offset': '+10:00', 'description': 'Eastern Australia, Guam, Vladivostok'}}, 'email': 'vicente.nunez@example.com', 'login': {'uuid': 'faffa564-2c02-4bda-b92f-188cef251f2c', 'username': 'blackzebra184', 'password': 'mclaren', 'salt': 'iXakS1N8', 'md5': '925ae48565ab5a4c1eccd07ac347fa68', 'sha1': '8905580879e97954b6db8bafca5cc5287c3da0db', 'sha256': 'c042a1673fbbc008596c149803eb81c7e71c7af30a2d15422e8fb2771a5fc5fb'}, 'dob': {'date': '1976-06-30T13:51:56.126Z', 'age': 47}, 'registered': {'date': '2012-06-05T02:59:33.723Z', 'age': 11}, 'phone': '999-131-917', 'cell': '647-560-763', 'id': {'name': 'DNI', 'value': '63415377-E'}, 'picture': {'large': 'https://randomuser.me/api/portraits/men/76.jpg', 'medium': 'https://randomuser.me/api/portraits/med/men/76.jpg', 'thumbnail': 'https://randomuser.me/api/portraits/thumb/men/76.jpg'}, 'nat': 'ES'}</msg>
<arg>${json_data['results'][0]}</arg>
<doc>Logs the given message with the given level.</doc>
<status status="PASS" start="2024-05-17T19:11:58.970121" elapsed="0.000418"/>
</kw>
<kw name="Log" owner="BuiltIn">
<msg time="2024-05-17T19:11:58.970963" level="INFO">name</msg>
<arg>${key}</arg>
<doc>Logs the given message with the given level.</doc>
<status status="PASS" start="2024-05-17T19:11:58.970837" elapsed="0.000163"/>
</kw>
<var name="${key}">name</var>
<status status="PASS" start="2024-05-17T19:11:58.969207" elapsed="0.002007"/>
</iter>
<iter>
<kw name="Dictionary Should Contain Key" owner="Collections">
<msg time="2024-05-17T19:11:58.971888" level="INFO">False</msg>
<arg>${json_data['results'][0]}</arg>
<arg>${key}</arg>
<doc>Fails if ``key`` is not found from ``dictionary``.</doc>
<status status="PASS" start="2024-05-17T19:11:58.971502" elapsed="0.000423"/>
</kw>
<kw name="Log" owner="BuiltIn">
<msg time="2024-05-17T19:11:58.972587" level="INFO">{'gender': 'male', 'name': {'title': 'Mr', 'first': 'Vicente', 'last': 'Núñez'}, 'location': {'street': {'number': 9646, 'name': 'Calle de Toledo'}, 'city': 'Guadalajara', 'state': 'Cataluña', 'country': 'Spain', 'postcode': 37296, 'coordinates': {'latitude': '-30.8249', 'longitude': '-134.6426'}, 'timezone': {'offset': '+10:00', 'description': 'Eastern Australia, Guam, Vladivostok'}}, 'email': 'vicente.nunez@example.com', 'login': {'uuid': 'faffa564-2c02-4bda-b92f-188cef251f2c', 'username': 'blackzebra184', 'password': 'mclaren', 'salt': 'iXakS1N8', 'md5': '925ae48565ab5a4c1eccd07ac347fa68', 'sha1': '8905580879e97954b6db8bafca5cc5287c3da0db', 'sha256': 'c042a1673fbbc008596c149803eb81c7e71c7af30a2d15422e8fb2771a5fc5fb'}, 'dob': {'date': '1976-06-30T13:51:56.126Z', 'age': 47}, 'registered': {'date': '2012-06-05T02:59:33.723Z', 'age': 11}, 'phone': '999-131-917', 'cell': '647-560-763', 'id': {'name': 'DNI', 'value': '63415377-E'}, 'picture': {'large': 'https://randomuser.me/api/portraits/men/76.jpg', 'medium': 'https://randomuser.me/api/portraits/med/men/76.jpg', 'thumbnail': 'https://randomuser.me/api/portraits/thumb/men/76.jpg'}, 'nat': 'ES'}</msg>
<arg>${json_data['results'][0]}</arg>
<doc>Logs the given message with the given level.</doc>
<status status="PASS" start="2024-05-17T19:11:58.972227" elapsed="0.000410"/>
</kw>
<kw name="Log" owner="BuiltIn">
<msg time="2024-05-17T19:11:58.973063" level="INFO">location</msg>
<arg>${key}</arg>
<doc>Logs the given message with the given level.</doc>
<status status="PASS" start="2024-05-17T19:11:58.972935" elapsed="0.000165"/>
</kw>
<var name="${key}">location</var>
<status status="PASS" start="2024-05-17T19:11:58.971390" elapsed="0.001924"/>
</iter>
<iter>
<kw name="Dictionary Should Contain Key" owner="Collections">
<msg time="2024-05-17T19:11:58.974022" level="INFO">False</msg>
<arg>${json_data['results'][0]}</arg>
<arg>${key}</arg>
<doc>Fails if ``key`` is not found from ``dictionary``.</doc>
<status status="PASS" start="2024-05-17T19:11:58.973594" elapsed="0.000465"/>
</kw>
<kw name="Log" owner="BuiltIn">
<msg time="2024-05-17T19:11:58.974728" level="INFO">{'gender': 'male', 'name': {'title': 'Mr', 'first': 'Vicente', 'last': 'Núñez'}, 'location': {'street': {'number': 9646, 'name': 'Calle de Toledo'}, 'city': 'Guadalajara', 'state': 'Cataluña', 'country': 'Spain', 'postcode': 37296, 'coordinates': {'latitude': '-30.8249', 'longitude': '-134.6426'}, 'timezone': {'offset': '+10:00', 'description': 'Eastern Australia, Guam, Vladivostok'}}, 'email': 'vicente.nunez@example.com', 'login': {'uuid': 'faffa564-2c02-4bda-b92f-188cef251f2c', 'username': 'blackzebra184', 'password': 'mclaren', 'salt': 'iXakS1N8', 'md5': '925ae48565ab5a4c1eccd07ac347fa68', 'sha1': '8905580879e97954b6db8bafca5cc5287c3da0db', 'sha256': 'c042a1673fbbc008596c149803eb81c7e71c7af30a2d15422e8fb2771a5fc5fb'}, 'dob': {'date': '1976-06-30T13:51:56.126Z', 'age': 47}, 'registered': {'date': '2012-06-05T02:59:33.723Z', 'age': 11}, 'phone': '999-131-917', 'cell': '647-560-763', 'id': {'name': 'DNI', 'value': '63415377-E'}, 'picture': {'large': 'https://randomuser.me/api/portraits/men/76.jpg', 'medium': 'https://randomuser.me/api/portraits/med/men/76.jpg', 'thumbnail': 'https://randomuser.me/api/portraits/thumb/men/76.jpg'}, 'nat': 'ES'}</msg>
<arg>${json_data['results'][0]}</arg>
<doc>Logs the given message with the given level.</doc>
<status status="PASS" start="2024-05-17T19:11:58.974364" elapsed="0.000422"/>
</kw>
<kw name="Log" owner="BuiltIn">
<msg time="2024-05-17T19:11:58.975213" level="INFO">email</msg>
<arg>${key}</arg>
<doc>Logs the given message with the given level.</doc>
<status status="PASS" start="2024-05-17T19:11:58.975086" elapsed="0.000164"/>
</kw>
<var name="${key}">email</var>
<status status="PASS" start="2024-05-17T19:11:58.973483" elapsed="0.001986"/>
</iter>
<iter>
<kw name="Dictionary Should Contain Key" owner="Collections">
<msg time="2024-05-17T19:11:58.976132" level="INFO">False</msg>
<arg>${json_data['results'][0]}</arg>
<arg>${key}</arg>
<doc>Fails if ``key`` is not found from ``dictionary``.</doc>
<status status="PASS" start="2024-05-17T19:11:58.975752" elapsed="0.000418"/>
</kw>
<kw name="Log" owner="BuiltIn">
<msg time="2024-05-17T19:11:58.976838" level="INFO">{'gender': 'male', 'name': {'title': 'Mr', 'first': 'Vicente', 'last': 'Núñez'}, 'location': {'street': {'number': 9646, 'name': 'Calle de Toledo'}, 'city': 'Guadalajara', 'state': 'Cataluña', 'country': 'Spain', 'postcode': 37296, 'coordinates': {'latitude': '-30.8249', 'longitude': '-134.6426'}, 'timezone': {'offset': '+10:00', 'description': 'Eastern Australia, Guam, Vladivostok'}}, 'email': 'vicente.nunez@example.com', 'login': {'uuid': 'faffa564-2c02-4bda-b92f-188cef251f2c', 'username': 'blackzebra184', 'password': 'mclaren', 'salt': 'iXakS1N8', 'md5': '925ae48565ab5a4c1eccd07ac347fa68', 'sha1': '8905580879e97954b6db8bafca5cc5287c3da0db', 'sha256': 'c042a1673fbbc008596c149803eb81c7e71c7af30a2d15422e8fb2771a5fc5fb'}, 'dob': {'date': '1976-06-30T13:51:56.126Z', 'age': 47}, 'registered': {'date': '2012-06-05T02:59:33.723Z', 'age': 11}, 'phone': '999-131-917', 'cell': '647-560-763', 'id': {'name': 'DNI', 'value': '63415377-E'}, 'picture': {'large': 'https://randomuser.me/api/portraits/men/76.jpg', 'medium': 'https://randomuser.me/api/portraits/med/men/76.jpg', 'thumbnail': 'https://randomuser.me/api/portraits/thumb/men/76.jpg'}, 'nat': 'ES'}</msg>
<arg>${json_data['results'][0]}</arg>
<doc>Logs the given message with the given level.</doc>
<status status="PASS" start="2024-05-17T19:11:58.976465" elapsed="0.000432"/>
</kw>
<kw name="Log" owner="BuiltIn">
<msg time="2024-05-17T19:11:58.977324" level="INFO">login</msg>
<arg>${key}</arg>
<doc>Logs the given message with the given level.</doc>
<status status="PASS" start="2024-05-17T19:11:58.977197" elapsed="0.000164"/>
</kw>
<var name="${key}">login</var>
<status status="PASS" start="2024-05-17T19:11:58.975642" elapsed="0.001957"/>
</iter>
<var>${key}</var>
<value>@{expected_keys}</value>
<status status="PASS" start="2024-05-17T19:11:58.966873" elapsed="0.010877"/>
</for>
<kw name="Create List" owner="BuiltIn">
<msg time="2024-05-17T19:11:58.978078" level="INFO">${expected_keysTwo} = ['username', 'password']</msg>
<var>${expected_keysTwo}</var>
<arg>username</arg>
<arg>password</arg>
<doc>Returns a list containing given items.</doc>
<status status="PASS" start="2024-05-17T19:11:58.977942" elapsed="0.000159"/>
</kw>
<for flavor="IN">
<iter>
<kw name="Dictionary Should Contain Key" owner="Collections">
<msg time="2024-05-17T19:11:58.978985" level="INFO">False</msg>
<arg>${json_data['results'][0]['login']}</arg>
<arg>${keyTwo}</arg>
<doc>Fails if ``key`` is not found from ``dictionary``.</doc>
<status status="PASS" start="2024-05-17T19:11:58.978596" elapsed="0.000426"/>
</kw>
<kw name="Dictionary Should Contain Key" owner="Collections">
<msg time="2024-05-17T19:11:58.979696" level="INFO">False</msg>
<arg>${json_data['results'][0]['login']}</arg>
<arg>${keyTwo}</arg>
<doc>Fails if ``key`` is not found from ``dictionary``.</doc>
<status status="PASS" start="2024-05-17T19:11:58.979318" elapsed="0.000415"/>
</kw>
<kw name="Log" owner="BuiltIn">
<msg time="2024-05-17T19:11:58.980149" level="INFO">username</msg>
<arg>${keyTwo}</arg>
<doc>Logs the given message with the given level.</doc>
<status status="PASS" start="2024-05-17T19:11:58.980023" elapsed="0.000168"/>
</kw>
<var name="${keyTwo}">username</var>
<status status="PASS" start="2024-05-17T19:11:58.978486" elapsed="0.001919"/>
</iter>
<iter>
<kw name="Dictionary Should Contain Key" owner="Collections">
<msg time="2024-05-17T19:11:58.981060" level="INFO">False</msg>
<arg>${json_data['results'][0]['login']}</arg>
<arg>${keyTwo}</arg>
<doc>Fails if ``key`` is not found from ``dictionary``.</doc>
<status status="PASS" start="2024-05-17T19:11:58.980683" elapsed="0.000414"/>
</kw>
<kw name="Dictionary Should Contain Key" owner="Collections">
<msg time="2024-05-17T19:11:58.981897" level="INFO">False</msg>
<arg>${json_data['results'][0]['login']}</arg>
<arg>${keyTwo}</arg>
<doc>Fails if ``key`` is not found from ``dictionary``.</doc>
<status status="PASS" start="2024-05-17T19:11:58.981386" elapsed="0.000550"/>
</kw>
<kw name="Log" owner="BuiltIn">
<msg time="2024-05-17T19:11:58.982363" level="INFO">password</msg>
<arg>${keyTwo}</arg>
<doc>Logs the given message with the given level.</doc>
<status status="PASS" start="2024-05-17T19:11:58.982235" elapsed="0.000166"/>
</kw>
<var name="${keyTwo}">password</var>
<status status="PASS" start="2024-05-17T19:11:58.980574" elapsed="0.002047"/>
</iter>
<var>${keyTwo}</var>
<value>@{expected_keysTwo}</value>
<status status="PASS" start="2024-05-17T19:11:58.978337" elapsed="0.004404"/>
</for>
<status status="PASS" start="2024-05-17T19:11:58.874400" elapsed="0.108477"/>
</kw>
<doc>Testa a estrutura da resposta da API.</doc>
<tag>testeEstruturaResposta</tag>
<status status="PASS" start="2024-05-17T19:11:58.873926" elapsed="0.109097"/>
</test>
<test id="s1-s1-t4" name="Validar tipos de dados" line="28">
<kw name="Teste de Tipos de Dados" owner="random-user-service">
<kw name="GET On Session" owner="RequestsLibrary">
<msg time="2024-05-17T19:11:59.069846" level="INFO">GET Request : url=https://randomuser.me/api 
 path_url=/api 
 headers={'User-Agent': 'python-requests/2.31.0', 'Accept-Encoding': 'gzip, deflate', 'Accept': '*/*', 'Connection': 'keep-alive'} 
 body=None 
 </msg>
<msg time="2024-05-17T19:11:59.069922" level="INFO">GET Response : url=https://randomuser.me/api 
 status=200, reason=OK 
 headers={'Date': 'Fri, 17 May 2024 19:11:59 GMT', 'Content-Type': 'application/json; charset=utf-8', 'Transfer-Encoding': 'chunked', 'Connection': 'keep-alive', 'X-Powered-By': 'Express', 'Access-Control-Allow-Origin': '*', 'Cache-Control': 'no-cache', 'ETag': 'W/"492-z28+gG8lphKtRK7WGK8WCdSIDpE"', 'Vary': 'Accept-Encoding', 'Content-Encoding': 'gzip', 'CF-Cache-Status': 'DYNAMIC', 'Report-To': '{"endpoints":[{"url":"https:\\/\\/a.nel.cloudflare.com\\/report\\/v4?s=Lpom4y1F6QGrmKoUKDdv68IBvycMKS1ZwkJb503pZtYZfH3O%2BcMf4qRqmNe2DBJ2kUm3PshR%2Btk%2BYZvc84e3YM89Ieuz3DS38EWJyOW6f6%2F25UrE7W%2FJq9EIrWWub8fT"}],"group":"cf-nel","max_age":604800}', 'NEL': '{"success_fraction":0,"report_to":"cf-nel","max_age":604800}', 'Server': 'cloudflare', 'CF-RAY': '8855ea99a8fdcfb0-SJC', 'alt-svc': 'h3=":443"; ma=86400'} 
 body={"results":[{"gender":"male","name":{"title":"Mr","first":"Samuel","last":"Román"},"location":{"street":{"number":499,"name":"Calle del Barquillo"},"city":"Oviedo","state":"La Rioja","country":"Spain","postcode":81835,"coordinates":{"latitude":"-33.7554","longitude":"-73.4013"},"timezone":{"offset":"+10:00","description":"Eastern Australia, Guam, Vladivostok"}},"email":"samuel.roman@example.com","login":{"uuid":"ecf0cabc-2830-4833-bf1d-9c5ffd9af2b7","username":"beautifulsnake630","password":"zanzibar","salt":"iGldGmpn","md5":"e31e1918aff400124d6b6c18de07b1e0","sha1":"89925df9e720d3ef0defec9bf56cd724ded66c82","sha256":"957d25cfe901e652f9316c1dc4b27903460130fdfc5c07a19a27a49f2c3be28c"},"dob":{"date":"1987-12-27T00:36:17.616Z","age":36},"registered":{"date":"2008-10-16T03:59:26.970Z","age":15},"phone":"998-569-164","cell":"628-019-643","id":{"name":"DNI","value":"66389450-Z"},"picture":{"large":"https://randomuser.me/api/portraits/men/97.jpg","medium":"https://randomuser.me/api/portraits/med/men/97.jpg","thumbnail":"https://randomuser.me/api/portraits/thumb/men/97.jpg"},"nat":"ES"}],"info":{"seed":"b2c0a09f0464ace5","results":1,"page":1,"version":"1.4"}} 
 </msg>
<msg time="2024-05-17T19:11:59.069989" level="INFO">/opt/hostedtoolcache/Python/3.12.3/x64/lib/python3.12/site-packages/urllib3/connectionpool.py:1103: InsecureRequestWarning: Unverified HTTPS request is being made to host 'randomuser.me'. Adding certificate verification is strongly advised. See: https://urllib3.readthedocs.io/en/latest/advanced-usage.html#tls-warnings
  warnings.warn(</msg>
<msg time="2024-05-17T19:11:59.070114" level="INFO">${response} = &lt;Response [200]&gt;</msg>
<var>${response}</var>
<arg>consultarAPI</arg>
<arg>/api</arg>
<doc>Sends a GET request on a previously created HTTP Session.</doc>
<status status="PASS" start="2024-05-17T19:11:58.985414" elapsed="0.084752"/>
</kw>
<kw name="Set Variable" owner="BuiltIn">
<msg time="2024-05-17T19:11:59.071112" level="INFO">${json_data} = {'results': [{'gender': 'male', 'name': {'title': 'Mr', 'first': 'Samuel', 'last': 'Román'}, 'location': {'street': {'number': 499, 'name': 'Calle del Barquillo'}, 'city': 'Oviedo', 'state': 'La Rioja...</msg>
<var>${json_data}</var>
<arg>${response.json()}</arg>
<doc>Returns the given values which can then be assigned to a variables.</doc>
<status status="PASS" start="2024-05-17T19:11:59.070580" elapsed="0.000561"/>
</kw>
<kw name="Log" owner="BuiltIn">
<msg time="2024-05-17T19:11:59.071594" level="INFO">{'results': [{'gender': 'male', 'name': {'title': 'Mr', 'first': 'Samuel', 'last': 'Román'}, 'location': {'street': {'number': 499, 'name': 'Calle del Barquillo'}, 'city': 'Oviedo', 'state': 'La Rioja', 'country': 'Spain', 'postcode': 81835, 'coordinates': {'latitude': '-33.7554', 'longitude': '-73.4013'}, 'timezone': {'offset': '+10:00', 'description': 'Eastern Australia, Guam, Vladivostok'}}, 'email': 'samuel.roman@example.com', 'login': {'uuid': 'ecf0cabc-2830-4833-bf1d-9c5ffd9af2b7', 'username': 'beautifulsnake630', 'password': 'zanzibar', 'salt': 'iGldGmpn', 'md5': 'e31e1918aff400124d6b6c18de07b1e0', 'sha1': '89925df9e720d3ef0defec9bf56cd724ded66c82', 'sha256': '957d25cfe901e652f9316c1dc4b27903460130fdfc5c07a19a27a49f2c3be28c'}, 'dob': {'date': '1987-12-27T00:36:17.616Z', 'age': 36}, 'registered': {'date': '2008-10-16T03:59:26.970Z', 'age': 15}, 'phone': '998-569-164', 'cell': '628-019-643', 'id': {'name': 'DNI', 'value': '66389450-Z'}, 'picture': {'large': 'https://randomuser.me/api/portraits/men/97.jpg', 'medium': 'https://randomuser.me/api/portraits/med/men/97.jpg', 'thumbnail': 'https://randomuser.me/api/portraits/thumb/men/97.jpg'}, 'nat': 'ES'}], 'info': {'seed': 'b2c0a09f0464ace5', 'results': 1, 'page': 1, 'version': '1.4'}}</msg>
<arg>${json_data}</arg>
<doc>Logs the given message with the given level.</doc>
<status status="PASS" start="2024-05-17T19:11:59.071442" elapsed="0.000230"/>
</kw>
<kw name="Should Be String" owner="String">
<arg>${json_data['results'][0]['gender']}</arg>
<doc>Fails if the given ``item`` is not a string.</doc>
<status status="PASS" start="2024-05-17T19:11:59.071968" elapsed="0.000355"/>
</kw>
<kw name="Should Match Regexp" owner="BuiltIn">
<arg>${json_data['results'][0]['email']}</arg>
<arg>^[a-zA-Z0-9._%+-]+@[a-zA-Z0-9.-]+\.[a-zA-Z]{2,}$</arg>
<doc>Fails if ``string`` does not match ``pattern`` as a regular expression.</doc>
<status status="PASS" start="2024-05-17T19:11:59.072512" elapsed="0.000495"/>
</kw>
<kw name="Should Match Regexp" owner="BuiltIn">
<arg>${json_data['results'][0]['dob']['date']}</arg>
<arg>\\d{4}-\\d{2}-\\d{2}T\\d{2}:\\d{2}:\\d{2}\\.\\d{3}Z</arg>
<doc>Fails if ``string`` does not match ``pattern`` as a regular expression.</doc>
<status status="PASS" start="2024-05-17T19:11:59.073202" elapsed="0.000539"/>
</kw>
<kw name="Should Match Regexp" owner="BuiltIn">
<arg>${json_data['results'][0]['registered']['date']}</arg>
<arg>\\d{4}-\\d{2}-\\d{2}T\\d{2}:\\d{2}:\\d{2}\\.\\d{3}Z</arg>
<doc>Fails if ``string`` does not match ``pattern`` as a regular expression.</doc>
<status status="PASS" start="2024-05-17T19:11:59.073935" elapsed="0.000364"/>
</kw>
<kw name="Should Match Regexp" owner="BuiltIn">
<arg>${json_data['results'][0]['picture']['large']}</arg>
<arg>^https?://.*\.(?:png|jpe?g|gif|bmp)$</arg>
<doc>Fails if ``string`` does not match ``pattern`` as a regular expression.</doc>
<status status="PASS" start="2024-05-17T19:11:59.074485" elapsed="0.000455"/>
</kw>
<kw name="Should Match Regexp" owner="BuiltIn">
<arg>${json_data['results'][0]['picture']['medium']}</arg>
<arg>^https?://.*\.(?:png|jpe?g|gif|bmp)$</arg>
<doc>Fails if ``string`` does not match ``pattern`` as a regular expression.</doc>
<status status="PASS" start="2024-05-17T19:11:59.075128" elapsed="0.000347"/>
</kw>
<kw name="Should Match Regexp" owner="BuiltIn">
<arg>${json_data['results'][0]['picture']['thumbnail']}</arg>
<arg>^https?://.*\.(?:png|jpe?g|gif|bmp)$</arg>
<doc>Fails if ``string`` does not match ``pattern`` as a regular expression.</doc>
<status status="PASS" start="2024-05-17T19:11:59.075662" elapsed="0.000351"/>
</kw>
<kw name="Log" owner="BuiltIn">
<msg time="2024-05-17T19:11:59.076511" level="INFO">{'large': 'https://randomuser.me/api/portraits/men/97.jpg', 'medium': 'https://randomuser.me/api/portraits/med/men/97.jpg', 'thumbnail': 'https://randomuser.me/api/portraits/thumb/men/97.jpg'}</msg>
<arg>${json_data['results'][0]['picture']}</arg>
<doc>Logs the given message with the given level.</doc>
<status status="PASS" start="2024-05-17T19:11:59.076192" elapsed="0.000361"/>
</kw>
<status status="PASS" start="2024-05-17T19:11:58.985195" elapsed="0.091606"/>
</kw>
<kw name="Teste de Tipos de Dados - Postcode" owner="random-user-service">
<kw name="GET On Session" owner="RequestsLibrary">
<msg time="2024-05-17T19:11:59.178141" level="INFO">GET Request : url=https://randomuser.me/api 
 path_url=/api 
 headers={'User-Agent': 'python-requests/2.31.0', 'Accept-Encoding': 'gzip, deflate', 'Accept': '*/*', 'Connection': 'keep-alive'} 
 body=None 
 </msg>
<msg time="2024-05-17T19:11:59.178225" level="INFO">GET Response : url=https://randomuser.me/api 
 status=200, reason=OK 
 headers={'Date': 'Fri, 17 May 2024 19:11:59 GMT', 'Content-Type': 'application/json; charset=utf-8', 'Transfer-Encoding': 'chunked', 'Connection': 'keep-alive', 'X-Powered-By': 'Express', 'Access-Control-Allow-Origin': '*', 'Cache-Control': 'no-cache', 'ETag': 'W/"47e-JamjaHc5aWonhAfMhLsRgggehPc"', 'Vary': 'Accept-Encoding', 'Content-Encoding': 'gzip', 'CF-Cache-Status': 'DYNAMIC', 'Report-To': '{"endpoints":[{"url":"https:\\/\\/a.nel.cloudflare.com\\/report\\/v4?s=XTvaa8AujOx5zA6r%2B4ffdEuNTMnlf4e5TamZDt5o0FWbUe%2BFFWmr9qLWVx%2FZ%2BXcg8LWq%2B2osjuCub9N5GK68Up5pz13zmjEXXjkFHoYtAn%2FzkJdMWJRV%2FTZb%2FzxohoE0"}],"group":"cf-nel","max_age":604800}', 'NEL': '{"success_fraction":0,"report_to":"cf-nel","max_age":604800}', 'Server': 'cloudflare', 'CF-RAY': '8855ea9a496acfb0-SJC', 'alt-svc': 'h3=":443"; ma=86400'} 
 body={"results":[{"gender":"male","name":{"title":"Mr","first":"Ivan","last":"Ivanović"},"location":{"street":{"number":7424,"name":"Letnička"},"city":"Dimitrovgrad","state":"Kosovo-Pomoravlje","country":"Serbia","postcode":51380,"coordinates":{"latitude":"57.0505","longitude":"-31.3103"},"timezone":{"offset":"+9:30","description":"Adelaide, Darwin"}},"email":"ivan.ivanovic@example.com","login":{"uuid":"53eb6337-4310-473b-a031-46e30cea5430","username":"brownbird340","password":"420247","salt":"pmebDoUO","md5":"6176ecfa9eefbd883b48cad8ceb1b3d0","sha1":"17399a05048187ba34a3bcd83262a575b96ec2a5","sha256":"286430321991d587f6f09a5bc0185d43c4c441f5eb9286355cde920944f78d86"},"dob":{"date":"1968-05-01T14:00:30.622Z","age":56},"registered":{"date":"2020-01-18T23:15:38.532Z","age":4},"phone":"017-8632-202","cell":"069-2473-159","id":{"name":"SID","value":"632351413"},"picture":{"large":"https://randomuser.me/api/portraits/men/20.jpg","medium":"https://randomuser.me/api/portraits/med/men/20.jpg","thumbnail":"https://randomuser.me/api/portraits/thumb/men/20.jpg"},"nat":"RS"}],"info":{"seed":"6b1c69aed0727b6f","results":1,"page":1,"version":"1.4"}} 
 </msg>
<msg time="2024-05-17T19:11:59.178301" level="INFO">/opt/hostedtoolcache/Python/3.12.3/x64/lib/python3.12/site-packages/urllib3/connectionpool.py:1103: InsecureRequestWarning: Unverified HTTPS request is being made to host 'randomuser.me'. Adding certificate verification is strongly advised. See: https://urllib3.readthedocs.io/en/latest/advanced-usage.html#tls-warnings
  warnings.warn(</msg>
<msg time="2024-05-17T19:11:59.178442" level="INFO">${response} = &lt;Response [200]&gt;</msg>
<var>${response}</var>
<arg>consultarAPI</arg>
<arg>/api</arg>
<doc>Sends a GET request on a previously created HTTP Session.</doc>
<status status="PASS" start="2024-05-17T19:11:59.077223" elapsed="0.101274"/>
</kw>
<kw name="Set Variable" owner="BuiltIn">
<msg time="2024-05-17T19:11:59.179335" level="INFO">${json_data} = {'results': [{'gender': 'male', 'name': {'title': 'Mr', 'first': 'Ivan', 'last': 'Ivanović'}, 'location': {'street': {'number': 7424, 'name': 'Letnička'}, 'city': 'Dimitrovgrad', 'state': 'Kosovo-Pomo...</msg>
<var>${json_data}</var>
<arg>${response.json()}</arg>
<doc>Returns the given values which can then be assigned to a variables.</doc>
<status status="PASS" start="2024-05-17T19:11:59.178875" elapsed="0.000491"/>
</kw>
<kw name="Log" owner="BuiltIn">
<msg time="2024-05-17T19:11:59.179822" level="INFO">{'results': [{'gender': 'male', 'name': {'title': 'Mr', 'first': 'Ivan', 'last': 'Ivanović'}, 'location': {'street': {'number': 7424, 'name': 'Letnička'}, 'city': 'Dimitrovgrad', 'state': 'Kosovo-Pomoravlje', 'country': 'Serbia', 'postcode': 51380, 'coordinates': {'latitude': '57.0505', 'longitude': '-31.3103'}, 'timezone': {'offset': '+9:30', 'description': 'Adelaide, Darwin'}}, 'email': 'ivan.ivanovic@example.com', 'login': {'uuid': '53eb6337-4310-473b-a031-46e30cea5430', 'username': 'brownbird340', 'password': '420247', 'salt': 'pmebDoUO', 'md5': '6176ecfa9eefbd883b48cad8ceb1b3d0', 'sha1': '17399a05048187ba34a3bcd83262a575b96ec2a5', 'sha256': '286430321991d587f6f09a5bc0185d43c4c441f5eb9286355cde920944f78d86'}, 'dob': {'date': '1968-05-01T14:00:30.622Z', 'age': 56}, 'registered': {'date': '2020-01-18T23:15:38.532Z', 'age': 4}, 'phone': '017-8632-202', 'cell': '069-2473-159', 'id': {'name': 'SID', 'value': '632351413'}, 'picture': {'large': 'https://randomuser.me/api/portraits/men/20.jpg', 'medium': 'https://randomuser.me/api/portraits/med/men/20.jpg', 'thumbnail': 'https://randomuser.me/api/portraits/thumb/men/20.jpg'}, 'nat': 'RS'}], 'info': {'seed': '6b1c69aed0727b6f', 'results': 1, 'page': 1, 'version': '1.4'}}</msg>
<arg>${json_data}</arg>
<doc>Logs the given message with the given level.</doc>
<status status="PASS" start="2024-05-17T19:11:59.179668" elapsed="0.000237"/>
</kw>
<kw name="Should Be Equal As Numbers" owner="BuiltIn">
<arg>${json_data['results'][0]['location']['postcode']}</arg>
<arg>${json_data['results'][0]['location']['postcode']}</arg>
<doc>Fails if objects are unequal after converting them to real numbers.</doc>
<status status="PASS" start="2024-05-17T19:11:59.180212" elapsed="0.000738"/>
</kw>
<kw name="Log" owner="BuiltIn">
<msg time="2024-05-17T19:11:59.181485" level="INFO">51380</msg>
<arg>${json_data['results'][0]['location']['postcode']}</arg>
<doc>Logs the given message with the given level.</doc>
<status status="PASS" start="2024-05-17T19:11:59.181143" elapsed="0.000382"/>
</kw>
<status status="PASS" start="2024-05-17T19:11:59.077010" elapsed="0.104812"/>
</kw>
<doc>Testa se os tipos de dados na resposta da API estão corretos.</doc>
<tag>testeTiposDados</tag>
<status status="PASS" start="2024-05-17T19:11:58.984773" elapsed="0.197207"/>
</test>
<test id="s1-s1-t5" name="Validar conteudo" line="35">
<kw name="Teste de Tipos de Conteudo" owner="random-user-service">
<kw name="GET On Session" owner="RequestsLibrary">
<msg time="2024-05-17T19:11:59.277922" level="INFO">GET Request : url=https://randomuser.me/api 
 path_url=/api 
 headers={'User-Agent': 'python-requests/2.31.0', 'Accept-Encoding': 'gzip, deflate', 'Accept': '*/*', 'Connection': 'keep-alive'} 
 body=None 
 </msg>
<msg time="2024-05-17T19:11:59.277984" level="INFO">GET Response : url=https://randomuser.me/api 
 status=200, reason=OK 
 headers={'Date': 'Fri, 17 May 2024 19:11:59 GMT', 'Content-Type': 'application/json; charset=utf-8', 'Transfer-Encoding': 'chunked', 'Connection': 'keep-alive', 'X-Powered-By': 'Express', 'Access-Control-Allow-Origin': '*', 'Cache-Control': 'no-cache', 'ETag': 'W/"495-ZcztqKxO2P7h6d02E2Bd6VWMAFs"', 'Vary': 'Accept-Encoding', 'Content-Encoding': 'gzip', 'CF-Cache-Status': 'DYNAMIC', 'Report-To': '{"endpoints":[{"url":"https:\\/\\/a.nel.cloudflare.com\\/report\\/v4?s=SJTjelU%2Bzh66UcaamZq9w%2Fxdw7Cnyq8WnX%2ByaZWesCz81RHetckoSw%2B8%2B2LspgATS6Hl5%2F4sCqP2n4Ks0UjhPLhDuh8v88y5S6lw70v7oAulSKE%2BdpFP%2BGCHiTkulxxh"}],"group":"cf-nel","max_age":604800}', 'NEL': '{"success_fraction":0,"report_to":"cf-nel","max_age":604800}', 'Server': 'cloudflare', 'CF-RAY': '8855ea9ae9f5cfb0-SJC', 'alt-svc': 'h3=":443"; ma=86400'} 
 body={"results":[{"gender":"male","name":{"title":"Monsieur","first":"Jörg","last":"Pierre"},"location":{"street":{"number":7198,"name":"Avenue du Fort-Caire"},"city":"Weiach","state":"Genève","country":"Switzerland","postcode":4984,"coordinates":{"latitude":"-60.5020","longitude":"-127.6971"},"timezone":{"offset":"+7:00","description":"Bangkok, Hanoi, Jakarta"}},"email":"jorg.pierre@example.com","login":{"uuid":"8dcb1f40-23b6-492b-9208-e1717919a162","username":"angryleopard932","password":"buffy1","salt":"inSzLjSv","md5":"316df043aacc83a26dd2a9662b3c1596","sha1":"91cd4e5b456b464dce5368ea0bd1794f6f731219","sha256":"4b5fb5e4730d3073e2d9b4e167405fdda86786a6fb65abdca35ecf58493ceddb"},"dob":{"date":"1949-05-29T15:39:07.102Z","age":74},"registered":{"date":"2011-03-25T09:05:04.998Z","age":13},"phone":"078 056 04 15","cell":"077 233 30 82","id":{"name":"AVS","value":"756.8762.1371.78"},"picture":{"large":"https://randomuser.me/api/portraits/men/10.jpg","medium":"https://randomuser.me/api/portraits/med/men/10.jpg","thumbnail":"https://randomuser.me/api/portraits/thumb/men/10.jpg"},"nat":"CH"}],"info":{"seed":"122e5ae01cffbdcd","results":1,"page":1,"version":"1.4"}} 
 </msg>
<msg time="2024-05-17T19:11:59.278039" level="INFO">/opt/hostedtoolcache/Python/3.12.3/x64/lib/python3.12/site-packages/urllib3/connectionpool.py:1103: InsecureRequestWarning: Unverified HTTPS request is being made to host 'randomuser.me'. Adding certificate verification is strongly advised. See: https://urllib3.readthedocs.io/en/latest/advanced-usage.html#tls-warnings
  warnings.warn(</msg>
<msg time="2024-05-17T19:11:59.278142" level="INFO">${response} = &lt;Response [200]&gt;</msg>
<var>${response}</var>
<arg>consultarAPI</arg>
<arg>/api</arg>
<doc>Sends a GET request on a previously created HTTP Session.</doc>
<status status="PASS" start="2024-05-17T19:11:59.184779" elapsed="0.093401"/>
</kw>
<kw name="Set Variable" owner="BuiltIn">
<msg time="2024-05-17T19:11:59.278979" level="INFO">${json_data} = {'results': [{'gender': 'male', 'name': {'title': 'Monsieur', 'first': 'Jörg', 'last': 'Pierre'}, 'location': {'street': {'number': 7198, 'name': 'Avenue du Fort-Caire'}, 'city': 'Weiach', 'state': 'G...</msg>
<var>${json_data}</var>
<arg>${response.json()}</arg>
<doc>Returns the given values which can then be assigned to a variables.</doc>
<status status="PASS" start="2024-05-17T19:11:59.278529" elapsed="0.000480"/>
</kw>
<kw name="Set Variable" owner="BuiltIn">
<msg time="2024-05-17T19:11:59.279688" level="INFO">${name_title} = Monsieur</msg>
<var>${name_title}</var>
<arg>${json_data["results"][0]["name"]["title"]}</arg>
<doc>Returns the given values which can then be assigned to a variables.</doc>
<status status="PASS" start="2024-05-17T19:11:59.279311" elapsed="0.000402"/>
</kw>
<kw name="Create List" owner="BuiltIn">
<msg time="2024-05-17T19:11:59.280162" level="INFO">${allowed_titles} = ['Mr', 'Ms', 'Miss', 'Mrs', 'Madame', 'Monsieur']</msg>
<var>${allowed_titles}</var>
<arg>Mr</arg>
<arg>Ms</arg>
<arg>Miss</arg>
<arg>Mrs</arg>
<arg>Madame</arg>
<arg>Monsieur</arg>
<doc>Returns a list containing given items.</doc>
<status status="PASS" start="2024-05-17T19:11:59.280006" elapsed="0.000179"/>
</kw>
<kw name="List Should Contain Value" owner="Collections">
<msg time="2024-05-17T19:11:59.280646" level="INFO">False</msg>
<arg>${allowed_titles}</arg>
<arg>${name_title}</arg>
<doc>Fails if the ``value`` is not found from ``list``.</doc>
<status status="PASS" start="2024-05-17T19:11:59.280481" elapsed="0.000200"/>
</kw>
<kw name="Set Variable" owner="BuiltIn">
<msg time="2024-05-17T19:11:59.281347" level="INFO">${name_country} = CH</msg>
<var>${name_country}</var>
<arg>${json_data["results"][0]["nat"]}</arg>
<doc>Returns the given values which can then be assigned to a variables.</doc>
<status status="PASS" start="2024-05-17T19:11:59.280970" elapsed="0.000401"/>
</kw>
<kw name="Create List" owner="BuiltIn">
<msg time="2024-05-17T19:11:59.282309" level="INFO">${list_country} = ['AD', 'AE', 'AF', 'AG', 'AI', 'AL', 'AM', 'AO', 'AQ', 'AR', 'AS', 'AT', 'AU', 'AW', 'AX', 'AZ', 'BA', 'BB', 'BD', 'BE', 'BF', 'BG', 'BH', 'BI', 'BJ', 'BL', 'BM', 'BN', 'BO', 'BQ', 'BR', 'BS', 'BT', '...</msg>
<var>${list_country}</var>
<arg>AD</arg>
<arg>AE</arg>
<arg>AF</arg>
<arg>AG</arg>
<arg>AI</arg>
<arg>AL</arg>
<arg>AM</arg>
<arg>AO</arg>
<arg>AQ</arg>
<arg>AR</arg>
<arg>AS</arg>
<arg>AT</arg>
<arg>AU</arg>
<arg>AW</arg>
<arg>AX</arg>
<arg>AZ</arg>
<arg>BA</arg>
<arg>BB</arg>
<arg>BD</arg>
<arg>BE</arg>
<arg>BF</arg>
<arg>BG</arg>
<arg>BH</arg>
<arg>BI</arg>
<arg>BJ</arg>
<arg>BL</arg>
<arg>BM</arg>
<arg>BN</arg>
<arg>BO</arg>
<arg>BQ</arg>
<arg>BR</arg>
<arg>BS</arg>
<arg>BT</arg>
<arg>BV</arg>
<arg>BW</arg>
<arg>BY</arg>
<arg>BZ</arg>
<arg>CA</arg>
<arg>CC</arg>
<arg>CD</arg>
<arg>CF</arg>
<arg>CG</arg>
<arg>CH</arg>
<arg>CI</arg>
<arg>CK</arg>
<arg>CL</arg>
<arg>CM</arg>
<arg>CN</arg>
<arg>CO</arg>
<arg>CR</arg>
<arg>CU</arg>
<arg>CV</arg>
<arg>CW</arg>
<arg>CX</arg>
<arg>CY</arg>
<arg>CZ</arg>
<arg>DE</arg>
<arg>DJ</arg>
<arg>DK</arg>
<arg>DM</arg>
<arg>DO</arg>
<arg>DZ</arg>
<arg>EC</arg>
<arg>EE</arg>
<arg>EG</arg>
<arg>EH</arg>
<arg>ER</arg>
<arg>ES</arg>
<arg>ET</arg>
<arg>FI</arg>
<arg>FJ</arg>
<arg>FK</arg>
<arg>FM</arg>
<arg>FO</arg>
<arg>FR</arg>
<arg>GA</arg>
<arg>GB</arg>
<arg>GD</arg>
<arg>GE</arg>
<arg>GF</arg>
<arg>GG</arg>
<arg>GH</arg>
<arg>GI</arg>
<arg>GL</arg>
<arg>GM</arg>
<arg>GN</arg>
<arg>GP</arg>
<arg>GQ</arg>
<arg>GR</arg>
<arg>GS</arg>
<arg>GT</arg>
<arg>GU</arg>
<arg>GW</arg>
<arg>GY</arg>
<arg>HK</arg>
<arg>HM</arg>
<arg>HN</arg>
<arg>HR</arg>
<arg>HT</arg>
<arg>HU</arg>
<arg>ID</arg>
<arg>IE</arg>
<arg>IL</arg>
<arg>IM</arg>
<arg>IN</arg>
<arg>IO</arg>
<arg>IQ</arg>
<arg>IR</arg>
<arg>IS</arg>
<arg>IT</arg>
<arg>JE</arg>
<arg>JM</arg>
<arg>JO</arg>
<arg>JP</arg>
<arg>KE</arg>
<arg>KG</arg>
<arg>KH</arg>
<arg>KI</arg>
<arg>KM</arg>
<arg>KN</arg>
<arg>KP</arg>
<arg>KR</arg>
<arg>KW</arg>
<arg>KY</arg>
<arg>KZ</arg>
<arg>LA</arg>
<arg>LB</arg>
<arg>LC</arg>
<arg>LI</arg>
<arg>LK</arg>
<arg>LR</arg>
<arg>LS</arg>
<arg>LT</arg>
<arg>LU</arg>
<arg>LV</arg>
<arg>LY</arg>
<arg>MA</arg>
<arg>MC</arg>
<arg>MD</arg>
<arg>ME</arg>
<arg>MF</arg>
<arg>MG</arg>
<arg>MH</arg>
<arg>MK</arg>
<arg>ML</arg>
<arg>MM</arg>
<arg>MN</arg>
<arg>MO</arg>
<arg>MP</arg>
<arg>MQ</arg>
<arg>MR</arg>
<arg>MS</arg>
<arg>MT</arg>
<arg>MU</arg>
<arg>MV</arg>
<arg>MW</arg>
<arg>MX</arg>
<arg>MY</arg>
<arg>MZ</arg>
<arg>NA</arg>
<arg>NC</arg>
<arg>NE</arg>
<arg>NF</arg>
<arg>NG</arg>
<arg>NI</arg>
<arg>NL</arg>
<arg>NO</arg>
<arg>NP</arg>
<arg>NR</arg>
<arg>NU</arg>
<arg>NZ</arg>
<arg>OM</arg>
<arg>PA</arg>
<arg>PE</arg>
<arg>PF</arg>
<arg>PG</arg>
<arg>PH</arg>
<arg>PK</arg>
<arg>PL</arg>
<arg>PM</arg>
<arg>PN</arg>
<arg>PR</arg>
<arg>PS</arg>
<arg>PT</arg>
<arg>PW</arg>
<arg>PY</arg>
<arg>QA</arg>
<arg>RE</arg>
<arg>RO</arg>
<arg>RS</arg>
<arg>RU</arg>
<arg>RW</arg>
<arg>SA</arg>
<arg>SB</arg>
<arg>SC</arg>
<arg>SD</arg>
<arg>SE</arg>
<arg>SG</arg>
<arg>SH</arg>
<arg>SI</arg>
<arg>SJ</arg>
<arg>SK</arg>
<arg>SL</arg>
<arg>SM</arg>
<arg>SN</arg>
<arg>SO</arg>
<arg>SR</arg>
<arg>SS</arg>
<arg>ST</arg>
<arg>SV</arg>
<arg>SX</arg>
<arg>SY</arg>
<arg>SZ</arg>
<arg>TC</arg>
<arg>TD</arg>
<arg>TF</arg>
<arg>TG</arg>
<arg>TH</arg>
<arg>TJ</arg>
<arg>TK</arg>
<arg>TL</arg>
<arg>TM</arg>
<arg>TN</arg>
<arg>TO</arg>
<arg>TR</arg>
<arg>TT</arg>
<arg>TV</arg>
<arg>TW</arg>
<arg>TZ</arg>
<arg>UA</arg>
<arg>UG</arg>
<arg>UM</arg>
<arg>US</arg>
<arg>UY</arg>
<arg>UZ</arg>
<arg>VA</arg>
<arg>VC</arg>
<arg>VE</arg>
<arg>VG</arg>
<arg>VI</arg>
<arg>VN</arg>
<arg>VU</arg>
<arg>WF</arg>
<arg>WS</arg>
<arg>XK</arg>
<arg>YE</arg>
<arg>YT</arg>
<arg>ZA</arg>
<arg>ZM</arg>
<arg>ZW</arg>
<doc>Returns a list containing given items.</doc>
<status status="PASS" start="2024-05-17T19:11:59.281710" elapsed="0.000624"/>
</kw>
<kw name="List Should Contain Value" owner="Collections">
<msg time="2024-05-17T19:11:59.283323" level="INFO">False</msg>
<arg>${list_country}</arg>
<arg>${name_country}</arg>
<doc>Fails if the ``value`` is not found from ``list``.</doc>
<status status="PASS" start="2024-05-17T19:11:59.283124" elapsed="0.000234"/>
</kw>
<kw name="Run Keyword If" owner="BuiltIn">
<kw name="Should Be True" owner="BuiltIn">
<arg>${True}</arg>
<doc>Fails if the given condition is not true.</doc>
<status status="PASS" start="2024-05-17T19:11:59.284408" elapsed="0.000143"/>
</kw>
<arg>${json_data["results"][0]["location"]["coordinates"]["latitude"]} &gt;= -90 and ${json_data["results"][0]["location"]["coordinates"]["latitude"]} &lt;= 90</arg>
<arg>Should Be True</arg>
<arg>${True}</arg>
<doc>Runs the given keyword with the given arguments, if ``condition`` is true.</doc>
<status status="PASS" start="2024-05-17T19:11:59.283667" elapsed="0.001011"/>
</kw>
<kw name="Run Keyword If" owner="BuiltIn">
<kw name="Should Be True" owner="BuiltIn">
<arg>${True}</arg>
<doc>Fails if the given condition is not true.</doc>
<status status="PASS" start="2024-05-17T19:11:59.285557" elapsed="0.000262"/>
</kw>
<arg>${json_data["results"][0]["location"]["coordinates"]["longitude"]} &gt;= -180 and ${json_data["results"][0]["location"]["coordinates"]["longitude"]} &lt;= 180</arg>
<arg>Should Be True</arg>
<arg>${True}</arg>
<doc>Runs the given keyword with the given arguments, if ``condition`` is true.</doc>
<status status="PASS" start="2024-05-17T19:11:59.284869" elapsed="0.001077"/>
</kw>
<status status="PASS" start="2024-05-17T19:11:59.184398" elapsed="0.101676"/>
</kw>
<doc>Testa o conteúdo específico dos campos retornados pela API.</doc>
<tag>testeConteudo</tag>
<status status="PASS" start="2024-05-17T19:11:59.183748" elapsed="0.102467"/>
</test>
<status status="PASS" start="2024-05-17T19:11:58.459706" elapsed="0.828383"/>
</suite>
<status status="PASS" start="2024-05-17T19:11:58.446317" elapsed="0.846842"/>
</suite>
<statistics>
<total>
<stat pass="5" fail="0" skip="0">All Tests</stat>
</total>
<tag>
<stat pass="1" fail="0" skip="0">testeConteudo</stat>
<stat pass="1" fail="0" skip="0">testeEstruturaResposta</stat>
<stat pass="1" fail="0" skip="0">testeRequisicaoBasica</stat>
<stat pass="1" fail="0" skip="0">testeTiposDados</stat>
</tag>
<suite>
<stat pass="5" fail="0" skip="0" id="s1" name="Tests">Tests</stat>
<stat pass="5" fail="0" skip="0" id="s1-s1" name="Random-User-Test">Tests.Random-User-Test</stat>
</suite>
</statistics>
<errors>
</errors>
</robot>
