<?xml version="1.0" encoding="UTF-8"?>
<robot generator="Robot 7.0.1 (Python 3.12.4 on linux)" generated="2024-08-04T19:12:26.260298" rpa="false" schemaversion="5">
<suite id="s1" name="Tests" source="/home/runner/work/ApiRandomUser/ApiRandomUser/RamdonUser/tests">
<suite id="s1-s1" name="Random-User-Test" source="/home/runner/work/ApiRandomUser/ApiRandomUser/RamdonUser/tests/random-user-test.robot">
<test id="s1-s1-t1" name="Conectar" line="13">
<kw name="Conectar API" owner="random-user-service">
<kw name="Create Session" owner="RequestsLibrary">
<msg time="2024-08-04T19:12:26.661151" level="INFO">Creating Session using : alias=consultarAPI, url=https://randomuser.me/, headers={},                     cookies={}, auth=None, timeout=None, proxies=None, verify=False,                     debug=0 </msg>
<arg>consultarAPI</arg>
<arg>${URL}</arg>
<doc>Create Session: create a HTTP session to a server</doc>
<status status="PASS" start="2024-08-04T19:12:26.660950" elapsed="0.000385"/>
</kw>
<status status="PASS" start="2024-08-04T19:12:26.659906" elapsed="0.001793"/>
</kw>
<status status="PASS" start="2024-08-04T19:12:26.659275" elapsed="0.002616"/>
</test>
<test id="s1-s1-t2" name="Validar retorno 200 e JSON Válido" line="16">
<kw name="Teste de Requisicao Basica" owner="random-user-service">
<kw name="GET On Session" owner="RequestsLibrary">
<msg time="2024-08-04T19:12:26.928182" level="INFO">GET Request : url=https://randomuser.me/api 
 path_url=/api 
 headers={'User-Agent': 'python-requests/2.32.3', 'Accept-Encoding': 'gzip, deflate', 'Accept': '*/*', 'Connection': 'keep-alive'} 
 body=None 
 </msg>
<msg time="2024-08-04T19:12:26.928344" level="INFO">GET Response : url=https://randomuser.me/api 
 status=200, reason=OK 
 headers={'Date': 'Sun, 04 Aug 2024 19:12:26 GMT', 'Content-Type': 'application/json; charset=utf-8', 'Transfer-Encoding': 'chunked', 'Connection': 'keep-alive', 'X-Powered-By': 'Express', 'Access-Control-Allow-Origin': '*', 'Cache-Control': 'no-cache', 'ETag': 'W/"495-rv/wFeLf/h4uSE9CkW9wcy1JWWs"', 'Vary': 'Accept-Encoding', 'Content-Encoding': 'gzip', 'CF-Cache-Status': 'DYNAMIC', 'Report-To': '{"endpoints":[{"url":"https:\\/\\/a.nel.cloudflare.com\\/report\\/v4?s=wPgjTZ9EDqc4Xcr6MAW4xkfP0prXucZiSupau%2BYCDWz5avp0JEhK9J%2FuAS6MQaqeduXHazKAI7TKpcNe3FQk2%2Ff1Gv0qOy3EM3wZhAVhd1oX29ubI04s2JD8E4scsLld"}],"group":"cf-nel","max_age":604800}', 'NEL': '{"success_fraction":0,"report_to":"cf-nel","max_age":604800}', 'Server': 'cloudflare', 'CF-RAY': '8ae0dbe7bae2ce88-SJC', 'alt-svc': 'h3=":443"; ma=86400'} 
 body={"results":[{"gender":"male","name":{"title":"Mr","first":"Kenneth","last":"Silva"},"location":{"street":{"number":4941,"name":"E North St"},"city":"Bundaberg","state":"Western Australia","country":"Australia","postcode":1747,"coordinates":{"latitude":"-85.2837","longitude":"-179.3015"},"timezone":{"offset":"-4:00","description":"Atlantic Time (Canada), Caracas, La Paz"}},"email":"kenneth.silva@example.com","login":{"uuid":"9d4733e5-67b2-4b5e-a030-891b1b8f264f","username":"brownbird574","password":"3006","salt":"xDTjRw5z","md5":"d109cc4cd589441eca72ce83bcb91f35","sha1":"1d1f370fdd70c0c3e0ed1a4efc9a165505daeb89","sha256":"801163d10e6a3d29c4541b2ce36487b7b0702824b692ee81c207d5d21cc45bfe"},"dob":{"date":"1976-10-16T19:06:42.284Z","age":47},"registered":{"date":"2003-07-18T09:56:43.328Z","age":21},"phone":"01-7591-4296","cell":"0487-566-460","id":{"name":"TFN","value":"461402558"},"picture":{"large":"https://randomuser.me/api/portraits/men/70.jpg","medium":"https://randomuser.me/api/portraits/med/men/70.jpg","thumbnail":"https://randomuser.me/api/portraits/thumb/men/70.jpg"},"nat":"AU"}],"info":{"seed":"ea52d74587cc6905","results":1,"page":1,"version":"1.4"}} 
 </msg>
<msg time="2024-08-04T19:12:26.928426" level="INFO">/opt/hostedtoolcache/Python/3.12.4/x64/lib/python3.12/site-packages/urllib3/connectionpool.py:1099: InsecureRequestWarning: Unverified HTTPS request is being made to host 'randomuser.me'. Adding certificate verification is strongly advised. See: https://urllib3.readthedocs.io/en/latest/advanced-usage.html#tls-warnings
  warnings.warn(</msg>
<msg time="2024-08-04T19:12:26.928575" level="INFO">${response} = &lt;Response [200]&gt;</msg>
<var>${response}</var>
<arg>consultarAPI</arg>
<arg>/api</arg>
<doc>Sends a GET request on a previously created HTTP Session.</doc>
<status status="PASS" start="2024-08-04T19:12:26.664539" elapsed="0.264088"/>
</kw>
<kw name="Should Be Equal As Numbers" owner="BuiltIn">
<msg time="2024-08-04T19:12:26.929780" level="INFO">Argument types are:
&lt;class 'int'&gt;
&lt;class 'str'&gt;</msg>
<arg>${response.status_code}</arg>
<arg>200</arg>
<doc>Fails if objects are unequal after converting them to real numbers.</doc>
<status status="PASS" start="2024-08-04T19:12:26.929286" elapsed="0.000561"/>
</kw>
<kw name="Log" owner="BuiltIn">
<msg time="2024-08-04T19:12:26.930571" level="INFO">200</msg>
<arg>${response.status_code}</arg>
<doc>Logs the given message with the given level.</doc>
<status status="PASS" start="2024-08-04T19:12:26.930172" elapsed="0.000446"/>
</kw>
<kw name="Set Variable" owner="BuiltIn">
<msg time="2024-08-04T19:12:26.931450" level="INFO">${json_data} = {'results': [{'gender': 'male', 'name': {'title': 'Mr', 'first': 'Kenneth', 'last': 'Silva'}, 'location': {'street': {'number': 4941, 'name': 'E North St'}, 'city': 'Bundaberg', 'state': 'Western Aust...</msg>
<var>${json_data}</var>
<arg>${response.json()}</arg>
<doc>Returns the given values which can then be assigned to a variables.</doc>
<status status="PASS" start="2024-08-04T19:12:26.930934" elapsed="0.000545"/>
</kw>
<kw name="Dictionary Should Contain Key" owner="Collections">
<arg>${json_data}</arg>
<arg>results</arg>
<doc>Fails if ``key`` is not found from ``dictionary``.</doc>
<status status="PASS" start="2024-08-04T19:12:26.931790" elapsed="0.000338"/>
</kw>
<status status="PASS" start="2024-08-04T19:12:26.664297" elapsed="0.267993"/>
</kw>
<doc>Testa se a API responde corretamente e retorna um objeto JSON válido.</doc>
<tag>testeRequisicaoBasica</tag>
<status status="PASS" start="2024-08-04T19:12:26.663789" elapsed="0.268680"/>
</test>
<test id="s1-s1-t3" name="Validar estrutura de resposta" line="22">
<kw name="Teste de Estrutura de Resposta" owner="random-user-service">
<kw name="GET On Session" owner="RequestsLibrary">
<msg time="2024-08-04T19:12:27.040248" level="INFO">GET Request : url=https://randomuser.me/api 
 path_url=/api 
 headers={'User-Agent': 'python-requests/2.32.3', 'Accept-Encoding': 'gzip, deflate', 'Accept': '*/*', 'Connection': 'keep-alive'} 
 body=None 
 </msg>
<msg time="2024-08-04T19:12:27.040347" level="INFO">GET Response : url=https://randomuser.me/api 
 status=200, reason=OK 
 headers={'Date': 'Sun, 04 Aug 2024 19:12:27 GMT', 'Content-Type': 'application/json; charset=utf-8', 'Transfer-Encoding': 'chunked', 'Connection': 'keep-alive', 'X-Powered-By': 'Express', 'Access-Control-Allow-Origin': '*', 'Cache-Control': 'no-cache', 'ETag': 'W/"49f-i+xlMFbuGZNjp7LW/jIW8WVeoK4"', 'Vary': 'Accept-Encoding', 'Content-Encoding': 'gzip', 'CF-Cache-Status': 'DYNAMIC', 'Report-To': '{"endpoints":[{"url":"https:\\/\\/a.nel.cloudflare.com\\/report\\/v4?s=Aq05EqhLQOhX4SdeyBsJ2ojKJRJLNmKWd8wpdSV9gILIrkHW5Qb8kOp9f90JBx0uzjc9xoEWAX2w6qGZA7Y73EGaqjeO3fIVGKHhUSpw7Ot19s23PPHtcp6Cl5SWhpFr"}],"group":"cf-nel","max_age":604800}', 'NEL': '{"success_fraction":0,"report_to":"cf-nel","max_age":604800}', 'Server': 'cloudflare', 'CF-RAY': '8ae0dbe85b87ce88-SJC', 'alt-svc': 'h3=":443"; ma=86400'} 
 body={"results":[{"gender":"male","name":{"title":"Mr","first":"Rudie","last":"Gerretsen"},"location":{"street":{"number":8503,"name":"Donderveldstraat"},"city":"Winterswijk Corle","state":"Zuid-Holland","country":"Netherlands","postcode":"8664 YU","coordinates":{"latitude":"38.0994","longitude":"-159.4486"},"timezone":{"offset":"+2:00","description":"Kaliningrad, South Africa"}},"email":"rudie.gerretsen@example.com","login":{"uuid":"c38d7fef-321d-42a8-8f9f-cee2adb96b79","username":"purplewolf797","password":"woofwoof","salt":"ljh2kOFU","md5":"004ba1719ec699e7c0df22c806d0a548","sha1":"2dfede7d816d4fabe879c46b25b5bd05cb53224b","sha256":"c33aff9bf26f05f14f432d57a0ef8ed227cd42df5ef773a4a5bfa6106189f46a"},"dob":{"date":"1997-01-22T07:10:12.948Z","age":27},"registered":{"date":"2020-01-15T01:56:04.074Z","age":4},"phone":"(068) 7537450","cell":"(06) 67360607","id":{"name":"BSN","value":"30409034"},"picture":{"large":"https://randomuser.me/api/portraits/men/15.jpg","medium":"https://randomuser.me/api/portraits/med/men/15.jpg","thumbnail":"https://randomuser.me/api/portraits/thumb/men/15.jpg"},"nat":"NL"}],"info":{"seed":"036fe9f579363954","results":1,"page":1,"version":"1.4"}} 
 </msg>
<msg time="2024-08-04T19:12:27.040470" level="INFO">/opt/hostedtoolcache/Python/3.12.4/x64/lib/python3.12/site-packages/urllib3/connectionpool.py:1099: InsecureRequestWarning: Unverified HTTPS request is being made to host 'randomuser.me'. Adding certificate verification is strongly advised. See: https://urllib3.readthedocs.io/en/latest/advanced-usage.html#tls-warnings
  warnings.warn(</msg>
<msg time="2024-08-04T19:12:27.040598" level="INFO">${response} = &lt;Response [200]&gt;</msg>
<var>${response}</var>
<arg>consultarAPI</arg>
<arg>/api</arg>
<doc>Sends a GET request on a previously created HTTP Session.</doc>
<status status="PASS" start="2024-08-04T19:12:26.935098" elapsed="0.105543"/>
</kw>
<kw name="Set Variable" owner="BuiltIn">
<msg time="2024-08-04T19:12:27.041653" level="INFO">${json_data} = {'results': [{'gender': 'male', 'name': {'title': 'Mr', 'first': 'Rudie', 'last': 'Gerretsen'}, 'location': {'street': {'number': 8503, 'name': 'Donderveldstraat'}, 'city': 'Winterswijk Corle', 'state...</msg>
<var>${json_data}</var>
<arg>${response.json()}</arg>
<doc>Returns the given values which can then be assigned to a variables.</doc>
<status status="PASS" start="2024-08-04T19:12:27.041132" elapsed="0.000555"/>
</kw>
<kw name="Log" owner="BuiltIn">
<msg time="2024-08-04T19:12:27.042161" level="INFO">{'results': [{'gender': 'male', 'name': {'title': 'Mr', 'first': 'Rudie', 'last': 'Gerretsen'}, 'location': {'street': {'number': 8503, 'name': 'Donderveldstraat'}, 'city': 'Winterswijk Corle', 'state': 'Zuid-Holland', 'country': 'Netherlands', 'postcode': '8664 YU', 'coordinates': {'latitude': '38.0994', 'longitude': '-159.4486'}, 'timezone': {'offset': '+2:00', 'description': 'Kaliningrad, South Africa'}}, 'email': 'rudie.gerretsen@example.com', 'login': {'uuid': 'c38d7fef-321d-42a8-8f9f-cee2adb96b79', 'username': 'purplewolf797', 'password': 'woofwoof', 'salt': 'ljh2kOFU', 'md5': '004ba1719ec699e7c0df22c806d0a548', 'sha1': '2dfede7d816d4fabe879c46b25b5bd05cb53224b', 'sha256': 'c33aff9bf26f05f14f432d57a0ef8ed227cd42df5ef773a4a5bfa6106189f46a'}, 'dob': {'date': '1997-01-22T07:10:12.948Z', 'age': 27}, 'registered': {'date': '2020-01-15T01:56:04.074Z', 'age': 4}, 'phone': '(068) 7537450', 'cell': '(06) 67360607', 'id': {'name': 'BSN', 'value': '30409034'}, 'picture': {'large': 'https://randomuser.me/api/portraits/men/15.jpg', 'medium': 'https://randomuser.me/api/portraits/med/men/15.jpg', 'thumbnail': 'https://randomuser.me/api/portraits/thumb/men/15.jpg'}, 'nat': 'NL'}], 'info': {'seed': '036fe9f579363954', 'results': 1, 'page': 1, 'version': '1.4'}}</msg>
<arg>${json_data}</arg>
<doc>Logs the given message with the given level.</doc>
<status status="PASS" start="2024-08-04T19:12:27.041994" elapsed="0.000214"/>
</kw>
<kw name="Dictionary Should Contain Key" owner="Collections">
<arg>${json_data}</arg>
<arg>results</arg>
<doc>Fails if ``key`` is not found from ``dictionary``.</doc>
<status status="PASS" start="2024-08-04T19:12:27.042546" elapsed="0.000176"/>
</kw>
<kw name="Should Not Be Empty" owner="BuiltIn">
<msg time="2024-08-04T19:12:27.043029" level="INFO">Length is 2.</msg>
<arg>${json_data}</arg>
<doc>Verifies that the given item is not empty.</doc>
<status status="PASS" start="2024-08-04T19:12:27.042903" elapsed="0.000169"/>
</kw>
<kw name="Create List" owner="BuiltIn">
<msg time="2024-08-04T19:12:27.043504" level="INFO">${expected_keys} = ['gender', 'name', 'location', 'email', 'login']</msg>
<var>${expected_keys}</var>
<arg>gender</arg>
<arg>name</arg>
<arg>location</arg>
<arg>email</arg>
<arg>login</arg>
<doc>Returns a list containing given items.</doc>
<status status="PASS" start="2024-08-04T19:12:27.043357" elapsed="0.000170"/>
</kw>
<for flavor="IN">
<iter>
<kw name="Dictionary Should Contain Key" owner="Collections">
<arg>${json_data['results'][0]}</arg>
<arg>${key}</arg>
<doc>Fails if ``key`` is not found from ``dictionary``.</doc>
<status status="PASS" start="2024-08-04T19:12:27.044111" elapsed="0.000405"/>
</kw>
<kw name="Log" owner="BuiltIn">
<msg time="2024-08-04T19:12:27.045063" level="INFO">{'gender': 'male', 'name': {'title': 'Mr', 'first': 'Rudie', 'last': 'Gerretsen'}, 'location': {'street': {'number': 8503, 'name': 'Donderveldstraat'}, 'city': 'Winterswijk Corle', 'state': 'Zuid-Holland', 'country': 'Netherlands', 'postcode': '8664 YU', 'coordinates': {'latitude': '38.0994', 'longitude': '-159.4486'}, 'timezone': {'offset': '+2:00', 'description': 'Kaliningrad, South Africa'}}, 'email': 'rudie.gerretsen@example.com', 'login': {'uuid': 'c38d7fef-321d-42a8-8f9f-cee2adb96b79', 'username': 'purplewolf797', 'password': 'woofwoof', 'salt': 'ljh2kOFU', 'md5': '004ba1719ec699e7c0df22c806d0a548', 'sha1': '2dfede7d816d4fabe879c46b25b5bd05cb53224b', 'sha256': 'c33aff9bf26f05f14f432d57a0ef8ed227cd42df5ef773a4a5bfa6106189f46a'}, 'dob': {'date': '1997-01-22T07:10:12.948Z', 'age': 27}, 'registered': {'date': '2020-01-15T01:56:04.074Z', 'age': 4}, 'phone': '(068) 7537450', 'cell': '(06) 67360607', 'id': {'name': 'BSN', 'value': '30409034'}, 'picture': {'large': 'https://randomuser.me/api/portraits/men/15.jpg', 'medium': 'https://randomuser.me/api/portraits/med/men/15.jpg', 'thumbnail': 'https://randomuser.me/api/portraits/thumb/men/15.jpg'}, 'nat': 'NL'}</msg>
<arg>${json_data['results'][0]}</arg>
<doc>Logs the given message with the given level.</doc>
<status status="PASS" start="2024-08-04T19:12:27.044707" elapsed="0.000403"/>
</kw>
<kw name="Log" owner="BuiltIn">
<msg time="2024-08-04T19:12:27.045548" level="INFO">gender</msg>
<arg>${key}</arg>
<doc>Logs the given message with the given level.</doc>
<status status="PASS" start="2024-08-04T19:12:27.045416" elapsed="0.000170"/>
</kw>
<var name="${key}">gender</var>
<status status="PASS" start="2024-08-04T19:12:27.043982" elapsed="0.001821"/>
</iter>
<iter>
<kw name="Dictionary Should Contain Key" owner="Collections">
<arg>${json_data['results'][0]}</arg>
<arg>${key}</arg>
<doc>Fails if ``key`` is not found from ``dictionary``.</doc>
<status status="PASS" start="2024-08-04T19:12:27.046100" elapsed="0.000441"/>
</kw>
<kw name="Log" owner="BuiltIn">
<msg time="2024-08-04T19:12:27.047135" level="INFO">{'gender': 'male', 'name': {'title': 'Mr', 'first': 'Rudie', 'last': 'Gerretsen'}, 'location': {'street': {'number': 8503, 'name': 'Donderveldstraat'}, 'city': 'Winterswijk Corle', 'state': 'Zuid-Holland', 'country': 'Netherlands', 'postcode': '8664 YU', 'coordinates': {'latitude': '38.0994', 'longitude': '-159.4486'}, 'timezone': {'offset': '+2:00', 'description': 'Kaliningrad, South Africa'}}, 'email': 'rudie.gerretsen@example.com', 'login': {'uuid': 'c38d7fef-321d-42a8-8f9f-cee2adb96b79', 'username': 'purplewolf797', 'password': 'woofwoof', 'salt': 'ljh2kOFU', 'md5': '004ba1719ec699e7c0df22c806d0a548', 'sha1': '2dfede7d816d4fabe879c46b25b5bd05cb53224b', 'sha256': 'c33aff9bf26f05f14f432d57a0ef8ed227cd42df5ef773a4a5bfa6106189f46a'}, 'dob': {'date': '1997-01-22T07:10:12.948Z', 'age': 27}, 'registered': {'date': '2020-01-15T01:56:04.074Z', 'age': 4}, 'phone': '(068) 7537450', 'cell': '(06) 67360607', 'id': {'name': 'BSN', 'value': '30409034'}, 'picture': {'large': 'https://randomuser.me/api/portraits/men/15.jpg', 'medium': 'https://randomuser.me/api/portraits/med/men/15.jpg', 'thumbnail': 'https://randomuser.me/api/portraits/thumb/men/15.jpg'}, 'nat': 'NL'}</msg>
<arg>${json_data['results'][0]}</arg>
<doc>Logs the given message with the given level.</doc>
<status status="PASS" start="2024-08-04T19:12:27.046741" elapsed="0.000443"/>
</kw>
<kw name="Log" owner="BuiltIn">
<msg time="2024-08-04T19:12:27.047617" level="INFO">name</msg>
<arg>${key}</arg>
<doc>Logs the given message with the given level.</doc>
<status status="PASS" start="2024-08-04T19:12:27.047486" elapsed="0.000169"/>
</kw>
<var name="${key}">name</var>
<status status="PASS" start="2024-08-04T19:12:27.045988" elapsed="0.001888"/>
</iter>
<iter>
<kw name="Dictionary Should Contain Key" owner="Collections">
<arg>${json_data['results'][0]}</arg>
<arg>${key}</arg>
<doc>Fails if ``key`` is not found from ``dictionary``.</doc>
<status status="PASS" start="2024-08-04T19:12:27.048166" elapsed="0.000395"/>
</kw>
<kw name="Log" owner="BuiltIn">
<msg time="2024-08-04T19:12:27.049089" level="INFO">{'gender': 'male', 'name': {'title': 'Mr', 'first': 'Rudie', 'last': 'Gerretsen'}, 'location': {'street': {'number': 8503, 'name': 'Donderveldstraat'}, 'city': 'Winterswijk Corle', 'state': 'Zuid-Holland', 'country': 'Netherlands', 'postcode': '8664 YU', 'coordinates': {'latitude': '38.0994', 'longitude': '-159.4486'}, 'timezone': {'offset': '+2:00', 'description': 'Kaliningrad, South Africa'}}, 'email': 'rudie.gerretsen@example.com', 'login': {'uuid': 'c38d7fef-321d-42a8-8f9f-cee2adb96b79', 'username': 'purplewolf797', 'password': 'woofwoof', 'salt': 'ljh2kOFU', 'md5': '004ba1719ec699e7c0df22c806d0a548', 'sha1': '2dfede7d816d4fabe879c46b25b5bd05cb53224b', 'sha256': 'c33aff9bf26f05f14f432d57a0ef8ed227cd42df5ef773a4a5bfa6106189f46a'}, 'dob': {'date': '1997-01-22T07:10:12.948Z', 'age': 27}, 'registered': {'date': '2020-01-15T01:56:04.074Z', 'age': 4}, 'phone': '(068) 7537450', 'cell': '(06) 67360607', 'id': {'name': 'BSN', 'value': '30409034'}, 'picture': {'large': 'https://randomuser.me/api/portraits/men/15.jpg', 'medium': 'https://randomuser.me/api/portraits/med/men/15.jpg', 'thumbnail': 'https://randomuser.me/api/portraits/thumb/men/15.jpg'}, 'nat': 'NL'}</msg>
<arg>${json_data['results'][0]}</arg>
<doc>Logs the given message with the given level.</doc>
<status status="PASS" start="2024-08-04T19:12:27.048743" elapsed="0.000392"/>
</kw>
<kw name="Log" owner="BuiltIn">
<msg time="2024-08-04T19:12:27.049566" level="INFO">location</msg>
<arg>${key}</arg>
<doc>Logs the given message with the given level.</doc>
<status status="PASS" start="2024-08-04T19:12:27.049437" elapsed="0.000166"/>
</kw>
<var name="${key}">location</var>
<status status="PASS" start="2024-08-04T19:12:27.048056" elapsed="0.001770"/>
</iter>
<iter>
<kw name="Dictionary Should Contain Key" owner="Collections">
<arg>${json_data['results'][0]}</arg>
<arg>${key}</arg>
<doc>Fails if ``key`` is not found from ``dictionary``.</doc>
<status status="PASS" start="2024-08-04T19:12:27.050105" elapsed="0.000429"/>
</kw>
<kw name="Log" owner="BuiltIn">
<msg time="2024-08-04T19:12:27.051217" level="INFO">{'gender': 'male', 'name': {'title': 'Mr', 'first': 'Rudie', 'last': 'Gerretsen'}, 'location': {'street': {'number': 8503, 'name': 'Donderveldstraat'}, 'city': 'Winterswijk Corle', 'state': 'Zuid-Holland', 'country': 'Netherlands', 'postcode': '8664 YU', 'coordinates': {'latitude': '38.0994', 'longitude': '-159.4486'}, 'timezone': {'offset': '+2:00', 'description': 'Kaliningrad, South Africa'}}, 'email': 'rudie.gerretsen@example.com', 'login': {'uuid': 'c38d7fef-321d-42a8-8f9f-cee2adb96b79', 'username': 'purplewolf797', 'password': 'woofwoof', 'salt': 'ljh2kOFU', 'md5': '004ba1719ec699e7c0df22c806d0a548', 'sha1': '2dfede7d816d4fabe879c46b25b5bd05cb53224b', 'sha256': 'c33aff9bf26f05f14f432d57a0ef8ed227cd42df5ef773a4a5bfa6106189f46a'}, 'dob': {'date': '1997-01-22T07:10:12.948Z', 'age': 27}, 'registered': {'date': '2020-01-15T01:56:04.074Z', 'age': 4}, 'phone': '(068) 7537450', 'cell': '(06) 67360607', 'id': {'name': 'BSN', 'value': '30409034'}, 'picture': {'large': 'https://randomuser.me/api/portraits/men/15.jpg', 'medium': 'https://randomuser.me/api/portraits/med/men/15.jpg', 'thumbnail': 'https://randomuser.me/api/portraits/thumb/men/15.jpg'}, 'nat': 'NL'}</msg>
<arg>${json_data['results'][0]}</arg>
<doc>Logs the given message with the given level.</doc>
<status status="PASS" start="2024-08-04T19:12:27.050858" elapsed="0.000406"/>
</kw>
<kw name="Log" owner="BuiltIn">
<msg time="2024-08-04T19:12:27.051698" level="INFO">email</msg>
<arg>${key}</arg>
<doc>Logs the given message with the given level.</doc>
<status status="PASS" start="2024-08-04T19:12:27.051563" elapsed="0.000173"/>
</kw>
<var name="${key}">email</var>
<status status="PASS" start="2024-08-04T19:12:27.049997" elapsed="0.001956"/>
</iter>
<iter>
<kw name="Dictionary Should Contain Key" owner="Collections">
<arg>${json_data['results'][0]}</arg>
<arg>${key}</arg>
<doc>Fails if ``key`` is not found from ``dictionary``.</doc>
<status status="PASS" start="2024-08-04T19:12:27.052239" elapsed="0.000377"/>
</kw>
<kw name="Log" owner="BuiltIn">
<msg time="2024-08-04T19:12:27.053143" level="INFO">{'gender': 'male', 'name': {'title': 'Mr', 'first': 'Rudie', 'last': 'Gerretsen'}, 'location': {'street': {'number': 8503, 'name': 'Donderveldstraat'}, 'city': 'Winterswijk Corle', 'state': 'Zuid-Holland', 'country': 'Netherlands', 'postcode': '8664 YU', 'coordinates': {'latitude': '38.0994', 'longitude': '-159.4486'}, 'timezone': {'offset': '+2:00', 'description': 'Kaliningrad, South Africa'}}, 'email': 'rudie.gerretsen@example.com', 'login': {'uuid': 'c38d7fef-321d-42a8-8f9f-cee2adb96b79', 'username': 'purplewolf797', 'password': 'woofwoof', 'salt': 'ljh2kOFU', 'md5': '004ba1719ec699e7c0df22c806d0a548', 'sha1': '2dfede7d816d4fabe879c46b25b5bd05cb53224b', 'sha256': 'c33aff9bf26f05f14f432d57a0ef8ed227cd42df5ef773a4a5bfa6106189f46a'}, 'dob': {'date': '1997-01-22T07:10:12.948Z', 'age': 27}, 'registered': {'date': '2020-01-15T01:56:04.074Z', 'age': 4}, 'phone': '(068) 7537450', 'cell': '(06) 67360607', 'id': {'name': 'BSN', 'value': '30409034'}, 'picture': {'large': 'https://randomuser.me/api/portraits/men/15.jpg', 'medium': 'https://randomuser.me/api/portraits/med/men/15.jpg', 'thumbnail': 'https://randomuser.me/api/portraits/thumb/men/15.jpg'}, 'nat': 'NL'}</msg>
<arg>${json_data['results'][0]}</arg>
<doc>Logs the given message with the given level.</doc>
<status status="PASS" start="2024-08-04T19:12:27.052796" elapsed="0.000394"/>
</kw>
<kw name="Log" owner="BuiltIn">
<msg time="2024-08-04T19:12:27.053622" level="INFO">login</msg>
<arg>${key}</arg>
<doc>Logs the given message with the given level.</doc>
<status status="PASS" start="2024-08-04T19:12:27.053482" elapsed="0.000177"/>
</kw>
<var name="${key}">login</var>
<status status="PASS" start="2024-08-04T19:12:27.052128" elapsed="0.001745"/>
</iter>
<var>${key}</var>
<value>@{expected_keys}</value>
<status status="PASS" start="2024-08-04T19:12:27.043787" elapsed="0.010207"/>
</for>
<kw name="Create List" owner="BuiltIn">
<msg time="2024-08-04T19:12:27.054354" level="INFO">${expected_keysTwo} = ['username', 'password']</msg>
<var>${expected_keysTwo}</var>
<arg>username</arg>
<arg>password</arg>
<doc>Returns a list containing given items.</doc>
<status status="PASS" start="2024-08-04T19:12:27.054215" elapsed="0.000163"/>
</kw>
<for flavor="IN">
<iter>
<kw name="Dictionary Should Contain Key" owner="Collections">
<arg>${json_data['results'][0]['login']}</arg>
<arg>${keyTwo}</arg>
<doc>Fails if ``key`` is not found from ``dictionary``.</doc>
<status status="PASS" start="2024-08-04T19:12:27.054968" elapsed="0.000382"/>
</kw>
<kw name="Dictionary Should Contain Key" owner="Collections">
<arg>${json_data['results'][0]['login']}</arg>
<arg>${keyTwo}</arg>
<doc>Fails if ``key`` is not found from ``dictionary``.</doc>
<status status="PASS" start="2024-08-04T19:12:27.055537" elapsed="0.000414"/>
</kw>
<kw name="Log" owner="BuiltIn">
<msg time="2024-08-04T19:12:27.056257" level="INFO">username</msg>
<arg>${keyTwo}</arg>
<doc>Logs the given message with the given level.</doc>
<status status="PASS" start="2024-08-04T19:12:27.056136" elapsed="0.000158"/>
</kw>
<var name="${keyTwo}">username</var>
<status status="PASS" start="2024-08-04T19:12:27.054855" elapsed="0.001661"/>
</iter>
<iter>
<kw name="Dictionary Should Contain Key" owner="Collections">
<arg>${json_data['results'][0]['login']}</arg>
<arg>${keyTwo}</arg>
<doc>Fails if ``key`` is not found from ``dictionary``.</doc>
<status status="PASS" start="2024-08-04T19:12:27.056797" elapsed="0.000385"/>
</kw>
<kw name="Dictionary Should Contain Key" owner="Collections">
<arg>${json_data['results'][0]['login']}</arg>
<arg>${keyTwo}</arg>
<doc>Fails if ``key`` is not found from ``dictionary``.</doc>
<status status="PASS" start="2024-08-04T19:12:27.057371" elapsed="0.000366"/>
</kw>
<kw name="Log" owner="BuiltIn">
<msg time="2024-08-04T19:12:27.058031" level="INFO">password</msg>
<arg>${keyTwo}</arg>
<doc>Logs the given message with the given level.</doc>
<status status="PASS" start="2024-08-04T19:12:27.057912" elapsed="0.000156"/>
</kw>
<var name="${keyTwo}">password</var>
<status status="PASS" start="2024-08-04T19:12:27.056689" elapsed="0.001609"/>
</iter>
<var>${keyTwo}</var>
<value>@{expected_keysTwo}</value>
<status status="PASS" start="2024-08-04T19:12:27.054679" elapsed="0.003738"/>
</for>
<status status="PASS" start="2024-08-04T19:12:26.934853" elapsed="0.123763"/>
</kw>
<doc>Testa a estrutura da resposta da API.</doc>
<tag>testeEstruturaResposta</tag>
<status status="PASS" start="2024-08-04T19:12:26.934315" elapsed="0.124467"/>
</test>
<test id="s1-s1-t4" name="Validar tipos de dados" line="28">
<kw name="Teste de Tipos de Dados" owner="random-user-service">
<kw name="GET On Session" owner="RequestsLibrary">
<msg time="2024-08-04T19:12:27.157848" level="INFO">GET Request : url=https://randomuser.me/api 
 path_url=/api 
 headers={'User-Agent': 'python-requests/2.32.3', 'Accept-Encoding': 'gzip, deflate', 'Accept': '*/*', 'Connection': 'keep-alive'} 
 body=None 
 </msg>
<msg time="2024-08-04T19:12:27.157959" level="INFO">GET Response : url=https://randomuser.me/api 
 status=200, reason=OK 
 headers={'Date': 'Sun, 04 Aug 2024 19:12:27 GMT', 'Content-Type': 'application/json; charset=utf-8', 'Transfer-Encoding': 'chunked', 'Connection': 'keep-alive', 'X-Powered-By': 'Express', 'Access-Control-Allow-Origin': '*', 'Cache-Control': 'no-cache', 'ETag': 'W/"494-3ibxogHFXFPK/0cSKo9idMWz9fI"', 'Vary': 'Accept-Encoding', 'Content-Encoding': 'gzip', 'CF-Cache-Status': 'DYNAMIC', 'Report-To': '{"endpoints":[{"url":"https:\\/\\/a.nel.cloudflare.com\\/report\\/v4?s=zhvciDr%2B1ANRlFSfqJLQDVL5TGXMx9SX47VbkwmkxCjeA7JOeD5P9YDKBdFg1D%2Bq7ErdcRttbc9hVuJtL4w2ShBg2pULG5IPyLGVCG8V6L1RGhOKMYEVcZpGY2hyPKVj"}],"group":"cf-nel","max_age":604800}', 'NEL': '{"success_fraction":0,"report_to":"cf-nel","max_age":604800}', 'Server': 'cloudflare', 'CF-RAY': '8ae0dbe92c1bce88-SJC', 'alt-svc': 'h3=":443"; ma=86400'} 
 body={"results":[{"gender":"male","name":{"title":"Mr","first":"Maxime","last":"Perez"},"location":{"street":{"number":2244,"name":"Rue de la Charité"},"city":"Colombes","state":"Corrèze","country":"France","postcode":12442,"coordinates":{"latitude":"-20.7079","longitude":"-130.1233"},"timezone":{"offset":"-3:00","description":"Brazil, Buenos Aires, Georgetown"}},"email":"maxime.perez@example.com","login":{"uuid":"ac53a420-25f8-4781-94b4-60a75819009f","username":"sadfish478","password":"doogie","salt":"lw7ICHfZ","md5":"b8f974d3a2ddb80868180b1ccbba7086","sha1":"98ce1569f8fa686a19ad86d7e58042ce2174c376","sha256":"a7faaca900b31ffd772bd62493bf9bec95564b751d44929681398d532ca14b6e"},"dob":{"date":"1946-03-13T12:12:12.464Z","age":78},"registered":{"date":"2015-12-23T05:02:37.555Z","age":8},"phone":"02-50-50-06-92","cell":"06-13-74-32-12","id":{"name":"INSEE","value":"1460231206485 23"},"picture":{"large":"https://randomuser.me/api/portraits/men/45.jpg","medium":"https://randomuser.me/api/portraits/med/men/45.jpg","thumbnail":"https://randomuser.me/api/portraits/thumb/men/45.jpg"},"nat":"FR"}],"info":{"seed":"a109d920966bd292","results":1,"page":1,"version":"1.4"}} 
 </msg>
<msg time="2024-08-04T19:12:27.158062" level="INFO">/opt/hostedtoolcache/Python/3.12.4/x64/lib/python3.12/site-packages/urllib3/connectionpool.py:1099: InsecureRequestWarning: Unverified HTTPS request is being made to host 'randomuser.me'. Adding certificate verification is strongly advised. See: https://urllib3.readthedocs.io/en/latest/advanced-usage.html#tls-warnings
  warnings.warn(</msg>
<msg time="2024-08-04T19:12:27.158195" level="INFO">${response} = &lt;Response [200]&gt;</msg>
<var>${response}</var>
<arg>consultarAPI</arg>
<arg>/api</arg>
<doc>Sends a GET request on a previously created HTTP Session.</doc>
<status status="PASS" start="2024-08-04T19:12:27.061172" elapsed="0.097070"/>
</kw>
<kw name="Set Variable" owner="BuiltIn">
<msg time="2024-08-04T19:12:27.159349" level="INFO">${json_data} = {'results': [{'gender': 'male', 'name': {'title': 'Mr', 'first': 'Maxime', 'last': 'Perez'}, 'location': {'street': {'number': 2244, 'name': 'Rue de la Charité'}, 'city': 'Colombes', 'state': 'Corrèze...</msg>
<var>${json_data}</var>
<arg>${response.json()}</arg>
<doc>Returns the given values which can then be assigned to a variables.</doc>
<status status="PASS" start="2024-08-04T19:12:27.158812" elapsed="0.000567"/>
</kw>
<kw name="Log" owner="BuiltIn">
<msg time="2024-08-04T19:12:27.159841" level="INFO">{'results': [{'gender': 'male', 'name': {'title': 'Mr', 'first': 'Maxime', 'last': 'Perez'}, 'location': {'street': {'number': 2244, 'name': 'Rue de la Charité'}, 'city': 'Colombes', 'state': 'Corrèze', 'country': 'France', 'postcode': 12442, 'coordinates': {'latitude': '-20.7079', 'longitude': '-130.1233'}, 'timezone': {'offset': '-3:00', 'description': 'Brazil, Buenos Aires, Georgetown'}}, 'email': 'maxime.perez@example.com', 'login': {'uuid': 'ac53a420-25f8-4781-94b4-60a75819009f', 'username': 'sadfish478', 'password': 'doogie', 'salt': 'lw7ICHfZ', 'md5': 'b8f974d3a2ddb80868180b1ccbba7086', 'sha1': '98ce1569f8fa686a19ad86d7e58042ce2174c376', 'sha256': 'a7faaca900b31ffd772bd62493bf9bec95564b751d44929681398d532ca14b6e'}, 'dob': {'date': '1946-03-13T12:12:12.464Z', 'age': 78}, 'registered': {'date': '2015-12-23T05:02:37.555Z', 'age': 8}, 'phone': '02-50-50-06-92', 'cell': '06-13-74-32-12', 'id': {'name': 'INSEE', 'value': '1460231206485 23'}, 'picture': {'large': 'https://randomuser.me/api/portraits/men/45.jpg', 'medium': 'https://randomuser.me/api/portraits/med/men/45.jpg', 'thumbnail': 'https://randomuser.me/api/portraits/thumb/men/45.jpg'}, 'nat': 'FR'}], 'info': {'seed': 'a109d920966bd292', 'results': 1, 'page': 1, 'version': '1.4'}}</msg>
<arg>${json_data}</arg>
<doc>Logs the given message with the given level.</doc>
<status status="PASS" start="2024-08-04T19:12:27.159682" elapsed="0.000209"/>
</kw>
<kw name="Should Be String" owner="String">
<arg>${json_data['results'][0]['gender']}</arg>
<doc>Fails if the given ``item`` is not a string.</doc>
<status status="PASS" start="2024-08-04T19:12:27.160185" elapsed="0.000354"/>
</kw>
<kw name="Should Match Regexp" owner="BuiltIn">
<arg>${json_data['results'][0]['email']}</arg>
<arg>^[a-zA-Z0-9._%+-]+@[a-zA-Z0-9.-]+\.[a-zA-Z]{2,}$</arg>
<doc>Fails if ``string`` does not match ``pattern`` as a regular expression.</doc>
<status status="PASS" start="2024-08-04T19:12:27.160767" elapsed="0.000518"/>
</kw>
<kw name="Should Match Regexp" owner="BuiltIn">
<arg>${json_data['results'][0]['dob']['date']}</arg>
<arg>\\d{4}-\\d{2}-\\d{2}T\\d{2}:\\d{2}:\\d{2}\\.\\d{3}Z</arg>
<doc>Fails if ``string`` does not match ``pattern`` as a regular expression.</doc>
<status status="PASS" start="2024-08-04T19:12:27.161480" elapsed="0.000629"/>
</kw>
<kw name="Should Match Regexp" owner="BuiltIn">
<arg>${json_data['results'][0]['registered']['date']}</arg>
<arg>\\d{4}-\\d{2}-\\d{2}T\\d{2}:\\d{2}:\\d{2}\\.\\d{3}Z</arg>
<doc>Fails if ``string`` does not match ``pattern`` as a regular expression.</doc>
<status status="PASS" start="2024-08-04T19:12:27.162302" elapsed="0.000405"/>
</kw>
<kw name="Should Match Regexp" owner="BuiltIn">
<arg>${json_data['results'][0]['picture']['large']}</arg>
<arg>^https?://.*\.(?:png|jpe?g|gif|bmp)$</arg>
<doc>Fails if ``string`` does not match ``pattern`` as a regular expression.</doc>
<status status="PASS" start="2024-08-04T19:12:27.162894" elapsed="0.000461"/>
</kw>
<kw name="Should Match Regexp" owner="BuiltIn">
<arg>${json_data['results'][0]['picture']['medium']}</arg>
<arg>^https?://.*\.(?:png|jpe?g|gif|bmp)$</arg>
<doc>Fails if ``string`` does not match ``pattern`` as a regular expression.</doc>
<status status="PASS" start="2024-08-04T19:12:27.163544" elapsed="0.000363"/>
</kw>
<kw name="Should Match Regexp" owner="BuiltIn">
<arg>${json_data['results'][0]['picture']['thumbnail']}</arg>
<arg>^https?://.*\.(?:png|jpe?g|gif|bmp)$</arg>
<doc>Fails if ``string`` does not match ``pattern`` as a regular expression.</doc>
<status status="PASS" start="2024-08-04T19:12:27.164092" elapsed="0.000350"/>
</kw>
<kw name="Log" owner="BuiltIn">
<msg time="2024-08-04T19:12:27.164946" level="INFO">{'large': 'https://randomuser.me/api/portraits/men/45.jpg', 'medium': 'https://randomuser.me/api/portraits/med/men/45.jpg', 'thumbnail': 'https://randomuser.me/api/portraits/thumb/men/45.jpg'}</msg>
<arg>${json_data['results'][0]['picture']}</arg>
<doc>Logs the given message with the given level.</doc>
<status status="PASS" start="2024-08-04T19:12:27.164625" elapsed="0.000363"/>
</kw>
<status status="PASS" start="2024-08-04T19:12:27.060944" elapsed="0.104305"/>
</kw>
<kw name="Teste de Tipos de Dados - Postcode" owner="random-user-service">
<kw name="GET On Session" owner="RequestsLibrary">
<msg time="2024-08-04T19:12:27.327937" level="INFO">GET Request : url=https://randomuser.me/api 
 path_url=/api 
 headers={'User-Agent': 'python-requests/2.32.3', 'Accept-Encoding': 'gzip, deflate', 'Accept': '*/*', 'Connection': 'keep-alive'} 
 body=None 
 </msg>
<msg time="2024-08-04T19:12:27.328033" level="INFO">GET Response : url=https://randomuser.me/api 
 status=200, reason=OK 
 headers={'Date': 'Sun, 04 Aug 2024 19:12:27 GMT', 'Content-Type': 'application/json; charset=utf-8', 'Transfer-Encoding': 'chunked', 'Connection': 'keep-alive', 'X-Powered-By': 'Express', 'Access-Control-Allow-Origin': '*', 'Cache-Control': 'no-cache', 'ETag': 'W/"46e-+BUgf0NbFdSdnVyiwBopR5Qg/+I"', 'Vary': 'Accept-Encoding', 'Content-Encoding': 'gzip', 'CF-Cache-Status': 'DYNAMIC', 'Report-To': '{"endpoints":[{"url":"https:\\/\\/a.nel.cloudflare.com\\/report\\/v4?s=Sli%2BiAD8pemOhv5hfSIhmf8fkmhC6VoSOlDEM9cg3619PAbdkbfckTJBAqpKUz3NjJXOdKSsd3vCbIINkYXNsVZbiABV1aQkN3hruOpgFywKTiQxZOjd9ch30Puwfs05"}],"group":"cf-nel","max_age":604800}', 'NEL': '{"success_fraction":0,"report_to":"cf-nel","max_age":604800}', 'Server': 'cloudflare', 'CF-RAY': '8ae0dbe9cc8bce88-SJC', 'alt-svc': 'h3=":443"; ma=86400'} 
 body={"results":[{"gender":"male","name":{"title":"Mr","first":"Lucas","last":"Nielsen"},"location":{"street":{"number":3708,"name":"Porsevej"},"city":"Viby Sj.","state":"Midtjylland","country":"Denmark","postcode":74899,"coordinates":{"latitude":"-42.5107","longitude":"-115.1337"},"timezone":{"offset":"+9:30","description":"Adelaide, Darwin"}},"email":"lucas.nielsen@example.com","login":{"uuid":"79e5af5b-a802-4f27-bead-44f82c5f9194","username":"redsnake358","password":"utopia","salt":"NGah7jCl","md5":"a3896a0641aee9316e9261b5fa7f3129","sha1":"fd7a06d5b297396d27ff7dc1d3c38aad8104cce5","sha256":"9e383dd1955db2937932ffd33ae3b29e6580736252a92cc9c2c5ce78e15a5fbb"},"dob":{"date":"1959-01-04T20:41:51.260Z","age":65},"registered":{"date":"2021-03-28T10:49:39.962Z","age":3},"phone":"18395163","cell":"97773736","id":{"name":"CPR","value":"040159-6167"},"picture":{"large":"https://randomuser.me/api/portraits/men/55.jpg","medium":"https://randomuser.me/api/portraits/med/men/55.jpg","thumbnail":"https://randomuser.me/api/portraits/thumb/men/55.jpg"},"nat":"DK"}],"info":{"seed":"3b67b49285895e33","results":1,"page":1,"version":"1.4"}} 
 </msg>
<msg time="2024-08-04T19:12:27.328100" level="INFO">/opt/hostedtoolcache/Python/3.12.4/x64/lib/python3.12/site-packages/urllib3/connectionpool.py:1099: InsecureRequestWarning: Unverified HTTPS request is being made to host 'randomuser.me'. Adding certificate verification is strongly advised. See: https://urllib3.readthedocs.io/en/latest/advanced-usage.html#tls-warnings
  warnings.warn(</msg>
<msg time="2024-08-04T19:12:27.328222" level="INFO">${response} = &lt;Response [200]&gt;</msg>
<var>${response}</var>
<arg>consultarAPI</arg>
<arg>/api</arg>
<doc>Sends a GET request on a previously created HTTP Session.</doc>
<status status="PASS" start="2024-08-04T19:12:27.165697" elapsed="0.162566"/>
</kw>
<kw name="Set Variable" owner="BuiltIn">
<msg time="2024-08-04T19:12:27.329290" level="INFO">${json_data} = {'results': [{'gender': 'male', 'name': {'title': 'Mr', 'first': 'Lucas', 'last': 'Nielsen'}, 'location': {'street': {'number': 3708, 'name': 'Porsevej'}, 'city': 'Viby Sj.', 'state': 'Midtjylland', '...</msg>
<var>${json_data}</var>
<arg>${response.json()}</arg>
<doc>Returns the given values which can then be assigned to a variables.</doc>
<status status="PASS" start="2024-08-04T19:12:27.328781" elapsed="0.000537"/>
</kw>
<kw name="Log" owner="BuiltIn">
<msg time="2024-08-04T19:12:27.329781" level="INFO">{'results': [{'gender': 'male', 'name': {'title': 'Mr', 'first': 'Lucas', 'last': 'Nielsen'}, 'location': {'street': {'number': 3708, 'name': 'Porsevej'}, 'city': 'Viby Sj.', 'state': 'Midtjylland', 'country': 'Denmark', 'postcode': 74899, 'coordinates': {'latitude': '-42.5107', 'longitude': '-115.1337'}, 'timezone': {'offset': '+9:30', 'description': 'Adelaide, Darwin'}}, 'email': 'lucas.nielsen@example.com', 'login': {'uuid': '79e5af5b-a802-4f27-bead-44f82c5f9194', 'username': 'redsnake358', 'password': 'utopia', 'salt': 'NGah7jCl', 'md5': 'a3896a0641aee9316e9261b5fa7f3129', 'sha1': 'fd7a06d5b297396d27ff7dc1d3c38aad8104cce5', 'sha256': '9e383dd1955db2937932ffd33ae3b29e6580736252a92cc9c2c5ce78e15a5fbb'}, 'dob': {'date': '1959-01-04T20:41:51.260Z', 'age': 65}, 'registered': {'date': '2021-03-28T10:49:39.962Z', 'age': 3}, 'phone': '18395163', 'cell': '97773736', 'id': {'name': 'CPR', 'value': '040159-6167'}, 'picture': {'large': 'https://randomuser.me/api/portraits/men/55.jpg', 'medium': 'https://randomuser.me/api/portraits/med/men/55.jpg', 'thumbnail': 'https://randomuser.me/api/portraits/thumb/men/55.jpg'}, 'nat': 'DK'}], 'info': {'seed': '3b67b49285895e33', 'results': 1, 'page': 1, 'version': '1.4'}}</msg>
<arg>${json_data}</arg>
<doc>Logs the given message with the given level.</doc>
<status status="PASS" start="2024-08-04T19:12:27.329625" elapsed="0.000201"/>
</kw>
<kw name="Should Be Equal As Numbers" owner="BuiltIn">
<arg>${json_data['results'][0]['location']['postcode']}</arg>
<arg>${json_data['results'][0]['location']['postcode']}</arg>
<doc>Fails if objects are unequal after converting them to real numbers.</doc>
<status status="PASS" start="2024-08-04T19:12:27.330122" elapsed="0.000662"/>
</kw>
<kw name="Log" owner="BuiltIn">
<msg time="2024-08-04T19:12:27.331314" level="INFO">74899</msg>
<arg>${json_data['results'][0]['location']['postcode']}</arg>
<doc>Logs the given message with the given level.</doc>
<status status="PASS" start="2024-08-04T19:12:27.330972" elapsed="0.000419"/>
</kw>
<status status="PASS" start="2024-08-04T19:12:27.165472" elapsed="0.166180"/>
</kw>
<doc>Testa se os tipos de dados na resposta da API estão corretos.</doc>
<tag>testeTiposDados</tag>
<status status="PASS" start="2024-08-04T19:12:27.060508" elapsed="0.271314"/>
</test>
<test id="s1-s1-t5" name="Validar conteudo" line="35">
<kw name="Teste de Tipos de Conteudo" owner="random-user-service">
<kw name="GET On Session" owner="RequestsLibrary">
<msg time="2024-08-04T19:12:27.427201" level="INFO">GET Request : url=https://randomuser.me/api 
 path_url=/api 
 headers={'User-Agent': 'python-requests/2.32.3', 'Accept-Encoding': 'gzip, deflate', 'Accept': '*/*', 'Connection': 'keep-alive'} 
 body=None 
 </msg>
<msg time="2024-08-04T19:12:27.427310" level="INFO">GET Response : url=https://randomuser.me/api 
 status=200, reason=OK 
 headers={'Date': 'Sun, 04 Aug 2024 19:12:27 GMT', 'Content-Type': 'application/json; charset=utf-8', 'Transfer-Encoding': 'chunked', 'Connection': 'keep-alive', 'X-Powered-By': 'Express', 'Access-Control-Allow-Origin': '*', 'Cache-Control': 'no-cache', 'ETag': 'W/"4a1-h3gRFgy6glOhPI1a1Yawo56yf4U"', 'Vary': 'Accept-Encoding', 'Content-Encoding': 'gzip', 'CF-Cache-Status': 'DYNAMIC', 'Report-To': '{"endpoints":[{"url":"https:\\/\\/a.nel.cloudflare.com\\/report\\/v4?s=PEwkuvmuwSfrpNyOlXeVWVwDfKzo6mtnaqhCevGLV%2Fe6CZDoJClqvaXfCVuKDf71hvyN0EIjX4ba2XFzGn4Ji59lshDB3g5VJeYhA1Lx0HLHVCkJUfgipf9wT08bywCO"}],"group":"cf-nel","max_age":604800}', 'NEL': '{"success_fraction":0,"report_to":"cf-nel","max_age":604800}', 'Server': 'cloudflare', 'CF-RAY': '8ae0dbeadd8ece88-SJC', 'alt-svc': 'h3=":443"; ma=86400'} 
 body={"results":[{"gender":"female","name":{"title":"Ms","first":"Eugenia","last":"Ramírez"},"location":{"street":{"number":9617,"name":"Calle de Argumosa"},"city":"Torrevieja","state":"Extremadura","country":"Spain","postcode":66362,"coordinates":{"latitude":"-31.1882","longitude":"32.5972"},"timezone":{"offset":"-5:00","description":"Eastern Time (US &amp; Canada), Bogota, Lima"}},"email":"eugenia.ramirez@example.com","login":{"uuid":"5be4f5e9-a9ca-4cf5-85ad-0eaaf242498d","username":"ticklishbear942","password":"ozzy","salt":"KWNX0tpv","md5":"54b62f0e2f928baf0ba6a5bf6f4ab664","sha1":"12123d84b2fc76865897d83563d07f9e73cc6238","sha256":"4d1e4aadeccfb6de77e94389977e5d3583257f9262aa946fcc48f2f88a007d36"},"dob":{"date":"1980-11-28T21:20:36.396Z","age":43},"registered":{"date":"2015-08-05T10:30:04.690Z","age":8},"phone":"912-126-586","cell":"646-227-127","id":{"name":"DNI","value":"06016146-F"},"picture":{"large":"https://randomuser.me/api/portraits/women/94.jpg","medium":"https://randomuser.me/api/portraits/med/women/94.jpg","thumbnail":"https://randomuser.me/api/portraits/thumb/women/94.jpg"},"nat":"ES"}],"info":{"seed":"a4e3055e778abb47","results":1,"page":1,"version":"1.4"}} 
 </msg>
<msg time="2024-08-04T19:12:27.427397" level="INFO">/opt/hostedtoolcache/Python/3.12.4/x64/lib/python3.12/site-packages/urllib3/connectionpool.py:1099: InsecureRequestWarning: Unverified HTTPS request is being made to host 'randomuser.me'. Adding certificate verification is strongly advised. See: https://urllib3.readthedocs.io/en/latest/advanced-usage.html#tls-warnings
  warnings.warn(</msg>
<msg time="2024-08-04T19:12:27.427539" level="INFO">${response} = &lt;Response [200]&gt;</msg>
<var>${response}</var>
<arg>consultarAPI</arg>
<arg>/api</arg>
<doc>Sends a GET request on a previously created HTTP Session.</doc>
<status status="PASS" start="2024-08-04T19:12:27.334310" elapsed="0.093281"/>
</kw>
<kw name="Set Variable" owner="BuiltIn">
<msg time="2024-08-04T19:12:27.428652" level="INFO">${json_data} = {'results': [{'gender': 'female', 'name': {'title': 'Ms', 'first': 'Eugenia', 'last': 'Ramírez'}, 'location': {'street': {'number': 9617, 'name': 'Calle de Argumosa'}, 'city': 'Torrevieja', 'state': '...</msg>
<var>${json_data}</var>
<arg>${response.json()}</arg>
<doc>Returns the given values which can then be assigned to a variables.</doc>
<status status="PASS" start="2024-08-04T19:12:27.428118" elapsed="0.000565"/>
</kw>
<kw name="Set Variable" owner="BuiltIn">
<msg time="2024-08-04T19:12:27.429381" level="INFO">${name_title} = Ms</msg>
<var>${name_title}</var>
<arg>${json_data["results"][0]["name"]["title"]}</arg>
<doc>Returns the given values which can then be assigned to a variables.</doc>
<status status="PASS" start="2024-08-04T19:12:27.428993" elapsed="0.000414"/>
</kw>
<kw name="Create List" owner="BuiltIn">
<msg time="2024-08-04T19:12:27.429866" level="INFO">${allowed_titles} = ['Mr', 'Ms', 'Miss', 'Mrs', 'Madame', 'Monsieur']</msg>
<var>${allowed_titles}</var>
<arg>Mr</arg>
<arg>Ms</arg>
<arg>Miss</arg>
<arg>Mrs</arg>
<arg>Madame</arg>
<arg>Monsieur</arg>
<doc>Returns a list containing given items.</doc>
<status status="PASS" start="2024-08-04T19:12:27.429711" elapsed="0.000181"/>
</kw>
<kw name="List Should Contain Value" owner="Collections">
<arg>${allowed_titles}</arg>
<arg>${name_title}</arg>
<doc>Fails if the ``value`` is not found from ``list``.</doc>
<status status="PASS" start="2024-08-04T19:12:27.430197" elapsed="0.000183"/>
</kw>
<kw name="Set Variable" owner="BuiltIn">
<msg time="2024-08-04T19:12:27.431015" level="INFO">${name_country} = ES</msg>
<var>${name_country}</var>
<arg>${json_data["results"][0]["nat"]}</arg>
<doc>Returns the given values which can then be assigned to a variables.</doc>
<status status="PASS" start="2024-08-04T19:12:27.430634" elapsed="0.000406"/>
</kw>
<kw name="Create List" owner="BuiltIn">
<msg time="2024-08-04T19:12:27.431931" level="INFO">${list_country} = ['AD', 'AE', 'AF', 'AG', 'AI', 'AL', 'AM', 'AO', 'AQ', 'AR', 'AS', 'AT', 'AU', 'AW', 'AX', 'AZ', 'BA', 'BB', 'BD', 'BE', 'BF', 'BG', 'BH', 'BI', 'BJ', 'BL', 'BM', 'BN', 'BO', 'BQ', 'BR', 'BS', 'BT', '...</msg>
<var>${list_country}</var>
<arg>AD</arg>
<arg>AE</arg>
<arg>AF</arg>
<arg>AG</arg>
<arg>AI</arg>
<arg>AL</arg>
<arg>AM</arg>
<arg>AO</arg>
<arg>AQ</arg>
<arg>AR</arg>
<arg>AS</arg>
<arg>AT</arg>
<arg>AU</arg>
<arg>AW</arg>
<arg>AX</arg>
<arg>AZ</arg>
<arg>BA</arg>
<arg>BB</arg>
<arg>BD</arg>
<arg>BE</arg>
<arg>BF</arg>
<arg>BG</arg>
<arg>BH</arg>
<arg>BI</arg>
<arg>BJ</arg>
<arg>BL</arg>
<arg>BM</arg>
<arg>BN</arg>
<arg>BO</arg>
<arg>BQ</arg>
<arg>BR</arg>
<arg>BS</arg>
<arg>BT</arg>
<arg>BV</arg>
<arg>BW</arg>
<arg>BY</arg>
<arg>BZ</arg>
<arg>CA</arg>
<arg>CC</arg>
<arg>CD</arg>
<arg>CF</arg>
<arg>CG</arg>
<arg>CH</arg>
<arg>CI</arg>
<arg>CK</arg>
<arg>CL</arg>
<arg>CM</arg>
<arg>CN</arg>
<arg>CO</arg>
<arg>CR</arg>
<arg>CU</arg>
<arg>CV</arg>
<arg>CW</arg>
<arg>CX</arg>
<arg>CY</arg>
<arg>CZ</arg>
<arg>DE</arg>
<arg>DJ</arg>
<arg>DK</arg>
<arg>DM</arg>
<arg>DO</arg>
<arg>DZ</arg>
<arg>EC</arg>
<arg>EE</arg>
<arg>EG</arg>
<arg>EH</arg>
<arg>ER</arg>
<arg>ES</arg>
<arg>ET</arg>
<arg>FI</arg>
<arg>FJ</arg>
<arg>FK</arg>
<arg>FM</arg>
<arg>FO</arg>
<arg>FR</arg>
<arg>GA</arg>
<arg>GB</arg>
<arg>GD</arg>
<arg>GE</arg>
<arg>GF</arg>
<arg>GG</arg>
<arg>GH</arg>
<arg>GI</arg>
<arg>GL</arg>
<arg>GM</arg>
<arg>GN</arg>
<arg>GP</arg>
<arg>GQ</arg>
<arg>GR</arg>
<arg>GS</arg>
<arg>GT</arg>
<arg>GU</arg>
<arg>GW</arg>
<arg>GY</arg>
<arg>HK</arg>
<arg>HM</arg>
<arg>HN</arg>
<arg>HR</arg>
<arg>HT</arg>
<arg>HU</arg>
<arg>ID</arg>
<arg>IE</arg>
<arg>IL</arg>
<arg>IM</arg>
<arg>IN</arg>
<arg>IO</arg>
<arg>IQ</arg>
<arg>IR</arg>
<arg>IS</arg>
<arg>IT</arg>
<arg>JE</arg>
<arg>JM</arg>
<arg>JO</arg>
<arg>JP</arg>
<arg>KE</arg>
<arg>KG</arg>
<arg>KH</arg>
<arg>KI</arg>
<arg>KM</arg>
<arg>KN</arg>
<arg>KP</arg>
<arg>KR</arg>
<arg>KW</arg>
<arg>KY</arg>
<arg>KZ</arg>
<arg>LA</arg>
<arg>LB</arg>
<arg>LC</arg>
<arg>LI</arg>
<arg>LK</arg>
<arg>LR</arg>
<arg>LS</arg>
<arg>LT</arg>
<arg>LU</arg>
<arg>LV</arg>
<arg>LY</arg>
<arg>MA</arg>
<arg>MC</arg>
<arg>MD</arg>
<arg>ME</arg>
<arg>MF</arg>
<arg>MG</arg>
<arg>MH</arg>
<arg>MK</arg>
<arg>ML</arg>
<arg>MM</arg>
<arg>MN</arg>
<arg>MO</arg>
<arg>MP</arg>
<arg>MQ</arg>
<arg>MR</arg>
<arg>MS</arg>
<arg>MT</arg>
<arg>MU</arg>
<arg>MV</arg>
<arg>MW</arg>
<arg>MX</arg>
<arg>MY</arg>
<arg>MZ</arg>
<arg>NA</arg>
<arg>NC</arg>
<arg>NE</arg>
<arg>NF</arg>
<arg>NG</arg>
<arg>NI</arg>
<arg>NL</arg>
<arg>NO</arg>
<arg>NP</arg>
<arg>NR</arg>
<arg>NU</arg>
<arg>NZ</arg>
<arg>OM</arg>
<arg>PA</arg>
<arg>PE</arg>
<arg>PF</arg>
<arg>PG</arg>
<arg>PH</arg>
<arg>PK</arg>
<arg>PL</arg>
<arg>PM</arg>
<arg>PN</arg>
<arg>PR</arg>
<arg>PS</arg>
<arg>PT</arg>
<arg>PW</arg>
<arg>PY</arg>
<arg>QA</arg>
<arg>RE</arg>
<arg>RO</arg>
<arg>RS</arg>
<arg>RU</arg>
<arg>RW</arg>
<arg>SA</arg>
<arg>SB</arg>
<arg>SC</arg>
<arg>SD</arg>
<arg>SE</arg>
<arg>SG</arg>
<arg>SH</arg>
<arg>SI</arg>
<arg>SJ</arg>
<arg>SK</arg>
<arg>SL</arg>
<arg>SM</arg>
<arg>SN</arg>
<arg>SO</arg>
<arg>SR</arg>
<arg>SS</arg>
<arg>ST</arg>
<arg>SV</arg>
<arg>SX</arg>
<arg>SY</arg>
<arg>SZ</arg>
<arg>TC</arg>
<arg>TD</arg>
<arg>TF</arg>
<arg>TG</arg>
<arg>TH</arg>
<arg>TJ</arg>
<arg>TK</arg>
<arg>TL</arg>
<arg>TM</arg>
<arg>TN</arg>
<arg>TO</arg>
<arg>TR</arg>
<arg>TT</arg>
<arg>TV</arg>
<arg>TW</arg>
<arg>TZ</arg>
<arg>UA</arg>
<arg>UG</arg>
<arg>UM</arg>
<arg>US</arg>
<arg>UY</arg>
<arg>UZ</arg>
<arg>VA</arg>
<arg>VC</arg>
<arg>VE</arg>
<arg>VG</arg>
<arg>VI</arg>
<arg>VN</arg>
<arg>VU</arg>
<arg>WF</arg>
<arg>WS</arg>
<arg>XK</arg>
<arg>YE</arg>
<arg>YT</arg>
<arg>ZA</arg>
<arg>ZM</arg>
<arg>ZW</arg>
<doc>Returns a list containing given items.</doc>
<status status="PASS" start="2024-08-04T19:12:27.431335" elapsed="0.000622"/>
</kw>
<kw name="List Should Contain Value" owner="Collections">
<arg>${list_country}</arg>
<arg>${name_country}</arg>
<doc>Fails if the ``value`` is not found from ``list``.</doc>
<status status="PASS" start="2024-08-04T19:12:27.432938" elapsed="0.000207"/>
</kw>
<kw name="Run Keyword If" owner="BuiltIn">
<kw name="Should Be True" owner="BuiltIn">
<arg>${True}</arg>
<doc>Fails if the given condition is not true.</doc>
<status status="PASS" start="2024-08-04T19:12:27.434097" elapsed="0.000143"/>
</kw>
<arg>${json_data["results"][0]["location"]["coordinates"]["latitude"]} &gt;= -90 and ${json_data["results"][0]["location"]["coordinates"]["latitude"]} &lt;= 90</arg>
<arg>Should Be True</arg>
<arg>${True}</arg>
<doc>Runs the given keyword with the given arguments, if ``condition`` is true.</doc>
<status status="PASS" start="2024-08-04T19:12:27.433345" elapsed="0.001021"/>
</kw>
<kw name="Run Keyword If" owner="BuiltIn">
<kw name="Should Be True" owner="BuiltIn">
<arg>${True}</arg>
<doc>Fails if the given condition is not true.</doc>
<status status="PASS" start="2024-08-04T19:12:27.435275" elapsed="0.000137"/>
</kw>
<arg>${json_data["results"][0]["location"]["coordinates"]["longitude"]} &gt;= -180 and ${json_data["results"][0]["location"]["coordinates"]["longitude"]} &lt;= 180</arg>
<arg>Should Be True</arg>
<arg>${True}</arg>
<doc>Runs the given keyword with the given arguments, if ``condition`` is true.</doc>
<status status="PASS" start="2024-08-04T19:12:27.434580" elapsed="0.000954"/>
</kw>
<status status="PASS" start="2024-08-04T19:12:27.334084" elapsed="0.101580"/>
</kw>
<doc>Testa o conteúdo específico dos campos retornados pela API.</doc>
<tag>testeConteudo</tag>
<status status="PASS" start="2024-08-04T19:12:27.333594" elapsed="0.102222"/>
</test>
<status status="PASS" start="2024-08-04T19:12:26.319760" elapsed="1.117992"/>
</suite>
<status status="PASS" start="2024-08-04T19:12:26.305225" elapsed="1.137599"/>
</suite>
<statistics>
<total>
<stat pass="5" fail="0" skip="0">All Tests</stat>
</total>
<tag>
<stat pass="1" fail="0" skip="0">testeConteudo</stat>
<stat pass="1" fail="0" skip="0">testeEstruturaResposta</stat>
<stat pass="1" fail="0" skip="0">testeRequisicaoBasica</stat>
<stat pass="1" fail="0" skip="0">testeTiposDados</stat>
</tag>
<suite>
<stat pass="5" fail="0" skip="0" id="s1" name="Tests">Tests</stat>
<stat pass="5" fail="0" skip="0" id="s1-s1" name="Random-User-Test">Tests.Random-User-Test</stat>
</suite>
</statistics>
<errors>
</errors>
</robot>
