<?xml version="1.0" encoding="UTF-8"?>
<robot generator="Robot 7.0.1 (Python 3.12.4 on linux)" generated="2024-07-22T03:18:29.108521" rpa="false" schemaversion="5">
<suite id="s1" name="Tests" source="/home/runner/work/ApiRandomUser/ApiRandomUser/RamdonUser/tests">
<suite id="s1-s1" name="Random-User-Test" source="/home/runner/work/ApiRandomUser/ApiRandomUser/RamdonUser/tests/random-user-test.robot">
<test id="s1-s1-t1" name="Conectar" line="13">
<kw name="Conectar API" owner="random-user-service">
<kw name="Create Session" owner="RequestsLibrary">
<msg time="2024-07-22T03:18:29.568437" level="INFO">Creating Session using : alias=consultarAPI, url=https://randomuser.me/, headers={},                     cookies={}, auth=None, timeout=None, proxies=None, verify=False,                     debug=0 </msg>
<arg>consultarAPI</arg>
<arg>${URL}</arg>
<doc>Create Session: create a HTTP session to a server</doc>
<status status="PASS" start="2024-07-22T03:18:29.568216" elapsed="0.000426"/>
</kw>
<status status="PASS" start="2024-07-22T03:18:29.567095" elapsed="0.001932"/>
</kw>
<status status="PASS" start="2024-07-22T03:18:29.566476" elapsed="0.002756"/>
</test>
<test id="s1-s1-t2" name="Validar retorno 200 e JSON Válido" line="16">
<kw name="Teste de Requisicao Basica" owner="random-user-service">
<kw name="GET On Session" owner="RequestsLibrary">
<msg time="2024-07-22T03:18:29.712525" level="INFO">GET Request : url=https://randomuser.me/api 
 path_url=/api 
 headers={'User-Agent': 'python-requests/2.32.3', 'Accept-Encoding': 'gzip, deflate', 'Accept': '*/*', 'Connection': 'keep-alive'} 
 body=None 
 </msg>
<msg time="2024-07-22T03:18:29.712726" level="INFO">GET Response : url=https://randomuser.me/api 
 status=200, reason=OK 
 headers={'Date': 'Mon, 22 Jul 2024 03:18:29 GMT', 'Content-Type': 'application/json; charset=utf-8', 'Transfer-Encoding': 'chunked', 'Connection': 'keep-alive', 'X-Powered-By': 'Express', 'Access-Control-Allow-Origin': '*', 'Cache-Control': 'no-cache', 'ETag': 'W/"4af-y/iVuKZOCVLsktVH6k129cMmq+g"', 'Vary': 'Accept-Encoding', 'Content-Encoding': 'gzip', 'CF-Cache-Status': 'DYNAMIC', 'Report-To': '{"endpoints":[{"url":"https:\\/\\/a.nel.cloudflare.com\\/report\\/v4?s=w4U%2FQxkZdpxJXS6c4a7XbfvU88ojrq92VfpCDtmYh81UGKV2MGn3Oc%2FfUBqSIXc91EiaCM23MAlD9tJrvgt6JpZQPtMqNWrTrpDBqiq4P6srYtmZFNFM2lU4N8HK15tG"}],"group":"cf-nel","max_age":604800}', 'NEL': '{"success_fraction":0,"report_to":"cf-nel","max_age":604800}', 'Server': 'cloudflare', 'CF-RAY': '8a7048a32f657cb0-LAX', 'alt-svc': 'h3=":443"; ma=86400'} 
 body={"results":[{"gender":"female","name":{"title":"Miss","first":"Eleonora","last":"Kretzschmar"},"location":{"street":{"number":1400,"name":"Friedhofstraße"},"city":"Amöneburg","state":"Sachsen","country":"Germany","postcode":76972,"coordinates":{"latitude":"-54.7340","longitude":"141.6930"},"timezone":{"offset":"+1:00","description":"Brussels, Copenhagen, Madrid, Paris"}},"email":"eleonora.kretzschmar@example.com","login":{"uuid":"3727250c-bfdf-4619-866d-72f9b63a910c","username":"tinyladybug237","password":"grandam","salt":"9Z8zfMcz","md5":"4181e58f54c7a9856922ccf17243062d","sha1":"a77041fce36d595cd57422ab80655080da07910e","sha256":"bc797dbb8df8370f4c3af8379c4a4aa6d1a5ab67b1fbd8f39a310593cdfe8c0f"},"dob":{"date":"1999-03-03T04:34:11.534Z","age":25},"registered":{"date":"2013-11-01T17:58:22.076Z","age":10},"phone":"0426-5107284","cell":"0173-7030309","id":{"name":"SVNR","value":"26 020399 K 933"},"picture":{"large":"https://randomuser.me/api/portraits/women/67.jpg","medium":"https://randomuser.me/api/portraits/med/women/67.jpg","thumbnail":"https://randomuser.me/api/portraits/thumb/women/67.jpg"},"nat":"DE"}],"info":{"seed":"131cc10af7fd5c6d","results":1,"page":1,"version":"1.4"}} 
 </msg>
<msg time="2024-07-22T03:18:29.712841" level="INFO">/opt/hostedtoolcache/Python/3.12.4/x64/lib/python3.12/site-packages/urllib3/connectionpool.py:1099: InsecureRequestWarning: Unverified HTTPS request is being made to host 'randomuser.me'. Adding certificate verification is strongly advised. See: https://urllib3.readthedocs.io/en/latest/advanced-usage.html#tls-warnings
  warnings.warn(</msg>
<msg time="2024-07-22T03:18:29.713030" level="INFO">${response} = &lt;Response [200]&gt;</msg>
<var>${response}</var>
<arg>consultarAPI</arg>
<arg>/api</arg>
<doc>Sends a GET request on a previously created HTTP Session.</doc>
<status status="PASS" start="2024-07-22T03:18:29.571981" elapsed="0.141102"/>
</kw>
<kw name="Should Be Equal As Numbers" owner="BuiltIn">
<msg time="2024-07-22T03:18:29.714234" level="INFO">Argument types are:
&lt;class 'int'&gt;
&lt;class 'str'&gt;</msg>
<arg>${response.status_code}</arg>
<arg>200</arg>
<doc>Fails if objects are unequal after converting them to real numbers.</doc>
<status status="PASS" start="2024-07-22T03:18:29.713734" elapsed="0.000572"/>
</kw>
<kw name="Log" owner="BuiltIn">
<msg time="2024-07-22T03:18:29.715121" level="INFO">200</msg>
<arg>${response.status_code}</arg>
<doc>Logs the given message with the given level.</doc>
<status status="PASS" start="2024-07-22T03:18:29.714708" elapsed="0.000459"/>
</kw>
<kw name="Set Variable" owner="BuiltIn">
<msg time="2024-07-22T03:18:29.716015" level="INFO">${json_data} = {'results': [{'gender': 'female', 'name': {'title': 'Miss', 'first': 'Eleonora', 'last': 'Kretzschmar'}, 'location': {'street': {'number': 1400, 'name': 'Friedhofstraße'}, 'city': 'Amöneburg', 'state'...</msg>
<var>${json_data}</var>
<arg>${response.json()}</arg>
<doc>Returns the given values which can then be assigned to a variables.</doc>
<status status="PASS" start="2024-07-22T03:18:29.715527" elapsed="0.000519"/>
</kw>
<kw name="Dictionary Should Contain Key" owner="Collections">
<arg>${json_data}</arg>
<arg>results</arg>
<doc>Fails if ``key`` is not found from ``dictionary``.</doc>
<status status="PASS" start="2024-07-22T03:18:29.716399" elapsed="0.000365"/>
</kw>
<status status="PASS" start="2024-07-22T03:18:29.571693" elapsed="0.145240"/>
</kw>
<doc>Testa se a API responde corretamente e retorna um objeto JSON válido.</doc>
<tag>testeRequisicaoBasica</tag>
<status status="PASS" start="2024-07-22T03:18:29.571189" elapsed="0.145923"/>
</test>
<test id="s1-s1-t3" name="Validar estrutura de resposta" line="22">
<kw name="Teste de Estrutura de Resposta" owner="random-user-service">
<kw name="GET On Session" owner="RequestsLibrary">
<msg time="2024-07-22T03:18:29.841818" level="INFO">GET Request : url=https://randomuser.me/api 
 path_url=/api 
 headers={'User-Agent': 'python-requests/2.32.3', 'Accept-Encoding': 'gzip, deflate', 'Accept': '*/*', 'Connection': 'keep-alive'} 
 body=None 
 </msg>
<msg time="2024-07-22T03:18:29.841942" level="INFO">GET Response : url=https://randomuser.me/api 
 status=200, reason=OK 
 headers={'Date': 'Mon, 22 Jul 2024 03:18:29 GMT', 'Content-Type': 'application/json; charset=utf-8', 'Transfer-Encoding': 'chunked', 'Connection': 'keep-alive', 'X-Powered-By': 'Express', 'Access-Control-Allow-Origin': '*', 'Cache-Control': 'no-cache', 'ETag': 'W/"484-iw7qbN8+1GZALTdKItjJbtZuWPk"', 'Vary': 'Accept-Encoding', 'Content-Encoding': 'gzip', 'CF-Cache-Status': 'DYNAMIC', 'Report-To': '{"endpoints":[{"url":"https:\\/\\/a.nel.cloudflare.com\\/report\\/v4?s=4O6g6K59hK8e1qjsox52hXrCIN01zIbLXqcCqDWXGKnn8Vi6i4SyimgFCZ8stpEoJKvxdJTZ6kCcNywR0cVSdwnNtXojXGsBIE0AnB8F8t4RFk%2BlXCDZwg2bYldMNg3T"}],"group":"cf-nel","max_age":604800}', 'NEL': '{"success_fraction":0,"report_to":"cf-nel","max_age":604800}', 'Server': 'cloudflare', 'CF-RAY': '8a7048a3c8257cb0-LAX', 'alt-svc': 'h3=":443"; ma=86400'} 
 body={"results":[{"gender":"male","name":{"title":"Mr","first":"Lesly","last":"Van der Kaap"},"location":{"street":{"number":1360,"name":"Grasmeent"},"city":"Beverwijk","state":"Friesland","country":"Netherlands","postcode":"9969 UD","coordinates":{"latitude":"38.3745","longitude":"-36.9537"},"timezone":{"offset":"-2:00","description":"Mid-Atlantic"}},"email":"lesly.vanderkaap@example.com","login":{"uuid":"8c52913f-2704-4f87-aff7-d31b65316be6","username":"yellowladybug860","password":"vodka","salt":"kEcr0HDk","md5":"b322cdde88e3c29830d801e3147ed442","sha1":"6276f86f5b019d580be58c1aac93bdee04b05a5b","sha256":"7c3053001db696f23069fcdbf691b8d07ef002843f6bf1d3e01b63948c2f350e"},"dob":{"date":"1958-02-17T20:43:54.842Z","age":66},"registered":{"date":"2003-07-21T04:45:47.776Z","age":21},"phone":"(0800) 380497","cell":"(06) 08642022","id":{"name":"BSN","value":"49706698"},"picture":{"large":"https://randomuser.me/api/portraits/men/74.jpg","medium":"https://randomuser.me/api/portraits/med/men/74.jpg","thumbnail":"https://randomuser.me/api/portraits/thumb/men/74.jpg"},"nat":"NL"}],"info":{"seed":"b7a21215274c1797","results":1,"page":1,"version":"1.4"}} 
 </msg>
<msg time="2024-07-22T03:18:29.842108" level="INFO">/opt/hostedtoolcache/Python/3.12.4/x64/lib/python3.12/site-packages/urllib3/connectionpool.py:1099: InsecureRequestWarning: Unverified HTTPS request is being made to host 'randomuser.me'. Adding certificate verification is strongly advised. See: https://urllib3.readthedocs.io/en/latest/advanced-usage.html#tls-warnings
  warnings.warn(</msg>
<msg time="2024-07-22T03:18:29.842287" level="INFO">${response} = &lt;Response [200]&gt;</msg>
<var>${response}</var>
<arg>consultarAPI</arg>
<arg>/api</arg>
<doc>Sends a GET request on a previously created HTTP Session.</doc>
<status status="PASS" start="2024-07-22T03:18:29.719918" elapsed="0.122424"/>
</kw>
<kw name="Set Variable" owner="BuiltIn">
<msg time="2024-07-22T03:18:29.843444" level="INFO">${json_data} = {'results': [{'gender': 'male', 'name': {'title': 'Mr', 'first': 'Lesly', 'last': 'Van der Kaap'}, 'location': {'street': {'number': 1360, 'name': 'Grasmeent'}, 'city': 'Beverwijk', 'state': 'Frieslan...</msg>
<var>${json_data}</var>
<arg>${response.json()}</arg>
<doc>Returns the given values which can then be assigned to a variables.</doc>
<status status="PASS" start="2024-07-22T03:18:29.842881" elapsed="0.000594"/>
</kw>
<kw name="Log" owner="BuiltIn">
<msg time="2024-07-22T03:18:29.844060" level="INFO">{'results': [{'gender': 'male', 'name': {'title': 'Mr', 'first': 'Lesly', 'last': 'Van der Kaap'}, 'location': {'street': {'number': 1360, 'name': 'Grasmeent'}, 'city': 'Beverwijk', 'state': 'Friesland', 'country': 'Netherlands', 'postcode': '9969 UD', 'coordinates': {'latitude': '38.3745', 'longitude': '-36.9537'}, 'timezone': {'offset': '-2:00', 'description': 'Mid-Atlantic'}}, 'email': 'lesly.vanderkaap@example.com', 'login': {'uuid': '8c52913f-2704-4f87-aff7-d31b65316be6', 'username': 'yellowladybug860', 'password': 'vodka', 'salt': 'kEcr0HDk', 'md5': 'b322cdde88e3c29830d801e3147ed442', 'sha1': '6276f86f5b019d580be58c1aac93bdee04b05a5b', 'sha256': '7c3053001db696f23069fcdbf691b8d07ef002843f6bf1d3e01b63948c2f350e'}, 'dob': {'date': '1958-02-17T20:43:54.842Z', 'age': 66}, 'registered': {'date': '2003-07-21T04:45:47.776Z', 'age': 21}, 'phone': '(0800) 380497', 'cell': '(06) 08642022', 'id': {'name': 'BSN', 'value': '49706698'}, 'picture': {'large': 'https://randomuser.me/api/portraits/men/74.jpg', 'medium': 'https://randomuser.me/api/portraits/med/men/74.jpg', 'thumbnail': 'https://randomuser.me/api/portraits/thumb/men/74.jpg'}, 'nat': 'NL'}], 'info': {'seed': 'b7a21215274c1797', 'results': 1, 'page': 1, 'version': '1.4'}}</msg>
<arg>${json_data}</arg>
<doc>Logs the given message with the given level.</doc>
<status status="PASS" start="2024-07-22T03:18:29.843865" elapsed="0.000249"/>
</kw>
<kw name="Dictionary Should Contain Key" owner="Collections">
<arg>${json_data}</arg>
<arg>results</arg>
<doc>Fails if ``key`` is not found from ``dictionary``.</doc>
<status status="PASS" start="2024-07-22T03:18:29.844467" elapsed="0.000187"/>
</kw>
<kw name="Should Not Be Empty" owner="BuiltIn">
<msg time="2024-07-22T03:18:29.845007" level="INFO">Length is 2.</msg>
<arg>${json_data}</arg>
<doc>Verifies that the given item is not empty.</doc>
<status status="PASS" start="2024-07-22T03:18:29.844863" elapsed="0.000184"/>
</kw>
<kw name="Create List" owner="BuiltIn">
<msg time="2024-07-22T03:18:29.845582" level="INFO">${expected_keys} = ['gender', 'name', 'location', 'email', 'login']</msg>
<var>${expected_keys}</var>
<arg>gender</arg>
<arg>name</arg>
<arg>location</arg>
<arg>email</arg>
<arg>login</arg>
<doc>Returns a list containing given items.</doc>
<status status="PASS" start="2024-07-22T03:18:29.845415" elapsed="0.000192"/>
</kw>
<for flavor="IN">
<iter>
<kw name="Dictionary Should Contain Key" owner="Collections">
<arg>${json_data['results'][0]}</arg>
<arg>${key}</arg>
<doc>Fails if ``key`` is not found from ``dictionary``.</doc>
<status status="PASS" start="2024-07-22T03:18:29.846228" elapsed="0.000452"/>
</kw>
<kw name="Log" owner="BuiltIn">
<msg time="2024-07-22T03:18:29.847263" level="INFO">{'gender': 'male', 'name': {'title': 'Mr', 'first': 'Lesly', 'last': 'Van der Kaap'}, 'location': {'street': {'number': 1360, 'name': 'Grasmeent'}, 'city': 'Beverwijk', 'state': 'Friesland', 'country': 'Netherlands', 'postcode': '9969 UD', 'coordinates': {'latitude': '38.3745', 'longitude': '-36.9537'}, 'timezone': {'offset': '-2:00', 'description': 'Mid-Atlantic'}}, 'email': 'lesly.vanderkaap@example.com', 'login': {'uuid': '8c52913f-2704-4f87-aff7-d31b65316be6', 'username': 'yellowladybug860', 'password': 'vodka', 'salt': 'kEcr0HDk', 'md5': 'b322cdde88e3c29830d801e3147ed442', 'sha1': '6276f86f5b019d580be58c1aac93bdee04b05a5b', 'sha256': '7c3053001db696f23069fcdbf691b8d07ef002843f6bf1d3e01b63948c2f350e'}, 'dob': {'date': '1958-02-17T20:43:54.842Z', 'age': 66}, 'registered': {'date': '2003-07-21T04:45:47.776Z', 'age': 21}, 'phone': '(0800) 380497', 'cell': '(06) 08642022', 'id': {'name': 'BSN', 'value': '49706698'}, 'picture': {'large': 'https://randomuser.me/api/portraits/men/74.jpg', 'medium': 'https://randomuser.me/api/portraits/med/men/74.jpg', 'thumbnail': 'https://randomuser.me/api/portraits/thumb/men/74.jpg'}, 'nat': 'NL'}</msg>
<arg>${json_data['results'][0]}</arg>
<doc>Logs the given message with the given level.</doc>
<status status="PASS" start="2024-07-22T03:18:29.846877" elapsed="0.000435"/>
</kw>
<kw name="Log" owner="BuiltIn">
<msg time="2024-07-22T03:18:29.847758" level="INFO">gender</msg>
<arg>${key}</arg>
<doc>Logs the given message with the given level.</doc>
<status status="PASS" start="2024-07-22T03:18:29.847626" elapsed="0.000170"/>
</kw>
<var name="${key}">gender</var>
<status status="PASS" start="2024-07-22T03:18:29.846091" elapsed="0.001923"/>
</iter>
<iter>
<kw name="Dictionary Should Contain Key" owner="Collections">
<arg>${json_data['results'][0]}</arg>
<arg>${key}</arg>
<doc>Fails if ``key`` is not found from ``dictionary``.</doc>
<status status="PASS" start="2024-07-22T03:18:29.848339" elapsed="0.000410"/>
</kw>
<kw name="Log" owner="BuiltIn">
<msg time="2024-07-22T03:18:29.849325" level="INFO">{'gender': 'male', 'name': {'title': 'Mr', 'first': 'Lesly', 'last': 'Van der Kaap'}, 'location': {'street': {'number': 1360, 'name': 'Grasmeent'}, 'city': 'Beverwijk', 'state': 'Friesland', 'country': 'Netherlands', 'postcode': '9969 UD', 'coordinates': {'latitude': '38.3745', 'longitude': '-36.9537'}, 'timezone': {'offset': '-2:00', 'description': 'Mid-Atlantic'}}, 'email': 'lesly.vanderkaap@example.com', 'login': {'uuid': '8c52913f-2704-4f87-aff7-d31b65316be6', 'username': 'yellowladybug860', 'password': 'vodka', 'salt': 'kEcr0HDk', 'md5': 'b322cdde88e3c29830d801e3147ed442', 'sha1': '6276f86f5b019d580be58c1aac93bdee04b05a5b', 'sha256': '7c3053001db696f23069fcdbf691b8d07ef002843f6bf1d3e01b63948c2f350e'}, 'dob': {'date': '1958-02-17T20:43:54.842Z', 'age': 66}, 'registered': {'date': '2003-07-21T04:45:47.776Z', 'age': 21}, 'phone': '(0800) 380497', 'cell': '(06) 08642022', 'id': {'name': 'BSN', 'value': '49706698'}, 'picture': {'large': 'https://randomuser.me/api/portraits/men/74.jpg', 'medium': 'https://randomuser.me/api/portraits/med/men/74.jpg', 'thumbnail': 'https://randomuser.me/api/portraits/thumb/men/74.jpg'}, 'nat': 'NL'}</msg>
<arg>${json_data['results'][0]}</arg>
<doc>Logs the given message with the given level.</doc>
<status status="PASS" start="2024-07-22T03:18:29.848939" elapsed="0.000471"/>
</kw>
<kw name="Log" owner="BuiltIn">
<msg time="2024-07-22T03:18:29.849844" level="INFO">name</msg>
<arg>${key}</arg>
<doc>Logs the given message with the given level.</doc>
<status status="PASS" start="2024-07-22T03:18:29.849715" elapsed="0.000166"/>
</kw>
<var name="${key}">name</var>
<status status="PASS" start="2024-07-22T03:18:29.848225" elapsed="0.001874"/>
</iter>
<iter>
<kw name="Dictionary Should Contain Key" owner="Collections">
<arg>${json_data['results'][0]}</arg>
<arg>${key}</arg>
<doc>Fails if ``key`` is not found from ``dictionary``.</doc>
<status status="PASS" start="2024-07-22T03:18:29.850392" elapsed="0.000401"/>
</kw>
<kw name="Log" owner="BuiltIn">
<msg time="2024-07-22T03:18:29.851335" level="INFO">{'gender': 'male', 'name': {'title': 'Mr', 'first': 'Lesly', 'last': 'Van der Kaap'}, 'location': {'street': {'number': 1360, 'name': 'Grasmeent'}, 'city': 'Beverwijk', 'state': 'Friesland', 'country': 'Netherlands', 'postcode': '9969 UD', 'coordinates': {'latitude': '38.3745', 'longitude': '-36.9537'}, 'timezone': {'offset': '-2:00', 'description': 'Mid-Atlantic'}}, 'email': 'lesly.vanderkaap@example.com', 'login': {'uuid': '8c52913f-2704-4f87-aff7-d31b65316be6', 'username': 'yellowladybug860', 'password': 'vodka', 'salt': 'kEcr0HDk', 'md5': 'b322cdde88e3c29830d801e3147ed442', 'sha1': '6276f86f5b019d580be58c1aac93bdee04b05a5b', 'sha256': '7c3053001db696f23069fcdbf691b8d07ef002843f6bf1d3e01b63948c2f350e'}, 'dob': {'date': '1958-02-17T20:43:54.842Z', 'age': 66}, 'registered': {'date': '2003-07-21T04:45:47.776Z', 'age': 21}, 'phone': '(0800) 380497', 'cell': '(06) 08642022', 'id': {'name': 'BSN', 'value': '49706698'}, 'picture': {'large': 'https://randomuser.me/api/portraits/men/74.jpg', 'medium': 'https://randomuser.me/api/portraits/med/men/74.jpg', 'thumbnail': 'https://randomuser.me/api/portraits/thumb/men/74.jpg'}, 'nat': 'NL'}</msg>
<arg>${json_data['results'][0]}</arg>
<doc>Logs the given message with the given level.</doc>
<status status="PASS" start="2024-07-22T03:18:29.850983" elapsed="0.000400"/>
</kw>
<kw name="Log" owner="BuiltIn">
<msg time="2024-07-22T03:18:29.851803" level="INFO">location</msg>
<arg>${key}</arg>
<doc>Logs the given message with the given level.</doc>
<status status="PASS" start="2024-07-22T03:18:29.851678" elapsed="0.000162"/>
</kw>
<var name="${key}">location</var>
<status status="PASS" start="2024-07-22T03:18:29.850283" elapsed="0.001779"/>
</iter>
<iter>
<kw name="Dictionary Should Contain Key" owner="Collections">
<arg>${json_data['results'][0]}</arg>
<arg>${key}</arg>
<doc>Fails if ``key`` is not found from ``dictionary``.</doc>
<status status="PASS" start="2024-07-22T03:18:29.852344" elapsed="0.000379"/>
</kw>
<kw name="Log" owner="BuiltIn">
<msg time="2024-07-22T03:18:29.853451" level="INFO">{'gender': 'male', 'name': {'title': 'Mr', 'first': 'Lesly', 'last': 'Van der Kaap'}, 'location': {'street': {'number': 1360, 'name': 'Grasmeent'}, 'city': 'Beverwijk', 'state': 'Friesland', 'country': 'Netherlands', 'postcode': '9969 UD', 'coordinates': {'latitude': '38.3745', 'longitude': '-36.9537'}, 'timezone': {'offset': '-2:00', 'description': 'Mid-Atlantic'}}, 'email': 'lesly.vanderkaap@example.com', 'login': {'uuid': '8c52913f-2704-4f87-aff7-d31b65316be6', 'username': 'yellowladybug860', 'password': 'vodka', 'salt': 'kEcr0HDk', 'md5': 'b322cdde88e3c29830d801e3147ed442', 'sha1': '6276f86f5b019d580be58c1aac93bdee04b05a5b', 'sha256': '7c3053001db696f23069fcdbf691b8d07ef002843f6bf1d3e01b63948c2f350e'}, 'dob': {'date': '1958-02-17T20:43:54.842Z', 'age': 66}, 'registered': {'date': '2003-07-21T04:45:47.776Z', 'age': 21}, 'phone': '(0800) 380497', 'cell': '(06) 08642022', 'id': {'name': 'BSN', 'value': '49706698'}, 'picture': {'large': 'https://randomuser.me/api/portraits/men/74.jpg', 'medium': 'https://randomuser.me/api/portraits/med/men/74.jpg', 'thumbnail': 'https://randomuser.me/api/portraits/thumb/men/74.jpg'}, 'nat': 'NL'}</msg>
<arg>${json_data['results'][0]}</arg>
<doc>Logs the given message with the given level.</doc>
<status status="PASS" start="2024-07-22T03:18:29.853049" elapsed="0.000452"/>
</kw>
<kw name="Log" owner="BuiltIn">
<msg time="2024-07-22T03:18:29.853931" level="INFO">email</msg>
<arg>${key}</arg>
<doc>Logs the given message with the given level.</doc>
<status status="PASS" start="2024-07-22T03:18:29.853803" elapsed="0.000166"/>
</kw>
<var name="${key}">email</var>
<status status="PASS" start="2024-07-22T03:18:29.852236" elapsed="0.001952"/>
</iter>
<iter>
<kw name="Dictionary Should Contain Key" owner="Collections">
<arg>${json_data['results'][0]}</arg>
<arg>${key}</arg>
<doc>Fails if ``key`` is not found from ``dictionary``.</doc>
<status status="PASS" start="2024-07-22T03:18:29.854473" elapsed="0.000379"/>
</kw>
<kw name="Log" owner="BuiltIn">
<msg time="2024-07-22T03:18:29.855397" level="INFO">{'gender': 'male', 'name': {'title': 'Mr', 'first': 'Lesly', 'last': 'Van der Kaap'}, 'location': {'street': {'number': 1360, 'name': 'Grasmeent'}, 'city': 'Beverwijk', 'state': 'Friesland', 'country': 'Netherlands', 'postcode': '9969 UD', 'coordinates': {'latitude': '38.3745', 'longitude': '-36.9537'}, 'timezone': {'offset': '-2:00', 'description': 'Mid-Atlantic'}}, 'email': 'lesly.vanderkaap@example.com', 'login': {'uuid': '8c52913f-2704-4f87-aff7-d31b65316be6', 'username': 'yellowladybug860', 'password': 'vodka', 'salt': 'kEcr0HDk', 'md5': 'b322cdde88e3c29830d801e3147ed442', 'sha1': '6276f86f5b019d580be58c1aac93bdee04b05a5b', 'sha256': '7c3053001db696f23069fcdbf691b8d07ef002843f6bf1d3e01b63948c2f350e'}, 'dob': {'date': '1958-02-17T20:43:54.842Z', 'age': 66}, 'registered': {'date': '2003-07-21T04:45:47.776Z', 'age': 21}, 'phone': '(0800) 380497', 'cell': '(06) 08642022', 'id': {'name': 'BSN', 'value': '49706698'}, 'picture': {'large': 'https://randomuser.me/api/portraits/men/74.jpg', 'medium': 'https://randomuser.me/api/portraits/med/men/74.jpg', 'thumbnail': 'https://randomuser.me/api/portraits/thumb/men/74.jpg'}, 'nat': 'NL'}</msg>
<arg>${json_data['results'][0]}</arg>
<doc>Logs the given message with the given level.</doc>
<status status="PASS" start="2024-07-22T03:18:29.855033" elapsed="0.000420"/>
</kw>
<kw name="Log" owner="BuiltIn">
<msg time="2024-07-22T03:18:29.855869" level="INFO">login</msg>
<arg>${key}</arg>
<doc>Logs the given message with the given level.</doc>
<status status="PASS" start="2024-07-22T03:18:29.855745" elapsed="0.000161"/>
</kw>
<var name="${key}">login</var>
<status status="PASS" start="2024-07-22T03:18:29.854363" elapsed="0.001754"/>
</iter>
<var>${key}</var>
<value>@{expected_keys}</value>
<status status="PASS" start="2024-07-22T03:18:29.845886" elapsed="0.010352"/>
</for>
<kw name="Create List" owner="BuiltIn">
<msg time="2024-07-22T03:18:29.856576" level="INFO">${expected_keysTwo} = ['username', 'password']</msg>
<var>${expected_keysTwo}</var>
<arg>username</arg>
<arg>password</arg>
<doc>Returns a list containing given items.</doc>
<status status="PASS" start="2024-07-22T03:18:29.856433" elapsed="0.000167"/>
</kw>
<for flavor="IN">
<iter>
<kw name="Dictionary Should Contain Key" owner="Collections">
<arg>${json_data['results'][0]['login']}</arg>
<arg>${keyTwo}</arg>
<doc>Fails if ``key`` is not found from ``dictionary``.</doc>
<status status="PASS" start="2024-07-22T03:18:29.857130" elapsed="0.000417"/>
</kw>
<kw name="Dictionary Should Contain Key" owner="Collections">
<arg>${json_data['results'][0]['login']}</arg>
<arg>${keyTwo}</arg>
<doc>Fails if ``key`` is not found from ``dictionary``.</doc>
<status status="PASS" start="2024-07-22T03:18:29.857729" elapsed="0.000375"/>
</kw>
<kw name="Log" owner="BuiltIn">
<msg time="2024-07-22T03:18:29.858402" level="INFO">username</msg>
<arg>${keyTwo}</arg>
<doc>Logs the given message with the given level.</doc>
<status status="PASS" start="2024-07-22T03:18:29.858281" elapsed="0.000158"/>
</kw>
<var name="${keyTwo}">username</var>
<status status="PASS" start="2024-07-22T03:18:29.857023" elapsed="0.001636"/>
</iter>
<iter>
<kw name="Dictionary Should Contain Key" owner="Collections">
<arg>${json_data['results'][0]['login']}</arg>
<arg>${keyTwo}</arg>
<doc>Fails if ``key`` is not found from ``dictionary``.</doc>
<status status="PASS" start="2024-07-22T03:18:29.858942" elapsed="0.000385"/>
</kw>
<kw name="Dictionary Should Contain Key" owner="Collections">
<arg>${json_data['results'][0]['login']}</arg>
<arg>${keyTwo}</arg>
<doc>Fails if ``key`` is not found from ``dictionary``.</doc>
<status status="PASS" start="2024-07-22T03:18:29.859505" elapsed="0.000371"/>
</kw>
<kw name="Log" owner="BuiltIn">
<msg time="2024-07-22T03:18:29.860180" level="INFO">password</msg>
<arg>${keyTwo}</arg>
<doc>Logs the given message with the given level.</doc>
<status status="PASS" start="2024-07-22T03:18:29.860052" elapsed="0.000166"/>
</kw>
<var name="${keyTwo}">password</var>
<status status="PASS" start="2024-07-22T03:18:29.858830" elapsed="0.001607"/>
</iter>
<var>${keyTwo}</var>
<value>@{expected_keysTwo}</value>
<status status="PASS" start="2024-07-22T03:18:29.856864" elapsed="0.003693"/>
</for>
<status status="PASS" start="2024-07-22T03:18:29.719651" elapsed="0.141050"/>
</kw>
<doc>Testa a estrutura da resposta da API.</doc>
<tag>testeEstruturaResposta</tag>
<status status="PASS" start="2024-07-22T03:18:29.719081" elapsed="0.141782"/>
</test>
<test id="s1-s1-t4" name="Validar tipos de dados" line="28">
<kw name="Teste de Tipos de Dados" owner="random-user-service">
<kw name="GET On Session" owner="RequestsLibrary">
<msg time="2024-07-22T03:18:29.967062" level="INFO">GET Request : url=https://randomuser.me/api 
 path_url=/api 
 headers={'User-Agent': 'python-requests/2.32.3', 'Accept-Encoding': 'gzip, deflate', 'Accept': '*/*', 'Connection': 'keep-alive'} 
 body=None 
 </msg>
<msg time="2024-07-22T03:18:29.967175" level="INFO">GET Response : url=https://randomuser.me/api 
 status=200, reason=OK 
 headers={'Date': 'Mon, 22 Jul 2024 03:18:29 GMT', 'Content-Type': 'application/json; charset=utf-8', 'Transfer-Encoding': 'chunked', 'Connection': 'keep-alive', 'X-Powered-By': 'Express', 'Access-Control-Allow-Origin': '*', 'Cache-Control': 'no-cache', 'ETag': 'W/"490-l9Ju/4YMvUdWK8PhvAIr5c4Vrpo"', 'Vary': 'Accept-Encoding', 'Content-Encoding': 'gzip', 'CF-Cache-Status': 'DYNAMIC', 'Report-To': '{"endpoints":[{"url":"https:\\/\\/a.nel.cloudflare.com\\/report\\/v4?s=uqCvBLOe2mOPBqUPA8Ray5ky1AOTegIX6GndwSCJNYaP%2BlmXKBr6gLlmYhzPGcauhaW%2Biq6NJYoOCqapi%2FeTCIQV7PeG1%2Bj8woT%2F9S7xxxp8N3d0DZ1H3PBiTkCQPM8S"}],"group":"cf-nel","max_age":604800}', 'NEL': '{"success_fraction":0,"report_to":"cf-nel","max_age":604800}', 'Server': 'cloudflare', 'CF-RAY': '8a7048a4a95b7cb0-LAX', 'alt-svc': 'h3=":443"; ma=86400'} 
 body={"results":[{"gender":"male","name":{"title":"Mr","first":"Isaac","last":"Arias"},"location":{"street":{"number":9972,"name":"Circuito Tabasco"},"city":"San Miguel","state":"Ciudad de Mexico","country":"Mexico","postcode":84672,"coordinates":{"latitude":"29.4574","longitude":"-12.5564"},"timezone":{"offset":"-12:00","description":"Eniwetok, Kwajalein"}},"email":"isaac.arias@example.com","login":{"uuid":"600f6b3d-a434-486c-96b6-5ec422814d5e","username":"silvergorilla435","password":"gillian","salt":"PrmrGyUL","md5":"c8c54272ecc5e052b1592c8e7a3e67ef","sha1":"757a1420d6db96748d54de2a07f2cbcb7bcb9944","sha256":"4e428b8f14cd6858fa6d112c2a47548cdb325f32868dabd3ca717d0fa8a48164"},"dob":{"date":"1994-06-06T17:57:56.994Z","age":30},"registered":{"date":"2017-05-29T17:52:31.589Z","age":7},"phone":"(611) 512 8389","cell":"(689) 217 2838","id":{"name":"NSS","value":"24 26 28 9280 5"},"picture":{"large":"https://randomuser.me/api/portraits/men/26.jpg","medium":"https://randomuser.me/api/portraits/med/men/26.jpg","thumbnail":"https://randomuser.me/api/portraits/thumb/men/26.jpg"},"nat":"MX"}],"info":{"seed":"7cec75cf75a30532","results":1,"page":1,"version":"1.4"}} 
 </msg>
<msg time="2024-07-22T03:18:29.967259" level="INFO">/opt/hostedtoolcache/Python/3.12.4/x64/lib/python3.12/site-packages/urllib3/connectionpool.py:1099: InsecureRequestWarning: Unverified HTTPS request is being made to host 'randomuser.me'. Adding certificate verification is strongly advised. See: https://urllib3.readthedocs.io/en/latest/advanced-usage.html#tls-warnings
  warnings.warn(</msg>
<msg time="2024-07-22T03:18:29.967417" level="INFO">${response} = &lt;Response [200]&gt;</msg>
<var>${response}</var>
<arg>consultarAPI</arg>
<arg>/api</arg>
<doc>Sends a GET request on a previously created HTTP Session.</doc>
<status status="PASS" start="2024-07-22T03:18:29.863420" elapsed="0.104047"/>
</kw>
<kw name="Set Variable" owner="BuiltIn">
<msg time="2024-07-22T03:18:29.968532" level="INFO">${json_data} = {'results': [{'gender': 'male', 'name': {'title': 'Mr', 'first': 'Isaac', 'last': 'Arias'}, 'location': {'street': {'number': 9972, 'name': 'Circuito Tabasco'}, 'city': 'San Miguel', 'state': 'Ciudad ...</msg>
<var>${json_data}</var>
<arg>${response.json()}</arg>
<doc>Returns the given values which can then be assigned to a variables.</doc>
<status status="PASS" start="2024-07-22T03:18:29.967994" elapsed="0.000566"/>
</kw>
<kw name="Log" owner="BuiltIn">
<msg time="2024-07-22T03:18:29.969027" level="INFO">{'results': [{'gender': 'male', 'name': {'title': 'Mr', 'first': 'Isaac', 'last': 'Arias'}, 'location': {'street': {'number': 9972, 'name': 'Circuito Tabasco'}, 'city': 'San Miguel', 'state': 'Ciudad de Mexico', 'country': 'Mexico', 'postcode': 84672, 'coordinates': {'latitude': '29.4574', 'longitude': '-12.5564'}, 'timezone': {'offset': '-12:00', 'description': 'Eniwetok, Kwajalein'}}, 'email': 'isaac.arias@example.com', 'login': {'uuid': '600f6b3d-a434-486c-96b6-5ec422814d5e', 'username': 'silvergorilla435', 'password': 'gillian', 'salt': 'PrmrGyUL', 'md5': 'c8c54272ecc5e052b1592c8e7a3e67ef', 'sha1': '757a1420d6db96748d54de2a07f2cbcb7bcb9944', 'sha256': '4e428b8f14cd6858fa6d112c2a47548cdb325f32868dabd3ca717d0fa8a48164'}, 'dob': {'date': '1994-06-06T17:57:56.994Z', 'age': 30}, 'registered': {'date': '2017-05-29T17:52:31.589Z', 'age': 7}, 'phone': '(611) 512 8389', 'cell': '(689) 217 2838', 'id': {'name': 'NSS', 'value': '24 26 28 9280 5'}, 'picture': {'large': 'https://randomuser.me/api/portraits/men/26.jpg', 'medium': 'https://randomuser.me/api/portraits/med/men/26.jpg', 'thumbnail': 'https://randomuser.me/api/portraits/thumb/men/26.jpg'}, 'nat': 'MX'}], 'info': {'seed': '7cec75cf75a30532', 'results': 1, 'page': 1, 'version': '1.4'}}</msg>
<arg>${json_data}</arg>
<doc>Logs the given message with the given level.</doc>
<status status="PASS" start="2024-07-22T03:18:29.968872" elapsed="0.000204"/>
</kw>
<kw name="Should Be String" owner="String">
<arg>${json_data['results'][0]['gender']}</arg>
<doc>Fails if the given ``item`` is not a string.</doc>
<status status="PASS" start="2024-07-22T03:18:29.969429" elapsed="0.000376"/>
</kw>
<kw name="Should Match Regexp" owner="BuiltIn">
<arg>${json_data['results'][0]['email']}</arg>
<arg>^[a-zA-Z0-9._%+-]+@[a-zA-Z0-9.-]+\.[a-zA-Z]{2,}$</arg>
<doc>Fails if ``string`` does not match ``pattern`` as a regular expression.</doc>
<status status="PASS" start="2024-07-22T03:18:29.970001" elapsed="0.000528"/>
</kw>
<kw name="Should Match Regexp" owner="BuiltIn">
<arg>${json_data['results'][0]['dob']['date']}</arg>
<arg>\\d{4}-\\d{2}-\\d{2}T\\d{2}:\\d{2}:\\d{2}\\.\\d{3}Z</arg>
<doc>Fails if ``string`` does not match ``pattern`` as a regular expression.</doc>
<status status="PASS" start="2024-07-22T03:18:29.970761" elapsed="0.000642"/>
</kw>
<kw name="Should Match Regexp" owner="BuiltIn">
<arg>${json_data['results'][0]['registered']['date']}</arg>
<arg>\\d{4}-\\d{2}-\\d{2}T\\d{2}:\\d{2}:\\d{2}\\.\\d{3}Z</arg>
<doc>Fails if ``string`` does not match ``pattern`` as a regular expression.</doc>
<status status="PASS" start="2024-07-22T03:18:29.971597" elapsed="0.000369"/>
</kw>
<kw name="Should Match Regexp" owner="BuiltIn">
<arg>${json_data['results'][0]['picture']['large']}</arg>
<arg>^https?://.*\.(?:png|jpe?g|gif|bmp)$</arg>
<doc>Fails if ``string`` does not match ``pattern`` as a regular expression.</doc>
<status status="PASS" start="2024-07-22T03:18:29.972158" elapsed="0.000462"/>
</kw>
<kw name="Should Match Regexp" owner="BuiltIn">
<arg>${json_data['results'][0]['picture']['medium']}</arg>
<arg>^https?://.*\.(?:png|jpe?g|gif|bmp)$</arg>
<doc>Fails if ``string`` does not match ``pattern`` as a regular expression.</doc>
<status status="PASS" start="2024-07-22T03:18:29.972806" elapsed="0.000349"/>
</kw>
<kw name="Should Match Regexp" owner="BuiltIn">
<arg>${json_data['results'][0]['picture']['thumbnail']}</arg>
<arg>^https?://.*\.(?:png|jpe?g|gif|bmp)$</arg>
<doc>Fails if ``string`` does not match ``pattern`` as a regular expression.</doc>
<status status="PASS" start="2024-07-22T03:18:29.973367" elapsed="0.000351"/>
</kw>
<kw name="Log" owner="BuiltIn">
<msg time="2024-07-22T03:18:29.974221" level="INFO">{'large': 'https://randomuser.me/api/portraits/men/26.jpg', 'medium': 'https://randomuser.me/api/portraits/med/men/26.jpg', 'thumbnail': 'https://randomuser.me/api/portraits/thumb/men/26.jpg'}</msg>
<arg>${json_data['results'][0]['picture']}</arg>
<doc>Logs the given message with the given level.</doc>
<status status="PASS" start="2024-07-22T03:18:29.973898" elapsed="0.000364"/>
</kw>
<status status="PASS" start="2024-07-22T03:18:29.863189" elapsed="0.111334"/>
</kw>
<kw name="Teste de Tipos de Dados - Postcode" owner="random-user-service">
<kw name="GET On Session" owner="RequestsLibrary">
<msg time="2024-07-22T03:18:30.101473" level="INFO">GET Request : url=https://randomuser.me/api 
 path_url=/api 
 headers={'User-Agent': 'python-requests/2.32.3', 'Accept-Encoding': 'gzip, deflate', 'Accept': '*/*', 'Connection': 'keep-alive'} 
 body=None 
 </msg>
<msg time="2024-07-22T03:18:30.101588" level="INFO">GET Response : url=https://randomuser.me/api 
 status=200, reason=OK 
 headers={'Date': 'Mon, 22 Jul 2024 03:18:30 GMT', 'Content-Type': 'application/json; charset=utf-8', 'Transfer-Encoding': 'chunked', 'Connection': 'keep-alive', 'X-Powered-By': 'Express', 'Access-Control-Allow-Origin': '*', 'Cache-Control': 'no-cache', 'ETag': 'W/"493-sqiL6yyVp+oHZpq/t4AvXtsRPBA"', 'Vary': 'Accept-Encoding', 'Content-Encoding': 'gzip', 'CF-Cache-Status': 'DYNAMIC', 'Report-To': '{"endpoints":[{"url":"https:\\/\\/a.nel.cloudflare.com\\/report\\/v4?s=WITlb6PjD3G6s6dkkcJ0%2BKWZahZe5dLfT4IMwJxgVbZzA7y5zEPTs8T75zAawAvMGyMD535Wh68vJnTfeSehdi6cmiVCHXMtvrT1otsYhunPf%2FoNY0I51WXlY0K9kbuJ"}],"group":"cf-nel","max_age":604800}', 'NEL': '{"success_fraction":0,"report_to":"cf-nel","max_age":604800}', 'Server': 'cloudflare', 'CF-RAY': '8a7048a56a3b7cb0-LAX', 'alt-svc': 'h3=":443"; ma=86400'} 
 body={"results":[{"gender":"male","name":{"title":"Mr","first":"Salvador","last":"Rojas"},"location":{"street":{"number":9130,"name":"Calle de Bravo Murillo"},"city":"Palma de Mallorca","state":"La Rioja","country":"Spain","postcode":76316,"coordinates":{"latitude":"-37.0016","longitude":"-178.6457"},"timezone":{"offset":"-1:00","description":"Azores, Cape Verde Islands"}},"email":"salvador.rojas@example.com","login":{"uuid":"ec6e6abb-6fcc-4d4e-8cc0-2493b04db656","username":"smallbear239","password":"salope","salt":"A8VW2q3U","md5":"51569a348d64e20cb4fd686137c0bcf2","sha1":"3d92e5f4abd936f5ba4cd3127408c7317214de54","sha256":"87c12660c8f853c9a96f7379f3c3c4a78cb7776fb27b395be5c4c94237327dd7"},"dob":{"date":"1961-08-19T09:18:10.219Z","age":62},"registered":{"date":"2014-01-26T23:37:36.153Z","age":10},"phone":"970-287-333","cell":"606-945-393","id":{"name":"DNI","value":"79323113-P"},"picture":{"large":"https://randomuser.me/api/portraits/men/20.jpg","medium":"https://randomuser.me/api/portraits/med/men/20.jpg","thumbnail":"https://randomuser.me/api/portraits/thumb/men/20.jpg"},"nat":"ES"}],"info":{"seed":"d3b509325c4966ae","results":1,"page":1,"version":"1.4"}} 
 </msg>
<msg time="2024-07-22T03:18:30.101665" level="INFO">/opt/hostedtoolcache/Python/3.12.4/x64/lib/python3.12/site-packages/urllib3/connectionpool.py:1099: InsecureRequestWarning: Unverified HTTPS request is being made to host 'randomuser.me'. Adding certificate verification is strongly advised. See: https://urllib3.readthedocs.io/en/latest/advanced-usage.html#tls-warnings
  warnings.warn(</msg>
<msg time="2024-07-22T03:18:30.101809" level="INFO">${response} = &lt;Response [200]&gt;</msg>
<var>${response}</var>
<arg>consultarAPI</arg>
<arg>/api</arg>
<doc>Sends a GET request on a previously created HTTP Session.</doc>
<status status="PASS" start="2024-07-22T03:18:29.974993" elapsed="0.126860"/>
</kw>
<kw name="Set Variable" owner="BuiltIn">
<msg time="2024-07-22T03:18:30.102920" level="INFO">${json_data} = {'results': [{'gender': 'male', 'name': {'title': 'Mr', 'first': 'Salvador', 'last': 'Rojas'}, 'location': {'street': {'number': 9130, 'name': 'Calle de Bravo Murillo'}, 'city': 'Palma de Mallorca', '...</msg>
<var>${json_data}</var>
<arg>${response.json()}</arg>
<doc>Returns the given values which can then be assigned to a variables.</doc>
<status status="PASS" start="2024-07-22T03:18:30.102384" elapsed="0.000567"/>
</kw>
<kw name="Log" owner="BuiltIn">
<msg time="2024-07-22T03:18:30.103433" level="INFO">{'results': [{'gender': 'male', 'name': {'title': 'Mr', 'first': 'Salvador', 'last': 'Rojas'}, 'location': {'street': {'number': 9130, 'name': 'Calle de Bravo Murillo'}, 'city': 'Palma de Mallorca', 'state': 'La Rioja', 'country': 'Spain', 'postcode': 76316, 'coordinates': {'latitude': '-37.0016', 'longitude': '-178.6457'}, 'timezone': {'offset': '-1:00', 'description': 'Azores, Cape Verde Islands'}}, 'email': 'salvador.rojas@example.com', 'login': {'uuid': 'ec6e6abb-6fcc-4d4e-8cc0-2493b04db656', 'username': 'smallbear239', 'password': 'salope', 'salt': 'A8VW2q3U', 'md5': '51569a348d64e20cb4fd686137c0bcf2', 'sha1': '3d92e5f4abd936f5ba4cd3127408c7317214de54', 'sha256': '87c12660c8f853c9a96f7379f3c3c4a78cb7776fb27b395be5c4c94237327dd7'}, 'dob': {'date': '1961-08-19T09:18:10.219Z', 'age': 62}, 'registered': {'date': '2014-01-26T23:37:36.153Z', 'age': 10}, 'phone': '970-287-333', 'cell': '606-945-393', 'id': {'name': 'DNI', 'value': '79323113-P'}, 'picture': {'large': 'https://randomuser.me/api/portraits/men/20.jpg', 'medium': 'https://randomuser.me/api/portraits/med/men/20.jpg', 'thumbnail': 'https://randomuser.me/api/portraits/thumb/men/20.jpg'}, 'nat': 'ES'}], 'info': {'seed': 'd3b509325c4966ae', 'results': 1, 'page': 1, 'version': '1.4'}}</msg>
<arg>${json_data}</arg>
<doc>Logs the given message with the given level.</doc>
<status status="PASS" start="2024-07-22T03:18:30.103271" elapsed="0.000221"/>
</kw>
<kw name="Should Be Equal As Numbers" owner="BuiltIn">
<arg>${json_data['results'][0]['location']['postcode']}</arg>
<arg>${json_data['results'][0]['location']['postcode']}</arg>
<doc>Fails if objects are unequal after converting them to real numbers.</doc>
<status status="PASS" start="2024-07-22T03:18:30.103795" elapsed="0.000663"/>
</kw>
<kw name="Log" owner="BuiltIn">
<msg time="2024-07-22T03:18:30.105015" level="INFO">76316</msg>
<arg>${json_data['results'][0]['location']['postcode']}</arg>
<doc>Logs the given message with the given level.</doc>
<status status="PASS" start="2024-07-22T03:18:30.104669" elapsed="0.000389"/>
</kw>
<status status="PASS" start="2024-07-22T03:18:29.974755" elapsed="0.130659"/>
</kw>
<doc>Testa se os tipos de dados na resposta da API estão corretos.</doc>
<tag>testeTiposDados</tag>
<status status="PASS" start="2024-07-22T03:18:29.862708" elapsed="0.242885"/>
</test>
<test id="s1-s1-t5" name="Validar conteudo" line="35">
<kw name="Teste de Tipos de Conteudo" owner="random-user-service">
<kw name="GET On Session" owner="RequestsLibrary">
<msg time="2024-07-22T03:18:30.227448" level="INFO">GET Request : url=https://randomuser.me/api 
 path_url=/api 
 headers={'User-Agent': 'python-requests/2.32.3', 'Accept-Encoding': 'gzip, deflate', 'Accept': '*/*', 'Connection': 'keep-alive'} 
 body=None 
 </msg>
<msg time="2024-07-22T03:18:30.227566" level="INFO">GET Response : url=https://randomuser.me/api 
 status=200, reason=OK 
 headers={'Date': 'Mon, 22 Jul 2024 03:18:30 GMT', 'Content-Type': 'application/json; charset=utf-8', 'Transfer-Encoding': 'chunked', 'Connection': 'keep-alive', 'X-Powered-By': 'Express', 'Access-Control-Allow-Origin': '*', 'Cache-Control': 'no-cache', 'ETag': 'W/"4a1-Ixi7WfbfdX/tXtwrQa0ZFM80iW0"', 'Vary': 'Accept-Encoding', 'Content-Encoding': 'gzip', 'CF-Cache-Status': 'DYNAMIC', 'Report-To': '{"endpoints":[{"url":"https:\\/\\/a.nel.cloudflare.com\\/report\\/v4?s=NdGCvYMVXGfTbMQbfJ%2BtR8EfN%2FoqKEPQwJzu9l6M8n4aF3qO%2FHp5%2FFftIGXw4X0H9lOvm8jhoM%2FPZ2e2Anb8m%2BWkdOClnbGDOUVQTlKi0JnLH1yFXy5Z8clNnC2Fn00j"}],"group":"cf-nel","max_age":604800}', 'NEL': '{"success_fraction":0,"report_to":"cf-nel","max_age":604800}', 'Server': 'cloudflare', 'CF-RAY': '8a7048a63afe7cb0-LAX', 'alt-svc': 'h3=":443"; ma=86400'} 
 body={"results":[{"gender":"female","name":{"title":"Mrs","first":"Sofija","last":"Marinković"},"location":{"street":{"number":6150,"name":"Mladena Nedeljkovića"},"city":"Bački Petrovac","state":"Central Banat","country":"Serbia","postcode":54823,"coordinates":{"latitude":"57.2773","longitude":"112.1801"},"timezone":{"offset":"+6:00","description":"Almaty, Dhaka, Colombo"}},"email":"sofija.marinkovic@example.com","login":{"uuid":"c65c9911-7d39-4f4d-9d56-273a87fca31f","username":"happydog507","password":"foreplay","salt":"2nK0q21Z","md5":"c0a03fb826589b87049f523692686017","sha1":"b9ce982d4fdb64c3ed6c8f16d5db5d9000726c60","sha256":"1d6ec00b5a04df22f3882fad430fc8bcc87ac4766ef6c1766f621bae1da86ff5"},"dob":{"date":"1957-07-05T15:28:27.754Z","age":67},"registered":{"date":"2014-12-18T06:48:09.087Z","age":9},"phone":"029-8620-985","cell":"064-7069-173","id":{"name":"SID","value":"470931653"},"picture":{"large":"https://randomuser.me/api/portraits/women/49.jpg","medium":"https://randomuser.me/api/portraits/med/women/49.jpg","thumbnail":"https://randomuser.me/api/portraits/thumb/women/49.jpg"},"nat":"RS"}],"info":{"seed":"f248b76ba16adfe0","results":1,"page":1,"version":"1.4"}} 
 </msg>
<msg time="2024-07-22T03:18:30.227667" level="INFO">/opt/hostedtoolcache/Python/3.12.4/x64/lib/python3.12/site-packages/urllib3/connectionpool.py:1099: InsecureRequestWarning: Unverified HTTPS request is being made to host 'randomuser.me'. Adding certificate verification is strongly advised. See: https://urllib3.readthedocs.io/en/latest/advanced-usage.html#tls-warnings
  warnings.warn(</msg>
<msg time="2024-07-22T03:18:30.227841" level="INFO">${response} = &lt;Response [200]&gt;</msg>
<var>${response}</var>
<arg>consultarAPI</arg>
<arg>/api</arg>
<doc>Sends a GET request on a previously created HTTP Session.</doc>
<status status="PASS" start="2024-07-22T03:18:30.108146" elapsed="0.119748"/>
</kw>
<kw name="Set Variable" owner="BuiltIn">
<msg time="2024-07-22T03:18:30.228979" level="INFO">${json_data} = {'results': [{'gender': 'female', 'name': {'title': 'Mrs', 'first': 'Sofija', 'last': 'Marinković'}, 'location': {'street': {'number': 6150, 'name': 'Mladena Nedeljkovića'}, 'city': 'Bački Petrovac', ...</msg>
<var>${json_data}</var>
<arg>${response.json()}</arg>
<doc>Returns the given values which can then be assigned to a variables.</doc>
<status status="PASS" start="2024-07-22T03:18:30.228445" elapsed="0.000565"/>
</kw>
<kw name="Set Variable" owner="BuiltIn">
<msg time="2024-07-22T03:18:30.229776" level="INFO">${name_title} = Mrs</msg>
<var>${name_title}</var>
<arg>${json_data["results"][0]["name"]["title"]}</arg>
<doc>Returns the given values which can then be assigned to a variables.</doc>
<status status="PASS" start="2024-07-22T03:18:30.229376" elapsed="0.000426"/>
</kw>
<kw name="Create List" owner="BuiltIn">
<msg time="2024-07-22T03:18:30.230263" level="INFO">${allowed_titles} = ['Mr', 'Ms', 'Miss', 'Mrs', 'Madame', 'Monsieur']</msg>
<var>${allowed_titles}</var>
<arg>Mr</arg>
<arg>Ms</arg>
<arg>Miss</arg>
<arg>Mrs</arg>
<arg>Madame</arg>
<arg>Monsieur</arg>
<doc>Returns a list containing given items.</doc>
<status status="PASS" start="2024-07-22T03:18:30.230113" elapsed="0.000175"/>
</kw>
<kw name="List Should Contain Value" owner="Collections">
<arg>${allowed_titles}</arg>
<arg>${name_title}</arg>
<doc>Fails if the ``value`` is not found from ``list``.</doc>
<status status="PASS" start="2024-07-22T03:18:30.230585" elapsed="0.000180"/>
</kw>
<kw name="Set Variable" owner="BuiltIn">
<msg time="2024-07-22T03:18:30.231329" level="INFO">${name_country} = RS</msg>
<var>${name_country}</var>
<arg>${json_data["results"][0]["nat"]}</arg>
<doc>Returns the given values which can then be assigned to a variables.</doc>
<status status="PASS" start="2024-07-22T03:18:30.230944" elapsed="0.000417"/>
</kw>
<kw name="Create List" owner="BuiltIn">
<msg time="2024-07-22T03:18:30.232258" level="INFO">${list_country} = ['AD', 'AE', 'AF', 'AG', 'AI', 'AL', 'AM', 'AO', 'AQ', 'AR', 'AS', 'AT', 'AU', 'AW', 'AX', 'AZ', 'BA', 'BB', 'BD', 'BE', 'BF', 'BG', 'BH', 'BI', 'BJ', 'BL', 'BM', 'BN', 'BO', 'BQ', 'BR', 'BS', 'BT', '...</msg>
<var>${list_country}</var>
<arg>AD</arg>
<arg>AE</arg>
<arg>AF</arg>
<arg>AG</arg>
<arg>AI</arg>
<arg>AL</arg>
<arg>AM</arg>
<arg>AO</arg>
<arg>AQ</arg>
<arg>AR</arg>
<arg>AS</arg>
<arg>AT</arg>
<arg>AU</arg>
<arg>AW</arg>
<arg>AX</arg>
<arg>AZ</arg>
<arg>BA</arg>
<arg>BB</arg>
<arg>BD</arg>
<arg>BE</arg>
<arg>BF</arg>
<arg>BG</arg>
<arg>BH</arg>
<arg>BI</arg>
<arg>BJ</arg>
<arg>BL</arg>
<arg>BM</arg>
<arg>BN</arg>
<arg>BO</arg>
<arg>BQ</arg>
<arg>BR</arg>
<arg>BS</arg>
<arg>BT</arg>
<arg>BV</arg>
<arg>BW</arg>
<arg>BY</arg>
<arg>BZ</arg>
<arg>CA</arg>
<arg>CC</arg>
<arg>CD</arg>
<arg>CF</arg>
<arg>CG</arg>
<arg>CH</arg>
<arg>CI</arg>
<arg>CK</arg>
<arg>CL</arg>
<arg>CM</arg>
<arg>CN</arg>
<arg>CO</arg>
<arg>CR</arg>
<arg>CU</arg>
<arg>CV</arg>
<arg>CW</arg>
<arg>CX</arg>
<arg>CY</arg>
<arg>CZ</arg>
<arg>DE</arg>
<arg>DJ</arg>
<arg>DK</arg>
<arg>DM</arg>
<arg>DO</arg>
<arg>DZ</arg>
<arg>EC</arg>
<arg>EE</arg>
<arg>EG</arg>
<arg>EH</arg>
<arg>ER</arg>
<arg>ES</arg>
<arg>ET</arg>
<arg>FI</arg>
<arg>FJ</arg>
<arg>FK</arg>
<arg>FM</arg>
<arg>FO</arg>
<arg>FR</arg>
<arg>GA</arg>
<arg>GB</arg>
<arg>GD</arg>
<arg>GE</arg>
<arg>GF</arg>
<arg>GG</arg>
<arg>GH</arg>
<arg>GI</arg>
<arg>GL</arg>
<arg>GM</arg>
<arg>GN</arg>
<arg>GP</arg>
<arg>GQ</arg>
<arg>GR</arg>
<arg>GS</arg>
<arg>GT</arg>
<arg>GU</arg>
<arg>GW</arg>
<arg>GY</arg>
<arg>HK</arg>
<arg>HM</arg>
<arg>HN</arg>
<arg>HR</arg>
<arg>HT</arg>
<arg>HU</arg>
<arg>ID</arg>
<arg>IE</arg>
<arg>IL</arg>
<arg>IM</arg>
<arg>IN</arg>
<arg>IO</arg>
<arg>IQ</arg>
<arg>IR</arg>
<arg>IS</arg>
<arg>IT</arg>
<arg>JE</arg>
<arg>JM</arg>
<arg>JO</arg>
<arg>JP</arg>
<arg>KE</arg>
<arg>KG</arg>
<arg>KH</arg>
<arg>KI</arg>
<arg>KM</arg>
<arg>KN</arg>
<arg>KP</arg>
<arg>KR</arg>
<arg>KW</arg>
<arg>KY</arg>
<arg>KZ</arg>
<arg>LA</arg>
<arg>LB</arg>
<arg>LC</arg>
<arg>LI</arg>
<arg>LK</arg>
<arg>LR</arg>
<arg>LS</arg>
<arg>LT</arg>
<arg>LU</arg>
<arg>LV</arg>
<arg>LY</arg>
<arg>MA</arg>
<arg>MC</arg>
<arg>MD</arg>
<arg>ME</arg>
<arg>MF</arg>
<arg>MG</arg>
<arg>MH</arg>
<arg>MK</arg>
<arg>ML</arg>
<arg>MM</arg>
<arg>MN</arg>
<arg>MO</arg>
<arg>MP</arg>
<arg>MQ</arg>
<arg>MR</arg>
<arg>MS</arg>
<arg>MT</arg>
<arg>MU</arg>
<arg>MV</arg>
<arg>MW</arg>
<arg>MX</arg>
<arg>MY</arg>
<arg>MZ</arg>
<arg>NA</arg>
<arg>NC</arg>
<arg>NE</arg>
<arg>NF</arg>
<arg>NG</arg>
<arg>NI</arg>
<arg>NL</arg>
<arg>NO</arg>
<arg>NP</arg>
<arg>NR</arg>
<arg>NU</arg>
<arg>NZ</arg>
<arg>OM</arg>
<arg>PA</arg>
<arg>PE</arg>
<arg>PF</arg>
<arg>PG</arg>
<arg>PH</arg>
<arg>PK</arg>
<arg>PL</arg>
<arg>PM</arg>
<arg>PN</arg>
<arg>PR</arg>
<arg>PS</arg>
<arg>PT</arg>
<arg>PW</arg>
<arg>PY</arg>
<arg>QA</arg>
<arg>RE</arg>
<arg>RO</arg>
<arg>RS</arg>
<arg>RU</arg>
<arg>RW</arg>
<arg>SA</arg>
<arg>SB</arg>
<arg>SC</arg>
<arg>SD</arg>
<arg>SE</arg>
<arg>SG</arg>
<arg>SH</arg>
<arg>SI</arg>
<arg>SJ</arg>
<arg>SK</arg>
<arg>SL</arg>
<arg>SM</arg>
<arg>SN</arg>
<arg>SO</arg>
<arg>SR</arg>
<arg>SS</arg>
<arg>ST</arg>
<arg>SV</arg>
<arg>SX</arg>
<arg>SY</arg>
<arg>SZ</arg>
<arg>TC</arg>
<arg>TD</arg>
<arg>TF</arg>
<arg>TG</arg>
<arg>TH</arg>
<arg>TJ</arg>
<arg>TK</arg>
<arg>TL</arg>
<arg>TM</arg>
<arg>TN</arg>
<arg>TO</arg>
<arg>TR</arg>
<arg>TT</arg>
<arg>TV</arg>
<arg>TW</arg>
<arg>TZ</arg>
<arg>UA</arg>
<arg>UG</arg>
<arg>UM</arg>
<arg>US</arg>
<arg>UY</arg>
<arg>UZ</arg>
<arg>VA</arg>
<arg>VC</arg>
<arg>VE</arg>
<arg>VG</arg>
<arg>VI</arg>
<arg>VN</arg>
<arg>VU</arg>
<arg>WF</arg>
<arg>WS</arg>
<arg>XK</arg>
<arg>YE</arg>
<arg>YT</arg>
<arg>ZA</arg>
<arg>ZM</arg>
<arg>ZW</arg>
<doc>Returns a list containing given items.</doc>
<status status="PASS" start="2024-07-22T03:18:30.231660" elapsed="0.000623"/>
</kw>
<kw name="List Should Contain Value" owner="Collections">
<arg>${list_country}</arg>
<arg>${name_country}</arg>
<doc>Fails if the ``value`` is not found from ``list``.</doc>
<status status="PASS" start="2024-07-22T03:18:30.233294" elapsed="0.000212"/>
</kw>
<kw name="Run Keyword If" owner="BuiltIn">
<kw name="Should Be True" owner="BuiltIn">
<arg>${True}</arg>
<doc>Fails if the given condition is not true.</doc>
<status status="PASS" start="2024-07-22T03:18:30.234453" elapsed="0.000140"/>
</kw>
<arg>${json_data["results"][0]["location"]["coordinates"]["latitude"]} &gt;= -90 and ${json_data["results"][0]["location"]["coordinates"]["latitude"]} &lt;= 90</arg>
<arg>Should Be True</arg>
<arg>${True}</arg>
<doc>Runs the given keyword with the given arguments, if ``condition`` is true.</doc>
<status status="PASS" start="2024-07-22T03:18:30.233706" elapsed="0.001010"/>
</kw>
<kw name="Run Keyword If" owner="BuiltIn">
<kw name="Should Be True" owner="BuiltIn">
<arg>${True}</arg>
<doc>Fails if the given condition is not true.</doc>
<status status="PASS" start="2024-07-22T03:18:30.235595" elapsed="0.000135"/>
</kw>
<arg>${json_data["results"][0]["location"]["coordinates"]["longitude"]} &gt;= -180 and ${json_data["results"][0]["location"]["coordinates"]["longitude"]} &lt;= 180</arg>
<arg>Should Be True</arg>
<arg>${True}</arg>
<doc>Runs the given keyword with the given arguments, if ``condition`` is true.</doc>
<status status="PASS" start="2024-07-22T03:18:30.234906" elapsed="0.000945"/>
</kw>
<status status="PASS" start="2024-07-22T03:18:30.107914" elapsed="0.128067"/>
</kw>
<doc>Testa o conteúdo específico dos campos retornados pela API.</doc>
<tag>testeConteudo</tag>
<status status="PASS" start="2024-07-22T03:18:30.107443" elapsed="0.128694"/>
</test>
<status status="PASS" start="2024-07-22T03:18:29.170739" elapsed="1.067425"/>
</suite>
<status status="PASS" start="2024-07-22T03:18:29.155766" elapsed="1.087530"/>
</suite>
<statistics>
<total>
<stat pass="5" fail="0" skip="0">All Tests</stat>
</total>
<tag>
<stat pass="1" fail="0" skip="0">testeConteudo</stat>
<stat pass="1" fail="0" skip="0">testeEstruturaResposta</stat>
<stat pass="1" fail="0" skip="0">testeRequisicaoBasica</stat>
<stat pass="1" fail="0" skip="0">testeTiposDados</stat>
</tag>
<suite>
<stat pass="5" fail="0" skip="0" id="s1" name="Tests">Tests</stat>
<stat pass="5" fail="0" skip="0" id="s1-s1" name="Random-User-Test">Tests.Random-User-Test</stat>
</suite>
</statistics>
<errors>
</errors>
</robot>
