<?xml version="1.0" encoding="UTF-8"?>
<robot generator="Robot 7.0.1 (Python 3.12.4 on linux)" generated="2024-06-19T23:15:22.102790" rpa="false" schemaversion="5">
<suite id="s1" name="Tests" source="/home/runner/work/ApiRandomUser/ApiRandomUser/RamdonUser/tests">
<suite id="s1-s1" name="Random-User-Test" source="/home/runner/work/ApiRandomUser/ApiRandomUser/RamdonUser/tests/random-user-test.robot">
<test id="s1-s1-t1" name="Conectar" line="13">
<kw name="Conectar API" owner="random-user-service">
<kw name="Create Session" owner="RequestsLibrary">
<msg time="2024-06-19T23:15:22.542912" level="INFO">Creating Session using : alias=consultarAPI, url=https://randomuser.me/, headers={},                     cookies={}, auth=None, timeout=None, proxies=None, verify=False,                     debug=0 </msg>
<arg>consultarAPI</arg>
<arg>${URL}</arg>
<doc>Create Session: create a HTTP session to a server</doc>
<status status="PASS" start="2024-06-19T23:15:22.542707" elapsed="0.000416"/>
</kw>
<status status="PASS" start="2024-06-19T23:15:22.541743" elapsed="0.001734"/>
</kw>
<status status="PASS" start="2024-06-19T23:15:22.541156" elapsed="0.002513"/>
</test>
<test id="s1-s1-t2" name="Validar retorno 200 e JSON Válido" line="16">
<kw name="Teste de Requisicao Basica" owner="random-user-service">
<kw name="GET On Session" owner="RequestsLibrary">
<msg time="2024-06-19T23:15:22.698290" level="INFO">GET Request : url=https://randomuser.me/api 
 path_url=/api 
 headers={'User-Agent': 'python-requests/2.32.3', 'Accept-Encoding': 'gzip, deflate', 'Accept': '*/*', 'Connection': 'keep-alive'} 
 body=None 
 </msg>
<msg time="2024-06-19T23:15:22.698452" level="INFO">GET Response : url=https://randomuser.me/api 
 status=200, reason=OK 
 headers={'Date': 'Wed, 19 Jun 2024 23:15:22 GMT', 'Content-Type': 'application/json; charset=utf-8', 'Transfer-Encoding': 'chunked', 'Connection': 'keep-alive', 'X-Powered-By': 'Express', 'Access-Control-Allow-Origin': '*', 'Cache-Control': 'no-cache', 'ETag': 'W/"479-Z54GCb6pFaJcUj/ae7tETduxG9A"', 'Vary': 'Accept-Encoding', 'Content-Encoding': 'gzip', 'CF-Cache-Status': 'DYNAMIC', 'Report-To': '{"endpoints":[{"url":"https:\\/\\/a.nel.cloudflare.com\\/report\\/v4?s=JfH3%2FsGWHDIk0giSqnhRihbS2T%2Fzf%2BnHgyA05NLdeWhJFWrUovoNrMMSuMuWXSJXx1qjzzOJmC64C0Rgbd0NDENEgBMNZIxCsPqKfN2kCwuheVirG%2F0PmNxoyZcGlaJc"}],"group":"cf-nel","max_age":604800}', 'NEL': '{"success_fraction":0,"report_to":"cf-nel","max_age":604800}', 'Server': 'cloudflare', 'CF-RAY': '896738821c2a9652-SJC', 'alt-svc': 'h3=":443"; ma=86400'} 
 body={"results":[{"gender":"male","name":{"title":"Mr","first":"Lawrence","last":"Ramirez"},"location":{"street":{"number":2377,"name":"Marsh Ln"},"city":"Bundaberg","state":"South Australia","country":"Australia","postcode":7450,"coordinates":{"latitude":"-86.7175","longitude":"-66.0041"},"timezone":{"offset":"+3:30","description":"Tehran"}},"email":"lawrence.ramirez@example.com","login":{"uuid":"9b93739f-aa47-4982-be9e-9e973314e789","username":"purpletiger615","password":"tornado","salt":"OMtDMFlR","md5":"aa549cbae02f71672afd984f23050a8f","sha1":"41f07679f8f8447576ebe25e4b141d30ea3e0767","sha256":"a59dfae75981812bd3ff9a674f7378987fe2636ba95e5540697d7f061ca453d3"},"dob":{"date":"1995-06-18T16:48:40.316Z","age":29},"registered":{"date":"2014-09-14T12:16:10.180Z","age":9},"phone":"01-2129-4564","cell":"0471-845-408","id":{"name":"TFN","value":"005542893"},"picture":{"large":"https://randomuser.me/api/portraits/men/48.jpg","medium":"https://randomuser.me/api/portraits/med/men/48.jpg","thumbnail":"https://randomuser.me/api/portraits/thumb/men/48.jpg"},"nat":"AU"}],"info":{"seed":"3f1a92e5f2884b2f","results":1,"page":1,"version":"1.4"}} 
 </msg>
<msg time="2024-06-19T23:15:22.698549" level="INFO">/opt/hostedtoolcache/Python/3.12.4/x64/lib/python3.12/site-packages/urllib3/connectionpool.py:1099: InsecureRequestWarning: Unverified HTTPS request is being made to host 'randomuser.me'. Adding certificate verification is strongly advised. See: https://urllib3.readthedocs.io/en/latest/advanced-usage.html#tls-warnings
  warnings.warn(</msg>
<msg time="2024-06-19T23:15:22.698684" level="INFO">${response} = &lt;Response [200]&gt;</msg>
<var>${response}</var>
<arg>consultarAPI</arg>
<arg>/api</arg>
<doc>Sends a GET request on a previously created HTTP Session.</doc>
<status status="PASS" start="2024-06-19T23:15:22.546316" elapsed="0.152411"/>
</kw>
<kw name="Should Be Equal As Numbers" owner="BuiltIn">
<msg time="2024-06-19T23:15:22.699726" level="INFO">Argument types are:
&lt;class 'int'&gt;
&lt;class 'str'&gt;</msg>
<arg>${response.status_code}</arg>
<arg>200</arg>
<doc>Fails if objects are unequal after converting them to real numbers.</doc>
<status status="PASS" start="2024-06-19T23:15:22.699259" elapsed="0.000533"/>
</kw>
<kw name="Log" owner="BuiltIn">
<msg time="2024-06-19T23:15:22.700473" level="INFO">200</msg>
<arg>${response.status_code}</arg>
<doc>Logs the given message with the given level.</doc>
<status status="PASS" start="2024-06-19T23:15:22.700121" elapsed="0.000394"/>
</kw>
<kw name="Set Variable" owner="BuiltIn">
<msg time="2024-06-19T23:15:22.701254" level="INFO">${json_data} = {'results': [{'gender': 'male', 'name': {'title': 'Mr', 'first': 'Lawrence', 'last': 'Ramirez'}, 'location': {'street': {'number': 2377, 'name': 'Marsh Ln'}, 'city': 'Bundaberg', 'state': 'South Austr...</msg>
<var>${json_data}</var>
<arg>${response.json()}</arg>
<doc>Returns the given values which can then be assigned to a variables.</doc>
<status status="PASS" start="2024-06-19T23:15:22.700823" elapsed="0.000459"/>
</kw>
<kw name="Dictionary Should Contain Key" owner="Collections">
<arg>${json_data}</arg>
<arg>results</arg>
<doc>Fails if ``key`` is not found from ``dictionary``.</doc>
<status status="PASS" start="2024-06-19T23:15:22.701586" elapsed="0.000170"/>
</kw>
<status status="PASS" start="2024-06-19T23:15:22.546063" elapsed="0.155841"/>
</kw>
<doc>Testa se a API responde corretamente e retorna um objeto JSON válido.</doc>
<tag>testeRequisicaoBasica</tag>
<status status="PASS" start="2024-06-19T23:15:22.545537" elapsed="0.156534"/>
</test>
<test id="s1-s1-t3" name="Validar estrutura de resposta" line="22">
<kw name="Teste de Estrutura de Resposta" owner="random-user-service">
<kw name="GET On Session" owner="RequestsLibrary">
<msg time="2024-06-19T23:15:22.824477" level="INFO">GET Request : url=https://randomuser.me/api 
 path_url=/api 
 headers={'User-Agent': 'python-requests/2.32.3', 'Accept-Encoding': 'gzip, deflate', 'Accept': '*/*', 'Connection': 'keep-alive'} 
 body=None 
 </msg>
<msg time="2024-06-19T23:15:22.824577" level="INFO">GET Response : url=https://randomuser.me/api 
 status=200, reason=OK 
 headers={'Date': 'Wed, 19 Jun 2024 23:15:22 GMT', 'Content-Type': 'application/json; charset=utf-8', 'Transfer-Encoding': 'chunked', 'Connection': 'keep-alive', 'X-Powered-By': 'Express', 'Access-Control-Allow-Origin': '*', 'Cache-Control': 'no-cache', 'ETag': 'W/"49a-GweKTQTOk13BxHUTS6uvQASf7rY"', 'Vary': 'Accept-Encoding', 'Content-Encoding': 'gzip', 'CF-Cache-Status': 'DYNAMIC', 'Report-To': '{"endpoints":[{"url":"https:\\/\\/a.nel.cloudflare.com\\/report\\/v4?s=1iFeFomc%2BaaopPV%2FDtmyDaud26ptDV6dKU0BuXdT9R%2Fo9pn%2FMxazAhvzYxHXBRsW%2BphjFZFZ8%2FojJc2Jvcf9ovpXcqqcmPukAK9pJY%2BAAKj20SGy4OvK5Ooff9QIUCqY"}],"group":"cf-nel","max_age":604800}', 'NEL': '{"success_fraction":0,"report_to":"cf-nel","max_age":604800}', 'Server': 'cloudflare', 'CF-RAY': '89673882ecb29652-SJC', 'alt-svc': 'h3=":443"; ma=86400'} 
 body={"results":[{"gender":"male","name":{"title":"Mr","first":"Marceau","last":"Berger"},"location":{"street":{"number":5272,"name":"Place du 8 Novembre 1942"},"city":"Créteil","state":"Sarthe","country":"France","postcode":93823,"coordinates":{"latitude":"-20.5110","longitude":"-177.5992"},"timezone":{"offset":"-7:00","description":"Mountain Time (US &amp; Canada)"}},"email":"marceau.berger@example.com","login":{"uuid":"903844de-a178-4dbd-8f43-4520c2537da1","username":"goldenduck371","password":"whiteboy","salt":"NgCHZU2I","md5":"a5a43ea0e10a78fb57d90684b1c38dde","sha1":"77b837fb4397250b93955fc8f02e1881732bd129","sha256":"902018ef161db3fcb449e9dd89ac4ae4573be2b78eaf14748dba9d52c39b7c06"},"dob":{"date":"1965-08-24T06:03:05.354Z","age":58},"registered":{"date":"2005-10-29T17:09:28.878Z","age":18},"phone":"04-13-24-86-06","cell":"06-12-67-91-04","id":{"name":"INSEE","value":"1650773844976 38"},"picture":{"large":"https://randomuser.me/api/portraits/men/5.jpg","medium":"https://randomuser.me/api/portraits/med/men/5.jpg","thumbnail":"https://randomuser.me/api/portraits/thumb/men/5.jpg"},"nat":"FR"}],"info":{"seed":"db7b25100322d02a","results":1,"page":1,"version":"1.4"}} 
 </msg>
<msg time="2024-06-19T23:15:22.824718" level="INFO">/opt/hostedtoolcache/Python/3.12.4/x64/lib/python3.12/site-packages/urllib3/connectionpool.py:1099: InsecureRequestWarning: Unverified HTTPS request is being made to host 'randomuser.me'. Adding certificate verification is strongly advised. See: https://urllib3.readthedocs.io/en/latest/advanced-usage.html#tls-warnings
  warnings.warn(</msg>
<msg time="2024-06-19T23:15:22.824851" level="INFO">${response} = &lt;Response [200]&gt;</msg>
<var>${response}</var>
<arg>consultarAPI</arg>
<arg>/api</arg>
<doc>Sends a GET request on a previously created HTTP Session.</doc>
<status status="PASS" start="2024-06-19T23:15:22.704767" elapsed="0.120123"/>
</kw>
<kw name="Set Variable" owner="BuiltIn">
<msg time="2024-06-19T23:15:22.825799" level="INFO">${json_data} = {'results': [{'gender': 'male', 'name': {'title': 'Mr', 'first': 'Marceau', 'last': 'Berger'}, 'location': {'street': {'number': 5272, 'name': 'Place du 8 Novembre 1942'}, 'city': 'Créteil', 'state': ...</msg>
<var>${json_data}</var>
<arg>${response.json()}</arg>
<doc>Returns the given values which can then be assigned to a variables.</doc>
<status status="PASS" start="2024-06-19T23:15:22.825306" elapsed="0.000525"/>
</kw>
<kw name="Log" owner="BuiltIn">
<msg time="2024-06-19T23:15:22.826314" level="INFO">{'results': [{'gender': 'male', 'name': {'title': 'Mr', 'first': 'Marceau', 'last': 'Berger'}, 'location': {'street': {'number': 5272, 'name': 'Place du 8 Novembre 1942'}, 'city': 'Créteil', 'state': 'Sarthe', 'country': 'France', 'postcode': 93823, 'coordinates': {'latitude': '-20.5110', 'longitude': '-177.5992'}, 'timezone': {'offset': '-7:00', 'description': 'Mountain Time (US &amp; Canada)'}}, 'email': 'marceau.berger@example.com', 'login': {'uuid': '903844de-a178-4dbd-8f43-4520c2537da1', 'username': 'goldenduck371', 'password': 'whiteboy', 'salt': 'NgCHZU2I', 'md5': 'a5a43ea0e10a78fb57d90684b1c38dde', 'sha1': '77b837fb4397250b93955fc8f02e1881732bd129', 'sha256': '902018ef161db3fcb449e9dd89ac4ae4573be2b78eaf14748dba9d52c39b7c06'}, 'dob': {'date': '1965-08-24T06:03:05.354Z', 'age': 58}, 'registered': {'date': '2005-10-29T17:09:28.878Z', 'age': 18}, 'phone': '04-13-24-86-06', 'cell': '06-12-67-91-04', 'id': {'name': 'INSEE', 'value': '1650773844976 38'}, 'picture': {'large': 'https://randomuser.me/api/portraits/men/5.jpg', 'medium': 'https://randomuser.me/api/portraits/med/men/5.jpg', 'thumbnail': 'https://randomuser.me/api/portraits/thumb/men/5.jpg'}, 'nat': 'FR'}], 'info': {'seed': 'db7b25100322d02a', 'results': 1, 'page': 1, 'version': '1.4'}}</msg>
<arg>${json_data}</arg>
<doc>Logs the given message with the given level.</doc>
<status status="PASS" start="2024-06-19T23:15:22.826150" elapsed="0.000217"/>
</kw>
<kw name="Dictionary Should Contain Key" owner="Collections">
<arg>${json_data}</arg>
<arg>results</arg>
<doc>Fails if ``key`` is not found from ``dictionary``.</doc>
<status status="PASS" start="2024-06-19T23:15:22.826666" elapsed="0.000167"/>
</kw>
<kw name="Should Not Be Empty" owner="BuiltIn">
<msg time="2024-06-19T23:15:22.827197" level="INFO">Length is 2.</msg>
<arg>${json_data}</arg>
<doc>Verifies that the given item is not empty.</doc>
<status status="PASS" start="2024-06-19T23:15:22.827059" elapsed="0.000183"/>
</kw>
<kw name="Create List" owner="BuiltIn">
<msg time="2024-06-19T23:15:22.827699" level="INFO">${expected_keys} = ['gender', 'name', 'location', 'email', 'login']</msg>
<var>${expected_keys}</var>
<arg>gender</arg>
<arg>name</arg>
<arg>location</arg>
<arg>email</arg>
<arg>login</arg>
<doc>Returns a list containing given items.</doc>
<status status="PASS" start="2024-06-19T23:15:22.827551" elapsed="0.000172"/>
</kw>
<for flavor="IN">
<iter>
<kw name="Dictionary Should Contain Key" owner="Collections">
<arg>${json_data['results'][0]}</arg>
<arg>${key}</arg>
<doc>Fails if ``key`` is not found from ``dictionary``.</doc>
<status status="PASS" start="2024-06-19T23:15:22.828452" elapsed="0.000407"/>
</kw>
<kw name="Log" owner="BuiltIn">
<msg time="2024-06-19T23:15:22.829409" level="INFO">{'gender': 'male', 'name': {'title': 'Mr', 'first': 'Marceau', 'last': 'Berger'}, 'location': {'street': {'number': 5272, 'name': 'Place du 8 Novembre 1942'}, 'city': 'Créteil', 'state': 'Sarthe', 'country': 'France', 'postcode': 93823, 'coordinates': {'latitude': '-20.5110', 'longitude': '-177.5992'}, 'timezone': {'offset': '-7:00', 'description': 'Mountain Time (US &amp; Canada)'}}, 'email': 'marceau.berger@example.com', 'login': {'uuid': '903844de-a178-4dbd-8f43-4520c2537da1', 'username': 'goldenduck371', 'password': 'whiteboy', 'salt': 'NgCHZU2I', 'md5': 'a5a43ea0e10a78fb57d90684b1c38dde', 'sha1': '77b837fb4397250b93955fc8f02e1881732bd129', 'sha256': '902018ef161db3fcb449e9dd89ac4ae4573be2b78eaf14748dba9d52c39b7c06'}, 'dob': {'date': '1965-08-24T06:03:05.354Z', 'age': 58}, 'registered': {'date': '2005-10-29T17:09:28.878Z', 'age': 18}, 'phone': '04-13-24-86-06', 'cell': '06-12-67-91-04', 'id': {'name': 'INSEE', 'value': '1650773844976 38'}, 'picture': {'large': 'https://randomuser.me/api/portraits/men/5.jpg', 'medium': 'https://randomuser.me/api/portraits/med/men/5.jpg', 'thumbnail': 'https://randomuser.me/api/portraits/thumb/men/5.jpg'}, 'nat': 'FR'}</msg>
<arg>${json_data['results'][0]}</arg>
<doc>Logs the given message with the given level.</doc>
<status status="PASS" start="2024-06-19T23:15:22.829045" elapsed="0.000420"/>
</kw>
<kw name="Log" owner="BuiltIn">
<msg time="2024-06-19T23:15:22.829895" level="INFO">gender</msg>
<arg>${key}</arg>
<doc>Logs the given message with the given level.</doc>
<status status="PASS" start="2024-06-19T23:15:22.829765" elapsed="0.000169"/>
</kw>
<var name="${key}">gender</var>
<status status="PASS" start="2024-06-19T23:15:22.828324" elapsed="0.001827"/>
</iter>
<iter>
<kw name="Dictionary Should Contain Key" owner="Collections">
<arg>${json_data['results'][0]}</arg>
<arg>${key}</arg>
<doc>Fails if ``key`` is not found from ``dictionary``.</doc>
<status status="PASS" start="2024-06-19T23:15:22.830444" elapsed="0.000383"/>
</kw>
<kw name="Log" owner="BuiltIn">
<msg time="2024-06-19T23:15:22.831476" level="INFO">{'gender': 'male', 'name': {'title': 'Mr', 'first': 'Marceau', 'last': 'Berger'}, 'location': {'street': {'number': 5272, 'name': 'Place du 8 Novembre 1942'}, 'city': 'Créteil', 'state': 'Sarthe', 'country': 'France', 'postcode': 93823, 'coordinates': {'latitude': '-20.5110', 'longitude': '-177.5992'}, 'timezone': {'offset': '-7:00', 'description': 'Mountain Time (US &amp; Canada)'}}, 'email': 'marceau.berger@example.com', 'login': {'uuid': '903844de-a178-4dbd-8f43-4520c2537da1', 'username': 'goldenduck371', 'password': 'whiteboy', 'salt': 'NgCHZU2I', 'md5': 'a5a43ea0e10a78fb57d90684b1c38dde', 'sha1': '77b837fb4397250b93955fc8f02e1881732bd129', 'sha256': '902018ef161db3fcb449e9dd89ac4ae4573be2b78eaf14748dba9d52c39b7c06'}, 'dob': {'date': '1965-08-24T06:03:05.354Z', 'age': 58}, 'registered': {'date': '2005-10-29T17:09:28.878Z', 'age': 18}, 'phone': '04-13-24-86-06', 'cell': '06-12-67-91-04', 'id': {'name': 'INSEE', 'value': '1650773844976 38'}, 'picture': {'large': 'https://randomuser.me/api/portraits/men/5.jpg', 'medium': 'https://randomuser.me/api/portraits/med/men/5.jpg', 'thumbnail': 'https://randomuser.me/api/portraits/thumb/men/5.jpg'}, 'nat': 'FR'}</msg>
<arg>${json_data['results'][0]}</arg>
<doc>Logs the given message with the given level.</doc>
<status status="PASS" start="2024-06-19T23:15:22.831074" elapsed="0.000458"/>
</kw>
<kw name="Log" owner="BuiltIn">
<msg time="2024-06-19T23:15:22.831959" level="INFO">name</msg>
<arg>${key}</arg>
<doc>Logs the given message with the given level.</doc>
<status status="PASS" start="2024-06-19T23:15:22.831832" elapsed="0.000166"/>
</kw>
<var name="${key}">name</var>
<status status="PASS" start="2024-06-19T23:15:22.830335" elapsed="0.001878"/>
</iter>
<iter>
<kw name="Dictionary Should Contain Key" owner="Collections">
<arg>${json_data['results'][0]}</arg>
<arg>${key}</arg>
<doc>Fails if ``key`` is not found from ``dictionary``.</doc>
<status status="PASS" start="2024-06-19T23:15:22.832498" elapsed="0.000393"/>
</kw>
<kw name="Log" owner="BuiltIn">
<msg time="2024-06-19T23:15:22.833439" level="INFO">{'gender': 'male', 'name': {'title': 'Mr', 'first': 'Marceau', 'last': 'Berger'}, 'location': {'street': {'number': 5272, 'name': 'Place du 8 Novembre 1942'}, 'city': 'Créteil', 'state': 'Sarthe', 'country': 'France', 'postcode': 93823, 'coordinates': {'latitude': '-20.5110', 'longitude': '-177.5992'}, 'timezone': {'offset': '-7:00', 'description': 'Mountain Time (US &amp; Canada)'}}, 'email': 'marceau.berger@example.com', 'login': {'uuid': '903844de-a178-4dbd-8f43-4520c2537da1', 'username': 'goldenduck371', 'password': 'whiteboy', 'salt': 'NgCHZU2I', 'md5': 'a5a43ea0e10a78fb57d90684b1c38dde', 'sha1': '77b837fb4397250b93955fc8f02e1881732bd129', 'sha256': '902018ef161db3fcb449e9dd89ac4ae4573be2b78eaf14748dba9d52c39b7c06'}, 'dob': {'date': '1965-08-24T06:03:05.354Z', 'age': 58}, 'registered': {'date': '2005-10-29T17:09:28.878Z', 'age': 18}, 'phone': '04-13-24-86-06', 'cell': '06-12-67-91-04', 'id': {'name': 'INSEE', 'value': '1650773844976 38'}, 'picture': {'large': 'https://randomuser.me/api/portraits/men/5.jpg', 'medium': 'https://randomuser.me/api/portraits/med/men/5.jpg', 'thumbnail': 'https://randomuser.me/api/portraits/thumb/men/5.jpg'}, 'nat': 'FR'}</msg>
<arg>${json_data['results'][0]}</arg>
<doc>Logs the given message with the given level.</doc>
<status status="PASS" start="2024-06-19T23:15:22.833077" elapsed="0.000414"/>
</kw>
<kw name="Log" owner="BuiltIn">
<msg time="2024-06-19T23:15:22.833917" level="INFO">location</msg>
<arg>${key}</arg>
<doc>Logs the given message with the given level.</doc>
<status status="PASS" start="2024-06-19T23:15:22.833792" elapsed="0.000163"/>
</kw>
<var name="${key}">location</var>
<status status="PASS" start="2024-06-19T23:15:22.832391" elapsed="0.001778"/>
</iter>
<iter>
<kw name="Dictionary Should Contain Key" owner="Collections">
<arg>${json_data['results'][0]}</arg>
<arg>${key}</arg>
<doc>Fails if ``key`` is not found from ``dictionary``.</doc>
<status status="PASS" start="2024-06-19T23:15:22.834440" elapsed="0.000380"/>
</kw>
<kw name="Log" owner="BuiltIn">
<msg time="2024-06-19T23:15:22.835396" level="INFO">{'gender': 'male', 'name': {'title': 'Mr', 'first': 'Marceau', 'last': 'Berger'}, 'location': {'street': {'number': 5272, 'name': 'Place du 8 Novembre 1942'}, 'city': 'Créteil', 'state': 'Sarthe', 'country': 'France', 'postcode': 93823, 'coordinates': {'latitude': '-20.5110', 'longitude': '-177.5992'}, 'timezone': {'offset': '-7:00', 'description': 'Mountain Time (US &amp; Canada)'}}, 'email': 'marceau.berger@example.com', 'login': {'uuid': '903844de-a178-4dbd-8f43-4520c2537da1', 'username': 'goldenduck371', 'password': 'whiteboy', 'salt': 'NgCHZU2I', 'md5': 'a5a43ea0e10a78fb57d90684b1c38dde', 'sha1': '77b837fb4397250b93955fc8f02e1881732bd129', 'sha256': '902018ef161db3fcb449e9dd89ac4ae4573be2b78eaf14748dba9d52c39b7c06'}, 'dob': {'date': '1965-08-24T06:03:05.354Z', 'age': 58}, 'registered': {'date': '2005-10-29T17:09:28.878Z', 'age': 18}, 'phone': '04-13-24-86-06', 'cell': '06-12-67-91-04', 'id': {'name': 'INSEE', 'value': '1650773844976 38'}, 'picture': {'large': 'https://randomuser.me/api/portraits/men/5.jpg', 'medium': 'https://randomuser.me/api/portraits/med/men/5.jpg', 'thumbnail': 'https://randomuser.me/api/portraits/thumb/men/5.jpg'}, 'nat': 'FR'}</msg>
<arg>${json_data['results'][0]}</arg>
<doc>Logs the given message with the given level.</doc>
<status status="PASS" start="2024-06-19T23:15:22.835029" elapsed="0.000421"/>
</kw>
<kw name="Log" owner="BuiltIn">
<msg time="2024-06-19T23:15:22.835870" level="INFO">email</msg>
<arg>${key}</arg>
<doc>Logs the given message with the given level.</doc>
<status status="PASS" start="2024-06-19T23:15:22.835745" elapsed="0.000164"/>
</kw>
<var name="${key}">email</var>
<status status="PASS" start="2024-06-19T23:15:22.834336" elapsed="0.001782"/>
</iter>
<iter>
<kw name="Dictionary Should Contain Key" owner="Collections">
<arg>${json_data['results'][0]}</arg>
<arg>${key}</arg>
<doc>Fails if ``key`` is not found from ``dictionary``.</doc>
<status status="PASS" start="2024-06-19T23:15:22.836391" elapsed="0.000388"/>
</kw>
<kw name="Log" owner="BuiltIn">
<msg time="2024-06-19T23:15:22.837314" level="INFO">{'gender': 'male', 'name': {'title': 'Mr', 'first': 'Marceau', 'last': 'Berger'}, 'location': {'street': {'number': 5272, 'name': 'Place du 8 Novembre 1942'}, 'city': 'Créteil', 'state': 'Sarthe', 'country': 'France', 'postcode': 93823, 'coordinates': {'latitude': '-20.5110', 'longitude': '-177.5992'}, 'timezone': {'offset': '-7:00', 'description': 'Mountain Time (US &amp; Canada)'}}, 'email': 'marceau.berger@example.com', 'login': {'uuid': '903844de-a178-4dbd-8f43-4520c2537da1', 'username': 'goldenduck371', 'password': 'whiteboy', 'salt': 'NgCHZU2I', 'md5': 'a5a43ea0e10a78fb57d90684b1c38dde', 'sha1': '77b837fb4397250b93955fc8f02e1881732bd129', 'sha256': '902018ef161db3fcb449e9dd89ac4ae4573be2b78eaf14748dba9d52c39b7c06'}, 'dob': {'date': '1965-08-24T06:03:05.354Z', 'age': 58}, 'registered': {'date': '2005-10-29T17:09:28.878Z', 'age': 18}, 'phone': '04-13-24-86-06', 'cell': '06-12-67-91-04', 'id': {'name': 'INSEE', 'value': '1650773844976 38'}, 'picture': {'large': 'https://randomuser.me/api/portraits/men/5.jpg', 'medium': 'https://randomuser.me/api/portraits/med/men/5.jpg', 'thumbnail': 'https://randomuser.me/api/portraits/thumb/men/5.jpg'}, 'nat': 'FR'}</msg>
<arg>${json_data['results'][0]}</arg>
<doc>Logs the given message with the given level.</doc>
<status status="PASS" start="2024-06-19T23:15:22.836957" elapsed="0.000418"/>
</kw>
<kw name="Log" owner="BuiltIn">
<msg time="2024-06-19T23:15:22.837820" level="INFO">login</msg>
<arg>${key}</arg>
<doc>Logs the given message with the given level.</doc>
<status status="PASS" start="2024-06-19T23:15:22.837673" elapsed="0.000194"/>
</kw>
<var name="${key}">login</var>
<status status="PASS" start="2024-06-19T23:15:22.836286" elapsed="0.001796"/>
</iter>
<var>${key}</var>
<value>@{expected_keys}</value>
<status status="PASS" start="2024-06-19T23:15:22.828130" elapsed="0.010071"/>
</for>
<kw name="Create List" owner="BuiltIn">
<msg time="2024-06-19T23:15:22.838557" level="INFO">${expected_keysTwo} = ['username', 'password']</msg>
<var>${expected_keysTwo}</var>
<arg>username</arg>
<arg>password</arg>
<doc>Returns a list containing given items.</doc>
<status status="PASS" start="2024-06-19T23:15:22.838421" elapsed="0.000161"/>
</kw>
<for flavor="IN">
<iter>
<kw name="Dictionary Should Contain Key" owner="Collections">
<arg>${json_data['results'][0]['login']}</arg>
<arg>${keyTwo}</arg>
<doc>Fails if ``key`` is not found from ``dictionary``.</doc>
<status status="PASS" start="2024-06-19T23:15:22.839114" elapsed="0.000387"/>
</kw>
<kw name="Dictionary Should Contain Key" owner="Collections">
<arg>${json_data['results'][0]['login']}</arg>
<arg>${keyTwo}</arg>
<doc>Fails if ``key`` is not found from ``dictionary``.</doc>
<status status="PASS" start="2024-06-19T23:15:22.839679" elapsed="0.000446"/>
</kw>
<kw name="Log" owner="BuiltIn">
<msg time="2024-06-19T23:15:22.840428" level="INFO">username</msg>
<arg>${keyTwo}</arg>
<doc>Logs the given message with the given level.</doc>
<status status="PASS" start="2024-06-19T23:15:22.840308" elapsed="0.000159"/>
</kw>
<var name="${keyTwo}">username</var>
<status status="PASS" start="2024-06-19T23:15:22.838999" elapsed="0.001684"/>
</iter>
<iter>
<kw name="Dictionary Should Contain Key" owner="Collections">
<arg>${json_data['results'][0]['login']}</arg>
<arg>${keyTwo}</arg>
<doc>Fails if ``key`` is not found from ``dictionary``.</doc>
<status status="PASS" start="2024-06-19T23:15:22.840957" elapsed="0.000382"/>
</kw>
<kw name="Dictionary Should Contain Key" owner="Collections">
<arg>${json_data['results'][0]['login']}</arg>
<arg>${keyTwo}</arg>
<doc>Fails if ``key`` is not found from ``dictionary``.</doc>
<status status="PASS" start="2024-06-19T23:15:22.841514" elapsed="0.000379"/>
</kw>
<kw name="Log" owner="BuiltIn">
<msg time="2024-06-19T23:15:22.842204" level="INFO">password</msg>
<arg>${keyTwo}</arg>
<doc>Logs the given message with the given level.</doc>
<status status="PASS" start="2024-06-19T23:15:22.842086" elapsed="0.000155"/>
</kw>
<var name="${keyTwo}">password</var>
<status status="PASS" start="2024-06-19T23:15:22.840853" elapsed="0.001606"/>
</iter>
<var>${keyTwo}</var>
<value>@{expected_keysTwo}</value>
<status status="PASS" start="2024-06-19T23:15:22.838817" elapsed="0.003763"/>
</for>
<status status="PASS" start="2024-06-19T23:15:22.704542" elapsed="0.138177"/>
</kw>
<doc>Testa a estrutura da resposta da API.</doc>
<tag>testeEstruturaResposta</tag>
<status status="PASS" start="2024-06-19T23:15:22.703970" elapsed="0.138900"/>
</test>
<test id="s1-s1-t4" name="Validar tipos de dados" line="28">
<kw name="Teste de Tipos de Dados" owner="random-user-service">
<kw name="GET On Session" owner="RequestsLibrary">
<msg time="2024-06-19T23:15:22.949981" level="INFO">GET Request : url=https://randomuser.me/api 
 path_url=/api 
 headers={'User-Agent': 'python-requests/2.32.3', 'Accept-Encoding': 'gzip, deflate', 'Accept': '*/*', 'Connection': 'keep-alive'} 
 body=None 
 </msg>
<msg time="2024-06-19T23:15:22.950067" level="INFO">GET Response : url=https://randomuser.me/api 
 status=200, reason=OK 
 headers={'Date': 'Wed, 19 Jun 2024 23:15:22 GMT', 'Content-Type': 'application/json; charset=utf-8', 'Transfer-Encoding': 'chunked', 'Connection': 'keep-alive', 'X-Powered-By': 'Express', 'Access-Control-Allow-Origin': '*', 'Cache-Control': 'no-cache', 'ETag': 'W/"498-OUXh3QQy8CuxyuNHDxssHXQYm6Q"', 'Vary': 'Accept-Encoding', 'Content-Encoding': 'gzip', 'CF-Cache-Status': 'DYNAMIC', 'Report-To': '{"endpoints":[{"url":"https:\\/\\/a.nel.cloudflare.com\\/report\\/v4?s=X9uuZ6CKUW4neS59XayM%2BUJrGL%2B8vu2SZ8nA7HC9LQtB%2BjBcuHtfUh6NZHbmH2KMSrhbmAVevWm%2F7MBaU2oVfp8uL47Es9Q3pqbpxRCjMzDUEzIavP%2BS0c3xcmnleRCk"}],"group":"cf-nel","max_age":604800}', 'NEL': '{"success_fraction":0,"report_to":"cf-nel","max_age":604800}', 'Server': 'cloudflare', 'CF-RAY': '89673883cd379652-SJC', 'alt-svc': 'h3=":443"; ma=86400'} 
 body={"results":[{"gender":"female","name":{"title":"Miss","first":"Keira","last":"Wood"},"location":{"street":{"number":4160,"name":"Mt Eden Road"},"city":"Masterton","state":"Canterbury","country":"New Zealand","postcode":60391,"coordinates":{"latitude":"54.8591","longitude":"178.9542"},"timezone":{"offset":"0:00","description":"Western Europe Time, London, Lisbon, Casablanca"}},"email":"keira.wood@example.com","login":{"uuid":"8f276962-814e-4aaa-a9a3-35f7ca3a114c","username":"brownduck394","password":"payday","salt":"hq3QOOkL","md5":"22b5f8fcb0b576d759ae12752cac1c6d","sha1":"c855b067276b07c6e6607a80d11c7f244b76a9bf","sha256":"c089b352b76d4c7b3b5e90cb4caa18915c7ca01c0ce5f747d3a8a05794320157"},"dob":{"date":"2001-02-22T14:18:01.764Z","age":23},"registered":{"date":"2011-09-04T23:00:54.523Z","age":12},"phone":"(626)-112-8343","cell":"(392)-172-8896","id":{"name":"","value":null},"picture":{"large":"https://randomuser.me/api/portraits/women/77.jpg","medium":"https://randomuser.me/api/portraits/med/women/77.jpg","thumbnail":"https://randomuser.me/api/portraits/thumb/women/77.jpg"},"nat":"NZ"}],"info":{"seed":"2525c227d04277ba","results":1,"page":1,"version":"1.4"}} 
 </msg>
<msg time="2024-06-19T23:15:22.950127" level="INFO">/opt/hostedtoolcache/Python/3.12.4/x64/lib/python3.12/site-packages/urllib3/connectionpool.py:1099: InsecureRequestWarning: Unverified HTTPS request is being made to host 'randomuser.me'. Adding certificate verification is strongly advised. See: https://urllib3.readthedocs.io/en/latest/advanced-usage.html#tls-warnings
  warnings.warn(</msg>
<msg time="2024-06-19T23:15:22.950214" level="INFO">${response} = &lt;Response [200]&gt;</msg>
<var>${response}</var>
<arg>consultarAPI</arg>
<arg>/api</arg>
<doc>Sends a GET request on a previously created HTTP Session.</doc>
<status status="PASS" start="2024-06-19T23:15:22.845509" elapsed="0.104738"/>
</kw>
<kw name="Set Variable" owner="BuiltIn">
<msg time="2024-06-19T23:15:22.951172" level="INFO">${json_data} = {'results': [{'gender': 'female', 'name': {'title': 'Miss', 'first': 'Keira', 'last': 'Wood'}, 'location': {'street': {'number': 4160, 'name': 'Mt Eden Road'}, 'city': 'Masterton', 'state': 'Canterbur...</msg>
<var>${json_data}</var>
<arg>${response.json()}</arg>
<doc>Returns the given values which can then be assigned to a variables.</doc>
<status status="PASS" start="2024-06-19T23:15:22.950687" elapsed="0.000514"/>
</kw>
<kw name="Log" owner="BuiltIn">
<msg time="2024-06-19T23:15:22.951660" level="INFO">{'results': [{'gender': 'female', 'name': {'title': 'Miss', 'first': 'Keira', 'last': 'Wood'}, 'location': {'street': {'number': 4160, 'name': 'Mt Eden Road'}, 'city': 'Masterton', 'state': 'Canterbury', 'country': 'New Zealand', 'postcode': 60391, 'coordinates': {'latitude': '54.8591', 'longitude': '178.9542'}, 'timezone': {'offset': '0:00', 'description': 'Western Europe Time, London, Lisbon, Casablanca'}}, 'email': 'keira.wood@example.com', 'login': {'uuid': '8f276962-814e-4aaa-a9a3-35f7ca3a114c', 'username': 'brownduck394', 'password': 'payday', 'salt': 'hq3QOOkL', 'md5': '22b5f8fcb0b576d759ae12752cac1c6d', 'sha1': 'c855b067276b07c6e6607a80d11c7f244b76a9bf', 'sha256': 'c089b352b76d4c7b3b5e90cb4caa18915c7ca01c0ce5f747d3a8a05794320157'}, 'dob': {'date': '2001-02-22T14:18:01.764Z', 'age': 23}, 'registered': {'date': '2011-09-04T23:00:54.523Z', 'age': 12}, 'phone': '(626)-112-8343', 'cell': '(392)-172-8896', 'id': {'name': '', 'value': None}, 'picture': {'large': 'https://randomuser.me/api/portraits/women/77.jpg', 'medium': 'https://randomuser.me/api/portraits/med/women/77.jpg', 'thumbnail': 'https://randomuser.me/api/portraits/thumb/women/77.jpg'}, 'nat': 'NZ'}], 'info': {'seed': '2525c227d04277ba', 'results': 1, 'page': 1, 'version': '1.4'}}</msg>
<arg>${json_data}</arg>
<doc>Logs the given message with the given level.</doc>
<status status="PASS" start="2024-06-19T23:15:22.951509" elapsed="0.000198"/>
</kw>
<kw name="Should Be String" owner="String">
<arg>${json_data['results'][0]['gender']}</arg>
<doc>Fails if the given ``item`` is not a string.</doc>
<status status="PASS" start="2024-06-19T23:15:22.951994" elapsed="0.000361"/>
</kw>
<kw name="Should Match Regexp" owner="BuiltIn">
<arg>${json_data['results'][0]['email']}</arg>
<arg>^[a-zA-Z0-9._%+-]+@[a-zA-Z0-9.-]+\.[a-zA-Z]{2,}$</arg>
<doc>Fails if ``string`` does not match ``pattern`` as a regular expression.</doc>
<status status="PASS" start="2024-06-19T23:15:22.952582" elapsed="0.000548"/>
</kw>
<kw name="Should Match Regexp" owner="BuiltIn">
<arg>${json_data['results'][0]['dob']['date']}</arg>
<arg>\\d{4}-\\d{2}-\\d{2}T\\d{2}:\\d{2}:\\d{2}\\.\\d{3}Z</arg>
<doc>Fails if ``string`` does not match ``pattern`` as a regular expression.</doc>
<status status="PASS" start="2024-06-19T23:15:22.953325" elapsed="0.000490"/>
</kw>
<kw name="Should Match Regexp" owner="BuiltIn">
<arg>${json_data['results'][0]['registered']['date']}</arg>
<arg>\\d{4}-\\d{2}-\\d{2}T\\d{2}:\\d{2}:\\d{2}\\.\\d{3}Z</arg>
<doc>Fails if ``string`` does not match ``pattern`` as a regular expression.</doc>
<status status="PASS" start="2024-06-19T23:15:22.954003" elapsed="0.000365"/>
</kw>
<kw name="Should Match Regexp" owner="BuiltIn">
<arg>${json_data['results'][0]['picture']['large']}</arg>
<arg>^https?://.*\.(?:png|jpe?g|gif|bmp)$</arg>
<doc>Fails if ``string`` does not match ``pattern`` as a regular expression.</doc>
<status status="PASS" start="2024-06-19T23:15:22.954553" elapsed="0.000503"/>
</kw>
<kw name="Should Match Regexp" owner="BuiltIn">
<arg>${json_data['results'][0]['picture']['medium']}</arg>
<arg>^https?://.*\.(?:png|jpe?g|gif|bmp)$</arg>
<doc>Fails if ``string`` does not match ``pattern`` as a regular expression.</doc>
<status status="PASS" start="2024-06-19T23:15:22.955314" elapsed="0.000567"/>
</kw>
<kw name="Should Match Regexp" owner="BuiltIn">
<arg>${json_data['results'][0]['picture']['thumbnail']}</arg>
<arg>^https?://.*\.(?:png|jpe?g|gif|bmp)$</arg>
<doc>Fails if ``string`` does not match ``pattern`` as a regular expression.</doc>
<status status="PASS" start="2024-06-19T23:15:22.956169" elapsed="0.000568"/>
</kw>
<kw name="Log" owner="BuiltIn">
<msg time="2024-06-19T23:15:22.957539" level="INFO">{'large': 'https://randomuser.me/api/portraits/women/77.jpg', 'medium': 'https://randomuser.me/api/portraits/med/women/77.jpg', 'thumbnail': 'https://randomuser.me/api/portraits/thumb/women/77.jpg'}</msg>
<arg>${json_data['results'][0]['picture']}</arg>
<doc>Logs the given message with the given level.</doc>
<status status="PASS" start="2024-06-19T23:15:22.957020" elapsed="0.000586"/>
</kw>
<status status="PASS" start="2024-06-19T23:15:22.845285" elapsed="0.112672"/>
</kw>
<kw name="Teste de Tipos de Dados - Postcode" owner="random-user-service">
<kw name="GET On Session" owner="RequestsLibrary">
<msg time="2024-06-19T23:15:23.048830" level="INFO">GET Request : url=https://randomuser.me/api 
 path_url=/api 
 headers={'User-Agent': 'python-requests/2.32.3', 'Accept-Encoding': 'gzip, deflate', 'Accept': '*/*', 'Connection': 'keep-alive'} 
 body=None 
 </msg>
<msg time="2024-06-19T23:15:23.048917" level="INFO">GET Response : url=https://randomuser.me/api 
 status=200, reason=OK 
 headers={'Date': 'Wed, 19 Jun 2024 23:15:23 GMT', 'Content-Type': 'application/json; charset=utf-8', 'Transfer-Encoding': 'chunked', 'Connection': 'keep-alive', 'X-Powered-By': 'Express', 'Access-Control-Allow-Origin': '*', 'Cache-Control': 'no-cache', 'ETag': 'W/"4ac-oE8RusE/vHOSLftVNlDcYOC9K8E"', 'Vary': 'Accept-Encoding', 'Content-Encoding': 'gzip', 'CF-Cache-Status': 'DYNAMIC', 'Report-To': '{"endpoints":[{"url":"https:\\/\\/a.nel.cloudflare.com\\/report\\/v4?s=VkdrukInKbEgW0pwWm9KkoLWKdkjSb29DfrOc1VbL1Yx%2FpHkgMDHL6OeCD%2BS05urXh3EQAoy9MK9O5uVnFzMhTXzoCtQrj9g5d246TSod3S5xTvhDPJqIhVki4RsHvUm"}],"group":"cf-nel","max_age":604800}', 'NEL': '{"success_fraction":0,"report_to":"cf-nel","max_age":604800}', 'Server': 'cloudflare', 'CF-RAY': '896738848dc19652-SJC', 'alt-svc': 'h3=":443"; ma=86400'} 
 body={"results":[{"gender":"female","name":{"title":"Ms","first":"Vojislava","last":"Spasić"},"location":{"street":{"number":9529,"name":"Porodice Petrović"},"city":"Kovačica","state":"South Bačka","country":"Serbia","postcode":64265,"coordinates":{"latitude":"62.5538","longitude":"85.9899"},"timezone":{"offset":"0:00","description":"Western Europe Time, London, Lisbon, Casablanca"}},"email":"vojislava.spasic@example.com","login":{"uuid":"fbd6fa5c-970d-49e8-8040-c7f6a187d860","username":"angrypeacock523","password":"door","salt":"BaZJ6FWb","md5":"4c56e3d6dd8233adef9ffaade535e32a","sha1":"20c8195dc1d81963f5ae900012dd34f69128f5c4","sha256":"0d85ccae2d001b219c08687c65e9884c80e7fb9d9a452a21aac659cf98c6c8e1"},"dob":{"date":"2000-02-03T07:03:33.068Z","age":24},"registered":{"date":"2009-12-16T22:13:03.671Z","age":14},"phone":"015-4854-051","cell":"061-6541-933","id":{"name":"SID","value":"992450586"},"picture":{"large":"https://randomuser.me/api/portraits/women/66.jpg","medium":"https://randomuser.me/api/portraits/med/women/66.jpg","thumbnail":"https://randomuser.me/api/portraits/thumb/women/66.jpg"},"nat":"RS"}],"info":{"seed":"fc71bbc4e69ebc73","results":1,"page":1,"version":"1.4"}} 
 </msg>
<msg time="2024-06-19T23:15:23.049002" level="INFO">/opt/hostedtoolcache/Python/3.12.4/x64/lib/python3.12/site-packages/urllib3/connectionpool.py:1099: InsecureRequestWarning: Unverified HTTPS request is being made to host 'randomuser.me'. Adding certificate verification is strongly advised. See: https://urllib3.readthedocs.io/en/latest/advanced-usage.html#tls-warnings
  warnings.warn(</msg>
<msg time="2024-06-19T23:15:23.049120" level="INFO">${response} = &lt;Response [200]&gt;</msg>
<var>${response}</var>
<arg>consultarAPI</arg>
<arg>/api</arg>
<doc>Sends a GET request on a previously created HTTP Session.</doc>
<status status="PASS" start="2024-06-19T23:15:22.958598" elapsed="0.090565"/>
</kw>
<kw name="Set Variable" owner="BuiltIn">
<msg time="2024-06-19T23:15:23.050072" level="INFO">${json_data} = {'results': [{'gender': 'female', 'name': {'title': 'Ms', 'first': 'Vojislava', 'last': 'Spasić'}, 'location': {'street': {'number': 9529, 'name': 'Porodice Petrović'}, 'city': 'Kovačica', 'state': 'S...</msg>
<var>${json_data}</var>
<arg>${response.json()}</arg>
<doc>Returns the given values which can then be assigned to a variables.</doc>
<status status="PASS" start="2024-06-19T23:15:23.049611" elapsed="0.000491"/>
</kw>
<kw name="Log" owner="BuiltIn">
<msg time="2024-06-19T23:15:23.050558" level="INFO">{'results': [{'gender': 'female', 'name': {'title': 'Ms', 'first': 'Vojislava', 'last': 'Spasić'}, 'location': {'street': {'number': 9529, 'name': 'Porodice Petrović'}, 'city': 'Kovačica', 'state': 'South Bačka', 'country': 'Serbia', 'postcode': 64265, 'coordinates': {'latitude': '62.5538', 'longitude': '85.9899'}, 'timezone': {'offset': '0:00', 'description': 'Western Europe Time, London, Lisbon, Casablanca'}}, 'email': 'vojislava.spasic@example.com', 'login': {'uuid': 'fbd6fa5c-970d-49e8-8040-c7f6a187d860', 'username': 'angrypeacock523', 'password': 'door', 'salt': 'BaZJ6FWb', 'md5': '4c56e3d6dd8233adef9ffaade535e32a', 'sha1': '20c8195dc1d81963f5ae900012dd34f69128f5c4', 'sha256': '0d85ccae2d001b219c08687c65e9884c80e7fb9d9a452a21aac659cf98c6c8e1'}, 'dob': {'date': '2000-02-03T07:03:33.068Z', 'age': 24}, 'registered': {'date': '2009-12-16T22:13:03.671Z', 'age': 14}, 'phone': '015-4854-051', 'cell': '061-6541-933', 'id': {'name': 'SID', 'value': '992450586'}, 'picture': {'large': 'https://randomuser.me/api/portraits/women/66.jpg', 'medium': 'https://randomuser.me/api/portraits/med/women/66.jpg', 'thumbnail': 'https://randomuser.me/api/portraits/thumb/women/66.jpg'}, 'nat': 'RS'}], 'info': {'seed': 'fc71bbc4e69ebc73', 'results': 1, 'page': 1, 'version': '1.4'}}</msg>
<arg>${json_data}</arg>
<doc>Logs the given message with the given level.</doc>
<status status="PASS" start="2024-06-19T23:15:23.050402" elapsed="0.000205"/>
</kw>
<kw name="Should Be Equal As Numbers" owner="BuiltIn">
<arg>${json_data['results'][0]['location']['postcode']}</arg>
<arg>${json_data['results'][0]['location']['postcode']}</arg>
<doc>Fails if objects are unequal after converting them to real numbers.</doc>
<status status="PASS" start="2024-06-19T23:15:23.050900" elapsed="0.000699"/>
</kw>
<kw name="Log" owner="BuiltIn">
<msg time="2024-06-19T23:15:23.052164" level="INFO">64265</msg>
<arg>${json_data['results'][0]['location']['postcode']}</arg>
<doc>Logs the given message with the given level.</doc>
<status status="PASS" start="2024-06-19T23:15:23.051824" elapsed="0.000383"/>
</kw>
<status status="PASS" start="2024-06-19T23:15:22.958272" elapsed="0.094186"/>
</kw>
<doc>Testa se os tipos de dados na resposta da API estão corretos.</doc>
<tag>testeTiposDados</tag>
<status status="PASS" start="2024-06-19T23:15:22.844659" elapsed="0.207976"/>
</test>
<test id="s1-s1-t5" name="Validar conteudo" line="35">
<kw name="Teste de Tipos de Conteudo" owner="random-user-service">
<kw name="GET On Session" owner="RequestsLibrary">
<msg time="2024-06-19T23:15:23.145166" level="INFO">GET Request : url=https://randomuser.me/api 
 path_url=/api 
 headers={'User-Agent': 'python-requests/2.32.3', 'Accept-Encoding': 'gzip, deflate', 'Accept': '*/*', 'Connection': 'keep-alive'} 
 body=None 
 </msg>
<msg time="2024-06-19T23:15:23.145259" level="INFO">GET Response : url=https://randomuser.me/api 
 status=200, reason=OK 
 headers={'Date': 'Wed, 19 Jun 2024 23:15:23 GMT', 'Content-Type': 'application/json; charset=utf-8', 'Transfer-Encoding': 'chunked', 'Connection': 'keep-alive', 'X-Powered-By': 'Express', 'Access-Control-Allow-Origin': '*', 'Cache-Control': 'no-cache', 'ETag': 'W/"49b-wvCELfRVl/RNqXr6VbU8aZa3Trg"', 'Vary': 'Accept-Encoding', 'Content-Encoding': 'gzip', 'CF-Cache-Status': 'DYNAMIC', 'Report-To': '{"endpoints":[{"url":"https:\\/\\/a.nel.cloudflare.com\\/report\\/v4?s=fpmzuU2cTccgtpRlgyvun05wFBdhJeH%2BPuh%2BOhzSERBDtDaEWzPOqhaJwbIf82QA9GFdtzb69O4vbIvhxgvPd66JYhgZx6Eg57af8sxuSr%2FceF4d8DwHKor%2BttSmhO9V"}],"group":"cf-nel","max_age":604800}', 'NEL': '{"success_fraction":0,"report_to":"cf-nel","max_age":604800}', 'Server': 'cloudflare', 'CF-RAY': '896738851e219652-SJC', 'alt-svc': 'h3=":443"; ma=86400'} 
 body={"results":[{"gender":"male","name":{"title":"Mr","first":"Ryan","last":"Robinson"},"location":{"street":{"number":5515,"name":"Andersons Bay Road"},"city":"Hamilton","state":"Bay of Plenty","country":"New Zealand","postcode":40236,"coordinates":{"latitude":"55.5206","longitude":"-22.8064"},"timezone":{"offset":"0:00","description":"Western Europe Time, London, Lisbon, Casablanca"}},"email":"ryan.robinson@example.com","login":{"uuid":"d9680415-3826-4529-8e83-00aa38e93f3e","username":"orangeduck101","password":"tahoe","salt":"lGixulKd","md5":"0822753644c47a48ef8e6d79399ffa1f","sha1":"d960212cfda2d71be0c051035b8381dae9290c54","sha256":"7a41d994820b64b3da7eb76a9b50603b4a527cc6e108e1077d0c581591203004"},"dob":{"date":"1945-07-01T00:17:54.927Z","age":78},"registered":{"date":"2015-12-25T18:18:31.454Z","age":8},"phone":"(258)-629-2959","cell":"(352)-803-3510","id":{"name":"","value":null},"picture":{"large":"https://randomuser.me/api/portraits/men/66.jpg","medium":"https://randomuser.me/api/portraits/med/men/66.jpg","thumbnail":"https://randomuser.me/api/portraits/thumb/men/66.jpg"},"nat":"NZ"}],"info":{"seed":"fa6a0d1a45716c25","results":1,"page":1,"version":"1.4"}} 
 </msg>
<msg time="2024-06-19T23:15:23.145361" level="INFO">/opt/hostedtoolcache/Python/3.12.4/x64/lib/python3.12/site-packages/urllib3/connectionpool.py:1099: InsecureRequestWarning: Unverified HTTPS request is being made to host 'randomuser.me'. Adding certificate verification is strongly advised. See: https://urllib3.readthedocs.io/en/latest/advanced-usage.html#tls-warnings
  warnings.warn(</msg>
<msg time="2024-06-19T23:15:23.145483" level="INFO">${response} = &lt;Response [200]&gt;</msg>
<var>${response}</var>
<arg>consultarAPI</arg>
<arg>/api</arg>
<doc>Sends a GET request on a previously created HTTP Session.</doc>
<status status="PASS" start="2024-06-19T23:15:23.055271" elapsed="0.090253"/>
</kw>
<kw name="Set Variable" owner="BuiltIn">
<msg time="2024-06-19T23:15:23.146599" level="INFO">${json_data} = {'results': [{'gender': 'male', 'name': {'title': 'Mr', 'first': 'Ryan', 'last': 'Robinson'}, 'location': {'street': {'number': 5515, 'name': 'Andersons Bay Road'}, 'city': 'Hamilton', 'state': 'Bay o...</msg>
<var>${json_data}</var>
<arg>${response.json()}</arg>
<doc>Returns the given values which can then be assigned to a variables.</doc>
<status status="PASS" start="2024-06-19T23:15:23.146043" elapsed="0.000585"/>
</kw>
<kw name="Set Variable" owner="BuiltIn">
<msg time="2024-06-19T23:15:23.147346" level="INFO">${name_title} = Mr</msg>
<var>${name_title}</var>
<arg>${json_data["results"][0]["name"]["title"]}</arg>
<doc>Returns the given values which can then be assigned to a variables.</doc>
<status status="PASS" start="2024-06-19T23:15:23.146930" elapsed="0.000442"/>
</kw>
<kw name="Create List" owner="BuiltIn">
<msg time="2024-06-19T23:15:23.147814" level="INFO">${allowed_titles} = ['Mr', 'Ms', 'Miss', 'Mrs', 'Madame', 'Monsieur']</msg>
<var>${allowed_titles}</var>
<arg>Mr</arg>
<arg>Ms</arg>
<arg>Miss</arg>
<arg>Mrs</arg>
<arg>Madame</arg>
<arg>Monsieur</arg>
<doc>Returns a list containing given items.</doc>
<status status="PASS" start="2024-06-19T23:15:23.147667" elapsed="0.000170"/>
</kw>
<kw name="List Should Contain Value" owner="Collections">
<arg>${allowed_titles}</arg>
<arg>${name_title}</arg>
<doc>Fails if the ``value`` is not found from ``list``.</doc>
<status status="PASS" start="2024-06-19T23:15:23.148132" elapsed="0.000175"/>
</kw>
<kw name="Set Variable" owner="BuiltIn">
<msg time="2024-06-19T23:15:23.148840" level="INFO">${name_country} = NZ</msg>
<var>${name_country}</var>
<arg>${json_data["results"][0]["nat"]}</arg>
<doc>Returns the given values which can then be assigned to a variables.</doc>
<status status="PASS" start="2024-06-19T23:15:23.148482" elapsed="0.000382"/>
</kw>
<kw name="Create List" owner="BuiltIn">
<msg time="2024-06-19T23:15:23.149743" level="INFO">${list_country} = ['AD', 'AE', 'AF', 'AG', 'AI', 'AL', 'AM', 'AO', 'AQ', 'AR', 'AS', 'AT', 'AU', 'AW', 'AX', 'AZ', 'BA', 'BB', 'BD', 'BE', 'BF', 'BG', 'BH', 'BI', 'BJ', 'BL', 'BM', 'BN', 'BO', 'BQ', 'BR', 'BS', 'BT', '...</msg>
<var>${list_country}</var>
<arg>AD</arg>
<arg>AE</arg>
<arg>AF</arg>
<arg>AG</arg>
<arg>AI</arg>
<arg>AL</arg>
<arg>AM</arg>
<arg>AO</arg>
<arg>AQ</arg>
<arg>AR</arg>
<arg>AS</arg>
<arg>AT</arg>
<arg>AU</arg>
<arg>AW</arg>
<arg>AX</arg>
<arg>AZ</arg>
<arg>BA</arg>
<arg>BB</arg>
<arg>BD</arg>
<arg>BE</arg>
<arg>BF</arg>
<arg>BG</arg>
<arg>BH</arg>
<arg>BI</arg>
<arg>BJ</arg>
<arg>BL</arg>
<arg>BM</arg>
<arg>BN</arg>
<arg>BO</arg>
<arg>BQ</arg>
<arg>BR</arg>
<arg>BS</arg>
<arg>BT</arg>
<arg>BV</arg>
<arg>BW</arg>
<arg>BY</arg>
<arg>BZ</arg>
<arg>CA</arg>
<arg>CC</arg>
<arg>CD</arg>
<arg>CF</arg>
<arg>CG</arg>
<arg>CH</arg>
<arg>CI</arg>
<arg>CK</arg>
<arg>CL</arg>
<arg>CM</arg>
<arg>CN</arg>
<arg>CO</arg>
<arg>CR</arg>
<arg>CU</arg>
<arg>CV</arg>
<arg>CW</arg>
<arg>CX</arg>
<arg>CY</arg>
<arg>CZ</arg>
<arg>DE</arg>
<arg>DJ</arg>
<arg>DK</arg>
<arg>DM</arg>
<arg>DO</arg>
<arg>DZ</arg>
<arg>EC</arg>
<arg>EE</arg>
<arg>EG</arg>
<arg>EH</arg>
<arg>ER</arg>
<arg>ES</arg>
<arg>ET</arg>
<arg>FI</arg>
<arg>FJ</arg>
<arg>FK</arg>
<arg>FM</arg>
<arg>FO</arg>
<arg>FR</arg>
<arg>GA</arg>
<arg>GB</arg>
<arg>GD</arg>
<arg>GE</arg>
<arg>GF</arg>
<arg>GG</arg>
<arg>GH</arg>
<arg>GI</arg>
<arg>GL</arg>
<arg>GM</arg>
<arg>GN</arg>
<arg>GP</arg>
<arg>GQ</arg>
<arg>GR</arg>
<arg>GS</arg>
<arg>GT</arg>
<arg>GU</arg>
<arg>GW</arg>
<arg>GY</arg>
<arg>HK</arg>
<arg>HM</arg>
<arg>HN</arg>
<arg>HR</arg>
<arg>HT</arg>
<arg>HU</arg>
<arg>ID</arg>
<arg>IE</arg>
<arg>IL</arg>
<arg>IM</arg>
<arg>IN</arg>
<arg>IO</arg>
<arg>IQ</arg>
<arg>IR</arg>
<arg>IS</arg>
<arg>IT</arg>
<arg>JE</arg>
<arg>JM</arg>
<arg>JO</arg>
<arg>JP</arg>
<arg>KE</arg>
<arg>KG</arg>
<arg>KH</arg>
<arg>KI</arg>
<arg>KM</arg>
<arg>KN</arg>
<arg>KP</arg>
<arg>KR</arg>
<arg>KW</arg>
<arg>KY</arg>
<arg>KZ</arg>
<arg>LA</arg>
<arg>LB</arg>
<arg>LC</arg>
<arg>LI</arg>
<arg>LK</arg>
<arg>LR</arg>
<arg>LS</arg>
<arg>LT</arg>
<arg>LU</arg>
<arg>LV</arg>
<arg>LY</arg>
<arg>MA</arg>
<arg>MC</arg>
<arg>MD</arg>
<arg>ME</arg>
<arg>MF</arg>
<arg>MG</arg>
<arg>MH</arg>
<arg>MK</arg>
<arg>ML</arg>
<arg>MM</arg>
<arg>MN</arg>
<arg>MO</arg>
<arg>MP</arg>
<arg>MQ</arg>
<arg>MR</arg>
<arg>MS</arg>
<arg>MT</arg>
<arg>MU</arg>
<arg>MV</arg>
<arg>MW</arg>
<arg>MX</arg>
<arg>MY</arg>
<arg>MZ</arg>
<arg>NA</arg>
<arg>NC</arg>
<arg>NE</arg>
<arg>NF</arg>
<arg>NG</arg>
<arg>NI</arg>
<arg>NL</arg>
<arg>NO</arg>
<arg>NP</arg>
<arg>NR</arg>
<arg>NU</arg>
<arg>NZ</arg>
<arg>OM</arg>
<arg>PA</arg>
<arg>PE</arg>
<arg>PF</arg>
<arg>PG</arg>
<arg>PH</arg>
<arg>PK</arg>
<arg>PL</arg>
<arg>PM</arg>
<arg>PN</arg>
<arg>PR</arg>
<arg>PS</arg>
<arg>PT</arg>
<arg>PW</arg>
<arg>PY</arg>
<arg>QA</arg>
<arg>RE</arg>
<arg>RO</arg>
<arg>RS</arg>
<arg>RU</arg>
<arg>RW</arg>
<arg>SA</arg>
<arg>SB</arg>
<arg>SC</arg>
<arg>SD</arg>
<arg>SE</arg>
<arg>SG</arg>
<arg>SH</arg>
<arg>SI</arg>
<arg>SJ</arg>
<arg>SK</arg>
<arg>SL</arg>
<arg>SM</arg>
<arg>SN</arg>
<arg>SO</arg>
<arg>SR</arg>
<arg>SS</arg>
<arg>ST</arg>
<arg>SV</arg>
<arg>SX</arg>
<arg>SY</arg>
<arg>SZ</arg>
<arg>TC</arg>
<arg>TD</arg>
<arg>TF</arg>
<arg>TG</arg>
<arg>TH</arg>
<arg>TJ</arg>
<arg>TK</arg>
<arg>TL</arg>
<arg>TM</arg>
<arg>TN</arg>
<arg>TO</arg>
<arg>TR</arg>
<arg>TT</arg>
<arg>TV</arg>
<arg>TW</arg>
<arg>TZ</arg>
<arg>UA</arg>
<arg>UG</arg>
<arg>UM</arg>
<arg>US</arg>
<arg>UY</arg>
<arg>UZ</arg>
<arg>VA</arg>
<arg>VC</arg>
<arg>VE</arg>
<arg>VG</arg>
<arg>VI</arg>
<arg>VN</arg>
<arg>VU</arg>
<arg>WF</arg>
<arg>WS</arg>
<arg>XK</arg>
<arg>YE</arg>
<arg>YT</arg>
<arg>ZA</arg>
<arg>ZM</arg>
<arg>ZW</arg>
<doc>Returns a list containing given items.</doc>
<status status="PASS" start="2024-06-19T23:15:23.149146" elapsed="0.000625"/>
</kw>
<kw name="List Should Contain Value" owner="Collections">
<arg>${list_country}</arg>
<arg>${name_country}</arg>
<doc>Fails if the ``value`` is not found from ``list``.</doc>
<status status="PASS" start="2024-06-19T23:15:23.150558" elapsed="0.000201"/>
</kw>
<kw name="Run Keyword If" owner="BuiltIn">
<kw name="Should Be True" owner="BuiltIn">
<arg>${True}</arg>
<doc>Fails if the given condition is not true.</doc>
<status status="PASS" start="2024-06-19T23:15:23.151711" elapsed="0.000140"/>
</kw>
<arg>${json_data["results"][0]["location"]["coordinates"]["latitude"]} &gt;= -90 and ${json_data["results"][0]["location"]["coordinates"]["latitude"]} &lt;= 90</arg>
<arg>Should Be True</arg>
<arg>${True}</arg>
<doc>Runs the given keyword with the given arguments, if ``condition`` is true.</doc>
<status status="PASS" start="2024-06-19T23:15:23.150979" elapsed="0.000995"/>
</kw>
<kw name="Run Keyword If" owner="BuiltIn">
<kw name="Should Be True" owner="BuiltIn">
<arg>${True}</arg>
<doc>Fails if the given condition is not true.</doc>
<status status="PASS" start="2024-06-19T23:15:23.152833" elapsed="0.000133"/>
</kw>
<arg>${json_data["results"][0]["location"]["coordinates"]["longitude"]} &gt;= -180 and ${json_data["results"][0]["location"]["coordinates"]["longitude"]} &lt;= 180</arg>
<arg>Should Be True</arg>
<arg>${True}</arg>
<doc>Runs the given keyword with the given arguments, if ``condition`` is true.</doc>
<status status="PASS" start="2024-06-19T23:15:23.152153" elapsed="0.000936"/>
</kw>
<status status="PASS" start="2024-06-19T23:15:23.054883" elapsed="0.098334"/>
</kw>
<doc>Testa o conteúdo específico dos campos retornados pela API.</doc>
<tag>testeConteudo</tag>
<status status="PASS" start="2024-06-19T23:15:23.054369" elapsed="0.098993"/>
</test>
<status status="PASS" start="2024-06-19T23:15:22.161075" elapsed="0.994268"/>
</suite>
<status status="PASS" start="2024-06-19T23:15:22.146627" elapsed="1.014375"/>
</suite>
<statistics>
<total>
<stat pass="5" fail="0" skip="0">All Tests</stat>
</total>
<tag>
<stat pass="1" fail="0" skip="0">testeConteudo</stat>
<stat pass="1" fail="0" skip="0">testeEstruturaResposta</stat>
<stat pass="1" fail="0" skip="0">testeRequisicaoBasica</stat>
<stat pass="1" fail="0" skip="0">testeTiposDados</stat>
</tag>
<suite>
<stat pass="5" fail="0" skip="0" id="s1" name="Tests">Tests</stat>
<stat pass="5" fail="0" skip="0" id="s1-s1" name="Random-User-Test">Tests.Random-User-Test</stat>
</suite>
</statistics>
<errors>
</errors>
</robot>
