<?xml version="1.0" encoding="UTF-8"?>
<robot generator="Robot 7.0 (Python 3.12.2 on linux)" generated="2024-04-03T23:13:15.732336" rpa="false" schemaversion="5">
<suite id="s1" name="Tests" source="/home/runner/work/DesafioQAItauRogerioJordao/DesafioQAItauRogerioJordao/RamdonUser/tests">
<suite id="s1-s1" name="Random-User-Test" source="/home/runner/work/DesafioQAItauRogerioJordao/DesafioQAItauRogerioJordao/RamdonUser/tests/random-user-test.robot">
<test id="s1-s1-t1" name="Conectar" line="13">
<kw name="Conectar API" owner="random-user-service">
<kw name="Create Session" owner="RequestsLibrary">
<msg time="2024-04-03T23:13:16.105048" level="INFO">Creating Session using : alias=consultarAPI, url=https://randomuser.me/, headers={},                     cookies={}, auth=None, timeout=None, proxies=None, verify=False,                     debug=0 </msg>
<arg>consultarAPI</arg>
<arg>${URL}</arg>
<doc>Create Session: create a HTTP session to a server</doc>
<status status="PASS" start="2024-04-03T23:13:16.104830" elapsed="0.000406"/>
</kw>
<status status="PASS" start="2024-04-03T23:13:16.103754" elapsed="0.001863"/>
</kw>
<status status="PASS" start="2024-04-03T23:13:16.103106" elapsed="0.002726"/>
</test>
<test id="s1-s1-t2" name="Validar retorno 200 e JSON Válido" line="16">
<kw name="Teste de Requisicao Basica" owner="random-user-service">
<kw name="GET On Session" owner="RequestsLibrary">
<msg time="2024-04-03T23:13:16.191272" level="INFO">GET Request : url=https://randomuser.me/api 
 path_url=/api 
 headers={'User-Agent': 'python-requests/2.31.0', 'Accept-Encoding': 'gzip, deflate', 'Accept': '*/*', 'Connection': 'keep-alive'} 
 body=None 
 </msg>
<msg time="2024-04-03T23:13:16.191443" level="INFO">GET Response : url=https://randomuser.me/api 
 status=200, reason=OK 
 headers={'Date': 'Wed, 03 Apr 2024 23:13:16 GMT', 'Content-Type': 'application/json; charset=utf-8', 'Transfer-Encoding': 'chunked', 'Connection': 'keep-alive', 'X-Powered-By': 'Express', 'Access-Control-Allow-Origin': '*', 'Cache-Control': 'no-cache', 'ETag': 'W/"491-yrLF6kogT5zG4YUBUfpuEgbjBmQ"', 'Vary': 'Accept-Encoding', 'Content-Encoding': 'gzip', 'CF-Cache-Status': 'DYNAMIC', 'Report-To': '{"endpoints":[{"url":"https:\\/\\/a.nel.cloudflare.com\\/report\\/v4?s=QJIy4c%2FQxRjlBm1Uo1K9fG9fbue3pY8qEUShrA8yzJPfyu4jRUBx09gdf8QrCFL1dv8ONuLyotJHqB4ZK%2FzmzteTqB1LBaMl%2BSMF76mGbKgPZ6SQofw9iytr2VI0AXNb"}],"group":"cf-nel","max_age":604800}', 'NEL': '{"success_fraction":0,"report_to":"cf-nel","max_age":604800}', 'Server': 'cloudflare', 'CF-RAY': '86ecbf8be87f86f4-IAD', 'alt-svc': 'h3=":443"; ma=86400'} 
 body={"results":[{"gender":"male","name":{"title":"Mr","first":"Noah","last":"Fortin"},"location":{"street":{"number":6065,"name":"Grand Marais Ave"},"city":"Trout Lake","state":"Alberta","country":"Canada","postcode":"Y1I 9N0","coordinates":{"latitude":"-68.1455","longitude":"-92.6269"},"timezone":{"offset":"+8:00","description":"Beijing, Perth, Singapore, Hong Kong"}},"email":"noah.fortin@example.com","login":{"uuid":"b4d98e0e-69d3-40db-b1d6-8cdf058cb691","username":"ticklishkoala575","password":"basset","salt":"yKZmbYR0","md5":"31048ca27f546af79195d902c7599f78","sha1":"f39e203c2cac2897f71d4d87d449871a0f31b74e","sha256":"51c8630fdd9bc917524a73556e6ee30996319430acdd464c4cd8e04a903ed4b3"},"dob":{"date":"1988-12-18T01:53:33.813Z","age":35},"registered":{"date":"2019-08-29T18:45:25.981Z","age":4},"phone":"B35 U74-5045","cell":"L69 D44-0099","id":{"name":"SIN","value":"913902466"},"picture":{"large":"https://randomuser.me/api/portraits/men/95.jpg","medium":"https://randomuser.me/api/portraits/med/men/95.jpg","thumbnail":"https://randomuser.me/api/portraits/thumb/men/95.jpg"},"nat":"CA"}],"info":{"seed":"3a696bcad4cbf546","results":1,"page":1,"version":"1.4"}} 
 </msg>
<msg time="2024-04-03T23:13:16.191559" level="INFO">/opt/hostedtoolcache/Python/3.12.2/x64/lib/python3.12/site-packages/urllib3/connectionpool.py:1103: InsecureRequestWarning: Unverified HTTPS request is being made to host 'randomuser.me'. Adding certificate verification is strongly advised. See: https://urllib3.readthedocs.io/en/latest/advanced-usage.html#tls-warnings
  warnings.warn(</msg>
<msg time="2024-04-03T23:13:16.191707" level="INFO">${response} = &lt;Response [200]&gt;</msg>
<var>${response}</var>
<arg>consultarAPI</arg>
<arg>/api</arg>
<doc>Sends a GET request on a previously created HTTP Session.</doc>
<status status="PASS" start="2024-04-03T23:13:16.108584" elapsed="0.083168"/>
</kw>
<kw name="Should Be Equal As Numbers" owner="BuiltIn">
<msg time="2024-04-03T23:13:16.192776" level="INFO">Argument types are:
&lt;class 'int'&gt;
&lt;class 'str'&gt;</msg>
<arg>${response.status_code}</arg>
<arg>200</arg>
<doc>Fails if objects are unequal after converting them to real numbers.</doc>
<status status="PASS" start="2024-04-03T23:13:16.192307" elapsed="0.000540"/>
</kw>
<kw name="Log" owner="BuiltIn">
<msg time="2024-04-03T23:13:16.193654" level="INFO">200</msg>
<arg>${response.status_code}</arg>
<doc>Logs the given message with the given level.</doc>
<status status="PASS" start="2024-04-03T23:13:16.193247" elapsed="0.000454"/>
</kw>
<kw name="Set Variable" owner="BuiltIn">
<msg time="2024-04-03T23:13:16.194578" level="INFO">${json_data} = {'results': [{'gender': 'male', 'name': {'title': 'Mr', 'first': 'Noah', 'last': 'Fortin'}, 'location': {'street': {'number': 6065, 'name': 'Grand Marais Ave'}, 'city': 'Trout Lake', 'state': 'Alberta...</msg>
<var>${json_data}</var>
<arg>${response.json()}</arg>
<doc>Returns the given values which can then be assigned to a variables.</doc>
<status status="PASS" start="2024-04-03T23:13:16.194057" elapsed="0.000550"/>
</kw>
<kw name="Dictionary Should Contain Key" owner="Collections">
<msg time="2024-04-03T23:13:16.195106" level="INFO">False</msg>
<arg>${json_data}</arg>
<arg>results</arg>
<doc>Fails if ``key`` is not found from ``dictionary``.</doc>
<status status="PASS" start="2024-04-03T23:13:16.194929" elapsed="0.000218"/>
</kw>
<status status="PASS" start="2024-04-03T23:13:16.108318" elapsed="0.087095"/>
</kw>
<doc>Testa se a API responde corretamente e retorna um objeto JSON válido.</doc>
<tag>testeRequisicaoBasica</tag>
<status status="PASS" start="2024-04-03T23:13:16.107751" elapsed="0.087864"/>
</test>
<test id="s1-s1-t3" name="Validar estrutura de resposta" line="22">
<kw name="Teste de Estrutura de Resposta" owner="random-user-service">
<kw name="GET On Session" owner="RequestsLibrary">
<msg time="2024-04-03T23:13:16.295705" level="INFO">GET Request : url=https://randomuser.me/api 
 path_url=/api 
 headers={'User-Agent': 'python-requests/2.31.0', 'Accept-Encoding': 'gzip, deflate', 'Accept': '*/*', 'Connection': 'keep-alive'} 
 body=None 
 </msg>
<msg time="2024-04-03T23:13:16.295810" level="INFO">GET Response : url=https://randomuser.me/api 
 status=200, reason=OK 
 headers={'Date': 'Wed, 03 Apr 2024 23:13:16 GMT', 'Content-Type': 'application/json; charset=utf-8', 'Transfer-Encoding': 'chunked', 'Connection': 'keep-alive', 'X-Powered-By': 'Express', 'Access-Control-Allow-Origin': '*', 'Cache-Control': 'no-cache', 'ETag': 'W/"490-gbMCMVPLMyfo5Ns6LRHQxtlfHYM"', 'Vary': 'Accept-Encoding', 'Content-Encoding': 'gzip', 'CF-Cache-Status': 'DYNAMIC', 'Report-To': '{"endpoints":[{"url":"https:\\/\\/a.nel.cloudflare.com\\/report\\/v4?s=aACRP5awI%2FADe6OogQasIGpu2af1ur7TnHhKRya2rzZfnVVJttR5X%2BMXshPb7eN1fm2Pid11dIyL4I8MeWGAu1DCpxf4KgqgDEOJt8plHVcjEV71cYHukDCNFvEE6j9W"}],"group":"cf-nel","max_age":604800}', 'NEL': '{"success_fraction":0,"report_to":"cf-nel","max_age":604800}', 'Server': 'cloudflare', 'CF-RAY': '86ecbf8c48f786f4-IAD', 'alt-svc': 'h3=":443"; ma=86400'} 
 body={"results":[{"gender":"male","name":{"title":"Mr","first":"Mario","last":"Smith"},"location":{"street":{"number":3169,"name":"Elgin St"},"city":"Albany","state":"Queensland","country":"Australia","postcode":478,"coordinates":{"latitude":"-84.5863","longitude":"-96.8395"},"timezone":{"offset":"0:00","description":"Western Europe Time, London, Lisbon, Casablanca"}},"email":"mario.smith@example.com","login":{"uuid":"ad754060-8fa9-4fa6-9d0b-291baca53d9e","username":"beautifulpanda220","password":"super","salt":"F9NK9NxL","md5":"3bf1193dd9b9109ed7f67327fabe8b40","sha1":"40e1203e5f06ad9c82e333f4e5dfec4f7d5b2bfc","sha256":"8180ce72f1c85a53b7dcbd2d0b567a509186a31cc3d49e33d9cc1eb45edd5608"},"dob":{"date":"1978-07-26T12:08:40.231Z","age":45},"registered":{"date":"2004-01-07T17:16:10.047Z","age":20},"phone":"06-7632-8681","cell":"0482-354-805","id":{"name":"TFN","value":"876119376"},"picture":{"large":"https://randomuser.me/api/portraits/men/72.jpg","medium":"https://randomuser.me/api/portraits/med/men/72.jpg","thumbnail":"https://randomuser.me/api/portraits/thumb/men/72.jpg"},"nat":"AU"}],"info":{"seed":"2200df47633fedd3","results":1,"page":1,"version":"1.4"}} 
 </msg>
<msg time="2024-04-03T23:13:16.295954" level="INFO">/opt/hostedtoolcache/Python/3.12.2/x64/lib/python3.12/site-packages/urllib3/connectionpool.py:1103: InsecureRequestWarning: Unverified HTTPS request is being made to host 'randomuser.me'. Adding certificate verification is strongly advised. See: https://urllib3.readthedocs.io/en/latest/advanced-usage.html#tls-warnings
  warnings.warn(</msg>
<msg time="2024-04-03T23:13:16.296096" level="INFO">${response} = &lt;Response [200]&gt;</msg>
<var>${response}</var>
<arg>consultarAPI</arg>
<arg>/api</arg>
<doc>Sends a GET request on a previously created HTTP Session.</doc>
<status status="PASS" start="2024-04-03T23:13:16.198409" elapsed="0.097727"/>
</kw>
<kw name="Set Variable" owner="BuiltIn">
<msg time="2024-04-03T23:13:16.297208" level="INFO">${json_data} = {'results': [{'gender': 'male', 'name': {'title': 'Mr', 'first': 'Mario', 'last': 'Smith'}, 'location': {'street': {'number': 3169, 'name': 'Elgin St'}, 'city': 'Albany', 'state': 'Queensland', 'count...</msg>
<var>${json_data}</var>
<arg>${response.json()}</arg>
<doc>Returns the given values which can then be assigned to a variables.</doc>
<status status="PASS" start="2024-04-03T23:13:16.296663" elapsed="0.000574"/>
</kw>
<kw name="Log" owner="BuiltIn">
<msg time="2024-04-03T23:13:16.297772" level="INFO">{'results': [{'gender': 'male', 'name': {'title': 'Mr', 'first': 'Mario', 'last': 'Smith'}, 'location': {'street': {'number': 3169, 'name': 'Elgin St'}, 'city': 'Albany', 'state': 'Queensland', 'country': 'Australia', 'postcode': 478, 'coordinates': {'latitude': '-84.5863', 'longitude': '-96.8395'}, 'timezone': {'offset': '0:00', 'description': 'Western Europe Time, London, Lisbon, Casablanca'}}, 'email': 'mario.smith@example.com', 'login': {'uuid': 'ad754060-8fa9-4fa6-9d0b-291baca53d9e', 'username': 'beautifulpanda220', 'password': 'super', 'salt': 'F9NK9NxL', 'md5': '3bf1193dd9b9109ed7f67327fabe8b40', 'sha1': '40e1203e5f06ad9c82e333f4e5dfec4f7d5b2bfc', 'sha256': '8180ce72f1c85a53b7dcbd2d0b567a509186a31cc3d49e33d9cc1eb45edd5608'}, 'dob': {'date': '1978-07-26T12:08:40.231Z', 'age': 45}, 'registered': {'date': '2004-01-07T17:16:10.047Z', 'age': 20}, 'phone': '06-7632-8681', 'cell': '0482-354-805', 'id': {'name': 'TFN', 'value': '876119376'}, 'picture': {'large': 'https://randomuser.me/api/portraits/men/72.jpg', 'medium': 'https://randomuser.me/api/portraits/med/men/72.jpg', 'thumbnail': 'https://randomuser.me/api/portraits/thumb/men/72.jpg'}, 'nat': 'AU'}], 'info': {'seed': '2200df47633fedd3', 'results': 1, 'page': 1, 'version': '1.4'}}</msg>
<arg>${json_data}</arg>
<doc>Logs the given message with the given level.</doc>
<status status="PASS" start="2024-04-03T23:13:16.297597" elapsed="0.000224"/>
</kw>
<kw name="Dictionary Should Contain Key" owner="Collections">
<msg time="2024-04-03T23:13:16.298335" level="INFO">False</msg>
<arg>${json_data}</arg>
<arg>results</arg>
<doc>Fails if ``key`` is not found from ``dictionary``.</doc>
<status status="PASS" start="2024-04-03T23:13:16.298140" elapsed="0.000238"/>
</kw>
<kw name="Should Not Be Empty" owner="BuiltIn">
<msg time="2024-04-03T23:13:16.298828" level="INFO">Length is 2.</msg>
<arg>${json_data}</arg>
<doc>Verifies that the given item is not empty.</doc>
<status status="PASS" start="2024-04-03T23:13:16.298690" elapsed="0.000178"/>
</kw>
<kw name="Create List" owner="BuiltIn">
<msg time="2024-04-03T23:13:16.299333" level="INFO">${expected_keys} = ['gender', 'name', 'location', 'email', 'login']</msg>
<var>${expected_keys}</var>
<arg>gender</arg>
<arg>name</arg>
<arg>location</arg>
<arg>email</arg>
<arg>login</arg>
<doc>Returns a list containing given items.</doc>
<status status="PASS" start="2024-04-03T23:13:16.299172" elapsed="0.000186"/>
</kw>
<for flavor="IN">
<iter>
<kw name="Dictionary Should Contain Key" owner="Collections">
<msg time="2024-04-03T23:13:16.300387" level="INFO">False</msg>
<arg>${json_data['results'][0]}</arg>
<arg>${key}</arg>
<doc>Fails if ``key`` is not found from ``dictionary``.</doc>
<status status="PASS" start="2024-04-03T23:13:16.299957" elapsed="0.000470"/>
</kw>
<kw name="Log" owner="BuiltIn">
<msg time="2024-04-03T23:13:16.301117" level="INFO">{'gender': 'male', 'name': {'title': 'Mr', 'first': 'Mario', 'last': 'Smith'}, 'location': {'street': {'number': 3169, 'name': 'Elgin St'}, 'city': 'Albany', 'state': 'Queensland', 'country': 'Australia', 'postcode': 478, 'coordinates': {'latitude': '-84.5863', 'longitude': '-96.8395'}, 'timezone': {'offset': '0:00', 'description': 'Western Europe Time, London, Lisbon, Casablanca'}}, 'email': 'mario.smith@example.com', 'login': {'uuid': 'ad754060-8fa9-4fa6-9d0b-291baca53d9e', 'username': 'beautifulpanda220', 'password': 'super', 'salt': 'F9NK9NxL', 'md5': '3bf1193dd9b9109ed7f67327fabe8b40', 'sha1': '40e1203e5f06ad9c82e333f4e5dfec4f7d5b2bfc', 'sha256': '8180ce72f1c85a53b7dcbd2d0b567a509186a31cc3d49e33d9cc1eb45edd5608'}, 'dob': {'date': '1978-07-26T12:08:40.231Z', 'age': 45}, 'registered': {'date': '2004-01-07T17:16:10.047Z', 'age': 20}, 'phone': '06-7632-8681', 'cell': '0482-354-805', 'id': {'name': 'TFN', 'value': '876119376'}, 'picture': {'large': 'https://randomuser.me/api/portraits/men/72.jpg', 'medium': 'https://randomuser.me/api/portraits/med/men/72.jpg', 'thumbnail': 'https://randomuser.me/api/portraits/thumb/men/72.jpg'}, 'nat': 'AU'}</msg>
<arg>${json_data['results'][0]}</arg>
<doc>Logs the given message with the given level.</doc>
<status status="PASS" start="2024-04-03T23:13:16.300742" elapsed="0.000432"/>
</kw>
<kw name="Log" owner="BuiltIn">
<msg time="2024-04-03T23:13:16.301621" level="INFO">gender</msg>
<arg>${key}</arg>
<doc>Logs the given message with the given level.</doc>
<status status="PASS" start="2024-04-03T23:13:16.301487" elapsed="0.000173"/>
</kw>
<var name="${key}">gender</var>
<status status="PASS" start="2024-04-03T23:13:16.299827" elapsed="0.002054"/>
</iter>
<iter>
<kw name="Dictionary Should Contain Key" owner="Collections">
<msg time="2024-04-03T23:13:16.302665" level="INFO">False</msg>
<arg>${json_data['results'][0]}</arg>
<arg>${key}</arg>
<doc>Fails if ``key`` is not found from ``dictionary``.</doc>
<status status="PASS" start="2024-04-03T23:13:16.302201" elapsed="0.000520"/>
</kw>
<kw name="Log" owner="BuiltIn">
<msg time="2024-04-03T23:13:16.303470" level="INFO">{'gender': 'male', 'name': {'title': 'Mr', 'first': 'Mario', 'last': 'Smith'}, 'location': {'street': {'number': 3169, 'name': 'Elgin St'}, 'city': 'Albany', 'state': 'Queensland', 'country': 'Australia', 'postcode': 478, 'coordinates': {'latitude': '-84.5863', 'longitude': '-96.8395'}, 'timezone': {'offset': '0:00', 'description': 'Western Europe Time, London, Lisbon, Casablanca'}}, 'email': 'mario.smith@example.com', 'login': {'uuid': 'ad754060-8fa9-4fa6-9d0b-291baca53d9e', 'username': 'beautifulpanda220', 'password': 'super', 'salt': 'F9NK9NxL', 'md5': '3bf1193dd9b9109ed7f67327fabe8b40', 'sha1': '40e1203e5f06ad9c82e333f4e5dfec4f7d5b2bfc', 'sha256': '8180ce72f1c85a53b7dcbd2d0b567a509186a31cc3d49e33d9cc1eb45edd5608'}, 'dob': {'date': '1978-07-26T12:08:40.231Z', 'age': 45}, 'registered': {'date': '2004-01-07T17:16:10.047Z', 'age': 20}, 'phone': '06-7632-8681', 'cell': '0482-354-805', 'id': {'name': 'TFN', 'value': '876119376'}, 'picture': {'large': 'https://randomuser.me/api/portraits/men/72.jpg', 'medium': 'https://randomuser.me/api/portraits/med/men/72.jpg', 'thumbnail': 'https://randomuser.me/api/portraits/thumb/men/72.jpg'}, 'nat': 'AU'}</msg>
<arg>${json_data['results'][0]}</arg>
<doc>Logs the given message with the given level.</doc>
<status status="PASS" start="2024-04-03T23:13:16.303093" elapsed="0.000427"/>
</kw>
<kw name="Log" owner="BuiltIn">
<msg time="2024-04-03T23:13:16.304043" level="INFO">name</msg>
<arg>${key}</arg>
<doc>Logs the given message with the given level.</doc>
<status status="PASS" start="2024-04-03T23:13:16.303881" elapsed="0.000204"/>
</kw>
<var name="${key}">name</var>
<status status="PASS" start="2024-04-03T23:13:16.302081" elapsed="0.002321"/>
</iter>
<iter>
<kw name="Dictionary Should Contain Key" owner="Collections">
<msg time="2024-04-03T23:13:16.305124" level="INFO">False</msg>
<arg>${json_data['results'][0]}</arg>
<arg>${key}</arg>
<doc>Fails if ``key`` is not found from ``dictionary``.</doc>
<status status="PASS" start="2024-04-03T23:13:16.304732" elapsed="0.000431"/>
</kw>
<kw name="Log" owner="BuiltIn">
<msg time="2024-04-03T23:13:16.305830" level="INFO">{'gender': 'male', 'name': {'title': 'Mr', 'first': 'Mario', 'last': 'Smith'}, 'location': {'street': {'number': 3169, 'name': 'Elgin St'}, 'city': 'Albany', 'state': 'Queensland', 'country': 'Australia', 'postcode': 478, 'coordinates': {'latitude': '-84.5863', 'longitude': '-96.8395'}, 'timezone': {'offset': '0:00', 'description': 'Western Europe Time, London, Lisbon, Casablanca'}}, 'email': 'mario.smith@example.com', 'login': {'uuid': 'ad754060-8fa9-4fa6-9d0b-291baca53d9e', 'username': 'beautifulpanda220', 'password': 'super', 'salt': 'F9NK9NxL', 'md5': '3bf1193dd9b9109ed7f67327fabe8b40', 'sha1': '40e1203e5f06ad9c82e333f4e5dfec4f7d5b2bfc', 'sha256': '8180ce72f1c85a53b7dcbd2d0b567a509186a31cc3d49e33d9cc1eb45edd5608'}, 'dob': {'date': '1978-07-26T12:08:40.231Z', 'age': 45}, 'registered': {'date': '2004-01-07T17:16:10.047Z', 'age': 20}, 'phone': '06-7632-8681', 'cell': '0482-354-805', 'id': {'name': 'TFN', 'value': '876119376'}, 'picture': {'large': 'https://randomuser.me/api/portraits/men/72.jpg', 'medium': 'https://randomuser.me/api/portraits/med/men/72.jpg', 'thumbnail': 'https://randomuser.me/api/portraits/thumb/men/72.jpg'}, 'nat': 'AU'}</msg>
<arg>${json_data['results'][0]}</arg>
<doc>Logs the given message with the given level.</doc>
<status status="PASS" start="2024-04-03T23:13:16.305469" elapsed="0.000414"/>
</kw>
<kw name="Log" owner="BuiltIn">
<msg time="2024-04-03T23:13:16.306327" level="INFO">location</msg>
<arg>${key}</arg>
<doc>Logs the given message with the given level.</doc>
<status status="PASS" start="2024-04-03T23:13:16.306179" elapsed="0.000189"/>
</kw>
<var name="${key}">location</var>
<status status="PASS" start="2024-04-03T23:13:16.304614" elapsed="0.001976"/>
</iter>
<iter>
<kw name="Dictionary Should Contain Key" owner="Collections">
<msg time="2024-04-03T23:13:16.307258" level="INFO">False</msg>
<arg>${json_data['results'][0]}</arg>
<arg>${key}</arg>
<doc>Fails if ``key`` is not found from ``dictionary``.</doc>
<status status="PASS" start="2024-04-03T23:13:16.306881" elapsed="0.000416"/>
</kw>
<kw name="Log" owner="BuiltIn">
<msg time="2024-04-03T23:13:16.307961" level="INFO">{'gender': 'male', 'name': {'title': 'Mr', 'first': 'Mario', 'last': 'Smith'}, 'location': {'street': {'number': 3169, 'name': 'Elgin St'}, 'city': 'Albany', 'state': 'Queensland', 'country': 'Australia', 'postcode': 478, 'coordinates': {'latitude': '-84.5863', 'longitude': '-96.8395'}, 'timezone': {'offset': '0:00', 'description': 'Western Europe Time, London, Lisbon, Casablanca'}}, 'email': 'mario.smith@example.com', 'login': {'uuid': 'ad754060-8fa9-4fa6-9d0b-291baca53d9e', 'username': 'beautifulpanda220', 'password': 'super', 'salt': 'F9NK9NxL', 'md5': '3bf1193dd9b9109ed7f67327fabe8b40', 'sha1': '40e1203e5f06ad9c82e333f4e5dfec4f7d5b2bfc', 'sha256': '8180ce72f1c85a53b7dcbd2d0b567a509186a31cc3d49e33d9cc1eb45edd5608'}, 'dob': {'date': '1978-07-26T12:08:40.231Z', 'age': 45}, 'registered': {'date': '2004-01-07T17:16:10.047Z', 'age': 20}, 'phone': '06-7632-8681', 'cell': '0482-354-805', 'id': {'name': 'TFN', 'value': '876119376'}, 'picture': {'large': 'https://randomuser.me/api/portraits/men/72.jpg', 'medium': 'https://randomuser.me/api/portraits/med/men/72.jpg', 'thumbnail': 'https://randomuser.me/api/portraits/thumb/men/72.jpg'}, 'nat': 'AU'}</msg>
<arg>${json_data['results'][0]}</arg>
<doc>Logs the given message with the given level.</doc>
<status status="PASS" start="2024-04-03T23:13:16.307597" elapsed="0.000413"/>
</kw>
<kw name="Log" owner="BuiltIn">
<msg time="2024-04-03T23:13:16.308437" level="INFO">email</msg>
<arg>${key}</arg>
<doc>Logs the given message with the given level.</doc>
<status status="PASS" start="2024-04-03T23:13:16.308306" elapsed="0.000171"/>
</kw>
<var name="${key}">email</var>
<status status="PASS" start="2024-04-03T23:13:16.306768" elapsed="0.001948"/>
</iter>
<iter>
<kw name="Dictionary Should Contain Key" owner="Collections">
<msg time="2024-04-03T23:13:16.309390" level="INFO">False</msg>
<arg>${json_data['results'][0]}</arg>
<arg>${key}</arg>
<doc>Fails if ``key`` is not found from ``dictionary``.</doc>
<status status="PASS" start="2024-04-03T23:13:16.309004" elapsed="0.000424"/>
</kw>
<kw name="Log" owner="BuiltIn">
<msg time="2024-04-03T23:13:16.310080" level="INFO">{'gender': 'male', 'name': {'title': 'Mr', 'first': 'Mario', 'last': 'Smith'}, 'location': {'street': {'number': 3169, 'name': 'Elgin St'}, 'city': 'Albany', 'state': 'Queensland', 'country': 'Australia', 'postcode': 478, 'coordinates': {'latitude': '-84.5863', 'longitude': '-96.8395'}, 'timezone': {'offset': '0:00', 'description': 'Western Europe Time, London, Lisbon, Casablanca'}}, 'email': 'mario.smith@example.com', 'login': {'uuid': 'ad754060-8fa9-4fa6-9d0b-291baca53d9e', 'username': 'beautifulpanda220', 'password': 'super', 'salt': 'F9NK9NxL', 'md5': '3bf1193dd9b9109ed7f67327fabe8b40', 'sha1': '40e1203e5f06ad9c82e333f4e5dfec4f7d5b2bfc', 'sha256': '8180ce72f1c85a53b7dcbd2d0b567a509186a31cc3d49e33d9cc1eb45edd5608'}, 'dob': {'date': '1978-07-26T12:08:40.231Z', 'age': 45}, 'registered': {'date': '2004-01-07T17:16:10.047Z', 'age': 20}, 'phone': '06-7632-8681', 'cell': '0482-354-805', 'id': {'name': 'TFN', 'value': '876119376'}, 'picture': {'large': 'https://randomuser.me/api/portraits/men/72.jpg', 'medium': 'https://randomuser.me/api/portraits/med/men/72.jpg', 'thumbnail': 'https://randomuser.me/api/portraits/thumb/men/72.jpg'}, 'nat': 'AU'}</msg>
<arg>${json_data['results'][0]}</arg>
<doc>Logs the given message with the given level.</doc>
<status status="PASS" start="2024-04-03T23:13:16.309725" elapsed="0.000403"/>
</kw>
<kw name="Log" owner="BuiltIn">
<msg time="2024-04-03T23:13:16.310600" level="INFO">login</msg>
<arg>${key}</arg>
<doc>Logs the given message with the given level.</doc>
<status status="PASS" start="2024-04-03T23:13:16.310465" elapsed="0.000298"/>
</kw>
<var name="${key}">login</var>
<status status="PASS" start="2024-04-03T23:13:16.308893" elapsed="0.002126"/>
</iter>
<var>${key}</var>
<value>@{expected_keys}</value>
<status status="PASS" start="2024-04-03T23:13:16.299625" elapsed="0.011527"/>
</for>
<kw name="Create List" owner="BuiltIn">
<msg time="2024-04-03T23:13:16.311497" level="INFO">${expected_keysTwo} = ['username', 'password']</msg>
<var>${expected_keysTwo}</var>
<arg>username</arg>
<arg>password</arg>
<doc>Returns a list containing given items.</doc>
<status status="PASS" start="2024-04-03T23:13:16.311355" elapsed="0.000166"/>
</kw>
<for flavor="IN">
<iter>
<kw name="Dictionary Should Contain Key" owner="Collections">
<msg time="2024-04-03T23:13:16.312428" level="INFO">False</msg>
<arg>${json_data['results'][0]['login']}</arg>
<arg>${keyTwo}</arg>
<doc>Fails if ``key`` is not found from ``dictionary``.</doc>
<status status="PASS" start="2024-04-03T23:13:16.312040" elapsed="0.000426"/>
</kw>
<kw name="Dictionary Should Contain Key" owner="Collections">
<msg time="2024-04-03T23:13:16.313260" level="INFO">False</msg>
<arg>${json_data['results'][0]['login']}</arg>
<arg>${keyTwo}</arg>
<doc>Fails if ``key`` is not found from ``dictionary``.</doc>
<status status="PASS" start="2024-04-03T23:13:16.312768" elapsed="0.000531"/>
</kw>
<kw name="Log" owner="BuiltIn">
<msg time="2024-04-03T23:13:16.313749" level="INFO">username</msg>
<arg>${keyTwo}</arg>
<doc>Logs the given message with the given level.</doc>
<status status="PASS" start="2024-04-03T23:13:16.313610" elapsed="0.000178"/>
</kw>
<var name="${keyTwo}">username</var>
<status status="PASS" start="2024-04-03T23:13:16.311929" elapsed="0.002080"/>
</iter>
<iter>
<kw name="Dictionary Should Contain Key" owner="Collections">
<msg time="2024-04-03T23:13:16.314731" level="INFO">False</msg>
<arg>${json_data['results'][0]['login']}</arg>
<arg>${keyTwo}</arg>
<doc>Fails if ``key`` is not found from ``dictionary``.</doc>
<status status="PASS" start="2024-04-03T23:13:16.314333" elapsed="0.000437"/>
</kw>
<kw name="Dictionary Should Contain Key" owner="Collections">
<msg time="2024-04-03T23:13:16.315440" level="INFO">False</msg>
<arg>${json_data['results'][0]['login']}</arg>
<arg>${keyTwo}</arg>
<doc>Fails if ``key`` is not found from ``dictionary``.</doc>
<status status="PASS" start="2024-04-03T23:13:16.315064" elapsed="0.000414"/>
</kw>
<kw name="Log" owner="BuiltIn">
<msg time="2024-04-03T23:13:16.315898" level="INFO">password</msg>
<arg>${keyTwo}</arg>
<doc>Logs the given message with the given level.</doc>
<status status="PASS" start="2024-04-03T23:13:16.315770" elapsed="0.000168"/>
</kw>
<var name="${keyTwo}">password</var>
<status status="PASS" start="2024-04-03T23:13:16.314185" elapsed="0.001971"/>
</iter>
<var>${keyTwo}</var>
<value>@{expected_keysTwo}</value>
<status status="PASS" start="2024-04-03T23:13:16.311767" elapsed="0.004511"/>
</for>
<status status="PASS" start="2024-04-03T23:13:16.198134" elapsed="0.118294"/>
</kw>
<doc>Testa a estrutura da resposta da API.</doc>
<tag>testeEstruturaResposta</tag>
<status status="PASS" start="2024-04-03T23:13:16.197450" elapsed="0.119149"/>
</test>
<test id="s1-s1-t4" name="Validar tipos de dados" line="28">
<kw name="Teste de Tipos de Dados" owner="random-user-service">
<kw name="GET On Session" owner="RequestsLibrary">
<msg time="2024-04-03T23:13:16.399886" level="INFO">GET Request : url=https://randomuser.me/api 
 path_url=/api 
 headers={'User-Agent': 'python-requests/2.31.0', 'Accept-Encoding': 'gzip, deflate', 'Accept': '*/*', 'Connection': 'keep-alive'} 
 body=None 
 </msg>
<msg time="2024-04-03T23:13:16.399990" level="INFO">GET Response : url=https://randomuser.me/api 
 status=200, reason=OK 
 headers={'Date': 'Wed, 03 Apr 2024 23:13:16 GMT', 'Content-Type': 'application/json; charset=utf-8', 'Transfer-Encoding': 'chunked', 'Connection': 'keep-alive', 'X-Powered-By': 'Express', 'Access-Control-Allow-Origin': '*', 'Cache-Control': 'no-cache', 'ETag': 'W/"497-JaVOhBQtPm2eCHgz+2Gfc9+0liw"', 'Vary': 'Accept-Encoding', 'Content-Encoding': 'gzip', 'CF-Cache-Status': 'DYNAMIC', 'Report-To': '{"endpoints":[{"url":"https:\\/\\/a.nel.cloudflare.com\\/report\\/v4?s=qAb13caTwidz1olsnzy%2BD%2FQiWr9ejeGdyB8jV4%2FYPh%2FCrTSBtndDZzDxUi%2BK%2BTUuuZn9agWeukiBM%2Fsmh%2FCa7HmKJWNciORTZ4wovvAp4JRMAflUszpAK31dmKFwrFes"}],"group":"cf-nel","max_age":604800}', 'NEL': '{"success_fraction":0,"report_to":"cf-nel","max_age":604800}', 'Server': 'cloudflare', 'CF-RAY': '86ecbf8d09cb86f4-IAD', 'alt-svc': 'h3=":443"; ma=86400'} 
 body={"results":[{"gender":"male","name":{"title":"Mr","first":"Felix","last":"Steward"},"location":{"street":{"number":8713,"name":"Park Avenue"},"city":"Carlisle","state":"Cheshire","country":"United Kingdom","postcode":"TF9 9XH","coordinates":{"latitude":"-6.3286","longitude":"-38.2023"},"timezone":{"offset":"+1:00","description":"Brussels, Copenhagen, Madrid, Paris"}},"email":"felix.steward@example.com","login":{"uuid":"5d7d921b-5416-4a20-907b-5ad60c8d60aa","username":"heavypanda409","password":"818181","salt":"useyNkcw","md5":"09dbb090b6fe997bd1f43624059dc1ea","sha1":"7dae41bd6a160316b0394731a52d32bdb03b0eeb","sha256":"8fcdd6e19437fc2b623d7e4c0e050890749d687b3425afde54d84d5adfc61561"},"dob":{"date":"1982-05-18T15:43:04.877Z","age":41},"registered":{"date":"2019-02-17T07:53:25.918Z","age":5},"phone":"015396 48749","cell":"07809 336893","id":{"name":"NINO","value":"CJ 90 16 47 X"},"picture":{"large":"https://randomuser.me/api/portraits/men/43.jpg","medium":"https://randomuser.me/api/portraits/med/men/43.jpg","thumbnail":"https://randomuser.me/api/portraits/thumb/men/43.jpg"},"nat":"GB"}],"info":{"seed":"869b3cc6725a2e4e","results":1,"page":1,"version":"1.4"}} 
 </msg>
<msg time="2024-04-03T23:13:16.400062" level="INFO">/opt/hostedtoolcache/Python/3.12.2/x64/lib/python3.12/site-packages/urllib3/connectionpool.py:1103: InsecureRequestWarning: Unverified HTTPS request is being made to host 'randomuser.me'. Adding certificate verification is strongly advised. See: https://urllib3.readthedocs.io/en/latest/advanced-usage.html#tls-warnings
  warnings.warn(</msg>
<msg time="2024-04-03T23:13:16.400184" level="INFO">${response} = &lt;Response [200]&gt;</msg>
<var>${response}</var>
<arg>consultarAPI</arg>
<arg>/api</arg>
<doc>Sends a GET request on a previously created HTTP Session.</doc>
<status status="PASS" start="2024-04-03T23:13:16.319090" elapsed="0.081131"/>
</kw>
<kw name="Set Variable" owner="BuiltIn">
<msg time="2024-04-03T23:13:16.401339" level="INFO">${json_data} = {'results': [{'gender': 'male', 'name': {'title': 'Mr', 'first': 'Felix', 'last': 'Steward'}, 'location': {'street': {'number': 8713, 'name': 'Park Avenue'}, 'city': 'Carlisle', 'state': 'Cheshire', '...</msg>
<var>${json_data}</var>
<arg>${response.json()}</arg>
<doc>Returns the given values which can then be assigned to a variables.</doc>
<status status="PASS" start="2024-04-03T23:13:16.400794" elapsed="0.000575"/>
</kw>
<kw name="Log" owner="BuiltIn">
<msg time="2024-04-03T23:13:16.401919" level="INFO">{'results': [{'gender': 'male', 'name': {'title': 'Mr', 'first': 'Felix', 'last': 'Steward'}, 'location': {'street': {'number': 8713, 'name': 'Park Avenue'}, 'city': 'Carlisle', 'state': 'Cheshire', 'country': 'United Kingdom', 'postcode': 'TF9 9XH', 'coordinates': {'latitude': '-6.3286', 'longitude': '-38.2023'}, 'timezone': {'offset': '+1:00', 'description': 'Brussels, Copenhagen, Madrid, Paris'}}, 'email': 'felix.steward@example.com', 'login': {'uuid': '5d7d921b-5416-4a20-907b-5ad60c8d60aa', 'username': 'heavypanda409', 'password': '818181', 'salt': 'useyNkcw', 'md5': '09dbb090b6fe997bd1f43624059dc1ea', 'sha1': '7dae41bd6a160316b0394731a52d32bdb03b0eeb', 'sha256': '8fcdd6e19437fc2b623d7e4c0e050890749d687b3425afde54d84d5adfc61561'}, 'dob': {'date': '1982-05-18T15:43:04.877Z', 'age': 41}, 'registered': {'date': '2019-02-17T07:53:25.918Z', 'age': 5}, 'phone': '015396 48749', 'cell': '07809 336893', 'id': {'name': 'NINO', 'value': 'CJ 90 16 47 X'}, 'picture': {'large': 'https://randomuser.me/api/portraits/men/43.jpg', 'medium': 'https://randomuser.me/api/portraits/med/men/43.jpg', 'thumbnail': 'https://randomuser.me/api/portraits/thumb/men/43.jpg'}, 'nat': 'GB'}], 'info': {'seed': '869b3cc6725a2e4e', 'results': 1, 'page': 1, 'version': '1.4'}}</msg>
<arg>${json_data}</arg>
<doc>Logs the given message with the given level.</doc>
<status status="PASS" start="2024-04-03T23:13:16.401741" elapsed="0.000269"/>
</kw>
<kw name="Should Be String" owner="String">
<arg>${json_data['results'][0]['gender']}</arg>
<doc>Fails if the given ``item`` is not a string.</doc>
<status status="PASS" start="2024-04-03T23:13:16.402386" elapsed="0.000400"/>
</kw>
<kw name="Should Match Regexp" owner="BuiltIn">
<arg>${json_data['results'][0]['email']}</arg>
<arg>^[a-zA-Z0-9._%+-]+@[a-zA-Z0-9.-]+\.[a-zA-Z]{2,}$</arg>
<doc>Fails if ``string`` does not match ``pattern`` as a regular expression.</doc>
<status status="PASS" start="2024-04-03T23:13:16.402986" elapsed="0.000544"/>
</kw>
<kw name="Should Match Regexp" owner="BuiltIn">
<arg>${json_data['results'][0]['dob']['date']}</arg>
<arg>\\d{4}-\\d{2}-\\d{2}T\\d{2}:\\d{2}:\\d{2}\\.\\d{3}Z</arg>
<doc>Fails if ``string`` does not match ``pattern`` as a regular expression.</doc>
<status status="PASS" start="2024-04-03T23:13:16.403731" elapsed="0.000497"/>
</kw>
<kw name="Should Match Regexp" owner="BuiltIn">
<arg>${json_data['results'][0]['registered']['date']}</arg>
<arg>\\d{4}-\\d{2}-\\d{2}T\\d{2}:\\d{2}:\\d{2}\\.\\d{3}Z</arg>
<doc>Fails if ``string`` does not match ``pattern`` as a regular expression.</doc>
<status status="PASS" start="2024-04-03T23:13:16.404422" elapsed="0.000377"/>
</kw>
<kw name="Should Match Regexp" owner="BuiltIn">
<arg>${json_data['results'][0]['picture']['large']}</arg>
<arg>^https?://.*\.(?:png|jpe?g|gif|bmp)$</arg>
<doc>Fails if ``string`` does not match ``pattern`` as a regular expression.</doc>
<status status="PASS" start="2024-04-03T23:13:16.404987" elapsed="0.000463"/>
</kw>
<kw name="Should Match Regexp" owner="BuiltIn">
<arg>${json_data['results'][0]['picture']['medium']}</arg>
<arg>^https?://.*\.(?:png|jpe?g|gif|bmp)$</arg>
<doc>Fails if ``string`` does not match ``pattern`` as a regular expression.</doc>
<status status="PASS" start="2024-04-03T23:13:16.405642" elapsed="0.000360"/>
</kw>
<kw name="Should Match Regexp" owner="BuiltIn">
<arg>${json_data['results'][0]['picture']['thumbnail']}</arg>
<arg>^https?://.*\.(?:png|jpe?g|gif|bmp)$</arg>
<doc>Fails if ``string`` does not match ``pattern`` as a regular expression.</doc>
<status status="PASS" start="2024-04-03T23:13:16.406190" elapsed="0.000383"/>
</kw>
<kw name="Log" owner="BuiltIn">
<msg time="2024-04-03T23:13:16.407086" level="INFO">{'large': 'https://randomuser.me/api/portraits/men/43.jpg', 'medium': 'https://randomuser.me/api/portraits/med/men/43.jpg', 'thumbnail': 'https://randomuser.me/api/portraits/thumb/men/43.jpg'}</msg>
<arg>${json_data['results'][0]['picture']}</arg>
<doc>Logs the given message with the given level.</doc>
<status status="PASS" start="2024-04-03T23:13:16.406755" elapsed="0.000379"/>
</kw>
<status status="PASS" start="2024-04-03T23:13:16.318845" elapsed="0.088557"/>
</kw>
<kw name="Teste de Tipos de Dados - Postcode" owner="random-user-service">
<kw name="GET On Session" owner="RequestsLibrary">
<msg time="2024-04-03T23:13:16.494432" level="INFO">GET Request : url=https://randomuser.me/api 
 path_url=/api 
 headers={'User-Agent': 'python-requests/2.31.0', 'Accept-Encoding': 'gzip, deflate', 'Accept': '*/*', 'Connection': 'keep-alive'} 
 body=None 
 </msg>
<msg time="2024-04-03T23:13:16.494546" level="INFO">GET Response : url=https://randomuser.me/api 
 status=200, reason=OK 
 headers={'Date': 'Wed, 03 Apr 2024 23:13:16 GMT', 'Content-Type': 'application/json; charset=utf-8', 'Transfer-Encoding': 'chunked', 'Connection': 'keep-alive', 'X-Powered-By': 'Express', 'Access-Control-Allow-Origin': '*', 'Cache-Control': 'no-cache', 'ETag': 'W/"490-ns+otp3oMZxzTSFAOcdMnaTMn6s"', 'Vary': 'Accept-Encoding', 'Content-Encoding': 'gzip', 'CF-Cache-Status': 'DYNAMIC', 'Report-To': '{"endpoints":[{"url":"https:\\/\\/a.nel.cloudflare.com\\/report\\/v4?s=oxy7PdJhpAfrb1MBJzrEqTMwabVhFy6bkMYmw%2BfQxd5qBg9Q4UKjkavTOTB7N8nRhU0eYp3Q%2FkuOvMnVb1dpGvWkv4tp3eQsSs8613ll5xf5SexvwCDleQ9%2FUdV4EQWF"}],"group":"cf-nel","max_age":604800}', 'NEL': '{"success_fraction":0,"report_to":"cf-nel","max_age":604800}', 'Server': 'cloudflare', 'CF-RAY': '86ecbf8d9a6886f4-IAD', 'alt-svc': 'h3=":443"; ma=86400'} 
 body={"results":[{"gender":"male","name":{"title":"Mr","first":"Iván","last":"Ibarra"},"location":{"street":{"number":4170,"name":"Prolongación Norte Coronado"},"city":"Bavispe","state":"Sinaloa","country":"Mexico","postcode":92209,"coordinates":{"latitude":"24.0653","longitude":"-138.4996"},"timezone":{"offset":"-11:00","description":"Midway Island, Samoa"}},"email":"ivan.ibarra@example.com","login":{"uuid":"7606e1ce-18fd-4f74-8b77-f1dc36884605","username":"lazykoala975","password":"randolph","salt":"fF7Z7Drq","md5":"49830979f33dfcd4efa07e0620fbc5cf","sha1":"75cac1031cecf1533371f33a0ba5aa037c10137b","sha256":"e0fc654edc9f6fbd7ed68a16100849d035571737ef37c8af05b9bf6b66485cc7"},"dob":{"date":"1951-08-15T03:03:24.926Z","age":72},"registered":{"date":"2018-08-20T09:17:05.080Z","age":5},"phone":"(613) 552 4030","cell":"(621) 575 2702","id":{"name":"NSS","value":"48 67 49 8266 2"},"picture":{"large":"https://randomuser.me/api/portraits/men/80.jpg","medium":"https://randomuser.me/api/portraits/med/men/80.jpg","thumbnail":"https://randomuser.me/api/portraits/thumb/men/80.jpg"},"nat":"MX"}],"info":{"seed":"7f09f7b7ace5511a","results":1,"page":1,"version":"1.4"}} 
 </msg>
<msg time="2024-04-03T23:13:16.494652" level="INFO">/opt/hostedtoolcache/Python/3.12.2/x64/lib/python3.12/site-packages/urllib3/connectionpool.py:1103: InsecureRequestWarning: Unverified HTTPS request is being made to host 'randomuser.me'. Adding certificate verification is strongly advised. See: https://urllib3.readthedocs.io/en/latest/advanced-usage.html#tls-warnings
  warnings.warn(</msg>
<msg time="2024-04-03T23:13:16.494805" level="INFO">${response} = &lt;Response [200]&gt;</msg>
<var>${response}</var>
<arg>consultarAPI</arg>
<arg>/api</arg>
<doc>Sends a GET request on a previously created HTTP Session.</doc>
<status status="PASS" start="2024-04-03T23:13:16.408046" elapsed="0.086810"/>
</kw>
<kw name="Set Variable" owner="BuiltIn">
<msg time="2024-04-03T23:13:16.496103" level="INFO">${json_data} = {'results': [{'gender': 'male', 'name': {'title': 'Mr', 'first': 'Iván', 'last': 'Ibarra'}, 'location': {'street': {'number': 4170, 'name': 'Prolongación Norte Coronado'}, 'city': 'Bavispe', 'state': ...</msg>
<var>${json_data}</var>
<arg>${response.json()}</arg>
<doc>Returns the given values which can then be assigned to a variables.</doc>
<status status="PASS" start="2024-04-03T23:13:16.495515" elapsed="0.000618"/>
</kw>
<kw name="Log" owner="BuiltIn">
<msg time="2024-04-03T23:13:16.496663" level="INFO">{'results': [{'gender': 'male', 'name': {'title': 'Mr', 'first': 'Iván', 'last': 'Ibarra'}, 'location': {'street': {'number': 4170, 'name': 'Prolongación Norte Coronado'}, 'city': 'Bavispe', 'state': 'Sinaloa', 'country': 'Mexico', 'postcode': 92209, 'coordinates': {'latitude': '24.0653', 'longitude': '-138.4996'}, 'timezone': {'offset': '-11:00', 'description': 'Midway Island, Samoa'}}, 'email': 'ivan.ibarra@example.com', 'login': {'uuid': '7606e1ce-18fd-4f74-8b77-f1dc36884605', 'username': 'lazykoala975', 'password': 'randolph', 'salt': 'fF7Z7Drq', 'md5': '49830979f33dfcd4efa07e0620fbc5cf', 'sha1': '75cac1031cecf1533371f33a0ba5aa037c10137b', 'sha256': 'e0fc654edc9f6fbd7ed68a16100849d035571737ef37c8af05b9bf6b66485cc7'}, 'dob': {'date': '1951-08-15T03:03:24.926Z', 'age': 72}, 'registered': {'date': '2018-08-20T09:17:05.080Z', 'age': 5}, 'phone': '(613) 552 4030', 'cell': '(621) 575 2702', 'id': {'name': 'NSS', 'value': '48 67 49 8266 2'}, 'picture': {'large': 'https://randomuser.me/api/portraits/men/80.jpg', 'medium': 'https://randomuser.me/api/portraits/med/men/80.jpg', 'thumbnail': 'https://randomuser.me/api/portraits/thumb/men/80.jpg'}, 'nat': 'MX'}], 'info': {'seed': '7f09f7b7ace5511a', 'results': 1, 'page': 1, 'version': '1.4'}}</msg>
<arg>${json_data}</arg>
<doc>Logs the given message with the given level.</doc>
<status status="PASS" start="2024-04-03T23:13:16.496491" elapsed="0.000266"/>
</kw>
<kw name="Should Be Equal As Numbers" owner="BuiltIn">
<arg>${json_data['results'][0]['location']['postcode']}</arg>
<arg>${json_data['results'][0]['location']['postcode']}</arg>
<doc>Fails if objects are unequal after converting them to real numbers.</doc>
<status status="PASS" start="2024-04-03T23:13:16.497084" elapsed="0.000661"/>
</kw>
<kw name="Log" owner="BuiltIn">
<msg time="2024-04-03T23:13:16.498333" level="INFO">92209</msg>
<arg>${json_data['results'][0]['location']['postcode']}</arg>
<doc>Logs the given message with the given level.</doc>
<status status="PASS" start="2024-04-03T23:13:16.497950" elapsed="0.000431"/>
</kw>
<status status="PASS" start="2024-04-03T23:13:16.407645" elapsed="0.091014"/>
</kw>
<doc>Testa se os tipos de dados na resposta da API estão corretos.</doc>
<tag>testeTiposDados</tag>
<status status="PASS" start="2024-04-03T23:13:16.318386" elapsed="0.180457"/>
</test>
<test id="s1-s1-t5" name="Validar conteudo" line="35">
<kw name="Teste de Tipos de Conteudo" owner="random-user-service">
<kw name="GET On Session" owner="RequestsLibrary">
<msg time="2024-04-03T23:13:16.600734" level="INFO">GET Request : url=https://randomuser.me/api 
 path_url=/api 
 headers={'User-Agent': 'python-requests/2.31.0', 'Accept-Encoding': 'gzip, deflate', 'Accept': '*/*', 'Connection': 'keep-alive'} 
 body=None 
 </msg>
<msg time="2024-04-03T23:13:16.600848" level="INFO">GET Response : url=https://randomuser.me/api 
 status=200, reason=OK 
 headers={'Date': 'Wed, 03 Apr 2024 23:13:16 GMT', 'Content-Type': 'application/json; charset=utf-8', 'Transfer-Encoding': 'chunked', 'Connection': 'keep-alive', 'X-Powered-By': 'Express', 'Access-Control-Allow-Origin': '*', 'Cache-Control': 'no-cache', 'ETag': 'W/"4ab-XhJw5TnLwKTlD2gsUj4rh4m6i4U"', 'Vary': 'Accept-Encoding', 'Content-Encoding': 'gzip', 'CF-Cache-Status': 'DYNAMIC', 'Report-To': '{"endpoints":[{"url":"https:\\/\\/a.nel.cloudflare.com\\/report\\/v4?s=FARCJr5qhrPP1GVdLgkl%2FBS3P8bpgXV2P2%2FZ975zx4xFBlVua%2F%2Fxn4uV6dNHJDnOpgiAZZAr4LXukTtbMX8y3oXJBXirPkVr5Heqg6jBe2qB7DzsfyIstGhAkmLJT2kJ"}],"group":"cf-nel","max_age":604800}', 'NEL': '{"success_fraction":0,"report_to":"cf-nel","max_age":604800}', 'Server': 'cloudflare', 'CF-RAY': '86ecbf8e2afb86f4-IAD', 'alt-svc': 'h3=":443"; ma=86400'} 
 body={"results":[{"gender":"male","name":{"title":"Monsieur","first":"Holger","last":"Renaud"},"location":{"street":{"number":5392,"name":"Rue du Cardinal-Gerlier"},"city":"Jenins","state":"Neuchâtel","country":"Switzerland","postcode":2261,"coordinates":{"latitude":"-60.0209","longitude":"-32.9876"},"timezone":{"offset":"-6:00","description":"Central Time (US &amp; Canada), Mexico City"}},"email":"holger.renaud@example.com","login":{"uuid":"6d38c673-b413-47b7-843f-8a622d2d3dcd","username":"bluezebra593","password":"cornell","salt":"UqfoDREr","md5":"9d27e509e886e5f4eb7bddacd9d4adb2","sha1":"4a285e0f1016f68ef32400f0aab45a5a670475be","sha256":"4bd96ea6d7c6ed8b38fc7083f32a70015706bd076eb366510aafafdb0fa7ba73"},"dob":{"date":"1983-01-28T06:58:43.990Z","age":41},"registered":{"date":"2009-12-26T10:39:55.121Z","age":14},"phone":"079 182 87 80","cell":"075 915 59 98","id":{"name":"AVS","value":"756.2690.2039.14"},"picture":{"large":"https://randomuser.me/api/portraits/men/16.jpg","medium":"https://randomuser.me/api/portraits/med/men/16.jpg","thumbnail":"https://randomuser.me/api/portraits/thumb/men/16.jpg"},"nat":"CH"}],"info":{"seed":"84d8b44e939a6dfb","results":1,"page":1,"version":"1.4"}} 
 </msg>
<msg time="2024-04-03T23:13:16.600933" level="INFO">/opt/hostedtoolcache/Python/3.12.2/x64/lib/python3.12/site-packages/urllib3/connectionpool.py:1103: InsecureRequestWarning: Unverified HTTPS request is being made to host 'randomuser.me'. Adding certificate verification is strongly advised. See: https://urllib3.readthedocs.io/en/latest/advanced-usage.html#tls-warnings
  warnings.warn(</msg>
<msg time="2024-04-03T23:13:16.601085" level="INFO">${response} = &lt;Response [200]&gt;</msg>
<var>${response}</var>
<arg>consultarAPI</arg>
<arg>/api</arg>
<doc>Sends a GET request on a previously created HTTP Session.</doc>
<status status="PASS" start="2024-04-03T23:13:16.501455" elapsed="0.099675"/>
</kw>
<kw name="Set Variable" owner="BuiltIn">
<msg time="2024-04-03T23:13:16.602366" level="INFO">${json_data} = {'results': [{'gender': 'male', 'name': {'title': 'Monsieur', 'first': 'Holger', 'last': 'Renaud'}, 'location': {'street': {'number': 5392, 'name': 'Rue du Cardinal-Gerlier'}, 'city': 'Jenins', 'state...</msg>
<var>${json_data}</var>
<arg>${response.json()}</arg>
<doc>Returns the given values which can then be assigned to a variables.</doc>
<status status="PASS" start="2024-04-03T23:13:16.601756" elapsed="0.000641"/>
</kw>
<kw name="Set Variable" owner="BuiltIn">
<msg time="2024-04-03T23:13:16.603107" level="INFO">${name_title} = Monsieur</msg>
<var>${name_title}</var>
<arg>${json_data["results"][0]["name"]["title"]}</arg>
<doc>Returns the given values which can then be assigned to a variables.</doc>
<status status="PASS" start="2024-04-03T23:13:16.602718" elapsed="0.000415"/>
</kw>
<kw name="Create List" owner="BuiltIn">
<msg time="2024-04-03T23:13:16.603600" level="INFO">${allowed_titles} = ['Mr', 'Ms', 'Miss', 'Mrs', 'Madame', 'Monsieur']</msg>
<var>${allowed_titles}</var>
<arg>Mr</arg>
<arg>Ms</arg>
<arg>Miss</arg>
<arg>Mrs</arg>
<arg>Madame</arg>
<arg>Monsieur</arg>
<doc>Returns a list containing given items.</doc>
<status status="PASS" start="2024-04-03T23:13:16.603449" elapsed="0.000175"/>
</kw>
<kw name="List Should Contain Value" owner="Collections">
<msg time="2024-04-03T23:13:16.604108" level="INFO">False</msg>
<arg>${allowed_titles}</arg>
<arg>${name_title}</arg>
<doc>Fails if the ``value`` is not found from ``list``.</doc>
<status status="PASS" start="2024-04-03T23:13:16.603933" elapsed="0.000212"/>
</kw>
<kw name="Set Variable" owner="BuiltIn">
<msg time="2024-04-03T23:13:16.604812" level="INFO">${name_country} = CH</msg>
<var>${name_country}</var>
<arg>${json_data["results"][0]["nat"]}</arg>
<doc>Returns the given values which can then be assigned to a variables.</doc>
<status status="PASS" start="2024-04-03T23:13:16.604440" elapsed="0.000397"/>
</kw>
<kw name="Create List" owner="BuiltIn">
<msg time="2024-04-03T23:13:16.605741" level="INFO">${list_country} = ['AD', 'AE', 'AF', 'AG', 'AI', 'AL', 'AM', 'AO', 'AQ', 'AR', 'AS', 'AT', 'AU', 'AW', 'AX', 'AZ', 'BA', 'BB', 'BD', 'BE', 'BF', 'BG', 'BH', 'BI', 'BJ', 'BL', 'BM', 'BN', 'BO', 'BQ', 'BR', 'BS', 'BT', '...</msg>
<var>${list_country}</var>
<arg>AD</arg>
<arg>AE</arg>
<arg>AF</arg>
<arg>AG</arg>
<arg>AI</arg>
<arg>AL</arg>
<arg>AM</arg>
<arg>AO</arg>
<arg>AQ</arg>
<arg>AR</arg>
<arg>AS</arg>
<arg>AT</arg>
<arg>AU</arg>
<arg>AW</arg>
<arg>AX</arg>
<arg>AZ</arg>
<arg>BA</arg>
<arg>BB</arg>
<arg>BD</arg>
<arg>BE</arg>
<arg>BF</arg>
<arg>BG</arg>
<arg>BH</arg>
<arg>BI</arg>
<arg>BJ</arg>
<arg>BL</arg>
<arg>BM</arg>
<arg>BN</arg>
<arg>BO</arg>
<arg>BQ</arg>
<arg>BR</arg>
<arg>BS</arg>
<arg>BT</arg>
<arg>BV</arg>
<arg>BW</arg>
<arg>BY</arg>
<arg>BZ</arg>
<arg>CA</arg>
<arg>CC</arg>
<arg>CD</arg>
<arg>CF</arg>
<arg>CG</arg>
<arg>CH</arg>
<arg>CI</arg>
<arg>CK</arg>
<arg>CL</arg>
<arg>CM</arg>
<arg>CN</arg>
<arg>CO</arg>
<arg>CR</arg>
<arg>CU</arg>
<arg>CV</arg>
<arg>CW</arg>
<arg>CX</arg>
<arg>CY</arg>
<arg>CZ</arg>
<arg>DE</arg>
<arg>DJ</arg>
<arg>DK</arg>
<arg>DM</arg>
<arg>DO</arg>
<arg>DZ</arg>
<arg>EC</arg>
<arg>EE</arg>
<arg>EG</arg>
<arg>EH</arg>
<arg>ER</arg>
<arg>ES</arg>
<arg>ET</arg>
<arg>FI</arg>
<arg>FJ</arg>
<arg>FK</arg>
<arg>FM</arg>
<arg>FO</arg>
<arg>FR</arg>
<arg>GA</arg>
<arg>GB</arg>
<arg>GD</arg>
<arg>GE</arg>
<arg>GF</arg>
<arg>GG</arg>
<arg>GH</arg>
<arg>GI</arg>
<arg>GL</arg>
<arg>GM</arg>
<arg>GN</arg>
<arg>GP</arg>
<arg>GQ</arg>
<arg>GR</arg>
<arg>GS</arg>
<arg>GT</arg>
<arg>GU</arg>
<arg>GW</arg>
<arg>GY</arg>
<arg>HK</arg>
<arg>HM</arg>
<arg>HN</arg>
<arg>HR</arg>
<arg>HT</arg>
<arg>HU</arg>
<arg>ID</arg>
<arg>IE</arg>
<arg>IL</arg>
<arg>IM</arg>
<arg>IN</arg>
<arg>IO</arg>
<arg>IQ</arg>
<arg>IR</arg>
<arg>IS</arg>
<arg>IT</arg>
<arg>JE</arg>
<arg>JM</arg>
<arg>JO</arg>
<arg>JP</arg>
<arg>KE</arg>
<arg>KG</arg>
<arg>KH</arg>
<arg>KI</arg>
<arg>KM</arg>
<arg>KN</arg>
<arg>KP</arg>
<arg>KR</arg>
<arg>KW</arg>
<arg>KY</arg>
<arg>KZ</arg>
<arg>LA</arg>
<arg>LB</arg>
<arg>LC</arg>
<arg>LI</arg>
<arg>LK</arg>
<arg>LR</arg>
<arg>LS</arg>
<arg>LT</arg>
<arg>LU</arg>
<arg>LV</arg>
<arg>LY</arg>
<arg>MA</arg>
<arg>MC</arg>
<arg>MD</arg>
<arg>ME</arg>
<arg>MF</arg>
<arg>MG</arg>
<arg>MH</arg>
<arg>MK</arg>
<arg>ML</arg>
<arg>MM</arg>
<arg>MN</arg>
<arg>MO</arg>
<arg>MP</arg>
<arg>MQ</arg>
<arg>MR</arg>
<arg>MS</arg>
<arg>MT</arg>
<arg>MU</arg>
<arg>MV</arg>
<arg>MW</arg>
<arg>MX</arg>
<arg>MY</arg>
<arg>MZ</arg>
<arg>NA</arg>
<arg>NC</arg>
<arg>NE</arg>
<arg>NF</arg>
<arg>NG</arg>
<arg>NI</arg>
<arg>NL</arg>
<arg>NO</arg>
<arg>NP</arg>
<arg>NR</arg>
<arg>NU</arg>
<arg>NZ</arg>
<arg>OM</arg>
<arg>PA</arg>
<arg>PE</arg>
<arg>PF</arg>
<arg>PG</arg>
<arg>PH</arg>
<arg>PK</arg>
<arg>PL</arg>
<arg>PM</arg>
<arg>PN</arg>
<arg>PR</arg>
<arg>PS</arg>
<arg>PT</arg>
<arg>PW</arg>
<arg>PY</arg>
<arg>QA</arg>
<arg>RE</arg>
<arg>RO</arg>
<arg>RS</arg>
<arg>RU</arg>
<arg>RW</arg>
<arg>SA</arg>
<arg>SB</arg>
<arg>SC</arg>
<arg>SD</arg>
<arg>SE</arg>
<arg>SG</arg>
<arg>SH</arg>
<arg>SI</arg>
<arg>SJ</arg>
<arg>SK</arg>
<arg>SL</arg>
<arg>SM</arg>
<arg>SN</arg>
<arg>SO</arg>
<arg>SR</arg>
<arg>SS</arg>
<arg>ST</arg>
<arg>SV</arg>
<arg>SX</arg>
<arg>SY</arg>
<arg>SZ</arg>
<arg>TC</arg>
<arg>TD</arg>
<arg>TF</arg>
<arg>TG</arg>
<arg>TH</arg>
<arg>TJ</arg>
<arg>TK</arg>
<arg>TL</arg>
<arg>TM</arg>
<arg>TN</arg>
<arg>TO</arg>
<arg>TR</arg>
<arg>TT</arg>
<arg>TV</arg>
<arg>TW</arg>
<arg>TZ</arg>
<arg>UA</arg>
<arg>UG</arg>
<arg>UM</arg>
<arg>US</arg>
<arg>UY</arg>
<arg>UZ</arg>
<arg>VA</arg>
<arg>VC</arg>
<arg>VE</arg>
<arg>VG</arg>
<arg>VI</arg>
<arg>VN</arg>
<arg>VU</arg>
<arg>WF</arg>
<arg>WS</arg>
<arg>XK</arg>
<arg>YE</arg>
<arg>YT</arg>
<arg>ZA</arg>
<arg>ZM</arg>
<arg>ZW</arg>
<doc>Returns a list containing given items.</doc>
<status status="PASS" start="2024-04-03T23:13:16.605141" elapsed="0.000625"/>
</kw>
<kw name="List Should Contain Value" owner="Collections">
<msg time="2024-04-03T23:13:16.606934" level="INFO">False</msg>
<arg>${list_country}</arg>
<arg>${name_country}</arg>
<doc>Fails if the ``value`` is not found from ``list``.</doc>
<status status="PASS" start="2024-04-03T23:13:16.606727" elapsed="0.000244"/>
</kw>
<kw name="Run Keyword If" owner="BuiltIn">
<kw name="Should Be True" owner="BuiltIn">
<arg>${True}</arg>
<doc>Fails if the given condition is not true.</doc>
<status status="PASS" start="2024-04-03T23:13:16.608051" elapsed="0.000146"/>
</kw>
<arg>${json_data["results"][0]["location"]["coordinates"]["latitude"]} &gt;= -90 and ${json_data["results"][0]["location"]["coordinates"]["latitude"]} &lt;= 90</arg>
<arg>Should Be True</arg>
<arg>${True}</arg>
<doc>Runs the given keyword with the given arguments, if ``condition`` is true.</doc>
<status status="PASS" start="2024-04-03T23:13:16.607290" elapsed="0.001034"/>
</kw>
<kw name="Run Keyword If" owner="BuiltIn">
<kw name="Should Be True" owner="BuiltIn">
<arg>${True}</arg>
<doc>Fails if the given condition is not true.</doc>
<status status="PASS" start="2024-04-03T23:13:16.609199" elapsed="0.000139"/>
</kw>
<arg>${json_data["results"][0]["location"]["coordinates"]["longitude"]} &gt;= -180 and ${json_data["results"][0]["location"]["coordinates"]["longitude"]} &lt;= 180</arg>
<arg>Should Be True</arg>
<arg>${True}</arg>
<doc>Runs the given keyword with the given arguments, if ``condition`` is true.</doc>
<status status="PASS" start="2024-04-03T23:13:16.608510" elapsed="0.000951"/>
</kw>
<status status="PASS" start="2024-04-03T23:13:16.501213" elapsed="0.108381"/>
</kw>
<doc>Testa o conteúdo específico dos campos retornados pela API.</doc>
<tag>testeConteudo</tag>
<status status="PASS" start="2024-04-03T23:13:16.500654" elapsed="0.109100"/>
</test>
<status status="PASS" start="2024-04-03T23:13:15.786653" elapsed="0.825139"/>
</suite>
<status status="PASS" start="2024-04-03T23:13:15.772329" elapsed="0.844842"/>
</suite>
<statistics>
<total>
<stat pass="5" fail="0" skip="0">All Tests</stat>
</total>
<tag>
<stat pass="1" fail="0" skip="0">testeConteudo</stat>
<stat pass="1" fail="0" skip="0">testeEstruturaResposta</stat>
<stat pass="1" fail="0" skip="0">testeRequisicaoBasica</stat>
<stat pass="1" fail="0" skip="0">testeTiposDados</stat>
</tag>
<suite>
<stat pass="5" fail="0" skip="0" id="s1" name="Tests">Tests</stat>
<stat pass="5" fail="0" skip="0" id="s1-s1" name="Random-User-Test">Tests.Random-User-Test</stat>
</suite>
</statistics>
<errors>
</errors>
</robot>
