<?xml version="1.0" encoding="UTF-8"?>
<robot generator="Robot 7.0.1 (Python 3.12.3 on linux)" generated="2024-06-16T04:17:25.204592" rpa="false" schemaversion="5">
<suite id="s1" name="Tests" source="/home/runner/work/ApiRandomUser/ApiRandomUser/RamdonUser/tests">
<suite id="s1-s1" name="Random-User-Test" source="/home/runner/work/ApiRandomUser/ApiRandomUser/RamdonUser/tests/random-user-test.robot">
<test id="s1-s1-t1" name="Conectar" line="13">
<kw name="Conectar API" owner="random-user-service">
<kw name="Create Session" owner="RequestsLibrary">
<msg time="2024-06-16T04:17:25.606855" level="INFO">Creating Session using : alias=consultarAPI, url=https://randomuser.me/, headers={},                     cookies={}, auth=None, timeout=None, proxies=None, verify=False,                     debug=0 </msg>
<arg>consultarAPI</arg>
<arg>${URL}</arg>
<doc>Create Session: create a HTTP session to a server</doc>
<status status="PASS" start="2024-06-16T04:17:25.606602" elapsed="0.000442"/>
</kw>
<status status="PASS" start="2024-06-16T04:17:25.605616" elapsed="0.001800"/>
</kw>
<status status="PASS" start="2024-06-16T04:17:25.605082" elapsed="0.002532"/>
</test>
<test id="s1-s1-t2" name="Validar retorno 200 e JSON Válido" line="16">
<kw name="Teste de Requisicao Basica" owner="random-user-service">
<kw name="GET On Session" owner="RequestsLibrary">
<msg time="2024-06-16T04:17:25.723587" level="INFO">GET Request : url=https://randomuser.me/api 
 path_url=/api 
 headers={'User-Agent': 'python-requests/2.32.3', 'Accept-Encoding': 'gzip, deflate', 'Accept': '*/*', 'Connection': 'keep-alive'} 
 body=None 
 </msg>
<msg time="2024-06-16T04:17:25.723760" level="INFO">GET Response : url=https://randomuser.me/api 
 status=200, reason=OK 
 headers={'Date': 'Sun, 16 Jun 2024 04:17:25 GMT', 'Content-Type': 'application/json; charset=utf-8', 'Transfer-Encoding': 'chunked', 'Connection': 'keep-alive', 'X-Powered-By': 'Express', 'Access-Control-Allow-Origin': '*', 'Cache-Control': 'no-cache', 'ETag': 'W/"49c-lSWgFZC1Q3xeYCTicUypVwolpMA"', 'Vary': 'Accept-Encoding', 'Content-Encoding': 'gzip', 'CF-Cache-Status': 'DYNAMIC', 'Report-To': '{"endpoints":[{"url":"https:\\/\\/a.nel.cloudflare.com\\/report\\/v4?s=qKYugnBpKyWrWAuueNwfI4392Tak1TwBQgLFh7WbyBeURHsPTRVrtLUcTEOZNs8mlwmC9WpuhORbmysWGqWxubUQ71Lf9HhEDXX2svhfOqmCr%2BZhnpKiguT%2F1GRs4Zsp"}],"group":"cf-nel","max_age":604800}', 'NEL': '{"success_fraction":0,"report_to":"cf-nel","max_age":604800}', 'Server': 'cloudflare', 'CF-RAY': '8947fd774e162519-SJC', 'alt-svc': 'h3=":443"; ma=86400'} 
 body={"results":[{"gender":"male","name":{"title":"Mr","first":"Tadija","last":"Čabarkapa"},"location":{"street":{"number":4704,"name":"Porodice Stojanović"},"city":"Preševo","state":"Braničevo","country":"Serbia","postcode":56401,"coordinates":{"latitude":"58.5560","longitude":"-142.8070"},"timezone":{"offset":"-4:00","description":"Atlantic Time (Canada), Caracas, La Paz"}},"email":"tadija.cabarkapa@example.com","login":{"uuid":"c147ba18-9bbd-4489-a100-79c5d5b787fc","username":"angrybird524","password":"aaaaa1","salt":"IST3rGM4","md5":"7311d2c04f76b51dae2c47b003a4c272","sha1":"63db9eb35d31cd62863f3a991e798442add3a442","sha256":"82aec296a6c66d1033bfe971850be038fe27468c8acd970f1b5eabc42196bb75"},"dob":{"date":"1979-03-03T08:34:17.618Z","age":45},"registered":{"date":"2018-01-23T14:06:06.500Z","age":6},"phone":"033-7454-985","cell":"062-7267-324","id":{"name":"SID","value":"691043705"},"picture":{"large":"https://randomuser.me/api/portraits/men/32.jpg","medium":"https://randomuser.me/api/portraits/med/men/32.jpg","thumbnail":"https://randomuser.me/api/portraits/thumb/men/32.jpg"},"nat":"RS"}],"info":{"seed":"90edb8cb56afb60e","results":1,"page":1,"version":"1.4"}} 
 </msg>
<msg time="2024-06-16T04:17:25.723859" level="INFO">/opt/hostedtoolcache/Python/3.12.3/x64/lib/python3.12/site-packages/urllib3/connectionpool.py:1103: InsecureRequestWarning: Unverified HTTPS request is being made to host 'randomuser.me'. Adding certificate verification is strongly advised. See: https://urllib3.readthedocs.io/en/latest/advanced-usage.html#tls-warnings
  warnings.warn(</msg>
<msg time="2024-06-16T04:17:25.724020" level="INFO">${response} = &lt;Response [200]&gt;</msg>
<var>${response}</var>
<arg>consultarAPI</arg>
<arg>/api</arg>
<doc>Sends a GET request on a previously created HTTP Session.</doc>
<status status="PASS" start="2024-06-16T04:17:25.610302" elapsed="0.113782"/>
</kw>
<kw name="Should Be Equal As Numbers" owner="BuiltIn">
<msg time="2024-06-16T04:17:25.725354" level="INFO">Argument types are:
&lt;class 'int'&gt;
&lt;class 'str'&gt;</msg>
<arg>${response.status_code}</arg>
<arg>200</arg>
<doc>Fails if objects are unequal after converting them to real numbers.</doc>
<status status="PASS" start="2024-06-16T04:17:25.724833" elapsed="0.000592"/>
</kw>
<kw name="Log" owner="BuiltIn">
<msg time="2024-06-16T04:17:25.726214" level="INFO">200</msg>
<arg>${response.status_code}</arg>
<doc>Logs the given message with the given level.</doc>
<status status="PASS" start="2024-06-16T04:17:25.725819" elapsed="0.000445"/>
</kw>
<kw name="Set Variable" owner="BuiltIn">
<msg time="2024-06-16T04:17:25.727122" level="INFO">${json_data} = {'results': [{'gender': 'male', 'name': {'title': 'Mr', 'first': 'Tadija', 'last': 'Čabarkapa'}, 'location': {'street': {'number': 4704, 'name': 'Porodice Stojanović'}, 'city': 'Preševo', 'state': 'Br...</msg>
<var>${json_data}</var>
<arg>${response.json()}</arg>
<doc>Returns the given values which can then be assigned to a variables.</doc>
<status status="PASS" start="2024-06-16T04:17:25.726599" elapsed="0.000555"/>
</kw>
<kw name="Dictionary Should Contain Key" owner="Collections">
<arg>${json_data}</arg>
<arg>results</arg>
<doc>Fails if ``key`` is not found from ``dictionary``.</doc>
<status status="PASS" start="2024-06-16T04:17:25.727477" elapsed="0.000173"/>
</kw>
<status status="PASS" start="2024-06-16T04:17:25.610057" elapsed="0.117752"/>
</kw>
<doc>Testa se a API responde corretamente e retorna um objeto JSON válido.</doc>
<tag>testeRequisicaoBasica</tag>
<status status="PASS" start="2024-06-16T04:17:25.609514" elapsed="0.118488"/>
</test>
<test id="s1-s1-t3" name="Validar estrutura de resposta" line="22">
<kw name="Teste de Estrutura de Resposta" owner="random-user-service">
<kw name="GET On Session" owner="RequestsLibrary">
<msg time="2024-06-16T04:17:25.823465" level="INFO">GET Request : url=https://randomuser.me/api 
 path_url=/api 
 headers={'User-Agent': 'python-requests/2.32.3', 'Accept-Encoding': 'gzip, deflate', 'Accept': '*/*', 'Connection': 'keep-alive'} 
 body=None 
 </msg>
<msg time="2024-06-16T04:17:25.823579" level="INFO">GET Response : url=https://randomuser.me/api 
 status=200, reason=OK 
 headers={'Date': 'Sun, 16 Jun 2024 04:17:25 GMT', 'Content-Type': 'application/json; charset=utf-8', 'Transfer-Encoding': 'chunked', 'Connection': 'keep-alive', 'X-Powered-By': 'Express', 'Access-Control-Allow-Origin': '*', 'Cache-Control': 'no-cache', 'ETag': 'W/"4a8-19WhHYZM4DOTfc0kFx8ZByQvxiY"', 'Vary': 'Accept-Encoding', 'Content-Encoding': 'gzip', 'CF-Cache-Status': 'DYNAMIC', 'Report-To': '{"endpoints":[{"url":"https:\\/\\/a.nel.cloudflare.com\\/report\\/v4?s=Cv%2BY2TfOqjFw9hyFseyGEIVO3gTfx07AvWo3HgNh607VnqUykrb3RPK%2FBOcH1ad4RWugBMVDMWs98j2G8YJdnke4vwKpAv3PdOC62Iqw3bytEUuFL8wVWd4U2a%2Flaany"}],"group":"cf-nel","max_age":604800}', 'NEL': '{"success_fraction":0,"report_to":"cf-nel","max_age":604800}', 'Server': 'cloudflare', 'CF-RAY': '8947fd77dee52519-SJC', 'alt-svc': 'h3=":443"; ma=86400'} 
 body={"results":[{"gender":"female","name":{"title":"Ms","first":"Carmen","last":"Waldmann"},"location":{"street":{"number":8673,"name":"Kapellenweg"},"city":"Frankfurt (Oder)","state":"Hessen","country":"Germany","postcode":28957,"coordinates":{"latitude":"-54.2748","longitude":"89.6893"},"timezone":{"offset":"+5:00","description":"Ekaterinburg, Islamabad, Karachi, Tashkent"}},"email":"carmen.waldmann@example.com","login":{"uuid":"2edad746-31b9-4173-8c21-bd71dd892c04","username":"bigpeacock850","password":"brooke","salt":"gRKhDmGV","md5":"8ba0fac11ee3515ffe09cc9d3aabc6c3","sha1":"f5f976ed95c0945393307e12e267d5169a0529de","sha256":"a740a07191b89a62ba8903a52435c57cb746ee99398e948e3e41bd663c7045f1"},"dob":{"date":"1972-11-14T23:07:49.985Z","age":51},"registered":{"date":"2004-02-21T10:58:15.160Z","age":20},"phone":"0856-1702758","cell":"0179-0061486","id":{"name":"SVNR","value":"04 141172 W 528"},"picture":{"large":"https://randomuser.me/api/portraits/women/82.jpg","medium":"https://randomuser.me/api/portraits/med/women/82.jpg","thumbnail":"https://randomuser.me/api/portraits/thumb/women/82.jpg"},"nat":"DE"}],"info":{"seed":"9f947864f464066f","results":1,"page":1,"version":"1.4"}} 
 </msg>
<msg time="2024-06-16T04:17:25.823737" level="INFO">/opt/hostedtoolcache/Python/3.12.3/x64/lib/python3.12/site-packages/urllib3/connectionpool.py:1103: InsecureRequestWarning: Unverified HTTPS request is being made to host 'randomuser.me'. Adding certificate verification is strongly advised. See: https://urllib3.readthedocs.io/en/latest/advanced-usage.html#tls-warnings
  warnings.warn(</msg>
<msg time="2024-06-16T04:17:25.823875" level="INFO">${response} = &lt;Response [200]&gt;</msg>
<var>${response}</var>
<arg>consultarAPI</arg>
<arg>/api</arg>
<doc>Sends a GET request on a previously created HTTP Session.</doc>
<status status="PASS" start="2024-06-16T04:17:25.730833" elapsed="0.093183"/>
</kw>
<kw name="Set Variable" owner="BuiltIn">
<msg time="2024-06-16T04:17:25.825169" level="INFO">${json_data} = {'results': [{'gender': 'female', 'name': {'title': 'Ms', 'first': 'Carmen', 'last': 'Waldmann'}, 'location': {'street': {'number': 8673, 'name': 'Kapellenweg'}, 'city': 'Frankfurt (Oder)', 'state': '...</msg>
<var>${json_data}</var>
<arg>${response.json()}</arg>
<doc>Returns the given values which can then be assigned to a variables.</doc>
<status status="PASS" start="2024-06-16T04:17:25.824590" elapsed="0.000612"/>
</kw>
<kw name="Log" owner="BuiltIn">
<msg time="2024-06-16T04:17:25.825744" level="INFO">{'results': [{'gender': 'female', 'name': {'title': 'Ms', 'first': 'Carmen', 'last': 'Waldmann'}, 'location': {'street': {'number': 8673, 'name': 'Kapellenweg'}, 'city': 'Frankfurt (Oder)', 'state': 'Hessen', 'country': 'Germany', 'postcode': 28957, 'coordinates': {'latitude': '-54.2748', 'longitude': '89.6893'}, 'timezone': {'offset': '+5:00', 'description': 'Ekaterinburg, Islamabad, Karachi, Tashkent'}}, 'email': 'carmen.waldmann@example.com', 'login': {'uuid': '2edad746-31b9-4173-8c21-bd71dd892c04', 'username': 'bigpeacock850', 'password': 'brooke', 'salt': 'gRKhDmGV', 'md5': '8ba0fac11ee3515ffe09cc9d3aabc6c3', 'sha1': 'f5f976ed95c0945393307e12e267d5169a0529de', 'sha256': 'a740a07191b89a62ba8903a52435c57cb746ee99398e948e3e41bd663c7045f1'}, 'dob': {'date': '1972-11-14T23:07:49.985Z', 'age': 51}, 'registered': {'date': '2004-02-21T10:58:15.160Z', 'age': 20}, 'phone': '0856-1702758', 'cell': '0179-0061486', 'id': {'name': 'SVNR', 'value': '04 141172 W 528'}, 'picture': {'large': 'https://randomuser.me/api/portraits/women/82.jpg', 'medium': 'https://randomuser.me/api/portraits/med/women/82.jpg', 'thumbnail': 'https://randomuser.me/api/portraits/thumb/women/82.jpg'}, 'nat': 'DE'}], 'info': {'seed': '9f947864f464066f', 'results': 1, 'page': 1, 'version': '1.4'}}</msg>
<arg>${json_data}</arg>
<doc>Logs the given message with the given level.</doc>
<status status="PASS" start="2024-06-16T04:17:25.825569" elapsed="0.000233"/>
</kw>
<kw name="Dictionary Should Contain Key" owner="Collections">
<arg>${json_data}</arg>
<arg>results</arg>
<doc>Fails if ``key`` is not found from ``dictionary``.</doc>
<status status="PASS" start="2024-06-16T04:17:25.826118" elapsed="0.000172"/>
</kw>
<kw name="Should Not Be Empty" owner="BuiltIn">
<msg time="2024-06-16T04:17:25.826667" level="INFO">Length is 2.</msg>
<arg>${json_data}</arg>
<doc>Verifies that the given item is not empty.</doc>
<status status="PASS" start="2024-06-16T04:17:25.826486" elapsed="0.000237"/>
</kw>
<kw name="Create List" owner="BuiltIn">
<msg time="2024-06-16T04:17:25.827194" level="INFO">${expected_keys} = ['gender', 'name', 'location', 'email', 'login']</msg>
<var>${expected_keys}</var>
<arg>gender</arg>
<arg>name</arg>
<arg>location</arg>
<arg>email</arg>
<arg>login</arg>
<doc>Returns a list containing given items.</doc>
<status status="PASS" start="2024-06-16T04:17:25.827037" elapsed="0.000181"/>
</kw>
<for flavor="IN">
<iter>
<kw name="Dictionary Should Contain Key" owner="Collections">
<arg>${json_data['results'][0]}</arg>
<arg>${key}</arg>
<doc>Fails if ``key`` is not found from ``dictionary``.</doc>
<status status="PASS" start="2024-06-16T04:17:25.828029" elapsed="0.000437"/>
</kw>
<kw name="Log" owner="BuiltIn">
<msg time="2024-06-16T04:17:25.829014" level="INFO">{'gender': 'female', 'name': {'title': 'Ms', 'first': 'Carmen', 'last': 'Waldmann'}, 'location': {'street': {'number': 8673, 'name': 'Kapellenweg'}, 'city': 'Frankfurt (Oder)', 'state': 'Hessen', 'country': 'Germany', 'postcode': 28957, 'coordinates': {'latitude': '-54.2748', 'longitude': '89.6893'}, 'timezone': {'offset': '+5:00', 'description': 'Ekaterinburg, Islamabad, Karachi, Tashkent'}}, 'email': 'carmen.waldmann@example.com', 'login': {'uuid': '2edad746-31b9-4173-8c21-bd71dd892c04', 'username': 'bigpeacock850', 'password': 'brooke', 'salt': 'gRKhDmGV', 'md5': '8ba0fac11ee3515ffe09cc9d3aabc6c3', 'sha1': 'f5f976ed95c0945393307e12e267d5169a0529de', 'sha256': 'a740a07191b89a62ba8903a52435c57cb746ee99398e948e3e41bd663c7045f1'}, 'dob': {'date': '1972-11-14T23:07:49.985Z', 'age': 51}, 'registered': {'date': '2004-02-21T10:58:15.160Z', 'age': 20}, 'phone': '0856-1702758', 'cell': '0179-0061486', 'id': {'name': 'SVNR', 'value': '04 141172 W 528'}, 'picture': {'large': 'https://randomuser.me/api/portraits/women/82.jpg', 'medium': 'https://randomuser.me/api/portraits/med/women/82.jpg', 'thumbnail': 'https://randomuser.me/api/portraits/thumb/women/82.jpg'}, 'nat': 'DE'}</msg>
<arg>${json_data['results'][0]}</arg>
<doc>Logs the given message with the given level.</doc>
<status status="PASS" start="2024-06-16T04:17:25.828658" elapsed="0.000406"/>
</kw>
<kw name="Log" owner="BuiltIn">
<msg time="2024-06-16T04:17:25.829492" level="INFO">gender</msg>
<arg>${key}</arg>
<doc>Logs the given message with the given level.</doc>
<status status="PASS" start="2024-06-16T04:17:25.829363" elapsed="0.000168"/>
</kw>
<var name="${key}">gender</var>
<status status="PASS" start="2024-06-16T04:17:25.827895" elapsed="0.001854"/>
</iter>
<iter>
<kw name="Dictionary Should Contain Key" owner="Collections">
<arg>${json_data['results'][0]}</arg>
<arg>${key}</arg>
<doc>Fails if ``key`` is not found from ``dictionary``.</doc>
<status status="PASS" start="2024-06-16T04:17:25.830058" elapsed="0.000395"/>
</kw>
<kw name="Log" owner="BuiltIn">
<msg time="2024-06-16T04:17:25.831058" level="INFO">{'gender': 'female', 'name': {'title': 'Ms', 'first': 'Carmen', 'last': 'Waldmann'}, 'location': {'street': {'number': 8673, 'name': 'Kapellenweg'}, 'city': 'Frankfurt (Oder)', 'state': 'Hessen', 'country': 'Germany', 'postcode': 28957, 'coordinates': {'latitude': '-54.2748', 'longitude': '89.6893'}, 'timezone': {'offset': '+5:00', 'description': 'Ekaterinburg, Islamabad, Karachi, Tashkent'}}, 'email': 'carmen.waldmann@example.com', 'login': {'uuid': '2edad746-31b9-4173-8c21-bd71dd892c04', 'username': 'bigpeacock850', 'password': 'brooke', 'salt': 'gRKhDmGV', 'md5': '8ba0fac11ee3515ffe09cc9d3aabc6c3', 'sha1': 'f5f976ed95c0945393307e12e267d5169a0529de', 'sha256': 'a740a07191b89a62ba8903a52435c57cb746ee99398e948e3e41bd663c7045f1'}, 'dob': {'date': '1972-11-14T23:07:49.985Z', 'age': 51}, 'registered': {'date': '2004-02-21T10:58:15.160Z', 'age': 20}, 'phone': '0856-1702758', 'cell': '0179-0061486', 'id': {'name': 'SVNR', 'value': '04 141172 W 528'}, 'picture': {'large': 'https://randomuser.me/api/portraits/women/82.jpg', 'medium': 'https://randomuser.me/api/portraits/med/women/82.jpg', 'thumbnail': 'https://randomuser.me/api/portraits/thumb/women/82.jpg'}, 'nat': 'DE'}</msg>
<arg>${json_data['results'][0]}</arg>
<doc>Logs the given message with the given level.</doc>
<status status="PASS" start="2024-06-16T04:17:25.830693" elapsed="0.000414"/>
</kw>
<kw name="Log" owner="BuiltIn">
<msg time="2024-06-16T04:17:25.831538" level="INFO">name</msg>
<arg>${key}</arg>
<doc>Logs the given message with the given level.</doc>
<status status="PASS" start="2024-06-16T04:17:25.831407" elapsed="0.000169"/>
</kw>
<var name="${key}">name</var>
<status status="PASS" start="2024-06-16T04:17:25.829944" elapsed="0.001852"/>
</iter>
<iter>
<kw name="Dictionary Should Contain Key" owner="Collections">
<arg>${json_data['results'][0]}</arg>
<arg>${key}</arg>
<doc>Fails if ``key`` is not found from ``dictionary``.</doc>
<status status="PASS" start="2024-06-16T04:17:25.832096" elapsed="0.000378"/>
</kw>
<kw name="Log" owner="BuiltIn">
<msg time="2024-06-16T04:17:25.833003" level="INFO">{'gender': 'female', 'name': {'title': 'Ms', 'first': 'Carmen', 'last': 'Waldmann'}, 'location': {'street': {'number': 8673, 'name': 'Kapellenweg'}, 'city': 'Frankfurt (Oder)', 'state': 'Hessen', 'country': 'Germany', 'postcode': 28957, 'coordinates': {'latitude': '-54.2748', 'longitude': '89.6893'}, 'timezone': {'offset': '+5:00', 'description': 'Ekaterinburg, Islamabad, Karachi, Tashkent'}}, 'email': 'carmen.waldmann@example.com', 'login': {'uuid': '2edad746-31b9-4173-8c21-bd71dd892c04', 'username': 'bigpeacock850', 'password': 'brooke', 'salt': 'gRKhDmGV', 'md5': '8ba0fac11ee3515ffe09cc9d3aabc6c3', 'sha1': 'f5f976ed95c0945393307e12e267d5169a0529de', 'sha256': 'a740a07191b89a62ba8903a52435c57cb746ee99398e948e3e41bd663c7045f1'}, 'dob': {'date': '1972-11-14T23:07:49.985Z', 'age': 51}, 'registered': {'date': '2004-02-21T10:58:15.160Z', 'age': 20}, 'phone': '0856-1702758', 'cell': '0179-0061486', 'id': {'name': 'SVNR', 'value': '04 141172 W 528'}, 'picture': {'large': 'https://randomuser.me/api/portraits/women/82.jpg', 'medium': 'https://randomuser.me/api/portraits/med/women/82.jpg', 'thumbnail': 'https://randomuser.me/api/portraits/thumb/women/82.jpg'}, 'nat': 'DE'}</msg>
<arg>${json_data['results'][0]}</arg>
<doc>Logs the given message with the given level.</doc>
<status status="PASS" start="2024-06-16T04:17:25.832658" elapsed="0.000393"/>
</kw>
<kw name="Log" owner="BuiltIn">
<msg time="2024-06-16T04:17:25.833475" level="INFO">location</msg>
<arg>${key}</arg>
<doc>Logs the given message with the given level.</doc>
<status status="PASS" start="2024-06-16T04:17:25.833347" elapsed="0.000166"/>
</kw>
<var name="${key}">location</var>
<status status="PASS" start="2024-06-16T04:17:25.831981" elapsed="0.001748"/>
</iter>
<iter>
<kw name="Dictionary Should Contain Key" owner="Collections">
<arg>${json_data['results'][0]}</arg>
<arg>${key}</arg>
<doc>Fails if ``key`` is not found from ``dictionary``.</doc>
<status status="PASS" start="2024-06-16T04:17:25.834019" elapsed="0.000390"/>
</kw>
<kw name="Log" owner="BuiltIn">
<msg time="2024-06-16T04:17:25.834992" level="INFO">{'gender': 'female', 'name': {'title': 'Ms', 'first': 'Carmen', 'last': 'Waldmann'}, 'location': {'street': {'number': 8673, 'name': 'Kapellenweg'}, 'city': 'Frankfurt (Oder)', 'state': 'Hessen', 'country': 'Germany', 'postcode': 28957, 'coordinates': {'latitude': '-54.2748', 'longitude': '89.6893'}, 'timezone': {'offset': '+5:00', 'description': 'Ekaterinburg, Islamabad, Karachi, Tashkent'}}, 'email': 'carmen.waldmann@example.com', 'login': {'uuid': '2edad746-31b9-4173-8c21-bd71dd892c04', 'username': 'bigpeacock850', 'password': 'brooke', 'salt': 'gRKhDmGV', 'md5': '8ba0fac11ee3515ffe09cc9d3aabc6c3', 'sha1': 'f5f976ed95c0945393307e12e267d5169a0529de', 'sha256': 'a740a07191b89a62ba8903a52435c57cb746ee99398e948e3e41bd663c7045f1'}, 'dob': {'date': '1972-11-14T23:07:49.985Z', 'age': 51}, 'registered': {'date': '2004-02-21T10:58:15.160Z', 'age': 20}, 'phone': '0856-1702758', 'cell': '0179-0061486', 'id': {'name': 'SVNR', 'value': '04 141172 W 528'}, 'picture': {'large': 'https://randomuser.me/api/portraits/women/82.jpg', 'medium': 'https://randomuser.me/api/portraits/med/women/82.jpg', 'thumbnail': 'https://randomuser.me/api/portraits/thumb/women/82.jpg'}, 'nat': 'DE'}</msg>
<arg>${json_data['results'][0]}</arg>
<doc>Logs the given message with the given level.</doc>
<status status="PASS" start="2024-06-16T04:17:25.834591" elapsed="0.000449"/>
</kw>
<kw name="Log" owner="BuiltIn">
<msg time="2024-06-16T04:17:25.835471" level="INFO">email</msg>
<arg>${key}</arg>
<doc>Logs the given message with the given level.</doc>
<status status="PASS" start="2024-06-16T04:17:25.835342" elapsed="0.000167"/>
</kw>
<var name="${key}">email</var>
<status status="PASS" start="2024-06-16T04:17:25.833904" elapsed="0.001828"/>
</iter>
<iter>
<kw name="Dictionary Should Contain Key" owner="Collections">
<arg>${json_data['results'][0]}</arg>
<arg>${key}</arg>
<doc>Fails if ``key`` is not found from ``dictionary``.</doc>
<status status="PASS" start="2024-06-16T04:17:25.836017" elapsed="0.000388"/>
</kw>
<kw name="Log" owner="BuiltIn">
<msg time="2024-06-16T04:17:25.836935" level="INFO">{'gender': 'female', 'name': {'title': 'Ms', 'first': 'Carmen', 'last': 'Waldmann'}, 'location': {'street': {'number': 8673, 'name': 'Kapellenweg'}, 'city': 'Frankfurt (Oder)', 'state': 'Hessen', 'country': 'Germany', 'postcode': 28957, 'coordinates': {'latitude': '-54.2748', 'longitude': '89.6893'}, 'timezone': {'offset': '+5:00', 'description': 'Ekaterinburg, Islamabad, Karachi, Tashkent'}}, 'email': 'carmen.waldmann@example.com', 'login': {'uuid': '2edad746-31b9-4173-8c21-bd71dd892c04', 'username': 'bigpeacock850', 'password': 'brooke', 'salt': 'gRKhDmGV', 'md5': '8ba0fac11ee3515ffe09cc9d3aabc6c3', 'sha1': 'f5f976ed95c0945393307e12e267d5169a0529de', 'sha256': 'a740a07191b89a62ba8903a52435c57cb746ee99398e948e3e41bd663c7045f1'}, 'dob': {'date': '1972-11-14T23:07:49.985Z', 'age': 51}, 'registered': {'date': '2004-02-21T10:58:15.160Z', 'age': 20}, 'phone': '0856-1702758', 'cell': '0179-0061486', 'id': {'name': 'SVNR', 'value': '04 141172 W 528'}, 'picture': {'large': 'https://randomuser.me/api/portraits/women/82.jpg', 'medium': 'https://randomuser.me/api/portraits/med/women/82.jpg', 'thumbnail': 'https://randomuser.me/api/portraits/thumb/women/82.jpg'}, 'nat': 'DE'}</msg>
<arg>${json_data['results'][0]}</arg>
<doc>Logs the given message with the given level.</doc>
<status status="PASS" start="2024-06-16T04:17:25.836589" elapsed="0.000403"/>
</kw>
<kw name="Log" owner="BuiltIn">
<msg time="2024-06-16T04:17:25.837410" level="INFO">login</msg>
<arg>${key}</arg>
<doc>Logs the given message with the given level.</doc>
<status status="PASS" start="2024-06-16T04:17:25.837284" elapsed="0.000163"/>
</kw>
<var name="${key}">login</var>
<status status="PASS" start="2024-06-16T04:17:25.835908" elapsed="0.001756"/>
</iter>
<var>${key}</var>
<value>@{expected_keys}</value>
<status status="PASS" start="2024-06-16T04:17:25.827685" elapsed="0.010102"/>
</for>
<kw name="Create List" owner="BuiltIn">
<msg time="2024-06-16T04:17:25.838159" level="INFO">${expected_keysTwo} = ['username', 'password']</msg>
<var>${expected_keysTwo}</var>
<arg>username</arg>
<arg>password</arg>
<doc>Returns a list containing given items.</doc>
<status status="PASS" start="2024-06-16T04:17:25.838015" elapsed="0.000178"/>
</kw>
<for flavor="IN">
<iter>
<kw name="Dictionary Should Contain Key" owner="Collections">
<arg>${json_data['results'][0]['login']}</arg>
<arg>${keyTwo}</arg>
<doc>Fails if ``key`` is not found from ``dictionary``.</doc>
<status status="PASS" start="2024-06-16T04:17:25.838725" elapsed="0.000390"/>
</kw>
<kw name="Dictionary Should Contain Key" owner="Collections">
<arg>${json_data['results'][0]['login']}</arg>
<arg>${keyTwo}</arg>
<doc>Fails if ``key`` is not found from ``dictionary``.</doc>
<status status="PASS" start="2024-06-16T04:17:25.839296" elapsed="0.000372"/>
</kw>
<kw name="Log" owner="BuiltIn">
<msg time="2024-06-16T04:17:25.839964" level="INFO">username</msg>
<arg>${keyTwo}</arg>
<doc>Logs the given message with the given level.</doc>
<status status="PASS" start="2024-06-16T04:17:25.839845" elapsed="0.000163"/>
</kw>
<var name="${keyTwo}">username</var>
<status status="PASS" start="2024-06-16T04:17:25.838590" elapsed="0.001643"/>
</iter>
<iter>
<kw name="Dictionary Should Contain Key" owner="Collections">
<arg>${json_data['results'][0]['login']}</arg>
<arg>${keyTwo}</arg>
<doc>Fails if ``key`` is not found from ``dictionary``.</doc>
<status status="PASS" start="2024-06-16T04:17:25.840519" elapsed="0.000382"/>
</kw>
<kw name="Dictionary Should Contain Key" owner="Collections">
<arg>${json_data['results'][0]['login']}</arg>
<arg>${keyTwo}</arg>
<doc>Fails if ``key`` is not found from ``dictionary``.</doc>
<status status="PASS" start="2024-06-16T04:17:25.841078" elapsed="0.000363"/>
</kw>
<kw name="Log" owner="BuiltIn">
<msg time="2024-06-16T04:17:25.841737" level="INFO">password</msg>
<arg>${keyTwo}</arg>
<doc>Logs the given message with the given level.</doc>
<status status="PASS" start="2024-06-16T04:17:25.841618" elapsed="0.000156"/>
</kw>
<var name="${keyTwo}">password</var>
<status status="PASS" start="2024-06-16T04:17:25.840411" elapsed="0.001583"/>
</iter>
<var>${keyTwo}</var>
<value>@{expected_keysTwo}</value>
<status status="PASS" start="2024-06-16T04:17:25.838433" elapsed="0.003684"/>
</for>
<status status="PASS" start="2024-06-16T04:17:25.730549" elapsed="0.111712"/>
</kw>
<doc>Testa a estrutura da resposta da API.</doc>
<tag>testeEstruturaResposta</tag>
<status status="PASS" start="2024-06-16T04:17:25.729884" elapsed="0.112543"/>
</test>
<test id="s1-s1-t4" name="Validar tipos de dados" line="28">
<kw name="Teste de Tipos de Dados" owner="random-user-service">
<kw name="GET On Session" owner="RequestsLibrary">
<msg time="2024-06-16T04:17:25.939167" level="INFO">GET Request : url=https://randomuser.me/api 
 path_url=/api 
 headers={'User-Agent': 'python-requests/2.32.3', 'Accept-Encoding': 'gzip, deflate', 'Accept': '*/*', 'Connection': 'keep-alive'} 
 body=None 
 </msg>
<msg time="2024-06-16T04:17:25.939264" level="INFO">GET Response : url=https://randomuser.me/api 
 status=200, reason=OK 
 headers={'Date': 'Sun, 16 Jun 2024 04:17:25 GMT', 'Content-Type': 'application/json; charset=utf-8', 'Transfer-Encoding': 'chunked', 'Connection': 'keep-alive', 'X-Powered-By': 'Express', 'Access-Control-Allow-Origin': '*', 'Cache-Control': 'no-cache', 'ETag': 'W/"48d-J3KskGjINpbYFqibuvdT14aNbGQ"', 'Vary': 'Accept-Encoding', 'Content-Encoding': 'gzip', 'CF-Cache-Status': 'DYNAMIC', 'Report-To': '{"endpoints":[{"url":"https:\\/\\/a.nel.cloudflare.com\\/report\\/v4?s=HrGdfi2gu2dX%2BnBWoynIR3wqQGYAqdgKGVTn6Q4YDlYmIBlpjHVHjbPLCiLguuXL36qcpekseDP8KlKbQIgYixtNfVvqYIRvfsY%2BwZlHVHfhMVvC4N8FzQZf1AV6h%2BY3"}],"group":"cf-nel","max_age":604800}', 'NEL': '{"success_fraction":0,"report_to":"cf-nel","max_age":604800}', 'Server': 'cloudflare', 'CF-RAY': '8947fd789fdf2519-SJC', 'alt-svc': 'h3=":443"; ma=86400'} 
 body={"results":[{"gender":"female","name":{"title":"Ms","first":"Serenity","last":"Peterson"},"location":{"street":{"number":3135,"name":"Plum St"},"city":"Concord","state":"Idaho","country":"United States","postcode":40972,"coordinates":{"latitude":"86.7516","longitude":"148.8978"},"timezone":{"offset":"-12:00","description":"Eniwetok, Kwajalein"}},"email":"serenity.peterson@example.com","login":{"uuid":"dbb05933-50ed-444a-a4d3-556566c51f13","username":"brownfrog392","password":"soprano","salt":"d4ZsrOxr","md5":"178e7c7be9bbce1c7d461dddfad6fef8","sha1":"861e19ee40a65bb55305da519449d1e994c75e10","sha256":"d572fe45c9e381f8f4a68bf30d57f2424377e0244d2d4694c9d5b9ab79f36df3"},"dob":{"date":"1969-05-28T13:25:37.357Z","age":55},"registered":{"date":"2009-05-29T15:20:44.054Z","age":15},"phone":"(573) 291-2119","cell":"(625) 235-2255","id":{"name":"SSN","value":"652-66-1668"},"picture":{"large":"https://randomuser.me/api/portraits/women/38.jpg","medium":"https://randomuser.me/api/portraits/med/women/38.jpg","thumbnail":"https://randomuser.me/api/portraits/thumb/women/38.jpg"},"nat":"US"}],"info":{"seed":"c585c81902f41698","results":1,"page":1,"version":"1.4"}} 
 </msg>
<msg time="2024-06-16T04:17:25.939347" level="INFO">/opt/hostedtoolcache/Python/3.12.3/x64/lib/python3.12/site-packages/urllib3/connectionpool.py:1103: InsecureRequestWarning: Unverified HTTPS request is being made to host 'randomuser.me'. Adding certificate verification is strongly advised. See: https://urllib3.readthedocs.io/en/latest/advanced-usage.html#tls-warnings
  warnings.warn(</msg>
<msg time="2024-06-16T04:17:25.939479" level="INFO">${response} = &lt;Response [200]&gt;</msg>
<var>${response}</var>
<arg>consultarAPI</arg>
<arg>/api</arg>
<doc>Sends a GET request on a previously created HTTP Session.</doc>
<status status="PASS" start="2024-06-16T04:17:25.845149" elapsed="0.094384"/>
</kw>
<kw name="Set Variable" owner="BuiltIn">
<msg time="2024-06-16T04:17:25.940774" level="INFO">${json_data} = {'results': [{'gender': 'female', 'name': {'title': 'Ms', 'first': 'Serenity', 'last': 'Peterson'}, 'location': {'street': {'number': 3135, 'name': 'Plum St'}, 'city': 'Concord', 'state': 'Idaho', 'co...</msg>
<var>${json_data}</var>
<arg>${response.json()}</arg>
<doc>Returns the given values which can then be assigned to a variables.</doc>
<status status="PASS" start="2024-06-16T04:17:25.940100" elapsed="0.000704"/>
</kw>
<kw name="Log" owner="BuiltIn">
<msg time="2024-06-16T04:17:25.941304" level="INFO">{'results': [{'gender': 'female', 'name': {'title': 'Ms', 'first': 'Serenity', 'last': 'Peterson'}, 'location': {'street': {'number': 3135, 'name': 'Plum St'}, 'city': 'Concord', 'state': 'Idaho', 'country': 'United States', 'postcode': 40972, 'coordinates': {'latitude': '86.7516', 'longitude': '148.8978'}, 'timezone': {'offset': '-12:00', 'description': 'Eniwetok, Kwajalein'}}, 'email': 'serenity.peterson@example.com', 'login': {'uuid': 'dbb05933-50ed-444a-a4d3-556566c51f13', 'username': 'brownfrog392', 'password': 'soprano', 'salt': 'd4ZsrOxr', 'md5': '178e7c7be9bbce1c7d461dddfad6fef8', 'sha1': '861e19ee40a65bb55305da519449d1e994c75e10', 'sha256': 'd572fe45c9e381f8f4a68bf30d57f2424377e0244d2d4694c9d5b9ab79f36df3'}, 'dob': {'date': '1969-05-28T13:25:37.357Z', 'age': 55}, 'registered': {'date': '2009-05-29T15:20:44.054Z', 'age': 15}, 'phone': '(573) 291-2119', 'cell': '(625) 235-2255', 'id': {'name': 'SSN', 'value': '652-66-1668'}, 'picture': {'large': 'https://randomuser.me/api/portraits/women/38.jpg', 'medium': 'https://randomuser.me/api/portraits/med/women/38.jpg', 'thumbnail': 'https://randomuser.me/api/portraits/thumb/women/38.jpg'}, 'nat': 'US'}], 'info': {'seed': 'c585c81902f41698', 'results': 1, 'page': 1, 'version': '1.4'}}</msg>
<arg>${json_data}</arg>
<doc>Logs the given message with the given level.</doc>
<status status="PASS" start="2024-06-16T04:17:25.941146" elapsed="0.000205"/>
</kw>
<kw name="Should Be String" owner="String">
<arg>${json_data['results'][0]['gender']}</arg>
<doc>Fails if the given ``item`` is not a string.</doc>
<status status="PASS" start="2024-06-16T04:17:25.941649" elapsed="0.000365"/>
</kw>
<kw name="Should Match Regexp" owner="BuiltIn">
<arg>${json_data['results'][0]['email']}</arg>
<arg>^[a-zA-Z0-9._%+-]+@[a-zA-Z0-9.-]+\.[a-zA-Z]{2,}$</arg>
<doc>Fails if ``string`` does not match ``pattern`` as a regular expression.</doc>
<status status="PASS" start="2024-06-16T04:17:25.942248" elapsed="0.000569"/>
</kw>
<kw name="Should Match Regexp" owner="BuiltIn">
<arg>${json_data['results'][0]['dob']['date']}</arg>
<arg>\\d{4}-\\d{2}-\\d{2}T\\d{2}:\\d{2}:\\d{2}\\.\\d{3}Z</arg>
<doc>Fails if ``string`` does not match ``pattern`` as a regular expression.</doc>
<status status="PASS" start="2024-06-16T04:17:25.943026" elapsed="0.000492"/>
</kw>
<kw name="Should Match Regexp" owner="BuiltIn">
<arg>${json_data['results'][0]['registered']['date']}</arg>
<arg>\\d{4}-\\d{2}-\\d{2}T\\d{2}:\\d{2}:\\d{2}\\.\\d{3}Z</arg>
<doc>Fails if ``string`` does not match ``pattern`` as a regular expression.</doc>
<status status="PASS" start="2024-06-16T04:17:25.943721" elapsed="0.000366"/>
</kw>
<kw name="Should Match Regexp" owner="BuiltIn">
<arg>${json_data['results'][0]['picture']['large']}</arg>
<arg>^https?://.*\.(?:png|jpe?g|gif|bmp)$</arg>
<doc>Fails if ``string`` does not match ``pattern`` as a regular expression.</doc>
<status status="PASS" start="2024-06-16T04:17:25.944272" elapsed="0.000460"/>
</kw>
<kw name="Should Match Regexp" owner="BuiltIn">
<arg>${json_data['results'][0]['picture']['medium']}</arg>
<arg>^https?://.*\.(?:png|jpe?g|gif|bmp)$</arg>
<doc>Fails if ``string`` does not match ``pattern`` as a regular expression.</doc>
<status status="PASS" start="2024-06-16T04:17:25.944919" elapsed="0.000357"/>
</kw>
<kw name="Should Match Regexp" owner="BuiltIn">
<arg>${json_data['results'][0]['picture']['thumbnail']}</arg>
<arg>^https?://.*\.(?:png|jpe?g|gif|bmp)$</arg>
<doc>Fails if ``string`` does not match ``pattern`` as a regular expression.</doc>
<status status="PASS" start="2024-06-16T04:17:25.945460" elapsed="0.000344"/>
</kw>
<kw name="Log" owner="BuiltIn">
<msg time="2024-06-16T04:17:25.946312" level="INFO">{'large': 'https://randomuser.me/api/portraits/women/38.jpg', 'medium': 'https://randomuser.me/api/portraits/med/women/38.jpg', 'thumbnail': 'https://randomuser.me/api/portraits/thumb/women/38.jpg'}</msg>
<arg>${json_data['results'][0]['picture']}</arg>
<doc>Logs the given message with the given level.</doc>
<status status="PASS" start="2024-06-16T04:17:25.945984" elapsed="0.000371"/>
</kw>
<status status="PASS" start="2024-06-16T04:17:25.844909" elapsed="0.101723"/>
</kw>
<kw name="Teste de Tipos de Dados - Postcode" owner="random-user-service">
<kw name="GET On Session" owner="RequestsLibrary">
<msg time="2024-06-16T04:17:26.041361" level="INFO">GET Request : url=https://randomuser.me/api 
 path_url=/api 
 headers={'User-Agent': 'python-requests/2.32.3', 'Accept-Encoding': 'gzip, deflate', 'Accept': '*/*', 'Connection': 'keep-alive'} 
 body=None 
 </msg>
<msg time="2024-06-16T04:17:26.041444" level="INFO">GET Response : url=https://randomuser.me/api 
 status=200, reason=OK 
 headers={'Date': 'Sun, 16 Jun 2024 04:17:26 GMT', 'Content-Type': 'application/json; charset=utf-8', 'Transfer-Encoding': 'chunked', 'Connection': 'keep-alive', 'X-Powered-By': 'Express', 'Access-Control-Allow-Origin': '*', 'Cache-Control': 'no-cache', 'ETag': 'W/"49e-Tdd1p6NJZw0GKwp8/jmcGCcTSao"', 'Vary': 'Accept-Encoding', 'Content-Encoding': 'gzip', 'CF-Cache-Status': 'DYNAMIC', 'Report-To': '{"endpoints":[{"url":"https:\\/\\/a.nel.cloudflare.com\\/report\\/v4?s=SvDi077u8FuhYRuJCUdbpdqZEshgLsXJko3kpaN4IP9D%2Bzxq5A%2FzumjGo7Km%2BTivIH9Td4lE3ve2kbUBZtkOYjpYSsU5bijemdgfOicCaOyta1Di%2FZO11pj5wNXeeYMU"}],"group":"cf-nel","max_age":604800}', 'NEL': '{"success_fraction":0,"report_to":"cf-nel","max_age":604800}', 'Server': 'cloudflare', 'CF-RAY': '8947fd7938822519-SJC', 'alt-svc': 'h3=":443"; ma=86400'} 
 body={"results":[{"gender":"male","name":{"title":"Monsieur","first":"Luís","last":"Michel"},"location":{"street":{"number":1942,"name":"Avenue de la Libération"},"city":"Buch am Irchel","state":"Bern","country":"Switzerland","postcode":4872,"coordinates":{"latitude":"-56.4191","longitude":"-23.1741"},"timezone":{"offset":"-7:00","description":"Mountain Time (US &amp; Canada)"}},"email":"luis.michel@example.com","login":{"uuid":"9b33023c-4335-400c-b569-649669218d67","username":"greenmouse447","password":"emilio","salt":"smnucdX7","md5":"ba82ecc68815bf1ac5509a52aaff9f63","sha1":"8877def2b1160433bdf16e4d61af2a6d5864b9fb","sha256":"553ada9eb2527972b0e553f7747ee126bd0977de614cfe9e88496ce5d8dab28a"},"dob":{"date":"1961-05-13T13:22:43.344Z","age":63},"registered":{"date":"2014-10-11T07:11:42.788Z","age":9},"phone":"078 105 84 40","cell":"079 316 76 37","id":{"name":"AVS","value":"756.9981.5353.54"},"picture":{"large":"https://randomuser.me/api/portraits/men/37.jpg","medium":"https://randomuser.me/api/portraits/med/men/37.jpg","thumbnail":"https://randomuser.me/api/portraits/thumb/men/37.jpg"},"nat":"CH"}],"info":{"seed":"260d5200c91a254c","results":1,"page":1,"version":"1.4"}} 
 </msg>
<msg time="2024-06-16T04:17:26.041523" level="INFO">/opt/hostedtoolcache/Python/3.12.3/x64/lib/python3.12/site-packages/urllib3/connectionpool.py:1103: InsecureRequestWarning: Unverified HTTPS request is being made to host 'randomuser.me'. Adding certificate verification is strongly advised. See: https://urllib3.readthedocs.io/en/latest/advanced-usage.html#tls-warnings
  warnings.warn(</msg>
<msg time="2024-06-16T04:17:26.041631" level="INFO">${response} = &lt;Response [200]&gt;</msg>
<var>${response}</var>
<arg>consultarAPI</arg>
<arg>/api</arg>
<doc>Sends a GET request on a previously created HTTP Session.</doc>
<status status="PASS" start="2024-06-16T04:17:25.947092" elapsed="0.094585"/>
</kw>
<kw name="Set Variable" owner="BuiltIn">
<msg time="2024-06-16T04:17:26.042884" level="INFO">${json_data} = {'results': [{'gender': 'male', 'name': {'title': 'Monsieur', 'first': 'Luís', 'last': 'Michel'}, 'location': {'street': {'number': 1942, 'name': 'Avenue de la Libération'}, 'city': 'Buch am Irchel', ...</msg>
<var>${json_data}</var>
<arg>${response.json()}</arg>
<doc>Returns the given values which can then be assigned to a variables.</doc>
<status status="PASS" start="2024-06-16T04:17:26.042220" elapsed="0.000695"/>
</kw>
<kw name="Log" owner="BuiltIn">
<msg time="2024-06-16T04:17:26.043380" level="INFO">{'results': [{'gender': 'male', 'name': {'title': 'Monsieur', 'first': 'Luís', 'last': 'Michel'}, 'location': {'street': {'number': 1942, 'name': 'Avenue de la Libération'}, 'city': 'Buch am Irchel', 'state': 'Bern', 'country': 'Switzerland', 'postcode': 4872, 'coordinates': {'latitude': '-56.4191', 'longitude': '-23.1741'}, 'timezone': {'offset': '-7:00', 'description': 'Mountain Time (US &amp; Canada)'}}, 'email': 'luis.michel@example.com', 'login': {'uuid': '9b33023c-4335-400c-b569-649669218d67', 'username': 'greenmouse447', 'password': 'emilio', 'salt': 'smnucdX7', 'md5': 'ba82ecc68815bf1ac5509a52aaff9f63', 'sha1': '8877def2b1160433bdf16e4d61af2a6d5864b9fb', 'sha256': '553ada9eb2527972b0e553f7747ee126bd0977de614cfe9e88496ce5d8dab28a'}, 'dob': {'date': '1961-05-13T13:22:43.344Z', 'age': 63}, 'registered': {'date': '2014-10-11T07:11:42.788Z', 'age': 9}, 'phone': '078 105 84 40', 'cell': '079 316 76 37', 'id': {'name': 'AVS', 'value': '756.9981.5353.54'}, 'picture': {'large': 'https://randomuser.me/api/portraits/men/37.jpg', 'medium': 'https://randomuser.me/api/portraits/med/men/37.jpg', 'thumbnail': 'https://randomuser.me/api/portraits/thumb/men/37.jpg'}, 'nat': 'CH'}], 'info': {'seed': '260d5200c91a254c', 'results': 1, 'page': 1, 'version': '1.4'}}</msg>
<arg>${json_data}</arg>
<doc>Logs the given message with the given level.</doc>
<status status="PASS" start="2024-06-16T04:17:26.043222" elapsed="0.000210"/>
</kw>
<kw name="Should Be Equal As Numbers" owner="BuiltIn">
<arg>${json_data['results'][0]['location']['postcode']}</arg>
<arg>${json_data['results'][0]['location']['postcode']}</arg>
<doc>Fails if objects are unequal after converting them to real numbers.</doc>
<status status="PASS" start="2024-06-16T04:17:26.043742" elapsed="0.000635"/>
</kw>
<kw name="Log" owner="BuiltIn">
<msg time="2024-06-16T04:17:26.044941" level="INFO">4872</msg>
<arg>${json_data['results'][0]['location']['postcode']}</arg>
<doc>Logs the given message with the given level.</doc>
<status status="PASS" start="2024-06-16T04:17:26.044601" elapsed="0.000381"/>
</kw>
<status status="PASS" start="2024-06-16T04:17:25.946867" elapsed="0.098369"/>
</kw>
<doc>Testa se os tipos de dados na resposta da API estão corretos.</doc>
<tag>testeTiposDados</tag>
<status status="PASS" start="2024-06-16T04:17:25.844284" elapsed="0.201123"/>
</test>
<test id="s1-s1-t5" name="Validar conteudo" line="35">
<kw name="Teste de Tipos de Conteudo" owner="random-user-service">
<kw name="GET On Session" owner="RequestsLibrary">
<msg time="2024-06-16T04:17:26.143164" level="INFO">GET Request : url=https://randomuser.me/api 
 path_url=/api 
 headers={'User-Agent': 'python-requests/2.32.3', 'Accept-Encoding': 'gzip, deflate', 'Accept': '*/*', 'Connection': 'keep-alive'} 
 body=None 
 </msg>
<msg time="2024-06-16T04:17:26.143252" level="INFO">GET Response : url=https://randomuser.me/api 
 status=200, reason=OK 
 headers={'Date': 'Sun, 16 Jun 2024 04:17:26 GMT', 'Content-Type': 'application/json; charset=utf-8', 'Transfer-Encoding': 'chunked', 'Connection': 'keep-alive', 'X-Powered-By': 'Express', 'Access-Control-Allow-Origin': '*', 'Cache-Control': 'no-cache', 'ETag': 'W/"4a7-tJuhNMfwep1kUSiqYxqapShuYNI"', 'Vary': 'Accept-Encoding', 'Content-Encoding': 'gzip', 'CF-Cache-Status': 'DYNAMIC', 'Report-To': '{"endpoints":[{"url":"https:\\/\\/a.nel.cloudflare.com\\/report\\/v4?s=r6i71w15URGCehDRVqpWJzJpEGColVC%2Be%2BNnYA0tPU1KjOY8JxB8LD%2BFl4bQiNBdfmpEANcqmHYBNpTboKJPsbSR91YMpeppDIF5zx8Yw3YbGHtjMMl8ebuC0ppnBjSR"}],"group":"cf-nel","max_age":604800}', 'NEL': '{"success_fraction":0,"report_to":"cf-nel","max_age":604800}', 'Server': 'cloudflare', 'CF-RAY': '8947fd79d90b2519-SJC', 'alt-svc': 'h3=":443"; ma=86400'} 
 body={"results":[{"gender":"female","name":{"title":"Ms","first":"Loane","last":"Carpentier"},"location":{"street":{"number":5869,"name":"Avenue du Château"},"city":"Versailles","state":"Loir-et-Cher","country":"France","postcode":40130,"coordinates":{"latitude":"-15.9535","longitude":"119.1692"},"timezone":{"offset":"+2:00","description":"Kaliningrad, South Africa"}},"email":"loane.carpentier@example.com","login":{"uuid":"92f890f8-5184-4406-9298-ce218b456991","username":"lazyrabbit916","password":"maryann","salt":"dGppbzhk","md5":"b5d5eb73d8328af977e3a8251193ee41","sha1":"8a2cb2b6128ae6304cf33a33eb5584d7c1e4e799","sha256":"87538c016ecd377a4e4fe2b5d50cf23237f412fefd3b17ed4afb3f0d4107e286"},"dob":{"date":"1954-02-21T11:33:49.800Z","age":70},"registered":{"date":"2003-10-26T01:44:43.932Z","age":20},"phone":"04-23-35-51-99","cell":"06-10-23-86-31","id":{"name":"INSEE","value":"2540112796580 34"},"picture":{"large":"https://randomuser.me/api/portraits/women/54.jpg","medium":"https://randomuser.me/api/portraits/med/women/54.jpg","thumbnail":"https://randomuser.me/api/portraits/thumb/women/54.jpg"},"nat":"FR"}],"info":{"seed":"dbaa7696c22753e0","results":1,"page":1,"version":"1.4"}} 
 </msg>
<msg time="2024-06-16T04:17:26.143346" level="INFO">/opt/hostedtoolcache/Python/3.12.3/x64/lib/python3.12/site-packages/urllib3/connectionpool.py:1103: InsecureRequestWarning: Unverified HTTPS request is being made to host 'randomuser.me'. Adding certificate verification is strongly advised. See: https://urllib3.readthedocs.io/en/latest/advanced-usage.html#tls-warnings
  warnings.warn(</msg>
<msg time="2024-06-16T04:17:26.143450" level="INFO">${response} = &lt;Response [200]&gt;</msg>
<var>${response}</var>
<arg>consultarAPI</arg>
<arg>/api</arg>
<doc>Sends a GET request on a previously created HTTP Session.</doc>
<status status="PASS" start="2024-06-16T04:17:26.048119" elapsed="0.095377"/>
</kw>
<kw name="Set Variable" owner="BuiltIn">
<msg time="2024-06-16T04:17:26.144469" level="INFO">${json_data} = {'results': [{'gender': 'female', 'name': {'title': 'Ms', 'first': 'Loane', 'last': 'Carpentier'}, 'location': {'street': {'number': 5869, 'name': 'Avenue du Château'}, 'city': 'Versailles', 'state': ...</msg>
<var>${json_data}</var>
<arg>${response.json()}</arg>
<doc>Returns the given values which can then be assigned to a variables.</doc>
<status status="PASS" start="2024-06-16T04:17:26.143975" elapsed="0.000523"/>
</kw>
<kw name="Set Variable" owner="BuiltIn">
<msg time="2024-06-16T04:17:26.145225" level="INFO">${name_title} = Ms</msg>
<var>${name_title}</var>
<arg>${json_data["results"][0]["name"]["title"]}</arg>
<doc>Returns the given values which can then be assigned to a variables.</doc>
<status status="PASS" start="2024-06-16T04:17:26.144841" elapsed="0.000410"/>
</kw>
<kw name="Create List" owner="BuiltIn">
<msg time="2024-06-16T04:17:26.145710" level="INFO">${allowed_titles} = ['Mr', 'Ms', 'Miss', 'Mrs', 'Madame', 'Monsieur']</msg>
<var>${allowed_titles}</var>
<arg>Mr</arg>
<arg>Ms</arg>
<arg>Miss</arg>
<arg>Mrs</arg>
<arg>Madame</arg>
<arg>Monsieur</arg>
<doc>Returns a list containing given items.</doc>
<status status="PASS" start="2024-06-16T04:17:26.145558" elapsed="0.000176"/>
</kw>
<kw name="List Should Contain Value" owner="Collections">
<arg>${allowed_titles}</arg>
<arg>${name_title}</arg>
<doc>Fails if the ``value`` is not found from ``list``.</doc>
<status status="PASS" start="2024-06-16T04:17:26.146034" elapsed="0.000182"/>
</kw>
<kw name="Set Variable" owner="BuiltIn">
<msg time="2024-06-16T04:17:26.146810" level="INFO">${name_country} = FR</msg>
<var>${name_country}</var>
<arg>${json_data["results"][0]["nat"]}</arg>
<doc>Returns the given values which can then be assigned to a variables.</doc>
<status status="PASS" start="2024-06-16T04:17:26.146397" elapsed="0.000439"/>
</kw>
<kw name="Create List" owner="BuiltIn">
<msg time="2024-06-16T04:17:26.147740" level="INFO">${list_country} = ['AD', 'AE', 'AF', 'AG', 'AI', 'AL', 'AM', 'AO', 'AQ', 'AR', 'AS', 'AT', 'AU', 'AW', 'AX', 'AZ', 'BA', 'BB', 'BD', 'BE', 'BF', 'BG', 'BH', 'BI', 'BJ', 'BL', 'BM', 'BN', 'BO', 'BQ', 'BR', 'BS', 'BT', '...</msg>
<var>${list_country}</var>
<arg>AD</arg>
<arg>AE</arg>
<arg>AF</arg>
<arg>AG</arg>
<arg>AI</arg>
<arg>AL</arg>
<arg>AM</arg>
<arg>AO</arg>
<arg>AQ</arg>
<arg>AR</arg>
<arg>AS</arg>
<arg>AT</arg>
<arg>AU</arg>
<arg>AW</arg>
<arg>AX</arg>
<arg>AZ</arg>
<arg>BA</arg>
<arg>BB</arg>
<arg>BD</arg>
<arg>BE</arg>
<arg>BF</arg>
<arg>BG</arg>
<arg>BH</arg>
<arg>BI</arg>
<arg>BJ</arg>
<arg>BL</arg>
<arg>BM</arg>
<arg>BN</arg>
<arg>BO</arg>
<arg>BQ</arg>
<arg>BR</arg>
<arg>BS</arg>
<arg>BT</arg>
<arg>BV</arg>
<arg>BW</arg>
<arg>BY</arg>
<arg>BZ</arg>
<arg>CA</arg>
<arg>CC</arg>
<arg>CD</arg>
<arg>CF</arg>
<arg>CG</arg>
<arg>CH</arg>
<arg>CI</arg>
<arg>CK</arg>
<arg>CL</arg>
<arg>CM</arg>
<arg>CN</arg>
<arg>CO</arg>
<arg>CR</arg>
<arg>CU</arg>
<arg>CV</arg>
<arg>CW</arg>
<arg>CX</arg>
<arg>CY</arg>
<arg>CZ</arg>
<arg>DE</arg>
<arg>DJ</arg>
<arg>DK</arg>
<arg>DM</arg>
<arg>DO</arg>
<arg>DZ</arg>
<arg>EC</arg>
<arg>EE</arg>
<arg>EG</arg>
<arg>EH</arg>
<arg>ER</arg>
<arg>ES</arg>
<arg>ET</arg>
<arg>FI</arg>
<arg>FJ</arg>
<arg>FK</arg>
<arg>FM</arg>
<arg>FO</arg>
<arg>FR</arg>
<arg>GA</arg>
<arg>GB</arg>
<arg>GD</arg>
<arg>GE</arg>
<arg>GF</arg>
<arg>GG</arg>
<arg>GH</arg>
<arg>GI</arg>
<arg>GL</arg>
<arg>GM</arg>
<arg>GN</arg>
<arg>GP</arg>
<arg>GQ</arg>
<arg>GR</arg>
<arg>GS</arg>
<arg>GT</arg>
<arg>GU</arg>
<arg>GW</arg>
<arg>GY</arg>
<arg>HK</arg>
<arg>HM</arg>
<arg>HN</arg>
<arg>HR</arg>
<arg>HT</arg>
<arg>HU</arg>
<arg>ID</arg>
<arg>IE</arg>
<arg>IL</arg>
<arg>IM</arg>
<arg>IN</arg>
<arg>IO</arg>
<arg>IQ</arg>
<arg>IR</arg>
<arg>IS</arg>
<arg>IT</arg>
<arg>JE</arg>
<arg>JM</arg>
<arg>JO</arg>
<arg>JP</arg>
<arg>KE</arg>
<arg>KG</arg>
<arg>KH</arg>
<arg>KI</arg>
<arg>KM</arg>
<arg>KN</arg>
<arg>KP</arg>
<arg>KR</arg>
<arg>KW</arg>
<arg>KY</arg>
<arg>KZ</arg>
<arg>LA</arg>
<arg>LB</arg>
<arg>LC</arg>
<arg>LI</arg>
<arg>LK</arg>
<arg>LR</arg>
<arg>LS</arg>
<arg>LT</arg>
<arg>LU</arg>
<arg>LV</arg>
<arg>LY</arg>
<arg>MA</arg>
<arg>MC</arg>
<arg>MD</arg>
<arg>ME</arg>
<arg>MF</arg>
<arg>MG</arg>
<arg>MH</arg>
<arg>MK</arg>
<arg>ML</arg>
<arg>MM</arg>
<arg>MN</arg>
<arg>MO</arg>
<arg>MP</arg>
<arg>MQ</arg>
<arg>MR</arg>
<arg>MS</arg>
<arg>MT</arg>
<arg>MU</arg>
<arg>MV</arg>
<arg>MW</arg>
<arg>MX</arg>
<arg>MY</arg>
<arg>MZ</arg>
<arg>NA</arg>
<arg>NC</arg>
<arg>NE</arg>
<arg>NF</arg>
<arg>NG</arg>
<arg>NI</arg>
<arg>NL</arg>
<arg>NO</arg>
<arg>NP</arg>
<arg>NR</arg>
<arg>NU</arg>
<arg>NZ</arg>
<arg>OM</arg>
<arg>PA</arg>
<arg>PE</arg>
<arg>PF</arg>
<arg>PG</arg>
<arg>PH</arg>
<arg>PK</arg>
<arg>PL</arg>
<arg>PM</arg>
<arg>PN</arg>
<arg>PR</arg>
<arg>PS</arg>
<arg>PT</arg>
<arg>PW</arg>
<arg>PY</arg>
<arg>QA</arg>
<arg>RE</arg>
<arg>RO</arg>
<arg>RS</arg>
<arg>RU</arg>
<arg>RW</arg>
<arg>SA</arg>
<arg>SB</arg>
<arg>SC</arg>
<arg>SD</arg>
<arg>SE</arg>
<arg>SG</arg>
<arg>SH</arg>
<arg>SI</arg>
<arg>SJ</arg>
<arg>SK</arg>
<arg>SL</arg>
<arg>SM</arg>
<arg>SN</arg>
<arg>SO</arg>
<arg>SR</arg>
<arg>SS</arg>
<arg>ST</arg>
<arg>SV</arg>
<arg>SX</arg>
<arg>SY</arg>
<arg>SZ</arg>
<arg>TC</arg>
<arg>TD</arg>
<arg>TF</arg>
<arg>TG</arg>
<arg>TH</arg>
<arg>TJ</arg>
<arg>TK</arg>
<arg>TL</arg>
<arg>TM</arg>
<arg>TN</arg>
<arg>TO</arg>
<arg>TR</arg>
<arg>TT</arg>
<arg>TV</arg>
<arg>TW</arg>
<arg>TZ</arg>
<arg>UA</arg>
<arg>UG</arg>
<arg>UM</arg>
<arg>US</arg>
<arg>UY</arg>
<arg>UZ</arg>
<arg>VA</arg>
<arg>VC</arg>
<arg>VE</arg>
<arg>VG</arg>
<arg>VI</arg>
<arg>VN</arg>
<arg>VU</arg>
<arg>WF</arg>
<arg>WS</arg>
<arg>XK</arg>
<arg>YE</arg>
<arg>YT</arg>
<arg>ZA</arg>
<arg>ZM</arg>
<arg>ZW</arg>
<doc>Returns a list containing given items.</doc>
<status status="PASS" start="2024-06-16T04:17:26.147144" elapsed="0.000622"/>
</kw>
<kw name="List Should Contain Value" owner="Collections">
<arg>${list_country}</arg>
<arg>${name_country}</arg>
<doc>Fails if the ``value`` is not found from ``list``.</doc>
<status status="PASS" start="2024-06-16T04:17:26.148560" elapsed="0.000220"/>
</kw>
<kw name="Run Keyword If" owner="BuiltIn">
<kw name="Should Be True" owner="BuiltIn">
<arg>${True}</arg>
<doc>Fails if the given condition is not true.</doc>
<status status="PASS" start="2024-06-16T04:17:26.149806" elapsed="0.000176"/>
</kw>
<arg>${json_data["results"][0]["location"]["coordinates"]["latitude"]} &gt;= -90 and ${json_data["results"][0]["location"]["coordinates"]["latitude"]} &lt;= 90</arg>
<arg>Should Be True</arg>
<arg>${True}</arg>
<doc>Runs the given keyword with the given arguments, if ``condition`` is true.</doc>
<status status="PASS" start="2024-06-16T04:17:26.148989" elapsed="0.001155"/>
</kw>
<kw name="Run Keyword If" owner="BuiltIn">
<kw name="Should Be True" owner="BuiltIn">
<arg>${True}</arg>
<doc>Fails if the given condition is not true.</doc>
<status status="PASS" start="2024-06-16T04:17:26.151120" elapsed="0.000147"/>
</kw>
<arg>${json_data["results"][0]["location"]["coordinates"]["longitude"]} &gt;= -180 and ${json_data["results"][0]["location"]["coordinates"]["longitude"]} &lt;= 180</arg>
<arg>Should Be True</arg>
<arg>${True}</arg>
<doc>Runs the given keyword with the given arguments, if ``condition`` is true.</doc>
<status status="PASS" start="2024-06-16T04:17:26.150348" elapsed="0.001044"/>
</kw>
<status status="PASS" start="2024-06-16T04:17:26.047747" elapsed="0.103783"/>
</kw>
<doc>Testa o conteúdo específico dos campos retornados pela API.</doc>
<tag>testeConteudo</tag>
<status status="PASS" start="2024-06-16T04:17:26.047200" elapsed="0.104490"/>
</test>
<status status="PASS" start="2024-06-16T04:17:25.262058" elapsed="0.891587"/>
</suite>
<status status="PASS" start="2024-06-16T04:17:25.248758" elapsed="0.910088"/>
</suite>
<statistics>
<total>
<stat pass="5" fail="0" skip="0">All Tests</stat>
</total>
<tag>
<stat pass="1" fail="0" skip="0">testeConteudo</stat>
<stat pass="1" fail="0" skip="0">testeEstruturaResposta</stat>
<stat pass="1" fail="0" skip="0">testeRequisicaoBasica</stat>
<stat pass="1" fail="0" skip="0">testeTiposDados</stat>
</tag>
<suite>
<stat pass="5" fail="0" skip="0" id="s1" name="Tests">Tests</stat>
<stat pass="5" fail="0" skip="0" id="s1-s1" name="Random-User-Test">Tests.Random-User-Test</stat>
</suite>
</statistics>
<errors>
</errors>
</robot>
