<?xml version="1.0" encoding="UTF-8"?>
<robot generator="Robot 7.0 (Python 3.12.3 on linux)" generated="2024-06-01T15:14:04.910005" rpa="false" schemaversion="5">
<suite id="s1" name="Tests" source="/home/runner/work/ApiRandomUser/ApiRandomUser/RamdonUser/tests">
<suite id="s1-s1" name="Random-User-Test" source="/home/runner/work/ApiRandomUser/ApiRandomUser/RamdonUser/tests/random-user-test.robot">
<test id="s1-s1-t1" name="Conectar" line="13">
<kw name="Conectar API" owner="random-user-service">
<kw name="Create Session" owner="RequestsLibrary">
<msg time="2024-06-01T15:14:05.303521" level="INFO">Creating Session using : alias=consultarAPI, url=https://randomuser.me/, headers={},                     cookies={}, auth=None, timeout=None, proxies=None, verify=False,                     debug=0 </msg>
<arg>consultarAPI</arg>
<arg>${URL}</arg>
<doc>Create Session: create a HTTP session to a server</doc>
<status status="PASS" start="2024-06-01T15:14:05.303314" elapsed="0.000388"/>
</kw>
<status status="PASS" start="2024-06-01T15:14:05.302249" elapsed="0.001820"/>
</kw>
<status status="PASS" start="2024-06-01T15:14:05.301616" elapsed="0.002647"/>
</test>
<test id="s1-s1-t2" name="Validar retorno 200 e JSON Válido" line="16">
<kw name="Teste de Requisicao Basica" owner="random-user-service">
<kw name="GET On Session" owner="RequestsLibrary">
<msg time="2024-06-01T15:14:05.410891" level="INFO">GET Request : url=https://randomuser.me/api 
 path_url=/api 
 headers={'User-Agent': 'python-requests/2.32.3', 'Accept-Encoding': 'gzip, deflate', 'Accept': '*/*', 'Connection': 'keep-alive'} 
 body=None 
 </msg>
<msg time="2024-06-01T15:14:05.411051" level="INFO">GET Response : url=https://randomuser.me/api 
 status=200, reason=OK 
 headers={'Date': 'Sat, 01 Jun 2024 15:14:05 GMT', 'Content-Type': 'application/json; charset=utf-8', 'Transfer-Encoding': 'chunked', 'Connection': 'keep-alive', 'X-Powered-By': 'Express', 'Access-Control-Allow-Origin': '*', 'Cache-Control': 'no-cache', 'ETag': 'W/"47f-eM679ZD+0+JozN9yXLrDs9Pfr9k"', 'Vary': 'Accept-Encoding', 'Content-Encoding': 'gzip', 'CF-Cache-Status': 'DYNAMIC', 'Report-To': '{"endpoints":[{"url":"https:\\/\\/a.nel.cloudflare.com\\/report\\/v4?s=86hfynGVJ6ZNv%2BlLw9uRHWBa5CsHpgiUVaSHTKLWLse3LaUoTcUJNo733SNM1bC7KB7cbJOFj9maO8rtRIaoOrtJ3Mr4oNEWKlcX%2BaXkzXuw9EiWvxJkCO9yQC0u1Gt%2F"}],"group":"cf-nel","max_age":604800}', 'NEL': '{"success_fraction":0,"report_to":"cf-nel","max_age":604800}', 'Server': 'cloudflare', 'CF-RAY': '88d026bf597e96b9-SJC', 'alt-svc': 'h3=":443"; ma=86400'} 
 body={"results":[{"gender":"male","name":{"title":"Mr","first":"Allen","last":"Vargas"},"location":{"street":{"number":5527,"name":"Shady Ln Dr"},"city":"Bendigo","state":"Western Australia","country":"Australia","postcode":5193,"coordinates":{"latitude":"-88.5668","longitude":"-176.6905"},"timezone":{"offset":"-12:00","description":"Eniwetok, Kwajalein"}},"email":"allen.vargas@example.com","login":{"uuid":"0e08b2eb-bc77-4216-94a6-18fef64ec375","username":"redkoala197","password":"danzig","salt":"TVEBkfy2","md5":"cb22c47405e0ec6c183b5c4bfc01255b","sha1":"52f66657e5362301653046e5a8f1a405045be6aa","sha256":"df01e69c15a4b1d276fb50aa6fb61d80a4628fea61c5e5e77985fa1015756400"},"dob":{"date":"1973-08-23T16:16:23.420Z","age":50},"registered":{"date":"2021-07-30T23:19:09.643Z","age":2},"phone":"09-4297-2431","cell":"0423-997-771","id":{"name":"TFN","value":"367331697"},"picture":{"large":"https://randomuser.me/api/portraits/men/92.jpg","medium":"https://randomuser.me/api/portraits/med/men/92.jpg","thumbnail":"https://randomuser.me/api/portraits/thumb/men/92.jpg"},"nat":"AU"}],"info":{"seed":"acfdb275ddd3f845","results":1,"page":1,"version":"1.4"}} 
 </msg>
<msg time="2024-06-01T15:14:05.411128" level="INFO">/opt/hostedtoolcache/Python/3.12.3/x64/lib/python3.12/site-packages/urllib3/connectionpool.py:1103: InsecureRequestWarning: Unverified HTTPS request is being made to host 'randomuser.me'. Adding certificate verification is strongly advised. See: https://urllib3.readthedocs.io/en/latest/advanced-usage.html#tls-warnings
  warnings.warn(</msg>
<msg time="2024-06-01T15:14:05.411273" level="INFO">${response} = &lt;Response [200]&gt;</msg>
<var>${response}</var>
<arg>consultarAPI</arg>
<arg>/api</arg>
<doc>Sends a GET request on a previously created HTTP Session.</doc>
<status status="PASS" start="2024-06-01T15:14:05.306976" elapsed="0.104337"/>
</kw>
<kw name="Should Be Equal As Numbers" owner="BuiltIn">
<msg time="2024-06-01T15:14:05.412387" level="INFO">Argument types are:
&lt;class 'int'&gt;
&lt;class 'str'&gt;</msg>
<arg>${response.status_code}</arg>
<arg>200</arg>
<doc>Fails if objects are unequal after converting them to real numbers.</doc>
<status status="PASS" start="2024-06-01T15:14:05.411915" elapsed="0.000537"/>
</kw>
<kw name="Log" owner="BuiltIn">
<msg time="2024-06-01T15:14:05.413175" level="INFO">200</msg>
<arg>${response.status_code}</arg>
<doc>Logs the given message with the given level.</doc>
<status status="PASS" start="2024-06-01T15:14:05.412829" elapsed="0.000394"/>
</kw>
<kw name="Set Variable" owner="BuiltIn">
<msg time="2024-06-01T15:14:05.413959" level="INFO">${json_data} = {'results': [{'gender': 'male', 'name': {'title': 'Mr', 'first': 'Allen', 'last': 'Vargas'}, 'location': {'street': {'number': 5527, 'name': 'Shady Ln Dr'}, 'city': 'Bendigo', 'state': 'Western Austra...</msg>
<var>${json_data}</var>
<arg>${response.json()}</arg>
<doc>Returns the given values which can then be assigned to a variables.</doc>
<status status="PASS" start="2024-06-01T15:14:05.413527" elapsed="0.000462"/>
</kw>
<kw name="Dictionary Should Contain Key" owner="Collections">
<msg time="2024-06-01T15:14:05.414461" level="INFO">False</msg>
<arg>${json_data}</arg>
<arg>results</arg>
<doc>Fails if ``key`` is not found from ``dictionary``.</doc>
<status status="PASS" start="2024-06-01T15:14:05.414287" elapsed="0.000362"/>
</kw>
<status status="PASS" start="2024-06-01T15:14:05.306724" elapsed="0.108187"/>
</kw>
<doc>Testa se a API responde corretamente e retorna um objeto JSON válido.</doc>
<tag>testeRequisicaoBasica</tag>
<status status="PASS" start="2024-06-01T15:14:05.306166" elapsed="0.108926"/>
</test>
<test id="s1-s1-t3" name="Validar estrutura de resposta" line="22">
<kw name="Teste de Estrutura de Resposta" owner="random-user-service">
<kw name="GET On Session" owner="RequestsLibrary">
<msg time="2024-06-01T15:14:05.519516" level="INFO">GET Request : url=https://randomuser.me/api 
 path_url=/api 
 headers={'User-Agent': 'python-requests/2.32.3', 'Accept-Encoding': 'gzip, deflate', 'Accept': '*/*', 'Connection': 'keep-alive'} 
 body=None 
 </msg>
<msg time="2024-06-01T15:14:05.519598" level="INFO">GET Response : url=https://randomuser.me/api 
 status=200, reason=OK 
 headers={'Date': 'Sat, 01 Jun 2024 15:14:05 GMT', 'Content-Type': 'application/json; charset=utf-8', 'Transfer-Encoding': 'chunked', 'Connection': 'keep-alive', 'X-Powered-By': 'Express', 'Access-Control-Allow-Origin': '*', 'Cache-Control': 'no-cache', 'ETag': 'W/"48a-auXbquowP1iLMP2VGf6uKniLw6Q"', 'Vary': 'Accept-Encoding', 'Content-Encoding': 'gzip', 'CF-Cache-Status': 'DYNAMIC', 'Report-To': '{"endpoints":[{"url":"https:\\/\\/a.nel.cloudflare.com\\/report\\/v4?s=vs6hZ54vL%2BJM9FjdUuLtrIl%2F3tyOhmUTeipUkmH79QzMYcAQIm%2B6Dsvsf%2Bm71OQXbucec%2BG0o199lB0tjAuVa36dAsCfWbbCC5K7Lnc0BKK8FmXV%2BV0FAzIgNAF5saXN"}],"group":"cf-nel","max_age":604800}', 'NEL': '{"success_fraction":0,"report_to":"cf-nel","max_age":604800}', 'Server': 'cloudflare', 'CF-RAY': '88d026bfea2496b9-SJC', 'alt-svc': 'h3=":443"; ma=86400'} 
 body={"results":[{"gender":"female","name":{"title":"Mrs","first":"Mary","last":"Ray"},"location":{"street":{"number":8939,"name":"High Street"},"city":"Durham","state":"Central","country":"United Kingdom","postcode":"G02 1ED","coordinates":{"latitude":"-10.6071","longitude":"93.7758"},"timezone":{"offset":"-1:00","description":"Azores, Cape Verde Islands"}},"email":"mary.ray@example.com","login":{"uuid":"ab86e441-95cc-4a4b-a6ca-acf7454687fc","username":"redostrich788","password":"rough","salt":"uXVPrUyx","md5":"604d7211c8d8fd777e55df41115aad82","sha1":"f8588a1d3112f01065d76fdae3e101ad957a8ba4","sha256":"144ad4800232fbc78bb1119bed027d240090531e8ce7ba65fb85968a7712da1f"},"dob":{"date":"2000-03-17T18:48:07.817Z","age":24},"registered":{"date":"2011-12-15T10:59:25.824Z","age":12},"phone":"016977 62642","cell":"07956 519881","id":{"name":"NINO","value":"ML 12 21 32 N"},"picture":{"large":"https://randomuser.me/api/portraits/women/28.jpg","medium":"https://randomuser.me/api/portraits/med/women/28.jpg","thumbnail":"https://randomuser.me/api/portraits/thumb/women/28.jpg"},"nat":"GB"}],"info":{"seed":"e8018e4ad6d2d740","results":1,"page":1,"version":"1.4"}} 
 </msg>
<msg time="2024-06-01T15:14:05.519710" level="INFO">/opt/hostedtoolcache/Python/3.12.3/x64/lib/python3.12/site-packages/urllib3/connectionpool.py:1103: InsecureRequestWarning: Unverified HTTPS request is being made to host 'randomuser.me'. Adding certificate verification is strongly advised. See: https://urllib3.readthedocs.io/en/latest/advanced-usage.html#tls-warnings
  warnings.warn(</msg>
<msg time="2024-06-01T15:14:05.519835" level="INFO">${response} = &lt;Response [200]&gt;</msg>
<var>${response}</var>
<arg>consultarAPI</arg>
<arg>/api</arg>
<doc>Sends a GET request on a previously created HTTP Session.</doc>
<status status="PASS" start="2024-06-01T15:14:05.417653" elapsed="0.102232"/>
</kw>
<kw name="Set Variable" owner="BuiltIn">
<msg time="2024-06-01T15:14:05.520808" level="INFO">${json_data} = {'results': [{'gender': 'female', 'name': {'title': 'Mrs', 'first': 'Mary', 'last': 'Ray'}, 'location': {'street': {'number': 8939, 'name': 'High Street'}, 'city': 'Durham', 'state': 'Central', 'count...</msg>
<var>${json_data}</var>
<arg>${response.json()}</arg>
<doc>Returns the given values which can then be assigned to a variables.</doc>
<status status="PASS" start="2024-06-01T15:14:05.520312" elapsed="0.000526"/>
</kw>
<kw name="Log" owner="BuiltIn">
<msg time="2024-06-01T15:14:05.521301" level="INFO">{'results': [{'gender': 'female', 'name': {'title': 'Mrs', 'first': 'Mary', 'last': 'Ray'}, 'location': {'street': {'number': 8939, 'name': 'High Street'}, 'city': 'Durham', 'state': 'Central', 'country': 'United Kingdom', 'postcode': 'G02 1ED', 'coordinates': {'latitude': '-10.6071', 'longitude': '93.7758'}, 'timezone': {'offset': '-1:00', 'description': 'Azores, Cape Verde Islands'}}, 'email': 'mary.ray@example.com', 'login': {'uuid': 'ab86e441-95cc-4a4b-a6ca-acf7454687fc', 'username': 'redostrich788', 'password': 'rough', 'salt': 'uXVPrUyx', 'md5': '604d7211c8d8fd777e55df41115aad82', 'sha1': 'f8588a1d3112f01065d76fdae3e101ad957a8ba4', 'sha256': '144ad4800232fbc78bb1119bed027d240090531e8ce7ba65fb85968a7712da1f'}, 'dob': {'date': '2000-03-17T18:48:07.817Z', 'age': 24}, 'registered': {'date': '2011-12-15T10:59:25.824Z', 'age': 12}, 'phone': '016977 62642', 'cell': '07956 519881', 'id': {'name': 'NINO', 'value': 'ML 12 21 32 N'}, 'picture': {'large': 'https://randomuser.me/api/portraits/women/28.jpg', 'medium': 'https://randomuser.me/api/portraits/med/women/28.jpg', 'thumbnail': 'https://randomuser.me/api/portraits/thumb/women/28.jpg'}, 'nat': 'GB'}], 'info': {'seed': 'e8018e4ad6d2d740', 'results': 1, 'page': 1, 'version': '1.4'}}</msg>
<arg>${json_data}</arg>
<doc>Logs the given message with the given level.</doc>
<status status="PASS" start="2024-06-01T15:14:05.521145" elapsed="0.000203"/>
</kw>
<kw name="Dictionary Should Contain Key" owner="Collections">
<msg time="2024-06-01T15:14:05.521791" level="INFO">False</msg>
<arg>${json_data}</arg>
<arg>results</arg>
<doc>Fails if ``key`` is not found from ``dictionary``.</doc>
<status status="PASS" start="2024-06-01T15:14:05.521639" elapsed="0.000188"/>
</kw>
<kw name="Should Not Be Empty" owner="BuiltIn">
<msg time="2024-06-01T15:14:05.522268" level="INFO">Length is 2.</msg>
<arg>${json_data}</arg>
<doc>Verifies that the given item is not empty.</doc>
<status status="PASS" start="2024-06-01T15:14:05.522133" elapsed="0.000174"/>
</kw>
<kw name="Create List" owner="BuiltIn">
<msg time="2024-06-01T15:14:05.522741" level="INFO">${expected_keys} = ['gender', 'name', 'location', 'email', 'login']</msg>
<var>${expected_keys}</var>
<arg>gender</arg>
<arg>name</arg>
<arg>location</arg>
<arg>email</arg>
<arg>login</arg>
<doc>Returns a list containing given items.</doc>
<status status="PASS" start="2024-06-01T15:14:05.522596" elapsed="0.000169"/>
</kw>
<for flavor="IN">
<iter>
<kw name="Dictionary Should Contain Key" owner="Collections">
<msg time="2024-06-01T15:14:05.523738" level="INFO">False</msg>
<arg>${json_data['results'][0]}</arg>
<arg>${key}</arg>
<doc>Fails if ``key`` is not found from ``dictionary``.</doc>
<status status="PASS" start="2024-06-01T15:14:05.523333" elapsed="0.000449"/>
</kw>
<kw name="Log" owner="BuiltIn">
<msg time="2024-06-01T15:14:05.524446" level="INFO">{'gender': 'female', 'name': {'title': 'Mrs', 'first': 'Mary', 'last': 'Ray'}, 'location': {'street': {'number': 8939, 'name': 'High Street'}, 'city': 'Durham', 'state': 'Central', 'country': 'United Kingdom', 'postcode': 'G02 1ED', 'coordinates': {'latitude': '-10.6071', 'longitude': '93.7758'}, 'timezone': {'offset': '-1:00', 'description': 'Azores, Cape Verde Islands'}}, 'email': 'mary.ray@example.com', 'login': {'uuid': 'ab86e441-95cc-4a4b-a6ca-acf7454687fc', 'username': 'redostrich788', 'password': 'rough', 'salt': 'uXVPrUyx', 'md5': '604d7211c8d8fd777e55df41115aad82', 'sha1': 'f8588a1d3112f01065d76fdae3e101ad957a8ba4', 'sha256': '144ad4800232fbc78bb1119bed027d240090531e8ce7ba65fb85968a7712da1f'}, 'dob': {'date': '2000-03-17T18:48:07.817Z', 'age': 24}, 'registered': {'date': '2011-12-15T10:59:25.824Z', 'age': 12}, 'phone': '016977 62642', 'cell': '07956 519881', 'id': {'name': 'NINO', 'value': 'ML 12 21 32 N'}, 'picture': {'large': 'https://randomuser.me/api/portraits/women/28.jpg', 'medium': 'https://randomuser.me/api/portraits/med/women/28.jpg', 'thumbnail': 'https://randomuser.me/api/portraits/thumb/women/28.jpg'}, 'nat': 'GB'}</msg>
<arg>${json_data['results'][0]}</arg>
<doc>Logs the given message with the given level.</doc>
<status status="PASS" start="2024-06-01T15:14:05.524084" elapsed="0.000411"/>
</kw>
<kw name="Log" owner="BuiltIn">
<msg time="2024-06-01T15:14:05.524950" level="INFO">gender</msg>
<arg>${key}</arg>
<doc>Logs the given message with the given level.</doc>
<status status="PASS" start="2024-06-01T15:14:05.524821" elapsed="0.000165"/>
</kw>
<var name="${key}">gender</var>
<status status="PASS" start="2024-06-01T15:14:05.523206" elapsed="0.001995"/>
</iter>
<iter>
<kw name="Dictionary Should Contain Key" owner="Collections">
<msg time="2024-06-01T15:14:05.525877" level="INFO">False</msg>
<arg>${json_data['results'][0]}</arg>
<arg>${key}</arg>
<doc>Fails if ``key`` is not found from ``dictionary``.</doc>
<status status="PASS" start="2024-06-01T15:14:05.525500" elapsed="0.000415"/>
</kw>
<kw name="Log" owner="BuiltIn">
<msg time="2024-06-01T15:14:05.526594" level="INFO">{'gender': 'female', 'name': {'title': 'Mrs', 'first': 'Mary', 'last': 'Ray'}, 'location': {'street': {'number': 8939, 'name': 'High Street'}, 'city': 'Durham', 'state': 'Central', 'country': 'United Kingdom', 'postcode': 'G02 1ED', 'coordinates': {'latitude': '-10.6071', 'longitude': '93.7758'}, 'timezone': {'offset': '-1:00', 'description': 'Azores, Cape Verde Islands'}}, 'email': 'mary.ray@example.com', 'login': {'uuid': 'ab86e441-95cc-4a4b-a6ca-acf7454687fc', 'username': 'redostrich788', 'password': 'rough', 'salt': 'uXVPrUyx', 'md5': '604d7211c8d8fd777e55df41115aad82', 'sha1': 'f8588a1d3112f01065d76fdae3e101ad957a8ba4', 'sha256': '144ad4800232fbc78bb1119bed027d240090531e8ce7ba65fb85968a7712da1f'}, 'dob': {'date': '2000-03-17T18:48:07.817Z', 'age': 24}, 'registered': {'date': '2011-12-15T10:59:25.824Z', 'age': 12}, 'phone': '016977 62642', 'cell': '07956 519881', 'id': {'name': 'NINO', 'value': 'ML 12 21 32 N'}, 'picture': {'large': 'https://randomuser.me/api/portraits/women/28.jpg', 'medium': 'https://randomuser.me/api/portraits/med/women/28.jpg', 'thumbnail': 'https://randomuser.me/api/portraits/thumb/women/28.jpg'}, 'nat': 'GB'}</msg>
<arg>${json_data['results'][0]}</arg>
<doc>Logs the given message with the given level.</doc>
<status status="PASS" start="2024-06-01T15:14:05.526236" elapsed="0.000405"/>
</kw>
<kw name="Log" owner="BuiltIn">
<msg time="2024-06-01T15:14:05.527062" level="INFO">name</msg>
<arg>${key}</arg>
<doc>Logs the given message with the given level.</doc>
<status status="PASS" start="2024-06-01T15:14:05.526935" elapsed="0.000163"/>
</kw>
<var name="${key}">name</var>
<status status="PASS" start="2024-06-01T15:14:05.525385" elapsed="0.001930"/>
</iter>
<iter>
<kw name="Dictionary Should Contain Key" owner="Collections">
<msg time="2024-06-01T15:14:05.527976" level="INFO">False</msg>
<arg>${json_data['results'][0]}</arg>
<arg>${key}</arg>
<doc>Fails if ``key`` is not found from ``dictionary``.</doc>
<status status="PASS" start="2024-06-01T15:14:05.527604" elapsed="0.000410"/>
</kw>
<kw name="Log" owner="BuiltIn">
<msg time="2024-06-01T15:14:05.528718" level="INFO">{'gender': 'female', 'name': {'title': 'Mrs', 'first': 'Mary', 'last': 'Ray'}, 'location': {'street': {'number': 8939, 'name': 'High Street'}, 'city': 'Durham', 'state': 'Central', 'country': 'United Kingdom', 'postcode': 'G02 1ED', 'coordinates': {'latitude': '-10.6071', 'longitude': '93.7758'}, 'timezone': {'offset': '-1:00', 'description': 'Azores, Cape Verde Islands'}}, 'email': 'mary.ray@example.com', 'login': {'uuid': 'ab86e441-95cc-4a4b-a6ca-acf7454687fc', 'username': 'redostrich788', 'password': 'rough', 'salt': 'uXVPrUyx', 'md5': '604d7211c8d8fd777e55df41115aad82', 'sha1': 'f8588a1d3112f01065d76fdae3e101ad957a8ba4', 'sha256': '144ad4800232fbc78bb1119bed027d240090531e8ce7ba65fb85968a7712da1f'}, 'dob': {'date': '2000-03-17T18:48:07.817Z', 'age': 24}, 'registered': {'date': '2011-12-15T10:59:25.824Z', 'age': 12}, 'phone': '016977 62642', 'cell': '07956 519881', 'id': {'name': 'NINO', 'value': 'ML 12 21 32 N'}, 'picture': {'large': 'https://randomuser.me/api/portraits/women/28.jpg', 'medium': 'https://randomuser.me/api/portraits/med/women/28.jpg', 'thumbnail': 'https://randomuser.me/api/portraits/thumb/women/28.jpg'}, 'nat': 'GB'}</msg>
<arg>${json_data['results'][0]}</arg>
<doc>Logs the given message with the given level.</doc>
<status status="PASS" start="2024-06-01T15:14:05.528318" elapsed="0.000448"/>
</kw>
<kw name="Log" owner="BuiltIn">
<msg time="2024-06-01T15:14:05.529196" level="INFO">location</msg>
<arg>${key}</arg>
<doc>Logs the given message with the given level.</doc>
<status status="PASS" start="2024-06-01T15:14:05.529067" elapsed="0.000168"/>
</kw>
<var name="${key}">location</var>
<status status="PASS" start="2024-06-01T15:14:05.527492" elapsed="0.001957"/>
</iter>
<iter>
<kw name="Dictionary Should Contain Key" owner="Collections">
<msg time="2024-06-01T15:14:05.530225" level="INFO">False</msg>
<arg>${json_data['results'][0]}</arg>
<arg>${key}</arg>
<doc>Fails if ``key`` is not found from ``dictionary``.</doc>
<status status="PASS" start="2024-06-01T15:14:05.529741" elapsed="0.000523"/>
</kw>
<kw name="Log" owner="BuiltIn">
<msg time="2024-06-01T15:14:05.530923" level="INFO">{'gender': 'female', 'name': {'title': 'Mrs', 'first': 'Mary', 'last': 'Ray'}, 'location': {'street': {'number': 8939, 'name': 'High Street'}, 'city': 'Durham', 'state': 'Central', 'country': 'United Kingdom', 'postcode': 'G02 1ED', 'coordinates': {'latitude': '-10.6071', 'longitude': '93.7758'}, 'timezone': {'offset': '-1:00', 'description': 'Azores, Cape Verde Islands'}}, 'email': 'mary.ray@example.com', 'login': {'uuid': 'ab86e441-95cc-4a4b-a6ca-acf7454687fc', 'username': 'redostrich788', 'password': 'rough', 'salt': 'uXVPrUyx', 'md5': '604d7211c8d8fd777e55df41115aad82', 'sha1': 'f8588a1d3112f01065d76fdae3e101ad957a8ba4', 'sha256': '144ad4800232fbc78bb1119bed027d240090531e8ce7ba65fb85968a7712da1f'}, 'dob': {'date': '2000-03-17T18:48:07.817Z', 'age': 24}, 'registered': {'date': '2011-12-15T10:59:25.824Z', 'age': 12}, 'phone': '016977 62642', 'cell': '07956 519881', 'id': {'name': 'NINO', 'value': 'ML 12 21 32 N'}, 'picture': {'large': 'https://randomuser.me/api/portraits/women/28.jpg', 'medium': 'https://randomuser.me/api/portraits/med/women/28.jpg', 'thumbnail': 'https://randomuser.me/api/portraits/thumb/women/28.jpg'}, 'nat': 'GB'}</msg>
<arg>${json_data['results'][0]}</arg>
<doc>Logs the given message with the given level.</doc>
<status status="PASS" start="2024-06-01T15:14:05.530568" elapsed="0.000405"/>
</kw>
<kw name="Log" owner="BuiltIn">
<msg time="2024-06-01T15:14:05.531395" level="INFO">email</msg>
<arg>${key}</arg>
<doc>Logs the given message with the given level.</doc>
<status status="PASS" start="2024-06-01T15:14:05.531266" elapsed="0.000167"/>
</kw>
<var name="${key}">email</var>
<status status="PASS" start="2024-06-01T15:14:05.529629" elapsed="0.002021"/>
</iter>
<iter>
<kw name="Dictionary Should Contain Key" owner="Collections">
<msg time="2024-06-01T15:14:05.532318" level="INFO">False</msg>
<arg>${json_data['results'][0]}</arg>
<arg>${key}</arg>
<doc>Fails if ``key`` is not found from ``dictionary``.</doc>
<status status="PASS" start="2024-06-01T15:14:05.531937" elapsed="0.000417"/>
</kw>
<kw name="Log" owner="BuiltIn">
<msg time="2024-06-01T15:14:05.533024" level="INFO">{'gender': 'female', 'name': {'title': 'Mrs', 'first': 'Mary', 'last': 'Ray'}, 'location': {'street': {'number': 8939, 'name': 'High Street'}, 'city': 'Durham', 'state': 'Central', 'country': 'United Kingdom', 'postcode': 'G02 1ED', 'coordinates': {'latitude': '-10.6071', 'longitude': '93.7758'}, 'timezone': {'offset': '-1:00', 'description': 'Azores, Cape Verde Islands'}}, 'email': 'mary.ray@example.com', 'login': {'uuid': 'ab86e441-95cc-4a4b-a6ca-acf7454687fc', 'username': 'redostrich788', 'password': 'rough', 'salt': 'uXVPrUyx', 'md5': '604d7211c8d8fd777e55df41115aad82', 'sha1': 'f8588a1d3112f01065d76fdae3e101ad957a8ba4', 'sha256': '144ad4800232fbc78bb1119bed027d240090531e8ce7ba65fb85968a7712da1f'}, 'dob': {'date': '2000-03-17T18:48:07.817Z', 'age': 24}, 'registered': {'date': '2011-12-15T10:59:25.824Z', 'age': 12}, 'phone': '016977 62642', 'cell': '07956 519881', 'id': {'name': 'NINO', 'value': 'ML 12 21 32 N'}, 'picture': {'large': 'https://randomuser.me/api/portraits/women/28.jpg', 'medium': 'https://randomuser.me/api/portraits/med/women/28.jpg', 'thumbnail': 'https://randomuser.me/api/portraits/thumb/women/28.jpg'}, 'nat': 'GB'}</msg>
<arg>${json_data['results'][0]}</arg>
<doc>Logs the given message with the given level.</doc>
<status status="PASS" start="2024-06-01T15:14:05.532672" elapsed="0.000400"/>
</kw>
<kw name="Log" owner="BuiltIn">
<msg time="2024-06-01T15:14:05.533492" level="INFO">login</msg>
<arg>${key}</arg>
<doc>Logs the given message with the given level.</doc>
<status status="PASS" start="2024-06-01T15:14:05.533366" elapsed="0.000165"/>
</kw>
<var name="${key}">login</var>
<status status="PASS" start="2024-06-01T15:14:05.531826" elapsed="0.001946"/>
</iter>
<var>${key}</var>
<value>@{expected_keys}</value>
<status status="PASS" start="2024-06-01T15:14:05.523020" elapsed="0.010881"/>
</for>
<kw name="Create List" owner="BuiltIn">
<msg time="2024-06-01T15:14:05.534232" level="INFO">${expected_keysTwo} = ['username', 'password']</msg>
<var>${expected_keysTwo}</var>
<arg>username</arg>
<arg>password</arg>
<doc>Returns a list containing given items.</doc>
<status status="PASS" start="2024-06-01T15:14:05.534095" elapsed="0.000161"/>
</kw>
<for flavor="IN">
<iter>
<kw name="Dictionary Should Contain Key" owner="Collections">
<msg time="2024-06-01T15:14:05.535134" level="INFO">False</msg>
<arg>${json_data['results'][0]['login']}</arg>
<arg>${keyTwo}</arg>
<doc>Fails if ``key`` is not found from ``dictionary``.</doc>
<status status="PASS" start="2024-06-01T15:14:05.534752" elapsed="0.000418"/>
</kw>
<kw name="Dictionary Should Contain Key" owner="Collections">
<msg time="2024-06-01T15:14:05.535848" level="INFO">False</msg>
<arg>${json_data['results'][0]['login']}</arg>
<arg>${keyTwo}</arg>
<doc>Fails if ``key`` is not found from ``dictionary``.</doc>
<status status="PASS" start="2024-06-01T15:14:05.535464" elapsed="0.000422"/>
</kw>
<kw name="Log" owner="BuiltIn">
<msg time="2024-06-01T15:14:05.536307" level="INFO">username</msg>
<arg>${keyTwo}</arg>
<doc>Logs the given message with the given level.</doc>
<status status="PASS" start="2024-06-01T15:14:05.536179" elapsed="0.000165"/>
</kw>
<var name="${keyTwo}">username</var>
<status status="PASS" start="2024-06-01T15:14:05.534641" elapsed="0.001915"/>
</iter>
<iter>
<kw name="Dictionary Should Contain Key" owner="Collections">
<msg time="2024-06-01T15:14:05.537288" level="INFO">False</msg>
<arg>${json_data['results'][0]['login']}</arg>
<arg>${keyTwo}</arg>
<doc>Fails if ``key`` is not found from ``dictionary``.</doc>
<status status="PASS" start="2024-06-01T15:14:05.536881" elapsed="0.000469"/>
</kw>
<kw name="Dictionary Should Contain Key" owner="Collections">
<msg time="2024-06-01T15:14:05.538068" level="INFO">False</msg>
<arg>${json_data['results'][0]['login']}</arg>
<arg>${keyTwo}</arg>
<doc>Fails if ``key`` is not found from ``dictionary``.</doc>
<status status="PASS" start="2024-06-01T15:14:05.537674" elapsed="0.000431"/>
</kw>
<kw name="Log" owner="BuiltIn">
<msg time="2024-06-01T15:14:05.538528" level="INFO">password</msg>
<arg>${keyTwo}</arg>
<doc>Logs the given message with the given level.</doc>
<status status="PASS" start="2024-06-01T15:14:05.538400" elapsed="0.000166"/>
</kw>
<var name="${keyTwo}">password</var>
<status status="PASS" start="2024-06-01T15:14:05.536769" elapsed="0.002013"/>
</iter>
<var>${keyTwo}</var>
<value>@{expected_keysTwo}</value>
<status status="PASS" start="2024-06-01T15:14:05.534491" elapsed="0.004412"/>
</for>
<status status="PASS" start="2024-06-01T15:14:05.417415" elapsed="0.121628"/>
</kw>
<doc>Testa a estrutura da resposta da API.</doc>
<tag>testeEstruturaResposta</tag>
<status status="PASS" start="2024-06-01T15:14:05.416908" elapsed="0.122284"/>
</test>
<test id="s1-s1-t4" name="Validar tipos de dados" line="28">
<kw name="Teste de Tipos de Dados" owner="random-user-service">
<kw name="GET On Session" owner="RequestsLibrary">
<msg time="2024-06-01T15:14:05.851454" level="INFO">GET Request : url=https://randomuser.me/api 
 path_url=/api 
 headers={'User-Agent': 'python-requests/2.32.3', 'Accept-Encoding': 'gzip, deflate', 'Accept': '*/*', 'Connection': 'keep-alive'} 
 body=None 
 </msg>
<msg time="2024-06-01T15:14:05.851557" level="INFO">GET Response : url=https://randomuser.me/api 
 status=200, reason=OK 
 headers={'Date': 'Sat, 01 Jun 2024 15:14:05 GMT', 'Content-Type': 'application/json; charset=utf-8', 'Transfer-Encoding': 'chunked', 'Connection': 'keep-alive', 'X-Powered-By': 'Express', 'Access-Control-Allow-Origin': '*', 'Cache-Control': 'no-cache', 'ETag': 'W/"48b-vOEyoBHN+07cbnN3JwxA3xdyV2w"', 'Vary': 'Accept-Encoding', 'Content-Encoding': 'gzip', 'CF-Cache-Status': 'DYNAMIC', 'Report-To': '{"endpoints":[{"url":"https:\\/\\/a.nel.cloudflare.com\\/report\\/v4?s=Gj3TWzdUQ2iRlooj2FfXwTJWdR0YNI2WGFFbUn5ncW3h77lC2QIGlZWbplf6QhyBAKFaz9sKqAY9fBk0WsRrvFgZBTnFcEs7d%2F8B6cINW7VLjdp4lRjdrQtPr75dCIpC"}],"group":"cf-nel","max_age":604800}', 'NEL': '{"success_fraction":0,"report_to":"cf-nel","max_age":604800}', 'Server': 'cloudflare', 'CF-RAY': '88d026c0aad196b9-SJC', 'alt-svc': 'h3=":443"; ma=86400'} 
 body={"results":[{"gender":"female","name":{"title":"Mrs","first":"Susan","last":"Beck"},"location":{"street":{"number":1397,"name":"W Sherman Dr"},"city":"Frederick","state":"Nevada","country":"United States","postcode":62390,"coordinates":{"latitude":"87.4922","longitude":"154.3035"},"timezone":{"offset":"+6:00","description":"Almaty, Dhaka, Colombo"}},"email":"susan.beck@example.com","login":{"uuid":"e07c2e58-9461-4fef-83c8-fe628ccce086","username":"orangezebra895","password":"serena","salt":"sxh869Yo","md5":"07cccf1dcb0f3ffdf716bcc9949004e0","sha1":"c7efc92ed503a7eaf75c006f42d21f681c09ccb1","sha256":"05a095d76bea17420058f2e29c9e0137b4c986c031b6963dfff41e545dbeae72"},"dob":{"date":"1969-02-11T05:39:18.323Z","age":55},"registered":{"date":"2005-05-20T19:34:02.593Z","age":19},"phone":"(877) 905-4632","cell":"(937) 519-3244","id":{"name":"SSN","value":"575-10-7857"},"picture":{"large":"https://randomuser.me/api/portraits/women/50.jpg","medium":"https://randomuser.me/api/portraits/med/women/50.jpg","thumbnail":"https://randomuser.me/api/portraits/thumb/women/50.jpg"},"nat":"US"}],"info":{"seed":"dfb5474d57305a90","results":1,"page":1,"version":"1.4"}} 
 </msg>
<msg time="2024-06-01T15:14:05.851630" level="INFO">/opt/hostedtoolcache/Python/3.12.3/x64/lib/python3.12/site-packages/urllib3/connectionpool.py:1103: InsecureRequestWarning: Unverified HTTPS request is being made to host 'randomuser.me'. Adding certificate verification is strongly advised. See: https://urllib3.readthedocs.io/en/latest/advanced-usage.html#tls-warnings
  warnings.warn(</msg>
<msg time="2024-06-01T15:14:05.851762" level="INFO">${response} = &lt;Response [200]&gt;</msg>
<var>${response}</var>
<arg>consultarAPI</arg>
<arg>/api</arg>
<doc>Sends a GET request on a previously created HTTP Session.</doc>
<status status="PASS" start="2024-06-01T15:14:05.541643" elapsed="0.310169"/>
</kw>
<kw name="Set Variable" owner="BuiltIn">
<msg time="2024-06-01T15:14:05.852945" level="INFO">${json_data} = {'results': [{'gender': 'female', 'name': {'title': 'Mrs', 'first': 'Susan', 'last': 'Beck'}, 'location': {'street': {'number': 1397, 'name': 'W Sherman Dr'}, 'city': 'Frederick', 'state': 'Nevada', '...</msg>
<var>${json_data}</var>
<arg>${response.json()}</arg>
<doc>Returns the given values which can then be assigned to a variables.</doc>
<status status="PASS" start="2024-06-01T15:14:05.852374" elapsed="0.000600"/>
</kw>
<kw name="Log" owner="BuiltIn">
<msg time="2024-06-01T15:14:05.853438" level="INFO">{'results': [{'gender': 'female', 'name': {'title': 'Mrs', 'first': 'Susan', 'last': 'Beck'}, 'location': {'street': {'number': 1397, 'name': 'W Sherman Dr'}, 'city': 'Frederick', 'state': 'Nevada', 'country': 'United States', 'postcode': 62390, 'coordinates': {'latitude': '87.4922', 'longitude': '154.3035'}, 'timezone': {'offset': '+6:00', 'description': 'Almaty, Dhaka, Colombo'}}, 'email': 'susan.beck@example.com', 'login': {'uuid': 'e07c2e58-9461-4fef-83c8-fe628ccce086', 'username': 'orangezebra895', 'password': 'serena', 'salt': 'sxh869Yo', 'md5': '07cccf1dcb0f3ffdf716bcc9949004e0', 'sha1': 'c7efc92ed503a7eaf75c006f42d21f681c09ccb1', 'sha256': '05a095d76bea17420058f2e29c9e0137b4c986c031b6963dfff41e545dbeae72'}, 'dob': {'date': '1969-02-11T05:39:18.323Z', 'age': 55}, 'registered': {'date': '2005-05-20T19:34:02.593Z', 'age': 19}, 'phone': '(877) 905-4632', 'cell': '(937) 519-3244', 'id': {'name': 'SSN', 'value': '575-10-7857'}, 'picture': {'large': 'https://randomuser.me/api/portraits/women/50.jpg', 'medium': 'https://randomuser.me/api/portraits/med/women/50.jpg', 'thumbnail': 'https://randomuser.me/api/portraits/thumb/women/50.jpg'}, 'nat': 'US'}], 'info': {'seed': 'dfb5474d57305a90', 'results': 1, 'page': 1, 'version': '1.4'}}</msg>
<arg>${json_data}</arg>
<doc>Logs the given message with the given level.</doc>
<status status="PASS" start="2024-06-01T15:14:05.853283" elapsed="0.000238"/>
</kw>
<kw name="Should Be String" owner="String">
<arg>${json_data['results'][0]['gender']}</arg>
<doc>Fails if the given ``item`` is not a string.</doc>
<status status="PASS" start="2024-06-01T15:14:05.853814" elapsed="0.000360"/>
</kw>
<kw name="Should Match Regexp" owner="BuiltIn">
<arg>${json_data['results'][0]['email']}</arg>
<arg>^[a-zA-Z0-9._%+-]+@[a-zA-Z0-9.-]+\.[a-zA-Z]{2,}$</arg>
<doc>Fails if ``string`` does not match ``pattern`` as a regular expression.</doc>
<status status="PASS" start="2024-06-01T15:14:05.854365" elapsed="0.000648"/>
</kw>
<kw name="Should Match Regexp" owner="BuiltIn">
<arg>${json_data['results'][0]['dob']['date']}</arg>
<arg>\\d{4}-\\d{2}-\\d{2}T\\d{2}:\\d{2}:\\d{2}\\.\\d{3}Z</arg>
<doc>Fails if ``string`` does not match ``pattern`` as a regular expression.</doc>
<status status="PASS" start="2024-06-01T15:14:05.855212" elapsed="0.000484"/>
</kw>
<kw name="Should Match Regexp" owner="BuiltIn">
<arg>${json_data['results'][0]['registered']['date']}</arg>
<arg>\\d{4}-\\d{2}-\\d{2}T\\d{2}:\\d{2}:\\d{2}\\.\\d{3}Z</arg>
<doc>Fails if ``string`` does not match ``pattern`` as a regular expression.</doc>
<status status="PASS" start="2024-06-01T15:14:05.855885" elapsed="0.000354"/>
</kw>
<kw name="Should Match Regexp" owner="BuiltIn">
<arg>${json_data['results'][0]['picture']['large']}</arg>
<arg>^https?://.*\.(?:png|jpe?g|gif|bmp)$</arg>
<doc>Fails if ``string`` does not match ``pattern`` as a regular expression.</doc>
<status status="PASS" start="2024-06-01T15:14:05.856424" elapsed="0.000477"/>
</kw>
<kw name="Should Match Regexp" owner="BuiltIn">
<arg>${json_data['results'][0]['picture']['medium']}</arg>
<arg>^https?://.*\.(?:png|jpe?g|gif|bmp)$</arg>
<doc>Fails if ``string`` does not match ``pattern`` as a regular expression.</doc>
<status status="PASS" start="2024-06-01T15:14:05.857090" elapsed="0.000346"/>
</kw>
<kw name="Should Match Regexp" owner="BuiltIn">
<arg>${json_data['results'][0]['picture']['thumbnail']}</arg>
<arg>^https?://.*\.(?:png|jpe?g|gif|bmp)$</arg>
<doc>Fails if ``string`` does not match ``pattern`` as a regular expression.</doc>
<status status="PASS" start="2024-06-01T15:14:05.857621" elapsed="0.000342"/>
</kw>
<kw name="Log" owner="BuiltIn">
<msg time="2024-06-01T15:14:05.858457" level="INFO">{'large': 'https://randomuser.me/api/portraits/women/50.jpg', 'medium': 'https://randomuser.me/api/portraits/med/women/50.jpg', 'thumbnail': 'https://randomuser.me/api/portraits/thumb/women/50.jpg'}</msg>
<arg>${json_data['results'][0]['picture']}</arg>
<doc>Logs the given message with the given level.</doc>
<status status="PASS" start="2024-06-01T15:14:05.858142" elapsed="0.000356"/>
</kw>
<status status="PASS" start="2024-06-01T15:14:05.541414" elapsed="0.317341"/>
</kw>
<kw name="Teste de Tipos de Dados - Postcode" owner="random-user-service">
<kw name="GET On Session" owner="RequestsLibrary">
<msg time="2024-06-01T15:14:05.943371" level="INFO">GET Request : url=https://randomuser.me/api 
 path_url=/api 
 headers={'User-Agent': 'python-requests/2.32.3', 'Accept-Encoding': 'gzip, deflate', 'Accept': '*/*', 'Connection': 'keep-alive'} 
 body=None 
 </msg>
<msg time="2024-06-01T15:14:05.943450" level="INFO">GET Response : url=https://randomuser.me/api 
 status=200, reason=OK 
 headers={'Date': 'Sat, 01 Jun 2024 15:14:05 GMT', 'Content-Type': 'application/json; charset=utf-8', 'Transfer-Encoding': 'chunked', 'Connection': 'keep-alive', 'X-Powered-By': 'Express', 'Access-Control-Allow-Origin': '*', 'Cache-Control': 'no-cache', 'ETag': 'W/"4a6-ECuQcueluG6jmwONuXFqUD2mN4A"', 'Vary': 'Accept-Encoding', 'Content-Encoding': 'gzip', 'CF-Cache-Status': 'DYNAMIC', 'Report-To': '{"endpoints":[{"url":"https:\\/\\/a.nel.cloudflare.com\\/report\\/v4?s=MN9XlEg%2BGD3KZVnqQ03cq66hgDFEW%2F5NmHI6Tf%2BTQPHNjaIylcNbVptVNBTW%2FFGWyhre9ocSsg%2BVcejqbcY3qq5BxknlsYj8ftkOksk2xwa%2FQUcPEBDhBdSEGdVtdn6k"}],"group":"cf-nel","max_age":604800}', 'NEL': '{"success_fraction":0,"report_to":"cf-nel","max_age":604800}', 'Server': 'cloudflare', 'CF-RAY': '88d026c2abc796b9-SJC', 'alt-svc': 'h3=":443"; ma=86400'} 
 body={"results":[{"gender":"female","name":{"title":"Miss","first":"Bianca","last":"Loth"},"location":{"street":{"number":1123,"name":"Blumenstraße"},"city":"Heiligenhaus","state":"Brandenburg","country":"Germany","postcode":37255,"coordinates":{"latitude":"-53.0890","longitude":"120.2957"},"timezone":{"offset":"0:00","description":"Western Europe Time, London, Lisbon, Casablanca"}},"email":"bianca.loth@example.com","login":{"uuid":"28471253-44d4-4c0f-bd71-30910fa4cd4e","username":"bigelephant122","password":"hott","salt":"r2qXc0oY","md5":"dd6c6c11b26ba97a2e719ac603c671e7","sha1":"1a8fb064427058ffa4a46ee894c558a410ebb51d","sha256":"e49decff4acbac381a192ba92563de712214bd41820e11578a4031a78419f0f8"},"dob":{"date":"1979-02-24T06:27:21.746Z","age":45},"registered":{"date":"2004-08-01T09:46:52.401Z","age":19},"phone":"0962-8839987","cell":"0176-1656055","id":{"name":"SVNR","value":"04 240279 L 567"},"picture":{"large":"https://randomuser.me/api/portraits/women/2.jpg","medium":"https://randomuser.me/api/portraits/med/women/2.jpg","thumbnail":"https://randomuser.me/api/portraits/thumb/women/2.jpg"},"nat":"DE"}],"info":{"seed":"e37ce5555bdf3b17","results":1,"page":1,"version":"1.4"}} 
 </msg>
<msg time="2024-06-01T15:14:05.943519" level="INFO">/opt/hostedtoolcache/Python/3.12.3/x64/lib/python3.12/site-packages/urllib3/connectionpool.py:1103: InsecureRequestWarning: Unverified HTTPS request is being made to host 'randomuser.me'. Adding certificate verification is strongly advised. See: https://urllib3.readthedocs.io/en/latest/advanced-usage.html#tls-warnings
  warnings.warn(</msg>
<msg time="2024-06-01T15:14:05.943627" level="INFO">${response} = &lt;Response [200]&gt;</msg>
<var>${response}</var>
<arg>consultarAPI</arg>
<arg>/api</arg>
<doc>Sends a GET request on a previously created HTTP Session.</doc>
<status status="PASS" start="2024-06-01T15:14:05.859200" elapsed="0.084472"/>
</kw>
<kw name="Set Variable" owner="BuiltIn">
<msg time="2024-06-01T15:14:05.944698" level="INFO">${json_data} = {'results': [{'gender': 'female', 'name': {'title': 'Miss', 'first': 'Bianca', 'last': 'Loth'}, 'location': {'street': {'number': 1123, 'name': 'Blumenstraße'}, 'city': 'Heiligenhaus', 'state': 'Brand...</msg>
<var>${json_data}</var>
<arg>${response.json()}</arg>
<doc>Returns the given values which can then be assigned to a variables.</doc>
<status status="PASS" start="2024-06-01T15:14:05.944188" elapsed="0.000540"/>
</kw>
<kw name="Log" owner="BuiltIn">
<msg time="2024-06-01T15:14:05.945196" level="INFO">{'results': [{'gender': 'female', 'name': {'title': 'Miss', 'first': 'Bianca', 'last': 'Loth'}, 'location': {'street': {'number': 1123, 'name': 'Blumenstraße'}, 'city': 'Heiligenhaus', 'state': 'Brandenburg', 'country': 'Germany', 'postcode': 37255, 'coordinates': {'latitude': '-53.0890', 'longitude': '120.2957'}, 'timezone': {'offset': '0:00', 'description': 'Western Europe Time, London, Lisbon, Casablanca'}}, 'email': 'bianca.loth@example.com', 'login': {'uuid': '28471253-44d4-4c0f-bd71-30910fa4cd4e', 'username': 'bigelephant122', 'password': 'hott', 'salt': 'r2qXc0oY', 'md5': 'dd6c6c11b26ba97a2e719ac603c671e7', 'sha1': '1a8fb064427058ffa4a46ee894c558a410ebb51d', 'sha256': 'e49decff4acbac381a192ba92563de712214bd41820e11578a4031a78419f0f8'}, 'dob': {'date': '1979-02-24T06:27:21.746Z', 'age': 45}, 'registered': {'date': '2004-08-01T09:46:52.401Z', 'age': 19}, 'phone': '0962-8839987', 'cell': '0176-1656055', 'id': {'name': 'SVNR', 'value': '04 240279 L 567'}, 'picture': {'large': 'https://randomuser.me/api/portraits/women/2.jpg', 'medium': 'https://randomuser.me/api/portraits/med/women/2.jpg', 'thumbnail': 'https://randomuser.me/api/portraits/thumb/women/2.jpg'}, 'nat': 'DE'}], 'info': {'seed': 'e37ce5555bdf3b17', 'results': 1, 'page': 1, 'version': '1.4'}}</msg>
<arg>${json_data}</arg>
<doc>Logs the given message with the given level.</doc>
<status status="PASS" start="2024-06-01T15:14:05.945040" elapsed="0.000234"/>
</kw>
<kw name="Should Be Equal As Numbers" owner="BuiltIn">
<arg>${json_data['results'][0]['location']['postcode']}</arg>
<arg>${json_data['results'][0]['location']['postcode']}</arg>
<doc>Fails if objects are unequal after converting them to real numbers.</doc>
<status status="PASS" start="2024-06-01T15:14:05.945574" elapsed="0.000626"/>
</kw>
<kw name="Log" owner="BuiltIn">
<msg time="2024-06-01T15:14:05.946722" level="INFO">37255</msg>
<arg>${json_data['results'][0]['location']['postcode']}</arg>
<doc>Logs the given message with the given level.</doc>
<status status="PASS" start="2024-06-01T15:14:05.946392" elapsed="0.000370"/>
</kw>
<status status="PASS" start="2024-06-01T15:14:05.858974" elapsed="0.088035"/>
</kw>
<doc>Testa se os tipos de dados na resposta da API estão corretos.</doc>
<tag>testeTiposDados</tag>
<status status="PASS" start="2024-06-01T15:14:05.540960" elapsed="0.406208"/>
</test>
<test id="s1-s1-t5" name="Validar conteudo" line="35">
<kw name="Teste de Tipos de Conteudo" owner="random-user-service">
<kw name="GET On Session" owner="RequestsLibrary">
<msg time="2024-06-01T15:14:06.065585" level="INFO">GET Request : url=https://randomuser.me/api 
 path_url=/api 
 headers={'User-Agent': 'python-requests/2.32.3', 'Accept-Encoding': 'gzip, deflate', 'Accept': '*/*', 'Connection': 'keep-alive'} 
 body=None 
 </msg>
<msg time="2024-06-01T15:14:06.065652" level="INFO">GET Response : url=https://randomuser.me/api 
 status=200, reason=OK 
 headers={'Date': 'Sat, 01 Jun 2024 15:14:06 GMT', 'Content-Type': 'application/json; charset=utf-8', 'Transfer-Encoding': 'chunked', 'Connection': 'keep-alive', 'X-Powered-By': 'Express', 'Access-Control-Allow-Origin': '*', 'Cache-Control': 'no-cache', 'ETag': 'W/"478-3LYBUCKu01Lt1Sq6PvnU74Nc2M0"', 'Vary': 'Accept-Encoding', 'Content-Encoding': 'gzip', 'CF-Cache-Status': 'DYNAMIC', 'Report-To': '{"endpoints":[{"url":"https:\\/\\/a.nel.cloudflare.com\\/report\\/v4?s=0%2BZNvsLtcwtKy1zvnXvcvP%2F3v23VwaWsx0r8pSGIG3pw3IITS5rYoB9qZzwITAq%2FR%2B4j9frqab2V2M5%2BTCQmJ%2FvsbjY6NgsnebrsFi2d7Yq08FTyACpZ209Zwz%2BHRXVY"}],"group":"cf-nel","max_age":604800}', 'NEL': '{"success_fraction":0,"report_to":"cf-nel","max_age":604800}', 'Server': 'cloudflare', 'CF-RAY': '88d026c33c1396b9-SJC', 'alt-svc': 'h3=":443"; ma=86400'} 
 body={"results":[{"gender":"male","name":{"title":"Mr","first":"Yash","last":"Saha"},"location":{"street":{"number":8140,"name":"Pali Hill"},"city":"Gandhidham","state":"Dadra and Nagar Haveli","country":"India","postcode":37631,"coordinates":{"latitude":"8.3260","longitude":"-48.5776"},"timezone":{"offset":"+9:30","description":"Adelaide, Darwin"}},"email":"yash.saha@example.com","login":{"uuid":"fceda434-3c61-4bc3-9447-c8c29780fbe9","username":"crazykoala787","password":"diaper","salt":"lWAgRVmu","md5":"6f75807a94ae3200df86a3a5ea421913","sha1":"007c97bc7bc8789635ef7fd76f7b51454093647b","sha256":"e30d687412ed786f85b96f354c5e1b528ef2c61fd8c1ffe5d697d91f111e3453"},"dob":{"date":"1974-01-19T06:00:33.399Z","age":50},"registered":{"date":"2017-05-15T14:33:04.939Z","age":7},"phone":"8450978617","cell":"7677571895","id":{"name":"UIDAI","value":"872368776586"},"picture":{"large":"https://randomuser.me/api/portraits/men/16.jpg","medium":"https://randomuser.me/api/portraits/med/men/16.jpg","thumbnail":"https://randomuser.me/api/portraits/thumb/men/16.jpg"},"nat":"IN"}],"info":{"seed":"c8aea48871a5ee2e","results":1,"page":1,"version":"1.4"}} 
 </msg>
<msg time="2024-06-01T15:14:06.065707" level="INFO">/opt/hostedtoolcache/Python/3.12.3/x64/lib/python3.12/site-packages/urllib3/connectionpool.py:1103: InsecureRequestWarning: Unverified HTTPS request is being made to host 'randomuser.me'. Adding certificate verification is strongly advised. See: https://urllib3.readthedocs.io/en/latest/advanced-usage.html#tls-warnings
  warnings.warn(</msg>
<msg time="2024-06-01T15:14:06.065814" level="INFO">${response} = &lt;Response [200]&gt;</msg>
<var>${response}</var>
<arg>consultarAPI</arg>
<arg>/api</arg>
<doc>Sends a GET request on a previously created HTTP Session.</doc>
<status status="PASS" start="2024-06-01T15:14:05.949688" elapsed="0.116163"/>
</kw>
<kw name="Set Variable" owner="BuiltIn">
<msg time="2024-06-01T15:14:06.066838" level="INFO">${json_data} = {'results': [{'gender': 'male', 'name': {'title': 'Mr', 'first': 'Yash', 'last': 'Saha'}, 'location': {'street': {'number': 8140, 'name': 'Pali Hill'}, 'city': 'Gandhidham', 'state': 'Dadra and Nagar ...</msg>
<var>${json_data}</var>
<arg>${response.json()}</arg>
<doc>Returns the given values which can then be assigned to a variables.</doc>
<status status="PASS" start="2024-06-01T15:14:06.066301" elapsed="0.000566"/>
</kw>
<kw name="Set Variable" owner="BuiltIn">
<msg time="2024-06-01T15:14:06.067549" level="INFO">${name_title} = Mr</msg>
<var>${name_title}</var>
<arg>${json_data["results"][0]["name"]["title"]}</arg>
<doc>Returns the given values which can then be assigned to a variables.</doc>
<status status="PASS" start="2024-06-01T15:14:06.067172" elapsed="0.000402"/>
</kw>
<kw name="Create List" owner="BuiltIn">
<msg time="2024-06-01T15:14:06.068018" level="INFO">${allowed_titles} = ['Mr', 'Ms', 'Miss', 'Mrs', 'Madame', 'Monsieur']</msg>
<var>${allowed_titles}</var>
<arg>Mr</arg>
<arg>Ms</arg>
<arg>Miss</arg>
<arg>Mrs</arg>
<arg>Madame</arg>
<arg>Monsieur</arg>
<doc>Returns a list containing given items.</doc>
<status status="PASS" start="2024-06-01T15:14:06.067870" elapsed="0.000172"/>
</kw>
<kw name="List Should Contain Value" owner="Collections">
<msg time="2024-06-01T15:14:06.068522" level="INFO">False</msg>
<arg>${allowed_titles}</arg>
<arg>${name_title}</arg>
<doc>Fails if the ``value`` is not found from ``list``.</doc>
<status status="PASS" start="2024-06-01T15:14:06.068348" elapsed="0.000211"/>
</kw>
<kw name="Set Variable" owner="BuiltIn">
<msg time="2024-06-01T15:14:06.069433" level="INFO">${name_country} = IN</msg>
<var>${name_country}</var>
<arg>${json_data["results"][0]["nat"]}</arg>
<doc>Returns the given values which can then be assigned to a variables.</doc>
<status status="PASS" start="2024-06-01T15:14:06.068900" elapsed="0.000559"/>
</kw>
<kw name="Create List" owner="BuiltIn">
<msg time="2024-06-01T15:14:06.070363" level="INFO">${list_country} = ['AD', 'AE', 'AF', 'AG', 'AI', 'AL', 'AM', 'AO', 'AQ', 'AR', 'AS', 'AT', 'AU', 'AW', 'AX', 'AZ', 'BA', 'BB', 'BD', 'BE', 'BF', 'BG', 'BH', 'BI', 'BJ', 'BL', 'BM', 'BN', 'BO', 'BQ', 'BR', 'BS', 'BT', '...</msg>
<var>${list_country}</var>
<arg>AD</arg>
<arg>AE</arg>
<arg>AF</arg>
<arg>AG</arg>
<arg>AI</arg>
<arg>AL</arg>
<arg>AM</arg>
<arg>AO</arg>
<arg>AQ</arg>
<arg>AR</arg>
<arg>AS</arg>
<arg>AT</arg>
<arg>AU</arg>
<arg>AW</arg>
<arg>AX</arg>
<arg>AZ</arg>
<arg>BA</arg>
<arg>BB</arg>
<arg>BD</arg>
<arg>BE</arg>
<arg>BF</arg>
<arg>BG</arg>
<arg>BH</arg>
<arg>BI</arg>
<arg>BJ</arg>
<arg>BL</arg>
<arg>BM</arg>
<arg>BN</arg>
<arg>BO</arg>
<arg>BQ</arg>
<arg>BR</arg>
<arg>BS</arg>
<arg>BT</arg>
<arg>BV</arg>
<arg>BW</arg>
<arg>BY</arg>
<arg>BZ</arg>
<arg>CA</arg>
<arg>CC</arg>
<arg>CD</arg>
<arg>CF</arg>
<arg>CG</arg>
<arg>CH</arg>
<arg>CI</arg>
<arg>CK</arg>
<arg>CL</arg>
<arg>CM</arg>
<arg>CN</arg>
<arg>CO</arg>
<arg>CR</arg>
<arg>CU</arg>
<arg>CV</arg>
<arg>CW</arg>
<arg>CX</arg>
<arg>CY</arg>
<arg>CZ</arg>
<arg>DE</arg>
<arg>DJ</arg>
<arg>DK</arg>
<arg>DM</arg>
<arg>DO</arg>
<arg>DZ</arg>
<arg>EC</arg>
<arg>EE</arg>
<arg>EG</arg>
<arg>EH</arg>
<arg>ER</arg>
<arg>ES</arg>
<arg>ET</arg>
<arg>FI</arg>
<arg>FJ</arg>
<arg>FK</arg>
<arg>FM</arg>
<arg>FO</arg>
<arg>FR</arg>
<arg>GA</arg>
<arg>GB</arg>
<arg>GD</arg>
<arg>GE</arg>
<arg>GF</arg>
<arg>GG</arg>
<arg>GH</arg>
<arg>GI</arg>
<arg>GL</arg>
<arg>GM</arg>
<arg>GN</arg>
<arg>GP</arg>
<arg>GQ</arg>
<arg>GR</arg>
<arg>GS</arg>
<arg>GT</arg>
<arg>GU</arg>
<arg>GW</arg>
<arg>GY</arg>
<arg>HK</arg>
<arg>HM</arg>
<arg>HN</arg>
<arg>HR</arg>
<arg>HT</arg>
<arg>HU</arg>
<arg>ID</arg>
<arg>IE</arg>
<arg>IL</arg>
<arg>IM</arg>
<arg>IN</arg>
<arg>IO</arg>
<arg>IQ</arg>
<arg>IR</arg>
<arg>IS</arg>
<arg>IT</arg>
<arg>JE</arg>
<arg>JM</arg>
<arg>JO</arg>
<arg>JP</arg>
<arg>KE</arg>
<arg>KG</arg>
<arg>KH</arg>
<arg>KI</arg>
<arg>KM</arg>
<arg>KN</arg>
<arg>KP</arg>
<arg>KR</arg>
<arg>KW</arg>
<arg>KY</arg>
<arg>KZ</arg>
<arg>LA</arg>
<arg>LB</arg>
<arg>LC</arg>
<arg>LI</arg>
<arg>LK</arg>
<arg>LR</arg>
<arg>LS</arg>
<arg>LT</arg>
<arg>LU</arg>
<arg>LV</arg>
<arg>LY</arg>
<arg>MA</arg>
<arg>MC</arg>
<arg>MD</arg>
<arg>ME</arg>
<arg>MF</arg>
<arg>MG</arg>
<arg>MH</arg>
<arg>MK</arg>
<arg>ML</arg>
<arg>MM</arg>
<arg>MN</arg>
<arg>MO</arg>
<arg>MP</arg>
<arg>MQ</arg>
<arg>MR</arg>
<arg>MS</arg>
<arg>MT</arg>
<arg>MU</arg>
<arg>MV</arg>
<arg>MW</arg>
<arg>MX</arg>
<arg>MY</arg>
<arg>MZ</arg>
<arg>NA</arg>
<arg>NC</arg>
<arg>NE</arg>
<arg>NF</arg>
<arg>NG</arg>
<arg>NI</arg>
<arg>NL</arg>
<arg>NO</arg>
<arg>NP</arg>
<arg>NR</arg>
<arg>NU</arg>
<arg>NZ</arg>
<arg>OM</arg>
<arg>PA</arg>
<arg>PE</arg>
<arg>PF</arg>
<arg>PG</arg>
<arg>PH</arg>
<arg>PK</arg>
<arg>PL</arg>
<arg>PM</arg>
<arg>PN</arg>
<arg>PR</arg>
<arg>PS</arg>
<arg>PT</arg>
<arg>PW</arg>
<arg>PY</arg>
<arg>QA</arg>
<arg>RE</arg>
<arg>RO</arg>
<arg>RS</arg>
<arg>RU</arg>
<arg>RW</arg>
<arg>SA</arg>
<arg>SB</arg>
<arg>SC</arg>
<arg>SD</arg>
<arg>SE</arg>
<arg>SG</arg>
<arg>SH</arg>
<arg>SI</arg>
<arg>SJ</arg>
<arg>SK</arg>
<arg>SL</arg>
<arg>SM</arg>
<arg>SN</arg>
<arg>SO</arg>
<arg>SR</arg>
<arg>SS</arg>
<arg>ST</arg>
<arg>SV</arg>
<arg>SX</arg>
<arg>SY</arg>
<arg>SZ</arg>
<arg>TC</arg>
<arg>TD</arg>
<arg>TF</arg>
<arg>TG</arg>
<arg>TH</arg>
<arg>TJ</arg>
<arg>TK</arg>
<arg>TL</arg>
<arg>TM</arg>
<arg>TN</arg>
<arg>TO</arg>
<arg>TR</arg>
<arg>TT</arg>
<arg>TV</arg>
<arg>TW</arg>
<arg>TZ</arg>
<arg>UA</arg>
<arg>UG</arg>
<arg>UM</arg>
<arg>US</arg>
<arg>UY</arg>
<arg>UZ</arg>
<arg>VA</arg>
<arg>VC</arg>
<arg>VE</arg>
<arg>VG</arg>
<arg>VI</arg>
<arg>VN</arg>
<arg>VU</arg>
<arg>WF</arg>
<arg>WS</arg>
<arg>XK</arg>
<arg>YE</arg>
<arg>YT</arg>
<arg>ZA</arg>
<arg>ZM</arg>
<arg>ZW</arg>
<doc>Returns a list containing given items.</doc>
<status status="PASS" start="2024-06-01T15:14:06.069764" elapsed="0.000625"/>
</kw>
<kw name="List Should Contain Value" owner="Collections">
<msg time="2024-06-01T15:14:06.071372" level="INFO">False</msg>
<arg>${list_country}</arg>
<arg>${name_country}</arg>
<doc>Fails if the ``value`` is not found from ``list``.</doc>
<status status="PASS" start="2024-06-01T15:14:06.071170" elapsed="0.000238"/>
</kw>
<kw name="Run Keyword If" owner="BuiltIn">
<kw name="Should Be True" owner="BuiltIn">
<arg>${True}</arg>
<doc>Fails if the given condition is not true.</doc>
<status status="PASS" start="2024-06-01T15:14:06.072454" elapsed="0.000175"/>
</kw>
<arg>${json_data["results"][0]["location"]["coordinates"]["latitude"]} &gt;= -90 and ${json_data["results"][0]["location"]["coordinates"]["latitude"]} &lt;= 90</arg>
<arg>Should Be True</arg>
<arg>${True}</arg>
<doc>Runs the given keyword with the given arguments, if ``condition`` is true.</doc>
<status status="PASS" start="2024-06-01T15:14:06.071719" elapsed="0.001041"/>
</kw>
<kw name="Run Keyword If" owner="BuiltIn">
<kw name="Should Be True" owner="BuiltIn">
<arg>${True}</arg>
<doc>Fails if the given condition is not true.</doc>
<status status="PASS" start="2024-06-01T15:14:06.073659" elapsed="0.000138"/>
</kw>
<arg>${json_data["results"][0]["location"]["coordinates"]["longitude"]} &gt;= -180 and ${json_data["results"][0]["location"]["coordinates"]["longitude"]} &lt;= 180</arg>
<arg>Should Be True</arg>
<arg>${True}</arg>
<doc>Runs the given keyword with the given arguments, if ``condition`` is true.</doc>
<status status="PASS" start="2024-06-01T15:14:06.072957" elapsed="0.000965"/>
</kw>
<status status="PASS" start="2024-06-01T15:14:05.949456" elapsed="0.124594"/>
</kw>
<doc>Testa o conteúdo específico dos campos retornados pela API.</doc>
<tag>testeConteudo</tag>
<status status="PASS" start="2024-06-01T15:14:05.948935" elapsed="0.125258"/>
</test>
<status status="PASS" start="2024-06-01T15:14:04.967719" elapsed="1.108398"/>
</suite>
<status status="PASS" start="2024-06-01T15:14:04.954414" elapsed="1.126861"/>
</suite>
<statistics>
<total>
<stat pass="5" fail="0" skip="0">All Tests</stat>
</total>
<tag>
<stat pass="1" fail="0" skip="0">testeConteudo</stat>
<stat pass="1" fail="0" skip="0">testeEstruturaResposta</stat>
<stat pass="1" fail="0" skip="0">testeRequisicaoBasica</stat>
<stat pass="1" fail="0" skip="0">testeTiposDados</stat>
</tag>
<suite>
<stat pass="5" fail="0" skip="0" id="s1" name="Tests">Tests</stat>
<stat pass="5" fail="0" skip="0" id="s1-s1" name="Random-User-Test">Tests.Random-User-Test</stat>
</suite>
</statistics>
<errors>
</errors>
</robot>
