<?xml version="1.0" encoding="UTF-8"?>
<robot generator="Robot 7.0 (Python 3.12.3 on linux)" generated="2024-04-27T03:16:06.526695" rpa="false" schemaversion="5">
<suite id="s1" name="Tests" source="/home/runner/work/DesafioQAItauRogerioJordao/DesafioQAItauRogerioJordao/RamdonUser/tests">
<suite id="s1-s1" name="Random-User-Test" source="/home/runner/work/DesafioQAItauRogerioJordao/DesafioQAItauRogerioJordao/RamdonUser/tests/random-user-test.robot">
<test id="s1-s1-t1" name="Conectar" line="13">
<kw name="Conectar API" owner="random-user-service">
<kw name="Create Session" owner="RequestsLibrary">
<msg time="2024-04-27T03:16:06.934789" level="INFO">Creating Session using : alias=consultarAPI, url=https://randomuser.me/, headers={},                     cookies={}, auth=None, timeout=None, proxies=None, verify=False,                     debug=0 </msg>
<arg>consultarAPI</arg>
<arg>${URL}</arg>
<doc>Create Session: create a HTTP session to a server</doc>
<status status="PASS" start="2024-04-27T03:16:06.934556" elapsed="0.000451"/>
</kw>
<status status="PASS" start="2024-04-27T03:16:06.933501" elapsed="0.001906"/>
</kw>
<status status="PASS" start="2024-04-27T03:16:06.932818" elapsed="0.002796"/>
</test>
<test id="s1-s1-t2" name="Validar retorno 200 e JSON Válido" line="16">
<kw name="Teste de Requisicao Basica" owner="random-user-service">
<kw name="GET On Session" owner="RequestsLibrary">
<msg time="2024-04-27T03:16:07.227980" level="INFO">GET Request : url=https://randomuser.me/api 
 path_url=/api 
 headers={'User-Agent': 'python-requests/2.31.0', 'Accept-Encoding': 'gzip, deflate', 'Accept': '*/*', 'Connection': 'keep-alive'} 
 body=None 
 </msg>
<msg time="2024-04-27T03:16:07.228151" level="INFO">GET Response : url=https://randomuser.me/api 
 status=200, reason=OK 
 headers={'Date': 'Sat, 27 Apr 2024 03:16:07 GMT', 'Content-Type': 'application/json; charset=utf-8', 'Transfer-Encoding': 'chunked', 'Connection': 'keep-alive', 'X-Powered-By': 'Express', 'Access-Control-Allow-Origin': '*', 'Cache-Control': 'no-cache', 'ETag': 'W/"49f-PsahjfLscdVj64fxyPrWXRtGPLA"', 'Vary': 'Accept-Encoding', 'Content-Encoding': 'gzip', 'CF-Cache-Status': 'DYNAMIC', 'Report-To': '{"endpoints":[{"url":"https:\\/\\/a.nel.cloudflare.com\\/report\\/v4?s=bfRk%2BWFnKc9XJn%2BfsLcjmBRxF1e1LeyaV6QkVWCvUyH7FePzzURB3qXbCb0aflw3GePGR7gzcT5IQY5jjNajqTUI7fi7twlU3o0db9MtpNl6qddxDAO9EVRs6MrdJ6N4"}],"group":"cf-nel","max_age":604800}', 'NEL': '{"success_fraction":0,"report_to":"cf-nel","max_age":604800}', 'Server': 'cloudflare', 'CF-RAY': '87aba6e8a84910e5-ORD', 'alt-svc': 'h3=":443"; ma=86400'} 
 body={"results":[{"gender":"female","name":{"title":"Ms","first":"Valentine","last":"Olivier"},"location":{"street":{"number":4379,"name":"Rue Louis-Blanqui"},"city":"Nancy","state":"Haute-Garonne","country":"France","postcode":10587,"coordinates":{"latitude":"-18.1254","longitude":"153.8092"},"timezone":{"offset":"-1:00","description":"Azores, Cape Verde Islands"}},"email":"valentine.olivier@example.com","login":{"uuid":"fcf67e86-08a8-47b6-bb8c-45bc1adda5c1","username":"smallfish422","password":"lottie","salt":"FQGBQyTT","md5":"6e5a78243b7a43d8a857eda00531f713","sha1":"8c565468762231159ffa6d9397fffa4de2b716e5","sha256":"d5e95eebe15a0de3178aaba6f5dc8acb89c41eed4d301f2fce18ce843328fbbb"},"dob":{"date":"1986-01-25T22:55:36.375Z","age":38},"registered":{"date":"2018-03-09T21:51:00.844Z","age":6},"phone":"04-88-63-70-63","cell":"06-39-74-85-73","id":{"name":"INSEE","value":"2860067157701 09"},"picture":{"large":"https://randomuser.me/api/portraits/women/9.jpg","medium":"https://randomuser.me/api/portraits/med/women/9.jpg","thumbnail":"https://randomuser.me/api/portraits/thumb/women/9.jpg"},"nat":"FR"}],"info":{"seed":"01f5329713d22b60","results":1,"page":1,"version":"1.4"}} 
 </msg>
<msg time="2024-04-27T03:16:07.228245" level="INFO">/opt/hostedtoolcache/Python/3.12.3/x64/lib/python3.12/site-packages/urllib3/connectionpool.py:1103: InsecureRequestWarning: Unverified HTTPS request is being made to host 'randomuser.me'. Adding certificate verification is strongly advised. See: https://urllib3.readthedocs.io/en/latest/advanced-usage.html#tls-warnings
  warnings.warn(</msg>
<msg time="2024-04-27T03:16:07.228397" level="INFO">${response} = &lt;Response [200]&gt;</msg>
<var>${response}</var>
<arg>consultarAPI</arg>
<arg>/api</arg>
<doc>Sends a GET request on a previously created HTTP Session.</doc>
<status status="PASS" start="2024-04-27T03:16:06.938463" elapsed="0.289978"/>
</kw>
<kw name="Should Be Equal As Numbers" owner="BuiltIn">
<msg time="2024-04-27T03:16:07.229715" level="INFO">Argument types are:
&lt;class 'int'&gt;
&lt;class 'str'&gt;</msg>
<arg>${response.status_code}</arg>
<arg>200</arg>
<doc>Fails if objects are unequal after converting them to real numbers.</doc>
<status status="PASS" start="2024-04-27T03:16:07.229184" elapsed="0.000607"/>
</kw>
<kw name="Log" owner="BuiltIn">
<msg time="2024-04-27T03:16:07.230627" level="INFO">200</msg>
<arg>${response.status_code}</arg>
<doc>Logs the given message with the given level.</doc>
<status status="PASS" start="2024-04-27T03:16:07.230222" elapsed="0.000451"/>
</kw>
<kw name="Set Variable" owner="BuiltIn">
<msg time="2024-04-27T03:16:07.231503" level="INFO">${json_data} = {'results': [{'gender': 'female', 'name': {'title': 'Ms', 'first': 'Valentine', 'last': 'Olivier'}, 'location': {'street': {'number': 4379, 'name': 'Rue Louis-Blanqui'}, 'city': 'Nancy', 'state': 'Hau...</msg>
<var>${json_data}</var>
<arg>${response.json()}</arg>
<doc>Returns the given values which can then be assigned to a variables.</doc>
<status status="PASS" start="2024-04-27T03:16:07.231027" elapsed="0.000505"/>
</kw>
<kw name="Dictionary Should Contain Key" owner="Collections">
<msg time="2024-04-27T03:16:07.232094" level="INFO">False</msg>
<arg>${json_data}</arg>
<arg>results</arg>
<doc>Fails if ``key`` is not found from ``dictionary``.</doc>
<status status="PASS" start="2024-04-27T03:16:07.231866" elapsed="0.000270"/>
</kw>
<status status="PASS" start="2024-04-27T03:16:06.938190" elapsed="0.294231"/>
</kw>
<doc>Testa se a API responde corretamente e retorna um objeto JSON válido.</doc>
<tag>testeRequisicaoBasica</tag>
<status status="PASS" start="2024-04-27T03:16:06.937613" elapsed="0.295002"/>
</test>
<test id="s1-s1-t3" name="Validar estrutura de resposta" line="22">
<kw name="Teste de Estrutura de Resposta" owner="random-user-service">
<kw name="GET On Session" owner="RequestsLibrary">
<msg time="2024-04-27T03:16:07.341435" level="INFO">GET Request : url=https://randomuser.me/api 
 path_url=/api 
 headers={'User-Agent': 'python-requests/2.31.0', 'Accept-Encoding': 'gzip, deflate', 'Accept': '*/*', 'Connection': 'keep-alive'} 
 body=None 
 </msg>
<msg time="2024-04-27T03:16:07.341566" level="INFO">GET Response : url=https://randomuser.me/api 
 status=200, reason=OK 
 headers={'Date': 'Sat, 27 Apr 2024 03:16:07 GMT', 'Content-Type': 'application/json; charset=utf-8', 'Transfer-Encoding': 'chunked', 'Connection': 'keep-alive', 'X-Powered-By': 'Express', 'Access-Control-Allow-Origin': '*', 'Cache-Control': 'no-cache', 'ETag': 'W/"47d-nmi4sszEbYfxShATv0uUMN64bK4"', 'Vary': 'Accept-Encoding', 'Content-Encoding': 'gzip', 'CF-Cache-Status': 'DYNAMIC', 'Report-To': '{"endpoints":[{"url":"https:\\/\\/a.nel.cloudflare.com\\/report\\/v4?s=%2BxgcZxrWiuYJZ8MRYLyW%2B5rB16gAJloP%2FwbD%2B8M7hFhoZbKatcE%2F7T84H4tj7YoA7L5sCzUNOC1h49%2FtKvqlVURt6FaJkq0hs%2B7bvVoXcNAqSHbtrHql9DNbqh4OHrEo"}],"group":"cf-nel","max_age":604800}', 'NEL': '{"success_fraction":0,"report_to":"cf-nel","max_age":604800}', 'Server': 'cloudflare', 'CF-RAY': '87aba6e9392b10e5-ORD', 'alt-svc': 'h3=":443"; ma=86400'} 
 body={"results":[{"gender":"male","name":{"title":"Mr","first":"Daniel","last":"Pedersen"},"location":{"street":{"number":8725,"name":"Grejsdalsvej"},"city":"Agerbæk","state":"Danmark","country":"Denmark","postcode":58537,"coordinates":{"latitude":"-40.7424","longitude":"-164.4980"},"timezone":{"offset":"+2:00","description":"Kaliningrad, South Africa"}},"email":"daniel.pedersen@example.com","login":{"uuid":"3b8d4008-570a-4194-9f6f-1c1f52e2d680","username":"happywolf183","password":"xavier","salt":"wBaPfMqv","md5":"cea86498bacb260f99a4df9982481f8e","sha1":"72d1a3973205078ffbcdd4f530e9fed4367fcfd4","sha256":"62b3ea1ac8b67e9e25371d303e2b5d509b10dff71bfc6d4dd2c2f8dfe76e693b"},"dob":{"date":"1988-11-11T09:59:07.019Z","age":35},"registered":{"date":"2003-07-07T08:05:58.400Z","age":20},"phone":"31818450","cell":"68645790","id":{"name":"CPR","value":"111188-3829"},"picture":{"large":"https://randomuser.me/api/portraits/men/97.jpg","medium":"https://randomuser.me/api/portraits/med/men/97.jpg","thumbnail":"https://randomuser.me/api/portraits/thumb/men/97.jpg"},"nat":"DK"}],"info":{"seed":"76bbfd4f109ced54","results":1,"page":1,"version":"1.4"}} 
 </msg>
<msg time="2024-04-27T03:16:07.341721" level="INFO">/opt/hostedtoolcache/Python/3.12.3/x64/lib/python3.12/site-packages/urllib3/connectionpool.py:1103: InsecureRequestWarning: Unverified HTTPS request is being made to host 'randomuser.me'. Adding certificate verification is strongly advised. See: https://urllib3.readthedocs.io/en/latest/advanced-usage.html#tls-warnings
  warnings.warn(</msg>
<msg time="2024-04-27T03:16:07.341860" level="INFO">${response} = &lt;Response [200]&gt;</msg>
<var>${response}</var>
<arg>consultarAPI</arg>
<arg>/api</arg>
<doc>Sends a GET request on a previously created HTTP Session.</doc>
<status status="PASS" start="2024-04-27T03:16:07.235454" elapsed="0.106451"/>
</kw>
<kw name="Set Variable" owner="BuiltIn">
<msg time="2024-04-27T03:16:07.343290" level="INFO">${json_data} = {'results': [{'gender': 'male', 'name': {'title': 'Mr', 'first': 'Daniel', 'last': 'Pedersen'}, 'location': {'street': {'number': 8725, 'name': 'Grejsdalsvej'}, 'city': 'Agerbæk', 'state': 'Danmark', ...</msg>
<var>${json_data}</var>
<arg>${response.json()}</arg>
<doc>Returns the given values which can then be assigned to a variables.</doc>
<status status="PASS" start="2024-04-27T03:16:07.342628" elapsed="0.000694"/>
</kw>
<kw name="Log" owner="BuiltIn">
<msg time="2024-04-27T03:16:07.343980" level="INFO">{'results': [{'gender': 'male', 'name': {'title': 'Mr', 'first': 'Daniel', 'last': 'Pedersen'}, 'location': {'street': {'number': 8725, 'name': 'Grejsdalsvej'}, 'city': 'Agerbæk', 'state': 'Danmark', 'country': 'Denmark', 'postcode': 58537, 'coordinates': {'latitude': '-40.7424', 'longitude': '-164.4980'}, 'timezone': {'offset': '+2:00', 'description': 'Kaliningrad, South Africa'}}, 'email': 'daniel.pedersen@example.com', 'login': {'uuid': '3b8d4008-570a-4194-9f6f-1c1f52e2d680', 'username': 'happywolf183', 'password': 'xavier', 'salt': 'wBaPfMqv', 'md5': 'cea86498bacb260f99a4df9982481f8e', 'sha1': '72d1a3973205078ffbcdd4f530e9fed4367fcfd4', 'sha256': '62b3ea1ac8b67e9e25371d303e2b5d509b10dff71bfc6d4dd2c2f8dfe76e693b'}, 'dob': {'date': '1988-11-11T09:59:07.019Z', 'age': 35}, 'registered': {'date': '2003-07-07T08:05:58.400Z', 'age': 20}, 'phone': '31818450', 'cell': '68645790', 'id': {'name': 'CPR', 'value': '111188-3829'}, 'picture': {'large': 'https://randomuser.me/api/portraits/men/97.jpg', 'medium': 'https://randomuser.me/api/portraits/med/men/97.jpg', 'thumbnail': 'https://randomuser.me/api/portraits/thumb/men/97.jpg'}, 'nat': 'DK'}], 'info': {'seed': '76bbfd4f109ced54', 'results': 1, 'page': 1, 'version': '1.4'}}</msg>
<arg>${json_data}</arg>
<doc>Logs the given message with the given level.</doc>
<status status="PASS" start="2024-04-27T03:16:07.343743" elapsed="0.000299"/>
</kw>
<kw name="Dictionary Should Contain Key" owner="Collections">
<msg time="2024-04-27T03:16:07.344606" level="INFO">False</msg>
<arg>${json_data}</arg>
<arg>results</arg>
<doc>Fails if ``key`` is not found from ``dictionary``.</doc>
<status status="PASS" start="2024-04-27T03:16:07.344419" elapsed="0.000228"/>
</kw>
<kw name="Should Not Be Empty" owner="BuiltIn">
<msg time="2024-04-27T03:16:07.345144" level="INFO">Length is 2.</msg>
<arg>${json_data}</arg>
<doc>Verifies that the given item is not empty.</doc>
<status status="PASS" start="2024-04-27T03:16:07.344990" elapsed="0.000195"/>
</kw>
<kw name="Create List" owner="BuiltIn">
<msg time="2024-04-27T03:16:07.345867" level="INFO">${expected_keys} = ['gender', 'name', 'location', 'email', 'login']</msg>
<var>${expected_keys}</var>
<arg>gender</arg>
<arg>name</arg>
<arg>location</arg>
<arg>email</arg>
<arg>login</arg>
<doc>Returns a list containing given items.</doc>
<status status="PASS" start="2024-04-27T03:16:07.345512" elapsed="0.000380"/>
</kw>
<for flavor="IN">
<iter>
<kw name="Dictionary Should Contain Key" owner="Collections">
<msg time="2024-04-27T03:16:07.346966" level="INFO">False</msg>
<arg>${json_data['results'][0]}</arg>
<arg>${key}</arg>
<doc>Fails if ``key`` is not found from ``dictionary``.</doc>
<status status="PASS" start="2024-04-27T03:16:07.346529" elapsed="0.000476"/>
</kw>
<kw name="Log" owner="BuiltIn">
<msg time="2024-04-27T03:16:07.347728" level="INFO">{'gender': 'male', 'name': {'title': 'Mr', 'first': 'Daniel', 'last': 'Pedersen'}, 'location': {'street': {'number': 8725, 'name': 'Grejsdalsvej'}, 'city': 'Agerbæk', 'state': 'Danmark', 'country': 'Denmark', 'postcode': 58537, 'coordinates': {'latitude': '-40.7424', 'longitude': '-164.4980'}, 'timezone': {'offset': '+2:00', 'description': 'Kaliningrad, South Africa'}}, 'email': 'daniel.pedersen@example.com', 'login': {'uuid': '3b8d4008-570a-4194-9f6f-1c1f52e2d680', 'username': 'happywolf183', 'password': 'xavier', 'salt': 'wBaPfMqv', 'md5': 'cea86498bacb260f99a4df9982481f8e', 'sha1': '72d1a3973205078ffbcdd4f530e9fed4367fcfd4', 'sha256': '62b3ea1ac8b67e9e25371d303e2b5d509b10dff71bfc6d4dd2c2f8dfe76e693b'}, 'dob': {'date': '1988-11-11T09:59:07.019Z', 'age': 35}, 'registered': {'date': '2003-07-07T08:05:58.400Z', 'age': 20}, 'phone': '31818450', 'cell': '68645790', 'id': {'name': 'CPR', 'value': '111188-3829'}, 'picture': {'large': 'https://randomuser.me/api/portraits/men/97.jpg', 'medium': 'https://randomuser.me/api/portraits/med/men/97.jpg', 'thumbnail': 'https://randomuser.me/api/portraits/thumb/men/97.jpg'}, 'nat': 'DK'}</msg>
<arg>${json_data['results'][0]}</arg>
<doc>Logs the given message with the given level.</doc>
<status status="PASS" start="2024-04-27T03:16:07.347332" elapsed="0.000446"/>
</kw>
<kw name="Log" owner="BuiltIn">
<msg time="2024-04-27T03:16:07.348265" level="INFO">gender</msg>
<arg>${key}</arg>
<doc>Logs the given message with the given level.</doc>
<status status="PASS" start="2024-04-27T03:16:07.348127" elapsed="0.000177"/>
</kw>
<var name="${key}">gender</var>
<status status="PASS" start="2024-04-27T03:16:07.346391" elapsed="0.002147"/>
</iter>
<iter>
<kw name="Dictionary Should Contain Key" owner="Collections">
<msg time="2024-04-27T03:16:07.349278" level="INFO">False</msg>
<arg>${json_data['results'][0]}</arg>
<arg>${key}</arg>
<doc>Fails if ``key`` is not found from ``dictionary``.</doc>
<status status="PASS" start="2024-04-27T03:16:07.348866" elapsed="0.000451"/>
</kw>
<kw name="Log" owner="BuiltIn">
<msg time="2024-04-27T03:16:07.350035" level="INFO">{'gender': 'male', 'name': {'title': 'Mr', 'first': 'Daniel', 'last': 'Pedersen'}, 'location': {'street': {'number': 8725, 'name': 'Grejsdalsvej'}, 'city': 'Agerbæk', 'state': 'Danmark', 'country': 'Denmark', 'postcode': 58537, 'coordinates': {'latitude': '-40.7424', 'longitude': '-164.4980'}, 'timezone': {'offset': '+2:00', 'description': 'Kaliningrad, South Africa'}}, 'email': 'daniel.pedersen@example.com', 'login': {'uuid': '3b8d4008-570a-4194-9f6f-1c1f52e2d680', 'username': 'happywolf183', 'password': 'xavier', 'salt': 'wBaPfMqv', 'md5': 'cea86498bacb260f99a4df9982481f8e', 'sha1': '72d1a3973205078ffbcdd4f530e9fed4367fcfd4', 'sha256': '62b3ea1ac8b67e9e25371d303e2b5d509b10dff71bfc6d4dd2c2f8dfe76e693b'}, 'dob': {'date': '1988-11-11T09:59:07.019Z', 'age': 35}, 'registered': {'date': '2003-07-07T08:05:58.400Z', 'age': 20}, 'phone': '31818450', 'cell': '68645790', 'id': {'name': 'CPR', 'value': '111188-3829'}, 'picture': {'large': 'https://randomuser.me/api/portraits/men/97.jpg', 'medium': 'https://randomuser.me/api/portraits/med/men/97.jpg', 'thumbnail': 'https://randomuser.me/api/portraits/thumb/men/97.jpg'}, 'nat': 'DK'}</msg>
<arg>${json_data['results'][0]}</arg>
<doc>Logs the given message with the given level.</doc>
<status status="PASS" start="2024-04-27T03:16:07.349651" elapsed="0.000438"/>
</kw>
<kw name="Log" owner="BuiltIn">
<msg time="2024-04-27T03:16:07.350524" level="INFO">name</msg>
<arg>${key}</arg>
<doc>Logs the given message with the given level.</doc>
<status status="PASS" start="2024-04-27T03:16:07.350394" elapsed="0.000169"/>
</kw>
<var name="${key}">name</var>
<status status="PASS" start="2024-04-27T03:16:07.348742" elapsed="0.002044"/>
</iter>
<iter>
<kw name="Dictionary Should Contain Key" owner="Collections">
<msg time="2024-04-27T03:16:07.351502" level="INFO">False</msg>
<arg>${json_data['results'][0]}</arg>
<arg>${key}</arg>
<doc>Fails if ``key`` is not found from ``dictionary``.</doc>
<status status="PASS" start="2024-04-27T03:16:07.351101" elapsed="0.000438"/>
</kw>
<kw name="Log" owner="BuiltIn">
<msg time="2024-04-27T03:16:07.352260" level="INFO">{'gender': 'male', 'name': {'title': 'Mr', 'first': 'Daniel', 'last': 'Pedersen'}, 'location': {'street': {'number': 8725, 'name': 'Grejsdalsvej'}, 'city': 'Agerbæk', 'state': 'Danmark', 'country': 'Denmark', 'postcode': 58537, 'coordinates': {'latitude': '-40.7424', 'longitude': '-164.4980'}, 'timezone': {'offset': '+2:00', 'description': 'Kaliningrad, South Africa'}}, 'email': 'daniel.pedersen@example.com', 'login': {'uuid': '3b8d4008-570a-4194-9f6f-1c1f52e2d680', 'username': 'happywolf183', 'password': 'xavier', 'salt': 'wBaPfMqv', 'md5': 'cea86498bacb260f99a4df9982481f8e', 'sha1': '72d1a3973205078ffbcdd4f530e9fed4367fcfd4', 'sha256': '62b3ea1ac8b67e9e25371d303e2b5d509b10dff71bfc6d4dd2c2f8dfe76e693b'}, 'dob': {'date': '1988-11-11T09:59:07.019Z', 'age': 35}, 'registered': {'date': '2003-07-07T08:05:58.400Z', 'age': 20}, 'phone': '31818450', 'cell': '68645790', 'id': {'name': 'CPR', 'value': '111188-3829'}, 'picture': {'large': 'https://randomuser.me/api/portraits/men/97.jpg', 'medium': 'https://randomuser.me/api/portraits/med/men/97.jpg', 'thumbnail': 'https://randomuser.me/api/portraits/thumb/men/97.jpg'}, 'nat': 'DK'}</msg>
<arg>${json_data['results'][0]}</arg>
<doc>Logs the given message with the given level.</doc>
<status status="PASS" start="2024-04-27T03:16:07.351846" elapsed="0.000465"/>
</kw>
<kw name="Log" owner="BuiltIn">
<msg time="2024-04-27T03:16:07.352753" level="INFO">location</msg>
<arg>${key}</arg>
<doc>Logs the given message with the given level.</doc>
<status status="PASS" start="2024-04-27T03:16:07.352626" elapsed="0.000166"/>
</kw>
<var name="${key}">location</var>
<status status="PASS" start="2024-04-27T03:16:07.350985" elapsed="0.002029"/>
</iter>
<iter>
<kw name="Dictionary Should Contain Key" owner="Collections">
<msg time="2024-04-27T03:16:07.353711" level="INFO">False</msg>
<arg>${json_data['results'][0]}</arg>
<arg>${key}</arg>
<doc>Fails if ``key`` is not found from ``dictionary``.</doc>
<status status="PASS" start="2024-04-27T03:16:07.353307" elapsed="0.000441"/>
</kw>
<kw name="Log" owner="BuiltIn">
<msg time="2024-04-27T03:16:07.354425" level="INFO">{'gender': 'male', 'name': {'title': 'Mr', 'first': 'Daniel', 'last': 'Pedersen'}, 'location': {'street': {'number': 8725, 'name': 'Grejsdalsvej'}, 'city': 'Agerbæk', 'state': 'Danmark', 'country': 'Denmark', 'postcode': 58537, 'coordinates': {'latitude': '-40.7424', 'longitude': '-164.4980'}, 'timezone': {'offset': '+2:00', 'description': 'Kaliningrad, South Africa'}}, 'email': 'daniel.pedersen@example.com', 'login': {'uuid': '3b8d4008-570a-4194-9f6f-1c1f52e2d680', 'username': 'happywolf183', 'password': 'xavier', 'salt': 'wBaPfMqv', 'md5': 'cea86498bacb260f99a4df9982481f8e', 'sha1': '72d1a3973205078ffbcdd4f530e9fed4367fcfd4', 'sha256': '62b3ea1ac8b67e9e25371d303e2b5d509b10dff71bfc6d4dd2c2f8dfe76e693b'}, 'dob': {'date': '1988-11-11T09:59:07.019Z', 'age': 35}, 'registered': {'date': '2003-07-07T08:05:58.400Z', 'age': 20}, 'phone': '31818450', 'cell': '68645790', 'id': {'name': 'CPR', 'value': '111188-3829'}, 'picture': {'large': 'https://randomuser.me/api/portraits/men/97.jpg', 'medium': 'https://randomuser.me/api/portraits/med/men/97.jpg', 'thumbnail': 'https://randomuser.me/api/portraits/thumb/men/97.jpg'}, 'nat': 'DK'}</msg>
<arg>${json_data['results'][0]}</arg>
<doc>Logs the given message with the given level.</doc>
<status status="PASS" start="2024-04-27T03:16:07.354060" elapsed="0.000415"/>
</kw>
<kw name="Log" owner="BuiltIn">
<msg time="2024-04-27T03:16:07.354909" level="INFO">email</msg>
<arg>${key}</arg>
<doc>Logs the given message with the given level.</doc>
<status status="PASS" start="2024-04-27T03:16:07.354777" elapsed="0.000170"/>
</kw>
<var name="${key}">email</var>
<status status="PASS" start="2024-04-27T03:16:07.353196" elapsed="0.001972"/>
</iter>
<iter>
<kw name="Dictionary Should Contain Key" owner="Collections">
<msg time="2024-04-27T03:16:07.355862" level="INFO">False</msg>
<arg>${json_data['results'][0]}</arg>
<arg>${key}</arg>
<doc>Fails if ``key`` is not found from ``dictionary``.</doc>
<status status="PASS" start="2024-04-27T03:16:07.355461" elapsed="0.000479"/>
</kw>
<kw name="Log" owner="BuiltIn">
<msg time="2024-04-27T03:16:07.356646" level="INFO">{'gender': 'male', 'name': {'title': 'Mr', 'first': 'Daniel', 'last': 'Pedersen'}, 'location': {'street': {'number': 8725, 'name': 'Grejsdalsvej'}, 'city': 'Agerbæk', 'state': 'Danmark', 'country': 'Denmark', 'postcode': 58537, 'coordinates': {'latitude': '-40.7424', 'longitude': '-164.4980'}, 'timezone': {'offset': '+2:00', 'description': 'Kaliningrad, South Africa'}}, 'email': 'daniel.pedersen@example.com', 'login': {'uuid': '3b8d4008-570a-4194-9f6f-1c1f52e2d680', 'username': 'happywolf183', 'password': 'xavier', 'salt': 'wBaPfMqv', 'md5': 'cea86498bacb260f99a4df9982481f8e', 'sha1': '72d1a3973205078ffbcdd4f530e9fed4367fcfd4', 'sha256': '62b3ea1ac8b67e9e25371d303e2b5d509b10dff71bfc6d4dd2c2f8dfe76e693b'}, 'dob': {'date': '1988-11-11T09:59:07.019Z', 'age': 35}, 'registered': {'date': '2003-07-07T08:05:58.400Z', 'age': 20}, 'phone': '31818450', 'cell': '68645790', 'id': {'name': 'CPR', 'value': '111188-3829'}, 'picture': {'large': 'https://randomuser.me/api/portraits/men/97.jpg', 'medium': 'https://randomuser.me/api/portraits/med/men/97.jpg', 'thumbnail': 'https://randomuser.me/api/portraits/thumb/men/97.jpg'}, 'nat': 'DK'}</msg>
<arg>${json_data['results'][0]}</arg>
<doc>Logs the given message with the given level.</doc>
<status status="PASS" start="2024-04-27T03:16:07.356267" elapsed="0.000428"/>
</kw>
<kw name="Log" owner="BuiltIn">
<msg time="2024-04-27T03:16:07.357130" level="INFO">login</msg>
<arg>${key}</arg>
<doc>Logs the given message with the given level.</doc>
<status status="PASS" start="2024-04-27T03:16:07.357001" elapsed="0.000167"/>
</kw>
<var name="${key}">login</var>
<status status="PASS" start="2024-04-27T03:16:07.355349" elapsed="0.002034"/>
</iter>
<var>${key}</var>
<value>@{expected_keys}</value>
<status status="PASS" start="2024-04-27T03:16:07.346181" elapsed="0.011357"/>
</for>
<kw name="Create List" owner="BuiltIn">
<msg time="2024-04-27T03:16:07.357891" level="INFO">${expected_keysTwo} = ['username', 'password']</msg>
<var>${expected_keysTwo}</var>
<arg>username</arg>
<arg>password</arg>
<doc>Returns a list containing given items.</doc>
<status status="PASS" start="2024-04-27T03:16:07.357750" elapsed="0.000172"/>
</kw>
<for flavor="IN">
<iter>
<kw name="Dictionary Should Contain Key" owner="Collections">
<msg time="2024-04-27T03:16:07.358854" level="INFO">False</msg>
<arg>${json_data['results'][0]['login']}</arg>
<arg>${keyTwo}</arg>
<doc>Fails if ``key`` is not found from ``dictionary``.</doc>
<status status="PASS" start="2024-04-27T03:16:07.358462" elapsed="0.000431"/>
</kw>
<kw name="Dictionary Should Contain Key" owner="Collections">
<msg time="2024-04-27T03:16:07.359604" level="INFO">False</msg>
<arg>${json_data['results'][0]['login']}</arg>
<arg>${keyTwo}</arg>
<doc>Fails if ``key`` is not found from ``dictionary``.</doc>
<status status="PASS" start="2024-04-27T03:16:07.359206" elapsed="0.000436"/>
</kw>
<kw name="Log" owner="BuiltIn">
<msg time="2024-04-27T03:16:07.360116" level="INFO">username</msg>
<arg>${keyTwo}</arg>
<doc>Logs the given message with the given level.</doc>
<status status="PASS" start="2024-04-27T03:16:07.359975" elapsed="0.000185"/>
</kw>
<var name="${keyTwo}">username</var>
<status status="PASS" start="2024-04-27T03:16:07.358347" elapsed="0.002039"/>
</iter>
<iter>
<kw name="Dictionary Should Contain Key" owner="Collections">
<msg time="2024-04-27T03:16:07.361058" level="INFO">False</msg>
<arg>${json_data['results'][0]['login']}</arg>
<arg>${keyTwo}</arg>
<doc>Fails if ``key`` is not found from ``dictionary``.</doc>
<status status="PASS" start="2024-04-27T03:16:07.360674" elapsed="0.000427"/>
</kw>
<kw name="Dictionary Should Contain Key" owner="Collections">
<msg time="2024-04-27T03:16:07.361885" level="INFO">False</msg>
<arg>${json_data['results'][0]['login']}</arg>
<arg>${keyTwo}</arg>
<doc>Fails if ``key`` is not found from ``dictionary``.</doc>
<status status="PASS" start="2024-04-27T03:16:07.361396" elapsed="0.000528"/>
</kw>
<kw name="Log" owner="BuiltIn">
<msg time="2024-04-27T03:16:07.362358" level="INFO">password</msg>
<arg>${keyTwo}</arg>
<doc>Logs the given message with the given level.</doc>
<status status="PASS" start="2024-04-27T03:16:07.362228" elapsed="0.000168"/>
</kw>
<var name="${keyTwo}">password</var>
<status status="PASS" start="2024-04-27T03:16:07.360562" elapsed="0.002053"/>
</iter>
<var>${keyTwo}</var>
<value>@{expected_keysTwo}</value>
<status status="PASS" start="2024-04-27T03:16:07.358183" elapsed="0.004555"/>
</for>
<status status="PASS" start="2024-04-27T03:16:07.235198" elapsed="0.127690"/>
</kw>
<doc>Testa a estrutura da resposta da API.</doc>
<tag>testeEstruturaResposta</tag>
<status status="PASS" start="2024-04-27T03:16:07.234525" elapsed="0.128531"/>
</test>
<test id="s1-s1-t4" name="Validar tipos de dados" line="28">
<kw name="Teste de Tipos de Dados" owner="random-user-service">
<kw name="GET On Session" owner="RequestsLibrary">
<msg time="2024-04-27T03:16:07.428690" level="INFO">GET Request : url=https://randomuser.me/api 
 path_url=/api 
 headers={'User-Agent': 'python-requests/2.31.0', 'Accept-Encoding': 'gzip, deflate', 'Accept': '*/*', 'Connection': 'keep-alive'} 
 body=None 
 </msg>
<msg time="2024-04-27T03:16:07.428803" level="INFO">GET Response : url=https://randomuser.me/api 
 status=200, reason=OK 
 headers={'Date': 'Sat, 27 Apr 2024 03:16:07 GMT', 'Content-Type': 'application/json; charset=utf-8', 'Transfer-Encoding': 'chunked', 'Connection': 'keep-alive', 'X-Powered-By': 'Express', 'Access-Control-Allow-Origin': '*', 'Cache-Control': 'no-cache', 'ETag': 'W/"49f-KModhAkh6Bcw6+nMjPVbwLpnC78"', 'Vary': 'Accept-Encoding', 'Content-Encoding': 'gzip', 'CF-Cache-Status': 'DYNAMIC', 'Report-To': '{"endpoints":[{"url":"https:\\/\\/a.nel.cloudflare.com\\/report\\/v4?s=g%2FsI4j9mfThu2ahYScCBYsAX7r3yjhgANYNR5zHdWgT1DPAm7u6dOoSDe6ndBFn72xpY8Yy4v5JbYkNuaWOutitriZqysF%2F2K0p5wBcohW36%2B5LNoARvMg3Jz5vE%2BeFz"}],"group":"cf-nel","max_age":604800}', 'NEL': '{"success_fraction":0,"report_to":"cf-nel","max_age":604800}', 'Server': 'cloudflare', 'CF-RAY': '87aba6ea0a4410e5-ORD', 'alt-svc': 'h3=":443"; ma=86400'} 
 body={"results":[{"gender":"male","name":{"title":"Mr","first":"Naël","last":"Perrin"},"location":{"street":{"number":4785,"name":"Place du 8 Novembre 1942"},"city":"Toulon","state":"Eure-et-Loir","country":"France","postcode":73617,"coordinates":{"latitude":"-18.7472","longitude":"-96.0264"},"timezone":{"offset":"+8:00","description":"Beijing, Perth, Singapore, Hong Kong"}},"email":"nael.perrin@example.com","login":{"uuid":"bcd74e4b-7b7f-4743-926d-be219da561b0","username":"greenswan762","password":"bicycle","salt":"EUC7Cqne","md5":"344c50d1e727def98d538911a07cd0c4","sha1":"c3ff7f92b751f9a2be685ddaade4d385a056f290","sha256":"4766228b56ae5c2f713688351eb79c5acc390ad7012ef9dab28921a2193ef750"},"dob":{"date":"1995-12-29T09:02:59.592Z","age":28},"registered":{"date":"2005-10-18T07:04:50.402Z","age":18},"phone":"03-86-33-07-02","cell":"06-24-63-25-74","id":{"name":"INSEE","value":"1951112124381 67"},"picture":{"large":"https://randomuser.me/api/portraits/men/7.jpg","medium":"https://randomuser.me/api/portraits/med/men/7.jpg","thumbnail":"https://randomuser.me/api/portraits/thumb/men/7.jpg"},"nat":"FR"}],"info":{"seed":"058ce90e1d873934","results":1,"page":1,"version":"1.4"}} 
 </msg>
<msg time="2024-04-27T03:16:07.428887" level="INFO">/opt/hostedtoolcache/Python/3.12.3/x64/lib/python3.12/site-packages/urllib3/connectionpool.py:1103: InsecureRequestWarning: Unverified HTTPS request is being made to host 'randomuser.me'. Adding certificate verification is strongly advised. See: https://urllib3.readthedocs.io/en/latest/advanced-usage.html#tls-warnings
  warnings.warn(</msg>
<msg time="2024-04-27T03:16:07.429017" level="INFO">${response} = &lt;Response [200]&gt;</msg>
<var>${response}</var>
<arg>consultarAPI</arg>
<arg>/api</arg>
<doc>Sends a GET request on a previously created HTTP Session.</doc>
<status status="PASS" start="2024-04-27T03:16:07.365846" elapsed="0.063212"/>
</kw>
<kw name="Set Variable" owner="BuiltIn">
<msg time="2024-04-27T03:16:07.430384" level="INFO">${json_data} = {'results': [{'gender': 'male', 'name': {'title': 'Mr', 'first': 'Naël', 'last': 'Perrin'}, 'location': {'street': {'number': 4785, 'name': 'Place du 8 Novembre 1942'}, 'city': 'Toulon', 'state': 'Eur...</msg>
<var>${json_data}</var>
<arg>${response.json()}</arg>
<doc>Returns the given values which can then be assigned to a variables.</doc>
<status status="PASS" start="2024-04-27T03:16:07.429772" elapsed="0.000643"/>
</kw>
<kw name="Log" owner="BuiltIn">
<msg time="2024-04-27T03:16:07.430984" level="INFO">{'results': [{'gender': 'male', 'name': {'title': 'Mr', 'first': 'Naël', 'last': 'Perrin'}, 'location': {'street': {'number': 4785, 'name': 'Place du 8 Novembre 1942'}, 'city': 'Toulon', 'state': 'Eure-et-Loir', 'country': 'France', 'postcode': 73617, 'coordinates': {'latitude': '-18.7472', 'longitude': '-96.0264'}, 'timezone': {'offset': '+8:00', 'description': 'Beijing, Perth, Singapore, Hong Kong'}}, 'email': 'nael.perrin@example.com', 'login': {'uuid': 'bcd74e4b-7b7f-4743-926d-be219da561b0', 'username': 'greenswan762', 'password': 'bicycle', 'salt': 'EUC7Cqne', 'md5': '344c50d1e727def98d538911a07cd0c4', 'sha1': 'c3ff7f92b751f9a2be685ddaade4d385a056f290', 'sha256': '4766228b56ae5c2f713688351eb79c5acc390ad7012ef9dab28921a2193ef750'}, 'dob': {'date': '1995-12-29T09:02:59.592Z', 'age': 28}, 'registered': {'date': '2005-10-18T07:04:50.402Z', 'age': 18}, 'phone': '03-86-33-07-02', 'cell': '06-24-63-25-74', 'id': {'name': 'INSEE', 'value': '1951112124381 67'}, 'picture': {'large': 'https://randomuser.me/api/portraits/men/7.jpg', 'medium': 'https://randomuser.me/api/portraits/med/men/7.jpg', 'thumbnail': 'https://randomuser.me/api/portraits/thumb/men/7.jpg'}, 'nat': 'FR'}], 'info': {'seed': '058ce90e1d873934', 'results': 1, 'page': 1, 'version': '1.4'}}</msg>
<arg>${json_data}</arg>
<doc>Logs the given message with the given level.</doc>
<status status="PASS" start="2024-04-27T03:16:07.430798" elapsed="0.000280"/>
</kw>
<kw name="Should Be String" owner="String">
<arg>${json_data['results'][0]['gender']}</arg>
<doc>Fails if the given ``item`` is not a string.</doc>
<status status="PASS" start="2024-04-27T03:16:07.431425" elapsed="0.000395"/>
</kw>
<kw name="Should Match Regexp" owner="BuiltIn">
<arg>${json_data['results'][0]['email']}</arg>
<arg>^[a-zA-Z0-9._%+-]+@[a-zA-Z0-9.-]+\.[a-zA-Z]{2,}$</arg>
<doc>Fails if ``string`` does not match ``pattern`` as a regular expression.</doc>
<status status="PASS" start="2024-04-27T03:16:07.432072" elapsed="0.000540"/>
</kw>
<kw name="Should Match Regexp" owner="BuiltIn">
<arg>${json_data['results'][0]['dob']['date']}</arg>
<arg>\\d{4}-\\d{2}-\\d{2}T\\d{2}:\\d{2}:\\d{2}\\.\\d{3}Z</arg>
<doc>Fails if ``string`` does not match ``pattern`` as a regular expression.</doc>
<status status="PASS" start="2024-04-27T03:16:07.432818" elapsed="0.000518"/>
</kw>
<kw name="Should Match Regexp" owner="BuiltIn">
<arg>${json_data['results'][0]['registered']['date']}</arg>
<arg>\\d{4}-\\d{2}-\\d{2}T\\d{2}:\\d{2}:\\d{2}\\.\\d{3}Z</arg>
<doc>Fails if ``string`` does not match ``pattern`` as a regular expression.</doc>
<status status="PASS" start="2024-04-27T03:16:07.433533" elapsed="0.000375"/>
</kw>
<kw name="Should Match Regexp" owner="BuiltIn">
<arg>${json_data['results'][0]['picture']['large']}</arg>
<arg>^https?://.*\.(?:png|jpe?g|gif|bmp)$</arg>
<doc>Fails if ``string`` does not match ``pattern`` as a regular expression.</doc>
<status status="PASS" start="2024-04-27T03:16:07.434101" elapsed="0.000473"/>
</kw>
<kw name="Should Match Regexp" owner="BuiltIn">
<arg>${json_data['results'][0]['picture']['medium']}</arg>
<arg>^https?://.*\.(?:png|jpe?g|gif|bmp)$</arg>
<doc>Fails if ``string`` does not match ``pattern`` as a regular expression.</doc>
<status status="PASS" start="2024-04-27T03:16:07.434773" elapsed="0.000376"/>
</kw>
<kw name="Should Match Regexp" owner="BuiltIn">
<arg>${json_data['results'][0]['picture']['thumbnail']}</arg>
<arg>^https?://.*\.(?:png|jpe?g|gif|bmp)$</arg>
<doc>Fails if ``string`` does not match ``pattern`` as a regular expression.</doc>
<status status="PASS" start="2024-04-27T03:16:07.435348" elapsed="0.000360"/>
</kw>
<kw name="Log" owner="BuiltIn">
<msg time="2024-04-27T03:16:07.436248" level="INFO">{'large': 'https://randomuser.me/api/portraits/men/7.jpg', 'medium': 'https://randomuser.me/api/portraits/med/men/7.jpg', 'thumbnail': 'https://randomuser.me/api/portraits/thumb/men/7.jpg'}</msg>
<arg>${json_data['results'][0]['picture']}</arg>
<doc>Logs the given message with the given level.</doc>
<status status="PASS" start="2024-04-27T03:16:07.435890" elapsed="0.000400"/>
</kw>
<status status="PASS" start="2024-04-27T03:16:07.365595" elapsed="0.070981"/>
</kw>
<kw name="Teste de Tipos de Dados - Postcode" owner="random-user-service">
<kw name="GET On Session" owner="RequestsLibrary">
<msg time="2024-04-27T03:16:07.531845" level="INFO">GET Request : url=https://randomuser.me/api 
 path_url=/api 
 headers={'User-Agent': 'python-requests/2.31.0', 'Accept-Encoding': 'gzip, deflate', 'Accept': '*/*', 'Connection': 'keep-alive'} 
 body=None 
 </msg>
<msg time="2024-04-27T03:16:07.531999" level="INFO">GET Response : url=https://randomuser.me/api 
 status=200, reason=OK 
 headers={'Date': 'Sat, 27 Apr 2024 03:16:07 GMT', 'Content-Type': 'application/json; charset=utf-8', 'Transfer-Encoding': 'chunked', 'Connection': 'keep-alive', 'X-Powered-By': 'Express', 'Access-Control-Allow-Origin': '*', 'Cache-Control': 'no-cache', 'ETag': 'W/"4ac-kKUuyvFRkwVtv2wU3BtPUjGmvJ8"', 'Vary': 'Accept-Encoding', 'Content-Encoding': 'gzip', 'CF-Cache-Status': 'DYNAMIC', 'Report-To': '{"endpoints":[{"url":"https:\\/\\/a.nel.cloudflare.com\\/report\\/v4?s=sldc0f3KMEoToBG1u3LPTUaNFKVzvDIKU%2FGB5ezn7mOSmyRe9fcL0CG26u7QLPX5Hryz%2FHqC8tiXjjzEVsRCU962srFNAjdq%2FEkSdjLQWxzHtYwTv7fzqwNVirXlTWsh"}],"group":"cf-nel","max_age":604800}', 'NEL': '{"success_fraction":0,"report_to":"cf-nel","max_age":604800}', 'Server': 'cloudflare', 'CF-RAY': '87aba6ea7ab910e5-ORD', 'alt-svc': 'h3=":443"; ma=86400'} 
 body={"results":[{"gender":"female","name":{"title":"Miss","first":"Emma","last":"Harju"},"location":{"street":{"number":6043,"name":"Rautatienkatu"},"city":"Ylöjärvi","state":"Southern Ostrobothnia","country":"Finland","postcode":34931,"coordinates":{"latitude":"-25.0178","longitude":"91.8367"},"timezone":{"offset":"+5:00","description":"Ekaterinburg, Islamabad, Karachi, Tashkent"}},"email":"emma.harju@example.com","login":{"uuid":"314a9afc-4647-4bcd-b90a-9d0921f7b878","username":"purplemouse840","password":"420420","salt":"zsDRW19M","md5":"c47aa6ef3e13317c371dfb5aa666858f","sha1":"5639deaed3cfe914226ca20839e77c4b3bc2b71c","sha256":"fa9ba9de9d58cb58121cfebb565fdfc103ae572dc8a0a61025a031c3e02ce66a"},"dob":{"date":"1947-08-01T18:51:39.271Z","age":76},"registered":{"date":"2014-08-02T01:19:18.192Z","age":9},"phone":"02-946-545","cell":"043-668-63-82","id":{"name":"HETU","value":"NaNNA600undefined"},"picture":{"large":"https://randomuser.me/api/portraits/women/16.jpg","medium":"https://randomuser.me/api/portraits/med/women/16.jpg","thumbnail":"https://randomuser.me/api/portraits/thumb/women/16.jpg"},"nat":"FI"}],"info":{"seed":"992fe36ca9fbd260","results":1,"page":1,"version":"1.4"}} 
 </msg>
<msg time="2024-04-27T03:16:07.532093" level="INFO">/opt/hostedtoolcache/Python/3.12.3/x64/lib/python3.12/site-packages/urllib3/connectionpool.py:1103: InsecureRequestWarning: Unverified HTTPS request is being made to host 'randomuser.me'. Adding certificate verification is strongly advised. See: https://urllib3.readthedocs.io/en/latest/advanced-usage.html#tls-warnings
  warnings.warn(</msg>
<msg time="2024-04-27T03:16:07.532225" level="INFO">${response} = &lt;Response [200]&gt;</msg>
<var>${response}</var>
<arg>consultarAPI</arg>
<arg>/api</arg>
<doc>Sends a GET request on a previously created HTTP Session.</doc>
<status status="PASS" start="2024-04-27T03:16:07.437066" elapsed="0.095201"/>
</kw>
<kw name="Set Variable" owner="BuiltIn">
<msg time="2024-04-27T03:16:07.533624" level="INFO">${json_data} = {'results': [{'gender': 'female', 'name': {'title': 'Miss', 'first': 'Emma', 'last': 'Harju'}, 'location': {'street': {'number': 6043, 'name': 'Rautatienkatu'}, 'city': 'Ylöjärvi', 'state': 'Southern ...</msg>
<var>${json_data}</var>
<arg>${response.json()}</arg>
<doc>Returns the given values which can then be assigned to a variables.</doc>
<status status="PASS" start="2024-04-27T03:16:07.532965" elapsed="0.000690"/>
</kw>
<kw name="Log" owner="BuiltIn">
<msg time="2024-04-27T03:16:07.534254" level="INFO">{'results': [{'gender': 'female', 'name': {'title': 'Miss', 'first': 'Emma', 'last': 'Harju'}, 'location': {'street': {'number': 6043, 'name': 'Rautatienkatu'}, 'city': 'Ylöjärvi', 'state': 'Southern Ostrobothnia', 'country': 'Finland', 'postcode': 34931, 'coordinates': {'latitude': '-25.0178', 'longitude': '91.8367'}, 'timezone': {'offset': '+5:00', 'description': 'Ekaterinburg, Islamabad, Karachi, Tashkent'}}, 'email': 'emma.harju@example.com', 'login': {'uuid': '314a9afc-4647-4bcd-b90a-9d0921f7b878', 'username': 'purplemouse840', 'password': '420420', 'salt': 'zsDRW19M', 'md5': 'c47aa6ef3e13317c371dfb5aa666858f', 'sha1': '5639deaed3cfe914226ca20839e77c4b3bc2b71c', 'sha256': 'fa9ba9de9d58cb58121cfebb565fdfc103ae572dc8a0a61025a031c3e02ce66a'}, 'dob': {'date': '1947-08-01T18:51:39.271Z', 'age': 76}, 'registered': {'date': '2014-08-02T01:19:18.192Z', 'age': 9}, 'phone': '02-946-545', 'cell': '043-668-63-82', 'id': {'name': 'HETU', 'value': 'NaNNA600undefined'}, 'picture': {'large': 'https://randomuser.me/api/portraits/women/16.jpg', 'medium': 'https://randomuser.me/api/portraits/med/women/16.jpg', 'thumbnail': 'https://randomuser.me/api/portraits/thumb/women/16.jpg'}, 'nat': 'FI'}], 'info': {'seed': '992fe36ca9fbd260', 'results': 1, 'page': 1, 'version': '1.4'}}</msg>
<arg>${json_data}</arg>
<doc>Logs the given message with the given level.</doc>
<status status="PASS" start="2024-04-27T03:16:07.534064" elapsed="0.000281"/>
</kw>
<kw name="Should Be Equal As Numbers" owner="BuiltIn">
<arg>${json_data['results'][0]['location']['postcode']}</arg>
<arg>${json_data['results'][0]['location']['postcode']}</arg>
<doc>Fails if objects are unequal after converting them to real numbers.</doc>
<status status="PASS" start="2024-04-27T03:16:07.534697" elapsed="0.000865"/>
</kw>
<kw name="Log" owner="BuiltIn">
<msg time="2024-04-27T03:16:07.536184" level="INFO">34931</msg>
<arg>${json_data['results'][0]['location']['postcode']}</arg>
<doc>Logs the given message with the given level.</doc>
<status status="PASS" start="2024-04-27T03:16:07.535779" elapsed="0.000448"/>
</kw>
<status status="PASS" start="2024-04-27T03:16:07.436813" elapsed="0.099690"/>
</kw>
<doc>Testa se os tipos de dados na resposta da API estão corretos.</doc>
<tag>testeTiposDados</tag>
<status status="PASS" start="2024-04-27T03:16:07.364961" elapsed="0.171716"/>
</test>
<test id="s1-s1-t5" name="Validar conteudo" line="35">
<kw name="Teste de Tipos de Conteudo" owner="random-user-service">
<kw name="GET On Session" owner="RequestsLibrary">
<msg time="2024-04-27T03:16:07.623189" level="INFO">GET Request : url=https://randomuser.me/api 
 path_url=/api 
 headers={'User-Agent': 'python-requests/2.31.0', 'Accept-Encoding': 'gzip, deflate', 'Accept': '*/*', 'Connection': 'keep-alive'} 
 body=None 
 </msg>
<msg time="2024-04-27T03:16:07.623295" level="INFO">GET Response : url=https://randomuser.me/api 
 status=200, reason=OK 
 headers={'Date': 'Sat, 27 Apr 2024 03:16:07 GMT', 'Content-Type': 'application/json; charset=utf-8', 'Transfer-Encoding': 'chunked', 'Connection': 'keep-alive', 'X-Powered-By': 'Express', 'Access-Control-Allow-Origin': '*', 'Cache-Control': 'no-cache', 'ETag': 'W/"495-tY/KmkBLGAbutGpHsbJZOojvZOQ"', 'Vary': 'Accept-Encoding', 'Content-Encoding': 'gzip', 'CF-Cache-Status': 'DYNAMIC', 'Report-To': '{"endpoints":[{"url":"https:\\/\\/a.nel.cloudflare.com\\/report\\/v4?s=3thgjwlWt8yQw3ufjFPsM7jTrGkOsvGYiiFbKeDQSBblzPMFfC7NaEKaa4zRVLBOIpoQ04B7bmLKJ44bWkzwt%2BVm9FxyCNwxaF9I0bB3xXllq2%2B12hhe5Jz3Hn6euc8F"}],"group":"cf-nel","max_age":604800}', 'NEL': '{"success_fraction":0,"report_to":"cf-nel","max_age":604800}', 'Server': 'cloudflare', 'CF-RAY': '87aba6eb2b9d10e5-ORD', 'alt-svc': 'h3=":443"; ma=86400'} 
 body={"results":[{"gender":"male","name":{"title":"Mr","first":"Armelim","last":"Nogueira"},"location":{"street":{"number":1323,"name":"Rua Um"},"city":"Bauru","state":"Paraíba","country":"Brazil","postcode":93704,"coordinates":{"latitude":"-80.5477","longitude":"-130.1634"},"timezone":{"offset":"-6:00","description":"Central Time (US &amp; Canada), Mexico City"}},"email":"armelim.nogueira@example.com","login":{"uuid":"2a32e18e-a918-4ace-aed0-fce316ba39f7","username":"ticklishbear975","password":"topdog","salt":"OMfHNW6A","md5":"778725a8ad604a6a7e6de64debe63226","sha1":"8d15efcf787203fd50791a9a89a224420feaf267","sha256":"6ce34fde5dc6a8838b2237a6a917604a17f05a4678c506d6c9c8c3402340cfc7"},"dob":{"date":"1988-09-04T12:49:39.707Z","age":35},"registered":{"date":"2020-11-11T17:01:46.864Z","age":3},"phone":"(13) 7615-9410","cell":"(98) 7552-6031","id":{"name":"CPF","value":"609.741.262-29"},"picture":{"large":"https://randomuser.me/api/portraits/men/20.jpg","medium":"https://randomuser.me/api/portraits/med/men/20.jpg","thumbnail":"https://randomuser.me/api/portraits/thumb/men/20.jpg"},"nat":"BR"}],"info":{"seed":"9ef47cc7dfc17f79","results":1,"page":1,"version":"1.4"}} 
 </msg>
<msg time="2024-04-27T03:16:07.623377" level="INFO">/opt/hostedtoolcache/Python/3.12.3/x64/lib/python3.12/site-packages/urllib3/connectionpool.py:1103: InsecureRequestWarning: Unverified HTTPS request is being made to host 'randomuser.me'. Adding certificate verification is strongly advised. See: https://urllib3.readthedocs.io/en/latest/advanced-usage.html#tls-warnings
  warnings.warn(</msg>
<msg time="2024-04-27T03:16:07.623498" level="INFO">${response} = &lt;Response [200]&gt;</msg>
<var>${response}</var>
<arg>consultarAPI</arg>
<arg>/api</arg>
<doc>Sends a GET request on a previously created HTTP Session.</doc>
<status status="PASS" start="2024-04-27T03:16:07.539313" elapsed="0.084226"/>
</kw>
<kw name="Set Variable" owner="BuiltIn">
<msg time="2024-04-27T03:16:07.624856" level="INFO">${json_data} = {'results': [{'gender': 'male', 'name': {'title': 'Mr', 'first': 'Armelim', 'last': 'Nogueira'}, 'location': {'street': {'number': 1323, 'name': 'Rua Um'}, 'city': 'Bauru', 'state': 'Paraíba', 'countr...</msg>
<var>${json_data}</var>
<arg>${response.json()}</arg>
<doc>Returns the given values which can then be assigned to a variables.</doc>
<status status="PASS" start="2024-04-27T03:16:07.624254" elapsed="0.000633"/>
</kw>
<kw name="Set Variable" owner="BuiltIn">
<msg time="2024-04-27T03:16:07.625683" level="INFO">${name_title} = Mr</msg>
<var>${name_title}</var>
<arg>${json_data["results"][0]["name"]["title"]}</arg>
<doc>Returns the given values which can then be assigned to a variables.</doc>
<status status="PASS" start="2024-04-27T03:16:07.625261" elapsed="0.000448"/>
</kw>
<kw name="Create List" owner="BuiltIn">
<msg time="2024-04-27T03:16:07.626198" level="INFO">${allowed_titles} = ['Mr', 'Ms', 'Miss', 'Mrs', 'Madame', 'Monsieur']</msg>
<var>${allowed_titles}</var>
<arg>Mr</arg>
<arg>Ms</arg>
<arg>Miss</arg>
<arg>Mrs</arg>
<arg>Madame</arg>
<arg>Monsieur</arg>
<doc>Returns a list containing given items.</doc>
<status status="PASS" start="2024-04-27T03:16:07.626036" elapsed="0.000188"/>
</kw>
<kw name="List Should Contain Value" owner="Collections">
<msg time="2024-04-27T03:16:07.626773" level="INFO">False</msg>
<arg>${allowed_titles}</arg>
<arg>${name_title}</arg>
<doc>Fails if the ``value`` is not found from ``list``.</doc>
<status status="PASS" start="2024-04-27T03:16:07.626570" elapsed="0.000241"/>
</kw>
<kw name="Set Variable" owner="BuiltIn">
<msg time="2024-04-27T03:16:07.627524" level="INFO">${name_country} = BR</msg>
<var>${name_country}</var>
<arg>${json_data["results"][0]["nat"]}</arg>
<doc>Returns the given values which can then be assigned to a variables.</doc>
<status status="PASS" start="2024-04-27T03:16:07.627123" elapsed="0.000426"/>
</kw>
<kw name="Create List" owner="BuiltIn">
<msg time="2024-04-27T03:16:07.628478" level="INFO">${list_country} = ['AD', 'AE', 'AF', 'AG', 'AI', 'AL', 'AM', 'AO', 'AQ', 'AR', 'AS', 'AT', 'AU', 'AW', 'AX', 'AZ', 'BA', 'BB', 'BD', 'BE', 'BF', 'BG', 'BH', 'BI', 'BJ', 'BL', 'BM', 'BN', 'BO', 'BQ', 'BR', 'BS', 'BT', '...</msg>
<var>${list_country}</var>
<arg>AD</arg>
<arg>AE</arg>
<arg>AF</arg>
<arg>AG</arg>
<arg>AI</arg>
<arg>AL</arg>
<arg>AM</arg>
<arg>AO</arg>
<arg>AQ</arg>
<arg>AR</arg>
<arg>AS</arg>
<arg>AT</arg>
<arg>AU</arg>
<arg>AW</arg>
<arg>AX</arg>
<arg>AZ</arg>
<arg>BA</arg>
<arg>BB</arg>
<arg>BD</arg>
<arg>BE</arg>
<arg>BF</arg>
<arg>BG</arg>
<arg>BH</arg>
<arg>BI</arg>
<arg>BJ</arg>
<arg>BL</arg>
<arg>BM</arg>
<arg>BN</arg>
<arg>BO</arg>
<arg>BQ</arg>
<arg>BR</arg>
<arg>BS</arg>
<arg>BT</arg>
<arg>BV</arg>
<arg>BW</arg>
<arg>BY</arg>
<arg>BZ</arg>
<arg>CA</arg>
<arg>CC</arg>
<arg>CD</arg>
<arg>CF</arg>
<arg>CG</arg>
<arg>CH</arg>
<arg>CI</arg>
<arg>CK</arg>
<arg>CL</arg>
<arg>CM</arg>
<arg>CN</arg>
<arg>CO</arg>
<arg>CR</arg>
<arg>CU</arg>
<arg>CV</arg>
<arg>CW</arg>
<arg>CX</arg>
<arg>CY</arg>
<arg>CZ</arg>
<arg>DE</arg>
<arg>DJ</arg>
<arg>DK</arg>
<arg>DM</arg>
<arg>DO</arg>
<arg>DZ</arg>
<arg>EC</arg>
<arg>EE</arg>
<arg>EG</arg>
<arg>EH</arg>
<arg>ER</arg>
<arg>ES</arg>
<arg>ET</arg>
<arg>FI</arg>
<arg>FJ</arg>
<arg>FK</arg>
<arg>FM</arg>
<arg>FO</arg>
<arg>FR</arg>
<arg>GA</arg>
<arg>GB</arg>
<arg>GD</arg>
<arg>GE</arg>
<arg>GF</arg>
<arg>GG</arg>
<arg>GH</arg>
<arg>GI</arg>
<arg>GL</arg>
<arg>GM</arg>
<arg>GN</arg>
<arg>GP</arg>
<arg>GQ</arg>
<arg>GR</arg>
<arg>GS</arg>
<arg>GT</arg>
<arg>GU</arg>
<arg>GW</arg>
<arg>GY</arg>
<arg>HK</arg>
<arg>HM</arg>
<arg>HN</arg>
<arg>HR</arg>
<arg>HT</arg>
<arg>HU</arg>
<arg>ID</arg>
<arg>IE</arg>
<arg>IL</arg>
<arg>IM</arg>
<arg>IN</arg>
<arg>IO</arg>
<arg>IQ</arg>
<arg>IR</arg>
<arg>IS</arg>
<arg>IT</arg>
<arg>JE</arg>
<arg>JM</arg>
<arg>JO</arg>
<arg>JP</arg>
<arg>KE</arg>
<arg>KG</arg>
<arg>KH</arg>
<arg>KI</arg>
<arg>KM</arg>
<arg>KN</arg>
<arg>KP</arg>
<arg>KR</arg>
<arg>KW</arg>
<arg>KY</arg>
<arg>KZ</arg>
<arg>LA</arg>
<arg>LB</arg>
<arg>LC</arg>
<arg>LI</arg>
<arg>LK</arg>
<arg>LR</arg>
<arg>LS</arg>
<arg>LT</arg>
<arg>LU</arg>
<arg>LV</arg>
<arg>LY</arg>
<arg>MA</arg>
<arg>MC</arg>
<arg>MD</arg>
<arg>ME</arg>
<arg>MF</arg>
<arg>MG</arg>
<arg>MH</arg>
<arg>MK</arg>
<arg>ML</arg>
<arg>MM</arg>
<arg>MN</arg>
<arg>MO</arg>
<arg>MP</arg>
<arg>MQ</arg>
<arg>MR</arg>
<arg>MS</arg>
<arg>MT</arg>
<arg>MU</arg>
<arg>MV</arg>
<arg>MW</arg>
<arg>MX</arg>
<arg>MY</arg>
<arg>MZ</arg>
<arg>NA</arg>
<arg>NC</arg>
<arg>NE</arg>
<arg>NF</arg>
<arg>NG</arg>
<arg>NI</arg>
<arg>NL</arg>
<arg>NO</arg>
<arg>NP</arg>
<arg>NR</arg>
<arg>NU</arg>
<arg>NZ</arg>
<arg>OM</arg>
<arg>PA</arg>
<arg>PE</arg>
<arg>PF</arg>
<arg>PG</arg>
<arg>PH</arg>
<arg>PK</arg>
<arg>PL</arg>
<arg>PM</arg>
<arg>PN</arg>
<arg>PR</arg>
<arg>PS</arg>
<arg>PT</arg>
<arg>PW</arg>
<arg>PY</arg>
<arg>QA</arg>
<arg>RE</arg>
<arg>RO</arg>
<arg>RS</arg>
<arg>RU</arg>
<arg>RW</arg>
<arg>SA</arg>
<arg>SB</arg>
<arg>SC</arg>
<arg>SD</arg>
<arg>SE</arg>
<arg>SG</arg>
<arg>SH</arg>
<arg>SI</arg>
<arg>SJ</arg>
<arg>SK</arg>
<arg>SL</arg>
<arg>SM</arg>
<arg>SN</arg>
<arg>SO</arg>
<arg>SR</arg>
<arg>SS</arg>
<arg>ST</arg>
<arg>SV</arg>
<arg>SX</arg>
<arg>SY</arg>
<arg>SZ</arg>
<arg>TC</arg>
<arg>TD</arg>
<arg>TF</arg>
<arg>TG</arg>
<arg>TH</arg>
<arg>TJ</arg>
<arg>TK</arg>
<arg>TL</arg>
<arg>TM</arg>
<arg>TN</arg>
<arg>TO</arg>
<arg>TR</arg>
<arg>TT</arg>
<arg>TV</arg>
<arg>TW</arg>
<arg>TZ</arg>
<arg>UA</arg>
<arg>UG</arg>
<arg>UM</arg>
<arg>US</arg>
<arg>UY</arg>
<arg>UZ</arg>
<arg>VA</arg>
<arg>VC</arg>
<arg>VE</arg>
<arg>VG</arg>
<arg>VI</arg>
<arg>VN</arg>
<arg>VU</arg>
<arg>WF</arg>
<arg>WS</arg>
<arg>XK</arg>
<arg>YE</arg>
<arg>YT</arg>
<arg>ZA</arg>
<arg>ZM</arg>
<arg>ZW</arg>
<doc>Returns a list containing given items.</doc>
<status status="PASS" start="2024-04-27T03:16:07.627857" elapsed="0.000647"/>
</kw>
<kw name="List Should Contain Value" owner="Collections">
<msg time="2024-04-27T03:16:07.629504" level="INFO">False</msg>
<arg>${list_country}</arg>
<arg>${name_country}</arg>
<doc>Fails if the ``value`` is not found from ``list``.</doc>
<status status="PASS" start="2024-04-27T03:16:07.629300" elapsed="0.000243"/>
</kw>
<kw name="Run Keyword If" owner="BuiltIn">
<kw name="Should Be True" owner="BuiltIn">
<arg>${True}</arg>
<doc>Fails if the given condition is not true.</doc>
<status status="PASS" start="2024-04-27T03:16:07.630631" elapsed="0.000144"/>
</kw>
<arg>${json_data["results"][0]["location"]["coordinates"]["latitude"]} &gt;= -90 and ${json_data["results"][0]["location"]["coordinates"]["latitude"]} &lt;= 90</arg>
<arg>Should Be True</arg>
<arg>${True}</arg>
<doc>Runs the given keyword with the given arguments, if ``condition`` is true.</doc>
<status status="PASS" start="2024-04-27T03:16:07.629862" elapsed="0.001039"/>
</kw>
<kw name="Run Keyword If" owner="BuiltIn">
<kw name="Should Be True" owner="BuiltIn">
<arg>${True}</arg>
<doc>Fails if the given condition is not true.</doc>
<status status="PASS" start="2024-04-27T03:16:07.631794" elapsed="0.000321"/>
</kw>
<arg>${json_data["results"][0]["location"]["coordinates"]["longitude"]} &gt;= -180 and ${json_data["results"][0]["location"]["coordinates"]["longitude"]} &lt;= 180</arg>
<arg>Should Be True</arg>
<arg>${True}</arg>
<doc>Runs the given keyword with the given arguments, if ``condition`` is true.</doc>
<status status="PASS" start="2024-04-27T03:16:07.631088" elapsed="0.001157"/>
</kw>
<status status="PASS" start="2024-04-27T03:16:07.539058" elapsed="0.093322"/>
</kw>
<doc>Testa o conteúdo específico dos campos retornados pela API.</doc>
<tag>testeConteudo</tag>
<status status="PASS" start="2024-04-27T03:16:07.538482" elapsed="0.094051"/>
</test>
<status status="PASS" start="2024-04-27T03:16:06.587028" elapsed="1.047525"/>
</suite>
<status status="PASS" start="2024-04-27T03:16:06.572873" elapsed="1.066976"/>
</suite>
<statistics>
<total>
<stat pass="5" fail="0" skip="0">All Tests</stat>
</total>
<tag>
<stat pass="1" fail="0" skip="0">testeConteudo</stat>
<stat pass="1" fail="0" skip="0">testeEstruturaResposta</stat>
<stat pass="1" fail="0" skip="0">testeRequisicaoBasica</stat>
<stat pass="1" fail="0" skip="0">testeTiposDados</stat>
</tag>
<suite>
<stat pass="5" fail="0" skip="0" id="s1" name="Tests">Tests</stat>
<stat pass="5" fail="0" skip="0" id="s1-s1" name="Random-User-Test">Tests.Random-User-Test</stat>
</suite>
</statistics>
<errors>
</errors>
</robot>
