<?xml version="1.0" encoding="UTF-8"?>
<robot generator="Robot 7.0.1 (Python 3.12.4 on linux)" generated="2024-08-01T20:17:05.336311" rpa="false" schemaversion="5">
<suite id="s1" name="Tests" source="/home/runner/work/ApiRandomUser/ApiRandomUser/RamdonUser/tests">
<suite id="s1-s1" name="Random-User-Test" source="/home/runner/work/ApiRandomUser/ApiRandomUser/RamdonUser/tests/random-user-test.robot">
<test id="s1-s1-t1" name="Conectar" line="13">
<kw name="Conectar API" owner="random-user-service">
<kw name="Create Session" owner="RequestsLibrary">
<msg time="2024-08-01T20:17:05.748674" level="INFO">Creating Session using : alias=consultarAPI, url=https://randomuser.me/, headers={},                     cookies={}, auth=None, timeout=None, proxies=None, verify=False,                     debug=0 </msg>
<arg>consultarAPI</arg>
<arg>${URL}</arg>
<doc>Create Session: create a HTTP session to a server</doc>
<status status="PASS" start="2024-08-01T20:17:05.748465" elapsed="0.000421"/>
</kw>
<status status="PASS" start="2024-08-01T20:17:05.747393" elapsed="0.001876"/>
</kw>
<status status="PASS" start="2024-08-01T20:17:05.746728" elapsed="0.002739"/>
</test>
<test id="s1-s1-t2" name="Validar retorno 200 e JSON Válido" line="16">
<kw name="Teste de Requisicao Basica" owner="random-user-service">
<kw name="GET On Session" owner="RequestsLibrary">
<msg time="2024-08-01T20:17:06.049083" level="INFO">GET Request : url=https://randomuser.me/api 
 path_url=/api 
 headers={'User-Agent': 'python-requests/2.32.3', 'Accept-Encoding': 'gzip, deflate', 'Accept': '*/*', 'Connection': 'keep-alive'} 
 body=None 
 </msg>
<msg time="2024-08-01T20:17:06.049240" level="INFO">GET Response : url=https://randomuser.me/api 
 status=200, reason=OK 
 headers={'Date': 'Thu, 01 Aug 2024 20:17:06 GMT', 'Content-Type': 'application/json; charset=utf-8', 'Transfer-Encoding': 'chunked', 'Connection': 'keep-alive', 'X-Powered-By': 'Express', 'Access-Control-Allow-Origin': '*', 'Cache-Control': 'no-cache', 'ETag': 'W/"4a2-EkA09XK7isJ3NhiyzSle7umHKBU"', 'Vary': 'Accept-Encoding', 'Content-Encoding': 'gzip', 'CF-Cache-Status': 'DYNAMIC', 'Report-To': '{"endpoints":[{"url":"https:\\/\\/a.nel.cloudflare.com\\/report\\/v4?s=lAJI5FXx2x7w%2B2CyH5ig6ghB3qv7SZFkEVK%2BIBjNGLtn3l5nuqVw%2FtMXHIdo4CEOyC5NaxlN6d4QHNgZkeTbYHuSQ487%2Fz0FSfzaH4LgaU3F01y3%2FLdEy2%2FcIda5a3mM"}],"group":"cf-nel","max_age":604800}', 'NEL': '{"success_fraction":0,"report_to":"cf-nel","max_age":604800}', 'Server': 'cloudflare', 'CF-RAY': '8ac8827bfb0c9673-SJC', 'alt-svc': 'h3=":443"; ma=86400'} 
 body={"results":[{"gender":"female","name":{"title":"Miss","first":"Suzanna","last":"Ruiz"},"location":{"street":{"number":4355,"name":"Bridge Road"},"city":"Lisburn","state":"Lancashire","country":"United Kingdom","postcode":"XL23 3AA","coordinates":{"latitude":"-8.6537","longitude":"53.9112"},"timezone":{"offset":"+10:00","description":"Eastern Australia, Guam, Vladivostok"}},"email":"suzanna.ruiz@example.com","login":{"uuid":"ec5f6179-b0a5-46fe-b300-282713f802f0","username":"angrycat584","password":"3ip76k2","salt":"cOuy857n","md5":"8e5cc14d7aa94e0ff53ef29e5d18497d","sha1":"a23511780478b6a3a2cc498dae25c18c0ab5ff5d","sha256":"9de8654393021be458ef8c44575a7a268b868ff6d256cfa1fd4e3acce0f48e5c"},"dob":{"date":"1952-09-12T17:44:13.907Z","age":71},"registered":{"date":"2011-04-30T17:35:30.354Z","age":13},"phone":"016974 64849","cell":"07721 291020","id":{"name":"NINO","value":"XL 93 86 78 U"},"picture":{"large":"https://randomuser.me/api/portraits/women/11.jpg","medium":"https://randomuser.me/api/portraits/med/women/11.jpg","thumbnail":"https://randomuser.me/api/portraits/thumb/women/11.jpg"},"nat":"GB"}],"info":{"seed":"6590ca7d56198af0","results":1,"page":1,"version":"1.4"}} 
 </msg>
<msg time="2024-08-01T20:17:06.049324" level="INFO">/opt/hostedtoolcache/Python/3.12.4/x64/lib/python3.12/site-packages/urllib3/connectionpool.py:1099: InsecureRequestWarning: Unverified HTTPS request is being made to host 'randomuser.me'. Adding certificate verification is strongly advised. See: https://urllib3.readthedocs.io/en/latest/advanced-usage.html#tls-warnings
  warnings.warn(</msg>
<msg time="2024-08-01T20:17:06.049496" level="INFO">${response} = &lt;Response [200]&gt;</msg>
<var>${response}</var>
<arg>consultarAPI</arg>
<arg>/api</arg>
<doc>Sends a GET request on a previously created HTTP Session.</doc>
<status status="PASS" start="2024-08-01T20:17:05.752134" elapsed="0.297400"/>
</kw>
<kw name="Should Be Equal As Numbers" owner="BuiltIn">
<msg time="2024-08-01T20:17:06.050553" level="INFO">Argument types are:
&lt;class 'int'&gt;
&lt;class 'str'&gt;</msg>
<arg>${response.status_code}</arg>
<arg>200</arg>
<doc>Fails if objects are unequal after converting them to real numbers.</doc>
<status status="PASS" start="2024-08-01T20:17:06.050081" elapsed="0.000542"/>
</kw>
<kw name="Log" owner="BuiltIn">
<msg time="2024-08-01T20:17:06.051360" level="INFO">200</msg>
<arg>${response.status_code}</arg>
<doc>Logs the given message with the given level.</doc>
<status status="PASS" start="2024-08-01T20:17:06.050957" elapsed="0.000450"/>
</kw>
<kw name="Set Variable" owner="BuiltIn">
<msg time="2024-08-01T20:17:06.052181" level="INFO">${json_data} = {'results': [{'gender': 'female', 'name': {'title': 'Miss', 'first': 'Suzanna', 'last': 'Ruiz'}, 'location': {'street': {'number': 4355, 'name': 'Bridge Road'}, 'city': 'Lisburn', 'state': 'Lancashire...</msg>
<var>${json_data}</var>
<arg>${response.json()}</arg>
<doc>Returns the given values which can then be assigned to a variables.</doc>
<status status="PASS" start="2024-08-01T20:17:06.051725" elapsed="0.000485"/>
</kw>
<kw name="Dictionary Should Contain Key" owner="Collections">
<arg>${json_data}</arg>
<arg>results</arg>
<doc>Fails if ``key`` is not found from ``dictionary``.</doc>
<status status="PASS" start="2024-08-01T20:17:06.052523" elapsed="0.000354"/>
</kw>
<status status="PASS" start="2024-08-01T20:17:05.751880" elapsed="0.301158"/>
</kw>
<doc>Testa se a API responde corretamente e retorna um objeto JSON válido.</doc>
<tag>testeRequisicaoBasica</tag>
<status status="PASS" start="2024-08-01T20:17:05.751350" elapsed="0.301872"/>
</test>
<test id="s1-s1-t3" name="Validar estrutura de resposta" line="22">
<kw name="Teste de Estrutura de Resposta" owner="random-user-service">
<kw name="GET On Session" owner="RequestsLibrary">
<msg time="2024-08-01T20:17:06.223969" level="INFO">GET Request : url=https://randomuser.me/api 
 path_url=/api 
 headers={'User-Agent': 'python-requests/2.32.3', 'Accept-Encoding': 'gzip, deflate', 'Accept': '*/*', 'Connection': 'keep-alive'} 
 body=None 
 </msg>
<msg time="2024-08-01T20:17:06.224070" level="INFO">GET Response : url=https://randomuser.me/api 
 status=200, reason=OK 
 headers={'Date': 'Thu, 01 Aug 2024 20:17:06 GMT', 'Content-Type': 'application/json; charset=utf-8', 'Transfer-Encoding': 'chunked', 'Connection': 'keep-alive', 'X-Powered-By': 'Express', 'Access-Control-Allow-Origin': '*', 'Cache-Control': 'no-cache', 'ETag': 'W/"48b-8tbFHGyflge9abZ1A4Y3jP/HFNg"', 'Vary': 'Accept-Encoding', 'Content-Encoding': 'gzip', 'CF-Cache-Status': 'DYNAMIC', 'Report-To': '{"endpoints":[{"url":"https:\\/\\/a.nel.cloudflare.com\\/report\\/v4?s=lemP%2FAu8XsVTOra7WT%2BhBzJ0HlKKgAKFVr8oSBvJt32XXweQRpZMwi9%2B5nqXbqYeHMoXTuiUstVRhhlgKm5IW%2BQ2jajf3NGw1GlSqVLAmwVKK939aGVYMoGxCUPMCzpW"}],"group":"cf-nel","max_age":604800}', 'NEL': '{"success_fraction":0,"report_to":"cf-nel","max_age":604800}', 'Server': 'cloudflare', 'CF-RAY': '8ac8827cdb7e9673-SJC', 'alt-svc': 'h3=":443"; ma=86400'} 
 body={"results":[{"gender":"male","name":{"title":"Mr","first":"Warren","last":"Herrera"},"location":{"street":{"number":3101,"name":"Fairview St"},"city":"Springfield","state":"Indiana","country":"United States","postcode":65917,"coordinates":{"latitude":"85.6358","longitude":"-39.4997"},"timezone":{"offset":"+7:00","description":"Bangkok, Hanoi, Jakarta"}},"email":"warren.herrera@example.com","login":{"uuid":"f6c44d49-6399-4137-9fce-93ac549bbcba","username":"silvertiger611","password":"zxcvb","salt":"ypJKfoEu","md5":"2d2e132d057bfb4b73c553c68d56f261","sha1":"bc443b41688112d8379e5c1f10ac5655d88f50a9","sha256":"23d751ba7b7ceb81e146843cf88acd6552f9590632a74bb6856f8bd86688dd9a"},"dob":{"date":"1958-08-30T05:38:16.320Z","age":65},"registered":{"date":"2015-12-11T02:02:16.803Z","age":8},"phone":"(426) 777-7628","cell":"(872) 244-2895","id":{"name":"SSN","value":"802-55-9474"},"picture":{"large":"https://randomuser.me/api/portraits/men/76.jpg","medium":"https://randomuser.me/api/portraits/med/men/76.jpg","thumbnail":"https://randomuser.me/api/portraits/thumb/men/76.jpg"},"nat":"US"}],"info":{"seed":"85e06c4975098364","results":1,"page":1,"version":"1.4"}} 
 </msg>
<msg time="2024-08-01T20:17:06.224207" level="INFO">/opt/hostedtoolcache/Python/3.12.4/x64/lib/python3.12/site-packages/urllib3/connectionpool.py:1099: InsecureRequestWarning: Unverified HTTPS request is being made to host 'randomuser.me'. Adding certificate verification is strongly advised. See: https://urllib3.readthedocs.io/en/latest/advanced-usage.html#tls-warnings
  warnings.warn(</msg>
<msg time="2024-08-01T20:17:06.224357" level="INFO">${response} = &lt;Response [200]&gt;</msg>
<var>${response}</var>
<arg>consultarAPI</arg>
<arg>/api</arg>
<doc>Sends a GET request on a previously created HTTP Session.</doc>
<status status="PASS" start="2024-08-01T20:17:06.055892" elapsed="0.168506"/>
</kw>
<kw name="Set Variable" owner="BuiltIn">
<msg time="2024-08-01T20:17:06.225454" level="INFO">${json_data} = {'results': [{'gender': 'male', 'name': {'title': 'Mr', 'first': 'Warren', 'last': 'Herrera'}, 'location': {'street': {'number': 3101, 'name': 'Fairview St'}, 'city': 'Springfield', 'state': 'Indiana'...</msg>
<var>${json_data}</var>
<arg>${response.json()}</arg>
<doc>Returns the given values which can then be assigned to a variables.</doc>
<status status="PASS" start="2024-08-01T20:17:06.224932" elapsed="0.000551"/>
</kw>
<kw name="Log" owner="BuiltIn">
<msg time="2024-08-01T20:17:06.225989" level="INFO">{'results': [{'gender': 'male', 'name': {'title': 'Mr', 'first': 'Warren', 'last': 'Herrera'}, 'location': {'street': {'number': 3101, 'name': 'Fairview St'}, 'city': 'Springfield', 'state': 'Indiana', 'country': 'United States', 'postcode': 65917, 'coordinates': {'latitude': '85.6358', 'longitude': '-39.4997'}, 'timezone': {'offset': '+7:00', 'description': 'Bangkok, Hanoi, Jakarta'}}, 'email': 'warren.herrera@example.com', 'login': {'uuid': 'f6c44d49-6399-4137-9fce-93ac549bbcba', 'username': 'silvertiger611', 'password': 'zxcvb', 'salt': 'ypJKfoEu', 'md5': '2d2e132d057bfb4b73c553c68d56f261', 'sha1': 'bc443b41688112d8379e5c1f10ac5655d88f50a9', 'sha256': '23d751ba7b7ceb81e146843cf88acd6552f9590632a74bb6856f8bd86688dd9a'}, 'dob': {'date': '1958-08-30T05:38:16.320Z', 'age': 65}, 'registered': {'date': '2015-12-11T02:02:16.803Z', 'age': 8}, 'phone': '(426) 777-7628', 'cell': '(872) 244-2895', 'id': {'name': 'SSN', 'value': '802-55-9474'}, 'picture': {'large': 'https://randomuser.me/api/portraits/men/76.jpg', 'medium': 'https://randomuser.me/api/portraits/med/men/76.jpg', 'thumbnail': 'https://randomuser.me/api/portraits/thumb/men/76.jpg'}, 'nat': 'US'}], 'info': {'seed': '85e06c4975098364', 'results': 1, 'page': 1, 'version': '1.4'}}</msg>
<arg>${json_data}</arg>
<doc>Logs the given message with the given level.</doc>
<status status="PASS" start="2024-08-01T20:17:06.225792" elapsed="0.000269"/>
</kw>
<kw name="Dictionary Should Contain Key" owner="Collections">
<arg>${json_data}</arg>
<arg>results</arg>
<doc>Fails if ``key`` is not found from ``dictionary``.</doc>
<status status="PASS" start="2024-08-01T20:17:06.226493" elapsed="0.000236"/>
</kw>
<kw name="Should Not Be Empty" owner="BuiltIn">
<msg time="2024-08-01T20:17:06.227279" level="INFO">Length is 2.</msg>
<arg>${json_data}</arg>
<doc>Verifies that the given item is not empty.</doc>
<status status="PASS" start="2024-08-01T20:17:06.227033" elapsed="0.000340"/>
</kw>
<kw name="Create List" owner="BuiltIn">
<msg time="2024-08-01T20:17:06.228050" level="INFO">${expected_keys} = ['gender', 'name', 'location', 'email', 'login']</msg>
<var>${expected_keys}</var>
<arg>gender</arg>
<arg>name</arg>
<arg>location</arg>
<arg>email</arg>
<arg>login</arg>
<doc>Returns a list containing given items.</doc>
<status status="PASS" start="2024-08-01T20:17:06.227825" elapsed="0.000263"/>
</kw>
<for flavor="IN">
<iter>
<kw name="Dictionary Should Contain Key" owner="Collections">
<arg>${json_data['results'][0]}</arg>
<arg>${key}</arg>
<doc>Fails if ``key`` is not found from ``dictionary``.</doc>
<status status="PASS" start="2024-08-01T20:17:06.228993" elapsed="0.000605"/>
</kw>
<kw name="Log" owner="BuiltIn">
<msg time="2024-08-01T20:17:06.230163" level="INFO">{'gender': 'male', 'name': {'title': 'Mr', 'first': 'Warren', 'last': 'Herrera'}, 'location': {'street': {'number': 3101, 'name': 'Fairview St'}, 'city': 'Springfield', 'state': 'Indiana', 'country': 'United States', 'postcode': 65917, 'coordinates': {'latitude': '85.6358', 'longitude': '-39.4997'}, 'timezone': {'offset': '+7:00', 'description': 'Bangkok, Hanoi, Jakarta'}}, 'email': 'warren.herrera@example.com', 'login': {'uuid': 'f6c44d49-6399-4137-9fce-93ac549bbcba', 'username': 'silvertiger611', 'password': 'zxcvb', 'salt': 'ypJKfoEu', 'md5': '2d2e132d057bfb4b73c553c68d56f261', 'sha1': 'bc443b41688112d8379e5c1f10ac5655d88f50a9', 'sha256': '23d751ba7b7ceb81e146843cf88acd6552f9590632a74bb6856f8bd86688dd9a'}, 'dob': {'date': '1958-08-30T05:38:16.320Z', 'age': 65}, 'registered': {'date': '2015-12-11T02:02:16.803Z', 'age': 8}, 'phone': '(426) 777-7628', 'cell': '(872) 244-2895', 'id': {'name': 'SSN', 'value': '802-55-9474'}, 'picture': {'large': 'https://randomuser.me/api/portraits/men/76.jpg', 'medium': 'https://randomuser.me/api/portraits/med/men/76.jpg', 'thumbnail': 'https://randomuser.me/api/portraits/thumb/men/76.jpg'}, 'nat': 'US'}</msg>
<arg>${json_data['results'][0]}</arg>
<doc>Logs the given message with the given level.</doc>
<status status="PASS" start="2024-08-01T20:17:06.229794" elapsed="0.000423"/>
</kw>
<kw name="Log" owner="BuiltIn">
<msg time="2024-08-01T20:17:06.230666" level="INFO">gender</msg>
<arg>${key}</arg>
<doc>Logs the given message with the given level.</doc>
<status status="PASS" start="2024-08-01T20:17:06.230528" elapsed="0.000179"/>
</kw>
<var name="${key}">gender</var>
<status status="PASS" start="2024-08-01T20:17:06.228785" elapsed="0.002147"/>
</iter>
<iter>
<kw name="Dictionary Should Contain Key" owner="Collections">
<arg>${json_data['results'][0]}</arg>
<arg>${key}</arg>
<doc>Fails if ``key`` is not found from ``dictionary``.</doc>
<status status="PASS" start="2024-08-01T20:17:06.231237" elapsed="0.000435"/>
</kw>
<kw name="Log" owner="BuiltIn">
<msg time="2024-08-01T20:17:06.232224" level="INFO">{'gender': 'male', 'name': {'title': 'Mr', 'first': 'Warren', 'last': 'Herrera'}, 'location': {'street': {'number': 3101, 'name': 'Fairview St'}, 'city': 'Springfield', 'state': 'Indiana', 'country': 'United States', 'postcode': 65917, 'coordinates': {'latitude': '85.6358', 'longitude': '-39.4997'}, 'timezone': {'offset': '+7:00', 'description': 'Bangkok, Hanoi, Jakarta'}}, 'email': 'warren.herrera@example.com', 'login': {'uuid': 'f6c44d49-6399-4137-9fce-93ac549bbcba', 'username': 'silvertiger611', 'password': 'zxcvb', 'salt': 'ypJKfoEu', 'md5': '2d2e132d057bfb4b73c553c68d56f261', 'sha1': 'bc443b41688112d8379e5c1f10ac5655d88f50a9', 'sha256': '23d751ba7b7ceb81e146843cf88acd6552f9590632a74bb6856f8bd86688dd9a'}, 'dob': {'date': '1958-08-30T05:38:16.320Z', 'age': 65}, 'registered': {'date': '2015-12-11T02:02:16.803Z', 'age': 8}, 'phone': '(426) 777-7628', 'cell': '(872) 244-2895', 'id': {'name': 'SSN', 'value': '802-55-9474'}, 'picture': {'large': 'https://randomuser.me/api/portraits/men/76.jpg', 'medium': 'https://randomuser.me/api/portraits/med/men/76.jpg', 'thumbnail': 'https://randomuser.me/api/portraits/thumb/men/76.jpg'}, 'nat': 'US'}</msg>
<arg>${json_data['results'][0]}</arg>
<doc>Logs the given message with the given level.</doc>
<status status="PASS" start="2024-08-01T20:17:06.231857" elapsed="0.000461"/>
</kw>
<kw name="Log" owner="BuiltIn">
<msg time="2024-08-01T20:17:06.232754" level="INFO">name</msg>
<arg>${key}</arg>
<doc>Logs the given message with the given level.</doc>
<status status="PASS" start="2024-08-01T20:17:06.232622" elapsed="0.000171"/>
</kw>
<var name="${key}">name</var>
<status status="PASS" start="2024-08-01T20:17:06.231124" elapsed="0.001892"/>
</iter>
<iter>
<kw name="Dictionary Should Contain Key" owner="Collections">
<arg>${json_data['results'][0]}</arg>
<arg>${key}</arg>
<doc>Fails if ``key`` is not found from ``dictionary``.</doc>
<status status="PASS" start="2024-08-01T20:17:06.233304" elapsed="0.000385"/>
</kw>
<kw name="Log" owner="BuiltIn">
<msg time="2024-08-01T20:17:06.234229" level="INFO">{'gender': 'male', 'name': {'title': 'Mr', 'first': 'Warren', 'last': 'Herrera'}, 'location': {'street': {'number': 3101, 'name': 'Fairview St'}, 'city': 'Springfield', 'state': 'Indiana', 'country': 'United States', 'postcode': 65917, 'coordinates': {'latitude': '85.6358', 'longitude': '-39.4997'}, 'timezone': {'offset': '+7:00', 'description': 'Bangkok, Hanoi, Jakarta'}}, 'email': 'warren.herrera@example.com', 'login': {'uuid': 'f6c44d49-6399-4137-9fce-93ac549bbcba', 'username': 'silvertiger611', 'password': 'zxcvb', 'salt': 'ypJKfoEu', 'md5': '2d2e132d057bfb4b73c553c68d56f261', 'sha1': 'bc443b41688112d8379e5c1f10ac5655d88f50a9', 'sha256': '23d751ba7b7ceb81e146843cf88acd6552f9590632a74bb6856f8bd86688dd9a'}, 'dob': {'date': '1958-08-30T05:38:16.320Z', 'age': 65}, 'registered': {'date': '2015-12-11T02:02:16.803Z', 'age': 8}, 'phone': '(426) 777-7628', 'cell': '(872) 244-2895', 'id': {'name': 'SSN', 'value': '802-55-9474'}, 'picture': {'large': 'https://randomuser.me/api/portraits/men/76.jpg', 'medium': 'https://randomuser.me/api/portraits/med/men/76.jpg', 'thumbnail': 'https://randomuser.me/api/portraits/thumb/men/76.jpg'}, 'nat': 'US'}</msg>
<arg>${json_data['results'][0]}</arg>
<doc>Logs the given message with the given level.</doc>
<status status="PASS" start="2024-08-01T20:17:06.233876" elapsed="0.000401"/>
</kw>
<kw name="Log" owner="BuiltIn">
<msg time="2024-08-01T20:17:06.234706" level="INFO">location</msg>
<arg>${key}</arg>
<doc>Logs the given message with the given level.</doc>
<status status="PASS" start="2024-08-01T20:17:06.234575" elapsed="0.000170"/>
</kw>
<var name="${key}">location</var>
<status status="PASS" start="2024-08-01T20:17:06.233196" elapsed="0.001778"/>
</iter>
<iter>
<kw name="Dictionary Should Contain Key" owner="Collections">
<arg>${json_data['results'][0]}</arg>
<arg>${key}</arg>
<doc>Fails if ``key`` is not found from ``dictionary``.</doc>
<status status="PASS" start="2024-08-01T20:17:06.235286" elapsed="0.000405"/>
</kw>
<kw name="Log" owner="BuiltIn">
<msg time="2024-08-01T20:17:06.236365" level="INFO">{'gender': 'male', 'name': {'title': 'Mr', 'first': 'Warren', 'last': 'Herrera'}, 'location': {'street': {'number': 3101, 'name': 'Fairview St'}, 'city': 'Springfield', 'state': 'Indiana', 'country': 'United States', 'postcode': 65917, 'coordinates': {'latitude': '85.6358', 'longitude': '-39.4997'}, 'timezone': {'offset': '+7:00', 'description': 'Bangkok, Hanoi, Jakarta'}}, 'email': 'warren.herrera@example.com', 'login': {'uuid': 'f6c44d49-6399-4137-9fce-93ac549bbcba', 'username': 'silvertiger611', 'password': 'zxcvb', 'salt': 'ypJKfoEu', 'md5': '2d2e132d057bfb4b73c553c68d56f261', 'sha1': 'bc443b41688112d8379e5c1f10ac5655d88f50a9', 'sha256': '23d751ba7b7ceb81e146843cf88acd6552f9590632a74bb6856f8bd86688dd9a'}, 'dob': {'date': '1958-08-30T05:38:16.320Z', 'age': 65}, 'registered': {'date': '2015-12-11T02:02:16.803Z', 'age': 8}, 'phone': '(426) 777-7628', 'cell': '(872) 244-2895', 'id': {'name': 'SSN', 'value': '802-55-9474'}, 'picture': {'large': 'https://randomuser.me/api/portraits/men/76.jpg', 'medium': 'https://randomuser.me/api/portraits/med/men/76.jpg', 'thumbnail': 'https://randomuser.me/api/portraits/thumb/men/76.jpg'}, 'nat': 'US'}</msg>
<arg>${json_data['results'][0]}</arg>
<doc>Logs the given message with the given level.</doc>
<status status="PASS" start="2024-08-01T20:17:06.236011" elapsed="0.000403"/>
</kw>
<kw name="Log" owner="BuiltIn">
<msg time="2024-08-01T20:17:06.236854" level="INFO">email</msg>
<arg>${key}</arg>
<doc>Logs the given message with the given level.</doc>
<status status="PASS" start="2024-08-01T20:17:06.236722" elapsed="0.000172"/>
</kw>
<var name="${key}">email</var>
<status status="PASS" start="2024-08-01T20:17:06.235149" elapsed="0.001962"/>
</iter>
<iter>
<kw name="Dictionary Should Contain Key" owner="Collections">
<arg>${json_data['results'][0]}</arg>
<arg>${key}</arg>
<doc>Fails if ``key`` is not found from ``dictionary``.</doc>
<status status="PASS" start="2024-08-01T20:17:06.237398" elapsed="0.000383"/>
</kw>
<kw name="Log" owner="BuiltIn">
<msg time="2024-08-01T20:17:06.238316" level="INFO">{'gender': 'male', 'name': {'title': 'Mr', 'first': 'Warren', 'last': 'Herrera'}, 'location': {'street': {'number': 3101, 'name': 'Fairview St'}, 'city': 'Springfield', 'state': 'Indiana', 'country': 'United States', 'postcode': 65917, 'coordinates': {'latitude': '85.6358', 'longitude': '-39.4997'}, 'timezone': {'offset': '+7:00', 'description': 'Bangkok, Hanoi, Jakarta'}}, 'email': 'warren.herrera@example.com', 'login': {'uuid': 'f6c44d49-6399-4137-9fce-93ac549bbcba', 'username': 'silvertiger611', 'password': 'zxcvb', 'salt': 'ypJKfoEu', 'md5': '2d2e132d057bfb4b73c553c68d56f261', 'sha1': 'bc443b41688112d8379e5c1f10ac5655d88f50a9', 'sha256': '23d751ba7b7ceb81e146843cf88acd6552f9590632a74bb6856f8bd86688dd9a'}, 'dob': {'date': '1958-08-30T05:38:16.320Z', 'age': 65}, 'registered': {'date': '2015-12-11T02:02:16.803Z', 'age': 8}, 'phone': '(426) 777-7628', 'cell': '(872) 244-2895', 'id': {'name': 'SSN', 'value': '802-55-9474'}, 'picture': {'large': 'https://randomuser.me/api/portraits/men/76.jpg', 'medium': 'https://randomuser.me/api/portraits/med/men/76.jpg', 'thumbnail': 'https://randomuser.me/api/portraits/thumb/men/76.jpg'}, 'nat': 'US'}</msg>
<arg>${json_data['results'][0]}</arg>
<doc>Logs the given message with the given level.</doc>
<status status="PASS" start="2024-08-01T20:17:06.237968" elapsed="0.000396"/>
</kw>
<kw name="Log" owner="BuiltIn">
<msg time="2024-08-01T20:17:06.238781" level="INFO">login</msg>
<arg>${key}</arg>
<doc>Logs the given message with the given level.</doc>
<status status="PASS" start="2024-08-01T20:17:06.238653" elapsed="0.000165"/>
</kw>
<var name="${key}">login</var>
<status status="PASS" start="2024-08-01T20:17:06.237288" elapsed="0.001745"/>
</iter>
<var>${key}</var>
<value>@{expected_keys}</value>
<status status="PASS" start="2024-08-01T20:17:06.228467" elapsed="0.010689"/>
</for>
<kw name="Create List" owner="BuiltIn">
<msg time="2024-08-01T20:17:06.239536" level="INFO">${expected_keysTwo} = ['username', 'password']</msg>
<var>${expected_keysTwo}</var>
<arg>username</arg>
<arg>password</arg>
<doc>Returns a list containing given items.</doc>
<status status="PASS" start="2024-08-01T20:17:06.239388" elapsed="0.000202"/>
</kw>
<for flavor="IN">
<iter>
<kw name="Dictionary Should Contain Key" owner="Collections">
<arg>${json_data['results'][0]['login']}</arg>
<arg>${keyTwo}</arg>
<doc>Fails if ``key`` is not found from ``dictionary``.</doc>
<status status="PASS" start="2024-08-01T20:17:06.240108" elapsed="0.000388"/>
</kw>
<kw name="Dictionary Should Contain Key" owner="Collections">
<arg>${json_data['results'][0]['login']}</arg>
<arg>${keyTwo}</arg>
<doc>Fails if ``key`` is not found from ``dictionary``.</doc>
<status status="PASS" start="2024-08-01T20:17:06.240678" elapsed="0.000380"/>
</kw>
<kw name="Log" owner="BuiltIn">
<msg time="2024-08-01T20:17:06.241356" level="INFO">username</msg>
<arg>${keyTwo}</arg>
<doc>Logs the given message with the given level.</doc>
<status status="PASS" start="2024-08-01T20:17:06.241233" elapsed="0.000161"/>
</kw>
<var name="${keyTwo}">username</var>
<status status="PASS" start="2024-08-01T20:17:06.239998" elapsed="0.001621"/>
</iter>
<iter>
<kw name="Dictionary Should Contain Key" owner="Collections">
<arg>${json_data['results'][0]['login']}</arg>
<arg>${keyTwo}</arg>
<doc>Fails if ``key`` is not found from ``dictionary``.</doc>
<status status="PASS" start="2024-08-01T20:17:06.241906" elapsed="0.000387"/>
</kw>
<kw name="Dictionary Should Contain Key" owner="Collections">
<arg>${json_data['results'][0]['login']}</arg>
<arg>${keyTwo}</arg>
<doc>Fails if ``key`` is not found from ``dictionary``.</doc>
<status status="PASS" start="2024-08-01T20:17:06.242475" elapsed="0.000377"/>
</kw>
<kw name="Log" owner="BuiltIn">
<msg time="2024-08-01T20:17:06.243158" level="INFO">password</msg>
<arg>${keyTwo}</arg>
<doc>Logs the given message with the given level.</doc>
<status status="PASS" start="2024-08-01T20:17:06.243030" elapsed="0.000168"/>
</kw>
<var name="${keyTwo}">password</var>
<status status="PASS" start="2024-08-01T20:17:06.241794" elapsed="0.001664"/>
</iter>
<var>${keyTwo}</var>
<value>@{expected_keysTwo}</value>
<status status="PASS" start="2024-08-01T20:17:06.239840" elapsed="0.003752"/>
</for>
<status status="PASS" start="2024-08-01T20:17:06.055648" elapsed="0.188088"/>
</kw>
<doc>Testa a estrutura da resposta da API.</doc>
<tag>testeEstruturaResposta</tag>
<status status="PASS" start="2024-08-01T20:17:06.055099" elapsed="0.188800"/>
</test>
<test id="s1-s1-t4" name="Validar tipos de dados" line="28">
<kw name="Teste de Tipos de Dados" owner="random-user-service">
<kw name="GET On Session" owner="RequestsLibrary">
<msg time="2024-08-01T20:17:06.359453" level="INFO">GET Request : url=https://randomuser.me/api 
 path_url=/api 
 headers={'User-Agent': 'python-requests/2.32.3', 'Accept-Encoding': 'gzip, deflate', 'Accept': '*/*', 'Connection': 'keep-alive'} 
 body=None 
 </msg>
<msg time="2024-08-01T20:17:06.359573" level="INFO">GET Response : url=https://randomuser.me/api 
 status=200, reason=OK 
 headers={'Date': 'Thu, 01 Aug 2024 20:17:06 GMT', 'Content-Type': 'application/json; charset=utf-8', 'Transfer-Encoding': 'chunked', 'Connection': 'keep-alive', 'X-Powered-By': 'Express', 'Access-Control-Allow-Origin': '*', 'Cache-Control': 'no-cache', 'ETag': 'W/"498-OijYK5sD1X9XhAUdZrQn/EZxUU4"', 'Vary': 'Accept-Encoding', 'Content-Encoding': 'gzip', 'CF-Cache-Status': 'DYNAMIC', 'Report-To': '{"endpoints":[{"url":"https:\\/\\/a.nel.cloudflare.com\\/report\\/v4?s=A6tU0qox9pn3o2djn%2Fd7a50%2BPohoIA0tG%2BcH6ZecYChinU6l5JkRZxRBpr7RNua4lq0UHm96EkQVxjf%2FLGdREf6JIFQ3NdXi%2FaSnHbke8%2BHDCFSfsyYjTzfTQ7s6DTSq"}],"group":"cf-nel","max_age":604800}', 'NEL': '{"success_fraction":0,"report_to":"cf-nel","max_age":604800}', 'Server': 'cloudflare', 'CF-RAY': '8ac8827e0c2f9673-SJC', 'alt-svc': 'h3=":443"; ma=86400'} 
 body={"results":[{"gender":"female","name":{"title":"Mrs","first":"Rosalyn","last":"Reynolds"},"location":{"street":{"number":4736,"name":"Springfield Road"},"city":"Cobh","state":"Westmeath","country":"Ireland","postcode":33667,"coordinates":{"latitude":"0.7427","longitude":"118.7972"},"timezone":{"offset":"+5:30","description":"Bombay, Calcutta, Madras, New Delhi"}},"email":"rosalyn.reynolds@example.com","login":{"uuid":"cc8b7c4e-4d49-4cab-982a-b2cda92c515f","username":"redpeacock261","password":"bollocks","salt":"1pLXOTxI","md5":"3a73f9d76a1e97b963f68b53fb7517a9","sha1":"3aa922bda5de617117df2ccbb2a02da9b1333ab7","sha256":"0abd9c697d719eb955bec39f756b926bc230fc6e09795f15b616247b8e42960c"},"dob":{"date":"1987-12-12T10:54:48.248Z","age":36},"registered":{"date":"2019-08-18T04:09:25.152Z","age":4},"phone":"051-173-0399","cell":"081-759-7017","id":{"name":"PPS","value":"4356456T"},"picture":{"large":"https://randomuser.me/api/portraits/women/63.jpg","medium":"https://randomuser.me/api/portraits/med/women/63.jpg","thumbnail":"https://randomuser.me/api/portraits/thumb/women/63.jpg"},"nat":"IE"}],"info":{"seed":"40c6a894002d1284","results":1,"page":1,"version":"1.4"}} 
 </msg>
<msg time="2024-08-01T20:17:06.359658" level="INFO">/opt/hostedtoolcache/Python/3.12.4/x64/lib/python3.12/site-packages/urllib3/connectionpool.py:1099: InsecureRequestWarning: Unverified HTTPS request is being made to host 'randomuser.me'. Adding certificate verification is strongly advised. See: https://urllib3.readthedocs.io/en/latest/advanced-usage.html#tls-warnings
  warnings.warn(</msg>
<msg time="2024-08-01T20:17:06.359825" level="INFO">${response} = &lt;Response [200]&gt;</msg>
<var>${response}</var>
<arg>consultarAPI</arg>
<arg>/api</arg>
<doc>Sends a GET request on a previously created HTTP Session.</doc>
<status status="PASS" start="2024-08-01T20:17:06.246370" elapsed="0.113513"/>
</kw>
<kw name="Set Variable" owner="BuiltIn">
<msg time="2024-08-01T20:17:06.360952" level="INFO">${json_data} = {'results': [{'gender': 'female', 'name': {'title': 'Mrs', 'first': 'Rosalyn', 'last': 'Reynolds'}, 'location': {'street': {'number': 4736, 'name': 'Springfield Road'}, 'city': 'Cobh', 'state': 'Westm...</msg>
<var>${json_data}</var>
<arg>${response.json()}</arg>
<doc>Returns the given values which can then be assigned to a variables.</doc>
<status status="PASS" start="2024-08-01T20:17:06.360406" elapsed="0.000576"/>
</kw>
<kw name="Log" owner="BuiltIn">
<msg time="2024-08-01T20:17:06.361453" level="INFO">{'results': [{'gender': 'female', 'name': {'title': 'Mrs', 'first': 'Rosalyn', 'last': 'Reynolds'}, 'location': {'street': {'number': 4736, 'name': 'Springfield Road'}, 'city': 'Cobh', 'state': 'Westmeath', 'country': 'Ireland', 'postcode': 33667, 'coordinates': {'latitude': '0.7427', 'longitude': '118.7972'}, 'timezone': {'offset': '+5:30', 'description': 'Bombay, Calcutta, Madras, New Delhi'}}, 'email': 'rosalyn.reynolds@example.com', 'login': {'uuid': 'cc8b7c4e-4d49-4cab-982a-b2cda92c515f', 'username': 'redpeacock261', 'password': 'bollocks', 'salt': '1pLXOTxI', 'md5': '3a73f9d76a1e97b963f68b53fb7517a9', 'sha1': '3aa922bda5de617117df2ccbb2a02da9b1333ab7', 'sha256': '0abd9c697d719eb955bec39f756b926bc230fc6e09795f15b616247b8e42960c'}, 'dob': {'date': '1987-12-12T10:54:48.248Z', 'age': 36}, 'registered': {'date': '2019-08-18T04:09:25.152Z', 'age': 4}, 'phone': '051-173-0399', 'cell': '081-759-7017', 'id': {'name': 'PPS', 'value': '4356456T'}, 'picture': {'large': 'https://randomuser.me/api/portraits/women/63.jpg', 'medium': 'https://randomuser.me/api/portraits/med/women/63.jpg', 'thumbnail': 'https://randomuser.me/api/portraits/thumb/women/63.jpg'}, 'nat': 'IE'}], 'info': {'seed': '40c6a894002d1284', 'results': 1, 'page': 1, 'version': '1.4'}}</msg>
<arg>${json_data}</arg>
<doc>Logs the given message with the given level.</doc>
<status status="PASS" start="2024-08-01T20:17:06.361295" elapsed="0.000207"/>
</kw>
<kw name="Should Be String" owner="String">
<arg>${json_data['results'][0]['gender']}</arg>
<doc>Fails if the given ``item`` is not a string.</doc>
<status status="PASS" start="2024-08-01T20:17:06.361794" elapsed="0.000369"/>
</kw>
<kw name="Should Match Regexp" owner="BuiltIn">
<arg>${json_data['results'][0]['email']}</arg>
<arg>^[a-zA-Z0-9._%+-]+@[a-zA-Z0-9.-]+\.[a-zA-Z]{2,}$</arg>
<doc>Fails if ``string`` does not match ``pattern`` as a regular expression.</doc>
<status status="PASS" start="2024-08-01T20:17:06.362352" elapsed="0.000526"/>
</kw>
<kw name="Should Match Regexp" owner="BuiltIn">
<arg>${json_data['results'][0]['dob']['date']}</arg>
<arg>\\d{4}-\\d{2}-\\d{2}T\\d{2}:\\d{2}:\\d{2}\\.\\d{3}Z</arg>
<doc>Fails if ``string`` does not match ``pattern`` as a regular expression.</doc>
<status status="PASS" start="2024-08-01T20:17:06.363113" elapsed="0.000694"/>
</kw>
<kw name="Should Match Regexp" owner="BuiltIn">
<arg>${json_data['results'][0]['registered']['date']}</arg>
<arg>\\d{4}-\\d{2}-\\d{2}T\\d{2}:\\d{2}:\\d{2}\\.\\d{3}Z</arg>
<doc>Fails if ``string`` does not match ``pattern`` as a regular expression.</doc>
<status status="PASS" start="2024-08-01T20:17:06.364002" elapsed="0.000372"/>
</kw>
<kw name="Should Match Regexp" owner="BuiltIn">
<arg>${json_data['results'][0]['picture']['large']}</arg>
<arg>^https?://.*\.(?:png|jpe?g|gif|bmp)$</arg>
<doc>Fails if ``string`` does not match ``pattern`` as a regular expression.</doc>
<status status="PASS" start="2024-08-01T20:17:06.364561" elapsed="0.000463"/>
</kw>
<kw name="Should Match Regexp" owner="BuiltIn">
<arg>${json_data['results'][0]['picture']['medium']}</arg>
<arg>^https?://.*\.(?:png|jpe?g|gif|bmp)$</arg>
<doc>Fails if ``string`` does not match ``pattern`` as a regular expression.</doc>
<status status="PASS" start="2024-08-01T20:17:06.365212" elapsed="0.000356"/>
</kw>
<kw name="Should Match Regexp" owner="BuiltIn">
<arg>${json_data['results'][0]['picture']['thumbnail']}</arg>
<arg>^https?://.*\.(?:png|jpe?g|gif|bmp)$</arg>
<doc>Fails if ``string`` does not match ``pattern`` as a regular expression.</doc>
<status status="PASS" start="2024-08-01T20:17:06.365754" elapsed="0.000356"/>
</kw>
<kw name="Log" owner="BuiltIn">
<msg time="2024-08-01T20:17:06.366615" level="INFO">{'large': 'https://randomuser.me/api/portraits/women/63.jpg', 'medium': 'https://randomuser.me/api/portraits/med/women/63.jpg', 'thumbnail': 'https://randomuser.me/api/portraits/thumb/women/63.jpg'}</msg>
<arg>${json_data['results'][0]['picture']}</arg>
<doc>Logs the given message with the given level.</doc>
<status status="PASS" start="2024-08-01T20:17:06.366291" elapsed="0.000370"/>
</kw>
<status status="PASS" start="2024-08-01T20:17:06.246133" elapsed="0.120810"/>
</kw>
<kw name="Teste de Tipos de Dados - Postcode" owner="random-user-service">
<kw name="GET On Session" owner="RequestsLibrary">
<msg time="2024-08-01T20:17:06.472632" level="INFO">GET Request : url=https://randomuser.me/api 
 path_url=/api 
 headers={'User-Agent': 'python-requests/2.32.3', 'Accept-Encoding': 'gzip, deflate', 'Accept': '*/*', 'Connection': 'keep-alive'} 
 body=None 
 </msg>
<msg time="2024-08-01T20:17:06.472734" level="INFO">GET Response : url=https://randomuser.me/api 
 status=200, reason=OK 
 headers={'Date': 'Thu, 01 Aug 2024 20:17:06 GMT', 'Content-Type': 'application/json; charset=utf-8', 'Transfer-Encoding': 'chunked', 'Connection': 'keep-alive', 'X-Powered-By': 'Express', 'Access-Control-Allow-Origin': '*', 'Cache-Control': 'no-cache', 'ETag': 'W/"48f-40sm5CjFDWbHkA4nG5WbqhOxJ1c"', 'Vary': 'Accept-Encoding', 'Content-Encoding': 'gzip', 'CF-Cache-Status': 'DYNAMIC', 'Report-To': '{"endpoints":[{"url":"https:\\/\\/a.nel.cloudflare.com\\/report\\/v4?s=3MP8V4VwQOabkmFHyX6FKfzkRjOY2Zkhs7OspLGXXEzFkKqQH33q5K%2BocElzwN0MJwo3hB%2FOLxCrdhr%2BYWBmKJQa4I3HSb5kl5sSQ%2BxlqVM%2B%2FAwqNKHJSTSJ6Jd4Cdwz"}],"group":"cf-nel","max_age":604800}', 'NEL': '{"success_fraction":0,"report_to":"cf-nel","max_age":604800}', 'Server': 'cloudflare', 'CF-RAY': '8ac8827edcc09673-SJC', 'alt-svc': 'h3=":443"; ma=86400'} 
 body={"results":[{"gender":"male","name":{"title":"Mr","first":"Jimi","last":"Rintala"},"location":{"street":{"number":9889,"name":"Pispalan Valtatie"},"city":"Karvia","state":"Southern Savonia","country":"Finland","postcode":39147,"coordinates":{"latitude":"-22.9258","longitude":"-105.0138"},"timezone":{"offset":"+6:00","description":"Almaty, Dhaka, Colombo"}},"email":"jimi.rintala@example.com","login":{"uuid":"5ccf94c5-0338-437d-a96b-6493318bc76f","username":"greenpanda491","password":"mallory","salt":"cooGoD15","md5":"1053eb3420a05620716c854b23795513","sha1":"60bd520c9f07c7fdf2240ba40e5f7eacb3be7509","sha256":"8df2ed00e1f1be948f389bbd4bb39d2fffd39e6c854028b93243652fa3a6964a"},"dob":{"date":"1962-05-20T18:09:36.451Z","age":62},"registered":{"date":"2014-09-15T15:19:29.020Z","age":9},"phone":"03-157-744","cell":"049-690-00-21","id":{"name":"HETU","value":"NaNNA407undefined"},"picture":{"large":"https://randomuser.me/api/portraits/men/24.jpg","medium":"https://randomuser.me/api/portraits/med/men/24.jpg","thumbnail":"https://randomuser.me/api/portraits/thumb/men/24.jpg"},"nat":"FI"}],"info":{"seed":"de66642df4677f37","results":1,"page":1,"version":"1.4"}} 
 </msg>
<msg time="2024-08-01T20:17:06.472807" level="INFO">/opt/hostedtoolcache/Python/3.12.4/x64/lib/python3.12/site-packages/urllib3/connectionpool.py:1099: InsecureRequestWarning: Unverified HTTPS request is being made to host 'randomuser.me'. Adding certificate verification is strongly advised. See: https://urllib3.readthedocs.io/en/latest/advanced-usage.html#tls-warnings
  warnings.warn(</msg>
<msg time="2024-08-01T20:17:06.472953" level="INFO">${response} = &lt;Response [200]&gt;</msg>
<var>${response}</var>
<arg>consultarAPI</arg>
<arg>/api</arg>
<doc>Sends a GET request on a previously created HTTP Session.</doc>
<status status="PASS" start="2024-08-01T20:17:06.367427" elapsed="0.105568"/>
</kw>
<kw name="Set Variable" owner="BuiltIn">
<msg time="2024-08-01T20:17:06.474074" level="INFO">${json_data} = {'results': [{'gender': 'male', 'name': {'title': 'Mr', 'first': 'Jimi', 'last': 'Rintala'}, 'location': {'street': {'number': 9889, 'name': 'Pispalan Valtatie'}, 'city': 'Karvia', 'state': 'Southern ...</msg>
<var>${json_data}</var>
<arg>${response.json()}</arg>
<doc>Returns the given values which can then be assigned to a variables.</doc>
<status status="PASS" start="2024-08-01T20:17:06.473529" elapsed="0.000575"/>
</kw>
<kw name="Log" owner="BuiltIn">
<msg time="2024-08-01T20:17:06.474580" level="INFO">{'results': [{'gender': 'male', 'name': {'title': 'Mr', 'first': 'Jimi', 'last': 'Rintala'}, 'location': {'street': {'number': 9889, 'name': 'Pispalan Valtatie'}, 'city': 'Karvia', 'state': 'Southern Savonia', 'country': 'Finland', 'postcode': 39147, 'coordinates': {'latitude': '-22.9258', 'longitude': '-105.0138'}, 'timezone': {'offset': '+6:00', 'description': 'Almaty, Dhaka, Colombo'}}, 'email': 'jimi.rintala@example.com', 'login': {'uuid': '5ccf94c5-0338-437d-a96b-6493318bc76f', 'username': 'greenpanda491', 'password': 'mallory', 'salt': 'cooGoD15', 'md5': '1053eb3420a05620716c854b23795513', 'sha1': '60bd520c9f07c7fdf2240ba40e5f7eacb3be7509', 'sha256': '8df2ed00e1f1be948f389bbd4bb39d2fffd39e6c854028b93243652fa3a6964a'}, 'dob': {'date': '1962-05-20T18:09:36.451Z', 'age': 62}, 'registered': {'date': '2014-09-15T15:19:29.020Z', 'age': 9}, 'phone': '03-157-744', 'cell': '049-690-00-21', 'id': {'name': 'HETU', 'value': 'NaNNA407undefined'}, 'picture': {'large': 'https://randomuser.me/api/portraits/men/24.jpg', 'medium': 'https://randomuser.me/api/portraits/med/men/24.jpg', 'thumbnail': 'https://randomuser.me/api/portraits/thumb/men/24.jpg'}, 'nat': 'FI'}], 'info': {'seed': 'de66642df4677f37', 'results': 1, 'page': 1, 'version': '1.4'}}</msg>
<arg>${json_data}</arg>
<doc>Logs the given message with the given level.</doc>
<status status="PASS" start="2024-08-01T20:17:06.474421" elapsed="0.000209"/>
</kw>
<kw name="Should Be Equal As Numbers" owner="BuiltIn">
<arg>${json_data['results'][0]['location']['postcode']}</arg>
<arg>${json_data['results'][0]['location']['postcode']}</arg>
<doc>Fails if objects are unequal after converting them to real numbers.</doc>
<status status="PASS" start="2024-08-01T20:17:06.474931" elapsed="0.000690"/>
</kw>
<kw name="Log" owner="BuiltIn">
<msg time="2024-08-01T20:17:06.476156" level="INFO">39147</msg>
<arg>${json_data['results'][0]['location']['postcode']}</arg>
<doc>Logs the given message with the given level.</doc>
<status status="PASS" start="2024-08-01T20:17:06.475818" elapsed="0.000380"/>
</kw>
<status status="PASS" start="2024-08-01T20:17:06.367171" elapsed="0.109319"/>
</kw>
<doc>Testa se os tipos de dados na resposta da API estão corretos.</doc>
<tag>testeTiposDados</tag>
<status status="PASS" start="2024-08-01T20:17:06.245642" elapsed="0.231023"/>
</test>
<test id="s1-s1-t5" name="Validar conteudo" line="35">
<kw name="Teste de Tipos de Conteudo" owner="random-user-service">
<kw name="GET On Session" owner="RequestsLibrary">
<msg time="2024-08-01T20:17:06.592132" level="INFO">GET Request : url=https://randomuser.me/api 
 path_url=/api 
 headers={'User-Agent': 'python-requests/2.32.3', 'Accept-Encoding': 'gzip, deflate', 'Accept': '*/*', 'Connection': 'keep-alive'} 
 body=None 
 </msg>
<msg time="2024-08-01T20:17:06.592255" level="INFO">GET Response : url=https://randomuser.me/api 
 status=200, reason=OK 
 headers={'Date': 'Thu, 01 Aug 2024 20:17:06 GMT', 'Content-Type': 'application/json; charset=utf-8', 'Transfer-Encoding': 'chunked', 'Connection': 'keep-alive', 'X-Powered-By': 'Express', 'Access-Control-Allow-Origin': '*', 'Cache-Control': 'no-cache', 'ETag': 'W/"49c-iN0urq0bj99ljNh0J1YAGfc1afU"', 'Vary': 'Accept-Encoding', 'Content-Encoding': 'gzip', 'CF-Cache-Status': 'DYNAMIC', 'Report-To': '{"endpoints":[{"url":"https:\\/\\/a.nel.cloudflare.com\\/report\\/v4?s=DgDV%2BQ9Uf2zxX9%2F0gtTnU0HgelzwrDOqFhpsFUkLEXfpotdM%2FhSRDJF1uRivf%2FmJAPtPjd5ZyVEjEcgd0mQBQl5JiPwUUxdnWEmO0VSJ0mDDAi7yaGAQNDGonlK2y967"}],"group":"cf-nel","max_age":604800}', 'NEL': '{"success_fraction":0,"report_to":"cf-nel","max_age":604800}', 'Server': 'cloudflare', 'CF-RAY': '8ac8827f8d379673-SJC', 'alt-svc': 'h3=":443"; ma=86400'} 
 body={"results":[{"gender":"male","name":{"title":"Mr","first":"Dimitrije","last":"Srećković"},"location":{"street":{"number":1785,"name":"Kosmetska"},"city":"Kuršumlija","state":"Moravica","country":"Serbia","postcode":23298,"coordinates":{"latitude":"59.2465","longitude":"-28.0306"},"timezone":{"offset":"+11:00","description":"Magadan, Solomon Islands, New Caledonia"}},"email":"dimitrije.sreckovic@example.com","login":{"uuid":"3bf26652-e9be-435f-a53c-2745c67d16fa","username":"bluerabbit220","password":"fishing","salt":"3JS3ot9x","md5":"6d2e3cf8b66565cdbfe48a207fb69818","sha1":"1b4f1fd28bf504300630fd06fa66244072427785","sha256":"b3ae449fed9630a9cf31f344e81315fc6701b319fefcaa1f9f713023a9552210"},"dob":{"date":"1969-07-07T00:52:31.124Z","age":55},"registered":{"date":"2007-11-05T03:31:50.461Z","age":16},"phone":"034-4814-966","cell":"065-1900-794","id":{"name":"SID","value":"543104053"},"picture":{"large":"https://randomuser.me/api/portraits/men/32.jpg","medium":"https://randomuser.me/api/portraits/med/men/32.jpg","thumbnail":"https://randomuser.me/api/portraits/thumb/men/32.jpg"},"nat":"RS"}],"info":{"seed":"4e006a4ee5f7ad67","results":1,"page":1,"version":"1.4"}} 
 </msg>
<msg time="2024-08-01T20:17:06.592346" level="INFO">/opt/hostedtoolcache/Python/3.12.4/x64/lib/python3.12/site-packages/urllib3/connectionpool.py:1099: InsecureRequestWarning: Unverified HTTPS request is being made to host 'randomuser.me'. Adding certificate verification is strongly advised. See: https://urllib3.readthedocs.io/en/latest/advanced-usage.html#tls-warnings
  warnings.warn(</msg>
<msg time="2024-08-01T20:17:06.592482" level="INFO">${response} = &lt;Response [200]&gt;</msg>
<var>${response}</var>
<arg>consultarAPI</arg>
<arg>/api</arg>
<doc>Sends a GET request on a previously created HTTP Session.</doc>
<status status="PASS" start="2024-08-01T20:17:06.479230" elapsed="0.113295"/>
</kw>
<kw name="Set Variable" owner="BuiltIn">
<msg time="2024-08-01T20:17:06.593833" level="INFO">${json_data} = {'results': [{'gender': 'male', 'name': {'title': 'Mr', 'first': 'Dimitrije', 'last': 'Srećković'}, 'location': {'street': {'number': 1785, 'name': 'Kosmetska'}, 'city': 'Kuršumlija', 'state': 'Moravi...</msg>
<var>${json_data}</var>
<arg>${response.json()}</arg>
<doc>Returns the given values which can then be assigned to a variables.</doc>
<status status="PASS" start="2024-08-01T20:17:06.593217" elapsed="0.000647"/>
</kw>
<kw name="Set Variable" owner="BuiltIn">
<msg time="2024-08-01T20:17:06.594620" level="INFO">${name_title} = Mr</msg>
<var>${name_title}</var>
<arg>${json_data["results"][0]["name"]["title"]}</arg>
<doc>Returns the given values which can then be assigned to a variables.</doc>
<status status="PASS" start="2024-08-01T20:17:06.594203" elapsed="0.000443"/>
</kw>
<kw name="Create List" owner="BuiltIn">
<msg time="2024-08-01T20:17:06.595103" level="INFO">${allowed_titles} = ['Mr', 'Ms', 'Miss', 'Mrs', 'Madame', 'Monsieur']</msg>
<var>${allowed_titles}</var>
<arg>Mr</arg>
<arg>Ms</arg>
<arg>Miss</arg>
<arg>Mrs</arg>
<arg>Madame</arg>
<arg>Monsieur</arg>
<doc>Returns a list containing given items.</doc>
<status status="PASS" start="2024-08-01T20:17:06.594951" elapsed="0.000178"/>
</kw>
<kw name="List Should Contain Value" owner="Collections">
<arg>${allowed_titles}</arg>
<arg>${name_title}</arg>
<doc>Fails if the ``value`` is not found from ``list``.</doc>
<status status="PASS" start="2024-08-01T20:17:06.595501" elapsed="0.000192"/>
</kw>
<kw name="Set Variable" owner="BuiltIn">
<msg time="2024-08-01T20:17:06.596262" level="INFO">${name_country} = RS</msg>
<var>${name_country}</var>
<arg>${json_data["results"][0]["nat"]}</arg>
<doc>Returns the given values which can then be assigned to a variables.</doc>
<status status="PASS" start="2024-08-01T20:17:06.595875" elapsed="0.000414"/>
</kw>
<kw name="Create List" owner="BuiltIn">
<msg time="2024-08-01T20:17:06.597187" level="INFO">${list_country} = ['AD', 'AE', 'AF', 'AG', 'AI', 'AL', 'AM', 'AO', 'AQ', 'AR', 'AS', 'AT', 'AU', 'AW', 'AX', 'AZ', 'BA', 'BB', 'BD', 'BE', 'BF', 'BG', 'BH', 'BI', 'BJ', 'BL', 'BM', 'BN', 'BO', 'BQ', 'BR', 'BS', 'BT', '...</msg>
<var>${list_country}</var>
<arg>AD</arg>
<arg>AE</arg>
<arg>AF</arg>
<arg>AG</arg>
<arg>AI</arg>
<arg>AL</arg>
<arg>AM</arg>
<arg>AO</arg>
<arg>AQ</arg>
<arg>AR</arg>
<arg>AS</arg>
<arg>AT</arg>
<arg>AU</arg>
<arg>AW</arg>
<arg>AX</arg>
<arg>AZ</arg>
<arg>BA</arg>
<arg>BB</arg>
<arg>BD</arg>
<arg>BE</arg>
<arg>BF</arg>
<arg>BG</arg>
<arg>BH</arg>
<arg>BI</arg>
<arg>BJ</arg>
<arg>BL</arg>
<arg>BM</arg>
<arg>BN</arg>
<arg>BO</arg>
<arg>BQ</arg>
<arg>BR</arg>
<arg>BS</arg>
<arg>BT</arg>
<arg>BV</arg>
<arg>BW</arg>
<arg>BY</arg>
<arg>BZ</arg>
<arg>CA</arg>
<arg>CC</arg>
<arg>CD</arg>
<arg>CF</arg>
<arg>CG</arg>
<arg>CH</arg>
<arg>CI</arg>
<arg>CK</arg>
<arg>CL</arg>
<arg>CM</arg>
<arg>CN</arg>
<arg>CO</arg>
<arg>CR</arg>
<arg>CU</arg>
<arg>CV</arg>
<arg>CW</arg>
<arg>CX</arg>
<arg>CY</arg>
<arg>CZ</arg>
<arg>DE</arg>
<arg>DJ</arg>
<arg>DK</arg>
<arg>DM</arg>
<arg>DO</arg>
<arg>DZ</arg>
<arg>EC</arg>
<arg>EE</arg>
<arg>EG</arg>
<arg>EH</arg>
<arg>ER</arg>
<arg>ES</arg>
<arg>ET</arg>
<arg>FI</arg>
<arg>FJ</arg>
<arg>FK</arg>
<arg>FM</arg>
<arg>FO</arg>
<arg>FR</arg>
<arg>GA</arg>
<arg>GB</arg>
<arg>GD</arg>
<arg>GE</arg>
<arg>GF</arg>
<arg>GG</arg>
<arg>GH</arg>
<arg>GI</arg>
<arg>GL</arg>
<arg>GM</arg>
<arg>GN</arg>
<arg>GP</arg>
<arg>GQ</arg>
<arg>GR</arg>
<arg>GS</arg>
<arg>GT</arg>
<arg>GU</arg>
<arg>GW</arg>
<arg>GY</arg>
<arg>HK</arg>
<arg>HM</arg>
<arg>HN</arg>
<arg>HR</arg>
<arg>HT</arg>
<arg>HU</arg>
<arg>ID</arg>
<arg>IE</arg>
<arg>IL</arg>
<arg>IM</arg>
<arg>IN</arg>
<arg>IO</arg>
<arg>IQ</arg>
<arg>IR</arg>
<arg>IS</arg>
<arg>IT</arg>
<arg>JE</arg>
<arg>JM</arg>
<arg>JO</arg>
<arg>JP</arg>
<arg>KE</arg>
<arg>KG</arg>
<arg>KH</arg>
<arg>KI</arg>
<arg>KM</arg>
<arg>KN</arg>
<arg>KP</arg>
<arg>KR</arg>
<arg>KW</arg>
<arg>KY</arg>
<arg>KZ</arg>
<arg>LA</arg>
<arg>LB</arg>
<arg>LC</arg>
<arg>LI</arg>
<arg>LK</arg>
<arg>LR</arg>
<arg>LS</arg>
<arg>LT</arg>
<arg>LU</arg>
<arg>LV</arg>
<arg>LY</arg>
<arg>MA</arg>
<arg>MC</arg>
<arg>MD</arg>
<arg>ME</arg>
<arg>MF</arg>
<arg>MG</arg>
<arg>MH</arg>
<arg>MK</arg>
<arg>ML</arg>
<arg>MM</arg>
<arg>MN</arg>
<arg>MO</arg>
<arg>MP</arg>
<arg>MQ</arg>
<arg>MR</arg>
<arg>MS</arg>
<arg>MT</arg>
<arg>MU</arg>
<arg>MV</arg>
<arg>MW</arg>
<arg>MX</arg>
<arg>MY</arg>
<arg>MZ</arg>
<arg>NA</arg>
<arg>NC</arg>
<arg>NE</arg>
<arg>NF</arg>
<arg>NG</arg>
<arg>NI</arg>
<arg>NL</arg>
<arg>NO</arg>
<arg>NP</arg>
<arg>NR</arg>
<arg>NU</arg>
<arg>NZ</arg>
<arg>OM</arg>
<arg>PA</arg>
<arg>PE</arg>
<arg>PF</arg>
<arg>PG</arg>
<arg>PH</arg>
<arg>PK</arg>
<arg>PL</arg>
<arg>PM</arg>
<arg>PN</arg>
<arg>PR</arg>
<arg>PS</arg>
<arg>PT</arg>
<arg>PW</arg>
<arg>PY</arg>
<arg>QA</arg>
<arg>RE</arg>
<arg>RO</arg>
<arg>RS</arg>
<arg>RU</arg>
<arg>RW</arg>
<arg>SA</arg>
<arg>SB</arg>
<arg>SC</arg>
<arg>SD</arg>
<arg>SE</arg>
<arg>SG</arg>
<arg>SH</arg>
<arg>SI</arg>
<arg>SJ</arg>
<arg>SK</arg>
<arg>SL</arg>
<arg>SM</arg>
<arg>SN</arg>
<arg>SO</arg>
<arg>SR</arg>
<arg>SS</arg>
<arg>ST</arg>
<arg>SV</arg>
<arg>SX</arg>
<arg>SY</arg>
<arg>SZ</arg>
<arg>TC</arg>
<arg>TD</arg>
<arg>TF</arg>
<arg>TG</arg>
<arg>TH</arg>
<arg>TJ</arg>
<arg>TK</arg>
<arg>TL</arg>
<arg>TM</arg>
<arg>TN</arg>
<arg>TO</arg>
<arg>TR</arg>
<arg>TT</arg>
<arg>TV</arg>
<arg>TW</arg>
<arg>TZ</arg>
<arg>UA</arg>
<arg>UG</arg>
<arg>UM</arg>
<arg>US</arg>
<arg>UY</arg>
<arg>UZ</arg>
<arg>VA</arg>
<arg>VC</arg>
<arg>VE</arg>
<arg>VG</arg>
<arg>VI</arg>
<arg>VN</arg>
<arg>VU</arg>
<arg>WF</arg>
<arg>WS</arg>
<arg>XK</arg>
<arg>YE</arg>
<arg>YT</arg>
<arg>ZA</arg>
<arg>ZM</arg>
<arg>ZW</arg>
<doc>Returns a list containing given items.</doc>
<status status="PASS" start="2024-08-01T20:17:06.596579" elapsed="0.000636"/>
</kw>
<kw name="List Should Contain Value" owner="Collections">
<arg>${list_country}</arg>
<arg>${name_country}</arg>
<doc>Fails if the ``value`` is not found from ``list``.</doc>
<status status="PASS" start="2024-08-01T20:17:06.598218" elapsed="0.000214"/>
</kw>
<kw name="Run Keyword If" owner="BuiltIn">
<kw name="Should Be True" owner="BuiltIn">
<arg>${True}</arg>
<doc>Fails if the given condition is not true.</doc>
<status status="PASS" start="2024-08-01T20:17:06.599432" elapsed="0.000156"/>
</kw>
<arg>${json_data["results"][0]["location"]["coordinates"]["latitude"]} &gt;= -90 and ${json_data["results"][0]["location"]["coordinates"]["latitude"]} &lt;= 90</arg>
<arg>Should Be True</arg>
<arg>${True}</arg>
<doc>Runs the given keyword with the given arguments, if ``condition`` is true.</doc>
<status status="PASS" start="2024-08-01T20:17:06.598633" elapsed="0.001088"/>
</kw>
<kw name="Run Keyword If" owner="BuiltIn">
<kw name="Should Be True" owner="BuiltIn">
<arg>${True}</arg>
<doc>Fails if the given condition is not true.</doc>
<status status="PASS" start="2024-08-01T20:17:06.600608" elapsed="0.000140"/>
</kw>
<arg>${json_data["results"][0]["location"]["coordinates"]["longitude"]} &gt;= -180 and ${json_data["results"][0]["location"]["coordinates"]["longitude"]} &lt;= 180</arg>
<arg>Should Be True</arg>
<arg>${True}</arg>
<doc>Runs the given keyword with the given arguments, if ``condition`` is true.</doc>
<status status="PASS" start="2024-08-01T20:17:06.599908" elapsed="0.000967"/>
</kw>
<status status="PASS" start="2024-08-01T20:17:06.478995" elapsed="0.122013"/>
</kw>
<doc>Testa o conteúdo específico dos campos retornados pela API.</doc>
<tag>testeConteudo</tag>
<status status="PASS" start="2024-08-01T20:17:06.478436" elapsed="0.122726"/>
</test>
<status status="PASS" start="2024-08-01T20:17:05.398186" elapsed="1.204954"/>
</suite>
<status status="PASS" start="2024-08-01T20:17:05.383276" elapsed="1.225139"/>
</suite>
<statistics>
<total>
<stat pass="5" fail="0" skip="0">All Tests</stat>
</total>
<tag>
<stat pass="1" fail="0" skip="0">testeConteudo</stat>
<stat pass="1" fail="0" skip="0">testeEstruturaResposta</stat>
<stat pass="1" fail="0" skip="0">testeRequisicaoBasica</stat>
<stat pass="1" fail="0" skip="0">testeTiposDados</stat>
</tag>
<suite>
<stat pass="5" fail="0" skip="0" id="s1" name="Tests">Tests</stat>
<stat pass="5" fail="0" skip="0" id="s1-s1" name="Random-User-Test">Tests.Random-User-Test</stat>
</suite>
</statistics>
<errors>
</errors>
</robot>
