<?xml version="1.0" encoding="UTF-8"?>
<robot generator="Robot 7.0 (Python 3.12.3 on linux)" generated="2024-04-29T05:15:39.618460" rpa="false" schemaversion="5">
<suite id="s1" name="Tests" source="/home/runner/work/DesafioQAItauRogerioJordao/DesafioQAItauRogerioJordao/RamdonUser/tests">
<suite id="s1-s1" name="Random-User-Test" source="/home/runner/work/DesafioQAItauRogerioJordao/DesafioQAItauRogerioJordao/RamdonUser/tests/random-user-test.robot">
<test id="s1-s1-t1" name="Conectar" line="13">
<kw name="Conectar API" owner="random-user-service">
<kw name="Create Session" owner="RequestsLibrary">
<msg time="2024-04-29T05:15:39.980488" level="INFO">Creating Session using : alias=consultarAPI, url=https://randomuser.me/, headers={},                     cookies={}, auth=None, timeout=None, proxies=None, verify=False,                     debug=0 </msg>
<arg>consultarAPI</arg>
<arg>${URL}</arg>
<doc>Create Session: create a HTTP session to a server</doc>
<status status="PASS" start="2024-04-29T05:15:39.980287" elapsed="0.000384"/>
</kw>
<status status="PASS" start="2024-04-29T05:15:39.979280" elapsed="0.001746"/>
</kw>
<status status="PASS" start="2024-04-29T05:15:39.978725" elapsed="0.002493"/>
</test>
<test id="s1-s1-t2" name="Validar retorno 200 e JSON Válido" line="16">
<kw name="Teste de Requisicao Basica" owner="random-user-service">
<kw name="GET On Session" owner="RequestsLibrary">
<msg time="2024-04-29T05:15:40.109919" level="INFO">GET Request : url=https://randomuser.me/api 
 path_url=/api 
 headers={'User-Agent': 'python-requests/2.31.0', 'Accept-Encoding': 'gzip, deflate', 'Accept': '*/*', 'Connection': 'keep-alive'} 
 body=None 
 </msg>
<msg time="2024-04-29T05:15:40.110090" level="INFO">GET Response : url=https://randomuser.me/api 
 status=200, reason=OK 
 headers={'Date': 'Mon, 29 Apr 2024 05:15:40 GMT', 'Content-Type': 'application/json; charset=utf-8', 'Transfer-Encoding': 'chunked', 'Connection': 'keep-alive', 'X-Powered-By': 'Express', 'Access-Control-Allow-Origin': '*', 'Cache-Control': 'no-cache', 'ETag': 'W/"49a-AIfaMPj3rKemRVqs4fB7Fm2h1yw"', 'Vary': 'Accept-Encoding', 'Content-Encoding': 'gzip', 'CF-Cache-Status': 'DYNAMIC', 'Report-To': '{"endpoints":[{"url":"https:\\/\\/a.nel.cloudflare.com\\/report\\/v4?s=aGIMQzMsxmZEPXIpiHAETzvYhVb3SiU7dniWMEw%2FyM%2FreRSczXqHV4eWRfspg3dsi9IEeMGRlVkF0q8W7jhAqJh8T%2Fpy%2Bt3TS%2BElgpHvoRnEMrVRDk4c5nQy%2B6gqFZGn"}],"group":"cf-nel","max_age":604800}', 'NEL': '{"success_fraction":0,"report_to":"cf-nel","max_age":604800}', 'Server': 'cloudflare', 'CF-RAY': '87bcd0c71bd66894-SJC', 'alt-svc': 'h3=":443"; ma=86400'} 
 body={"results":[{"gender":"female","name":{"title":"Miss","first":"Léonie","last":"Roeffen"},"location":{"street":{"number":4104,"name":"Berkhoutlaan"},"city":"Tirns","state":"Zeeland","country":"Netherlands","postcode":"6208 VW","coordinates":{"latitude":"35.3386","longitude":"151.8095"},"timezone":{"offset":"-4:00","description":"Atlantic Time (Canada), Caracas, La Paz"}},"email":"leonie.roeffen@example.com","login":{"uuid":"993462de-4e48-41ec-9207-3c2d4baa851b","username":"lazyduck805","password":"1227","salt":"6rFe3Wvi","md5":"1b991091b2a11bf88eead708236b6059","sha1":"d5f149bf831452f59e83927b305afa515d064142","sha256":"7abbf3030c9af0ed56f0e58025fa84ec9b2f1458a01e6fd2c49de6a9ab6517f7"},"dob":{"date":"1954-10-22T08:03:47.987Z","age":69},"registered":{"date":"2018-12-25T23:09:19.093Z","age":5},"phone":"(0739) 631790","cell":"(06) 74829872","id":{"name":"BSN","value":"90961865"},"picture":{"large":"https://randomuser.me/api/portraits/women/27.jpg","medium":"https://randomuser.me/api/portraits/med/women/27.jpg","thumbnail":"https://randomuser.me/api/portraits/thumb/women/27.jpg"},"nat":"NL"}],"info":{"seed":"9b876db11de4f943","results":1,"page":1,"version":"1.4"}} 
 </msg>
<msg time="2024-04-29T05:15:40.110204" level="INFO">/opt/hostedtoolcache/Python/3.12.3/x64/lib/python3.12/site-packages/urllib3/connectionpool.py:1103: InsecureRequestWarning: Unverified HTTPS request is being made to host 'randomuser.me'. Adding certificate verification is strongly advised. See: https://urllib3.readthedocs.io/en/latest/advanced-usage.html#tls-warnings
  warnings.warn(</msg>
<msg time="2024-04-29T05:15:40.110376" level="INFO">${response} = &lt;Response [200]&gt;</msg>
<var>${response}</var>
<arg>consultarAPI</arg>
<arg>/api</arg>
<doc>Sends a GET request on a previously created HTTP Session.</doc>
<status status="PASS" start="2024-04-29T05:15:39.983802" elapsed="0.126632"/>
</kw>
<kw name="Should Be Equal As Numbers" owner="BuiltIn">
<msg time="2024-04-29T05:15:40.111577" level="INFO">Argument types are:
&lt;class 'int'&gt;
&lt;class 'str'&gt;</msg>
<arg>${response.status_code}</arg>
<arg>200</arg>
<doc>Fails if objects are unequal after converting them to real numbers.</doc>
<status status="PASS" start="2024-04-29T05:15:40.111088" elapsed="0.000556"/>
</kw>
<kw name="Log" owner="BuiltIn">
<msg time="2024-04-29T05:15:40.112374" level="INFO">200</msg>
<arg>${response.status_code}</arg>
<doc>Logs the given message with the given level.</doc>
<status status="PASS" start="2024-04-29T05:15:40.112013" elapsed="0.000404"/>
</kw>
<kw name="Set Variable" owner="BuiltIn">
<msg time="2024-04-29T05:15:40.113169" level="INFO">${json_data} = {'results': [{'gender': 'female', 'name': {'title': 'Miss', 'first': 'Léonie', 'last': 'Roeffen'}, 'location': {'street': {'number': 4104, 'name': 'Berkhoutlaan'}, 'city': 'Tirns', 'state': 'Zeeland',...</msg>
<var>${json_data}</var>
<arg>${response.json()}</arg>
<doc>Returns the given values which can then be assigned to a variables.</doc>
<status status="PASS" start="2024-04-29T05:15:40.112724" elapsed="0.000474"/>
</kw>
<kw name="Dictionary Should Contain Key" owner="Collections">
<msg time="2024-04-29T05:15:40.113661" level="INFO">False</msg>
<arg>${json_data}</arg>
<arg>results</arg>
<doc>Fails if ``key`` is not found from ``dictionary``.</doc>
<status status="PASS" start="2024-04-29T05:15:40.113494" elapsed="0.000213"/>
</kw>
<status status="PASS" start="2024-04-29T05:15:39.983527" elapsed="0.130441"/>
</kw>
<doc>Testa se a API responde corretamente e retorna um objeto JSON válido.</doc>
<tag>testeRequisicaoBasica</tag>
<status status="PASS" start="2024-04-29T05:15:39.983081" elapsed="0.131073"/>
</test>
<test id="s1-s1-t3" name="Validar estrutura de resposta" line="22">
<kw name="Teste de Estrutura de Resposta" owner="random-user-service">
<kw name="GET On Session" owner="RequestsLibrary">
<msg time="2024-04-29T05:15:40.206300" level="INFO">GET Request : url=https://randomuser.me/api 
 path_url=/api 
 headers={'User-Agent': 'python-requests/2.31.0', 'Accept-Encoding': 'gzip, deflate', 'Accept': '*/*', 'Connection': 'keep-alive'} 
 body=None 
 </msg>
<msg time="2024-04-29T05:15:40.206413" level="INFO">GET Response : url=https://randomuser.me/api 
 status=200, reason=OK 
 headers={'Date': 'Mon, 29 Apr 2024 05:15:40 GMT', 'Content-Type': 'application/json; charset=utf-8', 'Transfer-Encoding': 'chunked', 'Connection': 'keep-alive', 'X-Powered-By': 'Express', 'Access-Control-Allow-Origin': '*', 'Cache-Control': 'no-cache', 'ETag': 'W/"487-dWTGNrkUxROCMWglX4AgjBT49Rk"', 'Vary': 'Accept-Encoding', 'Content-Encoding': 'gzip', 'CF-Cache-Status': 'DYNAMIC', 'Report-To': '{"endpoints":[{"url":"https:\\/\\/a.nel.cloudflare.com\\/report\\/v4?s=V2OiTybSjHevOH7ToP%2BCuXplTa6RZpn0TYIMJs9r4X7ql1OJpux95UhYC6VsPyz9JdSKjas5ozINs2LOB8QNQ7B7ljauhGrSFI5HChcY0%2Fs1dSwIAiKUtPmxCIZ8Nsr0"}],"group":"cf-nel","max_age":604800}', 'NEL': '{"success_fraction":0,"report_to":"cf-nel","max_age":604800}', 'Server': 'cloudflare', 'CF-RAY': '87bcd0c7cc966894-SJC', 'alt-svc': 'h3=":443"; ma=86400'} 
 body={"results":[{"gender":"female","name":{"title":"Ms","first":"Laura","last":"Adams"},"location":{"street":{"number":664,"name":"Church Road"},"city":"Tramore","state":"Roscommon","country":"Ireland","postcode":81912,"coordinates":{"latitude":"-2.9888","longitude":"42.5348"},"timezone":{"offset":"+4:00","description":"Abu Dhabi, Muscat, Baku, Tbilisi"}},"email":"laura.adams@example.com","login":{"uuid":"90c911ec-c56c-44cd-9c65-732ed5f62148","username":"goldenkoala312","password":"gryphon","salt":"wAUrX2wU","md5":"5eb06614849d3b3f27c3bb0bd5b34781","sha1":"a4d0f8206df30e5cf15dc2c2918cacc5d93f1383","sha256":"6a9ff265148017d1bed265083f0961c9f6511ccbcdfee81c5d418f451ef14eda"},"dob":{"date":"1955-01-08T19:04:05.477Z","age":69},"registered":{"date":"2020-11-11T16:42:49.027Z","age":3},"phone":"031-941-1351","cell":"081-467-2336","id":{"name":"PPS","value":"3884389T"},"picture":{"large":"https://randomuser.me/api/portraits/women/80.jpg","medium":"https://randomuser.me/api/portraits/med/women/80.jpg","thumbnail":"https://randomuser.me/api/portraits/thumb/women/80.jpg"},"nat":"IE"}],"info":{"seed":"d2c6114e962bc148","results":1,"page":1,"version":"1.4"}} 
 </msg>
<msg time="2024-04-29T05:15:40.206561" level="INFO">/opt/hostedtoolcache/Python/3.12.3/x64/lib/python3.12/site-packages/urllib3/connectionpool.py:1103: InsecureRequestWarning: Unverified HTTPS request is being made to host 'randomuser.me'. Adding certificate verification is strongly advised. See: https://urllib3.readthedocs.io/en/latest/advanced-usage.html#tls-warnings
  warnings.warn(</msg>
<msg time="2024-04-29T05:15:40.206721" level="INFO">${response} = &lt;Response [200]&gt;</msg>
<var>${response}</var>
<arg>consultarAPI</arg>
<arg>/api</arg>
<doc>Sends a GET request on a previously created HTTP Session.</doc>
<status status="PASS" start="2024-04-29T05:15:40.116856" elapsed="0.089919"/>
</kw>
<kw name="Set Variable" owner="BuiltIn">
<msg time="2024-04-29T05:15:40.208349" level="INFO">${json_data} = {'results': [{'gender': 'female', 'name': {'title': 'Ms', 'first': 'Laura', 'last': 'Adams'}, 'location': {'street': {'number': 664, 'name': 'Church Road'}, 'city': 'Tramore', 'state': 'Roscommon', 'c...</msg>
<var>${json_data}</var>
<arg>${response.json()}</arg>
<doc>Returns the given values which can then be assigned to a variables.</doc>
<status status="PASS" start="2024-04-29T05:15:40.207515" elapsed="0.000863"/>
</kw>
<kw name="Log" owner="BuiltIn">
<msg time="2024-04-29T05:15:40.208852" level="INFO">{'results': [{'gender': 'female', 'name': {'title': 'Ms', 'first': 'Laura', 'last': 'Adams'}, 'location': {'street': {'number': 664, 'name': 'Church Road'}, 'city': 'Tramore', 'state': 'Roscommon', 'country': 'Ireland', 'postcode': 81912, 'coordinates': {'latitude': '-2.9888', 'longitude': '42.5348'}, 'timezone': {'offset': '+4:00', 'description': 'Abu Dhabi, Muscat, Baku, Tbilisi'}}, 'email': 'laura.adams@example.com', 'login': {'uuid': '90c911ec-c56c-44cd-9c65-732ed5f62148', 'username': 'goldenkoala312', 'password': 'gryphon', 'salt': 'wAUrX2wU', 'md5': '5eb06614849d3b3f27c3bb0bd5b34781', 'sha1': 'a4d0f8206df30e5cf15dc2c2918cacc5d93f1383', 'sha256': '6a9ff265148017d1bed265083f0961c9f6511ccbcdfee81c5d418f451ef14eda'}, 'dob': {'date': '1955-01-08T19:04:05.477Z', 'age': 69}, 'registered': {'date': '2020-11-11T16:42:49.027Z', 'age': 3}, 'phone': '031-941-1351', 'cell': '081-467-2336', 'id': {'name': 'PPS', 'value': '3884389T'}, 'picture': {'large': 'https://randomuser.me/api/portraits/women/80.jpg', 'medium': 'https://randomuser.me/api/portraits/med/women/80.jpg', 'thumbnail': 'https://randomuser.me/api/portraits/thumb/women/80.jpg'}, 'nat': 'IE'}], 'info': {'seed': 'd2c6114e962bc148', 'results': 1, 'page': 1, 'version': '1.4'}}</msg>
<arg>${json_data}</arg>
<doc>Logs the given message with the given level.</doc>
<status status="PASS" start="2024-04-29T05:15:40.208691" elapsed="0.000212"/>
</kw>
<kw name="Dictionary Should Contain Key" owner="Collections">
<msg time="2024-04-29T05:15:40.209357" level="INFO">False</msg>
<arg>${json_data}</arg>
<arg>results</arg>
<doc>Fails if ``key`` is not found from ``dictionary``.</doc>
<status status="PASS" start="2024-04-29T05:15:40.209195" elapsed="0.000201"/>
</kw>
<kw name="Should Not Be Empty" owner="BuiltIn">
<msg time="2024-04-29T05:15:40.209815" level="INFO">Length is 2.</msg>
<arg>${json_data}</arg>
<doc>Verifies that the given item is not empty.</doc>
<status status="PASS" start="2024-04-29T05:15:40.209684" elapsed="0.000341"/>
</kw>
<kw name="Create List" owner="BuiltIn">
<msg time="2024-04-29T05:15:40.210471" level="INFO">${expected_keys} = ['gender', 'name', 'location', 'email', 'login']</msg>
<var>${expected_keys}</var>
<arg>gender</arg>
<arg>name</arg>
<arg>location</arg>
<arg>email</arg>
<arg>login</arg>
<doc>Returns a list containing given items.</doc>
<status status="PASS" start="2024-04-29T05:15:40.210323" elapsed="0.000174"/>
</kw>
<for flavor="IN">
<iter>
<kw name="Dictionary Should Contain Key" owner="Collections">
<msg time="2024-04-29T05:15:40.211499" level="INFO">False</msg>
<arg>${json_data['results'][0]}</arg>
<arg>${key}</arg>
<doc>Fails if ``key`` is not found from ``dictionary``.</doc>
<status status="PASS" start="2024-04-29T05:15:40.211101" elapsed="0.000437"/>
</kw>
<kw name="Log" owner="BuiltIn">
<msg time="2024-04-29T05:15:40.212244" level="INFO">{'gender': 'female', 'name': {'title': 'Ms', 'first': 'Laura', 'last': 'Adams'}, 'location': {'street': {'number': 664, 'name': 'Church Road'}, 'city': 'Tramore', 'state': 'Roscommon', 'country': 'Ireland', 'postcode': 81912, 'coordinates': {'latitude': '-2.9888', 'longitude': '42.5348'}, 'timezone': {'offset': '+4:00', 'description': 'Abu Dhabi, Muscat, Baku, Tbilisi'}}, 'email': 'laura.adams@example.com', 'login': {'uuid': '90c911ec-c56c-44cd-9c65-732ed5f62148', 'username': 'goldenkoala312', 'password': 'gryphon', 'salt': 'wAUrX2wU', 'md5': '5eb06614849d3b3f27c3bb0bd5b34781', 'sha1': 'a4d0f8206df30e5cf15dc2c2918cacc5d93f1383', 'sha256': '6a9ff265148017d1bed265083f0961c9f6511ccbcdfee81c5d418f451ef14eda'}, 'dob': {'date': '1955-01-08T19:04:05.477Z', 'age': 69}, 'registered': {'date': '2020-11-11T16:42:49.027Z', 'age': 3}, 'phone': '031-941-1351', 'cell': '081-467-2336', 'id': {'name': 'PPS', 'value': '3884389T'}, 'picture': {'large': 'https://randomuser.me/api/portraits/women/80.jpg', 'medium': 'https://randomuser.me/api/portraits/med/women/80.jpg', 'thumbnail': 'https://randomuser.me/api/portraits/thumb/women/80.jpg'}, 'nat': 'IE'}</msg>
<arg>${json_data['results'][0]}</arg>
<doc>Logs the given message with the given level.</doc>
<status status="PASS" start="2024-04-29T05:15:40.211874" elapsed="0.000420"/>
</kw>
<kw name="Log" owner="BuiltIn">
<msg time="2024-04-29T05:15:40.212719" level="INFO">gender</msg>
<arg>${key}</arg>
<doc>Logs the given message with the given level.</doc>
<status status="PASS" start="2024-04-29T05:15:40.212591" elapsed="0.000167"/>
</kw>
<var name="${key}">gender</var>
<status status="PASS" start="2024-04-29T05:15:40.210973" elapsed="0.001996"/>
</iter>
<iter>
<kw name="Dictionary Should Contain Key" owner="Collections">
<msg time="2024-04-29T05:15:40.213657" level="INFO">False</msg>
<arg>${json_data['results'][0]}</arg>
<arg>${key}</arg>
<doc>Fails if ``key`` is not found from ``dictionary``.</doc>
<status status="PASS" start="2024-04-29T05:15:40.213271" elapsed="0.000424"/>
</kw>
<kw name="Log" owner="BuiltIn">
<msg time="2024-04-29T05:15:40.214372" level="INFO">{'gender': 'female', 'name': {'title': 'Ms', 'first': 'Laura', 'last': 'Adams'}, 'location': {'street': {'number': 664, 'name': 'Church Road'}, 'city': 'Tramore', 'state': 'Roscommon', 'country': 'Ireland', 'postcode': 81912, 'coordinates': {'latitude': '-2.9888', 'longitude': '42.5348'}, 'timezone': {'offset': '+4:00', 'description': 'Abu Dhabi, Muscat, Baku, Tbilisi'}}, 'email': 'laura.adams@example.com', 'login': {'uuid': '90c911ec-c56c-44cd-9c65-732ed5f62148', 'username': 'goldenkoala312', 'password': 'gryphon', 'salt': 'wAUrX2wU', 'md5': '5eb06614849d3b3f27c3bb0bd5b34781', 'sha1': 'a4d0f8206df30e5cf15dc2c2918cacc5d93f1383', 'sha256': '6a9ff265148017d1bed265083f0961c9f6511ccbcdfee81c5d418f451ef14eda'}, 'dob': {'date': '1955-01-08T19:04:05.477Z', 'age': 69}, 'registered': {'date': '2020-11-11T16:42:49.027Z', 'age': 3}, 'phone': '031-941-1351', 'cell': '081-467-2336', 'id': {'name': 'PPS', 'value': '3884389T'}, 'picture': {'large': 'https://randomuser.me/api/portraits/women/80.jpg', 'medium': 'https://randomuser.me/api/portraits/med/women/80.jpg', 'thumbnail': 'https://randomuser.me/api/portraits/thumb/women/80.jpg'}, 'nat': 'IE'}</msg>
<arg>${json_data['results'][0]}</arg>
<doc>Logs the given message with the given level.</doc>
<status status="PASS" start="2024-04-29T05:15:40.214016" elapsed="0.000404"/>
</kw>
<kw name="Log" owner="BuiltIn">
<msg time="2024-04-29T05:15:40.214837" level="INFO">name</msg>
<arg>${key}</arg>
<doc>Logs the given message with the given level.</doc>
<status status="PASS" start="2024-04-29T05:15:40.214713" elapsed="0.000161"/>
</kw>
<var name="${key}">name</var>
<status status="PASS" start="2024-04-29T05:15:40.213157" elapsed="0.001928"/>
</iter>
<iter>
<kw name="Dictionary Should Contain Key" owner="Collections">
<msg time="2024-04-29T05:15:40.215780" level="INFO">False</msg>
<arg>${json_data['results'][0]}</arg>
<arg>${key}</arg>
<doc>Fails if ``key`` is not found from ``dictionary``.</doc>
<status status="PASS" start="2024-04-29T05:15:40.215373" elapsed="0.000446"/>
</kw>
<kw name="Log" owner="BuiltIn">
<msg time="2024-04-29T05:15:40.216489" level="INFO">{'gender': 'female', 'name': {'title': 'Ms', 'first': 'Laura', 'last': 'Adams'}, 'location': {'street': {'number': 664, 'name': 'Church Road'}, 'city': 'Tramore', 'state': 'Roscommon', 'country': 'Ireland', 'postcode': 81912, 'coordinates': {'latitude': '-2.9888', 'longitude': '42.5348'}, 'timezone': {'offset': '+4:00', 'description': 'Abu Dhabi, Muscat, Baku, Tbilisi'}}, 'email': 'laura.adams@example.com', 'login': {'uuid': '90c911ec-c56c-44cd-9c65-732ed5f62148', 'username': 'goldenkoala312', 'password': 'gryphon', 'salt': 'wAUrX2wU', 'md5': '5eb06614849d3b3f27c3bb0bd5b34781', 'sha1': 'a4d0f8206df30e5cf15dc2c2918cacc5d93f1383', 'sha256': '6a9ff265148017d1bed265083f0961c9f6511ccbcdfee81c5d418f451ef14eda'}, 'dob': {'date': '1955-01-08T19:04:05.477Z', 'age': 69}, 'registered': {'date': '2020-11-11T16:42:49.027Z', 'age': 3}, 'phone': '031-941-1351', 'cell': '081-467-2336', 'id': {'name': 'PPS', 'value': '3884389T'}, 'picture': {'large': 'https://randomuser.me/api/portraits/women/80.jpg', 'medium': 'https://randomuser.me/api/portraits/med/women/80.jpg', 'thumbnail': 'https://randomuser.me/api/portraits/thumb/women/80.jpg'}, 'nat': 'IE'}</msg>
<arg>${json_data['results'][0]}</arg>
<doc>Logs the given message with the given level.</doc>
<status status="PASS" start="2024-04-29T05:15:40.216125" elapsed="0.000412"/>
</kw>
<kw name="Log" owner="BuiltIn">
<msg time="2024-04-29T05:15:40.216951" level="INFO">location</msg>
<arg>${key}</arg>
<doc>Logs the given message with the given level.</doc>
<status status="PASS" start="2024-04-29T05:15:40.216827" elapsed="0.000163"/>
</kw>
<var name="${key}">location</var>
<status status="PASS" start="2024-04-29T05:15:40.215262" elapsed="0.001938"/>
</iter>
<iter>
<kw name="Dictionary Should Contain Key" owner="Collections">
<msg time="2024-04-29T05:15:40.217863" level="INFO">False</msg>
<arg>${json_data['results'][0]}</arg>
<arg>${key}</arg>
<doc>Fails if ``key`` is not found from ``dictionary``.</doc>
<status status="PASS" start="2024-04-29T05:15:40.217482" elapsed="0.000419"/>
</kw>
<kw name="Log" owner="BuiltIn">
<msg time="2024-04-29T05:15:40.218543" level="INFO">{'gender': 'female', 'name': {'title': 'Ms', 'first': 'Laura', 'last': 'Adams'}, 'location': {'street': {'number': 664, 'name': 'Church Road'}, 'city': 'Tramore', 'state': 'Roscommon', 'country': 'Ireland', 'postcode': 81912, 'coordinates': {'latitude': '-2.9888', 'longitude': '42.5348'}, 'timezone': {'offset': '+4:00', 'description': 'Abu Dhabi, Muscat, Baku, Tbilisi'}}, 'email': 'laura.adams@example.com', 'login': {'uuid': '90c911ec-c56c-44cd-9c65-732ed5f62148', 'username': 'goldenkoala312', 'password': 'gryphon', 'salt': 'wAUrX2wU', 'md5': '5eb06614849d3b3f27c3bb0bd5b34781', 'sha1': 'a4d0f8206df30e5cf15dc2c2918cacc5d93f1383', 'sha256': '6a9ff265148017d1bed265083f0961c9f6511ccbcdfee81c5d418f451ef14eda'}, 'dob': {'date': '1955-01-08T19:04:05.477Z', 'age': 69}, 'registered': {'date': '2020-11-11T16:42:49.027Z', 'age': 3}, 'phone': '031-941-1351', 'cell': '081-467-2336', 'id': {'name': 'PPS', 'value': '3884389T'}, 'picture': {'large': 'https://randomuser.me/api/portraits/women/80.jpg', 'medium': 'https://randomuser.me/api/portraits/med/women/80.jpg', 'thumbnail': 'https://randomuser.me/api/portraits/thumb/women/80.jpg'}, 'nat': 'IE'}</msg>
<arg>${json_data['results'][0]}</arg>
<doc>Logs the given message with the given level.</doc>
<status status="PASS" start="2024-04-29T05:15:40.218191" elapsed="0.000400"/>
</kw>
<kw name="Log" owner="BuiltIn">
<msg time="2024-04-29T05:15:40.219014" level="INFO">email</msg>
<arg>${key}</arg>
<doc>Logs the given message with the given level.</doc>
<status status="PASS" start="2024-04-29T05:15:40.218887" elapsed="0.000165"/>
</kw>
<var name="${key}">email</var>
<status status="PASS" start="2024-04-29T05:15:40.217372" elapsed="0.001893"/>
</iter>
<iter>
<kw name="Dictionary Should Contain Key" owner="Collections">
<msg time="2024-04-29T05:15:40.219962" level="INFO">False</msg>
<arg>${json_data['results'][0]}</arg>
<arg>${key}</arg>
<doc>Fails if ``key`` is not found from ``dictionary``.</doc>
<status status="PASS" start="2024-04-29T05:15:40.219546" elapsed="0.000454"/>
</kw>
<kw name="Log" owner="BuiltIn">
<msg time="2024-04-29T05:15:40.220657" level="INFO">{'gender': 'female', 'name': {'title': 'Ms', 'first': 'Laura', 'last': 'Adams'}, 'location': {'street': {'number': 664, 'name': 'Church Road'}, 'city': 'Tramore', 'state': 'Roscommon', 'country': 'Ireland', 'postcode': 81912, 'coordinates': {'latitude': '-2.9888', 'longitude': '42.5348'}, 'timezone': {'offset': '+4:00', 'description': 'Abu Dhabi, Muscat, Baku, Tbilisi'}}, 'email': 'laura.adams@example.com', 'login': {'uuid': '90c911ec-c56c-44cd-9c65-732ed5f62148', 'username': 'goldenkoala312', 'password': 'gryphon', 'salt': 'wAUrX2wU', 'md5': '5eb06614849d3b3f27c3bb0bd5b34781', 'sha1': 'a4d0f8206df30e5cf15dc2c2918cacc5d93f1383', 'sha256': '6a9ff265148017d1bed265083f0961c9f6511ccbcdfee81c5d418f451ef14eda'}, 'dob': {'date': '1955-01-08T19:04:05.477Z', 'age': 69}, 'registered': {'date': '2020-11-11T16:42:49.027Z', 'age': 3}, 'phone': '031-941-1351', 'cell': '081-467-2336', 'id': {'name': 'PPS', 'value': '3884389T'}, 'picture': {'large': 'https://randomuser.me/api/portraits/women/80.jpg', 'medium': 'https://randomuser.me/api/portraits/med/women/80.jpg', 'thumbnail': 'https://randomuser.me/api/portraits/thumb/women/80.jpg'}, 'nat': 'IE'}</msg>
<arg>${json_data['results'][0]}</arg>
<doc>Logs the given message with the given level.</doc>
<status status="PASS" start="2024-04-29T05:15:40.220294" elapsed="0.000416"/>
</kw>
<kw name="Log" owner="BuiltIn">
<msg time="2024-04-29T05:15:40.221132" level="INFO">login</msg>
<arg>${key}</arg>
<doc>Logs the given message with the given level.</doc>
<status status="PASS" start="2024-04-29T05:15:40.221007" elapsed="0.000164"/>
</kw>
<var name="${key}">login</var>
<status status="PASS" start="2024-04-29T05:15:40.219436" elapsed="0.001971"/>
</iter>
<var>${key}</var>
<value>@{expected_keys}</value>
<status status="PASS" start="2024-04-29T05:15:40.210768" elapsed="0.010765"/>
</for>
<kw name="Create List" owner="BuiltIn">
<msg time="2024-04-29T05:15:40.221859" level="INFO">${expected_keysTwo} = ['username', 'password']</msg>
<var>${expected_keysTwo}</var>
<arg>username</arg>
<arg>password</arg>
<doc>Returns a list containing given items.</doc>
<status status="PASS" start="2024-04-29T05:15:40.221723" elapsed="0.000161"/>
</kw>
<for flavor="IN">
<iter>
<kw name="Dictionary Should Contain Key" owner="Collections">
<msg time="2024-04-29T05:15:40.222771" level="INFO">False</msg>
<arg>${json_data['results'][0]['login']}</arg>
<arg>${keyTwo}</arg>
<doc>Fails if ``key`` is not found from ``dictionary``.</doc>
<status status="PASS" start="2024-04-29T05:15:40.222378" elapsed="0.000431"/>
</kw>
<kw name="Dictionary Should Contain Key" owner="Collections">
<msg time="2024-04-29T05:15:40.223489" level="INFO">False</msg>
<arg>${json_data['results'][0]['login']}</arg>
<arg>${keyTwo}</arg>
<doc>Fails if ``key`` is not found from ``dictionary``.</doc>
<status status="PASS" start="2024-04-29T05:15:40.223104" elapsed="0.000423"/>
</kw>
<kw name="Log" owner="BuiltIn">
<msg time="2024-04-29T05:15:40.223993" level="INFO">username</msg>
<arg>${keyTwo}</arg>
<doc>Logs the given message with the given level.</doc>
<status status="PASS" start="2024-04-29T05:15:40.223859" elapsed="0.000172"/>
</kw>
<var name="${keyTwo}">username</var>
<status status="PASS" start="2024-04-29T05:15:40.222270" elapsed="0.001977"/>
</iter>
<iter>
<kw name="Dictionary Should Contain Key" owner="Collections">
<msg time="2024-04-29T05:15:40.225005" level="INFO">False</msg>
<arg>${json_data['results'][0]['login']}</arg>
<arg>${keyTwo}</arg>
<doc>Fails if ``key`` is not found from ``dictionary``.</doc>
<status status="PASS" start="2024-04-29T05:15:40.224535" elapsed="0.000517"/>
</kw>
<kw name="Dictionary Should Contain Key" owner="Collections">
<msg time="2024-04-29T05:15:40.225734" level="INFO">False</msg>
<arg>${json_data['results'][0]['login']}</arg>
<arg>${keyTwo}</arg>
<doc>Fails if ``key`` is not found from ``dictionary``.</doc>
<status status="PASS" start="2024-04-29T05:15:40.225352" elapsed="0.000419"/>
</kw>
<kw name="Log" owner="BuiltIn">
<msg time="2024-04-29T05:15:40.226190" level="INFO">password</msg>
<arg>${keyTwo}</arg>
<doc>Logs the given message with the given level.</doc>
<status status="PASS" start="2024-04-29T05:15:40.226063" elapsed="0.000165"/>
</kw>
<var name="${keyTwo}">password</var>
<status status="PASS" start="2024-04-29T05:15:40.224423" elapsed="0.002021"/>
</iter>
<var>${keyTwo}</var>
<value>@{expected_keysTwo}</value>
<status status="PASS" start="2024-04-29T05:15:40.222119" elapsed="0.004447"/>
</for>
<status status="PASS" start="2024-04-29T05:15:40.116620" elapsed="0.110088"/>
</kw>
<doc>Testa a estrutura da resposta da API.</doc>
<tag>testeEstruturaResposta</tag>
<status status="PASS" start="2024-04-29T05:15:40.116047" elapsed="0.110822"/>
</test>
<test id="s1-s1-t4" name="Validar tipos de dados" line="28">
<kw name="Teste de Tipos de Dados" owner="random-user-service">
<kw name="GET On Session" owner="RequestsLibrary">
<msg time="2024-04-29T05:15:40.329633" level="INFO">GET Request : url=https://randomuser.me/api 
 path_url=/api 
 headers={'User-Agent': 'python-requests/2.31.0', 'Accept-Encoding': 'gzip, deflate', 'Accept': '*/*', 'Connection': 'keep-alive'} 
 body=None 
 </msg>
<msg time="2024-04-29T05:15:40.329749" level="INFO">GET Response : url=https://randomuser.me/api 
 status=200, reason=OK 
 headers={'Date': 'Mon, 29 Apr 2024 05:15:40 GMT', 'Content-Type': 'application/json; charset=utf-8', 'Transfer-Encoding': 'chunked', 'Connection': 'keep-alive', 'X-Powered-By': 'Express', 'Access-Control-Allow-Origin': '*', 'Cache-Control': 'no-cache', 'ETag': 'W/"49b-lINNzE7NCVIBNiLZn2htf3y1aok"', 'Vary': 'Accept-Encoding', 'Content-Encoding': 'gzip', 'CF-Cache-Status': 'DYNAMIC', 'Report-To': '{"endpoints":[{"url":"https:\\/\\/a.nel.cloudflare.com\\/report\\/v4?s=QVwuNN1e4lXWYZoJwYbA89fhIaNOJaDPYXxCkuAQxys%2F%2FM5iLInfIoRnT9y2agRGyso0VTvK3kJZ%2B275t45qh2U8uGXONpPnugMAl%2FwP58A4R041gFkcaFGBeVPx%2Bpk0"}],"group":"cf-nel","max_age":604800}', 'NEL': '{"success_fraction":0,"report_to":"cf-nel","max_age":604800}', 'Server': 'cloudflare', 'CF-RAY': '87bcd0c87d746894-SJC', 'alt-svc': 'h3=":443"; ma=86400'} 
 body={"results":[{"gender":"male","name":{"title":"Mr","first":"Ben","last":"Mitchell"},"location":{"street":{"number":2759,"name":"Albert Road"},"city":"Oxford","state":"Somerset","country":"United Kingdom","postcode":"ZV5F 1AF","coordinates":{"latitude":"-10.7830","longitude":"-109.8019"},"timezone":{"offset":"+9:00","description":"Tokyo, Seoul, Osaka, Sapporo, Yakutsk"}},"email":"ben.mitchell@example.com","login":{"uuid":"19e40acd-3bb2-4374-b643-2c49d6930b00","username":"crazyelephant238","password":"hippo","salt":"nQRjoEr7","md5":"de28ae69404d8b61b544a5db5c0525b0","sha1":"ee2d791ae42e69302ae5e5b6ee1acbf787f9bda3","sha256":"978fa8c3bba30e3d5a1d6427fe1307740580c90da23a1f3e0f2bd31ec2b5365b"},"dob":{"date":"1990-10-03T02:19:10.910Z","age":33},"registered":{"date":"2008-03-16T19:46:29.728Z","age":16},"phone":"016977 64491","cell":"07411 299825","id":{"name":"NINO","value":"GX 49 87 06 Y"},"picture":{"large":"https://randomuser.me/api/portraits/men/60.jpg","medium":"https://randomuser.me/api/portraits/med/men/60.jpg","thumbnail":"https://randomuser.me/api/portraits/thumb/men/60.jpg"},"nat":"GB"}],"info":{"seed":"b71d76925efde49c","results":1,"page":1,"version":"1.4"}} 
 </msg>
<msg time="2024-04-29T05:15:40.329848" level="INFO">/opt/hostedtoolcache/Python/3.12.3/x64/lib/python3.12/site-packages/urllib3/connectionpool.py:1103: InsecureRequestWarning: Unverified HTTPS request is being made to host 'randomuser.me'. Adding certificate verification is strongly advised. See: https://urllib3.readthedocs.io/en/latest/advanced-usage.html#tls-warnings
  warnings.warn(</msg>
<msg time="2024-04-29T05:15:40.330000" level="INFO">${response} = &lt;Response [200]&gt;</msg>
<var>${response}</var>
<arg>consultarAPI</arg>
<arg>/api</arg>
<doc>Sends a GET request on a previously created HTTP Session.</doc>
<status status="PASS" start="2024-04-29T05:15:40.229488" elapsed="0.100567"/>
</kw>
<kw name="Set Variable" owner="BuiltIn">
<msg time="2024-04-29T05:15:40.331537" level="INFO">${json_data} = {'results': [{'gender': 'male', 'name': {'title': 'Mr', 'first': 'Ben', 'last': 'Mitchell'}, 'location': {'street': {'number': 2759, 'name': 'Albert Road'}, 'city': 'Oxford', 'state': 'Somerset', 'cou...</msg>
<var>${json_data}</var>
<arg>${response.json()}</arg>
<doc>Returns the given values which can then be assigned to a variables.</doc>
<status status="PASS" start="2024-04-29T05:15:40.330811" elapsed="0.000756"/>
</kw>
<kw name="Log" owner="BuiltIn">
<msg time="2024-04-29T05:15:40.332122" level="INFO">{'results': [{'gender': 'male', 'name': {'title': 'Mr', 'first': 'Ben', 'last': 'Mitchell'}, 'location': {'street': {'number': 2759, 'name': 'Albert Road'}, 'city': 'Oxford', 'state': 'Somerset', 'country': 'United Kingdom', 'postcode': 'ZV5F 1AF', 'coordinates': {'latitude': '-10.7830', 'longitude': '-109.8019'}, 'timezone': {'offset': '+9:00', 'description': 'Tokyo, Seoul, Osaka, Sapporo, Yakutsk'}}, 'email': 'ben.mitchell@example.com', 'login': {'uuid': '19e40acd-3bb2-4374-b643-2c49d6930b00', 'username': 'crazyelephant238', 'password': 'hippo', 'salt': 'nQRjoEr7', 'md5': 'de28ae69404d8b61b544a5db5c0525b0', 'sha1': 'ee2d791ae42e69302ae5e5b6ee1acbf787f9bda3', 'sha256': '978fa8c3bba30e3d5a1d6427fe1307740580c90da23a1f3e0f2bd31ec2b5365b'}, 'dob': {'date': '1990-10-03T02:19:10.910Z', 'age': 33}, 'registered': {'date': '2008-03-16T19:46:29.728Z', 'age': 16}, 'phone': '016977 64491', 'cell': '07411 299825', 'id': {'name': 'NINO', 'value': 'GX 49 87 06 Y'}, 'picture': {'large': 'https://randomuser.me/api/portraits/men/60.jpg', 'medium': 'https://randomuser.me/api/portraits/med/men/60.jpg', 'thumbnail': 'https://randomuser.me/api/portraits/thumb/men/60.jpg'}, 'nat': 'GB'}], 'info': {'seed': 'b71d76925efde49c', 'results': 1, 'page': 1, 'version': '1.4'}}</msg>
<arg>${json_data}</arg>
<doc>Logs the given message with the given level.</doc>
<status status="PASS" start="2024-04-29T05:15:40.331955" elapsed="0.000253"/>
</kw>
<kw name="Should Be String" owner="String">
<arg>${json_data['results'][0]['gender']}</arg>
<doc>Fails if the given ``item`` is not a string.</doc>
<status status="PASS" start="2024-04-29T05:15:40.332519" elapsed="0.000371"/>
</kw>
<kw name="Should Match Regexp" owner="BuiltIn">
<arg>${json_data['results'][0]['email']}</arg>
<arg>^[a-zA-Z0-9._%+-]+@[a-zA-Z0-9.-]+\.[a-zA-Z]{2,}$</arg>
<doc>Fails if ``string`` does not match ``pattern`` as a regular expression.</doc>
<status status="PASS" start="2024-04-29T05:15:40.333085" elapsed="0.000526"/>
</kw>
<kw name="Should Match Regexp" owner="BuiltIn">
<arg>${json_data['results'][0]['dob']['date']}</arg>
<arg>\\d{4}-\\d{2}-\\d{2}T\\d{2}:\\d{2}:\\d{2}\\.\\d{3}Z</arg>
<doc>Fails if ``string`` does not match ``pattern`` as a regular expression.</doc>
<status status="PASS" start="2024-04-29T05:15:40.333811" elapsed="0.000491"/>
</kw>
<kw name="Should Match Regexp" owner="BuiltIn">
<arg>${json_data['results'][0]['registered']['date']}</arg>
<arg>\\d{4}-\\d{2}-\\d{2}T\\d{2}:\\d{2}:\\d{2}\\.\\d{3}Z</arg>
<doc>Fails if ``string`` does not match ``pattern`` as a regular expression.</doc>
<status status="PASS" start="2024-04-29T05:15:40.334495" elapsed="0.000371"/>
</kw>
<kw name="Should Match Regexp" owner="BuiltIn">
<arg>${json_data['results'][0]['picture']['large']}</arg>
<arg>^https?://.*\.(?:png|jpe?g|gif|bmp)$</arg>
<doc>Fails if ``string`` does not match ``pattern`` as a regular expression.</doc>
<status status="PASS" start="2024-04-29T05:15:40.335056" elapsed="0.000460"/>
</kw>
<kw name="Should Match Regexp" owner="BuiltIn">
<arg>${json_data['results'][0]['picture']['medium']}</arg>
<arg>^https?://.*\.(?:png|jpe?g|gif|bmp)$</arg>
<doc>Fails if ``string`` does not match ``pattern`` as a regular expression.</doc>
<status status="PASS" start="2024-04-29T05:15:40.335746" elapsed="0.000370"/>
</kw>
<kw name="Should Match Regexp" owner="BuiltIn">
<arg>${json_data['results'][0]['picture']['thumbnail']}</arg>
<arg>^https?://.*\.(?:png|jpe?g|gif|bmp)$</arg>
<doc>Fails if ``string`` does not match ``pattern`` as a regular expression.</doc>
<status status="PASS" start="2024-04-29T05:15:40.336308" elapsed="0.000354"/>
</kw>
<kw name="Log" owner="BuiltIn">
<msg time="2024-04-29T05:15:40.337170" level="INFO">{'large': 'https://randomuser.me/api/portraits/men/60.jpg', 'medium': 'https://randomuser.me/api/portraits/med/men/60.jpg', 'thumbnail': 'https://randomuser.me/api/portraits/thumb/men/60.jpg'}</msg>
<arg>${json_data['results'][0]['picture']}</arg>
<doc>Logs the given message with the given level.</doc>
<status status="PASS" start="2024-04-29T05:15:40.336844" elapsed="0.000368"/>
</kw>
<status status="PASS" start="2024-04-29T05:15:40.229255" elapsed="0.108215"/>
</kw>
<kw name="Teste de Tipos de Dados - Postcode" owner="random-user-service">
<kw name="GET On Session" owner="RequestsLibrary">
<msg time="2024-04-29T05:15:40.424660" level="INFO">GET Request : url=https://randomuser.me/api 
 path_url=/api 
 headers={'User-Agent': 'python-requests/2.31.0', 'Accept-Encoding': 'gzip, deflate', 'Accept': '*/*', 'Connection': 'keep-alive'} 
 body=None 
 </msg>
<msg time="2024-04-29T05:15:40.424765" level="INFO">GET Response : url=https://randomuser.me/api 
 status=200, reason=OK 
 headers={'Date': 'Mon, 29 Apr 2024 05:15:40 GMT', 'Content-Type': 'application/json; charset=utf-8', 'Transfer-Encoding': 'chunked', 'Connection': 'keep-alive', 'X-Powered-By': 'Express', 'Access-Control-Allow-Origin': '*', 'Cache-Control': 'no-cache', 'ETag': 'W/"487-ftLUacgrsH6HGVJmTT7HXPbGR7I"', 'Vary': 'Accept-Encoding', 'Content-Encoding': 'gzip', 'CF-Cache-Status': 'DYNAMIC', 'Report-To': '{"endpoints":[{"url":"https:\\/\\/a.nel.cloudflare.com\\/report\\/v4?s=jd%2BIC2qa%2FVqNgjnaGVcwXY%2BlK2YX%2FcOPJA%2Br6YLp8n6wSSwEj%2BuUYH0sGfmRLUMI9iwgJaOwxERNonylq56Ww7AKsnGReR%2Bf7aGcsEpTteiNFH0J%2FYCuOh2A5O5i0ciy"}],"group":"cf-nel","max_age":604800}', 'NEL': '{"success_fraction":0,"report_to":"cf-nel","max_age":604800}', 'Server': 'cloudflare', 'CF-RAY': '87bcd0c92e096894-SJC', 'alt-svc': 'h3=":443"; ma=86400'} 
 body={"results":[{"gender":"male","name":{"title":"Mr","first":"P'ier","last":"Pushchenko"},"location":{"street":{"number":1257,"name":"38-yi Armiyi"},"city":"Komarno","state":"Ivano-Frankivska","country":"Ukraine","postcode":46820,"coordinates":{"latitude":"75.7817","longitude":"-29.4720"},"timezone":{"offset":"-1:00","description":"Azores, Cape Verde Islands"}},"email":"p'ier.pushchenko@example.com","login":{"uuid":"bb620656-9429-4fb3-a44a-e04862d321db","username":"brownmouse889","password":"cramps","salt":"IpiK8Qm4","md5":"a7ece8e378dc146e8f5b12db0d9a81f3","sha1":"ddde25e9e4c69ad8bd7eb36328860a36829af9af","sha256":"3f72a65caf99edd144b83707c9a4e2c67ff5c401cf9e903a2ef0f072c5b67588"},"dob":{"date":"1944-10-08T11:48:40.614Z","age":79},"registered":{"date":"2007-08-25T08:35:01.352Z","age":16},"phone":"(068) E82-1087","cell":"(067) V14-6680","id":{"name":"","value":null},"picture":{"large":"https://randomuser.me/api/portraits/men/54.jpg","medium":"https://randomuser.me/api/portraits/med/men/54.jpg","thumbnail":"https://randomuser.me/api/portraits/thumb/men/54.jpg"},"nat":"UA"}],"info":{"seed":"39c9d5fdddf45f6f","results":1,"page":1,"version":"1.4"}} 
 </msg>
<msg time="2024-04-29T05:15:40.424857" level="INFO">/opt/hostedtoolcache/Python/3.12.3/x64/lib/python3.12/site-packages/urllib3/connectionpool.py:1103: InsecureRequestWarning: Unverified HTTPS request is being made to host 'randomuser.me'. Adding certificate verification is strongly advised. See: https://urllib3.readthedocs.io/en/latest/advanced-usage.html#tls-warnings
  warnings.warn(</msg>
<msg time="2024-04-29T05:15:40.424999" level="INFO">${response} = &lt;Response [200]&gt;</msg>
<var>${response}</var>
<arg>consultarAPI</arg>
<arg>/api</arg>
<doc>Sends a GET request on a previously created HTTP Session.</doc>
<status status="PASS" start="2024-04-29T05:15:40.337946" elapsed="0.087102"/>
</kw>
<kw name="Set Variable" owner="BuiltIn">
<msg time="2024-04-29T05:15:40.426686" level="INFO">${json_data} = {'results': [{'gender': 'male', 'name': {'title': 'Mr', 'first': "P'ier", 'last': 'Pushchenko'}, 'location': {'street': {'number': 1257, 'name': '38-yi Armiyi'}, 'city': 'Komarno', 'state': 'Ivano-Fra...</msg>
<var>${json_data}</var>
<arg>${response.json()}</arg>
<doc>Returns the given values which can then be assigned to a variables.</doc>
<status status="PASS" start="2024-04-29T05:15:40.425822" elapsed="0.000893"/>
</kw>
<kw name="Log" owner="BuiltIn">
<msg time="2024-04-29T05:15:40.427187" level="INFO">{'results': [{'gender': 'male', 'name': {'title': 'Mr', 'first': "P'ier", 'last': 'Pushchenko'}, 'location': {'street': {'number': 1257, 'name': '38-yi Armiyi'}, 'city': 'Komarno', 'state': 'Ivano-Frankivska', 'country': 'Ukraine', 'postcode': 46820, 'coordinates': {'latitude': '75.7817', 'longitude': '-29.4720'}, 'timezone': {'offset': '-1:00', 'description': 'Azores, Cape Verde Islands'}}, 'email': "p'ier.pushchenko@example.com", 'login': {'uuid': 'bb620656-9429-4fb3-a44a-e04862d321db', 'username': 'brownmouse889', 'password': 'cramps', 'salt': 'IpiK8Qm4', 'md5': 'a7ece8e378dc146e8f5b12db0d9a81f3', 'sha1': 'ddde25e9e4c69ad8bd7eb36328860a36829af9af', 'sha256': '3f72a65caf99edd144b83707c9a4e2c67ff5c401cf9e903a2ef0f072c5b67588'}, 'dob': {'date': '1944-10-08T11:48:40.614Z', 'age': 79}, 'registered': {'date': '2007-08-25T08:35:01.352Z', 'age': 16}, 'phone': '(068) E82-1087', 'cell': '(067) V14-6680', 'id': {'name': '', 'value': None}, 'picture': {'large': 'https://randomuser.me/api/portraits/men/54.jpg', 'medium': 'https://randomuser.me/api/portraits/med/men/54.jpg', 'thumbnail': 'https://randomuser.me/api/portraits/thumb/men/54.jpg'}, 'nat': 'UA'}], 'info': {'seed': '39c9d5fdddf45f6f', 'results': 1, 'page': 1, 'version': '1.4'}}</msg>
<arg>${json_data}</arg>
<doc>Logs the given message with the given level.</doc>
<status status="PASS" start="2024-04-29T05:15:40.427029" elapsed="0.000241"/>
</kw>
<kw name="Should Be Equal As Numbers" owner="BuiltIn">
<arg>${json_data['results'][0]['location']['postcode']}</arg>
<arg>${json_data['results'][0]['location']['postcode']}</arg>
<doc>Fails if objects are unequal after converting them to real numbers.</doc>
<status status="PASS" start="2024-04-29T05:15:40.427778" elapsed="0.000637"/>
</kw>
<kw name="Log" owner="BuiltIn">
<msg time="2024-04-29T05:15:40.428938" level="INFO">46820</msg>
<arg>${json_data['results'][0]['location']['postcode']}</arg>
<doc>Logs the given message with the given level.</doc>
<status status="PASS" start="2024-04-29T05:15:40.428605" elapsed="0.000372"/>
</kw>
<status status="PASS" start="2024-04-29T05:15:40.337702" elapsed="0.091530"/>
</kw>
<doc>Testa se os tipos de dados na resposta da API estão corretos.</doc>
<tag>testeTiposDados</tag>
<status status="PASS" start="2024-04-29T05:15:40.228710" elapsed="0.200689"/>
</test>
<test id="s1-s1-t5" name="Validar conteudo" line="35">
<kw name="Teste de Tipos de Conteudo" owner="random-user-service">
<kw name="GET On Session" owner="RequestsLibrary">
<msg time="2024-04-29T05:15:40.524498" level="INFO">GET Request : url=https://randomuser.me/api 
 path_url=/api 
 headers={'User-Agent': 'python-requests/2.31.0', 'Accept-Encoding': 'gzip, deflate', 'Accept': '*/*', 'Connection': 'keep-alive'} 
 body=None 
 </msg>
<msg time="2024-04-29T05:15:40.524605" level="INFO">GET Response : url=https://randomuser.me/api 
 status=200, reason=OK 
 headers={'Date': 'Mon, 29 Apr 2024 05:15:40 GMT', 'Content-Type': 'application/json; charset=utf-8', 'Transfer-Encoding': 'chunked', 'Connection': 'keep-alive', 'X-Powered-By': 'Express', 'Access-Control-Allow-Origin': '*', 'Cache-Control': 'no-cache', 'ETag': 'W/"497-G9FbXN4sT3iJnUa4iECTDU/CN94"', 'Vary': 'Accept-Encoding', 'Content-Encoding': 'gzip', 'CF-Cache-Status': 'DYNAMIC', 'Report-To': '{"endpoints":[{"url":"https:\\/\\/a.nel.cloudflare.com\\/report\\/v4?s=d7GGdcQozsCoI5kU%2B4be6DdRIjO3%2F4NJu8XtQ2XjZw8Hskvcr7JpawvSBIJgE5CyZ71CmLrRV82K5Y4UbaBsqZyQkVBNVsrX7g7xOjIYx8sgIeK7Y92ES5OsK%2FAm1w2e"}],"group":"cf-nel","max_age":604800}', 'NEL': '{"success_fraction":0,"report_to":"cf-nel","max_age":604800}', 'Server': 'cloudflare', 'CF-RAY': '87bcd0c9bead6894-SJC', 'alt-svc': 'h3=":443"; ma=86400'} 
 body={"results":[{"gender":"female","name":{"title":"Ms","first":"Esmeralda","last":"Beregulyak"},"location":{"street":{"number":767,"name":"Provulok Ustima Karmelyuka"},"city":"Nadvirna","state":"Zakarpatska","country":"Ukraine","postcode":45432,"coordinates":{"latitude":"80.7456","longitude":"119.7904"},"timezone":{"offset":"+9:30","description":"Adelaide, Darwin"}},"email":"esmeralda.beregulyak@example.com","login":{"uuid":"40be1694-6a51-4942-b67b-e77dc79e81fd","username":"silvertiger545","password":"homerun","salt":"PueMtlQz","md5":"63554c0bb237737f951e9c9d2f6eb13a","sha1":"3c025cf7442a94a493fc0e0272f8e4e61a64092c","sha256":"79b4c6d24301bb76d5249e8647d9c7fdab6f15919c743e4bc4dd45d69a06ffc5"},"dob":{"date":"1970-09-17T15:13:24.250Z","age":53},"registered":{"date":"2018-11-18T09:41:21.198Z","age":5},"phone":"(096) O95-0989","cell":"(096) D66-8461","id":{"name":"","value":null},"picture":{"large":"https://randomuser.me/api/portraits/women/78.jpg","medium":"https://randomuser.me/api/portraits/med/women/78.jpg","thumbnail":"https://randomuser.me/api/portraits/thumb/women/78.jpg"},"nat":"UA"}],"info":{"seed":"be79bcfbaef0ed9b","results":1,"page":1,"version":"1.4"}} 
 </msg>
<msg time="2024-04-29T05:15:40.524696" level="INFO">/opt/hostedtoolcache/Python/3.12.3/x64/lib/python3.12/site-packages/urllib3/connectionpool.py:1103: InsecureRequestWarning: Unverified HTTPS request is being made to host 'randomuser.me'. Adding certificate verification is strongly advised. See: https://urllib3.readthedocs.io/en/latest/advanced-usage.html#tls-warnings
  warnings.warn(</msg>
<msg time="2024-04-29T05:15:40.524833" level="INFO">${response} = &lt;Response [200]&gt;</msg>
<var>${response}</var>
<arg>consultarAPI</arg>
<arg>/api</arg>
<doc>Sends a GET request on a previously created HTTP Session.</doc>
<status status="PASS" start="2024-04-29T05:15:40.431913" elapsed="0.092965"/>
</kw>
<kw name="Set Variable" owner="BuiltIn">
<msg time="2024-04-29T05:15:40.526425" level="INFO">${json_data} = {'results': [{'gender': 'female', 'name': {'title': 'Ms', 'first': 'Esmeralda', 'last': 'Beregulyak'}, 'location': {'street': {'number': 767, 'name': 'Provulok Ustima Karmelyuka'}, 'city': 'Nadvirna',...</msg>
<var>${json_data}</var>
<arg>${response.json()}</arg>
<doc>Returns the given values which can then be assigned to a variables.</doc>
<status status="PASS" start="2024-04-29T05:15:40.525647" elapsed="0.000808"/>
</kw>
<kw name="Set Variable" owner="BuiltIn">
<msg time="2024-04-29T05:15:40.527149" level="INFO">${name_title} = Ms</msg>
<var>${name_title}</var>
<arg>${json_data["results"][0]["name"]["title"]}</arg>
<doc>Returns the given values which can then be assigned to a variables.</doc>
<status status="PASS" start="2024-04-29T05:15:40.526763" elapsed="0.000411"/>
</kw>
<kw name="Create List" owner="BuiltIn">
<msg time="2024-04-29T05:15:40.527620" level="INFO">${allowed_titles} = ['Mr', 'Ms', 'Miss', 'Mrs', 'Madame', 'Monsieur']</msg>
<var>${allowed_titles}</var>
<arg>Mr</arg>
<arg>Ms</arg>
<arg>Miss</arg>
<arg>Mrs</arg>
<arg>Madame</arg>
<arg>Monsieur</arg>
<doc>Returns a list containing given items.</doc>
<status status="PASS" start="2024-04-29T05:15:40.527472" elapsed="0.000172"/>
</kw>
<kw name="List Should Contain Value" owner="Collections">
<msg time="2024-04-29T05:15:40.528168" level="INFO">False</msg>
<arg>${allowed_titles}</arg>
<arg>${name_title}</arg>
<doc>Fails if the ``value`` is not found from ``list``.</doc>
<status status="PASS" start="2024-04-29T05:15:40.527992" elapsed="0.000214"/>
</kw>
<kw name="Set Variable" owner="BuiltIn">
<msg time="2024-04-29T05:15:40.528877" level="INFO">${name_country} = UA</msg>
<var>${name_country}</var>
<arg>${json_data["results"][0]["nat"]}</arg>
<doc>Returns the given values which can then be assigned to a variables.</doc>
<status status="PASS" start="2024-04-29T05:15:40.528492" elapsed="0.000410"/>
</kw>
<kw name="Create List" owner="BuiltIn">
<msg time="2024-04-29T05:15:40.529814" level="INFO">${list_country} = ['AD', 'AE', 'AF', 'AG', 'AI', 'AL', 'AM', 'AO', 'AQ', 'AR', 'AS', 'AT', 'AU', 'AW', 'AX', 'AZ', 'BA', 'BB', 'BD', 'BE', 'BF', 'BG', 'BH', 'BI', 'BJ', 'BL', 'BM', 'BN', 'BO', 'BQ', 'BR', 'BS', 'BT', '...</msg>
<var>${list_country}</var>
<arg>AD</arg>
<arg>AE</arg>
<arg>AF</arg>
<arg>AG</arg>
<arg>AI</arg>
<arg>AL</arg>
<arg>AM</arg>
<arg>AO</arg>
<arg>AQ</arg>
<arg>AR</arg>
<arg>AS</arg>
<arg>AT</arg>
<arg>AU</arg>
<arg>AW</arg>
<arg>AX</arg>
<arg>AZ</arg>
<arg>BA</arg>
<arg>BB</arg>
<arg>BD</arg>
<arg>BE</arg>
<arg>BF</arg>
<arg>BG</arg>
<arg>BH</arg>
<arg>BI</arg>
<arg>BJ</arg>
<arg>BL</arg>
<arg>BM</arg>
<arg>BN</arg>
<arg>BO</arg>
<arg>BQ</arg>
<arg>BR</arg>
<arg>BS</arg>
<arg>BT</arg>
<arg>BV</arg>
<arg>BW</arg>
<arg>BY</arg>
<arg>BZ</arg>
<arg>CA</arg>
<arg>CC</arg>
<arg>CD</arg>
<arg>CF</arg>
<arg>CG</arg>
<arg>CH</arg>
<arg>CI</arg>
<arg>CK</arg>
<arg>CL</arg>
<arg>CM</arg>
<arg>CN</arg>
<arg>CO</arg>
<arg>CR</arg>
<arg>CU</arg>
<arg>CV</arg>
<arg>CW</arg>
<arg>CX</arg>
<arg>CY</arg>
<arg>CZ</arg>
<arg>DE</arg>
<arg>DJ</arg>
<arg>DK</arg>
<arg>DM</arg>
<arg>DO</arg>
<arg>DZ</arg>
<arg>EC</arg>
<arg>EE</arg>
<arg>EG</arg>
<arg>EH</arg>
<arg>ER</arg>
<arg>ES</arg>
<arg>ET</arg>
<arg>FI</arg>
<arg>FJ</arg>
<arg>FK</arg>
<arg>FM</arg>
<arg>FO</arg>
<arg>FR</arg>
<arg>GA</arg>
<arg>GB</arg>
<arg>GD</arg>
<arg>GE</arg>
<arg>GF</arg>
<arg>GG</arg>
<arg>GH</arg>
<arg>GI</arg>
<arg>GL</arg>
<arg>GM</arg>
<arg>GN</arg>
<arg>GP</arg>
<arg>GQ</arg>
<arg>GR</arg>
<arg>GS</arg>
<arg>GT</arg>
<arg>GU</arg>
<arg>GW</arg>
<arg>GY</arg>
<arg>HK</arg>
<arg>HM</arg>
<arg>HN</arg>
<arg>HR</arg>
<arg>HT</arg>
<arg>HU</arg>
<arg>ID</arg>
<arg>IE</arg>
<arg>IL</arg>
<arg>IM</arg>
<arg>IN</arg>
<arg>IO</arg>
<arg>IQ</arg>
<arg>IR</arg>
<arg>IS</arg>
<arg>IT</arg>
<arg>JE</arg>
<arg>JM</arg>
<arg>JO</arg>
<arg>JP</arg>
<arg>KE</arg>
<arg>KG</arg>
<arg>KH</arg>
<arg>KI</arg>
<arg>KM</arg>
<arg>KN</arg>
<arg>KP</arg>
<arg>KR</arg>
<arg>KW</arg>
<arg>KY</arg>
<arg>KZ</arg>
<arg>LA</arg>
<arg>LB</arg>
<arg>LC</arg>
<arg>LI</arg>
<arg>LK</arg>
<arg>LR</arg>
<arg>LS</arg>
<arg>LT</arg>
<arg>LU</arg>
<arg>LV</arg>
<arg>LY</arg>
<arg>MA</arg>
<arg>MC</arg>
<arg>MD</arg>
<arg>ME</arg>
<arg>MF</arg>
<arg>MG</arg>
<arg>MH</arg>
<arg>MK</arg>
<arg>ML</arg>
<arg>MM</arg>
<arg>MN</arg>
<arg>MO</arg>
<arg>MP</arg>
<arg>MQ</arg>
<arg>MR</arg>
<arg>MS</arg>
<arg>MT</arg>
<arg>MU</arg>
<arg>MV</arg>
<arg>MW</arg>
<arg>MX</arg>
<arg>MY</arg>
<arg>MZ</arg>
<arg>NA</arg>
<arg>NC</arg>
<arg>NE</arg>
<arg>NF</arg>
<arg>NG</arg>
<arg>NI</arg>
<arg>NL</arg>
<arg>NO</arg>
<arg>NP</arg>
<arg>NR</arg>
<arg>NU</arg>
<arg>NZ</arg>
<arg>OM</arg>
<arg>PA</arg>
<arg>PE</arg>
<arg>PF</arg>
<arg>PG</arg>
<arg>PH</arg>
<arg>PK</arg>
<arg>PL</arg>
<arg>PM</arg>
<arg>PN</arg>
<arg>PR</arg>
<arg>PS</arg>
<arg>PT</arg>
<arg>PW</arg>
<arg>PY</arg>
<arg>QA</arg>
<arg>RE</arg>
<arg>RO</arg>
<arg>RS</arg>
<arg>RU</arg>
<arg>RW</arg>
<arg>SA</arg>
<arg>SB</arg>
<arg>SC</arg>
<arg>SD</arg>
<arg>SE</arg>
<arg>SG</arg>
<arg>SH</arg>
<arg>SI</arg>
<arg>SJ</arg>
<arg>SK</arg>
<arg>SL</arg>
<arg>SM</arg>
<arg>SN</arg>
<arg>SO</arg>
<arg>SR</arg>
<arg>SS</arg>
<arg>ST</arg>
<arg>SV</arg>
<arg>SX</arg>
<arg>SY</arg>
<arg>SZ</arg>
<arg>TC</arg>
<arg>TD</arg>
<arg>TF</arg>
<arg>TG</arg>
<arg>TH</arg>
<arg>TJ</arg>
<arg>TK</arg>
<arg>TL</arg>
<arg>TM</arg>
<arg>TN</arg>
<arg>TO</arg>
<arg>TR</arg>
<arg>TT</arg>
<arg>TV</arg>
<arg>TW</arg>
<arg>TZ</arg>
<arg>UA</arg>
<arg>UG</arg>
<arg>UM</arg>
<arg>US</arg>
<arg>UY</arg>
<arg>UZ</arg>
<arg>VA</arg>
<arg>VC</arg>
<arg>VE</arg>
<arg>VG</arg>
<arg>VI</arg>
<arg>VN</arg>
<arg>VU</arg>
<arg>WF</arg>
<arg>WS</arg>
<arg>XK</arg>
<arg>YE</arg>
<arg>YT</arg>
<arg>ZA</arg>
<arg>ZM</arg>
<arg>ZW</arg>
<doc>Returns a list containing given items.</doc>
<status status="PASS" start="2024-04-29T05:15:40.529202" elapsed="0.000638"/>
</kw>
<kw name="List Should Contain Value" owner="Collections">
<msg time="2024-04-29T05:15:40.530844" level="INFO">False</msg>
<arg>${list_country}</arg>
<arg>${name_country}</arg>
<doc>Fails if the ``value`` is not found from ``list``.</doc>
<status status="PASS" start="2024-04-29T05:15:40.530642" elapsed="0.000239"/>
</kw>
<kw name="Run Keyword If" owner="BuiltIn">
<kw name="Should Be True" owner="BuiltIn">
<arg>${True}</arg>
<doc>Fails if the given condition is not true.</doc>
<status status="PASS" start="2024-04-29T05:15:40.531974" elapsed="0.000255"/>
</kw>
<arg>${json_data["results"][0]["location"]["coordinates"]["latitude"]} &gt;= -90 and ${json_data["results"][0]["location"]["coordinates"]["latitude"]} &lt;= 90</arg>
<arg>Should Be True</arg>
<arg>${True}</arg>
<doc>Runs the given keyword with the given arguments, if ``condition`` is true.</doc>
<status status="PASS" start="2024-04-29T05:15:40.531186" elapsed="0.001173"/>
</kw>
<kw name="Run Keyword If" owner="BuiltIn">
<kw name="Should Be True" owner="BuiltIn">
<arg>${True}</arg>
<doc>Fails if the given condition is not true.</doc>
<status status="PASS" start="2024-04-29T05:15:40.533244" elapsed="0.000137"/>
</kw>
<arg>${json_data["results"][0]["location"]["coordinates"]["longitude"]} &gt;= -180 and ${json_data["results"][0]["location"]["coordinates"]["longitude"]} &lt;= 180</arg>
<arg>Should Be True</arg>
<arg>${True}</arg>
<doc>Runs the given keyword with the given arguments, if ``condition`` is true.</doc>
<status status="PASS" start="2024-04-29T05:15:40.532545" elapsed="0.000958"/>
</kw>
<status status="PASS" start="2024-04-29T05:15:40.431656" elapsed="0.101979"/>
</kw>
<doc>Testa o conteúdo específico dos campos retornados pela API.</doc>
<tag>testeConteudo</tag>
<status status="PASS" start="2024-04-29T05:15:40.431122" elapsed="0.102665"/>
</test>
<status status="PASS" start="2024-04-29T05:15:39.676204" elapsed="0.859592"/>
</suite>
<status status="PASS" start="2024-04-29T05:15:39.662559" elapsed="0.878401"/>
</suite>
<statistics>
<total>
<stat pass="5" fail="0" skip="0">All Tests</stat>
</total>
<tag>
<stat pass="1" fail="0" skip="0">testeConteudo</stat>
<stat pass="1" fail="0" skip="0">testeEstruturaResposta</stat>
<stat pass="1" fail="0" skip="0">testeRequisicaoBasica</stat>
<stat pass="1" fail="0" skip="0">testeTiposDados</stat>
</tag>
<suite>
<stat pass="5" fail="0" skip="0" id="s1" name="Tests">Tests</stat>
<stat pass="5" fail="0" skip="0" id="s1-s1" name="Random-User-Test">Tests.Random-User-Test</stat>
</suite>
</statistics>
<errors>
</errors>
</robot>
