<?xml version="1.0" encoding="UTF-8"?>
<robot generator="Robot 7.0 (Python 3.12.3 on linux)" generated="2024-04-24T08:18:43.428453" rpa="false" schemaversion="5">
<suite id="s1" name="Tests" source="/home/runner/work/DesafioQAItauRogerioJordao/DesafioQAItauRogerioJordao/RamdonUser/tests">
<suite id="s1-s1" name="Random-User-Test" source="/home/runner/work/DesafioQAItauRogerioJordao/DesafioQAItauRogerioJordao/RamdonUser/tests/random-user-test.robot">
<test id="s1-s1-t1" name="Conectar" line="13">
<kw name="Conectar API" owner="random-user-service">
<kw name="Create Session" owner="RequestsLibrary">
<msg time="2024-04-24T08:18:43.813911" level="INFO">Creating Session using : alias=consultarAPI, url=https://randomuser.me/, headers={},                     cookies={}, auth=None, timeout=None, proxies=None, verify=False,                     debug=0 </msg>
<arg>consultarAPI</arg>
<arg>${URL}</arg>
<doc>Create Session: create a HTTP session to a server</doc>
<status status="PASS" start="2024-04-24T08:18:43.813705" elapsed="0.000400"/>
</kw>
<status status="PASS" start="2024-04-24T08:18:43.812678" elapsed="0.001800"/>
</kw>
<status status="PASS" start="2024-04-24T08:18:43.812001" elapsed="0.002672"/>
</test>
<test id="s1-s1-t2" name="Validar retorno 200 e JSON Válido" line="16">
<kw name="Teste de Requisicao Basica" owner="random-user-service">
<kw name="GET On Session" owner="RequestsLibrary">
<msg time="2024-04-24T08:18:43.906069" level="INFO">GET Request : url=https://randomuser.me/api 
 path_url=/api 
 headers={'User-Agent': 'python-requests/2.31.0', 'Accept-Encoding': 'gzip, deflate', 'Accept': '*/*', 'Connection': 'keep-alive'} 
 body=None 
 </msg>
<msg time="2024-04-24T08:18:43.906214" level="INFO">GET Response : url=https://randomuser.me/api 
 status=200, reason=OK 
 headers={'Date': 'Wed, 24 Apr 2024 08:18:43 GMT', 'Content-Type': 'application/json; charset=utf-8', 'Transfer-Encoding': 'chunked', 'Connection': 'keep-alive', 'X-Powered-By': 'Express', 'Access-Control-Allow-Origin': '*', 'Cache-Control': 'no-cache', 'ETag': 'W/"49f-hBdDT7vgEdg2b5arWgXE67fnDbA"', 'Vary': 'Accept-Encoding', 'Content-Encoding': 'gzip', 'CF-Cache-Status': 'DYNAMIC', 'Report-To': '{"endpoints":[{"url":"https:\\/\\/a.nel.cloudflare.com\\/report\\/v4?s=boWJdOYeF41MHFB%2BniqqTU8Q%2FVB5ljvi0X8lUCcGotwTkO2n4lNDW80mKBuuhwuI5VAKzIyj3gnFX%2FfGgbFfCMDNQ3ddJZvid2%2BoxKf1N1e4v3PqYAT5h25lvwVmX8Sw"}],"group":"cf-nel","max_age":604800}', 'NEL': '{"success_fraction":0,"report_to":"cf-nel","max_age":604800}', 'Server': 'cloudflare', 'CF-RAY': '8794aa1018e06057-ORD', 'alt-svc': 'h3=":443"; ma=86400'} 
 body={"results":[{"gender":"male","name":{"title":"Mr","first":"Abhimanyu","last":"Kumar"},"location":{"street":{"number":7793,"name":"Shakespeare Sarani"},"city":"Thiruvananthapuram","state":"Delhi","country":"India","postcode":24859,"coordinates":{"latitude":"8.2205","longitude":"-138.6702"},"timezone":{"offset":"+11:00","description":"Magadan, Solomon Islands, New Caledonia"}},"email":"abhimanyu.kumar@example.com","login":{"uuid":"07fcde42-d862-45bd-94cf-3738c4b6b817","username":"smallwolf294","password":"dogpound","salt":"2FxjuR1L","md5":"bf441c0055e4d6faadbcebd16ae740fa","sha1":"8c47d4faf0a73f0887946b03db5383321b271faf","sha256":"9b915235edcc1c9b5757c2a7816ad716b6034e0ba59789586a6f58f5eeb7579f"},"dob":{"date":"1969-08-28T04:10:38.943Z","age":54},"registered":{"date":"2006-12-25T06:26:11.911Z","age":17},"phone":"9263751470","cell":"7925864177","id":{"name":"UIDAI","value":"559030203227"},"picture":{"large":"https://randomuser.me/api/portraits/men/52.jpg","medium":"https://randomuser.me/api/portraits/med/men/52.jpg","thumbnail":"https://randomuser.me/api/portraits/thumb/men/52.jpg"},"nat":"IN"}],"info":{"seed":"7f2bc681acd9567d","results":1,"page":1,"version":"1.4"}} 
 </msg>
<msg time="2024-04-24T08:18:43.906319" level="INFO">/opt/hostedtoolcache/Python/3.12.3/x64/lib/python3.12/site-packages/urllib3/connectionpool.py:1103: InsecureRequestWarning: Unverified HTTPS request is being made to host 'randomuser.me'. Adding certificate verification is strongly advised. See: https://urllib3.readthedocs.io/en/latest/advanced-usage.html#tls-warnings
  warnings.warn(</msg>
<msg time="2024-04-24T08:18:43.906493" level="INFO">${response} = &lt;Response [200]&gt;</msg>
<var>${response}</var>
<arg>consultarAPI</arg>
<arg>/api</arg>
<doc>Sends a GET request on a previously created HTTP Session.</doc>
<status status="PASS" start="2024-04-24T08:18:43.817995" elapsed="0.088540"/>
</kw>
<kw name="Should Be Equal As Numbers" owner="BuiltIn">
<msg time="2024-04-24T08:18:43.907714" level="INFO">Argument types are:
&lt;class 'int'&gt;
&lt;class 'str'&gt;</msg>
<arg>${response.status_code}</arg>
<arg>200</arg>
<doc>Fails if objects are unequal after converting them to real numbers.</doc>
<status status="PASS" start="2024-04-24T08:18:43.907214" elapsed="0.000567"/>
</kw>
<kw name="Log" owner="BuiltIn">
<msg time="2024-04-24T08:18:43.908470" level="INFO">200</msg>
<arg>${response.status_code}</arg>
<doc>Logs the given message with the given level.</doc>
<status status="PASS" start="2024-04-24T08:18:43.908111" elapsed="0.000402"/>
</kw>
<kw name="Set Variable" owner="BuiltIn">
<msg time="2024-04-24T08:18:43.909328" level="INFO">${json_data} = {'results': [{'gender': 'male', 'name': {'title': 'Mr', 'first': 'Abhimanyu', 'last': 'Kumar'}, 'location': {'street': {'number': 7793, 'name': 'Shakespeare Sarani'}, 'city': 'Thiruvananthapuram', 'st...</msg>
<var>${json_data}</var>
<arg>${response.json()}</arg>
<doc>Returns the given values which can then be assigned to a variables.</doc>
<status status="PASS" start="2024-04-24T08:18:43.908873" elapsed="0.000484"/>
</kw>
<kw name="Dictionary Should Contain Key" owner="Collections">
<msg time="2024-04-24T08:18:43.909827" level="INFO">False</msg>
<arg>${json_data}</arg>
<arg>results</arg>
<doc>Fails if ``key`` is not found from ``dictionary``.</doc>
<status status="PASS" start="2024-04-24T08:18:43.909659" elapsed="0.000207"/>
</kw>
<status status="PASS" start="2024-04-24T08:18:43.817746" elapsed="0.092387"/>
</kw>
<doc>Testa se a API responde corretamente e retorna um objeto JSON válido.</doc>
<tag>testeRequisicaoBasica</tag>
<status status="PASS" start="2024-04-24T08:18:43.817226" elapsed="0.093097"/>
</test>
<test id="s1-s1-t3" name="Validar estrutura de resposta" line="22">
<kw name="Teste de Estrutura de Resposta" owner="random-user-service">
<kw name="GET On Session" owner="RequestsLibrary">
<msg time="2024-04-24T08:18:44.000838" level="INFO">GET Request : url=https://randomuser.me/api 
 path_url=/api 
 headers={'User-Agent': 'python-requests/2.31.0', 'Accept-Encoding': 'gzip, deflate', 'Accept': '*/*', 'Connection': 'keep-alive'} 
 body=None 
 </msg>
<msg time="2024-04-24T08:18:44.000947" level="INFO">GET Response : url=https://randomuser.me/api 
 status=200, reason=OK 
 headers={'Date': 'Wed, 24 Apr 2024 08:18:43 GMT', 'Content-Type': 'application/json; charset=utf-8', 'Transfer-Encoding': 'chunked', 'Connection': 'keep-alive', 'X-Powered-By': 'Express', 'Access-Control-Allow-Origin': '*', 'Cache-Control': 'no-cache', 'ETag': 'W/"495-GOIIUOkAFXKTUhGJMV3aX8IalFc"', 'Vary': 'Accept-Encoding', 'Content-Encoding': 'gzip', 'CF-Cache-Status': 'DYNAMIC', 'Report-To': '{"endpoints":[{"url":"https:\\/\\/a.nel.cloudflare.com\\/report\\/v4?s=NUdlM2GTHhoSNJEOy8GR0JKaqTphwZaReCiGZEBV2XCkupa0MtWCt2%2Fq7pzmBYh%2BDnytHezqxd%2Fc9Tvn0QhxEWeDM0u28ekNlyHUrqhQg7ZY%2FYo1vgKE1ypLjC9ef9AO"}],"group":"cf-nel","max_age":604800}', 'NEL': '{"success_fraction":0,"report_to":"cf-nel","max_age":604800}', 'Server': 'cloudflare', 'CF-RAY': '8794aa1079296057-ORD', 'alt-svc': 'h3=":443"; ma=86400'} 
 body={"results":[{"gender":"male","name":{"title":"Mr","first":"Fidel","last":"Lemus"},"location":{"street":{"number":5144,"name":"Pasaje Valencia"},"city":"Magdalena","state":"Nuevo Leon","country":"Mexico","postcode":58656,"coordinates":{"latitude":"24.5852","longitude":"-23.3730"},"timezone":{"offset":"+1:00","description":"Brussels, Copenhagen, Madrid, Paris"}},"email":"fidel.lemus@example.com","login":{"uuid":"4778b798-bbf9-4f8d-9429-bb2452a99a5f","username":"bluemeercat736","password":"dennis","salt":"TS0L8FZw","md5":"7163763ac7407da4ff4a576068a1b0dd","sha1":"b6dce6851f290ba946f42bd0a42c6c04cc4207f7","sha256":"9e3d266d28828ca271fed3c5421ce69af736f0737e51ac5cf30a8a398f1f6a43"},"dob":{"date":"1984-06-30T15:48:50.524Z","age":39},"registered":{"date":"2005-10-03T02:01:37.568Z","age":18},"phone":"(631) 656 6393","cell":"(606) 045 1431","id":{"name":"NSS","value":"08 43 65 4611 2"},"picture":{"large":"https://randomuser.me/api/portraits/men/26.jpg","medium":"https://randomuser.me/api/portraits/med/men/26.jpg","thumbnail":"https://randomuser.me/api/portraits/thumb/men/26.jpg"},"nat":"MX"}],"info":{"seed":"246562ff5a8371e7","results":1,"page":1,"version":"1.4"}} 
 </msg>
<msg time="2024-04-24T08:18:44.001074" level="INFO">/opt/hostedtoolcache/Python/3.12.3/x64/lib/python3.12/site-packages/urllib3/connectionpool.py:1103: InsecureRequestWarning: Unverified HTTPS request is being made to host 'randomuser.me'. Adding certificate verification is strongly advised. See: https://urllib3.readthedocs.io/en/latest/advanced-usage.html#tls-warnings
  warnings.warn(</msg>
<msg time="2024-04-24T08:18:44.001204" level="INFO">${response} = &lt;Response [200]&gt;</msg>
<var>${response}</var>
<arg>consultarAPI</arg>
<arg>/api</arg>
<doc>Sends a GET request on a previously created HTTP Session.</doc>
<status status="PASS" start="2024-04-24T08:18:43.913106" elapsed="0.088140"/>
</kw>
<kw name="Set Variable" owner="BuiltIn">
<msg time="2024-04-24T08:18:44.002513" level="INFO">${json_data} = {'results': [{'gender': 'male', 'name': {'title': 'Mr', 'first': 'Fidel', 'last': 'Lemus'}, 'location': {'street': {'number': 5144, 'name': 'Pasaje Valencia'}, 'city': 'Magdalena', 'state': 'Nuevo Leo...</msg>
<var>${json_data}</var>
<arg>${response.json()}</arg>
<doc>Returns the given values which can then be assigned to a variables.</doc>
<status status="PASS" start="2024-04-24T08:18:44.001866" elapsed="0.000684"/>
</kw>
<kw name="Log" owner="BuiltIn">
<msg time="2024-04-24T08:18:44.003036" level="INFO">{'results': [{'gender': 'male', 'name': {'title': 'Mr', 'first': 'Fidel', 'last': 'Lemus'}, 'location': {'street': {'number': 5144, 'name': 'Pasaje Valencia'}, 'city': 'Magdalena', 'state': 'Nuevo Leon', 'country': 'Mexico', 'postcode': 58656, 'coordinates': {'latitude': '24.5852', 'longitude': '-23.3730'}, 'timezone': {'offset': '+1:00', 'description': 'Brussels, Copenhagen, Madrid, Paris'}}, 'email': 'fidel.lemus@example.com', 'login': {'uuid': '4778b798-bbf9-4f8d-9429-bb2452a99a5f', 'username': 'bluemeercat736', 'password': 'dennis', 'salt': 'TS0L8FZw', 'md5': '7163763ac7407da4ff4a576068a1b0dd', 'sha1': 'b6dce6851f290ba946f42bd0a42c6c04cc4207f7', 'sha256': '9e3d266d28828ca271fed3c5421ce69af736f0737e51ac5cf30a8a398f1f6a43'}, 'dob': {'date': '1984-06-30T15:48:50.524Z', 'age': 39}, 'registered': {'date': '2005-10-03T02:01:37.568Z', 'age': 18}, 'phone': '(631) 656 6393', 'cell': '(606) 045 1431', 'id': {'name': 'NSS', 'value': '08 43 65 4611 2'}, 'picture': {'large': 'https://randomuser.me/api/portraits/men/26.jpg', 'medium': 'https://randomuser.me/api/portraits/med/men/26.jpg', 'thumbnail': 'https://randomuser.me/api/portraits/thumb/men/26.jpg'}, 'nat': 'MX'}], 'info': {'seed': '246562ff5a8371e7', 'results': 1, 'page': 1, 'version': '1.4'}}</msg>
<arg>${json_data}</arg>
<doc>Logs the given message with the given level.</doc>
<status status="PASS" start="2024-04-24T08:18:44.002873" elapsed="0.000212"/>
</kw>
<kw name="Dictionary Should Contain Key" owner="Collections">
<msg time="2024-04-24T08:18:44.003543" level="INFO">False</msg>
<arg>${json_data}</arg>
<arg>results</arg>
<doc>Fails if ``key`` is not found from ``dictionary``.</doc>
<status status="PASS" start="2024-04-24T08:18:44.003386" elapsed="0.000195"/>
</kw>
<kw name="Should Not Be Empty" owner="BuiltIn">
<msg time="2024-04-24T08:18:44.004010" level="INFO">Length is 2.</msg>
<arg>${json_data}</arg>
<doc>Verifies that the given item is not empty.</doc>
<status status="PASS" start="2024-04-24T08:18:44.003872" elapsed="0.000178"/>
</kw>
<kw name="Create List" owner="BuiltIn">
<msg time="2024-04-24T08:18:44.004692" level="INFO">${expected_keys} = ['gender', 'name', 'location', 'email', 'login']</msg>
<var>${expected_keys}</var>
<arg>gender</arg>
<arg>name</arg>
<arg>location</arg>
<arg>email</arg>
<arg>login</arg>
<doc>Returns a list containing given items.</doc>
<status status="PASS" start="2024-04-24T08:18:44.004339" elapsed="0.000380"/>
</kw>
<for flavor="IN">
<iter>
<kw name="Dictionary Should Contain Key" owner="Collections">
<msg time="2024-04-24T08:18:44.005733" level="INFO">False</msg>
<arg>${json_data['results'][0]}</arg>
<arg>${key}</arg>
<doc>Fails if ``key`` is not found from ``dictionary``.</doc>
<status status="PASS" start="2024-04-24T08:18:44.005322" elapsed="0.000450"/>
</kw>
<kw name="Log" owner="BuiltIn">
<msg time="2024-04-24T08:18:44.006444" level="INFO">{'gender': 'male', 'name': {'title': 'Mr', 'first': 'Fidel', 'last': 'Lemus'}, 'location': {'street': {'number': 5144, 'name': 'Pasaje Valencia'}, 'city': 'Magdalena', 'state': 'Nuevo Leon', 'country': 'Mexico', 'postcode': 58656, 'coordinates': {'latitude': '24.5852', 'longitude': '-23.3730'}, 'timezone': {'offset': '+1:00', 'description': 'Brussels, Copenhagen, Madrid, Paris'}}, 'email': 'fidel.lemus@example.com', 'login': {'uuid': '4778b798-bbf9-4f8d-9429-bb2452a99a5f', 'username': 'bluemeercat736', 'password': 'dennis', 'salt': 'TS0L8FZw', 'md5': '7163763ac7407da4ff4a576068a1b0dd', 'sha1': 'b6dce6851f290ba946f42bd0a42c6c04cc4207f7', 'sha256': '9e3d266d28828ca271fed3c5421ce69af736f0737e51ac5cf30a8a398f1f6a43'}, 'dob': {'date': '1984-06-30T15:48:50.524Z', 'age': 39}, 'registered': {'date': '2005-10-03T02:01:37.568Z', 'age': 18}, 'phone': '(631) 656 6393', 'cell': '(606) 045 1431', 'id': {'name': 'NSS', 'value': '08 43 65 4611 2'}, 'picture': {'large': 'https://randomuser.me/api/portraits/men/26.jpg', 'medium': 'https://randomuser.me/api/portraits/med/men/26.jpg', 'thumbnail': 'https://randomuser.me/api/portraits/thumb/men/26.jpg'}, 'nat': 'MX'}</msg>
<arg>${json_data['results'][0]}</arg>
<doc>Logs the given message with the given level.</doc>
<status status="PASS" start="2024-04-24T08:18:44.006076" elapsed="0.000417"/>
</kw>
<kw name="Log" owner="BuiltIn">
<msg time="2024-04-24T08:18:44.006916" level="INFO">gender</msg>
<arg>${key}</arg>
<doc>Logs the given message with the given level.</doc>
<status status="PASS" start="2024-04-24T08:18:44.006788" elapsed="0.000167"/>
</kw>
<var name="${key}">gender</var>
<status status="PASS" start="2024-04-24T08:18:44.005194" elapsed="0.001974"/>
</iter>
<iter>
<kw name="Dictionary Should Contain Key" owner="Collections">
<msg time="2024-04-24T08:18:44.007858" level="INFO">False</msg>
<arg>${json_data['results'][0]}</arg>
<arg>${key}</arg>
<doc>Fails if ``key`` is not found from ``dictionary``.</doc>
<status status="PASS" start="2024-04-24T08:18:44.007470" elapsed="0.000426"/>
</kw>
<kw name="Log" owner="BuiltIn">
<msg time="2024-04-24T08:18:44.008587" level="INFO">{'gender': 'male', 'name': {'title': 'Mr', 'first': 'Fidel', 'last': 'Lemus'}, 'location': {'street': {'number': 5144, 'name': 'Pasaje Valencia'}, 'city': 'Magdalena', 'state': 'Nuevo Leon', 'country': 'Mexico', 'postcode': 58656, 'coordinates': {'latitude': '24.5852', 'longitude': '-23.3730'}, 'timezone': {'offset': '+1:00', 'description': 'Brussels, Copenhagen, Madrid, Paris'}}, 'email': 'fidel.lemus@example.com', 'login': {'uuid': '4778b798-bbf9-4f8d-9429-bb2452a99a5f', 'username': 'bluemeercat736', 'password': 'dennis', 'salt': 'TS0L8FZw', 'md5': '7163763ac7407da4ff4a576068a1b0dd', 'sha1': 'b6dce6851f290ba946f42bd0a42c6c04cc4207f7', 'sha256': '9e3d266d28828ca271fed3c5421ce69af736f0737e51ac5cf30a8a398f1f6a43'}, 'dob': {'date': '1984-06-30T15:48:50.524Z', 'age': 39}, 'registered': {'date': '2005-10-03T02:01:37.568Z', 'age': 18}, 'phone': '(631) 656 6393', 'cell': '(606) 045 1431', 'id': {'name': 'NSS', 'value': '08 43 65 4611 2'}, 'picture': {'large': 'https://randomuser.me/api/portraits/men/26.jpg', 'medium': 'https://randomuser.me/api/portraits/med/men/26.jpg', 'thumbnail': 'https://randomuser.me/api/portraits/thumb/men/26.jpg'}, 'nat': 'MX'}</msg>
<arg>${json_data['results'][0]}</arg>
<doc>Logs the given message with the given level.</doc>
<status status="PASS" start="2024-04-24T08:18:44.008221" elapsed="0.000443"/>
</kw>
<kw name="Log" owner="BuiltIn">
<msg time="2024-04-24T08:18:44.009096" level="INFO">name</msg>
<arg>${key}</arg>
<doc>Logs the given message with the given level.</doc>
<status status="PASS" start="2024-04-24T08:18:44.008969" elapsed="0.000166"/>
</kw>
<var name="${key}">name</var>
<status status="PASS" start="2024-04-24T08:18:44.007354" elapsed="0.001995"/>
</iter>
<iter>
<kw name="Dictionary Should Contain Key" owner="Collections">
<msg time="2024-04-24T08:18:44.010024" level="INFO">False</msg>
<arg>${json_data['results'][0]}</arg>
<arg>${key}</arg>
<doc>Fails if ``key`` is not found from ``dictionary``.</doc>
<status status="PASS" start="2024-04-24T08:18:44.009636" elapsed="0.000425"/>
</kw>
<kw name="Log" owner="BuiltIn">
<msg time="2024-04-24T08:18:44.010723" level="INFO">{'gender': 'male', 'name': {'title': 'Mr', 'first': 'Fidel', 'last': 'Lemus'}, 'location': {'street': {'number': 5144, 'name': 'Pasaje Valencia'}, 'city': 'Magdalena', 'state': 'Nuevo Leon', 'country': 'Mexico', 'postcode': 58656, 'coordinates': {'latitude': '24.5852', 'longitude': '-23.3730'}, 'timezone': {'offset': '+1:00', 'description': 'Brussels, Copenhagen, Madrid, Paris'}}, 'email': 'fidel.lemus@example.com', 'login': {'uuid': '4778b798-bbf9-4f8d-9429-bb2452a99a5f', 'username': 'bluemeercat736', 'password': 'dennis', 'salt': 'TS0L8FZw', 'md5': '7163763ac7407da4ff4a576068a1b0dd', 'sha1': 'b6dce6851f290ba946f42bd0a42c6c04cc4207f7', 'sha256': '9e3d266d28828ca271fed3c5421ce69af736f0737e51ac5cf30a8a398f1f6a43'}, 'dob': {'date': '1984-06-30T15:48:50.524Z', 'age': 39}, 'registered': {'date': '2005-10-03T02:01:37.568Z', 'age': 18}, 'phone': '(631) 656 6393', 'cell': '(606) 045 1431', 'id': {'name': 'NSS', 'value': '08 43 65 4611 2'}, 'picture': {'large': 'https://randomuser.me/api/portraits/men/26.jpg', 'medium': 'https://randomuser.me/api/portraits/med/men/26.jpg', 'thumbnail': 'https://randomuser.me/api/portraits/thumb/men/26.jpg'}, 'nat': 'MX'}</msg>
<arg>${json_data['results'][0]}</arg>
<doc>Logs the given message with the given level.</doc>
<status status="PASS" start="2024-04-24T08:18:44.010363" elapsed="0.000408"/>
</kw>
<kw name="Log" owner="BuiltIn">
<msg time="2024-04-24T08:18:44.011195" level="INFO">location</msg>
<arg>${key}</arg>
<doc>Logs the given message with the given level.</doc>
<status status="PASS" start="2024-04-24T08:18:44.011068" elapsed="0.000165"/>
</kw>
<var name="${key}">location</var>
<status status="PASS" start="2024-04-24T08:18:44.009525" elapsed="0.001922"/>
</iter>
<iter>
<kw name="Dictionary Should Contain Key" owner="Collections">
<msg time="2024-04-24T08:18:44.012119" level="INFO">False</msg>
<arg>${json_data['results'][0]}</arg>
<arg>${key}</arg>
<doc>Fails if ``key`` is not found from ``dictionary``.</doc>
<status status="PASS" start="2024-04-24T08:18:44.011730" elapsed="0.000427"/>
</kw>
<kw name="Log" owner="BuiltIn">
<msg time="2024-04-24T08:18:44.012865" level="INFO">{'gender': 'male', 'name': {'title': 'Mr', 'first': 'Fidel', 'last': 'Lemus'}, 'location': {'street': {'number': 5144, 'name': 'Pasaje Valencia'}, 'city': 'Magdalena', 'state': 'Nuevo Leon', 'country': 'Mexico', 'postcode': 58656, 'coordinates': {'latitude': '24.5852', 'longitude': '-23.3730'}, 'timezone': {'offset': '+1:00', 'description': 'Brussels, Copenhagen, Madrid, Paris'}}, 'email': 'fidel.lemus@example.com', 'login': {'uuid': '4778b798-bbf9-4f8d-9429-bb2452a99a5f', 'username': 'bluemeercat736', 'password': 'dennis', 'salt': 'TS0L8FZw', 'md5': '7163763ac7407da4ff4a576068a1b0dd', 'sha1': 'b6dce6851f290ba946f42bd0a42c6c04cc4207f7', 'sha256': '9e3d266d28828ca271fed3c5421ce69af736f0737e51ac5cf30a8a398f1f6a43'}, 'dob': {'date': '1984-06-30T15:48:50.524Z', 'age': 39}, 'registered': {'date': '2005-10-03T02:01:37.568Z', 'age': 18}, 'phone': '(631) 656 6393', 'cell': '(606) 045 1431', 'id': {'name': 'NSS', 'value': '08 43 65 4611 2'}, 'picture': {'large': 'https://randomuser.me/api/portraits/men/26.jpg', 'medium': 'https://randomuser.me/api/portraits/med/men/26.jpg', 'thumbnail': 'https://randomuser.me/api/portraits/thumb/men/26.jpg'}, 'nat': 'MX'}</msg>
<arg>${json_data['results'][0]}</arg>
<doc>Logs the given message with the given level.</doc>
<status status="PASS" start="2024-04-24T08:18:44.012455" elapsed="0.000460"/>
</kw>
<kw name="Log" owner="BuiltIn">
<msg time="2024-04-24T08:18:44.013340" level="INFO">email</msg>
<arg>${key}</arg>
<doc>Logs the given message with the given level.</doc>
<status status="PASS" start="2024-04-24T08:18:44.013213" elapsed="0.000165"/>
</kw>
<var name="${key}">email</var>
<status status="PASS" start="2024-04-24T08:18:44.011619" elapsed="0.001973"/>
</iter>
<iter>
<kw name="Dictionary Should Contain Key" owner="Collections">
<msg time="2024-04-24T08:18:44.014264" level="INFO">False</msg>
<arg>${json_data['results'][0]}</arg>
<arg>${key}</arg>
<doc>Fails if ``key`` is not found from ``dictionary``.</doc>
<status status="PASS" start="2024-04-24T08:18:44.013874" elapsed="0.000427"/>
</kw>
<kw name="Log" owner="BuiltIn">
<msg time="2024-04-24T08:18:44.014965" level="INFO">{'gender': 'male', 'name': {'title': 'Mr', 'first': 'Fidel', 'last': 'Lemus'}, 'location': {'street': {'number': 5144, 'name': 'Pasaje Valencia'}, 'city': 'Magdalena', 'state': 'Nuevo Leon', 'country': 'Mexico', 'postcode': 58656, 'coordinates': {'latitude': '24.5852', 'longitude': '-23.3730'}, 'timezone': {'offset': '+1:00', 'description': 'Brussels, Copenhagen, Madrid, Paris'}}, 'email': 'fidel.lemus@example.com', 'login': {'uuid': '4778b798-bbf9-4f8d-9429-bb2452a99a5f', 'username': 'bluemeercat736', 'password': 'dennis', 'salt': 'TS0L8FZw', 'md5': '7163763ac7407da4ff4a576068a1b0dd', 'sha1': 'b6dce6851f290ba946f42bd0a42c6c04cc4207f7', 'sha256': '9e3d266d28828ca271fed3c5421ce69af736f0737e51ac5cf30a8a398f1f6a43'}, 'dob': {'date': '1984-06-30T15:48:50.524Z', 'age': 39}, 'registered': {'date': '2005-10-03T02:01:37.568Z', 'age': 18}, 'phone': '(631) 656 6393', 'cell': '(606) 045 1431', 'id': {'name': 'NSS', 'value': '08 43 65 4611 2'}, 'picture': {'large': 'https://randomuser.me/api/portraits/men/26.jpg', 'medium': 'https://randomuser.me/api/portraits/med/men/26.jpg', 'thumbnail': 'https://randomuser.me/api/portraits/thumb/men/26.jpg'}, 'nat': 'MX'}</msg>
<arg>${json_data['results'][0]}</arg>
<doc>Logs the given message with the given level.</doc>
<status status="PASS" start="2024-04-24T08:18:44.014596" elapsed="0.000417"/>
</kw>
<kw name="Log" owner="BuiltIn">
<msg time="2024-04-24T08:18:44.015439" level="INFO">login</msg>
<arg>${key}</arg>
<doc>Logs the given message with the given level.</doc>
<status status="PASS" start="2024-04-24T08:18:44.015313" elapsed="0.000165"/>
</kw>
<var name="${key}">login</var>
<status status="PASS" start="2024-04-24T08:18:44.013764" elapsed="0.001950"/>
</iter>
<var>${key}</var>
<value>@{expected_keys}</value>
<status status="PASS" start="2024-04-24T08:18:44.004995" elapsed="0.010843"/>
</for>
<kw name="Create List" owner="BuiltIn">
<msg time="2024-04-24T08:18:44.016173" level="INFO">${expected_keysTwo} = ['username', 'password']</msg>
<var>${expected_keysTwo}</var>
<arg>username</arg>
<arg>password</arg>
<doc>Returns a list containing given items.</doc>
<status status="PASS" start="2024-04-24T08:18:44.016036" elapsed="0.000161"/>
</kw>
<for flavor="IN">
<iter>
<kw name="Dictionary Should Contain Key" owner="Collections">
<msg time="2024-04-24T08:18:44.017135" level="INFO">False</msg>
<arg>${json_data['results'][0]['login']}</arg>
<arg>${keyTwo}</arg>
<doc>Fails if ``key`` is not found from ``dictionary``.</doc>
<status status="PASS" start="2024-04-24T08:18:44.016743" elapsed="0.000431"/>
</kw>
<kw name="Dictionary Should Contain Key" owner="Collections">
<msg time="2024-04-24T08:18:44.017853" level="INFO">False</msg>
<arg>${json_data['results'][0]['login']}</arg>
<arg>${keyTwo}</arg>
<doc>Fails if ``key`` is not found from ``dictionary``.</doc>
<status status="PASS" start="2024-04-24T08:18:44.017470" elapsed="0.000420"/>
</kw>
<kw name="Log" owner="BuiltIn">
<msg time="2024-04-24T08:18:44.018305" level="INFO">username</msg>
<arg>${keyTwo}</arg>
<doc>Logs the given message with the given level.</doc>
<status status="PASS" start="2024-04-24T08:18:44.018180" elapsed="0.000170"/>
</kw>
<var name="${keyTwo}">username</var>
<status status="PASS" start="2024-04-24T08:18:44.016592" elapsed="0.001972"/>
</iter>
<iter>
<kw name="Dictionary Should Contain Key" owner="Collections">
<msg time="2024-04-24T08:18:44.019225" level="INFO">False</msg>
<arg>${json_data['results'][0]['login']}</arg>
<arg>${keyTwo}</arg>
<doc>Fails if ``key`` is not found from ``dictionary``.</doc>
<status status="PASS" start="2024-04-24T08:18:44.018840" elapsed="0.000428"/>
</kw>
<kw name="Dictionary Should Contain Key" owner="Collections">
<msg time="2024-04-24T08:18:44.020019" level="INFO">False</msg>
<arg>${json_data['results'][0]['login']}</arg>
<arg>${keyTwo}</arg>
<doc>Fails if ``key`` is not found from ``dictionary``.</doc>
<status status="PASS" start="2024-04-24T08:18:44.019561" elapsed="0.000497"/>
</kw>
<kw name="Log" owner="BuiltIn">
<msg time="2024-04-24T08:18:44.020484" level="INFO">password</msg>
<arg>${keyTwo}</arg>
<doc>Logs the given message with the given level.</doc>
<status status="PASS" start="2024-04-24T08:18:44.020357" elapsed="0.000165"/>
</kw>
<var name="${keyTwo}">password</var>
<status status="PASS" start="2024-04-24T08:18:44.018731" elapsed="0.002042"/>
</iter>
<var>${keyTwo}</var>
<value>@{expected_keysTwo}</value>
<status status="PASS" start="2024-04-24T08:18:44.016435" elapsed="0.004462"/>
</for>
<status status="PASS" start="2024-04-24T08:18:43.912860" elapsed="0.108182"/>
</kw>
<doc>Testa a estrutura da resposta da API.</doc>
<tag>testeEstruturaResposta</tag>
<status status="PASS" start="2024-04-24T08:18:43.912194" elapsed="0.109008"/>
</test>
<test id="s1-s1-t4" name="Validar tipos de dados" line="28">
<kw name="Teste de Tipos de Dados" owner="random-user-service">
<kw name="GET On Session" owner="RequestsLibrary">
<msg time="2024-04-24T08:18:44.094799" level="INFO">GET Request : url=https://randomuser.me/api 
 path_url=/api 
 headers={'User-Agent': 'python-requests/2.31.0', 'Accept-Encoding': 'gzip, deflate', 'Accept': '*/*', 'Connection': 'keep-alive'} 
 body=None 
 </msg>
<msg time="2024-04-24T08:18:44.094917" level="INFO">GET Response : url=https://randomuser.me/api 
 status=200, reason=OK 
 headers={'Date': 'Wed, 24 Apr 2024 08:18:44 GMT', 'Content-Type': 'application/json; charset=utf-8', 'Transfer-Encoding': 'chunked', 'Connection': 'keep-alive', 'X-Powered-By': 'Express', 'Access-Control-Allow-Origin': '*', 'Cache-Control': 'no-cache', 'ETag': 'W/"473-ND2wu2LC2e3Fg/mem7zEoDIZdM4"', 'Vary': 'Accept-Encoding', 'Content-Encoding': 'gzip', 'CF-Cache-Status': 'DYNAMIC', 'Report-To': '{"endpoints":[{"url":"https:\\/\\/a.nel.cloudflare.com\\/report\\/v4?s=CLC5UE3T80Jk2o8SaemMuVrJY2g6DJfJF7xQOSM30ySgNzjFvzr%2B1g7ytJ3RHhWqodf95AaUjeDdtTlsWtuJnSBpfBgdksbM%2FS5JZpvyvuvh%2FPlLUZgqq18gMUP3fYfs"}],"group":"cf-nel","max_age":604800}', 'NEL': '{"success_fraction":0,"report_to":"cf-nel","max_age":604800}', 'Server': 'cloudflare', 'CF-RAY': '8794aa11298a6057-ORD', 'alt-svc': 'h3=":443"; ma=86400'} 
 body={"results":[{"gender":"male","name":{"title":"Mr","first":"Victor","last":"Sørensen"},"location":{"street":{"number":1299,"name":"Højbovej"},"city":"Juelsminde","state":"Syddanmark","country":"Denmark","postcode":72309,"coordinates":{"latitude":"-45.6321","longitude":"-137.9212"},"timezone":{"offset":"-3:30","description":"Newfoundland"}},"email":"victor.sorensen@example.com","login":{"uuid":"ff5255eb-9267-4d2b-9245-6a630b3821ad","username":"crazyfrog485","password":"boeing","salt":"MkxB2iRg","md5":"c6311ee29e4ef5159fbeddb45a33984f","sha1":"a585f078b1041d442e55181e8e5e81abd579ec2c","sha256":"6406c47a8d897f15aa09500382d911f625e91da62bf6c0f68e3adb20ca60b969"},"dob":{"date":"1983-05-31T20:14:00.421Z","age":40},"registered":{"date":"2010-08-09T15:02:36.158Z","age":13},"phone":"07251068","cell":"17869918","id":{"name":"CPR","value":"310583-6961"},"picture":{"large":"https://randomuser.me/api/portraits/men/24.jpg","medium":"https://randomuser.me/api/portraits/med/men/24.jpg","thumbnail":"https://randomuser.me/api/portraits/thumb/men/24.jpg"},"nat":"DK"}],"info":{"seed":"c7e42b07848895fd","results":1,"page":1,"version":"1.4"}} 
 </msg>
<msg time="2024-04-24T08:18:44.095012" level="INFO">/opt/hostedtoolcache/Python/3.12.3/x64/lib/python3.12/site-packages/urllib3/connectionpool.py:1103: InsecureRequestWarning: Unverified HTTPS request is being made to host 'randomuser.me'. Adding certificate verification is strongly advised. See: https://urllib3.readthedocs.io/en/latest/advanced-usage.html#tls-warnings
  warnings.warn(</msg>
<msg time="2024-04-24T08:18:44.095158" level="INFO">${response} = &lt;Response [200]&gt;</msg>
<var>${response}</var>
<arg>consultarAPI</arg>
<arg>/api</arg>
<doc>Sends a GET request on a previously created HTTP Session.</doc>
<status status="PASS" start="2024-04-24T08:18:44.023816" elapsed="0.071386"/>
</kw>
<kw name="Set Variable" owner="BuiltIn">
<msg time="2024-04-24T08:18:44.096477" level="INFO">${json_data} = {'results': [{'gender': 'male', 'name': {'title': 'Mr', 'first': 'Victor', 'last': 'Sørensen'}, 'location': {'street': {'number': 1299, 'name': 'Højbovej'}, 'city': 'Juelsminde', 'state': 'Syddanmark'...</msg>
<var>${json_data}</var>
<arg>${response.json()}</arg>
<doc>Returns the given values which can then be assigned to a variables.</doc>
<status status="PASS" start="2024-04-24T08:18:44.095876" elapsed="0.000632"/>
</kw>
<kw name="Log" owner="BuiltIn">
<msg time="2024-04-24T08:18:44.097141" level="INFO">{'results': [{'gender': 'male', 'name': {'title': 'Mr', 'first': 'Victor', 'last': 'Sørensen'}, 'location': {'street': {'number': 1299, 'name': 'Højbovej'}, 'city': 'Juelsminde', 'state': 'Syddanmark', 'country': 'Denmark', 'postcode': 72309, 'coordinates': {'latitude': '-45.6321', 'longitude': '-137.9212'}, 'timezone': {'offset': '-3:30', 'description': 'Newfoundland'}}, 'email': 'victor.sorensen@example.com', 'login': {'uuid': 'ff5255eb-9267-4d2b-9245-6a630b3821ad', 'username': 'crazyfrog485', 'password': 'boeing', 'salt': 'MkxB2iRg', 'md5': 'c6311ee29e4ef5159fbeddb45a33984f', 'sha1': 'a585f078b1041d442e55181e8e5e81abd579ec2c', 'sha256': '6406c47a8d897f15aa09500382d911f625e91da62bf6c0f68e3adb20ca60b969'}, 'dob': {'date': '1983-05-31T20:14:00.421Z', 'age': 40}, 'registered': {'date': '2010-08-09T15:02:36.158Z', 'age': 13}, 'phone': '07251068', 'cell': '17869918', 'id': {'name': 'CPR', 'value': '310583-6961'}, 'picture': {'large': 'https://randomuser.me/api/portraits/men/24.jpg', 'medium': 'https://randomuser.me/api/portraits/med/men/24.jpg', 'thumbnail': 'https://randomuser.me/api/portraits/thumb/men/24.jpg'}, 'nat': 'DK'}], 'info': {'seed': 'c7e42b07848895fd', 'results': 1, 'page': 1, 'version': '1.4'}}</msg>
<arg>${json_data}</arg>
<doc>Logs the given message with the given level.</doc>
<status status="PASS" start="2024-04-24T08:18:44.096952" elapsed="0.000283"/>
</kw>
<kw name="Should Be String" owner="String">
<arg>${json_data['results'][0]['gender']}</arg>
<doc>Fails if the given ``item`` is not a string.</doc>
<status status="PASS" start="2024-04-24T08:18:44.097586" elapsed="0.000413"/>
</kw>
<kw name="Should Match Regexp" owner="BuiltIn">
<arg>${json_data['results'][0]['email']}</arg>
<arg>^[a-zA-Z0-9._%+-]+@[a-zA-Z0-9.-]+\.[a-zA-Z]{2,}$</arg>
<doc>Fails if ``string`` does not match ``pattern`` as a regular expression.</doc>
<status status="PASS" start="2024-04-24T08:18:44.098211" elapsed="0.000657"/>
</kw>
<kw name="Should Match Regexp" owner="BuiltIn">
<arg>${json_data['results'][0]['dob']['date']}</arg>
<arg>\\d{4}-\\d{2}-\\d{2}T\\d{2}:\\d{2}:\\d{2}\\.\\d{3}Z</arg>
<doc>Fails if ``string`` does not match ``pattern`` as a regular expression.</doc>
<status status="PASS" start="2024-04-24T08:18:44.099163" elapsed="0.000686"/>
</kw>
<kw name="Should Match Regexp" owner="BuiltIn">
<arg>${json_data['results'][0]['registered']['date']}</arg>
<arg>\\d{4}-\\d{2}-\\d{2}T\\d{2}:\\d{2}:\\d{2}\\.\\d{3}Z</arg>
<doc>Fails if ``string`` does not match ``pattern`` as a regular expression.</doc>
<status status="PASS" start="2024-04-24T08:18:44.100065" elapsed="0.000404"/>
</kw>
<kw name="Should Match Regexp" owner="BuiltIn">
<arg>${json_data['results'][0]['picture']['large']}</arg>
<arg>^https?://.*\.(?:png|jpe?g|gif|bmp)$</arg>
<doc>Fails if ``string`` does not match ``pattern`` as a regular expression.</doc>
<status status="PASS" start="2024-04-24T08:18:44.100709" elapsed="0.000491"/>
</kw>
<kw name="Should Match Regexp" owner="BuiltIn">
<arg>${json_data['results'][0]['picture']['medium']}</arg>
<arg>^https?://.*\.(?:png|jpe?g|gif|bmp)$</arg>
<doc>Fails if ``string`` does not match ``pattern`` as a regular expression.</doc>
<status status="PASS" start="2024-04-24T08:18:44.101401" elapsed="0.000383"/>
</kw>
<kw name="Should Match Regexp" owner="BuiltIn">
<arg>${json_data['results'][0]['picture']['thumbnail']}</arg>
<arg>^https?://.*\.(?:png|jpe?g|gif|bmp)$</arg>
<doc>Fails if ``string`` does not match ``pattern`` as a regular expression.</doc>
<status status="PASS" start="2024-04-24T08:18:44.101979" elapsed="0.000356"/>
</kw>
<kw name="Log" owner="BuiltIn">
<msg time="2024-04-24T08:18:44.102853" level="INFO">{'large': 'https://randomuser.me/api/portraits/men/24.jpg', 'medium': 'https://randomuser.me/api/portraits/med/men/24.jpg', 'thumbnail': 'https://randomuser.me/api/portraits/thumb/men/24.jpg'}</msg>
<arg>${json_data['results'][0]['picture']}</arg>
<doc>Logs the given message with the given level.</doc>
<status status="PASS" start="2024-04-24T08:18:44.102519" elapsed="0.000379"/>
</kw>
<status status="PASS" start="2024-04-24T08:18:44.023581" elapsed="0.079619"/>
</kw>
<kw name="Teste de Tipos de Dados - Postcode" owner="random-user-service">
<kw name="GET On Session" owner="RequestsLibrary">
<msg time="2024-04-24T08:18:44.199474" level="INFO">GET Request : url=https://randomuser.me/api 
 path_url=/api 
 headers={'User-Agent': 'python-requests/2.31.0', 'Accept-Encoding': 'gzip, deflate', 'Accept': '*/*', 'Connection': 'keep-alive'} 
 body=None 
 </msg>
<msg time="2024-04-24T08:18:44.199578" level="INFO">GET Response : url=https://randomuser.me/api 
 status=200, reason=OK 
 headers={'Date': 'Wed, 24 Apr 2024 08:18:44 GMT', 'Content-Type': 'application/json; charset=utf-8', 'Transfer-Encoding': 'chunked', 'Connection': 'keep-alive', 'X-Powered-By': 'Express', 'Access-Control-Allow-Origin': '*', 'Cache-Control': 'no-cache', 'ETag': 'W/"477-b0E8r/DafD+nsBm3UHJDyN4F9cs"', 'Vary': 'Accept-Encoding', 'Content-Encoding': 'gzip', 'CF-Cache-Status': 'DYNAMIC', 'Report-To': '{"endpoints":[{"url":"https:\\/\\/a.nel.cloudflare.com\\/report\\/v4?s=makiRgkZIdOK7sBt1OBa46wPC7FgkkfzTY40Jmel7%2Bkg4TCAQZ9cUk%2FzzzM8bhItsEyXRsoviRZHUrM1q8yrDfK6MaVlBf3bk4AqldZzokh2bG%2FpPczBz1ekzElUVVRK"}],"group":"cf-nel","max_age":604800}', 'NEL': '{"success_fraction":0,"report_to":"cf-nel","max_age":604800}', 'Server': 'cloudflare', 'CF-RAY': '8794aa11a9e26057-ORD', 'alt-svc': 'h3=":443"; ma=86400'} 
 body={"results":[{"gender":"female","name":{"title":"Ms","first":"Radmila","last":"Orlić"},"location":{"street":{"number":1934,"name":"Slobodana Novakovića"},"city":"Požega","state":"Srem","country":"Serbia","postcode":86410,"coordinates":{"latitude":"58.6418","longitude":"136.4563"},"timezone":{"offset":"-10:00","description":"Hawaii"}},"email":"radmila.orlic@example.com","login":{"uuid":"b7c13cad-d814-4893-9af6-2dbad5df1711","username":"happycat867","password":"wrestle","salt":"GgsFLnLN","md5":"3357331fa55973335930e3695badd30f","sha1":"d3d320b1a5bc7097f6f2a05e0f7e6ae0008959bd","sha256":"4372f987cca0dc65129e5ddccff33b1cd9e9be94860bb4a4128eea3e488d08ed"},"dob":{"date":"1984-10-12T04:59:25.887Z","age":39},"registered":{"date":"2015-09-19T09:49:35.758Z","age":8},"phone":"028-9140-011","cell":"067-0952-175","id":{"name":"SID","value":"204089205"},"picture":{"large":"https://randomuser.me/api/portraits/women/83.jpg","medium":"https://randomuser.me/api/portraits/med/women/83.jpg","thumbnail":"https://randomuser.me/api/portraits/thumb/women/83.jpg"},"nat":"RS"}],"info":{"seed":"20dab540ffdd4038","results":1,"page":1,"version":"1.4"}} 
 </msg>
<msg time="2024-04-24T08:18:44.199658" level="INFO">/opt/hostedtoolcache/Python/3.12.3/x64/lib/python3.12/site-packages/urllib3/connectionpool.py:1103: InsecureRequestWarning: Unverified HTTPS request is being made to host 'randomuser.me'. Adding certificate verification is strongly advised. See: https://urllib3.readthedocs.io/en/latest/advanced-usage.html#tls-warnings
  warnings.warn(</msg>
<msg time="2024-04-24T08:18:44.199797" level="INFO">${response} = &lt;Response [200]&gt;</msg>
<var>${response}</var>
<arg>consultarAPI</arg>
<arg>/api</arg>
<doc>Sends a GET request on a previously created HTTP Session.</doc>
<status status="PASS" start="2024-04-24T08:18:44.103696" elapsed="0.096141"/>
</kw>
<kw name="Set Variable" owner="BuiltIn">
<msg time="2024-04-24T08:18:44.201127" level="INFO">${json_data} = {'results': [{'gender': 'female', 'name': {'title': 'Ms', 'first': 'Radmila', 'last': 'Orlić'}, 'location': {'street': {'number': 1934, 'name': 'Slobodana Novakovića'}, 'city': 'Požega', 'state': 'Sre...</msg>
<var>${json_data}</var>
<arg>${response.json()}</arg>
<doc>Returns the given values which can then be assigned to a variables.</doc>
<status status="PASS" start="2024-04-24T08:18:44.200503" elapsed="0.000656"/>
</kw>
<kw name="Log" owner="BuiltIn">
<msg time="2024-04-24T08:18:44.201715" level="INFO">{'results': [{'gender': 'female', 'name': {'title': 'Ms', 'first': 'Radmila', 'last': 'Orlić'}, 'location': {'street': {'number': 1934, 'name': 'Slobodana Novakovića'}, 'city': 'Požega', 'state': 'Srem', 'country': 'Serbia', 'postcode': 86410, 'coordinates': {'latitude': '58.6418', 'longitude': '136.4563'}, 'timezone': {'offset': '-10:00', 'description': 'Hawaii'}}, 'email': 'radmila.orlic@example.com', 'login': {'uuid': 'b7c13cad-d814-4893-9af6-2dbad5df1711', 'username': 'happycat867', 'password': 'wrestle', 'salt': 'GgsFLnLN', 'md5': '3357331fa55973335930e3695badd30f', 'sha1': 'd3d320b1a5bc7097f6f2a05e0f7e6ae0008959bd', 'sha256': '4372f987cca0dc65129e5ddccff33b1cd9e9be94860bb4a4128eea3e488d08ed'}, 'dob': {'date': '1984-10-12T04:59:25.887Z', 'age': 39}, 'registered': {'date': '2015-09-19T09:49:35.758Z', 'age': 8}, 'phone': '028-9140-011', 'cell': '067-0952-175', 'id': {'name': 'SID', 'value': '204089205'}, 'picture': {'large': 'https://randomuser.me/api/portraits/women/83.jpg', 'medium': 'https://randomuser.me/api/portraits/med/women/83.jpg', 'thumbnail': 'https://randomuser.me/api/portraits/thumb/women/83.jpg'}, 'nat': 'RS'}], 'info': {'seed': '20dab540ffdd4038', 'results': 1, 'page': 1, 'version': '1.4'}}</msg>
<arg>${json_data}</arg>
<doc>Logs the given message with the given level.</doc>
<status status="PASS" start="2024-04-24T08:18:44.201534" elapsed="0.000273"/>
</kw>
<kw name="Should Be Equal As Numbers" owner="BuiltIn">
<arg>${json_data['results'][0]['location']['postcode']}</arg>
<arg>${json_data['results'][0]['location']['postcode']}</arg>
<doc>Fails if objects are unequal after converting them to real numbers.</doc>
<status status="PASS" start="2024-04-24T08:18:44.202139" elapsed="0.000850"/>
</kw>
<kw name="Log" owner="BuiltIn">
<msg time="2024-04-24T08:18:44.203538" level="INFO">86410</msg>
<arg>${json_data['results'][0]['location']['postcode']}</arg>
<doc>Logs the given message with the given level.</doc>
<status status="PASS" start="2024-04-24T08:18:44.203194" elapsed="0.000385"/>
</kw>
<status status="PASS" start="2024-04-24T08:18:44.103441" elapsed="0.100401"/>
</kw>
<doc>Testa se os tipos de dados na resposta da API estão corretos.</doc>
<tag>testeTiposDados</tag>
<status status="PASS" start="2024-04-24T08:18:44.022991" elapsed="0.181025"/>
</test>
<test id="s1-s1-t5" name="Validar conteudo" line="35">
<kw name="Teste de Tipos de Conteudo" owner="random-user-service">
<kw name="GET On Session" owner="RequestsLibrary">
<msg time="2024-04-24T08:18:44.299008" level="INFO">GET Request : url=https://randomuser.me/api 
 path_url=/api 
 headers={'User-Agent': 'python-requests/2.31.0', 'Accept-Encoding': 'gzip, deflate', 'Accept': '*/*', 'Connection': 'keep-alive'} 
 body=None 
 </msg>
<msg time="2024-04-24T08:18:44.299114" level="INFO">GET Response : url=https://randomuser.me/api 
 status=200, reason=OK 
 headers={'Date': 'Wed, 24 Apr 2024 08:18:44 GMT', 'Content-Type': 'application/json; charset=utf-8', 'Transfer-Encoding': 'chunked', 'Connection': 'keep-alive', 'X-Powered-By': 'Express', 'Access-Control-Allow-Origin': '*', 'Cache-Control': 'no-cache', 'ETag': 'W/"477-pjYtU1LJLDToEG/EmwP30MUirMU"', 'Vary': 'Accept-Encoding', 'Content-Encoding': 'gzip', 'CF-Cache-Status': 'DYNAMIC', 'Report-To': '{"endpoints":[{"url":"https:\\/\\/a.nel.cloudflare.com\\/report\\/v4?s=B%2F5y6EYeH3MEkgouv7NvYhxPc9nMypacGJQvul2fPzvbrQQosRJZvU%2F7PriJ2s%2BrUs0ZFPOKhMORU5ZgCahahZFP%2FPrS96MpMuuzyjwXiToF%2FWqbbRdnTO3LdHhSllda"}],"group":"cf-nel","max_age":604800}', 'NEL': '{"success_fraction":0,"report_to":"cf-nel","max_age":604800}', 'Server': 'cloudflare', 'CF-RAY': '8794aa124a4f6057-ORD', 'alt-svc': 'h3=":443"; ma=86400'} 
 body={"results":[{"gender":"female","name":{"title":"Ms","first":"Julia","last":"Vo"},"location":{"street":{"number":8941,"name":"Dagalikroken"},"city":"Gilja","state":"Buskerud","country":"Norway","postcode":"6401","coordinates":{"latitude":"38.7553","longitude":"104.3439"},"timezone":{"offset":"+4:00","description":"Abu Dhabi, Muscat, Baku, Tbilisi"}},"email":"julia.vo@example.com","login":{"uuid":"7ed9e232-4f6d-42c6-b304-01727b69578e","username":"crazybird177","password":"7007","salt":"8yYjWz9p","md5":"4d3d9200cb95e0db1c374b0c91ab0a84","sha1":"7e7d0d35cfa72dbe476c5b387b0df892a63cab52","sha256":"4c3aad6fd3533f3656c8b4183ccd755b4c47f2ec680a5f8b75953fc6d8200eb3"},"dob":{"date":"1971-07-24T10:17:07.037Z","age":52},"registered":{"date":"2005-08-28T10:49:21.334Z","age":18},"phone":"74634594","cell":"41522896","id":{"name":"FN","value":"24077113823"},"picture":{"large":"https://randomuser.me/api/portraits/women/43.jpg","medium":"https://randomuser.me/api/portraits/med/women/43.jpg","thumbnail":"https://randomuser.me/api/portraits/thumb/women/43.jpg"},"nat":"NO"}],"info":{"seed":"dc1f2202166c49ff","results":1,"page":1,"version":"1.4"}} 
 </msg>
<msg time="2024-04-24T08:18:44.299199" level="INFO">/opt/hostedtoolcache/Python/3.12.3/x64/lib/python3.12/site-packages/urllib3/connectionpool.py:1103: InsecureRequestWarning: Unverified HTTPS request is being made to host 'randomuser.me'. Adding certificate verification is strongly advised. See: https://urllib3.readthedocs.io/en/latest/advanced-usage.html#tls-warnings
  warnings.warn(</msg>
<msg time="2024-04-24T08:18:44.299337" level="INFO">${response} = &lt;Response [200]&gt;</msg>
<var>${response}</var>
<arg>consultarAPI</arg>
<arg>/api</arg>
<doc>Sends a GET request on a previously created HTTP Session.</doc>
<status status="PASS" start="2024-04-24T08:18:44.206655" elapsed="0.092733"/>
</kw>
<kw name="Set Variable" owner="BuiltIn">
<msg time="2024-04-24T08:18:44.300584" level="INFO">${json_data} = {'results': [{'gender': 'female', 'name': {'title': 'Ms', 'first': 'Julia', 'last': 'Vo'}, 'location': {'street': {'number': 8941, 'name': 'Dagalikroken'}, 'city': 'Gilja', 'state': 'Buskerud', 'count...</msg>
<var>${json_data}</var>
<arg>${response.json()}</arg>
<doc>Returns the given values which can then be assigned to a variables.</doc>
<status status="PASS" start="2024-04-24T08:18:44.300001" elapsed="0.000649"/>
</kw>
<kw name="Set Variable" owner="BuiltIn">
<msg time="2024-04-24T08:18:44.301356" level="INFO">${name_title} = Ms</msg>
<var>${name_title}</var>
<arg>${json_data["results"][0]["name"]["title"]}</arg>
<doc>Returns the given values which can then be assigned to a variables.</doc>
<status status="PASS" start="2024-04-24T08:18:44.300970" elapsed="0.000412"/>
</kw>
<kw name="Create List" owner="BuiltIn">
<msg time="2024-04-24T08:18:44.301829" level="INFO">${allowed_titles} = ['Mr', 'Ms', 'Miss', 'Mrs', 'Madame', 'Monsieur']</msg>
<var>${allowed_titles}</var>
<arg>Mr</arg>
<arg>Ms</arg>
<arg>Miss</arg>
<arg>Mrs</arg>
<arg>Madame</arg>
<arg>Monsieur</arg>
<doc>Returns a list containing given items.</doc>
<status status="PASS" start="2024-04-24T08:18:44.301681" elapsed="0.000172"/>
</kw>
<kw name="List Should Contain Value" owner="Collections">
<msg time="2024-04-24T08:18:44.302334" level="INFO">False</msg>
<arg>${allowed_titles}</arg>
<arg>${name_title}</arg>
<doc>Fails if the ``value`` is not found from ``list``.</doc>
<status status="PASS" start="2024-04-24T08:18:44.302151" elapsed="0.000220"/>
</kw>
<kw name="Set Variable" owner="BuiltIn">
<msg time="2024-04-24T08:18:44.303037" level="INFO">${name_country} = NO</msg>
<var>${name_country}</var>
<arg>${json_data["results"][0]["nat"]}</arg>
<doc>Returns the given values which can then be assigned to a variables.</doc>
<status status="PASS" start="2024-04-24T08:18:44.302658" elapsed="0.000404"/>
</kw>
<kw name="Create List" owner="BuiltIn">
<msg time="2024-04-24T08:18:44.303944" level="INFO">${list_country} = ['AD', 'AE', 'AF', 'AG', 'AI', 'AL', 'AM', 'AO', 'AQ', 'AR', 'AS', 'AT', 'AU', 'AW', 'AX', 'AZ', 'BA', 'BB', 'BD', 'BE', 'BF', 'BG', 'BH', 'BI', 'BJ', 'BL', 'BM', 'BN', 'BO', 'BQ', 'BR', 'BS', 'BT', '...</msg>
<var>${list_country}</var>
<arg>AD</arg>
<arg>AE</arg>
<arg>AF</arg>
<arg>AG</arg>
<arg>AI</arg>
<arg>AL</arg>
<arg>AM</arg>
<arg>AO</arg>
<arg>AQ</arg>
<arg>AR</arg>
<arg>AS</arg>
<arg>AT</arg>
<arg>AU</arg>
<arg>AW</arg>
<arg>AX</arg>
<arg>AZ</arg>
<arg>BA</arg>
<arg>BB</arg>
<arg>BD</arg>
<arg>BE</arg>
<arg>BF</arg>
<arg>BG</arg>
<arg>BH</arg>
<arg>BI</arg>
<arg>BJ</arg>
<arg>BL</arg>
<arg>BM</arg>
<arg>BN</arg>
<arg>BO</arg>
<arg>BQ</arg>
<arg>BR</arg>
<arg>BS</arg>
<arg>BT</arg>
<arg>BV</arg>
<arg>BW</arg>
<arg>BY</arg>
<arg>BZ</arg>
<arg>CA</arg>
<arg>CC</arg>
<arg>CD</arg>
<arg>CF</arg>
<arg>CG</arg>
<arg>CH</arg>
<arg>CI</arg>
<arg>CK</arg>
<arg>CL</arg>
<arg>CM</arg>
<arg>CN</arg>
<arg>CO</arg>
<arg>CR</arg>
<arg>CU</arg>
<arg>CV</arg>
<arg>CW</arg>
<arg>CX</arg>
<arg>CY</arg>
<arg>CZ</arg>
<arg>DE</arg>
<arg>DJ</arg>
<arg>DK</arg>
<arg>DM</arg>
<arg>DO</arg>
<arg>DZ</arg>
<arg>EC</arg>
<arg>EE</arg>
<arg>EG</arg>
<arg>EH</arg>
<arg>ER</arg>
<arg>ES</arg>
<arg>ET</arg>
<arg>FI</arg>
<arg>FJ</arg>
<arg>FK</arg>
<arg>FM</arg>
<arg>FO</arg>
<arg>FR</arg>
<arg>GA</arg>
<arg>GB</arg>
<arg>GD</arg>
<arg>GE</arg>
<arg>GF</arg>
<arg>GG</arg>
<arg>GH</arg>
<arg>GI</arg>
<arg>GL</arg>
<arg>GM</arg>
<arg>GN</arg>
<arg>GP</arg>
<arg>GQ</arg>
<arg>GR</arg>
<arg>GS</arg>
<arg>GT</arg>
<arg>GU</arg>
<arg>GW</arg>
<arg>GY</arg>
<arg>HK</arg>
<arg>HM</arg>
<arg>HN</arg>
<arg>HR</arg>
<arg>HT</arg>
<arg>HU</arg>
<arg>ID</arg>
<arg>IE</arg>
<arg>IL</arg>
<arg>IM</arg>
<arg>IN</arg>
<arg>IO</arg>
<arg>IQ</arg>
<arg>IR</arg>
<arg>IS</arg>
<arg>IT</arg>
<arg>JE</arg>
<arg>JM</arg>
<arg>JO</arg>
<arg>JP</arg>
<arg>KE</arg>
<arg>KG</arg>
<arg>KH</arg>
<arg>KI</arg>
<arg>KM</arg>
<arg>KN</arg>
<arg>KP</arg>
<arg>KR</arg>
<arg>KW</arg>
<arg>KY</arg>
<arg>KZ</arg>
<arg>LA</arg>
<arg>LB</arg>
<arg>LC</arg>
<arg>LI</arg>
<arg>LK</arg>
<arg>LR</arg>
<arg>LS</arg>
<arg>LT</arg>
<arg>LU</arg>
<arg>LV</arg>
<arg>LY</arg>
<arg>MA</arg>
<arg>MC</arg>
<arg>MD</arg>
<arg>ME</arg>
<arg>MF</arg>
<arg>MG</arg>
<arg>MH</arg>
<arg>MK</arg>
<arg>ML</arg>
<arg>MM</arg>
<arg>MN</arg>
<arg>MO</arg>
<arg>MP</arg>
<arg>MQ</arg>
<arg>MR</arg>
<arg>MS</arg>
<arg>MT</arg>
<arg>MU</arg>
<arg>MV</arg>
<arg>MW</arg>
<arg>MX</arg>
<arg>MY</arg>
<arg>MZ</arg>
<arg>NA</arg>
<arg>NC</arg>
<arg>NE</arg>
<arg>NF</arg>
<arg>NG</arg>
<arg>NI</arg>
<arg>NL</arg>
<arg>NO</arg>
<arg>NP</arg>
<arg>NR</arg>
<arg>NU</arg>
<arg>NZ</arg>
<arg>OM</arg>
<arg>PA</arg>
<arg>PE</arg>
<arg>PF</arg>
<arg>PG</arg>
<arg>PH</arg>
<arg>PK</arg>
<arg>PL</arg>
<arg>PM</arg>
<arg>PN</arg>
<arg>PR</arg>
<arg>PS</arg>
<arg>PT</arg>
<arg>PW</arg>
<arg>PY</arg>
<arg>QA</arg>
<arg>RE</arg>
<arg>RO</arg>
<arg>RS</arg>
<arg>RU</arg>
<arg>RW</arg>
<arg>SA</arg>
<arg>SB</arg>
<arg>SC</arg>
<arg>SD</arg>
<arg>SE</arg>
<arg>SG</arg>
<arg>SH</arg>
<arg>SI</arg>
<arg>SJ</arg>
<arg>SK</arg>
<arg>SL</arg>
<arg>SM</arg>
<arg>SN</arg>
<arg>SO</arg>
<arg>SR</arg>
<arg>SS</arg>
<arg>ST</arg>
<arg>SV</arg>
<arg>SX</arg>
<arg>SY</arg>
<arg>SZ</arg>
<arg>TC</arg>
<arg>TD</arg>
<arg>TF</arg>
<arg>TG</arg>
<arg>TH</arg>
<arg>TJ</arg>
<arg>TK</arg>
<arg>TL</arg>
<arg>TM</arg>
<arg>TN</arg>
<arg>TO</arg>
<arg>TR</arg>
<arg>TT</arg>
<arg>TV</arg>
<arg>TW</arg>
<arg>TZ</arg>
<arg>UA</arg>
<arg>UG</arg>
<arg>UM</arg>
<arg>US</arg>
<arg>UY</arg>
<arg>UZ</arg>
<arg>VA</arg>
<arg>VC</arg>
<arg>VE</arg>
<arg>VG</arg>
<arg>VI</arg>
<arg>VN</arg>
<arg>VU</arg>
<arg>WF</arg>
<arg>WS</arg>
<arg>XK</arg>
<arg>YE</arg>
<arg>YT</arg>
<arg>ZA</arg>
<arg>ZM</arg>
<arg>ZW</arg>
<doc>Returns a list containing given items.</doc>
<status status="PASS" start="2024-04-24T08:18:44.303362" elapsed="0.000607"/>
</kw>
<kw name="List Should Contain Value" owner="Collections">
<msg time="2024-04-24T08:18:44.305002" level="INFO">False</msg>
<arg>${list_country}</arg>
<arg>${name_country}</arg>
<doc>Fails if the ``value`` is not found from ``list``.</doc>
<status status="PASS" start="2024-04-24T08:18:44.304795" elapsed="0.000244"/>
</kw>
<kw name="Run Keyword If" owner="BuiltIn">
<kw name="Should Be True" owner="BuiltIn">
<arg>${True}</arg>
<doc>Fails if the given condition is not true.</doc>
<status status="PASS" start="2024-04-24T08:18:44.306111" elapsed="0.000142"/>
</kw>
<arg>${json_data["results"][0]["location"]["coordinates"]["latitude"]} &gt;= -90 and ${json_data["results"][0]["location"]["coordinates"]["latitude"]} &lt;= 90</arg>
<arg>Should Be True</arg>
<arg>${True}</arg>
<doc>Runs the given keyword with the given arguments, if ``condition`` is true.</doc>
<status status="PASS" start="2024-04-24T08:18:44.305350" elapsed="0.001028"/>
</kw>
<kw name="Run Keyword If" owner="BuiltIn">
<kw name="Should Be True" owner="BuiltIn">
<arg>${True}</arg>
<doc>Fails if the given condition is not true.</doc>
<status status="PASS" start="2024-04-24T08:18:44.307246" elapsed="0.000254"/>
</kw>
<arg>${json_data["results"][0]["location"]["coordinates"]["longitude"]} &gt;= -180 and ${json_data["results"][0]["location"]["coordinates"]["longitude"]} &lt;= 180</arg>
<arg>Should Be True</arg>
<arg>${True}</arg>
<doc>Runs the given keyword with the given arguments, if ``condition`` is true.</doc>
<status status="PASS" start="2024-04-24T08:18:44.306561" elapsed="0.001063"/>
</kw>
<status status="PASS" start="2024-04-24T08:18:44.206419" elapsed="0.101337"/>
</kw>
<doc>Testa o conteúdo específico dos campos retornados pela API.</doc>
<tag>testeConteudo</tag>
<status status="PASS" start="2024-04-24T08:18:44.205861" elapsed="0.102047"/>
</test>
<status status="PASS" start="2024-04-24T08:18:43.487771" elapsed="0.822178"/>
</suite>
<status status="PASS" start="2024-04-24T08:18:43.473617" elapsed="0.841494"/>
</suite>
<statistics>
<total>
<stat pass="5" fail="0" skip="0">All Tests</stat>
</total>
<tag>
<stat pass="1" fail="0" skip="0">testeConteudo</stat>
<stat pass="1" fail="0" skip="0">testeEstruturaResposta</stat>
<stat pass="1" fail="0" skip="0">testeRequisicaoBasica</stat>
<stat pass="1" fail="0" skip="0">testeTiposDados</stat>
</tag>
<suite>
<stat pass="5" fail="0" skip="0" id="s1" name="Tests">Tests</stat>
<stat pass="5" fail="0" skip="0" id="s1-s1" name="Random-User-Test">Tests.Random-User-Test</stat>
</suite>
</statistics>
<errors>
</errors>
</robot>
