<?xml version="1.0" encoding="UTF-8"?>
<robot generator="Robot 7.0 (Python 3.12.3 on linux)" generated="2024-05-20T10:16:04.775271" rpa="false" schemaversion="5">
<suite id="s1" name="Tests" source="/home/runner/work/DesafioQAItauRogerioJordao/DesafioQAItauRogerioJordao/RamdonUser/tests">
<suite id="s1-s1" name="Random-User-Test" source="/home/runner/work/DesafioQAItauRogerioJordao/DesafioQAItauRogerioJordao/RamdonUser/tests/random-user-test.robot">
<test id="s1-s1-t1" name="Conectar" line="13">
<kw name="Conectar API" owner="random-user-service">
<kw name="Create Session" owner="RequestsLibrary">
<msg time="2024-05-20T10:16:05.137998" level="INFO">Creating Session using : alias=consultarAPI, url=https://randomuser.me/, headers={},                     cookies={}, auth=None, timeout=None, proxies=None, verify=False,                     debug=0 </msg>
<arg>consultarAPI</arg>
<arg>${URL}</arg>
<doc>Create Session: create a HTTP session to a server</doc>
<status status="PASS" start="2024-05-20T10:16:05.137800" elapsed="0.000375"/>
</kw>
<status status="PASS" start="2024-05-20T10:16:05.136837" elapsed="0.001686"/>
</kw>
<status status="PASS" start="2024-05-20T10:16:05.136257" elapsed="0.002457"/>
</test>
<test id="s1-s1-t2" name="Validar retorno 200 e JSON Válido" line="16">
<kw name="Teste de Requisicao Basica" owner="random-user-service">
<kw name="GET On Session" owner="RequestsLibrary">
<msg time="2024-05-20T10:16:05.261283" level="INFO">GET Request : url=https://randomuser.me/api 
 path_url=/api 
 headers={'User-Agent': 'python-requests/2.31.0', 'Accept-Encoding': 'gzip, deflate', 'Accept': '*/*', 'Connection': 'keep-alive'} 
 body=None 
 </msg>
<msg time="2024-05-20T10:16:05.261412" level="INFO">GET Response : url=https://randomuser.me/api 
 status=200, reason=OK 
 headers={'Date': 'Mon, 20 May 2024 10:16:05 GMT', 'Content-Type': 'application/json; charset=utf-8', 'Transfer-Encoding': 'chunked', 'Connection': 'keep-alive', 'X-Powered-By': 'Express', 'Access-Control-Allow-Origin': '*', 'Cache-Control': 'no-cache', 'ETag': 'W/"46f-ItPhCrajBymr2IwmmngH34eeZ6o"', 'Vary': 'Accept-Encoding', 'Content-Encoding': 'gzip', 'CF-Cache-Status': 'DYNAMIC', 'Report-To': '{"endpoints":[{"url":"https:\\/\\/a.nel.cloudflare.com\\/report\\/v4?s=2YXbHPpfF17I9IITO11ZhczfGakLrG87OZJzme8wlyKIQGDTMuJgdKuwoUbYS6wRg158DjwZCxuVwz0%2Fo%2B8O62lSzr8OAlIHmUIuDpBgmmuTcEe%2FTK6CSIUoQe8UpV78"}],"group":"cf-nel","max_age":604800}', 'NEL': '{"success_fraction":0,"report_to":"cf-nel","max_age":604800}', 'Server': 'cloudflare', 'CF-RAY': '886b91b84d569e5f-SJC', 'alt-svc': 'h3=":443"; ma=86400'} 
 body={"results":[{"gender":"male","name":{"title":"Mr","first":"Ustim","last":"Zagrebelniy"},"location":{"street":{"number":9452,"name":"Knyazivska"},"city":"Vorozhba","state":"Lvivska","country":"Ukraine","postcode":24106,"coordinates":{"latitude":"74.8390","longitude":"-85.5881"},"timezone":{"offset":"-2:00","description":"Mid-Atlantic"}},"email":"ustim.zagrebelniy@example.com","login":{"uuid":"e56f3382-df5c-4eb9-b159-e8e8d4fd655d","username":"greenlion896","password":"arthur","salt":"18wY3QJ7","md5":"81d26a8860c669ac1f30858fd4ab48aa","sha1":"190f4e4d539fc268fde2ced4cbfb45b52ed15629","sha256":"3969b8de08f19130c9f399c4197565f8c3bb405a91ed0061e7325e30eaf382b6"},"dob":{"date":"1973-10-14T06:08:10.638Z","age":50},"registered":{"date":"2019-12-10T02:43:18.011Z","age":4},"phone":"(098) H98-3338","cell":"(097) U17-1482","id":{"name":"","value":null},"picture":{"large":"https://randomuser.me/api/portraits/men/50.jpg","medium":"https://randomuser.me/api/portraits/med/men/50.jpg","thumbnail":"https://randomuser.me/api/portraits/thumb/men/50.jpg"},"nat":"UA"}],"info":{"seed":"cd3776f0ac8abf4d","results":1,"page":1,"version":"1.4"}} 
 </msg>
<msg time="2024-05-20T10:16:05.261487" level="INFO">/opt/hostedtoolcache/Python/3.12.3/x64/lib/python3.12/site-packages/urllib3/connectionpool.py:1103: InsecureRequestWarning: Unverified HTTPS request is being made to host 'randomuser.me'. Adding certificate verification is strongly advised. See: https://urllib3.readthedocs.io/en/latest/advanced-usage.html#tls-warnings
  warnings.warn(</msg>
<msg time="2024-05-20T10:16:05.261629" level="INFO">${response} = &lt;Response [200]&gt;</msg>
<var>${response}</var>
<arg>consultarAPI</arg>
<arg>/api</arg>
<doc>Sends a GET request on a previously created HTTP Session.</doc>
<status status="PASS" start="2024-05-20T10:16:05.141359" elapsed="0.120312"/>
</kw>
<kw name="Should Be Equal As Numbers" owner="BuiltIn">
<msg time="2024-05-20T10:16:05.262701" level="INFO">Argument types are:
&lt;class 'int'&gt;
&lt;class 'str'&gt;</msg>
<arg>${response.status_code}</arg>
<arg>200</arg>
<doc>Fails if objects are unequal after converting them to real numbers.</doc>
<status status="PASS" start="2024-05-20T10:16:05.262248" elapsed="0.000548"/>
</kw>
<kw name="Log" owner="BuiltIn">
<msg time="2024-05-20T10:16:05.263513" level="INFO">200</msg>
<arg>${response.status_code}</arg>
<doc>Logs the given message with the given level.</doc>
<status status="PASS" start="2024-05-20T10:16:05.263153" elapsed="0.000404"/>
</kw>
<kw name="Set Variable" owner="BuiltIn">
<msg time="2024-05-20T10:16:05.264309" level="INFO">${json_data} = {'results': [{'gender': 'male', 'name': {'title': 'Mr', 'first': 'Ustim', 'last': 'Zagrebelniy'}, 'location': {'street': {'number': 9452, 'name': 'Knyazivska'}, 'city': 'Vorozhba', 'state': 'Lvivska',...</msg>
<var>${json_data}</var>
<arg>${response.json()}</arg>
<doc>Returns the given values which can then be assigned to a variables.</doc>
<status status="PASS" start="2024-05-20T10:16:05.263867" elapsed="0.000471"/>
</kw>
<kw name="Dictionary Should Contain Key" owner="Collections">
<msg time="2024-05-20T10:16:05.264821" level="INFO">False</msg>
<arg>${json_data}</arg>
<arg>results</arg>
<doc>Fails if ``key`` is not found from ``dictionary``.</doc>
<status status="PASS" start="2024-05-20T10:16:05.264653" elapsed="0.000208"/>
</kw>
<status status="PASS" start="2024-05-20T10:16:05.141119" elapsed="0.124007"/>
</kw>
<doc>Testa se a API responde corretamente e retorna um objeto JSON válido.</doc>
<tag>testeRequisicaoBasica</tag>
<status status="PASS" start="2024-05-20T10:16:05.140605" elapsed="0.124704"/>
</test>
<test id="s1-s1-t3" name="Validar estrutura de resposta" line="22">
<kw name="Teste de Estrutura de Resposta" owner="random-user-service">
<kw name="GET On Session" owner="RequestsLibrary">
<msg time="2024-05-20T10:16:05.376794" level="INFO">GET Request : url=https://randomuser.me/api 
 path_url=/api 
 headers={'User-Agent': 'python-requests/2.31.0', 'Accept-Encoding': 'gzip, deflate', 'Accept': '*/*', 'Connection': 'keep-alive'} 
 body=None 
 </msg>
<msg time="2024-05-20T10:16:05.376883" level="INFO">GET Response : url=https://randomuser.me/api 
 status=200, reason=OK 
 headers={'Date': 'Mon, 20 May 2024 10:16:05 GMT', 'Content-Type': 'application/json; charset=utf-8', 'Transfer-Encoding': 'chunked', 'Connection': 'keep-alive', 'X-Powered-By': 'Express', 'Access-Control-Allow-Origin': '*', 'Cache-Control': 'no-cache', 'ETag': 'W/"4af-4I7DOrLspkQWsnIf76/QVJfSt7U"', 'Vary': 'Accept-Encoding', 'Content-Encoding': 'gzip', 'CF-Cache-Status': 'DYNAMIC', 'Report-To': '{"endpoints":[{"url":"https:\\/\\/a.nel.cloudflare.com\\/report\\/v4?s=ZFyROdpufY6k%2BYt8r7mv1fHOGRNPvEmKXADvLcTh5QbYfAgBquu90tHLgj1f8957inllOE9K96uvvEDGnWV6tc8W8uvQsm2If4G05d65om5WTh3bvM5sXLMD0Or83FY7"}],"group":"cf-nel","max_age":604800}', 'NEL': '{"success_fraction":0,"report_to":"cf-nel","max_age":604800}', 'Server': 'cloudflare', 'CF-RAY': '886b91b8fda19e5f-SJC', 'alt-svc': 'h3=":443"; ma=86400'} 
 body={"results":[{"gender":"female","name":{"title":"Ms","first":"Mónica","last":"Arce"},"location":{"street":{"number":368,"name":"Continuación Norte Arce"},"city":"Tepusco","state":"Baja California Sur","country":"Mexico","postcode":77190,"coordinates":{"latitude":"22.1515","longitude":"128.8360"},"timezone":{"offset":"-5:00","description":"Eastern Time (US &amp; Canada), Bogota, Lima"}},"email":"monica.arce@example.com","login":{"uuid":"b0c307e1-bc11-4449-b36f-c06b0da1327f","username":"whiterabbit139","password":"gorilla","salt":"XegsqLpo","md5":"b1210e784e042d0f77ce22a2008b6a90","sha1":"574076649718e9d9071d6a5ba5a9c2e8370f7f89","sha256":"b4acf62cd18df955eaeb704f7431d0e2cb60bc0aa9a5c0ca9e7d718f93964056"},"dob":{"date":"1968-12-16T03:11:17.221Z","age":55},"registered":{"date":"2016-07-22T09:10:20.350Z","age":7},"phone":"(686) 111 4962","cell":"(688) 014 8188","id":{"name":"NSS","value":"53 43 84 8357 9"},"picture":{"large":"https://randomuser.me/api/portraits/women/2.jpg","medium":"https://randomuser.me/api/portraits/med/women/2.jpg","thumbnail":"https://randomuser.me/api/portraits/thumb/women/2.jpg"},"nat":"MX"}],"info":{"seed":"3281815e45ccfb94","results":1,"page":1,"version":"1.4"}} 
 </msg>
<msg time="2024-05-20T10:16:05.377006" level="INFO">/opt/hostedtoolcache/Python/3.12.3/x64/lib/python3.12/site-packages/urllib3/connectionpool.py:1103: InsecureRequestWarning: Unverified HTTPS request is being made to host 'randomuser.me'. Adding certificate verification is strongly advised. See: https://urllib3.readthedocs.io/en/latest/advanced-usage.html#tls-warnings
  warnings.warn(</msg>
<msg time="2024-05-20T10:16:05.377126" level="INFO">${response} = &lt;Response [200]&gt;</msg>
<var>${response}</var>
<arg>consultarAPI</arg>
<arg>/api</arg>
<doc>Sends a GET request on a previously created HTTP Session.</doc>
<status status="PASS" start="2024-05-20T10:16:05.268097" elapsed="0.109070"/>
</kw>
<kw name="Set Variable" owner="BuiltIn">
<msg time="2024-05-20T10:16:05.378359" level="INFO">${json_data} = {'results': [{'gender': 'female', 'name': {'title': 'Ms', 'first': 'Mónica', 'last': 'Arce'}, 'location': {'street': {'number': 368, 'name': 'Continuación Norte Arce'}, 'city': 'Tepusco', 'state': 'Ba...</msg>
<var>${json_data}</var>
<arg>${response.json()}</arg>
<doc>Returns the given values which can then be assigned to a variables.</doc>
<status status="PASS" start="2024-05-20T10:16:05.377755" elapsed="0.000634"/>
</kw>
<kw name="Log" owner="BuiltIn">
<msg time="2024-05-20T10:16:05.378924" level="INFO">{'results': [{'gender': 'female', 'name': {'title': 'Ms', 'first': 'Mónica', 'last': 'Arce'}, 'location': {'street': {'number': 368, 'name': 'Continuación Norte Arce'}, 'city': 'Tepusco', 'state': 'Baja California Sur', 'country': 'Mexico', 'postcode': 77190, 'coordinates': {'latitude': '22.1515', 'longitude': '128.8360'}, 'timezone': {'offset': '-5:00', 'description': 'Eastern Time (US &amp; Canada), Bogota, Lima'}}, 'email': 'monica.arce@example.com', 'login': {'uuid': 'b0c307e1-bc11-4449-b36f-c06b0da1327f', 'username': 'whiterabbit139', 'password': 'gorilla', 'salt': 'XegsqLpo', 'md5': 'b1210e784e042d0f77ce22a2008b6a90', 'sha1': '574076649718e9d9071d6a5ba5a9c2e8370f7f89', 'sha256': 'b4acf62cd18df955eaeb704f7431d0e2cb60bc0aa9a5c0ca9e7d718f93964056'}, 'dob': {'date': '1968-12-16T03:11:17.221Z', 'age': 55}, 'registered': {'date': '2016-07-22T09:10:20.350Z', 'age': 7}, 'phone': '(686) 111 4962', 'cell': '(688) 014 8188', 'id': {'name': 'NSS', 'value': '53 43 84 8357 9'}, 'picture': {'large': 'https://randomuser.me/api/portraits/women/2.jpg', 'medium': 'https://randomuser.me/api/portraits/med/women/2.jpg', 'thumbnail': 'https://randomuser.me/api/portraits/thumb/women/2.jpg'}, 'nat': 'MX'}], 'info': {'seed': '3281815e45ccfb94', 'results': 1, 'page': 1, 'version': '1.4'}}</msg>
<arg>${json_data}</arg>
<doc>Logs the given message with the given level.</doc>
<status status="PASS" start="2024-05-20T10:16:05.378705" elapsed="0.000274"/>
</kw>
<kw name="Dictionary Should Contain Key" owner="Collections">
<msg time="2024-05-20T10:16:05.379448" level="INFO">False</msg>
<arg>${json_data}</arg>
<arg>results</arg>
<doc>Fails if ``key`` is not found from ``dictionary``.</doc>
<status status="PASS" start="2024-05-20T10:16:05.379291" elapsed="0.000195"/>
</kw>
<kw name="Should Not Be Empty" owner="BuiltIn">
<msg time="2024-05-20T10:16:05.379923" level="INFO">Length is 2.</msg>
<arg>${json_data}</arg>
<doc>Verifies that the given item is not empty.</doc>
<status status="PASS" start="2024-05-20T10:16:05.379783" elapsed="0.000180"/>
</kw>
<kw name="Create List" owner="BuiltIn">
<msg time="2024-05-20T10:16:05.380574" level="INFO">${expected_keys} = ['gender', 'name', 'location', 'email', 'login']</msg>
<var>${expected_keys}</var>
<arg>gender</arg>
<arg>name</arg>
<arg>location</arg>
<arg>email</arg>
<arg>login</arg>
<doc>Returns a list containing given items.</doc>
<status status="PASS" start="2024-05-20T10:16:05.380264" elapsed="0.000334"/>
</kw>
<for flavor="IN">
<iter>
<kw name="Dictionary Should Contain Key" owner="Collections">
<msg time="2024-05-20T10:16:05.381588" level="INFO">False</msg>
<arg>${json_data['results'][0]}</arg>
<arg>${key}</arg>
<doc>Fails if ``key`` is not found from ``dictionary``.</doc>
<status status="PASS" start="2024-05-20T10:16:05.381195" elapsed="0.000432"/>
</kw>
<kw name="Log" owner="BuiltIn">
<msg time="2024-05-20T10:16:05.382309" level="INFO">{'gender': 'female', 'name': {'title': 'Ms', 'first': 'Mónica', 'last': 'Arce'}, 'location': {'street': {'number': 368, 'name': 'Continuación Norte Arce'}, 'city': 'Tepusco', 'state': 'Baja California Sur', 'country': 'Mexico', 'postcode': 77190, 'coordinates': {'latitude': '22.1515', 'longitude': '128.8360'}, 'timezone': {'offset': '-5:00', 'description': 'Eastern Time (US &amp; Canada), Bogota, Lima'}}, 'email': 'monica.arce@example.com', 'login': {'uuid': 'b0c307e1-bc11-4449-b36f-c06b0da1327f', 'username': 'whiterabbit139', 'password': 'gorilla', 'salt': 'XegsqLpo', 'md5': 'b1210e784e042d0f77ce22a2008b6a90', 'sha1': '574076649718e9d9071d6a5ba5a9c2e8370f7f89', 'sha256': 'b4acf62cd18df955eaeb704f7431d0e2cb60bc0aa9a5c0ca9e7d718f93964056'}, 'dob': {'date': '1968-12-16T03:11:17.221Z', 'age': 55}, 'registered': {'date': '2016-07-22T09:10:20.350Z', 'age': 7}, 'phone': '(686) 111 4962', 'cell': '(688) 014 8188', 'id': {'name': 'NSS', 'value': '53 43 84 8357 9'}, 'picture': {'large': 'https://randomuser.me/api/portraits/women/2.jpg', 'medium': 'https://randomuser.me/api/portraits/med/women/2.jpg', 'thumbnail': 'https://randomuser.me/api/portraits/thumb/women/2.jpg'}, 'nat': 'MX'}</msg>
<arg>${json_data['results'][0]}</arg>
<doc>Logs the given message with the given level.</doc>
<status status="PASS" start="2024-05-20T10:16:05.381934" elapsed="0.000429"/>
</kw>
<kw name="Log" owner="BuiltIn">
<msg time="2024-05-20T10:16:05.382827" level="INFO">gender</msg>
<arg>${key}</arg>
<doc>Logs the given message with the given level.</doc>
<status status="PASS" start="2024-05-20T10:16:05.382667" elapsed="0.000200"/>
</kw>
<var name="${key}">gender</var>
<status status="PASS" start="2024-05-20T10:16:05.381066" elapsed="0.002024"/>
</iter>
<iter>
<kw name="Dictionary Should Contain Key" owner="Collections">
<msg time="2024-05-20T10:16:05.383778" level="INFO">False</msg>
<arg>${json_data['results'][0]}</arg>
<arg>${key}</arg>
<doc>Fails if ``key`` is not found from ``dictionary``.</doc>
<status status="PASS" start="2024-05-20T10:16:05.383398" elapsed="0.000451"/>
</kw>
<kw name="Log" owner="BuiltIn">
<msg time="2024-05-20T10:16:05.384515" level="INFO">{'gender': 'female', 'name': {'title': 'Ms', 'first': 'Mónica', 'last': 'Arce'}, 'location': {'street': {'number': 368, 'name': 'Continuación Norte Arce'}, 'city': 'Tepusco', 'state': 'Baja California Sur', 'country': 'Mexico', 'postcode': 77190, 'coordinates': {'latitude': '22.1515', 'longitude': '128.8360'}, 'timezone': {'offset': '-5:00', 'description': 'Eastern Time (US &amp; Canada), Bogota, Lima'}}, 'email': 'monica.arce@example.com', 'login': {'uuid': 'b0c307e1-bc11-4449-b36f-c06b0da1327f', 'username': 'whiterabbit139', 'password': 'gorilla', 'salt': 'XegsqLpo', 'md5': 'b1210e784e042d0f77ce22a2008b6a90', 'sha1': '574076649718e9d9071d6a5ba5a9c2e8370f7f89', 'sha256': 'b4acf62cd18df955eaeb704f7431d0e2cb60bc0aa9a5c0ca9e7d718f93964056'}, 'dob': {'date': '1968-12-16T03:11:17.221Z', 'age': 55}, 'registered': {'date': '2016-07-22T09:10:20.350Z', 'age': 7}, 'phone': '(686) 111 4962', 'cell': '(688) 014 8188', 'id': {'name': 'NSS', 'value': '53 43 84 8357 9'}, 'picture': {'large': 'https://randomuser.me/api/portraits/women/2.jpg', 'medium': 'https://randomuser.me/api/portraits/med/women/2.jpg', 'thumbnail': 'https://randomuser.me/api/portraits/thumb/women/2.jpg'}, 'nat': 'MX'}</msg>
<arg>${json_data['results'][0]}</arg>
<doc>Logs the given message with the given level.</doc>
<status status="PASS" start="2024-05-20T10:16:05.384154" elapsed="0.000414"/>
</kw>
<kw name="Log" owner="BuiltIn">
<msg time="2024-05-20T10:16:05.384994" level="INFO">name</msg>
<arg>${key}</arg>
<doc>Logs the given message with the given level.</doc>
<status status="PASS" start="2024-05-20T10:16:05.384867" elapsed="0.000165"/>
</kw>
<var name="${key}">name</var>
<status status="PASS" start="2024-05-20T10:16:05.383280" elapsed="0.001968"/>
</iter>
<iter>
<kw name="Dictionary Should Contain Key" owner="Collections">
<msg time="2024-05-20T10:16:05.385918" level="INFO">False</msg>
<arg>${json_data['results'][0]}</arg>
<arg>${key}</arg>
<doc>Fails if ``key`` is not found from ``dictionary``.</doc>
<status status="PASS" start="2024-05-20T10:16:05.385539" elapsed="0.000417"/>
</kw>
<kw name="Log" owner="BuiltIn">
<msg time="2024-05-20T10:16:05.386625" level="INFO">{'gender': 'female', 'name': {'title': 'Ms', 'first': 'Mónica', 'last': 'Arce'}, 'location': {'street': {'number': 368, 'name': 'Continuación Norte Arce'}, 'city': 'Tepusco', 'state': 'Baja California Sur', 'country': 'Mexico', 'postcode': 77190, 'coordinates': {'latitude': '22.1515', 'longitude': '128.8360'}, 'timezone': {'offset': '-5:00', 'description': 'Eastern Time (US &amp; Canada), Bogota, Lima'}}, 'email': 'monica.arce@example.com', 'login': {'uuid': 'b0c307e1-bc11-4449-b36f-c06b0da1327f', 'username': 'whiterabbit139', 'password': 'gorilla', 'salt': 'XegsqLpo', 'md5': 'b1210e784e042d0f77ce22a2008b6a90', 'sha1': '574076649718e9d9071d6a5ba5a9c2e8370f7f89', 'sha256': 'b4acf62cd18df955eaeb704f7431d0e2cb60bc0aa9a5c0ca9e7d718f93964056'}, 'dob': {'date': '1968-12-16T03:11:17.221Z', 'age': 55}, 'registered': {'date': '2016-07-22T09:10:20.350Z', 'age': 7}, 'phone': '(686) 111 4962', 'cell': '(688) 014 8188', 'id': {'name': 'NSS', 'value': '53 43 84 8357 9'}, 'picture': {'large': 'https://randomuser.me/api/portraits/women/2.jpg', 'medium': 'https://randomuser.me/api/portraits/med/women/2.jpg', 'thumbnail': 'https://randomuser.me/api/portraits/thumb/women/2.jpg'}, 'nat': 'MX'}</msg>
<arg>${json_data['results'][0]}</arg>
<doc>Logs the given message with the given level.</doc>
<status status="PASS" start="2024-05-20T10:16:05.386256" elapsed="0.000422"/>
</kw>
<kw name="Log" owner="BuiltIn">
<msg time="2024-05-20T10:16:05.387148" level="INFO">location</msg>
<arg>${key}</arg>
<doc>Logs the given message with the given level.</doc>
<status status="PASS" start="2024-05-20T10:16:05.387021" elapsed="0.000164"/>
</kw>
<var name="${key}">location</var>
<status status="PASS" start="2024-05-20T10:16:05.385427" elapsed="0.001972"/>
</iter>
<iter>
<kw name="Dictionary Should Contain Key" owner="Collections">
<msg time="2024-05-20T10:16:05.388068" level="INFO">False</msg>
<arg>${json_data['results'][0]}</arg>
<arg>${key}</arg>
<doc>Fails if ``key`` is not found from ``dictionary``.</doc>
<status status="PASS" start="2024-05-20T10:16:05.387684" elapsed="0.000421"/>
</kw>
<kw name="Log" owner="BuiltIn">
<msg time="2024-05-20T10:16:05.388762" level="INFO">{'gender': 'female', 'name': {'title': 'Ms', 'first': 'Mónica', 'last': 'Arce'}, 'location': {'street': {'number': 368, 'name': 'Continuación Norte Arce'}, 'city': 'Tepusco', 'state': 'Baja California Sur', 'country': 'Mexico', 'postcode': 77190, 'coordinates': {'latitude': '22.1515', 'longitude': '128.8360'}, 'timezone': {'offset': '-5:00', 'description': 'Eastern Time (US &amp; Canada), Bogota, Lima'}}, 'email': 'monica.arce@example.com', 'login': {'uuid': 'b0c307e1-bc11-4449-b36f-c06b0da1327f', 'username': 'whiterabbit139', 'password': 'gorilla', 'salt': 'XegsqLpo', 'md5': 'b1210e784e042d0f77ce22a2008b6a90', 'sha1': '574076649718e9d9071d6a5ba5a9c2e8370f7f89', 'sha256': 'b4acf62cd18df955eaeb704f7431d0e2cb60bc0aa9a5c0ca9e7d718f93964056'}, 'dob': {'date': '1968-12-16T03:11:17.221Z', 'age': 55}, 'registered': {'date': '2016-07-22T09:10:20.350Z', 'age': 7}, 'phone': '(686) 111 4962', 'cell': '(688) 014 8188', 'id': {'name': 'NSS', 'value': '53 43 84 8357 9'}, 'picture': {'large': 'https://randomuser.me/api/portraits/women/2.jpg', 'medium': 'https://randomuser.me/api/portraits/med/women/2.jpg', 'thumbnail': 'https://randomuser.me/api/portraits/thumb/women/2.jpg'}, 'nat': 'MX'}</msg>
<arg>${json_data['results'][0]}</arg>
<doc>Logs the given message with the given level.</doc>
<status status="PASS" start="2024-05-20T10:16:05.388405" elapsed="0.000410"/>
</kw>
<kw name="Log" owner="BuiltIn">
<msg time="2024-05-20T10:16:05.389238" level="INFO">email</msg>
<arg>${key}</arg>
<doc>Logs the given message with the given level.</doc>
<status status="PASS" start="2024-05-20T10:16:05.389111" elapsed="0.000164"/>
</kw>
<var name="${key}">email</var>
<status status="PASS" start="2024-05-20T10:16:05.387572" elapsed="0.001924"/>
</iter>
<iter>
<kw name="Dictionary Should Contain Key" owner="Collections">
<msg time="2024-05-20T10:16:05.390164" level="INFO">False</msg>
<arg>${json_data['results'][0]}</arg>
<arg>${key}</arg>
<doc>Fails if ``key`` is not found from ``dictionary``.</doc>
<status status="PASS" start="2024-05-20T10:16:05.389779" elapsed="0.000423"/>
</kw>
<kw name="Log" owner="BuiltIn">
<msg time="2024-05-20T10:16:05.390900" level="INFO">{'gender': 'female', 'name': {'title': 'Ms', 'first': 'Mónica', 'last': 'Arce'}, 'location': {'street': {'number': 368, 'name': 'Continuación Norte Arce'}, 'city': 'Tepusco', 'state': 'Baja California Sur', 'country': 'Mexico', 'postcode': 77190, 'coordinates': {'latitude': '22.1515', 'longitude': '128.8360'}, 'timezone': {'offset': '-5:00', 'description': 'Eastern Time (US &amp; Canada), Bogota, Lima'}}, 'email': 'monica.arce@example.com', 'login': {'uuid': 'b0c307e1-bc11-4449-b36f-c06b0da1327f', 'username': 'whiterabbit139', 'password': 'gorilla', 'salt': 'XegsqLpo', 'md5': 'b1210e784e042d0f77ce22a2008b6a90', 'sha1': '574076649718e9d9071d6a5ba5a9c2e8370f7f89', 'sha256': 'b4acf62cd18df955eaeb704f7431d0e2cb60bc0aa9a5c0ca9e7d718f93964056'}, 'dob': {'date': '1968-12-16T03:11:17.221Z', 'age': 55}, 'registered': {'date': '2016-07-22T09:10:20.350Z', 'age': 7}, 'phone': '(686) 111 4962', 'cell': '(688) 014 8188', 'id': {'name': 'NSS', 'value': '53 43 84 8357 9'}, 'picture': {'large': 'https://randomuser.me/api/portraits/women/2.jpg', 'medium': 'https://randomuser.me/api/portraits/med/women/2.jpg', 'thumbnail': 'https://randomuser.me/api/portraits/thumb/women/2.jpg'}, 'nat': 'MX'}</msg>
<arg>${json_data['results'][0]}</arg>
<doc>Logs the given message with the given level.</doc>
<status status="PASS" start="2024-05-20T10:16:05.390503" elapsed="0.000450"/>
</kw>
<kw name="Log" owner="BuiltIn">
<msg time="2024-05-20T10:16:05.391413" level="INFO">login</msg>
<arg>${key}</arg>
<doc>Logs the given message with the given level.</doc>
<status status="PASS" start="2024-05-20T10:16:05.391283" elapsed="0.000168"/>
</kw>
<var name="${key}">login</var>
<status status="PASS" start="2024-05-20T10:16:05.389668" elapsed="0.001999"/>
</iter>
<var>${key}</var>
<value>@{expected_keys}</value>
<status status="PASS" start="2024-05-20T10:16:05.380869" elapsed="0.010923"/>
</for>
<kw name="Create List" owner="BuiltIn">
<msg time="2024-05-20T10:16:05.392133" level="INFO">${expected_keysTwo} = ['username', 'password']</msg>
<var>${expected_keysTwo}</var>
<arg>username</arg>
<arg>password</arg>
<doc>Returns a list containing given items.</doc>
<status status="PASS" start="2024-05-20T10:16:05.391994" elapsed="0.000163"/>
</kw>
<for flavor="IN">
<iter>
<kw name="Dictionary Should Contain Key" owner="Collections">
<msg time="2024-05-20T10:16:05.393047" level="INFO">False</msg>
<arg>${json_data['results'][0]['login']}</arg>
<arg>${keyTwo}</arg>
<doc>Fails if ``key`` is not found from ``dictionary``.</doc>
<status status="PASS" start="2024-05-20T10:16:05.392657" elapsed="0.000428"/>
</kw>
<kw name="Dictionary Should Contain Key" owner="Collections">
<msg time="2024-05-20T10:16:05.393757" level="INFO">False</msg>
<arg>${json_data['results'][0]['login']}</arg>
<arg>${keyTwo}</arg>
<doc>Fails if ``key`` is not found from ``dictionary``.</doc>
<status status="PASS" start="2024-05-20T10:16:05.393381" elapsed="0.000414"/>
</kw>
<kw name="Log" owner="BuiltIn">
<msg time="2024-05-20T10:16:05.394216" level="INFO">username</msg>
<arg>${keyTwo}</arg>
<doc>Logs the given message with the given level.</doc>
<status status="PASS" start="2024-05-20T10:16:05.394091" elapsed="0.000167"/>
</kw>
<var name="${keyTwo}">username</var>
<status status="PASS" start="2024-05-20T10:16:05.392547" elapsed="0.001927"/>
</iter>
<iter>
<kw name="Dictionary Should Contain Key" owner="Collections">
<msg time="2024-05-20T10:16:05.395172" level="INFO">False</msg>
<arg>${json_data['results'][0]['login']}</arg>
<arg>${keyTwo}</arg>
<doc>Fails if ``key`` is not found from ``dictionary``.</doc>
<status status="PASS" start="2024-05-20T10:16:05.394781" elapsed="0.000428"/>
</kw>
<kw name="Dictionary Should Contain Key" owner="Collections">
<msg time="2024-05-20T10:16:05.395971" level="INFO">False</msg>
<arg>${json_data['results'][0]['login']}</arg>
<arg>${keyTwo}</arg>
<doc>Fails if ``key`` is not found from ``dictionary``.</doc>
<status status="PASS" start="2024-05-20T10:16:05.395505" elapsed="0.000506"/>
</kw>
<kw name="Log" owner="BuiltIn">
<msg time="2024-05-20T10:16:05.396436" level="INFO">password</msg>
<arg>${keyTwo}</arg>
<doc>Logs the given message with the given level.</doc>
<status status="PASS" start="2024-05-20T10:16:05.396308" elapsed="0.000164"/>
</kw>
<var name="${keyTwo}">password</var>
<status status="PASS" start="2024-05-20T10:16:05.394644" elapsed="0.002044"/>
</iter>
<var>${keyTwo}</var>
<value>@{expected_keysTwo}</value>
<status status="PASS" start="2024-05-20T10:16:05.392393" elapsed="0.004418"/>
</for>
<status status="PASS" start="2024-05-20T10:16:05.267857" elapsed="0.129095"/>
</kw>
<doc>Testa a estrutura da resposta da API.</doc>
<tag>testeEstruturaResposta</tag>
<status status="PASS" start="2024-05-20T10:16:05.267213" elapsed="0.129895"/>
</test>
<test id="s1-s1-t4" name="Validar tipos de dados" line="28">
<kw name="Teste de Tipos de Dados" owner="random-user-service">
<kw name="GET On Session" owner="RequestsLibrary">
<msg time="2024-05-20T10:16:05.683611" level="INFO">GET Request : url=https://randomuser.me/api 
 path_url=/api 
 headers={'User-Agent': 'python-requests/2.31.0', 'Accept-Encoding': 'gzip, deflate', 'Accept': '*/*', 'Connection': 'keep-alive'} 
 body=None 
 </msg>
<msg time="2024-05-20T10:16:05.683690" level="INFO">GET Response : url=https://randomuser.me/api 
 status=200, reason=OK 
 headers={'Date': 'Mon, 20 May 2024 10:16:05 GMT', 'Content-Type': 'application/json; charset=utf-8', 'Transfer-Encoding': 'chunked', 'Connection': 'keep-alive', 'X-Powered-By': 'Express', 'Access-Control-Allow-Origin': '*', 'Cache-Control': 'no-cache', 'ETag': 'W/"49e-C1vJS4Y9Hz1uxniOZ1T3C/M1w/4"', 'Vary': 'Accept-Encoding', 'Content-Encoding': 'gzip', 'CF-Cache-Status': 'DYNAMIC', 'Report-To': '{"endpoints":[{"url":"https:\\/\\/a.nel.cloudflare.com\\/report\\/v4?s=vHfnstmb2T7AE9Icw37vlGcC3DJqvquF7knaauKeb8TjRThVPppFxiaNBWw2BDouw69rumRvsusrgs5kJr%2FSrgLgZkD7h3uXm12pYJR4MvsWjXrsS3XIGIj4RAUmGpJX"}],"group":"cf-nel","max_age":604800}', 'NEL': '{"success_fraction":0,"report_to":"cf-nel","max_age":604800}', 'Server': 'cloudflare', 'CF-RAY': '886b91b9cded9e5f-SJC', 'alt-svc': 'h3=":443"; ma=86400'} 
 body={"results":[{"gender":"male","name":{"title":"Mr","first":"Dylan","last":"Knight"},"location":{"street":{"number":5066,"name":"York St"},"city":"Killarney","state":"Northwest Territories","country":"Canada","postcode":"T7B 6R8","coordinates":{"latitude":"-64.6707","longitude":"-79.3527"},"timezone":{"offset":"+8:00","description":"Beijing, Perth, Singapore, Hong Kong"}},"email":"dylan.knight@example.com","login":{"uuid":"47d8f767-241e-45fc-8507-5f43f6d72783","username":"beautifulladybug416","password":"earthlink","salt":"hth5t0UF","md5":"630c628ad81bc8213dd26c71c4343bbd","sha1":"a50b017efd85871c64dfae08867250e7d4c54d66","sha256":"5e6bdf1e29f857de23f7a18401eadbb97c08e6e450ab8b7e4103c15d1d0e487e"},"dob":{"date":"2000-03-30T00:18:48.636Z","age":24},"registered":{"date":"2008-02-04T13:10:27.343Z","age":16},"phone":"Y38 M14-5137","cell":"I31 E22-1767","id":{"name":"SIN","value":"543779714"},"picture":{"large":"https://randomuser.me/api/portraits/men/22.jpg","medium":"https://randomuser.me/api/portraits/med/men/22.jpg","thumbnail":"https://randomuser.me/api/portraits/thumb/men/22.jpg"},"nat":"CA"}],"info":{"seed":"e62f02fcfd3c2eec","results":1,"page":1,"version":"1.4"}} 
 </msg>
<msg time="2024-05-20T10:16:05.683749" level="INFO">/opt/hostedtoolcache/Python/3.12.3/x64/lib/python3.12/site-packages/urllib3/connectionpool.py:1103: InsecureRequestWarning: Unverified HTTPS request is being made to host 'randomuser.me'. Adding certificate verification is strongly advised. See: https://urllib3.readthedocs.io/en/latest/advanced-usage.html#tls-warnings
  warnings.warn(</msg>
<msg time="2024-05-20T10:16:05.683851" level="INFO">${response} = &lt;Response [200]&gt;</msg>
<var>${response}</var>
<arg>consultarAPI</arg>
<arg>/api</arg>
<doc>Sends a GET request on a previously created HTTP Session.</doc>
<status status="PASS" start="2024-05-20T10:16:05.399663" elapsed="0.284227"/>
</kw>
<kw name="Set Variable" owner="BuiltIn">
<msg time="2024-05-20T10:16:05.685006" level="INFO">${json_data} = {'results': [{'gender': 'male', 'name': {'title': 'Mr', 'first': 'Dylan', 'last': 'Knight'}, 'location': {'street': {'number': 5066, 'name': 'York St'}, 'city': 'Killarney', 'state': 'Northwest Territ...</msg>
<var>${json_data}</var>
<arg>${response.json()}</arg>
<doc>Returns the given values which can then be assigned to a variables.</doc>
<status status="PASS" start="2024-05-20T10:16:05.684444" elapsed="0.000591"/>
</kw>
<kw name="Log" owner="BuiltIn">
<msg time="2024-05-20T10:16:05.685494" level="INFO">{'results': [{'gender': 'male', 'name': {'title': 'Mr', 'first': 'Dylan', 'last': 'Knight'}, 'location': {'street': {'number': 5066, 'name': 'York St'}, 'city': 'Killarney', 'state': 'Northwest Territories', 'country': 'Canada', 'postcode': 'T7B 6R8', 'coordinates': {'latitude': '-64.6707', 'longitude': '-79.3527'}, 'timezone': {'offset': '+8:00', 'description': 'Beijing, Perth, Singapore, Hong Kong'}}, 'email': 'dylan.knight@example.com', 'login': {'uuid': '47d8f767-241e-45fc-8507-5f43f6d72783', 'username': 'beautifulladybug416', 'password': 'earthlink', 'salt': 'hth5t0UF', 'md5': '630c628ad81bc8213dd26c71c4343bbd', 'sha1': 'a50b017efd85871c64dfae08867250e7d4c54d66', 'sha256': '5e6bdf1e29f857de23f7a18401eadbb97c08e6e450ab8b7e4103c15d1d0e487e'}, 'dob': {'date': '2000-03-30T00:18:48.636Z', 'age': 24}, 'registered': {'date': '2008-02-04T13:10:27.343Z', 'age': 16}, 'phone': 'Y38 M14-5137', 'cell': 'I31 E22-1767', 'id': {'name': 'SIN', 'value': '543779714'}, 'picture': {'large': 'https://randomuser.me/api/portraits/men/22.jpg', 'medium': 'https://randomuser.me/api/portraits/med/men/22.jpg', 'thumbnail': 'https://randomuser.me/api/portraits/thumb/men/22.jpg'}, 'nat': 'CA'}], 'info': {'seed': 'e62f02fcfd3c2eec', 'results': 1, 'page': 1, 'version': '1.4'}}</msg>
<arg>${json_data}</arg>
<doc>Logs the given message with the given level.</doc>
<status status="PASS" start="2024-05-20T10:16:05.685341" elapsed="0.000236"/>
</kw>
<kw name="Should Be String" owner="String">
<arg>${json_data['results'][0]['gender']}</arg>
<doc>Fails if the given ``item`` is not a string.</doc>
<status status="PASS" start="2024-05-20T10:16:05.685874" elapsed="0.000358"/>
</kw>
<kw name="Should Match Regexp" owner="BuiltIn">
<arg>${json_data['results'][0]['email']}</arg>
<arg>^[a-zA-Z0-9._%+-]+@[a-zA-Z0-9.-]+\.[a-zA-Z]{2,}$</arg>
<doc>Fails if ``string`` does not match ``pattern`` as a regular expression.</doc>
<status status="PASS" start="2024-05-20T10:16:05.686422" elapsed="0.000546"/>
</kw>
<kw name="Should Match Regexp" owner="BuiltIn">
<arg>${json_data['results'][0]['dob']['date']}</arg>
<arg>\\d{4}-\\d{2}-\\d{2}T\\d{2}:\\d{2}:\\d{2}\\.\\d{3}Z</arg>
<doc>Fails if ``string`` does not match ``pattern`` as a regular expression.</doc>
<status status="PASS" start="2024-05-20T10:16:05.687163" elapsed="0.000486"/>
</kw>
<kw name="Should Match Regexp" owner="BuiltIn">
<arg>${json_data['results'][0]['registered']['date']}</arg>
<arg>\\d{4}-\\d{2}-\\d{2}T\\d{2}:\\d{2}:\\d{2}\\.\\d{3}Z</arg>
<doc>Fails if ``string`` does not match ``pattern`` as a regular expression.</doc>
<status status="PASS" start="2024-05-20T10:16:05.687836" elapsed="0.000357"/>
</kw>
<kw name="Should Match Regexp" owner="BuiltIn">
<arg>${json_data['results'][0]['picture']['large']}</arg>
<arg>^https?://.*\.(?:png|jpe?g|gif|bmp)$</arg>
<doc>Fails if ``string`` does not match ``pattern`` as a regular expression.</doc>
<status status="PASS" start="2024-05-20T10:16:05.688376" elapsed="0.000447"/>
</kw>
<kw name="Should Match Regexp" owner="BuiltIn">
<arg>${json_data['results'][0]['picture']['medium']}</arg>
<arg>^https?://.*\.(?:png|jpe?g|gif|bmp)$</arg>
<doc>Fails if ``string`` does not match ``pattern`` as a regular expression.</doc>
<status status="PASS" start="2024-05-20T10:16:05.689009" elapsed="0.000351"/>
</kw>
<kw name="Should Match Regexp" owner="BuiltIn">
<arg>${json_data['results'][0]['picture']['thumbnail']}</arg>
<arg>^https?://.*\.(?:png|jpe?g|gif|bmp)$</arg>
<doc>Fails if ``string`` does not match ``pattern`` as a regular expression.</doc>
<status status="PASS" start="2024-05-20T10:16:05.689549" elapsed="0.000352"/>
</kw>
<kw name="Log" owner="BuiltIn">
<msg time="2024-05-20T10:16:05.690401" level="INFO">{'large': 'https://randomuser.me/api/portraits/men/22.jpg', 'medium': 'https://randomuser.me/api/portraits/med/men/22.jpg', 'thumbnail': 'https://randomuser.me/api/portraits/thumb/men/22.jpg'}</msg>
<arg>${json_data['results'][0]['picture']}</arg>
<doc>Logs the given message with the given level.</doc>
<status status="PASS" start="2024-05-20T10:16:05.690079" elapsed="0.000371"/>
</kw>
<status status="PASS" start="2024-05-20T10:16:05.399435" elapsed="0.291291"/>
</kw>
<kw name="Teste de Tipos de Dados - Postcode" owner="random-user-service">
<kw name="GET On Session" owner="RequestsLibrary">
<msg time="2024-05-20T10:16:05.829631" level="INFO">GET Request : url=https://randomuser.me/api 
 path_url=/api 
 headers={'User-Agent': 'python-requests/2.31.0', 'Accept-Encoding': 'gzip, deflate', 'Accept': '*/*', 'Connection': 'keep-alive'} 
 body=None 
 </msg>
<msg time="2024-05-20T10:16:05.829694" level="INFO">GET Response : url=https://randomuser.me/api 
 status=200, reason=OK 
 headers={'Date': 'Mon, 20 May 2024 10:16:05 GMT', 'Content-Type': 'application/json; charset=utf-8', 'Transfer-Encoding': 'chunked', 'Connection': 'keep-alive', 'X-Powered-By': 'Express', 'Access-Control-Allow-Origin': '*', 'Cache-Control': 'no-cache', 'ETag': 'W/"492-Ojwz5DerDV5BrldsfzSEJIa3SXo"', 'Vary': 'Accept-Encoding', 'Content-Encoding': 'gzip', 'CF-Cache-Status': 'DYNAMIC', 'Report-To': '{"endpoints":[{"url":"https:\\/\\/a.nel.cloudflare.com\\/report\\/v4?s=XU3jTlKpRySOKQoTqAEMlR8HL2JiErbCd%2FtZioqtIaiWhJfM%2FcTTapBmYge%2Fszf97nQpsKs8HoiRSubANIgybhv0bb6qklfSsicbWoZGKIekv1xkVGONp%2Fu%2BMG3K3hYZ"}],"group":"cf-nel","max_age":604800}', 'NEL': '{"success_fraction":0,"report_to":"cf-nel","max_age":604800}', 'Server': 'cloudflare', 'CF-RAY': '886b91bb9e989e5f-SJC', 'alt-svc': 'h3=":443"; ma=86400'} 
 body={"results":[{"gender":"male","name":{"title":"Mr","first":"Elias","last":"Leino"},"location":{"street":{"number":4018,"name":"Pyynikintie"},"city":"Joutsa","state":"Central Finland","country":"Finland","postcode":57142,"coordinates":{"latitude":"-26.4173","longitude":"-42.7121"},"timezone":{"offset":"+1:00","description":"Brussels, Copenhagen, Madrid, Paris"}},"email":"elias.leino@example.com","login":{"uuid":"4876a308-57e2-4d3a-8263-4b8ca70823ac","username":"heavyduck326","password":"brennan","salt":"uD4kZoNH","md5":"6abbb70f02b68398c8104111991bebd2","sha1":"43738dd90caa62c02722185aee19d696c254e7d1","sha256":"693cbd0dd6927ddf3d645cbe3225f6ad05aaf035d84e9cb08fe6ac38d11e9edf"},"dob":{"date":"1984-06-08T03:29:52.272Z","age":39},"registered":{"date":"2012-12-13T01:27:25.664Z","age":11},"phone":"07-405-126","cell":"047-598-20-32","id":{"name":"HETU","value":"NaNNA573undefined"},"picture":{"large":"https://randomuser.me/api/portraits/men/79.jpg","medium":"https://randomuser.me/api/portraits/med/men/79.jpg","thumbnail":"https://randomuser.me/api/portraits/thumb/men/79.jpg"},"nat":"FI"}],"info":{"seed":"0a61201f4e022406","results":1,"page":1,"version":"1.4"}} 
 </msg>
<msg time="2024-05-20T10:16:05.829751" level="INFO">/opt/hostedtoolcache/Python/3.12.3/x64/lib/python3.12/site-packages/urllib3/connectionpool.py:1103: InsecureRequestWarning: Unverified HTTPS request is being made to host 'randomuser.me'. Adding certificate verification is strongly advised. See: https://urllib3.readthedocs.io/en/latest/advanced-usage.html#tls-warnings
  warnings.warn(</msg>
<msg time="2024-05-20T10:16:05.829855" level="INFO">${response} = &lt;Response [200]&gt;</msg>
<var>${response}</var>
<arg>consultarAPI</arg>
<arg>/api</arg>
<doc>Sends a GET request on a previously created HTTP Session.</doc>
<status status="PASS" start="2024-05-20T10:16:05.691217" elapsed="0.138672"/>
</kw>
<kw name="Set Variable" owner="BuiltIn">
<msg time="2024-05-20T10:16:05.830990" level="INFO">${json_data} = {'results': [{'gender': 'male', 'name': {'title': 'Mr', 'first': 'Elias', 'last': 'Leino'}, 'location': {'street': {'number': 4018, 'name': 'Pyynikintie'}, 'city': 'Joutsa', 'state': 'Central Finland'...</msg>
<var>${json_data}</var>
<arg>${response.json()}</arg>
<doc>Returns the given values which can then be assigned to a variables.</doc>
<status status="PASS" start="2024-05-20T10:16:05.830356" elapsed="0.000673"/>
</kw>
<kw name="Log" owner="BuiltIn">
<msg time="2024-05-20T10:16:05.831480" level="INFO">{'results': [{'gender': 'male', 'name': {'title': 'Mr', 'first': 'Elias', 'last': 'Leino'}, 'location': {'street': {'number': 4018, 'name': 'Pyynikintie'}, 'city': 'Joutsa', 'state': 'Central Finland', 'country': 'Finland', 'postcode': 57142, 'coordinates': {'latitude': '-26.4173', 'longitude': '-42.7121'}, 'timezone': {'offset': '+1:00', 'description': 'Brussels, Copenhagen, Madrid, Paris'}}, 'email': 'elias.leino@example.com', 'login': {'uuid': '4876a308-57e2-4d3a-8263-4b8ca70823ac', 'username': 'heavyduck326', 'password': 'brennan', 'salt': 'uD4kZoNH', 'md5': '6abbb70f02b68398c8104111991bebd2', 'sha1': '43738dd90caa62c02722185aee19d696c254e7d1', 'sha256': '693cbd0dd6927ddf3d645cbe3225f6ad05aaf035d84e9cb08fe6ac38d11e9edf'}, 'dob': {'date': '1984-06-08T03:29:52.272Z', 'age': 39}, 'registered': {'date': '2012-12-13T01:27:25.664Z', 'age': 11}, 'phone': '07-405-126', 'cell': '047-598-20-32', 'id': {'name': 'HETU', 'value': 'NaNNA573undefined'}, 'picture': {'large': 'https://randomuser.me/api/portraits/men/79.jpg', 'medium': 'https://randomuser.me/api/portraits/med/men/79.jpg', 'thumbnail': 'https://randomuser.me/api/portraits/thumb/men/79.jpg'}, 'nat': 'FI'}], 'info': {'seed': '0a61201f4e022406', 'results': 1, 'page': 1, 'version': '1.4'}}</msg>
<arg>${json_data}</arg>
<doc>Logs the given message with the given level.</doc>
<status status="PASS" start="2024-05-20T10:16:05.831330" elapsed="0.000229"/>
</kw>
<kw name="Should Be Equal As Numbers" owner="BuiltIn">
<arg>${json_data['results'][0]['location']['postcode']}</arg>
<arg>${json_data['results'][0]['location']['postcode']}</arg>
<doc>Fails if objects are unequal after converting them to real numbers.</doc>
<status status="PASS" start="2024-05-20T10:16:05.831859" elapsed="0.000754"/>
</kw>
<kw name="Log" owner="BuiltIn">
<msg time="2024-05-20T10:16:05.833139" level="INFO">57142</msg>
<arg>${json_data['results'][0]['location']['postcode']}</arg>
<doc>Logs the given message with the given level.</doc>
<status status="PASS" start="2024-05-20T10:16:05.832809" elapsed="0.000370"/>
</kw>
<status status="PASS" start="2024-05-20T10:16:05.690992" elapsed="0.142436"/>
</kw>
<doc>Testa se os tipos de dados na resposta da API estão corretos.</doc>
<tag>testeTiposDados</tag>
<status status="PASS" start="2024-05-20T10:16:05.398880" elapsed="0.434712"/>
</test>
<test id="s1-s1-t5" name="Validar conteudo" line="35">
<kw name="Teste de Tipos de Conteudo" owner="random-user-service">
<kw name="GET On Session" owner="RequestsLibrary">
<msg time="2024-05-20T10:16:05.980228" level="INFO">GET Request : url=https://randomuser.me/api 
 path_url=/api 
 headers={'User-Agent': 'python-requests/2.31.0', 'Accept-Encoding': 'gzip, deflate', 'Accept': '*/*', 'Connection': 'keep-alive'} 
 body=None 
 </msg>
<msg time="2024-05-20T10:16:05.980330" level="INFO">GET Response : url=https://randomuser.me/api 
 status=200, reason=OK 
 headers={'Date': 'Mon, 20 May 2024 10:16:05 GMT', 'Content-Type': 'application/json; charset=utf-8', 'Transfer-Encoding': 'chunked', 'Connection': 'keep-alive', 'X-Powered-By': 'Express', 'Access-Control-Allow-Origin': '*', 'Cache-Control': 'no-cache', 'ETag': 'W/"498-99UvBZpkIklacUm1U9FNRemOtBo"', 'Vary': 'Accept-Encoding', 'Content-Encoding': 'gzip', 'CF-Cache-Status': 'DYNAMIC', 'Report-To': '{"endpoints":[{"url":"https:\\/\\/a.nel.cloudflare.com\\/report\\/v4?s=VunKzdbR3ixJ6%2FNfPiBuL2LznBfhKjpiKMbINET7Dc5URf%2BUZ6RN3V5eU34Gm7d%2FYsbtJL6Cv%2F3GdOhDsDcNvBxUy%2B%2BE4gwn9z063Q7dFCAe7E8ckCZ6mOXS64fSDgeb"}],"group":"cf-nel","max_age":604800}', 'NEL': '{"success_fraction":0,"report_to":"cf-nel","max_age":604800}', 'Server': 'cloudflare', 'CF-RAY': '886b91bc7ef09e5f-SJC', 'alt-svc': 'h3=":443"; ma=86400'} 
 body={"results":[{"gender":"male","name":{"title":"Mr","first":"Svein","last":"Bekkelund"},"location":{"street":{"number":1173,"name":"Jernbanetorget"},"city":"Lindås","state":"Finnmark - Finnmárku","country":"Norway","postcode":"3608","coordinates":{"latitude":"40.2008","longitude":"-89.7189"},"timezone":{"offset":"+10:00","description":"Eastern Australia, Guam, Vladivostok"}},"email":"svein.bekkelund@example.com","login":{"uuid":"d0f16746-e7b9-421f-816b-23b288d09abe","username":"happypanda222","password":"asdfghjkl","salt":"4DRLje9b","md5":"98829599cef4bb1f953d1f80e7f2b51f","sha1":"7ae04cc69d8f9ff4794d7b614bb091246951a373","sha256":"72a2a587539b629d75f96b573d03c163146530755090988d1a252050479e8022"},"dob":{"date":"1956-06-12T14:29:10.061Z","age":67},"registered":{"date":"2016-06-03T03:18:45.339Z","age":7},"phone":"65805669","cell":"40098583","id":{"name":"FN","value":"12065604572"},"picture":{"large":"https://randomuser.me/api/portraits/men/12.jpg","medium":"https://randomuser.me/api/portraits/med/men/12.jpg","thumbnail":"https://randomuser.me/api/portraits/thumb/men/12.jpg"},"nat":"NO"}],"info":{"seed":"cecce13637cb5d00","results":1,"page":1,"version":"1.4"}} 
 </msg>
<msg time="2024-05-20T10:16:05.980410" level="INFO">/opt/hostedtoolcache/Python/3.12.3/x64/lib/python3.12/site-packages/urllib3/connectionpool.py:1103: InsecureRequestWarning: Unverified HTTPS request is being made to host 'randomuser.me'. Adding certificate verification is strongly advised. See: https://urllib3.readthedocs.io/en/latest/advanced-usage.html#tls-warnings
  warnings.warn(</msg>
<msg time="2024-05-20T10:16:05.980548" level="INFO">${response} = &lt;Response [200]&gt;</msg>
<var>${response}</var>
<arg>consultarAPI</arg>
<arg>/api</arg>
<doc>Sends a GET request on a previously created HTTP Session.</doc>
<status status="PASS" start="2024-05-20T10:16:05.836414" elapsed="0.144185"/>
</kw>
<kw name="Set Variable" owner="BuiltIn">
<msg time="2024-05-20T10:16:05.981787" level="INFO">${json_data} = {'results': [{'gender': 'male', 'name': {'title': 'Mr', 'first': 'Svein', 'last': 'Bekkelund'}, 'location': {'street': {'number': 1173, 'name': 'Jernbanetorget'}, 'city': 'Lindås', 'state': 'Finnmark ...</msg>
<var>${json_data}</var>
<arg>${response.json()}</arg>
<doc>Returns the given values which can then be assigned to a variables.</doc>
<status status="PASS" start="2024-05-20T10:16:05.981214" elapsed="0.000602"/>
</kw>
<kw name="Set Variable" owner="BuiltIn">
<msg time="2024-05-20T10:16:05.982519" level="INFO">${name_title} = Mr</msg>
<var>${name_title}</var>
<arg>${json_data["results"][0]["name"]["title"]}</arg>
<doc>Returns the given values which can then be assigned to a variables.</doc>
<status status="PASS" start="2024-05-20T10:16:05.982124" elapsed="0.000420"/>
</kw>
<kw name="Create List" owner="BuiltIn">
<msg time="2024-05-20T10:16:05.983045" level="INFO">${allowed_titles} = ['Mr', 'Ms', 'Miss', 'Mrs', 'Madame', 'Monsieur']</msg>
<var>${allowed_titles}</var>
<arg>Mr</arg>
<arg>Ms</arg>
<arg>Miss</arg>
<arg>Mrs</arg>
<arg>Madame</arg>
<arg>Monsieur</arg>
<doc>Returns a list containing given items.</doc>
<status status="PASS" start="2024-05-20T10:16:05.982894" elapsed="0.000175"/>
</kw>
<kw name="List Should Contain Value" owner="Collections">
<msg time="2024-05-20T10:16:05.983552" level="INFO">False</msg>
<arg>${allowed_titles}</arg>
<arg>${name_title}</arg>
<doc>Fails if the ``value`` is not found from ``list``.</doc>
<status status="PASS" start="2024-05-20T10:16:05.983379" elapsed="0.000208"/>
</kw>
<kw name="Set Variable" owner="BuiltIn">
<msg time="2024-05-20T10:16:05.984251" level="INFO">${name_country} = NO</msg>
<var>${name_country}</var>
<arg>${json_data["results"][0]["nat"]}</arg>
<doc>Returns the given values which can then be assigned to a variables.</doc>
<status status="PASS" start="2024-05-20T10:16:05.983877" elapsed="0.000399"/>
</kw>
<kw name="Create List" owner="BuiltIn">
<msg time="2024-05-20T10:16:05.985174" level="INFO">${list_country} = ['AD', 'AE', 'AF', 'AG', 'AI', 'AL', 'AM', 'AO', 'AQ', 'AR', 'AS', 'AT', 'AU', 'AW', 'AX', 'AZ', 'BA', 'BB', 'BD', 'BE', 'BF', 'BG', 'BH', 'BI', 'BJ', 'BL', 'BM', 'BN', 'BO', 'BQ', 'BR', 'BS', 'BT', '...</msg>
<var>${list_country}</var>
<arg>AD</arg>
<arg>AE</arg>
<arg>AF</arg>
<arg>AG</arg>
<arg>AI</arg>
<arg>AL</arg>
<arg>AM</arg>
<arg>AO</arg>
<arg>AQ</arg>
<arg>AR</arg>
<arg>AS</arg>
<arg>AT</arg>
<arg>AU</arg>
<arg>AW</arg>
<arg>AX</arg>
<arg>AZ</arg>
<arg>BA</arg>
<arg>BB</arg>
<arg>BD</arg>
<arg>BE</arg>
<arg>BF</arg>
<arg>BG</arg>
<arg>BH</arg>
<arg>BI</arg>
<arg>BJ</arg>
<arg>BL</arg>
<arg>BM</arg>
<arg>BN</arg>
<arg>BO</arg>
<arg>BQ</arg>
<arg>BR</arg>
<arg>BS</arg>
<arg>BT</arg>
<arg>BV</arg>
<arg>BW</arg>
<arg>BY</arg>
<arg>BZ</arg>
<arg>CA</arg>
<arg>CC</arg>
<arg>CD</arg>
<arg>CF</arg>
<arg>CG</arg>
<arg>CH</arg>
<arg>CI</arg>
<arg>CK</arg>
<arg>CL</arg>
<arg>CM</arg>
<arg>CN</arg>
<arg>CO</arg>
<arg>CR</arg>
<arg>CU</arg>
<arg>CV</arg>
<arg>CW</arg>
<arg>CX</arg>
<arg>CY</arg>
<arg>CZ</arg>
<arg>DE</arg>
<arg>DJ</arg>
<arg>DK</arg>
<arg>DM</arg>
<arg>DO</arg>
<arg>DZ</arg>
<arg>EC</arg>
<arg>EE</arg>
<arg>EG</arg>
<arg>EH</arg>
<arg>ER</arg>
<arg>ES</arg>
<arg>ET</arg>
<arg>FI</arg>
<arg>FJ</arg>
<arg>FK</arg>
<arg>FM</arg>
<arg>FO</arg>
<arg>FR</arg>
<arg>GA</arg>
<arg>GB</arg>
<arg>GD</arg>
<arg>GE</arg>
<arg>GF</arg>
<arg>GG</arg>
<arg>GH</arg>
<arg>GI</arg>
<arg>GL</arg>
<arg>GM</arg>
<arg>GN</arg>
<arg>GP</arg>
<arg>GQ</arg>
<arg>GR</arg>
<arg>GS</arg>
<arg>GT</arg>
<arg>GU</arg>
<arg>GW</arg>
<arg>GY</arg>
<arg>HK</arg>
<arg>HM</arg>
<arg>HN</arg>
<arg>HR</arg>
<arg>HT</arg>
<arg>HU</arg>
<arg>ID</arg>
<arg>IE</arg>
<arg>IL</arg>
<arg>IM</arg>
<arg>IN</arg>
<arg>IO</arg>
<arg>IQ</arg>
<arg>IR</arg>
<arg>IS</arg>
<arg>IT</arg>
<arg>JE</arg>
<arg>JM</arg>
<arg>JO</arg>
<arg>JP</arg>
<arg>KE</arg>
<arg>KG</arg>
<arg>KH</arg>
<arg>KI</arg>
<arg>KM</arg>
<arg>KN</arg>
<arg>KP</arg>
<arg>KR</arg>
<arg>KW</arg>
<arg>KY</arg>
<arg>KZ</arg>
<arg>LA</arg>
<arg>LB</arg>
<arg>LC</arg>
<arg>LI</arg>
<arg>LK</arg>
<arg>LR</arg>
<arg>LS</arg>
<arg>LT</arg>
<arg>LU</arg>
<arg>LV</arg>
<arg>LY</arg>
<arg>MA</arg>
<arg>MC</arg>
<arg>MD</arg>
<arg>ME</arg>
<arg>MF</arg>
<arg>MG</arg>
<arg>MH</arg>
<arg>MK</arg>
<arg>ML</arg>
<arg>MM</arg>
<arg>MN</arg>
<arg>MO</arg>
<arg>MP</arg>
<arg>MQ</arg>
<arg>MR</arg>
<arg>MS</arg>
<arg>MT</arg>
<arg>MU</arg>
<arg>MV</arg>
<arg>MW</arg>
<arg>MX</arg>
<arg>MY</arg>
<arg>MZ</arg>
<arg>NA</arg>
<arg>NC</arg>
<arg>NE</arg>
<arg>NF</arg>
<arg>NG</arg>
<arg>NI</arg>
<arg>NL</arg>
<arg>NO</arg>
<arg>NP</arg>
<arg>NR</arg>
<arg>NU</arg>
<arg>NZ</arg>
<arg>OM</arg>
<arg>PA</arg>
<arg>PE</arg>
<arg>PF</arg>
<arg>PG</arg>
<arg>PH</arg>
<arg>PK</arg>
<arg>PL</arg>
<arg>PM</arg>
<arg>PN</arg>
<arg>PR</arg>
<arg>PS</arg>
<arg>PT</arg>
<arg>PW</arg>
<arg>PY</arg>
<arg>QA</arg>
<arg>RE</arg>
<arg>RO</arg>
<arg>RS</arg>
<arg>RU</arg>
<arg>RW</arg>
<arg>SA</arg>
<arg>SB</arg>
<arg>SC</arg>
<arg>SD</arg>
<arg>SE</arg>
<arg>SG</arg>
<arg>SH</arg>
<arg>SI</arg>
<arg>SJ</arg>
<arg>SK</arg>
<arg>SL</arg>
<arg>SM</arg>
<arg>SN</arg>
<arg>SO</arg>
<arg>SR</arg>
<arg>SS</arg>
<arg>ST</arg>
<arg>SV</arg>
<arg>SX</arg>
<arg>SY</arg>
<arg>SZ</arg>
<arg>TC</arg>
<arg>TD</arg>
<arg>TF</arg>
<arg>TG</arg>
<arg>TH</arg>
<arg>TJ</arg>
<arg>TK</arg>
<arg>TL</arg>
<arg>TM</arg>
<arg>TN</arg>
<arg>TO</arg>
<arg>TR</arg>
<arg>TT</arg>
<arg>TV</arg>
<arg>TW</arg>
<arg>TZ</arg>
<arg>UA</arg>
<arg>UG</arg>
<arg>UM</arg>
<arg>US</arg>
<arg>UY</arg>
<arg>UZ</arg>
<arg>VA</arg>
<arg>VC</arg>
<arg>VE</arg>
<arg>VG</arg>
<arg>VI</arg>
<arg>VN</arg>
<arg>VU</arg>
<arg>WF</arg>
<arg>WS</arg>
<arg>XK</arg>
<arg>YE</arg>
<arg>YT</arg>
<arg>ZA</arg>
<arg>ZM</arg>
<arg>ZW</arg>
<doc>Returns a list containing given items.</doc>
<status status="PASS" start="2024-05-20T10:16:05.984580" elapsed="0.000619"/>
</kw>
<kw name="List Should Contain Value" owner="Collections">
<msg time="2024-05-20T10:16:05.986186" level="INFO">False</msg>
<arg>${list_country}</arg>
<arg>${name_country}</arg>
<doc>Fails if the ``value`` is not found from ``list``.</doc>
<status status="PASS" start="2024-05-20T10:16:05.985986" elapsed="0.000236"/>
</kw>
<kw name="Run Keyword If" owner="BuiltIn">
<kw name="Should Be True" owner="BuiltIn">
<arg>${True}</arg>
<doc>Fails if the given condition is not true.</doc>
<status status="PASS" start="2024-05-20T10:16:05.987313" elapsed="0.000143"/>
</kw>
<arg>${json_data["results"][0]["location"]["coordinates"]["latitude"]} &gt;= -90 and ${json_data["results"][0]["location"]["coordinates"]["latitude"]} &lt;= 90</arg>
<arg>Should Be True</arg>
<arg>${True}</arg>
<doc>Runs the given keyword with the given arguments, if ``condition`` is true.</doc>
<status status="PASS" start="2024-05-20T10:16:05.986528" elapsed="0.001051"/>
</kw>
<kw name="Run Keyword If" owner="BuiltIn">
<kw name="Should Be True" owner="BuiltIn">
<arg>${True}</arg>
<doc>Fails if the given condition is not true.</doc>
<status status="PASS" start="2024-05-20T10:16:05.988449" elapsed="0.000248"/>
</kw>
<arg>${json_data["results"][0]["location"]["coordinates"]["longitude"]} &gt;= -180 and ${json_data["results"][0]["location"]["coordinates"]["longitude"]} &lt;= 180</arg>
<arg>Should Be True</arg>
<arg>${True}</arg>
<doc>Runs the given keyword with the given arguments, if ``condition`` is true.</doc>
<status status="PASS" start="2024-05-20T10:16:05.987760" elapsed="0.001060"/>
</kw>
<status status="PASS" start="2024-05-20T10:16:05.836049" elapsed="0.152899"/>
</kw>
<doc>Testa o conteúdo específico dos campos retornados pela API.</doc>
<tag>testeConteudo</tag>
<status status="PASS" start="2024-05-20T10:16:05.835389" elapsed="0.153710"/>
</test>
<status status="PASS" start="2024-05-20T10:16:04.834386" elapsed="1.156705"/>
</suite>
<status status="PASS" start="2024-05-20T10:16:04.820902" elapsed="1.175342"/>
</suite>
<statistics>
<total>
<stat pass="5" fail="0" skip="0">All Tests</stat>
</total>
<tag>
<stat pass="1" fail="0" skip="0">testeConteudo</stat>
<stat pass="1" fail="0" skip="0">testeEstruturaResposta</stat>
<stat pass="1" fail="0" skip="0">testeRequisicaoBasica</stat>
<stat pass="1" fail="0" skip="0">testeTiposDados</stat>
</tag>
<suite>
<stat pass="5" fail="0" skip="0" id="s1" name="Tests">Tests</stat>
<stat pass="5" fail="0" skip="0" id="s1-s1" name="Random-User-Test">Tests.Random-User-Test</stat>
</suite>
</statistics>
<errors>
</errors>
</robot>
