<?xml version="1.0" encoding="UTF-8"?>
<robot generator="Robot 7.0.1 (Python 3.12.4 on linux)" generated="2024-06-28T16:17:58.701112" rpa="false" schemaversion="5">
<suite id="s1" name="Tests" source="/home/runner/work/ApiRandomUser/ApiRandomUser/RamdonUser/tests">
<suite id="s1-s1" name="Random-User-Test" source="/home/runner/work/ApiRandomUser/ApiRandomUser/RamdonUser/tests/random-user-test.robot">
<test id="s1-s1-t1" name="Conectar" line="13">
<kw name="Conectar API" owner="random-user-service">
<kw name="Create Session" owner="RequestsLibrary">
<msg time="2024-06-28T16:17:59.100444" level="INFO">Creating Session using : alias=consultarAPI, url=https://randomuser.me/, headers={},                     cookies={}, auth=None, timeout=None, proxies=None, verify=False,                     debug=0 </msg>
<arg>consultarAPI</arg>
<arg>${URL}</arg>
<doc>Create Session: create a HTTP session to a server</doc>
<status status="PASS" start="2024-06-28T16:17:59.100234" elapsed="0.000393"/>
</kw>
<status status="PASS" start="2024-06-28T16:17:59.099237" elapsed="0.001756"/>
</kw>
<status status="PASS" start="2024-06-28T16:17:59.098586" elapsed="0.002604"/>
</test>
<test id="s1-s1-t2" name="Validar retorno 200 e JSON Válido" line="16">
<kw name="Teste de Requisicao Basica" owner="random-user-service">
<kw name="GET On Session" owner="RequestsLibrary">
<msg time="2024-06-28T16:17:59.287046" level="INFO">GET Request : url=https://randomuser.me/api 
 path_url=/api 
 headers={'User-Agent': 'python-requests/2.32.3', 'Accept-Encoding': 'gzip, deflate', 'Accept': '*/*', 'Connection': 'keep-alive'} 
 body=None 
 </msg>
<msg time="2024-06-28T16:17:59.287216" level="INFO">GET Response : url=https://randomuser.me/api 
 status=200, reason=OK 
 headers={'Date': 'Fri, 28 Jun 2024 16:17:59 GMT', 'Content-Type': 'application/json; charset=utf-8', 'Transfer-Encoding': 'chunked', 'Connection': 'keep-alive', 'X-Powered-By': 'Express', 'Access-Control-Allow-Origin': '*', 'Cache-Control': 'no-cache', 'ETag': 'W/"475-UA6ZWnA5GDNcz/EWlyovs+tTW0A"', 'Vary': 'Accept-Encoding', 'Content-Encoding': 'gzip', 'CF-Cache-Status': 'DYNAMIC', 'Report-To': '{"endpoints":[{"url":"https:\\/\\/a.nel.cloudflare.com\\/report\\/v4?s=upUGNco1E3ZmDQoNvWM00PBHR03hj2lRUd1%2B%2Fo8FDqqGTlzclXfVN8nVbvxMkinDFwS2TM%2Fa4VC0azOM4u4dZehObFIi1U5skMBl3r%2BkLyT7XkvfG7ZbKy2yh2KfeN5D"}],"group":"cf-nel","max_age":604800}', 'NEL': '{"success_fraction":0,"report_to":"cf-nel","max_age":604800}', 'Server': 'cloudflare', 'CF-RAY': '89aefd794dcd5710-IAD', 'alt-svc': 'h3=":443"; ma=86400'} 
 body={"results":[{"gender":"male","name":{"title":"Mr","first":"Chester","last":"Anderson"},"location":{"street":{"number":92,"name":"Green Rd"},"city":"Wagga Wagga","state":"Victoria","country":"Australia","postcode":802,"coordinates":{"latitude":"-83.3379","longitude":"-127.6290"},"timezone":{"offset":"+9:30","description":"Adelaide, Darwin"}},"email":"chester.anderson@example.com","login":{"uuid":"20e05edc-e176-4d69-a372-c8ffdb2ca17c","username":"lazycat820","password":"cold","salt":"3gBz2zLl","md5":"136ca51d175f9a4e89bb3e7d0697da59","sha1":"278a0cfe18b8f414c05a966737dacd3991123584","sha256":"3304efb2f5fc57ad3e117fb4da104d7e1da5ec05ee3f41897fb0b29c6ea14545"},"dob":{"date":"1975-08-27T04:28:41.950Z","age":48},"registered":{"date":"2021-09-17T01:51:44.683Z","age":2},"phone":"08-7176-0482","cell":"0438-361-537","id":{"name":"TFN","value":"946222477"},"picture":{"large":"https://randomuser.me/api/portraits/men/99.jpg","medium":"https://randomuser.me/api/portraits/med/men/99.jpg","thumbnail":"https://randomuser.me/api/portraits/thumb/men/99.jpg"},"nat":"AU"}],"info":{"seed":"0783901d682a3d14","results":1,"page":1,"version":"1.4"}} 
 </msg>
<msg time="2024-06-28T16:17:59.287313" level="INFO">/opt/hostedtoolcache/Python/3.12.4/x64/lib/python3.12/site-packages/urllib3/connectionpool.py:1099: InsecureRequestWarning: Unverified HTTPS request is being made to host 'randomuser.me'. Adding certificate verification is strongly advised. See: https://urllib3.readthedocs.io/en/latest/advanced-usage.html#tls-warnings
  warnings.warn(</msg>
<msg time="2024-06-28T16:17:59.287462" level="INFO">${response} = &lt;Response [200]&gt;</msg>
<var>${response}</var>
<arg>consultarAPI</arg>
<arg>/api</arg>
<doc>Sends a GET request on a previously created HTTP Session.</doc>
<status status="PASS" start="2024-06-28T16:17:59.103918" elapsed="0.183586"/>
</kw>
<kw name="Should Be Equal As Numbers" owner="BuiltIn">
<msg time="2024-06-28T16:17:59.288657" level="INFO">Argument types are:
&lt;class 'int'&gt;
&lt;class 'str'&gt;</msg>
<arg>${response.status_code}</arg>
<arg>200</arg>
<doc>Fails if objects are unequal after converting them to real numbers.</doc>
<status status="PASS" start="2024-06-28T16:17:59.288151" elapsed="0.000574"/>
</kw>
<kw name="Log" owner="BuiltIn">
<msg time="2024-06-28T16:17:59.289457" level="INFO">200</msg>
<arg>${response.status_code}</arg>
<doc>Logs the given message with the given level.</doc>
<status status="PASS" start="2024-06-28T16:17:59.289092" elapsed="0.000410"/>
</kw>
<kw name="Set Variable" owner="BuiltIn">
<msg time="2024-06-28T16:17:59.290265" level="INFO">${json_data} = {'results': [{'gender': 'male', 'name': {'title': 'Mr', 'first': 'Chester', 'last': 'Anderson'}, 'location': {'street': {'number': 92, 'name': 'Green Rd'}, 'city': 'Wagga Wagga', 'state': 'Victoria', ...</msg>
<var>${json_data}</var>
<arg>${response.json()}</arg>
<doc>Returns the given values which can then be assigned to a variables.</doc>
<status status="PASS" start="2024-06-28T16:17:59.289822" elapsed="0.000471"/>
</kw>
<kw name="Dictionary Should Contain Key" owner="Collections">
<arg>${json_data}</arg>
<arg>results</arg>
<doc>Fails if ``key`` is not found from ``dictionary``.</doc>
<status status="PASS" start="2024-06-28T16:17:59.290595" elapsed="0.000197"/>
</kw>
<status status="PASS" start="2024-06-28T16:17:59.103663" elapsed="0.187284"/>
</kw>
<doc>Testa se a API responde corretamente e retorna um objeto JSON válido.</doc>
<tag>testeRequisicaoBasica</tag>
<status status="PASS" start="2024-06-28T16:17:59.103108" elapsed="0.188020"/>
</test>
<test id="s1-s1-t3" name="Validar estrutura de resposta" line="22">
<kw name="Teste de Estrutura de Resposta" owner="random-user-service">
<kw name="GET On Session" owner="RequestsLibrary">
<msg time="2024-06-28T16:17:59.400523" level="INFO">GET Request : url=https://randomuser.me/api 
 path_url=/api 
 headers={'User-Agent': 'python-requests/2.32.3', 'Accept-Encoding': 'gzip, deflate', 'Accept': '*/*', 'Connection': 'keep-alive'} 
 body=None 
 </msg>
<msg time="2024-06-28T16:17:59.400623" level="INFO">GET Response : url=https://randomuser.me/api 
 status=200, reason=OK 
 headers={'Date': 'Fri, 28 Jun 2024 16:17:59 GMT', 'Content-Type': 'application/json; charset=utf-8', 'Transfer-Encoding': 'chunked', 'Connection': 'keep-alive', 'X-Powered-By': 'Express', 'Access-Control-Allow-Origin': '*', 'Cache-Control': 'no-cache', 'ETag': 'W/"483-mirgp9FupKronNy0tV3O5lg4xEQ"', 'Vary': 'Accept-Encoding', 'Content-Encoding': 'gzip', 'CF-Cache-Status': 'DYNAMIC', 'Report-To': '{"endpoints":[{"url":"https:\\/\\/a.nel.cloudflare.com\\/report\\/v4?s=0ScI46typcSXDzYbXtNvPHibxwVut697XT%2FKxuLnqbQtl13yHi7nZ9xlITmT95V10GV4nQb6FDua0ICGC2Ur9SGTULIuTxNV8naRVt32c2%2FUa0dTmwVLG%2Bup2QOFElQO"}],"group":"cf-nel","max_age":604800}', 'NEL': '{"success_fraction":0,"report_to":"cf-nel","max_age":604800}', 'Server': 'cloudflare', 'CF-RAY': '89aefd799e1d5710-IAD', 'alt-svc': 'h3=":443"; ma=86400'} 
 body={"results":[{"gender":"male","name":{"title":"Mr","first":"Clifford","last":"Graves"},"location":{"street":{"number":2784,"name":"The Drive"},"city":"Hereford","state":"Herefordshire","country":"United Kingdom","postcode":"C9R 7ZU","coordinates":{"latitude":"-12.4385","longitude":"-12.5015"},"timezone":{"offset":"+3:30","description":"Tehran"}},"email":"clifford.graves@example.com","login":{"uuid":"2594d675-6b84-4d46-b14f-d0fba89ec5cb","username":"brownzebra863","password":"andrea1","salt":"zRHqZqBB","md5":"9fd9e4d6ce0a16b12cbd885323492c87","sha1":"63f898fd946de79c540b9c679209d469a6363e3f","sha256":"465ff515a2a3d0427c62307fe1062da1094b742b63aedab072fd23c6e02d26ed"},"dob":{"date":"1945-12-18T16:24:18.637Z","age":78},"registered":{"date":"2021-03-02T10:26:13.089Z","age":3},"phone":"015395 71184","cell":"07281 210991","id":{"name":"NINO","value":"MR 40 37 59 Z"},"picture":{"large":"https://randomuser.me/api/portraits/men/70.jpg","medium":"https://randomuser.me/api/portraits/med/men/70.jpg","thumbnail":"https://randomuser.me/api/portraits/thumb/men/70.jpg"},"nat":"GB"}],"info":{"seed":"68ff90a5bcc8f2af","results":1,"page":1,"version":"1.4"}} 
 </msg>
<msg time="2024-06-28T16:17:59.400748" level="INFO">/opt/hostedtoolcache/Python/3.12.4/x64/lib/python3.12/site-packages/urllib3/connectionpool.py:1099: InsecureRequestWarning: Unverified HTTPS request is being made to host 'randomuser.me'. Adding certificate verification is strongly advised. See: https://urllib3.readthedocs.io/en/latest/advanced-usage.html#tls-warnings
  warnings.warn(</msg>
<msg time="2024-06-28T16:17:59.400882" level="INFO">${response} = &lt;Response [200]&gt;</msg>
<var>${response}</var>
<arg>consultarAPI</arg>
<arg>/api</arg>
<doc>Sends a GET request on a previously created HTTP Session.</doc>
<status status="PASS" start="2024-06-28T16:17:59.293817" elapsed="0.107105"/>
</kw>
<kw name="Set Variable" owner="BuiltIn">
<msg time="2024-06-28T16:17:59.402048" level="INFO">${json_data} = {'results': [{'gender': 'male', 'name': {'title': 'Mr', 'first': 'Clifford', 'last': 'Graves'}, 'location': {'street': {'number': 2784, 'name': 'The Drive'}, 'city': 'Hereford', 'state': 'Herefordshir...</msg>
<var>${json_data}</var>
<arg>${response.json()}</arg>
<doc>Returns the given values which can then be assigned to a variables.</doc>
<status status="PASS" start="2024-06-28T16:17:59.401502" elapsed="0.000575"/>
</kw>
<kw name="Log" owner="BuiltIn">
<msg time="2024-06-28T16:17:59.402540" level="INFO">{'results': [{'gender': 'male', 'name': {'title': 'Mr', 'first': 'Clifford', 'last': 'Graves'}, 'location': {'street': {'number': 2784, 'name': 'The Drive'}, 'city': 'Hereford', 'state': 'Herefordshire', 'country': 'United Kingdom', 'postcode': 'C9R 7ZU', 'coordinates': {'latitude': '-12.4385', 'longitude': '-12.5015'}, 'timezone': {'offset': '+3:30', 'description': 'Tehran'}}, 'email': 'clifford.graves@example.com', 'login': {'uuid': '2594d675-6b84-4d46-b14f-d0fba89ec5cb', 'username': 'brownzebra863', 'password': 'andrea1', 'salt': 'zRHqZqBB', 'md5': '9fd9e4d6ce0a16b12cbd885323492c87', 'sha1': '63f898fd946de79c540b9c679209d469a6363e3f', 'sha256': '465ff515a2a3d0427c62307fe1062da1094b742b63aedab072fd23c6e02d26ed'}, 'dob': {'date': '1945-12-18T16:24:18.637Z', 'age': 78}, 'registered': {'date': '2021-03-02T10:26:13.089Z', 'age': 3}, 'phone': '015395 71184', 'cell': '07281 210991', 'id': {'name': 'NINO', 'value': 'MR 40 37 59 Z'}, 'picture': {'large': 'https://randomuser.me/api/portraits/men/70.jpg', 'medium': 'https://randomuser.me/api/portraits/med/men/70.jpg', 'thumbnail': 'https://randomuser.me/api/portraits/thumb/men/70.jpg'}, 'nat': 'GB'}], 'info': {'seed': '68ff90a5bcc8f2af', 'results': 1, 'page': 1, 'version': '1.4'}}</msg>
<arg>${json_data}</arg>
<doc>Logs the given message with the given level.</doc>
<status status="PASS" start="2024-06-28T16:17:59.402382" elapsed="0.000205"/>
</kw>
<kw name="Dictionary Should Contain Key" owner="Collections">
<arg>${json_data}</arg>
<arg>results</arg>
<doc>Fails if ``key`` is not found from ``dictionary``.</doc>
<status status="PASS" start="2024-06-28T16:17:59.402917" elapsed="0.000165"/>
</kw>
<kw name="Should Not Be Empty" owner="BuiltIn">
<msg time="2024-06-28T16:17:59.403403" level="INFO">Length is 2.</msg>
<arg>${json_data}</arg>
<doc>Verifies that the given item is not empty.</doc>
<status status="PASS" start="2024-06-28T16:17:59.403269" elapsed="0.000173"/>
</kw>
<kw name="Create List" owner="BuiltIn">
<msg time="2024-06-28T16:17:59.403879" level="INFO">${expected_keys} = ['gender', 'name', 'location', 'email', 'login']</msg>
<var>${expected_keys}</var>
<arg>gender</arg>
<arg>name</arg>
<arg>location</arg>
<arg>email</arg>
<arg>login</arg>
<doc>Returns a list containing given items.</doc>
<status status="PASS" start="2024-06-28T16:17:59.403732" elapsed="0.000170"/>
</kw>
<for flavor="IN">
<iter>
<kw name="Dictionary Should Contain Key" owner="Collections">
<arg>${json_data['results'][0]}</arg>
<arg>${key}</arg>
<doc>Fails if ``key`` is not found from ``dictionary``.</doc>
<status status="PASS" start="2024-06-28T16:17:59.404633" elapsed="0.000387"/>
</kw>
<kw name="Log" owner="BuiltIn">
<msg time="2024-06-28T16:17:59.405565" level="INFO">{'gender': 'male', 'name': {'title': 'Mr', 'first': 'Clifford', 'last': 'Graves'}, 'location': {'street': {'number': 2784, 'name': 'The Drive'}, 'city': 'Hereford', 'state': 'Herefordshire', 'country': 'United Kingdom', 'postcode': 'C9R 7ZU', 'coordinates': {'latitude': '-12.4385', 'longitude': '-12.5015'}, 'timezone': {'offset': '+3:30', 'description': 'Tehran'}}, 'email': 'clifford.graves@example.com', 'login': {'uuid': '2594d675-6b84-4d46-b14f-d0fba89ec5cb', 'username': 'brownzebra863', 'password': 'andrea1', 'salt': 'zRHqZqBB', 'md5': '9fd9e4d6ce0a16b12cbd885323492c87', 'sha1': '63f898fd946de79c540b9c679209d469a6363e3f', 'sha256': '465ff515a2a3d0427c62307fe1062da1094b742b63aedab072fd23c6e02d26ed'}, 'dob': {'date': '1945-12-18T16:24:18.637Z', 'age': 78}, 'registered': {'date': '2021-03-02T10:26:13.089Z', 'age': 3}, 'phone': '015395 71184', 'cell': '07281 210991', 'id': {'name': 'NINO', 'value': 'MR 40 37 59 Z'}, 'picture': {'large': 'https://randomuser.me/api/portraits/men/70.jpg', 'medium': 'https://randomuser.me/api/portraits/med/men/70.jpg', 'thumbnail': 'https://randomuser.me/api/portraits/thumb/men/70.jpg'}, 'nat': 'GB'}</msg>
<arg>${json_data['results'][0]}</arg>
<doc>Logs the given message with the given level.</doc>
<status status="PASS" start="2024-06-28T16:17:59.405209" elapsed="0.000404"/>
</kw>
<kw name="Log" owner="BuiltIn">
<msg time="2024-06-28T16:17:59.406034" level="INFO">gender</msg>
<arg>${key}</arg>
<doc>Logs the given message with the given level.</doc>
<status status="PASS" start="2024-06-28T16:17:59.405909" elapsed="0.000162"/>
</kw>
<var name="${key}">gender</var>
<status status="PASS" start="2024-06-28T16:17:59.404507" elapsed="0.001777"/>
</iter>
<iter>
<kw name="Dictionary Should Contain Key" owner="Collections">
<arg>${json_data['results'][0]}</arg>
<arg>${key}</arg>
<doc>Fails if ``key`` is not found from ``dictionary``.</doc>
<status status="PASS" start="2024-06-28T16:17:59.406580" elapsed="0.000417"/>
</kw>
<kw name="Log" owner="BuiltIn">
<msg time="2024-06-28T16:17:59.407518" level="INFO">{'gender': 'male', 'name': {'title': 'Mr', 'first': 'Clifford', 'last': 'Graves'}, 'location': {'street': {'number': 2784, 'name': 'The Drive'}, 'city': 'Hereford', 'state': 'Herefordshire', 'country': 'United Kingdom', 'postcode': 'C9R 7ZU', 'coordinates': {'latitude': '-12.4385', 'longitude': '-12.5015'}, 'timezone': {'offset': '+3:30', 'description': 'Tehran'}}, 'email': 'clifford.graves@example.com', 'login': {'uuid': '2594d675-6b84-4d46-b14f-d0fba89ec5cb', 'username': 'brownzebra863', 'password': 'andrea1', 'salt': 'zRHqZqBB', 'md5': '9fd9e4d6ce0a16b12cbd885323492c87', 'sha1': '63f898fd946de79c540b9c679209d469a6363e3f', 'sha256': '465ff515a2a3d0427c62307fe1062da1094b742b63aedab072fd23c6e02d26ed'}, 'dob': {'date': '1945-12-18T16:24:18.637Z', 'age': 78}, 'registered': {'date': '2021-03-02T10:26:13.089Z', 'age': 3}, 'phone': '015395 71184', 'cell': '07281 210991', 'id': {'name': 'NINO', 'value': 'MR 40 37 59 Z'}, 'picture': {'large': 'https://randomuser.me/api/portraits/men/70.jpg', 'medium': 'https://randomuser.me/api/portraits/med/men/70.jpg', 'thumbnail': 'https://randomuser.me/api/portraits/thumb/men/70.jpg'}, 'nat': 'GB'}</msg>
<arg>${json_data['results'][0]}</arg>
<doc>Logs the given message with the given level.</doc>
<status status="PASS" start="2024-06-28T16:17:59.407175" elapsed="0.000421"/>
</kw>
<kw name="Log" owner="BuiltIn">
<msg time="2024-06-28T16:17:59.408013" level="INFO">name</msg>
<arg>${key}</arg>
<doc>Logs the given message with the given level.</doc>
<status status="PASS" start="2024-06-28T16:17:59.407888" elapsed="0.000162"/>
</kw>
<var name="${key}">name</var>
<status status="PASS" start="2024-06-28T16:17:59.406468" elapsed="0.001793"/>
</iter>
<iter>
<kw name="Dictionary Should Contain Key" owner="Collections">
<arg>${json_data['results'][0]}</arg>
<arg>${key}</arg>
<doc>Fails if ``key`` is not found from ``dictionary``.</doc>
<status status="PASS" start="2024-06-28T16:17:59.408543" elapsed="0.000372"/>
</kw>
<kw name="Log" owner="BuiltIn">
<msg time="2024-06-28T16:17:59.409437" level="INFO">{'gender': 'male', 'name': {'title': 'Mr', 'first': 'Clifford', 'last': 'Graves'}, 'location': {'street': {'number': 2784, 'name': 'The Drive'}, 'city': 'Hereford', 'state': 'Herefordshire', 'country': 'United Kingdom', 'postcode': 'C9R 7ZU', 'coordinates': {'latitude': '-12.4385', 'longitude': '-12.5015'}, 'timezone': {'offset': '+3:30', 'description': 'Tehran'}}, 'email': 'clifford.graves@example.com', 'login': {'uuid': '2594d675-6b84-4d46-b14f-d0fba89ec5cb', 'username': 'brownzebra863', 'password': 'andrea1', 'salt': 'zRHqZqBB', 'md5': '9fd9e4d6ce0a16b12cbd885323492c87', 'sha1': '63f898fd946de79c540b9c679209d469a6363e3f', 'sha256': '465ff515a2a3d0427c62307fe1062da1094b742b63aedab072fd23c6e02d26ed'}, 'dob': {'date': '1945-12-18T16:24:18.637Z', 'age': 78}, 'registered': {'date': '2021-03-02T10:26:13.089Z', 'age': 3}, 'phone': '015395 71184', 'cell': '07281 210991', 'id': {'name': 'NINO', 'value': 'MR 40 37 59 Z'}, 'picture': {'large': 'https://randomuser.me/api/portraits/men/70.jpg', 'medium': 'https://randomuser.me/api/portraits/med/men/70.jpg', 'thumbnail': 'https://randomuser.me/api/portraits/thumb/men/70.jpg'}, 'nat': 'GB'}</msg>
<arg>${json_data['results'][0]}</arg>
<doc>Logs the given message with the given level.</doc>
<status status="PASS" start="2024-06-28T16:17:59.409091" elapsed="0.000393"/>
</kw>
<kw name="Log" owner="BuiltIn">
<msg time="2024-06-28T16:17:59.409901" level="INFO">location</msg>
<arg>${key}</arg>
<doc>Logs the given message with the given level.</doc>
<status status="PASS" start="2024-06-28T16:17:59.409777" elapsed="0.000161"/>
</kw>
<var name="${key}">location</var>
<status status="PASS" start="2024-06-28T16:17:59.408436" elapsed="0.001716"/>
</iter>
<iter>
<kw name="Dictionary Should Contain Key" owner="Collections">
<arg>${json_data['results'][0]}</arg>
<arg>${key}</arg>
<doc>Fails if ``key`` is not found from ``dictionary``.</doc>
<status status="PASS" start="2024-06-28T16:17:59.410426" elapsed="0.000415"/>
</kw>
<kw name="Log" owner="BuiltIn">
<msg time="2024-06-28T16:17:59.411373" level="INFO">{'gender': 'male', 'name': {'title': 'Mr', 'first': 'Clifford', 'last': 'Graves'}, 'location': {'street': {'number': 2784, 'name': 'The Drive'}, 'city': 'Hereford', 'state': 'Herefordshire', 'country': 'United Kingdom', 'postcode': 'C9R 7ZU', 'coordinates': {'latitude': '-12.4385', 'longitude': '-12.5015'}, 'timezone': {'offset': '+3:30', 'description': 'Tehran'}}, 'email': 'clifford.graves@example.com', 'login': {'uuid': '2594d675-6b84-4d46-b14f-d0fba89ec5cb', 'username': 'brownzebra863', 'password': 'andrea1', 'salt': 'zRHqZqBB', 'md5': '9fd9e4d6ce0a16b12cbd885323492c87', 'sha1': '63f898fd946de79c540b9c679209d469a6363e3f', 'sha256': '465ff515a2a3d0427c62307fe1062da1094b742b63aedab072fd23c6e02d26ed'}, 'dob': {'date': '1945-12-18T16:24:18.637Z', 'age': 78}, 'registered': {'date': '2021-03-02T10:26:13.089Z', 'age': 3}, 'phone': '015395 71184', 'cell': '07281 210991', 'id': {'name': 'NINO', 'value': 'MR 40 37 59 Z'}, 'picture': {'large': 'https://randomuser.me/api/portraits/men/70.jpg', 'medium': 'https://randomuser.me/api/portraits/med/men/70.jpg', 'thumbnail': 'https://randomuser.me/api/portraits/thumb/men/70.jpg'}, 'nat': 'GB'}</msg>
<arg>${json_data['results'][0]}</arg>
<doc>Logs the given message with the given level.</doc>
<status status="PASS" start="2024-06-28T16:17:59.411028" elapsed="0.000392"/>
</kw>
<kw name="Log" owner="BuiltIn">
<msg time="2024-06-28T16:17:59.411845" level="INFO">email</msg>
<arg>${key}</arg>
<doc>Logs the given message with the given level.</doc>
<status status="PASS" start="2024-06-28T16:17:59.411710" elapsed="0.000173"/>
</kw>
<var name="${key}">email</var>
<status status="PASS" start="2024-06-28T16:17:59.410321" elapsed="0.001774"/>
</iter>
<iter>
<kw name="Dictionary Should Contain Key" owner="Collections">
<arg>${json_data['results'][0]}</arg>
<arg>${key}</arg>
<doc>Fails if ``key`` is not found from ``dictionary``.</doc>
<status status="PASS" start="2024-06-28T16:17:59.412375" elapsed="0.000380"/>
</kw>
<kw name="Log" owner="BuiltIn">
<msg time="2024-06-28T16:17:59.413290" level="INFO">{'gender': 'male', 'name': {'title': 'Mr', 'first': 'Clifford', 'last': 'Graves'}, 'location': {'street': {'number': 2784, 'name': 'The Drive'}, 'city': 'Hereford', 'state': 'Herefordshire', 'country': 'United Kingdom', 'postcode': 'C9R 7ZU', 'coordinates': {'latitude': '-12.4385', 'longitude': '-12.5015'}, 'timezone': {'offset': '+3:30', 'description': 'Tehran'}}, 'email': 'clifford.graves@example.com', 'login': {'uuid': '2594d675-6b84-4d46-b14f-d0fba89ec5cb', 'username': 'brownzebra863', 'password': 'andrea1', 'salt': 'zRHqZqBB', 'md5': '9fd9e4d6ce0a16b12cbd885323492c87', 'sha1': '63f898fd946de79c540b9c679209d469a6363e3f', 'sha256': '465ff515a2a3d0427c62307fe1062da1094b742b63aedab072fd23c6e02d26ed'}, 'dob': {'date': '1945-12-18T16:24:18.637Z', 'age': 78}, 'registered': {'date': '2021-03-02T10:26:13.089Z', 'age': 3}, 'phone': '015395 71184', 'cell': '07281 210991', 'id': {'name': 'NINO', 'value': 'MR 40 37 59 Z'}, 'picture': {'large': 'https://randomuser.me/api/portraits/men/70.jpg', 'medium': 'https://randomuser.me/api/portraits/med/men/70.jpg', 'thumbnail': 'https://randomuser.me/api/portraits/thumb/men/70.jpg'}, 'nat': 'GB'}</msg>
<arg>${json_data['results'][0]}</arg>
<doc>Logs the given message with the given level.</doc>
<status status="PASS" start="2024-06-28T16:17:59.412933" elapsed="0.000410"/>
</kw>
<kw name="Log" owner="BuiltIn">
<msg time="2024-06-28T16:17:59.413758" level="INFO">login</msg>
<arg>${key}</arg>
<doc>Logs the given message with the given level.</doc>
<status status="PASS" start="2024-06-28T16:17:59.413632" elapsed="0.000164"/>
</kw>
<var name="${key}">login</var>
<status status="PASS" start="2024-06-28T16:17:59.412263" elapsed="0.001752"/>
</iter>
<var>${key}</var>
<value>@{expected_keys}</value>
<status status="PASS" start="2024-06-28T16:17:59.404314" elapsed="0.009821"/>
</for>
<kw name="Create List" owner="BuiltIn">
<msg time="2024-06-28T16:17:59.414456" level="INFO">${expected_keysTwo} = ['username', 'password']</msg>
<var>${expected_keysTwo}</var>
<arg>username</arg>
<arg>password</arg>
<doc>Returns a list containing given items.</doc>
<status status="PASS" start="2024-06-28T16:17:59.414323" elapsed="0.000157"/>
</kw>
<for flavor="IN">
<iter>
<kw name="Dictionary Should Contain Key" owner="Collections">
<arg>${json_data['results'][0]['login']}</arg>
<arg>${keyTwo}</arg>
<doc>Fails if ``key`` is not found from ``dictionary``.</doc>
<status status="PASS" start="2024-06-28T16:17:59.415042" elapsed="0.000382"/>
</kw>
<kw name="Dictionary Should Contain Key" owner="Collections">
<arg>${json_data['results'][0]['login']}</arg>
<arg>${keyTwo}</arg>
<doc>Fails if ``key`` is not found from ``dictionary``.</doc>
<status status="PASS" start="2024-06-28T16:17:59.415604" elapsed="0.000370"/>
</kw>
<kw name="Log" owner="BuiltIn">
<msg time="2024-06-28T16:17:59.416278" level="INFO">username</msg>
<arg>${keyTwo}</arg>
<doc>Logs the given message with the given level.</doc>
<status status="PASS" start="2024-06-28T16:17:59.416154" elapsed="0.000162"/>
</kw>
<var name="${keyTwo}">username</var>
<status status="PASS" start="2024-06-28T16:17:59.414934" elapsed="0.001601"/>
</iter>
<iter>
<kw name="Dictionary Should Contain Key" owner="Collections">
<arg>${json_data['results'][0]['login']}</arg>
<arg>${keyTwo}</arg>
<doc>Fails if ``key`` is not found from ``dictionary``.</doc>
<status status="PASS" start="2024-06-28T16:17:59.416812" elapsed="0.000377"/>
</kw>
<kw name="Dictionary Should Contain Key" owner="Collections">
<arg>${json_data['results'][0]['login']}</arg>
<arg>${keyTwo}</arg>
<doc>Fails if ``key`` is not found from ``dictionary``.</doc>
<status status="PASS" start="2024-06-28T16:17:59.417364" elapsed="0.000368"/>
</kw>
<kw name="Log" owner="BuiltIn">
<msg time="2024-06-28T16:17:59.418023" level="INFO">password</msg>
<arg>${keyTwo}</arg>
<doc>Logs the given message with the given level.</doc>
<status status="PASS" start="2024-06-28T16:17:59.417905" elapsed="0.000160"/>
</kw>
<var name="${keyTwo}">password</var>
<status status="PASS" start="2024-06-28T16:17:59.416707" elapsed="0.001576"/>
</iter>
<var>${keyTwo}</var>
<value>@{expected_keysTwo}</value>
<status status="PASS" start="2024-06-28T16:17:59.414774" elapsed="0.003625"/>
</for>
<status status="PASS" start="2024-06-28T16:17:59.293579" elapsed="0.124959"/>
</kw>
<doc>Testa a estrutura da resposta da API.</doc>
<tag>testeEstruturaResposta</tag>
<status status="PASS" start="2024-06-28T16:17:59.292969" elapsed="0.125741"/>
</test>
<test id="s1-s1-t4" name="Validar tipos de dados" line="28">
<kw name="Teste de Tipos de Dados" owner="random-user-service">
<kw name="GET On Session" owner="RequestsLibrary">
<msg time="2024-06-28T16:17:59.484117" level="INFO">GET Request : url=https://randomuser.me/api 
 path_url=/api 
 headers={'User-Agent': 'python-requests/2.32.3', 'Accept-Encoding': 'gzip, deflate', 'Accept': '*/*', 'Connection': 'keep-alive'} 
 body=None 
 </msg>
<msg time="2024-06-28T16:17:59.484247" level="INFO">GET Response : url=https://randomuser.me/api 
 status=200, reason=OK 
 headers={'Date': 'Fri, 28 Jun 2024 16:17:59 GMT', 'Content-Type': 'application/json; charset=utf-8', 'Transfer-Encoding': 'chunked', 'Connection': 'keep-alive', 'X-Powered-By': 'Express', 'Access-Control-Allow-Origin': '*', 'Cache-Control': 'no-cache', 'ETag': 'W/"475-MeA478KemGsqr1D6km3F9eEUU7A"', 'Vary': 'Accept-Encoding', 'Content-Encoding': 'gzip', 'CF-Cache-Status': 'DYNAMIC', 'Report-To': '{"endpoints":[{"url":"https:\\/\\/a.nel.cloudflare.com\\/report\\/v4?s=M3yDUGki1XXd9pkz%2Badxd7M%2B5eatcZtCVuxpA5R1A4jzLby84fPSDNONZU0uzo85tSwfjOT3rSgatIEC1AtEbaaw3gUUkCm6dOIRh9IXMY8gjtIezIcj09C9Y%2BUcXXP%2F"}],"group":"cf-nel","max_age":604800}', 'NEL': '{"success_fraction":0,"report_to":"cf-nel","max_age":604800}', 'Server': 'cloudflare', 'CF-RAY': '89aefd7a6f0d5710-IAD', 'alt-svc': 'h3=":443"; ma=86400'} 
 body={"results":[{"gender":"female","name":{"title":"Ms","first":"Gunda","last":"Heiland"},"location":{"street":{"number":4056,"name":"Lerchenweg"},"city":"Niesky","state":"Saarland","country":"Germany","postcode":12990,"coordinates":{"latitude":"-49.2151","longitude":"27.1252"},"timezone":{"offset":"-10:00","description":"Hawaii"}},"email":"gunda.heiland@example.com","login":{"uuid":"55c169ab-0d74-43c7-a13b-b98094646cfc","username":"redpanda653","password":"carla","salt":"YErmXDje","md5":"294bf597ffc95cb1f940a0a732204431","sha1":"d6240df2885fc57ced326f635d8efe4a3af42e16","sha256":"0f1d6e192b1d68c1879b7bead62a1921966c9615ce2aed0cd9057e3d0969809b"},"dob":{"date":"1975-07-11T08:50:45.039Z","age":48},"registered":{"date":"2003-05-23T13:09:10.426Z","age":21},"phone":"0242-4797124","cell":"0176-8058147","id":{"name":"SVNR","value":"72 110775 H 894"},"picture":{"large":"https://randomuser.me/api/portraits/women/57.jpg","medium":"https://randomuser.me/api/portraits/med/women/57.jpg","thumbnail":"https://randomuser.me/api/portraits/thumb/women/57.jpg"},"nat":"DE"}],"info":{"seed":"f0d0db7fd7f10a4b","results":1,"page":1,"version":"1.4"}} 
 </msg>
<msg time="2024-06-28T16:17:59.484365" level="INFO">/opt/hostedtoolcache/Python/3.12.4/x64/lib/python3.12/site-packages/urllib3/connectionpool.py:1099: InsecureRequestWarning: Unverified HTTPS request is being made to host 'randomuser.me'. Adding certificate verification is strongly advised. See: https://urllib3.readthedocs.io/en/latest/advanced-usage.html#tls-warnings
  warnings.warn(</msg>
<msg time="2024-06-28T16:17:59.484544" level="INFO">${response} = &lt;Response [200]&gt;</msg>
<var>${response}</var>
<arg>consultarAPI</arg>
<arg>/api</arg>
<doc>Sends a GET request on a previously created HTTP Session.</doc>
<status status="PASS" start="2024-06-28T16:17:59.421346" elapsed="0.063249"/>
</kw>
<kw name="Set Variable" owner="BuiltIn">
<msg time="2024-06-28T16:17:59.485755" level="INFO">${json_data} = {'results': [{'gender': 'female', 'name': {'title': 'Ms', 'first': 'Gunda', 'last': 'Heiland'}, 'location': {'street': {'number': 4056, 'name': 'Lerchenweg'}, 'city': 'Niesky', 'state': 'Saarland', 'c...</msg>
<var>${json_data}</var>
<arg>${response.json()}</arg>
<doc>Returns the given values which can then be assigned to a variables.</doc>
<status status="PASS" start="2024-06-28T16:17:59.485189" elapsed="0.000595"/>
</kw>
<kw name="Log" owner="BuiltIn">
<msg time="2024-06-28T16:17:59.486299" level="INFO">{'results': [{'gender': 'female', 'name': {'title': 'Ms', 'first': 'Gunda', 'last': 'Heiland'}, 'location': {'street': {'number': 4056, 'name': 'Lerchenweg'}, 'city': 'Niesky', 'state': 'Saarland', 'country': 'Germany', 'postcode': 12990, 'coordinates': {'latitude': '-49.2151', 'longitude': '27.1252'}, 'timezone': {'offset': '-10:00', 'description': 'Hawaii'}}, 'email': 'gunda.heiland@example.com', 'login': {'uuid': '55c169ab-0d74-43c7-a13b-b98094646cfc', 'username': 'redpanda653', 'password': 'carla', 'salt': 'YErmXDje', 'md5': '294bf597ffc95cb1f940a0a732204431', 'sha1': 'd6240df2885fc57ced326f635d8efe4a3af42e16', 'sha256': '0f1d6e192b1d68c1879b7bead62a1921966c9615ce2aed0cd9057e3d0969809b'}, 'dob': {'date': '1975-07-11T08:50:45.039Z', 'age': 48}, 'registered': {'date': '2003-05-23T13:09:10.426Z', 'age': 21}, 'phone': '0242-4797124', 'cell': '0176-8058147', 'id': {'name': 'SVNR', 'value': '72 110775 H 894'}, 'picture': {'large': 'https://randomuser.me/api/portraits/women/57.jpg', 'medium': 'https://randomuser.me/api/portraits/med/women/57.jpg', 'thumbnail': 'https://randomuser.me/api/portraits/thumb/women/57.jpg'}, 'nat': 'DE'}], 'info': {'seed': 'f0d0db7fd7f10a4b', 'results': 1, 'page': 1, 'version': '1.4'}}</msg>
<arg>${json_data}</arg>
<doc>Logs the given message with the given level.</doc>
<status status="PASS" start="2024-06-28T16:17:59.486136" elapsed="0.000211"/>
</kw>
<kw name="Should Be String" owner="String">
<arg>${json_data['results'][0]['gender']}</arg>
<doc>Fails if the given ``item`` is not a string.</doc>
<status status="PASS" start="2024-06-28T16:17:59.486647" elapsed="0.000414"/>
</kw>
<kw name="Should Match Regexp" owner="BuiltIn">
<arg>${json_data['results'][0]['email']}</arg>
<arg>^[a-zA-Z0-9._%+-]+@[a-zA-Z0-9.-]+\.[a-zA-Z]{2,}$</arg>
<doc>Fails if ``string`` does not match ``pattern`` as a regular expression.</doc>
<status status="PASS" start="2024-06-28T16:17:59.487255" elapsed="0.000512"/>
</kw>
<kw name="Should Match Regexp" owner="BuiltIn">
<arg>${json_data['results'][0]['dob']['date']}</arg>
<arg>\\d{4}-\\d{2}-\\d{2}T\\d{2}:\\d{2}:\\d{2}\\.\\d{3}Z</arg>
<doc>Fails if ``string`` does not match ``pattern`` as a regular expression.</doc>
<status status="PASS" start="2024-06-28T16:17:59.487998" elapsed="0.000497"/>
</kw>
<kw name="Should Match Regexp" owner="BuiltIn">
<arg>${json_data['results'][0]['registered']['date']}</arg>
<arg>\\d{4}-\\d{2}-\\d{2}T\\d{2}:\\d{2}:\\d{2}\\.\\d{3}Z</arg>
<doc>Fails if ``string`` does not match ``pattern`` as a regular expression.</doc>
<status status="PASS" start="2024-06-28T16:17:59.488689" elapsed="0.000373"/>
</kw>
<kw name="Should Match Regexp" owner="BuiltIn">
<arg>${json_data['results'][0]['picture']['large']}</arg>
<arg>^https?://.*\.(?:png|jpe?g|gif|bmp)$</arg>
<doc>Fails if ``string`` does not match ``pattern`` as a regular expression.</doc>
<status status="PASS" start="2024-06-28T16:17:59.489247" elapsed="0.000460"/>
</kw>
<kw name="Should Match Regexp" owner="BuiltIn">
<arg>${json_data['results'][0]['picture']['medium']}</arg>
<arg>^https?://.*\.(?:png|jpe?g|gif|bmp)$</arg>
<doc>Fails if ``string`` does not match ``pattern`` as a regular expression.</doc>
<status status="PASS" start="2024-06-28T16:17:59.489903" elapsed="0.000357"/>
</kw>
<kw name="Should Match Regexp" owner="BuiltIn">
<arg>${json_data['results'][0]['picture']['thumbnail']}</arg>
<arg>^https?://.*\.(?:png|jpe?g|gif|bmp)$</arg>
<doc>Fails if ``string`` does not match ``pattern`` as a regular expression.</doc>
<status status="PASS" start="2024-06-28T16:17:59.490443" elapsed="0.000379"/>
</kw>
<kw name="Log" owner="BuiltIn">
<msg time="2024-06-28T16:17:59.491340" level="INFO">{'large': 'https://randomuser.me/api/portraits/women/57.jpg', 'medium': 'https://randomuser.me/api/portraits/med/women/57.jpg', 'thumbnail': 'https://randomuser.me/api/portraits/thumb/women/57.jpg'}</msg>
<arg>${json_data['results'][0]['picture']}</arg>
<doc>Logs the given message with the given level.</doc>
<status status="PASS" start="2024-06-28T16:17:59.491009" elapsed="0.000374"/>
</kw>
<status status="PASS" start="2024-06-28T16:17:59.421122" elapsed="0.070524"/>
</kw>
<kw name="Teste de Tipos de Dados - Postcode" owner="random-user-service">
<kw name="GET On Session" owner="RequestsLibrary">
<msg time="2024-06-28T16:17:59.580826" level="INFO">GET Request : url=https://randomuser.me/api 
 path_url=/api 
 headers={'User-Agent': 'python-requests/2.32.3', 'Accept-Encoding': 'gzip, deflate', 'Accept': '*/*', 'Connection': 'keep-alive'} 
 body=None 
 </msg>
<msg time="2024-06-28T16:17:59.580918" level="INFO">GET Response : url=https://randomuser.me/api 
 status=200, reason=OK 
 headers={'Date': 'Fri, 28 Jun 2024 16:17:59 GMT', 'Content-Type': 'application/json; charset=utf-8', 'Transfer-Encoding': 'chunked', 'Connection': 'keep-alive', 'X-Powered-By': 'Express', 'Access-Control-Allow-Origin': '*', 'Cache-Control': 'no-cache', 'ETag': 'W/"481-T1MscB4eMqG6ElZa0f6Ocqm2em8"', 'Vary': 'Accept-Encoding', 'Content-Encoding': 'gzip', 'CF-Cache-Status': 'DYNAMIC', 'Report-To': '{"endpoints":[{"url":"https:\\/\\/a.nel.cloudflare.com\\/report\\/v4?s=o1N2o9tTW5F9OUfsxsAzQSpet8EFShmk7erd1dGnxszAN2itcalf%2BvNOL9pS2JK9n4l%2FARUgkHTgjSYpbBScn7DWaGSBm7jtZR1dei759NJYfv3Qp0CeF5eVceAwhia8"}],"group":"cf-nel","max_age":604800}', 'NEL': '{"success_fraction":0,"report_to":"cf-nel","max_age":604800}', 'Server': 'cloudflare', 'CF-RAY': '89aefd7adf845710-IAD', 'alt-svc': 'h3=":443"; ma=86400'} 
 body={"results":[{"gender":"female","name":{"title":"Miss","first":"Sara","last":"Riojas"},"location":{"street":{"number":6978,"name":"Diagonal Nayarit"},"city":"Bahía Tortugas","state":"Puebla","country":"Mexico","postcode":98898,"coordinates":{"latitude":"24.6879","longitude":"134.6671"},"timezone":{"offset":"+4:30","description":"Kabul"}},"email":"sara.riojas@example.com","login":{"uuid":"ec3ab91a-fd05-49d1-b709-1c73aa1bdcc3","username":"organiccat813","password":"1012","salt":"YctLZenE","md5":"e60af37f8dab531747f7f2b78e2b1cbe","sha1":"f4748ee18cdc19d4034057d6c208067b074f8ad1","sha256":"a0c3525a6bbe41a7390652316981f190d109eff0af71cd2893d3bee4a4aa5fe2"},"dob":{"date":"1970-06-15T21:55:40.063Z","age":54},"registered":{"date":"2006-08-03T07:30:38.496Z","age":17},"phone":"(660) 687 7221","cell":"(610) 495 4011","id":{"name":"NSS","value":"52 37 17 8137 1"},"picture":{"large":"https://randomuser.me/api/portraits/women/62.jpg","medium":"https://randomuser.me/api/portraits/med/women/62.jpg","thumbnail":"https://randomuser.me/api/portraits/thumb/women/62.jpg"},"nat":"MX"}],"info":{"seed":"3bcef0b86e3492f7","results":1,"page":1,"version":"1.4"}} 
 </msg>
<msg time="2024-06-28T16:17:59.580986" level="INFO">/opt/hostedtoolcache/Python/3.12.4/x64/lib/python3.12/site-packages/urllib3/connectionpool.py:1099: InsecureRequestWarning: Unverified HTTPS request is being made to host 'randomuser.me'. Adding certificate verification is strongly advised. See: https://urllib3.readthedocs.io/en/latest/advanced-usage.html#tls-warnings
  warnings.warn(</msg>
<msg time="2024-06-28T16:17:59.581098" level="INFO">${response} = &lt;Response [200]&gt;</msg>
<var>${response}</var>
<arg>consultarAPI</arg>
<arg>/api</arg>
<doc>Sends a GET request on a previously created HTTP Session.</doc>
<status status="PASS" start="2024-06-28T16:17:59.492096" elapsed="0.089045"/>
</kw>
<kw name="Set Variable" owner="BuiltIn">
<msg time="2024-06-28T16:17:59.582264" level="INFO">${json_data} = {'results': [{'gender': 'female', 'name': {'title': 'Miss', 'first': 'Sara', 'last': 'Riojas'}, 'location': {'street': {'number': 6978, 'name': 'Diagonal Nayarit'}, 'city': 'Bahía Tortugas', 'state': ...</msg>
<var>${json_data}</var>
<arg>${response.json()}</arg>
<doc>Returns the given values which can then be assigned to a variables.</doc>
<status status="PASS" start="2024-06-28T16:17:59.581700" elapsed="0.000599"/>
</kw>
<kw name="Log" owner="BuiltIn">
<msg time="2024-06-28T16:17:59.582856" level="INFO">{'results': [{'gender': 'female', 'name': {'title': 'Miss', 'first': 'Sara', 'last': 'Riojas'}, 'location': {'street': {'number': 6978, 'name': 'Diagonal Nayarit'}, 'city': 'Bahía Tortugas', 'state': 'Puebla', 'country': 'Mexico', 'postcode': 98898, 'coordinates': {'latitude': '24.6879', 'longitude': '134.6671'}, 'timezone': {'offset': '+4:30', 'description': 'Kabul'}}, 'email': 'sara.riojas@example.com', 'login': {'uuid': 'ec3ab91a-fd05-49d1-b709-1c73aa1bdcc3', 'username': 'organiccat813', 'password': '1012', 'salt': 'YctLZenE', 'md5': 'e60af37f8dab531747f7f2b78e2b1cbe', 'sha1': 'f4748ee18cdc19d4034057d6c208067b074f8ad1', 'sha256': 'a0c3525a6bbe41a7390652316981f190d109eff0af71cd2893d3bee4a4aa5fe2'}, 'dob': {'date': '1970-06-15T21:55:40.063Z', 'age': 54}, 'registered': {'date': '2006-08-03T07:30:38.496Z', 'age': 17}, 'phone': '(660) 687 7221', 'cell': '(610) 495 4011', 'id': {'name': 'NSS', 'value': '52 37 17 8137 1'}, 'picture': {'large': 'https://randomuser.me/api/portraits/women/62.jpg', 'medium': 'https://randomuser.me/api/portraits/med/women/62.jpg', 'thumbnail': 'https://randomuser.me/api/portraits/thumb/women/62.jpg'}, 'nat': 'MX'}], 'info': {'seed': '3bcef0b86e3492f7', 'results': 1, 'page': 1, 'version': '1.4'}}</msg>
<arg>${json_data}</arg>
<doc>Logs the given message with the given level.</doc>
<status status="PASS" start="2024-06-28T16:17:59.582636" elapsed="0.000274"/>
</kw>
<kw name="Should Be Equal As Numbers" owner="BuiltIn">
<arg>${json_data['results'][0]['location']['postcode']}</arg>
<arg>${json_data['results'][0]['location']['postcode']}</arg>
<doc>Fails if objects are unequal after converting them to real numbers.</doc>
<status status="PASS" start="2024-06-28T16:17:59.583220" elapsed="0.000641"/>
</kw>
<kw name="Log" owner="BuiltIn">
<msg time="2024-06-28T16:17:59.584397" level="INFO">98898</msg>
<arg>${json_data['results'][0]['location']['postcode']}</arg>
<doc>Logs the given message with the given level.</doc>
<status status="PASS" start="2024-06-28T16:17:59.584049" elapsed="0.000411"/>
</kw>
<status status="PASS" start="2024-06-28T16:17:59.491871" elapsed="0.092952"/>
</kw>
<doc>Testa se os tipos de dados na resposta da API estão corretos.</doc>
<tag>testeTiposDados</tag>
<status status="PASS" start="2024-06-28T16:17:59.420478" elapsed="0.164556"/>
</test>
<test id="s1-s1-t5" name="Validar conteudo" line="35">
<kw name="Teste de Tipos de Conteudo" owner="random-user-service">
<kw name="GET On Session" owner="RequestsLibrary">
<msg time="2024-06-28T16:17:59.684168" level="INFO">GET Request : url=https://randomuser.me/api 
 path_url=/api 
 headers={'User-Agent': 'python-requests/2.32.3', 'Accept-Encoding': 'gzip, deflate', 'Accept': '*/*', 'Connection': 'keep-alive'} 
 body=None 
 </msg>
<msg time="2024-06-28T16:17:59.684245" level="INFO">GET Response : url=https://randomuser.me/api 
 status=200, reason=OK 
 headers={'Date': 'Fri, 28 Jun 2024 16:17:59 GMT', 'Content-Type': 'application/json; charset=utf-8', 'Transfer-Encoding': 'chunked', 'Connection': 'keep-alive', 'X-Powered-By': 'Express', 'Access-Control-Allow-Origin': '*', 'Cache-Control': 'no-cache', 'ETag': 'W/"477-0Hwsxkh5WpWip1tTFzPWuk26iUo"', 'Vary': 'Accept-Encoding', 'Content-Encoding': 'gzip', 'CF-Cache-Status': 'DYNAMIC', 'Report-To': '{"endpoints":[{"url":"https:\\/\\/a.nel.cloudflare.com\\/report\\/v4?s=yS7CbOQBZCVtdZCtz86vyKJZX59J2%2F0T5f5R9jlhByqNuT%2FGEopMD1MkFWtohmPVzWGBuRM3zjKZsXiW5owcI6DsrXAtUsnw6rMUQ4hyGxwHyehlflxHoZ7cTQJZziFj"}],"group":"cf-nel","max_age":604800}', 'NEL': '{"success_fraction":0,"report_to":"cf-nel","max_age":604800}', 'Server': 'cloudflare', 'CF-RAY': '89aefd7b680d5710-IAD', 'alt-svc': 'h3=":443"; ma=86400'} 
 body={"results":[{"gender":"male","name":{"title":"Mr","first":"Rodoljub","last":"Ćirić"},"location":{"street":{"number":6489,"name":"Tatjane Bošnjak"},"city":"Dimitrovgrad","state":"Moravica","country":"Serbia","postcode":17119,"coordinates":{"latitude":"57.6271","longitude":"-35.3394"},"timezone":{"offset":"-9:00","description":"Alaska"}},"email":"rodoljub.ciric@example.com","login":{"uuid":"b11ad351-667d-4830-809e-5aaed5da8943","username":"purpletiger435","password":"159357","salt":"xyEYFpac","md5":"5df56f508b874dcde5b929bdc514a003","sha1":"76b36428661f64c0da68a2708739024dea995000","sha256":"6fc3c34a26cfb81ccc756867a62ed30746f96fe12c2f03c9f675b1399b3fc80a"},"dob":{"date":"1982-01-30T17:11:12.129Z","age":42},"registered":{"date":"2015-04-16T02:32:32.491Z","age":9},"phone":"033-8655-224","cell":"068-3203-659","id":{"name":"SID","value":"588406061"},"picture":{"large":"https://randomuser.me/api/portraits/men/89.jpg","medium":"https://randomuser.me/api/portraits/med/men/89.jpg","thumbnail":"https://randomuser.me/api/portraits/thumb/men/89.jpg"},"nat":"RS"}],"info":{"seed":"01dc26dc0115778e","results":1,"page":1,"version":"1.4"}} 
 </msg>
<msg time="2024-06-28T16:17:59.684324" level="INFO">/opt/hostedtoolcache/Python/3.12.4/x64/lib/python3.12/site-packages/urllib3/connectionpool.py:1099: InsecureRequestWarning: Unverified HTTPS request is being made to host 'randomuser.me'. Adding certificate verification is strongly advised. See: https://urllib3.readthedocs.io/en/latest/advanced-usage.html#tls-warnings
  warnings.warn(</msg>
<msg time="2024-06-28T16:17:59.684423" level="INFO">${response} = &lt;Response [200]&gt;</msg>
<var>${response}</var>
<arg>consultarAPI</arg>
<arg>/api</arg>
<doc>Sends a GET request on a previously created HTTP Session.</doc>
<status status="PASS" start="2024-06-28T16:17:59.587768" elapsed="0.096687"/>
</kw>
<kw name="Set Variable" owner="BuiltIn">
<msg time="2024-06-28T16:17:59.685363" level="INFO">${json_data} = {'results': [{'gender': 'male', 'name': {'title': 'Mr', 'first': 'Rodoljub', 'last': 'Ćirić'}, 'location': {'street': {'number': 6489, 'name': 'Tatjane Bošnjak'}, 'city': 'Dimitrovgrad', 'state': 'Mor...</msg>
<var>${json_data}</var>
<arg>${response.json()}</arg>
<doc>Returns the given values which can then be assigned to a variables.</doc>
<status status="PASS" start="2024-06-28T16:17:59.684882" elapsed="0.000511"/>
</kw>
<kw name="Set Variable" owner="BuiltIn">
<msg time="2024-06-28T16:17:59.686069" level="INFO">${name_title} = Mr</msg>
<var>${name_title}</var>
<arg>${json_data["results"][0]["name"]["title"]}</arg>
<doc>Returns the given values which can then be assigned to a variables.</doc>
<status status="PASS" start="2024-06-28T16:17:59.685696" elapsed="0.000397"/>
</kw>
<kw name="Create List" owner="BuiltIn">
<msg time="2024-06-28T16:17:59.686528" level="INFO">${allowed_titles} = ['Mr', 'Ms', 'Miss', 'Mrs', 'Madame', 'Monsieur']</msg>
<var>${allowed_titles}</var>
<arg>Mr</arg>
<arg>Ms</arg>
<arg>Miss</arg>
<arg>Mrs</arg>
<arg>Madame</arg>
<arg>Monsieur</arg>
<doc>Returns a list containing given items.</doc>
<status status="PASS" start="2024-06-28T16:17:59.686382" elapsed="0.000170"/>
</kw>
<kw name="List Should Contain Value" owner="Collections">
<arg>${allowed_titles}</arg>
<arg>${name_title}</arg>
<doc>Fails if the ``value`` is not found from ``list``.</doc>
<status status="PASS" start="2024-06-28T16:17:59.686890" elapsed="0.000182"/>
</kw>
<kw name="Set Variable" owner="BuiltIn">
<msg time="2024-06-28T16:17:59.687611" level="INFO">${name_country} = RS</msg>
<var>${name_country}</var>
<arg>${json_data["results"][0]["nat"]}</arg>
<doc>Returns the given values which can then be assigned to a variables.</doc>
<status status="PASS" start="2024-06-28T16:17:59.687250" elapsed="0.000385"/>
</kw>
<kw name="Create List" owner="BuiltIn">
<msg time="2024-06-28T16:17:59.688552" level="INFO">${list_country} = ['AD', 'AE', 'AF', 'AG', 'AI', 'AL', 'AM', 'AO', 'AQ', 'AR', 'AS', 'AT', 'AU', 'AW', 'AX', 'AZ', 'BA', 'BB', 'BD', 'BE', 'BF', 'BG', 'BH', 'BI', 'BJ', 'BL', 'BM', 'BN', 'BO', 'BQ', 'BR', 'BS', 'BT', '...</msg>
<var>${list_country}</var>
<arg>AD</arg>
<arg>AE</arg>
<arg>AF</arg>
<arg>AG</arg>
<arg>AI</arg>
<arg>AL</arg>
<arg>AM</arg>
<arg>AO</arg>
<arg>AQ</arg>
<arg>AR</arg>
<arg>AS</arg>
<arg>AT</arg>
<arg>AU</arg>
<arg>AW</arg>
<arg>AX</arg>
<arg>AZ</arg>
<arg>BA</arg>
<arg>BB</arg>
<arg>BD</arg>
<arg>BE</arg>
<arg>BF</arg>
<arg>BG</arg>
<arg>BH</arg>
<arg>BI</arg>
<arg>BJ</arg>
<arg>BL</arg>
<arg>BM</arg>
<arg>BN</arg>
<arg>BO</arg>
<arg>BQ</arg>
<arg>BR</arg>
<arg>BS</arg>
<arg>BT</arg>
<arg>BV</arg>
<arg>BW</arg>
<arg>BY</arg>
<arg>BZ</arg>
<arg>CA</arg>
<arg>CC</arg>
<arg>CD</arg>
<arg>CF</arg>
<arg>CG</arg>
<arg>CH</arg>
<arg>CI</arg>
<arg>CK</arg>
<arg>CL</arg>
<arg>CM</arg>
<arg>CN</arg>
<arg>CO</arg>
<arg>CR</arg>
<arg>CU</arg>
<arg>CV</arg>
<arg>CW</arg>
<arg>CX</arg>
<arg>CY</arg>
<arg>CZ</arg>
<arg>DE</arg>
<arg>DJ</arg>
<arg>DK</arg>
<arg>DM</arg>
<arg>DO</arg>
<arg>DZ</arg>
<arg>EC</arg>
<arg>EE</arg>
<arg>EG</arg>
<arg>EH</arg>
<arg>ER</arg>
<arg>ES</arg>
<arg>ET</arg>
<arg>FI</arg>
<arg>FJ</arg>
<arg>FK</arg>
<arg>FM</arg>
<arg>FO</arg>
<arg>FR</arg>
<arg>GA</arg>
<arg>GB</arg>
<arg>GD</arg>
<arg>GE</arg>
<arg>GF</arg>
<arg>GG</arg>
<arg>GH</arg>
<arg>GI</arg>
<arg>GL</arg>
<arg>GM</arg>
<arg>GN</arg>
<arg>GP</arg>
<arg>GQ</arg>
<arg>GR</arg>
<arg>GS</arg>
<arg>GT</arg>
<arg>GU</arg>
<arg>GW</arg>
<arg>GY</arg>
<arg>HK</arg>
<arg>HM</arg>
<arg>HN</arg>
<arg>HR</arg>
<arg>HT</arg>
<arg>HU</arg>
<arg>ID</arg>
<arg>IE</arg>
<arg>IL</arg>
<arg>IM</arg>
<arg>IN</arg>
<arg>IO</arg>
<arg>IQ</arg>
<arg>IR</arg>
<arg>IS</arg>
<arg>IT</arg>
<arg>JE</arg>
<arg>JM</arg>
<arg>JO</arg>
<arg>JP</arg>
<arg>KE</arg>
<arg>KG</arg>
<arg>KH</arg>
<arg>KI</arg>
<arg>KM</arg>
<arg>KN</arg>
<arg>KP</arg>
<arg>KR</arg>
<arg>KW</arg>
<arg>KY</arg>
<arg>KZ</arg>
<arg>LA</arg>
<arg>LB</arg>
<arg>LC</arg>
<arg>LI</arg>
<arg>LK</arg>
<arg>LR</arg>
<arg>LS</arg>
<arg>LT</arg>
<arg>LU</arg>
<arg>LV</arg>
<arg>LY</arg>
<arg>MA</arg>
<arg>MC</arg>
<arg>MD</arg>
<arg>ME</arg>
<arg>MF</arg>
<arg>MG</arg>
<arg>MH</arg>
<arg>MK</arg>
<arg>ML</arg>
<arg>MM</arg>
<arg>MN</arg>
<arg>MO</arg>
<arg>MP</arg>
<arg>MQ</arg>
<arg>MR</arg>
<arg>MS</arg>
<arg>MT</arg>
<arg>MU</arg>
<arg>MV</arg>
<arg>MW</arg>
<arg>MX</arg>
<arg>MY</arg>
<arg>MZ</arg>
<arg>NA</arg>
<arg>NC</arg>
<arg>NE</arg>
<arg>NF</arg>
<arg>NG</arg>
<arg>NI</arg>
<arg>NL</arg>
<arg>NO</arg>
<arg>NP</arg>
<arg>NR</arg>
<arg>NU</arg>
<arg>NZ</arg>
<arg>OM</arg>
<arg>PA</arg>
<arg>PE</arg>
<arg>PF</arg>
<arg>PG</arg>
<arg>PH</arg>
<arg>PK</arg>
<arg>PL</arg>
<arg>PM</arg>
<arg>PN</arg>
<arg>PR</arg>
<arg>PS</arg>
<arg>PT</arg>
<arg>PW</arg>
<arg>PY</arg>
<arg>QA</arg>
<arg>RE</arg>
<arg>RO</arg>
<arg>RS</arg>
<arg>RU</arg>
<arg>RW</arg>
<arg>SA</arg>
<arg>SB</arg>
<arg>SC</arg>
<arg>SD</arg>
<arg>SE</arg>
<arg>SG</arg>
<arg>SH</arg>
<arg>SI</arg>
<arg>SJ</arg>
<arg>SK</arg>
<arg>SL</arg>
<arg>SM</arg>
<arg>SN</arg>
<arg>SO</arg>
<arg>SR</arg>
<arg>SS</arg>
<arg>ST</arg>
<arg>SV</arg>
<arg>SX</arg>
<arg>SY</arg>
<arg>SZ</arg>
<arg>TC</arg>
<arg>TD</arg>
<arg>TF</arg>
<arg>TG</arg>
<arg>TH</arg>
<arg>TJ</arg>
<arg>TK</arg>
<arg>TL</arg>
<arg>TM</arg>
<arg>TN</arg>
<arg>TO</arg>
<arg>TR</arg>
<arg>TT</arg>
<arg>TV</arg>
<arg>TW</arg>
<arg>TZ</arg>
<arg>UA</arg>
<arg>UG</arg>
<arg>UM</arg>
<arg>US</arg>
<arg>UY</arg>
<arg>UZ</arg>
<arg>VA</arg>
<arg>VC</arg>
<arg>VE</arg>
<arg>VG</arg>
<arg>VI</arg>
<arg>VN</arg>
<arg>VU</arg>
<arg>WF</arg>
<arg>WS</arg>
<arg>XK</arg>
<arg>YE</arg>
<arg>YT</arg>
<arg>ZA</arg>
<arg>ZM</arg>
<arg>ZW</arg>
<doc>Returns a list containing given items.</doc>
<status status="PASS" start="2024-06-28T16:17:59.687925" elapsed="0.000654"/>
</kw>
<kw name="List Should Contain Value" owner="Collections">
<arg>${list_country}</arg>
<arg>${name_country}</arg>
<doc>Fails if the ``value`` is not found from ``list``.</doc>
<status status="PASS" start="2024-06-28T16:17:59.689401" elapsed="0.000205"/>
</kw>
<kw name="Run Keyword If" owner="BuiltIn">
<kw name="Should Be True" owner="BuiltIn">
<arg>${True}</arg>
<doc>Fails if the given condition is not true.</doc>
<status status="PASS" start="2024-06-28T16:17:59.690534" elapsed="0.000140"/>
</kw>
<arg>${json_data["results"][0]["location"]["coordinates"]["latitude"]} &gt;= -90 and ${json_data["results"][0]["location"]["coordinates"]["latitude"]} &lt;= 90</arg>
<arg>Should Be True</arg>
<arg>${True}</arg>
<doc>Runs the given keyword with the given arguments, if ``condition`` is true.</doc>
<status status="PASS" start="2024-06-28T16:17:59.689798" elapsed="0.001038"/>
</kw>
<kw name="Run Keyword If" owner="BuiltIn">
<kw name="Should Be True" owner="BuiltIn">
<arg>${True}</arg>
<doc>Fails if the given condition is not true.</doc>
<status status="PASS" start="2024-06-28T16:17:59.691708" elapsed="0.000138"/>
</kw>
<arg>${json_data["results"][0]["location"]["coordinates"]["longitude"]} &gt;= -180 and ${json_data["results"][0]["location"]["coordinates"]["longitude"]} &lt;= 180</arg>
<arg>Should Be True</arg>
<arg>${True}</arg>
<doc>Runs the given keyword with the given arguments, if ``condition`` is true.</doc>
<status status="PASS" start="2024-06-28T16:17:59.691021" elapsed="0.000949"/>
</kw>
<status status="PASS" start="2024-06-28T16:17:59.587384" elapsed="0.104716"/>
</kw>
<doc>Testa o conteúdo específico dos campos retornados pela API.</doc>
<tag>testeConteudo</tag>
<status status="PASS" start="2024-06-28T16:17:59.586854" elapsed="0.105394"/>
</test>
<status status="PASS" start="2024-06-28T16:17:58.760037" elapsed="0.934190"/>
</suite>
<status status="PASS" start="2024-06-28T16:17:58.745486" elapsed="0.953957"/>
</suite>
<statistics>
<total>
<stat pass="5" fail="0" skip="0">All Tests</stat>
</total>
<tag>
<stat pass="1" fail="0" skip="0">testeConteudo</stat>
<stat pass="1" fail="0" skip="0">testeEstruturaResposta</stat>
<stat pass="1" fail="0" skip="0">testeRequisicaoBasica</stat>
<stat pass="1" fail="0" skip="0">testeTiposDados</stat>
</tag>
<suite>
<stat pass="5" fail="0" skip="0" id="s1" name="Tests">Tests</stat>
<stat pass="5" fail="0" skip="0" id="s1-s1" name="Random-User-Test">Tests.Random-User-Test</stat>
</suite>
</statistics>
<errors>
</errors>
</robot>
