<?xml version="1.0" encoding="UTF-8"?>
<robot generator="Robot 7.0 (Python 3.12.2 on linux)" generated="2024-04-09T08:17:18.426363" rpa="false" schemaversion="5">
<suite id="s1" name="Tests" source="/home/runner/work/DesafioQAItauRogerioJordao/DesafioQAItauRogerioJordao/RamdonUser/tests">
<suite id="s1-s1" name="Random-User-Test" source="/home/runner/work/DesafioQAItauRogerioJordao/DesafioQAItauRogerioJordao/RamdonUser/tests/random-user-test.robot">
<test id="s1-s1-t1" name="Conectar" line="13">
<kw name="Conectar API" owner="random-user-service">
<kw name="Create Session" owner="RequestsLibrary">
<msg time="2024-04-09T08:17:18.796603" level="INFO">Creating Session using : alias=consultarAPI, url=https://randomuser.me/, headers={},                     cookies={}, auth=None, timeout=None, proxies=None, verify=False,                     debug=0 </msg>
<arg>consultarAPI</arg>
<arg>${URL}</arg>
<doc>Create Session: create a HTTP session to a server</doc>
<status status="PASS" start="2024-04-09T08:17:18.796395" elapsed="0.000393"/>
</kw>
<status status="PASS" start="2024-04-09T08:17:18.795331" elapsed="0.001832"/>
</kw>
<status status="PASS" start="2024-04-09T08:17:18.794778" elapsed="0.002590"/>
</test>
<test id="s1-s1-t2" name="Validar retorno 200 e JSON Válido" line="16">
<kw name="Teste de Requisicao Basica" owner="random-user-service">
<kw name="GET On Session" owner="RequestsLibrary">
<msg time="2024-04-09T08:17:18.868740" level="INFO">GET Request : url=https://randomuser.me/api 
 path_url=/api 
 headers={'User-Agent': 'python-requests/2.31.0', 'Accept-Encoding': 'gzip, deflate', 'Accept': '*/*', 'Connection': 'keep-alive'} 
 body=None 
 </msg>
<msg time="2024-04-09T08:17:18.868888" level="INFO">GET Response : url=https://randomuser.me/api 
 status=200, reason=OK 
 headers={'Date': 'Tue, 09 Apr 2024 08:17:18 GMT', 'Content-Type': 'application/json; charset=utf-8', 'Transfer-Encoding': 'chunked', 'Connection': 'keep-alive', 'X-Powered-By': 'Express', 'Access-Control-Allow-Origin': '*', 'Cache-Control': 'no-cache', 'ETag': 'W/"48c-+qbgyVm6toWUdtQewIrCs0D6tO4"', 'Vary': 'Accept-Encoding', 'Content-Encoding': 'gzip', 'CF-Cache-Status': 'DYNAMIC', 'Report-To': '{"endpoints":[{"url":"https:\\/\\/a.nel.cloudflare.com\\/report\\/v4?s=fb%2F6IyvhawMKAxbmnhh6W7G%2B6%2F75L3rroYESiEUdLqyEl67xlC70JmKERJesDp7wLOf3KZPfcblk0o5urEC0qC0yOgdzDLjUZHy88nQO2GM7qwwUTLIp9Uc%2F%2FCeoVH5M"}],"group":"cf-nel","max_age":604800}', 'NEL': '{"success_fraction":0,"report_to":"cf-nel","max_age":604800}', 'Server': 'cloudflare', 'CF-RAY': '87190f5cba4c61aa-ORD', 'alt-svc': 'h3=":443"; ma=86400'} 
 body={"results":[{"gender":"female","name":{"title":"Miss","first":"Justine","last":"Gauthier"},"location":{"street":{"number":4968,"name":"15th St"},"city":"Maitland","state":"Alberta","country":"Canada","postcode":"Y0R 5U7","coordinates":{"latitude":"-67.3095","longitude":"128.9371"},"timezone":{"offset":"+7:00","description":"Bangkok, Hanoi, Jakarta"}},"email":"justine.gauthier@example.com","login":{"uuid":"a51d7090-8636-457c-a51c-245487c07e79","username":"silverdog346","password":"babygirl","salt":"xnywDWyt","md5":"4cd0557c156c93aae3e0d87ff1117475","sha1":"c212ddbed739b72c2220b47e9d54aa6637845ab7","sha256":"336e6081c83e42d9af36eb19ec5cb8521738097a7454f9ffd36ebf21b8e961ac"},"dob":{"date":"1964-01-03T03:29:59.679Z","age":60},"registered":{"date":"2008-03-04T10:04:34.596Z","age":16},"phone":"L70 L84-5232","cell":"B10 K22-6857","id":{"name":"SIN","value":"369382247"},"picture":{"large":"https://randomuser.me/api/portraits/women/51.jpg","medium":"https://randomuser.me/api/portraits/med/women/51.jpg","thumbnail":"https://randomuser.me/api/portraits/thumb/women/51.jpg"},"nat":"CA"}],"info":{"seed":"032b06549ed79a75","results":1,"page":1,"version":"1.4"}} 
 </msg>
<msg time="2024-04-09T08:17:18.868964" level="INFO">/opt/hostedtoolcache/Python/3.12.2/x64/lib/python3.12/site-packages/urllib3/connectionpool.py:1103: InsecureRequestWarning: Unverified HTTPS request is being made to host 'randomuser.me'. Adding certificate verification is strongly advised. See: https://urllib3.readthedocs.io/en/latest/advanced-usage.html#tls-warnings
  warnings.warn(</msg>
<msg time="2024-04-09T08:17:18.869116" level="INFO">${response} = &lt;Response [200]&gt;</msg>
<var>${response}</var>
<arg>consultarAPI</arg>
<arg>/api</arg>
<doc>Sends a GET request on a previously created HTTP Session.</doc>
<status status="PASS" start="2024-04-09T08:17:18.799970" elapsed="0.069188"/>
</kw>
<kw name="Should Be Equal As Numbers" owner="BuiltIn">
<msg time="2024-04-09T08:17:18.870333" level="INFO">Argument types are:
&lt;class 'int'&gt;
&lt;class 'str'&gt;</msg>
<arg>${response.status_code}</arg>
<arg>200</arg>
<doc>Fails if objects are unequal after converting them to real numbers.</doc>
<status status="PASS" start="2024-04-09T08:17:18.869806" elapsed="0.000593"/>
</kw>
<kw name="Log" owner="BuiltIn">
<msg time="2024-04-09T08:17:18.871088" level="INFO">200</msg>
<arg>${response.status_code}</arg>
<doc>Logs the given message with the given level.</doc>
<status status="PASS" start="2024-04-09T08:17:18.870726" elapsed="0.000404"/>
</kw>
<kw name="Set Variable" owner="BuiltIn">
<msg time="2024-04-09T08:17:18.871888" level="INFO">${json_data} = {'results': [{'gender': 'female', 'name': {'title': 'Miss', 'first': 'Justine', 'last': 'Gauthier'}, 'location': {'street': {'number': 4968, 'name': '15th St'}, 'city': 'Maitland', 'state': 'Alberta',...</msg>
<var>${json_data}</var>
<arg>${response.json()}</arg>
<doc>Returns the given values which can then be assigned to a variables.</doc>
<status status="PASS" start="2024-04-09T08:17:18.871454" elapsed="0.000463"/>
</kw>
<kw name="Dictionary Should Contain Key" owner="Collections">
<msg time="2024-04-09T08:17:18.872386" level="INFO">False</msg>
<arg>${json_data}</arg>
<arg>results</arg>
<doc>Fails if ``key`` is not found from ``dictionary``.</doc>
<status status="PASS" start="2024-04-09T08:17:18.872218" elapsed="0.000206"/>
</kw>
<status status="PASS" start="2024-04-09T08:17:18.799716" elapsed="0.072968"/>
</kw>
<doc>Testa se a API responde corretamente e retorna um objeto JSON válido.</doc>
<tag>testeRequisicaoBasica</tag>
<status status="PASS" start="2024-04-09T08:17:18.799254" elapsed="0.073620"/>
</test>
<test id="s1-s1-t3" name="Validar estrutura de resposta" line="22">
<kw name="Teste de Estrutura de Resposta" owner="random-user-service">
<kw name="GET On Session" owner="RequestsLibrary">
<msg time="2024-04-09T08:17:18.970073" level="INFO">GET Request : url=https://randomuser.me/api 
 path_url=/api 
 headers={'User-Agent': 'python-requests/2.31.0', 'Accept-Encoding': 'gzip, deflate', 'Accept': '*/*', 'Connection': 'keep-alive'} 
 body=None 
 </msg>
<msg time="2024-04-09T08:17:18.970199" level="INFO">GET Response : url=https://randomuser.me/api 
 status=200, reason=OK 
 headers={'Date': 'Tue, 09 Apr 2024 08:17:18 GMT', 'Content-Type': 'application/json; charset=utf-8', 'Transfer-Encoding': 'chunked', 'Connection': 'keep-alive', 'X-Powered-By': 'Express', 'Access-Control-Allow-Origin': '*', 'Cache-Control': 'no-cache', 'ETag': 'W/"4a0-jN+Gy/In1yJL61SWLRfrBQCUbls"', 'Vary': 'Accept-Encoding', 'Content-Encoding': 'gzip', 'CF-Cache-Status': 'DYNAMIC', 'Report-To': '{"endpoints":[{"url":"https:\\/\\/a.nel.cloudflare.com\\/report\\/v4?s=C5%2FXoQ4zKyDP9gN%2FJ9oL8ausWBfNMLkhdvjg5JDE3u1K6qny%2BZnBVVwv%2Bqlo2XIUm5N7Lrb2v%2F7Jb0H6%2BNfB3ssEv9eZtXzYafL8QcLaGSKWZopDjBp7A2I26Jin%2BqZC"}],"group":"cf-nel","max_age":604800}', 'NEL': '{"success_fraction":0,"report_to":"cf-nel","max_age":604800}', 'Server': 'cloudflare', 'CF-RAY': '87190f5cfa6261aa-ORD', 'alt-svc': 'h3=":443"; ma=86400'} 
 body={"results":[{"gender":"female","name":{"title":"Mrs","first":"Svenja","last":"Thiemann"},"location":{"street":{"number":7174,"name":"Kiefernweg"},"city":"Saarlouis","state":"Niedersachsen","country":"Germany","postcode":56043,"coordinates":{"latitude":"-54.6716","longitude":"79.6962"},"timezone":{"offset":"+8:00","description":"Beijing, Perth, Singapore, Hong Kong"}},"email":"svenja.thiemann@example.com","login":{"uuid":"ee7db7c8-8ed3-40af-8da6-4c0eb3bd2b3d","username":"greenfish788","password":"peyton","salt":"6ZnbP8sY","md5":"8ca067befaeaaae142b827dcae4aaac6","sha1":"82c0a6bc0d893c01d51ce4198e9265b495c9a623","sha256":"5d1be85ee1084b9e15eff5dd7d6a2eea3177d5728df7888486f63af2e02fd64c"},"dob":{"date":"1945-09-05T11:27:33.895Z","age":78},"registered":{"date":"2020-05-01T06:23:39.619Z","age":3},"phone":"0268-1728785","cell":"0173-3111999","id":{"name":"SVNR","value":"17 050945 T 701"},"picture":{"large":"https://randomuser.me/api/portraits/women/71.jpg","medium":"https://randomuser.me/api/portraits/med/women/71.jpg","thumbnail":"https://randomuser.me/api/portraits/thumb/women/71.jpg"},"nat":"DE"}],"info":{"seed":"8aee7959c50ace38","results":1,"page":1,"version":"1.4"}} 
 </msg>
<msg time="2024-04-09T08:17:18.970351" level="INFO">/opt/hostedtoolcache/Python/3.12.2/x64/lib/python3.12/site-packages/urllib3/connectionpool.py:1103: InsecureRequestWarning: Unverified HTTPS request is being made to host 'randomuser.me'. Adding certificate verification is strongly advised. See: https://urllib3.readthedocs.io/en/latest/advanced-usage.html#tls-warnings
  warnings.warn(</msg>
<msg time="2024-04-09T08:17:18.970487" level="INFO">${response} = &lt;Response [200]&gt;</msg>
<var>${response}</var>
<arg>consultarAPI</arg>
<arg>/api</arg>
<doc>Sends a GET request on a previously created HTTP Session.</doc>
<status status="PASS" start="2024-04-09T08:17:18.875785" elapsed="0.094741"/>
</kw>
<kw name="Set Variable" owner="BuiltIn">
<msg time="2024-04-09T08:17:18.971762" level="INFO">${json_data} = {'results': [{'gender': 'female', 'name': {'title': 'Mrs', 'first': 'Svenja', 'last': 'Thiemann'}, 'location': {'street': {'number': 7174, 'name': 'Kiefernweg'}, 'city': 'Saarlouis', 'state': 'Nieders...</msg>
<var>${json_data}</var>
<arg>${response.json()}</arg>
<doc>Returns the given values which can then be assigned to a variables.</doc>
<status status="PASS" start="2024-04-09T08:17:18.971144" elapsed="0.000646"/>
</kw>
<kw name="Log" owner="BuiltIn">
<msg time="2024-04-09T08:17:18.972269" level="INFO">{'results': [{'gender': 'female', 'name': {'title': 'Mrs', 'first': 'Svenja', 'last': 'Thiemann'}, 'location': {'street': {'number': 7174, 'name': 'Kiefernweg'}, 'city': 'Saarlouis', 'state': 'Niedersachsen', 'country': 'Germany', 'postcode': 56043, 'coordinates': {'latitude': '-54.6716', 'longitude': '79.6962'}, 'timezone': {'offset': '+8:00', 'description': 'Beijing, Perth, Singapore, Hong Kong'}}, 'email': 'svenja.thiemann@example.com', 'login': {'uuid': 'ee7db7c8-8ed3-40af-8da6-4c0eb3bd2b3d', 'username': 'greenfish788', 'password': 'peyton', 'salt': '6ZnbP8sY', 'md5': '8ca067befaeaaae142b827dcae4aaac6', 'sha1': '82c0a6bc0d893c01d51ce4198e9265b495c9a623', 'sha256': '5d1be85ee1084b9e15eff5dd7d6a2eea3177d5728df7888486f63af2e02fd64c'}, 'dob': {'date': '1945-09-05T11:27:33.895Z', 'age': 78}, 'registered': {'date': '2020-05-01T06:23:39.619Z', 'age': 3}, 'phone': '0268-1728785', 'cell': '0173-3111999', 'id': {'name': 'SVNR', 'value': '17 050945 T 701'}, 'picture': {'large': 'https://randomuser.me/api/portraits/women/71.jpg', 'medium': 'https://randomuser.me/api/portraits/med/women/71.jpg', 'thumbnail': 'https://randomuser.me/api/portraits/thumb/women/71.jpg'}, 'nat': 'DE'}], 'info': {'seed': '8aee7959c50ace38', 'results': 1, 'page': 1, 'version': '1.4'}}</msg>
<arg>${json_data}</arg>
<doc>Logs the given message with the given level.</doc>
<status status="PASS" start="2024-04-09T08:17:18.972107" elapsed="0.000211"/>
</kw>
<kw name="Dictionary Should Contain Key" owner="Collections">
<msg time="2024-04-09T08:17:18.972769" level="INFO">False</msg>
<arg>${json_data}</arg>
<arg>results</arg>
<doc>Fails if ``key`` is not found from ``dictionary``.</doc>
<status status="PASS" start="2024-04-09T08:17:18.972612" elapsed="0.000194"/>
</kw>
<kw name="Should Not Be Empty" owner="BuiltIn">
<msg time="2024-04-09T08:17:18.973231" level="INFO">Length is 2.</msg>
<arg>${json_data}</arg>
<doc>Verifies that the given item is not empty.</doc>
<status status="PASS" start="2024-04-09T08:17:18.973097" elapsed="0.000173"/>
</kw>
<kw name="Create List" owner="BuiltIn">
<msg time="2024-04-09T08:17:18.973704" level="INFO">${expected_keys} = ['gender', 'name', 'location', 'email', 'login']</msg>
<var>${expected_keys}</var>
<arg>gender</arg>
<arg>name</arg>
<arg>location</arg>
<arg>email</arg>
<arg>login</arg>
<doc>Returns a list containing given items.</doc>
<status status="PASS" start="2024-04-09T08:17:18.973557" elapsed="0.000171"/>
</kw>
<for flavor="IN">
<iter>
<kw name="Dictionary Should Contain Key" owner="Collections">
<msg time="2024-04-09T08:17:18.974762" level="INFO">False</msg>
<arg>${json_data['results'][0]}</arg>
<arg>${key}</arg>
<doc>Fails if ``key`` is not found from ``dictionary``.</doc>
<status status="PASS" start="2024-04-09T08:17:18.974356" elapsed="0.000445"/>
</kw>
<kw name="Log" owner="BuiltIn">
<msg time="2024-04-09T08:17:18.975495" level="INFO">{'gender': 'female', 'name': {'title': 'Mrs', 'first': 'Svenja', 'last': 'Thiemann'}, 'location': {'street': {'number': 7174, 'name': 'Kiefernweg'}, 'city': 'Saarlouis', 'state': 'Niedersachsen', 'country': 'Germany', 'postcode': 56043, 'coordinates': {'latitude': '-54.6716', 'longitude': '79.6962'}, 'timezone': {'offset': '+8:00', 'description': 'Beijing, Perth, Singapore, Hong Kong'}}, 'email': 'svenja.thiemann@example.com', 'login': {'uuid': 'ee7db7c8-8ed3-40af-8da6-4c0eb3bd2b3d', 'username': 'greenfish788', 'password': 'peyton', 'salt': '6ZnbP8sY', 'md5': '8ca067befaeaaae142b827dcae4aaac6', 'sha1': '82c0a6bc0d893c01d51ce4198e9265b495c9a623', 'sha256': '5d1be85ee1084b9e15eff5dd7d6a2eea3177d5728df7888486f63af2e02fd64c'}, 'dob': {'date': '1945-09-05T11:27:33.895Z', 'age': 78}, 'registered': {'date': '2020-05-01T06:23:39.619Z', 'age': 3}, 'phone': '0268-1728785', 'cell': '0173-3111999', 'id': {'name': 'SVNR', 'value': '17 050945 T 701'}, 'picture': {'large': 'https://randomuser.me/api/portraits/women/71.jpg', 'medium': 'https://randomuser.me/api/portraits/med/women/71.jpg', 'thumbnail': 'https://randomuser.me/api/portraits/thumb/women/71.jpg'}, 'nat': 'DE'}</msg>
<arg>${json_data['results'][0]}</arg>
<doc>Logs the given message with the given level.</doc>
<status status="PASS" start="2024-04-09T08:17:18.975129" elapsed="0.000424"/>
</kw>
<kw name="Log" owner="BuiltIn">
<msg time="2024-04-09T08:17:18.975990" level="INFO">gender</msg>
<arg>${key}</arg>
<doc>Logs the given message with the given level.</doc>
<status status="PASS" start="2024-04-09T08:17:18.975856" elapsed="0.000171"/>
</kw>
<var name="${key}">gender</var>
<status status="PASS" start="2024-04-09T08:17:18.974226" elapsed="0.002026"/>
</iter>
<iter>
<kw name="Dictionary Should Contain Key" owner="Collections">
<msg time="2024-04-09T08:17:18.976953" level="INFO">False</msg>
<arg>${json_data['results'][0]}</arg>
<arg>${key}</arg>
<doc>Fails if ``key`` is not found from ``dictionary``.</doc>
<status status="PASS" start="2024-04-09T08:17:18.976560" elapsed="0.000431"/>
</kw>
<kw name="Log" owner="BuiltIn">
<msg time="2024-04-09T08:17:18.977672" level="INFO">{'gender': 'female', 'name': {'title': 'Mrs', 'first': 'Svenja', 'last': 'Thiemann'}, 'location': {'street': {'number': 7174, 'name': 'Kiefernweg'}, 'city': 'Saarlouis', 'state': 'Niedersachsen', 'country': 'Germany', 'postcode': 56043, 'coordinates': {'latitude': '-54.6716', 'longitude': '79.6962'}, 'timezone': {'offset': '+8:00', 'description': 'Beijing, Perth, Singapore, Hong Kong'}}, 'email': 'svenja.thiemann@example.com', 'login': {'uuid': 'ee7db7c8-8ed3-40af-8da6-4c0eb3bd2b3d', 'username': 'greenfish788', 'password': 'peyton', 'salt': '6ZnbP8sY', 'md5': '8ca067befaeaaae142b827dcae4aaac6', 'sha1': '82c0a6bc0d893c01d51ce4198e9265b495c9a623', 'sha256': '5d1be85ee1084b9e15eff5dd7d6a2eea3177d5728df7888486f63af2e02fd64c'}, 'dob': {'date': '1945-09-05T11:27:33.895Z', 'age': 78}, 'registered': {'date': '2020-05-01T06:23:39.619Z', 'age': 3}, 'phone': '0268-1728785', 'cell': '0173-3111999', 'id': {'name': 'SVNR', 'value': '17 050945 T 701'}, 'picture': {'large': 'https://randomuser.me/api/portraits/women/71.jpg', 'medium': 'https://randomuser.me/api/portraits/med/women/71.jpg', 'thumbnail': 'https://randomuser.me/api/portraits/thumb/women/71.jpg'}, 'nat': 'DE'}</msg>
<arg>${json_data['results'][0]}</arg>
<doc>Logs the given message with the given level.</doc>
<status status="PASS" start="2024-04-09T08:17:18.977314" elapsed="0.000405"/>
</kw>
<kw name="Log" owner="BuiltIn">
<msg time="2024-04-09T08:17:18.978188" level="INFO">name</msg>
<arg>${key}</arg>
<doc>Logs the given message with the given level.</doc>
<status status="PASS" start="2024-04-09T08:17:18.978056" elapsed="0.000170"/>
</kw>
<var name="${key}">name</var>
<status status="PASS" start="2024-04-09T08:17:18.976440" elapsed="0.002008"/>
</iter>
<iter>
<kw name="Dictionary Should Contain Key" owner="Collections">
<msg time="2024-04-09T08:17:18.979120" level="INFO">False</msg>
<arg>${json_data['results'][0]}</arg>
<arg>${key}</arg>
<doc>Fails if ``key`` is not found from ``dictionary``.</doc>
<status status="PASS" start="2024-04-09T08:17:18.978742" elapsed="0.000416"/>
</kw>
<kw name="Log" owner="BuiltIn">
<msg time="2024-04-09T08:17:18.979817" level="INFO">{'gender': 'female', 'name': {'title': 'Mrs', 'first': 'Svenja', 'last': 'Thiemann'}, 'location': {'street': {'number': 7174, 'name': 'Kiefernweg'}, 'city': 'Saarlouis', 'state': 'Niedersachsen', 'country': 'Germany', 'postcode': 56043, 'coordinates': {'latitude': '-54.6716', 'longitude': '79.6962'}, 'timezone': {'offset': '+8:00', 'description': 'Beijing, Perth, Singapore, Hong Kong'}}, 'email': 'svenja.thiemann@example.com', 'login': {'uuid': 'ee7db7c8-8ed3-40af-8da6-4c0eb3bd2b3d', 'username': 'greenfish788', 'password': 'peyton', 'salt': '6ZnbP8sY', 'md5': '8ca067befaeaaae142b827dcae4aaac6', 'sha1': '82c0a6bc0d893c01d51ce4198e9265b495c9a623', 'sha256': '5d1be85ee1084b9e15eff5dd7d6a2eea3177d5728df7888486f63af2e02fd64c'}, 'dob': {'date': '1945-09-05T11:27:33.895Z', 'age': 78}, 'registered': {'date': '2020-05-01T06:23:39.619Z', 'age': 3}, 'phone': '0268-1728785', 'cell': '0173-3111999', 'id': {'name': 'SVNR', 'value': '17 050945 T 701'}, 'picture': {'large': 'https://randomuser.me/api/portraits/women/71.jpg', 'medium': 'https://randomuser.me/api/portraits/med/women/71.jpg', 'thumbnail': 'https://randomuser.me/api/portraits/thumb/women/71.jpg'}, 'nat': 'DE'}</msg>
<arg>${json_data['results'][0]}</arg>
<doc>Logs the given message with the given level.</doc>
<status status="PASS" start="2024-04-09T08:17:18.979458" elapsed="0.000411"/>
</kw>
<kw name="Log" owner="BuiltIn">
<msg time="2024-04-09T08:17:18.980297" level="INFO">location</msg>
<arg>${key}</arg>
<doc>Logs the given message with the given level.</doc>
<status status="PASS" start="2024-04-09T08:17:18.980170" elapsed="0.000164"/>
</kw>
<var name="${key}">location</var>
<status status="PASS" start="2024-04-09T08:17:18.978628" elapsed="0.001922"/>
</iter>
<iter>
<kw name="Dictionary Should Contain Key" owner="Collections">
<msg time="2024-04-09T08:17:18.981221" level="INFO">False</msg>
<arg>${json_data['results'][0]}</arg>
<arg>${key}</arg>
<doc>Fails if ``key`` is not found from ``dictionary``.</doc>
<status status="PASS" start="2024-04-09T08:17:18.980837" elapsed="0.000422"/>
</kw>
<kw name="Log" owner="BuiltIn">
<msg time="2024-04-09T08:17:18.981971" level="INFO">{'gender': 'female', 'name': {'title': 'Mrs', 'first': 'Svenja', 'last': 'Thiemann'}, 'location': {'street': {'number': 7174, 'name': 'Kiefernweg'}, 'city': 'Saarlouis', 'state': 'Niedersachsen', 'country': 'Germany', 'postcode': 56043, 'coordinates': {'latitude': '-54.6716', 'longitude': '79.6962'}, 'timezone': {'offset': '+8:00', 'description': 'Beijing, Perth, Singapore, Hong Kong'}}, 'email': 'svenja.thiemann@example.com', 'login': {'uuid': 'ee7db7c8-8ed3-40af-8da6-4c0eb3bd2b3d', 'username': 'greenfish788', 'password': 'peyton', 'salt': '6ZnbP8sY', 'md5': '8ca067befaeaaae142b827dcae4aaac6', 'sha1': '82c0a6bc0d893c01d51ce4198e9265b495c9a623', 'sha256': '5d1be85ee1084b9e15eff5dd7d6a2eea3177d5728df7888486f63af2e02fd64c'}, 'dob': {'date': '1945-09-05T11:27:33.895Z', 'age': 78}, 'registered': {'date': '2020-05-01T06:23:39.619Z', 'age': 3}, 'phone': '0268-1728785', 'cell': '0173-3111999', 'id': {'name': 'SVNR', 'value': '17 050945 T 701'}, 'picture': {'large': 'https://randomuser.me/api/portraits/women/71.jpg', 'medium': 'https://randomuser.me/api/portraits/med/women/71.jpg', 'thumbnail': 'https://randomuser.me/api/portraits/thumb/women/71.jpg'}, 'nat': 'DE'}</msg>
<arg>${json_data['results'][0]}</arg>
<doc>Logs the given message with the given level.</doc>
<status status="PASS" start="2024-04-09T08:17:18.981575" elapsed="0.000445"/>
</kw>
<kw name="Log" owner="BuiltIn">
<msg time="2024-04-09T08:17:18.982454" level="INFO">email</msg>
<arg>${key}</arg>
<doc>Logs the given message with the given level.</doc>
<status status="PASS" start="2024-04-09T08:17:18.982325" elapsed="0.000168"/>
</kw>
<var name="${key}">email</var>
<status status="PASS" start="2024-04-09T08:17:18.980724" elapsed="0.001985"/>
</iter>
<iter>
<kw name="Dictionary Should Contain Key" owner="Collections">
<msg time="2024-04-09T08:17:18.983374" level="INFO">False</msg>
<arg>${json_data['results'][0]}</arg>
<arg>${key}</arg>
<doc>Fails if ``key`` is not found from ``dictionary``.</doc>
<status status="PASS" start="2024-04-09T08:17:18.982993" elapsed="0.000419"/>
</kw>
<kw name="Log" owner="BuiltIn">
<msg time="2024-04-09T08:17:18.984065" level="INFO">{'gender': 'female', 'name': {'title': 'Mrs', 'first': 'Svenja', 'last': 'Thiemann'}, 'location': {'street': {'number': 7174, 'name': 'Kiefernweg'}, 'city': 'Saarlouis', 'state': 'Niedersachsen', 'country': 'Germany', 'postcode': 56043, 'coordinates': {'latitude': '-54.6716', 'longitude': '79.6962'}, 'timezone': {'offset': '+8:00', 'description': 'Beijing, Perth, Singapore, Hong Kong'}}, 'email': 'svenja.thiemann@example.com', 'login': {'uuid': 'ee7db7c8-8ed3-40af-8da6-4c0eb3bd2b3d', 'username': 'greenfish788', 'password': 'peyton', 'salt': '6ZnbP8sY', 'md5': '8ca067befaeaaae142b827dcae4aaac6', 'sha1': '82c0a6bc0d893c01d51ce4198e9265b495c9a623', 'sha256': '5d1be85ee1084b9e15eff5dd7d6a2eea3177d5728df7888486f63af2e02fd64c'}, 'dob': {'date': '1945-09-05T11:27:33.895Z', 'age': 78}, 'registered': {'date': '2020-05-01T06:23:39.619Z', 'age': 3}, 'phone': '0268-1728785', 'cell': '0173-3111999', 'id': {'name': 'SVNR', 'value': '17 050945 T 701'}, 'picture': {'large': 'https://randomuser.me/api/portraits/women/71.jpg', 'medium': 'https://randomuser.me/api/portraits/med/women/71.jpg', 'thumbnail': 'https://randomuser.me/api/portraits/thumb/women/71.jpg'}, 'nat': 'DE'}</msg>
<arg>${json_data['results'][0]}</arg>
<doc>Logs the given message with the given level.</doc>
<status status="PASS" start="2024-04-09T08:17:18.983703" elapsed="0.000408"/>
</kw>
<kw name="Log" owner="BuiltIn">
<msg time="2024-04-09T08:17:18.984528" level="INFO">login</msg>
<arg>${key}</arg>
<doc>Logs the given message with the given level.</doc>
<status status="PASS" start="2024-04-09T08:17:18.984400" elapsed="0.000170"/>
</kw>
<var name="${key}">login</var>
<status status="PASS" start="2024-04-09T08:17:18.982881" elapsed="0.001933"/>
</iter>
<var>${key}</var>
<value>@{expected_keys}</value>
<status status="PASS" start="2024-04-09T08:17:18.974028" elapsed="0.010908"/>
</for>
<kw name="Create List" owner="BuiltIn">
<msg time="2024-04-09T08:17:18.985266" level="INFO">${expected_keysTwo} = ['username', 'password']</msg>
<var>${expected_keysTwo}</var>
<arg>username</arg>
<arg>password</arg>
<doc>Returns a list containing given items.</doc>
<status status="PASS" start="2024-04-09T08:17:18.985128" elapsed="0.000162"/>
</kw>
<for flavor="IN">
<iter>
<kw name="Dictionary Should Contain Key" owner="Collections">
<msg time="2024-04-09T08:17:18.986331" level="INFO">False</msg>
<arg>${json_data['results'][0]['login']}</arg>
<arg>${keyTwo}</arg>
<doc>Fails if ``key`` is not found from ``dictionary``.</doc>
<status status="PASS" start="2024-04-09T08:17:18.985934" elapsed="0.000435"/>
</kw>
<kw name="Dictionary Should Contain Key" owner="Collections">
<msg time="2024-04-09T08:17:18.987048" level="INFO">False</msg>
<arg>${json_data['results'][0]['login']}</arg>
<arg>${keyTwo}</arg>
<doc>Fails if ``key`` is not found from ``dictionary``.</doc>
<status status="PASS" start="2024-04-09T08:17:18.986669" elapsed="0.000416"/>
</kw>
<kw name="Log" owner="BuiltIn">
<msg time="2024-04-09T08:17:18.987511" level="INFO">username</msg>
<arg>${keyTwo}</arg>
<doc>Logs the given message with the given level.</doc>
<status status="PASS" start="2024-04-09T08:17:18.987382" elapsed="0.000166"/>
</kw>
<var name="${keyTwo}">username</var>
<status status="PASS" start="2024-04-09T08:17:18.985786" elapsed="0.001976"/>
</iter>
<iter>
<kw name="Dictionary Should Contain Key" owner="Collections">
<msg time="2024-04-09T08:17:18.988418" level="INFO">False</msg>
<arg>${json_data['results'][0]['login']}</arg>
<arg>${keyTwo}</arg>
<doc>Fails if ``key`` is not found from ``dictionary``.</doc>
<status status="PASS" start="2024-04-09T08:17:18.988043" elapsed="0.000413"/>
</kw>
<kw name="Dictionary Should Contain Key" owner="Collections">
<msg time="2024-04-09T08:17:18.989148" level="INFO">False</msg>
<arg>${json_data['results'][0]['login']}</arg>
<arg>${keyTwo}</arg>
<doc>Fails if ``key`` is not found from ``dictionary``.</doc>
<status status="PASS" start="2024-04-09T08:17:18.988745" elapsed="0.000440"/>
</kw>
<kw name="Log" owner="BuiltIn">
<msg time="2024-04-09T08:17:18.989680" level="INFO">password</msg>
<arg>${keyTwo}</arg>
<doc>Logs the given message with the given level.</doc>
<status status="PASS" start="2024-04-09T08:17:18.989512" elapsed="0.000209"/>
</kw>
<var name="${keyTwo}">password</var>
<status status="PASS" start="2024-04-09T08:17:18.987933" elapsed="0.002047"/>
</iter>
<var>${keyTwo}</var>
<value>@{expected_keysTwo}</value>
<status status="PASS" start="2024-04-09T08:17:18.985527" elapsed="0.004611"/>
</for>
<status status="PASS" start="2024-04-09T08:17:18.875544" elapsed="0.114743"/>
</kw>
<doc>Testa a estrutura da resposta da API.</doc>
<tag>testeEstruturaResposta</tag>
<status status="PASS" start="2024-04-09T08:17:18.874773" elapsed="0.115679"/>
</test>
<test id="s1-s1-t4" name="Validar tipos de dados" line="28">
<kw name="Teste de Tipos de Dados" owner="random-user-service">
<kw name="GET On Session" owner="RequestsLibrary">
<msg time="2024-04-09T08:17:19.071151" level="INFO">GET Request : url=https://randomuser.me/api 
 path_url=/api 
 headers={'User-Agent': 'python-requests/2.31.0', 'Accept-Encoding': 'gzip, deflate', 'Accept': '*/*', 'Connection': 'keep-alive'} 
 body=None 
 </msg>
<msg time="2024-04-09T08:17:19.071253" level="INFO">GET Response : url=https://randomuser.me/api 
 status=200, reason=OK 
 headers={'Date': 'Tue, 09 Apr 2024 08:17:19 GMT', 'Content-Type': 'application/json; charset=utf-8', 'Transfer-Encoding': 'chunked', 'Connection': 'keep-alive', 'X-Powered-By': 'Express', 'Access-Control-Allow-Origin': '*', 'Cache-Control': 'no-cache', 'ETag': 'W/"4ae-14MOm1OT/OlBl3FlfSz/06Dz5pY"', 'Vary': 'Accept-Encoding', 'Content-Encoding': 'gzip', 'CF-Cache-Status': 'DYNAMIC', 'Report-To': '{"endpoints":[{"url":"https:\\/\\/a.nel.cloudflare.com\\/report\\/v4?s=1wXcHqrXl1aCRPo411fGkuECY5TX4NerCxOPFJ7CksgWWy0qk%2F8I0ysovjXPiVkn%2FwtSCLGxxgTuF8HDKDAsynat73AkyDMt%2FyKw%2FYt5LnaTj8UebsCTEhTnIy%2BQwnvB"}],"group":"cf-nel","max_age":604800}', 'NEL': '{"success_fraction":0,"report_to":"cf-nel","max_age":604800}', 'Server': 'cloudflare', 'CF-RAY': '87190f5dbac961aa-ORD', 'alt-svc': 'h3=":443"; ma=86400'} 
 body={"results":[{"gender":"female","name":{"title":"Mrs","first":"Brooklyn","last":"Mckinney"},"location":{"street":{"number":2236,"name":"Hogan St"},"city":"Springfield","state":"Rhode Island","country":"United States","postcode":32266,"coordinates":{"latitude":"85.2215","longitude":"67.2443"},"timezone":{"offset":"+11:00","description":"Magadan, Solomon Islands, New Caledonia"}},"email":"brooklyn.mckinney@example.com","login":{"uuid":"299f35dc-336e-40f1-9b38-c4811aa66c82","username":"lazyrabbit343","password":"chrissy","salt":"nB4c0f1R","md5":"51df6f4bd85f0efa967b3d015e151768","sha1":"a75718f0f4b66af35f31a51cff4171a723a7a400","sha256":"ad217ec9e27c28a406ed0b731d948ef0bf76d5ba48f3fff980c2d1e8c3cf1cb5"},"dob":{"date":"1976-03-09T04:20:33.583Z","age":48},"registered":{"date":"2004-02-03T18:00:18.029Z","age":20},"phone":"(764) 575-1624","cell":"(726) 279-7646","id":{"name":"SSN","value":"370-01-4763"},"picture":{"large":"https://randomuser.me/api/portraits/women/10.jpg","medium":"https://randomuser.me/api/portraits/med/women/10.jpg","thumbnail":"https://randomuser.me/api/portraits/thumb/women/10.jpg"},"nat":"US"}],"info":{"seed":"807c20ace6989df1","results":1,"page":1,"version":"1.4"}} 
 </msg>
<msg time="2024-04-09T08:17:19.071323" level="INFO">/opt/hostedtoolcache/Python/3.12.2/x64/lib/python3.12/site-packages/urllib3/connectionpool.py:1103: InsecureRequestWarning: Unverified HTTPS request is being made to host 'randomuser.me'. Adding certificate verification is strongly advised. See: https://urllib3.readthedocs.io/en/latest/advanced-usage.html#tls-warnings
  warnings.warn(</msg>
<msg time="2024-04-09T08:17:19.071460" level="INFO">${response} = &lt;Response [200]&gt;</msg>
<var>${response}</var>
<arg>consultarAPI</arg>
<arg>/api</arg>
<doc>Sends a GET request on a previously created HTTP Session.</doc>
<status status="PASS" start="2024-04-09T08:17:18.993020" elapsed="0.078479"/>
</kw>
<kw name="Set Variable" owner="BuiltIn">
<msg time="2024-04-09T08:17:19.072681" level="INFO">${json_data} = {'results': [{'gender': 'female', 'name': {'title': 'Mrs', 'first': 'Brooklyn', 'last': 'Mckinney'}, 'location': {'street': {'number': 2236, 'name': 'Hogan St'}, 'city': 'Springfield', 'state': 'Rhode...</msg>
<var>${json_data}</var>
<arg>${response.json()}</arg>
<doc>Returns the given values which can then be assigned to a variables.</doc>
<status status="PASS" start="2024-04-09T08:17:19.072128" elapsed="0.000584"/>
</kw>
<kw name="Log" owner="BuiltIn">
<msg time="2024-04-09T08:17:19.073211" level="INFO">{'results': [{'gender': 'female', 'name': {'title': 'Mrs', 'first': 'Brooklyn', 'last': 'Mckinney'}, 'location': {'street': {'number': 2236, 'name': 'Hogan St'}, 'city': 'Springfield', 'state': 'Rhode Island', 'country': 'United States', 'postcode': 32266, 'coordinates': {'latitude': '85.2215', 'longitude': '67.2443'}, 'timezone': {'offset': '+11:00', 'description': 'Magadan, Solomon Islands, New Caledonia'}}, 'email': 'brooklyn.mckinney@example.com', 'login': {'uuid': '299f35dc-336e-40f1-9b38-c4811aa66c82', 'username': 'lazyrabbit343', 'password': 'chrissy', 'salt': 'nB4c0f1R', 'md5': '51df6f4bd85f0efa967b3d015e151768', 'sha1': 'a75718f0f4b66af35f31a51cff4171a723a7a400', 'sha256': 'ad217ec9e27c28a406ed0b731d948ef0bf76d5ba48f3fff980c2d1e8c3cf1cb5'}, 'dob': {'date': '1976-03-09T04:20:33.583Z', 'age': 48}, 'registered': {'date': '2004-02-03T18:00:18.029Z', 'age': 20}, 'phone': '(764) 575-1624', 'cell': '(726) 279-7646', 'id': {'name': 'SSN', 'value': '370-01-4763'}, 'picture': {'large': 'https://randomuser.me/api/portraits/women/10.jpg', 'medium': 'https://randomuser.me/api/portraits/med/women/10.jpg', 'thumbnail': 'https://randomuser.me/api/portraits/thumb/women/10.jpg'}, 'nat': 'US'}], 'info': {'seed': '807c20ace6989df1', 'results': 1, 'page': 1, 'version': '1.4'}}</msg>
<arg>${json_data}</arg>
<doc>Logs the given message with the given level.</doc>
<status status="PASS" start="2024-04-09T08:17:19.073039" elapsed="0.000259"/>
</kw>
<kw name="Should Be String" owner="String">
<arg>${json_data['results'][0]['gender']}</arg>
<doc>Fails if the given ``item`` is not a string.</doc>
<status status="PASS" start="2024-04-09T08:17:19.073605" elapsed="0.000429"/>
</kw>
<kw name="Should Match Regexp" owner="BuiltIn">
<arg>${json_data['results'][0]['email']}</arg>
<arg>^[a-zA-Z0-9._%+-]+@[a-zA-Z0-9.-]+\.[a-zA-Z]{2,}$</arg>
<doc>Fails if ``string`` does not match ``pattern`` as a regular expression.</doc>
<status status="PASS" start="2024-04-09T08:17:19.074234" elapsed="0.000532"/>
</kw>
<kw name="Should Match Regexp" owner="BuiltIn">
<arg>${json_data['results'][0]['dob']['date']}</arg>
<arg>\\d{4}-\\d{2}-\\d{2}T\\d{2}:\\d{2}:\\d{2}\\.\\d{3}Z</arg>
<doc>Fails if ``string`` does not match ``pattern`` as a regular expression.</doc>
<status status="PASS" start="2024-04-09T08:17:19.074963" elapsed="0.000537"/>
</kw>
<kw name="Should Match Regexp" owner="BuiltIn">
<arg>${json_data['results'][0]['registered']['date']}</arg>
<arg>\\d{4}-\\d{2}-\\d{2}T\\d{2}:\\d{2}:\\d{2}\\.\\d{3}Z</arg>
<doc>Fails if ``string`` does not match ``pattern`` as a regular expression.</doc>
<status status="PASS" start="2024-04-09T08:17:19.075710" elapsed="0.000388"/>
</kw>
<kw name="Should Match Regexp" owner="BuiltIn">
<arg>${json_data['results'][0]['picture']['large']}</arg>
<arg>^https?://.*\.(?:png|jpe?g|gif|bmp)$</arg>
<doc>Fails if ``string`` does not match ``pattern`` as a regular expression.</doc>
<status status="PASS" start="2024-04-09T08:17:19.076288" elapsed="0.000458"/>
</kw>
<kw name="Should Match Regexp" owner="BuiltIn">
<arg>${json_data['results'][0]['picture']['medium']}</arg>
<arg>^https?://.*\.(?:png|jpe?g|gif|bmp)$</arg>
<doc>Fails if ``string`` does not match ``pattern`` as a regular expression.</doc>
<status status="PASS" start="2024-04-09T08:17:19.076936" elapsed="0.000364"/>
</kw>
<kw name="Should Match Regexp" owner="BuiltIn">
<arg>${json_data['results'][0]['picture']['thumbnail']}</arg>
<arg>^https?://.*\.(?:png|jpe?g|gif|bmp)$</arg>
<doc>Fails if ``string`` does not match ``pattern`` as a regular expression.</doc>
<status status="PASS" start="2024-04-09T08:17:19.077487" elapsed="0.000353"/>
</kw>
<kw name="Log" owner="BuiltIn">
<msg time="2024-04-09T08:17:19.078412" level="INFO">{'large': 'https://randomuser.me/api/portraits/women/10.jpg', 'medium': 'https://randomuser.me/api/portraits/med/women/10.jpg', 'thumbnail': 'https://randomuser.me/api/portraits/thumb/women/10.jpg'}</msg>
<arg>${json_data['results'][0]['picture']}</arg>
<doc>Logs the given message with the given level.</doc>
<status status="PASS" start="2024-04-09T08:17:19.078069" elapsed="0.000387"/>
</kw>
<status status="PASS" start="2024-04-09T08:17:18.992780" elapsed="0.085946"/>
</kw>
<kw name="Teste de Tipos de Dados - Postcode" owner="random-user-service">
<kw name="GET On Session" owner="RequestsLibrary">
<msg time="2024-04-09T08:17:19.169749" level="INFO">GET Request : url=https://randomuser.me/api 
 path_url=/api 
 headers={'User-Agent': 'python-requests/2.31.0', 'Accept-Encoding': 'gzip, deflate', 'Accept': '*/*', 'Connection': 'keep-alive'} 
 body=None 
 </msg>
<msg time="2024-04-09T08:17:19.169850" level="INFO">GET Response : url=https://randomuser.me/api 
 status=200, reason=OK 
 headers={'Date': 'Tue, 09 Apr 2024 08:17:19 GMT', 'Content-Type': 'application/json; charset=utf-8', 'Transfer-Encoding': 'chunked', 'Connection': 'keep-alive', 'X-Powered-By': 'Express', 'Access-Control-Allow-Origin': '*', 'Cache-Control': 'no-cache', 'ETag': 'W/"48a-lNBxh2xluLs4NP2kJpPzCImz5xM"', 'Vary': 'Accept-Encoding', 'Content-Encoding': 'gzip', 'CF-Cache-Status': 'DYNAMIC', 'Report-To': '{"endpoints":[{"url":"https:\\/\\/a.nel.cloudflare.com\\/report\\/v4?s=jE7nK1UdWjRNDmQDIgZmgJHlV9feoeaRD9IPNy6l2dekTRHNrdBHO4AfkflsF%2FFw4%2BLUEh5TP7IMahVfUDL3Fcol6s1qvkX%2BhteUk7MXo760h%2BPF5U3fVoyUq2ffi6VJ"}],"group":"cf-nel","max_age":604800}', 'NEL': '{"success_fraction":0,"report_to":"cf-nel","max_age":604800}', 'Server': 'cloudflare', 'CF-RAY': '87190f5e3b0761aa-ORD', 'alt-svc': 'h3=":443"; ma=86400'} 
 body={"results":[{"gender":"female","name":{"title":"Ms","first":"Emily","last":"Turner"},"location":{"street":{"number":1034,"name":"Portobello Road"},"city":"Palmerston North","state":"West Coast","country":"New Zealand","postcode":86284,"coordinates":{"latitude":"54.2718","longitude":"49.3062"},"timezone":{"offset":"+7:00","description":"Bangkok, Hanoi, Jakarta"}},"email":"emily.turner@example.com","login":{"uuid":"4cad1a9f-d638-4981-a10c-cc5da41dba0a","username":"smallsnake785","password":"1942","salt":"zmFLGgke","md5":"892c9e044ba6b39912f82391fbee7e12","sha1":"2273bb746ca97ae859239ba4e0f6b110a046d87b","sha256":"0e96dcf0ac4e0a3b4b73b8a36fb3bdf8a14ee2d0df09e04a453030cc4b4b8e4e"},"dob":{"date":"1964-12-30T07:31:42.990Z","age":59},"registered":{"date":"2019-05-29T09:17:27.140Z","age":4},"phone":"(308)-760-6368","cell":"(996)-074-5094","id":{"name":"","value":null},"picture":{"large":"https://randomuser.me/api/portraits/women/65.jpg","medium":"https://randomuser.me/api/portraits/med/women/65.jpg","thumbnail":"https://randomuser.me/api/portraits/thumb/women/65.jpg"},"nat":"NZ"}],"info":{"seed":"e440b584eb0469db","results":1,"page":1,"version":"1.4"}} 
 </msg>
<msg time="2024-04-09T08:17:19.169974" level="INFO">/opt/hostedtoolcache/Python/3.12.2/x64/lib/python3.12/site-packages/urllib3/connectionpool.py:1103: InsecureRequestWarning: Unverified HTTPS request is being made to host 'randomuser.me'. Adding certificate verification is strongly advised. See: https://urllib3.readthedocs.io/en/latest/advanced-usage.html#tls-warnings
  warnings.warn(</msg>
<msg time="2024-04-09T08:17:19.170116" level="INFO">${response} = &lt;Response [200]&gt;</msg>
<var>${response}</var>
<arg>consultarAPI</arg>
<arg>/api</arg>
<doc>Sends a GET request on a previously created HTTP Session.</doc>
<status status="PASS" start="2024-04-09T08:17:19.079218" elapsed="0.090938"/>
</kw>
<kw name="Set Variable" owner="BuiltIn">
<msg time="2024-04-09T08:17:19.171330" level="INFO">${json_data} = {'results': [{'gender': 'female', 'name': {'title': 'Ms', 'first': 'Emily', 'last': 'Turner'}, 'location': {'street': {'number': 1034, 'name': 'Portobello Road'}, 'city': 'Palmerston North', 'state': ...</msg>
<var>${json_data}</var>
<arg>${response.json()}</arg>
<doc>Returns the given values which can then be assigned to a variables.</doc>
<status status="PASS" start="2024-04-09T08:17:19.170788" elapsed="0.000570"/>
</kw>
<kw name="Log" owner="BuiltIn">
<msg time="2024-04-09T08:17:19.171830" level="INFO">{'results': [{'gender': 'female', 'name': {'title': 'Ms', 'first': 'Emily', 'last': 'Turner'}, 'location': {'street': {'number': 1034, 'name': 'Portobello Road'}, 'city': 'Palmerston North', 'state': 'West Coast', 'country': 'New Zealand', 'postcode': 86284, 'coordinates': {'latitude': '54.2718', 'longitude': '49.3062'}, 'timezone': {'offset': '+7:00', 'description': 'Bangkok, Hanoi, Jakarta'}}, 'email': 'emily.turner@example.com', 'login': {'uuid': '4cad1a9f-d638-4981-a10c-cc5da41dba0a', 'username': 'smallsnake785', 'password': '1942', 'salt': 'zmFLGgke', 'md5': '892c9e044ba6b39912f82391fbee7e12', 'sha1': '2273bb746ca97ae859239ba4e0f6b110a046d87b', 'sha256': '0e96dcf0ac4e0a3b4b73b8a36fb3bdf8a14ee2d0df09e04a453030cc4b4b8e4e'}, 'dob': {'date': '1964-12-30T07:31:42.990Z', 'age': 59}, 'registered': {'date': '2019-05-29T09:17:27.140Z', 'age': 4}, 'phone': '(308)-760-6368', 'cell': '(996)-074-5094', 'id': {'name': '', 'value': None}, 'picture': {'large': 'https://randomuser.me/api/portraits/women/65.jpg', 'medium': 'https://randomuser.me/api/portraits/med/women/65.jpg', 'thumbnail': 'https://randomuser.me/api/portraits/thumb/women/65.jpg'}, 'nat': 'NZ'}], 'info': {'seed': 'e440b584eb0469db', 'results': 1, 'page': 1, 'version': '1.4'}}</msg>
<arg>${json_data}</arg>
<doc>Logs the given message with the given level.</doc>
<status status="PASS" start="2024-04-09T08:17:19.171672" elapsed="0.000240"/>
</kw>
<kw name="Should Be Equal As Numbers" owner="BuiltIn">
<arg>${json_data['results'][0]['location']['postcode']}</arg>
<arg>${json_data['results'][0]['location']['postcode']}</arg>
<doc>Fails if objects are unequal after converting them to real numbers.</doc>
<status status="PASS" start="2024-04-09T08:17:19.172222" elapsed="0.000632"/>
</kw>
<kw name="Log" owner="BuiltIn">
<msg time="2024-04-09T08:17:19.173387" level="INFO">86284</msg>
<arg>${json_data['results'][0]['location']['postcode']}</arg>
<doc>Logs the given message with the given level.</doc>
<status status="PASS" start="2024-04-09T08:17:19.173048" elapsed="0.000380"/>
</kw>
<status status="PASS" start="2024-04-09T08:17:19.078966" elapsed="0.094722"/>
</kw>
<doc>Testa se os tipos de dados na resposta da API estão corretos.</doc>
<tag>testeTiposDados</tag>
<status status="PASS" start="2024-04-09T08:17:18.992225" elapsed="0.181674"/>
</test>
<test id="s1-s1-t5" name="Validar conteudo" line="35">
<kw name="Teste de Tipos de Conteudo" owner="random-user-service">
<kw name="GET On Session" owner="RequestsLibrary">
<msg time="2024-04-09T08:17:19.269611" level="INFO">GET Request : url=https://randomuser.me/api 
 path_url=/api 
 headers={'User-Agent': 'python-requests/2.31.0', 'Accept-Encoding': 'gzip, deflate', 'Accept': '*/*', 'Connection': 'keep-alive'} 
 body=None 
 </msg>
<msg time="2024-04-09T08:17:19.269712" level="INFO">GET Response : url=https://randomuser.me/api 
 status=200, reason=OK 
 headers={'Date': 'Tue, 09 Apr 2024 08:17:19 GMT', 'Content-Type': 'application/json; charset=utf-8', 'Transfer-Encoding': 'chunked', 'Connection': 'keep-alive', 'X-Powered-By': 'Express', 'Access-Control-Allow-Origin': '*', 'Cache-Control': 'no-cache', 'ETag': 'W/"4a9-W5MYrnrNWcO++ARi79Tb3137erI"', 'Vary': 'Accept-Encoding', 'Content-Encoding': 'gzip', 'CF-Cache-Status': 'DYNAMIC', 'Report-To': '{"endpoints":[{"url":"https:\\/\\/a.nel.cloudflare.com\\/report\\/v4?s=cYMc2DmevLHaIp9OmZu%2B4AhGpu0%2BfZQHE1lj2rVIKM4gRBkeu0bw554Is2EaZcURNyqQcf7IvgCBpGvEJB2wXPa6XhVpeOtiWmGvnmkOccx%2F303kTA4at0FG5Jx34hDE"}],"group":"cf-nel","max_age":604800}', 'NEL': '{"success_fraction":0,"report_to":"cf-nel","max_age":604800}', 'Server': 'cloudflare', 'CF-RAY': '87190f5edb5161aa-ORD', 'alt-svc': 'h3=":443"; ma=86400'} 
 body={"results":[{"gender":"female","name":{"title":"Mrs","first":"Klavdiya","last":"Kapustyanskiy"},"location":{"street":{"number":8373,"name":"Pobutoviy provulok"},"city":"Kalush","state":"Sumska","country":"Ukraine","postcode":30099,"coordinates":{"latitude":"73.8715","longitude":"84.4371"},"timezone":{"offset":"0:00","description":"Western Europe Time, London, Lisbon, Casablanca"}},"email":"klavdiya.kapustyanskiy@example.com","login":{"uuid":"6577db6b-3b51-499b-8b1f-bc0f08ee2530","username":"yellowostrich819","password":"alexis","salt":"StfJMSGS","md5":"d4874a6635792c86ba775a764fe0bcf7","sha1":"907982a1558c4e5c833fd941d05b29048865613d","sha256":"9cf547c1a0b7513d8f5306364ddaeca458d5c43c8aa7b18592517e0d9c2f7a9c"},"dob":{"date":"1945-08-05T05:58:29.745Z","age":78},"registered":{"date":"2022-03-19T00:56:24.032Z","age":2},"phone":"(096) W91-3209","cell":"(068) I07-1160","id":{"name":"","value":null},"picture":{"large":"https://randomuser.me/api/portraits/women/2.jpg","medium":"https://randomuser.me/api/portraits/med/women/2.jpg","thumbnail":"https://randomuser.me/api/portraits/thumb/women/2.jpg"},"nat":"UA"}],"info":{"seed":"f94763e0fea0f6b0","results":1,"page":1,"version":"1.4"}} 
 </msg>
<msg time="2024-04-09T08:17:19.269784" level="INFO">/opt/hostedtoolcache/Python/3.12.2/x64/lib/python3.12/site-packages/urllib3/connectionpool.py:1103: InsecureRequestWarning: Unverified HTTPS request is being made to host 'randomuser.me'. Adding certificate verification is strongly advised. See: https://urllib3.readthedocs.io/en/latest/advanced-usage.html#tls-warnings
  warnings.warn(</msg>
<msg time="2024-04-09T08:17:19.269945" level="INFO">${response} = &lt;Response [200]&gt;</msg>
<var>${response}</var>
<arg>consultarAPI</arg>
<arg>/api</arg>
<doc>Sends a GET request on a previously created HTTP Session.</doc>
<status status="PASS" start="2024-04-09T08:17:19.176486" elapsed="0.093502"/>
</kw>
<kw name="Set Variable" owner="BuiltIn">
<msg time="2024-04-09T08:17:19.271064" level="INFO">${json_data} = {'results': [{'gender': 'female', 'name': {'title': 'Mrs', 'first': 'Klavdiya', 'last': 'Kapustyanskiy'}, 'location': {'street': {'number': 8373, 'name': 'Pobutoviy provulok'}, 'city': 'Kalush', 'stat...</msg>
<var>${json_data}</var>
<arg>${response.json()}</arg>
<doc>Returns the given values which can then be assigned to a variables.</doc>
<status status="PASS" start="2024-04-09T08:17:19.270523" elapsed="0.000570"/>
</kw>
<kw name="Set Variable" owner="BuiltIn">
<msg time="2024-04-09T08:17:19.271815" level="INFO">${name_title} = Mrs</msg>
<var>${name_title}</var>
<arg>${json_data["results"][0]["name"]["title"]}</arg>
<doc>Returns the given values which can then be assigned to a variables.</doc>
<status status="PASS" start="2024-04-09T08:17:19.271418" elapsed="0.000426"/>
</kw>
<kw name="Create List" owner="BuiltIn">
<msg time="2024-04-09T08:17:19.272337" level="INFO">${allowed_titles} = ['Mr', 'Ms', 'Miss', 'Mrs', 'Madame', 'Monsieur']</msg>
<var>${allowed_titles}</var>
<arg>Mr</arg>
<arg>Ms</arg>
<arg>Miss</arg>
<arg>Mrs</arg>
<arg>Madame</arg>
<arg>Monsieur</arg>
<doc>Returns a list containing given items.</doc>
<status status="PASS" start="2024-04-09T08:17:19.272173" elapsed="0.000189"/>
</kw>
<kw name="List Should Contain Value" owner="Collections">
<msg time="2024-04-09T08:17:19.272859" level="INFO">False</msg>
<arg>${allowed_titles}</arg>
<arg>${name_title}</arg>
<doc>Fails if the ``value`` is not found from ``list``.</doc>
<status status="PASS" start="2024-04-09T08:17:19.272671" elapsed="0.000228"/>
</kw>
<kw name="Set Variable" owner="BuiltIn">
<msg time="2024-04-09T08:17:19.273603" level="INFO">${name_country} = UA</msg>
<var>${name_country}</var>
<arg>${json_data["results"][0]["nat"]}</arg>
<doc>Returns the given values which can then be assigned to a variables.</doc>
<status status="PASS" start="2024-04-09T08:17:19.273208" elapsed="0.000421"/>
</kw>
<kw name="Create List" owner="BuiltIn">
<msg time="2024-04-09T08:17:19.274586" level="INFO">${list_country} = ['AD', 'AE', 'AF', 'AG', 'AI', 'AL', 'AM', 'AO', 'AQ', 'AR', 'AS', 'AT', 'AU', 'AW', 'AX', 'AZ', 'BA', 'BB', 'BD', 'BE', 'BF', 'BG', 'BH', 'BI', 'BJ', 'BL', 'BM', 'BN', 'BO', 'BQ', 'BR', 'BS', 'BT', '...</msg>
<var>${list_country}</var>
<arg>AD</arg>
<arg>AE</arg>
<arg>AF</arg>
<arg>AG</arg>
<arg>AI</arg>
<arg>AL</arg>
<arg>AM</arg>
<arg>AO</arg>
<arg>AQ</arg>
<arg>AR</arg>
<arg>AS</arg>
<arg>AT</arg>
<arg>AU</arg>
<arg>AW</arg>
<arg>AX</arg>
<arg>AZ</arg>
<arg>BA</arg>
<arg>BB</arg>
<arg>BD</arg>
<arg>BE</arg>
<arg>BF</arg>
<arg>BG</arg>
<arg>BH</arg>
<arg>BI</arg>
<arg>BJ</arg>
<arg>BL</arg>
<arg>BM</arg>
<arg>BN</arg>
<arg>BO</arg>
<arg>BQ</arg>
<arg>BR</arg>
<arg>BS</arg>
<arg>BT</arg>
<arg>BV</arg>
<arg>BW</arg>
<arg>BY</arg>
<arg>BZ</arg>
<arg>CA</arg>
<arg>CC</arg>
<arg>CD</arg>
<arg>CF</arg>
<arg>CG</arg>
<arg>CH</arg>
<arg>CI</arg>
<arg>CK</arg>
<arg>CL</arg>
<arg>CM</arg>
<arg>CN</arg>
<arg>CO</arg>
<arg>CR</arg>
<arg>CU</arg>
<arg>CV</arg>
<arg>CW</arg>
<arg>CX</arg>
<arg>CY</arg>
<arg>CZ</arg>
<arg>DE</arg>
<arg>DJ</arg>
<arg>DK</arg>
<arg>DM</arg>
<arg>DO</arg>
<arg>DZ</arg>
<arg>EC</arg>
<arg>EE</arg>
<arg>EG</arg>
<arg>EH</arg>
<arg>ER</arg>
<arg>ES</arg>
<arg>ET</arg>
<arg>FI</arg>
<arg>FJ</arg>
<arg>FK</arg>
<arg>FM</arg>
<arg>FO</arg>
<arg>FR</arg>
<arg>GA</arg>
<arg>GB</arg>
<arg>GD</arg>
<arg>GE</arg>
<arg>GF</arg>
<arg>GG</arg>
<arg>GH</arg>
<arg>GI</arg>
<arg>GL</arg>
<arg>GM</arg>
<arg>GN</arg>
<arg>GP</arg>
<arg>GQ</arg>
<arg>GR</arg>
<arg>GS</arg>
<arg>GT</arg>
<arg>GU</arg>
<arg>GW</arg>
<arg>GY</arg>
<arg>HK</arg>
<arg>HM</arg>
<arg>HN</arg>
<arg>HR</arg>
<arg>HT</arg>
<arg>HU</arg>
<arg>ID</arg>
<arg>IE</arg>
<arg>IL</arg>
<arg>IM</arg>
<arg>IN</arg>
<arg>IO</arg>
<arg>IQ</arg>
<arg>IR</arg>
<arg>IS</arg>
<arg>IT</arg>
<arg>JE</arg>
<arg>JM</arg>
<arg>JO</arg>
<arg>JP</arg>
<arg>KE</arg>
<arg>KG</arg>
<arg>KH</arg>
<arg>KI</arg>
<arg>KM</arg>
<arg>KN</arg>
<arg>KP</arg>
<arg>KR</arg>
<arg>KW</arg>
<arg>KY</arg>
<arg>KZ</arg>
<arg>LA</arg>
<arg>LB</arg>
<arg>LC</arg>
<arg>LI</arg>
<arg>LK</arg>
<arg>LR</arg>
<arg>LS</arg>
<arg>LT</arg>
<arg>LU</arg>
<arg>LV</arg>
<arg>LY</arg>
<arg>MA</arg>
<arg>MC</arg>
<arg>MD</arg>
<arg>ME</arg>
<arg>MF</arg>
<arg>MG</arg>
<arg>MH</arg>
<arg>MK</arg>
<arg>ML</arg>
<arg>MM</arg>
<arg>MN</arg>
<arg>MO</arg>
<arg>MP</arg>
<arg>MQ</arg>
<arg>MR</arg>
<arg>MS</arg>
<arg>MT</arg>
<arg>MU</arg>
<arg>MV</arg>
<arg>MW</arg>
<arg>MX</arg>
<arg>MY</arg>
<arg>MZ</arg>
<arg>NA</arg>
<arg>NC</arg>
<arg>NE</arg>
<arg>NF</arg>
<arg>NG</arg>
<arg>NI</arg>
<arg>NL</arg>
<arg>NO</arg>
<arg>NP</arg>
<arg>NR</arg>
<arg>NU</arg>
<arg>NZ</arg>
<arg>OM</arg>
<arg>PA</arg>
<arg>PE</arg>
<arg>PF</arg>
<arg>PG</arg>
<arg>PH</arg>
<arg>PK</arg>
<arg>PL</arg>
<arg>PM</arg>
<arg>PN</arg>
<arg>PR</arg>
<arg>PS</arg>
<arg>PT</arg>
<arg>PW</arg>
<arg>PY</arg>
<arg>QA</arg>
<arg>RE</arg>
<arg>RO</arg>
<arg>RS</arg>
<arg>RU</arg>
<arg>RW</arg>
<arg>SA</arg>
<arg>SB</arg>
<arg>SC</arg>
<arg>SD</arg>
<arg>SE</arg>
<arg>SG</arg>
<arg>SH</arg>
<arg>SI</arg>
<arg>SJ</arg>
<arg>SK</arg>
<arg>SL</arg>
<arg>SM</arg>
<arg>SN</arg>
<arg>SO</arg>
<arg>SR</arg>
<arg>SS</arg>
<arg>ST</arg>
<arg>SV</arg>
<arg>SX</arg>
<arg>SY</arg>
<arg>SZ</arg>
<arg>TC</arg>
<arg>TD</arg>
<arg>TF</arg>
<arg>TG</arg>
<arg>TH</arg>
<arg>TJ</arg>
<arg>TK</arg>
<arg>TL</arg>
<arg>TM</arg>
<arg>TN</arg>
<arg>TO</arg>
<arg>TR</arg>
<arg>TT</arg>
<arg>TV</arg>
<arg>TW</arg>
<arg>TZ</arg>
<arg>UA</arg>
<arg>UG</arg>
<arg>UM</arg>
<arg>US</arg>
<arg>UY</arg>
<arg>UZ</arg>
<arg>VA</arg>
<arg>VC</arg>
<arg>VE</arg>
<arg>VG</arg>
<arg>VI</arg>
<arg>VN</arg>
<arg>VU</arg>
<arg>WF</arg>
<arg>WS</arg>
<arg>XK</arg>
<arg>YE</arg>
<arg>YT</arg>
<arg>ZA</arg>
<arg>ZM</arg>
<arg>ZW</arg>
<doc>Returns a list containing given items.</doc>
<status status="PASS" start="2024-04-09T08:17:19.273975" elapsed="0.000637"/>
</kw>
<kw name="List Should Contain Value" owner="Collections">
<msg time="2024-04-09T08:17:19.275630" level="INFO">False</msg>
<arg>${list_country}</arg>
<arg>${name_country}</arg>
<doc>Fails if the ``value`` is not found from ``list``.</doc>
<status status="PASS" start="2024-04-09T08:17:19.275421" elapsed="0.000248"/>
</kw>
<kw name="Run Keyword If" owner="BuiltIn">
<kw name="Should Be True" owner="BuiltIn">
<arg>${True}</arg>
<doc>Fails if the given condition is not true.</doc>
<status status="PASS" start="2024-04-09T08:17:19.276909" elapsed="0.000149"/>
</kw>
<arg>${json_data["results"][0]["location"]["coordinates"]["latitude"]} &gt;= -90 and ${json_data["results"][0]["location"]["coordinates"]["latitude"]} &lt;= 90</arg>
<arg>Should Be True</arg>
<arg>${True}</arg>
<doc>Runs the given keyword with the given arguments, if ``condition`` is true.</doc>
<status status="PASS" start="2024-04-09T08:17:19.275986" elapsed="0.001204"/>
</kw>
<kw name="Run Keyword If" owner="BuiltIn">
<kw name="Should Be True" owner="BuiltIn">
<arg>${True}</arg>
<doc>Fails if the given condition is not true.</doc>
<status status="PASS" start="2024-04-09T08:17:19.278107" elapsed="0.000141"/>
</kw>
<arg>${json_data["results"][0]["location"]["coordinates"]["longitude"]} &gt;= -180 and ${json_data["results"][0]["location"]["coordinates"]["longitude"]} &lt;= 180</arg>
<arg>Should Be True</arg>
<arg>${True}</arg>
<doc>Runs the given keyword with the given arguments, if ``condition`` is true.</doc>
<status status="PASS" start="2024-04-09T08:17:19.277378" elapsed="0.000997"/>
</kw>
<status status="PASS" start="2024-04-09T08:17:19.176254" elapsed="0.102255"/>
</kw>
<doc>Testa o conteúdo específico dos campos retornados pela API.</doc>
<tag>testeConteudo</tag>
<status status="PASS" start="2024-04-09T08:17:19.175700" elapsed="0.102965"/>
</test>
<status status="PASS" start="2024-04-09T08:17:18.479990" elapsed="0.800645"/>
</suite>
<status status="PASS" start="2024-04-09T08:17:18.466057" elapsed="0.819988"/>
</suite>
<statistics>
<total>
<stat pass="5" fail="0" skip="0">All Tests</stat>
</total>
<tag>
<stat pass="1" fail="0" skip="0">testeConteudo</stat>
<stat pass="1" fail="0" skip="0">testeEstruturaResposta</stat>
<stat pass="1" fail="0" skip="0">testeRequisicaoBasica</stat>
<stat pass="1" fail="0" skip="0">testeTiposDados</stat>
</tag>
<suite>
<stat pass="5" fail="0" skip="0" id="s1" name="Tests">Tests</stat>
<stat pass="5" fail="0" skip="0" id="s1-s1" name="Random-User-Test">Tests.Random-User-Test</stat>
</suite>
</statistics>
<errors>
</errors>
</robot>
