<?xml version="1.0" encoding="UTF-8"?>
<robot generator="Robot 7.0 (Python 3.12.3 on linux)" generated="2024-06-05T19:12:29.897785" rpa="false" schemaversion="5">
<suite id="s1" name="Tests" source="/home/runner/work/ApiRandomUser/ApiRandomUser/RamdonUser/tests">
<suite id="s1-s1" name="Random-User-Test" source="/home/runner/work/ApiRandomUser/ApiRandomUser/RamdonUser/tests/random-user-test.robot">
<test id="s1-s1-t1" name="Conectar" line="13">
<kw name="Conectar API" owner="random-user-service">
<kw name="Create Session" owner="RequestsLibrary">
<msg time="2024-06-05T19:12:30.289420" level="INFO">Creating Session using : alias=consultarAPI, url=https://randomuser.me/, headers={},                     cookies={}, auth=None, timeout=None, proxies=None, verify=False,                     debug=0 </msg>
<arg>consultarAPI</arg>
<arg>${URL}</arg>
<doc>Create Session: create a HTTP session to a server</doc>
<status status="PASS" start="2024-06-05T19:12:30.289214" elapsed="0.000429"/>
</kw>
<status status="PASS" start="2024-06-05T19:12:30.288146" elapsed="0.001871"/>
</kw>
<status status="PASS" start="2024-06-05T19:12:30.287501" elapsed="0.002710"/>
</test>
<test id="s1-s1-t2" name="Validar retorno 200 e JSON Válido" line="16">
<kw name="Teste de Requisicao Basica" owner="random-user-service">
<kw name="GET On Session" owner="RequestsLibrary">
<msg time="2024-06-05T19:12:30.459108" level="INFO">GET Request : url=https://randomuser.me/api 
 path_url=/api 
 headers={'User-Agent': 'python-requests/2.32.3', 'Accept-Encoding': 'gzip, deflate', 'Accept': '*/*', 'Connection': 'keep-alive'} 
 body=None 
 </msg>
<msg time="2024-06-05T19:12:30.459276" level="INFO">GET Response : url=https://randomuser.me/api 
 status=200, reason=OK 
 headers={'Date': 'Wed, 05 Jun 2024 19:12:30 GMT', 'Content-Type': 'application/json; charset=utf-8', 'Transfer-Encoding': 'chunked', 'Connection': 'keep-alive', 'X-Powered-By': 'Express', 'Access-Control-Allow-Origin': '*', 'Cache-Control': 'no-cache', 'ETag': 'W/"4a1-160ncZnIHvULqMxFUoQAquz06w4"', 'Vary': 'Accept-Encoding', 'Content-Encoding': 'gzip', 'CF-Cache-Status': 'DYNAMIC', 'Report-To': '{"endpoints":[{"url":"https:\\/\\/a.nel.cloudflare.com\\/report\\/v4?s=5yR3ZW0We2SQ4UJ%2BJ55kLOleTo014Jy8H6tG2RHBOW%2FdjHCSv80thbEkIQD7QGfSOwSk5jMax8Ok19SZ0t%2BSd0MDClFJS6XyHM%2F2Nz1X15CZs%2F9vCP58c6i%2FAKvE1uCv"}],"group":"cf-nel","max_age":604800}', 'NEL': '{"success_fraction":0,"report_to":"cf-nel","max_age":604800}', 'Server': 'cloudflare', 'CF-RAY': '88f2797da9332f32-LAX', 'alt-svc': 'h3=":443"; ma=86400'} 
 body={"results":[{"gender":"male","name":{"title":"Mr","first":"Brayden","last":"Davies"},"location":{"street":{"number":8314,"name":"York Road"},"city":"Inverness","state":"Merseyside","country":"United Kingdom","postcode":"ZU0 9FX","coordinates":{"latitude":"-11.0052","longitude":"-6.0242"},"timezone":{"offset":"-5:00","description":"Eastern Time (US &amp; Canada), Bogota, Lima"}},"email":"brayden.davies@example.com","login":{"uuid":"133df6a2-3f8b-46b0-a337-68074d0672fe","username":"brownkoala491","password":"charles","salt":"l7GTAUbN","md5":"61176b9fe17daa94606d40be90722f06","sha1":"aaa1e58d485c5c1ce3613cd7472c1cc475374869","sha256":"d536485dfaba255dbe28bb258d6527d189e39e9fc55589297d0d6d9fd08a3923"},"dob":{"date":"1976-02-25T03:04:21.626Z","age":48},"registered":{"date":"2002-06-30T13:54:54.528Z","age":21},"phone":"017683 76387","cell":"07455 587482","id":{"name":"NINO","value":"BL 38 04 07 G"},"picture":{"large":"https://randomuser.me/api/portraits/men/46.jpg","medium":"https://randomuser.me/api/portraits/med/men/46.jpg","thumbnail":"https://randomuser.me/api/portraits/thumb/men/46.jpg"},"nat":"GB"}],"info":{"seed":"a8a0cdf27df532f4","results":1,"page":1,"version":"1.4"}} 
 </msg>
<msg time="2024-06-05T19:12:30.459363" level="INFO">/opt/hostedtoolcache/Python/3.12.3/x64/lib/python3.12/site-packages/urllib3/connectionpool.py:1103: InsecureRequestWarning: Unverified HTTPS request is being made to host 'randomuser.me'. Adding certificate verification is strongly advised. See: https://urllib3.readthedocs.io/en/latest/advanced-usage.html#tls-warnings
  warnings.warn(</msg>
<msg time="2024-06-05T19:12:30.459526" level="INFO">${response} = &lt;Response [200]&gt;</msg>
<var>${response}</var>
<arg>consultarAPI</arg>
<arg>/api</arg>
<doc>Sends a GET request on a previously created HTTP Session.</doc>
<status status="PASS" start="2024-06-05T19:12:30.292882" elapsed="0.166687"/>
</kw>
<kw name="Should Be Equal As Numbers" owner="BuiltIn">
<msg time="2024-06-05T19:12:30.460772" level="INFO">Argument types are:
&lt;class 'int'&gt;
&lt;class 'str'&gt;</msg>
<arg>${response.status_code}</arg>
<arg>200</arg>
<doc>Fails if objects are unequal after converting them to real numbers.</doc>
<status status="PASS" start="2024-06-05T19:12:30.460257" elapsed="0.000588"/>
</kw>
<kw name="Log" owner="BuiltIn">
<msg time="2024-06-05T19:12:30.461687" level="INFO">200</msg>
<arg>${response.status_code}</arg>
<doc>Logs the given message with the given level.</doc>
<status status="PASS" start="2024-06-05T19:12:30.461236" elapsed="0.000510"/>
</kw>
<kw name="Set Variable" owner="BuiltIn">
<msg time="2024-06-05T19:12:30.462529" level="INFO">${json_data} = {'results': [{'gender': 'male', 'name': {'title': 'Mr', 'first': 'Brayden', 'last': 'Davies'}, 'location': {'street': {'number': 8314, 'name': 'York Road'}, 'city': 'Inverness', 'state': 'Merseyside',...</msg>
<var>${json_data}</var>
<arg>${response.json()}</arg>
<doc>Returns the given values which can then be assigned to a variables.</doc>
<status status="PASS" start="2024-06-05T19:12:30.462081" elapsed="0.000477"/>
</kw>
<kw name="Dictionary Should Contain Key" owner="Collections">
<msg time="2024-06-05T19:12:30.463039" level="INFO">False</msg>
<arg>${json_data}</arg>
<arg>results</arg>
<doc>Fails if ``key`` is not found from ``dictionary``.</doc>
<status status="PASS" start="2024-06-05T19:12:30.462865" elapsed="0.000380"/>
</kw>
<status status="PASS" start="2024-06-05T19:12:30.292638" elapsed="0.170879"/>
</kw>
<doc>Testa se a API responde corretamente e retorna um objeto JSON válido.</doc>
<tag>testeRequisicaoBasica</tag>
<status status="PASS" start="2024-06-05T19:12:30.292090" elapsed="0.171610"/>
</test>
<test id="s1-s1-t3" name="Validar estrutura de resposta" line="22">
<kw name="Teste de Estrutura de Resposta" owner="random-user-service">
<kw name="GET On Session" owner="RequestsLibrary">
<msg time="2024-06-05T19:12:30.580891" level="INFO">GET Request : url=https://randomuser.me/api 
 path_url=/api 
 headers={'User-Agent': 'python-requests/2.32.3', 'Accept-Encoding': 'gzip, deflate', 'Accept': '*/*', 'Connection': 'keep-alive'} 
 body=None 
 </msg>
<msg time="2024-06-05T19:12:30.581014" level="INFO">GET Response : url=https://randomuser.me/api 
 status=200, reason=OK 
 headers={'Date': 'Wed, 05 Jun 2024 19:12:30 GMT', 'Content-Type': 'application/json; charset=utf-8', 'Transfer-Encoding': 'chunked', 'Connection': 'keep-alive', 'X-Powered-By': 'Express', 'Access-Control-Allow-Origin': '*', 'Cache-Control': 'no-cache', 'ETag': 'W/"48e-z+MijqSXspo4GzMk2GpjX2SvZp8"', 'Vary': 'Accept-Encoding', 'Content-Encoding': 'gzip', 'CF-Cache-Status': 'DYNAMIC', 'Report-To': '{"endpoints":[{"url":"https:\\/\\/a.nel.cloudflare.com\\/report\\/v4?s=IsWHGIApn16VHgalvBcKokcToAnITLYN3JlT2wVI62L%2FYkDC%2BVABTsPK3wIeaQdZTlzb3j%2FQlVz0a6u2dC7wtkm0x%2BVrEs%2BbR4Y99r2Q5Y8nTvIV9A03xNujd%2BLpoor%2F"}],"group":"cf-nel","max_age":604800}', 'NEL': '{"success_fraction":0,"report_to":"cf-nel","max_age":604800}', 'Server': 'cloudflare', 'CF-RAY': '88f2797e7a342f32-LAX', 'alt-svc': 'h3=":443"; ma=86400'} 
 body={"results":[{"gender":"male","name":{"title":"Mr","first":"Paul","last":"Matthews"},"location":{"street":{"number":9864,"name":"Walnut Hill Ln"},"city":"Maitland","state":"New South Wales","country":"Australia","postcode":5856,"coordinates":{"latitude":"-88.7070","longitude":"-153.5826"},"timezone":{"offset":"-1:00","description":"Azores, Cape Verde Islands"}},"email":"paul.matthews@example.com","login":{"uuid":"c96fe93d-7175-44b3-8bd0-f246b66fde9f","username":"ticklishbear957","password":"qweqwe","salt":"DeBurTlH","md5":"e962c3123a525bfd33bce40d15da1bb4","sha1":"26354552a108d359ef3878a6805c6065bf7c8a96","sha256":"5ceee4392de82e30d9e8b3f1f5158601987f13dda2ff985fd9a81cb941f721c0"},"dob":{"date":"1954-08-14T16:51:57.283Z","age":69},"registered":{"date":"2007-07-24T18:40:15.892Z","age":16},"phone":"06-4498-8593","cell":"0443-841-854","id":{"name":"TFN","value":"405073662"},"picture":{"large":"https://randomuser.me/api/portraits/men/42.jpg","medium":"https://randomuser.me/api/portraits/med/men/42.jpg","thumbnail":"https://randomuser.me/api/portraits/thumb/men/42.jpg"},"nat":"AU"}],"info":{"seed":"c1533b30eed449d6","results":1,"page":1,"version":"1.4"}} 
 </msg>
<msg time="2024-06-05T19:12:30.581145" level="INFO">/opt/hostedtoolcache/Python/3.12.3/x64/lib/python3.12/site-packages/urllib3/connectionpool.py:1103: InsecureRequestWarning: Unverified HTTPS request is being made to host 'randomuser.me'. Adding certificate verification is strongly advised. See: https://urllib3.readthedocs.io/en/latest/advanced-usage.html#tls-warnings
  warnings.warn(</msg>
<msg time="2024-06-05T19:12:30.581272" level="INFO">${response} = &lt;Response [200]&gt;</msg>
<var>${response}</var>
<arg>consultarAPI</arg>
<arg>/api</arg>
<doc>Sends a GET request on a previously created HTTP Session.</doc>
<status status="PASS" start="2024-06-05T19:12:30.466421" elapsed="0.114893"/>
</kw>
<kw name="Set Variable" owner="BuiltIn">
<msg time="2024-06-05T19:12:30.582399" level="INFO">${json_data} = {'results': [{'gender': 'male', 'name': {'title': 'Mr', 'first': 'Paul', 'last': 'Matthews'}, 'location': {'street': {'number': 9864, 'name': 'Walnut Hill Ln'}, 'city': 'Maitland', 'state': 'New South...</msg>
<var>${json_data}</var>
<arg>${response.json()}</arg>
<doc>Returns the given values which can then be assigned to a variables.</doc>
<status status="PASS" start="2024-06-05T19:12:30.581865" elapsed="0.000563"/>
</kw>
<kw name="Log" owner="BuiltIn">
<msg time="2024-06-05T19:12:30.582895" level="INFO">{'results': [{'gender': 'male', 'name': {'title': 'Mr', 'first': 'Paul', 'last': 'Matthews'}, 'location': {'street': {'number': 9864, 'name': 'Walnut Hill Ln'}, 'city': 'Maitland', 'state': 'New South Wales', 'country': 'Australia', 'postcode': 5856, 'coordinates': {'latitude': '-88.7070', 'longitude': '-153.5826'}, 'timezone': {'offset': '-1:00', 'description': 'Azores, Cape Verde Islands'}}, 'email': 'paul.matthews@example.com', 'login': {'uuid': 'c96fe93d-7175-44b3-8bd0-f246b66fde9f', 'username': 'ticklishbear957', 'password': 'qweqwe', 'salt': 'DeBurTlH', 'md5': 'e962c3123a525bfd33bce40d15da1bb4', 'sha1': '26354552a108d359ef3878a6805c6065bf7c8a96', 'sha256': '5ceee4392de82e30d9e8b3f1f5158601987f13dda2ff985fd9a81cb941f721c0'}, 'dob': {'date': '1954-08-14T16:51:57.283Z', 'age': 69}, 'registered': {'date': '2007-07-24T18:40:15.892Z', 'age': 16}, 'phone': '06-4498-8593', 'cell': '0443-841-854', 'id': {'name': 'TFN', 'value': '405073662'}, 'picture': {'large': 'https://randomuser.me/api/portraits/men/42.jpg', 'medium': 'https://randomuser.me/api/portraits/med/men/42.jpg', 'thumbnail': 'https://randomuser.me/api/portraits/thumb/men/42.jpg'}, 'nat': 'AU'}], 'info': {'seed': 'c1533b30eed449d6', 'results': 1, 'page': 1, 'version': '1.4'}}</msg>
<arg>${json_data}</arg>
<doc>Logs the given message with the given level.</doc>
<status status="PASS" start="2024-06-05T19:12:30.582736" elapsed="0.000208"/>
</kw>
<kw name="Dictionary Should Contain Key" owner="Collections">
<msg time="2024-06-05T19:12:30.583402" level="INFO">False</msg>
<arg>${json_data}</arg>
<arg>results</arg>
<doc>Fails if ``key`` is not found from ``dictionary``.</doc>
<status status="PASS" start="2024-06-05T19:12:30.583240" elapsed="0.000199"/>
</kw>
<kw name="Should Not Be Empty" owner="BuiltIn">
<msg time="2024-06-05T19:12:30.583866" level="INFO">Length is 2.</msg>
<arg>${json_data}</arg>
<doc>Verifies that the given item is not empty.</doc>
<status status="PASS" start="2024-06-05T19:12:30.583732" elapsed="0.000173"/>
</kw>
<kw name="Create List" owner="BuiltIn">
<msg time="2024-06-05T19:12:30.584343" level="INFO">${expected_keys} = ['gender', 'name', 'location', 'email', 'login']</msg>
<var>${expected_keys}</var>
<arg>gender</arg>
<arg>name</arg>
<arg>location</arg>
<arg>email</arg>
<arg>login</arg>
<doc>Returns a list containing given items.</doc>
<status status="PASS" start="2024-06-05T19:12:30.584195" elapsed="0.000171"/>
</kw>
<for flavor="IN">
<iter>
<kw name="Dictionary Should Contain Key" owner="Collections">
<msg time="2024-06-05T19:12:30.585396" level="INFO">False</msg>
<arg>${json_data['results'][0]}</arg>
<arg>${key}</arg>
<doc>Fails if ``key`` is not found from ``dictionary``.</doc>
<status status="PASS" start="2024-06-05T19:12:30.584962" elapsed="0.000481"/>
</kw>
<kw name="Log" owner="BuiltIn">
<msg time="2024-06-05T19:12:30.586188" level="INFO">{'gender': 'male', 'name': {'title': 'Mr', 'first': 'Paul', 'last': 'Matthews'}, 'location': {'street': {'number': 9864, 'name': 'Walnut Hill Ln'}, 'city': 'Maitland', 'state': 'New South Wales', 'country': 'Australia', 'postcode': 5856, 'coordinates': {'latitude': '-88.7070', 'longitude': '-153.5826'}, 'timezone': {'offset': '-1:00', 'description': 'Azores, Cape Verde Islands'}}, 'email': 'paul.matthews@example.com', 'login': {'uuid': 'c96fe93d-7175-44b3-8bd0-f246b66fde9f', 'username': 'ticklishbear957', 'password': 'qweqwe', 'salt': 'DeBurTlH', 'md5': 'e962c3123a525bfd33bce40d15da1bb4', 'sha1': '26354552a108d359ef3878a6805c6065bf7c8a96', 'sha256': '5ceee4392de82e30d9e8b3f1f5158601987f13dda2ff985fd9a81cb941f721c0'}, 'dob': {'date': '1954-08-14T16:51:57.283Z', 'age': 69}, 'registered': {'date': '2007-07-24T18:40:15.892Z', 'age': 16}, 'phone': '06-4498-8593', 'cell': '0443-841-854', 'id': {'name': 'TFN', 'value': '405073662'}, 'picture': {'large': 'https://randomuser.me/api/portraits/men/42.jpg', 'medium': 'https://randomuser.me/api/portraits/med/men/42.jpg', 'thumbnail': 'https://randomuser.me/api/portraits/thumb/men/42.jpg'}, 'nat': 'AU'}</msg>
<arg>${json_data['results'][0]}</arg>
<doc>Logs the given message with the given level.</doc>
<status status="PASS" start="2024-06-05T19:12:30.585794" elapsed="0.000443"/>
</kw>
<kw name="Log" owner="BuiltIn">
<msg time="2024-06-05T19:12:30.586668" level="INFO">gender</msg>
<arg>${key}</arg>
<doc>Logs the given message with the given level.</doc>
<status status="PASS" start="2024-06-05T19:12:30.586538" elapsed="0.000167"/>
</kw>
<var name="${key}">gender</var>
<status status="PASS" start="2024-06-05T19:12:30.584828" elapsed="0.002091"/>
</iter>
<iter>
<kw name="Dictionary Should Contain Key" owner="Collections">
<msg time="2024-06-05T19:12:30.587609" level="INFO">False</msg>
<arg>${json_data['results'][0]}</arg>
<arg>${key}</arg>
<doc>Fails if ``key`` is not found from ``dictionary``.</doc>
<status status="PASS" start="2024-06-05T19:12:30.587224" elapsed="0.000422"/>
</kw>
<kw name="Log" owner="BuiltIn">
<msg time="2024-06-05T19:12:30.588324" level="INFO">{'gender': 'male', 'name': {'title': 'Mr', 'first': 'Paul', 'last': 'Matthews'}, 'location': {'street': {'number': 9864, 'name': 'Walnut Hill Ln'}, 'city': 'Maitland', 'state': 'New South Wales', 'country': 'Australia', 'postcode': 5856, 'coordinates': {'latitude': '-88.7070', 'longitude': '-153.5826'}, 'timezone': {'offset': '-1:00', 'description': 'Azores, Cape Verde Islands'}}, 'email': 'paul.matthews@example.com', 'login': {'uuid': 'c96fe93d-7175-44b3-8bd0-f246b66fde9f', 'username': 'ticklishbear957', 'password': 'qweqwe', 'salt': 'DeBurTlH', 'md5': 'e962c3123a525bfd33bce40d15da1bb4', 'sha1': '26354552a108d359ef3878a6805c6065bf7c8a96', 'sha256': '5ceee4392de82e30d9e8b3f1f5158601987f13dda2ff985fd9a81cb941f721c0'}, 'dob': {'date': '1954-08-14T16:51:57.283Z', 'age': 69}, 'registered': {'date': '2007-07-24T18:40:15.892Z', 'age': 16}, 'phone': '06-4498-8593', 'cell': '0443-841-854', 'id': {'name': 'TFN', 'value': '405073662'}, 'picture': {'large': 'https://randomuser.me/api/portraits/men/42.jpg', 'medium': 'https://randomuser.me/api/portraits/med/men/42.jpg', 'thumbnail': 'https://randomuser.me/api/portraits/thumb/men/42.jpg'}, 'nat': 'AU'}</msg>
<arg>${json_data['results'][0]}</arg>
<doc>Logs the given message with the given level.</doc>
<status status="PASS" start="2024-06-05T19:12:30.587968" elapsed="0.000402"/>
</kw>
<kw name="Log" owner="BuiltIn">
<msg time="2024-06-05T19:12:30.588792" level="INFO">name</msg>
<arg>${key}</arg>
<doc>Logs the given message with the given level.</doc>
<status status="PASS" start="2024-06-05T19:12:30.588664" elapsed="0.000164"/>
</kw>
<var name="${key}">name</var>
<status status="PASS" start="2024-06-05T19:12:30.587108" elapsed="0.001939"/>
</iter>
<iter>
<kw name="Dictionary Should Contain Key" owner="Collections">
<msg time="2024-06-05T19:12:30.589756" level="INFO">False</msg>
<arg>${json_data['results'][0]}</arg>
<arg>${key}</arg>
<doc>Fails if ``key`` is not found from ``dictionary``.</doc>
<status status="PASS" start="2024-06-05T19:12:30.589338" elapsed="0.000456"/>
</kw>
<kw name="Log" owner="BuiltIn">
<msg time="2024-06-05T19:12:30.590464" level="INFO">{'gender': 'male', 'name': {'title': 'Mr', 'first': 'Paul', 'last': 'Matthews'}, 'location': {'street': {'number': 9864, 'name': 'Walnut Hill Ln'}, 'city': 'Maitland', 'state': 'New South Wales', 'country': 'Australia', 'postcode': 5856, 'coordinates': {'latitude': '-88.7070', 'longitude': '-153.5826'}, 'timezone': {'offset': '-1:00', 'description': 'Azores, Cape Verde Islands'}}, 'email': 'paul.matthews@example.com', 'login': {'uuid': 'c96fe93d-7175-44b3-8bd0-f246b66fde9f', 'username': 'ticklishbear957', 'password': 'qweqwe', 'salt': 'DeBurTlH', 'md5': 'e962c3123a525bfd33bce40d15da1bb4', 'sha1': '26354552a108d359ef3878a6805c6065bf7c8a96', 'sha256': '5ceee4392de82e30d9e8b3f1f5158601987f13dda2ff985fd9a81cb941f721c0'}, 'dob': {'date': '1954-08-14T16:51:57.283Z', 'age': 69}, 'registered': {'date': '2007-07-24T18:40:15.892Z', 'age': 16}, 'phone': '06-4498-8593', 'cell': '0443-841-854', 'id': {'name': 'TFN', 'value': '405073662'}, 'picture': {'large': 'https://randomuser.me/api/portraits/men/42.jpg', 'medium': 'https://randomuser.me/api/portraits/med/men/42.jpg', 'thumbnail': 'https://randomuser.me/api/portraits/thumb/men/42.jpg'}, 'nat': 'AU'}</msg>
<arg>${json_data['results'][0]}</arg>
<doc>Logs the given message with the given level.</doc>
<status status="PASS" start="2024-06-05T19:12:30.590097" elapsed="0.000415"/>
</kw>
<kw name="Log" owner="BuiltIn">
<msg time="2024-06-05T19:12:30.590934" level="INFO">location</msg>
<arg>${key}</arg>
<doc>Logs the given message with the given level.</doc>
<status status="PASS" start="2024-06-05T19:12:30.590809" elapsed="0.000163"/>
</kw>
<var name="${key}">location</var>
<status status="PASS" start="2024-06-05T19:12:30.589224" elapsed="0.001964"/>
</iter>
<iter>
<kw name="Dictionary Should Contain Key" owner="Collections">
<msg time="2024-06-05T19:12:30.591974" level="INFO">False</msg>
<arg>${json_data['results'][0]}</arg>
<arg>${key}</arg>
<doc>Fails if ``key`` is not found from ``dictionary``.</doc>
<status status="PASS" start="2024-06-05T19:12:30.591474" elapsed="0.000538"/>
</kw>
<kw name="Log" owner="BuiltIn">
<msg time="2024-06-05T19:12:30.592684" level="INFO">{'gender': 'male', 'name': {'title': 'Mr', 'first': 'Paul', 'last': 'Matthews'}, 'location': {'street': {'number': 9864, 'name': 'Walnut Hill Ln'}, 'city': 'Maitland', 'state': 'New South Wales', 'country': 'Australia', 'postcode': 5856, 'coordinates': {'latitude': '-88.7070', 'longitude': '-153.5826'}, 'timezone': {'offset': '-1:00', 'description': 'Azores, Cape Verde Islands'}}, 'email': 'paul.matthews@example.com', 'login': {'uuid': 'c96fe93d-7175-44b3-8bd0-f246b66fde9f', 'username': 'ticklishbear957', 'password': 'qweqwe', 'salt': 'DeBurTlH', 'md5': 'e962c3123a525bfd33bce40d15da1bb4', 'sha1': '26354552a108d359ef3878a6805c6065bf7c8a96', 'sha256': '5ceee4392de82e30d9e8b3f1f5158601987f13dda2ff985fd9a81cb941f721c0'}, 'dob': {'date': '1954-08-14T16:51:57.283Z', 'age': 69}, 'registered': {'date': '2007-07-24T18:40:15.892Z', 'age': 16}, 'phone': '06-4498-8593', 'cell': '0443-841-854', 'id': {'name': 'TFN', 'value': '405073662'}, 'picture': {'large': 'https://randomuser.me/api/portraits/men/42.jpg', 'medium': 'https://randomuser.me/api/portraits/med/men/42.jpg', 'thumbnail': 'https://randomuser.me/api/portraits/thumb/men/42.jpg'}, 'nat': 'AU'}</msg>
<arg>${json_data['results'][0]}</arg>
<doc>Logs the given message with the given level.</doc>
<status status="PASS" start="2024-06-05T19:12:30.592318" elapsed="0.000414"/>
</kw>
<kw name="Log" owner="BuiltIn">
<msg time="2024-06-05T19:12:30.593163" level="INFO">email</msg>
<arg>${key}</arg>
<doc>Logs the given message with the given level.</doc>
<status status="PASS" start="2024-06-05T19:12:30.593026" elapsed="0.000173"/>
</kw>
<var name="${key}">email</var>
<status status="PASS" start="2024-06-05T19:12:30.591362" elapsed="0.002052"/>
</iter>
<iter>
<kw name="Dictionary Should Contain Key" owner="Collections">
<msg time="2024-06-05T19:12:30.594131" level="INFO">False</msg>
<arg>${json_data['results'][0]}</arg>
<arg>${key}</arg>
<doc>Fails if ``key`` is not found from ``dictionary``.</doc>
<status status="PASS" start="2024-06-05T19:12:30.593751" elapsed="0.000417"/>
</kw>
<kw name="Log" owner="BuiltIn">
<msg time="2024-06-05T19:12:30.594822" level="INFO">{'gender': 'male', 'name': {'title': 'Mr', 'first': 'Paul', 'last': 'Matthews'}, 'location': {'street': {'number': 9864, 'name': 'Walnut Hill Ln'}, 'city': 'Maitland', 'state': 'New South Wales', 'country': 'Australia', 'postcode': 5856, 'coordinates': {'latitude': '-88.7070', 'longitude': '-153.5826'}, 'timezone': {'offset': '-1:00', 'description': 'Azores, Cape Verde Islands'}}, 'email': 'paul.matthews@example.com', 'login': {'uuid': 'c96fe93d-7175-44b3-8bd0-f246b66fde9f', 'username': 'ticklishbear957', 'password': 'qweqwe', 'salt': 'DeBurTlH', 'md5': 'e962c3123a525bfd33bce40d15da1bb4', 'sha1': '26354552a108d359ef3878a6805c6065bf7c8a96', 'sha256': '5ceee4392de82e30d9e8b3f1f5158601987f13dda2ff985fd9a81cb941f721c0'}, 'dob': {'date': '1954-08-14T16:51:57.283Z', 'age': 69}, 'registered': {'date': '2007-07-24T18:40:15.892Z', 'age': 16}, 'phone': '06-4498-8593', 'cell': '0443-841-854', 'id': {'name': 'TFN', 'value': '405073662'}, 'picture': {'large': 'https://randomuser.me/api/portraits/men/42.jpg', 'medium': 'https://randomuser.me/api/portraits/med/men/42.jpg', 'thumbnail': 'https://randomuser.me/api/portraits/thumb/men/42.jpg'}, 'nat': 'AU'}</msg>
<arg>${json_data['results'][0]}</arg>
<doc>Logs the given message with the given level.</doc>
<status status="PASS" start="2024-06-05T19:12:30.594464" elapsed="0.000406"/>
</kw>
<kw name="Log" owner="BuiltIn">
<msg time="2024-06-05T19:12:30.595286" level="INFO">login</msg>
<arg>${key}</arg>
<doc>Logs the given message with the given level.</doc>
<status status="PASS" start="2024-06-05T19:12:30.595160" elapsed="0.000163"/>
</kw>
<var name="${key}">login</var>
<status status="PASS" start="2024-06-05T19:12:30.593619" elapsed="0.001942"/>
</iter>
<var>${key}</var>
<value>@{expected_keys}</value>
<status status="PASS" start="2024-06-05T19:12:30.584630" elapsed="0.011056"/>
</for>
<kw name="Create List" owner="BuiltIn">
<msg time="2024-06-05T19:12:30.596020" level="INFO">${expected_keysTwo} = ['username', 'password']</msg>
<var>${expected_keysTwo}</var>
<arg>username</arg>
<arg>password</arg>
<doc>Returns a list containing given items.</doc>
<status status="PASS" start="2024-06-05T19:12:30.595880" elapsed="0.000165"/>
</kw>
<for flavor="IN">
<iter>
<kw name="Dictionary Should Contain Key" owner="Collections">
<msg time="2024-06-05T19:12:30.596975" level="INFO">False</msg>
<arg>${json_data['results'][0]['login']}</arg>
<arg>${keyTwo}</arg>
<doc>Fails if ``key`` is not found from ``dictionary``.</doc>
<status status="PASS" start="2024-06-05T19:12:30.596585" elapsed="0.000427"/>
</kw>
<kw name="Dictionary Should Contain Key" owner="Collections">
<msg time="2024-06-05T19:12:30.597721" level="INFO">False</msg>
<arg>${json_data['results'][0]['login']}</arg>
<arg>${keyTwo}</arg>
<doc>Fails if ``key`` is not found from ``dictionary``.</doc>
<status status="PASS" start="2024-06-05T19:12:30.597303" elapsed="0.000463"/>
</kw>
<kw name="Log" owner="BuiltIn">
<msg time="2024-06-05T19:12:30.598199" level="INFO">username</msg>
<arg>${keyTwo}</arg>
<doc>Logs the given message with the given level.</doc>
<status status="PASS" start="2024-06-05T19:12:30.598060" elapsed="0.000178"/>
</kw>
<var name="${keyTwo}">username</var>
<status status="PASS" start="2024-06-05T19:12:30.596474" elapsed="0.001978"/>
</iter>
<iter>
<kw name="Dictionary Should Contain Key" owner="Collections">
<msg time="2024-06-05T19:12:30.599138" level="INFO">False</msg>
<arg>${json_data['results'][0]['login']}</arg>
<arg>${keyTwo}</arg>
<doc>Fails if ``key`` is not found from ``dictionary``.</doc>
<status status="PASS" start="2024-06-05T19:12:30.598738" elapsed="0.000442"/>
</kw>
<kw name="Dictionary Should Contain Key" owner="Collections">
<msg time="2024-06-05T19:12:30.599863" level="INFO">False</msg>
<arg>${json_data['results'][0]['login']}</arg>
<arg>${keyTwo}</arg>
<doc>Fails if ``key`` is not found from ``dictionary``.</doc>
<status status="PASS" start="2024-06-05T19:12:30.599482" elapsed="0.000419"/>
</kw>
<kw name="Log" owner="BuiltIn">
<msg time="2024-06-05T19:12:30.600323" level="INFO">password</msg>
<arg>${keyTwo}</arg>
<doc>Logs the given message with the given level.</doc>
<status status="PASS" start="2024-06-05T19:12:30.600194" elapsed="0.000168"/>
</kw>
<var name="${keyTwo}">password</var>
<status status="PASS" start="2024-06-05T19:12:30.598623" elapsed="0.001959"/>
</iter>
<var>${keyTwo}</var>
<value>@{expected_keysTwo}</value>
<status status="PASS" start="2024-06-05T19:12:30.596312" elapsed="0.004391"/>
</for>
<status status="PASS" start="2024-06-05T19:12:30.466176" elapsed="0.134676"/>
</kw>
<doc>Testa a estrutura da resposta da API.</doc>
<tag>testeEstruturaResposta</tag>
<status status="PASS" start="2024-06-05T19:12:30.465523" elapsed="0.135494"/>
</test>
<test id="s1-s1-t4" name="Validar tipos de dados" line="28">
<kw name="Teste de Tipos de Dados" owner="random-user-service">
<kw name="GET On Session" owner="RequestsLibrary">
<msg time="2024-06-05T19:12:30.705576" level="INFO">GET Request : url=https://randomuser.me/api 
 path_url=/api 
 headers={'User-Agent': 'python-requests/2.32.3', 'Accept-Encoding': 'gzip, deflate', 'Accept': '*/*', 'Connection': 'keep-alive'} 
 body=None 
 </msg>
<msg time="2024-06-05T19:12:30.705734" level="INFO">GET Response : url=https://randomuser.me/api 
 status=200, reason=OK 
 headers={'Date': 'Wed, 05 Jun 2024 19:12:30 GMT', 'Content-Type': 'application/json; charset=utf-8', 'Transfer-Encoding': 'chunked', 'Connection': 'keep-alive', 'X-Powered-By': 'Express', 'Access-Control-Allow-Origin': '*', 'Cache-Control': 'no-cache', 'ETag': 'W/"48c-CCBH6EcbobbQp66OxjPvQMqtlEU"', 'Vary': 'Accept-Encoding', 'Content-Encoding': 'gzip', 'CF-Cache-Status': 'DYNAMIC', 'Report-To': '{"endpoints":[{"url":"https:\\/\\/a.nel.cloudflare.com\\/report\\/v4?s=JbWPf74MtOS0bF0VPt27rrloPJU7e7jKB4ZGRlpLIFcvmL%2BGkA3gbEViuOmBdWXEhamOWQ0IEslwLtxOW3UAXk6OIfrQ90y4MjJd3LCTPBgpcbI9ooY1TDrF0%2BMyHtZ5"}],"group":"cf-nel","max_age":604800}', 'NEL': '{"success_fraction":0,"report_to":"cf-nel","max_age":604800}', 'Server': 'cloudflare', 'CF-RAY': '88f2797f4b832f32-LAX', 'alt-svc': 'h3=":443"; ma=86400'} 
 body={"results":[{"gender":"male","name":{"title":"Mr","first":"Etienne","last":"Harcourt"},"location":{"street":{"number":9511,"name":"Maple Ave"},"city":"Kingston","state":"British Columbia","country":"Canada","postcode":"G2V 2U4","coordinates":{"latitude":"-69.6541","longitude":"-11.2951"},"timezone":{"offset":"-7:00","description":"Mountain Time (US &amp; Canada)"}},"email":"etienne.harcourt@example.com","login":{"uuid":"562f9815-d8d9-4332-8805-e800032f96cd","username":"angryfrog938","password":"madmad","salt":"1HYLmmiq","md5":"e72850bcc9bd8aad04fb5423c1341768","sha1":"087ee6611f9b426213b1693a20f01d6ea57a0542","sha256":"a2b0f751e6ced9869310befc4dcaa75714cd037b1fa741690891e87e7f22175d"},"dob":{"date":"1973-05-26T19:16:30.432Z","age":51},"registered":{"date":"2002-10-28T02:24:06.057Z","age":21},"phone":"A21 Z63-7826","cell":"J69 D96-0862","id":{"name":"SIN","value":"007999352"},"picture":{"large":"https://randomuser.me/api/portraits/men/1.jpg","medium":"https://randomuser.me/api/portraits/med/men/1.jpg","thumbnail":"https://randomuser.me/api/portraits/thumb/men/1.jpg"},"nat":"CA"}],"info":{"seed":"45e7cad7e1c40138","results":1,"page":1,"version":"1.4"}} 
 </msg>
<msg time="2024-06-05T19:12:30.705821" level="INFO">/opt/hostedtoolcache/Python/3.12.3/x64/lib/python3.12/site-packages/urllib3/connectionpool.py:1103: InsecureRequestWarning: Unverified HTTPS request is being made to host 'randomuser.me'. Adding certificate verification is strongly advised. See: https://urllib3.readthedocs.io/en/latest/advanced-usage.html#tls-warnings
  warnings.warn(</msg>
<msg time="2024-06-05T19:12:30.705969" level="INFO">${response} = &lt;Response [200]&gt;</msg>
<var>${response}</var>
<arg>consultarAPI</arg>
<arg>/api</arg>
<doc>Sends a GET request on a previously created HTTP Session.</doc>
<status status="PASS" start="2024-06-05T19:12:30.603715" elapsed="0.102301"/>
</kw>
<kw name="Set Variable" owner="BuiltIn">
<msg time="2024-06-05T19:12:30.707243" level="INFO">${json_data} = {'results': [{'gender': 'male', 'name': {'title': 'Mr', 'first': 'Etienne', 'last': 'Harcourt'}, 'location': {'street': {'number': 9511, 'name': 'Maple Ave'}, 'city': 'Kingston', 'state': 'British Col...</msg>
<var>${json_data}</var>
<arg>${response.json()}</arg>
<doc>Returns the given values which can then be assigned to a variables.</doc>
<status status="PASS" start="2024-06-05T19:12:30.706678" elapsed="0.000594"/>
</kw>
<kw name="Log" owner="BuiltIn">
<msg time="2024-06-05T19:12:30.707741" level="INFO">{'results': [{'gender': 'male', 'name': {'title': 'Mr', 'first': 'Etienne', 'last': 'Harcourt'}, 'location': {'street': {'number': 9511, 'name': 'Maple Ave'}, 'city': 'Kingston', 'state': 'British Columbia', 'country': 'Canada', 'postcode': 'G2V 2U4', 'coordinates': {'latitude': '-69.6541', 'longitude': '-11.2951'}, 'timezone': {'offset': '-7:00', 'description': 'Mountain Time (US &amp; Canada)'}}, 'email': 'etienne.harcourt@example.com', 'login': {'uuid': '562f9815-d8d9-4332-8805-e800032f96cd', 'username': 'angryfrog938', 'password': 'madmad', 'salt': '1HYLmmiq', 'md5': 'e72850bcc9bd8aad04fb5423c1341768', 'sha1': '087ee6611f9b426213b1693a20f01d6ea57a0542', 'sha256': 'a2b0f751e6ced9869310befc4dcaa75714cd037b1fa741690891e87e7f22175d'}, 'dob': {'date': '1973-05-26T19:16:30.432Z', 'age': 51}, 'registered': {'date': '2002-10-28T02:24:06.057Z', 'age': 21}, 'phone': 'A21 Z63-7826', 'cell': 'J69 D96-0862', 'id': {'name': 'SIN', 'value': '007999352'}, 'picture': {'large': 'https://randomuser.me/api/portraits/men/1.jpg', 'medium': 'https://randomuser.me/api/portraits/med/men/1.jpg', 'thumbnail': 'https://randomuser.me/api/portraits/thumb/men/1.jpg'}, 'nat': 'CA'}], 'info': {'seed': '45e7cad7e1c40138', 'results': 1, 'page': 1, 'version': '1.4'}}</msg>
<arg>${json_data}</arg>
<doc>Logs the given message with the given level.</doc>
<status status="PASS" start="2024-06-05T19:12:30.707584" elapsed="0.000243"/>
</kw>
<kw name="Should Be String" owner="String">
<arg>${json_data['results'][0]['gender']}</arg>
<doc>Fails if the given ``item`` is not a string.</doc>
<status status="PASS" start="2024-06-05T19:12:30.708122" elapsed="0.000367"/>
</kw>
<kw name="Should Match Regexp" owner="BuiltIn">
<arg>${json_data['results'][0]['email']}</arg>
<arg>^[a-zA-Z0-9._%+-]+@[a-zA-Z0-9.-]+\.[a-zA-Z]{2,}$</arg>
<doc>Fails if ``string`` does not match ``pattern`` as a regular expression.</doc>
<status status="PASS" start="2024-06-05T19:12:30.708682" elapsed="0.000672"/>
</kw>
<kw name="Should Match Regexp" owner="BuiltIn">
<arg>${json_data['results'][0]['dob']['date']}</arg>
<arg>\\d{4}-\\d{2}-\\d{2}T\\d{2}:\\d{2}:\\d{2}\\.\\d{3}Z</arg>
<doc>Fails if ``string`` does not match ``pattern`` as a regular expression.</doc>
<status status="PASS" start="2024-06-05T19:12:30.709551" elapsed="0.000509"/>
</kw>
<kw name="Should Match Regexp" owner="BuiltIn">
<arg>${json_data['results'][0]['registered']['date']}</arg>
<arg>\\d{4}-\\d{2}-\\d{2}T\\d{2}:\\d{2}:\\d{2}\\.\\d{3}Z</arg>
<doc>Fails if ``string`` does not match ``pattern`` as a regular expression.</doc>
<status status="PASS" start="2024-06-05T19:12:30.710254" elapsed="0.000363"/>
</kw>
<kw name="Should Match Regexp" owner="BuiltIn">
<arg>${json_data['results'][0]['picture']['large']}</arg>
<arg>^https?://.*\.(?:png|jpe?g|gif|bmp)$</arg>
<doc>Fails if ``string`` does not match ``pattern`` as a regular expression.</doc>
<status status="PASS" start="2024-06-05T19:12:30.710805" elapsed="0.000456"/>
</kw>
<kw name="Should Match Regexp" owner="BuiltIn">
<arg>${json_data['results'][0]['picture']['medium']}</arg>
<arg>^https?://.*\.(?:png|jpe?g|gif|bmp)$</arg>
<doc>Fails if ``string`` does not match ``pattern`` as a regular expression.</doc>
<status status="PASS" start="2024-06-05T19:12:30.711453" elapsed="0.000350"/>
</kw>
<kw name="Should Match Regexp" owner="BuiltIn">
<arg>${json_data['results'][0]['picture']['thumbnail']}</arg>
<arg>^https?://.*\.(?:png|jpe?g|gif|bmp)$</arg>
<doc>Fails if ``string`` does not match ``pattern`` as a regular expression.</doc>
<status status="PASS" start="2024-06-05T19:12:30.711987" elapsed="0.000351"/>
</kw>
<kw name="Log" owner="BuiltIn">
<msg time="2024-06-05T19:12:30.712831" level="INFO">{'large': 'https://randomuser.me/api/portraits/men/1.jpg', 'medium': 'https://randomuser.me/api/portraits/med/men/1.jpg', 'thumbnail': 'https://randomuser.me/api/portraits/thumb/men/1.jpg'}</msg>
<arg>${json_data['results'][0]['picture']}</arg>
<doc>Logs the given message with the given level.</doc>
<status status="PASS" start="2024-06-05T19:12:30.712515" elapsed="0.000358"/>
</kw>
<status status="PASS" start="2024-06-05T19:12:30.603469" elapsed="0.109664"/>
</kw>
<kw name="Teste de Tipos de Dados - Postcode" owner="random-user-service">
<kw name="GET On Session" owner="RequestsLibrary">
<msg time="2024-06-05T19:12:30.819095" level="INFO">GET Request : url=https://randomuser.me/api 
 path_url=/api 
 headers={'User-Agent': 'python-requests/2.32.3', 'Accept-Encoding': 'gzip, deflate', 'Accept': '*/*', 'Connection': 'keep-alive'} 
 body=None 
 </msg>
<msg time="2024-06-05T19:12:30.819193" level="INFO">GET Response : url=https://randomuser.me/api 
 status=200, reason=OK 
 headers={'Date': 'Wed, 05 Jun 2024 19:12:30 GMT', 'Content-Type': 'application/json; charset=utf-8', 'Transfer-Encoding': 'chunked', 'Connection': 'keep-alive', 'X-Powered-By': 'Express', 'Access-Control-Allow-Origin': '*', 'Cache-Control': 'no-cache', 'ETag': 'W/"4ae-4u67USKfIbIrEVGVwCVFJADjFLw"', 'Vary': 'Accept-Encoding', 'Content-Encoding': 'gzip', 'CF-Cache-Status': 'DYNAMIC', 'Report-To': '{"endpoints":[{"url":"https:\\/\\/a.nel.cloudflare.com\\/report\\/v4?s=ZjC1%2BUHvBzaUMspPtmZPm5pN1wNU6gwBW24FOh8Z%2BshDk2xHjkMD16dYa6lQd%2BlJTqz4XJi656w4H0dhXxkycR6asfJx01xA88lDrev%2BphLj2COKd0MOh%2BVx9KgU0mCr"}],"group":"cf-nel","max_age":604800}', 'NEL': '{"success_fraction":0,"report_to":"cf-nel","max_age":604800}', 'Server': 'cloudflare', 'CF-RAY': '88f2797ffc712f32-LAX', 'alt-svc': 'h3=":443"; ma=86400'} 
 body={"results":[{"gender":"female","name":{"title":"Mrs","first":"Clarisse","last":"Robin"},"location":{"street":{"number":2731,"name":"Rue de L'Abbé-Grégoire"},"city":"Nancy","state":"Hautes-Pyrénées","country":"France","postcode":19665,"coordinates":{"latitude":"-17.9197","longitude":"135.1294"},"timezone":{"offset":"+4:00","description":"Abu Dhabi, Muscat, Baku, Tbilisi"}},"email":"clarisse.robin@example.com","login":{"uuid":"3e694887-1d88-4eff-8ff1-513986e7512c","username":"bigfrog163","password":"westham","salt":"ZHH590b0","md5":"327033689bdcfb17ec71278b2e04f542","sha1":"0d6381e9050cb88a4059e612882e985c6d5515ff","sha256":"00affbb1c42e3159ce06c82eabc1b0cc0dffc99e0f61ab8b14c134f957514821"},"dob":{"date":"1956-03-19T03:27:28.501Z","age":68},"registered":{"date":"2014-02-24T10:10:03.250Z","age":10},"phone":"02-84-30-17-46","cell":"06-59-60-45-53","id":{"name":"INSEE","value":"2560259341274 29"},"picture":{"large":"https://randomuser.me/api/portraits/women/54.jpg","medium":"https://randomuser.me/api/portraits/med/women/54.jpg","thumbnail":"https://randomuser.me/api/portraits/thumb/women/54.jpg"},"nat":"FR"}],"info":{"seed":"55961d0fcb6b3513","results":1,"page":1,"version":"1.4"}} 
 </msg>
<msg time="2024-06-05T19:12:30.819265" level="INFO">/opt/hostedtoolcache/Python/3.12.3/x64/lib/python3.12/site-packages/urllib3/connectionpool.py:1103: InsecureRequestWarning: Unverified HTTPS request is being made to host 'randomuser.me'. Adding certificate verification is strongly advised. See: https://urllib3.readthedocs.io/en/latest/advanced-usage.html#tls-warnings
  warnings.warn(</msg>
<msg time="2024-06-05T19:12:30.819386" level="INFO">${response} = &lt;Response [200]&gt;</msg>
<var>${response}</var>
<arg>consultarAPI</arg>
<arg>/api</arg>
<doc>Sends a GET request on a previously created HTTP Session.</doc>
<status status="PASS" start="2024-06-05T19:12:30.713611" elapsed="0.105815"/>
</kw>
<kw name="Set Variable" owner="BuiltIn">
<msg time="2024-06-05T19:12:30.820470" level="INFO">${json_data} = {'results': [{'gender': 'female', 'name': {'title': 'Mrs', 'first': 'Clarisse', 'last': 'Robin'}, 'location': {'street': {'number': 2731, 'name': "Rue de L'Abbé-Grégoire"}, 'city': 'Nancy', 'state': '...</msg>
<var>${json_data}</var>
<arg>${response.json()}</arg>
<doc>Returns the given values which can then be assigned to a variables.</doc>
<status status="PASS" start="2024-06-05T19:12:30.819941" elapsed="0.000561"/>
</kw>
<kw name="Log" owner="BuiltIn">
<msg time="2024-06-05T19:12:30.820972" level="INFO">{'results': [{'gender': 'female', 'name': {'title': 'Mrs', 'first': 'Clarisse', 'last': 'Robin'}, 'location': {'street': {'number': 2731, 'name': "Rue de L'Abbé-Grégoire"}, 'city': 'Nancy', 'state': 'Hautes-Pyrénées', 'country': 'France', 'postcode': 19665, 'coordinates': {'latitude': '-17.9197', 'longitude': '135.1294'}, 'timezone': {'offset': '+4:00', 'description': 'Abu Dhabi, Muscat, Baku, Tbilisi'}}, 'email': 'clarisse.robin@example.com', 'login': {'uuid': '3e694887-1d88-4eff-8ff1-513986e7512c', 'username': 'bigfrog163', 'password': 'westham', 'salt': 'ZHH590b0', 'md5': '327033689bdcfb17ec71278b2e04f542', 'sha1': '0d6381e9050cb88a4059e612882e985c6d5515ff', 'sha256': '00affbb1c42e3159ce06c82eabc1b0cc0dffc99e0f61ab8b14c134f957514821'}, 'dob': {'date': '1956-03-19T03:27:28.501Z', 'age': 68}, 'registered': {'date': '2014-02-24T10:10:03.250Z', 'age': 10}, 'phone': '02-84-30-17-46', 'cell': '06-59-60-45-53', 'id': {'name': 'INSEE', 'value': '2560259341274 29'}, 'picture': {'large': 'https://randomuser.me/api/portraits/women/54.jpg', 'medium': 'https://randomuser.me/api/portraits/med/women/54.jpg', 'thumbnail': 'https://randomuser.me/api/portraits/thumb/women/54.jpg'}, 'nat': 'FR'}], 'info': {'seed': '55961d0fcb6b3513', 'results': 1, 'page': 1, 'version': '1.4'}}</msg>
<arg>${json_data}</arg>
<doc>Logs the given message with the given level.</doc>
<status status="PASS" start="2024-06-05T19:12:30.820813" elapsed="0.000247"/>
</kw>
<kw name="Should Be Equal As Numbers" owner="BuiltIn">
<arg>${json_data['results'][0]['location']['postcode']}</arg>
<arg>${json_data['results'][0]['location']['postcode']}</arg>
<doc>Fails if objects are unequal after converting them to real numbers.</doc>
<status status="PASS" start="2024-06-05T19:12:30.821361" elapsed="0.000654"/>
</kw>
<kw name="Log" owner="BuiltIn">
<msg time="2024-06-05T19:12:30.822551" level="INFO">19665</msg>
<arg>${json_data['results'][0]['location']['postcode']}</arg>
<doc>Logs the given message with the given level.</doc>
<status status="PASS" start="2024-06-05T19:12:30.822214" elapsed="0.000378"/>
</kw>
<status status="PASS" start="2024-06-05T19:12:30.713360" elapsed="0.109489"/>
</kw>
<doc>Testa se os tipos de dados na resposta da API estão corretos.</doc>
<tag>testeTiposDados</tag>
<status status="PASS" start="2024-06-05T19:12:30.602857" elapsed="0.220164"/>
</test>
<test id="s1-s1-t5" name="Validar conteudo" line="35">
<kw name="Teste de Tipos de Conteudo" owner="random-user-service">
<kw name="GET On Session" owner="RequestsLibrary">
<msg time="2024-06-05T19:12:30.934182" level="INFO">GET Request : url=https://randomuser.me/api 
 path_url=/api 
 headers={'User-Agent': 'python-requests/2.32.3', 'Accept-Encoding': 'gzip, deflate', 'Accept': '*/*', 'Connection': 'keep-alive'} 
 body=None 
 </msg>
<msg time="2024-06-05T19:12:30.934292" level="INFO">GET Response : url=https://randomuser.me/api 
 status=200, reason=OK 
 headers={'Date': 'Wed, 05 Jun 2024 19:12:30 GMT', 'Content-Type': 'application/json; charset=utf-8', 'Transfer-Encoding': 'chunked', 'Connection': 'keep-alive', 'X-Powered-By': 'Express', 'Access-Control-Allow-Origin': '*', 'Cache-Control': 'no-cache', 'ETag': 'W/"484-UykNYaTib6QT5PupVczHCvD6tng"', 'Vary': 'Accept-Encoding', 'Content-Encoding': 'gzip', 'CF-Cache-Status': 'DYNAMIC', 'Report-To': '{"endpoints":[{"url":"https:\\/\\/a.nel.cloudflare.com\\/report\\/v4?s=GIBbW2NubLj5mRjbsT2Woy9k4d80mSz2Cs2AGZiWttOF%2BEpk8tgUynBzIi8upKyLc7B32JKxl%2Bds%2Fp8d2Am2fmydN523ztitRFiIbFVtBN%2FJfnKdzYg%2BGbRKLk%2B81%2FwR"}],"group":"cf-nel","max_age":604800}', 'NEL': '{"success_fraction":0,"report_to":"cf-nel","max_age":604800}', 'Server': 'cloudflare', 'CF-RAY': '88f27980bd592f32-LAX', 'alt-svc': 'h3=":443"; ma=86400'} 
 body={"results":[{"gender":"male","name":{"title":"Mr","first":"Jackson","last":"Patel"},"location":{"street":{"number":8844,"name":"Buckleys Road"},"city":"Taupo","state":"Otago","country":"New Zealand","postcode":28699,"coordinates":{"latitude":"53.0991","longitude":"-5.1622"},"timezone":{"offset":"+5:30","description":"Bombay, Calcutta, Madras, New Delhi"}},"email":"jackson.patel@example.com","login":{"uuid":"79be1b93-b870-493b-b4e6-a8f543e4b5db","username":"whitegorilla717","password":"contains","salt":"TGCbJmTE","md5":"dde36908aef373eacfcdf37d65e5e34e","sha1":"8df86fb7c6ff6f2d41795863975ccc0e3b02641a","sha256":"5e87421a82c582b6da4f85d34d164133a6283f9ac9fa0be499d793b4a4a2161c"},"dob":{"date":"1975-03-24T20:39:35.200Z","age":49},"registered":{"date":"2021-10-14T04:05:22.108Z","age":2},"phone":"(229)-273-8768","cell":"(530)-225-9029","id":{"name":"","value":null},"picture":{"large":"https://randomuser.me/api/portraits/men/35.jpg","medium":"https://randomuser.me/api/portraits/med/men/35.jpg","thumbnail":"https://randomuser.me/api/portraits/thumb/men/35.jpg"},"nat":"NZ"}],"info":{"seed":"064cc07b22137029","results":1,"page":1,"version":"1.4"}} 
 </msg>
<msg time="2024-06-05T19:12:30.934371" level="INFO">/opt/hostedtoolcache/Python/3.12.3/x64/lib/python3.12/site-packages/urllib3/connectionpool.py:1103: InsecureRequestWarning: Unverified HTTPS request is being made to host 'randomuser.me'. Adding certificate verification is strongly advised. See: https://urllib3.readthedocs.io/en/latest/advanced-usage.html#tls-warnings
  warnings.warn(</msg>
<msg time="2024-06-05T19:12:30.934514" level="INFO">${response} = &lt;Response [200]&gt;</msg>
<var>${response}</var>
<arg>consultarAPI</arg>
<arg>/api</arg>
<doc>Sends a GET request on a previously created HTTP Session.</doc>
<status status="PASS" start="2024-06-05T19:12:30.825470" elapsed="0.109078"/>
</kw>
<kw name="Set Variable" owner="BuiltIn">
<msg time="2024-06-05T19:12:30.935636" level="INFO">${json_data} = {'results': [{'gender': 'male', 'name': {'title': 'Mr', 'first': 'Jackson', 'last': 'Patel'}, 'location': {'street': {'number': 8844, 'name': 'Buckleys Road'}, 'city': 'Taupo', 'state': 'Otago', 'coun...</msg>
<var>${json_data}</var>
<arg>${response.json()}</arg>
<doc>Returns the given values which can then be assigned to a variables.</doc>
<status status="PASS" start="2024-06-05T19:12:30.935120" elapsed="0.000543"/>
</kw>
<kw name="Set Variable" owner="BuiltIn">
<msg time="2024-06-05T19:12:30.936350" level="INFO">${name_title} = Mr</msg>
<var>${name_title}</var>
<arg>${json_data["results"][0]["name"]["title"]}</arg>
<doc>Returns the given values which can then be assigned to a variables.</doc>
<status status="PASS" start="2024-06-05T19:12:30.935969" elapsed="0.000405"/>
</kw>
<kw name="Create List" owner="BuiltIn">
<msg time="2024-06-05T19:12:30.936822" level="INFO">${allowed_titles} = ['Mr', 'Ms', 'Miss', 'Mrs', 'Madame', 'Monsieur']</msg>
<var>${allowed_titles}</var>
<arg>Mr</arg>
<arg>Ms</arg>
<arg>Miss</arg>
<arg>Mrs</arg>
<arg>Madame</arg>
<arg>Monsieur</arg>
<doc>Returns a list containing given items.</doc>
<status status="PASS" start="2024-06-05T19:12:30.936674" elapsed="0.000172"/>
</kw>
<kw name="List Should Contain Value" owner="Collections">
<msg time="2024-06-05T19:12:30.937322" level="INFO">False</msg>
<arg>${allowed_titles}</arg>
<arg>${name_title}</arg>
<doc>Fails if the ``value`` is not found from ``list``.</doc>
<status status="PASS" start="2024-06-05T19:12:30.937146" elapsed="0.000213"/>
</kw>
<kw name="Set Variable" owner="BuiltIn">
<msg time="2024-06-05T19:12:30.938267" level="INFO">${name_country} = NZ</msg>
<var>${name_country}</var>
<arg>${json_data["results"][0]["nat"]}</arg>
<doc>Returns the given values which can then be assigned to a variables.</doc>
<status status="PASS" start="2024-06-05T19:12:30.937705" elapsed="0.000587"/>
</kw>
<kw name="Create List" owner="BuiltIn">
<msg time="2024-06-05T19:12:30.939197" level="INFO">${list_country} = ['AD', 'AE', 'AF', 'AG', 'AI', 'AL', 'AM', 'AO', 'AQ', 'AR', 'AS', 'AT', 'AU', 'AW', 'AX', 'AZ', 'BA', 'BB', 'BD', 'BE', 'BF', 'BG', 'BH', 'BI', 'BJ', 'BL', 'BM', 'BN', 'BO', 'BQ', 'BR', 'BS', 'BT', '...</msg>
<var>${list_country}</var>
<arg>AD</arg>
<arg>AE</arg>
<arg>AF</arg>
<arg>AG</arg>
<arg>AI</arg>
<arg>AL</arg>
<arg>AM</arg>
<arg>AO</arg>
<arg>AQ</arg>
<arg>AR</arg>
<arg>AS</arg>
<arg>AT</arg>
<arg>AU</arg>
<arg>AW</arg>
<arg>AX</arg>
<arg>AZ</arg>
<arg>BA</arg>
<arg>BB</arg>
<arg>BD</arg>
<arg>BE</arg>
<arg>BF</arg>
<arg>BG</arg>
<arg>BH</arg>
<arg>BI</arg>
<arg>BJ</arg>
<arg>BL</arg>
<arg>BM</arg>
<arg>BN</arg>
<arg>BO</arg>
<arg>BQ</arg>
<arg>BR</arg>
<arg>BS</arg>
<arg>BT</arg>
<arg>BV</arg>
<arg>BW</arg>
<arg>BY</arg>
<arg>BZ</arg>
<arg>CA</arg>
<arg>CC</arg>
<arg>CD</arg>
<arg>CF</arg>
<arg>CG</arg>
<arg>CH</arg>
<arg>CI</arg>
<arg>CK</arg>
<arg>CL</arg>
<arg>CM</arg>
<arg>CN</arg>
<arg>CO</arg>
<arg>CR</arg>
<arg>CU</arg>
<arg>CV</arg>
<arg>CW</arg>
<arg>CX</arg>
<arg>CY</arg>
<arg>CZ</arg>
<arg>DE</arg>
<arg>DJ</arg>
<arg>DK</arg>
<arg>DM</arg>
<arg>DO</arg>
<arg>DZ</arg>
<arg>EC</arg>
<arg>EE</arg>
<arg>EG</arg>
<arg>EH</arg>
<arg>ER</arg>
<arg>ES</arg>
<arg>ET</arg>
<arg>FI</arg>
<arg>FJ</arg>
<arg>FK</arg>
<arg>FM</arg>
<arg>FO</arg>
<arg>FR</arg>
<arg>GA</arg>
<arg>GB</arg>
<arg>GD</arg>
<arg>GE</arg>
<arg>GF</arg>
<arg>GG</arg>
<arg>GH</arg>
<arg>GI</arg>
<arg>GL</arg>
<arg>GM</arg>
<arg>GN</arg>
<arg>GP</arg>
<arg>GQ</arg>
<arg>GR</arg>
<arg>GS</arg>
<arg>GT</arg>
<arg>GU</arg>
<arg>GW</arg>
<arg>GY</arg>
<arg>HK</arg>
<arg>HM</arg>
<arg>HN</arg>
<arg>HR</arg>
<arg>HT</arg>
<arg>HU</arg>
<arg>ID</arg>
<arg>IE</arg>
<arg>IL</arg>
<arg>IM</arg>
<arg>IN</arg>
<arg>IO</arg>
<arg>IQ</arg>
<arg>IR</arg>
<arg>IS</arg>
<arg>IT</arg>
<arg>JE</arg>
<arg>JM</arg>
<arg>JO</arg>
<arg>JP</arg>
<arg>KE</arg>
<arg>KG</arg>
<arg>KH</arg>
<arg>KI</arg>
<arg>KM</arg>
<arg>KN</arg>
<arg>KP</arg>
<arg>KR</arg>
<arg>KW</arg>
<arg>KY</arg>
<arg>KZ</arg>
<arg>LA</arg>
<arg>LB</arg>
<arg>LC</arg>
<arg>LI</arg>
<arg>LK</arg>
<arg>LR</arg>
<arg>LS</arg>
<arg>LT</arg>
<arg>LU</arg>
<arg>LV</arg>
<arg>LY</arg>
<arg>MA</arg>
<arg>MC</arg>
<arg>MD</arg>
<arg>ME</arg>
<arg>MF</arg>
<arg>MG</arg>
<arg>MH</arg>
<arg>MK</arg>
<arg>ML</arg>
<arg>MM</arg>
<arg>MN</arg>
<arg>MO</arg>
<arg>MP</arg>
<arg>MQ</arg>
<arg>MR</arg>
<arg>MS</arg>
<arg>MT</arg>
<arg>MU</arg>
<arg>MV</arg>
<arg>MW</arg>
<arg>MX</arg>
<arg>MY</arg>
<arg>MZ</arg>
<arg>NA</arg>
<arg>NC</arg>
<arg>NE</arg>
<arg>NF</arg>
<arg>NG</arg>
<arg>NI</arg>
<arg>NL</arg>
<arg>NO</arg>
<arg>NP</arg>
<arg>NR</arg>
<arg>NU</arg>
<arg>NZ</arg>
<arg>OM</arg>
<arg>PA</arg>
<arg>PE</arg>
<arg>PF</arg>
<arg>PG</arg>
<arg>PH</arg>
<arg>PK</arg>
<arg>PL</arg>
<arg>PM</arg>
<arg>PN</arg>
<arg>PR</arg>
<arg>PS</arg>
<arg>PT</arg>
<arg>PW</arg>
<arg>PY</arg>
<arg>QA</arg>
<arg>RE</arg>
<arg>RO</arg>
<arg>RS</arg>
<arg>RU</arg>
<arg>RW</arg>
<arg>SA</arg>
<arg>SB</arg>
<arg>SC</arg>
<arg>SD</arg>
<arg>SE</arg>
<arg>SG</arg>
<arg>SH</arg>
<arg>SI</arg>
<arg>SJ</arg>
<arg>SK</arg>
<arg>SL</arg>
<arg>SM</arg>
<arg>SN</arg>
<arg>SO</arg>
<arg>SR</arg>
<arg>SS</arg>
<arg>ST</arg>
<arg>SV</arg>
<arg>SX</arg>
<arg>SY</arg>
<arg>SZ</arg>
<arg>TC</arg>
<arg>TD</arg>
<arg>TF</arg>
<arg>TG</arg>
<arg>TH</arg>
<arg>TJ</arg>
<arg>TK</arg>
<arg>TL</arg>
<arg>TM</arg>
<arg>TN</arg>
<arg>TO</arg>
<arg>TR</arg>
<arg>TT</arg>
<arg>TV</arg>
<arg>TW</arg>
<arg>TZ</arg>
<arg>UA</arg>
<arg>UG</arg>
<arg>UM</arg>
<arg>US</arg>
<arg>UY</arg>
<arg>UZ</arg>
<arg>VA</arg>
<arg>VC</arg>
<arg>VE</arg>
<arg>VG</arg>
<arg>VI</arg>
<arg>VN</arg>
<arg>VU</arg>
<arg>WF</arg>
<arg>WS</arg>
<arg>XK</arg>
<arg>YE</arg>
<arg>YT</arg>
<arg>ZA</arg>
<arg>ZM</arg>
<arg>ZW</arg>
<doc>Returns a list containing given items.</doc>
<status status="PASS" start="2024-06-05T19:12:30.938600" elapsed="0.000621"/>
</kw>
<kw name="List Should Contain Value" owner="Collections">
<msg time="2024-06-05T19:12:30.940209" level="INFO">False</msg>
<arg>${list_country}</arg>
<arg>${name_country}</arg>
<doc>Fails if the ``value`` is not found from ``list``.</doc>
<status status="PASS" start="2024-06-05T19:12:30.940006" elapsed="0.000238"/>
</kw>
<kw name="Run Keyword If" owner="BuiltIn">
<kw name="Should Be True" owner="BuiltIn">
<arg>${True}</arg>
<doc>Fails if the given condition is not true.</doc>
<status status="PASS" start="2024-06-05T19:12:30.941298" elapsed="0.000142"/>
</kw>
<arg>${json_data["results"][0]["location"]["coordinates"]["latitude"]} &gt;= -90 and ${json_data["results"][0]["location"]["coordinates"]["latitude"]} &lt;= 90</arg>
<arg>Should Be True</arg>
<arg>${True}</arg>
<doc>Runs the given keyword with the given arguments, if ``condition`` is true.</doc>
<status status="PASS" start="2024-06-05T19:12:30.940555" elapsed="0.001010"/>
</kw>
<kw name="Run Keyword If" owner="BuiltIn">
<kw name="Should Be True" owner="BuiltIn">
<arg>${True}</arg>
<doc>Fails if the given condition is not true.</doc>
<status status="PASS" start="2024-06-05T19:12:30.942481" elapsed="0.000137"/>
</kw>
<arg>${json_data["results"][0]["location"]["coordinates"]["longitude"]} &gt;= -180 and ${json_data["results"][0]["location"]["coordinates"]["longitude"]} &lt;= 180</arg>
<arg>Should Be True</arg>
<arg>${True}</arg>
<doc>Runs the given keyword with the given arguments, if ``condition`` is true.</doc>
<status status="PASS" start="2024-06-05T19:12:30.941786" elapsed="0.000952"/>
</kw>
<status status="PASS" start="2024-06-05T19:12:30.825234" elapsed="0.117633"/>
</kw>
<doc>Testa o conteúdo específico dos campos retornados pela API.</doc>
<tag>testeConteudo</tag>
<status status="PASS" start="2024-06-05T19:12:30.824754" elapsed="0.118263"/>
</test>
<status status="PASS" start="2024-06-05T19:12:29.956594" elapsed="0.988328"/>
</suite>
<status status="PASS" start="2024-06-05T19:12:29.942605" elapsed="1.007502"/>
</suite>
<statistics>
<total>
<stat pass="5" fail="0" skip="0">All Tests</stat>
</total>
<tag>
<stat pass="1" fail="0" skip="0">testeConteudo</stat>
<stat pass="1" fail="0" skip="0">testeEstruturaResposta</stat>
<stat pass="1" fail="0" skip="0">testeRequisicaoBasica</stat>
<stat pass="1" fail="0" skip="0">testeTiposDados</stat>
</tag>
<suite>
<stat pass="5" fail="0" skip="0" id="s1" name="Tests">Tests</stat>
<stat pass="5" fail="0" skip="0" id="s1-s1" name="Random-User-Test">Tests.Random-User-Test</stat>
</suite>
</statistics>
<errors>
</errors>
</robot>
