<?xml version="1.0" encoding="UTF-8"?>
<robot generator="Robot 7.0.1 (Python 3.12.4 on linux)" generated="2024-07-23T10:15:53.539125" rpa="false" schemaversion="5">
<suite id="s1" name="Tests" source="/home/runner/work/ApiRandomUser/ApiRandomUser/RamdonUser/tests">
<suite id="s1-s1" name="Random-User-Test" source="/home/runner/work/ApiRandomUser/ApiRandomUser/RamdonUser/tests/random-user-test.robot">
<test id="s1-s1-t1" name="Conectar" line="13">
<kw name="Conectar API" owner="random-user-service">
<kw name="Create Session" owner="RequestsLibrary">
<msg time="2024-07-23T10:15:53.947565" level="INFO">Creating Session using : alias=consultarAPI, url=https://randomuser.me/, headers={},                     cookies={}, auth=None, timeout=None, proxies=None, verify=False,                     debug=0 </msg>
<arg>consultarAPI</arg>
<arg>${URL}</arg>
<doc>Create Session: create a HTTP session to a server</doc>
<status status="PASS" start="2024-07-23T10:15:53.947355" elapsed="0.000422"/>
</kw>
<status status="PASS" start="2024-07-23T10:15:53.946269" elapsed="0.001882"/>
</kw>
<status status="PASS" start="2024-07-23T10:15:53.945631" elapsed="0.002732"/>
</test>
<test id="s1-s1-t2" name="Validar retorno 200 e JSON Válido" line="16">
<kw name="Teste de Requisicao Basica" owner="random-user-service">
<kw name="GET On Session" owner="RequestsLibrary">
<msg time="2024-07-23T10:15:54.168884" level="INFO">GET Request : url=https://randomuser.me/api 
 path_url=/api 
 headers={'User-Agent': 'python-requests/2.32.3', 'Accept-Encoding': 'gzip, deflate', 'Accept': '*/*', 'Connection': 'keep-alive'} 
 body=None 
 </msg>
<msg time="2024-07-23T10:15:54.169025" level="INFO">GET Response : url=https://randomuser.me/api 
 status=200, reason=OK 
 headers={'Date': 'Tue, 23 Jul 2024 10:15:54 GMT', 'Content-Type': 'application/json; charset=utf-8', 'Transfer-Encoding': 'chunked', 'Connection': 'keep-alive', 'X-Powered-By': 'Express', 'Access-Control-Allow-Origin': '*', 'Cache-Control': 'no-cache', 'ETag': 'W/"490-sFSuUca6v4wEh7KcAAcdP37sh9o"', 'Vary': 'Accept-Encoding', 'Content-Encoding': 'gzip', 'CF-Cache-Status': 'DYNAMIC', 'Report-To': '{"endpoints":[{"url":"https:\\/\\/a.nel.cloudflare.com\\/report\\/v4?s=S7XNaTZ2oJJx%2BDIkwmZRPZDrV9%2Fqm4fktD5SqbgHl%2B4%2BZ9xo85WsYIy8DPiQnXG8KuEDilIQ6WtoyyMK14kxAMYFCeXXfpY84EfwHDefaJ6SnS0Bm6A3dHdArbGlMTrE"}],"group":"cf-nel","max_age":604800}', 'NEL': '{"success_fraction":0,"report_to":"cf-nel","max_age":604800}', 'Server': 'cloudflare', 'CF-RAY': '8a7ae9735899c5ab-IAD', 'alt-svc': 'h3=":443"; ma=86400'} 
 body={"results":[{"gender":"male","name":{"title":"Mr","first":"Delmar","last":"Sales"},"location":{"street":{"number":9516,"name":"Avenida da Democracia"},"city":"Catanduva","state":"Mato Grosso","country":"Brazil","postcode":13460,"coordinates":{"latitude":"-75.0822","longitude":"-172.6634"},"timezone":{"offset":"-11:00","description":"Midway Island, Samoa"}},"email":"delmar.sales@example.com","login":{"uuid":"4e0f0360-3c7c-435e-83cc-10da2a0060f1","username":"silverrabbit166","password":"chris","salt":"mYCYou6r","md5":"57a5db6c37052bba68687f961b2e735e","sha1":"3274c0ca2e934e817a3fcce92f1930a4dc8b6cf5","sha256":"924a6184b7f1db661e981156dcc7834d172e80989518cda8ec838f91fdb81b84"},"dob":{"date":"1945-04-27T02:53:12.005Z","age":79},"registered":{"date":"2019-02-10T06:04:22.791Z","age":5},"phone":"(16) 0040-9121","cell":"(35) 4040-0542","id":{"name":"CPF","value":"286.572.668-92"},"picture":{"large":"https://randomuser.me/api/portraits/men/67.jpg","medium":"https://randomuser.me/api/portraits/med/men/67.jpg","thumbnail":"https://randomuser.me/api/portraits/thumb/men/67.jpg"},"nat":"BR"}],"info":{"seed":"7be608d034e979c4","results":1,"page":1,"version":"1.4"}} 
 </msg>
<msg time="2024-07-23T10:15:54.169100" level="INFO">/opt/hostedtoolcache/Python/3.12.4/x64/lib/python3.12/site-packages/urllib3/connectionpool.py:1099: InsecureRequestWarning: Unverified HTTPS request is being made to host 'randomuser.me'. Adding certificate verification is strongly advised. See: https://urllib3.readthedocs.io/en/latest/advanced-usage.html#tls-warnings
  warnings.warn(</msg>
<msg time="2024-07-23T10:15:54.169239" level="INFO">${response} = &lt;Response [200]&gt;</msg>
<var>${response}</var>
<arg>consultarAPI</arg>
<arg>/api</arg>
<doc>Sends a GET request on a previously created HTTP Session.</doc>
<status status="PASS" start="2024-07-23T10:15:53.951042" elapsed="0.218238"/>
</kw>
<kw name="Should Be Equal As Numbers" owner="BuiltIn">
<msg time="2024-07-23T10:15:54.170370" level="INFO">Argument types are:
&lt;class 'int'&gt;
&lt;class 'str'&gt;</msg>
<arg>${response.status_code}</arg>
<arg>200</arg>
<doc>Fails if objects are unequal after converting them to real numbers.</doc>
<status status="PASS" start="2024-07-23T10:15:54.169877" elapsed="0.000558"/>
</kw>
<kw name="Log" owner="BuiltIn">
<msg time="2024-07-23T10:15:54.171105" level="INFO">200</msg>
<arg>${response.status_code}</arg>
<doc>Logs the given message with the given level.</doc>
<status status="PASS" start="2024-07-23T10:15:54.170755" elapsed="0.000392"/>
</kw>
<kw name="Set Variable" owner="BuiltIn">
<msg time="2024-07-23T10:15:54.171885" level="INFO">${json_data} = {'results': [{'gender': 'male', 'name': {'title': 'Mr', 'first': 'Delmar', 'last': 'Sales'}, 'location': {'street': {'number': 9516, 'name': 'Avenida da Democracia'}, 'city': 'Catanduva', 'state': 'Ma...</msg>
<var>${json_data}</var>
<arg>${response.json()}</arg>
<doc>Returns the given values which can then be assigned to a variables.</doc>
<status status="PASS" start="2024-07-23T10:15:54.171450" elapsed="0.000463"/>
</kw>
<kw name="Dictionary Should Contain Key" owner="Collections">
<arg>${json_data}</arg>
<arg>results</arg>
<doc>Fails if ``key`` is not found from ``dictionary``.</doc>
<status status="PASS" start="2024-07-23T10:15:54.172213" elapsed="0.000347"/>
</kw>
<status status="PASS" start="2024-07-23T10:15:53.950799" elapsed="0.221934"/>
</kw>
<doc>Testa se a API responde corretamente e retorna um objeto JSON válido.</doc>
<tag>testeRequisicaoBasica</tag>
<status status="PASS" start="2024-07-23T10:15:53.950271" elapsed="0.222635"/>
</test>
<test id="s1-s1-t3" name="Validar estrutura de resposta" line="22">
<kw name="Teste de Estrutura de Resposta" owner="random-user-service">
<kw name="GET On Session" owner="RequestsLibrary">
<msg time="2024-07-23T10:15:54.274918" level="INFO">GET Request : url=https://randomuser.me/api 
 path_url=/api 
 headers={'User-Agent': 'python-requests/2.32.3', 'Accept-Encoding': 'gzip, deflate', 'Accept': '*/*', 'Connection': 'keep-alive'} 
 body=None 
 </msg>
<msg time="2024-07-23T10:15:54.275014" level="INFO">GET Response : url=https://randomuser.me/api 
 status=200, reason=OK 
 headers={'Date': 'Tue, 23 Jul 2024 10:15:54 GMT', 'Content-Type': 'application/json; charset=utf-8', 'Transfer-Encoding': 'chunked', 'Connection': 'keep-alive', 'X-Powered-By': 'Express', 'Access-Control-Allow-Origin': '*', 'Cache-Control': 'no-cache', 'ETag': 'W/"462-fIYvro30XLt0Wlpnt+9XioPR7es"', 'Vary': 'Accept-Encoding', 'Content-Encoding': 'gzip', 'CF-Cache-Status': 'DYNAMIC', 'Report-To': '{"endpoints":[{"url":"https:\\/\\/a.nel.cloudflare.com\\/report\\/v4?s=3uJjWS6TVOZUsutDZgHnCwATpwwGmeUmcMb7bcPBgnkGjJ6q9ya9gJO9yAT8CAAekNl6EFxqkTsnN1liUYq4jJzEYd4uBEW2rM0E0lp%2Bt41KFuP1eqip4eu3j8m7BAdm"}],"group":"cf-nel","max_age":604800}', 'NEL': '{"success_fraction":0,"report_to":"cf-nel","max_age":604800}', 'Server': 'cloudflare', 'CF-RAY': '8a7ae97398d3c5ab-IAD', 'alt-svc': 'h3=":443"; ma=86400'} 
 body={"results":[{"gender":"female","name":{"title":"Mrs","first":"Aliya","last":"Rein"},"location":{"street":{"number":2864,"name":"Noreveien"},"city":"Kleppe","state":"Hedmark","country":"Norway","postcode":"6778","coordinates":{"latitude":"40.4855","longitude":"55.5427"},"timezone":{"offset":"-10:00","description":"Hawaii"}},"email":"aliya.rein@example.com","login":{"uuid":"0a914965-f4b7-4608-987d-f1cb6256f02c","username":"smallzebra167","password":"imation","salt":"pTCxcIZI","md5":"9adf37ebf45b4e3c78efbd1686a6d753","sha1":"4f94bd659593e1172abd5a36e0c2072b326f4226","sha256":"b38c7889e5a40989ccd4a936cdda59c4435a5ac48d7109a52ecda5fabeda63f5"},"dob":{"date":"1989-12-04T10:24:34.241Z","age":34},"registered":{"date":"2016-07-25T01:46:07.926Z","age":7},"phone":"33490183","cell":"40568126","id":{"name":"FN","value":"04128906253"},"picture":{"large":"https://randomuser.me/api/portraits/women/40.jpg","medium":"https://randomuser.me/api/portraits/med/women/40.jpg","thumbnail":"https://randomuser.me/api/portraits/thumb/women/40.jpg"},"nat":"NO"}],"info":{"seed":"4a5f5156f95244dd","results":1,"page":1,"version":"1.4"}} 
 </msg>
<msg time="2024-07-23T10:15:54.275142" level="INFO">/opt/hostedtoolcache/Python/3.12.4/x64/lib/python3.12/site-packages/urllib3/connectionpool.py:1099: InsecureRequestWarning: Unverified HTTPS request is being made to host 'randomuser.me'. Adding certificate verification is strongly advised. See: https://urllib3.readthedocs.io/en/latest/advanced-usage.html#tls-warnings
  warnings.warn(</msg>
<msg time="2024-07-23T10:15:54.275271" level="INFO">${response} = &lt;Response [200]&gt;</msg>
<var>${response}</var>
<arg>consultarAPI</arg>
<arg>/api</arg>
<doc>Sends a GET request on a previously created HTTP Session.</doc>
<status status="PASS" start="2024-07-23T10:15:54.175551" elapsed="0.099763"/>
</kw>
<kw name="Set Variable" owner="BuiltIn">
<msg time="2024-07-23T10:15:54.276466" level="INFO">${json_data} = {'results': [{'gender': 'female', 'name': {'title': 'Mrs', 'first': 'Aliya', 'last': 'Rein'}, 'location': {'street': {'number': 2864, 'name': 'Noreveien'}, 'city': 'Kleppe', 'state': 'Hedmark', 'count...</msg>
<var>${json_data}</var>
<arg>${response.json()}</arg>
<doc>Returns the given values which can then be assigned to a variables.</doc>
<status status="PASS" start="2024-07-23T10:15:54.275918" elapsed="0.000577"/>
</kw>
<kw name="Log" owner="BuiltIn">
<msg time="2024-07-23T10:15:54.277017" level="INFO">{'results': [{'gender': 'female', 'name': {'title': 'Mrs', 'first': 'Aliya', 'last': 'Rein'}, 'location': {'street': {'number': 2864, 'name': 'Noreveien'}, 'city': 'Kleppe', 'state': 'Hedmark', 'country': 'Norway', 'postcode': '6778', 'coordinates': {'latitude': '40.4855', 'longitude': '55.5427'}, 'timezone': {'offset': '-10:00', 'description': 'Hawaii'}}, 'email': 'aliya.rein@example.com', 'login': {'uuid': '0a914965-f4b7-4608-987d-f1cb6256f02c', 'username': 'smallzebra167', 'password': 'imation', 'salt': 'pTCxcIZI', 'md5': '9adf37ebf45b4e3c78efbd1686a6d753', 'sha1': '4f94bd659593e1172abd5a36e0c2072b326f4226', 'sha256': 'b38c7889e5a40989ccd4a936cdda59c4435a5ac48d7109a52ecda5fabeda63f5'}, 'dob': {'date': '1989-12-04T10:24:34.241Z', 'age': 34}, 'registered': {'date': '2016-07-25T01:46:07.926Z', 'age': 7}, 'phone': '33490183', 'cell': '40568126', 'id': {'name': 'FN', 'value': '04128906253'}, 'picture': {'large': 'https://randomuser.me/api/portraits/women/40.jpg', 'medium': 'https://randomuser.me/api/portraits/med/women/40.jpg', 'thumbnail': 'https://randomuser.me/api/portraits/thumb/women/40.jpg'}, 'nat': 'NO'}], 'info': {'seed': '4a5f5156f95244dd', 'results': 1, 'page': 1, 'version': '1.4'}}</msg>
<arg>${json_data}</arg>
<doc>Logs the given message with the given level.</doc>
<status status="PASS" start="2024-07-23T10:15:54.276855" elapsed="0.000209"/>
</kw>
<kw name="Dictionary Should Contain Key" owner="Collections">
<arg>${json_data}</arg>
<arg>results</arg>
<doc>Fails if ``key`` is not found from ``dictionary``.</doc>
<status status="PASS" start="2024-07-23T10:15:54.277357" elapsed="0.000168"/>
</kw>
<kw name="Should Not Be Empty" owner="BuiltIn">
<msg time="2024-07-23T10:15:54.277827" level="INFO">Length is 2.</msg>
<arg>${json_data}</arg>
<doc>Verifies that the given item is not empty.</doc>
<status status="PASS" start="2024-07-23T10:15:54.277706" elapsed="0.000164"/>
</kw>
<kw name="Create List" owner="BuiltIn">
<msg time="2024-07-23T10:15:54.278314" level="INFO">${expected_keys} = ['gender', 'name', 'location', 'email', 'login']</msg>
<var>${expected_keys}</var>
<arg>gender</arg>
<arg>name</arg>
<arg>location</arg>
<arg>email</arg>
<arg>login</arg>
<doc>Returns a list containing given items.</doc>
<status status="PASS" start="2024-07-23T10:15:54.278164" elapsed="0.000174"/>
</kw>
<for flavor="IN">
<iter>
<kw name="Dictionary Should Contain Key" owner="Collections">
<arg>${json_data['results'][0]}</arg>
<arg>${key}</arg>
<doc>Fails if ``key`` is not found from ``dictionary``.</doc>
<status status="PASS" start="2024-07-23T10:15:54.278921" elapsed="0.000404"/>
</kw>
<kw name="Log" owner="BuiltIn">
<msg time="2024-07-23T10:15:54.279864" level="INFO">{'gender': 'female', 'name': {'title': 'Mrs', 'first': 'Aliya', 'last': 'Rein'}, 'location': {'street': {'number': 2864, 'name': 'Noreveien'}, 'city': 'Kleppe', 'state': 'Hedmark', 'country': 'Norway', 'postcode': '6778', 'coordinates': {'latitude': '40.4855', 'longitude': '55.5427'}, 'timezone': {'offset': '-10:00', 'description': 'Hawaii'}}, 'email': 'aliya.rein@example.com', 'login': {'uuid': '0a914965-f4b7-4608-987d-f1cb6256f02c', 'username': 'smallzebra167', 'password': 'imation', 'salt': 'pTCxcIZI', 'md5': '9adf37ebf45b4e3c78efbd1686a6d753', 'sha1': '4f94bd659593e1172abd5a36e0c2072b326f4226', 'sha256': 'b38c7889e5a40989ccd4a936cdda59c4435a5ac48d7109a52ecda5fabeda63f5'}, 'dob': {'date': '1989-12-04T10:24:34.241Z', 'age': 34}, 'registered': {'date': '2016-07-25T01:46:07.926Z', 'age': 7}, 'phone': '33490183', 'cell': '40568126', 'id': {'name': 'FN', 'value': '04128906253'}, 'picture': {'large': 'https://randomuser.me/api/portraits/women/40.jpg', 'medium': 'https://randomuser.me/api/portraits/med/women/40.jpg', 'thumbnail': 'https://randomuser.me/api/portraits/thumb/women/40.jpg'}, 'nat': 'NO'}</msg>
<arg>${json_data['results'][0]}</arg>
<doc>Logs the given message with the given level.</doc>
<status status="PASS" start="2024-07-23T10:15:54.279514" elapsed="0.000400"/>
</kw>
<kw name="Log" owner="BuiltIn">
<msg time="2024-07-23T10:15:54.280333" level="INFO">gender</msg>
<arg>${key}</arg>
<doc>Logs the given message with the given level.</doc>
<status status="PASS" start="2024-07-23T10:15:54.280207" elapsed="0.000163"/>
</kw>
<var name="${key}">gender</var>
<status status="PASS" start="2024-07-23T10:15:54.278794" elapsed="0.001819"/>
</iter>
<iter>
<kw name="Dictionary Should Contain Key" owner="Collections">
<arg>${json_data['results'][0]}</arg>
<arg>${key}</arg>
<doc>Fails if ``key`` is not found from ``dictionary``.</doc>
<status status="PASS" start="2024-07-23T10:15:54.280910" elapsed="0.000386"/>
</kw>
<kw name="Log" owner="BuiltIn">
<msg time="2024-07-23T10:15:54.281828" level="INFO">{'gender': 'female', 'name': {'title': 'Mrs', 'first': 'Aliya', 'last': 'Rein'}, 'location': {'street': {'number': 2864, 'name': 'Noreveien'}, 'city': 'Kleppe', 'state': 'Hedmark', 'country': 'Norway', 'postcode': '6778', 'coordinates': {'latitude': '40.4855', 'longitude': '55.5427'}, 'timezone': {'offset': '-10:00', 'description': 'Hawaii'}}, 'email': 'aliya.rein@example.com', 'login': {'uuid': '0a914965-f4b7-4608-987d-f1cb6256f02c', 'username': 'smallzebra167', 'password': 'imation', 'salt': 'pTCxcIZI', 'md5': '9adf37ebf45b4e3c78efbd1686a6d753', 'sha1': '4f94bd659593e1172abd5a36e0c2072b326f4226', 'sha256': 'b38c7889e5a40989ccd4a936cdda59c4435a5ac48d7109a52ecda5fabeda63f5'}, 'dob': {'date': '1989-12-04T10:24:34.241Z', 'age': 34}, 'registered': {'date': '2016-07-25T01:46:07.926Z', 'age': 7}, 'phone': '33490183', 'cell': '40568126', 'id': {'name': 'FN', 'value': '04128906253'}, 'picture': {'large': 'https://randomuser.me/api/portraits/women/40.jpg', 'medium': 'https://randomuser.me/api/portraits/med/women/40.jpg', 'thumbnail': 'https://randomuser.me/api/portraits/thumb/women/40.jpg'}, 'nat': 'NO'}</msg>
<arg>${json_data['results'][0]}</arg>
<doc>Logs the given message with the given level.</doc>
<status status="PASS" start="2024-07-23T10:15:54.281476" elapsed="0.000442"/>
</kw>
<kw name="Log" owner="BuiltIn">
<msg time="2024-07-23T10:15:54.282340" level="INFO">name</msg>
<arg>${key}</arg>
<doc>Logs the given message with the given level.</doc>
<status status="PASS" start="2024-07-23T10:15:54.282213" elapsed="0.000165"/>
</kw>
<var name="${key}">name</var>
<status status="PASS" start="2024-07-23T10:15:54.280799" elapsed="0.001791"/>
</iter>
<iter>
<kw name="Dictionary Should Contain Key" owner="Collections">
<arg>${json_data['results'][0]}</arg>
<arg>${key}</arg>
<doc>Fails if ``key`` is not found from ``dictionary``.</doc>
<status status="PASS" start="2024-07-23T10:15:54.282870" elapsed="0.000378"/>
</kw>
<kw name="Log" owner="BuiltIn">
<msg time="2024-07-23T10:15:54.283778" level="INFO">{'gender': 'female', 'name': {'title': 'Mrs', 'first': 'Aliya', 'last': 'Rein'}, 'location': {'street': {'number': 2864, 'name': 'Noreveien'}, 'city': 'Kleppe', 'state': 'Hedmark', 'country': 'Norway', 'postcode': '6778', 'coordinates': {'latitude': '40.4855', 'longitude': '55.5427'}, 'timezone': {'offset': '-10:00', 'description': 'Hawaii'}}, 'email': 'aliya.rein@example.com', 'login': {'uuid': '0a914965-f4b7-4608-987d-f1cb6256f02c', 'username': 'smallzebra167', 'password': 'imation', 'salt': 'pTCxcIZI', 'md5': '9adf37ebf45b4e3c78efbd1686a6d753', 'sha1': '4f94bd659593e1172abd5a36e0c2072b326f4226', 'sha256': 'b38c7889e5a40989ccd4a936cdda59c4435a5ac48d7109a52ecda5fabeda63f5'}, 'dob': {'date': '1989-12-04T10:24:34.241Z', 'age': 34}, 'registered': {'date': '2016-07-25T01:46:07.926Z', 'age': 7}, 'phone': '33490183', 'cell': '40568126', 'id': {'name': 'FN', 'value': '04128906253'}, 'picture': {'large': 'https://randomuser.me/api/portraits/women/40.jpg', 'medium': 'https://randomuser.me/api/portraits/med/women/40.jpg', 'thumbnail': 'https://randomuser.me/api/portraits/thumb/women/40.jpg'}, 'nat': 'NO'}</msg>
<arg>${json_data['results'][0]}</arg>
<doc>Logs the given message with the given level.</doc>
<status status="PASS" start="2024-07-23T10:15:54.283434" elapsed="0.000392"/>
</kw>
<kw name="Log" owner="BuiltIn">
<msg time="2024-07-23T10:15:54.284235" level="INFO">location</msg>
<arg>${key}</arg>
<doc>Logs the given message with the given level.</doc>
<status status="PASS" start="2024-07-23T10:15:54.284112" elapsed="0.000159"/>
</kw>
<var name="${key}">location</var>
<status status="PASS" start="2024-07-23T10:15:54.282764" elapsed="0.001724"/>
</iter>
<iter>
<kw name="Dictionary Should Contain Key" owner="Collections">
<arg>${json_data['results'][0]}</arg>
<arg>${key}</arg>
<doc>Fails if ``key`` is not found from ``dictionary``.</doc>
<status status="PASS" start="2024-07-23T10:15:54.284805" elapsed="0.000386"/>
</kw>
<kw name="Log" owner="BuiltIn">
<msg time="2024-07-23T10:15:54.285843" level="INFO">{'gender': 'female', 'name': {'title': 'Mrs', 'first': 'Aliya', 'last': 'Rein'}, 'location': {'street': {'number': 2864, 'name': 'Noreveien'}, 'city': 'Kleppe', 'state': 'Hedmark', 'country': 'Norway', 'postcode': '6778', 'coordinates': {'latitude': '40.4855', 'longitude': '55.5427'}, 'timezone': {'offset': '-10:00', 'description': 'Hawaii'}}, 'email': 'aliya.rein@example.com', 'login': {'uuid': '0a914965-f4b7-4608-987d-f1cb6256f02c', 'username': 'smallzebra167', 'password': 'imation', 'salt': 'pTCxcIZI', 'md5': '9adf37ebf45b4e3c78efbd1686a6d753', 'sha1': '4f94bd659593e1172abd5a36e0c2072b326f4226', 'sha256': 'b38c7889e5a40989ccd4a936cdda59c4435a5ac48d7109a52ecda5fabeda63f5'}, 'dob': {'date': '1989-12-04T10:24:34.241Z', 'age': 34}, 'registered': {'date': '2016-07-25T01:46:07.926Z', 'age': 7}, 'phone': '33490183', 'cell': '40568126', 'id': {'name': 'FN', 'value': '04128906253'}, 'picture': {'large': 'https://randomuser.me/api/portraits/women/40.jpg', 'medium': 'https://randomuser.me/api/portraits/med/women/40.jpg', 'thumbnail': 'https://randomuser.me/api/portraits/thumb/women/40.jpg'}, 'nat': 'NO'}</msg>
<arg>${json_data['results'][0]}</arg>
<doc>Logs the given message with the given level.</doc>
<status status="PASS" start="2024-07-23T10:15:54.285495" elapsed="0.000398"/>
</kw>
<kw name="Log" owner="BuiltIn">
<msg time="2024-07-23T10:15:54.286317" level="INFO">email</msg>
<arg>${key}</arg>
<doc>Logs the given message with the given level.</doc>
<status status="PASS" start="2024-07-23T10:15:54.286189" elapsed="0.000165"/>
</kw>
<var name="${key}">email</var>
<status status="PASS" start="2024-07-23T10:15:54.284698" elapsed="0.001870"/>
</iter>
<iter>
<kw name="Dictionary Should Contain Key" owner="Collections">
<arg>${json_data['results'][0]}</arg>
<arg>${key}</arg>
<doc>Fails if ``key`` is not found from ``dictionary``.</doc>
<status status="PASS" start="2024-07-23T10:15:54.286849" elapsed="0.000375"/>
</kw>
<kw name="Log" owner="BuiltIn">
<msg time="2024-07-23T10:15:54.287753" level="INFO">{'gender': 'female', 'name': {'title': 'Mrs', 'first': 'Aliya', 'last': 'Rein'}, 'location': {'street': {'number': 2864, 'name': 'Noreveien'}, 'city': 'Kleppe', 'state': 'Hedmark', 'country': 'Norway', 'postcode': '6778', 'coordinates': {'latitude': '40.4855', 'longitude': '55.5427'}, 'timezone': {'offset': '-10:00', 'description': 'Hawaii'}}, 'email': 'aliya.rein@example.com', 'login': {'uuid': '0a914965-f4b7-4608-987d-f1cb6256f02c', 'username': 'smallzebra167', 'password': 'imation', 'salt': 'pTCxcIZI', 'md5': '9adf37ebf45b4e3c78efbd1686a6d753', 'sha1': '4f94bd659593e1172abd5a36e0c2072b326f4226', 'sha256': 'b38c7889e5a40989ccd4a936cdda59c4435a5ac48d7109a52ecda5fabeda63f5'}, 'dob': {'date': '1989-12-04T10:24:34.241Z', 'age': 34}, 'registered': {'date': '2016-07-25T01:46:07.926Z', 'age': 7}, 'phone': '33490183', 'cell': '40568126', 'id': {'name': 'FN', 'value': '04128906253'}, 'picture': {'large': 'https://randomuser.me/api/portraits/women/40.jpg', 'medium': 'https://randomuser.me/api/portraits/med/women/40.jpg', 'thumbnail': 'https://randomuser.me/api/portraits/thumb/women/40.jpg'}, 'nat': 'NO'}</msg>
<arg>${json_data['results'][0]}</arg>
<doc>Logs the given message with the given level.</doc>
<status status="PASS" start="2024-07-23T10:15:54.287405" elapsed="0.000395"/>
</kw>
<kw name="Log" owner="BuiltIn">
<msg time="2024-07-23T10:15:54.288227" level="INFO">login</msg>
<arg>${key}</arg>
<doc>Logs the given message with the given level.</doc>
<status status="PASS" start="2024-07-23T10:15:54.288095" elapsed="0.000168"/>
</kw>
<var name="${key}">login</var>
<status status="PASS" start="2024-07-23T10:15:54.286741" elapsed="0.001735"/>
</iter>
<var>${key}</var>
<value>@{expected_keys}</value>
<status status="PASS" start="2024-07-23T10:15:54.278603" elapsed="0.010029"/>
</for>
<kw name="Create List" owner="BuiltIn">
<msg time="2024-07-23T10:15:54.288957" level="INFO">${expected_keysTwo} = ['username', 'password']</msg>
<var>${expected_keysTwo}</var>
<arg>username</arg>
<arg>password</arg>
<doc>Returns a list containing given items.</doc>
<status status="PASS" start="2024-07-23T10:15:54.288821" elapsed="0.000159"/>
</kw>
<for flavor="IN">
<iter>
<kw name="Dictionary Should Contain Key" owner="Collections">
<arg>${json_data['results'][0]['login']}</arg>
<arg>${keyTwo}</arg>
<doc>Fails if ``key`` is not found from ``dictionary``.</doc>
<status status="PASS" start="2024-07-23T10:15:54.289496" elapsed="0.000381"/>
</kw>
<kw name="Dictionary Should Contain Key" owner="Collections">
<arg>${json_data['results'][0]['login']}</arg>
<arg>${keyTwo}</arg>
<doc>Fails if ``key`` is not found from ``dictionary``.</doc>
<status status="PASS" start="2024-07-23T10:15:54.290057" elapsed="0.000365"/>
</kw>
<kw name="Log" owner="BuiltIn">
<msg time="2024-07-23T10:15:54.290715" level="INFO">username</msg>
<arg>${keyTwo}</arg>
<doc>Logs the given message with the given level.</doc>
<status status="PASS" start="2024-07-23T10:15:54.290598" elapsed="0.000154"/>
</kw>
<var name="${keyTwo}">username</var>
<status status="PASS" start="2024-07-23T10:15:54.289391" elapsed="0.001577"/>
</iter>
<iter>
<kw name="Dictionary Should Contain Key" owner="Collections">
<arg>${json_data['results'][0]['login']}</arg>
<arg>${keyTwo}</arg>
<doc>Fails if ``key`` is not found from ``dictionary``.</doc>
<status status="PASS" start="2024-07-23T10:15:54.291250" elapsed="0.000379"/>
</kw>
<kw name="Dictionary Should Contain Key" owner="Collections">
<arg>${json_data['results'][0]['login']}</arg>
<arg>${keyTwo}</arg>
<doc>Fails if ``key`` is not found from ``dictionary``.</doc>
<status status="PASS" start="2024-07-23T10:15:54.291804" elapsed="0.000370"/>
</kw>
<kw name="Log" owner="BuiltIn">
<msg time="2024-07-23T10:15:54.292471" level="INFO">password</msg>
<arg>${keyTwo}</arg>
<doc>Logs the given message with the given level.</doc>
<status status="PASS" start="2024-07-23T10:15:54.292348" elapsed="0.000160"/>
</kw>
<var name="${keyTwo}">password</var>
<status status="PASS" start="2024-07-23T10:15:54.291139" elapsed="0.001613"/>
</iter>
<var>${keyTwo}</var>
<value>@{expected_keysTwo}</value>
<status status="PASS" start="2024-07-23T10:15:54.289239" elapsed="0.003643"/>
</for>
<status status="PASS" start="2024-07-23T10:15:54.175319" elapsed="0.117705"/>
</kw>
<doc>Testa a estrutura da resposta da API.</doc>
<tag>testeEstruturaResposta</tag>
<status status="PASS" start="2024-07-23T10:15:54.174731" elapsed="0.118449"/>
</test>
<test id="s1-s1-t4" name="Validar tipos de dados" line="28">
<kw name="Teste de Tipos de Dados" owner="random-user-service">
<kw name="GET On Session" owner="RequestsLibrary">
<msg time="2024-07-23T10:15:54.368937" level="INFO">GET Request : url=https://randomuser.me/api 
 path_url=/api 
 headers={'User-Agent': 'python-requests/2.32.3', 'Accept-Encoding': 'gzip, deflate', 'Accept': '*/*', 'Connection': 'keep-alive'} 
 body=None 
 </msg>
<msg time="2024-07-23T10:15:54.369029" level="INFO">GET Response : url=https://randomuser.me/api 
 status=200, reason=OK 
 headers={'Date': 'Tue, 23 Jul 2024 10:15:54 GMT', 'Content-Type': 'application/json; charset=utf-8', 'Transfer-Encoding': 'chunked', 'Connection': 'keep-alive', 'X-Powered-By': 'Express', 'Access-Control-Allow-Origin': '*', 'Cache-Control': 'no-cache', 'ETag': 'W/"49f-Re45+8ll8qSQ68zYvc9Ee8SCSQs"', 'Vary': 'Accept-Encoding', 'Content-Encoding': 'gzip', 'CF-Cache-Status': 'DYNAMIC', 'Report-To': '{"endpoints":[{"url":"https:\\/\\/a.nel.cloudflare.com\\/report\\/v4?s=IHAA%2Ftb6aTFLL8OKTwEkdYUwYdd0eixUCn86ahTkq4SpJvLtGMCeY7IOaY%2FzVqmtO%2B1rVzhpUP1JmOp6s87KvxQA9DDTGME6EcWr88WhJVwJETKmLJTKXikbzzH0b%2Fc%2B"}],"group":"cf-nel","max_age":604800}', 'NEL': '{"success_fraction":0,"report_to":"cf-nel","max_age":604800}', 'Server': 'cloudflare', 'CF-RAY': '8a7ae9745971c5ab-IAD', 'alt-svc': 'h3=":443"; ma=86400'} 
 body={"results":[{"gender":"male","name":{"title":"Mr","first":"Anatole","last":"Martinez"},"location":{"street":{"number":8480,"name":"Rue de la Charité"},"city":"Le Mans","state":"Eure","country":"France","postcode":54322,"coordinates":{"latitude":"-19.1409","longitude":"-127.4005"},"timezone":{"offset":"+8:00","description":"Beijing, Perth, Singapore, Hong Kong"}},"email":"anatole.martinez@example.com","login":{"uuid":"0adda647-d2f1-43c3-b3f6-1832248e712d","username":"yellowkoala200","password":"cloud","salt":"3k0hnXn8","md5":"be33ce9788de0ad2aba874685ad51c96","sha1":"296745170040117e8bb474aea72673156f27f725","sha256":"0efb17846aa408552e5496dfa52d364609fdb180d5fda3770eac0b04382b3af8"},"dob":{"date":"1973-09-06T05:26:25.021Z","age":50},"registered":{"date":"2006-11-29T17:08:52.943Z","age":17},"phone":"01-25-84-01-86","cell":"06-78-98-00-59","id":{"name":"INSEE","value":"1730896560708 69"},"picture":{"large":"https://randomuser.me/api/portraits/men/12.jpg","medium":"https://randomuser.me/api/portraits/med/men/12.jpg","thumbnail":"https://randomuser.me/api/portraits/thumb/men/12.jpg"},"nat":"FR"}],"info":{"seed":"85fa4346eadf9eb9","results":1,"page":1,"version":"1.4"}} 
 </msg>
<msg time="2024-07-23T10:15:54.369096" level="INFO">/opt/hostedtoolcache/Python/3.12.4/x64/lib/python3.12/site-packages/urllib3/connectionpool.py:1099: InsecureRequestWarning: Unverified HTTPS request is being made to host 'randomuser.me'. Adding certificate verification is strongly advised. See: https://urllib3.readthedocs.io/en/latest/advanced-usage.html#tls-warnings
  warnings.warn(</msg>
<msg time="2024-07-23T10:15:54.369212" level="INFO">${response} = &lt;Response [200]&gt;</msg>
<var>${response}</var>
<arg>consultarAPI</arg>
<arg>/api</arg>
<doc>Sends a GET request on a previously created HTTP Session.</doc>
<status status="PASS" start="2024-07-23T10:15:54.295735" elapsed="0.073529"/>
</kw>
<kw name="Set Variable" owner="BuiltIn">
<msg time="2024-07-23T10:15:54.370395" level="INFO">${json_data} = {'results': [{'gender': 'male', 'name': {'title': 'Mr', 'first': 'Anatole', 'last': 'Martinez'}, 'location': {'street': {'number': 8480, 'name': 'Rue de la Charité'}, 'city': 'Le Mans', 'state': 'Eure...</msg>
<var>${json_data}</var>
<arg>${response.json()}</arg>
<doc>Returns the given values which can then be assigned to a variables.</doc>
<status status="PASS" start="2024-07-23T10:15:54.369830" elapsed="0.000595"/>
</kw>
<kw name="Log" owner="BuiltIn">
<msg time="2024-07-23T10:15:54.370917" level="INFO">{'results': [{'gender': 'male', 'name': {'title': 'Mr', 'first': 'Anatole', 'last': 'Martinez'}, 'location': {'street': {'number': 8480, 'name': 'Rue de la Charité'}, 'city': 'Le Mans', 'state': 'Eure', 'country': 'France', 'postcode': 54322, 'coordinates': {'latitude': '-19.1409', 'longitude': '-127.4005'}, 'timezone': {'offset': '+8:00', 'description': 'Beijing, Perth, Singapore, Hong Kong'}}, 'email': 'anatole.martinez@example.com', 'login': {'uuid': '0adda647-d2f1-43c3-b3f6-1832248e712d', 'username': 'yellowkoala200', 'password': 'cloud', 'salt': '3k0hnXn8', 'md5': 'be33ce9788de0ad2aba874685ad51c96', 'sha1': '296745170040117e8bb474aea72673156f27f725', 'sha256': '0efb17846aa408552e5496dfa52d364609fdb180d5fda3770eac0b04382b3af8'}, 'dob': {'date': '1973-09-06T05:26:25.021Z', 'age': 50}, 'registered': {'date': '2006-11-29T17:08:52.943Z', 'age': 17}, 'phone': '01-25-84-01-86', 'cell': '06-78-98-00-59', 'id': {'name': 'INSEE', 'value': '1730896560708 69'}, 'picture': {'large': 'https://randomuser.me/api/portraits/men/12.jpg', 'medium': 'https://randomuser.me/api/portraits/med/men/12.jpg', 'thumbnail': 'https://randomuser.me/api/portraits/thumb/men/12.jpg'}, 'nat': 'FR'}], 'info': {'seed': '85fa4346eadf9eb9', 'results': 1, 'page': 1, 'version': '1.4'}}</msg>
<arg>${json_data}</arg>
<doc>Logs the given message with the given level.</doc>
<status status="PASS" start="2024-07-23T10:15:54.370756" elapsed="0.000210"/>
</kw>
<kw name="Should Be String" owner="String">
<arg>${json_data['results'][0]['gender']}</arg>
<doc>Fails if the given ``item`` is not a string.</doc>
<status status="PASS" start="2024-07-23T10:15:54.371260" elapsed="0.000370"/>
</kw>
<kw name="Should Match Regexp" owner="BuiltIn">
<arg>${json_data['results'][0]['email']}</arg>
<arg>^[a-zA-Z0-9._%+-]+@[a-zA-Z0-9.-]+\.[a-zA-Z]{2,}$</arg>
<doc>Fails if ``string`` does not match ``pattern`` as a regular expression.</doc>
<status status="PASS" start="2024-07-23T10:15:54.371821" elapsed="0.000519"/>
</kw>
<kw name="Should Match Regexp" owner="BuiltIn">
<arg>${json_data['results'][0]['dob']['date']}</arg>
<arg>\\d{4}-\\d{2}-\\d{2}T\\d{2}:\\d{2}:\\d{2}\\.\\d{3}Z</arg>
<doc>Fails if ``string`` does not match ``pattern`` as a regular expression.</doc>
<status status="PASS" start="2024-07-23T10:15:54.372610" elapsed="0.000644"/>
</kw>
<kw name="Should Match Regexp" owner="BuiltIn">
<arg>${json_data['results'][0]['registered']['date']}</arg>
<arg>\\d{4}-\\d{2}-\\d{2}T\\d{2}:\\d{2}:\\d{2}\\.\\d{3}Z</arg>
<doc>Fails if ``string`` does not match ``pattern`` as a regular expression.</doc>
<status status="PASS" start="2024-07-23T10:15:54.373449" elapsed="0.000371"/>
</kw>
<kw name="Should Match Regexp" owner="BuiltIn">
<arg>${json_data['results'][0]['picture']['large']}</arg>
<arg>^https?://.*\.(?:png|jpe?g|gif|bmp)$</arg>
<doc>Fails if ``string`` does not match ``pattern`` as a regular expression.</doc>
<status status="PASS" start="2024-07-23T10:15:54.374007" elapsed="0.000463"/>
</kw>
<kw name="Should Match Regexp" owner="BuiltIn">
<arg>${json_data['results'][0]['picture']['medium']}</arg>
<arg>^https?://.*\.(?:png|jpe?g|gif|bmp)$</arg>
<doc>Fails if ``string`` does not match ``pattern`` as a regular expression.</doc>
<status status="PASS" start="2024-07-23T10:15:54.374660" elapsed="0.000354"/>
</kw>
<kw name="Should Match Regexp" owner="BuiltIn">
<arg>${json_data['results'][0]['picture']['thumbnail']}</arg>
<arg>^https?://.*\.(?:png|jpe?g|gif|bmp)$</arg>
<doc>Fails if ``string`` does not match ``pattern`` as a regular expression.</doc>
<status status="PASS" start="2024-07-23T10:15:54.375198" elapsed="0.000345"/>
</kw>
<kw name="Log" owner="BuiltIn">
<msg time="2024-07-23T10:15:54.376042" level="INFO">{'large': 'https://randomuser.me/api/portraits/men/12.jpg', 'medium': 'https://randomuser.me/api/portraits/med/men/12.jpg', 'thumbnail': 'https://randomuser.me/api/portraits/thumb/men/12.jpg'}</msg>
<arg>${json_data['results'][0]['picture']}</arg>
<doc>Logs the given message with the given level.</doc>
<status status="PASS" start="2024-07-23T10:15:54.375721" elapsed="0.000363"/>
</kw>
<status status="PASS" start="2024-07-23T10:15:54.295513" elapsed="0.080834"/>
</kw>
<kw name="Teste de Tipos de Dados - Postcode" owner="random-user-service">
<kw name="GET On Session" owner="RequestsLibrary">
<msg time="2024-07-23T10:15:54.505180" level="INFO">GET Request : url=https://randomuser.me/api 
 path_url=/api 
 headers={'User-Agent': 'python-requests/2.32.3', 'Accept-Encoding': 'gzip, deflate', 'Accept': '*/*', 'Connection': 'keep-alive'} 
 body=None 
 </msg>
<msg time="2024-07-23T10:15:54.505278" level="INFO">GET Response : url=https://randomuser.me/api 
 status=200, reason=OK 
 headers={'Date': 'Tue, 23 Jul 2024 10:15:54 GMT', 'Content-Type': 'application/json; charset=utf-8', 'Transfer-Encoding': 'chunked', 'Connection': 'keep-alive', 'X-Powered-By': 'Express', 'Access-Control-Allow-Origin': '*', 'Cache-Control': 'no-cache', 'ETag': 'W/"48c-IVK1lZmjqBgltj3nJ3rBRJF/1Tc"', 'Vary': 'Accept-Encoding', 'Content-Encoding': 'gzip', 'CF-Cache-Status': 'DYNAMIC', 'Report-To': '{"endpoints":[{"url":"https:\\/\\/a.nel.cloudflare.com\\/report\\/v4?s=cqDSIa7WB1BEvbgVhZe6xobx7%2BetbinTQ0UdXFikJ%2FvJTVjqyzyX20n7G6BtJ0lXpbGn%2Bl4UHEr03Lu71A8r62OLbjutcz7gs7b6BI80Rw5r3v7JCUx6sXC1qWSpQ0rE"}],"group":"cf-nel","max_age":604800}', 'NEL': '{"success_fraction":0,"report_to":"cf-nel","max_age":604800}', 'Server': 'cloudflare', 'CF-RAY': '8a7ae974d9e0c5ab-IAD', 'alt-svc': 'h3=":443"; ma=86400'} 
 body={"results":[{"gender":"male","name":{"title":"Mr","first":"Jason","last":"May"},"location":{"street":{"number":2469,"name":"Shady Ln Dr"},"city":"Darwin","state":"Northern Territory","country":"Australia","postcode":250,"coordinates":{"latitude":"-86.5439","longitude":"-124.6890"},"timezone":{"offset":"+5:30","description":"Bombay, Calcutta, Madras, New Delhi"}},"email":"jason.may@example.com","login":{"uuid":"79b3c558-e557-47a9-9979-1574f6fd8a1e","username":"heavymeercat211","password":"mordor","salt":"5vwBBOJe","md5":"cc56971478128de0fc432a0afe02cf41","sha1":"1573e1c9f0a4d0c639f7c1bfe490793aa82064d1","sha256":"1da1536d0ad12eef32dfa08e9edc38f0daf9cf49b0fe7f42d58b190187cb0072"},"dob":{"date":"1962-09-05T22:31:20.745Z","age":61},"registered":{"date":"2011-04-16T09:40:43.584Z","age":13},"phone":"09-3985-6189","cell":"0478-541-380","id":{"name":"TFN","value":"673171037"},"picture":{"large":"https://randomuser.me/api/portraits/men/26.jpg","medium":"https://randomuser.me/api/portraits/med/men/26.jpg","thumbnail":"https://randomuser.me/api/portraits/thumb/men/26.jpg"},"nat":"AU"}],"info":{"seed":"c497709808758eef","results":1,"page":1,"version":"1.4"}} 
 </msg>
<msg time="2024-07-23T10:15:54.505354" level="INFO">/opt/hostedtoolcache/Python/3.12.4/x64/lib/python3.12/site-packages/urllib3/connectionpool.py:1099: InsecureRequestWarning: Unverified HTTPS request is being made to host 'randomuser.me'. Adding certificate verification is strongly advised. See: https://urllib3.readthedocs.io/en/latest/advanced-usage.html#tls-warnings
  warnings.warn(</msg>
<msg time="2024-07-23T10:15:54.505475" level="INFO">${response} = &lt;Response [200]&gt;</msg>
<var>${response}</var>
<arg>consultarAPI</arg>
<arg>/api</arg>
<doc>Sends a GET request on a previously created HTTP Session.</doc>
<status status="PASS" start="2024-07-23T10:15:54.376834" elapsed="0.128690"/>
</kw>
<kw name="Set Variable" owner="BuiltIn">
<msg time="2024-07-23T10:15:54.506749" level="INFO">${json_data} = {'results': [{'gender': 'male', 'name': {'title': 'Mr', 'first': 'Jason', 'last': 'May'}, 'location': {'street': {'number': 2469, 'name': 'Shady Ln Dr'}, 'city': 'Darwin', 'state': 'Northern Territory...</msg>
<var>${json_data}</var>
<arg>${response.json()}</arg>
<doc>Returns the given values which can then be assigned to a variables.</doc>
<status status="PASS" start="2024-07-23T10:15:54.506158" elapsed="0.000620"/>
</kw>
<kw name="Log" owner="BuiltIn">
<msg time="2024-07-23T10:15:54.507239" level="INFO">{'results': [{'gender': 'male', 'name': {'title': 'Mr', 'first': 'Jason', 'last': 'May'}, 'location': {'street': {'number': 2469, 'name': 'Shady Ln Dr'}, 'city': 'Darwin', 'state': 'Northern Territory', 'country': 'Australia', 'postcode': 250, 'coordinates': {'latitude': '-86.5439', 'longitude': '-124.6890'}, 'timezone': {'offset': '+5:30', 'description': 'Bombay, Calcutta, Madras, New Delhi'}}, 'email': 'jason.may@example.com', 'login': {'uuid': '79b3c558-e557-47a9-9979-1574f6fd8a1e', 'username': 'heavymeercat211', 'password': 'mordor', 'salt': '5vwBBOJe', 'md5': 'cc56971478128de0fc432a0afe02cf41', 'sha1': '1573e1c9f0a4d0c639f7c1bfe490793aa82064d1', 'sha256': '1da1536d0ad12eef32dfa08e9edc38f0daf9cf49b0fe7f42d58b190187cb0072'}, 'dob': {'date': '1962-09-05T22:31:20.745Z', 'age': 61}, 'registered': {'date': '2011-04-16T09:40:43.584Z', 'age': 13}, 'phone': '09-3985-6189', 'cell': '0478-541-380', 'id': {'name': 'TFN', 'value': '673171037'}, 'picture': {'large': 'https://randomuser.me/api/portraits/men/26.jpg', 'medium': 'https://randomuser.me/api/portraits/med/men/26.jpg', 'thumbnail': 'https://randomuser.me/api/portraits/thumb/men/26.jpg'}, 'nat': 'AU'}], 'info': {'seed': 'c497709808758eef', 'results': 1, 'page': 1, 'version': '1.4'}}</msg>
<arg>${json_data}</arg>
<doc>Logs the given message with the given level.</doc>
<status status="PASS" start="2024-07-23T10:15:54.507082" elapsed="0.000202"/>
</kw>
<kw name="Should Be Equal As Numbers" owner="BuiltIn">
<arg>${json_data['results'][0]['location']['postcode']}</arg>
<arg>${json_data['results'][0]['location']['postcode']}</arg>
<doc>Fails if objects are unequal after converting them to real numbers.</doc>
<status status="PASS" start="2024-07-23T10:15:54.507575" elapsed="0.000623"/>
</kw>
<kw name="Log" owner="BuiltIn">
<msg time="2024-07-23T10:15:54.508769" level="INFO">250</msg>
<arg>${json_data['results'][0]['location']['postcode']}</arg>
<doc>Logs the given message with the given level.</doc>
<status status="PASS" start="2024-07-23T10:15:54.508390" elapsed="0.000419"/>
</kw>
<status status="PASS" start="2024-07-23T10:15:54.376597" elapsed="0.132469"/>
</kw>
<doc>Testa se os tipos de dados na resposta da API estão corretos.</doc>
<tag>testeTiposDados</tag>
<status status="PASS" start="2024-07-23T10:15:54.294948" elapsed="0.214314"/>
</test>
<test id="s1-s1-t5" name="Validar conteudo" line="35">
<kw name="Teste de Tipos de Conteudo" owner="random-user-service">
<kw name="GET On Session" owner="RequestsLibrary">
<msg time="2024-07-23T10:15:54.576224" level="INFO">GET Request : url=https://randomuser.me/api 
 path_url=/api 
 headers={'User-Agent': 'python-requests/2.32.3', 'Accept-Encoding': 'gzip, deflate', 'Accept': '*/*', 'Connection': 'keep-alive'} 
 body=None 
 </msg>
<msg time="2024-07-23T10:15:54.576311" level="INFO">GET Response : url=https://randomuser.me/api 
 status=200, reason=OK 
 headers={'Date': 'Tue, 23 Jul 2024 10:15:54 GMT', 'Content-Type': 'application/json; charset=utf-8', 'Transfer-Encoding': 'chunked', 'Connection': 'keep-alive', 'X-Powered-By': 'Express', 'Access-Control-Allow-Origin': '*', 'Cache-Control': 'no-cache', 'ETag': 'W/"489-itItkWbdxSOy1dNdNzyDLyj+9TQ"', 'Vary': 'Accept-Encoding', 'Content-Encoding': 'gzip', 'CF-Cache-Status': 'DYNAMIC', 'Report-To': '{"endpoints":[{"url":"https:\\/\\/a.nel.cloudflare.com\\/report\\/v4?s=b9zgYk2yi9wDCScOyXzgIz%2Fs6HzF6aZcWDm4WEd%2BsQM%2FeFKJ9XDfLppxsA8jVsTLpZmGHr1wr5bVmdkteXTRhESc9%2FIKt%2B8QmnwQENq97d65%2BiLwHVS1fS0jFIdvKwuJ"}],"group":"cf-nel","max_age":604800}', 'NEL': '{"success_fraction":0,"report_to":"cf-nel","max_age":604800}', 'Server': 'cloudflare', 'CF-RAY': '8a7ae975ba8cc5ab-IAD', 'alt-svc': 'h3=":443"; ma=86400'} 
 body={"results":[{"gender":"female","name":{"title":"Miss","first":"Nevena","last":"Stevanović"},"location":{"street":{"number":1012,"name":"Bresnička"},"city":"Prokuplje","state":"Bor","country":"Serbia","postcode":84546,"coordinates":{"latitude":"64.1181","longitude":"109.2765"},"timezone":{"offset":"+6:00","description":"Almaty, Dhaka, Colombo"}},"email":"nevena.stevanovic@example.com","login":{"uuid":"ac2c11a0-d08b-479e-84a2-97171794d6a3","username":"blackmouse542","password":"palermo","salt":"bGTBK4sp","md5":"5cdc5b00ba90fec123e10efaca381222","sha1":"b0689cc2b67e0ef0fcd50eb5391146eca508d9a1","sha256":"11e0c0087e4563aed204591943adce77624a4c9d5346caa5db5fa71720d1b455"},"dob":{"date":"1950-01-23T16:39:58.152Z","age":74},"registered":{"date":"2011-06-08T12:02:14.904Z","age":13},"phone":"025-2846-146","cell":"068-8453-651","id":{"name":"SID","value":"157376569"},"picture":{"large":"https://randomuser.me/api/portraits/women/10.jpg","medium":"https://randomuser.me/api/portraits/med/women/10.jpg","thumbnail":"https://randomuser.me/api/portraits/thumb/women/10.jpg"},"nat":"RS"}],"info":{"seed":"01f10919266d6b5e","results":1,"page":1,"version":"1.4"}} 
 </msg>
<msg time="2024-07-23T10:15:54.576386" level="INFO">/opt/hostedtoolcache/Python/3.12.4/x64/lib/python3.12/site-packages/urllib3/connectionpool.py:1099: InsecureRequestWarning: Unverified HTTPS request is being made to host 'randomuser.me'. Adding certificate verification is strongly advised. See: https://urllib3.readthedocs.io/en/latest/advanced-usage.html#tls-warnings
  warnings.warn(</msg>
<msg time="2024-07-23T10:15:54.576477" level="INFO">${response} = &lt;Response [200]&gt;</msg>
<var>${response}</var>
<arg>consultarAPI</arg>
<arg>/api</arg>
<doc>Sends a GET request on a previously created HTTP Session.</doc>
<status status="PASS" start="2024-07-23T10:15:54.511764" elapsed="0.064745"/>
</kw>
<kw name="Set Variable" owner="BuiltIn">
<msg time="2024-07-23T10:15:54.577412" level="INFO">${json_data} = {'results': [{'gender': 'female', 'name': {'title': 'Miss', 'first': 'Nevena', 'last': 'Stevanović'}, 'location': {'street': {'number': 1012, 'name': 'Bresnička'}, 'city': 'Prokuplje', 'state': 'Bor',...</msg>
<var>${json_data}</var>
<arg>${response.json()}</arg>
<doc>Returns the given values which can then be assigned to a variables.</doc>
<status status="PASS" start="2024-07-23T10:15:54.576944" elapsed="0.000499"/>
</kw>
<kw name="Set Variable" owner="BuiltIn">
<msg time="2024-07-23T10:15:54.578139" level="INFO">${name_title} = Miss</msg>
<var>${name_title}</var>
<arg>${json_data["results"][0]["name"]["title"]}</arg>
<doc>Returns the given values which can then be assigned to a variables.</doc>
<status status="PASS" start="2024-07-23T10:15:54.577757" elapsed="0.000407"/>
</kw>
<kw name="Create List" owner="BuiltIn">
<msg time="2024-07-23T10:15:54.578604" level="INFO">${allowed_titles} = ['Mr', 'Ms', 'Miss', 'Mrs', 'Madame', 'Monsieur']</msg>
<var>${allowed_titles}</var>
<arg>Mr</arg>
<arg>Ms</arg>
<arg>Miss</arg>
<arg>Mrs</arg>
<arg>Madame</arg>
<arg>Monsieur</arg>
<doc>Returns a list containing given items.</doc>
<status status="PASS" start="2024-07-23T10:15:54.578457" elapsed="0.000172"/>
</kw>
<kw name="List Should Contain Value" owner="Collections">
<arg>${allowed_titles}</arg>
<arg>${name_title}</arg>
<doc>Fails if the ``value`` is not found from ``list``.</doc>
<status status="PASS" start="2024-07-23T10:15:54.578928" elapsed="0.000178"/>
</kw>
<kw name="Set Variable" owner="BuiltIn">
<msg time="2024-07-23T10:15:54.579651" level="INFO">${name_country} = RS</msg>
<var>${name_country}</var>
<arg>${json_data["results"][0]["nat"]}</arg>
<doc>Returns the given values which can then be assigned to a variables.</doc>
<status status="PASS" start="2024-07-23T10:15:54.579285" elapsed="0.000391"/>
</kw>
<kw name="Create List" owner="BuiltIn">
<msg time="2024-07-23T10:15:54.580591" level="INFO">${list_country} = ['AD', 'AE', 'AF', 'AG', 'AI', 'AL', 'AM', 'AO', 'AQ', 'AR', 'AS', 'AT', 'AU', 'AW', 'AX', 'AZ', 'BA', 'BB', 'BD', 'BE', 'BF', 'BG', 'BH', 'BI', 'BJ', 'BL', 'BM', 'BN', 'BO', 'BQ', 'BR', 'BS', 'BT', '...</msg>
<var>${list_country}</var>
<arg>AD</arg>
<arg>AE</arg>
<arg>AF</arg>
<arg>AG</arg>
<arg>AI</arg>
<arg>AL</arg>
<arg>AM</arg>
<arg>AO</arg>
<arg>AQ</arg>
<arg>AR</arg>
<arg>AS</arg>
<arg>AT</arg>
<arg>AU</arg>
<arg>AW</arg>
<arg>AX</arg>
<arg>AZ</arg>
<arg>BA</arg>
<arg>BB</arg>
<arg>BD</arg>
<arg>BE</arg>
<arg>BF</arg>
<arg>BG</arg>
<arg>BH</arg>
<arg>BI</arg>
<arg>BJ</arg>
<arg>BL</arg>
<arg>BM</arg>
<arg>BN</arg>
<arg>BO</arg>
<arg>BQ</arg>
<arg>BR</arg>
<arg>BS</arg>
<arg>BT</arg>
<arg>BV</arg>
<arg>BW</arg>
<arg>BY</arg>
<arg>BZ</arg>
<arg>CA</arg>
<arg>CC</arg>
<arg>CD</arg>
<arg>CF</arg>
<arg>CG</arg>
<arg>CH</arg>
<arg>CI</arg>
<arg>CK</arg>
<arg>CL</arg>
<arg>CM</arg>
<arg>CN</arg>
<arg>CO</arg>
<arg>CR</arg>
<arg>CU</arg>
<arg>CV</arg>
<arg>CW</arg>
<arg>CX</arg>
<arg>CY</arg>
<arg>CZ</arg>
<arg>DE</arg>
<arg>DJ</arg>
<arg>DK</arg>
<arg>DM</arg>
<arg>DO</arg>
<arg>DZ</arg>
<arg>EC</arg>
<arg>EE</arg>
<arg>EG</arg>
<arg>EH</arg>
<arg>ER</arg>
<arg>ES</arg>
<arg>ET</arg>
<arg>FI</arg>
<arg>FJ</arg>
<arg>FK</arg>
<arg>FM</arg>
<arg>FO</arg>
<arg>FR</arg>
<arg>GA</arg>
<arg>GB</arg>
<arg>GD</arg>
<arg>GE</arg>
<arg>GF</arg>
<arg>GG</arg>
<arg>GH</arg>
<arg>GI</arg>
<arg>GL</arg>
<arg>GM</arg>
<arg>GN</arg>
<arg>GP</arg>
<arg>GQ</arg>
<arg>GR</arg>
<arg>GS</arg>
<arg>GT</arg>
<arg>GU</arg>
<arg>GW</arg>
<arg>GY</arg>
<arg>HK</arg>
<arg>HM</arg>
<arg>HN</arg>
<arg>HR</arg>
<arg>HT</arg>
<arg>HU</arg>
<arg>ID</arg>
<arg>IE</arg>
<arg>IL</arg>
<arg>IM</arg>
<arg>IN</arg>
<arg>IO</arg>
<arg>IQ</arg>
<arg>IR</arg>
<arg>IS</arg>
<arg>IT</arg>
<arg>JE</arg>
<arg>JM</arg>
<arg>JO</arg>
<arg>JP</arg>
<arg>KE</arg>
<arg>KG</arg>
<arg>KH</arg>
<arg>KI</arg>
<arg>KM</arg>
<arg>KN</arg>
<arg>KP</arg>
<arg>KR</arg>
<arg>KW</arg>
<arg>KY</arg>
<arg>KZ</arg>
<arg>LA</arg>
<arg>LB</arg>
<arg>LC</arg>
<arg>LI</arg>
<arg>LK</arg>
<arg>LR</arg>
<arg>LS</arg>
<arg>LT</arg>
<arg>LU</arg>
<arg>LV</arg>
<arg>LY</arg>
<arg>MA</arg>
<arg>MC</arg>
<arg>MD</arg>
<arg>ME</arg>
<arg>MF</arg>
<arg>MG</arg>
<arg>MH</arg>
<arg>MK</arg>
<arg>ML</arg>
<arg>MM</arg>
<arg>MN</arg>
<arg>MO</arg>
<arg>MP</arg>
<arg>MQ</arg>
<arg>MR</arg>
<arg>MS</arg>
<arg>MT</arg>
<arg>MU</arg>
<arg>MV</arg>
<arg>MW</arg>
<arg>MX</arg>
<arg>MY</arg>
<arg>MZ</arg>
<arg>NA</arg>
<arg>NC</arg>
<arg>NE</arg>
<arg>NF</arg>
<arg>NG</arg>
<arg>NI</arg>
<arg>NL</arg>
<arg>NO</arg>
<arg>NP</arg>
<arg>NR</arg>
<arg>NU</arg>
<arg>NZ</arg>
<arg>OM</arg>
<arg>PA</arg>
<arg>PE</arg>
<arg>PF</arg>
<arg>PG</arg>
<arg>PH</arg>
<arg>PK</arg>
<arg>PL</arg>
<arg>PM</arg>
<arg>PN</arg>
<arg>PR</arg>
<arg>PS</arg>
<arg>PT</arg>
<arg>PW</arg>
<arg>PY</arg>
<arg>QA</arg>
<arg>RE</arg>
<arg>RO</arg>
<arg>RS</arg>
<arg>RU</arg>
<arg>RW</arg>
<arg>SA</arg>
<arg>SB</arg>
<arg>SC</arg>
<arg>SD</arg>
<arg>SE</arg>
<arg>SG</arg>
<arg>SH</arg>
<arg>SI</arg>
<arg>SJ</arg>
<arg>SK</arg>
<arg>SL</arg>
<arg>SM</arg>
<arg>SN</arg>
<arg>SO</arg>
<arg>SR</arg>
<arg>SS</arg>
<arg>ST</arg>
<arg>SV</arg>
<arg>SX</arg>
<arg>SY</arg>
<arg>SZ</arg>
<arg>TC</arg>
<arg>TD</arg>
<arg>TF</arg>
<arg>TG</arg>
<arg>TH</arg>
<arg>TJ</arg>
<arg>TK</arg>
<arg>TL</arg>
<arg>TM</arg>
<arg>TN</arg>
<arg>TO</arg>
<arg>TR</arg>
<arg>TT</arg>
<arg>TV</arg>
<arg>TW</arg>
<arg>TZ</arg>
<arg>UA</arg>
<arg>UG</arg>
<arg>UM</arg>
<arg>US</arg>
<arg>UY</arg>
<arg>UZ</arg>
<arg>VA</arg>
<arg>VC</arg>
<arg>VE</arg>
<arg>VG</arg>
<arg>VI</arg>
<arg>VN</arg>
<arg>VU</arg>
<arg>WF</arg>
<arg>WS</arg>
<arg>XK</arg>
<arg>YE</arg>
<arg>YT</arg>
<arg>ZA</arg>
<arg>ZM</arg>
<arg>ZW</arg>
<doc>Returns a list containing given items.</doc>
<status status="PASS" start="2024-07-23T10:15:54.579960" elapsed="0.000667"/>
</kw>
<kw name="List Should Contain Value" owner="Collections">
<arg>${list_country}</arg>
<arg>${name_country}</arg>
<doc>Fails if the ``value`` is not found from ``list``.</doc>
<status status="PASS" start="2024-07-23T10:15:54.581590" elapsed="0.000242"/>
</kw>
<kw name="Run Keyword If" owner="BuiltIn">
<kw name="Should Be True" owner="BuiltIn">
<arg>${True}</arg>
<doc>Fails if the given condition is not true.</doc>
<status status="PASS" start="2024-07-23T10:15:54.582985" elapsed="0.000166"/>
</kw>
<arg>${json_data["results"][0]["location"]["coordinates"]["latitude"]} &gt;= -90 and ${json_data["results"][0]["location"]["coordinates"]["latitude"]} &lt;= 90</arg>
<arg>Should Be True</arg>
<arg>${True}</arg>
<doc>Runs the given keyword with the given arguments, if ``condition`` is true.</doc>
<status status="PASS" start="2024-07-23T10:15:54.582073" elapsed="0.001234"/>
</kw>
<kw name="Run Keyword If" owner="BuiltIn">
<kw name="Should Be True" owner="BuiltIn">
<arg>${True}</arg>
<doc>Fails if the given condition is not true.</doc>
<status status="PASS" start="2024-07-23T10:15:54.584339" elapsed="0.000140"/>
</kw>
<arg>${json_data["results"][0]["location"]["coordinates"]["longitude"]} &gt;= -180 and ${json_data["results"][0]["location"]["coordinates"]["longitude"]} &lt;= 180</arg>
<arg>Should Be True</arg>
<arg>${True}</arg>
<doc>Runs the given keyword with the given arguments, if ``condition`` is true.</doc>
<status status="PASS" start="2024-07-23T10:15:54.583531" elapsed="0.001111"/>
</kw>
<status status="PASS" start="2024-07-23T10:15:54.511543" elapsed="0.073231"/>
</kw>
<doc>Testa o conteúdo específico dos campos retornados pela API.</doc>
<tag>testeConteudo</tag>
<status status="PASS" start="2024-07-23T10:15:54.511006" elapsed="0.073914"/>
</test>
<status status="PASS" start="2024-07-23T10:15:53.599660" elapsed="0.987153"/>
</suite>
<status status="PASS" start="2024-07-23T10:15:53.585298" elapsed="1.006451"/>
</suite>
<statistics>
<total>
<stat pass="5" fail="0" skip="0">All Tests</stat>
</total>
<tag>
<stat pass="1" fail="0" skip="0">testeConteudo</stat>
<stat pass="1" fail="0" skip="0">testeEstruturaResposta</stat>
<stat pass="1" fail="0" skip="0">testeRequisicaoBasica</stat>
<stat pass="1" fail="0" skip="0">testeTiposDados</stat>
</tag>
<suite>
<stat pass="5" fail="0" skip="0" id="s1" name="Tests">Tests</stat>
<stat pass="5" fail="0" skip="0" id="s1-s1" name="Random-User-Test">Tests.Random-User-Test</stat>
</suite>
</statistics>
<errors>
</errors>
</robot>
