<?xml version="1.0" encoding="UTF-8"?>
<robot generator="Robot 7.0.1 (Python 3.12.4 on linux)" generated="2024-07-01T16:18:09.396792" rpa="false" schemaversion="5">
<suite id="s1" name="Tests" source="/home/runner/work/ApiRandomUser/ApiRandomUser/RamdonUser/tests">
<suite id="s1-s1" name="Random-User-Test" source="/home/runner/work/ApiRandomUser/ApiRandomUser/RamdonUser/tests/random-user-test.robot">
<test id="s1-s1-t1" name="Conectar" line="13">
<kw name="Conectar API" owner="random-user-service">
<kw name="Create Session" owner="RequestsLibrary">
<msg time="2024-07-01T16:18:09.792430" level="INFO">Creating Session using : alias=consultarAPI, url=https://randomuser.me/, headers={},                     cookies={}, auth=None, timeout=None, proxies=None, verify=False,                     debug=0 </msg>
<arg>consultarAPI</arg>
<arg>${URL}</arg>
<doc>Create Session: create a HTTP session to a server</doc>
<status status="PASS" start="2024-07-01T16:18:09.792231" elapsed="0.000363"/>
</kw>
<status status="PASS" start="2024-07-01T16:18:09.791315" elapsed="0.001623"/>
</kw>
<status status="PASS" start="2024-07-01T16:18:09.790752" elapsed="0.002375"/>
</test>
<test id="s1-s1-t2" name="Validar retorno 200 e JSON Válido" line="16">
<kw name="Teste de Requisicao Basica" owner="random-user-service">
<kw name="GET On Session" owner="RequestsLibrary">
<msg time="2024-07-01T16:18:10.096281" level="INFO">GET Request : url=https://randomuser.me/api 
 path_url=/api 
 headers={'User-Agent': 'python-requests/2.32.3', 'Accept-Encoding': 'gzip, deflate', 'Accept': '*/*', 'Connection': 'keep-alive'} 
 body=None 
 </msg>
<msg time="2024-07-01T16:18:10.096426" level="INFO">GET Response : url=https://randomuser.me/api 
 status=200, reason=OK 
 headers={'Date': 'Mon, 01 Jul 2024 16:18:10 GMT', 'Content-Type': 'application/json; charset=utf-8', 'Transfer-Encoding': 'chunked', 'Connection': 'keep-alive', 'X-Powered-By': 'Express', 'Access-Control-Allow-Origin': '*', 'Cache-Control': 'no-cache', 'ETag': 'W/"46c-NgbXL4DZvTPLAsPf9jGxHLPYb3s"', 'Vary': 'Accept-Encoding', 'Content-Encoding': 'gzip', 'CF-Cache-Status': 'DYNAMIC', 'Report-To': '{"endpoints":[{"url":"https:\\/\\/a.nel.cloudflare.com\\/report\\/v4?s=b6ASAhGw4UYwCIEqCDeQrjOUqfQ5LLhdbt1JM2LdfC7tBYMGHSrUfcPHAc0svYOkRwoI77CB7jGIFh0ZivYr6n%2FKI9%2BmyRPoP5mr8M%2FHVy%2BX9DJWlo3%2BeyyH%2F3VKMRRh"}],"group":"cf-nel","max_age":604800}', 'NEL': '{"success_fraction":0,"report_to":"cf-nel","max_age":604800}', 'Server': 'cloudflare', 'CF-RAY': '89c7b5dc0e9c9c72-IAD', 'alt-svc': 'h3=":443"; ma=86400'} 
 body={"results":[{"gender":"male","name":{"title":"Mr","first":"Kirk","last":"Burton"},"location":{"street":{"number":3885,"name":"Grafton Street"},"city":"Skerries","state":"Wicklow","country":"Ireland","postcode":36638,"coordinates":{"latitude":"-0.9514","longitude":"-16.1211"},"timezone":{"offset":"-3:30","description":"Newfoundland"}},"email":"kirk.burton@example.com","login":{"uuid":"91563df4-022c-4b74-8122-230dddb0e8e9","username":"blackcat223","password":"arctic","salt":"bikXREsp","md5":"dcbada8ce25a85a25648effee7b0373d","sha1":"de120de4d2ba49a75d93b516a97cba1e7a2ce21b","sha256":"43c7f58d5fabc07371b54b8c5a19368e35eb359ad85830e06e53cfe229f15d22"},"dob":{"date":"1957-08-13T10:30:01.817Z","age":66},"registered":{"date":"2003-03-05T19:54:45.153Z","age":21},"phone":"061-870-8596","cell":"081-938-1282","id":{"name":"PPS","value":"4257478T"},"picture":{"large":"https://randomuser.me/api/portraits/men/82.jpg","medium":"https://randomuser.me/api/portraits/med/men/82.jpg","thumbnail":"https://randomuser.me/api/portraits/thumb/men/82.jpg"},"nat":"IE"}],"info":{"seed":"748fd1bdec6c9f7e","results":1,"page":1,"version":"1.4"}} 
 </msg>
<msg time="2024-07-01T16:18:10.096511" level="INFO">/opt/hostedtoolcache/Python/3.12.4/x64/lib/python3.12/site-packages/urllib3/connectionpool.py:1099: InsecureRequestWarning: Unverified HTTPS request is being made to host 'randomuser.me'. Adding certificate verification is strongly advised. See: https://urllib3.readthedocs.io/en/latest/advanced-usage.html#tls-warnings
  warnings.warn(</msg>
<msg time="2024-07-01T16:18:10.096665" level="INFO">${response} = &lt;Response [200]&gt;</msg>
<var>${response}</var>
<arg>consultarAPI</arg>
<arg>/api</arg>
<doc>Sends a GET request on a previously created HTTP Session.</doc>
<status status="PASS" start="2024-07-01T16:18:09.795745" elapsed="0.300964"/>
</kw>
<kw name="Should Be Equal As Numbers" owner="BuiltIn">
<msg time="2024-07-01T16:18:10.097612" level="INFO">Argument types are:
&lt;class 'int'&gt;
&lt;class 'str'&gt;</msg>
<arg>${response.status_code}</arg>
<arg>200</arg>
<doc>Fails if objects are unequal after converting them to real numbers.</doc>
<status status="PASS" start="2024-07-01T16:18:10.097174" elapsed="0.000501"/>
</kw>
<kw name="Log" owner="BuiltIn">
<msg time="2024-07-01T16:18:10.098319" level="INFO">200</msg>
<arg>${response.status_code}</arg>
<doc>Logs the given message with the given level.</doc>
<status status="PASS" start="2024-07-01T16:18:10.097983" elapsed="0.000377"/>
</kw>
<kw name="Set Variable" owner="BuiltIn">
<msg time="2024-07-01T16:18:10.099128" level="INFO">${json_data} = {'results': [{'gender': 'male', 'name': {'title': 'Mr', 'first': 'Kirk', 'last': 'Burton'}, 'location': {'street': {'number': 3885, 'name': 'Grafton Street'}, 'city': 'Skerries', 'state': 'Wicklow', '...</msg>
<var>${json_data}</var>
<arg>${response.json()}</arg>
<doc>Returns the given values which can then be assigned to a variables.</doc>
<status status="PASS" start="2024-07-01T16:18:10.098698" elapsed="0.000458"/>
</kw>
<kw name="Dictionary Should Contain Key" owner="Collections">
<arg>${json_data}</arg>
<arg>results</arg>
<doc>Fails if ``key`` is not found from ``dictionary``.</doc>
<status status="PASS" start="2024-07-01T16:18:10.099458" elapsed="0.000161"/>
</kw>
<status status="PASS" start="2024-07-01T16:18:09.795499" elapsed="0.304272"/>
</kw>
<doc>Testa se a API responde corretamente e retorna um objeto JSON válido.</doc>
<tag>testeRequisicaoBasica</tag>
<status status="PASS" start="2024-07-01T16:18:09.794992" elapsed="0.304945"/>
</test>
<test id="s1-s1-t3" name="Validar estrutura de resposta" line="22">
<kw name="Teste de Estrutura de Resposta" owner="random-user-service">
<kw name="GET On Session" owner="RequestsLibrary">
<msg time="2024-07-01T16:18:10.157708" level="INFO">GET Request : url=https://randomuser.me/api 
 path_url=/api 
 headers={'User-Agent': 'python-requests/2.32.3', 'Accept-Encoding': 'gzip, deflate', 'Accept': '*/*', 'Connection': 'keep-alive'} 
 body=None 
 </msg>
<msg time="2024-07-01T16:18:10.157797" level="INFO">GET Response : url=https://randomuser.me/api 
 status=200, reason=OK 
 headers={'Date': 'Mon, 01 Jul 2024 16:18:10 GMT', 'Content-Type': 'application/json; charset=utf-8', 'Transfer-Encoding': 'chunked', 'Connection': 'keep-alive', 'X-Powered-By': 'Express', 'Access-Control-Allow-Origin': '*', 'Cache-Control': 'no-cache', 'ETag': 'W/"486-6Hw1izgACOSzU6rPeI3HABq374s"', 'Vary': 'Accept-Encoding', 'Content-Encoding': 'gzip', 'CF-Cache-Status': 'DYNAMIC', 'Report-To': '{"endpoints":[{"url":"https:\\/\\/a.nel.cloudflare.com\\/report\\/v4?s=1ZYG7spD2PmGRMTNJVVt%2FSCvJ9wtpk1LC1WAZGRzO7oEb%2BajWwoKu4ZzPLUgFAle6GRwkKfwctthUV1dHPGK5ExPH0EoW1rr4p9Lp2JxTQF%2F06vL9so46q2jz1bbylHb"}],"group":"cf-nel","max_age":604800}', 'NEL': '{"success_fraction":0,"report_to":"cf-nel","max_age":604800}', 'Server': 'cloudflare', 'CF-RAY': '89c7b5dd28149c72-IAD', 'alt-svc': 'h3=":443"; ma=86400'} 
 body={"results":[{"gender":"male","name":{"title":"Mr","first":"Nicolas","last":"Gallego"},"location":{"street":{"number":2473,"name":"Calle de Pedro Bosch"},"city":"Toledo","state":"Navarra","country":"Spain","postcode":70977,"coordinates":{"latitude":"-35.6449","longitude":"-45.8738"},"timezone":{"offset":"-8:00","description":"Pacific Time (US &amp; Canada)"}},"email":"nicolas.gallego@example.com","login":{"uuid":"c4239dda-b830-487e-b7ea-49d9f631c76c","username":"whitemouse342","password":"jewels","salt":"TInbFC58","md5":"c78cb127a8d879216d1f91b0392cdfbf","sha1":"7924358f4c51e27f29a257a2378523a46446cba8","sha256":"cced429dde5b3d6f575524ba2cde11bb093785894c6547a34e0c27222995dcf7"},"dob":{"date":"1978-05-09T06:54:13.668Z","age":46},"registered":{"date":"2019-01-03T19:02:46.217Z","age":5},"phone":"994-208-448","cell":"660-565-342","id":{"name":"DNI","value":"53406715-P"},"picture":{"large":"https://randomuser.me/api/portraits/men/61.jpg","medium":"https://randomuser.me/api/portraits/med/men/61.jpg","thumbnail":"https://randomuser.me/api/portraits/thumb/men/61.jpg"},"nat":"ES"}],"info":{"seed":"9c00697468b27783","results":1,"page":1,"version":"1.4"}} 
 </msg>
<msg time="2024-07-01T16:18:10.157926" level="INFO">/opt/hostedtoolcache/Python/3.12.4/x64/lib/python3.12/site-packages/urllib3/connectionpool.py:1099: InsecureRequestWarning: Unverified HTTPS request is being made to host 'randomuser.me'. Adding certificate verification is strongly advised. See: https://urllib3.readthedocs.io/en/latest/advanced-usage.html#tls-warnings
  warnings.warn(</msg>
<msg time="2024-07-01T16:18:10.158047" level="INFO">${response} = &lt;Response [200]&gt;</msg>
<var>${response}</var>
<arg>consultarAPI</arg>
<arg>/api</arg>
<doc>Sends a GET request on a previously created HTTP Session.</doc>
<status status="PASS" start="2024-07-01T16:18:10.102529" elapsed="0.055566"/>
</kw>
<kw name="Set Variable" owner="BuiltIn">
<msg time="2024-07-01T16:18:10.159191" level="INFO">${json_data} = {'results': [{'gender': 'male', 'name': {'title': 'Mr', 'first': 'Nicolas', 'last': 'Gallego'}, 'location': {'street': {'number': 2473, 'name': 'Calle de Pedro Bosch'}, 'city': 'Toledo', 'state': 'Nav...</msg>
<var>${json_data}</var>
<arg>${response.json()}</arg>
<doc>Returns the given values which can then be assigned to a variables.</doc>
<status status="PASS" start="2024-07-01T16:18:10.158591" elapsed="0.000628"/>
</kw>
<kw name="Log" owner="BuiltIn">
<msg time="2024-07-01T16:18:10.159679" level="INFO">{'results': [{'gender': 'male', 'name': {'title': 'Mr', 'first': 'Nicolas', 'last': 'Gallego'}, 'location': {'street': {'number': 2473, 'name': 'Calle de Pedro Bosch'}, 'city': 'Toledo', 'state': 'Navarra', 'country': 'Spain', 'postcode': 70977, 'coordinates': {'latitude': '-35.6449', 'longitude': '-45.8738'}, 'timezone': {'offset': '-8:00', 'description': 'Pacific Time (US &amp; Canada)'}}, 'email': 'nicolas.gallego@example.com', 'login': {'uuid': 'c4239dda-b830-487e-b7ea-49d9f631c76c', 'username': 'whitemouse342', 'password': 'jewels', 'salt': 'TInbFC58', 'md5': 'c78cb127a8d879216d1f91b0392cdfbf', 'sha1': '7924358f4c51e27f29a257a2378523a46446cba8', 'sha256': 'cced429dde5b3d6f575524ba2cde11bb093785894c6547a34e0c27222995dcf7'}, 'dob': {'date': '1978-05-09T06:54:13.668Z', 'age': 46}, 'registered': {'date': '2019-01-03T19:02:46.217Z', 'age': 5}, 'phone': '994-208-448', 'cell': '660-565-342', 'id': {'name': 'DNI', 'value': '53406715-P'}, 'picture': {'large': 'https://randomuser.me/api/portraits/men/61.jpg', 'medium': 'https://randomuser.me/api/portraits/med/men/61.jpg', 'thumbnail': 'https://randomuser.me/api/portraits/thumb/men/61.jpg'}, 'nat': 'ES'}], 'info': {'seed': '9c00697468b27783', 'results': 1, 'page': 1, 'version': '1.4'}}</msg>
<arg>${json_data}</arg>
<doc>Logs the given message with the given level.</doc>
<status status="PASS" start="2024-07-01T16:18:10.159524" elapsed="0.000202"/>
</kw>
<kw name="Dictionary Should Contain Key" owner="Collections">
<arg>${json_data}</arg>
<arg>results</arg>
<doc>Fails if ``key`` is not found from ``dictionary``.</doc>
<status status="PASS" start="2024-07-01T16:18:10.160009" elapsed="0.000149"/>
</kw>
<kw name="Should Not Be Empty" owner="BuiltIn">
<msg time="2024-07-01T16:18:10.160467" level="INFO">Length is 2.</msg>
<arg>${json_data}</arg>
<doc>Verifies that the given item is not empty.</doc>
<status status="PASS" start="2024-07-01T16:18:10.160341" elapsed="0.000164"/>
</kw>
<kw name="Create List" owner="BuiltIn">
<msg time="2024-07-01T16:18:10.161065" level="INFO">${expected_keys} = ['gender', 'name', 'location', 'email', 'login']</msg>
<var>${expected_keys}</var>
<arg>gender</arg>
<arg>name</arg>
<arg>location</arg>
<arg>email</arg>
<arg>login</arg>
<doc>Returns a list containing given items.</doc>
<status status="PASS" start="2024-07-01T16:18:10.160790" elapsed="0.000299"/>
</kw>
<for flavor="IN">
<iter>
<kw name="Dictionary Should Contain Key" owner="Collections">
<arg>${json_data['results'][0]}</arg>
<arg>${key}</arg>
<doc>Fails if ``key`` is not found from ``dictionary``.</doc>
<status status="PASS" start="2024-07-01T16:18:10.161656" elapsed="0.000384"/>
</kw>
<kw name="Log" owner="BuiltIn">
<msg time="2024-07-01T16:18:10.162576" level="INFO">{'gender': 'male', 'name': {'title': 'Mr', 'first': 'Nicolas', 'last': 'Gallego'}, 'location': {'street': {'number': 2473, 'name': 'Calle de Pedro Bosch'}, 'city': 'Toledo', 'state': 'Navarra', 'country': 'Spain', 'postcode': 70977, 'coordinates': {'latitude': '-35.6449', 'longitude': '-45.8738'}, 'timezone': {'offset': '-8:00', 'description': 'Pacific Time (US &amp; Canada)'}}, 'email': 'nicolas.gallego@example.com', 'login': {'uuid': 'c4239dda-b830-487e-b7ea-49d9f631c76c', 'username': 'whitemouse342', 'password': 'jewels', 'salt': 'TInbFC58', 'md5': 'c78cb127a8d879216d1f91b0392cdfbf', 'sha1': '7924358f4c51e27f29a257a2378523a46446cba8', 'sha256': 'cced429dde5b3d6f575524ba2cde11bb093785894c6547a34e0c27222995dcf7'}, 'dob': {'date': '1978-05-09T06:54:13.668Z', 'age': 46}, 'registered': {'date': '2019-01-03T19:02:46.217Z', 'age': 5}, 'phone': '994-208-448', 'cell': '660-565-342', 'id': {'name': 'DNI', 'value': '53406715-P'}, 'picture': {'large': 'https://randomuser.me/api/portraits/men/61.jpg', 'medium': 'https://randomuser.me/api/portraits/med/men/61.jpg', 'thumbnail': 'https://randomuser.me/api/portraits/thumb/men/61.jpg'}, 'nat': 'ES'}</msg>
<arg>${json_data['results'][0]}</arg>
<doc>Logs the given message with the given level.</doc>
<status status="PASS" start="2024-07-01T16:18:10.162222" elapsed="0.000402"/>
</kw>
<kw name="Log" owner="BuiltIn">
<msg time="2024-07-01T16:18:10.163088" level="INFO">gender</msg>
<arg>${key}</arg>
<doc>Logs the given message with the given level.</doc>
<status status="PASS" start="2024-07-01T16:18:10.162962" elapsed="0.000162"/>
</kw>
<var name="${key}">gender</var>
<status status="PASS" start="2024-07-01T16:18:10.161535" elapsed="0.001801"/>
</iter>
<iter>
<kw name="Dictionary Should Contain Key" owner="Collections">
<arg>${json_data['results'][0]}</arg>
<arg>${key}</arg>
<doc>Fails if ``key`` is not found from ``dictionary``.</doc>
<status status="PASS" start="2024-07-01T16:18:10.163622" elapsed="0.000386"/>
</kw>
<kw name="Log" owner="BuiltIn">
<msg time="2024-07-01T16:18:10.164534" level="INFO">{'gender': 'male', 'name': {'title': 'Mr', 'first': 'Nicolas', 'last': 'Gallego'}, 'location': {'street': {'number': 2473, 'name': 'Calle de Pedro Bosch'}, 'city': 'Toledo', 'state': 'Navarra', 'country': 'Spain', 'postcode': 70977, 'coordinates': {'latitude': '-35.6449', 'longitude': '-45.8738'}, 'timezone': {'offset': '-8:00', 'description': 'Pacific Time (US &amp; Canada)'}}, 'email': 'nicolas.gallego@example.com', 'login': {'uuid': 'c4239dda-b830-487e-b7ea-49d9f631c76c', 'username': 'whitemouse342', 'password': 'jewels', 'salt': 'TInbFC58', 'md5': 'c78cb127a8d879216d1f91b0392cdfbf', 'sha1': '7924358f4c51e27f29a257a2378523a46446cba8', 'sha256': 'cced429dde5b3d6f575524ba2cde11bb093785894c6547a34e0c27222995dcf7'}, 'dob': {'date': '1978-05-09T06:54:13.668Z', 'age': 46}, 'registered': {'date': '2019-01-03T19:02:46.217Z', 'age': 5}, 'phone': '994-208-448', 'cell': '660-565-342', 'id': {'name': 'DNI', 'value': '53406715-P'}, 'picture': {'large': 'https://randomuser.me/api/portraits/men/61.jpg', 'medium': 'https://randomuser.me/api/portraits/med/men/61.jpg', 'thumbnail': 'https://randomuser.me/api/portraits/thumb/men/61.jpg'}, 'nat': 'ES'}</msg>
<arg>${json_data['results'][0]}</arg>
<doc>Logs the given message with the given level.</doc>
<status status="PASS" start="2024-07-01T16:18:10.164191" elapsed="0.000420"/>
</kw>
<kw name="Log" owner="BuiltIn">
<msg time="2024-07-01T16:18:10.165027" level="INFO">name</msg>
<arg>${key}</arg>
<doc>Logs the given message with the given level.</doc>
<status status="PASS" start="2024-07-01T16:18:10.164902" elapsed="0.000161"/>
</kw>
<var name="${key}">name</var>
<status status="PASS" start="2024-07-01T16:18:10.163513" elapsed="0.001764"/>
</iter>
<iter>
<kw name="Dictionary Should Contain Key" owner="Collections">
<arg>${json_data['results'][0]}</arg>
<arg>${key}</arg>
<doc>Fails if ``key`` is not found from ``dictionary``.</doc>
<status status="PASS" start="2024-07-01T16:18:10.165554" elapsed="0.000369"/>
</kw>
<kw name="Log" owner="BuiltIn">
<msg time="2024-07-01T16:18:10.166437" level="INFO">{'gender': 'male', 'name': {'title': 'Mr', 'first': 'Nicolas', 'last': 'Gallego'}, 'location': {'street': {'number': 2473, 'name': 'Calle de Pedro Bosch'}, 'city': 'Toledo', 'state': 'Navarra', 'country': 'Spain', 'postcode': 70977, 'coordinates': {'latitude': '-35.6449', 'longitude': '-45.8738'}, 'timezone': {'offset': '-8:00', 'description': 'Pacific Time (US &amp; Canada)'}}, 'email': 'nicolas.gallego@example.com', 'login': {'uuid': 'c4239dda-b830-487e-b7ea-49d9f631c76c', 'username': 'whitemouse342', 'password': 'jewels', 'salt': 'TInbFC58', 'md5': 'c78cb127a8d879216d1f91b0392cdfbf', 'sha1': '7924358f4c51e27f29a257a2378523a46446cba8', 'sha256': 'cced429dde5b3d6f575524ba2cde11bb093785894c6547a34e0c27222995dcf7'}, 'dob': {'date': '1978-05-09T06:54:13.668Z', 'age': 46}, 'registered': {'date': '2019-01-03T19:02:46.217Z', 'age': 5}, 'phone': '994-208-448', 'cell': '660-565-342', 'id': {'name': 'DNI', 'value': '53406715-P'}, 'picture': {'large': 'https://randomuser.me/api/portraits/men/61.jpg', 'medium': 'https://randomuser.me/api/portraits/med/men/61.jpg', 'thumbnail': 'https://randomuser.me/api/portraits/thumb/men/61.jpg'}, 'nat': 'ES'}</msg>
<arg>${json_data['results'][0]}</arg>
<doc>Logs the given message with the given level.</doc>
<status status="PASS" start="2024-07-01T16:18:10.166098" elapsed="0.000387"/>
</kw>
<kw name="Log" owner="BuiltIn">
<msg time="2024-07-01T16:18:10.166944" level="INFO">location</msg>
<arg>${key}</arg>
<doc>Logs the given message with the given level.</doc>
<status status="PASS" start="2024-07-01T16:18:10.166815" elapsed="0.000166"/>
</kw>
<var name="${key}">location</var>
<status status="PASS" start="2024-07-01T16:18:10.165449" elapsed="0.001747"/>
</iter>
<iter>
<kw name="Dictionary Should Contain Key" owner="Collections">
<arg>${json_data['results'][0]}</arg>
<arg>${key}</arg>
<doc>Fails if ``key`` is not found from ``dictionary``.</doc>
<status status="PASS" start="2024-07-01T16:18:10.167467" elapsed="0.000378"/>
</kw>
<kw name="Log" owner="BuiltIn">
<msg time="2024-07-01T16:18:10.168365" level="INFO">{'gender': 'male', 'name': {'title': 'Mr', 'first': 'Nicolas', 'last': 'Gallego'}, 'location': {'street': {'number': 2473, 'name': 'Calle de Pedro Bosch'}, 'city': 'Toledo', 'state': 'Navarra', 'country': 'Spain', 'postcode': 70977, 'coordinates': {'latitude': '-35.6449', 'longitude': '-45.8738'}, 'timezone': {'offset': '-8:00', 'description': 'Pacific Time (US &amp; Canada)'}}, 'email': 'nicolas.gallego@example.com', 'login': {'uuid': 'c4239dda-b830-487e-b7ea-49d9f631c76c', 'username': 'whitemouse342', 'password': 'jewels', 'salt': 'TInbFC58', 'md5': 'c78cb127a8d879216d1f91b0392cdfbf', 'sha1': '7924358f4c51e27f29a257a2378523a46446cba8', 'sha256': 'cced429dde5b3d6f575524ba2cde11bb093785894c6547a34e0c27222995dcf7'}, 'dob': {'date': '1978-05-09T06:54:13.668Z', 'age': 46}, 'registered': {'date': '2019-01-03T19:02:46.217Z', 'age': 5}, 'phone': '994-208-448', 'cell': '660-565-342', 'id': {'name': 'DNI', 'value': '53406715-P'}, 'picture': {'large': 'https://randomuser.me/api/portraits/men/61.jpg', 'medium': 'https://randomuser.me/api/portraits/med/men/61.jpg', 'thumbnail': 'https://randomuser.me/api/portraits/thumb/men/61.jpg'}, 'nat': 'ES'}</msg>
<arg>${json_data['results'][0]}</arg>
<doc>Logs the given message with the given level.</doc>
<status status="PASS" start="2024-07-01T16:18:10.168023" elapsed="0.000391"/>
</kw>
<kw name="Log" owner="BuiltIn">
<msg time="2024-07-01T16:18:10.168835" level="INFO">email</msg>
<arg>${key}</arg>
<doc>Logs the given message with the given level.</doc>
<status status="PASS" start="2024-07-01T16:18:10.168710" elapsed="0.000162"/>
</kw>
<var name="${key}">email</var>
<status status="PASS" start="2024-07-01T16:18:10.167363" elapsed="0.001721"/>
</iter>
<iter>
<kw name="Dictionary Should Contain Key" owner="Collections">
<arg>${json_data['results'][0]}</arg>
<arg>${key}</arg>
<doc>Fails if ``key`` is not found from ``dictionary``.</doc>
<status status="PASS" start="2024-07-01T16:18:10.169366" elapsed="0.000384"/>
</kw>
<kw name="Log" owner="BuiltIn">
<msg time="2024-07-01T16:18:10.170280" level="INFO">{'gender': 'male', 'name': {'title': 'Mr', 'first': 'Nicolas', 'last': 'Gallego'}, 'location': {'street': {'number': 2473, 'name': 'Calle de Pedro Bosch'}, 'city': 'Toledo', 'state': 'Navarra', 'country': 'Spain', 'postcode': 70977, 'coordinates': {'latitude': '-35.6449', 'longitude': '-45.8738'}, 'timezone': {'offset': '-8:00', 'description': 'Pacific Time (US &amp; Canada)'}}, 'email': 'nicolas.gallego@example.com', 'login': {'uuid': 'c4239dda-b830-487e-b7ea-49d9f631c76c', 'username': 'whitemouse342', 'password': 'jewels', 'salt': 'TInbFC58', 'md5': 'c78cb127a8d879216d1f91b0392cdfbf', 'sha1': '7924358f4c51e27f29a257a2378523a46446cba8', 'sha256': 'cced429dde5b3d6f575524ba2cde11bb093785894c6547a34e0c27222995dcf7'}, 'dob': {'date': '1978-05-09T06:54:13.668Z', 'age': 46}, 'registered': {'date': '2019-01-03T19:02:46.217Z', 'age': 5}, 'phone': '994-208-448', 'cell': '660-565-342', 'id': {'name': 'DNI', 'value': '53406715-P'}, 'picture': {'large': 'https://randomuser.me/api/portraits/men/61.jpg', 'medium': 'https://randomuser.me/api/portraits/med/men/61.jpg', 'thumbnail': 'https://randomuser.me/api/portraits/thumb/men/61.jpg'}, 'nat': 'ES'}</msg>
<arg>${json_data['results'][0]}</arg>
<doc>Logs the given message with the given level.</doc>
<status status="PASS" start="2024-07-01T16:18:10.169928" elapsed="0.000400"/>
</kw>
<kw name="Log" owner="BuiltIn">
<msg time="2024-07-01T16:18:10.170775" level="INFO">login</msg>
<arg>${key}</arg>
<doc>Logs the given message with the given level.</doc>
<status status="PASS" start="2024-07-01T16:18:10.170615" elapsed="0.000198"/>
</kw>
<var name="${key}">login</var>
<status status="PASS" start="2024-07-01T16:18:10.169251" elapsed="0.001774"/>
</iter>
<var>${key}</var>
<value>@{expected_keys}</value>
<status status="PASS" start="2024-07-01T16:18:10.161351" elapsed="0.009792"/>
</for>
<kw name="Create List" owner="BuiltIn">
<msg time="2024-07-01T16:18:10.171465" level="INFO">${expected_keysTwo} = ['username', 'password']</msg>
<var>${expected_keysTwo}</var>
<arg>username</arg>
<arg>password</arg>
<doc>Returns a list containing given items.</doc>
<status status="PASS" start="2024-07-01T16:18:10.171329" elapsed="0.000160"/>
</kw>
<for flavor="IN">
<iter>
<kw name="Dictionary Should Contain Key" owner="Collections">
<arg>${json_data['results'][0]['login']}</arg>
<arg>${keyTwo}</arg>
<doc>Fails if ``key`` is not found from ``dictionary``.</doc>
<status status="PASS" start="2024-07-01T16:18:10.172006" elapsed="0.000374"/>
</kw>
<kw name="Dictionary Should Contain Key" owner="Collections">
<arg>${json_data['results'][0]['login']}</arg>
<arg>${keyTwo}</arg>
<doc>Fails if ``key`` is not found from ``dictionary``.</doc>
<status status="PASS" start="2024-07-01T16:18:10.172555" elapsed="0.000372"/>
</kw>
<kw name="Log" owner="BuiltIn">
<msg time="2024-07-01T16:18:10.173222" level="INFO">username</msg>
<arg>${keyTwo}</arg>
<doc>Logs the given message with the given level.</doc>
<status status="PASS" start="2024-07-01T16:18:10.173103" elapsed="0.000155"/>
</kw>
<var name="${keyTwo}">username</var>
<status status="PASS" start="2024-07-01T16:18:10.171893" elapsed="0.001587"/>
</iter>
<iter>
<kw name="Dictionary Should Contain Key" owner="Collections">
<arg>${json_data['results'][0]['login']}</arg>
<arg>${keyTwo}</arg>
<doc>Fails if ``key`` is not found from ``dictionary``.</doc>
<status status="PASS" start="2024-07-01T16:18:10.173751" elapsed="0.000373"/>
</kw>
<kw name="Dictionary Should Contain Key" owner="Collections">
<arg>${json_data['results'][0]['login']}</arg>
<arg>${keyTwo}</arg>
<doc>Fails if ``key`` is not found from ``dictionary``.</doc>
<status status="PASS" start="2024-07-01T16:18:10.174304" elapsed="0.000379"/>
</kw>
<kw name="Log" owner="BuiltIn">
<msg time="2024-07-01T16:18:10.174981" level="INFO">password</msg>
<arg>${keyTwo}</arg>
<doc>Logs the given message with the given level.</doc>
<status status="PASS" start="2024-07-01T16:18:10.174862" elapsed="0.000160"/>
</kw>
<var name="${keyTwo}">password</var>
<status status="PASS" start="2024-07-01T16:18:10.173648" elapsed="0.001682"/>
</iter>
<var>${keyTwo}</var>
<value>@{expected_keysTwo}</value>
<status status="PASS" start="2024-07-01T16:18:10.171743" elapsed="0.003706"/>
</for>
<status status="PASS" start="2024-07-01T16:18:10.102301" elapsed="0.073282"/>
</kw>
<doc>Testa a estrutura da resposta da API.</doc>
<tag>testeEstruturaResposta</tag>
<status status="PASS" start="2024-07-01T16:18:10.101716" elapsed="0.074009"/>
</test>
<test id="s1-s1-t4" name="Validar tipos de dados" line="28">
<kw name="Teste de Tipos de Dados" owner="random-user-service">
<kw name="GET On Session" owner="RequestsLibrary">
<msg time="2024-07-01T16:18:10.236451" level="INFO">GET Request : url=https://randomuser.me/api 
 path_url=/api 
 headers={'User-Agent': 'python-requests/2.32.3', 'Accept-Encoding': 'gzip, deflate', 'Accept': '*/*', 'Connection': 'keep-alive'} 
 body=None 
 </msg>
<msg time="2024-07-01T16:18:10.236527" level="INFO">GET Response : url=https://randomuser.me/api 
 status=200, reason=OK 
 headers={'Date': 'Mon, 01 Jul 2024 16:18:10 GMT', 'Content-Type': 'application/json; charset=utf-8', 'Transfer-Encoding': 'chunked', 'Connection': 'keep-alive', 'X-Powered-By': 'Express', 'Access-Control-Allow-Origin': '*', 'Cache-Control': 'no-cache', 'ETag': 'W/"47c-h5Vs/o9a5b+2iuEF8NP+9uHnKB4"', 'Vary': 'Accept-Encoding', 'Content-Encoding': 'gzip', 'CF-Cache-Status': 'DYNAMIC', 'Report-To': '{"endpoints":[{"url":"https:\\/\\/a.nel.cloudflare.com\\/report\\/v4?s=HM7H7FGz2WJ7gpJw7tdmwDNEfRc4n4RIAZ3%2FHIB%2FQIo1BlzLrnWSD2%2FFeLLECGBambsoYrOx%2FkQvzC21dOx%2FrWEIcpmEB4F%2B%2BMmy4l0RvfI%2Bar1p%2BBz%2BT%2F1zhX9b6kK%2F"}],"group":"cf-nel","max_age":604800}', 'NEL': '{"success_fraction":0,"report_to":"cf-nel","max_age":604800}', 'Server': 'cloudflare', 'CF-RAY': '89c7b5dd989f9c72-IAD', 'alt-svc': 'h3=":443"; ma=86400'} 
 body={"results":[{"gender":"male","name":{"title":"Mr","first":"Đuro","last":"Pantelić"},"location":{"street":{"number":1485,"name":"Mihaila ćupovića"},"city":"Medveđa","state":"Bor","country":"Serbia","postcode":82280,"coordinates":{"latitude":"59.7553","longitude":"-179.7189"},"timezone":{"offset":"+9:30","description":"Adelaide, Darwin"}},"email":"duro.pantelic@example.com","login":{"uuid":"47e2770c-2ef5-4eb5-b4d6-461270450bb3","username":"ticklishkoala379","password":"dandan","salt":"i47t6RxC","md5":"6c18a337fb75690285b98f881b893eed","sha1":"5d2393474566670054295c408f1c82d916013b00","sha256":"c833869ee5f2689d4ae51a9578351437914cf26450866ca48f13da65a986a9be"},"dob":{"date":"1966-09-12T09:24:56.466Z","age":57},"registered":{"date":"2004-03-13T21:59:37.793Z","age":20},"phone":"020-2307-614","cell":"067-5948-912","id":{"name":"SID","value":"792841586"},"picture":{"large":"https://randomuser.me/api/portraits/men/16.jpg","medium":"https://randomuser.me/api/portraits/med/men/16.jpg","thumbnail":"https://randomuser.me/api/portraits/thumb/men/16.jpg"},"nat":"RS"}],"info":{"seed":"d108fe0195e5b530","results":1,"page":1,"version":"1.4"}} 
 </msg>
<msg time="2024-07-01T16:18:10.236600" level="INFO">/opt/hostedtoolcache/Python/3.12.4/x64/lib/python3.12/site-packages/urllib3/connectionpool.py:1099: InsecureRequestWarning: Unverified HTTPS request is being made to host 'randomuser.me'. Adding certificate verification is strongly advised. See: https://urllib3.readthedocs.io/en/latest/advanced-usage.html#tls-warnings
  warnings.warn(</msg>
<msg time="2024-07-01T16:18:10.236706" level="INFO">${response} = &lt;Response [200]&gt;</msg>
<var>${response}</var>
<arg>consultarAPI</arg>
<arg>/api</arg>
<doc>Sends a GET request on a previously created HTTP Session.</doc>
<status status="PASS" start="2024-07-01T16:18:10.178180" elapsed="0.058566"/>
</kw>
<kw name="Set Variable" owner="BuiltIn">
<msg time="2024-07-01T16:18:10.237792" level="INFO">${json_data} = {'results': [{'gender': 'male', 'name': {'title': 'Mr', 'first': 'Đuro', 'last': 'Pantelić'}, 'location': {'street': {'number': 1485, 'name': 'Mihaila ćupovića'}, 'city': 'Medveđa', 'state': 'Bor', 'c...</msg>
<var>${json_data}</var>
<arg>${response.json()}</arg>
<doc>Returns the given values which can then be assigned to a variables.</doc>
<status status="PASS" start="2024-07-01T16:18:10.237209" elapsed="0.000613"/>
</kw>
<kw name="Log" owner="BuiltIn">
<msg time="2024-07-01T16:18:10.238290" level="INFO">{'results': [{'gender': 'male', 'name': {'title': 'Mr', 'first': 'Đuro', 'last': 'Pantelić'}, 'location': {'street': {'number': 1485, 'name': 'Mihaila ćupovića'}, 'city': 'Medveđa', 'state': 'Bor', 'country': 'Serbia', 'postcode': 82280, 'coordinates': {'latitude': '59.7553', 'longitude': '-179.7189'}, 'timezone': {'offset': '+9:30', 'description': 'Adelaide, Darwin'}}, 'email': 'duro.pantelic@example.com', 'login': {'uuid': '47e2770c-2ef5-4eb5-b4d6-461270450bb3', 'username': 'ticklishkoala379', 'password': 'dandan', 'salt': 'i47t6RxC', 'md5': '6c18a337fb75690285b98f881b893eed', 'sha1': '5d2393474566670054295c408f1c82d916013b00', 'sha256': 'c833869ee5f2689d4ae51a9578351437914cf26450866ca48f13da65a986a9be'}, 'dob': {'date': '1966-09-12T09:24:56.466Z', 'age': 57}, 'registered': {'date': '2004-03-13T21:59:37.793Z', 'age': 20}, 'phone': '020-2307-614', 'cell': '067-5948-912', 'id': {'name': 'SID', 'value': '792841586'}, 'picture': {'large': 'https://randomuser.me/api/portraits/men/16.jpg', 'medium': 'https://randomuser.me/api/portraits/med/men/16.jpg', 'thumbnail': 'https://randomuser.me/api/portraits/thumb/men/16.jpg'}, 'nat': 'RS'}], 'info': {'seed': 'd108fe0195e5b530', 'results': 1, 'page': 1, 'version': '1.4'}}</msg>
<arg>${json_data}</arg>
<doc>Logs the given message with the given level.</doc>
<status status="PASS" start="2024-07-01T16:18:10.238132" elapsed="0.000207"/>
</kw>
<kw name="Should Be String" owner="String">
<arg>${json_data['results'][0]['gender']}</arg>
<doc>Fails if the given ``item`` is not a string.</doc>
<status status="PASS" start="2024-07-01T16:18:10.238624" elapsed="0.000402"/>
</kw>
<kw name="Should Match Regexp" owner="BuiltIn">
<arg>${json_data['results'][0]['email']}</arg>
<arg>^[a-zA-Z0-9._%+-]+@[a-zA-Z0-9.-]+\.[a-zA-Z]{2,}$</arg>
<doc>Fails if ``string`` does not match ``pattern`` as a regular expression.</doc>
<status status="PASS" start="2024-07-01T16:18:10.239208" elapsed="0.000494"/>
</kw>
<kw name="Should Match Regexp" owner="BuiltIn">
<arg>${json_data['results'][0]['dob']['date']}</arg>
<arg>\\d{4}-\\d{2}-\\d{2}T\\d{2}:\\d{2}:\\d{2}\\.\\d{3}Z</arg>
<doc>Fails if ``string`` does not match ``pattern`` as a regular expression.</doc>
<status status="PASS" start="2024-07-01T16:18:10.239925" elapsed="0.000478"/>
</kw>
<kw name="Should Match Regexp" owner="BuiltIn">
<arg>${json_data['results'][0]['registered']['date']}</arg>
<arg>\\d{4}-\\d{2}-\\d{2}T\\d{2}:\\d{2}:\\d{2}\\.\\d{3}Z</arg>
<doc>Fails if ``string`` does not match ``pattern`` as a regular expression.</doc>
<status status="PASS" start="2024-07-01T16:18:10.240589" elapsed="0.000362"/>
</kw>
<kw name="Should Match Regexp" owner="BuiltIn">
<arg>${json_data['results'][0]['picture']['large']}</arg>
<arg>^https?://.*\.(?:png|jpe?g|gif|bmp)$</arg>
<doc>Fails if ``string`` does not match ``pattern`` as a regular expression.</doc>
<status status="PASS" start="2024-07-01T16:18:10.241129" elapsed="0.000448"/>
</kw>
<kw name="Should Match Regexp" owner="BuiltIn">
<arg>${json_data['results'][0]['picture']['medium']}</arg>
<arg>^https?://.*\.(?:png|jpe?g|gif|bmp)$</arg>
<doc>Fails if ``string`` does not match ``pattern`` as a regular expression.</doc>
<status status="PASS" start="2024-07-01T16:18:10.241755" elapsed="0.000349"/>
</kw>
<kw name="Should Match Regexp" owner="BuiltIn">
<arg>${json_data['results'][0]['picture']['thumbnail']}</arg>
<arg>^https?://.*\.(?:png|jpe?g|gif|bmp)$</arg>
<doc>Fails if ``string`` does not match ``pattern`` as a regular expression.</doc>
<status status="PASS" start="2024-07-01T16:18:10.242280" elapsed="0.000339"/>
</kw>
<kw name="Log" owner="BuiltIn">
<msg time="2024-07-01T16:18:10.243164" level="INFO">{'large': 'https://randomuser.me/api/portraits/men/16.jpg', 'medium': 'https://randomuser.me/api/portraits/med/men/16.jpg', 'thumbnail': 'https://randomuser.me/api/portraits/thumb/men/16.jpg'}</msg>
<arg>${json_data['results'][0]['picture']}</arg>
<doc>Logs the given message with the given level.</doc>
<status status="PASS" start="2024-07-01T16:18:10.242835" elapsed="0.000371"/>
</kw>
<status status="PASS" start="2024-07-01T16:18:10.177963" elapsed="0.065495"/>
</kw>
<kw name="Teste de Tipos de Dados - Postcode" owner="random-user-service">
<kw name="GET On Session" owner="RequestsLibrary">
<msg time="2024-07-01T16:18:10.342027" level="INFO">GET Request : url=https://randomuser.me/api 
 path_url=/api 
 headers={'User-Agent': 'python-requests/2.32.3', 'Accept-Encoding': 'gzip, deflate', 'Accept': '*/*', 'Connection': 'keep-alive'} 
 body=None 
 </msg>
<msg time="2024-07-01T16:18:10.342105" level="INFO">GET Response : url=https://randomuser.me/api 
 status=200, reason=OK 
 headers={'Date': 'Mon, 01 Jul 2024 16:18:10 GMT', 'Content-Type': 'application/json; charset=utf-8', 'Transfer-Encoding': 'chunked', 'Connection': 'keep-alive', 'X-Powered-By': 'Express', 'Access-Control-Allow-Origin': '*', 'Cache-Control': 'no-cache', 'ETag': 'W/"47d-Tna3Xbm2shpCnskP8wYpeKpLyfY"', 'Vary': 'Accept-Encoding', 'Content-Encoding': 'gzip', 'CF-Cache-Status': 'DYNAMIC', 'Report-To': '{"endpoints":[{"url":"https:\\/\\/a.nel.cloudflare.com\\/report\\/v4?s=DDC38lBf6zipMx5UBmJFwZdIaFECuArUL8BejSjUirt9idK3ZltlcoilbHbTGoJK23mdMo%2FPq929Emwc6wbn1KXc6xJNa08detFwhXNSezQcdzTygDkGSjXQneW4dOX5"}],"group":"cf-nel","max_age":604800}', 'NEL': '{"success_fraction":0,"report_to":"cf-nel","max_age":604800}', 'Server': 'cloudflare', 'CF-RAY': '89c7b5de09149c72-IAD', 'alt-svc': 'h3=":443"; ma=86400'} 
 body={"results":[{"gender":"male","name":{"title":"Mr","first":"Edward","last":"Johnson"},"location":{"street":{"number":8520,"name":"Fergusson Drive"},"city":"Timaru","state":"Bay of Plenty","country":"New Zealand","postcode":57057,"coordinates":{"latitude":"51.1720","longitude":"-98.7082"},"timezone":{"offset":"-12:00","description":"Eniwetok, Kwajalein"}},"email":"edward.johnson@example.com","login":{"uuid":"450d4c18-adf1-42d3-8125-42b7bfc5ae51","username":"bluefrog347","password":"asimov","salt":"Q18hj1or","md5":"d383646a8a7c7442bfe69f63907430dd","sha1":"45b4ac111ac1e3e23abd70de9f7502f0f15e1136","sha256":"6fc486bc40bc2e5264fe192f946e863680f5546cc64efe9fe949465cbef16cc9"},"dob":{"date":"1952-09-12T05:30:59.942Z","age":71},"registered":{"date":"2016-02-12T15:19:27.507Z","age":8},"phone":"(798)-368-3105","cell":"(299)-144-0806","id":{"name":"","value":null},"picture":{"large":"https://randomuser.me/api/portraits/men/45.jpg","medium":"https://randomuser.me/api/portraits/med/men/45.jpg","thumbnail":"https://randomuser.me/api/portraits/thumb/men/45.jpg"},"nat":"NZ"}],"info":{"seed":"a1c72466bf81cbb5","results":1,"page":1,"version":"1.4"}} 
 </msg>
<msg time="2024-07-01T16:18:10.342172" level="INFO">/opt/hostedtoolcache/Python/3.12.4/x64/lib/python3.12/site-packages/urllib3/connectionpool.py:1099: InsecureRequestWarning: Unverified HTTPS request is being made to host 'randomuser.me'. Adding certificate verification is strongly advised. See: https://urllib3.readthedocs.io/en/latest/advanced-usage.html#tls-warnings
  warnings.warn(</msg>
<msg time="2024-07-01T16:18:10.342282" level="INFO">${response} = &lt;Response [200]&gt;</msg>
<var>${response}</var>
<arg>consultarAPI</arg>
<arg>/api</arg>
<doc>Sends a GET request on a previously created HTTP Session.</doc>
<status status="PASS" start="2024-07-01T16:18:10.243871" elapsed="0.098461"/>
</kw>
<kw name="Set Variable" owner="BuiltIn">
<msg time="2024-07-01T16:18:10.343433" level="INFO">${json_data} = {'results': [{'gender': 'male', 'name': {'title': 'Mr', 'first': 'Edward', 'last': 'Johnson'}, 'location': {'street': {'number': 8520, 'name': 'Fergusson Drive'}, 'city': 'Timaru', 'state': 'Bay of Pl...</msg>
<var>${json_data}</var>
<arg>${response.json()}</arg>
<doc>Returns the given values which can then be assigned to a variables.</doc>
<status status="PASS" start="2024-07-01T16:18:10.342892" elapsed="0.000568"/>
</kw>
<kw name="Log" owner="BuiltIn">
<msg time="2024-07-01T16:18:10.343926" level="INFO">{'results': [{'gender': 'male', 'name': {'title': 'Mr', 'first': 'Edward', 'last': 'Johnson'}, 'location': {'street': {'number': 8520, 'name': 'Fergusson Drive'}, 'city': 'Timaru', 'state': 'Bay of Plenty', 'country': 'New Zealand', 'postcode': 57057, 'coordinates': {'latitude': '51.1720', 'longitude': '-98.7082'}, 'timezone': {'offset': '-12:00', 'description': 'Eniwetok, Kwajalein'}}, 'email': 'edward.johnson@example.com', 'login': {'uuid': '450d4c18-adf1-42d3-8125-42b7bfc5ae51', 'username': 'bluefrog347', 'password': 'asimov', 'salt': 'Q18hj1or', 'md5': 'd383646a8a7c7442bfe69f63907430dd', 'sha1': '45b4ac111ac1e3e23abd70de9f7502f0f15e1136', 'sha256': '6fc486bc40bc2e5264fe192f946e863680f5546cc64efe9fe949465cbef16cc9'}, 'dob': {'date': '1952-09-12T05:30:59.942Z', 'age': 71}, 'registered': {'date': '2016-02-12T15:19:27.507Z', 'age': 8}, 'phone': '(798)-368-3105', 'cell': '(299)-144-0806', 'id': {'name': '', 'value': None}, 'picture': {'large': 'https://randomuser.me/api/portraits/men/45.jpg', 'medium': 'https://randomuser.me/api/portraits/med/men/45.jpg', 'thumbnail': 'https://randomuser.me/api/portraits/thumb/men/45.jpg'}, 'nat': 'NZ'}], 'info': {'seed': 'a1c72466bf81cbb5', 'results': 1, 'page': 1, 'version': '1.4'}}</msg>
<arg>${json_data}</arg>
<doc>Logs the given message with the given level.</doc>
<status status="PASS" start="2024-07-01T16:18:10.343763" elapsed="0.000209"/>
</kw>
<kw name="Should Be Equal As Numbers" owner="BuiltIn">
<arg>${json_data['results'][0]['location']['postcode']}</arg>
<arg>${json_data['results'][0]['location']['postcode']}</arg>
<doc>Fails if objects are unequal after converting them to real numbers.</doc>
<status status="PASS" start="2024-07-01T16:18:10.344260" elapsed="0.000613"/>
</kw>
<kw name="Log" owner="BuiltIn">
<msg time="2024-07-01T16:18:10.345523" level="INFO">57057</msg>
<arg>${json_data['results'][0]['location']['postcode']}</arg>
<doc>Logs the given message with the given level.</doc>
<status status="PASS" start="2024-07-01T16:18:10.345071" elapsed="0.000493"/>
</kw>
<status status="PASS" start="2024-07-01T16:18:10.243661" elapsed="0.102178"/>
</kw>
<doc>Testa se os tipos de dados na resposta da API estão corretos.</doc>
<tag>testeTiposDados</tag>
<status status="PASS" start="2024-07-01T16:18:10.177432" elapsed="0.168563"/>
</test>
<test id="s1-s1-t5" name="Validar conteudo" line="35">
<kw name="Teste de Tipos de Conteudo" owner="random-user-service">
<kw name="GET On Session" owner="RequestsLibrary">
<msg time="2024-07-01T16:18:10.434367" level="INFO">GET Request : url=https://randomuser.me/api 
 path_url=/api 
 headers={'User-Agent': 'python-requests/2.32.3', 'Accept-Encoding': 'gzip, deflate', 'Accept': '*/*', 'Connection': 'keep-alive'} 
 body=None 
 </msg>
<msg time="2024-07-01T16:18:10.434446" level="INFO">GET Response : url=https://randomuser.me/api 
 status=200, reason=OK 
 headers={'Date': 'Mon, 01 Jul 2024 16:18:10 GMT', 'Content-Type': 'application/json; charset=utf-8', 'Transfer-Encoding': 'chunked', 'Connection': 'keep-alive', 'X-Powered-By': 'Express', 'Access-Control-Allow-Origin': '*', 'Cache-Control': 'no-cache', 'ETag': 'W/"489-xVxgFfoEGjmsdXjgMoG6+nRhWMM"', 'Vary': 'Accept-Encoding', 'Content-Encoding': 'gzip', 'CF-Cache-Status': 'DYNAMIC', 'Report-To': '{"endpoints":[{"url":"https:\\/\\/a.nel.cloudflare.com\\/report\\/v4?s=phDG%2FBwh0GXDKFLeHUK5BA5joJoHNyPKH4JfqZEt8T54DLkRY%2BuIIoeWfc3ejJAL7QeeztSMSWkLCdfzOD847bT2mKbhWRmIfJUyNHhuDBTIA%2BpZ9b0Lksmm4wP%2Bnjot"}],"group":"cf-nel","max_age":604800}', 'NEL': '{"success_fraction":0,"report_to":"cf-nel","max_age":604800}', 'Server': 'cloudflare', 'CF-RAY': '89c7b5dea9ed9c72-IAD', 'alt-svc': 'h3=":443"; ma=86400'} 
 body={"results":[{"gender":"male","name":{"title":"Mr","first":"Jacob","last":"Møller"},"location":{"street":{"number":9584,"name":"Violvej"},"city":"Fredeikssund","state":"Syddanmark","country":"Denmark","postcode":33048,"coordinates":{"latitude":"-44.4381","longitude":"-165.8351"},"timezone":{"offset":"+11:00","description":"Magadan, Solomon Islands, New Caledonia"}},"email":"jacob.moller@example.com","login":{"uuid":"69fff3d4-ce6e-44c7-9129-44f571ae1a92","username":"blacklion343","password":"access1","salt":"U5z6rXB3","md5":"a317bbbae46f2b35f788b50de3efa5a6","sha1":"ce8db71420bd6cdfa7a96ed004d52d253d31890d","sha256":"0eba9fbf8ca3197d85fa979a734fcf09002981e5ac2fe41466a28dcb8c6b1e79"},"dob":{"date":"1959-03-15T03:45:58.321Z","age":65},"registered":{"date":"2021-08-05T20:11:57.312Z","age":2},"phone":"41680651","cell":"53280194","id":{"name":"CPR","value":"140359-8719"},"picture":{"large":"https://randomuser.me/api/portraits/men/34.jpg","medium":"https://randomuser.me/api/portraits/med/men/34.jpg","thumbnail":"https://randomuser.me/api/portraits/thumb/men/34.jpg"},"nat":"DK"}],"info":{"seed":"1814721b71087824","results":1,"page":1,"version":"1.4"}} 
 </msg>
<msg time="2024-07-01T16:18:10.434518" level="INFO">/opt/hostedtoolcache/Python/3.12.4/x64/lib/python3.12/site-packages/urllib3/connectionpool.py:1099: InsecureRequestWarning: Unverified HTTPS request is being made to host 'randomuser.me'. Adding certificate verification is strongly advised. See: https://urllib3.readthedocs.io/en/latest/advanced-usage.html#tls-warnings
  warnings.warn(</msg>
<msg time="2024-07-01T16:18:10.434648" level="INFO">${response} = &lt;Response [200]&gt;</msg>
<var>${response}</var>
<arg>consultarAPI</arg>
<arg>/api</arg>
<doc>Sends a GET request on a previously created HTTP Session.</doc>
<status status="PASS" start="2024-07-01T16:18:10.348497" elapsed="0.086205"/>
</kw>
<kw name="Set Variable" owner="BuiltIn">
<msg time="2024-07-01T16:18:10.435790" level="INFO">${json_data} = {'results': [{'gender': 'male', 'name': {'title': 'Mr', 'first': 'Jacob', 'last': 'Møller'}, 'location': {'street': {'number': 9584, 'name': 'Violvej'}, 'city': 'Fredeikssund', 'state': 'Syddanmark', ...</msg>
<var>${json_data}</var>
<arg>${response.json()}</arg>
<doc>Returns the given values which can then be assigned to a variables.</doc>
<status status="PASS" start="2024-07-01T16:18:10.435230" elapsed="0.000589"/>
</kw>
<kw name="Set Variable" owner="BuiltIn">
<msg time="2024-07-01T16:18:10.436500" level="INFO">${name_title} = Mr</msg>
<var>${name_title}</var>
<arg>${json_data["results"][0]["name"]["title"]}</arg>
<doc>Returns the given values which can then be assigned to a variables.</doc>
<status status="PASS" start="2024-07-01T16:18:10.436121" elapsed="0.000404"/>
</kw>
<kw name="Create List" owner="BuiltIn">
<msg time="2024-07-01T16:18:10.436963" level="INFO">${allowed_titles} = ['Mr', 'Ms', 'Miss', 'Mrs', 'Madame', 'Monsieur']</msg>
<var>${allowed_titles}</var>
<arg>Mr</arg>
<arg>Ms</arg>
<arg>Miss</arg>
<arg>Mrs</arg>
<arg>Madame</arg>
<arg>Monsieur</arg>
<doc>Returns a list containing given items.</doc>
<status status="PASS" start="2024-07-01T16:18:10.436816" elapsed="0.000170"/>
</kw>
<kw name="List Should Contain Value" owner="Collections">
<arg>${allowed_titles}</arg>
<arg>${name_title}</arg>
<doc>Fails if the ``value`` is not found from ``list``.</doc>
<status status="PASS" start="2024-07-01T16:18:10.437279" elapsed="0.000177"/>
</kw>
<kw name="Set Variable" owner="BuiltIn">
<msg time="2024-07-01T16:18:10.438007" level="INFO">${name_country} = DK</msg>
<var>${name_country}</var>
<arg>${json_data["results"][0]["nat"]}</arg>
<doc>Returns the given values which can then be assigned to a variables.</doc>
<status status="PASS" start="2024-07-01T16:18:10.437643" elapsed="0.000387"/>
</kw>
<kw name="Create List" owner="BuiltIn">
<msg time="2024-07-01T16:18:10.438959" level="INFO">${list_country} = ['AD', 'AE', 'AF', 'AG', 'AI', 'AL', 'AM', 'AO', 'AQ', 'AR', 'AS', 'AT', 'AU', 'AW', 'AX', 'AZ', 'BA', 'BB', 'BD', 'BE', 'BF', 'BG', 'BH', 'BI', 'BJ', 'BL', 'BM', 'BN', 'BO', 'BQ', 'BR', 'BS', 'BT', '...</msg>
<var>${list_country}</var>
<arg>AD</arg>
<arg>AE</arg>
<arg>AF</arg>
<arg>AG</arg>
<arg>AI</arg>
<arg>AL</arg>
<arg>AM</arg>
<arg>AO</arg>
<arg>AQ</arg>
<arg>AR</arg>
<arg>AS</arg>
<arg>AT</arg>
<arg>AU</arg>
<arg>AW</arg>
<arg>AX</arg>
<arg>AZ</arg>
<arg>BA</arg>
<arg>BB</arg>
<arg>BD</arg>
<arg>BE</arg>
<arg>BF</arg>
<arg>BG</arg>
<arg>BH</arg>
<arg>BI</arg>
<arg>BJ</arg>
<arg>BL</arg>
<arg>BM</arg>
<arg>BN</arg>
<arg>BO</arg>
<arg>BQ</arg>
<arg>BR</arg>
<arg>BS</arg>
<arg>BT</arg>
<arg>BV</arg>
<arg>BW</arg>
<arg>BY</arg>
<arg>BZ</arg>
<arg>CA</arg>
<arg>CC</arg>
<arg>CD</arg>
<arg>CF</arg>
<arg>CG</arg>
<arg>CH</arg>
<arg>CI</arg>
<arg>CK</arg>
<arg>CL</arg>
<arg>CM</arg>
<arg>CN</arg>
<arg>CO</arg>
<arg>CR</arg>
<arg>CU</arg>
<arg>CV</arg>
<arg>CW</arg>
<arg>CX</arg>
<arg>CY</arg>
<arg>CZ</arg>
<arg>DE</arg>
<arg>DJ</arg>
<arg>DK</arg>
<arg>DM</arg>
<arg>DO</arg>
<arg>DZ</arg>
<arg>EC</arg>
<arg>EE</arg>
<arg>EG</arg>
<arg>EH</arg>
<arg>ER</arg>
<arg>ES</arg>
<arg>ET</arg>
<arg>FI</arg>
<arg>FJ</arg>
<arg>FK</arg>
<arg>FM</arg>
<arg>FO</arg>
<arg>FR</arg>
<arg>GA</arg>
<arg>GB</arg>
<arg>GD</arg>
<arg>GE</arg>
<arg>GF</arg>
<arg>GG</arg>
<arg>GH</arg>
<arg>GI</arg>
<arg>GL</arg>
<arg>GM</arg>
<arg>GN</arg>
<arg>GP</arg>
<arg>GQ</arg>
<arg>GR</arg>
<arg>GS</arg>
<arg>GT</arg>
<arg>GU</arg>
<arg>GW</arg>
<arg>GY</arg>
<arg>HK</arg>
<arg>HM</arg>
<arg>HN</arg>
<arg>HR</arg>
<arg>HT</arg>
<arg>HU</arg>
<arg>ID</arg>
<arg>IE</arg>
<arg>IL</arg>
<arg>IM</arg>
<arg>IN</arg>
<arg>IO</arg>
<arg>IQ</arg>
<arg>IR</arg>
<arg>IS</arg>
<arg>IT</arg>
<arg>JE</arg>
<arg>JM</arg>
<arg>JO</arg>
<arg>JP</arg>
<arg>KE</arg>
<arg>KG</arg>
<arg>KH</arg>
<arg>KI</arg>
<arg>KM</arg>
<arg>KN</arg>
<arg>KP</arg>
<arg>KR</arg>
<arg>KW</arg>
<arg>KY</arg>
<arg>KZ</arg>
<arg>LA</arg>
<arg>LB</arg>
<arg>LC</arg>
<arg>LI</arg>
<arg>LK</arg>
<arg>LR</arg>
<arg>LS</arg>
<arg>LT</arg>
<arg>LU</arg>
<arg>LV</arg>
<arg>LY</arg>
<arg>MA</arg>
<arg>MC</arg>
<arg>MD</arg>
<arg>ME</arg>
<arg>MF</arg>
<arg>MG</arg>
<arg>MH</arg>
<arg>MK</arg>
<arg>ML</arg>
<arg>MM</arg>
<arg>MN</arg>
<arg>MO</arg>
<arg>MP</arg>
<arg>MQ</arg>
<arg>MR</arg>
<arg>MS</arg>
<arg>MT</arg>
<arg>MU</arg>
<arg>MV</arg>
<arg>MW</arg>
<arg>MX</arg>
<arg>MY</arg>
<arg>MZ</arg>
<arg>NA</arg>
<arg>NC</arg>
<arg>NE</arg>
<arg>NF</arg>
<arg>NG</arg>
<arg>NI</arg>
<arg>NL</arg>
<arg>NO</arg>
<arg>NP</arg>
<arg>NR</arg>
<arg>NU</arg>
<arg>NZ</arg>
<arg>OM</arg>
<arg>PA</arg>
<arg>PE</arg>
<arg>PF</arg>
<arg>PG</arg>
<arg>PH</arg>
<arg>PK</arg>
<arg>PL</arg>
<arg>PM</arg>
<arg>PN</arg>
<arg>PR</arg>
<arg>PS</arg>
<arg>PT</arg>
<arg>PW</arg>
<arg>PY</arg>
<arg>QA</arg>
<arg>RE</arg>
<arg>RO</arg>
<arg>RS</arg>
<arg>RU</arg>
<arg>RW</arg>
<arg>SA</arg>
<arg>SB</arg>
<arg>SC</arg>
<arg>SD</arg>
<arg>SE</arg>
<arg>SG</arg>
<arg>SH</arg>
<arg>SI</arg>
<arg>SJ</arg>
<arg>SK</arg>
<arg>SL</arg>
<arg>SM</arg>
<arg>SN</arg>
<arg>SO</arg>
<arg>SR</arg>
<arg>SS</arg>
<arg>ST</arg>
<arg>SV</arg>
<arg>SX</arg>
<arg>SY</arg>
<arg>SZ</arg>
<arg>TC</arg>
<arg>TD</arg>
<arg>TF</arg>
<arg>TG</arg>
<arg>TH</arg>
<arg>TJ</arg>
<arg>TK</arg>
<arg>TL</arg>
<arg>TM</arg>
<arg>TN</arg>
<arg>TO</arg>
<arg>TR</arg>
<arg>TT</arg>
<arg>TV</arg>
<arg>TW</arg>
<arg>TZ</arg>
<arg>UA</arg>
<arg>UG</arg>
<arg>UM</arg>
<arg>US</arg>
<arg>UY</arg>
<arg>UZ</arg>
<arg>VA</arg>
<arg>VC</arg>
<arg>VE</arg>
<arg>VG</arg>
<arg>VI</arg>
<arg>VN</arg>
<arg>VU</arg>
<arg>WF</arg>
<arg>WS</arg>
<arg>XK</arg>
<arg>YE</arg>
<arg>YT</arg>
<arg>ZA</arg>
<arg>ZM</arg>
<arg>ZW</arg>
<doc>Returns a list containing given items.</doc>
<status status="PASS" start="2024-07-01T16:18:10.438322" elapsed="0.000664"/>
</kw>
<kw name="List Should Contain Value" owner="Collections">
<arg>${list_country}</arg>
<arg>${name_country}</arg>
<doc>Fails if the ``value`` is not found from ``list``.</doc>
<status status="PASS" start="2024-07-01T16:18:10.439781" elapsed="0.000202"/>
</kw>
<kw name="Run Keyword If" owner="BuiltIn">
<kw name="Should Be True" owner="BuiltIn">
<arg>${True}</arg>
<doc>Fails if the given condition is not true.</doc>
<status status="PASS" start="2024-07-01T16:18:10.440991" elapsed="0.000145"/>
</kw>
<arg>${json_data["results"][0]["location"]["coordinates"]["latitude"]} &gt;= -90 and ${json_data["results"][0]["location"]["coordinates"]["latitude"]} &lt;= 90</arg>
<arg>Should Be True</arg>
<arg>${True}</arg>
<doc>Runs the given keyword with the given arguments, if ``condition`` is true.</doc>
<status status="PASS" start="2024-07-01T16:18:10.440174" elapsed="0.001088"/>
</kw>
<kw name="Run Keyword If" owner="BuiltIn">
<kw name="Should Be True" owner="BuiltIn">
<arg>${True}</arg>
<doc>Fails if the given condition is not true.</doc>
<status status="PASS" start="2024-07-01T16:18:10.442135" elapsed="0.000225"/>
</kw>
<arg>${json_data["results"][0]["location"]["coordinates"]["longitude"]} &gt;= -180 and ${json_data["results"][0]["location"]["coordinates"]["longitude"]} &lt;= 180</arg>
<arg>Should Be True</arg>
<arg>${True}</arg>
<doc>Runs the given keyword with the given arguments, if ``condition`` is true.</doc>
<status status="PASS" start="2024-07-01T16:18:10.441442" elapsed="0.001046"/>
</kw>
<status status="PASS" start="2024-07-01T16:18:10.348284" elapsed="0.094331"/>
</kw>
<doc>Testa o conteúdo específico dos campos retornados pela API.</doc>
<tag>testeConteudo</tag>
<status status="PASS" start="2024-07-01T16:18:10.347783" elapsed="0.095020"/>
</test>
<status status="PASS" start="2024-07-01T16:18:09.458049" elapsed="0.986636"/>
</suite>
<status status="PASS" start="2024-07-01T16:18:09.442101" elapsed="1.007555"/>
</suite>
<statistics>
<total>
<stat pass="5" fail="0" skip="0">All Tests</stat>
</total>
<tag>
<stat pass="1" fail="0" skip="0">testeConteudo</stat>
<stat pass="1" fail="0" skip="0">testeEstruturaResposta</stat>
<stat pass="1" fail="0" skip="0">testeRequisicaoBasica</stat>
<stat pass="1" fail="0" skip="0">testeTiposDados</stat>
</tag>
<suite>
<stat pass="5" fail="0" skip="0" id="s1" name="Tests">Tests</stat>
<stat pass="5" fail="0" skip="0" id="s1-s1" name="Random-User-Test">Tests.Random-User-Test</stat>
</suite>
</statistics>
<errors>
</errors>
</robot>
