<?xml version="1.0" encoding="UTF-8"?>
<robot generator="Robot 7.0.1 (Python 3.12.4 on linux)" generated="2024-08-08T02:35:18.240698" rpa="false" schemaversion="5">
<suite id="s1" name="Tests" source="/home/runner/work/ApiRandomUser/ApiRandomUser/RamdonUser/tests">
<suite id="s1-s1" name="Random-User-Test" source="/home/runner/work/ApiRandomUser/ApiRandomUser/RamdonUser/tests/random-user-test.robot">
<test id="s1-s1-t1" name="Conectar" line="13">
<kw name="Conectar API" owner="random-user-service">
<kw name="Create Session" owner="RequestsLibrary">
<msg time="2024-08-08T02:35:18.678325" level="INFO">Creating Session using : alias=consultarAPI, url=https://randomuser.me/, headers={},                     cookies={}, auth=None, timeout=None, proxies=None, verify=False,                     debug=0 </msg>
<arg>consultarAPI</arg>
<arg>${URL}</arg>
<doc>Create Session: create a HTTP session to a server</doc>
<status status="PASS" start="2024-08-08T02:35:18.678126" elapsed="0.000381"/>
</kw>
<status status="PASS" start="2024-08-08T02:35:18.677064" elapsed="0.001843"/>
</kw>
<status status="PASS" start="2024-08-08T02:35:18.676419" elapsed="0.002683"/>
</test>
<test id="s1-s1-t2" name="Validar retorno 200 e JSON Válido" line="16">
<kw name="Teste de Requisicao Basica" owner="random-user-service">
<kw name="GET On Session" owner="RequestsLibrary">
<msg time="2024-08-08T02:35:19.360560" level="INFO">GET Request : url=https://randomuser.me/api 
 path_url=/api 
 headers={'User-Agent': 'python-requests/2.32.3', 'Accept-Encoding': 'gzip, deflate', 'Accept': '*/*', 'Connection': 'keep-alive'} 
 body=None 
 </msg>
<msg time="2024-08-08T02:35:19.360715" level="INFO">GET Response : url=https://randomuser.me/api 
 status=200, reason=OK 
 headers={'Date': 'Thu, 08 Aug 2024 02:35:19 GMT', 'Content-Type': 'application/json; charset=utf-8', 'Transfer-Encoding': 'chunked', 'Connection': 'keep-alive', 'X-Powered-By': 'Express', 'Access-Control-Allow-Origin': '*', 'Cache-Control': 'no-cache', 'ETag': 'W/"490-bYmJIhC6HLy1hkimlmgWbHBe3AU"', 'Vary': 'Accept-Encoding', 'Content-Encoding': 'gzip', 'CF-Cache-Status': 'DYNAMIC', 'Report-To': '{"endpoints":[{"url":"https:\\/\\/a.nel.cloudflare.com\\/report\\/v4?s=u6kCgEW%2FFWnQ%2Bj3DbH1xdwgKHB5OB3w%2FB6E%2BYvmy%2FCPwcwH4zVs4GA6g%2FkWBYAi6Zljbi38yRtufH0VcBIkuTLK9RrK%2BOawNKrewiSAYHPQCgwg5kQBsxjfAmcwNlAEc"}],"group":"cf-nel","max_age":604800}', 'NEL': '{"success_fraction":0,"report_to":"cf-nel","max_age":604800}', 'Server': 'cloudflare', 'CF-RAY': '8afc1cc1fcac1ffa-IAD', 'alt-svc': 'h3=":443"; ma=86400'} 
 body={"results":[{"gender":"female","name":{"title":"Miss","first":"Sofia","last":"Walker"},"location":{"street":{"number":295,"name":"Dalhousie Ave"},"city":"Borden","state":"New Brunswick","country":"Canada","postcode":"V8Q 7S7","coordinates":{"latitude":"-69.3242","longitude":"79.6405"},"timezone":{"offset":"-8:00","description":"Pacific Time (US &amp; Canada)"}},"email":"sofia.walker@example.com","login":{"uuid":"ee420514-2b4e-4137-be66-756c3e3123d3","username":"happyladybug428","password":"hhhhhhh","salt":"Tq5goB75","md5":"8b07b08b6062df9f4f84bdb16fa55d9c","sha1":"a041fe230b16b22f78820180efbc70d3aa3ff9b8","sha256":"2623c47b86d869d100f032bf7ddda320958fd3f74913e7b06495733b0a9433dd"},"dob":{"date":"1966-12-16T08:56:38.759Z","age":57},"registered":{"date":"2017-12-10T11:24:41.047Z","age":6},"phone":"X20 E18-2419","cell":"I70 A06-6822","id":{"name":"SIN","value":"407304427"},"picture":{"large":"https://randomuser.me/api/portraits/women/23.jpg","medium":"https://randomuser.me/api/portraits/med/women/23.jpg","thumbnail":"https://randomuser.me/api/portraits/thumb/women/23.jpg"},"nat":"CA"}],"info":{"seed":"50b50431b91bb4d3","results":1,"page":1,"version":"1.4"}} 
 </msg>
<msg time="2024-08-08T02:35:19.360797" level="INFO">/opt/hostedtoolcache/Python/3.12.4/x64/lib/python3.12/site-packages/urllib3/connectionpool.py:1099: InsecureRequestWarning: Unverified HTTPS request is being made to host 'randomuser.me'. Adding certificate verification is strongly advised. See: https://urllib3.readthedocs.io/en/latest/advanced-usage.html#tls-warnings
  warnings.warn(</msg>
<msg time="2024-08-08T02:35:19.360940" level="INFO">${response} = &lt;Response [200]&gt;</msg>
<var>${response}</var>
<arg>consultarAPI</arg>
<arg>/api</arg>
<doc>Sends a GET request on a previously created HTTP Session.</doc>
<status status="PASS" start="2024-08-08T02:35:18.681970" elapsed="0.679013"/>
</kw>
<kw name="Should Be Equal As Numbers" owner="BuiltIn">
<msg time="2024-08-08T02:35:19.361995" level="INFO">Argument types are:
&lt;class 'int'&gt;
&lt;class 'str'&gt;</msg>
<arg>${response.status_code}</arg>
<arg>200</arg>
<doc>Fails if objects are unequal after converting them to real numbers.</doc>
<status status="PASS" start="2024-08-08T02:35:19.361534" elapsed="0.000524"/>
</kw>
<kw name="Log" owner="BuiltIn">
<msg time="2024-08-08T02:35:19.362774" level="INFO">200</msg>
<arg>${response.status_code}</arg>
<doc>Logs the given message with the given level.</doc>
<status status="PASS" start="2024-08-08T02:35:19.362372" elapsed="0.000445"/>
</kw>
<kw name="Set Variable" owner="BuiltIn">
<msg time="2024-08-08T02:35:19.363554" level="INFO">${json_data} = {'results': [{'gender': 'female', 'name': {'title': 'Miss', 'first': 'Sofia', 'last': 'Walker'}, 'location': {'street': {'number': 295, 'name': 'Dalhousie Ave'}, 'city': 'Borden', 'state': 'New Brunsw...</msg>
<var>${json_data}</var>
<arg>${response.json()}</arg>
<doc>Returns the given values which can then be assigned to a variables.</doc>
<status status="PASS" start="2024-08-08T02:35:19.363126" elapsed="0.000456"/>
</kw>
<kw name="Dictionary Should Contain Key" owner="Collections">
<arg>${json_data}</arg>
<arg>results</arg>
<doc>Fails if ``key`` is not found from ``dictionary``.</doc>
<status status="PASS" start="2024-08-08T02:35:19.363886" elapsed="0.000325"/>
</kw>
<status status="PASS" start="2024-08-08T02:35:18.681719" elapsed="0.682648"/>
</kw>
<doc>Testa se a API responde corretamente e retorna um objeto JSON válido.</doc>
<tag>testeRequisicaoBasica</tag>
<status status="PASS" start="2024-08-08T02:35:18.681196" elapsed="0.683361"/>
</test>
<test id="s1-s1-t3" name="Validar estrutura de resposta" line="22">
<kw name="Teste de Estrutura de Resposta" owner="random-user-service">
<kw name="GET On Session" owner="RequestsLibrary">
<msg time="2024-08-08T02:35:19.660117" level="INFO">GET Request : url=https://randomuser.me/api 
 path_url=/api 
 headers={'User-Agent': 'python-requests/2.32.3', 'Accept-Encoding': 'gzip, deflate', 'Accept': '*/*', 'Connection': 'keep-alive'} 
 body=None 
 </msg>
<msg time="2024-08-08T02:35:19.660236" level="INFO">GET Response : url=https://randomuser.me/api 
 status=200, reason=OK 
 headers={'Date': 'Thu, 08 Aug 2024 02:35:19 GMT', 'Content-Type': 'application/json; charset=utf-8', 'Transfer-Encoding': 'chunked', 'Connection': 'keep-alive', 'X-Powered-By': 'Express', 'Access-Control-Allow-Origin': '*', 'Cache-Control': 'no-cache', 'ETag': 'W/"4a9-v1OMafM1iJKsRJETpAZxX0U51T8"', 'Vary': 'Accept-Encoding', 'Content-Encoding': 'gzip', 'CF-Cache-Status': 'DYNAMIC', 'Report-To': '{"endpoints":[{"url":"https:\\/\\/a.nel.cloudflare.com\\/report\\/v4?s=v4M%2FhlIcF7QSdPEhIXPizzDehwH8lp7HHJ9WSbgQOSYKZRZ2cuIDbm9EggJ%2B8eiDlJKlJ%2F1usnyu8Pjp4gRvog%2Bf6JadBLunQtD3Lsy%2FEx%2F9EIT9P9aoAPSIGExVjfwy"}],"group":"cf-nel","max_age":604800}', 'NEL': '{"success_fraction":0,"report_to":"cf-nel","max_age":604800}', 'Server': 'cloudflare', 'CF-RAY': '8afc1cc6197c1ffa-IAD', 'alt-svc': 'h3=":443"; ma=86400'} 
 body={"results":[{"gender":"female","name":{"title":"Madame","first":"Natacha","last":"Nicolas"},"location":{"street":{"number":7177,"name":"Rue du Moulin"},"city":"Mörschwil","state":"St. Gallen","country":"Switzerland","postcode":5091,"coordinates":{"latitude":"-56.3132","longitude":"57.9718"},"timezone":{"offset":"+5:30","description":"Bombay, Calcutta, Madras, New Delhi"}},"email":"natacha.nicolas@example.com","login":{"uuid":"cc1bbd9b-720f-46ed-8177-a73cce78dfb5","username":"heavyostrich508","password":"jack","salt":"ja7z41ce","md5":"c60919840af626c5606ad3d0d74a400a","sha1":"78684ca523074327e2b7887459bc1c58f5eb8f60","sha256":"c617204a064587a4dd08598e4ca024cde0ce3252087ad16535621921462123d4"},"dob":{"date":"1955-12-20T00:32:43.796Z","age":68},"registered":{"date":"2018-04-23T04:04:03.042Z","age":6},"phone":"077 896 33 36","cell":"079 571 63 63","id":{"name":"AVS","value":"756.6412.1433.46"},"picture":{"large":"https://randomuser.me/api/portraits/women/75.jpg","medium":"https://randomuser.me/api/portraits/med/women/75.jpg","thumbnail":"https://randomuser.me/api/portraits/thumb/women/75.jpg"},"nat":"CH"}],"info":{"seed":"d00ca877b6af044a","results":1,"page":1,"version":"1.4"}} 
 </msg>
<msg time="2024-08-08T02:35:19.660372" level="INFO">/opt/hostedtoolcache/Python/3.12.4/x64/lib/python3.12/site-packages/urllib3/connectionpool.py:1099: InsecureRequestWarning: Unverified HTTPS request is being made to host 'randomuser.me'. Adding certificate verification is strongly advised. See: https://urllib3.readthedocs.io/en/latest/advanced-usage.html#tls-warnings
  warnings.warn(</msg>
<msg time="2024-08-08T02:35:19.660496" level="INFO">${response} = &lt;Response [200]&gt;</msg>
<var>${response}</var>
<arg>consultarAPI</arg>
<arg>/api</arg>
<doc>Sends a GET request on a previously created HTTP Session.</doc>
<status status="PASS" start="2024-08-08T02:35:19.367216" elapsed="0.293315"/>
</kw>
<kw name="Set Variable" owner="BuiltIn">
<msg time="2024-08-08T02:35:19.661569" level="INFO">${json_data} = {'results': [{'gender': 'female', 'name': {'title': 'Madame', 'first': 'Natacha', 'last': 'Nicolas'}, 'location': {'street': {'number': 7177, 'name': 'Rue du Moulin'}, 'city': 'Mörschwil', 'state': 'S...</msg>
<var>${json_data}</var>
<arg>${response.json()}</arg>
<doc>Returns the given values which can then be assigned to a variables.</doc>
<status status="PASS" start="2024-08-08T02:35:19.661048" elapsed="0.000550"/>
</kw>
<kw name="Log" owner="BuiltIn">
<msg time="2024-08-08T02:35:19.662073" level="INFO">{'results': [{'gender': 'female', 'name': {'title': 'Madame', 'first': 'Natacha', 'last': 'Nicolas'}, 'location': {'street': {'number': 7177, 'name': 'Rue du Moulin'}, 'city': 'Mörschwil', 'state': 'St. Gallen', 'country': 'Switzerland', 'postcode': 5091, 'coordinates': {'latitude': '-56.3132', 'longitude': '57.9718'}, 'timezone': {'offset': '+5:30', 'description': 'Bombay, Calcutta, Madras, New Delhi'}}, 'email': 'natacha.nicolas@example.com', 'login': {'uuid': 'cc1bbd9b-720f-46ed-8177-a73cce78dfb5', 'username': 'heavyostrich508', 'password': 'jack', 'salt': 'ja7z41ce', 'md5': 'c60919840af626c5606ad3d0d74a400a', 'sha1': '78684ca523074327e2b7887459bc1c58f5eb8f60', 'sha256': 'c617204a064587a4dd08598e4ca024cde0ce3252087ad16535621921462123d4'}, 'dob': {'date': '1955-12-20T00:32:43.796Z', 'age': 68}, 'registered': {'date': '2018-04-23T04:04:03.042Z', 'age': 6}, 'phone': '077 896 33 36', 'cell': '079 571 63 63', 'id': {'name': 'AVS', 'value': '756.6412.1433.46'}, 'picture': {'large': 'https://randomuser.me/api/portraits/women/75.jpg', 'medium': 'https://randomuser.me/api/portraits/med/women/75.jpg', 'thumbnail': 'https://randomuser.me/api/portraits/thumb/women/75.jpg'}, 'nat': 'CH'}], 'info': {'seed': 'd00ca877b6af044a', 'results': 1, 'page': 1, 'version': '1.4'}}</msg>
<arg>${json_data}</arg>
<doc>Logs the given message with the given level.</doc>
<status status="PASS" start="2024-08-08T02:35:19.661908" elapsed="0.000214"/>
</kw>
<kw name="Dictionary Should Contain Key" owner="Collections">
<arg>${json_data}</arg>
<arg>results</arg>
<doc>Fails if ``key`` is not found from ``dictionary``.</doc>
<status status="PASS" start="2024-08-08T02:35:19.662414" elapsed="0.000213"/>
</kw>
<kw name="Should Not Be Empty" owner="BuiltIn">
<msg time="2024-08-08T02:35:19.662947" level="INFO">Length is 2.</msg>
<arg>${json_data}</arg>
<doc>Verifies that the given item is not empty.</doc>
<status status="PASS" start="2024-08-08T02:35:19.662817" elapsed="0.000168"/>
</kw>
<kw name="Create List" owner="BuiltIn">
<msg time="2024-08-08T02:35:19.663435" level="INFO">${expected_keys} = ['gender', 'name', 'location', 'email', 'login']</msg>
<var>${expected_keys}</var>
<arg>gender</arg>
<arg>name</arg>
<arg>location</arg>
<arg>email</arg>
<arg>login</arg>
<doc>Returns a list containing given items.</doc>
<status status="PASS" start="2024-08-08T02:35:19.663278" elapsed="0.000182"/>
</kw>
<for flavor="IN">
<iter>
<kw name="Dictionary Should Contain Key" owner="Collections">
<arg>${json_data['results'][0]}</arg>
<arg>${key}</arg>
<doc>Fails if ``key`` is not found from ``dictionary``.</doc>
<status status="PASS" start="2024-08-08T02:35:19.664036" elapsed="0.000405"/>
</kw>
<kw name="Log" owner="BuiltIn">
<msg time="2024-08-08T02:35:19.664988" level="INFO">{'gender': 'female', 'name': {'title': 'Madame', 'first': 'Natacha', 'last': 'Nicolas'}, 'location': {'street': {'number': 7177, 'name': 'Rue du Moulin'}, 'city': 'Mörschwil', 'state': 'St. Gallen', 'country': 'Switzerland', 'postcode': 5091, 'coordinates': {'latitude': '-56.3132', 'longitude': '57.9718'}, 'timezone': {'offset': '+5:30', 'description': 'Bombay, Calcutta, Madras, New Delhi'}}, 'email': 'natacha.nicolas@example.com', 'login': {'uuid': 'cc1bbd9b-720f-46ed-8177-a73cce78dfb5', 'username': 'heavyostrich508', 'password': 'jack', 'salt': 'ja7z41ce', 'md5': 'c60919840af626c5606ad3d0d74a400a', 'sha1': '78684ca523074327e2b7887459bc1c58f5eb8f60', 'sha256': 'c617204a064587a4dd08598e4ca024cde0ce3252087ad16535621921462123d4'}, 'dob': {'date': '1955-12-20T00:32:43.796Z', 'age': 68}, 'registered': {'date': '2018-04-23T04:04:03.042Z', 'age': 6}, 'phone': '077 896 33 36', 'cell': '079 571 63 63', 'id': {'name': 'AVS', 'value': '756.6412.1433.46'}, 'picture': {'large': 'https://randomuser.me/api/portraits/women/75.jpg', 'medium': 'https://randomuser.me/api/portraits/med/women/75.jpg', 'thumbnail': 'https://randomuser.me/api/portraits/thumb/women/75.jpg'}, 'nat': 'CH'}</msg>
<arg>${json_data['results'][0]}</arg>
<doc>Logs the given message with the given level.</doc>
<status status="PASS" start="2024-08-08T02:35:19.664632" elapsed="0.000408"/>
</kw>
<kw name="Log" owner="BuiltIn">
<msg time="2024-08-08T02:35:19.665468" level="INFO">gender</msg>
<arg>${key}</arg>
<doc>Logs the given message with the given level.</doc>
<status status="PASS" start="2024-08-08T02:35:19.665338" elapsed="0.000167"/>
</kw>
<var name="${key}">gender</var>
<status status="PASS" start="2024-08-08T02:35:19.663912" elapsed="0.001809"/>
</iter>
<iter>
<kw name="Dictionary Should Contain Key" owner="Collections">
<arg>${json_data['results'][0]}</arg>
<arg>${key}</arg>
<doc>Fails if ``key`` is not found from ``dictionary``.</doc>
<status status="PASS" start="2024-08-08T02:35:19.666023" elapsed="0.000392"/>
</kw>
<kw name="Log" owner="BuiltIn">
<msg time="2024-08-08T02:35:19.667030" level="INFO">{'gender': 'female', 'name': {'title': 'Madame', 'first': 'Natacha', 'last': 'Nicolas'}, 'location': {'street': {'number': 7177, 'name': 'Rue du Moulin'}, 'city': 'Mörschwil', 'state': 'St. Gallen', 'country': 'Switzerland', 'postcode': 5091, 'coordinates': {'latitude': '-56.3132', 'longitude': '57.9718'}, 'timezone': {'offset': '+5:30', 'description': 'Bombay, Calcutta, Madras, New Delhi'}}, 'email': 'natacha.nicolas@example.com', 'login': {'uuid': 'cc1bbd9b-720f-46ed-8177-a73cce78dfb5', 'username': 'heavyostrich508', 'password': 'jack', 'salt': 'ja7z41ce', 'md5': 'c60919840af626c5606ad3d0d74a400a', 'sha1': '78684ca523074327e2b7887459bc1c58f5eb8f60', 'sha256': 'c617204a064587a4dd08598e4ca024cde0ce3252087ad16535621921462123d4'}, 'dob': {'date': '1955-12-20T00:32:43.796Z', 'age': 68}, 'registered': {'date': '2018-04-23T04:04:03.042Z', 'age': 6}, 'phone': '077 896 33 36', 'cell': '079 571 63 63', 'id': {'name': 'AVS', 'value': '756.6412.1433.46'}, 'picture': {'large': 'https://randomuser.me/api/portraits/women/75.jpg', 'medium': 'https://randomuser.me/api/portraits/med/women/75.jpg', 'thumbnail': 'https://randomuser.me/api/portraits/thumb/women/75.jpg'}, 'nat': 'CH'}</msg>
<arg>${json_data['results'][0]}</arg>
<doc>Logs the given message with the given level.</doc>
<status status="PASS" start="2024-08-08T02:35:19.666661" elapsed="0.000420"/>
</kw>
<kw name="Log" owner="BuiltIn">
<msg time="2024-08-08T02:35:19.667509" level="INFO">name</msg>
<arg>${key}</arg>
<doc>Logs the given message with the given level.</doc>
<status status="PASS" start="2024-08-08T02:35:19.667379" elapsed="0.000168"/>
</kw>
<var name="${key}">name</var>
<status status="PASS" start="2024-08-08T02:35:19.665904" elapsed="0.001861"/>
</iter>
<iter>
<kw name="Dictionary Should Contain Key" owner="Collections">
<arg>${json_data['results'][0]}</arg>
<arg>${key}</arg>
<doc>Fails if ``key`` is not found from ``dictionary``.</doc>
<status status="PASS" start="2024-08-08T02:35:19.668050" elapsed="0.000380"/>
</kw>
<kw name="Log" owner="BuiltIn">
<msg time="2024-08-08T02:35:19.668965" level="INFO">{'gender': 'female', 'name': {'title': 'Madame', 'first': 'Natacha', 'last': 'Nicolas'}, 'location': {'street': {'number': 7177, 'name': 'Rue du Moulin'}, 'city': 'Mörschwil', 'state': 'St. Gallen', 'country': 'Switzerland', 'postcode': 5091, 'coordinates': {'latitude': '-56.3132', 'longitude': '57.9718'}, 'timezone': {'offset': '+5:30', 'description': 'Bombay, Calcutta, Madras, New Delhi'}}, 'email': 'natacha.nicolas@example.com', 'login': {'uuid': 'cc1bbd9b-720f-46ed-8177-a73cce78dfb5', 'username': 'heavyostrich508', 'password': 'jack', 'salt': 'ja7z41ce', 'md5': 'c60919840af626c5606ad3d0d74a400a', 'sha1': '78684ca523074327e2b7887459bc1c58f5eb8f60', 'sha256': 'c617204a064587a4dd08598e4ca024cde0ce3252087ad16535621921462123d4'}, 'dob': {'date': '1955-12-20T00:32:43.796Z', 'age': 68}, 'registered': {'date': '2018-04-23T04:04:03.042Z', 'age': 6}, 'phone': '077 896 33 36', 'cell': '079 571 63 63', 'id': {'name': 'AVS', 'value': '756.6412.1433.46'}, 'picture': {'large': 'https://randomuser.me/api/portraits/women/75.jpg', 'medium': 'https://randomuser.me/api/portraits/med/women/75.jpg', 'thumbnail': 'https://randomuser.me/api/portraits/thumb/women/75.jpg'}, 'nat': 'CH'}</msg>
<arg>${json_data['results'][0]}</arg>
<doc>Logs the given message with the given level.</doc>
<status status="PASS" start="2024-08-08T02:35:19.668611" elapsed="0.000402"/>
</kw>
<kw name="Log" owner="BuiltIn">
<msg time="2024-08-08T02:35:19.669446" level="INFO">location</msg>
<arg>${key}</arg>
<doc>Logs the given message with the given level.</doc>
<status status="PASS" start="2024-08-08T02:35:19.669316" elapsed="0.000167"/>
</kw>
<var name="${key}">location</var>
<status status="PASS" start="2024-08-08T02:35:19.667941" elapsed="0.001757"/>
</iter>
<iter>
<kw name="Dictionary Should Contain Key" owner="Collections">
<arg>${json_data['results'][0]}</arg>
<arg>${key}</arg>
<doc>Fails if ``key`` is not found from ``dictionary``.</doc>
<status status="PASS" start="2024-08-08T02:35:19.669973" elapsed="0.000386"/>
</kw>
<kw name="Log" owner="BuiltIn">
<msg time="2024-08-08T02:35:19.671046" level="INFO">{'gender': 'female', 'name': {'title': 'Madame', 'first': 'Natacha', 'last': 'Nicolas'}, 'location': {'street': {'number': 7177, 'name': 'Rue du Moulin'}, 'city': 'Mörschwil', 'state': 'St. Gallen', 'country': 'Switzerland', 'postcode': 5091, 'coordinates': {'latitude': '-56.3132', 'longitude': '57.9718'}, 'timezone': {'offset': '+5:30', 'description': 'Bombay, Calcutta, Madras, New Delhi'}}, 'email': 'natacha.nicolas@example.com', 'login': {'uuid': 'cc1bbd9b-720f-46ed-8177-a73cce78dfb5', 'username': 'heavyostrich508', 'password': 'jack', 'salt': 'ja7z41ce', 'md5': 'c60919840af626c5606ad3d0d74a400a', 'sha1': '78684ca523074327e2b7887459bc1c58f5eb8f60', 'sha256': 'c617204a064587a4dd08598e4ca024cde0ce3252087ad16535621921462123d4'}, 'dob': {'date': '1955-12-20T00:32:43.796Z', 'age': 68}, 'registered': {'date': '2018-04-23T04:04:03.042Z', 'age': 6}, 'phone': '077 896 33 36', 'cell': '079 571 63 63', 'id': {'name': 'AVS', 'value': '756.6412.1433.46'}, 'picture': {'large': 'https://randomuser.me/api/portraits/women/75.jpg', 'medium': 'https://randomuser.me/api/portraits/med/women/75.jpg', 'thumbnail': 'https://randomuser.me/api/portraits/thumb/women/75.jpg'}, 'nat': 'CH'}</msg>
<arg>${json_data['results'][0]}</arg>
<doc>Logs the given message with the given level.</doc>
<status status="PASS" start="2024-08-08T02:35:19.670692" elapsed="0.000404"/>
</kw>
<kw name="Log" owner="BuiltIn">
<msg time="2024-08-08T02:35:19.671528" level="INFO">email</msg>
<arg>${key}</arg>
<doc>Logs the given message with the given level.</doc>
<status status="PASS" start="2024-08-08T02:35:19.671398" elapsed="0.000168"/>
</kw>
<var name="${key}">email</var>
<status status="PASS" start="2024-08-08T02:35:19.669866" elapsed="0.001913"/>
</iter>
<iter>
<kw name="Dictionary Should Contain Key" owner="Collections">
<arg>${json_data['results'][0]}</arg>
<arg>${key}</arg>
<doc>Fails if ``key`` is not found from ``dictionary``.</doc>
<status status="PASS" start="2024-08-08T02:35:19.672060" elapsed="0.000385"/>
</kw>
<kw name="Log" owner="BuiltIn">
<msg time="2024-08-08T02:35:19.672972" level="INFO">{'gender': 'female', 'name': {'title': 'Madame', 'first': 'Natacha', 'last': 'Nicolas'}, 'location': {'street': {'number': 7177, 'name': 'Rue du Moulin'}, 'city': 'Mörschwil', 'state': 'St. Gallen', 'country': 'Switzerland', 'postcode': 5091, 'coordinates': {'latitude': '-56.3132', 'longitude': '57.9718'}, 'timezone': {'offset': '+5:30', 'description': 'Bombay, Calcutta, Madras, New Delhi'}}, 'email': 'natacha.nicolas@example.com', 'login': {'uuid': 'cc1bbd9b-720f-46ed-8177-a73cce78dfb5', 'username': 'heavyostrich508', 'password': 'jack', 'salt': 'ja7z41ce', 'md5': 'c60919840af626c5606ad3d0d74a400a', 'sha1': '78684ca523074327e2b7887459bc1c58f5eb8f60', 'sha256': 'c617204a064587a4dd08598e4ca024cde0ce3252087ad16535621921462123d4'}, 'dob': {'date': '1955-12-20T00:32:43.796Z', 'age': 68}, 'registered': {'date': '2018-04-23T04:04:03.042Z', 'age': 6}, 'phone': '077 896 33 36', 'cell': '079 571 63 63', 'id': {'name': 'AVS', 'value': '756.6412.1433.46'}, 'picture': {'large': 'https://randomuser.me/api/portraits/women/75.jpg', 'medium': 'https://randomuser.me/api/portraits/med/women/75.jpg', 'thumbnail': 'https://randomuser.me/api/portraits/thumb/women/75.jpg'}, 'nat': 'CH'}</msg>
<arg>${json_data['results'][0]}</arg>
<doc>Logs the given message with the given level.</doc>
<status status="PASS" start="2024-08-08T02:35:19.672625" elapsed="0.000396"/>
</kw>
<kw name="Log" owner="BuiltIn">
<msg time="2024-08-08T02:35:19.673444" level="INFO">login</msg>
<arg>${key}</arg>
<doc>Logs the given message with the given level.</doc>
<status status="PASS" start="2024-08-08T02:35:19.673316" elapsed="0.000165"/>
</kw>
<var name="${key}">login</var>
<status status="PASS" start="2024-08-08T02:35:19.671953" elapsed="0.001744"/>
</iter>
<var>${key}</var>
<value>@{expected_keys}</value>
<status status="PASS" start="2024-08-08T02:35:19.663720" elapsed="0.010122"/>
</for>
<kw name="Create List" owner="BuiltIn">
<msg time="2024-08-08T02:35:19.674176" level="INFO">${expected_keysTwo} = ['username', 'password']</msg>
<var>${expected_keysTwo}</var>
<arg>username</arg>
<arg>password</arg>
<doc>Returns a list containing given items.</doc>
<status status="PASS" start="2024-08-08T02:35:19.674040" elapsed="0.000160"/>
</kw>
<for flavor="IN">
<iter>
<kw name="Dictionary Should Contain Key" owner="Collections">
<arg>${json_data['results'][0]['login']}</arg>
<arg>${keyTwo}</arg>
<doc>Fails if ``key`` is not found from ``dictionary``.</doc>
<status status="PASS" start="2024-08-08T02:35:19.674750" elapsed="0.000385"/>
</kw>
<kw name="Dictionary Should Contain Key" owner="Collections">
<arg>${json_data['results'][0]['login']}</arg>
<arg>${keyTwo}</arg>
<doc>Fails if ``key`` is not found from ``dictionary``.</doc>
<status status="PASS" start="2024-08-08T02:35:19.675314" elapsed="0.000380"/>
</kw>
<kw name="Log" owner="BuiltIn">
<msg time="2024-08-08T02:35:19.675996" level="INFO">username</msg>
<arg>${keyTwo}</arg>
<doc>Logs the given message with the given level.</doc>
<status status="PASS" start="2024-08-08T02:35:19.675874" elapsed="0.000160"/>
</kw>
<var name="${keyTwo}">username</var>
<status status="PASS" start="2024-08-08T02:35:19.674639" elapsed="0.001615"/>
</iter>
<iter>
<kw name="Dictionary Should Contain Key" owner="Collections">
<arg>${json_data['results'][0]['login']}</arg>
<arg>${keyTwo}</arg>
<doc>Fails if ``key`` is not found from ``dictionary``.</doc>
<status status="PASS" start="2024-08-08T02:35:19.676535" elapsed="0.000391"/>
</kw>
<kw name="Dictionary Should Contain Key" owner="Collections">
<arg>${json_data['results'][0]['login']}</arg>
<arg>${keyTwo}</arg>
<doc>Fails if ``key`` is not found from ``dictionary``.</doc>
<status status="PASS" start="2024-08-08T02:35:19.677103" elapsed="0.000366"/>
</kw>
<kw name="Log" owner="BuiltIn">
<msg time="2024-08-08T02:35:19.677764" level="INFO">password</msg>
<arg>${keyTwo}</arg>
<doc>Logs the given message with the given level.</doc>
<status status="PASS" start="2024-08-08T02:35:19.677645" elapsed="0.000156"/>
</kw>
<var name="${keyTwo}">password</var>
<status status="PASS" start="2024-08-08T02:35:19.676428" elapsed="0.001591"/>
</iter>
<var>${keyTwo}</var>
<value>@{expected_keysTwo}</value>
<status status="PASS" start="2024-08-08T02:35:19.674434" elapsed="0.003704"/>
</for>
<status status="PASS" start="2024-08-08T02:35:19.366986" elapsed="0.311301"/>
</kw>
<doc>Testa a estrutura da resposta da API.</doc>
<tag>testeEstruturaResposta</tag>
<status status="PASS" start="2024-08-08T02:35:19.366361" elapsed="0.312082"/>
</test>
<test id="s1-s1-t4" name="Validar tipos de dados" line="28">
<kw name="Teste de Tipos de Dados" owner="random-user-service">
<kw name="GET On Session" owner="RequestsLibrary">
<msg time="2024-08-08T02:35:19.783397" level="INFO">GET Request : url=https://randomuser.me/api 
 path_url=/api 
 headers={'User-Agent': 'python-requests/2.32.3', 'Accept-Encoding': 'gzip, deflate', 'Accept': '*/*', 'Connection': 'keep-alive'} 
 body=None 
 </msg>
<msg time="2024-08-08T02:35:19.783507" level="INFO">GET Response : url=https://randomuser.me/api 
 status=200, reason=OK 
 headers={'Date': 'Thu, 08 Aug 2024 02:35:19 GMT', 'Content-Type': 'application/json; charset=utf-8', 'Transfer-Encoding': 'chunked', 'Connection': 'keep-alive', 'X-Powered-By': 'Express', 'Access-Control-Allow-Origin': '*', 'Cache-Control': 'no-cache', 'ETag': 'W/"491-IFDrJG2WtzVnbjC1z/VwltSW/gU"', 'Vary': 'Accept-Encoding', 'Content-Encoding': 'gzip', 'CF-Cache-Status': 'DYNAMIC', 'Report-To': '{"endpoints":[{"url":"https:\\/\\/a.nel.cloudflare.com\\/report\\/v4?s=UYSDwnlqdlMgQyWEqCy2RWodVERkxfS6XAjev0DIhVrmqUMWobE8rg2iN4morgJRnMqPlA18cZc9CTDtFNU2RNFpOWWrO3ZtIgw%2BJODsXMC%2BQqhLdCu8th%2FcO%2BgxnaRg"}],"group":"cf-nel","max_age":604800}', 'NEL': '{"success_fraction":0,"report_to":"cf-nel","max_age":604800}', 'Server': 'cloudflare', 'CF-RAY': '8afc1cc80b891ffa-IAD', 'alt-svc': 'h3=":443"; ma=86400'} 
 body={"results":[{"gender":"male","name":{"title":"Mr","first":"Jayden","last":"Tremblay"},"location":{"street":{"number":748,"name":"Victoria Ave"},"city":"Delta","state":"Northwest Territories","country":"Canada","postcode":"D7X 7I4","coordinates":{"latitude":"-66.9993","longitude":"-76.0127"},"timezone":{"offset":"-1:00","description":"Azores, Cape Verde Islands"}},"email":"jayden.tremblay@example.com","login":{"uuid":"7e61e467-6b7e-466f-b68b-d34384df32ac","username":"lazyostrich832","password":"henry","salt":"zQE6Bx8B","md5":"a05129eb82bfcd3c871d9512d6fb04ef","sha1":"842e63f3545e406144e18256c152b2a46cc3102e","sha256":"d411bdb0cf05507364a516f139591bf8887f1662baf9178f24e7a50094ca350a"},"dob":{"date":"1956-02-03T04:54:04.165Z","age":68},"registered":{"date":"2007-08-23T13:50:39.095Z","age":16},"phone":"O28 Z21-6795","cell":"N98 O66-5933","id":{"name":"SIN","value":"753311315"},"picture":{"large":"https://randomuser.me/api/portraits/men/22.jpg","medium":"https://randomuser.me/api/portraits/med/men/22.jpg","thumbnail":"https://randomuser.me/api/portraits/thumb/men/22.jpg"},"nat":"CA"}],"info":{"seed":"b750084946769b6d","results":1,"page":1,"version":"1.4"}} 
 </msg>
<msg time="2024-08-08T02:35:19.783588" level="INFO">/opt/hostedtoolcache/Python/3.12.4/x64/lib/python3.12/site-packages/urllib3/connectionpool.py:1099: InsecureRequestWarning: Unverified HTTPS request is being made to host 'randomuser.me'. Adding certificate verification is strongly advised. See: https://urllib3.readthedocs.io/en/latest/advanced-usage.html#tls-warnings
  warnings.warn(</msg>
<msg time="2024-08-08T02:35:19.783738" level="INFO">${response} = &lt;Response [200]&gt;</msg>
<var>${response}</var>
<arg>consultarAPI</arg>
<arg>/api</arg>
<doc>Sends a GET request on a previously created HTTP Session.</doc>
<status status="PASS" start="2024-08-08T02:35:19.681007" elapsed="0.102778"/>
</kw>
<kw name="Set Variable" owner="BuiltIn">
<msg time="2024-08-08T02:35:19.785020" level="INFO">${json_data} = {'results': [{'gender': 'male', 'name': {'title': 'Mr', 'first': 'Jayden', 'last': 'Tremblay'}, 'location': {'street': {'number': 748, 'name': 'Victoria Ave'}, 'city': 'Delta', 'state': 'Northwest Ter...</msg>
<var>${json_data}</var>
<arg>${response.json()}</arg>
<doc>Returns the given values which can then be assigned to a variables.</doc>
<status status="PASS" start="2024-08-08T02:35:19.784427" elapsed="0.000622"/>
</kw>
<kw name="Log" owner="BuiltIn">
<msg time="2024-08-08T02:35:19.785623" level="INFO">{'results': [{'gender': 'male', 'name': {'title': 'Mr', 'first': 'Jayden', 'last': 'Tremblay'}, 'location': {'street': {'number': 748, 'name': 'Victoria Ave'}, 'city': 'Delta', 'state': 'Northwest Territories', 'country': 'Canada', 'postcode': 'D7X 7I4', 'coordinates': {'latitude': '-66.9993', 'longitude': '-76.0127'}, 'timezone': {'offset': '-1:00', 'description': 'Azores, Cape Verde Islands'}}, 'email': 'jayden.tremblay@example.com', 'login': {'uuid': '7e61e467-6b7e-466f-b68b-d34384df32ac', 'username': 'lazyostrich832', 'password': 'henry', 'salt': 'zQE6Bx8B', 'md5': 'a05129eb82bfcd3c871d9512d6fb04ef', 'sha1': '842e63f3545e406144e18256c152b2a46cc3102e', 'sha256': 'd411bdb0cf05507364a516f139591bf8887f1662baf9178f24e7a50094ca350a'}, 'dob': {'date': '1956-02-03T04:54:04.165Z', 'age': 68}, 'registered': {'date': '2007-08-23T13:50:39.095Z', 'age': 16}, 'phone': 'O28 Z21-6795', 'cell': 'N98 O66-5933', 'id': {'name': 'SIN', 'value': '753311315'}, 'picture': {'large': 'https://randomuser.me/api/portraits/men/22.jpg', 'medium': 'https://randomuser.me/api/portraits/med/men/22.jpg', 'thumbnail': 'https://randomuser.me/api/portraits/thumb/men/22.jpg'}, 'nat': 'CA'}], 'info': {'seed': 'b750084946769b6d', 'results': 1, 'page': 1, 'version': '1.4'}}</msg>
<arg>${json_data}</arg>
<doc>Logs the given message with the given level.</doc>
<status status="PASS" start="2024-08-08T02:35:19.785413" elapsed="0.000279"/>
</kw>
<kw name="Should Be String" owner="String">
<arg>${json_data['results'][0]['gender']}</arg>
<doc>Fails if the given ``item`` is not a string.</doc>
<status status="PASS" start="2024-08-08T02:35:19.786077" elapsed="0.000412"/>
</kw>
<kw name="Should Match Regexp" owner="BuiltIn">
<arg>${json_data['results'][0]['email']}</arg>
<arg>^[a-zA-Z0-9._%+-]+@[a-zA-Z0-9.-]+\.[a-zA-Z]{2,}$</arg>
<doc>Fails if ``string`` does not match ``pattern`` as a regular expression.</doc>
<status status="PASS" start="2024-08-08T02:35:19.786757" elapsed="0.000541"/>
</kw>
<kw name="Should Match Regexp" owner="BuiltIn">
<arg>${json_data['results'][0]['dob']['date']}</arg>
<arg>\\d{4}-\\d{2}-\\d{2}T\\d{2}:\\d{2}:\\d{2}\\.\\d{3}Z</arg>
<doc>Fails if ``string`` does not match ``pattern`` as a regular expression.</doc>
<status status="PASS" start="2024-08-08T02:35:19.787495" elapsed="0.000632"/>
</kw>
<kw name="Should Match Regexp" owner="BuiltIn">
<arg>${json_data['results'][0]['registered']['date']}</arg>
<arg>\\d{4}-\\d{2}-\\d{2}T\\d{2}:\\d{2}:\\d{2}\\.\\d{3}Z</arg>
<doc>Fails if ``string`` does not match ``pattern`` as a regular expression.</doc>
<status status="PASS" start="2024-08-08T02:35:19.788322" elapsed="0.000372"/>
</kw>
<kw name="Should Match Regexp" owner="BuiltIn">
<arg>${json_data['results'][0]['picture']['large']}</arg>
<arg>^https?://.*\.(?:png|jpe?g|gif|bmp)$</arg>
<doc>Fails if ``string`` does not match ``pattern`` as a regular expression.</doc>
<status status="PASS" start="2024-08-08T02:35:19.788887" elapsed="0.000468"/>
</kw>
<kw name="Should Match Regexp" owner="BuiltIn">
<arg>${json_data['results'][0]['picture']['medium']}</arg>
<arg>^https?://.*\.(?:png|jpe?g|gif|bmp)$</arg>
<doc>Fails if ``string`` does not match ``pattern`` as a regular expression.</doc>
<status status="PASS" start="2024-08-08T02:35:19.789544" elapsed="0.000357"/>
</kw>
<kw name="Should Match Regexp" owner="BuiltIn">
<arg>${json_data['results'][0]['picture']['thumbnail']}</arg>
<arg>^https?://.*\.(?:png|jpe?g|gif|bmp)$</arg>
<doc>Fails if ``string`` does not match ``pattern`` as a regular expression.</doc>
<status status="PASS" start="2024-08-08T02:35:19.790086" elapsed="0.000347"/>
</kw>
<kw name="Log" owner="BuiltIn">
<msg time="2024-08-08T02:35:19.790965" level="INFO">{'large': 'https://randomuser.me/api/portraits/men/22.jpg', 'medium': 'https://randomuser.me/api/portraits/med/men/22.jpg', 'thumbnail': 'https://randomuser.me/api/portraits/thumb/men/22.jpg'}</msg>
<arg>${json_data['results'][0]['picture']}</arg>
<doc>Logs the given message with the given level.</doc>
<status status="PASS" start="2024-08-08T02:35:19.790635" elapsed="0.000372"/>
</kw>
<status status="PASS" start="2024-08-08T02:35:19.680782" elapsed="0.110483"/>
</kw>
<kw name="Teste de Tipos de Dados - Postcode" owner="random-user-service">
<kw name="GET On Session" owner="RequestsLibrary">
<msg time="2024-08-08T02:35:19.938192" level="INFO">GET Request : url=https://randomuser.me/api 
 path_url=/api 
 headers={'User-Agent': 'python-requests/2.32.3', 'Accept-Encoding': 'gzip, deflate', 'Accept': '*/*', 'Connection': 'keep-alive'} 
 body=None 
 </msg>
<msg time="2024-08-08T02:35:19.938289" level="INFO">GET Response : url=https://randomuser.me/api 
 status=200, reason=OK 
 headers={'Date': 'Thu, 08 Aug 2024 02:35:19 GMT', 'Content-Type': 'application/json; charset=utf-8', 'Transfer-Encoding': 'chunked', 'Connection': 'keep-alive', 'X-Powered-By': 'Express', 'Access-Control-Allow-Origin': '*', 'Cache-Control': 'no-cache', 'ETag': 'W/"493-btI5rHz3T/yP+q6ZuTepmH+xDzg"', 'Vary': 'Accept-Encoding', 'Content-Encoding': 'gzip', 'CF-Cache-Status': 'DYNAMIC', 'Report-To': '{"endpoints":[{"url":"https:\\/\\/a.nel.cloudflare.com\\/report\\/v4?s=yxc1%2B1gF6tDuMMWw9zH1MzvDsgYK0DQhGiNGtl8h%2FgTSgVIiba5zuTSRjek8mQCCDdFhilf%2Bj7myDdmNZQ7gBsC2VWHZ1qqPt0dB%2FEjbDvFOkkdLuHDhbukuq%2FctoN1h"}],"group":"cf-nel","max_age":604800}', 'NEL': '{"success_fraction":0,"report_to":"cf-nel","max_age":604800}', 'Server': 'cloudflare', 'CF-RAY': '8afc1cc8bc0d1ffa-IAD', 'alt-svc': 'h3=":443"; ma=86400'} 
 body={"results":[{"gender":"male","name":{"title":"Mr","first":"Abhishek","last":"Banerjee"},"location":{"street":{"number":6290,"name":"Linking Rd"},"city":"Bhimavaram","state":"Uttar Pradesh","country":"India","postcode":40390,"coordinates":{"latitude":"8.5303","longitude":"-74.6895"},"timezone":{"offset":"-3:00","description":"Brazil, Buenos Aires, Georgetown"}},"email":"abhishek.banerjee@example.com","login":{"uuid":"015a72f5-2bcc-4b86-96da-50b5aca95f75","username":"ticklishostrich396","password":"goth","salt":"iSXXRGze","md5":"475fb071058f04a00d67aebfbe657f98","sha1":"03aa0f8ed19f3bd5e53ab8b7578ead70506ac325","sha256":"5614398325e02e033a356365359915af179121488e2495faaf996dde8057dc4d"},"dob":{"date":"1947-11-06T03:44:31.692Z","age":76},"registered":{"date":"2017-04-29T03:43:36.560Z","age":7},"phone":"8766394309","cell":"8290644452","id":{"name":"UIDAI","value":"319841783773"},"picture":{"large":"https://randomuser.me/api/portraits/men/32.jpg","medium":"https://randomuser.me/api/portraits/med/men/32.jpg","thumbnail":"https://randomuser.me/api/portraits/thumb/men/32.jpg"},"nat":"IN"}],"info":{"seed":"322df45ea5d823de","results":1,"page":1,"version":"1.4"}} 
 </msg>
<msg time="2024-08-08T02:35:19.938358" level="INFO">/opt/hostedtoolcache/Python/3.12.4/x64/lib/python3.12/site-packages/urllib3/connectionpool.py:1099: InsecureRequestWarning: Unverified HTTPS request is being made to host 'randomuser.me'. Adding certificate verification is strongly advised. See: https://urllib3.readthedocs.io/en/latest/advanced-usage.html#tls-warnings
  warnings.warn(</msg>
<msg time="2024-08-08T02:35:19.938480" level="INFO">${response} = &lt;Response [200]&gt;</msg>
<var>${response}</var>
<arg>consultarAPI</arg>
<arg>/api</arg>
<doc>Sends a GET request on a previously created HTTP Session.</doc>
<status status="PASS" start="2024-08-08T02:35:19.791713" elapsed="0.146795"/>
</kw>
<kw name="Set Variable" owner="BuiltIn">
<msg time="2024-08-08T02:35:19.939607" level="INFO">${json_data} = {'results': [{'gender': 'male', 'name': {'title': 'Mr', 'first': 'Abhishek', 'last': 'Banerjee'}, 'location': {'street': {'number': 6290, 'name': 'Linking Rd'}, 'city': 'Bhimavaram', 'state': 'Uttar P...</msg>
<var>${json_data}</var>
<arg>${response.json()}</arg>
<doc>Returns the given values which can then be assigned to a variables.</doc>
<status status="PASS" start="2024-08-08T02:35:19.939062" elapsed="0.000574"/>
</kw>
<kw name="Log" owner="BuiltIn">
<msg time="2024-08-08T02:35:19.940092" level="INFO">{'results': [{'gender': 'male', 'name': {'title': 'Mr', 'first': 'Abhishek', 'last': 'Banerjee'}, 'location': {'street': {'number': 6290, 'name': 'Linking Rd'}, 'city': 'Bhimavaram', 'state': 'Uttar Pradesh', 'country': 'India', 'postcode': 40390, 'coordinates': {'latitude': '8.5303', 'longitude': '-74.6895'}, 'timezone': {'offset': '-3:00', 'description': 'Brazil, Buenos Aires, Georgetown'}}, 'email': 'abhishek.banerjee@example.com', 'login': {'uuid': '015a72f5-2bcc-4b86-96da-50b5aca95f75', 'username': 'ticklishostrich396', 'password': 'goth', 'salt': 'iSXXRGze', 'md5': '475fb071058f04a00d67aebfbe657f98', 'sha1': '03aa0f8ed19f3bd5e53ab8b7578ead70506ac325', 'sha256': '5614398325e02e033a356365359915af179121488e2495faaf996dde8057dc4d'}, 'dob': {'date': '1947-11-06T03:44:31.692Z', 'age': 76}, 'registered': {'date': '2017-04-29T03:43:36.560Z', 'age': 7}, 'phone': '8766394309', 'cell': '8290644452', 'id': {'name': 'UIDAI', 'value': '319841783773'}, 'picture': {'large': 'https://randomuser.me/api/portraits/men/32.jpg', 'medium': 'https://randomuser.me/api/portraits/med/men/32.jpg', 'thumbnail': 'https://randomuser.me/api/portraits/thumb/men/32.jpg'}, 'nat': 'IN'}], 'info': {'seed': '322df45ea5d823de', 'results': 1, 'page': 1, 'version': '1.4'}}</msg>
<arg>${json_data}</arg>
<doc>Logs the given message with the given level.</doc>
<status status="PASS" start="2024-08-08T02:35:19.939939" elapsed="0.000200"/>
</kw>
<kw name="Should Be Equal As Numbers" owner="BuiltIn">
<arg>${json_data['results'][0]['location']['postcode']}</arg>
<arg>${json_data['results'][0]['location']['postcode']}</arg>
<doc>Fails if objects are unequal after converting them to real numbers.</doc>
<status status="PASS" start="2024-08-08T02:35:19.940439" elapsed="0.000616"/>
</kw>
<kw name="Log" owner="BuiltIn">
<msg time="2024-08-08T02:35:19.941630" level="INFO">40390</msg>
<arg>${json_data['results'][0]['location']['postcode']}</arg>
<doc>Logs the given message with the given level.</doc>
<status status="PASS" start="2024-08-08T02:35:19.941280" elapsed="0.000390"/>
</kw>
<status status="PASS" start="2024-08-08T02:35:19.791489" elapsed="0.150438"/>
</kw>
<doc>Testa se os tipos de dados na resposta da API estão corretos.</doc>
<tag>testeTiposDados</tag>
<status status="PASS" start="2024-08-08T02:35:19.680231" elapsed="0.261866"/>
</test>
<test id="s1-s1-t5" name="Validar conteudo" line="35">
<kw name="Teste de Tipos de Conteudo" owner="random-user-service">
<kw name="GET On Session" owner="RequestsLibrary">
<msg time="2024-08-08T02:35:19.978570" level="INFO">GET Request : url=https://randomuser.me/api 
 path_url=/api 
 headers={'User-Agent': 'python-requests/2.32.3', 'Accept-Encoding': 'gzip, deflate', 'Accept': '*/*', 'Connection': 'keep-alive'} 
 body=None 
 </msg>
<msg time="2024-08-08T02:35:19.978653" level="INFO">GET Response : url=https://randomuser.me/api 
 status=200, reason=OK 
 headers={'Date': 'Thu, 08 Aug 2024 02:35:19 GMT', 'Content-Type': 'application/json; charset=utf-8', 'Transfer-Encoding': 'chunked', 'Connection': 'keep-alive', 'X-Powered-By': 'Express', 'Access-Control-Allow-Origin': '*', 'Cache-Control': 'no-cache', 'ETag': 'W/"4a8-OTN3dplqVaauJa4L2FJS8CAgSjk"', 'Vary': 'Accept-Encoding', 'Content-Encoding': 'gzip', 'CF-Cache-Status': 'DYNAMIC', 'Report-To': '{"endpoints":[{"url":"https:\\/\\/a.nel.cloudflare.com\\/report\\/v4?s=V4fk0FGGg0FQ6cOR15olb8fYGlqWmUyyJeF%2Fo2XliGLclsSeIHeU6Q%2F4Ok901%2FQSCk93bNYIzCh5BC6nbp2OudSbUW0JoJ2yzRWGjpHwWqw9o1WZvabW1TQKGavoMOeO"}],"group":"cf-nel","max_age":604800}', 'NEL': '{"success_fraction":0,"report_to":"cf-nel","max_age":604800}', 'Server': 'cloudflare', 'CF-RAY': '8afc1cc9ace51ffa-IAD', 'alt-svc': 'h3=":443"; ma=86400'} 
 body={"results":[{"gender":"female","name":{"title":"Miss","first":"Saula","last":"Rodrigues"},"location":{"street":{"number":5619,"name":"Rua Pernambuco "},"city":"Viamão","state":"Mato Grosso","country":"Brazil","postcode":71874,"coordinates":{"latitude":"-79.4166","longitude":"141.0009"},"timezone":{"offset":"+9:00","description":"Tokyo, Seoul, Osaka, Sapporo, Yakutsk"}},"email":"saula.rodrigues@example.com","login":{"uuid":"de0e87f6-a7dc-47f7-9fea-fd6e79e545c8","username":"purplezebra841","password":"temp123","salt":"DZWD8Ee0","md5":"c7078139880de27346b39b2abb91e528","sha1":"3c735997d6f714c37f6f2eedf1a441aff3518c25","sha256":"90c8cb28a568de9fe488012367e9169ed8a200b4edbe4690cd3f8b2a8333268e"},"dob":{"date":"1966-03-17T11:22:52.416Z","age":58},"registered":{"date":"2020-10-29T23:19:22.792Z","age":3},"phone":"(58) 3237-5415","cell":"(87) 3422-0889","id":{"name":"CPF","value":"360.179.262-10"},"picture":{"large":"https://randomuser.me/api/portraits/women/47.jpg","medium":"https://randomuser.me/api/portraits/med/women/47.jpg","thumbnail":"https://randomuser.me/api/portraits/thumb/women/47.jpg"},"nat":"BR"}],"info":{"seed":"7be4205cee71395e","results":1,"page":1,"version":"1.4"}} 
 </msg>
<msg time="2024-08-08T02:35:19.978738" level="INFO">/opt/hostedtoolcache/Python/3.12.4/x64/lib/python3.12/site-packages/urllib3/connectionpool.py:1099: InsecureRequestWarning: Unverified HTTPS request is being made to host 'randomuser.me'. Adding certificate verification is strongly advised. See: https://urllib3.readthedocs.io/en/latest/advanced-usage.html#tls-warnings
  warnings.warn(</msg>
<msg time="2024-08-08T02:35:19.978843" level="INFO">${response} = &lt;Response [200]&gt;</msg>
<var>${response}</var>
<arg>consultarAPI</arg>
<arg>/api</arg>
<doc>Sends a GET request on a previously created HTTP Session.</doc>
<status status="PASS" start="2024-08-08T02:35:19.944685" elapsed="0.034188"/>
</kw>
<kw name="Set Variable" owner="BuiltIn">
<msg time="2024-08-08T02:35:19.979782" level="INFO">${json_data} = {'results': [{'gender': 'female', 'name': {'title': 'Miss', 'first': 'Saula', 'last': 'Rodrigues'}, 'location': {'street': {'number': 5619, 'name': 'Rua Pernambuco '}, 'city': 'Viamão', 'state': 'Mato...</msg>
<var>${json_data}</var>
<arg>${response.json()}</arg>
<doc>Returns the given values which can then be assigned to a variables.</doc>
<status status="PASS" start="2024-08-08T02:35:19.979307" elapsed="0.000506"/>
</kw>
<kw name="Set Variable" owner="BuiltIn">
<msg time="2024-08-08T02:35:19.980506" level="INFO">${name_title} = Miss</msg>
<var>${name_title}</var>
<arg>${json_data["results"][0]["name"]["title"]}</arg>
<doc>Returns the given values which can then be assigned to a variables.</doc>
<status status="PASS" start="2024-08-08T02:35:19.980120" elapsed="0.000412"/>
</kw>
<kw name="Create List" owner="BuiltIn">
<msg time="2024-08-08T02:35:19.980979" level="INFO">${allowed_titles} = ['Mr', 'Ms', 'Miss', 'Mrs', 'Madame', 'Monsieur']</msg>
<var>${allowed_titles}</var>
<arg>Mr</arg>
<arg>Ms</arg>
<arg>Miss</arg>
<arg>Mrs</arg>
<arg>Madame</arg>
<arg>Monsieur</arg>
<doc>Returns a list containing given items.</doc>
<status status="PASS" start="2024-08-08T02:35:19.980830" elapsed="0.000174"/>
</kw>
<kw name="List Should Contain Value" owner="Collections">
<arg>${allowed_titles}</arg>
<arg>${name_title}</arg>
<doc>Fails if the ``value`` is not found from ``list``.</doc>
<status status="PASS" start="2024-08-08T02:35:19.981309" elapsed="0.000178"/>
</kw>
<kw name="Set Variable" owner="BuiltIn">
<msg time="2024-08-08T02:35:19.982079" level="INFO">${name_country} = BR</msg>
<var>${name_country}</var>
<arg>${json_data["results"][0]["nat"]}</arg>
<doc>Returns the given values which can then be assigned to a variables.</doc>
<status status="PASS" start="2024-08-08T02:35:19.981702" elapsed="0.000402"/>
</kw>
<kw name="Create List" owner="BuiltIn">
<msg time="2024-08-08T02:35:19.983037" level="INFO">${list_country} = ['AD', 'AE', 'AF', 'AG', 'AI', 'AL', 'AM', 'AO', 'AQ', 'AR', 'AS', 'AT', 'AU', 'AW', 'AX', 'AZ', 'BA', 'BB', 'BD', 'BE', 'BF', 'BG', 'BH', 'BI', 'BJ', 'BL', 'BM', 'BN', 'BO', 'BQ', 'BR', 'BS', 'BT', '...</msg>
<var>${list_country}</var>
<arg>AD</arg>
<arg>AE</arg>
<arg>AF</arg>
<arg>AG</arg>
<arg>AI</arg>
<arg>AL</arg>
<arg>AM</arg>
<arg>AO</arg>
<arg>AQ</arg>
<arg>AR</arg>
<arg>AS</arg>
<arg>AT</arg>
<arg>AU</arg>
<arg>AW</arg>
<arg>AX</arg>
<arg>AZ</arg>
<arg>BA</arg>
<arg>BB</arg>
<arg>BD</arg>
<arg>BE</arg>
<arg>BF</arg>
<arg>BG</arg>
<arg>BH</arg>
<arg>BI</arg>
<arg>BJ</arg>
<arg>BL</arg>
<arg>BM</arg>
<arg>BN</arg>
<arg>BO</arg>
<arg>BQ</arg>
<arg>BR</arg>
<arg>BS</arg>
<arg>BT</arg>
<arg>BV</arg>
<arg>BW</arg>
<arg>BY</arg>
<arg>BZ</arg>
<arg>CA</arg>
<arg>CC</arg>
<arg>CD</arg>
<arg>CF</arg>
<arg>CG</arg>
<arg>CH</arg>
<arg>CI</arg>
<arg>CK</arg>
<arg>CL</arg>
<arg>CM</arg>
<arg>CN</arg>
<arg>CO</arg>
<arg>CR</arg>
<arg>CU</arg>
<arg>CV</arg>
<arg>CW</arg>
<arg>CX</arg>
<arg>CY</arg>
<arg>CZ</arg>
<arg>DE</arg>
<arg>DJ</arg>
<arg>DK</arg>
<arg>DM</arg>
<arg>DO</arg>
<arg>DZ</arg>
<arg>EC</arg>
<arg>EE</arg>
<arg>EG</arg>
<arg>EH</arg>
<arg>ER</arg>
<arg>ES</arg>
<arg>ET</arg>
<arg>FI</arg>
<arg>FJ</arg>
<arg>FK</arg>
<arg>FM</arg>
<arg>FO</arg>
<arg>FR</arg>
<arg>GA</arg>
<arg>GB</arg>
<arg>GD</arg>
<arg>GE</arg>
<arg>GF</arg>
<arg>GG</arg>
<arg>GH</arg>
<arg>GI</arg>
<arg>GL</arg>
<arg>GM</arg>
<arg>GN</arg>
<arg>GP</arg>
<arg>GQ</arg>
<arg>GR</arg>
<arg>GS</arg>
<arg>GT</arg>
<arg>GU</arg>
<arg>GW</arg>
<arg>GY</arg>
<arg>HK</arg>
<arg>HM</arg>
<arg>HN</arg>
<arg>HR</arg>
<arg>HT</arg>
<arg>HU</arg>
<arg>ID</arg>
<arg>IE</arg>
<arg>IL</arg>
<arg>IM</arg>
<arg>IN</arg>
<arg>IO</arg>
<arg>IQ</arg>
<arg>IR</arg>
<arg>IS</arg>
<arg>IT</arg>
<arg>JE</arg>
<arg>JM</arg>
<arg>JO</arg>
<arg>JP</arg>
<arg>KE</arg>
<arg>KG</arg>
<arg>KH</arg>
<arg>KI</arg>
<arg>KM</arg>
<arg>KN</arg>
<arg>KP</arg>
<arg>KR</arg>
<arg>KW</arg>
<arg>KY</arg>
<arg>KZ</arg>
<arg>LA</arg>
<arg>LB</arg>
<arg>LC</arg>
<arg>LI</arg>
<arg>LK</arg>
<arg>LR</arg>
<arg>LS</arg>
<arg>LT</arg>
<arg>LU</arg>
<arg>LV</arg>
<arg>LY</arg>
<arg>MA</arg>
<arg>MC</arg>
<arg>MD</arg>
<arg>ME</arg>
<arg>MF</arg>
<arg>MG</arg>
<arg>MH</arg>
<arg>MK</arg>
<arg>ML</arg>
<arg>MM</arg>
<arg>MN</arg>
<arg>MO</arg>
<arg>MP</arg>
<arg>MQ</arg>
<arg>MR</arg>
<arg>MS</arg>
<arg>MT</arg>
<arg>MU</arg>
<arg>MV</arg>
<arg>MW</arg>
<arg>MX</arg>
<arg>MY</arg>
<arg>MZ</arg>
<arg>NA</arg>
<arg>NC</arg>
<arg>NE</arg>
<arg>NF</arg>
<arg>NG</arg>
<arg>NI</arg>
<arg>NL</arg>
<arg>NO</arg>
<arg>NP</arg>
<arg>NR</arg>
<arg>NU</arg>
<arg>NZ</arg>
<arg>OM</arg>
<arg>PA</arg>
<arg>PE</arg>
<arg>PF</arg>
<arg>PG</arg>
<arg>PH</arg>
<arg>PK</arg>
<arg>PL</arg>
<arg>PM</arg>
<arg>PN</arg>
<arg>PR</arg>
<arg>PS</arg>
<arg>PT</arg>
<arg>PW</arg>
<arg>PY</arg>
<arg>QA</arg>
<arg>RE</arg>
<arg>RO</arg>
<arg>RS</arg>
<arg>RU</arg>
<arg>RW</arg>
<arg>SA</arg>
<arg>SB</arg>
<arg>SC</arg>
<arg>SD</arg>
<arg>SE</arg>
<arg>SG</arg>
<arg>SH</arg>
<arg>SI</arg>
<arg>SJ</arg>
<arg>SK</arg>
<arg>SL</arg>
<arg>SM</arg>
<arg>SN</arg>
<arg>SO</arg>
<arg>SR</arg>
<arg>SS</arg>
<arg>ST</arg>
<arg>SV</arg>
<arg>SX</arg>
<arg>SY</arg>
<arg>SZ</arg>
<arg>TC</arg>
<arg>TD</arg>
<arg>TF</arg>
<arg>TG</arg>
<arg>TH</arg>
<arg>TJ</arg>
<arg>TK</arg>
<arg>TL</arg>
<arg>TM</arg>
<arg>TN</arg>
<arg>TO</arg>
<arg>TR</arg>
<arg>TT</arg>
<arg>TV</arg>
<arg>TW</arg>
<arg>TZ</arg>
<arg>UA</arg>
<arg>UG</arg>
<arg>UM</arg>
<arg>US</arg>
<arg>UY</arg>
<arg>UZ</arg>
<arg>VA</arg>
<arg>VC</arg>
<arg>VE</arg>
<arg>VG</arg>
<arg>VI</arg>
<arg>VN</arg>
<arg>VU</arg>
<arg>WF</arg>
<arg>WS</arg>
<arg>XK</arg>
<arg>YE</arg>
<arg>YT</arg>
<arg>ZA</arg>
<arg>ZM</arg>
<arg>ZW</arg>
<doc>Returns a list containing given items.</doc>
<status status="PASS" start="2024-08-08T02:35:19.982397" elapsed="0.000666"/>
</kw>
<kw name="List Should Contain Value" owner="Collections">
<arg>${list_country}</arg>
<arg>${name_country}</arg>
<doc>Fails if the ``value`` is not found from ``list``.</doc>
<status status="PASS" start="2024-08-08T02:35:19.984019" elapsed="0.000211"/>
</kw>
<kw name="Run Keyword If" owner="BuiltIn">
<kw name="Should Be True" owner="BuiltIn">
<arg>${True}</arg>
<doc>Fails if the given condition is not true.</doc>
<status status="PASS" start="2024-08-08T02:35:19.985166" elapsed="0.000146"/>
</kw>
<arg>${json_data["results"][0]["location"]["coordinates"]["latitude"]} &gt;= -90 and ${json_data["results"][0]["location"]["coordinates"]["latitude"]} &lt;= 90</arg>
<arg>Should Be True</arg>
<arg>${True}</arg>
<doc>Runs the given keyword with the given arguments, if ``condition`` is true.</doc>
<status status="PASS" start="2024-08-08T02:35:19.984430" elapsed="0.001030"/>
</kw>
<kw name="Run Keyword If" owner="BuiltIn">
<kw name="Should Be True" owner="BuiltIn">
<arg>${True}</arg>
<doc>Fails if the given condition is not true.</doc>
<status status="PASS" start="2024-08-08T02:35:19.986356" elapsed="0.000156"/>
</kw>
<arg>${json_data["results"][0]["location"]["coordinates"]["longitude"]} &gt;= -180 and ${json_data["results"][0]["location"]["coordinates"]["longitude"]} &lt;= 180</arg>
<arg>Should Be True</arg>
<arg>${True}</arg>
<doc>Runs the given keyword with the given arguments, if ``condition`` is true.</doc>
<status status="PASS" start="2024-08-08T02:35:19.985652" elapsed="0.001028"/>
</kw>
<status status="PASS" start="2024-08-08T02:35:19.944460" elapsed="0.042355"/>
</kw>
<doc>Testa o conteúdo específico dos campos retornados pela API.</doc>
<tag>testeConteudo</tag>
<status status="PASS" start="2024-08-08T02:35:19.943908" elapsed="0.043056"/>
</test>
<status status="PASS" start="2024-08-08T02:35:18.301714" elapsed="1.687155"/>
</suite>
<status status="PASS" start="2024-08-08T02:35:18.286881" elapsed="1.707076"/>
</suite>
<statistics>
<total>
<stat pass="5" fail="0" skip="0">All Tests</stat>
</total>
<tag>
<stat pass="1" fail="0" skip="0">testeConteudo</stat>
<stat pass="1" fail="0" skip="0">testeEstruturaResposta</stat>
<stat pass="1" fail="0" skip="0">testeRequisicaoBasica</stat>
<stat pass="1" fail="0" skip="0">testeTiposDados</stat>
</tag>
<suite>
<stat pass="5" fail="0" skip="0" id="s1" name="Tests">Tests</stat>
<stat pass="5" fail="0" skip="0" id="s1-s1" name="Random-User-Test">Tests.Random-User-Test</stat>
</suite>
</statistics>
<errors>
</errors>
</robot>
