<?xml version="1.0" encoding="UTF-8"?>
<robot generator="Robot 7.0.1 (Python 3.12.4 on linux)" generated="2024-06-24T07:15:38.000622" rpa="false" schemaversion="5">
<suite id="s1" name="Tests" source="/home/runner/work/ApiRandomUser/ApiRandomUser/RamdonUser/tests">
<suite id="s1-s1" name="Random-User-Test" source="/home/runner/work/ApiRandomUser/ApiRandomUser/RamdonUser/tests/random-user-test.robot">
<test id="s1-s1-t1" name="Conectar" line="13">
<kw name="Conectar API" owner="random-user-service">
<kw name="Create Session" owner="RequestsLibrary">
<msg time="2024-06-24T07:15:38.404392" level="INFO">Creating Session using : alias=consultarAPI, url=https://randomuser.me/, headers={},                     cookies={}, auth=None, timeout=None, proxies=None, verify=False,                     debug=0 </msg>
<arg>consultarAPI</arg>
<arg>${URL}</arg>
<doc>Create Session: create a HTTP session to a server</doc>
<status status="PASS" start="2024-06-24T07:15:38.404190" elapsed="0.000366"/>
</kw>
<status status="PASS" start="2024-06-24T07:15:38.403263" elapsed="0.001639"/>
</kw>
<status status="PASS" start="2024-06-24T07:15:38.402742" elapsed="0.002351"/>
</test>
<test id="s1-s1-t2" name="Validar retorno 200 e JSON Válido" line="16">
<kw name="Teste de Requisicao Basica" owner="random-user-service">
<kw name="GET On Session" owner="RequestsLibrary">
<msg time="2024-06-24T07:15:38.645571" level="INFO">GET Request : url=https://randomuser.me/api 
 path_url=/api 
 headers={'User-Agent': 'python-requests/2.32.3', 'Accept-Encoding': 'gzip, deflate', 'Accept': '*/*', 'Connection': 'keep-alive'} 
 body=None 
 </msg>
<msg time="2024-06-24T07:15:38.645683" level="INFO">GET Response : url=https://randomuser.me/api 
 status=200, reason=OK 
 headers={'Date': 'Mon, 24 Jun 2024 07:15:38 GMT', 'Content-Type': 'application/json; charset=utf-8', 'Transfer-Encoding': 'chunked', 'Connection': 'keep-alive', 'X-Powered-By': 'Express', 'Access-Control-Allow-Origin': '*', 'Cache-Control': 'no-cache', 'ETag': 'W/"472-A22r9s2hvIQAIvhm3ekTwYm5vjI"', 'Vary': 'Accept-Encoding', 'Content-Encoding': 'gzip', 'CF-Cache-Status': 'DYNAMIC', 'Report-To': '{"endpoints":[{"url":"https:\\/\\/a.nel.cloudflare.com\\/report\\/v4?s=Jse%2FqmFhXWfB9s4AM7t4Mj09%2FjuC5Ich4kCXrXP%2BwK0yQEvVSSFg%2F4jA7ilmMHpl5mF6Bzmyt5F2pM64HAhXRSQRpeizuL3ct8%2F7blf76Y9PyvW0T3MeKLNQ9KNMTWvi"}],"group":"cf-nel","max_age":604800}', 'NEL': '{"success_fraction":0,"report_to":"cf-nel","max_age":604800}', 'Server': 'cloudflare', 'CF-RAY': '898aed863ca610d5-ORD', 'alt-svc': 'h3=":443"; ma=86400'} 
 body={"results":[{"gender":"male","name":{"title":"Mr","first":"Johan","last":"Christiansen"},"location":{"street":{"number":2621,"name":"Hirsevænget"},"city":"Nimtofte","state":"Syddanmark","country":"Denmark","postcode":44328,"coordinates":{"latitude":"-46.7830","longitude":"-25.4273"},"timezone":{"offset":"+4:30","description":"Kabul"}},"email":"johan.christiansen@example.com","login":{"uuid":"62a448e6-1c76-4495-bae5-8d48df61b7c5","username":"whitegoose582","password":"online","salt":"eVCyqMu7","md5":"fa2a7d336304933187e015f744777f40","sha1":"001736e3c0b8923e3ade8d28deac31de7b7de55f","sha256":"6ac55871699b99bf13243251ae4cfaf98274255fac16d63cd765a5f2f67c7d4e"},"dob":{"date":"1992-03-29T21:36:34.432Z","age":32},"registered":{"date":"2008-02-06T02:49:31.120Z","age":16},"phone":"89417473","cell":"81236353","id":{"name":"CPR","value":"290392-2940"},"picture":{"large":"https://randomuser.me/api/portraits/men/54.jpg","medium":"https://randomuser.me/api/portraits/med/men/54.jpg","thumbnail":"https://randomuser.me/api/portraits/thumb/men/54.jpg"},"nat":"DK"}],"info":{"seed":"4e3bec78d219fad3","results":1,"page":1,"version":"1.4"}} 
 </msg>
<msg time="2024-06-24T07:15:38.645760" level="INFO">/opt/hostedtoolcache/Python/3.12.4/x64/lib/python3.12/site-packages/urllib3/connectionpool.py:1099: InsecureRequestWarning: Unverified HTTPS request is being made to host 'randomuser.me'. Adding certificate verification is strongly advised. See: https://urllib3.readthedocs.io/en/latest/advanced-usage.html#tls-warnings
  warnings.warn(</msg>
<msg time="2024-06-24T07:15:38.645867" level="INFO">${response} = &lt;Response [200]&gt;</msg>
<var>${response}</var>
<arg>consultarAPI</arg>
<arg>/api</arg>
<doc>Sends a GET request on a previously created HTTP Session.</doc>
<status status="PASS" start="2024-06-24T07:15:38.407713" elapsed="0.238187"/>
</kw>
<kw name="Should Be Equal As Numbers" owner="BuiltIn">
<msg time="2024-06-24T07:15:38.646786" level="INFO">Argument types are:
&lt;class 'int'&gt;
&lt;class 'str'&gt;</msg>
<arg>${response.status_code}</arg>
<arg>200</arg>
<doc>Fails if objects are unequal after converting them to real numbers.</doc>
<status status="PASS" start="2024-06-24T07:15:38.646339" elapsed="0.000516"/>
</kw>
<kw name="Log" owner="BuiltIn">
<msg time="2024-06-24T07:15:38.647533" level="INFO">200</msg>
<arg>${response.status_code}</arg>
<doc>Logs the given message with the given level.</doc>
<status status="PASS" start="2024-06-24T07:15:38.647175" elapsed="0.000401"/>
</kw>
<kw name="Set Variable" owner="BuiltIn">
<msg time="2024-06-24T07:15:38.648318" level="INFO">${json_data} = {'results': [{'gender': 'male', 'name': {'title': 'Mr', 'first': 'Johan', 'last': 'Christiansen'}, 'location': {'street': {'number': 2621, 'name': 'Hirsevænget'}, 'city': 'Nimtofte', 'state': 'Syddanm...</msg>
<var>${json_data}</var>
<arg>${response.json()}</arg>
<doc>Returns the given values which can then be assigned to a variables.</doc>
<status status="PASS" start="2024-06-24T07:15:38.647875" elapsed="0.000472"/>
</kw>
<kw name="Dictionary Should Contain Key" owner="Collections">
<arg>${json_data}</arg>
<arg>results</arg>
<doc>Fails if ``key`` is not found from ``dictionary``.</doc>
<status status="PASS" start="2024-06-24T07:15:38.648643" elapsed="0.000162"/>
</kw>
<status status="PASS" start="2024-06-24T07:15:38.407474" elapsed="0.241472"/>
</kw>
<doc>Testa se a API responde corretamente e retorna um objeto JSON válido.</doc>
<tag>testeRequisicaoBasica</tag>
<status status="PASS" start="2024-06-24T07:15:38.407016" elapsed="0.242088"/>
</test>
<test id="s1-s1-t3" name="Validar estrutura de resposta" line="22">
<kw name="Teste de Estrutura de Resposta" owner="random-user-service">
<kw name="GET On Session" owner="RequestsLibrary">
<msg time="2024-06-24T07:15:38.742754" level="INFO">GET Request : url=https://randomuser.me/api 
 path_url=/api 
 headers={'User-Agent': 'python-requests/2.32.3', 'Accept-Encoding': 'gzip, deflate', 'Accept': '*/*', 'Connection': 'keep-alive'} 
 body=None 
 </msg>
<msg time="2024-06-24T07:15:38.742822" level="INFO">GET Response : url=https://randomuser.me/api 
 status=200, reason=OK 
 headers={'Date': 'Mon, 24 Jun 2024 07:15:38 GMT', 'Content-Type': 'application/json; charset=utf-8', 'Transfer-Encoding': 'chunked', 'Connection': 'keep-alive', 'X-Powered-By': 'Express', 'Access-Control-Allow-Origin': '*', 'Cache-Control': 'no-cache', 'ETag': 'W/"488-su0o7aVJV5DT5sud1Hk4dgSoiUI"', 'Vary': 'Accept-Encoding', 'Content-Encoding': 'gzip', 'CF-Cache-Status': 'DYNAMIC', 'Report-To': '{"endpoints":[{"url":"https:\\/\\/a.nel.cloudflare.com\\/report\\/v4?s=1RPGHM1w7SphyzcbvyJX%2BHgjnl2LVvWTRWgWdo1aR63llznQDJ73w0eDzsZWMIB1IuIHTQraDRPFoytAD9scJl0PJbdGlIVyzdr91EKvWI6bj6d%2FweI3xznqQCs3YQle"}],"group":"cf-nel","max_age":604800}', 'NEL': '{"success_fraction":0,"report_to":"cf-nel","max_age":604800}', 'Server': 'cloudflare', 'CF-RAY': '898aed869d0c10d5-ORD', 'alt-svc': 'h3=":443"; ma=86400'} 
 body={"results":[{"gender":"male","name":{"title":"Mr","first":"Matviy","last":"Olesnickiy"},"location":{"street":{"number":9917,"name":"Olzhicha"},"city":"Lanivci","state":"Chernivecka","country":"Ukraine","postcode":95508,"coordinates":{"latitude":"76.3135","longitude":"-136.4870"},"timezone":{"offset":"+1:00","description":"Brussels, Copenhagen, Madrid, Paris"}},"email":"matviy.olesnickiy@example.com","login":{"uuid":"897fa7ff-eff2-4e81-a702-7d7238450b3f","username":"angrydog503","password":"impala","salt":"498i3Ie4","md5":"767f07c1afa4128622029489c5316800","sha1":"4bfcc122b6a88be7f0cae58ad3a4f602613c353e","sha256":"138bfdbbfb5c93a3891bad7d68c1513cf2cb76b744684c31eeeed53a78bca9ec"},"dob":{"date":"1993-09-04T00:56:39.261Z","age":30},"registered":{"date":"2012-04-10T01:19:20.403Z","age":12},"phone":"(067) N23-0729","cell":"(068) J61-2468","id":{"name":"","value":null},"picture":{"large":"https://randomuser.me/api/portraits/men/17.jpg","medium":"https://randomuser.me/api/portraits/med/men/17.jpg","thumbnail":"https://randomuser.me/api/portraits/thumb/men/17.jpg"},"nat":"UA"}],"info":{"seed":"e1b207196c6cbcc7","results":1,"page":1,"version":"1.4"}} 
 </msg>
<msg time="2024-06-24T07:15:38.742920" level="INFO">/opt/hostedtoolcache/Python/3.12.4/x64/lib/python3.12/site-packages/urllib3/connectionpool.py:1099: InsecureRequestWarning: Unverified HTTPS request is being made to host 'randomuser.me'. Adding certificate verification is strongly advised. See: https://urllib3.readthedocs.io/en/latest/advanced-usage.html#tls-warnings
  warnings.warn(</msg>
<msg time="2024-06-24T07:15:38.743011" level="INFO">${response} = &lt;Response [200]&gt;</msg>
<var>${response}</var>
<arg>consultarAPI</arg>
<arg>/api</arg>
<doc>Sends a GET request on a previously created HTTP Session.</doc>
<status status="PASS" start="2024-06-24T07:15:38.651635" elapsed="0.091401"/>
</kw>
<kw name="Set Variable" owner="BuiltIn">
<msg time="2024-06-24T07:15:38.743872" level="INFO">${json_data} = {'results': [{'gender': 'male', 'name': {'title': 'Mr', 'first': 'Matviy', 'last': 'Olesnickiy'}, 'location': {'street': {'number': 9917, 'name': 'Olzhicha'}, 'city': 'Lanivci', 'state': 'Chernivecka'...</msg>
<var>${json_data}</var>
<arg>${response.json()}</arg>
<doc>Returns the given values which can then be assigned to a variables.</doc>
<status status="PASS" start="2024-06-24T07:15:38.743418" elapsed="0.000484"/>
</kw>
<kw name="Log" owner="BuiltIn">
<msg time="2024-06-24T07:15:38.744359" level="INFO">{'results': [{'gender': 'male', 'name': {'title': 'Mr', 'first': 'Matviy', 'last': 'Olesnickiy'}, 'location': {'street': {'number': 9917, 'name': 'Olzhicha'}, 'city': 'Lanivci', 'state': 'Chernivecka', 'country': 'Ukraine', 'postcode': 95508, 'coordinates': {'latitude': '76.3135', 'longitude': '-136.4870'}, 'timezone': {'offset': '+1:00', 'description': 'Brussels, Copenhagen, Madrid, Paris'}}, 'email': 'matviy.olesnickiy@example.com', 'login': {'uuid': '897fa7ff-eff2-4e81-a702-7d7238450b3f', 'username': 'angrydog503', 'password': 'impala', 'salt': '498i3Ie4', 'md5': '767f07c1afa4128622029489c5316800', 'sha1': '4bfcc122b6a88be7f0cae58ad3a4f602613c353e', 'sha256': '138bfdbbfb5c93a3891bad7d68c1513cf2cb76b744684c31eeeed53a78bca9ec'}, 'dob': {'date': '1993-09-04T00:56:39.261Z', 'age': 30}, 'registered': {'date': '2012-04-10T01:19:20.403Z', 'age': 12}, 'phone': '(067) N23-0729', 'cell': '(068) J61-2468', 'id': {'name': '', 'value': None}, 'picture': {'large': 'https://randomuser.me/api/portraits/men/17.jpg', 'medium': 'https://randomuser.me/api/portraits/med/men/17.jpg', 'thumbnail': 'https://randomuser.me/api/portraits/thumb/men/17.jpg'}, 'nat': 'UA'}], 'info': {'seed': 'e1b207196c6cbcc7', 'results': 1, 'page': 1, 'version': '1.4'}}</msg>
<arg>${json_data}</arg>
<doc>Logs the given message with the given level.</doc>
<status status="PASS" start="2024-06-24T07:15:38.744204" elapsed="0.000201"/>
</kw>
<kw name="Dictionary Should Contain Key" owner="Collections">
<arg>${json_data}</arg>
<arg>results</arg>
<doc>Fails if ``key`` is not found from ``dictionary``.</doc>
<status status="PASS" start="2024-06-24T07:15:38.744693" elapsed="0.000153"/>
</kw>
<kw name="Should Not Be Empty" owner="BuiltIn">
<msg time="2024-06-24T07:15:38.745140" level="INFO">Length is 2.</msg>
<arg>${json_data}</arg>
<doc>Verifies that the given item is not empty.</doc>
<status status="PASS" start="2024-06-24T07:15:38.745020" elapsed="0.000157"/>
</kw>
<kw name="Create List" owner="BuiltIn">
<msg time="2024-06-24T07:15:38.745728" level="INFO">${expected_keys} = ['gender', 'name', 'location', 'email', 'login']</msg>
<var>${expected_keys}</var>
<arg>gender</arg>
<arg>name</arg>
<arg>location</arg>
<arg>email</arg>
<arg>login</arg>
<doc>Returns a list containing given items.</doc>
<status status="PASS" start="2024-06-24T07:15:38.745459" elapsed="0.000294"/>
</kw>
<for flavor="IN">
<iter>
<kw name="Dictionary Should Contain Key" owner="Collections">
<arg>${json_data['results'][0]}</arg>
<arg>${key}</arg>
<doc>Fails if ``key`` is not found from ``dictionary``.</doc>
<status status="PASS" start="2024-06-24T07:15:38.746323" elapsed="0.000451"/>
</kw>
<kw name="Log" owner="BuiltIn">
<msg time="2024-06-24T07:15:38.747318" level="INFO">{'gender': 'male', 'name': {'title': 'Mr', 'first': 'Matviy', 'last': 'Olesnickiy'}, 'location': {'street': {'number': 9917, 'name': 'Olzhicha'}, 'city': 'Lanivci', 'state': 'Chernivecka', 'country': 'Ukraine', 'postcode': 95508, 'coordinates': {'latitude': '76.3135', 'longitude': '-136.4870'}, 'timezone': {'offset': '+1:00', 'description': 'Brussels, Copenhagen, Madrid, Paris'}}, 'email': 'matviy.olesnickiy@example.com', 'login': {'uuid': '897fa7ff-eff2-4e81-a702-7d7238450b3f', 'username': 'angrydog503', 'password': 'impala', 'salt': '498i3Ie4', 'md5': '767f07c1afa4128622029489c5316800', 'sha1': '4bfcc122b6a88be7f0cae58ad3a4f602613c353e', 'sha256': '138bfdbbfb5c93a3891bad7d68c1513cf2cb76b744684c31eeeed53a78bca9ec'}, 'dob': {'date': '1993-09-04T00:56:39.261Z', 'age': 30}, 'registered': {'date': '2012-04-10T01:19:20.403Z', 'age': 12}, 'phone': '(067) N23-0729', 'cell': '(068) J61-2468', 'id': {'name': '', 'value': None}, 'picture': {'large': 'https://randomuser.me/api/portraits/men/17.jpg', 'medium': 'https://randomuser.me/api/portraits/med/men/17.jpg', 'thumbnail': 'https://randomuser.me/api/portraits/thumb/men/17.jpg'}, 'nat': 'UA'}</msg>
<arg>${json_data['results'][0]}</arg>
<doc>Logs the given message with the given level.</doc>
<status status="PASS" start="2024-06-24T07:15:38.746962" elapsed="0.000403"/>
</kw>
<kw name="Log" owner="BuiltIn">
<msg time="2024-06-24T07:15:38.747789" level="INFO">gender</msg>
<arg>${key}</arg>
<doc>Logs the given message with the given level.</doc>
<status status="PASS" start="2024-06-24T07:15:38.747660" elapsed="0.000167"/>
</kw>
<var name="${key}">gender</var>
<status status="PASS" start="2024-06-24T07:15:38.746203" elapsed="0.001838"/>
</iter>
<iter>
<kw name="Dictionary Should Contain Key" owner="Collections">
<arg>${json_data['results'][0]}</arg>
<arg>${key}</arg>
<doc>Fails if ``key`` is not found from ``dictionary``.</doc>
<status status="PASS" start="2024-06-24T07:15:38.748328" elapsed="0.000380"/>
</kw>
<kw name="Log" owner="BuiltIn">
<msg time="2024-06-24T07:15:38.749235" level="INFO">{'gender': 'male', 'name': {'title': 'Mr', 'first': 'Matviy', 'last': 'Olesnickiy'}, 'location': {'street': {'number': 9917, 'name': 'Olzhicha'}, 'city': 'Lanivci', 'state': 'Chernivecka', 'country': 'Ukraine', 'postcode': 95508, 'coordinates': {'latitude': '76.3135', 'longitude': '-136.4870'}, 'timezone': {'offset': '+1:00', 'description': 'Brussels, Copenhagen, Madrid, Paris'}}, 'email': 'matviy.olesnickiy@example.com', 'login': {'uuid': '897fa7ff-eff2-4e81-a702-7d7238450b3f', 'username': 'angrydog503', 'password': 'impala', 'salt': '498i3Ie4', 'md5': '767f07c1afa4128622029489c5316800', 'sha1': '4bfcc122b6a88be7f0cae58ad3a4f602613c353e', 'sha256': '138bfdbbfb5c93a3891bad7d68c1513cf2cb76b744684c31eeeed53a78bca9ec'}, 'dob': {'date': '1993-09-04T00:56:39.261Z', 'age': 30}, 'registered': {'date': '2012-04-10T01:19:20.403Z', 'age': 12}, 'phone': '(067) N23-0729', 'cell': '(068) J61-2468', 'id': {'name': '', 'value': None}, 'picture': {'large': 'https://randomuser.me/api/portraits/men/17.jpg', 'medium': 'https://randomuser.me/api/portraits/med/men/17.jpg', 'thumbnail': 'https://randomuser.me/api/portraits/thumb/men/17.jpg'}, 'nat': 'UA'}</msg>
<arg>${json_data['results'][0]}</arg>
<doc>Logs the given message with the given level.</doc>
<status status="PASS" start="2024-06-24T07:15:38.748890" elapsed="0.000426"/>
</kw>
<kw name="Log" owner="BuiltIn">
<msg time="2024-06-24T07:15:38.749736" level="INFO">name</msg>
<arg>${key}</arg>
<doc>Logs the given message with the given level.</doc>
<status status="PASS" start="2024-06-24T07:15:38.749610" elapsed="0.000163"/>
</kw>
<var name="${key}">name</var>
<status status="PASS" start="2024-06-24T07:15:38.748220" elapsed="0.001787"/>
</iter>
<iter>
<kw name="Dictionary Should Contain Key" owner="Collections">
<arg>${json_data['results'][0]}</arg>
<arg>${key}</arg>
<doc>Fails if ``key`` is not found from ``dictionary``.</doc>
<status status="PASS" start="2024-06-24T07:15:38.750293" elapsed="0.000411"/>
</kw>
<kw name="Log" owner="BuiltIn">
<msg time="2024-06-24T07:15:38.751234" level="INFO">{'gender': 'male', 'name': {'title': 'Mr', 'first': 'Matviy', 'last': 'Olesnickiy'}, 'location': {'street': {'number': 9917, 'name': 'Olzhicha'}, 'city': 'Lanivci', 'state': 'Chernivecka', 'country': 'Ukraine', 'postcode': 95508, 'coordinates': {'latitude': '76.3135', 'longitude': '-136.4870'}, 'timezone': {'offset': '+1:00', 'description': 'Brussels, Copenhagen, Madrid, Paris'}}, 'email': 'matviy.olesnickiy@example.com', 'login': {'uuid': '897fa7ff-eff2-4e81-a702-7d7238450b3f', 'username': 'angrydog503', 'password': 'impala', 'salt': '498i3Ie4', 'md5': '767f07c1afa4128622029489c5316800', 'sha1': '4bfcc122b6a88be7f0cae58ad3a4f602613c353e', 'sha256': '138bfdbbfb5c93a3891bad7d68c1513cf2cb76b744684c31eeeed53a78bca9ec'}, 'dob': {'date': '1993-09-04T00:56:39.261Z', 'age': 30}, 'registered': {'date': '2012-04-10T01:19:20.403Z', 'age': 12}, 'phone': '(067) N23-0729', 'cell': '(068) J61-2468', 'id': {'name': '', 'value': None}, 'picture': {'large': 'https://randomuser.me/api/portraits/men/17.jpg', 'medium': 'https://randomuser.me/api/portraits/med/men/17.jpg', 'thumbnail': 'https://randomuser.me/api/portraits/thumb/men/17.jpg'}, 'nat': 'UA'}</msg>
<arg>${json_data['results'][0]}</arg>
<doc>Logs the given message with the given level.</doc>
<status status="PASS" start="2024-06-24T07:15:38.750884" elapsed="0.000398"/>
</kw>
<kw name="Log" owner="BuiltIn">
<msg time="2024-06-24T07:15:38.751696" level="INFO">location</msg>
<arg>${key}</arg>
<doc>Logs the given message with the given level.</doc>
<status status="PASS" start="2024-06-24T07:15:38.751570" elapsed="0.000162"/>
</kw>
<var name="${key}">location</var>
<status status="PASS" start="2024-06-24T07:15:38.750185" elapsed="0.001757"/>
</iter>
<iter>
<kw name="Dictionary Should Contain Key" owner="Collections">
<arg>${json_data['results'][0]}</arg>
<arg>${key}</arg>
<doc>Fails if ``key`` is not found from ``dictionary``.</doc>
<status status="PASS" start="2024-06-24T07:15:38.752212" elapsed="0.000374"/>
</kw>
<kw name="Log" owner="BuiltIn">
<msg time="2024-06-24T07:15:38.753116" level="INFO">{'gender': 'male', 'name': {'title': 'Mr', 'first': 'Matviy', 'last': 'Olesnickiy'}, 'location': {'street': {'number': 9917, 'name': 'Olzhicha'}, 'city': 'Lanivci', 'state': 'Chernivecka', 'country': 'Ukraine', 'postcode': 95508, 'coordinates': {'latitude': '76.3135', 'longitude': '-136.4870'}, 'timezone': {'offset': '+1:00', 'description': 'Brussels, Copenhagen, Madrid, Paris'}}, 'email': 'matviy.olesnickiy@example.com', 'login': {'uuid': '897fa7ff-eff2-4e81-a702-7d7238450b3f', 'username': 'angrydog503', 'password': 'impala', 'salt': '498i3Ie4', 'md5': '767f07c1afa4128622029489c5316800', 'sha1': '4bfcc122b6a88be7f0cae58ad3a4f602613c353e', 'sha256': '138bfdbbfb5c93a3891bad7d68c1513cf2cb76b744684c31eeeed53a78bca9ec'}, 'dob': {'date': '1993-09-04T00:56:39.261Z', 'age': 30}, 'registered': {'date': '2012-04-10T01:19:20.403Z', 'age': 12}, 'phone': '(067) N23-0729', 'cell': '(068) J61-2468', 'id': {'name': '', 'value': None}, 'picture': {'large': 'https://randomuser.me/api/portraits/men/17.jpg', 'medium': 'https://randomuser.me/api/portraits/med/men/17.jpg', 'thumbnail': 'https://randomuser.me/api/portraits/thumb/men/17.jpg'}, 'nat': 'UA'}</msg>
<arg>${json_data['results'][0]}</arg>
<doc>Logs the given message with the given level.</doc>
<status status="PASS" start="2024-06-24T07:15:38.752768" elapsed="0.000400"/>
</kw>
<kw name="Log" owner="BuiltIn">
<msg time="2024-06-24T07:15:38.753581" level="INFO">email</msg>
<arg>${key}</arg>
<doc>Logs the given message with the given level.</doc>
<status status="PASS" start="2024-06-24T07:15:38.753457" elapsed="0.000161"/>
</kw>
<var name="${key}">email</var>
<status status="PASS" start="2024-06-24T07:15:38.752108" elapsed="0.001720"/>
</iter>
<iter>
<kw name="Dictionary Should Contain Key" owner="Collections">
<arg>${json_data['results'][0]}</arg>
<arg>${key}</arg>
<doc>Fails if ``key`` is not found from ``dictionary``.</doc>
<status status="PASS" start="2024-06-24T07:15:38.754158" elapsed="0.000489"/>
</kw>
<kw name="Log" owner="BuiltIn">
<msg time="2024-06-24T07:15:38.755266" level="INFO">{'gender': 'male', 'name': {'title': 'Mr', 'first': 'Matviy', 'last': 'Olesnickiy'}, 'location': {'street': {'number': 9917, 'name': 'Olzhicha'}, 'city': 'Lanivci', 'state': 'Chernivecka', 'country': 'Ukraine', 'postcode': 95508, 'coordinates': {'latitude': '76.3135', 'longitude': '-136.4870'}, 'timezone': {'offset': '+1:00', 'description': 'Brussels, Copenhagen, Madrid, Paris'}}, 'email': 'matviy.olesnickiy@example.com', 'login': {'uuid': '897fa7ff-eff2-4e81-a702-7d7238450b3f', 'username': 'angrydog503', 'password': 'impala', 'salt': '498i3Ie4', 'md5': '767f07c1afa4128622029489c5316800', 'sha1': '4bfcc122b6a88be7f0cae58ad3a4f602613c353e', 'sha256': '138bfdbbfb5c93a3891bad7d68c1513cf2cb76b744684c31eeeed53a78bca9ec'}, 'dob': {'date': '1993-09-04T00:56:39.261Z', 'age': 30}, 'registered': {'date': '2012-04-10T01:19:20.403Z', 'age': 12}, 'phone': '(067) N23-0729', 'cell': '(068) J61-2468', 'id': {'name': '', 'value': None}, 'picture': {'large': 'https://randomuser.me/api/portraits/men/17.jpg', 'medium': 'https://randomuser.me/api/portraits/med/men/17.jpg', 'thumbnail': 'https://randomuser.me/api/portraits/thumb/men/17.jpg'}, 'nat': 'UA'}</msg>
<arg>${json_data['results'][0]}</arg>
<doc>Logs the given message with the given level.</doc>
<status status="PASS" start="2024-06-24T07:15:38.754867" elapsed="0.000446"/>
</kw>
<kw name="Log" owner="BuiltIn">
<msg time="2024-06-24T07:15:38.755738" level="INFO">login</msg>
<arg>${key}</arg>
<doc>Logs the given message with the given level.</doc>
<status status="PASS" start="2024-06-24T07:15:38.755610" elapsed="0.000165"/>
</kw>
<var name="${key}">login</var>
<status status="PASS" start="2024-06-24T07:15:38.754028" elapsed="0.001960"/>
</iter>
<var>${key}</var>
<value>@{expected_keys}</value>
<status status="PASS" start="2024-06-24T07:15:38.746010" elapsed="0.010102"/>
</for>
<kw name="Create List" owner="BuiltIn">
<msg time="2024-06-24T07:15:38.756427" level="INFO">${expected_keysTwo} = ['username', 'password']</msg>
<var>${expected_keysTwo}</var>
<arg>username</arg>
<arg>password</arg>
<doc>Returns a list containing given items.</doc>
<status status="PASS" start="2024-06-24T07:15:38.756294" elapsed="0.000157"/>
</kw>
<for flavor="IN">
<iter>
<kw name="Dictionary Should Contain Key" owner="Collections">
<arg>${json_data['results'][0]['login']}</arg>
<arg>${keyTwo}</arg>
<doc>Fails if ``key`` is not found from ``dictionary``.</doc>
<status status="PASS" start="2024-06-24T07:15:38.756966" elapsed="0.000394"/>
</kw>
<kw name="Dictionary Should Contain Key" owner="Collections">
<arg>${json_data['results'][0]['login']}</arg>
<arg>${keyTwo}</arg>
<doc>Fails if ``key`` is not found from ``dictionary``.</doc>
<status status="PASS" start="2024-06-24T07:15:38.757543" elapsed="0.000365"/>
</kw>
<kw name="Log" owner="BuiltIn">
<msg time="2024-06-24T07:15:38.758200" level="INFO">username</msg>
<arg>${keyTwo}</arg>
<doc>Logs the given message with the given level.</doc>
<status status="PASS" start="2024-06-24T07:15:38.758081" elapsed="0.000156"/>
</kw>
<var name="${keyTwo}">username</var>
<status status="PASS" start="2024-06-24T07:15:38.756862" elapsed="0.001593"/>
</iter>
<iter>
<kw name="Dictionary Should Contain Key" owner="Collections">
<arg>${json_data['results'][0]['login']}</arg>
<arg>${keyTwo}</arg>
<doc>Fails if ``key`` is not found from ``dictionary``.</doc>
<status status="PASS" start="2024-06-24T07:15:38.758760" elapsed="0.000378"/>
</kw>
<kw name="Dictionary Should Contain Key" owner="Collections">
<arg>${json_data['results'][0]['login']}</arg>
<arg>${keyTwo}</arg>
<doc>Fails if ``key`` is not found from ``dictionary``.</doc>
<status status="PASS" start="2024-06-24T07:15:38.759312" elapsed="0.000375"/>
</kw>
<kw name="Log" owner="BuiltIn">
<msg time="2024-06-24T07:15:38.759975" level="INFO">password</msg>
<arg>${keyTwo}</arg>
<doc>Logs the given message with the given level.</doc>
<status status="PASS" start="2024-06-24T07:15:38.759859" elapsed="0.000151"/>
</kw>
<var name="${keyTwo}">password</var>
<status status="PASS" start="2024-06-24T07:15:38.758655" elapsed="0.001662"/>
</iter>
<var>${keyTwo}</var>
<value>@{expected_keysTwo}</value>
<status status="PASS" start="2024-06-24T07:15:38.756713" elapsed="0.003725"/>
</for>
<status status="PASS" start="2024-06-24T07:15:38.651403" elapsed="0.109170"/>
</kw>
<doc>Testa a estrutura da resposta da API.</doc>
<tag>testeEstruturaResposta</tag>
<status status="PASS" start="2024-06-24T07:15:38.650921" elapsed="0.109794"/>
</test>
<test id="s1-s1-t4" name="Validar tipos de dados" line="28">
<kw name="Teste de Tipos de Dados" owner="random-user-service">
<kw name="GET On Session" owner="RequestsLibrary">
<msg time="2024-06-24T07:15:38.857011" level="INFO">GET Request : url=https://randomuser.me/api 
 path_url=/api 
 headers={'User-Agent': 'python-requests/2.32.3', 'Accept-Encoding': 'gzip, deflate', 'Accept': '*/*', 'Connection': 'keep-alive'} 
 body=None 
 </msg>
<msg time="2024-06-24T07:15:38.857074" level="INFO">GET Response : url=https://randomuser.me/api 
 status=200, reason=OK 
 headers={'Date': 'Mon, 24 Jun 2024 07:15:38 GMT', 'Content-Type': 'application/json; charset=utf-8', 'Transfer-Encoding': 'chunked', 'Connection': 'keep-alive', 'X-Powered-By': 'Express', 'Access-Control-Allow-Origin': '*', 'Cache-Control': 'no-cache', 'ETag': 'W/"47c-FSIvqFVW8Y2mbt6ueMfn0EHPHNk"', 'Vary': 'Accept-Encoding', 'Content-Encoding': 'gzip', 'CF-Cache-Status': 'DYNAMIC', 'Report-To': '{"endpoints":[{"url":"https:\\/\\/a.nel.cloudflare.com\\/report\\/v4?s=n9KlDvsKgIrRFOPxpV0C1Ij8K7UPiaL4oox3lw2B7VCdKrQubbiqvsWGE7OHo%2BqphYAWwZktsDcmHkYK%2B9nZvtRjPomuU0xkBGphMVvY1OdB6mvWX9PZyX87stU3oBJ3"}],"group":"cf-nel","max_age":604800}', 'NEL': '{"success_fraction":0,"report_to":"cf-nel","max_age":604800}', 'Server': 'cloudflare', 'CF-RAY': '898aed874d8c10d5-ORD', 'alt-svc': 'h3=":443"; ma=86400'} 
 body={"results":[{"gender":"female","name":{"title":"Ms","first":"نیایش","last":"جعفری"},"location":{"street":{"number":4775,"name":"شهید بهشتی"},"city":"زنجان","state":"همدان","country":"Iran","postcode":14479,"coordinates":{"latitude":"20.5376","longitude":"73.6971"},"timezone":{"offset":"-10:00","description":"Hawaii"}},"email":"nyysh.jaafry@example.com","login":{"uuid":"c0f1767b-02f1-4696-9730-ae768e60a1c9","username":"angryostrich900","password":"ccbill","salt":"h8hAMBwC","md5":"ef5c070eb6b2f092bee4783cdb4ca464","sha1":"f920e62b535aa837bc69fa3788ec8a76435df22f","sha256":"7bb31ab20c8903ebadeab2261097cf6b995f926754402c6fb2b147e578b41934"},"dob":{"date":"1970-07-18T07:31:48.364Z","age":53},"registered":{"date":"2010-12-26T17:23:15.214Z","age":13},"phone":"084-06085976","cell":"0996-144-4509","id":{"name":"","value":null},"picture":{"large":"https://randomuser.me/api/portraits/women/52.jpg","medium":"https://randomuser.me/api/portraits/med/women/52.jpg","thumbnail":"https://randomuser.me/api/portraits/thumb/women/52.jpg"},"nat":"IR"}],"info":{"seed":"95f7ad97c4c54417","results":1,"page":1,"version":"1.4"}} 
 </msg>
<msg time="2024-06-24T07:15:38.857140" level="INFO">/opt/hostedtoolcache/Python/3.12.4/x64/lib/python3.12/site-packages/urllib3/connectionpool.py:1099: InsecureRequestWarning: Unverified HTTPS request is being made to host 'randomuser.me'. Adding certificate verification is strongly advised. See: https://urllib3.readthedocs.io/en/latest/advanced-usage.html#tls-warnings
  warnings.warn(</msg>
<msg time="2024-06-24T07:15:38.857224" level="INFO">${response} = &lt;Response [200]&gt;</msg>
<var>${response}</var>
<arg>consultarAPI</arg>
<arg>/api</arg>
<doc>Sends a GET request on a previously created HTTP Session.</doc>
<status status="PASS" start="2024-06-24T07:15:38.763119" elapsed="0.094129"/>
</kw>
<kw name="Set Variable" owner="BuiltIn">
<msg time="2024-06-24T07:15:38.858092" level="INFO">${json_data} = {'results': [{'gender': 'female', 'name': {'title': 'Ms', 'first': 'نیایش', 'last': 'جعفری'}, 'location': {'street': {'number': 4775, 'name': 'شهید بهشتی'}, 'city': 'زنجان', 'state': 'همدان', 'country...</msg>
<var>${json_data}</var>
<arg>${response.json()}</arg>
<doc>Returns the given values which can then be assigned to a variables.</doc>
<status status="PASS" start="2024-06-24T07:15:38.857634" elapsed="0.000487"/>
</kw>
<kw name="Log" owner="BuiltIn">
<msg time="2024-06-24T07:15:38.858610" level="INFO">{'results': [{'gender': 'female', 'name': {'title': 'Ms', 'first': 'نیایش', 'last': 'جعفری'}, 'location': {'street': {'number': 4775, 'name': 'شهید بهشتی'}, 'city': 'زنجان', 'state': 'همدان', 'country': 'Iran', 'postcode': 14479, 'coordinates': {'latitude': '20.5376', 'longitude': '73.6971'}, 'timezone': {'offset': '-10:00', 'description': 'Hawaii'}}, 'email': 'nyysh.jaafry@example.com', 'login': {'uuid': 'c0f1767b-02f1-4696-9730-ae768e60a1c9', 'username': 'angryostrich900', 'password': 'ccbill', 'salt': 'h8hAMBwC', 'md5': 'ef5c070eb6b2f092bee4783cdb4ca464', 'sha1': 'f920e62b535aa837bc69fa3788ec8a76435df22f', 'sha256': '7bb31ab20c8903ebadeab2261097cf6b995f926754402c6fb2b147e578b41934'}, 'dob': {'date': '1970-07-18T07:31:48.364Z', 'age': 53}, 'registered': {'date': '2010-12-26T17:23:15.214Z', 'age': 13}, 'phone': '084-06085976', 'cell': '0996-144-4509', 'id': {'name': '', 'value': None}, 'picture': {'large': 'https://randomuser.me/api/portraits/women/52.jpg', 'medium': 'https://randomuser.me/api/portraits/med/women/52.jpg', 'thumbnail': 'https://randomuser.me/api/portraits/thumb/women/52.jpg'}, 'nat': 'IR'}], 'info': {'seed': '95f7ad97c4c54417', 'results': 1, 'page': 1, 'version': '1.4'}}</msg>
<arg>${json_data}</arg>
<doc>Logs the given message with the given level.</doc>
<status status="PASS" start="2024-06-24T07:15:38.858420" elapsed="0.000243"/>
</kw>
<kw name="Should Be String" owner="String">
<arg>${json_data['results'][0]['gender']}</arg>
<doc>Fails if the given ``item`` is not a string.</doc>
<status status="PASS" start="2024-06-24T07:15:38.858952" elapsed="0.000366"/>
</kw>
<kw name="Should Match Regexp" owner="BuiltIn">
<arg>${json_data['results'][0]['email']}</arg>
<arg>^[a-zA-Z0-9._%+-]+@[a-zA-Z0-9.-]+\.[a-zA-Z]{2,}$</arg>
<doc>Fails if ``string`` does not match ``pattern`` as a regular expression.</doc>
<status status="PASS" start="2024-06-24T07:15:38.859519" elapsed="0.000509"/>
</kw>
<kw name="Should Match Regexp" owner="BuiltIn">
<arg>${json_data['results'][0]['dob']['date']}</arg>
<arg>\\d{4}-\\d{2}-\\d{2}T\\d{2}:\\d{2}:\\d{2}\\.\\d{3}Z</arg>
<doc>Fails if ``string`` does not match ``pattern`` as a regular expression.</doc>
<status status="PASS" start="2024-06-24T07:15:38.860252" elapsed="0.000480"/>
</kw>
<kw name="Should Match Regexp" owner="BuiltIn">
<arg>${json_data['results'][0]['registered']['date']}</arg>
<arg>\\d{4}-\\d{2}-\\d{2}T\\d{2}:\\d{2}:\\d{2}\\.\\d{3}Z</arg>
<doc>Fails if ``string`` does not match ``pattern`` as a regular expression.</doc>
<status status="PASS" start="2024-06-24T07:15:38.860921" elapsed="0.000365"/>
</kw>
<kw name="Should Match Regexp" owner="BuiltIn">
<arg>${json_data['results'][0]['picture']['large']}</arg>
<arg>^https?://.*\.(?:png|jpe?g|gif|bmp)$</arg>
<doc>Fails if ``string`` does not match ``pattern`` as a regular expression.</doc>
<status status="PASS" start="2024-06-24T07:15:38.861468" elapsed="0.000460"/>
</kw>
<kw name="Should Match Regexp" owner="BuiltIn">
<arg>${json_data['results'][0]['picture']['medium']}</arg>
<arg>^https?://.*\.(?:png|jpe?g|gif|bmp)$</arg>
<doc>Fails if ``string`` does not match ``pattern`` as a regular expression.</doc>
<status status="PASS" start="2024-06-24T07:15:38.862111" elapsed="0.000349"/>
</kw>
<kw name="Should Match Regexp" owner="BuiltIn">
<arg>${json_data['results'][0]['picture']['thumbnail']}</arg>
<arg>^https?://.*\.(?:png|jpe?g|gif|bmp)$</arg>
<doc>Fails if ``string`` does not match ``pattern`` as a regular expression.</doc>
<status status="PASS" start="2024-06-24T07:15:38.862680" elapsed="0.000350"/>
</kw>
<kw name="Log" owner="BuiltIn">
<msg time="2024-06-24T07:15:38.863531" level="INFO">{'large': 'https://randomuser.me/api/portraits/women/52.jpg', 'medium': 'https://randomuser.me/api/portraits/med/women/52.jpg', 'thumbnail': 'https://randomuser.me/api/portraits/thumb/women/52.jpg'}</msg>
<arg>${json_data['results'][0]['picture']}</arg>
<doc>Logs the given message with the given level.</doc>
<status status="PASS" start="2024-06-24T07:15:38.863208" elapsed="0.000367"/>
</kw>
<status status="PASS" start="2024-06-24T07:15:38.762904" elapsed="0.100922"/>
</kw>
<kw name="Teste de Tipos de Dados - Postcode" owner="random-user-service">
<kw name="GET On Session" owner="RequestsLibrary">
<msg time="2024-06-24T07:15:38.940795" level="INFO">GET Request : url=https://randomuser.me/api 
 path_url=/api 
 headers={'User-Agent': 'python-requests/2.32.3', 'Accept-Encoding': 'gzip, deflate', 'Accept': '*/*', 'Connection': 'keep-alive'} 
 body=None 
 </msg>
<msg time="2024-06-24T07:15:38.940876" level="INFO">GET Response : url=https://randomuser.me/api 
 status=200, reason=OK 
 headers={'Date': 'Mon, 24 Jun 2024 07:15:38 GMT', 'Content-Type': 'application/json; charset=utf-8', 'Transfer-Encoding': 'chunked', 'Connection': 'keep-alive', 'X-Powered-By': 'Express', 'Access-Control-Allow-Origin': '*', 'Cache-Control': 'no-cache', 'ETag': 'W/"499-J7vXadenDqOx4x1dHtvTIt8kTxg"', 'Vary': 'Accept-Encoding', 'Content-Encoding': 'gzip', 'CF-Cache-Status': 'DYNAMIC', 'Report-To': '{"endpoints":[{"url":"https:\\/\\/a.nel.cloudflare.com\\/report\\/v4?s=7Gyl6E%2BnqWCZyT5TSue1U67oRcKny0C9qAJEKKy%2BvCGQupXJGPRUWzV0UzldTw52GpTym206WG8lA32LwPPDHopGPO3phTJ9IdC44tVsHcJqz13kovb9EbY8%2FJVB18zt"}],"group":"cf-nel","max_age":604800}', 'NEL': '{"success_fraction":0,"report_to":"cf-nel","max_age":604800}', 'Server': 'cloudflare', 'CF-RAY': '898aed87ee1d10d5-ORD', 'alt-svc': 'h3=":443"; ma=86400'} 
 body={"results":[{"gender":"female","name":{"title":"Ms","first":"Teresa","last":"Arias"},"location":{"street":{"number":7114,"name":"Calle de Alcalá"},"city":"Lugo","state":"Comunidad de Madrid","country":"Spain","postcode":25016,"coordinates":{"latitude":"-34.0588","longitude":"157.3687"},"timezone":{"offset":"+4:00","description":"Abu Dhabi, Muscat, Baku, Tbilisi"}},"email":"teresa.arias@example.com","login":{"uuid":"e0a9b478-2314-4a2c-8890-08d2186617cc","username":"beautifulbird556","password":"manuela","salt":"mgsNiVHI","md5":"4ff61d24e75e13a04f320d5d01c8b6ae","sha1":"494a26aa0c62587babf2761f01e3863b08ac3d82","sha256":"a99ef417a57744660d57ca4327b390cad245bb6faefef52146acb9ec026629a3"},"dob":{"date":"1993-09-27T18:30:19.272Z","age":30},"registered":{"date":"2005-04-07T14:49:00.110Z","age":19},"phone":"954-314-779","cell":"652-712-825","id":{"name":"DNI","value":"32015738-O"},"picture":{"large":"https://randomuser.me/api/portraits/women/10.jpg","medium":"https://randomuser.me/api/portraits/med/women/10.jpg","thumbnail":"https://randomuser.me/api/portraits/thumb/women/10.jpg"},"nat":"ES"}],"info":{"seed":"1a3eca1efca0c4dc","results":1,"page":1,"version":"1.4"}} 
 </msg>
<msg time="2024-06-24T07:15:38.940955" level="INFO">/opt/hostedtoolcache/Python/3.12.4/x64/lib/python3.12/site-packages/urllib3/connectionpool.py:1099: InsecureRequestWarning: Unverified HTTPS request is being made to host 'randomuser.me'. Adding certificate verification is strongly advised. See: https://urllib3.readthedocs.io/en/latest/advanced-usage.html#tls-warnings
  warnings.warn(</msg>
<msg time="2024-06-24T07:15:38.941044" level="INFO">${response} = &lt;Response [200]&gt;</msg>
<var>${response}</var>
<arg>consultarAPI</arg>
<arg>/api</arg>
<doc>Sends a GET request on a previously created HTTP Session.</doc>
<status status="PASS" start="2024-06-24T07:15:38.864237" elapsed="0.076830"/>
</kw>
<kw name="Set Variable" owner="BuiltIn">
<msg time="2024-06-24T07:15:38.941966" level="INFO">${json_data} = {'results': [{'gender': 'female', 'name': {'title': 'Ms', 'first': 'Teresa', 'last': 'Arias'}, 'location': {'street': {'number': 7114, 'name': 'Calle de Alcalá'}, 'city': 'Lugo', 'state': 'Comunidad d...</msg>
<var>${json_data}</var>
<arg>${response.json()}</arg>
<doc>Returns the given values which can then be assigned to a variables.</doc>
<status status="PASS" start="2024-06-24T07:15:38.941507" elapsed="0.000487"/>
</kw>
<kw name="Log" owner="BuiltIn">
<msg time="2024-06-24T07:15:38.942440" level="INFO">{'results': [{'gender': 'female', 'name': {'title': 'Ms', 'first': 'Teresa', 'last': 'Arias'}, 'location': {'street': {'number': 7114, 'name': 'Calle de Alcalá'}, 'city': 'Lugo', 'state': 'Comunidad de Madrid', 'country': 'Spain', 'postcode': 25016, 'coordinates': {'latitude': '-34.0588', 'longitude': '157.3687'}, 'timezone': {'offset': '+4:00', 'description': 'Abu Dhabi, Muscat, Baku, Tbilisi'}}, 'email': 'teresa.arias@example.com', 'login': {'uuid': 'e0a9b478-2314-4a2c-8890-08d2186617cc', 'username': 'beautifulbird556', 'password': 'manuela', 'salt': 'mgsNiVHI', 'md5': '4ff61d24e75e13a04f320d5d01c8b6ae', 'sha1': '494a26aa0c62587babf2761f01e3863b08ac3d82', 'sha256': 'a99ef417a57744660d57ca4327b390cad245bb6faefef52146acb9ec026629a3'}, 'dob': {'date': '1993-09-27T18:30:19.272Z', 'age': 30}, 'registered': {'date': '2005-04-07T14:49:00.110Z', 'age': 19}, 'phone': '954-314-779', 'cell': '652-712-825', 'id': {'name': 'DNI', 'value': '32015738-O'}, 'picture': {'large': 'https://randomuser.me/api/portraits/women/10.jpg', 'medium': 'https://randomuser.me/api/portraits/med/women/10.jpg', 'thumbnail': 'https://randomuser.me/api/portraits/thumb/women/10.jpg'}, 'nat': 'ES'}], 'info': {'seed': '1a3eca1efca0c4dc', 'results': 1, 'page': 1, 'version': '1.4'}}</msg>
<arg>${json_data}</arg>
<doc>Logs the given message with the given level.</doc>
<status status="PASS" start="2024-06-24T07:15:38.942288" elapsed="0.000225"/>
</kw>
<kw name="Should Be Equal As Numbers" owner="BuiltIn">
<arg>${json_data['results'][0]['location']['postcode']}</arg>
<arg>${json_data['results'][0]['location']['postcode']}</arg>
<doc>Fails if objects are unequal after converting them to real numbers.</doc>
<status status="PASS" start="2024-06-24T07:15:38.942818" elapsed="0.000608"/>
</kw>
<kw name="Log" owner="BuiltIn">
<msg time="2024-06-24T07:15:38.944067" level="INFO">25016</msg>
<arg>${json_data['results'][0]['location']['postcode']}</arg>
<doc>Logs the given message with the given level.</doc>
<status status="PASS" start="2024-06-24T07:15:38.943610" elapsed="0.000497"/>
</kw>
<status status="PASS" start="2024-06-24T07:15:38.864028" elapsed="0.080358"/>
</kw>
<doc>Testa se os tipos de dados na resposta da API estão corretos.</doc>
<tag>testeTiposDados</tag>
<status status="PASS" start="2024-06-24T07:15:38.762443" elapsed="0.182096"/>
</test>
<test id="s1-s1-t5" name="Validar conteudo" line="35">
<kw name="Teste de Tipos de Conteudo" owner="random-user-service">
<kw name="GET On Session" owner="RequestsLibrary">
<msg time="2024-06-24T07:15:39.047809" level="INFO">GET Request : url=https://randomuser.me/api 
 path_url=/api 
 headers={'User-Agent': 'python-requests/2.32.3', 'Accept-Encoding': 'gzip, deflate', 'Accept': '*/*', 'Connection': 'keep-alive'} 
 body=None 
 </msg>
<msg time="2024-06-24T07:15:39.047887" level="INFO">GET Response : url=https://randomuser.me/api 
 status=200, reason=OK 
 headers={'Date': 'Mon, 24 Jun 2024 07:15:39 GMT', 'Content-Type': 'application/json; charset=utf-8', 'Transfer-Encoding': 'chunked', 'Connection': 'keep-alive', 'X-Powered-By': 'Express', 'Access-Control-Allow-Origin': '*', 'Cache-Control': 'no-cache', 'ETag': 'W/"47f-g1vEYUDGqPv3Xsh2VnIAZDQKHLw"', 'Vary': 'Accept-Encoding', 'Content-Encoding': 'gzip', 'CF-Cache-Status': 'DYNAMIC', 'Report-To': '{"endpoints":[{"url":"https:\\/\\/a.nel.cloudflare.com\\/report\\/v4?s=2QVH4L41y6MEKOermu%2Bt6nQ%2B57ei6z6Wmk1w9K%2FBWv29DcEonZILACfHHP9PzALk06dcEGRxZj5oSn48vcNVdp9F0CCsqR6J1lcM6g3fycESAreo7YDTgBX%2BmMyrIgpX"}],"group":"cf-nel","max_age":604800}', 'NEL': '{"success_fraction":0,"report_to":"cf-nel","max_age":604800}', 'Server': 'cloudflare', 'CF-RAY': '898aed886e9510d5-ORD', 'alt-svc': 'h3=":443"; ma=86400'} 
 body={"results":[{"gender":"male","name":{"title":"Mr","first":"Gojko","last":"Simonović"},"location":{"street":{"number":3012,"name":"Rada Brankovića"},"city":"Lučani","state":"Kosovo","country":"Serbia","postcode":31688,"coordinates":{"latitude":"64.2378","longitude":"-17.8724"},"timezone":{"offset":"+7:00","description":"Bangkok, Hanoi, Jakarta"}},"email":"gojko.simonovic@example.com","login":{"uuid":"4bd4b733-13a0-481a-ba6d-bb93fbee73c2","username":"greenswan771","password":"peng","salt":"emPaFeQp","md5":"1f4437ea4e17fd8607c5824558534d63","sha1":"43264ff63e682036f470fabcf33c5cef775030bf","sha256":"88fa63433ea175e873a7d3ab0d75a8725641050e760d51a8073fea41a4a05fff"},"dob":{"date":"1986-08-19T09:37:14.809Z","age":37},"registered":{"date":"2014-02-26T00:13:56.471Z","age":10},"phone":"037-9842-719","cell":"067-9229-866","id":{"name":"SID","value":"462998009"},"picture":{"large":"https://randomuser.me/api/portraits/men/23.jpg","medium":"https://randomuser.me/api/portraits/med/men/23.jpg","thumbnail":"https://randomuser.me/api/portraits/thumb/men/23.jpg"},"nat":"RS"}],"info":{"seed":"f6533a22afcd6191","results":1,"page":1,"version":"1.4"}} 
 </msg>
<msg time="2024-06-24T07:15:39.047965" level="INFO">/opt/hostedtoolcache/Python/3.12.4/x64/lib/python3.12/site-packages/urllib3/connectionpool.py:1099: InsecureRequestWarning: Unverified HTTPS request is being made to host 'randomuser.me'. Adding certificate verification is strongly advised. See: https://urllib3.readthedocs.io/en/latest/advanced-usage.html#tls-warnings
  warnings.warn(</msg>
<msg time="2024-06-24T07:15:39.048067" level="INFO">${response} = &lt;Response [200]&gt;</msg>
<var>${response}</var>
<arg>consultarAPI</arg>
<arg>/api</arg>
<doc>Sends a GET request on a previously created HTTP Session.</doc>
<status status="PASS" start="2024-06-24T07:15:38.946946" elapsed="0.101157"/>
</kw>
<kw name="Set Variable" owner="BuiltIn">
<msg time="2024-06-24T07:15:39.049007" level="INFO">${json_data} = {'results': [{'gender': 'male', 'name': {'title': 'Mr', 'first': 'Gojko', 'last': 'Simonović'}, 'location': {'street': {'number': 3012, 'name': 'Rada Brankovića'}, 'city': 'Lučani', 'state': 'Kosovo',...</msg>
<var>${json_data}</var>
<arg>${response.json()}</arg>
<doc>Returns the given values which can then be assigned to a variables.</doc>
<status status="PASS" start="2024-06-24T07:15:39.048555" elapsed="0.000482"/>
</kw>
<kw name="Set Variable" owner="BuiltIn">
<msg time="2024-06-24T07:15:39.049716" level="INFO">${name_title} = Mr</msg>
<var>${name_title}</var>
<arg>${json_data["results"][0]["name"]["title"]}</arg>
<doc>Returns the given values which can then be assigned to a variables.</doc>
<status status="PASS" start="2024-06-24T07:15:39.049339" elapsed="0.000401"/>
</kw>
<kw name="Create List" owner="BuiltIn">
<msg time="2024-06-24T07:15:39.050176" level="INFO">${allowed_titles} = ['Mr', 'Ms', 'Miss', 'Mrs', 'Madame', 'Monsieur']</msg>
<var>${allowed_titles}</var>
<arg>Mr</arg>
<arg>Ms</arg>
<arg>Miss</arg>
<arg>Mrs</arg>
<arg>Madame</arg>
<arg>Monsieur</arg>
<doc>Returns a list containing given items.</doc>
<status status="PASS" start="2024-06-24T07:15:39.050030" elapsed="0.000170"/>
</kw>
<kw name="List Should Contain Value" owner="Collections">
<arg>${allowed_titles}</arg>
<arg>${name_title}</arg>
<doc>Fails if the ``value`` is not found from ``list``.</doc>
<status status="PASS" start="2024-06-24T07:15:39.050519" elapsed="0.000178"/>
</kw>
<kw name="Set Variable" owner="BuiltIn">
<msg time="2024-06-24T07:15:39.051238" level="INFO">${name_country} = RS</msg>
<var>${name_country}</var>
<arg>${json_data["results"][0]["nat"]}</arg>
<doc>Returns the given values which can then be assigned to a variables.</doc>
<status status="PASS" start="2024-06-24T07:15:39.050872" elapsed="0.000391"/>
</kw>
<kw name="Create List" owner="BuiltIn">
<msg time="2024-06-24T07:15:39.052178" level="INFO">${list_country} = ['AD', 'AE', 'AF', 'AG', 'AI', 'AL', 'AM', 'AO', 'AQ', 'AR', 'AS', 'AT', 'AU', 'AW', 'AX', 'AZ', 'BA', 'BB', 'BD', 'BE', 'BF', 'BG', 'BH', 'BI', 'BJ', 'BL', 'BM', 'BN', 'BO', 'BQ', 'BR', 'BS', 'BT', '...</msg>
<var>${list_country}</var>
<arg>AD</arg>
<arg>AE</arg>
<arg>AF</arg>
<arg>AG</arg>
<arg>AI</arg>
<arg>AL</arg>
<arg>AM</arg>
<arg>AO</arg>
<arg>AQ</arg>
<arg>AR</arg>
<arg>AS</arg>
<arg>AT</arg>
<arg>AU</arg>
<arg>AW</arg>
<arg>AX</arg>
<arg>AZ</arg>
<arg>BA</arg>
<arg>BB</arg>
<arg>BD</arg>
<arg>BE</arg>
<arg>BF</arg>
<arg>BG</arg>
<arg>BH</arg>
<arg>BI</arg>
<arg>BJ</arg>
<arg>BL</arg>
<arg>BM</arg>
<arg>BN</arg>
<arg>BO</arg>
<arg>BQ</arg>
<arg>BR</arg>
<arg>BS</arg>
<arg>BT</arg>
<arg>BV</arg>
<arg>BW</arg>
<arg>BY</arg>
<arg>BZ</arg>
<arg>CA</arg>
<arg>CC</arg>
<arg>CD</arg>
<arg>CF</arg>
<arg>CG</arg>
<arg>CH</arg>
<arg>CI</arg>
<arg>CK</arg>
<arg>CL</arg>
<arg>CM</arg>
<arg>CN</arg>
<arg>CO</arg>
<arg>CR</arg>
<arg>CU</arg>
<arg>CV</arg>
<arg>CW</arg>
<arg>CX</arg>
<arg>CY</arg>
<arg>CZ</arg>
<arg>DE</arg>
<arg>DJ</arg>
<arg>DK</arg>
<arg>DM</arg>
<arg>DO</arg>
<arg>DZ</arg>
<arg>EC</arg>
<arg>EE</arg>
<arg>EG</arg>
<arg>EH</arg>
<arg>ER</arg>
<arg>ES</arg>
<arg>ET</arg>
<arg>FI</arg>
<arg>FJ</arg>
<arg>FK</arg>
<arg>FM</arg>
<arg>FO</arg>
<arg>FR</arg>
<arg>GA</arg>
<arg>GB</arg>
<arg>GD</arg>
<arg>GE</arg>
<arg>GF</arg>
<arg>GG</arg>
<arg>GH</arg>
<arg>GI</arg>
<arg>GL</arg>
<arg>GM</arg>
<arg>GN</arg>
<arg>GP</arg>
<arg>GQ</arg>
<arg>GR</arg>
<arg>GS</arg>
<arg>GT</arg>
<arg>GU</arg>
<arg>GW</arg>
<arg>GY</arg>
<arg>HK</arg>
<arg>HM</arg>
<arg>HN</arg>
<arg>HR</arg>
<arg>HT</arg>
<arg>HU</arg>
<arg>ID</arg>
<arg>IE</arg>
<arg>IL</arg>
<arg>IM</arg>
<arg>IN</arg>
<arg>IO</arg>
<arg>IQ</arg>
<arg>IR</arg>
<arg>IS</arg>
<arg>IT</arg>
<arg>JE</arg>
<arg>JM</arg>
<arg>JO</arg>
<arg>JP</arg>
<arg>KE</arg>
<arg>KG</arg>
<arg>KH</arg>
<arg>KI</arg>
<arg>KM</arg>
<arg>KN</arg>
<arg>KP</arg>
<arg>KR</arg>
<arg>KW</arg>
<arg>KY</arg>
<arg>KZ</arg>
<arg>LA</arg>
<arg>LB</arg>
<arg>LC</arg>
<arg>LI</arg>
<arg>LK</arg>
<arg>LR</arg>
<arg>LS</arg>
<arg>LT</arg>
<arg>LU</arg>
<arg>LV</arg>
<arg>LY</arg>
<arg>MA</arg>
<arg>MC</arg>
<arg>MD</arg>
<arg>ME</arg>
<arg>MF</arg>
<arg>MG</arg>
<arg>MH</arg>
<arg>MK</arg>
<arg>ML</arg>
<arg>MM</arg>
<arg>MN</arg>
<arg>MO</arg>
<arg>MP</arg>
<arg>MQ</arg>
<arg>MR</arg>
<arg>MS</arg>
<arg>MT</arg>
<arg>MU</arg>
<arg>MV</arg>
<arg>MW</arg>
<arg>MX</arg>
<arg>MY</arg>
<arg>MZ</arg>
<arg>NA</arg>
<arg>NC</arg>
<arg>NE</arg>
<arg>NF</arg>
<arg>NG</arg>
<arg>NI</arg>
<arg>NL</arg>
<arg>NO</arg>
<arg>NP</arg>
<arg>NR</arg>
<arg>NU</arg>
<arg>NZ</arg>
<arg>OM</arg>
<arg>PA</arg>
<arg>PE</arg>
<arg>PF</arg>
<arg>PG</arg>
<arg>PH</arg>
<arg>PK</arg>
<arg>PL</arg>
<arg>PM</arg>
<arg>PN</arg>
<arg>PR</arg>
<arg>PS</arg>
<arg>PT</arg>
<arg>PW</arg>
<arg>PY</arg>
<arg>QA</arg>
<arg>RE</arg>
<arg>RO</arg>
<arg>RS</arg>
<arg>RU</arg>
<arg>RW</arg>
<arg>SA</arg>
<arg>SB</arg>
<arg>SC</arg>
<arg>SD</arg>
<arg>SE</arg>
<arg>SG</arg>
<arg>SH</arg>
<arg>SI</arg>
<arg>SJ</arg>
<arg>SK</arg>
<arg>SL</arg>
<arg>SM</arg>
<arg>SN</arg>
<arg>SO</arg>
<arg>SR</arg>
<arg>SS</arg>
<arg>ST</arg>
<arg>SV</arg>
<arg>SX</arg>
<arg>SY</arg>
<arg>SZ</arg>
<arg>TC</arg>
<arg>TD</arg>
<arg>TF</arg>
<arg>TG</arg>
<arg>TH</arg>
<arg>TJ</arg>
<arg>TK</arg>
<arg>TL</arg>
<arg>TM</arg>
<arg>TN</arg>
<arg>TO</arg>
<arg>TR</arg>
<arg>TT</arg>
<arg>TV</arg>
<arg>TW</arg>
<arg>TZ</arg>
<arg>UA</arg>
<arg>UG</arg>
<arg>UM</arg>
<arg>US</arg>
<arg>UY</arg>
<arg>UZ</arg>
<arg>VA</arg>
<arg>VC</arg>
<arg>VE</arg>
<arg>VG</arg>
<arg>VI</arg>
<arg>VN</arg>
<arg>VU</arg>
<arg>WF</arg>
<arg>WS</arg>
<arg>XK</arg>
<arg>YE</arg>
<arg>YT</arg>
<arg>ZA</arg>
<arg>ZM</arg>
<arg>ZW</arg>
<doc>Returns a list containing given items.</doc>
<status status="PASS" start="2024-06-24T07:15:39.051548" elapsed="0.000656"/>
</kw>
<kw name="List Should Contain Value" owner="Collections">
<arg>${list_country}</arg>
<arg>${name_country}</arg>
<doc>Fails if the ``value`` is not found from ``list``.</doc>
<status status="PASS" start="2024-06-24T07:15:39.052991" elapsed="0.000207"/>
</kw>
<kw name="Run Keyword If" owner="BuiltIn">
<kw name="Should Be True" owner="BuiltIn">
<arg>${True}</arg>
<doc>Fails if the given condition is not true.</doc>
<status status="PASS" start="2024-06-24T07:15:39.054123" elapsed="0.000141"/>
</kw>
<arg>${json_data["results"][0]["location"]["coordinates"]["latitude"]} &gt;= -90 and ${json_data["results"][0]["location"]["coordinates"]["latitude"]} &lt;= 90</arg>
<arg>Should Be True</arg>
<arg>${True}</arg>
<doc>Runs the given keyword with the given arguments, if ``condition`` is true.</doc>
<status status="PASS" start="2024-06-24T07:15:39.053394" elapsed="0.000994"/>
</kw>
<kw name="Run Keyword If" owner="BuiltIn">
<kw name="Should Be True" owner="BuiltIn">
<arg>${True}</arg>
<doc>Fails if the given condition is not true.</doc>
<status status="PASS" start="2024-06-24T07:15:39.055284" elapsed="0.000227"/>
</kw>
<arg>${json_data["results"][0]["location"]["coordinates"]["longitude"]} &gt;= -180 and ${json_data["results"][0]["location"]["coordinates"]["longitude"]} &lt;= 180</arg>
<arg>Should Be True</arg>
<arg>${True}</arg>
<doc>Runs the given keyword with the given arguments, if ``condition`` is true.</doc>
<status status="PASS" start="2024-06-24T07:15:39.054593" elapsed="0.001046"/>
</kw>
<status status="PASS" start="2024-06-24T07:15:38.946735" elapsed="0.109032"/>
</kw>
<doc>Testa o conteúdo específico dos campos retornados pela API.</doc>
<tag>testeConteudo</tag>
<status status="PASS" start="2024-06-24T07:15:38.946226" elapsed="0.109681"/>
</test>
<status status="PASS" start="2024-06-24T07:15:38.059308" elapsed="0.998528"/>
</suite>
<status status="PASS" start="2024-06-24T07:15:38.044851" elapsed="1.017995"/>
</suite>
<statistics>
<total>
<stat pass="5" fail="0" skip="0">All Tests</stat>
</total>
<tag>
<stat pass="1" fail="0" skip="0">testeConteudo</stat>
<stat pass="1" fail="0" skip="0">testeEstruturaResposta</stat>
<stat pass="1" fail="0" skip="0">testeRequisicaoBasica</stat>
<stat pass="1" fail="0" skip="0">testeTiposDados</stat>
</tag>
<suite>
<stat pass="5" fail="0" skip="0" id="s1" name="Tests">Tests</stat>
<stat pass="5" fail="0" skip="0" id="s1-s1" name="Random-User-Test">Tests.Random-User-Test</stat>
</suite>
</statistics>
<errors>
</errors>
</robot>
