<?xml version="1.0" encoding="UTF-8"?>
<robot generator="Robot 7.0 (Python 3.12.2 on linux)" generated="2024-03-29T20:14:47.652667" rpa="false" schemaversion="5">
<suite id="s1" name="Tests" source="/home/runner/work/DesafioQAItauRogerioJordao/DesafioQAItauRogerioJordao/RamdonUser/tests">
<suite id="s1-s1" name="Random-User-Test" source="/home/runner/work/DesafioQAItauRogerioJordao/DesafioQAItauRogerioJordao/RamdonUser/tests/random-user-test.robot">
<test id="s1-s1-t1" name="Conectar" line="13">
<kw name="Conectar API" owner="random-user-service">
<kw name="Create Session" owner="RequestsLibrary">
<msg time="2024-03-29T20:14:48.008015" level="INFO">Creating Session using : alias=consultarAPI, url=https://randomuser.me/, headers={},                     cookies={}, auth=None, timeout=None, proxies=None, verify=False,                     debug=0 </msg>
<arg>consultarAPI</arg>
<arg>${URL}</arg>
<doc>Create Session: create a HTTP session to a server</doc>
<status status="PASS" start="2024-03-29T20:14:48.007798" elapsed="0.000414"/>
</kw>
<status status="PASS" start="2024-03-29T20:14:48.006688" elapsed="0.001905"/>
</kw>
<status status="PASS" start="2024-03-29T20:14:48.006003" elapsed="0.002797"/>
</test>
<test id="s1-s1-t2" name="Validar retorno 200 e JSON Válido" line="16">
<kw name="Teste de Requisicao Basica" owner="random-user-service">
<kw name="GET On Session" owner="RequestsLibrary">
<msg time="2024-03-29T20:14:48.795818" level="INFO">GET Request : url=https://randomuser.me/api 
 path_url=/api 
 headers={'User-Agent': 'python-requests/2.31.0', 'Accept-Encoding': 'gzip, deflate', 'Accept': '*/*', 'Connection': 'keep-alive'} 
 body=None 
 </msg>
<msg time="2024-03-29T20:14:48.795993" level="INFO">GET Response : url=https://randomuser.me/api 
 status=200, reason=OK 
 headers={'Date': 'Fri, 29 Mar 2024 20:14:48 GMT', 'Content-Type': 'application/json; charset=utf-8', 'Transfer-Encoding': 'chunked', 'Connection': 'keep-alive', 'X-Powered-By': 'Express', 'Access-Control-Allow-Origin': '*', 'Cache-Control': 'no-cache', 'ETag': 'W/"49d-a0niR75yJ/5VIZEk+xV8RoIHAAA"', 'Vary': 'Accept-Encoding', 'Content-Encoding': 'gzip', 'CF-Cache-Status': 'DYNAMIC', 'Report-To': '{"endpoints":[{"url":"https:\\/\\/a.nel.cloudflare.com\\/report\\/v4?s=M3djxhWqOtV%2F5TGwoga0UJTWNzRAqRbn%2FTevMfe9yTXsfz%2FbUh%2FWYCFSu3Rrtqk6zoZZx5n0fOf6nfDWwEIwBwNwBMvMr6NjCmGiVCsuDFUhSquqIKY8TRHivzvm0kfa"}],"group":"cf-nel","max_age":604800}', 'NEL': '{"success_fraction":0,"report_to":"cf-nel","max_age":604800}', 'Server': 'cloudflare', 'CF-RAY': '86c2873e3f5582ce-IAD', 'alt-svc': 'h3=":443"; ma=86400'} 
 body={"results":[{"gender":"male","name":{"title":"Mr","first":"Palac","last":"Pashchenko"},"location":{"street":{"number":4188,"name":"Bogoyavlenskiy prospekt"},"city":"Radehiv","state":"Harkivska","country":"Ukraine","postcode":51106,"coordinates":{"latitude":"78.4918","longitude":"-149.2536"},"timezone":{"offset":"+11:00","description":"Magadan, Solomon Islands, New Caledonia"}},"email":"palac.pashchenko@example.com","login":{"uuid":"aaf61bd7-559f-4699-9666-2bc523d59bf5","username":"happygorilla240","password":"hastings","salt":"wtJ0zLLv","md5":"ea6d27bb01406d6e138dfef7e11a99c0","sha1":"30824979b16f04c6ba81c7a47d42488796c61617","sha256":"29dff3148daa29a987f7661b7bab252efd5fc9fade66daef844e002a1a53c132"},"dob":{"date":"1985-07-27T01:32:57.998Z","age":38},"registered":{"date":"2017-12-03T13:22:31.191Z","age":6},"phone":"(067) F83-5693","cell":"(067) N77-4667","id":{"name":"","value":null},"picture":{"large":"https://randomuser.me/api/portraits/men/36.jpg","medium":"https://randomuser.me/api/portraits/med/men/36.jpg","thumbnail":"https://randomuser.me/api/portraits/thumb/men/36.jpg"},"nat":"UA"}],"info":{"seed":"e80147429acca055","results":1,"page":1,"version":"1.4"}} 
 </msg>
<msg time="2024-03-29T20:14:48.796127" level="INFO">/opt/hostedtoolcache/Python/3.12.2/x64/lib/python3.12/site-packages/urllib3/connectionpool.py:1103: InsecureRequestWarning: Unverified HTTPS request is being made to host 'randomuser.me'. Adding certificate verification is strongly advised. See: https://urllib3.readthedocs.io/en/latest/advanced-usage.html#tls-warnings
  warnings.warn(</msg>
<msg time="2024-03-29T20:14:48.796294" level="INFO">${response} = &lt;Response [200]&gt;</msg>
<var>${response}</var>
<arg>consultarAPI</arg>
<arg>/api</arg>
<doc>Sends a GET request on a previously created HTTP Session.</doc>
<status status="PASS" start="2024-03-29T20:14:48.011518" elapsed="0.784820"/>
</kw>
<kw name="Should Be Equal As Numbers" owner="BuiltIn">
<msg time="2024-03-29T20:14:48.797501" level="INFO">Argument types are:
&lt;class 'int'&gt;
&lt;class 'str'&gt;</msg>
<arg>${response.status_code}</arg>
<arg>200</arg>
<doc>Fails if objects are unequal after converting them to real numbers.</doc>
<status status="PASS" start="2024-03-29T20:14:48.796972" elapsed="0.000594"/>
</kw>
<kw name="Log" owner="BuiltIn">
<msg time="2024-03-29T20:14:48.798238" level="INFO">200</msg>
<arg>${response.status_code}</arg>
<doc>Logs the given message with the given level.</doc>
<status status="PASS" start="2024-03-29T20:14:48.797887" elapsed="0.000393"/>
</kw>
<kw name="Set Variable" owner="BuiltIn">
<msg time="2024-03-29T20:14:48.799019" level="INFO">${json_data} = {'results': [{'gender': 'male', 'name': {'title': 'Mr', 'first': 'Palac', 'last': 'Pashchenko'}, 'location': {'street': {'number': 4188, 'name': 'Bogoyavlenskiy prospekt'}, 'city': 'Radehiv', 'state':...</msg>
<var>${json_data}</var>
<arg>${response.json()}</arg>
<doc>Returns the given values which can then be assigned to a variables.</doc>
<status status="PASS" start="2024-03-29T20:14:48.798586" elapsed="0.000460"/>
</kw>
<kw name="Dictionary Should Contain Key" owner="Collections">
<msg time="2024-03-29T20:14:48.799512" level="INFO">False</msg>
<arg>${json_data}</arg>
<arg>results</arg>
<doc>Fails if ``key`` is not found from ``dictionary``.</doc>
<status status="PASS" start="2024-03-29T20:14:48.799344" elapsed="0.000206"/>
</kw>
<status status="PASS" start="2024-03-29T20:14:48.011260" elapsed="0.788549"/>
</kw>
<doc>Testa se a API responde corretamente e retorna um objeto JSON válido.</doc>
<tag>testeRequisicaoBasica</tag>
<status status="PASS" start="2024-03-29T20:14:48.010715" elapsed="0.789283"/>
</test>
<test id="s1-s1-t3" name="Validar estrutura de resposta" line="22">
<kw name="Teste de Estrutura de Resposta" owner="random-user-service">
<kw name="GET On Session" owner="RequestsLibrary">
<msg time="2024-03-29T20:14:48.893842" level="INFO">GET Request : url=https://randomuser.me/api 
 path_url=/api 
 headers={'User-Agent': 'python-requests/2.31.0', 'Accept-Encoding': 'gzip, deflate', 'Accept': '*/*', 'Connection': 'keep-alive'} 
 body=None 
 </msg>
<msg time="2024-03-29T20:14:48.893961" level="INFO">GET Response : url=https://randomuser.me/api 
 status=200, reason=OK 
 headers={'Date': 'Fri, 29 Mar 2024 20:14:48 GMT', 'Content-Type': 'application/json; charset=utf-8', 'Transfer-Encoding': 'chunked', 'Connection': 'keep-alive', 'X-Powered-By': 'Express', 'Access-Control-Allow-Origin': '*', 'Cache-Control': 'no-cache', 'ETag': 'W/"47f-2UsIea0cjek5ux3XLeQ4eU4bcEU"', 'Vary': 'Accept-Encoding', 'Content-Encoding': 'gzip', 'CF-Cache-Status': 'DYNAMIC', 'Report-To': '{"endpoints":[{"url":"https:\\/\\/a.nel.cloudflare.com\\/report\\/v4?s=%2BLVC0%2BLaUfxBFotaKIvOB3PuJeY%2BbYJUqSynG6bbyoRg0qYWOPsTUEpQ6J%2FXuPD7i1usmKbf122pBLcYlh223n7NX6pQrRjuI%2FM4gPRGDx194vcxyjb5z5UQZUhd8KEX"}],"group":"cf-nel","max_age":604800}', 'NEL': '{"success_fraction":0,"report_to":"cf-nel","max_age":604800}', 'Server': 'cloudflare', 'CF-RAY': '86c287430c7f82ce-IAD', 'alt-svc': 'h3=":443"; ma=86400'} 
 body={"results":[{"gender":"female","name":{"title":"Mrs","first":"Malathy","last":"Prabhakaran"},"location":{"street":{"number":5936,"name":"College St"},"city":"Avadi","state":"Nagaland","country":"India","postcode":97364,"coordinates":{"latitude":"12.8269","longitude":"89.3204"},"timezone":{"offset":"+5:45","description":"Kathmandu"}},"email":"malathy.prabhakaran@example.com","login":{"uuid":"5a6c931b-fac4-460d-b235-c650f3fc6f8e","username":"greenrabbit461","password":"clinton","salt":"OXqAa19j","md5":"30c9765d7bb7a72a649c26dd3b791ad8","sha1":"fb4c5664ab045ebdf2ba93ba68d0e79835a934d8","sha256":"77cd89ecc73329b5a71dd7ca96eb5664c0ba756205aa8dca20c1ffe700d6c46d"},"dob":{"date":"1963-01-19T15:43:29.472Z","age":61},"registered":{"date":"2003-05-13T08:39:07.539Z","age":20},"phone":"7974959637","cell":"7943474314","id":{"name":"UIDAI","value":"803734983212"},"picture":{"large":"https://randomuser.me/api/portraits/women/95.jpg","medium":"https://randomuser.me/api/portraits/med/women/95.jpg","thumbnail":"https://randomuser.me/api/portraits/thumb/women/95.jpg"},"nat":"IN"}],"info":{"seed":"168b73c41b8438b9","results":1,"page":1,"version":"1.4"}} 
 </msg>
<msg time="2024-03-29T20:14:48.894126" level="INFO">/opt/hostedtoolcache/Python/3.12.2/x64/lib/python3.12/site-packages/urllib3/connectionpool.py:1103: InsecureRequestWarning: Unverified HTTPS request is being made to host 'randomuser.me'. Adding certificate verification is strongly advised. See: https://urllib3.readthedocs.io/en/latest/advanced-usage.html#tls-warnings
  warnings.warn(</msg>
<msg time="2024-03-29T20:14:48.894286" level="INFO">${response} = &lt;Response [200]&gt;</msg>
<var>${response}</var>
<arg>consultarAPI</arg>
<arg>/api</arg>
<doc>Sends a GET request on a previously created HTTP Session.</doc>
<status status="PASS" start="2024-03-29T20:14:48.803224" elapsed="0.091109"/>
</kw>
<kw name="Set Variable" owner="BuiltIn">
<msg time="2024-03-29T20:14:48.895465" level="INFO">${json_data} = {'results': [{'gender': 'female', 'name': {'title': 'Mrs', 'first': 'Malathy', 'last': 'Prabhakaran'}, 'location': {'street': {'number': 5936, 'name': 'College St'}, 'city': 'Avadi', 'state': 'Nagalan...</msg>
<var>${json_data}</var>
<arg>${response.json()}</arg>
<doc>Returns the given values which can then be assigned to a variables.</doc>
<status status="PASS" start="2024-03-29T20:14:48.894928" elapsed="0.000566"/>
</kw>
<kw name="Log" owner="BuiltIn">
<msg time="2024-03-29T20:14:48.895983" level="INFO">{'results': [{'gender': 'female', 'name': {'title': 'Mrs', 'first': 'Malathy', 'last': 'Prabhakaran'}, 'location': {'street': {'number': 5936, 'name': 'College St'}, 'city': 'Avadi', 'state': 'Nagaland', 'country': 'India', 'postcode': 97364, 'coordinates': {'latitude': '12.8269', 'longitude': '89.3204'}, 'timezone': {'offset': '+5:45', 'description': 'Kathmandu'}}, 'email': 'malathy.prabhakaran@example.com', 'login': {'uuid': '5a6c931b-fac4-460d-b235-c650f3fc6f8e', 'username': 'greenrabbit461', 'password': 'clinton', 'salt': 'OXqAa19j', 'md5': '30c9765d7bb7a72a649c26dd3b791ad8', 'sha1': 'fb4c5664ab045ebdf2ba93ba68d0e79835a934d8', 'sha256': '77cd89ecc73329b5a71dd7ca96eb5664c0ba756205aa8dca20c1ffe700d6c46d'}, 'dob': {'date': '1963-01-19T15:43:29.472Z', 'age': 61}, 'registered': {'date': '2003-05-13T08:39:07.539Z', 'age': 20}, 'phone': '7974959637', 'cell': '7943474314', 'id': {'name': 'UIDAI', 'value': '803734983212'}, 'picture': {'large': 'https://randomuser.me/api/portraits/women/95.jpg', 'medium': 'https://randomuser.me/api/portraits/med/women/95.jpg', 'thumbnail': 'https://randomuser.me/api/portraits/thumb/women/95.jpg'}, 'nat': 'IN'}], 'info': {'seed': '168b73c41b8438b9', 'results': 1, 'page': 1, 'version': '1.4'}}</msg>
<arg>${json_data}</arg>
<doc>Logs the given message with the given level.</doc>
<status status="PASS" start="2024-03-29T20:14:48.895820" elapsed="0.000210"/>
</kw>
<kw name="Dictionary Should Contain Key" owner="Collections">
<msg time="2024-03-29T20:14:48.896488" level="INFO">False</msg>
<arg>${json_data}</arg>
<arg>results</arg>
<doc>Fails if ``key`` is not found from ``dictionary``.</doc>
<status status="PASS" start="2024-03-29T20:14:48.896329" elapsed="0.000196"/>
</kw>
<kw name="Should Not Be Empty" owner="BuiltIn">
<msg time="2024-03-29T20:14:48.896956" level="INFO">Length is 2.</msg>
<arg>${json_data}</arg>
<doc>Verifies that the given item is not empty.</doc>
<status status="PASS" start="2024-03-29T20:14:48.896818" elapsed="0.000176"/>
</kw>
<kw name="Create List" owner="BuiltIn">
<msg time="2024-03-29T20:14:48.897482" level="INFO">${expected_keys} = ['gender', 'name', 'location', 'email', 'login']</msg>
<var>${expected_keys}</var>
<arg>gender</arg>
<arg>name</arg>
<arg>location</arg>
<arg>email</arg>
<arg>login</arg>
<doc>Returns a list containing given items.</doc>
<status status="PASS" start="2024-03-29T20:14:48.897331" elapsed="0.000174"/>
</kw>
<for flavor="IN">
<iter>
<kw name="Dictionary Should Contain Key" owner="Collections">
<msg time="2024-03-29T20:14:48.898521" level="INFO">False</msg>
<arg>${json_data['results'][0]}</arg>
<arg>${key}</arg>
<doc>Fails if ``key`` is not found from ``dictionary``.</doc>
<status status="PASS" start="2024-03-29T20:14:48.898107" elapsed="0.000453"/>
</kw>
<kw name="Log" owner="BuiltIn">
<msg time="2024-03-29T20:14:48.899242" level="INFO">{'gender': 'female', 'name': {'title': 'Mrs', 'first': 'Malathy', 'last': 'Prabhakaran'}, 'location': {'street': {'number': 5936, 'name': 'College St'}, 'city': 'Avadi', 'state': 'Nagaland', 'country': 'India', 'postcode': 97364, 'coordinates': {'latitude': '12.8269', 'longitude': '89.3204'}, 'timezone': {'offset': '+5:45', 'description': 'Kathmandu'}}, 'email': 'malathy.prabhakaran@example.com', 'login': {'uuid': '5a6c931b-fac4-460d-b235-c650f3fc6f8e', 'username': 'greenrabbit461', 'password': 'clinton', 'salt': 'OXqAa19j', 'md5': '30c9765d7bb7a72a649c26dd3b791ad8', 'sha1': 'fb4c5664ab045ebdf2ba93ba68d0e79835a934d8', 'sha256': '77cd89ecc73329b5a71dd7ca96eb5664c0ba756205aa8dca20c1ffe700d6c46d'}, 'dob': {'date': '1963-01-19T15:43:29.472Z', 'age': 61}, 'registered': {'date': '2003-05-13T08:39:07.539Z', 'age': 20}, 'phone': '7974959637', 'cell': '7943474314', 'id': {'name': 'UIDAI', 'value': '803734983212'}, 'picture': {'large': 'https://randomuser.me/api/portraits/women/95.jpg', 'medium': 'https://randomuser.me/api/portraits/med/women/95.jpg', 'thumbnail': 'https://randomuser.me/api/portraits/thumb/women/95.jpg'}, 'nat': 'IN'}</msg>
<arg>${json_data['results'][0]}</arg>
<doc>Logs the given message with the given level.</doc>
<status status="PASS" start="2024-03-29T20:14:48.898870" elapsed="0.000424"/>
</kw>
<kw name="Log" owner="BuiltIn">
<msg time="2024-03-29T20:14:48.899724" level="INFO">gender</msg>
<arg>${key}</arg>
<doc>Logs the given message with the given level.</doc>
<status status="PASS" start="2024-03-29T20:14:48.899594" elapsed="0.000169"/>
</kw>
<var name="${key}">gender</var>
<status status="PASS" start="2024-03-29T20:14:48.897976" elapsed="0.002011"/>
</iter>
<iter>
<kw name="Dictionary Should Contain Key" owner="Collections">
<msg time="2024-03-29T20:14:48.900671" level="INFO">False</msg>
<arg>${json_data['results'][0]}</arg>
<arg>${key}</arg>
<doc>Fails if ``key`` is not found from ``dictionary``.</doc>
<status status="PASS" start="2024-03-29T20:14:48.900296" elapsed="0.000411"/>
</kw>
<kw name="Log" owner="BuiltIn">
<msg time="2024-03-29T20:14:48.901466" level="INFO">{'gender': 'female', 'name': {'title': 'Mrs', 'first': 'Malathy', 'last': 'Prabhakaran'}, 'location': {'street': {'number': 5936, 'name': 'College St'}, 'city': 'Avadi', 'state': 'Nagaland', 'country': 'India', 'postcode': 97364, 'coordinates': {'latitude': '12.8269', 'longitude': '89.3204'}, 'timezone': {'offset': '+5:45', 'description': 'Kathmandu'}}, 'email': 'malathy.prabhakaran@example.com', 'login': {'uuid': '5a6c931b-fac4-460d-b235-c650f3fc6f8e', 'username': 'greenrabbit461', 'password': 'clinton', 'salt': 'OXqAa19j', 'md5': '30c9765d7bb7a72a649c26dd3b791ad8', 'sha1': 'fb4c5664ab045ebdf2ba93ba68d0e79835a934d8', 'sha256': '77cd89ecc73329b5a71dd7ca96eb5664c0ba756205aa8dca20c1ffe700d6c46d'}, 'dob': {'date': '1963-01-19T15:43:29.472Z', 'age': 61}, 'registered': {'date': '2003-05-13T08:39:07.539Z', 'age': 20}, 'phone': '7974959637', 'cell': '7943474314', 'id': {'name': 'UIDAI', 'value': '803734983212'}, 'picture': {'large': 'https://randomuser.me/api/portraits/women/95.jpg', 'medium': 'https://randomuser.me/api/portraits/med/women/95.jpg', 'thumbnail': 'https://randomuser.me/api/portraits/thumb/women/95.jpg'}, 'nat': 'IN'}</msg>
<arg>${json_data['results'][0]}</arg>
<doc>Logs the given message with the given level.</doc>
<status status="PASS" start="2024-03-29T20:14:48.901073" elapsed="0.000440"/>
</kw>
<kw name="Log" owner="BuiltIn">
<msg time="2024-03-29T20:14:48.901942" level="INFO">name</msg>
<arg>${key}</arg>
<doc>Logs the given message with the given level.</doc>
<status status="PASS" start="2024-03-29T20:14:48.901814" elapsed="0.000166"/>
</kw>
<var name="${key}">name</var>
<status status="PASS" start="2024-03-29T20:14:48.900181" elapsed="0.002016"/>
</iter>
<iter>
<kw name="Dictionary Should Contain Key" owner="Collections">
<msg time="2024-03-29T20:14:48.902859" level="INFO">False</msg>
<arg>${json_data['results'][0]}</arg>
<arg>${key}</arg>
<doc>Fails if ``key`` is not found from ``dictionary``.</doc>
<status status="PASS" start="2024-03-29T20:14:48.902486" elapsed="0.000410"/>
</kw>
<kw name="Log" owner="BuiltIn">
<msg time="2024-03-29T20:14:48.903556" level="INFO">{'gender': 'female', 'name': {'title': 'Mrs', 'first': 'Malathy', 'last': 'Prabhakaran'}, 'location': {'street': {'number': 5936, 'name': 'College St'}, 'city': 'Avadi', 'state': 'Nagaland', 'country': 'India', 'postcode': 97364, 'coordinates': {'latitude': '12.8269', 'longitude': '89.3204'}, 'timezone': {'offset': '+5:45', 'description': 'Kathmandu'}}, 'email': 'malathy.prabhakaran@example.com', 'login': {'uuid': '5a6c931b-fac4-460d-b235-c650f3fc6f8e', 'username': 'greenrabbit461', 'password': 'clinton', 'salt': 'OXqAa19j', 'md5': '30c9765d7bb7a72a649c26dd3b791ad8', 'sha1': 'fb4c5664ab045ebdf2ba93ba68d0e79835a934d8', 'sha256': '77cd89ecc73329b5a71dd7ca96eb5664c0ba756205aa8dca20c1ffe700d6c46d'}, 'dob': {'date': '1963-01-19T15:43:29.472Z', 'age': 61}, 'registered': {'date': '2003-05-13T08:39:07.539Z', 'age': 20}, 'phone': '7974959637', 'cell': '7943474314', 'id': {'name': 'UIDAI', 'value': '803734983212'}, 'picture': {'large': 'https://randomuser.me/api/portraits/women/95.jpg', 'medium': 'https://randomuser.me/api/portraits/med/women/95.jpg', 'thumbnail': 'https://randomuser.me/api/portraits/thumb/women/95.jpg'}, 'nat': 'IN'}</msg>
<arg>${json_data['results'][0]}</arg>
<doc>Logs the given message with the given level.</doc>
<status status="PASS" start="2024-03-29T20:14:48.903196" elapsed="0.000411"/>
</kw>
<kw name="Log" owner="BuiltIn">
<msg time="2024-03-29T20:14:48.904027" level="INFO">location</msg>
<arg>${key}</arg>
<doc>Logs the given message with the given level.</doc>
<status status="PASS" start="2024-03-29T20:14:48.903900" elapsed="0.000164"/>
</kw>
<var name="${key}">location</var>
<status status="PASS" start="2024-03-29T20:14:48.902376" elapsed="0.001904"/>
</iter>
<iter>
<kw name="Dictionary Should Contain Key" owner="Collections">
<msg time="2024-03-29T20:14:48.904943" level="INFO">False</msg>
<arg>${json_data['results'][0]}</arg>
<arg>${key}</arg>
<doc>Fails if ``key`` is not found from ``dictionary``.</doc>
<status status="PASS" start="2024-03-29T20:14:48.904564" elapsed="0.000417"/>
</kw>
<kw name="Log" owner="BuiltIn">
<msg time="2024-03-29T20:14:48.905670" level="INFO">{'gender': 'female', 'name': {'title': 'Mrs', 'first': 'Malathy', 'last': 'Prabhakaran'}, 'location': {'street': {'number': 5936, 'name': 'College St'}, 'city': 'Avadi', 'state': 'Nagaland', 'country': 'India', 'postcode': 97364, 'coordinates': {'latitude': '12.8269', 'longitude': '89.3204'}, 'timezone': {'offset': '+5:45', 'description': 'Kathmandu'}}, 'email': 'malathy.prabhakaran@example.com', 'login': {'uuid': '5a6c931b-fac4-460d-b235-c650f3fc6f8e', 'username': 'greenrabbit461', 'password': 'clinton', 'salt': 'OXqAa19j', 'md5': '30c9765d7bb7a72a649c26dd3b791ad8', 'sha1': 'fb4c5664ab045ebdf2ba93ba68d0e79835a934d8', 'sha256': '77cd89ecc73329b5a71dd7ca96eb5664c0ba756205aa8dca20c1ffe700d6c46d'}, 'dob': {'date': '1963-01-19T15:43:29.472Z', 'age': 61}, 'registered': {'date': '2003-05-13T08:39:07.539Z', 'age': 20}, 'phone': '7974959637', 'cell': '7943474314', 'id': {'name': 'UIDAI', 'value': '803734983212'}, 'picture': {'large': 'https://randomuser.me/api/portraits/women/95.jpg', 'medium': 'https://randomuser.me/api/portraits/med/women/95.jpg', 'thumbnail': 'https://randomuser.me/api/portraits/thumb/women/95.jpg'}, 'nat': 'IN'}</msg>
<arg>${json_data['results'][0]}</arg>
<doc>Logs the given message with the given level.</doc>
<status status="PASS" start="2024-03-29T20:14:48.905313" elapsed="0.000404"/>
</kw>
<kw name="Log" owner="BuiltIn">
<msg time="2024-03-29T20:14:48.906139" level="INFO">email</msg>
<arg>${key}</arg>
<doc>Logs the given message with the given level.</doc>
<status status="PASS" start="2024-03-29T20:14:48.906011" elapsed="0.000165"/>
</kw>
<var name="${key}">email</var>
<status status="PASS" start="2024-03-29T20:14:48.904453" elapsed="0.001939"/>
</iter>
<iter>
<kw name="Dictionary Should Contain Key" owner="Collections">
<msg time="2024-03-29T20:14:48.907078" level="INFO">False</msg>
<arg>${json_data['results'][0]}</arg>
<arg>${key}</arg>
<doc>Fails if ``key`` is not found from ``dictionary``.</doc>
<status status="PASS" start="2024-03-29T20:14:48.906680" elapsed="0.000434"/>
</kw>
<kw name="Log" owner="BuiltIn">
<msg time="2024-03-29T20:14:48.907770" level="INFO">{'gender': 'female', 'name': {'title': 'Mrs', 'first': 'Malathy', 'last': 'Prabhakaran'}, 'location': {'street': {'number': 5936, 'name': 'College St'}, 'city': 'Avadi', 'state': 'Nagaland', 'country': 'India', 'postcode': 97364, 'coordinates': {'latitude': '12.8269', 'longitude': '89.3204'}, 'timezone': {'offset': '+5:45', 'description': 'Kathmandu'}}, 'email': 'malathy.prabhakaran@example.com', 'login': {'uuid': '5a6c931b-fac4-460d-b235-c650f3fc6f8e', 'username': 'greenrabbit461', 'password': 'clinton', 'salt': 'OXqAa19j', 'md5': '30c9765d7bb7a72a649c26dd3b791ad8', 'sha1': 'fb4c5664ab045ebdf2ba93ba68d0e79835a934d8', 'sha256': '77cd89ecc73329b5a71dd7ca96eb5664c0ba756205aa8dca20c1ffe700d6c46d'}, 'dob': {'date': '1963-01-19T15:43:29.472Z', 'age': 61}, 'registered': {'date': '2003-05-13T08:39:07.539Z', 'age': 20}, 'phone': '7974959637', 'cell': '7943474314', 'id': {'name': 'UIDAI', 'value': '803734983212'}, 'picture': {'large': 'https://randomuser.me/api/portraits/women/95.jpg', 'medium': 'https://randomuser.me/api/portraits/med/women/95.jpg', 'thumbnail': 'https://randomuser.me/api/portraits/thumb/women/95.jpg'}, 'nat': 'IN'}</msg>
<arg>${json_data['results'][0]}</arg>
<doc>Logs the given message with the given level.</doc>
<status status="PASS" start="2024-03-29T20:14:48.907412" elapsed="0.000407"/>
</kw>
<kw name="Log" owner="BuiltIn">
<msg time="2024-03-29T20:14:48.908234" level="INFO">login</msg>
<arg>${key}</arg>
<doc>Logs the given message with the given level.</doc>
<status status="PASS" start="2024-03-29T20:14:48.908108" elapsed="0.000278"/>
</kw>
<var name="${key}">login</var>
<status status="PASS" start="2024-03-29T20:14:48.906563" elapsed="0.002060"/>
</iter>
<var>${key}</var>
<value>@{expected_keys}</value>
<status status="PASS" start="2024-03-29T20:14:48.897780" elapsed="0.010992"/>
</for>
<kw name="Create List" owner="BuiltIn">
<msg time="2024-03-29T20:14:48.909153" level="INFO">${expected_keysTwo} = ['username', 'password']</msg>
<var>${expected_keysTwo}</var>
<arg>username</arg>
<arg>password</arg>
<doc>Returns a list containing given items.</doc>
<status status="PASS" start="2024-03-29T20:14:48.908979" elapsed="0.000199"/>
</kw>
<for flavor="IN">
<iter>
<kw name="Dictionary Should Contain Key" owner="Collections">
<msg time="2024-03-29T20:14:48.910074" level="INFO">False</msg>
<arg>${json_data['results'][0]['login']}</arg>
<arg>${keyTwo}</arg>
<doc>Fails if ``key`` is not found from ``dictionary``.</doc>
<status status="PASS" start="2024-03-29T20:14:48.909693" elapsed="0.000418"/>
</kw>
<kw name="Dictionary Should Contain Key" owner="Collections">
<msg time="2024-03-29T20:14:48.910791" level="INFO">False</msg>
<arg>${json_data['results'][0]['login']}</arg>
<arg>${keyTwo}</arg>
<doc>Fails if ``key`` is not found from ``dictionary``.</doc>
<status status="PASS" start="2024-03-29T20:14:48.910414" elapsed="0.000414"/>
</kw>
<kw name="Log" owner="BuiltIn">
<msg time="2024-03-29T20:14:48.911249" level="INFO">username</msg>
<arg>${keyTwo}</arg>
<doc>Logs the given message with the given level.</doc>
<status status="PASS" start="2024-03-29T20:14:48.911122" elapsed="0.000164"/>
</kw>
<var name="${keyTwo}">username</var>
<status status="PASS" start="2024-03-29T20:14:48.909582" elapsed="0.001917"/>
</iter>
<iter>
<kw name="Dictionary Should Contain Key" owner="Collections">
<msg time="2024-03-29T20:14:48.912157" level="INFO">False</msg>
<arg>${json_data['results'][0]['login']}</arg>
<arg>${keyTwo}</arg>
<doc>Fails if ``key`` is not found from ``dictionary``.</doc>
<status status="PASS" start="2024-03-29T20:14:48.911781" elapsed="0.000412"/>
</kw>
<kw name="Dictionary Should Contain Key" owner="Collections">
<msg time="2024-03-29T20:14:48.912869" level="INFO">False</msg>
<arg>${json_data['results'][0]['login']}</arg>
<arg>${keyTwo}</arg>
<doc>Fails if ``key`` is not found from ``dictionary``.</doc>
<status status="PASS" start="2024-03-29T20:14:48.912486" elapsed="0.000418"/>
</kw>
<kw name="Log" owner="BuiltIn">
<msg time="2024-03-29T20:14:48.913350" level="INFO">password</msg>
<arg>${keyTwo}</arg>
<doc>Logs the given message with the given level.</doc>
<status status="PASS" start="2024-03-29T20:14:48.913221" elapsed="0.000167"/>
</kw>
<var name="${keyTwo}">password</var>
<status status="PASS" start="2024-03-29T20:14:48.911673" elapsed="0.001933"/>
</iter>
<var>${keyTwo}</var>
<value>@{expected_keysTwo}</value>
<status status="PASS" start="2024-03-29T20:14:48.909427" elapsed="0.004300"/>
</for>
<status status="PASS" start="2024-03-29T20:14:48.802836" elapsed="0.111033"/>
</kw>
<doc>Testa a estrutura da resposta da API.</doc>
<tag>testeEstruturaResposta</tag>
<status status="PASS" start="2024-03-29T20:14:48.801866" elapsed="0.112171"/>
</test>
<test id="s1-s1-t4" name="Validar tipos de dados" line="28">
<kw name="Teste de Tipos de Dados" owner="random-user-service">
<kw name="GET On Session" owner="RequestsLibrary">
<msg time="2024-03-29T20:14:48.948783" level="INFO">GET Request : url=https://randomuser.me/api 
 path_url=/api 
 headers={'User-Agent': 'python-requests/2.31.0', 'Accept-Encoding': 'gzip, deflate', 'Accept': '*/*', 'Connection': 'keep-alive'} 
 body=None 
 </msg>
<msg time="2024-03-29T20:14:48.948901" level="INFO">GET Response : url=https://randomuser.me/api 
 status=200, reason=OK 
 headers={'Date': 'Fri, 29 Mar 2024 20:14:48 GMT', 'Content-Type': 'application/json; charset=utf-8', 'Transfer-Encoding': 'chunked', 'Connection': 'keep-alive', 'X-Powered-By': 'Express', 'Access-Control-Allow-Origin': '*', 'Cache-Control': 'no-cache', 'ETag': 'W/"4b1-YT+dXB1S2zT/fcSmGj1NMvthA8E"', 'Vary': 'Accept-Encoding', 'Content-Encoding': 'gzip', 'CF-Cache-Status': 'DYNAMIC', 'Report-To': '{"endpoints":[{"url":"https:\\/\\/a.nel.cloudflare.com\\/report\\/v4?s=GZrSQCKuGzOeMZpykXCE3MHht0W3MfWsHuC%2FYKWCZh1fSh7jgaKZvxDxRJEafsLa8%2F%2FePPUjCs4RUCeJugvIX7m7MttnV8u49Ch0Ay%2FHx0OE0%2FaVMo8Heq1i4NsqIIiC"}],"group":"cf-nel","max_age":604800}', 'NEL': '{"success_fraction":0,"report_to":"cf-nel","max_age":604800}', 'Server': 'cloudflare', 'CF-RAY': '86c28743bd3a82ce-IAD', 'alt-svc': 'h3=":443"; ma=86400'} 
 body={"results":[{"gender":"female","name":{"title":"Madame","first":"Jenny","last":"Meunier"},"location":{"street":{"number":6523,"name":"Boulevard de Balmont"},"city":"Falera","state":"Zürich","country":"Switzerland","postcode":8792,"coordinates":{"latitude":"-63.4332","longitude":"109.4309"},"timezone":{"offset":"+3:00","description":"Baghdad, Riyadh, Moscow, St. Petersburg"}},"email":"jenny.meunier@example.com","login":{"uuid":"7aa8a24f-fef7-4314-9948-13424ed780d1","username":"orangebutterfly286","password":"cruiser","salt":"39CleqZK","md5":"0f3c42c1fe96185edabed39911637089","sha1":"81acf9dc3c7a35309a3345b69a08f73dc83d811f","sha256":"2aa8ebc9b5960b94c3c9c98a1c27acb19571a085cfb60ad04010d8e3f8c1a939"},"dob":{"date":"1960-07-19T08:12:05.766Z","age":63},"registered":{"date":"2004-11-22T12:25:38.158Z","age":19},"phone":"077 508 09 71","cell":"079 842 14 73","id":{"name":"AVS","value":"756.2655.9085.81"},"picture":{"large":"https://randomuser.me/api/portraits/women/24.jpg","medium":"https://randomuser.me/api/portraits/med/women/24.jpg","thumbnail":"https://randomuser.me/api/portraits/thumb/women/24.jpg"},"nat":"CH"}],"info":{"seed":"c0819960317bd477","results":1,"page":1,"version":"1.4"}} 
 </msg>
<msg time="2024-03-29T20:14:48.948989" level="INFO">/opt/hostedtoolcache/Python/3.12.2/x64/lib/python3.12/site-packages/urllib3/connectionpool.py:1103: InsecureRequestWarning: Unverified HTTPS request is being made to host 'randomuser.me'. Adding certificate verification is strongly advised. See: https://urllib3.readthedocs.io/en/latest/advanced-usage.html#tls-warnings
  warnings.warn(</msg>
<msg time="2024-03-29T20:14:48.949148" level="INFO">${response} = &lt;Response [200]&gt;</msg>
<var>${response}</var>
<arg>consultarAPI</arg>
<arg>/api</arg>
<doc>Sends a GET request on a previously created HTTP Session.</doc>
<status status="PASS" start="2024-03-29T20:14:48.916511" elapsed="0.032690"/>
</kw>
<kw name="Set Variable" owner="BuiltIn">
<msg time="2024-03-29T20:14:48.950253" level="INFO">${json_data} = {'results': [{'gender': 'female', 'name': {'title': 'Madame', 'first': 'Jenny', 'last': 'Meunier'}, 'location': {'street': {'number': 6523, 'name': 'Boulevard de Balmont'}, 'city': 'Falera', 'state': ...</msg>
<var>${json_data}</var>
<arg>${response.json()}</arg>
<doc>Returns the given values which can then be assigned to a variables.</doc>
<status status="PASS" start="2024-03-29T20:14:48.949730" elapsed="0.000552"/>
</kw>
<kw name="Log" owner="BuiltIn">
<msg time="2024-03-29T20:14:48.950759" level="INFO">{'results': [{'gender': 'female', 'name': {'title': 'Madame', 'first': 'Jenny', 'last': 'Meunier'}, 'location': {'street': {'number': 6523, 'name': 'Boulevard de Balmont'}, 'city': 'Falera', 'state': 'Zürich', 'country': 'Switzerland', 'postcode': 8792, 'coordinates': {'latitude': '-63.4332', 'longitude': '109.4309'}, 'timezone': {'offset': '+3:00', 'description': 'Baghdad, Riyadh, Moscow, St. Petersburg'}}, 'email': 'jenny.meunier@example.com', 'login': {'uuid': '7aa8a24f-fef7-4314-9948-13424ed780d1', 'username': 'orangebutterfly286', 'password': 'cruiser', 'salt': '39CleqZK', 'md5': '0f3c42c1fe96185edabed39911637089', 'sha1': '81acf9dc3c7a35309a3345b69a08f73dc83d811f', 'sha256': '2aa8ebc9b5960b94c3c9c98a1c27acb19571a085cfb60ad04010d8e3f8c1a939'}, 'dob': {'date': '1960-07-19T08:12:05.766Z', 'age': 63}, 'registered': {'date': '2004-11-22T12:25:38.158Z', 'age': 19}, 'phone': '077 508 09 71', 'cell': '079 842 14 73', 'id': {'name': 'AVS', 'value': '756.2655.9085.81'}, 'picture': {'large': 'https://randomuser.me/api/portraits/women/24.jpg', 'medium': 'https://randomuser.me/api/portraits/med/women/24.jpg', 'thumbnail': 'https://randomuser.me/api/portraits/thumb/women/24.jpg'}, 'nat': 'CH'}], 'info': {'seed': 'c0819960317bd477', 'results': 1, 'page': 1, 'version': '1.4'}}</msg>
<arg>${json_data}</arg>
<doc>Logs the given message with the given level.</doc>
<status status="PASS" start="2024-03-29T20:14:48.950601" elapsed="0.000245"/>
</kw>
<kw name="Should Be String" owner="String">
<arg>${json_data['results'][0]['gender']}</arg>
<doc>Fails if the given ``item`` is not a string.</doc>
<status status="PASS" start="2024-03-29T20:14:48.951150" elapsed="0.000371"/>
</kw>
<kw name="Should Match Regexp" owner="BuiltIn">
<arg>${json_data['results'][0]['email']}</arg>
<arg>^[a-zA-Z0-9._%+-]+@[a-zA-Z0-9.-]+\.[a-zA-Z]{2,}$</arg>
<doc>Fails if ``string`` does not match ``pattern`` as a regular expression.</doc>
<status status="PASS" start="2024-03-29T20:14:48.951717" elapsed="0.000519"/>
</kw>
<kw name="Should Match Regexp" owner="BuiltIn">
<arg>${json_data['results'][0]['dob']['date']}</arg>
<arg>\\d{4}-\\d{2}-\\d{2}T\\d{2}:\\d{2}:\\d{2}\\.\\d{3}Z</arg>
<doc>Fails if ``string`` does not match ``pattern`` as a regular expression.</doc>
<status status="PASS" start="2024-03-29T20:14:48.952434" elapsed="0.000490"/>
</kw>
<kw name="Should Match Regexp" owner="BuiltIn">
<arg>${json_data['results'][0]['registered']['date']}</arg>
<arg>\\d{4}-\\d{2}-\\d{2}T\\d{2}:\\d{2}:\\d{2}\\.\\d{3}Z</arg>
<doc>Fails if ``string`` does not match ``pattern`` as a regular expression.</doc>
<status status="PASS" start="2024-03-29T20:14:48.953170" elapsed="0.000377"/>
</kw>
<kw name="Should Match Regexp" owner="BuiltIn">
<arg>${json_data['results'][0]['picture']['large']}</arg>
<arg>^https?://.*\.(?:png|jpe?g|gif|bmp)$</arg>
<doc>Fails if ``string`` does not match ``pattern`` as a regular expression.</doc>
<status status="PASS" start="2024-03-29T20:14:48.953739" elapsed="0.000461"/>
</kw>
<kw name="Should Match Regexp" owner="BuiltIn">
<arg>${json_data['results'][0]['picture']['medium']}</arg>
<arg>^https?://.*\.(?:png|jpe?g|gif|bmp)$</arg>
<doc>Fails if ``string`` does not match ``pattern`` as a regular expression.</doc>
<status status="PASS" start="2024-03-29T20:14:48.954390" elapsed="0.000359"/>
</kw>
<kw name="Should Match Regexp" owner="BuiltIn">
<arg>${json_data['results'][0]['picture']['thumbnail']}</arg>
<arg>^https?://.*\.(?:png|jpe?g|gif|bmp)$</arg>
<doc>Fails if ``string`` does not match ``pattern`` as a regular expression.</doc>
<status status="PASS" start="2024-03-29T20:14:48.954938" elapsed="0.000353"/>
</kw>
<kw name="Log" owner="BuiltIn">
<msg time="2024-03-29T20:14:48.955799" level="INFO">{'large': 'https://randomuser.me/api/portraits/women/24.jpg', 'medium': 'https://randomuser.me/api/portraits/med/women/24.jpg', 'thumbnail': 'https://randomuser.me/api/portraits/thumb/women/24.jpg'}</msg>
<arg>${json_data['results'][0]['picture']}</arg>
<doc>Logs the given message with the given level.</doc>
<status status="PASS" start="2024-03-29T20:14:48.955473" elapsed="0.000374"/>
</kw>
<status status="PASS" start="2024-03-29T20:14:48.916277" elapsed="0.039833"/>
</kw>
<kw name="Teste de Tipos de Dados - Postcode" owner="random-user-service">
<kw name="GET On Session" owner="RequestsLibrary">
<msg time="2024-03-29T20:14:49.045606" level="INFO">GET Request : url=https://randomuser.me/api 
 path_url=/api 
 headers={'User-Agent': 'python-requests/2.31.0', 'Accept-Encoding': 'gzip, deflate', 'Accept': '*/*', 'Connection': 'keep-alive'} 
 body=None 
 </msg>
<msg time="2024-03-29T20:14:49.045709" level="INFO">GET Response : url=https://randomuser.me/api 
 status=200, reason=OK 
 headers={'Date': 'Fri, 29 Mar 2024 20:14:49 GMT', 'Content-Type': 'application/json; charset=utf-8', 'Transfer-Encoding': 'chunked', 'Connection': 'keep-alive', 'X-Powered-By': 'Express', 'Access-Control-Allow-Origin': '*', 'Cache-Control': 'no-cache', 'ETag': 'W/"49c-OvtTXnfqo3U8r4Dd/R1cszzE5yg"', 'Vary': 'Accept-Encoding', 'Content-Encoding': 'gzip', 'CF-Cache-Status': 'DYNAMIC', 'Report-To': '{"endpoints":[{"url":"https:\\/\\/a.nel.cloudflare.com\\/report\\/v4?s=foP6VP7vNtFcPBVpdVhkvEb6MfVKJ6JJoZcT6iU%2FK%2FrLlSfZYrgrBUIaF6CiNcyb1Cgd6c1ktw3%2FE4E7CtUrJMz25OFtaImsTwXtiWrAIu7Eh%2F0eRlbsbmdyTngimV1j"}],"group":"cf-nel","max_age":604800}', 'NEL': '{"success_fraction":0,"report_to":"cf-nel","max_age":604800}', 'Server': 'cloudflare', 'CF-RAY': '86c28743fd7882ce-IAD', 'alt-svc': 'h3=":443"; ma=86400'} 
 body={"results":[{"gender":"female","name":{"title":"Miss","first":"Sofie","last":"Christiansen"},"location":{"street":{"number":4387,"name":"Gammel Kongevej"},"city":"Sandved","state":"Midtjylland","country":"Denmark","postcode":63975,"coordinates":{"latitude":"-43.3703","longitude":"68.4135"},"timezone":{"offset":"+5:30","description":"Bombay, Calcutta, Madras, New Delhi"}},"email":"sofie.christiansen@example.com","login":{"uuid":"e11b73b6-9211-40ac-b944-8ab445ed5ddc","username":"crazylion698","password":"dimples","salt":"jegcPV8K","md5":"c48fee5b15d9e3a55c97bd1da3c21d01","sha1":"8b8a3f615ea360e33732610fa4339b24761476d1","sha256":"653fbf5d0bf7bf48dd847b15a9d5a31d20676bd65e2e8aa349a0c2f10c52e2c8"},"dob":{"date":"1987-01-05T10:28:41.650Z","age":37},"registered":{"date":"2007-10-25T13:06:37.809Z","age":16},"phone":"39838879","cell":"66659085","id":{"name":"CPR","value":"050187-5320"},"picture":{"large":"https://randomuser.me/api/portraits/women/27.jpg","medium":"https://randomuser.me/api/portraits/med/women/27.jpg","thumbnail":"https://randomuser.me/api/portraits/thumb/women/27.jpg"},"nat":"DK"}],"info":{"seed":"cdcba853f4909600","results":1,"page":1,"version":"1.4"}} 
 </msg>
<msg time="2024-03-29T20:14:49.045802" level="INFO">/opt/hostedtoolcache/Python/3.12.2/x64/lib/python3.12/site-packages/urllib3/connectionpool.py:1103: InsecureRequestWarning: Unverified HTTPS request is being made to host 'randomuser.me'. Adding certificate verification is strongly advised. See: https://urllib3.readthedocs.io/en/latest/advanced-usage.html#tls-warnings
  warnings.warn(</msg>
<msg time="2024-03-29T20:14:49.045931" level="INFO">${response} = &lt;Response [200]&gt;</msg>
<var>${response}</var>
<arg>consultarAPI</arg>
<arg>/api</arg>
<doc>Sends a GET request on a previously created HTTP Session.</doc>
<status status="PASS" start="2024-03-29T20:14:48.956742" elapsed="0.089217"/>
</kw>
<kw name="Set Variable" owner="BuiltIn">
<msg time="2024-03-29T20:14:49.047036" level="INFO">${json_data} = {'results': [{'gender': 'female', 'name': {'title': 'Miss', 'first': 'Sofie', 'last': 'Christiansen'}, 'location': {'street': {'number': 4387, 'name': 'Gammel Kongevej'}, 'city': 'Sandved', 'state': '...</msg>
<var>${json_data}</var>
<arg>${response.json()}</arg>
<doc>Returns the given values which can then be assigned to a variables.</doc>
<status status="PASS" start="2024-03-29T20:14:49.046511" elapsed="0.000553"/>
</kw>
<kw name="Log" owner="BuiltIn">
<msg time="2024-03-29T20:14:49.047533" level="INFO">{'results': [{'gender': 'female', 'name': {'title': 'Miss', 'first': 'Sofie', 'last': 'Christiansen'}, 'location': {'street': {'number': 4387, 'name': 'Gammel Kongevej'}, 'city': 'Sandved', 'state': 'Midtjylland', 'country': 'Denmark', 'postcode': 63975, 'coordinates': {'latitude': '-43.3703', 'longitude': '68.4135'}, 'timezone': {'offset': '+5:30', 'description': 'Bombay, Calcutta, Madras, New Delhi'}}, 'email': 'sofie.christiansen@example.com', 'login': {'uuid': 'e11b73b6-9211-40ac-b944-8ab445ed5ddc', 'username': 'crazylion698', 'password': 'dimples', 'salt': 'jegcPV8K', 'md5': 'c48fee5b15d9e3a55c97bd1da3c21d01', 'sha1': '8b8a3f615ea360e33732610fa4339b24761476d1', 'sha256': '653fbf5d0bf7bf48dd847b15a9d5a31d20676bd65e2e8aa349a0c2f10c52e2c8'}, 'dob': {'date': '1987-01-05T10:28:41.650Z', 'age': 37}, 'registered': {'date': '2007-10-25T13:06:37.809Z', 'age': 16}, 'phone': '39838879', 'cell': '66659085', 'id': {'name': 'CPR', 'value': '050187-5320'}, 'picture': {'large': 'https://randomuser.me/api/portraits/women/27.jpg', 'medium': 'https://randomuser.me/api/portraits/med/women/27.jpg', 'thumbnail': 'https://randomuser.me/api/portraits/thumb/women/27.jpg'}, 'nat': 'DK'}], 'info': {'seed': 'cdcba853f4909600', 'results': 1, 'page': 1, 'version': '1.4'}}</msg>
<arg>${json_data}</arg>
<doc>Logs the given message with the given level.</doc>
<status status="PASS" start="2024-03-29T20:14:49.047378" elapsed="0.000238"/>
</kw>
<kw name="Should Be Equal As Numbers" owner="BuiltIn">
<arg>${json_data['results'][0]['location']['postcode']}</arg>
<arg>${json_data['results'][0]['location']['postcode']}</arg>
<doc>Fails if objects are unequal after converting them to real numbers.</doc>
<status status="PASS" start="2024-03-29T20:14:49.047923" elapsed="0.000632"/>
</kw>
<kw name="Log" owner="BuiltIn">
<msg time="2024-03-29T20:14:49.049129" level="INFO">63975</msg>
<arg>${json_data['results'][0]['location']['postcode']}</arg>
<doc>Logs the given message with the given level.</doc>
<status status="PASS" start="2024-03-29T20:14:49.048748" elapsed="0.000424"/>
</kw>
<status status="PASS" start="2024-03-29T20:14:48.956346" elapsed="0.093091"/>
</kw>
<doc>Testa se os tipos de dados na resposta da API estão corretos.</doc>
<tag>testeTiposDados</tag>
<status status="PASS" start="2024-03-29T20:14:48.915774" elapsed="0.133840"/>
</test>
<test id="s1-s1-t5" name="Validar conteudo" line="35">
<kw name="Teste de Tipos de Conteudo" owner="random-user-service">
<kw name="GET On Session" owner="RequestsLibrary">
<msg time="2024-03-29T20:14:49.149019" level="INFO">GET Request : url=https://randomuser.me/api 
 path_url=/api 
 headers={'User-Agent': 'python-requests/2.31.0', 'Accept-Encoding': 'gzip, deflate', 'Accept': '*/*', 'Connection': 'keep-alive'} 
 body=None 
 </msg>
<msg time="2024-03-29T20:14:49.149149" level="INFO">GET Response : url=https://randomuser.me/api 
 status=200, reason=OK 
 headers={'Date': 'Fri, 29 Mar 2024 20:14:49 GMT', 'Content-Type': 'application/json; charset=utf-8', 'Transfer-Encoding': 'chunked', 'Connection': 'keep-alive', 'X-Powered-By': 'Express', 'Access-Control-Allow-Origin': '*', 'Cache-Control': 'no-cache', 'ETag': 'W/"478-7bXpv4vyFSpHWaHbfglK5aSDG/w"', 'Vary': 'Accept-Encoding', 'Content-Encoding': 'gzip', 'CF-Cache-Status': 'DYNAMIC', 'Report-To': '{"endpoints":[{"url":"https:\\/\\/a.nel.cloudflare.com\\/report\\/v4?s=ncOq4GWol0QRYxymRSJNVzxNlp1ix8dPrMuZ356CBRiIrux9NjR9ipHD0cGBHLaS8lQrvwoEUVEbOaSFu%2ForGfmhEXgyDOfdMx%2BGx1PznnLditve2bYUc0suaxmtwV6u"}],"group":"cf-nel","max_age":604800}', 'NEL': '{"success_fraction":0,"report_to":"cf-nel","max_age":604800}', 'Server': 'cloudflare', 'CF-RAY': '86c287449e1682ce-IAD', 'alt-svc': 'h3=":443"; ma=86400'} 
 body={"results":[{"gender":"male","name":{"title":"Mr","first":"Babür","last":"Babaoğlu"},"location":{"street":{"number":8775,"name":"Filistin Cd"},"city":"Niğde","state":"Muğla","country":"Turkey","postcode":41007,"coordinates":{"latitude":"64.7103","longitude":"-115.9635"},"timezone":{"offset":"+6:00","description":"Almaty, Dhaka, Colombo"}},"email":"babur.babaoglu@example.com","login":{"uuid":"12ce9a95-d1f4-4a29-8f51-cad875b8e584","username":"goldenbutterfly802","password":"witch","salt":"2h8qQkLs","md5":"f97be4797fa74d01872a2ea5dae25b5c","sha1":"4aa3f4d2f6d776f7b947a5232d79ce60a3c20160","sha256":"95c4faa94191dafe3490a79094ec059c405c60e53cfec012768ec45135558726"},"dob":{"date":"1983-04-27T18:50:10.246Z","age":40},"registered":{"date":"2018-10-01T03:03:59.681Z","age":5},"phone":"(437)-593-5240","cell":"(154)-832-8785","id":{"name":"","value":null},"picture":{"large":"https://randomuser.me/api/portraits/men/54.jpg","medium":"https://randomuser.me/api/portraits/med/men/54.jpg","thumbnail":"https://randomuser.me/api/portraits/thumb/men/54.jpg"},"nat":"TR"}],"info":{"seed":"7c283c010d3a09f5","results":1,"page":1,"version":"1.4"}} 
 </msg>
<msg time="2024-03-29T20:14:49.149234" level="INFO">/opt/hostedtoolcache/Python/3.12.2/x64/lib/python3.12/site-packages/urllib3/connectionpool.py:1103: InsecureRequestWarning: Unverified HTTPS request is being made to host 'randomuser.me'. Adding certificate verification is strongly advised. See: https://urllib3.readthedocs.io/en/latest/advanced-usage.html#tls-warnings
  warnings.warn(</msg>
<msg time="2024-03-29T20:14:49.149350" level="INFO">${response} = &lt;Response [200]&gt;</msg>
<var>${response}</var>
<arg>consultarAPI</arg>
<arg>/api</arg>
<doc>Sends a GET request on a previously created HTTP Session.</doc>
<status status="PASS" start="2024-03-29T20:14:49.052119" elapsed="0.097271"/>
</kw>
<kw name="Set Variable" owner="BuiltIn">
<msg time="2024-03-29T20:14:49.150458" level="INFO">${json_data} = {'results': [{'gender': 'male', 'name': {'title': 'Mr', 'first': 'Babür', 'last': 'Babaoğlu'}, 'location': {'street': {'number': 8775, 'name': 'Filistin Cd'}, 'city': 'Niğde', 'state': 'Muğla', 'count...</msg>
<var>${json_data}</var>
<arg>${response.json()}</arg>
<doc>Returns the given values which can then be assigned to a variables.</doc>
<status status="PASS" start="2024-03-29T20:14:49.149922" elapsed="0.000573"/>
</kw>
<kw name="Set Variable" owner="BuiltIn">
<msg time="2024-03-29T20:14:49.151191" level="INFO">${name_title} = Mr</msg>
<var>${name_title}</var>
<arg>${json_data["results"][0]["name"]["title"]}</arg>
<doc>Returns the given values which can then be assigned to a variables.</doc>
<status status="PASS" start="2024-03-29T20:14:49.150808" elapsed="0.000408"/>
</kw>
<kw name="Create List" owner="BuiltIn">
<msg time="2024-03-29T20:14:49.151672" level="INFO">${allowed_titles} = ['Mr', 'Ms', 'Miss', 'Mrs', 'Madame', 'Monsieur']</msg>
<var>${allowed_titles}</var>
<arg>Mr</arg>
<arg>Ms</arg>
<arg>Miss</arg>
<arg>Mrs</arg>
<arg>Madame</arg>
<arg>Monsieur</arg>
<doc>Returns a list containing given items.</doc>
<status status="PASS" start="2024-03-29T20:14:49.151519" elapsed="0.000177"/>
</kw>
<kw name="List Should Contain Value" owner="Collections">
<msg time="2024-03-29T20:14:49.152177" level="INFO">False</msg>
<arg>${allowed_titles}</arg>
<arg>${name_title}</arg>
<doc>Fails if the ``value`` is not found from ``list``.</doc>
<status status="PASS" start="2024-03-29T20:14:49.152004" elapsed="0.000210"/>
</kw>
<kw name="Set Variable" owner="BuiltIn">
<msg time="2024-03-29T20:14:49.152880" level="INFO">${name_country} = TR</msg>
<var>${name_country}</var>
<arg>${json_data["results"][0]["nat"]}</arg>
<doc>Returns the given values which can then be assigned to a variables.</doc>
<status status="PASS" start="2024-03-29T20:14:49.152506" elapsed="0.000399"/>
</kw>
<kw name="Create List" owner="BuiltIn">
<msg time="2024-03-29T20:14:49.153861" level="INFO">${list_country} = ['AD', 'AE', 'AF', 'AG', 'AI', 'AL', 'AM', 'AO', 'AQ', 'AR', 'AS', 'AT', 'AU', 'AW', 'AX', 'AZ', 'BA', 'BB', 'BD', 'BE', 'BF', 'BG', 'BH', 'BI', 'BJ', 'BL', 'BM', 'BN', 'BO', 'BQ', 'BR', 'BS', 'BT', '...</msg>
<var>${list_country}</var>
<arg>AD</arg>
<arg>AE</arg>
<arg>AF</arg>
<arg>AG</arg>
<arg>AI</arg>
<arg>AL</arg>
<arg>AM</arg>
<arg>AO</arg>
<arg>AQ</arg>
<arg>AR</arg>
<arg>AS</arg>
<arg>AT</arg>
<arg>AU</arg>
<arg>AW</arg>
<arg>AX</arg>
<arg>AZ</arg>
<arg>BA</arg>
<arg>BB</arg>
<arg>BD</arg>
<arg>BE</arg>
<arg>BF</arg>
<arg>BG</arg>
<arg>BH</arg>
<arg>BI</arg>
<arg>BJ</arg>
<arg>BL</arg>
<arg>BM</arg>
<arg>BN</arg>
<arg>BO</arg>
<arg>BQ</arg>
<arg>BR</arg>
<arg>BS</arg>
<arg>BT</arg>
<arg>BV</arg>
<arg>BW</arg>
<arg>BY</arg>
<arg>BZ</arg>
<arg>CA</arg>
<arg>CC</arg>
<arg>CD</arg>
<arg>CF</arg>
<arg>CG</arg>
<arg>CH</arg>
<arg>CI</arg>
<arg>CK</arg>
<arg>CL</arg>
<arg>CM</arg>
<arg>CN</arg>
<arg>CO</arg>
<arg>CR</arg>
<arg>CU</arg>
<arg>CV</arg>
<arg>CW</arg>
<arg>CX</arg>
<arg>CY</arg>
<arg>CZ</arg>
<arg>DE</arg>
<arg>DJ</arg>
<arg>DK</arg>
<arg>DM</arg>
<arg>DO</arg>
<arg>DZ</arg>
<arg>EC</arg>
<arg>EE</arg>
<arg>EG</arg>
<arg>EH</arg>
<arg>ER</arg>
<arg>ES</arg>
<arg>ET</arg>
<arg>FI</arg>
<arg>FJ</arg>
<arg>FK</arg>
<arg>FM</arg>
<arg>FO</arg>
<arg>FR</arg>
<arg>GA</arg>
<arg>GB</arg>
<arg>GD</arg>
<arg>GE</arg>
<arg>GF</arg>
<arg>GG</arg>
<arg>GH</arg>
<arg>GI</arg>
<arg>GL</arg>
<arg>GM</arg>
<arg>GN</arg>
<arg>GP</arg>
<arg>GQ</arg>
<arg>GR</arg>
<arg>GS</arg>
<arg>GT</arg>
<arg>GU</arg>
<arg>GW</arg>
<arg>GY</arg>
<arg>HK</arg>
<arg>HM</arg>
<arg>HN</arg>
<arg>HR</arg>
<arg>HT</arg>
<arg>HU</arg>
<arg>ID</arg>
<arg>IE</arg>
<arg>IL</arg>
<arg>IM</arg>
<arg>IN</arg>
<arg>IO</arg>
<arg>IQ</arg>
<arg>IR</arg>
<arg>IS</arg>
<arg>IT</arg>
<arg>JE</arg>
<arg>JM</arg>
<arg>JO</arg>
<arg>JP</arg>
<arg>KE</arg>
<arg>KG</arg>
<arg>KH</arg>
<arg>KI</arg>
<arg>KM</arg>
<arg>KN</arg>
<arg>KP</arg>
<arg>KR</arg>
<arg>KW</arg>
<arg>KY</arg>
<arg>KZ</arg>
<arg>LA</arg>
<arg>LB</arg>
<arg>LC</arg>
<arg>LI</arg>
<arg>LK</arg>
<arg>LR</arg>
<arg>LS</arg>
<arg>LT</arg>
<arg>LU</arg>
<arg>LV</arg>
<arg>LY</arg>
<arg>MA</arg>
<arg>MC</arg>
<arg>MD</arg>
<arg>ME</arg>
<arg>MF</arg>
<arg>MG</arg>
<arg>MH</arg>
<arg>MK</arg>
<arg>ML</arg>
<arg>MM</arg>
<arg>MN</arg>
<arg>MO</arg>
<arg>MP</arg>
<arg>MQ</arg>
<arg>MR</arg>
<arg>MS</arg>
<arg>MT</arg>
<arg>MU</arg>
<arg>MV</arg>
<arg>MW</arg>
<arg>MX</arg>
<arg>MY</arg>
<arg>MZ</arg>
<arg>NA</arg>
<arg>NC</arg>
<arg>NE</arg>
<arg>NF</arg>
<arg>NG</arg>
<arg>NI</arg>
<arg>NL</arg>
<arg>NO</arg>
<arg>NP</arg>
<arg>NR</arg>
<arg>NU</arg>
<arg>NZ</arg>
<arg>OM</arg>
<arg>PA</arg>
<arg>PE</arg>
<arg>PF</arg>
<arg>PG</arg>
<arg>PH</arg>
<arg>PK</arg>
<arg>PL</arg>
<arg>PM</arg>
<arg>PN</arg>
<arg>PR</arg>
<arg>PS</arg>
<arg>PT</arg>
<arg>PW</arg>
<arg>PY</arg>
<arg>QA</arg>
<arg>RE</arg>
<arg>RO</arg>
<arg>RS</arg>
<arg>RU</arg>
<arg>RW</arg>
<arg>SA</arg>
<arg>SB</arg>
<arg>SC</arg>
<arg>SD</arg>
<arg>SE</arg>
<arg>SG</arg>
<arg>SH</arg>
<arg>SI</arg>
<arg>SJ</arg>
<arg>SK</arg>
<arg>SL</arg>
<arg>SM</arg>
<arg>SN</arg>
<arg>SO</arg>
<arg>SR</arg>
<arg>SS</arg>
<arg>ST</arg>
<arg>SV</arg>
<arg>SX</arg>
<arg>SY</arg>
<arg>SZ</arg>
<arg>TC</arg>
<arg>TD</arg>
<arg>TF</arg>
<arg>TG</arg>
<arg>TH</arg>
<arg>TJ</arg>
<arg>TK</arg>
<arg>TL</arg>
<arg>TM</arg>
<arg>TN</arg>
<arg>TO</arg>
<arg>TR</arg>
<arg>TT</arg>
<arg>TV</arg>
<arg>TW</arg>
<arg>TZ</arg>
<arg>UA</arg>
<arg>UG</arg>
<arg>UM</arg>
<arg>US</arg>
<arg>UY</arg>
<arg>UZ</arg>
<arg>VA</arg>
<arg>VC</arg>
<arg>VE</arg>
<arg>VG</arg>
<arg>VI</arg>
<arg>VN</arg>
<arg>VU</arg>
<arg>WF</arg>
<arg>WS</arg>
<arg>XK</arg>
<arg>YE</arg>
<arg>YT</arg>
<arg>ZA</arg>
<arg>ZM</arg>
<arg>ZW</arg>
<doc>Returns a list containing given items.</doc>
<status status="PASS" start="2024-03-29T20:14:49.153257" elapsed="0.000630"/>
</kw>
<kw name="List Should Contain Value" owner="Collections">
<msg time="2024-03-29T20:14:49.155019" level="INFO">False</msg>
<arg>${list_country}</arg>
<arg>${name_country}</arg>
<doc>Fails if the ``value`` is not found from ``list``.</doc>
<status status="PASS" start="2024-03-29T20:14:49.154815" elapsed="0.000241"/>
</kw>
<kw name="Run Keyword If" owner="BuiltIn">
<kw name="Should Be True" owner="BuiltIn">
<arg>${True}</arg>
<doc>Fails if the given condition is not true.</doc>
<status status="PASS" start="2024-03-29T20:14:49.156137" elapsed="0.000146"/>
</kw>
<arg>${json_data["results"][0]["location"]["coordinates"]["latitude"]} &gt;= -90 and ${json_data["results"][0]["location"]["coordinates"]["latitude"]} &lt;= 90</arg>
<arg>Should Be True</arg>
<arg>${True}</arg>
<doc>Runs the given keyword with the given arguments, if ``condition`` is true.</doc>
<status status="PASS" start="2024-03-29T20:14:49.155381" elapsed="0.001031"/>
</kw>
<kw name="Run Keyword If" owner="BuiltIn">
<kw name="Should Be True" owner="BuiltIn">
<arg>${True}</arg>
<doc>Fails if the given condition is not true.</doc>
<status status="PASS" start="2024-03-29T20:14:49.157356" elapsed="0.000139"/>
</kw>
<arg>${json_data["results"][0]["location"]["coordinates"]["longitude"]} &gt;= -180 and ${json_data["results"][0]["location"]["coordinates"]["longitude"]} &lt;= 180</arg>
<arg>Should Be True</arg>
<arg>${True}</arg>
<doc>Runs the given keyword with the given arguments, if ``condition`` is true.</doc>
<status status="PASS" start="2024-03-29T20:14:49.156599" elapsed="0.001019"/>
</kw>
<status status="PASS" start="2024-03-29T20:14:49.051870" elapsed="0.105880"/>
</kw>
<doc>Testa o conteúdo específico dos campos retornados pela API.</doc>
<tag>testeConteudo</tag>
<status status="PASS" start="2024-03-29T20:14:49.051375" elapsed="0.106535"/>
</test>
<status status="PASS" start="2024-03-29T20:14:47.704915" elapsed="1.454940"/>
</suite>
<status status="PASS" start="2024-03-29T20:14:47.691301" elapsed="1.473908"/>
</suite>
<statistics>
<total>
<stat pass="5" fail="0" skip="0">All Tests</stat>
</total>
<tag>
<stat pass="1" fail="0" skip="0">testeConteudo</stat>
<stat pass="1" fail="0" skip="0">testeEstruturaResposta</stat>
<stat pass="1" fail="0" skip="0">testeRequisicaoBasica</stat>
<stat pass="1" fail="0" skip="0">testeTiposDados</stat>
</tag>
<suite>
<stat pass="5" fail="0" skip="0" id="s1" name="Tests">Tests</stat>
<stat pass="5" fail="0" skip="0" id="s1-s1" name="Random-User-Test">Tests.Random-User-Test</stat>
</suite>
</statistics>
<errors>
</errors>
</robot>
