<?xml version="1.0" encoding="UTF-8"?>
<robot generator="Robot 7.0.1 (Python 3.12.3 on linux)" generated="2024-06-13T01:05:27.349106" rpa="false" schemaversion="5">
<suite id="s1" name="Tests" source="/home/runner/work/ApiRandomUser/ApiRandomUser/RamdonUser/tests">
<suite id="s1-s1" name="Random-User-Test" source="/home/runner/work/ApiRandomUser/ApiRandomUser/RamdonUser/tests/random-user-test.robot">
<test id="s1-s1-t1" name="Conectar" line="13">
<kw name="Conectar API" owner="random-user-service">
<kw name="Create Session" owner="RequestsLibrary">
<msg time="2024-06-13T01:05:27.759070" level="INFO">Creating Session using : alias=consultarAPI, url=https://randomuser.me/, headers={},                     cookies={}, auth=None, timeout=None, proxies=None, verify=False,                     debug=0 </msg>
<arg>consultarAPI</arg>
<arg>${URL}</arg>
<doc>Create Session: create a HTTP session to a server</doc>
<status status="PASS" start="2024-06-13T01:05:27.758863" elapsed="0.000401"/>
</kw>
<status status="PASS" start="2024-06-13T01:05:27.757858" elapsed="0.001775"/>
</kw>
<status status="PASS" start="2024-06-13T01:05:27.757256" elapsed="0.002572"/>
</test>
<test id="s1-s1-t2" name="Validar retorno 200 e JSON Válido" line="16">
<kw name="Teste de Requisicao Basica" owner="random-user-service">
<kw name="GET On Session" owner="RequestsLibrary">
<msg time="2024-06-13T01:05:28.012287" level="INFO">GET Request : url=https://randomuser.me/api 
 path_url=/api 
 headers={'User-Agent': 'python-requests/2.32.3', 'Accept-Encoding': 'gzip, deflate', 'Accept': '*/*', 'Connection': 'keep-alive'} 
 body=None 
 </msg>
<msg time="2024-06-13T01:05:28.012465" level="INFO">GET Response : url=https://randomuser.me/api 
 status=200, reason=OK 
 headers={'Date': 'Thu, 13 Jun 2024 01:05:28 GMT', 'Content-Type': 'application/json; charset=utf-8', 'Transfer-Encoding': 'chunked', 'Connection': 'keep-alive', 'X-Powered-By': 'Express', 'Access-Control-Allow-Origin': '*', 'Cache-Control': 'no-cache', 'ETag': 'W/"48b-pvQu9OhCgJuwsHNqyuEC6ZjpLb8"', 'Vary': 'Accept-Encoding', 'Content-Encoding': 'gzip', 'CF-Cache-Status': 'DYNAMIC', 'Report-To': '{"endpoints":[{"url":"https:\\/\\/a.nel.cloudflare.com\\/report\\/v4?s=K6zzMqUpPRT9O8htKrDkIeIKFk8pgyroJgpswMl9W31FyvCCJmow1A%2FT2k4ommZRK7d7mSFASvs8zd2yxpYQINQZx7Jv%2F%2BBTMD%2BGr0bqLp0dcFxPFVVGDPGxRsQ5JrZy"}],"group":"cf-nel","max_age":604800}', 'NEL': '{"success_fraction":0,"report_to":"cf-nel","max_age":604800}', 'Server': 'cloudflare', 'CF-RAY': '892e2c25bd738f45-ORD', 'alt-svc': 'h3=":443"; ma=86400'} 
 body={"results":[{"gender":"male","name":{"title":"Mr","first":"Isaac","last":"Cortes"},"location":{"street":{"number":2220,"name":"Calle de Tetuán"},"city":"Córdoba","state":"Región de Murcia","country":"Spain","postcode":42089,"coordinates":{"latitude":"-37.2659","longitude":"-170.7282"},"timezone":{"offset":"-1:00","description":"Azores, Cape Verde Islands"}},"email":"isaac.cortes@example.com","login":{"uuid":"826393f5-0329-498a-98aa-d80518238807","username":"purpleostrich834","password":"lord","salt":"dphKMHPL","md5":"b759596433f3437a71178ee49263fd42","sha1":"fecfcebf88fc985264dfa751615b887baf21ccd5","sha256":"594ea9e61968ec9fd6ffe19c5880d119743caf845c6ec7d672433945942dae2d"},"dob":{"date":"1973-08-10T11:38:42.464Z","age":50},"registered":{"date":"2002-08-03T14:44:56.466Z","age":21},"phone":"905-125-504","cell":"657-414-092","id":{"name":"DNI","value":"85503384-Z"},"picture":{"large":"https://randomuser.me/api/portraits/men/33.jpg","medium":"https://randomuser.me/api/portraits/med/men/33.jpg","thumbnail":"https://randomuser.me/api/portraits/thumb/men/33.jpg"},"nat":"ES"}],"info":{"seed":"ed39098affa23cf2","results":1,"page":1,"version":"1.4"}} 
 </msg>
<msg time="2024-06-13T01:05:28.012563" level="INFO">/opt/hostedtoolcache/Python/3.12.3/x64/lib/python3.12/site-packages/urllib3/connectionpool.py:1103: InsecureRequestWarning: Unverified HTTPS request is being made to host 'randomuser.me'. Adding certificate verification is strongly advised. See: https://urllib3.readthedocs.io/en/latest/advanced-usage.html#tls-warnings
  warnings.warn(</msg>
<msg time="2024-06-13T01:05:28.012714" level="INFO">${response} = &lt;Response [200]&gt;</msg>
<var>${response}</var>
<arg>consultarAPI</arg>
<arg>/api</arg>
<doc>Sends a GET request on a previously created HTTP Session.</doc>
<status status="PASS" start="2024-06-13T01:05:27.762523" elapsed="0.250236"/>
</kw>
<kw name="Should Be Equal As Numbers" owner="BuiltIn">
<msg time="2024-06-13T01:05:28.013957" level="INFO">Argument types are:
&lt;class 'int'&gt;
&lt;class 'str'&gt;</msg>
<arg>${response.status_code}</arg>
<arg>200</arg>
<doc>Fails if objects are unequal after converting them to real numbers.</doc>
<status status="PASS" start="2024-06-13T01:05:28.013470" elapsed="0.000552"/>
</kw>
<kw name="Log" owner="BuiltIn">
<msg time="2024-06-13T01:05:28.014710" level="INFO">200</msg>
<arg>${response.status_code}</arg>
<doc>Logs the given message with the given level.</doc>
<status status="PASS" start="2024-06-13T01:05:28.014359" elapsed="0.000399"/>
</kw>
<kw name="Set Variable" owner="BuiltIn">
<msg time="2024-06-13T01:05:28.015497" level="INFO">${json_data} = {'results': [{'gender': 'male', 'name': {'title': 'Mr', 'first': 'Isaac', 'last': 'Cortes'}, 'location': {'street': {'number': 2220, 'name': 'Calle de Tetuán'}, 'city': 'Córdoba', 'state': 'Región de ...</msg>
<var>${json_data}</var>
<arg>${response.json()}</arg>
<doc>Returns the given values which can then be assigned to a variables.</doc>
<status status="PASS" start="2024-06-13T01:05:28.015063" elapsed="0.000463"/>
</kw>
<kw name="Dictionary Should Contain Key" owner="Collections">
<arg>${json_data}</arg>
<arg>results</arg>
<doc>Fails if ``key`` is not found from ``dictionary``.</doc>
<status status="PASS" start="2024-06-13T01:05:28.015823" elapsed="0.000162"/>
</kw>
<status status="PASS" start="2024-06-13T01:05:27.762260" elapsed="0.253876"/>
</kw>
<doc>Testa se a API responde corretamente e retorna um objeto JSON válido.</doc>
<tag>testeRequisicaoBasica</tag>
<status status="PASS" start="2024-06-13T01:05:27.761753" elapsed="0.254563"/>
</test>
<test id="s1-s1-t3" name="Validar estrutura de resposta" line="22">
<kw name="Teste de Estrutura de Resposta" owner="random-user-service">
<kw name="GET On Session" owner="RequestsLibrary">
<msg time="2024-06-13T01:05:28.109720" level="INFO">GET Request : url=https://randomuser.me/api 
 path_url=/api 
 headers={'User-Agent': 'python-requests/2.32.3', 'Accept-Encoding': 'gzip, deflate', 'Accept': '*/*', 'Connection': 'keep-alive'} 
 body=None 
 </msg>
<msg time="2024-06-13T01:05:28.109823" level="INFO">GET Response : url=https://randomuser.me/api 
 status=200, reason=OK 
 headers={'Date': 'Thu, 13 Jun 2024 01:05:28 GMT', 'Content-Type': 'application/json; charset=utf-8', 'Transfer-Encoding': 'chunked', 'Connection': 'keep-alive', 'X-Powered-By': 'Express', 'Access-Control-Allow-Origin': '*', 'Cache-Control': 'no-cache', 'ETag': 'W/"498-X7OdV8cT6DbCLoxVdSKevGy3lZw"', 'Vary': 'Accept-Encoding', 'Content-Encoding': 'gzip', 'CF-Cache-Status': 'DYNAMIC', 'Report-To': '{"endpoints":[{"url":"https:\\/\\/a.nel.cloudflare.com\\/report\\/v4?s=Ph43NnvVxyxg11SY61hZ%2B1ftw9PkGE77F5UWFgF%2BQQFOtOxZIeVB9pqergyR5GDYic0tmtj%2BT2qm5Vbe0nG6MoS2hv4%2Fo5bNCBNRi1XkklQywArlirHk%2FZt3A3IlxXBP"}],"group":"cf-nel","max_age":604800}', 'NEL': '{"success_fraction":0,"report_to":"cf-nel","max_age":604800}', 'Server': 'cloudflare', 'CF-RAY': '892e2c261e1b8f45-ORD', 'alt-svc': 'h3=":443"; ma=86400'} 
 body={"results":[{"gender":"male","name":{"title":"Mr","first":"Damianus","last":"Van der Klift"},"location":{"street":{"number":849,"name":"Capucijnenpoort"},"city":"Kruispolderhaven","state":"Overijssel","country":"Netherlands","postcode":"1002 QN","coordinates":{"latitude":"37.9267","longitude":"-126.1201"},"timezone":{"offset":"-10:00","description":"Hawaii"}},"email":"damianus.vanderklift@example.com","login":{"uuid":"2c1147b3-6041-47f3-91f1-63059692841b","username":"yellowbutterfly470","password":"animal","salt":"yaqfC0mu","md5":"6b216e7b29d468bb5110115eea490f61","sha1":"d106fe28a9d64d8c12c3ff91c7eba77078ae9e76","sha256":"286fab7266551bc71f9b9b7d0291f90f6794b2b3aaf16f2d95500b660fcd9f3b"},"dob":{"date":"1955-05-18T08:12:33.978Z","age":69},"registered":{"date":"2002-05-20T15:03:04.227Z","age":22},"phone":"(0363) 810156","cell":"(06) 87690849","id":{"name":"BSN","value":"90048123"},"picture":{"large":"https://randomuser.me/api/portraits/men/35.jpg","medium":"https://randomuser.me/api/portraits/med/men/35.jpg","thumbnail":"https://randomuser.me/api/portraits/thumb/men/35.jpg"},"nat":"NL"}],"info":{"seed":"6e7bcc5548fd7cdc","results":1,"page":1,"version":"1.4"}} 
 </msg>
<msg time="2024-06-13T01:05:28.109957" level="INFO">/opt/hostedtoolcache/Python/3.12.3/x64/lib/python3.12/site-packages/urllib3/connectionpool.py:1103: InsecureRequestWarning: Unverified HTTPS request is being made to host 'randomuser.me'. Adding certificate verification is strongly advised. See: https://urllib3.readthedocs.io/en/latest/advanced-usage.html#tls-warnings
  warnings.warn(</msg>
<msg time="2024-06-13T01:05:28.110095" level="INFO">${response} = &lt;Response [200]&gt;</msg>
<var>${response}</var>
<arg>consultarAPI</arg>
<arg>/api</arg>
<doc>Sends a GET request on a previously created HTTP Session.</doc>
<status status="PASS" start="2024-06-13T01:05:28.019058" elapsed="0.091080"/>
</kw>
<kw name="Set Variable" owner="BuiltIn">
<msg time="2024-06-13T01:05:28.111346" level="INFO">${json_data} = {'results': [{'gender': 'male', 'name': {'title': 'Mr', 'first': 'Damianus', 'last': 'Van der Klift'}, 'location': {'street': {'number': 849, 'name': 'Capucijnenpoort'}, 'city': 'Kruispolderhaven', 's...</msg>
<var>${json_data}</var>
<arg>${response.json()}</arg>
<doc>Returns the given values which can then be assigned to a variables.</doc>
<status status="PASS" start="2024-06-13T01:05:28.110754" elapsed="0.000622"/>
</kw>
<kw name="Log" owner="BuiltIn">
<msg time="2024-06-13T01:05:28.111846" level="INFO">{'results': [{'gender': 'male', 'name': {'title': 'Mr', 'first': 'Damianus', 'last': 'Van der Klift'}, 'location': {'street': {'number': 849, 'name': 'Capucijnenpoort'}, 'city': 'Kruispolderhaven', 'state': 'Overijssel', 'country': 'Netherlands', 'postcode': '1002 QN', 'coordinates': {'latitude': '37.9267', 'longitude': '-126.1201'}, 'timezone': {'offset': '-10:00', 'description': 'Hawaii'}}, 'email': 'damianus.vanderklift@example.com', 'login': {'uuid': '2c1147b3-6041-47f3-91f1-63059692841b', 'username': 'yellowbutterfly470', 'password': 'animal', 'salt': 'yaqfC0mu', 'md5': '6b216e7b29d468bb5110115eea490f61', 'sha1': 'd106fe28a9d64d8c12c3ff91c7eba77078ae9e76', 'sha256': '286fab7266551bc71f9b9b7d0291f90f6794b2b3aaf16f2d95500b660fcd9f3b'}, 'dob': {'date': '1955-05-18T08:12:33.978Z', 'age': 69}, 'registered': {'date': '2002-05-20T15:03:04.227Z', 'age': 22}, 'phone': '(0363) 810156', 'cell': '(06) 87690849', 'id': {'name': 'BSN', 'value': '90048123'}, 'picture': {'large': 'https://randomuser.me/api/portraits/men/35.jpg', 'medium': 'https://randomuser.me/api/portraits/med/men/35.jpg', 'thumbnail': 'https://randomuser.me/api/portraits/thumb/men/35.jpg'}, 'nat': 'NL'}], 'info': {'seed': '6e7bcc5548fd7cdc', 'results': 1, 'page': 1, 'version': '1.4'}}</msg>
<arg>${json_data}</arg>
<doc>Logs the given message with the given level.</doc>
<status status="PASS" start="2024-06-13T01:05:28.111688" elapsed="0.000210"/>
</kw>
<kw name="Dictionary Should Contain Key" owner="Collections">
<arg>${json_data}</arg>
<arg>results</arg>
<doc>Fails if ``key`` is not found from ``dictionary``.</doc>
<status status="PASS" start="2024-06-13T01:05:28.112191" elapsed="0.000161"/>
</kw>
<kw name="Should Not Be Empty" owner="BuiltIn">
<msg time="2024-06-13T01:05:28.112662" level="INFO">Length is 2.</msg>
<arg>${json_data}</arg>
<doc>Verifies that the given item is not empty.</doc>
<status status="PASS" start="2024-06-13T01:05:28.112535" elapsed="0.000166"/>
</kw>
<kw name="Create List" owner="BuiltIn">
<msg time="2024-06-13T01:05:28.113133" level="INFO">${expected_keys} = ['gender', 'name', 'location', 'email', 'login']</msg>
<var>${expected_keys}</var>
<arg>gender</arg>
<arg>name</arg>
<arg>location</arg>
<arg>email</arg>
<arg>login</arg>
<doc>Returns a list containing given items.</doc>
<status status="PASS" start="2024-06-13T01:05:28.112987" elapsed="0.000170"/>
</kw>
<for flavor="IN">
<iter>
<kw name="Dictionary Should Contain Key" owner="Collections">
<arg>${json_data['results'][0]}</arg>
<arg>${key}</arg>
<doc>Fails if ``key`` is not found from ``dictionary``.</doc>
<status status="PASS" start="2024-06-13T01:05:28.113946" elapsed="0.000396"/>
</kw>
<kw name="Log" owner="BuiltIn">
<msg time="2024-06-13T01:05:28.114885" level="INFO">{'gender': 'male', 'name': {'title': 'Mr', 'first': 'Damianus', 'last': 'Van der Klift'}, 'location': {'street': {'number': 849, 'name': 'Capucijnenpoort'}, 'city': 'Kruispolderhaven', 'state': 'Overijssel', 'country': 'Netherlands', 'postcode': '1002 QN', 'coordinates': {'latitude': '37.9267', 'longitude': '-126.1201'}, 'timezone': {'offset': '-10:00', 'description': 'Hawaii'}}, 'email': 'damianus.vanderklift@example.com', 'login': {'uuid': '2c1147b3-6041-47f3-91f1-63059692841b', 'username': 'yellowbutterfly470', 'password': 'animal', 'salt': 'yaqfC0mu', 'md5': '6b216e7b29d468bb5110115eea490f61', 'sha1': 'd106fe28a9d64d8c12c3ff91c7eba77078ae9e76', 'sha256': '286fab7266551bc71f9b9b7d0291f90f6794b2b3aaf16f2d95500b660fcd9f3b'}, 'dob': {'date': '1955-05-18T08:12:33.978Z', 'age': 69}, 'registered': {'date': '2002-05-20T15:03:04.227Z', 'age': 22}, 'phone': '(0363) 810156', 'cell': '(06) 87690849', 'id': {'name': 'BSN', 'value': '90048123'}, 'picture': {'large': 'https://randomuser.me/api/portraits/men/35.jpg', 'medium': 'https://randomuser.me/api/portraits/med/men/35.jpg', 'thumbnail': 'https://randomuser.me/api/portraits/thumb/men/35.jpg'}, 'nat': 'NL'}</msg>
<arg>${json_data['results'][0]}</arg>
<doc>Logs the given message with the given level.</doc>
<status status="PASS" start="2024-06-13T01:05:28.114529" elapsed="0.000404"/>
</kw>
<kw name="Log" owner="BuiltIn">
<msg time="2024-06-13T01:05:28.115350" level="INFO">gender</msg>
<arg>${key}</arg>
<doc>Logs the given message with the given level.</doc>
<status status="PASS" start="2024-06-13T01:05:28.115224" elapsed="0.000163"/>
</kw>
<var name="${key}">gender</var>
<status status="PASS" start="2024-06-13T01:05:28.113817" elapsed="0.001786"/>
</iter>
<iter>
<kw name="Dictionary Should Contain Key" owner="Collections">
<arg>${json_data['results'][0]}</arg>
<arg>${key}</arg>
<doc>Fails if ``key`` is not found from ``dictionary``.</doc>
<status status="PASS" start="2024-06-13T01:05:28.115897" elapsed="0.000383"/>
</kw>
<kw name="Log" owner="BuiltIn">
<msg time="2024-06-13T01:05:28.116812" level="INFO">{'gender': 'male', 'name': {'title': 'Mr', 'first': 'Damianus', 'last': 'Van der Klift'}, 'location': {'street': {'number': 849, 'name': 'Capucijnenpoort'}, 'city': 'Kruispolderhaven', 'state': 'Overijssel', 'country': 'Netherlands', 'postcode': '1002 QN', 'coordinates': {'latitude': '37.9267', 'longitude': '-126.1201'}, 'timezone': {'offset': '-10:00', 'description': 'Hawaii'}}, 'email': 'damianus.vanderklift@example.com', 'login': {'uuid': '2c1147b3-6041-47f3-91f1-63059692841b', 'username': 'yellowbutterfly470', 'password': 'animal', 'salt': 'yaqfC0mu', 'md5': '6b216e7b29d468bb5110115eea490f61', 'sha1': 'd106fe28a9d64d8c12c3ff91c7eba77078ae9e76', 'sha256': '286fab7266551bc71f9b9b7d0291f90f6794b2b3aaf16f2d95500b660fcd9f3b'}, 'dob': {'date': '1955-05-18T08:12:33.978Z', 'age': 69}, 'registered': {'date': '2002-05-20T15:03:04.227Z', 'age': 22}, 'phone': '(0363) 810156', 'cell': '(06) 87690849', 'id': {'name': 'BSN', 'value': '90048123'}, 'picture': {'large': 'https://randomuser.me/api/portraits/men/35.jpg', 'medium': 'https://randomuser.me/api/portraits/med/men/35.jpg', 'thumbnail': 'https://randomuser.me/api/portraits/thumb/men/35.jpg'}, 'nat': 'NL'}</msg>
<arg>${json_data['results'][0]}</arg>
<doc>Logs the given message with the given level.</doc>
<status status="PASS" start="2024-06-13T01:05:28.116467" elapsed="0.000425"/>
</kw>
<kw name="Log" owner="BuiltIn">
<msg time="2024-06-13T01:05:28.117347" level="INFO">name</msg>
<arg>${key}</arg>
<doc>Logs the given message with the given level.</doc>
<status status="PASS" start="2024-06-13T01:05:28.117186" elapsed="0.000203"/>
</kw>
<var name="${key}">name</var>
<status status="PASS" start="2024-06-13T01:05:28.115788" elapsed="0.001828"/>
</iter>
<iter>
<kw name="Dictionary Should Contain Key" owner="Collections">
<arg>${json_data['results'][0]}</arg>
<arg>${key}</arg>
<doc>Fails if ``key`` is not found from ``dictionary``.</doc>
<status status="PASS" start="2024-06-13T01:05:28.117905" elapsed="0.000377"/>
</kw>
<kw name="Log" owner="BuiltIn">
<msg time="2024-06-13T01:05:28.118811" level="INFO">{'gender': 'male', 'name': {'title': 'Mr', 'first': 'Damianus', 'last': 'Van der Klift'}, 'location': {'street': {'number': 849, 'name': 'Capucijnenpoort'}, 'city': 'Kruispolderhaven', 'state': 'Overijssel', 'country': 'Netherlands', 'postcode': '1002 QN', 'coordinates': {'latitude': '37.9267', 'longitude': '-126.1201'}, 'timezone': {'offset': '-10:00', 'description': 'Hawaii'}}, 'email': 'damianus.vanderklift@example.com', 'login': {'uuid': '2c1147b3-6041-47f3-91f1-63059692841b', 'username': 'yellowbutterfly470', 'password': 'animal', 'salt': 'yaqfC0mu', 'md5': '6b216e7b29d468bb5110115eea490f61', 'sha1': 'd106fe28a9d64d8c12c3ff91c7eba77078ae9e76', 'sha256': '286fab7266551bc71f9b9b7d0291f90f6794b2b3aaf16f2d95500b660fcd9f3b'}, 'dob': {'date': '1955-05-18T08:12:33.978Z', 'age': 69}, 'registered': {'date': '2002-05-20T15:03:04.227Z', 'age': 22}, 'phone': '(0363) 810156', 'cell': '(06) 87690849', 'id': {'name': 'BSN', 'value': '90048123'}, 'picture': {'large': 'https://randomuser.me/api/portraits/men/35.jpg', 'medium': 'https://randomuser.me/api/portraits/med/men/35.jpg', 'thumbnail': 'https://randomuser.me/api/portraits/thumb/men/35.jpg'}, 'nat': 'NL'}</msg>
<arg>${json_data['results'][0]}</arg>
<doc>Logs the given message with the given level.</doc>
<status status="PASS" start="2024-06-13T01:05:28.118466" elapsed="0.000402"/>
</kw>
<kw name="Log" owner="BuiltIn">
<msg time="2024-06-13T01:05:28.119282" level="INFO">location</msg>
<arg>${key}</arg>
<doc>Logs the given message with the given level.</doc>
<status status="PASS" start="2024-06-13T01:05:28.119158" elapsed="0.000160"/>
</kw>
<var name="${key}">location</var>
<status status="PASS" start="2024-06-13T01:05:28.117797" elapsed="0.001736"/>
</iter>
<iter>
<kw name="Dictionary Should Contain Key" owner="Collections">
<arg>${json_data['results'][0]}</arg>
<arg>${key}</arg>
<doc>Fails if ``key`` is not found from ``dictionary``.</doc>
<status status="PASS" start="2024-06-13T01:05:28.119807" elapsed="0.000393"/>
</kw>
<kw name="Log" owner="BuiltIn">
<msg time="2024-06-13T01:05:28.120720" level="INFO">{'gender': 'male', 'name': {'title': 'Mr', 'first': 'Damianus', 'last': 'Van der Klift'}, 'location': {'street': {'number': 849, 'name': 'Capucijnenpoort'}, 'city': 'Kruispolderhaven', 'state': 'Overijssel', 'country': 'Netherlands', 'postcode': '1002 QN', 'coordinates': {'latitude': '37.9267', 'longitude': '-126.1201'}, 'timezone': {'offset': '-10:00', 'description': 'Hawaii'}}, 'email': 'damianus.vanderklift@example.com', 'login': {'uuid': '2c1147b3-6041-47f3-91f1-63059692841b', 'username': 'yellowbutterfly470', 'password': 'animal', 'salt': 'yaqfC0mu', 'md5': '6b216e7b29d468bb5110115eea490f61', 'sha1': 'd106fe28a9d64d8c12c3ff91c7eba77078ae9e76', 'sha256': '286fab7266551bc71f9b9b7d0291f90f6794b2b3aaf16f2d95500b660fcd9f3b'}, 'dob': {'date': '1955-05-18T08:12:33.978Z', 'age': 69}, 'registered': {'date': '2002-05-20T15:03:04.227Z', 'age': 22}, 'phone': '(0363) 810156', 'cell': '(06) 87690849', 'id': {'name': 'BSN', 'value': '90048123'}, 'picture': {'large': 'https://randomuser.me/api/portraits/men/35.jpg', 'medium': 'https://randomuser.me/api/portraits/med/men/35.jpg', 'thumbnail': 'https://randomuser.me/api/portraits/thumb/men/35.jpg'}, 'nat': 'NL'}</msg>
<arg>${json_data['results'][0]}</arg>
<doc>Logs the given message with the given level.</doc>
<status status="PASS" start="2024-06-13T01:05:28.120380" elapsed="0.000387"/>
</kw>
<kw name="Log" owner="BuiltIn">
<msg time="2024-06-13T01:05:28.121181" level="INFO">email</msg>
<arg>${key}</arg>
<doc>Logs the given message with the given level.</doc>
<status status="PASS" start="2024-06-13T01:05:28.121056" elapsed="0.000162"/>
</kw>
<var name="${key}">email</var>
<status status="PASS" start="2024-06-13T01:05:28.119703" elapsed="0.001781"/>
</iter>
<iter>
<kw name="Dictionary Should Contain Key" owner="Collections">
<arg>${json_data['results'][0]}</arg>
<arg>${key}</arg>
<doc>Fails if ``key`` is not found from ``dictionary``.</doc>
<status status="PASS" start="2024-06-13T01:05:28.121765" elapsed="0.000390"/>
</kw>
<kw name="Log" owner="BuiltIn">
<msg time="2024-06-13T01:05:28.122685" level="INFO">{'gender': 'male', 'name': {'title': 'Mr', 'first': 'Damianus', 'last': 'Van der Klift'}, 'location': {'street': {'number': 849, 'name': 'Capucijnenpoort'}, 'city': 'Kruispolderhaven', 'state': 'Overijssel', 'country': 'Netherlands', 'postcode': '1002 QN', 'coordinates': {'latitude': '37.9267', 'longitude': '-126.1201'}, 'timezone': {'offset': '-10:00', 'description': 'Hawaii'}}, 'email': 'damianus.vanderklift@example.com', 'login': {'uuid': '2c1147b3-6041-47f3-91f1-63059692841b', 'username': 'yellowbutterfly470', 'password': 'animal', 'salt': 'yaqfC0mu', 'md5': '6b216e7b29d468bb5110115eea490f61', 'sha1': 'd106fe28a9d64d8c12c3ff91c7eba77078ae9e76', 'sha256': '286fab7266551bc71f9b9b7d0291f90f6794b2b3aaf16f2d95500b660fcd9f3b'}, 'dob': {'date': '1955-05-18T08:12:33.978Z', 'age': 69}, 'registered': {'date': '2002-05-20T15:03:04.227Z', 'age': 22}, 'phone': '(0363) 810156', 'cell': '(06) 87690849', 'id': {'name': 'BSN', 'value': '90048123'}, 'picture': {'large': 'https://randomuser.me/api/portraits/men/35.jpg', 'medium': 'https://randomuser.me/api/portraits/med/men/35.jpg', 'thumbnail': 'https://randomuser.me/api/portraits/thumb/men/35.jpg'}, 'nat': 'NL'}</msg>
<arg>${json_data['results'][0]}</arg>
<doc>Logs the given message with the given level.</doc>
<status status="PASS" start="2024-06-13T01:05:28.122338" elapsed="0.000393"/>
</kw>
<kw name="Log" owner="BuiltIn">
<msg time="2024-06-13T01:05:28.123143" level="INFO">login</msg>
<arg>${key}</arg>
<doc>Logs the given message with the given level.</doc>
<status status="PASS" start="2024-06-13T01:05:28.123019" elapsed="0.000160"/>
</kw>
<var name="${key}">login</var>
<status status="PASS" start="2024-06-13T01:05:28.121657" elapsed="0.001733"/>
</iter>
<var>${key}</var>
<value>@{expected_keys}</value>
<status status="PASS" start="2024-06-13T01:05:28.113619" elapsed="0.009890"/>
</for>
<kw name="Create List" owner="BuiltIn">
<msg time="2024-06-13T01:05:28.123835" level="INFO">${expected_keysTwo} = ['username', 'password']</msg>
<var>${expected_keysTwo}</var>
<arg>username</arg>
<arg>password</arg>
<doc>Returns a list containing given items.</doc>
<status status="PASS" start="2024-06-13T01:05:28.123698" elapsed="0.000188"/>
</kw>
<for flavor="IN">
<iter>
<kw name="Dictionary Should Contain Key" owner="Collections">
<arg>${json_data['results'][0]['login']}</arg>
<arg>${keyTwo}</arg>
<doc>Fails if ``key`` is not found from ``dictionary``.</doc>
<status status="PASS" start="2024-06-13T01:05:28.124383" elapsed="0.000379"/>
</kw>
<kw name="Dictionary Should Contain Key" owner="Collections">
<arg>${json_data['results'][0]['login']}</arg>
<arg>${keyTwo}</arg>
<doc>Fails if ``key`` is not found from ``dictionary``.</doc>
<status status="PASS" start="2024-06-13T01:05:28.124939" elapsed="0.000393"/>
</kw>
<kw name="Log" owner="BuiltIn">
<msg time="2024-06-13T01:05:28.125632" level="INFO">username</msg>
<arg>${keyTwo}</arg>
<doc>Logs the given message with the given level.</doc>
<status status="PASS" start="2024-06-13T01:05:28.125512" elapsed="0.000161"/>
</kw>
<var name="${keyTwo}">username</var>
<status status="PASS" start="2024-06-13T01:05:28.124276" elapsed="0.001617"/>
</iter>
<iter>
<kw name="Dictionary Should Contain Key" owner="Collections">
<arg>${json_data['results'][0]['login']}</arg>
<arg>${keyTwo}</arg>
<doc>Fails if ``key`` is not found from ``dictionary``.</doc>
<status status="PASS" start="2024-06-13T01:05:28.126175" elapsed="0.000379"/>
</kw>
<kw name="Dictionary Should Contain Key" owner="Collections">
<arg>${json_data['results'][0]['login']}</arg>
<arg>${keyTwo}</arg>
<doc>Fails if ``key`` is not found from ``dictionary``.</doc>
<status status="PASS" start="2024-06-13T01:05:28.126731" elapsed="0.000367"/>
</kw>
<kw name="Log" owner="BuiltIn">
<msg time="2024-06-13T01:05:28.127390" level="INFO">password</msg>
<arg>${keyTwo}</arg>
<doc>Logs the given message with the given level.</doc>
<status status="PASS" start="2024-06-13T01:05:28.127273" elapsed="0.000153"/>
</kw>
<var name="${keyTwo}">password</var>
<status status="PASS" start="2024-06-13T01:05:28.126070" elapsed="0.001573"/>
</iter>
<var>${keyTwo}</var>
<value>@{expected_keysTwo}</value>
<status status="PASS" start="2024-06-13T01:05:28.124126" elapsed="0.003634"/>
</for>
<status status="PASS" start="2024-06-13T01:05:28.018822" elapsed="0.109077"/>
</kw>
<doc>Testa a estrutura da resposta da API.</doc>
<tag>testeEstruturaResposta</tag>
<status status="PASS" start="2024-06-13T01:05:28.018217" elapsed="0.109839"/>
</test>
<test id="s1-s1-t4" name="Validar tipos de dados" line="28">
<kw name="Teste de Tipos de Dados" owner="random-user-service">
<kw name="GET On Session" owner="RequestsLibrary">
<msg time="2024-06-13T01:05:28.208385" level="INFO">GET Request : url=https://randomuser.me/api 
 path_url=/api 
 headers={'User-Agent': 'python-requests/2.32.3', 'Accept-Encoding': 'gzip, deflate', 'Accept': '*/*', 'Connection': 'keep-alive'} 
 body=None 
 </msg>
<msg time="2024-06-13T01:05:28.208484" level="INFO">GET Response : url=https://randomuser.me/api 
 status=200, reason=OK 
 headers={'Date': 'Thu, 13 Jun 2024 01:05:28 GMT', 'Content-Type': 'application/json; charset=utf-8', 'Transfer-Encoding': 'chunked', 'Connection': 'keep-alive', 'X-Powered-By': 'Express', 'Access-Control-Allow-Origin': '*', 'Cache-Control': 'no-cache', 'ETag': 'W/"4a1-0zXcj6jaFGjcwnqLR2urLlTkPBA"', 'Vary': 'Accept-Encoding', 'Content-Encoding': 'gzip', 'CF-Cache-Status': 'DYNAMIC', 'Report-To': '{"endpoints":[{"url":"https:\\/\\/a.nel.cloudflare.com\\/report\\/v4?s=iNx1asLUvPFYI4KDWiOtte4Wdc5FEove7d5oQdef2vM3UMWUK%2FZIn%2Bf%2BaINWONG62kyEqWLwClvQT%2F%2BdWvp34MHceklqqnY3IIkliWCk3m%2F597jLSIEFXeVJfALGfrPv"}],"group":"cf-nel","max_age":604800}', 'NEL': '{"success_fraction":0,"report_to":"cf-nel","max_age":604800}', 'Server': 'cloudflare', 'CF-RAY': '892e2c26deff8f45-ORD', 'alt-svc': 'h3=":443"; ma=86400'} 
 body={"results":[{"gender":"female","name":{"title":"Mrs","first":"Carola","last":"Van Galen"},"location":{"street":{"number":1899,"name":"Bartholomeus Boschsingel"},"city":"Nieuwegein","state":"Zuid-Holland","country":"Netherlands","postcode":"3352 NH","coordinates":{"latitude":"32.0462","longitude":"127.5792"},"timezone":{"offset":"-12:00","description":"Eniwetok, Kwajalein"}},"email":"carola.vangalen@example.com","login":{"uuid":"2d70319f-f321-4253-9654-19852c4331fb","username":"crazycat613","password":"fletch","salt":"njhhumuz","md5":"f187b44546dbb82c5b5a4e1cccc18231","sha1":"c22ab86a0e5f1e371249c2733cdd50e28bd28c12","sha256":"3d8e59983fc407640ba85e77558e027138b8296f4f2e07104b6c3b9dfb0e3e48"},"dob":{"date":"1973-12-13T10:33:08.272Z","age":50},"registered":{"date":"2008-11-24T19:05:37.627Z","age":15},"phone":"(0032) 371506","cell":"(06) 60410831","id":{"name":"BSN","value":"80036882"},"picture":{"large":"https://randomuser.me/api/portraits/women/12.jpg","medium":"https://randomuser.me/api/portraits/med/women/12.jpg","thumbnail":"https://randomuser.me/api/portraits/thumb/women/12.jpg"},"nat":"NL"}],"info":{"seed":"6245cf3f901047ad","results":1,"page":1,"version":"1.4"}} 
 </msg>
<msg time="2024-06-13T01:05:28.208563" level="INFO">/opt/hostedtoolcache/Python/3.12.3/x64/lib/python3.12/site-packages/urllib3/connectionpool.py:1103: InsecureRequestWarning: Unverified HTTPS request is being made to host 'randomuser.me'. Adding certificate verification is strongly advised. See: https://urllib3.readthedocs.io/en/latest/advanced-usage.html#tls-warnings
  warnings.warn(</msg>
<msg time="2024-06-13T01:05:28.208694" level="INFO">${response} = &lt;Response [200]&gt;</msg>
<var>${response}</var>
<arg>consultarAPI</arg>
<arg>/api</arg>
<doc>Sends a GET request on a previously created HTTP Session.</doc>
<status status="PASS" start="2024-06-13T01:05:28.130731" elapsed="0.078013"/>
</kw>
<kw name="Set Variable" owner="BuiltIn">
<msg time="2024-06-13T01:05:28.209942" level="INFO">${json_data} = {'results': [{'gender': 'female', 'name': {'title': 'Mrs', 'first': 'Carola', 'last': 'Van Galen'}, 'location': {'street': {'number': 1899, 'name': 'Bartholomeus Boschsingel'}, 'city': 'Nieuwegein', '...</msg>
<var>${json_data}</var>
<arg>${response.json()}</arg>
<doc>Returns the given values which can then be assigned to a variables.</doc>
<status status="PASS" start="2024-06-13T01:05:28.209374" elapsed="0.000601"/>
</kw>
<kw name="Log" owner="BuiltIn">
<msg time="2024-06-13T01:05:28.210439" level="INFO">{'results': [{'gender': 'female', 'name': {'title': 'Mrs', 'first': 'Carola', 'last': 'Van Galen'}, 'location': {'street': {'number': 1899, 'name': 'Bartholomeus Boschsingel'}, 'city': 'Nieuwegein', 'state': 'Zuid-Holland', 'country': 'Netherlands', 'postcode': '3352 NH', 'coordinates': {'latitude': '32.0462', 'longitude': '127.5792'}, 'timezone': {'offset': '-12:00', 'description': 'Eniwetok, Kwajalein'}}, 'email': 'carola.vangalen@example.com', 'login': {'uuid': '2d70319f-f321-4253-9654-19852c4331fb', 'username': 'crazycat613', 'password': 'fletch', 'salt': 'njhhumuz', 'md5': 'f187b44546dbb82c5b5a4e1cccc18231', 'sha1': 'c22ab86a0e5f1e371249c2733cdd50e28bd28c12', 'sha256': '3d8e59983fc407640ba85e77558e027138b8296f4f2e07104b6c3b9dfb0e3e48'}, 'dob': {'date': '1973-12-13T10:33:08.272Z', 'age': 50}, 'registered': {'date': '2008-11-24T19:05:37.627Z', 'age': 15}, 'phone': '(0032) 371506', 'cell': '(06) 60410831', 'id': {'name': 'BSN', 'value': '80036882'}, 'picture': {'large': 'https://randomuser.me/api/portraits/women/12.jpg', 'medium': 'https://randomuser.me/api/portraits/med/women/12.jpg', 'thumbnail': 'https://randomuser.me/api/portraits/thumb/women/12.jpg'}, 'nat': 'NL'}], 'info': {'seed': '6245cf3f901047ad', 'results': 1, 'page': 1, 'version': '1.4'}}</msg>
<arg>${json_data}</arg>
<doc>Logs the given message with the given level.</doc>
<status status="PASS" start="2024-06-13T01:05:28.210285" elapsed="0.000200"/>
</kw>
<kw name="Should Be String" owner="String">
<arg>${json_data['results'][0]['gender']}</arg>
<doc>Fails if the given ``item`` is not a string.</doc>
<status status="PASS" start="2024-06-13T01:05:28.210781" elapsed="0.000363"/>
</kw>
<kw name="Should Match Regexp" owner="BuiltIn">
<arg>${json_data['results'][0]['email']}</arg>
<arg>^[a-zA-Z0-9._%+-]+@[a-zA-Z0-9.-]+\.[a-zA-Z]{2,}$</arg>
<doc>Fails if ``string`` does not match ``pattern`` as a regular expression.</doc>
<status status="PASS" start="2024-06-13T01:05:28.211335" elapsed="0.000550"/>
</kw>
<kw name="Should Match Regexp" owner="BuiltIn">
<arg>${json_data['results'][0]['dob']['date']}</arg>
<arg>\\d{4}-\\d{2}-\\d{2}T\\d{2}:\\d{2}:\\d{2}\\.\\d{3}Z</arg>
<doc>Fails if ``string`` does not match ``pattern`` as a regular expression.</doc>
<status status="PASS" start="2024-06-13T01:05:28.212080" elapsed="0.000475"/>
</kw>
<kw name="Should Match Regexp" owner="BuiltIn">
<arg>${json_data['results'][0]['registered']['date']}</arg>
<arg>\\d{4}-\\d{2}-\\d{2}T\\d{2}:\\d{2}:\\d{2}\\.\\d{3}Z</arg>
<doc>Fails if ``string`` does not match ``pattern`` as a regular expression.</doc>
<status status="PASS" start="2024-06-13T01:05:28.212745" elapsed="0.000363"/>
</kw>
<kw name="Should Match Regexp" owner="BuiltIn">
<arg>${json_data['results'][0]['picture']['large']}</arg>
<arg>^https?://.*\.(?:png|jpe?g|gif|bmp)$</arg>
<doc>Fails if ``string`` does not match ``pattern`` as a regular expression.</doc>
<status status="PASS" start="2024-06-13T01:05:28.213324" elapsed="0.000474"/>
</kw>
<kw name="Should Match Regexp" owner="BuiltIn">
<arg>${json_data['results'][0]['picture']['medium']}</arg>
<arg>^https?://.*\.(?:png|jpe?g|gif|bmp)$</arg>
<doc>Fails if ``string`` does not match ``pattern`` as a regular expression.</doc>
<status status="PASS" start="2024-06-13T01:05:28.213987" elapsed="0.000355"/>
</kw>
<kw name="Should Match Regexp" owner="BuiltIn">
<arg>${json_data['results'][0]['picture']['thumbnail']}</arg>
<arg>^https?://.*\.(?:png|jpe?g|gif|bmp)$</arg>
<doc>Fails if ``string`` does not match ``pattern`` as a regular expression.</doc>
<status status="PASS" start="2024-06-13T01:05:28.214528" elapsed="0.000342"/>
</kw>
<kw name="Log" owner="BuiltIn">
<msg time="2024-06-13T01:05:28.215367" level="INFO">{'large': 'https://randomuser.me/api/portraits/women/12.jpg', 'medium': 'https://randomuser.me/api/portraits/med/women/12.jpg', 'thumbnail': 'https://randomuser.me/api/portraits/thumb/women/12.jpg'}</msg>
<arg>${json_data['results'][0]['picture']}</arg>
<doc>Logs the given message with the given level.</doc>
<status status="PASS" start="2024-06-13T01:05:28.215050" elapsed="0.000361"/>
</kw>
<status status="PASS" start="2024-06-13T01:05:28.130502" elapsed="0.085169"/>
</kw>
<kw name="Teste de Tipos de Dados - Postcode" owner="random-user-service">
<kw name="GET On Session" owner="RequestsLibrary">
<msg time="2024-06-13T01:05:28.309711" level="INFO">GET Request : url=https://randomuser.me/api 
 path_url=/api 
 headers={'User-Agent': 'python-requests/2.32.3', 'Accept-Encoding': 'gzip, deflate', 'Accept': '*/*', 'Connection': 'keep-alive'} 
 body=None 
 </msg>
<msg time="2024-06-13T01:05:28.309787" level="INFO">GET Response : url=https://randomuser.me/api 
 status=200, reason=OK 
 headers={'Date': 'Thu, 13 Jun 2024 01:05:28 GMT', 'Content-Type': 'application/json; charset=utf-8', 'Transfer-Encoding': 'chunked', 'Connection': 'keep-alive', 'X-Powered-By': 'Express', 'Access-Control-Allow-Origin': '*', 'Cache-Control': 'no-cache', 'ETag': 'W/"499-0Nz6JDugTtd/fkoxRaKDVcIYGx4"', 'Vary': 'Accept-Encoding', 'Content-Encoding': 'gzip', 'CF-Cache-Status': 'DYNAMIC', 'Report-To': '{"endpoints":[{"url":"https:\\/\\/a.nel.cloudflare.com\\/report\\/v4?s=YNtTD5z850OFeOOMTP8OlJWM1Fq0u71dN%2B3yhZn3o8rQeZxV9bGsqnYM03tHCOOoLLo7ODvjPIf7KqlhLxKbEKyiK6kyez0WZgIpjprKM9NAsxcUc%2F63bLxYYwydGe6Q"}],"group":"cf-nel","max_age":604800}', 'NEL': '{"success_fraction":0,"report_to":"cf-nel","max_age":604800}', 'Server': 'cloudflare', 'CF-RAY': '892e2c275fb68f45-ORD', 'alt-svc': 'h3=":443"; ma=86400'} 
 body={"results":[{"gender":"male","name":{"title":"Mr","first":"Cameron","last":"Little"},"location":{"street":{"number":7137,"name":"E Sandy Lake Rd"},"city":"Gladstone","state":"South Australia","country":"Australia","postcode":8881,"coordinates":{"latitude":"-89.8880","longitude":"-136.8419"},"timezone":{"offset":"+3:00","description":"Baghdad, Riyadh, Moscow, St. Petersburg"}},"email":"cameron.little@example.com","login":{"uuid":"288b369a-934d-4a6e-b2ad-39dc396aaa8c","username":"redswan299","password":"boogie","salt":"Loq2Py30","md5":"34d159c92ae9e10753a7fefbabf7cefd","sha1":"bb7ceabfa4b02e2261f0d86fb09e9981be92f7fc","sha256":"fdfd8e8735a5fdfdcba26681433a16656bef05638b9f5c9a3f6b67075e999bbf"},"dob":{"date":"1976-11-23T10:00:45.089Z","age":47},"registered":{"date":"2019-06-05T01:52:18.500Z","age":5},"phone":"02-6466-6571","cell":"0480-173-834","id":{"name":"TFN","value":"640550292"},"picture":{"large":"https://randomuser.me/api/portraits/men/75.jpg","medium":"https://randomuser.me/api/portraits/med/men/75.jpg","thumbnail":"https://randomuser.me/api/portraits/thumb/men/75.jpg"},"nat":"AU"}],"info":{"seed":"26b11ad91f10a572","results":1,"page":1,"version":"1.4"}} 
 </msg>
<msg time="2024-06-13T01:05:28.309858" level="INFO">/opt/hostedtoolcache/Python/3.12.3/x64/lib/python3.12/site-packages/urllib3/connectionpool.py:1103: InsecureRequestWarning: Unverified HTTPS request is being made to host 'randomuser.me'. Adding certificate verification is strongly advised. See: https://urllib3.readthedocs.io/en/latest/advanced-usage.html#tls-warnings
  warnings.warn(</msg>
<msg time="2024-06-13T01:05:28.309963" level="INFO">${response} = &lt;Response [200]&gt;</msg>
<var>${response}</var>
<arg>consultarAPI</arg>
<arg>/api</arg>
<doc>Sends a GET request on a previously created HTTP Session.</doc>
<status status="PASS" start="2024-06-13T01:05:28.216117" elapsed="0.093896"/>
</kw>
<kw name="Set Variable" owner="BuiltIn">
<msg time="2024-06-13T01:05:28.311076" level="INFO">${json_data} = {'results': [{'gender': 'male', 'name': {'title': 'Mr', 'first': 'Cameron', 'last': 'Little'}, 'location': {'street': {'number': 7137, 'name': 'E Sandy Lake Rd'}, 'city': 'Gladstone', 'state': 'South ...</msg>
<var>${json_data}</var>
<arg>${response.json()}</arg>
<doc>Returns the given values which can then be assigned to a variables.</doc>
<status status="PASS" start="2024-06-13T01:05:28.310487" elapsed="0.000618"/>
</kw>
<kw name="Log" owner="BuiltIn">
<msg time="2024-06-13T01:05:28.311555" level="INFO">{'results': [{'gender': 'male', 'name': {'title': 'Mr', 'first': 'Cameron', 'last': 'Little'}, 'location': {'street': {'number': 7137, 'name': 'E Sandy Lake Rd'}, 'city': 'Gladstone', 'state': 'South Australia', 'country': 'Australia', 'postcode': 8881, 'coordinates': {'latitude': '-89.8880', 'longitude': '-136.8419'}, 'timezone': {'offset': '+3:00', 'description': 'Baghdad, Riyadh, Moscow, St. Petersburg'}}, 'email': 'cameron.little@example.com', 'login': {'uuid': '288b369a-934d-4a6e-b2ad-39dc396aaa8c', 'username': 'redswan299', 'password': 'boogie', 'salt': 'Loq2Py30', 'md5': '34d159c92ae9e10753a7fefbabf7cefd', 'sha1': 'bb7ceabfa4b02e2261f0d86fb09e9981be92f7fc', 'sha256': 'fdfd8e8735a5fdfdcba26681433a16656bef05638b9f5c9a3f6b67075e999bbf'}, 'dob': {'date': '1976-11-23T10:00:45.089Z', 'age': 47}, 'registered': {'date': '2019-06-05T01:52:18.500Z', 'age': 5}, 'phone': '02-6466-6571', 'cell': '0480-173-834', 'id': {'name': 'TFN', 'value': '640550292'}, 'picture': {'large': 'https://randomuser.me/api/portraits/men/75.jpg', 'medium': 'https://randomuser.me/api/portraits/med/men/75.jpg', 'thumbnail': 'https://randomuser.me/api/portraits/thumb/men/75.jpg'}, 'nat': 'AU'}], 'info': {'seed': '26b11ad91f10a572', 'results': 1, 'page': 1, 'version': '1.4'}}</msg>
<arg>${json_data}</arg>
<doc>Logs the given message with the given level.</doc>
<status status="PASS" start="2024-06-13T01:05:28.311407" elapsed="0.000194"/>
</kw>
<kw name="Should Be Equal As Numbers" owner="BuiltIn">
<arg>${json_data['results'][0]['location']['postcode']}</arg>
<arg>${json_data['results'][0]['location']['postcode']}</arg>
<doc>Fails if objects are unequal after converting them to real numbers.</doc>
<status status="PASS" start="2024-06-13T01:05:28.311894" elapsed="0.000603"/>
</kw>
<kw name="Log" owner="BuiltIn">
<msg time="2024-06-13T01:05:28.313021" level="INFO">8881</msg>
<arg>${json_data['results'][0]['location']['postcode']}</arg>
<doc>Logs the given message with the given level.</doc>
<status status="PASS" start="2024-06-13T01:05:28.312694" elapsed="0.000400"/>
</kw>
<status status="PASS" start="2024-06-13T01:05:28.215893" elapsed="0.097494"/>
</kw>
<doc>Testa se os tipos de dados na resposta da API estão corretos.</doc>
<tag>testeTiposDados</tag>
<status status="PASS" start="2024-06-13T01:05:28.129844" elapsed="0.183709"/>
</test>
<test id="s1-s1-t5" name="Validar conteudo" line="35">
<kw name="Teste de Tipos de Conteudo" owner="random-user-service">
<kw name="GET On Session" owner="RequestsLibrary">
<msg time="2024-06-13T01:05:28.422343" level="INFO">GET Request : url=https://randomuser.me/api 
 path_url=/api 
 headers={'User-Agent': 'python-requests/2.32.3', 'Accept-Encoding': 'gzip, deflate', 'Accept': '*/*', 'Connection': 'keep-alive'} 
 body=None 
 </msg>
<msg time="2024-06-13T01:05:28.422448" level="INFO">GET Response : url=https://randomuser.me/api 
 status=200, reason=OK 
 headers={'Date': 'Thu, 13 Jun 2024 01:05:28 GMT', 'Content-Type': 'application/json; charset=utf-8', 'Transfer-Encoding': 'chunked', 'Connection': 'keep-alive', 'X-Powered-By': 'Express', 'Access-Control-Allow-Origin': '*', 'Cache-Control': 'no-cache', 'ETag': 'W/"491-quHxhBlGPo9GxJzV0MTUTGH15KM"', 'Vary': 'Accept-Encoding', 'Content-Encoding': 'gzip', 'CF-Cache-Status': 'DYNAMIC', 'Report-To': '{"endpoints":[{"url":"https:\\/\\/a.nel.cloudflare.com\\/report\\/v4?s=kWhSP%2BDN44alGdGYAWVqQvVkL7SoQgGbjR0xXuo4LtkamKQ14bs%2FsZkQZnJACIrza3GS%2Bz1A1keYl2l84RsA9Kr77TN6HLb7YpfKIBduPwBnhaeBJCUrzGCRrTBdNSQm"}],"group":"cf-nel","max_age":604800}', 'NEL': '{"success_fraction":0,"report_to":"cf-nel","max_age":604800}', 'Server': 'cloudflare', 'CF-RAY': '892e2c27f8588f45-ORD', 'alt-svc': 'h3=":443"; ma=86400'} 
 body={"results":[{"gender":"female","name":{"title":"Mrs","first":"Savannah","last":"Hanson"},"location":{"street":{"number":769,"name":"Bruce St"},"city":"Brisbane","state":"Victoria","country":"Australia","postcode":3401,"coordinates":{"latitude":"-87.2445","longitude":"77.6061"},"timezone":{"offset":"+5:30","description":"Bombay, Calcutta, Madras, New Delhi"}},"email":"savannah.hanson@example.com","login":{"uuid":"d56b112c-5486-4f91-8f85-c0351beec195","username":"greenpeacock147","password":"madman","salt":"qHz8Lhp9","md5":"f370d6816023f4b07db644df73a21ac3","sha1":"5b2f4903b40239a86e202ae6ffc3aedd895561fb","sha256":"088f5373bf76d6833278d726f33e0a435e6b501e568b0121d4bddc12480f159c"},"dob":{"date":"1957-09-18T17:15:47.784Z","age":66},"registered":{"date":"2009-06-29T05:14:10.848Z","age":14},"phone":"07-9971-5357","cell":"0444-313-505","id":{"name":"TFN","value":"293204555"},"picture":{"large":"https://randomuser.me/api/portraits/women/7.jpg","medium":"https://randomuser.me/api/portraits/med/women/7.jpg","thumbnail":"https://randomuser.me/api/portraits/thumb/women/7.jpg"},"nat":"AU"}],"info":{"seed":"06dcdcb2dc83471b","results":1,"page":1,"version":"1.4"}} 
 </msg>
<msg time="2024-06-13T01:05:28.422533" level="INFO">/opt/hostedtoolcache/Python/3.12.3/x64/lib/python3.12/site-packages/urllib3/connectionpool.py:1103: InsecureRequestWarning: Unverified HTTPS request is being made to host 'randomuser.me'. Adding certificate verification is strongly advised. See: https://urllib3.readthedocs.io/en/latest/advanced-usage.html#tls-warnings
  warnings.warn(</msg>
<msg time="2024-06-13T01:05:28.422657" level="INFO">${response} = &lt;Response [200]&gt;</msg>
<var>${response}</var>
<arg>consultarAPI</arg>
<arg>/api</arg>
<doc>Sends a GET request on a previously created HTTP Session.</doc>
<status status="PASS" start="2024-06-13T01:05:28.316173" elapsed="0.106523"/>
</kw>
<kw name="Set Variable" owner="BuiltIn">
<msg time="2024-06-13T01:05:28.423895" level="INFO">${json_data} = {'results': [{'gender': 'female', 'name': {'title': 'Mrs', 'first': 'Savannah', 'last': 'Hanson'}, 'location': {'street': {'number': 769, 'name': 'Bruce St'}, 'city': 'Brisbane', 'state': 'Victoria', ...</msg>
<var>${json_data}</var>
<arg>${response.json()}</arg>
<doc>Returns the given values which can then be assigned to a variables.</doc>
<status status="PASS" start="2024-06-13T01:05:28.423296" elapsed="0.000628"/>
</kw>
<kw name="Set Variable" owner="BuiltIn">
<msg time="2024-06-13T01:05:28.424651" level="INFO">${name_title} = Mrs</msg>
<var>${name_title}</var>
<arg>${json_data["results"][0]["name"]["title"]}</arg>
<doc>Returns the given values which can then be assigned to a variables.</doc>
<status status="PASS" start="2024-06-13T01:05:28.424250" elapsed="0.000427"/>
</kw>
<kw name="Create List" owner="BuiltIn">
<msg time="2024-06-13T01:05:28.425156" level="INFO">${allowed_titles} = ['Mr', 'Ms', 'Miss', 'Mrs', 'Madame', 'Monsieur']</msg>
<var>${allowed_titles}</var>
<arg>Mr</arg>
<arg>Ms</arg>
<arg>Miss</arg>
<arg>Mrs</arg>
<arg>Madame</arg>
<arg>Monsieur</arg>
<doc>Returns a list containing given items.</doc>
<status status="PASS" start="2024-06-13T01:05:28.424989" elapsed="0.000193"/>
</kw>
<kw name="List Should Contain Value" owner="Collections">
<arg>${allowed_titles}</arg>
<arg>${name_title}</arg>
<doc>Fails if the ``value`` is not found from ``list``.</doc>
<status status="PASS" start="2024-06-13T01:05:28.425529" elapsed="0.000186"/>
</kw>
<kw name="Set Variable" owner="BuiltIn">
<msg time="2024-06-13T01:05:28.426305" level="INFO">${name_country} = AU</msg>
<var>${name_country}</var>
<arg>${json_data["results"][0]["nat"]}</arg>
<doc>Returns the given values which can then be assigned to a variables.</doc>
<status status="PASS" start="2024-06-13T01:05:28.425914" elapsed="0.000416"/>
</kw>
<kw name="Create List" owner="BuiltIn">
<msg time="2024-06-13T01:05:28.427275" level="INFO">${list_country} = ['AD', 'AE', 'AF', 'AG', 'AI', 'AL', 'AM', 'AO', 'AQ', 'AR', 'AS', 'AT', 'AU', 'AW', 'AX', 'AZ', 'BA', 'BB', 'BD', 'BE', 'BF', 'BG', 'BH', 'BI', 'BJ', 'BL', 'BM', 'BN', 'BO', 'BQ', 'BR', 'BS', 'BT', '...</msg>
<var>${list_country}</var>
<arg>AD</arg>
<arg>AE</arg>
<arg>AF</arg>
<arg>AG</arg>
<arg>AI</arg>
<arg>AL</arg>
<arg>AM</arg>
<arg>AO</arg>
<arg>AQ</arg>
<arg>AR</arg>
<arg>AS</arg>
<arg>AT</arg>
<arg>AU</arg>
<arg>AW</arg>
<arg>AX</arg>
<arg>AZ</arg>
<arg>BA</arg>
<arg>BB</arg>
<arg>BD</arg>
<arg>BE</arg>
<arg>BF</arg>
<arg>BG</arg>
<arg>BH</arg>
<arg>BI</arg>
<arg>BJ</arg>
<arg>BL</arg>
<arg>BM</arg>
<arg>BN</arg>
<arg>BO</arg>
<arg>BQ</arg>
<arg>BR</arg>
<arg>BS</arg>
<arg>BT</arg>
<arg>BV</arg>
<arg>BW</arg>
<arg>BY</arg>
<arg>BZ</arg>
<arg>CA</arg>
<arg>CC</arg>
<arg>CD</arg>
<arg>CF</arg>
<arg>CG</arg>
<arg>CH</arg>
<arg>CI</arg>
<arg>CK</arg>
<arg>CL</arg>
<arg>CM</arg>
<arg>CN</arg>
<arg>CO</arg>
<arg>CR</arg>
<arg>CU</arg>
<arg>CV</arg>
<arg>CW</arg>
<arg>CX</arg>
<arg>CY</arg>
<arg>CZ</arg>
<arg>DE</arg>
<arg>DJ</arg>
<arg>DK</arg>
<arg>DM</arg>
<arg>DO</arg>
<arg>DZ</arg>
<arg>EC</arg>
<arg>EE</arg>
<arg>EG</arg>
<arg>EH</arg>
<arg>ER</arg>
<arg>ES</arg>
<arg>ET</arg>
<arg>FI</arg>
<arg>FJ</arg>
<arg>FK</arg>
<arg>FM</arg>
<arg>FO</arg>
<arg>FR</arg>
<arg>GA</arg>
<arg>GB</arg>
<arg>GD</arg>
<arg>GE</arg>
<arg>GF</arg>
<arg>GG</arg>
<arg>GH</arg>
<arg>GI</arg>
<arg>GL</arg>
<arg>GM</arg>
<arg>GN</arg>
<arg>GP</arg>
<arg>GQ</arg>
<arg>GR</arg>
<arg>GS</arg>
<arg>GT</arg>
<arg>GU</arg>
<arg>GW</arg>
<arg>GY</arg>
<arg>HK</arg>
<arg>HM</arg>
<arg>HN</arg>
<arg>HR</arg>
<arg>HT</arg>
<arg>HU</arg>
<arg>ID</arg>
<arg>IE</arg>
<arg>IL</arg>
<arg>IM</arg>
<arg>IN</arg>
<arg>IO</arg>
<arg>IQ</arg>
<arg>IR</arg>
<arg>IS</arg>
<arg>IT</arg>
<arg>JE</arg>
<arg>JM</arg>
<arg>JO</arg>
<arg>JP</arg>
<arg>KE</arg>
<arg>KG</arg>
<arg>KH</arg>
<arg>KI</arg>
<arg>KM</arg>
<arg>KN</arg>
<arg>KP</arg>
<arg>KR</arg>
<arg>KW</arg>
<arg>KY</arg>
<arg>KZ</arg>
<arg>LA</arg>
<arg>LB</arg>
<arg>LC</arg>
<arg>LI</arg>
<arg>LK</arg>
<arg>LR</arg>
<arg>LS</arg>
<arg>LT</arg>
<arg>LU</arg>
<arg>LV</arg>
<arg>LY</arg>
<arg>MA</arg>
<arg>MC</arg>
<arg>MD</arg>
<arg>ME</arg>
<arg>MF</arg>
<arg>MG</arg>
<arg>MH</arg>
<arg>MK</arg>
<arg>ML</arg>
<arg>MM</arg>
<arg>MN</arg>
<arg>MO</arg>
<arg>MP</arg>
<arg>MQ</arg>
<arg>MR</arg>
<arg>MS</arg>
<arg>MT</arg>
<arg>MU</arg>
<arg>MV</arg>
<arg>MW</arg>
<arg>MX</arg>
<arg>MY</arg>
<arg>MZ</arg>
<arg>NA</arg>
<arg>NC</arg>
<arg>NE</arg>
<arg>NF</arg>
<arg>NG</arg>
<arg>NI</arg>
<arg>NL</arg>
<arg>NO</arg>
<arg>NP</arg>
<arg>NR</arg>
<arg>NU</arg>
<arg>NZ</arg>
<arg>OM</arg>
<arg>PA</arg>
<arg>PE</arg>
<arg>PF</arg>
<arg>PG</arg>
<arg>PH</arg>
<arg>PK</arg>
<arg>PL</arg>
<arg>PM</arg>
<arg>PN</arg>
<arg>PR</arg>
<arg>PS</arg>
<arg>PT</arg>
<arg>PW</arg>
<arg>PY</arg>
<arg>QA</arg>
<arg>RE</arg>
<arg>RO</arg>
<arg>RS</arg>
<arg>RU</arg>
<arg>RW</arg>
<arg>SA</arg>
<arg>SB</arg>
<arg>SC</arg>
<arg>SD</arg>
<arg>SE</arg>
<arg>SG</arg>
<arg>SH</arg>
<arg>SI</arg>
<arg>SJ</arg>
<arg>SK</arg>
<arg>SL</arg>
<arg>SM</arg>
<arg>SN</arg>
<arg>SO</arg>
<arg>SR</arg>
<arg>SS</arg>
<arg>ST</arg>
<arg>SV</arg>
<arg>SX</arg>
<arg>SY</arg>
<arg>SZ</arg>
<arg>TC</arg>
<arg>TD</arg>
<arg>TF</arg>
<arg>TG</arg>
<arg>TH</arg>
<arg>TJ</arg>
<arg>TK</arg>
<arg>TL</arg>
<arg>TM</arg>
<arg>TN</arg>
<arg>TO</arg>
<arg>TR</arg>
<arg>TT</arg>
<arg>TV</arg>
<arg>TW</arg>
<arg>TZ</arg>
<arg>UA</arg>
<arg>UG</arg>
<arg>UM</arg>
<arg>US</arg>
<arg>UY</arg>
<arg>UZ</arg>
<arg>VA</arg>
<arg>VC</arg>
<arg>VE</arg>
<arg>VG</arg>
<arg>VI</arg>
<arg>VN</arg>
<arg>VU</arg>
<arg>WF</arg>
<arg>WS</arg>
<arg>XK</arg>
<arg>YE</arg>
<arg>YT</arg>
<arg>ZA</arg>
<arg>ZM</arg>
<arg>ZW</arg>
<doc>Returns a list containing given items.</doc>
<status status="PASS" start="2024-06-13T01:05:28.426638" elapsed="0.000664"/>
</kw>
<kw name="List Should Contain Value" owner="Collections">
<arg>${list_country}</arg>
<arg>${name_country}</arg>
<doc>Fails if the ``value`` is not found from ``list``.</doc>
<status status="PASS" start="2024-06-13T01:05:28.428148" elapsed="0.000211"/>
</kw>
<kw name="Run Keyword If" owner="BuiltIn">
<kw name="Should Be True" owner="BuiltIn">
<arg>${True}</arg>
<doc>Fails if the given condition is not true.</doc>
<status status="PASS" start="2024-06-13T01:05:28.429333" elapsed="0.000151"/>
</kw>
<arg>${json_data["results"][0]["location"]["coordinates"]["latitude"]} &gt;= -90 and ${json_data["results"][0]["location"]["coordinates"]["latitude"]} &lt;= 90</arg>
<arg>Should Be True</arg>
<arg>${True}</arg>
<doc>Runs the given keyword with the given arguments, if ``condition`` is true.</doc>
<status status="PASS" start="2024-06-13T01:05:28.428560" elapsed="0.001051"/>
</kw>
<kw name="Run Keyword If" owner="BuiltIn">
<kw name="Should Be True" owner="BuiltIn">
<arg>${True}</arg>
<doc>Fails if the given condition is not true.</doc>
<status status="PASS" start="2024-06-13T01:05:28.430487" elapsed="0.000138"/>
</kw>
<arg>${json_data["results"][0]["location"]["coordinates"]["longitude"]} &gt;= -180 and ${json_data["results"][0]["location"]["coordinates"]["longitude"]} &lt;= 180</arg>
<arg>Should Be True</arg>
<arg>${True}</arg>
<doc>Runs the given keyword with the given arguments, if ``condition`` is true.</doc>
<status status="PASS" start="2024-06-13T01:05:28.429795" elapsed="0.000956"/>
</kw>
<status status="PASS" start="2024-06-13T01:05:28.315825" elapsed="0.115061"/>
</kw>
<doc>Testa o conteúdo específico dos campos retornados pela API.</doc>
<tag>testeConteudo</tag>
<status status="PASS" start="2024-06-13T01:05:28.315302" elapsed="0.115742"/>
</test>
<status status="PASS" start="2024-06-13T01:05:27.408072" elapsed="1.024956"/>
</suite>
<status status="PASS" start="2024-06-13T01:05:27.394441" elapsed="1.043949"/>
</suite>
<statistics>
<total>
<stat pass="5" fail="0" skip="0">All Tests</stat>
</total>
<tag>
<stat pass="1" fail="0" skip="0">testeConteudo</stat>
<stat pass="1" fail="0" skip="0">testeEstruturaResposta</stat>
<stat pass="1" fail="0" skip="0">testeRequisicaoBasica</stat>
<stat pass="1" fail="0" skip="0">testeTiposDados</stat>
</tag>
<suite>
<stat pass="5" fail="0" skip="0" id="s1" name="Tests">Tests</stat>
<stat pass="5" fail="0" skip="0" id="s1-s1" name="Random-User-Test">Tests.Random-User-Test</stat>
</suite>
</statistics>
<errors>
</errors>
</robot>
