<?xml version="1.0" encoding="UTF-8"?>
<robot generator="Robot 7.0.1 (Python 3.12.4 on linux)" generated="2024-07-31T02:15:03.444171" rpa="false" schemaversion="5">
<suite id="s1" name="Tests" source="/home/runner/work/ApiRandomUser/ApiRandomUser/RamdonUser/tests">
<suite id="s1-s1" name="Random-User-Test" source="/home/runner/work/ApiRandomUser/ApiRandomUser/RamdonUser/tests/random-user-test.robot">
<test id="s1-s1-t1" name="Conectar" line="13">
<kw name="Conectar API" owner="random-user-service">
<kw name="Create Session" owner="RequestsLibrary">
<msg time="2024-07-31T02:15:03.848471" level="INFO">Creating Session using : alias=consultarAPI, url=https://randomuser.me/, headers={},                     cookies={}, auth=None, timeout=None, proxies=None, verify=False,                     debug=0 </msg>
<arg>consultarAPI</arg>
<arg>${URL}</arg>
<doc>Create Session: create a HTTP session to a server</doc>
<status status="PASS" start="2024-07-31T02:15:03.848271" elapsed="0.000390"/>
</kw>
<status status="PASS" start="2024-07-31T02:15:03.847213" elapsed="0.001807"/>
</kw>
<status status="PASS" start="2024-07-31T02:15:03.846559" elapsed="0.002658"/>
</test>
<test id="s1-s1-t2" name="Validar retorno 200 e JSON Válido" line="16">
<kw name="Teste de Requisicao Basica" owner="random-user-service">
<kw name="GET On Session" owner="RequestsLibrary">
<msg time="2024-07-31T02:15:04.144855" level="INFO">GET Request : url=https://randomuser.me/api 
 path_url=/api 
 headers={'User-Agent': 'python-requests/2.32.3', 'Accept-Encoding': 'gzip, deflate', 'Accept': '*/*', 'Connection': 'keep-alive'} 
 body=None 
 </msg>
<msg time="2024-07-31T02:15:04.145011" level="INFO">GET Response : url=https://randomuser.me/api 
 status=200, reason=OK 
 headers={'Date': 'Wed, 31 Jul 2024 02:15:04 GMT', 'Content-Type': 'application/json; charset=utf-8', 'Transfer-Encoding': 'chunked', 'Connection': 'keep-alive', 'X-Powered-By': 'Express', 'Access-Control-Allow-Origin': '*', 'Cache-Control': 'no-cache', 'ETag': 'W/"499-Zr09EolbDEG7KgNZAt4LvwitIg0"', 'Vary': 'Accept-Encoding', 'Content-Encoding': 'gzip', 'CF-Cache-Status': 'DYNAMIC', 'Report-To': '{"endpoints":[{"url":"https:\\/\\/a.nel.cloudflare.com\\/report\\/v4?s=STcMvRweXNXmjiMFMC14XMWX6fytsq2OJm53TwC%2FGpUArD64RAFSiL6t9GpjFwDYGypXLfCGFlRsvOnWJTzjFBecigssKHLCb%2Fws%2BbC9gqw4kdNWDQZGFaEMZJOBsZEb"}],"group":"cf-nel","max_age":604800}', 'NEL': '{"success_fraction":0,"report_to":"cf-nel","max_age":604800}', 'Server': 'cloudflare', 'CF-RAY': '8aba141a5f2262ab-ORD', 'alt-svc': 'h3=":443"; ma=86400'} 
 body={"results":[{"gender":"female","name":{"title":"Ms","first":"Emma","last":"Miller"},"location":{"street":{"number":819,"name":"Bay Ave"},"city":"Cornwall","state":"Newfoundland and Labrador","country":"Canada","postcode":"C8V 5J9","coordinates":{"latitude":"-64.3277","longitude":"177.4637"},"timezone":{"offset":"-3:00","description":"Brazil, Buenos Aires, Georgetown"}},"email":"emma.miller@example.com","login":{"uuid":"6af51336-7dca-42f9-930c-99eab186ac95","username":"silvermeercat636","password":"1022","salt":"ZWNk7LZl","md5":"73f193f961069dbd05312edbe41c4d30","sha1":"622af35a7d21cd2817e1569eb80986ef90d7c391","sha256":"d5f0acadb50d0fa1c40fcff8dbbf30d1a5a8ee5ca8f427c23b9e00a2137a77d3"},"dob":{"date":"1997-02-13T09:07:51.262Z","age":27},"registered":{"date":"2015-01-09T03:52:18.783Z","age":9},"phone":"D54 Q75-3275","cell":"Y80 O12-8182","id":{"name":"SIN","value":"768433831"},"picture":{"large":"https://randomuser.me/api/portraits/women/71.jpg","medium":"https://randomuser.me/api/portraits/med/women/71.jpg","thumbnail":"https://randomuser.me/api/portraits/thumb/women/71.jpg"},"nat":"CA"}],"info":{"seed":"1fce1890198494f5","results":1,"page":1,"version":"1.4"}} 
 </msg>
<msg time="2024-07-31T02:15:04.145097" level="INFO">/opt/hostedtoolcache/Python/3.12.4/x64/lib/python3.12/site-packages/urllib3/connectionpool.py:1099: InsecureRequestWarning: Unverified HTTPS request is being made to host 'randomuser.me'. Adding certificate verification is strongly advised. See: https://urllib3.readthedocs.io/en/latest/advanced-usage.html#tls-warnings
  warnings.warn(</msg>
<msg time="2024-07-31T02:15:04.145243" level="INFO">${response} = &lt;Response [200]&gt;</msg>
<var>${response}</var>
<arg>consultarAPI</arg>
<arg>/api</arg>
<doc>Sends a GET request on a previously created HTTP Session.</doc>
<status status="PASS" start="2024-07-31T02:15:03.851802" elapsed="0.293483"/>
</kw>
<kw name="Should Be Equal As Numbers" owner="BuiltIn">
<msg time="2024-07-31T02:15:04.146496" level="INFO">Argument types are:
&lt;class 'int'&gt;
&lt;class 'str'&gt;</msg>
<arg>${response.status_code}</arg>
<arg>200</arg>
<doc>Fails if objects are unequal after converting them to real numbers.</doc>
<status status="PASS" start="2024-07-31T02:15:04.145970" elapsed="0.000590"/>
</kw>
<kw name="Log" owner="BuiltIn">
<msg time="2024-07-31T02:15:04.147490" level="INFO">200</msg>
<arg>${response.status_code}</arg>
<doc>Logs the given message with the given level.</doc>
<status status="PASS" start="2024-07-31T02:15:04.146945" elapsed="0.000604"/>
</kw>
<kw name="Set Variable" owner="BuiltIn">
<msg time="2024-07-31T02:15:04.148635" level="INFO">${json_data} = {'results': [{'gender': 'female', 'name': {'title': 'Ms', 'first': 'Emma', 'last': 'Miller'}, 'location': {'street': {'number': 819, 'name': 'Bay Ave'}, 'city': 'Cornwall', 'state': 'Newfoundland and ...</msg>
<var>${json_data}</var>
<arg>${response.json()}</arg>
<doc>Returns the given values which can then be assigned to a variables.</doc>
<status status="PASS" start="2024-07-31T02:15:04.147973" elapsed="0.000711"/>
</kw>
<kw name="Dictionary Should Contain Key" owner="Collections">
<arg>${json_data}</arg>
<arg>results</arg>
<doc>Fails if ``key`` is not found from ``dictionary``.</doc>
<status status="PASS" start="2024-07-31T02:15:04.149165" elapsed="0.000493"/>
</kw>
<status status="PASS" start="2024-07-31T02:15:03.851556" elapsed="0.298338"/>
</kw>
<doc>Testa se a API responde corretamente e retorna um objeto JSON válido.</doc>
<tag>testeRequisicaoBasica</tag>
<status status="PASS" start="2024-07-31T02:15:03.851105" elapsed="0.299093"/>
</test>
<test id="s1-s1-t3" name="Validar estrutura de resposta" line="22">
<kw name="Teste de Estrutura de Resposta" owner="random-user-service">
<kw name="GET On Session" owner="RequestsLibrary">
<msg time="2024-07-31T02:15:04.202932" level="INFO">GET Request : url=https://randomuser.me/api 
 path_url=/api 
 headers={'User-Agent': 'python-requests/2.32.3', 'Accept-Encoding': 'gzip, deflate', 'Accept': '*/*', 'Connection': 'keep-alive'} 
 body=None 
 </msg>
<msg time="2024-07-31T02:15:04.203033" level="INFO">GET Response : url=https://randomuser.me/api 
 status=200, reason=OK 
 headers={'Date': 'Wed, 31 Jul 2024 02:15:04 GMT', 'Content-Type': 'application/json; charset=utf-8', 'Transfer-Encoding': 'chunked', 'Connection': 'keep-alive', 'X-Powered-By': 'Express', 'Access-Control-Allow-Origin': '*', 'Cache-Control': 'no-cache', 'ETag': 'W/"479-ufZlEcjor1P/6zBj5KADLWFA5EI"', 'Vary': 'Accept-Encoding', 'Content-Encoding': 'gzip', 'CF-Cache-Status': 'DYNAMIC', 'Report-To': '{"endpoints":[{"url":"https:\\/\\/a.nel.cloudflare.com\\/report\\/v4?s=5W%2BvVXs3lC91hK9oiGVrC6RoBzfy%2Bq9YuF1qB%2FfVUpOrT9VD8qAzIQ6fCasojpu2UrG8%2FPjItLnCpP2sd9xezK%2FlblavKZuL1y0sYVSyrDatbyj4XmaRzT5T5Nj3AVvU"}],"group":"cf-nel","max_age":604800}', 'NEL': '{"success_fraction":0,"report_to":"cf-nel","max_age":604800}', 'Server': 'cloudflare', 'CF-RAY': '8aba141b0ff562ab-ORD', 'alt-svc': 'h3=":443"; ma=86400'} 
 body={"results":[{"gender":"female","name":{"title":"Mrs","first":"Ailin","last":"Engenes"},"location":{"street":{"number":3161,"name":"Monrads gate"},"city":"Harstad","state":"Nord-Trøndelag","country":"Norway","postcode":"5813","coordinates":{"latitude":"40.7927","longitude":"79.3962"},"timezone":{"offset":"-2:00","description":"Mid-Atlantic"}},"email":"ailin.engenes@example.com","login":{"uuid":"02a65946-6978-4ba9-abf7-dec2936cf359","username":"heavyswan937","password":"visitor","salt":"MDFQOLAR","md5":"e103e7f174448c7a948e59da539e8694","sha1":"6c86c76b3a14e6f82689d71179f0ce150af61799","sha256":"bbde95d01d545124df4d74d78636ff673db07fd45946a2e52146a6a9a2adb38b"},"dob":{"date":"1987-08-28T08:15:31.082Z","age":36},"registered":{"date":"2005-02-04T02:02:34.416Z","age":19},"phone":"33792354","cell":"44366818","id":{"name":"FN","value":"28088703407"},"picture":{"large":"https://randomuser.me/api/portraits/women/59.jpg","medium":"https://randomuser.me/api/portraits/med/women/59.jpg","thumbnail":"https://randomuser.me/api/portraits/thumb/women/59.jpg"},"nat":"NO"}],"info":{"seed":"31d3221f011dd25d","results":1,"page":1,"version":"1.4"}} 
 </msg>
<msg time="2024-07-31T02:15:04.203168" level="INFO">/opt/hostedtoolcache/Python/3.12.4/x64/lib/python3.12/site-packages/urllib3/connectionpool.py:1099: InsecureRequestWarning: Unverified HTTPS request is being made to host 'randomuser.me'. Adding certificate verification is strongly advised. See: https://urllib3.readthedocs.io/en/latest/advanced-usage.html#tls-warnings
  warnings.warn(</msg>
<msg time="2024-07-31T02:15:04.203295" level="INFO">${response} = &lt;Response [200]&gt;</msg>
<var>${response}</var>
<arg>consultarAPI</arg>
<arg>/api</arg>
<doc>Sends a GET request on a previously created HTTP Session.</doc>
<status status="PASS" start="2024-07-31T02:15:04.154646" elapsed="0.048691"/>
</kw>
<kw name="Set Variable" owner="BuiltIn">
<msg time="2024-07-31T02:15:04.204511" level="INFO">${json_data} = {'results': [{'gender': 'female', 'name': {'title': 'Mrs', 'first': 'Ailin', 'last': 'Engenes'}, 'location': {'street': {'number': 3161, 'name': 'Monrads gate'}, 'city': 'Harstad', 'state': 'Nord-Trøn...</msg>
<var>${json_data}</var>
<arg>${response.json()}</arg>
<doc>Returns the given values which can then be assigned to a variables.</doc>
<status status="PASS" start="2024-07-31T02:15:04.203977" elapsed="0.000575"/>
</kw>
<kw name="Log" owner="BuiltIn">
<msg time="2024-07-31T02:15:04.205057" level="INFO">{'results': [{'gender': 'female', 'name': {'title': 'Mrs', 'first': 'Ailin', 'last': 'Engenes'}, 'location': {'street': {'number': 3161, 'name': 'Monrads gate'}, 'city': 'Harstad', 'state': 'Nord-Trøndelag', 'country': 'Norway', 'postcode': '5813', 'coordinates': {'latitude': '40.7927', 'longitude': '79.3962'}, 'timezone': {'offset': '-2:00', 'description': 'Mid-Atlantic'}}, 'email': 'ailin.engenes@example.com', 'login': {'uuid': '02a65946-6978-4ba9-abf7-dec2936cf359', 'username': 'heavyswan937', 'password': 'visitor', 'salt': 'MDFQOLAR', 'md5': 'e103e7f174448c7a948e59da539e8694', 'sha1': '6c86c76b3a14e6f82689d71179f0ce150af61799', 'sha256': 'bbde95d01d545124df4d74d78636ff673db07fd45946a2e52146a6a9a2adb38b'}, 'dob': {'date': '1987-08-28T08:15:31.082Z', 'age': 36}, 'registered': {'date': '2005-02-04T02:02:34.416Z', 'age': 19}, 'phone': '33792354', 'cell': '44366818', 'id': {'name': 'FN', 'value': '28088703407'}, 'picture': {'large': 'https://randomuser.me/api/portraits/women/59.jpg', 'medium': 'https://randomuser.me/api/portraits/med/women/59.jpg', 'thumbnail': 'https://randomuser.me/api/portraits/thumb/women/59.jpg'}, 'nat': 'NO'}], 'info': {'seed': '31d3221f011dd25d', 'results': 1, 'page': 1, 'version': '1.4'}}</msg>
<arg>${json_data}</arg>
<doc>Logs the given message with the given level.</doc>
<status status="PASS" start="2024-07-31T02:15:04.204885" elapsed="0.000222"/>
</kw>
<kw name="Dictionary Should Contain Key" owner="Collections">
<arg>${json_data}</arg>
<arg>results</arg>
<doc>Fails if ``key`` is not found from ``dictionary``.</doc>
<status status="PASS" start="2024-07-31T02:15:04.205404" elapsed="0.000165"/>
</kw>
<kw name="Should Not Be Empty" owner="BuiltIn">
<msg time="2024-07-31T02:15:04.205884" level="INFO">Length is 2.</msg>
<arg>${json_data}</arg>
<doc>Verifies that the given item is not empty.</doc>
<status status="PASS" start="2024-07-31T02:15:04.205759" elapsed="0.000167"/>
</kw>
<kw name="Create List" owner="BuiltIn">
<msg time="2024-07-31T02:15:04.206420" level="INFO">${expected_keys} = ['gender', 'name', 'location', 'email', 'login']</msg>
<var>${expected_keys}</var>
<arg>gender</arg>
<arg>name</arg>
<arg>location</arg>
<arg>email</arg>
<arg>login</arg>
<doc>Returns a list containing given items.</doc>
<status status="PASS" start="2024-07-31T02:15:04.206263" elapsed="0.000182"/>
</kw>
<for flavor="IN">
<iter>
<kw name="Dictionary Should Contain Key" owner="Collections">
<arg>${json_data['results'][0]}</arg>
<arg>${key}</arg>
<doc>Fails if ``key`` is not found from ``dictionary``.</doc>
<status status="PASS" start="2024-07-31T02:15:04.207037" elapsed="0.000414"/>
</kw>
<kw name="Log" owner="BuiltIn">
<msg time="2024-07-31T02:15:04.208005" level="INFO">{'gender': 'female', 'name': {'title': 'Mrs', 'first': 'Ailin', 'last': 'Engenes'}, 'location': {'street': {'number': 3161, 'name': 'Monrads gate'}, 'city': 'Harstad', 'state': 'Nord-Trøndelag', 'country': 'Norway', 'postcode': '5813', 'coordinates': {'latitude': '40.7927', 'longitude': '79.3962'}, 'timezone': {'offset': '-2:00', 'description': 'Mid-Atlantic'}}, 'email': 'ailin.engenes@example.com', 'login': {'uuid': '02a65946-6978-4ba9-abf7-dec2936cf359', 'username': 'heavyswan937', 'password': 'visitor', 'salt': 'MDFQOLAR', 'md5': 'e103e7f174448c7a948e59da539e8694', 'sha1': '6c86c76b3a14e6f82689d71179f0ce150af61799', 'sha256': 'bbde95d01d545124df4d74d78636ff673db07fd45946a2e52146a6a9a2adb38b'}, 'dob': {'date': '1987-08-28T08:15:31.082Z', 'age': 36}, 'registered': {'date': '2005-02-04T02:02:34.416Z', 'age': 19}, 'phone': '33792354', 'cell': '44366818', 'id': {'name': 'FN', 'value': '28088703407'}, 'picture': {'large': 'https://randomuser.me/api/portraits/women/59.jpg', 'medium': 'https://randomuser.me/api/portraits/med/women/59.jpg', 'thumbnail': 'https://randomuser.me/api/portraits/thumb/women/59.jpg'}, 'nat': 'NO'}</msg>
<arg>${json_data['results'][0]}</arg>
<doc>Logs the given message with the given level.</doc>
<status status="PASS" start="2024-07-31T02:15:04.207645" elapsed="0.000410"/>
</kw>
<kw name="Log" owner="BuiltIn">
<msg time="2024-07-31T02:15:04.208484" level="INFO">gender</msg>
<arg>${key}</arg>
<doc>Logs the given message with the given level.</doc>
<status status="PASS" start="2024-07-31T02:15:04.208355" elapsed="0.000167"/>
</kw>
<var name="${key}">gender</var>
<status status="PASS" start="2024-07-31T02:15:04.206910" elapsed="0.001834"/>
</iter>
<iter>
<kw name="Dictionary Should Contain Key" owner="Collections">
<arg>${json_data['results'][0]}</arg>
<arg>${key}</arg>
<doc>Fails if ``key`` is not found from ``dictionary``.</doc>
<status status="PASS" start="2024-07-31T02:15:04.209044" elapsed="0.000402"/>
</kw>
<kw name="Log" owner="BuiltIn">
<msg time="2024-07-31T02:15:04.210015" level="INFO">{'gender': 'female', 'name': {'title': 'Mrs', 'first': 'Ailin', 'last': 'Engenes'}, 'location': {'street': {'number': 3161, 'name': 'Monrads gate'}, 'city': 'Harstad', 'state': 'Nord-Trøndelag', 'country': 'Norway', 'postcode': '5813', 'coordinates': {'latitude': '40.7927', 'longitude': '79.3962'}, 'timezone': {'offset': '-2:00', 'description': 'Mid-Atlantic'}}, 'email': 'ailin.engenes@example.com', 'login': {'uuid': '02a65946-6978-4ba9-abf7-dec2936cf359', 'username': 'heavyswan937', 'password': 'visitor', 'salt': 'MDFQOLAR', 'md5': 'e103e7f174448c7a948e59da539e8694', 'sha1': '6c86c76b3a14e6f82689d71179f0ce150af61799', 'sha256': 'bbde95d01d545124df4d74d78636ff673db07fd45946a2e52146a6a9a2adb38b'}, 'dob': {'date': '1987-08-28T08:15:31.082Z', 'age': 36}, 'registered': {'date': '2005-02-04T02:02:34.416Z', 'age': 19}, 'phone': '33792354', 'cell': '44366818', 'id': {'name': 'FN', 'value': '28088703407'}, 'picture': {'large': 'https://randomuser.me/api/portraits/women/59.jpg', 'medium': 'https://randomuser.me/api/portraits/med/women/59.jpg', 'thumbnail': 'https://randomuser.me/api/portraits/thumb/women/59.jpg'}, 'nat': 'NO'}</msg>
<arg>${json_data['results'][0]}</arg>
<doc>Logs the given message with the given level.</doc>
<status status="PASS" start="2024-07-31T02:15:04.209640" elapsed="0.000485"/>
</kw>
<kw name="Log" owner="BuiltIn">
<msg time="2024-07-31T02:15:04.210574" level="INFO">name</msg>
<arg>${key}</arg>
<doc>Logs the given message with the given level.</doc>
<status status="PASS" start="2024-07-31T02:15:04.210443" elapsed="0.000169"/>
</kw>
<var name="${key}">name</var>
<status status="PASS" start="2024-07-31T02:15:04.208931" elapsed="0.001905"/>
</iter>
<iter>
<kw name="Dictionary Should Contain Key" owner="Collections">
<arg>${json_data['results'][0]}</arg>
<arg>${key}</arg>
<doc>Fails if ``key`` is not found from ``dictionary``.</doc>
<status status="PASS" start="2024-07-31T02:15:04.211120" elapsed="0.000382"/>
</kw>
<kw name="Log" owner="BuiltIn">
<msg time="2024-07-31T02:15:04.212044" level="INFO">{'gender': 'female', 'name': {'title': 'Mrs', 'first': 'Ailin', 'last': 'Engenes'}, 'location': {'street': {'number': 3161, 'name': 'Monrads gate'}, 'city': 'Harstad', 'state': 'Nord-Trøndelag', 'country': 'Norway', 'postcode': '5813', 'coordinates': {'latitude': '40.7927', 'longitude': '79.3962'}, 'timezone': {'offset': '-2:00', 'description': 'Mid-Atlantic'}}, 'email': 'ailin.engenes@example.com', 'login': {'uuid': '02a65946-6978-4ba9-abf7-dec2936cf359', 'username': 'heavyswan937', 'password': 'visitor', 'salt': 'MDFQOLAR', 'md5': 'e103e7f174448c7a948e59da539e8694', 'sha1': '6c86c76b3a14e6f82689d71179f0ce150af61799', 'sha256': 'bbde95d01d545124df4d74d78636ff673db07fd45946a2e52146a6a9a2adb38b'}, 'dob': {'date': '1987-08-28T08:15:31.082Z', 'age': 36}, 'registered': {'date': '2005-02-04T02:02:34.416Z', 'age': 19}, 'phone': '33792354', 'cell': '44366818', 'id': {'name': 'FN', 'value': '28088703407'}, 'picture': {'large': 'https://randomuser.me/api/portraits/women/59.jpg', 'medium': 'https://randomuser.me/api/portraits/med/women/59.jpg', 'thumbnail': 'https://randomuser.me/api/portraits/thumb/women/59.jpg'}, 'nat': 'NO'}</msg>
<arg>${json_data['results'][0]}</arg>
<doc>Logs the given message with the given level.</doc>
<status status="PASS" start="2024-07-31T02:15:04.211690" elapsed="0.000405"/>
</kw>
<kw name="Log" owner="BuiltIn">
<msg time="2024-07-31T02:15:04.212516" level="INFO">location</msg>
<arg>${key}</arg>
<doc>Logs the given message with the given level.</doc>
<status status="PASS" start="2024-07-31T02:15:04.212389" elapsed="0.000164"/>
</kw>
<var name="${key}">location</var>
<status status="PASS" start="2024-07-31T02:15:04.211013" elapsed="0.001760"/>
</iter>
<iter>
<kw name="Dictionary Should Contain Key" owner="Collections">
<arg>${json_data['results'][0]}</arg>
<arg>${key}</arg>
<doc>Fails if ``key`` is not found from ``dictionary``.</doc>
<status status="PASS" start="2024-07-31T02:15:04.213055" elapsed="0.000387"/>
</kw>
<kw name="Log" owner="BuiltIn">
<msg time="2024-07-31T02:15:04.214136" level="INFO">{'gender': 'female', 'name': {'title': 'Mrs', 'first': 'Ailin', 'last': 'Engenes'}, 'location': {'street': {'number': 3161, 'name': 'Monrads gate'}, 'city': 'Harstad', 'state': 'Nord-Trøndelag', 'country': 'Norway', 'postcode': '5813', 'coordinates': {'latitude': '40.7927', 'longitude': '79.3962'}, 'timezone': {'offset': '-2:00', 'description': 'Mid-Atlantic'}}, 'email': 'ailin.engenes@example.com', 'login': {'uuid': '02a65946-6978-4ba9-abf7-dec2936cf359', 'username': 'heavyswan937', 'password': 'visitor', 'salt': 'MDFQOLAR', 'md5': 'e103e7f174448c7a948e59da539e8694', 'sha1': '6c86c76b3a14e6f82689d71179f0ce150af61799', 'sha256': 'bbde95d01d545124df4d74d78636ff673db07fd45946a2e52146a6a9a2adb38b'}, 'dob': {'date': '1987-08-28T08:15:31.082Z', 'age': 36}, 'registered': {'date': '2005-02-04T02:02:34.416Z', 'age': 19}, 'phone': '33792354', 'cell': '44366818', 'id': {'name': 'FN', 'value': '28088703407'}, 'picture': {'large': 'https://randomuser.me/api/portraits/women/59.jpg', 'medium': 'https://randomuser.me/api/portraits/med/women/59.jpg', 'thumbnail': 'https://randomuser.me/api/portraits/thumb/women/59.jpg'}, 'nat': 'NO'}</msg>
<arg>${json_data['results'][0]}</arg>
<doc>Logs the given message with the given level.</doc>
<status status="PASS" start="2024-07-31T02:15:04.213750" elapsed="0.000457"/>
</kw>
<kw name="Log" owner="BuiltIn">
<msg time="2024-07-31T02:15:04.214640" level="INFO">email</msg>
<arg>${key}</arg>
<doc>Logs the given message with the given level.</doc>
<status status="PASS" start="2024-07-31T02:15:04.214509" elapsed="0.000169"/>
</kw>
<var name="${key}">email</var>
<status status="PASS" start="2024-07-31T02:15:04.212948" elapsed="0.001949"/>
</iter>
<iter>
<kw name="Dictionary Should Contain Key" owner="Collections">
<arg>${json_data['results'][0]}</arg>
<arg>${key}</arg>
<doc>Fails if ``key`` is not found from ``dictionary``.</doc>
<status status="PASS" start="2024-07-31T02:15:04.215181" elapsed="0.000383"/>
</kw>
<kw name="Log" owner="BuiltIn">
<msg time="2024-07-31T02:15:04.216103" level="INFO">{'gender': 'female', 'name': {'title': 'Mrs', 'first': 'Ailin', 'last': 'Engenes'}, 'location': {'street': {'number': 3161, 'name': 'Monrads gate'}, 'city': 'Harstad', 'state': 'Nord-Trøndelag', 'country': 'Norway', 'postcode': '5813', 'coordinates': {'latitude': '40.7927', 'longitude': '79.3962'}, 'timezone': {'offset': '-2:00', 'description': 'Mid-Atlantic'}}, 'email': 'ailin.engenes@example.com', 'login': {'uuid': '02a65946-6978-4ba9-abf7-dec2936cf359', 'username': 'heavyswan937', 'password': 'visitor', 'salt': 'MDFQOLAR', 'md5': 'e103e7f174448c7a948e59da539e8694', 'sha1': '6c86c76b3a14e6f82689d71179f0ce150af61799', 'sha256': 'bbde95d01d545124df4d74d78636ff673db07fd45946a2e52146a6a9a2adb38b'}, 'dob': {'date': '1987-08-28T08:15:31.082Z', 'age': 36}, 'registered': {'date': '2005-02-04T02:02:34.416Z', 'age': 19}, 'phone': '33792354', 'cell': '44366818', 'id': {'name': 'FN', 'value': '28088703407'}, 'picture': {'large': 'https://randomuser.me/api/portraits/women/59.jpg', 'medium': 'https://randomuser.me/api/portraits/med/women/59.jpg', 'thumbnail': 'https://randomuser.me/api/portraits/thumb/women/59.jpg'}, 'nat': 'NO'}</msg>
<arg>${json_data['results'][0]}</arg>
<doc>Logs the given message with the given level.</doc>
<status status="PASS" start="2024-07-31T02:15:04.215747" elapsed="0.000406"/>
</kw>
<kw name="Log" owner="BuiltIn">
<msg time="2024-07-31T02:15:04.216577" level="INFO">login</msg>
<arg>${key}</arg>
<doc>Logs the given message with the given level.</doc>
<status status="PASS" start="2024-07-31T02:15:04.216448" elapsed="0.000166"/>
</kw>
<var name="${key}">login</var>
<status status="PASS" start="2024-07-31T02:15:04.215073" elapsed="0.001754"/>
</iter>
<var>${key}</var>
<value>@{expected_keys}</value>
<status status="PASS" start="2024-07-31T02:15:04.206715" elapsed="0.010234"/>
</for>
<kw name="Create List" owner="BuiltIn">
<msg time="2024-07-31T02:15:04.217274" level="INFO">${expected_keysTwo} = ['username', 'password']</msg>
<var>${expected_keysTwo}</var>
<arg>username</arg>
<arg>password</arg>
<doc>Returns a list containing given items.</doc>
<status status="PASS" start="2024-07-31T02:15:04.217139" elapsed="0.000159"/>
</kw>
<for flavor="IN">
<iter>
<kw name="Dictionary Should Contain Key" owner="Collections">
<arg>${json_data['results'][0]['login']}</arg>
<arg>${keyTwo}</arg>
<doc>Fails if ``key`` is not found from ``dictionary``.</doc>
<status status="PASS" start="2024-07-31T02:15:04.217825" elapsed="0.000417"/>
</kw>
<kw name="Dictionary Should Contain Key" owner="Collections">
<arg>${json_data['results'][0]['login']}</arg>
<arg>${keyTwo}</arg>
<doc>Fails if ``key`` is not found from ``dictionary``.</doc>
<status status="PASS" start="2024-07-31T02:15:04.218425" elapsed="0.000391"/>
</kw>
<kw name="Log" owner="BuiltIn">
<msg time="2024-07-31T02:15:04.219144" level="INFO">username</msg>
<arg>${keyTwo}</arg>
<doc>Logs the given message with the given level.</doc>
<status status="PASS" start="2024-07-31T02:15:04.219017" elapsed="0.000165"/>
</kw>
<var name="${keyTwo}">username</var>
<status status="PASS" start="2024-07-31T02:15:04.217717" elapsed="0.001706"/>
</iter>
<iter>
<kw name="Dictionary Should Contain Key" owner="Collections">
<arg>${json_data['results'][0]['login']}</arg>
<arg>${keyTwo}</arg>
<doc>Fails if ``key`` is not found from ``dictionary``.</doc>
<status status="PASS" start="2024-07-31T02:15:04.219712" elapsed="0.000385"/>
</kw>
<kw name="Dictionary Should Contain Key" owner="Collections">
<arg>${json_data['results'][0]['login']}</arg>
<arg>${keyTwo}</arg>
<doc>Fails if ``key`` is not found from ``dictionary``.</doc>
<status status="PASS" start="2024-07-31T02:15:04.220281" elapsed="0.000399"/>
</kw>
<kw name="Log" owner="BuiltIn">
<msg time="2024-07-31T02:15:04.220991" level="INFO">password</msg>
<arg>${keyTwo}</arg>
<doc>Logs the given message with the given level.</doc>
<status status="PASS" start="2024-07-31T02:15:04.220866" elapsed="0.000166"/>
</kw>
<var name="${keyTwo}">password</var>
<status status="PASS" start="2024-07-31T02:15:04.219599" elapsed="0.001664"/>
</iter>
<var>${keyTwo}</var>
<value>@{expected_keysTwo}</value>
<status status="PASS" start="2024-07-31T02:15:04.217561" elapsed="0.003824"/>
</for>
<status status="PASS" start="2024-07-31T02:15:04.154289" elapsed="0.067241"/>
</kw>
<doc>Testa a estrutura da resposta da API.</doc>
<tag>testeEstruturaResposta</tag>
<status status="PASS" start="2024-07-31T02:15:04.153436" elapsed="0.068255"/>
</test>
<test id="s1-s1-t4" name="Validar tipos de dados" line="28">
<kw name="Teste de Tipos de Dados" owner="random-user-service">
<kw name="GET On Session" owner="RequestsLibrary">
<msg time="2024-07-31T02:15:04.314681" level="INFO">GET Request : url=https://randomuser.me/api 
 path_url=/api 
 headers={'User-Agent': 'python-requests/2.32.3', 'Accept-Encoding': 'gzip, deflate', 'Accept': '*/*', 'Connection': 'keep-alive'} 
 body=None 
 </msg>
<msg time="2024-07-31T02:15:04.314797" level="INFO">GET Response : url=https://randomuser.me/api 
 status=200, reason=OK 
 headers={'Date': 'Wed, 31 Jul 2024 02:15:04 GMT', 'Content-Type': 'application/json; charset=utf-8', 'Transfer-Encoding': 'chunked', 'Connection': 'keep-alive', 'X-Powered-By': 'Express', 'Access-Control-Allow-Origin': '*', 'Cache-Control': 'no-cache', 'ETag': 'W/"4af-JUwt5c7Ou23oK+OfsaYZBcTt9m0"', 'Vary': 'Accept-Encoding', 'Content-Encoding': 'gzip', 'CF-Cache-Status': 'DYNAMIC', 'Report-To': '{"endpoints":[{"url":"https:\\/\\/a.nel.cloudflare.com\\/report\\/v4?s=PA09qGKmPgGeKGbe1Erlujc%2BKsersGFICCzMr%2F8JOC2jlvmQxNw3V50RjujSoMhd4qOBiOyZRpGzXrmq%2Fam3%2BYClcxwNJIb4hYV%2BeJvmQzadGQcDGSpqr%2Btikv1Q5rF7"}],"group":"cf-nel","max_age":604800}', 'NEL': '{"success_fraction":0,"report_to":"cf-nel","max_age":604800}', 'Server': 'cloudflare', 'CF-RAY': '8aba141b78e062ab-ORD', 'alt-svc': 'h3=":443"; ma=86400'} 
 body={"results":[{"gender":"female","name":{"title":"Miss","first":"Maartje","last":"Euverman"},"location":{"street":{"number":4266,"name":"Directeur Evertsstraat"},"city":"Onderbanken","state":"Overijssel","country":"Netherlands","postcode":"8083 BW","coordinates":{"latitude":"36.9390","longitude":"86.1854"},"timezone":{"offset":"+9:00","description":"Tokyo, Seoul, Osaka, Sapporo, Yakutsk"}},"email":"maartje.euverman@example.com","login":{"uuid":"931e66ab-523d-4588-b123-d06b4e008d14","username":"brownswan142","password":"busty","salt":"jm1vIHDg","md5":"5f530d1b513599343f37e13fb9982371","sha1":"2760e6b3aee67b7af40f7934ef25a2b62c00aca6","sha256":"ca60e55fd3b3f64861383aaf6e52f4537ad2c7c82f9982f0460c4f27c4e78291"},"dob":{"date":"1966-11-24T09:29:26.015Z","age":57},"registered":{"date":"2016-05-13T13:57:05.845Z","age":8},"phone":"(0704) 543822","cell":"(06) 34038556","id":{"name":"BSN","value":"47189106"},"picture":{"large":"https://randomuser.me/api/portraits/women/29.jpg","medium":"https://randomuser.me/api/portraits/med/women/29.jpg","thumbnail":"https://randomuser.me/api/portraits/thumb/women/29.jpg"},"nat":"NL"}],"info":{"seed":"6d82becc7de6f92d","results":1,"page":1,"version":"1.4"}} 
 </msg>
<msg time="2024-07-31T02:15:04.314871" level="INFO">/opt/hostedtoolcache/Python/3.12.4/x64/lib/python3.12/site-packages/urllib3/connectionpool.py:1099: InsecureRequestWarning: Unverified HTTPS request is being made to host 'randomuser.me'. Adding certificate verification is strongly advised. See: https://urllib3.readthedocs.io/en/latest/advanced-usage.html#tls-warnings
  warnings.warn(</msg>
<msg time="2024-07-31T02:15:04.315004" level="INFO">${response} = &lt;Response [200]&gt;</msg>
<var>${response}</var>
<arg>consultarAPI</arg>
<arg>/api</arg>
<doc>Sends a GET request on a previously created HTTP Session.</doc>
<status status="PASS" start="2024-07-31T02:15:04.224493" elapsed="0.090559"/>
</kw>
<kw name="Set Variable" owner="BuiltIn">
<msg time="2024-07-31T02:15:04.316244" level="INFO">${json_data} = {'results': [{'gender': 'female', 'name': {'title': 'Miss', 'first': 'Maartje', 'last': 'Euverman'}, 'location': {'street': {'number': 4266, 'name': 'Directeur Evertsstraat'}, 'city': 'Onderbanken', '...</msg>
<var>${json_data}</var>
<arg>${response.json()}</arg>
<doc>Returns the given values which can then be assigned to a variables.</doc>
<status status="PASS" start="2024-07-31T02:15:04.315714" elapsed="0.000559"/>
</kw>
<kw name="Log" owner="BuiltIn">
<msg time="2024-07-31T02:15:04.316742" level="INFO">{'results': [{'gender': 'female', 'name': {'title': 'Miss', 'first': 'Maartje', 'last': 'Euverman'}, 'location': {'street': {'number': 4266, 'name': 'Directeur Evertsstraat'}, 'city': 'Onderbanken', 'state': 'Overijssel', 'country': 'Netherlands', 'postcode': '8083 BW', 'coordinates': {'latitude': '36.9390', 'longitude': '86.1854'}, 'timezone': {'offset': '+9:00', 'description': 'Tokyo, Seoul, Osaka, Sapporo, Yakutsk'}}, 'email': 'maartje.euverman@example.com', 'login': {'uuid': '931e66ab-523d-4588-b123-d06b4e008d14', 'username': 'brownswan142', 'password': 'busty', 'salt': 'jm1vIHDg', 'md5': '5f530d1b513599343f37e13fb9982371', 'sha1': '2760e6b3aee67b7af40f7934ef25a2b62c00aca6', 'sha256': 'ca60e55fd3b3f64861383aaf6e52f4537ad2c7c82f9982f0460c4f27c4e78291'}, 'dob': {'date': '1966-11-24T09:29:26.015Z', 'age': 57}, 'registered': {'date': '2016-05-13T13:57:05.845Z', 'age': 8}, 'phone': '(0704) 543822', 'cell': '(06) 34038556', 'id': {'name': 'BSN', 'value': '47189106'}, 'picture': {'large': 'https://randomuser.me/api/portraits/women/29.jpg', 'medium': 'https://randomuser.me/api/portraits/med/women/29.jpg', 'thumbnail': 'https://randomuser.me/api/portraits/thumb/women/29.jpg'}, 'nat': 'NL'}], 'info': {'seed': '6d82becc7de6f92d', 'results': 1, 'page': 1, 'version': '1.4'}}</msg>
<arg>${json_data}</arg>
<doc>Logs the given message with the given level.</doc>
<status status="PASS" start="2024-07-31T02:15:04.316584" elapsed="0.000206"/>
</kw>
<kw name="Should Be String" owner="String">
<arg>${json_data['results'][0]['gender']}</arg>
<doc>Fails if the given ``item`` is not a string.</doc>
<status status="PASS" start="2024-07-31T02:15:04.317084" elapsed="0.000375"/>
</kw>
<kw name="Should Match Regexp" owner="BuiltIn">
<arg>${json_data['results'][0]['email']}</arg>
<arg>^[a-zA-Z0-9._%+-]+@[a-zA-Z0-9.-]+\.[a-zA-Z]{2,}$</arg>
<doc>Fails if ``string`` does not match ``pattern`` as a regular expression.</doc>
<status status="PASS" start="2024-07-31T02:15:04.317651" elapsed="0.000563"/>
</kw>
<kw name="Should Match Regexp" owner="BuiltIn">
<arg>${json_data['results'][0]['dob']['date']}</arg>
<arg>\\d{4}-\\d{2}-\\d{2}T\\d{2}:\\d{2}:\\d{2}\\.\\d{3}Z</arg>
<doc>Fails if ``string`` does not match ``pattern`` as a regular expression.</doc>
<status status="PASS" start="2024-07-31T02:15:04.318458" elapsed="0.000705"/>
</kw>
<kw name="Should Match Regexp" owner="BuiltIn">
<arg>${json_data['results'][0]['registered']['date']}</arg>
<arg>\\d{4}-\\d{2}-\\d{2}T\\d{2}:\\d{2}:\\d{2}\\.\\d{3}Z</arg>
<doc>Fails if ``string`` does not match ``pattern`` as a regular expression.</doc>
<status status="PASS" start="2024-07-31T02:15:04.319368" elapsed="0.000377"/>
</kw>
<kw name="Should Match Regexp" owner="BuiltIn">
<arg>${json_data['results'][0]['picture']['large']}</arg>
<arg>^https?://.*\.(?:png|jpe?g|gif|bmp)$</arg>
<doc>Fails if ``string`` does not match ``pattern`` as a regular expression.</doc>
<status status="PASS" start="2024-07-31T02:15:04.319936" elapsed="0.000462"/>
</kw>
<kw name="Should Match Regexp" owner="BuiltIn">
<arg>${json_data['results'][0]['picture']['medium']}</arg>
<arg>^https?://.*\.(?:png|jpe?g|gif|bmp)$</arg>
<doc>Fails if ``string`` does not match ``pattern`` as a regular expression.</doc>
<status status="PASS" start="2024-07-31T02:15:04.320587" elapsed="0.000358"/>
</kw>
<kw name="Should Match Regexp" owner="BuiltIn">
<arg>${json_data['results'][0]['picture']['thumbnail']}</arg>
<arg>^https?://.*\.(?:png|jpe?g|gif|bmp)$</arg>
<doc>Fails if ``string`` does not match ``pattern`` as a regular expression.</doc>
<status status="PASS" start="2024-07-31T02:15:04.321130" elapsed="0.000352"/>
</kw>
<kw name="Log" owner="BuiltIn">
<msg time="2024-07-31T02:15:04.321983" level="INFO">{'large': 'https://randomuser.me/api/portraits/women/29.jpg', 'medium': 'https://randomuser.me/api/portraits/med/women/29.jpg', 'thumbnail': 'https://randomuser.me/api/portraits/thumb/women/29.jpg'}</msg>
<arg>${json_data['results'][0]['picture']}</arg>
<doc>Logs the given message with the given level.</doc>
<status status="PASS" start="2024-07-31T02:15:04.321661" elapsed="0.000366"/>
</kw>
<status status="PASS" start="2024-07-31T02:15:04.224160" elapsed="0.098166"/>
</kw>
<kw name="Teste de Tipos de Dados - Postcode" owner="random-user-service">
<kw name="GET On Session" owner="RequestsLibrary">
<msg time="2024-07-31T02:15:04.404457" level="INFO">GET Request : url=https://randomuser.me/api 
 path_url=/api 
 headers={'User-Agent': 'python-requests/2.32.3', 'Accept-Encoding': 'gzip, deflate', 'Accept': '*/*', 'Connection': 'keep-alive'} 
 body=None 
 </msg>
<msg time="2024-07-31T02:15:04.404557" level="INFO">GET Response : url=https://randomuser.me/api 
 status=200, reason=OK 
 headers={'Date': 'Wed, 31 Jul 2024 02:15:04 GMT', 'Content-Type': 'application/json; charset=utf-8', 'Transfer-Encoding': 'chunked', 'Connection': 'keep-alive', 'X-Powered-By': 'Express', 'Access-Control-Allow-Origin': '*', 'Cache-Control': 'no-cache', 'ETag': 'W/"4a2-yLH0x5v4qdNeZIkmL6OEaKqpF0o"', 'Vary': 'Accept-Encoding', 'Content-Encoding': 'gzip', 'CF-Cache-Status': 'DYNAMIC', 'Report-To': '{"endpoints":[{"url":"https:\\/\\/a.nel.cloudflare.com\\/report\\/v4?s=ifUhRpOXkG2bG%2BxU5CpCxb17uqowVQx%2FKcBMAVnv7rnJwMO7oqKI%2FUtbpHOFm8TRQ6%2FmnTmXXlLfqy74YotFw%2Bw7dQ1ptEGqNZ190qzpJzeviU%2BJIweZ%2Bful5LaXg8Qt"}],"group":"cf-nel","max_age":604800}', 'NEL': '{"success_fraction":0,"report_to":"cf-nel","max_age":604800}', 'Server': 'cloudflare', 'CF-RAY': '8aba141c19a662ab-ORD', 'alt-svc': 'h3=":443"; ma=86400'} 
 body={"results":[{"gender":"female","name":{"title":"Mrs","first":"Enni","last":"Palo"},"location":{"street":{"number":1449,"name":"Hermiankatu"},"city":"Enonkoski","state":"Tavastia Proper","country":"Finland","postcode":68046,"coordinates":{"latitude":"-24.4820","longitude":"92.9711"},"timezone":{"offset":"-4:00","description":"Atlantic Time (Canada), Caracas, La Paz"}},"email":"enni.palo@example.com","login":{"uuid":"4a64230e-acb0-4337-93e1-5532a3bfcbb7","username":"beautifulfrog436","password":"thuglife","salt":"WRanoBZl","md5":"751c8b087b7f6a84e932459d12db113b","sha1":"545f1766f92b036faedb130895292f8e7cae6685","sha256":"4167571ec143b4fe3de63bb1b37eddd6e0ea7ae2b084002768c1454a58926aa2"},"dob":{"date":"1957-05-02T05:27:33.366Z","age":67},"registered":{"date":"2005-01-04T11:13:34.455Z","age":19},"phone":"03-797-774","cell":"047-300-38-15","id":{"name":"HETU","value":"NaNNA686undefined"},"picture":{"large":"https://randomuser.me/api/portraits/women/66.jpg","medium":"https://randomuser.me/api/portraits/med/women/66.jpg","thumbnail":"https://randomuser.me/api/portraits/thumb/women/66.jpg"},"nat":"FI"}],"info":{"seed":"fd3af07362103759","results":1,"page":1,"version":"1.4"}} 
 </msg>
<msg time="2024-07-31T02:15:04.404626" level="INFO">/opt/hostedtoolcache/Python/3.12.4/x64/lib/python3.12/site-packages/urllib3/connectionpool.py:1099: InsecureRequestWarning: Unverified HTTPS request is being made to host 'randomuser.me'. Adding certificate verification is strongly advised. See: https://urllib3.readthedocs.io/en/latest/advanced-usage.html#tls-warnings
  warnings.warn(</msg>
<msg time="2024-07-31T02:15:04.404744" level="INFO">${response} = &lt;Response [200]&gt;</msg>
<var>${response}</var>
<arg>consultarAPI</arg>
<arg>/api</arg>
<doc>Sends a GET request on a previously created HTTP Session.</doc>
<status status="PASS" start="2024-07-31T02:15:04.322795" elapsed="0.081988"/>
</kw>
<kw name="Set Variable" owner="BuiltIn">
<msg time="2024-07-31T02:15:04.405817" level="INFO">${json_data} = {'results': [{'gender': 'female', 'name': {'title': 'Mrs', 'first': 'Enni', 'last': 'Palo'}, 'location': {'street': {'number': 1449, 'name': 'Hermiankatu'}, 'city': 'Enonkoski', 'state': 'Tavastia Pro...</msg>
<var>${json_data}</var>
<arg>${response.json()}</arg>
<doc>Returns the given values which can then be assigned to a variables.</doc>
<status status="PASS" start="2024-07-31T02:15:04.405308" elapsed="0.000538"/>
</kw>
<kw name="Log" owner="BuiltIn">
<msg time="2024-07-31T02:15:04.406350" level="INFO">{'results': [{'gender': 'female', 'name': {'title': 'Mrs', 'first': 'Enni', 'last': 'Palo'}, 'location': {'street': {'number': 1449, 'name': 'Hermiankatu'}, 'city': 'Enonkoski', 'state': 'Tavastia Proper', 'country': 'Finland', 'postcode': 68046, 'coordinates': {'latitude': '-24.4820', 'longitude': '92.9711'}, 'timezone': {'offset': '-4:00', 'description': 'Atlantic Time (Canada), Caracas, La Paz'}}, 'email': 'enni.palo@example.com', 'login': {'uuid': '4a64230e-acb0-4337-93e1-5532a3bfcbb7', 'username': 'beautifulfrog436', 'password': 'thuglife', 'salt': 'WRanoBZl', 'md5': '751c8b087b7f6a84e932459d12db113b', 'sha1': '545f1766f92b036faedb130895292f8e7cae6685', 'sha256': '4167571ec143b4fe3de63bb1b37eddd6e0ea7ae2b084002768c1454a58926aa2'}, 'dob': {'date': '1957-05-02T05:27:33.366Z', 'age': 67}, 'registered': {'date': '2005-01-04T11:13:34.455Z', 'age': 19}, 'phone': '03-797-774', 'cell': '047-300-38-15', 'id': {'name': 'HETU', 'value': 'NaNNA686undefined'}, 'picture': {'large': 'https://randomuser.me/api/portraits/women/66.jpg', 'medium': 'https://randomuser.me/api/portraits/med/women/66.jpg', 'thumbnail': 'https://randomuser.me/api/portraits/thumb/women/66.jpg'}, 'nat': 'FI'}], 'info': {'seed': 'fd3af07362103759', 'results': 1, 'page': 1, 'version': '1.4'}}</msg>
<arg>${json_data}</arg>
<doc>Logs the given message with the given level.</doc>
<status status="PASS" start="2024-07-31T02:15:04.406193" elapsed="0.000215"/>
</kw>
<kw name="Should Be Equal As Numbers" owner="BuiltIn">
<arg>${json_data['results'][0]['location']['postcode']}</arg>
<arg>${json_data['results'][0]['location']['postcode']}</arg>
<doc>Fails if objects are unequal after converting them to real numbers.</doc>
<status status="PASS" start="2024-07-31T02:15:04.406710" elapsed="0.000636"/>
</kw>
<kw name="Log" owner="BuiltIn">
<msg time="2024-07-31T02:15:04.407909" level="INFO">68046</msg>
<arg>${json_data['results'][0]['location']['postcode']}</arg>
<doc>Logs the given message with the given level.</doc>
<status status="PASS" start="2024-07-31T02:15:04.407546" elapsed="0.000405"/>
</kw>
<status status="PASS" start="2024-07-31T02:15:04.322557" elapsed="0.085681"/>
</kw>
<doc>Testa se os tipos de dados na resposta da API estão corretos.</doc>
<tag>testeTiposDados</tag>
<status status="PASS" start="2024-07-31T02:15:04.223483" elapsed="0.184934"/>
</test>
<test id="s1-s1-t5" name="Validar conteudo" line="35">
<kw name="Teste de Tipos de Conteudo" owner="random-user-service">
<kw name="GET On Session" owner="RequestsLibrary">
<msg time="2024-07-31T02:15:04.506468" level="INFO">GET Request : url=https://randomuser.me/api 
 path_url=/api 
 headers={'User-Agent': 'python-requests/2.32.3', 'Accept-Encoding': 'gzip, deflate', 'Accept': '*/*', 'Connection': 'keep-alive'} 
 body=None 
 </msg>
<msg time="2024-07-31T02:15:04.506570" level="INFO">GET Response : url=https://randomuser.me/api 
 status=200, reason=OK 
 headers={'Date': 'Wed, 31 Jul 2024 02:15:04 GMT', 'Content-Type': 'application/json; charset=utf-8', 'Transfer-Encoding': 'chunked', 'Connection': 'keep-alive', 'X-Powered-By': 'Express', 'Access-Control-Allow-Origin': '*', 'Cache-Control': 'no-cache', 'ETag': 'W/"493-llIsuEVt8Tg2LtWem9zbajrsKkk"', 'Vary': 'Accept-Encoding', 'Content-Encoding': 'gzip', 'CF-Cache-Status': 'DYNAMIC', 'Report-To': '{"endpoints":[{"url":"https:\\/\\/a.nel.cloudflare.com\\/report\\/v4?s=eJxaLWcD5dNQYbkNGdkiiImqpeeTU1HzX4%2Flrdx4Y7kvxFc0gxeyLgVx%2B63CaBCjjVBnZxdO5MT%2BoMbvus1vQj67tW%2FHF98yBj135lk74SpmQsdLcYSW0QYDwJWTcI4y"}],"group":"cf-nel","max_age":604800}', 'NEL': '{"success_fraction":0,"report_to":"cf-nel","max_age":604800}', 'Server': 'cloudflare', 'CF-RAY': '8aba141caa4e62ab-ORD', 'alt-svc': 'h3=":443"; ma=86400'} 
 body={"results":[{"gender":"male","name":{"title":"Mr","first":"Gustav","last":"Rasmussen"},"location":{"street":{"number":8922,"name":"Søtoften"},"city":"Vipperød","state":"Hovedstaden","country":"Denmark","postcode":54970,"coordinates":{"latitude":"-38.6795","longitude":"-178.1989"},"timezone":{"offset":"-5:00","description":"Eastern Time (US &amp; Canada), Bogota, Lima"}},"email":"gustav.rasmussen@example.com","login":{"uuid":"5d3edf27-f7c3-46ec-9b77-1ba7976a78b4","username":"heavyladybug203","password":"postman","salt":"0DYny3Vw","md5":"0fb44043ad91f9e1af46a392dea631e0","sha1":"959d07e27750eec675599d9d0c005839eb228008","sha256":"950990b61a711b3627b7296a01d9fd8bd558c6e196d74d10bc11bc79c905db9d"},"dob":{"date":"1984-12-27T11:55:41.548Z","age":39},"registered":{"date":"2016-01-02T21:19:37.453Z","age":8},"phone":"64464572","cell":"43945120","id":{"name":"CPR","value":"271284-8755"},"picture":{"large":"https://randomuser.me/api/portraits/men/48.jpg","medium":"https://randomuser.me/api/portraits/med/men/48.jpg","thumbnail":"https://randomuser.me/api/portraits/thumb/men/48.jpg"},"nat":"DK"}],"info":{"seed":"3f25a95d68faeccb","results":1,"page":1,"version":"1.4"}} 
 </msg>
<msg time="2024-07-31T02:15:04.506644" level="INFO">/opt/hostedtoolcache/Python/3.12.4/x64/lib/python3.12/site-packages/urllib3/connectionpool.py:1099: InsecureRequestWarning: Unverified HTTPS request is being made to host 'randomuser.me'. Adding certificate verification is strongly advised. See: https://urllib3.readthedocs.io/en/latest/advanced-usage.html#tls-warnings
  warnings.warn(</msg>
<msg time="2024-07-31T02:15:04.506765" level="INFO">${response} = &lt;Response [200]&gt;</msg>
<var>${response}</var>
<arg>consultarAPI</arg>
<arg>/api</arg>
<doc>Sends a GET request on a previously created HTTP Session.</doc>
<status status="PASS" start="2024-07-31T02:15:04.410910" elapsed="0.095895"/>
</kw>
<kw name="Set Variable" owner="BuiltIn">
<msg time="2024-07-31T02:15:04.507866" level="INFO">${json_data} = {'results': [{'gender': 'male', 'name': {'title': 'Mr', 'first': 'Gustav', 'last': 'Rasmussen'}, 'location': {'street': {'number': 8922, 'name': 'Søtoften'}, 'city': 'Vipperød', 'state': 'Hovedstaden'...</msg>
<var>${json_data}</var>
<arg>${response.json()}</arg>
<doc>Returns the given values which can then be assigned to a variables.</doc>
<status status="PASS" start="2024-07-31T02:15:04.507334" elapsed="0.000562"/>
</kw>
<kw name="Set Variable" owner="BuiltIn">
<msg time="2024-07-31T02:15:04.508599" level="INFO">${name_title} = Mr</msg>
<var>${name_title}</var>
<arg>${json_data["results"][0]["name"]["title"]}</arg>
<doc>Returns the given values which can then be assigned to a variables.</doc>
<status status="PASS" start="2024-07-31T02:15:04.508215" elapsed="0.000410"/>
</kw>
<kw name="Create List" owner="BuiltIn">
<msg time="2024-07-31T02:15:04.509074" level="INFO">${allowed_titles} = ['Mr', 'Ms', 'Miss', 'Mrs', 'Madame', 'Monsieur']</msg>
<var>${allowed_titles}</var>
<arg>Mr</arg>
<arg>Ms</arg>
<arg>Miss</arg>
<arg>Mrs</arg>
<arg>Madame</arg>
<arg>Monsieur</arg>
<doc>Returns a list containing given items.</doc>
<status status="PASS" start="2024-07-31T02:15:04.508924" elapsed="0.000176"/>
</kw>
<kw name="List Should Contain Value" owner="Collections">
<arg>${allowed_titles}</arg>
<arg>${name_title}</arg>
<doc>Fails if the ``value`` is not found from ``list``.</doc>
<status status="PASS" start="2024-07-31T02:15:04.509394" elapsed="0.000185"/>
</kw>
<kw name="Set Variable" owner="BuiltIn">
<msg time="2024-07-31T02:15:04.510170" level="INFO">${name_country} = DK</msg>
<var>${name_country}</var>
<arg>${json_data["results"][0]["nat"]}</arg>
<doc>Returns the given values which can then be assigned to a variables.</doc>
<status status="PASS" start="2024-07-31T02:15:04.509763" elapsed="0.000433"/>
</kw>
<kw name="Create List" owner="BuiltIn">
<msg time="2024-07-31T02:15:04.511079" level="INFO">${list_country} = ['AD', 'AE', 'AF', 'AG', 'AI', 'AL', 'AM', 'AO', 'AQ', 'AR', 'AS', 'AT', 'AU', 'AW', 'AX', 'AZ', 'BA', 'BB', 'BD', 'BE', 'BF', 'BG', 'BH', 'BI', 'BJ', 'BL', 'BM', 'BN', 'BO', 'BQ', 'BR', 'BS', 'BT', '...</msg>
<var>${list_country}</var>
<arg>AD</arg>
<arg>AE</arg>
<arg>AF</arg>
<arg>AG</arg>
<arg>AI</arg>
<arg>AL</arg>
<arg>AM</arg>
<arg>AO</arg>
<arg>AQ</arg>
<arg>AR</arg>
<arg>AS</arg>
<arg>AT</arg>
<arg>AU</arg>
<arg>AW</arg>
<arg>AX</arg>
<arg>AZ</arg>
<arg>BA</arg>
<arg>BB</arg>
<arg>BD</arg>
<arg>BE</arg>
<arg>BF</arg>
<arg>BG</arg>
<arg>BH</arg>
<arg>BI</arg>
<arg>BJ</arg>
<arg>BL</arg>
<arg>BM</arg>
<arg>BN</arg>
<arg>BO</arg>
<arg>BQ</arg>
<arg>BR</arg>
<arg>BS</arg>
<arg>BT</arg>
<arg>BV</arg>
<arg>BW</arg>
<arg>BY</arg>
<arg>BZ</arg>
<arg>CA</arg>
<arg>CC</arg>
<arg>CD</arg>
<arg>CF</arg>
<arg>CG</arg>
<arg>CH</arg>
<arg>CI</arg>
<arg>CK</arg>
<arg>CL</arg>
<arg>CM</arg>
<arg>CN</arg>
<arg>CO</arg>
<arg>CR</arg>
<arg>CU</arg>
<arg>CV</arg>
<arg>CW</arg>
<arg>CX</arg>
<arg>CY</arg>
<arg>CZ</arg>
<arg>DE</arg>
<arg>DJ</arg>
<arg>DK</arg>
<arg>DM</arg>
<arg>DO</arg>
<arg>DZ</arg>
<arg>EC</arg>
<arg>EE</arg>
<arg>EG</arg>
<arg>EH</arg>
<arg>ER</arg>
<arg>ES</arg>
<arg>ET</arg>
<arg>FI</arg>
<arg>FJ</arg>
<arg>FK</arg>
<arg>FM</arg>
<arg>FO</arg>
<arg>FR</arg>
<arg>GA</arg>
<arg>GB</arg>
<arg>GD</arg>
<arg>GE</arg>
<arg>GF</arg>
<arg>GG</arg>
<arg>GH</arg>
<arg>GI</arg>
<arg>GL</arg>
<arg>GM</arg>
<arg>GN</arg>
<arg>GP</arg>
<arg>GQ</arg>
<arg>GR</arg>
<arg>GS</arg>
<arg>GT</arg>
<arg>GU</arg>
<arg>GW</arg>
<arg>GY</arg>
<arg>HK</arg>
<arg>HM</arg>
<arg>HN</arg>
<arg>HR</arg>
<arg>HT</arg>
<arg>HU</arg>
<arg>ID</arg>
<arg>IE</arg>
<arg>IL</arg>
<arg>IM</arg>
<arg>IN</arg>
<arg>IO</arg>
<arg>IQ</arg>
<arg>IR</arg>
<arg>IS</arg>
<arg>IT</arg>
<arg>JE</arg>
<arg>JM</arg>
<arg>JO</arg>
<arg>JP</arg>
<arg>KE</arg>
<arg>KG</arg>
<arg>KH</arg>
<arg>KI</arg>
<arg>KM</arg>
<arg>KN</arg>
<arg>KP</arg>
<arg>KR</arg>
<arg>KW</arg>
<arg>KY</arg>
<arg>KZ</arg>
<arg>LA</arg>
<arg>LB</arg>
<arg>LC</arg>
<arg>LI</arg>
<arg>LK</arg>
<arg>LR</arg>
<arg>LS</arg>
<arg>LT</arg>
<arg>LU</arg>
<arg>LV</arg>
<arg>LY</arg>
<arg>MA</arg>
<arg>MC</arg>
<arg>MD</arg>
<arg>ME</arg>
<arg>MF</arg>
<arg>MG</arg>
<arg>MH</arg>
<arg>MK</arg>
<arg>ML</arg>
<arg>MM</arg>
<arg>MN</arg>
<arg>MO</arg>
<arg>MP</arg>
<arg>MQ</arg>
<arg>MR</arg>
<arg>MS</arg>
<arg>MT</arg>
<arg>MU</arg>
<arg>MV</arg>
<arg>MW</arg>
<arg>MX</arg>
<arg>MY</arg>
<arg>MZ</arg>
<arg>NA</arg>
<arg>NC</arg>
<arg>NE</arg>
<arg>NF</arg>
<arg>NG</arg>
<arg>NI</arg>
<arg>NL</arg>
<arg>NO</arg>
<arg>NP</arg>
<arg>NR</arg>
<arg>NU</arg>
<arg>NZ</arg>
<arg>OM</arg>
<arg>PA</arg>
<arg>PE</arg>
<arg>PF</arg>
<arg>PG</arg>
<arg>PH</arg>
<arg>PK</arg>
<arg>PL</arg>
<arg>PM</arg>
<arg>PN</arg>
<arg>PR</arg>
<arg>PS</arg>
<arg>PT</arg>
<arg>PW</arg>
<arg>PY</arg>
<arg>QA</arg>
<arg>RE</arg>
<arg>RO</arg>
<arg>RS</arg>
<arg>RU</arg>
<arg>RW</arg>
<arg>SA</arg>
<arg>SB</arg>
<arg>SC</arg>
<arg>SD</arg>
<arg>SE</arg>
<arg>SG</arg>
<arg>SH</arg>
<arg>SI</arg>
<arg>SJ</arg>
<arg>SK</arg>
<arg>SL</arg>
<arg>SM</arg>
<arg>SN</arg>
<arg>SO</arg>
<arg>SR</arg>
<arg>SS</arg>
<arg>ST</arg>
<arg>SV</arg>
<arg>SX</arg>
<arg>SY</arg>
<arg>SZ</arg>
<arg>TC</arg>
<arg>TD</arg>
<arg>TF</arg>
<arg>TG</arg>
<arg>TH</arg>
<arg>TJ</arg>
<arg>TK</arg>
<arg>TL</arg>
<arg>TM</arg>
<arg>TN</arg>
<arg>TO</arg>
<arg>TR</arg>
<arg>TT</arg>
<arg>TV</arg>
<arg>TW</arg>
<arg>TZ</arg>
<arg>UA</arg>
<arg>UG</arg>
<arg>UM</arg>
<arg>US</arg>
<arg>UY</arg>
<arg>UZ</arg>
<arg>VA</arg>
<arg>VC</arg>
<arg>VE</arg>
<arg>VG</arg>
<arg>VI</arg>
<arg>VN</arg>
<arg>VU</arg>
<arg>WF</arg>
<arg>WS</arg>
<arg>XK</arg>
<arg>YE</arg>
<arg>YT</arg>
<arg>ZA</arg>
<arg>ZM</arg>
<arg>ZW</arg>
<doc>Returns a list containing given items.</doc>
<status status="PASS" start="2024-07-31T02:15:04.510487" elapsed="0.000618"/>
</kw>
<kw name="List Should Contain Value" owner="Collections">
<arg>${list_country}</arg>
<arg>${name_country}</arg>
<doc>Fails if the ``value`` is not found from ``list``.</doc>
<status status="PASS" start="2024-07-31T02:15:04.512081" elapsed="0.000210"/>
</kw>
<kw name="Run Keyword If" owner="BuiltIn">
<kw name="Should Be True" owner="BuiltIn">
<arg>${True}</arg>
<doc>Fails if the given condition is not true.</doc>
<status status="PASS" start="2024-07-31T02:15:04.513247" elapsed="0.000143"/>
</kw>
<arg>${json_data["results"][0]["location"]["coordinates"]["latitude"]} &gt;= -90 and ${json_data["results"][0]["location"]["coordinates"]["latitude"]} &lt;= 90</arg>
<arg>Should Be True</arg>
<arg>${True}</arg>
<doc>Runs the given keyword with the given arguments, if ``condition`` is true.</doc>
<status status="PASS" start="2024-07-31T02:15:04.512493" elapsed="0.001024"/>
</kw>
<kw name="Run Keyword If" owner="BuiltIn">
<kw name="Should Be True" owner="BuiltIn">
<arg>${True}</arg>
<doc>Fails if the given condition is not true.</doc>
<status status="PASS" start="2024-07-31T02:15:04.514416" elapsed="0.000139"/>
</kw>
<arg>${json_data["results"][0]["location"]["coordinates"]["longitude"]} &gt;= -180 and ${json_data["results"][0]["location"]["coordinates"]["longitude"]} &lt;= 180</arg>
<arg>Should Be True</arg>
<arg>${True}</arg>
<doc>Runs the given keyword with the given arguments, if ``condition`` is true.</doc>
<status status="PASS" start="2024-07-31T02:15:04.513699" elapsed="0.000981"/>
</kw>
<status status="PASS" start="2024-07-31T02:15:04.410683" elapsed="0.104130"/>
</kw>
<doc>Testa o conteúdo específico dos campos retornados pela API.</doc>
<tag>testeConteudo</tag>
<status status="PASS" start="2024-07-31T02:15:04.410216" elapsed="0.104749"/>
</test>
<status status="PASS" start="2024-07-31T02:15:03.503963" elapsed="1.012958"/>
</suite>
<status status="PASS" start="2024-07-31T02:15:03.489233" elapsed="1.032830"/>
</suite>
<statistics>
<total>
<stat pass="5" fail="0" skip="0">All Tests</stat>
</total>
<tag>
<stat pass="1" fail="0" skip="0">testeConteudo</stat>
<stat pass="1" fail="0" skip="0">testeEstruturaResposta</stat>
<stat pass="1" fail="0" skip="0">testeRequisicaoBasica</stat>
<stat pass="1" fail="0" skip="0">testeTiposDados</stat>
</tag>
<suite>
<stat pass="5" fail="0" skip="0" id="s1" name="Tests">Tests</stat>
<stat pass="5" fail="0" skip="0" id="s1-s1" name="Random-User-Test">Tests.Random-User-Test</stat>
</suite>
</statistics>
<errors>
</errors>
</robot>
