<?xml version="1.0" encoding="UTF-8"?>
<robot generator="Robot 7.0 (Python 3.12.3 on linux)" generated="2024-05-21T15:15:52.806555" rpa="false" schemaversion="5">
<suite id="s1" name="Tests" source="/home/runner/work/DesafioQAItauRogerioJordao/DesafioQAItauRogerioJordao/RamdonUser/tests">
<suite id="s1-s1" name="Random-User-Test" source="/home/runner/work/DesafioQAItauRogerioJordao/DesafioQAItauRogerioJordao/RamdonUser/tests/random-user-test.robot">
<test id="s1-s1-t1" name="Conectar" line="13">
<kw name="Conectar API" owner="random-user-service">
<kw name="Create Session" owner="RequestsLibrary">
<msg time="2024-05-21T15:15:53.250806" level="INFO">Creating Session using : alias=consultarAPI, url=https://randomuser.me/, headers={},                     cookies={}, auth=None, timeout=None, proxies=None, verify=False,                     debug=0 </msg>
<arg>consultarAPI</arg>
<arg>${URL}</arg>
<doc>Create Session: create a HTTP session to a server</doc>
<status status="PASS" start="2024-05-21T15:15:53.250598" elapsed="0.000403"/>
</kw>
<status status="PASS" start="2024-05-21T15:15:53.249596" elapsed="0.001772"/>
</kw>
<status status="PASS" start="2024-05-21T15:15:53.248948" elapsed="0.002612"/>
</test>
<test id="s1-s1-t2" name="Validar retorno 200 e JSON Válido" line="16">
<kw name="Teste de Requisicao Basica" owner="random-user-service">
<kw name="GET On Session" owner="RequestsLibrary">
<msg time="2024-05-21T15:15:53.572850" level="INFO">GET Request : url=https://randomuser.me/api 
 path_url=/api 
 headers={'User-Agent': 'python-requests/2.32.1', 'Accept-Encoding': 'gzip, deflate', 'Accept': '*/*', 'Connection': 'keep-alive'} 
 body=None 
 </msg>
<msg time="2024-05-21T15:15:53.573051" level="INFO">GET Response : url=https://randomuser.me/api 
 status=200, reason=OK 
 headers={'Date': 'Tue, 21 May 2024 15:15:53 GMT', 'Content-Type': 'application/json; charset=utf-8', 'Transfer-Encoding': 'chunked', 'Connection': 'keep-alive', 'X-Powered-By': 'Express', 'Access-Control-Allow-Origin': '*', 'Cache-Control': 'no-cache', 'ETag': 'W/"486-VD4s1CeZBCWeFmfJSTPSXuuNjKU"', 'Vary': 'Accept-Encoding', 'Content-Encoding': 'gzip', 'CF-Cache-Status': 'DYNAMIC', 'Report-To': '{"endpoints":[{"url":"https:\\/\\/a.nel.cloudflare.com\\/report\\/v4?s=zv7P75FZU4bsa%2BLSMaULnfNNQMy2Y39lBATd%2Ft3yWmZyrc17k%2F4mIKh7Mi%2BN756sETaxVR4AxnX%2BxSXhFzEaJMyj0V%2BgPZP7%2FuQyUqUV%2Bea%2F2L8YrPYJCLRCgl4CeYjh"}],"group":"cf-nel","max_age":604800}', 'NEL': '{"success_fraction":0,"report_to":"cf-nel","max_age":604800}', 'Server': 'cloudflare', 'CF-RAY': '88758643096022d0-ORD', 'alt-svc': 'h3=":443"; ma=86400'} 
 body={"results":[{"gender":"male","name":{"title":"Mr","first":"Max","last":"Thomas"},"location":{"street":{"number":5445,"name":"Glenfield Road"},"city":"Hastings","state":"Taranaki","country":"New Zealand","postcode":55489,"coordinates":{"latitude":"50.4502","longitude":"-99.4429"},"timezone":{"offset":"+3:00","description":"Baghdad, Riyadh, Moscow, St. Petersburg"}},"email":"max.thomas@example.com","login":{"uuid":"bb8845b8-d9a9-4703-91d3-5057b3426f64","username":"smallduck416","password":"armand","salt":"1KNMEame","md5":"7c49aa983e58546448c414cdbe64752f","sha1":"6b52c33414693616ebf7668c86d0e06966c258b2","sha256":"e07b18854c01eb70e7692bbdc80fb54eca04fd40ea6f1ab31b3b6538a84e6bef"},"dob":{"date":"1947-07-02T11:43:53.350Z","age":76},"registered":{"date":"2008-07-31T15:36:29.389Z","age":15},"phone":"(723)-149-4225","cell":"(413)-389-4702","id":{"name":"","value":null},"picture":{"large":"https://randomuser.me/api/portraits/men/45.jpg","medium":"https://randomuser.me/api/portraits/med/men/45.jpg","thumbnail":"https://randomuser.me/api/portraits/thumb/men/45.jpg"},"nat":"NZ"}],"info":{"seed":"dfef56932ee9f4ac","results":1,"page":1,"version":"1.4"}} 
 </msg>
<msg time="2024-05-21T15:15:53.573133" level="INFO">/opt/hostedtoolcache/Python/3.12.3/x64/lib/python3.12/site-packages/urllib3/connectionpool.py:1103: InsecureRequestWarning: Unverified HTTPS request is being made to host 'randomuser.me'. Adding certificate verification is strongly advised. See: https://urllib3.readthedocs.io/en/latest/advanced-usage.html#tls-warnings
  warnings.warn(</msg>
<msg time="2024-05-21T15:15:53.573302" level="INFO">${response} = &lt;Response [200]&gt;</msg>
<var>${response}</var>
<arg>consultarAPI</arg>
<arg>/api</arg>
<doc>Sends a GET request on a previously created HTTP Session.</doc>
<status status="PASS" start="2024-05-21T15:15:53.254220" elapsed="0.319124"/>
</kw>
<kw name="Should Be Equal As Numbers" owner="BuiltIn">
<msg time="2024-05-21T15:15:53.574353" level="INFO">Argument types are:
&lt;class 'int'&gt;
&lt;class 'str'&gt;</msg>
<arg>${response.status_code}</arg>
<arg>200</arg>
<doc>Fails if objects are unequal after converting them to real numbers.</doc>
<status status="PASS" start="2024-05-21T15:15:53.573891" elapsed="0.000528"/>
</kw>
<kw name="Log" owner="BuiltIn">
<msg time="2024-05-21T15:15:53.575123" level="INFO">200</msg>
<arg>${response.status_code}</arg>
<doc>Logs the given message with the given level.</doc>
<status status="PASS" start="2024-05-21T15:15:53.574771" elapsed="0.000398"/>
</kw>
<kw name="Set Variable" owner="BuiltIn">
<msg time="2024-05-21T15:15:53.575907" level="INFO">${json_data} = {'results': [{'gender': 'male', 'name': {'title': 'Mr', 'first': 'Max', 'last': 'Thomas'}, 'location': {'street': {'number': 5445, 'name': 'Glenfield Road'}, 'city': 'Hastings', 'state': 'Taranaki', '...</msg>
<var>${json_data}</var>
<arg>${response.json()}</arg>
<doc>Returns the given values which can then be assigned to a variables.</doc>
<status status="PASS" start="2024-05-21T15:15:53.575476" elapsed="0.000460"/>
</kw>
<kw name="Dictionary Should Contain Key" owner="Collections">
<msg time="2024-05-21T15:15:53.576410" level="INFO">False</msg>
<arg>${json_data}</arg>
<arg>results</arg>
<doc>Fails if ``key`` is not found from ``dictionary``.</doc>
<status status="PASS" start="2024-05-21T15:15:53.576242" elapsed="0.000207"/>
</kw>
<status status="PASS" start="2024-05-21T15:15:53.253982" elapsed="0.322728"/>
</kw>
<doc>Testa se a API responde corretamente e retorna um objeto JSON válido.</doc>
<tag>testeRequisicaoBasica</tag>
<status status="PASS" start="2024-05-21T15:15:53.253460" elapsed="0.323438"/>
</test>
<test id="s1-s1-t3" name="Validar estrutura de resposta" line="22">
<kw name="Teste de Estrutura de Resposta" owner="random-user-service">
<kw name="GET On Session" owner="RequestsLibrary">
<msg time="2024-05-21T15:15:53.658111" level="INFO">GET Request : url=https://randomuser.me/api 
 path_url=/api 
 headers={'User-Agent': 'python-requests/2.32.1', 'Accept-Encoding': 'gzip, deflate', 'Accept': '*/*', 'Connection': 'keep-alive'} 
 body=None 
 </msg>
<msg time="2024-05-21T15:15:53.658222" level="INFO">GET Response : url=https://randomuser.me/api 
 status=200, reason=OK 
 headers={'Date': 'Tue, 21 May 2024 15:15:53 GMT', 'Content-Type': 'application/json; charset=utf-8', 'Transfer-Encoding': 'chunked', 'Connection': 'keep-alive', 'X-Powered-By': 'Express', 'Access-Control-Allow-Origin': '*', 'Cache-Control': 'no-cache', 'ETag': 'W/"486-t+2xeuI4owIDred6qBEU5x3ChYM"', 'Vary': 'Accept-Encoding', 'Content-Encoding': 'gzip', 'CF-Cache-Status': 'DYNAMIC', 'Report-To': '{"endpoints":[{"url":"https:\\/\\/a.nel.cloudflare.com\\/report\\/v4?s=hiWzONi%2FwvodgLHL0Ld%2BB9%2FU67SFrbFyjqkYXef845wKcVS1b48IFeZQO5fi1npM4X8vXHLa8LdYw4aiAyTo5p2sF8TKetqLYiy7duPTkDPGhQUuHfNLoPy8QPT3uYAA"}],"group":"cf-nel","max_age":604800}', 'NEL': '{"success_fraction":0,"report_to":"cf-nel","max_age":604800}', 'Server': 'cloudflare', 'CF-RAY': '88758643eac122d0-ORD', 'alt-svc': 'h3=":443"; ma=86400'} 
 body={"results":[{"gender":"female","name":{"title":"Miss","first":"Beatrice","last":"Crawford"},"location":{"street":{"number":9657,"name":"Marsh Ln"},"city":"Dubbo","state":"Western Australia","country":"Australia","postcode":6885,"coordinates":{"latitude":"-83.6786","longitude":"157.2471"},"timezone":{"offset":"+5:45","description":"Kathmandu"}},"email":"beatrice.crawford@example.com","login":{"uuid":"122cf75f-2389-4974-84e5-fa9e808e6823","username":"greenzebra708","password":"vagabond","salt":"oHKLBsUt","md5":"1a6f2bbeb62e09ffa4d588fd17b022b3","sha1":"eb1059959190ca8026ddca0fd6272b1509124e59","sha256":"bafb49151a0ab44c549207095df91db146e13e467b5c2dc5ed8440cc9cfa0c5f"},"dob":{"date":"1978-02-05T10:03:05.209Z","age":46},"registered":{"date":"2020-08-04T07:36:40.886Z","age":3},"phone":"00-5835-1285","cell":"0458-247-684","id":{"name":"TFN","value":"221863438"},"picture":{"large":"https://randomuser.me/api/portraits/women/52.jpg","medium":"https://randomuser.me/api/portraits/med/women/52.jpg","thumbnail":"https://randomuser.me/api/portraits/thumb/women/52.jpg"},"nat":"AU"}],"info":{"seed":"e12e05efb53881f0","results":1,"page":1,"version":"1.4"}} 
 </msg>
<msg time="2024-05-21T15:15:53.658348" level="INFO">/opt/hostedtoolcache/Python/3.12.3/x64/lib/python3.12/site-packages/urllib3/connectionpool.py:1103: InsecureRequestWarning: Unverified HTTPS request is being made to host 'randomuser.me'. Adding certificate verification is strongly advised. See: https://urllib3.readthedocs.io/en/latest/advanced-usage.html#tls-warnings
  warnings.warn(</msg>
<msg time="2024-05-21T15:15:53.658477" level="INFO">${response} = &lt;Response [200]&gt;</msg>
<var>${response}</var>
<arg>consultarAPI</arg>
<arg>/api</arg>
<doc>Sends a GET request on a previously created HTTP Session.</doc>
<status status="PASS" start="2024-05-21T15:15:53.579681" elapsed="0.078837"/>
</kw>
<kw name="Set Variable" owner="BuiltIn">
<msg time="2024-05-21T15:15:53.659716" level="INFO">${json_data} = {'results': [{'gender': 'female', 'name': {'title': 'Miss', 'first': 'Beatrice', 'last': 'Crawford'}, 'location': {'street': {'number': 9657, 'name': 'Marsh Ln'}, 'city': 'Dubbo', 'state': 'Western Au...</msg>
<var>${json_data}</var>
<arg>${response.json()}</arg>
<doc>Returns the given values which can then be assigned to a variables.</doc>
<status status="PASS" start="2024-05-21T15:15:53.659134" elapsed="0.000611"/>
</kw>
<kw name="Log" owner="BuiltIn">
<msg time="2024-05-21T15:15:53.660215" level="INFO">{'results': [{'gender': 'female', 'name': {'title': 'Miss', 'first': 'Beatrice', 'last': 'Crawford'}, 'location': {'street': {'number': 9657, 'name': 'Marsh Ln'}, 'city': 'Dubbo', 'state': 'Western Australia', 'country': 'Australia', 'postcode': 6885, 'coordinates': {'latitude': '-83.6786', 'longitude': '157.2471'}, 'timezone': {'offset': '+5:45', 'description': 'Kathmandu'}}, 'email': 'beatrice.crawford@example.com', 'login': {'uuid': '122cf75f-2389-4974-84e5-fa9e808e6823', 'username': 'greenzebra708', 'password': 'vagabond', 'salt': 'oHKLBsUt', 'md5': '1a6f2bbeb62e09ffa4d588fd17b022b3', 'sha1': 'eb1059959190ca8026ddca0fd6272b1509124e59', 'sha256': 'bafb49151a0ab44c549207095df91db146e13e467b5c2dc5ed8440cc9cfa0c5f'}, 'dob': {'date': '1978-02-05T10:03:05.209Z', 'age': 46}, 'registered': {'date': '2020-08-04T07:36:40.886Z', 'age': 3}, 'phone': '00-5835-1285', 'cell': '0458-247-684', 'id': {'name': 'TFN', 'value': '221863438'}, 'picture': {'large': 'https://randomuser.me/api/portraits/women/52.jpg', 'medium': 'https://randomuser.me/api/portraits/med/women/52.jpg', 'thumbnail': 'https://randomuser.me/api/portraits/thumb/women/52.jpg'}, 'nat': 'AU'}], 'info': {'seed': 'e12e05efb53881f0', 'results': 1, 'page': 1, 'version': '1.4'}}</msg>
<arg>${json_data}</arg>
<doc>Logs the given message with the given level.</doc>
<status status="PASS" start="2024-05-21T15:15:53.660055" elapsed="0.000212"/>
</kw>
<kw name="Dictionary Should Contain Key" owner="Collections">
<msg time="2024-05-21T15:15:53.660726" level="INFO">False</msg>
<arg>${json_data}</arg>
<arg>results</arg>
<doc>Fails if ``key`` is not found from ``dictionary``.</doc>
<status status="PASS" start="2024-05-21T15:15:53.660571" elapsed="0.000191"/>
</kw>
<kw name="Should Not Be Empty" owner="BuiltIn">
<msg time="2024-05-21T15:15:53.661189" level="INFO">Length is 2.</msg>
<arg>${json_data}</arg>
<doc>Verifies that the given item is not empty.</doc>
<status status="PASS" start="2024-05-21T15:15:53.661052" elapsed="0.000178"/>
</kw>
<kw name="Create List" owner="BuiltIn">
<msg time="2024-05-21T15:15:53.661942" level="INFO">${expected_keys} = ['gender', 'name', 'location', 'email', 'login']</msg>
<var>${expected_keys}</var>
<arg>gender</arg>
<arg>name</arg>
<arg>location</arg>
<arg>email</arg>
<arg>login</arg>
<doc>Returns a list containing given items.</doc>
<status status="PASS" start="2024-05-21T15:15:53.661612" elapsed="0.000355"/>
</kw>
<for flavor="IN">
<iter>
<kw name="Dictionary Should Contain Key" owner="Collections">
<msg time="2024-05-21T15:15:53.662952" level="INFO">False</msg>
<arg>${json_data['results'][0]}</arg>
<arg>${key}</arg>
<doc>Fails if ``key`` is not found from ``dictionary``.</doc>
<status status="PASS" start="2024-05-21T15:15:53.662556" elapsed="0.000433"/>
</kw>
<kw name="Log" owner="BuiltIn">
<msg time="2024-05-21T15:15:53.663655" level="INFO">{'gender': 'female', 'name': {'title': 'Miss', 'first': 'Beatrice', 'last': 'Crawford'}, 'location': {'street': {'number': 9657, 'name': 'Marsh Ln'}, 'city': 'Dubbo', 'state': 'Western Australia', 'country': 'Australia', 'postcode': 6885, 'coordinates': {'latitude': '-83.6786', 'longitude': '157.2471'}, 'timezone': {'offset': '+5:45', 'description': 'Kathmandu'}}, 'email': 'beatrice.crawford@example.com', 'login': {'uuid': '122cf75f-2389-4974-84e5-fa9e808e6823', 'username': 'greenzebra708', 'password': 'vagabond', 'salt': 'oHKLBsUt', 'md5': '1a6f2bbeb62e09ffa4d588fd17b022b3', 'sha1': 'eb1059959190ca8026ddca0fd6272b1509124e59', 'sha256': 'bafb49151a0ab44c549207095df91db146e13e467b5c2dc5ed8440cc9cfa0c5f'}, 'dob': {'date': '1978-02-05T10:03:05.209Z', 'age': 46}, 'registered': {'date': '2020-08-04T07:36:40.886Z', 'age': 3}, 'phone': '00-5835-1285', 'cell': '0458-247-684', 'id': {'name': 'TFN', 'value': '221863438'}, 'picture': {'large': 'https://randomuser.me/api/portraits/women/52.jpg', 'medium': 'https://randomuser.me/api/portraits/med/women/52.jpg', 'thumbnail': 'https://randomuser.me/api/portraits/thumb/women/52.jpg'}, 'nat': 'AU'}</msg>
<arg>${json_data['results'][0]}</arg>
<doc>Logs the given message with the given level.</doc>
<status status="PASS" start="2024-05-21T15:15:53.663289" elapsed="0.000423"/>
</kw>
<kw name="Log" owner="BuiltIn">
<msg time="2024-05-21T15:15:53.664136" level="INFO">gender</msg>
<arg>${key}</arg>
<doc>Logs the given message with the given level.</doc>
<status status="PASS" start="2024-05-21T15:15:53.664009" elapsed="0.000164"/>
</kw>
<var name="${key}">gender</var>
<status status="PASS" start="2024-05-21T15:15:53.662430" elapsed="0.001964"/>
</iter>
<iter>
<kw name="Dictionary Should Contain Key" owner="Collections">
<msg time="2024-05-21T15:15:53.665078" level="INFO">False</msg>
<arg>${json_data['results'][0]}</arg>
<arg>${key}</arg>
<doc>Fails if ``key`` is not found from ``dictionary``.</doc>
<status status="PASS" start="2024-05-21T15:15:53.664697" elapsed="0.000418"/>
</kw>
<kw name="Log" owner="BuiltIn">
<msg time="2024-05-21T15:15:53.665828" level="INFO">{'gender': 'female', 'name': {'title': 'Miss', 'first': 'Beatrice', 'last': 'Crawford'}, 'location': {'street': {'number': 9657, 'name': 'Marsh Ln'}, 'city': 'Dubbo', 'state': 'Western Australia', 'country': 'Australia', 'postcode': 6885, 'coordinates': {'latitude': '-83.6786', 'longitude': '157.2471'}, 'timezone': {'offset': '+5:45', 'description': 'Kathmandu'}}, 'email': 'beatrice.crawford@example.com', 'login': {'uuid': '122cf75f-2389-4974-84e5-fa9e808e6823', 'username': 'greenzebra708', 'password': 'vagabond', 'salt': 'oHKLBsUt', 'md5': '1a6f2bbeb62e09ffa4d588fd17b022b3', 'sha1': 'eb1059959190ca8026ddca0fd6272b1509124e59', 'sha256': 'bafb49151a0ab44c549207095df91db146e13e467b5c2dc5ed8440cc9cfa0c5f'}, 'dob': {'date': '1978-02-05T10:03:05.209Z', 'age': 46}, 'registered': {'date': '2020-08-04T07:36:40.886Z', 'age': 3}, 'phone': '00-5835-1285', 'cell': '0458-247-684', 'id': {'name': 'TFN', 'value': '221863438'}, 'picture': {'large': 'https://randomuser.me/api/portraits/women/52.jpg', 'medium': 'https://randomuser.me/api/portraits/med/women/52.jpg', 'thumbnail': 'https://randomuser.me/api/portraits/thumb/women/52.jpg'}, 'nat': 'AU'}</msg>
<arg>${json_data['results'][0]}</arg>
<doc>Logs the given message with the given level.</doc>
<status status="PASS" start="2024-05-21T15:15:53.665468" elapsed="0.000407"/>
</kw>
<kw name="Log" owner="BuiltIn">
<msg time="2024-05-21T15:15:53.666298" level="INFO">name</msg>
<arg>${key}</arg>
<doc>Logs the given message with the given level.</doc>
<status status="PASS" start="2024-05-21T15:15:53.666171" elapsed="0.000163"/>
</kw>
<var name="${key}">name</var>
<status status="PASS" start="2024-05-21T15:15:53.664582" elapsed="0.001969"/>
</iter>
<iter>
<kw name="Dictionary Should Contain Key" owner="Collections">
<msg time="2024-05-21T15:15:53.667226" level="INFO">False</msg>
<arg>${json_data['results'][0]}</arg>
<arg>${key}</arg>
<doc>Fails if ``key`` is not found from ``dictionary``.</doc>
<status status="PASS" start="2024-05-21T15:15:53.666848" elapsed="0.000414"/>
</kw>
<kw name="Log" owner="BuiltIn">
<msg time="2024-05-21T15:15:53.667912" level="INFO">{'gender': 'female', 'name': {'title': 'Miss', 'first': 'Beatrice', 'last': 'Crawford'}, 'location': {'street': {'number': 9657, 'name': 'Marsh Ln'}, 'city': 'Dubbo', 'state': 'Western Australia', 'country': 'Australia', 'postcode': 6885, 'coordinates': {'latitude': '-83.6786', 'longitude': '157.2471'}, 'timezone': {'offset': '+5:45', 'description': 'Kathmandu'}}, 'email': 'beatrice.crawford@example.com', 'login': {'uuid': '122cf75f-2389-4974-84e5-fa9e808e6823', 'username': 'greenzebra708', 'password': 'vagabond', 'salt': 'oHKLBsUt', 'md5': '1a6f2bbeb62e09ffa4d588fd17b022b3', 'sha1': 'eb1059959190ca8026ddca0fd6272b1509124e59', 'sha256': 'bafb49151a0ab44c549207095df91db146e13e467b5c2dc5ed8440cc9cfa0c5f'}, 'dob': {'date': '1978-02-05T10:03:05.209Z', 'age': 46}, 'registered': {'date': '2020-08-04T07:36:40.886Z', 'age': 3}, 'phone': '00-5835-1285', 'cell': '0458-247-684', 'id': {'name': 'TFN', 'value': '221863438'}, 'picture': {'large': 'https://randomuser.me/api/portraits/women/52.jpg', 'medium': 'https://randomuser.me/api/portraits/med/women/52.jpg', 'thumbnail': 'https://randomuser.me/api/portraits/thumb/women/52.jpg'}, 'nat': 'AU'}</msg>
<arg>${json_data['results'][0]}</arg>
<doc>Logs the given message with the given level.</doc>
<status status="PASS" start="2024-05-21T15:15:53.667555" elapsed="0.000405"/>
</kw>
<kw name="Log" owner="BuiltIn">
<msg time="2024-05-21T15:15:53.668379" level="INFO">location</msg>
<arg>${key}</arg>
<doc>Logs the given message with the given level.</doc>
<status status="PASS" start="2024-05-21T15:15:53.668253" elapsed="0.000162"/>
</kw>
<var name="${key}">location</var>
<status status="PASS" start="2024-05-21T15:15:53.666730" elapsed="0.001921"/>
</iter>
<iter>
<kw name="Dictionary Should Contain Key" owner="Collections">
<msg time="2024-05-21T15:15:53.669334" level="INFO">False</msg>
<arg>${json_data['results'][0]}</arg>
<arg>${key}</arg>
<doc>Fails if ``key`` is not found from ``dictionary``.</doc>
<status status="PASS" start="2024-05-21T15:15:53.668932" elapsed="0.000440"/>
</kw>
<kw name="Log" owner="BuiltIn">
<msg time="2024-05-21T15:15:53.670039" level="INFO">{'gender': 'female', 'name': {'title': 'Miss', 'first': 'Beatrice', 'last': 'Crawford'}, 'location': {'street': {'number': 9657, 'name': 'Marsh Ln'}, 'city': 'Dubbo', 'state': 'Western Australia', 'country': 'Australia', 'postcode': 6885, 'coordinates': {'latitude': '-83.6786', 'longitude': '157.2471'}, 'timezone': {'offset': '+5:45', 'description': 'Kathmandu'}}, 'email': 'beatrice.crawford@example.com', 'login': {'uuid': '122cf75f-2389-4974-84e5-fa9e808e6823', 'username': 'greenzebra708', 'password': 'vagabond', 'salt': 'oHKLBsUt', 'md5': '1a6f2bbeb62e09ffa4d588fd17b022b3', 'sha1': 'eb1059959190ca8026ddca0fd6272b1509124e59', 'sha256': 'bafb49151a0ab44c549207095df91db146e13e467b5c2dc5ed8440cc9cfa0c5f'}, 'dob': {'date': '1978-02-05T10:03:05.209Z', 'age': 46}, 'registered': {'date': '2020-08-04T07:36:40.886Z', 'age': 3}, 'phone': '00-5835-1285', 'cell': '0458-247-684', 'id': {'name': 'TFN', 'value': '221863438'}, 'picture': {'large': 'https://randomuser.me/api/portraits/women/52.jpg', 'medium': 'https://randomuser.me/api/portraits/med/women/52.jpg', 'thumbnail': 'https://randomuser.me/api/portraits/thumb/women/52.jpg'}, 'nat': 'AU'}</msg>
<arg>${json_data['results'][0]}</arg>
<doc>Logs the given message with the given level.</doc>
<status status="PASS" start="2024-05-21T15:15:53.669684" elapsed="0.000404"/>
</kw>
<kw name="Log" owner="BuiltIn">
<msg time="2024-05-21T15:15:53.670509" level="INFO">email</msg>
<arg>${key}</arg>
<doc>Logs the given message with the given level.</doc>
<status status="PASS" start="2024-05-21T15:15:53.670382" elapsed="0.000164"/>
</kw>
<var name="${key}">email</var>
<status status="PASS" start="2024-05-21T15:15:53.668821" elapsed="0.001936"/>
</iter>
<iter>
<kw name="Dictionary Should Contain Key" owner="Collections">
<msg time="2024-05-21T15:15:53.671421" level="INFO">False</msg>
<arg>${json_data['results'][0]}</arg>
<arg>${key}</arg>
<doc>Fails if ``key`` is not found from ``dictionary``.</doc>
<status status="PASS" start="2024-05-21T15:15:53.671040" elapsed="0.000418"/>
</kw>
<kw name="Log" owner="BuiltIn">
<msg time="2024-05-21T15:15:53.672117" level="INFO">{'gender': 'female', 'name': {'title': 'Miss', 'first': 'Beatrice', 'last': 'Crawford'}, 'location': {'street': {'number': 9657, 'name': 'Marsh Ln'}, 'city': 'Dubbo', 'state': 'Western Australia', 'country': 'Australia', 'postcode': 6885, 'coordinates': {'latitude': '-83.6786', 'longitude': '157.2471'}, 'timezone': {'offset': '+5:45', 'description': 'Kathmandu'}}, 'email': 'beatrice.crawford@example.com', 'login': {'uuid': '122cf75f-2389-4974-84e5-fa9e808e6823', 'username': 'greenzebra708', 'password': 'vagabond', 'salt': 'oHKLBsUt', 'md5': '1a6f2bbeb62e09ffa4d588fd17b022b3', 'sha1': 'eb1059959190ca8026ddca0fd6272b1509124e59', 'sha256': 'bafb49151a0ab44c549207095df91db146e13e467b5c2dc5ed8440cc9cfa0c5f'}, 'dob': {'date': '1978-02-05T10:03:05.209Z', 'age': 46}, 'registered': {'date': '2020-08-04T07:36:40.886Z', 'age': 3}, 'phone': '00-5835-1285', 'cell': '0458-247-684', 'id': {'name': 'TFN', 'value': '221863438'}, 'picture': {'large': 'https://randomuser.me/api/portraits/women/52.jpg', 'medium': 'https://randomuser.me/api/portraits/med/women/52.jpg', 'thumbnail': 'https://randomuser.me/api/portraits/thumb/women/52.jpg'}, 'nat': 'AU'}</msg>
<arg>${json_data['results'][0]}</arg>
<doc>Logs the given message with the given level.</doc>
<status status="PASS" start="2024-05-21T15:15:53.671751" elapsed="0.000413"/>
</kw>
<kw name="Log" owner="BuiltIn">
<msg time="2024-05-21T15:15:53.672588" level="INFO">login</msg>
<arg>${key}</arg>
<doc>Logs the given message with the given level.</doc>
<status status="PASS" start="2024-05-21T15:15:53.672459" elapsed="0.000166"/>
</kw>
<var name="${key}">login</var>
<status status="PASS" start="2024-05-21T15:15:53.670930" elapsed="0.001914"/>
</iter>
<var>${key}</var>
<value>@{expected_keys}</value>
<status status="PASS" start="2024-05-21T15:15:53.662236" elapsed="0.010758"/>
</for>
<kw name="Create List" owner="BuiltIn">
<msg time="2024-05-21T15:15:53.673365" level="INFO">${expected_keysTwo} = ['username', 'password']</msg>
<var>${expected_keysTwo}</var>
<arg>username</arg>
<arg>password</arg>
<doc>Returns a list containing given items.</doc>
<status status="PASS" start="2024-05-21T15:15:53.673193" elapsed="0.000197"/>
</kw>
<for flavor="IN">
<iter>
<kw name="Dictionary Should Contain Key" owner="Collections">
<msg time="2024-05-21T15:15:53.674277" level="INFO">False</msg>
<arg>${json_data['results'][0]['login']}</arg>
<arg>${keyTwo}</arg>
<doc>Fails if ``key`` is not found from ``dictionary``.</doc>
<status status="PASS" start="2024-05-21T15:15:53.673888" elapsed="0.000425"/>
</kw>
<kw name="Dictionary Should Contain Key" owner="Collections">
<msg time="2024-05-21T15:15:53.674995" level="INFO">False</msg>
<arg>${json_data['results'][0]['login']}</arg>
<arg>${keyTwo}</arg>
<doc>Fails if ``key`` is not found from ``dictionary``.</doc>
<status status="PASS" start="2024-05-21T15:15:53.674612" elapsed="0.000419"/>
</kw>
<kw name="Log" owner="BuiltIn">
<msg time="2024-05-21T15:15:53.675458" level="INFO">username</msg>
<arg>${keyTwo}</arg>
<doc>Logs the given message with the given level.</doc>
<status status="PASS" start="2024-05-21T15:15:53.675330" elapsed="0.000164"/>
</kw>
<var name="${keyTwo}">username</var>
<status status="PASS" start="2024-05-21T15:15:53.673779" elapsed="0.001927"/>
</iter>
<iter>
<kw name="Dictionary Should Contain Key" owner="Collections">
<msg time="2024-05-21T15:15:53.676366" level="INFO">False</msg>
<arg>${json_data['results'][0]['login']}</arg>
<arg>${keyTwo}</arg>
<doc>Fails if ``key`` is not found from ``dictionary``.</doc>
<status status="PASS" start="2024-05-21T15:15:53.675984" elapsed="0.000418"/>
</kw>
<kw name="Dictionary Should Contain Key" owner="Collections">
<msg time="2024-05-21T15:15:53.677153" level="INFO">False</msg>
<arg>${json_data['results'][0]['login']}</arg>
<arg>${keyTwo}</arg>
<doc>Fails if ``key`` is not found from ``dictionary``.</doc>
<status status="PASS" start="2024-05-21T15:15:53.676694" elapsed="0.000499"/>
</kw>
<kw name="Log" owner="BuiltIn">
<msg time="2024-05-21T15:15:53.677645" level="INFO">password</msg>
<arg>${keyTwo}</arg>
<doc>Logs the given message with the given level.</doc>
<status status="PASS" start="2024-05-21T15:15:53.677517" elapsed="0.000164"/>
</kw>
<var name="${keyTwo}">password</var>
<status status="PASS" start="2024-05-21T15:15:53.675875" elapsed="0.002030"/>
</iter>
<var>${keyTwo}</var>
<value>@{expected_keysTwo}</value>
<status status="PASS" start="2024-05-21T15:15:53.673628" elapsed="0.004399"/>
</for>
<status status="PASS" start="2024-05-21T15:15:53.579441" elapsed="0.098727"/>
</kw>
<doc>Testa a estrutura da resposta da API.</doc>
<tag>testeEstruturaResposta</tag>
<status status="PASS" start="2024-05-21T15:15:53.578796" elapsed="0.099533"/>
</test>
<test id="s1-s1-t4" name="Validar tipos de dados" line="28">
<kw name="Teste de Tipos de Dados" owner="random-user-service">
<kw name="GET On Session" owner="RequestsLibrary">
<msg time="2024-05-21T15:15:53.736310" level="INFO">GET Request : url=https://randomuser.me/api 
 path_url=/api 
 headers={'User-Agent': 'python-requests/2.32.1', 'Accept-Encoding': 'gzip, deflate', 'Accept': '*/*', 'Connection': 'keep-alive'} 
 body=None 
 </msg>
<msg time="2024-05-21T15:15:53.736418" level="INFO">GET Response : url=https://randomuser.me/api 
 status=200, reason=OK 
 headers={'Date': 'Tue, 21 May 2024 15:15:53 GMT', 'Content-Type': 'application/json; charset=utf-8', 'Transfer-Encoding': 'chunked', 'Connection': 'keep-alive', 'X-Powered-By': 'Express', 'Access-Control-Allow-Origin': '*', 'Cache-Control': 'no-cache', 'ETag': 'W/"494-zuo0WYU34MhO6E5Ssj68zOroEMY"', 'Vary': 'Accept-Encoding', 'Content-Encoding': 'gzip', 'CF-Cache-Status': 'DYNAMIC', 'Report-To': '{"endpoints":[{"url":"https:\\/\\/a.nel.cloudflare.com\\/report\\/v4?s=hisDMJQXw1P672imoUZyzEAKy0GZNa6Lxpp0D8%2FwrpNxOuVCRBAw%2Fk9itZkbhPfHJOVAoVjSkFn4BW4EVEcMusnugsELGtC%2F2VOqvJNstYEoWRjQvcUcKHiCGs%2F7ORFF"}],"group":"cf-nel","max_age":604800}', 'NEL': '{"success_fraction":0,"report_to":"cf-nel","max_age":604800}', 'Server': 'cloudflare', 'CF-RAY': '887586448ba622d0-ORD', 'alt-svc': 'h3=":443"; ma=86400'} 
 body={"results":[{"gender":"male","name":{"title":"Mr","first":"Silas","last":"Kristensen"},"location":{"street":{"number":7311,"name":"Klostervej"},"city":"Odense Sv","state":"Nordjylland","country":"Denmark","postcode":56916,"coordinates":{"latitude":"-39.3271","longitude":"-165.9997"},"timezone":{"offset":"-5:00","description":"Eastern Time (US &amp; Canada), Bogota, Lima"}},"email":"silas.kristensen@example.com","login":{"uuid":"d53b6998-f664-465c-aab0-0f8f9673d8d6","username":"silverbird112","password":"painting","salt":"8zArzwV4","md5":"1bb482ef250de5142bb1aa9452d9fc34","sha1":"8bed0b32761749681905a78493645577470f21e5","sha256":"a8c77c12e1cd727c61de463afd45af45ccebb10dcf8a9db78a297878246e75d6"},"dob":{"date":"1999-08-03T01:29:09.343Z","age":24},"registered":{"date":"2013-06-16T01:53:29.197Z","age":10},"phone":"64418584","cell":"16135990","id":{"name":"CPR","value":"020899-9606"},"picture":{"large":"https://randomuser.me/api/portraits/men/97.jpg","medium":"https://randomuser.me/api/portraits/med/men/97.jpg","thumbnail":"https://randomuser.me/api/portraits/thumb/men/97.jpg"},"nat":"DK"}],"info":{"seed":"58d7d6affe37c9f6","results":1,"page":1,"version":"1.4"}} 
 </msg>
<msg time="2024-05-21T15:15:53.736504" level="INFO">/opt/hostedtoolcache/Python/3.12.3/x64/lib/python3.12/site-packages/urllib3/connectionpool.py:1103: InsecureRequestWarning: Unverified HTTPS request is being made to host 'randomuser.me'. Adding certificate verification is strongly advised. See: https://urllib3.readthedocs.io/en/latest/advanced-usage.html#tls-warnings
  warnings.warn(</msg>
<msg time="2024-05-21T15:15:53.736622" level="INFO">${response} = &lt;Response [200]&gt;</msg>
<var>${response}</var>
<arg>consultarAPI</arg>
<arg>/api</arg>
<doc>Sends a GET request on a previously created HTTP Session.</doc>
<status status="PASS" start="2024-05-21T15:15:53.680765" elapsed="0.055881"/>
</kw>
<kw name="Set Variable" owner="BuiltIn">
<msg time="2024-05-21T15:15:53.737738" level="INFO">${json_data} = {'results': [{'gender': 'male', 'name': {'title': 'Mr', 'first': 'Silas', 'last': 'Kristensen'}, 'location': {'street': {'number': 7311, 'name': 'Klostervej'}, 'city': 'Odense Sv', 'state': 'Nordjylla...</msg>
<var>${json_data}</var>
<arg>${response.json()}</arg>
<doc>Returns the given values which can then be assigned to a variables.</doc>
<status status="PASS" start="2024-05-21T15:15:53.737194" elapsed="0.000572"/>
</kw>
<kw name="Log" owner="BuiltIn">
<msg time="2024-05-21T15:15:53.738228" level="INFO">{'results': [{'gender': 'male', 'name': {'title': 'Mr', 'first': 'Silas', 'last': 'Kristensen'}, 'location': {'street': {'number': 7311, 'name': 'Klostervej'}, 'city': 'Odense Sv', 'state': 'Nordjylland', 'country': 'Denmark', 'postcode': 56916, 'coordinates': {'latitude': '-39.3271', 'longitude': '-165.9997'}, 'timezone': {'offset': '-5:00', 'description': 'Eastern Time (US &amp; Canada), Bogota, Lima'}}, 'email': 'silas.kristensen@example.com', 'login': {'uuid': 'd53b6998-f664-465c-aab0-0f8f9673d8d6', 'username': 'silverbird112', 'password': 'painting', 'salt': '8zArzwV4', 'md5': '1bb482ef250de5142bb1aa9452d9fc34', 'sha1': '8bed0b32761749681905a78493645577470f21e5', 'sha256': 'a8c77c12e1cd727c61de463afd45af45ccebb10dcf8a9db78a297878246e75d6'}, 'dob': {'date': '1999-08-03T01:29:09.343Z', 'age': 24}, 'registered': {'date': '2013-06-16T01:53:29.197Z', 'age': 10}, 'phone': '64418584', 'cell': '16135990', 'id': {'name': 'CPR', 'value': '020899-9606'}, 'picture': {'large': 'https://randomuser.me/api/portraits/men/97.jpg', 'medium': 'https://randomuser.me/api/portraits/med/men/97.jpg', 'thumbnail': 'https://randomuser.me/api/portraits/thumb/men/97.jpg'}, 'nat': 'DK'}], 'info': {'seed': '58d7d6affe37c9f6', 'results': 1, 'page': 1, 'version': '1.4'}}</msg>
<arg>${json_data}</arg>
<doc>Logs the given message with the given level.</doc>
<status status="PASS" start="2024-05-21T15:15:53.738073" elapsed="0.000240"/>
</kw>
<kw name="Should Be String" owner="String">
<arg>${json_data['results'][0]['gender']}</arg>
<doc>Fails if the given ``item`` is not a string.</doc>
<status status="PASS" start="2024-05-21T15:15:53.738622" elapsed="0.000362"/>
</kw>
<kw name="Should Match Regexp" owner="BuiltIn">
<arg>${json_data['results'][0]['email']}</arg>
<arg>^[a-zA-Z0-9._%+-]+@[a-zA-Z0-9.-]+\.[a-zA-Z]{2,}$</arg>
<doc>Fails if ``string`` does not match ``pattern`` as a regular expression.</doc>
<status status="PASS" start="2024-05-21T15:15:53.739178" elapsed="0.000537"/>
</kw>
<kw name="Should Match Regexp" owner="BuiltIn">
<arg>${json_data['results'][0]['dob']['date']}</arg>
<arg>\\d{4}-\\d{2}-\\d{2}T\\d{2}:\\d{2}:\\d{2}\\.\\d{3}Z</arg>
<doc>Fails if ``string`` does not match ``pattern`` as a regular expression.</doc>
<status status="PASS" start="2024-05-21T15:15:53.739916" elapsed="0.000489"/>
</kw>
<kw name="Should Match Regexp" owner="BuiltIn">
<arg>${json_data['results'][0]['registered']['date']}</arg>
<arg>\\d{4}-\\d{2}-\\d{2}T\\d{2}:\\d{2}:\\d{2}\\.\\d{3}Z</arg>
<doc>Fails if ``string`` does not match ``pattern`` as a regular expression.</doc>
<status status="PASS" start="2024-05-21T15:15:53.740599" elapsed="0.000362"/>
</kw>
<kw name="Should Match Regexp" owner="BuiltIn">
<arg>${json_data['results'][0]['picture']['large']}</arg>
<arg>^https?://.*\.(?:png|jpe?g|gif|bmp)$</arg>
<doc>Fails if ``string`` does not match ``pattern`` as a regular expression.</doc>
<status status="PASS" start="2024-05-21T15:15:53.741149" elapsed="0.000486"/>
</kw>
<kw name="Should Match Regexp" owner="BuiltIn">
<arg>${json_data['results'][0]['picture']['medium']}</arg>
<arg>^https?://.*\.(?:png|jpe?g|gif|bmp)$</arg>
<doc>Fails if ``string`` does not match ``pattern`` as a regular expression.</doc>
<status status="PASS" start="2024-05-21T15:15:53.741899" elapsed="0.000412"/>
</kw>
<kw name="Should Match Regexp" owner="BuiltIn">
<arg>${json_data['results'][0]['picture']['thumbnail']}</arg>
<arg>^https?://.*\.(?:png|jpe?g|gif|bmp)$</arg>
<doc>Fails if ``string`` does not match ``pattern`` as a regular expression.</doc>
<status status="PASS" start="2024-05-21T15:15:53.742562" elapsed="0.000362"/>
</kw>
<kw name="Log" owner="BuiltIn">
<msg time="2024-05-21T15:15:53.743434" level="INFO">{'large': 'https://randomuser.me/api/portraits/men/97.jpg', 'medium': 'https://randomuser.me/api/portraits/med/men/97.jpg', 'thumbnail': 'https://randomuser.me/api/portraits/thumb/men/97.jpg'}</msg>
<arg>${json_data['results'][0]['picture']}</arg>
<doc>Logs the given message with the given level.</doc>
<status status="PASS" start="2024-05-21T15:15:53.743110" elapsed="0.000366"/>
</kw>
<status status="PASS" start="2024-05-21T15:15:53.680532" elapsed="0.063206"/>
</kw>
<kw name="Teste de Tipos de Dados - Postcode" owner="random-user-service">
<kw name="GET On Session" owner="RequestsLibrary">
<msg time="2024-05-21T15:15:53.827423" level="INFO">GET Request : url=https://randomuser.me/api 
 path_url=/api 
 headers={'User-Agent': 'python-requests/2.32.1', 'Accept-Encoding': 'gzip, deflate', 'Accept': '*/*', 'Connection': 'keep-alive'} 
 body=None 
 </msg>
<msg time="2024-05-21T15:15:53.827528" level="INFO">GET Response : url=https://randomuser.me/api 
 status=200, reason=OK 
 headers={'Date': 'Tue, 21 May 2024 15:15:53 GMT', 'Content-Type': 'application/json; charset=utf-8', 'Transfer-Encoding': 'chunked', 'Connection': 'keep-alive', 'X-Powered-By': 'Express', 'Access-Control-Allow-Origin': '*', 'Cache-Control': 'no-cache', 'ETag': 'W/"488-yLIUhw4L4COoVr/PYwwxyt6etZM"', 'Vary': 'Accept-Encoding', 'Content-Encoding': 'gzip', 'CF-Cache-Status': 'DYNAMIC', 'Report-To': '{"endpoints":[{"url":"https:\\/\\/a.nel.cloudflare.com\\/report\\/v4?s=2nKCaXO0JX5FDKOEu4MFSLTRQdyqqL0LR0mI%2FWELmBCwQY6nBEzNk5klzyPf%2FN2i0b99oXdQ%2BUxNiVXBKr%2BQ6TaYwRjk8mb19na0o4Y9SzI8jstnvLEBsZ80iP1XBxS%2F"}],"group":"cf-nel","max_age":604800}', 'NEL': '{"success_fraction":0,"report_to":"cf-nel","max_age":604800}', 'Server': 'cloudflare', 'CF-RAY': '88758644ec3e22d0-ORD', 'alt-svc': 'h3=":443"; ma=86400'} 
 body={"results":[{"gender":"male","name":{"title":"Mr","first":"Belchior","last":"Carvalho"},"location":{"street":{"number":2930,"name":"Rua Amazonas "},"city":"Maceió","state":"Pará","country":"Brazil","postcode":31887,"coordinates":{"latitude":"-74.8350","longitude":"-105.7617"},"timezone":{"offset":"+6:00","description":"Almaty, Dhaka, Colombo"}},"email":"belchior.carvalho@example.com","login":{"uuid":"22c41893-fa5a-4bee-be70-8833974e5d56","username":"heavybird562","password":"tail","salt":"0NxQT547","md5":"f7e8208bec58321e3629ed62ee0d09f6","sha1":"a41434396a2ff19786f41565ce0a36ca21386139","sha256":"f830666ac3b5d7e28301decc04c54e5b22a904e9fdb8d1fb2c52de2a49a6148b"},"dob":{"date":"1973-11-15T00:15:31.277Z","age":50},"registered":{"date":"2007-03-22T09:41:20.107Z","age":17},"phone":"(54) 2938-3401","cell":"(03) 2989-8167","id":{"name":"CPF","value":"772.897.867-78"},"picture":{"large":"https://randomuser.me/api/portraits/men/23.jpg","medium":"https://randomuser.me/api/portraits/med/men/23.jpg","thumbnail":"https://randomuser.me/api/portraits/thumb/men/23.jpg"},"nat":"BR"}],"info":{"seed":"c135acbf8696d358","results":1,"page":1,"version":"1.4"}} 
 </msg>
<msg time="2024-05-21T15:15:53.827603" level="INFO">/opt/hostedtoolcache/Python/3.12.3/x64/lib/python3.12/site-packages/urllib3/connectionpool.py:1103: InsecureRequestWarning: Unverified HTTPS request is being made to host 'randomuser.me'. Adding certificate verification is strongly advised. See: https://urllib3.readthedocs.io/en/latest/advanced-usage.html#tls-warnings
  warnings.warn(</msg>
<msg time="2024-05-21T15:15:53.827724" level="INFO">${response} = &lt;Response [200]&gt;</msg>
<var>${response}</var>
<arg>consultarAPI</arg>
<arg>/api</arg>
<doc>Sends a GET request on a previously created HTTP Session.</doc>
<status status="PASS" start="2024-05-21T15:15:53.744211" elapsed="0.083552"/>
</kw>
<kw name="Set Variable" owner="BuiltIn">
<msg time="2024-05-21T15:15:53.828819" level="INFO">${json_data} = {'results': [{'gender': 'male', 'name': {'title': 'Mr', 'first': 'Belchior', 'last': 'Carvalho'}, 'location': {'street': {'number': 2930, 'name': 'Rua Amazonas '}, 'city': 'Maceió', 'state': 'Pará', '...</msg>
<var>${json_data}</var>
<arg>${response.json()}</arg>
<doc>Returns the given values which can then be assigned to a variables.</doc>
<status status="PASS" start="2024-05-21T15:15:53.828280" elapsed="0.000567"/>
</kw>
<kw name="Log" owner="BuiltIn">
<msg time="2024-05-21T15:15:53.829358" level="INFO">{'results': [{'gender': 'male', 'name': {'title': 'Mr', 'first': 'Belchior', 'last': 'Carvalho'}, 'location': {'street': {'number': 2930, 'name': 'Rua Amazonas '}, 'city': 'Maceió', 'state': 'Pará', 'country': 'Brazil', 'postcode': 31887, 'coordinates': {'latitude': '-74.8350', 'longitude': '-105.7617'}, 'timezone': {'offset': '+6:00', 'description': 'Almaty, Dhaka, Colombo'}}, 'email': 'belchior.carvalho@example.com', 'login': {'uuid': '22c41893-fa5a-4bee-be70-8833974e5d56', 'username': 'heavybird562', 'password': 'tail', 'salt': '0NxQT547', 'md5': 'f7e8208bec58321e3629ed62ee0d09f6', 'sha1': 'a41434396a2ff19786f41565ce0a36ca21386139', 'sha256': 'f830666ac3b5d7e28301decc04c54e5b22a904e9fdb8d1fb2c52de2a49a6148b'}, 'dob': {'date': '1973-11-15T00:15:31.277Z', 'age': 50}, 'registered': {'date': '2007-03-22T09:41:20.107Z', 'age': 17}, 'phone': '(54) 2938-3401', 'cell': '(03) 2989-8167', 'id': {'name': 'CPF', 'value': '772.897.867-78'}, 'picture': {'large': 'https://randomuser.me/api/portraits/men/23.jpg', 'medium': 'https://randomuser.me/api/portraits/med/men/23.jpg', 'thumbnail': 'https://randomuser.me/api/portraits/thumb/men/23.jpg'}, 'nat': 'BR'}], 'info': {'seed': 'c135acbf8696d358', 'results': 1, 'page': 1, 'version': '1.4'}}</msg>
<arg>${json_data}</arg>
<doc>Logs the given message with the given level.</doc>
<status status="PASS" start="2024-05-21T15:15:53.829155" elapsed="0.000291"/>
</kw>
<kw name="Should Be Equal As Numbers" owner="BuiltIn">
<arg>${json_data['results'][0]['location']['postcode']}</arg>
<arg>${json_data['results'][0]['location']['postcode']}</arg>
<doc>Fails if objects are unequal after converting them to real numbers.</doc>
<status status="PASS" start="2024-05-21T15:15:53.829766" elapsed="0.000799"/>
</kw>
<kw name="Log" owner="BuiltIn">
<msg time="2024-05-21T15:15:53.831089" level="INFO">31887</msg>
<arg>${json_data['results'][0]['location']['postcode']}</arg>
<doc>Logs the given message with the given level.</doc>
<status status="PASS" start="2024-05-21T15:15:53.830757" elapsed="0.000372"/>
</kw>
<status status="PASS" start="2024-05-21T15:15:53.743972" elapsed="0.087413"/>
</kw>
<doc>Testa se os tipos de dados na resposta da API estão corretos.</doc>
<tag>testeTiposDados</tag>
<status status="PASS" start="2024-05-21T15:15:53.680073" elapsed="0.151481"/>
</test>
<test id="s1-s1-t5" name="Validar conteudo" line="35">
<kw name="Teste de Tipos de Conteudo" owner="random-user-service">
<kw name="GET On Session" owner="RequestsLibrary">
<msg time="2024-05-21T15:15:53.930770" level="INFO">GET Request : url=https://randomuser.me/api 
 path_url=/api 
 headers={'User-Agent': 'python-requests/2.32.1', 'Accept-Encoding': 'gzip, deflate', 'Accept': '*/*', 'Connection': 'keep-alive'} 
 body=None 
 </msg>
<msg time="2024-05-21T15:15:53.930869" level="INFO">GET Response : url=https://randomuser.me/api 
 status=200, reason=OK 
 headers={'Date': 'Tue, 21 May 2024 15:15:53 GMT', 'Content-Type': 'application/json; charset=utf-8', 'Transfer-Encoding': 'chunked', 'Connection': 'keep-alive', 'X-Powered-By': 'Express', 'Access-Control-Allow-Origin': '*', 'Cache-Control': 'no-cache', 'ETag': 'W/"497-Y3/Hx5H09XRqM2pL6aYH+ydt/pg"', 'Vary': 'Accept-Encoding', 'Content-Encoding': 'gzip', 'CF-Cache-Status': 'DYNAMIC', 'Report-To': '{"endpoints":[{"url":"https:\\/\\/a.nel.cloudflare.com\\/report\\/v4?s=crZDszPVYjJkzRlJec6TchVKQkUZ%2F7uH1bgfO7rqWeKqDd7COpwEtlTxBO2XMbhPACVp5RVKLBWvjxKfaqw3s103%2BS88nudDHz6yGaOvusG5EzqcYaCN7E%2FDD3P85dPR"}],"group":"cf-nel","max_age":604800}', 'NEL': '{"success_fraction":0,"report_to":"cf-nel","max_age":604800}', 'Server': 'cloudflare', 'CF-RAY': '887586457d3022d0-ORD', 'alt-svc': 'h3=":443"; ma=86400'} 
 body={"results":[{"gender":"female","name":{"title":"Miss","first":"Lucy","last":"Edwards"},"location":{"street":{"number":2556,"name":"Seymour Street"},"city":"Whangarei","state":"Gisborne","country":"New Zealand","postcode":51091,"coordinates":{"latitude":"51.6236","longitude":"86.9887"},"timezone":{"offset":"+8:00","description":"Beijing, Perth, Singapore, Hong Kong"}},"email":"lucy.edwards@example.com","login":{"uuid":"921d4cf3-7cfe-4c03-90fc-977864932c27","username":"silvermeercat538","password":"vincent1","salt":"U06XbmZc","md5":"e9184f077a8037c4a441b5a67ac8ddae","sha1":"cc848e2aebf82419fce83a377f6ea9d5f672e443","sha256":"00b7913a56d80a0cdd02a2ec89932da39f9aefe6b8e7ac74a03e9d121f7aada8"},"dob":{"date":"1972-09-17T11:59:28.748Z","age":51},"registered":{"date":"2013-06-02T05:59:43.625Z","age":10},"phone":"(252)-171-4349","cell":"(758)-180-8702","id":{"name":"","value":null},"picture":{"large":"https://randomuser.me/api/portraits/women/41.jpg","medium":"https://randomuser.me/api/portraits/med/women/41.jpg","thumbnail":"https://randomuser.me/api/portraits/thumb/women/41.jpg"},"nat":"NZ"}],"info":{"seed":"825481c5ea824532","results":1,"page":1,"version":"1.4"}} 
 </msg>
<msg time="2024-05-21T15:15:53.930938" level="INFO">/opt/hostedtoolcache/Python/3.12.3/x64/lib/python3.12/site-packages/urllib3/connectionpool.py:1103: InsecureRequestWarning: Unverified HTTPS request is being made to host 'randomuser.me'. Adding certificate verification is strongly advised. See: https://urllib3.readthedocs.io/en/latest/advanced-usage.html#tls-warnings
  warnings.warn(</msg>
<msg time="2024-05-21T15:15:53.931055" level="INFO">${response} = &lt;Response [200]&gt;</msg>
<var>${response}</var>
<arg>consultarAPI</arg>
<arg>/api</arg>
<doc>Sends a GET request on a previously created HTTP Session.</doc>
<status status="PASS" start="2024-05-21T15:15:53.833991" elapsed="0.097091"/>
</kw>
<kw name="Set Variable" owner="BuiltIn">
<msg time="2024-05-21T15:15:53.932140" level="INFO">${json_data} = {'results': [{'gender': 'female', 'name': {'title': 'Miss', 'first': 'Lucy', 'last': 'Edwards'}, 'location': {'street': {'number': 2556, 'name': 'Seymour Street'}, 'city': 'Whangarei', 'state': 'Gisbo...</msg>
<var>${json_data}</var>
<arg>${response.json()}</arg>
<doc>Returns the given values which can then be assigned to a variables.</doc>
<status status="PASS" start="2024-05-21T15:15:53.931612" elapsed="0.000556"/>
</kw>
<kw name="Set Variable" owner="BuiltIn">
<msg time="2024-05-21T15:15:53.932859" level="INFO">${name_title} = Miss</msg>
<var>${name_title}</var>
<arg>${json_data["results"][0]["name"]["title"]}</arg>
<doc>Returns the given values which can then be assigned to a variables.</doc>
<status status="PASS" start="2024-05-21T15:15:53.932475" elapsed="0.000409"/>
</kw>
<kw name="Create List" owner="BuiltIn">
<msg time="2024-05-21T15:15:53.933391" level="INFO">${allowed_titles} = ['Mr', 'Ms', 'Miss', 'Mrs', 'Madame', 'Monsieur']</msg>
<var>${allowed_titles}</var>
<arg>Mr</arg>
<arg>Ms</arg>
<arg>Miss</arg>
<arg>Mrs</arg>
<arg>Madame</arg>
<arg>Monsieur</arg>
<doc>Returns a list containing given items.</doc>
<status status="PASS" start="2024-05-21T15:15:53.933199" elapsed="0.000218"/>
</kw>
<kw name="List Should Contain Value" owner="Collections">
<msg time="2024-05-21T15:15:53.933895" level="INFO">False</msg>
<arg>${allowed_titles}</arg>
<arg>${name_title}</arg>
<doc>Fails if the ``value`` is not found from ``list``.</doc>
<status status="PASS" start="2024-05-21T15:15:53.933719" elapsed="0.000212"/>
</kw>
<kw name="Set Variable" owner="BuiltIn">
<msg time="2024-05-21T15:15:53.934615" level="INFO">${name_country} = NZ</msg>
<var>${name_country}</var>
<arg>${json_data["results"][0]["nat"]}</arg>
<doc>Returns the given values which can then be assigned to a variables.</doc>
<status status="PASS" start="2024-05-21T15:15:53.934239" elapsed="0.000401"/>
</kw>
<kw name="Create List" owner="BuiltIn">
<msg time="2024-05-21T15:15:53.935538" level="INFO">${list_country} = ['AD', 'AE', 'AF', 'AG', 'AI', 'AL', 'AM', 'AO', 'AQ', 'AR', 'AS', 'AT', 'AU', 'AW', 'AX', 'AZ', 'BA', 'BB', 'BD', 'BE', 'BF', 'BG', 'BH', 'BI', 'BJ', 'BL', 'BM', 'BN', 'BO', 'BQ', 'BR', 'BS', 'BT', '...</msg>
<var>${list_country}</var>
<arg>AD</arg>
<arg>AE</arg>
<arg>AF</arg>
<arg>AG</arg>
<arg>AI</arg>
<arg>AL</arg>
<arg>AM</arg>
<arg>AO</arg>
<arg>AQ</arg>
<arg>AR</arg>
<arg>AS</arg>
<arg>AT</arg>
<arg>AU</arg>
<arg>AW</arg>
<arg>AX</arg>
<arg>AZ</arg>
<arg>BA</arg>
<arg>BB</arg>
<arg>BD</arg>
<arg>BE</arg>
<arg>BF</arg>
<arg>BG</arg>
<arg>BH</arg>
<arg>BI</arg>
<arg>BJ</arg>
<arg>BL</arg>
<arg>BM</arg>
<arg>BN</arg>
<arg>BO</arg>
<arg>BQ</arg>
<arg>BR</arg>
<arg>BS</arg>
<arg>BT</arg>
<arg>BV</arg>
<arg>BW</arg>
<arg>BY</arg>
<arg>BZ</arg>
<arg>CA</arg>
<arg>CC</arg>
<arg>CD</arg>
<arg>CF</arg>
<arg>CG</arg>
<arg>CH</arg>
<arg>CI</arg>
<arg>CK</arg>
<arg>CL</arg>
<arg>CM</arg>
<arg>CN</arg>
<arg>CO</arg>
<arg>CR</arg>
<arg>CU</arg>
<arg>CV</arg>
<arg>CW</arg>
<arg>CX</arg>
<arg>CY</arg>
<arg>CZ</arg>
<arg>DE</arg>
<arg>DJ</arg>
<arg>DK</arg>
<arg>DM</arg>
<arg>DO</arg>
<arg>DZ</arg>
<arg>EC</arg>
<arg>EE</arg>
<arg>EG</arg>
<arg>EH</arg>
<arg>ER</arg>
<arg>ES</arg>
<arg>ET</arg>
<arg>FI</arg>
<arg>FJ</arg>
<arg>FK</arg>
<arg>FM</arg>
<arg>FO</arg>
<arg>FR</arg>
<arg>GA</arg>
<arg>GB</arg>
<arg>GD</arg>
<arg>GE</arg>
<arg>GF</arg>
<arg>GG</arg>
<arg>GH</arg>
<arg>GI</arg>
<arg>GL</arg>
<arg>GM</arg>
<arg>GN</arg>
<arg>GP</arg>
<arg>GQ</arg>
<arg>GR</arg>
<arg>GS</arg>
<arg>GT</arg>
<arg>GU</arg>
<arg>GW</arg>
<arg>GY</arg>
<arg>HK</arg>
<arg>HM</arg>
<arg>HN</arg>
<arg>HR</arg>
<arg>HT</arg>
<arg>HU</arg>
<arg>ID</arg>
<arg>IE</arg>
<arg>IL</arg>
<arg>IM</arg>
<arg>IN</arg>
<arg>IO</arg>
<arg>IQ</arg>
<arg>IR</arg>
<arg>IS</arg>
<arg>IT</arg>
<arg>JE</arg>
<arg>JM</arg>
<arg>JO</arg>
<arg>JP</arg>
<arg>KE</arg>
<arg>KG</arg>
<arg>KH</arg>
<arg>KI</arg>
<arg>KM</arg>
<arg>KN</arg>
<arg>KP</arg>
<arg>KR</arg>
<arg>KW</arg>
<arg>KY</arg>
<arg>KZ</arg>
<arg>LA</arg>
<arg>LB</arg>
<arg>LC</arg>
<arg>LI</arg>
<arg>LK</arg>
<arg>LR</arg>
<arg>LS</arg>
<arg>LT</arg>
<arg>LU</arg>
<arg>LV</arg>
<arg>LY</arg>
<arg>MA</arg>
<arg>MC</arg>
<arg>MD</arg>
<arg>ME</arg>
<arg>MF</arg>
<arg>MG</arg>
<arg>MH</arg>
<arg>MK</arg>
<arg>ML</arg>
<arg>MM</arg>
<arg>MN</arg>
<arg>MO</arg>
<arg>MP</arg>
<arg>MQ</arg>
<arg>MR</arg>
<arg>MS</arg>
<arg>MT</arg>
<arg>MU</arg>
<arg>MV</arg>
<arg>MW</arg>
<arg>MX</arg>
<arg>MY</arg>
<arg>MZ</arg>
<arg>NA</arg>
<arg>NC</arg>
<arg>NE</arg>
<arg>NF</arg>
<arg>NG</arg>
<arg>NI</arg>
<arg>NL</arg>
<arg>NO</arg>
<arg>NP</arg>
<arg>NR</arg>
<arg>NU</arg>
<arg>NZ</arg>
<arg>OM</arg>
<arg>PA</arg>
<arg>PE</arg>
<arg>PF</arg>
<arg>PG</arg>
<arg>PH</arg>
<arg>PK</arg>
<arg>PL</arg>
<arg>PM</arg>
<arg>PN</arg>
<arg>PR</arg>
<arg>PS</arg>
<arg>PT</arg>
<arg>PW</arg>
<arg>PY</arg>
<arg>QA</arg>
<arg>RE</arg>
<arg>RO</arg>
<arg>RS</arg>
<arg>RU</arg>
<arg>RW</arg>
<arg>SA</arg>
<arg>SB</arg>
<arg>SC</arg>
<arg>SD</arg>
<arg>SE</arg>
<arg>SG</arg>
<arg>SH</arg>
<arg>SI</arg>
<arg>SJ</arg>
<arg>SK</arg>
<arg>SL</arg>
<arg>SM</arg>
<arg>SN</arg>
<arg>SO</arg>
<arg>SR</arg>
<arg>SS</arg>
<arg>ST</arg>
<arg>SV</arg>
<arg>SX</arg>
<arg>SY</arg>
<arg>SZ</arg>
<arg>TC</arg>
<arg>TD</arg>
<arg>TF</arg>
<arg>TG</arg>
<arg>TH</arg>
<arg>TJ</arg>
<arg>TK</arg>
<arg>TL</arg>
<arg>TM</arg>
<arg>TN</arg>
<arg>TO</arg>
<arg>TR</arg>
<arg>TT</arg>
<arg>TV</arg>
<arg>TW</arg>
<arg>TZ</arg>
<arg>UA</arg>
<arg>UG</arg>
<arg>UM</arg>
<arg>US</arg>
<arg>UY</arg>
<arg>UZ</arg>
<arg>VA</arg>
<arg>VC</arg>
<arg>VE</arg>
<arg>VG</arg>
<arg>VI</arg>
<arg>VN</arg>
<arg>VU</arg>
<arg>WF</arg>
<arg>WS</arg>
<arg>XK</arg>
<arg>YE</arg>
<arg>YT</arg>
<arg>ZA</arg>
<arg>ZM</arg>
<arg>ZW</arg>
<doc>Returns a list containing given items.</doc>
<status status="PASS" start="2024-05-21T15:15:53.934944" elapsed="0.000620"/>
</kw>
<kw name="List Should Contain Value" owner="Collections">
<msg time="2024-05-21T15:15:53.936563" level="INFO">False</msg>
<arg>${list_country}</arg>
<arg>${name_country}</arg>
<doc>Fails if the ``value`` is not found from ``list``.</doc>
<status status="PASS" start="2024-05-21T15:15:53.936357" elapsed="0.000243"/>
</kw>
<kw name="Run Keyword If" owner="BuiltIn">
<kw name="Should Be True" owner="BuiltIn">
<arg>${True}</arg>
<doc>Fails if the given condition is not true.</doc>
<status status="PASS" start="2024-05-21T15:15:53.937714" elapsed="0.000149"/>
</kw>
<arg>${json_data["results"][0]["location"]["coordinates"]["latitude"]} &gt;= -90 and ${json_data["results"][0]["location"]["coordinates"]["latitude"]} &lt;= 90</arg>
<arg>Should Be True</arg>
<arg>${True}</arg>
<doc>Runs the given keyword with the given arguments, if ``condition`` is true.</doc>
<status status="PASS" start="2024-05-21T15:15:53.936912" elapsed="0.001079"/>
</kw>
<kw name="Run Keyword If" owner="BuiltIn">
<kw name="Should Be True" owner="BuiltIn">
<arg>${True}</arg>
<doc>Fails if the given condition is not true.</doc>
<status status="PASS" start="2024-05-21T15:15:53.938898" elapsed="0.000261"/>
</kw>
<arg>${json_data["results"][0]["location"]["coordinates"]["longitude"]} &gt;= -180 and ${json_data["results"][0]["location"]["coordinates"]["longitude"]} &lt;= 180</arg>
<arg>Should Be True</arg>
<arg>${True}</arg>
<doc>Runs the given keyword with the given arguments, if ``condition`` is true.</doc>
<status status="PASS" start="2024-05-21T15:15:53.938178" elapsed="0.001108"/>
</kw>
<status status="PASS" start="2024-05-21T15:15:53.833767" elapsed="0.105654"/>
</kw>
<doc>Testa o conteúdo específico dos campos retornados pela API.</doc>
<tag>testeConteudo</tag>
<status status="PASS" start="2024-05-21T15:15:53.833302" elapsed="0.106273"/>
</test>
<status status="PASS" start="2024-05-21T15:15:52.864887" elapsed="1.076675"/>
</suite>
<status status="PASS" start="2024-05-21T15:15:52.851228" elapsed="1.095493"/>
</suite>
<statistics>
<total>
<stat pass="5" fail="0" skip="0">All Tests</stat>
</total>
<tag>
<stat pass="1" fail="0" skip="0">testeConteudo</stat>
<stat pass="1" fail="0" skip="0">testeEstruturaResposta</stat>
<stat pass="1" fail="0" skip="0">testeRequisicaoBasica</stat>
<stat pass="1" fail="0" skip="0">testeTiposDados</stat>
</tag>
<suite>
<stat pass="5" fail="0" skip="0" id="s1" name="Tests">Tests</stat>
<stat pass="5" fail="0" skip="0" id="s1-s1" name="Random-User-Test">Tests.Random-User-Test</stat>
</suite>
</statistics>
<errors>
</errors>
</robot>
