<?xml version="1.0" encoding="UTF-8"?>
<robot generator="Robot 7.0.1 (Python 3.12.4 on linux)" generated="2024-07-06T18:18:29.037544" rpa="false" schemaversion="5">
<suite id="s1" name="Tests" source="/home/runner/work/ApiRandomUser/ApiRandomUser/RamdonUser/tests">
<suite id="s1-s1" name="Random-User-Test" source="/home/runner/work/ApiRandomUser/ApiRandomUser/RamdonUser/tests/random-user-test.robot">
<test id="s1-s1-t1" name="Conectar" line="13">
<kw name="Conectar API" owner="random-user-service">
<kw name="Create Session" owner="RequestsLibrary">
<msg time="2024-07-06T18:18:29.470644" level="INFO">Creating Session using : alias=consultarAPI, url=https://randomuser.me/, headers={},                     cookies={}, auth=None, timeout=None, proxies=None, verify=False,                     debug=0 </msg>
<arg>consultarAPI</arg>
<arg>${URL}</arg>
<doc>Create Session: create a HTTP session to a server</doc>
<status status="PASS" start="2024-07-06T18:18:29.470431" elapsed="0.000407"/>
</kw>
<status status="PASS" start="2024-07-06T18:18:29.469434" elapsed="0.001802"/>
</kw>
<status status="PASS" start="2024-07-06T18:18:29.468766" elapsed="0.002670"/>
</test>
<test id="s1-s1-t2" name="Validar retorno 200 e JSON Válido" line="16">
<kw name="Teste de Requisicao Basica" owner="random-user-service">
<kw name="GET On Session" owner="RequestsLibrary">
<msg time="2024-07-06T18:18:29.592246" level="INFO">GET Request : url=https://randomuser.me/api 
 path_url=/api 
 headers={'User-Agent': 'python-requests/2.32.3', 'Accept-Encoding': 'gzip, deflate', 'Accept': '*/*', 'Connection': 'keep-alive'} 
 body=None 
 </msg>
<msg time="2024-07-06T18:18:29.592356" level="INFO">GET Response : url=https://randomuser.me/api 
 status=200, reason=OK 
 headers={'Date': 'Sat, 06 Jul 2024 18:18:29 GMT', 'Content-Type': 'application/json; charset=utf-8', 'Transfer-Encoding': 'chunked', 'Connection': 'keep-alive', 'X-Powered-By': 'Express', 'Access-Control-Allow-Origin': '*', 'Cache-Control': 'no-cache', 'ETag': 'W/"49e-wpphe4zEbnjedc1udzUykZks/04"', 'Vary': 'Accept-Encoding', 'Content-Encoding': 'gzip', 'CF-Cache-Status': 'DYNAMIC', 'Report-To': '{"endpoints":[{"url":"https:\\/\\/a.nel.cloudflare.com\\/report\\/v4?s=yQl95Yi8k5KuiDVPpYmUeY7BWM%2Bp%2BNj3tKHXmPIPmqCYgE50UhTtP3q7QL7h9EDhVlADHm8K09cyQxKehCPy6hk2MVKR6WiV%2BDqCjk3n9ThfMDqYnvh8jZKvW4zqiIJI"}],"group":"cf-nel","max_age":604800}', 'NEL': '{"success_fraction":0,"report_to":"cf-nel","max_age":604800}', 'Server': 'cloudflare', 'CF-RAY': '89f198fe6ed0942c-SJC', 'alt-svc': 'h3=":443"; ma=86400'} 
 body={"results":[{"gender":"female","name":{"title":"Mrs","first":"Letícia","last":"Alves"},"location":{"street":{"number":2076,"name":"Rua Primeiro de Maio "},"city":"Cachoeiro de Itapemirim","state":"Roraima","country":"Brazil","postcode":64052,"coordinates":{"latitude":"-79.3141","longitude":"151.6417"},"timezone":{"offset":"+5:45","description":"Kathmandu"}},"email":"leticia.alves@example.com","login":{"uuid":"807b382d-9c3b-4130-a86a-32c4adaad28f","username":"purpleelephant263","password":"harrier","salt":"UnTenaPH","md5":"4fd0b25e0be0e66f567f8cd2e0e50288","sha1":"49db864e7633ca8e6289552e2c4db43884805d60","sha256":"f506f872afcad39ee6c75f0107b1df38014d0f7b71e672e097e7689244a047c7"},"dob":{"date":"1989-08-31T20:20:57.929Z","age":34},"registered":{"date":"2008-02-10T22:16:52.494Z","age":16},"phone":"(86) 6815-9832","cell":"(55) 0174-0822","id":{"name":"CPF","value":"639.344.633-82"},"picture":{"large":"https://randomuser.me/api/portraits/women/65.jpg","medium":"https://randomuser.me/api/portraits/med/women/65.jpg","thumbnail":"https://randomuser.me/api/portraits/thumb/women/65.jpg"},"nat":"BR"}],"info":{"seed":"60c0ebec82c64692","results":1,"page":1,"version":"1.4"}} 
 </msg>
<msg time="2024-07-06T18:18:29.592439" level="INFO">/opt/hostedtoolcache/Python/3.12.4/x64/lib/python3.12/site-packages/urllib3/connectionpool.py:1099: InsecureRequestWarning: Unverified HTTPS request is being made to host 'randomuser.me'. Adding certificate verification is strongly advised. See: https://urllib3.readthedocs.io/en/latest/advanced-usage.html#tls-warnings
  warnings.warn(</msg>
<msg time="2024-07-06T18:18:29.592578" level="INFO">${response} = &lt;Response [200]&gt;</msg>
<var>${response}</var>
<arg>consultarAPI</arg>
<arg>/api</arg>
<doc>Sends a GET request on a previously created HTTP Session.</doc>
<status status="PASS" start="2024-07-06T18:18:29.474309" elapsed="0.118313"/>
</kw>
<kw name="Should Be Equal As Numbers" owner="BuiltIn">
<msg time="2024-07-06T18:18:29.593701" level="INFO">Argument types are:
&lt;class 'int'&gt;
&lt;class 'str'&gt;</msg>
<arg>${response.status_code}</arg>
<arg>200</arg>
<doc>Fails if objects are unequal after converting them to real numbers.</doc>
<status status="PASS" start="2024-07-06T18:18:29.593185" elapsed="0.000582"/>
</kw>
<kw name="Log" owner="BuiltIn">
<msg time="2024-07-06T18:18:29.594466" level="INFO">200</msg>
<arg>${response.status_code}</arg>
<doc>Logs the given message with the given level.</doc>
<status status="PASS" start="2024-07-06T18:18:29.594091" elapsed="0.000419"/>
</kw>
<kw name="Set Variable" owner="BuiltIn">
<msg time="2024-07-06T18:18:29.595260" level="INFO">${json_data} = {'results': [{'gender': 'female', 'name': {'title': 'Mrs', 'first': 'Letícia', 'last': 'Alves'}, 'location': {'street': {'number': 2076, 'name': 'Rua Primeiro de Maio '}, 'city': 'Cachoeiro de Itapemi...</msg>
<var>${json_data}</var>
<arg>${response.json()}</arg>
<doc>Returns the given values which can then be assigned to a variables.</doc>
<status status="PASS" start="2024-07-06T18:18:29.594817" elapsed="0.000473"/>
</kw>
<kw name="Dictionary Should Contain Key" owner="Collections">
<arg>${json_data}</arg>
<arg>results</arg>
<doc>Fails if ``key`` is not found from ``dictionary``.</doc>
<status status="PASS" start="2024-07-06T18:18:29.595594" elapsed="0.000163"/>
</kw>
<status status="PASS" start="2024-07-06T18:18:29.474055" elapsed="0.121846"/>
</kw>
<doc>Testa se a API responde corretamente e retorna um objeto JSON válido.</doc>
<tag>testeRequisicaoBasica</tag>
<status status="PASS" start="2024-07-06T18:18:29.473521" elapsed="0.122543"/>
</test>
<test id="s1-s1-t3" name="Validar estrutura de resposta" line="22">
<kw name="Teste de Estrutura de Resposta" owner="random-user-service">
<kw name="GET On Session" owner="RequestsLibrary">
<msg time="2024-07-06T18:18:29.696005" level="INFO">GET Request : url=https://randomuser.me/api 
 path_url=/api 
 headers={'User-Agent': 'python-requests/2.32.3', 'Accept-Encoding': 'gzip, deflate', 'Accept': '*/*', 'Connection': 'keep-alive'} 
 body=None 
 </msg>
<msg time="2024-07-06T18:18:29.696095" level="INFO">GET Response : url=https://randomuser.me/api 
 status=200, reason=OK 
 headers={'Date': 'Sat, 06 Jul 2024 18:18:29 GMT', 'Content-Type': 'application/json; charset=utf-8', 'Transfer-Encoding': 'chunked', 'Connection': 'keep-alive', 'X-Powered-By': 'Express', 'Access-Control-Allow-Origin': '*', 'Cache-Control': 'no-cache', 'ETag': 'W/"480-eFuQU7F6th1i0QxLTG4UuqcE+VM"', 'Vary': 'Accept-Encoding', 'Content-Encoding': 'gzip', 'CF-Cache-Status': 'DYNAMIC', 'Report-To': '{"endpoints":[{"url":"https:\\/\\/a.nel.cloudflare.com\\/report\\/v4?s=%2BpBnpYSDdDt%2Fd8Kro%2BTgsLBPIUkvcJGKt0Xp1K3ePwO73CU0SPqjKyuWP1qxNZqrL9wQztcaQugxXc3ZITku%2FKnEi6Ml%2FHgrBB8AaCZaJ%2FEb6EQt5bXuOqkQesQBllkK"}],"group":"cf-nel","max_age":604800}', 'NEL': '{"success_fraction":0,"report_to":"cf-nel","max_age":604800}', 'Server': 'cloudflare', 'CF-RAY': '89f198ff0f26942c-SJC', 'alt-svc': 'h3=":443"; ma=86400'} 
 body={"results":[{"gender":"male","name":{"title":"Mr","first":"Nilesh","last":"Dannenberg"},"location":{"street":{"number":1495,"name":"Eeuwselstraat"},"city":"De Veenhoop","state":"Friesland","country":"Netherlands","postcode":"7338 AH","coordinates":{"latitude":"31.1367","longitude":"-5.0657"},"timezone":{"offset":"-9:00","description":"Alaska"}},"email":"nilesh.dannenberg@example.com","login":{"uuid":"a2127234-dd56-47a9-b43d-5914abffd251","username":"bluesnake424","password":"driven","salt":"ZYwACPLC","md5":"6c793aa11eb9f0ede0d4c7f4632b87bf","sha1":"78cb11418d9edb0c7720f6a758112aac9f65e458","sha256":"c7cb321781d903ff9065f393e1b7da3c3140e2939e7e41e751ba2ad6a06d5c63"},"dob":{"date":"1977-08-03T14:28:32.580Z","age":46},"registered":{"date":"2003-12-03T00:51:37.850Z","age":20},"phone":"(067) 9981319","cell":"(06) 96193942","id":{"name":"BSN","value":"08805080"},"picture":{"large":"https://randomuser.me/api/portraits/men/28.jpg","medium":"https://randomuser.me/api/portraits/med/men/28.jpg","thumbnail":"https://randomuser.me/api/portraits/thumb/men/28.jpg"},"nat":"NL"}],"info":{"seed":"cf8bf73d43ffd034","results":1,"page":1,"version":"1.4"}} 
 </msg>
<msg time="2024-07-06T18:18:29.696210" level="INFO">/opt/hostedtoolcache/Python/3.12.4/x64/lib/python3.12/site-packages/urllib3/connectionpool.py:1099: InsecureRequestWarning: Unverified HTTPS request is being made to host 'randomuser.me'. Adding certificate verification is strongly advised. See: https://urllib3.readthedocs.io/en/latest/advanced-usage.html#tls-warnings
  warnings.warn(</msg>
<msg time="2024-07-06T18:18:29.696318" level="INFO">${response} = &lt;Response [200]&gt;</msg>
<var>${response}</var>
<arg>consultarAPI</arg>
<arg>/api</arg>
<doc>Sends a GET request on a previously created HTTP Session.</doc>
<status status="PASS" start="2024-07-06T18:18:29.598770" elapsed="0.097593"/>
</kw>
<kw name="Set Variable" owner="BuiltIn">
<msg time="2024-07-06T18:18:29.697562" level="INFO">${json_data} = {'results': [{'gender': 'male', 'name': {'title': 'Mr', 'first': 'Nilesh', 'last': 'Dannenberg'}, 'location': {'street': {'number': 1495, 'name': 'Eeuwselstraat'}, 'city': 'De Veenhoop', 'state': 'Fri...</msg>
<var>${json_data}</var>
<arg>${response.json()}</arg>
<doc>Returns the given values which can then be assigned to a variables.</doc>
<status status="PASS" start="2024-07-06T18:18:29.696927" elapsed="0.000664"/>
</kw>
<kw name="Log" owner="BuiltIn">
<msg time="2024-07-06T18:18:29.698065" level="INFO">{'results': [{'gender': 'male', 'name': {'title': 'Mr', 'first': 'Nilesh', 'last': 'Dannenberg'}, 'location': {'street': {'number': 1495, 'name': 'Eeuwselstraat'}, 'city': 'De Veenhoop', 'state': 'Friesland', 'country': 'Netherlands', 'postcode': '7338 AH', 'coordinates': {'latitude': '31.1367', 'longitude': '-5.0657'}, 'timezone': {'offset': '-9:00', 'description': 'Alaska'}}, 'email': 'nilesh.dannenberg@example.com', 'login': {'uuid': 'a2127234-dd56-47a9-b43d-5914abffd251', 'username': 'bluesnake424', 'password': 'driven', 'salt': 'ZYwACPLC', 'md5': '6c793aa11eb9f0ede0d4c7f4632b87bf', 'sha1': '78cb11418d9edb0c7720f6a758112aac9f65e458', 'sha256': 'c7cb321781d903ff9065f393e1b7da3c3140e2939e7e41e751ba2ad6a06d5c63'}, 'dob': {'date': '1977-08-03T14:28:32.580Z', 'age': 46}, 'registered': {'date': '2003-12-03T00:51:37.850Z', 'age': 20}, 'phone': '(067) 9981319', 'cell': '(06) 96193942', 'id': {'name': 'BSN', 'value': '08805080'}, 'picture': {'large': 'https://randomuser.me/api/portraits/men/28.jpg', 'medium': 'https://randomuser.me/api/portraits/med/men/28.jpg', 'thumbnail': 'https://randomuser.me/api/portraits/thumb/men/28.jpg'}, 'nat': 'NL'}], 'info': {'seed': 'cf8bf73d43ffd034', 'results': 1, 'page': 1, 'version': '1.4'}}</msg>
<arg>${json_data}</arg>
<doc>Logs the given message with the given level.</doc>
<status status="PASS" start="2024-07-06T18:18:29.697908" elapsed="0.000208"/>
</kw>
<kw name="Dictionary Should Contain Key" owner="Collections">
<arg>${json_data}</arg>
<arg>results</arg>
<doc>Fails if ``key`` is not found from ``dictionary``.</doc>
<status status="PASS" start="2024-07-06T18:18:29.698412" elapsed="0.000159"/>
</kw>
<kw name="Should Not Be Empty" owner="BuiltIn">
<msg time="2024-07-06T18:18:29.698892" level="INFO">Length is 2.</msg>
<arg>${json_data}</arg>
<doc>Verifies that the given item is not empty.</doc>
<status status="PASS" start="2024-07-06T18:18:29.698757" elapsed="0.000174"/>
</kw>
<kw name="Create List" owner="BuiltIn">
<msg time="2024-07-06T18:18:29.699518" level="INFO">${expected_keys} = ['gender', 'name', 'location', 'email', 'login']</msg>
<var>${expected_keys}</var>
<arg>gender</arg>
<arg>name</arg>
<arg>location</arg>
<arg>email</arg>
<arg>login</arg>
<doc>Returns a list containing given items.</doc>
<status status="PASS" start="2024-07-06T18:18:29.699229" elapsed="0.000314"/>
</kw>
<for flavor="IN">
<iter>
<kw name="Dictionary Should Contain Key" owner="Collections">
<arg>${json_data['results'][0]}</arg>
<arg>${key}</arg>
<doc>Fails if ``key`` is not found from ``dictionary``.</doc>
<status status="PASS" start="2024-07-06T18:18:29.700136" elapsed="0.000436"/>
</kw>
<kw name="Log" owner="BuiltIn">
<msg time="2024-07-06T18:18:29.701149" level="INFO">{'gender': 'male', 'name': {'title': 'Mr', 'first': 'Nilesh', 'last': 'Dannenberg'}, 'location': {'street': {'number': 1495, 'name': 'Eeuwselstraat'}, 'city': 'De Veenhoop', 'state': 'Friesland', 'country': 'Netherlands', 'postcode': '7338 AH', 'coordinates': {'latitude': '31.1367', 'longitude': '-5.0657'}, 'timezone': {'offset': '-9:00', 'description': 'Alaska'}}, 'email': 'nilesh.dannenberg@example.com', 'login': {'uuid': 'a2127234-dd56-47a9-b43d-5914abffd251', 'username': 'bluesnake424', 'password': 'driven', 'salt': 'ZYwACPLC', 'md5': '6c793aa11eb9f0ede0d4c7f4632b87bf', 'sha1': '78cb11418d9edb0c7720f6a758112aac9f65e458', 'sha256': 'c7cb321781d903ff9065f393e1b7da3c3140e2939e7e41e751ba2ad6a06d5c63'}, 'dob': {'date': '1977-08-03T14:28:32.580Z', 'age': 46}, 'registered': {'date': '2003-12-03T00:51:37.850Z', 'age': 20}, 'phone': '(067) 9981319', 'cell': '(06) 96193942', 'id': {'name': 'BSN', 'value': '08805080'}, 'picture': {'large': 'https://randomuser.me/api/portraits/men/28.jpg', 'medium': 'https://randomuser.me/api/portraits/med/men/28.jpg', 'thumbnail': 'https://randomuser.me/api/portraits/thumb/men/28.jpg'}, 'nat': 'NL'}</msg>
<arg>${json_data['results'][0]}</arg>
<doc>Logs the given message with the given level.</doc>
<status status="PASS" start="2024-07-06T18:18:29.700782" elapsed="0.000418"/>
</kw>
<kw name="Log" owner="BuiltIn">
<msg time="2024-07-06T18:18:29.701630" level="INFO">gender</msg>
<arg>${key}</arg>
<doc>Logs the given message with the given level.</doc>
<status status="PASS" start="2024-07-06T18:18:29.701500" elapsed="0.000168"/>
</kw>
<var name="${key}">gender</var>
<status status="PASS" start="2024-07-06T18:18:29.700001" elapsed="0.001889"/>
</iter>
<iter>
<kw name="Dictionary Should Contain Key" owner="Collections">
<arg>${json_data['results'][0]}</arg>
<arg>${key}</arg>
<doc>Fails if ``key`` is not found from ``dictionary``.</doc>
<status status="PASS" start="2024-07-06T18:18:29.702197" elapsed="0.000404"/>
</kw>
<kw name="Log" owner="BuiltIn">
<msg time="2024-07-06T18:18:29.703145" level="INFO">{'gender': 'male', 'name': {'title': 'Mr', 'first': 'Nilesh', 'last': 'Dannenberg'}, 'location': {'street': {'number': 1495, 'name': 'Eeuwselstraat'}, 'city': 'De Veenhoop', 'state': 'Friesland', 'country': 'Netherlands', 'postcode': '7338 AH', 'coordinates': {'latitude': '31.1367', 'longitude': '-5.0657'}, 'timezone': {'offset': '-9:00', 'description': 'Alaska'}}, 'email': 'nilesh.dannenberg@example.com', 'login': {'uuid': 'a2127234-dd56-47a9-b43d-5914abffd251', 'username': 'bluesnake424', 'password': 'driven', 'salt': 'ZYwACPLC', 'md5': '6c793aa11eb9f0ede0d4c7f4632b87bf', 'sha1': '78cb11418d9edb0c7720f6a758112aac9f65e458', 'sha256': 'c7cb321781d903ff9065f393e1b7da3c3140e2939e7e41e751ba2ad6a06d5c63'}, 'dob': {'date': '1977-08-03T14:28:32.580Z', 'age': 46}, 'registered': {'date': '2003-12-03T00:51:37.850Z', 'age': 20}, 'phone': '(067) 9981319', 'cell': '(06) 96193942', 'id': {'name': 'BSN', 'value': '08805080'}, 'picture': {'large': 'https://randomuser.me/api/portraits/men/28.jpg', 'medium': 'https://randomuser.me/api/portraits/med/men/28.jpg', 'thumbnail': 'https://randomuser.me/api/portraits/thumb/men/28.jpg'}, 'nat': 'NL'}</msg>
<arg>${json_data['results'][0]}</arg>
<doc>Logs the given message with the given level.</doc>
<status status="PASS" start="2024-07-06T18:18:29.702788" elapsed="0.000439"/>
</kw>
<kw name="Log" owner="BuiltIn">
<msg time="2024-07-06T18:18:29.703663" level="INFO">name</msg>
<arg>${key}</arg>
<doc>Logs the given message with the given level.</doc>
<status status="PASS" start="2024-07-06T18:18:29.703530" elapsed="0.000172"/>
</kw>
<var name="${key}">name</var>
<status status="PASS" start="2024-07-06T18:18:29.702080" elapsed="0.001840"/>
</iter>
<iter>
<kw name="Dictionary Should Contain Key" owner="Collections">
<arg>${json_data['results'][0]}</arg>
<arg>${key}</arg>
<doc>Fails if ``key`` is not found from ``dictionary``.</doc>
<status status="PASS" start="2024-07-06T18:18:29.704210" elapsed="0.000413"/>
</kw>
<kw name="Log" owner="BuiltIn">
<msg time="2024-07-06T18:18:29.705163" level="INFO">{'gender': 'male', 'name': {'title': 'Mr', 'first': 'Nilesh', 'last': 'Dannenberg'}, 'location': {'street': {'number': 1495, 'name': 'Eeuwselstraat'}, 'city': 'De Veenhoop', 'state': 'Friesland', 'country': 'Netherlands', 'postcode': '7338 AH', 'coordinates': {'latitude': '31.1367', 'longitude': '-5.0657'}, 'timezone': {'offset': '-9:00', 'description': 'Alaska'}}, 'email': 'nilesh.dannenberg@example.com', 'login': {'uuid': 'a2127234-dd56-47a9-b43d-5914abffd251', 'username': 'bluesnake424', 'password': 'driven', 'salt': 'ZYwACPLC', 'md5': '6c793aa11eb9f0ede0d4c7f4632b87bf', 'sha1': '78cb11418d9edb0c7720f6a758112aac9f65e458', 'sha256': 'c7cb321781d903ff9065f393e1b7da3c3140e2939e7e41e751ba2ad6a06d5c63'}, 'dob': {'date': '1977-08-03T14:28:32.580Z', 'age': 46}, 'registered': {'date': '2003-12-03T00:51:37.850Z', 'age': 20}, 'phone': '(067) 9981319', 'cell': '(06) 96193942', 'id': {'name': 'BSN', 'value': '08805080'}, 'picture': {'large': 'https://randomuser.me/api/portraits/men/28.jpg', 'medium': 'https://randomuser.me/api/portraits/med/men/28.jpg', 'thumbnail': 'https://randomuser.me/api/portraits/thumb/men/28.jpg'}, 'nat': 'NL'}</msg>
<arg>${json_data['results'][0]}</arg>
<doc>Logs the given message with the given level.</doc>
<status status="PASS" start="2024-07-06T18:18:29.704809" elapsed="0.000403"/>
</kw>
<kw name="Log" owner="BuiltIn">
<msg time="2024-07-06T18:18:29.705637" level="INFO">location</msg>
<arg>${key}</arg>
<doc>Logs the given message with the given level.</doc>
<status status="PASS" start="2024-07-06T18:18:29.705509" elapsed="0.000167"/>
</kw>
<var name="${key}">location</var>
<status status="PASS" start="2024-07-06T18:18:29.704100" elapsed="0.001790"/>
</iter>
<iter>
<kw name="Dictionary Should Contain Key" owner="Collections">
<arg>${json_data['results'][0]}</arg>
<arg>${key}</arg>
<doc>Fails if ``key`` is not found from ``dictionary``.</doc>
<status status="PASS" start="2024-07-06T18:18:29.706177" elapsed="0.000397"/>
</kw>
<kw name="Log" owner="BuiltIn">
<msg time="2024-07-06T18:18:29.707106" level="INFO">{'gender': 'male', 'name': {'title': 'Mr', 'first': 'Nilesh', 'last': 'Dannenberg'}, 'location': {'street': {'number': 1495, 'name': 'Eeuwselstraat'}, 'city': 'De Veenhoop', 'state': 'Friesland', 'country': 'Netherlands', 'postcode': '7338 AH', 'coordinates': {'latitude': '31.1367', 'longitude': '-5.0657'}, 'timezone': {'offset': '-9:00', 'description': 'Alaska'}}, 'email': 'nilesh.dannenberg@example.com', 'login': {'uuid': 'a2127234-dd56-47a9-b43d-5914abffd251', 'username': 'bluesnake424', 'password': 'driven', 'salt': 'ZYwACPLC', 'md5': '6c793aa11eb9f0ede0d4c7f4632b87bf', 'sha1': '78cb11418d9edb0c7720f6a758112aac9f65e458', 'sha256': 'c7cb321781d903ff9065f393e1b7da3c3140e2939e7e41e751ba2ad6a06d5c63'}, 'dob': {'date': '1977-08-03T14:28:32.580Z', 'age': 46}, 'registered': {'date': '2003-12-03T00:51:37.850Z', 'age': 20}, 'phone': '(067) 9981319', 'cell': '(06) 96193942', 'id': {'name': 'BSN', 'value': '08805080'}, 'picture': {'large': 'https://randomuser.me/api/portraits/men/28.jpg', 'medium': 'https://randomuser.me/api/portraits/med/men/28.jpg', 'thumbnail': 'https://randomuser.me/api/portraits/thumb/men/28.jpg'}, 'nat': 'NL'}</msg>
<arg>${json_data['results'][0]}</arg>
<doc>Logs the given message with the given level.</doc>
<status status="PASS" start="2024-07-06T18:18:29.706757" elapsed="0.000398"/>
</kw>
<kw name="Log" owner="BuiltIn">
<msg time="2024-07-06T18:18:29.707574" level="INFO">email</msg>
<arg>${key}</arg>
<doc>Logs the given message with the given level.</doc>
<status status="PASS" start="2024-07-06T18:18:29.707448" elapsed="0.000165"/>
</kw>
<var name="${key}">email</var>
<status status="PASS" start="2024-07-06T18:18:29.706069" elapsed="0.001761"/>
</iter>
<iter>
<kw name="Dictionary Should Contain Key" owner="Collections">
<arg>${json_data['results'][0]}</arg>
<arg>${key}</arg>
<doc>Fails if ``key`` is not found from ``dictionary``.</doc>
<status status="PASS" start="2024-07-06T18:18:29.708120" elapsed="0.000396"/>
</kw>
<kw name="Log" owner="BuiltIn">
<msg time="2024-07-06T18:18:29.709101" level="INFO">{'gender': 'male', 'name': {'title': 'Mr', 'first': 'Nilesh', 'last': 'Dannenberg'}, 'location': {'street': {'number': 1495, 'name': 'Eeuwselstraat'}, 'city': 'De Veenhoop', 'state': 'Friesland', 'country': 'Netherlands', 'postcode': '7338 AH', 'coordinates': {'latitude': '31.1367', 'longitude': '-5.0657'}, 'timezone': {'offset': '-9:00', 'description': 'Alaska'}}, 'email': 'nilesh.dannenberg@example.com', 'login': {'uuid': 'a2127234-dd56-47a9-b43d-5914abffd251', 'username': 'bluesnake424', 'password': 'driven', 'salt': 'ZYwACPLC', 'md5': '6c793aa11eb9f0ede0d4c7f4632b87bf', 'sha1': '78cb11418d9edb0c7720f6a758112aac9f65e458', 'sha256': 'c7cb321781d903ff9065f393e1b7da3c3140e2939e7e41e751ba2ad6a06d5c63'}, 'dob': {'date': '1977-08-03T14:28:32.580Z', 'age': 46}, 'registered': {'date': '2003-12-03T00:51:37.850Z', 'age': 20}, 'phone': '(067) 9981319', 'cell': '(06) 96193942', 'id': {'name': 'BSN', 'value': '08805080'}, 'picture': {'large': 'https://randomuser.me/api/portraits/men/28.jpg', 'medium': 'https://randomuser.me/api/portraits/med/men/28.jpg', 'thumbnail': 'https://randomuser.me/api/portraits/thumb/men/28.jpg'}, 'nat': 'NL'}</msg>
<arg>${json_data['results'][0]}</arg>
<doc>Logs the given message with the given level.</doc>
<status status="PASS" start="2024-07-06T18:18:29.708740" elapsed="0.000411"/>
</kw>
<kw name="Log" owner="BuiltIn">
<msg time="2024-07-06T18:18:29.709573" level="INFO">login</msg>
<arg>${key}</arg>
<doc>Logs the given message with the given level.</doc>
<status status="PASS" start="2024-07-06T18:18:29.709445" elapsed="0.000167"/>
</kw>
<var name="${key}">login</var>
<status status="PASS" start="2024-07-06T18:18:29.708005" elapsed="0.001822"/>
</iter>
<var>${key}</var>
<value>@{expected_keys}</value>
<status status="PASS" start="2024-07-06T18:18:29.699809" elapsed="0.010143"/>
</for>
<kw name="Create List" owner="BuiltIn">
<msg time="2024-07-06T18:18:29.710295" level="INFO">${expected_keysTwo} = ['username', 'password']</msg>
<var>${expected_keysTwo}</var>
<arg>username</arg>
<arg>password</arg>
<doc>Returns a list containing given items.</doc>
<status status="PASS" start="2024-07-06T18:18:29.710146" elapsed="0.000173"/>
</kw>
<for flavor="IN">
<iter>
<kw name="Dictionary Should Contain Key" owner="Collections">
<arg>${json_data['results'][0]['login']}</arg>
<arg>${keyTwo}</arg>
<doc>Fails if ``key`` is not found from ``dictionary``.</doc>
<status status="PASS" start="2024-07-06T18:18:29.710856" elapsed="0.000387"/>
</kw>
<kw name="Dictionary Should Contain Key" owner="Collections">
<arg>${json_data['results'][0]['login']}</arg>
<arg>${keyTwo}</arg>
<doc>Fails if ``key`` is not found from ``dictionary``.</doc>
<status status="PASS" start="2024-07-06T18:18:29.711423" elapsed="0.000376"/>
</kw>
<kw name="Log" owner="BuiltIn">
<msg time="2024-07-06T18:18:29.712104" level="INFO">username</msg>
<arg>${keyTwo}</arg>
<doc>Logs the given message with the given level.</doc>
<status status="PASS" start="2024-07-06T18:18:29.711983" elapsed="0.000159"/>
</kw>
<var name="${keyTwo}">username</var>
<status status="PASS" start="2024-07-06T18:18:29.710740" elapsed="0.001627"/>
</iter>
<iter>
<kw name="Dictionary Should Contain Key" owner="Collections">
<arg>${json_data['results'][0]['login']}</arg>
<arg>${keyTwo}</arg>
<doc>Fails if ``key`` is not found from ``dictionary``.</doc>
<status status="PASS" start="2024-07-06T18:18:29.712689" elapsed="0.000388"/>
</kw>
<kw name="Dictionary Should Contain Key" owner="Collections">
<arg>${json_data['results'][0]['login']}</arg>
<arg>${keyTwo}</arg>
<doc>Fails if ``key`` is not found from ``dictionary``.</doc>
<status status="PASS" start="2024-07-06T18:18:29.713261" elapsed="0.000370"/>
</kw>
<kw name="Log" owner="BuiltIn">
<msg time="2024-07-06T18:18:29.713931" level="INFO">password</msg>
<arg>${keyTwo}</arg>
<doc>Logs the given message with the given level.</doc>
<status status="PASS" start="2024-07-06T18:18:29.713812" elapsed="0.000162"/>
</kw>
<var name="${keyTwo}">password</var>
<status status="PASS" start="2024-07-06T18:18:29.712574" elapsed="0.001717"/>
</iter>
<var>${keyTwo}</var>
<value>@{expected_keysTwo}</value>
<status status="PASS" start="2024-07-06T18:18:29.710584" elapsed="0.003830"/>
</for>
<status status="PASS" start="2024-07-06T18:18:29.598536" elapsed="0.116021"/>
</kw>
<doc>Testa a estrutura da resposta da API.</doc>
<tag>testeEstruturaResposta</tag>
<status status="PASS" start="2024-07-06T18:18:29.597940" elapsed="0.116768"/>
</test>
<test id="s1-s1-t4" name="Validar tipos de dados" line="28">
<kw name="Teste de Tipos de Dados" owner="random-user-service">
<kw name="GET On Session" owner="RequestsLibrary">
<msg time="2024-07-06T18:18:29.809229" level="INFO">GET Request : url=https://randomuser.me/api 
 path_url=/api 
 headers={'User-Agent': 'python-requests/2.32.3', 'Accept-Encoding': 'gzip, deflate', 'Accept': '*/*', 'Connection': 'keep-alive'} 
 body=None 
 </msg>
<msg time="2024-07-06T18:18:29.809317" level="INFO">GET Response : url=https://randomuser.me/api 
 status=200, reason=OK 
 headers={'Date': 'Sat, 06 Jul 2024 18:18:29 GMT', 'Content-Type': 'application/json; charset=utf-8', 'Transfer-Encoding': 'chunked', 'Connection': 'keep-alive', 'X-Powered-By': 'Express', 'Access-Control-Allow-Origin': '*', 'Cache-Control': 'no-cache', 'ETag': 'W/"488-IbJDaHYqhEI9wztWpmMyZAnKN2U"', 'Vary': 'Accept-Encoding', 'Content-Encoding': 'gzip', 'CF-Cache-Status': 'DYNAMIC', 'Report-To': '{"endpoints":[{"url":"https:\\/\\/a.nel.cloudflare.com\\/report\\/v4?s=9Cwju1m3s87%2Bm38fVSnm3xkrPz%2BFZULF7iJDosQHBEvW1sI5%2F20SYjAziGjms0fAms3qYlBoDbM911iOMj2tSVrQVMs7x9IofroGLS4XuGrIUMDskyzQkR13y93ZbSrh"}],"group":"cf-nel","max_age":604800}', 'NEL': '{"success_fraction":0,"report_to":"cf-nel","max_age":604800}', 'Server': 'cloudflare', 'CF-RAY': '89f198ffbf8d942c-SJC', 'alt-svc': 'h3=":443"; ma=86400'} 
 body={"results":[{"gender":"male","name":{"title":"Mr","first":"Syed","last":"Sjøblom"},"location":{"street":{"number":9059,"name":"Linjeveien"},"city":"Figgjo","state":"Møre og Romsdal","country":"Norway","postcode":"7211","coordinates":{"latitude":"46.8406","longitude":"-26.5133"},"timezone":{"offset":"+10:00","description":"Eastern Australia, Guam, Vladivostok"}},"email":"syed.sjoblom@example.com","login":{"uuid":"dbfe8260-8042-4e64-9894-e92727ede20f","username":"organicfish887","password":"letsgo","salt":"Fdsi3Arw","md5":"56699da46efa65d19eb6393f665781ac","sha1":"4b771a6ce51c6b64aa3824e8f5b0965c24f944c2","sha256":"f5645b84df28f7c49ac572a0be6d8fd527acb4704f94045b8b26a54f2939b7f6"},"dob":{"date":"1976-12-14T03:31:08.516Z","age":47},"registered":{"date":"2005-07-09T11:50:48.400Z","age":18},"phone":"24989109","cell":"41731549","id":{"name":"FN","value":"14127604747"},"picture":{"large":"https://randomuser.me/api/portraits/men/47.jpg","medium":"https://randomuser.me/api/portraits/med/men/47.jpg","thumbnail":"https://randomuser.me/api/portraits/thumb/men/47.jpg"},"nat":"NO"}],"info":{"seed":"bcbc4943143cde76","results":1,"page":1,"version":"1.4"}} 
 </msg>
<msg time="2024-07-06T18:18:29.809397" level="INFO">/opt/hostedtoolcache/Python/3.12.4/x64/lib/python3.12/site-packages/urllib3/connectionpool.py:1099: InsecureRequestWarning: Unverified HTTPS request is being made to host 'randomuser.me'. Adding certificate verification is strongly advised. See: https://urllib3.readthedocs.io/en/latest/advanced-usage.html#tls-warnings
  warnings.warn(</msg>
<msg time="2024-07-06T18:18:29.809486" level="INFO">${response} = &lt;Response [200]&gt;</msg>
<var>${response}</var>
<arg>consultarAPI</arg>
<arg>/api</arg>
<doc>Sends a GET request on a previously created HTTP Session.</doc>
<status status="PASS" start="2024-07-06T18:18:29.717196" elapsed="0.092317"/>
</kw>
<kw name="Set Variable" owner="BuiltIn">
<msg time="2024-07-06T18:18:29.810377" level="INFO">${json_data} = {'results': [{'gender': 'male', 'name': {'title': 'Mr', 'first': 'Syed', 'last': 'Sjøblom'}, 'location': {'street': {'number': 9059, 'name': 'Linjeveien'}, 'city': 'Figgjo', 'state': 'Møre og Romsdal'...</msg>
<var>${json_data}</var>
<arg>${response.json()}</arg>
<doc>Returns the given values which can then be assigned to a variables.</doc>
<status status="PASS" start="2024-07-06T18:18:29.809907" elapsed="0.000500"/>
</kw>
<kw name="Log" owner="BuiltIn">
<msg time="2024-07-06T18:18:29.810887" level="INFO">{'results': [{'gender': 'male', 'name': {'title': 'Mr', 'first': 'Syed', 'last': 'Sjøblom'}, 'location': {'street': {'number': 9059, 'name': 'Linjeveien'}, 'city': 'Figgjo', 'state': 'Møre og Romsdal', 'country': 'Norway', 'postcode': '7211', 'coordinates': {'latitude': '46.8406', 'longitude': '-26.5133'}, 'timezone': {'offset': '+10:00', 'description': 'Eastern Australia, Guam, Vladivostok'}}, 'email': 'syed.sjoblom@example.com', 'login': {'uuid': 'dbfe8260-8042-4e64-9894-e92727ede20f', 'username': 'organicfish887', 'password': 'letsgo', 'salt': 'Fdsi3Arw', 'md5': '56699da46efa65d19eb6393f665781ac', 'sha1': '4b771a6ce51c6b64aa3824e8f5b0965c24f944c2', 'sha256': 'f5645b84df28f7c49ac572a0be6d8fd527acb4704f94045b8b26a54f2939b7f6'}, 'dob': {'date': '1976-12-14T03:31:08.516Z', 'age': 47}, 'registered': {'date': '2005-07-09T11:50:48.400Z', 'age': 18}, 'phone': '24989109', 'cell': '41731549', 'id': {'name': 'FN', 'value': '14127604747'}, 'picture': {'large': 'https://randomuser.me/api/portraits/men/47.jpg', 'medium': 'https://randomuser.me/api/portraits/med/men/47.jpg', 'thumbnail': 'https://randomuser.me/api/portraits/thumb/men/47.jpg'}, 'nat': 'NO'}], 'info': {'seed': 'bcbc4943143cde76', 'results': 1, 'page': 1, 'version': '1.4'}}</msg>
<arg>${json_data}</arg>
<doc>Logs the given message with the given level.</doc>
<status status="PASS" start="2024-07-06T18:18:29.810728" elapsed="0.000207"/>
</kw>
<kw name="Should Be String" owner="String">
<arg>${json_data['results'][0]['gender']}</arg>
<doc>Fails if the given ``item`` is not a string.</doc>
<status status="PASS" start="2024-07-06T18:18:29.811225" elapsed="0.000365"/>
</kw>
<kw name="Should Match Regexp" owner="BuiltIn">
<arg>${json_data['results'][0]['email']}</arg>
<arg>^[a-zA-Z0-9._%+-]+@[a-zA-Z0-9.-]+\.[a-zA-Z]{2,}$</arg>
<doc>Fails if ``string`` does not match ``pattern`` as a regular expression.</doc>
<status status="PASS" start="2024-07-06T18:18:29.811785" elapsed="0.000528"/>
</kw>
<kw name="Should Match Regexp" owner="BuiltIn">
<arg>${json_data['results'][0]['dob']['date']}</arg>
<arg>\\d{4}-\\d{2}-\\d{2}T\\d{2}:\\d{2}:\\d{2}\\.\\d{3}Z</arg>
<doc>Fails if ``string`` does not match ``pattern`` as a regular expression.</doc>
<status status="PASS" start="2024-07-06T18:18:29.812577" elapsed="0.000506"/>
</kw>
<kw name="Should Match Regexp" owner="BuiltIn">
<arg>${json_data['results'][0]['registered']['date']}</arg>
<arg>\\d{4}-\\d{2}-\\d{2}T\\d{2}:\\d{2}:\\d{2}\\.\\d{3}Z</arg>
<doc>Fails if ``string`` does not match ``pattern`` as a regular expression.</doc>
<status status="PASS" start="2024-07-06T18:18:29.813278" elapsed="0.000373"/>
</kw>
<kw name="Should Match Regexp" owner="BuiltIn">
<arg>${json_data['results'][0]['picture']['large']}</arg>
<arg>^https?://.*\.(?:png|jpe?g|gif|bmp)$</arg>
<doc>Fails if ``string`` does not match ``pattern`` as a regular expression.</doc>
<status status="PASS" start="2024-07-06T18:18:29.813837" elapsed="0.000456"/>
</kw>
<kw name="Should Match Regexp" owner="BuiltIn">
<arg>${json_data['results'][0]['picture']['medium']}</arg>
<arg>^https?://.*\.(?:png|jpe?g|gif|bmp)$</arg>
<doc>Fails if ``string`` does not match ``pattern`` as a regular expression.</doc>
<status status="PASS" start="2024-07-06T18:18:29.814480" elapsed="0.000350"/>
</kw>
<kw name="Should Match Regexp" owner="BuiltIn">
<arg>${json_data['results'][0]['picture']['thumbnail']}</arg>
<arg>^https?://.*\.(?:png|jpe?g|gif|bmp)$</arg>
<doc>Fails if ``string`` does not match ``pattern`` as a regular expression.</doc>
<status status="PASS" start="2024-07-06T18:18:29.815014" elapsed="0.000361"/>
</kw>
<kw name="Log" owner="BuiltIn">
<msg time="2024-07-06T18:18:29.815886" level="INFO">{'large': 'https://randomuser.me/api/portraits/men/47.jpg', 'medium': 'https://randomuser.me/api/portraits/med/men/47.jpg', 'thumbnail': 'https://randomuser.me/api/portraits/thumb/men/47.jpg'}</msg>
<arg>${json_data['results'][0]['picture']}</arg>
<doc>Logs the given message with the given level.</doc>
<status status="PASS" start="2024-07-06T18:18:29.815555" elapsed="0.000374"/>
</kw>
<status status="PASS" start="2024-07-06T18:18:29.716973" elapsed="0.099227"/>
</kw>
<kw name="Teste de Tipos de Dados - Postcode" owner="random-user-service">
<kw name="GET On Session" owner="RequestsLibrary">
<msg time="2024-07-06T18:18:29.911461" level="INFO">GET Request : url=https://randomuser.me/api 
 path_url=/api 
 headers={'User-Agent': 'python-requests/2.32.3', 'Accept-Encoding': 'gzip, deflate', 'Accept': '*/*', 'Connection': 'keep-alive'} 
 body=None 
 </msg>
<msg time="2024-07-06T18:18:29.911567" level="INFO">GET Response : url=https://randomuser.me/api 
 status=200, reason=OK 
 headers={'Date': 'Sat, 06 Jul 2024 18:18:29 GMT', 'Content-Type': 'application/json; charset=utf-8', 'Transfer-Encoding': 'chunked', 'Connection': 'keep-alive', 'X-Powered-By': 'Express', 'Access-Control-Allow-Origin': '*', 'Cache-Control': 'no-cache', 'ETag': 'W/"494-rrCfHeucngaZBrU03ClDniEc7Z0"', 'Vary': 'Accept-Encoding', 'Content-Encoding': 'gzip', 'CF-Cache-Status': 'DYNAMIC', 'Report-To': '{"endpoints":[{"url":"https:\\/\\/a.nel.cloudflare.com\\/report\\/v4?s=0ch74ruQZjylUZbv2I1Ol4yr10x7cg2XeTJ8z%2Fd5MScyANVl2AEuVqofYX3k7PSBqEI33Bw2GX8fdAewhDrX84%2FNoW%2BXqhZU%2BEiQN6OG0HJDYgtPTpF%2B9UVWJG7SyEOQ"}],"group":"cf-nel","max_age":604800}', 'NEL': '{"success_fraction":0,"report_to":"cf-nel","max_age":604800}', 'Server': 'cloudflare', 'CF-RAY': '89f199005817942c-SJC', 'alt-svc': 'h3=":443"; ma=86400'} 
 body={"results":[{"gender":"female","name":{"title":"Mademoiselle","first":"Marlies","last":"Bernard"},"location":{"street":{"number":6446,"name":"Avenue des Ternes"},"city":"Grandfontaine","state":"Ticino","country":"Switzerland","postcode":9837,"coordinates":{"latitude":"-62.7597","longitude":"69.2373"},"timezone":{"offset":"+4:30","description":"Kabul"}},"email":"marlies.bernard@example.com","login":{"uuid":"a09aa05c-3f25-4359-bf36-c400f7f84d29","username":"happyrabbit377","password":"chui","salt":"0ivnwL87","md5":"4f2bcc5ef8d6b5c6996bcd161aef6257","sha1":"3ce0da80c9884c860ea711ea59fee0a74883a254","sha256":"ed7965aa95ef82a666d2bc170fd2012538e54758cb0a1504dcd89eb6cf84f756"},"dob":{"date":"1945-03-02T12:47:46.927Z","age":79},"registered":{"date":"2003-04-01T21:39:27.956Z","age":21},"phone":"077 281 54 21","cell":"078 958 54 53","id":{"name":"AVS","value":"756.9687.7746.72"},"picture":{"large":"https://randomuser.me/api/portraits/women/92.jpg","medium":"https://randomuser.me/api/portraits/med/women/92.jpg","thumbnail":"https://randomuser.me/api/portraits/thumb/women/92.jpg"},"nat":"CH"}],"info":{"seed":"30180b9f1078fe44","results":1,"page":1,"version":"1.4"}} 
 </msg>
<msg time="2024-07-06T18:18:29.911667" level="INFO">/opt/hostedtoolcache/Python/3.12.4/x64/lib/python3.12/site-packages/urllib3/connectionpool.py:1099: InsecureRequestWarning: Unverified HTTPS request is being made to host 'randomuser.me'. Adding certificate verification is strongly advised. See: https://urllib3.readthedocs.io/en/latest/advanced-usage.html#tls-warnings
  warnings.warn(</msg>
<msg time="2024-07-06T18:18:29.911810" level="INFO">${response} = &lt;Response [200]&gt;</msg>
<var>${response}</var>
<arg>consultarAPI</arg>
<arg>/api</arg>
<doc>Sends a GET request on a previously created HTTP Session.</doc>
<status status="PASS" start="2024-07-06T18:18:29.816672" elapsed="0.095181"/>
</kw>
<kw name="Set Variable" owner="BuiltIn">
<msg time="2024-07-06T18:18:29.912821" level="INFO">${json_data} = {'results': [{'gender': 'female', 'name': {'title': 'Mademoiselle', 'first': 'Marlies', 'last': 'Bernard'}, 'location': {'street': {'number': 6446, 'name': 'Avenue des Ternes'}, 'city': 'Grandfontaine...</msg>
<var>${json_data}</var>
<arg>${response.json()}</arg>
<doc>Returns the given values which can then be assigned to a variables.</doc>
<status status="PASS" start="2024-07-06T18:18:29.912317" elapsed="0.000533"/>
</kw>
<kw name="Log" owner="BuiltIn">
<msg time="2024-07-06T18:18:29.913321" level="INFO">{'results': [{'gender': 'female', 'name': {'title': 'Mademoiselle', 'first': 'Marlies', 'last': 'Bernard'}, 'location': {'street': {'number': 6446, 'name': 'Avenue des Ternes'}, 'city': 'Grandfontaine', 'state': 'Ticino', 'country': 'Switzerland', 'postcode': 9837, 'coordinates': {'latitude': '-62.7597', 'longitude': '69.2373'}, 'timezone': {'offset': '+4:30', 'description': 'Kabul'}}, 'email': 'marlies.bernard@example.com', 'login': {'uuid': 'a09aa05c-3f25-4359-bf36-c400f7f84d29', 'username': 'happyrabbit377', 'password': 'chui', 'salt': '0ivnwL87', 'md5': '4f2bcc5ef8d6b5c6996bcd161aef6257', 'sha1': '3ce0da80c9884c860ea711ea59fee0a74883a254', 'sha256': 'ed7965aa95ef82a666d2bc170fd2012538e54758cb0a1504dcd89eb6cf84f756'}, 'dob': {'date': '1945-03-02T12:47:46.927Z', 'age': 79}, 'registered': {'date': '2003-04-01T21:39:27.956Z', 'age': 21}, 'phone': '077 281 54 21', 'cell': '078 958 54 53', 'id': {'name': 'AVS', 'value': '756.9687.7746.72'}, 'picture': {'large': 'https://randomuser.me/api/portraits/women/92.jpg', 'medium': 'https://randomuser.me/api/portraits/med/women/92.jpg', 'thumbnail': 'https://randomuser.me/api/portraits/thumb/women/92.jpg'}, 'nat': 'CH'}], 'info': {'seed': '30180b9f1078fe44', 'results': 1, 'page': 1, 'version': '1.4'}}</msg>
<arg>${json_data}</arg>
<doc>Logs the given message with the given level.</doc>
<status status="PASS" start="2024-07-06T18:18:29.913168" elapsed="0.000200"/>
</kw>
<kw name="Should Be Equal As Numbers" owner="BuiltIn">
<arg>${json_data['results'][0]['location']['postcode']}</arg>
<arg>${json_data['results'][0]['location']['postcode']}</arg>
<doc>Fails if objects are unequal after converting them to real numbers.</doc>
<status status="PASS" start="2024-07-06T18:18:29.913670" elapsed="0.000644"/>
</kw>
<kw name="Log" owner="BuiltIn">
<msg time="2024-07-06T18:18:29.914981" level="INFO">9837</msg>
<arg>${json_data['results'][0]['location']['postcode']}</arg>
<doc>Logs the given message with the given level.</doc>
<status status="PASS" start="2024-07-06T18:18:29.914508" elapsed="0.000515"/>
</kw>
<status status="PASS" start="2024-07-06T18:18:29.816417" elapsed="0.098894"/>
</kw>
<doc>Testa se os tipos de dados na resposta da API estão corretos.</doc>
<tag>testeTiposDados</tag>
<status status="PASS" start="2024-07-06T18:18:29.716483" elapsed="0.198997"/>
</test>
<test id="s1-s1-t5" name="Validar conteudo" line="35">
<kw name="Teste de Tipos de Conteudo" owner="random-user-service">
<kw name="GET On Session" owner="RequestsLibrary">
<msg time="2024-07-06T18:18:30.011552" level="INFO">GET Request : url=https://randomuser.me/api 
 path_url=/api 
 headers={'User-Agent': 'python-requests/2.32.3', 'Accept-Encoding': 'gzip, deflate', 'Accept': '*/*', 'Connection': 'keep-alive'} 
 body=None 
 </msg>
<msg time="2024-07-06T18:18:30.011642" level="INFO">GET Response : url=https://randomuser.me/api 
 status=200, reason=OK 
 headers={'Date': 'Sat, 06 Jul 2024 18:18:30 GMT', 'Content-Type': 'application/json; charset=utf-8', 'Transfer-Encoding': 'chunked', 'Connection': 'keep-alive', 'X-Powered-By': 'Express', 'Access-Control-Allow-Origin': '*', 'Cache-Control': 'no-cache', 'ETag': 'W/"4a8-06kicyDEyIEQA9EtA3XP/GWPXr8"', 'Vary': 'Accept-Encoding', 'Content-Encoding': 'gzip', 'CF-Cache-Status': 'DYNAMIC', 'Report-To': '{"endpoints":[{"url":"https:\\/\\/a.nel.cloudflare.com\\/report\\/v4?s=VcMQE5mZo%2FdrtPld1gfokbsoo14wGmfbeA5y7ht%2Bvj%2Bb4zYfBOvq6tDBTDxUTOkyR%2FNVwX49bTYVq43%2FxKgWyYoOn%2FiayipFVqpWL2hF%2FdLr25MHUuN%2F0Re2TAx4b8Aq"}],"group":"cf-nel","max_age":604800}', 'NEL': '{"success_fraction":0,"report_to":"cf-nel","max_age":604800}', 'Server': 'cloudflare', 'CF-RAY': '89f199010864942c-SJC', 'alt-svc': 'h3=":443"; ma=86400'} 
 body={"results":[{"gender":"male","name":{"title":"Mr","first":"Nazario","last":"Blanco"},"location":{"street":{"number":1115,"name":"Diagonal Albania"},"city":"Mismaloya","state":"Nuevo Leon","country":"Mexico","postcode":74861,"coordinates":{"latitude":"26.0625","longitude":"-28.6920"},"timezone":{"offset":"0:00","description":"Western Europe Time, London, Lisbon, Casablanca"}},"email":"nazario.blanco@example.com","login":{"uuid":"b171889b-f62c-4598-9b5c-3ecffe85b583","username":"greenrabbit307","password":"porsche1","salt":"8ykXwMGh","md5":"40dc3eb448fad59aeb87bb866140d2ff","sha1":"86eefa193415f7147e0d2765786d7bc0b5b1580d","sha256":"a57d39f340886d30005c432b28c5131dcdf4121a97d5631eb8324f93bb0ccc10"},"dob":{"date":"1996-05-06T15:00:55.358Z","age":28},"registered":{"date":"2017-11-17T09:29:11.024Z","age":6},"phone":"(699) 537 3517","cell":"(602) 725 7601","id":{"name":"NSS","value":"85 77 97 8343 5"},"picture":{"large":"https://randomuser.me/api/portraits/men/99.jpg","medium":"https://randomuser.me/api/portraits/med/men/99.jpg","thumbnail":"https://randomuser.me/api/portraits/thumb/men/99.jpg"},"nat":"MX"}],"info":{"seed":"9d88c3bfd7577a76","results":1,"page":1,"version":"1.4"}} 
 </msg>
<msg time="2024-07-06T18:18:30.011722" level="INFO">/opt/hostedtoolcache/Python/3.12.4/x64/lib/python3.12/site-packages/urllib3/connectionpool.py:1099: InsecureRequestWarning: Unverified HTTPS request is being made to host 'randomuser.me'. Adding certificate verification is strongly advised. See: https://urllib3.readthedocs.io/en/latest/advanced-usage.html#tls-warnings
  warnings.warn(</msg>
<msg time="2024-07-06T18:18:30.011823" level="INFO">${response} = &lt;Response [200]&gt;</msg>
<var>${response}</var>
<arg>consultarAPI</arg>
<arg>/api</arg>
<doc>Sends a GET request on a previously created HTTP Session.</doc>
<status status="PASS" start="2024-07-06T18:18:29.918323" elapsed="0.093531"/>
</kw>
<kw name="Set Variable" owner="BuiltIn">
<msg time="2024-07-06T18:18:30.012784" level="INFO">${json_data} = {'results': [{'gender': 'male', 'name': {'title': 'Mr', 'first': 'Nazario', 'last': 'Blanco'}, 'location': {'street': {'number': 1115, 'name': 'Diagonal Albania'}, 'city': 'Mismaloya', 'state': 'Nuevo...</msg>
<var>${json_data}</var>
<arg>${response.json()}</arg>
<doc>Returns the given values which can then be assigned to a variables.</doc>
<status status="PASS" start="2024-07-06T18:18:30.012263" elapsed="0.000553"/>
</kw>
<kw name="Set Variable" owner="BuiltIn">
<msg time="2024-07-06T18:18:30.013518" level="INFO">${name_title} = Mr</msg>
<var>${name_title}</var>
<arg>${json_data["results"][0]["name"]["title"]}</arg>
<doc>Returns the given values which can then be assigned to a variables.</doc>
<status status="PASS" start="2024-07-06T18:18:30.013132" elapsed="0.000412"/>
</kw>
<kw name="Create List" owner="BuiltIn">
<msg time="2024-07-06T18:18:30.014001" level="INFO">${allowed_titles} = ['Mr', 'Ms', 'Miss', 'Mrs', 'Madame', 'Monsieur']</msg>
<var>${allowed_titles}</var>
<arg>Mr</arg>
<arg>Ms</arg>
<arg>Miss</arg>
<arg>Mrs</arg>
<arg>Madame</arg>
<arg>Monsieur</arg>
<doc>Returns a list containing given items.</doc>
<status status="PASS" start="2024-07-06T18:18:30.013847" elapsed="0.000180"/>
</kw>
<kw name="List Should Contain Value" owner="Collections">
<arg>${allowed_titles}</arg>
<arg>${name_title}</arg>
<doc>Fails if the ``value`` is not found from ``list``.</doc>
<status status="PASS" start="2024-07-06T18:18:30.014347" elapsed="0.000189"/>
</kw>
<kw name="Set Variable" owner="BuiltIn">
<msg time="2024-07-06T18:18:30.015112" level="INFO">${name_country} = MX</msg>
<var>${name_country}</var>
<arg>${json_data["results"][0]["nat"]}</arg>
<doc>Returns the given values which can then be assigned to a variables.</doc>
<status status="PASS" start="2024-07-06T18:18:30.014732" elapsed="0.000405"/>
</kw>
<kw name="Create List" owner="BuiltIn">
<msg time="2024-07-06T18:18:30.016020" level="INFO">${list_country} = ['AD', 'AE', 'AF', 'AG', 'AI', 'AL', 'AM', 'AO', 'AQ', 'AR', 'AS', 'AT', 'AU', 'AW', 'AX', 'AZ', 'BA', 'BB', 'BD', 'BE', 'BF', 'BG', 'BH', 'BI', 'BJ', 'BL', 'BM', 'BN', 'BO', 'BQ', 'BR', 'BS', 'BT', '...</msg>
<var>${list_country}</var>
<arg>AD</arg>
<arg>AE</arg>
<arg>AF</arg>
<arg>AG</arg>
<arg>AI</arg>
<arg>AL</arg>
<arg>AM</arg>
<arg>AO</arg>
<arg>AQ</arg>
<arg>AR</arg>
<arg>AS</arg>
<arg>AT</arg>
<arg>AU</arg>
<arg>AW</arg>
<arg>AX</arg>
<arg>AZ</arg>
<arg>BA</arg>
<arg>BB</arg>
<arg>BD</arg>
<arg>BE</arg>
<arg>BF</arg>
<arg>BG</arg>
<arg>BH</arg>
<arg>BI</arg>
<arg>BJ</arg>
<arg>BL</arg>
<arg>BM</arg>
<arg>BN</arg>
<arg>BO</arg>
<arg>BQ</arg>
<arg>BR</arg>
<arg>BS</arg>
<arg>BT</arg>
<arg>BV</arg>
<arg>BW</arg>
<arg>BY</arg>
<arg>BZ</arg>
<arg>CA</arg>
<arg>CC</arg>
<arg>CD</arg>
<arg>CF</arg>
<arg>CG</arg>
<arg>CH</arg>
<arg>CI</arg>
<arg>CK</arg>
<arg>CL</arg>
<arg>CM</arg>
<arg>CN</arg>
<arg>CO</arg>
<arg>CR</arg>
<arg>CU</arg>
<arg>CV</arg>
<arg>CW</arg>
<arg>CX</arg>
<arg>CY</arg>
<arg>CZ</arg>
<arg>DE</arg>
<arg>DJ</arg>
<arg>DK</arg>
<arg>DM</arg>
<arg>DO</arg>
<arg>DZ</arg>
<arg>EC</arg>
<arg>EE</arg>
<arg>EG</arg>
<arg>EH</arg>
<arg>ER</arg>
<arg>ES</arg>
<arg>ET</arg>
<arg>FI</arg>
<arg>FJ</arg>
<arg>FK</arg>
<arg>FM</arg>
<arg>FO</arg>
<arg>FR</arg>
<arg>GA</arg>
<arg>GB</arg>
<arg>GD</arg>
<arg>GE</arg>
<arg>GF</arg>
<arg>GG</arg>
<arg>GH</arg>
<arg>GI</arg>
<arg>GL</arg>
<arg>GM</arg>
<arg>GN</arg>
<arg>GP</arg>
<arg>GQ</arg>
<arg>GR</arg>
<arg>GS</arg>
<arg>GT</arg>
<arg>GU</arg>
<arg>GW</arg>
<arg>GY</arg>
<arg>HK</arg>
<arg>HM</arg>
<arg>HN</arg>
<arg>HR</arg>
<arg>HT</arg>
<arg>HU</arg>
<arg>ID</arg>
<arg>IE</arg>
<arg>IL</arg>
<arg>IM</arg>
<arg>IN</arg>
<arg>IO</arg>
<arg>IQ</arg>
<arg>IR</arg>
<arg>IS</arg>
<arg>IT</arg>
<arg>JE</arg>
<arg>JM</arg>
<arg>JO</arg>
<arg>JP</arg>
<arg>KE</arg>
<arg>KG</arg>
<arg>KH</arg>
<arg>KI</arg>
<arg>KM</arg>
<arg>KN</arg>
<arg>KP</arg>
<arg>KR</arg>
<arg>KW</arg>
<arg>KY</arg>
<arg>KZ</arg>
<arg>LA</arg>
<arg>LB</arg>
<arg>LC</arg>
<arg>LI</arg>
<arg>LK</arg>
<arg>LR</arg>
<arg>LS</arg>
<arg>LT</arg>
<arg>LU</arg>
<arg>LV</arg>
<arg>LY</arg>
<arg>MA</arg>
<arg>MC</arg>
<arg>MD</arg>
<arg>ME</arg>
<arg>MF</arg>
<arg>MG</arg>
<arg>MH</arg>
<arg>MK</arg>
<arg>ML</arg>
<arg>MM</arg>
<arg>MN</arg>
<arg>MO</arg>
<arg>MP</arg>
<arg>MQ</arg>
<arg>MR</arg>
<arg>MS</arg>
<arg>MT</arg>
<arg>MU</arg>
<arg>MV</arg>
<arg>MW</arg>
<arg>MX</arg>
<arg>MY</arg>
<arg>MZ</arg>
<arg>NA</arg>
<arg>NC</arg>
<arg>NE</arg>
<arg>NF</arg>
<arg>NG</arg>
<arg>NI</arg>
<arg>NL</arg>
<arg>NO</arg>
<arg>NP</arg>
<arg>NR</arg>
<arg>NU</arg>
<arg>NZ</arg>
<arg>OM</arg>
<arg>PA</arg>
<arg>PE</arg>
<arg>PF</arg>
<arg>PG</arg>
<arg>PH</arg>
<arg>PK</arg>
<arg>PL</arg>
<arg>PM</arg>
<arg>PN</arg>
<arg>PR</arg>
<arg>PS</arg>
<arg>PT</arg>
<arg>PW</arg>
<arg>PY</arg>
<arg>QA</arg>
<arg>RE</arg>
<arg>RO</arg>
<arg>RS</arg>
<arg>RU</arg>
<arg>RW</arg>
<arg>SA</arg>
<arg>SB</arg>
<arg>SC</arg>
<arg>SD</arg>
<arg>SE</arg>
<arg>SG</arg>
<arg>SH</arg>
<arg>SI</arg>
<arg>SJ</arg>
<arg>SK</arg>
<arg>SL</arg>
<arg>SM</arg>
<arg>SN</arg>
<arg>SO</arg>
<arg>SR</arg>
<arg>SS</arg>
<arg>ST</arg>
<arg>SV</arg>
<arg>SX</arg>
<arg>SY</arg>
<arg>SZ</arg>
<arg>TC</arg>
<arg>TD</arg>
<arg>TF</arg>
<arg>TG</arg>
<arg>TH</arg>
<arg>TJ</arg>
<arg>TK</arg>
<arg>TL</arg>
<arg>TM</arg>
<arg>TN</arg>
<arg>TO</arg>
<arg>TR</arg>
<arg>TT</arg>
<arg>TV</arg>
<arg>TW</arg>
<arg>TZ</arg>
<arg>UA</arg>
<arg>UG</arg>
<arg>UM</arg>
<arg>US</arg>
<arg>UY</arg>
<arg>UZ</arg>
<arg>VA</arg>
<arg>VC</arg>
<arg>VE</arg>
<arg>VG</arg>
<arg>VI</arg>
<arg>VN</arg>
<arg>VU</arg>
<arg>WF</arg>
<arg>WS</arg>
<arg>XK</arg>
<arg>YE</arg>
<arg>YT</arg>
<arg>ZA</arg>
<arg>ZM</arg>
<arg>ZW</arg>
<doc>Returns a list containing given items.</doc>
<status status="PASS" start="2024-07-06T18:18:30.015430" elapsed="0.000616"/>
</kw>
<kw name="List Should Contain Value" owner="Collections">
<arg>${list_country}</arg>
<arg>${name_country}</arg>
<doc>Fails if the ``value`` is not found from ``list``.</doc>
<status status="PASS" start="2024-07-06T18:18:30.016886" elapsed="0.000208"/>
</kw>
<kw name="Run Keyword If" owner="BuiltIn">
<kw name="Should Be True" owner="BuiltIn">
<arg>${True}</arg>
<doc>Fails if the given condition is not true.</doc>
<status status="PASS" start="2024-07-06T18:18:30.018056" elapsed="0.000145"/>
</kw>
<arg>${json_data["results"][0]["location"]["coordinates"]["latitude"]} &gt;= -90 and ${json_data["results"][0]["location"]["coordinates"]["latitude"]} &lt;= 90</arg>
<arg>Should Be True</arg>
<arg>${True}</arg>
<doc>Runs the given keyword with the given arguments, if ``condition`` is true.</doc>
<status status="PASS" start="2024-07-06T18:18:30.017298" elapsed="0.001029"/>
</kw>
<kw name="Run Keyword If" owner="BuiltIn">
<kw name="Should Be True" owner="BuiltIn">
<arg>${True}</arg>
<doc>Fails if the given condition is not true.</doc>
<status status="PASS" start="2024-07-06T18:18:30.019200" elapsed="0.000241"/>
</kw>
<arg>${json_data["results"][0]["location"]["coordinates"]["longitude"]} &gt;= -180 and ${json_data["results"][0]["location"]["coordinates"]["longitude"]} &lt;= 180</arg>
<arg>Should Be True</arg>
<arg>${True}</arg>
<doc>Runs the given keyword with the given arguments, if ``condition`` is true.</doc>
<status status="PASS" start="2024-07-06T18:18:30.018508" elapsed="0.001063"/>
</kw>
<status status="PASS" start="2024-07-06T18:18:29.917957" elapsed="0.101749"/>
</kw>
<doc>Testa o conteúdo específico dos campos retornados pela API.</doc>
<tag>testeConteudo</tag>
<status status="PASS" start="2024-07-06T18:18:29.917298" elapsed="0.102556"/>
</test>
<status status="PASS" start="2024-07-06T18:18:29.097740" elapsed="0.924121"/>
</suite>
<status status="PASS" start="2024-07-06T18:18:29.083088" elapsed="0.943861"/>
</suite>
<statistics>
<total>
<stat pass="5" fail="0" skip="0">All Tests</stat>
</total>
<tag>
<stat pass="1" fail="0" skip="0">testeConteudo</stat>
<stat pass="1" fail="0" skip="0">testeEstruturaResposta</stat>
<stat pass="1" fail="0" skip="0">testeRequisicaoBasica</stat>
<stat pass="1" fail="0" skip="0">testeTiposDados</stat>
</tag>
<suite>
<stat pass="5" fail="0" skip="0" id="s1" name="Tests">Tests</stat>
<stat pass="5" fail="0" skip="0" id="s1-s1" name="Random-User-Test">Tests.Random-User-Test</stat>
</suite>
</statistics>
<errors>
</errors>
</robot>
