<?xml version="1.0" encoding="UTF-8"?>
<robot generator="Robot 7.0.1 (Python 3.12.3 on linux)" generated="2024-06-12T06:20:29.549517" rpa="false" schemaversion="5">
<suite id="s1" name="Tests" source="/home/runner/work/ApiRandomUser/ApiRandomUser/RamdonUser/tests">
<suite id="s1-s1" name="Random-User-Test" source="/home/runner/work/ApiRandomUser/ApiRandomUser/RamdonUser/tests/random-user-test.robot">
<test id="s1-s1-t1" name="Conectar" line="13">
<kw name="Conectar API" owner="random-user-service">
<kw name="Create Session" owner="RequestsLibrary">
<msg time="2024-06-12T06:20:29.933922" level="INFO">Creating Session using : alias=consultarAPI, url=https://randomuser.me/, headers={},                     cookies={}, auth=None, timeout=None, proxies=None, verify=False,                     debug=0 </msg>
<arg>consultarAPI</arg>
<arg>${URL}</arg>
<doc>Create Session: create a HTTP session to a server</doc>
<status status="PASS" start="2024-06-12T06:20:29.933724" elapsed="0.000368"/>
</kw>
<status status="PASS" start="2024-06-12T06:20:29.932778" elapsed="0.001684"/>
</kw>
<status status="PASS" start="2024-06-12T06:20:29.932231" elapsed="0.002475"/>
</test>
<test id="s1-s1-t2" name="Validar retorno 200 e JSON Válido" line="16">
<kw name="Teste de Requisicao Basica" owner="random-user-service">
<kw name="GET On Session" owner="RequestsLibrary">
<msg time="2024-06-12T06:20:30.349037" level="INFO">GET Request : url=https://randomuser.me/api 
 path_url=/api 
 headers={'User-Agent': 'python-requests/2.32.3', 'Accept-Encoding': 'gzip, deflate', 'Accept': '*/*', 'Connection': 'keep-alive'} 
 body=None 
 </msg>
<msg time="2024-06-12T06:20:30.349222" level="INFO">GET Response : url=https://randomuser.me/api 
 status=200, reason=OK 
 headers={'Date': 'Wed, 12 Jun 2024 06:20:30 GMT', 'Content-Type': 'application/json; charset=utf-8', 'Transfer-Encoding': 'chunked', 'Connection': 'keep-alive', 'X-Powered-By': 'Express', 'Access-Control-Allow-Origin': '*', 'Cache-Control': 'no-cache', 'ETag': 'W/"4a9-SUNxMQrjJ+KCjp4n2egNFzXGgSY"', 'Vary': 'Accept-Encoding', 'Content-Encoding': 'gzip', 'CF-Cache-Status': 'DYNAMIC', 'Report-To': '{"endpoints":[{"url":"https:\\/\\/a.nel.cloudflare.com\\/report\\/v4?s=vjnRcqdpIJsPwvyb083XXKwG2h45oscp8Fp40%2FKgFjslS1oHMU0T%2BkIaT6wcOa0wNG%2BGRGB3nUevQ%2F3n0weiZO686AK1lnDb5mdzeURcIcWaO7waopDfm6RazPTmmCfT"}],"group":"cf-nel","max_age":604800}', 'NEL': '{"success_fraction":0,"report_to":"cf-nel","max_age":604800}', 'Server': 'cloudflare', 'CF-RAY': '8927bc4098d82f20-LAX', 'alt-svc': 'h3=":443"; ma=86400'} 
 body={"results":[{"gender":"male","name":{"title":"Mr","first":"Klaus-Michael","last":"Reiß"},"location":{"street":{"number":2012,"name":"Gartenweg"},"city":"Hagenow","state":"Nordrhein-Westfalen","country":"Germany","postcode":37593,"coordinates":{"latitude":"-47.6296","longitude":"-112.9778"},"timezone":{"offset":"-5:00","description":"Eastern Time (US &amp; Canada), Bogota, Lima"}},"email":"klaus-michael.reiss@example.com","login":{"uuid":"9b335594-334a-4989-a155-676ba7a5a8f6","username":"greenfrog442","password":"aikido","salt":"morQLIL7","md5":"6328e5f337818f7e259dfaca9ab9e0f3","sha1":"0d510a17e2b086b4e5f46ce473cfa8da5d3f6564","sha256":"b3f7a6d62cb75376bd52477ac403af7b4d2224080f9cf5312cf8afdf4dbfcac7"},"dob":{"date":"1971-02-28T07:58:14.667Z","age":53},"registered":{"date":"2010-10-24T22:20:32.305Z","age":13},"phone":"0646-3659468","cell":"0170-5492603","id":{"name":"SVNR","value":"73 280271 R 219"},"picture":{"large":"https://randomuser.me/api/portraits/men/73.jpg","medium":"https://randomuser.me/api/portraits/med/men/73.jpg","thumbnail":"https://randomuser.me/api/portraits/thumb/men/73.jpg"},"nat":"DE"}],"info":{"seed":"b038f510bdbec89c","results":1,"page":1,"version":"1.4"}} 
 </msg>
<msg time="2024-06-12T06:20:30.349347" level="INFO">/opt/hostedtoolcache/Python/3.12.3/x64/lib/python3.12/site-packages/urllib3/connectionpool.py:1103: InsecureRequestWarning: Unverified HTTPS request is being made to host 'randomuser.me'. Adding certificate verification is strongly advised. See: https://urllib3.readthedocs.io/en/latest/advanced-usage.html#tls-warnings
  warnings.warn(</msg>
<msg time="2024-06-12T06:20:30.349645" level="INFO">${response} = &lt;Response [200]&gt;</msg>
<var>${response}</var>
<arg>consultarAPI</arg>
<arg>/api</arg>
<doc>Sends a GET request on a previously created HTTP Session.</doc>
<status status="PASS" start="2024-06-12T06:20:29.937286" elapsed="0.412405"/>
</kw>
<kw name="Should Be Equal As Numbers" owner="BuiltIn">
<msg time="2024-06-12T06:20:30.350972" level="INFO">Argument types are:
&lt;class 'int'&gt;
&lt;class 'str'&gt;</msg>
<arg>${response.status_code}</arg>
<arg>200</arg>
<doc>Fails if objects are unequal after converting them to real numbers.</doc>
<status status="PASS" start="2024-06-12T06:20:30.350324" elapsed="0.000752"/>
</kw>
<kw name="Log" owner="BuiltIn">
<msg time="2024-06-12T06:20:30.352185" level="INFO">200</msg>
<arg>${response.status_code}</arg>
<doc>Logs the given message with the given level.</doc>
<status status="PASS" start="2024-06-12T06:20:30.351587" elapsed="0.000678"/>
</kw>
<kw name="Set Variable" owner="BuiltIn">
<msg time="2024-06-12T06:20:30.353474" level="INFO">${json_data} = {'results': [{'gender': 'male', 'name': {'title': 'Mr', 'first': 'Klaus-Michael', 'last': 'Reiß'}, 'location': {'street': {'number': 2012, 'name': 'Gartenweg'}, 'city': 'Hagenow', 'state': 'Nordrhein-...</msg>
<var>${json_data}</var>
<arg>${response.json()}</arg>
<doc>Returns the given values which can then be assigned to a variables.</doc>
<status status="PASS" start="2024-06-12T06:20:30.352791" elapsed="0.000727"/>
</kw>
<kw name="Dictionary Should Contain Key" owner="Collections">
<arg>${json_data}</arg>
<arg>results</arg>
<doc>Fails if ``key`` is not found from ``dictionary``.</doc>
<status status="PASS" start="2024-06-12T06:20:30.353948" elapsed="0.000225"/>
</kw>
<status status="PASS" start="2024-06-12T06:20:29.937044" elapsed="0.417356"/>
</kw>
<doc>Testa se a API responde corretamente e retorna um objeto JSON válido.</doc>
<tag>testeRequisicaoBasica</tag>
<status status="PASS" start="2024-06-12T06:20:29.936600" elapsed="0.418067"/>
</test>
<test id="s1-s1-t3" name="Validar estrutura de resposta" line="22">
<kw name="Teste de Estrutura de Resposta" owner="random-user-service">
<kw name="GET On Session" owner="RequestsLibrary">
<msg time="2024-06-12T06:20:30.454892" level="INFO">GET Request : url=https://randomuser.me/api 
 path_url=/api 
 headers={'User-Agent': 'python-requests/2.32.3', 'Accept-Encoding': 'gzip, deflate', 'Accept': '*/*', 'Connection': 'keep-alive'} 
 body=None 
 </msg>
<msg time="2024-06-12T06:20:30.454958" level="INFO">GET Response : url=https://randomuser.me/api 
 status=200, reason=OK 
 headers={'Date': 'Wed, 12 Jun 2024 06:20:30 GMT', 'Content-Type': 'application/json; charset=utf-8', 'Transfer-Encoding': 'chunked', 'Connection': 'keep-alive', 'X-Powered-By': 'Express', 'Access-Control-Allow-Origin': '*', 'Cache-Control': 'no-cache', 'ETag': 'W/"481-Cq+EwHRsrsF1zRo5o5zM1Y0kL2w"', 'Vary': 'Accept-Encoding', 'Content-Encoding': 'gzip', 'CF-Cache-Status': 'DYNAMIC', 'Report-To': '{"endpoints":[{"url":"https:\\/\\/a.nel.cloudflare.com\\/report\\/v4?s=EjTsxBEd0lu14CHbFfwdw9kA87z23a12nCvg2UjNggpWcYUw9mAJ%2FPgndgL0fVAd5Bt6HZSr3SOqFQfUXMGP5j%2FbqKK0b%2BQ%2FaFKBawDGYJUGrRO%2FPLSXIIzP58Q4MS3n"}],"group":"cf-nel","max_age":604800}', 'NEL': '{"success_fraction":0,"report_to":"cf-nel","max_age":604800}', 'Server': 'cloudflare', 'CF-RAY': '8927bc41ba4d2f20-LAX', 'alt-svc': 'h3=":443"; ma=86400'} 
 body={"results":[{"gender":"male","name":{"title":"Mr","first":"Salvador","last":"Cunningham"},"location":{"street":{"number":4312,"name":"Sunset St"},"city":"Anna","state":"California","country":"United States","postcode":25264,"coordinates":{"latitude":"84.8975","longitude":"-58.2404"},"timezone":{"offset":"+3:30","description":"Tehran"}},"email":"salvador.cunningham@example.com","login":{"uuid":"d296c012-d6f3-426e-8689-dc512ef9c3bf","username":"orangemouse863","password":"gymnast","salt":"2y7oiy4t","md5":"9c2cc18a00817f88524004e349148033","sha1":"4fd8479df5f40683c48d1f18986f94c854695cc5","sha256":"2de4b8bae9a6b44ae4061b91db3535164a8b2332088387495bb5b5e30a4fc450"},"dob":{"date":"1987-11-25T13:48:48.102Z","age":36},"registered":{"date":"2009-07-19T17:59:08.490Z","age":14},"phone":"(389) 672-7938","cell":"(407) 214-4028","id":{"name":"SSN","value":"360-37-0790"},"picture":{"large":"https://randomuser.me/api/portraits/men/10.jpg","medium":"https://randomuser.me/api/portraits/med/men/10.jpg","thumbnail":"https://randomuser.me/api/portraits/thumb/men/10.jpg"},"nat":"US"}],"info":{"seed":"be51b0abe320b1d3","results":1,"page":1,"version":"1.4"}} 
 </msg>
<msg time="2024-06-12T06:20:30.455056" level="INFO">/opt/hostedtoolcache/Python/3.12.3/x64/lib/python3.12/site-packages/urllib3/connectionpool.py:1103: InsecureRequestWarning: Unverified HTTPS request is being made to host 'randomuser.me'. Adding certificate verification is strongly advised. See: https://urllib3.readthedocs.io/en/latest/advanced-usage.html#tls-warnings
  warnings.warn(</msg>
<msg time="2024-06-12T06:20:30.455149" level="INFO">${response} = &lt;Response [200]&gt;</msg>
<var>${response}</var>
<arg>consultarAPI</arg>
<arg>/api</arg>
<doc>Sends a GET request on a previously created HTTP Session.</doc>
<status status="PASS" start="2024-06-12T06:20:30.359065" elapsed="0.096120"/>
</kw>
<kw name="Set Variable" owner="BuiltIn">
<msg time="2024-06-12T06:20:30.456023" level="INFO">${json_data} = {'results': [{'gender': 'male', 'name': {'title': 'Mr', 'first': 'Salvador', 'last': 'Cunningham'}, 'location': {'street': {'number': 4312, 'name': 'Sunset St'}, 'city': 'Anna', 'state': 'California',...</msg>
<var>${json_data}</var>
<arg>${response.json()}</arg>
<doc>Returns the given values which can then be assigned to a variables.</doc>
<status status="PASS" start="2024-06-12T06:20:30.455560" elapsed="0.000491"/>
</kw>
<kw name="Log" owner="BuiltIn">
<msg time="2024-06-12T06:20:30.456543" level="INFO">{'results': [{'gender': 'male', 'name': {'title': 'Mr', 'first': 'Salvador', 'last': 'Cunningham'}, 'location': {'street': {'number': 4312, 'name': 'Sunset St'}, 'city': 'Anna', 'state': 'California', 'country': 'United States', 'postcode': 25264, 'coordinates': {'latitude': '84.8975', 'longitude': '-58.2404'}, 'timezone': {'offset': '+3:30', 'description': 'Tehran'}}, 'email': 'salvador.cunningham@example.com', 'login': {'uuid': 'd296c012-d6f3-426e-8689-dc512ef9c3bf', 'username': 'orangemouse863', 'password': 'gymnast', 'salt': '2y7oiy4t', 'md5': '9c2cc18a00817f88524004e349148033', 'sha1': '4fd8479df5f40683c48d1f18986f94c854695cc5', 'sha256': '2de4b8bae9a6b44ae4061b91db3535164a8b2332088387495bb5b5e30a4fc450'}, 'dob': {'date': '1987-11-25T13:48:48.102Z', 'age': 36}, 'registered': {'date': '2009-07-19T17:59:08.490Z', 'age': 14}, 'phone': '(389) 672-7938', 'cell': '(407) 214-4028', 'id': {'name': 'SSN', 'value': '360-37-0790'}, 'picture': {'large': 'https://randomuser.me/api/portraits/men/10.jpg', 'medium': 'https://randomuser.me/api/portraits/med/men/10.jpg', 'thumbnail': 'https://randomuser.me/api/portraits/thumb/men/10.jpg'}, 'nat': 'US'}], 'info': {'seed': 'be51b0abe320b1d3', 'results': 1, 'page': 1, 'version': '1.4'}}</msg>
<arg>${json_data}</arg>
<doc>Logs the given message with the given level.</doc>
<status status="PASS" start="2024-06-12T06:20:30.456359" elapsed="0.000243"/>
</kw>
<kw name="Dictionary Should Contain Key" owner="Collections">
<arg>${json_data}</arg>
<arg>results</arg>
<doc>Fails if ``key`` is not found from ``dictionary``.</doc>
<status status="PASS" start="2024-06-12T06:20:30.456898" elapsed="0.000153"/>
</kw>
<kw name="Should Not Be Empty" owner="BuiltIn">
<msg time="2024-06-12T06:20:30.457369" level="INFO">Length is 2.</msg>
<arg>${json_data}</arg>
<doc>Verifies that the given item is not empty.</doc>
<status status="PASS" start="2024-06-12T06:20:30.457235" elapsed="0.000172"/>
</kw>
<kw name="Create List" owner="BuiltIn">
<msg time="2024-06-12T06:20:30.457844" level="INFO">${expected_keys} = ['gender', 'name', 'location', 'email', 'login']</msg>
<var>${expected_keys}</var>
<arg>gender</arg>
<arg>name</arg>
<arg>location</arg>
<arg>email</arg>
<arg>login</arg>
<doc>Returns a list containing given items.</doc>
<status status="PASS" start="2024-06-12T06:20:30.457697" elapsed="0.000171"/>
</kw>
<for flavor="IN">
<iter>
<kw name="Dictionary Should Contain Key" owner="Collections">
<arg>${json_data['results'][0]}</arg>
<arg>${key}</arg>
<doc>Fails if ``key`` is not found from ``dictionary``.</doc>
<status status="PASS" start="2024-06-12T06:20:30.458583" elapsed="0.000443"/>
</kw>
<kw name="Log" owner="BuiltIn">
<msg time="2024-06-12T06:20:30.459579" level="INFO">{'gender': 'male', 'name': {'title': 'Mr', 'first': 'Salvador', 'last': 'Cunningham'}, 'location': {'street': {'number': 4312, 'name': 'Sunset St'}, 'city': 'Anna', 'state': 'California', 'country': 'United States', 'postcode': 25264, 'coordinates': {'latitude': '84.8975', 'longitude': '-58.2404'}, 'timezone': {'offset': '+3:30', 'description': 'Tehran'}}, 'email': 'salvador.cunningham@example.com', 'login': {'uuid': 'd296c012-d6f3-426e-8689-dc512ef9c3bf', 'username': 'orangemouse863', 'password': 'gymnast', 'salt': '2y7oiy4t', 'md5': '9c2cc18a00817f88524004e349148033', 'sha1': '4fd8479df5f40683c48d1f18986f94c854695cc5', 'sha256': '2de4b8bae9a6b44ae4061b91db3535164a8b2332088387495bb5b5e30a4fc450'}, 'dob': {'date': '1987-11-25T13:48:48.102Z', 'age': 36}, 'registered': {'date': '2009-07-19T17:59:08.490Z', 'age': 14}, 'phone': '(389) 672-7938', 'cell': '(407) 214-4028', 'id': {'name': 'SSN', 'value': '360-37-0790'}, 'picture': {'large': 'https://randomuser.me/api/portraits/men/10.jpg', 'medium': 'https://randomuser.me/api/portraits/med/men/10.jpg', 'thumbnail': 'https://randomuser.me/api/portraits/thumb/men/10.jpg'}, 'nat': 'US'}</msg>
<arg>${json_data['results'][0]}</arg>
<doc>Logs the given message with the given level.</doc>
<status status="PASS" start="2024-06-12T06:20:30.459215" elapsed="0.000412"/>
</kw>
<kw name="Log" owner="BuiltIn">
<msg time="2024-06-12T06:20:30.460051" level="INFO">gender</msg>
<arg>${key}</arg>
<doc>Logs the given message with the given level.</doc>
<status status="PASS" start="2024-06-12T06:20:30.459925" elapsed="0.000163"/>
</kw>
<var name="${key}">gender</var>
<status status="PASS" start="2024-06-12T06:20:30.458455" elapsed="0.001847"/>
</iter>
<iter>
<kw name="Dictionary Should Contain Key" owner="Collections">
<arg>${json_data['results'][0]}</arg>
<arg>${key}</arg>
<doc>Fails if ``key`` is not found from ``dictionary``.</doc>
<status status="PASS" start="2024-06-12T06:20:30.460635" elapsed="0.000391"/>
</kw>
<kw name="Log" owner="BuiltIn">
<msg time="2024-06-12T06:20:30.461565" level="INFO">{'gender': 'male', 'name': {'title': 'Mr', 'first': 'Salvador', 'last': 'Cunningham'}, 'location': {'street': {'number': 4312, 'name': 'Sunset St'}, 'city': 'Anna', 'state': 'California', 'country': 'United States', 'postcode': 25264, 'coordinates': {'latitude': '84.8975', 'longitude': '-58.2404'}, 'timezone': {'offset': '+3:30', 'description': 'Tehran'}}, 'email': 'salvador.cunningham@example.com', 'login': {'uuid': 'd296c012-d6f3-426e-8689-dc512ef9c3bf', 'username': 'orangemouse863', 'password': 'gymnast', 'salt': '2y7oiy4t', 'md5': '9c2cc18a00817f88524004e349148033', 'sha1': '4fd8479df5f40683c48d1f18986f94c854695cc5', 'sha256': '2de4b8bae9a6b44ae4061b91db3535164a8b2332088387495bb5b5e30a4fc450'}, 'dob': {'date': '1987-11-25T13:48:48.102Z', 'age': 36}, 'registered': {'date': '2009-07-19T17:59:08.490Z', 'age': 14}, 'phone': '(389) 672-7938', 'cell': '(407) 214-4028', 'id': {'name': 'SSN', 'value': '360-37-0790'}, 'picture': {'large': 'https://randomuser.me/api/portraits/men/10.jpg', 'medium': 'https://randomuser.me/api/portraits/med/men/10.jpg', 'thumbnail': 'https://randomuser.me/api/portraits/thumb/men/10.jpg'}, 'nat': 'US'}</msg>
<arg>${json_data['results'][0]}</arg>
<doc>Logs the given message with the given level.</doc>
<status status="PASS" start="2024-06-12T06:20:30.461216" elapsed="0.000429"/>
</kw>
<kw name="Log" owner="BuiltIn">
<msg time="2024-06-12T06:20:30.462073" level="INFO">name</msg>
<arg>${key}</arg>
<doc>Logs the given message with the given level.</doc>
<status status="PASS" start="2024-06-12T06:20:30.461946" elapsed="0.000164"/>
</kw>
<var name="${key}">name</var>
<status status="PASS" start="2024-06-12T06:20:30.460516" elapsed="0.001830"/>
</iter>
<iter>
<kw name="Dictionary Should Contain Key" owner="Collections">
<arg>${json_data['results'][0]}</arg>
<arg>${key}</arg>
<doc>Fails if ``key`` is not found from ``dictionary``.</doc>
<status status="PASS" start="2024-06-12T06:20:30.462633" elapsed="0.000382"/>
</kw>
<kw name="Log" owner="BuiltIn">
<msg time="2024-06-12T06:20:30.463549" level="INFO">{'gender': 'male', 'name': {'title': 'Mr', 'first': 'Salvador', 'last': 'Cunningham'}, 'location': {'street': {'number': 4312, 'name': 'Sunset St'}, 'city': 'Anna', 'state': 'California', 'country': 'United States', 'postcode': 25264, 'coordinates': {'latitude': '84.8975', 'longitude': '-58.2404'}, 'timezone': {'offset': '+3:30', 'description': 'Tehran'}}, 'email': 'salvador.cunningham@example.com', 'login': {'uuid': 'd296c012-d6f3-426e-8689-dc512ef9c3bf', 'username': 'orangemouse863', 'password': 'gymnast', 'salt': '2y7oiy4t', 'md5': '9c2cc18a00817f88524004e349148033', 'sha1': '4fd8479df5f40683c48d1f18986f94c854695cc5', 'sha256': '2de4b8bae9a6b44ae4061b91db3535164a8b2332088387495bb5b5e30a4fc450'}, 'dob': {'date': '1987-11-25T13:48:48.102Z', 'age': 36}, 'registered': {'date': '2009-07-19T17:59:08.490Z', 'age': 14}, 'phone': '(389) 672-7938', 'cell': '(407) 214-4028', 'id': {'name': 'SSN', 'value': '360-37-0790'}, 'picture': {'large': 'https://randomuser.me/api/portraits/men/10.jpg', 'medium': 'https://randomuser.me/api/portraits/med/men/10.jpg', 'thumbnail': 'https://randomuser.me/api/portraits/thumb/men/10.jpg'}, 'nat': 'US'}</msg>
<arg>${json_data['results'][0]}</arg>
<doc>Logs the given message with the given level.</doc>
<status status="PASS" start="2024-06-12T06:20:30.463199" elapsed="0.000407"/>
</kw>
<kw name="Log" owner="BuiltIn">
<msg time="2024-06-12T06:20:30.464027" level="INFO">location</msg>
<arg>${key}</arg>
<doc>Logs the given message with the given level.</doc>
<status status="PASS" start="2024-06-12T06:20:30.463901" elapsed="0.000163"/>
</kw>
<var name="${key}">location</var>
<status status="PASS" start="2024-06-12T06:20:30.462525" elapsed="0.001753"/>
</iter>
<iter>
<kw name="Dictionary Should Contain Key" owner="Collections">
<arg>${json_data['results'][0]}</arg>
<arg>${key}</arg>
<doc>Fails if ``key`` is not found from ``dictionary``.</doc>
<status status="PASS" start="2024-06-12T06:20:30.464585" elapsed="0.000387"/>
</kw>
<kw name="Log" owner="BuiltIn">
<msg time="2024-06-12T06:20:30.465502" level="INFO">{'gender': 'male', 'name': {'title': 'Mr', 'first': 'Salvador', 'last': 'Cunningham'}, 'location': {'street': {'number': 4312, 'name': 'Sunset St'}, 'city': 'Anna', 'state': 'California', 'country': 'United States', 'postcode': 25264, 'coordinates': {'latitude': '84.8975', 'longitude': '-58.2404'}, 'timezone': {'offset': '+3:30', 'description': 'Tehran'}}, 'email': 'salvador.cunningham@example.com', 'login': {'uuid': 'd296c012-d6f3-426e-8689-dc512ef9c3bf', 'username': 'orangemouse863', 'password': 'gymnast', 'salt': '2y7oiy4t', 'md5': '9c2cc18a00817f88524004e349148033', 'sha1': '4fd8479df5f40683c48d1f18986f94c854695cc5', 'sha256': '2de4b8bae9a6b44ae4061b91db3535164a8b2332088387495bb5b5e30a4fc450'}, 'dob': {'date': '1987-11-25T13:48:48.102Z', 'age': 36}, 'registered': {'date': '2009-07-19T17:59:08.490Z', 'age': 14}, 'phone': '(389) 672-7938', 'cell': '(407) 214-4028', 'id': {'name': 'SSN', 'value': '360-37-0790'}, 'picture': {'large': 'https://randomuser.me/api/portraits/men/10.jpg', 'medium': 'https://randomuser.me/api/portraits/med/men/10.jpg', 'thumbnail': 'https://randomuser.me/api/portraits/thumb/men/10.jpg'}, 'nat': 'US'}</msg>
<arg>${json_data['results'][0]}</arg>
<doc>Logs the given message with the given level.</doc>
<status status="PASS" start="2024-06-12T06:20:30.465155" elapsed="0.000394"/>
</kw>
<kw name="Log" owner="BuiltIn">
<msg time="2024-06-12T06:20:30.465975" level="INFO">email</msg>
<arg>${key}</arg>
<doc>Logs the given message with the given level.</doc>
<status status="PASS" start="2024-06-12T06:20:30.465847" elapsed="0.000165"/>
</kw>
<var name="${key}">email</var>
<status status="PASS" start="2024-06-12T06:20:30.464450" elapsed="0.001780"/>
</iter>
<iter>
<kw name="Dictionary Should Contain Key" owner="Collections">
<arg>${json_data['results'][0]}</arg>
<arg>${key}</arg>
<doc>Fails if ``key`` is not found from ``dictionary``.</doc>
<status status="PASS" start="2024-06-12T06:20:30.466508" elapsed="0.000387"/>
</kw>
<kw name="Log" owner="BuiltIn">
<msg time="2024-06-12T06:20:30.467427" level="INFO">{'gender': 'male', 'name': {'title': 'Mr', 'first': 'Salvador', 'last': 'Cunningham'}, 'location': {'street': {'number': 4312, 'name': 'Sunset St'}, 'city': 'Anna', 'state': 'California', 'country': 'United States', 'postcode': 25264, 'coordinates': {'latitude': '84.8975', 'longitude': '-58.2404'}, 'timezone': {'offset': '+3:30', 'description': 'Tehran'}}, 'email': 'salvador.cunningham@example.com', 'login': {'uuid': 'd296c012-d6f3-426e-8689-dc512ef9c3bf', 'username': 'orangemouse863', 'password': 'gymnast', 'salt': '2y7oiy4t', 'md5': '9c2cc18a00817f88524004e349148033', 'sha1': '4fd8479df5f40683c48d1f18986f94c854695cc5', 'sha256': '2de4b8bae9a6b44ae4061b91db3535164a8b2332088387495bb5b5e30a4fc450'}, 'dob': {'date': '1987-11-25T13:48:48.102Z', 'age': 36}, 'registered': {'date': '2009-07-19T17:59:08.490Z', 'age': 14}, 'phone': '(389) 672-7938', 'cell': '(407) 214-4028', 'id': {'name': 'SSN', 'value': '360-37-0790'}, 'picture': {'large': 'https://randomuser.me/api/portraits/men/10.jpg', 'medium': 'https://randomuser.me/api/portraits/med/men/10.jpg', 'thumbnail': 'https://randomuser.me/api/portraits/thumb/men/10.jpg'}, 'nat': 'US'}</msg>
<arg>${json_data['results'][0]}</arg>
<doc>Logs the given message with the given level.</doc>
<status status="PASS" start="2024-06-12T06:20:30.467077" elapsed="0.000396"/>
</kw>
<kw name="Log" owner="BuiltIn">
<msg time="2024-06-12T06:20:30.467889" level="INFO">login</msg>
<arg>${key}</arg>
<doc>Logs the given message with the given level.</doc>
<status status="PASS" start="2024-06-12T06:20:30.467764" elapsed="0.000168"/>
</kw>
<var name="${key}">login</var>
<status status="PASS" start="2024-06-12T06:20:30.466401" elapsed="0.001748"/>
</iter>
<var>${key}</var>
<value>@{expected_keys}</value>
<status status="PASS" start="2024-06-12T06:20:30.458271" elapsed="0.009995"/>
</for>
<kw name="Create List" owner="BuiltIn">
<msg time="2024-06-12T06:20:30.468624" level="INFO">${expected_keysTwo} = ['username', 'password']</msg>
<var>${expected_keysTwo}</var>
<arg>username</arg>
<arg>password</arg>
<doc>Returns a list containing given items.</doc>
<status status="PASS" start="2024-06-12T06:20:30.468472" elapsed="0.000176"/>
</kw>
<for flavor="IN">
<iter>
<kw name="Dictionary Should Contain Key" owner="Collections">
<arg>${json_data['results'][0]['login']}</arg>
<arg>${keyTwo}</arg>
<doc>Fails if ``key`` is not found from ``dictionary``.</doc>
<status status="PASS" start="2024-06-12T06:20:30.469162" elapsed="0.000378"/>
</kw>
<kw name="Dictionary Should Contain Key" owner="Collections">
<arg>${json_data['results'][0]['login']}</arg>
<arg>${keyTwo}</arg>
<doc>Fails if ``key`` is not found from ``dictionary``.</doc>
<status status="PASS" start="2024-06-12T06:20:30.469722" elapsed="0.000379"/>
</kw>
<kw name="Log" owner="BuiltIn">
<msg time="2024-06-12T06:20:30.470396" level="INFO">username</msg>
<arg>${keyTwo}</arg>
<doc>Logs the given message with the given level.</doc>
<status status="PASS" start="2024-06-12T06:20:30.470277" elapsed="0.000160"/>
</kw>
<var name="${keyTwo}">username</var>
<status status="PASS" start="2024-06-12T06:20:30.469056" elapsed="0.001602"/>
</iter>
<iter>
<kw name="Dictionary Should Contain Key" owner="Collections">
<arg>${json_data['results'][0]['login']}</arg>
<arg>${keyTwo}</arg>
<doc>Fails if ``key`` is not found from ``dictionary``.</doc>
<status status="PASS" start="2024-06-12T06:20:30.470937" elapsed="0.000378"/>
</kw>
<kw name="Dictionary Should Contain Key" owner="Collections">
<arg>${json_data['results'][0]['login']}</arg>
<arg>${keyTwo}</arg>
<doc>Fails if ``key`` is not found from ``dictionary``.</doc>
<status status="PASS" start="2024-06-12T06:20:30.471493" elapsed="0.000363"/>
</kw>
<kw name="Log" owner="BuiltIn">
<msg time="2024-06-12T06:20:30.472150" level="INFO">password</msg>
<arg>${keyTwo}</arg>
<doc>Logs the given message with the given level.</doc>
<status status="PASS" start="2024-06-12T06:20:30.472033" elapsed="0.000153"/>
</kw>
<var name="${keyTwo}">password</var>
<status status="PASS" start="2024-06-12T06:20:30.470832" elapsed="0.001569"/>
</iter>
<var>${keyTwo}</var>
<value>@{expected_keysTwo}</value>
<status status="PASS" start="2024-06-12T06:20:30.468905" elapsed="0.003637"/>
</for>
<status status="PASS" start="2024-06-12T06:20:30.358684" elapsed="0.114004"/>
</kw>
<doc>Testa a estrutura da resposta da API.</doc>
<tag>testeEstruturaResposta</tag>
<status status="PASS" start="2024-06-12T06:20:30.357910" elapsed="0.114922"/>
</test>
<test id="s1-s1-t4" name="Validar tipos de dados" line="28">
<kw name="Teste de Tipos de Dados" owner="random-user-service">
<kw name="GET On Session" owner="RequestsLibrary">
<msg time="2024-06-12T06:20:30.585510" level="INFO">GET Request : url=https://randomuser.me/api 
 path_url=/api 
 headers={'User-Agent': 'python-requests/2.32.3', 'Accept-Encoding': 'gzip, deflate', 'Accept': '*/*', 'Connection': 'keep-alive'} 
 body=None 
 </msg>
<msg time="2024-06-12T06:20:30.585591" level="INFO">GET Response : url=https://randomuser.me/api 
 status=200, reason=OK 
 headers={'Date': 'Wed, 12 Jun 2024 06:20:30 GMT', 'Content-Type': 'application/json; charset=utf-8', 'Transfer-Encoding': 'chunked', 'Connection': 'keep-alive', 'X-Powered-By': 'Express', 'Access-Control-Allow-Origin': '*', 'Cache-Control': 'no-cache', 'ETag': 'W/"47b-epbYvK3KfxU6mfw3HpWmSu5Trko"', 'Vary': 'Accept-Encoding', 'Content-Encoding': 'gzip', 'CF-Cache-Status': 'DYNAMIC', 'Report-To': '{"endpoints":[{"url":"https:\\/\\/a.nel.cloudflare.com\\/report\\/v4?s=IJn5%2BQW8L6LlElc%2FKDS9CCiY%2BpYCZTRGQraAF9x4Eg8Ah4qmQC9ck6vPgpBM7aS%2BbRSnQScxOrdvoypTbsELG3ftej16w3zum%2Fa6GaRrhn0pwy4Sl5hZvoXFae2Em3z4"}],"group":"cf-nel","max_age":604800}', 'NEL': '{"success_fraction":0,"report_to":"cf-nel","max_age":604800}', 'Server': 'cloudflare', 'CF-RAY': '8927bc427b0f2f20-LAX', 'alt-svc': 'h3=":443"; ma=86400'} 
 body={"results":[{"gender":"male","name":{"title":"Mr","first":"Rayaan","last":"Bal"},"location":{"street":{"number":4698,"name":"Mirza Ismail Rd"},"city":"Unnao","state":"Mizoram","country":"India","postcode":20147,"coordinates":{"latitude":"4.6204","longitude":"-15.8335"},"timezone":{"offset":"-3:00","description":"Brazil, Buenos Aires, Georgetown"}},"email":"rayaan.bal@example.com","login":{"uuid":"c1579fa1-8a96-4c27-9ea2-08a45e7a5feb","username":"purplecat113","password":"torino","salt":"HQJAVkCw","md5":"712de79a6c8f1b93e97ddf671d57ab95","sha1":"382ef3f2a9afc200efcbf81aee3791c75d4dfd4b","sha256":"b2eb1d184972f6afad6d7e8dfe82e7288a62988323910764f1b759b26855b1e9"},"dob":{"date":"1974-05-29T04:58:00.610Z","age":50},"registered":{"date":"2015-02-13T07:04:23.182Z","age":9},"phone":"8946399695","cell":"7456505012","id":{"name":"UIDAI","value":"119277096449"},"picture":{"large":"https://randomuser.me/api/portraits/men/27.jpg","medium":"https://randomuser.me/api/portraits/med/men/27.jpg","thumbnail":"https://randomuser.me/api/portraits/thumb/men/27.jpg"},"nat":"IN"}],"info":{"seed":"1f6305692493b6a7","results":1,"page":1,"version":"1.4"}} 
 </msg>
<msg time="2024-06-12T06:20:30.585661" level="INFO">/opt/hostedtoolcache/Python/3.12.3/x64/lib/python3.12/site-packages/urllib3/connectionpool.py:1103: InsecureRequestWarning: Unverified HTTPS request is being made to host 'randomuser.me'. Adding certificate verification is strongly advised. See: https://urllib3.readthedocs.io/en/latest/advanced-usage.html#tls-warnings
  warnings.warn(</msg>
<msg time="2024-06-12T06:20:30.585767" level="INFO">${response} = &lt;Response [200]&gt;</msg>
<var>${response}</var>
<arg>consultarAPI</arg>
<arg>/api</arg>
<doc>Sends a GET request on a previously created HTTP Session.</doc>
<status status="PASS" start="2024-06-12T06:20:30.475278" elapsed="0.110527"/>
</kw>
<kw name="Set Variable" owner="BuiltIn">
<msg time="2024-06-12T06:20:30.587056" level="INFO">${json_data} = {'results': [{'gender': 'male', 'name': {'title': 'Mr', 'first': 'Rayaan', 'last': 'Bal'}, 'location': {'street': {'number': 4698, 'name': 'Mirza Ismail Rd'}, 'city': 'Unnao', 'state': 'Mizoram', 'cou...</msg>
<var>${json_data}</var>
<arg>${response.json()}</arg>
<doc>Returns the given values which can then be assigned to a variables.</doc>
<status status="PASS" start="2024-06-12T06:20:30.586397" elapsed="0.000704"/>
</kw>
<kw name="Log" owner="BuiltIn">
<msg time="2024-06-12T06:20:30.587618" level="INFO">{'results': [{'gender': 'male', 'name': {'title': 'Mr', 'first': 'Rayaan', 'last': 'Bal'}, 'location': {'street': {'number': 4698, 'name': 'Mirza Ismail Rd'}, 'city': 'Unnao', 'state': 'Mizoram', 'country': 'India', 'postcode': 20147, 'coordinates': {'latitude': '4.6204', 'longitude': '-15.8335'}, 'timezone': {'offset': '-3:00', 'description': 'Brazil, Buenos Aires, Georgetown'}}, 'email': 'rayaan.bal@example.com', 'login': {'uuid': 'c1579fa1-8a96-4c27-9ea2-08a45e7a5feb', 'username': 'purplecat113', 'password': 'torino', 'salt': 'HQJAVkCw', 'md5': '712de79a6c8f1b93e97ddf671d57ab95', 'sha1': '382ef3f2a9afc200efcbf81aee3791c75d4dfd4b', 'sha256': 'b2eb1d184972f6afad6d7e8dfe82e7288a62988323910764f1b759b26855b1e9'}, 'dob': {'date': '1974-05-29T04:58:00.610Z', 'age': 50}, 'registered': {'date': '2015-02-13T07:04:23.182Z', 'age': 9}, 'phone': '8946399695', 'cell': '7456505012', 'id': {'name': 'UIDAI', 'value': '119277096449'}, 'picture': {'large': 'https://randomuser.me/api/portraits/men/27.jpg', 'medium': 'https://randomuser.me/api/portraits/med/men/27.jpg', 'thumbnail': 'https://randomuser.me/api/portraits/thumb/men/27.jpg'}, 'nat': 'IN'}], 'info': {'seed': '1f6305692493b6a7', 'results': 1, 'page': 1, 'version': '1.4'}}</msg>
<arg>${json_data}</arg>
<doc>Logs the given message with the given level.</doc>
<status status="PASS" start="2024-06-12T06:20:30.587469" elapsed="0.000195"/>
</kw>
<kw name="Should Be String" owner="String">
<arg>${json_data['results'][0]['gender']}</arg>
<doc>Fails if the given ``item`` is not a string.</doc>
<status status="PASS" start="2024-06-12T06:20:30.587957" elapsed="0.000349"/>
</kw>
<kw name="Should Match Regexp" owner="BuiltIn">
<arg>${json_data['results'][0]['email']}</arg>
<arg>^[a-zA-Z0-9._%+-]+@[a-zA-Z0-9.-]+\.[a-zA-Z]{2,}$</arg>
<doc>Fails if ``string`` does not match ``pattern`` as a regular expression.</doc>
<status status="PASS" start="2024-06-12T06:20:30.588527" elapsed="0.000525"/>
</kw>
<kw name="Should Match Regexp" owner="BuiltIn">
<arg>${json_data['results'][0]['dob']['date']}</arg>
<arg>\\d{4}-\\d{2}-\\d{2}T\\d{2}:\\d{2}:\\d{2}\\.\\d{3}Z</arg>
<doc>Fails if ``string`` does not match ``pattern`` as a regular expression.</doc>
<status status="PASS" start="2024-06-12T06:20:30.589278" elapsed="0.000480"/>
</kw>
<kw name="Should Match Regexp" owner="BuiltIn">
<arg>${json_data['results'][0]['registered']['date']}</arg>
<arg>\\d{4}-\\d{2}-\\d{2}T\\d{2}:\\d{2}:\\d{2}\\.\\d{3}Z</arg>
<doc>Fails if ``string`` does not match ``pattern`` as a regular expression.</doc>
<status status="PASS" start="2024-06-12T06:20:30.589950" elapsed="0.000361"/>
</kw>
<kw name="Should Match Regexp" owner="BuiltIn">
<arg>${json_data['results'][0]['picture']['large']}</arg>
<arg>^https?://.*\.(?:png|jpe?g|gif|bmp)$</arg>
<doc>Fails if ``string`` does not match ``pattern`` as a regular expression.</doc>
<status status="PASS" start="2024-06-12T06:20:30.590497" elapsed="0.000452"/>
</kw>
<kw name="Should Match Regexp" owner="BuiltIn">
<arg>${json_data['results'][0]['picture']['medium']}</arg>
<arg>^https?://.*\.(?:png|jpe?g|gif|bmp)$</arg>
<doc>Fails if ``string`` does not match ``pattern`` as a regular expression.</doc>
<status status="PASS" start="2024-06-12T06:20:30.591134" elapsed="0.000352"/>
</kw>
<kw name="Should Match Regexp" owner="BuiltIn">
<arg>${json_data['results'][0]['picture']['thumbnail']}</arg>
<arg>^https?://.*\.(?:png|jpe?g|gif|bmp)$</arg>
<doc>Fails if ``string`` does not match ``pattern`` as a regular expression.</doc>
<status status="PASS" start="2024-06-12T06:20:30.591671" elapsed="0.000352"/>
</kw>
<kw name="Log" owner="BuiltIn">
<msg time="2024-06-12T06:20:30.592566" level="INFO">{'large': 'https://randomuser.me/api/portraits/men/27.jpg', 'medium': 'https://randomuser.me/api/portraits/med/men/27.jpg', 'thumbnail': 'https://randomuser.me/api/portraits/thumb/men/27.jpg'}</msg>
<arg>${json_data['results'][0]['picture']}</arg>
<doc>Logs the given message with the given level.</doc>
<status status="PASS" start="2024-06-12T06:20:30.592203" elapsed="0.000407"/>
</kw>
<status status="PASS" start="2024-06-12T06:20:30.475059" elapsed="0.117813"/>
</kw>
<kw name="Teste de Tipos de Dados - Postcode" owner="random-user-service">
<kw name="GET On Session" owner="RequestsLibrary">
<msg time="2024-06-12T06:20:30.686840" level="INFO">GET Request : url=https://randomuser.me/api 
 path_url=/api 
 headers={'User-Agent': 'python-requests/2.32.3', 'Accept-Encoding': 'gzip, deflate', 'Accept': '*/*', 'Connection': 'keep-alive'} 
 body=None 
 </msg>
<msg time="2024-06-12T06:20:30.686903" level="INFO">GET Response : url=https://randomuser.me/api 
 status=200, reason=OK 
 headers={'Date': 'Wed, 12 Jun 2024 06:20:30 GMT', 'Content-Type': 'application/json; charset=utf-8', 'Transfer-Encoding': 'chunked', 'Connection': 'keep-alive', 'X-Powered-By': 'Express', 'Access-Control-Allow-Origin': '*', 'Cache-Control': 'no-cache', 'ETag': 'W/"49d-7xCKzUKVEY3+iBOgUCLi0QWWjGQ"', 'Vary': 'Accept-Encoding', 'Content-Encoding': 'gzip', 'CF-Cache-Status': 'DYNAMIC', 'Report-To': '{"endpoints":[{"url":"https:\\/\\/a.nel.cloudflare.com\\/report\\/v4?s=fP9HerJIcUCc5bqjae5Hfay%2BQpoTUXZ1w0BzzkqA12SxCMvjmDFMmP6d%2FQIY3Zdd8aJw1MCIo3UVQlUSDaPd%2B0OOEyLWLEvrRVQBH63nQMCQIqkr3y6Z9h8%2FqcfQNoMb"}],"group":"cf-nel","max_age":604800}', 'NEL': '{"success_fraction":0,"report_to":"cf-nel","max_age":604800}', 'Server': 'cloudflare', 'CF-RAY': '8927bc432bdc2f20-LAX', 'alt-svc': 'h3=":443"; ma=86400'} 
 body={"results":[{"gender":"male","name":{"title":"Mr","first":"محمدمهدی","last":"سلطانی نژاد"},"location":{"street":{"number":4525,"name":"آیت‌الله مدنی"},"city":"خمینی‌شهر","state":"اصفهان","country":"Iran","postcode":65185,"coordinates":{"latitude":"14.7789","longitude":"-8.6514"},"timezone":{"offset":"-10:00","description":"Hawaii"}},"email":"mhmdmhdy.sltnynjd@example.com","login":{"uuid":"c5171619-5dc7-4409-84c3-5528e719c4dd","username":"smallelephant414","password":"dawson","salt":"uYWEscJr","md5":"301c09bc54577816eeb31ce0c33ac3e8","sha1":"a70b005a20c7cb7ecfbc30cb27fd1c868e47f488","sha256":"14958f810552eaa0801e53b91b455f0474837b3cb13a1cb87cdac0633546b76e"},"dob":{"date":"1962-05-23T06:07:21.961Z","age":62},"registered":{"date":"2004-12-23T18:42:01.215Z","age":19},"phone":"094-06728883","cell":"0980-051-7311","id":{"name":"","value":null},"picture":{"large":"https://randomuser.me/api/portraits/men/50.jpg","medium":"https://randomuser.me/api/portraits/med/men/50.jpg","thumbnail":"https://randomuser.me/api/portraits/thumb/men/50.jpg"},"nat":"IR"}],"info":{"seed":"189b0411da011f9a","results":1,"page":1,"version":"1.4"}} 
 </msg>
<msg time="2024-06-12T06:20:30.686961" level="INFO">/opt/hostedtoolcache/Python/3.12.3/x64/lib/python3.12/site-packages/urllib3/connectionpool.py:1103: InsecureRequestWarning: Unverified HTTPS request is being made to host 'randomuser.me'. Adding certificate verification is strongly advised. See: https://urllib3.readthedocs.io/en/latest/advanced-usage.html#tls-warnings
  warnings.warn(</msg>
<msg time="2024-06-12T06:20:30.687065" level="INFO">${response} = &lt;Response [200]&gt;</msg>
<var>${response}</var>
<arg>consultarAPI</arg>
<arg>/api</arg>
<doc>Sends a GET request on a previously created HTTP Session.</doc>
<status status="PASS" start="2024-06-12T06:20:30.593291" elapsed="0.093814"/>
</kw>
<kw name="Set Variable" owner="BuiltIn">
<msg time="2024-06-12T06:20:30.688012" level="INFO">${json_data} = {'results': [{'gender': 'male', 'name': {'title': 'Mr', 'first': 'محمدمهدی', 'last': 'سلطانی نژاد'}, 'location': {'street': {'number': 4525, 'name': 'آیت\u200cالله مدنی'}, 'city': 'خمینی\u200cشهر', 's...</msg>
<var>${json_data}</var>
<arg>${response.json()}</arg>
<doc>Returns the given values which can then be assigned to a variables.</doc>
<status status="PASS" start="2024-06-12T06:20:30.687537" elapsed="0.000518"/>
</kw>
<kw name="Log" owner="BuiltIn">
<msg time="2024-06-12T06:20:30.688606" level="INFO">{'results': [{'gender': 'male', 'name': {'title': 'Mr', 'first': 'محمدمهدی', 'last': 'سلطانی نژاد'}, 'location': {'street': {'number': 4525, 'name': 'آیت\u200cالله مدنی'}, 'city': 'خمینی\u200cشهر', 'state': 'اصفهان', 'country': 'Iran', 'postcode': 65185, 'coordinates': {'latitude': '14.7789', 'longitude': '-8.6514'}, 'timezone': {'offset': '-10:00', 'description': 'Hawaii'}}, 'email': 'mhmdmhdy.sltnynjd@example.com', 'login': {'uuid': 'c5171619-5dc7-4409-84c3-5528e719c4dd', 'username': 'smallelephant414', 'password': 'dawson', 'salt': 'uYWEscJr', 'md5': '301c09bc54577816eeb31ce0c33ac3e8', 'sha1': 'a70b005a20c7cb7ecfbc30cb27fd1c868e47f488', 'sha256': '14958f810552eaa0801e53b91b455f0474837b3cb13a1cb87cdac0633546b76e'}, 'dob': {'date': '1962-05-23T06:07:21.961Z', 'age': 62}, 'registered': {'date': '2004-12-23T18:42:01.215Z', 'age': 19}, 'phone': '094-06728883', 'cell': '0980-051-7311', 'id': {'name': '', 'value': None}, 'picture': {'large': 'https://randomuser.me/api/portraits/men/50.jpg', 'medium': 'https://randomuser.me/api/portraits/med/men/50.jpg', 'thumbnail': 'https://randomuser.me/api/portraits/thumb/men/50.jpg'}, 'nat': 'IR'}], 'info': {'seed': '189b0411da011f9a', 'results': 1, 'page': 1, 'version': '1.4'}}</msg>
<arg>${json_data}</arg>
<doc>Logs the given message with the given level.</doc>
<status status="PASS" start="2024-06-12T06:20:30.688412" elapsed="0.000245"/>
</kw>
<kw name="Should Be Equal As Numbers" owner="BuiltIn">
<arg>${json_data['results'][0]['location']['postcode']}</arg>
<arg>${json_data['results'][0]['location']['postcode']}</arg>
<doc>Fails if objects are unequal after converting them to real numbers.</doc>
<status status="PASS" start="2024-06-12T06:20:30.688961" elapsed="0.000655"/>
</kw>
<kw name="Log" owner="BuiltIn">
<msg time="2024-06-12T06:20:30.690181" level="INFO">65185</msg>
<arg>${json_data['results'][0]['location']['postcode']}</arg>
<doc>Logs the given message with the given level.</doc>
<status status="PASS" start="2024-06-12T06:20:30.689842" elapsed="0.000379"/>
</kw>
<status status="PASS" start="2024-06-12T06:20:30.593077" elapsed="0.097426"/>
</kw>
<doc>Testa se os tipos de dados na resposta da API estão corretos.</doc>
<tag>testeTiposDados</tag>
<status status="PASS" start="2024-06-12T06:20:30.474535" elapsed="0.216124"/>
</test>
<test id="s1-s1-t5" name="Validar conteudo" line="35">
<kw name="Teste de Tipos de Conteudo" owner="random-user-service">
<kw name="GET On Session" owner="RequestsLibrary">
<msg time="2024-06-12T06:20:30.795688" level="INFO">GET Request : url=https://randomuser.me/api 
 path_url=/api 
 headers={'User-Agent': 'python-requests/2.32.3', 'Accept-Encoding': 'gzip, deflate', 'Accept': '*/*', 'Connection': 'keep-alive'} 
 body=None 
 </msg>
<msg time="2024-06-12T06:20:30.795753" level="INFO">GET Response : url=https://randomuser.me/api 
 status=200, reason=OK 
 headers={'Date': 'Wed, 12 Jun 2024 06:20:30 GMT', 'Content-Type': 'application/json; charset=utf-8', 'Transfer-Encoding': 'chunked', 'Connection': 'keep-alive', 'X-Powered-By': 'Express', 'Access-Control-Allow-Origin': '*', 'Cache-Control': 'no-cache', 'ETag': 'W/"48b-hgzwjzGWjQMiKPOlHnY3woxRcHI"', 'Vary': 'Accept-Encoding', 'Content-Encoding': 'gzip', 'CF-Cache-Status': 'DYNAMIC', 'Report-To': '{"endpoints":[{"url":"https:\\/\\/a.nel.cloudflare.com\\/report\\/v4?s=PYFQ0NUKvphGEujOfGJPH1MBsvupfwTYWpQw4YXsgiB%2Blq8JXQC7AibxCV0A3psEXc%2FMmfmL6s3fN7%2FWgFMoD%2BbYLSKB9xFDbi4wruYlhEgbdL9un%2FdAZloF%2BY5zhXH4"}],"group":"cf-nel","max_age":604800}', 'NEL': '{"success_fraction":0,"report_to":"cf-nel","max_age":604800}', 'Server': 'cloudflare', 'CF-RAY': '8927bc43cc8c2f20-LAX', 'alt-svc': 'h3=":443"; ma=86400'} 
 body={"results":[{"gender":"female","name":{"title":"Mrs","first":"سارینا","last":"کامروا"},"location":{"street":{"number":4468,"name":"شهید شهرام امیری"},"city":"ساوه","state":"اردبیل","country":"Iran","postcode":50361,"coordinates":{"latitude":"18.6525","longitude":"88.5339"},"timezone":{"offset":"+5:45","description":"Kathmandu"}},"email":"sryn.khmrw@example.com","login":{"uuid":"7d7c7781-7c2b-4dfd-9dbf-ae6cd0894996","username":"yellowostrich914","password":"puffy","salt":"UjRZ92M2","md5":"c02b13c50de9f87c5ae369f6eb9a11c9","sha1":"5c959bd5bbbad7e57934f8b674f4bffdb7a461ca","sha256":"ae05fe28c33cf9c6202b0fc9e1aebfcf0f0d6e54d3623d103c77fcd2e956d8f8"},"dob":{"date":"1968-03-21T16:31:09.626Z","age":56},"registered":{"date":"2017-05-12T22:06:49.987Z","age":7},"phone":"005-53654197","cell":"0903-043-3627","id":{"name":"","value":null},"picture":{"large":"https://randomuser.me/api/portraits/women/81.jpg","medium":"https://randomuser.me/api/portraits/med/women/81.jpg","thumbnail":"https://randomuser.me/api/portraits/thumb/women/81.jpg"},"nat":"IR"}],"info":{"seed":"217b716be642ac72","results":1,"page":1,"version":"1.4"}} 
 </msg>
<msg time="2024-06-12T06:20:30.795823" level="INFO">/opt/hostedtoolcache/Python/3.12.3/x64/lib/python3.12/site-packages/urllib3/connectionpool.py:1103: InsecureRequestWarning: Unverified HTTPS request is being made to host 'randomuser.me'. Adding certificate verification is strongly advised. See: https://urllib3.readthedocs.io/en/latest/advanced-usage.html#tls-warnings
  warnings.warn(</msg>
<msg time="2024-06-12T06:20:30.795934" level="INFO">${response} = &lt;Response [200]&gt;</msg>
<var>${response}</var>
<arg>consultarAPI</arg>
<arg>/api</arg>
<doc>Sends a GET request on a previously created HTTP Session.</doc>
<status status="PASS" start="2024-06-12T06:20:30.693198" elapsed="0.102779"/>
</kw>
<kw name="Set Variable" owner="BuiltIn">
<msg time="2024-06-12T06:20:30.796811" level="INFO">${json_data} = {'results': [{'gender': 'female', 'name': {'title': 'Mrs', 'first': 'سارینا', 'last': 'کامروا'}, 'location': {'street': {'number': 4468, 'name': 'شهید شهرام امیری'}, 'city': 'ساوه', 'state': 'اردبیل',...</msg>
<var>${json_data}</var>
<arg>${response.json()}</arg>
<doc>Returns the given values which can then be assigned to a variables.</doc>
<status status="PASS" start="2024-06-12T06:20:30.796334" elapsed="0.000508"/>
</kw>
<kw name="Set Variable" owner="BuiltIn">
<msg time="2024-06-12T06:20:30.797516" level="INFO">${name_title} = Mrs</msg>
<var>${name_title}</var>
<arg>${json_data["results"][0]["name"]["title"]}</arg>
<doc>Returns the given values which can then be assigned to a variables.</doc>
<status status="PASS" start="2024-06-12T06:20:30.797144" elapsed="0.000397"/>
</kw>
<kw name="Create List" owner="BuiltIn">
<msg time="2024-06-12T06:20:30.797974" level="INFO">${allowed_titles} = ['Mr', 'Ms', 'Miss', 'Mrs', 'Madame', 'Monsieur']</msg>
<var>${allowed_titles}</var>
<arg>Mr</arg>
<arg>Ms</arg>
<arg>Miss</arg>
<arg>Mrs</arg>
<arg>Madame</arg>
<arg>Monsieur</arg>
<doc>Returns a list containing given items.</doc>
<status status="PASS" start="2024-06-12T06:20:30.797830" elapsed="0.000168"/>
</kw>
<kw name="List Should Contain Value" owner="Collections">
<arg>${allowed_titles}</arg>
<arg>${name_title}</arg>
<doc>Fails if the ``value`` is not found from ``list``.</doc>
<status status="PASS" start="2024-06-12T06:20:30.798290" elapsed="0.000169"/>
</kw>
<kw name="Set Variable" owner="BuiltIn">
<msg time="2024-06-12T06:20:30.798991" level="INFO">${name_country} = IR</msg>
<var>${name_country}</var>
<arg>${json_data["results"][0]["nat"]}</arg>
<doc>Returns the given values which can then be assigned to a variables.</doc>
<status status="PASS" start="2024-06-12T06:20:30.798634" elapsed="0.000382"/>
</kw>
<kw name="Create List" owner="BuiltIn">
<msg time="2024-06-12T06:20:30.799907" level="INFO">${list_country} = ['AD', 'AE', 'AF', 'AG', 'AI', 'AL', 'AM', 'AO', 'AQ', 'AR', 'AS', 'AT', 'AU', 'AW', 'AX', 'AZ', 'BA', 'BB', 'BD', 'BE', 'BF', 'BG', 'BH', 'BI', 'BJ', 'BL', 'BM', 'BN', 'BO', 'BQ', 'BR', 'BS', 'BT', '...</msg>
<var>${list_country}</var>
<arg>AD</arg>
<arg>AE</arg>
<arg>AF</arg>
<arg>AG</arg>
<arg>AI</arg>
<arg>AL</arg>
<arg>AM</arg>
<arg>AO</arg>
<arg>AQ</arg>
<arg>AR</arg>
<arg>AS</arg>
<arg>AT</arg>
<arg>AU</arg>
<arg>AW</arg>
<arg>AX</arg>
<arg>AZ</arg>
<arg>BA</arg>
<arg>BB</arg>
<arg>BD</arg>
<arg>BE</arg>
<arg>BF</arg>
<arg>BG</arg>
<arg>BH</arg>
<arg>BI</arg>
<arg>BJ</arg>
<arg>BL</arg>
<arg>BM</arg>
<arg>BN</arg>
<arg>BO</arg>
<arg>BQ</arg>
<arg>BR</arg>
<arg>BS</arg>
<arg>BT</arg>
<arg>BV</arg>
<arg>BW</arg>
<arg>BY</arg>
<arg>BZ</arg>
<arg>CA</arg>
<arg>CC</arg>
<arg>CD</arg>
<arg>CF</arg>
<arg>CG</arg>
<arg>CH</arg>
<arg>CI</arg>
<arg>CK</arg>
<arg>CL</arg>
<arg>CM</arg>
<arg>CN</arg>
<arg>CO</arg>
<arg>CR</arg>
<arg>CU</arg>
<arg>CV</arg>
<arg>CW</arg>
<arg>CX</arg>
<arg>CY</arg>
<arg>CZ</arg>
<arg>DE</arg>
<arg>DJ</arg>
<arg>DK</arg>
<arg>DM</arg>
<arg>DO</arg>
<arg>DZ</arg>
<arg>EC</arg>
<arg>EE</arg>
<arg>EG</arg>
<arg>EH</arg>
<arg>ER</arg>
<arg>ES</arg>
<arg>ET</arg>
<arg>FI</arg>
<arg>FJ</arg>
<arg>FK</arg>
<arg>FM</arg>
<arg>FO</arg>
<arg>FR</arg>
<arg>GA</arg>
<arg>GB</arg>
<arg>GD</arg>
<arg>GE</arg>
<arg>GF</arg>
<arg>GG</arg>
<arg>GH</arg>
<arg>GI</arg>
<arg>GL</arg>
<arg>GM</arg>
<arg>GN</arg>
<arg>GP</arg>
<arg>GQ</arg>
<arg>GR</arg>
<arg>GS</arg>
<arg>GT</arg>
<arg>GU</arg>
<arg>GW</arg>
<arg>GY</arg>
<arg>HK</arg>
<arg>HM</arg>
<arg>HN</arg>
<arg>HR</arg>
<arg>HT</arg>
<arg>HU</arg>
<arg>ID</arg>
<arg>IE</arg>
<arg>IL</arg>
<arg>IM</arg>
<arg>IN</arg>
<arg>IO</arg>
<arg>IQ</arg>
<arg>IR</arg>
<arg>IS</arg>
<arg>IT</arg>
<arg>JE</arg>
<arg>JM</arg>
<arg>JO</arg>
<arg>JP</arg>
<arg>KE</arg>
<arg>KG</arg>
<arg>KH</arg>
<arg>KI</arg>
<arg>KM</arg>
<arg>KN</arg>
<arg>KP</arg>
<arg>KR</arg>
<arg>KW</arg>
<arg>KY</arg>
<arg>KZ</arg>
<arg>LA</arg>
<arg>LB</arg>
<arg>LC</arg>
<arg>LI</arg>
<arg>LK</arg>
<arg>LR</arg>
<arg>LS</arg>
<arg>LT</arg>
<arg>LU</arg>
<arg>LV</arg>
<arg>LY</arg>
<arg>MA</arg>
<arg>MC</arg>
<arg>MD</arg>
<arg>ME</arg>
<arg>MF</arg>
<arg>MG</arg>
<arg>MH</arg>
<arg>MK</arg>
<arg>ML</arg>
<arg>MM</arg>
<arg>MN</arg>
<arg>MO</arg>
<arg>MP</arg>
<arg>MQ</arg>
<arg>MR</arg>
<arg>MS</arg>
<arg>MT</arg>
<arg>MU</arg>
<arg>MV</arg>
<arg>MW</arg>
<arg>MX</arg>
<arg>MY</arg>
<arg>MZ</arg>
<arg>NA</arg>
<arg>NC</arg>
<arg>NE</arg>
<arg>NF</arg>
<arg>NG</arg>
<arg>NI</arg>
<arg>NL</arg>
<arg>NO</arg>
<arg>NP</arg>
<arg>NR</arg>
<arg>NU</arg>
<arg>NZ</arg>
<arg>OM</arg>
<arg>PA</arg>
<arg>PE</arg>
<arg>PF</arg>
<arg>PG</arg>
<arg>PH</arg>
<arg>PK</arg>
<arg>PL</arg>
<arg>PM</arg>
<arg>PN</arg>
<arg>PR</arg>
<arg>PS</arg>
<arg>PT</arg>
<arg>PW</arg>
<arg>PY</arg>
<arg>QA</arg>
<arg>RE</arg>
<arg>RO</arg>
<arg>RS</arg>
<arg>RU</arg>
<arg>RW</arg>
<arg>SA</arg>
<arg>SB</arg>
<arg>SC</arg>
<arg>SD</arg>
<arg>SE</arg>
<arg>SG</arg>
<arg>SH</arg>
<arg>SI</arg>
<arg>SJ</arg>
<arg>SK</arg>
<arg>SL</arg>
<arg>SM</arg>
<arg>SN</arg>
<arg>SO</arg>
<arg>SR</arg>
<arg>SS</arg>
<arg>ST</arg>
<arg>SV</arg>
<arg>SX</arg>
<arg>SY</arg>
<arg>SZ</arg>
<arg>TC</arg>
<arg>TD</arg>
<arg>TF</arg>
<arg>TG</arg>
<arg>TH</arg>
<arg>TJ</arg>
<arg>TK</arg>
<arg>TL</arg>
<arg>TM</arg>
<arg>TN</arg>
<arg>TO</arg>
<arg>TR</arg>
<arg>TT</arg>
<arg>TV</arg>
<arg>TW</arg>
<arg>TZ</arg>
<arg>UA</arg>
<arg>UG</arg>
<arg>UM</arg>
<arg>US</arg>
<arg>UY</arg>
<arg>UZ</arg>
<arg>VA</arg>
<arg>VC</arg>
<arg>VE</arg>
<arg>VG</arg>
<arg>VI</arg>
<arg>VN</arg>
<arg>VU</arg>
<arg>WF</arg>
<arg>WS</arg>
<arg>XK</arg>
<arg>YE</arg>
<arg>YT</arg>
<arg>ZA</arg>
<arg>ZM</arg>
<arg>ZW</arg>
<doc>Returns a list containing given items.</doc>
<status status="PASS" start="2024-06-12T06:20:30.799309" elapsed="0.000623"/>
</kw>
<kw name="List Should Contain Value" owner="Collections">
<arg>${list_country}</arg>
<arg>${name_country}</arg>
<doc>Fails if the ``value`` is not found from ``list``.</doc>
<status status="PASS" start="2024-06-12T06:20:30.800760" elapsed="0.000208"/>
</kw>
<kw name="Run Keyword If" owner="BuiltIn">
<kw name="Should Be True" owner="BuiltIn">
<arg>${True}</arg>
<doc>Fails if the given condition is not true.</doc>
<status status="PASS" start="2024-06-12T06:20:30.802043" elapsed="0.000146"/>
</kw>
<arg>${json_data["results"][0]["location"]["coordinates"]["latitude"]} &gt;= -90 and ${json_data["results"][0]["location"]["coordinates"]["latitude"]} &lt;= 90</arg>
<arg>Should Be True</arg>
<arg>${True}</arg>
<doc>Runs the given keyword with the given arguments, if ``condition`` is true.</doc>
<status status="PASS" start="2024-06-12T06:20:30.801165" elapsed="0.001151"/>
</kw>
<kw name="Run Keyword If" owner="BuiltIn">
<kw name="Should Be True" owner="BuiltIn">
<arg>${True}</arg>
<doc>Fails if the given condition is not true.</doc>
<status status="PASS" start="2024-06-12T06:20:30.803179" elapsed="0.000136"/>
</kw>
<arg>${json_data["results"][0]["location"]["coordinates"]["longitude"]} &gt;= -180 and ${json_data["results"][0]["location"]["coordinates"]["longitude"]} &lt;= 180</arg>
<arg>Should Be True</arg>
<arg>${True}</arg>
<doc>Runs the given keyword with the given arguments, if ``condition`` is true.</doc>
<status status="PASS" start="2024-06-12T06:20:30.802497" elapsed="0.000940"/>
</kw>
<status status="PASS" start="2024-06-12T06:20:30.692850" elapsed="0.110713"/>
</kw>
<doc>Testa o conteúdo específico dos campos retornados pela API.</doc>
<tag>testeConteudo</tag>
<status status="PASS" start="2024-06-12T06:20:30.692408" elapsed="0.111300"/>
</test>
<status status="PASS" start="2024-06-12T06:20:29.606412" elapsed="1.199294"/>
</suite>
<status status="PASS" start="2024-06-12T06:20:29.593093" elapsed="1.217751"/>
</suite>
<statistics>
<total>
<stat pass="5" fail="0" skip="0">All Tests</stat>
</total>
<tag>
<stat pass="1" fail="0" skip="0">testeConteudo</stat>
<stat pass="1" fail="0" skip="0">testeEstruturaResposta</stat>
<stat pass="1" fail="0" skip="0">testeRequisicaoBasica</stat>
<stat pass="1" fail="0" skip="0">testeTiposDados</stat>
</tag>
<suite>
<stat pass="5" fail="0" skip="0" id="s1" name="Tests">Tests</stat>
<stat pass="5" fail="0" skip="0" id="s1-s1" name="Random-User-Test">Tests.Random-User-Test</stat>
</suite>
</statistics>
<errors>
</errors>
</robot>
