<?xml version="1.0" encoding="UTF-8"?>
<robot generator="Robot 7.0.1 (Python 3.12.4 on linux)" generated="2024-07-05T12:27:58.354786" rpa="false" schemaversion="5">
<suite id="s1" name="Tests" source="/home/runner/work/ApiRandomUser/ApiRandomUser/RamdonUser/tests">
<suite id="s1-s1" name="Random-User-Test" source="/home/runner/work/ApiRandomUser/ApiRandomUser/RamdonUser/tests/random-user-test.robot">
<test id="s1-s1-t1" name="Conectar" line="13">
<kw name="Conectar API" owner="random-user-service">
<kw name="Create Session" owner="RequestsLibrary">
<msg time="2024-07-05T12:27:58.788749" level="INFO">Creating Session using : alias=consultarAPI, url=https://randomuser.me/, headers={},                     cookies={}, auth=None, timeout=None, proxies=None, verify=False,                     debug=0 </msg>
<arg>consultarAPI</arg>
<arg>${URL}</arg>
<doc>Create Session: create a HTTP session to a server</doc>
<status status="PASS" start="2024-07-05T12:27:58.788521" elapsed="0.000434"/>
</kw>
<status status="PASS" start="2024-07-05T12:27:58.787471" elapsed="0.001864"/>
</kw>
<status status="PASS" start="2024-07-05T12:27:58.786804" elapsed="0.002726"/>
</test>
<test id="s1-s1-t2" name="Validar retorno 200 e JSON Válido" line="16">
<kw name="Teste de Requisicao Basica" owner="random-user-service">
<kw name="GET On Session" owner="RequestsLibrary">
<msg time="2024-07-05T12:27:59.047180" level="INFO">GET Request : url=https://randomuser.me/api 
 path_url=/api 
 headers={'User-Agent': 'python-requests/2.32.3', 'Accept-Encoding': 'gzip, deflate', 'Accept': '*/*', 'Connection': 'keep-alive'} 
 body=None 
 </msg>
<msg time="2024-07-05T12:27:59.047357" level="INFO">GET Response : url=https://randomuser.me/api 
 status=200, reason=OK 
 headers={'Date': 'Fri, 05 Jul 2024 12:27:59 GMT', 'Content-Type': 'application/json; charset=utf-8', 'Transfer-Encoding': 'chunked', 'Connection': 'keep-alive', 'X-Powered-By': 'Express', 'Access-Control-Allow-Origin': '*', 'Cache-Control': 'no-cache', 'ETag': 'W/"474-CwxHpDJo0oHCl7zr4noXUD+oYHw"', 'Vary': 'Accept-Encoding', 'Content-Encoding': 'gzip', 'CF-Cache-Status': 'DYNAMIC', 'Report-To': '{"endpoints":[{"url":"https:\\/\\/a.nel.cloudflare.com\\/report\\/v4?s=c0h21Q1bPAv3Jj%2BskP0iau%2BlJnu4YmFg4U8wb7yTsF3NRP%2BlsRxXvsQGA42bxtJ%2F6q%2FhTZCE9%2B3EDRO1AdNoMFO8HQaOD1k6vA2yke3K%2B3D2air1ViNIJA7RptDf4pZi"}],"group":"cf-nel","max_age":604800}', 'NEL': '{"success_fraction":0,"report_to":"cf-nel","max_age":604800}', 'Server': 'cloudflare', 'CF-RAY': '89e75a2d8a8215bc-SJC', 'alt-svc': 'h3=":443"; ma=86400'} 
 body={"results":[{"gender":"female","name":{"title":"Mrs","first":"Claudia","last":"Ruiz"},"location":{"street":{"number":795,"name":"Calle Nebrija"},"city":"Oviedo","state":"Canarias","country":"Spain","postcode":74395,"coordinates":{"latitude":"-35.7186","longitude":"30.5073"},"timezone":{"offset":"-3:30","description":"Newfoundland"}},"email":"claudia.ruiz@example.com","login":{"uuid":"3d941ea3-bec7-478b-8a6a-8d2446067a61","username":"redleopard840","password":"ginger","salt":"3YCDFRbN","md5":"891145253a95449500552e2c512ca759","sha1":"0c2d44384ba57ce74c51b11519f328d9374f592b","sha256":"9ee07dc57dd670479ce8ccb3f43442cc377732a41cc4f17681e12372bfa44af2"},"dob":{"date":"1952-03-01T02:57:06.735Z","age":72},"registered":{"date":"2008-03-06T00:37:22.588Z","age":16},"phone":"940-346-300","cell":"683-000-805","id":{"name":"DNI","value":"89906708-C"},"picture":{"large":"https://randomuser.me/api/portraits/women/24.jpg","medium":"https://randomuser.me/api/portraits/med/women/24.jpg","thumbnail":"https://randomuser.me/api/portraits/thumb/women/24.jpg"},"nat":"ES"}],"info":{"seed":"669a4a7ec13d7bf7","results":1,"page":1,"version":"1.4"}} 
 </msg>
<msg time="2024-07-05T12:27:59.047459" level="INFO">/opt/hostedtoolcache/Python/3.12.4/x64/lib/python3.12/site-packages/urllib3/connectionpool.py:1099: InsecureRequestWarning: Unverified HTTPS request is being made to host 'randomuser.me'. Adding certificate verification is strongly advised. See: https://urllib3.readthedocs.io/en/latest/advanced-usage.html#tls-warnings
  warnings.warn(</msg>
<msg time="2024-07-05T12:27:59.047644" level="INFO">${response} = &lt;Response [200]&gt;</msg>
<var>${response}</var>
<arg>consultarAPI</arg>
<arg>/api</arg>
<doc>Sends a GET request on a previously created HTTP Session.</doc>
<status status="PASS" start="2024-07-05T12:27:58.792254" elapsed="0.255439"/>
</kw>
<kw name="Should Be Equal As Numbers" owner="BuiltIn">
<msg time="2024-07-05T12:27:59.048980" level="INFO">Argument types are:
&lt;class 'int'&gt;
&lt;class 'str'&gt;</msg>
<arg>${response.status_code}</arg>
<arg>200</arg>
<doc>Fails if objects are unequal after converting them to real numbers.</doc>
<status status="PASS" start="2024-07-05T12:27:59.048426" elapsed="0.000624"/>
</kw>
<kw name="Log" owner="BuiltIn">
<msg time="2024-07-05T12:27:59.049785" level="INFO">200</msg>
<arg>${response.status_code}</arg>
<doc>Logs the given message with the given level.</doc>
<status status="PASS" start="2024-07-05T12:27:59.049414" elapsed="0.000416"/>
</kw>
<kw name="Set Variable" owner="BuiltIn">
<msg time="2024-07-05T12:27:59.050625" level="INFO">${json_data} = {'results': [{'gender': 'female', 'name': {'title': 'Mrs', 'first': 'Claudia', 'last': 'Ruiz'}, 'location': {'street': {'number': 795, 'name': 'Calle Nebrija'}, 'city': 'Oviedo', 'state': 'Canarias', ...</msg>
<var>${json_data}</var>
<arg>${response.json()}</arg>
<doc>Returns the given values which can then be assigned to a variables.</doc>
<status status="PASS" start="2024-07-05T12:27:59.050164" elapsed="0.000490"/>
</kw>
<kw name="Dictionary Should Contain Key" owner="Collections">
<arg>${json_data}</arg>
<arg>results</arg>
<doc>Fails if ``key`` is not found from ``dictionary``.</doc>
<status status="PASS" start="2024-07-05T12:27:59.050966" elapsed="0.000176"/>
</kw>
<status status="PASS" start="2024-07-05T12:27:58.791986" elapsed="0.259321"/>
</kw>
<doc>Testa se a API responde corretamente e retorna um objeto JSON válido.</doc>
<tag>testeRequisicaoBasica</tag>
<status status="PASS" start="2024-07-05T12:27:58.791425" elapsed="0.260066"/>
</test>
<test id="s1-s1-t3" name="Validar estrutura de resposta" line="22">
<kw name="Teste de Estrutura de Resposta" owner="random-user-service">
<kw name="GET On Session" owner="RequestsLibrary">
<msg time="2024-07-05T12:27:59.346320" level="INFO">GET Request : url=https://randomuser.me/api 
 path_url=/api 
 headers={'User-Agent': 'python-requests/2.32.3', 'Accept-Encoding': 'gzip, deflate', 'Accept': '*/*', 'Connection': 'keep-alive'} 
 body=None 
 </msg>
<msg time="2024-07-05T12:27:59.346424" level="INFO">GET Response : url=https://randomuser.me/api 
 status=200, reason=OK 
 headers={'Date': 'Fri, 05 Jul 2024 12:27:59 GMT', 'Content-Type': 'application/json; charset=utf-8', 'Transfer-Encoding': 'chunked', 'Connection': 'keep-alive', 'X-Powered-By': 'Express', 'Access-Control-Allow-Origin': '*', 'Cache-Control': 'no-cache', 'ETag': 'W/"492-ysvYRcn8fQg6PzJdnRmGYMM33NM"', 'Vary': 'Accept-Encoding', 'Content-Encoding': 'gzip', 'CF-Cache-Status': 'DYNAMIC', 'Report-To': '{"endpoints":[{"url":"https:\\/\\/a.nel.cloudflare.com\\/report\\/v4?s=fnMNvkwPJEbs6SoDnXavtb3n0QRIaPZ5MT9cYsrDEDpmQ%2BpOVcAcF9He%2BoUUnhQ7cRWm2wBTboalXeUh0w3hI%2F55Yk6WmepGO%2BmwoEK14mH%2B9kHuRUYzgvwVCQQp%2Bzfr"}],"group":"cf-nel","max_age":604800}', 'NEL': '{"success_fraction":0,"report_to":"cf-nel","max_age":604800}', 'Server': 'cloudflare', 'CF-RAY': '89e75a2e1aec15bc-SJC', 'alt-svc': 'h3=":443"; ma=86400'} 
 body={"results":[{"gender":"female","name":{"title":"Mrs","first":"Elisa","last":"Ordóñez"},"location":{"street":{"number":9993,"name":"Calle Baja California Sur"},"city":"Conkal","state":"Sonora","country":"Mexico","postcode":42442,"coordinates":{"latitude":"26.1105","longitude":"92.5221"},"timezone":{"offset":"-3:30","description":"Newfoundland"}},"email":"elisa.ordonez@example.com","login":{"uuid":"4a95f23c-5ea5-487a-94a1-9a35b762159e","username":"beautifulmeercat704","password":"nice","salt":"6OwHEQgs","md5":"333c14de2a5cf6da8e288ac687d62e6c","sha1":"8d7e14862c571ff7914456f5067006b1e53806b0","sha256":"70ab46ae2cfe18e150bebd25a68227238e83cb125f68ac50adf41f736a280843"},"dob":{"date":"1955-12-19T05:37:37.305Z","age":68},"registered":{"date":"2009-07-26T18:23:00.693Z","age":14},"phone":"(644) 113 6865","cell":"(601) 303 2635","id":{"name":"NSS","value":"24 91 54 3366 3"},"picture":{"large":"https://randomuser.me/api/portraits/women/69.jpg","medium":"https://randomuser.me/api/portraits/med/women/69.jpg","thumbnail":"https://randomuser.me/api/portraits/thumb/women/69.jpg"},"nat":"MX"}],"info":{"seed":"46eaddb15c46164c","results":1,"page":1,"version":"1.4"}} 
 </msg>
<msg time="2024-07-05T12:27:59.346569" level="INFO">/opt/hostedtoolcache/Python/3.12.4/x64/lib/python3.12/site-packages/urllib3/connectionpool.py:1099: InsecureRequestWarning: Unverified HTTPS request is being made to host 'randomuser.me'. Adding certificate verification is strongly advised. See: https://urllib3.readthedocs.io/en/latest/advanced-usage.html#tls-warnings
  warnings.warn(</msg>
<msg time="2024-07-05T12:27:59.346694" level="INFO">${response} = &lt;Response [200]&gt;</msg>
<var>${response}</var>
<arg>consultarAPI</arg>
<arg>/api</arg>
<doc>Sends a GET request on a previously created HTTP Session.</doc>
<status status="PASS" start="2024-07-05T12:27:59.055084" elapsed="0.291642"/>
</kw>
<kw name="Set Variable" owner="BuiltIn">
<msg time="2024-07-05T12:27:59.347859" level="INFO">${json_data} = {'results': [{'gender': 'female', 'name': {'title': 'Mrs', 'first': 'Elisa', 'last': 'Ordóñez'}, 'location': {'street': {'number': 9993, 'name': 'Calle Baja California Sur'}, 'city': 'Conkal', 'state'...</msg>
<var>${json_data}</var>
<arg>${response.json()}</arg>
<doc>Returns the given values which can then be assigned to a variables.</doc>
<status status="PASS" start="2024-07-05T12:27:59.347282" elapsed="0.000606"/>
</kw>
<kw name="Log" owner="BuiltIn">
<msg time="2024-07-05T12:27:59.348370" level="INFO">{'results': [{'gender': 'female', 'name': {'title': 'Mrs', 'first': 'Elisa', 'last': 'Ordóñez'}, 'location': {'street': {'number': 9993, 'name': 'Calle Baja California Sur'}, 'city': 'Conkal', 'state': 'Sonora', 'country': 'Mexico', 'postcode': 42442, 'coordinates': {'latitude': '26.1105', 'longitude': '92.5221'}, 'timezone': {'offset': '-3:30', 'description': 'Newfoundland'}}, 'email': 'elisa.ordonez@example.com', 'login': {'uuid': '4a95f23c-5ea5-487a-94a1-9a35b762159e', 'username': 'beautifulmeercat704', 'password': 'nice', 'salt': '6OwHEQgs', 'md5': '333c14de2a5cf6da8e288ac687d62e6c', 'sha1': '8d7e14862c571ff7914456f5067006b1e53806b0', 'sha256': '70ab46ae2cfe18e150bebd25a68227238e83cb125f68ac50adf41f736a280843'}, 'dob': {'date': '1955-12-19T05:37:37.305Z', 'age': 68}, 'registered': {'date': '2009-07-26T18:23:00.693Z', 'age': 14}, 'phone': '(644) 113 6865', 'cell': '(601) 303 2635', 'id': {'name': 'NSS', 'value': '24 91 54 3366 3'}, 'picture': {'large': 'https://randomuser.me/api/portraits/women/69.jpg', 'medium': 'https://randomuser.me/api/portraits/med/women/69.jpg', 'thumbnail': 'https://randomuser.me/api/portraits/thumb/women/69.jpg'}, 'nat': 'MX'}], 'info': {'seed': '46eaddb15c46164c', 'results': 1, 'page': 1, 'version': '1.4'}}</msg>
<arg>${json_data}</arg>
<doc>Logs the given message with the given level.</doc>
<status status="PASS" start="2024-07-05T12:27:59.348207" elapsed="0.000212"/>
</kw>
<kw name="Dictionary Should Contain Key" owner="Collections">
<arg>${json_data}</arg>
<arg>results</arg>
<doc>Fails if ``key`` is not found from ``dictionary``.</doc>
<status status="PASS" start="2024-07-05T12:27:59.348709" elapsed="0.000161"/>
</kw>
<kw name="Should Not Be Empty" owner="BuiltIn">
<msg time="2024-07-05T12:27:59.349179" level="INFO">Length is 2.</msg>
<arg>${json_data}</arg>
<doc>Verifies that the given item is not empty.</doc>
<status status="PASS" start="2024-07-05T12:27:59.349051" elapsed="0.000167"/>
</kw>
<kw name="Create List" owner="BuiltIn">
<msg time="2024-07-05T12:27:59.349819" level="INFO">${expected_keys} = ['gender', 'name', 'location', 'email', 'login']</msg>
<var>${expected_keys}</var>
<arg>gender</arg>
<arg>name</arg>
<arg>location</arg>
<arg>email</arg>
<arg>login</arg>
<doc>Returns a list containing given items.</doc>
<status status="PASS" start="2024-07-05T12:27:59.349510" elapsed="0.000333"/>
</kw>
<for flavor="IN">
<iter>
<kw name="Dictionary Should Contain Key" owner="Collections">
<arg>${json_data['results'][0]}</arg>
<arg>${key}</arg>
<doc>Fails if ``key`` is not found from ``dictionary``.</doc>
<status status="PASS" start="2024-07-05T12:27:59.350439" elapsed="0.000397"/>
</kw>
<kw name="Log" owner="BuiltIn">
<msg time="2024-07-05T12:27:59.351388" level="INFO">{'gender': 'female', 'name': {'title': 'Mrs', 'first': 'Elisa', 'last': 'Ordóñez'}, 'location': {'street': {'number': 9993, 'name': 'Calle Baja California Sur'}, 'city': 'Conkal', 'state': 'Sonora', 'country': 'Mexico', 'postcode': 42442, 'coordinates': {'latitude': '26.1105', 'longitude': '92.5221'}, 'timezone': {'offset': '-3:30', 'description': 'Newfoundland'}}, 'email': 'elisa.ordonez@example.com', 'login': {'uuid': '4a95f23c-5ea5-487a-94a1-9a35b762159e', 'username': 'beautifulmeercat704', 'password': 'nice', 'salt': '6OwHEQgs', 'md5': '333c14de2a5cf6da8e288ac687d62e6c', 'sha1': '8d7e14862c571ff7914456f5067006b1e53806b0', 'sha256': '70ab46ae2cfe18e150bebd25a68227238e83cb125f68ac50adf41f736a280843'}, 'dob': {'date': '1955-12-19T05:37:37.305Z', 'age': 68}, 'registered': {'date': '2009-07-26T18:23:00.693Z', 'age': 14}, 'phone': '(644) 113 6865', 'cell': '(601) 303 2635', 'id': {'name': 'NSS', 'value': '24 91 54 3366 3'}, 'picture': {'large': 'https://randomuser.me/api/portraits/women/69.jpg', 'medium': 'https://randomuser.me/api/portraits/med/women/69.jpg', 'thumbnail': 'https://randomuser.me/api/portraits/thumb/women/69.jpg'}, 'nat': 'MX'}</msg>
<arg>${json_data['results'][0]}</arg>
<doc>Logs the given message with the given level.</doc>
<status status="PASS" start="2024-07-05T12:27:59.351019" elapsed="0.000419"/>
</kw>
<kw name="Log" owner="BuiltIn">
<msg time="2024-07-05T12:27:59.351902" level="INFO">gender</msg>
<arg>${key}</arg>
<doc>Logs the given message with the given level.</doc>
<status status="PASS" start="2024-07-05T12:27:59.351770" elapsed="0.000169"/>
</kw>
<var name="${key}">gender</var>
<status status="PASS" start="2024-07-05T12:27:59.350309" elapsed="0.001854"/>
</iter>
<iter>
<kw name="Dictionary Should Contain Key" owner="Collections">
<arg>${json_data['results'][0]}</arg>
<arg>${key}</arg>
<doc>Fails if ``key`` is not found from ``dictionary``.</doc>
<status status="PASS" start="2024-07-05T12:27:59.352470" elapsed="0.000380"/>
</kw>
<kw name="Log" owner="BuiltIn">
<msg time="2024-07-05T12:27:59.353379" level="INFO">{'gender': 'female', 'name': {'title': 'Mrs', 'first': 'Elisa', 'last': 'Ordóñez'}, 'location': {'street': {'number': 9993, 'name': 'Calle Baja California Sur'}, 'city': 'Conkal', 'state': 'Sonora', 'country': 'Mexico', 'postcode': 42442, 'coordinates': {'latitude': '26.1105', 'longitude': '92.5221'}, 'timezone': {'offset': '-3:30', 'description': 'Newfoundland'}}, 'email': 'elisa.ordonez@example.com', 'login': {'uuid': '4a95f23c-5ea5-487a-94a1-9a35b762159e', 'username': 'beautifulmeercat704', 'password': 'nice', 'salt': '6OwHEQgs', 'md5': '333c14de2a5cf6da8e288ac687d62e6c', 'sha1': '8d7e14862c571ff7914456f5067006b1e53806b0', 'sha256': '70ab46ae2cfe18e150bebd25a68227238e83cb125f68ac50adf41f736a280843'}, 'dob': {'date': '1955-12-19T05:37:37.305Z', 'age': 68}, 'registered': {'date': '2009-07-26T18:23:00.693Z', 'age': 14}, 'phone': '(644) 113 6865', 'cell': '(601) 303 2635', 'id': {'name': 'NSS', 'value': '24 91 54 3366 3'}, 'picture': {'large': 'https://randomuser.me/api/portraits/women/69.jpg', 'medium': 'https://randomuser.me/api/portraits/med/women/69.jpg', 'thumbnail': 'https://randomuser.me/api/portraits/thumb/women/69.jpg'}, 'nat': 'MX'}</msg>
<arg>${json_data['results'][0]}</arg>
<doc>Logs the given message with the given level.</doc>
<status status="PASS" start="2024-07-05T12:27:59.353031" elapsed="0.000430"/>
</kw>
<kw name="Log" owner="BuiltIn">
<msg time="2024-07-05T12:27:59.353880" level="INFO">name</msg>
<arg>${key}</arg>
<doc>Logs the given message with the given level.</doc>
<status status="PASS" start="2024-07-05T12:27:59.353755" elapsed="0.000163"/>
</kw>
<var name="${key}">name</var>
<status status="PASS" start="2024-07-05T12:27:59.352353" elapsed="0.001784"/>
</iter>
<iter>
<kw name="Dictionary Should Contain Key" owner="Collections">
<arg>${json_data['results'][0]}</arg>
<arg>${key}</arg>
<doc>Fails if ``key`` is not found from ``dictionary``.</doc>
<status status="PASS" start="2024-07-05T12:27:59.354417" elapsed="0.000374"/>
</kw>
<kw name="Log" owner="BuiltIn">
<msg time="2024-07-05T12:27:59.355326" level="INFO">{'gender': 'female', 'name': {'title': 'Mrs', 'first': 'Elisa', 'last': 'Ordóñez'}, 'location': {'street': {'number': 9993, 'name': 'Calle Baja California Sur'}, 'city': 'Conkal', 'state': 'Sonora', 'country': 'Mexico', 'postcode': 42442, 'coordinates': {'latitude': '26.1105', 'longitude': '92.5221'}, 'timezone': {'offset': '-3:30', 'description': 'Newfoundland'}}, 'email': 'elisa.ordonez@example.com', 'login': {'uuid': '4a95f23c-5ea5-487a-94a1-9a35b762159e', 'username': 'beautifulmeercat704', 'password': 'nice', 'salt': '6OwHEQgs', 'md5': '333c14de2a5cf6da8e288ac687d62e6c', 'sha1': '8d7e14862c571ff7914456f5067006b1e53806b0', 'sha256': '70ab46ae2cfe18e150bebd25a68227238e83cb125f68ac50adf41f736a280843'}, 'dob': {'date': '1955-12-19T05:37:37.305Z', 'age': 68}, 'registered': {'date': '2009-07-26T18:23:00.693Z', 'age': 14}, 'phone': '(644) 113 6865', 'cell': '(601) 303 2635', 'id': {'name': 'NSS', 'value': '24 91 54 3366 3'}, 'picture': {'large': 'https://randomuser.me/api/portraits/women/69.jpg', 'medium': 'https://randomuser.me/api/portraits/med/women/69.jpg', 'thumbnail': 'https://randomuser.me/api/portraits/thumb/women/69.jpg'}, 'nat': 'MX'}</msg>
<arg>${json_data['results'][0]}</arg>
<doc>Logs the given message with the given level.</doc>
<status status="PASS" start="2024-07-05T12:27:59.354973" elapsed="0.000404"/>
</kw>
<kw name="Log" owner="BuiltIn">
<msg time="2024-07-05T12:27:59.355868" level="INFO">location</msg>
<arg>${key}</arg>
<doc>Logs the given message with the given level.</doc>
<status status="PASS" start="2024-07-05T12:27:59.355735" elapsed="0.000170"/>
</kw>
<var name="${key}">location</var>
<status status="PASS" start="2024-07-05T12:27:59.354311" elapsed="0.001811"/>
</iter>
<iter>
<kw name="Dictionary Should Contain Key" owner="Collections">
<arg>${json_data['results'][0]}</arg>
<arg>${key}</arg>
<doc>Fails if ``key`` is not found from ``dictionary``.</doc>
<status status="PASS" start="2024-07-05T12:27:59.356394" elapsed="0.000381"/>
</kw>
<kw name="Log" owner="BuiltIn">
<msg time="2024-07-05T12:27:59.357300" level="INFO">{'gender': 'female', 'name': {'title': 'Mrs', 'first': 'Elisa', 'last': 'Ordóñez'}, 'location': {'street': {'number': 9993, 'name': 'Calle Baja California Sur'}, 'city': 'Conkal', 'state': 'Sonora', 'country': 'Mexico', 'postcode': 42442, 'coordinates': {'latitude': '26.1105', 'longitude': '92.5221'}, 'timezone': {'offset': '-3:30', 'description': 'Newfoundland'}}, 'email': 'elisa.ordonez@example.com', 'login': {'uuid': '4a95f23c-5ea5-487a-94a1-9a35b762159e', 'username': 'beautifulmeercat704', 'password': 'nice', 'salt': '6OwHEQgs', 'md5': '333c14de2a5cf6da8e288ac687d62e6c', 'sha1': '8d7e14862c571ff7914456f5067006b1e53806b0', 'sha256': '70ab46ae2cfe18e150bebd25a68227238e83cb125f68ac50adf41f736a280843'}, 'dob': {'date': '1955-12-19T05:37:37.305Z', 'age': 68}, 'registered': {'date': '2009-07-26T18:23:00.693Z', 'age': 14}, 'phone': '(644) 113 6865', 'cell': '(601) 303 2635', 'id': {'name': 'NSS', 'value': '24 91 54 3366 3'}, 'picture': {'large': 'https://randomuser.me/api/portraits/women/69.jpg', 'medium': 'https://randomuser.me/api/portraits/med/women/69.jpg', 'thumbnail': 'https://randomuser.me/api/portraits/thumb/women/69.jpg'}, 'nat': 'MX'}</msg>
<arg>${json_data['results'][0]}</arg>
<doc>Logs the given message with the given level.</doc>
<status status="PASS" start="2024-07-05T12:27:59.356952" elapsed="0.000397"/>
</kw>
<kw name="Log" owner="BuiltIn">
<msg time="2024-07-05T12:27:59.357784" level="INFO">email</msg>
<arg>${key}</arg>
<doc>Logs the given message with the given level.</doc>
<status status="PASS" start="2024-07-05T12:27:59.357658" elapsed="0.000165"/>
</kw>
<var name="${key}">email</var>
<status status="PASS" start="2024-07-05T12:27:59.356290" elapsed="0.001756"/>
</iter>
<iter>
<kw name="Dictionary Should Contain Key" owner="Collections">
<arg>${json_data['results'][0]}</arg>
<arg>${key}</arg>
<doc>Fails if ``key`` is not found from ``dictionary``.</doc>
<status status="PASS" start="2024-07-05T12:27:59.358333" elapsed="0.000391"/>
</kw>
<kw name="Log" owner="BuiltIn">
<msg time="2024-07-05T12:27:59.359254" level="INFO">{'gender': 'female', 'name': {'title': 'Mrs', 'first': 'Elisa', 'last': 'Ordóñez'}, 'location': {'street': {'number': 9993, 'name': 'Calle Baja California Sur'}, 'city': 'Conkal', 'state': 'Sonora', 'country': 'Mexico', 'postcode': 42442, 'coordinates': {'latitude': '26.1105', 'longitude': '92.5221'}, 'timezone': {'offset': '-3:30', 'description': 'Newfoundland'}}, 'email': 'elisa.ordonez@example.com', 'login': {'uuid': '4a95f23c-5ea5-487a-94a1-9a35b762159e', 'username': 'beautifulmeercat704', 'password': 'nice', 'salt': '6OwHEQgs', 'md5': '333c14de2a5cf6da8e288ac687d62e6c', 'sha1': '8d7e14862c571ff7914456f5067006b1e53806b0', 'sha256': '70ab46ae2cfe18e150bebd25a68227238e83cb125f68ac50adf41f736a280843'}, 'dob': {'date': '1955-12-19T05:37:37.305Z', 'age': 68}, 'registered': {'date': '2009-07-26T18:23:00.693Z', 'age': 14}, 'phone': '(644) 113 6865', 'cell': '(601) 303 2635', 'id': {'name': 'NSS', 'value': '24 91 54 3366 3'}, 'picture': {'large': 'https://randomuser.me/api/portraits/women/69.jpg', 'medium': 'https://randomuser.me/api/portraits/med/women/69.jpg', 'thumbnail': 'https://randomuser.me/api/portraits/thumb/women/69.jpg'}, 'nat': 'MX'}</msg>
<arg>${json_data['results'][0]}</arg>
<doc>Logs the given message with the given level.</doc>
<status status="PASS" start="2024-07-05T12:27:59.358906" elapsed="0.000397"/>
</kw>
<kw name="Log" owner="BuiltIn">
<msg time="2024-07-05T12:27:59.359774" level="INFO">login</msg>
<arg>${key}</arg>
<doc>Logs the given message with the given level.</doc>
<status status="PASS" start="2024-07-05T12:27:59.359634" elapsed="0.000178"/>
</kw>
<var name="${key}">login</var>
<status status="PASS" start="2024-07-05T12:27:59.358219" elapsed="0.001818"/>
</iter>
<var>${key}</var>
<value>@{expected_keys}</value>
<status status="PASS" start="2024-07-05T12:27:59.350109" elapsed="0.010052"/>
</for>
<kw name="Create List" owner="BuiltIn">
<msg time="2024-07-05T12:27:59.360509" level="INFO">${expected_keysTwo} = ['username', 'password']</msg>
<var>${expected_keysTwo}</var>
<arg>username</arg>
<arg>password</arg>
<doc>Returns a list containing given items.</doc>
<status status="PASS" start="2024-07-05T12:27:59.360359" elapsed="0.000203"/>
</kw>
<for flavor="IN">
<iter>
<kw name="Dictionary Should Contain Key" owner="Collections">
<arg>${json_data['results'][0]['login']}</arg>
<arg>${keyTwo}</arg>
<doc>Fails if ``key`` is not found from ``dictionary``.</doc>
<status status="PASS" start="2024-07-05T12:27:59.361078" elapsed="0.000392"/>
</kw>
<kw name="Dictionary Should Contain Key" owner="Collections">
<arg>${json_data['results'][0]['login']}</arg>
<arg>${keyTwo}</arg>
<doc>Fails if ``key`` is not found from ``dictionary``.</doc>
<status status="PASS" start="2024-07-05T12:27:59.361654" elapsed="0.000378"/>
</kw>
<kw name="Log" owner="BuiltIn">
<msg time="2024-07-05T12:27:59.362344" level="INFO">username</msg>
<arg>${keyTwo}</arg>
<doc>Logs the given message with the given level.</doc>
<status status="PASS" start="2024-07-05T12:27:59.362220" elapsed="0.000162"/>
</kw>
<var name="${keyTwo}">username</var>
<status status="PASS" start="2024-07-05T12:27:59.360971" elapsed="0.001642"/>
</iter>
<iter>
<kw name="Dictionary Should Contain Key" owner="Collections">
<arg>${json_data['results'][0]['login']}</arg>
<arg>${keyTwo}</arg>
<doc>Fails if ``key`` is not found from ``dictionary``.</doc>
<status status="PASS" start="2024-07-05T12:27:59.362889" elapsed="0.000379"/>
</kw>
<kw name="Dictionary Should Contain Key" owner="Collections">
<arg>${json_data['results'][0]['login']}</arg>
<arg>${keyTwo}</arg>
<doc>Fails if ``key`` is not found from ``dictionary``.</doc>
<status status="PASS" start="2024-07-05T12:27:59.363446" elapsed="0.000418"/>
</kw>
<kw name="Log" owner="BuiltIn">
<msg time="2024-07-05T12:27:59.364165" level="INFO">password</msg>
<arg>${keyTwo}</arg>
<doc>Logs the given message with the given level.</doc>
<status status="PASS" start="2024-07-05T12:27:59.364044" elapsed="0.000164"/>
</kw>
<var name="${keyTwo}">password</var>
<status status="PASS" start="2024-07-05T12:27:59.362784" elapsed="0.001754"/>
</iter>
<var>${keyTwo}</var>
<value>@{expected_keysTwo}</value>
<status status="PASS" start="2024-07-05T12:27:59.360813" elapsed="0.003847"/>
</for>
<status status="PASS" start="2024-07-05T12:27:59.054704" elapsed="0.310103"/>
</kw>
<doc>Testa a estrutura da resposta da API.</doc>
<tag>testeEstruturaResposta</tag>
<status status="PASS" start="2024-07-05T12:27:59.053880" elapsed="0.311087"/>
</test>
<test id="s1-s1-t4" name="Validar tipos de dados" line="28">
<kw name="Teste de Tipos de Dados" owner="random-user-service">
<kw name="GET On Session" owner="RequestsLibrary">
<msg time="2024-07-05T12:27:59.457215" level="INFO">GET Request : url=https://randomuser.me/api 
 path_url=/api 
 headers={'User-Agent': 'python-requests/2.32.3', 'Accept-Encoding': 'gzip, deflate', 'Accept': '*/*', 'Connection': 'keep-alive'} 
 body=None 
 </msg>
<msg time="2024-07-05T12:27:59.457313" level="INFO">GET Response : url=https://randomuser.me/api 
 status=200, reason=OK 
 headers={'Date': 'Fri, 05 Jul 2024 12:27:59 GMT', 'Content-Type': 'application/json; charset=utf-8', 'Transfer-Encoding': 'chunked', 'Connection': 'keep-alive', 'X-Powered-By': 'Express', 'Access-Control-Allow-Origin': '*', 'Cache-Control': 'no-cache', 'ETag': 'W/"49b-kr0J4Nhw1xSe2MkghAffNt5nxZg"', 'Vary': 'Accept-Encoding', 'Content-Encoding': 'gzip', 'CF-Cache-Status': 'DYNAMIC', 'Report-To': '{"endpoints":[{"url":"https:\\/\\/a.nel.cloudflare.com\\/report\\/v4?s=NPjtd5aT0DhhN3bhSwNat537XdQo4hszZdWgtVjPO28R4d%2F3CLODHM57bXpp7R92W0fzaOGvJF7bWSy%2BgCeQ27R%2B8hFgY63HA%2FWVE3CTJzpAJ2xVGhUnnnuztMV9EoIY"}],"group":"cf-nel","max_age":604800}', 'NEL': '{"success_fraction":0,"report_to":"cf-nel","max_age":604800}', 'Server': 'cloudflare', 'CF-RAY': '89e75a301c4615bc-SJC', 'alt-svc': 'h3=":443"; ma=86400'} 
 body={"results":[{"gender":"female","name":{"title":"Mrs","first":"Caroline","last":"Soto"},"location":{"street":{"number":6897,"name":"Grafton Street"},"city":"Clonakilty","state":"Longford","country":"Ireland","postcode":13110,"coordinates":{"latitude":"-3.4372","longitude":"49.4575"},"timezone":{"offset":"+5:00","description":"Ekaterinburg, Islamabad, Karachi, Tashkent"}},"email":"caroline.soto@example.com","login":{"uuid":"3d9ab349-0e5a-48fa-bf94-6992c0118e70","username":"crazygorilla607","password":"mojo","salt":"4uNG7Qm0","md5":"3ea9e05cfb2f43198c0bc8935ec2a633","sha1":"1643ab3a021f5d3972e00ea59636c827ef054ac3","sha256":"9160a77814dfd23a03e292856a6cf5e242362da1745273f90ee1b01675bd71de"},"dob":{"date":"1976-09-03T09:41:02.101Z","age":47},"registered":{"date":"2004-10-24T21:05:05.616Z","age":19},"phone":"011-105-8405","cell":"081-690-2634","id":{"name":"PPS","value":"0527747T"},"picture":{"large":"https://randomuser.me/api/portraits/women/78.jpg","medium":"https://randomuser.me/api/portraits/med/women/78.jpg","thumbnail":"https://randomuser.me/api/portraits/thumb/women/78.jpg"},"nat":"IE"}],"info":{"seed":"6a718940efd1566c","results":1,"page":1,"version":"1.4"}} 
 </msg>
<msg time="2024-07-05T12:27:59.457384" level="INFO">/opt/hostedtoolcache/Python/3.12.4/x64/lib/python3.12/site-packages/urllib3/connectionpool.py:1099: InsecureRequestWarning: Unverified HTTPS request is being made to host 'randomuser.me'. Adding certificate verification is strongly advised. See: https://urllib3.readthedocs.io/en/latest/advanced-usage.html#tls-warnings
  warnings.warn(</msg>
<msg time="2024-07-05T12:27:59.457502" level="INFO">${response} = &lt;Response [200]&gt;</msg>
<var>${response}</var>
<arg>consultarAPI</arg>
<arg>/api</arg>
<doc>Sends a GET request on a previously created HTTP Session.</doc>
<status status="PASS" start="2024-07-05T12:27:59.367498" elapsed="0.090032"/>
</kw>
<kw name="Set Variable" owner="BuiltIn">
<msg time="2024-07-05T12:27:59.458604" level="INFO">${json_data} = {'results': [{'gender': 'female', 'name': {'title': 'Mrs', 'first': 'Caroline', 'last': 'Soto'}, 'location': {'street': {'number': 6897, 'name': 'Grafton Street'}, 'city': 'Clonakilty', 'state': 'Long...</msg>
<var>${json_data}</var>
<arg>${response.json()}</arg>
<doc>Returns the given values which can then be assigned to a variables.</doc>
<status status="PASS" start="2024-07-05T12:27:59.458082" elapsed="0.000555"/>
</kw>
<kw name="Log" owner="BuiltIn">
<msg time="2024-07-05T12:27:59.459112" level="INFO">{'results': [{'gender': 'female', 'name': {'title': 'Mrs', 'first': 'Caroline', 'last': 'Soto'}, 'location': {'street': {'number': 6897, 'name': 'Grafton Street'}, 'city': 'Clonakilty', 'state': 'Longford', 'country': 'Ireland', 'postcode': 13110, 'coordinates': {'latitude': '-3.4372', 'longitude': '49.4575'}, 'timezone': {'offset': '+5:00', 'description': 'Ekaterinburg, Islamabad, Karachi, Tashkent'}}, 'email': 'caroline.soto@example.com', 'login': {'uuid': '3d9ab349-0e5a-48fa-bf94-6992c0118e70', 'username': 'crazygorilla607', 'password': 'mojo', 'salt': '4uNG7Qm0', 'md5': '3ea9e05cfb2f43198c0bc8935ec2a633', 'sha1': '1643ab3a021f5d3972e00ea59636c827ef054ac3', 'sha256': '9160a77814dfd23a03e292856a6cf5e242362da1745273f90ee1b01675bd71de'}, 'dob': {'date': '1976-09-03T09:41:02.101Z', 'age': 47}, 'registered': {'date': '2004-10-24T21:05:05.616Z', 'age': 19}, 'phone': '011-105-8405', 'cell': '081-690-2634', 'id': {'name': 'PPS', 'value': '0527747T'}, 'picture': {'large': 'https://randomuser.me/api/portraits/women/78.jpg', 'medium': 'https://randomuser.me/api/portraits/med/women/78.jpg', 'thumbnail': 'https://randomuser.me/api/portraits/thumb/women/78.jpg'}, 'nat': 'IE'}], 'info': {'seed': '6a718940efd1566c', 'results': 1, 'page': 1, 'version': '1.4'}}</msg>
<arg>${json_data}</arg>
<doc>Logs the given message with the given level.</doc>
<status status="PASS" start="2024-07-05T12:27:59.458946" elapsed="0.000214"/>
</kw>
<kw name="Should Be String" owner="String">
<arg>${json_data['results'][0]['gender']}</arg>
<doc>Fails if the given ``item`` is not a string.</doc>
<status status="PASS" start="2024-07-05T12:27:59.459447" elapsed="0.000409"/>
</kw>
<kw name="Should Match Regexp" owner="BuiltIn">
<arg>${json_data['results'][0]['email']}</arg>
<arg>^[a-zA-Z0-9._%+-]+@[a-zA-Z0-9.-]+\.[a-zA-Z]{2,}$</arg>
<doc>Fails if ``string`` does not match ``pattern`` as a regular expression.</doc>
<status status="PASS" start="2024-07-05T12:27:59.460046" elapsed="0.000559"/>
</kw>
<kw name="Should Match Regexp" owner="BuiltIn">
<arg>${json_data['results'][0]['dob']['date']}</arg>
<arg>\\d{4}-\\d{2}-\\d{2}T\\d{2}:\\d{2}:\\d{2}\\.\\d{3}Z</arg>
<doc>Fails if ``string`` does not match ``pattern`` as a regular expression.</doc>
<status status="PASS" start="2024-07-05T12:27:59.460799" elapsed="0.000488"/>
</kw>
<kw name="Should Match Regexp" owner="BuiltIn">
<arg>${json_data['results'][0]['registered']['date']}</arg>
<arg>\\d{4}-\\d{2}-\\d{2}T\\d{2}:\\d{2}:\\d{2}\\.\\d{3}Z</arg>
<doc>Fails if ``string`` does not match ``pattern`` as a regular expression.</doc>
<status status="PASS" start="2024-07-05T12:27:59.461475" elapsed="0.000363"/>
</kw>
<kw name="Should Match Regexp" owner="BuiltIn">
<arg>${json_data['results'][0]['picture']['large']}</arg>
<arg>^https?://.*\.(?:png|jpe?g|gif|bmp)$</arg>
<doc>Fails if ``string`` does not match ``pattern`` as a regular expression.</doc>
<status status="PASS" start="2024-07-05T12:27:59.462025" elapsed="0.000459"/>
</kw>
<kw name="Should Match Regexp" owner="BuiltIn">
<arg>${json_data['results'][0]['picture']['medium']}</arg>
<arg>^https?://.*\.(?:png|jpe?g|gif|bmp)$</arg>
<doc>Fails if ``string`` does not match ``pattern`` as a regular expression.</doc>
<status status="PASS" start="2024-07-05T12:27:59.462667" elapsed="0.000351"/>
</kw>
<kw name="Should Match Regexp" owner="BuiltIn">
<arg>${json_data['results'][0]['picture']['thumbnail']}</arg>
<arg>^https?://.*\.(?:png|jpe?g|gif|bmp)$</arg>
<doc>Fails if ``string`` does not match ``pattern`` as a regular expression.</doc>
<status status="PASS" start="2024-07-05T12:27:59.463198" elapsed="0.000352"/>
</kw>
<kw name="Log" owner="BuiltIn">
<msg time="2024-07-05T12:27:59.464084" level="INFO">{'large': 'https://randomuser.me/api/portraits/women/78.jpg', 'medium': 'https://randomuser.me/api/portraits/med/women/78.jpg', 'thumbnail': 'https://randomuser.me/api/portraits/thumb/women/78.jpg'}</msg>
<arg>${json_data['results'][0]['picture']}</arg>
<doc>Logs the given message with the given level.</doc>
<status status="PASS" start="2024-07-05T12:27:59.463756" elapsed="0.000371"/>
</kw>
<status status="PASS" start="2024-07-05T12:27:59.367256" elapsed="0.097129"/>
</kw>
<kw name="Teste de Tipos de Dados - Postcode" owner="random-user-service">
<kw name="GET On Session" owner="RequestsLibrary">
<msg time="2024-07-05T12:27:59.642638" level="INFO">GET Request : url=https://randomuser.me/api 
 path_url=/api 
 headers={'User-Agent': 'python-requests/2.32.3', 'Accept-Encoding': 'gzip, deflate', 'Accept': '*/*', 'Connection': 'keep-alive'} 
 body=None 
 </msg>
<msg time="2024-07-05T12:27:59.642740" level="INFO">GET Response : url=https://randomuser.me/api 
 status=200, reason=OK 
 headers={'Date': 'Fri, 05 Jul 2024 12:27:59 GMT', 'Content-Type': 'application/json; charset=utf-8', 'Transfer-Encoding': 'chunked', 'Connection': 'keep-alive', 'X-Powered-By': 'Express', 'Access-Control-Allow-Origin': '*', 'Cache-Control': 'no-cache', 'ETag': 'W/"484-RG5XVAgzeVgB7kHkeG+BC2ARt0c"', 'Vary': 'Accept-Encoding', 'Content-Encoding': 'gzip', 'CF-Cache-Status': 'DYNAMIC', 'Report-To': '{"endpoints":[{"url":"https:\\/\\/a.nel.cloudflare.com\\/report\\/v4?s=or0H44QNBy9IXNHoPcImJY3wxuGluCogUE3%2Fo1gRKCaJBUV59NMHk0TDvcUe8lq60PTOl7HrsB2%2BZxTHfHGmT8bHTGDl5DtkXs%2BZ8ueae6FAz6MmilAYizwDc%2F%2BVsLM1"}],"group":"cf-nel","max_age":604800}', 'NEL': '{"success_fraction":0,"report_to":"cf-nel","max_age":604800}', 'Server': 'cloudflare', 'CF-RAY': '89e75a30ac9e15bc-SJC', 'alt-svc': 'h3=":443"; ma=86400'} 
 body={"results":[{"gender":"male","name":{"title":"Mr","first":"Akash","last":"Fernandes"},"location":{"street":{"number":8372,"name":"Linking Rd"},"city":"Bhilwara","state":"Kerala","country":"India","postcode":48256,"coordinates":{"latitude":"6.7550","longitude":"-70.0736"},"timezone":{"offset":"+10:00","description":"Eastern Australia, Guam, Vladivostok"}},"email":"akash.fernandes@example.com","login":{"uuid":"14fd7286-508d-445e-82f2-f0d3c46d3c3d","username":"whitedog971","password":"boss","salt":"tdI2tv6W","md5":"0272ec71abcac007ee1f71ac2f3fac44","sha1":"9bb077c848717ae6bed7908b36fea08193e765ff","sha256":"592a4cebd487dcf7d34938ebfde5ed5d561cff8d39e666b29f11912ad5f5cd71"},"dob":{"date":"1945-04-21T04:20:08.595Z","age":79},"registered":{"date":"2019-05-29T20:45:44.250Z","age":5},"phone":"9348272862","cell":"7420981823","id":{"name":"UIDAI","value":"469658265905"},"picture":{"large":"https://randomuser.me/api/portraits/men/21.jpg","medium":"https://randomuser.me/api/portraits/med/men/21.jpg","thumbnail":"https://randomuser.me/api/portraits/thumb/men/21.jpg"},"nat":"IN"}],"info":{"seed":"2518b262e925a502","results":1,"page":1,"version":"1.4"}} 
 </msg>
<msg time="2024-07-05T12:27:59.642810" level="INFO">/opt/hostedtoolcache/Python/3.12.4/x64/lib/python3.12/site-packages/urllib3/connectionpool.py:1099: InsecureRequestWarning: Unverified HTTPS request is being made to host 'randomuser.me'. Adding certificate verification is strongly advised. See: https://urllib3.readthedocs.io/en/latest/advanced-usage.html#tls-warnings
  warnings.warn(</msg>
<msg time="2024-07-05T12:27:59.642930" level="INFO">${response} = &lt;Response [200]&gt;</msg>
<var>${response}</var>
<arg>consultarAPI</arg>
<arg>/api</arg>
<doc>Sends a GET request on a previously created HTTP Session.</doc>
<status status="PASS" start="2024-07-05T12:27:59.464849" elapsed="0.178109"/>
</kw>
<kw name="Set Variable" owner="BuiltIn">
<msg time="2024-07-05T12:27:59.644054" level="INFO">${json_data} = {'results': [{'gender': 'male', 'name': {'title': 'Mr', 'first': 'Akash', 'last': 'Fernandes'}, 'location': {'street': {'number': 8372, 'name': 'Linking Rd'}, 'city': 'Bhilwara', 'state': 'Kerala', 'c...</msg>
<var>${json_data}</var>
<arg>${response.json()}</arg>
<doc>Returns the given values which can then be assigned to a variables.</doc>
<status status="PASS" start="2024-07-05T12:27:59.643501" elapsed="0.000581"/>
</kw>
<kw name="Log" owner="BuiltIn">
<msg time="2024-07-05T12:27:59.644554" level="INFO">{'results': [{'gender': 'male', 'name': {'title': 'Mr', 'first': 'Akash', 'last': 'Fernandes'}, 'location': {'street': {'number': 8372, 'name': 'Linking Rd'}, 'city': 'Bhilwara', 'state': 'Kerala', 'country': 'India', 'postcode': 48256, 'coordinates': {'latitude': '6.7550', 'longitude': '-70.0736'}, 'timezone': {'offset': '+10:00', 'description': 'Eastern Australia, Guam, Vladivostok'}}, 'email': 'akash.fernandes@example.com', 'login': {'uuid': '14fd7286-508d-445e-82f2-f0d3c46d3c3d', 'username': 'whitedog971', 'password': 'boss', 'salt': 'tdI2tv6W', 'md5': '0272ec71abcac007ee1f71ac2f3fac44', 'sha1': '9bb077c848717ae6bed7908b36fea08193e765ff', 'sha256': '592a4cebd487dcf7d34938ebfde5ed5d561cff8d39e666b29f11912ad5f5cd71'}, 'dob': {'date': '1945-04-21T04:20:08.595Z', 'age': 79}, 'registered': {'date': '2019-05-29T20:45:44.250Z', 'age': 5}, 'phone': '9348272862', 'cell': '7420981823', 'id': {'name': 'UIDAI', 'value': '469658265905'}, 'picture': {'large': 'https://randomuser.me/api/portraits/men/21.jpg', 'medium': 'https://randomuser.me/api/portraits/med/men/21.jpg', 'thumbnail': 'https://randomuser.me/api/portraits/thumb/men/21.jpg'}, 'nat': 'IN'}], 'info': {'seed': '2518b262e925a502', 'results': 1, 'page': 1, 'version': '1.4'}}</msg>
<arg>${json_data}</arg>
<doc>Logs the given message with the given level.</doc>
<status status="PASS" start="2024-07-05T12:27:59.644391" elapsed="0.000216"/>
</kw>
<kw name="Should Be Equal As Numbers" owner="BuiltIn">
<arg>${json_data['results'][0]['location']['postcode']}</arg>
<arg>${json_data['results'][0]['location']['postcode']}</arg>
<doc>Fails if objects are unequal after converting them to real numbers.</doc>
<status status="PASS" start="2024-07-05T12:27:59.644901" elapsed="0.000631"/>
</kw>
<kw name="Log" owner="BuiltIn">
<msg time="2024-07-05T12:27:59.646239" level="INFO">48256</msg>
<arg>${json_data['results'][0]['location']['postcode']}</arg>
<doc>Logs the given message with the given level.</doc>
<status status="PASS" start="2024-07-05T12:27:59.645724" elapsed="0.000589"/>
</kw>
<status status="PASS" start="2024-07-05T12:27:59.464620" elapsed="0.181956"/>
</kw>
<doc>Testa se os tipos de dados na resposta da API estão corretos.</doc>
<tag>testeTiposDados</tag>
<status status="PASS" start="2024-07-05T12:27:59.366744" elapsed="0.280002"/>
</test>
<test id="s1-s1-t5" name="Validar conteudo" line="35">
<kw name="Teste de Tipos de Conteudo" owner="random-user-service">
<kw name="GET On Session" owner="RequestsLibrary">
<msg time="2024-07-05T12:27:59.978064" level="INFO">GET Request : url=https://randomuser.me/api 
 path_url=/api 
 headers={'User-Agent': 'python-requests/2.32.3', 'Accept-Encoding': 'gzip, deflate', 'Accept': '*/*', 'Connection': 'keep-alive'} 
 body=None 
 </msg>
<msg time="2024-07-05T12:27:59.978179" level="INFO">GET Response : url=https://randomuser.me/api 
 status=200, reason=OK 
 headers={'Date': 'Fri, 05 Jul 2024 12:27:59 GMT', 'Content-Type': 'application/json; charset=utf-8', 'Transfer-Encoding': 'chunked', 'Connection': 'keep-alive', 'X-Powered-By': 'Express', 'Access-Control-Allow-Origin': '*', 'Cache-Control': 'no-cache', 'ETag': 'W/"45f-RjHWgl+Rzf+b2gQrXGui0jRROzw"', 'Vary': 'Accept-Encoding', 'Content-Encoding': 'gzip', 'CF-Cache-Status': 'DYNAMIC', 'Report-To': '{"endpoints":[{"url":"https:\\/\\/a.nel.cloudflare.com\\/report\\/v4?s=B80vlRA8qfhVkYWcrR57EzvIlYLx1x%2B%2BwIdlEBUhsdWdpfpVUlvK1PvQ0F02RY4451nZHNScyWjjmN3TvemHngB1IlaevS5X%2F0ISrYMYS%2BS3DbVEKVd05b8COhV%2Bpbzn"}],"group":"cf-nel","max_age":604800}', 'NEL': '{"success_fraction":0,"report_to":"cf-nel","max_age":604800}', 'Server': 'cloudflare', 'CF-RAY': '89e75a31dd4615bc-SJC', 'alt-svc': 'h3=":443"; ma=86400'} 
 body={"results":[{"gender":"male","name":{"title":"Mr","first":"Efe","last":"Özberk"},"location":{"street":{"number":5332,"name":"Kushimoto Sk"},"city":"Denizli","state":"Antalya","country":"Turkey","postcode":49151,"coordinates":{"latitude":"66.7093","longitude":"-138.4928"},"timezone":{"offset":"+3:30","description":"Tehran"}},"email":"efe.ozberk@example.com","login":{"uuid":"4f983316-f63d-469c-85c7-3f67009766cd","username":"smallkoala324","password":"filter","salt":"9An2yIYa","md5":"a20fe7717f7ea40b1f9f97a1bc9b4731","sha1":"a4fccd4beae4052063b1c76b91ccf4d36a4ab9cc","sha256":"d69c1f4c6310106043079d6e667f6d78f4afea010bbbc74462e36506db0ca5c6"},"dob":{"date":"2000-06-10T14:59:50.355Z","age":24},"registered":{"date":"2010-06-23T05:47:41.483Z","age":14},"phone":"(006)-434-7897","cell":"(609)-234-5646","id":{"name":"","value":null},"picture":{"large":"https://randomuser.me/api/portraits/men/47.jpg","medium":"https://randomuser.me/api/portraits/med/men/47.jpg","thumbnail":"https://randomuser.me/api/portraits/thumb/men/47.jpg"},"nat":"TR"}],"info":{"seed":"cb421870401774c2","results":1,"page":1,"version":"1.4"}} 
 </msg>
<msg time="2024-07-05T12:27:59.978270" level="INFO">/opt/hostedtoolcache/Python/3.12.4/x64/lib/python3.12/site-packages/urllib3/connectionpool.py:1099: InsecureRequestWarning: Unverified HTTPS request is being made to host 'randomuser.me'. Adding certificate verification is strongly advised. See: https://urllib3.readthedocs.io/en/latest/advanced-usage.html#tls-warnings
  warnings.warn(</msg>
<msg time="2024-07-05T12:27:59.978404" level="INFO">${response} = &lt;Response [200]&gt;</msg>
<var>${response}</var>
<arg>consultarAPI</arg>
<arg>/api</arg>
<doc>Sends a GET request on a previously created HTTP Session.</doc>
<status status="PASS" start="2024-07-05T12:27:59.649200" elapsed="0.329244"/>
</kw>
<kw name="Set Variable" owner="BuiltIn">
<msg time="2024-07-05T12:27:59.979765" level="INFO">${json_data} = {'results': [{'gender': 'male', 'name': {'title': 'Mr', 'first': 'Efe', 'last': 'Özberk'}, 'location': {'street': {'number': 5332, 'name': 'Kushimoto Sk'}, 'city': 'Denizli', 'state': 'Antalya', 'coun...</msg>
<var>${json_data}</var>
<arg>${response.json()}</arg>
<doc>Returns the given values which can then be assigned to a variables.</doc>
<status status="PASS" start="2024-07-05T12:27:59.979114" elapsed="0.000688"/>
</kw>
<kw name="Set Variable" owner="BuiltIn">
<msg time="2024-07-05T12:27:59.980524" level="INFO">${name_title} = Mr</msg>
<var>${name_title}</var>
<arg>${json_data["results"][0]["name"]["title"]}</arg>
<doc>Returns the given values which can then be assigned to a variables.</doc>
<status status="PASS" start="2024-07-05T12:27:59.980133" elapsed="0.000417"/>
</kw>
<kw name="Create List" owner="BuiltIn">
<msg time="2024-07-05T12:27:59.981006" level="INFO">${allowed_titles} = ['Mr', 'Ms', 'Miss', 'Mrs', 'Madame', 'Monsieur']</msg>
<var>${allowed_titles}</var>
<arg>Mr</arg>
<arg>Ms</arg>
<arg>Miss</arg>
<arg>Mrs</arg>
<arg>Madame</arg>
<arg>Monsieur</arg>
<doc>Returns a list containing given items.</doc>
<status status="PASS" start="2024-07-05T12:27:59.980856" elapsed="0.000173"/>
</kw>
<kw name="List Should Contain Value" owner="Collections">
<arg>${allowed_titles}</arg>
<arg>${name_title}</arg>
<doc>Fails if the ``value`` is not found from ``list``.</doc>
<status status="PASS" start="2024-07-05T12:27:59.981333" elapsed="0.000178"/>
</kw>
<kw name="Set Variable" owner="BuiltIn">
<msg time="2024-07-05T12:27:59.982059" level="INFO">${name_country} = TR</msg>
<var>${name_country}</var>
<arg>${json_data["results"][0]["nat"]}</arg>
<doc>Returns the given values which can then be assigned to a variables.</doc>
<status status="PASS" start="2024-07-05T12:27:59.981690" elapsed="0.000395"/>
</kw>
<kw name="Create List" owner="BuiltIn">
<msg time="2024-07-05T12:27:59.982987" level="INFO">${list_country} = ['AD', 'AE', 'AF', 'AG', 'AI', 'AL', 'AM', 'AO', 'AQ', 'AR', 'AS', 'AT', 'AU', 'AW', 'AX', 'AZ', 'BA', 'BB', 'BD', 'BE', 'BF', 'BG', 'BH', 'BI', 'BJ', 'BL', 'BM', 'BN', 'BO', 'BQ', 'BR', 'BS', 'BT', '...</msg>
<var>${list_country}</var>
<arg>AD</arg>
<arg>AE</arg>
<arg>AF</arg>
<arg>AG</arg>
<arg>AI</arg>
<arg>AL</arg>
<arg>AM</arg>
<arg>AO</arg>
<arg>AQ</arg>
<arg>AR</arg>
<arg>AS</arg>
<arg>AT</arg>
<arg>AU</arg>
<arg>AW</arg>
<arg>AX</arg>
<arg>AZ</arg>
<arg>BA</arg>
<arg>BB</arg>
<arg>BD</arg>
<arg>BE</arg>
<arg>BF</arg>
<arg>BG</arg>
<arg>BH</arg>
<arg>BI</arg>
<arg>BJ</arg>
<arg>BL</arg>
<arg>BM</arg>
<arg>BN</arg>
<arg>BO</arg>
<arg>BQ</arg>
<arg>BR</arg>
<arg>BS</arg>
<arg>BT</arg>
<arg>BV</arg>
<arg>BW</arg>
<arg>BY</arg>
<arg>BZ</arg>
<arg>CA</arg>
<arg>CC</arg>
<arg>CD</arg>
<arg>CF</arg>
<arg>CG</arg>
<arg>CH</arg>
<arg>CI</arg>
<arg>CK</arg>
<arg>CL</arg>
<arg>CM</arg>
<arg>CN</arg>
<arg>CO</arg>
<arg>CR</arg>
<arg>CU</arg>
<arg>CV</arg>
<arg>CW</arg>
<arg>CX</arg>
<arg>CY</arg>
<arg>CZ</arg>
<arg>DE</arg>
<arg>DJ</arg>
<arg>DK</arg>
<arg>DM</arg>
<arg>DO</arg>
<arg>DZ</arg>
<arg>EC</arg>
<arg>EE</arg>
<arg>EG</arg>
<arg>EH</arg>
<arg>ER</arg>
<arg>ES</arg>
<arg>ET</arg>
<arg>FI</arg>
<arg>FJ</arg>
<arg>FK</arg>
<arg>FM</arg>
<arg>FO</arg>
<arg>FR</arg>
<arg>GA</arg>
<arg>GB</arg>
<arg>GD</arg>
<arg>GE</arg>
<arg>GF</arg>
<arg>GG</arg>
<arg>GH</arg>
<arg>GI</arg>
<arg>GL</arg>
<arg>GM</arg>
<arg>GN</arg>
<arg>GP</arg>
<arg>GQ</arg>
<arg>GR</arg>
<arg>GS</arg>
<arg>GT</arg>
<arg>GU</arg>
<arg>GW</arg>
<arg>GY</arg>
<arg>HK</arg>
<arg>HM</arg>
<arg>HN</arg>
<arg>HR</arg>
<arg>HT</arg>
<arg>HU</arg>
<arg>ID</arg>
<arg>IE</arg>
<arg>IL</arg>
<arg>IM</arg>
<arg>IN</arg>
<arg>IO</arg>
<arg>IQ</arg>
<arg>IR</arg>
<arg>IS</arg>
<arg>IT</arg>
<arg>JE</arg>
<arg>JM</arg>
<arg>JO</arg>
<arg>JP</arg>
<arg>KE</arg>
<arg>KG</arg>
<arg>KH</arg>
<arg>KI</arg>
<arg>KM</arg>
<arg>KN</arg>
<arg>KP</arg>
<arg>KR</arg>
<arg>KW</arg>
<arg>KY</arg>
<arg>KZ</arg>
<arg>LA</arg>
<arg>LB</arg>
<arg>LC</arg>
<arg>LI</arg>
<arg>LK</arg>
<arg>LR</arg>
<arg>LS</arg>
<arg>LT</arg>
<arg>LU</arg>
<arg>LV</arg>
<arg>LY</arg>
<arg>MA</arg>
<arg>MC</arg>
<arg>MD</arg>
<arg>ME</arg>
<arg>MF</arg>
<arg>MG</arg>
<arg>MH</arg>
<arg>MK</arg>
<arg>ML</arg>
<arg>MM</arg>
<arg>MN</arg>
<arg>MO</arg>
<arg>MP</arg>
<arg>MQ</arg>
<arg>MR</arg>
<arg>MS</arg>
<arg>MT</arg>
<arg>MU</arg>
<arg>MV</arg>
<arg>MW</arg>
<arg>MX</arg>
<arg>MY</arg>
<arg>MZ</arg>
<arg>NA</arg>
<arg>NC</arg>
<arg>NE</arg>
<arg>NF</arg>
<arg>NG</arg>
<arg>NI</arg>
<arg>NL</arg>
<arg>NO</arg>
<arg>NP</arg>
<arg>NR</arg>
<arg>NU</arg>
<arg>NZ</arg>
<arg>OM</arg>
<arg>PA</arg>
<arg>PE</arg>
<arg>PF</arg>
<arg>PG</arg>
<arg>PH</arg>
<arg>PK</arg>
<arg>PL</arg>
<arg>PM</arg>
<arg>PN</arg>
<arg>PR</arg>
<arg>PS</arg>
<arg>PT</arg>
<arg>PW</arg>
<arg>PY</arg>
<arg>QA</arg>
<arg>RE</arg>
<arg>RO</arg>
<arg>RS</arg>
<arg>RU</arg>
<arg>RW</arg>
<arg>SA</arg>
<arg>SB</arg>
<arg>SC</arg>
<arg>SD</arg>
<arg>SE</arg>
<arg>SG</arg>
<arg>SH</arg>
<arg>SI</arg>
<arg>SJ</arg>
<arg>SK</arg>
<arg>SL</arg>
<arg>SM</arg>
<arg>SN</arg>
<arg>SO</arg>
<arg>SR</arg>
<arg>SS</arg>
<arg>ST</arg>
<arg>SV</arg>
<arg>SX</arg>
<arg>SY</arg>
<arg>SZ</arg>
<arg>TC</arg>
<arg>TD</arg>
<arg>TF</arg>
<arg>TG</arg>
<arg>TH</arg>
<arg>TJ</arg>
<arg>TK</arg>
<arg>TL</arg>
<arg>TM</arg>
<arg>TN</arg>
<arg>TO</arg>
<arg>TR</arg>
<arg>TT</arg>
<arg>TV</arg>
<arg>TW</arg>
<arg>TZ</arg>
<arg>UA</arg>
<arg>UG</arg>
<arg>UM</arg>
<arg>US</arg>
<arg>UY</arg>
<arg>UZ</arg>
<arg>VA</arg>
<arg>VC</arg>
<arg>VE</arg>
<arg>VG</arg>
<arg>VI</arg>
<arg>VN</arg>
<arg>VU</arg>
<arg>WF</arg>
<arg>WS</arg>
<arg>XK</arg>
<arg>YE</arg>
<arg>YT</arg>
<arg>ZA</arg>
<arg>ZM</arg>
<arg>ZW</arg>
<doc>Returns a list containing given items.</doc>
<status status="PASS" start="2024-07-05T12:27:59.982389" elapsed="0.000630"/>
</kw>
<kw name="List Should Contain Value" owner="Collections">
<arg>${list_country}</arg>
<arg>${name_country}</arg>
<doc>Fails if the ``value`` is not found from ``list``.</doc>
<status status="PASS" start="2024-07-05T12:27:59.983856" elapsed="0.000214"/>
</kw>
<kw name="Run Keyword If" owner="BuiltIn">
<kw name="Should Be True" owner="BuiltIn">
<arg>${True}</arg>
<doc>Fails if the given condition is not true.</doc>
<status status="PASS" start="2024-07-05T12:27:59.985011" elapsed="0.000144"/>
</kw>
<arg>${json_data["results"][0]["location"]["coordinates"]["latitude"]} &gt;= -90 and ${json_data["results"][0]["location"]["coordinates"]["latitude"]} &lt;= 90</arg>
<arg>Should Be True</arg>
<arg>${True}</arg>
<doc>Runs the given keyword with the given arguments, if ``condition`` is true.</doc>
<status status="PASS" start="2024-07-05T12:27:59.984268" elapsed="0.001018"/>
</kw>
<kw name="Run Keyword If" owner="BuiltIn">
<kw name="Should Be True" owner="BuiltIn">
<arg>${True}</arg>
<doc>Fails if the given condition is not true.</doc>
<status status="PASS" start="2024-07-05T12:27:59.986158" elapsed="0.000255"/>
</kw>
<arg>${json_data["results"][0]["location"]["coordinates"]["longitude"]} &gt;= -180 and ${json_data["results"][0]["location"]["coordinates"]["longitude"]} &lt;= 180</arg>
<arg>Should Be True</arg>
<arg>${True}</arg>
<doc>Runs the given keyword with the given arguments, if ``condition`` is true.</doc>
<status status="PASS" start="2024-07-05T12:27:59.985464" elapsed="0.001079"/>
</kw>
<status status="PASS" start="2024-07-05T12:27:59.648979" elapsed="0.337697"/>
</kw>
<doc>Testa o conteúdo específico dos campos retornados pela API.</doc>
<tag>testeConteudo</tag>
<status status="PASS" start="2024-07-05T12:27:59.648517" elapsed="0.338314"/>
</test>
<status status="PASS" start="2024-07-05T12:27:58.417920" elapsed="1.570956"/>
</suite>
<status status="PASS" start="2024-07-05T12:27:58.402036" elapsed="1.591916"/>
</suite>
<statistics>
<total>
<stat pass="5" fail="0" skip="0">All Tests</stat>
</total>
<tag>
<stat pass="1" fail="0" skip="0">testeConteudo</stat>
<stat pass="1" fail="0" skip="0">testeEstruturaResposta</stat>
<stat pass="1" fail="0" skip="0">testeRequisicaoBasica</stat>
<stat pass="1" fail="0" skip="0">testeTiposDados</stat>
</tag>
<suite>
<stat pass="5" fail="0" skip="0" id="s1" name="Tests">Tests</stat>
<stat pass="5" fail="0" skip="0" id="s1-s1" name="Random-User-Test">Tests.Random-User-Test</stat>
</suite>
</statistics>
<errors>
</errors>
</robot>
