<?xml version="1.0" encoding="UTF-8"?>
<robot generator="Robot 7.0 (Python 3.12.3 on linux)" generated="2024-05-15T06:19:13.122699" rpa="false" schemaversion="5">
<suite id="s1" name="Tests" source="/home/runner/work/DesafioQAItauRogerioJordao/DesafioQAItauRogerioJordao/RamdonUser/tests">
<suite id="s1-s1" name="Random-User-Test" source="/home/runner/work/DesafioQAItauRogerioJordao/DesafioQAItauRogerioJordao/RamdonUser/tests/random-user-test.robot">
<test id="s1-s1-t1" name="Conectar" line="13">
<kw name="Conectar API" owner="random-user-service">
<kw name="Create Session" owner="RequestsLibrary">
<msg time="2024-05-15T06:19:13.481269" level="INFO">Creating Session using : alias=consultarAPI, url=https://randomuser.me/, headers={},                     cookies={}, auth=None, timeout=None, proxies=None, verify=False,                     debug=0 </msg>
<arg>consultarAPI</arg>
<arg>${URL}</arg>
<doc>Create Session: create a HTTP session to a server</doc>
<status status="PASS" start="2024-05-15T06:19:13.481075" elapsed="0.000362"/>
</kw>
<status status="PASS" start="2024-05-15T06:19:13.480175" elapsed="0.001595"/>
</kw>
<status status="PASS" start="2024-05-15T06:19:13.479683" elapsed="0.002279"/>
</test>
<test id="s1-s1-t2" name="Validar retorno 200 e JSON Válido" line="16">
<kw name="Teste de Requisicao Basica" owner="random-user-service">
<kw name="GET On Session" owner="RequestsLibrary">
<msg time="2024-05-15T06:19:13.740740" level="INFO">GET Request : url=https://randomuser.me/api 
 path_url=/api 
 headers={'User-Agent': 'python-requests/2.31.0', 'Accept-Encoding': 'gzip, deflate', 'Accept': '*/*', 'Connection': 'keep-alive'} 
 body=None 
 </msg>
<msg time="2024-05-15T06:19:13.740859" level="INFO">GET Response : url=https://randomuser.me/api 
 status=200, reason=OK 
 headers={'Date': 'Wed, 15 May 2024 06:19:13 GMT', 'Content-Type': 'application/json; charset=utf-8', 'Transfer-Encoding': 'chunked', 'Connection': 'keep-alive', 'X-Powered-By': 'Express', 'Access-Control-Allow-Origin': '*', 'Cache-Control': 'no-cache', 'ETag': 'W/"46a-J8CxEhZuQUDoLkSYC46Cs+T6bhk"', 'Vary': 'Accept-Encoding', 'Content-Encoding': 'gzip', 'CF-Cache-Status': 'DYNAMIC', 'Report-To': '{"endpoints":[{"url":"https:\\/\\/a.nel.cloudflare.com\\/report\\/v4?s=bKX5bY2iq%2FGXejcLZWKbXiW3H3kkVw1%2FJhw88WJlDcPMZ4B%2FR%2BhJJKzILfIp683Y4GmnrI4ZUkf1ABq4zj1alCqJD6sNvZpqDvup9tXVe0pHvvsxTWjUtETaQT%2FUyEj3"}],"group":"cf-nel","max_age":604800}', 'NEL': '{"success_fraction":0,"report_to":"cf-nel","max_age":604800}', 'Server': 'cloudflare', 'CF-RAY': '884103e25b879687-SJC', 'alt-svc': 'h3=":443"; ma=86400'} 
 body={"results":[{"gender":"male","name":{"title":"Mr","first":"Avreliy","last":"Tyagno"},"location":{"street":{"number":4420,"name":"Fastivska"},"city":"Lohvicya","state":"Luganska","country":"Ukraine","postcode":10011,"coordinates":{"latitude":"80.6792","longitude":"-35.4815"},"timezone":{"offset":"-2:00","description":"Mid-Atlantic"}},"email":"avreliy.tyagno@example.com","login":{"uuid":"0d57e870-70fc-41fa-907b-858cc3fe54eb","username":"lazypeacock558","password":"1941","salt":"Dc0Vd9Qh","md5":"ee199d40cf455870d413bd92bc4b199b","sha1":"95799e6860db61c4b3436dbfc5dd05efbfde3a5b","sha256":"07ad93528d872489f4fdc62086220a183c06e3a317d0326fcfea4054f9f65144"},"dob":{"date":"1963-03-24T08:17:39.782Z","age":61},"registered":{"date":"2013-01-11T00:04:34.825Z","age":11},"phone":"(098) G99-3297","cell":"(067) M49-9133","id":{"name":"","value":null},"picture":{"large":"https://randomuser.me/api/portraits/men/80.jpg","medium":"https://randomuser.me/api/portraits/med/men/80.jpg","thumbnail":"https://randomuser.me/api/portraits/thumb/men/80.jpg"},"nat":"UA"}],"info":{"seed":"aec3676cf03724fe","results":1,"page":1,"version":"1.4"}} 
 </msg>
<msg time="2024-05-15T06:19:13.740931" level="INFO">/opt/hostedtoolcache/Python/3.12.3/x64/lib/python3.12/site-packages/urllib3/connectionpool.py:1103: InsecureRequestWarning: Unverified HTTPS request is being made to host 'randomuser.me'. Adding certificate verification is strongly advised. See: https://urllib3.readthedocs.io/en/latest/advanced-usage.html#tls-warnings
  warnings.warn(</msg>
<msg time="2024-05-15T06:19:13.741071" level="INFO">${response} = &lt;Response [200]&gt;</msg>
<var>${response}</var>
<arg>consultarAPI</arg>
<arg>/api</arg>
<doc>Sends a GET request on a previously created HTTP Session.</doc>
<status status="PASS" start="2024-05-15T06:19:13.484582" elapsed="0.256521"/>
</kw>
<kw name="Should Be Equal As Numbers" owner="BuiltIn">
<msg time="2024-05-15T06:19:13.741960" level="INFO">Argument types are:
&lt;class 'int'&gt;
&lt;class 'str'&gt;</msg>
<arg>${response.status_code}</arg>
<arg>200</arg>
<doc>Fails if objects are unequal after converting them to real numbers.</doc>
<status status="PASS" start="2024-05-15T06:19:13.741527" elapsed="0.000498"/>
</kw>
<kw name="Log" owner="BuiltIn">
<msg time="2024-05-15T06:19:13.742738" level="INFO">200</msg>
<arg>${response.status_code}</arg>
<doc>Logs the given message with the given level.</doc>
<status status="PASS" start="2024-05-15T06:19:13.742373" elapsed="0.000410"/>
</kw>
<kw name="Set Variable" owner="BuiltIn">
<msg time="2024-05-15T06:19:13.743575" level="INFO">${json_data} = {'results': [{'gender': 'male', 'name': {'title': 'Mr', 'first': 'Avreliy', 'last': 'Tyagno'}, 'location': {'street': {'number': 4420, 'name': 'Fastivska'}, 'city': 'Lohvicya', 'state': 'Luganska', 'c...</msg>
<var>${json_data}</var>
<arg>${response.json()}</arg>
<doc>Returns the given values which can then be assigned to a variables.</doc>
<status status="PASS" start="2024-05-15T06:19:13.743129" elapsed="0.000475"/>
</kw>
<kw name="Dictionary Should Contain Key" owner="Collections">
<msg time="2024-05-15T06:19:13.744078" level="INFO">False</msg>
<arg>${json_data}</arg>
<arg>results</arg>
<doc>Fails if ``key`` is not found from ``dictionary``.</doc>
<status status="PASS" start="2024-05-15T06:19:13.743910" elapsed="0.000220"/>
</kw>
<status status="PASS" start="2024-05-15T06:19:13.484342" elapsed="0.260048"/>
</kw>
<doc>Testa se a API responde corretamente e retorna um objeto JSON válido.</doc>
<tag>testeRequisicaoBasica</tag>
<status status="PASS" start="2024-05-15T06:19:13.483884" elapsed="0.260693"/>
</test>
<test id="s1-s1-t3" name="Validar estrutura de resposta" line="22">
<kw name="Teste de Estrutura de Resposta" owner="random-user-service">
<kw name="GET On Session" owner="RequestsLibrary">
<msg time="2024-05-15T06:19:13.840488" level="INFO">GET Request : url=https://randomuser.me/api 
 path_url=/api 
 headers={'User-Agent': 'python-requests/2.31.0', 'Accept-Encoding': 'gzip, deflate', 'Accept': '*/*', 'Connection': 'keep-alive'} 
 body=None 
 </msg>
<msg time="2024-05-15T06:19:13.840554" level="INFO">GET Response : url=https://randomuser.me/api 
 status=200, reason=OK 
 headers={'Date': 'Wed, 15 May 2024 06:19:13 GMT', 'Content-Type': 'application/json; charset=utf-8', 'Transfer-Encoding': 'chunked', 'Connection': 'keep-alive', 'X-Powered-By': 'Express', 'Access-Control-Allow-Origin': '*', 'Cache-Control': 'no-cache', 'ETag': 'W/"483-eGamOd6TD/6kDyUzpznnedhYVU8"', 'Vary': 'Accept-Encoding', 'Content-Encoding': 'gzip', 'CF-Cache-Status': 'DYNAMIC', 'Report-To': '{"endpoints":[{"url":"https:\\/\\/a.nel.cloudflare.com\\/report\\/v4?s=xM%2FgwW3mZGnIPef5OzJETW2wWVF6j60zoa3ISrZCfLHZc7rLDa6VuntfaHIFuorjq4ffuJuJHad%2FhV20PH8TFWWZSfnRRwerUNUG22lo9BMloEAJPgYOWuC4AcWidslC"}],"group":"cf-nel","max_age":604800}', 'NEL': '{"success_fraction":0,"report_to":"cf-nel","max_age":604800}', 'Server': 'cloudflare', 'CF-RAY': '884103e2ebf69687-SJC', 'alt-svc': 'h3=":443"; ma=86400'} 
 body={"results":[{"gender":"female","name":{"title":"Mrs","first":"Madhura","last":"Saldanha"},"location":{"street":{"number":3922,"name":"Vellala St"},"city":"Sasaram","state":"Gujarat","country":"India","postcode":15296,"coordinates":{"latitude":"8.4299","longitude":"177.0955"},"timezone":{"offset":"+7:00","description":"Bangkok, Hanoi, Jakarta"}},"email":"madhura.saldanha@example.com","login":{"uuid":"5c9c6fd5-0fcf-465c-84f5-05000a8a3e81","username":"goldenbear387","password":"yankee","salt":"9W7xtWFq","md5":"790919d85bc5e417f0fe7c22256d2905","sha1":"0cd2cabbc235ee9a304f4a596e4030dc0161bac8","sha256":"6505882c4cbfd29e5f6749536a84d6995cf597d3cd5869d342803b496c073d8d"},"dob":{"date":"1946-08-14T10:19:41.378Z","age":77},"registered":{"date":"2003-01-18T01:10:13.840Z","age":21},"phone":"8561950673","cell":"7274417821","id":{"name":"UIDAI","value":"960777201855"},"picture":{"large":"https://randomuser.me/api/portraits/women/0.jpg","medium":"https://randomuser.me/api/portraits/med/women/0.jpg","thumbnail":"https://randomuser.me/api/portraits/thumb/women/0.jpg"},"nat":"IN"}],"info":{"seed":"3ba2c028f53f9b6d","results":1,"page":1,"version":"1.4"}} 
 </msg>
<msg time="2024-05-15T06:19:13.840647" level="INFO">/opt/hostedtoolcache/Python/3.12.3/x64/lib/python3.12/site-packages/urllib3/connectionpool.py:1103: InsecureRequestWarning: Unverified HTTPS request is being made to host 'randomuser.me'. Adding certificate verification is strongly advised. See: https://urllib3.readthedocs.io/en/latest/advanced-usage.html#tls-warnings
  warnings.warn(</msg>
<msg time="2024-05-15T06:19:13.840760" level="INFO">${response} = &lt;Response [200]&gt;</msg>
<var>${response}</var>
<arg>consultarAPI</arg>
<arg>/api</arg>
<doc>Sends a GET request on a previously created HTTP Session.</doc>
<status status="PASS" start="2024-05-15T06:19:13.747189" elapsed="0.093613"/>
</kw>
<kw name="Set Variable" owner="BuiltIn">
<msg time="2024-05-15T06:19:13.841638" level="INFO">${json_data} = {'results': [{'gender': 'female', 'name': {'title': 'Mrs', 'first': 'Madhura', 'last': 'Saldanha'}, 'location': {'street': {'number': 3922, 'name': 'Vellala St'}, 'city': 'Sasaram', 'state': 'Gujarat'...</msg>
<var>${json_data}</var>
<arg>${response.json()}</arg>
<doc>Returns the given values which can then be assigned to a variables.</doc>
<status status="PASS" start="2024-05-15T06:19:13.841176" elapsed="0.000491"/>
</kw>
<kw name="Log" owner="BuiltIn">
<msg time="2024-05-15T06:19:13.842142" level="INFO">{'results': [{'gender': 'female', 'name': {'title': 'Mrs', 'first': 'Madhura', 'last': 'Saldanha'}, 'location': {'street': {'number': 3922, 'name': 'Vellala St'}, 'city': 'Sasaram', 'state': 'Gujarat', 'country': 'India', 'postcode': 15296, 'coordinates': {'latitude': '8.4299', 'longitude': '177.0955'}, 'timezone': {'offset': '+7:00', 'description': 'Bangkok, Hanoi, Jakarta'}}, 'email': 'madhura.saldanha@example.com', 'login': {'uuid': '5c9c6fd5-0fcf-465c-84f5-05000a8a3e81', 'username': 'goldenbear387', 'password': 'yankee', 'salt': '9W7xtWFq', 'md5': '790919d85bc5e417f0fe7c22256d2905', 'sha1': '0cd2cabbc235ee9a304f4a596e4030dc0161bac8', 'sha256': '6505882c4cbfd29e5f6749536a84d6995cf597d3cd5869d342803b496c073d8d'}, 'dob': {'date': '1946-08-14T10:19:41.378Z', 'age': 77}, 'registered': {'date': '2003-01-18T01:10:13.840Z', 'age': 21}, 'phone': '8561950673', 'cell': '7274417821', 'id': {'name': 'UIDAI', 'value': '960777201855'}, 'picture': {'large': 'https://randomuser.me/api/portraits/women/0.jpg', 'medium': 'https://randomuser.me/api/portraits/med/women/0.jpg', 'thumbnail': 'https://randomuser.me/api/portraits/thumb/women/0.jpg'}, 'nat': 'IN'}], 'info': {'seed': '3ba2c028f53f9b6d', 'results': 1, 'page': 1, 'version': '1.4'}}</msg>
<arg>${json_data}</arg>
<doc>Logs the given message with the given level.</doc>
<status status="PASS" start="2024-05-15T06:19:13.841978" elapsed="0.000214"/>
</kw>
<kw name="Dictionary Should Contain Key" owner="Collections">
<msg time="2024-05-15T06:19:13.842648" level="INFO">False</msg>
<arg>${json_data}</arg>
<arg>results</arg>
<doc>Fails if ``key`` is not found from ``dictionary``.</doc>
<status status="PASS" start="2024-05-15T06:19:13.842493" elapsed="0.000193"/>
</kw>
<kw name="Should Not Be Empty" owner="BuiltIn">
<msg time="2024-05-15T06:19:13.843161" level="INFO">Length is 2.</msg>
<arg>${json_data}</arg>
<doc>Verifies that the given item is not empty.</doc>
<status status="PASS" start="2024-05-15T06:19:13.843011" elapsed="0.000190"/>
</kw>
<kw name="Create List" owner="BuiltIn">
<msg time="2024-05-15T06:19:13.843772" level="INFO">${expected_keys} = ['gender', 'name', 'location', 'email', 'login']</msg>
<var>${expected_keys}</var>
<arg>gender</arg>
<arg>name</arg>
<arg>location</arg>
<arg>email</arg>
<arg>login</arg>
<doc>Returns a list containing given items.</doc>
<status status="PASS" start="2024-05-15T06:19:13.843498" elapsed="0.000299"/>
</kw>
<for flavor="IN">
<iter>
<kw name="Dictionary Should Contain Key" owner="Collections">
<msg time="2024-05-15T06:19:13.844783" level="INFO">False</msg>
<arg>${json_data['results'][0]}</arg>
<arg>${key}</arg>
<doc>Fails if ``key`` is not found from ``dictionary``.</doc>
<status status="PASS" start="2024-05-15T06:19:13.844376" elapsed="0.000446"/>
</kw>
<kw name="Log" owner="BuiltIn">
<msg time="2024-05-15T06:19:13.845496" level="INFO">{'gender': 'female', 'name': {'title': 'Mrs', 'first': 'Madhura', 'last': 'Saldanha'}, 'location': {'street': {'number': 3922, 'name': 'Vellala St'}, 'city': 'Sasaram', 'state': 'Gujarat', 'country': 'India', 'postcode': 15296, 'coordinates': {'latitude': '8.4299', 'longitude': '177.0955'}, 'timezone': {'offset': '+7:00', 'description': 'Bangkok, Hanoi, Jakarta'}}, 'email': 'madhura.saldanha@example.com', 'login': {'uuid': '5c9c6fd5-0fcf-465c-84f5-05000a8a3e81', 'username': 'goldenbear387', 'password': 'yankee', 'salt': '9W7xtWFq', 'md5': '790919d85bc5e417f0fe7c22256d2905', 'sha1': '0cd2cabbc235ee9a304f4a596e4030dc0161bac8', 'sha256': '6505882c4cbfd29e5f6749536a84d6995cf597d3cd5869d342803b496c073d8d'}, 'dob': {'date': '1946-08-14T10:19:41.378Z', 'age': 77}, 'registered': {'date': '2003-01-18T01:10:13.840Z', 'age': 21}, 'phone': '8561950673', 'cell': '7274417821', 'id': {'name': 'UIDAI', 'value': '960777201855'}, 'picture': {'large': 'https://randomuser.me/api/portraits/women/0.jpg', 'medium': 'https://randomuser.me/api/portraits/med/women/0.jpg', 'thumbnail': 'https://randomuser.me/api/portraits/thumb/women/0.jpg'}, 'nat': 'IN'}</msg>
<arg>${json_data['results'][0]}</arg>
<doc>Logs the given message with the given level.</doc>
<status status="PASS" start="2024-05-15T06:19:13.845120" elapsed="0.000425"/>
</kw>
<kw name="Log" owner="BuiltIn">
<msg time="2024-05-15T06:19:13.845978" level="INFO">gender</msg>
<arg>${key}</arg>
<doc>Logs the given message with the given level.</doc>
<status status="PASS" start="2024-05-15T06:19:13.845846" elapsed="0.000170"/>
</kw>
<var name="${key}">gender</var>
<status status="PASS" start="2024-05-15T06:19:13.844248" elapsed="0.001985"/>
</iter>
<iter>
<kw name="Dictionary Should Contain Key" owner="Collections">
<msg time="2024-05-15T06:19:13.846950" level="INFO">False</msg>
<arg>${json_data['results'][0]}</arg>
<arg>${key}</arg>
<doc>Fails if ``key`` is not found from ``dictionary``.</doc>
<status status="PASS" start="2024-05-15T06:19:13.846538" elapsed="0.000452"/>
</kw>
<kw name="Log" owner="BuiltIn">
<msg time="2024-05-15T06:19:13.847681" level="INFO">{'gender': 'female', 'name': {'title': 'Mrs', 'first': 'Madhura', 'last': 'Saldanha'}, 'location': {'street': {'number': 3922, 'name': 'Vellala St'}, 'city': 'Sasaram', 'state': 'Gujarat', 'country': 'India', 'postcode': 15296, 'coordinates': {'latitude': '8.4299', 'longitude': '177.0955'}, 'timezone': {'offset': '+7:00', 'description': 'Bangkok, Hanoi, Jakarta'}}, 'email': 'madhura.saldanha@example.com', 'login': {'uuid': '5c9c6fd5-0fcf-465c-84f5-05000a8a3e81', 'username': 'goldenbear387', 'password': 'yankee', 'salt': '9W7xtWFq', 'md5': '790919d85bc5e417f0fe7c22256d2905', 'sha1': '0cd2cabbc235ee9a304f4a596e4030dc0161bac8', 'sha256': '6505882c4cbfd29e5f6749536a84d6995cf597d3cd5869d342803b496c073d8d'}, 'dob': {'date': '1946-08-14T10:19:41.378Z', 'age': 77}, 'registered': {'date': '2003-01-18T01:10:13.840Z', 'age': 21}, 'phone': '8561950673', 'cell': '7274417821', 'id': {'name': 'UIDAI', 'value': '960777201855'}, 'picture': {'large': 'https://randomuser.me/api/portraits/women/0.jpg', 'medium': 'https://randomuser.me/api/portraits/med/women/0.jpg', 'thumbnail': 'https://randomuser.me/api/portraits/thumb/women/0.jpg'}, 'nat': 'IN'}</msg>
<arg>${json_data['results'][0]}</arg>
<doc>Logs the given message with the given level.</doc>
<status status="PASS" start="2024-05-15T06:19:13.847314" elapsed="0.000415"/>
</kw>
<kw name="Log" owner="BuiltIn">
<msg time="2024-05-15T06:19:13.848157" level="INFO">name</msg>
<arg>${key}</arg>
<doc>Logs the given message with the given level.</doc>
<status status="PASS" start="2024-05-15T06:19:13.848027" elapsed="0.000169"/>
</kw>
<var name="${key}">name</var>
<status status="PASS" start="2024-05-15T06:19:13.846422" elapsed="0.001988"/>
</iter>
<iter>
<kw name="Dictionary Should Contain Key" owner="Collections">
<msg time="2024-05-15T06:19:13.849090" level="INFO">False</msg>
<arg>${json_data['results'][0]}</arg>
<arg>${key}</arg>
<doc>Fails if ``key`` is not found from ``dictionary``.</doc>
<status status="PASS" start="2024-05-15T06:19:13.848703" elapsed="0.000424"/>
</kw>
<kw name="Log" owner="BuiltIn">
<msg time="2024-05-15T06:19:13.849796" level="INFO">{'gender': 'female', 'name': {'title': 'Mrs', 'first': 'Madhura', 'last': 'Saldanha'}, 'location': {'street': {'number': 3922, 'name': 'Vellala St'}, 'city': 'Sasaram', 'state': 'Gujarat', 'country': 'India', 'postcode': 15296, 'coordinates': {'latitude': '8.4299', 'longitude': '177.0955'}, 'timezone': {'offset': '+7:00', 'description': 'Bangkok, Hanoi, Jakarta'}}, 'email': 'madhura.saldanha@example.com', 'login': {'uuid': '5c9c6fd5-0fcf-465c-84f5-05000a8a3e81', 'username': 'goldenbear387', 'password': 'yankee', 'salt': '9W7xtWFq', 'md5': '790919d85bc5e417f0fe7c22256d2905', 'sha1': '0cd2cabbc235ee9a304f4a596e4030dc0161bac8', 'sha256': '6505882c4cbfd29e5f6749536a84d6995cf597d3cd5869d342803b496c073d8d'}, 'dob': {'date': '1946-08-14T10:19:41.378Z', 'age': 77}, 'registered': {'date': '2003-01-18T01:10:13.840Z', 'age': 21}, 'phone': '8561950673', 'cell': '7274417821', 'id': {'name': 'UIDAI', 'value': '960777201855'}, 'picture': {'large': 'https://randomuser.me/api/portraits/women/0.jpg', 'medium': 'https://randomuser.me/api/portraits/med/women/0.jpg', 'thumbnail': 'https://randomuser.me/api/portraits/thumb/women/0.jpg'}, 'nat': 'IN'}</msg>
<arg>${json_data['results'][0]}</arg>
<doc>Logs the given message with the given level.</doc>
<status status="PASS" start="2024-05-15T06:19:13.849433" elapsed="0.000411"/>
</kw>
<kw name="Log" owner="BuiltIn">
<msg time="2024-05-15T06:19:13.850266" level="INFO">location</msg>
<arg>${key}</arg>
<doc>Logs the given message with the given level.</doc>
<status status="PASS" start="2024-05-15T06:19:13.850139" elapsed="0.000164"/>
</kw>
<var name="${key}">location</var>
<status status="PASS" start="2024-05-15T06:19:13.848591" elapsed="0.001928"/>
</iter>
<iter>
<kw name="Dictionary Should Contain Key" owner="Collections">
<msg time="2024-05-15T06:19:13.851215" level="INFO">False</msg>
<arg>${json_data['results'][0]}</arg>
<arg>${key}</arg>
<doc>Fails if ``key`` is not found from ``dictionary``.</doc>
<status status="PASS" start="2024-05-15T06:19:13.850802" elapsed="0.000450"/>
</kw>
<kw name="Log" owner="BuiltIn">
<msg time="2024-05-15T06:19:13.851915" level="INFO">{'gender': 'female', 'name': {'title': 'Mrs', 'first': 'Madhura', 'last': 'Saldanha'}, 'location': {'street': {'number': 3922, 'name': 'Vellala St'}, 'city': 'Sasaram', 'state': 'Gujarat', 'country': 'India', 'postcode': 15296, 'coordinates': {'latitude': '8.4299', 'longitude': '177.0955'}, 'timezone': {'offset': '+7:00', 'description': 'Bangkok, Hanoi, Jakarta'}}, 'email': 'madhura.saldanha@example.com', 'login': {'uuid': '5c9c6fd5-0fcf-465c-84f5-05000a8a3e81', 'username': 'goldenbear387', 'password': 'yankee', 'salt': '9W7xtWFq', 'md5': '790919d85bc5e417f0fe7c22256d2905', 'sha1': '0cd2cabbc235ee9a304f4a596e4030dc0161bac8', 'sha256': '6505882c4cbfd29e5f6749536a84d6995cf597d3cd5869d342803b496c073d8d'}, 'dob': {'date': '1946-08-14T10:19:41.378Z', 'age': 77}, 'registered': {'date': '2003-01-18T01:10:13.840Z', 'age': 21}, 'phone': '8561950673', 'cell': '7274417821', 'id': {'name': 'UIDAI', 'value': '960777201855'}, 'picture': {'large': 'https://randomuser.me/api/portraits/women/0.jpg', 'medium': 'https://randomuser.me/api/portraits/med/women/0.jpg', 'thumbnail': 'https://randomuser.me/api/portraits/thumb/women/0.jpg'}, 'nat': 'IN'}</msg>
<arg>${json_data['results'][0]}</arg>
<doc>Logs the given message with the given level.</doc>
<status status="PASS" start="2024-05-15T06:19:13.851553" elapsed="0.000409"/>
</kw>
<kw name="Log" owner="BuiltIn">
<msg time="2024-05-15T06:19:13.852386" level="INFO">email</msg>
<arg>${key}</arg>
<doc>Logs the given message with the given level.</doc>
<status status="PASS" start="2024-05-15T06:19:13.852256" elapsed="0.000168"/>
</kw>
<var name="${key}">email</var>
<status status="PASS" start="2024-05-15T06:19:13.850692" elapsed="0.001956"/>
</iter>
<iter>
<kw name="Dictionary Should Contain Key" owner="Collections">
<msg time="2024-05-15T06:19:13.853325" level="INFO">False</msg>
<arg>${json_data['results'][0]}</arg>
<arg>${key}</arg>
<doc>Fails if ``key`` is not found from ``dictionary``.</doc>
<status status="PASS" start="2024-05-15T06:19:13.852936" elapsed="0.000428"/>
</kw>
<kw name="Log" owner="BuiltIn">
<msg time="2024-05-15T06:19:13.854050" level="INFO">{'gender': 'female', 'name': {'title': 'Mrs', 'first': 'Madhura', 'last': 'Saldanha'}, 'location': {'street': {'number': 3922, 'name': 'Vellala St'}, 'city': 'Sasaram', 'state': 'Gujarat', 'country': 'India', 'postcode': 15296, 'coordinates': {'latitude': '8.4299', 'longitude': '177.0955'}, 'timezone': {'offset': '+7:00', 'description': 'Bangkok, Hanoi, Jakarta'}}, 'email': 'madhura.saldanha@example.com', 'login': {'uuid': '5c9c6fd5-0fcf-465c-84f5-05000a8a3e81', 'username': 'goldenbear387', 'password': 'yankee', 'salt': '9W7xtWFq', 'md5': '790919d85bc5e417f0fe7c22256d2905', 'sha1': '0cd2cabbc235ee9a304f4a596e4030dc0161bac8', 'sha256': '6505882c4cbfd29e5f6749536a84d6995cf597d3cd5869d342803b496c073d8d'}, 'dob': {'date': '1946-08-14T10:19:41.378Z', 'age': 77}, 'registered': {'date': '2003-01-18T01:10:13.840Z', 'age': 21}, 'phone': '8561950673', 'cell': '7274417821', 'id': {'name': 'UIDAI', 'value': '960777201855'}, 'picture': {'large': 'https://randomuser.me/api/portraits/women/0.jpg', 'medium': 'https://randomuser.me/api/portraits/med/women/0.jpg', 'thumbnail': 'https://randomuser.me/api/portraits/thumb/women/0.jpg'}, 'nat': 'IN'}</msg>
<arg>${json_data['results'][0]}</arg>
<doc>Logs the given message with the given level.</doc>
<status status="PASS" start="2024-05-15T06:19:13.853672" elapsed="0.000425"/>
</kw>
<kw name="Log" owner="BuiltIn">
<msg time="2024-05-15T06:19:13.854525" level="INFO">login</msg>
<arg>${key}</arg>
<doc>Logs the given message with the given level.</doc>
<status status="PASS" start="2024-05-15T06:19:13.854399" elapsed="0.000164"/>
</kw>
<var name="${key}">login</var>
<status status="PASS" start="2024-05-15T06:19:13.852824" elapsed="0.001953"/>
</iter>
<var>${key}</var>
<value>@{expected_keys}</value>
<status status="PASS" start="2024-05-15T06:19:13.844062" elapsed="0.010882"/>
</for>
<kw name="Create List" owner="BuiltIn">
<msg time="2024-05-15T06:19:13.855296" level="INFO">${expected_keysTwo} = ['username', 'password']</msg>
<var>${expected_keysTwo}</var>
<arg>username</arg>
<arg>password</arg>
<doc>Returns a list containing given items.</doc>
<status status="PASS" start="2024-05-15T06:19:13.855157" elapsed="0.000163"/>
</kw>
<for flavor="IN">
<iter>
<kw name="Dictionary Should Contain Key" owner="Collections">
<msg time="2024-05-15T06:19:13.856206" level="INFO">False</msg>
<arg>${json_data['results'][0]['login']}</arg>
<arg>${keyTwo}</arg>
<doc>Fails if ``key`` is not found from ``dictionary``.</doc>
<status status="PASS" start="2024-05-15T06:19:13.855819" elapsed="0.000424"/>
</kw>
<kw name="Dictionary Should Contain Key" owner="Collections">
<msg time="2024-05-15T06:19:13.856928" level="INFO">False</msg>
<arg>${json_data['results'][0]['login']}</arg>
<arg>${keyTwo}</arg>
<doc>Fails if ``key`` is not found from ``dictionary``.</doc>
<status status="PASS" start="2024-05-15T06:19:13.856537" elapsed="0.000429"/>
</kw>
<kw name="Log" owner="BuiltIn">
<msg time="2024-05-15T06:19:13.857384" level="INFO">username</msg>
<arg>${keyTwo}</arg>
<doc>Logs the given message with the given level.</doc>
<status status="PASS" start="2024-05-15T06:19:13.857256" elapsed="0.000171"/>
</kw>
<var name="${keyTwo}">username</var>
<status status="PASS" start="2024-05-15T06:19:13.855709" elapsed="0.001934"/>
</iter>
<iter>
<kw name="Dictionary Should Contain Key" owner="Collections">
<msg time="2024-05-15T06:19:13.858313" level="INFO">False</msg>
<arg>${json_data['results'][0]['login']}</arg>
<arg>${keyTwo}</arg>
<doc>Fails if ``key`` is not found from ``dictionary``.</doc>
<status status="PASS" start="2024-05-15T06:19:13.857926" elapsed="0.000424"/>
</kw>
<kw name="Dictionary Should Contain Key" owner="Collections">
<msg time="2024-05-15T06:19:13.859138" level="INFO">False</msg>
<arg>${json_data['results'][0]['login']}</arg>
<arg>${keyTwo}</arg>
<doc>Fails if ``key`` is not found from ``dictionary``.</doc>
<status status="PASS" start="2024-05-15T06:19:13.858643" elapsed="0.000535"/>
</kw>
<kw name="Log" owner="BuiltIn">
<msg time="2024-05-15T06:19:13.859615" level="INFO">password</msg>
<arg>${keyTwo}</arg>
<doc>Logs the given message with the given level.</doc>
<status status="PASS" start="2024-05-15T06:19:13.859486" elapsed="0.000167"/>
</kw>
<var name="${keyTwo}">password</var>
<status status="PASS" start="2024-05-15T06:19:13.857818" elapsed="0.002050"/>
</iter>
<var>${keyTwo}</var>
<value>@{expected_keysTwo}</value>
<status status="PASS" start="2024-05-15T06:19:13.855557" elapsed="0.004435"/>
</for>
<status status="PASS" start="2024-05-15T06:19:13.746910" elapsed="0.113221"/>
</kw>
<doc>Testa a estrutura da resposta da API.</doc>
<tag>testeEstruturaResposta</tag>
<status status="PASS" start="2024-05-15T06:19:13.746433" elapsed="0.113849"/>
</test>
<test id="s1-s1-t4" name="Validar tipos de dados" line="28">
<kw name="Teste de Tipos de Dados" owner="random-user-service">
<kw name="GET On Session" owner="RequestsLibrary">
<msg time="2024-05-15T06:19:13.953311" level="INFO">GET Request : url=https://randomuser.me/api 
 path_url=/api 
 headers={'User-Agent': 'python-requests/2.31.0', 'Accept-Encoding': 'gzip, deflate', 'Accept': '*/*', 'Connection': 'keep-alive'} 
 body=None 
 </msg>
<msg time="2024-05-15T06:19:13.953397" level="INFO">GET Response : url=https://randomuser.me/api 
 status=200, reason=OK 
 headers={'Date': 'Wed, 15 May 2024 06:19:13 GMT', 'Content-Type': 'application/json; charset=utf-8', 'Transfer-Encoding': 'chunked', 'Connection': 'keep-alive', 'X-Powered-By': 'Express', 'Access-Control-Allow-Origin': '*', 'Cache-Control': 'no-cache', 'ETag': 'W/"49d-vJruSJu7GjqI0Oplflgqq3nZgeI"', 'Vary': 'Accept-Encoding', 'Content-Encoding': 'gzip', 'CF-Cache-Status': 'DYNAMIC', 'Report-To': '{"endpoints":[{"url":"https:\\/\\/a.nel.cloudflare.com\\/report\\/v4?s=Z2aHfVjhmdIyfRN8f0HWX01E%2FsoCA%2F5Nn5uTTQMudM1AW1UPRAB4YAKiFbDagGndFnnFAHiG9TRwN%2Bftuf6xRpFm5kHoytrj1Kvec5AUKQKe9squk8ZyIeYcOyH%2BUR0G"}],"group":"cf-nel","max_age":604800}', 'NEL': '{"success_fraction":0,"report_to":"cf-nel","max_age":604800}', 'Server': 'cloudflare', 'CF-RAY': '884103e3ac759687-SJC', 'alt-svc': 'h3=":443"; ma=86400'} 
 body={"results":[{"gender":"female","name":{"title":"Mrs","first":"Draga","last":"Nađ"},"location":{"street":{"number":1373,"name":"Filipa Hristića "},"city":"Ivanjica","state":"South Banat","country":"Serbia","postcode":41973,"coordinates":{"latitude":"62.2078","longitude":"35.3639"},"timezone":{"offset":"0:00","description":"Western Europe Time, London, Lisbon, Casablanca"}},"email":"draga.nad@example.com","login":{"uuid":"3797244c-5719-4b5b-8ddf-a41774232201","username":"yellowmouse357","password":"spanky","salt":"BfKSvRG2","md5":"3f6563ee20c8e93974d1d1257fca71b1","sha1":"3b36395a05ccd374a213d276a25cee02d870fe8b","sha256":"a7fb58c6c6b6f3aae504f2c4dffcbd1ad61b0bcb45091ec82e23f83b7f48cee0"},"dob":{"date":"1951-02-16T15:21:19.579Z","age":73},"registered":{"date":"2012-04-13T16:06:16.936Z","age":12},"phone":"011-2110-179","cell":"060-9517-494","id":{"name":"SID","value":"059648055"},"picture":{"large":"https://randomuser.me/api/portraits/women/42.jpg","medium":"https://randomuser.me/api/portraits/med/women/42.jpg","thumbnail":"https://randomuser.me/api/portraits/thumb/women/42.jpg"},"nat":"RS"}],"info":{"seed":"607a61e565dad081","results":1,"page":1,"version":"1.4"}} 
 </msg>
<msg time="2024-05-15T06:19:13.953479" level="INFO">/opt/hostedtoolcache/Python/3.12.3/x64/lib/python3.12/site-packages/urllib3/connectionpool.py:1103: InsecureRequestWarning: Unverified HTTPS request is being made to host 'randomuser.me'. Adding certificate verification is strongly advised. See: https://urllib3.readthedocs.io/en/latest/advanced-usage.html#tls-warnings
  warnings.warn(</msg>
<msg time="2024-05-15T06:19:13.953590" level="INFO">${response} = &lt;Response [200]&gt;</msg>
<var>${response}</var>
<arg>consultarAPI</arg>
<arg>/api</arg>
<doc>Sends a GET request on a previously created HTTP Session.</doc>
<status status="PASS" start="2024-05-15T06:19:13.862668" elapsed="0.090963"/>
</kw>
<kw name="Set Variable" owner="BuiltIn">
<msg time="2024-05-15T06:19:13.954506" level="INFO">${json_data} = {'results': [{'gender': 'female', 'name': {'title': 'Mrs', 'first': 'Draga', 'last': 'Nađ'}, 'location': {'street': {'number': 1373, 'name': 'Filipa Hristića '}, 'city': 'Ivanjica', 'state': 'South Ba...</msg>
<var>${json_data}</var>
<arg>${response.json()}</arg>
<doc>Returns the given values which can then be assigned to a variables.</doc>
<status status="PASS" start="2024-05-15T06:19:13.954023" elapsed="0.000513"/>
</kw>
<kw name="Log" owner="BuiltIn">
<msg time="2024-05-15T06:19:13.955047" level="INFO">{'results': [{'gender': 'female', 'name': {'title': 'Mrs', 'first': 'Draga', 'last': 'Nađ'}, 'location': {'street': {'number': 1373, 'name': 'Filipa Hristića '}, 'city': 'Ivanjica', 'state': 'South Banat', 'country': 'Serbia', 'postcode': 41973, 'coordinates': {'latitude': '62.2078', 'longitude': '35.3639'}, 'timezone': {'offset': '0:00', 'description': 'Western Europe Time, London, Lisbon, Casablanca'}}, 'email': 'draga.nad@example.com', 'login': {'uuid': '3797244c-5719-4b5b-8ddf-a41774232201', 'username': 'yellowmouse357', 'password': 'spanky', 'salt': 'BfKSvRG2', 'md5': '3f6563ee20c8e93974d1d1257fca71b1', 'sha1': '3b36395a05ccd374a213d276a25cee02d870fe8b', 'sha256': 'a7fb58c6c6b6f3aae504f2c4dffcbd1ad61b0bcb45091ec82e23f83b7f48cee0'}, 'dob': {'date': '1951-02-16T15:21:19.579Z', 'age': 73}, 'registered': {'date': '2012-04-13T16:06:16.936Z', 'age': 12}, 'phone': '011-2110-179', 'cell': '060-9517-494', 'id': {'name': 'SID', 'value': '059648055'}, 'picture': {'large': 'https://randomuser.me/api/portraits/women/42.jpg', 'medium': 'https://randomuser.me/api/portraits/med/women/42.jpg', 'thumbnail': 'https://randomuser.me/api/portraits/thumb/women/42.jpg'}, 'nat': 'RS'}], 'info': {'seed': '607a61e565dad081', 'results': 1, 'page': 1, 'version': '1.4'}}</msg>
<arg>${json_data}</arg>
<doc>Logs the given message with the given level.</doc>
<status status="PASS" start="2024-05-15T06:19:13.954843" elapsed="0.000289"/>
</kw>
<kw name="Should Be String" owner="String">
<arg>${json_data['results'][0]['gender']}</arg>
<doc>Fails if the given ``item`` is not a string.</doc>
<status status="PASS" start="2024-05-15T06:19:13.955444" elapsed="0.000367"/>
</kw>
<kw name="Should Match Regexp" owner="BuiltIn">
<arg>${json_data['results'][0]['email']}</arg>
<arg>^[a-zA-Z0-9._%+-]+@[a-zA-Z0-9.-]+\.[a-zA-Z]{2,}$</arg>
<doc>Fails if ``string`` does not match ``pattern`` as a regular expression.</doc>
<status status="PASS" start="2024-05-15T06:19:13.956005" elapsed="0.000504"/>
</kw>
<kw name="Should Match Regexp" owner="BuiltIn">
<arg>${json_data['results'][0]['dob']['date']}</arg>
<arg>\\d{4}-\\d{2}-\\d{2}T\\d{2}:\\d{2}:\\d{2}\\.\\d{3}Z</arg>
<doc>Fails if ``string`` does not match ``pattern`` as a regular expression.</doc>
<status status="PASS" start="2024-05-15T06:19:13.956703" elapsed="0.000495"/>
</kw>
<kw name="Should Match Regexp" owner="BuiltIn">
<arg>${json_data['results'][0]['registered']['date']}</arg>
<arg>\\d{4}-\\d{2}-\\d{2}T\\d{2}:\\d{2}:\\d{2}\\.\\d{3}Z</arg>
<doc>Fails if ``string`` does not match ``pattern`` as a regular expression.</doc>
<status status="PASS" start="2024-05-15T06:19:13.957389" elapsed="0.000368"/>
</kw>
<kw name="Should Match Regexp" owner="BuiltIn">
<arg>${json_data['results'][0]['picture']['large']}</arg>
<arg>^https?://.*\.(?:png|jpe?g|gif|bmp)$</arg>
<doc>Fails if ``string`` does not match ``pattern`` as a regular expression.</doc>
<status status="PASS" start="2024-05-15T06:19:13.957944" elapsed="0.000464"/>
</kw>
<kw name="Should Match Regexp" owner="BuiltIn">
<arg>${json_data['results'][0]['picture']['medium']}</arg>
<arg>^https?://.*\.(?:png|jpe?g|gif|bmp)$</arg>
<doc>Fails if ``string`` does not match ``pattern`` as a regular expression.</doc>
<status status="PASS" start="2024-05-15T06:19:13.958596" elapsed="0.000383"/>
</kw>
<kw name="Should Match Regexp" owner="BuiltIn">
<arg>${json_data['results'][0]['picture']['thumbnail']}</arg>
<arg>^https?://.*\.(?:png|jpe?g|gif|bmp)$</arg>
<doc>Fails if ``string`` does not match ``pattern`` as a regular expression.</doc>
<status status="PASS" start="2024-05-15T06:19:13.959173" elapsed="0.000357"/>
</kw>
<kw name="Log" owner="BuiltIn">
<msg time="2024-05-15T06:19:13.960037" level="INFO">{'large': 'https://randomuser.me/api/portraits/women/42.jpg', 'medium': 'https://randomuser.me/api/portraits/med/women/42.jpg', 'thumbnail': 'https://randomuser.me/api/portraits/thumb/women/42.jpg'}</msg>
<arg>${json_data['results'][0]['picture']}</arg>
<doc>Logs the given message with the given level.</doc>
<status status="PASS" start="2024-05-15T06:19:13.959711" elapsed="0.000366"/>
</kw>
<status status="PASS" start="2024-05-15T06:19:13.862451" elapsed="0.097875"/>
</kw>
<kw name="Teste de Tipos de Dados - Postcode" owner="random-user-service">
<kw name="GET On Session" owner="RequestsLibrary">
<msg time="2024-05-15T06:19:14.054388" level="INFO">GET Request : url=https://randomuser.me/api 
 path_url=/api 
 headers={'User-Agent': 'python-requests/2.31.0', 'Accept-Encoding': 'gzip, deflate', 'Accept': '*/*', 'Connection': 'keep-alive'} 
 body=None 
 </msg>
<msg time="2024-05-15T06:19:14.054472" level="INFO">GET Response : url=https://randomuser.me/api 
 status=200, reason=OK 
 headers={'Date': 'Wed, 15 May 2024 06:19:14 GMT', 'Content-Type': 'application/json; charset=utf-8', 'Transfer-Encoding': 'chunked', 'Connection': 'keep-alive', 'X-Powered-By': 'Express', 'Access-Control-Allow-Origin': '*', 'Cache-Control': 'no-cache', 'ETag': 'W/"475-F3SADOJ0joO3QyLNG0Bun/iJwO4"', 'Vary': 'Accept-Encoding', 'Content-Encoding': 'gzip', 'CF-Cache-Status': 'DYNAMIC', 'Report-To': '{"endpoints":[{"url":"https:\\/\\/a.nel.cloudflare.com\\/report\\/v4?s=Y5yJ8oPtVv77%2FQQQZ4pfGoa7wUUuSJ%2BvN%2FIxSzzqiw3%2FdRctYFey44JN0c7B2F7fjD2i9esW%2B9wqewSRKWOo7EiIcX2eF26kANp%2Bj7t%2BiXQtbl3%2F8cS5DMbZ1GpJvF0p"}],"group":"cf-nel","max_age":604800}', 'NEL': '{"success_fraction":0,"report_to":"cf-nel","max_age":604800}', 'Server': 'cloudflare', 'CF-RAY': '884103e44cd19687-SJC', 'alt-svc': 'h3=":443"; ma=86400'} 
 body={"results":[{"gender":"male","name":{"title":"Mr","first":"Nayden","last":"Nechitaylo"},"location":{"street":{"number":9109,"name":"Sonliva"},"city":"Hotin","state":"Avtonomna Respublika Krim","country":"Ukraine","postcode":37498,"coordinates":{"latitude":"77.5273","longitude":"-17.8613"},"timezone":{"offset":"-9:00","description":"Alaska"}},"email":"nayden.nechitaylo@example.com","login":{"uuid":"991ede04-5186-4f64-9abb-180a97db4628","username":"redpanda167","password":"oracle","salt":"uhHy7yt1","md5":"f3aad30be14bf81bf872b026ee8452ec","sha1":"69215b43d304f871b9332684c7ae322336e54e72","sha256":"fdfafe22502eb9af1765f25b7c8bf8dec12ada5c94f50f001ac5a63fae7ccb4a"},"dob":{"date":"1973-04-11T00:55:07.332Z","age":51},"registered":{"date":"2003-05-26T17:50:13.715Z","age":20},"phone":"(097) L87-2315","cell":"(099) O55-0684","id":{"name":"","value":null},"picture":{"large":"https://randomuser.me/api/portraits/men/68.jpg","medium":"https://randomuser.me/api/portraits/med/men/68.jpg","thumbnail":"https://randomuser.me/api/portraits/thumb/men/68.jpg"},"nat":"UA"}],"info":{"seed":"08da2bc8527b5ff2","results":1,"page":1,"version":"1.4"}} 
 </msg>
<msg time="2024-05-15T06:19:14.054545" level="INFO">/opt/hostedtoolcache/Python/3.12.3/x64/lib/python3.12/site-packages/urllib3/connectionpool.py:1103: InsecureRequestWarning: Unverified HTTPS request is being made to host 'randomuser.me'. Adding certificate verification is strongly advised. See: https://urllib3.readthedocs.io/en/latest/advanced-usage.html#tls-warnings
  warnings.warn(</msg>
<msg time="2024-05-15T06:19:14.054687" level="INFO">${response} = &lt;Response [200]&gt;</msg>
<var>${response}</var>
<arg>consultarAPI</arg>
<arg>/api</arg>
<doc>Sends a GET request on a previously created HTTP Session.</doc>
<status status="PASS" start="2024-05-15T06:19:13.960756" elapsed="0.093981"/>
</kw>
<kw name="Set Variable" owner="BuiltIn">
<msg time="2024-05-15T06:19:14.055568" level="INFO">${json_data} = {'results': [{'gender': 'male', 'name': {'title': 'Mr', 'first': 'Nayden', 'last': 'Nechitaylo'}, 'location': {'street': {'number': 9109, 'name': 'Sonliva'}, 'city': 'Hotin', 'state': 'Avtonomna Respu...</msg>
<var>${json_data}</var>
<arg>${response.json()}</arg>
<doc>Returns the given values which can then be assigned to a variables.</doc>
<status status="PASS" start="2024-05-15T06:19:14.055108" elapsed="0.000487"/>
</kw>
<kw name="Log" owner="BuiltIn">
<msg time="2024-05-15T06:19:14.056046" level="INFO">{'results': [{'gender': 'male', 'name': {'title': 'Mr', 'first': 'Nayden', 'last': 'Nechitaylo'}, 'location': {'street': {'number': 9109, 'name': 'Sonliva'}, 'city': 'Hotin', 'state': 'Avtonomna Respublika Krim', 'country': 'Ukraine', 'postcode': 37498, 'coordinates': {'latitude': '77.5273', 'longitude': '-17.8613'}, 'timezone': {'offset': '-9:00', 'description': 'Alaska'}}, 'email': 'nayden.nechitaylo@example.com', 'login': {'uuid': '991ede04-5186-4f64-9abb-180a97db4628', 'username': 'redpanda167', 'password': 'oracle', 'salt': 'uhHy7yt1', 'md5': 'f3aad30be14bf81bf872b026ee8452ec', 'sha1': '69215b43d304f871b9332684c7ae322336e54e72', 'sha256': 'fdfafe22502eb9af1765f25b7c8bf8dec12ada5c94f50f001ac5a63fae7ccb4a'}, 'dob': {'date': '1973-04-11T00:55:07.332Z', 'age': 51}, 'registered': {'date': '2003-05-26T17:50:13.715Z', 'age': 20}, 'phone': '(097) L87-2315', 'cell': '(099) O55-0684', 'id': {'name': '', 'value': None}, 'picture': {'large': 'https://randomuser.me/api/portraits/men/68.jpg', 'medium': 'https://randomuser.me/api/portraits/med/men/68.jpg', 'thumbnail': 'https://randomuser.me/api/portraits/thumb/men/68.jpg'}, 'nat': 'UA'}], 'info': {'seed': '08da2bc8527b5ff2', 'results': 1, 'page': 1, 'version': '1.4'}}</msg>
<arg>${json_data}</arg>
<doc>Logs the given message with the given level.</doc>
<status status="PASS" start="2024-05-15T06:19:14.055895" elapsed="0.000227"/>
</kw>
<kw name="Should Be Equal As Numbers" owner="BuiltIn">
<arg>${json_data['results'][0]['location']['postcode']}</arg>
<arg>${json_data['results'][0]['location']['postcode']}</arg>
<doc>Fails if objects are unequal after converting them to real numbers.</doc>
<status status="PASS" start="2024-05-15T06:19:14.056419" elapsed="0.000742"/>
</kw>
<kw name="Log" owner="BuiltIn">
<msg time="2024-05-15T06:19:14.057685" level="INFO">37498</msg>
<arg>${json_data['results'][0]['location']['postcode']}</arg>
<doc>Logs the given message with the given level.</doc>
<status status="PASS" start="2024-05-15T06:19:14.057350" elapsed="0.000375"/>
</kw>
<status status="PASS" start="2024-05-15T06:19:13.960539" elapsed="0.097430"/>
</kw>
<doc>Testa se os tipos de dados na resposta da API estão corretos.</doc>
<tag>testeTiposDados</tag>
<status status="PASS" start="2024-05-15T06:19:13.862023" elapsed="0.196102"/>
</test>
<test id="s1-s1-t5" name="Validar conteudo" line="35">
<kw name="Teste de Tipos de Conteudo" owner="random-user-service">
<kw name="GET On Session" owner="RequestsLibrary">
<msg time="2024-05-15T06:19:14.180728" level="INFO">GET Request : url=https://randomuser.me/api 
 path_url=/api 
 headers={'User-Agent': 'python-requests/2.31.0', 'Accept-Encoding': 'gzip, deflate', 'Accept': '*/*', 'Connection': 'keep-alive'} 
 body=None 
 </msg>
<msg time="2024-05-15T06:19:14.180813" level="INFO">GET Response : url=https://randomuser.me/api 
 status=200, reason=OK 
 headers={'Date': 'Wed, 15 May 2024 06:19:14 GMT', 'Content-Type': 'application/json; charset=utf-8', 'Transfer-Encoding': 'chunked', 'Connection': 'keep-alive', 'X-Powered-By': 'Express', 'Access-Control-Allow-Origin': '*', 'Cache-Control': 'no-cache', 'ETag': 'W/"475-A+B0V4hmzQoh/Hsg7U1KGe8t50U"', 'Vary': 'Accept-Encoding', 'Content-Encoding': 'gzip', 'CF-Cache-Status': 'DYNAMIC', 'Report-To': '{"endpoints":[{"url":"https:\\/\\/a.nel.cloudflare.com\\/report\\/v4?s=%2FTB1ufr4Hzl8H3Qw9hqrdkxEnN9KWBjReGgbxzYMAPi23aHxY3yxxdYBWQ%2BlNGVHPrxij7GTqKGZci3vBpo76nM64CDT7SYbGQWX2Mqo6VNby3NiTZezbjuFnXaRhMU7"}],"group":"cf-nel","max_age":604800}', 'NEL': '{"success_fraction":0,"report_to":"cf-nel","max_age":604800}', 'Server': 'cloudflare', 'CF-RAY': '884103e4ed299687-SJC', 'alt-svc': 'h3=":443"; ma=86400'} 
 body={"results":[{"gender":"male","name":{"title":"Mr","first":"Levi","last":"Watkins"},"location":{"street":{"number":5481,"name":"Cackson St"},"city":"San Jose","state":"Utah","country":"United States","postcode":87991,"coordinates":{"latitude":"84.1080","longitude":"-157.2159"},"timezone":{"offset":"-9:00","description":"Alaska"}},"email":"levi.watkins@example.com","login":{"uuid":"af281ced-6086-48e3-85e1-94086335f072","username":"tinybutterfly619","password":"enterme","salt":"xbIzF4oF","md5":"e00f321d1dcdad03ad28ecdd45d7cb20","sha1":"d3f487f331a909ddf3509109dfd83a442dbeb05c","sha256":"abad7b74399f23de7af8f8d65b7284a74a23c7291128ea51e2fca379fb04788f"},"dob":{"date":"1959-09-17T05:11:23.798Z","age":64},"registered":{"date":"2003-06-06T21:33:11.088Z","age":20},"phone":"(521) 490-4132","cell":"(934) 759-9104","id":{"name":"SSN","value":"547-27-9497"},"picture":{"large":"https://randomuser.me/api/portraits/men/51.jpg","medium":"https://randomuser.me/api/portraits/med/men/51.jpg","thumbnail":"https://randomuser.me/api/portraits/thumb/men/51.jpg"},"nat":"US"}],"info":{"seed":"ca416bcc5cc02559","results":1,"page":1,"version":"1.4"}} 
 </msg>
<msg time="2024-05-15T06:19:14.180884" level="INFO">/opt/hostedtoolcache/Python/3.12.3/x64/lib/python3.12/site-packages/urllib3/connectionpool.py:1103: InsecureRequestWarning: Unverified HTTPS request is being made to host 'randomuser.me'. Adding certificate verification is strongly advised. See: https://urllib3.readthedocs.io/en/latest/advanced-usage.html#tls-warnings
  warnings.warn(</msg>
<msg time="2024-05-15T06:19:14.180999" level="INFO">${response} = &lt;Response [200]&gt;</msg>
<var>${response}</var>
<arg>consultarAPI</arg>
<arg>/api</arg>
<doc>Sends a GET request on a previously created HTTP Session.</doc>
<status status="PASS" start="2024-05-15T06:19:14.060563" elapsed="0.120479"/>
</kw>
<kw name="Set Variable" owner="BuiltIn">
<msg time="2024-05-15T06:19:14.181873" level="INFO">${json_data} = {'results': [{'gender': 'male', 'name': {'title': 'Mr', 'first': 'Levi', 'last': 'Watkins'}, 'location': {'street': {'number': 5481, 'name': 'Cackson St'}, 'city': 'San Jose', 'state': 'Utah', 'countr...</msg>
<var>${json_data}</var>
<arg>${response.json()}</arg>
<doc>Returns the given values which can then be assigned to a variables.</doc>
<status status="PASS" start="2024-05-15T06:19:14.181421" elapsed="0.000481"/>
</kw>
<kw name="Set Variable" owner="BuiltIn">
<msg time="2024-05-15T06:19:14.182603" level="INFO">${name_title} = Mr</msg>
<var>${name_title}</var>
<arg>${json_data["results"][0]["name"]["title"]}</arg>
<doc>Returns the given values which can then be assigned to a variables.</doc>
<status status="PASS" start="2024-05-15T06:19:14.182206" elapsed="0.000422"/>
</kw>
<kw name="Create List" owner="BuiltIn">
<msg time="2024-05-15T06:19:14.183130" level="INFO">${allowed_titles} = ['Mr', 'Ms', 'Miss', 'Mrs', 'Madame', 'Monsieur']</msg>
<var>${allowed_titles}</var>
<arg>Mr</arg>
<arg>Ms</arg>
<arg>Miss</arg>
<arg>Mrs</arg>
<arg>Madame</arg>
<arg>Monsieur</arg>
<doc>Returns a list containing given items.</doc>
<status status="PASS" start="2024-05-15T06:19:14.182962" elapsed="0.000193"/>
</kw>
<kw name="List Should Contain Value" owner="Collections">
<msg time="2024-05-15T06:19:14.183629" level="INFO">False</msg>
<arg>${allowed_titles}</arg>
<arg>${name_title}</arg>
<doc>Fails if the ``value`` is not found from ``list``.</doc>
<status status="PASS" start="2024-05-15T06:19:14.183459" elapsed="0.000208"/>
</kw>
<kw name="Set Variable" owner="BuiltIn">
<msg time="2024-05-15T06:19:14.184351" level="INFO">${name_country} = US</msg>
<var>${name_country}</var>
<arg>${json_data["results"][0]["nat"]}</arg>
<doc>Returns the given values which can then be assigned to a variables.</doc>
<status status="PASS" start="2024-05-15T06:19:14.183965" elapsed="0.000410"/>
</kw>
<kw name="Create List" owner="BuiltIn">
<msg time="2024-05-15T06:19:14.185268" level="INFO">${list_country} = ['AD', 'AE', 'AF', 'AG', 'AI', 'AL', 'AM', 'AO', 'AQ', 'AR', 'AS', 'AT', 'AU', 'AW', 'AX', 'AZ', 'BA', 'BB', 'BD', 'BE', 'BF', 'BG', 'BH', 'BI', 'BJ', 'BL', 'BM', 'BN', 'BO', 'BQ', 'BR', 'BS', 'BT', '...</msg>
<var>${list_country}</var>
<arg>AD</arg>
<arg>AE</arg>
<arg>AF</arg>
<arg>AG</arg>
<arg>AI</arg>
<arg>AL</arg>
<arg>AM</arg>
<arg>AO</arg>
<arg>AQ</arg>
<arg>AR</arg>
<arg>AS</arg>
<arg>AT</arg>
<arg>AU</arg>
<arg>AW</arg>
<arg>AX</arg>
<arg>AZ</arg>
<arg>BA</arg>
<arg>BB</arg>
<arg>BD</arg>
<arg>BE</arg>
<arg>BF</arg>
<arg>BG</arg>
<arg>BH</arg>
<arg>BI</arg>
<arg>BJ</arg>
<arg>BL</arg>
<arg>BM</arg>
<arg>BN</arg>
<arg>BO</arg>
<arg>BQ</arg>
<arg>BR</arg>
<arg>BS</arg>
<arg>BT</arg>
<arg>BV</arg>
<arg>BW</arg>
<arg>BY</arg>
<arg>BZ</arg>
<arg>CA</arg>
<arg>CC</arg>
<arg>CD</arg>
<arg>CF</arg>
<arg>CG</arg>
<arg>CH</arg>
<arg>CI</arg>
<arg>CK</arg>
<arg>CL</arg>
<arg>CM</arg>
<arg>CN</arg>
<arg>CO</arg>
<arg>CR</arg>
<arg>CU</arg>
<arg>CV</arg>
<arg>CW</arg>
<arg>CX</arg>
<arg>CY</arg>
<arg>CZ</arg>
<arg>DE</arg>
<arg>DJ</arg>
<arg>DK</arg>
<arg>DM</arg>
<arg>DO</arg>
<arg>DZ</arg>
<arg>EC</arg>
<arg>EE</arg>
<arg>EG</arg>
<arg>EH</arg>
<arg>ER</arg>
<arg>ES</arg>
<arg>ET</arg>
<arg>FI</arg>
<arg>FJ</arg>
<arg>FK</arg>
<arg>FM</arg>
<arg>FO</arg>
<arg>FR</arg>
<arg>GA</arg>
<arg>GB</arg>
<arg>GD</arg>
<arg>GE</arg>
<arg>GF</arg>
<arg>GG</arg>
<arg>GH</arg>
<arg>GI</arg>
<arg>GL</arg>
<arg>GM</arg>
<arg>GN</arg>
<arg>GP</arg>
<arg>GQ</arg>
<arg>GR</arg>
<arg>GS</arg>
<arg>GT</arg>
<arg>GU</arg>
<arg>GW</arg>
<arg>GY</arg>
<arg>HK</arg>
<arg>HM</arg>
<arg>HN</arg>
<arg>HR</arg>
<arg>HT</arg>
<arg>HU</arg>
<arg>ID</arg>
<arg>IE</arg>
<arg>IL</arg>
<arg>IM</arg>
<arg>IN</arg>
<arg>IO</arg>
<arg>IQ</arg>
<arg>IR</arg>
<arg>IS</arg>
<arg>IT</arg>
<arg>JE</arg>
<arg>JM</arg>
<arg>JO</arg>
<arg>JP</arg>
<arg>KE</arg>
<arg>KG</arg>
<arg>KH</arg>
<arg>KI</arg>
<arg>KM</arg>
<arg>KN</arg>
<arg>KP</arg>
<arg>KR</arg>
<arg>KW</arg>
<arg>KY</arg>
<arg>KZ</arg>
<arg>LA</arg>
<arg>LB</arg>
<arg>LC</arg>
<arg>LI</arg>
<arg>LK</arg>
<arg>LR</arg>
<arg>LS</arg>
<arg>LT</arg>
<arg>LU</arg>
<arg>LV</arg>
<arg>LY</arg>
<arg>MA</arg>
<arg>MC</arg>
<arg>MD</arg>
<arg>ME</arg>
<arg>MF</arg>
<arg>MG</arg>
<arg>MH</arg>
<arg>MK</arg>
<arg>ML</arg>
<arg>MM</arg>
<arg>MN</arg>
<arg>MO</arg>
<arg>MP</arg>
<arg>MQ</arg>
<arg>MR</arg>
<arg>MS</arg>
<arg>MT</arg>
<arg>MU</arg>
<arg>MV</arg>
<arg>MW</arg>
<arg>MX</arg>
<arg>MY</arg>
<arg>MZ</arg>
<arg>NA</arg>
<arg>NC</arg>
<arg>NE</arg>
<arg>NF</arg>
<arg>NG</arg>
<arg>NI</arg>
<arg>NL</arg>
<arg>NO</arg>
<arg>NP</arg>
<arg>NR</arg>
<arg>NU</arg>
<arg>NZ</arg>
<arg>OM</arg>
<arg>PA</arg>
<arg>PE</arg>
<arg>PF</arg>
<arg>PG</arg>
<arg>PH</arg>
<arg>PK</arg>
<arg>PL</arg>
<arg>PM</arg>
<arg>PN</arg>
<arg>PR</arg>
<arg>PS</arg>
<arg>PT</arg>
<arg>PW</arg>
<arg>PY</arg>
<arg>QA</arg>
<arg>RE</arg>
<arg>RO</arg>
<arg>RS</arg>
<arg>RU</arg>
<arg>RW</arg>
<arg>SA</arg>
<arg>SB</arg>
<arg>SC</arg>
<arg>SD</arg>
<arg>SE</arg>
<arg>SG</arg>
<arg>SH</arg>
<arg>SI</arg>
<arg>SJ</arg>
<arg>SK</arg>
<arg>SL</arg>
<arg>SM</arg>
<arg>SN</arg>
<arg>SO</arg>
<arg>SR</arg>
<arg>SS</arg>
<arg>ST</arg>
<arg>SV</arg>
<arg>SX</arg>
<arg>SY</arg>
<arg>SZ</arg>
<arg>TC</arg>
<arg>TD</arg>
<arg>TF</arg>
<arg>TG</arg>
<arg>TH</arg>
<arg>TJ</arg>
<arg>TK</arg>
<arg>TL</arg>
<arg>TM</arg>
<arg>TN</arg>
<arg>TO</arg>
<arg>TR</arg>
<arg>TT</arg>
<arg>TV</arg>
<arg>TW</arg>
<arg>TZ</arg>
<arg>UA</arg>
<arg>UG</arg>
<arg>UM</arg>
<arg>US</arg>
<arg>UY</arg>
<arg>UZ</arg>
<arg>VA</arg>
<arg>VC</arg>
<arg>VE</arg>
<arg>VG</arg>
<arg>VI</arg>
<arg>VN</arg>
<arg>VU</arg>
<arg>WF</arg>
<arg>WS</arg>
<arg>XK</arg>
<arg>YE</arg>
<arg>YT</arg>
<arg>ZA</arg>
<arg>ZM</arg>
<arg>ZW</arg>
<doc>Returns a list containing given items.</doc>
<status status="PASS" start="2024-05-15T06:19:14.184678" elapsed="0.000616"/>
</kw>
<kw name="List Should Contain Value" owner="Collections">
<msg time="2024-05-15T06:19:14.186304" level="INFO">False</msg>
<arg>${list_country}</arg>
<arg>${name_country}</arg>
<doc>Fails if the ``value`` is not found from ``list``.</doc>
<status status="PASS" start="2024-05-15T06:19:14.186102" elapsed="0.000238"/>
</kw>
<kw name="Run Keyword If" owner="BuiltIn">
<kw name="Should Be True" owner="BuiltIn">
<arg>${True}</arg>
<doc>Fails if the given condition is not true.</doc>
<status status="PASS" start="2024-05-15T06:19:14.187435" elapsed="0.000143"/>
</kw>
<arg>${json_data["results"][0]["location"]["coordinates"]["latitude"]} &gt;= -90 and ${json_data["results"][0]["location"]["coordinates"]["latitude"]} &lt;= 90</arg>
<arg>Should Be True</arg>
<arg>${True}</arg>
<doc>Runs the given keyword with the given arguments, if ``condition`` is true.</doc>
<status status="PASS" start="2024-05-15T06:19:14.186657" elapsed="0.001049"/>
</kw>
<kw name="Run Keyword If" owner="BuiltIn">
<kw name="Should Be True" owner="BuiltIn">
<arg>${True}</arg>
<doc>Fails if the given condition is not true.</doc>
<status status="PASS" start="2024-05-15T06:19:14.188594" elapsed="0.000238"/>
</kw>
<arg>${json_data["results"][0]["location"]["coordinates"]["longitude"]} &gt;= -180 and ${json_data["results"][0]["location"]["coordinates"]["longitude"]} &lt;= 180</arg>
<arg>Should Be True</arg>
<arg>${True}</arg>
<doc>Runs the given keyword with the given arguments, if ``condition`` is true.</doc>
<status status="PASS" start="2024-05-15T06:19:14.187891" elapsed="0.001068"/>
</kw>
<status status="PASS" start="2024-05-15T06:19:14.060347" elapsed="0.128740"/>
</kw>
<doc>Testa o conteúdo específico dos campos retornados pela API.</doc>
<tag>testeConteudo</tag>
<status status="PASS" start="2024-05-15T06:19:14.059937" elapsed="0.129293"/>
</test>
<status status="PASS" start="2024-05-15T06:19:13.179747" elapsed="1.011390"/>
</suite>
<status status="PASS" start="2024-05-15T06:19:13.166289" elapsed="1.029862"/>
</suite>
<statistics>
<total>
<stat pass="5" fail="0" skip="0">All Tests</stat>
</total>
<tag>
<stat pass="1" fail="0" skip="0">testeConteudo</stat>
<stat pass="1" fail="0" skip="0">testeEstruturaResposta</stat>
<stat pass="1" fail="0" skip="0">testeRequisicaoBasica</stat>
<stat pass="1" fail="0" skip="0">testeTiposDados</stat>
</tag>
<suite>
<stat pass="5" fail="0" skip="0" id="s1" name="Tests">Tests</stat>
<stat pass="5" fail="0" skip="0" id="s1-s1" name="Random-User-Test">Tests.Random-User-Test</stat>
</suite>
</statistics>
<errors>
</errors>
</robot>
