<?xml version="1.0" encoding="UTF-8"?>
<robot generator="Robot 7.0 (Python 3.12.3 on linux)" generated="2024-05-30T20:16:53.238893" rpa="false" schemaversion="5">
<suite id="s1" name="Tests" source="/home/runner/work/ApiRandomUser/ApiRandomUser/RamdonUser/tests">
<suite id="s1-s1" name="Random-User-Test" source="/home/runner/work/ApiRandomUser/ApiRandomUser/RamdonUser/tests/random-user-test.robot">
<test id="s1-s1-t1" name="Conectar" line="13">
<kw name="Conectar API" owner="random-user-service">
<kw name="Create Session" owner="RequestsLibrary">
<msg time="2024-05-30T20:16:53.668480" level="INFO">Creating Session using : alias=consultarAPI, url=https://randomuser.me/, headers={},                     cookies={}, auth=None, timeout=None, proxies=None, verify=False,                     debug=0 </msg>
<arg>consultarAPI</arg>
<arg>${URL}</arg>
<doc>Create Session: create a HTTP session to a server</doc>
<status status="PASS" start="2024-05-30T20:16:53.668268" elapsed="0.000405"/>
</kw>
<status status="PASS" start="2024-05-30T20:16:53.667156" elapsed="0.001902"/>
</kw>
<status status="PASS" start="2024-05-30T20:16:53.666476" elapsed="0.002780"/>
</test>
<test id="s1-s1-t2" name="Validar retorno 200 e JSON Válido" line="16">
<kw name="Teste de Requisicao Basica" owner="random-user-service">
<kw name="GET On Session" owner="RequestsLibrary">
<msg time="2024-05-30T20:16:53.763029" level="INFO">GET Request : url=https://randomuser.me/api 
 path_url=/api 
 headers={'User-Agent': 'python-requests/2.32.3', 'Accept-Encoding': 'gzip, deflate', 'Accept': '*/*', 'Connection': 'keep-alive'} 
 body=None 
 </msg>
<msg time="2024-05-30T20:16:53.763191" level="INFO">GET Response : url=https://randomuser.me/api 
 status=200, reason=OK 
 headers={'Date': 'Thu, 30 May 2024 20:16:53 GMT', 'Content-Type': 'application/json; charset=utf-8', 'Transfer-Encoding': 'chunked', 'Connection': 'keep-alive', 'X-Powered-By': 'Express', 'Access-Control-Allow-Origin': '*', 'Cache-Control': 'no-cache', 'ETag': 'W/"496-Uc2lXx6UfOM72YxAZ8wyy4AAbX0"', 'Vary': 'Accept-Encoding', 'Content-Encoding': 'gzip', 'CF-Cache-Status': 'DYNAMIC', 'Report-To': '{"endpoints":[{"url":"https:\\/\\/a.nel.cloudflare.com\\/report\\/v4?s=Z7OhymCtbFvotpp30w9Fsw3n%2FOwpL3gjdH9M7YrvhHYNgFWwnerwOd8oG0PfrNdbI4PrCOTtCQADGOdH2mkqKrf%2BkTx9BAhu529BG59RUa8eXFpddcPb6eutdbSTvITB"}],"group":"cf-nel","max_age":604800}', 'NEL': '{"success_fraction":0,"report_to":"cf-nel","max_age":604800}', 'Server': 'cloudflare', 'CF-RAY': '88c1678f9907081a-IAD', 'alt-svc': 'h3=":443"; ma=86400'} 
 body={"results":[{"gender":"male","name":{"title":"Mr","first":"Alfred","last":"Lord"},"location":{"street":{"number":420,"name":"Park Avenue"},"city":"Norwich","state":"Northamptonshire","country":"United Kingdom","postcode":"KG1 8YS","coordinates":{"latitude":"-6.5644","longitude":"-118.0867"},"timezone":{"offset":"-3:00","description":"Brazil, Buenos Aires, Georgetown"}},"email":"alfred.lord@example.com","login":{"uuid":"085099ac-8b59-4659-8aed-e33d2642dcd5","username":"tinyswan911","password":"mylife","salt":"FSwKxtJc","md5":"5029afc369709c1eb0fcbff96cbbc2b8","sha1":"a3a1fe3607a91b7436233ccaae9de7fa6654daaa","sha256":"af5c7f066754053d3299d73bb39987d1eab23409ae25774b0e03f74ecd6a8ddd"},"dob":{"date":"1957-01-25T04:37:13.491Z","age":67},"registered":{"date":"2006-12-29T11:06:18.826Z","age":17},"phone":"016974 07503","cell":"07130 597476","id":{"name":"NINO","value":"CN 51 29 21 M"},"picture":{"large":"https://randomuser.me/api/portraits/men/85.jpg","medium":"https://randomuser.me/api/portraits/med/men/85.jpg","thumbnail":"https://randomuser.me/api/portraits/thumb/men/85.jpg"},"nat":"GB"}],"info":{"seed":"fd1c42e799c1a514","results":1,"page":1,"version":"1.4"}} 
 </msg>
<msg time="2024-05-30T20:16:53.763272" level="INFO">/opt/hostedtoolcache/Python/3.12.3/x64/lib/python3.12/site-packages/urllib3/connectionpool.py:1103: InsecureRequestWarning: Unverified HTTPS request is being made to host 'randomuser.me'. Adding certificate verification is strongly advised. See: https://urllib3.readthedocs.io/en/latest/advanced-usage.html#tls-warnings
  warnings.warn(</msg>
<msg time="2024-05-30T20:16:53.763417" level="INFO">${response} = &lt;Response [200]&gt;</msg>
<var>${response}</var>
<arg>consultarAPI</arg>
<arg>/api</arg>
<doc>Sends a GET request on a previously created HTTP Session.</doc>
<status status="PASS" start="2024-05-30T20:16:53.671968" elapsed="0.091489"/>
</kw>
<kw name="Should Be Equal As Numbers" owner="BuiltIn">
<msg time="2024-05-30T20:16:53.764633" level="INFO">Argument types are:
&lt;class 'int'&gt;
&lt;class 'str'&gt;</msg>
<arg>${response.status_code}</arg>
<arg>200</arg>
<doc>Fails if objects are unequal after converting them to real numbers.</doc>
<status status="PASS" start="2024-05-30T20:16:53.764133" elapsed="0.000568"/>
</kw>
<kw name="Log" owner="BuiltIn">
<msg time="2024-05-30T20:16:53.765402" level="INFO">200</msg>
<arg>${response.status_code}</arg>
<doc>Logs the given message with the given level.</doc>
<status status="PASS" start="2024-05-30T20:16:53.765056" elapsed="0.000394"/>
</kw>
<kw name="Set Variable" owner="BuiltIn">
<msg time="2024-05-30T20:16:53.766247" level="INFO">${json_data} = {'results': [{'gender': 'male', 'name': {'title': 'Mr', 'first': 'Alfred', 'last': 'Lord'}, 'location': {'street': {'number': 420, 'name': 'Park Avenue'}, 'city': 'Norwich', 'state': 'Northamptonshire...</msg>
<var>${json_data}</var>
<arg>${response.json()}</arg>
<doc>Returns the given values which can then be assigned to a variables.</doc>
<status status="PASS" start="2024-05-30T20:16:53.765802" elapsed="0.000475"/>
</kw>
<kw name="Dictionary Should Contain Key" owner="Collections">
<msg time="2024-05-30T20:16:53.766752" level="INFO">False</msg>
<arg>${json_data}</arg>
<arg>results</arg>
<doc>Fails if ``key`` is not found from ``dictionary``.</doc>
<status status="PASS" start="2024-05-30T20:16:53.766584" elapsed="0.000371"/>
</kw>
<status status="PASS" start="2024-05-30T20:16:53.671719" elapsed="0.095511"/>
</kw>
<doc>Testa se a API responde corretamente e retorna um objeto JSON válido.</doc>
<tag>testeRequisicaoBasica</tag>
<status status="PASS" start="2024-05-30T20:16:53.671182" elapsed="0.096231"/>
</test>
<test id="s1-s1-t3" name="Validar estrutura de resposta" line="22">
<kw name="Teste de Estrutura de Resposta" owner="random-user-service">
<kw name="GET On Session" owner="RequestsLibrary">
<msg time="2024-05-30T20:16:53.857579" level="INFO">GET Request : url=https://randomuser.me/api 
 path_url=/api 
 headers={'User-Agent': 'python-requests/2.32.3', 'Accept-Encoding': 'gzip, deflate', 'Accept': '*/*', 'Connection': 'keep-alive'} 
 body=None 
 </msg>
<msg time="2024-05-30T20:16:53.857732" level="INFO">GET Response : url=https://randomuser.me/api 
 status=200, reason=OK 
 headers={'Date': 'Thu, 30 May 2024 20:16:53 GMT', 'Content-Type': 'application/json; charset=utf-8', 'Transfer-Encoding': 'chunked', 'Connection': 'keep-alive', 'X-Powered-By': 'Express', 'Access-Control-Allow-Origin': '*', 'Cache-Control': 'no-cache', 'ETag': 'W/"4ad-/T28XQDtOOX+aGN1y49Bift9198"', 'Vary': 'Accept-Encoding', 'Content-Encoding': 'gzip', 'CF-Cache-Status': 'DYNAMIC', 'Report-To': '{"endpoints":[{"url":"https:\\/\\/a.nel.cloudflare.com\\/report\\/v4?s=zim1dOH%2Bq2h%2BEr505P6OcV36Ft%2BonpWgQKPWmaTubqCGYEsmLbRbuKnC%2BawHLvkGj0CITsVIQFvj%2FzPguI1BUCUw6vrBGoJ8dJA8bEhqpBYFonUWnqD26uxuCeNUFUse"}],"group":"cf-nel","max_age":604800}', 'NEL': '{"success_fraction":0,"report_to":"cf-nel","max_age":604800}', 'Server': 'cloudflare', 'CF-RAY': '88c1679019a1081a-IAD', 'alt-svc': 'h3=":443"; ma=86400'} 
 body={"results":[{"gender":"female","name":{"title":"Mrs","first":"Océane","last":"Fontai"},"location":{"street":{"number":8435,"name":"Rue de L'Église"},"city":"Reims","state":"Haute-Garonne","country":"France","postcode":49647,"coordinates":{"latitude":"-13.4024","longitude":"127.9440"},"timezone":{"offset":"+5:00","description":"Ekaterinburg, Islamabad, Karachi, Tashkent"}},"email":"oceane.fontai@example.com","login":{"uuid":"d45ad9b6-7d5b-4f5a-99e2-ce6f19d2b23b","username":"blackrabbit936","password":"trevor","salt":"2uS8vNuL","md5":"24f1da2d2833576746f00a878adc3015","sha1":"b824d0bdaaec9432c495d827db86b30ac7635587","sha256":"054c29c1789e95bbee591bf8a581a7c1aefa00e47bf490913ea9232310ae8409"},"dob":{"date":"1967-11-26T19:03:13.300Z","age":56},"registered":{"date":"2021-12-23T20:46:06.295Z","age":2},"phone":"03-81-71-27-37","cell":"06-15-86-79-60","id":{"name":"INSEE","value":"2671027838537 53"},"picture":{"large":"https://randomuser.me/api/portraits/women/11.jpg","medium":"https://randomuser.me/api/portraits/med/women/11.jpg","thumbnail":"https://randomuser.me/api/portraits/thumb/women/11.jpg"},"nat":"FR"}],"info":{"seed":"c15e282488c13e54","results":1,"page":1,"version":"1.4"}} 
 </msg>
<msg time="2024-05-30T20:16:53.857884" level="INFO">/opt/hostedtoolcache/Python/3.12.3/x64/lib/python3.12/site-packages/urllib3/connectionpool.py:1103: InsecureRequestWarning: Unverified HTTPS request is being made to host 'randomuser.me'. Adding certificate verification is strongly advised. See: https://urllib3.readthedocs.io/en/latest/advanced-usage.html#tls-warnings
  warnings.warn(</msg>
<msg time="2024-05-30T20:16:53.858035" level="INFO">${response} = &lt;Response [200]&gt;</msg>
<var>${response}</var>
<arg>consultarAPI</arg>
<arg>/api</arg>
<doc>Sends a GET request on a previously created HTTP Session.</doc>
<status status="PASS" start="2024-05-30T20:16:53.770164" elapsed="0.087921"/>
</kw>
<kw name="Set Variable" owner="BuiltIn">
<msg time="2024-05-30T20:16:53.859307" level="INFO">${json_data} = {'results': [{'gender': 'female', 'name': {'title': 'Mrs', 'first': 'Océane', 'last': 'Fontai'}, 'location': {'street': {'number': 8435, 'name': "Rue de L'Église"}, 'city': 'Reims', 'state': 'Haute-Ga...</msg>
<var>${json_data}</var>
<arg>${response.json()}</arg>
<doc>Returns the given values which can then be assigned to a variables.</doc>
<status status="PASS" start="2024-05-30T20:16:53.858712" elapsed="0.000625"/>
</kw>
<kw name="Log" owner="BuiltIn">
<msg time="2024-05-30T20:16:53.859818" level="INFO">{'results': [{'gender': 'female', 'name': {'title': 'Mrs', 'first': 'Océane', 'last': 'Fontai'}, 'location': {'street': {'number': 8435, 'name': "Rue de L'Église"}, 'city': 'Reims', 'state': 'Haute-Garonne', 'country': 'France', 'postcode': 49647, 'coordinates': {'latitude': '-13.4024', 'longitude': '127.9440'}, 'timezone': {'offset': '+5:00', 'description': 'Ekaterinburg, Islamabad, Karachi, Tashkent'}}, 'email': 'oceane.fontai@example.com', 'login': {'uuid': 'd45ad9b6-7d5b-4f5a-99e2-ce6f19d2b23b', 'username': 'blackrabbit936', 'password': 'trevor', 'salt': '2uS8vNuL', 'md5': '24f1da2d2833576746f00a878adc3015', 'sha1': 'b824d0bdaaec9432c495d827db86b30ac7635587', 'sha256': '054c29c1789e95bbee591bf8a581a7c1aefa00e47bf490913ea9232310ae8409'}, 'dob': {'date': '1967-11-26T19:03:13.300Z', 'age': 56}, 'registered': {'date': '2021-12-23T20:46:06.295Z', 'age': 2}, 'phone': '03-81-71-27-37', 'cell': '06-15-86-79-60', 'id': {'name': 'INSEE', 'value': '2671027838537 53'}, 'picture': {'large': 'https://randomuser.me/api/portraits/women/11.jpg', 'medium': 'https://randomuser.me/api/portraits/med/women/11.jpg', 'thumbnail': 'https://randomuser.me/api/portraits/thumb/women/11.jpg'}, 'nat': 'FR'}], 'info': {'seed': 'c15e282488c13e54', 'results': 1, 'page': 1, 'version': '1.4'}}</msg>
<arg>${json_data}</arg>
<doc>Logs the given message with the given level.</doc>
<status status="PASS" start="2024-05-30T20:16:53.859652" elapsed="0.000215"/>
</kw>
<kw name="Dictionary Should Contain Key" owner="Collections">
<msg time="2024-05-30T20:16:53.860331" level="INFO">False</msg>
<arg>${json_data}</arg>
<arg>results</arg>
<doc>Fails if ``key`` is not found from ``dictionary``.</doc>
<status status="PASS" start="2024-05-30T20:16:53.860167" elapsed="0.000201"/>
</kw>
<kw name="Should Not Be Empty" owner="BuiltIn">
<msg time="2024-05-30T20:16:53.860791" level="INFO">Length is 2.</msg>
<arg>${json_data}</arg>
<doc>Verifies that the given item is not empty.</doc>
<status status="PASS" start="2024-05-30T20:16:53.860660" elapsed="0.000167"/>
</kw>
<kw name="Create List" owner="BuiltIn">
<msg time="2024-05-30T20:16:53.861271" level="INFO">${expected_keys} = ['gender', 'name', 'location', 'email', 'login']</msg>
<var>${expected_keys}</var>
<arg>gender</arg>
<arg>name</arg>
<arg>location</arg>
<arg>email</arg>
<arg>login</arg>
<doc>Returns a list containing given items.</doc>
<status status="PASS" start="2024-05-30T20:16:53.861124" elapsed="0.000171"/>
</kw>
<for flavor="IN">
<iter>
<kw name="Dictionary Should Contain Key" owner="Collections">
<msg time="2024-05-30T20:16:53.862359" level="INFO">False</msg>
<arg>${json_data['results'][0]}</arg>
<arg>${key}</arg>
<doc>Fails if ``key`` is not found from ``dictionary``.</doc>
<status status="PASS" start="2024-05-30T20:16:53.861942" elapsed="0.000460"/>
</kw>
<kw name="Log" owner="BuiltIn">
<msg time="2024-05-30T20:16:53.863066" level="INFO">{'gender': 'female', 'name': {'title': 'Mrs', 'first': 'Océane', 'last': 'Fontai'}, 'location': {'street': {'number': 8435, 'name': "Rue de L'Église"}, 'city': 'Reims', 'state': 'Haute-Garonne', 'country': 'France', 'postcode': 49647, 'coordinates': {'latitude': '-13.4024', 'longitude': '127.9440'}, 'timezone': {'offset': '+5:00', 'description': 'Ekaterinburg, Islamabad, Karachi, Tashkent'}}, 'email': 'oceane.fontai@example.com', 'login': {'uuid': 'd45ad9b6-7d5b-4f5a-99e2-ce6f19d2b23b', 'username': 'blackrabbit936', 'password': 'trevor', 'salt': '2uS8vNuL', 'md5': '24f1da2d2833576746f00a878adc3015', 'sha1': 'b824d0bdaaec9432c495d827db86b30ac7635587', 'sha256': '054c29c1789e95bbee591bf8a581a7c1aefa00e47bf490913ea9232310ae8409'}, 'dob': {'date': '1967-11-26T19:03:13.300Z', 'age': 56}, 'registered': {'date': '2021-12-23T20:46:06.295Z', 'age': 2}, 'phone': '03-81-71-27-37', 'cell': '06-15-86-79-60', 'id': {'name': 'INSEE', 'value': '2671027838537 53'}, 'picture': {'large': 'https://randomuser.me/api/portraits/women/11.jpg', 'medium': 'https://randomuser.me/api/portraits/med/women/11.jpg', 'thumbnail': 'https://randomuser.me/api/portraits/thumb/women/11.jpg'}, 'nat': 'FR'}</msg>
<arg>${json_data['results'][0]}</arg>
<doc>Logs the given message with the given level.</doc>
<status status="PASS" start="2024-05-30T20:16:53.862705" elapsed="0.000413"/>
</kw>
<kw name="Log" owner="BuiltIn">
<msg time="2024-05-30T20:16:53.863553" level="INFO">gender</msg>
<arg>${key}</arg>
<doc>Logs the given message with the given level.</doc>
<status status="PASS" start="2024-05-30T20:16:53.863424" elapsed="0.000167"/>
</kw>
<var name="${key}">gender</var>
<status status="PASS" start="2024-05-30T20:16:53.861809" elapsed="0.001998"/>
</iter>
<iter>
<kw name="Dictionary Should Contain Key" owner="Collections">
<msg time="2024-05-30T20:16:53.864500" level="INFO">False</msg>
<arg>${json_data['results'][0]}</arg>
<arg>${key}</arg>
<doc>Fails if ``key`` is not found from ``dictionary``.</doc>
<status status="PASS" start="2024-05-30T20:16:53.864115" elapsed="0.000454"/>
</kw>
<kw name="Log" owner="BuiltIn">
<msg time="2024-05-30T20:16:53.865232" level="INFO">{'gender': 'female', 'name': {'title': 'Mrs', 'first': 'Océane', 'last': 'Fontai'}, 'location': {'street': {'number': 8435, 'name': "Rue de L'Église"}, 'city': 'Reims', 'state': 'Haute-Garonne', 'country': 'France', 'postcode': 49647, 'coordinates': {'latitude': '-13.4024', 'longitude': '127.9440'}, 'timezone': {'offset': '+5:00', 'description': 'Ekaterinburg, Islamabad, Karachi, Tashkent'}}, 'email': 'oceane.fontai@example.com', 'login': {'uuid': 'd45ad9b6-7d5b-4f5a-99e2-ce6f19d2b23b', 'username': 'blackrabbit936', 'password': 'trevor', 'salt': '2uS8vNuL', 'md5': '24f1da2d2833576746f00a878adc3015', 'sha1': 'b824d0bdaaec9432c495d827db86b30ac7635587', 'sha256': '054c29c1789e95bbee591bf8a581a7c1aefa00e47bf490913ea9232310ae8409'}, 'dob': {'date': '1967-11-26T19:03:13.300Z', 'age': 56}, 'registered': {'date': '2021-12-23T20:46:06.295Z', 'age': 2}, 'phone': '03-81-71-27-37', 'cell': '06-15-86-79-60', 'id': {'name': 'INSEE', 'value': '2671027838537 53'}, 'picture': {'large': 'https://randomuser.me/api/portraits/women/11.jpg', 'medium': 'https://randomuser.me/api/portraits/med/women/11.jpg', 'thumbnail': 'https://randomuser.me/api/portraits/thumb/women/11.jpg'}, 'nat': 'FR'}</msg>
<arg>${json_data['results'][0]}</arg>
<doc>Logs the given message with the given level.</doc>
<status status="PASS" start="2024-05-30T20:16:53.864868" elapsed="0.000425"/>
</kw>
<kw name="Log" owner="BuiltIn">
<msg time="2024-05-30T20:16:53.865753" level="INFO">name</msg>
<arg>${key}</arg>
<doc>Logs the given message with the given level.</doc>
<status status="PASS" start="2024-05-30T20:16:53.865593" elapsed="0.000200"/>
</kw>
<var name="${key}">name</var>
<status status="PASS" start="2024-05-30T20:16:53.863996" elapsed="0.002029"/>
</iter>
<iter>
<kw name="Dictionary Should Contain Key" owner="Collections">
<msg time="2024-05-30T20:16:53.866683" level="INFO">False</msg>
<arg>${json_data['results'][0]}</arg>
<arg>${key}</arg>
<doc>Fails if ``key`` is not found from ``dictionary``.</doc>
<status status="PASS" start="2024-05-30T20:16:53.866312" elapsed="0.000409"/>
</kw>
<kw name="Log" owner="BuiltIn">
<msg time="2024-05-30T20:16:53.867392" level="INFO">{'gender': 'female', 'name': {'title': 'Mrs', 'first': 'Océane', 'last': 'Fontai'}, 'location': {'street': {'number': 8435, 'name': "Rue de L'Église"}, 'city': 'Reims', 'state': 'Haute-Garonne', 'country': 'France', 'postcode': 49647, 'coordinates': {'latitude': '-13.4024', 'longitude': '127.9440'}, 'timezone': {'offset': '+5:00', 'description': 'Ekaterinburg, Islamabad, Karachi, Tashkent'}}, 'email': 'oceane.fontai@example.com', 'login': {'uuid': 'd45ad9b6-7d5b-4f5a-99e2-ce6f19d2b23b', 'username': 'blackrabbit936', 'password': 'trevor', 'salt': '2uS8vNuL', 'md5': '24f1da2d2833576746f00a878adc3015', 'sha1': 'b824d0bdaaec9432c495d827db86b30ac7635587', 'sha256': '054c29c1789e95bbee591bf8a581a7c1aefa00e47bf490913ea9232310ae8409'}, 'dob': {'date': '1967-11-26T19:03:13.300Z', 'age': 56}, 'registered': {'date': '2021-12-23T20:46:06.295Z', 'age': 2}, 'phone': '03-81-71-27-37', 'cell': '06-15-86-79-60', 'id': {'name': 'INSEE', 'value': '2671027838537 53'}, 'picture': {'large': 'https://randomuser.me/api/portraits/women/11.jpg', 'medium': 'https://randomuser.me/api/portraits/med/women/11.jpg', 'thumbnail': 'https://randomuser.me/api/portraits/thumb/women/11.jpg'}, 'nat': 'FR'}</msg>
<arg>${json_data['results'][0]}</arg>
<doc>Logs the given message with the given level.</doc>
<status status="PASS" start="2024-05-30T20:16:53.867028" elapsed="0.000414"/>
</kw>
<kw name="Log" owner="BuiltIn">
<msg time="2024-05-30T20:16:53.867866" level="INFO">location</msg>
<arg>${key}</arg>
<doc>Logs the given message with the given level.</doc>
<status status="PASS" start="2024-05-30T20:16:53.867739" elapsed="0.000164"/>
</kw>
<var name="${key}">location</var>
<status status="PASS" start="2024-05-30T20:16:53.866200" elapsed="0.001918"/>
</iter>
<iter>
<kw name="Dictionary Should Contain Key" owner="Collections">
<msg time="2024-05-30T20:16:53.868891" level="INFO">False</msg>
<arg>${json_data['results'][0]}</arg>
<arg>${key}</arg>
<doc>Fails if ``key`` is not found from ``dictionary``.</doc>
<status status="PASS" start="2024-05-30T20:16:53.868396" elapsed="0.000533"/>
</kw>
<kw name="Log" owner="BuiltIn">
<msg time="2024-05-30T20:16:53.869584" level="INFO">{'gender': 'female', 'name': {'title': 'Mrs', 'first': 'Océane', 'last': 'Fontai'}, 'location': {'street': {'number': 8435, 'name': "Rue de L'Église"}, 'city': 'Reims', 'state': 'Haute-Garonne', 'country': 'France', 'postcode': 49647, 'coordinates': {'latitude': '-13.4024', 'longitude': '127.9440'}, 'timezone': {'offset': '+5:00', 'description': 'Ekaterinburg, Islamabad, Karachi, Tashkent'}}, 'email': 'oceane.fontai@example.com', 'login': {'uuid': 'd45ad9b6-7d5b-4f5a-99e2-ce6f19d2b23b', 'username': 'blackrabbit936', 'password': 'trevor', 'salt': '2uS8vNuL', 'md5': '24f1da2d2833576746f00a878adc3015', 'sha1': 'b824d0bdaaec9432c495d827db86b30ac7635587', 'sha256': '054c29c1789e95bbee591bf8a581a7c1aefa00e47bf490913ea9232310ae8409'}, 'dob': {'date': '1967-11-26T19:03:13.300Z', 'age': 56}, 'registered': {'date': '2021-12-23T20:46:06.295Z', 'age': 2}, 'phone': '03-81-71-27-37', 'cell': '06-15-86-79-60', 'id': {'name': 'INSEE', 'value': '2671027838537 53'}, 'picture': {'large': 'https://randomuser.me/api/portraits/women/11.jpg', 'medium': 'https://randomuser.me/api/portraits/med/women/11.jpg', 'thumbnail': 'https://randomuser.me/api/portraits/thumb/women/11.jpg'}, 'nat': 'FR'}</msg>
<arg>${json_data['results'][0]}</arg>
<doc>Logs the given message with the given level.</doc>
<status status="PASS" start="2024-05-30T20:16:53.869227" elapsed="0.000406"/>
</kw>
<kw name="Log" owner="BuiltIn">
<msg time="2024-05-30T20:16:53.870106" level="INFO">email</msg>
<arg>${key}</arg>
<doc>Logs the given message with the given level.</doc>
<status status="PASS" start="2024-05-30T20:16:53.869979" elapsed="0.000164"/>
</kw>
<var name="${key}">email</var>
<status status="PASS" start="2024-05-30T20:16:53.868287" elapsed="0.002072"/>
</iter>
<iter>
<kw name="Dictionary Should Contain Key" owner="Collections">
<msg time="2024-05-30T20:16:53.871022" level="INFO">False</msg>
<arg>${json_data['results'][0]}</arg>
<arg>${key}</arg>
<doc>Fails if ``key`` is not found from ``dictionary``.</doc>
<status status="PASS" start="2024-05-30T20:16:53.870644" elapsed="0.000414"/>
</kw>
<kw name="Log" owner="BuiltIn">
<msg time="2024-05-30T20:16:53.871709" level="INFO">{'gender': 'female', 'name': {'title': 'Mrs', 'first': 'Océane', 'last': 'Fontai'}, 'location': {'street': {'number': 8435, 'name': "Rue de L'Église"}, 'city': 'Reims', 'state': 'Haute-Garonne', 'country': 'France', 'postcode': 49647, 'coordinates': {'latitude': '-13.4024', 'longitude': '127.9440'}, 'timezone': {'offset': '+5:00', 'description': 'Ekaterinburg, Islamabad, Karachi, Tashkent'}}, 'email': 'oceane.fontai@example.com', 'login': {'uuid': 'd45ad9b6-7d5b-4f5a-99e2-ce6f19d2b23b', 'username': 'blackrabbit936', 'password': 'trevor', 'salt': '2uS8vNuL', 'md5': '24f1da2d2833576746f00a878adc3015', 'sha1': 'b824d0bdaaec9432c495d827db86b30ac7635587', 'sha256': '054c29c1789e95bbee591bf8a581a7c1aefa00e47bf490913ea9232310ae8409'}, 'dob': {'date': '1967-11-26T19:03:13.300Z', 'age': 56}, 'registered': {'date': '2021-12-23T20:46:06.295Z', 'age': 2}, 'phone': '03-81-71-27-37', 'cell': '06-15-86-79-60', 'id': {'name': 'INSEE', 'value': '2671027838537 53'}, 'picture': {'large': 'https://randomuser.me/api/portraits/women/11.jpg', 'medium': 'https://randomuser.me/api/portraits/med/women/11.jpg', 'thumbnail': 'https://randomuser.me/api/portraits/thumb/women/11.jpg'}, 'nat': 'FR'}</msg>
<arg>${json_data['results'][0]}</arg>
<doc>Logs the given message with the given level.</doc>
<status status="PASS" start="2024-05-30T20:16:53.871350" elapsed="0.000407"/>
</kw>
<kw name="Log" owner="BuiltIn">
<msg time="2024-05-30T20:16:53.872208" level="INFO">login</msg>
<arg>${key}</arg>
<doc>Logs the given message with the given level.</doc>
<status status="PASS" start="2024-05-30T20:16:53.872078" elapsed="0.000167"/>
</kw>
<var name="${key}">login</var>
<status status="PASS" start="2024-05-30T20:16:53.870532" elapsed="0.001928"/>
</iter>
<var>${key}</var>
<value>@{expected_keys}</value>
<status status="PASS" start="2024-05-30T20:16:53.861568" elapsed="0.011013"/>
</for>
<kw name="Create List" owner="BuiltIn">
<msg time="2024-05-30T20:16:53.872909" level="INFO">${expected_keysTwo} = ['username', 'password']</msg>
<var>${expected_keysTwo}</var>
<arg>username</arg>
<arg>password</arg>
<doc>Returns a list containing given items.</doc>
<status status="PASS" start="2024-05-30T20:16:53.872773" elapsed="0.000159"/>
</kw>
<for flavor="IN">
<iter>
<kw name="Dictionary Should Contain Key" owner="Collections">
<msg time="2024-05-30T20:16:53.873848" level="INFO">False</msg>
<arg>${json_data['results'][0]['login']}</arg>
<arg>${keyTwo}</arg>
<doc>Fails if ``key`` is not found from ``dictionary``.</doc>
<status status="PASS" start="2024-05-30T20:16:53.873427" elapsed="0.000459"/>
</kw>
<kw name="Dictionary Should Contain Key" owner="Collections">
<msg time="2024-05-30T20:16:53.874567" level="INFO">False</msg>
<arg>${json_data['results'][0]['login']}</arg>
<arg>${keyTwo}</arg>
<doc>Fails if ``key`` is not found from ``dictionary``.</doc>
<status status="PASS" start="2024-05-30T20:16:53.874186" elapsed="0.000417"/>
</kw>
<kw name="Log" owner="BuiltIn">
<msg time="2024-05-30T20:16:53.875023" level="INFO">username</msg>
<arg>${keyTwo}</arg>
<doc>Logs the given message with the given level.</doc>
<status status="PASS" start="2024-05-30T20:16:53.874896" elapsed="0.000164"/>
</kw>
<var name="${keyTwo}">username</var>
<status status="PASS" start="2024-05-30T20:16:53.873318" elapsed="0.001957"/>
</iter>
<iter>
<kw name="Dictionary Should Contain Key" owner="Collections">
<msg time="2024-05-30T20:16:53.875935" level="INFO">False</msg>
<arg>${json_data['results'][0]['login']}</arg>
<arg>${keyTwo}</arg>
<doc>Fails if ``key`` is not found from ``dictionary``.</doc>
<status status="PASS" start="2024-05-30T20:16:53.875564" elapsed="0.000409"/>
</kw>
<kw name="Dictionary Should Contain Key" owner="Collections">
<msg time="2024-05-30T20:16:53.876642" level="INFO">False</msg>
<arg>${json_data['results'][0]['login']}</arg>
<arg>${keyTwo}</arg>
<doc>Fails if ``key`` is not found from ``dictionary``.</doc>
<status status="PASS" start="2024-05-30T20:16:53.876265" elapsed="0.000413"/>
</kw>
<kw name="Log" owner="BuiltIn">
<msg time="2024-05-30T20:16:53.877094" level="INFO">password</msg>
<arg>${keyTwo}</arg>
<doc>Logs the given message with the given level.</doc>
<status status="PASS" start="2024-05-30T20:16:53.876969" elapsed="0.000161"/>
</kw>
<var name="${keyTwo}">password</var>
<status status="PASS" start="2024-05-30T20:16:53.875445" elapsed="0.001900"/>
</iter>
<var>${keyTwo}</var>
<value>@{expected_keysTwo}</value>
<status status="PASS" start="2024-05-30T20:16:53.873168" elapsed="0.004295"/>
</for>
<status status="PASS" start="2024-05-30T20:16:53.769912" elapsed="0.107689"/>
</kw>
<doc>Testa a estrutura da resposta da API.</doc>
<tag>testeEstruturaResposta</tag>
<status status="PASS" start="2024-05-30T20:16:53.769228" elapsed="0.108582"/>
</test>
<test id="s1-s1-t4" name="Validar tipos de dados" line="28">
<kw name="Teste de Tipos de Dados" owner="random-user-service">
<kw name="GET On Session" owner="RequestsLibrary">
<msg time="2024-05-30T20:16:53.978642" level="INFO">GET Request : url=https://randomuser.me/api 
 path_url=/api 
 headers={'User-Agent': 'python-requests/2.32.3', 'Accept-Encoding': 'gzip, deflate', 'Accept': '*/*', 'Connection': 'keep-alive'} 
 body=None 
 </msg>
<msg time="2024-05-30T20:16:53.978742" level="INFO">GET Response : url=https://randomuser.me/api 
 status=200, reason=OK 
 headers={'Date': 'Thu, 30 May 2024 20:16:53 GMT', 'Content-Type': 'application/json; charset=utf-8', 'Transfer-Encoding': 'chunked', 'Connection': 'keep-alive', 'X-Powered-By': 'Express', 'Access-Control-Allow-Origin': '*', 'Cache-Control': 'no-cache', 'ETag': 'W/"470-lj1dy9FxMxbZuMIY+dK5n9ivJ64"', 'Vary': 'Accept-Encoding', 'Content-Encoding': 'gzip', 'CF-Cache-Status': 'DYNAMIC', 'Report-To': '{"endpoints":[{"url":"https:\\/\\/a.nel.cloudflare.com\\/report\\/v4?s=smJ23CsetMxuT1Lytn5xj%2B3HoVyjRSp9rdTmhdJ6EtgO1X00LSGuY2VWpdY0OAwah9wm2WozkWOhITcKj%2FRGl%2FDgAZkr9S1udh2K97MFzARECo8wvRQRFPqt84wzVT%2FW"}],"group":"cf-nel","max_age":604800}', 'NEL': '{"success_fraction":0,"report_to":"cf-nel","max_age":604800}', 'Server': 'cloudflare', 'CF-RAY': '88c16790ca95081a-IAD', 'alt-svc': 'h3=":443"; ma=86400'} 
 body={"results":[{"gender":"male","name":{"title":"Mr","first":"Per","last":"Bakstad"},"location":{"street":{"number":1024,"name":"Haarklous plass"},"city":"Våge","state":"Hedmark","country":"Norway","postcode":"5141","coordinates":{"latitude":"45.4199","longitude":"-40.1391"},"timezone":{"offset":"+6:00","description":"Almaty, Dhaka, Colombo"}},"email":"per.bakstad@example.com","login":{"uuid":"c0c16f40-b89e-4ca3-bda7-77feffe7b5ac","username":"redladybug538","password":"stinger","salt":"RIL3WNoR","md5":"7f0c31980940cc86feab4b3dde121e86","sha1":"f6790a5056ea3c4c676df45d45e0156e43d95c31","sha256":"79d8780ded9d6f07c7668c0b24f513160ab067b8eea4aa563f5f511d216ef416"},"dob":{"date":"1971-02-27T23:00:13.132Z","age":53},"registered":{"date":"2021-04-23T17:15:08.598Z","age":3},"phone":"89847367","cell":"94491746","id":{"name":"FN","value":"27027121328"},"picture":{"large":"https://randomuser.me/api/portraits/men/90.jpg","medium":"https://randomuser.me/api/portraits/med/men/90.jpg","thumbnail":"https://randomuser.me/api/portraits/thumb/men/90.jpg"},"nat":"NO"}],"info":{"seed":"c5e10fe74ce9b718","results":1,"page":1,"version":"1.4"}} 
 </msg>
<msg time="2024-05-30T20:16:53.978814" level="INFO">/opt/hostedtoolcache/Python/3.12.3/x64/lib/python3.12/site-packages/urllib3/connectionpool.py:1103: InsecureRequestWarning: Unverified HTTPS request is being made to host 'randomuser.me'. Adding certificate verification is strongly advised. See: https://urllib3.readthedocs.io/en/latest/advanced-usage.html#tls-warnings
  warnings.warn(</msg>
<msg time="2024-05-30T20:16:53.978960" level="INFO">${response} = &lt;Response [200]&gt;</msg>
<var>${response}</var>
<arg>consultarAPI</arg>
<arg>/api</arg>
<doc>Sends a GET request on a previously created HTTP Session.</doc>
<status status="PASS" start="2024-05-30T20:16:53.880445" elapsed="0.098554"/>
</kw>
<kw name="Set Variable" owner="BuiltIn">
<msg time="2024-05-30T20:16:53.980053" level="INFO">${json_data} = {'results': [{'gender': 'male', 'name': {'title': 'Mr', 'first': 'Per', 'last': 'Bakstad'}, 'location': {'street': {'number': 1024, 'name': 'Haarklous plass'}, 'city': 'Våge', 'state': 'Hedmark', 'cou...</msg>
<var>${json_data}</var>
<arg>${response.json()}</arg>
<doc>Returns the given values which can then be assigned to a variables.</doc>
<status status="PASS" start="2024-05-30T20:16:53.979525" elapsed="0.000558"/>
</kw>
<kw name="Log" owner="BuiltIn">
<msg time="2024-05-30T20:16:53.980559" level="INFO">{'results': [{'gender': 'male', 'name': {'title': 'Mr', 'first': 'Per', 'last': 'Bakstad'}, 'location': {'street': {'number': 1024, 'name': 'Haarklous plass'}, 'city': 'Våge', 'state': 'Hedmark', 'country': 'Norway', 'postcode': '5141', 'coordinates': {'latitude': '45.4199', 'longitude': '-40.1391'}, 'timezone': {'offset': '+6:00', 'description': 'Almaty, Dhaka, Colombo'}}, 'email': 'per.bakstad@example.com', 'login': {'uuid': 'c0c16f40-b89e-4ca3-bda7-77feffe7b5ac', 'username': 'redladybug538', 'password': 'stinger', 'salt': 'RIL3WNoR', 'md5': '7f0c31980940cc86feab4b3dde121e86', 'sha1': 'f6790a5056ea3c4c676df45d45e0156e43d95c31', 'sha256': '79d8780ded9d6f07c7668c0b24f513160ab067b8eea4aa563f5f511d216ef416'}, 'dob': {'date': '1971-02-27T23:00:13.132Z', 'age': 53}, 'registered': {'date': '2021-04-23T17:15:08.598Z', 'age': 3}, 'phone': '89847367', 'cell': '94491746', 'id': {'name': 'FN', 'value': '27027121328'}, 'picture': {'large': 'https://randomuser.me/api/portraits/men/90.jpg', 'medium': 'https://randomuser.me/api/portraits/med/men/90.jpg', 'thumbnail': 'https://randomuser.me/api/portraits/thumb/men/90.jpg'}, 'nat': 'NO'}], 'info': {'seed': 'c5e10fe74ce9b718', 'results': 1, 'page': 1, 'version': '1.4'}}</msg>
<arg>${json_data}</arg>
<doc>Logs the given message with the given level.</doc>
<status status="PASS" start="2024-05-30T20:16:53.980400" elapsed="0.000251"/>
</kw>
<kw name="Should Be String" owner="String">
<arg>${json_data['results'][0]['gender']}</arg>
<doc>Fails if the given ``item`` is not a string.</doc>
<status status="PASS" start="2024-05-30T20:16:53.980949" elapsed="0.000365"/>
</kw>
<kw name="Should Match Regexp" owner="BuiltIn">
<arg>${json_data['results'][0]['email']}</arg>
<arg>^[a-zA-Z0-9._%+-]+@[a-zA-Z0-9.-]+\.[a-zA-Z]{2,}$</arg>
<doc>Fails if ``string`` does not match ``pattern`` as a regular expression.</doc>
<status status="PASS" start="2024-05-30T20:16:53.981502" elapsed="0.000736"/>
</kw>
<kw name="Should Match Regexp" owner="BuiltIn">
<arg>${json_data['results'][0]['dob']['date']}</arg>
<arg>\\d{4}-\\d{2}-\\d{2}T\\d{2}:\\d{2}:\\d{2}\\.\\d{3}Z</arg>
<doc>Fails if ``string`` does not match ``pattern`` as a regular expression.</doc>
<status status="PASS" start="2024-05-30T20:16:53.982439" elapsed="0.000481"/>
</kw>
<kw name="Should Match Regexp" owner="BuiltIn">
<arg>${json_data['results'][0]['registered']['date']}</arg>
<arg>\\d{4}-\\d{2}-\\d{2}T\\d{2}:\\d{2}:\\d{2}\\.\\d{3}Z</arg>
<doc>Fails if ``string`` does not match ``pattern`` as a regular expression.</doc>
<status status="PASS" start="2024-05-30T20:16:53.983138" elapsed="0.000386"/>
</kw>
<kw name="Should Match Regexp" owner="BuiltIn">
<arg>${json_data['results'][0]['picture']['large']}</arg>
<arg>^https?://.*\.(?:png|jpe?g|gif|bmp)$</arg>
<doc>Fails if ``string`` does not match ``pattern`` as a regular expression.</doc>
<status status="PASS" start="2024-05-30T20:16:53.983717" elapsed="0.000525"/>
</kw>
<kw name="Should Match Regexp" owner="BuiltIn">
<arg>${json_data['results'][0]['picture']['medium']}</arg>
<arg>^https?://.*\.(?:png|jpe?g|gif|bmp)$</arg>
<doc>Fails if ``string`` does not match ``pattern`` as a regular expression.</doc>
<status status="PASS" start="2024-05-30T20:16:53.984550" elapsed="0.000473"/>
</kw>
<kw name="Should Match Regexp" owner="BuiltIn">
<arg>${json_data['results'][0]['picture']['thumbnail']}</arg>
<arg>^https?://.*\.(?:png|jpe?g|gif|bmp)$</arg>
<doc>Fails if ``string`` does not match ``pattern`` as a regular expression.</doc>
<status status="PASS" start="2024-05-30T20:16:53.985268" elapsed="0.000482"/>
</kw>
<kw name="Log" owner="BuiltIn">
<msg time="2024-05-30T20:16:53.986439" level="INFO">{'large': 'https://randomuser.me/api/portraits/men/90.jpg', 'medium': 'https://randomuser.me/api/portraits/med/men/90.jpg', 'thumbnail': 'https://randomuser.me/api/portraits/thumb/men/90.jpg'}</msg>
<arg>${json_data['results'][0]['picture']}</arg>
<doc>Logs the given message with the given level.</doc>
<status status="PASS" start="2024-05-30T20:16:53.985994" elapsed="0.000498"/>
</kw>
<status status="PASS" start="2024-05-30T20:16:53.880209" elapsed="0.106611"/>
</kw>
<kw name="Teste de Tipos de Dados - Postcode" owner="random-user-service">
<kw name="GET On Session" owner="RequestsLibrary">
<msg time="2024-05-30T20:16:54.076287" level="INFO">GET Request : url=https://randomuser.me/api 
 path_url=/api 
 headers={'User-Agent': 'python-requests/2.32.3', 'Accept-Encoding': 'gzip, deflate', 'Accept': '*/*', 'Connection': 'keep-alive'} 
 body=None 
 </msg>
<msg time="2024-05-30T20:16:54.076394" level="INFO">GET Response : url=https://randomuser.me/api 
 status=200, reason=OK 
 headers={'Date': 'Thu, 30 May 2024 20:16:54 GMT', 'Content-Type': 'application/json; charset=utf-8', 'Transfer-Encoding': 'chunked', 'Connection': 'keep-alive', 'X-Powered-By': 'Express', 'Access-Control-Allow-Origin': '*', 'Cache-Control': 'no-cache', 'ETag': 'W/"488-Jz4AGcL5Ney8Uwp78BaFjjEFSes"', 'Vary': 'Accept-Encoding', 'Content-Encoding': 'gzip', 'CF-Cache-Status': 'DYNAMIC', 'Report-To': '{"endpoints":[{"url":"https:\\/\\/a.nel.cloudflare.com\\/report\\/v4?s=RC18bwG%2FXYwwukvgFND9a05Bv0FtuBVg739OAoSqf1d7qXLEXto30s%2BQavOwHL65gNBUgNqDCX2rV2Na3FzQcPKay8TQlk9zfi7BxT04Ulsns4PM%2BDrhVnftLauXLx%2B9"}],"group":"cf-nel","max_age":604800}', 'NEL': '{"success_fraction":0,"report_to":"cf-nel","max_age":604800}', 'Server': 'cloudflare', 'CF-RAY': '88c167916b65081a-IAD', 'alt-svc': 'h3=":443"; ma=86400'} 
 body={"results":[{"gender":"female","name":{"title":"Mrs","first":"Amanda","last":"Manner"},"location":{"street":{"number":3308,"name":"Otavalankatu"},"city":"Salo","state":"Southern Savonia","country":"Finland","postcode":66915,"coordinates":{"latitude":"-28.6024","longitude":"3.4655"},"timezone":{"offset":"+9:30","description":"Adelaide, Darwin"}},"email":"amanda.manner@example.com","login":{"uuid":"187e58cc-aa84-41e2-8860-8c7ee56bebf6","username":"angrylion827","password":"happy2","salt":"QGrf3iIF","md5":"7d551f6a8d7a689dbcaa33153c462ff8","sha1":"03613f4d838c300c7f726afbccc613410cd7d84f","sha256":"7ce065fa58a178c5b2cd67543882ba45715b76c972ddef6f8e6fbf2ce1a95bf2"},"dob":{"date":"1970-07-14T06:48:32.331Z","age":53},"registered":{"date":"2020-04-21T04:49:15.059Z","age":4},"phone":"04-379-793","cell":"042-198-56-07","id":{"name":"HETU","value":"NaNNA668undefined"},"picture":{"large":"https://randomuser.me/api/portraits/women/85.jpg","medium":"https://randomuser.me/api/portraits/med/women/85.jpg","thumbnail":"https://randomuser.me/api/portraits/thumb/women/85.jpg"},"nat":"FI"}],"info":{"seed":"00c43ffd65053f55","results":1,"page":1,"version":"1.4"}} 
 </msg>
<msg time="2024-05-30T20:16:54.076466" level="INFO">/opt/hostedtoolcache/Python/3.12.3/x64/lib/python3.12/site-packages/urllib3/connectionpool.py:1103: InsecureRequestWarning: Unverified HTTPS request is being made to host 'randomuser.me'. Adding certificate verification is strongly advised. See: https://urllib3.readthedocs.io/en/latest/advanced-usage.html#tls-warnings
  warnings.warn(</msg>
<msg time="2024-05-30T20:16:54.076616" level="INFO">${response} = &lt;Response [200]&gt;</msg>
<var>${response}</var>
<arg>consultarAPI</arg>
<arg>/api</arg>
<doc>Sends a GET request on a previously created HTTP Session.</doc>
<status status="PASS" start="2024-05-30T20:16:53.987399" elapsed="0.089264"/>
</kw>
<kw name="Set Variable" owner="BuiltIn">
<msg time="2024-05-30T20:16:54.077810" level="INFO">${json_data} = {'results': [{'gender': 'female', 'name': {'title': 'Mrs', 'first': 'Amanda', 'last': 'Manner'}, 'location': {'street': {'number': 3308, 'name': 'Otavalankatu'}, 'city': 'Salo', 'state': 'Southern Sav...</msg>
<var>${json_data}</var>
<arg>${response.json()}</arg>
<doc>Returns the given values which can then be assigned to a variables.</doc>
<status status="PASS" start="2024-05-30T20:16:54.077214" elapsed="0.000626"/>
</kw>
<kw name="Log" owner="BuiltIn">
<msg time="2024-05-30T20:16:54.078334" level="INFO">{'results': [{'gender': 'female', 'name': {'title': 'Mrs', 'first': 'Amanda', 'last': 'Manner'}, 'location': {'street': {'number': 3308, 'name': 'Otavalankatu'}, 'city': 'Salo', 'state': 'Southern Savonia', 'country': 'Finland', 'postcode': 66915, 'coordinates': {'latitude': '-28.6024', 'longitude': '3.4655'}, 'timezone': {'offset': '+9:30', 'description': 'Adelaide, Darwin'}}, 'email': 'amanda.manner@example.com', 'login': {'uuid': '187e58cc-aa84-41e2-8860-8c7ee56bebf6', 'username': 'angrylion827', 'password': 'happy2', 'salt': 'QGrf3iIF', 'md5': '7d551f6a8d7a689dbcaa33153c462ff8', 'sha1': '03613f4d838c300c7f726afbccc613410cd7d84f', 'sha256': '7ce065fa58a178c5b2cd67543882ba45715b76c972ddef6f8e6fbf2ce1a95bf2'}, 'dob': {'date': '1970-07-14T06:48:32.331Z', 'age': 53}, 'registered': {'date': '2020-04-21T04:49:15.059Z', 'age': 4}, 'phone': '04-379-793', 'cell': '042-198-56-07', 'id': {'name': 'HETU', 'value': 'NaNNA668undefined'}, 'picture': {'large': 'https://randomuser.me/api/portraits/women/85.jpg', 'medium': 'https://randomuser.me/api/portraits/med/women/85.jpg', 'thumbnail': 'https://randomuser.me/api/portraits/thumb/women/85.jpg'}, 'nat': 'FI'}], 'info': {'seed': '00c43ffd65053f55', 'results': 1, 'page': 1, 'version': '1.4'}}</msg>
<arg>${json_data}</arg>
<doc>Logs the given message with the given level.</doc>
<status status="PASS" start="2024-05-30T20:16:54.078177" elapsed="0.000245"/>
</kw>
<kw name="Should Be Equal As Numbers" owner="BuiltIn">
<arg>${json_data['results'][0]['location']['postcode']}</arg>
<arg>${json_data['results'][0]['location']['postcode']}</arg>
<doc>Fails if objects are unequal after converting them to real numbers.</doc>
<status status="PASS" start="2024-05-30T20:16:54.078722" elapsed="0.000640"/>
</kw>
<kw name="Log" owner="BuiltIn">
<msg time="2024-05-30T20:16:54.079895" level="INFO">66915</msg>
<arg>${json_data['results'][0]['location']['postcode']}</arg>
<doc>Logs the given message with the given level.</doc>
<status status="PASS" start="2024-05-30T20:16:54.079555" elapsed="0.000381"/>
</kw>
<status status="PASS" start="2024-05-30T20:16:53.987106" elapsed="0.093090"/>
</kw>
<doc>Testa se os tipos de dados na resposta da API estão corretos.</doc>
<tag>testeTiposDados</tag>
<status status="PASS" start="2024-05-30T20:16:53.879627" elapsed="0.200742"/>
</test>
<test id="s1-s1-t5" name="Validar conteudo" line="35">
<kw name="Teste de Tipos de Conteudo" owner="random-user-service">
<kw name="GET On Session" owner="RequestsLibrary">
<msg time="2024-05-30T20:16:54.165160" level="INFO">GET Request : url=https://randomuser.me/api 
 path_url=/api 
 headers={'User-Agent': 'python-requests/2.32.3', 'Accept-Encoding': 'gzip, deflate', 'Accept': '*/*', 'Connection': 'keep-alive'} 
 body=None 
 </msg>
<msg time="2024-05-30T20:16:54.165275" level="INFO">GET Response : url=https://randomuser.me/api 
 status=200, reason=OK 
 headers={'Date': 'Thu, 30 May 2024 20:16:54 GMT', 'Content-Type': 'application/json; charset=utf-8', 'Transfer-Encoding': 'chunked', 'Connection': 'keep-alive', 'X-Powered-By': 'Express', 'Access-Control-Allow-Origin': '*', 'Cache-Control': 'no-cache', 'ETag': 'W/"4a6-IBxkyTVwqyT4r+az12fZSccvpLE"', 'Vary': 'Accept-Encoding', 'Content-Encoding': 'gzip', 'CF-Cache-Status': 'DYNAMIC', 'Report-To': '{"endpoints":[{"url":"https:\\/\\/a.nel.cloudflare.com\\/report\\/v4?s=%2BiWFItB66JnKjuy%2FZifeUUAfZ1mL6c4b8PWMRy7YgjoQD3nFP1zKoQU%2FfbwbV5XjZE43V44KHcaRTAq4SA0w5RZkg4wol4514MzkQUTcilPDBuZkqm7fy6C8kyWHFXxp"}],"group":"cf-nel","max_age":604800}', 'NEL': '{"success_fraction":0,"report_to":"cf-nel","max_age":604800}', 'Server': 'cloudflare', 'CF-RAY': '88c167920c2a081a-IAD', 'alt-svc': 'h3=":443"; ma=86400'} 
 body={"results":[{"gender":"female","name":{"title":"Miss","first":"Kristin","last":"Warren"},"location":{"street":{"number":1711,"name":"Main Street"},"city":"Cardiff","state":"Surrey","country":"United Kingdom","postcode":"S55 5UL","coordinates":{"latitude":"-11.3037","longitude":"174.1019"},"timezone":{"offset":"-6:00","description":"Central Time (US &amp; Canada), Mexico City"}},"email":"kristin.warren@example.com","login":{"uuid":"9e33262d-b9cc-4e88-820b-a5de451e9e8c","username":"silverostrich408","password":"1000","salt":"KVX3FGsj","md5":"509b96a734fd1286c92d4f76a82fd424","sha1":"c354308e9fe6d4a71c9ae187867507c95365f0d1","sha256":"71375b51e6288cbff48a65438e6fcafeeb9bf2379333e7cc0fec4bd95785d49c"},"dob":{"date":"1993-04-21T04:03:48.057Z","age":31},"registered":{"date":"2019-11-26T12:05:22.393Z","age":4},"phone":"019467 01352","cell":"07140 871926","id":{"name":"NINO","value":"LR 51 12 67 W"},"picture":{"large":"https://randomuser.me/api/portraits/women/28.jpg","medium":"https://randomuser.me/api/portraits/med/women/28.jpg","thumbnail":"https://randomuser.me/api/portraits/thumb/women/28.jpg"},"nat":"GB"}],"info":{"seed":"6e57407347e958ac","results":1,"page":1,"version":"1.4"}} 
 </msg>
<msg time="2024-05-30T20:16:54.165361" level="INFO">/opt/hostedtoolcache/Python/3.12.3/x64/lib/python3.12/site-packages/urllib3/connectionpool.py:1103: InsecureRequestWarning: Unverified HTTPS request is being made to host 'randomuser.me'. Adding certificate verification is strongly advised. See: https://urllib3.readthedocs.io/en/latest/advanced-usage.html#tls-warnings
  warnings.warn(</msg>
<msg time="2024-05-30T20:16:54.165505" level="INFO">${response} = &lt;Response [200]&gt;</msg>
<var>${response}</var>
<arg>consultarAPI</arg>
<arg>/api</arg>
<doc>Sends a GET request on a previously created HTTP Session.</doc>
<status status="PASS" start="2024-05-30T20:16:54.083259" elapsed="0.082284"/>
</kw>
<kw name="Set Variable" owner="BuiltIn">
<msg time="2024-05-30T20:16:54.166687" level="INFO">${json_data} = {'results': [{'gender': 'female', 'name': {'title': 'Miss', 'first': 'Kristin', 'last': 'Warren'}, 'location': {'street': {'number': 1711, 'name': 'Main Street'}, 'city': 'Cardiff', 'state': 'Surrey',...</msg>
<var>${json_data}</var>
<arg>${response.json()}</arg>
<doc>Returns the given values which can then be assigned to a variables.</doc>
<status status="PASS" start="2024-05-30T20:16:54.166159" elapsed="0.000557"/>
</kw>
<kw name="Set Variable" owner="BuiltIn">
<msg time="2024-05-30T20:16:54.167413" level="INFO">${name_title} = Miss</msg>
<var>${name_title}</var>
<arg>${json_data["results"][0]["name"]["title"]}</arg>
<doc>Returns the given values which can then be assigned to a variables.</doc>
<status status="PASS" start="2024-05-30T20:16:54.167028" elapsed="0.000411"/>
</kw>
<kw name="Create List" owner="BuiltIn">
<msg time="2024-05-30T20:16:54.167882" level="INFO">${allowed_titles} = ['Mr', 'Ms', 'Miss', 'Mrs', 'Madame', 'Monsieur']</msg>
<var>${allowed_titles}</var>
<arg>Mr</arg>
<arg>Ms</arg>
<arg>Miss</arg>
<arg>Mrs</arg>
<arg>Madame</arg>
<arg>Monsieur</arg>
<doc>Returns a list containing given items.</doc>
<status status="PASS" start="2024-05-30T20:16:54.167735" elapsed="0.000171"/>
</kw>
<kw name="List Should Contain Value" owner="Collections">
<msg time="2024-05-30T20:16:54.168380" level="INFO">False</msg>
<arg>${allowed_titles}</arg>
<arg>${name_title}</arg>
<doc>Fails if the ``value`` is not found from ``list``.</doc>
<status status="PASS" start="2024-05-30T20:16:54.168206" elapsed="0.000215"/>
</kw>
<kw name="Set Variable" owner="BuiltIn">
<msg time="2024-05-30T20:16:54.169274" level="INFO">${name_country} = GB</msg>
<var>${name_country}</var>
<arg>${json_data["results"][0]["nat"]}</arg>
<doc>Returns the given values which can then be assigned to a variables.</doc>
<status status="PASS" start="2024-05-30T20:16:54.168716" elapsed="0.000583"/>
</kw>
<kw name="Create List" owner="BuiltIn">
<msg time="2024-05-30T20:16:54.170248" level="INFO">${list_country} = ['AD', 'AE', 'AF', 'AG', 'AI', 'AL', 'AM', 'AO', 'AQ', 'AR', 'AS', 'AT', 'AU', 'AW', 'AX', 'AZ', 'BA', 'BB', 'BD', 'BE', 'BF', 'BG', 'BH', 'BI', 'BJ', 'BL', 'BM', 'BN', 'BO', 'BQ', 'BR', 'BS', 'BT', '...</msg>
<var>${list_country}</var>
<arg>AD</arg>
<arg>AE</arg>
<arg>AF</arg>
<arg>AG</arg>
<arg>AI</arg>
<arg>AL</arg>
<arg>AM</arg>
<arg>AO</arg>
<arg>AQ</arg>
<arg>AR</arg>
<arg>AS</arg>
<arg>AT</arg>
<arg>AU</arg>
<arg>AW</arg>
<arg>AX</arg>
<arg>AZ</arg>
<arg>BA</arg>
<arg>BB</arg>
<arg>BD</arg>
<arg>BE</arg>
<arg>BF</arg>
<arg>BG</arg>
<arg>BH</arg>
<arg>BI</arg>
<arg>BJ</arg>
<arg>BL</arg>
<arg>BM</arg>
<arg>BN</arg>
<arg>BO</arg>
<arg>BQ</arg>
<arg>BR</arg>
<arg>BS</arg>
<arg>BT</arg>
<arg>BV</arg>
<arg>BW</arg>
<arg>BY</arg>
<arg>BZ</arg>
<arg>CA</arg>
<arg>CC</arg>
<arg>CD</arg>
<arg>CF</arg>
<arg>CG</arg>
<arg>CH</arg>
<arg>CI</arg>
<arg>CK</arg>
<arg>CL</arg>
<arg>CM</arg>
<arg>CN</arg>
<arg>CO</arg>
<arg>CR</arg>
<arg>CU</arg>
<arg>CV</arg>
<arg>CW</arg>
<arg>CX</arg>
<arg>CY</arg>
<arg>CZ</arg>
<arg>DE</arg>
<arg>DJ</arg>
<arg>DK</arg>
<arg>DM</arg>
<arg>DO</arg>
<arg>DZ</arg>
<arg>EC</arg>
<arg>EE</arg>
<arg>EG</arg>
<arg>EH</arg>
<arg>ER</arg>
<arg>ES</arg>
<arg>ET</arg>
<arg>FI</arg>
<arg>FJ</arg>
<arg>FK</arg>
<arg>FM</arg>
<arg>FO</arg>
<arg>FR</arg>
<arg>GA</arg>
<arg>GB</arg>
<arg>GD</arg>
<arg>GE</arg>
<arg>GF</arg>
<arg>GG</arg>
<arg>GH</arg>
<arg>GI</arg>
<arg>GL</arg>
<arg>GM</arg>
<arg>GN</arg>
<arg>GP</arg>
<arg>GQ</arg>
<arg>GR</arg>
<arg>GS</arg>
<arg>GT</arg>
<arg>GU</arg>
<arg>GW</arg>
<arg>GY</arg>
<arg>HK</arg>
<arg>HM</arg>
<arg>HN</arg>
<arg>HR</arg>
<arg>HT</arg>
<arg>HU</arg>
<arg>ID</arg>
<arg>IE</arg>
<arg>IL</arg>
<arg>IM</arg>
<arg>IN</arg>
<arg>IO</arg>
<arg>IQ</arg>
<arg>IR</arg>
<arg>IS</arg>
<arg>IT</arg>
<arg>JE</arg>
<arg>JM</arg>
<arg>JO</arg>
<arg>JP</arg>
<arg>KE</arg>
<arg>KG</arg>
<arg>KH</arg>
<arg>KI</arg>
<arg>KM</arg>
<arg>KN</arg>
<arg>KP</arg>
<arg>KR</arg>
<arg>KW</arg>
<arg>KY</arg>
<arg>KZ</arg>
<arg>LA</arg>
<arg>LB</arg>
<arg>LC</arg>
<arg>LI</arg>
<arg>LK</arg>
<arg>LR</arg>
<arg>LS</arg>
<arg>LT</arg>
<arg>LU</arg>
<arg>LV</arg>
<arg>LY</arg>
<arg>MA</arg>
<arg>MC</arg>
<arg>MD</arg>
<arg>ME</arg>
<arg>MF</arg>
<arg>MG</arg>
<arg>MH</arg>
<arg>MK</arg>
<arg>ML</arg>
<arg>MM</arg>
<arg>MN</arg>
<arg>MO</arg>
<arg>MP</arg>
<arg>MQ</arg>
<arg>MR</arg>
<arg>MS</arg>
<arg>MT</arg>
<arg>MU</arg>
<arg>MV</arg>
<arg>MW</arg>
<arg>MX</arg>
<arg>MY</arg>
<arg>MZ</arg>
<arg>NA</arg>
<arg>NC</arg>
<arg>NE</arg>
<arg>NF</arg>
<arg>NG</arg>
<arg>NI</arg>
<arg>NL</arg>
<arg>NO</arg>
<arg>NP</arg>
<arg>NR</arg>
<arg>NU</arg>
<arg>NZ</arg>
<arg>OM</arg>
<arg>PA</arg>
<arg>PE</arg>
<arg>PF</arg>
<arg>PG</arg>
<arg>PH</arg>
<arg>PK</arg>
<arg>PL</arg>
<arg>PM</arg>
<arg>PN</arg>
<arg>PR</arg>
<arg>PS</arg>
<arg>PT</arg>
<arg>PW</arg>
<arg>PY</arg>
<arg>QA</arg>
<arg>RE</arg>
<arg>RO</arg>
<arg>RS</arg>
<arg>RU</arg>
<arg>RW</arg>
<arg>SA</arg>
<arg>SB</arg>
<arg>SC</arg>
<arg>SD</arg>
<arg>SE</arg>
<arg>SG</arg>
<arg>SH</arg>
<arg>SI</arg>
<arg>SJ</arg>
<arg>SK</arg>
<arg>SL</arg>
<arg>SM</arg>
<arg>SN</arg>
<arg>SO</arg>
<arg>SR</arg>
<arg>SS</arg>
<arg>ST</arg>
<arg>SV</arg>
<arg>SX</arg>
<arg>SY</arg>
<arg>SZ</arg>
<arg>TC</arg>
<arg>TD</arg>
<arg>TF</arg>
<arg>TG</arg>
<arg>TH</arg>
<arg>TJ</arg>
<arg>TK</arg>
<arg>TL</arg>
<arg>TM</arg>
<arg>TN</arg>
<arg>TO</arg>
<arg>TR</arg>
<arg>TT</arg>
<arg>TV</arg>
<arg>TW</arg>
<arg>TZ</arg>
<arg>UA</arg>
<arg>UG</arg>
<arg>UM</arg>
<arg>US</arg>
<arg>UY</arg>
<arg>UZ</arg>
<arg>VA</arg>
<arg>VC</arg>
<arg>VE</arg>
<arg>VG</arg>
<arg>VI</arg>
<arg>VN</arg>
<arg>VU</arg>
<arg>WF</arg>
<arg>WS</arg>
<arg>XK</arg>
<arg>YE</arg>
<arg>YT</arg>
<arg>ZA</arg>
<arg>ZM</arg>
<arg>ZW</arg>
<doc>Returns a list containing given items.</doc>
<status status="PASS" start="2024-05-30T20:16:54.169605" elapsed="0.000670"/>
</kw>
<kw name="List Should Contain Value" owner="Collections">
<msg time="2024-05-30T20:16:54.171267" level="INFO">False</msg>
<arg>${list_country}</arg>
<arg>${name_country}</arg>
<doc>Fails if the ``value`` is not found from ``list``.</doc>
<status status="PASS" start="2024-05-30T20:16:54.171065" elapsed="0.000237"/>
</kw>
<kw name="Run Keyword If" owner="BuiltIn">
<kw name="Should Be True" owner="BuiltIn">
<arg>${True}</arg>
<doc>Fails if the given condition is not true.</doc>
<status status="PASS" start="2024-05-30T20:16:54.172372" elapsed="0.000142"/>
</kw>
<arg>${json_data["results"][0]["location"]["coordinates"]["latitude"]} &gt;= -90 and ${json_data["results"][0]["location"]["coordinates"]["latitude"]} &lt;= 90</arg>
<arg>Should Be True</arg>
<arg>${True}</arg>
<doc>Runs the given keyword with the given arguments, if ``condition`` is true.</doc>
<status status="PASS" start="2024-05-30T20:16:54.171617" elapsed="0.001023"/>
</kw>
<kw name="Run Keyword If" owner="BuiltIn">
<kw name="Should Be True" owner="BuiltIn">
<arg>${True}</arg>
<doc>Fails if the given condition is not true.</doc>
<status status="PASS" start="2024-05-30T20:16:54.173515" elapsed="0.000163"/>
</kw>
<arg>${json_data["results"][0]["location"]["coordinates"]["longitude"]} &gt;= -180 and ${json_data["results"][0]["location"]["coordinates"]["longitude"]} &lt;= 180</arg>
<arg>Should Be True</arg>
<arg>${True}</arg>
<doc>Runs the given keyword with the given arguments, if ``condition`` is true.</doc>
<status status="PASS" start="2024-05-30T20:16:54.172829" elapsed="0.000992"/>
</kw>
<status status="PASS" start="2024-05-30T20:16:54.082868" elapsed="0.091085"/>
</kw>
<doc>Testa o conteúdo específico dos campos retornados pela API.</doc>
<tag>testeConteudo</tag>
<status status="PASS" start="2024-05-30T20:16:54.082195" elapsed="0.091910"/>
</test>
<status status="PASS" start="2024-05-30T20:16:53.296787" elapsed="0.879243"/>
</suite>
<status status="PASS" start="2024-05-30T20:16:53.283098" elapsed="0.898190"/>
</suite>
<statistics>
<total>
<stat pass="5" fail="0" skip="0">All Tests</stat>
</total>
<tag>
<stat pass="1" fail="0" skip="0">testeConteudo</stat>
<stat pass="1" fail="0" skip="0">testeEstruturaResposta</stat>
<stat pass="1" fail="0" skip="0">testeRequisicaoBasica</stat>
<stat pass="1" fail="0" skip="0">testeTiposDados</stat>
</tag>
<suite>
<stat pass="5" fail="0" skip="0" id="s1" name="Tests">Tests</stat>
<stat pass="5" fail="0" skip="0" id="s1-s1" name="Random-User-Test">Tests.Random-User-Test</stat>
</suite>
</statistics>
<errors>
</errors>
</robot>
