<?xml version="1.0" encoding="UTF-8"?>
<robot generator="Robot 7.0.1 (Python 3.12.3 on linux)" generated="2024-06-13T09:16:52.956722" rpa="false" schemaversion="5">
<suite id="s1" name="Tests" source="/home/runner/work/ApiRandomUser/ApiRandomUser/RamdonUser/tests">
<suite id="s1-s1" name="Random-User-Test" source="/home/runner/work/ApiRandomUser/ApiRandomUser/RamdonUser/tests/random-user-test.robot">
<test id="s1-s1-t1" name="Conectar" line="13">
<kw name="Conectar API" owner="random-user-service">
<kw name="Create Session" owner="RequestsLibrary">
<msg time="2024-06-13T09:16:53.355847" level="INFO">Creating Session using : alias=consultarAPI, url=https://randomuser.me/, headers={},                     cookies={}, auth=None, timeout=None, proxies=None, verify=False,                     debug=0 </msg>
<arg>consultarAPI</arg>
<arg>${URL}</arg>
<doc>Create Session: create a HTTP session to a server</doc>
<status status="PASS" start="2024-06-13T09:16:53.355643" elapsed="0.000397"/>
</kw>
<status status="PASS" start="2024-06-13T09:16:53.354582" elapsed="0.001828"/>
</kw>
<status status="PASS" start="2024-06-13T09:16:53.353969" elapsed="0.002669"/>
</test>
<test id="s1-s1-t2" name="Validar retorno 200 e JSON Válido" line="16">
<kw name="Teste de Requisicao Basica" owner="random-user-service">
<kw name="GET On Session" owner="RequestsLibrary">
<msg time="2024-06-13T09:16:53.432847" level="INFO">GET Request : url=https://randomuser.me/api 
 path_url=/api 
 headers={'User-Agent': 'python-requests/2.32.3', 'Accept-Encoding': 'gzip, deflate', 'Accept': '*/*', 'Connection': 'keep-alive'} 
 body=None 
 </msg>
<msg time="2024-06-13T09:16:53.433002" level="INFO">GET Response : url=https://randomuser.me/api 
 status=200, reason=OK 
 headers={'Date': 'Thu, 13 Jun 2024 09:16:53 GMT', 'Content-Type': 'application/json; charset=utf-8', 'Transfer-Encoding': 'chunked', 'Connection': 'keep-alive', 'X-Powered-By': 'Express', 'Access-Control-Allow-Origin': '*', 'Cache-Control': 'no-cache', 'ETag': 'W/"491-kYi7B6xvhSXAS7Yaank7syz4WrA"', 'Vary': 'Accept-Encoding', 'Content-Encoding': 'gzip', 'CF-Cache-Status': 'DYNAMIC', 'Report-To': '{"endpoints":[{"url":"https:\\/\\/a.nel.cloudflare.com\\/report\\/v4?s=PvnI0K%2BW5Jt1OKp0TrIvZDWgy3yrEXmDxbs0ZPY8CjJ1hgQxB%2FG%2BDC0fzWtW%2FSSKxbvJknbW1u8FuolVYwvkfas5uy5L1iVsyiVhMY%2B9qkhPnlH19MYV9j6HcKsOXoKs"}],"group":"cf-nel","max_age":604800}', 'NEL': '{"success_fraction":0,"report_to":"cf-nel","max_age":604800}', 'Server': 'cloudflare', 'CF-RAY': '8930fc01bfae291c-ORD', 'alt-svc': 'h3=":443"; ma=86400'} 
 body={"results":[{"gender":"female","name":{"title":"Ms","first":"Cenira","last":"Rodrigues"},"location":{"street":{"number":9731,"name":"Avenida da Legalidade"},"city":"Luziânia","state":"Rio de Janeiro","country":"Brazil","postcode":16352,"coordinates":{"latitude":"-77.5740","longitude":"45.5607"},"timezone":{"offset":"-9:00","description":"Alaska"}},"email":"cenira.rodrigues@example.com","login":{"uuid":"2de1f08b-1199-4ec6-84b2-052d5182b88d","username":"blackbear402","password":"pointer","salt":"eMJ5VxUr","md5":"d7d2b8d3d73e46b759d5fadd1bf34f5b","sha1":"1a3433bb315818caf33bde13f730eaa3d003acbd","sha256":"6707726e4fcf33058ad28cde0ab0fa97d37d7cb69c27291642a59963f026f254"},"dob":{"date":"1952-07-28T15:03:03.300Z","age":71},"registered":{"date":"2019-05-21T01:54:18.515Z","age":5},"phone":"(15) 1755-8834","cell":"(01) 0473-2422","id":{"name":"CPF","value":"226.753.997-26"},"picture":{"large":"https://randomuser.me/api/portraits/women/33.jpg","medium":"https://randomuser.me/api/portraits/med/women/33.jpg","thumbnail":"https://randomuser.me/api/portraits/thumb/women/33.jpg"},"nat":"BR"}],"info":{"seed":"970790ebb94e4916","results":1,"page":1,"version":"1.4"}} 
 </msg>
<msg time="2024-06-13T09:16:53.433091" level="INFO">/opt/hostedtoolcache/Python/3.12.3/x64/lib/python3.12/site-packages/urllib3/connectionpool.py:1103: InsecureRequestWarning: Unverified HTTPS request is being made to host 'randomuser.me'. Adding certificate verification is strongly advised. See: https://urllib3.readthedocs.io/en/latest/advanced-usage.html#tls-warnings
  warnings.warn(</msg>
<msg time="2024-06-13T09:16:53.433248" level="INFO">${response} = &lt;Response [200]&gt;</msg>
<var>${response}</var>
<arg>consultarAPI</arg>
<arg>/api</arg>
<doc>Sends a GET request on a previously created HTTP Session.</doc>
<status status="PASS" start="2024-06-13T09:16:53.359332" elapsed="0.073948"/>
</kw>
<kw name="Should Be Equal As Numbers" owner="BuiltIn">
<msg time="2024-06-13T09:16:53.434295" level="INFO">Argument types are:
&lt;class 'int'&gt;
&lt;class 'str'&gt;</msg>
<arg>${response.status_code}</arg>
<arg>200</arg>
<doc>Fails if objects are unequal after converting them to real numbers.</doc>
<status status="PASS" start="2024-06-13T09:16:53.433818" elapsed="0.000546"/>
</kw>
<kw name="Log" owner="BuiltIn">
<msg time="2024-06-13T09:16:53.435112" level="INFO">200</msg>
<arg>${response.status_code}</arg>
<doc>Logs the given message with the given level.</doc>
<status status="PASS" start="2024-06-13T09:16:53.434749" elapsed="0.000415"/>
</kw>
<kw name="Set Variable" owner="BuiltIn">
<msg time="2024-06-13T09:16:53.435936" level="INFO">${json_data} = {'results': [{'gender': 'female', 'name': {'title': 'Ms', 'first': 'Cenira', 'last': 'Rodrigues'}, 'location': {'street': {'number': 9731, 'name': 'Avenida da Legalidade'}, 'city': 'Luziânia', 'state'...</msg>
<var>${json_data}</var>
<arg>${response.json()}</arg>
<doc>Returns the given values which can then be assigned to a variables.</doc>
<status status="PASS" start="2024-06-13T09:16:53.435489" elapsed="0.000478"/>
</kw>
<kw name="Dictionary Should Contain Key" owner="Collections">
<arg>${json_data}</arg>
<arg>results</arg>
<doc>Fails if ``key`` is not found from ``dictionary``.</doc>
<status status="PASS" start="2024-06-13T09:16:53.436279" elapsed="0.000174"/>
</kw>
<status status="PASS" start="2024-06-13T09:16:53.359080" elapsed="0.077560"/>
</kw>
<doc>Testa se a API responde corretamente e retorna um objeto JSON válido.</doc>
<tag>testeRequisicaoBasica</tag>
<status status="PASS" start="2024-06-13T09:16:53.358533" elapsed="0.078292"/>
</test>
<test id="s1-s1-t3" name="Validar estrutura de resposta" line="22">
<kw name="Teste de Estrutura de Resposta" owner="random-user-service">
<kw name="GET On Session" owner="RequestsLibrary">
<msg time="2024-06-13T09:16:53.558949" level="INFO">GET Request : url=https://randomuser.me/api 
 path_url=/api 
 headers={'User-Agent': 'python-requests/2.32.3', 'Accept-Encoding': 'gzip, deflate', 'Accept': '*/*', 'Connection': 'keep-alive'} 
 body=None 
 </msg>
<msg time="2024-06-13T09:16:53.559066" level="INFO">GET Response : url=https://randomuser.me/api 
 status=200, reason=OK 
 headers={'Date': 'Thu, 13 Jun 2024 09:16:53 GMT', 'Content-Type': 'application/json; charset=utf-8', 'Transfer-Encoding': 'chunked', 'Connection': 'keep-alive', 'X-Powered-By': 'Express', 'Access-Control-Allow-Origin': '*', 'Cache-Control': 'no-cache', 'ETag': 'W/"48f-8s2iW3EuYS8vG89lxSS3vwRabjc"', 'Vary': 'Accept-Encoding', 'Content-Encoding': 'gzip', 'CF-Cache-Status': 'DYNAMIC', 'Report-To': '{"endpoints":[{"url":"https:\\/\\/a.nel.cloudflare.com\\/report\\/v4?s=pmk9e8%2FyV29QdLY%2Fv5YGMWxpFdZFhwPXRhf24e%2FosxHFGoH5SCGN3KaanKZpzPw%2F2bcgP%2Bk7I%2F9NJKiggligfpzbbHr1FzP7jUMH0tCeKpDhLPXLe6VuAI8PGb8pcYuR"}],"group":"cf-nel","max_age":604800}', 'NEL': '{"success_fraction":0,"report_to":"cf-nel","max_age":604800}', 'Server': 'cloudflare', 'CF-RAY': '8930fc020fcd291c-ORD', 'alt-svc': 'h3=":443"; ma=86400'} 
 body={"results":[{"gender":"female","name":{"title":"Ms","first":"Jen","last":"Washington"},"location":{"street":{"number":517,"name":"The Green"},"city":"Nottingham","state":"Gloucestershire","country":"United Kingdom","postcode":"F9 3PH","coordinates":{"latitude":"-9.5043","longitude":"82.9578"},"timezone":{"offset":"+5:45","description":"Kathmandu"}},"email":"jen.washington@example.com","login":{"uuid":"7fec0e96-a6ff-4cad-aa40-3780fab795fe","username":"angryelephant517","password":"daphne","salt":"A00WOZNQ","md5":"8b7717310ec3eb4e0ef65371bc3bd99d","sha1":"a8e908e8d7b48f0b987f3a450c902fa00585a01a","sha256":"746adb2ecc7ce915c9d8b6de0bdd7f57bacb82c9e47fecafedc511edb2c43910"},"dob":{"date":"1976-05-21T23:01:43.267Z","age":48},"registered":{"date":"2002-11-08T04:45:57.831Z","age":21},"phone":"015395 03152","cell":"07629 790063","id":{"name":"NINO","value":"XH 25 16 72 S"},"picture":{"large":"https://randomuser.me/api/portraits/women/96.jpg","medium":"https://randomuser.me/api/portraits/med/women/96.jpg","thumbnail":"https://randomuser.me/api/portraits/thumb/women/96.jpg"},"nat":"GB"}],"info":{"seed":"4fafcd345498f6fb","results":1,"page":1,"version":"1.4"}} 
 </msg>
<msg time="2024-06-13T09:16:53.559239" level="INFO">/opt/hostedtoolcache/Python/3.12.3/x64/lib/python3.12/site-packages/urllib3/connectionpool.py:1103: InsecureRequestWarning: Unverified HTTPS request is being made to host 'randomuser.me'. Adding certificate verification is strongly advised. See: https://urllib3.readthedocs.io/en/latest/advanced-usage.html#tls-warnings
  warnings.warn(</msg>
<msg time="2024-06-13T09:16:53.559402" level="INFO">${response} = &lt;Response [200]&gt;</msg>
<var>${response}</var>
<arg>consultarAPI</arg>
<arg>/api</arg>
<doc>Sends a GET request on a previously created HTTP Session.</doc>
<status status="PASS" start="2024-06-13T09:16:53.439611" elapsed="0.119834"/>
</kw>
<kw name="Set Variable" owner="BuiltIn">
<msg time="2024-06-13T09:16:53.560567" level="INFO">${json_data} = {'results': [{'gender': 'female', 'name': {'title': 'Ms', 'first': 'Jen', 'last': 'Washington'}, 'location': {'street': {'number': 517, 'name': 'The Green'}, 'city': 'Nottingham', 'state': 'Gloucester...</msg>
<var>${json_data}</var>
<arg>${response.json()}</arg>
<doc>Returns the given values which can then be assigned to a variables.</doc>
<status status="PASS" start="2024-06-13T09:16:53.559982" elapsed="0.000619"/>
</kw>
<kw name="Log" owner="BuiltIn">
<msg time="2024-06-13T09:16:53.561129" level="INFO">{'results': [{'gender': 'female', 'name': {'title': 'Ms', 'first': 'Jen', 'last': 'Washington'}, 'location': {'street': {'number': 517, 'name': 'The Green'}, 'city': 'Nottingham', 'state': 'Gloucestershire', 'country': 'United Kingdom', 'postcode': 'F9 3PH', 'coordinates': {'latitude': '-9.5043', 'longitude': '82.9578'}, 'timezone': {'offset': '+5:45', 'description': 'Kathmandu'}}, 'email': 'jen.washington@example.com', 'login': {'uuid': '7fec0e96-a6ff-4cad-aa40-3780fab795fe', 'username': 'angryelephant517', 'password': 'daphne', 'salt': 'A00WOZNQ', 'md5': '8b7717310ec3eb4e0ef65371bc3bd99d', 'sha1': 'a8e908e8d7b48f0b987f3a450c902fa00585a01a', 'sha256': '746adb2ecc7ce915c9d8b6de0bdd7f57bacb82c9e47fecafedc511edb2c43910'}, 'dob': {'date': '1976-05-21T23:01:43.267Z', 'age': 48}, 'registered': {'date': '2002-11-08T04:45:57.831Z', 'age': 21}, 'phone': '015395 03152', 'cell': '07629 790063', 'id': {'name': 'NINO', 'value': 'XH 25 16 72 S'}, 'picture': {'large': 'https://randomuser.me/api/portraits/women/96.jpg', 'medium': 'https://randomuser.me/api/portraits/med/women/96.jpg', 'thumbnail': 'https://randomuser.me/api/portraits/thumb/women/96.jpg'}, 'nat': 'GB'}], 'info': {'seed': '4fafcd345498f6fb', 'results': 1, 'page': 1, 'version': '1.4'}}</msg>
<arg>${json_data}</arg>
<doc>Logs the given message with the given level.</doc>
<status status="PASS" start="2024-06-13T09:16:53.560963" elapsed="0.000216"/>
</kw>
<kw name="Dictionary Should Contain Key" owner="Collections">
<arg>${json_data}</arg>
<arg>results</arg>
<doc>Fails if ``key`` is not found from ``dictionary``.</doc>
<status status="PASS" start="2024-06-13T09:16:53.561486" elapsed="0.000167"/>
</kw>
<kw name="Should Not Be Empty" owner="BuiltIn">
<msg time="2024-06-13T09:16:53.561972" level="INFO">Length is 2.</msg>
<arg>${json_data}</arg>
<doc>Verifies that the given item is not empty.</doc>
<status status="PASS" start="2024-06-13T09:16:53.561844" elapsed="0.000167"/>
</kw>
<kw name="Create List" owner="BuiltIn">
<msg time="2024-06-13T09:16:53.562466" level="INFO">${expected_keys} = ['gender', 'name', 'location', 'email', 'login']</msg>
<var>${expected_keys}</var>
<arg>gender</arg>
<arg>name</arg>
<arg>location</arg>
<arg>email</arg>
<arg>login</arg>
<doc>Returns a list containing given items.</doc>
<status status="PASS" start="2024-06-13T09:16:53.562314" elapsed="0.000177"/>
</kw>
<for flavor="IN">
<iter>
<kw name="Dictionary Should Contain Key" owner="Collections">
<arg>${json_data['results'][0]}</arg>
<arg>${key}</arg>
<doc>Fails if ``key`` is not found from ``dictionary``.</doc>
<status status="PASS" start="2024-06-13T09:16:53.563093" elapsed="0.000420"/>
</kw>
<kw name="Log" owner="BuiltIn">
<msg time="2024-06-13T09:16:53.564079" level="INFO">{'gender': 'female', 'name': {'title': 'Ms', 'first': 'Jen', 'last': 'Washington'}, 'location': {'street': {'number': 517, 'name': 'The Green'}, 'city': 'Nottingham', 'state': 'Gloucestershire', 'country': 'United Kingdom', 'postcode': 'F9 3PH', 'coordinates': {'latitude': '-9.5043', 'longitude': '82.9578'}, 'timezone': {'offset': '+5:45', 'description': 'Kathmandu'}}, 'email': 'jen.washington@example.com', 'login': {'uuid': '7fec0e96-a6ff-4cad-aa40-3780fab795fe', 'username': 'angryelephant517', 'password': 'daphne', 'salt': 'A00WOZNQ', 'md5': '8b7717310ec3eb4e0ef65371bc3bd99d', 'sha1': 'a8e908e8d7b48f0b987f3a450c902fa00585a01a', 'sha256': '746adb2ecc7ce915c9d8b6de0bdd7f57bacb82c9e47fecafedc511edb2c43910'}, 'dob': {'date': '1976-05-21T23:01:43.267Z', 'age': 48}, 'registered': {'date': '2002-11-08T04:45:57.831Z', 'age': 21}, 'phone': '015395 03152', 'cell': '07629 790063', 'id': {'name': 'NINO', 'value': 'XH 25 16 72 S'}, 'picture': {'large': 'https://randomuser.me/api/portraits/women/96.jpg', 'medium': 'https://randomuser.me/api/portraits/med/women/96.jpg', 'thumbnail': 'https://randomuser.me/api/portraits/thumb/women/96.jpg'}, 'nat': 'GB'}</msg>
<arg>${json_data['results'][0]}</arg>
<doc>Logs the given message with the given level.</doc>
<status status="PASS" start="2024-06-13T09:16:53.563712" elapsed="0.000417"/>
</kw>
<kw name="Log" owner="BuiltIn">
<msg time="2024-06-13T09:16:53.564593" level="INFO">gender</msg>
<arg>${key}</arg>
<doc>Logs the given message with the given level.</doc>
<status status="PASS" start="2024-06-13T09:16:53.564443" elapsed="0.000190"/>
</kw>
<var name="${key}">gender</var>
<status status="PASS" start="2024-06-13T09:16:53.562962" elapsed="0.001907"/>
</iter>
<iter>
<kw name="Dictionary Should Contain Key" owner="Collections">
<arg>${json_data['results'][0]}</arg>
<arg>${key}</arg>
<doc>Fails if ``key`` is not found from ``dictionary``.</doc>
<status status="PASS" start="2024-06-13T09:16:53.565181" elapsed="0.000392"/>
</kw>
<kw name="Log" owner="BuiltIn">
<msg time="2024-06-13T09:16:53.566113" level="INFO">{'gender': 'female', 'name': {'title': 'Ms', 'first': 'Jen', 'last': 'Washington'}, 'location': {'street': {'number': 517, 'name': 'The Green'}, 'city': 'Nottingham', 'state': 'Gloucestershire', 'country': 'United Kingdom', 'postcode': 'F9 3PH', 'coordinates': {'latitude': '-9.5043', 'longitude': '82.9578'}, 'timezone': {'offset': '+5:45', 'description': 'Kathmandu'}}, 'email': 'jen.washington@example.com', 'login': {'uuid': '7fec0e96-a6ff-4cad-aa40-3780fab795fe', 'username': 'angryelephant517', 'password': 'daphne', 'salt': 'A00WOZNQ', 'md5': '8b7717310ec3eb4e0ef65371bc3bd99d', 'sha1': 'a8e908e8d7b48f0b987f3a450c902fa00585a01a', 'sha256': '746adb2ecc7ce915c9d8b6de0bdd7f57bacb82c9e47fecafedc511edb2c43910'}, 'dob': {'date': '1976-05-21T23:01:43.267Z', 'age': 48}, 'registered': {'date': '2002-11-08T04:45:57.831Z', 'age': 21}, 'phone': '015395 03152', 'cell': '07629 790063', 'id': {'name': 'NINO', 'value': 'XH 25 16 72 S'}, 'picture': {'large': 'https://randomuser.me/api/portraits/women/96.jpg', 'medium': 'https://randomuser.me/api/portraits/med/women/96.jpg', 'thumbnail': 'https://randomuser.me/api/portraits/thumb/women/96.jpg'}, 'nat': 'GB'}</msg>
<arg>${json_data['results'][0]}</arg>
<doc>Logs the given message with the given level.</doc>
<status status="PASS" start="2024-06-13T09:16:53.565759" elapsed="0.000437"/>
</kw>
<kw name="Log" owner="BuiltIn">
<msg time="2024-06-13T09:16:53.566631" level="INFO">name</msg>
<arg>${key}</arg>
<doc>Logs the given message with the given level.</doc>
<status status="PASS" start="2024-06-13T09:16:53.566499" elapsed="0.000172"/>
</kw>
<var name="${key}">name</var>
<status status="PASS" start="2024-06-13T09:16:53.565065" elapsed="0.001825"/>
</iter>
<iter>
<kw name="Dictionary Should Contain Key" owner="Collections">
<arg>${json_data['results'][0]}</arg>
<arg>${key}</arg>
<doc>Fails if ``key`` is not found from ``dictionary``.</doc>
<status status="PASS" start="2024-06-13T09:16:53.567181" elapsed="0.000385"/>
</kw>
<kw name="Log" owner="BuiltIn">
<msg time="2024-06-13T09:16:53.568106" level="INFO">{'gender': 'female', 'name': {'title': 'Ms', 'first': 'Jen', 'last': 'Washington'}, 'location': {'street': {'number': 517, 'name': 'The Green'}, 'city': 'Nottingham', 'state': 'Gloucestershire', 'country': 'United Kingdom', 'postcode': 'F9 3PH', 'coordinates': {'latitude': '-9.5043', 'longitude': '82.9578'}, 'timezone': {'offset': '+5:45', 'description': 'Kathmandu'}}, 'email': 'jen.washington@example.com', 'login': {'uuid': '7fec0e96-a6ff-4cad-aa40-3780fab795fe', 'username': 'angryelephant517', 'password': 'daphne', 'salt': 'A00WOZNQ', 'md5': '8b7717310ec3eb4e0ef65371bc3bd99d', 'sha1': 'a8e908e8d7b48f0b987f3a450c902fa00585a01a', 'sha256': '746adb2ecc7ce915c9d8b6de0bdd7f57bacb82c9e47fecafedc511edb2c43910'}, 'dob': {'date': '1976-05-21T23:01:43.267Z', 'age': 48}, 'registered': {'date': '2002-11-08T04:45:57.831Z', 'age': 21}, 'phone': '015395 03152', 'cell': '07629 790063', 'id': {'name': 'NINO', 'value': 'XH 25 16 72 S'}, 'picture': {'large': 'https://randomuser.me/api/portraits/women/96.jpg', 'medium': 'https://randomuser.me/api/portraits/med/women/96.jpg', 'thumbnail': 'https://randomuser.me/api/portraits/thumb/women/96.jpg'}, 'nat': 'GB'}</msg>
<arg>${json_data['results'][0]}</arg>
<doc>Logs the given message with the given level.</doc>
<status status="PASS" start="2024-06-13T09:16:53.567756" elapsed="0.000408"/>
</kw>
<kw name="Log" owner="BuiltIn">
<msg time="2024-06-13T09:16:53.568621" level="INFO">location</msg>
<arg>${key}</arg>
<doc>Logs the given message with the given level.</doc>
<status status="PASS" start="2024-06-13T09:16:53.568462" elapsed="0.000199"/>
</kw>
<var name="${key}">location</var>
<status status="PASS" start="2024-06-13T09:16:53.567072" elapsed="0.001815"/>
</iter>
<iter>
<kw name="Dictionary Should Contain Key" owner="Collections">
<arg>${json_data['results'][0]}</arg>
<arg>${key}</arg>
<doc>Fails if ``key`` is not found from ``dictionary``.</doc>
<status status="PASS" start="2024-06-13T09:16:53.569179" elapsed="0.000379"/>
</kw>
<kw name="Log" owner="BuiltIn">
<msg time="2024-06-13T09:16:53.570159" level="INFO">{'gender': 'female', 'name': {'title': 'Ms', 'first': 'Jen', 'last': 'Washington'}, 'location': {'street': {'number': 517, 'name': 'The Green'}, 'city': 'Nottingham', 'state': 'Gloucestershire', 'country': 'United Kingdom', 'postcode': 'F9 3PH', 'coordinates': {'latitude': '-9.5043', 'longitude': '82.9578'}, 'timezone': {'offset': '+5:45', 'description': 'Kathmandu'}}, 'email': 'jen.washington@example.com', 'login': {'uuid': '7fec0e96-a6ff-4cad-aa40-3780fab795fe', 'username': 'angryelephant517', 'password': 'daphne', 'salt': 'A00WOZNQ', 'md5': '8b7717310ec3eb4e0ef65371bc3bd99d', 'sha1': 'a8e908e8d7b48f0b987f3a450c902fa00585a01a', 'sha256': '746adb2ecc7ce915c9d8b6de0bdd7f57bacb82c9e47fecafedc511edb2c43910'}, 'dob': {'date': '1976-05-21T23:01:43.267Z', 'age': 48}, 'registered': {'date': '2002-11-08T04:45:57.831Z', 'age': 21}, 'phone': '015395 03152', 'cell': '07629 790063', 'id': {'name': 'NINO', 'value': 'XH 25 16 72 S'}, 'picture': {'large': 'https://randomuser.me/api/portraits/women/96.jpg', 'medium': 'https://randomuser.me/api/portraits/med/women/96.jpg', 'thumbnail': 'https://randomuser.me/api/portraits/thumb/women/96.jpg'}, 'nat': 'GB'}</msg>
<arg>${json_data['results'][0]}</arg>
<doc>Logs the given message with the given level.</doc>
<status status="PASS" start="2024-06-13T09:16:53.569742" elapsed="0.000465"/>
</kw>
<kw name="Log" owner="BuiltIn">
<msg time="2024-06-13T09:16:53.570645" level="INFO">email</msg>
<arg>${key}</arg>
<doc>Logs the given message with the given level.</doc>
<status status="PASS" start="2024-06-13T09:16:53.570514" elapsed="0.000169"/>
</kw>
<var name="${key}">email</var>
<status status="PASS" start="2024-06-13T09:16:53.569070" elapsed="0.001825"/>
</iter>
<iter>
<kw name="Dictionary Should Contain Key" owner="Collections">
<arg>${json_data['results'][0]}</arg>
<arg>${key}</arg>
<doc>Fails if ``key`` is not found from ``dictionary``.</doc>
<status status="PASS" start="2024-06-13T09:16:53.571178" elapsed="0.000386"/>
</kw>
<kw name="Log" owner="BuiltIn">
<msg time="2024-06-13T09:16:53.572097" level="INFO">{'gender': 'female', 'name': {'title': 'Ms', 'first': 'Jen', 'last': 'Washington'}, 'location': {'street': {'number': 517, 'name': 'The Green'}, 'city': 'Nottingham', 'state': 'Gloucestershire', 'country': 'United Kingdom', 'postcode': 'F9 3PH', 'coordinates': {'latitude': '-9.5043', 'longitude': '82.9578'}, 'timezone': {'offset': '+5:45', 'description': 'Kathmandu'}}, 'email': 'jen.washington@example.com', 'login': {'uuid': '7fec0e96-a6ff-4cad-aa40-3780fab795fe', 'username': 'angryelephant517', 'password': 'daphne', 'salt': 'A00WOZNQ', 'md5': '8b7717310ec3eb4e0ef65371bc3bd99d', 'sha1': 'a8e908e8d7b48f0b987f3a450c902fa00585a01a', 'sha256': '746adb2ecc7ce915c9d8b6de0bdd7f57bacb82c9e47fecafedc511edb2c43910'}, 'dob': {'date': '1976-05-21T23:01:43.267Z', 'age': 48}, 'registered': {'date': '2002-11-08T04:45:57.831Z', 'age': 21}, 'phone': '015395 03152', 'cell': '07629 790063', 'id': {'name': 'NINO', 'value': 'XH 25 16 72 S'}, 'picture': {'large': 'https://randomuser.me/api/portraits/women/96.jpg', 'medium': 'https://randomuser.me/api/portraits/med/women/96.jpg', 'thumbnail': 'https://randomuser.me/api/portraits/thumb/women/96.jpg'}, 'nat': 'GB'}</msg>
<arg>${json_data['results'][0]}</arg>
<doc>Logs the given message with the given level.</doc>
<status status="PASS" start="2024-06-13T09:16:53.571751" elapsed="0.000393"/>
</kw>
<kw name="Log" owner="BuiltIn">
<msg time="2024-06-13T09:16:53.572712" level="INFO">login</msg>
<arg>${key}</arg>
<doc>Logs the given message with the given level.</doc>
<status status="PASS" start="2024-06-13T09:16:53.572434" elapsed="0.000319"/>
</kw>
<var name="${key}">login</var>
<status status="PASS" start="2024-06-13T09:16:53.571069" elapsed="0.001908"/>
</iter>
<var>${key}</var>
<value>@{expected_keys}</value>
<status status="PASS" start="2024-06-13T09:16:53.562762" elapsed="0.010338"/>
</for>
<kw name="Create List" owner="BuiltIn">
<msg time="2024-06-13T09:16:53.573445" level="INFO">${expected_keysTwo} = ['username', 'password']</msg>
<var>${expected_keysTwo}</var>
<arg>username</arg>
<arg>password</arg>
<doc>Returns a list containing given items.</doc>
<status status="PASS" start="2024-06-13T09:16:53.573293" elapsed="0.000204"/>
</kw>
<for flavor="IN">
<iter>
<kw name="Dictionary Should Contain Key" owner="Collections">
<arg>${json_data['results'][0]['login']}</arg>
<arg>${keyTwo}</arg>
<doc>Fails if ``key`` is not found from ``dictionary``.</doc>
<status status="PASS" start="2024-06-13T09:16:53.574006" elapsed="0.000380"/>
</kw>
<kw name="Dictionary Should Contain Key" owner="Collections">
<arg>${json_data['results'][0]['login']}</arg>
<arg>${keyTwo}</arg>
<doc>Fails if ``key`` is not found from ``dictionary``.</doc>
<status status="PASS" start="2024-06-13T09:16:53.574570" elapsed="0.000376"/>
</kw>
<kw name="Log" owner="BuiltIn">
<msg time="2024-06-13T09:16:53.575241" level="INFO">username</msg>
<arg>${keyTwo}</arg>
<doc>Logs the given message with the given level.</doc>
<status status="PASS" start="2024-06-13T09:16:53.575124" elapsed="0.000154"/>
</kw>
<var name="${keyTwo}">username</var>
<status status="PASS" start="2024-06-13T09:16:53.573900" elapsed="0.001595"/>
</iter>
<iter>
<kw name="Dictionary Should Contain Key" owner="Collections">
<arg>${json_data['results'][0]['login']}</arg>
<arg>${keyTwo}</arg>
<doc>Fails if ``key`` is not found from ``dictionary``.</doc>
<status status="PASS" start="2024-06-13T09:16:53.575789" elapsed="0.000379"/>
</kw>
<kw name="Dictionary Should Contain Key" owner="Collections">
<arg>${json_data['results'][0]['login']}</arg>
<arg>${keyTwo}</arg>
<doc>Fails if ``key`` is not found from ``dictionary``.</doc>
<status status="PASS" start="2024-06-13T09:16:53.576348" elapsed="0.000409"/>
</kw>
<kw name="Log" owner="BuiltIn">
<msg time="2024-06-13T09:16:53.577057" level="INFO">password</msg>
<arg>${keyTwo}</arg>
<doc>Logs the given message with the given level.</doc>
<status status="PASS" start="2024-06-13T09:16:53.576936" elapsed="0.000157"/>
</kw>
<var name="${keyTwo}">password</var>
<status status="PASS" start="2024-06-13T09:16:53.575681" elapsed="0.001634"/>
</iter>
<var>${keyTwo}</var>
<value>@{expected_keysTwo}</value>
<status status="PASS" start="2024-06-13T09:16:53.573744" elapsed="0.003706"/>
</for>
<status status="PASS" start="2024-06-13T09:16:53.439357" elapsed="0.138238"/>
</kw>
<doc>Testa a estrutura da resposta da API.</doc>
<tag>testeEstruturaResposta</tag>
<status status="PASS" start="2024-06-13T09:16:53.438668" elapsed="0.139086"/>
</test>
<test id="s1-s1-t4" name="Validar tipos de dados" line="28">
<kw name="Teste de Tipos de Dados" owner="random-user-service">
<kw name="GET On Session" owner="RequestsLibrary">
<msg time="2024-06-13T09:16:53.718716" level="INFO">GET Request : url=https://randomuser.me/api 
 path_url=/api 
 headers={'User-Agent': 'python-requests/2.32.3', 'Accept-Encoding': 'gzip, deflate', 'Accept': '*/*', 'Connection': 'keep-alive'} 
 body=None 
 </msg>
<msg time="2024-06-13T09:16:53.718814" level="INFO">GET Response : url=https://randomuser.me/api 
 status=200, reason=OK 
 headers={'Date': 'Thu, 13 Jun 2024 09:16:53 GMT', 'Content-Type': 'application/json; charset=utf-8', 'Transfer-Encoding': 'chunked', 'Connection': 'keep-alive', 'X-Powered-By': 'Express', 'Access-Control-Allow-Origin': '*', 'Cache-Control': 'no-cache', 'ETag': 'W/"47b-Nye7Q7J3ibc210XQjGi+SkyIBRk"', 'Vary': 'Accept-Encoding', 'Content-Encoding': 'gzip', 'CF-Cache-Status': 'DYNAMIC', 'Report-To': '{"endpoints":[{"url":"https:\\/\\/a.nel.cloudflare.com\\/report\\/v4?s=xRANf5cy9jfaL8UKxoi1nwYAtsindiXaDhgZPuuq4l6hi9zWGlOJvNZTllQeYixm2TMpgJeI3hCu4Q5y94f%2BxL44DW2IyxsZvQGAwzy%2FR5UdK0MxFd%2Bs%2BJlU4NMGL5n6"}],"group":"cf-nel","max_age":604800}', 'NEL': '{"success_fraction":0,"report_to":"cf-nel","max_age":604800}', 'Server': 'cloudflare', 'CF-RAY': '8930fc02e835291c-ORD', 'alt-svc': 'h3=":443"; ma=86400'} 
 body={"results":[{"gender":"male","name":{"title":"Mr","first":"Angelo","last":"Döhler"},"location":{"street":{"number":4802,"name":"Im Winkel"},"city":"Bredstedt","state":"Rheinland-Pfalz","country":"Germany","postcode":30786,"coordinates":{"latitude":"-52.3406","longitude":"-156.7452"},"timezone":{"offset":"-9:00","description":"Alaska"}},"email":"angelo.dohler@example.com","login":{"uuid":"021762a3-36ba-400b-87bf-5e82359e8dab","username":"sadwolf429","password":"jamesbond","salt":"mxSNabSI","md5":"fe0afd1e9fcf878421eb7eaa798be11a","sha1":"45cb46cd1cf822f7370669516cf2adf8c8fa2fe2","sha256":"f3fdf47a4c32b351bf27037b33d031ae5523b7b8253fa28588c8e8eda0b95274"},"dob":{"date":"1997-01-26T21:52:24.156Z","age":27},"registered":{"date":"2012-05-13T15:58:44.785Z","age":12},"phone":"0136-9586680","cell":"0173-3227053","id":{"name":"SVNR","value":"55 260197 D 092"},"picture":{"large":"https://randomuser.me/api/portraits/men/18.jpg","medium":"https://randomuser.me/api/portraits/med/men/18.jpg","thumbnail":"https://randomuser.me/api/portraits/thumb/men/18.jpg"},"nat":"DE"}],"info":{"seed":"52389e99fafdcf94","results":1,"page":1,"version":"1.4"}} 
 </msg>
<msg time="2024-06-13T09:16:53.718887" level="INFO">/opt/hostedtoolcache/Python/3.12.3/x64/lib/python3.12/site-packages/urllib3/connectionpool.py:1103: InsecureRequestWarning: Unverified HTTPS request is being made to host 'randomuser.me'. Adding certificate verification is strongly advised. See: https://urllib3.readthedocs.io/en/latest/advanced-usage.html#tls-warnings
  warnings.warn(</msg>
<msg time="2024-06-13T09:16:53.719014" level="INFO">${response} = &lt;Response [200]&gt;</msg>
<var>${response}</var>
<arg>consultarAPI</arg>
<arg>/api</arg>
<doc>Sends a GET request on a previously created HTTP Session.</doc>
<status status="PASS" start="2024-06-13T09:16:53.580342" elapsed="0.138713"/>
</kw>
<kw name="Set Variable" owner="BuiltIn">
<msg time="2024-06-13T09:16:53.720270" level="INFO">${json_data} = {'results': [{'gender': 'male', 'name': {'title': 'Mr', 'first': 'Angelo', 'last': 'Döhler'}, 'location': {'street': {'number': 4802, 'name': 'Im Winkel'}, 'city': 'Bredstedt', 'state': 'Rheinland-Pfa...</msg>
<var>${json_data}</var>
<arg>${response.json()}</arg>
<doc>Returns the given values which can then be assigned to a variables.</doc>
<status status="PASS" start="2024-06-13T09:16:53.719696" elapsed="0.000606"/>
</kw>
<kw name="Log" owner="BuiltIn">
<msg time="2024-06-13T09:16:53.720879" level="INFO">{'results': [{'gender': 'male', 'name': {'title': 'Mr', 'first': 'Angelo', 'last': 'Döhler'}, 'location': {'street': {'number': 4802, 'name': 'Im Winkel'}, 'city': 'Bredstedt', 'state': 'Rheinland-Pfalz', 'country': 'Germany', 'postcode': 30786, 'coordinates': {'latitude': '-52.3406', 'longitude': '-156.7452'}, 'timezone': {'offset': '-9:00', 'description': 'Alaska'}}, 'email': 'angelo.dohler@example.com', 'login': {'uuid': '021762a3-36ba-400b-87bf-5e82359e8dab', 'username': 'sadwolf429', 'password': 'jamesbond', 'salt': 'mxSNabSI', 'md5': 'fe0afd1e9fcf878421eb7eaa798be11a', 'sha1': '45cb46cd1cf822f7370669516cf2adf8c8fa2fe2', 'sha256': 'f3fdf47a4c32b351bf27037b33d031ae5523b7b8253fa28588c8e8eda0b95274'}, 'dob': {'date': '1997-01-26T21:52:24.156Z', 'age': 27}, 'registered': {'date': '2012-05-13T15:58:44.785Z', 'age': 12}, 'phone': '0136-9586680', 'cell': '0173-3227053', 'id': {'name': 'SVNR', 'value': '55 260197 D 092'}, 'picture': {'large': 'https://randomuser.me/api/portraits/men/18.jpg', 'medium': 'https://randomuser.me/api/portraits/med/men/18.jpg', 'thumbnail': 'https://randomuser.me/api/portraits/thumb/men/18.jpg'}, 'nat': 'DE'}], 'info': {'seed': '52389e99fafdcf94', 'results': 1, 'page': 1, 'version': '1.4'}}</msg>
<arg>${json_data}</arg>
<doc>Logs the given message with the given level.</doc>
<status status="PASS" start="2024-06-13T09:16:53.720703" elapsed="0.000228"/>
</kw>
<kw name="Should Be String" owner="String">
<arg>${json_data['results'][0]['gender']}</arg>
<doc>Fails if the given ``item`` is not a string.</doc>
<status status="PASS" start="2024-06-13T09:16:53.721236" elapsed="0.000378"/>
</kw>
<kw name="Should Match Regexp" owner="BuiltIn">
<arg>${json_data['results'][0]['email']}</arg>
<arg>^[a-zA-Z0-9._%+-]+@[a-zA-Z0-9.-]+\.[a-zA-Z]{2,}$</arg>
<doc>Fails if ``string`` does not match ``pattern`` as a regular expression.</doc>
<status status="PASS" start="2024-06-13T09:16:53.721807" elapsed="0.000528"/>
</kw>
<kw name="Should Match Regexp" owner="BuiltIn">
<arg>${json_data['results'][0]['dob']['date']}</arg>
<arg>\\d{4}-\\d{2}-\\d{2}T\\d{2}:\\d{2}:\\d{2}\\.\\d{3}Z</arg>
<doc>Fails if ``string`` does not match ``pattern`` as a regular expression.</doc>
<status status="PASS" start="2024-06-13T09:16:53.722579" elapsed="0.000504"/>
</kw>
<kw name="Should Match Regexp" owner="BuiltIn">
<arg>${json_data['results'][0]['registered']['date']}</arg>
<arg>\\d{4}-\\d{2}-\\d{2}T\\d{2}:\\d{2}:\\d{2}\\.\\d{3}Z</arg>
<doc>Fails if ``string`` does not match ``pattern`` as a regular expression.</doc>
<status status="PASS" start="2024-06-13T09:16:53.723277" elapsed="0.000362"/>
</kw>
<kw name="Should Match Regexp" owner="BuiltIn">
<arg>${json_data['results'][0]['picture']['large']}</arg>
<arg>^https?://.*\.(?:png|jpe?g|gif|bmp)$</arg>
<doc>Fails if ``string`` does not match ``pattern`` as a regular expression.</doc>
<status status="PASS" start="2024-06-13T09:16:53.723826" elapsed="0.000463"/>
</kw>
<kw name="Should Match Regexp" owner="BuiltIn">
<arg>${json_data['results'][0]['picture']['medium']}</arg>
<arg>^https?://.*\.(?:png|jpe?g|gif|bmp)$</arg>
<doc>Fails if ``string`` does not match ``pattern`` as a regular expression.</doc>
<status status="PASS" start="2024-06-13T09:16:53.724480" elapsed="0.000400"/>
</kw>
<kw name="Should Match Regexp" owner="BuiltIn">
<arg>${json_data['results'][0]['picture']['thumbnail']}</arg>
<arg>^https?://.*\.(?:png|jpe?g|gif|bmp)$</arg>
<doc>Fails if ``string`` does not match ``pattern`` as a regular expression.</doc>
<status status="PASS" start="2024-06-13T09:16:53.725075" elapsed="0.000357"/>
</kw>
<kw name="Log" owner="BuiltIn">
<msg time="2024-06-13T09:16:53.725939" level="INFO">{'large': 'https://randomuser.me/api/portraits/men/18.jpg', 'medium': 'https://randomuser.me/api/portraits/med/men/18.jpg', 'thumbnail': 'https://randomuser.me/api/portraits/thumb/men/18.jpg'}</msg>
<arg>${json_data['results'][0]['picture']}</arg>
<doc>Logs the given message with the given level.</doc>
<status status="PASS" start="2024-06-13T09:16:53.725611" elapsed="0.000371"/>
</kw>
<status status="PASS" start="2024-06-13T09:16:53.580098" elapsed="0.146144"/>
</kw>
<kw name="Teste de Tipos de Dados - Postcode" owner="random-user-service">
<kw name="GET On Session" owner="RequestsLibrary">
<msg time="2024-06-13T09:16:53.788343" level="INFO">GET Request : url=https://randomuser.me/api 
 path_url=/api 
 headers={'User-Agent': 'python-requests/2.32.3', 'Accept-Encoding': 'gzip, deflate', 'Accept': '*/*', 'Connection': 'keep-alive'} 
 body=None 
 </msg>
<msg time="2024-06-13T09:16:53.788424" level="INFO">GET Response : url=https://randomuser.me/api 
 status=200, reason=OK 
 headers={'Date': 'Thu, 13 Jun 2024 09:16:53 GMT', 'Content-Type': 'application/json; charset=utf-8', 'Transfer-Encoding': 'chunked', 'Connection': 'keep-alive', 'X-Powered-By': 'Express', 'Access-Control-Allow-Origin': '*', 'Cache-Control': 'no-cache', 'ETag': 'W/"476-qnwnPCWHu8ra6z2JnfQp0t7c/A4"', 'Vary': 'Accept-Encoding', 'Content-Encoding': 'gzip', 'CF-Cache-Status': 'DYNAMIC', 'Report-To': '{"endpoints":[{"url":"https:\\/\\/a.nel.cloudflare.com\\/report\\/v4?s=QI0ZTq%2F%2BVM%2F0HJuVKHk3fNFhjOYiUgUpdO0tCHcyB2PU7CK9%2FK7kAxQwOTnA28siPrVMyiv7j9mMUo9UsKTNwRVUC4pZ6CqXfyteuHiBMtr8KwgnyTypTIVmPeT7qm2%2B"}],"group":"cf-nel","max_age":604800}', 'NEL': '{"success_fraction":0,"report_to":"cf-nel","max_age":604800}', 'Server': 'cloudflare', 'CF-RAY': '8930fc03c8b5291c-ORD', 'alt-svc': 'h3=":443"; ma=86400'} 
 body={"results":[{"gender":"male","name":{"title":"Mr","first":"Emrik","last":"Hegdal"},"location":{"street":{"number":1787,"name":"Sommerrogata"},"city":"Skodje","state":"Aust-Agder","country":"Norway","postcode":"5141","coordinates":{"latitude":"40.8039","longitude":"-53.3561"},"timezone":{"offset":"-8:00","description":"Pacific Time (US &amp; Canada)"}},"email":"emrik.hegdal@example.com","login":{"uuid":"4422cb04-61b9-495e-9170-339b225eadc1","username":"heavybear321","password":"banane","salt":"yhRJLw3u","md5":"267ba84af478c81af6594e42c58b2596","sha1":"1a84ad52c3e4af041ca8cd52022d27544ea052d1","sha256":"47a75950db2e19a024daf96fd187c7e881617d64ae52ba093d428dc0c3b20101"},"dob":{"date":"1958-10-14T02:24:11.439Z","age":65},"registered":{"date":"2013-11-24T18:27:01.117Z","age":10},"phone":"21396871","cell":"42709308","id":{"name":"FN","value":"14105840943"},"picture":{"large":"https://randomuser.me/api/portraits/men/74.jpg","medium":"https://randomuser.me/api/portraits/med/men/74.jpg","thumbnail":"https://randomuser.me/api/portraits/thumb/men/74.jpg"},"nat":"NO"}],"info":{"seed":"e58d72e0ea01a13d","results":1,"page":1,"version":"1.4"}} 
 </msg>
<msg time="2024-06-13T09:16:53.788513" level="INFO">/opt/hostedtoolcache/Python/3.12.3/x64/lib/python3.12/site-packages/urllib3/connectionpool.py:1103: InsecureRequestWarning: Unverified HTTPS request is being made to host 'randomuser.me'. Adding certificate verification is strongly advised. See: https://urllib3.readthedocs.io/en/latest/advanced-usage.html#tls-warnings
  warnings.warn(</msg>
<msg time="2024-06-13T09:16:53.788666" level="INFO">${response} = &lt;Response [200]&gt;</msg>
<var>${response}</var>
<arg>consultarAPI</arg>
<arg>/api</arg>
<doc>Sends a GET request on a previously created HTTP Session.</doc>
<status status="PASS" start="2024-06-13T09:16:53.726846" elapsed="0.061869"/>
</kw>
<kw name="Set Variable" owner="BuiltIn">
<msg time="2024-06-13T09:16:53.789775" level="INFO">${json_data} = {'results': [{'gender': 'male', 'name': {'title': 'Mr', 'first': 'Emrik', 'last': 'Hegdal'}, 'location': {'street': {'number': 1787, 'name': 'Sommerrogata'}, 'city': 'Skodje', 'state': 'Aust-Agder', '...</msg>
<var>${json_data}</var>
<arg>${response.json()}</arg>
<doc>Returns the given values which can then be assigned to a variables.</doc>
<status status="PASS" start="2024-06-13T09:16:53.789201" elapsed="0.000603"/>
</kw>
<kw name="Log" owner="BuiltIn">
<msg time="2024-06-13T09:16:53.790266" level="INFO">{'results': [{'gender': 'male', 'name': {'title': 'Mr', 'first': 'Emrik', 'last': 'Hegdal'}, 'location': {'street': {'number': 1787, 'name': 'Sommerrogata'}, 'city': 'Skodje', 'state': 'Aust-Agder', 'country': 'Norway', 'postcode': '5141', 'coordinates': {'latitude': '40.8039', 'longitude': '-53.3561'}, 'timezone': {'offset': '-8:00', 'description': 'Pacific Time (US &amp; Canada)'}}, 'email': 'emrik.hegdal@example.com', 'login': {'uuid': '4422cb04-61b9-495e-9170-339b225eadc1', 'username': 'heavybear321', 'password': 'banane', 'salt': 'yhRJLw3u', 'md5': '267ba84af478c81af6594e42c58b2596', 'sha1': '1a84ad52c3e4af041ca8cd52022d27544ea052d1', 'sha256': '47a75950db2e19a024daf96fd187c7e881617d64ae52ba093d428dc0c3b20101'}, 'dob': {'date': '1958-10-14T02:24:11.439Z', 'age': 65}, 'registered': {'date': '2013-11-24T18:27:01.117Z', 'age': 10}, 'phone': '21396871', 'cell': '42709308', 'id': {'name': 'FN', 'value': '14105840943'}, 'picture': {'large': 'https://randomuser.me/api/portraits/men/74.jpg', 'medium': 'https://randomuser.me/api/portraits/med/men/74.jpg', 'thumbnail': 'https://randomuser.me/api/portraits/thumb/men/74.jpg'}, 'nat': 'NO'}], 'info': {'seed': 'e58d72e0ea01a13d', 'results': 1, 'page': 1, 'version': '1.4'}}</msg>
<arg>${json_data}</arg>
<doc>Logs the given message with the given level.</doc>
<status status="PASS" start="2024-06-13T09:16:53.790113" elapsed="0.000202"/>
</kw>
<kw name="Should Be Equal As Numbers" owner="BuiltIn">
<arg>${json_data['results'][0]['location']['postcode']}</arg>
<arg>${json_data['results'][0]['location']['postcode']}</arg>
<doc>Fails if objects are unequal after converting them to real numbers.</doc>
<status status="PASS" start="2024-06-13T09:16:53.790617" elapsed="0.000625"/>
</kw>
<kw name="Log" owner="BuiltIn">
<msg time="2024-06-13T09:16:53.791769" level="INFO">5141</msg>
<arg>${json_data['results'][0]['location']['postcode']}</arg>
<doc>Logs the given message with the given level.</doc>
<status status="PASS" start="2024-06-13T09:16:53.791436" elapsed="0.000373"/>
</kw>
<status status="PASS" start="2024-06-13T09:16:53.726559" elapsed="0.065533"/>
</kw>
<doc>Testa se os tipos de dados na resposta da API estão corretos.</doc>
<tag>testeTiposDados</tag>
<status status="PASS" start="2024-06-13T09:16:53.579543" elapsed="0.212721"/>
</test>
<test id="s1-s1-t5" name="Validar conteudo" line="35">
<kw name="Teste de Tipos de Conteudo" owner="random-user-service">
<kw name="GET On Session" owner="RequestsLibrary">
<msg time="2024-06-13T09:16:53.867417" level="INFO">GET Request : url=https://randomuser.me/api 
 path_url=/api 
 headers={'User-Agent': 'python-requests/2.32.3', 'Accept-Encoding': 'gzip, deflate', 'Accept': '*/*', 'Connection': 'keep-alive'} 
 body=None 
 </msg>
<msg time="2024-06-13T09:16:53.867509" level="INFO">GET Response : url=https://randomuser.me/api 
 status=200, reason=OK 
 headers={'Date': 'Thu, 13 Jun 2024 09:16:53 GMT', 'Content-Type': 'application/json; charset=utf-8', 'Transfer-Encoding': 'chunked', 'Connection': 'keep-alive', 'X-Powered-By': 'Express', 'Access-Control-Allow-Origin': '*', 'Cache-Control': 'no-cache', 'ETag': 'W/"489-v28GlMECkE7ZnB6FbWX1v+mWypQ"', 'Vary': 'Accept-Encoding', 'Content-Encoding': 'gzip', 'CF-Cache-Status': 'DYNAMIC', 'Report-To': '{"endpoints":[{"url":"https:\\/\\/a.nel.cloudflare.com\\/report\\/v4?s=66nBYUfkWBP94ZDgaNtcNvpX7G0K3PnToIeFchIMG1%2FwfxTRInzYNbFmyB%2Bjpf8jif8vv0OBJBh9g0TnjEeT2gKdB9nBpfJ6AjK88JO%2FwlxuFOWv0o31sf4ISp8XSOQM"}],"group":"cf-nel","max_age":604800}', 'NEL': '{"success_fraction":0,"report_to":"cf-nel","max_age":604800}', 'Server': 'cloudflare', 'CF-RAY': '8930fc0438f0291c-ORD', 'alt-svc': 'h3=":443"; ma=86400'} 
 body={"results":[{"gender":"male","name":{"title":"Mr","first":"Claus-Dieter","last":"Leis"},"location":{"street":{"number":9676,"name":"Kirchstraße"},"city":"Hohenstein-Ernstthal","state":"Thüringen","country":"Germany","postcode":63556,"coordinates":{"latitude":"-54.5624","longitude":"-97.4825"},"timezone":{"offset":"-10:00","description":"Hawaii"}},"email":"claus-dieter.leis@example.com","login":{"uuid":"281f86f9-1172-412a-8425-545924ef7db9","username":"blackfrog425","password":"dodge","salt":"geEkeiPr","md5":"a0d3173685b7c913ae12825b7b0b7753","sha1":"52eac82291bb07002a20ef588571915cd59d12c2","sha256":"50d64389f02a8edeb9a64ce917a017352030197beb6fc7af4ed06b2f243e13dd"},"dob":{"date":"1959-11-09T09:05:41.706Z","age":64},"registered":{"date":"2009-08-26T02:18:23.342Z","age":14},"phone":"0128-9487686","cell":"0170-7468610","id":{"name":"SVNR","value":"18 091159 L 308"},"picture":{"large":"https://randomuser.me/api/portraits/men/61.jpg","medium":"https://randomuser.me/api/portraits/med/men/61.jpg","thumbnail":"https://randomuser.me/api/portraits/thumb/men/61.jpg"},"nat":"DE"}],"info":{"seed":"e54b61f0d1fa6eeb","results":1,"page":1,"version":"1.4"}} 
 </msg>
<msg time="2024-06-13T09:16:53.867586" level="INFO">/opt/hostedtoolcache/Python/3.12.3/x64/lib/python3.12/site-packages/urllib3/connectionpool.py:1103: InsecureRequestWarning: Unverified HTTPS request is being made to host 'randomuser.me'. Adding certificate verification is strongly advised. See: https://urllib3.readthedocs.io/en/latest/advanced-usage.html#tls-warnings
  warnings.warn(</msg>
<msg time="2024-06-13T09:16:53.867708" level="INFO">${response} = &lt;Response [200]&gt;</msg>
<var>${response}</var>
<arg>consultarAPI</arg>
<arg>/api</arg>
<doc>Sends a GET request on a previously created HTTP Session.</doc>
<status status="PASS" start="2024-06-13T09:16:53.794852" elapsed="0.072904"/>
</kw>
<kw name="Set Variable" owner="BuiltIn">
<msg time="2024-06-13T09:16:53.868925" level="INFO">${json_data} = {'results': [{'gender': 'male', 'name': {'title': 'Mr', 'first': 'Claus-Dieter', 'last': 'Leis'}, 'location': {'street': {'number': 9676, 'name': 'Kirchstraße'}, 'city': 'Hohenstein-Ernstthal', 'state...</msg>
<var>${json_data}</var>
<arg>${response.json()}</arg>
<doc>Returns the given values which can then be assigned to a variables.</doc>
<status status="PASS" start="2024-06-13T09:16:53.868331" elapsed="0.000625"/>
</kw>
<kw name="Set Variable" owner="BuiltIn">
<msg time="2024-06-13T09:16:53.869641" level="INFO">${name_title} = Mr</msg>
<var>${name_title}</var>
<arg>${json_data["results"][0]["name"]["title"]}</arg>
<doc>Returns the given values which can then be assigned to a variables.</doc>
<status status="PASS" start="2024-06-13T09:16:53.869263" elapsed="0.000403"/>
</kw>
<kw name="Create List" owner="BuiltIn">
<msg time="2024-06-13T09:16:53.870118" level="INFO">${allowed_titles} = ['Mr', 'Ms', 'Miss', 'Mrs', 'Madame', 'Monsieur']</msg>
<var>${allowed_titles}</var>
<arg>Mr</arg>
<arg>Ms</arg>
<arg>Miss</arg>
<arg>Mrs</arg>
<arg>Madame</arg>
<arg>Monsieur</arg>
<doc>Returns a list containing given items.</doc>
<status status="PASS" start="2024-06-13T09:16:53.869972" elapsed="0.000170"/>
</kw>
<kw name="List Should Contain Value" owner="Collections">
<arg>${allowed_titles}</arg>
<arg>${name_title}</arg>
<doc>Fails if the ``value`` is not found from ``list``.</doc>
<status status="PASS" start="2024-06-13T09:16:53.870438" elapsed="0.000176"/>
</kw>
<kw name="Set Variable" owner="BuiltIn">
<msg time="2024-06-13T09:16:53.871158" level="INFO">${name_country} = DE</msg>
<var>${name_country}</var>
<arg>${json_data["results"][0]["nat"]}</arg>
<doc>Returns the given values which can then be assigned to a variables.</doc>
<status status="PASS" start="2024-06-13T09:16:53.870791" elapsed="0.000392"/>
</kw>
<kw name="Create List" owner="BuiltIn">
<msg time="2024-06-13T09:16:53.872082" level="INFO">${list_country} = ['AD', 'AE', 'AF', 'AG', 'AI', 'AL', 'AM', 'AO', 'AQ', 'AR', 'AS', 'AT', 'AU', 'AW', 'AX', 'AZ', 'BA', 'BB', 'BD', 'BE', 'BF', 'BG', 'BH', 'BI', 'BJ', 'BL', 'BM', 'BN', 'BO', 'BQ', 'BR', 'BS', 'BT', '...</msg>
<var>${list_country}</var>
<arg>AD</arg>
<arg>AE</arg>
<arg>AF</arg>
<arg>AG</arg>
<arg>AI</arg>
<arg>AL</arg>
<arg>AM</arg>
<arg>AO</arg>
<arg>AQ</arg>
<arg>AR</arg>
<arg>AS</arg>
<arg>AT</arg>
<arg>AU</arg>
<arg>AW</arg>
<arg>AX</arg>
<arg>AZ</arg>
<arg>BA</arg>
<arg>BB</arg>
<arg>BD</arg>
<arg>BE</arg>
<arg>BF</arg>
<arg>BG</arg>
<arg>BH</arg>
<arg>BI</arg>
<arg>BJ</arg>
<arg>BL</arg>
<arg>BM</arg>
<arg>BN</arg>
<arg>BO</arg>
<arg>BQ</arg>
<arg>BR</arg>
<arg>BS</arg>
<arg>BT</arg>
<arg>BV</arg>
<arg>BW</arg>
<arg>BY</arg>
<arg>BZ</arg>
<arg>CA</arg>
<arg>CC</arg>
<arg>CD</arg>
<arg>CF</arg>
<arg>CG</arg>
<arg>CH</arg>
<arg>CI</arg>
<arg>CK</arg>
<arg>CL</arg>
<arg>CM</arg>
<arg>CN</arg>
<arg>CO</arg>
<arg>CR</arg>
<arg>CU</arg>
<arg>CV</arg>
<arg>CW</arg>
<arg>CX</arg>
<arg>CY</arg>
<arg>CZ</arg>
<arg>DE</arg>
<arg>DJ</arg>
<arg>DK</arg>
<arg>DM</arg>
<arg>DO</arg>
<arg>DZ</arg>
<arg>EC</arg>
<arg>EE</arg>
<arg>EG</arg>
<arg>EH</arg>
<arg>ER</arg>
<arg>ES</arg>
<arg>ET</arg>
<arg>FI</arg>
<arg>FJ</arg>
<arg>FK</arg>
<arg>FM</arg>
<arg>FO</arg>
<arg>FR</arg>
<arg>GA</arg>
<arg>GB</arg>
<arg>GD</arg>
<arg>GE</arg>
<arg>GF</arg>
<arg>GG</arg>
<arg>GH</arg>
<arg>GI</arg>
<arg>GL</arg>
<arg>GM</arg>
<arg>GN</arg>
<arg>GP</arg>
<arg>GQ</arg>
<arg>GR</arg>
<arg>GS</arg>
<arg>GT</arg>
<arg>GU</arg>
<arg>GW</arg>
<arg>GY</arg>
<arg>HK</arg>
<arg>HM</arg>
<arg>HN</arg>
<arg>HR</arg>
<arg>HT</arg>
<arg>HU</arg>
<arg>ID</arg>
<arg>IE</arg>
<arg>IL</arg>
<arg>IM</arg>
<arg>IN</arg>
<arg>IO</arg>
<arg>IQ</arg>
<arg>IR</arg>
<arg>IS</arg>
<arg>IT</arg>
<arg>JE</arg>
<arg>JM</arg>
<arg>JO</arg>
<arg>JP</arg>
<arg>KE</arg>
<arg>KG</arg>
<arg>KH</arg>
<arg>KI</arg>
<arg>KM</arg>
<arg>KN</arg>
<arg>KP</arg>
<arg>KR</arg>
<arg>KW</arg>
<arg>KY</arg>
<arg>KZ</arg>
<arg>LA</arg>
<arg>LB</arg>
<arg>LC</arg>
<arg>LI</arg>
<arg>LK</arg>
<arg>LR</arg>
<arg>LS</arg>
<arg>LT</arg>
<arg>LU</arg>
<arg>LV</arg>
<arg>LY</arg>
<arg>MA</arg>
<arg>MC</arg>
<arg>MD</arg>
<arg>ME</arg>
<arg>MF</arg>
<arg>MG</arg>
<arg>MH</arg>
<arg>MK</arg>
<arg>ML</arg>
<arg>MM</arg>
<arg>MN</arg>
<arg>MO</arg>
<arg>MP</arg>
<arg>MQ</arg>
<arg>MR</arg>
<arg>MS</arg>
<arg>MT</arg>
<arg>MU</arg>
<arg>MV</arg>
<arg>MW</arg>
<arg>MX</arg>
<arg>MY</arg>
<arg>MZ</arg>
<arg>NA</arg>
<arg>NC</arg>
<arg>NE</arg>
<arg>NF</arg>
<arg>NG</arg>
<arg>NI</arg>
<arg>NL</arg>
<arg>NO</arg>
<arg>NP</arg>
<arg>NR</arg>
<arg>NU</arg>
<arg>NZ</arg>
<arg>OM</arg>
<arg>PA</arg>
<arg>PE</arg>
<arg>PF</arg>
<arg>PG</arg>
<arg>PH</arg>
<arg>PK</arg>
<arg>PL</arg>
<arg>PM</arg>
<arg>PN</arg>
<arg>PR</arg>
<arg>PS</arg>
<arg>PT</arg>
<arg>PW</arg>
<arg>PY</arg>
<arg>QA</arg>
<arg>RE</arg>
<arg>RO</arg>
<arg>RS</arg>
<arg>RU</arg>
<arg>RW</arg>
<arg>SA</arg>
<arg>SB</arg>
<arg>SC</arg>
<arg>SD</arg>
<arg>SE</arg>
<arg>SG</arg>
<arg>SH</arg>
<arg>SI</arg>
<arg>SJ</arg>
<arg>SK</arg>
<arg>SL</arg>
<arg>SM</arg>
<arg>SN</arg>
<arg>SO</arg>
<arg>SR</arg>
<arg>SS</arg>
<arg>ST</arg>
<arg>SV</arg>
<arg>SX</arg>
<arg>SY</arg>
<arg>SZ</arg>
<arg>TC</arg>
<arg>TD</arg>
<arg>TF</arg>
<arg>TG</arg>
<arg>TH</arg>
<arg>TJ</arg>
<arg>TK</arg>
<arg>TL</arg>
<arg>TM</arg>
<arg>TN</arg>
<arg>TO</arg>
<arg>TR</arg>
<arg>TT</arg>
<arg>TV</arg>
<arg>TW</arg>
<arg>TZ</arg>
<arg>UA</arg>
<arg>UG</arg>
<arg>UM</arg>
<arg>US</arg>
<arg>UY</arg>
<arg>UZ</arg>
<arg>VA</arg>
<arg>VC</arg>
<arg>VE</arg>
<arg>VG</arg>
<arg>VI</arg>
<arg>VN</arg>
<arg>VU</arg>
<arg>WF</arg>
<arg>WS</arg>
<arg>XK</arg>
<arg>YE</arg>
<arg>YT</arg>
<arg>ZA</arg>
<arg>ZM</arg>
<arg>ZW</arg>
<doc>Returns a list containing given items.</doc>
<status status="PASS" start="2024-06-13T09:16:53.871488" elapsed="0.000619"/>
</kw>
<kw name="List Should Contain Value" owner="Collections">
<arg>${list_country}</arg>
<arg>${name_country}</arg>
<doc>Fails if the ``value`` is not found from ``list``.</doc>
<status status="PASS" start="2024-06-13T09:16:53.872930" elapsed="0.000207"/>
</kw>
<kw name="Run Keyword If" owner="BuiltIn">
<kw name="Should Be True" owner="BuiltIn">
<arg>${True}</arg>
<doc>Fails if the given condition is not true.</doc>
<status status="PASS" start="2024-06-13T09:16:53.874195" elapsed="0.000140"/>
</kw>
<arg>${json_data["results"][0]["location"]["coordinates"]["latitude"]} &gt;= -90 and ${json_data["results"][0]["location"]["coordinates"]["latitude"]} &lt;= 90</arg>
<arg>Should Be True</arg>
<arg>${True}</arg>
<doc>Runs the given keyword with the given arguments, if ``condition`` is true.</doc>
<status status="PASS" start="2024-06-13T09:16:53.873335" elapsed="0.001123"/>
</kw>
<kw name="Run Keyword If" owner="BuiltIn">
<kw name="Should Be True" owner="BuiltIn">
<arg>${True}</arg>
<doc>Fails if the given condition is not true.</doc>
<status status="PASS" start="2024-06-13T09:16:53.875315" elapsed="0.000133"/>
</kw>
<arg>${json_data["results"][0]["location"]["coordinates"]["longitude"]} &gt;= -180 and ${json_data["results"][0]["location"]["coordinates"]["longitude"]} &lt;= 180</arg>
<arg>Should Be True</arg>
<arg>${True}</arg>
<doc>Runs the given keyword with the given arguments, if ``condition`` is true.</doc>
<status status="PASS" start="2024-06-13T09:16:53.874640" elapsed="0.000930"/>
</kw>
<status status="PASS" start="2024-06-13T09:16:53.794627" elapsed="0.081073"/>
</kw>
<doc>Testa o conteúdo específico dos campos retornados pela API.</doc>
<tag>testeConteudo</tag>
<status status="PASS" start="2024-06-13T09:16:53.794086" elapsed="0.081760"/>
</test>
<status status="PASS" start="2024-06-13T09:16:53.013641" elapsed="0.864212"/>
</suite>
<status status="PASS" start="2024-06-13T09:16:53.000299" elapsed="0.882672"/>
</suite>
<statistics>
<total>
<stat pass="5" fail="0" skip="0">All Tests</stat>
</total>
<tag>
<stat pass="1" fail="0" skip="0">testeConteudo</stat>
<stat pass="1" fail="0" skip="0">testeEstruturaResposta</stat>
<stat pass="1" fail="0" skip="0">testeRequisicaoBasica</stat>
<stat pass="1" fail="0" skip="0">testeTiposDados</stat>
</tag>
<suite>
<stat pass="5" fail="0" skip="0" id="s1" name="Tests">Tests</stat>
<stat pass="5" fail="0" skip="0" id="s1-s1" name="Random-User-Test">Tests.Random-User-Test</stat>
</suite>
</statistics>
<errors>
</errors>
</robot>
