<?xml version="1.0" encoding="UTF-8"?>
<robot generator="Robot 7.0.1 (Python 3.12.4 on linux)" generated="2024-07-25T08:19:34.565393" rpa="false" schemaversion="5">
<suite id="s1" name="Tests" source="/home/runner/work/ApiRandomUser/ApiRandomUser/RamdonUser/tests">
<suite id="s1-s1" name="Random-User-Test" source="/home/runner/work/ApiRandomUser/ApiRandomUser/RamdonUser/tests/random-user-test.robot">
<test id="s1-s1-t1" name="Conectar" line="13">
<kw name="Conectar API" owner="random-user-service">
<kw name="Create Session" owner="RequestsLibrary">
<msg time="2024-07-25T08:19:34.959671" level="INFO">Creating Session using : alias=consultarAPI, url=https://randomuser.me/, headers={},                     cookies={}, auth=None, timeout=None, proxies=None, verify=False,                     debug=0 </msg>
<arg>consultarAPI</arg>
<arg>${URL}</arg>
<doc>Create Session: create a HTTP session to a server</doc>
<status status="PASS" start="2024-07-25T08:19:34.959471" elapsed="0.000369"/>
</kw>
<status status="PASS" start="2024-07-25T08:19:34.958476" elapsed="0.001734"/>
</kw>
<status status="PASS" start="2024-07-25T08:19:34.957971" elapsed="0.002431"/>
</test>
<test id="s1-s1-t2" name="Validar retorno 200 e JSON Válido" line="16">
<kw name="Teste de Requisicao Basica" owner="random-user-service">
<kw name="GET On Session" owner="RequestsLibrary">
<msg time="2024-07-25T08:19:35.243873" level="INFO">GET Request : url=https://randomuser.me/api 
 path_url=/api 
 headers={'User-Agent': 'python-requests/2.32.3', 'Accept-Encoding': 'gzip, deflate', 'Accept': '*/*', 'Connection': 'keep-alive'} 
 body=None 
 </msg>
<msg time="2024-07-25T08:19:35.244047" level="INFO">GET Response : url=https://randomuser.me/api 
 status=200, reason=OK 
 headers={'Date': 'Thu, 25 Jul 2024 08:19:35 GMT', 'Content-Type': 'application/json; charset=utf-8', 'Transfer-Encoding': 'chunked', 'Connection': 'keep-alive', 'X-Powered-By': 'Express', 'Access-Control-Allow-Origin': '*', 'Cache-Control': 'no-cache', 'ETag': 'W/"4ac-scpxfpaUmBXtkAKXUSWWlJwTapQ"', 'Vary': 'Accept-Encoding', 'Content-Encoding': 'gzip', 'CF-Cache-Status': 'DYNAMIC', 'Report-To': '{"endpoints":[{"url":"https:\\/\\/a.nel.cloudflare.com\\/report\\/v4?s=GnAWlcl4SX%2FaXe02wzroYwHutECVHYP0raMWSWap0cqYle8NvIHYQHCL9HB%2B2KeXafLH5EUnpuu3Q%2By5Rdfr%2FtN5XlxBOZzNs8xM77FWrxrZplj%2FFWU6x%2Fnp2kw%2B9qNT"}],"group":"cf-nel","max_age":604800}', 'NEL': '{"success_fraction":0,"report_to":"cf-nel","max_age":604800}', 'Server': 'cloudflare', 'CF-RAY': '8a8ab9d0be2f08d5-LAX', 'alt-svc': 'h3=":443"; ma=86400'} 
 body={"results":[{"gender":"female","name":{"title":"Mrs","first":"Natalia","last":"Benavides"},"location":{"street":{"number":5351,"name":"Continuación Mares"},"city":"Uruetaro","state":"Durango","country":"Mexico","postcode":98367,"coordinates":{"latitude":"29.5763","longitude":"101.3807"},"timezone":{"offset":"+3:00","description":"Baghdad, Riyadh, Moscow, St. Petersburg"}},"email":"natalia.benavides@example.com","login":{"uuid":"b1a887e4-fec6-465a-8b32-da989b98c763","username":"blueswan690","password":"chipper","salt":"6WyxvNbS","md5":"ab11c3a6f6f1da0e44ed3c221e8fc240","sha1":"639db8d615aa94e9c1573ebd0ae7dfb84816413f","sha256":"1780188284f22bbb95ee6f3cf64213c3fc7a37e8b4f1cb19c6fb76e99077af8e"},"dob":{"date":"1977-01-18T04:06:41.568Z","age":47},"registered":{"date":"2012-12-02T01:54:29.171Z","age":11},"phone":"(676) 584 3286","cell":"(626) 075 3090","id":{"name":"NSS","value":"92 21 99 5994 1"},"picture":{"large":"https://randomuser.me/api/portraits/women/56.jpg","medium":"https://randomuser.me/api/portraits/med/women/56.jpg","thumbnail":"https://randomuser.me/api/portraits/thumb/women/56.jpg"},"nat":"MX"}],"info":{"seed":"c8b50fa66d4c3599","results":1,"page":1,"version":"1.4"}} 
 </msg>
<msg time="2024-07-25T08:19:35.244131" level="INFO">/opt/hostedtoolcache/Python/3.12.4/x64/lib/python3.12/site-packages/urllib3/connectionpool.py:1099: InsecureRequestWarning: Unverified HTTPS request is being made to host 'randomuser.me'. Adding certificate verification is strongly advised. See: https://urllib3.readthedocs.io/en/latest/advanced-usage.html#tls-warnings
  warnings.warn(</msg>
<msg time="2024-07-25T08:19:35.244255" level="INFO">${response} = &lt;Response [200]&gt;</msg>
<var>${response}</var>
<arg>consultarAPI</arg>
<arg>/api</arg>
<doc>Sends a GET request on a previously created HTTP Session.</doc>
<status status="PASS" start="2024-07-25T08:19:34.962974" elapsed="0.281323"/>
</kw>
<kw name="Should Be Equal As Numbers" owner="BuiltIn">
<msg time="2024-07-25T08:19:35.245290" level="INFO">Argument types are:
&lt;class 'int'&gt;
&lt;class 'str'&gt;</msg>
<arg>${response.status_code}</arg>
<arg>200</arg>
<doc>Fails if objects are unequal after converting them to real numbers.</doc>
<status status="PASS" start="2024-07-25T08:19:35.244805" elapsed="0.000550"/>
</kw>
<kw name="Log" owner="BuiltIn">
<msg time="2024-07-25T08:19:35.246046" level="INFO">200</msg>
<arg>${response.status_code}</arg>
<doc>Logs the given message with the given level.</doc>
<status status="PASS" start="2024-07-25T08:19:35.245674" elapsed="0.000414"/>
</kw>
<kw name="Set Variable" owner="BuiltIn">
<msg time="2024-07-25T08:19:35.246836" level="INFO">${json_data} = {'results': [{'gender': 'female', 'name': {'title': 'Mrs', 'first': 'Natalia', 'last': 'Benavides'}, 'location': {'street': {'number': 5351, 'name': 'Continuación Mares'}, 'city': 'Uruetaro', 'state':...</msg>
<var>${json_data}</var>
<arg>${response.json()}</arg>
<doc>Returns the given values which can then be assigned to a variables.</doc>
<status status="PASS" start="2024-07-25T08:19:35.246397" elapsed="0.000469"/>
</kw>
<kw name="Dictionary Should Contain Key" owner="Collections">
<arg>${json_data}</arg>
<arg>results</arg>
<doc>Fails if ``key`` is not found from ``dictionary``.</doc>
<status status="PASS" start="2024-07-25T08:19:35.247171" elapsed="0.000332"/>
</kw>
<status status="PASS" start="2024-07-25T08:19:34.962727" elapsed="0.284932"/>
</kw>
<doc>Testa se a API responde corretamente e retorna um objeto JSON válido.</doc>
<tag>testeRequisicaoBasica</tag>
<status status="PASS" start="2024-07-25T08:19:34.962277" elapsed="0.285553"/>
</test>
<test id="s1-s1-t3" name="Validar estrutura de resposta" line="22">
<kw name="Teste de Estrutura de Resposta" owner="random-user-service">
<kw name="GET On Session" owner="RequestsLibrary">
<msg time="2024-07-25T08:19:35.349476" level="INFO">GET Request : url=https://randomuser.me/api 
 path_url=/api 
 headers={'User-Agent': 'python-requests/2.32.3', 'Accept-Encoding': 'gzip, deflate', 'Accept': '*/*', 'Connection': 'keep-alive'} 
 body=None 
 </msg>
<msg time="2024-07-25T08:19:35.349561" level="INFO">GET Response : url=https://randomuser.me/api 
 status=200, reason=OK 
 headers={'Date': 'Thu, 25 Jul 2024 08:19:35 GMT', 'Content-Type': 'application/json; charset=utf-8', 'Transfer-Encoding': 'chunked', 'Connection': 'keep-alive', 'X-Powered-By': 'Express', 'Access-Control-Allow-Origin': '*', 'Cache-Control': 'no-cache', 'ETag': 'W/"48e-cikDthSQXNAlcSu3E6fXGvumEYE"', 'Vary': 'Accept-Encoding', 'Content-Encoding': 'gzip', 'CF-Cache-Status': 'DYNAMIC', 'Report-To': '{"endpoints":[{"url":"https:\\/\\/a.nel.cloudflare.com\\/report\\/v4?s=Jcu6Hw81itfIPzhJJlqBszDGiDU1p%2FwNHcVvLsOC2LEtZl%2Baq8mRHZ9G9%2FC0fhCHYULT%2BYr%2FLgkXMhtF5WD3MVZijspMawJzUtDI7ugA0ORe%2BJT1OTdBXecWR9Gy4TOt"}],"group":"cf-nel","max_age":604800}', 'NEL': '{"success_fraction":0,"report_to":"cf-nel","max_age":604800}', 'Server': 'cloudflare', 'CF-RAY': '8a8ab9d15ef708d5-LAX', 'alt-svc': 'h3=":443"; ma=86400'} 
 body={"results":[{"gender":"female","name":{"title":"Ms","first":"Silje","last":"Petersen"},"location":{"street":{"number":1589,"name":"Gammel Århusvej"},"city":"Sønder Stenderup","state":"Danmark","country":"Denmark","postcode":25745,"coordinates":{"latitude":"-45.9070","longitude":"5.7924"},"timezone":{"offset":"-1:00","description":"Azores, Cape Verde Islands"}},"email":"silje.petersen@example.com","login":{"uuid":"dcf623d1-2610-459d-bf86-883fcc5eef5a","username":"happyleopard594","password":"list","salt":"ygbvJZT8","md5":"af643150639236d392010e6289f7e610","sha1":"289668afe96e65cd1961a58952dfab1a49aec66f","sha256":"332bb64aa1a783851239a8b921eba555d0ec4648d266fd45cedac21f1c16746b"},"dob":{"date":"1958-10-13T04:08:08.477Z","age":65},"registered":{"date":"2021-12-04T18:44:58.859Z","age":2},"phone":"83999360","cell":"47812962","id":{"name":"CPR","value":"121058-8695"},"picture":{"large":"https://randomuser.me/api/portraits/women/75.jpg","medium":"https://randomuser.me/api/portraits/med/women/75.jpg","thumbnail":"https://randomuser.me/api/portraits/thumb/women/75.jpg"},"nat":"DK"}],"info":{"seed":"98fb7cb1df6be192","results":1,"page":1,"version":"1.4"}} 
 </msg>
<msg time="2024-07-25T08:19:35.349678" level="INFO">/opt/hostedtoolcache/Python/3.12.4/x64/lib/python3.12/site-packages/urllib3/connectionpool.py:1099: InsecureRequestWarning: Unverified HTTPS request is being made to host 'randomuser.me'. Adding certificate verification is strongly advised. See: https://urllib3.readthedocs.io/en/latest/advanced-usage.html#tls-warnings
  warnings.warn(</msg>
<msg time="2024-07-25T08:19:35.349786" level="INFO">${response} = &lt;Response [200]&gt;</msg>
<var>${response}</var>
<arg>consultarAPI</arg>
<arg>/api</arg>
<doc>Sends a GET request on a previously created HTTP Session.</doc>
<status status="PASS" start="2024-07-25T08:19:35.250442" elapsed="0.099376"/>
</kw>
<kw name="Set Variable" owner="BuiltIn">
<msg time="2024-07-25T08:19:35.350778" level="INFO">${json_data} = {'results': [{'gender': 'female', 'name': {'title': 'Ms', 'first': 'Silje', 'last': 'Petersen'}, 'location': {'street': {'number': 1589, 'name': 'Gammel Århusvej'}, 'city': 'Sønder Stenderup', 'state'...</msg>
<var>${json_data}</var>
<arg>${response.json()}</arg>
<doc>Returns the given values which can then be assigned to a variables.</doc>
<status status="PASS" start="2024-07-25T08:19:35.350288" elapsed="0.000519"/>
</kw>
<kw name="Log" owner="BuiltIn">
<msg time="2024-07-25T08:19:35.351280" level="INFO">{'results': [{'gender': 'female', 'name': {'title': 'Ms', 'first': 'Silje', 'last': 'Petersen'}, 'location': {'street': {'number': 1589, 'name': 'Gammel Århusvej'}, 'city': 'Sønder Stenderup', 'state': 'Danmark', 'country': 'Denmark', 'postcode': 25745, 'coordinates': {'latitude': '-45.9070', 'longitude': '5.7924'}, 'timezone': {'offset': '-1:00', 'description': 'Azores, Cape Verde Islands'}}, 'email': 'silje.petersen@example.com', 'login': {'uuid': 'dcf623d1-2610-459d-bf86-883fcc5eef5a', 'username': 'happyleopard594', 'password': 'list', 'salt': 'ygbvJZT8', 'md5': 'af643150639236d392010e6289f7e610', 'sha1': '289668afe96e65cd1961a58952dfab1a49aec66f', 'sha256': '332bb64aa1a783851239a8b921eba555d0ec4648d266fd45cedac21f1c16746b'}, 'dob': {'date': '1958-10-13T04:08:08.477Z', 'age': 65}, 'registered': {'date': '2021-12-04T18:44:58.859Z', 'age': 2}, 'phone': '83999360', 'cell': '47812962', 'id': {'name': 'CPR', 'value': '121058-8695'}, 'picture': {'large': 'https://randomuser.me/api/portraits/women/75.jpg', 'medium': 'https://randomuser.me/api/portraits/med/women/75.jpg', 'thumbnail': 'https://randomuser.me/api/portraits/thumb/women/75.jpg'}, 'nat': 'DK'}], 'info': {'seed': '98fb7cb1df6be192', 'results': 1, 'page': 1, 'version': '1.4'}}</msg>
<arg>${json_data}</arg>
<doc>Logs the given message with the given level.</doc>
<status status="PASS" start="2024-07-25T08:19:35.351112" elapsed="0.000218"/>
</kw>
<kw name="Dictionary Should Contain Key" owner="Collections">
<arg>${json_data}</arg>
<arg>results</arg>
<doc>Fails if ``key`` is not found from ``dictionary``.</doc>
<status status="PASS" start="2024-07-25T08:19:35.351618" elapsed="0.000164"/>
</kw>
<kw name="Should Not Be Empty" owner="BuiltIn">
<msg time="2024-07-25T08:19:35.352155" level="INFO">Length is 2.</msg>
<arg>${json_data}</arg>
<doc>Verifies that the given item is not empty.</doc>
<status status="PASS" start="2024-07-25T08:19:35.351997" elapsed="0.000196"/>
</kw>
<kw name="Create List" owner="BuiltIn">
<msg time="2024-07-25T08:19:35.352697" level="INFO">${expected_keys} = ['gender', 'name', 'location', 'email', 'login']</msg>
<var>${expected_keys}</var>
<arg>gender</arg>
<arg>name</arg>
<arg>location</arg>
<arg>email</arg>
<arg>login</arg>
<doc>Returns a list containing given items.</doc>
<status status="PASS" start="2024-07-25T08:19:35.352537" elapsed="0.000184"/>
</kw>
<for flavor="IN">
<iter>
<kw name="Dictionary Should Contain Key" owner="Collections">
<arg>${json_data['results'][0]}</arg>
<arg>${key}</arg>
<doc>Fails if ``key`` is not found from ``dictionary``.</doc>
<status status="PASS" start="2024-07-25T08:19:35.353318" elapsed="0.000402"/>
</kw>
<kw name="Log" owner="BuiltIn">
<msg time="2024-07-25T08:19:35.354269" level="INFO">{'gender': 'female', 'name': {'title': 'Ms', 'first': 'Silje', 'last': 'Petersen'}, 'location': {'street': {'number': 1589, 'name': 'Gammel Århusvej'}, 'city': 'Sønder Stenderup', 'state': 'Danmark', 'country': 'Denmark', 'postcode': 25745, 'coordinates': {'latitude': '-45.9070', 'longitude': '5.7924'}, 'timezone': {'offset': '-1:00', 'description': 'Azores, Cape Verde Islands'}}, 'email': 'silje.petersen@example.com', 'login': {'uuid': 'dcf623d1-2610-459d-bf86-883fcc5eef5a', 'username': 'happyleopard594', 'password': 'list', 'salt': 'ygbvJZT8', 'md5': 'af643150639236d392010e6289f7e610', 'sha1': '289668afe96e65cd1961a58952dfab1a49aec66f', 'sha256': '332bb64aa1a783851239a8b921eba555d0ec4648d266fd45cedac21f1c16746b'}, 'dob': {'date': '1958-10-13T04:08:08.477Z', 'age': 65}, 'registered': {'date': '2021-12-04T18:44:58.859Z', 'age': 2}, 'phone': '83999360', 'cell': '47812962', 'id': {'name': 'CPR', 'value': '121058-8695'}, 'picture': {'large': 'https://randomuser.me/api/portraits/women/75.jpg', 'medium': 'https://randomuser.me/api/portraits/med/women/75.jpg', 'thumbnail': 'https://randomuser.me/api/portraits/thumb/women/75.jpg'}, 'nat': 'DK'}</msg>
<arg>${json_data['results'][0]}</arg>
<doc>Logs the given message with the given level.</doc>
<status status="PASS" start="2024-07-25T08:19:35.353905" elapsed="0.000414"/>
</kw>
<kw name="Log" owner="BuiltIn">
<msg time="2024-07-25T08:19:35.354749" level="INFO">gender</msg>
<arg>${key}</arg>
<doc>Logs the given message with the given level.</doc>
<status status="PASS" start="2024-07-25T08:19:35.354619" elapsed="0.000167"/>
</kw>
<var name="${key}">gender</var>
<status status="PASS" start="2024-07-25T08:19:35.353191" elapsed="0.001812"/>
</iter>
<iter>
<kw name="Dictionary Should Contain Key" owner="Collections">
<arg>${json_data['results'][0]}</arg>
<arg>${key}</arg>
<doc>Fails if ``key`` is not found from ``dictionary``.</doc>
<status status="PASS" start="2024-07-25T08:19:35.355294" elapsed="0.000387"/>
</kw>
<kw name="Log" owner="BuiltIn">
<msg time="2024-07-25T08:19:35.356246" level="INFO">{'gender': 'female', 'name': {'title': 'Ms', 'first': 'Silje', 'last': 'Petersen'}, 'location': {'street': {'number': 1589, 'name': 'Gammel Århusvej'}, 'city': 'Sønder Stenderup', 'state': 'Danmark', 'country': 'Denmark', 'postcode': 25745, 'coordinates': {'latitude': '-45.9070', 'longitude': '5.7924'}, 'timezone': {'offset': '-1:00', 'description': 'Azores, Cape Verde Islands'}}, 'email': 'silje.petersen@example.com', 'login': {'uuid': 'dcf623d1-2610-459d-bf86-883fcc5eef5a', 'username': 'happyleopard594', 'password': 'list', 'salt': 'ygbvJZT8', 'md5': 'af643150639236d392010e6289f7e610', 'sha1': '289668afe96e65cd1961a58952dfab1a49aec66f', 'sha256': '332bb64aa1a783851239a8b921eba555d0ec4648d266fd45cedac21f1c16746b'}, 'dob': {'date': '1958-10-13T04:08:08.477Z', 'age': 65}, 'registered': {'date': '2021-12-04T18:44:58.859Z', 'age': 2}, 'phone': '83999360', 'cell': '47812962', 'id': {'name': 'CPR', 'value': '121058-8695'}, 'picture': {'large': 'https://randomuser.me/api/portraits/women/75.jpg', 'medium': 'https://randomuser.me/api/portraits/med/women/75.jpg', 'thumbnail': 'https://randomuser.me/api/portraits/thumb/women/75.jpg'}, 'nat': 'DK'}</msg>
<arg>${json_data['results'][0]}</arg>
<doc>Logs the given message with the given level.</doc>
<status status="PASS" start="2024-07-25T08:19:35.355860" elapsed="0.000468"/>
</kw>
<kw name="Log" owner="BuiltIn">
<msg time="2024-07-25T08:19:35.356762" level="INFO">name</msg>
<arg>${key}</arg>
<doc>Logs the given message with the given level.</doc>
<status status="PASS" start="2024-07-25T08:19:35.356635" elapsed="0.000165"/>
</kw>
<var name="${key}">name</var>
<status status="PASS" start="2024-07-25T08:19:35.355185" elapsed="0.001828"/>
</iter>
<iter>
<kw name="Dictionary Should Contain Key" owner="Collections">
<arg>${json_data['results'][0]}</arg>
<arg>${key}</arg>
<doc>Fails if ``key`` is not found from ``dictionary``.</doc>
<status status="PASS" start="2024-07-25T08:19:35.357292" elapsed="0.000376"/>
</kw>
<kw name="Log" owner="BuiltIn">
<msg time="2024-07-25T08:19:35.358208" level="INFO">{'gender': 'female', 'name': {'title': 'Ms', 'first': 'Silje', 'last': 'Petersen'}, 'location': {'street': {'number': 1589, 'name': 'Gammel Århusvej'}, 'city': 'Sønder Stenderup', 'state': 'Danmark', 'country': 'Denmark', 'postcode': 25745, 'coordinates': {'latitude': '-45.9070', 'longitude': '5.7924'}, 'timezone': {'offset': '-1:00', 'description': 'Azores, Cape Verde Islands'}}, 'email': 'silje.petersen@example.com', 'login': {'uuid': 'dcf623d1-2610-459d-bf86-883fcc5eef5a', 'username': 'happyleopard594', 'password': 'list', 'salt': 'ygbvJZT8', 'md5': 'af643150639236d392010e6289f7e610', 'sha1': '289668afe96e65cd1961a58952dfab1a49aec66f', 'sha256': '332bb64aa1a783851239a8b921eba555d0ec4648d266fd45cedac21f1c16746b'}, 'dob': {'date': '1958-10-13T04:08:08.477Z', 'age': 65}, 'registered': {'date': '2021-12-04T18:44:58.859Z', 'age': 2}, 'phone': '83999360', 'cell': '47812962', 'id': {'name': 'CPR', 'value': '121058-8695'}, 'picture': {'large': 'https://randomuser.me/api/portraits/women/75.jpg', 'medium': 'https://randomuser.me/api/portraits/med/women/75.jpg', 'thumbnail': 'https://randomuser.me/api/portraits/thumb/women/75.jpg'}, 'nat': 'DK'}</msg>
<arg>${json_data['results'][0]}</arg>
<doc>Logs the given message with the given level.</doc>
<status status="PASS" start="2024-07-25T08:19:35.357853" elapsed="0.000406"/>
</kw>
<kw name="Log" owner="BuiltIn">
<msg time="2024-07-25T08:19:35.358681" level="INFO">location</msg>
<arg>${key}</arg>
<doc>Logs the given message with the given level.</doc>
<status status="PASS" start="2024-07-25T08:19:35.358553" elapsed="0.000165"/>
</kw>
<var name="${key}">location</var>
<status status="PASS" start="2024-07-25T08:19:35.357187" elapsed="0.001748"/>
</iter>
<iter>
<kw name="Dictionary Should Contain Key" owner="Collections">
<arg>${json_data['results'][0]}</arg>
<arg>${key}</arg>
<doc>Fails if ``key`` is not found from ``dictionary``.</doc>
<status status="PASS" start="2024-07-25T08:19:35.359210" elapsed="0.000386"/>
</kw>
<kw name="Log" owner="BuiltIn">
<msg time="2024-07-25T08:19:35.360271" level="INFO">{'gender': 'female', 'name': {'title': 'Ms', 'first': 'Silje', 'last': 'Petersen'}, 'location': {'street': {'number': 1589, 'name': 'Gammel Århusvej'}, 'city': 'Sønder Stenderup', 'state': 'Danmark', 'country': 'Denmark', 'postcode': 25745, 'coordinates': {'latitude': '-45.9070', 'longitude': '5.7924'}, 'timezone': {'offset': '-1:00', 'description': 'Azores, Cape Verde Islands'}}, 'email': 'silje.petersen@example.com', 'login': {'uuid': 'dcf623d1-2610-459d-bf86-883fcc5eef5a', 'username': 'happyleopard594', 'password': 'list', 'salt': 'ygbvJZT8', 'md5': 'af643150639236d392010e6289f7e610', 'sha1': '289668afe96e65cd1961a58952dfab1a49aec66f', 'sha256': '332bb64aa1a783851239a8b921eba555d0ec4648d266fd45cedac21f1c16746b'}, 'dob': {'date': '1958-10-13T04:08:08.477Z', 'age': 65}, 'registered': {'date': '2021-12-04T18:44:58.859Z', 'age': 2}, 'phone': '83999360', 'cell': '47812962', 'id': {'name': 'CPR', 'value': '121058-8695'}, 'picture': {'large': 'https://randomuser.me/api/portraits/women/75.jpg', 'medium': 'https://randomuser.me/api/portraits/med/women/75.jpg', 'thumbnail': 'https://randomuser.me/api/portraits/thumb/women/75.jpg'}, 'nat': 'DK'}</msg>
<arg>${json_data['results'][0]}</arg>
<doc>Logs the given message with the given level.</doc>
<status status="PASS" start="2024-07-25T08:19:35.359894" elapsed="0.000426"/>
</kw>
<kw name="Log" owner="BuiltIn">
<msg time="2024-07-25T08:19:35.360751" level="INFO">email</msg>
<arg>${key}</arg>
<doc>Logs the given message with the given level.</doc>
<status status="PASS" start="2024-07-25T08:19:35.360622" elapsed="0.000165"/>
</kw>
<var name="${key}">email</var>
<status status="PASS" start="2024-07-25T08:19:35.359104" elapsed="0.001895"/>
</iter>
<iter>
<kw name="Dictionary Should Contain Key" owner="Collections">
<arg>${json_data['results'][0]}</arg>
<arg>${key}</arg>
<doc>Fails if ``key`` is not found from ``dictionary``.</doc>
<status status="PASS" start="2024-07-25T08:19:35.361277" elapsed="0.000373"/>
</kw>
<kw name="Log" owner="BuiltIn">
<msg time="2024-07-25T08:19:35.362177" level="INFO">{'gender': 'female', 'name': {'title': 'Ms', 'first': 'Silje', 'last': 'Petersen'}, 'location': {'street': {'number': 1589, 'name': 'Gammel Århusvej'}, 'city': 'Sønder Stenderup', 'state': 'Danmark', 'country': 'Denmark', 'postcode': 25745, 'coordinates': {'latitude': '-45.9070', 'longitude': '5.7924'}, 'timezone': {'offset': '-1:00', 'description': 'Azores, Cape Verde Islands'}}, 'email': 'silje.petersen@example.com', 'login': {'uuid': 'dcf623d1-2610-459d-bf86-883fcc5eef5a', 'username': 'happyleopard594', 'password': 'list', 'salt': 'ygbvJZT8', 'md5': 'af643150639236d392010e6289f7e610', 'sha1': '289668afe96e65cd1961a58952dfab1a49aec66f', 'sha256': '332bb64aa1a783851239a8b921eba555d0ec4648d266fd45cedac21f1c16746b'}, 'dob': {'date': '1958-10-13T04:08:08.477Z', 'age': 65}, 'registered': {'date': '2021-12-04T18:44:58.859Z', 'age': 2}, 'phone': '83999360', 'cell': '47812962', 'id': {'name': 'CPR', 'value': '121058-8695'}, 'picture': {'large': 'https://randomuser.me/api/portraits/women/75.jpg', 'medium': 'https://randomuser.me/api/portraits/med/women/75.jpg', 'thumbnail': 'https://randomuser.me/api/portraits/thumb/women/75.jpg'}, 'nat': 'DK'}</msg>
<arg>${json_data['results'][0]}</arg>
<doc>Logs the given message with the given level.</doc>
<status status="PASS" start="2024-07-25T08:19:35.361829" elapsed="0.000399"/>
</kw>
<kw name="Log" owner="BuiltIn">
<msg time="2024-07-25T08:19:35.362646" level="INFO">login</msg>
<arg>${key}</arg>
<doc>Logs the given message with the given level.</doc>
<status status="PASS" start="2024-07-25T08:19:35.362517" elapsed="0.000166"/>
</kw>
<var name="${key}">login</var>
<status status="PASS" start="2024-07-25T08:19:35.361170" elapsed="0.001732"/>
</iter>
<var>${key}</var>
<value>@{expected_keys}</value>
<status status="PASS" start="2024-07-25T08:19:35.352996" elapsed="0.010026"/>
</for>
<kw name="Create List" owner="BuiltIn">
<msg time="2024-07-25T08:19:35.363343" level="INFO">${expected_keysTwo} = ['username', 'password']</msg>
<var>${expected_keysTwo}</var>
<arg>username</arg>
<arg>password</arg>
<doc>Returns a list containing given items.</doc>
<status status="PASS" start="2024-07-25T08:19:35.363210" elapsed="0.000184"/>
</kw>
<for flavor="IN">
<iter>
<kw name="Dictionary Should Contain Key" owner="Collections">
<arg>${json_data['results'][0]['login']}</arg>
<arg>${keyTwo}</arg>
<doc>Fails if ``key`` is not found from ``dictionary``.</doc>
<status status="PASS" start="2024-07-25T08:19:35.363888" elapsed="0.000408"/>
</kw>
<kw name="Dictionary Should Contain Key" owner="Collections">
<arg>${json_data['results'][0]['login']}</arg>
<arg>${keyTwo}</arg>
<doc>Fails if ``key`` is not found from ``dictionary``.</doc>
<status status="PASS" start="2024-07-25T08:19:35.364479" elapsed="0.000388"/>
</kw>
<kw name="Log" owner="BuiltIn">
<msg time="2024-07-25T08:19:35.365160" level="INFO">username</msg>
<arg>${keyTwo}</arg>
<doc>Logs the given message with the given level.</doc>
<status status="PASS" start="2024-07-25T08:19:35.365041" elapsed="0.000156"/>
</kw>
<var name="${keyTwo}">username</var>
<status status="PASS" start="2024-07-25T08:19:35.363784" elapsed="0.001629"/>
</iter>
<iter>
<kw name="Dictionary Should Contain Key" owner="Collections">
<arg>${json_data['results'][0]['login']}</arg>
<arg>${keyTwo}</arg>
<doc>Fails if ``key`` is not found from ``dictionary``.</doc>
<status status="PASS" start="2024-07-25T08:19:35.365691" elapsed="0.000374"/>
</kw>
<kw name="Dictionary Should Contain Key" owner="Collections">
<arg>${json_data['results'][0]['login']}</arg>
<arg>${keyTwo}</arg>
<doc>Fails if ``key`` is not found from ``dictionary``.</doc>
<status status="PASS" start="2024-07-25T08:19:35.366238" elapsed="0.000369"/>
</kw>
<kw name="Log" owner="BuiltIn">
<msg time="2024-07-25T08:19:35.366901" level="INFO">password</msg>
<arg>${keyTwo}</arg>
<doc>Logs the given message with the given level.</doc>
<status status="PASS" start="2024-07-25T08:19:35.366778" elapsed="0.000160"/>
</kw>
<var name="${keyTwo}">password</var>
<status status="PASS" start="2024-07-25T08:19:35.365582" elapsed="0.001573"/>
</iter>
<var>${keyTwo}</var>
<value>@{expected_keysTwo}</value>
<status status="PASS" start="2024-07-25T08:19:35.363635" elapsed="0.003640"/>
</for>
<status status="PASS" start="2024-07-25T08:19:35.250210" elapsed="0.117204"/>
</kw>
<doc>Testa a estrutura da resposta da API.</doc>
<tag>testeEstruturaResposta</tag>
<status status="PASS" start="2024-07-25T08:19:35.249706" elapsed="0.117860"/>
</test>
<test id="s1-s1-t4" name="Validar tipos de dados" line="28">
<kw name="Teste de Tipos de Dados" owner="random-user-service">
<kw name="GET On Session" owner="RequestsLibrary">
<msg time="2024-07-25T08:19:35.475092" level="INFO">GET Request : url=https://randomuser.me/api 
 path_url=/api 
 headers={'User-Agent': 'python-requests/2.32.3', 'Accept-Encoding': 'gzip, deflate', 'Accept': '*/*', 'Connection': 'keep-alive'} 
 body=None 
 </msg>
<msg time="2024-07-25T08:19:35.475173" level="INFO">GET Response : url=https://randomuser.me/api 
 status=200, reason=OK 
 headers={'Date': 'Thu, 25 Jul 2024 08:19:35 GMT', 'Content-Type': 'application/json; charset=utf-8', 'Transfer-Encoding': 'chunked', 'Connection': 'keep-alive', 'X-Powered-By': 'Express', 'Access-Control-Allow-Origin': '*', 'Cache-Control': 'no-cache', 'ETag': 'W/"495-DOJFmVhJqJEGldVivhFOzGam3tg"', 'Vary': 'Accept-Encoding', 'Content-Encoding': 'gzip', 'CF-Cache-Status': 'DYNAMIC', 'Report-To': '{"endpoints":[{"url":"https:\\/\\/a.nel.cloudflare.com\\/report\\/v4?s=jL1%2B1WB8ESmInEHbS65drPRw8vCkSPmCdTK4lkXviVD%2FqTYqBjvu%2FFOdatPFMu5SdGEjUmncnc69GUbDqhyxMB5Z9J3Cnfo4DSXf4HzRxU2O1St6NMy3JLPCxswjhNdQ"}],"group":"cf-nel","max_age":604800}', 'NEL': '{"success_fraction":0,"report_to":"cf-nel","max_age":604800}', 'Server': 'cloudflare', 'CF-RAY': '8a8ab9d21f9408d5-LAX', 'alt-svc': 'h3=":443"; ma=86400'} 
 body={"results":[{"gender":"male","name":{"title":"Mr","first":"Aditya","last":"Kamath"},"location":{"street":{"number":5819,"name":"Tilak Marg"},"city":"Tumkur","state":"Dadra and Nagar Haveli","country":"India","postcode":77804,"coordinates":{"latitude":"12.2658","longitude":"-90.9280"},"timezone":{"offset":"+5:30","description":"Bombay, Calcutta, Madras, New Delhi"}},"email":"aditya.kamath@example.com","login":{"uuid":"06b9ff3c-bc02-4851-90d6-91009a26e823","username":"ticklishgorilla626","password":"1234567","salt":"TUakGtff","md5":"71ab305d5e35153eaa843d9caee4ff03","sha1":"b5de0aa3c32ce053774e18fe8ec3c324056718cf","sha256":"fd14c8833c61b9f6ada8e189d9062df9cde91b66dc3290df674678a4912303cf"},"dob":{"date":"1949-05-01T10:21:09.099Z","age":75},"registered":{"date":"2003-05-10T16:19:47.491Z","age":21},"phone":"8613951231","cell":"8735682369","id":{"name":"UIDAI","value":"507716752133"},"picture":{"large":"https://randomuser.me/api/portraits/men/2.jpg","medium":"https://randomuser.me/api/portraits/med/men/2.jpg","thumbnail":"https://randomuser.me/api/portraits/thumb/men/2.jpg"},"nat":"IN"}],"info":{"seed":"5f47b0a6a9b39e21","results":1,"page":1,"version":"1.4"}} 
 </msg>
<msg time="2024-07-25T08:19:35.475237" level="INFO">/opt/hostedtoolcache/Python/3.12.4/x64/lib/python3.12/site-packages/urllib3/connectionpool.py:1099: InsecureRequestWarning: Unverified HTTPS request is being made to host 'randomuser.me'. Adding certificate verification is strongly advised. See: https://urllib3.readthedocs.io/en/latest/advanced-usage.html#tls-warnings
  warnings.warn(</msg>
<msg time="2024-07-25T08:19:35.475335" level="INFO">${response} = &lt;Response [200]&gt;</msg>
<var>${response}</var>
<arg>consultarAPI</arg>
<arg>/api</arg>
<doc>Sends a GET request on a previously created HTTP Session.</doc>
<status status="PASS" start="2024-07-25T08:19:35.370001" elapsed="0.105366"/>
</kw>
<kw name="Set Variable" owner="BuiltIn">
<msg time="2024-07-25T08:19:35.476316" level="INFO">${json_data} = {'results': [{'gender': 'male', 'name': {'title': 'Mr', 'first': 'Aditya', 'last': 'Kamath'}, 'location': {'street': {'number': 5819, 'name': 'Tilak Marg'}, 'city': 'Tumkur', 'state': 'Dadra and Nagar...</msg>
<var>${json_data}</var>
<arg>${response.json()}</arg>
<doc>Returns the given values which can then be assigned to a variables.</doc>
<status status="PASS" start="2024-07-25T08:19:35.475799" elapsed="0.000547"/>
</kw>
<kw name="Log" owner="BuiltIn">
<msg time="2024-07-25T08:19:35.476815" level="INFO">{'results': [{'gender': 'male', 'name': {'title': 'Mr', 'first': 'Aditya', 'last': 'Kamath'}, 'location': {'street': {'number': 5819, 'name': 'Tilak Marg'}, 'city': 'Tumkur', 'state': 'Dadra and Nagar Haveli', 'country': 'India', 'postcode': 77804, 'coordinates': {'latitude': '12.2658', 'longitude': '-90.9280'}, 'timezone': {'offset': '+5:30', 'description': 'Bombay, Calcutta, Madras, New Delhi'}}, 'email': 'aditya.kamath@example.com', 'login': {'uuid': '06b9ff3c-bc02-4851-90d6-91009a26e823', 'username': 'ticklishgorilla626', 'password': '1234567', 'salt': 'TUakGtff', 'md5': '71ab305d5e35153eaa843d9caee4ff03', 'sha1': 'b5de0aa3c32ce053774e18fe8ec3c324056718cf', 'sha256': 'fd14c8833c61b9f6ada8e189d9062df9cde91b66dc3290df674678a4912303cf'}, 'dob': {'date': '1949-05-01T10:21:09.099Z', 'age': 75}, 'registered': {'date': '2003-05-10T16:19:47.491Z', 'age': 21}, 'phone': '8613951231', 'cell': '8735682369', 'id': {'name': 'UIDAI', 'value': '507716752133'}, 'picture': {'large': 'https://randomuser.me/api/portraits/men/2.jpg', 'medium': 'https://randomuser.me/api/portraits/med/men/2.jpg', 'thumbnail': 'https://randomuser.me/api/portraits/thumb/men/2.jpg'}, 'nat': 'IN'}], 'info': {'seed': '5f47b0a6a9b39e21', 'results': 1, 'page': 1, 'version': '1.4'}}</msg>
<arg>${json_data}</arg>
<doc>Logs the given message with the given level.</doc>
<status status="PASS" start="2024-07-25T08:19:35.476657" elapsed="0.000207"/>
</kw>
<kw name="Should Be String" owner="String">
<arg>${json_data['results'][0]['gender']}</arg>
<doc>Fails if the given ``item`` is not a string.</doc>
<status status="PASS" start="2024-07-25T08:19:35.477159" elapsed="0.000373"/>
</kw>
<kw name="Should Match Regexp" owner="BuiltIn">
<arg>${json_data['results'][0]['email']}</arg>
<arg>^[a-zA-Z0-9._%+-]+@[a-zA-Z0-9.-]+\.[a-zA-Z]{2,}$</arg>
<doc>Fails if ``string`` does not match ``pattern`` as a regular expression.</doc>
<status status="PASS" start="2024-07-25T08:19:35.477725" elapsed="0.000573"/>
</kw>
<kw name="Should Match Regexp" owner="BuiltIn">
<arg>${json_data['results'][0]['dob']['date']}</arg>
<arg>\\d{4}-\\d{2}-\\d{2}T\\d{2}:\\d{2}:\\d{2}\\.\\d{3}Z</arg>
<doc>Fails if ``string`` does not match ``pattern`` as a regular expression.</doc>
<status status="PASS" start="2024-07-25T08:19:35.478497" elapsed="0.000617"/>
</kw>
<kw name="Should Match Regexp" owner="BuiltIn">
<arg>${json_data['results'][0]['registered']['date']}</arg>
<arg>\\d{4}-\\d{2}-\\d{2}T\\d{2}:\\d{2}:\\d{2}\\.\\d{3}Z</arg>
<doc>Fails if ``string`` does not match ``pattern`` as a regular expression.</doc>
<status status="PASS" start="2024-07-25T08:19:35.479309" elapsed="0.000371"/>
</kw>
<kw name="Should Match Regexp" owner="BuiltIn">
<arg>${json_data['results'][0]['picture']['large']}</arg>
<arg>^https?://.*\.(?:png|jpe?g|gif|bmp)$</arg>
<doc>Fails if ``string`` does not match ``pattern`` as a regular expression.</doc>
<status status="PASS" start="2024-07-25T08:19:35.479865" elapsed="0.000489"/>
</kw>
<kw name="Should Match Regexp" owner="BuiltIn">
<arg>${json_data['results'][0]['picture']['medium']}</arg>
<arg>^https?://.*\.(?:png|jpe?g|gif|bmp)$</arg>
<doc>Fails if ``string`` does not match ``pattern`` as a regular expression.</doc>
<status status="PASS" start="2024-07-25T08:19:35.480543" elapsed="0.000357"/>
</kw>
<kw name="Should Match Regexp" owner="BuiltIn">
<arg>${json_data['results'][0]['picture']['thumbnail']}</arg>
<arg>^https?://.*\.(?:png|jpe?g|gif|bmp)$</arg>
<doc>Fails if ``string`` does not match ``pattern`` as a regular expression.</doc>
<status status="PASS" start="2024-07-25T08:19:35.481086" elapsed="0.000354"/>
</kw>
<kw name="Log" owner="BuiltIn">
<msg time="2024-07-25T08:19:35.481946" level="INFO">{'large': 'https://randomuser.me/api/portraits/men/2.jpg', 'medium': 'https://randomuser.me/api/portraits/med/men/2.jpg', 'thumbnail': 'https://randomuser.me/api/portraits/thumb/men/2.jpg'}</msg>
<arg>${json_data['results'][0]['picture']}</arg>
<doc>Logs the given message with the given level.</doc>
<status status="PASS" start="2024-07-25T08:19:35.481620" elapsed="0.000371"/>
</kw>
<status status="PASS" start="2024-07-25T08:19:35.369783" elapsed="0.112469"/>
</kw>
<kw name="Teste de Tipos de Dados - Postcode" owner="random-user-service">
<kw name="GET On Session" owner="RequestsLibrary">
<msg time="2024-07-25T08:19:35.581263" level="INFO">GET Request : url=https://randomuser.me/api 
 path_url=/api 
 headers={'User-Agent': 'python-requests/2.32.3', 'Accept-Encoding': 'gzip, deflate', 'Accept': '*/*', 'Connection': 'keep-alive'} 
 body=None 
 </msg>
<msg time="2024-07-25T08:19:35.581339" level="INFO">GET Response : url=https://randomuser.me/api 
 status=200, reason=OK 
 headers={'Date': 'Thu, 25 Jul 2024 08:19:35 GMT', 'Content-Type': 'application/json; charset=utf-8', 'Transfer-Encoding': 'chunked', 'Connection': 'keep-alive', 'X-Powered-By': 'Express', 'Access-Control-Allow-Origin': '*', 'Cache-Control': 'no-cache', 'ETag': 'W/"496-GMAHQhp7nDO/rMBtb92VR2piMF0"', 'Vary': 'Accept-Encoding', 'Content-Encoding': 'gzip', 'CF-Cache-Status': 'DYNAMIC', 'Report-To': '{"endpoints":[{"url":"https:\\/\\/a.nel.cloudflare.com\\/report\\/v4?s=kebvPOXhh%2FOc8A0jChPeTMretzOBewfpbQItKzPU%2FMOplaxYSLy4F3xSL8DJyjOjXnBIVCYSc1scWxtXliv1OAiTMaedHlF%2FQwWjPBzPnIsZP3tTCqA%2F6EjVghcNH%2FZJ"}],"group":"cf-nel","max_age":604800}', 'NEL': '{"success_fraction":0,"report_to":"cf-nel","max_age":604800}', 'Server': 'cloudflare', 'CF-RAY': '8a8ab9d2d85308d5-LAX', 'alt-svc': 'h3=":443"; ma=86400'} 
 body={"results":[{"gender":"female","name":{"title":"Miss","first":"Ricarda","last":"Althoff"},"location":{"street":{"number":8769,"name":"Rosenstraße"},"city":"Braunsbedra","state":"Saarland","country":"Germany","postcode":93155,"coordinates":{"latitude":"-52.9893","longitude":"34.3370"},"timezone":{"offset":"-7:00","description":"Mountain Time (US &amp; Canada)"}},"email":"ricarda.althoff@example.com","login":{"uuid":"d012ec2b-eac9-412e-8565-d32c00162a6a","username":"goldenswan298","password":"hershey","salt":"PXKhk4Gt","md5":"9c23bca8f0510de8121e7c96848ada6a","sha1":"05ba34a199d7ff5b450b2f1b53b5a828efd8678f","sha256":"bcdf573cf8b423b41e49b7c6de4fcb773932f7ba4732d88b2d99a2a5c8b3a3b0"},"dob":{"date":"1955-04-12T23:21:32.806Z","age":69},"registered":{"date":"2018-04-11T17:27:48.370Z","age":6},"phone":"0004-1646489","cell":"0177-3171977","id":{"name":"SVNR","value":"57 120455 A 668"},"picture":{"large":"https://randomuser.me/api/portraits/women/1.jpg","medium":"https://randomuser.me/api/portraits/med/women/1.jpg","thumbnail":"https://randomuser.me/api/portraits/thumb/women/1.jpg"},"nat":"DE"}],"info":{"seed":"b5be547086a91f4e","results":1,"page":1,"version":"1.4"}} 
 </msg>
<msg time="2024-07-25T08:19:35.581399" level="INFO">/opt/hostedtoolcache/Python/3.12.4/x64/lib/python3.12/site-packages/urllib3/connectionpool.py:1099: InsecureRequestWarning: Unverified HTTPS request is being made to host 'randomuser.me'. Adding certificate verification is strongly advised. See: https://urllib3.readthedocs.io/en/latest/advanced-usage.html#tls-warnings
  warnings.warn(</msg>
<msg time="2024-07-25T08:19:35.581483" level="INFO">${response} = &lt;Response [200]&gt;</msg>
<var>${response}</var>
<arg>consultarAPI</arg>
<arg>/api</arg>
<doc>Sends a GET request on a previously created HTTP Session.</doc>
<status status="PASS" start="2024-07-25T08:19:35.482689" elapsed="0.098819"/>
</kw>
<kw name="Set Variable" owner="BuiltIn">
<msg time="2024-07-25T08:19:35.582341" level="INFO">${json_data} = {'results': [{'gender': 'female', 'name': {'title': 'Miss', 'first': 'Ricarda', 'last': 'Althoff'}, 'location': {'street': {'number': 8769, 'name': 'Rosenstraße'}, 'city': 'Braunsbedra', 'state': 'Saa...</msg>
<var>${json_data}</var>
<arg>${response.json()}</arg>
<doc>Returns the given values which can then be assigned to a variables.</doc>
<status status="PASS" start="2024-07-25T08:19:35.581885" elapsed="0.000486"/>
</kw>
<kw name="Log" owner="BuiltIn">
<msg time="2024-07-25T08:19:35.582827" level="INFO">{'results': [{'gender': 'female', 'name': {'title': 'Miss', 'first': 'Ricarda', 'last': 'Althoff'}, 'location': {'street': {'number': 8769, 'name': 'Rosenstraße'}, 'city': 'Braunsbedra', 'state': 'Saarland', 'country': 'Germany', 'postcode': 93155, 'coordinates': {'latitude': '-52.9893', 'longitude': '34.3370'}, 'timezone': {'offset': '-7:00', 'description': 'Mountain Time (US &amp; Canada)'}}, 'email': 'ricarda.althoff@example.com', 'login': {'uuid': 'd012ec2b-eac9-412e-8565-d32c00162a6a', 'username': 'goldenswan298', 'password': 'hershey', 'salt': 'PXKhk4Gt', 'md5': '9c23bca8f0510de8121e7c96848ada6a', 'sha1': '05ba34a199d7ff5b450b2f1b53b5a828efd8678f', 'sha256': 'bcdf573cf8b423b41e49b7c6de4fcb773932f7ba4732d88b2d99a2a5c8b3a3b0'}, 'dob': {'date': '1955-04-12T23:21:32.806Z', 'age': 69}, 'registered': {'date': '2018-04-11T17:27:48.370Z', 'age': 6}, 'phone': '0004-1646489', 'cell': '0177-3171977', 'id': {'name': 'SVNR', 'value': '57 120455 A 668'}, 'picture': {'large': 'https://randomuser.me/api/portraits/women/1.jpg', 'medium': 'https://randomuser.me/api/portraits/med/women/1.jpg', 'thumbnail': 'https://randomuser.me/api/portraits/thumb/women/1.jpg'}, 'nat': 'DE'}], 'info': {'seed': 'b5be547086a91f4e', 'results': 1, 'page': 1, 'version': '1.4'}}</msg>
<arg>${json_data}</arg>
<doc>Logs the given message with the given level.</doc>
<status status="PASS" start="2024-07-25T08:19:35.582672" elapsed="0.000206"/>
</kw>
<kw name="Should Be Equal As Numbers" owner="BuiltIn">
<arg>${json_data['results'][0]['location']['postcode']}</arg>
<arg>${json_data['results'][0]['location']['postcode']}</arg>
<doc>Fails if objects are unequal after converting them to real numbers.</doc>
<status status="PASS" start="2024-07-25T08:19:35.583173" elapsed="0.000622"/>
</kw>
<kw name="Log" owner="BuiltIn">
<msg time="2024-07-25T08:19:35.584380" level="INFO">93155</msg>
<arg>${json_data['results'][0]['location']['postcode']}</arg>
<doc>Logs the given message with the given level.</doc>
<status status="PASS" start="2024-07-25T08:19:35.584027" elapsed="0.000426"/>
</kw>
<status status="PASS" start="2024-07-25T08:19:35.482468" elapsed="0.102239"/>
</kw>
<doc>Testa se os tipos de dados na resposta da API estão corretos.</doc>
<tag>testeTiposDados</tag>
<status status="PASS" start="2024-07-25T08:19:35.369341" elapsed="0.215528"/>
</test>
<test id="s1-s1-t5" name="Validar conteudo" line="35">
<kw name="Teste de Tipos de Conteudo" owner="random-user-service">
<kw name="GET On Session" owner="RequestsLibrary">
<msg time="2024-07-25T08:19:35.687682" level="INFO">GET Request : url=https://randomuser.me/api 
 path_url=/api 
 headers={'User-Agent': 'python-requests/2.32.3', 'Accept-Encoding': 'gzip, deflate', 'Accept': '*/*', 'Connection': 'keep-alive'} 
 body=None 
 </msg>
<msg time="2024-07-25T08:19:35.687758" level="INFO">GET Response : url=https://randomuser.me/api 
 status=200, reason=OK 
 headers={'Date': 'Thu, 25 Jul 2024 08:19:35 GMT', 'Content-Type': 'application/json; charset=utf-8', 'Transfer-Encoding': 'chunked', 'Connection': 'keep-alive', 'X-Powered-By': 'Express', 'Access-Control-Allow-Origin': '*', 'Cache-Control': 'no-cache', 'ETag': 'W/"48c-TSS7sT4R2Or4LIXlOZzMf3+wPZk"', 'Vary': 'Accept-Encoding', 'Content-Encoding': 'gzip', 'CF-Cache-Status': 'DYNAMIC', 'Report-To': '{"endpoints":[{"url":"https:\\/\\/a.nel.cloudflare.com\\/report\\/v4?s=mKeg5TKRnTy8ejmxTSZFD0uwuutUH9u%2BcAGiqkSjXTr6OHsDZQ9OZAaHs9oTwhlToIT%2FZqV%2FwxELu2riWhyozuVemhcLrQMBLzRUiCNqzEyhmkdZ2NGCwPZC7V3C%2BEIi"}],"group":"cf-nel","max_age":604800}', 'NEL': '{"success_fraction":0,"report_to":"cf-nel","max_age":604800}', 'Server': 'cloudflare', 'CF-RAY': '8a8ab9d378f608d5-LAX', 'alt-svc': 'h3=":443"; ma=86400'} 
 body={"results":[{"gender":"female","name":{"title":"Mrs","first":"Katrina","last":"Clark"},"location":{"street":{"number":9369,"name":"Daisy Dr"},"city":"Launceston","state":"Victoria","country":"Australia","postcode":8746,"coordinates":{"latitude":"-86.6281","longitude":"99.0691"},"timezone":{"offset":"-1:00","description":"Azores, Cape Verde Islands"}},"email":"katrina.clark@example.com","login":{"uuid":"8276e28c-5fd6-410d-8e99-4874e21506a5","username":"organicelephant605","password":"molly","salt":"8ZAga1V4","md5":"371ab30f8172e8151d878af1a92f039e","sha1":"0d6080e27ac3aec954cfd2f301d7741c3e6adc3b","sha256":"38776c0df86d2448e962be048a62997bd79f0439e49f5dce0da45704bf37db9b"},"dob":{"date":"1971-01-19T15:35:01.243Z","age":53},"registered":{"date":"2008-03-29T10:31:40.159Z","age":16},"phone":"01-0303-6349","cell":"0443-444-949","id":{"name":"TFN","value":"628616125"},"picture":{"large":"https://randomuser.me/api/portraits/women/90.jpg","medium":"https://randomuser.me/api/portraits/med/women/90.jpg","thumbnail":"https://randomuser.me/api/portraits/thumb/women/90.jpg"},"nat":"AU"}],"info":{"seed":"2f53b6f3fa4e7524","results":1,"page":1,"version":"1.4"}} 
 </msg>
<msg time="2024-07-25T08:19:35.687827" level="INFO">/opt/hostedtoolcache/Python/3.12.4/x64/lib/python3.12/site-packages/urllib3/connectionpool.py:1099: InsecureRequestWarning: Unverified HTTPS request is being made to host 'randomuser.me'. Adding certificate verification is strongly advised. See: https://urllib3.readthedocs.io/en/latest/advanced-usage.html#tls-warnings
  warnings.warn(</msg>
<msg time="2024-07-25T08:19:35.687933" level="INFO">${response} = &lt;Response [200]&gt;</msg>
<var>${response}</var>
<arg>consultarAPI</arg>
<arg>/api</arg>
<doc>Sends a GET request on a previously created HTTP Session.</doc>
<status status="PASS" start="2024-07-25T08:19:35.587334" elapsed="0.100674"/>
</kw>
<kw name="Set Variable" owner="BuiltIn">
<msg time="2024-07-25T08:19:35.689111" level="INFO">${json_data} = {'results': [{'gender': 'female', 'name': {'title': 'Mrs', 'first': 'Katrina', 'last': 'Clark'}, 'location': {'street': {'number': 9369, 'name': 'Daisy Dr'}, 'city': 'Launceston', 'state': 'Victoria',...</msg>
<var>${json_data}</var>
<arg>${response.json()}</arg>
<doc>Returns the given values which can then be assigned to a variables.</doc>
<status status="PASS" start="2024-07-25T08:19:35.688554" elapsed="0.000585"/>
</kw>
<kw name="Set Variable" owner="BuiltIn">
<msg time="2024-07-25T08:19:35.689840" level="INFO">${name_title} = Mrs</msg>
<var>${name_title}</var>
<arg>${json_data["results"][0]["name"]["title"]}</arg>
<doc>Returns the given values which can then be assigned to a variables.</doc>
<status status="PASS" start="2024-07-25T08:19:35.689446" elapsed="0.000420"/>
</kw>
<kw name="Create List" owner="BuiltIn">
<msg time="2024-07-25T08:19:35.690307" level="INFO">${allowed_titles} = ['Mr', 'Ms', 'Miss', 'Mrs', 'Madame', 'Monsieur']</msg>
<var>${allowed_titles}</var>
<arg>Mr</arg>
<arg>Ms</arg>
<arg>Miss</arg>
<arg>Mrs</arg>
<arg>Madame</arg>
<arg>Monsieur</arg>
<doc>Returns a list containing given items.</doc>
<status status="PASS" start="2024-07-25T08:19:35.690158" elapsed="0.000174"/>
</kw>
<kw name="List Should Contain Value" owner="Collections">
<arg>${allowed_titles}</arg>
<arg>${name_title}</arg>
<doc>Fails if the ``value`` is not found from ``list``.</doc>
<status status="PASS" start="2024-07-25T08:19:35.690626" elapsed="0.000182"/>
</kw>
<kw name="Set Variable" owner="BuiltIn">
<msg time="2024-07-25T08:19:35.691360" level="INFO">${name_country} = AU</msg>
<var>${name_country}</var>
<arg>${json_data["results"][0]["nat"]}</arg>
<doc>Returns the given values which can then be assigned to a variables.</doc>
<status status="PASS" start="2024-07-25T08:19:35.690993" elapsed="0.000392"/>
</kw>
<kw name="Create List" owner="BuiltIn">
<msg time="2024-07-25T08:19:35.692297" level="INFO">${list_country} = ['AD', 'AE', 'AF', 'AG', 'AI', 'AL', 'AM', 'AO', 'AQ', 'AR', 'AS', 'AT', 'AU', 'AW', 'AX', 'AZ', 'BA', 'BB', 'BD', 'BE', 'BF', 'BG', 'BH', 'BI', 'BJ', 'BL', 'BM', 'BN', 'BO', 'BQ', 'BR', 'BS', 'BT', '...</msg>
<var>${list_country}</var>
<arg>AD</arg>
<arg>AE</arg>
<arg>AF</arg>
<arg>AG</arg>
<arg>AI</arg>
<arg>AL</arg>
<arg>AM</arg>
<arg>AO</arg>
<arg>AQ</arg>
<arg>AR</arg>
<arg>AS</arg>
<arg>AT</arg>
<arg>AU</arg>
<arg>AW</arg>
<arg>AX</arg>
<arg>AZ</arg>
<arg>BA</arg>
<arg>BB</arg>
<arg>BD</arg>
<arg>BE</arg>
<arg>BF</arg>
<arg>BG</arg>
<arg>BH</arg>
<arg>BI</arg>
<arg>BJ</arg>
<arg>BL</arg>
<arg>BM</arg>
<arg>BN</arg>
<arg>BO</arg>
<arg>BQ</arg>
<arg>BR</arg>
<arg>BS</arg>
<arg>BT</arg>
<arg>BV</arg>
<arg>BW</arg>
<arg>BY</arg>
<arg>BZ</arg>
<arg>CA</arg>
<arg>CC</arg>
<arg>CD</arg>
<arg>CF</arg>
<arg>CG</arg>
<arg>CH</arg>
<arg>CI</arg>
<arg>CK</arg>
<arg>CL</arg>
<arg>CM</arg>
<arg>CN</arg>
<arg>CO</arg>
<arg>CR</arg>
<arg>CU</arg>
<arg>CV</arg>
<arg>CW</arg>
<arg>CX</arg>
<arg>CY</arg>
<arg>CZ</arg>
<arg>DE</arg>
<arg>DJ</arg>
<arg>DK</arg>
<arg>DM</arg>
<arg>DO</arg>
<arg>DZ</arg>
<arg>EC</arg>
<arg>EE</arg>
<arg>EG</arg>
<arg>EH</arg>
<arg>ER</arg>
<arg>ES</arg>
<arg>ET</arg>
<arg>FI</arg>
<arg>FJ</arg>
<arg>FK</arg>
<arg>FM</arg>
<arg>FO</arg>
<arg>FR</arg>
<arg>GA</arg>
<arg>GB</arg>
<arg>GD</arg>
<arg>GE</arg>
<arg>GF</arg>
<arg>GG</arg>
<arg>GH</arg>
<arg>GI</arg>
<arg>GL</arg>
<arg>GM</arg>
<arg>GN</arg>
<arg>GP</arg>
<arg>GQ</arg>
<arg>GR</arg>
<arg>GS</arg>
<arg>GT</arg>
<arg>GU</arg>
<arg>GW</arg>
<arg>GY</arg>
<arg>HK</arg>
<arg>HM</arg>
<arg>HN</arg>
<arg>HR</arg>
<arg>HT</arg>
<arg>HU</arg>
<arg>ID</arg>
<arg>IE</arg>
<arg>IL</arg>
<arg>IM</arg>
<arg>IN</arg>
<arg>IO</arg>
<arg>IQ</arg>
<arg>IR</arg>
<arg>IS</arg>
<arg>IT</arg>
<arg>JE</arg>
<arg>JM</arg>
<arg>JO</arg>
<arg>JP</arg>
<arg>KE</arg>
<arg>KG</arg>
<arg>KH</arg>
<arg>KI</arg>
<arg>KM</arg>
<arg>KN</arg>
<arg>KP</arg>
<arg>KR</arg>
<arg>KW</arg>
<arg>KY</arg>
<arg>KZ</arg>
<arg>LA</arg>
<arg>LB</arg>
<arg>LC</arg>
<arg>LI</arg>
<arg>LK</arg>
<arg>LR</arg>
<arg>LS</arg>
<arg>LT</arg>
<arg>LU</arg>
<arg>LV</arg>
<arg>LY</arg>
<arg>MA</arg>
<arg>MC</arg>
<arg>MD</arg>
<arg>ME</arg>
<arg>MF</arg>
<arg>MG</arg>
<arg>MH</arg>
<arg>MK</arg>
<arg>ML</arg>
<arg>MM</arg>
<arg>MN</arg>
<arg>MO</arg>
<arg>MP</arg>
<arg>MQ</arg>
<arg>MR</arg>
<arg>MS</arg>
<arg>MT</arg>
<arg>MU</arg>
<arg>MV</arg>
<arg>MW</arg>
<arg>MX</arg>
<arg>MY</arg>
<arg>MZ</arg>
<arg>NA</arg>
<arg>NC</arg>
<arg>NE</arg>
<arg>NF</arg>
<arg>NG</arg>
<arg>NI</arg>
<arg>NL</arg>
<arg>NO</arg>
<arg>NP</arg>
<arg>NR</arg>
<arg>NU</arg>
<arg>NZ</arg>
<arg>OM</arg>
<arg>PA</arg>
<arg>PE</arg>
<arg>PF</arg>
<arg>PG</arg>
<arg>PH</arg>
<arg>PK</arg>
<arg>PL</arg>
<arg>PM</arg>
<arg>PN</arg>
<arg>PR</arg>
<arg>PS</arg>
<arg>PT</arg>
<arg>PW</arg>
<arg>PY</arg>
<arg>QA</arg>
<arg>RE</arg>
<arg>RO</arg>
<arg>RS</arg>
<arg>RU</arg>
<arg>RW</arg>
<arg>SA</arg>
<arg>SB</arg>
<arg>SC</arg>
<arg>SD</arg>
<arg>SE</arg>
<arg>SG</arg>
<arg>SH</arg>
<arg>SI</arg>
<arg>SJ</arg>
<arg>SK</arg>
<arg>SL</arg>
<arg>SM</arg>
<arg>SN</arg>
<arg>SO</arg>
<arg>SR</arg>
<arg>SS</arg>
<arg>ST</arg>
<arg>SV</arg>
<arg>SX</arg>
<arg>SY</arg>
<arg>SZ</arg>
<arg>TC</arg>
<arg>TD</arg>
<arg>TF</arg>
<arg>TG</arg>
<arg>TH</arg>
<arg>TJ</arg>
<arg>TK</arg>
<arg>TL</arg>
<arg>TM</arg>
<arg>TN</arg>
<arg>TO</arg>
<arg>TR</arg>
<arg>TT</arg>
<arg>TV</arg>
<arg>TW</arg>
<arg>TZ</arg>
<arg>UA</arg>
<arg>UG</arg>
<arg>UM</arg>
<arg>US</arg>
<arg>UY</arg>
<arg>UZ</arg>
<arg>VA</arg>
<arg>VC</arg>
<arg>VE</arg>
<arg>VG</arg>
<arg>VI</arg>
<arg>VN</arg>
<arg>VU</arg>
<arg>WF</arg>
<arg>WS</arg>
<arg>XK</arg>
<arg>YE</arg>
<arg>YT</arg>
<arg>ZA</arg>
<arg>ZM</arg>
<arg>ZW</arg>
<doc>Returns a list containing given items.</doc>
<status status="PASS" start="2024-07-25T08:19:35.691673" elapsed="0.000651"/>
</kw>
<kw name="List Should Contain Value" owner="Collections">
<arg>${list_country}</arg>
<arg>${name_country}</arg>
<doc>Fails if the ``value`` is not found from ``list``.</doc>
<status status="PASS" start="2024-07-25T08:19:35.693252" elapsed="0.000210"/>
</kw>
<kw name="Run Keyword If" owner="BuiltIn">
<kw name="Should Be True" owner="BuiltIn">
<arg>${True}</arg>
<doc>Fails if the given condition is not true.</doc>
<status status="PASS" start="2024-07-25T08:19:35.694399" elapsed="0.000140"/>
</kw>
<arg>${json_data["results"][0]["location"]["coordinates"]["latitude"]} &gt;= -90 and ${json_data["results"][0]["location"]["coordinates"]["latitude"]} &lt;= 90</arg>
<arg>Should Be True</arg>
<arg>${True}</arg>
<doc>Runs the given keyword with the given arguments, if ``condition`` is true.</doc>
<status status="PASS" start="2024-07-25T08:19:35.693662" elapsed="0.001003"/>
</kw>
<kw name="Run Keyword If" owner="BuiltIn">
<kw name="Should Be True" owner="BuiltIn">
<arg>${True}</arg>
<doc>Fails if the given condition is not true.</doc>
<status status="PASS" start="2024-07-25T08:19:35.695533" elapsed="0.000136"/>
</kw>
<arg>${json_data["results"][0]["location"]["coordinates"]["longitude"]} &gt;= -180 and ${json_data["results"][0]["location"]["coordinates"]["longitude"]} &lt;= 180</arg>
<arg>Should Be True</arg>
<arg>${True}</arg>
<doc>Runs the given keyword with the given arguments, if ``condition`` is true.</doc>
<status status="PASS" start="2024-07-25T08:19:35.694847" elapsed="0.000946"/>
</kw>
<status status="PASS" start="2024-07-25T08:19:35.587111" elapsed="0.108809"/>
</kw>
<doc>Testa o conteúdo específico dos campos retornados pela API.</doc>
<tag>testeConteudo</tag>
<status status="PASS" start="2024-07-25T08:19:35.586589" elapsed="0.109496"/>
</test>
<status status="PASS" start="2024-07-25T08:19:34.628906" elapsed="1.069459"/>
</suite>
<status status="PASS" start="2024-07-25T08:19:34.613422" elapsed="1.089954"/>
</suite>
<statistics>
<total>
<stat pass="5" fail="0" skip="0">All Tests</stat>
</total>
<tag>
<stat pass="1" fail="0" skip="0">testeConteudo</stat>
<stat pass="1" fail="0" skip="0">testeEstruturaResposta</stat>
<stat pass="1" fail="0" skip="0">testeRequisicaoBasica</stat>
<stat pass="1" fail="0" skip="0">testeTiposDados</stat>
</tag>
<suite>
<stat pass="5" fail="0" skip="0" id="s1" name="Tests">Tests</stat>
<stat pass="5" fail="0" skip="0" id="s1-s1" name="Random-User-Test">Tests.Random-User-Test</stat>
</suite>
</statistics>
<errors>
</errors>
</robot>
