<?xml version="1.0" encoding="UTF-8"?>
<robot generator="Robot 7.0.1 (Python 3.12.4 on linux)" generated="2024-08-02T04:19:27.238868" rpa="false" schemaversion="5">
<suite id="s1" name="Tests" source="/home/runner/work/ApiRandomUser/ApiRandomUser/RamdonUser/tests">
<suite id="s1-s1" name="Random-User-Test" source="/home/runner/work/ApiRandomUser/ApiRandomUser/RamdonUser/tests/random-user-test.robot">
<test id="s1-s1-t1" name="Conectar" line="13">
<kw name="Conectar API" owner="random-user-service">
<kw name="Create Session" owner="RequestsLibrary">
<msg time="2024-08-02T04:19:27.625529" level="INFO">Creating Session using : alias=consultarAPI, url=https://randomuser.me/, headers={},                     cookies={}, auth=None, timeout=None, proxies=None, verify=False,                     debug=0 </msg>
<arg>consultarAPI</arg>
<arg>${URL}</arg>
<doc>Create Session: create a HTTP session to a server</doc>
<status status="PASS" start="2024-08-02T04:19:27.625328" elapsed="0.000369"/>
</kw>
<status status="PASS" start="2024-08-02T04:19:27.624303" elapsed="0.001739"/>
</kw>
<status status="PASS" start="2024-08-02T04:19:27.623800" elapsed="0.002437"/>
</test>
<test id="s1-s1-t2" name="Validar retorno 200 e JSON Válido" line="16">
<kw name="Teste de Requisicao Basica" owner="random-user-service">
<kw name="GET On Session" owner="RequestsLibrary">
<msg time="2024-08-02T04:19:27.679286" level="INFO">GET Request : url=https://randomuser.me/api 
 path_url=/api 
 headers={'User-Agent': 'python-requests/2.32.3', 'Accept-Encoding': 'gzip, deflate', 'Accept': '*/*', 'Connection': 'keep-alive'} 
 body=None 
 </msg>
<msg time="2024-08-02T04:19:27.679390" level="INFO">GET Response : url=https://randomuser.me/api 
 status=200, reason=OK 
 headers={'Date': 'Fri, 02 Aug 2024 04:19:27 GMT', 'Content-Type': 'application/json; charset=utf-8', 'Transfer-Encoding': 'chunked', 'Connection': 'keep-alive', 'X-Powered-By': 'Express', 'Access-Control-Allow-Origin': '*', 'Cache-Control': 'no-cache', 'ETag': 'W/"47f-JqqhMzWs6xiifI0Xm6nL6dbepWM"', 'Vary': 'Accept-Encoding', 'Content-Encoding': 'gzip', 'CF-Cache-Status': 'DYNAMIC', 'Report-To': '{"endpoints":[{"url":"https:\\/\\/a.nel.cloudflare.com\\/report\\/v4?s=LI436DeWcPAPZqCi963RnSjGvfDwJwcoq%2FtqYbYQtBzf9mSFUErtl%2FGQ5W0mjqHKseJpB3CePCQFoStOydfU4kACxFKsGFU3ffjE9iu8s1zs2NyqFXwQcauxhhqsardt"}],"group":"cf-nel","max_age":604800}', 'NEL': '{"success_fraction":0,"report_to":"cf-nel","max_age":604800}', 'Server': 'cloudflare', 'CF-RAY': '8acb4511ce678024-IAD', 'alt-svc': 'h3=":443"; ma=86400'} 
 body={"results":[{"gender":"female","name":{"title":"Ms","first":"Marie","last":"Christensen"},"location":{"street":{"number":1933,"name":"Grønlandsvej"},"city":"Tisvilde","state":"Danmark","country":"Denmark","postcode":25271,"coordinates":{"latitude":"-38.7027","longitude":"114.0251"},"timezone":{"offset":"-2:00","description":"Mid-Atlantic"}},"email":"marie.christensen@example.com","login":{"uuid":"a1c534e0-200a-4b52-8489-b2a921ef298b","username":"organicpanda253","password":"keegan","salt":"ccOTtkXr","md5":"446dd735714ae827d6931f932b878d31","sha1":"bac7ba840e2b5d7cc7d504888b49619495cab99d","sha256":"1a7ba042e039a662907d6243904efcebf16b9dacab092b0ecf5357c8ce0b6e27"},"dob":{"date":"1982-01-05T14:47:34.828Z","age":42},"registered":{"date":"2013-07-30T19:08:01.365Z","age":11},"phone":"08915575","cell":"54688166","id":{"name":"CPR","value":"050182-4087"},"picture":{"large":"https://randomuser.me/api/portraits/women/13.jpg","medium":"https://randomuser.me/api/portraits/med/women/13.jpg","thumbnail":"https://randomuser.me/api/portraits/thumb/women/13.jpg"},"nat":"DK"}],"info":{"seed":"7f8af7cb2d0b1758","results":1,"page":1,"version":"1.4"}} 
 </msg>
<msg time="2024-08-02T04:19:27.679459" level="INFO">/opt/hostedtoolcache/Python/3.12.4/x64/lib/python3.12/site-packages/urllib3/connectionpool.py:1099: InsecureRequestWarning: Unverified HTTPS request is being made to host 'randomuser.me'. Adding certificate verification is strongly advised. See: https://urllib3.readthedocs.io/en/latest/advanced-usage.html#tls-warnings
  warnings.warn(</msg>
<msg time="2024-08-02T04:19:27.679585" level="INFO">${response} = &lt;Response [200]&gt;</msg>
<var>${response}</var>
<arg>consultarAPI</arg>
<arg>/api</arg>
<doc>Sends a GET request on a previously created HTTP Session.</doc>
<status status="PASS" start="2024-08-02T04:19:27.628769" elapsed="0.050848"/>
</kw>
<kw name="Should Be Equal As Numbers" owner="BuiltIn">
<msg time="2024-08-02T04:19:27.680388" level="INFO">Argument types are:
&lt;class 'int'&gt;
&lt;class 'str'&gt;</msg>
<arg>${response.status_code}</arg>
<arg>200</arg>
<doc>Fails if objects are unequal after converting them to real numbers.</doc>
<status status="PASS" start="2024-08-02T04:19:27.679989" elapsed="0.000462"/>
</kw>
<kw name="Log" owner="BuiltIn">
<msg time="2024-08-02T04:19:27.681123" level="INFO">200</msg>
<arg>${response.status_code}</arg>
<doc>Logs the given message with the given level.</doc>
<status status="PASS" start="2024-08-02T04:19:27.680767" elapsed="0.000399"/>
</kw>
<kw name="Set Variable" owner="BuiltIn">
<msg time="2024-08-02T04:19:27.681939" level="INFO">${json_data} = {'results': [{'gender': 'female', 'name': {'title': 'Ms', 'first': 'Marie', 'last': 'Christensen'}, 'location': {'street': {'number': 1933, 'name': 'Grønlandsvej'}, 'city': 'Tisvilde', 'state': 'Danma...</msg>
<var>${json_data}</var>
<arg>${response.json()}</arg>
<doc>Returns the given values which can then be assigned to a variables.</doc>
<status status="PASS" start="2024-08-02T04:19:27.681502" elapsed="0.000466"/>
</kw>
<kw name="Dictionary Should Contain Key" owner="Collections">
<arg>${json_data}</arg>
<arg>results</arg>
<doc>Fails if ``key`` is not found from ``dictionary``.</doc>
<status status="PASS" start="2024-08-02T04:19:27.682272" elapsed="0.000287"/>
</kw>
<status status="PASS" start="2024-08-02T04:19:27.628525" elapsed="0.054183"/>
</kw>
<doc>Testa se a API responde corretamente e retorna um objeto JSON válido.</doc>
<tag>testeRequisicaoBasica</tag>
<status status="PASS" start="2024-08-02T04:19:27.628079" elapsed="0.054789"/>
</test>
<test id="s1-s1-t3" name="Validar estrutura de resposta" line="22">
<kw name="Teste de Estrutura de Resposta" owner="random-user-service">
<kw name="GET On Session" owner="RequestsLibrary">
<msg time="2024-08-02T04:19:27.783111" level="INFO">GET Request : url=https://randomuser.me/api 
 path_url=/api 
 headers={'User-Agent': 'python-requests/2.32.3', 'Accept-Encoding': 'gzip, deflate', 'Accept': '*/*', 'Connection': 'keep-alive'} 
 body=None 
 </msg>
<msg time="2024-08-02T04:19:27.783190" level="INFO">GET Response : url=https://randomuser.me/api 
 status=200, reason=OK 
 headers={'Date': 'Fri, 02 Aug 2024 04:19:27 GMT', 'Content-Type': 'application/json; charset=utf-8', 'Transfer-Encoding': 'chunked', 'Connection': 'keep-alive', 'X-Powered-By': 'Express', 'Access-Control-Allow-Origin': '*', 'Cache-Control': 'no-cache', 'ETag': 'W/"478-+rPE0o0+rIaSOMNZcQDPreAKSHs"', 'Vary': 'Accept-Encoding', 'Content-Encoding': 'gzip', 'CF-Cache-Status': 'DYNAMIC', 'Report-To': '{"endpoints":[{"url":"https:\\/\\/a.nel.cloudflare.com\\/report\\/v4?s=vwJ44SeeVzmUQ5S%2Bz%2BvMzxPYF2P20durvUy9TxcjZeDb4Pq1PgfiAPAw0f8W2uXCbCEPfCLhHaEujbce%2B0NAOVQXsgU1mfN5GGYP4ZoEhu9nYUAs3hUNlB4AA0DaKzLs"}],"group":"cf-nel","max_age":604800}', 'NEL': '{"success_fraction":0,"report_to":"cf-nel","max_age":604800}', 'Server': 'cloudflare', 'CF-RAY': '8acb45121ea88024-IAD', 'alt-svc': 'h3=":443"; ma=86400'} 
 body={"results":[{"gender":"male","name":{"title":"Mr","first":"Daniel","last":"Martínez"},"location":{"street":{"number":1247,"name":"Avenida de Salamanca"},"city":"Orihuela","state":"Navarra","country":"Spain","postcode":50937,"coordinates":{"latitude":"-36.6625","longitude":"-81.3386"},"timezone":{"offset":"+3:30","description":"Tehran"}},"email":"daniel.martinez@example.com","login":{"uuid":"389129d7-6995-4c80-a96b-4695f00f68b3","username":"happypeacock349","password":"middle","salt":"yLKwWIbj","md5":"2925442216a455b614b37038b4cf01f4","sha1":"a0d610a6b9549619e3e6081f8adb808532caabc8","sha256":"a65120655b1cab4c8e84e7569d6b82e4f0b427e09d5fb05e2eb97537ff8dd586"},"dob":{"date":"1967-09-19T20:19:49.960Z","age":56},"registered":{"date":"2013-12-30T17:55:55.438Z","age":10},"phone":"990-094-572","cell":"648-564-539","id":{"name":"DNI","value":"42841877-U"},"picture":{"large":"https://randomuser.me/api/portraits/men/32.jpg","medium":"https://randomuser.me/api/portraits/med/men/32.jpg","thumbnail":"https://randomuser.me/api/portraits/thumb/men/32.jpg"},"nat":"ES"}],"info":{"seed":"de2c3470013d5cca","results":1,"page":1,"version":"1.4"}} 
 </msg>
<msg time="2024-08-02T04:19:27.783288" level="INFO">/opt/hostedtoolcache/Python/3.12.4/x64/lib/python3.12/site-packages/urllib3/connectionpool.py:1099: InsecureRequestWarning: Unverified HTTPS request is being made to host 'randomuser.me'. Adding certificate verification is strongly advised. See: https://urllib3.readthedocs.io/en/latest/advanced-usage.html#tls-warnings
  warnings.warn(</msg>
<msg time="2024-08-02T04:19:27.783403" level="INFO">${response} = &lt;Response [200]&gt;</msg>
<var>${response}</var>
<arg>consultarAPI</arg>
<arg>/api</arg>
<doc>Sends a GET request on a previously created HTTP Session.</doc>
<status status="PASS" start="2024-08-02T04:19:27.685372" elapsed="0.098070"/>
</kw>
<kw name="Set Variable" owner="BuiltIn">
<msg time="2024-08-02T04:19:27.784244" level="INFO">${json_data} = {'results': [{'gender': 'male', 'name': {'title': 'Mr', 'first': 'Daniel', 'last': 'Martínez'}, 'location': {'street': {'number': 1247, 'name': 'Avenida de Salamanca'}, 'city': 'Orihuela', 'state': 'N...</msg>
<var>${json_data}</var>
<arg>${response.json()}</arg>
<doc>Returns the given values which can then be assigned to a variables.</doc>
<status status="PASS" start="2024-08-02T04:19:27.783794" elapsed="0.000487"/>
</kw>
<kw name="Log" owner="BuiltIn">
<msg time="2024-08-02T04:19:27.784742" level="INFO">{'results': [{'gender': 'male', 'name': {'title': 'Mr', 'first': 'Daniel', 'last': 'Martínez'}, 'location': {'street': {'number': 1247, 'name': 'Avenida de Salamanca'}, 'city': 'Orihuela', 'state': 'Navarra', 'country': 'Spain', 'postcode': 50937, 'coordinates': {'latitude': '-36.6625', 'longitude': '-81.3386'}, 'timezone': {'offset': '+3:30', 'description': 'Tehran'}}, 'email': 'daniel.martinez@example.com', 'login': {'uuid': '389129d7-6995-4c80-a96b-4695f00f68b3', 'username': 'happypeacock349', 'password': 'middle', 'salt': 'yLKwWIbj', 'md5': '2925442216a455b614b37038b4cf01f4', 'sha1': 'a0d610a6b9549619e3e6081f8adb808532caabc8', 'sha256': 'a65120655b1cab4c8e84e7569d6b82e4f0b427e09d5fb05e2eb97537ff8dd586'}, 'dob': {'date': '1967-09-19T20:19:49.960Z', 'age': 56}, 'registered': {'date': '2013-12-30T17:55:55.438Z', 'age': 10}, 'phone': '990-094-572', 'cell': '648-564-539', 'id': {'name': 'DNI', 'value': '42841877-U'}, 'picture': {'large': 'https://randomuser.me/api/portraits/men/32.jpg', 'medium': 'https://randomuser.me/api/portraits/med/men/32.jpg', 'thumbnail': 'https://randomuser.me/api/portraits/thumb/men/32.jpg'}, 'nat': 'ES'}], 'info': {'seed': 'de2c3470013d5cca', 'results': 1, 'page': 1, 'version': '1.4'}}</msg>
<arg>${json_data}</arg>
<doc>Logs the given message with the given level.</doc>
<status status="PASS" start="2024-08-02T04:19:27.784581" elapsed="0.000211"/>
</kw>
<kw name="Dictionary Should Contain Key" owner="Collections">
<arg>${json_data}</arg>
<arg>results</arg>
<doc>Fails if ``key`` is not found from ``dictionary``.</doc>
<status status="PASS" start="2024-08-02T04:19:27.785081" elapsed="0.000199"/>
</kw>
<kw name="Should Not Be Empty" owner="BuiltIn">
<msg time="2024-08-02T04:19:27.785601" level="INFO">Length is 2.</msg>
<arg>${json_data}</arg>
<doc>Verifies that the given item is not empty.</doc>
<status status="PASS" start="2024-08-02T04:19:27.785477" elapsed="0.000163"/>
</kw>
<kw name="Create List" owner="BuiltIn">
<msg time="2024-08-02T04:19:27.786080" level="INFO">${expected_keys} = ['gender', 'name', 'location', 'email', 'login']</msg>
<var>${expected_keys}</var>
<arg>gender</arg>
<arg>name</arg>
<arg>location</arg>
<arg>email</arg>
<arg>login</arg>
<doc>Returns a list containing given items.</doc>
<status status="PASS" start="2024-08-02T04:19:27.785926" elapsed="0.000178"/>
</kw>
<for flavor="IN">
<iter>
<kw name="Dictionary Should Contain Key" owner="Collections">
<arg>${json_data['results'][0]}</arg>
<arg>${key}</arg>
<doc>Fails if ``key`` is not found from ``dictionary``.</doc>
<status status="PASS" start="2024-08-02T04:19:27.786661" elapsed="0.000395"/>
</kw>
<kw name="Log" owner="BuiltIn">
<msg time="2024-08-02T04:19:27.787597" level="INFO">{'gender': 'male', 'name': {'title': 'Mr', 'first': 'Daniel', 'last': 'Martínez'}, 'location': {'street': {'number': 1247, 'name': 'Avenida de Salamanca'}, 'city': 'Orihuela', 'state': 'Navarra', 'country': 'Spain', 'postcode': 50937, 'coordinates': {'latitude': '-36.6625', 'longitude': '-81.3386'}, 'timezone': {'offset': '+3:30', 'description': 'Tehran'}}, 'email': 'daniel.martinez@example.com', 'login': {'uuid': '389129d7-6995-4c80-a96b-4695f00f68b3', 'username': 'happypeacock349', 'password': 'middle', 'salt': 'yLKwWIbj', 'md5': '2925442216a455b614b37038b4cf01f4', 'sha1': 'a0d610a6b9549619e3e6081f8adb808532caabc8', 'sha256': 'a65120655b1cab4c8e84e7569d6b82e4f0b427e09d5fb05e2eb97537ff8dd586'}, 'dob': {'date': '1967-09-19T20:19:49.960Z', 'age': 56}, 'registered': {'date': '2013-12-30T17:55:55.438Z', 'age': 10}, 'phone': '990-094-572', 'cell': '648-564-539', 'id': {'name': 'DNI', 'value': '42841877-U'}, 'picture': {'large': 'https://randomuser.me/api/portraits/men/32.jpg', 'medium': 'https://randomuser.me/api/portraits/med/men/32.jpg', 'thumbnail': 'https://randomuser.me/api/portraits/thumb/men/32.jpg'}, 'nat': 'ES'}</msg>
<arg>${json_data['results'][0]}</arg>
<doc>Logs the given message with the given level.</doc>
<status status="PASS" start="2024-08-02T04:19:27.787239" elapsed="0.000416"/>
</kw>
<kw name="Log" owner="BuiltIn">
<msg time="2024-08-02T04:19:27.788084" level="INFO">gender</msg>
<arg>${key}</arg>
<doc>Logs the given message with the given level.</doc>
<status status="PASS" start="2024-08-02T04:19:27.787955" elapsed="0.000168"/>
</kw>
<var name="${key}">gender</var>
<status status="PASS" start="2024-08-02T04:19:27.786536" elapsed="0.001805"/>
</iter>
<iter>
<kw name="Dictionary Should Contain Key" owner="Collections">
<arg>${json_data['results'][0]}</arg>
<arg>${key}</arg>
<doc>Fails if ``key`` is not found from ``dictionary``.</doc>
<status status="PASS" start="2024-08-02T04:19:27.788643" elapsed="0.000388"/>
</kw>
<kw name="Log" owner="BuiltIn">
<msg time="2024-08-02T04:19:27.789610" level="INFO">{'gender': 'male', 'name': {'title': 'Mr', 'first': 'Daniel', 'last': 'Martínez'}, 'location': {'street': {'number': 1247, 'name': 'Avenida de Salamanca'}, 'city': 'Orihuela', 'state': 'Navarra', 'country': 'Spain', 'postcode': 50937, 'coordinates': {'latitude': '-36.6625', 'longitude': '-81.3386'}, 'timezone': {'offset': '+3:30', 'description': 'Tehran'}}, 'email': 'daniel.martinez@example.com', 'login': {'uuid': '389129d7-6995-4c80-a96b-4695f00f68b3', 'username': 'happypeacock349', 'password': 'middle', 'salt': 'yLKwWIbj', 'md5': '2925442216a455b614b37038b4cf01f4', 'sha1': 'a0d610a6b9549619e3e6081f8adb808532caabc8', 'sha256': 'a65120655b1cab4c8e84e7569d6b82e4f0b427e09d5fb05e2eb97537ff8dd586'}, 'dob': {'date': '1967-09-19T20:19:49.960Z', 'age': 56}, 'registered': {'date': '2013-12-30T17:55:55.438Z', 'age': 10}, 'phone': '990-094-572', 'cell': '648-564-539', 'id': {'name': 'DNI', 'value': '42841877-U'}, 'picture': {'large': 'https://randomuser.me/api/portraits/men/32.jpg', 'medium': 'https://randomuser.me/api/portraits/med/men/32.jpg', 'thumbnail': 'https://randomuser.me/api/portraits/thumb/men/32.jpg'}, 'nat': 'ES'}</msg>
<arg>${json_data['results'][0]}</arg>
<doc>Logs the given message with the given level.</doc>
<status status="PASS" start="2024-08-02T04:19:27.789243" elapsed="0.000461"/>
</kw>
<kw name="Log" owner="BuiltIn">
<msg time="2024-08-02T04:19:27.790136" level="INFO">name</msg>
<arg>${key}</arg>
<doc>Logs the given message with the given level.</doc>
<status status="PASS" start="2024-08-02T04:19:27.790007" elapsed="0.000168"/>
</kw>
<var name="${key}">name</var>
<status status="PASS" start="2024-08-02T04:19:27.788531" elapsed="0.001861"/>
</iter>
<iter>
<kw name="Dictionary Should Contain Key" owner="Collections">
<arg>${json_data['results'][0]}</arg>
<arg>${key}</arg>
<doc>Fails if ``key`` is not found from ``dictionary``.</doc>
<status status="PASS" start="2024-08-02T04:19:27.790676" elapsed="0.000383"/>
</kw>
<kw name="Log" owner="BuiltIn">
<msg time="2024-08-02T04:19:27.791587" level="INFO">{'gender': 'male', 'name': {'title': 'Mr', 'first': 'Daniel', 'last': 'Martínez'}, 'location': {'street': {'number': 1247, 'name': 'Avenida de Salamanca'}, 'city': 'Orihuela', 'state': 'Navarra', 'country': 'Spain', 'postcode': 50937, 'coordinates': {'latitude': '-36.6625', 'longitude': '-81.3386'}, 'timezone': {'offset': '+3:30', 'description': 'Tehran'}}, 'email': 'daniel.martinez@example.com', 'login': {'uuid': '389129d7-6995-4c80-a96b-4695f00f68b3', 'username': 'happypeacock349', 'password': 'middle', 'salt': 'yLKwWIbj', 'md5': '2925442216a455b614b37038b4cf01f4', 'sha1': 'a0d610a6b9549619e3e6081f8adb808532caabc8', 'sha256': 'a65120655b1cab4c8e84e7569d6b82e4f0b427e09d5fb05e2eb97537ff8dd586'}, 'dob': {'date': '1967-09-19T20:19:49.960Z', 'age': 56}, 'registered': {'date': '2013-12-30T17:55:55.438Z', 'age': 10}, 'phone': '990-094-572', 'cell': '648-564-539', 'id': {'name': 'DNI', 'value': '42841877-U'}, 'picture': {'large': 'https://randomuser.me/api/portraits/men/32.jpg', 'medium': 'https://randomuser.me/api/portraits/med/men/32.jpg', 'thumbnail': 'https://randomuser.me/api/portraits/thumb/men/32.jpg'}, 'nat': 'ES'}</msg>
<arg>${json_data['results'][0]}</arg>
<doc>Logs the given message with the given level.</doc>
<status status="PASS" start="2024-08-02T04:19:27.791243" elapsed="0.000392"/>
</kw>
<kw name="Log" owner="BuiltIn">
<msg time="2024-08-02T04:19:27.792052" level="INFO">location</msg>
<arg>${key}</arg>
<doc>Logs the given message with the given level.</doc>
<status status="PASS" start="2024-08-02T04:19:27.791926" elapsed="0.000163"/>
</kw>
<var name="${key}">location</var>
<status status="PASS" start="2024-08-02T04:19:27.790569" elapsed="0.001738"/>
</iter>
<iter>
<kw name="Dictionary Should Contain Key" owner="Collections">
<arg>${json_data['results'][0]}</arg>
<arg>${key}</arg>
<doc>Fails if ``key`` is not found from ``dictionary``.</doc>
<status status="PASS" start="2024-08-02T04:19:27.792579" elapsed="0.000374"/>
</kw>
<kw name="Log" owner="BuiltIn">
<msg time="2024-08-02T04:19:27.793644" level="INFO">{'gender': 'male', 'name': {'title': 'Mr', 'first': 'Daniel', 'last': 'Martínez'}, 'location': {'street': {'number': 1247, 'name': 'Avenida de Salamanca'}, 'city': 'Orihuela', 'state': 'Navarra', 'country': 'Spain', 'postcode': 50937, 'coordinates': {'latitude': '-36.6625', 'longitude': '-81.3386'}, 'timezone': {'offset': '+3:30', 'description': 'Tehran'}}, 'email': 'daniel.martinez@example.com', 'login': {'uuid': '389129d7-6995-4c80-a96b-4695f00f68b3', 'username': 'happypeacock349', 'password': 'middle', 'salt': 'yLKwWIbj', 'md5': '2925442216a455b614b37038b4cf01f4', 'sha1': 'a0d610a6b9549619e3e6081f8adb808532caabc8', 'sha256': 'a65120655b1cab4c8e84e7569d6b82e4f0b427e09d5fb05e2eb97537ff8dd586'}, 'dob': {'date': '1967-09-19T20:19:49.960Z', 'age': 56}, 'registered': {'date': '2013-12-30T17:55:55.438Z', 'age': 10}, 'phone': '990-094-572', 'cell': '648-564-539', 'id': {'name': 'DNI', 'value': '42841877-U'}, 'picture': {'large': 'https://randomuser.me/api/portraits/men/32.jpg', 'medium': 'https://randomuser.me/api/portraits/med/men/32.jpg', 'thumbnail': 'https://randomuser.me/api/portraits/thumb/men/32.jpg'}, 'nat': 'ES'}</msg>
<arg>${json_data['results'][0]}</arg>
<doc>Logs the given message with the given level.</doc>
<status status="PASS" start="2024-08-02T04:19:27.793274" elapsed="0.000420"/>
</kw>
<kw name="Log" owner="BuiltIn">
<msg time="2024-08-02T04:19:27.794117" level="INFO">email</msg>
<arg>${key}</arg>
<doc>Logs the given message with the given level.</doc>
<status status="PASS" start="2024-08-02T04:19:27.793989" elapsed="0.000166"/>
</kw>
<var name="${key}">email</var>
<status status="PASS" start="2024-08-02T04:19:27.792473" elapsed="0.001897"/>
</iter>
<iter>
<kw name="Dictionary Should Contain Key" owner="Collections">
<arg>${json_data['results'][0]}</arg>
<arg>${key}</arg>
<doc>Fails if ``key`` is not found from ``dictionary``.</doc>
<status status="PASS" start="2024-08-02T04:19:27.794648" elapsed="0.000371"/>
</kw>
<kw name="Log" owner="BuiltIn">
<msg time="2024-08-02T04:19:27.795549" level="INFO">{'gender': 'male', 'name': {'title': 'Mr', 'first': 'Daniel', 'last': 'Martínez'}, 'location': {'street': {'number': 1247, 'name': 'Avenida de Salamanca'}, 'city': 'Orihuela', 'state': 'Navarra', 'country': 'Spain', 'postcode': 50937, 'coordinates': {'latitude': '-36.6625', 'longitude': '-81.3386'}, 'timezone': {'offset': '+3:30', 'description': 'Tehran'}}, 'email': 'daniel.martinez@example.com', 'login': {'uuid': '389129d7-6995-4c80-a96b-4695f00f68b3', 'username': 'happypeacock349', 'password': 'middle', 'salt': 'yLKwWIbj', 'md5': '2925442216a455b614b37038b4cf01f4', 'sha1': 'a0d610a6b9549619e3e6081f8adb808532caabc8', 'sha256': 'a65120655b1cab4c8e84e7569d6b82e4f0b427e09d5fb05e2eb97537ff8dd586'}, 'dob': {'date': '1967-09-19T20:19:49.960Z', 'age': 56}, 'registered': {'date': '2013-12-30T17:55:55.438Z', 'age': 10}, 'phone': '990-094-572', 'cell': '648-564-539', 'id': {'name': 'DNI', 'value': '42841877-U'}, 'picture': {'large': 'https://randomuser.me/api/portraits/men/32.jpg', 'medium': 'https://randomuser.me/api/portraits/med/men/32.jpg', 'thumbnail': 'https://randomuser.me/api/portraits/thumb/men/32.jpg'}, 'nat': 'ES'}</msg>
<arg>${json_data['results'][0]}</arg>
<doc>Logs the given message with the given level.</doc>
<status status="PASS" start="2024-08-02T04:19:27.795198" elapsed="0.000399"/>
</kw>
<kw name="Log" owner="BuiltIn">
<msg time="2024-08-02T04:19:27.796015" level="INFO">login</msg>
<arg>${key}</arg>
<doc>Logs the given message with the given level.</doc>
<status status="PASS" start="2024-08-02T04:19:27.795889" elapsed="0.000163"/>
</kw>
<var name="${key}">login</var>
<status status="PASS" start="2024-08-02T04:19:27.794541" elapsed="0.001723"/>
</iter>
<var>${key}</var>
<value>@{expected_keys}</value>
<status status="PASS" start="2024-08-02T04:19:27.786359" elapsed="0.010025"/>
</for>
<kw name="Create List" owner="BuiltIn">
<msg time="2024-08-02T04:19:27.796703" level="INFO">${expected_keysTwo} = ['username', 'password']</msg>
<var>${expected_keysTwo}</var>
<arg>username</arg>
<arg>password</arg>
<doc>Returns a list containing given items.</doc>
<status status="PASS" start="2024-08-02T04:19:27.796569" elapsed="0.000157"/>
</kw>
<for flavor="IN">
<iter>
<kw name="Dictionary Should Contain Key" owner="Collections">
<arg>${json_data['results'][0]['login']}</arg>
<arg>${keyTwo}</arg>
<doc>Fails if ``key`` is not found from ``dictionary``.</doc>
<status status="PASS" start="2024-08-02T04:19:27.797274" elapsed="0.000394"/>
</kw>
<kw name="Dictionary Should Contain Key" owner="Collections">
<arg>${json_data['results'][0]['login']}</arg>
<arg>${keyTwo}</arg>
<doc>Fails if ``key`` is not found from ``dictionary``.</doc>
<status status="PASS" start="2024-08-02T04:19:27.797848" elapsed="0.000367"/>
</kw>
<kw name="Log" owner="BuiltIn">
<msg time="2024-08-02T04:19:27.798509" level="INFO">username</msg>
<arg>${keyTwo}</arg>
<doc>Logs the given message with the given level.</doc>
<status status="PASS" start="2024-08-02T04:19:27.798392" elapsed="0.000155"/>
</kw>
<var name="${keyTwo}">username</var>
<status status="PASS" start="2024-08-02T04:19:27.797138" elapsed="0.001628"/>
</iter>
<iter>
<kw name="Dictionary Should Contain Key" owner="Collections">
<arg>${json_data['results'][0]['login']}</arg>
<arg>${keyTwo}</arg>
<doc>Fails if ``key`` is not found from ``dictionary``.</doc>
<status status="PASS" start="2024-08-02T04:19:27.799050" elapsed="0.000387"/>
</kw>
<kw name="Dictionary Should Contain Key" owner="Collections">
<arg>${json_data['results'][0]['login']}</arg>
<arg>${keyTwo}</arg>
<doc>Fails if ``key`` is not found from ``dictionary``.</doc>
<status status="PASS" start="2024-08-02T04:19:27.799616" elapsed="0.000372"/>
</kw>
<kw name="Log" owner="BuiltIn">
<msg time="2024-08-02T04:19:27.800285" level="INFO">password</msg>
<arg>${keyTwo}</arg>
<doc>Logs the given message with the given level.</doc>
<status status="PASS" start="2024-08-02T04:19:27.800162" elapsed="0.000160"/>
</kw>
<var name="${keyTwo}">password</var>
<status status="PASS" start="2024-08-02T04:19:27.798939" elapsed="0.001601"/>
</iter>
<var>${keyTwo}</var>
<value>@{expected_keysTwo}</value>
<status status="PASS" start="2024-08-02T04:19:27.796987" elapsed="0.003674"/>
</for>
<status status="PASS" start="2024-08-02T04:19:27.685113" elapsed="0.115686"/>
</kw>
<doc>Testa a estrutura da resposta da API.</doc>
<tag>testeEstruturaResposta</tag>
<status status="PASS" start="2024-08-02T04:19:27.684659" elapsed="0.116286"/>
</test>
<test id="s1-s1-t4" name="Validar tipos de dados" line="28">
<kw name="Teste de Tipos de Dados" owner="random-user-service">
<kw name="GET On Session" owner="RequestsLibrary">
<msg time="2024-08-02T04:19:27.871936" level="INFO">GET Request : url=https://randomuser.me/api 
 path_url=/api 
 headers={'User-Agent': 'python-requests/2.32.3', 'Accept-Encoding': 'gzip, deflate', 'Accept': '*/*', 'Connection': 'keep-alive'} 
 body=None 
 </msg>
<msg time="2024-08-02T04:19:27.872020" level="INFO">GET Response : url=https://randomuser.me/api 
 status=200, reason=OK 
 headers={'Date': 'Fri, 02 Aug 2024 04:19:27 GMT', 'Content-Type': 'application/json; charset=utf-8', 'Transfer-Encoding': 'chunked', 'Connection': 'keep-alive', 'X-Powered-By': 'Express', 'Access-Control-Allow-Origin': '*', 'Cache-Control': 'no-cache', 'ETag': 'W/"48d-0Rth4i/7YI3JFGY3FNmhJczNEMU"', 'Vary': 'Accept-Encoding', 'Content-Encoding': 'gzip', 'CF-Cache-Status': 'DYNAMIC', 'Report-To': '{"endpoints":[{"url":"https:\\/\\/a.nel.cloudflare.com\\/report\\/v4?s=yVLIIEre7bu6z%2Be6Bmlu6FbvPVdxvtcjtOpQpRuNVRUI6oXRXJ2NrQn3z%2BUFHXDic1HcF2phW7YFFTRC83ihvZWlR5PjAWeCJpfmaVoyjFCWG1MNWm3NOurrNp0n8Et%2B"}],"group":"cf-nel","max_age":604800}', 'NEL': '{"success_fraction":0,"report_to":"cf-nel","max_age":604800}', 'Server': 'cloudflare', 'CF-RAY': '8acb4512cf648024-IAD', 'alt-svc': 'h3=":443"; ma=86400'} 
 body={"results":[{"gender":"male","name":{"title":"Mr","first":"Alex","last":"Thomas"},"location":{"street":{"number":8828,"name":"Edmonton Road"},"city":"Taupo","state":"Hawke'S Bay","country":"New Zealand","postcode":58057,"coordinates":{"latitude":"54.3430","longitude":"-177.4839"},"timezone":{"offset":"0:00","description":"Western Europe Time, London, Lisbon, Casablanca"}},"email":"alex.thomas@example.com","login":{"uuid":"0b7e3b48-5b29-4c11-8639-d2c10c2cb1e2","username":"bluemouse874","password":"gamma","salt":"uRhJXehU","md5":"152131a5eef5a2d58af04c356f5bccf7","sha1":"a7699c986aef711d071e8500c9091bc60cd146a7","sha256":"b5cbd2d0be095668b1c641636735487d02153488501f040dc4b05ab62c72269c"},"dob":{"date":"1954-05-05T04:09:04.830Z","age":70},"registered":{"date":"2017-08-16T03:07:11.651Z","age":6},"phone":"(071)-770-9196","cell":"(085)-908-1879","id":{"name":"","value":null},"picture":{"large":"https://randomuser.me/api/portraits/men/11.jpg","medium":"https://randomuser.me/api/portraits/med/men/11.jpg","thumbnail":"https://randomuser.me/api/portraits/thumb/men/11.jpg"},"nat":"NZ"}],"info":{"seed":"2d9f66065f75a012","results":1,"page":1,"version":"1.4"}} 
 </msg>
<msg time="2024-08-02T04:19:27.872093" level="INFO">/opt/hostedtoolcache/Python/3.12.4/x64/lib/python3.12/site-packages/urllib3/connectionpool.py:1099: InsecureRequestWarning: Unverified HTTPS request is being made to host 'randomuser.me'. Adding certificate verification is strongly advised. See: https://urllib3.readthedocs.io/en/latest/advanced-usage.html#tls-warnings
  warnings.warn(</msg>
<msg time="2024-08-02T04:19:27.872232" level="INFO">${response} = &lt;Response [200]&gt;</msg>
<var>${response}</var>
<arg>consultarAPI</arg>
<arg>/api</arg>
<doc>Sends a GET request on a previously created HTTP Session.</doc>
<status status="PASS" start="2024-08-02T04:19:27.803307" elapsed="0.068983"/>
</kw>
<kw name="Set Variable" owner="BuiltIn">
<msg time="2024-08-02T04:19:27.873141" level="INFO">${json_data} = {'results': [{'gender': 'male', 'name': {'title': 'Mr', 'first': 'Alex', 'last': 'Thomas'}, 'location': {'street': {'number': 8828, 'name': 'Edmonton Road'}, 'city': 'Taupo', 'state': "Hawke'S Bay", '...</msg>
<var>${json_data}</var>
<arg>${response.json()}</arg>
<doc>Returns the given values which can then be assigned to a variables.</doc>
<status status="PASS" start="2024-08-02T04:19:27.872681" elapsed="0.000490"/>
</kw>
<kw name="Log" owner="BuiltIn">
<msg time="2024-08-02T04:19:27.873665" level="INFO">{'results': [{'gender': 'male', 'name': {'title': 'Mr', 'first': 'Alex', 'last': 'Thomas'}, 'location': {'street': {'number': 8828, 'name': 'Edmonton Road'}, 'city': 'Taupo', 'state': "Hawke'S Bay", 'country': 'New Zealand', 'postcode': 58057, 'coordinates': {'latitude': '54.3430', 'longitude': '-177.4839'}, 'timezone': {'offset': '0:00', 'description': 'Western Europe Time, London, Lisbon, Casablanca'}}, 'email': 'alex.thomas@example.com', 'login': {'uuid': '0b7e3b48-5b29-4c11-8639-d2c10c2cb1e2', 'username': 'bluemouse874', 'password': 'gamma', 'salt': 'uRhJXehU', 'md5': '152131a5eef5a2d58af04c356f5bccf7', 'sha1': 'a7699c986aef711d071e8500c9091bc60cd146a7', 'sha256': 'b5cbd2d0be095668b1c641636735487d02153488501f040dc4b05ab62c72269c'}, 'dob': {'date': '1954-05-05T04:09:04.830Z', 'age': 70}, 'registered': {'date': '2017-08-16T03:07:11.651Z', 'age': 6}, 'phone': '(071)-770-9196', 'cell': '(085)-908-1879', 'id': {'name': '', 'value': None}, 'picture': {'large': 'https://randomuser.me/api/portraits/men/11.jpg', 'medium': 'https://randomuser.me/api/portraits/med/men/11.jpg', 'thumbnail': 'https://randomuser.me/api/portraits/thumb/men/11.jpg'}, 'nat': 'NZ'}], 'info': {'seed': '2d9f66065f75a012', 'results': 1, 'page': 1, 'version': '1.4'}}</msg>
<arg>${json_data}</arg>
<doc>Logs the given message with the given level.</doc>
<status status="PASS" start="2024-08-02T04:19:27.873514" elapsed="0.000198"/>
</kw>
<kw name="Should Be String" owner="String">
<arg>${json_data['results'][0]['gender']}</arg>
<doc>Fails if the given ``item`` is not a string.</doc>
<status status="PASS" start="2024-08-02T04:19:27.874003" elapsed="0.000360"/>
</kw>
<kw name="Should Match Regexp" owner="BuiltIn">
<arg>${json_data['results'][0]['email']}</arg>
<arg>^[a-zA-Z0-9._%+-]+@[a-zA-Z0-9.-]+\.[a-zA-Z]{2,}$</arg>
<doc>Fails if ``string`` does not match ``pattern`` as a regular expression.</doc>
<status status="PASS" start="2024-08-02T04:19:27.874550" elapsed="0.000501"/>
</kw>
<kw name="Should Match Regexp" owner="BuiltIn">
<arg>${json_data['results'][0]['dob']['date']}</arg>
<arg>\\d{4}-\\d{2}-\\d{2}T\\d{2}:\\d{2}:\\d{2}\\.\\d{3}Z</arg>
<doc>Fails if ``string`` does not match ``pattern`` as a regular expression.</doc>
<status status="PASS" start="2024-08-02T04:19:27.875281" elapsed="0.000604"/>
</kw>
<kw name="Should Match Regexp" owner="BuiltIn">
<arg>${json_data['results'][0]['registered']['date']}</arg>
<arg>\\d{4}-\\d{2}-\\d{2}T\\d{2}:\\d{2}:\\d{2}\\.\\d{3}Z</arg>
<doc>Fails if ``string`` does not match ``pattern`` as a regular expression.</doc>
<status status="PASS" start="2024-08-02T04:19:27.876082" elapsed="0.000370"/>
</kw>
<kw name="Should Match Regexp" owner="BuiltIn">
<arg>${json_data['results'][0]['picture']['large']}</arg>
<arg>^https?://.*\.(?:png|jpe?g|gif|bmp)$</arg>
<doc>Fails if ``string`` does not match ``pattern`` as a regular expression.</doc>
<status status="PASS" start="2024-08-02T04:19:27.876636" elapsed="0.000458"/>
</kw>
<kw name="Should Match Regexp" owner="BuiltIn">
<arg>${json_data['results'][0]['picture']['medium']}</arg>
<arg>^https?://.*\.(?:png|jpe?g|gif|bmp)$</arg>
<doc>Fails if ``string`` does not match ``pattern`` as a regular expression.</doc>
<status status="PASS" start="2024-08-02T04:19:27.877306" elapsed="0.000353"/>
</kw>
<kw name="Should Match Regexp" owner="BuiltIn">
<arg>${json_data['results'][0]['picture']['thumbnail']}</arg>
<arg>^https?://.*\.(?:png|jpe?g|gif|bmp)$</arg>
<doc>Fails if ``string`` does not match ``pattern`` as a regular expression.</doc>
<status status="PASS" start="2024-08-02T04:19:27.877843" elapsed="0.000348"/>
</kw>
<kw name="Log" owner="BuiltIn">
<msg time="2024-08-02T04:19:27.878690" level="INFO">{'large': 'https://randomuser.me/api/portraits/men/11.jpg', 'medium': 'https://randomuser.me/api/portraits/med/men/11.jpg', 'thumbnail': 'https://randomuser.me/api/portraits/thumb/men/11.jpg'}</msg>
<arg>${json_data['results'][0]['picture']}</arg>
<doc>Logs the given message with the given level.</doc>
<status status="PASS" start="2024-08-02T04:19:27.878372" elapsed="0.000361"/>
</kw>
<status status="PASS" start="2024-08-02T04:19:27.803096" elapsed="0.075891"/>
</kw>
<kw name="Teste de Tipos de Dados - Postcode" owner="random-user-service">
<kw name="GET On Session" owner="RequestsLibrary">
<msg time="2024-08-02T04:19:27.974994" level="INFO">GET Request : url=https://randomuser.me/api 
 path_url=/api 
 headers={'User-Agent': 'python-requests/2.32.3', 'Accept-Encoding': 'gzip, deflate', 'Accept': '*/*', 'Connection': 'keep-alive'} 
 body=None 
 </msg>
<msg time="2024-08-02T04:19:27.975061" level="INFO">GET Response : url=https://randomuser.me/api 
 status=200, reason=OK 
 headers={'Date': 'Fri, 02 Aug 2024 04:19:27 GMT', 'Content-Type': 'application/json; charset=utf-8', 'Transfer-Encoding': 'chunked', 'Connection': 'keep-alive', 'X-Powered-By': 'Express', 'Access-Control-Allow-Origin': '*', 'Cache-Control': 'no-cache', 'ETag': 'W/"490-NrskcE3Bv78gXma11aGT7i3NeEg"', 'Vary': 'Accept-Encoding', 'Content-Encoding': 'gzip', 'CF-Cache-Status': 'DYNAMIC', 'Report-To': '{"endpoints":[{"url":"https:\\/\\/a.nel.cloudflare.com\\/report\\/v4?s=q%2FNjP8GZ4sA3lgDnd6p3lHU5SWHg0%2FuYBD%2Fb2ZFl%2B3U8JRb7ueEL8ytkmQir2vvLaMVtoj14LDXnkSOqWlQpAIf2oe%2BivugWj%2B2OJBeXqIGLq3sNR58l6dlG8g1B6J5V"}],"group":"cf-nel","max_age":604800}', 'NEL': '{"success_fraction":0,"report_to":"cf-nel","max_age":604800}', 'Server': 'cloudflare', 'CF-RAY': '8acb45134fe58024-IAD', 'alt-svc': 'h3=":443"; ma=86400'} 
 body={"results":[{"gender":"female","name":{"title":"Miss","first":"Donna","last":"Fenko"},"location":{"street":{"number":4398,"name":"Oleni Teligi"},"city":"Voznesensk","state":"Hmelnicka","country":"Ukraine","postcode":53838,"coordinates":{"latitude":"77.1413","longitude":"105.0712"},"timezone":{"offset":"-5:00","description":"Eastern Time (US &amp; Canada), Bogota, Lima"}},"email":"donna.fenko@example.com","login":{"uuid":"3e437a2e-73e1-46d9-aa00-233cd5a2f6f0","username":"angrydog302","password":"88888888","salt":"p6eB1L5O","md5":"eae1016190e68449787059ca15a6e168","sha1":"153e21624c2252787349d02d8f4e0b94423bb637","sha256":"5a05999079e531d6f3e3d08846b2a70bed1d0e060d7d671b52611fe3f9a45394"},"dob":{"date":"1957-06-04T05:16:05.861Z","age":67},"registered":{"date":"2017-09-10T10:21:51.799Z","age":6},"phone":"(068) R19-4907","cell":"(067) P86-9300","id":{"name":"","value":null},"picture":{"large":"https://randomuser.me/api/portraits/women/80.jpg","medium":"https://randomuser.me/api/portraits/med/women/80.jpg","thumbnail":"https://randomuser.me/api/portraits/thumb/women/80.jpg"},"nat":"UA"}],"info":{"seed":"23774bf1ec82f514","results":1,"page":1,"version":"1.4"}} 
 </msg>
<msg time="2024-08-02T04:19:27.975119" level="INFO">/opt/hostedtoolcache/Python/3.12.4/x64/lib/python3.12/site-packages/urllib3/connectionpool.py:1099: InsecureRequestWarning: Unverified HTTPS request is being made to host 'randomuser.me'. Adding certificate verification is strongly advised. See: https://urllib3.readthedocs.io/en/latest/advanced-usage.html#tls-warnings
  warnings.warn(</msg>
<msg time="2024-08-02T04:19:27.975226" level="INFO">${response} = &lt;Response [200]&gt;</msg>
<var>${response}</var>
<arg>consultarAPI</arg>
<arg>/api</arg>
<doc>Sends a GET request on a previously created HTTP Session.</doc>
<status status="PASS" start="2024-08-02T04:19:27.879421" elapsed="0.095843"/>
</kw>
<kw name="Set Variable" owner="BuiltIn">
<msg time="2024-08-02T04:19:27.976067" level="INFO">${json_data} = {'results': [{'gender': 'female', 'name': {'title': 'Miss', 'first': 'Donna', 'last': 'Fenko'}, 'location': {'street': {'number': 4398, 'name': 'Oleni Teligi'}, 'city': 'Voznesensk', 'state': 'Hmelnic...</msg>
<var>${json_data}</var>
<arg>${response.json()}</arg>
<doc>Returns the given values which can then be assigned to a variables.</doc>
<status status="PASS" start="2024-08-02T04:19:27.975618" elapsed="0.000478"/>
</kw>
<kw name="Log" owner="BuiltIn">
<msg time="2024-08-02T04:19:27.976579" level="INFO">{'results': [{'gender': 'female', 'name': {'title': 'Miss', 'first': 'Donna', 'last': 'Fenko'}, 'location': {'street': {'number': 4398, 'name': 'Oleni Teligi'}, 'city': 'Voznesensk', 'state': 'Hmelnicka', 'country': 'Ukraine', 'postcode': 53838, 'coordinates': {'latitude': '77.1413', 'longitude': '105.0712'}, 'timezone': {'offset': '-5:00', 'description': 'Eastern Time (US &amp; Canada), Bogota, Lima'}}, 'email': 'donna.fenko@example.com', 'login': {'uuid': '3e437a2e-73e1-46d9-aa00-233cd5a2f6f0', 'username': 'angrydog302', 'password': '88888888', 'salt': 'p6eB1L5O', 'md5': 'eae1016190e68449787059ca15a6e168', 'sha1': '153e21624c2252787349d02d8f4e0b94423bb637', 'sha256': '5a05999079e531d6f3e3d08846b2a70bed1d0e060d7d671b52611fe3f9a45394'}, 'dob': {'date': '1957-06-04T05:16:05.861Z', 'age': 67}, 'registered': {'date': '2017-09-10T10:21:51.799Z', 'age': 6}, 'phone': '(068) R19-4907', 'cell': '(067) P86-9300', 'id': {'name': '', 'value': None}, 'picture': {'large': 'https://randomuser.me/api/portraits/women/80.jpg', 'medium': 'https://randomuser.me/api/portraits/med/women/80.jpg', 'thumbnail': 'https://randomuser.me/api/portraits/thumb/women/80.jpg'}, 'nat': 'UA'}], 'info': {'seed': '23774bf1ec82f514', 'results': 1, 'page': 1, 'version': '1.4'}}</msg>
<arg>${json_data}</arg>
<doc>Logs the given message with the given level.</doc>
<status status="PASS" start="2024-08-02T04:19:27.976413" elapsed="0.000218"/>
</kw>
<kw name="Should Be Equal As Numbers" owner="BuiltIn">
<arg>${json_data['results'][0]['location']['postcode']}</arg>
<arg>${json_data['results'][0]['location']['postcode']}</arg>
<doc>Fails if objects are unequal after converting them to real numbers.</doc>
<status status="PASS" start="2024-08-02T04:19:27.976925" elapsed="0.000676"/>
</kw>
<kw name="Log" owner="BuiltIn">
<msg time="2024-08-02T04:19:27.978143" level="INFO">53838</msg>
<arg>${json_data['results'][0]['location']['postcode']}</arg>
<doc>Logs the given message with the given level.</doc>
<status status="PASS" start="2024-08-02T04:19:27.977803" elapsed="0.000381"/>
</kw>
<status status="PASS" start="2024-08-02T04:19:27.879198" elapsed="0.099269"/>
</kw>
<doc>Testa se os tipos de dados na resposta da API estão corretos.</doc>
<tag>testeTiposDados</tag>
<status status="PASS" start="2024-08-02T04:19:27.802669" elapsed="0.175961"/>
</test>
<test id="s1-s1-t5" name="Validar conteudo" line="35">
<kw name="Teste de Tipos de Conteudo" owner="random-user-service">
<kw name="GET On Session" owner="RequestsLibrary">
<msg time="2024-08-02T04:19:28.092982" level="INFO">GET Request : url=https://randomuser.me/api 
 path_url=/api 
 headers={'User-Agent': 'python-requests/2.32.3', 'Accept-Encoding': 'gzip, deflate', 'Accept': '*/*', 'Connection': 'keep-alive'} 
 body=None 
 </msg>
<msg time="2024-08-02T04:19:28.093069" level="INFO">GET Response : url=https://randomuser.me/api 
 status=200, reason=OK 
 headers={'Date': 'Fri, 02 Aug 2024 04:19:28 GMT', 'Content-Type': 'application/json; charset=utf-8', 'Transfer-Encoding': 'chunked', 'Connection': 'keep-alive', 'X-Powered-By': 'Express', 'Access-Control-Allow-Origin': '*', 'Cache-Control': 'no-cache', 'ETag': 'W/"493-Ke/1iC8vXGo8Jy6Dlx8v2DgUii8"', 'Vary': 'Accept-Encoding', 'Content-Encoding': 'gzip', 'CF-Cache-Status': 'DYNAMIC', 'Report-To': '{"endpoints":[{"url":"https:\\/\\/a.nel.cloudflare.com\\/report\\/v4?s=MSAOS3t9DxIogW%2FB27BE%2BFxgzRe1KhhVP31yPQjWGDrauRjSW15VD%2B8Mz4D4zwCJkeFK5IHuM0UIhxUILRAT9ELBJHvTwEufo1k8WEO1BDSTSSyKCRpByq4H7Je%2Bop0v"}],"group":"cf-nel","max_age":604800}', 'NEL': '{"success_fraction":0,"report_to":"cf-nel","max_age":604800}', 'Server': 'cloudflare', 'CF-RAY': '8acb4513e8798024-IAD', 'alt-svc': 'h3=":443"; ma=86400'} 
 body={"results":[{"gender":"female","name":{"title":"Mrs","first":"Mechislava","last":"Skripchenko"},"location":{"street":{"number":956,"name":"Irchana"},"city":"Bershad","state":"Hersonska","country":"Ukraine","postcode":12977,"coordinates":{"latitude":"79.5958","longitude":"144.4551"},"timezone":{"offset":"-3:00","description":"Brazil, Buenos Aires, Georgetown"}},"email":"mechislava.skripchenko@example.com","login":{"uuid":"8c65161d-07e7-48f4-8ed2-9c70f8566267","username":"blackmouse782","password":"stud","salt":"B4BG0sc5","md5":"c4fbd840dde76a5be08839340929b7b0","sha1":"ee45be17ecc6560c0a98808990ece622476ed2fb","sha256":"74b735fe39137148b21b9f5d4b396e396dda39b05a13c54ebb0957dcc1b75865"},"dob":{"date":"1972-08-31T08:08:24.664Z","age":51},"registered":{"date":"2003-05-15T08:52:43.025Z","age":21},"phone":"(096) I34-1443","cell":"(096) G16-4082","id":{"name":"","value":null},"picture":{"large":"https://randomuser.me/api/portraits/women/92.jpg","medium":"https://randomuser.me/api/portraits/med/women/92.jpg","thumbnail":"https://randomuser.me/api/portraits/thumb/women/92.jpg"},"nat":"UA"}],"info":{"seed":"460cd0aa970103e7","results":1,"page":1,"version":"1.4"}} 
 </msg>
<msg time="2024-08-02T04:19:28.093148" level="INFO">/opt/hostedtoolcache/Python/3.12.4/x64/lib/python3.12/site-packages/urllib3/connectionpool.py:1099: InsecureRequestWarning: Unverified HTTPS request is being made to host 'randomuser.me'. Adding certificate verification is strongly advised. See: https://urllib3.readthedocs.io/en/latest/advanced-usage.html#tls-warnings
  warnings.warn(</msg>
<msg time="2024-08-02T04:19:28.093317" level="INFO">${response} = &lt;Response [200]&gt;</msg>
<var>${response}</var>
<arg>consultarAPI</arg>
<arg>/api</arg>
<doc>Sends a GET request on a previously created HTTP Session.</doc>
<status status="PASS" start="2024-08-02T04:19:27.980951" elapsed="0.112417"/>
</kw>
<kw name="Set Variable" owner="BuiltIn">
<msg time="2024-08-02T04:19:28.094289" level="INFO">${json_data} = {'results': [{'gender': 'female', 'name': {'title': 'Mrs', 'first': 'Mechislava', 'last': 'Skripchenko'}, 'location': {'street': {'number': 956, 'name': 'Irchana'}, 'city': 'Bershad', 'state': 'Herson...</msg>
<var>${json_data}</var>
<arg>${response.json()}</arg>
<doc>Returns the given values which can then be assigned to a variables.</doc>
<status status="PASS" start="2024-08-02T04:19:28.093838" elapsed="0.000480"/>
</kw>
<kw name="Set Variable" owner="BuiltIn">
<msg time="2024-08-02T04:19:28.094999" level="INFO">${name_title} = Mrs</msg>
<var>${name_title}</var>
<arg>${json_data["results"][0]["name"]["title"]}</arg>
<doc>Returns the given values which can then be assigned to a variables.</doc>
<status status="PASS" start="2024-08-02T04:19:28.094616" elapsed="0.000409"/>
</kw>
<kw name="Create List" owner="BuiltIn">
<msg time="2024-08-02T04:19:28.095466" level="INFO">${allowed_titles} = ['Mr', 'Ms', 'Miss', 'Mrs', 'Madame', 'Monsieur']</msg>
<var>${allowed_titles}</var>
<arg>Mr</arg>
<arg>Ms</arg>
<arg>Miss</arg>
<arg>Mrs</arg>
<arg>Madame</arg>
<arg>Monsieur</arg>
<doc>Returns a list containing given items.</doc>
<status status="PASS" start="2024-08-02T04:19:28.095318" elapsed="0.000172"/>
</kw>
<kw name="List Should Contain Value" owner="Collections">
<arg>${allowed_titles}</arg>
<arg>${name_title}</arg>
<doc>Fails if the ``value`` is not found from ``list``.</doc>
<status status="PASS" start="2024-08-02T04:19:28.095782" elapsed="0.000170"/>
</kw>
<kw name="Set Variable" owner="BuiltIn">
<msg time="2024-08-02T04:19:28.096507" level="INFO">${name_country} = UA</msg>
<var>${name_country}</var>
<arg>${json_data["results"][0]["nat"]}</arg>
<doc>Returns the given values which can then be assigned to a variables.</doc>
<status status="PASS" start="2024-08-02T04:19:28.096134" elapsed="0.000397"/>
</kw>
<kw name="Create List" owner="BuiltIn">
<msg time="2024-08-02T04:19:28.097439" level="INFO">${list_country} = ['AD', 'AE', 'AF', 'AG', 'AI', 'AL', 'AM', 'AO', 'AQ', 'AR', 'AS', 'AT', 'AU', 'AW', 'AX', 'AZ', 'BA', 'BB', 'BD', 'BE', 'BF', 'BG', 'BH', 'BI', 'BJ', 'BL', 'BM', 'BN', 'BO', 'BQ', 'BR', 'BS', 'BT', '...</msg>
<var>${list_country}</var>
<arg>AD</arg>
<arg>AE</arg>
<arg>AF</arg>
<arg>AG</arg>
<arg>AI</arg>
<arg>AL</arg>
<arg>AM</arg>
<arg>AO</arg>
<arg>AQ</arg>
<arg>AR</arg>
<arg>AS</arg>
<arg>AT</arg>
<arg>AU</arg>
<arg>AW</arg>
<arg>AX</arg>
<arg>AZ</arg>
<arg>BA</arg>
<arg>BB</arg>
<arg>BD</arg>
<arg>BE</arg>
<arg>BF</arg>
<arg>BG</arg>
<arg>BH</arg>
<arg>BI</arg>
<arg>BJ</arg>
<arg>BL</arg>
<arg>BM</arg>
<arg>BN</arg>
<arg>BO</arg>
<arg>BQ</arg>
<arg>BR</arg>
<arg>BS</arg>
<arg>BT</arg>
<arg>BV</arg>
<arg>BW</arg>
<arg>BY</arg>
<arg>BZ</arg>
<arg>CA</arg>
<arg>CC</arg>
<arg>CD</arg>
<arg>CF</arg>
<arg>CG</arg>
<arg>CH</arg>
<arg>CI</arg>
<arg>CK</arg>
<arg>CL</arg>
<arg>CM</arg>
<arg>CN</arg>
<arg>CO</arg>
<arg>CR</arg>
<arg>CU</arg>
<arg>CV</arg>
<arg>CW</arg>
<arg>CX</arg>
<arg>CY</arg>
<arg>CZ</arg>
<arg>DE</arg>
<arg>DJ</arg>
<arg>DK</arg>
<arg>DM</arg>
<arg>DO</arg>
<arg>DZ</arg>
<arg>EC</arg>
<arg>EE</arg>
<arg>EG</arg>
<arg>EH</arg>
<arg>ER</arg>
<arg>ES</arg>
<arg>ET</arg>
<arg>FI</arg>
<arg>FJ</arg>
<arg>FK</arg>
<arg>FM</arg>
<arg>FO</arg>
<arg>FR</arg>
<arg>GA</arg>
<arg>GB</arg>
<arg>GD</arg>
<arg>GE</arg>
<arg>GF</arg>
<arg>GG</arg>
<arg>GH</arg>
<arg>GI</arg>
<arg>GL</arg>
<arg>GM</arg>
<arg>GN</arg>
<arg>GP</arg>
<arg>GQ</arg>
<arg>GR</arg>
<arg>GS</arg>
<arg>GT</arg>
<arg>GU</arg>
<arg>GW</arg>
<arg>GY</arg>
<arg>HK</arg>
<arg>HM</arg>
<arg>HN</arg>
<arg>HR</arg>
<arg>HT</arg>
<arg>HU</arg>
<arg>ID</arg>
<arg>IE</arg>
<arg>IL</arg>
<arg>IM</arg>
<arg>IN</arg>
<arg>IO</arg>
<arg>IQ</arg>
<arg>IR</arg>
<arg>IS</arg>
<arg>IT</arg>
<arg>JE</arg>
<arg>JM</arg>
<arg>JO</arg>
<arg>JP</arg>
<arg>KE</arg>
<arg>KG</arg>
<arg>KH</arg>
<arg>KI</arg>
<arg>KM</arg>
<arg>KN</arg>
<arg>KP</arg>
<arg>KR</arg>
<arg>KW</arg>
<arg>KY</arg>
<arg>KZ</arg>
<arg>LA</arg>
<arg>LB</arg>
<arg>LC</arg>
<arg>LI</arg>
<arg>LK</arg>
<arg>LR</arg>
<arg>LS</arg>
<arg>LT</arg>
<arg>LU</arg>
<arg>LV</arg>
<arg>LY</arg>
<arg>MA</arg>
<arg>MC</arg>
<arg>MD</arg>
<arg>ME</arg>
<arg>MF</arg>
<arg>MG</arg>
<arg>MH</arg>
<arg>MK</arg>
<arg>ML</arg>
<arg>MM</arg>
<arg>MN</arg>
<arg>MO</arg>
<arg>MP</arg>
<arg>MQ</arg>
<arg>MR</arg>
<arg>MS</arg>
<arg>MT</arg>
<arg>MU</arg>
<arg>MV</arg>
<arg>MW</arg>
<arg>MX</arg>
<arg>MY</arg>
<arg>MZ</arg>
<arg>NA</arg>
<arg>NC</arg>
<arg>NE</arg>
<arg>NF</arg>
<arg>NG</arg>
<arg>NI</arg>
<arg>NL</arg>
<arg>NO</arg>
<arg>NP</arg>
<arg>NR</arg>
<arg>NU</arg>
<arg>NZ</arg>
<arg>OM</arg>
<arg>PA</arg>
<arg>PE</arg>
<arg>PF</arg>
<arg>PG</arg>
<arg>PH</arg>
<arg>PK</arg>
<arg>PL</arg>
<arg>PM</arg>
<arg>PN</arg>
<arg>PR</arg>
<arg>PS</arg>
<arg>PT</arg>
<arg>PW</arg>
<arg>PY</arg>
<arg>QA</arg>
<arg>RE</arg>
<arg>RO</arg>
<arg>RS</arg>
<arg>RU</arg>
<arg>RW</arg>
<arg>SA</arg>
<arg>SB</arg>
<arg>SC</arg>
<arg>SD</arg>
<arg>SE</arg>
<arg>SG</arg>
<arg>SH</arg>
<arg>SI</arg>
<arg>SJ</arg>
<arg>SK</arg>
<arg>SL</arg>
<arg>SM</arg>
<arg>SN</arg>
<arg>SO</arg>
<arg>SR</arg>
<arg>SS</arg>
<arg>ST</arg>
<arg>SV</arg>
<arg>SX</arg>
<arg>SY</arg>
<arg>SZ</arg>
<arg>TC</arg>
<arg>TD</arg>
<arg>TF</arg>
<arg>TG</arg>
<arg>TH</arg>
<arg>TJ</arg>
<arg>TK</arg>
<arg>TL</arg>
<arg>TM</arg>
<arg>TN</arg>
<arg>TO</arg>
<arg>TR</arg>
<arg>TT</arg>
<arg>TV</arg>
<arg>TW</arg>
<arg>TZ</arg>
<arg>UA</arg>
<arg>UG</arg>
<arg>UM</arg>
<arg>US</arg>
<arg>UY</arg>
<arg>UZ</arg>
<arg>VA</arg>
<arg>VC</arg>
<arg>VE</arg>
<arg>VG</arg>
<arg>VI</arg>
<arg>VN</arg>
<arg>VU</arg>
<arg>WF</arg>
<arg>WS</arg>
<arg>XK</arg>
<arg>YE</arg>
<arg>YT</arg>
<arg>ZA</arg>
<arg>ZM</arg>
<arg>ZW</arg>
<doc>Returns a list containing given items.</doc>
<status status="PASS" start="2024-08-02T04:19:28.096817" elapsed="0.000648"/>
</kw>
<kw name="List Should Contain Value" owner="Collections">
<arg>${list_country}</arg>
<arg>${name_country}</arg>
<doc>Fails if the ``value`` is not found from ``list``.</doc>
<status status="PASS" start="2024-08-02T04:19:28.098406" elapsed="0.000219"/>
</kw>
<kw name="Run Keyword If" owner="BuiltIn">
<kw name="Should Be True" owner="BuiltIn">
<arg>${True}</arg>
<doc>Fails if the given condition is not true.</doc>
<status status="PASS" start="2024-08-02T04:19:28.099555" elapsed="0.000140"/>
</kw>
<arg>${json_data["results"][0]["location"]["coordinates"]["latitude"]} &gt;= -90 and ${json_data["results"][0]["location"]["coordinates"]["latitude"]} &lt;= 90</arg>
<arg>Should Be True</arg>
<arg>${True}</arg>
<doc>Runs the given keyword with the given arguments, if ``condition`` is true.</doc>
<status status="PASS" start="2024-08-02T04:19:28.098821" elapsed="0.001001"/>
</kw>
<kw name="Run Keyword If" owner="BuiltIn">
<kw name="Should Be True" owner="BuiltIn">
<arg>${True}</arg>
<doc>Fails if the given condition is not true.</doc>
<status status="PASS" start="2024-08-02T04:19:28.100695" elapsed="0.000137"/>
</kw>
<arg>${json_data["results"][0]["location"]["coordinates"]["longitude"]} &gt;= -180 and ${json_data["results"][0]["location"]["coordinates"]["longitude"]} &lt;= 180</arg>
<arg>Should Be True</arg>
<arg>${True}</arg>
<doc>Runs the given keyword with the given arguments, if ``condition`` is true.</doc>
<status status="PASS" start="2024-08-02T04:19:28.100002" elapsed="0.000954"/>
</kw>
<status status="PASS" start="2024-08-02T04:19:27.980737" elapsed="0.120348"/>
</kw>
<doc>Testa o conteúdo específico dos campos retornados pela API.</doc>
<tag>testeConteudo</tag>
<status status="PASS" start="2024-08-02T04:19:27.980324" elapsed="0.120925"/>
</test>
<status status="PASS" start="2024-08-02T04:19:27.296053" elapsed="0.807103"/>
</suite>
<status status="PASS" start="2024-08-02T04:19:27.282092" elapsed="0.826080"/>
</suite>
<statistics>
<total>
<stat pass="5" fail="0" skip="0">All Tests</stat>
</total>
<tag>
<stat pass="1" fail="0" skip="0">testeConteudo</stat>
<stat pass="1" fail="0" skip="0">testeEstruturaResposta</stat>
<stat pass="1" fail="0" skip="0">testeRequisicaoBasica</stat>
<stat pass="1" fail="0" skip="0">testeTiposDados</stat>
</tag>
<suite>
<stat pass="5" fail="0" skip="0" id="s1" name="Tests">Tests</stat>
<stat pass="5" fail="0" skip="0" id="s1-s1" name="Random-User-Test">Tests.Random-User-Test</stat>
</suite>
</statistics>
<errors>
</errors>
</robot>
