<?xml version="1.0" encoding="UTF-8"?>
<robot generator="Robot 7.0 (Python 3.12.3 on linux)" generated="2024-05-27T21:14:49.873357" rpa="false" schemaversion="5">
<suite id="s1" name="Tests" source="/home/runner/work/ApiRandomUser/ApiRandomUser/RamdonUser/tests">
<suite id="s1-s1" name="Random-User-Test" source="/home/runner/work/ApiRandomUser/ApiRandomUser/RamdonUser/tests/random-user-test.robot">
<test id="s1-s1-t1" name="Conectar" line="13">
<kw name="Conectar API" owner="random-user-service">
<kw name="Create Session" owner="RequestsLibrary">
<msg time="2024-05-27T21:14:50.261421" level="INFO">Creating Session using : alias=consultarAPI, url=https://randomuser.me/, headers={},                     cookies={}, auth=None, timeout=None, proxies=None, verify=False,                     debug=0 </msg>
<arg>consultarAPI</arg>
<arg>${URL}</arg>
<doc>Create Session: create a HTTP session to a server</doc>
<status status="PASS" start="2024-05-27T21:14:50.261213" elapsed="0.000392"/>
</kw>
<status status="PASS" start="2024-05-27T21:14:50.260171" elapsed="0.001801"/>
</kw>
<status status="PASS" start="2024-05-27T21:14:50.259560" elapsed="0.002606"/>
</test>
<test id="s1-s1-t2" name="Validar retorno 200 e JSON Válido" line="16">
<kw name="Teste de Requisicao Basica" owner="random-user-service">
<kw name="GET On Session" owner="RequestsLibrary">
<msg time="2024-05-27T21:14:50.369184" level="INFO">GET Request : url=https://randomuser.me/api 
 path_url=/api 
 headers={'User-Agent': 'python-requests/2.32.2', 'Accept-Encoding': 'gzip, deflate', 'Accept': '*/*', 'Connection': 'keep-alive'} 
 body=None 
 </msg>
<msg time="2024-05-27T21:14:50.369338" level="INFO">GET Response : url=https://randomuser.me/api 
 status=200, reason=OK 
 headers={'Date': 'Mon, 27 May 2024 21:14:50 GMT', 'Content-Type': 'application/json; charset=utf-8', 'Transfer-Encoding': 'chunked', 'Connection': 'keep-alive', 'X-Powered-By': 'Express', 'Access-Control-Allow-Origin': '*', 'Cache-Control': 'no-cache', 'ETag': 'W/"494-hx7e2JHZFZ73EzXRrog3X7Ux0y8"', 'Vary': 'Accept-Encoding', 'Content-Encoding': 'gzip', 'CF-Cache-Status': 'DYNAMIC', 'Report-To': '{"endpoints":[{"url":"https:\\/\\/a.nel.cloudflare.com\\/report\\/v4?s=rN4SQ7GWs3s8sp%2BqW5%2B3Z3WV5o3zU%2B%2BLwTiD%2B8T1yBOtWuvnwcPfB57VnSqijvB7Ta4CgT5SKlIiaurBc2Qtsn0fqMO4%2Bqxdpl8p0KA5%2BG199pCuHLVCCfnmjBMKGk%2FJ"}],"group":"cf-nel","max_age":604800}', 'NEL': '{"success_fraction":0,"report_to":"cf-nel","max_age":604800}', 'Server': 'cloudflare', 'CF-RAY': '88a9045068b8acac-ORD', 'alt-svc': 'h3=":443"; ma=86400'} 
 body={"results":[{"gender":"female","name":{"title":"Ms","first":"Crissy","last":"Lang"},"location":{"street":{"number":2508,"name":"Glopweg"},"city":"Rijsbergen","state":"Zeeland","country":"Netherlands","postcode":"3671 IH","coordinates":{"latitude":"30.3507","longitude":"154.3270"},"timezone":{"offset":"+11:00","description":"Magadan, Solomon Islands, New Caledonia"}},"email":"crissy.lang@example.com","login":{"uuid":"26ff49be-23f0-4561-b85e-a05e67e0fedd","username":"tinymouse120","password":"freee","salt":"n9awzgCG","md5":"6eb7f4660de595946b9df601d10587e7","sha1":"907f629fa93f8acfc7f45985fc31118ef7706f66","sha256":"caad30229853c449a44b9aa550c4f60e6658a01e86ef77d11e682f4b22bdec73"},"dob":{"date":"1964-11-30T07:20:50.359Z","age":59},"registered":{"date":"2020-01-01T14:05:09.004Z","age":4},"phone":"(049) 0998815","cell":"(06) 52593734","id":{"name":"BSN","value":"43023250"},"picture":{"large":"https://randomuser.me/api/portraits/women/38.jpg","medium":"https://randomuser.me/api/portraits/med/women/38.jpg","thumbnail":"https://randomuser.me/api/portraits/thumb/women/38.jpg"},"nat":"NL"}],"info":{"seed":"ee27165c5ae1feb8","results":1,"page":1,"version":"1.4"}} 
 </msg>
<msg time="2024-05-27T21:14:50.369418" level="INFO">/opt/hostedtoolcache/Python/3.12.3/x64/lib/python3.12/site-packages/urllib3/connectionpool.py:1103: InsecureRequestWarning: Unverified HTTPS request is being made to host 'randomuser.me'. Adding certificate verification is strongly advised. See: https://urllib3.readthedocs.io/en/latest/advanced-usage.html#tls-warnings
  warnings.warn(</msg>
<msg time="2024-05-27T21:14:50.369579" level="INFO">${response} = &lt;Response [200]&gt;</msg>
<var>${response}</var>
<arg>consultarAPI</arg>
<arg>/api</arg>
<doc>Sends a GET request on a previously created HTTP Session.</doc>
<status status="PASS" start="2024-05-27T21:14:50.264823" elapsed="0.104801"/>
</kw>
<kw name="Should Be Equal As Numbers" owner="BuiltIn">
<msg time="2024-05-27T21:14:50.370623" level="INFO">Argument types are:
&lt;class 'int'&gt;
&lt;class 'str'&gt;</msg>
<arg>${response.status_code}</arg>
<arg>200</arg>
<doc>Fails if objects are unequal after converting them to real numbers.</doc>
<status status="PASS" start="2024-05-27T21:14:50.370170" elapsed="0.000519"/>
</kw>
<kw name="Log" owner="BuiltIn">
<msg time="2024-05-27T21:14:50.371395" level="INFO">200</msg>
<arg>${response.status_code}</arg>
<doc>Logs the given message with the given level.</doc>
<status status="PASS" start="2024-05-27T21:14:50.371039" elapsed="0.000404"/>
</kw>
<kw name="Set Variable" owner="BuiltIn">
<msg time="2024-05-27T21:14:50.372188" level="INFO">${json_data} = {'results': [{'gender': 'female', 'name': {'title': 'Ms', 'first': 'Crissy', 'last': 'Lang'}, 'location': {'street': {'number': 2508, 'name': 'Glopweg'}, 'city': 'Rijsbergen', 'state': 'Zeeland', 'cou...</msg>
<var>${json_data}</var>
<arg>${response.json()}</arg>
<doc>Returns the given values which can then be assigned to a variables.</doc>
<status status="PASS" start="2024-05-27T21:14:50.371755" elapsed="0.000461"/>
</kw>
<kw name="Dictionary Should Contain Key" owner="Collections">
<msg time="2024-05-27T21:14:50.372749" level="INFO">False</msg>
<arg>${json_data}</arg>
<arg>results</arg>
<doc>Fails if ``key`` is not found from ``dictionary``.</doc>
<status status="PASS" start="2024-05-27T21:14:50.372565" elapsed="0.000225"/>
</kw>
<status status="PASS" start="2024-05-27T21:14:50.264575" elapsed="0.108496"/>
</kw>
<doc>Testa se a API responde corretamente e retorna um objeto JSON válido.</doc>
<tag>testeRequisicaoBasica</tag>
<status status="PASS" start="2024-05-27T21:14:50.264022" elapsed="0.109239"/>
</test>
<test id="s1-s1-t3" name="Validar estrutura de resposta" line="22">
<kw name="Teste de Estrutura de Resposta" owner="random-user-service">
<kw name="GET On Session" owner="RequestsLibrary">
<msg time="2024-05-27T21:14:50.463573" level="INFO">GET Request : url=https://randomuser.me/api 
 path_url=/api 
 headers={'User-Agent': 'python-requests/2.32.2', 'Accept-Encoding': 'gzip, deflate', 'Accept': '*/*', 'Connection': 'keep-alive'} 
 body=None 
 </msg>
<msg time="2024-05-27T21:14:50.463677" level="INFO">GET Response : url=https://randomuser.me/api 
 status=200, reason=OK 
 headers={'Date': 'Mon, 27 May 2024 21:14:50 GMT', 'Content-Type': 'application/json; charset=utf-8', 'Transfer-Encoding': 'chunked', 'Connection': 'keep-alive', 'X-Powered-By': 'Express', 'Access-Control-Allow-Origin': '*', 'Cache-Control': 'no-cache', 'ETag': 'W/"468-0T5a6b9Idd2hptX1UVMV7ba2b3U"', 'Vary': 'Accept-Encoding', 'Content-Encoding': 'gzip', 'CF-Cache-Status': 'DYNAMIC', 'Report-To': '{"endpoints":[{"url":"https:\\/\\/a.nel.cloudflare.com\\/report\\/v4?s=WdwVtaUvELa1tSfPCM6tmctxfr%2BPp8hMCSyE8YS7nY1Ly7bkNwtSbFnAnvZBd6utdkISHxOUmYbU1Hv2ddt%2FUU%2F5KM%2FsPW0uNhUtjgVIo4uE2rl0S9IC29zx64Muw833"}],"group":"cf-nel","max_age":604800}', 'NEL': '{"success_fraction":0,"report_to":"cf-nel","max_age":604800}', 'Server': 'cloudflare', 'CF-RAY': '88a90450da21acac-ORD', 'alt-svc': 'h3=":443"; ma=86400'} 
 body={"results":[{"gender":"male","name":{"title":"Mr","first":"Gökhan","last":"Kahveci"},"location":{"street":{"number":3259,"name":"Şehitler Cd"},"city":"Ankara","state":"Ağrı","country":"Turkey","postcode":45014,"coordinates":{"latitude":"65.8610","longitude":"-153.7970"},"timezone":{"offset":"+5:45","description":"Kathmandu"}},"email":"gokhan.kahveci@example.com","login":{"uuid":"67b55106-d39c-4082-a88c-b1d2e9f662de","username":"lazypeacock757","password":"kitten","salt":"1oJUaHiQ","md5":"4a7a2f5fed73f8db4195eda0b9d872be","sha1":"23498c748736446643359a81c761a597358f85fe","sha256":"93f3fe170edeac8121115f26e1bc8112d3197a4a100219ed6176eaa50a021ad0"},"dob":{"date":"1949-07-08T23:21:57.722Z","age":74},"registered":{"date":"2019-06-09T15:20:43.848Z","age":4},"phone":"(869)-341-8939","cell":"(210)-308-3109","id":{"name":"","value":null},"picture":{"large":"https://randomuser.me/api/portraits/men/16.jpg","medium":"https://randomuser.me/api/portraits/med/men/16.jpg","thumbnail":"https://randomuser.me/api/portraits/thumb/men/16.jpg"},"nat":"TR"}],"info":{"seed":"ba7fd479e2cf1051","results":1,"page":1,"version":"1.4"}} 
 </msg>
<msg time="2024-05-27T21:14:50.463815" level="INFO">/opt/hostedtoolcache/Python/3.12.3/x64/lib/python3.12/site-packages/urllib3/connectionpool.py:1103: InsecureRequestWarning: Unverified HTTPS request is being made to host 'randomuser.me'. Adding certificate verification is strongly advised. See: https://urllib3.readthedocs.io/en/latest/advanced-usage.html#tls-warnings
  warnings.warn(</msg>
<msg time="2024-05-27T21:14:50.463971" level="INFO">${response} = &lt;Response [200]&gt;</msg>
<var>${response}</var>
<arg>consultarAPI</arg>
<arg>/api</arg>
<doc>Sends a GET request on a previously created HTTP Session.</doc>
<status status="PASS" start="2024-05-27T21:14:50.375856" elapsed="0.088156"/>
</kw>
<kw name="Set Variable" owner="BuiltIn">
<msg time="2024-05-27T21:14:50.465017" level="INFO">${json_data} = {'results': [{'gender': 'male', 'name': {'title': 'Mr', 'first': 'Gökhan', 'last': 'Kahveci'}, 'location': {'street': {'number': 3259, 'name': 'Şehitler Cd'}, 'city': 'Ankara', 'state': 'Ağrı', 'count...</msg>
<var>${json_data}</var>
<arg>${response.json()}</arg>
<doc>Returns the given values which can then be assigned to a variables.</doc>
<status status="PASS" start="2024-05-27T21:14:50.464499" elapsed="0.000550"/>
</kw>
<kw name="Log" owner="BuiltIn">
<msg time="2024-05-27T21:14:50.465527" level="INFO">{'results': [{'gender': 'male', 'name': {'title': 'Mr', 'first': 'Gökhan', 'last': 'Kahveci'}, 'location': {'street': {'number': 3259, 'name': 'Şehitler Cd'}, 'city': 'Ankara', 'state': 'Ağrı', 'country': 'Turkey', 'postcode': 45014, 'coordinates': {'latitude': '65.8610', 'longitude': '-153.7970'}, 'timezone': {'offset': '+5:45', 'description': 'Kathmandu'}}, 'email': 'gokhan.kahveci@example.com', 'login': {'uuid': '67b55106-d39c-4082-a88c-b1d2e9f662de', 'username': 'lazypeacock757', 'password': 'kitten', 'salt': '1oJUaHiQ', 'md5': '4a7a2f5fed73f8db4195eda0b9d872be', 'sha1': '23498c748736446643359a81c761a597358f85fe', 'sha256': '93f3fe170edeac8121115f26e1bc8112d3197a4a100219ed6176eaa50a021ad0'}, 'dob': {'date': '1949-07-08T23:21:57.722Z', 'age': 74}, 'registered': {'date': '2019-06-09T15:20:43.848Z', 'age': 4}, 'phone': '(869)-341-8939', 'cell': '(210)-308-3109', 'id': {'name': '', 'value': None}, 'picture': {'large': 'https://randomuser.me/api/portraits/men/16.jpg', 'medium': 'https://randomuser.me/api/portraits/med/men/16.jpg', 'thumbnail': 'https://randomuser.me/api/portraits/thumb/men/16.jpg'}, 'nat': 'TR'}], 'info': {'seed': 'ba7fd479e2cf1051', 'results': 1, 'page': 1, 'version': '1.4'}}</msg>
<arg>${json_data}</arg>
<doc>Logs the given message with the given level.</doc>
<status status="PASS" start="2024-05-27T21:14:50.465363" elapsed="0.000223"/>
</kw>
<kw name="Dictionary Should Contain Key" owner="Collections">
<msg time="2024-05-27T21:14:50.466050" level="INFO">False</msg>
<arg>${json_data}</arg>
<arg>results</arg>
<doc>Fails if ``key`` is not found from ``dictionary``.</doc>
<status status="PASS" start="2024-05-27T21:14:50.465890" elapsed="0.000198"/>
</kw>
<kw name="Should Not Be Empty" owner="BuiltIn">
<msg time="2024-05-27T21:14:50.466529" level="INFO">Length is 2.</msg>
<arg>${json_data}</arg>
<doc>Verifies that the given item is not empty.</doc>
<status status="PASS" start="2024-05-27T21:14:50.466387" elapsed="0.000181"/>
</kw>
<kw name="Create List" owner="BuiltIn">
<msg time="2024-05-27T21:14:50.467180" level="INFO">${expected_keys} = ['gender', 'name', 'location', 'email', 'login']</msg>
<var>${expected_keys}</var>
<arg>gender</arg>
<arg>name</arg>
<arg>location</arg>
<arg>email</arg>
<arg>login</arg>
<doc>Returns a list containing given items.</doc>
<status status="PASS" start="2024-05-27T21:14:50.466862" elapsed="0.000344"/>
</kw>
<for flavor="IN">
<iter>
<kw name="Dictionary Should Contain Key" owner="Collections">
<msg time="2024-05-27T21:14:50.468226" level="INFO">False</msg>
<arg>${json_data['results'][0]}</arg>
<arg>${key}</arg>
<doc>Fails if ``key`` is not found from ``dictionary``.</doc>
<status status="PASS" start="2024-05-27T21:14:50.467818" elapsed="0.000447"/>
</kw>
<kw name="Log" owner="BuiltIn">
<msg time="2024-05-27T21:14:50.468994" level="INFO">{'gender': 'male', 'name': {'title': 'Mr', 'first': 'Gökhan', 'last': 'Kahveci'}, 'location': {'street': {'number': 3259, 'name': 'Şehitler Cd'}, 'city': 'Ankara', 'state': 'Ağrı', 'country': 'Turkey', 'postcode': 45014, 'coordinates': {'latitude': '65.8610', 'longitude': '-153.7970'}, 'timezone': {'offset': '+5:45', 'description': 'Kathmandu'}}, 'email': 'gokhan.kahveci@example.com', 'login': {'uuid': '67b55106-d39c-4082-a88c-b1d2e9f662de', 'username': 'lazypeacock757', 'password': 'kitten', 'salt': '1oJUaHiQ', 'md5': '4a7a2f5fed73f8db4195eda0b9d872be', 'sha1': '23498c748736446643359a81c761a597358f85fe', 'sha256': '93f3fe170edeac8121115f26e1bc8112d3197a4a100219ed6176eaa50a021ad0'}, 'dob': {'date': '1949-07-08T23:21:57.722Z', 'age': 74}, 'registered': {'date': '2019-06-09T15:20:43.848Z', 'age': 4}, 'phone': '(869)-341-8939', 'cell': '(210)-308-3109', 'id': {'name': '', 'value': None}, 'picture': {'large': 'https://randomuser.me/api/portraits/men/16.jpg', 'medium': 'https://randomuser.me/api/portraits/med/men/16.jpg', 'thumbnail': 'https://randomuser.me/api/portraits/thumb/men/16.jpg'}, 'nat': 'TR'}</msg>
<arg>${json_data['results'][0]}</arg>
<doc>Logs the given message with the given level.</doc>
<status status="PASS" start="2024-05-27T21:14:50.468615" elapsed="0.000431"/>
</kw>
<kw name="Log" owner="BuiltIn">
<msg time="2024-05-27T21:14:50.469480" level="INFO">gender</msg>
<arg>${key}</arg>
<doc>Logs the given message with the given level.</doc>
<status status="PASS" start="2024-05-27T21:14:50.469349" elapsed="0.000168"/>
</kw>
<var name="${key}">gender</var>
<status status="PASS" start="2024-05-27T21:14:50.467688" elapsed="0.002047"/>
</iter>
<iter>
<kw name="Dictionary Should Contain Key" owner="Collections">
<msg time="2024-05-27T21:14:50.470444" level="INFO">False</msg>
<arg>${json_data['results'][0]}</arg>
<arg>${key}</arg>
<doc>Fails if ``key`` is not found from ``dictionary``.</doc>
<status status="PASS" start="2024-05-27T21:14:50.470040" elapsed="0.000443"/>
</kw>
<kw name="Log" owner="BuiltIn">
<msg time="2024-05-27T21:14:50.471198" level="INFO">{'gender': 'male', 'name': {'title': 'Mr', 'first': 'Gökhan', 'last': 'Kahveci'}, 'location': {'street': {'number': 3259, 'name': 'Şehitler Cd'}, 'city': 'Ankara', 'state': 'Ağrı', 'country': 'Turkey', 'postcode': 45014, 'coordinates': {'latitude': '65.8610', 'longitude': '-153.7970'}, 'timezone': {'offset': '+5:45', 'description': 'Kathmandu'}}, 'email': 'gokhan.kahveci@example.com', 'login': {'uuid': '67b55106-d39c-4082-a88c-b1d2e9f662de', 'username': 'lazypeacock757', 'password': 'kitten', 'salt': '1oJUaHiQ', 'md5': '4a7a2f5fed73f8db4195eda0b9d872be', 'sha1': '23498c748736446643359a81c761a597358f85fe', 'sha256': '93f3fe170edeac8121115f26e1bc8112d3197a4a100219ed6176eaa50a021ad0'}, 'dob': {'date': '1949-07-08T23:21:57.722Z', 'age': 74}, 'registered': {'date': '2019-06-09T15:20:43.848Z', 'age': 4}, 'phone': '(869)-341-8939', 'cell': '(210)-308-3109', 'id': {'name': '', 'value': None}, 'picture': {'large': 'https://randomuser.me/api/portraits/men/16.jpg', 'medium': 'https://randomuser.me/api/portraits/med/men/16.jpg', 'thumbnail': 'https://randomuser.me/api/portraits/thumb/men/16.jpg'}, 'nat': 'TR'}</msg>
<arg>${json_data['results'][0]}</arg>
<doc>Logs the given message with the given level.</doc>
<status status="PASS" start="2024-05-27T21:14:50.470829" elapsed="0.000430"/>
</kw>
<kw name="Log" owner="BuiltIn">
<msg time="2024-05-27T21:14:50.471688" level="INFO">name</msg>
<arg>${key}</arg>
<doc>Logs the given message with the given level.</doc>
<status status="PASS" start="2024-05-27T21:14:50.471559" elapsed="0.000167"/>
</kw>
<var name="${key}">name</var>
<status status="PASS" start="2024-05-27T21:14:50.469924" elapsed="0.002017"/>
</iter>
<iter>
<kw name="Dictionary Should Contain Key" owner="Collections">
<msg time="2024-05-27T21:14:50.472632" level="INFO">False</msg>
<arg>${json_data['results'][0]}</arg>
<arg>${key}</arg>
<doc>Fails if ``key`` is not found from ``dictionary``.</doc>
<status status="PASS" start="2024-05-27T21:14:50.472233" elapsed="0.000437"/>
</kw>
<kw name="Log" owner="BuiltIn">
<msg time="2024-05-27T21:14:50.473325" level="INFO">{'gender': 'male', 'name': {'title': 'Mr', 'first': 'Gökhan', 'last': 'Kahveci'}, 'location': {'street': {'number': 3259, 'name': 'Şehitler Cd'}, 'city': 'Ankara', 'state': 'Ağrı', 'country': 'Turkey', 'postcode': 45014, 'coordinates': {'latitude': '65.8610', 'longitude': '-153.7970'}, 'timezone': {'offset': '+5:45', 'description': 'Kathmandu'}}, 'email': 'gokhan.kahveci@example.com', 'login': {'uuid': '67b55106-d39c-4082-a88c-b1d2e9f662de', 'username': 'lazypeacock757', 'password': 'kitten', 'salt': '1oJUaHiQ', 'md5': '4a7a2f5fed73f8db4195eda0b9d872be', 'sha1': '23498c748736446643359a81c761a597358f85fe', 'sha256': '93f3fe170edeac8121115f26e1bc8112d3197a4a100219ed6176eaa50a021ad0'}, 'dob': {'date': '1949-07-08T23:21:57.722Z', 'age': 74}, 'registered': {'date': '2019-06-09T15:20:43.848Z', 'age': 4}, 'phone': '(869)-341-8939', 'cell': '(210)-308-3109', 'id': {'name': '', 'value': None}, 'picture': {'large': 'https://randomuser.me/api/portraits/men/16.jpg', 'medium': 'https://randomuser.me/api/portraits/med/men/16.jpg', 'thumbnail': 'https://randomuser.me/api/portraits/thumb/men/16.jpg'}, 'nat': 'TR'}</msg>
<arg>${json_data['results'][0]}</arg>
<doc>Logs the given message with the given level.</doc>
<status status="PASS" start="2024-05-27T21:14:50.472965" elapsed="0.000414"/>
</kw>
<kw name="Log" owner="BuiltIn">
<msg time="2024-05-27T21:14:50.473807" level="INFO">location</msg>
<arg>${key}</arg>
<doc>Logs the given message with the given level.</doc>
<status status="PASS" start="2024-05-27T21:14:50.473681" elapsed="0.000164"/>
</kw>
<var name="${key}">location</var>
<status status="PASS" start="2024-05-27T21:14:50.472121" elapsed="0.001944"/>
</iter>
<iter>
<kw name="Dictionary Should Contain Key" owner="Collections">
<msg time="2024-05-27T21:14:50.474734" level="INFO">False</msg>
<arg>${json_data['results'][0]}</arg>
<arg>${key}</arg>
<doc>Fails if ``key`` is not found from ``dictionary``.</doc>
<status status="PASS" start="2024-05-27T21:14:50.474354" elapsed="0.000419"/>
</kw>
<kw name="Log" owner="BuiltIn">
<msg time="2024-05-27T21:14:50.475429" level="INFO">{'gender': 'male', 'name': {'title': 'Mr', 'first': 'Gökhan', 'last': 'Kahveci'}, 'location': {'street': {'number': 3259, 'name': 'Şehitler Cd'}, 'city': 'Ankara', 'state': 'Ağrı', 'country': 'Turkey', 'postcode': 45014, 'coordinates': {'latitude': '65.8610', 'longitude': '-153.7970'}, 'timezone': {'offset': '+5:45', 'description': 'Kathmandu'}}, 'email': 'gokhan.kahveci@example.com', 'login': {'uuid': '67b55106-d39c-4082-a88c-b1d2e9f662de', 'username': 'lazypeacock757', 'password': 'kitten', 'salt': '1oJUaHiQ', 'md5': '4a7a2f5fed73f8db4195eda0b9d872be', 'sha1': '23498c748736446643359a81c761a597358f85fe', 'sha256': '93f3fe170edeac8121115f26e1bc8112d3197a4a100219ed6176eaa50a021ad0'}, 'dob': {'date': '1949-07-08T23:21:57.722Z', 'age': 74}, 'registered': {'date': '2019-06-09T15:20:43.848Z', 'age': 4}, 'phone': '(869)-341-8939', 'cell': '(210)-308-3109', 'id': {'name': '', 'value': None}, 'picture': {'large': 'https://randomuser.me/api/portraits/men/16.jpg', 'medium': 'https://randomuser.me/api/portraits/med/men/16.jpg', 'thumbnail': 'https://randomuser.me/api/portraits/thumb/men/16.jpg'}, 'nat': 'TR'}</msg>
<arg>${json_data['results'][0]}</arg>
<doc>Logs the given message with the given level.</doc>
<status status="PASS" start="2024-05-27T21:14:50.475069" elapsed="0.000411"/>
</kw>
<kw name="Log" owner="BuiltIn">
<msg time="2024-05-27T21:14:50.475908" level="INFO">email</msg>
<arg>${key}</arg>
<doc>Logs the given message with the given level.</doc>
<status status="PASS" start="2024-05-27T21:14:50.475780" elapsed="0.000166"/>
</kw>
<var name="${key}">email</var>
<status status="PASS" start="2024-05-27T21:14:50.474239" elapsed="0.001923"/>
</iter>
<iter>
<kw name="Dictionary Should Contain Key" owner="Collections">
<msg time="2024-05-27T21:14:50.476879" level="INFO">False</msg>
<arg>${json_data['results'][0]}</arg>
<arg>${key}</arg>
<doc>Fails if ``key`` is not found from ``dictionary``.</doc>
<status status="PASS" start="2024-05-27T21:14:50.476491" elapsed="0.000426"/>
</kw>
<kw name="Log" owner="BuiltIn">
<msg time="2024-05-27T21:14:50.477576" level="INFO">{'gender': 'male', 'name': {'title': 'Mr', 'first': 'Gökhan', 'last': 'Kahveci'}, 'location': {'street': {'number': 3259, 'name': 'Şehitler Cd'}, 'city': 'Ankara', 'state': 'Ağrı', 'country': 'Turkey', 'postcode': 45014, 'coordinates': {'latitude': '65.8610', 'longitude': '-153.7970'}, 'timezone': {'offset': '+5:45', 'description': 'Kathmandu'}}, 'email': 'gokhan.kahveci@example.com', 'login': {'uuid': '67b55106-d39c-4082-a88c-b1d2e9f662de', 'username': 'lazypeacock757', 'password': 'kitten', 'salt': '1oJUaHiQ', 'md5': '4a7a2f5fed73f8db4195eda0b9d872be', 'sha1': '23498c748736446643359a81c761a597358f85fe', 'sha256': '93f3fe170edeac8121115f26e1bc8112d3197a4a100219ed6176eaa50a021ad0'}, 'dob': {'date': '1949-07-08T23:21:57.722Z', 'age': 74}, 'registered': {'date': '2019-06-09T15:20:43.848Z', 'age': 4}, 'phone': '(869)-341-8939', 'cell': '(210)-308-3109', 'id': {'name': '', 'value': None}, 'picture': {'large': 'https://randomuser.me/api/portraits/men/16.jpg', 'medium': 'https://randomuser.me/api/portraits/med/men/16.jpg', 'thumbnail': 'https://randomuser.me/api/portraits/thumb/men/16.jpg'}, 'nat': 'TR'}</msg>
<arg>${json_data['results'][0]}</arg>
<doc>Logs the given message with the given level.</doc>
<status status="PASS" start="2024-05-27T21:14:50.477211" elapsed="0.000416"/>
</kw>
<kw name="Log" owner="BuiltIn">
<msg time="2024-05-27T21:14:50.478051" level="INFO">login</msg>
<arg>${key}</arg>
<doc>Logs the given message with the given level.</doc>
<status status="PASS" start="2024-05-27T21:14:50.477925" elapsed="0.000164"/>
</kw>
<var name="${key}">login</var>
<status status="PASS" start="2024-05-27T21:14:50.476369" elapsed="0.001935"/>
</iter>
<var>${key}</var>
<value>@{expected_keys}</value>
<status status="PASS" start="2024-05-27T21:14:50.467473" elapsed="0.010953"/>
</for>
<kw name="Create List" owner="BuiltIn">
<msg time="2024-05-27T21:14:50.478793" level="INFO">${expected_keysTwo} = ['username', 'password']</msg>
<var>${expected_keysTwo}</var>
<arg>username</arg>
<arg>password</arg>
<doc>Returns a list containing given items.</doc>
<status status="PASS" start="2024-05-27T21:14:50.478648" elapsed="0.000169"/>
</kw>
<for flavor="IN">
<iter>
<kw name="Dictionary Should Contain Key" owner="Collections">
<msg time="2024-05-27T21:14:50.479706" level="INFO">False</msg>
<arg>${json_data['results'][0]['login']}</arg>
<arg>${keyTwo}</arg>
<doc>Fails if ``key`` is not found from ``dictionary``.</doc>
<status status="PASS" start="2024-05-27T21:14:50.479319" elapsed="0.000424"/>
</kw>
<kw name="Dictionary Should Contain Key" owner="Collections">
<msg time="2024-05-27T21:14:50.480471" level="INFO">False</msg>
<arg>${json_data['results'][0]['login']}</arg>
<arg>${keyTwo}</arg>
<doc>Fails if ``key`` is not found from ``dictionary``.</doc>
<status status="PASS" start="2024-05-27T21:14:50.480043" elapsed="0.000466"/>
</kw>
<kw name="Log" owner="BuiltIn">
<msg time="2024-05-27T21:14:50.480935" level="INFO">username</msg>
<arg>${keyTwo}</arg>
<doc>Logs the given message with the given level.</doc>
<status status="PASS" start="2024-05-27T21:14:50.480806" elapsed="0.000168"/>
</kw>
<var name="${keyTwo}">username</var>
<status status="PASS" start="2024-05-27T21:14:50.479208" elapsed="0.001982"/>
</iter>
<iter>
<kw name="Dictionary Should Contain Key" owner="Collections">
<msg time="2024-05-27T21:14:50.481853" level="INFO">False</msg>
<arg>${json_data['results'][0]['login']}</arg>
<arg>${keyTwo}</arg>
<doc>Fails if ``key`` is not found from ``dictionary``.</doc>
<status status="PASS" start="2024-05-27T21:14:50.481477" elapsed="0.000413"/>
</kw>
<kw name="Dictionary Should Contain Key" owner="Collections">
<msg time="2024-05-27T21:14:50.482638" level="INFO">False</msg>
<arg>${json_data['results'][0]['login']}</arg>
<arg>${keyTwo}</arg>
<doc>Fails if ``key`` is not found from ``dictionary``.</doc>
<status status="PASS" start="2024-05-27T21:14:50.482178" elapsed="0.000498"/>
</kw>
<kw name="Log" owner="BuiltIn">
<msg time="2024-05-27T21:14:50.483099" level="INFO">password</msg>
<arg>${keyTwo}</arg>
<doc>Logs the given message with the given level.</doc>
<status status="PASS" start="2024-05-27T21:14:50.482970" elapsed="0.000167"/>
</kw>
<var name="${keyTwo}">password</var>
<status status="PASS" start="2024-05-27T21:14:50.481362" elapsed="0.002002"/>
</iter>
<var>${keyTwo}</var>
<value>@{expected_keysTwo}</value>
<status status="PASS" start="2024-05-27T21:14:50.479055" elapsed="0.004430"/>
</for>
<status status="PASS" start="2024-05-27T21:14:50.375615" elapsed="0.108010"/>
</kw>
<doc>Testa a estrutura da resposta da API.</doc>
<tag>testeEstruturaResposta</tag>
<status status="PASS" start="2024-05-27T21:14:50.375100" elapsed="0.108683"/>
</test>
<test id="s1-s1-t4" name="Validar tipos de dados" line="28">
<kw name="Teste de Tipos de Dados" owner="random-user-service">
<kw name="GET On Session" owner="RequestsLibrary">
<msg time="2024-05-27T21:14:50.543178" level="INFO">GET Request : url=https://randomuser.me/api 
 path_url=/api 
 headers={'User-Agent': 'python-requests/2.32.2', 'Accept-Encoding': 'gzip, deflate', 'Accept': '*/*', 'Connection': 'keep-alive'} 
 body=None 
 </msg>
<msg time="2024-05-27T21:14:50.543252" level="INFO">GET Response : url=https://randomuser.me/api 
 status=200, reason=OK 
 headers={'Date': 'Mon, 27 May 2024 21:14:50 GMT', 'Content-Type': 'application/json; charset=utf-8', 'Transfer-Encoding': 'chunked', 'Connection': 'keep-alive', 'X-Powered-By': 'Express', 'Access-Control-Allow-Origin': '*', 'Cache-Control': 'no-cache', 'ETag': 'W/"46e-FbNqs+lHkDgVCz8mfxgdiohLiEw"', 'Vary': 'Accept-Encoding', 'Content-Encoding': 'gzip', 'CF-Cache-Status': 'DYNAMIC', 'Report-To': '{"endpoints":[{"url":"https:\\/\\/a.nel.cloudflare.com\\/report\\/v4?s=hLw0SuLLwps7m1GdTM2UX1u7VseMeTnvmKWFCYr4Jff%2B%2BsjsH4bNIXLomIKEWGciyhXUinGe165j1qO%2F%2BAdbiG7TIuwsJME4LIEE7vBctE6h0%2BzpYB5EU3YBbjCbcvEm"}],"group":"cf-nel","max_age":604800}', 'NEL': '{"success_fraction":0,"report_to":"cf-nel","max_age":604800}', 'Server': 'cloudflare', 'CF-RAY': '88a904518bf6acac-ORD', 'alt-svc': 'h3=":443"; ma=86400'} 
 body={"results":[{"gender":"male","name":{"title":"Mr","first":"Oliwier","last":"Lilleås"},"location":{"street":{"number":6553,"name":"Lillebergveien"},"city":"Skarde","state":"Oppland","country":"Norway","postcode":"3476","coordinates":{"latitude":"39.9922","longitude":"-36.5023"},"timezone":{"offset":"+9:30","description":"Adelaide, Darwin"}},"email":"oliwier.lilleas@example.com","login":{"uuid":"b7ea8b8b-dc44-4c53-a080-2b51d8c595ef","username":"orangebear237","password":"1975","salt":"YVtrXvo6","md5":"66f72251482d3e41ed1911adc045f0a4","sha1":"cdd19f78aae971cb19acb893471ec0f428fdb576","sha256":"d00b0f1db3f94a238a3db130f584999205be722ff727e5dd1f7d6c3ebce0764f"},"dob":{"date":"1986-06-25T11:00:05.700Z","age":37},"registered":{"date":"2009-07-04T04:46:29.076Z","age":14},"phone":"85736399","cell":"43931750","id":{"name":"FN","value":"25068633306"},"picture":{"large":"https://randomuser.me/api/portraits/men/9.jpg","medium":"https://randomuser.me/api/portraits/med/men/9.jpg","thumbnail":"https://randomuser.me/api/portraits/thumb/men/9.jpg"},"nat":"NO"}],"info":{"seed":"b6417f293db9eb5c","results":1,"page":1,"version":"1.4"}} 
 </msg>
<msg time="2024-05-27T21:14:50.543314" level="INFO">/opt/hostedtoolcache/Python/3.12.3/x64/lib/python3.12/site-packages/urllib3/connectionpool.py:1103: InsecureRequestWarning: Unverified HTTPS request is being made to host 'randomuser.me'. Adding certificate verification is strongly advised. See: https://urllib3.readthedocs.io/en/latest/advanced-usage.html#tls-warnings
  warnings.warn(</msg>
<msg time="2024-05-27T21:14:50.543433" level="INFO">${response} = &lt;Response [200]&gt;</msg>
<var>${response}</var>
<arg>consultarAPI</arg>
<arg>/api</arg>
<doc>Sends a GET request on a previously created HTTP Session.</doc>
<status status="PASS" start="2024-05-27T21:14:50.486314" elapsed="0.057158"/>
</kw>
<kw name="Set Variable" owner="BuiltIn">
<msg time="2024-05-27T21:14:50.544429" level="INFO">${json_data} = {'results': [{'gender': 'male', 'name': {'title': 'Mr', 'first': 'Oliwier', 'last': 'Lilleås'}, 'location': {'street': {'number': 6553, 'name': 'Lillebergveien'}, 'city': 'Skarde', 'state': 'Oppland',...</msg>
<var>${json_data}</var>
<arg>${response.json()}</arg>
<doc>Returns the given values which can then be assigned to a variables.</doc>
<status status="PASS" start="2024-05-27T21:14:50.543901" elapsed="0.000559"/>
</kw>
<kw name="Log" owner="BuiltIn">
<msg time="2024-05-27T21:14:50.544928" level="INFO">{'results': [{'gender': 'male', 'name': {'title': 'Mr', 'first': 'Oliwier', 'last': 'Lilleås'}, 'location': {'street': {'number': 6553, 'name': 'Lillebergveien'}, 'city': 'Skarde', 'state': 'Oppland', 'country': 'Norway', 'postcode': '3476', 'coordinates': {'latitude': '39.9922', 'longitude': '-36.5023'}, 'timezone': {'offset': '+9:30', 'description': 'Adelaide, Darwin'}}, 'email': 'oliwier.lilleas@example.com', 'login': {'uuid': 'b7ea8b8b-dc44-4c53-a080-2b51d8c595ef', 'username': 'orangebear237', 'password': '1975', 'salt': 'YVtrXvo6', 'md5': '66f72251482d3e41ed1911adc045f0a4', 'sha1': 'cdd19f78aae971cb19acb893471ec0f428fdb576', 'sha256': 'd00b0f1db3f94a238a3db130f584999205be722ff727e5dd1f7d6c3ebce0764f'}, 'dob': {'date': '1986-06-25T11:00:05.700Z', 'age': 37}, 'registered': {'date': '2009-07-04T04:46:29.076Z', 'age': 14}, 'phone': '85736399', 'cell': '43931750', 'id': {'name': 'FN', 'value': '25068633306'}, 'picture': {'large': 'https://randomuser.me/api/portraits/men/9.jpg', 'medium': 'https://randomuser.me/api/portraits/med/men/9.jpg', 'thumbnail': 'https://randomuser.me/api/portraits/thumb/men/9.jpg'}, 'nat': 'NO'}], 'info': {'seed': 'b6417f293db9eb5c', 'results': 1, 'page': 1, 'version': '1.4'}}</msg>
<arg>${json_data}</arg>
<doc>Logs the given message with the given level.</doc>
<status status="PASS" start="2024-05-27T21:14:50.544771" elapsed="0.000206"/>
</kw>
<kw name="Should Be String" owner="String">
<arg>${json_data['results'][0]['gender']}</arg>
<doc>Fails if the given ``item`` is not a string.</doc>
<status status="PASS" start="2024-05-27T21:14:50.545304" elapsed="0.000365"/>
</kw>
<kw name="Should Match Regexp" owner="BuiltIn">
<arg>${json_data['results'][0]['email']}</arg>
<arg>^[a-zA-Z0-9._%+-]+@[a-zA-Z0-9.-]+\.[a-zA-Z]{2,}$</arg>
<doc>Fails if ``string`` does not match ``pattern`` as a regular expression.</doc>
<status status="PASS" start="2024-05-27T21:14:50.545862" elapsed="0.000538"/>
</kw>
<kw name="Should Match Regexp" owner="BuiltIn">
<arg>${json_data['results'][0]['dob']['date']}</arg>
<arg>\\d{4}-\\d{2}-\\d{2}T\\d{2}:\\d{2}:\\d{2}\\.\\d{3}Z</arg>
<doc>Fails if ``string`` does not match ``pattern`` as a regular expression.</doc>
<status status="PASS" start="2024-05-27T21:14:50.546600" elapsed="0.000484"/>
</kw>
<kw name="Should Match Regexp" owner="BuiltIn">
<arg>${json_data['results'][0]['registered']['date']}</arg>
<arg>\\d{4}-\\d{2}-\\d{2}T\\d{2}:\\d{2}:\\d{2}\\.\\d{3}Z</arg>
<doc>Fails if ``string`` does not match ``pattern`` as a regular expression.</doc>
<status status="PASS" start="2024-05-27T21:14:50.547276" elapsed="0.000361"/>
</kw>
<kw name="Should Match Regexp" owner="BuiltIn">
<arg>${json_data['results'][0]['picture']['large']}</arg>
<arg>^https?://.*\.(?:png|jpe?g|gif|bmp)$</arg>
<doc>Fails if ``string`` does not match ``pattern`` as a regular expression.</doc>
<status status="PASS" start="2024-05-27T21:14:50.547823" elapsed="0.000463"/>
</kw>
<kw name="Should Match Regexp" owner="BuiltIn">
<arg>${json_data['results'][0]['picture']['medium']}</arg>
<arg>^https?://.*\.(?:png|jpe?g|gif|bmp)$</arg>
<doc>Fails if ``string`` does not match ``pattern`` as a regular expression.</doc>
<status status="PASS" start="2024-05-27T21:14:50.548499" elapsed="0.000388"/>
</kw>
<kw name="Should Match Regexp" owner="BuiltIn">
<arg>${json_data['results'][0]['picture']['thumbnail']}</arg>
<arg>^https?://.*\.(?:png|jpe?g|gif|bmp)$</arg>
<doc>Fails if ``string`` does not match ``pattern`` as a regular expression.</doc>
<status status="PASS" start="2024-05-27T21:14:50.549077" elapsed="0.000353"/>
</kw>
<kw name="Log" owner="BuiltIn">
<msg time="2024-05-27T21:14:50.549949" level="INFO">{'large': 'https://randomuser.me/api/portraits/men/9.jpg', 'medium': 'https://randomuser.me/api/portraits/med/men/9.jpg', 'thumbnail': 'https://randomuser.me/api/portraits/thumb/men/9.jpg'}</msg>
<arg>${json_data['results'][0]['picture']}</arg>
<doc>Logs the given message with the given level.</doc>
<status status="PASS" start="2024-05-27T21:14:50.549625" elapsed="0.000367"/>
</kw>
<status status="PASS" start="2024-05-27T21:14:50.486061" elapsed="0.064197"/>
</kw>
<kw name="Teste de Tipos de Dados - Postcode" owner="random-user-service">
<kw name="GET On Session" owner="RequestsLibrary">
<msg time="2024-05-27T21:14:50.659215" level="INFO">GET Request : url=https://randomuser.me/api 
 path_url=/api 
 headers={'User-Agent': 'python-requests/2.32.2', 'Accept-Encoding': 'gzip, deflate', 'Accept': '*/*', 'Connection': 'keep-alive'} 
 body=None 
 </msg>
<msg time="2024-05-27T21:14:50.659306" level="INFO">GET Response : url=https://randomuser.me/api 
 status=200, reason=OK 
 headers={'Date': 'Mon, 27 May 2024 21:14:50 GMT', 'Content-Type': 'application/json; charset=utf-8', 'Transfer-Encoding': 'chunked', 'Connection': 'keep-alive', 'X-Powered-By': 'Express', 'Access-Control-Allow-Origin': '*', 'Cache-Control': 'no-cache', 'ETag': 'W/"489-PXGOE2uPA+Vl0S+B3U8Dsi8iFCs"', 'Vary': 'Accept-Encoding', 'Content-Encoding': 'gzip', 'CF-Cache-Status': 'DYNAMIC', 'Report-To': '{"endpoints":[{"url":"https:\\/\\/a.nel.cloudflare.com\\/report\\/v4?s=c9Ta%2FQoYAvq9lzoiliX4YAV2wKPs80JcEicHnYgWlX6fU8eoEDVeD%2Fx23NNx8f1bjEUCybKpuK4us2YfCAhCpvWBO74MFggalcAQbUScKxXl%2BWsb8TFjB3QZ%2BF87DxbV"}],"group":"cf-nel","max_age":604800}', 'NEL': '{"success_fraction":0,"report_to":"cf-nel","max_age":604800}', 'Server': 'cloudflare', 'CF-RAY': '88a90451fd05acac-ORD', 'alt-svc': 'h3=":443"; ma=86400'} 
 body={"results":[{"gender":"female","name":{"title":"Mrs","first":"Natalie","last":"Asp"},"location":{"street":{"number":4092,"name":"Tvetenveien"},"city":"Balestrand","state":"Telemark","country":"Norway","postcode":"6984","coordinates":{"latitude":"40.8171","longitude":"163.8858"},"timezone":{"offset":"+8:00","description":"Beijing, Perth, Singapore, Hong Kong"}},"email":"natalie.asp@example.com","login":{"uuid":"b09d6e0c-4c75-4067-88de-836dfb588fba","username":"tinylion274","password":"squerting","salt":"VDvcAEGG","md5":"b73560785a79b6189345dfbb8515cd37","sha1":"cedb9f069de127aacabbab1c8cf7be75e12732cd","sha256":"6df9c1b156b89b352152b95ebf8bd9662b2744f76e89e6a93d7a194d2826b2b0"},"dob":{"date":"1968-07-17T05:17:39.261Z","age":55},"registered":{"date":"2019-05-23T18:11:07.514Z","age":5},"phone":"73559767","cell":"95784240","id":{"name":"FN","value":"17076817294"},"picture":{"large":"https://randomuser.me/api/portraits/women/92.jpg","medium":"https://randomuser.me/api/portraits/med/women/92.jpg","thumbnail":"https://randomuser.me/api/portraits/thumb/women/92.jpg"},"nat":"NO"}],"info":{"seed":"29c05289b4baedca","results":1,"page":1,"version":"1.4"}} 
 </msg>
<msg time="2024-05-27T21:14:50.659372" level="INFO">/opt/hostedtoolcache/Python/3.12.3/x64/lib/python3.12/site-packages/urllib3/connectionpool.py:1103: InsecureRequestWarning: Unverified HTTPS request is being made to host 'randomuser.me'. Adding certificate verification is strongly advised. See: https://urllib3.readthedocs.io/en/latest/advanced-usage.html#tls-warnings
  warnings.warn(</msg>
<msg time="2024-05-27T21:14:50.659500" level="INFO">${response} = &lt;Response [200]&gt;</msg>
<var>${response}</var>
<arg>consultarAPI</arg>
<arg>/api</arg>
<doc>Sends a GET request on a previously created HTTP Session.</doc>
<status status="PASS" start="2024-05-27T21:14:50.550721" elapsed="0.108818"/>
</kw>
<kw name="Set Variable" owner="BuiltIn">
<msg time="2024-05-27T21:14:50.660540" level="INFO">${json_data} = {'results': [{'gender': 'female', 'name': {'title': 'Mrs', 'first': 'Natalie', 'last': 'Asp'}, 'location': {'street': {'number': 4092, 'name': 'Tvetenveien'}, 'city': 'Balestrand', 'state': 'Telemark'...</msg>
<var>${json_data}</var>
<arg>${response.json()}</arg>
<doc>Returns the given values which can then be assigned to a variables.</doc>
<status status="PASS" start="2024-05-27T21:14:50.660001" elapsed="0.000573"/>
</kw>
<kw name="Log" owner="BuiltIn">
<msg time="2024-05-27T21:14:50.661035" level="INFO">{'results': [{'gender': 'female', 'name': {'title': 'Mrs', 'first': 'Natalie', 'last': 'Asp'}, 'location': {'street': {'number': 4092, 'name': 'Tvetenveien'}, 'city': 'Balestrand', 'state': 'Telemark', 'country': 'Norway', 'postcode': '6984', 'coordinates': {'latitude': '40.8171', 'longitude': '163.8858'}, 'timezone': {'offset': '+8:00', 'description': 'Beijing, Perth, Singapore, Hong Kong'}}, 'email': 'natalie.asp@example.com', 'login': {'uuid': 'b09d6e0c-4c75-4067-88de-836dfb588fba', 'username': 'tinylion274', 'password': 'squerting', 'salt': 'VDvcAEGG', 'md5': 'b73560785a79b6189345dfbb8515cd37', 'sha1': 'cedb9f069de127aacabbab1c8cf7be75e12732cd', 'sha256': '6df9c1b156b89b352152b95ebf8bd9662b2744f76e89e6a93d7a194d2826b2b0'}, 'dob': {'date': '1968-07-17T05:17:39.261Z', 'age': 55}, 'registered': {'date': '2019-05-23T18:11:07.514Z', 'age': 5}, 'phone': '73559767', 'cell': '95784240', 'id': {'name': 'FN', 'value': '17076817294'}, 'picture': {'large': 'https://randomuser.me/api/portraits/women/92.jpg', 'medium': 'https://randomuser.me/api/portraits/med/women/92.jpg', 'thumbnail': 'https://randomuser.me/api/portraits/thumb/women/92.jpg'}, 'nat': 'NO'}], 'info': {'seed': '29c05289b4baedca', 'results': 1, 'page': 1, 'version': '1.4'}}</msg>
<arg>${json_data}</arg>
<doc>Logs the given message with the given level.</doc>
<status status="PASS" start="2024-05-27T21:14:50.660882" elapsed="0.000201"/>
</kw>
<kw name="Should Be Equal As Numbers" owner="BuiltIn">
<arg>${json_data['results'][0]['location']['postcode']}</arg>
<arg>${json_data['results'][0]['location']['postcode']}</arg>
<doc>Fails if objects are unequal after converting them to real numbers.</doc>
<status status="PASS" start="2024-05-27T21:14:50.661387" elapsed="0.000798"/>
</kw>
<kw name="Log" owner="BuiltIn">
<msg time="2024-05-27T21:14:50.662745" level="INFO">6984</msg>
<arg>${json_data['results'][0]['location']['postcode']}</arg>
<doc>Logs the given message with the given level.</doc>
<status status="PASS" start="2024-05-27T21:14:50.662412" elapsed="0.000373"/>
</kw>
<status status="PASS" start="2024-05-27T21:14:50.550481" elapsed="0.112563"/>
</kw>
<doc>Testa se os tipos de dados na resposta da API estão corretos.</doc>
<tag>testeTiposDados</tag>
<status status="PASS" start="2024-05-27T21:14:50.485611" elapsed="0.177604"/>
</test>
<test id="s1-s1-t5" name="Validar conteudo" line="35">
<kw name="Teste de Tipos de Conteudo" owner="random-user-service">
<kw name="GET On Session" owner="RequestsLibrary">
<msg time="2024-05-27T21:14:50.753981" level="INFO">GET Request : url=https://randomuser.me/api 
 path_url=/api 
 headers={'User-Agent': 'python-requests/2.32.2', 'Accept-Encoding': 'gzip, deflate', 'Accept': '*/*', 'Connection': 'keep-alive'} 
 body=None 
 </msg>
<msg time="2024-05-27T21:14:50.754070" level="INFO">GET Response : url=https://randomuser.me/api 
 status=200, reason=OK 
 headers={'Date': 'Mon, 27 May 2024 21:14:50 GMT', 'Content-Type': 'application/json; charset=utf-8', 'Transfer-Encoding': 'chunked', 'Connection': 'keep-alive', 'X-Powered-By': 'Express', 'Access-Control-Allow-Origin': '*', 'Cache-Control': 'no-cache', 'ETag': 'W/"48c-bg/UMqzCeA9GjpCFiNyhqUQJpkc"', 'Vary': 'Accept-Encoding', 'Content-Encoding': 'gzip', 'CF-Cache-Status': 'DYNAMIC', 'Report-To': '{"endpoints":[{"url":"https:\\/\\/a.nel.cloudflare.com\\/report\\/v4?s=7TqnWEpvInia63h66AcctN03MKsP8pYtGYyInEzIk4bdmq8X7qqYoF8CDGp0TvrH54ZWlPX%2BEoPuy8XBwZey4exDy4M9yz%2FhETgaederuJHmEY7HgH0LBxDGHAi3eKKt"}],"group":"cf-nel","max_age":604800}', 'NEL': '{"success_fraction":0,"report_to":"cf-nel","max_age":604800}', 'Server': 'cloudflare', 'CF-RAY': '88a90452aec6acac-ORD', 'alt-svc': 'h3=":443"; ma=86400'} 
 body={"results":[{"gender":"male","name":{"title":"Mr","first":"Chris","last":"Miles"},"location":{"street":{"number":2452,"name":"Strand Road"},"city":"Sallins","state":"Wexford","country":"Ireland","postcode":20691,"coordinates":{"latitude":"-4.1686","longitude":"-157.3336"},"timezone":{"offset":"-5:00","description":"Eastern Time (US &amp; Canada), Bogota, Lima"}},"email":"chris.miles@example.com","login":{"uuid":"2933cdf1-c56f-4f86-a798-f0a2ae1ef667","username":"organicleopard964","password":"jonathan","salt":"Xuz87HAx","md5":"eb533649595a0f859d9b0679d4af8c1a","sha1":"412e54dbcf541d1eeb0ab2f2d888cfcb89e71ee3","sha256":"6edc5ebeb2a3aa0bfabdf47612d1380b8eb4c2bc68ccc7ad14e51fff426e8504"},"dob":{"date":"1946-02-06T02:46:35.782Z","age":78},"registered":{"date":"2015-01-18T04:02:16.491Z","age":9},"phone":"051-809-9344","cell":"081-286-5911","id":{"name":"PPS","value":"1331599T"},"picture":{"large":"https://randomuser.me/api/portraits/men/14.jpg","medium":"https://randomuser.me/api/portraits/med/men/14.jpg","thumbnail":"https://randomuser.me/api/portraits/thumb/men/14.jpg"},"nat":"IE"}],"info":{"seed":"76bc5e9341ab7069","results":1,"page":1,"version":"1.4"}} 
 </msg>
<msg time="2024-05-27T21:14:50.754148" level="INFO">/opt/hostedtoolcache/Python/3.12.3/x64/lib/python3.12/site-packages/urllib3/connectionpool.py:1103: InsecureRequestWarning: Unverified HTTPS request is being made to host 'randomuser.me'. Adding certificate verification is strongly advised. See: https://urllib3.readthedocs.io/en/latest/advanced-usage.html#tls-warnings
  warnings.warn(</msg>
<msg time="2024-05-27T21:14:50.754291" level="INFO">${response} = &lt;Response [200]&gt;</msg>
<var>${response}</var>
<arg>consultarAPI</arg>
<arg>/api</arg>
<doc>Sends a GET request on a previously created HTTP Session.</doc>
<status status="PASS" start="2024-05-27T21:14:50.666560" elapsed="0.087784"/>
</kw>
<kw name="Set Variable" owner="BuiltIn">
<msg time="2024-05-27T21:14:50.755314" level="INFO">${json_data} = {'results': [{'gender': 'male', 'name': {'title': 'Mr', 'first': 'Chris', 'last': 'Miles'}, 'location': {'street': {'number': 2452, 'name': 'Strand Road'}, 'city': 'Sallins', 'state': 'Wexford', 'coun...</msg>
<var>${json_data}</var>
<arg>${response.json()}</arg>
<doc>Returns the given values which can then be assigned to a variables.</doc>
<status status="PASS" start="2024-05-27T21:14:50.754832" elapsed="0.000511"/>
</kw>
<kw name="Set Variable" owner="BuiltIn">
<msg time="2024-05-27T21:14:50.756035" level="INFO">${name_title} = Mr</msg>
<var>${name_title}</var>
<arg>${json_data["results"][0]["name"]["title"]}</arg>
<doc>Returns the given values which can then be assigned to a variables.</doc>
<status status="PASS" start="2024-05-27T21:14:50.755646" elapsed="0.000415"/>
</kw>
<kw name="Create List" owner="BuiltIn">
<msg time="2024-05-27T21:14:50.756559" level="INFO">${allowed_titles} = ['Mr', 'Ms', 'Miss', 'Mrs', 'Madame', 'Monsieur']</msg>
<var>${allowed_titles}</var>
<arg>Mr</arg>
<arg>Ms</arg>
<arg>Miss</arg>
<arg>Mrs</arg>
<arg>Madame</arg>
<arg>Monsieur</arg>
<doc>Returns a list containing given items.</doc>
<status status="PASS" start="2024-05-27T21:14:50.756390" elapsed="0.000193"/>
</kw>
<kw name="List Should Contain Value" owner="Collections">
<msg time="2024-05-27T21:14:50.757063" level="INFO">False</msg>
<arg>${allowed_titles}</arg>
<arg>${name_title}</arg>
<doc>Fails if the ``value`` is not found from ``list``.</doc>
<status status="PASS" start="2024-05-27T21:14:50.756883" elapsed="0.000218"/>
</kw>
<kw name="Set Variable" owner="BuiltIn">
<msg time="2024-05-27T21:14:50.757770" level="INFO">${name_country} = IE</msg>
<var>${name_country}</var>
<arg>${json_data["results"][0]["nat"]}</arg>
<doc>Returns the given values which can then be assigned to a variables.</doc>
<status status="PASS" start="2024-05-27T21:14:50.757385" elapsed="0.000411"/>
</kw>
<kw name="Create List" owner="BuiltIn">
<msg time="2024-05-27T21:14:50.758729" level="INFO">${list_country} = ['AD', 'AE', 'AF', 'AG', 'AI', 'AL', 'AM', 'AO', 'AQ', 'AR', 'AS', 'AT', 'AU', 'AW', 'AX', 'AZ', 'BA', 'BB', 'BD', 'BE', 'BF', 'BG', 'BH', 'BI', 'BJ', 'BL', 'BM', 'BN', 'BO', 'BQ', 'BR', 'BS', 'BT', '...</msg>
<var>${list_country}</var>
<arg>AD</arg>
<arg>AE</arg>
<arg>AF</arg>
<arg>AG</arg>
<arg>AI</arg>
<arg>AL</arg>
<arg>AM</arg>
<arg>AO</arg>
<arg>AQ</arg>
<arg>AR</arg>
<arg>AS</arg>
<arg>AT</arg>
<arg>AU</arg>
<arg>AW</arg>
<arg>AX</arg>
<arg>AZ</arg>
<arg>BA</arg>
<arg>BB</arg>
<arg>BD</arg>
<arg>BE</arg>
<arg>BF</arg>
<arg>BG</arg>
<arg>BH</arg>
<arg>BI</arg>
<arg>BJ</arg>
<arg>BL</arg>
<arg>BM</arg>
<arg>BN</arg>
<arg>BO</arg>
<arg>BQ</arg>
<arg>BR</arg>
<arg>BS</arg>
<arg>BT</arg>
<arg>BV</arg>
<arg>BW</arg>
<arg>BY</arg>
<arg>BZ</arg>
<arg>CA</arg>
<arg>CC</arg>
<arg>CD</arg>
<arg>CF</arg>
<arg>CG</arg>
<arg>CH</arg>
<arg>CI</arg>
<arg>CK</arg>
<arg>CL</arg>
<arg>CM</arg>
<arg>CN</arg>
<arg>CO</arg>
<arg>CR</arg>
<arg>CU</arg>
<arg>CV</arg>
<arg>CW</arg>
<arg>CX</arg>
<arg>CY</arg>
<arg>CZ</arg>
<arg>DE</arg>
<arg>DJ</arg>
<arg>DK</arg>
<arg>DM</arg>
<arg>DO</arg>
<arg>DZ</arg>
<arg>EC</arg>
<arg>EE</arg>
<arg>EG</arg>
<arg>EH</arg>
<arg>ER</arg>
<arg>ES</arg>
<arg>ET</arg>
<arg>FI</arg>
<arg>FJ</arg>
<arg>FK</arg>
<arg>FM</arg>
<arg>FO</arg>
<arg>FR</arg>
<arg>GA</arg>
<arg>GB</arg>
<arg>GD</arg>
<arg>GE</arg>
<arg>GF</arg>
<arg>GG</arg>
<arg>GH</arg>
<arg>GI</arg>
<arg>GL</arg>
<arg>GM</arg>
<arg>GN</arg>
<arg>GP</arg>
<arg>GQ</arg>
<arg>GR</arg>
<arg>GS</arg>
<arg>GT</arg>
<arg>GU</arg>
<arg>GW</arg>
<arg>GY</arg>
<arg>HK</arg>
<arg>HM</arg>
<arg>HN</arg>
<arg>HR</arg>
<arg>HT</arg>
<arg>HU</arg>
<arg>ID</arg>
<arg>IE</arg>
<arg>IL</arg>
<arg>IM</arg>
<arg>IN</arg>
<arg>IO</arg>
<arg>IQ</arg>
<arg>IR</arg>
<arg>IS</arg>
<arg>IT</arg>
<arg>JE</arg>
<arg>JM</arg>
<arg>JO</arg>
<arg>JP</arg>
<arg>KE</arg>
<arg>KG</arg>
<arg>KH</arg>
<arg>KI</arg>
<arg>KM</arg>
<arg>KN</arg>
<arg>KP</arg>
<arg>KR</arg>
<arg>KW</arg>
<arg>KY</arg>
<arg>KZ</arg>
<arg>LA</arg>
<arg>LB</arg>
<arg>LC</arg>
<arg>LI</arg>
<arg>LK</arg>
<arg>LR</arg>
<arg>LS</arg>
<arg>LT</arg>
<arg>LU</arg>
<arg>LV</arg>
<arg>LY</arg>
<arg>MA</arg>
<arg>MC</arg>
<arg>MD</arg>
<arg>ME</arg>
<arg>MF</arg>
<arg>MG</arg>
<arg>MH</arg>
<arg>MK</arg>
<arg>ML</arg>
<arg>MM</arg>
<arg>MN</arg>
<arg>MO</arg>
<arg>MP</arg>
<arg>MQ</arg>
<arg>MR</arg>
<arg>MS</arg>
<arg>MT</arg>
<arg>MU</arg>
<arg>MV</arg>
<arg>MW</arg>
<arg>MX</arg>
<arg>MY</arg>
<arg>MZ</arg>
<arg>NA</arg>
<arg>NC</arg>
<arg>NE</arg>
<arg>NF</arg>
<arg>NG</arg>
<arg>NI</arg>
<arg>NL</arg>
<arg>NO</arg>
<arg>NP</arg>
<arg>NR</arg>
<arg>NU</arg>
<arg>NZ</arg>
<arg>OM</arg>
<arg>PA</arg>
<arg>PE</arg>
<arg>PF</arg>
<arg>PG</arg>
<arg>PH</arg>
<arg>PK</arg>
<arg>PL</arg>
<arg>PM</arg>
<arg>PN</arg>
<arg>PR</arg>
<arg>PS</arg>
<arg>PT</arg>
<arg>PW</arg>
<arg>PY</arg>
<arg>QA</arg>
<arg>RE</arg>
<arg>RO</arg>
<arg>RS</arg>
<arg>RU</arg>
<arg>RW</arg>
<arg>SA</arg>
<arg>SB</arg>
<arg>SC</arg>
<arg>SD</arg>
<arg>SE</arg>
<arg>SG</arg>
<arg>SH</arg>
<arg>SI</arg>
<arg>SJ</arg>
<arg>SK</arg>
<arg>SL</arg>
<arg>SM</arg>
<arg>SN</arg>
<arg>SO</arg>
<arg>SR</arg>
<arg>SS</arg>
<arg>ST</arg>
<arg>SV</arg>
<arg>SX</arg>
<arg>SY</arg>
<arg>SZ</arg>
<arg>TC</arg>
<arg>TD</arg>
<arg>TF</arg>
<arg>TG</arg>
<arg>TH</arg>
<arg>TJ</arg>
<arg>TK</arg>
<arg>TL</arg>
<arg>TM</arg>
<arg>TN</arg>
<arg>TO</arg>
<arg>TR</arg>
<arg>TT</arg>
<arg>TV</arg>
<arg>TW</arg>
<arg>TZ</arg>
<arg>UA</arg>
<arg>UG</arg>
<arg>UM</arg>
<arg>US</arg>
<arg>UY</arg>
<arg>UZ</arg>
<arg>VA</arg>
<arg>VC</arg>
<arg>VE</arg>
<arg>VG</arg>
<arg>VI</arg>
<arg>VN</arg>
<arg>VU</arg>
<arg>WF</arg>
<arg>WS</arg>
<arg>XK</arg>
<arg>YE</arg>
<arg>YT</arg>
<arg>ZA</arg>
<arg>ZM</arg>
<arg>ZW</arg>
<doc>Returns a list containing given items.</doc>
<status status="PASS" start="2024-05-27T21:14:50.758129" elapsed="0.000625"/>
</kw>
<kw name="List Should Contain Value" owner="Collections">
<msg time="2024-05-27T21:14:50.759754" level="INFO">False</msg>
<arg>${list_country}</arg>
<arg>${name_country}</arg>
<doc>Fails if the ``value`` is not found from ``list``.</doc>
<status status="PASS" start="2024-05-27T21:14:50.759551" elapsed="0.000239"/>
</kw>
<kw name="Run Keyword If" owner="BuiltIn">
<kw name="Should Be True" owner="BuiltIn">
<arg>${True}</arg>
<doc>Fails if the given condition is not true.</doc>
<status status="PASS" start="2024-05-27T21:14:50.760874" elapsed="0.000145"/>
</kw>
<arg>${json_data["results"][0]["location"]["coordinates"]["latitude"]} &gt;= -90 and ${json_data["results"][0]["location"]["coordinates"]["latitude"]} &lt;= 90</arg>
<arg>Should Be True</arg>
<arg>${True}</arg>
<doc>Runs the given keyword with the given arguments, if ``condition`` is true.</doc>
<status status="PASS" start="2024-05-27T21:14:50.760096" elapsed="0.001048"/>
</kw>
<kw name="Run Keyword If" owner="BuiltIn">
<kw name="Should Be True" owner="BuiltIn">
<arg>${True}</arg>
<doc>Fails if the given condition is not true.</doc>
<status status="PASS" start="2024-05-27T21:14:50.762016" elapsed="0.000248"/>
</kw>
<arg>${json_data["results"][0]["location"]["coordinates"]["longitude"]} &gt;= -180 and ${json_data["results"][0]["location"]["coordinates"]["longitude"]} &lt;= 180</arg>
<arg>Should Be True</arg>
<arg>${True}</arg>
<doc>Runs the given keyword with the given arguments, if ``condition`` is true.</doc>
<status status="PASS" start="2024-05-27T21:14:50.761328" elapsed="0.001060"/>
</kw>
<status status="PASS" start="2024-05-27T21:14:50.666306" elapsed="0.096214"/>
</kw>
<doc>Testa o conteúdo específico dos campos retornados pela API.</doc>
<tag>testeConteudo</tag>
<status status="PASS" start="2024-05-27T21:14:50.665680" elapsed="0.096993"/>
</test>
<status status="PASS" start="2024-05-27T21:14:49.930274" elapsed="0.834314"/>
</suite>
<status status="PASS" start="2024-05-27T21:14:49.916913" elapsed="0.852811"/>
</suite>
<statistics>
<total>
<stat pass="5" fail="0" skip="0">All Tests</stat>
</total>
<tag>
<stat pass="1" fail="0" skip="0">testeConteudo</stat>
<stat pass="1" fail="0" skip="0">testeEstruturaResposta</stat>
<stat pass="1" fail="0" skip="0">testeRequisicaoBasica</stat>
<stat pass="1" fail="0" skip="0">testeTiposDados</stat>
</tag>
<suite>
<stat pass="5" fail="0" skip="0" id="s1" name="Tests">Tests</stat>
<stat pass="5" fail="0" skip="0" id="s1-s1" name="Random-User-Test">Tests.Random-User-Test</stat>
</suite>
</statistics>
<errors>
</errors>
</robot>
