<?xml version="1.0" encoding="UTF-8"?>
<robot generator="Robot 7.0.1 (Python 3.12.4 on linux)" generated="2024-06-23T15:13:53.654264" rpa="false" schemaversion="5">
<suite id="s1" name="Tests" source="/home/runner/work/ApiRandomUser/ApiRandomUser/RamdonUser/tests">
<suite id="s1-s1" name="Random-User-Test" source="/home/runner/work/ApiRandomUser/ApiRandomUser/RamdonUser/tests/random-user-test.robot">
<test id="s1-s1-t1" name="Conectar" line="13">
<kw name="Conectar API" owner="random-user-service">
<kw name="Create Session" owner="RequestsLibrary">
<msg time="2024-06-23T15:13:54.064598" level="INFO">Creating Session using : alias=consultarAPI, url=https://randomuser.me/, headers={},                     cookies={}, auth=None, timeout=None, proxies=None, verify=False,                     debug=0 </msg>
<arg>consultarAPI</arg>
<arg>${URL}</arg>
<doc>Create Session: create a HTTP session to a server</doc>
<status status="PASS" start="2024-06-23T15:13:54.064397" elapsed="0.000372"/>
</kw>
<status status="PASS" start="2024-06-23T15:13:54.063428" elapsed="0.001697"/>
</kw>
<status status="PASS" start="2024-06-23T15:13:54.062860" elapsed="0.002455"/>
</test>
<test id="s1-s1-t2" name="Validar retorno 200 e JSON Válido" line="16">
<kw name="Teste de Requisicao Basica" owner="random-user-service">
<kw name="GET On Session" owner="RequestsLibrary">
<msg time="2024-06-23T15:13:54.254451" level="INFO">GET Request : url=https://randomuser.me/api 
 path_url=/api 
 headers={'User-Agent': 'python-requests/2.32.3', 'Accept-Encoding': 'gzip, deflate', 'Accept': '*/*', 'Connection': 'keep-alive'} 
 body=None 
 </msg>
<msg time="2024-06-23T15:13:54.254601" level="INFO">GET Response : url=https://randomuser.me/api 
 status=200, reason=OK 
 headers={'Date': 'Sun, 23 Jun 2024 15:13:54 GMT', 'Content-Type': 'application/json; charset=utf-8', 'Transfer-Encoding': 'chunked', 'Connection': 'keep-alive', 'X-Powered-By': 'Express', 'Access-Control-Allow-Origin': '*', 'Cache-Control': 'no-cache', 'ETag': 'W/"49e-8brC3cAlKS2NsiRjS5ReCtbU9ZE"', 'Vary': 'Accept-Encoding', 'Content-Encoding': 'gzip', 'CF-Cache-Status': 'DYNAMIC', 'Report-To': '{"endpoints":[{"url":"https:\\/\\/a.nel.cloudflare.com\\/report\\/v4?s=XWTR6QxCbn%2F9aGmcnsvihPlRJJUMra436xAh%2FxZe%2FP6DgdcRP3dy8gp75BScnV8IrDHvrGAHWK7I3bQWQyTMxt%2BCWodSAmJo6eQg0jW8ZgzoYklOMh1gcONToyRRMKyI"}],"group":"cf-nel","max_age":604800}', 'NEL': '{"success_fraction":0,"report_to":"cf-nel","max_age":604800}', 'Server': 'cloudflare', 'CF-RAY': '89856cb9cab42a90-ORD', 'alt-svc': 'h3=":443"; ma=86400'} 
 body={"results":[{"gender":"male","name":{"title":"Mr","first":"Mika","last":"Altmeyer"},"location":{"street":{"number":8774,"name":"Feldstraße"},"city":"Blaustein","state":"Schleswig-Holstein","country":"Germany","postcode":98882,"coordinates":{"latitude":"-48.4771","longitude":"-50.1171"},"timezone":{"offset":"+3:00","description":"Baghdad, Riyadh, Moscow, St. Petersburg"}},"email":"mika.altmeyer@example.com","login":{"uuid":"b08e41ef-64d4-4aab-81e0-15212f8711ca","username":"whitebird159","password":"airbus","salt":"zqYqMOQq","md5":"3fb919eea47a7ac87d1706770acccf49","sha1":"812dc56b063f4d9eafba80517244198925a74418","sha256":"769db4f164f54753a77f1950a50f6a9125c27a509a36cd95432ff2dae34618ca"},"dob":{"date":"1963-01-23T03:45:14.686Z","age":61},"registered":{"date":"2005-08-30T12:49:06.687Z","age":18},"phone":"0195-4107663","cell":"0172-1224632","id":{"name":"SVNR","value":"09 220163 A 238"},"picture":{"large":"https://randomuser.me/api/portraits/men/11.jpg","medium":"https://randomuser.me/api/portraits/med/men/11.jpg","thumbnail":"https://randomuser.me/api/portraits/thumb/men/11.jpg"},"nat":"DE"}],"info":{"seed":"3c44d09b8c411ac5","results":1,"page":1,"version":"1.4"}} 
 </msg>
<msg time="2024-06-23T15:13:54.254686" level="INFO">/opt/hostedtoolcache/Python/3.12.4/x64/lib/python3.12/site-packages/urllib3/connectionpool.py:1099: InsecureRequestWarning: Unverified HTTPS request is being made to host 'randomuser.me'. Adding certificate verification is strongly advised. See: https://urllib3.readthedocs.io/en/latest/advanced-usage.html#tls-warnings
  warnings.warn(</msg>
<msg time="2024-06-23T15:13:54.254846" level="INFO">${response} = &lt;Response [200]&gt;</msg>
<var>${response}</var>
<arg>consultarAPI</arg>
<arg>/api</arg>
<doc>Sends a GET request on a previously created HTTP Session.</doc>
<status status="PASS" start="2024-06-23T15:13:54.067869" elapsed="0.187025"/>
</kw>
<kw name="Should Be Equal As Numbers" owner="BuiltIn">
<msg time="2024-06-23T15:13:54.255968" level="INFO">Argument types are:
&lt;class 'int'&gt;
&lt;class 'str'&gt;</msg>
<arg>${response.status_code}</arg>
<arg>200</arg>
<doc>Fails if objects are unequal after converting them to real numbers.</doc>
<status status="PASS" start="2024-06-23T15:13:54.255495" elapsed="0.000539"/>
</kw>
<kw name="Log" owner="BuiltIn">
<msg time="2024-06-23T15:13:54.256700" level="INFO">200</msg>
<arg>${response.status_code}</arg>
<doc>Logs the given message with the given level.</doc>
<status status="PASS" start="2024-06-23T15:13:54.256348" elapsed="0.000393"/>
</kw>
<kw name="Set Variable" owner="BuiltIn">
<msg time="2024-06-23T15:13:54.257483" level="INFO">${json_data} = {'results': [{'gender': 'male', 'name': {'title': 'Mr', 'first': 'Mika', 'last': 'Altmeyer'}, 'location': {'street': {'number': 8774, 'name': 'Feldstraße'}, 'city': 'Blaustein', 'state': 'Schleswig-Ho...</msg>
<var>${json_data}</var>
<arg>${response.json()}</arg>
<doc>Returns the given values which can then be assigned to a variables.</doc>
<status status="PASS" start="2024-06-23T15:13:54.257039" elapsed="0.000474"/>
</kw>
<kw name="Dictionary Should Contain Key" owner="Collections">
<arg>${json_data}</arg>
<arg>results</arg>
<doc>Fails if ``key`` is not found from ``dictionary``.</doc>
<status status="PASS" start="2024-06-23T15:13:54.257808" elapsed="0.000164"/>
</kw>
<status status="PASS" start="2024-06-23T15:13:54.067627" elapsed="0.190497"/>
</kw>
<doc>Testa se a API responde corretamente e retorna um objeto JSON válido.</doc>
<tag>testeRequisicaoBasica</tag>
<status status="PASS" start="2024-06-23T15:13:54.067192" elapsed="0.191125"/>
</test>
<test id="s1-s1-t3" name="Validar estrutura de resposta" line="22">
<kw name="Teste de Estrutura de Resposta" owner="random-user-service">
<kw name="GET On Session" owner="RequestsLibrary">
<msg time="2024-06-23T15:13:54.353993" level="INFO">GET Request : url=https://randomuser.me/api 
 path_url=/api 
 headers={'User-Agent': 'python-requests/2.32.3', 'Accept-Encoding': 'gzip, deflate', 'Accept': '*/*', 'Connection': 'keep-alive'} 
 body=None 
 </msg>
<msg time="2024-06-23T15:13:54.354104" level="INFO">GET Response : url=https://randomuser.me/api 
 status=200, reason=OK 
 headers={'Date': 'Sun, 23 Jun 2024 15:13:54 GMT', 'Content-Type': 'application/json; charset=utf-8', 'Transfer-Encoding': 'chunked', 'Connection': 'keep-alive', 'X-Powered-By': 'Express', 'Access-Control-Allow-Origin': '*', 'Cache-Control': 'no-cache', 'ETag': 'W/"472-mRNB9LYLnPZKo5OCNOq/6Uzj6Qc"', 'Vary': 'Accept-Encoding', 'Content-Encoding': 'gzip', 'CF-Cache-Status': 'DYNAMIC', 'Report-To': '{"endpoints":[{"url":"https:\\/\\/a.nel.cloudflare.com\\/report\\/v4?s=YFalKyqu3HJYVc1E4rYwexokZ4cEUy57p3kXbewtTsBMGwfWyMQeHpyVQy0vnaGWH9daikk6hgf9H%2Fn9QRpG66f4qJZb7p8xBzZX%2BfljqHU3edPggGufdqIidZ5Q8PAM"}],"group":"cf-nel","max_age":604800}', 'NEL': '{"success_fraction":0,"report_to":"cf-nel","max_age":604800}', 'Server': 'cloudflare', 'CF-RAY': '89856cba2b212a90-ORD', 'alt-svc': 'h3=":443"; ma=86400'} 
 body={"results":[{"gender":"male","name":{"title":"Mr","first":"Ian","last":"Lawson"},"location":{"street":{"number":2774,"name":"Hogan St"},"city":"Boulder","state":"California","country":"United States","postcode":67617,"coordinates":{"latitude":"86.0357","longitude":"-104.3432"},"timezone":{"offset":"-2:00","description":"Mid-Atlantic"}},"email":"ian.lawson@example.com","login":{"uuid":"6864511a-18a7-49f0-b0d0-1d2a0e8043f0","username":"tinybird192","password":"1616","salt":"gHNDJ8co","md5":"33def0d6fb8d4068c114efd3cbcc418f","sha1":"0518ed435d1d6a800f8025b472fbe06490c8993f","sha256":"5673ed6201ba3283080f83873b373ad2eedb14ed9e00566031bbc82940f91f12"},"dob":{"date":"1993-09-15T01:03:25.771Z","age":30},"registered":{"date":"2004-10-19T07:20:41.394Z","age":19},"phone":"(285) 221-9088","cell":"(677) 473-3740","id":{"name":"SSN","value":"670-18-0778"},"picture":{"large":"https://randomuser.me/api/portraits/men/66.jpg","medium":"https://randomuser.me/api/portraits/med/men/66.jpg","thumbnail":"https://randomuser.me/api/portraits/thumb/men/66.jpg"},"nat":"US"}],"info":{"seed":"0cca5f361d0078de","results":1,"page":1,"version":"1.4"}} 
 </msg>
<msg time="2024-06-23T15:13:54.354246" level="INFO">/opt/hostedtoolcache/Python/3.12.4/x64/lib/python3.12/site-packages/urllib3/connectionpool.py:1099: InsecureRequestWarning: Unverified HTTPS request is being made to host 'randomuser.me'. Adding certificate verification is strongly advised. See: https://urllib3.readthedocs.io/en/latest/advanced-usage.html#tls-warnings
  warnings.warn(</msg>
<msg time="2024-06-23T15:13:54.354424" level="INFO">${response} = &lt;Response [200]&gt;</msg>
<var>${response}</var>
<arg>consultarAPI</arg>
<arg>/api</arg>
<doc>Sends a GET request on a previously created HTTP Session.</doc>
<status status="PASS" start="2024-06-23T15:13:54.260958" elapsed="0.093520"/>
</kw>
<kw name="Set Variable" owner="BuiltIn">
<msg time="2024-06-23T15:13:54.355575" level="INFO">${json_data} = {'results': [{'gender': 'male', 'name': {'title': 'Mr', 'first': 'Ian', 'last': 'Lawson'}, 'location': {'street': {'number': 2774, 'name': 'Hogan St'}, 'city': 'Boulder', 'state': 'California', 'count...</msg>
<var>${json_data}</var>
<arg>${response.json()}</arg>
<doc>Returns the given values which can then be assigned to a variables.</doc>
<status status="PASS" start="2024-06-23T15:13:54.355015" elapsed="0.000589"/>
</kw>
<kw name="Log" owner="BuiltIn">
<msg time="2024-06-23T15:13:54.356088" level="INFO">{'results': [{'gender': 'male', 'name': {'title': 'Mr', 'first': 'Ian', 'last': 'Lawson'}, 'location': {'street': {'number': 2774, 'name': 'Hogan St'}, 'city': 'Boulder', 'state': 'California', 'country': 'United States', 'postcode': 67617, 'coordinates': {'latitude': '86.0357', 'longitude': '-104.3432'}, 'timezone': {'offset': '-2:00', 'description': 'Mid-Atlantic'}}, 'email': 'ian.lawson@example.com', 'login': {'uuid': '6864511a-18a7-49f0-b0d0-1d2a0e8043f0', 'username': 'tinybird192', 'password': '1616', 'salt': 'gHNDJ8co', 'md5': '33def0d6fb8d4068c114efd3cbcc418f', 'sha1': '0518ed435d1d6a800f8025b472fbe06490c8993f', 'sha256': '5673ed6201ba3283080f83873b373ad2eedb14ed9e00566031bbc82940f91f12'}, 'dob': {'date': '1993-09-15T01:03:25.771Z', 'age': 30}, 'registered': {'date': '2004-10-19T07:20:41.394Z', 'age': 19}, 'phone': '(285) 221-9088', 'cell': '(677) 473-3740', 'id': {'name': 'SSN', 'value': '670-18-0778'}, 'picture': {'large': 'https://randomuser.me/api/portraits/men/66.jpg', 'medium': 'https://randomuser.me/api/portraits/med/men/66.jpg', 'thumbnail': 'https://randomuser.me/api/portraits/thumb/men/66.jpg'}, 'nat': 'US'}], 'info': {'seed': '0cca5f361d0078de', 'results': 1, 'page': 1, 'version': '1.4'}}</msg>
<arg>${json_data}</arg>
<doc>Logs the given message with the given level.</doc>
<status status="PASS" start="2024-06-23T15:13:54.355921" elapsed="0.000216"/>
</kw>
<kw name="Dictionary Should Contain Key" owner="Collections">
<arg>${json_data}</arg>
<arg>results</arg>
<doc>Fails if ``key`` is not found from ``dictionary``.</doc>
<status status="PASS" start="2024-06-23T15:13:54.356427" elapsed="0.000159"/>
</kw>
<kw name="Should Not Be Empty" owner="BuiltIn">
<msg time="2024-06-23T15:13:54.356898" level="INFO">Length is 2.</msg>
<arg>${json_data}</arg>
<doc>Verifies that the given item is not empty.</doc>
<status status="PASS" start="2024-06-23T15:13:54.356773" elapsed="0.000168"/>
</kw>
<kw name="Create List" owner="BuiltIn">
<msg time="2024-06-23T15:13:54.357383" level="INFO">${expected_keys} = ['gender', 'name', 'location', 'email', 'login']</msg>
<var>${expected_keys}</var>
<arg>gender</arg>
<arg>name</arg>
<arg>location</arg>
<arg>email</arg>
<arg>login</arg>
<doc>Returns a list containing given items.</doc>
<status status="PASS" start="2024-06-23T15:13:54.357236" elapsed="0.000172"/>
</kw>
<for flavor="IN">
<iter>
<kw name="Dictionary Should Contain Key" owner="Collections">
<arg>${json_data['results'][0]}</arg>
<arg>${key}</arg>
<doc>Fails if ``key`` is not found from ``dictionary``.</doc>
<status status="PASS" start="2024-06-23T15:13:54.358167" elapsed="0.000397"/>
</kw>
<kw name="Log" owner="BuiltIn">
<msg time="2024-06-23T15:13:54.359139" level="INFO">{'gender': 'male', 'name': {'title': 'Mr', 'first': 'Ian', 'last': 'Lawson'}, 'location': {'street': {'number': 2774, 'name': 'Hogan St'}, 'city': 'Boulder', 'state': 'California', 'country': 'United States', 'postcode': 67617, 'coordinates': {'latitude': '86.0357', 'longitude': '-104.3432'}, 'timezone': {'offset': '-2:00', 'description': 'Mid-Atlantic'}}, 'email': 'ian.lawson@example.com', 'login': {'uuid': '6864511a-18a7-49f0-b0d0-1d2a0e8043f0', 'username': 'tinybird192', 'password': '1616', 'salt': 'gHNDJ8co', 'md5': '33def0d6fb8d4068c114efd3cbcc418f', 'sha1': '0518ed435d1d6a800f8025b472fbe06490c8993f', 'sha256': '5673ed6201ba3283080f83873b373ad2eedb14ed9e00566031bbc82940f91f12'}, 'dob': {'date': '1993-09-15T01:03:25.771Z', 'age': 30}, 'registered': {'date': '2004-10-19T07:20:41.394Z', 'age': 19}, 'phone': '(285) 221-9088', 'cell': '(677) 473-3740', 'id': {'name': 'SSN', 'value': '670-18-0778'}, 'picture': {'large': 'https://randomuser.me/api/portraits/men/66.jpg', 'medium': 'https://randomuser.me/api/portraits/med/men/66.jpg', 'thumbnail': 'https://randomuser.me/api/portraits/thumb/men/66.jpg'}, 'nat': 'US'}</msg>
<arg>${json_data['results'][0]}</arg>
<doc>Logs the given message with the given level.</doc>
<status status="PASS" start="2024-06-23T15:13:54.358749" elapsed="0.000446"/>
</kw>
<kw name="Log" owner="BuiltIn">
<msg time="2024-06-23T15:13:54.359633" level="INFO">gender</msg>
<arg>${key}</arg>
<doc>Logs the given message with the given level.</doc>
<status status="PASS" start="2024-06-23T15:13:54.359503" elapsed="0.000168"/>
</kw>
<var name="${key}">gender</var>
<status status="PASS" start="2024-06-23T15:13:54.358034" elapsed="0.001854"/>
</iter>
<iter>
<kw name="Dictionary Should Contain Key" owner="Collections">
<arg>${json_data['results'][0]}</arg>
<arg>${key}</arg>
<doc>Fails if ``key`` is not found from ``dictionary``.</doc>
<status status="PASS" start="2024-06-23T15:13:54.360183" elapsed="0.000384"/>
</kw>
<kw name="Log" owner="BuiltIn">
<msg time="2024-06-23T15:13:54.361103" level="INFO">{'gender': 'male', 'name': {'title': 'Mr', 'first': 'Ian', 'last': 'Lawson'}, 'location': {'street': {'number': 2774, 'name': 'Hogan St'}, 'city': 'Boulder', 'state': 'California', 'country': 'United States', 'postcode': 67617, 'coordinates': {'latitude': '86.0357', 'longitude': '-104.3432'}, 'timezone': {'offset': '-2:00', 'description': 'Mid-Atlantic'}}, 'email': 'ian.lawson@example.com', 'login': {'uuid': '6864511a-18a7-49f0-b0d0-1d2a0e8043f0', 'username': 'tinybird192', 'password': '1616', 'salt': 'gHNDJ8co', 'md5': '33def0d6fb8d4068c114efd3cbcc418f', 'sha1': '0518ed435d1d6a800f8025b472fbe06490c8993f', 'sha256': '5673ed6201ba3283080f83873b373ad2eedb14ed9e00566031bbc82940f91f12'}, 'dob': {'date': '1993-09-15T01:03:25.771Z', 'age': 30}, 'registered': {'date': '2004-10-19T07:20:41.394Z', 'age': 19}, 'phone': '(285) 221-9088', 'cell': '(677) 473-3740', 'id': {'name': 'SSN', 'value': '670-18-0778'}, 'picture': {'large': 'https://randomuser.me/api/portraits/men/66.jpg', 'medium': 'https://randomuser.me/api/portraits/med/men/66.jpg', 'thumbnail': 'https://randomuser.me/api/portraits/thumb/men/66.jpg'}, 'nat': 'US'}</msg>
<arg>${json_data['results'][0]}</arg>
<doc>Logs the given message with the given level.</doc>
<status status="PASS" start="2024-06-23T15:13:54.360755" elapsed="0.000436"/>
</kw>
<kw name="Log" owner="BuiltIn">
<msg time="2024-06-23T15:13:54.361613" level="INFO">name</msg>
<arg>${key}</arg>
<doc>Logs the given message with the given level.</doc>
<status status="PASS" start="2024-06-23T15:13:54.361487" elapsed="0.000163"/>
</kw>
<var name="${key}">name</var>
<status status="PASS" start="2024-06-23T15:13:54.360073" elapsed="0.001789"/>
</iter>
<iter>
<kw name="Dictionary Should Contain Key" owner="Collections">
<arg>${json_data['results'][0]}</arg>
<arg>${key}</arg>
<doc>Fails if ``key`` is not found from ``dictionary``.</doc>
<status status="PASS" start="2024-06-23T15:13:54.362143" elapsed="0.000396"/>
</kw>
<kw name="Log" owner="BuiltIn">
<msg time="2024-06-23T15:13:54.363075" level="INFO">{'gender': 'male', 'name': {'title': 'Mr', 'first': 'Ian', 'last': 'Lawson'}, 'location': {'street': {'number': 2774, 'name': 'Hogan St'}, 'city': 'Boulder', 'state': 'California', 'country': 'United States', 'postcode': 67617, 'coordinates': {'latitude': '86.0357', 'longitude': '-104.3432'}, 'timezone': {'offset': '-2:00', 'description': 'Mid-Atlantic'}}, 'email': 'ian.lawson@example.com', 'login': {'uuid': '6864511a-18a7-49f0-b0d0-1d2a0e8043f0', 'username': 'tinybird192', 'password': '1616', 'salt': 'gHNDJ8co', 'md5': '33def0d6fb8d4068c114efd3cbcc418f', 'sha1': '0518ed435d1d6a800f8025b472fbe06490c8993f', 'sha256': '5673ed6201ba3283080f83873b373ad2eedb14ed9e00566031bbc82940f91f12'}, 'dob': {'date': '1993-09-15T01:03:25.771Z', 'age': 30}, 'registered': {'date': '2004-10-19T07:20:41.394Z', 'age': 19}, 'phone': '(285) 221-9088', 'cell': '(677) 473-3740', 'id': {'name': 'SSN', 'value': '670-18-0778'}, 'picture': {'large': 'https://randomuser.me/api/portraits/men/66.jpg', 'medium': 'https://randomuser.me/api/portraits/med/men/66.jpg', 'thumbnail': 'https://randomuser.me/api/portraits/thumb/men/66.jpg'}, 'nat': 'US'}</msg>
<arg>${json_data['results'][0]}</arg>
<doc>Logs the given message with the given level.</doc>
<status status="PASS" start="2024-06-23T15:13:54.362719" elapsed="0.000445"/>
</kw>
<kw name="Log" owner="BuiltIn">
<msg time="2024-06-23T15:13:54.363591" level="INFO">location</msg>
<arg>${key}</arg>
<doc>Logs the given message with the given level.</doc>
<status status="PASS" start="2024-06-23T15:13:54.363464" elapsed="0.000165"/>
</kw>
<var name="${key}">location</var>
<status status="PASS" start="2024-06-23T15:13:54.362036" elapsed="0.001808"/>
</iter>
<iter>
<kw name="Dictionary Should Contain Key" owner="Collections">
<arg>${json_data['results'][0]}</arg>
<arg>${key}</arg>
<doc>Fails if ``key`` is not found from ``dictionary``.</doc>
<status status="PASS" start="2024-06-23T15:13:54.364128" elapsed="0.000390"/>
</kw>
<kw name="Log" owner="BuiltIn">
<msg time="2024-06-23T15:13:54.365068" level="INFO">{'gender': 'male', 'name': {'title': 'Mr', 'first': 'Ian', 'last': 'Lawson'}, 'location': {'street': {'number': 2774, 'name': 'Hogan St'}, 'city': 'Boulder', 'state': 'California', 'country': 'United States', 'postcode': 67617, 'coordinates': {'latitude': '86.0357', 'longitude': '-104.3432'}, 'timezone': {'offset': '-2:00', 'description': 'Mid-Atlantic'}}, 'email': 'ian.lawson@example.com', 'login': {'uuid': '6864511a-18a7-49f0-b0d0-1d2a0e8043f0', 'username': 'tinybird192', 'password': '1616', 'salt': 'gHNDJ8co', 'md5': '33def0d6fb8d4068c114efd3cbcc418f', 'sha1': '0518ed435d1d6a800f8025b472fbe06490c8993f', 'sha256': '5673ed6201ba3283080f83873b373ad2eedb14ed9e00566031bbc82940f91f12'}, 'dob': {'date': '1993-09-15T01:03:25.771Z', 'age': 30}, 'registered': {'date': '2004-10-19T07:20:41.394Z', 'age': 19}, 'phone': '(285) 221-9088', 'cell': '(677) 473-3740', 'id': {'name': 'SSN', 'value': '670-18-0778'}, 'picture': {'large': 'https://randomuser.me/api/portraits/men/66.jpg', 'medium': 'https://randomuser.me/api/portraits/med/men/66.jpg', 'thumbnail': 'https://randomuser.me/api/portraits/thumb/men/66.jpg'}, 'nat': 'US'}</msg>
<arg>${json_data['results'][0]}</arg>
<doc>Logs the given message with the given level.</doc>
<status status="PASS" start="2024-06-23T15:13:54.364705" elapsed="0.000412"/>
</kw>
<kw name="Log" owner="BuiltIn">
<msg time="2024-06-23T15:13:54.365535" level="INFO">email</msg>
<arg>${key}</arg>
<doc>Logs the given message with the given level.</doc>
<status status="PASS" start="2024-06-23T15:13:54.365407" elapsed="0.000166"/>
</kw>
<var name="${key}">email</var>
<status status="PASS" start="2024-06-23T15:13:54.364019" elapsed="0.001768"/>
</iter>
<iter>
<kw name="Dictionary Should Contain Key" owner="Collections">
<arg>${json_data['results'][0]}</arg>
<arg>${key}</arg>
<doc>Fails if ``key`` is not found from ``dictionary``.</doc>
<status status="PASS" start="2024-06-23T15:13:54.366065" elapsed="0.000386"/>
</kw>
<kw name="Log" owner="BuiltIn">
<msg time="2024-06-23T15:13:54.367007" level="INFO">{'gender': 'male', 'name': {'title': 'Mr', 'first': 'Ian', 'last': 'Lawson'}, 'location': {'street': {'number': 2774, 'name': 'Hogan St'}, 'city': 'Boulder', 'state': 'California', 'country': 'United States', 'postcode': 67617, 'coordinates': {'latitude': '86.0357', 'longitude': '-104.3432'}, 'timezone': {'offset': '-2:00', 'description': 'Mid-Atlantic'}}, 'email': 'ian.lawson@example.com', 'login': {'uuid': '6864511a-18a7-49f0-b0d0-1d2a0e8043f0', 'username': 'tinybird192', 'password': '1616', 'salt': 'gHNDJ8co', 'md5': '33def0d6fb8d4068c114efd3cbcc418f', 'sha1': '0518ed435d1d6a800f8025b472fbe06490c8993f', 'sha256': '5673ed6201ba3283080f83873b373ad2eedb14ed9e00566031bbc82940f91f12'}, 'dob': {'date': '1993-09-15T01:03:25.771Z', 'age': 30}, 'registered': {'date': '2004-10-19T07:20:41.394Z', 'age': 19}, 'phone': '(285) 221-9088', 'cell': '(677) 473-3740', 'id': {'name': 'SSN', 'value': '670-18-0778'}, 'picture': {'large': 'https://randomuser.me/api/portraits/men/66.jpg', 'medium': 'https://randomuser.me/api/portraits/med/men/66.jpg', 'thumbnail': 'https://randomuser.me/api/portraits/thumb/men/66.jpg'}, 'nat': 'US'}</msg>
<arg>${json_data['results'][0]}</arg>
<doc>Logs the given message with the given level.</doc>
<status status="PASS" start="2024-06-23T15:13:54.366634" elapsed="0.000432"/>
</kw>
<kw name="Log" owner="BuiltIn">
<msg time="2024-06-23T15:13:54.367544" level="INFO">login</msg>
<arg>${key}</arg>
<doc>Logs the given message with the given level.</doc>
<status status="PASS" start="2024-06-23T15:13:54.367402" elapsed="0.000197"/>
</kw>
<var name="${key}">login</var>
<status status="PASS" start="2024-06-23T15:13:54.365958" elapsed="0.001945"/>
</iter>
<var>${key}</var>
<value>@{expected_keys}</value>
<status status="PASS" start="2024-06-23T15:13:54.357835" elapsed="0.010267"/>
</for>
<kw name="Create List" owner="BuiltIn">
<msg time="2024-06-23T15:13:54.368583" level="INFO">${expected_keysTwo} = ['username', 'password']</msg>
<var>${expected_keysTwo}</var>
<arg>username</arg>
<arg>password</arg>
<doc>Returns a list containing given items.</doc>
<status status="PASS" start="2024-06-23T15:13:54.368389" elapsed="0.000232"/>
</kw>
<for flavor="IN">
<iter>
<kw name="Dictionary Should Contain Key" owner="Collections">
<arg>${json_data['results'][0]['login']}</arg>
<arg>${keyTwo}</arg>
<doc>Fails if ``key`` is not found from ``dictionary``.</doc>
<status status="PASS" start="2024-06-23T15:13:54.369187" elapsed="0.000403"/>
</kw>
<kw name="Dictionary Should Contain Key" owner="Collections">
<arg>${json_data['results'][0]['login']}</arg>
<arg>${keyTwo}</arg>
<doc>Fails if ``key`` is not found from ``dictionary``.</doc>
<status status="PASS" start="2024-06-23T15:13:54.369773" elapsed="0.000377"/>
</kw>
<kw name="Log" owner="BuiltIn">
<msg time="2024-06-23T15:13:54.370449" level="INFO">username</msg>
<arg>${keyTwo}</arg>
<doc>Logs the given message with the given level.</doc>
<status status="PASS" start="2024-06-23T15:13:54.370330" elapsed="0.000156"/>
</kw>
<var name="${keyTwo}">username</var>
<status status="PASS" start="2024-06-23T15:13:54.369074" elapsed="0.001631"/>
</iter>
<iter>
<kw name="Dictionary Should Contain Key" owner="Collections">
<arg>${json_data['results'][0]['login']}</arg>
<arg>${keyTwo}</arg>
<doc>Fails if ``key`` is not found from ``dictionary``.</doc>
<status status="PASS" start="2024-06-23T15:13:54.370983" elapsed="0.000424"/>
</kw>
<kw name="Dictionary Should Contain Key" owner="Collections">
<arg>${json_data['results'][0]['login']}</arg>
<arg>${keyTwo}</arg>
<doc>Fails if ``key`` is not found from ``dictionary``.</doc>
<status status="PASS" start="2024-06-23T15:13:54.371586" elapsed="0.000371"/>
</kw>
<kw name="Log" owner="BuiltIn">
<msg time="2024-06-23T15:13:54.372267" level="INFO">password</msg>
<arg>${keyTwo}</arg>
<doc>Logs the given message with the given level.</doc>
<status status="PASS" start="2024-06-23T15:13:54.372137" elapsed="0.000165"/>
</kw>
<var name="${keyTwo}">password</var>
<status status="PASS" start="2024-06-23T15:13:54.370877" elapsed="0.001648"/>
</iter>
<var>${keyTwo}</var>
<value>@{expected_keysTwo}</value>
<status status="PASS" start="2024-06-23T15:13:54.368917" elapsed="0.003726"/>
</for>
<status status="PASS" start="2024-06-23T15:13:54.260723" elapsed="0.112058"/>
</kw>
<doc>Testa a estrutura da resposta da API.</doc>
<tag>testeEstruturaResposta</tag>
<status status="PASS" start="2024-06-23T15:13:54.260198" elapsed="0.112742"/>
</test>
<test id="s1-s1-t4" name="Validar tipos de dados" line="28">
<kw name="Teste de Tipos de Dados" owner="random-user-service">
<kw name="GET On Session" owner="RequestsLibrary">
<msg time="2024-06-23T15:13:54.462219" level="INFO">GET Request : url=https://randomuser.me/api 
 path_url=/api 
 headers={'User-Agent': 'python-requests/2.32.3', 'Accept-Encoding': 'gzip, deflate', 'Accept': '*/*', 'Connection': 'keep-alive'} 
 body=None 
 </msg>
<msg time="2024-06-23T15:13:54.462330" level="INFO">GET Response : url=https://randomuser.me/api 
 status=200, reason=OK 
 headers={'Date': 'Sun, 23 Jun 2024 15:13:54 GMT', 'Content-Type': 'application/json; charset=utf-8', 'Transfer-Encoding': 'chunked', 'Connection': 'keep-alive', 'X-Powered-By': 'Express', 'Access-Control-Allow-Origin': '*', 'Cache-Control': 'no-cache', 'ETag': 'W/"472-JdFmh74zWaKxTjNtMtYp6ecKsqM"', 'Vary': 'Accept-Encoding', 'Content-Encoding': 'gzip', 'CF-Cache-Status': 'DYNAMIC', 'Report-To': '{"endpoints":[{"url":"https:\\/\\/a.nel.cloudflare.com\\/report\\/v4?s=05I8NcRsshin2aKd9GiXLrJuiP3z971bx7nMX8LNHMr0FxJbRwmEtHbDLDaKFann7aQbSe4zX9PbrHQW1EUIkljvbh%2Bs8ePWyhElmaoYP8juC7js%2FOT8G71TYRhCndM7"}],"group":"cf-nel","max_age":604800}', 'NEL': '{"success_fraction":0,"report_to":"cf-nel","max_age":604800}', 'Server': 'cloudflare', 'CF-RAY': '89856cbadba42a90-ORD', 'alt-svc': 'h3=":443"; ma=86400'} 
 body={"results":[{"gender":"male","name":{"title":"Mr","first":"Ulaş","last":"Walther"},"location":{"street":{"number":4439,"name":"Haagse Schouwweg"},"city":"Zwiggelte","state":"Limburg","country":"Netherlands","postcode":"5993 ZV","coordinates":{"latitude":"37.7295","longitude":"-29.9983"},"timezone":{"offset":"-9:00","description":"Alaska"}},"email":"ulas.walther@example.com","login":{"uuid":"ef27af70-f098-4713-aae2-6cacb0e71736","username":"tinycat449","password":"oooo","salt":"7cJGDemi","md5":"ea756c707f511711e9a9420cae60c462","sha1":"149590ffed2cfc3f2bedffe5f2c20996b1975fc7","sha256":"6eb91a32d21346b2d44fedf5b3e0f587308ceb605573cec0ed7906e1437d7b2b"},"dob":{"date":"1987-10-03T11:23:35.975Z","age":36},"registered":{"date":"2015-11-03T18:54:57.012Z","age":8},"phone":"(070) 8404148","cell":"(06) 23444920","id":{"name":"BSN","value":"72045768"},"picture":{"large":"https://randomuser.me/api/portraits/men/80.jpg","medium":"https://randomuser.me/api/portraits/med/men/80.jpg","thumbnail":"https://randomuser.me/api/portraits/thumb/men/80.jpg"},"nat":"NL"}],"info":{"seed":"cfede3db6af55b55","results":1,"page":1,"version":"1.4"}} 
 </msg>
<msg time="2024-06-23T15:13:54.462414" level="INFO">/opt/hostedtoolcache/Python/3.12.4/x64/lib/python3.12/site-packages/urllib3/connectionpool.py:1099: InsecureRequestWarning: Unverified HTTPS request is being made to host 'randomuser.me'. Adding certificate verification is strongly advised. See: https://urllib3.readthedocs.io/en/latest/advanced-usage.html#tls-warnings
  warnings.warn(</msg>
<msg time="2024-06-23T15:13:54.462546" level="INFO">${response} = &lt;Response [200]&gt;</msg>
<var>${response}</var>
<arg>consultarAPI</arg>
<arg>/api</arg>
<doc>Sends a GET request on a previously created HTTP Session.</doc>
<status status="PASS" start="2024-06-23T15:13:54.375500" elapsed="0.087097"/>
</kw>
<kw name="Set Variable" owner="BuiltIn">
<msg time="2024-06-23T15:13:54.463728" level="INFO">${json_data} = {'results': [{'gender': 'male', 'name': {'title': 'Mr', 'first': 'Ulaş', 'last': 'Walther'}, 'location': {'street': {'number': 4439, 'name': 'Haagse Schouwweg'}, 'city': 'Zwiggelte', 'state': 'Limburg...</msg>
<var>${json_data}</var>
<arg>${response.json()}</arg>
<doc>Returns the given values which can then be assigned to a variables.</doc>
<status status="PASS" start="2024-06-23T15:13:54.463192" elapsed="0.000566"/>
</kw>
<kw name="Log" owner="BuiltIn">
<msg time="2024-06-23T15:13:54.464228" level="INFO">{'results': [{'gender': 'male', 'name': {'title': 'Mr', 'first': 'Ulaş', 'last': 'Walther'}, 'location': {'street': {'number': 4439, 'name': 'Haagse Schouwweg'}, 'city': 'Zwiggelte', 'state': 'Limburg', 'country': 'Netherlands', 'postcode': '5993 ZV', 'coordinates': {'latitude': '37.7295', 'longitude': '-29.9983'}, 'timezone': {'offset': '-9:00', 'description': 'Alaska'}}, 'email': 'ulas.walther@example.com', 'login': {'uuid': 'ef27af70-f098-4713-aae2-6cacb0e71736', 'username': 'tinycat449', 'password': 'oooo', 'salt': '7cJGDemi', 'md5': 'ea756c707f511711e9a9420cae60c462', 'sha1': '149590ffed2cfc3f2bedffe5f2c20996b1975fc7', 'sha256': '6eb91a32d21346b2d44fedf5b3e0f587308ceb605573cec0ed7906e1437d7b2b'}, 'dob': {'date': '1987-10-03T11:23:35.975Z', 'age': 36}, 'registered': {'date': '2015-11-03T18:54:57.012Z', 'age': 8}, 'phone': '(070) 8404148', 'cell': '(06) 23444920', 'id': {'name': 'BSN', 'value': '72045768'}, 'picture': {'large': 'https://randomuser.me/api/portraits/men/80.jpg', 'medium': 'https://randomuser.me/api/portraits/med/men/80.jpg', 'thumbnail': 'https://randomuser.me/api/portraits/thumb/men/80.jpg'}, 'nat': 'NL'}], 'info': {'seed': 'cfede3db6af55b55', 'results': 1, 'page': 1, 'version': '1.4'}}</msg>
<arg>${json_data}</arg>
<doc>Logs the given message with the given level.</doc>
<status status="PASS" start="2024-06-23T15:13:54.464070" elapsed="0.000208"/>
</kw>
<kw name="Should Be String" owner="String">
<arg>${json_data['results'][0]['gender']}</arg>
<doc>Fails if the given ``item`` is not a string.</doc>
<status status="PASS" start="2024-06-23T15:13:54.464574" elapsed="0.000369"/>
</kw>
<kw name="Should Match Regexp" owner="BuiltIn">
<arg>${json_data['results'][0]['email']}</arg>
<arg>^[a-zA-Z0-9._%+-]+@[a-zA-Z0-9.-]+\.[a-zA-Z]{2,}$</arg>
<doc>Fails if ``string`` does not match ``pattern`` as a regular expression.</doc>
<status status="PASS" start="2024-06-23T15:13:54.465127" elapsed="0.000537"/>
</kw>
<kw name="Should Match Regexp" owner="BuiltIn">
<arg>${json_data['results'][0]['dob']['date']}</arg>
<arg>\\d{4}-\\d{2}-\\d{2}T\\d{2}:\\d{2}:\\d{2}\\.\\d{3}Z</arg>
<doc>Fails if ``string`` does not match ``pattern`` as a regular expression.</doc>
<status status="PASS" start="2024-06-23T15:13:54.465894" elapsed="0.000484"/>
</kw>
<kw name="Should Match Regexp" owner="BuiltIn">
<arg>${json_data['results'][0]['registered']['date']}</arg>
<arg>\\d{4}-\\d{2}-\\d{2}T\\d{2}:\\d{2}:\\d{2}\\.\\d{3}Z</arg>
<doc>Fails if ``string`` does not match ``pattern`` as a regular expression.</doc>
<status status="PASS" start="2024-06-23T15:13:54.466569" elapsed="0.000365"/>
</kw>
<kw name="Should Match Regexp" owner="BuiltIn">
<arg>${json_data['results'][0]['picture']['large']}</arg>
<arg>^https?://.*\.(?:png|jpe?g|gif|bmp)$</arg>
<doc>Fails if ``string`` does not match ``pattern`` as a regular expression.</doc>
<status status="PASS" start="2024-06-23T15:13:54.467153" elapsed="0.000476"/>
</kw>
<kw name="Should Match Regexp" owner="BuiltIn">
<arg>${json_data['results'][0]['picture']['medium']}</arg>
<arg>^https?://.*\.(?:png|jpe?g|gif|bmp)$</arg>
<doc>Fails if ``string`` does not match ``pattern`` as a regular expression.</doc>
<status status="PASS" start="2024-06-23T15:13:54.467813" elapsed="0.000346"/>
</kw>
<kw name="Should Match Regexp" owner="BuiltIn">
<arg>${json_data['results'][0]['picture']['thumbnail']}</arg>
<arg>^https?://.*\.(?:png|jpe?g|gif|bmp)$</arg>
<doc>Fails if ``string`` does not match ``pattern`` as a regular expression.</doc>
<status status="PASS" start="2024-06-23T15:13:54.468339" elapsed="0.000343"/>
</kw>
<kw name="Log" owner="BuiltIn">
<msg time="2024-06-23T15:13:54.469180" level="INFO">{'large': 'https://randomuser.me/api/portraits/men/80.jpg', 'medium': 'https://randomuser.me/api/portraits/med/men/80.jpg', 'thumbnail': 'https://randomuser.me/api/portraits/thumb/men/80.jpg'}</msg>
<arg>${json_data['results'][0]['picture']}</arg>
<doc>Logs the given message with the given level.</doc>
<status status="PASS" start="2024-06-23T15:13:54.468861" elapsed="0.000360"/>
</kw>
<status status="PASS" start="2024-06-23T15:13:54.375262" elapsed="0.094215"/>
</kw>
<kw name="Teste de Tipos de Dados - Postcode" owner="random-user-service">
<kw name="GET On Session" owner="RequestsLibrary">
<msg time="2024-06-23T15:13:54.563984" level="INFO">GET Request : url=https://randomuser.me/api 
 path_url=/api 
 headers={'User-Agent': 'python-requests/2.32.3', 'Accept-Encoding': 'gzip, deflate', 'Accept': '*/*', 'Connection': 'keep-alive'} 
 body=None 
 </msg>
<msg time="2024-06-23T15:13:54.564082" level="INFO">GET Response : url=https://randomuser.me/api 
 status=200, reason=OK 
 headers={'Date': 'Sun, 23 Jun 2024 15:13:54 GMT', 'Content-Type': 'application/json; charset=utf-8', 'Transfer-Encoding': 'chunked', 'Connection': 'keep-alive', 'X-Powered-By': 'Express', 'Access-Control-Allow-Origin': '*', 'Cache-Control': 'no-cache', 'ETag': 'W/"49c-acWdwmNtgHRXf/6L+QhVZL6SO4w"', 'Vary': 'Accept-Encoding', 'Content-Encoding': 'gzip', 'CF-Cache-Status': 'DYNAMIC', 'Report-To': '{"endpoints":[{"url":"https:\\/\\/a.nel.cloudflare.com\\/report\\/v4?s=4lwZHnff0pWtzmw2xWawAAENNYQ8EfTd2v9LSG8fWT1OZyvrc8OVvR%2F41h%2FAk1o0EzOSBccjOmopH%2Fk31Ixg89rXitqmYbNoOY5UKIajOI8%2F5I4xKMOKpFasmkzgR44P"}],"group":"cf-nel","max_age":604800}', 'NEL': '{"success_fraction":0,"report_to":"cf-nel","max_age":604800}', 'Server': 'cloudflare', 'CF-RAY': '89856cbb7c362a90-ORD', 'alt-svc': 'h3=":443"; ma=86400'} 
 body={"results":[{"gender":"female","name":{"title":"Miss","first":"Brooklyn","last":"Harper"},"location":{"street":{"number":8870,"name":"Plum St"},"city":"Long Beach","state":"Wyoming","country":"United States","postcode":10617,"coordinates":{"latitude":"82.5897","longitude":"89.4920"},"timezone":{"offset":"+5:30","description":"Bombay, Calcutta, Madras, New Delhi"}},"email":"brooklyn.harper@example.com","login":{"uuid":"253bea8f-05d3-4705-b5eb-5793d85f1f4b","username":"redgoose546","password":"thedon","salt":"u1mEbvSv","md5":"97ae119c67db67747a9d8fd7f165b1d8","sha1":"8c639545ed19f1e29ba632cd1ee91529d61ee4e7","sha256":"36639b8853efc1511f554f98ed02f5fa46fd2c09b35c6413e772095bb1d65437"},"dob":{"date":"1979-05-09T05:30:46.854Z","age":45},"registered":{"date":"2006-01-30T12:09:12.384Z","age":18},"phone":"(639) 293-7562","cell":"(204) 533-5173","id":{"name":"SSN","value":"453-16-9175"},"picture":{"large":"https://randomuser.me/api/portraits/women/84.jpg","medium":"https://randomuser.me/api/portraits/med/women/84.jpg","thumbnail":"https://randomuser.me/api/portraits/thumb/women/84.jpg"},"nat":"US"}],"info":{"seed":"5527793cd2199402","results":1,"page":1,"version":"1.4"}} 
 </msg>
<msg time="2024-06-23T15:13:54.564151" level="INFO">/opt/hostedtoolcache/Python/3.12.4/x64/lib/python3.12/site-packages/urllib3/connectionpool.py:1099: InsecureRequestWarning: Unverified HTTPS request is being made to host 'randomuser.me'. Adding certificate verification is strongly advised. See: https://urllib3.readthedocs.io/en/latest/advanced-usage.html#tls-warnings
  warnings.warn(</msg>
<msg time="2024-06-23T15:13:54.564278" level="INFO">${response} = &lt;Response [200]&gt;</msg>
<var>${response}</var>
<arg>consultarAPI</arg>
<arg>/api</arg>
<doc>Sends a GET request on a previously created HTTP Session.</doc>
<status status="PASS" start="2024-06-23T15:13:54.469931" elapsed="0.094388"/>
</kw>
<kw name="Set Variable" owner="BuiltIn">
<msg time="2024-06-23T15:13:54.565501" level="INFO">${json_data} = {'results': [{'gender': 'female', 'name': {'title': 'Miss', 'first': 'Brooklyn', 'last': 'Harper'}, 'location': {'street': {'number': 8870, 'name': 'Plum St'}, 'city': 'Long Beach', 'state': 'Wyoming'...</msg>
<var>${json_data}</var>
<arg>${response.json()}</arg>
<doc>Returns the given values which can then be assigned to a variables.</doc>
<status status="PASS" start="2024-06-23T15:13:54.564927" elapsed="0.000603"/>
</kw>
<kw name="Log" owner="BuiltIn">
<msg time="2024-06-23T15:13:54.565989" level="INFO">{'results': [{'gender': 'female', 'name': {'title': 'Miss', 'first': 'Brooklyn', 'last': 'Harper'}, 'location': {'street': {'number': 8870, 'name': 'Plum St'}, 'city': 'Long Beach', 'state': 'Wyoming', 'country': 'United States', 'postcode': 10617, 'coordinates': {'latitude': '82.5897', 'longitude': '89.4920'}, 'timezone': {'offset': '+5:30', 'description': 'Bombay, Calcutta, Madras, New Delhi'}}, 'email': 'brooklyn.harper@example.com', 'login': {'uuid': '253bea8f-05d3-4705-b5eb-5793d85f1f4b', 'username': 'redgoose546', 'password': 'thedon', 'salt': 'u1mEbvSv', 'md5': '97ae119c67db67747a9d8fd7f165b1d8', 'sha1': '8c639545ed19f1e29ba632cd1ee91529d61ee4e7', 'sha256': '36639b8853efc1511f554f98ed02f5fa46fd2c09b35c6413e772095bb1d65437'}, 'dob': {'date': '1979-05-09T05:30:46.854Z', 'age': 45}, 'registered': {'date': '2006-01-30T12:09:12.384Z', 'age': 18}, 'phone': '(639) 293-7562', 'cell': '(204) 533-5173', 'id': {'name': 'SSN', 'value': '453-16-9175'}, 'picture': {'large': 'https://randomuser.me/api/portraits/women/84.jpg', 'medium': 'https://randomuser.me/api/portraits/med/women/84.jpg', 'thumbnail': 'https://randomuser.me/api/portraits/thumb/women/84.jpg'}, 'nat': 'US'}], 'info': {'seed': '5527793cd2199402', 'results': 1, 'page': 1, 'version': '1.4'}}</msg>
<arg>${json_data}</arg>
<doc>Logs the given message with the given level.</doc>
<status status="PASS" start="2024-06-23T15:13:54.565834" elapsed="0.000203"/>
</kw>
<kw name="Should Be Equal As Numbers" owner="BuiltIn">
<arg>${json_data['results'][0]['location']['postcode']}</arg>
<arg>${json_data['results'][0]['location']['postcode']}</arg>
<doc>Fails if objects are unequal after converting them to real numbers.</doc>
<status status="PASS" start="2024-06-23T15:13:54.566336" elapsed="0.000621"/>
</kw>
<kw name="Log" owner="BuiltIn">
<msg time="2024-06-23T15:13:54.567537" level="INFO">10617</msg>
<arg>${json_data['results'][0]['location']['postcode']}</arg>
<doc>Logs the given message with the given level.</doc>
<status status="PASS" start="2024-06-23T15:13:54.567188" elapsed="0.000390"/>
</kw>
<status status="PASS" start="2024-06-23T15:13:54.469705" elapsed="0.098158"/>
</kw>
<doc>Testa se os tipos de dados na resposta da API estão corretos.</doc>
<tag>testeTiposDados</tag>
<status status="PASS" start="2024-06-23T15:13:54.374685" elapsed="0.193352"/>
</test>
<test id="s1-s1-t5" name="Validar conteudo" line="35">
<kw name="Teste de Tipos de Conteudo" owner="random-user-service">
<kw name="GET On Session" owner="RequestsLibrary">
<msg time="2024-06-23T15:13:54.653438" level="INFO">GET Request : url=https://randomuser.me/api 
 path_url=/api 
 headers={'User-Agent': 'python-requests/2.32.3', 'Accept-Encoding': 'gzip, deflate', 'Accept': '*/*', 'Connection': 'keep-alive'} 
 body=None 
 </msg>
<msg time="2024-06-23T15:13:54.653553" level="INFO">GET Response : url=https://randomuser.me/api 
 status=200, reason=OK 
 headers={'Date': 'Sun, 23 Jun 2024 15:13:54 GMT', 'Content-Type': 'application/json; charset=utf-8', 'Transfer-Encoding': 'chunked', 'Connection': 'keep-alive', 'X-Powered-By': 'Express', 'Access-Control-Allow-Origin': '*', 'Cache-Control': 'no-cache', 'ETag': 'W/"49f-D1qtlBxDPJd1zXhZJ1tz78GGwhI"', 'Vary': 'Accept-Encoding', 'Content-Encoding': 'gzip', 'CF-Cache-Status': 'DYNAMIC', 'Report-To': '{"endpoints":[{"url":"https:\\/\\/a.nel.cloudflare.com\\/report\\/v4?s=frUrF7bYX3qY%2Bswi0G16foOmBYMZuIolHDgrgielxkJxJNeiMuaELth5%2FuQxGY1VmpaOlgHq0LAIEzOTaNr13MNpub8jyAMlmmn%2Bvyzs9H%2FDh1a0lsyzPnHjGujwvwcz"}],"group":"cf-nel","max_age":604800}', 'NEL': '{"success_fraction":0,"report_to":"cf-nel","max_age":604800}', 'Server': 'cloudflare', 'CF-RAY': '89856cbc1ceb2a90-ORD', 'alt-svc': 'h3=":443"; ma=86400'} 
 body={"results":[{"gender":"male","name":{"title":"Mr","first":"Brian","last":"Parker"},"location":{"street":{"number":1496,"name":"Fairview St"},"city":"Bakersfield","state":"Delaware","country":"United States","postcode":59840,"coordinates":{"latitude":"83.9755","longitude":"-77.8893"},"timezone":{"offset":"0:00","description":"Western Europe Time, London, Lisbon, Casablanca"}},"email":"brian.parker@example.com","login":{"uuid":"1a724128-8f0c-4328-ae5c-02d1554304a0","username":"greenrabbit126","password":"usmarine","salt":"G7aXoiGz","md5":"d8afb234cfad4d359dfc1d855b083fe5","sha1":"ed300c4a29868c60985eb1a78762eefe285baa64","sha256":"8191e7b18568e24650f52a9354f7f6617813b3535085f3f01db273a725a1a90e"},"dob":{"date":"1953-11-04T05:13:58.331Z","age":70},"registered":{"date":"2018-10-14T09:44:52.552Z","age":5},"phone":"(433) 303-6054","cell":"(214) 908-5882","id":{"name":"SSN","value":"868-49-4272"},"picture":{"large":"https://randomuser.me/api/portraits/men/6.jpg","medium":"https://randomuser.me/api/portraits/med/men/6.jpg","thumbnail":"https://randomuser.me/api/portraits/thumb/men/6.jpg"},"nat":"US"}],"info":{"seed":"a14f72596ca66301","results":1,"page":1,"version":"1.4"}} 
 </msg>
<msg time="2024-06-23T15:13:54.653658" level="INFO">/opt/hostedtoolcache/Python/3.12.4/x64/lib/python3.12/site-packages/urllib3/connectionpool.py:1099: InsecureRequestWarning: Unverified HTTPS request is being made to host 'randomuser.me'. Adding certificate verification is strongly advised. See: https://urllib3.readthedocs.io/en/latest/advanced-usage.html#tls-warnings
  warnings.warn(</msg>
<msg time="2024-06-23T15:13:54.653808" level="INFO">${response} = &lt;Response [200]&gt;</msg>
<var>${response}</var>
<arg>consultarAPI</arg>
<arg>/api</arg>
<doc>Sends a GET request on a previously created HTTP Session.</doc>
<status status="PASS" start="2024-06-23T15:13:54.570677" elapsed="0.083182"/>
</kw>
<kw name="Set Variable" owner="BuiltIn">
<msg time="2024-06-23T15:13:54.655061" level="INFO">${json_data} = {'results': [{'gender': 'male', 'name': {'title': 'Mr', 'first': 'Brian', 'last': 'Parker'}, 'location': {'street': {'number': 1496, 'name': 'Fairview St'}, 'city': 'Bakersfield', 'state': 'Delaware',...</msg>
<var>${json_data}</var>
<arg>${response.json()}</arg>
<doc>Returns the given values which can then be assigned to a variables.</doc>
<status status="PASS" start="2024-06-23T15:13:54.654518" elapsed="0.000611"/>
</kw>
<kw name="Set Variable" owner="BuiltIn">
<msg time="2024-06-23T15:13:54.655852" level="INFO">${name_title} = Mr</msg>
<var>${name_title}</var>
<arg>${json_data["results"][0]["name"]["title"]}</arg>
<doc>Returns the given values which can then be assigned to a variables.</doc>
<status status="PASS" start="2024-06-23T15:13:54.655464" elapsed="0.000414"/>
</kw>
<kw name="Create List" owner="BuiltIn">
<msg time="2024-06-23T15:13:54.656345" level="INFO">${allowed_titles} = ['Mr', 'Ms', 'Miss', 'Mrs', 'Madame', 'Monsieur']</msg>
<var>${allowed_titles}</var>
<arg>Mr</arg>
<arg>Ms</arg>
<arg>Miss</arg>
<arg>Mrs</arg>
<arg>Madame</arg>
<arg>Monsieur</arg>
<doc>Returns a list containing given items.</doc>
<status status="PASS" start="2024-06-23T15:13:54.656192" elapsed="0.000179"/>
</kw>
<kw name="List Should Contain Value" owner="Collections">
<arg>${allowed_titles}</arg>
<arg>${name_title}</arg>
<doc>Fails if the ``value`` is not found from ``list``.</doc>
<status status="PASS" start="2024-06-23T15:13:54.656678" elapsed="0.000180"/>
</kw>
<kw name="Set Variable" owner="BuiltIn">
<msg time="2024-06-23T15:13:54.657413" level="INFO">${name_country} = US</msg>
<var>${name_country}</var>
<arg>${json_data["results"][0]["nat"]}</arg>
<doc>Returns the given values which can then be assigned to a variables.</doc>
<status status="PASS" start="2024-06-23T15:13:54.657038" elapsed="0.000401"/>
</kw>
<kw name="Create List" owner="BuiltIn">
<msg time="2024-06-23T15:13:54.658329" level="INFO">${list_country} = ['AD', 'AE', 'AF', 'AG', 'AI', 'AL', 'AM', 'AO', 'AQ', 'AR', 'AS', 'AT', 'AU', 'AW', 'AX', 'AZ', 'BA', 'BB', 'BD', 'BE', 'BF', 'BG', 'BH', 'BI', 'BJ', 'BL', 'BM', 'BN', 'BO', 'BQ', 'BR', 'BS', 'BT', '...</msg>
<var>${list_country}</var>
<arg>AD</arg>
<arg>AE</arg>
<arg>AF</arg>
<arg>AG</arg>
<arg>AI</arg>
<arg>AL</arg>
<arg>AM</arg>
<arg>AO</arg>
<arg>AQ</arg>
<arg>AR</arg>
<arg>AS</arg>
<arg>AT</arg>
<arg>AU</arg>
<arg>AW</arg>
<arg>AX</arg>
<arg>AZ</arg>
<arg>BA</arg>
<arg>BB</arg>
<arg>BD</arg>
<arg>BE</arg>
<arg>BF</arg>
<arg>BG</arg>
<arg>BH</arg>
<arg>BI</arg>
<arg>BJ</arg>
<arg>BL</arg>
<arg>BM</arg>
<arg>BN</arg>
<arg>BO</arg>
<arg>BQ</arg>
<arg>BR</arg>
<arg>BS</arg>
<arg>BT</arg>
<arg>BV</arg>
<arg>BW</arg>
<arg>BY</arg>
<arg>BZ</arg>
<arg>CA</arg>
<arg>CC</arg>
<arg>CD</arg>
<arg>CF</arg>
<arg>CG</arg>
<arg>CH</arg>
<arg>CI</arg>
<arg>CK</arg>
<arg>CL</arg>
<arg>CM</arg>
<arg>CN</arg>
<arg>CO</arg>
<arg>CR</arg>
<arg>CU</arg>
<arg>CV</arg>
<arg>CW</arg>
<arg>CX</arg>
<arg>CY</arg>
<arg>CZ</arg>
<arg>DE</arg>
<arg>DJ</arg>
<arg>DK</arg>
<arg>DM</arg>
<arg>DO</arg>
<arg>DZ</arg>
<arg>EC</arg>
<arg>EE</arg>
<arg>EG</arg>
<arg>EH</arg>
<arg>ER</arg>
<arg>ES</arg>
<arg>ET</arg>
<arg>FI</arg>
<arg>FJ</arg>
<arg>FK</arg>
<arg>FM</arg>
<arg>FO</arg>
<arg>FR</arg>
<arg>GA</arg>
<arg>GB</arg>
<arg>GD</arg>
<arg>GE</arg>
<arg>GF</arg>
<arg>GG</arg>
<arg>GH</arg>
<arg>GI</arg>
<arg>GL</arg>
<arg>GM</arg>
<arg>GN</arg>
<arg>GP</arg>
<arg>GQ</arg>
<arg>GR</arg>
<arg>GS</arg>
<arg>GT</arg>
<arg>GU</arg>
<arg>GW</arg>
<arg>GY</arg>
<arg>HK</arg>
<arg>HM</arg>
<arg>HN</arg>
<arg>HR</arg>
<arg>HT</arg>
<arg>HU</arg>
<arg>ID</arg>
<arg>IE</arg>
<arg>IL</arg>
<arg>IM</arg>
<arg>IN</arg>
<arg>IO</arg>
<arg>IQ</arg>
<arg>IR</arg>
<arg>IS</arg>
<arg>IT</arg>
<arg>JE</arg>
<arg>JM</arg>
<arg>JO</arg>
<arg>JP</arg>
<arg>KE</arg>
<arg>KG</arg>
<arg>KH</arg>
<arg>KI</arg>
<arg>KM</arg>
<arg>KN</arg>
<arg>KP</arg>
<arg>KR</arg>
<arg>KW</arg>
<arg>KY</arg>
<arg>KZ</arg>
<arg>LA</arg>
<arg>LB</arg>
<arg>LC</arg>
<arg>LI</arg>
<arg>LK</arg>
<arg>LR</arg>
<arg>LS</arg>
<arg>LT</arg>
<arg>LU</arg>
<arg>LV</arg>
<arg>LY</arg>
<arg>MA</arg>
<arg>MC</arg>
<arg>MD</arg>
<arg>ME</arg>
<arg>MF</arg>
<arg>MG</arg>
<arg>MH</arg>
<arg>MK</arg>
<arg>ML</arg>
<arg>MM</arg>
<arg>MN</arg>
<arg>MO</arg>
<arg>MP</arg>
<arg>MQ</arg>
<arg>MR</arg>
<arg>MS</arg>
<arg>MT</arg>
<arg>MU</arg>
<arg>MV</arg>
<arg>MW</arg>
<arg>MX</arg>
<arg>MY</arg>
<arg>MZ</arg>
<arg>NA</arg>
<arg>NC</arg>
<arg>NE</arg>
<arg>NF</arg>
<arg>NG</arg>
<arg>NI</arg>
<arg>NL</arg>
<arg>NO</arg>
<arg>NP</arg>
<arg>NR</arg>
<arg>NU</arg>
<arg>NZ</arg>
<arg>OM</arg>
<arg>PA</arg>
<arg>PE</arg>
<arg>PF</arg>
<arg>PG</arg>
<arg>PH</arg>
<arg>PK</arg>
<arg>PL</arg>
<arg>PM</arg>
<arg>PN</arg>
<arg>PR</arg>
<arg>PS</arg>
<arg>PT</arg>
<arg>PW</arg>
<arg>PY</arg>
<arg>QA</arg>
<arg>RE</arg>
<arg>RO</arg>
<arg>RS</arg>
<arg>RU</arg>
<arg>RW</arg>
<arg>SA</arg>
<arg>SB</arg>
<arg>SC</arg>
<arg>SD</arg>
<arg>SE</arg>
<arg>SG</arg>
<arg>SH</arg>
<arg>SI</arg>
<arg>SJ</arg>
<arg>SK</arg>
<arg>SL</arg>
<arg>SM</arg>
<arg>SN</arg>
<arg>SO</arg>
<arg>SR</arg>
<arg>SS</arg>
<arg>ST</arg>
<arg>SV</arg>
<arg>SX</arg>
<arg>SY</arg>
<arg>SZ</arg>
<arg>TC</arg>
<arg>TD</arg>
<arg>TF</arg>
<arg>TG</arg>
<arg>TH</arg>
<arg>TJ</arg>
<arg>TK</arg>
<arg>TL</arg>
<arg>TM</arg>
<arg>TN</arg>
<arg>TO</arg>
<arg>TR</arg>
<arg>TT</arg>
<arg>TV</arg>
<arg>TW</arg>
<arg>TZ</arg>
<arg>UA</arg>
<arg>UG</arg>
<arg>UM</arg>
<arg>US</arg>
<arg>UY</arg>
<arg>UZ</arg>
<arg>VA</arg>
<arg>VC</arg>
<arg>VE</arg>
<arg>VG</arg>
<arg>VI</arg>
<arg>VN</arg>
<arg>VU</arg>
<arg>WF</arg>
<arg>WS</arg>
<arg>XK</arg>
<arg>YE</arg>
<arg>YT</arg>
<arg>ZA</arg>
<arg>ZM</arg>
<arg>ZW</arg>
<doc>Returns a list containing given items.</doc>
<status status="PASS" start="2024-06-23T15:13:54.657732" elapsed="0.000623"/>
</kw>
<kw name="List Should Contain Value" owner="Collections">
<arg>${list_country}</arg>
<arg>${name_country}</arg>
<doc>Fails if the ``value`` is not found from ``list``.</doc>
<status status="PASS" start="2024-06-23T15:13:54.659170" elapsed="0.000206"/>
</kw>
<kw name="Run Keyword If" owner="BuiltIn">
<kw name="Should Be True" owner="BuiltIn">
<arg>${True}</arg>
<doc>Fails if the given condition is not true.</doc>
<status status="PASS" start="2024-06-23T15:13:54.660314" elapsed="0.000139"/>
</kw>
<arg>${json_data["results"][0]["location"]["coordinates"]["latitude"]} &gt;= -90 and ${json_data["results"][0]["location"]["coordinates"]["latitude"]} &lt;= 90</arg>
<arg>Should Be True</arg>
<arg>${True}</arg>
<doc>Runs the given keyword with the given arguments, if ``condition`` is true.</doc>
<status status="PASS" start="2024-06-23T15:13:54.659573" elapsed="0.001005"/>
</kw>
<kw name="Run Keyword If" owner="BuiltIn">
<kw name="Should Be True" owner="BuiltIn">
<arg>${True}</arg>
<doc>Fails if the given condition is not true.</doc>
<status status="PASS" start="2024-06-23T15:13:54.661465" elapsed="0.000135"/>
</kw>
<arg>${json_data["results"][0]["location"]["coordinates"]["longitude"]} &gt;= -180 and ${json_data["results"][0]["location"]["coordinates"]["longitude"]} &lt;= 180</arg>
<arg>Should Be True</arg>
<arg>${True}</arg>
<doc>Runs the given keyword with the given arguments, if ``condition`` is true.</doc>
<status status="PASS" start="2024-06-23T15:13:54.660763" elapsed="0.000959"/>
</kw>
<status status="PASS" start="2024-06-23T15:13:54.570285" elapsed="0.091570"/>
</kw>
<doc>Testa o conteúdo específico dos campos retornados pela API.</doc>
<tag>testeConteudo</tag>
<status status="PASS" start="2024-06-23T15:13:54.569814" elapsed="0.092195"/>
</test>
<status status="PASS" start="2024-06-23T15:13:53.715125" elapsed="0.948878"/>
</suite>
<status status="PASS" start="2024-06-23T15:13:53.699840" elapsed="0.969347"/>
</suite>
<statistics>
<total>
<stat pass="5" fail="0" skip="0">All Tests</stat>
</total>
<tag>
<stat pass="1" fail="0" skip="0">testeConteudo</stat>
<stat pass="1" fail="0" skip="0">testeEstruturaResposta</stat>
<stat pass="1" fail="0" skip="0">testeRequisicaoBasica</stat>
<stat pass="1" fail="0" skip="0">testeTiposDados</stat>
</tag>
<suite>
<stat pass="5" fail="0" skip="0" id="s1" name="Tests">Tests</stat>
<stat pass="5" fail="0" skip="0" id="s1-s1" name="Random-User-Test">Tests.Random-User-Test</stat>
</suite>
</statistics>
<errors>
</errors>
</robot>
