<?xml version="1.0" encoding="UTF-8"?>
<robot generator="Robot 7.0.1 (Python 3.12.4 on linux)" generated="2024-07-29T15:16:38.953870" rpa="false" schemaversion="5">
<suite id="s1" name="Tests" source="/home/runner/work/ApiRandomUser/ApiRandomUser/RamdonUser/tests">
<suite id="s1-s1" name="Random-User-Test" source="/home/runner/work/ApiRandomUser/ApiRandomUser/RamdonUser/tests/random-user-test.robot">
<test id="s1-s1-t1" name="Conectar" line="13">
<kw name="Conectar API" owner="random-user-service">
<kw name="Create Session" owner="RequestsLibrary">
<msg time="2024-07-29T15:16:39.421938" level="INFO">Creating Session using : alias=consultarAPI, url=https://randomuser.me/, headers={},                     cookies={}, auth=None, timeout=None, proxies=None, verify=False,                     debug=0 </msg>
<arg>consultarAPI</arg>
<arg>${URL}</arg>
<doc>Create Session: create a HTTP session to a server</doc>
<status status="PASS" start="2024-07-29T15:16:39.421732" elapsed="0.000393"/>
</kw>
<status status="PASS" start="2024-07-29T15:16:39.420632" elapsed="0.001859"/>
</kw>
<status status="PASS" start="2024-07-29T15:16:39.420028" elapsed="0.002658"/>
</test>
<test id="s1-s1-t2" name="Validar retorno 200 e JSON Válido" line="16">
<kw name="Teste de Requisicao Basica" owner="random-user-service">
<kw name="GET On Session" owner="RequestsLibrary">
<msg time="2024-07-29T15:16:42.277034" level="INFO">GET Request : url=https://randomuser.me/api 
 path_url=/api 
 headers={'User-Agent': 'python-requests/2.32.3', 'Accept-Encoding': 'gzip, deflate', 'Accept': '*/*', 'Connection': 'keep-alive'} 
 body=None 
 </msg>
<msg time="2024-07-29T15:16:42.277236" level="INFO">GET Response : url=https://randomuser.me/api 
 status=200, reason=OK 
 headers={'Date': 'Mon, 29 Jul 2024 15:16:42 GMT', 'Content-Type': 'application/json; charset=utf-8', 'Transfer-Encoding': 'chunked', 'Connection': 'keep-alive', 'X-Powered-By': 'Express', 'Access-Control-Allow-Origin': '*', 'Cache-Control': 'no-cache', 'ETag': 'W/"49f-45DeFyDiWAXbx2lV2vOiRmDhNOQ"', 'Vary': 'Accept-Encoding', 'Content-Encoding': 'gzip', 'CF-Cache-Status': 'DYNAMIC', 'Report-To': '{"endpoints":[{"url":"https:\\/\\/a.nel.cloudflare.com\\/report\\/v4?s=pjFzCvW6JXukArcVDG7RJNkKDz4eU5WosrozcSJu4BBSR50Ayh480R3wTg7xLViyS9VjIfO1OM4Hp5jJfuAuviOZFB3z6MLdgATYtREpzfuDQrZwzZElV5QAe66m6mCV"}],"group":"cf-nel","max_age":604800}', 'NEL': '{"success_fraction":0,"report_to":"cf-nel","max_age":604800}', 'Server': 'cloudflare', 'CF-RAY': '8aae1242cb8a81b8-IAD', 'alt-svc': 'h3=":443"; ma=86400'} 
 body={"results":[{"gender":"female","name":{"title":"Ms","first":"Agnieszka","last":"Bär"},"location":{"street":{"number":9691,"name":"Kirchstraße"},"city":"Landstuhl","state":"Sachsen","country":"Germany","postcode":50415,"coordinates":{"latitude":"-48.7928","longitude":"105.9623"},"timezone":{"offset":"+5:00","description":"Ekaterinburg, Islamabad, Karachi, Tashkent"}},"email":"agnieszka.bar@example.com","login":{"uuid":"01daf87c-7e87-4d17-98f2-883871cfcc3d","username":"bigleopard563","password":"zulu","salt":"3GB1fD2F","md5":"eb9e3f94db173327dbca678999cf8d63","sha1":"9c2994401e26e8206f7149c41e05ac6b111bc351","sha256":"8b6aa73cf40a5363b9d2f3bd3185d6a6df76d5a5f0e16caef4c07bb271777830"},"dob":{"date":"1957-10-28T02:36:28.880Z","age":66},"registered":{"date":"2012-10-03T05:14:58.950Z","age":11},"phone":"0079-7818776","cell":"0179-3033214","id":{"name":"SVNR","value":"69 271057 B 811"},"picture":{"large":"https://randomuser.me/api/portraits/women/46.jpg","medium":"https://randomuser.me/api/portraits/med/women/46.jpg","thumbnail":"https://randomuser.me/api/portraits/thumb/women/46.jpg"},"nat":"DE"}],"info":{"seed":"f193683ddb71f6ab","results":1,"page":1,"version":"1.4"}} 
 </msg>
<msg time="2024-07-29T15:16:42.277347" level="INFO">/opt/hostedtoolcache/Python/3.12.4/x64/lib/python3.12/site-packages/urllib3/connectionpool.py:1099: InsecureRequestWarning: Unverified HTTPS request is being made to host 'randomuser.me'. Adding certificate verification is strongly advised. See: https://urllib3.readthedocs.io/en/latest/advanced-usage.html#tls-warnings
  warnings.warn(</msg>
<msg time="2024-07-29T15:16:42.277572" level="INFO">${response} = &lt;Response [200]&gt;</msg>
<var>${response}</var>
<arg>consultarAPI</arg>
<arg>/api</arg>
<doc>Sends a GET request on a previously created HTTP Session.</doc>
<status status="PASS" start="2024-07-29T15:16:39.425312" elapsed="2.852309"/>
</kw>
<kw name="Should Be Equal As Numbers" owner="BuiltIn">
<msg time="2024-07-29T15:16:42.278749" level="INFO">Argument types are:
&lt;class 'int'&gt;
&lt;class 'str'&gt;</msg>
<arg>${response.status_code}</arg>
<arg>200</arg>
<doc>Fails if objects are unequal after converting them to real numbers.</doc>
<status status="PASS" start="2024-07-29T15:16:42.278242" elapsed="0.000574"/>
</kw>
<kw name="Log" owner="BuiltIn">
<msg time="2024-07-29T15:16:42.279501" level="INFO">200</msg>
<arg>${response.status_code}</arg>
<doc>Logs the given message with the given level.</doc>
<status status="PASS" start="2024-07-29T15:16:42.279139" elapsed="0.000404"/>
</kw>
<kw name="Set Variable" owner="BuiltIn">
<msg time="2024-07-29T15:16:42.280307" level="INFO">${json_data} = {'results': [{'gender': 'female', 'name': {'title': 'Ms', 'first': 'Agnieszka', 'last': 'Bär'}, 'location': {'street': {'number': 9691, 'name': 'Kirchstraße'}, 'city': 'Landstuhl', 'state': 'Sachsen',...</msg>
<var>${json_data}</var>
<arg>${response.json()}</arg>
<doc>Returns the given values which can then be assigned to a variables.</doc>
<status status="PASS" start="2024-07-29T15:16:42.279867" elapsed="0.000469"/>
</kw>
<kw name="Dictionary Should Contain Key" owner="Collections">
<arg>${json_data}</arg>
<arg>results</arg>
<doc>Fails if ``key`` is not found from ``dictionary``.</doc>
<status status="PASS" start="2024-07-29T15:16:42.280640" elapsed="0.000342"/>
</kw>
<status status="PASS" start="2024-07-29T15:16:39.425067" elapsed="2.856069"/>
</kw>
<doc>Testa se a API responde corretamente e retorna um objeto JSON válido.</doc>
<tag>testeRequisicaoBasica</tag>
<status status="PASS" start="2024-07-29T15:16:39.424541" elapsed="2.856774"/>
</test>
<test id="s1-s1-t3" name="Validar estrutura de resposta" line="22">
<kw name="Teste de Estrutura de Resposta" owner="random-user-service">
<kw name="GET On Session" owner="RequestsLibrary">
<msg time="2024-07-29T15:16:43.816409" level="INFO">GET Request : url=https://randomuser.me/api 
 path_url=/api 
 headers={'User-Agent': 'python-requests/2.32.3', 'Accept-Encoding': 'gzip, deflate', 'Accept': '*/*', 'Connection': 'keep-alive'} 
 body=None 
 </msg>
<msg time="2024-07-29T15:16:43.816566" level="INFO">GET Response : url=https://randomuser.me/api 
 status=200, reason=OK 
 headers={'Date': 'Mon, 29 Jul 2024 15:16:43 GMT', 'Content-Type': 'application/json; charset=utf-8', 'Transfer-Encoding': 'chunked', 'Connection': 'keep-alive', 'X-Powered-By': 'Express', 'Access-Control-Allow-Origin': '*', 'Cache-Control': 'no-cache', 'ETag': 'W/"4a3-Eu4ZDrRD59+WqvU7bSfe10sEKnw"', 'Vary': 'Accept-Encoding', 'Content-Encoding': 'gzip', 'CF-Cache-Status': 'DYNAMIC', 'Report-To': '{"endpoints":[{"url":"https:\\/\\/a.nel.cloudflare.com\\/report\\/v4?s=xAtdP%2Fn93N83Y6YRfkXhyf4a940utFOt14uwYWkZWnRSh64NGybDlSGi9%2FfJ0f5Gv46YazAVlRSuZNtdKOZrLT8sDK2bJxUgORpQPKkqR3Ov7uaN1QKoGAIZmvpUgDIN"}],"group":"cf-nel","max_age":604800}', 'NEL': '{"success_fraction":0,"report_to":"cf-nel","max_age":604800}', 'Server': 'cloudflare', 'CF-RAY': '8aae12544fd781b8-IAD', 'alt-svc': 'h3=":443"; ma=86400'} 
 body={"results":[{"gender":"male","name":{"title":"Mr","first":"Emil","last":"Manner"},"location":{"street":{"number":9376,"name":"Nordenskiöldinkatu"},"city":"Tuusula","state":"Päijät-Häme","country":"Finland","postcode":19307,"coordinates":{"latitude":"-27.6802","longitude":"-124.7993"},"timezone":{"offset":"+5:00","description":"Ekaterinburg, Islamabad, Karachi, Tashkent"}},"email":"emil.manner@example.com","login":{"uuid":"48af7e91-6335-4c0b-9488-07552eae577c","username":"lazyleopard139","password":"decker","salt":"xpmxWbRg","md5":"347887305f420de08de7666b3b4ae94b","sha1":"008dca111c30b11e45bd0de05386a22c967fe0de","sha256":"44d0ce81b7725ca469e67e613c38e5610663fd7b416dce34cf431e5c4abdc4c7"},"dob":{"date":"1971-10-23T19:45:45.446Z","age":52},"registered":{"date":"2008-08-10T07:16:50.000Z","age":15},"phone":"03-968-344","cell":"047-131-46-20","id":{"name":"HETU","value":"NaNNA831undefined"},"picture":{"large":"https://randomuser.me/api/portraits/men/33.jpg","medium":"https://randomuser.me/api/portraits/med/men/33.jpg","thumbnail":"https://randomuser.me/api/portraits/thumb/men/33.jpg"},"nat":"FI"}],"info":{"seed":"36fc9daeb72b3b99","results":1,"page":1,"version":"1.4"}} 
 </msg>
<msg time="2024-07-29T15:16:43.816757" level="INFO">/opt/hostedtoolcache/Python/3.12.4/x64/lib/python3.12/site-packages/urllib3/connectionpool.py:1099: InsecureRequestWarning: Unverified HTTPS request is being made to host 'randomuser.me'. Adding certificate verification is strongly advised. See: https://urllib3.readthedocs.io/en/latest/advanced-usage.html#tls-warnings
  warnings.warn(</msg>
<msg time="2024-07-29T15:16:43.816953" level="INFO">${response} = &lt;Response [200]&gt;</msg>
<var>${response}</var>
<arg>consultarAPI</arg>
<arg>/api</arg>
<doc>Sends a GET request on a previously created HTTP Session.</doc>
<status status="PASS" start="2024-07-29T15:16:42.283944" elapsed="1.533055"/>
</kw>
<kw name="Set Variable" owner="BuiltIn">
<msg time="2024-07-29T15:16:43.818450" level="INFO">${json_data} = {'results': [{'gender': 'male', 'name': {'title': 'Mr', 'first': 'Emil', 'last': 'Manner'}, 'location': {'street': {'number': 9376, 'name': 'Nordenskiöldinkatu'}, 'city': 'Tuusula', 'state': 'Päijät-H...</msg>
<var>${json_data}</var>
<arg>${response.json()}</arg>
<doc>Returns the given values which can then be assigned to a variables.</doc>
<status status="PASS" start="2024-07-29T15:16:43.817791" elapsed="0.000690"/>
</kw>
<kw name="Log" owner="BuiltIn">
<msg time="2024-07-29T15:16:43.818987" level="INFO">{'results': [{'gender': 'male', 'name': {'title': 'Mr', 'first': 'Emil', 'last': 'Manner'}, 'location': {'street': {'number': 9376, 'name': 'Nordenskiöldinkatu'}, 'city': 'Tuusula', 'state': 'Päijät-Häme', 'country': 'Finland', 'postcode': 19307, 'coordinates': {'latitude': '-27.6802', 'longitude': '-124.7993'}, 'timezone': {'offset': '+5:00', 'description': 'Ekaterinburg, Islamabad, Karachi, Tashkent'}}, 'email': 'emil.manner@example.com', 'login': {'uuid': '48af7e91-6335-4c0b-9488-07552eae577c', 'username': 'lazyleopard139', 'password': 'decker', 'salt': 'xpmxWbRg', 'md5': '347887305f420de08de7666b3b4ae94b', 'sha1': '008dca111c30b11e45bd0de05386a22c967fe0de', 'sha256': '44d0ce81b7725ca469e67e613c38e5610663fd7b416dce34cf431e5c4abdc4c7'}, 'dob': {'date': '1971-10-23T19:45:45.446Z', 'age': 52}, 'registered': {'date': '2008-08-10T07:16:50.000Z', 'age': 15}, 'phone': '03-968-344', 'cell': '047-131-46-20', 'id': {'name': 'HETU', 'value': 'NaNNA831undefined'}, 'picture': {'large': 'https://randomuser.me/api/portraits/men/33.jpg', 'medium': 'https://randomuser.me/api/portraits/med/men/33.jpg', 'thumbnail': 'https://randomuser.me/api/portraits/thumb/men/33.jpg'}, 'nat': 'FI'}], 'info': {'seed': '36fc9daeb72b3b99', 'results': 1, 'page': 1, 'version': '1.4'}}</msg>
<arg>${json_data}</arg>
<doc>Logs the given message with the given level.</doc>
<status status="PASS" start="2024-07-29T15:16:43.818804" elapsed="0.000235"/>
</kw>
<kw name="Dictionary Should Contain Key" owner="Collections">
<arg>${json_data}</arg>
<arg>results</arg>
<doc>Fails if ``key`` is not found from ``dictionary``.</doc>
<status status="PASS" start="2024-07-29T15:16:43.819350" elapsed="0.000174"/>
</kw>
<kw name="Should Not Be Empty" owner="BuiltIn">
<msg time="2024-07-29T15:16:43.819838" level="INFO">Length is 2.</msg>
<arg>${json_data}</arg>
<doc>Verifies that the given item is not empty.</doc>
<status status="PASS" start="2024-07-29T15:16:43.819710" elapsed="0.000166"/>
</kw>
<kw name="Create List" owner="BuiltIn">
<msg time="2024-07-29T15:16:43.820340" level="INFO">${expected_keys} = ['gender', 'name', 'location', 'email', 'login']</msg>
<var>${expected_keys}</var>
<arg>gender</arg>
<arg>name</arg>
<arg>location</arg>
<arg>email</arg>
<arg>login</arg>
<doc>Returns a list containing given items.</doc>
<status status="PASS" start="2024-07-29T15:16:43.820177" elapsed="0.000186"/>
</kw>
<for flavor="IN">
<iter>
<kw name="Dictionary Should Contain Key" owner="Collections">
<arg>${json_data['results'][0]}</arg>
<arg>${key}</arg>
<doc>Fails if ``key`` is not found from ``dictionary``.</doc>
<status status="PASS" start="2024-07-29T15:16:43.821017" elapsed="0.000418"/>
</kw>
<kw name="Log" owner="BuiltIn">
<msg time="2024-07-29T15:16:43.822017" level="INFO">{'gender': 'male', 'name': {'title': 'Mr', 'first': 'Emil', 'last': 'Manner'}, 'location': {'street': {'number': 9376, 'name': 'Nordenskiöldinkatu'}, 'city': 'Tuusula', 'state': 'Päijät-Häme', 'country': 'Finland', 'postcode': 19307, 'coordinates': {'latitude': '-27.6802', 'longitude': '-124.7993'}, 'timezone': {'offset': '+5:00', 'description': 'Ekaterinburg, Islamabad, Karachi, Tashkent'}}, 'email': 'emil.manner@example.com', 'login': {'uuid': '48af7e91-6335-4c0b-9488-07552eae577c', 'username': 'lazyleopard139', 'password': 'decker', 'salt': 'xpmxWbRg', 'md5': '347887305f420de08de7666b3b4ae94b', 'sha1': '008dca111c30b11e45bd0de05386a22c967fe0de', 'sha256': '44d0ce81b7725ca469e67e613c38e5610663fd7b416dce34cf431e5c4abdc4c7'}, 'dob': {'date': '1971-10-23T19:45:45.446Z', 'age': 52}, 'registered': {'date': '2008-08-10T07:16:50.000Z', 'age': 15}, 'phone': '03-968-344', 'cell': '047-131-46-20', 'id': {'name': 'HETU', 'value': 'NaNNA831undefined'}, 'picture': {'large': 'https://randomuser.me/api/portraits/men/33.jpg', 'medium': 'https://randomuser.me/api/portraits/med/men/33.jpg', 'thumbnail': 'https://randomuser.me/api/portraits/thumb/men/33.jpg'}, 'nat': 'FI'}</msg>
<arg>${json_data['results'][0]}</arg>
<doc>Logs the given message with the given level.</doc>
<status status="PASS" start="2024-07-29T15:16:43.821643" elapsed="0.000424"/>
</kw>
<kw name="Log" owner="BuiltIn">
<msg time="2024-07-29T15:16:43.822505" level="INFO">gender</msg>
<arg>${key}</arg>
<doc>Logs the given message with the given level.</doc>
<status status="PASS" start="2024-07-29T15:16:43.822375" elapsed="0.000168"/>
</kw>
<var name="${key}">gender</var>
<status status="PASS" start="2024-07-29T15:16:43.820880" elapsed="0.001882"/>
</iter>
<iter>
<kw name="Dictionary Should Contain Key" owner="Collections">
<arg>${json_data['results'][0]}</arg>
<arg>${key}</arg>
<doc>Fails if ``key`` is not found from ``dictionary``.</doc>
<status status="PASS" start="2024-07-29T15:16:43.823084" elapsed="0.000380"/>
</kw>
<kw name="Log" owner="BuiltIn">
<msg time="2024-07-29T15:16:43.824048" level="INFO">{'gender': 'male', 'name': {'title': 'Mr', 'first': 'Emil', 'last': 'Manner'}, 'location': {'street': {'number': 9376, 'name': 'Nordenskiöldinkatu'}, 'city': 'Tuusula', 'state': 'Päijät-Häme', 'country': 'Finland', 'postcode': 19307, 'coordinates': {'latitude': '-27.6802', 'longitude': '-124.7993'}, 'timezone': {'offset': '+5:00', 'description': 'Ekaterinburg, Islamabad, Karachi, Tashkent'}}, 'email': 'emil.manner@example.com', 'login': {'uuid': '48af7e91-6335-4c0b-9488-07552eae577c', 'username': 'lazyleopard139', 'password': 'decker', 'salt': 'xpmxWbRg', 'md5': '347887305f420de08de7666b3b4ae94b', 'sha1': '008dca111c30b11e45bd0de05386a22c967fe0de', 'sha256': '44d0ce81b7725ca469e67e613c38e5610663fd7b416dce34cf431e5c4abdc4c7'}, 'dob': {'date': '1971-10-23T19:45:45.446Z', 'age': 52}, 'registered': {'date': '2008-08-10T07:16:50.000Z', 'age': 15}, 'phone': '03-968-344', 'cell': '047-131-46-20', 'id': {'name': 'HETU', 'value': 'NaNNA831undefined'}, 'picture': {'large': 'https://randomuser.me/api/portraits/men/33.jpg', 'medium': 'https://randomuser.me/api/portraits/med/men/33.jpg', 'thumbnail': 'https://randomuser.me/api/portraits/thumb/men/33.jpg'}, 'nat': 'FI'}</msg>
<arg>${json_data['results'][0]}</arg>
<doc>Logs the given message with the given level.</doc>
<status status="PASS" start="2024-07-29T15:16:43.823648" elapsed="0.000450"/>
</kw>
<kw name="Log" owner="BuiltIn">
<msg time="2024-07-29T15:16:43.824527" level="INFO">name</msg>
<arg>${key}</arg>
<doc>Logs the given message with the given level.</doc>
<status status="PASS" start="2024-07-29T15:16:43.824397" elapsed="0.000168"/>
</kw>
<var name="${key}">name</var>
<status status="PASS" start="2024-07-29T15:16:43.822960" elapsed="0.001820"/>
</iter>
<iter>
<kw name="Dictionary Should Contain Key" owner="Collections">
<arg>${json_data['results'][0]}</arg>
<arg>${key}</arg>
<doc>Fails if ``key`` is not found from ``dictionary``.</doc>
<status status="PASS" start="2024-07-29T15:16:43.825063" elapsed="0.000382"/>
</kw>
<kw name="Log" owner="BuiltIn">
<msg time="2024-07-29T15:16:43.826041" level="INFO">{'gender': 'male', 'name': {'title': 'Mr', 'first': 'Emil', 'last': 'Manner'}, 'location': {'street': {'number': 9376, 'name': 'Nordenskiöldinkatu'}, 'city': 'Tuusula', 'state': 'Päijät-Häme', 'country': 'Finland', 'postcode': 19307, 'coordinates': {'latitude': '-27.6802', 'longitude': '-124.7993'}, 'timezone': {'offset': '+5:00', 'description': 'Ekaterinburg, Islamabad, Karachi, Tashkent'}}, 'email': 'emil.manner@example.com', 'login': {'uuid': '48af7e91-6335-4c0b-9488-07552eae577c', 'username': 'lazyleopard139', 'password': 'decker', 'salt': 'xpmxWbRg', 'md5': '347887305f420de08de7666b3b4ae94b', 'sha1': '008dca111c30b11e45bd0de05386a22c967fe0de', 'sha256': '44d0ce81b7725ca469e67e613c38e5610663fd7b416dce34cf431e5c4abdc4c7'}, 'dob': {'date': '1971-10-23T19:45:45.446Z', 'age': 52}, 'registered': {'date': '2008-08-10T07:16:50.000Z', 'age': 15}, 'phone': '03-968-344', 'cell': '047-131-46-20', 'id': {'name': 'HETU', 'value': 'NaNNA831undefined'}, 'picture': {'large': 'https://randomuser.me/api/portraits/men/33.jpg', 'medium': 'https://randomuser.me/api/portraits/med/men/33.jpg', 'thumbnail': 'https://randomuser.me/api/portraits/thumb/men/33.jpg'}, 'nat': 'FI'}</msg>
<arg>${json_data['results'][0]}</arg>
<doc>Logs the given message with the given level.</doc>
<status status="PASS" start="2024-07-29T15:16:43.825683" elapsed="0.000407"/>
</kw>
<kw name="Log" owner="BuiltIn">
<msg time="2024-07-29T15:16:43.826516" level="INFO">location</msg>
<arg>${key}</arg>
<doc>Logs the given message with the given level.</doc>
<status status="PASS" start="2024-07-29T15:16:43.826386" elapsed="0.000168"/>
</kw>
<var name="${key}">location</var>
<status status="PASS" start="2024-07-29T15:16:43.824956" elapsed="0.001816"/>
</iter>
<iter>
<kw name="Dictionary Should Contain Key" owner="Collections">
<arg>${json_data['results'][0]}</arg>
<arg>${key}</arg>
<doc>Fails if ``key`` is not found from ``dictionary``.</doc>
<status status="PASS" start="2024-07-29T15:16:43.827047" elapsed="0.000384"/>
</kw>
<kw name="Log" owner="BuiltIn">
<msg time="2024-07-29T15:16:43.828133" level="INFO">{'gender': 'male', 'name': {'title': 'Mr', 'first': 'Emil', 'last': 'Manner'}, 'location': {'street': {'number': 9376, 'name': 'Nordenskiöldinkatu'}, 'city': 'Tuusula', 'state': 'Päijät-Häme', 'country': 'Finland', 'postcode': 19307, 'coordinates': {'latitude': '-27.6802', 'longitude': '-124.7993'}, 'timezone': {'offset': '+5:00', 'description': 'Ekaterinburg, Islamabad, Karachi, Tashkent'}}, 'email': 'emil.manner@example.com', 'login': {'uuid': '48af7e91-6335-4c0b-9488-07552eae577c', 'username': 'lazyleopard139', 'password': 'decker', 'salt': 'xpmxWbRg', 'md5': '347887305f420de08de7666b3b4ae94b', 'sha1': '008dca111c30b11e45bd0de05386a22c967fe0de', 'sha256': '44d0ce81b7725ca469e67e613c38e5610663fd7b416dce34cf431e5c4abdc4c7'}, 'dob': {'date': '1971-10-23T19:45:45.446Z', 'age': 52}, 'registered': {'date': '2008-08-10T07:16:50.000Z', 'age': 15}, 'phone': '03-968-344', 'cell': '047-131-46-20', 'id': {'name': 'HETU', 'value': 'NaNNA831undefined'}, 'picture': {'large': 'https://randomuser.me/api/portraits/men/33.jpg', 'medium': 'https://randomuser.me/api/portraits/med/men/33.jpg', 'thumbnail': 'https://randomuser.me/api/portraits/thumb/men/33.jpg'}, 'nat': 'FI'}</msg>
<arg>${json_data['results'][0]}</arg>
<doc>Logs the given message with the given level.</doc>
<status status="PASS" start="2024-07-29T15:16:43.827768" elapsed="0.000414"/>
</kw>
<kw name="Log" owner="BuiltIn">
<msg time="2024-07-29T15:16:43.828613" level="INFO">email</msg>
<arg>${key}</arg>
<doc>Logs the given message with the given level.</doc>
<status status="PASS" start="2024-07-29T15:16:43.828483" elapsed="0.000169"/>
</kw>
<var name="${key}">email</var>
<status status="PASS" start="2024-07-29T15:16:43.826941" elapsed="0.001936"/>
</iter>
<iter>
<kw name="Dictionary Should Contain Key" owner="Collections">
<arg>${json_data['results'][0]}</arg>
<arg>${key}</arg>
<doc>Fails if ``key`` is not found from ``dictionary``.</doc>
<status status="PASS" start="2024-07-29T15:16:43.829157" elapsed="0.000392"/>
</kw>
<kw name="Log" owner="BuiltIn">
<msg time="2024-07-29T15:16:43.830087" level="INFO">{'gender': 'male', 'name': {'title': 'Mr', 'first': 'Emil', 'last': 'Manner'}, 'location': {'street': {'number': 9376, 'name': 'Nordenskiöldinkatu'}, 'city': 'Tuusula', 'state': 'Päijät-Häme', 'country': 'Finland', 'postcode': 19307, 'coordinates': {'latitude': '-27.6802', 'longitude': '-124.7993'}, 'timezone': {'offset': '+5:00', 'description': 'Ekaterinburg, Islamabad, Karachi, Tashkent'}}, 'email': 'emil.manner@example.com', 'login': {'uuid': '48af7e91-6335-4c0b-9488-07552eae577c', 'username': 'lazyleopard139', 'password': 'decker', 'salt': 'xpmxWbRg', 'md5': '347887305f420de08de7666b3b4ae94b', 'sha1': '008dca111c30b11e45bd0de05386a22c967fe0de', 'sha256': '44d0ce81b7725ca469e67e613c38e5610663fd7b416dce34cf431e5c4abdc4c7'}, 'dob': {'date': '1971-10-23T19:45:45.446Z', 'age': 52}, 'registered': {'date': '2008-08-10T07:16:50.000Z', 'age': 15}, 'phone': '03-968-344', 'cell': '047-131-46-20', 'id': {'name': 'HETU', 'value': 'NaNNA831undefined'}, 'picture': {'large': 'https://randomuser.me/api/portraits/men/33.jpg', 'medium': 'https://randomuser.me/api/portraits/med/men/33.jpg', 'thumbnail': 'https://randomuser.me/api/portraits/thumb/men/33.jpg'}, 'nat': 'FI'}</msg>
<arg>${json_data['results'][0]}</arg>
<doc>Logs the given message with the given level.</doc>
<status status="PASS" start="2024-07-29T15:16:43.829737" elapsed="0.000397"/>
</kw>
<kw name="Log" owner="BuiltIn">
<msg time="2024-07-29T15:16:43.830551" level="INFO">login</msg>
<arg>${key}</arg>
<doc>Logs the given message with the given level.</doc>
<status status="PASS" start="2024-07-29T15:16:43.830424" elapsed="0.000163"/>
</kw>
<var name="${key}">login</var>
<status status="PASS" start="2024-07-29T15:16:43.829050" elapsed="0.001752"/>
</iter>
<var>${key}</var>
<value>@{expected_keys}</value>
<status status="PASS" start="2024-07-29T15:16:43.820644" elapsed="0.010277"/>
</for>
<kw name="Create List" owner="BuiltIn">
<msg time="2024-07-29T15:16:43.831295" level="INFO">${expected_keysTwo} = ['username', 'password']</msg>
<var>${expected_keysTwo}</var>
<arg>username</arg>
<arg>password</arg>
<doc>Returns a list containing given items.</doc>
<status status="PASS" start="2024-07-29T15:16:43.831150" elapsed="0.000170"/>
</kw>
<for flavor="IN">
<iter>
<kw name="Dictionary Should Contain Key" owner="Collections">
<arg>${json_data['results'][0]['login']}</arg>
<arg>${keyTwo}</arg>
<doc>Fails if ``key`` is not found from ``dictionary``.</doc>
<status status="PASS" start="2024-07-29T15:16:43.831829" elapsed="0.000390"/>
</kw>
<kw name="Dictionary Should Contain Key" owner="Collections">
<arg>${json_data['results'][0]['login']}</arg>
<arg>${keyTwo}</arg>
<doc>Fails if ``key`` is not found from ``dictionary``.</doc>
<status status="PASS" start="2024-07-29T15:16:43.832398" elapsed="0.000375"/>
</kw>
<kw name="Log" owner="BuiltIn">
<msg time="2024-07-29T15:16:43.833072" level="INFO">username</msg>
<arg>${keyTwo}</arg>
<doc>Logs the given message with the given level.</doc>
<status status="PASS" start="2024-07-29T15:16:43.832950" elapsed="0.000160"/>
</kw>
<var name="${keyTwo}">username</var>
<status status="PASS" start="2024-07-29T15:16:43.831723" elapsed="0.001605"/>
</iter>
<iter>
<kw name="Dictionary Should Contain Key" owner="Collections">
<arg>${json_data['results'][0]['login']}</arg>
<arg>${keyTwo}</arg>
<doc>Fails if ``key`` is not found from ``dictionary``.</doc>
<status status="PASS" start="2024-07-29T15:16:43.833655" elapsed="0.000384"/>
</kw>
<kw name="Dictionary Should Contain Key" owner="Collections">
<arg>${json_data['results'][0]['login']}</arg>
<arg>${keyTwo}</arg>
<doc>Fails if ``key`` is not found from ``dictionary``.</doc>
<status status="PASS" start="2024-07-29T15:16:43.834215" elapsed="0.000363"/>
</kw>
<kw name="Log" owner="BuiltIn">
<msg time="2024-07-29T15:16:43.834877" level="INFO">password</msg>
<arg>${keyTwo}</arg>
<doc>Logs the given message with the given level.</doc>
<status status="PASS" start="2024-07-29T15:16:43.834751" elapsed="0.000164"/>
</kw>
<var name="${keyTwo}">password</var>
<status status="PASS" start="2024-07-29T15:16:43.833501" elapsed="0.001634"/>
</iter>
<var>${keyTwo}</var>
<value>@{expected_keysTwo}</value>
<status status="PASS" start="2024-07-29T15:16:43.831562" elapsed="0.003693"/>
</for>
<status status="PASS" start="2024-07-29T15:16:42.283709" elapsed="1.551696"/>
</kw>
<doc>Testa a estrutura da resposta da API.</doc>
<tag>testeEstruturaResposta</tag>
<status status="PASS" start="2024-07-29T15:16:42.283190" elapsed="1.552394"/>
</test>
<test id="s1-s1-t4" name="Validar tipos de dados" line="28">
<kw name="Teste de Tipos de Dados" owner="random-user-service">
<kw name="GET On Session" owner="RequestsLibrary">
<msg time="2024-07-29T15:16:44.637253" level="INFO">GET Request : url=https://randomuser.me/api 
 path_url=/api 
 headers={'User-Agent': 'python-requests/2.32.3', 'Accept-Encoding': 'gzip, deflate', 'Accept': '*/*', 'Connection': 'keep-alive'} 
 body=None 
 </msg>
<msg time="2024-07-29T15:16:44.637382" level="INFO">GET Response : url=https://randomuser.me/api 
 status=200, reason=OK 
 headers={'Date': 'Mon, 29 Jul 2024 15:16:44 GMT', 'Content-Type': 'application/json; charset=utf-8', 'Transfer-Encoding': 'chunked', 'Connection': 'keep-alive', 'X-Powered-By': 'Express', 'Access-Control-Allow-Origin': '*', 'Cache-Control': 'no-cache', 'ETag': 'W/"4a1-7g0wwkiH+Jpvm2f3cYfWX7zIBQk"', 'Vary': 'Accept-Encoding', 'Content-Encoding': 'gzip', 'CF-Cache-Status': 'DYNAMIC', 'Report-To': '{"endpoints":[{"url":"https:\\/\\/a.nel.cloudflare.com\\/report\\/v4?s=dqhErnlXN893RtOPwx2IdFYHUKY0DQTyTQTeW4X%2BKc3P79uW%2BVSvaxT5oORpoxcqBcBTxomkAA7R1%2Fa8f7TGnMOHiusj3ztA%2Beob0i7%2B4lNjhomGnBn7icc3qvYjLw1j"}],"group":"cf-nel","max_age":604800}', 'NEL': '{"success_fraction":0,"report_to":"cf-nel","max_age":604800}', 'Server': 'cloudflare', 'CF-RAY': '8aae125e0a6b81b8-IAD', 'alt-svc': 'h3=":443"; ma=86400'} 
 body={"results":[{"gender":"male","name":{"title":"Mr","first":"محمدپارسا","last":"زارعی"},"location":{"street":{"number":3476,"name":"شهید بهشتی"},"city":"بجنورد","state":"گیلان","country":"Iran","postcode":63503,"coordinates":{"latitude":"13.3236","longitude":"-146.5251"},"timezone":{"offset":"-5:00","description":"Eastern Time (US &amp; Canada), Bogota, Lima"}},"email":"mhmdprs.zraay@example.com","login":{"uuid":"d44563f9-d704-407b-8409-79d90420de19","username":"angrymeercat520","password":"donkey","salt":"1BbpcCSX","md5":"2b9ad9c5374bc4aeab0ecc2ac9adb976","sha1":"7c39f6222003f24f4c5ca304c7df797465e6e54c","sha256":"6fea2fdd5e86457f0e7e8dcfc3b8add5d6c39a90d504de0621f36aac3f6b20c8"},"dob":{"date":"1979-06-27T19:37:42.510Z","age":45},"registered":{"date":"2019-11-08T23:30:59.792Z","age":4},"phone":"003-10891610","cell":"0915-556-0758","id":{"name":"","value":null},"picture":{"large":"https://randomuser.me/api/portraits/men/62.jpg","medium":"https://randomuser.me/api/portraits/med/men/62.jpg","thumbnail":"https://randomuser.me/api/portraits/thumb/men/62.jpg"},"nat":"IR"}],"info":{"seed":"f3b3b308450929b9","results":1,"page":1,"version":"1.4"}} 
 </msg>
<msg time="2024-07-29T15:16:44.637493" level="INFO">/opt/hostedtoolcache/Python/3.12.4/x64/lib/python3.12/site-packages/urllib3/connectionpool.py:1099: InsecureRequestWarning: Unverified HTTPS request is being made to host 'randomuser.me'. Adding certificate verification is strongly advised. See: https://urllib3.readthedocs.io/en/latest/advanced-usage.html#tls-warnings
  warnings.warn(</msg>
<msg time="2024-07-29T15:16:44.637704" level="INFO">${response} = &lt;Response [200]&gt;</msg>
<var>${response}</var>
<arg>consultarAPI</arg>
<arg>/api</arg>
<doc>Sends a GET request on a previously created HTTP Session.</doc>
<status status="PASS" start="2024-07-29T15:16:43.838222" elapsed="0.799527"/>
</kw>
<kw name="Set Variable" owner="BuiltIn">
<msg time="2024-07-29T15:16:44.638893" level="INFO">${json_data} = {'results': [{'gender': 'male', 'name': {'title': 'Mr', 'first': 'محمدپارسا', 'last': 'زارعی'}, 'location': {'street': {'number': 3476, 'name': 'شهید بهشتی'}, 'city': 'بجنورد', 'state': 'گیلان', 'coun...</msg>
<var>${json_data}</var>
<arg>${response.json()}</arg>
<doc>Returns the given values which can then be assigned to a variables.</doc>
<status status="PASS" start="2024-07-29T15:16:44.638328" elapsed="0.000595"/>
</kw>
<kw name="Log" owner="BuiltIn">
<msg time="2024-07-29T15:16:44.639398" level="INFO">{'results': [{'gender': 'male', 'name': {'title': 'Mr', 'first': 'محمدپارسا', 'last': 'زارعی'}, 'location': {'street': {'number': 3476, 'name': 'شهید بهشتی'}, 'city': 'بجنورد', 'state': 'گیلان', 'country': 'Iran', 'postcode': 63503, 'coordinates': {'latitude': '13.3236', 'longitude': '-146.5251'}, 'timezone': {'offset': '-5:00', 'description': 'Eastern Time (US &amp; Canada), Bogota, Lima'}}, 'email': 'mhmdprs.zraay@example.com', 'login': {'uuid': 'd44563f9-d704-407b-8409-79d90420de19', 'username': 'angrymeercat520', 'password': 'donkey', 'salt': '1BbpcCSX', 'md5': '2b9ad9c5374bc4aeab0ecc2ac9adb976', 'sha1': '7c39f6222003f24f4c5ca304c7df797465e6e54c', 'sha256': '6fea2fdd5e86457f0e7e8dcfc3b8add5d6c39a90d504de0621f36aac3f6b20c8'}, 'dob': {'date': '1979-06-27T19:37:42.510Z', 'age': 45}, 'registered': {'date': '2019-11-08T23:30:59.792Z', 'age': 4}, 'phone': '003-10891610', 'cell': '0915-556-0758', 'id': {'name': '', 'value': None}, 'picture': {'large': 'https://randomuser.me/api/portraits/men/62.jpg', 'medium': 'https://randomuser.me/api/portraits/med/men/62.jpg', 'thumbnail': 'https://randomuser.me/api/portraits/thumb/men/62.jpg'}, 'nat': 'IR'}], 'info': {'seed': 'f3b3b308450929b9', 'results': 1, 'page': 1, 'version': '1.4'}}</msg>
<arg>${json_data}</arg>
<doc>Logs the given message with the given level.</doc>
<status status="PASS" start="2024-07-29T15:16:44.639234" elapsed="0.000223"/>
</kw>
<kw name="Should Be String" owner="String">
<arg>${json_data['results'][0]['gender']}</arg>
<doc>Fails if the given ``item`` is not a string.</doc>
<status status="PASS" start="2024-07-29T15:16:44.639755" elapsed="0.000379"/>
</kw>
<kw name="Should Match Regexp" owner="BuiltIn">
<arg>${json_data['results'][0]['email']}</arg>
<arg>^[a-zA-Z0-9._%+-]+@[a-zA-Z0-9.-]+\.[a-zA-Z]{2,}$</arg>
<doc>Fails if ``string`` does not match ``pattern`` as a regular expression.</doc>
<status status="PASS" start="2024-07-29T15:16:44.640365" elapsed="0.000535"/>
</kw>
<kw name="Should Match Regexp" owner="BuiltIn">
<arg>${json_data['results'][0]['dob']['date']}</arg>
<arg>\\d{4}-\\d{2}-\\d{2}T\\d{2}:\\d{2}:\\d{2}\\.\\d{3}Z</arg>
<doc>Fails if ``string`` does not match ``pattern`` as a regular expression.</doc>
<status status="PASS" start="2024-07-29T15:16:44.641096" elapsed="0.000681"/>
</kw>
<kw name="Should Match Regexp" owner="BuiltIn">
<arg>${json_data['results'][0]['registered']['date']}</arg>
<arg>\\d{4}-\\d{2}-\\d{2}T\\d{2}:\\d{2}:\\d{2}\\.\\d{3}Z</arg>
<doc>Fails if ``string`` does not match ``pattern`` as a regular expression.</doc>
<status status="PASS" start="2024-07-29T15:16:44.641986" elapsed="0.000376"/>
</kw>
<kw name="Should Match Regexp" owner="BuiltIn">
<arg>${json_data['results'][0]['picture']['large']}</arg>
<arg>^https?://.*\.(?:png|jpe?g|gif|bmp)$</arg>
<doc>Fails if ``string`` does not match ``pattern`` as a regular expression.</doc>
<status status="PASS" start="2024-07-29T15:16:44.642548" elapsed="0.000458"/>
</kw>
<kw name="Should Match Regexp" owner="BuiltIn">
<arg>${json_data['results'][0]['picture']['medium']}</arg>
<arg>^https?://.*\.(?:png|jpe?g|gif|bmp)$</arg>
<doc>Fails if ``string`` does not match ``pattern`` as a regular expression.</doc>
<status status="PASS" start="2024-07-29T15:16:44.643192" elapsed="0.000355"/>
</kw>
<kw name="Should Match Regexp" owner="BuiltIn">
<arg>${json_data['results'][0]['picture']['thumbnail']}</arg>
<arg>^https?://.*\.(?:png|jpe?g|gif|bmp)$</arg>
<doc>Fails if ``string`` does not match ``pattern`` as a regular expression.</doc>
<status status="PASS" start="2024-07-29T15:16:44.643727" elapsed="0.000351"/>
</kw>
<kw name="Log" owner="BuiltIn">
<msg time="2024-07-29T15:16:44.644578" level="INFO">{'large': 'https://randomuser.me/api/portraits/men/62.jpg', 'medium': 'https://randomuser.me/api/portraits/med/men/62.jpg', 'thumbnail': 'https://randomuser.me/api/portraits/thumb/men/62.jpg'}</msg>
<arg>${json_data['results'][0]['picture']}</arg>
<doc>Logs the given message with the given level.</doc>
<status status="PASS" start="2024-07-29T15:16:44.644258" elapsed="0.000362"/>
</kw>
<status status="PASS" start="2024-07-29T15:16:43.837970" elapsed="0.806923"/>
</kw>
<kw name="Teste de Tipos de Dados - Postcode" owner="random-user-service">
<kw name="GET On Session" owner="RequestsLibrary">
<msg time="2024-07-29T15:16:45.061464" level="INFO">GET Request : url=https://randomuser.me/api 
 path_url=/api 
 headers={'User-Agent': 'python-requests/2.32.3', 'Accept-Encoding': 'gzip, deflate', 'Accept': '*/*', 'Connection': 'keep-alive'} 
 body=None 
 </msg>
<msg time="2024-07-29T15:16:45.061620" level="INFO">GET Response : url=https://randomuser.me/api 
 status=200, reason=OK 
 headers={'Date': 'Mon, 29 Jul 2024 15:16:45 GMT', 'Content-Type': 'application/json; charset=utf-8', 'Transfer-Encoding': 'chunked', 'Connection': 'keep-alive', 'X-Powered-By': 'Express', 'Access-Control-Allow-Origin': '*', 'Cache-Control': 'no-cache', 'ETag': 'W/"4a3-9VoPrmR1QI6YpoZywyjwipwmWfE"', 'Vary': 'Accept-Encoding', 'Content-Encoding': 'gzip', 'CF-Cache-Status': 'DYNAMIC', 'Report-To': '{"endpoints":[{"url":"https:\\/\\/a.nel.cloudflare.com\\/report\\/v4?s=nFLiD8NOBMGr6aJ8bStL4qhNOK1mMiaoN3w9mfR3RbCoKsJYGDq4vfDGOqD8pyn1ucs8nEs4M3oxnDZk9Pyby5adegU4rQdUd%2B3IcgyQ0iDSP8asmfKrUB%2FTFzzx0WBO"}],"group":"cf-nel","max_age":604800}', 'NEL': '{"success_fraction":0,"report_to":"cf-nel","max_age":604800}', 'Server': 'cloudflare', 'CF-RAY': '8aae12631f5281b8-IAD', 'alt-svc': 'h3=":443"; ma=86400'} 
 body={"results":[{"gender":"female","name":{"title":"Miss","first":"Nicole","last":"Parker"},"location":{"street":{"number":8904,"name":"Pecan Acres Ln"},"city":"New York","state":"California","country":"United States","postcode":40828,"coordinates":{"latitude":"88.3926","longitude":"66.8498"},"timezone":{"offset":"-6:00","description":"Central Time (US &amp; Canada), Mexico City"}},"email":"nicole.parker@example.com","login":{"uuid":"ba23e991-5396-4c07-a007-67a82f792d21","username":"lazykoala526","password":"1954","salt":"mJyWcEja","md5":"19e3509ab7868c7fae412ceb303def94","sha1":"289a78c74c91b6e0920ad53d564e7a3d7b1241c6","sha256":"9cf8d557dbd23322b09bc3ccfdf9e267c7d90f66f8cecf7b1ac3edec2151c25f"},"dob":{"date":"1983-04-30T22:30:00.344Z","age":41},"registered":{"date":"2012-12-23T06:58:56.291Z","age":11},"phone":"(945) 381-1399","cell":"(836) 530-3870","id":{"name":"SSN","value":"222-32-0346"},"picture":{"large":"https://randomuser.me/api/portraits/women/12.jpg","medium":"https://randomuser.me/api/portraits/med/women/12.jpg","thumbnail":"https://randomuser.me/api/portraits/thumb/women/12.jpg"},"nat":"US"}],"info":{"seed":"80adf294b786e48b","results":1,"page":1,"version":"1.4"}} 
 </msg>
<msg time="2024-07-29T15:16:45.061720" level="INFO">/opt/hostedtoolcache/Python/3.12.4/x64/lib/python3.12/site-packages/urllib3/connectionpool.py:1099: InsecureRequestWarning: Unverified HTTPS request is being made to host 'randomuser.me'. Adding certificate verification is strongly advised. See: https://urllib3.readthedocs.io/en/latest/advanced-usage.html#tls-warnings
  warnings.warn(</msg>
<msg time="2024-07-29T15:16:45.061878" level="INFO">${response} = &lt;Response [200]&gt;</msg>
<var>${response}</var>
<arg>consultarAPI</arg>
<arg>/api</arg>
<doc>Sends a GET request on a previously created HTTP Session.</doc>
<status status="PASS" start="2024-07-29T15:16:44.645355" elapsed="0.416580"/>
</kw>
<kw name="Set Variable" owner="BuiltIn">
<msg time="2024-07-29T15:16:45.063193" level="INFO">${json_data} = {'results': [{'gender': 'female', 'name': {'title': 'Miss', 'first': 'Nicole', 'last': 'Parker'}, 'location': {'street': {'number': 8904, 'name': 'Pecan Acres Ln'}, 'city': 'New York', 'state': 'Calif...</msg>
<var>${json_data}</var>
<arg>${response.json()}</arg>
<doc>Returns the given values which can then be assigned to a variables.</doc>
<status status="PASS" start="2024-07-29T15:16:45.062605" elapsed="0.000618"/>
</kw>
<kw name="Log" owner="BuiltIn">
<msg time="2024-07-29T15:16:45.063722" level="INFO">{'results': [{'gender': 'female', 'name': {'title': 'Miss', 'first': 'Nicole', 'last': 'Parker'}, 'location': {'street': {'number': 8904, 'name': 'Pecan Acres Ln'}, 'city': 'New York', 'state': 'California', 'country': 'United States', 'postcode': 40828, 'coordinates': {'latitude': '88.3926', 'longitude': '66.8498'}, 'timezone': {'offset': '-6:00', 'description': 'Central Time (US &amp; Canada), Mexico City'}}, 'email': 'nicole.parker@example.com', 'login': {'uuid': 'ba23e991-5396-4c07-a007-67a82f792d21', 'username': 'lazykoala526', 'password': '1954', 'salt': 'mJyWcEja', 'md5': '19e3509ab7868c7fae412ceb303def94', 'sha1': '289a78c74c91b6e0920ad53d564e7a3d7b1241c6', 'sha256': '9cf8d557dbd23322b09bc3ccfdf9e267c7d90f66f8cecf7b1ac3edec2151c25f'}, 'dob': {'date': '1983-04-30T22:30:00.344Z', 'age': 41}, 'registered': {'date': '2012-12-23T06:58:56.291Z', 'age': 11}, 'phone': '(945) 381-1399', 'cell': '(836) 530-3870', 'id': {'name': 'SSN', 'value': '222-32-0346'}, 'picture': {'large': 'https://randomuser.me/api/portraits/women/12.jpg', 'medium': 'https://randomuser.me/api/portraits/med/women/12.jpg', 'thumbnail': 'https://randomuser.me/api/portraits/thumb/women/12.jpg'}, 'nat': 'US'}], 'info': {'seed': '80adf294b786e48b', 'results': 1, 'page': 1, 'version': '1.4'}}</msg>
<arg>${json_data}</arg>
<doc>Logs the given message with the given level.</doc>
<status status="PASS" start="2024-07-29T15:16:45.063560" elapsed="0.000214"/>
</kw>
<kw name="Should Be Equal As Numbers" owner="BuiltIn">
<arg>${json_data['results'][0]['location']['postcode']}</arg>
<arg>${json_data['results'][0]['location']['postcode']}</arg>
<doc>Fails if objects are unequal after converting them to real numbers.</doc>
<status status="PASS" start="2024-07-29T15:16:45.064081" elapsed="0.000657"/>
</kw>
<kw name="Log" owner="BuiltIn">
<msg time="2024-07-29T15:16:45.065310" level="INFO">40828</msg>
<arg>${json_data['results'][0]['location']['postcode']}</arg>
<doc>Logs the given message with the given level.</doc>
<status status="PASS" start="2024-07-29T15:16:45.064966" elapsed="0.000385"/>
</kw>
<status status="PASS" start="2024-07-29T15:16:44.645125" elapsed="0.420532"/>
</kw>
<doc>Testa se os tipos de dados na resposta da API estão corretos.</doc>
<tag>testeTiposDados</tag>
<status status="PASS" start="2024-07-29T15:16:43.837383" elapsed="1.228454"/>
</test>
<test id="s1-s1-t5" name="Validar conteudo" line="35">
<kw name="Teste de Tipos de Conteudo" owner="random-user-service">
<kw name="GET On Session" owner="RequestsLibrary">
<msg time="2024-07-29T15:16:45.327778" level="INFO">GET Request : url=https://randomuser.me/api 
 path_url=/api 
 headers={'User-Agent': 'python-requests/2.32.3', 'Accept-Encoding': 'gzip, deflate', 'Accept': '*/*', 'Connection': 'keep-alive'} 
 body=None 
 </msg>
<msg time="2024-07-29T15:16:45.327905" level="INFO">GET Response : url=https://randomuser.me/api 
 status=200, reason=OK 
 headers={'Date': 'Mon, 29 Jul 2024 15:16:45 GMT', 'Content-Type': 'application/json; charset=utf-8', 'Transfer-Encoding': 'chunked', 'Connection': 'keep-alive', 'X-Powered-By': 'Express', 'Access-Control-Allow-Origin': '*', 'Cache-Control': 'no-cache', 'ETag': 'W/"496-AYi44AZaYT+hVOMFkXfUAxZ2eHM"', 'Vary': 'Accept-Encoding', 'Content-Encoding': 'gzip', 'CF-Cache-Status': 'DYNAMIC', 'Report-To': '{"endpoints":[{"url":"https:\\/\\/a.nel.cloudflare.com\\/report\\/v4?s=9jISUkZO7c8Mul2TD%2FXFEOvm74cgYUNs4OtwX8uhycwTfJyz7jtsRUnjN9YlW10gPOpBOflYHhv%2BbQyrqUYArmOEasl7p1cHbgIGjYcW0qYGbCODGW%2BM6vP1nC%2FMikHh"}],"group":"cf-nel","max_age":604800}', 'NEL': '{"success_fraction":0,"report_to":"cf-nel","max_age":604800}', 'Server': 'cloudflare', 'CF-RAY': '8aae1265b9b881b8-IAD', 'alt-svc': 'h3=":443"; ma=86400'} 
 body={"results":[{"gender":"male","name":{"title":"Mr","first":"Leal","last":"Novaes"},"location":{"street":{"number":8267,"name":"Avenida D. Pedro Ii"},"city":"Blumenau","state":"Amapá","country":"Brazil","postcode":91235,"coordinates":{"latitude":"-79.2749","longitude":"-144.1087"},"timezone":{"offset":"+3:00","description":"Baghdad, Riyadh, Moscow, St. Petersburg"}},"email":"leal.novaes@example.com","login":{"uuid":"9b8d021e-8af0-46a0-a9c4-904766decc7f","username":"silverfish615","password":"milk","salt":"GO9ayNd6","md5":"1e21a1bb5bd26a13f4cf7f6efd6a7ba3","sha1":"e7470c46ac2ffd1c5a8c8aceebdc7c9865e292e7","sha256":"bfd854b33f8a66fc3731a29eb1522a5219fd7ff77cd46d088595c33770a03886"},"dob":{"date":"1946-08-04T23:27:26.451Z","age":77},"registered":{"date":"2007-11-02T23:57:49.428Z","age":16},"phone":"(43) 8977-4981","cell":"(89) 0764-4019","id":{"name":"CPF","value":"892.365.627-63"},"picture":{"large":"https://randomuser.me/api/portraits/men/48.jpg","medium":"https://randomuser.me/api/portraits/med/men/48.jpg","thumbnail":"https://randomuser.me/api/portraits/thumb/men/48.jpg"},"nat":"BR"}],"info":{"seed":"93f0138c03537b7c","results":1,"page":1,"version":"1.4"}} 
 </msg>
<msg time="2024-07-29T15:16:45.328002" level="INFO">/opt/hostedtoolcache/Python/3.12.4/x64/lib/python3.12/site-packages/urllib3/connectionpool.py:1099: InsecureRequestWarning: Unverified HTTPS request is being made to host 'randomuser.me'. Adding certificate verification is strongly advised. See: https://urllib3.readthedocs.io/en/latest/advanced-usage.html#tls-warnings
  warnings.warn(</msg>
<msg time="2024-07-29T15:16:45.328125" level="INFO">${response} = &lt;Response [200]&gt;</msg>
<var>${response}</var>
<arg>consultarAPI</arg>
<arg>/api</arg>
<doc>Sends a GET request on a previously created HTTP Session.</doc>
<status status="PASS" start="2024-07-29T15:16:45.068317" elapsed="0.259848"/>
</kw>
<kw name="Set Variable" owner="BuiltIn">
<msg time="2024-07-29T15:16:45.329276" level="INFO">${json_data} = {'results': [{'gender': 'male', 'name': {'title': 'Mr', 'first': 'Leal', 'last': 'Novaes'}, 'location': {'street': {'number': 8267, 'name': 'Avenida D. Pedro Ii'}, 'city': 'Blumenau', 'state': 'Amapá'...</msg>
<var>${json_data}</var>
<arg>${response.json()}</arg>
<doc>Returns the given values which can then be assigned to a variables.</doc>
<status status="PASS" start="2024-07-29T15:16:45.328718" elapsed="0.000586"/>
</kw>
<kw name="Set Variable" owner="BuiltIn">
<msg time="2024-07-29T15:16:45.330058" level="INFO">${name_title} = Mr</msg>
<var>${name_title}</var>
<arg>${json_data["results"][0]["name"]["title"]}</arg>
<doc>Returns the given values which can then be assigned to a variables.</doc>
<status status="PASS" start="2024-07-29T15:16:45.329667" elapsed="0.000418"/>
</kw>
<kw name="Create List" owner="BuiltIn">
<msg time="2024-07-29T15:16:45.330535" level="INFO">${allowed_titles} = ['Mr', 'Ms', 'Miss', 'Mrs', 'Madame', 'Monsieur']</msg>
<var>${allowed_titles}</var>
<arg>Mr</arg>
<arg>Ms</arg>
<arg>Miss</arg>
<arg>Mrs</arg>
<arg>Madame</arg>
<arg>Monsieur</arg>
<doc>Returns a list containing given items.</doc>
<status status="PASS" start="2024-07-29T15:16:45.330382" elapsed="0.000178"/>
</kw>
<kw name="List Should Contain Value" owner="Collections">
<arg>${allowed_titles}</arg>
<arg>${name_title}</arg>
<doc>Fails if the ``value`` is not found from ``list``.</doc>
<status status="PASS" start="2024-07-29T15:16:45.330863" elapsed="0.000182"/>
</kw>
<kw name="Set Variable" owner="BuiltIn">
<msg time="2024-07-29T15:16:45.331603" level="INFO">${name_country} = BR</msg>
<var>${name_country}</var>
<arg>${json_data["results"][0]["nat"]}</arg>
<doc>Returns the given values which can then be assigned to a variables.</doc>
<status status="PASS" start="2024-07-29T15:16:45.331223" elapsed="0.000405"/>
</kw>
<kw name="Create List" owner="BuiltIn">
<msg time="2024-07-29T15:16:45.332507" level="INFO">${list_country} = ['AD', 'AE', 'AF', 'AG', 'AI', 'AL', 'AM', 'AO', 'AQ', 'AR', 'AS', 'AT', 'AU', 'AW', 'AX', 'AZ', 'BA', 'BB', 'BD', 'BE', 'BF', 'BG', 'BH', 'BI', 'BJ', 'BL', 'BM', 'BN', 'BO', 'BQ', 'BR', 'BS', 'BT', '...</msg>
<var>${list_country}</var>
<arg>AD</arg>
<arg>AE</arg>
<arg>AF</arg>
<arg>AG</arg>
<arg>AI</arg>
<arg>AL</arg>
<arg>AM</arg>
<arg>AO</arg>
<arg>AQ</arg>
<arg>AR</arg>
<arg>AS</arg>
<arg>AT</arg>
<arg>AU</arg>
<arg>AW</arg>
<arg>AX</arg>
<arg>AZ</arg>
<arg>BA</arg>
<arg>BB</arg>
<arg>BD</arg>
<arg>BE</arg>
<arg>BF</arg>
<arg>BG</arg>
<arg>BH</arg>
<arg>BI</arg>
<arg>BJ</arg>
<arg>BL</arg>
<arg>BM</arg>
<arg>BN</arg>
<arg>BO</arg>
<arg>BQ</arg>
<arg>BR</arg>
<arg>BS</arg>
<arg>BT</arg>
<arg>BV</arg>
<arg>BW</arg>
<arg>BY</arg>
<arg>BZ</arg>
<arg>CA</arg>
<arg>CC</arg>
<arg>CD</arg>
<arg>CF</arg>
<arg>CG</arg>
<arg>CH</arg>
<arg>CI</arg>
<arg>CK</arg>
<arg>CL</arg>
<arg>CM</arg>
<arg>CN</arg>
<arg>CO</arg>
<arg>CR</arg>
<arg>CU</arg>
<arg>CV</arg>
<arg>CW</arg>
<arg>CX</arg>
<arg>CY</arg>
<arg>CZ</arg>
<arg>DE</arg>
<arg>DJ</arg>
<arg>DK</arg>
<arg>DM</arg>
<arg>DO</arg>
<arg>DZ</arg>
<arg>EC</arg>
<arg>EE</arg>
<arg>EG</arg>
<arg>EH</arg>
<arg>ER</arg>
<arg>ES</arg>
<arg>ET</arg>
<arg>FI</arg>
<arg>FJ</arg>
<arg>FK</arg>
<arg>FM</arg>
<arg>FO</arg>
<arg>FR</arg>
<arg>GA</arg>
<arg>GB</arg>
<arg>GD</arg>
<arg>GE</arg>
<arg>GF</arg>
<arg>GG</arg>
<arg>GH</arg>
<arg>GI</arg>
<arg>GL</arg>
<arg>GM</arg>
<arg>GN</arg>
<arg>GP</arg>
<arg>GQ</arg>
<arg>GR</arg>
<arg>GS</arg>
<arg>GT</arg>
<arg>GU</arg>
<arg>GW</arg>
<arg>GY</arg>
<arg>HK</arg>
<arg>HM</arg>
<arg>HN</arg>
<arg>HR</arg>
<arg>HT</arg>
<arg>HU</arg>
<arg>ID</arg>
<arg>IE</arg>
<arg>IL</arg>
<arg>IM</arg>
<arg>IN</arg>
<arg>IO</arg>
<arg>IQ</arg>
<arg>IR</arg>
<arg>IS</arg>
<arg>IT</arg>
<arg>JE</arg>
<arg>JM</arg>
<arg>JO</arg>
<arg>JP</arg>
<arg>KE</arg>
<arg>KG</arg>
<arg>KH</arg>
<arg>KI</arg>
<arg>KM</arg>
<arg>KN</arg>
<arg>KP</arg>
<arg>KR</arg>
<arg>KW</arg>
<arg>KY</arg>
<arg>KZ</arg>
<arg>LA</arg>
<arg>LB</arg>
<arg>LC</arg>
<arg>LI</arg>
<arg>LK</arg>
<arg>LR</arg>
<arg>LS</arg>
<arg>LT</arg>
<arg>LU</arg>
<arg>LV</arg>
<arg>LY</arg>
<arg>MA</arg>
<arg>MC</arg>
<arg>MD</arg>
<arg>ME</arg>
<arg>MF</arg>
<arg>MG</arg>
<arg>MH</arg>
<arg>MK</arg>
<arg>ML</arg>
<arg>MM</arg>
<arg>MN</arg>
<arg>MO</arg>
<arg>MP</arg>
<arg>MQ</arg>
<arg>MR</arg>
<arg>MS</arg>
<arg>MT</arg>
<arg>MU</arg>
<arg>MV</arg>
<arg>MW</arg>
<arg>MX</arg>
<arg>MY</arg>
<arg>MZ</arg>
<arg>NA</arg>
<arg>NC</arg>
<arg>NE</arg>
<arg>NF</arg>
<arg>NG</arg>
<arg>NI</arg>
<arg>NL</arg>
<arg>NO</arg>
<arg>NP</arg>
<arg>NR</arg>
<arg>NU</arg>
<arg>NZ</arg>
<arg>OM</arg>
<arg>PA</arg>
<arg>PE</arg>
<arg>PF</arg>
<arg>PG</arg>
<arg>PH</arg>
<arg>PK</arg>
<arg>PL</arg>
<arg>PM</arg>
<arg>PN</arg>
<arg>PR</arg>
<arg>PS</arg>
<arg>PT</arg>
<arg>PW</arg>
<arg>PY</arg>
<arg>QA</arg>
<arg>RE</arg>
<arg>RO</arg>
<arg>RS</arg>
<arg>RU</arg>
<arg>RW</arg>
<arg>SA</arg>
<arg>SB</arg>
<arg>SC</arg>
<arg>SD</arg>
<arg>SE</arg>
<arg>SG</arg>
<arg>SH</arg>
<arg>SI</arg>
<arg>SJ</arg>
<arg>SK</arg>
<arg>SL</arg>
<arg>SM</arg>
<arg>SN</arg>
<arg>SO</arg>
<arg>SR</arg>
<arg>SS</arg>
<arg>ST</arg>
<arg>SV</arg>
<arg>SX</arg>
<arg>SY</arg>
<arg>SZ</arg>
<arg>TC</arg>
<arg>TD</arg>
<arg>TF</arg>
<arg>TG</arg>
<arg>TH</arg>
<arg>TJ</arg>
<arg>TK</arg>
<arg>TL</arg>
<arg>TM</arg>
<arg>TN</arg>
<arg>TO</arg>
<arg>TR</arg>
<arg>TT</arg>
<arg>TV</arg>
<arg>TW</arg>
<arg>TZ</arg>
<arg>UA</arg>
<arg>UG</arg>
<arg>UM</arg>
<arg>US</arg>
<arg>UY</arg>
<arg>UZ</arg>
<arg>VA</arg>
<arg>VC</arg>
<arg>VE</arg>
<arg>VG</arg>
<arg>VI</arg>
<arg>VN</arg>
<arg>VU</arg>
<arg>WF</arg>
<arg>WS</arg>
<arg>XK</arg>
<arg>YE</arg>
<arg>YT</arg>
<arg>ZA</arg>
<arg>ZM</arg>
<arg>ZW</arg>
<doc>Returns a list containing given items.</doc>
<status status="PASS" start="2024-07-29T15:16:45.331915" elapsed="0.000617"/>
</kw>
<kw name="List Should Contain Value" owner="Collections">
<arg>${list_country}</arg>
<arg>${name_country}</arg>
<doc>Fails if the ``value`` is not found from ``list``.</doc>
<status status="PASS" start="2024-07-29T15:16:45.333519" elapsed="0.000238"/>
</kw>
<kw name="Run Keyword If" owner="BuiltIn">
<kw name="Should Be True" owner="BuiltIn">
<arg>${True}</arg>
<doc>Fails if the given condition is not true.</doc>
<status status="PASS" start="2024-07-29T15:16:45.334721" elapsed="0.000145"/>
</kw>
<arg>${json_data["results"][0]["location"]["coordinates"]["latitude"]} &gt;= -90 and ${json_data["results"][0]["location"]["coordinates"]["latitude"]} &lt;= 90</arg>
<arg>Should Be True</arg>
<arg>${True}</arg>
<doc>Runs the given keyword with the given arguments, if ``condition`` is true.</doc>
<status status="PASS" start="2024-07-29T15:16:45.333958" elapsed="0.001034"/>
</kw>
<kw name="Run Keyword If" owner="BuiltIn">
<kw name="Should Be True" owner="BuiltIn">
<arg>${True}</arg>
<doc>Fails if the given condition is not true.</doc>
<status status="PASS" start="2024-07-29T15:16:45.335876" elapsed="0.000138"/>
</kw>
<arg>${json_data["results"][0]["location"]["coordinates"]["longitude"]} &gt;= -180 and ${json_data["results"][0]["location"]["coordinates"]["longitude"]} &lt;= 180</arg>
<arg>Should Be True</arg>
<arg>${True}</arg>
<doc>Runs the given keyword with the given arguments, if ``condition`` is true.</doc>
<status status="PASS" start="2024-07-29T15:16:45.335177" elapsed="0.000961"/>
</kw>
<status status="PASS" start="2024-07-29T15:16:45.068090" elapsed="0.268181"/>
</kw>
<doc>Testa o conteúdo específico dos campos retornados pela API.</doc>
<tag>testeConteudo</tag>
<status status="PASS" start="2024-07-29T15:16:45.067601" elapsed="0.268826"/>
</test>
<status status="PASS" start="2024-07-29T15:16:39.014309" elapsed="6.324119"/>
</suite>
<status status="PASS" start="2024-07-29T15:16:38.999318" elapsed="6.344486"/>
</suite>
<statistics>
<total>
<stat pass="5" fail="0" skip="0">All Tests</stat>
</total>
<tag>
<stat pass="1" fail="0" skip="0">testeConteudo</stat>
<stat pass="1" fail="0" skip="0">testeEstruturaResposta</stat>
<stat pass="1" fail="0" skip="0">testeRequisicaoBasica</stat>
<stat pass="1" fail="0" skip="0">testeTiposDados</stat>
</tag>
<suite>
<stat pass="5" fail="0" skip="0" id="s1" name="Tests">Tests</stat>
<stat pass="5" fail="0" skip="0" id="s1-s1" name="Random-User-Test">Tests.Random-User-Test</stat>
</suite>
</statistics>
<errors>
</errors>
</robot>
